Seq Scan on cast_info ci  (cost=0.00..796071.18 rows=1087500 width=0) (actual time=13025.312..14027.789 rows=1097707 loops=1)
  Filter: ((person_id > 1330055) AND (role_id = 8))
  Rows Removed by Filter: 35146637
Planning time: 2.166 ms
Execution time: 14164.509 ms
