Hash Join  (cost=74644.48..166227.21 rows=60474 width=0) (actual time=1201.216..3572.494 rows=237877 loops=1)
  Hash Cond: (mk.movie_id = t.id)
  ->  Seq Scan on movie_keyword mk  (cost=0.00..81003.12 rows=2659964 width=4) (actual time=0.012..1521.163 rows=2653901 loops=1)
        Filter: (keyword_id < 7359)
        Rows Removed by Filter: 1870029
  ->  Hash  (cost=73925.90..73925.90 rows=57486 width=4) (actual time=1178.410..1178.410 rows=149635 loops=1)
        Buckets: 131072 (originally 65536)  Batches: 2 (originally 1)  Memory Usage: 3652kB
        ->  Seq Scan on title t  (cost=0.00..73925.90 rows=57486 width=4) (actual time=0.019..1121.934 rows=149635 loops=1)
              Filter: ((kind_id < 7) AND (production_year < 1944))
              Rows Removed by Filter: 2378677
Planning time: 0.528 ms
Execution time: 3603.501 ms
