Hash Join  (cost=83074.74..900045.96 rows=542 width=0) (actual time=1336.164..16984.644 rows=6949 loops=1)
  Hash Cond: (ci.movie_id = t.id)
  ->  Seq Scan on cast_info ci  (cost=0.00..796071.18 rows=5571897 width=4) (actual time=0.025..14602.538 rows=7428705 loops=1)
        Filter: ((person_id > 1460493) AND (role_id > 4))
        Rows Removed by Filter: 28815639
  ->  Hash  (cost=83071.67..83071.67 rows=246 width=8) (actual time=1334.860..1334.860 rows=364 loops=1)
        Buckets: 1024  Batches: 1  Memory Usage: 23kB
        ->  Nested Loop  (cost=0.43..83071.67 rows=246 width=8) (actual time=1.525..1334.499 rows=364 loops=1)
              ->  Seq Scan on movie_keyword mk  (cost=0.00..81003.12 rows=246 width=4) (actual time=1.475..1310.391 rows=364 loops=1)
                    Filter: (keyword_id = 6493)
                    Rows Removed by Filter: 4523566
              ->  Index Only Scan using title_pkey on title t  (cost=0.43..8.40 rows=1 width=4) (actual time=0.063..0.064 rows=1 loops=364)
                    Index Cond: (id = mk.movie_id)
                    Heap Fetches: 364
Planning time: 1.833 ms
Execution time: 16986.640 ms
