Hash Join  (cost=215438.06..988459.99 rows=1429088 width=0) (actual time=8986.027..21715.693 rows=8468413 loops=1)
  Hash Cond: (ci.movie_id = t.id)
  ->  Seq Scan on cast_info ci  (cost=0.00..705507.15 rows=4320508 width=4) (actual time=4292.623..13015.072 rows=4323018 loops=1)
        Filter: (role_id = 10)
        Rows Removed by Filter: 31921326
  ->  Hash  (cost=201715.59..201715.59 rows=836357 width=8) (actual time=4692.244..4692.244 rows=1097092 loops=1)
        Buckets: 131072  Batches: 16  Memory Usage: 3726kB
        ->  Hash Join  (cost=87245.25..201715.59 rows=836357 width=8) (actual time=1539.946..4382.491 rows=1097092 loops=1)
              Hash Cond: (mk.movie_id = t.id)
              ->  Seq Scan on movie_keyword mk  (cost=0.00..81003.12 rows=1766573 width=4) (actual time=0.032..1533.943 rows=1773432 loops=1)
                    Filter: (keyword_id < 2879)
                    Rows Removed by Filter: 2750498
              ->  Hash  (cost=67604.59..67604.59 rows=1197093 width=4) (actual time=1537.889..1537.889 rows=1195923 loops=1)
                    Buckets: 131072  Batches: 16  Memory Usage: 3661kB
                    ->  Seq Scan on title t  (cost=0.00..67604.59 rows=1197093 width=4) (actual time=0.020..1156.623 rows=1195923 loops=1)
                          Filter: (production_year < 2003)
                          Rows Removed by Filter: 1332389
Planning time: 1.237 ms
Execution time: 22620.117 ms
