Hash Join  (cost=166984.59..658775.09 rows=1123157 width=0) (actual time=3683.475..15588.477 rows=1277150 loops=1)
  Hash Cond: (mi.movie_id = t.id)
  ->  Seq Scan on movie_info mi  (cost=0.00..309384.22 rows=14739122 width=4) (actual time=0.009..5937.269 rows=14835720 loops=1)
  ->  Hash  (cost=163823.09..163823.09 rows=192680 width=8) (actual time=3334.846..3334.846 rows=149336 loops=1)
        Buckets: 131072  Batches: 4  Memory Usage: 2485kB
        ->  Hash Join  (cost=94574.69..163823.09 rows=192680 width=8) (actual time=2077.876..3286.355 rows=149336 loops=1)
              Hash Cond: (mc.movie_id = t.id)
              ->  Seq Scan on movie_companies mc  (cost=0.00..57926.93 rows=387111 width=4) (actual time=278.263..903.720 rows=707136 loops=1)
                    Filter: ((company_id > 34677) AND (company_type_id = 2))
                    Rows Removed by Filter: 1901993
              ->  Hash  (cost=73925.90..73925.90 rows=1258543 width=4) (actual time=1798.525..1798.525 rows=1221534 loops=1)
                    Buckets: 131072  Batches: 32  Memory Usage: 2363kB
                    ->  Seq Scan on title t  (cost=0.00..73925.90 rows=1258543 width=4) (actual time=0.039..1408.208 rows=1221534 loops=1)
                          Filter: ((production_year < 2011) AND (kind_id = 7))
                          Rows Removed by Filter: 1306778
Planning time: 0.856 ms
Execution time: 15750.460 ms
