Seq Scan on movie_keyword mk  (cost=0.00..81003.12 rows=3265775 width=0) (actual time=0.024..1492.652 rows=3255231 loops=1)
  Filter: (keyword_id < 14056)
  Rows Removed by Filter: 1268699
Planning time: 0.238 ms
Execution time: 1899.719 ms
