Seq Scan on movie_keyword mk  (cost=0.00..81003.12 rows=1867029 width=0) (actual time=0.023..1528.916 rows=1876159 loops=1)
  Filter: (keyword_id < 3190)
  Rows Removed by Filter: 2647771
Planning time: 0.296 ms
Execution time: 1763.345 ms
