Seq Scan on movie_keyword mk  (cost=0.00..81003.12 rows=4334190 width=0) (actual time=0.025..1572.130 rows=4331357 loops=1)
  Filter: (keyword_id < 70196)
  Rows Removed by Filter: 192573
Planning time: 0.347 ms
Execution time: 2093.464 ms
