Hash Join  (cost=124684.46..922581.12 rows=12508 width=0) (actual time=4247.158..13531.914 rows=2 loops=1)
  Hash Cond: (ci.movie_id = t.id)
  ->  Seq Scan on cast_info ci  (cost=0.00..796071.18 rows=453440 width=4) (actual time=1929.805..11279.823 rows=273 loops=1)
        Filter: ((person_id < 214103) AND (role_id = 2))
        Rows Removed by Filter: 36244071
  ->  Hash  (cost=123812.57..123812.57 rows=69751 width=8) (actual time=2250.972..2250.972 rows=65578 loops=1)
        Buckets: 131072  Batches: 1  Memory Usage: 3586kB
        ->  Hash Join  (cost=68449.54..123812.57 rows=69751 width=8) (actual time=858.235..2226.617 rows=65578 loops=1)
              Hash Cond: (mc.movie_id = t.id)
              ->  Seq Scan on movie_companies mc  (cost=0.00..44881.29 rows=2609129 width=4) (actual time=0.025..645.573 rows=2609129 loops=1)
              ->  Hash  (cost=67604.59..67604.59 rows=67596 width=4) (actual time=857.555..857.555 rows=67777 loops=1)
                    Buckets: 131072  Batches: 1  Memory Usage: 3407kB
                    ->  Seq Scan on title t  (cost=0.00..67604.59 rows=67596 width=4) (actual time=0.019..831.263 rows=67777 loops=1)
                          Filter: (production_year = 2003)
                          Rows Removed by Filter: 2460535
Planning time: 1.200 ms
Execution time: 13532.546 ms
