Hash Join  (cost=83073.10..833871.57 rows=930 width=0) (actual time=1255.192..17597.708 rows=60205 loops=1)
  Hash Cond: (ci.movie_id = t.id)
  ->  Seq Scan on cast_info ci  (cost=0.00..614943.12 rows=36225612 width=4) (actual time=0.014..8934.768 rows=36244344 loops=1)
  ->  Hash  (cost=83072.29..83072.29 rows=65 width=8) (actual time=1254.884..1254.884 rows=803 loops=1)
        Buckets: 1024  Batches: 1  Memory Usage: 40kB
        ->  Nested Loop  (cost=0.43..83072.29 rows=65 width=8) (actual time=3.671..1254.282 rows=803 loops=1)
              ->  Seq Scan on movie_keyword mk  (cost=0.00..81003.12 rows=246 width=4) (actual time=2.202..1200.466 rows=1102 loops=1)
                    Filter: (keyword_id = 2707)
                    Rows Removed by Filter: 4522828
              ->  Index Scan using title_pkey on title t  (cost=0.43..8.40 rows=1 width=4) (actual time=0.047..0.047 rows=1 loops=1102)
                    Index Cond: (id = mk.movie_id)
                    Filter: (kind_id = 1)
                    Rows Removed by Filter: 0
Planning time: 1.198 ms
Execution time: 17611.838 ms
