Seq Scan on movie_keyword mk  (cost=0.00..81003.12 rows=246 width=0) (actual time=0.218..1219.352 rows=3076 loops=1)
  Filter: (keyword_id = 2199)
  Rows Removed by Filter: 4520854
Planning time: 0.347 ms
Execution time: 1220.311 ms
