Nested Loop  (cost=0.43..709671.90 rows=500 width=0) (actual time=4640.853..11103.942 rows=5 loops=1)
  ->  Seq Scan on cast_info ci  (cost=0.00..705507.15 rows=500 width=4) (actual time=4640.324..11103.259 rows=5 loops=1)
        Filter: (person_id = 1504829)
        Rows Removed by Filter: 36244339
  ->  Index Only Scan using title_pkey on title t  (cost=0.43..8.32 rows=1 width=4) (actual time=0.039..0.040 rows=1 loops=5)
        Index Cond: (id = ci.movie_id)
        Heap Fetches: 5
Planning time: 0.688 ms
Execution time: 11104.027 ms
