Nested Loop  (cost=0.43..72463.30 rows=705 width=0) (actual time=422.644..973.860 rows=22 loops=1)
  ->  Seq Scan on movie_companies mc  (cost=0.00..57926.93 rows=1817 width=4) (actual time=393.271..907.652 rows=1989 loops=1)
        Filter: ((company_type_id > 1) AND (company_id = 69))
        Rows Removed by Filter: 2607140
  ->  Index Scan using title_pkey on title t  (cost=0.43..7.99 rows=1 width=4) (actual time=0.033..0.033 rows=0 loops=1989)
        Index Cond: (id = mc.movie_id)
        Filter: ((production_year > 1995) AND (kind_id = 7))
        Rows Removed by Filter: 1
Planning time: 0.907 ms
Execution time: 973.969 ms
