Hash Join  (cost=161727.65..513295.47 rows=28028 width=0) (actual time=3184.037..8764.861 rows=96199 loops=1)
  Hash Cond: (mi.movie_id = t.id)
  ->  Seq Scan on movie_info mi  (cost=0.00..346232.03 rows=1348138 width=4) (actual time=46.607..5087.080 rows=1298989 loops=1)
        Filter: (info_type_id = 4)
        Rows Removed by Filter: 13536731
  ->  Hash  (cost=161070.54..161070.54 rows=52569 width=8) (actual time=3136.940..3136.940 rows=112946 loops=1)
        Buckets: 131072 (originally 65536)  Batches: 2 (originally 1)  Memory Usage: 3236kB
        ->  Hash Join  (cost=96184.51..161070.54 rows=52569 width=8) (actual time=1969.285..3094.436 rows=112946 loops=1)
              Hash Cond: (mc.movie_id = t.id)
              ->  Seq Scan on movie_companies mc  (cost=0.00..57926.93 rows=97976 width=4) (actual time=28.327..818.606 rows=157809 loops=1)
                    Filter: ((company_id < 56) AND (company_type_id < 2))
                    Rows Removed by Filter: 2451320
              ->  Hash  (cost=73925.90..73925.90 rows=1356688 width=4) (actual time=1939.381..1939.381 rows=1327781 loops=1)
                    Buckets: 131072  Batches: 32  Memory Usage: 2479kB
                    ->  Seq Scan on title t  (cost=0.00..73925.90 rows=1356688 width=4) (actual time=351.675..1515.477 rows=1327781 loops=1)
                          Filter: ((production_year < 2012) AND (kind_id = 7))
                          Rows Removed by Filter: 1200531
Planning time: 3.497 ms
Execution time: 8777.314 ms
