Hash Join  (cost=98137.04..226192.35 rows=1451408 width=0) (actual time=1845.377..4931.649 rows=723241 loops=1)
  Hash Cond: (mk.movie_id = t.id)
  ->  Seq Scan on movie_keyword mk  (cost=0.00..81003.12 rows=1972022 width=4) (actual time=0.025..1647.874 rows=1981036 loops=1)
        Filter: (keyword_id > 6380)
        Rows Removed by Filter: 2542894
  ->  Hash  (cost=67604.59..67604.59 rows=1860996 width=4) (actual time=1843.472..1843.472 rows=1865487 loops=1)
        Buckets: 131072  Batches: 32  Memory Usage: 3085kB
        ->  Seq Scan on title t  (cost=0.00..67604.59 rows=1860996 width=4) (actual time=0.028..1228.223 rows=1865487 loops=1)
              Filter: (kind_id > 1)
              Rows Removed by Filter: 662825
Planning time: 0.786 ms
Execution time: 5021.649 ms
