Seq Scan on movie_companies mc  (cost=0.00..51404.11 rows=912996 width=0) (actual time=0.019..914.382 rows=911749 loops=1)
  Filter: (company_id < 3070)
  Rows Removed by Filter: 1697380
Planning time: 0.453 ms
Execution time: 1030.139 ms
