Hash Join  (cost=102767.86..287061.79 rows=3882019 width=0) (actual time=1814.578..6670.210 rows=3869840 loops=1)
  Hash Cond: (mk.movie_id = t.id)
  ->  Seq Scan on movie_keyword mk  (cost=0.00..81003.12 rows=3882019 width=4) (actual time=0.021..1741.094 rows=3869840 loops=1)
        Filter: (keyword_id < 28773)
        Rows Removed by Filter: 654090
  ->  Hash  (cost=61283.27..61283.27 rows=2528527 width=4) (actual time=1813.481..1813.481 rows=2528312 loops=1)
        Buckets: 131072  Batches: 64  Memory Usage: 2425kB
        ->  Seq Scan on title t  (cost=0.00..61283.27 rows=2528527 width=4) (actual time=0.038..978.239 rows=2528312 loops=1)
Planning time: 1.060 ms
Execution time: 7099.056 ms
