Hash Join  (cost=104818.80..1421567.70 rows=24806963 width=0) (actual time=2659.028..42632.863 rows=25874968 loops=1)
  Hash Cond: (ci.movie_id = t.id)
  ->  Seq Scan on cast_info ci  (cost=0.00..705507.15 rows=27653425 width=4) (actual time=535.043..16176.492 rows=27758030 loops=1)
        Filter: (role_id < 6)
        Rows Removed by Filter: 8486314
  ->  Hash  (cost=67604.59..67604.59 rows=2268257 width=4) (actual time=2123.069..2123.069 rows=2261229 loops=1)
        Buckets: 131072  Batches: 32  Memory Usage: 3511kB
        ->  Seq Scan on title t  (cost=0.00..67604.59 rows=2268257 width=4) (actual time=0.026..1380.661 rows=2261229 loops=1)
              Filter: (production_year > 1954)
              Rows Removed by Filter: 267083
Planning time: 0.760 ms
Execution time: 45615.780 ms
