Hash Join  (cost=124000.71..201819.26 rows=200802 width=0) (actual time=3035.255..5332.815 rows=1609472 loops=1)
  Hash Cond: (mc.movie_id = t.id)
  ->  Seq Scan on movie_companies mc  (cost=0.00..44881.29 rows=2609129 width=4) (actual time=0.018..925.530 rows=2609129 loops=1)
  ->  Hash  (cost=120807.23..120807.23 rows=194599 width=8) (actual time=2751.109..2751.109 rows=434269 loops=1)
        Buckets: 131072 (originally 131072)  Batches: 8 (originally 4)  Memory Usage: 3152kB
        ->  Hash Join  (cost=79775.76..120807.23 rows=194599 width=8) (actual time=1613.019..2611.025 rows=434269 loops=1)
              Hash Cond: (mi_idx.movie_id = t.id)
              ->  Seq Scan on movie_info_idx mi_idx  (cost=0.00..21735.35 rows=1380035 width=4) (actual time=0.238..473.506 rows=1380035 loops=1)
              ->  Hash  (cost=73925.90..73925.90 rows=356548 width=4) (actual time=1331.087..1331.087 rows=424572 loops=1)
                    Buckets: 131072  Batches: 8  Memory Usage: 2898kB
                    ->  Seq Scan on title t  (cost=0.00..73925.90 rows=356548 width=4) (actual time=302.612..1201.471 rows=424572 loops=1)
                          Filter: ((kind_id < 2) AND (production_year < 2005))
                          Rows Removed by Filter: 2103740
Planning time: 7.247 ms
Execution time: 5514.470 ms
