Seq Scan on cast_info ci  (cost=0.00..705507.15 rows=35728863 width=0) (actual time=0.023..13631.510 rows=35827185 loops=1)
  Filter: (person_id > 47210)
  Rows Removed by Filter: 417159
Planning time: 0.323 ms
Execution time: 17973.851 ms
