Hash Join  (cost=166128.37..697536.12 rows=4836084 width=0) (actual time=3679.621..17879.607 rows=6690630 loops=1)
  Hash Cond: (mi.movie_id = t.id)
  ->  Seq Scan on movie_info mi  (cost=0.00..309384.22 rows=14739122 width=4) (actual time=0.012..5729.316 rows=14835720 loops=1)
  ->  Hash  (cost=152516.87..152516.87 rows=829640 width=8) (actual time=3676.917..3676.917 rows=671022 loops=1)
        Buckets: 131072  Batches: 16  Memory Usage: 2684kB
        ->  Hash Join  (cost=98864.94..152516.87 rows=829640 width=8) (actual time=1958.056..3474.812 rows=671022 loops=1)
              Hash Cond: (mi_idx.movie_id = t.id)
              ->  Seq Scan on movie_info_idx mi_idx  (cost=0.00..21735.35 rows=1380035 width=4) (actual time=0.022..419.838 rows=1380035 loops=1)
              ->  Hash  (cost=73925.90..73925.90 rows=1520083 width=4) (actual time=1956.706..1956.706 rows=1507233 loops=1)
                    Buckets: 131072  Batches: 32  Memory Usage: 2679kB
                    ->  Seq Scan on title t  (cost=0.00..73925.90 rows=1520083 width=4) (actual time=0.013..1477.073 rows=1507233 loops=1)
                          Filter: ((kind_id > 1) AND (production_year < 2011))
                          Rows Removed by Filter: 1021079
Planning time: 1.197 ms
Execution time: 18597.832 ms
