Seq Scan on movie_keyword mk  (cost=0.00..81003.12 rows=4077147 width=0) (actual time=0.026..1453.059 rows=4078300 loops=1)
  Filter: (keyword_id < 39781)
  Rows Removed by Filter: 445630
Planning time: 0.333 ms
Execution time: 1937.302 ms
