Seq Scan on cast_info ci  (cost=0.00..705507.15 rows=500 width=0) (actual time=2368.913..11444.781 rows=691 loops=1)
  Filter: (person_id = 1176375)
  Rows Removed by Filter: 36243653
Planning time: 0.338 ms
Execution time: 11444.945 ms
