Hash Join  (cost=290109.59..936591.84 rows=13894142 width=0) (actual time=6648.276..49181.358 rows=118406434 loops=1)
  Hash Cond: (mi.movie_id = t.id)
  ->  Seq Scan on movie_info mi  (cost=0.00..309384.22 rows=14739122 width=4) (actual time=0.015..6324.585 rows=14835720 loops=1)
  ->  Hash  (cost=251003.98..251003.98 rows=2383569 width=8) (actual time=6646.270..6646.270 rows=2384314 loops=1)
        Buckets: 131072  Batches: 32  Memory Usage: 4000kB
        ->  Hash Join  (cost=102767.86..251003.98 rows=2383569 width=8) (actual time=1968.420..5961.876 rows=2384314 loops=1)
              Hash Cond: (mk.movie_id = t.id)
              ->  Seq Scan on movie_keyword mk  (cost=0.00..81003.12 rows=2383569 width=4) (actual time=0.018..1727.981 rows=2384314 loops=1)
                    Filter: (keyword_id < 5489)
                    Rows Removed by Filter: 2139616
              ->  Hash  (cost=61283.27..61283.27 rows=2528527 width=4) (actual time=1966.937..1966.937 rows=2528312 loops=1)
                    Buckets: 131072  Batches: 64  Memory Usage: 2425kB
                    ->  Seq Scan on title t  (cost=0.00..61283.27 rows=2528527 width=4) (actual time=0.013..1104.194 rows=2528312 loops=1)
Planning time: 2.245 ms
Execution time: 62054.448 ms
