Hash Join  (cost=120547.75..609081.42 rows=817874 width=0) (actual time=2638.460..16713.223 rows=7328943 loops=1)
  Hash Cond: (mi.movie_id = t.id)
  ->  Seq Scan on movie_info mi  (cost=0.00..309384.22 rows=14739122 width=4) (actual time=0.019..5827.092 rows=14835720 loops=1)
  ->  Hash  (cost=118244.90..118244.90 rows=140308 width=8) (actual time=2637.505..2637.505 rows=346340 loops=1)
        Buckets: 131072 (originally 131072)  Batches: 8 (originally 2)  Memory Usage: 3073kB
        ->  Hash Join  (cost=78144.34..118244.90 rows=140308 width=8) (actual time=1308.429..2522.227 rows=346340 loops=1)
              Hash Cond: (mi_idx.movie_id = t.id)
              ->  Seq Scan on movie_info_idx mi_idx  (cost=0.00..21735.35 rows=1380035 width=4) (actual time=0.009..441.324 rows=1380035 loops=1)
              ->  Hash  (cost=73925.90..73925.90 rows=257075 width=4) (actual time=1307.675..1307.675 rows=366618 loops=1)
                    Buckets: 131072 (originally 131072)  Batches: 8 (originally 4)  Memory Usage: 3073kB
                    ->  Seq Scan on title t  (cost=0.00..73925.90 rows=257075 width=4) (actual time=152.984..1190.883 rows=366618 loops=1)
                          Filter: ((production_year < 1999) AND (kind_id = 1))
                          Rows Removed by Filter: 2161694
Planning time: 1.174 ms
Execution time: 17557.952 ms
