Hash Join  (cost=85280.32..177604.03 rows=191454 width=0) (actual time=1730.381..3556.866 rows=253487 loops=1)
  Hash Cond: (mk.movie_id = t.id)
  ->  Seq Scan on movie_keyword mk  (cost=0.00..81003.12 rows=449344 width=4) (actual time=0.008..1364.277 rows=448341 loops=1)
        Filter: (keyword_id > 39598)
        Rows Removed by Filter: 4075589
  ->  Hash  (cost=67604.59..67604.59 rows=1077339 width=4) (actual time=1728.504..1728.504 rows=1074765 loops=1)
        Buckets: 131072  Batches: 16  Memory Usage: 3396kB
        ->  Seq Scan on title t  (cost=0.00..67604.59 rows=1077339 width=4) (actual time=0.019..1376.306 rows=1074765 loops=1)
              Filter: (production_year < 2001)
              Rows Removed by Filter: 1453547
Planning time: 0.757 ms
Execution time: 3586.414 ms
