Seq Scan on cast_info ci  (cost=0.00..796071.18 rows=16859117 width=0) (actual time=0.023..15741.228 rows=20752970 loops=1)
  Filter: ((person_id > 989559) AND (role_id > 1))
  Rows Removed by Filter: 15491374
Planning time: 0.355 ms
Execution time: 18313.565 ms
