Hash Join  (cost=839872.92..3585209.27 rows=131346407 width=0) (actual time=20910.471..125642.325 rows=288495455 loops=1)
  Hash Cond: (ci.movie_id = t.id)
  ->  Seq Scan on cast_info ci  (cost=0.00..614943.12 rows=36225612 width=4) (actual time=0.020..13718.448 rows=36244344 loops=1)
  ->  Hash  (cost=689461.12..689461.12 rows=9167904 width=8) (actual time=20909.466..20909.466 rows=8044388 loops=1)
        Buckets: 131072  Batches: 128  Memory Usage: 3475kB
        ->  Hash Join  (cost=93408.25..689461.12 rows=9167904 width=8) (actual time=2248.736..18669.166 rows=8044388 loops=1)
              Hash Cond: (mi.movie_id = t.id)
              ->  Seq Scan on movie_info mi  (cost=0.00..309384.22 rows=14739122 width=4) (actual time=0.019..6229.150 rows=14835720 loops=1)
              ->  Hash  (cost=67604.59..67604.59 rows=1572773 width=4) (actual time=2247.477..2247.477 rows=1570568 loops=1)
                    Buckets: 131072  Batches: 32  Memory Usage: 2759kB
                    ->  Seq Scan on title t  (cost=0.00..67604.59 rows=1572773 width=4) (actual time=0.065..1415.206 rows=1570568 loops=1)
                          Filter: (production_year > 1996)
                          Rows Removed by Filter: 957744
Planning time: 3.370 ms
Execution time: 155839.512 ms
