Seq Scan on movie_keyword mk  (cost=0.00..81003.12 rows=3484919 width=0) (actual time=0.030..1605.459 rows=3485142 loops=1)
  Filter: (keyword_id > 1032)
  Rows Removed by Filter: 1038788
Planning time: 0.340 ms
Execution time: 2039.873 ms
