Hash Join  (cost=74148.17..128997.17 rows=18348 width=0) (actual time=1159.633..2376.639 rows=29881 loops=1)
  Hash Cond: (mc.movie_id = t.id)
  ->  Seq Scan on movie_companies mc  (cost=0.00..44881.29 rows=2609129 width=4) (actual time=0.025..626.134 rows=2609129 loops=1)
  ->  Hash  (cost=73925.90..73925.90 rows=17781 width=4) (actual time=1159.401..1159.401 rows=13117 loops=1)
        Buckets: 32768  Batches: 1  Memory Usage: 718kB
        ->  Seq Scan on title t  (cost=0.00..73925.90 rows=17781 width=4) (actual time=0.242..1153.195 rows=13117 loops=1)
              Filter: ((kind_id < 4) AND (production_year = 2000))
              Rows Removed by Filter: 2515195
Planning time: 0.782 ms
Execution time: 2381.753 ms
