Hash Join  (cost=908695.88..2865907.25 rows=78085620 width=0) (actual time=25251.124..100098.512 rows=191561521 loops=1)
  Hash Cond: (ci.movie_id = t.id)
  ->  Seq Scan on cast_info ci  (cost=0.00..705507.15 rows=17763263 width=4) (actual time=2526.590..14475.522 rows=17879097 loops=1)
        Filter: (person_id > 1825177)
        Rows Removed by Filter: 18365247
  ->  Hash  (cost=726337.31..726337.31 rows=11115165 width=8) (actual time=22722.367..22722.367 rows=11210743 loops=1)
        Buckets: 131072  Batches: 256  Memory Usage: 2722kB
        ->  Hash Join  (cost=102767.86..726337.31 rows=11115165 width=8) (actual time=2077.380..19554.266 rows=11210743 loops=1)
              Hash Cond: (mi.movie_id = t.id)
              ->  Seq Scan on movie_info mi  (cost=0.00..346232.03 rows=11115165 width=4) (actual time=0.027..7251.387 rows=11210743 loops=1)
                    Filter: (info_type_id > 3)
                    Rows Removed by Filter: 3624977
              ->  Hash  (cost=61283.27..61283.27 rows=2528527 width=4) (actual time=2076.250..2076.250 rows=2528312 loops=1)
                    Buckets: 131072  Batches: 64  Memory Usage: 2425kB
                    ->  Seq Scan on title t  (cost=0.00..61283.27 rows=2528527 width=4) (actual time=0.013..1208.853 rows=2528312 loops=1)
Planning time: 1.455 ms
Execution time: 121846.150 ms
