Nested Loop  (cost=0.43..83071.67 rows=246 width=0) (actual time=1.681..1339.836 rows=1163 loops=1)
  ->  Seq Scan on movie_keyword mk  (cost=0.00..81003.12 rows=246 width=4) (actual time=1.609..1286.126 rows=1163 loops=1)
        Filter: (keyword_id = 555)
        Rows Removed by Filter: 4522767
  ->  Index Only Scan using title_pkey on title t  (cost=0.43..8.40 rows=1 width=4) (actual time=0.044..0.045 rows=1 loops=1163)
        Index Cond: (id = mk.movie_id)
        Heap Fetches: 1163
Planning time: 0.784 ms
Execution time: 1340.303 ms
