Hash Join  (cost=246814.65..1481090.27 rows=19515141 width=0) (actual time=5591.127..54388.713 rows=65708079 loops=1)
  Hash Cond: (ci.movie_id = t.id)
  ->  Seq Scan on cast_info ci  (cost=0.00..614943.12 rows=36225612 width=4) (actual time=0.012..13368.169 rows=36244344 loops=1)
  ->  Hash  (cost=224466.83..224466.83 rows=1362146 width=8) (actual time=5589.804..5589.804 rows=1271839 loops=1)
        Buckets: 131072  Batches: 32  Memory Usage: 2551kB
        ->  Hash Join  (cost=99591.38..224466.83 rows=1362146 width=8) (actual time=2199.307..5219.201 rows=1271839 loops=1)
              Hash Cond: (mk.movie_id = t.id)
              ->  Seq Scan on movie_keyword mk  (cost=0.00..81003.12 rows=1766573 width=4) (actual time=0.025..1500.036 rows=1773432 loops=1)
                    Filter: (keyword_id < 2879)
                    Rows Removed by Filter: 2750498
              ->  Hash  (cost=67604.59..67604.59 rows=1949663 width=4) (actual time=2197.975..2197.975 rows=1947263 loops=1)
                    Buckets: 131072  Batches: 32  Memory Usage: 3180kB
                    ->  Seq Scan on title t  (cost=0.00..67604.59 rows=1949663 width=4) (actual time=0.024..1247.617 rows=1947263 loops=1)
                          Filter: (production_year > 1979)
                          Rows Removed by Filter: 581049
Planning time: 1.118 ms
Execution time: 61989.830 ms
