Hash Join  (cost=173126.84..306550.41 rows=937453 width=0) (actual time=4381.862..13369.448 rows=26936790 loops=1)
  Hash Cond: (mk.movie_id = t.id)
  ->  Seq Scan on movie_keyword mk  (cost=0.00..69693.30 rows=4523930 width=4) (actual time=0.016..1402.043 rows=4523930 loops=1)
  ->  Hash  (cost=164530.29..164530.29 rows=523964 width=8) (actual time=4380.653..4380.653 rows=1121924 loops=1)
        Buckets: 131072 (originally 131072)  Batches: 16 (originally 8)  Memory Usage: 3839kB
        ->  Hash Join  (cost=82257.13..164530.29 rows=523964 width=8) (actual time=1475.838..4030.238 rows=1121924 loops=1)
              Hash Cond: (mc.movie_id = t.id)
              ->  Seq Scan on movie_companies mc  (cost=0.00..44881.29 rows=2609129 width=4) (actual time=0.026..885.567 rows=2609129 loops=1)
              ->  Hash  (cost=73925.90..73925.90 rows=507778 width=4) (actual time=1475.012..1475.012 rows=524129 loops=1)
                    Buckets: 131072  Batches: 8  Memory Usage: 3340kB
                    ->  Seq Scan on title t  (cost=0.00..73925.90 rows=507778 width=4) (actual time=590.216..1321.037 rows=524129 loops=1)
                          Filter: ((production_year < 2010) AND (kind_id = 1))
                          Rows Removed by Filter: 2004183
Planning time: 1.148 ms
Execution time: 16226.617 ms
