Seq Scan on cast_info ci  (cost=0.00..705507.15 rows=34215803 width=0) (actual time=0.018..13358.727 rows=34288849 loops=1)
  Filter: (person_id > 191575)
  Rows Removed by Filter: 1955495
Planning time: 0.229 ms
Execution time: 17458.777 ms
