Nested Loop  (cost=0.43..116547.15 rows=498 width=0) (actual time=1.504..1003.042 rows=730 loops=1)
  ->  Seq Scan on movie_keyword mk  (cost=0.00..81003.12 rows=4826 width=4) (actual time=0.031..896.158 rows=4883 loops=1)
        Filter: (keyword_id = 508)
        Rows Removed by Filter: 4519047
  ->  Index Scan using title_pkey on title t  (cost=0.43..7.36 rows=1 width=4) (actual time=0.021..0.021 rows=0 loops=4883)
        Index Cond: (id = mk.movie_id)
        Filter: ((kind_id < 7) AND (production_year < 1989))
        Rows Removed by Filter: 1
Planning time: 0.753 ms
Execution time: 1003.431 ms
