Seq Scan on cast_info ci  (cost=0.00..796071.18 rows=9526359 width=0) (actual time=8722.537..14721.746 rows=6201517 loops=1)
  Filter: ((person_id > 882774) AND (role_id = 1))
  Rows Removed by Filter: 30042827
Planning time: 0.573 ms
Execution time: 15511.532 ms
