Seq Scan on movie_keyword mk  (cost=0.00..81003.12 rows=37607 width=0) (actual time=230.348..1271.451 rows=35161 loops=1)
  Filter: (keyword_id > 107398)
  Rows Removed by Filter: 4488769
Planning time: 0.321 ms
Execution time: 1276.815 ms
