Hash Join  (cost=182535.66..310981.05 rows=528835 width=0) (actual time=3884.159..6485.198 rows=54655 loops=1)
  Hash Cond: (mk.movie_id = t.id)
  ->  Seq Scan on movie_keyword mk  (cost=0.00..69693.30 rows=4523930 width=4) (actual time=0.014..1489.768 rows=4523930 loops=1)
  ->  Hash  (cost=177685.93..177685.93 rows=295578 width=8) (actual time=3374.607..3374.607 rows=6018 loops=1)
        Buckets: 131072  Batches: 4  Memory Usage: 1090kB
        ->  Hash Join  (cost=102767.86..177685.93 rows=295578 width=8) (actual time=2161.865..3370.615 rows=6018 loops=1)
              Hash Cond: (mc.movie_id = t.id)
              ->  Seq Scan on movie_companies mc  (cost=0.00..57926.93 rows=295578 width=4) (actual time=218.011..673.150 rows=6018 loops=1)
                    Filter: ((company_id > 65419) AND (company_type_id < 2))
                    Rows Removed by Filter: 2603111
              ->  Hash  (cost=61283.27..61283.27 rows=2528527 width=4) (actual time=1941.448..1941.448 rows=2528312 loops=1)
                    Buckets: 131072  Batches: 64  Memory Usage: 2415kB
                    ->  Seq Scan on title t  (cost=0.00..61283.27 rows=2528527 width=4) (actual time=0.032..1111.827 rows=2528312 loops=1)
Planning time: 0.767 ms
Execution time: 6492.176 ms
