Hash Join  (cost=102767.86..234286.16 rows=1688811 width=0) (actual time=1941.849..5124.488 rows=1697244 loops=1)
  Hash Cond: (mk.movie_id = t.id)
  ->  Seq Scan on movie_keyword mk  (cost=0.00..81003.12 rows=1688811 width=4) (actual time=0.029..1494.953 rows=1697244 loops=1)
        Filter: (keyword_id > 8481)
        Rows Removed by Filter: 2826686
  ->  Hash  (cost=61283.27..61283.27 rows=2528527 width=4) (actual time=1939.387..1939.387 rows=2528312 loops=1)
        Buckets: 131072  Batches: 64  Memory Usage: 2425kB
        ->  Seq Scan on title t  (cost=0.00..61283.27 rows=2528527 width=4) (actual time=0.021..1094.245 rows=2528312 loops=1)
Planning time: 0.764 ms
Execution time: 5323.337 ms
