Hash Join  (cost=175007.93..284946.43 rows=475592 width=0) (actual time=4211.664..9292.245 rows=9917558 loops=1)
  Hash Cond: (mk.movie_id = t.id)
  ->  Seq Scan on movie_keyword mk  (cost=0.00..81003.12 rows=1874255 width=4) (actual time=0.019..1568.832 rows=1884551 loops=1)
        Filter: (keyword_id < 3221)
        Rows Removed by Filter: 2639379
  ->  Hash  (cost=164480.77..164480.77 rows=641613 width=8) (actual time=4210.714..4210.714 rows=1109009 loops=1)
        Buckets: 131072  Batches: 16  Memory Usage: 3794kB
        ->  Hash Join  (cost=83810.17..164480.77 rows=641613 width=8) (actual time=1473.427..3869.763 rows=1109009 loops=1)
              Hash Cond: (mc.movie_id = t.id)
              ->  Seq Scan on movie_companies mc  (cost=0.00..51404.11 rows=1642493 width=4) (actual time=0.015..1007.098 rows=1629718 loops=1)
                    Filter: (company_id < 17460)
                    Rows Removed by Filter: 979411
              ->  Hash  (cost=67604.59..67604.59 rows=987727 width=4) (actual time=1472.507..1472.507 rows=985048 loops=1)
                    Buckets: 131072  Batches: 16  Memory Usage: 3188kB
                    ->  Seq Scan on title t  (cost=0.00..67604.59 rows=987727 width=4) (actual time=0.034..1171.213 rows=985048 loops=1)
                          Filter: (kind_id < 7)
                          Rows Removed by Filter: 1543264
Planning time: 1.393 ms
Execution time: 10442.623 ms
