Hash Join  (cost=80549.28..183677.72 rows=249299 width=0) (actual time=2745.220..3506.932 rows=53998 loops=1)
  Hash Cond: (mk.movie_id = t.id)
  ->  Seq Scan on movie_keyword mk  (cost=0.00..81003.12 rows=1561419 width=4) (actual time=0.024..1440.024 rows=1568646 loops=1)
        Filter: (keyword_id < 2361)
        Rows Removed by Filter: 2955284
  ->  Hash  (cost=73925.90..73925.90 rows=403710 width=4) (actual time=1339.912..1339.912 rows=434218 loops=1)
        Buckets: 131072  Batches: 8  Memory Usage: 2941kB
        ->  Seq Scan on title t  (cost=0.00..73925.90 rows=403710 width=4) (actual time=0.022..1192.808 rows=434218 loops=1)
              Filter: ((production_year > 2008) AND (kind_id = 7))
              Rows Removed by Filter: 2094094
Planning time: 3.500 ms
Execution time: 3513.792 ms
