Seq Scan on title t  (cost=0.00..73925.90 rows=17798 width=0) (actual time=488.414..1093.183 rows=13346 loops=1)
  Filter: ((production_year > 2010) AND (kind_id = 4))
  Rows Removed by Filter: 2514966
Planning time: 3.946 ms
Execution time: 1095.364 ms
