Hash Join  (cost=28269.02..110574.45 rows=25 width=0) (actual time=462.694..1828.700 rows=2904 loops=1)
  Hash Cond: (mk.movie_id = t.id)
  ->  Seq Scan on movie_keyword mk  (cost=0.00..81003.12 rows=347215 width=4) (actual time=0.024..1325.890 rows=345828 loops=1)
        Filter: (keyword_id > 48177)
        Rows Removed by Filter: 4178102
  ->  Hash  (cost=28266.72..28266.72 rows=184 width=8) (actual time=452.055..452.055 rows=205 loops=1)
        Buckets: 1024  Batches: 1  Memory Usage: 17kB
        ->  Nested Loop  (cost=0.43..28266.72 rows=184 width=8) (actual time=85.429..451.948 rows=205 loops=1)
              ->  Seq Scan on movie_info_idx mi_idx  (cost=0.00..25185.44 rows=368 width=4) (actual time=85.362..441.358 rows=260 loops=1)
                    Filter: (info_type_id > 101)
                    Rows Removed by Filter: 1379775
              ->  Index Scan using title_pkey on title t  (cost=0.43..8.36 rows=1 width=4) (actual time=0.040..0.040 rows=1 loops=260)
                    Index Cond: (id = mi_idx.movie_id)
                    Filter: (production_year < 2004)
                    Rows Removed by Filter: 0
Planning time: 1.228 ms
Execution time: 1829.290 ms
