Hash Join  (cost=901247.35..1271817.65 rows=97161 width=0) (actual time=13621.794..20282.632 rows=34187 loops=1)
  Hash Cond: (mi.movie_id = t.id)
  ->  Seq Scan on movie_info mi  (cost=0.00..346232.03 rows=6231111 width=4) (actual time=0.034..5508.123 rows=6223494 loops=1)
        Filter: (info_type_id > 8)
        Rows Removed by Filter: 8612226
  ->  Hash  (cost=900754.52..900754.52 rows=39427 width=8) (actual time=13618.866..13618.866 rows=11395 loops=1)
        Buckets: 65536  Batches: 1  Memory Usage: 958kB
        ->  Hash Join  (cost=96651.52..900754.52 rows=39427 width=8) (actual time=8130.641..13613.884 rows=11395 loops=1)
              Hash Cond: (ci.movie_id = t.id)
              ->  Seq Scan on cast_info ci  (cost=0.00..796071.18 rows=56308 width=4) (actual time=6266.774..11427.041 rows=22251 loops=1)
                    Filter: ((person_id < 169400) AND (role_id = 9))
                    Rows Removed by Filter: 36222093
              ->  Hash  (cost=67604.59..67604.59 rows=1770475 width=4) (actual time=1862.442..1862.442 rows=1774635 loops=1)
                    Buckets: 131072  Batches: 32  Memory Usage: 2978kB
                    ->  Seq Scan on title t  (cost=0.00..67604.59 rows=1770475 width=4) (actual time=0.022..1269.740 rows=1774635 loops=1)
                          Filter: (kind_id > 2)
                          Rows Removed by Filter: 753677
Planning time: 1.272 ms
Execution time: 20291.112 ms
