Hash Join  (cost=197478.10..683167.11 rows=551308 width=0) (actual time=3749.773..16048.498 rows=3982735 loops=1)
  Hash Cond: (mi.movie_id = t.id)
  ->  Seq Scan on movie_info mi  (cost=0.00..309384.22 rows=14739122 width=4) (actual time=0.015..5947.550 rows=14835720 loops=1)
  ->  Hash  (cost=195925.88..195925.88 rows=94578 width=8) (actual time=3748.952..3748.952 rows=104458 loops=1)
        Buckets: 131072  Batches: 2  Memory Usage: 3094kB
        ->  Hash Join  (cost=102767.86..195925.88 rows=94578 width=8) (actual time=1952.881..3712.094 rows=104458 loops=1)
              Hash Cond: (mk.movie_id = t.id)
              ->  Seq Scan on movie_keyword mk  (cost=0.00..81003.12 rows=94578 width=4) (actual time=0.027..1276.819 rows=104458 loops=1)
                    Filter: (keyword_id < 107)
                    Rows Removed by Filter: 4419472
              ->  Hash  (cost=61283.27..61283.27 rows=2528527 width=4) (actual time=1947.977..1947.977 rows=2528312 loops=1)
                    Buckets: 131072  Batches: 64  Memory Usage: 2425kB
                    ->  Seq Scan on title t  (cost=0.00..61283.27 rows=2528527 width=4) (actual time=0.022..1066.199 rows=2528312 loops=1)
Planning time: 1.126 ms
Execution time: 16548.654 ms
