Hash Join  (cost=83074.74..470999.45 rows=1081 width=0) (actual time=1249.137..8670.134 rows=3505 loops=1)
  Hash Cond: (mi.movie_id = t.id)
  ->  Seq Scan on movie_info mi  (cost=0.00..346232.03 rows=11115165 width=4) (actual time=0.011..5888.545 rows=11210743 loops=1)
        Filter: (info_type_id > 3)
        Rows Removed by Filter: 3624977
  ->  Hash  (cost=83071.67..83071.67 rows=246 width=8) (actual time=1245.091..1245.091 rows=48 loops=1)
        Buckets: 1024  Batches: 1  Memory Usage: 10kB
        ->  Nested Loop  (cost=0.43..83071.67 rows=246 width=8) (actual time=6.451..1245.006 rows=48 loops=1)
              ->  Seq Scan on movie_keyword mk  (cost=0.00..81003.12 rows=246 width=4) (actual time=5.156..1240.788 rows=48 loops=1)
                    Filter: (keyword_id = 12971)
                    Rows Removed by Filter: 4523882
              ->  Index Only Scan using title_pkey on title t  (cost=0.43..8.40 rows=1 width=4) (actual time=0.081..0.082 rows=1 loops=48)
                    Index Cond: (id = mk.movie_id)
                    Heap Fetches: 48
Planning time: 1.703 ms
Execution time: 8670.963 ms
