Hash Join  (cost=263115.61..1080101.62 rows=4286678 width=0) (actual time=7548.725..24244.633 rows=13447386 loops=1)
  Hash Cond: (ci.movie_id = t.id)
  ->  Seq Scan on cast_info ci  (cost=0.00..705507.15 rows=4154253 width=4) (actual time=1207.971..12125.819 rows=4196143 loops=1)
        Filter: (person_id > 3289903)
        Rows Removed by Filter: 32048201
  ->  Hash  (cost=220309.49..220309.49 rows=2609129 width=8) (actual time=6339.629..6339.629 rows=2609129 loops=1)
        Buckets: 131072  Batches: 64  Memory Usage: 2610kB
        ->  Hash Join  (cost=102767.86..220309.49 rows=2609129 width=8) (actual time=2032.496..5571.711 rows=2609129 loops=1)
              Hash Cond: (mc.movie_id = t.id)
              ->  Seq Scan on movie_companies mc  (cost=0.00..44881.29 rows=2609129 width=4) (actual time=0.035..948.546 rows=2609129 loops=1)
              ->  Hash  (cost=61283.27..61283.27 rows=2528527 width=4) (actual time=2031.204..2031.204 rows=2528312 loops=1)
                    Buckets: 131072  Batches: 64  Memory Usage: 2415kB
                    ->  Seq Scan on title t  (cost=0.00..61283.27 rows=2528527 width=4) (actual time=0.018..1176.200 rows=2528312 loops=1)
Planning time: 1.217 ms
Execution time: 25753.268 ms
