Hash Join  (cost=102767.86..1269218.51 rows=14981875 width=0) (actual time=1902.814..26480.325 rows=10320784 loops=1)
  Hash Cond: (ci.movie_id = t.id)
  ->  Seq Scan on cast_info ci  (cost=0.00..796071.18 rows=14981875 width=4) (actual time=0.017..15750.430 rows=10320784 loops=1)
        Filter: ((person_id < 2348228) AND (role_id > 1))
        Rows Removed by Filter: 25923560
  ->  Hash  (cost=61283.27..61283.27 rows=2528527 width=4) (actual time=1901.938..1901.938 rows=2528312 loops=1)
        Buckets: 131072  Batches: 64  Memory Usage: 2415kB
        ->  Seq Scan on title t  (cost=0.00..61283.27 rows=2528527 width=4) (actual time=0.012..1054.293 rows=2528312 loops=1)
Planning time: 0.738 ms
Execution time: 27611.678 ms
