Hash Join  (cost=438032.06..476992.33 rows=73879 width=0) (actual time=7296.146..8495.593 rows=386386 loops=1)
  Hash Cond: (mi_idx.movie_id = t.id)
  ->  Seq Scan on movie_info_idx mi_idx  (cost=0.00..21735.35 rows=1380035 width=4) (actual time=0.013..468.446 rows=1380035 loops=1)
  ->  Hash  (cost=435811.04..435811.04 rows=135362 width=8) (actual time=7295.332..7295.332 rows=311331 loops=1)
        Buckets: 131072 (originally 131072)  Batches: 4 (originally 2)  Memory Usage: 4069kB
        ->  Hash Join  (cost=80042.24..435811.04 rows=135362 width=8) (actual time=5587.152..7195.770 rows=311331 loops=1)
              Hash Cond: (mi.movie_id = t.id)
              ->  Seq Scan on movie_info mi  (cost=0.00..346232.03 rows=451508 width=4) (actual time=4162.301..5300.904 rows=474443 loops=1)
                    Filter: (info_type_id = 6)
                    Rows Removed by Filter: 14361277
              ->  Hash  (cost=67604.59..67604.59 rows=758052 width=4) (actual time=1424.018..1424.018 rows=753677 loops=1)
                    Buckets: 131072  Batches: 16  Memory Usage: 2686kB
                    ->  Seq Scan on title t  (cost=0.00..67604.59 rows=758052 width=4) (actual time=0.025..1175.942 rows=753677 loops=1)
                          Filter: (kind_id < 3)
                          Rows Removed by Filter: 1774635
Planning time: 1.231 ms
Execution time: 8546.375 ms
