Hash Join  (cost=127687.70..502162.17 rows=288635 width=0) (actual time=3836.661..9429.039 rows=771657 loops=1)
  Hash Cond: (mi.movie_id = t.id)
  ->  Seq Scan on movie_info mi  (cost=0.00..346232.03 rows=2073893 width=4) (actual time=1174.139..5627.026 rows=2091068 loops=1)
        Filter: (info_type_id < 3)
        Rows Removed by Filter: 12744652
  ->  Hash  (cost=121913.83..121913.83 rows=351909 width=8) (actual time=2661.624..2661.624 rows=420084 loops=1)
        Buckets: 131072  Batches: 8  Memory Usage: 3092kB
        ->  Hash Join  (cost=78183.26..121913.83 rows=351909 width=8) (actual time=1218.864..2543.732 rows=420084 loops=1)
              Hash Cond: (mi_idx.movie_id = t.id)
              ->  Seq Scan on movie_info_idx mi_idx  (cost=0.00..21735.35 rows=1380035 width=4) (actual time=0.022..491.369 rows=1380035 loops=1)
              ->  Hash  (cost=67604.59..67604.59 rows=644774 width=4) (actual time=1217.833..1217.833 rows=642973 loops=1)
                    Buckets: 131072  Batches: 16  Memory Usage: 2432kB
                    ->  Seq Scan on title t  (cost=0.00..67604.59 rows=644774 width=4) (actual time=0.030..1018.316 rows=642973 loops=1)
                          Filter: (production_year < 1988)
                          Rows Removed by Filter: 1885339
Planning time: 4.470 ms
Execution time: 9513.623 ms
