Hash Join  (cost=82776.67..198298.05 rows=504831 width=0) (actual time=1451.140..4723.092 rows=838167 loops=1)
  Hash Cond: (mk.movie_id = t.id)
  ->  Seq Scan on movie_keyword mk  (cost=0.00..81003.12 rows=2366387 width=4) (actual time=0.027..1663.064 rows=2368727 loops=1)
        Filter: (keyword_id < 5366)
        Rows Removed by Filter: 2155203
  ->  Hash  (cost=73925.90..73925.90 rows=539421 width=4) (actual time=1450.246..1450.246 rows=459810 loops=1)
        Buckets: 131072  Batches: 8  Memory Usage: 3049kB
        ->  Seq Scan on title t  (cost=0.00..73925.90 rows=539421 width=4) (actual time=0.025..1298.711 rows=459810 loops=1)
              Filter: ((kind_id < 7) AND (production_year > 2000))
              Rows Removed by Filter: 2068502
Planning time: 0.716 ms
Execution time: 4826.304 ms
