Hash Join  (cost=72085.10..1018705.68 rows=2050624 width=0) (actual time=1220.433..25149.374 rows=1809388 loops=1)
  Hash Cond: (ci.movie_id = t.id)
  ->  Seq Scan on cast_info ci  (cost=0.00..705507.15 rows=18987250 width=4) (actual time=0.009..14245.723 rows=18897773 loops=1)
        Filter: (person_id < 1883203)
        Rows Removed by Filter: 17346571
  ->  Hash  (cost=67604.59..67604.59 rows=273081 width=4) (actual time=1219.644..1219.644 rows=273902 loops=1)
        Buckets: 131072  Batches: 4  Memory Usage: 3428kB
        ->  Seq Scan on title t  (cost=0.00..67604.59 rows=273081 width=4) (actual time=0.040..1125.111 rows=273902 loops=1)
              Filter: (production_year < 1963)
              Rows Removed by Filter: 2254410
Planning time: 0.857 ms
Execution time: 25372.262 ms
