Hash Join  (cost=74103.28..439586.36 rows=82715 width=0) (actual time=1145.028..8245.426 rows=141023 loops=1)
  Hash Cond: (mi.movie_id = t.id)
  ->  Seq Scan on movie_info mi  (cost=0.00..309384.22 rows=14739122 width=4) (actual time=0.024..3815.542 rows=14835720 loops=1)
  ->  Hash  (cost=73925.90..73925.90 rows=14190 width=4) (actual time=1144.526..1144.526 rows=12208 loops=1)
        Buckets: 16384  Batches: 1  Memory Usage: 558kB
        ->  Seq Scan on title t  (cost=0.00..73925.90 rows=14190 width=4) (actual time=0.132..1138.833 rows=12208 loops=1)
              Filter: ((kind_id < 7) AND (production_year = 1996))
              Rows Removed by Filter: 2516104
Planning time: 0.816 ms
Execution time: 8266.962 ms
