Hash Join  (cost=77561.16..212791.62 rows=1085742 width=0) (actual time=1351.526..5044.093 rows=1506860 loops=1)
  Hash Cond: (mk.movie_id = t.id)
  ->  Seq Scan on movie_keyword mk  (cost=0.00..69693.30 rows=4523930 width=4) (actual time=0.023..1381.642 rows=4523930 loops=1)
  ->  Hash  (cost=67604.59..67604.59 rows=606846 width=4) (actual time=1350.480..1350.480 rows=603411 loops=1)
        Buckets: 131072  Batches: 8  Memory Usage: 3675kB
        ->  Seq Scan on title t  (cost=0.00..67604.59 rows=606846 width=4) (actual time=0.017..1146.074 rows=603411 loops=1)
              Filter: (production_year < 1986)
              Rows Removed by Filter: 1924901
Planning time: 0.750 ms
Execution time: 5223.973 ms
