Hash Join  (cost=101537.27..188335.76 rows=14045 width=0) (actual time=2323.618..4157.712 rows=41366 loops=1)
  Hash Cond: (mk.movie_id = t.id)
  ->  Seq Scan on movie_keyword mk  (cost=0.00..69693.30 rows=4523930 width=4) (actual time=0.014..997.831 rows=4523930 loops=1)
  ->  Hash  (cost=101439.14..101439.14 rows=7850 width=8) (actual time=2323.323..2323.323 rows=8823 loops=1)
        Buckets: 16384 (originally 8192)  Batches: 1 (originally 1)  Memory Usage: 473kB
        ->  Hash Join  (cost=74472.24..101439.14 rows=7850 width=8) (actual time=1677.649..2319.726 rows=8823 loops=1)
              Hash Cond: (mi_idx.movie_id = t.id)
              ->  Seq Scan on movie_info_idx mi_idx  (cost=0.00..25185.44 rows=454124 width=4) (actual time=0.020..451.021 rows=459925 loops=1)
                    Filter: (info_type_id = 100)
                    Rows Removed by Filter: 920110
              ->  Hash  (cost=73925.90..73925.90 rows=43707 width=4) (actual time=1677.211..1677.211 rows=115312 loops=1)
                    Buckets: 131072 (originally 65536)  Batches: 2 (originally 1)  Memory Usage: 3073kB
                    ->  Seq Scan on title t  (cost=0.00..73925.90 rows=43707 width=4) (actual time=0.011..1153.069 rows=115312 loops=1)
                          Filter: ((kind_id < 7) AND (production_year < 1930))
                          Rows Removed by Filter: 2413000
Planning time: 1.102 ms
Execution time: 4163.427 ms
