Seq Scan on movie_keyword mk  (cost=0.00..81003.12 rows=246 width=0) (actual time=15.900..1226.499 rows=256 loops=1)
  Filter: (keyword_id = 13684)
  Rows Removed by Filter: 4523674
Planning time: 0.418 ms
Execution time: 1226.741 ms
