Hash Join  (cost=102767.86..1177666.99 rows=11177105 width=0) (actual time=3101.549..26646.552 rows=9584916 loops=1)
  Hash Cond: (ci.movie_id = t.id)
  ->  Seq Scan on cast_info ci  (cost=0.00..796071.18 rows=11177105 width=4) (actual time=1013.351..16589.696 rows=9584916 loops=1)
        Filter: ((person_id > 412465) AND (role_id = 1))
        Rows Removed by Filter: 26659428
  ->  Hash  (cost=61283.27..61283.27 rows=2528527 width=4) (actual time=2086.749..2086.749 rows=2528312 loops=1)
        Buckets: 131072  Batches: 64  Memory Usage: 2415kB
        ->  Seq Scan on title t  (cost=0.00..61283.27 rows=2528527 width=4) (actual time=0.010..1257.555 rows=2528312 loops=1)
Planning time: 0.591 ms
Execution time: 27658.265 ms
