Hash Join  (cost=102767.86..196179.88 rows=1064190 width=0) (actual time=2298.987..4805.937 rows=1194548 loops=1)
  Hash Cond: (mc.movie_id = t.id)
  ->  Seq Scan on movie_companies mc  (cost=0.00..57926.93 rows=1064190 width=4) (actual time=356.778..1265.684 rows=1194548 loops=1)
        Filter: ((company_id > 475) AND (company_type_id = 2))
        Rows Removed by Filter: 1414581
  ->  Hash  (cost=61283.27..61283.27 rows=2528527 width=4) (actual time=1940.954..1940.954 rows=2528312 loops=1)
        Buckets: 131072  Batches: 64  Memory Usage: 2415kB
        ->  Seq Scan on title t  (cost=0.00..61283.27 rows=2528527 width=4) (actual time=0.033..1123.294 rows=2528312 loops=1)
Planning time: 0.866 ms
Execution time: 4941.808 ms
