Hash Join  (cost=102767.86..169571.72 rows=229400 width=0) (actual time=1972.815..3431.752 rows=227437 loops=1)
  Hash Cond: (mc.movie_id = t.id)
  ->  Seq Scan on movie_companies mc  (cost=0.00..51404.11 rows=229400 width=4) (actual time=0.013..848.609 rows=227437 loops=1)
        Filter: (company_id < 84)
        Rows Removed by Filter: 2381692
  ->  Hash  (cost=61283.27..61283.27 rows=2528527 width=4) (actual time=1971.487..1971.487 rows=2528312 loops=1)
        Buckets: 131072  Batches: 64  Memory Usage: 2415kB
        ->  Seq Scan on title t  (cost=0.00..61283.27 rows=2528527 width=4) (actual time=0.012..1117.951 rows=2528312 loops=1)
Planning time: 0.743 ms
Execution time: 3459.564 ms
