Hash Join  (cost=156487.41..1083494.37 rows=1758786 width=0) (actual time=9755.682..21615.472 rows=2135097 loops=1)
  Hash Cond: (ci.movie_id = t.id)
  ->  Seq Scan on cast_info ci  (cost=0.00..796071.18 rows=9647179 width=4) (actual time=6267.063..14201.577 rows=6491239 loops=1)
        Filter: ((person_id > 2184479) AND (role_id < 4))
        Rows Removed by Filter: 29753105
  ->  Hash  (cost=148924.19..148924.19 rows=460978 width=8) (actual time=3487.702..3487.702 rows=459925 loops=1)
        Buckets: 131072  Batches: 8  Memory Usage: 3275kB
        ->  Hash Join  (cost=102767.86..148924.19 rows=460978 width=8) (actual time=2122.152..3367.600 rows=459925 loops=1)
              Hash Cond: (mi_idx.movie_id = t.id)
              ->  Seq Scan on movie_info_idx mi_idx  (cost=0.00..25185.44 rows=460978 width=4) (actual time=0.045..530.167 rows=459925 loops=1)
                    Filter: (info_type_id = 99)
                    Rows Removed by Filter: 920110
              ->  Hash  (cost=61283.27..61283.27 rows=2528527 width=4) (actual time=2121.188..2121.188 rows=2528312 loops=1)
                    Buckets: 131072  Batches: 64  Memory Usage: 2415kB
                    ->  Seq Scan on title t  (cost=0.00..61283.27 rows=2528527 width=4) (actual time=0.016..1090.056 rows=2528312 loops=1)
Planning time: 0.810 ms
Execution time: 21890.140 ms
