Seq Scan on movie_keyword mk  (cost=0.00..81003.12 rows=246 width=0) (actual time=2.395..1307.569 rows=436 loops=1)
  Filter: (keyword_id = 11663)
  Rows Removed by Filter: 4523494
Planning time: 0.390 ms
Execution time: 1307.878 ms
