Hash Join  (cost=28268.13..392930.65 rows=661 width=0) (actual time=685.214..7388.081 rows=51620 loops=1)
  Hash Cond: (mi.movie_id = t.id)
  ->  Seq Scan on movie_info mi  (cost=0.00..309384.22 rows=14739122 width=4) (actual time=0.019..4243.893 rows=14835720 loops=1)
  ->  Hash  (cost=28266.72..28266.72 rows=113 width=8) (actual time=448.066..448.066 rows=149 loops=1)
        Buckets: 1024  Batches: 1  Memory Usage: 14kB
        ->  Nested Loop  (cost=0.43..28266.72 rows=113 width=8) (actual time=39.833..447.978 rows=149 loops=1)
              ->  Seq Scan on movie_info_idx mi_idx  (cost=0.00..25185.44 rows=368 width=4) (actual time=39.752..442.288 rows=260 loops=1)
                    Filter: (info_type_id > 101)
                    Rows Removed by Filter: 1379775
              ->  Index Scan using title_pkey on title t  (cost=0.43..8.36 rows=1 width=4) (actual time=0.021..0.021 rows=1 loops=260)
                    Index Cond: (id = mi_idx.movie_id)
                    Filter: (production_year < 1994)
                    Rows Removed by Filter: 0
Planning time: 0.830 ms
Execution time: 7395.352 ms
