Hash Join  (cost=102767.86..1367239.97 rows=19055442 width=0) (actual time=5878.416..39519.910 rows=21674499 loops=1)
  Hash Cond: (ci.movie_id = t.id)
  ->  Seq Scan on cast_info ci  (cost=0.00..796071.18 rows=19055442 width=4) (actual time=3893.724..18703.806 rows=21674499 loops=1)
        Filter: ((person_id > 655600) AND (role_id > 1))
        Rows Removed by Filter: 14569845
  ->  Hash  (cost=61283.27..61283.27 rows=2528527 width=4) (actual time=1983.203..1983.203 rows=2528312 loops=1)
        Buckets: 131072  Batches: 64  Memory Usage: 2415kB
        ->  Seq Scan on title t  (cost=0.00..61283.27 rows=2528527 width=4) (actual time=0.020..1180.987 rows=2528312 loops=1)
Planning time: 0.502 ms
Execution time: 42009.649 ms
