Hash Join  (cost=94009.45..996626.93 rows=3327590 width=0) (actual time=2523.637..25420.315 rows=6571528 loops=1)
  Hash Cond: (ci.movie_id = t.id)
  ->  Seq Scan on cast_info ci  (cost=0.00..796071.18 rows=5227880 width=4) (actual time=626.129..14969.491 rows=10656072 loops=1)
        Filter: ((person_id < 1457894) AND (role_id < 2))
        Rows Removed by Filter: 25588272
  ->  Hash  (cost=67604.59..67604.59 rows=1609429 width=4) (actual time=1896.557..1896.557 rows=1607077 loops=1)
        Buckets: 131072  Batches: 32  Memory Usage: 2791kB
        ->  Seq Scan on title t  (cost=0.00..67604.59 rows=1609429 width=4) (actual time=0.027..1375.847 rows=1607077 loops=1)
              Filter: (production_year > 1995)
              Rows Removed by Filter: 921235
Planning time: 0.749 ms
Execution time: 26172.685 ms
