Seq Scan on cast_info ci  (cost=0.00..796071.18 rows=6001026 width=0) (actual time=0.022..12529.646 rows=10568400 loops=1)
  Filter: ((person_id > 2315175) AND (role_id > 2))
  Rows Removed by Filter: 25675944
Planning time: 0.353 ms
Execution time: 13744.912 ms
