Hash Join  (cost=150383.79..216668.73 rows=203242 width=0) (actual time=4068.277..6398.558 rows=509707 loops=1)
  Hash Cond: (mc.movie_id = t.id)
  ->  Seq Scan on movie_companies mc  (cost=0.00..51404.11 rows=923043 width=4) (actual time=0.021..921.431 rows=931591 loops=1)
        Filter: (company_id > 19433)
        Rows Removed by Filter: 1677538
  ->  Hash  (cost=141249.46..141249.46 rows=556747 width=8) (actual time=4067.366..4067.366 rows=505877 loops=1)
        Buckets: 131072  Batches: 8  Memory Usage: 3497kB
        ->  Hash Join  (cost=92735.26..141249.46 rows=556747 width=8) (actual time=2418.699..3914.689 rows=505877 loops=1)
              Hash Cond: (mi_idx.movie_id = t.id)
              ->  Seq Scan on movie_info_idx mi_idx  (cost=0.00..25185.44 rows=919057 width=4) (actual time=0.014..608.248 rows=920110 loops=1)
                    Filter: (info_type_id > 99)
                    Rows Removed by Filter: 459925
              ->  Hash  (cost=67604.59..67604.59 rows=1531734 width=4) (actual time=2417.023..2417.023 rows=1531613 loops=1)
                    Buckets: 131072  Batches: 32  Memory Usage: 2708kB
                    ->  Seq Scan on title t  (cost=0.00..67604.59 rows=1531734 width=4) (actual time=0.019..1237.738 rows=1531613 loops=1)
                          Filter: (production_year > 1997)
                          Rows Removed by Filter: 996699
Planning time: 2.911 ms
Execution time: 6461.589 ms
