Hash Join  (cost=156649.15..281264.73 rows=573446 width=0) (actual time=3246.515..7045.582 rows=2426186 loops=1)
  Hash Cond: (mk.movie_id = t.id)
  ->  Seq Scan on movie_keyword mk  (cost=0.00..81003.12 rows=3118665 width=4) (actual time=0.022..1785.254 rows=3100034 loops=1)
        Filter: (keyword_id > 1960)
        Rows Removed by Filter: 1423896
  ->  Hash  (cost=149020.47..149020.47 rows=464934 width=8) (actual time=3245.603..3245.603 rows=460185 loops=1)
        Buckets: 131072  Batches: 8  Memory Usage: 3286kB
        ->  Hash Join  (cost=102767.86..149020.47 rows=464934 width=8) (actual time=1820.468..3094.681 rows=460185 loops=1)
              Hash Cond: (mi_idx.movie_id = t.id)
              ->  Seq Scan on movie_info_idx mi_idx  (cost=0.00..25185.44 rows=464934 width=4) (actual time=0.027..464.036 rows=460185 loops=1)
                    Filter: (info_type_id > 100)
                    Rows Removed by Filter: 919850
              ->  Hash  (cost=61283.27..61283.27 rows=2528527 width=4) (actual time=1818.338..1818.338 rows=2528312 loops=1)
                    Buckets: 131072  Batches: 64  Memory Usage: 2415kB
                    ->  Seq Scan on title t  (cost=0.00..61283.27 rows=2528527 width=4) (actual time=0.020..1025.480 rows=2528312 loops=1)
Planning time: 1.205 ms
Execution time: 7270.330 ms
