Hash Join  (cost=139597.14..1027511.97 rows=1397069 width=0) (actual time=10435.346..25157.043 rows=4869168 loops=1)
  Hash Cond: (ci.movie_id = t.id)
  ->  Seq Scan on cast_info ci  (cost=0.00..796071.18 rows=6552787 width=4) (actual time=6952.264..16510.547 rows=7451055 loops=1)
        Filter: ((person_id > 343374) AND (role_id = 2))
        Rows Removed by Filter: 28793289
  ->  Hash  (cost=130752.54..130752.54 rows=539088 width=8) (actual time=3481.674..3481.674 rows=954317 loops=1)
        Buckets: 131072 (originally 131072)  Batches: 16 (originally 8)  Memory Usage: 3354kB
        ->  Hash Join  (cost=83810.17..130752.54 rows=539088 width=8) (actual time=1574.933..3210.329 rows=954317 loops=1)
              Hash Cond: (mi_idx.movie_id = t.id)
              ->  Seq Scan on movie_info_idx mi_idx  (cost=0.00..21735.35 rows=1380035 width=4) (actual time=0.036..472.354 rows=1380035 loops=1)
              ->  Hash  (cost=67604.59..67604.59 rows=987727 width=4) (actual time=1573.836..1573.836 rows=985048 loops=1)
                    Buckets: 131072  Batches: 16  Memory Usage: 3188kB
                    ->  Seq Scan on title t  (cost=0.00..67604.59 rows=987727 width=4) (actual time=0.035..1264.302 rows=985048 loops=1)
                          Filter: (kind_id < 7)
                          Rows Removed by Filter: 1543264
Planning time: 1.181 ms
Execution time: 25713.580 ms
