Hash Join  (cost=190025.90..710689.18 rows=3829135 width=0) (actual time=3989.494..18292.655 rows=2664702 loops=1)
  Hash Cond: (mi.movie_id = t.id)
  ->  Seq Scan on movie_info mi  (cost=0.00..309384.22 rows=14739122 width=4) (actual time=0.018..6348.119 rows=14835720 loops=1)
  ->  Hash  (cost=179248.70..179248.70 rows=656896 width=8) (actual time=3808.980..3808.980 rows=325311 loops=1)
        Buckets: 131072  Batches: 16  Memory Usage: 1817kB
        ->  Hash Join  (cost=94574.69..179248.70 rows=656896 width=8) (actual time=2672.841..3719.921 rows=325311 loops=1)
              Hash Cond: (mc.movie_id = t.id)
              ->  Seq Scan on movie_companies mc  (cost=0.00..57926.93 rows=1319764 width=4) (actual time=0.027..1274.512 rows=1316956 loops=1)
                    Filter: ((company_id < 218165) AND (company_type_id = 2))
                    Rows Removed by Filter: 1292173
              ->  Hash  (cost=73925.90..73925.90 rows=1258543 width=4) (actual time=1575.678..1575.678 rows=1221534 loops=1)
                    Buckets: 131072  Batches: 32  Memory Usage: 2363kB
                    ->  Seq Scan on title t  (cost=0.00..73925.90 rows=1258543 width=4) (actual time=0.019..1230.279 rows=1221534 loops=1)
                          Filter: ((production_year < 2011) AND (kind_id = 7))
                          Rows Removed by Filter: 1306778
Planning time: 1.205 ms
Execution time: 18622.313 ms
