Hash Join  (cost=83810.17..909019.43 rows=638327 width=0) (actual time=3407.654..16992.508 rows=1206307 loops=1)
  Hash Cond: (ci.movie_id = t.id)
  ->  Seq Scan on cast_info ci  (cost=0.00..796071.18 rows=1634082 width=4) (actual time=1658.924..13024.040 rows=3659559 loops=1)
        Filter: ((person_id > 2400859) AND (role_id > 9))
        Rows Removed by Filter: 32584785
  ->  Hash  (cost=67604.59..67604.59 rows=987727 width=4) (actual time=1747.836..1747.836 rows=985048 loops=1)
        Buckets: 131072  Batches: 16  Memory Usage: 3188kB
        ->  Seq Scan on title t  (cost=0.00..67604.59 rows=987727 width=4) (actual time=0.020..1141.935 rows=985048 loops=1)
              Filter: (kind_id < 7)
              Rows Removed by Filter: 1543264
Planning time: 0.594 ms
Execution time: 17135.032 ms
