Seq Scan on movie_companies mc  (cost=0.00..57926.93 rows=213586 width=0) (actual time=319.870..924.106 rows=98703 loops=1)
  Filter: ((company_id < 293) AND (company_type_id = 2))
  Rows Removed by Filter: 2510426
Planning time: 0.404 ms
Execution time: 936.923 ms
