Seq Scan on title t  (cost=0.00..67604.59 rows=2177230 width=0) (actual time=0.021..1229.773 rows=2171163 loops=1)
  Filter: (production_year > 1963)
  Rows Removed by Filter: 357149
Planning time: 0.308 ms
Execution time: 1514.373 ms
