Seq Scan on cast_info ci  (cost=0.00..796071.18 rows=11579837 width=0) (actual time=10467.369..16845.780 rows=10406037 loops=1)
  Filter: ((person_id > 305034) AND (role_id < 2))
  Rows Removed by Filter: 25838307
Planning time: 0.380 ms
Execution time: 18157.189 ms
