Hash Join  (cost=102767.86..245543.80 rows=2156604 width=0) (actual time=2538.906..6159.370 rows=2161954 loops=1)
  Hash Cond: (mk.movie_id = t.id)
  ->  Seq Scan on movie_keyword mk  (cost=0.00..81003.12 rows=2156604 width=4) (actual time=0.017..1673.474 rows=2161954 loops=1)
        Filter: (keyword_id < 4134)
        Rows Removed by Filter: 2361976
  ->  Hash  (cost=61283.27..61283.27 rows=2528527 width=4) (actual time=2537.345..2537.345 rows=2528312 loops=1)
        Buckets: 131072  Batches: 64  Memory Usage: 2425kB
        ->  Seq Scan on title t  (cost=0.00..61283.27 rows=2528527 width=4) (actual time=0.024..1121.669 rows=2528312 loops=1)
Planning time: 0.712 ms
Execution time: 6401.966 ms
