Hash Join  (cost=76243.83..161161.83 rows=15494 width=0) (actual time=1975.335..2701.203 rows=1670 loops=1)
  Hash Cond: (mk.movie_id = t.id)
  ->  Seq Scan on movie_keyword mk  (cost=0.00..81003.12 rows=277316 width=4) (actual time=0.029..1293.384 rows=297845 loops=1)
        Filter: (keyword_id < 245)
        Rows Removed by Filter: 4226085
  ->  Hash  (cost=73925.90..73925.90 rows=141274 width=4) (actual time=1264.283..1264.283 rows=150659 loops=1)
        Buckets: 131072  Batches: 2  Memory Usage: 3679kB
        ->  Seq Scan on title t  (cost=0.00..73925.90 rows=141274 width=4) (actual time=0.084..1205.336 rows=150659 loops=1)
              Filter: ((production_year > 2011) AND (kind_id = 7))
              Rows Removed by Filter: 2377653
Planning time: 0.813 ms
Execution time: 2701.572 ms
