Hash Join  (cost=102767.86..281394.62 rows=3646501 width=0) (actual time=2036.203..6887.196 rows=3636915 loops=1)
  Hash Cond: (mk.movie_id = t.id)
  ->  Seq Scan on movie_keyword mk  (cost=0.00..81003.12 rows=3646501 width=4) (actual time=0.023..1786.504 rows=3636915 loops=1)
        Filter: (keyword_id > 837)
        Rows Removed by Filter: 887015
  ->  Hash  (cost=61283.27..61283.27 rows=2528527 width=4) (actual time=2034.957..2034.957 rows=2528312 loops=1)
        Buckets: 131072  Batches: 64  Memory Usage: 2425kB
        ->  Seq Scan on title t  (cost=0.00..61283.27 rows=2528527 width=4) (actual time=0.020..1161.746 rows=2528312 loops=1)
Planning time: 0.681 ms
Execution time: 7325.531 ms
