Hash Join  (cost=83073.53..447732.36 rows=293 width=0) (actual time=1357.764..8357.280 rows=61108 loops=1)
  Hash Cond: (mi.movie_id = t.id)
  ->  Seq Scan on movie_info mi  (cost=0.00..309384.22 rows=14739122 width=4) (actual time=0.015..4284.460 rows=14835720 loops=1)
  ->  Hash  (cost=83072.90..83072.90 rows=50 width=8) (actual time=1357.473..1357.473 rows=1047 loops=1)
        Buckets: 2048 (originally 1024)  Batches: 1 (originally 1)  Memory Usage: 57kB
        ->  Nested Loop  (cost=0.43..83072.90 rows=50 width=8) (actual time=3.241..1356.525 rows=1047 loops=1)
              ->  Seq Scan on movie_keyword mk  (cost=0.00..81003.12 rows=246 width=4) (actual time=0.215..1255.853 rows=2386 loops=1)
                    Filter: (keyword_id = 232)
                    Rows Removed by Filter: 4521544
              ->  Index Scan using title_pkey on title t  (cost=0.43..8.40 rows=1 width=4) (actual time=0.041..0.041 rows=0 loops=2386)
                    Index Cond: (id = mk.movie_id)
                    Filter: ((kind_id < 7) AND (production_year > 2001))
                    Rows Removed by Filter: 1
Planning time: 6.682 ms
Execution time: 8366.665 ms
