Nested Loop  (cost=0.43..83071.67 rows=246 width=0) (actual time=5.147..1326.797 rows=72 loops=1)
  ->  Seq Scan on movie_keyword mk  (cost=0.00..81003.12 rows=246 width=4) (actual time=5.067..1322.593 rows=72 loops=1)
        Filter: (keyword_id = 1310)
        Rows Removed by Filter: 4523858
  ->  Index Only Scan using title_pkey on title t  (cost=0.43..8.40 rows=1 width=4) (actual time=0.052..0.053 rows=1 loops=72)
        Index Cond: (id = mk.movie_id)
        Heap Fetches: 72
Planning time: 0.717 ms
Execution time: 1326.916 ms
