Nested Loop  (cost=0.43..799703.28 rows=265 width=0) (actual time=5080.660..14610.727 rows=48 loops=1)
  ->  Seq Scan on cast_info ci  (cost=0.00..796071.18 rows=435 width=4) (actual time=164.024..14609.911 rows=52 loops=1)
        Filter: ((role_id < 10) AND (person_id = 969315))
        Rows Removed by Filter: 36244292
  ->  Index Scan using title_pkey on title t  (cost=0.43..8.34 rows=1 width=4) (actual time=0.011..0.011 rows=1 loops=52)
        Index Cond: (id = ci.movie_id)
        Filter: (kind_id = 7)
        Rows Removed by Filter: 0
Planning time: 0.858 ms
Execution time: 14610.877 ms
