Hash Join  (cost=167952.38..522905.87 rows=49166 width=0) (actual time=3439.081..9074.859 rows=1436868 loops=1)
  Hash Cond: (mi.movie_id = t.id)
  ->  Seq Scan on movie_info mi  (cost=0.00..346232.03 rows=2194617 width=4) (actual time=297.729..5225.841 rows=2233850 loops=1)
        Filter: (info_type_id > 16)
        Rows Removed by Filter: 12601870
  ->  Hash  (cost=167244.31..167244.31 rows=56646 width=8) (actual time=3104.969..3104.969 rows=56588 loops=1)
        Buckets: 65536  Batches: 1  Memory Usage: 2723kB
        ->  Hash Join  (cost=74528.24..167244.31 rows=56646 width=8) (actual time=1048.091..3085.994 rows=56588 loops=1)
              Hash Cond: (mk.movie_id = t.id)
              ->  Seq Scan on movie_keyword mk  (cost=0.00..81003.12 rows=2972395 width=4) (actual time=0.030..1543.886 rows=2968040 loops=1)
                    Filter: (keyword_id > 2324)
                    Rows Removed by Filter: 1555890
              ->  Hash  (cost=73925.90..73925.90 rows=48187 width=4) (actual time=1046.841..1046.841 rows=42764 loops=1)
                    Buckets: 65536  Batches: 1  Memory Usage: 2016kB
                    ->  Seq Scan on title t  (cost=0.00..73925.90 rows=48187 width=4) (actual time=0.026..1028.557 rows=42764 loops=1)
                          Filter: ((kind_id < 3) AND (production_year = 2011))
                          Rows Removed by Filter: 2485548
Planning time: 1.157 ms
Execution time: 9256.613 ms
