Hash Join  (cost=131993.11..498761.75 rows=211271 width=0) (actual time=2655.141..10412.194 rows=115181 loops=1)
  Hash Cond: (mi.movie_id = t.id)
  ->  Seq Scan on movie_info mi  (cost=0.00..309384.22 rows=14739122 width=4) (actual time=0.013..4354.666 rows=14835720 loops=1)
  ->  Hash  (cost=131540.07..131540.07 rows=36244 width=8) (actual time=2654.688..2654.688 rows=14066 loops=1)
        Buckets: 65536  Batches: 1  Memory Usage: 1062kB
        ->  Hash Join  (cost=74787.47..131540.07 rows=36244 width=8) (actual time=1940.569..2649.643 rows=14066 loops=1)
              Hash Cond: (mc.movie_id = t.id)
              ->  Seq Scan on movie_companies mc  (cost=0.00..51404.11 rows=1329612 width=4) (actual time=0.014..1030.724 rows=1334883 loops=1)
                    Filter: (company_type_id = 2)
                    Rows Removed by Filter: 1274246
              ->  Hash  (cost=73925.90..73925.90 rows=68925 width=4) (actual time=1252.870..1252.870 rows=84076 loops=1)
                    Buckets: 131072  Batches: 1  Memory Usage: 3980kB
                    ->  Seq Scan on title t  (cost=0.00..73925.90 rows=68925 width=4) (actual time=0.026..1216.629 rows=84076 loops=1)
                          Filter: ((kind_id = 7) AND (production_year = 2007))
                          Rows Removed by Filter: 2444236
Planning time: 1.399 ms
Execution time: 10427.954 ms
