Hash Join  (cost=102767.86..177519.42 rows=288654 width=0) (actual time=1932.479..3549.704 rows=422831 loops=1)
  Hash Cond: (mc.movie_id = t.id)
  ->  Seq Scan on movie_companies mc  (cost=0.00..57926.93 rows=288654 width=4) (actual time=0.023..929.499 rows=422831 loops=1)
        Filter: ((company_id < 663) AND (company_type_id < 2))
        Rows Removed by Filter: 2186298
  ->  Hash  (cost=61283.27..61283.27 rows=2528527 width=4) (actual time=1931.215..1931.215 rows=2528312 loops=1)
        Buckets: 131072  Batches: 64  Memory Usage: 2415kB
        ->  Seq Scan on title t  (cost=0.00..61283.27 rows=2528527 width=4) (actual time=0.015..1088.477 rows=2528312 loops=1)
Planning time: 0.767 ms
Execution time: 3596.638 ms
