Hash Join  (cost=74672.54..427083.48 rows=36617 width=0) (actual time=3413.584..7244.787 rows=77599 loops=1)
  Hash Cond: (mi.movie_id = t.id)
  ->  Seq Scan on movie_info mi  (cost=0.00..346232.03 rows=1550064 width=4) (actual time=2266.911..5698.713 rows=1533909 loops=1)
        Filter: (info_type_id = 3)
        Rows Removed by Filter: 13301811
  ->  Hash  (cost=73925.90..73925.90 rows=59731 width=4) (actual time=1146.231..1146.231 rows=64886 loops=1)
        Buckets: 65536  Batches: 1  Memory Usage: 2794kB
        ->  Seq Scan on title t  (cost=0.00..73925.90 rows=59731 width=4) (actual time=202.251..1119.919 rows=64886 loops=1)
              Filter: ((production_year < 2008) AND (kind_id = 2))
              Rows Removed by Filter: 2463426
Planning time: 1.298 ms
Execution time: 7252.942 ms
