Hash Join  (cost=78930.19..145035.45 rows=229276 width=0) (actual time=1408.415..2981.566 rows=286950 loops=1)
  Hash Cond: (mc.movie_id = t.id)
  ->  Seq Scan on movie_companies mc  (cost=0.00..51404.11 rows=839838 width=4) (actual time=0.034..974.825 rows=849540 loops=1)
        Filter: (company_id > 25295)
        Rows Removed by Filter: 1759589
  ->  Hash  (cost=67604.59..67604.59 rows=690288 width=4) (actual time=1407.369..1407.369 rows=684146 loops=1)
        Buckets: 131072  Batches: 16  Memory Usage: 2525kB
        ->  Seq Scan on title t  (cost=0.00..67604.59 rows=690288 width=4) (actual time=0.024..1183.504 rows=684146 loops=1)
              Filter: (production_year < 1990)
              Rows Removed by Filter: 1844166
Planning time: 4.738 ms
Execution time: 3015.582 ms
