Hash Join  (cost=101266.37..188008.17 rows=8377 width=0) (actual time=1516.611..3272.362 rows=8097 loops=1)
  Hash Cond: (mk.movie_id = t.id)
  ->  Seq Scan on movie_keyword mk  (cost=0.00..69693.30 rows=4523930 width=4) (actual time=0.022..956.240 rows=4523930 loops=1)
  ->  Hash  (cost=101207.84..101207.84 rows=4682 width=8) (actual time=1515.320..1515.320 rows=2180 loops=1)
        Buckets: 8192  Batches: 1  Memory Usage: 150kB
        ->  Hash Join  (cost=74246.92..101207.84 rows=4682 width=8) (actual time=951.957..1514.094 rows=2180 loops=1)
              Hash Cond: (mi_idx.movie_id = t.id)
              ->  Seq Scan on movie_info_idx mi_idx  (cost=0.00..25185.44 rows=460978 width=4) (actual time=0.030..436.129 rows=459925 loops=1)
                    Filter: (info_type_id = 99)
                    Rows Removed by Filter: 920110
              ->  Hash  (cost=73925.90..73925.90 rows=25681 width=4) (actual time=951.710..951.710 rows=23707 loops=1)
                    Buckets: 32768  Batches: 1  Memory Usage: 1090kB
                    ->  Seq Scan on title t  (cost=0.00..73925.90 rows=25681 width=4) (actual time=0.164..941.914 rows=23707 loops=1)
                          Filter: ((kind_id < 7) AND (production_year = 2013))
                          Rows Removed by Filter: 2504605
Planning time: 1.204 ms
Execution time: 3273.624 ms
