Hash Join  (cost=101762.73..475711.85 rows=58383 width=0) (actual time=1835.995..8496.312 rows=206892 loops=1)
  Hash Cond: (mi.movie_id = t.id)
  ->  Seq Scan on movie_info mi  (cost=0.00..346232.03 rows=7235534 width=4) (actual time=185.630..5396.205 rows=7286865 loops=1)
        Filter: (info_type_id < 8)
        Rows Removed by Filter: 7548855
  ->  Hash  (cost=101507.69..101507.69 rows=20403 width=8) (actual time=1577.943..1577.943 rows=26531 loops=1)
        Buckets: 32768  Batches: 1  Memory Usage: 1293kB
        ->  Hash Join  (cost=74393.18..101507.69 rows=20403 width=8) (actual time=1102.527..1569.375 rows=26531 loops=1)
              Hash Cond: (mi_idx.movie_id = t.id)
              ->  Seq Scan on movie_info_idx mi_idx  (cost=0.00..21735.35 rows=1380035 width=4) (actual time=0.017..243.186 rows=1380035 loops=1)
              ->  Hash  (cost=73925.90..73925.90 rows=37382 width=4) (actual time=1026.445..1026.445 rows=33190 loops=1)
                    Buckets: 65536  Batches: 1  Memory Usage: 1679kB
                    ->  Seq Scan on title t  (cost=0.00..73925.90 rows=37382 width=4) (actual time=361.909..1013.500 rows=33190 loops=1)
                          Filter: ((kind_id = 1) AND (production_year = 2010))
                          Rows Removed by Filter: 2495122
Planning time: 0.991 ms
Execution time: 8524.478 ms
