Hash Join  (cost=83074.74..434363.60 rows=131 width=0) (actual time=3607.315..7166.326 rows=49 loops=1)
  Hash Cond: (mi.movie_id = t.id)
  ->  Seq Scan on movie_info mi  (cost=0.00..346232.03 rows=1348138 width=4) (actual time=2264.614..5664.013 rows=1298989 loops=1)
        Filter: (info_type_id = 4)
        Rows Removed by Filter: 13536731
  ->  Hash  (cost=83071.67..83071.67 rows=246 width=8) (actual time=1318.964..1318.964 rows=34 loops=1)
        Buckets: 1024  Batches: 1  Memory Usage: 10kB
        ->  Nested Loop  (cost=0.43..83071.67 rows=246 width=8) (actual time=50.303..1318.901 rows=34 loops=1)
              ->  Seq Scan on movie_keyword mk  (cost=0.00..81003.12 rows=246 width=4) (actual time=50.177..1310.552 rows=34 loops=1)
                    Filter: (keyword_id = 23685)
                    Rows Removed by Filter: 4523896
              ->  Index Only Scan using title_pkey on title t  (cost=0.43..8.40 rows=1 width=4) (actual time=0.237..0.238 rows=1 loops=34)
                    Index Cond: (id = mk.movie_id)
                    Heap Fetches: 34
Planning time: 1.138 ms
Execution time: 7166.491 ms
