Seq Scan on movie_companies mc  (cost=0.00..57926.93 rows=783241 width=0) (actual time=0.020..994.999 rows=1079864 loops=1)
  Filter: ((company_id < 15946) AND (company_type_id < 2))
  Rows Removed by Filter: 1529265
Planning time: 0.325 ms
Execution time: 1127.682 ms
