Seq Scan on movie_keyword mk  (cost=0.00..81003.12 rows=2611692 width=0) (actual time=0.020..1518.931 rows=2602505 loops=1)
  Filter: (keyword_id < 7010)
  Rows Removed by Filter: 1921425
Planning time: 0.333 ms
Execution time: 1833.926 ms
