Hash Join  (cost=28268.62..392929.16 rows=463 width=0) (actual time=437.458..7330.536 rows=89784 loops=1)
  Hash Cond: (mi.movie_id = t.id)
  ->  Seq Scan on movie_info mi  (cost=0.00..309384.22 rows=14739122 width=4) (actual time=0.008..4151.603 rows=14835720 loops=1)
  ->  Hash  (cost=28267.64..28267.64 rows=79 width=8) (actual time=436.599..436.599 rows=248 loops=1)
        Buckets: 1024  Batches: 1  Memory Usage: 18kB
        ->  Nested Loop  (cost=0.43..28267.64 rows=79 width=8) (actual time=52.517..436.474 rows=248 loops=1)
              ->  Seq Scan on movie_info_idx mi_idx  (cost=0.00..25185.44 rows=368 width=4) (actual time=52.434..428.710 rows=260 loops=1)
                    Filter: (info_type_id > 101)
                    Rows Removed by Filter: 1379775
              ->  Index Scan using title_pkey on title t  (cost=0.43..8.37 rows=1 width=4) (actual time=0.029..0.029 rows=1 loops=260)
                    Index Cond: (id = mi_idx.movie_id)
                    Filter: ((production_year < 2011) AND (kind_id = 1))
                    Rows Removed by Filter: 0
Planning time: 1.275 ms
Execution time: 7342.982 ms
