Seq Scan on movie_keyword mk  (cost=0.00..81003.12 rows=2955285 width=0) (actual time=0.019..1502.287 rows=2937681 loops=1)
  Filter: (keyword_id < 9807)
  Rows Removed by Filter: 1586249
Planning time: 0.317 ms
Execution time: 1868.870 ms
