Hash Join  (cost=74461.72..441616.30 rows=249866 width=0) (actual time=1310.380..9797.929 rows=184502 loops=1)
  Hash Cond: (mi.movie_id = t.id)
  ->  Seq Scan on movie_info mi  (cost=0.00..309384.22 rows=14739122 width=4) (actual time=0.006..4227.249 rows=14835720 loops=1)
  ->  Hash  (cost=73925.90..73925.90 rows=42865 width=4) (actual time=1309.986..1309.986 rows=49850 loops=1)
        Buckets: 65536  Batches: 1  Memory Usage: 2265kB
        ->  Seq Scan on title t  (cost=0.00..73925.90 rows=42865 width=4) (actual time=0.054..1287.729 rows=49850 loops=1)
              Filter: ((kind_id > 1) AND (production_year = 2001))
              Rows Removed by Filter: 2478462
Planning time: 0.746 ms
Execution time: 9826.434 ms
