Hash Join  (cost=832324.71..1196291.92 rows=175071 width=0) (actual time=18364.137..21476.791 rows=208305 loops=1)
  Hash Cond: (mi.movie_id = t.id)
  ->  Seq Scan on movie_info mi  (cost=0.00..346232.03 rows=1264125 width=4) (actual time=3015.905..5384.343 rows=1288928 loops=1)
        Filter: (info_type_id = 2)
        Rows Removed by Filter: 13546792
  ->  Hash  (cost=826579.45..826579.45 rows=350181 width=8) (actual time=15347.138..15347.138 rows=316118 loops=1)
        Buckets: 131072  Batches: 8  Memory Usage: 2577kB
        ->  Hash Join  (cost=102767.86..826579.45 rows=350181 width=8) (actual time=2152.304..15246.230 rows=316118 loops=1)
              Hash Cond: (ci.movie_id = t.id)
              ->  Seq Scan on cast_info ci  (cost=0.00..705507.15 rows=350181 width=4) (actual time=241.454..12608.092 rows=316118 loops=1)
                    Filter: (role_id > 10)
                    Rows Removed by Filter: 35928226
              ->  Hash  (cost=61283.27..61283.27 rows=2528527 width=4) (actual time=1909.830..1909.830 rows=2528312 loops=1)
                    Buckets: 131072  Batches: 64  Memory Usage: 2415kB
                    ->  Seq Scan on title t  (cost=0.00..61283.27 rows=2528527 width=4) (actual time=0.033..1068.070 rows=2528312 loops=1)
Planning time: 1.246 ms
Execution time: 21501.827 ms
