Hash Join  (cost=83073.10..447732.81 rows=379 width=0) (actual time=1247.891..7247.918 rows=7713 loops=1)
  Hash Cond: (mi.movie_id = t.id)
  ->  Seq Scan on movie_info mi  (cost=0.00..309384.22 rows=14739122 width=4) (actual time=0.010..3473.767 rows=14835720 loops=1)
  ->  Hash  (cost=83072.29..83072.29 rows=65 width=8) (actual time=1247.356..1247.356 rows=104 loops=1)
        Buckets: 1024  Batches: 1  Memory Usage: 13kB
        ->  Nested Loop  (cost=0.43..83072.29 rows=65 width=8) (actual time=2.827..1247.219 rows=104 loops=1)
              ->  Seq Scan on movie_keyword mk  (cost=0.00..81003.12 rows=246 width=4) (actual time=2.780..1241.967 rows=131 loops=1)
                    Filter: (keyword_id = 11393)
                    Rows Removed by Filter: 4523799
              ->  Index Scan using title_pkey on title t  (cost=0.43..8.40 rows=1 width=4) (actual time=0.036..0.036 rows=1 loops=131)
                    Index Cond: (id = mk.movie_id)
                    Filter: (kind_id = 1)
                    Rows Removed by Filter: 0
Planning time: 1.525 ms
Execution time: 7249.403 ms
