Seq Scan on cast_info ci  (cost=0.00..796071.18 rows=2080807 width=0) (actual time=0.037..11789.024 rows=6009979 loops=1)
  Filter: ((person_id > 3026759) AND (role_id > 3))
  Rows Removed by Filter: 30234365
Planning time: 0.433 ms
Execution time: 12534.202 ms
