Hash Join  (cost=228568.43..365659.43 rows=1644371 width=0) (actual time=5116.137..10638.408 rows=12061650 loops=1)
  Hash Cond: (mk.movie_id = t.id)
  ->  Seq Scan on movie_keyword mk  (cost=0.00..81003.12 rows=2608034 width=4) (actual time=0.016..1642.379 rows=2591160 loops=1)
        Filter: (keyword_id > 3319)
        Rows Removed by Filter: 1932770
  ->  Hash  (cost=202412.40..202412.40 rows=1594242 width=8) (actual time=5114.920..5114.920 rows=1594058 loops=1)
        Buckets: 131072  Batches: 32  Memory Usage: 3017kB
        ->  Hash Join  (cost=102767.86..202412.40 rows=1594242 width=8) (actual time=1911.643..4676.964 rows=1594058 loops=1)
              Hash Cond: (mc.movie_id = t.id)
              ->  Seq Scan on movie_companies mc  (cost=0.00..51404.11 rows=1594242 width=4) (actual time=0.017..1038.508 rows=1594058 loops=1)
                    Filter: (company_id > 5197)
                    Rows Removed by Filter: 1015071
              ->  Hash  (cost=61283.27..61283.27 rows=2528527 width=4) (actual time=1910.216..1910.216 rows=2528312 loops=1)
                    Buckets: 131072  Batches: 64  Memory Usage: 2415kB
                    ->  Seq Scan on title t  (cost=0.00..61283.27 rows=2528527 width=4) (actual time=0.020..1075.163 rows=2528312 loops=1)
Planning time: 1.122 ms
Execution time: 11902.658 ms
