Seq Scan on movie_companies mc  (cost=0.00..51404.11 rows=853122 width=0) (actual time=0.029..906.456 rows=860025 loops=1)
  Filter: (company_id > 24276)
  Rows Removed by Filter: 1749104
Planning time: 0.314 ms
Execution time: 1007.853 ms
