Seq Scan on movie_keyword mk  (cost=0.00..81003.12 rows=4200832 width=0) (actual time=0.027..1622.480 rows=4204491 loops=1)
  Filter: (keyword_id < 51107)
  Rows Removed by Filter: 319439
Planning time: 0.294 ms
Execution time: 2145.112 ms
