Seq Scan on movie_info mi  (cost=0.00..346232.03 rows=36538 width=0) (actual time=1723.210..5669.793 rows=32053 loops=1)
  Filter: (info_type_id > 108)
  Rows Removed by Filter: 14803667
Planning time: 0.326 ms
Execution time: 5674.237 ms
