Seq Scan on title t  (cost=0.00..73925.90 rows=1963 width=0) (actual time=85.429..1044.443 rows=3361 loops=1)
  Filter: ((kind_id = 1) AND (production_year = 1963))
  Rows Removed by Filter: 2524951
Planning time: 0.394 ms
Execution time: 1045.284 ms
