Hash Join  (cost=76444.38..143195.56 rows=41017 width=0) (actual time=1281.357..2571.871 rows=36187 loops=1)
  Hash Cond: (mc.movie_id = t.id)
  ->  Seq Scan on movie_companies mc  (cost=0.00..57926.93 rows=675754 width=4) (actual time=0.026..1108.237 rows=454368 loops=1)
        Filter: ((company_id > 11137) AND (company_type_id = 1))
        Rows Removed by Filter: 2154761
  ->  Hash  (cost=73925.90..73925.90 rows=153478 width=4) (actual time=1280.504..1280.504 rows=134760 loops=1)
        Buckets: 131072  Batches: 4  Memory Usage: 2216kB
        ->  Seq Scan on title t  (cost=0.00..73925.90 rows=153478 width=4) (actual time=0.020..1234.054 rows=134760 loops=1)
              Filter: ((kind_id < 7) AND (production_year > 2010))
              Rows Removed by Filter: 2393552
Planning time: 0.768 ms
Execution time: 2575.743 ms
