Hash Join  (cost=58358.42..145016.50 rows=4 width=0) (actual time=887.121..2569.460 rows=14040 loops=1)
  Hash Cond: (mk.movie_id = t.id)
  ->  Seq Scan on movie_keyword mk  (cost=0.00..69693.30 rows=4523930 width=4) (actual time=0.027..900.673 rows=4523930 loops=1)
  ->  Hash  (cost=58358.39..58358.39 rows=2 width=8) (actual time=872.099..872.099 rows=576 loops=1)
        Buckets: 1024  Batches: 1  Memory Usage: 31kB
        ->  Nested Loop  (cost=0.43..58358.39 rows=2 width=8) (actual time=474.108..871.777 rows=576 loops=1)
              ->  Seq Scan on movie_companies mc  (cost=0.00..57926.93 rows=51 width=4) (actual time=474.033..860.598 rows=579 loops=1)
                    Filter: ((company_type_id < 2) AND (company_id = 11663))
                    Rows Removed by Filter: 2608550
              ->  Index Scan using title_pkey on title t  (cost=0.43..8.45 rows=1 width=4) (actual time=0.018..0.018 rows=1 loops=579)
                    Index Cond: (id = mc.movie_id)
                    Filter: (kind_id = 4)
                    Rows Removed by Filter: 0
Planning time: 1.253 ms
Execution time: 2571.350 ms
