Hash Join  (cost=118205.06..194680.29 rows=103372 width=0) (actual time=2578.264..4593.363 rows=712702 loops=1)
  Hash Cond: (mc.movie_id = t.id)
  ->  Seq Scan on movie_companies mc  (cost=0.00..44881.29 rows=2609129 width=4) (actual time=0.022..869.167 rows=2609129 loops=1)
  ->  Hash  (cost=116560.83..116560.83 rows=100178 width=8) (actual time=2493.165..2493.165 rows=192353 loops=1)
        Buckets: 131072 (originally 131072)  Batches: 4 (originally 2)  Memory Usage: 3073kB
        ->  Hash Join  (cost=82871.49..116560.83 rows=100178 width=8) (actual time=1801.803..2432.362 rows=192353 loops=1)
              Hash Cond: (mi_idx.movie_id = t.id)
              ->  Seq Scan on movie_info_idx mi_idx  (cost=0.00..25185.44 rows=464566 width=4) (actual time=0.025..479.185 rows=459925 loops=1)
                    Filter: (info_type_id = 101)
                    Rows Removed by Filter: 920110
              ->  Hash  (cost=73925.90..73925.90 rows=545247 width=4) (actual time=1600.038..1600.038 rows=557319 loops=1)
                    Buckets: 131072  Batches: 8  Memory Usage: 3485kB
                    ->  Seq Scan on title t  (cost=0.00..73925.90 rows=545247 width=4) (actual time=188.476..1422.255 rows=557319 loops=1)
                          Filter: ((production_year < 2011) AND (kind_id = 1))
                          Rows Removed by Filter: 1970993
Planning time: 3.161 ms
Execution time: 4666.888 ms
