Seq Scan on movie_keyword mk  (cost=0.00..81003.12 rows=246 width=0) (actual time=1.854..1283.172 rows=290 loops=1)
  Filter: (keyword_id = 3586)
  Rows Removed by Filter: 4523640
Planning time: 0.364 ms
Execution time: 1283.462 ms
