Nested Loop  (cost=0.43..83072.90 rows=98 width=0) (actual time=31.144..1398.407 rows=7 loops=1)
  ->  Seq Scan on movie_keyword mk  (cost=0.00..81003.12 rows=246 width=4) (actual time=27.129..1393.348 rows=50 loops=1)
        Filter: (keyword_id = 24470)
        Rows Removed by Filter: 4523880
  ->  Index Scan using title_pkey on title t  (cost=0.43..8.40 rows=1 width=4) (actual time=0.096..0.096 rows=0 loops=50)
        Index Cond: (id = mk.movie_id)
        Filter: ((production_year > 1994) AND (kind_id = 7))
        Rows Removed by Filter: 1
Planning time: 2.173 ms
Execution time: 1398.508 ms
