Hash Join  (cost=105772.75..178912.27 rows=255960 width=0) (actual time=2048.344..3741.673 rows=498824 loops=1)
  Hash Cond: (mc.movie_id = t.id)
  ->  Seq Scan on movie_companies mc  (cost=0.00..57926.93 rows=278197 width=4) (actual time=0.028..904.259 rows=550618 loops=1)
        Filter: ((company_id > 71869) AND (company_type_id > 1))
        Rows Removed by Filter: 2058511
  ->  Hash  (cost=67604.59..67604.59 rows=2326413 width=4) (actual time=2047.394..2047.394 rows=2320300 loops=1)
        Buckets: 131072  Batches: 32  Memory Usage: 3577kB
        ->  Seq Scan on title t  (cost=0.00..67604.59 rows=2326413 width=4) (actual time=0.012..1317.562 rows=2320300 loops=1)
              Filter: (production_year > 1937)
              Rows Removed by Filter: 208012
Planning time: 0.760 ms
Execution time: 3793.600 ms
