Hash Join  (cost=508567.53..602640.62 rows=1379956 width=0) (actual time=9259.342..11892.033 rows=901818 loops=1)
  Hash Cond: (mc.movie_id = t.id)
  ->  Seq Scan on movie_companies mc  (cost=0.00..44881.29 rows=2609129 width=4) (actual time=0.012..908.510 rows=2609129 loops=1)
  ->  Hash  (cost=486626.96..486626.96 rows=1337326 width=8) (actual time=8815.185..8815.185 rows=370692 loops=1)
        Buckets: 131072  Batches: 32  Memory Usage: 1463kB
        ->  Hash Join  (cost=92883.59..486626.96 rows=1337326 width=8) (actual time=2303.915..8720.426 rows=370692 loops=1)
              Hash Cond: (mi.movie_id = t.id)
              ->  Seq Scan on movie_info mi  (cost=0.00..346232.03 rows=2194617 width=4) (actual time=616.913..5734.002 rows=2233850 loops=1)
                    Filter: (info_type_id > 16)
                    Rows Removed by Filter: 12601870
              ->  Hash  (cost=67604.59..67604.59 rows=1540800 width=4) (actual time=1686.070..1686.070 rows=1543264 loops=1)
                    Buckets: 131072  Batches: 32  Memory Usage: 2728kB
                    ->  Seq Scan on title t  (cost=0.00..67604.59 rows=1540800 width=4) (actual time=3.929..1180.943 rows=1543264 loops=1)
                          Filter: (kind_id = 7)
                          Rows Removed by Filter: 985048
Planning time: 1.127 ms
Execution time: 11994.105 ms
