Hash Join  (cost=92883.59..1085042.87 rows=6126099 width=0) (actual time=6863.892..21767.887 rows=3225661 loops=1)
  Hash Cond: (ci.movie_id = t.id)
  ->  Seq Scan on cast_info ci  (cost=0.00..796071.18 rows=10053223 width=4) (actual time=4967.919..15487.579 rows=5505625 loops=1)
        Filter: ((person_id < 2276091) AND (role_id > 2))
        Rows Removed by Filter: 30738719
  ->  Hash  (cost=67604.59..67604.59 rows=1540800 width=4) (actual time=1894.890..1894.890 rows=1543264 loops=1)
        Buckets: 131072  Batches: 32  Memory Usage: 2722kB
        ->  Seq Scan on title t  (cost=0.00..67604.59 rows=1540800 width=4) (actual time=0.025..1408.669 rows=1543264 loops=1)
              Filter: (kind_id = 7)
              Rows Removed by Filter: 985048
Planning time: 0.789 ms
Execution time: 22129.926 ms
