Hash Join  (cost=74201.04..115658.78 rows=219426 width=0) (actual time=1517.768..2710.078 rows=236422 loops=1)
  Hash Cond: (mi_idx.movie_id = t.id)
  ->  Seq Scan on movie_info_idx mi_idx  (cost=0.00..21735.35 rows=1380035 width=4) (actual time=0.020..470.808 rows=1380035 loops=1)
  ->  Hash  (cost=67604.59..67604.59 rows=402036 width=4) (actual time=1516.856..1516.856 rows=395872 loops=1)
        Buckets: 131072  Batches: 8  Memory Usage: 2759kB
        ->  Seq Scan on title t  (cost=0.00..67604.59 rows=402036 width=4) (actual time=0.019..1126.134 rows=395872 loops=1)
              Filter: (production_year < 1972)
              Rows Removed by Filter: 2132440
Planning time: 0.763 ms
Execution time: 2741.003 ms
