Seq Scan on movie_keyword mk  (cost=0.00..81003.12 rows=3902824 width=0) (actual time=0.031..1600.973 rows=3903206 loops=1)
  Filter: (keyword_id < 29378)
  Rows Removed by Filter: 620724
Planning time: 0.333 ms
Execution time: 2076.925 ms
