Hash Join  (cost=124653.55..986971.94 rows=448515 width=0) (actual time=2468.539..24892.568 rows=1034466 loops=1)
  Hash Cond: (ci.movie_id = t.id)
  ->  Seq Scan on cast_info ci  (cost=0.00..796071.18 rows=16469882 width=4) (actual time=0.012..16751.703 rows=20573028 loops=1)
        Filter: ((person_id > 1050614) AND (role_id > 1))
        Rows Removed by Filter: 15671316
  ->  Hash  (cost=123792.83..123792.83 rows=68858 width=8) (actual time=2467.302..2467.302 rows=53637 loops=1)
        Buckets: 131072  Batches: 1  Memory Usage: 3120kB
        ->  Hash Join  (cost=68438.72..123792.83 rows=68858 width=8) (actual time=1206.812..2445.780 rows=53637 loops=1)
              Hash Cond: (mc.movie_id = t.id)
              ->  Seq Scan on movie_companies mc  (cost=0.00..44881.29 rows=2609129 width=4) (actual time=0.014..550.352 rows=2609129 loops=1)
              ->  Hash  (cost=67604.59..67604.59 rows=66731 width=4) (actual time=1206.172..1206.172 rows=67342 loops=1)
                    Buckets: 131072  Batches: 1  Memory Usage: 3392kB
                    ->  Seq Scan on title t  (cost=0.00..67604.59 rows=66731 width=4) (actual time=0.058..1177.976 rows=67342 loops=1)
                          Filter: (production_year > 2012)
                          Rows Removed by Filter: 2460970
Planning time: 0.770 ms
Execution time: 25030.244 ms
