Seq Scan on cast_info ci  (cost=0.00..705507.15 rows=16765141 width=0) (actual time=0.026..11948.760 rows=16623343 loops=1)
  Filter: (person_id < 1645502)
  Rows Removed by Filter: 19621001
Planning time: 0.323 ms
Execution time: 13991.530 ms
