Hash Join  (cost=220815.58..1231066.43 rows=9702526 width=0) (actual time=4702.580..33539.827 rows=22587309 loops=1)
  Hash Cond: (ci.movie_id = t.id)
  ->  Seq Scan on cast_info ci  (cost=0.00..705507.15 rows=17490784 width=4) (actual time=0.018..14036.694 rows=17365827 loops=1)
        Filter: (person_id < 1716754)
        Rows Removed by Filter: 18878517
  ->  Hash  (cost=197802.71..197802.71 rows=1402630 width=8) (actual time=4701.803..4701.803 rows=1391055 loops=1)
        Buckets: 131072  Batches: 32  Memory Usage: 2685kB
        ->  Hash Join  (cost=102767.86..197802.71 rows=1402630 width=8) (actual time=1862.316..4349.141 rows=1391055 loops=1)
              Hash Cond: (mc.movie_id = t.id)
              ->  Seq Scan on movie_companies mc  (cost=0.00..51404.11 rows=1402630 width=4) (actual time=0.011..1033.015 rows=1391055 loops=1)
                    Filter: (company_id < 12079)
                    Rows Removed by Filter: 1218074
              ->  Hash  (cost=61283.27..61283.27 rows=2528527 width=4) (actual time=1861.271..1861.271 rows=2528312 loops=1)
                    Buckets: 131072  Batches: 64  Memory Usage: 2415kB
                    ->  Seq Scan on title t  (cost=0.00..61283.27 rows=2528527 width=4) (actual time=0.010..1055.258 rows=2528312 loops=1)
Planning time: 1.153 ms
Execution time: 36047.644 ms
