Hash Join  (cost=160212.76..1052243.64 rows=4074940 width=0) (actual time=3780.880..25125.157 rows=7742633 loops=1)
  Hash Cond: (ci.movie_id = t.id)
  ->  Seq Scan on cast_info ci  (cost=0.00..705507.15 rows=12324888 width=4) (actual time=0.026..13228.900 rows=12237645 loops=1)
        Filter: (person_id < 1205866)
        Rows Removed by Filter: 24006699
  ->  Hash  (cost=146496.78..146496.78 rows=835999 width=8) (actual time=3779.757..3779.757 rows=758770 loops=1)
        Buckets: 131072  Batches: 16  Memory Usage: 2875kB
        ->  Hash Join  (cost=92735.26..146496.78 rows=835999 width=8) (actual time=1996.140..3571.386 rows=758770 loops=1)
              Hash Cond: (mi_idx.movie_id = t.id)
              ->  Seq Scan on movie_info_idx mi_idx  (cost=0.00..21735.35 rows=1380035 width=4) (actual time=0.025..479.855 rows=1380035 loops=1)
              ->  Hash  (cost=67604.59..67604.59 rows=1531734 width=4) (actual time=1994.048..1994.048 rows=1531613 loops=1)
                    Buckets: 131072  Batches: 32  Memory Usage: 2708kB
                    ->  Seq Scan on title t  (cost=0.00..67604.59 rows=1531734 width=4) (actual time=0.015..1476.599 rows=1531613 loops=1)
                          Filter: (production_year > 1997)
                          Rows Removed by Filter: 996699
Planning time: 1.167 ms
Execution time: 26052.709 ms
