Hash Join  (cost=257739.58..1392159.83 rows=13432948 width=0) (actual time=6057.249..33767.106 rows=14010360 loops=1)
  Hash Cond: (ci.movie_id = t.id)
  ->  Seq Scan on cast_info ci  (cost=0.00..705507.15 rows=22532130 width=4) (actual time=0.022..14813.167 rows=22389778 loops=1)
        Filter: (person_id < 2282403)
        Rows Removed by Filter: 13854566
  ->  Hash  (cost=233007.73..233007.73 rows=1507428 width=8) (actual time=6054.683..6054.683 rows=821521 loops=1)
        Buckets: 131072  Batches: 32  Memory Usage: 2015kB
        ->  Hash Join  (cost=98864.94..233007.73 rows=1507428 width=8) (actual time=1893.981..5822.845 rows=821521 loops=1)
              Hash Cond: (mk.movie_id = t.id)
              ->  Seq Scan on movie_keyword mk  (cost=0.00..81003.12 rows=2507477 width=4) (actual time=0.018..1668.707 rows=2501999 loops=1)
                    Filter: (keyword_id > 3618)
                    Rows Removed by Filter: 2021931
              ->  Hash  (cost=73925.90..73925.90 rows=1520083 width=4) (actual time=1888.561..1888.561 rows=1507233 loops=1)
                    Buckets: 131072  Batches: 32  Memory Usage: 2686kB
                    ->  Seq Scan on title t  (cost=0.00..73925.90 rows=1520083 width=4) (actual time=0.014..1402.461 rows=1507233 loops=1)
                          Filter: ((kind_id > 1) AND (production_year < 2011))
                          Rows Removed by Filter: 1021079
Planning time: 1.205 ms
Execution time: 35121.902 ms
