Hash Join  (cost=240224.52..855527.97 rows=10972062 width=0) (actual time=5604.461..31997.852 rows=56020204 loops=1)
  Hash Cond: (mi.movie_id = t.id)
  ->  Seq Scan on movie_info mi  (cost=0.00..309384.22 rows=14739122 width=4) (actual time=0.013..6227.271 rows=14835720 loops=1)
  ->  Hash  (cost=209343.02..209343.02 rows=1882280 width=8) (actual time=5603.553..5603.553 rows=1877621 loops=1)
        Buckets: 131072  Batches: 32  Memory Usage: 3357kB
        ->  Hash Join  (cost=102767.86..209343.02 rows=1882280 width=8) (actual time=2102.311..5056.605 rows=1877621 loops=1)
              Hash Cond: (mc.movie_id = t.id)
              ->  Seq Scan on movie_companies mc  (cost=0.00..51404.11 rows=1882280 width=4) (actual time=0.608..1041.780 rows=1877621 loops=1)
                    Filter: (company_id < 40383)
                    Rows Removed by Filter: 731508
              ->  Hash  (cost=61283.27..61283.27 rows=2528527 width=4) (actual time=2100.659..2100.659 rows=2528312 loops=1)
                    Buckets: 131072  Batches: 64  Memory Usage: 2415kB
                    ->  Seq Scan on title t  (cost=0.00..61283.27 rows=2528527 width=4) (actual time=0.016..1253.574 rows=2528312 loops=1)
Planning time: 1.160 ms
Execution time: 37902.155 ms
