Hash Join  (cost=263115.61..1705637.79 rows=26928011 width=0) (actual time=9540.727..56265.824 rows=49601200 loops=1)
  Hash Cond: (ci.movie_id = t.id)
  ->  Seq Scan on cast_info ci  (cost=0.00..796071.18 rows=26096143 width=4) (actual time=2778.142..19498.131 rows=25760926 loops=1)
        Filter: ((person_id > 486622) AND (role_id < 9))
        Rows Removed by Filter: 10483418
  ->  Hash  (cost=220309.49..220309.49 rows=2609129 width=8) (actual time=6761.280..6761.280 rows=2609129 loops=1)
        Buckets: 131072  Batches: 64  Memory Usage: 2610kB
        ->  Hash Join  (cost=102767.86..220309.49 rows=2609129 width=8) (actual time=2079.922..5599.177 rows=2609129 loops=1)
              Hash Cond: (mc.movie_id = t.id)
              ->  Seq Scan on movie_companies mc  (cost=0.00..44881.29 rows=2609129 width=4) (actual time=0.018..912.439 rows=2609129 loops=1)
              ->  Hash  (cost=61283.27..61283.27 rows=2528527 width=4) (actual time=2078.532..2078.532 rows=2528312 loops=1)
                    Buckets: 131072  Batches: 64  Memory Usage: 2415kB
                    ->  Seq Scan on title t  (cost=0.00..61283.27 rows=2528527 width=4) (actual time=0.015..1067.322 rows=2528312 loops=1)
Planning time: 1.114 ms
Execution time: 61598.421 ms
