Hash Join  (cost=98137.04..1165416.54 rows=12934090 width=0) (actual time=2076.256..29469.161 rows=12135803 loops=1)
  Hash Cond: (ci.movie_id = t.id)
  ->  Seq Scan on cast_info ci  (cost=0.00..705507.15 rows=17573490 width=4) (actual time=0.021..14479.321 rows=17442448 loops=1)
        Filter: (person_id < 1725172)
        Rows Removed by Filter: 18801896
  ->  Hash  (cost=67604.59..67604.59 rows=1860996 width=4) (actual time=2074.831..2074.831 rows=1865487 loops=1)
        Buckets: 131072  Batches: 32  Memory Usage: 3079kB
        ->  Seq Scan on title t  (cost=0.00..67604.59 rows=1860996 width=4) (actual time=0.010..1253.282 rows=1865487 loops=1)
              Filter: (kind_id > 1)
              Rows Removed by Filter: 662825
Planning time: 0.708 ms
Execution time: 30861.105 ms
