Hash Join  (cost=83074.74..447745.01 rows=1434 width=0) (actual time=1327.860..8087.289 rows=40521 loops=1)
  Hash Cond: (mi.movie_id = t.id)
  ->  Seq Scan on movie_info mi  (cost=0.00..309384.22 rows=14739122 width=4) (actual time=0.013..4096.405 rows=14835720 loops=1)
  ->  Hash  (cost=83071.67..83071.67 rows=246 width=8) (actual time=1326.885..1326.885 rows=505 loops=1)
        Buckets: 1024  Batches: 1  Memory Usage: 28kB
        ->  Nested Loop  (cost=0.43..83071.67 rows=246 width=8) (actual time=24.007..1326.469 rows=505 loops=1)
              ->  Seq Scan on movie_keyword mk  (cost=0.00..81003.12 rows=246 width=4) (actual time=23.926..1297.935 rows=505 loops=1)
                    Filter: (keyword_id = 1783)
                    Rows Removed by Filter: 4523425
              ->  Index Only Scan using title_pkey on title t  (cost=0.43..8.40 rows=1 width=4) (actual time=0.054..0.055 rows=1 loops=505)
                    Index Cond: (id = mk.movie_id)
                    Heap Fetches: 505
Planning time: 1.160 ms
Execution time: 8093.526 ms
