Hash Join  (cost=150492.46..1209320.29 rows=2435966 width=0) (actual time=3286.425..31075.648 rows=4184442 loops=1)
  Hash Cond: (ci.movie_id = t.id)
  ->  Seq Scan on cast_info ci  (cost=0.00..614943.12 rows=36225612 width=4) (actual time=0.015..12366.550 rows=36244344 loops=1)
  ->  Hash  (cost=147702.10..147702.10 rows=170029 width=8) (actual time=3285.304..3285.304 rows=114526 loops=1)
        Buckets: 131072  Batches: 4  Memory Usage: 2155kB
        ->  Hash Join  (cost=70308.29..147702.10 rows=170029 width=8) (actual time=1205.087..3247.853 rows=114526 loops=1)
              Hash Cond: (mc.movie_id = t.id)
              ->  Seq Scan on movie_companies mc  (cost=0.00..44881.29 rows=2609129 width=4) (actual time=0.032..952.958 rows=2609129 loops=1)
              ->  Hash  (cost=67604.59..67604.59 rows=164776 width=4) (actual time=1204.278..1204.278 rows=164307 loops=1)
                    Buckets: 131072  Batches: 4  Memory Usage: 2482kB
                    ->  Seq Scan on title t  (cost=0.00..67604.59 rows=164776 width=4) (actual time=0.013..1147.180 rows=164307 loops=1)
                          Filter: (production_year = 2012)
                          Rows Removed by Filter: 2364005
Planning time: 1.156 ms
Execution time: 31576.735 ms
