Hash Join  (cost=84197.31..151067.01 rows=128293 width=0) (actual time=1823.273..2817.882 rows=146507 loops=1)
  Hash Cond: (mc.movie_id = t.id)
  ->  Seq Scan on movie_companies mc  (cost=0.00..57926.93 rows=320756 width=4) (actual time=364.587..929.154 rows=463432 loops=1)
        Filter: ((company_id < 865) AND (company_type_id < 2))
        Rows Removed by Filter: 2145697
  ->  Hash  (cost=67604.59..67604.59 rows=1011338 width=4) (actual time=1457.785..1457.785 rows=1012920 loops=1)
        Buckets: 131072  Batches: 16  Memory Usage: 3250kB
        ->  Seq Scan on title t  (cost=0.00..67604.59 rows=1011338 width=4) (actual time=0.025..1151.076 rows=1012920 loops=1)
              Filter: (production_year > 2005)
              Rows Removed by Filter: 1515392
Planning time: 0.841 ms
Execution time: 2835.473 ms
