Hash Join  (cost=77456.80..570647.56 rows=1254383 width=0) (actual time=1331.630..13820.183 rows=525928 loops=1)
  Hash Cond: (mi.movie_id = t.id)
  ->  Seq Scan on movie_info mi  (cost=0.00..309384.22 rows=14739122 width=4) (actual time=0.015..5361.081 rows=14835720 loops=1)
  ->  Hash  (cost=73925.90..73925.90 rows=215192 width=4) (actual time=1220.623..1220.623 rows=95345 loops=1)
        Buckets: 131072  Batches: 4  Memory Usage: 1866kB
        ->  Seq Scan on title t  (cost=0.00..73925.90 rows=215192 width=4) (actual time=0.025..1184.151 rows=95345 loops=1)
              Filter: ((kind_id > 3) AND (production_year < 1967))
              Rows Removed by Filter: 2432967
Planning time: 1.211 ms
Execution time: 13883.634 ms
