Seq Scan on cast_info ci  (cost=0.00..705507.15 rows=6294473 width=0) (actual time=0.021..11421.052 rows=6374448 loops=1)
  Filter: (person_id > 3016607)
  Rows Removed by Filter: 29869896
Planning time: 0.338 ms
Execution time: 12184.792 ms
