Seq Scan on movie_keyword mk  (cost=0.00..81003.12 rows=2979885 width=0) (actual time=0.023..1561.025 rows=2964543 loops=1)
  Filter: (keyword_id < 10093)
  Rows Removed by Filter: 1559387
Planning time: 0.326 ms
Execution time: 1933.006 ms
