Hash Join  (cost=102767.86..183764.72 rows=548180 width=0) (actual time=2497.084..3640.507 rows=267759 loops=1)
  Hash Cond: (mc.movie_id = t.id)
  ->  Seq Scan on movie_companies mc  (cost=0.00..57926.93 rows=548180 width=4) (actual time=424.644..952.608 rows=267759 loops=1)
        Filter: ((company_id > 13549) AND (company_type_id = 1))
        Rows Removed by Filter: 2341370
  ->  Hash  (cost=61283.27..61283.27 rows=2528527 width=4) (actual time=2069.815..2069.815 rows=2528312 loops=1)
        Buckets: 131072  Batches: 64  Memory Usage: 2415kB
        ->  Seq Scan on title t  (cost=0.00..61283.27 rows=2528527 width=4) (actual time=0.373..1065.729 rows=2528312 loops=1)
Planning time: 1.155 ms
Execution time: 3672.434 ms
