Hash Join  (cost=129928.86..1040589.85 rows=12665229 width=169) (actual time=2618.359..29476.720 rows=12744652 loops=1)
  Hash Cond: (mi.movie_id = t.id)
  ->  Seq Scan on movie_info mi  (cost=0.00..346232.03 rows=12665229 width=75) (actual time=164.614..9492.604 rows=12744652 loops=1)
        Filter: (info_type_id > 2)
        Rows Removed by Filter: 2091068
  ->  Hash  (cost=61283.27..61283.27 rows=2528527 width=94) (actual time=2451.742..2451.742 rows=2528312 loops=1)
        Buckets: 32768  Batches: 128  Memory Usage: 2470kB
        ->  Seq Scan on title t  (cost=0.00..61283.27 rows=2528527 width=94) (actual time=0.017..1138.936 rows=2528312 loops=1)
Planning time: 0.686 ms
Execution time: 30163.676 ms
