Hash Join  (cost=79388.64..148574.72 rows=168478 width=0) (actual time=1349.939..3018.215 rows=197425 loops=1)
  Hash Cond: (mc.movie_id = t.id)
  ->  Seq Scan on movie_companies mc  (cost=0.00..51404.11 rows=1279517 width=4) (actual time=0.019..1020.170 rows=1274246 loops=1)
        Filter: (company_type_id < 2)
        Rows Removed by Filter: 1334883
  ->  Hash  (cost=73925.90..73925.90 rows=332939 width=4) (actual time=1349.066..1349.066 rows=255571 loops=1)
        Buckets: 131072  Batches: 8  Memory Usage: 2147kB
        ->  Seq Scan on title t  (cost=0.00..73925.90 rows=332939 width=4) (actual time=564.091..1264.637 rows=255571 loops=1)
              Filter: ((production_year > 2002) AND (kind_id = 1))
              Rows Removed by Filter: 2272741
Planning time: 0.749 ms
Execution time: 3042.592 ms
