Hash Join  (cost=74228.29..864764.11 rows=211534 width=0) (actual time=1141.142..19940.821 rows=200544 loops=1)
  Hash Cond: (ci.movie_id = t.id)
  ->  Seq Scan on cast_info ci  (cost=0.00..705507.15 rows=22110222 width=4) (actual time=0.022..12872.467 rows=21966813 loops=1)
        Filter: (person_id < 2234825)
        Rows Removed by Filter: 14277531
  ->  Hash  (cost=73925.90..73925.90 rows=24191 width=4) (actual time=1140.443..1140.443 rows=24602 loops=1)
        Buckets: 32768  Batches: 1  Memory Usage: 1121kB
        ->  Seq Scan on title t  (cost=0.00..73925.90 rows=24191 width=4) (actual time=108.862..1129.776 rows=24602 loops=1)
              Filter: ((kind_id = 7) AND (production_year = 1995))
              Rows Removed by Filter: 2503710
Planning time: 0.858 ms
Execution time: 19971.763 ms
