Seq Scan on movie_companies mc  (cost=0.00..57926.93 rows=91517 width=0) (actual time=48.814..938.108 rows=146931 loops=1)
  Filter: ((company_id < 49) AND (company_type_id < 2))
  Rows Removed by Filter: 2462198
Planning time: 0.407 ms
Execution time: 957.604 ms
