Nested Loop  (cost=0.43..58375.18 rows=53 width=0) (actual time=441.762..871.539 rows=315 loops=1)
  ->  Seq Scan on movie_companies mc  (cost=0.00..57926.93 rows=53 width=4) (actual time=441.683..850.744 rows=315 loops=1)
        Filter: ((company_type_id > 1) AND (company_id = 78866))
        Rows Removed by Filter: 2608814
  ->  Index Only Scan using title_pkey on title t  (cost=0.43..8.45 rows=1 width=4) (actual time=0.065..0.065 rows=1 loops=315)
        Index Cond: (id = mc.movie_id)
        Heap Fetches: 315
Planning time: 0.774 ms
Execution time: 871.690 ms
