Seq Scan on cast_info ci  (cost=0.00..705507.15 rows=500 width=0) (actual time=2183.790..11047.450 rows=276 loops=1)
  Filter: (person_id = 1371938)
  Rows Removed by Filter: 36244068
Planning time: 8.357 ms
Execution time: 11047.606 ms
