Hash Join  (cost=709675.80..1074338.26 rows=653 width=0) (actual time=10499.222..17345.456 rows=11 loops=1)
  Hash Cond: (mi.movie_id = t.id)
  ->  Seq Scan on movie_info mi  (cost=0.00..309384.22 rows=14739122 width=4) (actual time=0.020..4517.418 rows=14835720 loops=1)
  ->  Hash  (cost=709674.40..709674.40 rows=112 width=8) (actual time=10175.307..10175.307 rows=1 loops=1)
        Buckets: 1024  Batches: 1  Memory Usage: 9kB
        ->  Nested Loop  (cost=0.43..709674.40 rows=112 width=8) (actual time=10151.996..10175.261 rows=1 loops=1)
              ->  Seq Scan on cast_info ci  (cost=0.00..705507.15 rows=500 width=4) (actual time=3561.993..10174.978 rows=4 loops=1)
                    Filter: (person_id = 2827808)
                    Rows Removed by Filter: 36244340
              ->  Index Scan using title_pkey on title t  (cost=0.43..8.32 rows=1 width=4) (actual time=0.042..0.042 rows=0 loops=4)
                    Index Cond: (id = ci.movie_id)
                    Filter: ((kind_id < 7) AND (production_year < 2006))
                    Rows Removed by Filter: 1
Planning time: 1.299 ms
Execution time: 17345.618 ms
