Seq Scan on movie_keyword mk  (cost=0.00..81003.12 rows=3795742 width=0) (actual time=0.013..1583.507 rows=3799422 loops=1)
  Filter: (keyword_id > 643)
  Rows Removed by Filter: 724508
Planning time: 0.321 ms
Execution time: 2058.283 ms
