Seq Scan on cast_info ci  (cost=0.00..705507.15 rows=500 width=0) (actual time=342.821..11237.078 rows=535 loops=1)
  Filter: (person_id = 1213343)
  Rows Removed by Filter: 36243809
Planning time: 0.376 ms
Execution time: 11237.275 ms
