Hash Join  (cost=102767.86..1081639.40 rows=7186361 width=0) (actual time=1922.113..20249.559 rows=4459693 loops=1)
  Hash Cond: (ci.movie_id = t.id)
  ->  Seq Scan on cast_info ci  (cost=0.00..796071.18 rows=7186361 width=4) (actual time=0.029..13802.362 rows=4459693 loops=1)
        Filter: ((person_id < 1578043) AND (role_id > 2))
        Rows Removed by Filter: 31784651
  ->  Hash  (cost=61283.27..61283.27 rows=2528527 width=4) (actual time=1920.825..1920.825 rows=2528312 loops=1)
        Buckets: 131072  Batches: 64  Memory Usage: 2415kB
        ->  Seq Scan on title t  (cost=0.00..61283.27 rows=2528527 width=4) (actual time=0.008..1062.017 rows=2528312 loops=1)
Planning time: 0.722 ms
Execution time: 20789.969 ms
