Seq Scan on movie_companies mc  (cost=0.00..51404.11 rows=1681209 width=0) (actual time=0.013..978.599 rows=1672290 loops=1)
  Filter: (company_id < 19199)
  Rows Removed by Filter: 936839
Planning time: 0.435 ms
Execution time: 1193.529 ms
