Nested Loop  (cost=0.43..58375.18 rows=53 width=0) (actual time=38.999..1005.313 rows=113 loops=1)
  ->  Seq Scan on movie_companies mc  (cost=0.00..57926.93 rows=53 width=4) (actual time=38.894..999.021 rows=113 loops=1)
        Filter: ((company_type_id > 1) AND (company_id = 6216))
        Rows Removed by Filter: 2609016
  ->  Index Only Scan using title_pkey on title t  (cost=0.43..8.45 rows=1 width=4) (actual time=0.053..0.054 rows=1 loops=113)
        Index Cond: (id = mc.movie_id)
        Heap Fetches: 113
Planning time: 0.766 ms
Execution time: 1005.440 ms
