Hash Join  (cost=74393.18..166843.02 rows=43416 width=0) (actual time=1241.337..3049.669 rows=58113 loops=1)
  Hash Cond: (mk.movie_id = t.id)
  ->  Seq Scan on movie_keyword mk  (cost=0.00..81003.12 rows=2936681 width=4) (actual time=0.025..1332.874 rows=2923102 loops=1)
        Filter: (keyword_id < 9563)
        Rows Removed by Filter: 1600828
  ->  Hash  (cost=73925.90..73925.90 rows=37382 width=4) (actual time=1240.808..1240.808 rows=33190 loops=1)
        Buckets: 65536  Batches: 1  Memory Usage: 1679kB
        ->  Seq Scan on title t  (cost=0.00..73925.90 rows=37382 width=4) (actual time=527.656..1226.945 rows=33190 loops=1)
              Filter: ((kind_id = 1) AND (production_year = 2010))
              Rows Removed by Filter: 2495122
Planning time: 0.816 ms
Execution time: 3057.385 ms
