Hash Join  (cost=156487.41..244509.82 rows=71061 width=0) (actual time=3435.336..5102.770 rows=298599 loops=1)
  Hash Cond: (mk.movie_id = t.id)
  ->  Seq Scan on movie_keyword mk  (cost=0.00..81003.12 rows=389780 width=4) (actual time=0.024..1342.163 rows=387166 loops=1)
        Filter: (keyword_id > 44434)
        Rows Removed by Filter: 4136764
  ->  Hash  (cost=148924.19..148924.19 rows=460978 width=8) (actual time=3434.526..3434.526 rows=459925 loops=1)
        Buckets: 131072  Batches: 8  Memory Usage: 3284kB
        ->  Hash Join  (cost=102767.86..148924.19 rows=460978 width=8) (actual time=2013.668..3311.380 rows=459925 loops=1)
              Hash Cond: (mi_idx.movie_id = t.id)
              ->  Seq Scan on movie_info_idx mi_idx  (cost=0.00..25185.44 rows=460978 width=4) (actual time=0.033..554.774 rows=459925 loops=1)
                    Filter: (info_type_id = 99)
                    Rows Removed by Filter: 920110
              ->  Hash  (cost=61283.27..61283.27 rows=2528527 width=4) (actual time=2011.857..2011.857 rows=2528312 loops=1)
                    Buckets: 131072  Batches: 64  Memory Usage: 2415kB
                    ->  Seq Scan on title t  (cost=0.00..61283.27 rows=2528527 width=4) (actual time=0.016..1145.162 rows=2528312 loops=1)
Planning time: 2.212 ms
Execution time: 5135.726 ms
