Hash Join  (cost=542808.31..1593058.74 rows=9604399 width=0) (actual time=10316.352..31129.143 rows=6908337 loops=1)
  Hash Cond: (ci.movie_id = t.id)
  ->  Seq Scan on cast_info ci  (cost=0.00..796071.18 rows=11709853 width=4) (actual time=0.015..15184.352 rows=6069332 loops=1)
        Filter: ((person_id < 2710445) AND (role_id > 2))
        Rows Removed by Filter: 30175012
  ->  Hash  (cost=508782.64..508782.64 rows=2073893 width=8) (actual time=10315.031..10315.031 rows=2091068 loops=1)
        Buckets: 131072  Batches: 32  Memory Usage: 3553kB
        ->  Hash Join  (cost=102767.86..508782.64 rows=2073893 width=8) (actual time=2503.453..9731.796 rows=2091068 loops=1)
              Hash Cond: (mi.movie_id = t.id)
              ->  Seq Scan on movie_info mi  (cost=0.00..346232.03 rows=2073893 width=4) (actual time=623.379..5633.679 rows=2091068 loops=1)
                    Filter: (info_type_id < 3)
                    Rows Removed by Filter: 12744652
              ->  Hash  (cost=61283.27..61283.27 rows=2528527 width=4) (actual time=1879.059..1879.059 rows=2528312 loops=1)
                    Buckets: 131072  Batches: 64  Memory Usage: 2425kB
                    ->  Seq Scan on title t  (cost=0.00..61283.27 rows=2528527 width=4) (actual time=0.023..1022.204 rows=2528312 loops=1)
Planning time: 1.195 ms
Execution time: 31974.289 ms
