Seq Scan on movie_companies mc  (cost=0.00..57926.93 rows=2615 width=0) (actual time=12.149..807.547 rows=46 loops=1)
  Filter: ((company_id = 52) AND (company_type_id = 2))
  Rows Removed by Filter: 2609083
Planning time: 0.376 ms
Execution time: 807.661 ms
