Hash Join  (cost=91123.00..243488.78 rows=2163547 width=0) (actual time=1853.974..5974.368 rows=1755842 loops=1)
  Hash Cond: (mk.movie_id = t.id)
  ->  Seq Scan on movie_keyword mk  (cost=0.00..81003.12 rows=3816317 width=4) (actual time=0.022..1875.852 rows=3810091 loops=1)
        Filter: (keyword_id < 26443)
        Rows Removed by Filter: 713839
  ->  Hash  (cost=67604.59..67604.59 rows=1433473 width=4) (actual time=1852.293..1852.293 rows=1434466 loops=1)
        Buckets: 131072  Batches: 32  Memory Usage: 2608kB
        ->  Seq Scan on title t  (cost=0.00..67604.59 rows=1433473 width=4) (actual time=0.019..1372.239 rows=1434466 loops=1)
              Filter: (production_year > 1999)
              Rows Removed by Filter: 1093846
Planning time: 0.751 ms
Execution time: 6151.841 ms
