Hash Join  (cost=93117.31..905203.31 rows=322325 width=0) (actual time=1998.754..12572.920 rows=172742 loops=1)
  Hash Cond: (ci.movie_id = t.id)
  ->  Seq Scan on cast_info ci  (cost=0.00..796071.18 rows=524114 width=4) (actual time=97.667..9618.592 rows=289110 loops=1)
        Filter: ((person_id < 109249) AND (role_id > 2))
        Rows Removed by Filter: 35955234
  ->  Hash  (cost=67604.59..67604.59 rows=1555018 width=4) (actual time=1899.319..1899.319 rows=1551727 loops=1)
        Buckets: 131072  Batches: 32  Memory Usage: 2728kB
        ->  Seq Scan on title t  (cost=0.00..67604.59 rows=1555018 width=4) (actual time=0.026..1395.350 rows=1551727 loops=1)
              Filter: (production_year < 2007)
              Rows Removed by Filter: 976585
Planning time: 3.300 ms
Execution time: 12592.762 ms
