Hash Join  (cost=817414.98..3517374.33 rows=126929206 width=0) (actual time=18970.118..109783.806 rows=209120111 loops=1)
  Hash Cond: (ci.movie_id = t.id)
  ->  Seq Scan on cast_info ci  (cost=0.00..614943.12 rows=36225612 width=4) (actual time=0.017..14049.014 rows=36244344 loops=1)
  ->  Hash  (cost=672062.16..672062.16 rows=8859586 width=8) (actual time=18967.305..18967.305 rows=8966694 loops=1)
        Buckets: 131072  Batches: 128  Memory Usage: 3745kB
        ->  Hash Join  (cost=102767.86..672062.16 rows=8859586 width=8) (actual time=2101.611..16572.828 rows=8966694 loops=1)
              Hash Cond: (mi.movie_id = t.id)
              ->  Seq Scan on movie_info mi  (cost=0.00..346232.03 rows=8859586 width=4) (actual time=0.022..6664.564 rows=8966694 loops=1)
                    Filter: (info_type_id < 15)
                    Rows Removed by Filter: 5869026
              ->  Hash  (cost=61283.27..61283.27 rows=2528527 width=4) (actual time=2100.209..2100.209 rows=2528312 loops=1)
                    Buckets: 131072  Batches: 64  Memory Usage: 2425kB
                    ->  Seq Scan on title t  (cost=0.00..61283.27 rows=2528527 width=4) (actual time=0.022..1196.249 rows=2528312 loops=1)
Planning time: 1.248 ms
Execution time: 132101.859 ms
