Hash Join  (cost=102767.86..241553.26 rows=1990786 width=0) (actual time=2087.478..5482.143 rows=1996641 loops=1)
  Hash Cond: (mk.movie_id = t.id)
  ->  Seq Scan on movie_keyword mk  (cost=0.00..81003.12 rows=1990786 width=4) (actual time=0.019..1500.162 rows=1996641 loops=1)
        Filter: (keyword_id > 6267)
        Rows Removed by Filter: 2527289
  ->  Hash  (cost=61283.27..61283.27 rows=2528527 width=4) (actual time=2085.412..2085.412 rows=2528312 loops=1)
        Buckets: 131072  Batches: 64  Memory Usage: 2425kB
        ->  Seq Scan on title t  (cost=0.00..61283.27 rows=2528527 width=4) (actual time=0.020..1094.153 rows=2528312 loops=1)
Planning time: 0.549 ms
Execution time: 5717.521 ms
