Hash Join  (cost=75297.62..199121.98 rows=149532 width=0) (actual time=1177.825..3966.744 rows=241007 loops=1)
  Hash Cond: (mk.movie_id = t.id)
  ->  Seq Scan on movie_keyword mk  (cost=0.00..69693.30 rows=4523930 width=4) (actual time=0.021..1361.915 rows=4523930 loops=1)
  ->  Hash  (cost=73925.90..73925.90 rows=83577 width=4) (actual time=1176.981..1176.981 rows=92182 loops=1)
        Buckets: 131072  Batches: 2  Memory Usage: 2655kB
        ->  Seq Scan on title t  (cost=0.00..73925.90 rows=83577 width=4) (actual time=0.018..1141.671 rows=92182 loops=1)
              Filter: ((production_year < 2011) AND (kind_id = 3))
              Rows Removed by Filter: 2436130
Planning time: 0.781 ms
Execution time: 3998.485 ms
