Seq Scan on movie_keyword mk  (cost=0.00..81003.12 rows=1984022 width=0) (actual time=0.014..1583.095 rows=1983992 loops=1)
  Filter: (keyword_id < 3510)
  Rows Removed by Filter: 2539938
Planning time: 0.333 ms
Execution time: 1849.031 ms
