Hash Join  (cost=373648.26..1185369.17 rows=25926827 width=0) (actual time=9800.431..73505.289 rows=229968969 loops=1)
  Hash Cond: (mi.movie_id = t.id)
  ->  Seq Scan on movie_info mi  (cost=0.00..309384.22 rows=14739122 width=4) (actual time=0.012..6345.118 rows=14835720 loops=1)
  ->  Hash  (cost=300675.75..300675.75 rows=4447801 width=8) (actual time=9799.354..9799.354 rows=4448582 loops=1)
        Buckets: 131072  Batches: 64  Memory Usage: 3840kB
        ->  Hash Join  (cost=102767.86..300675.75 rows=4447801 width=8) (actual time=2640.224..8665.395 rows=4448582 loops=1)
              Hash Cond: (mk.movie_id = t.id)
              ->  Seq Scan on movie_keyword mk  (cost=0.00..81003.12 rows=4447801 width=4) (actual time=0.020..1821.183 rows=4448582 loops=1)
                    Filter: (keyword_id < 89251)
                    Rows Removed by Filter: 75348
              ->  Hash  (cost=61283.27..61283.27 rows=2528527 width=4) (actual time=2637.155..2637.155 rows=2528312 loops=1)
                    Buckets: 131072  Batches: 64  Memory Usage: 2425kB
                    ->  Seq Scan on title t  (cost=0.00..61283.27 rows=2528527 width=4) (actual time=0.017..1157.275 rows=2528312 loops=1)
Planning time: 0.789 ms
Execution time: 97799.580 ms
