Nested Loop  (cost=0.43..796925.64 rows=62 width=0) (actual time=798.612..11052.924 rows=17 loops=1)
  ->  Seq Scan on cast_info ci  (cost=0.00..796071.18 rows=101 width=4) (actual time=797.897..11051.895 rows=25 loops=1)
        Filter: ((person_id = 2624412) AND (role_id = 2))
        Rows Removed by Filter: 36244319
  ->  Index Scan using title_pkey on title t  (cost=0.43..8.45 rows=1 width=4) (actual time=0.040..0.040 rows=1 loops=25)
        Index Cond: (id = ci.movie_id)
        Filter: (kind_id = 7)
        Rows Removed by Filter: 0
Planning time: 0.825 ms
Execution time: 11053.034 ms
