Hash Join  (cost=217858.32..1205414.50 rows=5823639 width=0) (actual time=4746.378..25480.866 rows=7577030 loops=1)
  Hash Cond: (ci.movie_id = t.id)
  ->  Seq Scan on cast_info ci  (cost=0.00..796071.18 rows=11074832 width=4) (actual time=0.013..13595.465 rows=9168483 loops=1)
        Filter: ((person_id > 2396199) AND (role_id < 10))
        Rows Removed by Filter: 27075861
  ->  Hash  (cost=196044.17..196044.17 rows=1329612 width=8) (actual time=4745.416..4745.416 rows=1334883 loops=1)
        Buckets: 131072  Batches: 32  Memory Usage: 2639kB
        ->  Hash Join  (cost=102767.86..196044.17 rows=1329612 width=8) (actual time=1952.122..4386.971 rows=1334883 loops=1)
              Hash Cond: (mc.movie_id = t.id)
              ->  Seq Scan on movie_companies mc  (cost=0.00..51404.11 rows=1329612 width=4) (actual time=0.019..959.317 rows=1334883 loops=1)
                    Filter: (company_type_id > 1)
                    Rows Removed by Filter: 1274246
              ->  Hash  (cost=61283.27..61283.27 rows=2528527 width=4) (actual time=1949.998..1949.998 rows=2528312 loops=1)
                    Buckets: 131072  Batches: 64  Memory Usage: 2415kB
                    ->  Seq Scan on title t  (cost=0.00..61283.27 rows=2528527 width=4) (actual time=0.010..1101.711 rows=2528312 loops=1)
Planning time: 1.236 ms
Execution time: 26317.446 ms
