Hash Join  (cost=217858.32..1258470.14 rows=10313391 width=0) (actual time=4942.175..35214.679 rows=18068807 loops=1)
  Hash Cond: (ci.movie_id = t.id)
  ->  Seq Scan on cast_info ci  (cost=0.00..705507.15 rows=19613005 width=4) (actual time=0.021..14987.508 rows=19778382 loops=1)
        Filter: (person_id > 1630459)
        Rows Removed by Filter: 16465962
  ->  Hash  (cost=196044.17..196044.17 rows=1329612 width=8) (actual time=4940.802..4940.802 rows=1334883 loops=1)
        Buckets: 131072  Batches: 32  Memory Usage: 2639kB
        ->  Hash Join  (cost=102767.86..196044.17 rows=1329612 width=8) (actual time=2365.774..4525.723 rows=1334883 loops=1)
              Hash Cond: (mc.movie_id = t.id)
              ->  Seq Scan on movie_companies mc  (cost=0.00..51404.11 rows=1329612 width=4) (actual time=408.249..1010.044 rows=1334883 loops=1)
                    Filter: (company_type_id = 2)
                    Rows Removed by Filter: 1274246
              ->  Hash  (cost=61283.27..61283.27 rows=2528527 width=4) (actual time=1956.261..1956.261 rows=2528312 loops=1)
                    Buckets: 131072  Batches: 64  Memory Usage: 2415kB
                    ->  Seq Scan on title t  (cost=0.00..61283.27 rows=2528527 width=4) (actual time=0.009..1146.551 rows=2528312 loops=1)
Planning time: 1.132 ms
Execution time: 37326.211 ms
