Seq Scan on movie_companies mc  (cost=0.00..51404.11 rows=846834 width=0) (actual time=0.017..844.589 rows=842312 loops=1)
  Filter: (company_id < 2231)
  Rows Removed by Filter: 1766817
Planning time: 0.354 ms
Execution time: 947.402 ms
