Seq Scan on cast_info ci  (cost=0.00..796071.18 rows=382 width=0) (actual time=6733.189..13822.647 rows=52 loops=1)
  Filter: ((role_id < 6) AND (person_id = 1274508))
  Rows Removed by Filter: 36244292
Planning time: 0.369 ms
Execution time: 13822.764 ms
