Seq Scan on movie_keyword mk  (cost=0.00..81003.12 rows=246 width=0) (actual time=0.594..1219.262 rows=691 loops=1)
  Filter: (keyword_id = 4340)
  Rows Removed by Filter: 4523239
Planning time: 0.226 ms
Execution time: 1219.639 ms
