Seq Scan on cast_info ci  (cost=0.00..705507.15 rows=24206785 width=0) (actual time=0.021..13214.585 rows=24309063 loops=1)
  Filter: (person_id > 1173747)
  Rows Removed by Filter: 11935281
Planning time: 0.335 ms
Execution time: 16204.496 ms
