Hash Join  (cost=74054.89..447715.45 rows=29528 width=0) (actual time=1003.793..7658.237 rows=25026 loops=1)
  Hash Cond: (mi.movie_id = t.id)
  ->  Seq Scan on movie_info mi  (cost=0.00..346232.03 rows=7235534 width=4) (actual time=110.975..5622.053 rows=7286865 loops=1)
        Filter: (info_type_id < 8)
        Rows Removed by Filter: 7548855
  ->  Hash  (cost=73925.90..73925.90 rows=10319 width=4) (actual time=891.923..891.923 rows=4674 loops=1)
        Buckets: 16384  Batches: 1  Memory Usage: 293kB
        ->  Seq Scan on title t  (cost=0.00..73925.90 rows=10319 width=4) (actual time=46.083..889.600 rows=4674 loops=1)
              Filter: ((production_year < 1964) AND (kind_id = 2))
              Rows Removed by Filter: 2523638
Planning time: 0.756 ms
Execution time: 7662.344 ms
