Hash Join  (cost=58375.85..85286.62 rows=29 width=0) (actual time=1504.630..1541.115 rows=846 loops=1)
  Hash Cond: (mi_idx.movie_id = t.id)
  ->  Seq Scan on movie_info_idx mi_idx  (cost=0.00..21735.35 rows=1380035 width=4) (actual time=0.017..309.568 rows=1380035 loops=1)
  ->  Hash  (cost=58375.18..58375.18 rows=53 width=8) (actual time=970.456..970.456 rows=297 loops=1)
        Buckets: 1024  Batches: 1  Memory Usage: 20kB
        ->  Nested Loop  (cost=0.43..58375.18 rows=53 width=8) (actual time=137.170..970.317 rows=297 loops=1)
              ->  Seq Scan on movie_companies mc  (cost=0.00..57926.93 rows=53 width=4) (actual time=137.067..966.392 rows=297 loops=1)
                    Filter: ((company_type_id > 1) AND (company_id = 10248))
                    Rows Removed by Filter: 2608832
              ->  Index Only Scan using title_pkey on title t  (cost=0.43..8.45 rows=1 width=4) (actual time=0.012..0.012 rows=1 loops=297)
                    Index Cond: (id = mc.movie_id)
                    Heap Fetches: 297
Planning time: 1.086 ms
Execution time: 1541.375 ms
