Hash Join  (cost=75071.77..108243.55 rows=83622 width=0) (actual time=1312.910..2200.654 rows=91717 loops=1)
  Hash Cond: (mi_idx.movie_id = t.id)
  ->  Seq Scan on movie_info_idx mi_idx  (cost=0.00..25185.44 rows=464566 width=4) (actual time=0.027..572.932 rows=459925 loops=1)
        Filter: (info_type_id = 101)
        Rows Removed by Filter: 920110
  ->  Hash  (cost=67604.59..67604.59 rows=455135 width=4) (actual time=1311.985..1311.985 rows=451569 loops=1)
        Buckets: 131072  Batches: 8  Memory Usage: 3003kB
        ->  Seq Scan on title t  (cost=0.00..67604.59 rows=455135 width=4) (actual time=0.022..1168.222 rows=451569 loops=1)
              Filter: (production_year < 1976)
              Rows Removed by Filter: 2076743
Planning time: 0.837 ms
Execution time: 2211.880 ms
