Hash Join  (cost=102767.86..1613307.51 rows=33045323 width=0) (actual time=2165.346..47422.521 rows=33167455 loops=1)
  Hash Cond: (ci.movie_id = t.id)
  ->  Seq Scan on cast_info ci  (cost=0.00..705507.15 rows=33045323 width=4) (actual time=0.027..17241.225 rows=33167455 loops=1)
        Filter: (person_id > 298275)
        Rows Removed by Filter: 3076889
  ->  Hash  (cost=61283.27..61283.27 rows=2528527 width=4) (actual time=2164.539..2164.539 rows=2528312 loops=1)
        Buckets: 131072  Batches: 64  Memory Usage: 2415kB
        ->  Seq Scan on title t  (cost=0.00..61283.27 rows=2528527 width=4) (actual time=0.016..1087.771 rows=2528312 loops=1)
Planning time: 0.686 ms
Execution time: 51147.801 ms
