Seq Scan on movie_companies mc  (cost=0.00..51404.11 rows=1950430 width=0) (actual time=0.024..961.918 rows=1945191 loops=1)
  Filter: (company_id < 51780)
  Rows Removed by Filter: 663938
Planning time: 0.350 ms
Execution time: 1194.840 ms
