Hash Join  (cost=232514.97..791009.33 rows=5647950 width=0) (actual time=5942.720..21064.688 rows=6012301 loops=1)
  Hash Cond: (mi.movie_id = t.id)
  ->  Seq Scan on movie_info mi  (cost=0.00..309384.22 rows=14739122 width=4) (actual time=0.021..6063.089 rows=14835720 loops=1)
  ->  Hash  (cost=216618.50..216618.50 rows=968918 width=8) (actual time=5941.293..5941.293 rows=376394 loops=1)
        Buckets: 131072  Batches: 16  Memory Usage: 1915kB
        ->  Hash Join  (cost=82811.28..216618.50 rows=968918 width=8) (actual time=1942.541..5150.712 rows=376394 loops=1)
              Hash Cond: (mk.movie_id = t.id)
              ->  Seq Scan on movie_keyword mk  (cost=0.00..69693.30 rows=4523930 width=4) (actual time=0.033..1333.242 rows=4523930 loops=1)
              ->  Hash  (cost=73925.90..73925.90 rows=541550 width=4) (actual time=1940.458..1940.458 rows=404953 loops=1)
                    Buckets: 131072  Batches: 8  Memory Usage: 2802kB
                    ->  Seq Scan on title t  (cost=0.00..73925.90 rows=541550 width=4) (actual time=0.017..1212.571 rows=404953 loops=1)
                          Filter: ((kind_id > 1) AND (production_year < 1992))
                          Rows Removed by Filter: 2123359
Planning time: 1.121 ms
Execution time: 21750.723 ms
