Hash Join  (cost=94574.69..163320.89 rows=177612 width=0) (actual time=2196.148..3375.814 rows=241351 loops=1)
  Hash Cond: (mc.movie_id = t.id)
  ->  Seq Scan on movie_companies mc  (cost=0.00..57926.93 rows=356838 width=4) (actual time=290.088..968.144 rows=509588 loops=1)
        Filter: ((company_id < 1402) AND (company_type_id = 1))
        Rows Removed by Filter: 2099541
  ->  Hash  (cost=73925.90..73925.90 rows=1258543 width=4) (actual time=1904.394..1904.394 rows=1221534 loops=1)
        Buckets: 131072  Batches: 32  Memory Usage: 2363kB
        ->  Seq Scan on title t  (cost=0.00..73925.90 rows=1258543 width=4) (actual time=0.023..1415.316 rows=1221534 loops=1)
              Filter: ((production_year < 2011) AND (kind_id = 7))
              Rows Removed by Filter: 1306778
Planning time: 0.772 ms
Execution time: 3402.752 ms
