Hash Join  (cost=190519.48..711007.02 rows=3812661 width=0) (actual time=4145.654..20096.876 rows=14164032 loops=1)
  Hash Cond: (mi.movie_id = t.id)
  ->  Seq Scan on movie_info mi  (cost=0.00..309384.22 rows=14739122 width=4) (actual time=0.010..5626.225 rows=14835720 loops=1)
  ->  Hash  (cost=179788.61..179788.61 rows=654070 width=8) (actual time=4144.446..4144.446 rows=645660 loops=1)
        Buckets: 131072  Batches: 16  Memory Usage: 2624kB
        ->  Hash Join  (cost=102767.86..179788.61 rows=654070 width=8) (actual time=2037.494..3930.560 rows=645660 loops=1)
              Hash Cond: (mc.movie_id = t.id)
              ->  Seq Scan on movie_companies mc  (cost=0.00..51404.11 rows=654070 width=4) (actual time=0.027..897.052 rows=645660 loops=1)
                    Filter: (company_id < 865)
                    Rows Removed by Filter: 1963469
              ->  Hash  (cost=61283.27..61283.27 rows=2528527 width=4) (actual time=2035.653..2035.653 rows=2528312 loops=1)
                    Buckets: 131072  Batches: 64  Memory Usage: 2415kB
                    ->  Seq Scan on title t  (cost=0.00..61283.27 rows=2528527 width=4) (actual time=0.027..1186.628 rows=2528312 loops=1)
Planning time: 1.099 ms
Execution time: 21654.892 ms
