Hash Join  (cost=83810.17..173217.47 rows=114755 width=0) (actual time=1651.543..3395.502 rows=270219 loops=1)
  Hash Cond: (mk.movie_id = t.id)
  ->  Seq Scan on movie_keyword mk  (cost=0.00..81003.12 rows=293766 width=4) (actual time=0.016..1330.504 rows=290828 loops=1)
        Filter: (keyword_id > 55337)
        Rows Removed by Filter: 4233102
  ->  Hash  (cost=67604.59..67604.59 rows=987727 width=4) (actual time=1650.483..1650.483 rows=985048 loops=1)
        Buckets: 131072  Batches: 16  Memory Usage: 3197kB
        ->  Seq Scan on title t  (cost=0.00..67604.59 rows=987727 width=4) (actual time=0.012..1337.565 rows=985048 loops=1)
              Filter: (kind_id < 7)
              Rows Removed by Filter: 1543264
Planning time: 0.456 ms
Execution time: 3427.966 ms
