Hash Join  (cost=125979.51..618059.12 rows=1150267 width=0) (actual time=2835.075..17936.798 rows=8392438 loops=1)
  Hash Cond: (mi.movie_id = t.id)
  ->  Seq Scan on movie_info mi  (cost=0.00..309384.22 rows=14739122 width=4) (actual time=0.019..6154.072 rows=14835720 loops=1)
  ->  Hash  (cost=122741.87..122741.87 rows=197331 width=8) (actual time=2673.926..2673.926 rows=384706 loops=1)
        Buckets: 131072 (originally 131072)  Batches: 8 (originally 4)  Memory Usage: 3073kB
        ->  Hash Join  (cost=82871.49..122741.87 rows=197331 width=8) (actual time=1449.430..2563.900 rows=384706 loops=1)
              Hash Cond: (mi_idx.movie_id = t.id)
              ->  Seq Scan on movie_info_idx mi_idx  (cost=0.00..25185.44 rows=915101 width=4) (actual time=0.029..541.514 rows=919850 loops=1)
                    Filter: (info_type_id < 101)
                    Rows Removed by Filter: 460185
              ->  Hash  (cost=73925.90..73925.90 rows=545247 width=4) (actual time=1448.590..1448.590 rows=557319 loops=1)
                    Buckets: 131072  Batches: 8  Memory Usage: 3485kB
                    ->  Seq Scan on title t  (cost=0.00..73925.90 rows=545247 width=4) (actual time=587.481..1273.362 rows=557319 loops=1)
                          Filter: ((production_year < 2011) AND (kind_id = 1))
                          Rows Removed by Filter: 1970993
Planning time: 1.281 ms
Execution time: 18911.039 ms
