Hash Join  (cost=574345.85..1936046.02 rows=9879292 width=0) (actual time=13904.647..44165.842 rows=7486430 loops=1)
  Hash Cond: (ci.movie_id = t.id)
  ->  Seq Scan on cast_info ci  (cost=0.00..614943.12 rows=36225612 width=4) (actual time=0.024..12892.217 rows=36244344 loops=1)
  ->  Hash  (cost=563032.23..563032.23 rows=689569 width=8) (actual time=13903.169..13903.169 rows=333654 loops=1)
        Buckets: 131072  Batches: 16  Memory Usage: 1836kB
        ->  Hash Join  (cost=75867.62..563032.23 rows=689569 width=8) (actual time=1353.276..13182.994 rows=333654 loops=1)
              Hash Cond: (mi.movie_id = t.id)
              ->  Seq Scan on movie_info mi  (cost=0.00..309384.22 rows=14739122 width=4) (actual time=0.027..6159.632 rows=14835720 loops=1)
              ->  Hash  (cost=73925.90..73925.90 rows=118297 width=4) (actual time=1351.484..1351.484 rows=122606 loops=1)
                    Buckets: 131072  Batches: 2  Memory Usage: 3185kB
                    ->  Seq Scan on title t  (cost=0.00..73925.90 rows=118297 width=4) (actual time=0.017..1302.736 rows=122606 loops=1)
                          Filter: ((kind_id > 1) AND (production_year = 2011))
                          Rows Removed by Filter: 2405706
Planning time: 1.210 ms
Execution time: 45006.042 ms
