Hash Join  (cost=125519.97..618915.39 rows=1273548 width=0) (actual time=2873.857..18147.390 rows=9207299 loops=1)
  Hash Cond: (mi.movie_id = t.id)
  ->  Seq Scan on movie_info mi  (cost=0.00..309384.22 rows=14739122 width=4) (actual time=0.019..6149.583 rows=14835720 loops=1)
  ->  Hash  (cost=121934.97..121934.97 rows=218480 width=8) (actual time=2872.904..2872.904 rows=493645 loops=1)
        Buckets: 131072 (originally 131072)  Batches: 8 (originally 4)  Memory Usage: 3455kB
        ->  Hash Join  (cost=80493.69..121934.97 rows=218480 width=8) (actual time=1408.318..2711.134 rows=493645 loops=1)
              Hash Cond: (mi_idx.movie_id = t.id)
              ->  Seq Scan on movie_info_idx mi_idx  (cost=0.00..21735.35 rows=1380035 width=4) (actual time=0.023..472.485 rows=1380035 loops=1)
              ->  Hash  (cost=73925.90..73925.90 rows=400303 width=4) (actual time=1407.429..1407.429 rows=500611 loops=1)
                    Buckets: 131072  Batches: 8  Memory Usage: 3236kB
                    ->  Seq Scan on title t  (cost=0.00..73925.90 rows=400303 width=4) (actual time=0.057..1250.060 rows=500611 loops=1)
                          Filter: ((kind_id < 7) AND (production_year < 2000))
                          Rows Removed by Filter: 2027701
Planning time: 1.143 ms
Execution time: 19267.654 ms
