Seq Scan on movie_companies mc  (cost=0.00..57926.93 rows=798705 width=0) (actual time=279.309..1137.787 rows=1096890 loops=1)
  Filter: ((company_id < 16998) AND (company_type_id = 1))
  Rows Removed by Filter: 1512239
Planning time: 0.270 ms
Execution time: 1278.042 ms
