Hash Join  (cost=156632.57..968485.76 rows=191481 width=0) (actual time=16802.863..19006.673 rows=373399 loops=1)
  Hash Cond: (ci.movie_id = t.id)
  ->  Seq Scan on cast_info ci  (cost=0.00..796071.18 rows=1042187 width=4) (actual time=13393.758..14951.906 rows=1050445 loops=1)
        Filter: ((person_id > 315661) AND (role_id = 9))
        Rows Removed by Filter: 35193899
  ->  Hash  (cost=149010.49..149010.49 rows=464566 width=8) (actual time=3407.943..3407.943 rows=459925 loops=1)
        Buckets: 131072  Batches: 8  Memory Usage: 3275kB
        ->  Hash Join  (cost=102767.86..149010.49 rows=464566 width=8) (actual time=1948.899..3270.558 rows=459925 loops=1)
              Hash Cond: (mi_idx.movie_id = t.id)
              ->  Seq Scan on movie_info_idx mi_idx  (cost=0.00..25185.44 rows=464566 width=4) (actual time=0.037..519.029 rows=459925 loops=1)
                    Filter: (info_type_id = 101)
                    Rows Removed by Filter: 920110
              ->  Hash  (cost=61283.27..61283.27 rows=2528527 width=4) (actual time=1947.348..1947.348 rows=2528312 loops=1)
                    Buckets: 131072  Batches: 64  Memory Usage: 2415kB
                    ->  Seq Scan on title t  (cost=0.00..61283.27 rows=2528527 width=4) (actual time=0.012..1118.621 rows=2528312 loops=1)
Planning time: 2.415 ms
Execution time: 19046.270 ms
