Hash Join  (cost=365418.15..1797284.48 rows=36801215 width=0) (actual time=11578.722..65741.429 rows=119173867 loops=1)
  Hash Cond: (ci.movie_id = t.id)
  ->  Seq Scan on cast_info ci  (cost=0.00..705507.15 rows=20569033 width=4) (actual time=2919.130..14784.053 rows=20703744 loops=1)
        Filter: (person_id > 1533274)
        Rows Removed by Filter: 15540600
  ->  Hash  (cost=291197.02..291197.02 rows=4523930 width=8) (actual time=8657.606..8657.606 rows=4523930 loops=1)
        Buckets: 131072  Batches: 64  Memory Usage: 3816kB
        ->  Hash Join  (cost=102767.86..291197.02 rows=4523930 width=8) (actual time=1955.167..7339.185 rows=4523930 loops=1)
              Hash Cond: (mk.movie_id = t.id)
              ->  Seq Scan on movie_keyword mk  (cost=0.00..69693.30 rows=4523930 width=4) (actual time=0.020..1561.228 rows=4523930 loops=1)
              ->  Hash  (cost=61283.27..61283.27 rows=2528527 width=4) (actual time=1954.103..1954.103 rows=2528312 loops=1)
                    Buckets: 131072  Batches: 64  Memory Usage: 2425kB
                    ->  Seq Scan on title t  (cost=0.00..61283.27 rows=2528527 width=4) (actual time=0.021..1097.651 rows=2528312 loops=1)
Planning time: 3.195 ms
Execution time: 79221.930 ms
