Hash Join  (cost=709677.75..1074355.13 rows=2145 width=0) (actual time=10847.217..17471.183 rows=2 loops=1)
  Hash Cond: (mi.movie_id = t.id)
  ->  Seq Scan on movie_info mi  (cost=0.00..309384.22 rows=14739122 width=4) (actual time=0.019..4217.427 rows=14835720 loops=1)
  ->  Hash  (cost=709673.15..709673.15 rows=368 width=8) (actual time=10560.431..10560.431 rows=2 loops=1)
        Buckets: 1024  Batches: 1  Memory Usage: 9kB
        ->  Nested Loop  (cost=0.43..709673.15 rows=368 width=8) (actual time=1068.464..10560.404 rows=2 loops=1)
              ->  Seq Scan on cast_info ci  (cost=0.00..705507.15 rows=500 width=4) (actual time=1068.364..10560.247 rows=3 loops=1)
                    Filter: (person_id = 3191975)
                    Rows Removed by Filter: 36244341
              ->  Index Scan using title_pkey on title t  (cost=0.43..8.32 rows=1 width=4) (actual time=0.042..0.042 rows=1 loops=3)
                    Index Cond: (id = ci.movie_id)
                    Filter: (kind_id > 1)
                    Rows Removed by Filter: 0
Planning time: 1.508 ms
Execution time: 17471.442 ms
