Hash Join  (cost=256093.89..1208341.80 rows=7765847 width=0) (actual time=11828.887..33536.328 rows=26974867 loops=1)
  Hash Cond: (ci.movie_id = t.id)
  ->  Seq Scan on cast_info ci  (cost=0.00..705507.15 rows=12726058 width=4) (actual time=5986.154..14363.386 rows=12670688 loops=1)
        Filter: (role_id = 1)
        Rows Removed by Filter: 23573656
  ->  Hash  (cost=230778.54..230778.54 rows=1542988 width=8) (actual time=5841.643..5841.643 rows=1557980 loops=1)
        Buckets: 131072  Batches: 32  Memory Usage: 2914kB
        ->  Hash Join  (cost=102767.86..230778.54 rows=1542988 width=8) (actual time=2082.596..5393.124 rows=1557980 loops=1)
              Hash Cond: (mk.movie_id = t.id)
              ->  Seq Scan on movie_keyword mk  (cost=0.00..81003.12 rows=1542988 width=4) (actual time=0.037..1493.192 rows=1557980 loops=1)
                    Filter: (keyword_id > 10104)
                    Rows Removed by Filter: 2965950
              ->  Hash  (cost=61283.27..61283.27 rows=2528527 width=4) (actual time=2080.886..2080.886 rows=2528312 loops=1)
                    Buckets: 131072  Batches: 64  Memory Usage: 2425kB
                    ->  Seq Scan on title t  (cost=0.00..61283.27 rows=2528527 width=4) (actual time=0.018..1193.589 rows=2528312 loops=1)
Planning time: 1.114 ms
Execution time: 36758.150 ms
