Hash Join  (cost=964174.25..1613435.78 rows=13937581 width=0) (actual time=18080.541..40400.637 rows=36963395 loops=1)
  Hash Cond: (mi.movie_id = t.id)
  ->  Seq Scan on movie_info mi  (cost=0.00..346232.03 rows=9767026 width=4) (actual time=0.024..7223.576 rows=9911754 loops=1)
        Filter: (info_type_id > 4)
        Rows Removed by Filter: 4923966
  ->  Hash  (cost=904976.53..904976.53 rows=3608217 width=8) (actual time=18077.983..18077.983 rows=3490035 loops=1)
        Buckets: 131072  Batches: 64  Memory Usage: 3217kB
        ->  Hash Join  (cost=102767.86..904976.53 rows=3608217 width=8) (actual time=1918.505..16979.293 rows=3490035 loops=1)
              Hash Cond: (ci.movie_id = t.id)
              ->  Seq Scan on cast_info ci  (cost=0.00..705507.15 rows=3608217 width=4) (actual time=0.014..11381.791 rows=3490035 loops=1)
                    Filter: (person_id < 334751)
                    Rows Removed by Filter: 32754309
              ->  Hash  (cost=61283.27..61283.27 rows=2528527 width=4) (actual time=1917.598..1917.598 rows=2528312 loops=1)
                    Buckets: 131072  Batches: 64  Memory Usage: 2415kB
                    ->  Seq Scan on title t  (cost=0.00..61283.27 rows=2528527 width=4) (actual time=0.016..1057.317 rows=2528312 loops=1)
Planning time: 1.176 ms
Execution time: 44627.953 ms
