Seq Scan on cast_info ci  (cost=0.00..796071.18 rows=2161082 width=0) (actual time=8563.307..13605.680 rows=3626487 loops=1)
  Filter: ((person_id > 1782437) AND (role_id = 10))
  Rows Removed by Filter: 32617857
Planning time: 0.436 ms
Execution time: 14061.273 ms
