Hash Join  (cost=968343.39..1450814.13 rows=4372226 width=0) (actual time=19459.854..30800.523 rows=6737636 loops=1)
  Hash Cond: (mi.movie_id = t.id)
  ->  Seq Scan on movie_info mi  (cost=0.00..346232.03 rows=7503588 width=4) (actual time=769.952..6477.381 rows=7548855 loops=1)
        Filter: (info_type_id > 7)
        Rows Removed by Filter: 7286865
  ->  Hash  (cost=944170.71..944170.71 rows=1473334 width=8) (actual time=18688.759..18688.759 rows=1576648 loops=1)
        Buckets: 131072  Batches: 32  Memory Usage: 2936kB
        ->  Hash Join  (cost=102767.86..944170.71 rows=1473334 width=8) (actual time=9321.359..18118.017 rows=1576648 loops=1)
              Hash Cond: (ci.movie_id = t.id)
              ->  Seq Scan on cast_info ci  (cost=0.00..796071.18 rows=1473334 width=4) (actual time=6712.672..13249.195 rows=1576648 loops=1)
                    Filter: ((person_id > 1640187) AND (role_id = 4))
                    Rows Removed by Filter: 34667696
              ->  Hash  (cost=61283.27..61283.27 rows=2528527 width=4) (actual time=2606.819..2606.819 rows=2528312 loops=1)
                    Buckets: 131072  Batches: 64  Memory Usage: 2415kB
                    ->  Seq Scan on title t  (cost=0.00..61283.27 rows=2528527 width=4) (actual time=0.016..1157.646 rows=2528312 loops=1)
Planning time: 1.243 ms
Execution time: 31515.022 ms
