Seq Scan on cast_info ci  (cost=0.00..796071.18 rows=176 width=0) (actual time=3454.572..11018.288 rows=89 loops=1)
  Filter: ((person_id = 858292) AND (role_id = 1))
  Rows Removed by Filter: 36244255
Planning time: 0.449 ms
Execution time: 11018.407 ms
