Seq Scan on cast_info ci  (cost=0.00..705507.15 rows=29401759 width=0) (actual time=0.025..13019.965 rows=29336498 loops=1)
  Filter: (person_id < 2973550)
  Rows Removed by Filter: 6907846
Planning time: 0.308 ms
Execution time: 16684.027 ms
