Hash Join  (cost=102767.86..233349.06 rows=1649851 width=0) (actual time=1860.736..5041.143 rows=1658776 loops=1)
  Hash Cond: (mk.movie_id = t.id)
  ->  Seq Scan on movie_keyword mk  (cost=0.00..81003.12 rows=1649851 width=4) (actual time=0.020..1511.156 rows=1658776 loops=1)
        Filter: (keyword_id < 2546)
        Rows Removed by Filter: 2865154
  ->  Hash  (cost=61283.27..61283.27 rows=2528527 width=4) (actual time=1859.105..1859.105 rows=2528312 loops=1)
        Buckets: 131072  Batches: 64  Memory Usage: 2425kB
        ->  Seq Scan on title t  (cost=0.00..61283.27 rows=2528527 width=4) (actual time=0.024..1001.307 rows=2528312 loops=1)
Planning time: 0.727 ms
Execution time: 5233.842 ms
