Seq Scan on cast_info ci  (cost=0.00..705507.15 rows=3667114 width=0) (actual time=5719.094..11383.214 rows=3691294 loops=1)
  Filter: (person_id > 3391136)
  Rows Removed by Filter: 32553050
Planning time: 0.320 ms
Execution time: 11845.970 ms
