Hash Join  (cost=74050.79..893972.08 rows=264347 width=0) (actual time=10699.383..16287.420 rows=272528 loops=1)
  Hash Cond: (ci.movie_id = t.id)
  ->  Seq Scan on cast_info ci  (cost=0.00..796071.18 rows=1701237 width=4) (actual time=9508.241..14206.279 rows=1769885 loops=1)
        Filter: ((person_id > 1345332) AND (role_id = 4))
        Rows Removed by Filter: 34474459
  ->  Hash  (cost=67604.59..67604.59 rows=392896 width=4) (actual time=1190.222..1190.222 rows=391666 loops=1)
        Buckets: 131072  Batches: 8  Memory Usage: 2753kB
        ->  Seq Scan on title t  (cost=0.00..67604.59 rows=392896 width=4) (actual time=0.015..1062.807 rows=391666 loops=1)
              Filter: (production_year > 2010)
              Rows Removed by Filter: 2136646
Planning time: 0.841 ms
Execution time: 16317.203 ms
