Hash Join  (cost=190910.82..727303.74 rows=5303299 width=0) (actual time=4658.494..18050.214 rows=3832487 loops=1)
  Hash Cond: (mi.movie_id = t.id)
  ->  Seq Scan on movie_info mi  (cost=0.00..309384.22 rows=14739122 width=4) (actual time=0.015..6120.553 rows=14835720 loops=1)
  ->  Hash  (cost=175984.42..175984.42 rows=909792 width=8) (actual time=4657.347..4657.347 rows=438217 loops=1)
        Buckets: 131072  Batches: 16  Memory Usage: 2093kB
        ->  Hash Join  (cost=88391.98..175984.42 rows=909792 width=8) (actual time=2207.875..4513.398 rows=438217 loops=1)
              Hash Cond: (mc.movie_id = t.id)
              ->  Seq Scan on movie_companies mc  (cost=0.00..44881.29 rows=2609129 width=4) (actual time=0.017..974.255 rows=2609129 loops=1)
              ->  Hash  (cost=73925.90..73925.90 rows=881686 width=4) (actual time=1708.013..1708.013 rows=801513 loops=1)
                    Buckets: 131072  Batches: 16  Memory Usage: 2786kB
                    ->  Seq Scan on title t  (cost=0.00..73925.90 rows=881686 width=4) (actual time=0.012..1452.267 rows=801513 loops=1)
                          Filter: ((production_year < 2006) AND (kind_id = 7))
                          Rows Removed by Filter: 1726799
Planning time: 1.134 ms
Execution time: 18465.949 ms
