Hash Join  (cost=117760.09..194188.82 rows=100021 width=0) (actual time=2502.885..4782.799 rows=709439 loops=1)
  Hash Cond: (mc.movie_id = t.id)
  ->  Seq Scan on movie_companies mc  (cost=0.00..44881.29 rows=2609129 width=4) (actual time=0.012..973.531 rows=2609129 loops=1)
  ->  Hash  (cost=116169.45..116169.45 rows=96931 width=8) (actual time=2502.141..2502.141 rows=213102 loops=1)
        Buckets: 131072 (originally 131072)  Batches: 4 (originally 2)  Memory Usage: 3108kB
        ->  Hash Join  (cost=82581.58..116169.45 rows=96931 width=8) (actual time=1509.101..2426.896 rows=213102 loops=1)
              Hash Cond: (mi_idx.movie_id = t.id)
              ->  Seq Scan on movie_info_idx mi_idx  (cost=0.00..25185.44 rows=464566 width=4) (actual time=0.023..475.749 rows=459925 loops=1)
                    Filter: (info_type_id = 101)
                    Rows Removed by Filter: 920110
              ->  Hash  (cost=73925.90..73925.90 rows=527574 width=4) (actual time=1508.414..1508.414 rows=609532 loops=1)
                    Buckets: 131072  Batches: 8  Memory Usage: 3715kB
                    ->  Seq Scan on title t  (cost=0.00..73925.90 rows=527574 width=4) (actual time=0.023..1307.735 rows=609532 loops=1)
                          Filter: ((kind_id < 7) AND (production_year < 2005))
                          Rows Removed by Filter: 1918780
Planning time: 1.140 ms
Execution time: 4879.120 ms
