Hash Join  (cost=102767.86..201770.04 rows=1296446 width=0) (actual time=2043.245..4493.368 rows=1327562 loops=1)
  Hash Cond: (mc.movie_id = t.id)
  ->  Seq Scan on movie_companies mc  (cost=0.00..57926.93 rows=1296446 width=4) (actual time=0.023..1202.715 rows=1327562 loops=1)
        Filter: ((company_id > 6) AND (company_type_id = 2))
        Rows Removed by Filter: 1281567
  ->  Hash  (cost=61283.27..61283.27 rows=2528527 width=4) (actual time=2042.286..2042.286 rows=2528312 loops=1)
        Buckets: 131072  Batches: 64  Memory Usage: 2415kB
        ->  Seq Scan on title t  (cost=0.00..61283.27 rows=2528527 width=4) (actual time=0.014..1197.528 rows=2528312 loops=1)
Planning time: 0.585 ms
Execution time: 4624.831 ms
