Seq Scan on title t  (cost=0.00..73925.90 rows=775588 width=0) (actual time=0.023..1453.797 rows=838642 loops=1)
  Filter: ((kind_id > 2) AND (production_year > 2004))
  Rows Removed by Filter: 1689670
Planning time: 0.330 ms
Execution time: 1562.993 ms
