Seq Scan on movie_keyword mk  (cost=0.00..81003.12 rows=1508620 width=0) (actual time=0.026..1458.481 rows=1521151 loops=1)
  Filter: (keyword_id < 2204)
  Rows Removed by Filter: 3002779
Planning time: 0.320 ms
Execution time: 1647.937 ms
