Seq Scan on cast_info ci  (cost=0.00..796071.18 rows=19016297 width=0) (actual time=254.184..16056.241 rows=18166918 loops=1)
  Filter: ((person_id > 723155) AND (role_id < 4))
  Rows Removed by Filter: 18077426
Planning time: 0.370 ms
Execution time: 18281.788 ms
