Nested Loop  (cost=0.43..52283.95 rows=63 width=0) (actual time=409.619..713.297 rows=1 loops=1)
  ->  Seq Scan on movie_companies mc  (cost=0.00..51404.11 rows=104 width=4) (actual time=8.380..709.924 rows=116 loops=1)
        Filter: (company_id = 156)
        Rows Removed by Filter: 2609013
  ->  Index Scan using title_pkey on title t  (cost=0.43..8.45 rows=1 width=4) (actual time=0.027..0.027 rows=0 loops=116)
        Index Cond: (id = mc.movie_id)
        Filter: (kind_id = 7)
        Rows Removed by Filter: 1
Planning time: 0.769 ms
Execution time: 713.391 ms
