Seq Scan on movie_companies mc  (cost=0.00..57926.93 rows=53 width=0) (actual time=217.859..943.205 rows=13 loops=1)
  Filter: ((company_type_id > 1) AND (company_id = 2537))
  Rows Removed by Filter: 2609116
Planning time: 0.276 ms
Execution time: 943.303 ms
