Seq Scan on movie_companies mc  (cost=0.00..51404.11 rows=104 width=0) (actual time=3.117..907.845 rows=74 loops=1)
  Filter: (company_id = 77187)
  Rows Removed by Filter: 2609055
Planning time: 0.396 ms
Execution time: 907.942 ms
