Hash Join  (cost=69484.36..193983.74 rows=204934 width=0) (actual time=1061.721..3845.108 rows=472540 loops=1)
  Hash Cond: (mk.movie_id = t.id)
  ->  Seq Scan on movie_keyword mk  (cost=0.00..69693.30 rows=4523930 width=4) (actual time=0.014..1332.824 rows=4523930 loops=1)
  ->  Hash  (cost=67604.59..67604.59 rows=114542 width=4) (actual time=1060.805..1060.805 rows=118234 loops=1)
        Buckets: 131072  Batches: 2  Memory Usage: 3107kB
        ->  Seq Scan on title t  (cost=0.00..67604.59 rows=114542 width=4) (actual time=349.514..1019.466 rows=118234 loops=1)
              Filter: (kind_id = 4)
              Rows Removed by Filter: 2410078
Planning time: 3.496 ms
Execution time: 3905.326 ms
