Hash Join  (cost=73950.44..783777.36 rows=892 width=0) (actual time=11856.315..13439.312 rows=1595 loops=1)
  Hash Cond: (ci.movie_id = t.id)
  ->  Seq Scan on cast_info ci  (cost=0.00..705507.15 rows=1149559 width=4) (actual time=10850.253..12259.095 rows=1093558 loops=1)
        Filter: (role_id = 9)
        Rows Removed by Filter: 35150786
  ->  Hash  (cost=73925.90..73925.90 rows=1963 width=4) (actual time=1004.547..1004.547 rows=2801 loops=1)
        Buckets: 4096 (originally 2048)  Batches: 1 (originally 1)  Memory Usage: 131kB
        ->  Seq Scan on title t  (cost=0.00..73925.90 rows=1963 width=4) (actual time=0.310..1003.122 rows=2801 loops=1)
              Filter: ((kind_id = 1) AND (production_year = 1955))
              Rows Removed by Filter: 2525511
Planning time: 0.846 ms
Execution time: 13439.734 ms
