Hash Join  (cost=196866.34..727106.68 rows=4726641 width=0) (actual time=4803.762..21429.754 rows=13087537 loops=1)
  Hash Cond: (mi.movie_id = t.id)
  ->  Seq Scan on movie_info mi  (cost=0.00..309384.22 rows=14739122 width=4) (actual time=0.009..6293.014 rows=14835720 loops=1)
  ->  Hash  (cost=183562.53..183562.53 rows=810865 width=8) (actual time=4803.000..4803.000 rows=818539 loops=1)
        Buckets: 131072  Batches: 16  Memory Usage: 3046kB
        ->  Hash Join  (cost=102767.86..183562.53 rows=810865 width=8) (actual time=1969.137..4562.927 rows=818539 loops=1)
              Hash Cond: (mc.movie_id = t.id)
              ->  Seq Scan on movie_companies mc  (cost=0.00..51404.11 rows=810865 width=4) (actual time=20.559..971.460 rows=818539 loops=1)
                    Filter: (company_id > 28339)
                    Rows Removed by Filter: 1790590
              ->  Hash  (cost=61283.27..61283.27 rows=2528527 width=4) (actual time=1947.775..1947.775 rows=2528312 loops=1)
                    Buckets: 131072  Batches: 64  Memory Usage: 2415kB
                    ->  Seq Scan on title t  (cost=0.00..61283.27 rows=2528527 width=4) (actual time=0.016..1110.213 rows=2528312 loops=1)
Planning time: 2.439 ms
Execution time: 22761.808 ms
