Hash Join  (cost=120311.48..188627.95 rows=119416 width=0) (actual time=3259.135..4794.849 rows=555763 loops=1)
  Hash Cond: (mc.movie_id = t.id)
  ->  Seq Scan on movie_companies mc  (cost=0.00..51404.11 rows=1279517 width=4) (actual time=129.173..1056.574 rows=1274246 loops=1)
        Filter: (company_type_id = 1)
        Rows Removed by Filter: 1334883
  ->  Hash  (cost=116439.65..116439.65 rows=235986 width=8) (actual time=3128.950..3128.950 rows=255474 loops=1)
        Buckets: 131072  Batches: 4  Memory Usage: 3529kB
        ->  Hash Join  (cost=74698.31..116439.65 rows=235986 width=8) (actual time=1208.470..3052.218 rows=255474 loops=1)
              Hash Cond: (mi_idx.movie_id = t.id)
              ->  Seq Scan on movie_info_idx mi_idx  (cost=0.00..21735.35 rows=1380035 width=4) (actual time=0.018..438.212 rows=1380035 loops=1)
              ->  Hash  (cost=67604.59..67604.59 rows=432378 width=4) (actual time=1207.654..1207.654 rows=423779 loops=1)
                    Buckets: 131072  Batches: 8  Memory Usage: 2885kB
                    ->  Seq Scan on title t  (cost=0.00..67604.59 rows=432378 width=4) (actual time=0.022..1068.640 rows=423779 loops=1)
                          Filter: (production_year < 1974)
                          Rows Removed by Filter: 2104533
Planning time: 1.104 ms
Execution time: 4848.832 ms
