Hash Join  (cost=252200.71..853532.65 rows=9662611 width=0) (actual time=5953.003..42066.303 rows=105887103 loops=1)
  Hash Cond: (mi.movie_id = t.id)
  ->  Seq Scan on movie_info mi  (cost=0.00..309384.22 rows=14739122 width=4) (actual time=0.018..6373.480 rows=14835720 loops=1)
  ->  Hash  (cost=225004.20..225004.20 rows=1657641 width=8) (actual time=5951.980..5951.980 rows=2230489 loops=1)
        Buckets: 131072  Batches: 32  Memory Usage: 3766kB
        ->  Hash Join  (cost=82805.75..225004.20 rows=1657641 width=8) (actual time=1443.118..5384.755 rows=2230489 loops=1)
              Hash Cond: (mk.movie_id = t.id)
              ->  Seq Scan on movie_keyword mk  (cost=0.00..69693.30 rows=4523930 width=4) (actual time=0.013..1432.241 rows=4523930 loops=1)
              ->  Hash  (cost=67604.59..67604.59 rows=926493 width=4) (actual time=1442.419..1442.419 rows=924605 loops=1)
                    Buckets: 131072  Batches: 16  Memory Usage: 3063kB
                    ->  Seq Scan on title t  (cost=0.00..67604.59 rows=926493 width=4) (actual time=0.018..1145.160 rows=924605 loops=1)
                          Filter: (production_year < 1998)
                          Rows Removed by Filter: 1603707
Planning time: 1.182 ms
Execution time: 53372.952 ms
