Seq Scan on cast_info ci  (cost=0.00..796071.18 rows=116359 width=0) (actual time=2738.491..12613.656 rows=234852 loops=1)
  Filter: ((person_id > 2477224) AND (role_id > 10))
  Rows Removed by Filter: 36009492
Planning time: 0.319 ms
Execution time: 12642.843 ms
