Hash Join  (cost=931431.12..1445495.64 rows=1483969 width=0) (actual time=18131.097..31073.123 rows=3182971 loops=1)
  Hash Cond: (mi.movie_id = t.id)
  ->  Seq Scan on movie_info mi  (cost=0.00..309384.22 rows=14739122 width=4) (actual time=0.019..6057.831 rows=14835720 loops=1)
  ->  Hash  (cost=927253.90..927253.90 rows=254578 width=8) (actual time=18127.129..18127.129 rows=179021 loops=1)
        Buckets: 131072  Batches: 4  Memory Usage: 2735kB
        ->  Hash Join  (cost=69694.50..927253.90 rows=254578 width=8) (actual time=9686.256..18057.839 rows=179021 loops=1)
              Hash Cond: (ci.movie_id = t.id)
              ->  Seq Scan on cast_info ci  (cost=0.00..796071.18 rows=5054516 width=4) (actual time=8619.275..15938.781 rows=2462018 loops=1)
                    Filter: ((person_id < 3196685) AND (role_id > 8))
                    Rows Removed by Filter: 33782326
              ->  Hash  (cost=67604.59..67604.59 rows=127353 width=4) (actual time=1065.940..1065.940 rows=128696 loops=1)
                    Buckets: 131072  Batches: 2  Memory Usage: 3284kB
                    ->  Seq Scan on title t  (cost=0.00..67604.59 rows=127353 width=4) (actual time=0.042..1017.435 rows=128696 loops=1)
                          Filter: (production_year = 2009)
                          Rows Removed by Filter: 2399616
Planning time: 1.187 ms
Execution time: 31439.184 ms
