Nested Loop  (cost=0.43..58375.18 rows=53 width=0) (actual time=125.176..846.598 rows=224 loops=1)
  ->  Seq Scan on movie_companies mc  (cost=0.00..57926.93 rows=53 width=4) (actual time=125.100..838.840 rows=224 loops=1)
        Filter: ((company_id = 1210) AND (company_type_id = 2))
        Rows Removed by Filter: 2608905
  ->  Index Only Scan using title_pkey on title t  (cost=0.43..8.45 rows=1 width=4) (actual time=0.033..0.034 rows=1 loops=224)
        Index Cond: (id = mc.movie_id)
        Heap Fetches: 224
Planning time: 0.888 ms
Execution time: 846.732 ms
