Hash Join  (cost=154654.97..519197.49 rows=19071 width=0) (actual time=4122.509..8847.432 rows=1361 loops=1)
  Hash Cond: (mi.movie_id = t.id)
  ->  Seq Scan on movie_info mi  (cost=0.00..346232.03 rows=3623957 width=4) (actual time=1158.897..5594.098 rows=3624977 loops=1)
        Filter: (info_type_id < 4)
        Rows Removed by Filter: 11210743
  ->  Hash  (cost=154488.65..154488.65 rows=13306 width=8) (actual time=2727.836..2727.836 rows=380 loops=1)
        Buckets: 16384  Batches: 1  Memory Usage: 143kB
        ->  Hash Join  (cost=67697.55..154488.65 rows=13306 width=8) (actual time=986.171..2727.124 rows=380 loops=1)
              Hash Cond: (mk.movie_id = t.id)
              ->  Seq Scan on movie_keyword mk  (cost=0.00..69693.30 rows=4523930 width=4) (actual time=0.037..966.978 rows=4523930 loops=1)
              ->  Hash  (cost=67604.59..67604.59 rows=7437 width=4) (actual time=982.282..982.282 rows=1747 loops=1)
                    Buckets: 8192  Batches: 1  Memory Usage: 126kB
                    ->  Seq Scan on title t  (cost=0.00..67604.59 rows=7437 width=4) (actual time=0.628..981.194 rows=1747 loops=1)
                          Filter: (production_year = 1901)
                          Rows Removed by Filter: 2526565
Planning time: 1.192 ms
Execution time: 8847.879 ms
