Hash Join  (cost=100338.29..158439.20 rows=1088939 width=0) (actual time=1985.315..3804.152 rows=1094400 loops=1)
  Hash Cond: (mi_idx.movie_id = t.id)
  ->  Seq Scan on movie_info_idx mi_idx  (cost=0.00..21735.35 rows=1380035 width=4) (actual time=0.022..420.370 rows=1380035 loops=1)
  ->  Hash  (cost=67604.59..67604.59 rows=1995176 width=4) (actual time=1983.760..1983.760 rows=1990655 loops=1)
        Buckets: 131072  Batches: 32  Memory Usage: 3218kB
        ->  Seq Scan on title t  (cost=0.00..67604.59 rows=1995176 width=4) (actual time=0.028..1343.966 rows=1990655 loops=1)
              Filter: (production_year > 1976)
              Rows Removed by Filter: 537657
Planning time: 0.734 ms
Execution time: 3948.613 ms
