Hash Join  (cost=262811.09..451405.98 rows=4537603 width=0) (actual time=6269.013..18566.851 rows=34827262 loops=1)
  Hash Cond: (mk.movie_id = t.id)
  ->  Seq Scan on movie_keyword mk  (cost=0.00..69693.30 rows=4523930 width=4) (actual time=9.161..1530.490 rows=4523930 loops=1)
  ->  Hash  (cost=221201.97..221201.97 rows=2536169 width=8) (actual time=6258.894..6258.894 rows=2584553 loops=1)
        Buckets: 131072  Batches: 64  Memory Usage: 2675kB
        ->  Hash Join  (cost=107928.35..221201.97 rows=2536169 width=8) (actual time=2048.388..5525.772 rows=2584553 loops=1)
              Hash Cond: (mc.movie_id = t.id)
              ->  Seq Scan on movie_companies mc  (cost=0.00..44881.29 rows=2609129 width=4) (actual time=0.017..957.495 rows=2609129 loops=1)
              ->  Hash  (cost=67604.59..67604.59 rows=2457821 width=4) (actual time=2047.312..2047.312 rows=2456218 loops=1)
                    Buckets: 131072  Batches: 64  Memory Usage: 2375kB
                    ->  Seq Scan on title t  (cost=0.00..67604.59 rows=2457821 width=4) (actual time=0.026..1246.424 rows=2456218 loops=1)
                          Filter: (production_year > 0)
                          Rows Removed by Filter: 72094
Planning time: 1.122 ms
Execution time: 22449.251 ms
