Seq Scan on movie_keyword mk  (cost=0.00..81003.12 rows=1300371 width=0) (actual time=0.026..1465.996 rows=1305726 loops=1)
  Filter: (keyword_id < 1712)
  Rows Removed by Filter: 3218204
Planning time: 0.348 ms
Execution time: 1629.359 ms
