Hash Join  (cost=83072.95..447729.11 rows=25 width=0) (actual time=1691.716..8152.603 rows=1326 loops=1)
  Hash Cond: (mi.movie_id = t.id)
  ->  Seq Scan on movie_info mi  (cost=0.00..309384.22 rows=14739122 width=4) (actual time=0.009..4281.034 rows=14835720 loops=1)
  ->  Hash  (cost=83072.90..83072.90 rows=4 width=8) (actual time=1182.216..1182.216 rows=7 loops=1)
        Buckets: 1024  Batches: 1  Memory Usage: 9kB
        ->  Nested Loop  (cost=0.43..83072.90 rows=4 width=8) (actual time=98.158..1182.197 rows=7 loops=1)
              ->  Seq Scan on movie_keyword mk  (cost=0.00..81003.12 rows=246 width=4) (actual time=0.318..1163.129 rows=353 loops=1)
                    Filter: (keyword_id = 11540)
                    Rows Removed by Filter: 4523577
              ->  Index Scan using title_pkey on title t  (cost=0.43..8.40 rows=1 width=4) (actual time=0.052..0.052 rows=0 loops=353)
                    Index Cond: (id = mk.movie_id)
                    Filter: ((kind_id < 2) AND (production_year = 2012))
                    Rows Removed by Filter: 1
Planning time: 0.856 ms
Execution time: 8153.008 ms
