Hash Join  (cost=1037674.31..1641975.19 rows=13367464 width=0) (actual time=21382.774..47060.757 rows=59696686 loops=1)
  Hash Cond: (mi.movie_id = t.id)
  ->  Seq Scan on movie_info mi  (cost=0.00..346232.03 rows=6231111 width=4) (actual time=987.292..6545.565 rows=6223494 loops=1)
        Filter: (info_type_id > 8)
        Rows Removed by Filter: 8612226
  ->  Hash  (cost=948679.39..948679.39 rows=5424393 width=8) (actual time=20392.334..20392.334 rows=5495049 loops=1)
        Buckets: 131072  Batches: 128  Memory Usage: 2732kB
        ->  Hash Join  (cost=102767.86..948679.39 rows=5424393 width=8) (actual time=3193.607..18652.958 rows=5495049 loops=1)
              Hash Cond: (ci.movie_id = t.id)
              ->  Seq Scan on cast_info ci  (cost=0.00..705507.15 rows=5424393 width=4) (actual time=1371.555..11757.560 rows=5495049 loops=1)
                    Filter: (person_id > 3104734)
                    Rows Removed by Filter: 30749295
              ->  Hash  (cost=61283.27..61283.27 rows=2528527 width=4) (actual time=1819.902..1819.902 rows=2528312 loops=1)
                    Buckets: 131072  Batches: 64  Memory Usage: 2415kB
                    ->  Seq Scan on title t  (cost=0.00..61283.27 rows=2528527 width=4) (actual time=0.025..960.458 rows=2528312 loops=1)
Planning time: 1.287 ms
Execution time: 54111.984 ms
