Hash Join  (cost=275190.13..382163.27 rows=2079121 width=0) (actual time=6286.322..12717.822 rows=16087645 loops=1)
  Hash Cond: (mc.movie_id = t.id)
  ->  Seq Scan on movie_companies mc  (cost=0.00..44881.29 rows=2609129 width=4) (actual time=0.013..885.799 rows=2609129 loops=1)
  ->  Hash  (cost=242132.98..242132.98 rows=2014892 width=8) (actual time=6285.150..6285.150 rows=2019843 loops=1)
        Buckets: 131072  Batches: 32  Memory Usage: 3474kB
        ->  Hash Join  (cost=102767.86..242132.98 rows=2014892 width=8) (actual time=2074.231..5716.181 rows=2019843 loops=1)
              Hash Cond: (mk.movie_id = t.id)
              ->  Seq Scan on movie_keyword mk  (cost=0.00..81003.12 rows=2014892 width=4) (actual time=0.017..1692.302 rows=2019843 loops=1)
                    Filter: (keyword_id > 6130)
                    Rows Removed by Filter: 2504087
              ->  Hash  (cost=61283.27..61283.27 rows=2528527 width=4) (actual time=2072.646..2072.646 rows=2528312 loops=1)
                    Buckets: 131072  Batches: 64  Memory Usage: 2425kB
                    ->  Seq Scan on title t  (cost=0.00..61283.27 rows=2528527 width=4) (actual time=0.028..1180.431 rows=2528312 loops=1)
Planning time: 1.064 ms
Execution time: 14290.312 ms
