Seq Scan on movie_keyword mk  (cost=0.00..81003.12 rows=246 width=0) (actual time=25.444..1296.221 rows=78 loops=1)
  Filter: (keyword_id = 35815)
  Rows Removed by Filter: 4523852
Planning time: 0.347 ms
Execution time: 1296.372 ms
