Seq Scan on movie_keyword mk  (cost=0.00..81003.12 rows=2280842 width=0) (actual time=0.027..1398.887 rows=2281067 loops=1)
  Filter: (keyword_id < 4836)
  Rows Removed by Filter: 2242863
Planning time: 0.274 ms
Execution time: 1686.147 ms
