Hash Join  (cost=192792.35..706746.85 rows=3200358 width=0) (actual time=3656.179..18013.911 rows=4412515 loops=1)
  Hash Cond: (mi.movie_id = t.id)
  ->  Seq Scan on movie_info mi  (cost=0.00..309384.22 rows=14739122 width=4) (actual time=0.020..6107.572 rows=14835720 loops=1)
  ->  Hash  (cost=183784.50..183784.50 rows=549028 width=8) (actual time=3655.070..3655.070 rows=334603 loops=1)
        Buckets: 131072  Batches: 8  Memory Usage: 2667kB
        ->  Hash Join  (cost=102767.86..183784.50 rows=549028 width=8) (actual time=2306.786..3547.101 rows=334603 loops=1)
              Hash Cond: (mc.movie_id = t.id)
              ->  Seq Scan on movie_companies mc  (cost=0.00..57926.93 rows=549028 width=4) (actual time=405.526..930.590 rows=334603 loops=1)
                    Filter: ((company_id < 6709) AND (company_type_id = 2))
                    Rows Removed by Filter: 2274526
              ->  Hash  (cost=61283.27..61283.27 rows=2528527 width=4) (actual time=1899.893..1899.893 rows=2528312 loops=1)
                    Buckets: 131072  Batches: 64  Memory Usage: 2415kB
                    ->  Seq Scan on title t  (cost=0.00..61283.27 rows=2528527 width=4) (actual time=0.018..1044.985 rows=2528312 loops=1)
Planning time: 1.054 ms
Execution time: 18527.549 ms
