Hash Join  (cost=86956.38..616160.17 rows=4629486 width=0) (actual time=1472.538..16653.247 rows=7748197 loops=1)
  Hash Cond: (mi.movie_id = t.id)
  ->  Seq Scan on movie_info mi  (cost=0.00..309384.22 rows=14739122 width=4) (actual time=0.017..5971.049 rows=14835720 loops=1)
  ->  Hash  (cost=73925.90..73925.90 rows=794198 width=4) (actual time=1471.628..1471.628 rows=707863 loops=1)
        Buckets: 131072  Batches: 16  Memory Usage: 2588kB
        ->  Seq Scan on title t  (cost=0.00..73925.90 rows=794198 width=4) (actual time=0.025..1238.261 rows=707863 loops=1)
              Filter: ((kind_id < 7) AND (production_year > 1973))
              Rows Removed by Filter: 1820449
Planning time: 0.691 ms
Execution time: 17556.131 ms
