Hash Join  (cost=107937.40..195059.83 rows=46439 width=0) (actual time=2610.214..3592.254 rows=20874 loops=1)
  Hash Cond: (mk.movie_id = t.id)
  ->  Seq Scan on movie_keyword mk  (cost=0.00..69693.30 rows=4523930 width=4) (actual time=0.023..970.953 rows=4523930 loops=1)
  ->  Hash  (cost=107612.95..107612.95 rows=25956 width=8) (actual time=1800.314..1800.314 rows=10287 loops=1)
        Buckets: 32768  Batches: 1  Memory Usage: 658kB
        ->  Hash Join  (cost=76243.83..107612.95 rows=25956 width=8) (actual time=1387.243..1796.429 rows=10287 loops=1)
              Hash Cond: (mi_idx.movie_id = t.id)
              ->  Seq Scan on movie_info_idx mi_idx  (cost=0.00..25185.44 rows=464566 width=4) (actual time=0.026..446.663 rows=459925 loops=1)
                    Filter: (info_type_id = 101)
                    Rows Removed by Filter: 920110
              ->  Hash  (cost=73925.90..73925.90 rows=141274 width=4) (actual time=1150.748..1150.748 rows=150659 loops=1)
                    Buckets: 131072  Batches: 2  Memory Usage: 3673kB
                    ->  Seq Scan on title t  (cost=0.00..73925.90 rows=141274 width=4) (actual time=254.944..1088.131 rows=150659 loops=1)
                          Filter: ((production_year > 2011) AND (kind_id = 7))
                          Rows Removed by Filter: 2377653
Planning time: 1.203 ms
Execution time: 3595.277 ms
