Hash Join  (cost=164228.48..292018.69 rows=475017 width=0) (actual time=3102.765..6679.167 rows=2402310 loops=1)
  Hash Cond: (mk.movie_id = t.id)
  ->  Seq Scan on movie_keyword mk  (cost=0.00..69693.30 rows=4523930 width=4) (actual time=0.022..1334.886 rows=4523930 loops=1)
  ->  Hash  (cost=159871.76..159871.76 rows=265498 width=8) (actual time=3101.806..3101.806 rows=229826 loops=1)
        Buckets: 131072  Batches: 4  Memory Usage: 3279kB
        ->  Hash Join  (cost=85595.27..159871.76 rows=265498 width=8) (actual time=1882.175..3023.744 rows=229826 loops=1)
              Hash Cond: (mc.movie_id = t.id)
              ->  Seq Scan on movie_companies mc  (cost=0.00..57926.93 rows=943886 width=4) (actual time=455.534..1081.373 rows=629135 loops=1)
                    Filter: ((company_id < 35126) AND (company_type_id > 1))
                    Rows Removed by Filter: 1979994
              ->  Hash  (cost=73925.90..73925.90 rows=711229 width=4) (actual time=1425.794..1425.794 rows=612155 loops=1)
                    Buckets: 131072  Batches: 16  Memory Usage: 2368kB
                    ->  Seq Scan on title t  (cost=0.00..73925.90 rows=711229 width=4) (actual time=0.029..1222.552 rows=612155 loops=1)
                          Filter: ((kind_id < 7) AND (production_year > 1987))
                          Rows Removed by Filter: 1916157
Planning time: 1.118 ms
Execution time: 6963.164 ms
