Hash Join  (cost=83074.89..431752.30 rows=54 width=0) (actual time=3402.071..6323.115 rows=719 loops=1)
  Hash Cond: (mi.movie_id = t.id)
  ->  Seq Scan on movie_info mi  (cost=0.00..346232.03 rows=651960 width=4) (actual time=2201.377..5028.610 rows=660923 loops=1)
        Filter: (info_type_id = 18)
        Rows Removed by Filter: 14174797
  ->  Hash  (cost=83072.29..83072.29 rows=208 width=8) (actual time=1199.486..1199.486 rows=362 loops=1)
        Buckets: 1024  Batches: 1  Memory Usage: 23kB
        ->  Nested Loop  (cost=0.43..83072.29 rows=208 width=8) (actual time=7.538..1199.138 rows=362 loops=1)
              ->  Seq Scan on movie_keyword mk  (cost=0.00..81003.12 rows=246 width=4) (actual time=6.166..1181.979 rows=400 loops=1)
                    Filter: (keyword_id = 5473)
                    Rows Removed by Filter: 4523530
              ->  Index Scan using title_pkey on title t  (cost=0.43..8.40 rows=1 width=4) (actual time=0.040..0.040 rows=1 loops=400)
                    Index Cond: (id = mk.movie_id)
                    Filter: (production_year > 1966)
                    Rows Removed by Filter: 0
Planning time: 1.106 ms
Execution time: 6323.392 ms
