Hash Join  (cost=137057.10..503627.19 rows=191417 width=0) (actual time=2525.152..11192.854 rows=1594277 loops=1)
  Hash Cond: (mi.movie_id = t.id)
  ->  Seq Scan on movie_info mi  (cost=0.00..309384.22 rows=14739122 width=4) (actual time=0.022..4478.738 rows=14835720 loops=1)
  ->  Hash  (cost=136646.62..136646.62 rows=32838 width=8) (actual time=2524.098..2524.098 rows=41355 loops=1)
        Buckets: 65536  Batches: 1  Memory Usage: 2128kB
        ->  Hash Join  (cost=69460.45..136646.62 rows=32838 width=8) (actual time=1243.084..2503.698 rows=41355 loops=1)
              Hash Cond: (mc.movie_id = t.id)
              ->  Seq Scan on movie_companies mc  (cost=0.00..57926.93 rows=734095 width=4) (actual time=183.396..1053.334 rows=1011851 loops=1)
                    Filter: ((company_id < 13670) AND (company_type_id = 1))
                    Rows Removed by Filter: 1597278
              ->  Hash  (cost=67604.59..67604.59 rows=113109 width=4) (actual time=1058.821..1058.821 rows=119565 loops=1)
                    Buckets: 131072  Batches: 2  Memory Usage: 3115kB
                    ->  Seq Scan on title t  (cost=0.00..67604.59 rows=113109 width=4) (actual time=0.023..1013.985 rows=119565 loops=1)
                          Filter: (production_year = 2007)
                          Rows Removed by Filter: 2408747
Planning time: 1.106 ms
Execution time: 11411.488 ms
