Hash Join  (cost=148712.82..252057.24 rows=93888 width=0) (actual time=2826.780..5098.132 rows=842954 loops=1)
  Hash Cond: (mk.movie_id = t.id)
  ->  Seq Scan on movie_keyword mk  (cost=0.00..81003.12 rows=1806513 width=4) (actual time=0.035..1520.151 rows=1805344 loops=1)
        Filter: (keyword_id > 7682)
        Rows Removed by Filter: 2718586
  ->  Hash  (cost=146556.15..146556.15 rows=131413 width=8) (actual time=2825.834..2825.834 rows=115325 loops=1)
        Buckets: 131072  Batches: 2  Memory Usage: 3278kB
        ->  Hash Join  (cost=69694.50..146556.15 rows=131413 width=8) (actual time=967.778..2785.098 rows=115325 loops=1)
              Hash Cond: (mc.movie_id = t.id)
              ->  Seq Scan on movie_companies mc  (cost=0.00..44881.29 rows=2609129 width=4) (actual time=0.023..864.012 rows=2609129 loops=1)
              ->  Hash  (cost=67604.59..67604.59 rows=127353 width=4) (actual time=967.013..967.013 rows=128696 loops=1)
                    Buckets: 131072  Batches: 2  Memory Usage: 3284kB
                    ->  Seq Scan on title t  (cost=0.00..67604.59 rows=127353 width=4) (actual time=0.018..921.493 rows=128696 loops=1)
                          Filter: (production_year = 2009)
                          Rows Removed by Filter: 2399616
Planning time: 1.141 ms
Execution time: 5199.770 ms
