Seq Scan on movie_companies mc  (cost=0.00..57926.93 rows=814937 width=0) (actual time=0.039..974.519 rows=606608 loops=1)
  Filter: ((company_id > 3638) AND (company_type_id < 2))
  Rows Removed by Filter: 2002521
Planning time: 0.322 ms
Execution time: 1052.803 ms
