Seq Scan on movie_info mi  (cost=0.00..346232.03 rows=9767026 width=75) (actual time=0.021..7794.837 rows=9911754 loops=1)
  Filter: (info_type_id > 4)
  Rows Removed by Filter: 4923966
Planning time: 0.457 ms
Execution time: 8391.825 ms
