Seq Scan on movie_companies mc  (cost=0.00..57926.93 rows=53 width=0) (actual time=654.283..803.528 rows=2 loops=1)
  Filter: ((company_id = 95067) AND (company_type_id = 2))
  Rows Removed by Filter: 2609127
Planning time: 0.238 ms
Execution time: 803.597 ms
