Hash Join  (cost=102767.86..1117402.67 rows=8672593 width=0) (actual time=1909.859..28866.618 rows=13508809 loops=1)
  Hash Cond: (ci.movie_id = t.id)
  ->  Seq Scan on cast_info ci  (cost=0.00..796071.18 rows=8672593 width=4) (actual time=0.023..14360.314 rows=13508809 loops=1)
        Filter: ((person_id > 2321032) AND (role_id > 1))
        Rows Removed by Filter: 22735535
  ->  Hash  (cost=61283.27..61283.27 rows=2528527 width=4) (actual time=1908.692..1908.692 rows=2528312 loops=1)
        Buckets: 131072  Batches: 64  Memory Usage: 2415kB
        ->  Seq Scan on title t  (cost=0.00..61283.27 rows=2528527 width=4) (actual time=0.018..1060.797 rows=2528312 loops=1)
Planning time: 0.702 ms
Execution time: 30294.243 ms
