Hash Join  (cost=68113.45..128056.38 rows=8299 width=0) (actual time=1333.060..2232.862 rows=11167 loops=1)
  Hash Cond: (mc.movie_id = t.id)
  ->  Seq Scan on movie_companies mc  (cost=0.00..57926.93 rows=515469 width=4) (actual time=186.699..917.928 rows=726447 loops=1)
        Filter: ((company_id < 6132) AND (company_type_id = 1))
        Rows Removed by Filter: 1882682
  ->  Hash  (cost=67604.59..67604.59 rows=40709 width=4) (actual time=1145.717..1145.717 rows=38955 loops=1)
        Buckets: 65536  Batches: 1  Memory Usage: 1882kB
        ->  Seq Scan on title t  (cost=0.00..67604.59 rows=40709 width=4) (actual time=0.068..1128.152 rows=38955 loops=1)
              Filter: (production_year = 1997)
              Rows Removed by Filter: 2489357
Planning time: 0.694 ms
Execution time: 2234.676 ms
