Seq Scan on movie_keyword mk  (cost=0.00..81003.12 rows=246 width=0) (actual time=6.003..1190.268 rows=310 loops=1)
  Filter: (keyword_id = 8582)
  Rows Removed by Filter: 4523620
Planning time: 0.224 ms
Execution time: 1190.541 ms
