Hash Join  (cost=102767.86..202574.56 rows=370928 width=0) (actual time=1811.042..3691.860 rows=369669 loops=1)
  Hash Cond: (mk.movie_id = t.id)
  ->  Seq Scan on movie_keyword mk  (cost=0.00..81003.12 rows=370928 width=4) (actual time=0.025..1191.465 rows=369669 loops=1)
        Filter: (keyword_id > 45712)
        Rows Removed by Filter: 4154261
  ->  Hash  (cost=61283.27..61283.27 rows=2528527 width=4) (actual time=1809.733..1809.733 rows=2528312 loops=1)
        Buckets: 131072  Batches: 64  Memory Usage: 2425kB
        ->  Seq Scan on title t  (cost=0.00..61283.27 rows=2528527 width=4) (actual time=0.019..989.653 rows=2528312 loops=1)
Planning time: 0.665 ms
Execution time: 3739.001 ms
