Seq Scan on movie_companies mc  (cost=0.00..57926.93 rows=53 width=0) (actual time=147.331..884.466 rows=56 loops=1)
  Filter: ((company_type_id > 1) AND (company_id = 2247))
  Rows Removed by Filter: 2609073
Planning time: 0.379 ms
Execution time: 884.587 ms
