Hash Join  (cost=111613.82..949047.73 rows=11686 width=0) (actual time=1373.879..17721.818 rows=3663 loops=1)
  Hash Cond: (ci.movie_id = t.id)
  ->  Seq Scan on cast_info ci  (cost=0.00..796071.18 rows=10998905 width=4) (actual time=0.024..14538.763 rows=13127614 loops=1)
        Filter: ((person_id < 1627861) AND (role_id < 4))
        Rows Removed by Filter: 23116730
  ->  Hash  (cost=111580.24..111580.24 rows=2686 width=8) (actual time=1373.522..1373.522 rows=368 loops=1)
        Buckets: 4096  Batches: 1  Memory Usage: 47kB
        ->  Nested Loop  (cost=0.43..111580.24 rows=2686 width=8) (actual time=2.548..1373.072 rows=368 loops=1)
              ->  Seq Scan on movie_keyword mk  (cost=0.00..81003.12 rows=4072 width=4) (actual time=0.547..1281.261 rows=3426 loops=1)
                    Filter: (keyword_id = 820)
                    Rows Removed by Filter: 4520504
              ->  Index Scan using title_pkey on title t  (cost=0.43..7.50 rows=1 width=4) (actual time=0.026..0.026 rows=0 loops=3426)
                    Index Cond: (id = mk.movie_id)
                    Filter: (kind_id > 3)
                    Rows Removed by Filter: 1
Planning time: 1.116 ms
Execution time: 17723.655 ms
