Hash Join  (cost=102767.86..173824.31 rows=135109 width=0) (actual time=2150.229..3382.915 rows=207422 loops=1)
  Hash Cond: (mc.movie_id = t.id)
  ->  Seq Scan on movie_companies mc  (cost=0.00..57926.93 rows=135109 width=4) (actual time=246.038..947.817 rows=207422 loops=1)
        Filter: ((company_id < 145) AND (company_type_id < 2))
        Rows Removed by Filter: 2401707
  ->  Hash  (cost=61283.27..61283.27 rows=2528527 width=4) (actual time=1902.831..1902.831 rows=2528312 loops=1)
        Buckets: 131072  Batches: 64  Memory Usage: 2415kB
        ->  Seq Scan on title t  (cost=0.00..61283.27 rows=2528527 width=4) (actual time=0.024..1050.026 rows=2528312 loops=1)
Planning time: 0.716 ms
Execution time: 3406.441 ms
