Hash Join  (cost=83074.74..111692.70 rows=89 width=0) (actual time=1280.967..1783.358 rows=300 loops=1)
  Hash Cond: (mi_idx.movie_id = t.id)
  ->  Seq Scan on movie_info_idx mi_idx  (cost=0.00..25185.44 rows=915101 width=4) (actual time=0.023..398.913 rows=919850 loops=1)
        Filter: (info_type_id < 101)
        Rows Removed by Filter: 460185
  ->  Hash  (cost=83071.67..83071.67 rows=246 width=8) (actual time=1278.344..1278.344 rows=159 loops=1)
        Buckets: 1024  Batches: 1  Memory Usage: 15kB
        ->  Nested Loop  (cost=0.43..83071.67 rows=246 width=8) (actual time=5.413..1278.134 rows=159 loops=1)
              ->  Seq Scan on movie_keyword mk  (cost=0.00..81003.12 rows=246 width=4) (actual time=5.304..1269.802 rows=159 loops=1)
                    Filter: (keyword_id = 4491)
                    Rows Removed by Filter: 4523771
              ->  Index Only Scan using title_pkey on title t  (cost=0.43..8.40 rows=1 width=4) (actual time=0.047..0.048 rows=1 loops=159)
                    Index Cond: (id = mk.movie_id)
                    Heap Fetches: 159
Planning time: 3.737 ms
Execution time: 1783.532 ms
