Hash Join  (cost=102767.86..1024062.79 rows=4793585 width=0) (actual time=3275.258..24444.369 rows=9837926 loops=1)
  Hash Cond: (ci.movie_id = t.id)
  ->  Seq Scan on cast_info ci  (cost=0.00..796071.18 rows=4793585 width=4) (actual time=1417.409..13907.585 rows=9837926 loops=1)
        Filter: ((person_id < 1340150) AND (role_id = 1))
        Rows Removed by Filter: 26406418
  ->  Hash  (cost=61283.27..61283.27 rows=2528527 width=4) (actual time=1856.387..1856.387 rows=2528312 loops=1)
        Buckets: 131072  Batches: 64  Memory Usage: 2415kB
        ->  Seq Scan on title t  (cost=0.00..61283.27 rows=2528527 width=4) (actual time=0.025..1024.021 rows=2528312 loops=1)
Planning time: 0.700 ms
Execution time: 25594.348 ms
