Nested Loop  (cost=0.43..138132.94 rows=119 width=0) (actual time=1222.215..1323.688 rows=1 loops=1)
  ->  Seq Scan on movie_keyword mk  (cost=0.00..81003.12 rows=8445 width=4) (actual time=2.627..1137.076 rows=7552 loops=1)
        Filter: (keyword_id = 910)
        Rows Removed by Filter: 4516378
  ->  Index Scan using title_pkey on title t  (cost=0.43..6.75 rows=1 width=4) (actual time=0.024..0.024 rows=0 loops=7552)
        Index Cond: (id = mk.movie_id)
        Filter: ((kind_id = 7) AND (production_year = 2001))
        Rows Removed by Filter: 1
Planning time: 0.557 ms
Execution time: 1323.755 ms
