Seq Scan on cast_info ci  (cost=0.00..705507.15 rows=13069110 width=0) (actual time=0.025..10954.216 rows=13024071 loops=1)
  Filter: (person_id < 1286822)
  Rows Removed by Filter: 23220273
Planning time: 0.306 ms
Execution time: 12508.841 ms
