Hash Join  (cost=76656.98..439091.24 rows=83744 width=0) (actual time=2123.206..6837.105 rows=7328 loops=1)
  Hash Cond: (mi.movie_id = t.id)
  ->  Seq Scan on movie_info mi  (cost=0.00..346232.03 rows=1272478 width=4) (actual time=1002.761..5201.299 rows=1325361 loops=1)
        Filter: (info_type_id = 8)
        Rows Removed by Filter: 13510359
  ->  Hash  (cost=73925.90..73925.90 rows=166406 width=4) (actual time=1117.365..1117.365 rows=66078 loops=1)
        Buckets: 131072  Batches: 4  Memory Usage: 1610kB
        ->  Seq Scan on title t  (cost=0.00..73925.90 rows=166406 width=4) (actual time=0.046..1091.150 rows=66078 loops=1)
              Filter: ((production_year < 1963) AND (kind_id = 7))
              Rows Removed by Filter: 2462234
Planning time: 0.772 ms
Execution time: 6838.022 ms
