Hash Join  (cost=95314.15..140892.16 rows=471794 width=0) (actual time=2162.647..3105.085 rows=261184 loops=1)
  Hash Cond: (mi_idx.movie_id = t.id)
  ->  Seq Scan on movie_info_idx mi_idx  (cost=0.00..25185.44 rows=915101 width=4) (actual time=0.018..549.152 rows=919850 loops=1)
        Filter: (info_type_id < 101)
        Rows Removed by Filter: 460185
  ->  Hash  (cost=73925.90..73925.90 rows=1303620 width=4) (actual time=1790.379..1790.379 rows=1383104 loops=1)
        Buckets: 131072  Batches: 32  Memory Usage: 2546kB
        ->  Seq Scan on title t  (cost=0.00..73925.90 rows=1303620 width=4) (actual time=244.021..1343.102 rows=1383104 loops=1)
              Filter: ((production_year > 1966) AND (kind_id = 7))
              Rows Removed by Filter: 1145208
Planning time: 0.690 ms
Execution time: 3137.525 ms
