Seq Scan on movie_keyword mk  (cost=0.00..81003.12 rows=446629 width=0) (actual time=0.035..1219.182 rows=445349 loops=1)
  Filter: (keyword_id > 39792)
  Rows Removed by Filter: 4078581
Planning time: 0.292 ms
Execution time: 1276.878 ms
