Hash Join  (cost=201810.30..248240.26 rows=509248 width=0) (actual time=4432.606..6097.549 rows=1327824 loops=1)
  Hash Cond: (mi_idx.movie_id = t.id)
  ->  Seq Scan on movie_info_idx mi_idx  (cost=0.00..21735.35 rows=1380035 width=4) (actual time=0.038..434.524 rows=1380035 loops=1)
  ->  Hash  (cost=186502.11..186502.11 rows=933055 width=8) (actual time=4431.551..4431.551 rows=941384 loops=1)
        Buckets: 131072  Batches: 16  Memory Usage: 3333kB
        ->  Hash Join  (cost=102767.86..186502.11 rows=933055 width=8) (actual time=1948.866..4140.422 rows=941384 loops=1)
              Hash Cond: (mc.movie_id = t.id)
              ->  Seq Scan on movie_companies mc  (cost=0.00..51404.11 rows=933055 width=4) (actual time=0.008..940.199 rows=941384 loops=1)
                    Filter: (company_id > 18966)
                    Rows Removed by Filter: 1667745
              ->  Hash  (cost=61283.27..61283.27 rows=2528527 width=4) (actual time=1947.275..1947.275 rows=2528312 loops=1)
                    Buckets: 131072  Batches: 64  Memory Usage: 2415kB
                    ->  Seq Scan on title t  (cost=0.00..61283.27 rows=2528527 width=4) (actual time=0.026..1117.208 rows=2528312 loops=1)
Planning time: 1.064 ms
Execution time: 6255.357 ms
