Seq Scan on cast_info ci  (cost=0.00..796071.18 rows=12527835 width=0) (actual time=107.433..11472.212 rows=10389619 loops=1)
  Filter: ((person_id > 1700769) AND (role_id < 4))
  Rows Removed by Filter: 25854725
Planning time: 0.219 ms
Execution time: 12609.469 ms
