Seq Scan on movie_keyword mk  (cost=0.00..81003.12 rows=3465945 width=0) (actual time=0.016..1582.592 rows=3459650 loops=1)
  Filter: (keyword_id > 1060)
  Rows Removed by Filter: 1064280
Planning time: 0.275 ms
Execution time: 2024.950 ms
