Hash Join  (cost=156649.15..266701.92 rows=373645 width=0) (actual time=3382.915..6580.119 rows=1584208 loops=1)
  Hash Cond: (mk.movie_id = t.id)
  ->  Seq Scan on movie_keyword mk  (cost=0.00..81003.12 rows=2032053 width=4) (actual time=0.026..1484.139 rows=2038601 loops=1)
        Filter: (keyword_id > 6040)
        Rows Removed by Filter: 2485329
  ->  Hash  (cost=149020.47..149020.47 rows=464934 width=8) (actual time=3382.007..3382.007 rows=460185 loops=1)
        Buckets: 131072  Batches: 8  Memory Usage: 3286kB
        ->  Hash Join  (cost=102767.86..149020.47 rows=464934 width=8) (actual time=1949.758..3238.225 rows=460185 loops=1)
              Hash Cond: (mi_idx.movie_id = t.id)
              ->  Seq Scan on movie_info_idx mi_idx  (cost=0.00..25185.44 rows=464934 width=4) (actual time=0.026..448.870 rows=460185 loops=1)
                    Filter: (info_type_id > 100)
                    Rows Removed by Filter: 919850
              ->  Hash  (cost=61283.27..61283.27 rows=2528527 width=4) (actual time=1948.480..1948.480 rows=2528312 loops=1)
                    Buckets: 131072  Batches: 64  Memory Usage: 2415kB
                    ->  Seq Scan on title t  (cost=0.00..61283.27 rows=2528527 width=4) (actual time=0.012..1102.172 rows=2528312 loops=1)
Planning time: 5.113 ms
Execution time: 6764.892 ms
