Nested Loop  (cost=0.43..83072.29 rows=77 width=0) (actual time=17.979..1263.907 rows=42 loops=1)
  ->  Seq Scan on movie_keyword mk  (cost=0.00..81003.12 rows=246 width=4) (actual time=17.915..1261.196 rows=59 loops=1)
        Filter: (keyword_id = 75662)
        Rows Removed by Filter: 4523871
  ->  Index Scan using title_pkey on title t  (cost=0.43..8.40 rows=1 width=4) (actual time=0.042..0.042 rows=1 loops=59)
        Index Cond: (id = mk.movie_id)
        Filter: (production_year > 2007)
        Rows Removed by Filter: 0
Planning time: 0.679 ms
Execution time: 1264.035 ms
