Hash Join  (cost=73982.55..160182.28 rows=2472 width=0) (actual time=1894.477..2763.929 rows=2 loops=1)
  Hash Cond: (mk.movie_id = t.id)
  ->  Seq Scan on movie_keyword mk  (cost=0.00..81003.12 rows=1379169 width=4) (actual time=0.016..1355.044 rows=1387093 loops=1)
        Filter: (keyword_id < 1876)
        Rows Removed by Filter: 3136837
  ->  Hash  (cost=73925.90..73925.90 rows=4532 width=4) (actual time=1210.366..1210.366 rows=11 loops=1)
        Buckets: 8192  Batches: 1  Memory Usage: 65kB
        ->  Seq Scan on title t  (cost=0.00..73925.90 rows=4532 width=4) (actual time=584.112..1210.343 rows=11 loops=1)
              Filter: ((kind_id = 7) AND (production_year = 1936))
              Rows Removed by Filter: 2528301
Planning time: 0.676 ms
Execution time: 2764.018 ms
