Seq Scan on movie_keyword mk  (cost=0.00..81003.12 rows=246 width=0) (actual time=91.866..1188.713 rows=253 loops=1)
  Filter: (keyword_id = 18617)
  Rows Removed by Filter: 4523677
Planning time: 0.317 ms
Execution time: 1188.841 ms
