Seq Scan on movie_companies mc  (cost=0.00..51404.11 rows=104 width=0) (actual time=164.584..799.287 rows=290 loops=1)
  Filter: (company_id = 94752)
  Rows Removed by Filter: 2608839
Planning time: 0.330 ms
Execution time: 799.439 ms
