Hash Join  (cost=231807.63..1411598.99 rows=14211317 width=0) (actual time=5961.458..68962.250 rows=138863555 loops=1)
  Hash Cond: (ci.movie_id = t.id)
  ->  Seq Scan on cast_info ci  (cost=0.00..614943.12 rows=36225612 width=4) (actual time=0.045..13561.444 rows=36244344 loops=1)
  ->  Hash  (cost=215533.35..215533.35 rows=991942 width=8) (actual time=5960.212..5960.212 rows=2369201 loops=1)
        Buckets: 131072 (originally 131072)  Batches: 32 (originally 16)  Memory Usage: 3905kB
        ->  Hash Join  (cost=78556.72..215533.35 rows=991942 width=8) (actual time=1386.628..5360.612 rows=2369201 loops=1)
              Hash Cond: (mk.movie_id = t.id)
              ->  Seq Scan on movie_keyword mk  (cost=0.00..81003.12 rows=3757356 width=4) (actual time=0.029..1808.442 rows=3749298 loops=1)
                    Filter: (keyword_id < 24342)
                    Rows Removed by Filter: 774632
              ->  Hash  (cost=67604.59..67604.59 rows=667531 width=4) (actual time=1385.635..1385.635 rows=662825 loops=1)
                    Buckets: 131072  Batches: 16  Memory Usage: 2486kB
                    ->  Seq Scan on title t  (cost=0.00..67604.59 rows=667531 width=4) (actual time=263.585..1168.352 rows=662825 loops=1)
                          Filter: (kind_id < 2)
                          Rows Removed by Filter: 1865487
Planning time: 1.156 ms
Execution time: 83522.072 ms
