Hash Join  (cost=191105.55..574217.41 rows=793302 width=0) (actual time=5578.593..11840.765 rows=830280 loops=1)
  Hash Cond: (mi.movie_id = t.id)
  ->  Seq Scan on movie_info mi  (cost=0.00..346232.03 rows=2194617 width=4) (actual time=1195.260..6162.703 rows=2233850 loops=1)
        Filter: (info_type_id > 16)
        Rows Removed by Filter: 12601870
  ->  Hash  (cost=176109.52..176109.52 rows=914002 width=8) (actual time=4337.025..4337.025 rows=606005 loops=1)
        Buckets: 131072  Batches: 16  Memory Usage: 2508kB
        ->  Hash Join  (cost=88458.98..176109.52 rows=914002 width=8) (actual time=1627.082..4145.310 rows=606005 loops=1)
              Hash Cond: (mc.movie_id = t.id)
              ->  Seq Scan on movie_companies mc  (cost=0.00..44881.29 rows=2609129 width=4) (actual time=0.023..958.395 rows=2609129 loops=1)
              ->  Hash  (cost=73925.90..73925.90 rows=885766 width=4) (actual time=1625.705..1625.705 rows=802336 loops=1)
                    Buckets: 131072  Batches: 16  Memory Usage: 2788kB
                    ->  Seq Scan on title t  (cost=0.00..73925.90 rows=885766 width=4) (actual time=0.022..1367.209 rows=802336 loops=1)
                          Filter: ((kind_id > 2) AND (production_year < 2004))
                          Rows Removed by Filter: 1725976
Planning time: 2.503 ms
Execution time: 11948.481 ms
