Hash Join  (cost=102767.86..192026.90 rows=891576 width=0) (actual time=2249.526..4487.329 rows=1084331 loops=1)
  Hash Cond: (mc.movie_id = t.id)
  ->  Seq Scan on movie_companies mc  (cost=0.00..57926.93 rows=891576 width=4) (actual time=218.605..1206.276 rows=1084331 loops=1)
        Filter: ((company_id > 2416) AND (company_type_id = 2))
        Rows Removed by Filter: 1524798
  ->  Hash  (cost=61283.27..61283.27 rows=2528527 width=4) (actual time=2029.596..2029.596 rows=2528312 loops=1)
        Buckets: 131072  Batches: 64  Memory Usage: 2415kB
        ->  Seq Scan on title t  (cost=0.00..61283.27 rows=2528527 width=4) (actual time=0.027..1094.272 rows=2528312 loops=1)
Planning time: 0.645 ms
Execution time: 4615.214 ms
