Seq Scan on movie_companies mc  (cost=0.00..51404.11 rows=810574 width=0) (actual time=0.030..991.580 rows=818216 loops=1)
  Filter: (company_id > 28375)
  Rows Removed by Filter: 1790913
Planning time: 0.284 ms
Execution time: 1092.711 ms
