Hash Join  (cost=102767.86..228856.47 rows=1463107 width=0) (actual time=1909.824..4933.449 rows=1481576 loops=1)
  Hash Cond: (mk.movie_id = t.id)
  ->  Seq Scan on movie_keyword mk  (cost=0.00..81003.12 rows=1463107 width=4) (actual time=0.023..1482.502 rows=1481576 loops=1)
        Filter: (keyword_id < 2115)
        Rows Removed by Filter: 3042354
  ->  Hash  (cost=61283.27..61283.27 rows=2528527 width=4) (actual time=1908.101..1908.101 rows=2528312 loops=1)
        Buckets: 131072  Batches: 64  Memory Usage: 2425kB
        ->  Seq Scan on title t  (cost=0.00..61283.27 rows=2528527 width=4) (actual time=0.015..1037.189 rows=2528312 loops=1)
Planning time: 0.709 ms
Execution time: 5106.225 ms
