Hash Join  (cost=897543.87..953020.04 rows=23860 width=0) (actual time=12776.553..13841.158 rows=17497 loops=1)
  Hash Cond: (mc.movie_id = t.id)
  ->  Seq Scan on movie_companies mc  (cost=0.00..51404.11 rows=1022257 width=4) (actual time=0.032..909.770 rows=1022478 loops=1)
        Filter: (company_id < 5438)
        Rows Removed by Filter: 1586651
  ->  Hash  (cost=896806.17..896806.17 rows=59016 width=8) (actual time=12692.635..12692.635 rows=22411 loops=1)
        Buckets: 65536  Batches: 1  Memory Usage: 1388kB
        ->  Hash Join  (cost=92883.59..896806.17 rows=59016 width=8) (actual time=4823.044..12684.237 rows=22411 loops=1)
              Hash Cond: (ci.movie_id = t.id)
              ->  Seq Scan on cast_info ci  (cost=0.00..796071.18 rows=96848 width=4) (actual time=2835.309..10402.288 rows=44369 loops=1)
                    Filter: ((person_id < 28287) AND (role_id > 3))
                    Rows Removed by Filter: 36199975
              ->  Hash  (cost=67604.59..67604.59 rows=1540800 width=4) (actual time=1986.158..1986.158 rows=1543264 loops=1)
                    Buckets: 131072  Batches: 32  Memory Usage: 2722kB
                    ->  Seq Scan on title t  (cost=0.00..67604.59 rows=1540800 width=4) (actual time=0.026..1259.045 rows=1543264 loops=1)
                          Filter: (kind_id = 7)
                          Rows Removed by Filter: 985048
Planning time: 1.262 ms
Execution time: 13843.666 ms
