Hash Join  (cost=52284.94..138944.39 rows=141 width=0) (actual time=642.847..2358.912 rows=33456 loops=1)
  Hash Cond: (mk.movie_id = t.id)
  ->  Seq Scan on movie_keyword mk  (cost=0.00..69693.30 rows=4523930 width=4) (actual time=0.025..938.097 rows=4523930 loops=1)
  ->  Hash  (cost=52283.95..52283.95 rows=79 width=8) (actual time=636.699..636.699 rows=688 loops=1)
        Buckets: 1024  Batches: 1  Memory Usage: 35kB
        ->  Nested Loop  (cost=0.43..52283.95 rows=79 width=8) (actual time=3.965..636.221 rows=688 loops=1)
              ->  Seq Scan on movie_companies mc  (cost=0.00..51404.11 rows=104 width=4) (actual time=3.926..619.530 rows=704 loops=1)
                    Filter: (company_id = 1431)
                    Rows Removed by Filter: 2608425
              ->  Index Scan using title_pkey on title t  (cost=0.43..8.45 rows=1 width=4) (actual time=0.022..0.022 rows=1 loops=704)
                    Index Cond: (id = mc.movie_id)
                    Filter: (production_year < 2010)
                    Rows Removed by Filter: 0
Planning time: 1.417 ms
Execution time: 2363.346 ms
