Hash Join  (cost=204121.93..1184222.05 rows=1718341 width=0) (actual time=10446.064..30082.278 rows=808434 loops=1)
  Hash Cond: (ci.movie_id = t.id)
  ->  Seq Scan on cast_info ci  (cost=0.00..705507.15 rows=20024311 width=4) (actual time=5643.246..15740.173 rows=20122661 loops=1)
        Filter: (role_id < 3)
        Rows Removed by Filter: 16121683
  ->  Hash  (cost=200561.68..200561.68 rows=216980 width=8) (actual time=4801.519..4801.519 rows=50573 loops=1)
        Buckets: 131072  Batches: 4  Memory Usage: 1505kB
        ->  Hash Join  (cost=75915.84..200561.68 rows=216980 width=8) (actual time=1943.679..4778.975 rows=50573 loops=1)
              Hash Cond: (mk.movie_id = t.id)
              ->  Seq Scan on movie_keyword mk  (cost=0.00..69693.30 rows=4523930 width=4) (actual time=0.033..1460.977 rows=4523930 loops=1)
              ->  Hash  (cost=73925.90..73925.90 rows=121275 width=4) (actual time=1939.551..1939.551 rows=124747 loops=1)
                    Buckets: 131072  Batches: 2  Memory Usage: 3225kB
                    ->  Seq Scan on title t  (cost=0.00..73925.90 rows=121275 width=4) (actual time=0.028..1276.897 rows=124747 loops=1)
                          Filter: ((kind_id > 1) AND (production_year = 2012))
                          Rows Removed by Filter: 2403565
Planning time: 9.515 ms
Execution time: 30193.224 ms
