Seq Scan on movie_companies mc  (cost=0.00..57926.93 rows=51 width=0) (actual time=321.800..634.641 rows=7 loops=1)
  Filter: ((company_id = 9635) AND (company_type_id = 1))
  Rows Removed by Filter: 2609122
Planning time: 0.385 ms
Execution time: 634.726 ms
