Hash Join  (cost=101583.57..156333.35 rows=8426 width=0) (actual time=1899.976..3080.215 rows=19799 loops=1)
  Hash Cond: (mc.movie_id = t.id)
  ->  Seq Scan on movie_companies mc  (cost=0.00..44881.29 rows=2609129 width=4) (actual time=0.013..604.716 rows=2609129 loops=1)
  ->  Hash  (cost=101481.51..101481.51 rows=8165 width=8) (actual time=1899.574..1899.574 rows=8832 loops=1)
        Buckets: 16384 (originally 8192)  Batches: 1 (originally 1)  Memory Usage: 473kB
        ->  Hash Join  (cost=74485.76..101481.51 rows=8165 width=8) (actual time=1257.815..1895.200 rows=8832 loops=1)
              Hash Cond: (mi_idx.movie_id = t.id)
              ->  Seq Scan on movie_info_idx mi_idx  (cost=0.00..25185.44 rows=460978 width=4) (actual time=0.026..482.948 rows=459925 loops=1)
                    Filter: (info_type_id = 99)
                    Rows Removed by Filter: 920110
              ->  Hash  (cost=73925.90..73925.90 rows=44788 width=4) (actual time=1257.332..1257.332 rows=52864 loops=1)
                    Buckets: 65536  Batches: 1  Memory Usage: 2371kB
                    ->  Seq Scan on title t  (cost=0.00..73925.90 rows=44788 width=4) (actual time=0.058..1235.674 rows=52864 loops=1)
                          Filter: ((kind_id > 1) AND (production_year = 2002))
                          Rows Removed by Filter: 2475448
Planning time: 1.167 ms
Execution time: 3083.957 ms
