Hash Join  (cost=214495.74..258727.46 rows=381124 width=0) (actual time=4215.522..5362.656 rows=361038 loops=1)
  Hash Cond: (mi_idx.movie_id = t.id)
  ->  Seq Scan on movie_info_idx mi_idx  (cost=0.00..21735.35 rows=1380035 width=4) (actual time=0.022..495.152 rows=1380035 loops=1)
  ->  Hash  (cost=203038.96..203038.96 rows=698302 width=8) (actual time=4214.548..4214.548 rows=270413 loops=1)
        Buckets: 131072  Batches: 16  Memory Usage: 1682kB
        ->  Hash Join  (cost=94973.51..203038.96 rows=698302 width=8) (actual time=1768.367..4136.866 rows=270413 loops=1)
              Hash Cond: (mk.movie_id = t.id)
              ->  Seq Scan on movie_keyword mk  (cost=0.00..81003.12 rows=1058461 width=4) (actual time=0.023..1505.974 rows=1064280 loops=1)
                    Filter: (keyword_id < 1061)
                    Rows Removed by Filter: 3459650
              ->  Hash  (cost=67604.59..67604.59 rows=1668154 width=4) (actual time=1766.310..1766.310 rows=1674098 loops=1)
                    Buckets: 131072  Batches: 32  Memory Usage: 2875kB
                    ->  Seq Scan on title t  (cost=0.00..67604.59 rows=1668154 width=4) (actual time=0.025..1204.455 rows=1674098 loops=1)
                          Filter: (kind_id > 3)
                          Rows Removed by Filter: 854214
Planning time: 1.056 ms
Execution time: 5398.363 ms
