Hash Join  (cost=190230.21..1082852.24 rows=2923144 width=0) (actual time=7274.185..26228.752 rows=8175707 loops=1)
  Hash Cond: (ci.movie_id = t.id)
  ->  Seq Scan on cast_info ci  (cost=0.00..796071.18 rows=5355841 width=4) (actual time=2635.833..16750.604 rows=5573057 loops=1)
        Filter: ((person_id > 274378) AND (role_id > 8))
        Rows Removed by Filter: 30671287
  ->  Hash  (cost=167588.78..167588.78 rows=1380035 width=8) (actual time=4636.902..4636.902 rows=1380035 loops=1)
        Buckets: 131072  Batches: 32  Memory Usage: 2708kB
        ->  Hash Join  (cost=102767.86..167588.78 rows=1380035 width=8) (actual time=2055.202..4221.769 rows=1380035 loops=1)
              Hash Cond: (mi_idx.movie_id = t.id)
              ->  Seq Scan on movie_info_idx mi_idx  (cost=0.00..21735.35 rows=1380035 width=4) (actual time=0.028..478.989 rows=1380035 loops=1)
              ->  Hash  (cost=61283.27..61283.27 rows=2528527 width=4) (actual time=2054.008..2054.008 rows=2528312 loops=1)
                    Buckets: 131072  Batches: 64  Memory Usage: 2415kB
                    ->  Seq Scan on title t  (cost=0.00..61283.27 rows=2528527 width=4) (actual time=0.023..1235.529 rows=2528312 loops=1)
Planning time: 1.148 ms
Execution time: 27070.870 ms
