Seq Scan on cast_info ci  (cost=0.00..705507.15 rows=500 width=0) (actual time=4008.139..10082.794 rows=18 loops=1)
  Filter: (person_id = 3240232)
  Rows Removed by Filter: 36244326
Planning time: 0.534 ms
Execution time: 10082.901 ms
