Seq Scan on movie_keyword mk  (cost=0.00..81003.12 rows=1781554 width=0) (actual time=0.028..1390.788 rows=1785988 loops=1)
  Filter: (keyword_id > 7771)
  Rows Removed by Filter: 2737942
Planning time: 0.312 ms
Execution time: 1616.056 ms
