Hash Join  (cost=139631.49..646820.88 rows=2566348 width=0) (actual time=3888.693..20755.570 rows=15975908 loops=1)
  Hash Cond: (mi.movie_id = t.id)
  ->  Seq Scan on movie_info mi  (cost=0.00..309384.22 rows=14739122 width=4) (actual time=0.015..6204.764 rows=14835720 loops=1)
  ->  Hash  (cost=132408.22..132408.22 rows=440262 width=8) (actual time=3887.249..3887.249 rows=837230 loops=1)
        Buckets: 131072 (originally 131072)  Batches: 16 (originally 8)  Memory Usage: 3082kB
        ->  Hash Join  (cost=87161.12..132408.22 rows=440262 width=8) (actual time=1516.316..2907.897 rows=837230 loops=1)
              Hash Cond: (mi_idx.movie_id = t.id)
              ->  Seq Scan on movie_info_idx mi_idx  (cost=0.00..21735.35 rows=1380035 width=4) (actual time=0.027..449.612 rows=1380035 loops=1)
              ->  Hash  (cost=73925.90..73925.90 rows=806657 width=4) (actual time=1515.262..1515.262 rows=758154 loops=1)
                    Buckets: 131072  Batches: 16  Memory Usage: 2686kB
                    ->  Seq Scan on title t  (cost=0.00..73925.90 rows=806657 width=4) (actual time=0.020..1298.040 rows=758154 loops=1)
                          Filter: ((kind_id < 4) AND (production_year > 1920))
                          Rows Removed by Filter: 1770158
Planning time: 1.189 ms
Execution time: 22497.703 ms
