Seq Scan on cast_info ci  (cost=0.00..705507.15 rows=19298250 width=0) (actual time=0.017..11759.581 rows=19446977 loops=1)
  Filter: (person_id > 1661540)
  Rows Removed by Filter: 16797367
Planning time: 0.766 ms
Execution time: 14169.306 ms
