Seq Scan on movie_keyword mk  (cost=0.00..81003.12 rows=1220341 width=0) (actual time=0.021..1491.980 rows=1228876 loops=1)
  Filter: (keyword_id < 1559)
  Rows Removed by Filter: 3295054
Planning time: 0.296 ms
Execution time: 1647.988 ms
