Hash Join  (cost=73962.22..426024.79 rows=1781 width=0) (actual time=2081.226..5712.149 rows=10226 loops=1)
  Hash Cond: (mi.movie_id = t.id)
  ->  Seq Scan on movie_info mi  (cost=0.00..346232.03 rows=1550064 width=4) (actual time=1608.521..5013.451 rows=1533909 loops=1)
        Filter: (info_type_id = 3)
        Rows Removed by Filter: 13301811
  ->  Hash  (cost=73925.90..73925.90 rows=2905 width=4) (actual time=472.548..472.548 rows=8126 loops=1)
        Buckets: 8192 (originally 4096)  Batches: 1 (originally 1)  Memory Usage: 350kB
        ->  Seq Scan on title t  (cost=0.00..73925.90 rows=2905 width=4) (actual time=0.053..470.160 rows=8126 loops=1)
              Filter: ((kind_id < 7) AND (production_year = 1987))
              Rows Removed by Filter: 2520186
Planning time: 4.224 ms
Execution time: 5713.778 ms
