Seq Scan on cast_info ci  (cost=0.00..796071.18 rows=12523667 width=0) (actual time=5307.828..14190.167 rows=10809889 loops=1)
  Filter: ((person_id > 2205962) AND (role_id < 10))
  Rows Removed by Filter: 25434455
Planning time: 0.348 ms
Execution time: 15534.137 ms
