Hash Join  (cost=67697.55..876992.18 rows=10291 width=0) (actual time=1422.294..13764.824 rows=36873 loops=1)
  Hash Cond: (ci.movie_id = t.id)
  ->  Seq Scan on cast_info ci  (cost=0.00..796071.18 rows=3498811 width=4) (actual time=337.951..11760.811 rows=3929557 loops=1)
        Filter: ((person_id < 431543) AND (role_id < 6))
        Rows Removed by Filter: 32314787
  ->  Hash  (cost=67604.59..67604.59 rows=7437 width=4) (actual time=1084.207..1084.207 rows=20122 loops=1)
        Buckets: 32768 (originally 8192)  Batches: 1 (originally 1)  Memory Usage: 964kB
        ->  Seq Scan on title t  (cost=0.00..67604.59 rows=7437 width=4) (actual time=0.127..1074.648 rows=20122 loops=1)
              Filter: (production_year = 1987)
              Rows Removed by Filter: 2508190
Planning time: 0.713 ms
Execution time: 13771.058 ms
