Nested Loop  (cost=0.43..83071.67 rows=246 width=0) (actual time=4.946..1344.104 rows=483 loops=1)
  ->  Seq Scan on movie_keyword mk  (cost=0.00..81003.12 rows=246 width=4) (actual time=4.894..1326.812 rows=483 loops=1)
        Filter: (keyword_id = 1677)
        Rows Removed by Filter: 4523447
  ->  Index Only Scan using title_pkey on title t  (cost=0.43..8.40 rows=1 width=4) (actual time=0.033..0.034 rows=1 loops=483)
        Index Cond: (id = mk.movie_id)
        Heap Fetches: 483
Planning time: 0.706 ms
Execution time: 1344.379 ms
