Hash Join  (cost=192370.39..1040836.14 rows=4331469 width=0) (actual time=4629.825..24755.208 rows=9612762 loops=1)
  Hash Cond: (ci.movie_id = t.id)
  ->  Seq Scan on cast_info ci  (cost=0.00..705507.15 rows=8164508 width=4) (actual time=0.033..13025.509 rows=8118858 loops=1)
        Filter: (person_id > 2869322)
        Rows Removed by Filter: 28125486
  ->  Hash  (cost=170361.33..170361.33 rows=1341445 width=8) (actual time=4628.451..4628.451 rows=1379855 loops=1)
        Buckets: 131072  Batches: 32  Memory Usage: 2708kB
        ->  Hash Join  (cost=107928.35..170361.33 rows=1341445 width=8) (actual time=2207.871..4226.978 rows=1379855 loops=1)
              Hash Cond: (mi_idx.movie_id = t.id)
              ->  Seq Scan on movie_info_idx mi_idx  (cost=0.00..21735.35 rows=1380035 width=4) (actual time=0.014..504.490 rows=1380035 loops=1)
              ->  Hash  (cost=67604.59..67604.59 rows=2457821 width=4) (actual time=2206.421..2206.421 rows=2456218 loops=1)
                    Buckets: 131072  Batches: 64  Memory Usage: 2375kB
                    ->  Seq Scan on title t  (cost=0.00..67604.59 rows=2457821 width=4) (actual time=0.026..1396.536 rows=2456218 loops=1)
                          Filter: (production_year > 0)
                          Rows Removed by Filter: 72094
Planning time: 3.325 ms
Execution time: 25851.546 ms
