Hash Join  (cost=798789.81..1163453.14 rows=740 width=0) (actual time=14250.084..19998.685 rows=240 loops=1)
  Hash Cond: (mi.movie_id = t.id)
  ->  Seq Scan on movie_info mi  (cost=0.00..309384.22 rows=14739122 width=4) (actual time=0.015..3599.907 rows=14835720 loops=1)
  ->  Hash  (cost=798788.22..798788.22 rows=127 width=8) (actual time=13933.714..13933.714 rows=4 loops=1)
        Buckets: 1024  Batches: 1  Memory Usage: 9kB
        ->  Nested Loop  (cost=0.43..798788.22 rows=127 width=8) (actual time=1839.814..13933.673 rows=4 loops=1)
              ->  Seq Scan on cast_info ci  (cost=0.00..796071.18 rows=324 width=4) (actual time=1839.712..13931.599 rows=145 loops=1)
                    Filter: ((role_id > 1) AND (person_id = 2927374))
                    Rows Removed by Filter: 36244199
              ->  Index Scan using title_pkey on title t  (cost=0.43..8.38 rows=1 width=4) (actual time=0.014..0.014 rows=0 loops=145)
                    Index Cond: (id = ci.movie_id)
                    Filter: (kind_id < 7)
                    Rows Removed by Filter: 1
Planning time: 1.165 ms
Execution time: 19998.888 ms
