Hash Join  (cost=83072.35..109982.86 rows=2 width=0) (actual time=1460.098..1925.805 rows=48 loops=1)
  Hash Cond: (mi_idx.movie_id = t.id)
  ->  Seq Scan on movie_info_idx mi_idx  (cost=0.00..21735.35 rows=1380035 width=4) (actual time=0.028..336.888 rows=1380035 loops=1)
  ->  Hash  (cost=83072.29..83072.29 rows=5 width=8) (actual time=1350.126..1350.126 rows=18 loops=1)
        Buckets: 1024  Batches: 1  Memory Usage: 9kB
        ->  Nested Loop  (cost=0.43..83072.29 rows=5 width=8) (actual time=188.316..1350.085 rows=18 loops=1)
              ->  Seq Scan on movie_keyword mk  (cost=0.00..81003.12 rows=246 width=4) (actual time=1.515..1326.283 rows=401 loops=1)
                    Filter: (keyword_id = 15689)
                    Rows Removed by Filter: 4523529
              ->  Index Scan using title_pkey on title t  (cost=0.43..8.40 rows=1 width=4) (actual time=0.057..0.057 rows=0 loops=401)
                    Index Cond: (id = mk.movie_id)
                    Filter: (production_year = 1998)
                    Rows Removed by Filter: 1
Planning time: 4.684 ms
Execution time: 1925.969 ms
