Hash Join  (cost=798791.46..825703.71 rows=177 width=0) (actual time=14453.806..14678.433 rows=3 loops=1)
  Hash Cond: (mi_idx.movie_id = t.id)
  ->  Seq Scan on movie_info_idx mi_idx  (cost=0.00..21735.35 rows=1380035 width=4) (actual time=0.018..319.566 rows=1380035 loops=1)
  ->  Hash  (cost=798787.41..798787.41 rows=324 width=8) (actual time=14116.196..14116.196 rows=6 loops=1)
        Buckets: 1024  Batches: 1  Memory Usage: 9kB
        ->  Nested Loop  (cost=0.43..798787.41 rows=324 width=8) (actual time=962.458..14116.160 rows=6 loops=1)
              ->  Seq Scan on cast_info ci  (cost=0.00..796071.18 rows=324 width=4) (actual time=962.384..14115.866 rows=6 loops=1)
                    Filter: ((role_id > 1) AND (person_id = 1463258))
                    Rows Removed by Filter: 36244338
              ->  Index Only Scan using title_pkey on title t  (cost=0.43..8.37 rows=1 width=4) (actual time=0.035..0.035 rows=1 loops=6)
                    Index Cond: (id = ci.movie_id)
                    Heap Fetches: 6
Planning time: 1.166 ms
Execution time: 14678.576 ms
