Seq Scan on cast_info ci  (cost=0.00..796071.18 rows=7423732 width=0) (actual time=0.015..13510.063 rows=11443522 loops=1)
  Filter: ((person_id > 2554125) AND (role_id > 1))
  Rows Removed by Filter: 24800822
Planning time: 0.353 ms
Execution time: 14927.108 ms
