Hash Join  (cost=83074.74..431000.37 rows=44 width=0) (actual time=5514.272..6945.820 rows=83 loops=1)
  Hash Cond: (mi.movie_id = t.id)
  ->  Seq Scan on movie_info mi  (cost=0.00..346232.03 rows=451508 width=4) (actual time=4178.423..5568.653 rows=474443 loops=1)
        Filter: (info_type_id = 6)
        Rows Removed by Filter: 14361277
  ->  Hash  (cost=83071.67..83071.67 rows=246 width=8) (actual time=1309.056..1309.056 rows=78 loops=1)
        Buckets: 1024  Batches: 1  Memory Usage: 12kB
        ->  Nested Loop  (cost=0.43..83071.67 rows=246 width=8) (actual time=0.977..1308.918 rows=78 loops=1)
              ->  Seq Scan on movie_keyword mk  (cost=0.00..81003.12 rows=246 width=4) (actual time=0.891..1305.315 rows=78 loops=1)
                    Filter: (keyword_id = 37657)
                    Rows Removed by Filter: 4523852
              ->  Index Only Scan using title_pkey on title t  (cost=0.43..8.40 rows=1 width=4) (actual time=0.040..0.041 rows=1 loops=78)
                    Index Cond: (id = mk.movie_id)
                    Heap Fetches: 78
Planning time: 1.187 ms
Execution time: 6945.948 ms
