Seq Scan on movie_keyword mk  (cost=0.00..81003.12 rows=3888937 width=0) (actual time=0.015..1670.111 rows=3874830 loops=1)
  Filter: (keyword_id < 29028)
  Rows Removed by Filter: 649100
Planning time: 0.317 ms
Execution time: 2151.736 ms
