Seq Scan on movie_keyword mk  (cost=0.00..81003.12 rows=4276488 width=0) (actual time=0.048..966.749 rows=4278094 loops=1)
  Filter: (keyword_id < 61057)
  Rows Removed by Filter: 245836
Planning time: 0.310 ms
Execution time: 1320.408 ms
