Hash Join  (cost=78556.72..907827.37 rows=2252035 width=0) (actual time=1312.555..18927.159 rows=2548603 loops=1)
  Hash Cond: (ci.movie_id = t.id)
  ->  Seq Scan on cast_info ci  (cost=0.00..705507.15 rows=8530438 width=4) (actual time=0.014..12582.996 rows=8421270 loops=1)
        Filter: (person_id < 825561)
        Rows Removed by Filter: 27823074
  ->  Hash  (cost=67604.59..67604.59 rows=667531 width=4) (actual time=1311.504..1311.504 rows=662825 loops=1)
        Buckets: 131072  Batches: 16  Memory Usage: 2476kB
        ->  Seq Scan on title t  (cost=0.00..67604.59 rows=667531 width=4) (actual time=0.018..1117.417 rows=662825 loops=1)
              Filter: (kind_id = 1)
              Rows Removed by Filter: 1865487
Planning time: 0.754 ms
Execution time: 19259.933 ms
