Seq Scan on cast_info ci  (cost=0.00..796071.18 rows=3273379 width=0) (actual time=10075.697..15563.524 rows=3552605 loops=1)
  Filter: ((person_id < 2994182) AND (role_id = 3))
  Rows Removed by Filter: 32691739
Planning time: 0.382 ms
Execution time: 15985.162 ms
