Nested Loop  (cost=0.43..58375.31 rows=19 width=0) (actual time=433.885..938.557 rows=4 loops=1)
  ->  Seq Scan on movie_companies mc  (cost=0.00..57926.93 rows=53 width=4) (actual time=280.441..920.821 rows=127 loops=1)
        Filter: ((company_type_id > 1) AND (company_id = 15275))
        Rows Removed by Filter: 2609002
  ->  Index Scan using title_pkey on title t  (cost=0.43..8.45 rows=1 width=4) (actual time=0.138..0.138 rows=0 loops=127)
        Index Cond: (id = mc.movie_id)
        Filter: (production_year < 1998)
        Rows Removed by Filter: 1
Planning time: 0.750 ms
Execution time: 938.659 ms
