Seq Scan on movie_keyword mk  (cost=0.00..81003.12 rows=2052110 width=0) (actual time=0.022..1470.251 rows=2055696 loops=1)
  Filter: (keyword_id > 5943)
  Rows Removed by Filter: 2468234
Planning time: 0.356 ms
Execution time: 1731.328 ms
