Hash Join  (cost=98137.04..272914.75 rows=3156141 width=0) (actual time=1804.423..6064.562 rows=1527625 loops=1)
  Hash Cond: (mk.movie_id = t.id)
  ->  Seq Scan on movie_keyword mk  (cost=0.00..81003.12 rows=4288235 width=4) (actual time=0.023..1787.475 rows=4271301 loops=1)
        Filter: (keyword_id > 216)
        Rows Removed by Filter: 252629
  ->  Hash  (cost=67604.59..67604.59 rows=1860996 width=4) (actual time=1802.148..1802.148 rows=1865487 loops=1)
        Buckets: 131072  Batches: 32  Memory Usage: 3085kB
        ->  Seq Scan on title t  (cost=0.00..67604.59 rows=1860996 width=4) (actual time=0.030..1184.307 rows=1865487 loops=1)
              Filter: (kind_id > 1)
              Rows Removed by Filter: 662825
Planning time: 0.704 ms
Execution time: 6226.126 ms
