Hash Join  (cost=83074.55..110002.44 rows=33 width=0) (actual time=1313.401..1795.577 rows=181 loops=1)
  Hash Cond: (mi_idx.movie_id = t.id)
  ->  Seq Scan on movie_info_idx mi_idx  (cost=0.00..25185.44 rows=464566 width=4) (actual time=0.022..420.484 rows=459925 loops=1)
        Filter: (info_type_id = 101)
        Rows Removed by Filter: 920110
  ->  Hash  (cost=83072.29..83072.29 rows=181 width=8) (actual time=1312.553..1312.553 rows=259 loops=1)
        Buckets: 1024  Batches: 1  Memory Usage: 19kB
        ->  Nested Loop  (cost=0.43..83072.29 rows=181 width=8) (actual time=10.011..1312.312 rows=259 loops=1)
              ->  Seq Scan on movie_keyword mk  (cost=0.00..81003.12 rows=246 width=4) (actual time=5.304..1274.001 rows=974 loops=1)
                    Filter: (keyword_id = 662)
                    Rows Removed by Filter: 4522956
              ->  Index Scan using title_pkey on title t  (cost=0.43..8.40 rows=1 width=4) (actual time=0.038..0.038 rows=0 loops=974)
                    Index Cond: (id = mk.movie_id)
                    Filter: (kind_id > 1)
                    Rows Removed by Filter: 1
Planning time: 1.264 ms
Execution time: 1795.777 ms
