Seq Scan on movie_keyword mk  (cost=0.00..81003.12 rows=2262961 width=0) (actual time=0.024..1506.400 rows=2266332 loops=1)
  Filter: (keyword_id < 4729)
  Rows Removed by Filter: 2257598
Planning time: 1.873 ms
Execution time: 1787.411 ms
