Hash Join  (cost=74747.02..126340.84 rows=1229 width=0) (actual time=1789.052..2166.980 rows=1061 loops=1)
  Hash Cond: (mc.movie_id = t.id)
  ->  Seq Scan on movie_companies mc  (cost=0.00..51404.11 rows=47312 width=4) (actual time=0.061..879.750 rows=47252 loops=1)
        Filter: (company_id = 19)
        Rows Removed by Filter: 2561877
  ->  Hash  (cost=73925.90..73925.90 rows=65689 width=4) (actual time=1268.646..1268.646 rows=74524 loops=1)
        Buckets: 131072  Batches: 1  Memory Usage: 3644kB
        ->  Seq Scan on title t  (cost=0.00..73925.90 rows=65689 width=4) (actual time=0.024..1236.767 rows=74524 loops=1)
              Filter: ((kind_id = 7) AND (production_year = 2006))
              Rows Removed by Filter: 2453788
Planning time: 0.809 ms
Execution time: 2167.423 ms
