Seq Scan on movie_keyword mk  (cost=0.00..81003.12 rows=2864525 width=0) (actual time=0.029..1576.934 rows=2851081 loops=1)
  Filter: (keyword_id > 2562)
  Rows Removed by Filter: 1672849
Planning time: 0.316 ms
Execution time: 1941.190 ms
