Seq Scan on movie_companies mc  (cost=0.00..51404.11 rows=34078 width=0) (actual time=241.762..744.435 rows=32931 loops=1)
  Filter: (company_id > 205269)
  Rows Removed by Filter: 2576198
Planning time: 0.314 ms
Execution time: 748.875 ms
