Hash Join  (cost=460761.35..542560.56 rows=489569 width=0) (actual time=8411.099..11237.800 rows=2475457 loops=1)
  Hash Cond: (mc.movie_id = t.id)
  ->  Seq Scan on movie_companies mc  (cost=0.00..44881.29 rows=2609129 width=4) (actual time=0.013..915.554 rows=2609129 loops=1)
  ->  Hash  (cost=452976.79..452976.79 rows=474445 width=8) (actual time=8410.160..8410.160 rows=398490 loops=1)
        Buckets: 131072  Batches: 8  Memory Usage: 2969kB
        ->  Hash Join  (cost=78473.92..452976.79 rows=474445 width=8) (actual time=3210.957..8306.568 rows=398490 loops=1)
              Hash Cond: (mi.movie_id = t.id)
              ->  Seq Scan on movie_info mi  (cost=0.00..346232.03 rows=1810770 width=4) (actual time=1636.922..5690.793 rows=1865632 loops=1)
                    Filter: (info_type_id > 17)
                    Rows Removed by Filter: 12970088
              ->  Hash  (cost=67604.59..67604.59 rows=662507 width=4) (actual time=1573.154..1573.154 rows=662065 loops=1)
                    Buckets: 131072  Batches: 16  Memory Usage: 2487kB
                    ->  Seq Scan on title t  (cost=0.00..67604.59 rows=662507 width=4) (actual time=0.410..1331.745 rows=662065 loops=1)
                          Filter: (production_year > 2008)
                          Rows Removed by Filter: 1866247
Planning time: 1.156 ms
Execution time: 11529.785 ms
