Hash Join  (cost=102767.86..239742.78 rows=1915557 width=0) (actual time=1919.466..5765.790 rows=1931919 loops=1)
  Hash Cond: (mk.movie_id = t.id)
  ->  Seq Scan on movie_keyword mk  (cost=0.00..81003.12 rows=1915557 width=4) (actual time=0.020..1543.061 rows=1931919 loops=1)
        Filter: (keyword_id < 3318)
        Rows Removed by Filter: 2592011
  ->  Hash  (cost=61283.27..61283.27 rows=2528527 width=4) (actual time=1917.860..1917.860 rows=2528312 loops=1)
        Buckets: 131072  Batches: 64  Memory Usage: 2425kB
        ->  Seq Scan on title t  (cost=0.00..61283.27 rows=2528527 width=4) (actual time=0.023..1059.579 rows=2528312 loops=1)
Planning time: 0.682 ms
Execution time: 5960.754 ms
