Hash Join  (cost=69090.10..130931.69 rows=10690 width=0) (actual time=1503.393..2111.183 rows=57829 loops=1)
  Hash Cond: (mc.movie_id = t.id)
  ->  Seq Scan on movie_companies mc  (cost=0.00..57926.93 rows=298602 width=4) (actual time=0.023..897.965 rows=437818 loops=1)
        Filter: ((company_id < 708) AND (company_type_id = 1))
        Rows Removed by Filter: 2171311
  ->  Hash  (cost=67604.59..67604.59 rows=90521 width=4) (actual time=1024.343..1024.343 rows=90852 loops=1)
        Buckets: 131072  Batches: 2  Memory Usage: 2626kB
        ->  Seq Scan on title t  (cost=0.00..67604.59 rows=90521 width=4) (actual time=87.253..991.074 rows=90852 loops=1)
              Filter: (kind_id = 2)
              Rows Removed by Filter: 2437460
Planning time: 0.757 ms
Execution time: 2119.250 ms
