Hash Join  (cost=197642.75..719052.93 rows=3899125 width=0) (actual time=3909.895..20878.441 rows=17372773 loops=1)
  Hash Cond: (mi.movie_id = t.id)
  ->  Seq Scan on movie_info mi  (cost=0.00..309384.22 rows=14739122 width=4) (actual time=0.023..6035.269 rows=14835720 loops=1)
  ->  Hash  (cost=186668.47..186668.47 rows=668903 width=8) (actual time=3909.091..3909.091 rows=443036 loops=1)
        Buckets: 131072  Batches: 16  Memory Usage: 2139kB
        ->  Hash Join  (cost=102767.86..186668.47 rows=668903 width=8) (actual time=2421.705..3780.128 rows=443036 loops=1)
              Hash Cond: (mc.movie_id = t.id)
              ->  Seq Scan on movie_companies mc  (cost=0.00..57926.93 rows=668903 width=4) (actual time=410.372..1004.453 rows=443036 loops=1)
                    Filter: ((company_id > 11141) AND (company_type_id < 2))
                    Rows Removed by Filter: 2166093
              ->  Hash  (cost=61283.27..61283.27 rows=2528527 width=4) (actual time=2010.285..2010.285 rows=2528312 loops=1)
                    Buckets: 131072  Batches: 64  Memory Usage: 2415kB
                    ->  Seq Scan on title t  (cost=0.00..61283.27 rows=2528527 width=4) (actual time=0.021..1142.486 rows=2528312 loops=1)
Planning time: 1.128 ms
Execution time: 22734.765 ms
