Hash Join  (cost=953550.86..1502261.10 rows=6457631 width=0) (actual time=14121.142..29677.324 rows=9440338 loops=1)
  Hash Cond: (mi.movie_id = t.id)
  ->  Seq Scan on movie_info mi  (cost=0.00..309384.22 rows=14739122 width=4) (actual time=0.010..5920.808 rows=14835720 loops=1)
  ->  Hash  (cost=935375.11..935375.11 rows=1107820 width=8) (actual time=14120.117..14120.117 rows=543098 loops=1)
        Buckets: 131072  Batches: 16  Memory Usage: 2351kB
        ->  Hash Join  (cost=102767.86..935375.11 rows=1107820 width=8) (actual time=5260.238..13956.178 rows=543098 loops=1)
              Hash Cond: (ci.movie_id = t.id)
              ->  Seq Scan on cast_info ci  (cost=0.00..796071.18 rows=1107820 width=4) (actual time=3308.019..11122.979 rows=543098 loops=1)
                    Filter: ((person_id < 394980) AND (role_id > 4))
                    Rows Removed by Filter: 35701246
              ->  Hash  (cost=61283.27..61283.27 rows=2528527 width=4) (actual time=1950.620..1950.620 rows=2528312 loops=1)
                    Buckets: 131072  Batches: 64  Memory Usage: 2415kB
                    ->  Seq Scan on title t  (cost=0.00..61283.27 rows=2528527 width=4) (actual time=0.034..1103.638 rows=2528312 loops=1)
Planning time: 1.163 ms
Execution time: 30786.205 ms
