Seq Scan on movie_keyword mk  (cost=0.00..81003.12 rows=246 width=0) (actual time=2.228..1257.689 rows=740 loops=1)
  Filter: (keyword_id = 4458)
  Rows Removed by Filter: 4523190
Planning time: 0.349 ms
Execution time: 1258.071 ms
