Hash Join  (cost=131622.73..234657.46 rows=253071 width=0) (actual time=3076.360..5803.529 rows=2656945 loops=1)
  Hash Cond: (mk.movie_id = t.id)
  ->  Seq Scan on movie_keyword mk  (cost=0.00..81003.12 rows=1546638 width=4) (actual time=0.019..1366.618 rows=1561496 loops=1)
        Filter: (keyword_id > 10066)
        Rows Removed by Filter: 2962434
  ->  Hash  (cost=124834.06..124834.06 rows=413734 width=8) (actual time=3075.321..3075.321 rows=742958 loops=1)
        Buckets: 131072 (originally 131072)  Batches: 16 (originally 8)  Memory Usage: 3073kB
        ->  Hash Join  (cost=80042.24..124834.06 rows=413734 width=8) (actual time=1460.040..2847.893 rows=742958 loops=1)
              Hash Cond: (mi_idx.movie_id = t.id)
              ->  Seq Scan on movie_info_idx mi_idx  (cost=0.00..21735.35 rows=1380035 width=4) (actual time=0.021..437.274 rows=1380035 loops=1)
              ->  Hash  (cost=67604.59..67604.59 rows=758052 width=4) (actual time=1458.975..1458.975 rows=753677 loops=1)
                    Buckets: 131072  Batches: 16  Memory Usage: 2677kB
                    ->  Seq Scan on title t  (cost=0.00..67604.59 rows=758052 width=4) (actual time=0.023..1211.958 rows=753677 loops=1)
                          Filter: (kind_id < 3)
                          Rows Removed by Filter: 1774635
Planning time: 1.156 ms
Execution time: 6101.565 ms
