Seq Scan on cast_info ci  (cost=0.00..705507.15 rows=500 width=0) (actual time=1297.222..10326.926 rows=25 loops=1)
  Filter: (person_id = 2673886)
  Rows Removed by Filter: 36244319
Planning time: 0.247 ms
Execution time: 10326.995 ms
