Seq Scan on movie_keyword mk  (cost=0.00..81003.12 rows=246 width=0) (actual time=0.529..1285.258 rows=3275 loops=1)
  Filter: (keyword_id = 3262)
  Rows Removed by Filter: 4520655
Planning time: 0.354 ms
Execution time: 1286.220 ms
