Hash Join  (cost=98347.17..173277.65 rows=354782 width=0) (actual time=2063.982..3251.563 rows=115635 loops=1)
  Hash Cond: (mc.movie_id = t.id)
  ->  Seq Scan on movie_companies mc  (cost=0.00..57926.93 rows=478745 width=4) (actual time=0.013..739.798 rows=173752 loops=1)
        Filter: ((company_id > 17139) AND (company_type_id = 1))
        Rows Removed by Filter: 2435377
  ->  Hash  (cost=67604.59..67604.59 rows=1873807 width=4) (actual time=2062.927..2062.927 rows=1871198 loops=1)
        Buckets: 131072  Batches: 32  Memory Usage: 3088kB
        ->  Seq Scan on title t  (cost=0.00..67604.59 rows=1873807 width=4) (actual time=0.017..1451.526 rows=1871198 loops=1)
              Filter: (production_year > 1984)
              Rows Removed by Filter: 657114
Planning time: 0.798 ms
Execution time: 3265.724 ms
