Seq Scan on cast_info ci  (cost=0.00..796071.18 rows=6994742 width=0) (actual time=1849.840..14384.446 rows=9005149 loops=1)
  Filter: ((person_id > 1510737) AND (role_id > 3))
  Rows Removed by Filter: 27239195
Planning time: 0.327 ms
Execution time: 15508.735 ms
