Seq Scan on title t  (cost=0.00..67604.59 rows=439964 width=0) (actual time=0.025..1150.866 rows=437515 loops=1)
  Filter: (production_year < 1975)
  Rows Removed by Filter: 2090797
Planning time: 0.239 ms
Execution time: 1208.113 ms
