Hash Join  (cost=273719.50..1336442.15 rows=13251178 width=0) (actual time=10002.476..40676.322 rows=43764976 loops=1)
  Hash Cond: (ci.movie_id = t.id)
  ->  Seq Scan on cast_info ci  (cost=0.00..705507.15 rows=16934544 width=4) (actual time=3237.776..14152.789 rows=17051150 loops=1)
        Filter: (person_id > 1917750)
        Rows Removed by Filter: 19193194
  ->  Hash  (cost=241258.53..241258.53 rows=1978557 width=8) (actual time=6763.117..6763.117 rows=1987068 loops=1)
        Buckets: 131072  Batches: 32  Memory Usage: 3435kB
        ->  Hash Join  (cost=102767.86..241258.53 rows=1978557 width=8) (actual time=2695.682..6175.908 rows=1987068 loops=1)
              Hash Cond: (mk.movie_id = t.id)
              ->  Seq Scan on movie_keyword mk  (cost=0.00..81003.12 rows=1978557 width=4) (actual time=0.040..1551.826 rows=1987068 loops=1)
                    Filter: (keyword_id > 6340)
                    Rows Removed by Filter: 2536862
              ->  Hash  (cost=61283.27..61283.27 rows=2528527 width=4) (actual time=2693.505..2693.505 rows=2528312 loops=1)
                    Buckets: 131072  Batches: 64  Memory Usage: 2425kB
                    ->  Seq Scan on title t  (cost=0.00..61283.27 rows=2528527 width=4) (actual time=0.024..1109.034 rows=2528312 loops=1)
Planning time: 0.966 ms
Execution time: 45486.987 ms
