Hash Join  (cost=68628.83..433381.16 rows=9641 width=0) (actual time=893.959..8043.175 rows=25820 loops=1)
  Hash Cond: (mi.movie_id = t.id)
  ->  Seq Scan on movie_info mi  (cost=0.00..309384.22 rows=14739122 width=4) (actual time=0.017..4370.284 rows=14835720 loops=1)
  ->  Hash  (cost=68608.15..68608.15 rows=1654 width=8) (actual time=893.445..893.445 rows=2279 loops=1)
        Buckets: 4096 (originally 2048)  Batches: 1 (originally 1)  Memory Usage: 122kB
        ->  Nested Loop  (cost=0.43..68608.15 rows=1654 width=8) (actual time=0.622..892.182 rows=2279 loops=1)
              ->  Seq Scan on movie_companies mc  (cost=0.00..51404.11 rows=2174 width=4) (actual time=0.576..806.066 rows=2295 loops=1)
                    Filter: (company_id = 1435)
                    Rows Removed by Filter: 2606834
              ->  Index Scan using title_pkey on title t  (cost=0.43..7.90 rows=1 width=4) (actual time=0.036..0.037 rows=1 loops=2295)
                    Index Cond: (id = mc.movie_id)
                    Filter: (production_year < 2010)
                    Rows Removed by Filter: 0
Planning time: 1.215 ms
Execution time: 8047.429 ms
