Seq Scan on movie_keyword mk  (cost=0.00..81003.12 rows=2247419 width=0) (actual time=0.022..1326.125 rows=2249811 loops=1)
  Filter: (keyword_id < 4636)
  Rows Removed by Filter: 2274119
Planning time: 0.314 ms
Execution time: 1597.827 ms
