Hash Join  (cost=83074.74..447745.01 rows=1434 width=0) (actual time=1164.569..8973.927 rows=274558 loops=1)
  Hash Cond: (mi.movie_id = t.id)
  ->  Seq Scan on movie_info mi  (cost=0.00..309384.22 rows=14739122 width=4) (actual time=0.021..4719.743 rows=14835720 loops=1)
  ->  Hash  (cost=83071.67..83071.67 rows=246 width=8) (actual time=1164.410..1164.410 rows=3924 loops=1)
        Buckets: 4096 (originally 1024)  Batches: 1 (originally 1)  Memory Usage: 186kB
        ->  Nested Loop  (cost=0.43..83071.67 rows=246 width=8) (actual time=0.276..1162.121 rows=3924 loops=1)
              ->  Seq Scan on movie_keyword mk  (cost=0.00..81003.12 rows=246 width=4) (actual time=0.213..1051.283 rows=3924 loops=1)
                    Filter: (keyword_id = 1741)
                    Rows Removed by Filter: 4520006
              ->  Index Only Scan using title_pkey on title t  (cost=0.43..8.40 rows=1 width=4) (actual time=0.027..0.027 rows=1 loops=3924)
                    Index Cond: (id = mk.movie_id)
                    Heap Fetches: 3924
Planning time: 1.180 ms
Execution time: 9023.615 ms
