Hash Join  (cost=102767.86..288585.26 rows=3945371 width=0) (actual time=1923.298..7517.889 rows=3938540 loops=1)
  Hash Cond: (mk.movie_id = t.id)
  ->  Seq Scan on movie_keyword mk  (cost=0.00..81003.12 rows=3945371 width=4) (actual time=0.019..1939.511 rows=3938540 loops=1)
        Filter: (keyword_id > 414)
        Rows Removed by Filter: 585390
  ->  Hash  (cost=61283.27..61283.27 rows=2528527 width=4) (actual time=1922.086..1922.086 rows=2528312 loops=1)
        Buckets: 131072  Batches: 64  Memory Usage: 2425kB
        ->  Seq Scan on title t  (cost=0.00..61283.27 rows=2528527 width=4) (actual time=0.014..1025.009 rows=2528312 loops=1)
Planning time: 1.085 ms
Execution time: 7962.337 ms
