Seq Scan on movie_keyword mk  (cost=0.00..81003.12 rows=2494772 width=0) (actual time=0.026..1480.888 rows=2487899 loops=1)
  Filter: (keyword_id < 6054)
  Rows Removed by Filter: 2036031
Planning time: 0.328 ms
Execution time: 1809.039 ms
