Hash Join  (cost=246883.48..829044.46 rows=7865915 width=0) (actual time=5233.504..21073.651 rows=10553724 loops=1)
  Hash Cond: (mi.movie_id = t.id)
  ->  Seq Scan on movie_info mi  (cost=0.00..309384.22 rows=14739122 width=4) (actual time=0.017..6251.683 rows=14835720 loops=1)
  ->  Hash  (cost=224743.81..224743.81 rows=1349414 width=8) (actual time=5231.744..5231.744 rows=654079 loops=1)
        Buckets: 131072  Batches: 32  Memory Usage: 1791kB
        ->  Hash Join  (cost=86300.63..224743.81 rows=1349414 width=8) (actual time=1486.118..5037.400 rows=654079 loops=1)
              Hash Cond: (mk.movie_id = t.id)
              ->  Seq Scan on movie_keyword mk  (cost=0.00..69693.30 rows=4523930 width=4) (actual time=0.018..1407.845 rows=4523930 loops=1)
              ->  Hash  (cost=73925.90..73925.90 rows=754218 width=4) (actual time=1485.214..1485.214 rows=647556 loops=1)
                    Buckets: 131072  Batches: 16  Memory Usage: 2457kB
                    ->  Seq Scan on title t  (cost=0.00..73925.90 rows=754218 width=4) (actual time=0.024..1270.613 rows=647556 loops=1)
                          Filter: ((kind_id > 1) AND (production_year < 2000))
                          Rows Removed by Filter: 1880756
Planning time: 1.113 ms
Execution time: 22263.278 ms
