Seq Scan on movie_companies mc  (cost=0.00..51404.11 rows=104 width=0) (actual time=2.211..863.977 rows=1349 loops=1)
  Filter: (company_id = 288)
  Rows Removed by Filter: 2607780
Planning time: 11.381 ms
Execution time: 864.379 ms
