Hash Join  (cost=96375.19..804611.52 rows=773 width=0) (actual time=12947.687..15161.413 rows=2 loops=1)
  Hash Cond: (ci.movie_id = t.id)
  ->  Seq Scan on cast_info ci  (cost=0.00..705507.15 rows=725720 width=4) (actual time=11073.852..13403.542 rows=773674 loops=1)
        Filter: (role_id = 6)
        Rows Removed by Filter: 35470670
  ->  Hash  (cost=96341.54..96341.54 rows=2692 width=8) (actual time=1649.857..1649.857 rows=704 loops=1)
        Buckets: 4096  Batches: 1  Memory Usage: 60kB
        ->  Hash Join  (cost=67697.55..96341.54 rows=2692 width=8) (actual time=1180.907..1649.472 rows=704 loops=1)
              Hash Cond: (mi_idx.movie_id = t.id)
              ->  Seq Scan on movie_info_idx mi_idx  (cost=0.00..25185.44 rows=915101 width=4) (actual time=0.027..453.990 rows=919850 loops=1)
                    Filter: (info_type_id < 101)
                    Rows Removed by Filter: 460185
              ->  Hash  (cost=67604.59..67604.59 rows=7437 width=4) (actual time=1063.699..1063.699 rows=791 loops=1)
                    Buckets: 8192  Batches: 1  Memory Usage: 92kB
                    ->  Seq Scan on title t  (cost=0.00..67604.59 rows=7437 width=4) (actual time=553.587..1063.026 rows=791 loops=1)
                          Filter: (production_year = 1896)
                          Rows Removed by Filter: 2527521
Planning time: 1.128 ms
Execution time: 15161.561 ms
