Hash Join  (cost=103947.06..909878.52 rows=48976 width=0) (actual time=10403.770..13656.568 rows=18935 loops=1)
  Hash Cond: (ci.movie_id = t.id)
  ->  Seq Scan on cast_info ci  (cost=0.00..796071.18 rows=55904 width=4) (actual time=8302.071..11185.727 rows=20551 loops=1)
        Filter: ((person_id < 20993) AND (role_id > 4))
        Rows Removed by Filter: 36223793
  ->  Hash  (cost=67604.59..67604.59 rows=2215158 width=4) (actual time=2100.949..2100.949 rows=2203697 loops=1)
        Buckets: 131072  Batches: 32  Memory Usage: 3448kB
        ->  Seq Scan on title t  (cost=0.00..67604.59 rows=2215158 width=4) (actual time=0.018..1408.036 rows=2203697 loops=1)
              Filter: (production_year > 1960)
              Rows Removed by Filter: 324615
Planning time: 0.706 ms
Execution time: 13659.089 ms
