Seq Scan on movie_companies mc  (cost=0.00..57926.93 rows=53 width=0) (actual time=437.985..934.293 rows=184 loops=1)
  Filter: ((company_type_id > 1) AND (company_id = 73517))
  Rows Removed by Filter: 2608945
Planning time: 0.267 ms
Execution time: 934.405 ms
