Hash Join  (cost=83074.74..434363.60 rows=131 width=0) (actual time=3195.925..7578.907 rows=1400 loops=1)
  Hash Cond: (mi.movie_id = t.id)
  ->  Seq Scan on movie_info mi  (cost=0.00..346232.03 rows=1348138 width=4) (actual time=1821.055..5999.888 rows=1298989 loops=1)
        Filter: (info_type_id = 4)
        Rows Removed by Filter: 13536731
  ->  Hash  (cost=83071.67..83071.67 rows=246 width=8) (actual time=1374.316..1374.316 rows=1337 loops=1)
        Buckets: 2048 (originally 1024)  Batches: 1 (originally 1)  Memory Usage: 69kB
        ->  Nested Loop  (cost=0.43..83071.67 rows=246 width=8) (actual time=2.496..1373.372 rows=1337 loops=1)
              ->  Seq Scan on movie_keyword mk  (cost=0.00..81003.12 rows=246 width=4) (actual time=2.366..1312.377 rows=1337 loops=1)
                    Filter: (keyword_id = 490)
                    Rows Removed by Filter: 4522593
              ->  Index Only Scan using title_pkey on title t  (cost=0.43..8.40 rows=1 width=4) (actual time=0.044..0.044 rows=1 loops=1337)
                    Index Cond: (id = mk.movie_id)
                    Heap Fetches: 1337
Planning time: 1.217 ms
Execution time: 7579.356 ms
