Hash Join  (cost=993785.28..1167347.66 rows=3767843 width=0) (actual time=18078.916..22096.392 rows=2025611 loops=1)
  Hash Cond: (mk.movie_id = t.id)
  ->  Seq Scan on movie_keyword mk  (cost=0.00..69693.30 rows=4523930 width=4) (actual time=0.023..1349.886 rows=4523930 loops=1)
  ->  Hash  (cost=959234.11..959234.11 rows=2105933 width=8) (actual time=18077.223..18077.223 rows=690601 loops=1)
        Buckets: 131072  Batches: 32  Memory Usage: 1858kB
        ->  Hash Join  (cost=96651.52..959234.11 rows=2105933 width=8) (actual time=9273.207..17865.208 rows=690601 loops=1)
              Hash Cond: (ci.movie_id = t.id)
              ->  Seq Scan on cast_info ci  (cost=0.00..796071.18 rows=3007616 width=4) (actual time=7456.698..13911.834 rows=974055 loops=1)
                    Filter: ((person_id < 2374673) AND (role_id > 9))
                    Rows Removed by Filter: 35270289
              ->  Hash  (cost=67604.59..67604.59 rows=1770475 width=4) (actual time=1815.389..1815.389 rows=1774635 loops=1)
                    Buckets: 131072  Batches: 32  Memory Usage: 2978kB
                    ->  Seq Scan on title t  (cost=0.00..67604.59 rows=1770475 width=4) (actual time=0.033..1278.438 rows=1774635 loops=1)
                          Filter: (kind_id > 2)
                          Rows Removed by Filter: 753677
Planning time: 1.187 ms
Execution time: 22308.196 ms
