Hash Join  (cost=58358.52..427957.46 rows=25 width=0) (actual time=1748.516..7435.303 rows=1727 loops=1)
  Hash Cond: (mi.movie_id = t.id)
  ->  Seq Scan on movie_info mi  (cost=0.00..346232.03 rows=6231111 width=4) (actual time=779.633..5802.018 rows=6223494 loops=1)
        Filter: (info_type_id > 8)
        Rows Removed by Filter: 8612226
  ->  Hash  (cost=58358.39..58358.39 rows=10 width=8) (actual time=849.422..849.422 rows=37 loops=1)
        Buckets: 1024  Batches: 1  Memory Usage: 10kB
        ->  Nested Loop  (cost=0.43..58358.39 rows=10 width=8) (actual time=3.654..849.364 rows=37 loops=1)
              ->  Seq Scan on movie_companies mc  (cost=0.00..57926.93 rows=51 width=4) (actual time=3.601..848.021 rows=37 loops=1)
                    Filter: ((company_id = 11724) AND (company_type_id = 1))
                    Rows Removed by Filter: 2609092
              ->  Index Scan using title_pkey on title t  (cost=0.43..8.45 rows=1 width=4) (actual time=0.032..0.032 rows=1 loops=37)
                    Index Cond: (id = mc.movie_id)
                    Filter: (production_year < 1980)
Planning time: 0.812 ms
Execution time: 7435.797 ms
