Hash Join  (cost=709678.15..796345.14 rows=895 width=0) (actual time=11656.708..12820.423 rows=1 loops=1)
  Hash Cond: (mk.movie_id = t.id)
  ->  Seq Scan on movie_keyword mk  (cost=0.00..69693.30 rows=4523930 width=4) (actual time=0.018..1144.772 rows=4523930 loops=1)
  ->  Hash  (cost=709671.90..709671.90 rows=500 width=8) (actual time=10937.792..10937.792 rows=25 loops=1)
        Buckets: 1024  Batches: 1  Memory Usage: 9kB
        ->  Nested Loop  (cost=0.43..709671.90 rows=500 width=8) (actual time=4483.999..10937.749 rows=25 loops=1)
              ->  Seq Scan on cast_info ci  (cost=0.00..705507.15 rows=500 width=4) (actual time=4483.778..10937.163 rows=25 loops=1)
                    Filter: (person_id = 3031001)
                    Rows Removed by Filter: 36244319
              ->  Index Only Scan using title_pkey on title t  (cost=0.43..8.32 rows=1 width=4) (actual time=0.017..0.018 rows=1 loops=25)
                    Index Cond: (id = ci.movie_id)
                    Heap Fetches: 25
Planning time: 1.126 ms
Execution time: 12820.507 ms
