Hash Join  (cost=104071.89..216821.98 rows=938431 width=0) (actual time=2139.492..4538.712 rows=897083 loops=1)
  Hash Cond: (mk.movie_id = t.id)
  ->  Seq Scan on movie_keyword mk  (cost=0.00..81003.12 rows=1067531 width=4) (actual time=0.017..1444.666 rows=1078466 loops=1)
        Filter: (keyword_id > 16402)
        Rows Removed by Filter: 3445464
  ->  Hash  (cost=67604.59..67604.59 rows=2222744 width=4) (actual time=2138.798..2138.798 rows=2214818 loops=1)
        Buckets: 131072  Batches: 32  Memory Usage: 3469kB
        ->  Seq Scan on title t  (cost=0.00..67604.59 rows=2222744 width=4) (actual time=0.015..1414.300 rows=2214818 loops=1)
              Filter: (production_year > 1959)
              Rows Removed by Filter: 313494
Planning time: 0.750 ms
Execution time: 4615.818 ms
