Hash Join  (cost=491650.71..1311050.39 rows=437343 width=0) (actual time=9674.166..20547.782 rows=656103 loops=1)
  Hash Cond: (ci.movie_id = t.id)
  ->  Seq Scan on cast_info ci  (cost=0.00..796071.18 rows=1365617 width=4) (actual time=1164.895..11087.932 rows=1428152 loops=1)
        Filter: ((person_id < 149696) AND (role_id < 10))
        Rows Removed by Filter: 34816192
  ->  Hash  (cost=478364.61..478364.61 rows=809768 width=8) (actual time=8508.392..8508.392 rows=802140 loops=1)
        Buckets: 131072  Batches: 16  Memory Usage: 2973kB
        ->  Hash Join  (cost=102767.86..478364.61 rows=809768 width=8) (actual time=2418.273..8311.988 rows=802140 loops=1)
              Hash Cond: (mi.movie_id = t.id)
              ->  Seq Scan on movie_info mi  (cost=0.00..346232.03 rows=809768 width=4) (actual time=26.228..4935.907 rows=802140 loops=1)
                    Filter: (info_type_id < 2)
                    Rows Removed by Filter: 14033580
              ->  Hash  (cost=61283.27..61283.27 rows=2528527 width=4) (actual time=2391.071..2391.071 rows=2528312 loops=1)
                    Buckets: 131072  Batches: 64  Memory Usage: 2425kB
                    ->  Seq Scan on title t  (cost=0.00..61283.27 rows=2528527 width=4) (actual time=0.020..932.808 rows=2528312 loops=1)
Planning time: 1.127 ms
Execution time: 20619.651 ms
