Hash Join  (cost=153250.71..226937.00 rows=396313 width=0) (actual time=3610.723..5548.896 rows=891646 loops=1)
  Hash Cond: (mc.movie_id = t.id)
  ->  Seq Scan on movie_companies mc  (cost=0.00..51404.11 rows=1329612 width=4) (actual time=0.025..975.668 rows=1334883 loops=1)
        Filter: (company_type_id = 2)
        Rows Removed by Filter: 1274246
  ->  Hash  (cost=140884.85..140884.85 rows=753669 width=8) (actual time=3609.685..3609.685 rows=664016 loops=1)
        Buckets: 131072  Batches: 16  Memory Usage: 2638kB
        ->  Hash Join  (cost=90260.67..140884.85 rows=753669 width=8) (actual time=1954.142..3431.240 rows=664016 loops=1)
              Hash Cond: (mi_idx.movie_id = t.id)
              ->  Seq Scan on movie_info_idx mi_idx  (cost=0.00..21735.35 rows=1380035 width=4) (actual time=0.022..456.631 rows=1380035 loops=1)
              ->  Hash  (cost=67604.59..67604.59 rows=1380887 width=4) (actual time=1953.270..1953.270 rows=1381453 loops=1)
                    Buckets: 131072  Batches: 32  Memory Usage: 2543kB
                    ->  Seq Scan on title t  (cost=0.00..67604.59 rows=1380887 width=4) (actual time=0.019..1492.198 rows=1381453 loops=1)
                          Filter: (production_year > 2000)
                          Rows Removed by Filter: 1146859
Planning time: 1.139 ms
Execution time: 5658.714 ms
