Hash Join  (cost=94072.72..173024.94 rows=672915 width=0) (actual time=1861.436..3958.122 rows=626094 loops=1)
  Hash Cond: (mc.movie_id = t.id)
  ->  Seq Scan on movie_companies mc  (cost=0.00..51404.11 rows=1385589 width=4) (actual time=0.020..1007.821 rows=1373670 loops=1)
        Filter: (company_id < 11833)
        Rows Removed by Filter: 1235459
  ->  Hash  (cost=73925.90..73925.90 rows=1227985 width=4) (actual time=1860.411..1860.411 rows=1197374 loops=1)
        Buckets: 131072  Batches: 32  Memory Usage: 2340kB
        ->  Seq Scan on title t  (cost=0.00..73925.90 rows=1227985 width=4) (actual time=0.013..1471.132 rows=1197374 loops=1)
              Filter: ((kind_id > 1) AND (production_year < 2008))
              Rows Removed by Filter: 1330938
Planning time: 0.759 ms
Execution time: 4033.096 ms
