Hash Join  (cost=709678.15..1097614.02 rows=2198 width=0) (actual time=11270.273..19113.304 rows=2529 loops=1)
  Hash Cond: (mi.movie_id = t.id)
  ->  Seq Scan on movie_info mi  (cost=0.00..346232.03 rows=11115165 width=4) (actual time=0.012..6303.459 rows=11210743 loops=1)
        Filter: (info_type_id > 3)
        Rows Removed by Filter: 3624977
  ->  Hash  (cost=709671.90..709671.90 rows=500 width=8) (actual time=11267.532..11267.532 rows=167 loops=1)
        Buckets: 1024  Batches: 1  Memory Usage: 15kB
        ->  Nested Loop  (cost=0.43..709671.90 rows=500 width=8) (actual time=3491.976..11267.433 rows=167 loops=1)
              ->  Seq Scan on cast_info ci  (cost=0.00..705507.15 rows=500 width=4) (actual time=3491.788..11261.483 rows=167 loops=1)
                    Filter: (person_id = 2566717)
                    Rows Removed by Filter: 36244177
              ->  Index Only Scan using title_pkey on title t  (cost=0.43..8.32 rows=1 width=4) (actual time=0.034..0.034 rows=1 loops=167)
                    Index Cond: (id = ci.movie_id)
                    Heap Fetches: 167
Planning time: 1.155 ms
Execution time: 19114.123 ms
