Hash Join  (cost=136618.65..515901.36 rows=52470 width=0) (actual time=2905.835..10471.745 rows=102095 loops=1)
  Hash Cond: (mi.movie_id = t.id)
  ->  Seq Scan on movie_info mi  (cost=0.00..346232.03 rows=8673596 width=4) (actual time=0.025..5977.588 rows=8786582 loops=1)
        Filter: (info_type_id < 13)
        Rows Removed by Filter: 6049138
  ->  Hash  (cost=136427.45..136427.45 rows=15296 width=8) (actual time=2905.269..2905.269 rows=7886 loops=1)
        Buckets: 16384  Batches: 1  Memory Usage: 437kB
        ->  Hash Join  (cost=82033.88..136427.45 rows=15296 width=8) (actual time=1228.616..2902.258 rows=7886 loops=1)
              Hash Cond: (mc.movie_id = t.id)
              ->  Seq Scan on movie_companies mc  (cost=0.00..51404.11 rows=78267 width=4) (actual time=0.102..879.243 rows=80595 loops=1)
                    Filter: (company_id < 12)
                    Rows Removed by Filter: 2528534
              ->  Hash  (cost=73925.90..73925.90 rows=494158 width=4) (actual time=1226.310..1226.310 rows=581419 loops=1)
                    Buckets: 131072  Batches: 8  Memory Usage: 3592kB
                    ->  Seq Scan on title t  (cost=0.00..73925.90 rows=494158 width=4) (actual time=0.017..1054.292 rows=581419 loops=1)
                          Filter: ((kind_id < 7) AND (production_year < 2004))
                          Rows Removed by Filter: 1946893
Planning time: 1.199 ms
Execution time: 10488.170 ms
