Hash Join  (cost=920997.70..961532.08 rows=165590 width=0) (actual time=16346.482..17439.741 rows=414905 loops=1)
  Hash Cond: (mi_idx.movie_id = t.id)
  ->  Seq Scan on movie_info_idx mi_idx  (cost=0.00..21735.35 rows=1380035 width=4) (actual time=0.014..468.157 rows=1380035 loops=1)
  ->  Hash  (cost=916019.24..916019.24 rows=303397 width=8) (actual time=16345.503..16345.503 rows=297364 loops=1)
        Buckets: 131072  Batches: 4  Memory Usage: 3926kB
        ->  Hash Join  (cost=102767.86..916019.24 rows=303397 width=8) (actual time=7717.067..16258.289 rows=297364 loops=1)
              Hash Cond: (ci.movie_id = t.id)
              ->  Seq Scan on cast_info ci  (cost=0.00..796071.18 rows=303397 width=4) (actual time=5764.529..13692.149 rows=297364 loops=1)
                    Filter: ((person_id > 458498) AND (role_id > 10))
                    Rows Removed by Filter: 35946980
              ->  Hash  (cost=61283.27..61283.27 rows=2528527 width=4) (actual time=1951.481..1951.481 rows=2528312 loops=1)
                    Buckets: 131072  Batches: 64  Memory Usage: 2415kB
                    ->  Seq Scan on title t  (cost=0.00..61283.27 rows=2528527 width=4) (actual time=0.028..1112.853 rows=2528312 loops=1)
Planning time: 1.201 ms
Execution time: 17482.004 ms
