Seq Scan on cast_info ci  (cost=0.00..796071.18 rows=10124437 width=0) (actual time=0.056..13023.328 rows=4336758 loops=1)
  Filter: ((person_id < 1527578) AND (role_id > 1))
  Rows Removed by Filter: 31907586
Planning time: 0.270 ms
Execution time: 13565.700 ms
