Seq Scan on movie_keyword mk  (cost=0.00..81003.12 rows=246 width=0) (actual time=0.517..1312.323 rows=1420 loops=1)
  Filter: (keyword_id = 13992)
  Rows Removed by Filter: 4522510
Planning time: 0.368 ms
Execution time: 1312.811 ms
