Hash Join  (cost=74787.47..135412.79 rows=18286 width=0) (actual time=1864.403..2535.741 rows=7590 loops=1)
  Hash Cond: (mc.movie_id = t.id)
  ->  Seq Scan on movie_companies mc  (cost=0.00..57926.93 rows=670808 width=4) (actual time=0.006..1014.544 rows=916056 loops=1)
        Filter: ((company_id > 11238) AND (company_type_id = 2))
        Rows Removed by Filter: 1693073
  ->  Hash  (cost=73925.90..73925.90 rows=68925 width=4) (actual time=1272.850..1272.850 rows=84076 loops=1)
        Buckets: 131072  Batches: 1  Memory Usage: 3980kB
        ->  Seq Scan on title t  (cost=0.00..73925.90 rows=68925 width=4) (actual time=0.012..1224.147 rows=84076 loops=1)
              Filter: ((kind_id = 7) AND (production_year = 2007))
              Rows Removed by Filter: 2444236
Planning time: 0.524 ms
Execution time: 2536.994 ms
