Hash Join  (cost=74462.98..442041.79 rows=92536 width=0) (actual time=4382.923..9196.464 rows=382963 loops=1)
  Hash Cond: (mi.movie_id = t.id)
  ->  Seq Scan on movie_info mi  (cost=0.00..346232.03 rows=5445713 width=4) (actual time=2975.688..6000.711 rows=5410520 loops=1)
        Filter: (info_type_id < 6)
        Rows Removed by Filter: 9425200
  ->  Hash  (cost=73925.90..73925.90 rows=42966 width=4) (actual time=1294.846..1294.846 rows=112512 loops=1)
        Buckets: 131072 (originally 65536)  Batches: 2 (originally 1)  Memory Usage: 3073kB
        ->  Seq Scan on title t  (cost=0.00..73925.90 rows=42966 width=4) (actual time=0.026..1243.994 rows=112512 loops=1)
              Filter: ((kind_id < 7) AND (production_year < 1929))
              Rows Removed by Filter: 2415800
Planning time: 0.559 ms
Execution time: 9236.217 ms
