Seq Scan on movie_companies mc  (cost=0.00..57926.93 rows=2393 width=0) (actual time=0.171..910.609 rows=1626 loops=1)
  Filter: ((company_type_id > 1) AND (company_id = 475))
  Rows Removed by Filter: 2607503
Planning time: 0.402 ms
Execution time: 911.074 ms
