Hash Join  (cost=74766.48..476548.33 rows=367869 width=0) (actual time=1708.987..13847.297 rows=685749 loops=1)
  Hash Cond: (mi.movie_id = t.id)
  ->  Seq Scan on movie_info mi  (cost=0.00..346232.03 rows=13832302 width=4) (actual time=0.026..6728.249 rows=13867355 loops=1)
        Filter: (info_type_id < 94)
        Rows Removed by Filter: 968365
  ->  Hash  (cost=73925.90..73925.90 rows=67246 width=4) (actual time=1120.637..1120.637 rows=94334 loops=1)
        Buckets: 131072 (originally 131072)  Batches: 2 (originally 1)  Memory Usage: 3073kB
        ->  Seq Scan on title t  (cost=0.00..73925.90 rows=67246 width=4) (actual time=73.867..1079.726 rows=94334 loops=1)
              Filter: ((production_year > 1998) AND (kind_id = 4))
              Rows Removed by Filter: 2433978
Planning time: 0.775 ms
Execution time: 13941.197 ms
