Hash Join  (cost=102767.86..189203.40 rows=774191 width=0) (actual time=2240.276..4027.624 rows=480688 loops=1)
  Hash Cond: (mc.movie_id = t.id)
  ->  Seq Scan on movie_companies mc  (cost=0.00..57926.93 rows=774191 width=4) (actual time=343.944..989.067 rows=480688 loops=1)
        Filter: ((company_id < 14048) AND (company_type_id > 1))
        Rows Removed by Filter: 2128441
  ->  Hash  (cost=61283.27..61283.27 rows=2528527 width=4) (actual time=1895.215..1895.215 rows=2528312 loops=1)
        Buckets: 131072  Batches: 64  Memory Usage: 2415kB
        ->  Seq Scan on title t  (cost=0.00..61283.27 rows=2528527 width=4) (actual time=0.020..1056.894 rows=2528312 loops=1)
Planning time: 2.569 ms
Execution time: 4084.579 ms
