Hash Join  (cost=97683.77..667556.57 rows=8440988 width=0) (actual time=1725.737..18043.481 rows=4051861 loops=1)
  Hash Cond: (mi.movie_id = t.id)
  ->  Seq Scan on movie_info mi  (cost=0.00..309384.22 rows=14739122 width=4) (actual time=0.009..6095.502 rows=14835720 loops=1)
  ->  Hash  (cost=73925.90..73925.90 rows=1448069 width=4) (actual time=1723.551..1723.551 rows=1490871 loops=1)
        Buckets: 131072  Batches: 32  Memory Usage: 2669kB
        ->  Seq Scan on title t  (cost=0.00..73925.90 rows=1448069 width=4) (actual time=0.016..1237.918 rows=1490871 loops=1)
              Filter: ((kind_id > 4) AND (production_year > 1925))
              Rows Removed by Filter: 1037441
Planning time: 0.769 ms
Execution time: 18497.006 ms
