Seq Scan on movie_keyword mk  (cost=0.00..81003.12 rows=3763414 width=0) (actual time=0.026..1606.280 rows=3756039 loops=1)
  Filter: (keyword_id < 24384)
  Rows Removed by Filter: 767891
Planning time: 0.334 ms
Execution time: 2080.817 ms
