Seq Scan on movie_keyword mk  (cost=0.00..81003.12 rows=1441587 width=0) (actual time=0.017..1510.880 rows=1459523 loops=1)
  Filter: (keyword_id < 2065)
  Rows Removed by Filter: 3064407
Planning time: 0.309 ms
Execution time: 1695.016 ms
