Seq Scan on movie_keyword mk  (cost=0.00..81003.12 rows=246 width=0) (actual time=6.219..1226.585 rows=965 loops=1)
  Filter: (keyword_id = 2724)
  Rows Removed by Filter: 4522965
Planning time: 0.352 ms
Execution time: 1227.033 ms
