Hash Join  (cost=158934.05..1302186.06 rows=10654388 width=0) (actual time=3462.097..39274.032 rows=14889843 loops=1)
  Hash Cond: (ci.movie_id = t.id)
  ->  Seq Scan on cast_info ci  (cost=0.00..614943.12 rows=36225612 width=4) (actual time=0.033..13214.037 rows=36244344 loops=1)
  ->  Hash  (cost=146733.17..146733.17 rows=743670 width=8) (actual time=3461.031..3461.031 rows=466323 loops=1)
        Buckets: 131072  Batches: 16  Memory Usage: 2168kB
        ->  Hash Join  (cost=96280.99..146733.17 rows=743670 width=8) (actual time=1829.727..3324.400 rows=466323 loops=1)
              Hash Cond: (mi_idx.movie_id = t.id)
              ->  Seq Scan on movie_info_idx mi_idx  (cost=0.00..21735.35 rows=1380035 width=4) (actual time=0.017..466.782 rows=1380035 loops=1)
              ->  Hash  (cost=73925.90..73925.90 rows=1362567 width=4) (actual time=1828.897..1828.897 rows=1337599 loops=1)
                    Buckets: 131072  Batches: 32  Memory Usage: 2494kB
                    ->  Seq Scan on title t  (cost=0.00..73925.90 rows=1362567 width=4) (actual time=0.012..1382.301 rows=1337599 loops=1)
                          Filter: ((kind_id > 3) AND (production_year < 2011))
                          Rows Removed by Filter: 1190713
Planning time: 1.307 ms
Execution time: 41016.232 ms
