Seq Scan on movie_keyword mk  (cost=0.00..81003.12 rows=1728292 width=0) (actual time=0.028..1229.051 rows=1735289 loops=1)
  Filter: (keyword_id < 2831)
  Rows Removed by Filter: 2788641
Planning time: 0.320 ms
Execution time: 1416.066 ms
