Hash Join  (cost=491650.71..1638808.96 rows=7546424 width=0) (actual time=9011.454..43853.219 rows=10451163 loops=1)
  Hash Cond: (ci.movie_id = t.id)
  ->  Seq Scan on cast_info ci  (cost=0.00..796071.18 rows=23563955 width=4) (actual time=0.022..19239.924 rows=24130698 loops=1)
        Filter: ((person_id < 3923743) AND (role_id < 4))
        Rows Removed by Filter: 12113646
  ->  Hash  (cost=478364.61..478364.61 rows=809768 width=8) (actual time=9010.445..9010.445 rows=802140 loops=1)
        Buckets: 131072  Batches: 16  Memory Usage: 2973kB
        ->  Hash Join  (cost=102767.86..478364.61 rows=809768 width=8) (actual time=3818.359..8785.626 rows=802140 loops=1)
              Hash Cond: (mi.movie_id = t.id)
              ->  Seq Scan on movie_info mi  (cost=0.00..346232.03 rows=809768 width=4) (actual time=1356.534..5284.737 rows=802140 loops=1)
                    Filter: (info_type_id < 2)
                    Rows Removed by Filter: 14033580
              ->  Hash  (cost=61283.27..61283.27 rows=2528527 width=4) (actual time=2460.880..2460.880 rows=2528312 loops=1)
                    Buckets: 131072  Batches: 64  Memory Usage: 2425kB
                    ->  Seq Scan on title t  (cost=0.00..61283.27 rows=2528527 width=4) (actual time=0.016..1012.346 rows=2528312 loops=1)
Planning time: 1.187 ms
Execution time: 45123.867 ms
