Seq Scan on movie_companies mc  (cost=0.00..51404.11 rows=1898498 width=0) (actual time=0.027..1038.562 rows=1892637 loops=1)
  Filter: (company_id < 43041)
  Rows Removed by Filter: 716492
Planning time: 0.352 ms
Execution time: 1287.308 ms
