Hash Join  (cost=529831.34..1725684.92 rows=6958839 width=0) (actual time=11476.277..42768.327 rows=9094909 loops=1)
  Hash Cond: (ci.movie_id = t.id)
  ->  Seq Scan on cast_info ci  (cost=0.00..614943.12 rows=36225612 width=4) (actual time=0.012..12777.252 rows=36244344 loops=1)
  ->  Hash  (cost=521861.80..521861.80 rows=485723 width=8) (actual time=11474.603..11474.603 rows=403954 loops=1)
        Buckets: 131072  Batches: 8  Memory Usage: 2962kB
        ->  Hash Join  (cost=69928.56..521861.80 rows=485723 width=8) (actual time=1115.959..10969.358 rows=403954 loops=1)
              Hash Cond: (mi.movie_id = t.id)
              ->  Seq Scan on movie_info mi  (cost=0.00..346232.03 rows=8673596 width=4) (actual time=0.024..6336.617 rows=8786582 loops=1)
                    Filter: (info_type_id < 13)
                    Rows Removed by Filter: 6049138
              ->  Hash  (cost=67604.59..67604.59 rows=141598 width=4) (actual time=1115.129..1115.129 rows=141703 loops=1)
                    Buckets: 131072  Batches: 2  Memory Usage: 3517kB
                    ->  Seq Scan on title t  (cost=0.00..67604.59 rows=141598 width=4) (actual time=0.014..1059.149 rows=141703 loops=1)
                          Filter: (production_year = 2010)
                          Rows Removed by Filter: 2386609
Planning time: 1.263 ms
Execution time: 43836.613 ms
