Hash Join  (cost=106440.97..473371.08 rows=227418 width=0) (actual time=1988.959..9671.865 rows=598698 loops=1)
  Hash Cond: (mi.movie_id = t.id)
  ->  Seq Scan on movie_info mi  (cost=0.00..309384.22 rows=14739122 width=4) (actual time=0.010..3936.017 rows=14835720 loops=1)
  ->  Hash  (cost=105953.29..105953.29 rows=39014 width=8) (actual time=1988.599..1988.599 rows=41046 loops=1)
        Buckets: 65536  Batches: 1  Memory Usage: 2116kB
        ->  Hash Join  (cost=69374.09..105953.29 rows=39014 width=8) (actual time=1090.877..1974.129 rows=41046 loops=1)
              Hash Cond: (mi_idx.movie_id = t.id)
              ->  Seq Scan on movie_info_idx mi_idx  (cost=0.00..25185.44 rows=915101 width=4) (actual time=0.021..548.615 rows=919850 loops=1)
                    Filter: (info_type_id < 101)
                    Rows Removed by Filter: 460185
              ->  Hash  (cost=67604.59..67604.59 rows=107800 width=4) (actual time=1090.169..1090.169 rows=108429 loops=1)
                    Buckets: 131072  Batches: 2  Memory Usage: 2931kB
                    ->  Seq Scan on title t  (cost=0.00..67604.59 rows=107800 width=4) (actual time=0.016..1050.336 rows=108429 loops=1)
                          Filter: (production_year = 2006)
                          Rows Removed by Filter: 2419883
Planning time: 0.780 ms
Execution time: 9749.834 ms
