Hash Join  (cost=190230.21..274565.75 rows=883088 width=0) (actual time=4140.931..6992.511 rows=2365051 loops=1)
  Hash Cond: (mc.movie_id = t.id)
  ->  Seq Scan on movie_companies mc  (cost=0.00..51404.11 rows=1618011 width=4) (actual time=0.024..1004.735 rows=1616804 loops=1)
        Filter: (company_id > 4599)
        Rows Removed by Filter: 992325
  ->  Hash  (cost=167588.78..167588.78 rows=1380035 width=8) (actual time=4139.726..4139.726 rows=1380035 loops=1)
        Buckets: 131072  Batches: 32  Memory Usage: 2708kB
        ->  Hash Join  (cost=102767.86..167588.78 rows=1380035 width=8) (actual time=1968.905..3776.010 rows=1380035 loops=1)
              Hash Cond: (mi_idx.movie_id = t.id)
              ->  Seq Scan on movie_info_idx mi_idx  (cost=0.00..21735.35 rows=1380035 width=4) (actual time=0.015..407.598 rows=1380035 loops=1)
              ->  Hash  (cost=61283.27..61283.27 rows=2528527 width=4) (actual time=1968.097..1968.097 rows=2528312 loops=1)
                    Buckets: 131072  Batches: 64  Memory Usage: 2415kB
                    ->  Seq Scan on title t  (cost=0.00..61283.27 rows=2528527 width=4) (actual time=0.019..972.215 rows=2528312 loops=1)
Planning time: 1.105 ms
Execution time: 7269.487 ms
