Seq Scan on cast_info ci  (cost=0.00..705507.15 rows=27442367 width=0) (actual time=0.022..12399.429 rows=27579336 loops=1)
  Filter: (person_id > 853011)
  Rows Removed by Filter: 8665008
Planning time: 0.353 ms
Execution time: 15590.931 ms
