Seq Scan on cast_info ci  (cost=0.00..796071.18 rows=1629462 width=0) (actual time=1536.849..11550.818 rows=2074082 loops=1)
  Filter: ((person_id < 280222) AND (role_id < 3))
  Rows Removed by Filter: 34170262
Planning time: 0.222 ms
Execution time: 11752.816 ms
