Seq Scan on movie_keyword mk  (cost=0.00..81003.12 rows=2940036 width=0) (actual time=0.021..1590.904 rows=2925388 loops=1)
  Filter: (keyword_id < 9607)
  Rows Removed by Filter: 1598542
Planning time: 0.317 ms
Execution time: 1970.951 ms
