Hash Join  (cost=237564.15..1542047.90 rows=15100043 width=0) (actual time=5093.219..39577.193 rows=10706089 loops=1)
  Hash Cond: (ci.movie_id = t.id)
  ->  Seq Scan on cast_info ci  (cost=0.00..705507.15 rows=34627643 width=4) (actual time=0.020..17233.212 rows=34634440 loops=1)
        Filter: (person_id < 3743015)
        Rows Removed by Filter: 1609904
  ->  Hash  (cost=219473.50..219473.50 rows=1102612 width=8) (actual time=5091.730..5091.730 rows=280254 loops=1)
        Buckets: 131072  Batches: 16  Memory Usage: 1724kB
        ->  Hash Join  (cost=84037.34..219473.50 rows=1102612 width=8) (actual time=2809.781..5007.398 rows=280254 loops=1)
              Hash Cond: (mk.movie_id = t.id)
              ->  Seq Scan on movie_keyword mk  (cost=0.00..69693.30 rows=4523930 width=4) (actual time=0.020..1507.599 rows=4523930 loops=1)
              ->  Hash  (cost=73925.90..73925.90 rows=616275 width=4) (actual time=1462.353..1462.353 rows=676927 loops=1)
                    Buckets: 131072  Batches: 16  Memory Usage: 2522kB
                    ->  Seq Scan on title t  (cost=0.00..73925.90 rows=616275 width=4) (actual time=156.747..1239.231 rows=676927 loops=1)
                          Filter: ((production_year > 2005) AND (kind_id = 7))
                          Rows Removed by Filter: 1851385
Planning time: 1.109 ms
Execution time: 40741.155 ms
