Hash Join  (cost=450092.86..1252448.25 rows=140279 width=0) (actual time=13627.503..27175.824 rows=709793 loops=1)
  Hash Cond: (ci.movie_id = t.id)
  ->  Seq Scan on cast_info ci  (cost=0.00..705507.15 rows=12726058 width=4) (actual time=4300.334..14243.829 rows=12670688 loops=1)
        Filter: (role_id = 1)
        Rows Removed by Filter: 23573656
  ->  Hash  (cost=449744.46..449744.46 rows=27872 width=8) (actual time=9326.737..9326.737 rows=62855 loops=1)
        Buckets: 65536 (originally 32768)  Batches: 1 (originally 1)  Memory Usage: 2968kB
        ->  Hash Join  (cost=67697.55..449744.46 rows=27872 width=8) (actual time=2160.010..9297.328 rows=62855 loops=1)
              Hash Cond: (mi.movie_id = t.id)
              ->  Seq Scan on movie_info mi  (cost=0.00..346232.03 rows=9476311 width=4) (actual time=1020.397..6290.594 rows=9565151 loops=1)
                    Filter: (info_type_id < 16)
                    Rows Removed by Filter: 5270569
              ->  Hash  (cost=67604.59..67604.59 rows=7437 width=4) (actual time=1138.305..1138.305 rows=14456 loops=1)
                    Buckets: 16384 (originally 8192)  Batches: 1 (originally 1)  Memory Usage: 637kB
                    ->  Seq Scan on title t  (cost=0.00..67604.59 rows=7437 width=4) (actual time=0.234..1131.433 rows=14456 loops=1)
                          Filter: (production_year = 1981)
                          Rows Removed by Filter: 2513856
Planning time: 1.066 ms
Execution time: 27267.105 ms
