Seq Scan on movie_keyword mk  (cost=0.00..81003.12 rows=1330178 width=0) (actual time=0.020..1358.901 rows=1344491 loops=1)
  Filter: (keyword_id > 12700)
  Rows Removed by Filter: 3179439
Planning time: 0.267 ms
Execution time: 1516.305 ms
