Hash Join  (cost=83074.74..138069.97 rows=93 width=0) (actual time=1241.256..2322.402 rows=2562 loops=1)
  Hash Cond: (mc.movie_id = t.id)
  ->  Seq Scan on movie_companies mc  (cost=0.00..51404.11 rows=957382 width=4) (actual time=0.047..956.725 rows=957411 loops=1)
        Filter: (company_id < 3853)
        Rows Removed by Filter: 1651718
  ->  Hash  (cost=83071.67..83071.67 rows=246 width=8) (actual time=1217.841..1217.841 rows=724 loops=1)
        Buckets: 1024  Batches: 1  Memory Usage: 37kB
        ->  Nested Loop  (cost=0.43..83071.67 rows=246 width=8) (actual time=9.250..1217.283 rows=724 loops=1)
              ->  Seq Scan on movie_keyword mk  (cost=0.00..81003.12 rows=246 width=4) (actual time=9.190..1180.656 rows=724 loops=1)
                    Filter: (keyword_id = 113)
                    Rows Removed by Filter: 4523206
              ->  Index Only Scan using title_pkey on title t  (cost=0.43..8.40 rows=1 width=4) (actual time=0.049..0.049 rows=1 loops=724)
                    Index Cond: (id = mk.movie_id)
                    Heap Fetches: 724
Planning time: 0.955 ms
Execution time: 2322.950 ms
