Hash Join  (cost=73957.54..160660.86 rows=4528 width=0) (actual time=1237.634..2934.032 rows=37656 loops=1)
  Hash Cond: (mk.movie_id = t.id)
  ->  Seq Scan on movie_keyword mk  (cost=0.00..69693.30 rows=4523930 width=4) (actual time=0.022..896.443 rows=4523930 loops=1)
  ->  Hash  (cost=73925.90..73925.90 rows=2531 width=4) (actual time=1237.237..1237.237 rows=7138 loops=1)
        Buckets: 8192 (originally 4096)  Batches: 1 (originally 1)  Memory Usage: 315kB
        ->  Seq Scan on title t  (cost=0.00..73925.90 rows=2531 width=4) (actual time=0.830..1233.630 rows=7138 loops=1)
              Filter: ((kind_id < 4) AND (production_year = 1988))
              Rows Removed by Filter: 2521174
Planning time: 0.762 ms
Execution time: 2938.932 ms
