Hash Join  (cost=78556.72..550585.03 rows=2289829 width=0) (actual time=1611.294..13738.709 rows=5273639 loops=1)
  Hash Cond: (mi.movie_id = t.id)
  ->  Seq Scan on movie_info mi  (cost=0.00..346232.03 rows=8673596 width=4) (actual time=266.896..6379.098 rows=8786582 loops=1)
        Filter: (info_type_id < 13)
        Rows Removed by Filter: 6049138
  ->  Hash  (cost=67604.59..67604.59 rows=667531 width=4) (actual time=1337.608..1337.608 rows=662825 loops=1)
        Buckets: 131072  Batches: 16  Memory Usage: 2485kB
        ->  Seq Scan on title t  (cost=0.00..67604.59 rows=667531 width=4) (actual time=450.332..1129.388 rows=662825 loops=1)
              Filter: (kind_id = 1)
              Rows Removed by Filter: 1865487
Planning time: 0.735 ms
Execution time: 14398.253 ms
