Hash Join  (cost=95402.93..847568.76 rows=137660 width=0) (actual time=1813.821..19358.917 rows=351512 loops=1)
  Hash Cond: (ci.movie_id = t.id)
  ->  Seq Scan on cast_info ci  (cost=0.00..614943.12 rows=36225612 width=4) (actual time=0.015..8953.052 rows=36244344 loops=1)
  ->  Hash  (cost=95282.82..95282.82 rows=9609 width=8) (actual time=1813.609..1813.609 rows=11519 loops=1)
        Buckets: 16384  Batches: 1  Memory Usage: 578kB
        ->  Hash Join  (cost=68257.79..95282.82 rows=9609 width=8) (actual time=1180.258..1808.551 rows=11519 loops=1)
              Hash Cond: (mi_idx.movie_id = t.id)
              ->  Seq Scan on movie_info_idx mi_idx  (cost=0.00..25185.44 rows=464934 width=4) (actual time=0.025..468.865 rows=460185 loops=1)
                    Filter: (info_type_id > 100)
                    Rows Removed by Filter: 919850
              ->  Hash  (cost=67604.59..67604.59 rows=52256 width=4) (actual time=1179.810..1179.810 rows=53013 loops=1)
                    Buckets: 65536  Batches: 1  Memory Usage: 2376kB
                    ->  Seq Scan on title t  (cost=0.00..67604.59 rows=52256 width=4) (actual time=0.025..1157.875 rows=53013 loops=1)
                          Filter: (production_year = 2000)
                          Rows Removed by Filter: 2475299
Planning time: 1.088 ms
Execution time: 19416.765 ms
