Hash Join  (cost=102767.86..212985.22 rows=803584 width=0) (actual time=1923.687..4462.933 rows=809650 loops=1)
  Hash Cond: (mk.movie_id = t.id)
  ->  Seq Scan on movie_keyword mk  (cost=0.00..81003.12 rows=803584 width=4) (actual time=0.018..1416.598 rows=809650 loops=1)
        Filter: (keyword_id > 22833)
        Rows Removed by Filter: 3714280
  ->  Hash  (cost=61283.27..61283.27 rows=2528527 width=4) (actual time=1921.716..1921.716 rows=2528312 loops=1)
        Buckets: 131072  Batches: 64  Memory Usage: 2425kB
        ->  Seq Scan on title t  (cost=0.00..61283.27 rows=2528527 width=4) (actual time=0.012..1073.016 rows=2528312 loops=1)
Planning time: 0.668 ms
Execution time: 4551.774 ms
