Hash Join  (cost=78556.72..156775.11 rows=328676 width=0) (actual time=2272.730..3394.648 rows=501018 loops=1)
  Hash Cond: (mc.movie_id = t.id)
  ->  Seq Scan on movie_companies mc  (cost=0.00..57926.93 rows=1244985 width=4) (actual time=478.469..1232.607 rows=1170096 loops=1)
        Filter: ((company_id < 125878) AND (company_type_id = 2))
        Rows Removed by Filter: 1439033
  ->  Hash  (cost=67604.59..67604.59 rows=667531 width=4) (actual time=1393.236..1393.236 rows=662825 loops=1)
        Buckets: 131072  Batches: 16  Memory Usage: 2476kB
        ->  Seq Scan on title t  (cost=0.00..67604.59 rows=667531 width=4) (actual time=45.495..1182.055 rows=662825 loops=1)
              Filter: (kind_id = 1)
              Rows Removed by Filter: 1865487
Planning time: 0.692 ms
Execution time: 3451.020 ms
