Seq Scan on cast_info ci  (cost=0.00..796071.18 rows=435 width=0) (actual time=5611.484..14517.304 rows=567 loops=1)
  Filter: ((role_id < 10) AND (person_id = 2444436))
  Rows Removed by Filter: 36243777
Planning time: 0.351 ms
Execution time: 14517.465 ms
