Hash Join  (cost=1042551.49..1247950.51 rows=5916815 width=0) (actual time=23976.065..38067.153 rows=41895137 loops=1)
  Hash Cond: (mk.movie_id = t.id)
  ->  Seq Scan on movie_keyword mk  (cost=0.00..69693.30 rows=4523930 width=4) (actual time=0.020..1589.875 rows=4523930 loops=1)
  ->  Hash  (cost=988294.47..988294.47 rows=3307042 width=8) (actual time=23973.264..23973.264 rows=6651878 loops=1)
        Buckets: 131072 (originally 131072)  Batches: 128 (originally 64)  Memory Usage: 3123kB
        ->  Hash Join  (cost=102767.86..988294.47 rows=3307042 width=8) (actual time=2956.101..22056.332 rows=6651878 loops=1)
              Hash Cond: (ci.movie_id = t.id)
              ->  Seq Scan on cast_info ci  (cost=0.00..796071.18 rows=3307042 width=4) (actual time=412.210..13415.769 rows=6651878 loops=1)
                    Filter: ((person_id < 910794) AND (role_id = 1))
                    Rows Removed by Filter: 29592466
              ->  Hash  (cost=61283.27..61283.27 rows=2528527 width=4) (actual time=2542.614..2542.614 rows=2528312 loops=1)
                    Buckets: 131072  Batches: 64  Memory Usage: 2415kB
                    ->  Seq Scan on title t  (cost=0.00..61283.27 rows=2528527 width=4) (actual time=0.025..1083.422 rows=2528312 loops=1)
Planning time: 1.111 ms
Execution time: 42539.525 ms
