Seq Scan on movie_keyword mk  (cost=0.00..81003.12 rows=2541125 width=0) (actual time=0.027..1393.354 rows=2534450 loops=1)
  Filter: (keyword_id < 6314)
  Rows Removed by Filter: 1989480
Planning time: 0.285 ms
Execution time: 1722.275 ms
