Seq Scan on cast_info ci  (cost=0.00..796071.18 rows=1219806 width=0) (actual time=953.631..14812.353 rows=1228472 loops=1)
  Filter: ((person_id > 1042909) AND (role_id = 8))
  Rows Removed by Filter: 35015872
Planning time: 0.352 ms
Execution time: 14961.844 ms
