Hash Join  (cost=184804.09..1036531.87 rows=895573 width=0) (actual time=3556.979..21684.315 rows=1308509 loops=1)
  Hash Cond: (ci.movie_id = t.id)
  ->  Seq Scan on cast_info ci  (cost=0.00..796071.18 rows=3839698 width=4) (actual time=0.023..15732.510 rows=4364916 loops=1)
        Filter: ((person_id > 612745) AND (role_id > 9))
        Rows Removed by Filter: 31879428
  ->  Hash  (cost=175128.15..175128.15 rows=589755 width=8) (actual time=3556.198..3556.198 rows=216902 loops=1)
        Buckets: 131072  Batches: 8  Memory Usage: 2077kB
        ->  Hash Join  (cost=92883.59..175128.15 rows=589755 width=8) (actual time=2325.961..3488.185 rows=216902 loops=1)
              Hash Cond: (mc.movie_id = t.id)
              ->  Seq Scan on movie_companies mc  (cost=0.00..57926.93 rows=967816 width=4) (actual time=0.035..1064.654 rows=657391 loops=1)
                    Filter: ((company_id < 43143) AND (company_type_id > 1))
                    Rows Removed by Filter: 1951738
              ->  Hash  (cost=67604.59..67604.59 rows=1540800 width=4) (actual time=1728.894..1728.894 rows=1543264 loops=1)
                    Buckets: 131072  Batches: 32  Memory Usage: 2722kB
                    ->  Seq Scan on title t  (cost=0.00..67604.59 rows=1540800 width=4) (actual time=0.020..1241.433 rows=1543264 loops=1)
                          Filter: (kind_id = 7)
                          Rows Removed by Filter: 985048
Planning time: 1.120 ms
Execution time: 21855.458 ms
