Seq Scan on cast_info ci  (cost=0.00..705507.15 rows=26592033 width=0) (actual time=0.044..13803.394 rows=26644798 loops=1)
  Filter: (person_id < 2747269)
  Rows Removed by Filter: 9599546
Planning time: 1.385 ms
Execution time: 17119.642 ms
