Hash Join  (cost=926424.98..1450741.24 rows=4171433 width=0) (actual time=14413.435..30413.778 rows=7729044 loops=1)
  Hash Cond: (mi.movie_id = t.id)
  ->  Seq Scan on movie_info mi  (cost=0.00..309384.22 rows=14739122 width=4) (actual time=0.022..6474.451 rows=14835720 loops=1)
  ->  Hash  (cost=914683.76..914683.76 rows=715618 width=8) (actual time=14412.308..14412.308 rows=213802 loops=1)
        Buckets: 131072  Batches: 16  Memory Usage: 1565kB
        ->  Hash Join  (cost=91342.70..914683.76 rows=715618 width=8) (actual time=6658.708..14342.481 rows=213802 loops=1)
              Hash Cond: (ci.movie_id = t.id)
              ->  Seq Scan on cast_info ci  (cost=0.00..796071.18 rows=1250586 width=4) (actual time=4656.901..11810.306 rows=413762 loops=1)
                    Filter: ((person_id < 935918) AND (role_id > 9))
                    Rows Removed by Filter: 35830582
              ->  Hash  (cost=67604.59..67604.59 rows=1446889 width=4) (actual time=2000.104..2000.104 rows=1443298 loops=1)
                    Buckets: 131072  Batches: 32  Memory Usage: 2608kB
                    ->  Seq Scan on title t  (cost=0.00..67604.59 rows=1446889 width=4) (actual time=0.028..1271.788 rows=1443298 loops=1)
                          Filter: (production_year < 2006)
                          Rows Removed by Filter: 1085014
Planning time: 1.082 ms
Execution time: 31411.969 ms
