Hash Join  (cost=102767.86..1006223.50 rows=4052213 width=0) (actual time=1974.326..23020.338 rows=9065157 loops=1)
  Hash Cond: (ci.movie_id = t.id)
  ->  Seq Scan on cast_info ci  (cost=0.00..796071.18 rows=4052213 width=4) (actual time=0.016..13458.707 rows=9065157 loops=1)
        Filter: ((person_id > 2790811) AND (role_id > 2))
        Rows Removed by Filter: 27179187
  ->  Hash  (cost=61283.27..61283.27 rows=2528527 width=4) (actual time=1973.222..1973.222 rows=2528312 loops=1)
        Buckets: 131072  Batches: 64  Memory Usage: 2415kB
        ->  Seq Scan on title t  (cost=0.00..61283.27 rows=2528527 width=4) (actual time=0.024..1107.674 rows=2528312 loops=1)
Planning time: 0.783 ms
Execution time: 24060.132 ms
