Hash Join  (cost=263115.61..1075126.67 rows=4076118 width=0) (actual time=9828.320..24584.878 rows=8553814 loops=1)
  Hash Cond: (ci.movie_id = t.id)
  ->  Seq Scan on cast_info ci  (cost=0.00..705507.15 rows=3950197 width=4) (actual time=2489.720..11488.678 rows=3823456 loops=1)
        Filter: (person_id < 366567)
        Rows Removed by Filter: 32420888
  ->  Hash  (cost=220309.49..220309.49 rows=2609129 width=8) (actual time=6593.377..6593.377 rows=2609129 loops=1)
        Buckets: 131072  Batches: 64  Memory Usage: 2610kB
        ->  Hash Join  (cost=102767.86..220309.49 rows=2609129 width=8) (actual time=2303.541..5847.485 rows=2609129 loops=1)
              Hash Cond: (mc.movie_id = t.id)
              ->  Seq Scan on movie_companies mc  (cost=0.00..44881.29 rows=2609129 width=4) (actual time=0.026..1020.833 rows=2609129 loops=1)
              ->  Hash  (cost=61283.27..61283.27 rows=2528527 width=4) (actual time=2302.232..2302.232 rows=2528312 loops=1)
                    Buckets: 131072  Batches: 64  Memory Usage: 2415kB
                    ->  Seq Scan on title t  (cost=0.00..61283.27 rows=2528527 width=4) (actual time=0.015..938.917 rows=2528312 loops=1)
Planning time: 1.070 ms
Execution time: 25597.336 ms
