Seq Scan on movie_companies mc  (cost=0.00..51404.11 rows=104 width=0) (actual time=154.035..826.479 rows=4 loops=1)
  Filter: (company_id = 38173)
  Rows Removed by Filter: 2609125
Planning time: 1.701 ms
Execution time: 826.553 ms
