Seq Scan on movie_companies mc  (cost=0.00..57926.93 rows=1046020 width=0) (actual time=0.024..3280.631 rows=772575 loops=1)
  Filter: ((company_id < 71609) AND (company_type_id > 1))
  Rows Removed by Filter: 1836554
Planning time: 0.343 ms
Execution time: 3429.500 ms
