Hash Join  (cost=203832.34..1130157.64 rows=453866 width=0) (actual time=11898.525..57766.864 rows=421315 loops=1)
  Hash Cond: (ci.movie_id = t.id)
  ->  Seq Scan on cast_info ci  (cost=0.00..796071.18 rows=9776091 width=4) (actual time=2029.428..42148.522 rows=12670688 loops=1)
        Filter: ((person_id < 2847269) AND (role_id < 2))
        Rows Removed by Filter: 23573656
  ->  Hash  (cost=201905.96..201905.96 rows=117390 width=8) (actual time=9868.215..9868.215 rows=38804 loops=1)
        Buckets: 131072  Batches: 2  Memory Usage: 1780kB
        ->  Hash Join  (cost=75199.97..201905.96 rows=117390 width=8) (actual time=6256.363..9854.640 rows=38804 loops=1)
              Hash Cond: (mk.movie_id = t.id)
              ->  Seq Scan on movie_keyword mk  (cost=0.00..81003.12 rows=3824792 width=4) (actual time=0.027..4432.546 rows=3824777 loops=1)
                    Filter: (keyword_id > 580)
                    Rows Removed by Filter: 699153
              ->  Hash  (cost=73925.90..73925.90 rows=77605 width=4) (actual time=3626.906..3626.906 rows=84684 loops=1)
                    Buckets: 131072  Batches: 2  Memory Usage: 2518kB
                    ->  Seq Scan on title t  (cost=0.00..73925.90 rows=77605 width=4) (actual time=690.899..3583.534 rows=84684 loops=1)
                          Filter: ((kind_id = 7) AND (production_year = 2009))
                          Rows Removed by Filter: 2443628
Planning time: 13.070 ms
Execution time: 57838.006 ms
