Seq Scan on movie_keyword mk  (cost=0.00..81003.12 rows=2434979 width=0) (actual time=0.026..4350.161 rows=2426386 loops=1)
  Filter: (keyword_id > 3768)
  Rows Removed by Filter: 2097544
Planning time: 4.514 ms
Execution time: 4789.602 ms
