Hash Join  (cost=102767.86..1011262.35 rows=4261619 width=0) (actual time=19437.789..53158.070 rows=8692630 loops=1)
  Hash Cond: (ci.movie_id = t.id)
  ->  Seq Scan on cast_info ci  (cost=0.00..796071.18 rows=4261619 width=4) (actual time=15124.830..38041.242 rows=8692630 loops=1)
        Filter: ((person_id < 1186175) AND (role_id = 1))
        Rows Removed by Filter: 27551714
  ->  Hash  (cost=61283.27..61283.27 rows=2528527 width=4) (actual time=4311.606..4311.606 rows=2528312 loops=1)
        Buckets: 131072  Batches: 64  Memory Usage: 2415kB
        ->  Seq Scan on title t  (cost=0.00..61283.27 rows=2528527 width=4) (actual time=0.028..3173.481 rows=2528312 loops=1)
Planning time: 0.720 ms
Execution time: 54477.840 ms
