Hash Join  (cost=132019.24..227664.95 rows=24401 width=0) (actual time=7242.107..12847.660 rows=55117 loops=1)
  Hash Cond: (mk.movie_id = t.id)
  ->  Seq Scan on movie_keyword mk  (cost=0.00..81003.12 rows=3839619 width=4) (actual time=0.027..4721.844 rows=3833244 loops=1)
        Filter: (keyword_id < 27286)
        Rows Removed by Filter: 690686
  ->  Hash  (cost=131818.38..131818.38 rows=16069 width=8) (actual time=7240.188..7240.188 rows=11983 loops=1)
        Buckets: 16384  Batches: 1  Memory Usage: 597kB
        ->  Hash Join  (cost=74242.76..131818.38 rows=16069 width=8) (actual time=3329.171..7232.598 rows=11983 loops=1)
              Hash Cond: (mc.movie_id = t.id)
              ->  Seq Scan on movie_companies mc  (cost=0.00..51404.11 rows=1602885 width=4) (actual time=0.023..3384.724 rows=1593665 loops=1)
                    Filter: (company_id < 16186)
                    Rows Removed by Filter: 1015464
              ->  Hash  (cost=73925.90..73925.90 rows=25348 width=4) (actual time=3328.898..3328.898 rows=23563 loops=1)
                    Buckets: 32768  Batches: 1  Memory Usage: 1085kB
                    ->  Seq Scan on title t  (cost=0.00..73925.90 rows=25348 width=4) (actual time=0.015..3311.822 rows=23563 loops=1)
                          Filter: ((kind_id < 6) AND (production_year = 2013))
                          Rows Removed by Filter: 2504749
Planning time: 1.628 ms
Execution time: 12855.435 ms
