Hash Join  (cost=252408.51..843672.76 rows=8719140 width=0) (actual time=12932.514..48963.569 rows=12333354 loops=1)
  Hash Cond: (mi.movie_id = t.id)
  ->  Seq Scan on movie_info mi  (cost=0.00..309384.22 rows=14739122 width=4) (actual time=0.026..22040.415 rows=14835720 loops=1)
  ->  Hash  (cost=227868.17..227868.17 rows=1495787 width=8) (actual time=12929.901..12929.901 rows=756749 loops=1)
        Buckets: 131072  Batches: 32  Memory Usage: 1908kB
        ->  Hash Join  (cost=87642.27..227868.17 rows=1495787 width=8) (actual time=3803.855..12639.534 rows=756749 loops=1)
              Hash Cond: (mk.movie_id = t.id)
              ->  Seq Scan on movie_keyword mk  (cost=0.00..69693.30 rows=4523930 width=4) (actual time=0.015..4955.250 rows=4523930 loops=1)
              ->  Hash  (cost=73925.90..73925.90 rows=836029 width=4) (actual time=3802.809..3802.809 rows=742319 loops=1)
                    Buckets: 131072  Batches: 16  Memory Usage: 2663kB
                    ->  Seq Scan on title t  (cost=0.00..73925.90 rows=836029 width=4) (actual time=0.018..3501.217 rows=742319 loops=1)
                          Filter: ((kind_id > 1) AND (production_year < 2002))
                          Rows Removed by Filter: 1785993
Planning time: 1.142 ms
Execution time: 50723.401 ms
