Seq Scan on cast_info ci  (cost=0.00..705507.15 rows=34948414 width=0) (actual time=0.028..41052.827 rows=35058057 loops=1)
  Filter: (person_id > 119892)
  Rows Removed by Filter: 1186287
Planning time: 6.578 ms
Execution time: 47178.733 ms
