Seq Scan on movie_companies mc  (cost=0.00..51404.11 rows=104 width=0) (actual time=99.435..2308.013 rows=85 loops=1)
  Filter: (company_id = 628)
  Rows Removed by Filter: 2609044
Planning time: 0.379 ms
Execution time: 2308.139 ms
