Hash Join  (cost=463397.85..1176037.83 rows=77444 width=0) (actual time=21612.984..54037.215 rows=180071 loops=1)
  Hash Cond: (ci.movie_id = t.id)
  ->  Seq Scan on cast_info ci  (cost=0.00..705507.15 rows=371838 width=4) (actual time=57.790..32047.083 rows=397009 loops=1)
        Filter: (person_id > 3987544)
        Rows Removed by Filter: 35847335
  ->  Hash  (cost=454757.00..454757.00 rows=526628 width=8) (actual time=21554.124..21554.124 rows=940676 loops=1)
        Buckets: 131072 (originally 131072)  Batches: 16 (originally 8)  Memory Usage: 3314kB
        ->  Hash Join  (cost=83810.17..454757.00 rows=526628 width=8) (actual time=10931.524..21218.653 rows=940676 loops=1)
              Hash Cond: (mi.movie_id = t.id)
              ->  Seq Scan on movie_info mi  (cost=0.00..346232.03 rows=1348138 width=4) (actual time=6808.173..15684.166 rows=1298989 loops=1)
                    Filter: (info_type_id = 4)
                    Rows Removed by Filter: 13536731
              ->  Hash  (cost=67604.59..67604.59 rows=987727 width=4) (actual time=4122.468..4122.468 rows=985048 loops=1)
                    Buckets: 131072  Batches: 16  Memory Usage: 3197kB
                    ->  Seq Scan on title t  (cost=0.00..67604.59 rows=987727 width=4) (actual time=4.977..3672.708 rows=985048 loops=1)
                          Filter: (kind_id < 7)
                          Rows Removed by Filter: 1543264
Planning time: 1.216 ms
Execution time: 54061.435 ms
