Nested Loop  (cost=0.43..797555.70 rows=176 width=0) (actual time=11201.644..40555.239 rows=288 loops=1)
  ->  Seq Scan on cast_info ci  (cost=0.00..796071.18 rows=176 width=4) (actual time=11200.611..40517.034 rows=288 loops=1)
        Filter: ((role_id < 2) AND (person_id = 762780))
        Rows Removed by Filter: 36244056
  ->  Index Only Scan using title_pkey on title t  (cost=0.43..8.42 rows=1 width=4) (actual time=0.132..0.132 rows=1 loops=288)
        Index Cond: (id = ci.movie_id)
        Heap Fetches: 288
Planning time: 4.690 ms
Execution time: 40555.399 ms
