Hash Join  (cost=191905.71..271363.78 rows=319756 width=0) (actual time=9972.123..16305.577 rows=6431570 loops=1)
  Hash Cond: (mc.movie_id = t.id)
  ->  Seq Scan on movie_companies mc  (cost=0.00..44881.29 rows=2609129 width=4) (actual time=0.016..2767.076 rows=2609129 loops=1)
  ->  Hash  (cost=186821.25..186821.25 rows=309877 width=8) (actual time=9970.242..9970.242 rows=488103 loops=1)
        Buckets: 131072  Batches: 8  Memory Usage: 3455kB
        ->  Hash Join  (cost=81661.87..186821.25 rows=309877 width=8) (actual time=4301.930..9777.715 rows=488103 loops=1)
              Hash Cond: (mk.movie_id = t.id)
              ->  Seq Scan on movie_keyword mk  (cost=0.00..81003.12 rows=1661729 width=4) (actual time=0.025..4312.830 rows=1667627 loops=1)
                    Filter: (keyword_id > 8717)
                    Rows Removed by Filter: 2856303
              ->  Hash  (cost=73925.90..73925.90 rows=471517 width=4) (actual time=4300.843..4300.843 rows=360876 loops=1)
                    Buckets: 131072  Batches: 8  Memory Usage: 2621kB
                    ->  Seq Scan on title t  (cost=0.00..73925.90 rows=471517 width=4) (actual time=0.029..3645.160 rows=360876 loops=1)
                          Filter: ((kind_id < 3) AND (production_year > 1996))
                          Rows Removed by Filter: 2167436
Planning time: 3.298 ms
Execution time: 17160.324 ms
