Seq Scan on cast_info ci  (cost=0.00..705507.15 rows=11562110 width=0) (actual time=2740.891..37255.269 rows=11472514 loops=1)
  Filter: (person_id < 1127843)
  Rows Removed by Filter: 24771830
Planning time: 0.304 ms
Execution time: 39385.799 ms
