Seq Scan on movie_keyword mk  (cost=0.00..81003.12 rows=1921996 width=0) (actual time=0.017..4597.121 rows=1937152 loops=1)
  Filter: (keyword_id < 3337)
  Rows Removed by Filter: 2586778
Planning time: 0.256 ms
Execution time: 4972.678 ms
