Seq Scan on cast_info ci  (cost=0.00..796071.18 rows=519747 width=0) (actual time=31349.932..40616.913 rows=606006 loops=1)
  Filter: ((person_id > 994608) AND (role_id = 6))
  Rows Removed by Filter: 35638338
Planning time: 8.251 ms
Execution time: 40770.722 ms
