Hash Join  (cost=252488.72..348414.63 rows=1290046 width=0) (actual time=5559.541..10809.954 rows=10602764 loops=1)
  Hash Cond: (mc.movie_id = t.id)
  ->  Seq Scan on movie_companies mc  (cost=0.00..51404.11 rows=2243556 width=4) (actual time=0.017..1034.935 rows=2243847 loops=1)
        Filter: (company_id > 189)
        Rows Removed by Filter: 365282
  ->  Hash  (cost=228634.92..228634.92 rows=1453904 width=8) (actual time=5557.810..5557.810 rows=1464421 loops=1)
        Buckets: 131072  Batches: 32  Memory Usage: 2799kB
        ->  Hash Join  (cost=102767.86..228634.92 rows=1453904 width=8) (actual time=2246.314..5123.010 rows=1464421 loops=1)
              Hash Cond: (mk.movie_id = t.id)
              ->  Seq Scan on movie_keyword mk  (cost=0.00..81003.12 rows=1453904 width=4) (actual time=0.047..1457.622 rows=1464421 loops=1)
                    Filter: (keyword_id > 11302)
                    Rows Removed by Filter: 3059509
              ->  Hash  (cost=61283.27..61283.27 rows=2528527 width=4) (actual time=2244.864..2244.864 rows=2528312 loops=1)
                    Buckets: 131072  Batches: 64  Memory Usage: 2425kB
                    ->  Seq Scan on title t  (cost=0.00..61283.27 rows=2528527 width=4) (actual time=0.022..1079.158 rows=2528312 loops=1)
Planning time: 1.107 ms
Execution time: 12126.071 ms
