Hash Join  (cost=174104.17..212613.84 rows=47619 width=0) (actual time=10058.920..12753.205 rows=247783 loops=1)
  Hash Cond: (mi_idx.movie_id = t.id)
  ->  Seq Scan on movie_info_idx mi_idx  (cost=0.00..21735.35 rows=1380035 width=4) (actual time=0.019..1806.900 rows=1380035 loops=1)
  ->  Hash  (cost=172672.57..172672.57 rows=87248 width=8) (actual time=10058.106..10058.106 rows=170462 loops=1)
        Buckets: 131072 (originally 131072)  Batches: 4 (originally 2)  Memory Usage: 3073kB
        ->  Hash Join  (cost=102767.86..172672.57 rows=87248 width=8) (actual time=8060.758..9989.390 rows=170462 loops=1)
              Hash Cond: (mc.movie_id = t.id)
              ->  Seq Scan on movie_companies mc  (cost=0.00..57926.93 rows=87248 width=4) (actual time=1638.197..2891.534 rows=170462 loops=1)
                    Filter: ((company_id > 123693) AND (company_type_id = 2))
                    Rows Removed by Filter: 2438667
              ->  Hash  (cost=61283.27..61283.27 rows=2528527 width=4) (actual time=6421.603..6421.603 rows=2528312 loops=1)
                    Buckets: 131072  Batches: 64  Memory Usage: 2415kB
                    ->  Seq Scan on title t  (cost=0.00..61283.27 rows=2528527 width=4) (actual time=0.025..4853.428 rows=2528312 loops=1)
Planning time: 12.924 ms
Execution time: 12798.444 ms
