Hash Join  (cost=83072.40..481540.00 rows=51 width=0) (actual time=3998.652..27021.625 rows=64 loops=1)
  Hash Cond: (mi.movie_id = t.id)
  ->  Seq Scan on movie_info mi  (cost=0.00..346232.03 rows=13929354 width=4) (actual time=0.023..20711.219 rows=14033580 loops=1)
        Filter: (info_type_id > 1)
        Rows Removed by Filter: 802140
  ->  Hash  (cost=83072.29..83072.29 rows=9 width=8) (actual time=3548.956..3548.956 rows=3 loops=1)
        Buckets: 1024  Batches: 1  Memory Usage: 9kB
        ->  Nested Loop  (cost=0.43..83072.29 rows=9 width=8) (actual time=1524.698..3548.943 rows=3 loops=1)
              ->  Seq Scan on movie_keyword mk  (cost=0.00..81003.12 rows=246 width=4) (actual time=64.864..3436.110 rows=359 loops=1)
                    Filter: (keyword_id = 15691)
                    Rows Removed by Filter: 4523571
              ->  Index Scan using title_pkey on title t  (cost=0.43..8.40 rows=1 width=4) (actual time=0.312..0.312 rows=0 loops=359)
                    Index Cond: (id = mk.movie_id)
                    Filter: (production_year < 1923)
                    Rows Removed by Filter: 1
Planning time: 1.248 ms
Execution time: 27021.800 ms
