Hash Join  (cost=214351.68..358348.61 rows=1587179 width=0) (actual time=11014.274..21081.733 rows=3992399 loops=1)
  Hash Cond: (mk.movie_id = t.id)
  ->  Seq Scan on movie_keyword mk  (cost=0.00..81003.12 rows=3709870 width=4) (actual time=0.008..5369.128 rows=3703998 loops=1)
        Filter: (keyword_id < 22373)
        Rows Removed by Filter: 819932
  ->  Hash  (cost=196603.55..196603.55 rows=1081770 width=8) (actual time=10998.898..10998.898 rows=844789 loops=1)
        Buckets: 131072  Batches: 16  Memory Usage: 3086kB
        ->  Hash Join  (cost=102767.86..196603.55 rows=1081770 width=8) (actual time=6988.687..10665.631 rows=844789 loops=1)
              Hash Cond: (mc.movie_id = t.id)
              ->  Seq Scan on movie_companies mc  (cost=0.00..57926.93 rows=1081770 width=4) (actual time=1499.977..3428.191 rows=844789 loops=1)
                    Filter: ((company_id < 74748) AND (company_type_id > 1))
                    Rows Removed by Filter: 1764340
              ->  Hash  (cost=61283.27..61283.27 rows=2528527 width=4) (actual time=5487.424..5487.424 rows=2528312 loops=1)
                    Buckets: 131072  Batches: 64  Memory Usage: 2415kB
                    ->  Seq Scan on title t  (cost=0.00..61283.27 rows=2528527 width=4) (actual time=0.019..4181.192 rows=2528312 loops=1)
Planning time: 1.058 ms
Execution time: 21725.479 ms
