Hash Join  (cost=159276.03..524833.09 rows=90110 width=0) (actual time=8631.969..31634.129 rows=407776 loops=1)
  Hash Cond: (mi.movie_id = t.id)
  ->  Seq Scan on movie_info mi  (cost=0.00..309384.22 rows=14739122 width=4) (actual time=0.010..17742.978 rows=14835720 loops=1)
  ->  Hash  (cost=159082.80..159082.80 rows=15459 width=8) (actual time=8631.801..8631.801 rows=25898 loops=1)
        Buckets: 32768 (originally 16384)  Batches: 1 (originally 1)  Memory Usage: 1268kB
        ->  Hash Join  (cost=74453.72..159082.80 rows=15459 width=8) (actual time=3838.230..8620.788 rows=25898 loops=1)
              Hash Cond: (mk.movie_id = t.id)
              ->  Seq Scan on movie_keyword mk  (cost=0.00..81003.12 rows=925697 width=4) (actual time=0.020..4354.694 rows=934355 loops=1)
                    Filter: (keyword_id < 875)
                    Rows Removed by Filter: 3589575
              ->  Hash  (cost=73925.90..73925.90 rows=42225 width=4) (actual time=3837.593..3837.593 rows=109739 loops=1)
                    Buckets: 131072 (originally 65536)  Batches: 2 (originally 1)  Memory Usage: 3073kB
                    ->  Seq Scan on title t  (cost=0.00..73925.90 rows=42225 width=4) (actual time=2022.192..3777.669 rows=109739 loops=1)
                          Filter: ((kind_id < 7) AND (production_year < 1928))
                          Rows Removed by Filter: 2418573
Planning time: 1.088 ms
Execution time: 31734.729 ms
