Seq Scan on movie_keyword mk  (cost=0.00..81003.12 rows=246 width=0) (actual time=8.212..3731.552 rows=775 loops=1)
  Filter: (keyword_id = 14062)
  Rows Removed by Filter: 4523155
Planning time: 0.390 ms
Execution time: 3732.023 ms
