Hash Join  (cost=104570.16..196137.39 rows=1018771 width=0) (actual time=5479.697..9573.391 rows=1044947 loops=1)
  Hash Cond: (mc.movie_id = t.id)
  ->  Seq Scan on movie_companies mc  (cost=0.00..57926.93 rows=1143316 width=4) (actual time=558.712..3036.250 rows=1250974 loops=1)
        Filter: ((company_id > 189) AND (company_type_id > 1))
        Rows Removed by Filter: 1358155
  ->  Hash  (cost=67604.59..67604.59 rows=2253086 width=4) (actual time=4920.113..4920.113 rows=2244594 loops=1)
        Buckets: 131072  Batches: 32  Memory Usage: 3493kB
        ->  Seq Scan on title t  (cost=0.00..67604.59 rows=2253086 width=4) (actual time=0.028..3857.440 rows=2244594 loops=1)
              Filter: (production_year > 1956)
              Rows Removed by Filter: 283718
Planning time: 0.838 ms
Execution time: 9710.211 ms
