Seq Scan on cast_info ci  (cost=0.00..796071.18 rows=9013687 width=0) (actual time=3303.906..40644.490 rows=11661329 loops=1)
  Filter: ((person_id > 1578354) AND (role_id > 2))
  Rows Removed by Filter: 24583015
Planning time: 0.322 ms
Execution time: 42706.135 ms
