Hash Join  (cost=98137.04..187597.07 rows=43285 width=0) (actual time=6171.985..11317.935 rows=51102 loops=1)
  Hash Cond: (mk.movie_id = t.id)
  ->  Seq Scan on movie_keyword mk  (cost=0.00..81003.12 rows=58811 width=4) (actual time=0.034..3860.393 rows=58448 loops=1)
        Filter: (keyword_id = 16264)
        Rows Removed by Filter: 4465482
  ->  Hash  (cost=67604.59..67604.59 rows=1860996 width=4) (actual time=6170.977..6170.977 rows=1865487 loops=1)
        Buckets: 131072  Batches: 32  Memory Usage: 3085kB
        ->  Seq Scan on title t  (cost=0.00..67604.59 rows=1860996 width=4) (actual time=0.023..5178.936 rows=1865487 loops=1)
              Filter: (kind_id > 1)
              Rows Removed by Filter: 662825
Planning time: 0.693 ms
Execution time: 11324.838 ms
