Seq Scan on movie_companies mc  (cost=0.00..57926.93 rows=502160 width=0) (actual time=830.101..2079.508 rows=202378 loops=1)
  Filter: ((company_id > 15444) AND (company_type_id < 2))
  Rows Removed by Filter: 2406751
Planning time: 5.153 ms
Execution time: 2107.531 ms
