Hash Join  (cost=467076.32..1450144.09 rows=586848 width=0) (actual time=26467.786..75885.650 rows=335454 loops=1)
  Hash Cond: (ci.movie_id = t.id)
  ->  Seq Scan on cast_info ci  (cost=0.00..614943.12 rows=36225612 width=4) (actual time=0.007..35632.543 rows=36244344 loops=1)
  ->  Hash  (cost=466564.29..466564.29 rows=40962 width=8) (actual time=26466.539..26466.539 rows=30583 loops=1)
        Buckets: 65536  Batches: 1  Memory Usage: 1707kB
        ->  Hash Join  (cost=67697.55..466564.29 rows=40962 width=8) (actual time=2933.198..26434.617 rows=30583 loops=1)
              Hash Cond: (mi.movie_id = t.id)
              ->  Seq Scan on movie_info mi  (cost=0.00..346232.03 rows=13926693 width=4) (actual time=0.018..20438.438 rows=13963496 loops=1)
                    Filter: (info_type_id < 98)
                    Rows Removed by Filter: 872224
              ->  Hash  (cost=67604.59..67604.59 rows=7437 width=4) (actual time=2924.828..2924.828 rows=2847 loops=1)
                    Buckets: 8192  Batches: 1  Memory Usage: 165kB
                    ->  Seq Scan on title t  (cost=0.00..67604.59 rows=7437 width=4) (actual time=0.225..2923.176 rows=2847 loops=1)
                          Filter: (production_year = 1926)
                          Rows Removed by Filter: 2525465
Planning time: 1.168 ms
Execution time: 75946.356 ms
