Seq Scan on movie_companies mc  (cost=0.00..57926.93 rows=1029728 width=0) (actual time=0.027..3100.153 rows=903231 loops=1)
  Filter: ((company_id > 461) AND (company_type_id < 2))
  Rows Removed by Filter: 1705898
Planning time: 10.325 ms
Execution time: 3262.492 ms
