Seq Scan on movie_keyword mk  (cost=0.00..81003.12 rows=2111067 width=0) (actual time=0.019..1368.693 rows=2116930 loops=1)
  Filter: (keyword_id < 3865)
  Rows Removed by Filter: 2407000
Planning time: 0.329 ms
Execution time: 1626.971 ms
