Hash Join  (cost=263115.61..1528870.68 rows=19446808 width=0) (actual time=20252.055..89194.689 rows=33903555 loops=1)
  Hash Cond: (ci.movie_id = t.id)
  ->  Seq Scan on cast_info ci  (cost=0.00..796071.18 rows=18846051 width=4) (actual time=8545.301..50817.947 rows=16336707 loops=1)
        Filter: ((person_id < 2944750) AND (role_id > 1))
        Rows Removed by Filter: 19907637
  ->  Hash  (cost=220309.49..220309.49 rows=2609129 width=8) (actual time=11705.279..11705.279 rows=2609129 loops=1)
        Buckets: 131072  Batches: 64  Memory Usage: 2610kB
        ->  Hash Join  (cost=102767.86..220309.49 rows=2609129 width=8) (actual time=4811.566..10910.676 rows=2609129 loops=1)
              Hash Cond: (mc.movie_id = t.id)
              ->  Seq Scan on movie_companies mc  (cost=0.00..44881.29 rows=2609129 width=4) (actual time=0.026..3098.225 rows=2609129 loops=1)
              ->  Hash  (cost=61283.27..61283.27 rows=2528527 width=4) (actual time=4809.568..4809.568 rows=2528312 loops=1)
                    Buckets: 131072  Batches: 64  Memory Usage: 2415kB
                    ->  Seq Scan on title t  (cost=0.00..61283.27 rows=2528527 width=4) (actual time=0.018..3416.418 rows=2528312 loops=1)
Planning time: 1.064 ms
Execution time: 94175.947 ms
