Hash Join  (cost=71587.82..150091.12 rows=250477 width=0) (actual time=1093.555..3402.717 rows=476536 loops=1)
  Hash Cond: (mc.movie_id = t.id)
  ->  Seq Scan on movie_companies mc  (cost=0.00..44881.29 rows=2609129 width=4) (actual time=0.008..955.189 rows=2609129 loops=1)
  ->  Hash  (cost=67604.59..67604.59 rows=242739 width=4) (actual time=1092.851..1092.851 rows=241400 loops=1)
        Buckets: 131072  Batches: 4  Memory Usage: 3146kB
        ->  Seq Scan on title t  (cost=0.00..67604.59 rows=242739 width=4) (actual time=0.018..996.765 rows=241400 loops=1)
              Filter: (production_year < 1960)
              Rows Removed by Filter: 2286912
Planning time: 0.540 ms
Execution time: 3461.920 ms
