Hash Join  (cost=263055.26..444039.31 rows=4377010 width=0) (actual time=13975.207..32904.682 rows=34208110 loops=1)
  Hash Cond: (mk.movie_id = t.id)
  ->  Seq Scan on movie_keyword mk  (cost=0.00..69693.30 rows=4523930 width=4) (actual time=0.013..5213.192 rows=4523930 loops=1)
  ->  Hash  (cost=222918.13..222918.13 rows=2446410 width=8) (actual time=13974.427..13974.427 rows=2443493 loops=1)
        Buckets: 131072  Batches: 32  Memory Usage: 4051kB
        ->  Hash Join  (cost=102767.86..222918.13 rows=2446410 width=8) (actual time=5615.819..13110.695 rows=2443493 loops=1)
              Hash Cond: (mc.movie_id = t.id)
              ->  Seq Scan on movie_companies mc  (cost=0.00..51404.11 rows=2446410 width=4) (actual time=0.032..4211.450 rows=2443493 loops=1)
                    Filter: (company_id > 31)
                    Rows Removed by Filter: 165636
              ->  Hash  (cost=61283.27..61283.27 rows=2528527 width=4) (actual time=5614.482..5614.482 rows=2528312 loops=1)
                    Buckets: 131072  Batches: 64  Memory Usage: 2415kB
                    ->  Seq Scan on title t  (cost=0.00..61283.27 rows=2528527 width=4) (actual time=0.014..4426.860 rows=2528312 loops=1)
Planning time: 1.028 ms
Execution time: 37866.906 ms
