Seq Scan on movie_keyword mk  (cost=0.00..81003.12 rows=3737382 width=0) (actual time=0.035..4173.278 rows=3731371 loops=1)
  Filter: (keyword_id < 23581)
  Rows Removed by Filter: 792559
Planning time: 3.827 ms
Execution time: 4798.740 ms
