Seq Scan on cast_info ci  (cost=0.00..796071.18 rows=4416223 width=0) (actual time=530.064..41272.031 rows=6416809 loops=1)
  Filter: ((person_id > 1724093) AND (role_id > 5))
  Rows Removed by Filter: 29827535
Planning time: 0.284 ms
Execution time: 42460.888 ms
