Hash Join  (cost=365418.15..1776156.37 rows=31001160 width=0) (actual time=19220.568..126362.008 rows=122644204 loops=1)
  Hash Cond: (ci.movie_id = t.id)
  ->  Seq Scan on cast_info ci  (cost=0.00..796071.18 rows=17327251 width=4) (actual time=0.022..51761.447 rows=21816865 loops=1)
        Filter: ((person_id < 2704054) AND (role_id < 4))
        Rows Removed by Filter: 14427479
  ->  Hash  (cost=291197.02..291197.02 rows=4523930 width=8) (actual time=19219.481..19219.481 rows=4523930 loops=1)
        Buckets: 131072  Batches: 64  Memory Usage: 3816kB
        ->  Hash Join  (cost=102767.86..291197.02 rows=4523930 width=8) (actual time=5918.476..17666.363 rows=4523930 loops=1)
              Hash Cond: (mk.movie_id = t.id)
              ->  Seq Scan on movie_keyword mk  (cost=0.00..69693.30 rows=4523930 width=4) (actual time=0.022..5530.481 rows=4523930 loops=1)
              ->  Hash  (cost=61283.27..61283.27 rows=2528527 width=4) (actual time=5916.672..5916.672 rows=2528312 loops=1)
                    Buckets: 131072  Batches: 64  Memory Usage: 2425kB
                    ->  Seq Scan on title t  (cost=0.00..61283.27 rows=2528527 width=4) (actual time=0.011..4466.432 rows=2528312 loops=1)
Planning time: 1.085 ms
Execution time: 143687.561 ms
