Hash Join  (cost=365418.15..1945254.31 rows=39782148 width=0) (actual time=16783.362..127215.510 rows=134200372 loops=1)
  Hash Cond: (ci.movie_id = t.id)
  ->  Seq Scan on cast_info ci  (cost=0.00..796071.18 rows=22235144 width=4) (actual time=0.017..51730.259 rows=24475527 loops=1)
        Filter: ((person_id < 2637450) AND (role_id < 10))
        Rows Removed by Filter: 11768817
  ->  Hash  (cost=291197.02..291197.02 rows=4523930 width=8) (actual time=16765.450..16765.450 rows=4523930 loops=1)
        Buckets: 131072  Batches: 64  Memory Usage: 3816kB
        ->  Hash Join  (cost=102767.86..291197.02 rows=4523930 width=8) (actual time=5462.657..15326.904 rows=4523930 loops=1)
              Hash Cond: (mk.movie_id = t.id)
              ->  Seq Scan on movie_keyword mk  (cost=0.00..69693.30 rows=4523930 width=4) (actual time=0.022..4903.647 rows=4523930 loops=1)
              ->  Hash  (cost=61283.27..61283.27 rows=2528527 width=4) (actual time=5459.655..5459.655 rows=2528312 loops=1)
                    Buckets: 131072  Batches: 64  Memory Usage: 2425kB
                    ->  Seq Scan on title t  (cost=0.00..61283.27 rows=2528527 width=4) (actual time=0.016..4242.054 rows=2528312 loops=1)
Planning time: 1.106 ms
Execution time: 145637.568 ms
