Hash Join  (cost=102767.86..298630.01 rows=4362771 width=0) (actual time=5820.929..16196.203 rows=4366974 loops=1)
  Hash Cond: (mk.movie_id = t.id)
  ->  Seq Scan on movie_keyword mk  (cost=0.00..81003.12 rows=4362771 width=4) (actual time=0.020..5460.794 rows=4366974 loops=1)
        Filter: (keyword_id < 73157)
        Rows Removed by Filter: 156956
  ->  Hash  (cost=61283.27..61283.27 rows=2528527 width=4) (actual time=5820.160..5820.160 rows=2528312 loops=1)
        Buckets: 131072  Batches: 64  Memory Usage: 2425kB
        ->  Seq Scan on title t  (cost=0.00..61283.27 rows=2528527 width=4) (actual time=0.016..4393.698 rows=2528312 loops=1)
Planning time: 0.686 ms
Execution time: 16805.094 ms
