Hash Join  (cost=144447.30..254736.86 rows=285368 width=0) (actual time=8305.046..15026.109 rows=1047416 loops=1)
  Hash Cond: (mk.movie_id = t.id)
  ->  Seq Scan on movie_keyword mk  (cost=0.00..81003.12 rows=2173802 width=4) (actual time=0.017..4868.362 rows=2175335 loops=1)
        Filter: (keyword_id < 4255)
        Rows Removed by Filter: 2348595
  ->  Hash  (cost=139001.11..139001.11 rows=331935 width=8) (actual time=8303.775..8303.775 rows=319881 loops=1)
        Buckets: 131072  Batches: 8  Memory Usage: 2597kB
        ->  Hash Join  (cost=97476.44..139001.11 rows=331935 width=8) (actual time=5363.275..8195.609 rows=319881 loops=1)
              Hash Cond: (mi_idx.movie_id = t.id)
              ->  Seq Scan on movie_info_idx mi_idx  (cost=0.00..25185.44 rows=460978 width=4) (actual time=0.018..1666.085 rows=459925 loops=1)
                    Filter: (info_type_id < 100)
                    Rows Removed by Filter: 920110
              ->  Hash  (cost=67604.59..67604.59 rows=1820708 width=4) (actual time=5361.777..5361.777 rows=1813245 loops=1)
                    Buckets: 131072  Batches: 32  Memory Usage: 3022kB
                    ->  Seq Scan on title t  (cost=0.00..67604.59 rows=1820708 width=4) (actual time=0.013..4561.137 rows=1813245 loops=1)
                          Filter: (production_year > 1987)
                          Rows Removed by Filter: 715067
Planning time: 1.120 ms
Execution time: 15168.104 ms
