Seq Scan on movie_keyword mk  (cost=0.00..81003.12 rows=246 width=0) (actual time=4.865..3452.363 rows=329 loops=1)
  Filter: (keyword_id = 4385)
  Rows Removed by Filter: 4523601
Planning time: 8.100 ms
Execution time: 3452.674 ms
