Hash Join  (cost=307959.69..1524000.82 rows=22765464 width=0) (actual time=14120.638..77432.747 rows=18604860 loops=1)
  Hash Cond: (ci.movie_id = t.id)
  ->  Seq Scan on cast_info ci  (cost=0.00..705507.15 rows=19286778 width=4) (actual time=0.014..44698.751 rows=19436243 loops=1)
        Filter: (person_id > 1662684)
        Rows Removed by Filter: 16808101
  ->  Hash  (cost=258993.34..258993.34 rows=2984588 width=8) (actual time=14116.285..14116.285 rows=1203219 loops=1)
        Buckets: 131072  Batches: 64  Memory Usage: 1737kB
        ->  Hash Join  (cost=94973.51..258993.34 rows=2984588 width=8) (actual time=5392.731..13677.926 rows=1203219 loops=1)
              Hash Cond: (mk.movie_id = t.id)
              ->  Seq Scan on movie_keyword mk  (cost=0.00..69693.30 rows=4523930 width=4) (actual time=0.022..4890.116 rows=4523930 loops=1)
              ->  Hash  (cost=67604.59..67604.59 rows=1668154 width=4) (actual time=5389.873..5389.873 rows=1674098 loops=1)
                    Buckets: 131072  Batches: 32  Memory Usage: 2875kB
                    ->  Seq Scan on title t  (cost=0.00..67604.59 rows=1668154 width=4) (actual time=0.012..4589.971 rows=1674098 loops=1)
                          Filter: (kind_id > 3)
                          Rows Removed by Filter: 854214
Planning time: 1.159 ms
Execution time: 80000.373 ms
