Hash Join  (cost=320987.28..1220991.88 rows=8776477 width=0) (actual time=6295.619..25330.729 rows=9841544 loops=1)
  Hash Cond: (ci.movie_id = t.id)
  ->  Seq Scan on cast_info ci  (cost=0.00..705507.15 rows=6664907 width=4) (actual time=0.011..12271.011 rows=6751708 loops=1)
        Filter: (person_id > 2986351)
        Rows Removed by Filter: 29492636
  ->  Hash  (cost=266360.12..266360.12 rows=3329613 width=8) (actual time=6293.148..6293.148 rows=1637255 loops=1)
        Buckets: 131072  Batches: 64  Memory Usage: 2002kB
        ->  Hash Join  (cost=98137.04..266360.12 rows=3329613 width=8) (actual time=1899.252..5874.447 rows=1637255 loops=1)
              Hash Cond: (mk.movie_id = t.id)
              ->  Seq Scan on movie_keyword mk  (cost=0.00..69693.30 rows=4523930 width=4) (actual time=0.012..1426.919 rows=4523930 loops=1)
              ->  Hash  (cost=67604.59..67604.59 rows=1860996 width=4) (actual time=1894.536..1894.536 rows=1865487 loops=1)
                    Buckets: 131072  Batches: 32  Memory Usage: 3085kB
                    ->  Seq Scan on title t  (cost=0.00..67604.59 rows=1860996 width=4) (actual time=0.006..1271.734 rows=1865487 loops=1)
                          Filter: (kind_id > 1)
                          Rows Removed by Filter: 662825
Planning time: 1.225 ms
Execution time: 26468.576 ms
