Hash Join  (cost=164256.90..530041.40 rows=112856 width=0) (actual time=2730.515..10307.112 rows=44257 loops=1)
  Hash Cond: (mi.movie_id = t.id)
  ->  Seq Scan on movie_info mi  (cost=0.00..309384.22 rows=14739122 width=4) (actual time=0.011..4477.426 rows=14835720 loops=1)
  ->  Hash  (cost=164014.88..164014.88 rows=19361 width=8) (actual time=2730.057..2730.057 rows=5072 loops=1)
        Buckets: 32768  Batches: 1  Memory Usage: 455kB
        ->  Hash Join  (cost=75195.76..164014.88 rows=19361 width=8) (actual time=2225.502..2728.000 rows=5072 loops=1)
              Hash Cond: (mk.movie_id = t.id)
              ->  Seq Scan on movie_keyword mk  (cost=0.00..81003.12 rows=632905 width=4) (actual time=0.023..1405.411 rows=632848 loops=1)
                    Filter: (keyword_id < 495)
                    Rows Removed by Filter: 3891082
              ->  Hash  (cost=73925.90..73925.90 rows=77348 width=4) (actual time=1088.148..1088.148 rows=84109 loops=1)
                    Buckets: 131072  Batches: 2  Memory Usage: 2515kB
                    ->  Seq Scan on title t  (cost=0.00..73925.90 rows=77348 width=4) (actual time=0.031..1056.123 rows=84109 loops=1)
                          Filter: ((kind_id = 7) AND (production_year = 2008))
                          Rows Removed by Filter: 2444203
Planning time: 1.184 ms
Execution time: 10313.768 ms
