Hash Join  (cost=439212.39..1484937.37 rows=1160489 width=0) (actual time=17637.835..65000.343 rows=4599536 loops=1)
  Hash Cond: (ci.movie_id = t.id)
  ->  Seq Scan on cast_info ci  (cost=0.00..614943.12 rows=36225612 width=4) (actual time=0.014..30997.983 rows=36244344 loops=1)
  ->  Hash  (cost=437882.87..437882.87 rows=81001 width=8) (actual time=17637.012..17637.012 rows=81528 loops=1)
        Buckets: 131072  Batches: 2  Memory Usage: 2632kB
        ->  Hash Join  (cost=69460.45..437882.87 rows=81001 width=8) (actual time=5397.014..17603.731 rows=81528 loops=1)
              Hash Cond: (mi.movie_id = t.id)
              ->  Seq Scan on movie_info mi  (cost=0.00..346232.03 rows=1810770 width=4) (actual time=1630.801..13384.210 rows=1865632 loops=1)
                    Filter: (info_type_id > 17)
                    Rows Removed by Filter: 12970088
              ->  Hash  (cost=67604.59..67604.59 rows=113109 width=4) (actual time=2962.116..2962.116 rows=119565 loops=1)
                    Buckets: 131072  Batches: 2  Memory Usage: 3121kB
                    ->  Seq Scan on title t  (cost=0.00..67604.59 rows=113109 width=4) (actual time=0.037..2802.027 rows=119565 loops=1)
                          Filter: (production_year = 2007)
                          Rows Removed by Filter: 2408747
Planning time: 16.549 ms
Execution time: 65549.962 ms
