Hash Join  (cost=67697.55..124126.82 rows=3911 width=0) (actual time=986.688..2122.766 rows=3832 loops=1)
  Hash Cond: (mc.movie_id = t.id)
  ->  Seq Scan on movie_companies mc  (cost=0.00..51404.11 rows=1329612 width=4) (actual time=1.231..908.215 rows=1334883 loops=1)
        Filter: (company_type_id = 2)
        Rows Removed by Filter: 1274246
  ->  Hash  (cost=67604.59..67604.59 rows=7437 width=4) (actual time=985.008..985.008 rows=5663 loops=1)
        Buckets: 8192  Batches: 1  Memory Usage: 264kB
        ->  Seq Scan on title t  (cost=0.00..67604.59 rows=7437 width=4) (actual time=0.437..981.945 rows=5663 loops=1)
              Filter: (production_year = 1951)
              Rows Removed by Filter: 2522649
Planning time: 0.764 ms
Execution time: 2123.599 ms
