Seq Scan on cast_info ci  (cost=0.00..796071.18 rows=14447806 width=0) (actual time=1931.136..40580.775 rows=9436601 loops=1)
  Filter: ((person_id < 2252009) AND (role_id > 1))
  Rows Removed by Filter: 26807743
Planning time: 1.904 ms
Execution time: 41976.131 ms
