Hash Join  (cost=102767.86..273210.78 rows=3306449 width=0) (actual time=1775.351..6620.651 rows=3297089 loops=1)
  Hash Cond: (mk.movie_id = t.id)
  ->  Seq Scan on movie_keyword mk  (cost=0.00..81003.12 rows=3306449 width=4) (actual time=0.015..1746.306 rows=3297089 loops=1)
        Filter: (keyword_id < 14809)
        Rows Removed by Filter: 1226841
  ->  Hash  (cost=61283.27..61283.27 rows=2528527 width=4) (actual time=1774.084..1774.084 rows=2528312 loops=1)
        Buckets: 131072  Batches: 64  Memory Usage: 2425kB
        ->  Seq Scan on title t  (cost=0.00..61283.27 rows=2528527 width=4) (actual time=0.016..990.397 rows=2528312 loops=1)
Planning time: 0.740 ms
Execution time: 7001.850 ms
