Hash Join  (cost=140613.61..269244.89 rows=544124 width=0) (actual time=8123.036..15448.996 rows=613746 loops=1)
  Hash Cond: (mk.movie_id = t.id)
  ->  Seq Scan on movie_keyword mk  (cost=0.00..69693.30 rows=4523930 width=4) (actual time=0.016..4886.926 rows=4523930 loops=1)
  ->  Hash  (cost=135624.07..135624.07 rows=304123 width=8) (actual time=8122.244..8122.244 rows=175310 loops=1)
        Buckets: 131072  Batches: 4  Memory Usage: 2737kB
        ->  Hash Join  (cost=94973.51..135624.07 rows=304123 width=8) (actual time=5879.803..8057.014 rows=175310 loops=1)
              Hash Cond: (mi_idx.movie_id = t.id)
              ->  Seq Scan on movie_info_idx mi_idx  (cost=0.00..25185.44 rows=460978 width=4) (actual time=0.016..1523.403 rows=459925 loops=1)
                    Filter: (info_type_id = 99)
                    Rows Removed by Filter: 920110
              ->  Hash  (cost=67604.59..67604.59 rows=1668154 width=4) (actual time=5878.383..5878.383 rows=1674098 loops=1)
                    Buckets: 131072  Batches: 32  Memory Usage: 2869kB
                    ->  Seq Scan on title t  (cost=0.00..67604.59 rows=1668154 width=4) (actual time=0.036..4232.248 rows=1674098 loops=1)
                          Filter: (kind_id > 3)
                          Rows Removed by Filter: 854214
Planning time: 6.084 ms
Execution time: 15552.519 ms
