Nested Loop  (cost=0.43..83072.29 rows=1 width=0) (actual time=788.167..3541.064 rows=7 loops=1)
  ->  Seq Scan on movie_keyword mk  (cost=0.00..81003.12 rows=246 width=4) (actual time=6.812..3329.537 rows=1131 loops=1)
        Filter: (keyword_id = 1084)
        Rows Removed by Filter: 4522799
  ->  Index Scan using title_pkey on title t  (cost=0.43..8.40 rows=1 width=4) (actual time=0.186..0.186 rows=0 loops=1131)
        Index Cond: (id = mk.movie_id)
        Filter: (production_year = 1957)
        Rows Removed by Filter: 1
Planning time: 0.685 ms
Execution time: 3541.186 ms
