Seq Scan on movie_companies mc  (cost=0.00..57926.93 rows=266667 width=0) (actual time=121.172..906.510 rows=527840 loops=1)
  Filter: ((company_id > 72874) AND (company_type_id = 2))
  Rows Removed by Filter: 2081289
Planning time: 0.387 ms
Execution time: 975.105 ms
