Seq Scan on cast_info ci  (cost=0.00..705507.15 rows=33693509 width=0) (actual time=0.014..34762.600 rows=33667375 loops=1)
  Filter: (person_id < 3561230)
  Rows Removed by Filter: 2576969
Planning time: 7.364 ms
Execution time: 39808.536 ms
