Seq Scan on movie_info mi  (cost=0.00..346232.03 rows=14483353 width=75) (actual time=0.020..6735.002 rows=14528932 loops=1)
  Filter: (info_type_id < 106)
  Rows Removed by Filter: 306788
Planning time: 0.476 ms
Execution time: 7542.555 ms
