Seq Scan on movie_keyword mk  (cost=0.00..81003.12 rows=246 width=0) (actual time=12.817..1385.566 rows=312 loops=1)
  Filter: (keyword_id = 7411)
  Rows Removed by Filter: 4523618
Planning time: 0.450 ms
Execution time: 1385.848 ms
