Seq Scan on movie_keyword mk  (cost=0.00..81003.12 rows=246 width=0) (actual time=11.052..1355.530 rows=265 loops=1)
  Filter: (keyword_id = 2573)
  Rows Removed by Filter: 4523665
Planning time: 0.340 ms
Execution time: 1355.748 ms
