Hash Join  (cost=134758.26..189424.35 rows=56 width=0) (actual time=1623.454..2528.262 rows=391 loops=1)
  Hash Cond: (mc.movie_id = t.id)
  ->  Seq Scan on movie_companies mc  (cost=0.00..44881.29 rows=2609129 width=4) (actual time=0.015..626.562 rows=2609129 loops=1)
  ->  Hash  (cost=134757.59..134757.59 rows=54 width=8) (actual time=1458.369..1458.369 rows=82 loops=1)
        Buckets: 1024  Batches: 1  Memory Usage: 12kB
        ->  Nested Loop  (cost=0.43..134757.59 rows=54 width=8) (actual time=7.800..1458.219 rows=82 loops=1)
              ->  Seq Scan on movie_keyword mk  (cost=0.00..81003.12 rows=7841 width=4) (actual time=0.038..1242.287 rows=7419 loops=1)
                    Filter: (keyword_id = 373)
                    Rows Removed by Filter: 4516511
              ->  Index Scan using title_pkey on title t  (cost=0.43..6.85 rows=1 width=4) (actual time=0.028..0.028 rows=0 loops=7419)
                    Index Cond: (id = mk.movie_id)
                    Filter: ((kind_id = 1) AND (production_year = 2013))
                    Rows Removed by Filter: 1
Planning time: 0.762 ms
Execution time: 2528.448 ms
