Hash Join  (cost=209558.23..1341673.90 rows=9570256 width=0) (actual time=4647.941..41705.132 rows=31500066 loops=1)
  Hash Cond: (ci.movie_id = t.id)
  ->  Seq Scan on cast_info ci  (cost=0.00..614943.12 rows=36225612 width=4) (actual time=0.023..12962.652 rows=36244344 loops=1)
  ->  Hash  (cost=198598.26..198598.26 rows=667998 width=8) (actual time=4646.871..4646.871 rows=563458 loops=1)
        Buckets: 131072  Batches: 16  Memory Usage: 2445kB
        ->  Hash Join  (cost=91959.31..198598.26 rows=667998 width=8) (actual time=2076.562..4500.304 rows=563458 loops=1)
              Hash Cond: (mk.movie_id = t.id)
              ->  Seq Scan on movie_keyword mk  (cost=0.00..81003.12 rows=1137824 width=4) (actual time=0.013..1498.854 rows=1147073 loops=1)
                    Filter: (keyword_id > 16242)
                    Rows Removed by Filter: 3376857
              ->  Hash  (cost=67604.59..67604.59 rows=1484458 width=4) (actual time=2075.873..2075.873 rows=1485030 loops=1)
                    Buckets: 131072  Batches: 32  Memory Usage: 2663kB
                    ->  Seq Scan on title t  (cost=0.00..67604.59 rows=1484458 width=4) (actual time=0.023..1282.908 rows=1485030 loops=1)
                          Filter: (production_year > 1998)
                          Rows Removed by Filter: 1043282
Planning time: 1.141 ms
Execution time: 45137.014 ms
