Seq Scan on movie_keyword mk  (cost=0.00..81003.12 rows=246 width=0) (actual time=27.780..1260.684 rows=50 loops=1)
  Filter: (keyword_id = 56544)
  Rows Removed by Filter: 4523880
Planning time: 0.340 ms
Execution time: 1260.808 ms
