Nested Loop  (cost=0.43..58375.31 rows=3 width=0) (actual time=418.835..820.009 rows=8 loops=1)
  ->  Seq Scan on movie_companies mc  (cost=0.00..57926.93 rows=53 width=4) (actual time=277.408..806.906 rows=494 loops=1)
        Filter: ((company_id = 4616) AND (company_type_id = 2))
        Rows Removed by Filter: 2608635
  ->  Index Scan using title_pkey on title t  (cost=0.43..8.45 rows=1 width=4) (actual time=0.026..0.026 rows=0 loops=494)
        Index Cond: (id = mc.movie_id)
        Filter: (production_year = 2012)
        Rows Removed by Filter: 1
Planning time: 1.560 ms
Execution time: 820.117 ms
