Seq Scan on movie_companies mc  (cost=0.00..57926.93 rows=988855 width=0) (actual time=0.029..1147.722 rows=1271034 loops=1)
  Filter: ((company_id < 67936) AND (company_type_id < 2))
  Rows Removed by Filter: 1338095
Planning time: 0.315 ms
Execution time: 1300.697 ms
