Seq Scan on cast_info ci  (cost=0.00..705507.15 rows=9567300 width=0) (actual time=167.110..11752.714 rows=9387632 loops=1)
  Filter: (person_id < 924111)
  Rows Removed by Filter: 26856712
Planning time: 0.245 ms
Execution time: 12903.322 ms
