Hash Join  (cost=79601.51..1164311.23 rows=4955456 width=0) (actual time=1270.790..34465.804 rows=6221926 loops=1)
  Hash Cond: (ci.movie_id = t.id)
  ->  Seq Scan on cast_info ci  (cost=0.00..614943.12 rows=36225612 width=4) (actual time=0.027..13083.431 rows=36244344 loops=1)
  ->  Hash  (cost=73925.90..73925.90 rows=345888 width=4) (actual time=1269.853..1269.853 rows=457402 loops=1)
        Buckets: 131072  Batches: 8  Memory Usage: 3047kB
        ->  Seq Scan on title t  (cost=0.00..73925.90 rows=345888 width=4) (actual time=0.009..1121.269 rows=457402 loops=1)
              Filter: ((kind_id < 7) AND (production_year < 1997))
              Rows Removed by Filter: 2070910
Planning time: 0.790 ms
Execution time: 35215.498 ms
