Hash Join  (cost=190230.21..269759.11 rows=728938 width=0) (actual time=4009.996..6546.826 rows=2197104 loops=1)
  Hash Cond: (mc.movie_id = t.id)
  ->  Seq Scan on movie_companies mc  (cost=0.00..51404.11 rows=1335575 width=4) (actual time=0.014..1130.179 rows=1325011 loops=1)
        Filter: (company_id < 11386)
        Rows Removed by Filter: 1284118
  ->  Hash  (cost=167588.78..167588.78 rows=1380035 width=8) (actual time=4008.972..4008.972 rows=1380035 loops=1)
        Buckets: 131072  Batches: 32  Memory Usage: 2708kB
        ->  Hash Join  (cost=102767.86..167588.78 rows=1380035 width=8) (actual time=1814.774..3646.136 rows=1380035 loops=1)
              Hash Cond: (mi_idx.movie_id = t.id)
              ->  Seq Scan on movie_info_idx mi_idx  (cost=0.00..21735.35 rows=1380035 width=4) (actual time=0.013..440.835 rows=1380035 loops=1)
              ->  Hash  (cost=61283.27..61283.27 rows=2528527 width=4) (actual time=1812.743..1812.743 rows=2528312 loops=1)
                    Buckets: 131072  Batches: 64  Memory Usage: 2415kB
                    ->  Seq Scan on title t  (cost=0.00..61283.27 rows=2528527 width=4) (actual time=0.016..996.513 rows=2528312 loops=1)
Planning time: 0.834 ms
Execution time: 6793.819 ms
