Seq Scan on cast_info ci  (cost=0.00..796071.18 rows=3832182 width=0) (actual time=7569.197..12778.006 rows=7772821 loops=1)
  Filter: ((person_id < 1060034) AND (role_id = 1))
  Rows Removed by Filter: 28471523
Planning time: 0.442 ms
Execution time: 13738.608 ms
