Seq Scan on movie_companies mc  (cost=0.00..51404.11 rows=1594136 width=0) (actual time=0.010..931.503 rows=1585288 loops=1)
  Filter: (company_id < 15820)
  Rows Removed by Filter: 1023841
Planning time: 0.225 ms
Execution time: 1126.323 ms
