Seq Scan on movie_companies mc  (cost=0.00..57926.93 rows=922671 width=0) (actual time=358.729..1102.293 rows=603632 loops=1)
  Filter: ((company_id < 29837) AND (company_type_id = 2))
  Rows Removed by Filter: 2005497
Planning time: 0.971 ms
Execution time: 1179.577 ms
