Hash Join  (cost=94574.69..250133.31 rows=2095603 width=0) (actual time=2823.398..5705.339 rows=530333 loops=1)
  Hash Cond: (mk.movie_id = t.id)
  ->  Seq Scan on movie_keyword mk  (cost=0.00..81003.12 rows=4210256 width=4) (actual time=0.016..1858.727 rows=4212778 loops=1)
        Filter: (keyword_id < 52466)
        Rows Removed by Filter: 311152
  ->  Hash  (cost=73925.90..73925.90 rows=1258543 width=4) (actual time=1813.544..1813.544 rows=1221534 loops=1)
        Buckets: 131072  Batches: 32  Memory Usage: 2369kB
        ->  Seq Scan on title t  (cost=0.00..73925.90 rows=1258543 width=4) (actual time=99.196..1398.484 rows=1221534 loops=1)
              Filter: ((production_year < 2011) AND (kind_id = 7))
              Rows Removed by Filter: 1306778
Planning time: 0.710 ms
Execution time: 5760.000 ms
