Hash Join  (cost=296406.95..970990.94 rows=14801126 width=0) (actual time=6639.528..50891.067 rows=126239845 loops=1)
  Hash Cond: (mi.movie_id = t.id)
  ->  Seq Scan on movie_info mi  (cost=0.00..309384.22 rows=14739122 width=4) (actual time=0.011..6313.140 rows=14835720 loops=1)
  ->  Hash  (cost=254748.40..254748.40 rows=2539164 width=8) (actual time=6638.517..6638.517 rows=2532569 loops=1)
        Buckets: 131072  Batches: 64  Memory Usage: 2668kB
        ->  Hash Join  (cost=102767.86..254748.40 rows=2539164 width=8) (actual time=1937.630..5905.078 rows=2532569 loops=1)
              Hash Cond: (mk.movie_id = t.id)
              ->  Seq Scan on movie_keyword mk  (cost=0.00..81003.12 rows=2539164 width=4) (actual time=0.030..1613.399 rows=2532569 loops=1)
                    Filter: (keyword_id < 6302)
                    Rows Removed by Filter: 1991361
              ->  Hash  (cost=61283.27..61283.27 rows=2528527 width=4) (actual time=1936.434..1936.434 rows=2528312 loops=1)
                    Buckets: 131072  Batches: 64  Memory Usage: 2425kB
                    ->  Seq Scan on title t  (cost=0.00..61283.27 rows=2528527 width=4) (actual time=0.024..1075.301 rows=2528312 loops=1)
Planning time: 1.111 ms
Execution time: 64786.644 ms
