Hash Join  (cost=69694.50..149915.11 rows=118200 width=0) (actual time=1194.559..3191.078 rows=100743 loops=1)
  Hash Cond: (mc.movie_id = t.id)
  ->  Seq Scan on movie_companies mc  (cost=0.00..51404.11 rows=2346799 width=4) (actual time=0.027..1163.897 rows=2342585 loops=1)
        Filter: (company_id < 98385)
        Rows Removed by Filter: 266544
  ->  Hash  (cost=67604.59..67604.59 rows=127353 width=4) (actual time=1193.661..1193.661 rows=128696 loops=1)
        Buckets: 131072  Batches: 2  Memory Usage: 3284kB
        ->  Seq Scan on title t  (cost=0.00..67604.59 rows=127353 width=4) (actual time=0.027..1144.918 rows=128696 loops=1)
              Filter: (production_year = 2009)
              Rows Removed by Filter: 2399616
Planning time: 0.787 ms
Execution time: 3204.107 ms
