Hash Join  (cost=124443.62..884228.99 rows=899621 width=0) (actual time=2551.376..23526.241 rows=2356769 loops=1)
  Hash Cond: (ci.movie_id = t.id)
  ->  Seq Scan on cast_info ci  (cost=0.00..614943.12 rows=36225612 width=4) (actual time=0.013..9380.891 rows=36244344 loops=1)
  ->  Hash  (cost=123658.70..123658.70 rows=62793 width=8) (actual time=2550.947..2550.947 rows=58957 loops=1)
        Buckets: 65536  Batches: 1  Memory Usage: 2816kB
        ->  Hash Join  (cost=68365.25..123658.70 rows=62793 width=8) (actual time=1065.133..2529.355 rows=58957 loops=1)
              Hash Cond: (mc.movie_id = t.id)
              ->  Seq Scan on movie_companies mc  (cost=0.00..44881.29 rows=2609129 width=4) (actual time=0.025..709.922 rows=2609129 loops=1)
              ->  Hash  (cost=67604.59..67604.59 rows=60853 width=4) (actual time=1064.775..1064.775 rows=62568 loops=1)
                    Buckets: 65536  Batches: 1  Memory Usage: 2712kB
                    ->  Seq Scan on title t  (cost=0.00..67604.59 rows=60853 width=4) (actual time=0.017..1038.396 rows=62568 loops=1)
                          Filter: (production_year = 2002)
                          Rows Removed by Filter: 2465744
Planning time: 3.522 ms
Execution time: 23832.944 ms
