Hash Join  (cost=130312.98..573173.02 rows=871956 width=0) (actual time=2911.181..14383.597 rows=7480241 loops=1)
  Hash Cond: (mi.movie_id = t.id)
  ->  Seq Scan on movie_info mi  (cost=0.00..346232.03 rows=7503588 width=4) (actual time=0.011..6352.710 rows=7548855 loops=1)
        Filter: (info_type_id > 7)
        Rows Removed by Filter: 7286865
  ->  Hash  (cost=125492.13..125492.13 rows=293828 width=8) (actual time=2910.254..2910.254 rows=614513 loops=1)
        Buckets: 131072 (originally 131072)  Batches: 8 (originally 4)  Memory Usage: 4057kB
        ->  Hash Join  (cost=82758.37..125492.13 rows=293828 width=8) (actual time=1391.967..2716.634 rows=614513 loops=1)
              Hash Cond: (mi_idx.movie_id = t.id)
              ->  Seq Scan on movie_info_idx mi_idx  (cost=0.00..21735.35 rows=1380035 width=4) (actual time=0.007..457.474 rows=1380035 loops=1)
              ->  Hash  (cost=73925.90..73925.90 rows=538357 width=4) (actual time=1390.895..1390.895 rows=564943 loops=1)
                    Buckets: 131072  Batches: 8  Memory Usage: 3519kB
                    ->  Seq Scan on title t  (cost=0.00..73925.90 rows=538357 width=4) (actual time=0.021..1222.070 rows=564943 loops=1)
                          Filter: ((kind_id < 3) AND (production_year < 2009))
                          Rows Removed by Filter: 1963369
Planning time: 1.134 ms
Execution time: 15131.483 ms
