Hash Join  (cost=101435.84..161122.85 rows=2417 width=0) (actual time=2150.235..2775.952 rows=5517 loops=1)
  Hash Cond: (mc.movie_id = t.id)
  ->  Seq Scan on movie_companies mc  (cost=0.00..57926.93 rows=462908 width=4) (actual time=0.011..963.355 rows=665476 loops=1)
        Filter: ((company_id < 3565) AND (company_type_id < 2))
        Rows Removed by Filter: 1943653
  ->  Hash  (cost=101270.80..101270.80 rows=13203 width=8) (actual time=1695.950..1695.950 rows=8031 loops=1)
        Buckets: 16384  Batches: 1  Memory Usage: 442kB
        ->  Hash Join  (cost=74228.29..101270.80 rows=13203 width=8) (actual time=1106.663..1693.239 rows=8031 loops=1)
              Hash Cond: (mi_idx.movie_id = t.id)
              ->  Seq Scan on movie_info_idx mi_idx  (cost=0.00..21735.35 rows=1380035 width=4) (actual time=0.010..296.891 rows=1380035 loops=1)
              ->  Hash  (cost=73925.90..73925.90 rows=24191 width=4) (actual time=1106.340..1106.340 rows=24602 loops=1)
                    Buckets: 32768  Batches: 1  Memory Usage: 1121kB
                    ->  Seq Scan on title t  (cost=0.00..73925.90 rows=24191 width=4) (actual time=1.214..1096.133 rows=24602 loops=1)
                          Filter: ((kind_id = 7) AND (production_year = 1995))
                          Rows Removed by Filter: 2503710
Planning time: 0.767 ms
Execution time: 2776.850 ms
