Hash Join  (cost=85092.26..842590.00 rows=931538 width=0) (actual time=8550.780..15877.227 rows=1465556 loops=1)
  Hash Cond: (ci.movie_id = t.id)
  ->  Seq Scan on cast_info ci  (cost=0.00..705507.15 rows=3460857 width=4) (actual time=6588.021..11790.255 rows=3459733 loops=1)
        Filter: (person_id > 3430053)
        Rows Removed by Filter: 32784611
  ->  Hash  (cost=73925.90..73925.90 rows=680588 width=4) (actual time=1961.341..1961.341 rows=743261 loops=1)
        Buckets: 131072  Batches: 16  Memory Usage: 2663kB
        ->  Seq Scan on title t  (cost=0.00..73925.90 rows=680588 width=4) (actual time=0.538..1424.611 rows=743261 loops=1)
              Filter: ((kind_id > 4) AND (production_year > 2004))
              Rows Removed by Filter: 1785051
Planning time: 4.430 ms
Execution time: 16034.750 ms
