Seq Scan on movie_companies mc  (cost=0.00..51404.11 rows=268605 width=0) (actual time=327.999..920.640 rows=271169 loops=1)
  Filter: (company_id > 97401)
  Rows Removed by Filter: 2337960
Planning time: 0.313 ms
Execution time: 952.328 ms
