Hash Join  (cost=70308.29..132370.99 rows=53425 width=0) (actual time=1246.400..2524.743 rows=33745 loops=1)
  Hash Cond: (mc.movie_id = t.id)
  ->  Seq Scan on movie_companies mc  (cost=0.00..51404.11 rows=819824 width=4) (actual time=0.013..917.178 rows=811232 loops=1)
        Filter: (company_id < 1878)
        Rows Removed by Filter: 1797897
  ->  Hash  (cost=67604.59..67604.59 rows=164776 width=4) (actual time=1245.584..1245.584 rows=164307 loops=1)
        Buckets: 131072  Batches: 4  Memory Usage: 2482kB
        ->  Seq Scan on title t  (cost=0.00..67604.59 rows=164776 width=4) (actual time=0.018..1187.767 rows=164307 loops=1)
              Filter: (production_year = 2012)
              Rows Removed by Filter: 2364005
Planning time: 0.793 ms
Execution time: 2529.266 ms
