Hash Join  (cost=158914.48..521788.20 rows=108490 width=0) (actual time=5584.618..9403.527 rows=311799 loops=1)
  Hash Cond: (mi.movie_id = t.id)
  ->  Seq Scan on movie_info mi  (cost=0.00..346232.03 rows=1272478 width=4) (actual time=2079.807..5240.274 rows=1325361 loops=1)
        Filter: (info_type_id = 8)
        Rows Removed by Filter: 13510359
  ->  Hash  (cost=155376.73..155376.73 rows=215580 width=8) (actual time=3503.932..3503.932 rows=263784 loops=1)
        Buckets: 131072  Batches: 4  Memory Usage: 3587kB
        ->  Hash Join  (cost=77354.40..155376.73 rows=215580 width=8) (actual time=1286.400..3414.794 rows=263784 loops=1)
              Hash Cond: (mc.movie_id = t.id)
              ->  Seq Scan on movie_companies mc  (cost=0.00..44881.29 rows=2609129 width=4) (actual time=0.025..957.719 rows=2609129 loops=1)
              ->  Hash  (cost=73925.90..73925.90 rows=208920 width=4) (actual time=1285.601..1285.601 rows=183835 loops=1)
                    Buckets: 131072  Batches: 4  Memory Usage: 2649kB
                    ->  Seq Scan on title t  (cost=0.00..73925.90 rows=208920 width=4) (actual time=0.062..1225.363 rows=183835 loops=1)
                          Filter: ((kind_id < 7) AND (production_year > 2009))
                          Rows Removed by Filter: 2344477
Planning time: 1.002 ms
Execution time: 9435.891 ms
