Hash Join  (cost=135643.91..215781.12 rows=321302 width=0) (actual time=3639.281..6070.446 rows=1196303 loops=1)
  Hash Cond: (mc.movie_id = t.id)
  ->  Seq Scan on movie_companies mc  (cost=0.00..51404.11 rows=2074689 width=4) (actual time=0.014..1088.722 rows=2071923 loops=1)
        Filter: (company_id < 72315)
        Rows Removed by Filter: 537206
  ->  Hash  (cost=129219.09..129219.09 rows=391586 width=8) (actual time=3638.603..3638.603 rows=477288 loops=1)
        Buckets: 131072  Batches: 8  Memory Usage: 3369kB
        ->  Hash Join  (cost=85280.32..129219.09 rows=391586 width=8) (actual time=2292.519..3513.031 rows=477288 loops=1)
              Hash Cond: (mi_idx.movie_id = t.id)
              ->  Seq Scan on movie_info_idx mi_idx  (cost=0.00..25185.44 rows=919057 width=4) (actual time=0.022..514.190 rows=920110 loops=1)
                    Filter: (info_type_id > 99)
                    Rows Removed by Filter: 459925
              ->  Hash  (cost=67604.59..67604.59 rows=1077339 width=4) (actual time=2291.558..2291.558 rows=1074765 loops=1)
                    Buckets: 131072  Batches: 16  Memory Usage: 3388kB
                    ->  Seq Scan on title t  (cost=0.00..67604.59 rows=1077339 width=4) (actual time=0.017..1264.928 rows=1074765 loops=1)
                          Filter: (production_year < 2001)
                          Rows Removed by Filter: 1453547
Planning time: 1.187 ms
Execution time: 6216.098 ms
