Seq Scan on movie_keyword mk  (cost=0.00..81003.12 rows=858183 width=0) (actual time=0.029..1431.964 rows=861326 loops=1)
  Filter: (keyword_id < 820)
  Rows Removed by Filter: 3662604
Planning time: 0.334 ms
Execution time: 1553.618 ms
