Hash Join  (cost=83074.74..447745.01 rows=1434 width=0) (actual time=1414.388..8644.739 rows=604 loops=1)
  Hash Cond: (mi.movie_id = t.id)
  ->  Seq Scan on movie_info mi  (cost=0.00..309384.22 rows=14739122 width=4) (actual time=0.014..4621.861 rows=14835720 loops=1)
  ->  Hash  (cost=83071.67..83071.67 rows=246 width=8) (actual time=1391.031..1391.031 rows=26 loops=1)
        Buckets: 1024  Batches: 1  Memory Usage: 10kB
        ->  Nested Loop  (cost=0.43..83071.67 rows=246 width=8) (actual time=5.027..1390.983 rows=26 loops=1)
              ->  Seq Scan on movie_keyword mk  (cost=0.00..81003.12 rows=246 width=4) (actual time=4.962..1389.777 rows=26 loops=1)
                    Filter: (keyword_id = 40333)
                    Rows Removed by Filter: 4523904
              ->  Index Only Scan using title_pkey on title t  (cost=0.43..8.40 rows=1 width=4) (actual time=0.039..0.040 rows=1 loops=26)
                    Index Cond: (id = mk.movie_id)
                    Heap Fetches: 26
Planning time: 0.968 ms
Execution time: 8645.167 ms
