Hash Join  (cost=93408.25..718659.30 rows=8917903 width=0) (actual time=1761.195..18077.244 rows=7658156 loops=1)
  Hash Cond: (mi.movie_id = t.id)
  ->  Seq Scan on movie_info mi  (cost=0.00..346232.03 rows=14337199 width=4) (actual time=0.012..7419.696 rows=14370084 loops=1)
        Filter: (info_type_id < 104)
        Rows Removed by Filter: 465636
  ->  Hash  (cost=67604.59..67604.59 rows=1572773 width=4) (actual time=1759.431..1759.431 rows=1570568 loops=1)
        Buckets: 131072  Batches: 32  Memory Usage: 2759kB
        ->  Seq Scan on title t  (cost=0.00..67604.59 rows=1572773 width=4) (actual time=0.039..1245.765 rows=1570568 loops=1)
              Filter: (production_year > 1996)
              Rows Removed by Filter: 957744
Planning time: 0.715 ms
Execution time: 18889.652 ms
