Seq Scan on movie_companies mc  (cost=0.00..51404.11 rows=2588829 width=0) (actual time=0.030..956.313 rows=2590253 loops=1)
  Filter: (company_id < 217317)
  Rows Removed by Filter: 18876
Planning time: 0.325 ms
Execution time: 1280.511 ms
