Nested Loop  (cost=0.43..798851.07 rows=332 width=0) (actual time=7157.729..14066.483 rows=92 loops=1)
  ->  Seq Scan on cast_info ci  (cost=0.00..796071.18 rows=332 width=4) (actual time=7157.630..14064.132 rows=92 loops=1)
        Filter: ((role_id < 4) AND (person_id = 107544))
        Rows Removed by Filter: 36244252
  ->  Index Only Scan using title_pkey on title t  (cost=0.43..8.36 rows=1 width=4) (actual time=0.024..0.025 rows=1 loops=92)
        Index Cond: (id = ci.movie_id)
        Heap Fetches: 92
Planning time: 0.794 ms
Execution time: 14066.583 ms
