Seq Scan on movie_keyword mk  (cost=0.00..81003.12 rows=3200710 width=0) (actual time=0.028..1535.255 rows=3185383 loops=1)
  Filter: (keyword_id < 12835)
  Rows Removed by Filter: 1338547
Planning time: 0.357 ms
Execution time: 1939.235 ms
