Hash Join  (cost=256337.17..1392048.74 rows=14940514 width=0) (actual time=7297.332..56451.005 rows=110959076 loops=1)
  Hash Cond: (ci.movie_id = t.id)
  ->  Seq Scan on cast_info ci  (cost=0.00..705507.15 rows=21377057 width=4) (actual time=0.015..13349.940 rows=21490074 loops=1)
        Filter: (person_id > 1454569)
        Rows Removed by Filter: 14754270
  ->  Hash  (cost=227343.19..227343.19 rows=1767198 width=8) (actual time=7296.077..7296.077 rows=3878469 loops=1)
        Buckets: 131072 (originally 131072)  Batches: 64 (originally 32)  Memory Usage: 3438kB
        ->  Hash Join  (cost=83810.17..227343.19 rows=1767198 width=8) (actual time=1450.947..6155.827 rows=3878469 loops=1)
              Hash Cond: (mk.movie_id = t.id)
              ->  Seq Scan on movie_keyword mk  (cost=0.00..69693.30 rows=4523930 width=4) (actual time=0.022..1456.853 rows=4523930 loops=1)
              ->  Hash  (cost=67604.59..67604.59 rows=987727 width=4) (actual time=1450.065..1450.065 rows=985048 loops=1)
                    Buckets: 131072  Batches: 16  Memory Usage: 3197kB
                    ->  Seq Scan on title t  (cost=0.00..67604.59 rows=987727 width=4) (actual time=0.013..1155.725 rows=985048 loops=1)
                          Filter: (kind_id < 7)
                          Rows Removed by Filter: 1543264
Planning time: 2.486 ms
Execution time: 67762.335 ms
