Hash Join  (cost=263115.61..1185373.91 rows=8742095 width=0) (actual time=7625.240..31629.297 rows=18854326 loops=1)
  Hash Cond: (ci.movie_id = t.id)
  ->  Seq Scan on cast_info ci  (cost=0.00..705507.15 rows=8472032 width=4) (actual time=0.037..13173.015 rows=8359825 loops=1)
        Filter: (person_id < 819064)
        Rows Removed by Filter: 27884519
  ->  Hash  (cost=220309.49..220309.49 rows=2609129 width=8) (actual time=7623.082..7623.082 rows=2609129 loops=1)
        Buckets: 131072  Batches: 64  Memory Usage: 2610kB
        ->  Hash Join  (cost=102767.86..220309.49 rows=2609129 width=8) (actual time=2622.454..6228.002 rows=2609129 loops=1)
              Hash Cond: (mc.movie_id = t.id)
              ->  Seq Scan on movie_companies mc  (cost=0.00..44881.29 rows=2609129 width=4) (actual time=0.012..966.423 rows=2609129 loops=1)
              ->  Hash  (cost=61283.27..61283.27 rows=2528527 width=4) (actual time=2621.707..2621.707 rows=2528312 loops=1)
                    Buckets: 131072  Batches: 64  Memory Usage: 2415kB
                    ->  Seq Scan on title t  (cost=0.00..61283.27 rows=2528527 width=4) (actual time=0.013..1195.638 rows=2528312 loops=1)
Planning time: 1.161 ms
Execution time: 33818.898 ms
