Hash Join  (cost=74281.64..425396.42 rows=14228 width=0) (actual time=2286.763..6259.816 rows=16590 loops=1)
  Hash Cond: (mi.movie_id = t.id)
  ->  Seq Scan on movie_info mi  (cost=0.00..346232.03 rows=1264125 width=4) (actual time=946.450..4918.486 rows=1288928 loops=1)
        Filter: (info_type_id = 2)
        Rows Removed by Filter: 13546792
  ->  Hash  (cost=73925.90..73925.90 rows=28459 width=4) (actual time=1060.922..1060.922 rows=16117 loops=1)
        Buckets: 32768  Batches: 1  Memory Usage: 823kB
        ->  Seq Scan on title t  (cost=0.00..73925.90 rows=28459 width=4) (actual time=68.549..1054.286 rows=16117 loops=1)
              Filter: ((kind_id < 2) AND (production_year = 2006))
              Rows Removed by Filter: 2512195
Planning time: 0.794 ms
Execution time: 6262.451 ms
