Hash Join  (cost=625238.36..2353712.29 rows=54399172 width=0) (actual time=12964.052..59893.853 rows=52597896 loops=1)
  Hash Cond: (ci.movie_id = t.id)
  ->  Seq Scan on cast_info ci  (cost=0.00..614943.12 rows=36225612 width=4) (actual time=0.026..13631.060 rows=36244344 loops=1)
  ->  Hash  (cost=562942.48..562942.48 rows=3797031 width=8) (actual time=12963.168..12963.168 rows=2288219 loops=1)
        Buckets: 131072  Batches: 64  Memory Usage: 2391kB
        ->  Hash Join  (cost=92883.59..562942.48 rows=3797031 width=8) (actual time=3775.402..12294.812 rows=2288219 loops=1)
              Hash Cond: (mi.movie_id = t.id)
              ->  Seq Scan on movie_info mi  (cost=0.00..346232.03 rows=6231111 width=4) (actual time=0.024..6570.309 rows=6223494 loops=1)
                    Filter: (info_type_id > 8)
                    Rows Removed by Filter: 8612226
              ->  Hash  (cost=67604.59..67604.59 rows=1540800 width=4) (actual time=1718.578..1718.578 rows=1543264 loops=1)
                    Buckets: 131072  Batches: 32  Memory Usage: 2728kB
                    ->  Seq Scan on title t  (cost=0.00..67604.59 rows=1540800 width=4) (actual time=0.017..1213.356 rows=1543264 loops=1)
                          Filter: (kind_id = 7)
                          Rows Removed by Filter: 985048
Planning time: 1.182 ms
Execution time: 65730.900 ms
