Seq Scan on movie_companies mc  (cost=0.00..57926.93 rows=142561 width=0) (actual time=0.032..974.898 rows=220009 loops=1)
  Filter: ((company_id < 159) AND (company_type_id < 2))
  Rows Removed by Filter: 2389120
Planning time: 0.387 ms
Execution time: 1003.339 ms
