Hash Join  (cost=67697.55..128612.58 rows=7402 width=0) (actual time=1029.571..2527.370 rows=21826 loops=1)
  Hash Cond: (mc.movie_id = t.id)
  ->  Seq Scan on movie_companies mc  (cost=0.00..51404.11 rows=2516506 width=4) (actual time=0.019..1002.820 rows=2516130 loops=1)
        Filter: (company_id < 161835)
        Rows Removed by Filter: 92999
  ->  Hash  (cost=67604.59..67604.59 rows=7437 width=4) (actual time=1029.334..1029.334 rows=19440 loops=1)
        Buckets: 32768 (originally 8192)  Batches: 1 (originally 1)  Memory Usage: 940kB
        ->  Seq Scan on title t  (cost=0.00..67604.59 rows=7437 width=4) (actual time=0.018..1020.299 rows=19440 loops=1)
              Filter: (production_year = 1986)
              Rows Removed by Filter: 2508872
Planning time: 0.743 ms
Execution time: 2530.942 ms
