Seq Scan on movie_companies mc  (cost=0.00..57926.93 rows=5374 width=0) (actual time=101.552..808.616 rows=2411 loops=1)
  Filter: ((company_id = 11) AND (company_type_id = 1))
  Rows Removed by Filter: 2606718
Planning time: 0.403 ms
Execution time: 809.149 ms
