Hash Join  (cost=163560.95..509883.47 rows=82 width=0) (actual time=3148.768..8021.196 rows=9 loops=1)
  Hash Cond: (mi.movie_id = t.id)
  ->  Seq Scan on movie_info mi  (cost=0.00..346232.03 rows=17937 width=4) (actual time=0.576..4852.934 rows=121863 loops=1)
        Filter: (info_type_id = 105)
        Rows Removed by Filter: 14713857
  ->  Hash  (cost=163417.79..163417.79 rows=11453 width=8) (actual time=3147.757..3147.757 rows=600 loops=1)
        Buckets: 16384  Batches: 1  Memory Usage: 152kB
        ->  Hash Join  (cost=67697.55..163417.79 rows=11453 width=8) (actual time=905.786..3147.109 rows=600 loops=1)
              Hash Cond: (mk.movie_id = t.id)
              ->  Seq Scan on movie_keyword mk  (cost=0.00..81003.12 rows=3894022 width=4) (actual time=0.014..1666.016 rows=3883666 loops=1)
                    Filter: (keyword_id < 29032)
                    Rows Removed by Filter: 640264
              ->  Hash  (cost=67604.59..67604.59 rows=7437 width=4) (actual time=904.724..904.724 rows=2712 loops=1)
                    Buckets: 8192  Batches: 1  Memory Usage: 160kB
                    ->  Seq Scan on title t  (cost=0.00..67604.59 rows=7437 width=4) (actual time=395.780..903.544 rows=2712 loops=1)
                          Filter: (production_year = 1908)
                          Rows Removed by Filter: 2525600
Planning time: 1.254 ms
Execution time: 8021.378 ms
