Nested Loop  (cost=0.43..83072.29 rows=96 width=0) (actual time=1.850..1253.832 rows=488 loops=1)
  ->  Seq Scan on movie_keyword mk  (cost=0.00..81003.12 rows=246 width=4) (actual time=1.792..1220.941 rows=538 loops=1)
        Filter: (keyword_id = 7764)
        Rows Removed by Filter: 4523392
  ->  Index Scan using title_pkey on title t  (cost=0.43..8.40 rows=1 width=4) (actual time=0.059..0.059 rows=1 loops=538)
        Index Cond: (id = mk.movie_id)
        Filter: (kind_id < 7)
        Rows Removed by Filter: 0
Planning time: 0.762 ms
Execution time: 1254.148 ms
