Hash Join  (cost=119549.64..194492.81 rows=83809 width=0) (actual time=2835.038..4796.924 rows=400877 loops=1)
  Hash Cond: (mc.movie_id = t.id)
  ->  Seq Scan on movie_companies mc  (cost=0.00..51404.11 rows=1926123 width=4) (actual time=0.015..1028.999 rows=1919895 loops=1)
        Filter: (company_id < 47276)
        Rows Removed by Filter: 689234
  ->  Hash  (cost=117744.38..117744.38 rows=110021 width=8) (actual time=2834.381..2834.381 rows=166937 loops=1)
        Buckets: 131072 (originally 131072)  Batches: 4 (originally 2)  Memory Usage: 3073kB
        ->  Hash Join  (cost=83743.23..117744.38 rows=110021 width=8) (actual time=1859.768..2771.387 rows=166937 loops=1)
              Hash Cond: (mi_idx.movie_id = t.id)
              ->  Seq Scan on movie_info_idx mi_idx  (cost=0.00..25185.44 rows=464934 width=4) (actual time=0.017..510.223 rows=460185 loops=1)
                    Filter: (info_type_id > 100)
                    Rows Removed by Filter: 919850
              ->  Hash  (cost=73925.90..73925.90 rows=598346 width=4) (actual time=1858.981..1858.981 rows=507407 loops=1)
                    Buckets: 131072  Batches: 8  Memory Usage: 3251kB
                    ->  Seq Scan on title t  (cost=0.00..73925.90 rows=598346 width=4) (actual time=0.016..1184.669 rows=507407 loops=1)
                          Filter: ((kind_id < 7) AND (production_year > 1997))
                          Rows Removed by Filter: 2020905
Planning time: 0.793 ms
Execution time: 4851.789 ms
