Seq Scan on movie_keyword mk  (cost=0.00..81003.12 rows=246 width=0) (actual time=171.450..1282.693 rows=32 loops=1)
  Filter: (keyword_id = 8505)
  Rows Removed by Filter: 4523898
Planning time: 0.341 ms
Execution time: 1282.790 ms
