Hash Join  (cost=76580.21..1012616.39 rows=730591 width=0) (actual time=1334.209..24366.759 rows=278016 loops=1)
  Hash Cond: (ci.movie_id = t.id)
  ->  Seq Scan on cast_info ci  (cost=0.00..796071.18 rows=11418425 width=4) (actual time=0.016..17144.321 rows=12670688 loops=1)
        Filter: ((person_id < 3377981) AND (role_id < 2))
        Rows Removed by Filter: 23573656
  ->  Hash  (cost=73925.90..73925.90 rows=161784 width=4) (actual time=1333.369..1333.369 rows=60160 loops=1)
        Buckets: 131072  Batches: 4  Memory Usage: 1552kB
        ->  Seq Scan on title t  (cost=0.00..73925.90 rows=161784 width=4) (actual time=0.041..1029.535 rows=60160 loops=1)
              Filter: ((production_year < 1962) AND (kind_id = 7))
              Rows Removed by Filter: 2468152
Planning time: 0.853 ms
Execution time: 24402.409 ms
