Hash Join  (cost=190230.21..1101092.70 rows=6412155 width=0) (actual time=4321.555..27348.099 rows=13513466 loops=1)
  Hash Cond: (ci.movie_id = t.id)
  ->  Seq Scan on cast_info ci  (cost=0.00..705507.15 rows=11748476 width=4) (actual time=0.018..13046.280 rows=11811373 loops=1)
        Filter: (person_id > 2509280)
        Rows Removed by Filter: 24432971
  ->  Hash  (cost=167588.78..167588.78 rows=1380035 width=8) (actual time=4320.530..4320.530 rows=1380035 loops=1)
        Buckets: 131072  Batches: 32  Memory Usage: 2708kB
        ->  Hash Join  (cost=102767.86..167588.78 rows=1380035 width=8) (actual time=1978.862..3927.775 rows=1380035 loops=1)
              Hash Cond: (mi_idx.movie_id = t.id)
              ->  Seq Scan on movie_info_idx mi_idx  (cost=0.00..21735.35 rows=1380035 width=4) (actual time=0.014..484.122 rows=1380035 loops=1)
              ->  Hash  (cost=61283.27..61283.27 rows=2528527 width=4) (actual time=1978.098..1978.098 rows=2528312 loops=1)
                    Buckets: 131072  Batches: 64  Memory Usage: 2415kB
                    ->  Seq Scan on title t  (cost=0.00..61283.27 rows=2528527 width=4) (actual time=0.008..1153.472 rows=2528312 loops=1)
Planning time: 1.183 ms
Execution time: 28856.898 ms
