Hash Join  (cost=73969.01..788016.26 rows=3094 width=0) (actual time=1028.661..13278.051 rows=5514 loops=1)
  Hash Cond: (ci.movie_id = t.id)
  ->  Seq Scan on cast_info ci  (cost=0.00..705507.15 rows=2269110 width=4) (actual time=0.016..11775.501 rows=2311392 loops=1)
        Filter: (person_id > 3610737)
        Rows Removed by Filter: 33932952
  ->  Hash  (cost=73925.90..73925.90 rows=3448 width=4) (actual time=1028.536..1028.536 rows=3637 loops=1)
        Buckets: 4096  Batches: 1  Memory Usage: 160kB
        ->  Seq Scan on title t  (cost=0.00..73925.90 rows=3448 width=4) (actual time=78.067..1026.754 rows=3637 loops=1)
              Filter: ((kind_id = 3) AND (production_year = 2004))
              Rows Removed by Filter: 2524675
Planning time: 11.410 ms
Execution time: 13279.510 ms
