Hash Join  (cost=155194.95..521888.40 rows=203749 width=0) (actual time=2707.978..10413.467 rows=254439 loops=1)
  Hash Cond: (mi.movie_id = t.id)
  ->  Seq Scan on movie_info mi  (cost=0.00..309384.22 rows=14739122 width=4) (actual time=0.013..4370.182 rows=14835720 loops=1)
  ->  Hash  (cost=154758.03..154758.03 rows=34954 width=8) (actual time=2707.168..2707.168 rows=13560 loops=1)
        Buckets: 65536  Batches: 1  Memory Usage: 1042kB
        ->  Hash Join  (cost=68438.72..154758.03 rows=34954 width=8) (actual time=1081.703..2700.761 rows=13560 loops=1)
              Hash Cond: (mk.movie_id = t.id)
              ->  Seq Scan on movie_keyword mk  (cost=0.00..81003.12 rows=1324437 width=4) (actual time=0.015..1357.678 rows=1340785 loops=1)
                    Filter: (keyword_id < 1749)
                    Rows Removed by Filter: 3183145
              ->  Hash  (cost=67604.59..67604.59 rows=66731 width=4) (actual time=1080.897..1080.897 rows=67342 loops=1)
                    Buckets: 131072  Batches: 1  Memory Usage: 3392kB
                    ->  Seq Scan on title t  (cost=0.00..67604.59 rows=66731 width=4) (actual time=0.015..1052.411 rows=67342 loops=1)
                          Filter: (production_year > 2012)
                          Rows Removed by Filter: 2460970
Planning time: 1.139 ms
Execution time: 10448.518 ms
