Hash Join  (cost=74545.71..914859.45 rows=219860 width=0) (actual time=1280.083..18021.382 rows=205245 loops=1)
  Hash Cond: (ci.movie_id = t.id)
  ->  Seq Scan on cast_info ci  (cost=0.00..796071.18 rows=11211723 width=4) (actual time=556.559..13840.500 rows=12864189 loops=1)
        Filter: ((person_id < 1438358) AND (role_id < 6))
        Rows Removed by Filter: 23380155
  ->  Hash  (cost=73925.90..73925.90 rows=49584 width=4) (actual time=700.845..700.845 rows=38752 loops=1)
        Buckets: 65536  Batches: 1  Memory Usage: 1875kB
        ->  Seq Scan on title t  (cost=0.00..73925.90 rows=49584 width=4) (actual time=0.023..686.000 rows=38752 loops=1)
              Filter: ((kind_id < 7) AND (production_year = 2008))
              Rows Removed by Filter: 2489560
Planning time: 0.577 ms
Execution time: 18053.438 ms
