Hash Join  (cost=74617.32..135142.60 rows=50275 width=0) (actual time=1088.677..2631.345 rows=59994 loops=1)
  Hash Cond: (mc.movie_id = t.id)
  ->  Seq Scan on movie_companies mc  (cost=0.00..51404.11 rows=2298246 width=4) (actual time=0.017..964.432 rows=2298560 loops=1)
        Filter: (company_id < 92564)
        Rows Removed by Filter: 310569
  ->  Hash  (cost=73925.90..73925.90 rows=55313 width=4) (actual time=1088.277..1088.277 rows=49075 loops=1)
        Buckets: 65536  Batches: 1  Memory Usage: 2238kB
        ->  Seq Scan on title t  (cost=0.00..73925.90 rows=55313 width=4) (actual time=0.026..1068.074 rows=49075 loops=1)
              Filter: ((kind_id < 7) AND (production_year = 2010))
              Rows Removed by Filter: 2479237
Planning time: 0.845 ms
Execution time: 2640.230 ms
