Nested Loop  (cost=0.43..83072.90 rows=6 width=0) (actual time=241.462..1356.935 rows=13 loops=1)
  ->  Seq Scan on movie_keyword mk  (cost=0.00..81003.12 rows=246 width=4) (actual time=0.252..1258.283 rows=1843 loops=1)
        Filter: (keyword_id = 1717)
        Rows Removed by Filter: 4522087
  ->  Index Scan using title_pkey on title t  (cost=0.43..8.40 rows=1 width=4) (actual time=0.053..0.053 rows=0 loops=1843)
        Index Cond: (id = mk.movie_id)
        Filter: ((kind_id = 7) AND (production_year = 2006))
        Rows Removed by Filter: 1
Planning time: 4.479 ms
Execution time: 1357.028 ms
