Hash Join  (cost=155711.04..522563.09 rows=219612 width=0) (actual time=2699.417..10245.820 rows=275639 loops=1)
  Hash Cond: (mi.movie_id = t.id)
  ->  Seq Scan on movie_info mi  (cost=0.00..309384.22 rows=14739122 width=4) (actual time=0.030..4271.907 rows=14835720 loops=1)
  ->  Hash  (cost=155240.10..155240.10 rows=37675 width=8) (actual time=2698.724..2698.724 rows=12514 loops=1)
        Buckets: 65536  Batches: 1  Memory Usage: 1001kB
        ->  Hash Join  (cost=68426.36..155240.10 rows=37675 width=8) (actual time=973.096..2693.582 rows=12514 loops=1)
              Hash Cond: (mk.movie_id = t.id)
              ->  Seq Scan on movie_keyword mk  (cost=0.00..81003.12 rows=1449030 width=4) (actual time=0.021..1445.634 rows=1464736 loops=1)
                    Filter: (keyword_id < 2085)
                    Rows Removed by Filter: 3059194
              ->  Hash  (cost=67604.59..67604.59 rows=65742 width=4) (actual time=972.316..972.316 rows=63827 loops=1)
                    Buckets: 131072  Batches: 1  Memory Usage: 3268kB
                    ->  Seq Scan on title t  (cost=0.00..67604.59 rows=65742 width=4) (actual time=0.010..947.987 rows=63827 loops=1)
                          Filter: (production_year = 2013)
                          Rows Removed by Filter: 2464485
Planning time: 4.900 ms
Execution time: 10281.778 ms
