Seq Scan on movie_keyword mk  (cost=0.00..81003.12 rows=3490319 width=0) (actual time=0.016..1481.865 rows=3489179 loops=1)
  Filter: (keyword_id > 1023)
  Rows Removed by Filter: 1034751
Planning time: 0.323 ms
Execution time: 1896.015 ms
