Hash Join  (cost=157508.20..653383.64 rows=1505951 width=0) (actual time=3203.809..15719.627 rows=1876225 loops=1)
  Hash Cond: (mi.movie_id = t.id)
  ->  Seq Scan on movie_info mi  (cost=0.00..309384.22 rows=14739122 width=4) (actual time=0.014..5817.855 rows=14835720 loops=1)
  ->  Hash  (cost=153268.84..153268.84 rows=258349 width=8) (actual time=3202.839..3202.839 rows=203391 loops=1)
        Buckets: 131072  Batches: 4  Memory Usage: 3021kB
        ->  Hash Join  (cost=81987.19..153268.84 rows=258349 width=8) (actual time=1464.754..3134.073 rows=203391 loops=1)
              Hash Cond: (mc.movie_id = t.id)
              ->  Seq Scan on movie_companies mc  (cost=0.00..51404.11 rows=1329612 width=4) (actual time=92.189..1015.689 rows=1334883 loops=1)
                    Filter: (company_type_id = 2)
                    Rows Removed by Filter: 1274246
              ->  Hash  (cost=73925.90..73925.90 rows=491303 width=4) (actual time=1371.736..1371.736 rows=352208 loops=1)
                    Buckets: 131072  Batches: 8  Memory Usage: 2561kB
                    ->  Seq Scan on title t  (cost=0.00..73925.90 rows=491303 width=4) (actual time=0.022..1260.021 rows=352208 loops=1)
                          Filter: ((kind_id > 1) AND (production_year < 1989))
                          Rows Removed by Filter: 2176104
Planning time: 1.189 ms
Execution time: 15942.000 ms
