Hash Join  (cost=74319.79..440812.54 rows=183682 width=0) (actual time=1114.575..9716.001 rows=310353 loops=1)
  Hash Cond: (mi.movie_id = t.id)
  ->  Seq Scan on movie_info mi  (cost=0.00..309384.22 rows=14739122 width=4) (actual time=0.018..4376.198 rows=14835720 loops=1)
  ->  Hash  (cost=73925.90..73925.90 rows=31511 width=4) (actual time=1114.322..1114.322 rows=41357 loops=1)
        Buckets: 65536 (originally 32768)  Batches: 1 (originally 1)  Memory Usage: 1966kB
        ->  Seq Scan on title t  (cost=0.00..73925.90 rows=31511 width=4) (actual time=32.794..1097.137 rows=41357 loops=1)
              Filter: ((production_year < 1994) AND (kind_id = 3))
              Rows Removed by Filter: 2486955
Planning time: 0.801 ms
Execution time: 9760.693 ms
