Seq Scan on movie_keyword mk  (cost=0.00..81003.12 rows=2966112 width=0) (actual time=0.022..1496.157 rows=2949986 loops=1)
  Filter: (keyword_id < 9949)
  Rows Removed by Filter: 1573944
Planning time: 0.343 ms
Execution time: 1860.538 ms
