Nested Loop  (cost=0.43..52283.69 rows=104 width=0) (actual time=226.103..715.338 rows=5 loops=1)
  ->  Seq Scan on movie_companies mc  (cost=0.00..51404.11 rows=104 width=4) (actual time=226.016..715.065 rows=5 loops=1)
        Filter: (company_id = 34974)
        Rows Removed by Filter: 2609124
  ->  Index Only Scan using title_pkey on title t  (cost=0.43..8.45 rows=1 width=4) (actual time=0.043..0.044 rows=1 loops=5)
        Index Cond: (id = mc.movie_id)
        Heap Fetches: 5
Planning time: 3.489 ms
Execution time: 715.418 ms
