Seq Scan on cast_info ci  (cost=0.00..796071.18 rows=15242707 width=0) (actual time=0.020..14068.079 rows=16630427 loops=1)
  Filter: ((person_id < 1717580) AND (role_id < 10))
  Rows Removed by Filter: 19613917
Planning time: 2.773 ms
Execution time: 15992.853 ms
