Hash Join  (cost=203532.26..1312252.38 rows=2884794 width=0) (actual time=4095.881..32700.607 rows=2569487 loops=1)
  Hash Cond: (ci.movie_id = t.id)
  ->  Seq Scan on cast_info ci  (cost=0.00..614943.12 rows=36225612 width=4) (actual time=0.017..13404.591 rows=36244344 loops=1)
  ->  Hash  (cost=200228.30..200228.30 rows=201357 width=8) (actual time=4089.868..4089.868 rows=63504 loops=1)
        Buckets: 131072  Batches: 4  Memory Usage: 1685kB
        ->  Hash Join  (cost=75772.69..200228.30 rows=201357 width=8) (actual time=1365.778..4071.179 rows=63504 loops=1)
              Hash Cond: (mk.movie_id = t.id)
              ->  Seq Scan on movie_keyword mk  (cost=0.00..69693.30 rows=4523930 width=4) (actual time=0.036..1470.403 rows=4523930 loops=1)
              ->  Hash  (cost=73925.90..73925.90 rows=112543 width=4) (actual time=1244.542..1244.542 rows=117253 loops=1)
                    Buckets: 131072  Batches: 2  Memory Usage: 3091kB
                    ->  Seq Scan on title t  (cost=0.00..73925.90 rows=112543 width=4) (actual time=0.114..1150.445 rows=117253 loops=1)
                          Filter: ((kind_id > 2) AND (production_year = 2011))
                          Rows Removed by Filter: 2411059
Planning time: 1.076 ms
Execution time: 33016.798 ms
