Seq Scan on cast_info ci  (cost=0.00..705507.15 rows=15960840 width=0) (actual time=2598.762..12233.004 rows=16090575 loops=1)
  Filter: (person_id > 2024573)
  Rows Removed by Filter: 20153769
Planning time: 0.373 ms
Execution time: 14230.356 ms
