Seq Scan on movie_keyword mk  (cost=0.00..81003.12 rows=4215983 width=0) (actual time=0.020..1554.048 rows=4220081 loops=1)
  Filter: (keyword_id < 53292)
  Rows Removed by Filter: 303849
Planning time: 0.337 ms
Execution time: 2064.070 ms
