Nested Loop  (cost=0.43..796274.16 rows=24 width=0) (actual time=9274.421..10726.828 rows=7 loops=1)
  ->  Seq Scan on cast_info ci  (cost=0.00..796071.18 rows=24 width=4) (actual time=9274.229..10726.467 rows=7 loops=1)
        Filter: ((person_id = 351448) AND (role_id = 8))
        Rows Removed by Filter: 36244337
  ->  Index Only Scan using title_pkey on title t  (cost=0.43..8.45 rows=1 width=4) (actual time=0.038..0.039 rows=1 loops=7)
        Index Cond: (id = ci.movie_id)
        Heap Fetches: 7
Planning time: 0.803 ms
Execution time: 10726.911 ms
