Hash Join  (cost=709678.15..1074363.23 rows=2915 width=0) (actual time=11037.236..18138.934 rows=285 loops=1)
  Hash Cond: (mi.movie_id = t.id)
  ->  Seq Scan on movie_info mi  (cost=0.00..309384.22 rows=14739122 width=4) (actual time=0.019..4444.500 rows=14835720 loops=1)
  ->  Hash  (cost=709671.90..709671.90 rows=500 width=8) (actual time=11020.433..11020.433 rows=23 loops=1)
        Buckets: 1024  Batches: 1  Memory Usage: 9kB
        ->  Nested Loop  (cost=0.43..709671.90 rows=500 width=8) (actual time=6127.511..11020.389 rows=23 loops=1)
              ->  Seq Scan on cast_info ci  (cost=0.00..705507.15 rows=500 width=4) (actual time=6127.315..11016.495 rows=23 loops=1)
                    Filter: (person_id = 2589138)
                    Rows Removed by Filter: 36244321
              ->  Index Only Scan using title_pkey on title t  (cost=0.43..8.32 rows=1 width=4) (actual time=0.164..0.164 rows=1 loops=23)
                    Index Cond: (id = ci.movie_id)
                    Heap Fetches: 23
Planning time: 1.196 ms
Execution time: 18139.208 ms
