Nested Loop  (cost=0.43..83071.67 rows=246 width=0) (actual time=0.118..1600.243 rows=2386 loops=1)
  ->  Seq Scan on movie_keyword mk  (cost=0.00..81003.12 rows=246 width=4) (actual time=0.071..1462.795 rows=2386 loops=1)
        Filter: (keyword_id = 232)
        Rows Removed by Filter: 4521544
  ->  Index Only Scan using title_pkey on title t  (cost=0.43..8.40 rows=1 width=4) (actual time=0.056..0.057 rows=1 loops=2386)
        Index Cond: (id = mk.movie_id)
        Heap Fetches: 2386
Planning time: 0.716 ms
Execution time: 1601.114 ms
