Seq Scan on movie_keyword mk  (cost=0.00..81003.12 rows=3540437 width=0) (actual time=0.016..1597.377 rows=3532508 loops=1)
  Filter: (keyword_id < 18655)
  Rows Removed by Filter: 991422
Planning time: 2.856 ms
Execution time: 2026.147 ms
