Seq Scan on title t  (cost=0.00..67604.59 rows=7437 width=0) (actual time=0.024..917.991 rows=11121 loops=1)
  Filter: (production_year = 1960)
  Rows Removed by Filter: 2517191
Planning time: 0.380 ms
Execution time: 920.641 ms
