Hash Join  (cost=190230.21..273345.84 rows=843973 width=0) (actual time=4457.673..7429.598 rows=2530314 loops=1)
  Hash Cond: (mc.movie_id = t.id)
  ->  Seq Scan on movie_companies mc  (cost=0.00..51404.11 rows=1546343 width=4) (actual time=0.011..1088.140 rows=1535721 loops=1)
        Filter: (company_id < 14490)
        Rows Removed by Filter: 1073408
  ->  Hash  (cost=167588.78..167588.78 rows=1380035 width=8) (actual time=4456.778..4456.778 rows=1380035 loops=1)
        Buckets: 131072  Batches: 32  Memory Usage: 2708kB
        ->  Hash Join  (cost=102767.86..167588.78 rows=1380035 width=8) (actual time=2082.912..4050.662 rows=1380035 loops=1)
              Hash Cond: (mi_idx.movie_id = t.id)
              ->  Seq Scan on movie_info_idx mi_idx  (cost=0.00..21735.35 rows=1380035 width=4) (actual time=0.021..470.195 rows=1380035 loops=1)
              ->  Hash  (cost=61283.27..61283.27 rows=2528527 width=4) (actual time=2081.170..2081.170 rows=2528312 loops=1)
                    Buckets: 131072  Batches: 64  Memory Usage: 2415kB
                    ->  Seq Scan on title t  (cost=0.00..61283.27 rows=2528527 width=4) (actual time=0.019..1236.992 rows=2528312 loops=1)
Planning time: 1.115 ms
Execution time: 7749.178 ms
