Hash Join  (cost=90416.96..461370.62 rows=531997 width=0) (actual time=3761.726..8059.891 rows=43080 loops=1)
  Hash Cond: (mi.movie_id = t.id)
  ->  Seq Scan on movie_info mi  (cost=0.00..346232.03 rows=1338312 width=4) (actual time=2077.459..5598.978 rows=1401902 loops=1)
        Filter: (info_type_id = 7)
        Rows Removed by Filter: 13433818
  ->  Hash  (cost=73925.90..73925.90 rows=1005124 width=4) (actual time=1683.128..1683.128 rows=1099095 loops=1)
        Buckets: 131072  Batches: 16  Memory Usage: 3453kB
        ->  Seq Scan on title t  (cost=0.00..73925.90 rows=1005124 width=4) (actual time=0.055..1347.622 rows=1099095 loops=1)
              Filter: ((production_year > 1994) AND (kind_id = 7))
              Rows Removed by Filter: 1429217
Planning time: 0.799 ms
Execution time: 8064.068 ms
