Hash Join  (cost=67697.55..162114.49 rows=10439 width=0) (actual time=1213.257..3242.415 rows=527 loops=1)
  Hash Cond: (mk.movie_id = t.id)
  ->  Seq Scan on movie_keyword mk  (cost=0.00..81003.12 rows=3549179 width=4) (actual time=0.025..1527.240 rows=3541702 loops=1)
        Filter: (keyword_id > 918)
        Rows Removed by Filter: 982228
  ->  Hash  (cost=67604.59..67604.59 rows=7437 width=4) (actual time=1195.833..1195.833 rows=2618 loops=1)
        Buckets: 8192  Batches: 1  Memory Usage: 157kB
        ->  Seq Scan on title t  (cost=0.00..67604.59 rows=7437 width=4) (actual time=697.228..1194.509 rows=2618 loops=1)
              Filter: (production_year = 1903)
              Rows Removed by Filter: 2525694
Planning time: 0.796 ms
Execution time: 3242.651 ms
