Hash Join  (cost=73977.76..825361.19 rows=59427 width=0) (actual time=1098.257..18005.845 rows=10776 loops=1)
  Hash Cond: (ci.movie_id = t.id)
  ->  Seq Scan on cast_info ci  (cost=0.00..614943.12 rows=36225612 width=4) (actual time=0.021..8880.956 rows=36244344 loops=1)
  ->  Hash  (cost=73925.90..73925.90 rows=4148 width=4) (actual time=1090.615..1090.615 rows=9434 loops=1)
        Buckets: 16384 (originally 8192)  Batches: 1 (originally 1)  Memory Usage: 460kB
        ->  Seq Scan on title t  (cost=0.00..73925.90 rows=4148 width=4) (actual time=309.658..1086.422 rows=9434 loops=1)
              Filter: ((kind_id < 7) AND (production_year < 1902))
              Rows Removed by Filter: 2518878
Planning time: 0.844 ms
Execution time: 18008.303 ms
