Hash Join  (cost=233212.83..777874.12 rows=6078136 width=0) (actual time=5687.344..18405.738 rows=2623853 loops=1)
  Hash Cond: (mi.movie_id = t.id)
  ->  Seq Scan on movie_info mi  (cost=0.00..309384.22 rows=14739122 width=4) (actual time=0.010..6260.385 rows=14835720 loops=1)
  ->  Hash  (cost=216104.86..216104.86 rows=1042717 width=8) (actual time=5011.313..5011.313 rows=259542 loops=1)
        Buckets: 131072  Batches: 16  Memory Usage: 1692kB
        ->  Hash Join  (cost=90416.96..216104.86 rows=1042717 width=8) (actual time=3454.369..4925.803 rows=259542 loops=1)
              Hash Cond: (mk.movie_id = t.id)
              ->  Seq Scan on movie_keyword mk  (cost=0.00..81003.12 rows=2623097 width=4) (actual time=0.017..1760.751 rows=2614497 loops=1)
                    Filter: (keyword_id > 3284)
                    Rows Removed by Filter: 1909433
              ->  Hash  (cost=73925.90..73925.90 rows=1005124 width=4) (actual time=1773.085..1773.085 rows=1099095 loops=1)
                    Buckets: 131072  Batches: 16  Memory Usage: 3453kB
                    ->  Seq Scan on title t  (cost=0.00..73925.90 rows=1005124 width=4) (actual time=115.262..1411.950 rows=1099095 loops=1)
                          Filter: ((production_year > 1994) AND (kind_id = 7))
                          Rows Removed by Filter: 1429217
Planning time: 1.218 ms
Execution time: 18701.658 ms
