Hash Join  (cost=113622.43..482071.03 rows=10199 width=0) (actual time=4057.148..8236.888 rows=13158 loops=1)
  Hash Cond: (mi.movie_id = t.id)
  ->  Seq Scan on movie_info mi  (cost=0.00..346232.03 rows=5897221 width=4) (actual time=2644.382..5950.979 rows=5884963 loops=1)
        Filter: (info_type_id < 7)
        Rows Removed by Filter: 8950757
  ->  Hash  (cost=113567.77..113567.77 rows=4373 width=8) (actual time=1351.481..1351.481 rows=4347 loops=1)
        Buckets: 8192  Batches: 1  Memory Usage: 234kB
        ->  Nested Loop  (cost=0.43..113567.77 rows=4373 width=8) (actual time=160.511..1349.549 rows=4347 loops=1)
              ->  Seq Scan on movie_keyword mk  (cost=0.00..81003.12 rows=4373 width=4) (actual time=160.424..1291.210 rows=4347 loops=1)
                    Filter: (keyword_id = 18607)
                    Rows Removed by Filter: 4519583
              ->  Index Only Scan using title_pkey on title t  (cost=0.43..7.44 rows=1 width=4) (actual time=0.013..0.013 rows=1 loops=4347)
                    Index Cond: (id = mk.movie_id)
                    Heap Fetches: 4347
Planning time: 0.830 ms
Execution time: 8238.679 ms
