Hash Join  (cost=160190.47..241519.95 rows=455497 width=0) (actual time=3749.938..6384.998 rows=1354809 loops=1)
  Hash Cond: (mc.movie_id = t.id)
  ->  Seq Scan on movie_companies mc  (cost=0.00..44881.29 rows=2609129 width=4) (actual time=0.021..959.771 rows=2609129 loops=1)
  ->  Hash  (cost=152947.66..152947.66 rows=441425 width=8) (actual time=3749.123..3749.123 rows=459865 loops=1)
        Buckets: 131072  Batches: 8  Memory Usage: 3275kB
        ->  Hash Join  (cost=107928.35..152947.66 rows=441425 width=8) (actual time=2325.955..3607.431 rows=459865 loops=1)
              Hash Cond: (mi_idx.movie_id = t.id)
              ->  Seq Scan on movie_info_idx mi_idx  (cost=0.00..25185.44 rows=454124 width=4) (actual time=0.018..490.393 rows=459925 loops=1)
                    Filter: (info_type_id = 100)
                    Rows Removed by Filter: 920110
              ->  Hash  (cost=67604.59..67604.59 rows=2457821 width=4) (actual time=2324.932..2324.932 rows=2456218 loops=1)
                    Buckets: 131072  Batches: 64  Memory Usage: 2375kB
                    ->  Seq Scan on title t  (cost=0.00..67604.59 rows=2457821 width=4) (actual time=0.012..1503.794 rows=2456218 loops=1)
                          Filter: (production_year > 0)
                          Rows Removed by Filter: 72094
Planning time: 1.141 ms
Execution time: 6541.667 ms
