Hash Join  (cost=73982.55..871234.11 rows=561 width=0) (actual time=4087.523..13342.835 rows=9501 loops=1)
  Hash Cond: (ci.movie_id = t.id)
  ->  Seq Scan on cast_info ci  (cost=0.00..796071.18 rows=313270 width=4) (actual time=2859.794..11606.198 rows=2378733 loops=1)
        Filter: ((person_id > 3548318) AND (role_id = 10))
        Rows Removed by Filter: 33865611
  ->  Hash  (cost=73925.90..73925.90 rows=4532 width=4) (actual time=1227.280..1227.280 rows=11588 loops=1)
        Buckets: 16384 (originally 8192)  Batches: 1 (originally 1)  Memory Usage: 536kB
        ->  Seq Scan on title t  (cost=0.00..73925.90 rows=4532 width=4) (actual time=166.208..1221.699 rows=11588 loops=1)
              Filter: ((kind_id = 7) AND (production_year = 1986))
              Rows Removed by Filter: 2516724
Planning time: 0.842 ms
Execution time: 13344.575 ms
