Hash Join  (cost=102767.86..191447.41 rows=867484 width=0) (actual time=2192.713..4096.597 rows=683624 loops=1)
  Hash Cond: (mc.movie_id = t.id)
  ->  Seq Scan on movie_companies mc  (cost=0.00..57926.93 rows=867484 width=4) (actual time=206.862..1175.765 rows=683624 loops=1)
        Filter: ((company_id > 2135) AND (company_type_id < 2))
        Rows Removed by Filter: 1925505
  ->  Hash  (cost=61283.27..61283.27 rows=2528527 width=4) (actual time=1984.022..1984.022 rows=2528312 loops=1)
        Buckets: 131072  Batches: 64  Memory Usage: 2415kB
        ->  Seq Scan on title t  (cost=0.00..61283.27 rows=2528527 width=4) (actual time=0.014..1141.873 rows=2528312 loops=1)
Planning time: 0.453 ms
Execution time: 4176.856 ms
