Seq Scan on movie_companies mc  (cost=0.00..51404.11 rows=104 width=0) (actual time=105.305..841.818 rows=583 loops=1)
  Filter: (company_id = 11675)
  Rows Removed by Filter: 2608546
Planning time: 0.878 ms
Execution time: 842.063 ms
