Hash Join  (cost=234070.62..827676.36 rows=5785897 width=0) (actual time=5872.806..20869.938 rows=2459401 loops=1)
  Hash Cond: (mi.movie_id = t.id)
  ->  Seq Scan on movie_info mi  (cost=0.00..346232.03 rows=14483353 width=4) (actual time=0.007..7539.689 rows=14528932 loops=1)
        Filter: (info_type_id < 106)
        Rows Removed by Filter: 306788
  ->  Hash  (cost=217498.23..217498.23 rows=1010111 width=8) (actual time=5508.344..5508.344 rows=220988 loops=1)
        Buckets: 131072  Batches: 16  Memory Usage: 1543kB
        ->  Hash Join  (cost=83189.08..217498.23 rows=1010111 width=8) (actual time=4190.829..5442.009 rows=220988 loops=1)
              Hash Cond: (mk.movie_id = t.id)
              ->  Seq Scan on movie_keyword mk  (cost=0.00..69693.30 rows=4523930 width=4) (actual time=0.013..1354.873 rows=4523930 loops=1)
              ->  Hash  (cost=73925.90..73925.90 rows=564574 width=4) (actual time=1445.687..1445.687 rows=454234 loops=1)
                    Buckets: 131072  Batches: 8  Memory Usage: 3010kB
                    ->  Seq Scan on title t  (cost=0.00..73925.90 rows=564574 width=4) (actual time=0.017..1300.729 rows=454234 loops=1)
                          Filter: ((production_year < 1998) AND (kind_id = 7))
                          Rows Removed by Filter: 2074078
Planning time: 0.964 ms
Execution time: 21157.471 ms
