Seq Scan on movie_keyword mk  (cost=0.00..81003.12 rows=1301533 width=0) (actual time=0.011..1444.862 rows=1306212 loops=1)
  Filter: (keyword_id < 1714)
  Rows Removed by Filter: 3217718
Planning time: 0.318 ms
Execution time: 1611.901 ms
