Seq Scan on title t  (cost=0.00..73925.90 rows=2905 width=0) (actual time=0.089..3021.186 rows=5291 loops=1)
  Filter: ((kind_id < 7) AND (production_year = 1966))
  Rows Removed by Filter: 2523021
Planning time: 0.378 ms
Execution time: 3022.733 ms
