Hash Join  (cost=126036.00..252474.19 rows=364115 width=0) (actual time=3354.433..6664.863 rows=979199 loops=1)
  Hash Cond: (mk.movie_id = t.id)
  ->  Seq Scan on movie_keyword mk  (cost=0.00..69693.30 rows=4523930 width=4) (actual time=0.008..1397.059 rows=4523930 loops=1)
  ->  Hash  (cost=122697.10..122697.10 rows=203512 width=8) (actual time=3353.435..3353.435 rows=162856 loops=1)
        Buckets: 131072  Batches: 4  Memory Usage: 2617kB
        ->  Hash Join  (cost=85777.42..122697.10 rows=203512 width=8) (actual time=1684.535..3298.795 rows=162856 loops=1)
              Hash Cond: (mi_idx.movie_id = t.id)
              ->  Seq Scan on movie_info_idx mi_idx  (cost=0.00..25185.44 rows=464566 width=4) (actual time=0.025..520.437 rows=459925 loops=1)
                    Filter: (info_type_id = 101)
                    Rows Removed by Filter: 920110
              ->  Hash  (cost=67604.59..67604.59 rows=1107667 width=4) (actual time=1683.846..1683.846 rows=1107925 loops=1)
                    Buckets: 131072  Batches: 16  Memory Usage: 3460kB
                    ->  Seq Scan on title t  (cost=0.00..67604.59 rows=1107667 width=4) (actual time=0.013..1331.153 rows=1107925 loops=1)
                          Filter: (production_year > 2004)
                          Rows Removed by Filter: 1420387
Planning time: 1.188 ms
Execution time: 6776.399 ms
