Hash Join  (cost=102079.78..468332.08 rows=159636 width=0) (actual time=3897.095..22522.040 rows=352461 loops=1)
  Hash Cond: (mi.movie_id = t.id)
  ->  Seq Scan on movie_info mi  (cost=0.00..309384.22 rows=14739122 width=4) (actual time=0.010..13868.375 rows=14835720 loops=1)
  ->  Hash  (cost=101737.46..101737.46 rows=27386 width=8) (actual time=3896.800..3896.800 rows=31830 loops=1)
        Buckets: 32768  Batches: 1  Memory Usage: 1500kB
        ->  Hash Join  (cost=74553.12..101737.46 rows=27386 width=8) (actual time=2676.967..3885.944 rows=31830 loops=1)
              Hash Cond: (mi_idx.movie_id = t.id)
              ->  Seq Scan on movie_info_idx mi_idx  (cost=0.00..21735.35 rows=1380035 width=4) (actual time=0.014..802.255 rows=1380035 loops=1)
              ->  Hash  (cost=73925.90..73925.90 rows=50177 width=4) (actual time=2676.565..2676.565 rows=64542 loops=1)
                    Buckets: 65536  Batches: 1  Memory Usage: 2782kB
                    ->  Seq Scan on title t  (cost=0.00..73925.90 rows=50177 width=4) (actual time=77.746..2647.419 rows=64542 loops=1)
                          Filter: ((production_year > 2004) AND (kind_id = 4))
                          Rows Removed by Filter: 2463770
Planning time: 1.690 ms
Execution time: 22609.349 ms
