Seq Scan on movie_companies mc  (cost=0.00..51404.11 rows=832171 width=0) (actual time=0.026..2288.477 rows=825719 loops=1)
  Filter: (company_id < 2020)
  Rows Removed by Filter: 1783410
Planning time: 0.283 ms
Execution time: 2408.358 ms
