Hash Join  (cost=533344.97..1502713.33 rows=9354592 width=0) (actual time=10881.664..37091.035 rows=18045964 loops=1)
  Hash Cond: (ci.movie_id = t.id)
  ->  Seq Scan on cast_info ci  (cost=0.00..705507.15 rows=12726058 width=4) (actual time=0.017..14938.612 rows=12670688 loops=1)
        Filter: (role_id = 1)
        Rows Removed by Filter: 23573656
  ->  Hash  (cost=502850.80..502850.80 rows=1858654 width=8) (actual time=10880.970..10880.970 rows=1982253 loops=1)
        Buckets: 131072  Batches: 32  Memory Usage: 3444kB
        ->  Hash Join  (cost=92735.26..502850.80 rows=1858654 width=8) (actual time=2033.343..10308.508 rows=1982253 loops=1)
              Hash Cond: (mi.movie_id = t.id)
              ->  Seq Scan on movie_info mi  (cost=0.00..346232.03 rows=3068194 width=4) (actual time=254.601..5902.274 rows=3036719 loops=1)
                    Filter: (info_type_id = 16)
                    Rows Removed by Filter: 11799001
              ->  Hash  (cost=67604.59..67604.59 rows=1531734 width=4) (actual time=1777.278..1777.278 rows=1531613 loops=1)
                    Buckets: 131072  Batches: 32  Memory Usage: 2716kB
                    ->  Seq Scan on title t  (cost=0.00..67604.59 rows=1531734 width=4) (actual time=0.023..1276.907 rows=1531613 loops=1)
                          Filter: (production_year > 1997)
                          Rows Removed by Filter: 996699
Planning time: 1.145 ms
Execution time: 39102.410 ms
