Nested Loop  (cost=0.43..709671.90 rows=500 width=0) (actual time=27190.020..32092.737 rows=531 loops=1)
  ->  Seq Scan on cast_info ci  (cost=0.00..705507.15 rows=500 width=4) (actual time=27189.870..32058.063 rows=531 loops=1)
        Filter: (person_id = 612555)
        Rows Removed by Filter: 36243813
  ->  Index Only Scan using title_pkey on title t  (cost=0.43..8.32 rows=1 width=4) (actual time=0.064..0.064 rows=1 loops=531)
        Index Cond: (id = ci.movie_id)
        Heap Fetches: 531
Planning time: 3.398 ms
Execution time: 32092.960 ms
