Hash Join  (cost=217383.23..260567.63 rows=320092 width=0) (actual time=4474.137..5898.662 rows=1216433 loops=1)
  Hash Cond: (mi_idx.movie_id = t.id)
  ->  Seq Scan on movie_info_idx mi_idx  (cost=0.00..21735.35 rows=1380035 width=4) (actual time=0.021..507.323 rows=1380035 loops=1)
  ->  Hash  (cost=207761.25..207761.25 rows=586478 width=8) (actual time=4473.327..4473.327 rows=590840 loops=1)
        Buckets: 131072  Batches: 8  Memory Usage: 3946kB
        ->  Hash Join  (cost=102767.86..207761.25 rows=586478 width=8) (actual time=2086.490..4322.697 rows=590840 loops=1)
              Hash Cond: (mk.movie_id = t.id)
              ->  Seq Scan on movie_keyword mk  (cost=0.00..81003.12 rows=586478 width=4) (actual time=0.013..1415.956 rows=590840 loops=1)
                    Filter: (keyword_id < 430)
                    Rows Removed by Filter: 3933090
              ->  Hash  (cost=61283.27..61283.27 rows=2528527 width=4) (actual time=2084.603..2084.603 rows=2528312 loops=1)
                    Buckets: 131072  Batches: 64  Memory Usage: 2425kB
                    ->  Seq Scan on title t  (cost=0.00..61283.27 rows=2528527 width=4) (actual time=0.027..1231.891 rows=2528312 loops=1)
Planning time: 1.313 ms
Execution time: 6028.519 ms
