Hash Join  (cost=85777.42..161184.91 rows=540636 width=0) (actual time=5187.290..10497.235 rows=470913 loops=1)
  Hash Cond: (mc.movie_id = t.id)
  ->  Seq Scan on movie_companies mc  (cost=0.00..51404.11 rows=1234136 width=4) (actual time=0.022..3467.942 rows=1245787 loops=1)
        Filter: (company_id > 11705)
        Rows Removed by Filter: 1363342
  ->  Hash  (cost=67604.59..67604.59 rows=1107667 width=4) (actual time=5182.266..5182.266 rows=1107925 loops=1)
        Buckets: 131072  Batches: 16  Memory Usage: 3460kB
        ->  Seq Scan on title t  (cost=0.00..67604.59 rows=1107667 width=4) (actual time=0.020..4638.032 rows=1107925 loops=1)
              Filter: (production_year > 2004)
              Rows Removed by Filter: 1420387
Planning time: 0.586 ms
Execution time: 10554.921 ms
