Hash Join  (cost=454632.53..1296815.00 rows=319327 width=0) (actual time=23218.341..65968.262 rows=1527181 loops=1)
  Hash Cond: (ci.movie_id = t.id)
  ->  Seq Scan on cast_info ci  (cost=0.00..705507.15 rows=9468168 width=4) (actual time=0.011..36743.596 rows=9384703 loops=1)
        Filter: (role_id > 4)
        Rows Removed by Filter: 26859641
  ->  Hash  (cost=453232.55..453232.55 rows=85278 width=8) (actual time=23216.400..23216.400 rows=119225 loops=1)
        Buckets: 131072  Batches: 2  Memory Usage: 3393kB
        ->  Hash Join  (cost=74242.71..453232.55 rows=85278 width=8) (actual time=3542.950..23137.800 rows=119225 loops=1)
              Hash Cond: (mi.movie_id = t.id)
              ->  Seq Scan on movie_info mi  (cost=0.00..346232.03 rows=8508011 width=4) (actual time=0.017..17221.075 rows=8612226 loops=1)
                    Filter: (info_type_id < 9)
                    Rows Removed by Filter: 6223494
              ->  Hash  (cost=73925.90..73925.90 rows=25344 width=4) (actual time=3442.828..3442.828 rows=15457 loops=1)
                    Buckets: 32768  Batches: 1  Memory Usage: 800kB
                    ->  Seq Scan on title t  (cost=0.00..73925.90 rows=25344 width=4) (actual time=0.018..3435.313 rows=15457 loops=1)
                          Filter: ((kind_id = 1) AND (production_year = 2005))
                          Rows Removed by Filter: 2512855
Planning time: 1.663 ms
Execution time: 66234.461 ms
