Hash Join  (cost=58358.58..423014.80 rows=29 width=0) (actual time=6201.671..21932.040 rows=15 loops=1)
  Hash Cond: (mi.movie_id = t.id)
  ->  Seq Scan on movie_info mi  (cost=0.00..309384.22 rows=14739122 width=4) (actual time=0.009..15511.182 rows=14835720 loops=1)
  ->  Hash  (cost=58358.52..58358.52 rows=5 width=8) (actual time=2855.146..2855.146 rows=1 loops=1)
        Buckets: 1024  Batches: 1  Memory Usage: 9kB
        ->  Nested Loop  (cost=0.43..58358.52 rows=5 width=8) (actual time=806.286..2855.136 rows=1 loops=1)
              ->  Seq Scan on movie_companies mc  (cost=0.00..57926.93 rows=51 width=4) (actual time=16.332..2842.943 rows=69 loops=1)
                    Filter: ((company_type_id < 2) AND (company_id = 4226))
                    Rows Removed by Filter: 2609060
              ->  Index Scan using title_pkey on title t  (cost=0.43..8.45 rows=1 width=4) (actual time=0.175..0.175 rows=0 loops=69)
                    Index Cond: (id = mc.movie_id)
                    Filter: ((production_year < 1997) AND (kind_id = 1))
                    Rows Removed by Filter: 1
Planning time: 1.432 ms
Execution time: 21932.210 ms
