Hash Join  (cost=450312.70..1302480.17 rows=1081431 width=0) (actual time=24886.972..79176.696 rows=1424617 loops=1)
  Hash Cond: (ci.movie_id = t.id)
  ->  Seq Scan on cast_info ci  (cost=0.00..614943.12 rows=36225612 width=4) (actual time=0.028..38205.778 rows=36244344 loops=1)
  ->  Hash  (cost=449369.16..449369.16 rows=75483 width=8) (actual time=24885.709..24885.709 rows=60255 loops=1)
        Buckets: 131072  Batches: 1  Memory Usage: 3378kB
        ->  Hash Join  (cost=74243.85..449369.16 rows=75483 width=8) (actual time=3398.013..24844.131 rows=60255 loops=1)
              Hash Cond: (mi.movie_id = t.id)
              ->  Seq Scan on movie_info mi  (cost=0.00..346232.03 rows=7503588 width=4) (actual time=154.913..19184.633 rows=7548855 loops=1)
                    Filter: (info_type_id > 7)
                    Rows Removed by Filter: 7286865
              ->  Hash  (cost=73925.90..73925.90 rows=25436 width=4) (actual time=3241.653..3241.653 rows=28946 loops=1)
                    Buckets: 32768  Batches: 1  Memory Usage: 1274kB
                    ->  Seq Scan on title t  (cost=0.00..73925.90 rows=25436 width=4) (actual time=0.035..3224.557 rows=28946 loops=1)
                          Filter: ((kind_id > 2) AND (production_year = 1996))
                          Rows Removed by Filter: 2499366
Planning time: 1.170 ms
Execution time: 79431.937 ms
