Hash Join  (cost=83810.17..203995.50 rows=892009 width=0) (actual time=3415.970..10847.162 rows=1941078 loops=1)
  Hash Cond: (mk.movie_id = t.id)
  ->  Seq Scan on movie_keyword mk  (cost=0.00..81003.12 rows=2283495 width=4) (actual time=0.018..4442.292 rows=2289365 loops=1)
        Filter: (keyword_id > 4601)
        Rows Removed by Filter: 2234565
  ->  Hash  (cost=67604.59..67604.59 rows=987727 width=4) (actual time=3414.909..3414.909 rows=985048 loops=1)
        Buckets: 131072  Batches: 16  Memory Usage: 3197kB
        ->  Seq Scan on title t  (cost=0.00..67604.59 rows=987727 width=4) (actual time=0.010..3054.270 rows=985048 loops=1)
              Filter: (kind_id < 7)
              Rows Removed by Filter: 1543264
Planning time: 0.686 ms
Execution time: 11113.508 ms
