Hash Join  (cost=75580.59..199781.08 rows=180445 width=0) (actual time=3558.574..9052.762 rows=455471 loops=1)
  Hash Cond: (mk.movie_id = t.id)
  ->  Seq Scan on movie_keyword mk  (cost=0.00..69693.30 rows=4523930 width=4) (actual time=0.014..4208.756 rows=4523930 loops=1)
  ->  Hash  (cost=73925.90..73925.90 rows=100855 width=4) (actual time=2788.608..2788.608 rows=111586 loops=1)
        Buckets: 131072  Batches: 2  Memory Usage: 2988kB
        ->  Seq Scan on title t  (cost=0.00..73925.90 rows=100855 width=4) (actual time=437.619..2744.677 rows=111586 loops=1)
              Filter: ((production_year < 2012) AND (kind_id = 4))
              Rows Removed by Filter: 2416726
Planning time: 0.671 ms
Execution time: 9110.952 ms
