Hash Join  (cost=94072.72..1010336.63 rows=3413226 width=0) (actual time=7861.195..50222.841 rows=3576645 loops=1)
  Hash Cond: (ci.movie_id = t.id)
  ->  Seq Scan on cast_info ci  (cost=0.00..796071.18 rows=7028127 width=4) (actual time=2354.244..38266.799 rows=7451806 loops=1)
        Filter: ((person_id > 125492) AND (role_id = 2))
        Rows Removed by Filter: 28792538
  ->  Hash  (cost=73925.90..73925.90 rows=1227985 width=4) (actual time=5496.487..5496.487 rows=1197374 loops=1)
        Buckets: 131072  Batches: 32  Memory Usage: 2340kB
        ->  Seq Scan on title t  (cost=0.00..73925.90 rows=1227985 width=4) (actual time=0.024..5010.746 rows=1197374 loops=1)
              Filter: ((kind_id > 1) AND (production_year < 2008))
              Rows Removed by Filter: 1330938
Planning time: 2.159 ms
Execution time: 50623.973 ms
