Seq Scan on movie_keyword mk  (cost=0.00..81003.12 rows=2849276 width=0) (actual time=0.013..4368.195 rows=2840218 loops=1)
  Filter: (keyword_id > 2612)
  Rows Removed by Filter: 1683712
Planning time: 0.312 ms
Execution time: 4788.916 ms
