Hash Join  (cost=81055.23..206989.25 rows=559382 width=0) (actual time=5787.695..7646.021 rows=106458 loops=1)
  Hash Cond: (mk.movie_id = t.id)
  ->  Seq Scan on movie_keyword mk  (cost=0.00..81003.12 rows=3255220 width=4) (actual time=0.015..3168.936 rows=3246654 loops=1)
        Filter: (keyword_id < 13887)
        Rows Removed by Filter: 1277276
  ->  Hash  (cost=73925.90..73925.90 rows=434506 width=4) (actual time=3040.041..3040.041 rows=315167 loops=1)
        Buckets: 131072  Batches: 8  Memory Usage: 2403kB
        ->  Seq Scan on title t  (cost=0.00..73925.90 rows=434506 width=4) (actual time=418.505..2925.057 rows=315167 loops=1)
              Filter: ((production_year < 1991) AND (kind_id = 7))
              Rows Removed by Filter: 2213145
Planning time: 0.717 ms
Execution time: 7658.933 ms
