Hash Join  (cost=76742.47..132693.07 rows=56612 width=144) (actual time=2060.205..3180.275 rows=52590 loops=1)
  Hash Cond: (mi_idx.movie_id = t.id)
  ->  Seq Scan on movie_info_idx mi_idx  (cost=0.00..21735.35 rows=1380035 width=50) (actual time=0.019..488.378 rows=1380035 loops=1)
  ->  Hash  (cost=73925.90..73925.90 rows=103725 width=94) (actual time=2059.708..2059.708 rows=98992 loops=1)
        Buckets: 32768  Batches: 4  Memory Usage: 2897kB
        ->  Seq Scan on title t  (cost=0.00..73925.90 rows=103725 width=94) (actual time=0.011..1458.210 rows=98992 loops=1)
              Filter: ((kind_id < 2) AND (production_year > 2010))
              Rows Removed by Filter: 2429320
Planning time: 0.908 ms
Execution time: 3183.762 ms
