Seq Scan on movie_info mi  (cost=0.00..346232.03 rows=17937 width=0) (actual time=6235.962..15671.153 rows=6482 loops=1)
  Filter: (info_type_id = 54)
  Rows Removed by Filter: 14829238
Planning time: 1.008 ms
Execution time: 15672.217 ms
