Seq Scan on movie_keyword mk  (cost=0.00..81003.12 rows=246 width=0) (actual time=15.832..3720.981 rows=507 loops=1)
  Filter: (keyword_id = 71440)
  Rows Removed by Filter: 4523423
Planning time: 0.401 ms
Execution time: 3721.358 ms
