Seq Scan on movie_keyword mk  (cost=0.00..81003.12 rows=4502154 width=0) (actual time=0.008..4727.464 rows=4505563 loops=1)
  Filter: (keyword_id < 118523)
  Rows Removed by Filter: 18367
Planning time: 3.399 ms
Execution time: 5455.619 ms
