Hash Join  (cost=74426.67..171310.67 rows=64376 width=0) (actual time=3744.027..9172.462 rows=8287 loops=1)
  Hash Cond: (mk.movie_id = t.id)
  ->  Seq Scan on movie_keyword mk  (cost=0.00..81003.12 rows=4063232 width=4) (actual time=0.013..4609.063 rows=4052028 loops=1)
        Filter: (keyword_id > 355)
        Rows Removed by Filter: 471902
  ->  Hash  (cost=73925.90..73925.90 rows=40061 width=4) (actual time=3738.140..3738.140 rows=40120 loops=1)
        Buckets: 65536  Batches: 1  Memory Usage: 1923kB
        ->  Seq Scan on title t  (cost=0.00..73925.90 rows=40061 width=4) (actual time=520.776..3720.355 rows=40120 loops=1)
              Filter: ((kind_id = 7) AND (production_year = 2013))
              Rows Removed by Filter: 2488192
Planning time: 0.694 ms
Execution time: 9173.782 ms
