Hash Join  (cost=205750.16..571566.88 rows=274190 width=0) (actual time=15406.440..28507.398 rows=80837 loops=1)
  Hash Cond: (mi.movie_id = t.id)
  ->  Seq Scan on movie_info mi  (cost=0.00..346232.03 rows=1272478 width=4) (actual time=4140.586..16418.499 rows=1325361 loops=1)
        Filter: (info_type_id = 8)
        Rows Removed by Filter: 13510359
  ->  Hash  (cost=196810.66..196810.66 rows=544840 width=8) (actual time=11229.730..11229.730 rows=147798 loops=1)
        Buckets: 131072  Batches: 8  Memory Usage: 1757kB
        ->  Hash Join  (cost=92883.59..196810.66 rows=544840 width=8) (actual time=7559.263..11179.463 rows=147798 loops=1)
              Hash Cond: (mk.movie_id = t.id)
              ->  Seq Scan on movie_keyword mk  (cost=0.00..81003.12 rows=894109 width=4) (actual time=0.035..4286.734 rows=897896 loops=1)
                    Filter: (keyword_id > 20556)
                    Rows Removed by Filter: 3626034
              ->  Hash  (cost=67604.59..67604.59 rows=1540800 width=4) (actual time=5780.145..5780.145 rows=1543264 loops=1)
                    Buckets: 131072  Batches: 32  Memory Usage: 2728kB
                    ->  Seq Scan on title t  (cost=0.00..67604.59 rows=1540800 width=4) (actual time=37.690..4821.142 rows=1543264 loops=1)
                          Filter: (kind_id = 7)
                          Rows Removed by Filter: 985048
Planning time: 1.149 ms
Execution time: 28517.624 ms
