Nested Loop  (cost=0.43..83071.67 rows=246 width=0) (actual time=0.993..1373.484 rows=2087 loops=1)
  ->  Seq Scan on movie_keyword mk  (cost=0.00..81003.12 rows=246 width=4) (actual time=0.934..1290.599 rows=2087 loops=1)
        Filter: (keyword_id = 7477)
        Rows Removed by Filter: 4521843
  ->  Index Only Scan using title_pkey on title t  (cost=0.43..8.40 rows=1 width=4) (actual time=0.038..0.039 rows=1 loops=2087)
        Index Cond: (id = mk.movie_id)
        Heap Fetches: 2087
Planning time: 0.795 ms
Execution time: 1374.272 ms
