Hash Join  (cost=587806.18..1992464.20 rows=16014455 width=0) (actual time=34018.527..101836.396 rows=22860054 loops=1)
  Hash Cond: (ci.movie_id = t.id)
  ->  Seq Scan on cast_info ci  (cost=0.00..705507.15 rows=29963531 width=4) (actual time=0.018..43828.001 rows=30088345 loops=1)
        Filter: (person_id > 593880)
        Rows Removed by Filter: 6155999
  ->  Hash  (cost=565634.57..565634.57 rows=1351409 width=8) (actual time=34016.921..34016.921 rows=984589 loops=1)
        Buckets: 131072  Batches: 32  Memory Usage: 2195kB
        ->  Hash Join  (cost=71408.55..565634.57 rows=1351409 width=8) (actual time=3728.174..33651.822 rows=984589 loops=1)
              Hash Cond: (mi.movie_id = t.id)
              ->  Seq Scan on movie_info mi  (cost=0.00..309384.22 rows=14739122 width=4) (actual time=0.014..20482.886 rows=14835720 loops=1)
              ->  Hash  (cost=67604.59..67604.59 rows=231837 width=4) (actual time=3727.359..3727.359 rows=231649 loops=1)
                    Buckets: 131072  Batches: 4  Memory Usage: 3082kB
                    ->  Seq Scan on title t  (cost=0.00..67604.59 rows=231837 width=4) (actual time=0.021..3633.021 rows=231649 loops=1)
                          Filter: (production_year > 2011)
                          Rows Removed by Filter: 2296663
Planning time: 1.356 ms
Execution time: 104780.831 ms
