Hash Join  (cost=69484.36..911637.99 rows=172043 width=0) (actual time=3448.048..39245.280 rows=53157 loops=1)
  Hash Cond: (ci.movie_id = t.id)
  ->  Seq Scan on cast_info ci  (cost=0.00..796071.18 rows=3797870 width=4) (actual time=0.017..34900.247 rows=1742760 loops=1)
        Filter: ((person_id > 3255949) AND (role_id < 10))
        Rows Removed by Filter: 34501584
  ->  Hash  (cost=67604.59..67604.59 rows=114542 width=4) (actual time=3447.266..3447.266 rows=118234 loops=1)
        Buckets: 131072  Batches: 2  Memory Usage: 3101kB
        ->  Seq Scan on title t  (cost=0.00..67604.59 rows=114542 width=4) (actual time=610.703..3403.792 rows=118234 loops=1)
              Filter: (kind_id = 4)
              Rows Removed by Filter: 2410078
Planning time: 0.906 ms
Execution time: 39255.766 ms
