Seq Scan on movie_companies mc  (cost=0.00..57926.93 rows=53 width=0) (actual time=91.779..2622.842 rows=15 loops=1)
  Filter: ((company_type_id > 1) AND (company_id = 9422))
  Rows Removed by Filter: 2609114
Planning time: 0.320 ms
Execution time: 2622.940 ms
