Hash Join  (cost=74850.14..162831.06 rows=132288 width=0) (actual time=7013.964..8454.711 rows=169218 loops=1)
  Hash Cond: (mk.movie_id = t.id)
  ->  Seq Scan on movie_keyword mk  (cost=0.00..69693.30 rows=4523930 width=4) (actual time=0.016..3431.451 rows=4523930 loops=1)
  ->  Hash  (cost=73925.90..73925.90 rows=73939 width=4) (actual time=3796.665..3796.665 rows=77452 loops=1)
        Buckets: 131072  Batches: 1  Memory Usage: 3747kB
        ->  Seq Scan on title t  (cost=0.00..73925.90 rows=73939 width=4) (actual time=0.033..3762.994 rows=77452 loops=1)
              Filter: ((production_year < 2011) AND (kind_id = 2))
              Rows Removed by Filter: 2450860
Planning time: 0.686 ms
Execution time: 8491.995 ms
