Nested Loop  (cost=0.43..83072.90 rows=1 width=0) (actual time=114.160..4132.141 rows=55 loops=1)
  ->  Seq Scan on movie_keyword mk  (cost=0.00..81003.12 rows=246 width=4) (actual time=11.988..3613.397 rows=4196 loops=1)
        Filter: (keyword_id = 1578)
        Rows Removed by Filter: 4519734
  ->  Index Scan using title_pkey on title t  (cost=0.43..8.40 rows=1 width=4) (actual time=0.123..0.123 rows=0 loops=4196)
        Index Cond: (id = mk.movie_id)
        Filter: ((kind_id = 3) AND (production_year = 2011))
        Rows Removed by Filter: 1
Planning time: 0.809 ms
Execution time: 4132.306 ms
