Seq Scan on cast_info ci  (cost=0.00..705507.15 rows=27667041 width=0) (actual time=0.020..38684.113 rows=27691620 loops=1)
  Filter: (person_id < 2831965)
  Rows Removed by Filter: 8552724
Planning time: 0.386 ms
Execution time: 43208.512 ms
