Seq Scan on movie_companies mc  (cost=0.00..57926.93 rows=147517 width=0) (actual time=337.564..2401.070 rows=294909 loops=1)
  Filter: ((company_id > 94759) AND (company_type_id = 2))
  Rows Removed by Filter: 2314220
Planning time: 0.715 ms
Execution time: 2451.328 ms
