Hash Join  (cost=210831.80..1462329.89 rows=21191692 width=0) (actual time=11443.605..88403.863 rows=45960387 loops=1)
  Hash Cond: (ci.movie_id = t.id)
  ->  Seq Scan on cast_info ci  (cost=0.00..614943.12 rows=36225612 width=4) (actual time=0.014..41146.133 rows=36244344 loops=1)
  ->  Hash  (cost=186564.20..186564.20 rows=1479168 width=8) (actual time=11442.544..11442.544 rows=1217080 loops=1)
        Buckets: 131072  Batches: 32  Memory Usage: 2489kB
        ->  Hash Join  (cost=91123.00..186564.20 rows=1479168 width=8) (actual time=5481.579..11070.264 rows=1217080 loops=1)
              Hash Cond: (mc.movie_id = t.id)
              ->  Seq Scan on movie_companies mc  (cost=0.00..44881.29 rows=2609129 width=4) (actual time=0.016..3433.207 rows=2609129 loops=1)
              ->  Hash  (cost=67604.59..67604.59 rows=1433473 width=4) (actual time=5479.673..5479.673 rows=1434466 loops=1)
                    Buckets: 131072  Batches: 32  Memory Usage: 2600kB
                    ->  Seq Scan on title t  (cost=0.00..67604.59 rows=1433473 width=4) (actual time=0.021..4621.503 rows=1434466 loops=1)
                          Filter: (production_year > 1999)
                          Rows Removed by Filter: 1093846
Planning time: 1.096 ms
Execution time: 94192.956 ms
