Hash Join  (cost=102767.86..952511.49 rows=1819966 width=0) (actual time=23795.013..35062.608 rows=1579 loops=1)
  Hash Cond: (ci.movie_id = t.id)
  ->  Seq Scan on cast_info ci  (cost=0.00..796071.18 rows=1819966 width=4) (actual time=18502.986..29495.000 rows=1579 loops=1)
        Filter: ((person_id < 875876) AND (role_id = 2))
        Rows Removed by Filter: 36242765
  ->  Hash  (cost=61283.27..61283.27 rows=2528527 width=4) (actual time=5205.718..5205.718 rows=2528312 loops=1)
        Buckets: 131072  Batches: 64  Memory Usage: 2415kB
        ->  Seq Scan on title t  (cost=0.00..61283.27 rows=2528527 width=4) (actual time=0.018..3912.059 rows=2528312 loops=1)
Planning time: 0.719 ms
Execution time: 35062.929 ms
