Seq Scan on movie_keyword mk  (cost=0.00..81003.12 rows=1703432 width=0) (actual time=0.025..3415.070 rows=1710109 loops=1)
  Filter: (keyword_id < 2714)
  Rows Removed by Filter: 2813821
Planning time: 0.390 ms
Execution time: 3686.814 ms
