Hash Join  (cost=186314.88..743636.15 rows=7264636 width=0) (actual time=4211.136..22954.718 rows=19014589 loops=1)
  Hash Cond: (mi.movie_id = t.id)
  ->  Seq Scan on movie_info mi  (cost=0.00..309384.22 rows=14739122 width=4) (actual time=0.012..6137.012 rows=14835720 loops=1)
  ->  Hash  (cost=165867.59..165867.59 rows=1246263 width=8) (actual time=4209.871..4209.871 rows=1285243 loops=1)
        Buckets: 131072  Batches: 32  Memory Usage: 2611kB
        ->  Hash Join  (cost=105067.44..165867.59 rows=1246263 width=8) (actual time=2069.237..3849.524 rows=1285243 loops=1)
              Hash Cond: (mi_idx.movie_id = t.id)
              ->  Seq Scan on movie_info_idx mi_idx  (cost=0.00..21735.35 rows=1380035 width=4) (actual time=0.027..430.923 rows=1380035 loops=1)
              ->  Hash  (cost=67604.59..67604.59 rows=2283428 width=4) (actual time=2067.787..2067.787 rows=2275262 loops=1)
                    Buckets: 131072  Batches: 32  Memory Usage: 3527kB
                    ->  Seq Scan on title t  (cost=0.00..67604.59 rows=2283428 width=4) (actual time=0.011..1335.421 rows=2275262 loops=1)
                          Filter: (production_year > 1952)
                          Rows Removed by Filter: 253050
Planning time: 1.147 ms
Execution time: 24997.757 ms
