Hash Join  (cost=190230.21..301259.76 rows=789969 width=0) (actual time=9577.750..14818.701 rows=3293175 loops=1)
  Hash Cond: (mk.movie_id = t.id)
  ->  Seq Scan on movie_keyword mk  (cost=0.00..81003.12 rows=1447396 width=4) (actual time=0.016..3351.909 rows=1459003 loops=1)
        Filter: (keyword_id > 11400)
        Rows Removed by Filter: 3064927
  ->  Hash  (cost=167588.78..167588.78 rows=1380035 width=8) (actual time=9576.721..9576.721 rows=1380035 loops=1)
        Buckets: 131072  Batches: 32  Memory Usage: 2726kB
        ->  Hash Join  (cost=102767.86..167588.78 rows=1380035 width=8) (actual time=5486.399..9055.277 rows=1380035 loops=1)
              Hash Cond: (mi_idx.movie_id = t.id)
              ->  Seq Scan on movie_info_idx mi_idx  (cost=0.00..21735.35 rows=1380035 width=4) (actual time=0.021..1673.559 rows=1380035 loops=1)
              ->  Hash  (cost=61283.27..61283.27 rows=2528527 width=4) (actual time=5485.323..5485.323 rows=2528312 loops=1)
                    Buckets: 131072  Batches: 64  Memory Usage: 2415kB
                    ->  Seq Scan on title t  (cost=0.00..61283.27 rows=2528527 width=4) (actual time=0.023..4113.754 rows=2528312 loops=1)
Planning time: 1.121 ms
Execution time: 15241.853 ms
