Hash Join  (cost=1379086.48..2692297.91 rows=59431122 width=0) (actual time=67041.925..141340.666 rows=127711968 loops=1)
  Hash Cond: (mi.movie_id = t.id)
  ->  Seq Scan on movie_info mi  (cost=0.00..346232.03 rows=12928982 width=4) (actual time=0.018..24639.644 rows=12970088 loops=1)
        Filter: (info_type_id < 18)
        Rows Removed by Filter: 1865632
  ->  Hash  (cost=1188396.33..1188396.33 rows=11622972 width=8) (actual time=67039.542..67039.542 rows=13069074 loops=1)
        Buckets: 131072  Batches: 256  Memory Usage: 3096kB
        ->  Hash Join  (cost=102767.86..1188396.33 rows=11622972 width=8) (actual time=5751.879..62888.600 rows=13069074 loops=1)
              Hash Cond: (ci.movie_id = t.id)
              ->  Seq Scan on cast_info ci  (cost=0.00..796071.18 rows=11622972 width=4) (actual time=53.697..43285.223 rows=13069074 loops=1)
                    Filter: ((person_id < 1362298) AND (role_id < 9))
                    Rows Removed by Filter: 23175270
              ->  Hash  (cost=61283.27..61283.27 rows=2528527 width=4) (actual time=5649.758..5649.758 rows=2528312 loops=1)
                    Buckets: 131072  Batches: 64  Memory Usage: 2415kB
                    ->  Seq Scan on title t  (cost=0.00..61283.27 rows=2528527 width=4) (actual time=0.010..4607.608 rows=2528312 loops=1)
Planning time: 29.523 ms
Execution time: 156839.781 ms
