Hash Join  (cost=67697.55..156241.97 rows=5869 width=0) (actual time=3331.465..8476.380 rows=21863 loops=1)
  Hash Cond: (mk.movie_id = t.id)
  ->  Seq Scan on movie_keyword mk  (cost=0.00..81003.12 rows=1995361 width=4) (actual time=0.024..4724.311 rows=2004288 loops=1)
        Filter: (keyword_id > 6241)
        Rows Removed by Filter: 2519642
  ->  Hash  (cost=67604.59..67604.59 rows=7437 width=4) (actual time=3330.613..3330.613 rows=20122 loops=1)
        Buckets: 32768 (originally 8192)  Batches: 1 (originally 1)  Memory Usage: 964kB
        ->  Seq Scan on title t  (cost=0.00..67604.59 rows=7437 width=4) (actual time=0.023..3320.828 rows=20122 loops=1)
              Filter: (production_year = 1987)
              Rows Removed by Filter: 2508190
Planning time: 3.135 ms
Execution time: 8480.517 ms
