Seq Scan on cast_info ci  (cost=0.00..796071.18 rows=6025998 width=0) (actual time=58.468..41508.449 rows=10579082 loops=1)
  Filter: ((person_id > 2308490) AND (role_id > 2))
  Rows Removed by Filter: 25665262
Planning time: 0.401 ms
Execution time: 43319.125 ms
