Hash Join  (cost=500348.98..1322384.30 rows=1420482 width=0) (actual time=26689.447..66517.536 rows=1533621 loops=1)
  Hash Cond: (ci.movie_id = t.id)
  ->  Seq Scan on cast_info ci  (cost=0.00..705507.15 rows=7846468 width=4) (actual time=0.020..34661.709 rows=7712640 loops=1)
        Filter: (role_id > 6)
        Rows Removed by Filter: 28531704
  ->  Hash  (cost=492838.09..492838.09 rows=457751 width=8) (actual time=26686.743..26686.743 rows=480023 loops=1)
        Buckets: 131072  Batches: 8  Memory Usage: 3348kB
        ->  Hash Join  (cost=70716.09..492838.09 rows=457751 width=8) (actual time=3663.901..26472.784 rows=480023 loops=1)
              Hash Cond: (mi.movie_id = t.id)
              ->  Seq Scan on movie_info mi  (cost=0.00..346232.03 rows=6103325 width=4) (actual time=0.018..19429.418 rows=6083429 loops=1)
                    Filter: (info_type_id > 9)
                    Rows Removed by Filter: 8752291
              ->  Hash  (cost=67604.59..67604.59 rows=189640 width=4) (actual time=3663.143..3663.143 rows=187790 loops=1)
                    Buckets: 131072  Batches: 4  Memory Usage: 2679kB
                    ->  Seq Scan on title t  (cost=0.00..67604.59 rows=189640 width=4) (actual time=0.012..3315.129 rows=187790 loops=1)
                          Filter: (production_year < 1954)
                          Rows Removed by Filter: 2340522
Planning time: 1.111 ms
Execution time: 66772.525 ms
