Seq Scan on cast_info ci  (cost=0.00..796071.18 rows=10666548 width=0) (actual time=0.013..34671.770 rows=12088523 loops=1)
  Filter: ((person_id < 1324856) AND (role_id < 8))
  Rows Removed by Filter: 24155821
Planning time: 0.351 ms
Execution time: 36508.167 ms
