Seq Scan on movie_companies mc  (cost=0.00..57926.93 rows=733196 width=0) (actual time=3.202..3230.016 rows=953972 loops=1)
  Filter: ((company_id > 9701) AND (company_type_id > 1))
  Rows Removed by Filter: 1655157
Planning time: 0.315 ms
Execution time: 3391.900 ms
