Hash Join  (cost=102767.86..286787.18 rows=3870658 width=0) (actual time=5114.492..12531.084 rows=3869227 loops=1)
  Hash Cond: (mk.movie_id = t.id)
  ->  Seq Scan on movie_keyword mk  (cost=0.00..81003.12 rows=3870658 width=4) (actual time=0.035..3890.110 rows=3869227 loops=1)
        Filter: (keyword_id > 500)
        Rows Removed by Filter: 654703
  ->  Hash  (cost=61283.27..61283.27 rows=2528527 width=4) (actual time=5113.020..5113.020 rows=2528312 loops=1)
        Buckets: 131072  Batches: 64  Memory Usage: 2425kB
        ->  Seq Scan on title t  (cost=0.00..61283.27 rows=2528527 width=4) (actual time=0.014..3993.564 rows=2528312 loops=1)
Planning time: 0.832 ms
Execution time: 12942.826 ms
