Hash Join  (cost=97066.09..180720.16 rows=667245 width=0) (actual time=6266.199..10562.050 rows=1020487 loops=1)
  Hash Cond: (mc.movie_id = t.id)
  ->  Seq Scan on movie_companies mc  (cost=0.00..57926.93 rows=939538 width=4) (actual time=855.575..3567.206 rows=1240629 loops=1)
        Filter: ((company_id < 45697) AND (company_type_id = 1))
        Rows Removed by Filter: 1368500
  ->  Hash  (cost=67604.59..67604.59 rows=1795720 width=4) (actual time=5409.452..5409.452 rows=1794153 loops=1)
        Buckets: 131072  Batches: 32  Memory Usage: 2992kB
        ->  Seq Scan on title t  (cost=0.00..67604.59 rows=1795720 width=4) (actual time=0.027..4615.343 rows=1794153 loops=1)
              Filter: (production_year < 2009)
              Rows Removed by Filter: 734159
Planning time: 0.853 ms
Execution time: 10701.012 ms
