Seq Scan on movie_companies mc  (cost=0.00..57926.93 rows=619318 width=0) (actual time=223.500..3200.174 rows=888911 loops=1)
  Filter: ((company_id > 11941) AND (company_type_id = 2))
  Rows Removed by Filter: 1720218
Planning time: 0.399 ms
Execution time: 3351.413 ms
