Hash Join  (cost=124112.38..505888.18 rows=762 width=0) (actual time=3396.450..22990.458 rows=12682 loops=1)
  Hash Cond: (mi.movie_id = t.id)
  ->  Seq Scan on movie_info mi  (cost=0.00..346232.03 rows=9476311 width=4) (actual time=0.015..17813.872 rows=9565151 loops=1)
        Filter: (info_type_id < 16)
        Rows Removed by Filter: 5270569
  ->  Hash  (cost=124109.85..124109.85 rows=203 width=8) (actual time=3394.290..3394.290 rows=291 loops=1)
        Buckets: 1024  Batches: 1  Memory Usage: 20kB
        ->  Nested Loop  (cost=0.43..124109.85 rows=203 width=8) (actual time=9.840..3393.962 rows=291 loops=1)
              ->  Seq Scan on movie_keyword mk  (cost=0.00..81003.12 rows=6032 width=4) (actual time=0.037..2546.521 rows=6673 loops=1)
                    Filter: (keyword_id = 2879)
                    Rows Removed by Filter: 4517257
              ->  Index Scan using title_pkey on title t  (cost=0.43..7.14 rows=1 width=4) (actual time=0.126..0.126 rows=0 loops=6673)
                    Index Cond: (id = mk.movie_id)
                    Filter: (production_year = 2004)
                    Rows Removed by Filter: 1
Planning time: 1.138 ms
Execution time: 22993.037 ms
