Hash Join  (cost=160737.19..971957.80 rows=43281 width=0) (actual time=7817.941..49755.291 rows=284703 loops=1)
  Hash Cond: (ci.movie_id = t.id)
  ->  Seq Scan on cast_info ci  (cost=0.00..705507.15 rows=21056137 width=4) (actual time=0.018..35815.753 rows=21197342 loops=1)
        Filter: (person_id > 1484651)
        Rows Removed by Filter: 15047002
  ->  Hash  (cost=160672.23..160672.23 rows=5197 width=8) (actual time=7804.919..7804.919 rows=18749 loops=1)
        Buckets: 32768 (originally 8192)  Batches: 1 (originally 1)  Memory Usage: 989kB
        ->  Hash Join  (cost=73962.22..160672.23 rows=5197 width=8) (actual time=3431.108..7797.773 rows=18749 loops=1)
              Hash Cond: (mk.movie_id = t.id)
              ->  Seq Scan on movie_keyword mk  (cost=0.00..69693.30 rows=4523930 width=4) (actual time=0.022..3324.804 rows=4523930 loops=1)
              ->  Hash  (cost=73925.90..73925.90 rows=2905 width=4) (actual time=3430.653..3430.653 rows=2748 loops=1)
                    Buckets: 4096  Batches: 1  Memory Usage: 129kB
                    ->  Seq Scan on title t  (cost=0.00..73925.90 rows=2905 width=4) (actual time=18.745..3428.850 rows=2748 loops=1)
                          Filter: ((kind_id < 7) AND (production_year = 1951))
                          Rows Removed by Filter: 2525564
Planning time: 7.337 ms
Execution time: 49820.059 ms
