Seq Scan on movie_keyword mk  (cost=0.00..81003.12 rows=1292819 width=0) (actual time=0.023..1356.762 rows=1301858 loops=1)
  Filter: (keyword_id < 1699)
  Rows Removed by Filter: 3222072
Planning time: 0.338 ms
Execution time: 1518.526 ms
