Hash Join  (cost=160526.42..987149.17 rows=609089 width=0) (actual time=6697.463..18874.553 rows=2849034 loops=1)
  Hash Cond: (ci.movie_id = t.id)
  ->  Seq Scan on cast_info ci  (cost=0.00..796071.18 rows=1831383 width=4) (actual time=3427.812..12412.579 rows=5441657 loops=1)
        Filter: ((person_id > 2958509) AND (role_id > 4))
        Rows Removed by Filter: 30802687
  ->  Hash  (cost=146729.58..146729.58 rows=840947 width=8) (actual time=3268.227..3268.227 rows=425718 loops=1)
        Buckets: 131072  Batches: 16  Memory Usage: 2062kB
        ->  Hash Join  (cost=92883.59..146729.58 rows=840947 width=8) (actual time=1768.028..3163.717 rows=425718 loops=1)
              Hash Cond: (mi_idx.movie_id = t.id)
              ->  Seq Scan on movie_info_idx mi_idx  (cost=0.00..21735.35 rows=1380035 width=4) (actual time=0.013..453.506 rows=1380035 loops=1)
              ->  Hash  (cost=67604.59..67604.59 rows=1540800 width=4) (actual time=1766.503..1766.503 rows=1543264 loops=1)
                    Buckets: 131072  Batches: 32  Memory Usage: 2722kB
                    ->  Seq Scan on title t  (cost=0.00..67604.59 rows=1540800 width=4) (actual time=248.221..1269.013 rows=1543264 loops=1)
                          Filter: (kind_id = 7)
                          Rows Removed by Filter: 985048
Planning time: 1.156 ms
Execution time: 19197.544 ms
