Hash Join  (cost=102767.86..1446850.56 rows=22363909 width=0) (actual time=1888.281..42985.825 rows=23098751 loops=1)
  Hash Cond: (ci.movie_id = t.id)
  ->  Seq Scan on cast_info ci  (cost=0.00..796071.18 rows=22363909 width=4) (actual time=0.014..19362.454 rows=23098751 loops=1)
        Filter: ((person_id > 167065) AND (role_id > 1))
        Rows Removed by Filter: 13145593
  ->  Hash  (cost=61283.27..61283.27 rows=2528527 width=4) (actual time=1886.418..1886.418 rows=2528312 loops=1)
        Buckets: 131072  Batches: 64  Memory Usage: 2415kB
        ->  Seq Scan on title t  (cost=0.00..61283.27 rows=2528527 width=4) (actual time=0.019..1043.247 rows=2528312 loops=1)
Planning time: 0.747 ms
Execution time: 45811.459 ms
