Hash Join  (cost=156487.41..232066.82 rows=215886 width=0) (actual time=3183.891..5316.071 rows=770661 loops=1)
  Hash Cond: (mc.movie_id = t.id)
  ->  Seq Scan on movie_companies mc  (cost=0.00..57926.93 rows=1184163 width=4) (actual time=0.026..1268.721 rows=1274246 loops=1)
        Filter: ((company_id < 114895) AND (company_type_id < 2))
        Rows Removed by Filter: 1334883
  ->  Hash  (cost=148924.19..148924.19 rows=460978 width=8) (actual time=3183.064..3183.064 rows=459925 loops=1)
        Buckets: 131072  Batches: 8  Memory Usage: 3275kB
        ->  Hash Join  (cost=102767.86..148924.19 rows=460978 width=8) (actual time=1785.484..3055.385 rows=459925 loops=1)
              Hash Cond: (mi_idx.movie_id = t.id)
              ->  Seq Scan on movie_info_idx mi_idx  (cost=0.00..25185.44 rows=460978 width=4) (actual time=0.022..473.452 rows=459925 loops=1)
                    Filter: (info_type_id < 100)
                    Rows Removed by Filter: 920110
              ->  Hash  (cost=61283.27..61283.27 rows=2528527 width=4) (actual time=1784.140..1784.140 rows=2528312 loops=1)
                    Buckets: 131072  Batches: 64  Memory Usage: 2415kB
                    ->  Seq Scan on title t  (cost=0.00..61283.27 rows=2528527 width=4) (actual time=0.015..966.797 rows=2528312 loops=1)
Planning time: 1.191 ms
Execution time: 5409.112 ms
