Hash Join  (cost=225162.06..1135711.61 rows=3896310 width=0) (actual time=11556.185..31084.090 rows=21591636 loops=1)
  Hash Cond: (ci.movie_id = t.id)
  ->  Seq Scan on cast_info ci  (cost=0.00..705507.15 rows=12726058 width=4) (actual time=6095.857..13967.817 rows=12670688 loops=1)
        Filter: (role_id = 1)
        Rows Removed by Filter: 23573656
  ->  Hash  (cost=212460.13..212460.13 rows=774154 width=8) (actual time=5459.297..5459.297 rows=1119106 loops=1)
        Buckets: 131072  Batches: 16  Memory Usage: 3861kB
        ->  Hash Join  (cost=81025.55..212460.13 rows=774154 width=8) (actual time=1492.112..5111.262 rows=1119106 loops=1)
              Hash Cond: (mk.movie_id = t.id)
              ->  Seq Scan on movie_keyword mk  (cost=0.00..69693.30 rows=4523930 width=4) (actual time=0.026..1414.270 rows=4523930 loops=1)
              ->  Hash  (cost=73925.90..73925.90 rows=432692 width=4) (actual time=1491.418..1491.418 rows=368246 loops=1)
                    Buckets: 131072  Batches: 8  Memory Usage: 2646kB
                    ->  Seq Scan on title t  (cost=0.00..73925.90 rows=432692 width=4) (actual time=0.025..1214.464 rows=368246 loops=1)
                          Filter: ((kind_id < 7) AND (production_year > 2004))
                          Rows Removed by Filter: 2160066
Planning time: 1.144 ms
Execution time: 33567.795 ms
