Hash Join  (cost=464945.13..1288565.74 rows=805880 width=0) (actual time=23318.978..62010.008 rows=2928704 loops=1)
  Hash Cond: (ci.movie_id = t.id)
  ->  Seq Scan on cast_info ci  (cost=0.00..705507.15 rows=9445244 width=4) (actual time=0.024..32713.476 rows=9278398 loops=1)
        Filter: (person_id < 913639)
        Rows Removed by Filter: 26965946
  ->  Hash  (cost=461405.41..461405.41 rows=215737 width=8) (actual time=23318.089..23318.089 rows=359022 loops=1)
        Buckets: 131072 (originally 131072)  Batches: 8 (originally 4)  Memory Usage: 3073kB
        ->  Hash Join  (cost=76843.29..461405.41 rows=215737 width=8) (actual time=14521.011..23132.147 rows=359022 loops=1)
              Hash Cond: (mi.movie_id = t.id)
              ->  Seq Scan on movie_info mi  (cost=0.00..346232.03 rows=3068194 width=4) (actual time=10553.598..16962.993 rows=3036719 loops=1)
                    Filter: (info_type_id = 16)
                    Rows Removed by Filter: 11799001
              ->  Hash  (cost=73925.90..73925.90 rows=177791 width=4) (actual time=3963.510..3963.510 rows=282025 loops=1)
                    Buckets: 131072  Batches: 4  Memory Usage: 3514kB
                    ->  Seq Scan on title t  (cost=0.00..73925.90 rows=177791 width=4) (actual time=0.037..3829.801 rows=282025 loops=1)
                          Filter: ((kind_id < 7) AND (production_year < 1976))
                          Rows Removed by Filter: 2246287
Planning time: 1.254 ms
Execution time: 62412.187 ms
