Hash Join  (cost=101654.90..188471.32 rows=15838 width=0) (actual time=1467.712..3309.272 rows=87430 loops=1)
  Hash Cond: (mk.movie_id = t.id)
  ->  Seq Scan on movie_keyword mk  (cost=0.00..69693.30 rows=4523930 width=4) (actual time=0.020..1004.351 rows=4523930 loops=1)
  ->  Hash  (cost=101544.25..101544.25 rows=8852 width=8) (actual time=1467.501..1467.501 rows=11942 loops=1)
        Buckets: 16384  Batches: 1  Memory Usage: 595kB
        ->  Hash Join  (cost=74528.17..101544.25 rows=8852 width=8) (actual time=963.235..1462.640 rows=11942 loops=1)
              Hash Cond: (mi_idx.movie_id = t.id)
              ->  Seq Scan on movie_info_idx mi_idx  (cost=0.00..25185.44 rows=464566 width=4) (actual time=0.016..367.826 rows=459925 loops=1)
                    Filter: (info_type_id = 101)
                    Rows Removed by Filter: 920110
              ->  Hash  (cost=73925.90..73925.90 rows=48181 width=4) (actual time=962.874..962.874 rows=40899 loops=1)
                    Buckets: 65536  Batches: 1  Memory Usage: 1950kB
                    ->  Seq Scan on title t  (cost=0.00..73925.90 rows=48181 width=4) (actual time=0.029..945.754 rows=40899 loops=1)
                          Filter: ((kind_id < 4) AND (production_year = 2010))
                          Rows Removed by Filter: 2487413
Planning time: 1.168 ms
Execution time: 3320.763 ms
