Hash Join  (cost=128303.11..930339.63 rows=50087 width=0) (actual time=11127.467..15870.623 rows=115669 loops=1)
  Hash Cond: (ci.movie_id = t.id)
  ->  Seq Scan on cast_info ci  (cost=0.00..796071.18 rows=350255 width=4) (actual time=8377.906..12846.519 rows=476174 loops=1)
        Filter: ((person_id > 1855827) AND (role_id = 6))
        Rows Removed by Filter: 35768170
  ->  Hash  (cost=122370.28..122370.28 rows=361587 width=8) (actual time=2748.299..2748.299 rows=252549 loops=1)
        Buckets: 131072  Batches: 8  Memory Usage: 2244kB
        ->  Hash Join  (cost=78473.92..122370.28 rows=361587 width=8) (actual time=1418.594..2669.060 rows=252549 loops=1)
              Hash Cond: (mi_idx.movie_id = t.id)
              ->  Seq Scan on movie_info_idx mi_idx  (cost=0.00..21735.35 rows=1380035 width=4) (actual time=0.020..430.569 rows=1380035 loops=1)
              ->  Hash  (cost=67604.59..67604.59 rows=662507 width=4) (actual time=1417.640..1417.640 rows=662065 loops=1)
                    Buckets: 131072  Batches: 16  Memory Usage: 2481kB
                    ->  Seq Scan on title t  (cost=0.00..67604.59 rows=662507 width=4) (actual time=0.028..1200.235 rows=662065 loops=1)
                          Filter: (production_year > 2008)
                          Rows Removed by Filter: 1866247
Planning time: 1.804 ms
Execution time: 15884.455 ms
