Hash Join  (cost=84284.84..127890.17 rows=344585 width=0) (actual time=1477.820..2858.040 rows=625433 loops=1)
  Hash Cond: (mi_idx.movie_id = t.id)
  ->  Seq Scan on movie_info_idx mi_idx  (cost=0.00..21735.35 rows=1380035 width=4) (actual time=0.015..489.159 rows=1380035 loops=1)
  ->  Hash  (cost=73925.90..73925.90 rows=631355 width=4) (actual time=1476.937..1476.937 rows=634290 loops=1)
        Buckets: 131072  Batches: 16  Memory Usage: 2416kB
        ->  Seq Scan on title t  (cost=0.00..73925.90 rows=631355 width=4) (actual time=296.086..1282.677 rows=634290 loops=1)
              Filter: ((production_year < 2013) AND (kind_id = 1))
              Rows Removed by Filter: 1894022
Planning time: 0.819 ms
Execution time: 2933.900 ms
