Hash Join  (cost=199691.60..696314.06 rows=3401709 width=0) (actual time=4662.949..20472.160 rows=11207433 loops=1)
  Hash Cond: (mi.movie_id = t.id)
  ->  Seq Scan on movie_info mi  (cost=0.00..346232.03 rows=9767026 width=4) (actual time=0.009..6938.126 rows=9911754 loops=1)
        Filter: (info_type_id > 4)
        Rows Removed by Filter: 4923966
  ->  Hash  (cost=185242.50..185242.50 rows=880648 width=8) (actual time=4655.093..4655.093 rows=887934 loops=1)
        Buckets: 131072  Batches: 16  Memory Usage: 3217kB
        ->  Hash Join  (cost=102767.86..185242.50 rows=880648 width=8) (actual time=1946.191..4384.638 rows=887934 loops=1)
              Hash Cond: (mc.movie_id = t.id)
              ->  Seq Scan on movie_companies mc  (cost=0.00..51404.11 rows=880648 width=4) (actual time=0.022..1010.971 rows=887934 loops=1)
                    Filter: (company_id > 22309)
                    Rows Removed by Filter: 1721195
              ->  Hash  (cost=61283.27..61283.27 rows=2528527 width=4) (actual time=1944.220..1944.220 rows=2528312 loops=1)
                    Buckets: 131072  Batches: 64  Memory Usage: 2415kB
                    ->  Seq Scan on title t  (cost=0.00..61283.27 rows=2528527 width=4) (actual time=0.010..1071.573 rows=2528312 loops=1)
Planning time: 1.160 ms
Execution time: 21802.589 ms
