Hash Join  (cost=94206.67..243154.20 rows=2211649 width=0) (actual time=1948.630..6029.061 rows=1189642 loops=1)
  Hash Cond: (mk.movie_id = t.id)
  ->  Seq Scan on movie_keyword mk  (cost=0.00..69693.30 rows=4523930 width=4) (actual time=0.016..1507.253 rows=4523930 loops=1)
  ->  Hash  (cost=73925.90..73925.90 rows=1236141 width=4) (actual time=1947.813..1947.813 rows=1353520 loops=1)
        Buckets: 131072  Batches: 32  Memory Usage: 2525kB
        ->  Seq Scan on title t  (cost=0.00..73925.90 rows=1236141 width=4) (actual time=0.020..1484.881 rows=1353520 loops=1)
              Filter: ((kind_id > 1) AND (production_year > 1993))
              Rows Removed by Filter: 1174792
Planning time: 0.758 ms
Execution time: 6171.250 ms
