Hash Join  (cost=74537.05..442042.96 rows=284998 width=0) (actual time=1240.481..12862.200 rows=1404524 loops=1)
  Hash Cond: (mi.movie_id = t.id)
  ->  Seq Scan on movie_info mi  (cost=0.00..309384.22 rows=14739122 width=4) (actual time=0.012..4939.349 rows=14835720 loops=1)
  ->  Hash  (cost=73925.90..73925.90 rows=48892 width=4) (actual time=1239.996..1239.996 rows=127855 loops=1)
        Buckets: 131072 (originally 65536)  Batches: 2 (originally 1)  Memory Usage: 3266kB
        ->  Seq Scan on title t  (cost=0.00..73925.90 rows=48892 width=4) (actual time=58.154..1185.344 rows=127855 loops=1)
              Filter: ((kind_id < 7) AND (production_year < 1935))
              Rows Removed by Filter: 2400457
Planning time: 0.731 ms
Execution time: 13040.800 ms
