Hash Join  (cost=169956.99..554952.53 rows=213719 width=0) (actual time=3336.693..16162.978 rows=9420179 loops=1)
  Hash Cond: (mi.movie_id = t.id)
  ->  Seq Scan on movie_info mi  (cost=0.00..346232.03 rows=9767026 width=4) (actual time=264.939..6477.614 rows=9911754 loops=1)
        Filter: (info_type_id > 4)
        Rows Removed by Filter: 4923966
  ->  Hash  (cost=169265.39..169265.39 rows=55328 width=8) (actual time=2921.717..2921.717 rows=171699 loops=1)
        Buckets: 131072 (originally 65536)  Batches: 4 (originally 1)  Memory Usage: 3073kB
        ->  Hash Join  (cost=82581.58..169265.39 rows=55328 width=8) (actual time=1358.041..2859.404 rows=171699 loops=1)
              Hash Cond: (mk.movie_id = t.id)
              ->  Seq Scan on movie_keyword mk  (cost=0.00..81003.12 rows=265175 width=4) (actual time=0.041..1226.732 rows=266163 loops=1)
                    Filter: (keyword_id > 58874)
                    Rows Removed by Filter: 4257767
              ->  Hash  (cost=73925.90..73925.90 rows=527574 width=4) (actual time=1357.169..1357.169 rows=609532 loops=1)
                    Buckets: 131072  Batches: 8  Memory Usage: 3723kB
                    ->  Seq Scan on title t  (cost=0.00..73925.90 rows=527574 width=4) (actual time=0.026..1167.190 rows=609532 loops=1)
                          Filter: ((kind_id < 7) AND (production_year < 2005))
                          Rows Removed by Filter: 1918780
Planning time: 1.194 ms
Execution time: 17237.664 ms
