Hash Join  (cost=194614.27..274075.27 rows=319947 width=0) (actual time=3925.844..6033.095 rows=157160 loops=1)
  Hash Cond: (mc.movie_id = t.id)
  ->  Seq Scan on movie_companies mc  (cost=0.00..44881.29 rows=2609129 width=4) (actual time=0.013..965.199 rows=2609129 loops=1)
  ->  Hash  (cost=189526.49..189526.49 rows=310063 width=8) (actual time=3924.981..3924.981 rows=61601 loops=1)
        Buckets: 131072  Batches: 8  Memory Usage: 1327kB
        ->  Hash Join  (cost=92883.59..189526.49 rows=310063 width=8) (actual time=2862.018..3904.090 rows=61601 loops=1)
              Hash Cond: (mk.movie_id = t.id)
              ->  Seq Scan on movie_keyword mk  (cost=0.00..81003.12 rows=508829 width=4) (actual time=0.022..1374.623 rows=499758 loops=1)
                    Filter: (keyword_id > 36090)
                    Rows Removed by Filter: 4024172
              ->  Hash  (cost=67604.59..67604.59 rows=1540800 width=4) (actual time=1726.559..1726.559 rows=1543264 loops=1)
                    Buckets: 131072  Batches: 32  Memory Usage: 2728kB
                    ->  Seq Scan on title t  (cost=0.00..67604.59 rows=1540800 width=4) (actual time=0.025..1222.963 rows=1543264 loops=1)
                          Filter: (kind_id = 7)
                          Rows Removed by Filter: 985048
Planning time: 3.236 ms
Execution time: 6054.395 ms
