Seq Scan on movie_companies mc  (cost=0.00..51404.11 rows=2152235 width=0) (actual time=0.025..1017.521 rows=2155679 loops=1)
  Filter: (company_id > 377)
  Rows Removed by Filter: 453450
Planning time: 1.905 ms
Execution time: 1283.311 ms
