Hash Join  (cost=81152.82..147416.80 rows=172008 width=0) (actual time=1425.211..3656.890 rows=216106 loops=1)
  Hash Cond: (mc.movie_id = t.id)
  ->  Seq Scan on movie_companies mc  (cost=0.00..51404.11 rows=987411 width=4) (actual time=0.023..935.414 rows=988963 loops=1)
        Filter: (company_id < 4568)
        Rows Removed by Filter: 1620166
  ->  Hash  (cost=73925.90..73925.90 rows=440473 width=4) (actual time=1424.098..1424.098 rows=473918 loops=1)
        Buckets: 131072  Batches: 8  Memory Usage: 3117kB
        ->  Seq Scan on title t  (cost=0.00..73925.90 rows=440473 width=4) (actual time=137.026..1278.472 rows=473918 loops=1)
              Filter: ((production_year < 2008) AND (kind_id = 1))
              Rows Removed by Filter: 2054394
Planning time: 0.780 ms
Execution time: 3681.949 ms
