Hash Join  (cost=162540.23..915921.09 rows=238704 width=0) (actual time=3059.443..16263.510 rows=118436 loops=1)
  Hash Cond: (ci.movie_id = t.id)
  ->  Seq Scan on cast_info ci  (cost=0.00..705507.15 rows=9097339 width=4) (actual time=0.022..10959.871 rows=8967964 loops=1)
        Filter: (person_id < 882292)
        Rows Removed by Filter: 27276380
  ->  Hash  (cost=161710.92..161710.92 rows=66345 width=8) (actual time=3054.097..3054.097 rows=15604 loops=1)
        Buckets: 131072  Batches: 1  Memory Usage: 1634kB
        ->  Hash Join  (cost=74389.43..161710.92 rows=66345 width=8) (actual time=2388.452..3048.860 rows=15604 loops=1)
              Hash Cond: (mk.movie_id = t.id)
              ->  Seq Scan on movie_keyword mk  (cost=0.00..69693.30 rows=4523930 width=4) (actual time=0.015..1003.810 rows=4523930 loops=1)
              ->  Hash  (cost=73925.90..73925.90 rows=37082 width=4) (actual time=1184.294..1184.294 rows=41935 loops=1)
                    Buckets: 65536  Batches: 1  Memory Usage: 1987kB
                    ->  Seq Scan on title t  (cost=0.00..73925.90 rows=37082 width=4) (actual time=171.825..1166.752 rows=41935 loops=1)
                          Filter: ((kind_id = 7) AND (production_year = 2002))
                          Rows Removed by Filter: 2486377
Planning time: 1.166 ms
Execution time: 16279.506 ms
