Seq Scan on movie_companies mc  (cost=0.00..51404.11 rows=2417033 width=0) (actual time=0.023..1135.075 rows=2417919 loops=1)
  Filter: (company_id > 49)
  Rows Removed by Filter: 191210
Planning time: 0.320 ms
Execution time: 1442.316 ms
