Seq Scan on cast_info ci  (cost=0.00..796071.18 rows=13564466 width=0) (actual time=2582.477..15276.771 rows=11641064 loops=1)
  Filter: ((person_id > 1546434) AND (role_id < 4))
  Rows Removed by Filter: 24603280
Planning time: 0.266 ms
Execution time: 16719.821 ms
