Seq Scan on movie_companies mc  (cost=0.00..57926.93 rows=51 width=0) (actual time=639.848..1002.920 rows=1 loops=1)
  Filter: ((company_type_id < 2) AND (company_id = 2648))
  Rows Removed by Filter: 2609128
Planning time: 0.253 ms
Execution time: 1003.004 ms
