Hash Join  (cost=58358.90..140561.69 rows=6 width=0) (actual time=911.292..2126.279 rows=72 loops=1)
  Hash Cond: (mk.movie_id = t.id)
  ->  Seq Scan on movie_keyword mk  (cost=0.00..81003.12 rows=319894 width=4) (actual time=107.162..1295.382 rows=316460 loops=1)
        Filter: (keyword_id > 51569)
        Rows Removed by Filter: 4207470
  ->  Hash  (cost=58358.27..58358.27 rows=51 width=8) (actual time=784.918..784.918 rows=161 loops=1)
        Buckets: 1024  Batches: 1  Memory Usage: 15kB
        ->  Nested Loop  (cost=0.43..58358.27 rows=51 width=8) (actual time=1.800..784.776 rows=161 loops=1)
              ->  Seq Scan on movie_companies mc  (cost=0.00..57926.93 rows=51 width=4) (actual time=1.737..779.705 rows=161 loops=1)
                    Filter: ((company_id = 438) AND (company_type_id = 1))
                    Rows Removed by Filter: 2608968
              ->  Index Only Scan using title_pkey on title t  (cost=0.43..8.45 rows=1 width=4) (actual time=0.029..0.030 rows=1 loops=161)
                    Index Cond: (id = mc.movie_id)
                    Heap Fetches: 161
Planning time: 1.184 ms
Execution time: 2126.418 ms
