Seq Scan on movie_keyword mk  (cost=0.00..81003.12 rows=3320458 width=0) (actual time=0.014..1580.838 rows=3321090 loops=1)
  Filter: (keyword_id > 1500)
  Rows Removed by Filter: 1202840
Planning time: 0.277 ms
Execution time: 1998.652 ms
