Hash Join  (cost=73962.22..825167.57 rows=41619 width=0) (actual time=1152.830..18196.224 rows=53560 loops=1)
  Hash Cond: (ci.movie_id = t.id)
  ->  Seq Scan on cast_info ci  (cost=0.00..614943.12 rows=36225612 width=4) (actual time=0.023..9429.449 rows=36244344 loops=1)
  ->  Hash  (cost=73925.90..73925.90 rows=2905 width=4) (actual time=1152.020..1152.020 rows=3178 loops=1)
        Buckets: 4096  Batches: 1  Memory Usage: 144kB
        ->  Seq Scan on title t  (cost=0.00..73925.90 rows=2905 width=4) (actual time=0.025..1150.244 rows=3178 loops=1)
              Filter: ((kind_id < 7) AND (production_year = 1954))
              Rows Removed by Filter: 2525134
Planning time: 0.772 ms
Execution time: 18207.961 ms
