Seq Scan on movie_companies mc  (cost=0.00..51404.11 rows=104 width=0) (actual time=1.678..763.315 rows=925 loops=1)
  Filter: (company_id = 7340)
  Rows Removed by Filter: 2608204
Planning time: 0.406 ms
Execution time: 763.640 ms
