Seq Scan on cast_info ci  (cost=0.00..705507.15 rows=500 width=0) (actual time=9564.348..11659.942 rows=169 loops=1)
  Filter: (person_id = 920065)
  Rows Removed by Filter: 36244175
Planning time: 0.454 ms
Execution time: 11660.055 ms
