Nested Loop  (cost=0.43..87780.33 rows=323 width=0) (actual time=20.429..853.352 rows=126 loops=1)
  ->  Seq Scan on movie_companies mc  (cost=0.00..51404.11 rows=4957 width=4) (actual time=0.830..774.603 rows=3722 loops=1)
        Filter: (company_id = 164)
        Rows Removed by Filter: 2605407
  ->  Index Scan using title_pkey on title t  (cost=0.43..7.33 rows=1 width=4) (actual time=0.021..0.021 rows=0 loops=3722)
        Index Cond: (id = mc.movie_id)
        Filter: (production_year = 2012)
        Rows Removed by Filter: 1
Planning time: 0.749 ms
Execution time: 853.495 ms
