Seq Scan on movie_keyword mk  (cost=0.00..81003.12 rows=246 width=0) (actual time=1124.917..1341.411 rows=1 loops=1)
  Filter: (keyword_id = 69161)
  Rows Removed by Filter: 4523929
Planning time: 0.388 ms
Execution time: 1341.498 ms
