Seq Scan on cast_info ci  (cost=0.00..705507.15 rows=12950143 width=0) (actual time=3619.365..12534.024 rows=13082168 loops=1)
  Filter: (person_id > 2368579)
  Rows Removed by Filter: 23162176
Planning time: 0.214 ms
Execution time: 14146.839 ms
