Seq Scan on cast_info ci  (cost=0.00..796071.18 rows=6258633 width=0) (actual time=11281.186..15706.292 rows=3422471 loops=1)
  Filter: ((person_id < 3022817) AND (role_id > 7))
  Rows Removed by Filter: 32821873
Planning time: 0.252 ms
Execution time: 16125.954 ms
