Hash Join  (cost=120890.52..1176140.80 rows=2087712 width=0) (actual time=2382.972..31896.710 rows=5528411 loops=1)
  Hash Cond: (ci.movie_id = t.id)
  ->  Seq Scan on cast_info ci  (cost=0.00..614943.12 rows=36225612 width=4) (actual time=0.017..13432.290 rows=36244344 loops=1)
  ->  Hash  (cost=118499.01..118499.01 rows=145721 width=8) (actual time=2382.140..2382.140 rows=174118 loops=1)
        Buckets: 131072 (originally 131072)  Batches: 4 (originally 2)  Memory Usage: 3073kB
        ->  Hash Join  (cost=78306.32..118499.01 rows=145721 width=8) (actual time=1230.949..2323.675 rows=174118 loops=1)
              Hash Cond: (mi_idx.movie_id = t.id)
              ->  Seq Scan on movie_info_idx mi_idx  (cost=0.00..21735.35 rows=1380035 width=4) (actual time=0.021..461.067 rows=1380035 loops=1)
              ->  Hash  (cost=73925.90..73925.90 rows=266993 width=4) (actual time=1230.049..1230.049 rows=216282 loops=1)
                    Buckets: 131072  Batches: 4  Memory Usage: 2928kB
                    ->  Seq Scan on title t  (cost=0.00..73925.90 rows=266993 width=4) (actual time=500.927..1159.733 rows=216282 loops=1)
                          Filter: ((production_year > 2005) AND (kind_id = 1))
                          Rows Removed by Filter: 2312030
Planning time: 3.653 ms
Execution time: 32547.224 ms
