Hash Join  (cost=156487.41..289530.27 rows=684241 width=0) (actual time=3393.748..7536.602 rows=2920057 loops=1)
  Hash Cond: (mk.movie_id = t.id)
  ->  Seq Scan on movie_keyword mk  (cost=0.00..81003.12 rows=3753153 width=4) (actual time=0.028..1771.065 rows=3749292 loops=1)
        Filter: (keyword_id > 731)
        Rows Removed by Filter: 774638
  ->  Hash  (cost=148924.19..148924.19 rows=460978 width=8) (actual time=3392.754..3392.754 rows=459925 loops=1)
        Buckets: 131072  Batches: 8  Memory Usage: 3284kB
        ->  Hash Join  (cost=102767.86..148924.19 rows=460978 width=8) (actual time=1957.499..3257.996 rows=459925 loops=1)
              Hash Cond: (mi_idx.movie_id = t.id)
              ->  Seq Scan on movie_info_idx mi_idx  (cost=0.00..25185.44 rows=460978 width=4) (actual time=0.022..545.547 rows=459925 loops=1)
                    Filter: (info_type_id = 99)
                    Rows Removed by Filter: 920110
              ->  Hash  (cost=61283.27..61283.27 rows=2528527 width=4) (actual time=1956.205..1956.205 rows=2528312 loops=1)
                    Buckets: 131072  Batches: 64  Memory Usage: 2415kB
                    ->  Seq Scan on title t  (cost=0.00..61283.27 rows=2528527 width=4) (actual time=0.160..1118.216 rows=2528312 loops=1)
Planning time: 1.765 ms
Execution time: 7834.014 ms
