Hash Join  (cost=81575.34..213740.34 rows=834096 width=0) (actual time=1428.072..5348.290 rows=2427252 loops=1)
  Hash Cond: (mk.movie_id = t.id)
  ->  Seq Scan on movie_keyword mk  (cost=0.00..69693.30 rows=4523930 width=4) (actual time=0.023..1412.837 rows=4523930 loops=1)
  ->  Hash  (cost=73925.90..73925.90 rows=466195 width=4) (actual time=1427.094..1427.094 rows=516974 loops=1)
        Buckets: 131072  Batches: 8  Memory Usage: 3318kB
        ->  Seq Scan on title t  (cost=0.00..73925.90 rows=466195 width=4) (actual time=0.028..1257.949 rows=516974 loops=1)
              Filter: ((kind_id < 3) AND (production_year < 2007))
              Rows Removed by Filter: 2011338
Planning time: 0.731 ms
Execution time: 5630.336 ms
