Hash Join  (cost=491650.71..1262465.62 rows=1347878 width=0) (actual time=8636.762..22950.016 rows=1891515 loops=1)
  Hash Cond: (ci.movie_id = t.id)
  ->  Seq Scan on cast_info ci  (cost=0.00..705507.15 rows=4208793 width=4) (actual time=0.022..11650.488 rows=4077340 loops=1)
        Filter: (person_id < 391794)
        Rows Removed by Filter: 32167004
  ->  Hash  (cost=478364.61..478364.61 rows=809768 width=8) (actual time=8634.306..8634.306 rows=802140 loops=1)
        Buckets: 131072  Batches: 16  Memory Usage: 2973kB
        ->  Hash Join  (cost=102767.86..478364.61 rows=809768 width=8) (actual time=4665.835..8410.753 rows=802140 loops=1)
              Hash Cond: (mi.movie_id = t.id)
              ->  Seq Scan on movie_info mi  (cost=0.00..346232.03 rows=809768 width=4) (actual time=2707.494..5411.911 rows=802140 loops=1)
                    Filter: (info_type_id < 2)
                    Rows Removed by Filter: 14033580
              ->  Hash  (cost=61283.27..61283.27 rows=2528527 width=4) (actual time=1957.290..1957.290 rows=2528312 loops=1)
                    Buckets: 131072  Batches: 64  Memory Usage: 2425kB
                    ->  Seq Scan on title t  (cost=0.00..61283.27 rows=2528527 width=4) (actual time=0.018..1104.213 rows=2528312 loops=1)
Planning time: 10.899 ms
Execution time: 23137.734 ms
