Hash Join  (cost=283581.12..1106977.90 rows=4443234 width=0) (actual time=7147.575..25550.164 rows=15405106 loops=1)
  Hash Cond: (ci.movie_id = t.id)
  ->  Seq Scan on cast_info ci  (cost=0.00..705507.15 rows=5055657 width=4) (actual time=802.511..11407.774 rows=4931091 loops=1)
        Filter: (person_id < 479128)
        Rows Removed by Filter: 31313253
  ->  Hash  (cost=247122.24..247122.24 rows=2222231 width=8) (actual time=6343.924..6343.924 rows=2216002 loops=1)
        Buckets: 131072  Batches: 32  Memory Usage: 3711kB
        ->  Hash Join  (cost=102767.86..247122.24 rows=2222231 width=8) (actual time=1950.760..5728.953 rows=2216002 loops=1)
              Hash Cond: (mk.movie_id = t.id)
              ->  Seq Scan on movie_keyword mk  (cost=0.00..81003.12 rows=2222231 width=4) (actual time=0.044..1754.714 rows=2216002 loops=1)
                    Filter: (keyword_id > 4958)
                    Rows Removed by Filter: 2307928
              ->  Hash  (cost=61283.27..61283.27 rows=2528527 width=4) (actual time=1948.171..1948.171 rows=2528312 loops=1)
                    Buckets: 131072  Batches: 64  Memory Usage: 2425kB
                    ->  Seq Scan on title t  (cost=0.00..61283.27 rows=2528527 width=4) (actual time=0.016..1104.109 rows=2528312 loops=1)
Planning time: 0.883 ms
Execution time: 27066.839 ms
