Seq Scan on title t  (cost=0.00..73925.90 rows=467624 width=0) (actual time=0.028..1238.638 rows=557493 loops=1)
  Filter: ((kind_id < 7) AND (production_year < 2003))
  Rows Removed by Filter: 1970819
Planning time: 0.313 ms
Execution time: 1310.141 ms
