Hash Join  (cost=83073.64..141132.42 rows=76 width=0) (actual time=1233.772..2509.430 rows=1844 loops=1)
  Hash Cond: (mc.movie_id = t.id)
  ->  Seq Scan on movie_companies mc  (cost=0.00..51404.11 rows=1774376 width=4) (actual time=0.043..1053.420 rows=1778020 loops=1)
        Filter: (company_id > 2057)
        Rows Removed by Filter: 831109
  ->  Hash  (cost=83072.29..83072.29 rows=108 width=8) (actual time=1208.542..1208.542 rows=308 loops=1)
        Buckets: 1024  Batches: 1  Memory Usage: 21kB
        ->  Nested Loop  (cost=0.43..83072.29 rows=108 width=8) (actual time=1.806..1208.234 rows=308 loops=1)
              ->  Seq Scan on movie_keyword mk  (cost=0.00..81003.12 rows=246 width=4) (actual time=1.757..1165.316 rows=1158 loops=1)
                    Filter: (keyword_id = 3069)
                    Rows Removed by Filter: 4522772
              ->  Index Scan using title_pkey on title t  (cost=0.43..8.40 rows=1 width=4) (actual time=0.036..0.036 rows=0 loops=1158)
                    Index Cond: (id = mk.movie_id)
                    Filter: (production_year > 2004)
                    Rows Removed by Filter: 1
Planning time: 1.188 ms
Execution time: 2509.989 ms
