Hash Join  (cost=874243.88..1258254.35 rows=115210 width=0) (actual time=13709.473..22154.117 rows=269132 loops=1)
  Hash Cond: (mi.movie_id = t.id)
  ->  Seq Scan on movie_info mi  (cost=0.00..346232.03 rows=9767026 width=4) (actual time=0.010..6363.683 rows=9911754 loops=1)
        Filter: (info_type_id > 4)
        Rows Removed by Filter: 4923966
  ->  Hash  (cost=873871.06..873871.06 rows=29826 width=8) (actual time=13708.354..13708.354 rows=21408 loops=1)
        Buckets: 32768  Batches: 1  Memory Usage: 1093kB
        ->  Hash Join  (cost=73702.75..873871.06 rows=29826 width=8) (actual time=12291.024..13700.309 rows=21408 loops=1)
              Hash Cond: (ci.movie_id = t.id)
              ->  Seq Scan on cast_info ci  (cost=0.00..796071.18 rows=202898 width=4) (actual time=11104.810..12375.987 rows=164672 loops=1)
                    Filter: ((person_id < 977375) AND (role_id = 6))
                    Rows Removed by Filter: 36079672
              ->  Hash  (cost=67604.59..67604.59 rows=371693 width=4) (actual time=1185.063..1185.063 rows=366430 loops=1)
                    Buckets: 131072  Batches: 8  Memory Usage: 2627kB
                    ->  Seq Scan on title t  (cost=0.00..67604.59 rows=371693 width=4) (actual time=0.036..1069.104 rows=366430 loops=1)
                          Filter: (production_year < 1970)
                          Rows Removed by Filter: 2161882
Planning time: 1.184 ms
Execution time: 22191.232 ms
