Seq Scan on movie_companies mc  (cost=0.00..51404.11 rows=2150202 width=0) (actual time=0.021..970.551 rows=2153924 loops=1)
  Filter: (company_id > 384)
  Rows Removed by Filter: 455205
Planning time: 0.282 ms
Execution time: 1237.438 ms
