Hash Join  (cost=331289.30..951534.22 rows=12746595 width=0) (actual time=7742.228..39544.424 rows=88979969 loops=1)
  Hash Cond: (mi.movie_id = t.id)
  ->  Seq Scan on movie_info mi  (cost=0.00..346232.03 rows=9476311 width=4) (actual time=0.016..7012.409 rows=9565151 loops=1)
        Filter: (info_type_id < 16)
        Rows Removed by Filter: 5270569
  ->  Hash  (cost=275489.25..275489.25 rows=3401124 width=8) (actual time=7740.745..7740.745 rows=3391666 loops=1)
        Buckets: 131072  Batches: 64  Memory Usage: 3195kB
        ->  Hash Join  (cost=102767.86..275489.25 rows=3401124 width=8) (actual time=1992.729..6746.415 rows=3391666 loops=1)
              Hash Cond: (mk.movie_id = t.id)
              ->  Seq Scan on movie_keyword mk  (cost=0.00..81003.12 rows=3401124 width=4) (actual time=0.018..1774.463 rows=3391666 loops=1)
                    Filter: (keyword_id > 1239)
                    Rows Removed by Filter: 1132264
              ->  Hash  (cost=61283.27..61283.27 rows=2528527 width=4) (actual time=1990.651..1990.651 rows=2528312 loops=1)
                    Buckets: 131072  Batches: 64  Memory Usage: 2425kB
                    ->  Seq Scan on title t  (cost=0.00..61283.27 rows=2528527 width=4) (actual time=0.006..1119.669 rows=2528312 loops=1)
Planning time: 0.743 ms
Execution time: 49240.681 ms
