Seq Scan on cast_info ci  (cost=0.00..796071.18 rows=12237868 width=0) (actual time=5410.804..15127.323 rows=16520308 loops=1)
  Filter: ((person_id < 2237915) AND (role_id < 3))
  Rows Removed by Filter: 19724036
Planning time: 0.223 ms
Execution time: 17105.760 ms
