Seq Scan on cast_info ci  (cost=0.00..796071.18 rows=6374583 width=0) (actual time=0.024..13032.218 rows=8641864 loops=1)
  Filter: ((person_id > 1697585) AND (role_id > 3))
  Rows Removed by Filter: 27602480
Planning time: 0.363 ms
Execution time: 13973.507 ms
