Hash Join  (cost=69484.36..503103.33 rows=327769 width=0) (actual time=1046.101..9907.025 rows=555045 loops=1)
  Hash Cond: (mi.movie_id = t.id)
  ->  Seq Scan on movie_info mi  (cost=0.00..346232.03 rows=7235534 width=4) (actual time=0.029..6066.658 rows=7286865 loops=1)
        Filter: (info_type_id < 8)
        Rows Removed by Filter: 7548855
  ->  Hash  (cost=67604.59..67604.59 rows=114542 width=4) (actual time=1045.255..1045.255 rows=118234 loops=1)
        Buckets: 131072  Batches: 2  Memory Usage: 3107kB
        ->  Seq Scan on title t  (cost=0.00..67604.59 rows=114542 width=4) (actual time=0.008..996.689 rows=118234 loops=1)
              Filter: (kind_id = 4)
              Rows Removed by Filter: 2410078
Planning time: 0.783 ms
Execution time: 9971.889 ms
