Seq Scan on movie_keyword mk  (cost=0.00..81003.12 rows=750713 width=0) (actual time=0.026..1430.106 rows=757339 loops=1)
  Filter: (keyword_id > 24718)
  Rows Removed by Filter: 3766591
Planning time: 0.305 ms
Execution time: 1527.108 ms
