Hash Join  (cost=156649.15..217561.36 rows=105517 width=0) (actual time=3711.384..5030.443 rows=295676 loops=1)
  Hash Cond: (mc.movie_id = t.id)
  ->  Seq Scan on movie_companies mc  (cost=0.00..51404.11 rows=573848 width=4) (actual time=0.019..841.210 rows=572637 loops=1)
        Filter: (company_id < 607)
        Rows Removed by Filter: 2036492
  ->  Hash  (cost=149020.47..149020.47 rows=464934 width=8) (actual time=3710.601..3710.601 rows=460185 loops=1)
        Buckets: 131072  Batches: 8  Memory Usage: 3276kB
        ->  Hash Join  (cost=102767.86..149020.47 rows=464934 width=8) (actual time=2279.056..3584.281 rows=460185 loops=1)
              Hash Cond: (mi_idx.movie_id = t.id)
              ->  Seq Scan on movie_info_idx mi_idx  (cost=0.00..25185.44 rows=464934 width=4) (actual time=0.013..524.746 rows=460185 loops=1)
                    Filter: (info_type_id > 100)
                    Rows Removed by Filter: 919850
              ->  Hash  (cost=61283.27..61283.27 rows=2528527 width=4) (actual time=2278.080..2278.080 rows=2528312 loops=1)
                    Buckets: 131072  Batches: 64  Memory Usage: 2415kB
                    ->  Seq Scan on title t  (cost=0.00..61283.27 rows=2528527 width=4) (actual time=0.019..986.612 rows=2528312 loops=1)
Planning time: 1.196 ms
Execution time: 5069.790 ms
