Hash Join  (cost=111560.83..923470.93 rows=49884 width=0) (actual time=9676.194..16807.929 rows=382032 loops=1)
  Hash Cond: (ci.movie_id = t.id)
  ->  Seq Scan on cast_info ci  (cost=0.00..796071.18 rows=1293621 width=4) (actual time=7499.722..13314.318 rows=3535486 loops=1)
        Filter: ((person_id > 2711578) AND (role_id > 9))
        Rows Removed by Filter: 32708858
  ->  Hash  (cost=109961.03..109961.03 rows=97504 width=8) (actual time=2175.579..2175.579 rows=64063 loops=1)
        Buckets: 131072  Batches: 2  Memory Usage: 2272kB
        ->  Hash Join  (cost=76379.89..109961.03 rows=97504 width=8) (actual time=1408.561..2155.884 rows=64063 loops=1)
              Hash Cond: (mi_idx.movie_id = t.id)
              ->  Seq Scan on movie_info_idx mi_idx  (cost=0.00..25185.44 rows=460978 width=4) (actual time=0.032..441.943 rows=459925 loops=1)
                    Filter: (info_type_id < 100)
                    Rows Removed by Filter: 920110
              ->  Hash  (cost=67604.59..67604.59 rows=534824 width=4) (actual time=1407.599..1407.599 rows=533369 loops=1)
                    Buckets: 131072  Batches: 8  Memory Usage: 3369kB
                    ->  Seq Scan on title t  (cost=0.00..67604.59 rows=534824 width=4) (actual time=0.023..1231.669 rows=533369 loops=1)
                          Filter: (production_year > 2009)
                          Rows Removed by Filter: 1994943
Planning time: 1.260 ms
Execution time: 16854.008 ms
