Hash Join  (cost=70308.29..141223.70 rows=65860 width=0) (actual time=1231.497..3322.943 rows=59528 loops=1)
  Hash Cond: (mc.movie_id = t.id)
  ->  Seq Scan on movie_companies mc  (cost=0.00..57926.93 rows=1010635 width=4) (actual time=0.011..1284.261 rows=1161571 loops=1)
        Filter: ((company_id > 774) AND (company_type_id = 2))
        Rows Removed by Filter: 1447558
  ->  Hash  (cost=67604.59..67604.59 rows=164776 width=4) (actual time=1229.856..1229.856 rows=164307 loops=1)
        Buckets: 131072  Batches: 4  Memory Usage: 2482kB
        ->  Seq Scan on title t  (cost=0.00..67604.59 rows=164776 width=4) (actual time=0.026..1174.065 rows=164307 loops=1)
              Filter: (production_year = 2012)
              Rows Removed by Filter: 2364005
Planning time: 0.724 ms
Execution time: 3331.377 ms
