Seq Scan on cast_info ci  (cost=0.00..705507.15 rows=30740234 width=0) (actual time=0.023..13428.061 rows=30836342 loops=1)
  Filter: (person_id > 521793)
  Rows Removed by Filter: 5408002
Planning time: 0.321 ms
Execution time: 17262.572 ms
