Seq Scan on movie_keyword mk  (cost=0.00..81003.12 rows=3257218 width=0) (actual time=0.024..1599.287 rows=3246718 loops=1)
  Filter: (keyword_id > 1640)
  Rows Removed by Filter: 1277212
Planning time: 0.314 ms
Execution time: 2008.864 ms
