Hash Join  (cost=52284.99..803089.06 rows=1490 width=0) (actual time=847.947..17304.642 rows=16051 loops=1)
  Hash Cond: (ci.movie_id = t.id)
  ->  Seq Scan on cast_info ci  (cost=0.00..614943.12 rows=36225612 width=4) (actual time=0.013..9117.050 rows=36244344 loops=1)
  ->  Hash  (cost=52283.69..52283.69 rows=104 width=8) (actual time=842.764..842.764 rows=1043 loops=1)
        Buckets: 2048 (originally 1024)  Batches: 1 (originally 1)  Memory Usage: 57kB
        ->  Nested Loop  (cost=0.43..52283.69 rows=104 width=8) (actual time=78.280..842.159 rows=1043 loops=1)
              ->  Seq Scan on movie_companies mc  (cost=0.00..51404.11 rows=104 width=4) (actual time=78.181..804.394 rows=1043 loops=1)
                    Filter: (company_id = 11209)
                    Rows Removed by Filter: 2608086
              ->  Index Only Scan using title_pkey on title t  (cost=0.43..8.45 rows=1 width=4) (actual time=0.035..0.035 rows=1 loops=1043)
                    Index Cond: (id = mc.movie_id)
                    Heap Fetches: 1043
Planning time: 1.170 ms
Execution time: 17308.985 ms
