Hash Join  (cost=153118.35..278871.97 rows=391154 width=0) (actual time=3071.430..8375.003 rows=9187485 loops=1)
  Hash Cond: (mk.movie_id = t.id)
  ->  Seq Scan on movie_keyword mk  (cost=0.00..81003.12 rows=3434653 width=4) (actual time=0.024..1762.780 rows=3429799 loops=1)
        Filter: (keyword_id > 1116)
        Rows Removed by Filter: 1094131
  ->  Hash  (cost=148393.85..148393.85 rows=287960 width=8) (actual time=3070.665..3070.665 rows=373728 loops=1)
        Buckets: 131072 (originally 131072)  Batches: 8 (originally 4)  Memory Usage: 3073kB
        ->  Hash Join  (cost=80042.24..148393.85 rows=287960 width=8) (actual time=1336.556..2949.731 rows=373728 loops=1)
              Hash Cond: (mc.movie_id = t.id)
              ->  Seq Scan on movie_companies mc  (cost=0.00..51404.11 rows=960508 width=4) (actual time=0.015..926.332 rows=961872 loops=1)
                    Filter: (company_id < 3929)
                    Rows Removed by Filter: 1647257
              ->  Hash  (cost=67604.59..67604.59 rows=758052 width=4) (actual time=1335.482..1335.482 rows=753677 loops=1)
                    Buckets: 131072  Batches: 16  Memory Usage: 2677kB
                    ->  Seq Scan on title t  (cost=0.00..67604.59 rows=758052 width=4) (actual time=0.022..1097.163 rows=753677 loops=1)
                          Filter: (kind_id < 3)
                          Rows Removed by Filter: 1774635
Planning time: 3.897 ms
Execution time: 9436.525 ms
