Hash Join  (cost=948234.11..995070.76 rows=532917 width=0) (actual time=15709.156..17097.000 rows=878985 loops=1)
  Hash Cond: (mi_idx.movie_id = t.id)
  ->  Seq Scan on movie_info_idx mi_idx  (cost=0.00..21735.35 rows=1380035 width=4) (actual time=0.018..439.622 rows=1380035 loops=1)
  ->  Hash  (cost=932213.86..932213.86 rows=976420 width=8) (actual time=15707.833..15707.833 rows=670408 loops=1)
        Buckets: 131072  Batches: 16  Memory Usage: 2643kB
        ->  Hash Join  (cost=102767.86..932213.86 rows=976420 width=8) (actual time=5046.949..15516.450 rows=670408 loops=1)
              Hash Cond: (ci.movie_id = t.id)
              ->  Seq Scan on cast_info ci  (cost=0.00..796071.18 rows=976420 width=4) (actual time=3097.670..12166.097 rows=670408 loops=1)
                    Filter: ((person_id < 859779) AND (role_id = 3))
                    Rows Removed by Filter: 35573936
              ->  Hash  (cost=61283.27..61283.27 rows=2528527 width=4) (actual time=1948.175..1948.175 rows=2528312 loops=1)
                    Buckets: 131072  Batches: 64  Memory Usage: 2415kB
                    ->  Seq Scan on title t  (cost=0.00..61283.27 rows=2528527 width=4) (actual time=0.017..1115.910 rows=2528312 loops=1)
Planning time: 1.166 ms
Execution time: 17201.025 ms
