Hash Join  (cost=83073.49..447735.01 rows=560 width=0) (actual time=1333.975..8271.671 rows=8203 loops=1)
  Hash Cond: (mi.movie_id = t.id)
  ->  Seq Scan on movie_info mi  (cost=0.00..309384.22 rows=14739122 width=4) (actual time=0.017..4189.674 rows=14835720 loops=1)
  ->  Hash  (cost=83072.29..83072.29 rows=96 width=8) (actual time=1321.590..1321.590 rows=201 loops=1)
        Buckets: 1024  Batches: 1  Memory Usage: 16kB
        ->  Nested Loop  (cost=0.43..83072.29 rows=96 width=8) (actual time=0.613..1321.342 rows=201 loops=1)
              ->  Seq Scan on movie_keyword mk  (cost=0.00..81003.12 rows=246 width=4) (actual time=0.574..1305.474 rows=219 loops=1)
                    Filter: (keyword_id = 11768)
                    Rows Removed by Filter: 4523711
              ->  Index Scan using title_pkey on title t  (cost=0.43..8.40 rows=1 width=4) (actual time=0.068..0.069 rows=1 loops=219)
                    Index Cond: (id = mk.movie_id)
                    Filter: (kind_id < 7)
                    Rows Removed by Filter: 0
Planning time: 1.156 ms
Execution time: 8273.549 ms
