Hash Join  (cost=102767.86..248065.66 rows=2261457 width=0) (actual time=2015.873..5693.293 rows=2263815 loops=1)
  Hash Cond: (mk.movie_id = t.id)
  ->  Seq Scan on movie_keyword mk  (cost=0.00..81003.12 rows=2261457 width=4) (actual time=0.023..1526.211 rows=2263815 loops=1)
        Filter: (keyword_id < 4720)
        Rows Removed by Filter: 2260115
  ->  Hash  (cost=61283.27..61283.27 rows=2528527 width=4) (actual time=2014.227..2014.227 rows=2528312 loops=1)
        Buckets: 131072  Batches: 64  Memory Usage: 2425kB
        ->  Seq Scan on title t  (cost=0.00..61283.27 rows=2528527 width=4) (actual time=0.010..1132.141 rows=2528312 loops=1)
Planning time: 0.671 ms
Execution time: 5963.510 ms
