Hash Join  (cost=198521.43..721281.11 rows=4025576 width=0) (actual time=4393.673..21576.929 rows=14213677 loops=1)
  Hash Cond: (mi.movie_id = t.id)
  ->  Seq Scan on movie_info mi  (cost=0.00..309384.22 rows=14739122 width=4) (actual time=0.020..6099.384 rows=14835720 loops=1)
  ->  Hash  (cost=187190.98..187190.98 rows=690596 width=8) (actual time=4392.890..4392.890 rows=929952 loops=1)
        Buckets: 131072  Batches: 16  Memory Usage: 3311kB
        ->  Hash Join  (cost=102767.86..187190.98 rows=690596 width=8) (actual time=2191.463..4113.825 rows=929952 loops=1)
              Hash Cond: (mc.movie_id = t.id)
              ->  Seq Scan on movie_companies mc  (cost=0.00..57926.93 rows=690596 width=4) (actual time=380.323..1078.251 rows=929952 loops=1)
                    Filter: ((company_id > 11147) AND (company_type_id = 2))
                    Rows Removed by Filter: 1679177
              ->  Hash  (cost=61283.27..61283.27 rows=2528527 width=4) (actual time=1809.833..1809.833 rows=2528312 loops=1)
                    Buckets: 131072  Batches: 64  Memory Usage: 2415kB
                    ->  Seq Scan on title t  (cost=0.00..61283.27 rows=2528527 width=4) (actual time=0.021..1036.788 rows=2528312 loops=1)
Planning time: 5.424 ms
Execution time: 23235.164 ms
