Hash Join  (cost=74861.55..450368.77 rows=214194 width=0) (actual time=3234.866..11053.907 rows=1505662 loops=1)
  Hash Cond: (mi.movie_id = t.id)
  ->  Seq Scan on movie_info mi  (cost=0.00..346232.03 rows=7235534 width=4) (actual time=1969.589..6433.414 rows=7286865 loops=1)
        Filter: (info_type_id < 8)
        Rows Removed by Filter: 7548855
  ->  Hash  (cost=73925.90..73925.90 rows=74852 width=4) (actual time=1239.187..1239.187 rows=187460 loops=1)
        Buckets: 131072 (originally 131072)  Batches: 4 (originally 1)  Memory Usage: 3073kB
        ->  Seq Scan on title t  (cost=0.00..73925.90 rows=74852 width=4) (actual time=0.031..1164.989 rows=187460 loops=1)
              Filter: ((kind_id < 4) AND (production_year < 1958))
              Rows Removed by Filter: 2340852
Planning time: 0.738 ms
Execution time: 11232.223 ms
