Hash Join  (cost=810300.30..935680.35 rows=277201 width=0) (actual time=16545.450..17580.842 rows=202093 loops=1)
  Hash Cond: (mk.movie_id = t.id)
  ->  Seq Scan on movie_keyword mk  (cost=0.00..69693.30 rows=4523930 width=4) (actual time=0.025..1380.686 rows=4523930 loops=1)
  ->  Hash  (cost=807757.62..807757.62 rows=154934 width=8) (actual time=14516.429..14516.429 rows=135708 loops=1)
        Buckets: 131072  Batches: 4  Memory Usage: 2353kB
        ->  Hash Join  (cost=92280.96..807757.62 rows=154934 width=8) (actual time=11206.101..14476.397 rows=135708 loops=1)
              Hash Cond: (ci.movie_id = t.id)
              ->  Seq Scan on cast_info ci  (cost=0.00..705507.15 rows=350181 width=4) (actual time=9506.908..12137.104 rows=316118 loops=1)
                    Filter: (role_id > 10)
                    Rows Removed by Filter: 35928226
              ->  Hash  (cost=73925.90..73925.90 rows=1118724 width=4) (actual time=1697.951..1697.951 rows=1213086 loops=1)
                    Buckets: 131072  Batches: 16  Memory Usage: 3701kB
                    ->  Seq Scan on title t  (cost=0.00..73925.90 rows=1118724 width=4) (actual time=0.029..1326.394 rows=1213086 loops=1)
                          Filter: ((production_year > 1986) AND (kind_id = 7))
                          Rows Removed by Filter: 1315226
Planning time: 1.218 ms
Execution time: 17606.262 ms
