Hash Join  (cost=129428.94..962487.12 rows=57442 width=0) (actual time=4875.087..21430.832 rows=252013 loops=1)
  Hash Cond: (ci.movie_id = t.id)
  ->  Seq Scan on cast_info ci  (cost=0.00..796071.18 rows=9710021 width=4) (actual time=2575.702..15609.813 rows=12670688 loops=1)
        Filter: ((person_id < 2829635) AND (role_id = 1))
        Rows Removed by Filter: 23573656
  ->  Hash  (cost=129241.97..129241.97 rows=14958 width=8) (actual time=2299.011..2299.011 rows=29074 loops=1)
        Buckets: 32768 (originally 16384)  Batches: 1 (originally 1)  Memory Usage: 1392kB
        ->  Hash Join  (cost=74478.21..129241.97 rows=14958 width=8) (actual time=1120.102..2286.197 rows=29074 loops=1)
              Hash Cond: (mc.movie_id = t.id)
              ->  Seq Scan on movie_companies mc  (cost=0.00..51404.11 rows=856019 width=4) (actual time=0.033..924.138 rows=862045 loops=1)
                    Filter: (company_id > 24091)
                    Rows Removed by Filter: 1747084
              ->  Hash  (cost=73925.90..73925.90 rows=44184 width=4) (actual time=1119.646..1119.646 rows=35489 loops=1)
                    Buckets: 65536  Batches: 1  Memory Usage: 1760kB
                    ->  Seq Scan on title t  (cost=0.00..73925.90 rows=44184 width=4) (actual time=0.034..1104.853 rows=35489 loops=1)
                          Filter: ((kind_id < 7) AND (production_year = 2007))
                          Rows Removed by Filter: 2492823
Planning time: 1.163 ms
Execution time: 21468.539 ms
