Hash Join  (cost=242618.86..291642.61 rows=660427 width=0) (actual time=5176.197..7112.744 rows=2661764 loops=1)
  Hash Cond: (mi_idx.movie_id = t.id)
  ->  Seq Scan on movie_info_idx mi_idx  (cost=0.00..21735.35 rows=1380035 width=4) (actual time=0.028..452.907 rows=1380035 loops=1)
  ->  Hash  (cost=222766.26..222766.26 rows=1210048 width=8) (actual time=5171.570..5171.570 rows=1211289 loops=1)
        Buckets: 131072  Batches: 16  Memory Usage: 4021kB
        ->  Hash Join  (cost=102767.86..222766.26 rows=1210048 width=8) (actual time=1904.568..4817.552 rows=1211289 loops=1)
              Hash Cond: (mk.movie_id = t.id)
              ->  Seq Scan on movie_keyword mk  (cost=0.00..81003.12 rows=1210048 width=4) (actual time=0.025..1532.360 rows=1211289 loops=1)
                    Filter: (keyword_id < 1523)
                    Rows Removed by Filter: 3312641
              ->  Hash  (cost=61283.27..61283.27 rows=2528527 width=4) (actual time=1902.539..1902.539 rows=2528312 loops=1)
                    Buckets: 131072  Batches: 64  Memory Usage: 2425kB
                    ->  Seq Scan on title t  (cost=0.00..61283.27 rows=2528527 width=4) (actual time=0.024..1023.778 rows=2528312 loops=1)
Planning time: 1.194 ms
Execution time: 7429.504 ms
