Hash Join  (cost=95770.31..863803.80 rows=177144 width=0) (actual time=1607.628..18086.868 rows=473692 loops=1)
  Hash Cond: (ci.movie_id = t.id)
  ->  Seq Scan on cast_info ci  (cost=0.00..705507.15 rows=16201301 width=4) (actual time=0.026..13110.601 rows=16121683 loops=1)
        Filter: (role_id > 2)
        Rows Removed by Filter: 20122661
  ->  Hash  (cost=95424.73..95424.73 rows=27647 width=8) (actual time=1607.262..1607.262 rows=31421 loops=1)
        Buckets: 32768  Batches: 1  Memory Usage: 1484kB
        ->  Hash Join  (cost=68237.77..95424.73 rows=27647 width=8) (actual time=920.808..1596.555 rows=31421 loops=1)
              Hash Cond: (mi_idx.movie_id = t.id)
              ->  Seq Scan on movie_info_idx mi_idx  (cost=0.00..21735.35 rows=1380035 width=4) (actual time=0.019..325.762 rows=1380035 loops=1)
              ->  Hash  (cost=67604.59..67604.59 rows=50655 width=4) (actual time=920.302..920.302 rows=50564 loops=1)
                    Buckets: 65536  Batches: 1  Memory Usage: 2290kB
                    ->  Seq Scan on title t  (cost=0.00..67604.59 rows=50655 width=4) (actual time=0.074..899.436 rows=50564 loops=1)
                          Filter: (production_year = 1999)
                          Rows Removed by Filter: 2477748
Planning time: 1.150 ms
Execution time: 18146.364 ms
