Hash Join  (cost=423893.92..1217116.32 rows=103896 width=0) (actual time=5890.224..22822.986 rows=45308 loops=1)
  Hash Cond: (ci.movie_id = t.id)
  ->  Seq Scan on cast_info ci  (cost=0.00..705507.15 rows=23113672 width=4) (actual time=0.038..12666.400 rows=23007602 loops=1)
        Filter: (person_id < 2350413)
        Rows Removed by Filter: 13236742
  ->  Hash  (cost=423751.84..423751.84 rows=11366 width=8) (actual time=5889.767..5889.767 rows=2761 loops=1)
        Buckets: 16384  Batches: 1  Memory Usage: 236kB
        ->  Hash Join  (cost=74369.53..423751.84 rows=11366 width=8) (actual time=1404.319..5888.479 rows=2761 loops=1)
              Hash Cond: (mi.movie_id = t.id)
              ->  Seq Scan on movie_info mi  (cost=0.00..346232.03 rows=809768 width=4) (actual time=319.159..4598.882 rows=802140 loops=1)
                    Filter: (info_type_id < 2)
                    Rows Removed by Filter: 14033580
              ->  Hash  (cost=73925.90..73925.90 rows=35490 width=4) (actual time=1083.642..1083.642 rows=39698 loops=1)
                    Buckets: 65536  Batches: 1  Memory Usage: 1908kB
                    ->  Seq Scan on title t  (cost=0.00..73925.90 rows=35490 width=4) (actual time=0.043..1066.702 rows=39698 loops=1)
                          Filter: ((kind_id = 7) AND (production_year = 2001))
                          Rows Removed by Filter: 2488614
Planning time: 1.242 ms
Execution time: 22832.001 ms
