Hash Join  (cost=161760.44..992580.91 rows=206766 width=0) (actual time=2775.451..24591.463 rows=1282116 loops=1)
  Hash Cond: (ci.movie_id = t.id)
  ->  Seq Scan on cast_info ci  (cost=0.00..705507.15 rows=32865499 width=4) (actual time=0.012..13909.025 rows=33000917 loops=1)
        Filter: (person_id > 313465)
        Rows Removed by Filter: 3243427
  ->  Hash  (cost=161561.59..161561.59 rows=15908 width=8) (actual time=2775.228..2775.228 rows=22191 loops=1)
        Buckets: 32768 (originally 16384)  Batches: 1 (originally 1)  Memory Usage: 1123kB
        ->  Hash Join  (cost=77354.40..161561.59 rows=15908 width=8) (actual time=1132.374..2768.021 rows=22191 loops=1)
              Hash Cond: (mk.movie_id = t.id)
              ->  Seq Scan on movie_keyword mk  (cost=0.00..81003.12 rows=192528 width=4) (actual time=0.025..1305.230 rows=195806 loops=1)
                    Filter: (keyword_id > 69663)
                    Rows Removed by Filter: 4328124
              ->  Hash  (cost=73925.90..73925.90 rows=208920 width=4) (actual time=1131.244..1131.244 rows=183835 loops=1)
                    Buckets: 131072  Batches: 4  Memory Usage: 2655kB
                    ->  Seq Scan on title t  (cost=0.00..73925.90 rows=208920 width=4) (actual time=0.055..1067.570 rows=183835 loops=1)
                          Filter: ((kind_id < 7) AND (production_year > 2009))
                          Rows Removed by Filter: 2344477
Planning time: 1.168 ms
Execution time: 24759.561 ms
