Seq Scan on movie_companies mc  (cost=0.00..57926.93 rows=53 width=0) (actual time=44.366..720.873 rows=9 loops=1)
  Filter: ((company_id = 689) AND (company_type_id = 2))
  Rows Removed by Filter: 2609120
Planning time: 0.280 ms
Execution time: 720.953 ms
