Seq Scan on cast_info ci  (cost=0.00..705507.15 rows=19417184 width=0) (actual time=3212.576..12432.145 rows=19581029 loops=1)
  Filter: (person_id > 1649771)
  Rows Removed by Filter: 16663315
Planning time: 0.328 ms
Execution time: 14810.639 ms
