Seq Scan on movie_keyword mk  (cost=0.00..81003.12 rows=1719868 width=0) (actual time=0.014..1426.831 rows=1731061 loops=1)
  Filter: (keyword_id > 8179)
  Rows Removed by Filter: 2792869
Planning time: 4.613 ms
Execution time: 1639.938 ms
