Seq Scan on movie_keyword mk  (cost=0.00..81003.12 rows=2203105 width=12) (actual time=0.018..1680.597 rows=2200397 loops=1)
  Filter: (keyword_id > 5071)
  Rows Removed by Filter: 2323533
Planning time: 0.301 ms
Execution time: 1801.102 ms
