Hash Join  (cost=94420.17..257399.19 rows=1767198 width=106) (actual time=1990.515..9293.203 rows=3878469 loops=1)
  Hash Cond: (mk.movie_id = t.id)
  ->  Seq Scan on movie_keyword mk  (cost=0.00..69693.30 rows=4523930 width=12) (actual time=0.023..1562.077 rows=4523930 loops=1)
  ->  Hash  (cost=67604.59..67604.59 rows=987727 width=94) (actual time=1989.463..1989.463 rows=985048 loops=1)
        Buckets: 32768  Batches: 64  Memory Usage: 1954kB
        ->  Seq Scan on title t  (cost=0.00..67604.59 rows=987727 width=94) (actual time=0.029..1564.408 rows=985048 loops=1)
              Filter: (kind_id < 7)
              Rows Removed by Filter: 1543264
Planning time: 0.864 ms
Execution time: 9524.840 ms
