Seq Scan on movie_keyword mk  (cost=0.00..81003.12 rows=2329061 width=0) (actual time=0.027..1433.558 rows=2328565 loops=1)
  Filter: (keyword_id > 4364)
  Rows Removed by Filter: 2195365
Planning time: 0.325 ms
Execution time: 1710.411 ms
