Hash Join  (cost=92883.59..181341.86 rows=790011 width=0) (actual time=1788.657..4443.892 rows=394184 loops=1)
  Hash Cond: (mc.movie_id = t.id)
  ->  Seq Scan on movie_companies mc  (cost=0.00..57926.93 rows=1296446 width=4) (actual time=0.029..1153.513 rows=1327562 loops=1)
        Filter: ((company_id > 6) AND (company_type_id = 2))
        Rows Removed by Filter: 1281567
  ->  Hash  (cost=67604.59..67604.59 rows=1540800 width=4) (actual time=1787.075..1787.075 rows=1543264 loops=1)
        Buckets: 131072  Batches: 32  Memory Usage: 2722kB
        ->  Seq Scan on title t  (cost=0.00..67604.59 rows=1540800 width=4) (actual time=0.012..1285.073 rows=1543264 loops=1)
              Filter: (kind_id = 7)
              Rows Removed by Filter: 985048
Planning time: 0.824 ms
Execution time: 4494.737 ms
