Seq Scan on cast_info ci  (cost=0.00..796071.18 rows=7502793 width=0) (actual time=9153.383..13806.414 rows=2024308 loops=1)
  Filter: ((person_id > 1456569) AND (role_id = 1))
  Rows Removed by Filter: 34220036
Planning time: 0.314 ms
Execution time: 14052.139 ms
