Hash Join  (cost=171864.67..304691.65 rows=888495 width=0) (actual time=4742.969..7240.776 rows=647509 loops=1)
  Hash Cond: (mk.movie_id = t.id)
  ->  Seq Scan on movie_keyword mk  (cost=0.00..69693.30 rows=4523930 width=4) (actual time=0.026..1400.862 rows=4523930 loops=1)
  ->  Hash  (cost=163717.17..163717.17 rows=496600 width=8) (actual time=3862.949..3862.949 rows=210250 loops=1)
        Buckets: 131072  Batches: 8  Memory Usage: 2042kB
        ->  Hash Join  (cost=81821.64..163717.17 rows=496600 width=8) (actual time=1529.149..3792.185 rows=210250 loops=1)
              Hash Cond: (mc.movie_id = t.id)
              ->  Seq Scan on movie_companies mc  (cost=0.00..44881.29 rows=2609129 width=4) (actual time=0.023..899.202 rows=2609129 loops=1)
              ->  Hash  (cost=73925.90..73925.90 rows=481259 width=4) (actual time=1354.400..1354.400 rows=518327 loops=1)
                    Buckets: 131072  Batches: 8  Memory Usage: 3301kB
                    ->  Seq Scan on title t  (cost=0.00..73925.90 rows=481259 width=4) (actual time=0.021..1190.275 rows=518327 loops=1)
                          Filter: ((production_year > 2007) AND (kind_id = 7))
                          Rows Removed by Filter: 2009985
Planning time: 1.121 ms
Execution time: 7320.794 ms
