Hash Join  (cost=73982.55..457015.99 rows=17506 width=0) (actual time=1394.379..8904.763 rows=29402 loops=1)
  Hash Cond: (mi.movie_id = t.id)
  ->  Seq Scan on movie_info mi  (cost=0.00..346232.03 rows=9767026 width=4) (actual time=0.017..5927.046 rows=9911754 loops=1)
        Filter: (info_type_id > 4)
        Rows Removed by Filter: 4923966
  ->  Hash  (cost=73925.90..73925.90 rows=4532 width=4) (actual time=1200.348..1200.348 rows=11996 loops=1)
        Buckets: 16384 (originally 8192)  Batches: 1 (originally 1)  Memory Usage: 550kB
        ->  Seq Scan on title t  (cost=0.00..73925.90 rows=4532 width=4) (actual time=0.028..1194.761 rows=11996 loops=1)
              Filter: ((kind_id = 7) AND (production_year = 1987))
              Rows Removed by Filter: 2516316
Planning time: 0.794 ms
Execution time: 8909.293 ms
