Hash Join  (cost=138217.09..227542.73 rows=64304 width=0) (actual time=3009.561..4519.665 rows=186704 loops=1)
  Hash Cond: (mk.movie_id = t.id)
  ->  Seq Scan on movie_keyword mk  (cost=0.00..81003.12 rows=567059 width=4) (actual time=0.025..1186.185 rows=569310 loops=1)
        Filter: (keyword_id < 403)
        Rows Removed by Filter: 3954620
  ->  Hash  (cost=133511.92..133511.92 rows=286734 width=8) (actual time=3008.777..3008.777 rows=261891 loops=1)
        Buckets: 131072  Batches: 4  Memory Usage: 3582kB
        ->  Hash Join  (cost=93408.25..133511.92 rows=286734 width=8) (actual time=1841.395..2931.036 rows=261891 loops=1)
              Hash Cond: (mi_idx.movie_id = t.id)
              ->  Seq Scan on movie_info_idx mi_idx  (cost=0.00..25185.44 rows=460978 width=4) (actual time=0.027..518.250 rows=459925 loops=1)
                    Filter: (info_type_id < 100)
                    Rows Removed by Filter: 920110
              ->  Hash  (cost=67604.59..67604.59 rows=1572773 width=4) (actual time=1840.149..1840.149 rows=1570568 loops=1)
                    Buckets: 131072  Batches: 32  Memory Usage: 2751kB
                    ->  Seq Scan on title t  (cost=0.00..67604.59 rows=1572773 width=4) (actual time=0.027..1327.517 rows=1570568 loops=1)
                          Filter: (production_year > 1996)
                          Rows Removed by Filter: 957744
Planning time: 1.219 ms
Execution time: 4543.482 ms
