Hash Join  (cost=871516.56..1431862.88 rows=7548139 width=0) (actual time=14265.934..28968.111 rows=5783946 loops=1)
  Hash Cond: (mi.movie_id = t.id)
  ->  Seq Scan on movie_info mi  (cost=0.00..309384.22 rows=14739122 width=4) (actual time=0.022..6163.106 rows=14835720 loops=1)
  ->  Hash  (cost=850271.32..850271.32 rows=1294899 width=8) (actual time=14252.590..14252.590 rows=989406 loops=1)
        Buckets: 131072  Batches: 32  Memory Usage: 2255kB
        ->  Hash Join  (cost=90606.68..850271.32 rows=1294899 width=8) (actual time=8920.390..13942.979 rows=989406 loops=1)
              Hash Cond: (ci.movie_id = t.id)
              ->  Seq Scan on cast_info ci  (cost=0.00..705507.15 rows=3220400 width=4) (actual time=7019.436..9803.440 rows=3257916 loops=1)
                    Filter: (person_id > 3462056)
                    Rows Removed by Filter: 32986428
              ->  Hash  (cost=73925.90..73925.90 rows=1016702 width=4) (actual time=1900.029..1900.029 rows=960113 loops=1)
                    Buckets: 131072  Batches: 16  Memory Usage: 3135kB
                    ->  Seq Scan on title t  (cost=0.00..73925.90 rows=1016702 width=4) (actual time=0.012..1331.976 rows=960113 loops=1)
                          Filter: ((production_year < 2008) AND (kind_id = 7))
                          Rows Removed by Filter: 1568199
Planning time: 1.227 ms
Execution time: 29637.425 ms
