Seq Scan on movie_companies mc  (cost=0.00..51404.11 rows=71801 width=0) (actual time=648.431..841.414 rows=71055 loops=1)
  Filter: (company_id > 176019)
  Rows Removed by Filter: 2538074
Planning time: 0.217 ms
Execution time: 850.083 ms
