Seq Scan on movie_keyword mk  (cost=0.00..81003.12 rows=673850 width=0) (actual time=0.028..1380.575 rows=677589 loops=1)
  Filter: (keyword_id > 27633)
  Rows Removed by Filter: 3846341
Planning time: 0.332 ms
Execution time: 1469.810 ms
