Hash Join  (cost=74547.77..162323.39 rows=33762 width=0) (actual time=1200.127..2923.215 rows=66185 loops=1)
  Hash Cond: (mk.movie_id = t.id)
  ->  Seq Scan on movie_keyword mk  (cost=0.00..81003.12 rows=1715966 width=4) (actual time=0.016..1407.232 rows=1724538 loops=1)
        Filter: (keyword_id > 8221)
        Rows Removed by Filter: 2799392
  ->  Hash  (cost=73925.90..73925.90 rows=49749 width=4) (actual time=1199.721..1199.721 rows=44012 loops=1)
        Buckets: 65536  Batches: 1  Memory Usage: 2060kB
        ->  Seq Scan on title t  (cost=0.00..73925.90 rows=49749 width=4) (actual time=0.442..1181.791 rows=44012 loops=1)
              Filter: ((kind_id < 7) AND (production_year = 2009))
              Rows Removed by Filter: 2484300
Planning time: 0.741 ms
Execution time: 2932.552 ms
