Seq Scan on movie_keyword mk  (cost=0.00..81003.12 rows=246 width=0) (actual time=0.595..1200.433 rows=681 loops=1)
  Filter: (keyword_id = 3312)
  Rows Removed by Filter: 4523249
Planning time: 0.265 ms
Execution time: 1200.801 ms
