Seq Scan on movie_keyword mk  (cost=0.00..81003.12 rows=4180434 width=0) (actual time=0.026..1608.914 rows=4182231 loops=1)
  Filter: (keyword_id < 48599)
  Rows Removed by Filter: 341699
Planning time: 0.305 ms
Execution time: 2126.354 ms
