Nested Loop  (cost=72397.51..170844.52 rows=3052 width=0) (actual time=1379.328..3422.718 rows=54598 loops=1)
  ->  Hash Join  (cost=72397.08..161246.66 rows=16046 width=8) (actual time=1378.918..2930.827 rows=54598 loops=1)
        Hash Cond: (mk.movie_id = mc.movie_id)
        ->  Seq Scan on movie_keyword mk  (cost=0.00..81003.12 rows=6032 width=4) (actual time=0.338..1312.921 rows=6673 loops=1)
              Filter: (keyword_id = 2879)
              Rows Removed by Filter: 4517257
        ->  Hash  (cost=51404.11..51404.11 rows=1279517 width=4) (actual time=1370.184..1370.184 rows=1274246 loops=1)
              Buckets: 131072  Batches: 32  Memory Usage: 2474kB
              ->  Seq Scan on movie_companies mc  (cost=0.00..51404.11 rows=1279517 width=4) (actual time=115.586..965.170 rows=1274246 loops=1)
                    Filter: (company_type_id < 2)
                    Rows Removed by Filter: 1334883
  ->  Index Only Scan using title_pkey on title t  (cost=0.43..0.59 rows=1 width=4) (actual time=0.008..0.009 rows=1 loops=54598)
        Index Cond: (id = mc.movie_id)
        Heap Fetches: 54598
Planning time: 1.128 ms
Execution time: 3432.212 ms
