Nested Loop  (cost=0.43..799380.35 rows=396 width=0) (actual time=5365.192..14710.292 rows=102 loops=1)
  ->  Seq Scan on cast_info ci  (cost=0.00..796071.18 rows=396 width=4) (actual time=5362.044..14699.528 rows=102 loops=1)
        Filter: ((role_id < 8) AND (person_id = 525671))
        Rows Removed by Filter: 36244242
  ->  Index Only Scan using title_pkey on title t  (cost=0.43..8.35 rows=1 width=4) (actual time=0.104..0.104 rows=1 loops=102)
        Index Cond: (id = ci.movie_id)
        Heap Fetches: 102
Planning time: 0.872 ms
Execution time: 14710.432 ms
