Seq Scan on movie_keyword mk  (cost=0.00..81003.12 rows=246 width=0) (actual time=14.664..1418.762 rows=68 loops=1)
  Filter: (keyword_id = 5200)
  Rows Removed by Filter: 4523862
Planning time: 0.375 ms
Execution time: 1418.919 ms
