Hash Join  (cost=136265.80..223169.00 rows=24517 width=0) (actual time=2646.412..4425.116 rows=11034 loops=1)
  Hash Cond: (mk.movie_id = t.id)
  ->  Seq Scan on movie_keyword mk  (cost=0.00..69693.30 rows=4523930 width=4) (actual time=0.016..953.786 rows=4523930 loops=1)
  ->  Hash  (cost=136094.51..136094.51 rows=13703 width=8) (actual time=2641.404..2641.404 rows=4983 loops=1)
        Buckets: 16384  Batches: 1  Memory Usage: 323kB
        ->  Hash Join  (cost=74369.53..136094.51 rows=13703 width=8) (actual time=1752.258..2639.488 rows=4983 loops=1)
              Hash Cond: (mc.movie_id = t.id)
              ->  Seq Scan on movie_companies mc  (cost=0.00..57926.93 rows=976270 width=4) (actual time=0.007..1140.375 rows=1263778 loops=1)
                    Filter: ((company_id < 61685) AND (company_type_id = 1))
                    Rows Removed by Filter: 1345351
              ->  Hash  (cost=73925.90..73925.90 rows=35490 width=4) (actual time=1226.037..1226.037 rows=39698 loops=1)
                    Buckets: 65536  Batches: 1  Memory Usage: 1908kB
                    ->  Seq Scan on title t  (cost=0.00..73925.90 rows=35490 width=4) (actual time=85.870..1208.957 rows=39698 loops=1)
                          Filter: ((kind_id = 7) AND (production_year = 2001))
                          Rows Removed by Filter: 2488614
Planning time: 1.197 ms
Execution time: 4426.795 ms
