Hash Join  (cost=177730.68..712712.80 rows=5171018 width=0) (actual time=5012.138..23061.838 rows=13840822 loops=1)
  Hash Cond: (mi.movie_id = t.id)
  ->  Seq Scan on movie_info mi  (cost=0.00..309384.22 rows=14739122 width=4) (actual time=0.021..6056.663 rows=14835720 loops=1)
  ->  Hash  (cost=163175.95..163175.95 rows=887099 width=8) (actual time=5011.245..5011.245 rows=917418 loops=1)
        Buckets: 131072  Batches: 16  Memory Usage: 3276kB
        ->  Hash Join  (cost=107819.01..163175.95 rows=887099 width=8) (actual time=3080.969..4741.727 rows=917418 loops=1)
              Hash Cond: (mi_idx.movie_id = t.id)
              ->  Seq Scan on movie_info_idx mi_idx  (cost=0.00..25185.44 rows=915101 width=4) (actual time=0.015..541.966 rows=919850 loops=1)
                    Filter: (info_type_id < 101)
                    Rows Removed by Filter: 460185
              ->  Hash  (cost=67604.59..67604.59 rows=2451154 width=4) (actual time=3079.364..3079.364 rows=2450346 loops=1)
                    Buckets: 131072  Batches: 64  Memory Usage: 2372kB
                    ->  Seq Scan on title t  (cost=0.00..67604.59 rows=2451154 width=4) (actual time=0.007..1609.106 rows=2450346 loops=1)
                          Filter: (production_year > 1899)
                          Rows Removed by Filter: 77966
Planning time: 1.160 ms
Execution time: 24732.588 ms
