Seq Scan on movie_companies mc  (cost=0.00..51404.11 rows=104 width=0) (actual time=168.547..844.620 rows=299 loops=1)
  Filter: (company_id = 10248)
  Rows Removed by Filter: 2608830
Planning time: 2.736 ms
Execution time: 844.726 ms
