Hash Join  (cost=73963.13..100889.86 rows=1625 width=0) (actual time=977.409..1554.284 rows=132 loops=1)
  Hash Cond: (mi_idx.movie_id = t.id)
  ->  Seq Scan on movie_info_idx mi_idx  (cost=0.00..21735.35 rows=1380035 width=4) (actual time=0.017..322.496 rows=1380035 loops=1)
  ->  Hash  (cost=73925.90..73925.90 rows=2978 width=4) (actual time=974.069..974.069 rows=1136 loops=1)
        Buckets: 4096  Batches: 1  Memory Usage: 72kB
        ->  Seq Scan on title t  (cost=0.00..73925.90 rows=2978 width=4) (actual time=259.373..973.393 rows=1136 loops=1)
              Filter: ((kind_id = 4) AND (production_year = 2013))
              Rows Removed by Filter: 2527176
Planning time: 0.822 ms
Execution time: 1554.387 ms
