Hash Join  (cost=252819.19..1154041.54 rows=3338363 width=0) (actual time=8777.468..23282.611 rows=8446580 loops=1)
  Hash Cond: (ci.movie_id = t.id)
  ->  Seq Scan on cast_info ci  (cost=0.00..796071.18 rows=5707078 width=4) (actual time=3148.117..13229.107 rows=3395537 loops=1)
        Filter: ((person_id < 1662965) AND (role_id > 3))
        Rows Removed by Filter: 32848807
  ->  Hash  (cost=228552.88..228552.88 rows=1479065 width=8) (actual time=5627.882..5627.882 rows=1671262 loops=1)
        Buckets: 131072  Batches: 32  Memory Usage: 3057kB
        ->  Hash Join  (cost=101489.21..228552.88 rows=1479065 width=8) (actual time=2074.816..5199.635 rows=1671262 loops=1)
              Hash Cond: (mk.movie_id = t.id)
              ->  Seq Scan on movie_keyword mk  (cost=0.00..81003.12 rows=1810779 width=4) (actual time=0.034..1573.671 rows=1810579 loops=1)
                    Filter: (keyword_id > 7663)
                    Rows Removed by Filter: 2713351
              ->  Hash  (cost=67604.59..67604.59 rows=2065330 width=4) (actual time=2073.712..2073.712 rows=2064552 loops=1)
                    Buckets: 131072  Batches: 32  Memory Usage: 3298kB
                    ->  Seq Scan on title t  (cost=0.00..67604.59 rows=2065330 width=4) (actual time=0.022..1388.477 rows=2064552 loops=1)
                          Filter: (production_year < 2011)
                          Rows Removed by Filter: 463760
Planning time: 1.238 ms
Execution time: 24274.026 ms
