Hash Join  (cost=131316.51..218424.96 rows=45042 width=0) (actual time=2185.355..4328.251 rows=1322763 loops=1)
  Hash Cond: (mk.movie_id = t.id)
  ->  Seq Scan on movie_keyword mk  (cost=0.00..69693.30 rows=4523930 width=4) (actual time=0.019..970.516 rows=4523930 loops=1)
  ->  Hash  (cost=131001.82..131001.82 rows=25175 width=8) (actual time=2184.843..2184.843 rows=37902 loops=1)
        Buckets: 65536 (originally 32768)  Batches: 1 (originally 1)  Memory Usage: 1993kB
        ->  Hash Join  (cost=74547.77..131001.82 rows=25175 width=8) (actual time=1175.137..2170.658 rows=37902 loops=1)
              Hash Cond: (mc.movie_id = t.id)
              ->  Seq Scan on movie_companies mc  (cost=0.00..51404.11 rows=1279517 width=4) (actual time=84.836..816.389 rows=1274246 loops=1)
                    Filter: (company_type_id < 2)
                    Rows Removed by Filter: 1334883
              ->  Hash  (cost=73925.90..73925.90 rows=49749 width=4) (actual time=1089.903..1089.903 rows=44012 loops=1)
                    Buckets: 65536  Batches: 1  Memory Usage: 2060kB
                    ->  Seq Scan on title t  (cost=0.00..73925.90 rows=49749 width=4) (actual time=0.029..1072.680 rows=44012 loops=1)
                          Filter: ((kind_id < 7) AND (production_year = 2009))
                          Rows Removed by Filter: 2484300
Planning time: 1.210 ms
Execution time: 4490.574 ms
