Hash Join  (cost=102767.86..196598.97 rows=1352677 width=0) (actual time=2008.056..4551.746 rows=1340510 loops=1)
  Hash Cond: (mc.movie_id = t.id)
  ->  Seq Scan on movie_companies mc  (cost=0.00..51404.11 rows=1352677 width=4) (actual time=0.018..984.382 rows=1340510 loops=1)
        Filter: (company_id < 11456)
        Rows Removed by Filter: 1268619
  ->  Hash  (cost=61283.27..61283.27 rows=2528527 width=4) (actual time=2004.266..2004.266 rows=2528312 loops=1)
        Buckets: 131072  Batches: 64  Memory Usage: 2415kB
        ->  Seq Scan on title t  (cost=0.00..61283.27 rows=2528527 width=4) (actual time=0.011..1147.244 rows=2528312 loops=1)
Planning time: 0.650 ms
Execution time: 4715.050 ms
