Hash Join  (cost=832324.71..966965.42 rows=559090 width=0) (actual time=14620.393..19186.755 rows=1664573 loops=1)
  Hash Cond: (mk.movie_id = t.id)
  ->  Seq Scan on movie_keyword mk  (cost=0.00..81003.12 rows=4036983 width=4) (actual time=0.009..1927.647 rows=4042005 loops=1)
        Filter: (keyword_id < 37162)
        Rows Removed by Filter: 481925
  ->  Hash  (cost=826579.45..826579.45 rows=350181 width=8) (actual time=14619.710..14619.710 rows=316118 loops=1)
        Buckets: 131072  Batches: 8  Memory Usage: 2577kB
        ->  Hash Join  (cost=102767.86..826579.45 rows=350181 width=8) (actual time=13260.750..14525.614 rows=316118 loops=1)
              Hash Cond: (ci.movie_id = t.id)
              ->  Seq Scan on cast_info ci  (cost=0.00..705507.15 rows=350181 width=4) (actual time=11283.260..11887.052 rows=316118 loops=1)
                    Filter: (role_id = 11)
                    Rows Removed by Filter: 35928226
              ->  Hash  (cost=61283.27..61283.27 rows=2528527 width=4) (actual time=1976.459..1976.459 rows=2528312 loops=1)
                    Buckets: 131072  Batches: 64  Memory Usage: 2415kB
                    ->  Seq Scan on title t  (cost=0.00..61283.27 rows=2528527 width=4) (actual time=0.016..1142.380 rows=2528312 loops=1)
Planning time: 0.789 ms
Execution time: 19372.010 ms
