Hash Join  (cost=445741.18..568321.10 rows=328827 width=0) (actual time=7217.420..10521.146 rows=916808 loops=1)
  Hash Cond: (mk.movie_id = t.id)
  ->  Seq Scan on movie_keyword mk  (cost=0.00..81003.12 rows=3224140 width=4) (actual time=0.013..1699.509 rows=3218204 loops=1)
        Filter: (keyword_id > 1711)
        Rows Removed by Filter: 1305726
  ->  Hash  (cost=441509.65..441509.65 rows=257882 width=8) (actual time=7216.578..7216.578 rows=371333 loops=1)
        Buckets: 131072 (originally 131072)  Batches: 8 (originally 4)  Memory Usage: 3073kB
        ->  Hash Join  (cost=76067.34..441509.65 rows=257882 width=8) (actual time=1759.006..7093.595 rows=371333 loops=1)
              Hash Cond: (mi.movie_id = t.id)
              ->  Seq Scan on movie_info mi  (cost=0.00..346232.03 rows=1264125 width=4) (actual time=453.790..4980.352 rows=1288928 loops=1)
                    Filter: (info_type_id = 2)
                    Rows Removed by Filter: 13546792
              ->  Hash  (cost=67604.59..67604.59 rows=515820 width=4) (actual time=1304.285..1304.285 rows=508955 loops=1)
                    Buckets: 131072  Batches: 8  Memory Usage: 3262kB
                    ->  Seq Scan on title t  (cost=0.00..67604.59 rows=515820 width=4) (actual time=0.035..1139.454 rows=508955 loops=1)
                          Filter: (production_year < 1980)
                          Rows Removed by Filter: 2019357
Planning time: 1.176 ms
Execution time: 10629.993 ms
