Seq Scan on cast_info ci  (cost=0.00..796071.18 rows=17469653 width=0) (actual time=3859.255..15690.026 rows=14285845 loops=1)
  Filter: ((person_id < 2772743) AND (role_id > 1))
  Rows Removed by Filter: 21958499
Planning time: 0.320 ms
Execution time: 17427.193 ms
