Seq Scan on title t  (cost=0.00..73925.90 rows=8933 width=0) (actual time=1087.221..1318.220 rows=1 loops=1)
  Filter: ((kind_id > 1) AND (production_year < 1903))
  Rows Removed by Filter: 2528311
Planning time: 0.355 ms
Execution time: 1318.357 ms
