Hash Join  (cost=1160156.87..2287900.43 rows=46555861 width=0) (actual time=25478.468..73766.239 rows=116756601 loops=1)
  Hash Cond: (mi.movie_id = t.id)
  ->  Seq Scan on movie_info mi  (cost=0.00..346232.03 rows=13929354 width=4) (actual time=0.012..8183.055 rows=14033580 loops=1)
        Filter: (info_type_id > 1)
        Rows Removed by Filter: 802140
  ->  Hash  (cost=1021506.67..1021506.67 rows=8451056 width=8) (actual time=25475.883..25475.883 rows=8423851 loops=1)
        Buckets: 131072  Batches: 128  Memory Usage: 3604kB
        ->  Hash Join  (cost=102767.86..1021506.67 rows=8451056 width=8) (actual time=1864.826..22746.946 rows=8423851 loops=1)
              Hash Cond: (ci.movie_id = t.id)
              ->  Seq Scan on cast_info ci  (cost=0.00..705507.15 rows=8451056 width=4) (actual time=0.019..13251.503 rows=8423851 loops=1)
                    Filter: (person_id > 2842731)
                    Rows Removed by Filter: 27820493
              ->  Hash  (cost=61283.27..61283.27 rows=2528527 width=4) (actual time=1864.038..1864.038 rows=2528312 loops=1)
                    Buckets: 131072  Batches: 64  Memory Usage: 2415kB
                    ->  Seq Scan on title t  (cost=0.00..61283.27 rows=2528527 width=4) (actual time=0.030..1024.872 rows=2528312 loops=1)
Planning time: 0.798 ms
Execution time: 87059.909 ms
