Seq Scan on title t  (cost=0.00..73925.90 rows=1048791 width=0) (actual time=0.010..1216.793 rows=1142131 loops=1)
  Filter: ((kind_id > 4) AND (production_year > 1992))
  Rows Removed by Filter: 1386181
Planning time: 0.331 ms
Execution time: 1361.028 ms
