Seq Scan on movie_keyword mk  (cost=0.00..81003.12 rows=246 width=0) (actual time=9.470..1354.421 rows=548 loops=1)
  Filter: (keyword_id = 9920)
  Rows Removed by Filter: 4523382
Planning time: 0.271 ms
Execution time: 1354.741 ms
