Hash Join  (cost=102767.86..198197.65 rows=1147991 width=0) (actual time=1904.603..4472.862 rows=1257392 loops=1)
  Hash Cond: (mc.movie_id = t.id)
  ->  Seq Scan on movie_companies mc  (cost=0.00..57926.93 rows=1147991 width=4) (actual time=55.190..990.711 rows=1257392 loops=1)
        Filter: ((company_id > 166) AND (company_type_id = 2))
        Rows Removed by Filter: 1351737
  ->  Hash  (cost=61283.27..61283.27 rows=2528527 width=4) (actual time=1846.787..1846.787 rows=2528312 loops=1)
        Buckets: 131072  Batches: 64  Memory Usage: 2415kB
        ->  Seq Scan on title t  (cost=0.00..61283.27 rows=2528527 width=4) (actual time=0.023..1015.619 rows=2528312 loops=1)
Planning time: 6.636 ms
Execution time: 4611.045 ms
