Seq Scan on movie_keyword mk  (cost=0.00..81003.12 rows=4391863 width=0) (actual time=0.023..1432.379 rows=4395162 loops=1)
  Filter: (keyword_id < 76594)
  Rows Removed by Filter: 128768
Planning time: 0.271 ms
Execution time: 1963.115 ms
