Hash Join  (cost=77934.62..1116130.97 rows=5851387 width=0) (actual time=1284.893..30676.353 rows=4293465 loops=1)
  Hash Cond: (ci.movie_id = t.id)
  ->  Seq Scan on cast_info ci  (cost=0.00..705507.15 rows=23499554 width=4) (actual time=0.014..16613.276 rows=23573656 loops=1)
        Filter: (role_id > 1)
        Rows Removed by Filter: 12670688
  ->  Hash  (cost=67604.59..67604.59 rows=629603 width=4) (actual time=1284.001..1284.001 rows=622851 loops=1)
        Buckets: 131072  Batches: 16  Memory Usage: 2387kB
        ->  Seq Scan on title t  (cost=0.00..67604.59 rows=629603 width=4) (actual time=0.035..1076.480 rows=622851 loops=1)
              Filter: (production_year < 1987)
              Rows Removed by Filter: 1905461
Planning time: 0.705 ms
Execution time: 31212.492 ms
