Seq Scan on movie_keyword mk  (cost=0.00..81003.12 rows=246 width=0) (actual time=1.525..1339.309 rows=187 loops=1)
  Filter: (keyword_id = 6546)
  Rows Removed by Filter: 4523743
Planning time: 1.470 ms
Execution time: 1339.520 ms
