Seq Scan on movie_companies mc  (cost=0.00..57926.93 rows=2260 width=0) (actual time=299.384..809.602 rows=1 loops=1)
  Filter: ((company_id = 150) AND (company_type_id = 2))
  Rows Removed by Filter: 2609128
Planning time: 0.371 ms
Execution time: 809.675 ms
