Seq Scan on movie_keyword mk  (cost=0.00..81003.12 rows=1207158 width=0) (actual time=0.025..1403.340 rows=1215885 loops=1)
  Filter: (keyword_id > 15011)
  Rows Removed by Filter: 3308045
Planning time: 0.322 ms
Execution time: 1556.196 ms
