Hash Join  (cost=85838.47..211916.72 rows=840257 width=0) (actual time=1426.282..5373.663 rows=1608696 loops=1)
  Hash Cond: (mk.movie_id = t.id)
  ->  Seq Scan on movie_keyword mk  (cost=0.00..81003.12 rows=2926282 width=4) (actual time=0.013..1712.120 rows=2913580 loops=1)
        Filter: (keyword_id < 9427)
        Rows Removed by Filter: 1610350
  ->  Hash  (cost=73925.90..73925.90 rows=726045 width=4) (actual time=1425.621..1425.621 rows=628133 loops=1)
        Buckets: 131072  Batches: 16  Memory Usage: 2411kB
        ->  Seq Scan on title t  (cost=0.00..73925.90 rows=726045 width=4) (actual time=0.055..1219.252 rows=628133 loops=1)
              Filter: ((kind_id < 7) AND (production_year > 1985))
              Rows Removed by Filter: 1900179
Planning time: 0.817 ms
Execution time: 5573.331 ms
