Nested Loop  (cost=0.43..799346.52 rows=392 width=0) (actual time=9417.756..12290.801 rows=104 loops=1)
  ->  Seq Scan on cast_info ci  (cost=0.00..796071.18 rows=392 width=4) (actual time=9417.659..12285.393 rows=104 loops=1)
        Filter: ((role_id < 7) AND (person_id = 78970))
        Rows Removed by Filter: 36244240
  ->  Index Only Scan using title_pkey on title t  (cost=0.43..8.35 rows=1 width=4) (actual time=0.051..0.051 rows=1 loops=104)
        Index Cond: (id = ci.movie_id)
        Heap Fetches: 104
Planning time: 0.737 ms
Execution time: 12290.903 ms
