Seq Scan on cast_info ci  (cost=0.00..796071.18 rows=2633980 width=0) (actual time=4877.885..11777.522 rows=3369963 loops=1)
  Filter: ((person_id < 451535) AND (role_id < 3))
  Rows Removed by Filter: 32874381
Planning time: 0.324 ms
Execution time: 12196.162 ms
