Hash Join  (cost=219197.63..356863.61 rows=1660887 width=0) (actual time=6505.320..8645.914 rows=941702 loops=1)
  Hash Cond: (mk.movie_id = t.id)
  ->  Seq Scan on movie_keyword mk  (cost=0.00..81003.12 rows=2641396 width=4) (actual time=0.024..1636.321 rows=2626515 loops=1)
        Filter: (keyword_id > 3244)
        Rows Removed by Filter: 1897415
  ->  Hash  (cost=193112.68..193112.68 rows=1589916 width=8) (actual time=5087.237..5087.237 rows=717308 loops=1)
        Buckets: 131072  Batches: 32  Memory Usage: 1877kB
        ->  Hash Join  (cost=92883.59..193112.68 rows=1589916 width=8) (actual time=1734.023..4861.165 rows=717308 loops=1)
              Hash Cond: (mc.movie_id = t.id)
              ->  Seq Scan on movie_companies mc  (cost=0.00..44881.29 rows=2609129 width=4) (actual time=0.017..878.525 rows=2609129 loops=1)
              ->  Hash  (cost=67604.59..67604.59 rows=1540800 width=4) (actual time=1733.204..1733.204 rows=1543264 loops=1)
                    Buckets: 131072  Batches: 32  Memory Usage: 2722kB
                    ->  Seq Scan on title t  (cost=0.00..67604.59 rows=1540800 width=4) (actual time=58.357..1223.905 rows=1543264 loops=1)
                          Filter: (kind_id = 7)
                          Rows Removed by Filter: 985048
Planning time: 1.052 ms
Execution time: 8745.618 ms
