Nested Loop  (cost=0.43..709671.90 rows=500 width=0) (actual time=3098.885..9864.525 rows=161 loops=1)
  ->  Seq Scan on cast_info ci  (cost=0.00..705507.15 rows=500 width=4) (actual time=3098.736..9861.739 rows=161 loops=1)
        Filter: (person_id = 3357575)
        Rows Removed by Filter: 36244183
  ->  Index Only Scan using title_pkey on title t  (cost=0.43..8.32 rows=1 width=4) (actual time=0.016..0.016 rows=1 loops=161)
        Index Cond: (id = ci.movie_id)
        Heap Fetches: 161
Planning time: 5.804 ms
Execution time: 9864.653 ms
