Hash Join  (cost=74126.72..101124.88 rows=8768 width=0) (actual time=1186.837..1620.929 rows=15031 loops=1)
  Hash Cond: (mi_idx.movie_id = t.id)
  ->  Seq Scan on movie_info_idx mi_idx  (cost=0.00..21735.35 rows=1380035 width=4) (actual time=0.024..268.458 rows=1380035 loops=1)
  ->  Hash  (cost=73925.90..73925.90 rows=16065 width=4) (actual time=1071.211..1071.211 rows=9704 loops=1)
        Buckets: 16384  Batches: 1  Memory Usage: 470kB
        ->  Seq Scan on title t  (cost=0.00..73925.90 rows=16065 width=4) (actual time=258.936..1067.001 rows=9704 loops=1)
              Filter: ((kind_id = 1) AND (production_year = 2002))
              Rows Removed by Filter: 2518608
Planning time: 0.750 ms
Execution time: 1623.045 ms
