Hash Join  (cost=169072.19..210690.25 rows=228757 width=0) (actual time=3437.001..4767.213 rows=753426 loops=1)
  Hash Cond: (mi_idx.movie_id = t.id)
  ->  Seq Scan on movie_info_idx mi_idx  (cost=0.00..21735.35 rows=1380035 width=4) (actual time=0.025..410.594 rows=1380035 loops=1)
  ->  Hash  (cost=162195.03..162195.03 rows=419133 width=8) (actual time=3432.059..3432.059 rows=539614 loops=1)
        Buckets: 131072  Batches: 8  Memory Usage: 3659kB
        ->  Hash Join  (cost=83810.17..162195.03 rows=419133 width=8) (actual time=1370.526..3272.762 rows=539614 loops=1)
              Hash Cond: (mc.movie_id = t.id)
              ->  Seq Scan on movie_companies mc  (cost=0.00..57926.93 rows=1072958 width=4) (actual time=0.052..1138.966 rows=828087 loops=1)
                    Filter: ((company_id < 73924) AND (company_type_id > 1))
                    Rows Removed by Filter: 1781042
              ->  Hash  (cost=67604.59..67604.59 rows=987727 width=4) (actual time=1369.037..1369.037 rows=985048 loops=1)
                    Buckets: 131072  Batches: 16  Memory Usage: 3188kB
                    ->  Seq Scan on title t  (cost=0.00..67604.59 rows=987727 width=4) (actual time=0.017..1046.897 rows=985048 loops=1)
                          Filter: (kind_id < 7)
                          Rows Removed by Filter: 1543264
Planning time: 1.121 ms
Execution time: 4865.798 ms
