Hash Join  (cost=246950.76..777445.94 rows=5691462 width=0) (actual time=6268.487..29894.714 rows=49649091 loops=1)
  Hash Cond: (mi.movie_id = t.id)
  ->  Seq Scan on movie_info mi  (cost=0.00..346232.03 rows=9476311 width=4) (actual time=0.025..6646.584 rows=9565151 loops=1)
        Filter: (info_type_id < 16)
        Rows Removed by Filter: 5270569
  ->  Hash  (cost=222034.89..222034.89 rows=1518630 width=8) (actual time=6267.561..6267.561 rows=2071883 loops=1)
        Buckets: 131072  Batches: 32  Memory Usage: 3578kB
        ->  Hash Join  (cost=81530.55..222034.89 rows=1518630 width=8) (actual time=1497.532..5610.703 rows=2071883 loops=1)
              Hash Cond: (mk.movie_id = t.id)
              ->  Seq Scan on movie_keyword mk  (cost=0.00..69693.30 rows=4523930 width=4) (actual time=0.018..1399.144 rows=4523930 loops=1)
              ->  Hash  (cost=67604.59..67604.59 rows=848797 width=4) (actual time=1496.146..1496.146 rows=849141 loops=1)
                    Buckets: 131072  Batches: 16  Memory Usage: 2899kB
                    ->  Seq Scan on title t  (cost=0.00..67604.59 rows=848797 width=4) (actual time=0.025..1213.448 rows=849141 loops=1)
                          Filter: (production_year < 1996)
                          Rows Removed by Filter: 1679171
Planning time: 1.286 ms
Execution time: 35674.770 ms
