Hash Join  (cost=69409.47..146023.97 rows=113497 width=0) (actual time=1133.373..3027.104 rows=213312 loops=1)
  Hash Cond: (mc.movie_id = t.id)
  ->  Seq Scan on movie_companies mc  (cost=0.00..44881.29 rows=2609129 width=4) (actual time=0.022..842.054 rows=2609129 loops=1)
  ->  Hash  (cost=67604.59..67604.59 rows=109991 width=4) (actual time=1132.507..1132.507 rows=112515 loops=1)
        Buckets: 131072  Batches: 2  Memory Usage: 2996kB
        ->  Seq Scan on title t  (cost=0.00..67604.59 rows=109991 width=4) (actual time=90.462..1093.710 rows=112515 loops=1)
              Filter: (production_year < 1929)
              Rows Removed by Filter: 2415797
Planning time: 3.903 ms
Execution time: 3054.093 ms
