Seq Scan on cast_info ci  (cost=0.00..705507.15 rows=500 width=0) (actual time=8219.836..11215.585 rows=2 loops=1)
  Filter: (person_id = 3666352)
  Rows Removed by Filter: 36244342
Planning time: 0.352 ms
Execution time: 11215.686 ms
