Hash Join  (cost=166296.00..611174.71 rows=2295803 width=0) (actual time=5302.212..15081.661 rows=6961943 loops=1)
  Hash Cond: (mi.movie_id = t.id)
  ->  Seq Scan on movie_info mi  (cost=0.00..346232.03 rows=6231111 width=4) (actual time=1518.791..6226.458 rows=6223494 loops=1)
        Filter: (info_type_id > 8)
        Rows Removed by Filter: 8612226
  ->  Hash  (cost=151010.81..151010.81 rows=931615 width=8) (actual time=3782.537..3782.537 rows=875032 loops=1)
        Buckets: 131072  Batches: 16  Memory Usage: 3174kB
        ->  Hash Join  (cost=95609.14..151010.81 rows=931615 width=8) (actual time=1914.360..3524.601 rows=875032 loops=1)
              Hash Cond: (mi_idx.movie_id = t.id)
              ->  Seq Scan on movie_info_idx mi_idx  (cost=0.00..21735.35 rows=1380035 width=4) (actual time=0.030..439.095 rows=1380035 loops=1)
              ->  Hash  (cost=67604.59..67604.59 rows=1706924 width=4) (actual time=1913.226..1913.226 rows=1700316 loops=1)
                    Buckets: 131072  Batches: 32  Memory Usage: 2895kB
                    ->  Seq Scan on title t  (cost=0.00..67604.59 rows=1706924 width=4) (actual time=0.018..1353.077 rows=1700316 loops=1)
                          Filter: (production_year > 1992)
                          Rows Removed by Filter: 827996
Planning time: 1.153 ms
Execution time: 15856.512 ms
