Hash Join  (cost=190066.81..562539.82 rows=652551 width=0) (actual time=7719.290..11347.023 rows=1197085 loops=1)
  Hash Cond: (mi.movie_id = t.id)
  ->  Seq Scan on movie_info mi  (cost=0.00..346232.03 rows=1264125 width=4) (actual time=3097.721..5460.776 rows=1288928 loops=1)
        Filter: (info_type_id = 2)
        Rows Removed by Filter: 13546792
  ->  Hash  (cost=168652.25..168652.25 rows=1305245 width=8) (actual time=4620.459..4620.459 rows=1365044 loops=1)
        Buckets: 131072  Batches: 32  Memory Usage: 2709kB
        ->  Hash Join  (cost=106840.27..168652.25 rows=1305245 width=8) (actual time=1977.756..4217.988 rows=1365044 loops=1)
              Hash Cond: (mi_idx.movie_id = t.id)
              ->  Seq Scan on movie_info_idx mi_idx  (cost=0.00..21735.35 rows=1380035 width=4) (actual time=0.033..459.318 rows=1380035 loops=1)
              ->  Hash  (cost=67604.59..67604.59 rows=2391495 width=4) (actual time=1976.928..1976.928 rows=2388876 loops=1)
                    Buckets: 131072  Batches: 32  Memory Usage: 3646kB
                    ->  Seq Scan on title t  (cost=0.00..67604.59 rows=2391495 width=4) (actual time=0.027..1230.532 rows=2388876 loops=1)
                          Filter: (production_year < 2013)
                          Rows Removed by Filter: 139436
Planning time: 1.143 ms
Execution time: 11498.142 ms
