Seq Scan on cast_info ci  (cost=0.00..705507.15 rows=1176477 width=0) (actual time=159.747..10815.919 rows=1073446 loops=1)
  Filter: (person_id < 109758)
  Rows Removed by Filter: 35170898
Planning time: 0.324 ms
Execution time: 10953.974 ms
