Hash Join  (cost=76423.37..483734.55 rows=299280 width=0) (actual time=2785.593..9336.821 rows=1069896 loops=1)
  Hash Cond: (mi.movie_id = t.id)
  ->  Seq Scan on movie_info mi  (cost=0.00..346232.03 rows=4972096 width=4) (actual time=1119.554..5615.858 rows=4923966 loops=1)
        Filter: (info_type_id < 5)
        Rows Removed by Filter: 9911754
  ->  Hash  (cost=73925.90..73925.90 rows=152197 width=4) (actual time=1341.097..1341.097 rows=287134 loops=1)
        Buckets: 131072 (originally 131072)  Batches: 4 (originally 2)  Memory Usage: 3554kB
        ->  Seq Scan on title t  (cost=0.00..73925.90 rows=152197 width=4) (actual time=171.512..1231.869 rows=287134 loops=1)
              Filter: ((production_year < 1984) AND (kind_id = 1))
              Rows Removed by Filter: 2241178
Planning time: 3.074 ms
Execution time: 9446.219 ms
