Hash Join  (cost=232590.93..1087108.79 rows=4888545 width=0) (actual time=14240.107..25161.521 rows=8262151 loops=1)
  Hash Cond: (ci.movie_id = t.id)
  ->  Seq Scan on cast_info ci  (cost=0.00..705507.15 rows=7298253 width=4) (actual time=8920.067..13770.144 rows=7451973 loops=1)
        Filter: (role_id = 2)
        Rows Removed by Filter: 28792371
  ->  Hash  (cost=204804.08..204804.08 rows=1693668 width=8) (actual time=5319.130..5319.130 rows=1692071 loops=1)
        Buckets: 131072  Batches: 32  Memory Usage: 3079kB
        ->  Hash Join  (cost=102767.86..204804.08 rows=1693668 width=8) (actual time=1992.837..4856.377 rows=1692071 loops=1)
              Hash Cond: (mc.movie_id = t.id)
              ->  Seq Scan on movie_companies mc  (cost=0.00..51404.11 rows=1693668 width=4) (actual time=0.026..1098.119 rows=1692071 loops=1)
                    Filter: (company_id > 3115)
                    Rows Removed by Filter: 917058
              ->  Hash  (cost=61283.27..61283.27 rows=2528527 width=4) (actual time=1991.125..1991.125 rows=2528312 loops=1)
                    Buckets: 131072  Batches: 64  Memory Usage: 2415kB
                    ->  Seq Scan on title t  (cost=0.00..61283.27 rows=2528527 width=4) (actual time=0.023..1130.684 rows=2528312 loops=1)
Planning time: 1.180 ms
Execution time: 26065.234 ms
