Seq Scan on cast_info ci  (cost=0.00..796071.18 rows=23584739 width=0) (actual time=0.141..16792.659 rows=25839339 loops=1)
  Filter: ((person_id < 2783928) AND (role_id < 10))
  Rows Removed by Filter: 10405005
Planning time: 0.338 ms
Execution time: 19972.322 ms
