Hash Join  (cost=83074.74..434079.80 rows=124 width=0) (actual time=3046.799..6884.020 rows=146 loops=1)
  Hash Cond: (mi.movie_id = t.id)
  ->  Seq Scan on movie_info mi  (cost=0.00..346232.03 rows=1272478 width=4) (actual time=1391.160..5295.856 rows=1325361 loops=1)
        Filter: (info_type_id = 8)
        Rows Removed by Filter: 13510359
  ->  Hash  (cost=83071.67..83071.67 rows=246 width=8) (actual time=1417.580..1417.580 rows=150 loops=1)
        Buckets: 1024  Batches: 1  Memory Usage: 14kB
        ->  Nested Loop  (cost=0.43..83071.67 rows=246 width=8) (actual time=30.553..1417.373 rows=150 loops=1)
              ->  Seq Scan on movie_keyword mk  (cost=0.00..81003.12 rows=246 width=4) (actual time=30.461..1409.147 rows=150 loops=1)
                    Filter: (keyword_id = 32922)
                    Rows Removed by Filter: 4523780
              ->  Index Only Scan using title_pkey on title t  (cost=0.43..8.40 rows=1 width=4) (actual time=0.050..0.051 rows=1 loops=150)
                    Index Cond: (id = mk.movie_id)
                    Heap Fetches: 150
Planning time: 1.010 ms
Execution time: 6884.171 ms
