Hash Join  (cost=217559.09..585477.24 rows=396866 width=0) (actual time=8492.503..9904.444 rows=98492 loops=1)
  Hash Cond: (mi.movie_id = t.id)
  ->  Seq Scan on movie_info mi  (cost=0.00..346232.03 rows=1264125 width=4) (actual time=4435.774..5210.425 rows=1288928 loops=1)
        Filter: (info_type_id = 2)
        Rows Removed by Filter: 13546792
  ->  Hash  (cost=204535.36..204535.36 rows=793818 width=8) (actual time=4055.579..4055.579 rows=160899 loops=1)
        Buckets: 131072  Batches: 16  Memory Usage: 1425kB
        ->  Hash Join  (cost=92883.59..204535.36 rows=793818 width=8) (actual time=2947.108..4008.617 rows=160899 loops=1)
              Hash Cond: (mk.movie_id = t.id)
              ->  Seq Scan on movie_keyword mk  (cost=0.00..81003.12 rows=1302694 width=4) (actual time=0.032..1427.183 rows=1309755 loops=1)
                    Filter: (keyword_id < 1716)
                    Rows Removed by Filter: 3214175
              ->  Hash  (cost=67604.59..67604.59 rows=1540800 width=4) (actual time=1741.033..1741.033 rows=1543264 loops=1)
                    Buckets: 131072  Batches: 32  Memory Usage: 2728kB
                    ->  Seq Scan on title t  (cost=0.00..67604.59 rows=1540800 width=4) (actual time=0.026..1224.289 rows=1543264 loops=1)
                          Filter: (kind_id = 7)
                          Rows Removed by Filter: 985048
Planning time: 1.498 ms
Execution time: 9917.647 ms
