Hash Join  (cost=71408.55..139102.67 rows=65093 width=0) (actual time=1200.408..2520.000 rows=28898 loops=1)
  Hash Cond: (mc.movie_id = t.id)
  ->  Seq Scan on movie_companies mc  (cost=0.00..57926.93 rows=709936 width=4) (actual time=0.023..1079.271 rows=445937 loops=1)
        Filter: ((company_id < 11930) AND (company_type_id = 2))
        Rows Removed by Filter: 2163192
  ->  Hash  (cost=67604.59..67604.59 rows=231837 width=4) (actual time=1199.389..1199.389 rows=231649 loops=1)
        Buckets: 131072  Batches: 4  Memory Usage: 3076kB
        ->  Seq Scan on title t  (cost=0.00..67604.59 rows=231837 width=4) (actual time=0.023..1120.604 rows=231649 loops=1)
              Filter: (production_year > 2011)
              Rows Removed by Filter: 2296663
Planning time: 0.792 ms
Execution time: 2524.040 ms
