Hash Join  (cost=334354.45..1067260.47 rows=20267029 width=0) (actual time=8584.461..62961.800 rows=178003946 loops=1)
  Hash Cond: (mi.movie_id = t.id)
  ->  Seq Scan on movie_info mi  (cost=0.00..309384.22 rows=14739122 width=4) (actual time=0.025..6180.753 rows=14835720 loops=1)
  ->  Hash  (cost=277311.81..277311.81 rows=3476851 width=8) (actual time=8583.547..8583.547 rows=3466302 loops=1)
        Buckets: 131072  Batches: 64  Memory Usage: 3238kB
        ->  Hash Join  (cost=102767.86..277311.81 rows=3476851 width=8) (actual time=1968.250..7536.862 rows=3466302 loops=1)
              Hash Cond: (mk.movie_id = t.id)
              ->  Seq Scan on movie_keyword mk  (cost=0.00..81003.12 rows=3476851 width=4) (actual time=0.017..1767.200 rows=3466302 loops=1)
                    Filter: (keyword_id < 16687)
                    Rows Removed by Filter: 1057628
              ->  Hash  (cost=61283.27..61283.27 rows=2528527 width=4) (actual time=1965.251..1965.251 rows=2528312 loops=1)
                    Buckets: 131072  Batches: 64  Memory Usage: 2425kB
                    ->  Seq Scan on title t  (cost=0.00..61283.27 rows=2528527 width=4) (actual time=0.021..1123.460 rows=2528312 loops=1)
Planning time: 1.130 ms
Execution time: 82444.456 ms
