Hash Join  (cost=102767.86..1593583.22 rows=28461919 width=0) (actual time=2017.215..52495.699 rows=30689723 loops=1)
  Hash Cond: (ci.movie_id = t.id)
  ->  Seq Scan on cast_info ci  (cost=0.00..796071.18 rows=28461919 width=4) (actual time=0.019..21028.655 rows=30689723 loops=1)
        Filter: ((person_id < 3417446) AND (role_id < 10))
        Rows Removed by Filter: 5554621
  ->  Hash  (cost=61283.27..61283.27 rows=2528527 width=4) (actual time=2015.486..2015.486 rows=2528312 loops=1)
        Buckets: 131072  Batches: 64  Memory Usage: 2415kB
        ->  Seq Scan on title t  (cost=0.00..61283.27 rows=2528527 width=4) (actual time=0.014..1135.722 rows=2528312 loops=1)
Planning time: 0.770 ms
Execution time: 56083.705 ms
