Hash Join  (cost=110680.90..234606.51 rows=157857 width=0) (actual time=2562.803..5764.279 rows=1130222 loops=1)
  Hash Cond: (mk.movie_id = t.id)
  ->  Seq Scan on movie_keyword mk  (cost=0.00..69693.30 rows=4523930 width=4) (actual time=0.014..1490.859 rows=4523930 loops=1)
  ->  Hash  (cost=109233.03..109233.03 rows=88230 width=8) (actual time=2561.954..2561.954 rows=88370 loops=1)
        Buckets: 131072  Batches: 2  Memory Usage: 2757kB
        ->  Hash Join  (cost=71587.82..109233.03 rows=88230 width=8) (actual time=1520.817..2529.964 rows=88370 loops=1)
              Hash Cond: (mi_idx.movie_id = t.id)
              ->  Seq Scan on movie_info_idx mi_idx  (cost=0.00..25185.44 rows=919057 width=4) (actual time=0.018..531.448 rows=920110 loops=1)
                    Filter: (info_type_id > 99)
                    Rows Removed by Filter: 459925
              ->  Hash  (cost=67604.59..67604.59 rows=242739 width=4) (actual time=1520.043..1520.043 rows=241400 loops=1)
                    Buckets: 131072  Batches: 4  Memory Usage: 3146kB
                    ->  Seq Scan on title t  (cost=0.00..67604.59 rows=242739 width=4) (actual time=0.012..1123.711 rows=241400 loops=1)
                          Filter: (production_year < 1960)
                          Rows Removed by Filter: 2286912
Planning time: 7.295 ms
Execution time: 5891.165 ms
