Hash Join  (cost=83074.87..891119.31 rows=2234 width=0) (actual time=1333.821..17966.062 rows=6719 loops=1)
  Hash Cond: (ci.movie_id = t.id)
  ->  Seq Scan on cast_info ci  (cost=0.00..705507.15 rows=27337310 width=4) (actual time=0.018..12434.939 rows=27480419 loops=1)
        Filter: (person_id > 863079)
        Rows Removed by Filter: 8763925
  ->  Hash  (cost=83072.29..83072.29 rows=207 width=8) (actual time=1331.429..1331.429 rows=129 loops=1)
        Buckets: 1024  Batches: 1  Memory Usage: 14kB
        ->  Nested Loop  (cost=0.43..83072.29 rows=207 width=8) (actual time=5.273..1331.244 rows=129 loops=1)
              ->  Seq Scan on movie_keyword mk  (cost=0.00..81003.12 rows=246 width=4) (actual time=5.219..1311.672 rows=159 loops=1)
                    Filter: (keyword_id = 8724)
                    Rows Removed by Filter: 4523771
              ->  Index Scan using title_pkey on title t  (cost=0.43..8.40 rows=1 width=4) (actual time=0.119..0.119 rows=1 loops=159)
                    Index Cond: (id = mk.movie_id)
                    Filter: (production_year > 1967)
                    Rows Removed by Filter: 0
Planning time: 1.196 ms
Execution time: 17968.492 ms
