Nested Loop  (cost=0.43..799704.37 rows=235 width=0) (actual time=5363.509..14819.516 rows=411 loops=1)
  ->  Seq Scan on cast_info ci  (cost=0.00..796071.18 rows=435 width=4) (actual time=5363.167..14798.426 rows=421 loops=1)
        Filter: ((role_id < 10) AND (person_id = 2242104))
        Rows Removed by Filter: 36243923
  ->  Index Scan using title_pkey on title t  (cost=0.43..8.34 rows=1 width=4) (actual time=0.049..0.049 rows=1 loops=421)
        Index Cond: (id = ci.movie_id)
        Filter: ((production_year > 1957) AND (kind_id = 7))
        Rows Removed by Filter: 0
Planning time: 0.795 ms
Execution time: 14819.750 ms
