Nested Loop  (cost=0.43..797957.66 rows=224 width=0) (actual time=12187.796..13438.357 rows=73 loops=1)
  ->  Seq Scan on cast_info ci  (cost=0.00..796071.18 rows=224 width=4) (actual time=12187.711..13436.360 rows=73 loops=1)
        Filter: ((role_id > 2) AND (person_id = 3642876))
        Rows Removed by Filter: 36244271
  ->  Index Only Scan using title_pkey on title t  (cost=0.43..8.41 rows=1 width=4) (actual time=0.026..0.026 rows=1 loops=73)
        Index Cond: (id = ci.movie_id)
        Heap Fetches: 73
Planning time: 2.646 ms
Execution time: 13438.461 ms
