Hash Join  (cost=102767.86..186538.55 rows=663493 width=0) (actual time=2834.517..4768.182 rows=909451 loops=1)
  Hash Cond: (mc.movie_id = t.id)
  ->  Seq Scan on movie_companies mc  (cost=0.00..57926.93 rows=663493 width=4) (actual time=426.587..1155.425 rows=909451 loops=1)
        Filter: ((company_id > 11280) AND (company_type_id > 1))
        Rows Removed by Filter: 1699678
  ->  Hash  (cost=61283.27..61283.27 rows=2528527 width=4) (actual time=2406.817..2406.817 rows=2528312 loops=1)
        Buckets: 131072  Batches: 64  Memory Usage: 2415kB
        ->  Seq Scan on title t  (cost=0.00..61283.27 rows=2528527 width=4) (actual time=0.012..1296.607 rows=2528312 loops=1)
Planning time: 0.723 ms
Execution time: 4878.384 ms
