Hash Join  (cost=296072.09..970139.80 rows=14752698 width=0) (actual time=6601.899..47879.797 rows=125814315 loops=1)
  Hash Cond: (mi.movie_id = t.id)
  ->  Seq Scan on movie_info mi  (cost=0.00..309384.22 rows=14739122 width=4) (actual time=0.013..6371.769 rows=14835720 loops=1)
  ->  Hash  (cost=254549.39..254549.39 rows=2530856 width=8) (actual time=6599.957..6599.957 rows=2523382 loops=1)
        Buckets: 131072  Batches: 64  Memory Usage: 2662kB
        ->  Hash Join  (cost=102767.86..254549.39 rows=2530856 width=8) (actual time=1886.725..5856.035 rows=2523382 loops=1)
              Hash Cond: (mk.movie_id = t.id)
              ->  Seq Scan on movie_keyword mk  (cost=0.00..81003.12 rows=2530856 width=4) (actual time=0.020..1637.015 rows=2523382 loops=1)
                    Filter: (keyword_id < 6254)
                    Rows Removed by Filter: 2000548
              ->  Hash  (cost=61283.27..61283.27 rows=2528527 width=4) (actual time=1885.527..1885.527 rows=2528312 loops=1)
                    Buckets: 131072  Batches: 64  Memory Usage: 2425kB
                    ->  Seq Scan on title t  (cost=0.00..61283.27 rows=2528527 width=4) (actual time=0.014..1041.847 rows=2528312 loops=1)
Planning time: 1.160 ms
Execution time: 61070.542 ms
