Hash Join  (cost=102767.86..224950.77 rows=2530880 width=0) (actual time=2389.229..5966.301 rows=2531283 loops=1)
  Hash Cond: (mc.movie_id = t.id)
  ->  Seq Scan on movie_companies mc  (cost=0.00..51404.11 rows=2530880 width=4) (actual time=0.020..1180.751 rows=2531283 loops=1)
        Filter: (company_id < 171366)
        Rows Removed by Filter: 77846
  ->  Hash  (cost=61283.27..61283.27 rows=2528527 width=4) (actual time=2387.436..2387.436 rows=2528312 loops=1)
        Buckets: 131072  Batches: 64  Memory Usage: 2415kB
        ->  Seq Scan on title t  (cost=0.00..61283.27 rows=2528527 width=4) (actual time=0.014..1112.664 rows=2528312 loops=1)
Planning time: 0.769 ms
Execution time: 6263.582 ms
