Seq Scan on movie_companies mc  (cost=0.00..51404.11 rows=2331251 width=0) (actual time=0.018..961.374 rows=2329020 loops=1)
  Filter: (company_id < 95947)
  Rows Removed by Filter: 280109
Planning time: 0.341 ms
Execution time: 1254.679 ms
