Hash Join  (cost=73982.55..130207.79 rows=2293 width=0) (actual time=1448.194..2514.955 rows=2941 loops=1)
  Hash Cond: (mc.movie_id = t.id)
  ->  Seq Scan on movie_companies mc  (cost=0.00..51404.11 rows=1279517 width=4) (actual time=86.643..938.273 rows=1274246 loops=1)
        Filter: (company_type_id < 2)
        Rows Removed by Filter: 1334883
  ->  Hash  (cost=73925.90..73925.90 rows=4532 width=4) (actual time=1357.061..1357.061 rows=7822 loops=1)
        Buckets: 8192  Batches: 1  Memory Usage: 339kB
        ->  Seq Scan on title t  (cost=0.00..73925.90 rows=4532 width=4) (actual time=199.938..1353.221 rows=7822 loops=1)
              Filter: ((kind_id = 7) AND (production_year = 1974))
              Rows Removed by Filter: 2520490
Planning time: 0.798 ms
Execution time: 2515.466 ms
