Hash Join  (cost=156285.35..284340.16 rows=473640 width=0) (actual time=3324.974..11636.678 rows=19368735 loops=1)
  Hash Cond: (mk.movie_id = t.id)
  ->  Seq Scan on movie_keyword mk  (cost=0.00..81003.12 rows=3545411 width=4) (actual time=0.021..1837.618 rows=3538466 loops=1)
        Filter: (keyword_id > 925)
        Rows Removed by Filter: 985464
  ->  Hash  (cost=150742.95..150742.95 rows=337792 width=8) (actual time=3324.293..3324.293 rows=667070 loops=1)
        Buckets: 131072 (originally 131072)  Batches: 16 (originally 8)  Memory Usage: 3073kB
        ->  Hash Join  (cost=78556.72..150742.95 rows=337792 width=8) (actual time=1776.122..3143.034 rows=667070 loops=1)
              Hash Cond: (mc.movie_id = t.id)
              ->  Seq Scan on movie_companies mc  (cost=0.00..51404.11 rows=1279517 width=4) (actual time=85.121..914.305 rows=1274246 loops=1)
                    Filter: (company_type_id = 1)
                    Rows Removed by Filter: 1334883
              ->  Hash  (cost=67604.59..67604.59 rows=667531 width=4) (actual time=1365.371..1365.371 rows=662825 loops=1)
                    Buckets: 131072  Batches: 16  Memory Usage: 2476kB
                    ->  Seq Scan on title t  (cost=0.00..67604.59 rows=667531 width=4) (actual time=0.025..1159.220 rows=662825 loops=1)
                          Filter: (kind_id = 1)
                          Rows Removed by Filter: 1865487
Planning time: 1.113 ms
Execution time: 13671.478 ms
