Hash Join  (cost=82805.75..169377.09 rows=46862 width=0) (actual time=1526.483..3097.864 rows=60805 loops=1)
  Hash Cond: (mk.movie_id = t.id)
  ->  Seq Scan on movie_keyword mk  (cost=0.00..81003.12 rows=127893 width=4) (actual time=0.033..1319.341 rows=124414 loops=1)
        Filter: (keyword_id > 77266)
        Rows Removed by Filter: 4399516
  ->  Hash  (cost=67604.59..67604.59 rows=926493 width=4) (actual time=1523.260..1523.260 rows=924605 loops=1)
        Buckets: 131072  Batches: 16  Memory Usage: 3063kB
        ->  Seq Scan on title t  (cost=0.00..67604.59 rows=926493 width=4) (actual time=0.023..1217.163 rows=924605 loops=1)
              Filter: (production_year < 1998)
              Rows Removed by Filter: 1603707
Planning time: 1.769 ms
Execution time: 3105.837 ms
