Hash Join  (cost=147043.46..506953.55 rows=8824 width=0) (actual time=2644.094..7585.741 rows=387 loops=1)
  Hash Cond: (mi.movie_id = t.id)
  ->  Seq Scan on movie_info mi  (cost=0.00..346232.03 rows=3623957 width=4) (actual time=1149.150..5576.564 rows=3624977 loops=1)
        Filter: (info_type_id < 4)
        Rows Removed by Filter: 11210743
  ->  Hash  (cost=146966.51..146966.51 rows=6156 width=8) (actual time=1492.033..1492.033 rows=130 loops=1)
        Buckets: 8192  Batches: 1  Memory Usage: 70kB
        ->  Nested Loop  (cost=0.43..146966.51 rows=6156 width=8) (actual time=477.751..1491.773 rows=130 loops=1)
              ->  Seq Scan on movie_keyword mk  (cost=0.00..81003.12 rows=10103 width=4) (actual time=0.057..1211.427 rows=10544 loops=1)
                    Filter: (keyword_id = 398)
                    Rows Removed by Filter: 4513386
              ->  Index Scan using title_pkey on title t  (cost=0.43..6.52 rows=1 width=4) (actual time=0.026..0.026 rows=0 loops=10544)
                    Index Cond: (id = mk.movie_id)
                    Filter: (kind_id = 7)
                    Rows Removed by Filter: 1
Planning time: 1.207 ms
Execution time: 7585.955 ms
