Seq Scan on movie_companies mc  (cost=0.00..57926.93 rows=619220 width=0) (actual time=244.070..1038.942 rows=375428 loops=1)
  Filter: ((company_id > 11418) AND (company_type_id < 2))
  Rows Removed by Filter: 2233701
Planning time: 0.235 ms
Execution time: 1086.268 ms
