Nested Loop  (cost=0.43..58375.18 rows=53 width=0) (actual time=5.466..1013.437 rows=1048 loops=1)
  ->  Seq Scan on movie_companies mc  (cost=0.00..57926.93 rows=53 width=4) (actual time=5.405..964.650 rows=1048 loops=1)
        Filter: ((company_type_id > 1) AND (company_id = 338))
        Rows Removed by Filter: 2608081
  ->  Index Only Scan using title_pkey on title t  (cost=0.43..8.45 rows=1 width=4) (actual time=0.045..0.046 rows=1 loops=1048)
        Index Cond: (id = mc.movie_id)
        Heap Fetches: 1048
Planning time: 0.555 ms
Execution time: 1013.786 ms
