Hash Join  (cost=232142.97..746408.49 rows=4221695 width=0) (actual time=6292.263..25764.349 rows=35379013 loops=1)
  Hash Cond: (mi.movie_id = t.id)
  ->  Seq Scan on movie_info mi  (cost=0.00..346232.03 rows=9476311 width=4) (actual time=837.421..7297.691 rows=9565151 loops=1)
        Filter: (info_type_id < 16)
        Rows Removed by Filter: 5270569
  ->  Hash  (cost=213661.24..213661.24 rows=1126458 width=8) (actual time=5443.056..5443.056 rows=1552993 loops=1)
        Buckets: 131072 (originally 131072)  Batches: 32 (originally 16)  Memory Usage: 3073kB
        ->  Hash Join  (cost=77934.62..213661.24 rows=1126458 width=8) (actual time=1368.673..5052.915 rows=1552993 loops=1)
              Hash Cond: (mk.movie_id = t.id)
              ->  Seq Scan on movie_keyword mk  (cost=0.00..69693.30 rows=4523930 width=4) (actual time=0.026..1472.707 rows=4523930 loops=1)
              ->  Hash  (cost=67604.59..67604.59 rows=629603 width=4) (actual time=1367.394..1367.394 rows=622851 loops=1)
                    Buckets: 131072  Batches: 16  Memory Usage: 2394kB
                    ->  Seq Scan on title t  (cost=0.00..67604.59 rows=629603 width=4) (actual time=0.018..1159.554 rows=622851 loops=1)
                          Filter: (production_year < 1987)
                          Rows Removed by Filter: 1905461
Planning time: 1.162 ms
Execution time: 29619.834 ms
