Seq Scan on cast_info ci  (cost=0.00..796071.18 rows=324 width=0) (actual time=6852.019..13601.389 rows=1 loops=1)
  Filter: ((role_id > 1) AND (person_id = 758631))
  Rows Removed by Filter: 36244343
Planning time: 0.397 ms
Execution time: 13601.494 ms
