Seq Scan on movie_companies mc  (cost=0.00..51404.11 rows=557899 width=0) (actual time=0.032..793.872 rows=552862 loops=1)
  Filter: (company_id < 575)
  Rows Removed by Filter: 2056267
Planning time: 0.307 ms
Execution time: 866.296 ms
