Hash Join  (cost=101326.70..466612.12 rows=62952 width=0) (actual time=1533.501..9047.721 rows=397214 loops=1)
  Hash Cond: (mi.movie_id = t.id)
  ->  Seq Scan on movie_info mi  (cost=0.00..309384.22 rows=14739122 width=4) (actual time=0.015..4231.508 rows=14835720 loops=1)
  ->  Hash  (cost=101191.71..101191.71 rows=10799 width=8) (actual time=1533.286..1533.286 rows=21002 loops=1)
        Buckets: 32768 (originally 16384)  Batches: 1 (originally 1)  Memory Usage: 1077kB
        ->  Hash Join  (cost=74173.24..101191.71 rows=10799 width=8) (actual time=952.694..1526.477 rows=21002 loops=1)
              Hash Cond: (mi_idx.movie_id = t.id)
              ->  Seq Scan on movie_info_idx mi_idx  (cost=0.00..21735.35 rows=1380035 width=4) (actual time=0.014..299.523 rows=1380035 loops=1)
              ->  Hash  (cost=73925.90..73925.90 rows=19787 width=4) (actual time=952.480..952.480 rows=15791 loops=1)
                    Buckets: 32768  Batches: 1  Memory Usage: 812kB
                    ->  Seq Scan on title t  (cost=0.00..73925.90 rows=19787 width=4) (actual time=0.050..946.245 rows=15791 loops=1)
                          Filter: ((kind_id < 7) AND (production_year = 1999))
                          Rows Removed by Filter: 2512521
Planning time: 1.227 ms
Execution time: 9099.632 ms
