Hash Join  (cost=709678.15..1074363.23 rows=2915 width=0) (actual time=10218.047..16823.737 rows=905 loops=1)
  Hash Cond: (mi.movie_id = t.id)
  ->  Seq Scan on movie_info mi  (cost=0.00..309384.22 rows=14739122 width=4) (actual time=0.010..4079.864 rows=14835720 loops=1)
  ->  Hash  (cost=709671.90..709671.90 rows=500 width=8) (actual time=9951.823..9951.823 rows=418 loops=1)
        Buckets: 1024  Batches: 1  Memory Usage: 25kB
        ->  Nested Loop  (cost=0.43..709671.90 rows=500 width=8) (actual time=6402.428..9951.623 rows=418 loops=1)
              ->  Seq Scan on cast_info ci  (cost=0.00..705507.15 rows=500 width=4) (actual time=6402.053..9939.381 rows=418 loops=1)
                    Filter: (person_id = 2245600)
                    Rows Removed by Filter: 36243926
              ->  Index Only Scan using title_pkey on title t  (cost=0.43..8.32 rows=1 width=4) (actual time=0.028..0.028 rows=1 loops=418)
                    Index Cond: (id = ci.movie_id)
                    Heap Fetches: 418
Planning time: 5.120 ms
Execution time: 16823.984 ms
