Seq Scan on movie_keyword mk  (cost=0.00..81003.12 rows=1491192 width=0) (actual time=0.031..1482.193 rows=1502245 loops=1)
  Filter: (keyword_id < 2164)
  Rows Removed by Filter: 3021685
Planning time: 0.311 ms
Execution time: 1674.058 ms
