Hash Join  (cost=157845.47..189321.63 rows=29222 width=0) (actual time=3878.322..4583.319 rows=69115 loops=1)
  Hash Cond: (mi_idx.movie_id = t.id)
  ->  Seq Scan on movie_info_idx mi_idx  (cost=0.00..25185.44 rows=464934 width=4) (actual time=0.022..469.975 rows=460185 loops=1)
        Filter: (info_type_id > 100)
        Rows Removed by Filter: 919850
  ->  Hash  (cost=155237.93..155237.93 rows=158923 width=8) (actual time=3877.480..3877.480 rows=167033 loops=1)
        Buckets: 131072  Batches: 4  Memory Usage: 2651kB
        ->  Hash Join  (cost=92883.59..155237.93 rows=158923 width=8) (actual time=2621.557..3829.760 rows=167033 loops=1)
              Hash Cond: (mc.movie_id = t.id)
              ->  Seq Scan on movie_companies mc  (cost=0.00..51404.11 rows=260801 width=4) (actual time=0.030..849.478 rows=257045 loops=1)
                    Filter: (company_id < 127)
                    Rows Removed by Filter: 2352084
              ->  Hash  (cost=67604.59..67604.59 rows=1540800 width=4) (actual time=2548.121..2548.121 rows=1543264 loops=1)
                    Buckets: 131072  Batches: 32  Memory Usage: 2722kB
                    ->  Seq Scan on title t  (cost=0.00..67604.59 rows=1540800 width=4) (actual time=0.015..1282.498 rows=1543264 loops=1)
                          Filter: (kind_id = 7)
                          Rows Removed by Filter: 985048
Planning time: 1.177 ms
Execution time: 4592.128 ms
