Hash Join  (cost=132056.69..225308.57 rows=87668 width=0) (actual time=2894.725..5391.338 rows=484113 loops=1)
  Hash Cond: (mk.movie_id = t.id)
  ->  Seq Scan on movie_keyword mk  (cost=0.00..81003.12 rows=900288 width=4) (actual time=0.031..1350.787 rows=900055 loops=1)
        Filter: (keyword_id > 20504)
        Rows Removed by Filter: 3623875
  ->  Hash  (cost=128016.91..128016.91 rows=246222 width=8) (actual time=2893.891..2893.891 rows=297009 loops=1)
        Buckets: 131072  Batches: 4  Memory Usage: 3937kB
        ->  Hash Join  (cost=89762.59..128016.91 rows=246222 width=8) (actual time=1733.479..2803.606 rows=297009 loops=1)
              Hash Cond: (mi_idx.movie_id = t.id)
              ->  Seq Scan on movie_info_idx mi_idx  (cost=0.00..25185.44 rows=460978 width=4) (actual time=0.014..498.381 rows=459925 loops=1)
                    Filter: (info_type_id < 100)
                    Rows Removed by Filter: 920110
              ->  Hash  (cost=67604.59..67604.59 rows=1350560 width=4) (actual time=1732.572..1732.572 rows=1348293 loops=1)
                    Buckets: 131072  Batches: 32  Memory Usage: 2505kB
                    ->  Seq Scan on title t  (cost=0.00..67604.59 rows=1350560 width=4) (actual time=0.028..1315.499 rows=1348293 loops=1)
                          Filter: (production_year < 2005)
                          Rows Removed by Filter: 1180019
Planning time: 1.153 ms
Execution time: 5451.741 ms
