Hash Join  (cost=190230.21..1099980.72 rows=3472405 width=0) (actual time=5918.297..25955.379 rows=7070449 loops=1)
  Hash Cond: (ci.movie_id = t.id)
  ->  Seq Scan on cast_info ci  (cost=0.00..796071.18 rows=6362208 width=4) (actual time=1436.874..15866.031 rows=7451973 loops=1)
        Filter: ((person_id < 3212902) AND (role_id = 2))
        Rows Removed by Filter: 28792371
  ->  Hash  (cost=167588.78..167588.78 rows=1380035 width=8) (actual time=4480.572..4480.572 rows=1380035 loops=1)
        Buckets: 131072  Batches: 32  Memory Usage: 2708kB
        ->  Hash Join  (cost=102767.86..167588.78 rows=1380035 width=8) (actual time=2194.246..4091.913 rows=1380035 loops=1)
              Hash Cond: (mi_idx.movie_id = t.id)
              ->  Seq Scan on movie_info_idx mi_idx  (cost=0.00..21735.35 rows=1380035 width=4) (actual time=0.015..466.930 rows=1380035 loops=1)
              ->  Hash  (cost=61283.27..61283.27 rows=2528527 width=4) (actual time=2192.384..2192.384 rows=2528312 loops=1)
                    Buckets: 131072  Batches: 64  Memory Usage: 2415kB
                    ->  Seq Scan on title t  (cost=0.00..61283.27 rows=2528527 width=4) (actual time=0.010..1030.390 rows=2528312 loops=1)
Planning time: 1.225 ms
Execution time: 26774.751 ms
