Hash Join  (cost=96369.51..134791.80 rows=251536 width=0) (actual time=1929.868..2884.050 rows=136939 loops=1)
  Hash Cond: (mi_idx.movie_id = t.id)
  ->  Seq Scan on movie_info_idx mi_idx  (cost=0.00..25185.44 rows=464934 width=4) (actual time=0.019..463.330 rows=460185 loops=1)
        Filter: (info_type_id > 100)
        Rows Removed by Filter: 919850
  ->  Hash  (cost=73925.90..73925.90 rows=1367968 width=4) (actual time=1926.182..1926.182 rows=1339686 loops=1)
        Buckets: 131072  Batches: 32  Memory Usage: 2491kB
        ->  Seq Scan on title t  (cost=0.00..73925.90 rows=1367968 width=4) (actual time=0.011..1485.944 rows=1339686 loops=1)
              Filter: ((kind_id > 4) AND (production_year < 2012))
              Rows Removed by Filter: 1188626
Planning time: 0.743 ms
Execution time: 2902.646 ms
