Seq Scan on cast_info ci  (cost=0.00..705507.15 rows=34492091 width=0) (actual time=0.021..13508.357 rows=34586161 loops=1)
  Filter: (person_id > 165383)
  Rows Removed by Filter: 1658183
Planning time: 0.321 ms
Execution time: 17758.109 ms
