Hash Join  (cost=457729.75..1494022.36 rows=2063902 width=0) (actual time=8256.871..37108.076 rows=3305073 loops=1)
  Hash Cond: (ci.movie_id = t.id)
  ->  Seq Scan on cast_info ci  (cost=0.00..705507.15 rows=26757444 width=4) (actual time=0.023..16616.899 rows=26859641 loops=1)
        Filter: (role_id < 5)
        Rows Removed by Filter: 9384703
  ->  Hash  (cost=454529.81..454529.81 rows=195035 width=8) (actual time=8256.048..8256.048 rows=190106 loops=1)
        Buckets: 131072  Batches: 4  Memory Usage: 2891kB
        ->  Hash Join  (cost=70241.71..454529.81 rows=195035 width=8) (actual time=2592.892..8192.676 rows=190106 loops=1)
              Hash Cond: (mi.movie_id = t.id)
              ->  Seq Scan on movie_info mi  (cost=0.00..346232.03 rows=3068194 width=4) (actual time=1464.542..5714.982 rows=3036719 loops=1)
                    Filter: (info_type_id = 16)
                    Rows Removed by Filter: 11799001
              ->  Hash  (cost=67604.59..67604.59 rows=160730 width=4) (actual time=1127.506..1127.506 rows=160017 loops=1)
                    Buckets: 131072  Batches: 4  Memory Usage: 2442kB
                    ->  Seq Scan on title t  (cost=0.00..67604.59 rows=160730 width=4) (actual time=0.019..1068.698 rows=160017 loops=1)
                          Filter: (production_year = 2011)
                          Rows Removed by Filter: 2368295
Planning time: 1.149 ms
Execution time: 37472.050 ms
