Hash Join  (cost=160998.34..517715.10 rows=11528 width=0) (actual time=3007.891..8470.695 rows=78979 loops=1)
  Hash Cond: (mi.movie_id = t.id)
  ->  Seq Scan on movie_info mi  (cost=0.00..346232.03 rows=2073893 width=4) (actual time=172.372..5481.175 rows=2091068 loops=1)
        Filter: (info_type_id < 3)
        Rows Removed by Filter: 12744652
  ->  Hash  (cost=160822.67..160822.67 rows=14054 width=8) (actual time=2586.145..2586.145 rows=34830 loops=1)
        Buckets: 65536 (originally 16384)  Batches: 1 (originally 1)  Memory Usage: 1873kB
        ->  Hash Join  (cost=74024.09..160822.67 rows=14054 width=8) (actual time=709.333..2574.321 rows=34830 loops=1)
              Hash Cond: (mk.movie_id = t.id)
              ->  Seq Scan on movie_keyword mk  (cost=0.00..69693.30 rows=4523930 width=4) (actual time=0.032..1038.979 rows=4523930 loops=1)
              ->  Hash  (cost=73925.90..73925.90 rows=7855 width=4) (actual time=707.553..707.553 rows=5336 loops=1)
                    Buckets: 8192  Batches: 1  Memory Usage: 252kB
                    ->  Seq Scan on title t  (cost=0.00..73925.90 rows=7855 width=4) (actual time=155.353..705.949 rows=5336 loops=1)
                          Filter: ((kind_id < 2) AND (production_year = 1994))
                          Rows Removed by Filter: 2522976
Planning time: 1.138 ms
Execution time: 8481.142 ms
