Hash Join  (cost=135174.28..644187.66 rows=2737242 width=0) (actual time=3603.490..21002.799 rows=16179371 loops=1)
  Hash Cond: (mi.movie_id = t.id)
  ->  Seq Scan on movie_info mi  (cost=0.00..309384.22 rows=14739122 width=4) (actual time=0.024..6194.367 rows=14835720 loops=1)
  ->  Hash  (cost=127469.53..127469.53 rows=469580 width=8) (actual time=3602.275..3602.275 rows=854105 loops=1)
        Buckets: 131072 (originally 131072)  Batches: 16 (originally 8)  Memory Usage: 3121kB
        ->  Hash Join  (cost=81720.25..127469.53 rows=469580 width=8) (actual time=1779.748..3344.788 rows=854105 loops=1)
              Hash Cond: (mi_idx.movie_id = t.id)
              ->  Seq Scan on movie_info_idx mi_idx  (cost=0.00..21735.35 rows=1380035 width=4) (actual time=0.014..524.743 rows=1380035 loops=1)
              ->  Hash  (cost=67604.59..67604.59 rows=860373 width=4) (actual time=1778.407..1778.407 rows=854214 loops=1)
                    Buckets: 131072  Batches: 16  Memory Usage: 2897kB
                    ->  Seq Scan on title t  (cost=0.00..67604.59 rows=860373 width=4) (actual time=0.019..1117.628 rows=854214 loops=1)
                          Filter: (kind_id < 4)
                          Rows Removed by Filter: 1674098
Planning time: 1.166 ms
Execution time: 22878.572 ms
