Hash Join  (cost=102767.86..181673.08 rows=461310 width=0) (actual time=1931.298..3477.556 rows=262239 loops=1)
  Hash Cond: (mc.movie_id = t.id)
  ->  Seq Scan on movie_companies mc  (cost=0.00..57926.93 rows=461310 width=4) (actual time=0.027..986.066 rows=262239 loops=1)
        Filter: ((company_id < 2924) AND (company_type_id = 2))
        Rows Removed by Filter: 2346890
  ->  Hash  (cost=61283.27..61283.27 rows=2528527 width=4) (actual time=1930.457..1930.457 rows=2528312 loops=1)
        Buckets: 131072  Batches: 64  Memory Usage: 2415kB
        ->  Seq Scan on title t  (cost=0.00..61283.27 rows=2528527 width=4) (actual time=0.014..1065.674 rows=2528312 loops=1)
Planning time: 0.723 ms
Execution time: 3505.510 ms
