Hash Join  (cost=234191.35..400388.78 rows=3163348 width=0) (actual time=5457.551..14415.961 rows=23023735 loops=1)
  Hash Cond: (mk.movie_id = t.id)
  ->  Seq Scan on movie_keyword mk  (cost=0.00..69693.30 rows=4523930 width=4) (actual time=0.017..1442.924 rows=4523930 loops=1)
  ->  Hash  (cost=205183.51..205183.51 rows=1768067 width=8) (actual time=5456.684..5456.684 rows=1475794 loops=1)
        Buckets: 131072  Batches: 32  Memory Usage: 2873kB
        ->  Hash Join  (cost=97725.07..205183.51 rows=1768067 width=8) (actual time=1790.642..4987.685 rows=1475794 loops=1)
              Hash Cond: (mc.movie_id = t.id)
              ->  Seq Scan on movie_companies mc  (cost=0.00..51404.11 rows=2435131 width=4) (actual time=0.024..1103.854 rows=2435507 loops=1)
                    Filter: (company_id < 122508)
                    Rows Removed by Filter: 173622
              ->  Hash  (cost=67604.59..67604.59 rows=1835879 width=4) (actual time=1789.248..1789.248 rows=1833367 loops=1)
                    Buckets: 131072  Batches: 32  Memory Usage: 3045kB
                    ->  Seq Scan on title t  (cost=0.00..67604.59 rows=1835879 width=4) (actual time=0.028..1207.483 rows=1833367 loops=1)
                          Filter: (production_year > 1986)
                          Rows Removed by Filter: 694945
Planning time: 1.158 ms
Execution time: 17031.254 ms
