Seq Scan on movie_keyword mk  (cost=0.00..81003.12 rows=246 width=0) (actual time=3.615..799.581 rows=99 loops=1)
  Filter: (keyword_id = 9327)
  Rows Removed by Filter: 4523831
Planning time: 0.276 ms
Execution time: 799.717 ms
