Hash Join  (cost=102767.86..180394.66 rows=408115 width=0) (actual time=2504.398..3748.021 rows=230714 loops=1)
  Hash Cond: (mc.movie_id = t.id)
  ->  Seq Scan on movie_companies mc  (cost=0.00..57926.93 rows=408115 width=4) (actual time=346.511..998.524 rows=230714 loops=1)
        Filter: ((company_id < 1710) AND (company_type_id > 1))
        Rows Removed by Filter: 2378415
  ->  Hash  (cost=61283.27..61283.27 rows=2528527 width=4) (actual time=2156.526..2156.526 rows=2528312 loops=1)
        Buckets: 131072  Batches: 64  Memory Usage: 2415kB
        ->  Seq Scan on title t  (cost=0.00..61283.27 rows=2528527 width=4) (actual time=0.019..1029.745 rows=2528312 loops=1)
Planning time: 0.764 ms
Execution time: 3778.475 ms
