Seq Scan on movie_keyword mk  (cost=0.00..81003.12 rows=1177058 width=0) (actual time=0.022..1226.251 rows=1181859 loops=1)
  Filter: (keyword_id < 1401)
  Rows Removed by Filter: 3342071
Planning time: 0.350 ms
Execution time: 1376.834 ms
