Seq Scan on movie_keyword mk  (cost=0.00..81003.12 rows=246 width=0) (actual time=3.968..1225.571 rows=449 loops=1)
  Filter: (keyword_id = 1041)
  Rows Removed by Filter: 4523481
Planning time: 0.456 ms
Execution time: 1225.895 ms
