Hash Join  (cost=129896.89..484686.07 rows=32734 width=0) (actual time=3144.807..8796.396 rows=82920 loops=1)
  Hash Cond: (mi.movie_id = t.id)
  ->  Seq Scan on movie_info mi  (cost=0.00..346232.03 rows=2194617 width=4) (actual time=474.779..5732.142 rows=2233850 loops=1)
        Filter: (info_type_id > 16)
        Rows Removed by Filter: 12601870
  ->  Hash  (cost=129425.45..129425.45 rows=37715 width=8) (actual time=2544.200..2544.200 rows=51396 loops=1)
        Buckets: 65536  Batches: 1  Memory Usage: 2520kB
        ->  Hash Join  (cost=74382.78..129425.45 rows=37715 width=8) (actual time=1196.427..2524.620 rows=51396 loops=1)
              Hash Cond: (mc.movie_id = t.id)
              ->  Seq Scan on movie_companies mc  (cost=0.00..44881.29 rows=2609129 width=4) (actual time=0.027..687.438 rows=2609129 loops=1)
              ->  Hash  (cost=73925.90..73925.90 rows=36550 width=4) (actual time=1196.008..1196.008 rows=22961 loops=1)
                    Buckets: 65536  Batches: 1  Memory Usage: 1320kB
                    ->  Seq Scan on title t  (cost=0.00..73925.90 rows=36550 width=4) (actual time=0.024..1186.585 rows=22961 loops=1)
                          Filter: ((production_year > 2006) AND (kind_id = 3))
                          Rows Removed by Filter: 2505351
Planning time: 1.132 ms
Execution time: 8807.655 ms
