Hash Join  (cost=330519.21..1256542.09 rows=5690827 width=0) (actual time=8969.076..36636.108 rows=44463997 loops=1)
  Hash Cond: (ci.movie_id = t.id)
  ->  Seq Scan on cast_info ci  (cost=0.00..796071.18 rows=4254629 width=4) (actual time=990.373..16001.267 rows=4307972 loops=1)
        Filter: ((person_id > 51463) AND (role_id = 10))
        Rows Removed by Filter: 31936372
  ->  Hash  (cost=275031.46..275031.46 rows=3382060 width=8) (actual time=7977.179..7977.179 rows=3370321 loops=1)
        Buckets: 131072  Batches: 64  Memory Usage: 3102kB
        ->  Hash Join  (cost=102767.86..275031.46 rows=3382060 width=8) (actual time=2067.166..7024.968 rows=3370321 loops=1)
              Hash Cond: (mk.movie_id = t.id)
              ->  Seq Scan on movie_keyword mk  (cost=0.00..81003.12 rows=3382060 width=4) (actual time=0.040..1707.560 rows=3370321 loops=1)
                    Filter: (keyword_id > 1327)
                    Rows Removed by Filter: 1153609
              ->  Hash  (cost=61283.27..61283.27 rows=2528527 width=4) (actual time=2065.736..2065.736 rows=2528312 loops=1)
                    Buckets: 131072  Batches: 64  Memory Usage: 2425kB
                    ->  Seq Scan on title t  (cost=0.00..61283.27 rows=2528527 width=4) (actual time=0.016..1205.849 rows=2528312 loops=1)
Planning time: 1.848 ms
Execution time: 41418.964 ms
