Nested Loop  (cost=0.43..83071.67 rows=246 width=0) (actual time=2.521..1243.517 rows=90 loops=1)
  ->  Seq Scan on movie_keyword mk  (cost=0.00..81003.12 rows=246 width=4) (actual time=2.446..1238.380 rows=90 loops=1)
        Filter: (keyword_id = 5079)
        Rows Removed by Filter: 4523840
  ->  Index Only Scan using title_pkey on title t  (cost=0.43..8.40 rows=1 width=4) (actual time=0.051..0.052 rows=1 loops=90)
        Index Cond: (id = mk.movie_id)
        Heap Fetches: 90
Planning time: 0.736 ms
Execution time: 1243.670 ms
