Hash Join  (cost=227955.98..1142520.51 rows=4268911 width=0) (actual time=5745.020..40654.860 rows=54515347 loops=1)
  Hash Cond: (ci.movie_id = t.id)
  ->  Seq Scan on cast_info ci  (cost=0.00..705507.15 rows=12726058 width=4) (actual time=0.014..14971.758 rows=12670688 loops=1)
        Filter: (role_id < 2)
        Rows Removed by Filter: 23573656
  ->  Hash  (cost=214039.67..214039.67 rows=848185 width=8) (actual time=5743.681..5743.681 rows=2498581 loops=1)
        Buckets: 131072 (originally 131072)  Batches: 64 (originally 16)  Memory Usage: 4060kB
        ->  Hash Join  (cost=81703.78..214039.67 rows=848185 width=8) (actual time=1393.675..5156.686 rows=2498581 loops=1)
              Hash Cond: (mk.movie_id = t.id)
              ->  Seq Scan on movie_keyword mk  (cost=0.00..69693.30 rows=4523930 width=4) (actual time=0.017..1437.207 rows=4523930 loops=1)
              ->  Hash  (cost=73925.90..73925.90 rows=474070 width=4) (actual time=1392.762..1392.762 rows=496025 loops=1)
                    Buckets: 131072  Batches: 8  Memory Usage: 3223kB
                    ->  Seq Scan on title t  (cost=0.00..73925.90 rows=474070 width=4) (actual time=0.010..1238.933 rows=496025 loops=1)
                          Filter: ((production_year < 2009) AND (kind_id = 1))
                          Rows Removed by Filter: 2032287
Planning time: 1.132 ms
Execution time: 46152.618 ms
