Seq Scan on movie_keyword mk  (cost=0.00..81003.12 rows=4213750 width=12) (actual time=0.029..1878.537 rows=4190264 loops=1)
  Filter: (keyword_id > 270)
  Rows Removed by Filter: 333666
Planning time: 7.621 ms
Execution time: 2119.446 ms
