Seq Scan on movie_keyword mk  (cost=0.00..81003.12 rows=3139443 width=0) (actual time=0.014..1572.798 rows=3124235 loops=1)
  Filter: (keyword_id > 1893)
  Rows Removed by Filter: 1399695
Planning time: 1.438 ms
Execution time: 1961.623 ms
