Seq Scan on cast_info ci  (cost=0.00..796071.18 rows=22547707 width=0) (actual time=0.027..16030.027 rows=22561267 loops=1)
  Filter: ((person_id > 1322896) AND (role_id < 11))
  Rows Removed by Filter: 13683077
Planning time: 0.361 ms
Execution time: 18746.586 ms
