Hash Join  (cost=202061.21..730259.67 rows=4535253 width=0) (actual time=4548.020..21991.020 rows=15024750 loops=1)
  Hash Cond: (mi.movie_id = t.id)
  ->  Seq Scan on movie_info mi  (cost=0.00..309384.22 rows=14739122 width=4) (actual time=0.019..6185.757 rows=14835720 loops=1)
  ->  Hash  (cost=189295.81..189295.81 rows=778032 width=8) (actual time=4547.031..4547.031 rows=998488 loops=1)
        Buckets: 131072  Batches: 16  Memory Usage: 3475kB
        ->  Hash Join  (cost=102767.86..189295.81 rows=778032 width=8) (actual time=2194.314..4263.428 rows=998488 loops=1)
              Hash Cond: (mc.movie_id = t.id)
              ->  Seq Scan on movie_companies mc  (cost=0.00..57926.93 rows=778032 width=4) (actual time=233.078..1093.368 rows=998488 loops=1)
                    Filter: ((company_id > 6857) AND (company_type_id = 2))
                    Rows Removed by Filter: 1610641
              ->  Hash  (cost=61283.27..61283.27 rows=2528527 width=4) (actual time=1960.009..1960.009 rows=2528312 loops=1)
                    Buckets: 131072  Batches: 64  Memory Usage: 2415kB
                    ->  Seq Scan on title t  (cost=0.00..61283.27 rows=2528527 width=4) (actual time=0.017..1136.517 rows=2528312 loops=1)
Planning time: 1.246 ms
Execution time: 23676.310 ms
