Hash Join  (cost=74391.93..158228.59 rows=10720 width=0) (actual time=1233.607..2643.486 rows=6388 loops=1)
  Hash Cond: (mk.movie_id = t.id)
  ->  Seq Scan on movie_keyword mk  (cost=0.00..81003.12 rows=727022 width=4) (actual time=0.035..1268.727 rows=735157 loops=1)
        Filter: (keyword_id > 25612)
        Rows Removed by Filter: 3788773
  ->  Hash  (cost=73925.90..73925.90 rows=37282 width=4) (actual time=1232.921..1232.921 rows=42986 loops=1)
        Buckets: 65536  Batches: 1  Memory Usage: 2024kB
        ->  Seq Scan on title t  (cost=0.00..73925.90 rows=37282 width=4) (actual time=0.089..1214.913 rows=42986 loops=1)
              Filter: ((kind_id > 1) AND (production_year = 1999))
              Rows Removed by Filter: 2485326
Planning time: 0.789 ms
Execution time: 2644.733 ms
