Hash Join  (cost=75915.84..147836.93 rows=53843 width=0) (actual time=1260.978..2863.659 rows=28000 loops=1)
  Hash Cond: (mc.movie_id = t.id)
  ->  Seq Scan on movie_companies mc  (cost=0.00..57926.93 rows=1122593 width=4) (actual time=91.495..1220.483 rows=1274246 loops=1)
        Filter: ((company_id < 91480) AND (company_type_id < 2))
        Rows Removed by Filter: 1334883
  ->  Hash  (cost=73925.90..73925.90 rows=121275 width=4) (actual time=1168.727..1168.727 rows=124747 loops=1)
        Buckets: 131072  Batches: 2  Memory Usage: 3219kB
        ->  Seq Scan on title t  (cost=0.00..73925.90 rows=121275 width=4) (actual time=0.034..1123.497 rows=124747 loops=1)
              Filter: ((kind_id > 1) AND (production_year = 2012))
              Rows Removed by Filter: 2403565
Planning time: 0.860 ms
Execution time: 2867.835 ms
