Hash Join  (cost=115612.87..203617.79 rows=134688 width=0) (actual time=1950.465..3700.442 rows=62134 loops=1)
  Hash Cond: (mk.movie_id = t.id)
  ->  Seq Scan on movie_keyword mk  (cost=0.00..69693.30 rows=4523930 width=4) (actual time=0.008..1014.488 rows=4523930 loops=1)
  ->  Hash  (cost=114671.87..114671.87 rows=75280 width=8) (actual time=1844.536..1844.536 rows=25280 loops=1)
        Buckets: 131072  Batches: 1  Memory Usage: 2012kB
        ->  Hash Join  (cost=77339.01..114671.87 rows=75280 width=8) (actual time=1476.256..1836.787 rows=25280 loops=1)
              Hash Cond: (mi_idx.movie_id = t.id)
              ->  Seq Scan on movie_info_idx mi_idx  (cost=0.00..25185.44 rows=915101 width=4) (actual time=0.022..428.462 rows=919850 loops=1)
                    Filter: (info_type_id < 101)
                    Rows Removed by Filter: 460185
              ->  Hash  (cost=73925.90..73925.90 rows=208008 width=4) (actual time=1040.471..1040.471 rows=104154 loops=1)
                    Buckets: 131072  Batches: 4  Memory Usage: 1936kB
                    ->  Seq Scan on title t  (cost=0.00..73925.90 rows=208008 width=4) (actual time=126.411..1004.094 rows=104154 loops=1)
                          Filter: ((production_year < 1968) AND (kind_id = 7))
                          Rows Removed by Filter: 2424158
Planning time: 1.125 ms
Execution time: 3709.170 ms
