Hash Join  (cost=106934.74..936817.27 rows=1039575 width=0) (actual time=2156.989..17802.452 rows=4073396 loops=1)
  Hash Cond: (ci.movie_id = t.id)
  ->  Seq Scan on cast_info ci  (cost=0.00..796071.18 rows=1096521 width=4) (actual time=0.025..12144.694 rows=4134382 loops=1)
        Filter: ((person_id > 3214569) AND (role_id > 5))
        Rows Removed by Filter: 32109962
  ->  Hash  (cost=67604.59..67604.59 rows=2397212 width=4) (actual time=2155.468..2155.468 rows=2388701 loops=1)
        Buckets: 131072  Batches: 32  Memory Usage: 3650kB
        ->  Seq Scan on title t  (cost=0.00..67604.59 rows=2397212 width=4) (actual time=0.034..1411.375 rows=2388701 loops=1)
              Filter: (production_year > 1915)
              Rows Removed by Filter: 139611
Planning time: 0.769 ms
Execution time: 18229.036 ms
