Hash Join  (cost=102702.86..256274.12 rows=2553733 width=0) (actual time=2059.636..5885.394 rows=2417869 loops=1)
  Hash Cond: (mk.movie_id = t.id)
  ->  Seq Scan on movie_keyword mk  (cost=0.00..81003.12 rows=3018360 width=4) (actual time=0.015..1607.422 rows=3006729 loops=1)
        Filter: (keyword_id > 2197)
        Rows Removed by Filter: 1517201
  ->  Hash  (cost=67604.59..67604.59 rows=2139302 width=4) (actual time=2058.587..2058.587 rows=2132973 loops=1)
        Buckets: 131072  Batches: 32  Memory Usage: 3380kB
        ->  Seq Scan on title t  (cost=0.00..67604.59 rows=2139302 width=4) (actual time=0.022..1357.104 rows=2132973 loops=1)
              Filter: (production_year > 1966)
              Rows Removed by Filter: 395339
Planning time: 2.264 ms
Execution time: 6147.176 ms
