Hash Join  (cost=144171.06..275293.73 rows=748563 width=0) (actual time=3428.000..6270.918 rows=599494 loops=1)
  Hash Cond: (mk.movie_id = t.id)
  ->  Seq Scan on movie_keyword mk  (cost=0.00..69693.30 rows=4523930 width=4) (actual time=0.028..1359.988 rows=4523930 loops=1)
  ->  Hash  (cost=137306.20..137306.20 rows=418389 width=8) (actual time=3056.183..3056.183 rows=227340 loops=1)
        Buckets: 131072  Batches: 8  Memory Usage: 2139kB
        ->  Hash Join  (cost=92811.40..137306.20 rows=418389 width=8) (actual time=2027.828..2985.308 rows=227340 loops=1)
              Hash Cond: (mi_idx.movie_id = t.id)
              ->  Seq Scan on movie_info_idx mi_idx  (cost=0.00..25185.44 rows=919057 width=4) (actual time=0.019..581.868 rows=920110 loops=1)
                    Filter: (info_type_id > 99)
                    Rows Removed by Filter: 459925
              ->  Hash  (cost=73925.90..73925.90 rows=1151080 width=4) (actual time=1683.801..1683.801 rows=1244530 loops=1)
                    Buckets: 131072  Batches: 16  Memory Usage: 3771kB
                    ->  Seq Scan on title t  (cost=0.00..73925.90 rows=1151080 width=4) (actual time=153.867..1318.075 rows=1244530 loops=1)
                          Filter: ((production_year > 1983) AND (kind_id = 7))
                          Rows Removed by Filter: 1283782
Planning time: 1.173 ms
Execution time: 6332.178 ms
