Hash Join  (cost=75297.62..560302.36 rows=487182 width=0) (actual time=1194.290..12311.729 rows=741638 loops=1)
  Hash Cond: (mi.movie_id = t.id)
  ->  Seq Scan on movie_info mi  (cost=0.00..309384.22 rows=14739122 width=4) (actual time=0.021..5906.949 rows=14835720 loops=1)
  ->  Hash  (cost=73925.90..73925.90 rows=83577 width=4) (actual time=1193.604..1193.604 rows=92182 loops=1)
        Buckets: 131072  Batches: 2  Memory Usage: 2655kB
        ->  Seq Scan on title t  (cost=0.00..73925.90 rows=83577 width=4) (actual time=0.016..1160.138 rows=92182 loops=1)
              Filter: ((production_year < 2011) AND (kind_id = 3))
              Rows Removed by Filter: 2436130
Planning time: 1.678 ms
Execution time: 12396.750 ms
