Nested Loop  (cost=0.43..1153169.74 rows=1 width=0) (actual time=55222.157..74808.672 rows=2 loops=1)
  Join Filter: (t.id = mi.movie_id)
  Rows Removed by Join Filter: 7931074
  ->  Nested Loop  (cost=0.43..798788.22 rows=1 width=8) (actual time=1587.143..13870.014 rows=12 loops=1)
        ->  Seq Scan on cast_info ci  (cost=0.00..796071.18 rows=324 width=4) (actual time=712.599..13864.019 rows=133 loops=1)
              Filter: ((role_id > 1) AND (person_id = 2948560))
              Rows Removed by Filter: 36244211
        ->  Index Scan using title_pkey on title t  (cost=0.43..8.38 rows=1 width=4) (actual time=0.042..0.043 rows=0 loops=133)
              Index Cond: (id = ci.movie_id)
              Filter: (production_year = 1988)
              Rows Removed by Filter: 1
  ->  Seq Scan on movie_info mi  (cost=0.00..346232.03 rows=651960 width=4) (actual time=169.176..4984.325 rows=660923 loops=12)
        Filter: (info_type_id = 18)
        Rows Removed by Filter: 14174797
Planning time: 1.221 ms
Execution time: 74808.797 ms
