Hash Join  (cost=114204.45..481384.57 rows=252417 width=0) (actual time=2416.121..10763.407 rows=375669 loops=1)
  Hash Cond: (mi.movie_id = t.id)
  ->  Seq Scan on movie_info mi  (cost=0.00..309384.22 rows=14739122 width=4) (actual time=0.015..4668.584 rows=14835720 loops=1)
  ->  Hash  (cost=113663.17..113663.17 rows=43303 width=8) (actual time=2415.370..2415.370 rows=39072 loops=1)
        Buckets: 65536  Batches: 1  Memory Usage: 2039kB
        ->  Hash Join  (cost=75227.65..113663.17 rows=43303 width=8) (actual time=1160.363..2401.720 rows=39072 loops=1)
              Hash Cond: (mi_idx.movie_id = t.id)
              ->  Seq Scan on movie_info_idx mi_idx  (cost=0.00..21735.35 rows=1380035 width=4) (actual time=0.022..405.532 rows=1380035 loops=1)
              ->  Hash  (cost=73925.90..73925.90 rows=79340 width=4) (actual time=1159.210..1159.210 rows=92312 loops=1)
                    Buckets: 131072  Batches: 2  Memory Usage: 2648kB
                    ->  Seq Scan on title t  (cost=0.00..73925.90 rows=79340 width=4) (actual time=0.023..1124.454 rows=92312 loops=1)
                          Filter: ((kind_id > 1) AND (production_year = 2006))
                          Rows Removed by Filter: 2436000
Planning time: 0.817 ms
Execution time: 10814.811 ms
