Hash Join  (cost=58358.90..85269.67 rows=28 width=0) (actual time=1054.284..1297.464 rows=15 loops=1)
  Hash Cond: (mi_idx.movie_id = t.id)
  ->  Seq Scan on movie_info_idx mi_idx  (cost=0.00..21735.35 rows=1380035 width=4) (actual time=0.025..310.170 rows=1380035 loops=1)
  ->  Hash  (cost=58358.27..58358.27 rows=51 width=8) (actual time=747.475..747.475 rows=13 loops=1)
        Buckets: 1024  Batches: 1  Memory Usage: 9kB
        ->  Nested Loop  (cost=0.43..58358.27 rows=51 width=8) (actual time=263.148..747.455 rows=13 loops=1)
              ->  Seq Scan on movie_companies mc  (cost=0.00..57926.93 rows=51 width=4) (actual time=263.050..746.888 rows=13 loops=1)
                    Filter: ((company_id = 21002) AND (company_type_id = 1))
                    Rows Removed by Filter: 2609116
              ->  Index Only Scan using title_pkey on title t  (cost=0.43..8.45 rows=1 width=4) (actual time=0.038..0.039 rows=1 loops=13)
                    Index Cond: (id = mc.movie_id)
                    Heap Fetches: 13
Planning time: 1.971 ms
Execution time: 1297.601 ms
