Seq Scan on movie_companies mc  (cost=0.00..51404.11 rows=848004 width=0) (actual time=0.013..886.988 rows=842943 loops=1)
  Filter: (company_id < 2248)
  Rows Removed by Filter: 1766186
Planning time: 0.262 ms
Execution time: 999.545 ms
