Hash Join  (cost=83074.74..904742.52 rows=664 width=0) (actual time=10159.227..17776.841 rows=28458 loops=1)
  Hash Cond: (ci.movie_id = t.id)
  ->  Seq Scan on cast_info ci  (cost=0.00..796071.18 rows=6823987 width=4) (actual time=8793.102..15139.553 rows=8071443 loops=1)
        Filter: ((person_id > 976110) AND (role_id > 4))
        Rows Removed by Filter: 28172901
  ->  Hash  (cost=83071.67..83071.67 rows=246 width=8) (actual time=1365.781..1365.781 rows=1922 loops=1)
        Buckets: 2048 (originally 1024)  Batches: 1 (originally 1)  Memory Usage: 92kB
        ->  Nested Loop  (cost=0.43..83071.67 rows=246 width=8) (actual time=0.466..1364.493 rows=1922 loops=1)
              ->  Seq Scan on movie_keyword mk  (cost=0.00..81003.12 rows=246 width=4) (actual time=0.356..1263.556 rows=1922 loops=1)
                    Filter: (keyword_id = 832)
                    Rows Removed by Filter: 4522008
              ->  Index Only Scan using title_pkey on title t  (cost=0.43..8.40 rows=1 width=4) (actual time=0.051..0.051 rows=1 loops=1922)
                    Index Cond: (id = mk.movie_id)
                    Heap Fetches: 1922
Planning time: 1.181 ms
Execution time: 17792.690 ms
