Hash Join  (cost=156401.77..507731.64 rows=4233 width=0) (actual time=4511.963..8323.136 rows=22 loops=1)
  Hash Cond: (mi.movie_id = t.id)
  ->  Seq Scan on movie_info mi  (cost=0.00..346232.03 rows=1348138 width=4) (actual time=1659.057..5526.330 rows=1298989 loops=1)
        Filter: (info_type_id = 4)
        Rows Removed by Filter: 13536731
  ->  Hash  (cost=156302.53..156302.53 rows=7939 width=8) (actual time=2610.468..2610.468 rows=110 loops=1)
        Buckets: 8192  Batches: 1  Memory Usage: 69kB
        ->  Hash Join  (cost=73205.47..156302.53 rows=7939 width=8) (actual time=1261.710..2610.380 rows=110 loops=1)
              Hash Cond: (mk.movie_id = t.id)
              ->  Seq Scan on movie_keyword mk  (cost=0.00..81003.12 rows=58811 width=4) (actual time=0.062..1298.676 rows=58448 loops=1)
                    Filter: (keyword_id = 16264)
                    Rows Removed by Filter: 4465482
              ->  Hash  (cost=67604.59..67604.59 rows=341351 width=4) (actual time=1228.670..1228.670 rows=337846 loops=1)
                    Buckets: 131072  Batches: 8  Memory Usage: 2507kB
                    ->  Seq Scan on title t  (cost=0.00..67604.59 rows=341351 width=4) (actual time=0.030..1115.024 rows=337846 loops=1)
                          Filter: (production_year < 1968)
                          Rows Removed by Filter: 2190466
Planning time: 1.449 ms
Execution time: 8323.316 ms
