Hash Join  (cost=107454.47..865617.20 rows=737361 width=0) (actual time=2121.770..21834.642 rows=1351598 loops=1)
  Hash Cond: (ci.movie_id = t.id)
  ->  Seq Scan on cast_info ci  (cost=0.00..614943.12 rows=36225612 width=4) (actual time=0.010..9162.920 rows=36244344 loops=1)
  ->  Hash  (cost=106811.13..106811.13 rows=51467 width=8) (actual time=2121.343..2121.343 rows=40458 loops=1)
        Buckets: 65536  Batches: 1  Memory Usage: 2093kB
        ->  Hash Join  (cost=69928.56..106811.13 rows=51467 width=8) (actual time=1208.074..2107.535 rows=40458 loops=1)
              Hash Cond: (mi_idx.movie_id = t.id)
              ->  Seq Scan on movie_info_idx mi_idx  (cost=0.00..25185.44 rows=919057 width=4) (actual time=0.022..543.305 rows=920110 loops=1)
                    Filter: (info_type_id > 99)
                    Rows Removed by Filter: 459925
              ->  Hash  (cost=67604.59..67604.59 rows=141598 width=4) (actual time=1207.330..1207.330 rows=141703 loops=1)
                    Buckets: 131072  Batches: 2  Memory Usage: 3511kB
                    ->  Seq Scan on title t  (cost=0.00..67604.59 rows=141598 width=4) (actual time=0.019..1153.845 rows=141703 loops=1)
                          Filter: (production_year = 2010)
                          Rows Removed by Filter: 2386609
Planning time: 1.210 ms
Execution time: 22020.923 ms
