Hash Join  (cost=69484.36..141407.97 rows=51073 width=0) (actual time=1068.404..2599.406 rows=44968 loops=1)
  Hash Cond: (mc.movie_id = t.id)
  ->  Seq Scan on movie_companies mc  (cost=0.00..57926.93 rows=1127452 width=4) (actual time=0.021..1174.578 rows=932890 loops=1)
        Filter: ((company_id < 82035) AND (company_type_id = 2))
        Rows Removed by Filter: 1676239
  ->  Hash  (cost=67604.59..67604.59 rows=114542 width=4) (actual time=1067.650..1067.650 rows=118234 loops=1)
        Buckets: 131072  Batches: 2  Memory Usage: 3101kB
        ->  Seq Scan on title t  (cost=0.00..67604.59 rows=114542 width=4) (actual time=0.022..1028.217 rows=118234 loops=1)
              Filter: (kind_id = 4)
              Rows Removed by Filter: 2410078
Planning time: 0.784 ms
Execution time: 2605.700 ms
