Hash Join  (cost=909678.61..1035759.52 rows=334787 width=0) (actual time=16475.657..20067.464 rows=164771 loops=1)
  Hash Cond: (mk.movie_id = t.id)
  ->  Seq Scan on movie_keyword mk  (cost=0.00..69693.30 rows=4523930 width=4) (actual time=0.019..1534.209 rows=4523930 loops=1)
  ->  Hash  (cost=906608.61..906608.61 rows=187120 width=8) (actual time=16474.012..16474.012 rows=52578 loops=1)
        Buckets: 131072  Batches: 4  Memory Usage: 1541kB
        ->  Hash Join  (cost=98137.04..906608.61 rows=187120 width=8) (actual time=7417.608..16455.418 rows=52578 loops=1)
              Hash Cond: (ci.movie_id = t.id)
              ->  Seq Scan on cast_info ci  (cost=0.00..796071.18 rows=254239 width=4) (actual time=5175.522..13267.809 rows=85606 loops=1)
                    Filter: ((person_id < 2722328) AND (role_id > 10))
                    Rows Removed by Filter: 36158738
              ->  Hash  (cost=67604.59..67604.59 rows=1860996 width=4) (actual time=2240.805..2240.805 rows=1865487 loops=1)
                    Buckets: 131072  Batches: 32  Memory Usage: 3079kB
                    ->  Seq Scan on title t  (cost=0.00..67604.59 rows=1860996 width=4) (actual time=0.024..1454.070 rows=1865487 loops=1)
                          Filter: (kind_id > 1)
                          Rows Removed by Filter: 662825
Planning time: 1.124 ms
Execution time: 20088.332 ms
