Hash Join  (cost=78988.28..148594.72 rows=162228 width=0) (actual time=1260.672..2962.968 rows=232365 loops=1)
  Hash Cond: (mc.movie_id = t.id)
  ->  Seq Scan on movie_companies mc  (cost=0.00..51404.11 rows=1329612 width=4) (actual time=0.017..991.355 rows=1334883 loops=1)
        Filter: (company_type_id = 2)
        Rows Removed by Filter: 1274246
  ->  Hash  (cost=73925.90..73925.90 rows=308510 width=4) (actual time=1259.791..1259.791 rows=266599 loops=1)
        Buckets: 131072  Batches: 8  Memory Usage: 2191kB
        ->  Seq Scan on title t  (cost=0.00..73925.90 rows=308510 width=4) (actual time=0.022..1174.277 rows=266599 loops=1)
              Filter: ((kind_id < 7) AND (production_year > 2007))
              Rows Removed by Filter: 2261713
Planning time: 0.793 ms
Execution time: 2993.175 ms
