Nested Loop  (cost=0.43..83072.90 rows=3 width=0) (actual time=787.124..1199.723 rows=1 loops=1)
  ->  Seq Scan on movie_keyword mk  (cost=0.00..81003.12 rows=246 width=4) (actual time=9.839..1197.305 rows=53 loops=1)
        Filter: (keyword_id = 22920)
        Rows Removed by Filter: 4523877
  ->  Index Scan using title_pkey on title t  (cost=0.43..8.40 rows=1 width=4) (actual time=0.040..0.040 rows=0 loops=53)
        Index Cond: (id = mk.movie_id)
        Filter: ((kind_id = 7) AND (production_year = 2001))
        Rows Removed by Filter: 1
Planning time: 0.785 ms
Execution time: 1199.825 ms
