Seq Scan on movie_companies mc  (cost=0.00..57926.93 rows=649486 width=0) (actual time=0.016..894.837 rows=414785 loops=1)
  Filter: ((company_id > 11203) AND (company_type_id < 2))
  Rows Removed by Filter: 2194344
Planning time: 0.630 ms
Execution time: 939.421 ms
