Hash Join  (cost=102767.86..249926.53 rows=2338803 width=0) (actual time=1940.878..5957.275 rows=2339969 loops=1)
  Hash Cond: (mk.movie_id = t.id)
  ->  Seq Scan on movie_keyword mk  (cost=0.00..81003.12 rows=2338803 width=4) (actual time=0.019..1646.134 rows=2339969 loops=1)
        Filter: (keyword_id < 5183)
        Rows Removed by Filter: 2183961
  ->  Hash  (cost=61283.27..61283.27 rows=2528527 width=4) (actual time=1938.805..1938.805 rows=2528312 loops=1)
        Buckets: 131072  Batches: 64  Memory Usage: 2425kB
        ->  Seq Scan on title t  (cost=0.00..61283.27 rows=2528527 width=4) (actual time=0.018..1077.277 rows=2528312 loops=1)
Planning time: 0.758 ms
Execution time: 6232.469 ms
