Hash Join  (cost=280953.66..919235.83 rows=13125635 width=0) (actual time=6294.665..21206.984 rows=5909631 loops=1)
  Hash Cond: (mi.movie_id = t.id)
  ->  Seq Scan on movie_info mi  (cost=0.00..309384.22 rows=14739122 width=4) (actual time=0.015..6464.880 rows=14835720 loops=1)
  ->  Hash  (cost=244011.03..244011.03 rows=2251730 width=8) (actual time=6235.507..6235.507 rows=551117 loops=1)
        Buckets: 131072  Batches: 32  Memory Usage: 1690kB
        ->  Hash Join  (cost=94574.69..244011.03 rows=2251730 width=8) (actual time=3581.078..6066.995 rows=551117 loops=1)
              Hash Cond: (mk.movie_id = t.id)
              ->  Seq Scan on movie_keyword mk  (cost=0.00..69693.30 rows=4523930 width=4) (actual time=0.013..1503.973 rows=4523930 loops=1)
              ->  Hash  (cost=73925.90..73925.90 rows=1258543 width=4) (actual time=1786.835..1786.835 rows=1221534 loops=1)
                    Buckets: 131072  Batches: 32  Memory Usage: 2369kB
                    ->  Seq Scan on title t  (cost=0.00..73925.90 rows=1258543 width=4) (actual time=0.024..1374.803 rows=1221534 loops=1)
                          Filter: ((production_year < 2011) AND (kind_id = 7))
                          Rows Removed by Filter: 1306778
Planning time: 1.129 ms
Execution time: 21913.145 ms
