Hash Join  (cost=73929.67..438603.14 rows=1755 width=0) (actual time=1012.969..8332.709 rows=7528 loops=1)
  Hash Cond: (mi.movie_id = t.id)
  ->  Seq Scan on movie_info mi  (cost=0.00..309384.22 rows=14739122 width=4) (actual time=0.012..4438.163 rows=14835720 loops=1)
  ->  Hash  (cost=73925.90..73925.90 rows=301 width=4) (actual time=997.253..997.253 rows=1022 loops=1)
        Buckets: 1024  Batches: 1  Memory Usage: 44kB
        ->  Seq Scan on title t  (cost=0.00..73925.90 rows=301 width=4) (actual time=384.054..996.630 rows=1022 loops=1)
              Filter: ((kind_id = 3) AND (production_year = 1971))
              Rows Removed by Filter: 2527290
Planning time: 9.779 ms
Execution time: 8334.828 ms
