Seq Scan on movie_keyword mk  (cost=0.00..81003.12 rows=246 width=0) (actual time=14.385..1199.442 rows=37 loops=1)
  Filter: (keyword_id = 17512)
  Rows Removed by Filter: 4523893
Planning time: 0.399 ms
Execution time: 1199.566 ms
