Seq Scan on cast_info ci  (cost=0.00..705507.15 rows=10737871 width=0) (actual time=0.019..11969.670 rows=10588348 loops=1)
  Filter: (person_id < 1038970)
  Rows Removed by Filter: 25655996
Planning time: 0.263 ms
Execution time: 13293.551 ms
