Hash Join  (cost=190047.87..280582.75 rows=108125 width=0) (actual time=4431.707..6400.734 rows=589864 loops=1)
  Hash Cond: (mk.movie_id = t.id)
  ->  Seq Scan on movie_keyword mk  (cost=0.00..81003.12 rows=568135 width=4) (actual time=0.016..1398.382 rows=570298 loops=1)
        Filter: (keyword_id < 405)
        Rows Removed by Filter: 3953632
  ->  Hash  (cost=182152.62..182152.62 rows=481220 width=8) (actual time=4430.434..4430.434 rows=800580 loops=1)
        Buckets: 131072 (originally 131072)  Batches: 16 (originally 8)  Memory Usage: 3073kB
        ->  Hash Join  (cost=102767.86..182152.62 rows=481220 width=8) (actual time=1897.492..4159.047 rows=800580 loops=1)
              Hash Cond: (mc.movie_id = t.id)
              ->  Seq Scan on movie_companies mc  (cost=0.00..57926.93 rows=481220 width=4) (actual time=0.021..1129.288 rows=800580 loops=1)
                    Filter: ((company_id > 18455) AND (company_type_id > 1))
                    Rows Removed by Filter: 1808549
              ->  Hash  (cost=61283.27..61283.27 rows=2528527 width=4) (actual time=1896.510..1896.510 rows=2528312 loops=1)
                    Buckets: 131072  Batches: 64  Memory Usage: 2415kB
                    ->  Seq Scan on title t  (cost=0.00..61283.27 rows=2528527 width=4) (actual time=0.009..1053.141 rows=2528312 loops=1)
Planning time: 1.161 ms
Execution time: 6460.439 ms
