Hash Join  (cost=162805.49..969670.60 rows=1079398 width=0) (actual time=3143.415..29877.214 rows=9240393 loops=1)
  Hash Cond: (ci.movie_id = t.id)
  ->  Seq Scan on cast_info ci  (cost=0.00..614943.12 rows=36225612 width=4) (actual time=0.010..9731.132 rows=36244344 loops=1)
  ->  Hash  (cost=161863.73..161863.73 rows=75341 width=8) (actual time=3142.186..3142.186 rows=151030 loops=1)
        Buckets: 131072 (originally 131072)  Batches: 2 (originally 1)  Memory Usage: 3987kB
        ->  Hash Join  (cost=74452.28..161863.73 rows=75341 width=8) (actual time=1158.293..3090.856 rows=151030 loops=1)
              Hash Cond: (mk.movie_id = t.id)
              ->  Seq Scan on movie_keyword mk  (cost=0.00..69693.30 rows=4523930 width=4) (actual time=0.019..1028.541 rows=4523930 loops=1)
              ->  Hash  (cost=73925.90..73925.90 rows=42110 width=4) (actual time=1157.255..1157.255 rows=33905 loops=1)
                    Buckets: 65536  Batches: 1  Memory Usage: 1704kB
                    ->  Seq Scan on title t  (cost=0.00..73925.90 rows=42110 width=4) (actual time=0.098..1142.597 rows=33905 loops=1)
                          Filter: ((kind_id < 7) AND (production_year = 2006))
                          Rows Removed by Filter: 2494407
Planning time: 1.208 ms
Execution time: 30981.560 ms
