Hash Join  (cost=69687.24..166637.55 rows=64287 width=0) (actual time=1178.835..3021.389 rows=56753 loops=1)
  Hash Cond: (mk.movie_id = t.id)
  ->  Seq Scan on movie_keyword mk  (cost=0.00..81003.12 rows=1280619 width=4) (actual time=0.025..1390.948 rows=1291892 loops=1)
        Filter: (keyword_id < 1678)
        Rows Removed by Filter: 3232038
  ->  Hash  (cost=67604.59..67604.59 rows=126932 width=4) (actual time=1178.040..1178.040 rows=122861 loops=1)
        Buckets: 131072  Batches: 2  Memory Usage: 3197kB
        ->  Seq Scan on title t  (cost=0.00..67604.59 rows=126932 width=4) (actual time=0.019..1129.697 rows=122861 loops=1)
              Filter: (production_year = 2008)
              Rows Removed by Filter: 2405451
Planning time: 0.815 ms
Execution time: 3029.470 ms
