Hash Join  (cost=164950.27..1048435.80 rows=1991294 width=0) (actual time=3724.724..18041.479 rows=1523985 loops=1)
  Hash Cond: (ci.movie_id = t.id)
  ->  Seq Scan on cast_info ci  (cost=0.00..796071.18 rows=5530243 width=4) (actual time=22.230..12685.771 rows=2342824 loops=1)
        Filter: ((person_id < 824969) AND (role_id > 1))
        Rows Removed by Filter: 33901520
  ->  Hash  (cost=150012.59..150012.59 rows=910455 width=8) (actual time=3443.544..3443.544 rows=525930 loops=1)
        Buckets: 131072  Batches: 16  Memory Usage: 2312kB
        ->  Hash Join  (cost=94973.51..150012.59 rows=910455 width=8) (actual time=1741.873..3292.004 rows=525930 loops=1)
              Hash Cond: (mi_idx.movie_id = t.id)
              ->  Seq Scan on movie_info_idx mi_idx  (cost=0.00..21735.35 rows=1380035 width=4) (actual time=0.060..472.554 rows=1380035 loops=1)
              ->  Hash  (cost=67604.59..67604.59 rows=1668154 width=4) (actual time=1740.268..1740.268 rows=1674098 loops=1)
                    Buckets: 131072  Batches: 32  Memory Usage: 2869kB
                    ->  Seq Scan on title t  (cost=0.00..67604.59 rows=1668154 width=4) (actual time=0.019..1207.920 rows=1674098 loops=1)
                          Filter: (kind_id > 3)
                          Rows Removed by Filter: 854214
Planning time: 1.210 ms
Execution time: 18237.071 ms
