Seq Scan on cast_info ci  (cost=0.00..796071.18 rows=176 width=0) (actual time=10287.363..13923.764 rows=82 loops=1)
  Filter: ((role_id < 2) AND (person_id = 1072034))
  Rows Removed by Filter: 36244262
Planning time: 0.297 ms
Execution time: 13924.155 ms
