Hash Join  (cost=365418.15..2087021.57 rows=51846914 width=0) (actual time=8773.067..80446.080 rows=170573919 loops=1)
  Hash Cond: (ci.movie_id = t.id)
  ->  Seq Scan on cast_info ci  (cost=0.00..705507.15 rows=28978415 width=4) (actual time=145.351..15859.137 rows=29043007 loops=1)
        Filter: (person_id > 695363)
        Rows Removed by Filter: 7201337
  ->  Hash  (cost=291197.02..291197.02 rows=4523930 width=8) (actual time=8624.914..8624.914 rows=4523930 loops=1)
        Buckets: 131072  Batches: 64  Memory Usage: 3816kB
        ->  Hash Join  (cost=102767.86..291197.02 rows=4523930 width=8) (actual time=1992.396..7309.168 rows=4523930 loops=1)
              Hash Cond: (mk.movie_id = t.id)
              ->  Seq Scan on movie_keyword mk  (cost=0.00..69693.30 rows=4523930 width=4) (actual time=0.028..1507.825 rows=4523930 loops=1)
              ->  Hash  (cost=61283.27..61283.27 rows=2528527 width=4) (actual time=1991.396..1991.396 rows=2528312 loops=1)
                    Buckets: 131072  Batches: 64  Memory Usage: 2425kB
                    ->  Seq Scan on title t  (cost=0.00..61283.27 rows=2528527 width=4) (actual time=0.027..1119.567 rows=2528312 loops=1)
Planning time: 1.112 ms
Execution time: 98366.902 ms
