Seq Scan on cast_info ci  (cost=0.00..796071.18 rows=324 width=0) (actual time=9413.047..13577.908 rows=49 loops=1)
  Filter: ((role_id > 1) AND (person_id = 216547))
  Rows Removed by Filter: 36244295
Planning time: 0.430 ms
Execution time: 13578.078 ms
