Hash Join  (cost=101489.21..175446.26 rows=309906 width=0) (actual time=1940.419..3301.772 rows=54355 loops=1)
  Hash Cond: (mc.movie_id = t.id)
  ->  Seq Scan on movie_companies mc  (cost=0.00..57926.93 rows=379410 width=4) (actual time=0.016..928.938 rows=63820 loops=1)
        Filter: ((company_id > 32794) AND (company_type_id = 1))
        Rows Removed by Filter: 2545309
  ->  Hash  (cost=67604.59..67604.59 rows=2065330 width=4) (actual time=1939.161..1939.161 rows=2064552 loops=1)
        Buckets: 131072  Batches: 32  Memory Usage: 3289kB
        ->  Seq Scan on title t  (cost=0.00..67604.59 rows=2065330 width=4) (actual time=0.013..1275.014 rows=2064552 loops=1)
              Filter: (production_year < 2011)
              Rows Removed by Filter: 463760
Planning time: 1.595 ms
Execution time: 3308.598 ms
