Hash Join  (cost=186055.95..226655.36 rows=169393 width=0) (actual time=4126.817..5809.954 rows=1531261 loops=1)
  Hash Cond: (mi_idx.movie_id = t.id)
  ->  Seq Scan on movie_info_idx mi_idx  (cost=0.00..21735.35 rows=1380035 width=4) (actual time=0.017..418.469 rows=1380035 loops=1)
  ->  Hash  (cost=180963.39..180963.39 rows=310365 width=8) (actual time=4125.736..4125.736 rows=696207 loops=1)
        Buckets: 131072 (originally 131072)  Batches: 16 (originally 8)  Memory Usage: 3073kB
        ->  Hash Join  (cost=83810.17..180963.39 rows=310365 width=8) (actual time=1735.002..3918.906 rows=696207 loops=1)
              Hash Cond: (mk.movie_id = t.id)
              ->  Seq Scan on movie_keyword mk  (cost=0.00..81003.12 rows=794517 width=4) (actual time=0.029..1405.905 rows=791394 loops=1)
                    Filter: (keyword_id < 763)
                    Rows Removed by Filter: 3732536
              ->  Hash  (cost=67604.59..67604.59 rows=987727 width=4) (actual time=1734.080..1734.080 rows=985048 loops=1)
                    Buckets: 131072  Batches: 16  Memory Usage: 3197kB
                    ->  Seq Scan on title t  (cost=0.00..67604.59 rows=987727 width=4) (actual time=0.030..1162.525 rows=985048 loops=1)
                          Filter: (kind_id < 7)
                          Rows Removed by Filter: 1543264
Planning time: 1.160 ms
Execution time: 5976.962 ms
