Hash Join  (cost=156649.15..1288023.96 rows=5818295 width=0) (actual time=3398.117..39338.133 rows=11911494 loops=1)
  Hash Cond: (ci.movie_id = t.id)
  ->  Seq Scan on cast_info ci  (cost=0.00..705507.15 rows=31642590 width=4) (actual time=0.026..16633.674 rows=31780041 loops=1)
        Filter: (person_id > 431502)
        Rows Removed by Filter: 4464303
  ->  Hash  (cost=149020.47..149020.47 rows=464934 width=8) (actual time=3397.346..3397.346 rows=460185 loops=1)
        Buckets: 131072  Batches: 8  Memory Usage: 3276kB
        ->  Hash Join  (cost=102767.86..149020.47 rows=464934 width=8) (actual time=2039.147..3277.164 rows=460185 loops=1)
              Hash Cond: (mi_idx.movie_id = t.id)
              ->  Seq Scan on movie_info_idx mi_idx  (cost=0.00..25185.44 rows=464934 width=4) (actual time=0.013..517.436 rows=460185 loops=1)
                    Filter: (info_type_id > 100)
                    Rows Removed by Filter: 919850
              ->  Hash  (cost=61283.27..61283.27 rows=2528527 width=4) (actual time=2038.030..2038.030 rows=2528312 loops=1)
                    Buckets: 131072  Batches: 64  Memory Usage: 2415kB
                    ->  Seq Scan on title t  (cost=0.00..61283.27 rows=2528527 width=4) (actual time=0.021..1189.927 rows=2528312 loops=1)
Planning time: 6.894 ms
Execution time: 40787.996 ms
