Hash Join  (cost=171421.85..904967.14 rows=66969 width=0) (actual time=9772.347..18314.281 rows=173588 loops=1)
  Hash Cond: (ci.movie_id = t.id)
  ->  Seq Scan on cast_info ci  (cost=0.00..705507.15 rows=7298253 width=4) (actual time=6590.021..13181.256 rows=7451973 loops=1)
        Filter: (role_id = 2)
        Rows Removed by Filter: 28792371
  ->  Hash  (cost=171131.83..171131.83 rows=23202 width=8) (actual time=3181.711..3181.711 rows=42064 loops=1)
        Buckets: 65536 (originally 32768)  Batches: 1 (originally 1)  Memory Usage: 2156kB
        ->  Hash Join  (cost=102767.86..171131.83 rows=23202 width=8) (actual time=1961.687..3166.062 rows=42064 loops=1)
              Hash Cond: (mc.movie_id = t.id)
              ->  Seq Scan on movie_companies mc  (cost=0.00..57926.93 rows=23202 width=4) (actual time=0.062..795.587 rows=42064 loops=1)
                    Filter: ((company_id = 19) AND (company_type_id = 1))
                    Rows Removed by Filter: 2567065
              ->  Hash  (cost=61283.27..61283.27 rows=2528527 width=4) (actual time=1958.700..1958.700 rows=2528312 loops=1)
                    Buckets: 131072  Batches: 64  Memory Usage: 2415kB
                    ->  Seq Scan on title t  (cost=0.00..61283.27 rows=2528527 width=4) (actual time=0.014..1133.726 rows=2528312 loops=1)
Planning time: 1.248 ms
Execution time: 18338.519 ms
