Seq Scan on movie_keyword mk  (cost=0.00..81003.12 rows=246 width=0) (actual time=33.745..1206.485 rows=60 loops=1)
  Filter: (keyword_id = 8149)
  Rows Removed by Filter: 4523870
Planning time: 0.373 ms
Execution time: 1206.624 ms
