Hash Join  (cost=73994.33..794580.91 rows=8655 width=0) (actual time=2749.692..14539.171 rows=56 loops=1)
  Hash Cond: (ci.movie_id = t.id)
  ->  Seq Scan on cast_info ci  (cost=0.00..705507.15 rows=3998100 width=4) (actual time=1556.432..12793.684 rows=4008037 loops=1)
        Filter: (role_id = 3)
        Rows Removed by Filter: 32236307
  ->  Hash  (cost=73925.90..73925.90 rows=5474 width=4) (actual time=1182.752..1182.752 rows=95 loops=1)
        Buckets: 8192  Batches: 1  Memory Usage: 68kB
        ->  Seq Scan on title t  (cost=0.00..73925.90 rows=5474 width=4) (actual time=7.935..1182.577 rows=95 loops=1)
              Filter: ((kind_id > 1) AND (production_year = 1946))
              Rows Removed by Filter: 2528217
Planning time: 1.659 ms
Execution time: 14539.284 ms
