Seq Scan on movie_keyword mk  (cost=0.00..81003.12 rows=2268656 width=0) (actual time=0.023..1461.325 rows=2264003 loops=1)
  Filter: (keyword_id > 4683)
  Rows Removed by Filter: 2259927
Planning time: 0.325 ms
Execution time: 1759.807 ms
