Hash Join  (cost=96729.52..254752.08 rows=2480835 width=0) (actual time=2060.267..6244.354 rows=2182815 loops=1)
  Hash Cond: (mk.movie_id = t.id)
  ->  Seq Scan on movie_keyword mk  (cost=0.00..81003.12 rows=3533616 width=4) (actual time=0.006..1782.990 rows=3523773 loops=1)
        Filter: (keyword_id < 18554)
        Rows Removed by Filter: 1000157
  ->  Hash  (cost=67604.59..67604.59 rows=1775195 width=4) (actual time=2058.162..2058.162 rows=1772072 loops=1)
        Buckets: 131072  Batches: 32  Memory Usage: 2984kB
        ->  Seq Scan on title t  (cost=0.00..67604.59 rows=1775195 width=4) (actual time=0.015..1463.464 rows=1772072 loops=1)
              Filter: (production_year > 1989)
              Rows Removed by Filter: 756240
Planning time: 0.718 ms
Execution time: 6486.453 ms
