Seq Scan on movie_keyword mk  (cost=0.00..81003.12 rows=166931 width=0) (actual time=0.031..1303.115 rows=181674 loops=1)
  Filter: (keyword_id < 133)
  Rows Removed by Filter: 4342256
Planning time: 0.330 ms
Execution time: 1327.059 ms
