Hash Join  (cost=87053.47..210639.17 rows=847783 width=0) (actual time=1345.441..5104.864 rows=1741046 loops=1)
  Hash Cond: (mk.movie_id = t.id)
  ->  Seq Scan on movie_keyword mk  (cost=0.00..81003.12 rows=2679134 width=4) (actual time=0.023..1614.355 rows=2675471 loops=1)
        Filter: (keyword_id < 7491)
        Rows Removed by Filter: 1848459
  ->  Hash  (cost=73925.90..73925.90 rows=800125 width=4) (actual time=1344.439..1344.439 rows=713741 loops=1)
        Buckets: 131072  Batches: 16  Memory Usage: 2601kB
        ->  Seq Scan on title t  (cost=0.00..73925.90 rows=800125 width=4) (actual time=0.021..1114.478 rows=713741 loops=1)
              Filter: ((kind_id < 7) AND (production_year > 1972))
              Rows Removed by Filter: 1814571
Planning time: 0.757 ms
Execution time: 5306.129 ms
