Seq Scan on title t  (cost=0.00..73925.90 rows=40497 width=0) (actual time=0.028..1010.815 rows=103977 loops=1)
  Filter: ((kind_id < 7) AND (production_year < 1926))
  Rows Removed by Filter: 2424335
Planning time: 0.334 ms
Execution time: 1025.021 ms
