Hash Join  (cost=101666.76..160827.56 rows=2335 width=0) (actual time=1731.885..2668.093 rows=2025 loops=1)
  Hash Cond: (mc.movie_id = t.id)
  ->  Seq Scan on movie_companies mc  (cost=0.00..57926.93 rows=322804 width=4) (actual time=0.024..891.947 rows=175269 loops=1)
        Filter: ((company_id < 817) AND (company_type_id = 2))
        Rows Removed by Filter: 2433860
  ->  Hash  (cost=101438.15..101438.15 rows=18289 width=8) (actual time=1731.192..1731.192 rows=24604 loops=1)
        Buckets: 32768  Batches: 1  Memory Usage: 1218kB
        ->  Hash Join  (cost=74344.78..101438.15 rows=18289 width=8) (actual time=1183.825..1722.755 rows=24604 loops=1)
              Hash Cond: (mi_idx.movie_id = t.id)
              ->  Seq Scan on movie_info_idx mi_idx  (cost=0.00..21735.35 rows=1380035 width=4) (actual time=0.013..302.611 rows=1380035 loops=1)
              ->  Hash  (cost=73925.90..73925.90 rows=33510 width=4) (actual time=1095.013..1095.013 rows=22107 loops=1)
                    Buckets: 65536  Batches: 1  Memory Usage: 1290kB
                    ->  Seq Scan on title t  (cost=0.00..73925.90 rows=33510 width=4) (actual time=0.023..1085.653 rows=22107 loops=1)
                          Filter: ((kind_id < 2) AND (production_year = 2008))
                          Rows Removed by Filter: 2506205
Planning time: 1.209 ms
Execution time: 2668.664 ms
