Hash Join  (cost=166370.71..254389.99 rows=136124 width=0) (actual time=3366.070..5257.152 rows=149184 loops=1)
  Hash Cond: (mk.movie_id = t.id)
  ->  Seq Scan on movie_keyword mk  (cost=0.00..69693.30 rows=4523930 width=4) (actual time=0.023..1029.867 rows=4523930 loops=1)
  ->  Hash  (cost=165419.67..165419.67 rows=76083 width=8) (actual time=3365.290..3365.290 rows=31715 loops=1)
        Buckets: 131072  Batches: 1  Memory Usage: 2263kB
        ->  Hash Join  (cost=98137.04..165419.67 rows=76083 width=8) (actual time=2506.930..3353.448 rows=31715 loops=1)
              Hash Cond: (mc.movie_id = t.id)
              ->  Seq Scan on movie_companies mc  (cost=0.00..57926.93 rows=103374 width=4) (actual time=451.201..874.947 rows=204302 loops=1)
                    Filter: ((company_id > 112163) AND (company_type_id = 2))
                    Rows Removed by Filter: 2404827
              ->  Hash  (cost=67604.59..67604.59 rows=1860996 width=4) (actual time=2053.697..2053.697 rows=1865487 loops=1)
                    Buckets: 131072  Batches: 32  Memory Usage: 3079kB
                    ->  Seq Scan on title t  (cost=0.00..67604.59 rows=1860996 width=4) (actual time=0.025..1474.689 rows=1865487 loops=1)
                          Filter: (kind_id > 1)
                          Rows Removed by Filter: 662825
Planning time: 1.142 ms
Execution time: 5276.599 ms
