Hash Join  (cost=74050.79..1034676.84 rows=1931234 width=0) (actual time=7970.156..24742.439 rows=2677855 loops=1)
  Hash Cond: (ci.movie_id = t.id)
  ->  Seq Scan on cast_info ci  (cost=0.00..796071.18 rows=12428676 width=4) (actual time=6529.973..16376.509 rows=13807383 loops=1)
        Filter: ((person_id > 814939) AND (role_id > 2))
        Rows Removed by Filter: 22436961
  ->  Hash  (cost=67604.59..67604.59 rows=392896 width=4) (actual time=1439.243..1439.243 rows=391666 loops=1)
        Buckets: 131072  Batches: 8  Memory Usage: 2753kB
        ->  Seq Scan on title t  (cost=0.00..67604.59 rows=392896 width=4) (actual time=0.043..1311.564 rows=391666 loops=1)
              Filter: (production_year > 2010)
              Rows Removed by Filter: 2136646
Planning time: 0.762 ms
Execution time: 25030.212 ms
