Hash Join  (cost=194472.84..1058502.05 rows=1055532 width=0) (actual time=6656.434..28434.353 rows=17388276 loops=1)
  Hash Cond: (ci.movie_id = t.id)
  ->  Seq Scan on cast_info ci  (cost=0.00..705507.15 rows=12726058 width=4) (actual time=2219.273..14290.861 rows=12670688 loops=1)
        Filter: (role_id = 1)
        Rows Removed by Filter: 23573656
  ->  Hash  (cost=191031.30..191031.30 rows=209723 width=8) (actual time=4435.898..4435.898 rows=865879 loops=1)
        Buckets: 131072 (originally 131072)  Batches: 16 (originally 4)  Memory Usage: 3169kB
        ->  Hash Join  (cost=77299.57..191031.30 rows=209723 width=8) (actual time=1286.962..4161.760 rows=865879 loops=1)
              Hash Cond: (mk.movie_id = t.id)
              ->  Seq Scan on movie_keyword mk  (cost=0.00..81003.12 rows=2579568 width=4) (actual time=0.023..1613.646 rows=2567539 loops=1)
                    Filter: (keyword_id > 3403)
                    Rows Removed by Filter: 1956391
              ->  Hash  (cost=73925.90..73925.90 rows=205573 width=4) (actual time=1286.253..1286.253 rows=336290 loops=1)
                    Buckets: 131072  Batches: 4  Memory Usage: 3989kB
                    ->  Seq Scan on title t  (cost=0.00..73925.90 rows=205573 width=4) (actual time=0.017..1176.054 rows=336290 loops=1)
                          Filter: ((kind_id < 2) AND (production_year < 1994))
                          Rows Removed by Filter: 2192022
Planning time: 1.009 ms
Execution time: 30288.763 ms
