Seq Scan on movie_companies mc  (cost=0.00..57926.93 rows=869440 width=0) (actual time=0.024..742.307 rows=1072848 loops=1)
  Filter: ((company_id > 2882) AND (company_type_id > 1))
  Rows Removed by Filter: 1536281
Planning time: 0.354 ms
Execution time: 846.424 ms
