Hash Join  (cost=313840.21..1860037.28 rows=41063291 width=0) (actual time=8269.311..75702.350 rows=157062507 loops=1)
  Hash Cond: (ci.movie_id = t.id)
  ->  Seq Scan on cast_info ci  (cost=0.00..614943.12 rows=36225612 width=4) (actual time=0.013..14026.914 rows=36244344 loops=1)
  ->  Hash  (cost=266815.78..266815.78 rows=2866194 width=8) (actual time=8268.504..8268.504 rows=3472097 loops=1)
        Buckets: 131072  Batches: 64  Memory Usage: 3140kB
        ->  Hash Join  (cost=94978.31..266815.78 rows=2866194 width=8) (actual time=1883.755..7260.598 rows=3472097 loops=1)
              Hash Cond: (mk.movie_id = t.id)
              ->  Seq Scan on movie_keyword mk  (cost=0.00..81003.12 rows=4343681 width=4) (actual time=0.025..1888.048 rows=4344937 loops=1)
                    Filter: (keyword_id < 71696)
                    Rows Removed by Filter: 178993
              ->  Hash  (cost=67604.59..67604.59 rows=1668458 width=4) (actual time=1882.551..1882.551 rows=1671292 loops=1)
                    Buckets: 131072  Batches: 32  Memory Usage: 2866kB
                    ->  Seq Scan on title t  (cost=0.00..67604.59 rows=1668458 width=4) (actual time=0.025..1331.779 rows=1671292 loops=1)
                          Filter: (production_year < 2008)
                          Rows Removed by Filter: 857020
Planning time: 1.112 ms
Execution time: 92438.333 ms
