Hash Join  (cost=83074.74..447745.01 rows=1434 width=0) (actual time=1297.570..7758.574 rows=9488 loops=1)
  Hash Cond: (mi.movie_id = t.id)
  ->  Seq Scan on movie_info mi  (cost=0.00..309384.22 rows=14739122 width=4) (actual time=0.021..3936.351 rows=14835720 loops=1)
  ->  Hash  (cost=83071.67..83071.67 rows=246 width=8) (actual time=1282.412..1282.412 rows=88 loops=1)
        Buckets: 1024  Batches: 1  Memory Usage: 12kB
        ->  Nested Loop  (cost=0.43..83071.67 rows=246 width=8) (actual time=14.594..1282.300 rows=88 loops=1)
              ->  Seq Scan on movie_keyword mk  (cost=0.00..81003.12 rows=246 width=4) (actual time=14.488..1276.645 rows=88 loops=1)
                    Filter: (keyword_id = 10908)
                    Rows Removed by Filter: 4523842
              ->  Index Only Scan using title_pkey on title t  (cost=0.43..8.40 rows=1 width=4) (actual time=0.058..0.059 rows=1 loops=88)
                    Index Cond: (id = mk.movie_id)
                    Heap Fetches: 88
Planning time: 1.117 ms
Execution time: 7760.349 ms
