Seq Scan on movie_companies mc  (cost=0.00..57926.93 rows=1038955 width=0) (actual time=63.635..1080.369 rows=920541 loops=1)
  Filter: ((company_id > 424) AND (company_type_id = 1))
  Rows Removed by Filter: 1688588
Planning time: 0.438 ms
Execution time: 1198.829 ms
