Hash Join  (cost=114141.07..204234.14 rows=38745 width=0) (actual time=3394.879..4088.814 rows=27279 loops=1)
  Hash Cond: (mk.movie_id = t.id)
  ->  Seq Scan on movie_keyword mk  (cost=0.00..81003.12 rows=2320665 width=4) (actual time=0.019..1535.035 rows=2322014 loops=1)
        Filter: (keyword_id < 5070)
        Rows Removed by Filter: 2201916
  ->  Hash  (cost=113613.39..113613.39 rows=42215 width=8) (actual time=2186.812..2186.812 rows=18987 loops=1)
        Buckets: 65536  Batches: 1  Memory Usage: 1254kB
        ->  Hash Join  (cost=75195.76..113613.39 rows=42215 width=8) (actual time=1403.764..2180.406 rows=18987 loops=1)
              Hash Cond: (mi_idx.movie_id = t.id)
              ->  Seq Scan on movie_info_idx mi_idx  (cost=0.00..21735.35 rows=1380035 width=4) (actual time=0.027..472.972 rows=1380035 loops=1)
              ->  Hash  (cost=73925.90..73925.90 rows=77348 width=4) (actual time=1256.681..1256.681 rows=84109 loops=1)
                    Buckets: 131072  Batches: 2  Memory Usage: 2509kB
                    ->  Seq Scan on title t  (cost=0.00..73925.90 rows=77348 width=4) (actual time=0.021..1220.435 rows=84109 loops=1)
                          Filter: ((kind_id = 7) AND (production_year = 2008))
                          Rows Removed by Filter: 2444203
Planning time: 0.996 ms
Execution time: 4092.511 ms
