Seq Scan on movie_keyword mk  (cost=0.00..81003.12 rows=246 width=0) (actual time=1.335..1250.835 rows=2315 loops=1)
  Filter: (keyword_id = 1025)
  Rows Removed by Filter: 4521615
Planning time: 0.332 ms
Execution time: 1251.619 ms
