Hash Join  (cost=86616.10..614529.81 rows=4508578 width=0) (actual time=1597.881..16623.378 rows=7494947 loops=1)
  Hash Cond: (mi.movie_id = t.id)
  ->  Seq Scan on movie_info mi  (cost=0.00..309384.22 rows=14739122 width=4) (actual time=0.018..6094.111 rows=14835720 loops=1)
  ->  Hash  (cost=73925.90..73925.90 rows=773456 width=4) (actual time=1596.728..1596.728 rows=683462 loops=1)
        Buckets: 131072  Batches: 16  Memory Usage: 2535kB
        ->  Seq Scan on title t  (cost=0.00..73925.90 rows=773456 width=4) (actual time=0.019..1365.044 rows=683462 loops=1)
              Filter: ((kind_id < 7) AND (production_year > 1977))
              Rows Removed by Filter: 1844850
Planning time: 3.428 ms
Execution time: 17473.029 ms
