Hash Join  (cost=256803.17..1210003.63 rows=7854302 width=0) (actual time=9256.260..33423.920 rows=27316710 loops=1)
  Hash Cond: (ci.movie_id = t.id)
  ->  Seq Scan on cast_info ci  (cost=0.00..705507.15 rows=12726058 width=4) (actual time=2741.807..14006.969 rows=12670688 loops=1)
        Filter: (role_id = 1)
        Rows Removed by Filter: 23573656
  ->  Hash  (cost=231200.13..231200.13 rows=1560563 width=8) (actual time=6513.653..6513.653 rows=1576498 loops=1)
        Buckets: 131072  Batches: 32  Memory Usage: 2937kB
        ->  Hash Join  (cost=102767.86..231200.13 rows=1560563 width=8) (actual time=2367.002..6072.204 rows=1576498 loops=1)
              Hash Cond: (mk.movie_id = t.id)
              ->  Seq Scan on movie_keyword mk  (cost=0.00..81003.12 rows=1560563 width=4) (actual time=0.029..1389.998 rows=1576498 loops=1)
                    Filter: (keyword_id > 9913)
                    Rows Removed by Filter: 2947432
              ->  Hash  (cost=61283.27..61283.27 rows=2528527 width=4) (actual time=2365.467..2365.467 rows=2528312 loops=1)
                    Buckets: 131072  Batches: 64  Memory Usage: 2425kB
                    ->  Seq Scan on title t  (cost=0.00..61283.27 rows=2528527 width=4) (actual time=0.014..1116.321 rows=2528312 loops=1)
Planning time: 1.177 ms
Execution time: 36451.548 ms
