Hash Join  (cost=78476.71..116382.69 rows=100808 width=0) (actual time=1285.777..2120.161 rows=39182 loops=1)
  Hash Cond: (mi_idx.movie_id = t.id)
  ->  Seq Scan on movie_info_idx mi_idx  (cost=0.00..25185.44 rows=919057 width=4) (actual time=0.025..563.784 rows=920110 loops=1)
        Filter: (info_type_id > 99)
        Rows Removed by Filter: 459925
  ->  Hash  (cost=73925.90..73925.90 rows=277344 width=4) (actual time=1140.070..1140.070 rows=169544 loops=1)
        Buckets: 131072  Batches: 4  Memory Usage: 2513kB
        ->  Seq Scan on title t  (cost=0.00..73925.90 rows=277344 width=4) (actual time=0.018..1081.742 rows=169544 loops=1)
              Filter: ((production_year < 1976) AND (kind_id = 7))
              Rows Removed by Filter: 2358768
Planning time: 0.758 ms
Execution time: 2125.361 ms
