Hash Join  (cost=107308.20..225311.97 rows=1177765 width=0) (actual time=2469.537..5148.175 rows=1228126 loops=1)
  Hash Cond: (mk.movie_id = t.id)
  ->  Seq Scan on movie_keyword mk  (cost=0.00..81003.12 rows=1230599 width=4) (actual time=0.015..1352.564 rows=1239555 loops=1)
        Filter: (keyword_id < 1578)
        Rows Removed by Filter: 3284375
  ->  Hash  (cost=67604.59..67604.59 rows=2419969 width=4) (actual time=2468.131..2468.131 rows=2413398 loops=1)
        Buckets: 131072  Batches: 32  Memory Usage: 3686kB
        ->  Seq Scan on title t  (cost=0.00..67604.59 rows=2419969 width=4) (actual time=0.024..1414.442 rows=2413398 loops=1)
              Filter: (production_year > 1912)
              Rows Removed by Filter: 114914
Planning time: 0.686 ms
Execution time: 5283.699 ms
