Seq Scan on movie_keyword mk  (cost=0.00..81003.12 rows=623668 width=0) (actual time=0.032..795.051 rows=627277 loops=1)
  Filter: (keyword_id > 29262)
  Rows Removed by Filter: 3896653
Planning time: 0.347 ms
Execution time: 850.582 ms
