Seq Scan on cast_info ci  (cost=0.00..705507.15 rows=13053290 width=0) (actual time=4458.860..12060.614 rows=13180426 loops=1)
  Filter: (person_id > 2357361)
  Rows Removed by Filter: 23063918
Planning time: 0.339 ms
Execution time: 13721.282 ms
