Seq Scan on cast_info ci  (cost=0.00..705507.15 rows=500 width=0) (actual time=5467.412..10581.621 rows=10 loops=1)
  Filter: (person_id = 3819822)
  Rows Removed by Filter: 36244334
Planning time: 0.360 ms
Execution time: 10581.742 ms
