Seq Scan on movie_keyword mk  (cost=0.00..81003.12 rows=3645941 width=0) (actual time=0.024..1492.166 rows=3638471 loops=1)
  Filter: (keyword_id < 20831)
  Rows Removed by Filter: 885459
Planning time: 0.319 ms
Execution time: 1949.469 ms
