Hash Join  (cost=318162.06..1026181.67 rows=17934688 width=0) (actual time=7372.270..55757.858 rows=157672332 loops=1)
  Hash Cond: (mi.movie_id = t.id)
  ->  Seq Scan on movie_info mi  (cost=0.00..309384.22 rows=14739122 width=4) (actual time=0.024..5870.480 rows=14835720 loops=1)
  ->  Hash  (cost=267683.89..267683.89 rows=3076733 width=8) (actual time=7370.502..7370.502 rows=3064970 loops=1)
        Buckets: 131072  Batches: 64  Memory Usage: 2996kB
        ->  Hash Join  (cost=102767.86..267683.89 rows=3076733 width=8) (actual time=2131.965..6483.272 rows=3064970 loops=1)
              Hash Cond: (mk.movie_id = t.id)
              ->  Seq Scan on movie_keyword mk  (cost=0.00..81003.12 rows=3076733 width=4) (actual time=0.017..1678.092 rows=3064970 loops=1)
                    Filter: (keyword_id < 11402)
                    Rows Removed by Filter: 1458960
              ->  Hash  (cost=61283.27..61283.27 rows=2528527 width=4) (actual time=2130.627..2130.627 rows=2528312 loops=1)
                    Buckets: 131072  Batches: 64  Memory Usage: 2425kB
                    ->  Seq Scan on title t  (cost=0.00..61283.27 rows=2528527 width=4) (actual time=0.022..1232.236 rows=2528312 loops=1)
Planning time: 1.110 ms
Execution time: 73032.350 ms
