Seq Scan on movie_companies mc  (cost=0.00..51404.11 rows=908533 width=0) (actual time=0.032..992.738 rows=907279 loops=1)
  Filter: (company_id < 2986)
  Rows Removed by Filter: 1701850
Planning time: 6.240 ms
Execution time: 1105.770 ms
