Hash Join  (cost=66234.67..93150.95 rows=579 width=0) (actual time=886.385..1442.714 rows=2130 loops=1)
  Hash Cond: (mi_idx.movie_id = t.id)
  ->  Seq Scan on movie_info_idx mi_idx  (cost=0.00..21735.35 rows=1380035 width=4) (actual time=0.016..294.330 rows=1380035 loops=1)
  ->  Hash  (cost=66221.41..66221.41 rows=1061 width=8) (actual time=884.084..884.084 rows=1193 loops=1)
        Buckets: 2048  Batches: 1  Memory Usage: 63kB
        ->  Nested Loop  (cost=0.43..66221.41 rows=1061 width=8) (actual time=10.288..883.340 rows=1193 loops=1)
              ->  Seq Scan on movie_companies mc  (cost=0.00..51404.11 rows=1855 width=4) (actual time=0.844..781.263 rows=4712 loops=1)
                    Filter: (company_id < 6)
                    Rows Removed by Filter: 2604417
              ->  Index Scan using title_pkey on title t  (cost=0.43..7.98 rows=1 width=4) (actual time=0.021..0.021 rows=0 loops=4712)
                    Index Cond: (id = mc.movie_id)
                    Filter: (production_year < 2006)
                    Rows Removed by Filter: 1
Planning time: 1.664 ms
Execution time: 1443.263 ms
