Seq Scan on title t  (cost=0.00..67604.59 rows=1261134 width=0) (actual time=0.009..1228.023 rows=1260295 loops=1)
  Filter: (production_year > 2002)
  Rows Removed by Filter: 1268017
Planning time: 0.319 ms
Execution time: 1387.923 ms
