Seq Scan on movie_keyword mk  (cost=0.00..81003.12 rows=246 width=0) (actual time=21.759..1236.159 rows=8 loops=1)
  Filter: (keyword_id = 24534)
  Rows Removed by Filter: 4523922
Planning time: 0.350 ms
Execution time: 1236.251 ms
