Seq Scan on movie_keyword mk  (cost=0.00..81003.12 rows=4196436 width=0) (actual time=0.024..1519.962 rows=4198386 loops=1)
  Filter: (keyword_id < 50473)
  Rows Removed by Filter: 325544
Planning time: 0.345 ms
Execution time: 2043.461 ms
