Hash Join  (cost=83074.74..436098.92 rows=176 width=0) (actual time=1607.094..6815.878 rows=202 loops=1)
  Hash Cond: (mi.movie_id = t.id)
  ->  Seq Scan on movie_info mi  (cost=0.00..346232.03 rows=1810770 width=4) (actual time=275.955..5382.053 rows=1865632 loops=1)
        Filter: (info_type_id > 17)
        Rows Removed by Filter: 12970088
  ->  Hash  (cost=83071.67..83071.67 rows=246 width=8) (actual time=1169.383..1169.383 rows=24 loops=1)
        Buckets: 1024  Batches: 1  Memory Usage: 9kB
        ->  Nested Loop  (cost=0.43..83071.67 rows=246 width=8) (actual time=2.787..1169.293 rows=24 loops=1)
              ->  Seq Scan on movie_keyword mk  (cost=0.00..81003.12 rows=246 width=4) (actual time=2.709..1168.130 rows=24 loops=1)
                    Filter: (keyword_id = 32957)
                    Rows Removed by Filter: 4523906
              ->  Index Only Scan using title_pkey on title t  (cost=0.43..8.40 rows=1 width=4) (actual time=0.039..0.040 rows=1 loops=24)
                    Index Cond: (id = mk.movie_id)
                    Heap Fetches: 24
Planning time: 1.161 ms
Execution time: 6816.040 ms
