Seq Scan on movie_keyword mk  (cost=0.00..81003.12 rows=4435175 width=0) (actual time=0.021..1599.921 rows=4424386 loops=1)
  Filter: (keyword_id > 86)
  Rows Removed by Filter: 99544
Planning time: 0.344 ms
Execution time: 2145.601 ms
