Hash Join  (cost=237252.21..784072.21 rows=6280507 width=0) (actual time=5310.237..31834.143 rows=59543892 loops=1)
  Hash Cond: (mi.movie_id = t.id)
  ->  Seq Scan on movie_info mi  (cost=0.00..309384.22 rows=14739122 width=4) (actual time=0.020..6407.769 rows=14835720 loops=1)
  ->  Hash  (cost=219575.29..219575.29 rows=1077434 width=8) (actual time=5309.061..5309.061 rows=1088237 loops=1)
        Buckets: 131072  Batches: 16  Memory Usage: 3821kB
        ->  Hash Join  (cost=102767.86..219575.29 rows=1077434 width=8) (actual time=2338.213..5018.905 rows=1088237 loops=1)
              Hash Cond: (mk.movie_id = t.id)
              ->  Seq Scan on movie_keyword mk  (cost=0.00..81003.12 rows=1077434 width=4) (actual time=0.015..1464.637 rows=1088237 loops=1)
                    Filter: (keyword_id > 16264)
                    Rows Removed by Filter: 3435693
              ->  Hash  (cost=61283.27..61283.27 rows=2528527 width=4) (actual time=2336.560..2336.560 rows=2528312 loops=1)
                    Buckets: 131072  Batches: 64  Memory Usage: 2425kB
                    ->  Seq Scan on title t  (cost=0.00..61283.27 rows=2528527 width=4) (actual time=0.019..1083.303 rows=2528312 loops=1)
Planning time: 1.128 ms
Execution time: 38360.250 ms
