Seq Scan on cast_info ci  (cost=0.00..796071.18 rows=21001897 width=0) (actual time=0.022..14832.019 rows=22530642 loops=1)
  Filter: ((person_id > 357366) AND (role_id > 1))
  Rows Removed by Filter: 13713702
Planning time: 0.353 ms
Execution time: 17272.564 ms
