Seq Scan on movie_companies mc  (cost=0.00..51404.11 rows=1338987 width=0) (actual time=0.028..927.982 rows=1347288 loops=1)
  Filter: (company_id > 11188)
  Rows Removed by Filter: 1261841
Planning time: 0.330 ms
Execution time: 1095.996 ms
