Hash Join  (cost=196480.55..335950.21 rows=1433663 width=0) (actual time=4526.023..9867.242 rows=9199040 loops=1)
  Hash Cond: (mk.movie_id = t.id)
  ->  Seq Scan on movie_keyword mk  (cost=0.00..69693.30 rows=4523930 width=4) (actual time=0.031..1430.752 rows=4523930 loops=1)
  ->  Hash  (cost=183333.21..183333.21 rows=801307 width=8) (actual time=4523.672..4523.672 rows=792725 loops=1)
        Buckets: 131072  Batches: 16  Memory Usage: 2977kB
        ->  Hash Join  (cost=102767.86..183333.21 rows=801307 width=8) (actual time=2371.959..4302.927 rows=792725 loops=1)
              Hash Cond: (mc.movie_id = t.id)
              ->  Seq Scan on movie_companies mc  (cost=0.00..51404.11 rows=801307 width=4) (actual time=0.020..921.924 rows=792725 loops=1)
                    Filter: (company_id < 1714)
                    Rows Removed by Filter: 1816404
              ->  Hash  (cost=61283.27..61283.27 rows=2528527 width=4) (actual time=2370.141..2370.141 rows=2528312 loops=1)
                    Buckets: 131072  Batches: 64  Memory Usage: 2415kB
                    ->  Seq Scan on title t  (cost=0.00..61283.27 rows=2528527 width=4) (actual time=0.012..1100.894 rows=2528312 loops=1)
Planning time: 1.142 ms
Execution time: 10829.793 ms
