Hash Join  (cost=83073.49..143975.84 rows=30 width=0) (actual time=1196.797..2277.337 rows=58 loops=1)
  Hash Cond: (mc.movie_id = t.id)
  ->  Seq Scan on movie_companies mc  (cost=0.00..57926.93 rows=793365 width=4) (actual time=0.026..1015.015 rows=496044 loops=1)
        Filter: ((company_id < 14682) AND (company_type_id = 2))
        Rows Removed by Filter: 2113085
  ->  Hash  (cost=83072.29..83072.29 rows=96 width=8) (actual time=1193.681..1193.681 rows=97 loops=1)
        Buckets: 1024  Batches: 1  Memory Usage: 12kB
        ->  Nested Loop  (cost=0.43..83072.29 rows=96 width=8) (actual time=10.927..1193.529 rows=97 loops=1)
              ->  Seq Scan on movie_keyword mk  (cost=0.00..81003.12 rows=246 width=4) (actual time=10.886..1189.607 rows=101 loops=1)
                    Filter: (keyword_id = 11997)
                    Rows Removed by Filter: 4523829
              ->  Index Scan using title_pkey on title t  (cost=0.43..8.40 rows=1 width=4) (actual time=0.034..0.035 rows=1 loops=101)
                    Index Cond: (id = mk.movie_id)
                    Filter: (kind_id < 7)
                    Rows Removed by Filter: 0
Planning time: 1.195 ms
Execution time: 2277.511 ms
