Hash Join  (cost=136740.22..223684.63 rows=28637 width=0) (actual time=2342.625..4182.350 rows=142100 loops=1)
  Hash Cond: (mk.movie_id = t.id)
  ->  Seq Scan on movie_keyword mk  (cost=0.00..69693.30 rows=4523930 width=4) (actual time=0.016..982.114 rows=4523930 loops=1)
  ->  Hash  (cost=136540.15..136540.15 rows=16006 width=8) (actual time=2342.344..2342.344 rows=12237 loops=1)
        Buckets: 16384  Batches: 1  Memory Usage: 607kB
        ->  Hash Join  (cost=74393.18..136540.15 rows=16006 width=8) (actual time=1063.224..2334.666 rows=12237 loops=1)
              Hash Cond: (mc.movie_id = t.id)
              ->  Seq Scan on movie_companies mc  (cost=0.00..57926.93 rows=1082659 width=4) (actual time=0.019..1069.747 rows=846761 loops=1)
                    Filter: ((company_id < 74829) AND (company_type_id > 1))
                    Rows Removed by Filter: 1762368
              ->  Hash  (cost=73925.90..73925.90 rows=37382 width=4) (actual time=1062.878..1062.878 rows=33190 loops=1)
                    Buckets: 65536  Batches: 1  Memory Usage: 1679kB
                    ->  Seq Scan on title t  (cost=0.00..73925.90 rows=37382 width=4) (actual time=0.029..1049.290 rows=33190 loops=1)
                          Filter: ((kind_id = 1) AND (production_year = 2010))
                          Rows Removed by Filter: 2495122
Planning time: 3.382 ms
Execution time: 4200.322 ms
