Hash Join  (cost=83074.74..109986.57 rows=134 width=0) (actual time=1438.878..2034.235 rows=576 loops=1)
  Hash Cond: (mi_idx.movie_id = t.id)
  ->  Seq Scan on movie_info_idx mi_idx  (cost=0.00..21735.35 rows=1380035 width=4) (actual time=0.030..353.266 rows=1380035 loops=1)
  ->  Hash  (cost=83071.67..83071.67 rows=246 width=8) (actual time=1437.860..1437.860 rows=198 loops=1)
        Buckets: 1024  Batches: 1  Memory Usage: 16kB
        ->  Nested Loop  (cost=0.43..83071.67 rows=246 width=8) (actual time=0.159..1437.625 rows=198 loops=1)
              ->  Seq Scan on movie_keyword mk  (cost=0.00..81003.12 rows=246 width=4) (actual time=0.094..1422.652 rows=198 loops=1)
                    Filter: (keyword_id = 8646)
                    Rows Removed by Filter: 4523732
              ->  Index Only Scan using title_pkey on title t  (cost=0.43..8.40 rows=1 width=4) (actual time=0.071..0.072 rows=1 loops=198)
                    Index Cond: (id = mk.movie_id)
                    Heap Fetches: 198
Planning time: 5.102 ms
Execution time: 2034.471 ms
