Hash Join  (cost=83074.74..109986.57 rows=134 width=0) (actual time=1466.955..2153.142 rows=10109 loops=1)
  Hash Cond: (mi_idx.movie_id = t.id)
  ->  Seq Scan on movie_info_idx mi_idx  (cost=0.00..21735.35 rows=1380035 width=4) (actual time=0.022..400.914 rows=1380035 loops=1)
  ->  Hash  (cost=83071.67..83071.67 rows=246 width=8) (actual time=1466.594..1466.594 rows=4200 loops=1)
        Buckets: 8192 (originally 1024)  Batches: 1 (originally 1)  Memory Usage: 229kB
        ->  Nested Loop  (cost=0.43..83071.67 rows=246 width=8) (actual time=0.576..1463.895 rows=4200 loops=1)
              ->  Seq Scan on movie_keyword mk  (cost=0.00..81003.12 rows=246 width=4) (actual time=0.485..1291.730 rows=4200 loops=1)
                    Filter: (keyword_id = 1002)
                    Rows Removed by Filter: 4519730
              ->  Index Only Scan using title_pkey on title t  (cost=0.43..8.40 rows=1 width=4) (actual time=0.040..0.040 rows=1 loops=4200)
                    Index Cond: (id = mk.movie_id)
                    Heap Fetches: 4200
Planning time: 1.130 ms
Execution time: 2154.776 ms
