Nested Loop  (cost=0.43..83072.29 rows=238 width=0) (actual time=3.765..1314.530 rows=2708 loops=1)
  ->  Seq Scan on movie_keyword mk  (cost=0.00..81003.12 rows=246 width=4) (actual time=3.722..1231.225 rows=2735 loops=1)
        Filter: (keyword_id = 830)
        Rows Removed by Filter: 4521195
  ->  Index Scan using title_pkey on title t  (cost=0.43..8.40 rows=1 width=4) (actual time=0.029..0.029 rows=1 loops=2735)
        Index Cond: (id = mk.movie_id)
        Filter: (production_year > 1904)
        Rows Removed by Filter: 0
Planning time: 1.914 ms
Execution time: 1315.494 ms
