Hash Join  (cost=255901.62..433032.91 rows=4060834 width=0) (actual time=5857.143..16775.561 rows=32043533 loops=1)
  Hash Cond: (mk.movie_id = t.id)
  ->  Seq Scan on movie_keyword mk  (cost=0.00..69693.30 rows=4523930 width=4) (actual time=0.006..1442.556 rows=4523930 loops=1)
  ->  Hash  (cost=218664.47..218664.47 rows=2269692 width=8) (actual time=5855.853..5855.853 rows=2267259 loops=1)
        Buckets: 131072  Batches: 32  Memory Usage: 3830kB
        ->  Hash Join  (cost=102767.86..218664.47 rows=2269692 width=8) (actual time=1946.817..5258.857 rows=2267259 loops=1)
              Hash Cond: (mc.movie_id = t.id)
              ->  Seq Scan on movie_companies mc  (cost=0.00..51404.11 rows=2269692 width=4) (actual time=0.025..1176.510 rows=2267259 loops=1)
                    Filter: (company_id < 89093)
                    Rows Removed by Filter: 341870
              ->  Hash  (cost=61283.27..61283.27 rows=2528527 width=4) (actual time=1945.943..1945.943 rows=2528312 loops=1)
                    Buckets: 131072  Batches: 64  Memory Usage: 2415kB
                    ->  Seq Scan on title t  (cost=0.00..61283.27 rows=2528527 width=4) (actual time=0.010..1106.392 rows=2528312 loops=1)
Planning time: 2.295 ms
Execution time: 20163.336 ms
