Hash Join  (cost=135297.97..638252.25 rows=2169434 width=0) (actual time=3642.105..17808.540 rows=3008184 loops=1)
  Hash Cond: (mi.movie_id = t.id)
  ->  Seq Scan on movie_info mi  (cost=0.00..309384.22 rows=14739122 width=4) (actual time=0.013..6262.930 rows=14835720 loops=1)
  ->  Hash  (cost=129191.83..129191.83 rows=372171 width=8) (actual time=3641.338..3641.338 rows=284709 loops=1)
        Buckets: 131072  Batches: 8  Memory Usage: 2430kB
        ->  Hash Join  (cost=85113.64..129191.83 rows=372171 width=8) (actual time=1590.684..3553.725 rows=284709 loops=1)
              Hash Cond: (mi_idx.movie_id = t.id)
              ->  Seq Scan on movie_info_idx mi_idx  (cost=0.00..21735.35 rows=1380035 width=4) (actual time=0.015..511.708 rows=1380035 loops=1)
              ->  Hash  (cost=73925.90..73925.90 rows=681899 width=4) (actual time=1589.313..1589.313 rows=565062 loops=1)
                    Buckets: 131072  Batches: 16  Memory Usage: 2266kB
                    ->  Seq Scan on title t  (cost=0.00..73925.90 rows=681899 width=4) (actual time=0.018..1391.205 rows=565062 loops=1)
                          Filter: ((kind_id > 1) AND (production_year < 1998))
                          Rows Removed by Filter: 1963250
Planning time: 1.189 ms
Execution time: 18139.770 ms
