Hash Join  (cost=101021.35..852394.19 rows=58364 width=0) (actual time=1668.190..17603.092 rows=31362 loops=1)
  Hash Cond: (ci.movie_id = t.id)
  ->  Seq Scan on cast_info ci  (cost=0.00..614943.12 rows=36225612 width=4) (actual time=0.024..8851.485 rows=36244344 loops=1)
  ->  Hash  (cost=100970.43..100970.43 rows=4074 width=8) (actual time=1649.145..1649.145 rows=1344 loops=1)
        Buckets: 4096  Batches: 1  Memory Usage: 85kB
        ->  Hash Join  (cost=74019.21..100970.43 rows=4074 width=8) (actual time=1081.995..1648.508 rows=1344 loops=1)
              Hash Cond: (mi_idx.movie_id = t.id)
              ->  Seq Scan on movie_info_idx mi_idx  (cost=0.00..21735.35 rows=1380035 width=4) (actual time=0.030..291.063 rows=1380035 loops=1)
              ->  Hash  (cost=73925.90..73925.90 rows=7464 width=4) (actual time=1081.717..1081.717 rows=5186 loops=1)
                    Buckets: 8192  Batches: 1  Memory Usage: 247kB
                    ->  Seq Scan on title t  (cost=0.00..73925.90 rows=7464 width=4) (actual time=7.825..1079.300 rows=5186 loops=1)
                          Filter: ((kind_id = 4) AND (production_year = 2012))
                          Rows Removed by Filter: 2523126
Planning time: 1.210 ms
Execution time: 17609.510 ms
