Hash Join  (cost=114141.07..169242.21 rows=43561 width=0) (actual time=2159.295..3260.206 rows=41862 loops=1)
  Hash Cond: (mc.movie_id = t.id)
  ->  Seq Scan on movie_companies mc  (cost=0.00..44881.29 rows=2609129 width=4) (actual time=0.016..661.406 rows=2609129 loops=1)
  ->  Hash  (cost=113613.39..113613.39 rows=42215 width=8) (actual time=2038.869..2038.869 rows=18987 loops=1)
        Buckets: 65536  Batches: 1  Memory Usage: 1254kB
        ->  Hash Join  (cost=75195.76..113613.39 rows=42215 width=8) (actual time=1183.652..2033.053 rows=18987 loops=1)
              Hash Cond: (mi_idx.movie_id = t.id)
              ->  Seq Scan on movie_info_idx mi_idx  (cost=0.00..21735.35 rows=1380035 width=4) (actual time=0.021..424.823 rows=1380035 loops=1)
              ->  Hash  (cost=73925.90..73925.90 rows=77348 width=4) (actual time=1182.942..1182.942 rows=84109 loops=1)
                    Buckets: 131072  Batches: 2  Memory Usage: 2509kB
                    ->  Seq Scan on title t  (cost=0.00..73925.90 rows=77348 width=4) (actual time=0.016..1151.060 rows=84109 loops=1)
                          Filter: ((kind_id = 7) AND (production_year = 2008))
                          Rows Removed by Filter: 2444203
Planning time: 0.759 ms
Execution time: 3265.582 ms
