Hash Join  (cost=83810.17..154707.03 rows=230049 width=0) (actual time=1989.515..2952.076 rows=326007 loops=1)
  Hash Cond: (mc.movie_id = t.id)
  ->  Seq Scan on movie_companies mc  (cost=0.00..57926.93 rows=588914 width=4) (actual time=479.044..1018.440 rows=326007 loops=1)
        Filter: ((company_id > 12167) AND (company_type_id < 2))
        Rows Removed by Filter: 2283122
  ->  Hash  (cost=67604.59..67604.59 rows=987727 width=4) (actual time=1509.530..1509.530 rows=985048 loops=1)
        Buckets: 131072  Batches: 16  Memory Usage: 3188kB
        ->  Seq Scan on title t  (cost=0.00..67604.59 rows=987727 width=4) (actual time=0.022..1196.672 rows=985048 loops=1)
              Filter: (kind_id < 7)
              Rows Removed by Filter: 1543264
Planning time: 0.596 ms
Execution time: 2995.291 ms
