Hash Join  (cost=94206.67..984714.37 rows=2662810 width=0) (actual time=7092.842..22523.248 rows=4393732 loops=1)
  Hash Cond: (ci.movie_id = t.id)
  ->  Seq Scan on cast_info ci  (cost=0.00..796071.18 rows=5446779 width=4) (actual time=5142.818..15277.445 rows=7450371 loops=1)
        Filter: ((person_id > 891007) AND (role_id = 2))
        Rows Removed by Filter: 28793973
  ->  Hash  (cost=73925.90..73925.90 rows=1236141 width=4) (actual time=1949.115..1949.115 rows=1353520 loops=1)
        Buckets: 131072  Batches: 32  Memory Usage: 2519kB
        ->  Seq Scan on title t  (cost=0.00..73925.90 rows=1236141 width=4) (actual time=1.967..1496.481 rows=1353520 loops=1)
              Filter: ((kind_id > 1) AND (production_year > 1993))
              Rows Removed by Filter: 1174792
Planning time: 0.837 ms
Execution time: 23063.806 ms
