Seq Scan on cast_info ci  (cost=0.00..796071.18 rows=80 width=0) (actual time=3783.446..12989.752 rows=1 loops=1)
  Filter: ((role_id > 8) AND (person_id = 2950808))
  Rows Removed by Filter: 36244343
Planning time: 0.372 ms
Execution time: 12989.868 ms
