Hash Join  (cost=132476.87..218946.85 rows=228 width=0) (actual time=2123.215..3709.956 rows=7872 loops=1)
  Hash Cond: (mk.movie_id = t.id)
  ->  Seq Scan on movie_keyword mk  (cost=0.00..81003.12 rows=1457219 width=4) (actual time=0.025..1370.888 rows=1467805 loops=1)
        Filter: (keyword_id > 11251)
        Rows Removed by Filter: 3056125
  ->  Hash  (cost=132471.92..132471.92 rows=396 width=8) (actual time=2122.284..2122.284 rows=2058 loops=1)
        Buckets: 4096 (originally 1024)  Batches: 1 (originally 1)  Memory Usage: 113kB
        ->  Hash Join  (cost=74015.19..132471.92 rows=396 width=8) (actual time=1455.190..2121.253 rows=2058 loops=1)
              Hash Cond: (mc.movie_id = t.id)
              ->  Seq Scan on movie_companies mc  (cost=0.00..57926.93 rows=140222 width=4) (actual time=236.025..853.118 rows=276838 loops=1)
                    Filter: ((company_id > 96373) AND (company_type_id = 2))
                    Rows Removed by Filter: 2332291
              ->  Hash  (cost=73925.90..73925.90 rows=7143 width=4) (actual time=1216.804..1216.804 rows=5068 loops=1)
                    Buckets: 8192  Batches: 1  Memory Usage: 243kB
                    ->  Seq Scan on title t  (cost=0.00..73925.90 rows=7143 width=4) (actual time=0.029..1214.477 rows=5068 loops=1)
                          Filter: ((kind_id = 1) AND (production_year = 1993))
                          Rows Removed by Filter: 2523244
Planning time: 13.875 ms
Execution time: 3711.120 ms
