Hash Join  (cost=74111.10..101052.22 rows=2701 width=144) (actual time=1563.631..2099.216 rows=3554 loops=1)
  Hash Cond: (mi_idx.movie_id = t.id)
  ->  Seq Scan on movie_info_idx mi_idx  (cost=0.00..25185.44 rows=460978 width=50) (actual time=0.016..651.410 rows=459925 loops=1)
        Filter: (info_type_id < 100)
        Rows Removed by Filter: 920110
  ->  Hash  (cost=73925.90..73925.90 rows=14816 width=94) (actual time=1255.607..1255.607 rows=35049 loops=1)
        Buckets: 65536 (originally 16384)  Batches: 2 (originally 1)  Memory Usage: 3777kB
        ->  Seq Scan on title t  (cost=0.00..73925.90 rows=14816 width=94) (actual time=0.031..1227.539 rows=35049 loops=1)
              Filter: ((kind_id < 7) AND (production_year < 1912))
              Rows Removed by Filter: 2493263
Planning time: 1.216 ms
Execution time: 2099.721 ms
