Hash Join  (cost=74437.47..441478.96 rows=238557 width=0) (actual time=1141.080..9269.620 rows=217653 loops=1)
  Hash Cond: (mi.movie_id = t.id)
  ->  Seq Scan on movie_info mi  (cost=0.00..309384.22 rows=14739122 width=4) (actual time=0.020..4463.264 rows=14835720 loops=1)
  ->  Hash  (cost=73925.90..73925.90 rows=40925 width=4) (actual time=1140.307..1140.307 rows=26947 loops=1)
        Buckets: 65536  Batches: 1  Memory Usage: 1460kB
        ->  Seq Scan on title t  (cost=0.00..73925.90 rows=40925 width=4) (actual time=620.043..1129.534 rows=26947 loops=1)
              Filter: ((production_year > 2005) AND (kind_id = 3))
              Rows Removed by Filter: 2501365
Planning time: 0.789 ms
Execution time: 9301.280 ms
