Seq Scan on movie_keyword mk  (cost=0.00..81003.12 rows=1635094 width=0) (actual time=0.032..1420.946 rows=1644449 loops=1)
  Filter: (keyword_id < 2497)
  Rows Removed by Filter: 2879481
Planning time: 0.327 ms
Execution time: 1623.241 ms
