Seq Scan on movie_keyword mk  (cost=0.00..81003.12 rows=4144255 width=0) (actual time=0.026..1589.203 rows=4146172 loops=1)
  Filter: (keyword_id < 45119)
  Rows Removed by Filter: 377758
Planning time: 0.327 ms
Execution time: 2098.849 ms
