Hash Join  (cost=151403.84..640070.83 rows=830407 width=0) (actual time=3292.108..18285.272 rows=8555284 loops=1)
  Hash Cond: (mi.movie_id = t.id)
  ->  Seq Scan on movie_info mi  (cost=0.00..309384.22 rows=14739122 width=4) (actual time=0.023..6465.124 rows=14835720 loops=1)
  ->  Hash  (cost=149066.11..149066.11 rows=142458 width=8) (actual time=3291.300..3291.300 rows=250855 loops=1)
        Buckets: 131072 (originally 131072)  Batches: 4 (originally 2)  Memory Usage: 3461kB
        ->  Hash Join  (cost=77838.49..149066.11 rows=142458 width=8) (actual time=1318.507..3210.505 rows=250855 loops=1)
              Hash Cond: (mc.movie_id = t.id)
              ->  Seq Scan on movie_companies mc  (cost=0.00..51404.11 rows=1510647 width=4) (actual time=0.021..1219.199 rows=1518077 loops=1)
                    Filter: (company_id > 7276)
                    Rows Removed by Filter: 1091052
              ->  Hash  (cost=73925.90..73925.90 rows=238447 width=4) (actual time=1243.240..1243.240 rows=200165 loops=1)
                    Buckets: 131072  Batches: 4  Memory Usage: 2784kB
                    ->  Seq Scan on title t  (cost=0.00..73925.90 rows=238447 width=4) (actual time=10.417..1171.457 rows=200165 loops=1)
                          Filter: ((production_year > 2006) AND (kind_id = 1))
                          Rows Removed by Filter: 2328147
Planning time: 1.194 ms
Execution time: 19299.461 ms
