Hash Join  (cost=100972.04..160022.43 rows=2401 width=0) (actual time=1866.381..3160.558 rows=9948 loops=1)
  Hash Cond: (mc.movie_id = t.id)
  ->  Seq Scan on movie_companies mc  (cost=0.00..51404.11 rows=2032602 width=4) (actual time=0.020..980.300 rows=2028613 loops=1)
        Filter: (company_id < 71050)
        Rows Removed by Filter: 580516
  ->  Hash  (cost=100934.69..100934.69 rows=2988 width=8) (actual time=1866.230..1866.230 rows=4878 loops=1)
        Buckets: 8192 (originally 4096)  Batches: 1 (originally 1)  Memory Usage: 255kB
        ->  Hash Join  (cost=73994.33..100934.69 rows=2988 width=8) (actual time=1250.142..1864.278 rows=4878 loops=1)
              Hash Cond: (mi_idx.movie_id = t.id)
              ->  Seq Scan on movie_info_idx mi_idx  (cost=0.00..21735.35 rows=1380035 width=4) (actual time=0.020..341.931 rows=1380035 loops=1)
              ->  Hash  (cost=73925.90..73925.90 rows=5474 width=4) (actual time=1248.594..1248.594 rows=9310 loops=1)
                    Buckets: 16384 (originally 8192)  Batches: 1 (originally 1)  Memory Usage: 456kB
                    ->  Seq Scan on title t  (cost=0.00..73925.90 rows=5474 width=4) (actual time=0.107..1243.859 rows=9310 loops=1)
                          Filter: ((kind_id > 1) AND (production_year = 1965))
                          Rows Removed by Filter: 2519002
Planning time: 1.174 ms
Execution time: 3162.223 ms
