Seq Scan on movie_keyword mk  (cost=0.00..81003.12 rows=193412 width=0) (actual time=0.033..1391.640 rows=196538 loops=1)
  Filter: (keyword_id > 69494)
  Rows Removed by Filter: 4327392
Planning time: 0.397 ms
Execution time: 1424.787 ms
