Hash Join  (cost=83073.60..833877.80 rows=1502 width=0) (actual time=1308.750..17831.060 rows=24812 loops=1)
  Hash Cond: (ci.movie_id = t.id)
  ->  Seq Scan on cast_info ci  (cost=0.00..614943.12 rows=36225612 width=4) (actual time=0.012..9306.477 rows=36244344 loops=1)
  ->  Hash  (cost=83072.29..83072.29 rows=105 width=8) (actual time=1302.904..1302.904 rows=582 loops=1)
        Buckets: 1024  Batches: 1  Memory Usage: 31kB
        ->  Nested Loop  (cost=0.43..83072.29 rows=105 width=8) (actual time=0.928..1302.019 rows=582 loops=1)
              ->  Seq Scan on movie_keyword mk  (cost=0.00..81003.12 rows=246 width=4) (actual time=0.882..1268.438 rows=833 loops=1)
                    Filter: (keyword_id = 1964)
                    Rows Removed by Filter: 4523097
              ->  Index Scan using title_pkey on title t  (cost=0.43..8.40 rows=1 width=4) (actual time=0.038..0.039 rows=1 loops=833)
                    Index Cond: (id = mk.movie_id)
                    Filter: (production_year < 2001)
                    Rows Removed by Filter: 0
Planning time: 1.237 ms
Execution time: 17838.171 ms
