Hash Join  (cost=148927.76..272816.70 rows=125995 width=0) (actual time=3280.678..7459.427 rows=5333267 loops=1)
  Hash Cond: (mk.movie_id = t.id)
  ->  Seq Scan on movie_keyword mk  (cost=0.00..81003.12 rows=3569831 width=4) (actual time=0.018..1698.157 rows=3565962 loops=1)
        Filter: (keyword_id > 895)
        Rows Removed by Filter: 957968
  ->  Hash  (cost=147463.22..147463.22 rows=89243 width=8) (actual time=3279.960..3279.960 rows=349791 loops=1)
        Buckets: 131072 (originally 131072)  Batches: 4 (originally 2)  Memory Usage: 4479kB
        ->  Hash Join  (cost=76259.21..147463.22 rows=89243 width=8) (actual time=1269.771..3169.442 rows=349791 loops=1)
              Hash Cond: (mc.movie_id = t.id)
              ->  Seq Scan on movie_companies mc  (cost=0.00..51404.11 rows=1587060 width=4) (actual time=0.036..1075.336 rows=1576504 loops=1)
                    Filter: (company_id < 15524)
                    Rows Removed by Filter: 1032625
              ->  Hash  (cost=73925.90..73925.90 rows=142184 width=4) (actual time=1218.197..1218.197 rows=278391 loops=1)
                    Buckets: 131072 (originally 131072)  Batches: 4 (originally 2)  Memory Usage: 3470kB
                    ->  Seq Scan on title t  (cost=0.00..73925.90 rows=142184 width=4) (actual time=0.017..1119.134 rows=278391 loops=1)
                          Filter: ((production_year < 1982) AND (kind_id = 1))
                          Rows Removed by Filter: 2249921
Planning time: 0.798 ms
Execution time: 8047.493 ms
