Seq Scan on movie_keyword mk  (cost=0.00..81003.12 rows=246 width=0) (actual time=32.449..945.820 rows=480 loops=1)
  Filter: (keyword_id = 34352)
  Rows Removed by Filter: 4523450
Planning time: 0.711 ms
Execution time: 946.040 ms
