Hash Join  (cost=102951.51..735184.51 rows=12558717 width=0) (actual time=2082.932..19376.297 rows=11690292 loops=1)
  Hash Cond: (mi.movie_id = t.id)
  ->  Seq Scan on movie_info mi  (cost=0.00..309384.22 rows=14739122 width=4) (actual time=0.019..5861.330 rows=14835720 loops=1)
  ->  Hash  (cost=67604.59..67604.59 rows=2154474 width=4) (actual time=2081.688..2081.688 rows=2146684 loops=1)
        Buckets: 131072  Batches: 32  Memory Usage: 3394kB
        ->  Seq Scan on title t  (cost=0.00..67604.59 rows=2154474 width=4) (actual time=0.015..1382.510 rows=2146684 loops=1)
              Filter: (production_year > 1965)
              Rows Removed by Filter: 381628
Planning time: 0.759 ms
Execution time: 20664.327 ms
