Hash Join  (cost=114149.46..939735.45 rows=126204 width=0) (actual time=6198.358..19942.250 rows=212199 loops=1)
  Hash Cond: (ci.movie_id = t.id)
  ->  Seq Scan on cast_info ci  (cost=0.00..796071.18 rows=7534071 width=4) (actual time=3980.579..14920.230 rows=12670688 loops=1)
        Filter: ((person_id < 2155174) AND (role_id < 2))
        Rows Removed by Filter: 23573656
  ->  Hash  (cost=113620.01..113620.01 rows=42356 width=8) (actual time=2217.165..2217.165 rows=20619 loops=1)
        Buckets: 65536  Batches: 1  Memory Usage: 1318kB
        ->  Hash Join  (cost=75199.97..113620.01 rows=42356 width=8) (actual time=1297.771..2210.810 rows=20619 loops=1)
              Hash Cond: (mi_idx.movie_id = t.id)
              ->  Seq Scan on movie_info_idx mi_idx  (cost=0.00..21735.35 rows=1380035 width=4) (actual time=0.021..466.219 rows=1380035 loops=1)
              ->  Hash  (cost=73925.90..73925.90 rows=77605 width=4) (actual time=1296.833..1296.833 rows=84684 loops=1)
                    Buckets: 131072  Batches: 2  Memory Usage: 2512kB
                    ->  Seq Scan on title t  (cost=0.00..73925.90 rows=77605 width=4) (actual time=0.036..1264.477 rows=84684 loops=1)
                          Filter: ((kind_id = 7) AND (production_year = 2009))
                          Rows Removed by Filter: 2443628
Planning time: 1.228 ms
Execution time: 19971.919 ms
