Hash Join  (cost=145393.68..510310.64 rows=26103 width=0) (actual time=2432.752..9478.577 rows=7569 loops=1)
  Hash Cond: (mi.movie_id = t.id)
  ->  Seq Scan on movie_info mi  (cost=0.00..309384.22 rows=14739122 width=4) (actual time=0.018..4284.991 rows=14835720 loops=1)
  ->  Hash  (cost=145337.71..145337.71 rows=4478 width=8) (actual time=2430.675..2430.675 rows=463 loops=1)
        Buckets: 8192  Batches: 1  Memory Usage: 83kB
        ->  Hash Join  (cost=84618.84..145337.71 rows=4478 width=8) (actual time=1981.963..2430.391 rows=463 loops=1)
              Hash Cond: (mc.movie_id = t.id)
              ->  Seq Scan on movie_companies mc  (cost=0.00..57926.93 rows=17374 width=4) (actual time=442.213..773.123 rows=619 loops=1)
                    Filter: ((company_id = 160) AND (company_type_id = 2))
                    Rows Removed by Filter: 2608510
              ->  Hash  (cost=73925.90..73925.90 rows=651755 width=4) (actual time=1539.053..1539.053 rows=711179 loops=1)
                    Buckets: 131072  Batches: 16  Memory Usage: 2590kB
                    ->  Seq Scan on title t  (cost=0.00..73925.90 rows=651755 width=4) (actual time=0.036..1317.161 rows=711179 loops=1)
                          Filter: ((kind_id < 7) AND (production_year < 2008))
                          Rows Removed by Filter: 1817133
Planning time: 0.790 ms
Execution time: 9480.654 ms
