Hash Join  (cost=130006.89..257079.60 rows=416168 width=0) (actual time=3099.380..6757.111 rows=2396096 loops=1)
  Hash Cond: (mk.movie_id = t.id)
  ->  Seq Scan on movie_keyword mk  (cost=0.00..69693.30 rows=4523930 width=4) (actual time=0.021..1392.663 rows=4523930 loops=1)
  ->  Hash  (cost=126190.31..126190.31 rows=232606 width=8) (actual time=3098.662..3098.662 rows=280180 loops=1)
        Buckets: 131072  Batches: 4  Memory Usage: 3777kB
        ->  Hash Join  (cost=88359.31..126190.31 rows=232606 width=8) (actual time=2020.232..3012.375 rows=280180 loops=1)
              Hash Cond: (mi_idx.movie_id = t.id)
              ->  Seq Scan on movie_info_idx mi_idx  (cost=0.00..25185.44 rows=464934 width=4) (actual time=0.025..473.152 rows=460185 loops=1)
                    Filter: (info_type_id > 100)
                    Rows Removed by Filter: 919850
              ->  Hash  (cost=67604.59..67604.59 rows=1265018 width=4) (actual time=2019.547..2019.547 rows=1263700 loops=1)
                    Buckets: 131072  Batches: 32  Memory Usage: 2410kB
                    ->  Seq Scan on title t  (cost=0.00..67604.59 rows=1265018 width=4) (actual time=0.015..1342.056 rows=1263700 loops=1)
                          Filter: (production_year < 2004)
                          Rows Removed by Filter: 1264612
Planning time: 1.206 ms
Execution time: 7041.103 ms
