Hash Join  (cost=78556.72..155815.76 rows=310855 width=0) (actual time=2320.602..3843.995 rows=632798 loops=1)
  Hash Cond: (mc.movie_id = t.id)
  ->  Seq Scan on movie_companies mc  (cost=0.00..57926.93 rows=1177481 width=4) (actual time=232.736..1160.380 rows=1266390 loops=1)
        Filter: ((company_id > 159) AND (company_type_id = 2))
        Rows Removed by Filter: 1342739
  ->  Hash  (cost=67604.59..67604.59 rows=667531 width=4) (actual time=1804.040..1804.040 rows=662825 loops=1)
        Buckets: 131072  Batches: 16  Memory Usage: 2476kB
        ->  Seq Scan on title t  (cost=0.00..67604.59 rows=667531 width=4) (actual time=493.070..1142.024 rows=662825 loops=1)
              Filter: (kind_id = 1)
              Rows Removed by Filter: 1865487
Planning time: 0.736 ms
Execution time: 3921.289 ms
