Hash Join  (cost=79273.71..141452.00 rows=29860 width=0) (actual time=1962.704..2446.931 rows=17259 loops=1)
  Hash Cond: (mc.movie_id = t.id)
  ->  Seq Scan on movie_companies mc  (cost=0.00..57926.93 rows=231669 width=4) (actual time=0.024..918.647 rows=457563 loops=1)
        Filter: ((company_id > 76734) AND (company_type_id = 2))
        Rows Removed by Filter: 2151566
  ->  Hash  (cost=73925.90..73925.90 rows=325904 width=4) (actual time=1288.271..1288.271 rows=349534 loops=1)
        Buckets: 131072  Batches: 8  Memory Usage: 2566kB
        ->  Seq Scan on title t  (cost=0.00..73925.90 rows=325904 width=4) (actual time=0.016..1175.646 rows=349534 loops=1)
              Filter: ((production_year > 2009) AND (kind_id = 7))
              Rows Removed by Filter: 2178778
Planning time: 0.757 ms
Execution time: 2448.937 ms
