Hash Join  (cost=501028.05..1451473.66 rows=4352365 width=0) (actual time=14160.558..29744.566 rows=8417001 loops=1)
  Hash Cond: (ci.movie_id = t.id)
  ->  Seq Scan on cast_info ci  (cost=0.00..796071.18 rows=9182072 width=4) (actual time=4647.234..15065.860 rows=5559036 loops=1)
        Filter: ((person_id > 972905) AND (role_id < 2))
        Rows Removed by Filter: 30685308
  ->  Hash  (cost=481364.32..481364.32 rows=1198539 width=8) (actual time=9511.685..9511.685 rows=1394915 loops=1)
        Buckets: 131072 (originally 131072)  Batches: 32 (originally 16)  Memory Usage: 3073kB
        ->  Hash Join  (cost=83810.17..481364.32 rows=1198539 width=8) (actual time=2496.276..9140.171 rows=1394915 loops=1)
              Hash Cond: (mi.movie_id = t.id)
              ->  Seq Scan on movie_info mi  (cost=0.00..346232.03 rows=3068194 width=4) (actual time=900.279..5621.897 rows=3036719 loops=1)
                    Filter: (info_type_id = 16)
                    Rows Removed by Filter: 11799001
              ->  Hash  (cost=67604.59..67604.59 rows=987727 width=4) (actual time=1594.844..1594.844 rows=985048 loops=1)
                    Buckets: 131072  Batches: 16  Memory Usage: 3197kB
                    ->  Seq Scan on title t  (cost=0.00..67604.59 rows=987727 width=4) (actual time=0.017..1273.657 rows=985048 loops=1)
                          Filter: (kind_id < 7)
                          Rows Removed by Filter: 1543264
Planning time: 1.170 ms
Execution time: 30717.362 ms
