Hash Join  (cost=102767.86..251669.45 rows=2411229 width=0) (actual time=1993.891..5654.020 rows=2412041 loops=1)
  Hash Cond: (mk.movie_id = t.id)
  ->  Seq Scan on movie_keyword mk  (cost=0.00..81003.12 rows=2411229 width=4) (actual time=0.027..1612.058 rows=2412041 loops=1)
        Filter: (keyword_id < 5661)
        Rows Removed by Filter: 2111889
  ->  Hash  (cost=61283.27..61283.27 rows=2528527 width=4) (actual time=1992.900..1992.900 rows=2528312 loops=1)
        Buckets: 131072  Batches: 64  Memory Usage: 2425kB
        ->  Seq Scan on title t  (cost=0.00..61283.27 rows=2528527 width=4) (actual time=0.032..1140.359 rows=2528312 loops=1)
Planning time: 0.815 ms
Execution time: 5906.401 ms
