Nested Loop  (cost=0.43..709671.90 rows=500 width=0) (actual time=3109.874..10666.764 rows=93 loops=1)
  ->  Seq Scan on cast_info ci  (cost=0.00..705507.15 rows=500 width=4) (actual time=3109.712..10665.374 rows=93 loops=1)
        Filter: (person_id = 2490761)
        Rows Removed by Filter: 36244251
  ->  Index Only Scan using title_pkey on title t  (cost=0.43..8.32 rows=1 width=4) (actual time=0.013..0.014 rows=1 loops=93)
        Index Cond: (id = ci.movie_id)
        Heap Fetches: 93
Planning time: 0.859 ms
Execution time: 10666.860 ms
