Hash Join  (cost=579352.33..1532764.69 rows=10391615 width=0) (actual time=16667.414..42682.728 rows=47824137 loops=1)
  Hash Cond: (ci.movie_id = t.id)
  ->  Seq Scan on cast_info ci  (cost=0.00..705507.15 rows=9468168 width=4) (actual time=4240.440..13254.322 rows=9384703 loops=1)
        Filter: (role_id > 4)
        Rows Removed by Filter: 26859641
  ->  Hash  (cost=533822.09..533822.09 rows=2775139 width=8) (actual time=12425.415..12425.415 rows=2643034 loops=1)
        Buckets: 131072  Batches: 64  Memory Usage: 2640kB
        ->  Hash Join  (cost=87180.69..533822.09 rows=2775139 width=8) (actual time=1966.904..11694.142 rows=2643034 loops=1)
              Hash Cond: (mi.movie_id = t.id)
              ->  Seq Scan on movie_info mi  (cost=0.00..346232.03 rows=5880796 width=4) (actual time=384.995..6213.336 rows=5869026 loops=1)
                    Filter: (info_type_id > 13)
                    Rows Removed by Filter: 8966694
              ->  Hash  (cost=67604.59..67604.59 rows=1193208 width=4) (actual time=1581.068..1581.068 rows=1192518 loops=1)
                    Buckets: 131072  Batches: 16  Memory Usage: 3653kB
                    ->  Seq Scan on title t  (cost=0.00..67604.59 rows=1193208 width=4) (actual time=0.636..1191.597 rows=1192518 loops=1)
                          Filter: (production_year > 2003)
                          Rows Removed by Filter: 1335794
Planning time: 1.196 ms
Execution time: 47985.698 ms
