Hash Join  (cost=183943.15..1275632.44 rows=11159627 width=0) (actual time=4345.434..41054.725 rows=23644241 loops=1)
  Hash Cond: (ci.movie_id = t.id)
  ->  Seq Scan on cast_info ci  (cost=0.00..705507.15 rows=23339420 width=4) (actual time=0.023..14463.326 rows=23237253 loops=1)
        Filter: (person_id < 2376155)
        Rows Removed by Filter: 13007091
  ->  Hash  (cost=164107.62..164107.62 rows=1209003 width=8) (actual time=4344.390..4344.390 rows=1240299 loops=1)
        Buckets: 131072  Batches: 16  Memory Usage: 4057kB
        ->  Hash Join  (cost=103947.06..164107.62 rows=1209003 width=8) (actual time=2067.249..3977.253 rows=1240299 loops=1)
              Hash Cond: (mi_idx.movie_id = t.id)
              ->  Seq Scan on movie_info_idx mi_idx  (cost=0.00..21735.35 rows=1380035 width=4) (actual time=0.028..478.149 rows=1380035 loops=1)
              ->  Hash  (cost=67604.59..67604.59 rows=2215158 width=4) (actual time=2066.432..2066.432 rows=2203697 loops=1)
                    Buckets: 131072  Batches: 32  Memory Usage: 3448kB
                    ->  Seq Scan on title t  (cost=0.00..67604.59 rows=2215158 width=4) (actual time=0.022..1374.424 rows=2203697 loops=1)
                          Filter: (production_year > 1960)
                          Rows Removed by Filter: 324615
Planning time: 1.133 ms
Execution time: 43661.384 ms
