Hash Join  (cost=157787.74..539127.48 rows=25741 width=0) (actual time=2896.273..10577.323 rows=1197851 loops=1)
  Hash Cond: (mi.movie_id = t.id)
  ->  Seq Scan on movie_info mi  (cost=0.00..346232.03 rows=9293409 width=4) (actual time=0.017..5836.351 rows=9425200 loops=1)
        Filter: (info_type_id > 5)
        Rows Removed by Filter: 5410520
  ->  Hash  (cost=157700.19..157700.19 rows=7004 width=8) (actual time=2888.462..2888.462 rows=25476 loops=1)
        Buckets: 32768 (originally 8192)  Batches: 1 (originally 1)  Memory Usage: 1252kB
        ->  Hash Join  (cost=67697.55..157700.19 rows=7004 width=8) (actual time=987.698..2878.867 rows=25476 loops=1)
              Hash Cond: (mk.movie_id = t.id)
              ->  Seq Scan on movie_keyword mk  (cost=0.00..81003.12 rows=2381194 width=4) (actual time=0.030..1487.000 rows=2382657 loops=1)
                    Filter: (keyword_id < 5472)
                    Rows Removed by Filter: 2141273
              ->  Hash  (cost=67604.59..67604.59 rows=7437 width=4) (actual time=987.326..987.326 rows=20122 loops=1)
                    Buckets: 32768 (originally 8192)  Batches: 1 (originally 1)  Memory Usage: 964kB
                    ->  Seq Scan on title t  (cost=0.00..67604.59 rows=7437 width=4) (actual time=0.055..978.053 rows=20122 loops=1)
                          Filter: (production_year = 1987)
                          Rows Removed by Filter: 2508190
Planning time: 1.091 ms
Execution time: 10714.094 ms
