Seq Scan on cast_info ci  (cost=0.00..796071.18 rows=11463824 width=0) (actual time=2.557..13572.105 rows=4898815 loops=1)
  Filter: ((person_id < 1735353) AND (role_id > 1))
  Rows Removed by Filter: 31345529
Planning time: 0.309 ms
Execution time: 14187.284 ms
