Hash Join  (cost=98431.55..243895.60 rows=1982356 width=0) (actual time=3718.166..5511.617 rows=454804 loops=1)
  Hash Cond: (mk.movie_id = t.id)
  ->  Seq Scan on movie_keyword mk  (cost=0.00..81003.12 rows=3355829 width=4) (actual time=0.018..1728.834 rows=3340949 loops=1)
        Filter: (keyword_id < 15748)
        Rows Removed by Filter: 1182981
  ->  Hash  (cost=73925.90..73925.90 rows=1493652 width=4) (actual time=1890.264..1890.264 rows=1478440 loops=1)
        Buckets: 131072  Batches: 32  Memory Usage: 2656kB
        ->  Seq Scan on title t  (cost=0.00..73925.90 rows=1493652 width=4) (actual time=0.032..1390.713 rows=1478440 loops=1)
              Filter: ((production_year > 1899) AND (kind_id = 7))
              Rows Removed by Filter: 1049872
Planning time: 0.710 ms
Execution time: 5567.316 ms
