Hash Join  (cost=432538.13..487269.77 rows=6611 width=0) (actual time=7611.935..9044.012 rows=979047 loops=1)
  Hash Cond: (mc.movie_id = t.id)
  ->  Seq Scan on movie_companies mc  (cost=0.00..44881.29 rows=2609129 width=4) (actual time=0.025..600.372 rows=2609129 loops=1)
  ->  Hash  (cost=432458.05..432458.05 rows=6407 width=8) (actual time=7611.808..7611.808 rows=41404 loops=1)
        Buckets: 65536 (originally 8192)  Batches: 1 (originally 1)  Memory Usage: 2130kB
        ->  Hash Join  (cost=82423.69..432458.05 rows=6407 width=8) (actual time=6340.784..7598.372 rows=41404 loops=1)
              Hash Cond: (mi.movie_id = t.id)
              ->  Seq Scan on movie_info mi  (cost=0.00..346232.03 rows=17937 width=4) (actual time=4622.532..5414.514 rows=147487 loops=1)
                    Filter: (info_type_id = 107)
                    Rows Removed by Filter: 14688233
              ->  Hash  (cost=67604.59..67604.59 rows=903208 width=4) (actual time=1509.846..1509.846 rows=904491 loops=1)
                    Buckets: 131072  Batches: 16  Memory Usage: 3017kB
                    ->  Seq Scan on title t  (cost=0.00..67604.59 rows=903208 width=4) (actual time=0.033..1211.181 rows=904491 loops=1)
                          Filter: (production_year > 2006)
                          Rows Removed by Filter: 1623821
Planning time: 1.145 ms
Execution time: 9161.565 ms
