Seq Scan on cast_info ci  (cost=0.00..796071.18 rows=10489297 width=0) (actual time=0.020..15872.077 rows=12670688 loops=1)
  Filter: ((person_id < 3010334) AND (role_id < 2))
  Rows Removed by Filter: 23573656
Planning time: 0.332 ms
Execution time: 17454.277 ms
