Hash Join  (cost=128662.53..493438.19 rows=11973 width=0) (actual time=2393.151..9215.321 rows=21718 loops=1)
  Hash Cond: (mi.movie_id = t.id)
  ->  Seq Scan on movie_info mi  (cost=0.00..309384.22 rows=14739122 width=4) (actual time=0.025..4242.268 rows=14835720 loops=1)
  ->  Hash  (cost=128636.86..128636.86 rows=2054 width=8) (actual time=2293.208..2293.208 rows=2067 loops=1)
        Buckets: 4096  Batches: 1  Memory Usage: 113kB
        ->  Hash Join  (cost=73950.79..128636.86 rows=2054 width=8) (actual time=1287.653..2292.117 rows=2067 loops=1)
              Hash Cond: (mc.movie_id = t.id)
              ->  Seq Scan on movie_companies mc  (cost=0.00..44881.29 rows=2609129 width=4) (actual time=0.019..633.053 rows=2609129 loops=1)
              ->  Hash  (cost=73925.90..73925.90 rows=1991 width=4) (actual time=1174.337..1174.337 rows=943 loops=1)
                    Buckets: 2048  Batches: 1  Memory Usage: 50kB
                    ->  Seq Scan on title t  (cost=0.00..73925.90 rows=1991 width=4) (actual time=0.428..1173.747 rows=943 loops=1)
                          Filter: ((production_year > 2010) AND (kind_id = 6))
                          Rows Removed by Filter: 2527369
Planning time: 1.245 ms
Execution time: 9218.922 ms
