Nested Loop  (cost=0.43..709674.40 rows=12 width=0) (actual time=8195.048..11017.813 rows=1 loops=1)
  ->  Seq Scan on cast_info ci  (cost=0.00..705507.15 rows=500 width=4) (actual time=8194.843..11015.026 rows=80 loops=1)
        Filter: (person_id = 1875397)
        Rows Removed by Filter: 36244264
  ->  Index Scan using title_pkey on title t  (cost=0.43..8.32 rows=1 width=4) (actual time=0.033..0.033 rows=0 loops=80)
        Index Cond: (id = ci.movie_id)
        Filter: ((production_year > 1997) AND (kind_id = 3))
        Rows Removed by Filter: 1
Planning time: 0.862 ms
Execution time: 11017.909 ms
