Hash Join  (cost=155695.34..644568.80 rows=849754 width=0) (actual time=3132.703..14358.784 rows=319722 loops=1)
  Hash Cond: (mi.movie_id = t.id)
  ->  Seq Scan on movie_info mi  (cost=0.00..309384.22 rows=14739122 width=4) (actual time=0.012..6212.923 rows=14835720 loops=1)
  ->  Hash  (cost=153303.12..153303.12 rows=145777 width=8) (actual time=3035.129..3035.129 rows=58891 loops=1)
        Buckets: 131072  Batches: 2  Memory Usage: 2180kB
        ->  Hash Join  (cost=76243.83..153303.12 rows=145777 width=8) (actual time=1057.450..3013.534 rows=58891 loops=1)
              Hash Cond: (mc.movie_id = t.id)
              ->  Seq Scan on movie_companies mc  (cost=0.00..44881.29 rows=2609129 width=4) (actual time=0.030..911.084 rows=2609129 loops=1)
              ->  Hash  (cost=73925.90..73925.90 rows=141274 width=4) (actual time=1056.686..1056.686 rows=150659 loops=1)
                    Buckets: 131072  Batches: 2  Memory Usage: 3673kB
                    ->  Seq Scan on title t  (cost=0.00..73925.90 rows=141274 width=4) (actual time=81.029..999.205 rows=150659 loops=1)
                          Filter: ((production_year > 2011) AND (kind_id = 7))
                          Rows Removed by Filter: 2377653
Planning time: 1.156 ms
Execution time: 14399.954 ms
