Seq Scan on movie_keyword mk  (cost=0.00..81003.12 rows=246 width=0) (actual time=0.318..1262.985 rows=2861 loops=1)
  Filter: (keyword_id = 3627)
  Rows Removed by Filter: 4521069
Planning time: 0.303 ms
Execution time: 1263.903 ms
