Hash Join  (cost=102767.86..198243.03 rows=1420988 width=0) (actual time=1877.233..4408.374 rows=1426050 loops=1)
  Hash Cond: (mc.movie_id = t.id)
  ->  Seq Scan on movie_companies mc  (cost=0.00..51404.11 rows=1420988 width=4) (actual time=0.026..1059.991 rows=1426050 loops=1)
        Filter: (company_id > 10278)
        Rows Removed by Filter: 1183079
  ->  Hash  (cost=61283.27..61283.27 rows=2528527 width=4) (actual time=1875.640..1875.640 rows=2528312 loops=1)
        Buckets: 131072  Batches: 64  Memory Usage: 2415kB
        ->  Seq Scan on title t  (cost=0.00..61283.27 rows=2528527 width=4) (actual time=0.011..1044.270 rows=2528312 loops=1)
Planning time: 0.500 ms
Execution time: 4555.018 ms
