Hash Join  (cost=641812.16..2450248.83 rows=62183245 width=0) (actual time=14200.506..58611.227 rows=46670686 loops=1)
  Hash Cond: (ci.movie_id = t.id)
  ->  Seq Scan on cast_info ci  (cost=0.00..614943.12 rows=36225612 width=4) (actual time=0.014..13863.732 rows=36244344 loops=1)
  ->  Hash  (cost=570602.72..570602.72 rows=4340355 width=8) (actual time=14199.475..14199.475 rows=2446546 loops=1)
        Buckets: 131072  Batches: 64  Memory Usage: 2497kB
        ->  Hash Join  (cost=98137.04..570602.72 rows=4340355 width=8) (actual time=1943.873..13467.714 rows=2446546 loops=1)
              Hash Cond: (mi.movie_id = t.id)
              ->  Seq Scan on movie_info mi  (cost=0.00..346232.03 rows=5897221 width=4) (actual time=95.101..6141.183 rows=5884963 loops=1)
                    Filter: (info_type_id < 7)
                    Rows Removed by Filter: 8950757
              ->  Hash  (cost=67604.59..67604.59 rows=1860996 width=4) (actual time=1847.838..1847.838 rows=1865487 loops=1)
                    Buckets: 131072  Batches: 32  Memory Usage: 3085kB
                    ->  Seq Scan on title t  (cost=0.00..67604.59 rows=1860996 width=4) (actual time=0.026..1239.007 rows=1865487 loops=1)
                          Filter: (kind_id > 1)
                          Rows Removed by Filter: 662825
Planning time: 0.789 ms
Execution time: 63621.207 ms
