Hash Join  (cost=102767.86..230662.49 rows=1538185 width=0) (actual time=1990.103..4886.719 rows=1552464 loops=1)
  Hash Cond: (mk.movie_id = t.id)
  ->  Seq Scan on movie_keyword mk  (cost=0.00..81003.12 rows=1538185 width=4) (actual time=0.025..1496.246 rows=1552464 loops=1)
        Filter: (keyword_id > 10154)
        Rows Removed by Filter: 2971466
  ->  Hash  (cost=61283.27..61283.27 rows=2528527 width=4) (actual time=1988.579..1988.579 rows=2528312 loops=1)
        Buckets: 131072  Batches: 64  Memory Usage: 2425kB
        ->  Seq Scan on title t  (cost=0.00..61283.27 rows=2528527 width=4) (actual time=0.015..1139.734 rows=2528312 loops=1)
Planning time: 0.771 ms
Execution time: 5035.950 ms
