Hash Join  (cost=94009.45..195214.71 rows=1660733 width=0) (actual time=1810.950..5028.333 rows=1369982 loops=1)
  Hash Cond: (mc.movie_id = t.id)
  ->  Seq Scan on movie_companies mc  (cost=0.00..44881.29 rows=2609129 width=4) (actual time=0.014..977.778 rows=2609129 loops=1)
  ->  Hash  (cost=67604.59..67604.59 rows=1609429 width=4) (actual time=1809.977..1809.977 rows=1607077 loops=1)
        Buckets: 131072  Batches: 32  Memory Usage: 2791kB
        ->  Seq Scan on title t  (cost=0.00..67604.59 rows=1609429 width=4) (actual time=0.017..1294.165 rows=1607077 loops=1)
              Filter: (production_year > 1995)
              Rows Removed by Filter: 921235
Planning time: 0.744 ms
Execution time: 5178.729 ms
