Hash Join  (cost=88876.27..175608.06 rows=7375 width=0) (actual time=1022.251..2942.968 rows=30390 loops=1)
  Hash Cond: (mk.movie_id = t.id)
  ->  Seq Scan on movie_keyword mk  (cost=0.00..69693.30 rows=4523930 width=4) (actual time=0.019..1056.492 rows=4523930 loops=1)
  ->  Hash  (cost=88824.75..88824.75 rows=4122 width=8) (actual time=1022.163..1022.163 rows=7822 loops=1)
        Buckets: 8192  Batches: 1  Memory Usage: 370kB
        ->  Nested Loop  (cost=0.43..88824.75 rows=4122 width=8) (actual time=1.273..1018.346 rows=7822 loops=1)
              ->  Seq Scan on movie_companies mc  (cost=0.00..57926.93 rows=4122 width=4) (actual time=1.193..830.495 rows=7822 loops=1)
                    Filter: ((company_id = 424) AND (company_type_id = 2))
                    Rows Removed by Filter: 2601307
              ->  Index Only Scan using title_pkey on title t  (cost=0.43..7.49 rows=1 width=4) (actual time=0.023..0.023 rows=1 loops=7822)
                    Index Cond: (id = mc.movie_id)
                    Heap Fetches: 7822
Planning time: 1.592 ms
Execution time: 2947.081 ms
