Seq Scan on cast_info ci  (cost=0.00..796071.18 rows=13685928 width=0) (actual time=0.026..15998.739 rows=14583496 loops=1)
  Filter: ((person_id > 535779) AND (role_id > 2))
  Rows Removed by Filter: 21660848
Planning time: 0.376 ms
Execution time: 17791.549 ms
