Hash Join  (cost=75915.84..186676.19 rows=116631 width=0) (actual time=1361.334..3612.368 rows=28454 loops=1)
  Hash Cond: (mk.movie_id = t.id)
  ->  Seq Scan on movie_keyword mk  (cost=0.00..81003.12 rows=2431710 width=4) (actual time=0.024..1536.936 rows=2423366 loops=1)
        Filter: (keyword_id > 3779)
        Rows Removed by Filter: 2100564
  ->  Hash  (cost=73925.90..73925.90 rows=121275 width=4) (actual time=1360.444..1360.444 rows=124747 loops=1)
        Buckets: 131072  Batches: 2  Memory Usage: 3225kB
        ->  Seq Scan on title t  (cost=0.00..73925.90 rows=121275 width=4) (actual time=0.053..1307.023 rows=124747 loops=1)
              Filter: ((kind_id > 1) AND (production_year = 2012))
              Rows Removed by Filter: 2403565
Planning time: 0.749 ms
Execution time: 3616.005 ms
