Hash Join  (cost=189046.79..1230022.70 rows=7255316 width=0) (actual time=3991.047..31728.209 rows=10388070 loops=1)
  Hash Cond: (ci.movie_id = t.id)
  ->  Seq Scan on cast_info ci  (cost=0.00..705507.15 rows=22462561 width=4) (actual time=0.020..14723.223 rows=22505791 loops=1)
        Filter: (person_id > 1353026)
        Rows Removed by Filter: 13738553
  ->  Hash  (cost=175646.99..175646.99 rows=816704 width=8) (actual time=3990.012..3990.012 rows=518681 loops=1)
        Buckets: 131072  Batches: 16  Memory Usage: 2270kB
        ->  Hash Join  (cost=92883.59..175646.99 rows=816704 width=8) (actual time=1721.362..3839.927 rows=518681 loops=1)
              Hash Cond: (mc.movie_id = t.id)
              ->  Seq Scan on movie_companies mc  (cost=0.00..51404.11 rows=1340250 width=4) (actual time=0.014..1053.237 rows=1330004 loops=1)
                    Filter: (company_id < 11388)
                    Rows Removed by Filter: 1279125
              ->  Hash  (cost=67604.59..67604.59 rows=1540800 width=4) (actual time=1720.451..1720.451 rows=1543264 loops=1)
                    Buckets: 131072  Batches: 32  Memory Usage: 2722kB
                    ->  Seq Scan on title t  (cost=0.00..67604.59 rows=1540800 width=4) (actual time=0.017..1229.635 rows=1543264 loops=1)
                          Filter: (kind_id = 7)
                          Rows Removed by Filter: 985048
Planning time: 1.158 ms
Execution time: 32859.367 ms
