Hash Join  (cost=76444.38..134476.73 rows=30067 width=0) (actual time=2001.188..2767.783 rows=57837 loops=1)
  Hash Cond: (mc.movie_id = t.id)
  ->  Seq Scan on movie_companies mc  (cost=0.00..51404.11 rows=495351 width=4) (actual time=301.666..821.707 rows=498112 loops=1)
        Filter: (company_id > 74330)
        Rows Removed by Filter: 2111017
  ->  Hash  (cost=73925.90..73925.90 rows=153478 width=4) (actual time=1698.763..1698.763 rows=134760 loops=1)
        Buckets: 131072  Batches: 4  Memory Usage: 2216kB
        ->  Seq Scan on title t  (cost=0.00..73925.90 rows=153478 width=4) (actual time=0.038..1086.827 rows=134760 loops=1)
              Filter: ((kind_id < 7) AND (production_year > 2010))
              Rows Removed by Filter: 2393552
Planning time: 0.723 ms
Execution time: 2775.714 ms
