Hash Join  (cost=149276.40..278207.81 rows=568737 width=0) (actual time=3432.232..7011.871 rows=958346 loops=1)
  Hash Cond: (mk.movie_id = t.id)
  ->  Seq Scan on movie_keyword mk  (cost=0.00..69693.30 rows=4523930 width=4) (actual time=0.040..1604.604 rows=4523930 loops=1)
  ->  Hash  (cost=144060.90..144060.90 rows=317880 width=8) (actual time=3430.778..3430.778 rows=249986 loops=1)
        Buckets: 131072  Batches: 8  Memory Usage: 2254kB
        ->  Hash Join  (cost=102964.04..144060.90 rows=317880 width=8) (actual time=2217.935..3354.822 rows=249986 loops=1)
              Hash Cond: (mi_idx.movie_id = t.id)
              ->  Seq Scan on movie_info_idx mi_idx  (cost=0.00..25185.44 rows=454124 width=4) (actual time=0.024..526.592 rows=459925 loops=1)
                    Filter: (info_type_id = 100)
                    Rows Removed by Filter: 920110
              ->  Hash  (cost=73925.90..73925.90 rows=1769931 width=4) (actual time=2215.994..2215.994 rows=1799906 loops=1)
                    Buckets: 131072  Batches: 32  Memory Usage: 3007kB
                    ->  Seq Scan on title t  (cost=0.00..73925.90 rows=1769931 width=4) (actual time=0.017..1638.051 rows=1799906 loops=1)
                          Filter: ((kind_id > 1) AND (production_year > 1914))
                          Rows Removed by Filter: 728406
Planning time: 1.130 ms
Execution time: 7122.475 ms
