Seq Scan on cast_info ci  (cost=0.00..705507.15 rows=35867658 width=0) (actual time=0.016..12372.997 rows=35941470 loops=1)
  Filter: (person_id > 35269)
  Rows Removed by Filter: 302874
Planning time: 0.314 ms
Execution time: 16426.653 ms
