Hash Join  (cost=137241.01..932242.14 rows=137065 width=0) (actual time=3927.455..22605.993 rows=482398 loops=1)
  Hash Cond: (ci.movie_id = t.id)
  ->  Seq Scan on cast_info ci  (cost=0.00..705507.15 rows=23499554 width=4) (actual time=1215.696..14962.534 rows=23573656 loops=1)
        Filter: (role_id > 1)
        Rows Removed by Filter: 12670688
  ->  Hash  (cost=137056.66..137056.66 rows=14748 width=8) (actual time=2711.433..2711.433 rows=20380 loops=1)
        Buckets: 32768 (originally 16384)  Batches: 1 (originally 1)  Memory Usage: 1053kB
        ->  Hash Join  (cost=74299.17..137056.66 rows=14748 width=8) (actual time=1568.881..2703.567 rows=20380 loops=1)
              Hash Cond: (mc.movie_id = t.id)
              ->  Seq Scan on movie_companies mc  (cost=0.00..57926.93 rows=1248820 width=4) (actual time=26.898..1219.948 rows=1296872 loops=1)
                    Filter: ((company_id > 27) AND (company_type_id > 1))
                    Rows Removed by Filter: 1312257
              ->  Hash  (cost=73925.90..73925.90 rows=29861 width=4) (actual time=1202.550..1202.550 rows=17772 loops=1)
                    Buckets: 32768  Batches: 1  Memory Usage: 881kB
                    ->  Seq Scan on title t  (cost=0.00..73925.90 rows=29861 width=4) (actual time=421.351..1194.959 rows=17772 loops=1)
                          Filter: ((kind_id = 1) AND (production_year = 2007))
                          Rows Removed by Filter: 2510540
Planning time: 13.020 ms
Execution time: 22674.464 ms
