Hash Join  (cost=100888.05..187566.45 rows=2036 width=0) (actual time=1595.682..3374.811 rows=16509 loops=1)
  Hash Cond: (mk.movie_id = t.id)
  ->  Seq Scan on movie_keyword mk  (cost=0.00..69693.30 rows=4523930 width=4) (actual time=0.009..1006.419 rows=4523930 loops=1)
  ->  Hash  (cost=100873.83..100873.83 rows=1138 width=8) (actual time=1595.442..1595.442 rows=3471 loops=1)
        Buckets: 4096 (originally 2048)  Batches: 1 (originally 1)  Memory Usage: 168kB
        ->  Hash Join  (cost=73951.97..100873.83 rows=1138 width=8) (actual time=1155.654..1593.864 rows=3471 loops=1)
              Hash Cond: (mi_idx.movie_id = t.id)
              ->  Seq Scan on movie_info_idx mi_idx  (cost=0.00..21735.35 rows=1380035 width=4) (actual time=0.011..322.623 rows=1380035 loops=1)
              ->  Hash  (cost=73925.90..73925.90 rows=2085 width=4) (actual time=1002.761..1002.761 rows=2622 loops=1)
                    Buckets: 4096  Batches: 1  Memory Usage: 125kB
                    ->  Seq Scan on title t  (cost=0.00..73925.90 rows=2085 width=4) (actual time=0.029..1001.234 rows=2622 loops=1)
                          Filter: ((kind_id = 2) AND (production_year = 2001))
                          Rows Removed by Filter: 2525690
Planning time: 0.905 ms
Execution time: 3377.138 ms
