Seq Scan on movie_keyword mk  (cost=0.00..81003.12 rows=720295 width=0) (actual time=0.018..1374.013 rows=724000 loops=1)
  Filter: (keyword_id > 25900)
  Rows Removed by Filter: 3799930
Planning time: 0.315 ms
Execution time: 1464.318 ms
