Hash Join  (cost=88195.18..900635.88 rows=297357 width=0) (actual time=9201.049..14278.356 rows=676453 loops=1)
  Hash Cond: (ci.movie_id = t.id)
  ->  Seq Scan on cast_info ci  (cost=0.00..796071.18 rows=864521 width=4) (actual time=7614.195..11524.328 rows=1718398 loops=1)
        Filter: ((person_id < 233640) AND (role_id < 2))
        Rows Removed by Filter: 34525946
  ->  Hash  (cost=73925.90..73925.90 rows=869702 width=4) (actual time=1585.673..1585.673 rows=896788 loops=1)
        Buckets: 131072  Batches: 16  Memory Usage: 2998kB
        ->  Seq Scan on title t  (cost=0.00..73925.90 rows=869702 width=4) (actual time=0.050..1302.609 rows=896788 loops=1)
              Filter: ((kind_id < 7) AND (production_year < 2012))
              Rows Removed by Filter: 1631524
Planning time: 0.754 ms
Execution time: 14355.525 ms
