Seq Scan on movie_companies mc  (cost=0.00..57926.93 rows=717588 width=0) (actual time=0.017..1078.931 rows=988121 loops=1)
  Filter: ((company_id < 13043) AND (company_type_id = 1))
  Rows Removed by Filter: 1621008
Planning time: 0.361 ms
Execution time: 1203.893 ms
