Seq Scan on movie_companies mc  (cost=0.00..57926.93 rows=109623 width=0) (actual time=0.024..869.888 rows=48155 loops=1)
  Filter: ((company_id < 73) AND (company_type_id = 2))
  Rows Removed by Filter: 2560974
Planning time: 0.349 ms
Execution time: 876.775 ms
