Hash Join  (cost=92883.59..934964.47 rows=1288898 width=0) (actual time=4657.814..18820.831 rows=2443075 loops=1)
  Hash Cond: (ci.movie_id = t.id)
  ->  Seq Scan on cast_info ci  (cost=0.00..796071.18 rows=2115144 width=4) (actual time=2822.513..14276.898 rows=3609801 loops=1)
        Filter: ((person_id > 1828409) AND (role_id = 10))
        Rows Removed by Filter: 32634543
  ->  Hash  (cost=67604.59..67604.59 rows=1540800 width=4) (actual time=1833.748..1833.748 rows=1543264 loops=1)
        Buckets: 131072  Batches: 32  Memory Usage: 2722kB
        ->  Seq Scan on title t  (cost=0.00..67604.59 rows=1540800 width=4) (actual time=0.035..1138.459 rows=1543264 loops=1)
              Filter: (kind_id = 7)
              Rows Removed by Filter: 985048
Planning time: 0.744 ms
Execution time: 19114.112 ms
