Hash Join  (cost=136398.15..502416.35 rows=136227 width=0) (actual time=2500.106..9539.476 rows=108117 loops=1)
  Hash Cond: (mi.movie_id = t.id)
  ->  Seq Scan on movie_info mi  (cost=0.00..309384.22 rows=14739122 width=4) (actual time=0.016..3851.783 rows=14835720 loops=1)
  ->  Hash  (cost=136106.03..136106.03 rows=23370 width=8) (actual time=2499.504..2499.504 rows=9306 loops=1)
        Buckets: 32768  Batches: 1  Memory Usage: 620kB
        ->  Hash Join  (cost=74809.10..136106.03 rows=23370 width=8) (actual time=1799.317..2495.367 rows=9306 loops=1)
              Hash Cond: (mc.movie_id = t.id)
              ->  Seq Scan on movie_companies mc  (cost=0.00..57926.93 rows=836344 width=4) (actual time=496.775..1028.597 rows=635395 loops=1)
                    Filter: ((company_id > 2895) AND (company_type_id = 1))
                    Rows Removed by Filter: 1973734
              ->  Hash  (cost=73925.90..73925.90 rows=70656 width=4) (actual time=1301.750..1301.750 rows=79548 loops=1)
                    Buckets: 131072  Batches: 1  Memory Usage: 3821kB
                    ->  Seq Scan on title t  (cost=0.00..73925.90 rows=70656 width=4) (actual time=0.031..1269.302 rows=79548 loops=1)
                          Filter: ((kind_id > 1) AND (production_year = 2005))
                          Rows Removed by Filter: 2448764
Planning time: 1.273 ms
Execution time: 9556.948 ms
