Hash Join  (cost=79317.58..841679.69 rows=561505 width=0) (actual time=1486.732..17351.722 rows=964158 loops=1)
  Hash Cond: (ci.movie_id = t.id)
  ->  Seq Scan on cast_info ci  (cost=0.00..705507.15 rows=4320508 width=4) (actual time=0.021..12544.180 rows=4323018 loops=1)
        Filter: (role_id = 10)
        Rows Removed by Filter: 31921326
  ->  Hash  (cost=73925.90..73925.90 rows=328614 width=4) (actual time=1485.764..1485.764 rows=350917 loops=1)
        Buckets: 131072  Batches: 8  Memory Usage: 2572kB
        ->  Seq Scan on title t  (cost=0.00..73925.90 rows=328614 width=4) (actual time=0.022..1372.391 rows=350917 loops=1)
              Filter: ((kind_id > 4) AND (production_year > 2009))
              Rows Removed by Filter: 2177395
Planning time: 4.273 ms
Execution time: 17467.396 ms
