Hash Join  (cost=102767.86..1475997.42 rows=27338979 width=0) (actual time=1902.698..42754.426 rows=27338101 loops=1)
  Hash Cond: (ci.movie_id = t.id)
  ->  Seq Scan on cast_info ci  (cost=0.00..705507.15 rows=27338979 width=4) (actual time=0.011..15286.227 rows=27338101 loops=1)
        Filter: (person_id < 2803642)
        Rows Removed by Filter: 8906243
  ->  Hash  (cost=61283.27..61283.27 rows=2528527 width=4) (actual time=1901.376..1901.376 rows=2528312 loops=1)
        Buckets: 131072  Batches: 64  Memory Usage: 2415kB
        ->  Seq Scan on title t  (cost=0.00..61283.27 rows=2528527 width=4) (actual time=0.018..1016.894 rows=2528312 loops=1)
Planning time: 0.513 ms
Execution time: 45973.428 ms
