Hash Join  (cost=697320.83..2399847.51 rows=51496351 width=0) (actual time=21055.541..113379.296 rows=244306021 loops=1)
  Hash Cond: (ci.movie_id = t.id)
  ->  Seq Scan on cast_info ci  (cost=0.00..705507.15 rows=25962904 width=4) (actual time=0.029..15724.225 rows=25965245 loops=1)
        Filter: (person_id < 2684173)
        Rows Removed by Filter: 10279099
  ->  Hash  (cost=615039.47..615039.47 rows=5015229 width=8) (actual time=21052.175..21052.175 rows=9874334 loops=1)
        Buckets: 131072 (originally 131072)  Batches: 256 (originally 128)  Memory Usage: 4028kB
        ->  Hash Join  (cost=81720.25..615039.47 rows=5015229 width=8) (actual time=1513.090..18182.558 rows=9874334 loops=1)
              Hash Cond: (mi.movie_id = t.id)
              ->  Seq Scan on movie_info mi  (cost=0.00..309384.22 rows=14739122 width=4) (actual time=0.021..5957.216 rows=14835720 loops=1)
              ->  Hash  (cost=67604.59..67604.59 rows=860373 width=4) (actual time=1512.012..1512.012 rows=854214 loops=1)
                    Buckets: 131072  Batches: 16  Memory Usage: 2906kB
                    ->  Seq Scan on title t  (cost=0.00..67604.59 rows=860373 width=4) (actual time=0.022..1235.430 rows=854214 loops=1)
                          Filter: (kind_id < 4)
                          Rows Removed by Filter: 1674098
Planning time: 1.150 ms
Execution time: 139101.646 ms
