Hash Join  (cost=69283.60..952060.68 rows=598077 width=0) (actual time=1223.830..20982.331 rows=831028 loops=1)
  Hash Cond: (ci.movie_id = t.id)
  ->  Seq Scan on cast_info ci  (cost=0.00..705507.15 rows=14779510 width=4) (actual time=98.641..13721.104 rows=14682532 loops=1)
        Filter: (person_id < 1447606)
        Rows Removed by Filter: 21561812
  ->  Hash  (cost=67604.59..67604.59 rows=102321 width=4) (actual time=1124.444..1124.444 rows=100537 loops=1)
        Buckets: 131072  Batches: 2  Memory Usage: 2797kB
        ->  Seq Scan on title t  (cost=0.00..67604.59 rows=102321 width=4) (actual time=377.614..1089.324 rows=100537 loops=1)
              Filter: (kind_id = 3)
              Rows Removed by Filter: 2427775
Planning time: 0.531 ms
Execution time: 21094.221 ms
