Seq Scan on movie_keyword mk  (cost=0.00..81003.12 rows=246 width=0) (actual time=2.405..1336.809 rows=285 loops=1)
  Filter: (keyword_id = 3144)
  Rows Removed by Filter: 4523645
Planning time: 0.358 ms
Execution time: 1337.038 ms
