Hash Join  (cost=671884.81..2330504.54 rows=46890266 width=0) (actual time=14477.063..78082.550 rows=121008804 loops=1)
  Hash Cond: (ci.movie_id = t.id)
  ->  Seq Scan on cast_info ci  (cost=0.00..796071.18 rows=22525816 width=4) (actual time=0.016..19431.065 rows=24130698 loops=1)
        Filter: ((person_id < 3613167) AND (role_id < 4))
        Rows Removed by Filter: 12113646
  ->  Hash  (cost=585530.80..585530.80 rows=5263441 width=8) (actual time=14476.121..14476.121 rows=5270569 loops=1)
        Buckets: 131072  Batches: 128  Memory Usage: 2642kB
        ->  Hash Join  (cost=102767.86..585530.80 rows=5263441 width=8) (actual time=2137.467..12998.494 rows=5270569 loops=1)
              Hash Cond: (mi.movie_id = t.id)
              ->  Seq Scan on movie_info mi  (cost=0.00..346232.03 rows=5263441 width=4) (actual time=114.661..6295.418 rows=5270569 loops=1)
                    Filter: (info_type_id > 15)
                    Rows Removed by Filter: 9565151
              ->  Hash  (cost=61283.27..61283.27 rows=2528527 width=4) (actual time=2010.184..2010.184 rows=2528312 loops=1)
                    Buckets: 131072  Batches: 64  Memory Usage: 2425kB
                    ->  Seq Scan on title t  (cost=0.00..61283.27 rows=2528527 width=4) (actual time=0.024..1136.125 rows=2528312 loops=1)
Planning time: 1.558 ms
Execution time: 91208.183 ms
