Nested Loop  (cost=0.43..58358.39 rows=2 width=0) (actual time=22.847..960.963 rows=8 loops=1)
  ->  Seq Scan on movie_companies mc  (cost=0.00..57926.93 rows=51 width=4) (actual time=0.947..951.814 rows=198 loops=1)
        Filter: ((company_type_id < 2) AND (company_id = 6029))
        Rows Removed by Filter: 2608931
  ->  Index Scan using title_pkey on title t  (cost=0.43..8.45 rows=1 width=4) (actual time=0.045..0.045 rows=0 loops=198)
        Index Cond: (id = mc.movie_id)
        Filter: (production_year = 2004)
        Rows Removed by Filter: 1
Planning time: 0.782 ms
Execution time: 961.070 ms
