Hash Join  (cost=188891.91..258695.30 rows=173523 width=0) (actual time=3889.074..5547.308 rows=660785 loops=1)
  Hash Cond: (mc.movie_id = t.id)
  ->  Seq Scan on movie_companies mc  (cost=0.00..51404.11 rows=1329612 width=4) (actual time=120.743..999.178 rows=1334883 loops=1)
        Filter: (company_type_id = 2)
        Rows Removed by Filter: 1274246
  ->  Hash  (cost=183477.05..183477.05 rows=329989 width=8) (actual time=3767.283..3767.283 rows=436430 loops=1)
        Buckets: 131072  Batches: 8  Memory Usage: 3192kB
        ->  Hash Join  (cost=86241.46..183477.05 rows=329989 width=8) (actual time=1614.941..3634.055 rows=436430 loops=1)
              Hash Cond: (mk.movie_id = t.id)
              ->  Seq Scan on movie_keyword mk  (cost=0.00..81003.12 rows=734553 width=4) (actual time=0.030..1334.501 rows=734912 loops=1)
                    Filter: (keyword_id < 659)
                    Rows Removed by Filter: 3789018
              ->  Hash  (cost=67604.59..67604.59 rows=1135910 width=4) (actual time=1613.653..1613.653 rows=1133355 loops=1)
                    Buckets: 131072  Batches: 16  Memory Usage: 3523kB
                    ->  Seq Scan on title t  (cost=0.00..67604.59 rows=1135910 width=4) (actual time=0.024..1246.551 rows=1133355 loops=1)
                          Filter: (production_year < 2002)
                          Rows Removed by Filter: 1394957
Planning time: 1.166 ms
Execution time: 5625.328 ms
