Hash Join  (cost=68365.25..436568.38 rows=354720 width=0) (actual time=1170.170..10176.312 rows=356090 loops=1)
  Hash Cond: (mi.movie_id = t.id)
  ->  Seq Scan on movie_info mi  (cost=0.00..309384.22 rows=14739122 width=4) (actual time=0.019..4403.411 rows=14835720 loops=1)
  ->  Hash  (cost=67604.59..67604.59 rows=60853 width=4) (actual time=1169.748..1169.748 rows=62568 loops=1)
        Buckets: 65536  Batches: 1  Memory Usage: 2712kB
        ->  Seq Scan on title t  (cost=0.00..67604.59 rows=60853 width=4) (actual time=0.034..1143.033 rows=62568 loops=1)
              Filter: (production_year = 2002)
              Rows Removed by Filter: 2465744
Planning time: 0.778 ms
Execution time: 10229.138 ms
