Seq Scan on movie_info mi  (cost=0.00..346232.03 rows=13713552 width=0) (actual time=119.281..6271.179 rows=13752554 loops=1)
  Filter: (info_type_id < 71)
  Rows Removed by Filter: 1083166
Planning time: 0.475 ms
Execution time: 7978.647 ms
