Hash Join  (cost=442757.49..1241322.67 rows=249402 width=0) (actual time=7566.369..25541.514 rows=283278 loops=1)
  Hash Cond: (ci.movie_id = t.id)
  ->  Seq Scan on cast_info ci  (cost=0.00..614943.12 rows=36225612 width=4) (actual time=0.034..8776.675 rows=36244344 loops=1)
  ->  Hash  (cost=442539.89..442539.89 rows=17408 width=8) (actual time=7564.926..7564.926 rows=24700 loops=1)
        Buckets: 32768  Batches: 1  Memory Usage: 1221kB
        ->  Hash Join  (cost=74019.21..442539.89 rows=17408 width=8) (actual time=1227.225..7553.802 rows=24700 loops=1)
              Hash Cond: (mi.movie_id = t.id)
              ->  Seq Scan on movie_info mi  (cost=0.00..346232.03 rows=5897221 width=4) (actual time=102.767..5504.679 rows=5884963 loops=1)
                    Filter: (info_type_id < 7)
                    Rows Removed by Filter: 8950757
              ->  Hash  (cost=73925.90..73925.90 rows=7464 width=4) (actual time=1057.941..1057.941 rows=5186 loops=1)
                    Buckets: 8192  Batches: 1  Memory Usage: 247kB
                    ->  Seq Scan on title t  (cost=0.00..73925.90 rows=7464 width=4) (actual time=35.096..1055.605 rows=5186 loops=1)
                          Filter: ((kind_id = 4) AND (production_year = 2012))
                          Rows Removed by Filter: 2523126
Planning time: 1.260 ms
Execution time: 25582.003 ms
