Hash Join  (cost=102767.86..264663.49 rows=2951170 width=0) (actual time=2020.435..6231.618 rows=2941811 loops=1)
  Hash Cond: (mk.movie_id = t.id)
  ->  Seq Scan on movie_keyword mk  (cost=0.00..81003.12 rows=2951170 width=4) (actual time=0.032..1800.586 rows=2941811 loops=1)
        Filter: (keyword_id > 2402)
        Rows Removed by Filter: 1582119
  ->  Hash  (cost=61283.27..61283.27 rows=2528527 width=4) (actual time=2019.509..2019.509 rows=2528312 loops=1)
        Buckets: 131072  Batches: 64  Memory Usage: 2425kB
        ->  Seq Scan on title t  (cost=0.00..61283.27 rows=2528527 width=4) (actual time=0.018..1160.476 rows=2528312 loops=1)
Planning time: 0.715 ms
Execution time: 6543.846 ms
