Seq Scan on movie_keyword mk  (cost=0.00..81003.12 rows=3647931 width=0) (actual time=0.030..1542.252 rows=3640488 loops=1)
  Filter: (keyword_id < 20875)
  Rows Removed by Filter: 883442
Planning time: 0.307 ms
Execution time: 1993.492 ms
