Seq Scan on movie_keyword mk  (cost=0.00..81003.12 rows=246 width=0) (actual time=1.341..1201.403 rows=313 loops=1)
  Filter: (keyword_id = 4573)
  Rows Removed by Filter: 4523617
Planning time: 0.346 ms
Execution time: 1201.883 ms
