Seq Scan on movie_companies mc  (cost=0.00..51404.11 rows=1118100 width=0) (actual time=31.431..876.974 rows=1129711 loops=1)
  Filter: (company_id > 13543)
  Rows Removed by Filter: 1479418
Planning time: 0.300 ms
Execution time: 1013.581 ms
