Hash Join  (cost=102767.86..191460.48 rows=1139108 width=0) (actual time=1972.411..4237.590 rows=1145766 loops=1)
  Hash Cond: (mc.movie_id = t.id)
  ->  Seq Scan on movie_companies mc  (cost=0.00..51404.11 rows=1139108 width=4) (actual time=35.494..958.678 rows=1145766 loops=1)
        Filter: (company_id > 13165)
        Rows Removed by Filter: 1463363
  ->  Hash  (cost=61283.27..61283.27 rows=2528527 width=4) (actual time=1936.168..1936.168 rows=2528312 loops=1)
        Buckets: 131072  Batches: 64  Memory Usage: 2415kB
        ->  Seq Scan on title t  (cost=0.00..61283.27 rows=2528527 width=4) (actual time=0.017..1111.378 rows=2528312 loops=1)
Planning time: 11.235 ms
Execution time: 4368.782 ms
