Seq Scan on movie_companies mc  (cost=0.00..57926.93 rows=340841 width=0) (actual time=24.088..691.313 rows=646733 loops=1)
  Filter: ((company_id > 49834) AND (company_type_id > 1))
  Rows Removed by Filter: 1962396
Planning time: 0.324 ms
Execution time: 764.510 ms
