Hash Join  (cost=513437.85..1505820.46 rows=6029243 width=0) (actual time=11332.053..32284.090 rows=5342688 loops=1)
  Hash Cond: (ci.movie_id = t.id)
  ->  Seq Scan on cast_info ci  (cost=0.00..796071.18 rows=11308267 width=4) (actual time=0.020..14462.348 rows=8746756 loops=1)
        Filter: ((person_id > 1903719) AND (role_id < 4))
        Rows Removed by Filter: 27497588
  ->  Hash  (cost=491319.12..491319.12 rows=1348138 width=8) (actual time=11329.940..11329.940 rows=1298989 loops=1)
        Buckets: 131072  Batches: 32  Memory Usage: 2598kB
        ->  Hash Join  (cost=102767.86..491319.12 rows=1348138 width=8) (actual time=5157.452..10959.227 rows=1298989 loops=1)
              Hash Cond: (mi.movie_id = t.id)
              ->  Seq Scan on movie_info mi  (cost=0.00..346232.03 rows=1348138 width=4) (actual time=2444.737..5890.887 rows=1298989 loops=1)
                    Filter: (info_type_id = 4)
                    Rows Removed by Filter: 13536731
              ->  Hash  (cost=61283.27..61283.27 rows=2528527 width=4) (actual time=2711.435..2711.435 rows=2528312 loops=1)
                    Buckets: 131072  Batches: 64  Memory Usage: 2425kB
                    ->  Seq Scan on title t  (cost=0.00..61283.27 rows=2528527 width=4) (actual time=0.027..1137.754 rows=2528312 loops=1)
Planning time: 1.166 ms
Execution time: 32939.521 ms
