Seq Scan on movie_keyword mk  (cost=0.00..81003.12 rows=246 width=0) (actual time=53.621..1235.998 rows=13 loops=1)
  Filter: (keyword_id = 24620)
  Rows Removed by Filter: 4523917
Planning time: 0.361 ms
Execution time: 1236.090 ms
