Seq Scan on movie_keyword mk  (cost=0.00..81003.12 rows=621790 width=0) (actual time=0.025..1347.209 rows=621842 loops=1)
  Filter: (keyword_id > 29339)
  Rows Removed by Filter: 3902088
Planning time: 0.321 ms
Execution time: 1429.832 ms
