Hash Join  (cost=874071.61..1239105.09 rows=37755 width=0) (actual time=14003.500..21158.313 rows=13100 loops=1)
  Hash Cond: (mi.movie_id = t.id)
  ->  Seq Scan on movie_info mi  (cost=0.00..309384.22 rows=14739122 width=4) (actual time=0.020..4335.561 rows=14835720 loops=1)
  ->  Hash  (cost=873990.65..873990.65 rows=6477 width=8) (actual time=13997.727..13997.727 rows=2493 loops=1)
        Buckets: 8192  Batches: 1  Memory Usage: 162kB
        ->  Hash Join  (cost=75574.02..873990.65 rows=6477 width=8) (actual time=10456.473..13996.787 rows=2493 loops=1)
              Hash Cond: (ci.movie_id = t.id)
              ->  Seq Scan on cast_info ci  (cost=0.00..796071.18 rows=163116 width=4) (actual time=9172.861..12676.209 rows=66100 loops=1)
                    Filter: ((person_id < 1656242) AND (role_id > 10))
                    Rows Removed by Filter: 36178244
              ->  Hash  (cost=73925.90..73925.90 rows=100409 width=4) (actual time=1282.693..1282.693 rows=110402 loops=1)
                    Buckets: 131072  Batches: 2  Memory Usage: 2964kB
                    ->  Seq Scan on title t  (cost=0.00..73925.90 rows=100409 width=4) (actual time=195.541..1243.307 rows=110402 loops=1)
                          Filter: ((kind_id = 7) AND (production_year = 2012))
                          Rows Removed by Filter: 2417910
Planning time: 1.219 ms
Execution time: 21160.502 ms
