Seq Scan on cast_info ci  (cost=0.00..705507.15 rows=16427037 width=0) (actual time=0.021..12437.932 rows=16559011 loops=1)
  Filter: (person_id > 1972908)
  Rows Removed by Filter: 19685333
Planning time: 0.297 ms
Execution time: 14475.042 ms
