Hash Join  (cost=177735.04..668545.47 rows=1031250 width=0) (actual time=3776.309..17818.067 rows=5184379 loops=1)
  Hash Cond: (mi.movie_id = t.id)
  ->  Seq Scan on movie_info mi  (cost=0.00..309384.22 rows=14739122 width=4) (actual time=0.018..6139.418 rows=14835720 loops=1)
  ->  Hash  (cost=174831.63..174831.63 rows=176913 width=8) (actual time=3772.914..3772.914 rows=277324 loops=1)
        Buckets: 131072  Batches: 4  Memory Usage: 3743kB
        ->  Hash Join  (cost=102767.86..174831.63 rows=176913 width=8) (actual time=2143.796..3684.121 rows=277324 loops=1)
              Hash Cond: (mc.movie_id = t.id)
              ->  Seq Scan on movie_companies mc  (cost=0.00..57926.93 rows=176913 width=4) (actual time=77.803..976.277 rows=277324 loops=1)
                    Filter: ((company_id < 181) AND (company_type_id = 1))
                    Rows Removed by Filter: 2331805
              ->  Hash  (cost=61283.27..61283.27 rows=2528527 width=4) (actual time=2064.847..2064.847 rows=2528312 loops=1)
                    Buckets: 131072  Batches: 64  Memory Usage: 2415kB
                    ->  Seq Scan on title t  (cost=0.00..61283.27 rows=2528527 width=4) (actual time=0.020..1222.283 rows=2528312 loops=1)
Planning time: 6.439 ms
Execution time: 18431.573 ms
