Seq Scan on movie_companies mc  (cost=0.00..51404.11 rows=200652 width=0) (actual time=0.024..777.548 rows=202225 loops=1)
  Filter: (company_id > 112753)
  Rows Removed by Filter: 2406904
Planning time: 0.337 ms
Execution time: 803.832 ms
