Hash Join  (cost=128257.91..228752.72 rows=132964 width=0) (actual time=2829.996..5848.768 rows=1601788 loops=1)
  Hash Cond: (mk.movie_id = t.id)
  ->  Seq Scan on movie_keyword mk  (cost=0.00..81003.12 rows=1494677 width=4) (actual time=0.016..1441.715 rows=1503967 loops=1)
        Filter: (keyword_id < 2172)
        Rows Removed by Filter: 3019963
  ->  Hash  (cost=124567.25..124567.25 rows=224933 width=8) (actual time=2829.186..2829.186 rows=404910 loops=1)
        Buckets: 131072 (originally 131072)  Batches: 8 (originally 4)  Memory Usage: 3073kB
        ->  Hash Join  (cost=84122.85..124567.25 rows=224933 width=8) (actual time=1668.891..2700.981 rows=404910 loops=1)
              Hash Cond: (mi_idx.movie_id = t.id)
              ->  Seq Scan on movie_info_idx mi_idx  (cost=0.00..25185.44 rows=915101 width=4) (actual time=0.013..569.411 rows=919850 loops=1)
                    Filter: (info_type_id < 101)
                    Rows Removed by Filter: 460185
              ->  Hash  (cost=73925.90..73925.90 rows=621516 width=4) (actual time=1492.223..1492.223 rows=549487 loops=1)
                    Buckets: 131072  Batches: 16  Memory Usage: 2230kB
                    ->  Seq Scan on title t  (cost=0.00..73925.90 rows=621516 width=4) (actual time=0.203..1335.269 rows=549487 loops=1)
                          Filter: ((production_year > 1926) AND (kind_id = 1))
                          Rows Removed by Filter: 1978825
Planning time: 3.587 ms
Execution time: 6026.767 ms
