Hash Join  (cost=425624.25..1179342.66 rows=48853 width=0) (actual time=6829.600..22350.559 rows=122421 loops=1)
  Hash Cond: (ci.movie_id = t.id)
  ->  Seq Scan on cast_info ci  (cost=0.00..705507.15 rows=12726058 width=4) (actual time=0.020..13298.653 rows=12670688 loops=1)
        Filter: (role_id = 1)
        Rows Removed by Filter: 23573656
  ->  Hash  (cost=425502.91..425502.91 rows=9707 width=8) (actual time=6829.303..6829.303 rows=8244 loops=1)
        Buckets: 16384  Batches: 1  Memory Usage: 451kB
        ->  Hash Join  (cost=74155.14..425502.91 rows=9707 width=8) (actual time=4658.303..6825.742 rows=8244 loops=1)
              Hash Cond: (mi.movie_id = t.id)
              ->  Seq Scan on movie_info mi  (cost=0.00..346232.03 rows=1338312 width=4) (actual time=3473.263..5401.361 rows=1401902 loops=1)
                    Filter: (info_type_id = 7)
                    Rows Removed by Filter: 13433818
              ->  Hash  (cost=73925.90..73925.90 rows=18339 width=4) (actual time=1184.448..1184.448 rows=14449 loops=1)
                    Buckets: 32768  Batches: 1  Memory Usage: 764kB
                    ->  Seq Scan on title t  (cost=0.00..73925.90 rows=18339 width=4) (actual time=0.035..1177.196 rows=14449 loops=1)
                          Filter: ((kind_id < 7) AND (production_year = 1998))
                          Rows Removed by Filter: 2513863
Planning time: 1.281 ms
Execution time: 22369.197 ms
