Seq Scan on cast_info ci  (cost=0.00..796071.18 rows=2276702 width=0) (actual time=9790.721..15067.385 rows=2321941 loops=1)
  Filter: ((person_id > 577651) AND (role_id = 4))
  Rows Removed by Filter: 33922403
Planning time: 0.409 ms
Execution time: 15354.752 ms
