Hash Join  (cost=73950.44..827279.11 rows=9880 width=0) (actual time=1114.133..15084.607 rows=30049 loops=1)
  Hash Cond: (ci.movie_id = t.id)
  ->  Seq Scan on cast_info ci  (cost=0.00..705507.15 rows=12726058 width=4) (actual time=0.023..11989.821 rows=12670688 loops=1)
        Filter: (role_id = 1)
        Rows Removed by Filter: 23573656
  ->  Hash  (cost=73925.90..73925.90 rows=1963 width=4) (actual time=1113.825..1113.825 rows=4252 loops=1)
        Buckets: 8192 (originally 2048)  Batches: 1 (originally 1)  Memory Usage: 214kB
        ->  Seq Scan on title t  (cost=0.00..73925.90 rows=1963 width=4) (actual time=0.215..1111.700 rows=4252 loops=1)
              Filter: ((kind_id = 1) AND (production_year = 1972))
              Rows Removed by Filter: 2524060
Planning time: 3.207 ms
Execution time: 15090.569 ms
