Hash Join  (cost=102767.86..1236970.82 rows=17405404 width=0) (actual time=2582.077..32415.887 rows=17532658 loops=1)
  Hash Cond: (ci.movie_id = t.id)
  ->  Seq Scan on cast_info ci  (cost=0.00..705507.15 rows=17405404 width=4) (actual time=577.493..14708.725 rows=17532658 loops=1)
        Filter: (person_id > 1864558)
        Rows Removed by Filter: 18711686
  ->  Hash  (cost=61283.27..61283.27 rows=2528527 width=4) (actual time=2003.346..2003.346 rows=2528312 loops=1)
        Buckets: 131072  Batches: 64  Memory Usage: 2415kB
        ->  Seq Scan on title t  (cost=0.00..61283.27 rows=2528527 width=4) (actual time=0.028..1161.241 rows=2528312 loops=1)
Planning time: 0.566 ms
Execution time: 34502.192 ms
