Nested Loop  (cost=0.43..83072.29 rows=5 width=0) (actual time=303.906..1345.883 rows=7 loops=1)
  ->  Seq Scan on movie_keyword mk  (cost=0.00..81003.12 rows=246 width=4) (actual time=0.430..1290.078 rows=1055 loops=1)
        Filter: (keyword_id = 87)
        Rows Removed by Filter: 4522875
  ->  Index Scan using title_pkey on title t  (cost=0.43..8.40 rows=1 width=4) (actual time=0.052..0.052 rows=0 loops=1055)
        Index Cond: (id = mk.movie_id)
        Filter: (production_year = 1999)
        Rows Removed by Filter: 1
Planning time: 0.708 ms
Execution time: 1346.036 ms
