Seq Scan on movie_companies mc  (cost=0.00..57926.93 rows=720681 width=0) (actual time=385.061..940.311 rows=507360 loops=1)
  Filter: ((company_id > 8434) AND (company_type_id < 2))
  Rows Removed by Filter: 2101769
Planning time: 0.326 ms
Execution time: 1001.934 ms
