Hash Join  (cost=1252057.51..2388520.47 rows=49454872 width=0) (actual time=30290.672..88594.130 rows=156639624 loops=1)
  Hash Cond: (mi.movie_id = t.id)
  ->  Seq Scan on movie_info mi  (cost=0.00..309384.22 rows=14739122 width=4) (actual time=0.008..6104.471 rows=14835720 loops=1)
  ->  Hash  (cost=1112865.43..1112865.43 rows=8484086 width=8) (actual time=30281.288..30281.288 rows=11341030 loops=1)
        Buckets: 131072 (originally 131072)  Batches: 256 (originally 128)  Memory Usage: 3073kB
        ->  Hash Join  (cost=102767.86..1112865.43 rows=8484086 width=8) (actual time=1906.542..26962.465 rows=11341030 loops=1)
              Hash Cond: (ci.movie_id = t.id)
              ->  Seq Scan on cast_info ci  (cost=0.00..796071.18 rows=8484086 width=4) (actual time=0.022..15098.067 rows=11341030 loops=1)
                    Filter: ((person_id > 1692812) AND (role_id > 2))
                    Rows Removed by Filter: 24903314
              ->  Hash  (cost=61283.27..61283.27 rows=2528527 width=4) (actual time=1904.569..1904.569 rows=2528312 loops=1)
                    Buckets: 131072  Batches: 64  Memory Usage: 2415kB
                    ->  Seq Scan on title t  (cost=0.00..61283.27 rows=2528527 width=4) (actual time=0.022..1067.506 rows=2528312 loops=1)
Planning time: 1.191 ms
Execution time: 106579.684 ms
