Hash Join  (cost=206888.38..986104.16 rows=2203575 width=0) (actual time=9025.077..21266.974 rows=3646977 loops=1)
  Hash Cond: (ci.movie_id = t.id)
  ->  Seq Scan on cast_info ci  (cost=0.00..705507.15 rows=3998100 width=4) (actual time=3777.315..12893.517 rows=4008037 loops=1)
        Filter: (role_id = 3)
        Rows Removed by Filter: 32236307
  ->  Hash  (cost=184024.23..184024.23 rows=1393612 width=8) (actual time=5246.441..5246.441 rows=1667421 loops=1)
        Buckets: 131072  Batches: 32  Memory Usage: 3029kB
        ->  Hash Join  (cost=89762.59..184024.23 rows=1393612 width=8) (actual time=1784.602..4764.079 rows=1667421 loops=1)
              Hash Cond: (mc.movie_id = t.id)
              ->  Seq Scan on movie_companies mc  (cost=0.00..44881.29 rows=2609129 width=4) (actual time=0.026..957.188 rows=2609129 loops=1)
              ->  Hash  (cost=67604.59..67604.59 rows=1350560 width=4) (actual time=1783.744..1783.744 rows=1348293 loops=1)
                    Buckets: 131072  Batches: 32  Memory Usage: 2505kB
                    ->  Seq Scan on title t  (cost=0.00..67604.59 rows=1350560 width=4) (actual time=0.025..1333.514 rows=1348293 loops=1)
                          Filter: (production_year < 2005)
                          Rows Removed by Filter: 1180019
Planning time: 1.254 ms
Execution time: 21681.746 ms
