Hash Join  (cost=94699.36..181430.02 rows=7262 width=0) (actual time=1704.040..3476.339 rows=54194 loops=1)
  Hash Cond: (mk.movie_id = t.id)
  ->  Seq Scan on movie_keyword mk  (cost=0.00..69693.30 rows=4523930 width=4) (actual time=0.035..988.892 rows=4523930 loops=1)
  ->  Hash  (cost=94648.62..94648.62 rows=4059 width=8) (actual time=1703.406..1703.406 rows=2865 loops=1)
        Buckets: 4096  Batches: 1  Memory Usage: 144kB
        ->  Hash Join  (cost=67697.55..94648.62 rows=4059 width=8) (actual time=1151.637..1702.232 rows=2865 loops=1)
              Hash Cond: (mi_idx.movie_id = t.id)
              ->  Seq Scan on movie_info_idx mi_idx  (cost=0.00..21735.35 rows=1380035 width=4) (actual time=0.026..296.831 rows=1380035 loops=1)
              ->  Hash  (cost=67604.59..67604.59 rows=7437 width=4) (actual time=1148.810..1148.810 rows=2840 loops=1)
                    Buckets: 8192  Batches: 1  Memory Usage: 164kB
                    ->  Seq Scan on title t  (cost=0.00..67604.59 rows=7437 width=4) (actual time=0.084..1147.150 rows=2840 loops=1)
                          Filter: (production_year = 1948)
                          Rows Removed by Filter: 2525472
Planning time: 1.137 ms
Execution time: 3483.189 ms
