Hash Join  (cost=88767.14..606817.48 rows=3976444 width=0) (actual time=1664.459..15135.111 rows=1914067 loops=1)
  Hash Cond: (mi.movie_id = t.id)
  ->  Seq Scan on movie_info mi  (cost=0.00..346232.03 rows=11115165 width=4) (actual time=0.015..6855.266 rows=11210743 loops=1)
        Filter: (info_type_id > 3)
        Rows Removed by Filter: 3624977
  ->  Hash  (cost=73925.90..73925.90 rows=904579 width=4) (actual time=1663.209..1663.209 rows=992072 loops=1)
        Buckets: 131072  Batches: 16  Memory Usage: 3217kB
        ->  Seq Scan on title t  (cost=0.00..73925.90 rows=904579 width=4) (actual time=0.010..1338.271 rows=992072 loops=1)
              Filter: ((production_year > 1998) AND (kind_id = 7))
              Rows Removed by Filter: 1536240
Planning time: 1.654 ms
Execution time: 15361.337 ms
