Hash Join  (cost=797557.77..1146826.84 rows=42 width=0) (actual time=16527.469..18719.134 rows=674 loops=1)
  Hash Cond: (mi.movie_id = t.id)
  ->  Seq Scan on movie_info mi  (cost=0.00..346232.03 rows=809768 width=4) (actual time=3260.637..5343.058 rows=802140 loops=1)
        Filter: (info_type_id < 2)
        Rows Removed by Filter: 14033580
  ->  Hash  (cost=797556.14..797556.14 rows=130 width=8) (actual time=13255.323..13255.323 rows=708 loops=1)
        Buckets: 1024  Batches: 1  Memory Usage: 36kB
        ->  Nested Loop  (cost=0.43..797556.14 rows=130 width=8) (actual time=9316.669..13254.386 rows=708 loops=1)
              ->  Seq Scan on cast_info ci  (cost=0.00..796071.18 rows=176 width=4) (actual time=9316.591..13217.092 rows=742 loops=1)
                    Filter: ((role_id < 2) AND (person_id = 59371))
                    Rows Removed by Filter: 36243602
              ->  Index Scan using title_pkey on title t  (cost=0.43..8.43 rows=1 width=4) (actual time=0.049..0.050 rows=1 loops=742)
                    Index Cond: (id = ci.movie_id)
                    Filter: (kind_id > 1)
                    Rows Removed by Filter: 0
Planning time: 1.144 ms
Execution time: 18719.386 ms
