Hash Join  (cost=117073.09..1163491.44 rows=1228021 width=0) (actual time=2500.502..31647.652 rows=4642541 loops=1)
  Hash Cond: (ci.movie_id = t.id)
  ->  Seq Scan on cast_info ci  (cost=0.00..614943.12 rows=36225612 width=4) (actual time=0.019..12722.279 rows=36244344 loops=1)
  ->  Hash  (cost=115666.65..115666.65 rows=85715 width=8) (actual time=2499.569..2499.569 rows=188737 loops=1)
        Buckets: 131072 (originally 131072)  Batches: 4 (originally 2)  Memory Usage: 3073kB
        ->  Hash Join  (cost=76503.02..115666.65 rows=85715 width=8) (actual time=1357.760..2452.276 rows=188737 loops=1)
              Hash Cond: (mi_idx.movie_id = t.id)
              ->  Seq Scan on movie_info_idx mi_idx  (cost=0.00..21735.35 rows=1380035 width=4) (actual time=0.017..423.583 rows=1380035 loops=1)
              ->  Hash  (cost=73925.90..73925.90 rows=157049 width=4) (actual time=1356.963..1356.963 rows=258048 loops=1)
                    Buckets: 131072  Batches: 4  Memory Usage: 3295kB
                    ->  Seq Scan on title t  (cost=0.00..73925.90 rows=157049 width=4) (actual time=0.129..1271.478 rows=258048 loops=1)
                          Filter: ((kind_id < 7) AND (production_year < 1972))
                          Rows Removed by Filter: 2270264
Planning time: 1.201 ms
Execution time: 32201.440 ms
