Hash Join  (cost=140838.10..649208.96 rows=2677094 width=0) (actual time=2807.708..16345.964 rows=1760565 loops=1)
  Hash Cond: (mi.movie_id = t.id)
  ->  Seq Scan on movie_info mi  (cost=0.00..309384.22 rows=14739122 width=4) (actual time=0.015..5578.700 rows=14835720 loops=1)
  ->  Hash  (cost=133303.33..133303.33 rows=459261 width=8) (actual time=2806.754..2806.754 rows=227043 loops=1)
        Buckets: 131072  Batches: 8  Memory Usage: 2127kB
        ->  Hash Join  (cost=87731.24..133303.33 rows=459261 width=8) (actual time=1438.787..2732.483 rows=227043 loops=1)
              Hash Cond: (mi_idx.movie_id = t.id)
              ->  Seq Scan on movie_info_idx mi_idx  (cost=0.00..21735.35 rows=1380035 width=4) (actual time=0.025..436.728 rows=1380035 loops=1)
              ->  Hash  (cost=73925.90..73925.90 rows=841467 width=4) (actual time=1437.743..1437.743 rows=921643 loops=1)
                    Buckets: 131072  Batches: 16  Memory Usage: 3057kB
                    ->  Seq Scan on title t  (cost=0.00..73925.90 rows=841467 width=4) (actual time=0.017..1156.014 rows=921643 loops=1)
                          Filter: ((production_year > 2000) AND (kind_id = 7))
                          Rows Removed by Filter: 1606669
Planning time: 1.165 ms
Execution time: 16540.516 ms
