Seq Scan on movie_keyword mk  (cost=0.00..81003.12 rows=246 width=0) (actual time=28.072..1229.292 rows=32 loops=1)
  Filter: (keyword_id = 14056)
  Rows Removed by Filter: 4523898
Planning time: 0.355 ms
Execution time: 1229.407 ms
