Hash Join  (cost=69023.79..105896.82 rows=9609 width=144) (actual time=1542.970..2461.423 rows=11519 loops=1)
  Hash Cond: (mi_idx.movie_id = t.id)
  ->  Seq Scan on movie_info_idx mi_idx  (cost=0.00..25185.44 rows=464934 width=50) (actual time=0.016..672.704 rows=460185 loops=1)
        Filter: (info_type_id > 100)
        Rows Removed by Filter: 919850
  ->  Hash  (cost=67604.59..67604.59 rows=52256 width=94) (actual time=1542.655..1542.655 rows=53013 loops=1)
        Buckets: 32768  Batches: 2  Memory Usage: 3201kB
        ->  Seq Scan on title t  (cost=0.00..67604.59 rows=52256 width=94) (actual time=0.017..1517.748 rows=53013 loops=1)
              Filter: (production_year = 2000)
              Rows Removed by Filter: 2475299
Planning time: 0.961 ms
Execution time: 2462.967 ms
