Seq Scan on movie_keyword mk  (cost=0.00..81003.12 rows=107127 width=0) (actual time=0.020..1290.895 rows=106172 loops=1)
  Filter: (keyword_id > 80899)
  Rows Removed by Filter: 4417758
Planning time: 0.330 ms
Execution time: 1306.105 ms
