Seq Scan on movie_keyword mk  (cost=0.00..81003.12 rows=246 width=0) (actual time=6.181..1213.979 rows=273 loops=1)
  Filter: (keyword_id = 16022)
  Rows Removed by Filter: 4523657
Planning time: 0.238 ms
Execution time: 1214.186 ms
