Seq Scan on cast_info ci  (cost=0.00..705507.15 rows=500 width=0) (actual time=3717.148..10284.915 rows=1 loops=1)
  Filter: (person_id = 2673996)
  Rows Removed by Filter: 36244343
Planning time: 0.306 ms
Execution time: 10284.987 ms
