Hash Join  (cost=773290.49..3049160.23 rows=94461847 width=0) (actual time=22018.304..112849.883 rows=222642983 loops=1)
  Hash Cond: (ci.movie_id = t.id)
  ->  Seq Scan on cast_info ci  (cost=0.00..614943.12 rows=36225612 width=4) (actual time=0.013..13831.878 rows=36244344 loops=1)
  ->  Hash  (cost=665117.20..665117.20 rows=6593383 width=8) (actual time=22016.816..22016.816 rows=8095116 loops=1)
        Buckets: 131072  Batches: 128  Memory Usage: 3477kB
        ->  Hash Join  (cost=87245.25..665117.20 rows=6593383 width=8) (actual time=1374.155..18873.473 rows=8095116 loops=1)
              Hash Cond: (mi.movie_id = t.id)
              ->  Seq Scan on movie_info mi  (cost=0.00..346232.03 rows=13926693 width=4) (actual time=0.025..7081.694 rows=13963496 loops=1)
                    Filter: (info_type_id < 98)
                    Rows Removed by Filter: 872224
              ->  Hash  (cost=67604.59..67604.59 rows=1197093 width=4) (actual time=1373.342..1373.342 rows=1195923 loops=1)
                    Buckets: 131072  Batches: 16  Memory Usage: 3662kB
                    ->  Seq Scan on title t  (cost=0.00..67604.59 rows=1197093 width=4) (actual time=0.014..1005.875 rows=1195923 loops=1)
                          Filter: (production_year < 2003)
                          Rows Removed by Filter: 1332389
Planning time: 1.209 ms
Execution time: 137030.380 ms
