Hash Join  (cost=709673.50..802573.79 rows=35 width=0) (actual time=11719.983..12711.526 rows=3 loops=1)
  Hash Cond: (mk.movie_id = t.id)
  ->  Seq Scan on movie_keyword mk  (cost=0.00..81003.12 rows=3172484 width=4) (actual time=0.016..1573.903 rows=3161130 loops=1)
        Filter: (keyword_id < 12306)
        Rows Removed by Filter: 1362800
  ->  Hash  (cost=709673.15..709673.15 rows=28 width=8) (actual time=10703.095..10703.095 rows=8 loops=1)
        Buckets: 1024  Batches: 1  Memory Usage: 9kB
        ->  Nested Loop  (cost=0.43..709673.15 rows=28 width=8) (actual time=6982.210..10703.071 rows=8 loops=1)
              ->  Seq Scan on cast_info ci  (cost=0.00..705507.15 rows=500 width=4) (actual time=6982.107..10700.922 rows=109 loops=1)
                    Filter: (person_id = 489542)
                    Rows Removed by Filter: 36244235
              ->  Index Scan using title_pkey on title t  (cost=0.43..8.32 rows=1 width=4) (actual time=0.019..0.019 rows=0 loops=109)
                    Index Cond: (id = ci.movie_id)
                    Filter: (production_year = 2010)
                    Rows Removed by Filter: 1
Planning time: 1.206 ms
Execution time: 12711.666 ms
