Seq Scan on title t  (cost=0.00..73925.90 rows=53510 width=0) (actual time=21.791..1252.387 rows=40884 loops=1)
  Filter: ((production_year > 2001) AND (kind_id = 3))
  Rows Removed by Filter: 2487428
Planning time: 0.383 ms
Execution time: 1259.154 ms
