Hash Join  (cost=74333.34..423094.26 rows=8404 width=0) (actual time=3302.213..6699.231 rows=10919 loops=1)
  Hash Cond: (mi.movie_id = t.id)
  ->  Seq Scan on movie_info mi  (cost=0.00..346232.03 rows=651960 width=4) (actual time=1943.837..5371.854 rows=660923 loops=1)
        Filter: (info_type_id = 18)
        Rows Removed by Filter: 14174797
  ->  Hash  (cost=73925.90..73925.90 rows=32595 width=4) (actual time=1172.009..1172.009 rows=81645 loops=1)
        Buckets: 131072 (originally 32768)  Batches: 1 (originally 1)  Memory Usage: 3895kB
        ->  Seq Scan on title t  (cost=0.00..73925.90 rows=32595 width=4) (actual time=168.387..1140.628 rows=81645 loops=1)
              Filter: ((kind_id < 7) AND (production_year < 1919))
              Rows Removed by Filter: 2446667
Planning time: 0.781 ms
Execution time: 6701.179 ms
