Seq Scan on cast_info ci  (cost=0.00..705507.15 rows=500 width=0) (actual time=6510.354..11013.110 rows=113 loops=1)
  Filter: (person_id = 2455132)
  Rows Removed by Filter: 36244231
Planning time: 0.266 ms
Execution time: 11013.223 ms
