Seq Scan on movie_keyword mk  (cost=0.00..81003.12 rows=1208332 width=0) (actual time=0.019..1429.570 rows=1209487 loops=1)
  Filter: (keyword_id < 1517)
  Rows Removed by Filter: 3314443
Planning time: 0.399 ms
Execution time: 1588.034 ms
