Hash Join  (cost=92883.59..1071142.69 rows=5678086 width=0) (actual time=1682.871..27581.425 rows=7230604 loops=1)
  Hash Cond: (ci.movie_id = t.id)
  ->  Seq Scan on cast_info ci  (cost=0.00..796071.18 rows=9318012 width=4) (actual time=0.025..16578.305 rows=12670688 loops=1)
        Filter: ((person_id < 2741488) AND (role_id < 2))
        Rows Removed by Filter: 23573656
  ->  Hash  (cost=67604.59..67604.59 rows=1540800 width=4) (actual time=1681.650..1681.650 rows=1543264 loops=1)
        Buckets: 131072  Batches: 32  Memory Usage: 2722kB
        ->  Seq Scan on title t  (cost=0.00..67604.59 rows=1540800 width=4) (actual time=0.018..1205.155 rows=1543264 loops=1)
              Filter: (kind_id = 7)
              Rows Removed by Filter: 985048
Planning time: 0.706 ms
Execution time: 28443.118 ms
