Seq Scan on movie_companies mc  (cost=0.00..57926.93 rows=53 width=0) (actual time=362.749..728.909 rows=1040 loops=1)
  Filter: ((company_id = 13114) AND (company_type_id = 2))
  Rows Removed by Filter: 2608089
Planning time: 1.340 ms
Execution time: 729.211 ms
