Seq Scan on movie_companies mc  (cost=0.00..51404.11 rows=682265 width=0) (actual time=0.031..891.958 rows=687809 loops=1)
  Filter: (company_id > 47390)
  Rows Removed by Filter: 1921320
Planning time: 0.290 ms
Execution time: 976.442 ms
