Seq Scan on cast_info ci  (cost=0.00..705507.15 rows=3044655 width=0) (actual time=0.018..10989.166 rows=3112753 loops=1)
  Filter: (person_id > 3488346)
  Rows Removed by Filter: 33131591
Planning time: 0.351 ms
Execution time: 11404.469 ms
