Seq Scan on cast_info ci  (cost=0.00..796071.18 rows=9233683 width=0) (actual time=0.016..15502.851 rows=12670688 loops=1)
  Filter: ((person_id < 2720941) AND (role_id < 2))
  Rows Removed by Filter: 23573656
Planning time: 0.223 ms
Execution time: 17072.906 ms
