Hash Join  (cost=82955.72..208202.11 rows=666863 width=0) (actual time=1391.772..4472.675 rows=173824 loops=1)
  Hash Cond: (mk.movie_id = t.id)
  ->  Seq Scan on movie_keyword mk  (cost=0.00..81003.12 rows=3063638 width=4) (actual time=0.021..1761.621 rows=3043470 loops=1)
        Filter: (keyword_id > 2109)
        Rows Removed by Filter: 1480460
  ->  Hash  (cost=73925.90..73925.90 rows=550385 width=4) (actual time=1390.883..1390.883 rows=602403 loops=1)
        Buckets: 131072  Batches: 8  Memory Usage: 3678kB
        ->  Seq Scan on title t  (cost=0.00..73925.90 rows=550385 width=4) (actual time=292.212..1189.252 rows=602403 loops=1)
              Filter: ((production_year > 2006) AND (kind_id = 7))
              Rows Removed by Filter: 1925909
Planning time: 1.978 ms
Execution time: 4494.495 ms
