Hash Join  (cost=102767.86..176312.78 rows=509588 width=0) (actual time=1922.092..3640.220 rows=507445 loops=1)
  Hash Cond: (mc.movie_id = t.id)
  ->  Seq Scan on movie_companies mc  (cost=0.00..51404.11 rows=509588 width=4) (actual time=0.023..931.826 rows=507445 loops=1)
        Filter: (company_id < 462)
        Rows Removed by Filter: 2101684
  ->  Hash  (cost=61283.27..61283.27 rows=2528527 width=4) (actual time=1921.100..1921.100 rows=2528312 loops=1)
        Buckets: 131072  Batches: 64  Memory Usage: 2415kB
        ->  Seq Scan on title t  (cost=0.00..61283.27 rows=2528527 width=4) (actual time=0.023..1062.384 rows=2528312 loops=1)
Planning time: 0.461 ms
Execution time: 3696.681 ms
