Hash Join  (cost=133383.53..653402.88 rows=2257066 width=0) (actual time=2932.096..19045.601 rows=7332607 loops=1)
  Hash Cond: (mi.movie_id = t.id)
  ->  Seq Scan on movie_info mi  (cost=0.00..346232.03 rows=12928982 width=4) (actual time=0.022..7515.917 rows=12970088 loops=1)
        Filter: (info_type_id < 18)
        Rows Removed by Filter: 1865632
  ->  Hash  (cost=126140.84..126140.84 rows=441415 width=8) (actual time=2929.906..2929.906 rows=545942 loops=1)
        Buckets: 131072  Batches: 8  Memory Usage: 3714kB
        ->  Hash Join  (cost=80874.21..126140.84 rows=441415 width=8) (actual time=1463.775..2768.045 rows=545942 loops=1)
              Hash Cond: (mi_idx.movie_id = t.id)
              ->  Seq Scan on movie_info_idx mi_idx  (cost=0.00..21735.35 rows=1380035 width=4) (actual time=0.025..431.927 rows=1380035 loops=1)
              ->  Hash  (cost=67604.59..67604.59 rows=808770 width=4) (actual time=1462.594..1462.594 rows=812704 loops=1)
                    Buckets: 131072  Batches: 16  Memory Usage: 2812kB
                    ->  Seq Scan on title t  (cost=0.00..67604.59 rows=808770 width=4) (actual time=0.026..1206.270 rows=812704 loops=1)
                          Filter: (production_year < 1995)
                          Rows Removed by Filter: 1715608
Planning time: 1.215 ms
Execution time: 19971.603 ms
