Hash Join  (cost=85717.46..223385.87 rows=1285838 width=0) (actual time=1538.632..5863.381 rows=3038389 loops=1)
  Hash Cond: (mk.movie_id = t.id)
  ->  Seq Scan on movie_keyword mk  (cost=0.00..69693.30 rows=4523930 width=4) (actual time=0.016..1449.214 rows=4523930 loops=1)
  ->  Hash  (cost=73925.90..73925.90 rows=718684 width=4) (actual time=1537.710..1537.710 rows=679450 loops=1)
        Buckets: 131072  Batches: 16  Memory Usage: 2523kB
        ->  Seq Scan on title t  (cost=0.00..73925.90 rows=718684 width=4) (actual time=0.025..1320.844 rows=679450 loops=1)
              Filter: ((kind_id < 3) AND (production_year > 1915))
              Rows Removed by Filter: 1848862
Planning time: 2.096 ms
Execution time: 6185.590 ms
