Hash Join  (cost=153284.09..277324.10 rows=167197 width=0) (actual time=2935.634..5639.527 rows=807904 loops=1)
  Hash Cond: (mk.movie_id = t.id)
  ->  Seq Scan on movie_keyword mk  (cost=0.00..69693.30 rows=4523930 width=4) (actual time=0.020..1342.091 rows=4523930 loops=1)
  ->  Hash  (cost=151749.97..151749.97 rows=93450 width=8) (actual time=2934.407..2934.407 rows=109272 loops=1)
        Buckets: 131072  Batches: 2  Memory Usage: 3174kB
        ->  Hash Join  (cost=75411.94..151749.97 rows=93450 width=8) (actual time=1168.731..2895.907 rows=109272 loops=1)
              Hash Cond: (mc.movie_id = t.id)
              ->  Seq Scan on movie_companies mc  (cost=0.00..44881.29 rows=2609129 width=4) (actual time=0.023..818.356 rows=2609129 loops=1)
              ->  Hash  (cost=73925.90..73925.90 rows=90563 width=4) (actual time=1167.381..1167.381 rows=80990 loops=1)
                    Buckets: 131072  Batches: 2  Memory Usage: 2450kB
                    ->  Seq Scan on title t  (cost=0.00..73925.90 rows=90563 width=4) (actual time=0.019..1138.754 rows=80990 loops=1)
                          Filter: ((kind_id < 7) AND (production_year > 2011))
                          Rows Removed by Filter: 2447322
Planning time: 1.089 ms
Execution time: 5720.356 ms
