Hash Join  (cost=148791.22..272680.76 rows=154850 width=0) (actual time=2437.318..5056.648 rows=69340 loops=1)
  Hash Cond: (mk.movie_id = t.id)
  ->  Seq Scan on movie_keyword mk  (cost=0.00..69693.30 rows=4523930 width=4) (actual time=0.024..1282.925 rows=4523930 loops=1)
  ->  Hash  (cost=147370.36..147370.36 rows=86549 width=8) (actual time=2436.092..2436.092 rows=64017 loops=1)
        Buckets: 131072  Batches: 2  Memory Usage: 2284kB
        ->  Hash Join  (cost=81055.23..147370.36 rows=86549 width=8) (actual time=1284.318..2415.451 rows=64017 loops=1)
              Hash Cond: (mc.movie_id = t.id)
              ->  Seq Scan on movie_companies mc  (cost=0.00..57926.93 rows=503654 width=4) (actual time=0.014..924.496 rows=296543 loops=1)
                    Filter: ((company_id < 4589) AND (company_type_id = 2))
                    Rows Removed by Filter: 2312586
              ->  Hash  (cost=73925.90..73925.90 rows=434506 width=4) (actual time=1283.370..1283.370 rows=315167 loops=1)
                    Buckets: 131072  Batches: 8  Memory Usage: 2397kB
                    ->  Seq Scan on title t  (cost=0.00..73925.90 rows=434506 width=4) (actual time=0.026..1184.274 rows=315167 loops=1)
                          Filter: ((production_year < 1991) AND (kind_id = 7))
                          Rows Removed by Filter: 2213145
Planning time: 1.136 ms
Execution time: 5065.831 ms
