Nested Loop  (cost=0.43..709674.40 rows=216 width=0) (actual time=9565.334..9938.844 rows=213 loops=1)
  ->  Seq Scan on cast_info ci  (cost=0.00..705507.15 rows=500 width=4) (actual time=1116.801..9899.773 rows=494 loops=1)
        Filter: (person_id = 2671433)
        Rows Removed by Filter: 36243850
  ->  Index Scan using title_pkey on title t  (cost=0.43..8.32 rows=1 width=4) (actual time=0.078..0.078 rows=0 loops=494)
        Index Cond: (id = ci.movie_id)
        Filter: ((production_year < 2009) AND (kind_id = 7))
        Rows Removed by Filter: 1
Planning time: 0.715 ms
Execution time: 9939.005 ms
