Hash Join  (cost=798789.30..825700.25 rows=47 width=0) (actual time=13984.362..14562.458 rows=6 loops=1)
  Hash Cond: (mi_idx.movie_id = t.id)
  ->  Seq Scan on movie_info_idx mi_idx  (cost=0.00..21735.35 rows=1380035 width=4) (actual time=0.015..334.732 rows=1380035 loops=1)
  ->  Hash  (cost=798788.22..798788.22 rows=86 width=8) (actual time=13968.359..13968.359 rows=2 loops=1)
        Buckets: 1024  Batches: 1  Memory Usage: 9kB
        ->  Nested Loop  (cost=0.43..798788.22 rows=86 width=8) (actual time=6429.680..13968.325 rows=2 loops=1)
              ->  Seq Scan on cast_info ci  (cost=0.00..796071.18 rows=324 width=4) (actual time=6429.524..13967.965 rows=9 loops=1)
                    Filter: ((role_id > 1) AND (person_id = 1620838))
                    Rows Removed by Filter: 36244335
              ->  Index Scan using title_pkey on title t  (cost=0.43..8.38 rows=1 width=4) (actual time=0.031..0.031 rows=0 loops=9)
                    Index Cond: (id = ci.movie_id)
                    Filter: (kind_id = 1)
                    Rows Removed by Filter: 1
Planning time: 1.108 ms
Execution time: 14562.596 ms
