Hash Join  (cost=76049.74..428240.03 rows=23111 width=0) (actual time=2171.486..6605.666 rows=17290 loops=1)
  Hash Cond: (mi.movie_id = t.id)
  ->  Seq Scan on movie_info mi  (cost=0.00..346232.03 rows=451508 width=4) (actual time=1218.327..5478.626 rows=474443 loops=1)
        Filter: (info_type_id = 6)
        Rows Removed by Filter: 14361277
  ->  Hash  (cost=73925.90..73925.90 rows=129427 width=4) (actual time=952.124..952.124 rows=27808 loops=1)
        Buckets: 131072  Batches: 2  Memory Usage: 1519kB
        ->  Seq Scan on title t  (cost=0.00..73925.90 rows=129427 width=4) (actual time=164.453..939.216 rows=27808 loops=1)
              Filter: ((production_year < 1957) AND (kind_id = 7))
              Rows Removed by Filter: 2500504
Planning time: 1.593 ms
Execution time: 6607.868 ms
