Seq Scan on movie_keyword mk  (cost=0.00..81003.12 rows=246 width=0) (actual time=0.293..1243.212 rows=2777 loops=1)
  Filter: (keyword_id = 55)
  Rows Removed by Filter: 4521153
Planning time: 3.714 ms
Execution time: 1244.009 ms
