Seq Scan on movie_keyword mk  (cost=0.00..81003.12 rows=1358247 width=0) (actual time=0.023..1197.216 rows=1371139 loops=1)
  Filter: (keyword_id > 12180)
  Rows Removed by Filter: 3152791
Planning time: 0.284 ms
Execution time: 1352.216 ms
