Hash Join  (cost=971425.22..4412604.15 rows=181451759 width=0) (actual time=24551.337..167774.821 rows=421818370 loops=1)
  Hash Cond: (ci.movie_id = t.id)
  ->  Seq Scan on cast_info ci  (cost=0.00..614943.12 rows=36225612 width=4) (actual time=0.033..13353.669 rows=36244344 loops=1)
  ->  Hash  (cost=763635.85..763635.85 rows=12665229 width=8) (actual time=24550.300..24550.300 rows=12744652 loops=1)
        Buckets: 131072  Batches: 256  Memory Usage: 2954kB
        ->  Hash Join  (cost=102767.86..763635.85 rows=12665229 width=8) (actual time=1845.833..20084.155 rows=12744652 loops=1)
              Hash Cond: (mi.movie_id = t.id)
              ->  Seq Scan on movie_info mi  (cost=0.00..346232.03 rows=12665229 width=4) (actual time=0.025..7170.784 rows=12744652 loops=1)
                    Filter: (info_type_id > 2)
                    Rows Removed by Filter: 2091068
              ->  Hash  (cost=61283.27..61283.27 rows=2528527 width=4) (actual time=1843.660..1843.660 rows=2528312 loops=1)
                    Buckets: 131072  Batches: 64  Memory Usage: 2425kB
                    ->  Seq Scan on title t  (cost=0.00..61283.27 rows=2528527 width=4) (actual time=0.010..982.192 rows=2528312 loops=1)
Planning time: 1.159 ms
Execution time: 214616.202 ms
