Seq Scan on movie_companies mc  (cost=0.00..57926.93 rows=51 width=0) (actual time=133.411..811.506 rows=143 loops=1)
  Filter: ((company_id = 11437) AND (company_type_id = 1))
  Rows Removed by Filter: 2608986
Planning time: 0.340 ms
Execution time: 811.644 ms
