Hash Join  (cost=139597.14..990115.44 rows=814860 width=0) (actual time=7347.871..20279.963 rows=4422695 loops=1)
  Hash Cond: (ci.movie_id = t.id)
  ->  Seq Scan on cast_info ci  (cost=0.00..796071.18 rows=3822005 width=4) (actual time=3990.790..12862.726 rows=5923837 loops=1)
        Filter: ((person_id > 3052251) AND (role_id > 1))
        Rows Removed by Filter: 30320507
  ->  Hash  (cost=130752.54..130752.54 rows=539088 width=8) (actual time=3355.924..3355.924 rows=954317 loops=1)
        Buckets: 131072 (originally 131072)  Batches: 16 (originally 8)  Memory Usage: 3354kB
        ->  Hash Join  (cost=83810.17..130752.54 rows=539088 width=8) (actual time=1491.778..3077.503 rows=954317 loops=1)
              Hash Cond: (mi_idx.movie_id = t.id)
              ->  Seq Scan on movie_info_idx mi_idx  (cost=0.00..21735.35 rows=1380035 width=4) (actual time=0.019..512.405 rows=1380035 loops=1)
              ->  Hash  (cost=67604.59..67604.59 rows=987727 width=4) (actual time=1491.085..1491.085 rows=985048 loops=1)
                    Buckets: 131072  Batches: 16  Memory Usage: 3188kB
                    ->  Seq Scan on title t  (cost=0.00..67604.59 rows=987727 width=4) (actual time=0.024..1205.912 rows=985048 loops=1)
                          Filter: (kind_id < 7)
                          Rows Removed by Filter: 1543264
Planning time: 0.949 ms
Execution time: 20778.155 ms
