Hash Join  (cost=138614.70..506108.89 rows=283826 width=0) (actual time=2621.946..10943.018 rows=571878 loops=1)
  Hash Cond: (mi.movie_id = t.id)
  ->  Seq Scan on movie_info mi  (cost=0.00..309384.22 rows=14739122 width=4) (actual time=0.021..4218.529 rows=14835720 loops=1)
  ->  Hash  (cost=138006.07..138006.07 rows=48691 width=8) (actual time=2621.301..2621.301 rows=50061 loops=1)
        Buckets: 65536  Batches: 1  Memory Usage: 2468kB
        ->  Hash Join  (cost=70308.29..138006.07 rows=48691 width=8) (actual time=1112.226..2603.264 rows=50061 loops=1)
              Hash Cond: (mc.movie_id = t.id)
              ->  Seq Scan on movie_companies mc  (cost=0.00..57926.93 rows=747182 width=4) (actual time=0.024..1085.401 rows=964302 loops=1)
                    Filter: ((company_id > 8558) AND (company_type_id > 1))
                    Rows Removed by Filter: 1644827
              ->  Hash  (cost=67604.59..67604.59 rows=164776 width=4) (actual time=1109.743..1109.743 rows=164307 loops=1)
                    Buckets: 131072  Batches: 4  Memory Usage: 2482kB
                    ->  Seq Scan on title t  (cost=0.00..67604.59 rows=164776 width=4) (actual time=0.025..1052.667 rows=164307 loops=1)
                          Filter: (production_year = 2012)
                          Rows Removed by Filter: 2364005
Planning time: 1.099 ms
Execution time: 11021.102 ms
