Hash Join  (cost=102767.86..216895.78 rows=2196173 width=0) (actual time=2497.178..5841.892 rows=2193070 loops=1)
  Hash Cond: (mc.movie_id = t.id)
  ->  Seq Scan on movie_companies mc  (cost=0.00..51404.11 rows=2196173 width=4) (actual time=0.016..918.950 rows=2193070 loops=1)
        Filter: (company_id < 80428)
        Rows Removed by Filter: 416059
  ->  Hash  (cost=61283.27..61283.27 rows=2528527 width=4) (actual time=2495.266..2495.266 rows=2528312 loops=1)
        Buckets: 131072  Batches: 64  Memory Usage: 2415kB
        ->  Seq Scan on title t  (cost=0.00..61283.27 rows=2528527 width=4) (actual time=0.018..1070.382 rows=2528312 loops=1)
Planning time: 0.475 ms
Execution time: 6087.050 ms
