Hash Join  (cost=75595.07..114240.58 rows=55503 width=0) (actual time=1451.531..2086.692 rows=669 loops=1)
  Hash Cond: (mi_idx.movie_id = t.id)
  ->  Seq Scan on movie_info_idx mi_idx  (cost=0.00..21735.35 rows=1380035 width=4) (actual time=0.021..392.240 rows=1380035 loops=1)
  ->  Hash  (cost=73925.90..73925.90 rows=101693 width=4) (actual time=1070.076..1070.076 rows=4015 loops=1)
        Buckets: 131072  Batches: 2  Memory Usage: 1095kB
        ->  Seq Scan on title t  (cost=0.00..73925.90 rows=101693 width=4) (actual time=64.547..1067.882 rows=4015 loops=1)
              Filter: ((production_year < 1951) AND (kind_id = 7))
              Rows Removed by Filter: 2524297
Planning time: 0.821 ms
Execution time: 2086.892 ms
