Hash Join  (cost=90717.09..1275146.25 rows=14662799 width=0) (actual time=1714.603..38773.817 rows=16437424 loops=1)
  Hash Cond: (ci.movie_id = t.id)
  ->  Seq Scan on cast_info ci  (cost=0.00..614943.12 rows=36225612 width=4) (actual time=0.014..13535.918 rows=36244344 loops=1)
  ->  Hash  (cost=73925.90..73925.90 rows=1023455 width=4) (actual time=1713.826..1713.826 rows=1117981 loops=1)
        Buckets: 131072  Batches: 16  Memory Usage: 3489kB
        ->  Seq Scan on title t  (cost=0.00..73925.90 rows=1023455 width=4) (actual time=0.023..1349.752 rows=1117981 loops=1)
              Filter: ((production_year > 1993) AND (kind_id = 7))
              Rows Removed by Filter: 1410331
Planning time: 0.710 ms
Execution time: 40644.885 ms
