Hash Join  (cost=132322.39..1206476.39 rows=3927987 width=0) (actual time=2881.933..37713.360 rows=14995472 loops=1)
  Hash Cond: (ci.movie_id = t.id)
  ->  Seq Scan on cast_info ci  (cost=0.00..614943.12 rows=36225612 width=4) (actual time=0.039..13272.135 rows=36244344 loops=1)
  ->  Hash  (cost=127824.26..127824.26 rows=274171 width=8) (actual time=2881.121..2881.121 rows=544832 loops=1)
        Buckets: 131072 (originally 131072)  Batches: 8 (originally 4)  Memory Usage: 3697kB
        ->  Hash Join  (cost=86355.48..127824.26 rows=274171 width=8) (actual time=1412.962..2704.302 rows=544832 loops=1)
              Hash Cond: (mi_idx.movie_id = t.id)
              ->  Seq Scan on movie_info_idx mi_idx  (cost=0.00..25185.44 rows=915101 width=4) (actual time=0.028..519.089 rows=919850 loops=1)
                    Filter: (info_type_id < 101)
                    Rows Removed by Filter: 460185
              ->  Hash  (cost=73925.90..73925.90 rows=757566 width=4) (actual time=1411.895..1411.895 rows=773297 loops=1)
                    Buckets: 131072  Batches: 16  Memory Usage: 2723kB
                    ->  Seq Scan on title t  (cost=0.00..73925.90 rows=757566 width=4) (actual time=0.066..1172.273 rows=773297 loops=1)
                          Filter: ((kind_id < 4) AND (production_year < 2012))
                          Rows Removed by Filter: 1755015
Planning time: 3.287 ms
Execution time: 39499.949 ms
