Hash Join  (cost=171645.95..1403366.96 rows=13465479 width=0) (actual time=4031.818..42827.888 rows=20644209 loops=1)
  Hash Cond: (ci.movie_id = t.id)
  ->  Seq Scan on cast_info ci  (cost=0.00..705507.15 rows=33521346 width=4) (actual time=146.304..16545.916 rows=33581669 loops=1)
        Filter: (person_id > 255393)
        Rows Removed by Filter: 2662675
  ->  Hash  (cost=154981.62..154981.62 rows=1015706 width=8) (actual time=3884.675..3884.675 rows=750135 loops=1)
        Buckets: 131072  Batches: 16  Memory Usage: 2867kB
        ->  Hash Join  (cost=98137.04..154981.62 rows=1015706 width=8) (actual time=1861.038..3642.724 rows=750135 loops=1)
              Hash Cond: (mi_idx.movie_id = t.id)
              ->  Seq Scan on movie_info_idx mi_idx  (cost=0.00..21735.35 rows=1380035 width=4) (actual time=0.026..517.022 rows=1380035 loops=1)
              ->  Hash  (cost=67604.59..67604.59 rows=1860996 width=4) (actual time=1859.438..1859.438 rows=1865487 loops=1)
                    Buckets: 131072  Batches: 32  Memory Usage: 3079kB
                    ->  Seq Scan on title t  (cost=0.00..67604.59 rows=1860996 width=4) (actual time=0.023..1247.264 rows=1865487 loops=1)
                          Filter: (kind_id > 1)
                          Rows Removed by Filter: 662825
Planning time: 1.299 ms
Execution time: 45227.026 ms
