Seq Scan on movie_keyword mk  (cost=0.00..81003.12 rows=3882778 width=0) (actual time=0.017..1497.838 rows=3870986 loops=1)
  Filter: (keyword_id < 28801)
  Rows Removed by Filter: 652944
Planning time: 0.309 ms
Execution time: 1980.736 ms
