Seq Scan on movie_companies mc  (cost=0.00..57926.93 rows=51 width=0) (actual time=305.676..992.180 rows=1437 loops=1)
  Filter: ((company_id = 10999) AND (company_type_id = 1))
  Rows Removed by Filter: 2607692
Planning time: 0.338 ms
Execution time: 992.540 ms
