Hash Join  (cost=365569.91..2160444.60 rows=60863049 width=0) (actual time=8592.244..90785.667 rows=203524067 loops=1)
  Hash Cond: (ci.movie_id = t.id)
  ->  Seq Scan on cast_info ci  (cost=0.00..614943.12 rows=36225612 width=4) (actual time=0.029..13536.068 rows=36244344 loops=1)
  ->  Hash  (cost=295872.33..295872.33 rows=4248206 width=8) (actual time=8591.208..8591.208 rows=4226510 loops=1)
        Buckets: 131072  Batches: 64  Memory Usage: 3632kB
        ->  Hash Join  (cost=102767.86..295872.33 rows=4248206 width=8) (actual time=1884.554..7341.974 rows=4226510 loops=1)
              Hash Cond: (mk.movie_id = t.id)
              ->  Seq Scan on movie_keyword mk  (cost=0.00..81003.12 rows=4248206 width=4) (actual time=0.025..1880.542 rows=4226510 loops=1)
                    Filter: (keyword_id > 242)
                    Rows Removed by Filter: 297420
              ->  Hash  (cost=61283.27..61283.27 rows=2528527 width=4) (actual time=1883.712..1883.712 rows=2528312 loops=1)
                    Buckets: 131072  Batches: 64  Memory Usage: 2425kB
                    ->  Seq Scan on title t  (cost=0.00..61283.27 rows=2528527 width=4) (actual time=0.012..1013.931 rows=2528312 loops=1)
Planning time: 1.931 ms
Execution time: 113526.487 ms
