Seq Scan on movie_keyword mk  (cost=0.00..81003.12 rows=246 width=0) (actual time=66.835..1267.842 rows=7 loops=1)
  Filter: (keyword_id = 44252)
  Rows Removed by Filter: 4523923
Planning time: 0.397 ms
Execution time: 1267.928 ms
