Hash Join  (cost=70241.71..1156968.28 rows=1983318 width=0) (actual time=1248.798..33031.101 rows=2047504 loops=1)
  Hash Cond: (ci.movie_id = t.id)
  ->  Seq Scan on cast_info ci  (cost=0.00..705507.15 rows=31200597 width=4) (actual time=0.024..15588.072 rows=31166663 loops=1)
        Filter: (person_id < 3161184)
        Rows Removed by Filter: 5077681
  ->  Hash  (cost=67604.59..67604.59 rows=160730 width=4) (actual time=1248.095..1248.095 rows=160017 loops=1)
        Buckets: 131072  Batches: 4  Memory Usage: 2436kB
        ->  Seq Scan on title t  (cost=0.00..67604.59 rows=160730 width=4) (actual time=0.020..1182.240 rows=160017 loops=1)
              Filter: (production_year = 2011)
              Rows Removed by Filter: 2368295
Planning time: 0.719 ms
Execution time: 33294.023 ms
