Hash Join  (cost=248384.37..1064188.68 rows=4135205 width=0) (actual time=6759.877..23146.779 rows=8615145 loops=1)
  Hash Cond: (ci.movie_id = t.id)
  ->  Seq Scan on cast_info ci  (cost=0.00..705507.15 rows=4703222 width=4) (actual time=902.901..12424.965 rows=4598232 loops=1)
        Filter: (person_id < 444728)
        Rows Removed by Filter: 31646112
  ->  Hash  (cost=211909.97..211909.97 rows=2223152 width=8) (actual time=5829.291..5829.291 rows=2004645 loops=1)
        Buckets: 131072  Batches: 32  Memory Usage: 3429kB
        ->  Hash Join  (cost=102951.51..211909.97 rows=2223152 width=8) (actual time=2052.313..5283.318 rows=2004645 loops=1)
              Hash Cond: (mc.movie_id = t.id)
              ->  Seq Scan on movie_companies mc  (cost=0.00..44881.29 rows=2609129 width=4) (actual time=0.023..943.903 rows=2609129 loops=1)
              ->  Hash  (cost=67604.59..67604.59 rows=2154474 width=4) (actual time=2051.143..2051.143 rows=2146684 loops=1)
                    Buckets: 131072  Batches: 32  Memory Usage: 3385kB
                    ->  Seq Scan on title t  (cost=0.00..67604.59 rows=2154474 width=4) (actual time=0.026..1366.038 rows=2146684 loops=1)
                          Filter: (production_year > 1965)
                          Rows Removed by Filter: 381628
Planning time: 1.139 ms
Execution time: 24063.870 ms
