Hash Join  (cost=76796.18..116127.25 rows=95459 width=0) (actual time=1178.817..2248.605 rows=105012 loops=1)
  Hash Cond: (mi_idx.movie_id = t.id)
  ->  Seq Scan on movie_info_idx mi_idx  (cost=0.00..21735.35 rows=1380035 width=4) (actual time=0.019..453.114 rows=1380035 loops=1)
  ->  Hash  (cost=73925.90..73925.90 rows=174902 width=4) (actual time=1177.983..1177.983 rows=160286 loops=1)
        Buckets: 131072  Batches: 4  Memory Usage: 2435kB
        ->  Seq Scan on title t  (cost=0.00..73925.90 rows=174902 width=4) (actual time=0.024..1125.008 rows=160286 loops=1)
              Filter: ((production_year > 2008) AND (kind_id = 1))
              Rows Removed by Filter: 2368026
Planning time: 1.006 ms
Execution time: 2263.113 ms
