Hash Join  (cost=102767.86..224606.14 rows=2516564 width=0) (actual time=2493.502..6199.756 rows=2516201 loops=1)
  Hash Cond: (mc.movie_id = t.id)
  ->  Seq Scan on movie_companies mc  (cost=0.00..51404.11 rows=2516564 width=4) (actual time=0.024..1204.611 rows=2516201 loops=1)
        Filter: (company_id < 161873)
        Rows Removed by Filter: 92928
  ->  Hash  (cost=61283.27..61283.27 rows=2528527 width=4) (actual time=2374.166..2374.166 rows=2528312 loops=1)
        Buckets: 131072  Batches: 64  Memory Usage: 2415kB
        ->  Seq Scan on title t  (cost=0.00..61283.27 rows=2528527 width=4) (actual time=0.018..910.831 rows=2528312 loops=1)
Planning time: 0.720 ms
Execution time: 6514.184 ms
