Seq Scan on cast_info ci  (cost=0.00..705507.15 rows=501914 width=0) (actual time=1618.937..10318.218 rows=420524 loops=1)
  Filter: (person_id < 47653)
  Rows Removed by Filter: 35823820
Planning time: 0.314 ms
Execution time: 10371.944 ms
