Hash Join  (cost=132440.72..497706.03 rows=60938 width=0) (actual time=2609.171..11381.740 rows=740508 loops=1)
  Hash Cond: (mi.movie_id = t.id)
  ->  Seq Scan on movie_info mi  (cost=0.00..309384.22 rows=14739122 width=4) (actual time=0.019..4597.953 rows=14835720 loops=1)
  ->  Hash  (cost=132310.05..132310.05 rows=10454 width=8) (actual time=2458.419..2458.419 rows=67561 loops=1)
        Buckets: 131072 (originally 16384)  Batches: 1 (originally 1)  Memory Usage: 3664kB
        ->  Hash Join  (cost=74111.10..132310.05 rows=10454 width=8) (actual time=1061.643..2430.633 rows=67561 loops=1)
              Hash Cond: (mc.movie_id = t.id)
              ->  Seq Scan on movie_companies mc  (cost=0.00..51404.11 rows=1784078 width=4) (actual time=0.026..926.642 rows=1791886 loops=1)
                    Filter: (company_id > 1918)
                    Rows Removed by Filter: 817243
              ->  Hash  (cost=73925.90..73925.90 rows=14816 width=4) (actual time=1061.516..1061.516 rows=35049 loops=1)
                    Buckets: 65536 (originally 16384)  Batches: 1 (originally 1)  Memory Usage: 1745kB
                    ->  Seq Scan on title t  (cost=0.00..73925.90 rows=14816 width=4) (actual time=25.033..1047.856 rows=35049 loops=1)
                          Filter: ((kind_id < 7) AND (production_year < 1912))
                          Rows Removed by Filter: 2493263
Planning time: 1.131 ms
Execution time: 11488.089 ms
