Hash Join  (cost=174865.45..250561.81 rows=493832 width=0) (actual time=3942.616..6187.863 rows=1486072 loops=1)
  Hash Cond: (mc.movie_id = t.id)
  ->  Seq Scan on movie_companies mc  (cost=0.00..51404.11 rows=1364514 width=4) (actual time=0.007..1104.258 rows=1349274 loops=1)
        Filter: (company_id < 11586)
        Rows Removed by Filter: 1259855
  ->  Hash  (cost=159851.69..159851.69 rows=915101 width=8) (actual time=3941.674..3941.674 rows=919850 loops=1)
        Buckets: 131072  Batches: 16  Memory Usage: 3269kB
        ->  Hash Join  (cost=102767.86..159851.69 rows=915101 width=8) (actual time=1993.755..3680.865 rows=919850 loops=1)
              Hash Cond: (mi_idx.movie_id = t.id)
              ->  Seq Scan on movie_info_idx mi_idx  (cost=0.00..25185.44 rows=915101 width=4) (actual time=0.029..508.475 rows=919850 loops=1)
                    Filter: (info_type_id < 101)
                    Rows Removed by Filter: 460185
              ->  Hash  (cost=61283.27..61283.27 rows=2528527 width=4) (actual time=1992.593..1992.593 rows=2528312 loops=1)
                    Buckets: 131072  Batches: 64  Memory Usage: 2415kB
                    ->  Seq Scan on title t  (cost=0.00..61283.27 rows=2528527 width=4) (actual time=0.026..1155.214 rows=2528312 loops=1)
Planning time: 1.183 ms
Execution time: 6341.043 ms
