Hash Join  (cost=167138.76..924042.88 rows=611492 width=0) (actual time=3481.540..20616.437 rows=2494067 loops=1)
  Hash Cond: (ci.movie_id = t.id)
  ->  Seq Scan on cast_info ci  (cost=0.00..614943.12 rows=36225612 width=4) (actual time=0.017..7778.465 rows=36244344 loops=1)
  ->  Hash  (cost=166605.24..166605.24 rows=42682 width=8) (actual time=3480.845..3480.845 rows=40170 loops=1)
        Buckets: 65536  Batches: 1  Memory Usage: 2082kB
        ->  Hash Join  (cost=76444.38..166605.24 rows=42682 width=8) (actual time=1121.657..3469.990 rows=40170 loops=1)
              Hash Cond: (mk.movie_id = t.id)
              ->  Seq Scan on movie_keyword mk  (cost=0.00..81003.12 rows=703176 width=4) (actual time=0.023..1419.803 rows=709085 loops=1)
                    Filter: (keyword_id > 26633)
                    Rows Removed by Filter: 3814845
              ->  Hash  (cost=73925.90..73925.90 rows=153478 width=4) (actual time=1120.402..1120.402 rows=134760 loops=1)
                    Buckets: 131072  Batches: 4  Memory Usage: 2222kB
                    ->  Seq Scan on title t  (cost=0.00..73925.90 rows=153478 width=4) (actual time=0.031..1071.404 rows=134760 loops=1)
                          Filter: ((kind_id < 7) AND (production_year > 2010))
                          Rows Removed by Filter: 2393552
Planning time: 1.117 ms
Execution time: 20917.593 ms
