Hash Join  (cost=146707.61..1021128.52 rows=227749 width=0) (actual time=9101.319..22174.577 rows=468832 loops=1)
  Hash Cond: (ci.movie_id = t.id)
  ->  Seq Scan on cast_info ci  (cost=0.00..796071.18 rows=6549399 width=4) (actual time=6014.506..16309.813 rows=7451973 loops=1)
        Filter: ((person_id < 3379234) AND (role_id = 2))
        Rows Removed by Filter: 28792371
  ->  Hash  (cost=145264.52..145264.52 rows=87927 width=8) (actual time=3085.868..3085.868 rows=75723 loops=1)
        Buckets: 131072  Batches: 2  Memory Usage: 2497kB
        ->  Hash Join  (cost=69002.72..145264.52 rows=87927 width=8) (actual time=1183.707..3059.315 rows=75723 loops=1)
              Hash Cond: (mc.movie_id = t.id)
              ->  Seq Scan on movie_companies mc  (cost=0.00..44881.29 rows=2609129 width=4) (actual time=0.024..930.997 rows=2609129 loops=1)
              ->  Hash  (cost=67604.59..67604.59 rows=85211 width=4) (actual time=1182.661..1182.661 rows=84593 loops=1)
                    Buckets: 131072  Batches: 2  Memory Usage: 2518kB
                    ->  Seq Scan on title t  (cost=0.00..67604.59 rows=85211 width=4) (actual time=0.019..1146.960 rows=84593 loops=1)
                          Filter: (production_year = 2004)
                          Rows Removed by Filter: 2443719
Planning time: 1.027 ms
Execution time: 22232.743 ms
