Hash Join  (cost=125339.09..537762.40 rows=448838 width=0) (actual time=2897.808..11492.301 rows=1980666 loops=1)
  Hash Cond: (mi.movie_id = t.id)
  ->  Seq Scan on movie_info mi  (cost=0.00..346232.03 rows=5263441 width=4) (actual time=430.056..6217.878 rows=5270569 loops=1)
        Filter: (info_type_id > 15)
        Rows Removed by Filter: 9565151
  ->  Hash  (cost=121800.85..121800.85 rows=215619 width=8) (actual time=2452.188..2452.188 rows=275110 loops=1)
        Buckets: 131072  Batches: 4  Memory Usage: 3708kB
        ->  Hash Join  (cost=80408.18..121800.85 rows=215619 width=8) (actual time=1254.924..2373.146 rows=275110 loops=1)
              Hash Cond: (mi_idx.movie_id = t.id)
              ->  Seq Scan on movie_info_idx mi_idx  (cost=0.00..21735.35 rows=1380035 width=4) (actual time=0.024..435.996 rows=1380035 loops=1)
              ->  Hash  (cost=73925.90..73925.90 rows=395062 width=4) (actual time=1253.901..1253.901 rows=335993 loops=1)
                    Buckets: 131072  Batches: 8  Memory Usage: 2492kB
                    ->  Seq Scan on title t  (cost=0.00..73925.90 rows=395062 width=4) (actual time=0.038..1145.609 rows=335993 loops=1)
                          Filter: ((kind_id < 7) AND (production_year > 2005))
                          Rows Removed by Filter: 2192319
Planning time: 1.923 ms
Execution time: 11735.607 ms
