Hash Join  (cost=163485.97..586478.65 rows=734207 width=0) (actual time=4404.988..12065.973 rows=706256 loops=1)
  Hash Cond: (mi.movie_id = t.id)
  ->  Seq Scan on movie_info mi  (cost=0.00..346232.03 rows=5897221 width=4) (actual time=1274.765..6316.408 rows=5884963 loops=1)
        Filter: (info_type_id < 7)
        Rows Removed by Filter: 8950757
  ->  Hash  (cost=158320.93..158320.93 rows=314803 width=8) (actual time=3117.979..3117.979 rows=199948 loops=1)
        Buckets: 131072  Batches: 8  Memory Usage: 2003kB
        ->  Hash Join  (cost=78931.38..158320.93 rows=314803 width=8) (actual time=1072.956..3056.425 rows=199948 loops=1)
              Hash Cond: (mc.movie_id = t.id)
              ->  Seq Scan on movie_companies mc  (cost=0.00..44881.29 rows=2609129 width=4) (actual time=0.026..855.478 rows=2609129 loops=1)
              ->  Hash  (cost=73925.90..73925.90 rows=305078 width=4) (actual time=1071.930..1071.930 rows=193383 loops=1)
                    Buckets: 131072  Batches: 4  Memory Usage: 2718kB
                    ->  Seq Scan on title t  (cost=0.00..73925.90 rows=305078 width=4) (actual time=0.026..1006.374 rows=193383 loops=1)
                          Filter: ((production_year < 1979) AND (kind_id = 7))
                          Rows Removed by Filter: 2334929
Planning time: 1.163 ms
Execution time: 12140.752 ms
