Seq Scan on cast_info ci  (cost=0.00..796071.18 rows=21163346 width=0) (actual time=602.396..16596.617 rows=19956438 loops=1)
  Filter: ((person_id < 3406817) AND (role_id > 1))
  Rows Removed by Filter: 16287906
Planning time: 0.389 ms
Execution time: 18973.583 ms
