Hash Join  (cost=1110223.22..1973422.37 rows=29024662 width=0) (actual time=25848.457..63760.665 rows=75867979 loops=1)
  Hash Cond: (mi.movie_id = t.id)
  ->  Seq Scan on movie_info mi  (cost=0.00..309384.22 rows=14739122 width=4) (actual time=0.017..6494.565 rows=14835720 loops=1)
  ->  Hash  (cost=1028531.70..1028531.70 rows=4979241 width=8) (actual time=25845.108..25845.108 rows=7450148 loops=1)
        Buckets: 131072  Batches: 128  Memory Usage: 3316kB
        ->  Hash Join  (cost=102767.86..1028531.70 rows=4979241 width=8) (actual time=5989.076..23685.904 rows=7450148 loops=1)
              Hash Cond: (ci.movie_id = t.id)
              ->  Seq Scan on cast_info ci  (cost=0.00..796071.18 rows=4979241 width=4) (actual time=4106.128..15002.308 rows=7450148 loops=1)
                    Filter: ((person_id > 1122354) AND (role_id = 2))
                    Rows Removed by Filter: 28794196
              ->  Hash  (cost=61283.27..61283.27 rows=2528527 width=4) (actual time=1881.646..1881.646 rows=2528312 loops=1)
                    Buckets: 131072  Batches: 64  Memory Usage: 2415kB
                    ->  Seq Scan on title t  (cost=0.00..61283.27 rows=2528527 width=4) (actual time=0.026..1024.002 rows=2528312 loops=1)
Planning time: 1.162 ms
Execution time: 72370.531 ms
