Seq Scan on cast_info ci  (cost=0.00..796071.18 rows=5 width=0) (actual time=3031.348..12953.770 rows=1 loops=1)
  Filter: ((role_id > 10) AND (person_id = 3423190))
  Rows Removed by Filter: 36244343
Planning time: 0.386 ms
Execution time: 12953.874 ms
