Seq Scan on cast_info ci  (cost=0.00..796071.18 rows=9152482 width=0) (actual time=9030.621..14860.188 rows=5488753 loops=1)
  Filter: ((person_id > 982362) AND (role_id = 1))
  Rows Removed by Filter: 30755591
Planning time: 0.414 ms
Execution time: 15505.399 ms
