Hash Join  (cost=73962.22..880925.37 rows=3327 width=0) (actual time=11950.480..15208.961 rows=5130 loops=1)
  Hash Cond: (ci.movie_id = t.id)
  ->  Seq Scan on cast_info ci  (cost=0.00..796071.18 rows=2895654 width=4) (actual time=10794.208..13435.247 rows=3839987 loops=1)
        Filter: ((person_id > 2206532) AND (role_id = 2))
        Rows Removed by Filter: 32404357
  ->  Hash  (cost=73925.90..73925.90 rows=2905 width=4) (actual time=1155.859..1155.859 rows=2748 loops=1)
        Buckets: 4096  Batches: 1  Memory Usage: 129kB
        ->  Seq Scan on title t  (cost=0.00..73925.90 rows=2905 width=4) (actual time=3.954..1154.350 rows=2748 loops=1)
              Filter: ((kind_id < 7) AND (production_year = 1951))
              Rows Removed by Filter: 2525564
Planning time: 1.716 ms
Execution time: 15210.184 ms
