Hash Join  (cost=183095.45..655420.66 rows=1195184 width=0) (actual time=3546.804..14196.637 rows=225313 loops=1)
  Hash Cond: (mi.movie_id = t.id)
  ->  Seq Scan on movie_info mi  (cost=0.00..346232.03 rows=9767026 width=4) (actual time=0.009..7059.110 rows=9911754 loops=1)
        Filter: (info_type_id > 4)
        Rows Removed by Filter: 4923966
  ->  Hash  (cost=178018.77..178018.77 rows=309414 width=8) (actual time=3138.884..3138.884 rows=14653 loops=1)
        Buckets: 131072  Batches: 8  Memory Usage: 1105kB
        ->  Hash Join  (cost=102767.86..178018.77 rows=309414 width=8) (actual time=1903.502..3132.291 rows=14653 loops=1)
              Hash Cond: (mc.movie_id = t.id)
              ->  Seq Scan on movie_companies mc  (cost=0.00..57926.93 rows=309414 width=4) (actual time=0.023..855.010 rows=14653 loops=1)
                    Filter: ((company_id > 58341) AND (company_type_id < 2))
                    Rows Removed by Filter: 2594476
              ->  Hash  (cost=61283.27..61283.27 rows=2528527 width=4) (actual time=1901.057..1901.057 rows=2528312 loops=1)
                    Buckets: 131072  Batches: 64  Memory Usage: 2415kB
                    ->  Seq Scan on title t  (cost=0.00..61283.27 rows=2528527 width=4) (actual time=0.025..1069.044 rows=2528312 loops=1)
Planning time: 1.105 ms
Execution time: 14224.378 ms
