Seq Scan on movie_companies mc  (cost=0.00..51404.11 rows=1100583 width=0) (actual time=0.023..932.225 rows=1092699 loops=1)
  Filter: (company_id < 7340)
  Rows Removed by Filter: 1516430
Planning time: 0.335 ms
Execution time: 1073.377 ms
