Hash Join  (cost=102767.86..992607.96 rows=3486334 width=0) (actual time=11772.285..21849.351 rows=4008037 loops=1)
  Hash Cond: (ci.movie_id = t.id)
  ->  Seq Scan on cast_info ci  (cost=0.00..796071.18 rows=3486334 width=4) (actual time=9834.097..16223.745 rows=4008037 loops=1)
        Filter: ((person_id < 3214146) AND (role_id = 3))
        Rows Removed by Filter: 32236307
  ->  Hash  (cost=61283.27..61283.27 rows=2528527 width=4) (actual time=1936.988..1936.988 rows=2528312 loops=1)
        Buckets: 131072  Batches: 64  Memory Usage: 2415kB
        ->  Seq Scan on title t  (cost=0.00..61283.27 rows=2528527 width=4) (actual time=0.019..1099.878 rows=2528312 loops=1)
Planning time: 0.732 ms
Execution time: 22289.513 ms
