Hash Join  (cost=119900.15..985169.74 rows=292730 width=0) (actual time=2338.325..18093.065 rows=459257 loops=1)
  Hash Cond: (ci.movie_id = t.id)
  ->  Seq Scan on cast_info ci  (cost=0.00..796071.18 rows=5687496 width=4) (actual time=1.188..14253.538 rows=3377548 loops=1)
        Filter: ((person_id < 1657177) AND (role_id > 3))
        Rows Removed by Filter: 32866796
  ->  Hash  (cost=117764.38..117764.38 rows=130141 width=8) (actual time=2336.189..2336.189 rows=151616 loops=1)
        Buckets: 131072  Batches: 2  Memory Usage: 3974kB
        ->  Hash Join  (cost=77838.49..117764.38 rows=130141 width=8) (actual time=1432.078..2288.309 rows=151616 loops=1)
              Hash Cond: (mi_idx.movie_id = t.id)
              ->  Seq Scan on movie_info_idx mi_idx  (cost=0.00..21735.35 rows=1380035 width=4) (actual time=0.027..440.244 rows=1380035 loops=1)
              ->  Hash  (cost=73925.90..73925.90 rows=238447 width=4) (actual time=1252.766..1252.766 rows=200165 loops=1)
                    Buckets: 131072  Batches: 4  Memory Usage: 2784kB
                    ->  Seq Scan on title t  (cost=0.00..73925.90 rows=238447 width=4) (actual time=0.017..1189.547 rows=200165 loops=1)
                          Filter: ((production_year > 2006) AND (kind_id = 1))
                          Rows Removed by Filter: 2328147
Planning time: 10.006 ms
Execution time: 18155.118 ms
