Hash Join  (cost=80135.37..172128.06 rows=108986 width=0) (actual time=1439.082..3101.389 rows=155872 loops=1)
  Hash Cond: (mk.movie_id = t.id)
  ->  Seq Scan on movie_keyword mk  (cost=0.00..81003.12 rows=728188 width=4) (actual time=0.026..1400.775 rows=721487 loops=1)
        Filter: (keyword_id < 643)
        Rows Removed by Filter: 3802443
  ->  Hash  (cost=73925.90..73925.90 rows=378437 width=4) (actual time=1281.672..1281.672 rows=282115 loops=1)
        Buckets: 131072  Batches: 8  Memory Usage: 2273kB
        ->  Seq Scan on title t  (cost=0.00..73925.90 rows=378437 width=4) (actual time=0.019..1189.577 rows=282115 loops=1)
              Filter: ((kind_id < 2) AND (production_year > 1999))
              Rows Removed by Filter: 2246197
Planning time: 0.694 ms
Execution time: 3122.156 ms
