Hash Join  (cost=102767.86..939788.04 rows=5054956 width=0) (actual time=3363.070..18621.723 rows=4930500 loops=1)
  Hash Cond: (ci.movie_id = t.id)
  ->  Seq Scan on cast_info ci  (cost=0.00..705507.15 rows=5054956 width=4) (actual time=1397.321..12027.361 rows=4930500 loops=1)
        Filter: (person_id < 479061)
        Rows Removed by Filter: 31313844
  ->  Hash  (cost=61283.27..61283.27 rows=2528527 width=4) (actual time=1938.714..1938.714 rows=2528312 loops=1)
        Buckets: 131072  Batches: 64  Memory Usage: 2415kB
        ->  Seq Scan on title t  (cost=0.00..61283.27 rows=2528527 width=4) (actual time=0.023..1085.106 rows=2528312 loops=1)
Planning time: 9.747 ms
Execution time: 19198.519 ms
