Hash Join  (cost=170275.72..536724.75 rows=179309 width=0) (actual time=3153.267..13201.536 rows=5583540 loops=1)
  Hash Cond: (mi.movie_id = t.id)
  ->  Seq Scan on movie_info mi  (cost=0.00..309384.22 rows=14739122 width=4) (actual time=0.012..4654.430 rows=14835720 loops=1)
  ->  Hash  (cost=169891.21..169891.21 rows=30761 width=8) (actual time=3153.055..3153.055 rows=77622 loops=1)
        Buckets: 131072 (originally 32768)  Batches: 1 (originally 1)  Memory Usage: 4057kB
        ->  Hash Join  (cost=83810.17..169891.21 rows=30761 width=8) (actual time=1541.423..3127.817 rows=77622 loops=1)
              Hash Cond: (mk.movie_id = t.id)
              ->  Seq Scan on movie_keyword mk  (cost=0.00..81003.12 rows=78746 width=4) (actual time=0.030..1355.192 rows=77622 loops=1)
                    Filter: (keyword_id > 88546)
                    Rows Removed by Filter: 4446308
              ->  Hash  (cost=67604.59..67604.59 rows=987727 width=4) (actual time=1540.718..1540.718 rows=985048 loops=1)
                    Buckets: 131072  Batches: 16  Memory Usage: 3197kB
                    ->  Seq Scan on title t  (cost=0.00..67604.59 rows=987727 width=4) (actual time=0.027..1218.746 rows=985048 loops=1)
                          Filter: (kind_id < 7)
                          Rows Removed by Filter: 1543264
Planning time: 1.342 ms
Execution time: 13923.597 ms
