Hash Join  (cost=75829.68..114609.17 rows=63301 width=0) (actual time=1302.423..2373.915 rows=174084 loops=1)
  Hash Cond: (mi_idx.movie_id = t.id)
  ->  Seq Scan on movie_info_idx mi_idx  (cost=0.00..21735.35 rows=1380035 width=4) (actual time=0.015..455.201 rows=1380035 loops=1)
  ->  Hash  (cost=73925.90..73925.90 rows=115982 width=4) (actual time=1301.292..1301.292 rows=239442 loops=1)
        Buckets: 131072 (originally 131072)  Batches: 4 (originally 2)  Memory Usage: 3130kB
        ->  Seq Scan on title t  (cost=0.00..73925.90 rows=115982 width=4) (actual time=0.019..1212.721 rows=239442 loops=1)
              Filter: ((kind_id < 3) AND (production_year < 1971))
              Rows Removed by Filter: 2288870
Planning time: 0.787 ms
Execution time: 2395.412 ms
