Hash Join  (cost=175252.07..560356.54 rows=930764 width=0) (actual time=5524.662..12039.901 rows=3719748 loops=1)
  Hash Cond: (mi.movie_id = t.id)
  ->  Seq Scan on movie_info mi  (cost=0.00..346232.03 rows=2194617 width=4) (actual time=1437.081..5742.726 rows=2233850 loops=1)
        Filter: (info_type_id > 16)
        Rows Removed by Filter: 12601870
  ->  Hash  (cost=157658.33..157658.33 rows=1072379 width=8) (actual time=4086.735..4086.735 rows=1072836 loops=1)
        Buckets: 131072  Batches: 16  Memory Usage: 3669kB
        ->  Hash Join  (cost=99841.01..157658.33 rows=1072379 width=8) (actual time=1964.609..3787.456 rows=1072836 loops=1)
              Hash Cond: (mi_idx.movie_id = t.id)
              ->  Seq Scan on movie_info_idx mi_idx  (cost=0.00..21735.35 rows=1380035 width=4) (actual time=0.021..507.036 rows=1380035 loops=1)
              ->  Hash  (cost=67604.59..67604.59 rows=1964834 width=4) (actual time=1963.717..1963.717 rows=1962189 loops=1)
                    Buckets: 131072  Batches: 32  Memory Usage: 3187kB
                    ->  Seq Scan on title t  (cost=0.00..67604.59 rows=1964834 width=4) (actual time=0.023..1333.559 rows=1962189 loops=1)
                          Filter: (production_year > 1978)
                          Rows Removed by Filter: 566123
Planning time: 1.205 ms
Execution time: 12491.920 ms
