Hash Join  (cost=79310.28..185773.30 rows=244008 width=0) (actual time=2765.066..3454.530 rows=52843 loops=1)
  Hash Cond: (mk.movie_id = t.id)
  ->  Seq Scan on movie_keyword mk  (cost=0.00..81003.12 rows=1879950 width=4) (actual time=0.020..1429.845 rows=1887728 loops=1)
        Filter: (keyword_id > 7247)
        Rows Removed by Filter: 2636202
  ->  Hash  (cost=73925.90..73925.90 rows=328190 width=4) (actual time=1253.821..1253.821 rows=217611 loops=1)
        Buckets: 131072  Batches: 8  Memory Usage: 1975kB
        ->  Seq Scan on title t  (cost=0.00..73925.90 rows=328190 width=4) (actual time=0.032..1179.597 rows=217611 loops=1)
              Filter: ((production_year < 1982) AND (kind_id = 7))
              Rows Removed by Filter: 2310701
Planning time: 0.699 ms
Execution time: 3460.856 ms
