Seq Scan on movie_companies mc  (cost=0.00..51404.11 rows=1370250 width=0) (actual time=0.027..935.931 rows=1355637 loops=1)
  Filter: (company_id < 11649)
  Rows Removed by Filter: 1253492
Planning time: 0.320 ms
Execution time: 1102.014 ms
