Hash Join  (cost=132198.14..482487.04 rows=1231 width=0) (actual time=5946.656..7424.079 rows=129352 loops=1)
  Hash Cond: (mi.movie_id = t.id)
  ->  Seq Scan on movie_info mi  (cost=0.00..346232.03 rows=1078551 width=4) (actual time=4477.649..5731.054 rows=1135201 loops=1)
        Filter: (info_type_id > 57)
        Rows Removed by Filter: 13700519
  ->  Hash  (cost=132162.07..132162.07 rows=2886 width=8) (actual time=1464.341..1464.341 rows=8615 loops=1)
        Buckets: 16384 (originally 4096)  Batches: 1 (originally 1)  Memory Usage: 465kB
        ->  Nested Loop  (cost=0.43..132162.07 rows=2886 width=8) (actual time=0.076..1459.420 rows=8615 loops=1)
              ->  Seq Scan on movie_keyword mk  (cost=0.00..81003.12 rows=7389 width=4) (actual time=0.032..1234.257 rows=9638 loops=1)
                    Filter: (keyword_id = 236)
                    Rows Removed by Filter: 4514292
              ->  Index Scan using title_pkey on title t  (cost=0.43..6.91 rows=1 width=4) (actual time=0.022..0.023 rows=1 loops=9638)
                    Index Cond: (id = mk.movie_id)
                    Filter: (kind_id < 7)
                    Rows Removed by Filter: 0
Planning time: 2.701 ms
Execution time: 7440.774 ms
