Hash Join  (cost=290574.90..937771.86 rows=13961113 width=0) (actual time=6406.805..49194.135 rows=119003672 loops=1)
  Hash Cond: (mi.movie_id = t.id)
  ->  Seq Scan on movie_info mi  (cost=0.00..309384.22 rows=14739122 width=4) (actual time=0.021..5838.902 rows=14835720 loops=1)
  ->  Hash  (cost=251280.68..251280.68 rows=2395058 width=8) (actual time=6405.504..6405.504 rows=2395947 loops=1)
        Buckets: 131072  Batches: 32  Memory Usage: 4013kB
        ->  Hash Join  (cost=102767.86..251280.68 rows=2395058 width=8) (actual time=1966.954..5749.155 rows=2395947 loops=1)
              Hash Cond: (mk.movie_id = t.id)
              ->  Seq Scan on movie_keyword mk  (cost=0.00..81003.12 rows=2395058 width=4) (actual time=0.032..1587.799 rows=2395947 loops=1)
                    Filter: (keyword_id < 5566)
                    Rows Removed by Filter: 2127983
              ->  Hash  (cost=61283.27..61283.27 rows=2528527 width=4) (actual time=1963.454..1963.454 rows=2528312 loops=1)
                    Buckets: 131072  Batches: 64  Memory Usage: 2425kB
                    ->  Seq Scan on title t  (cost=0.00..61283.27 rows=2528527 width=4) (actual time=0.015..1104.571 rows=2528312 loops=1)
Planning time: 1.101 ms
Execution time: 62484.604 ms
