Hash Join  (cost=80154.44..981657.90 rows=1194683 width=0) (actual time=1365.921..19968.993 rows=345410 loops=1)
  Hash Cond: (ci.movie_id = t.id)
  ->  Seq Scan on cast_info ci  (cost=0.00..796071.18 rows=7956919 width=4) (actual time=0.022..15807.535 rows=5844813 loops=1)
        Filter: ((person_id < 3551944) AND (role_id > 5))
        Rows Removed by Filter: 30399531
  ->  Hash  (cost=73925.90..73925.90 rows=379643 width=4) (actual time=1362.506..1362.506 rows=239219 loops=1)
        Buckets: 131072  Batches: 8  Memory Usage: 2069kB
        ->  Seq Scan on title t  (cost=0.00..73925.90 rows=379643 width=4) (actual time=0.018..1281.071 rows=239219 loops=1)
              Filter: ((kind_id > 1) AND (production_year < 1980))
              Rows Removed by Filter: 2289093
Planning time: 0.824 ms
Execution time: 20009.684 ms
