Seq Scan on movie_companies mc  (cost=0.00..57926.93 rows=569693 width=0) (actual time=73.286..993.228 rows=779051 loops=1)
  Filter: ((company_id < 9311) AND (company_type_id = 1))
  Rows Removed by Filter: 1830078
Planning time: 0.377 ms
Execution time: 1094.627 ms
