Hash Join  (cost=190230.21..1322525.47 rows=10608675 width=0) (actual time=4102.701..40171.442 rows=24326717 loops=1)
  Hash Cond: (ci.movie_id = t.id)
  ->  Seq Scan on cast_info ci  (cost=0.00..796071.18 rows=19437420 width=4) (actual time=0.026..18265.903 rows=21860986 loops=1)
        Filter: ((person_id > 593869) AND (role_id > 1))
        Rows Removed by Filter: 14383358
  ->  Hash  (cost=167588.78..167588.78 rows=1380035 width=8) (actual time=4099.545..4099.545 rows=1380035 loops=1)
        Buckets: 131072  Batches: 32  Memory Usage: 2708kB
        ->  Hash Join  (cost=102767.86..167588.78 rows=1380035 width=8) (actual time=1919.115..3737.465 rows=1380035 loops=1)
              Hash Cond: (mi_idx.movie_id = t.id)
              ->  Seq Scan on movie_info_idx mi_idx  (cost=0.00..21735.35 rows=1380035 width=4) (actual time=0.028..423.581 rows=1380035 loops=1)
              ->  Hash  (cost=61283.27..61283.27 rows=2528527 width=4) (actual time=1918.331..1918.331 rows=2528312 loops=1)
                    Buckets: 131072  Batches: 64  Memory Usage: 2415kB
                    ->  Seq Scan on title t  (cost=0.00..61283.27 rows=2528527 width=4) (actual time=0.015..1095.180 rows=2528312 loops=1)
Planning time: 1.121 ms
Execution time: 42987.136 ms
