Seq Scan on movie_companies mc  (cost=0.00..51404.11 rows=104 width=0) (actual time=1120.696..2018.222 rows=25 loops=1)
  Filter: (company_id = 126296)
  Rows Removed by Filter: 2609104
Planning time: 0.352 ms
Execution time: 2018.312 ms
