Hash Join  (cost=183530.96..1118574.36 rows=2087945 width=0) (actual time=9987.067..65337.744 rows=5859726 loops=1)
  Hash Cond: (ci.movie_id = t.id)
  ->  Seq Scan on cast_info ci  (cost=0.00..796071.18 rows=10035671 width=4) (actual time=0.014..44577.311 rows=12670688 loops=1)
        Filter: ((person_id < 2907510) AND (role_id < 2))
        Rows Removed by Filter: 23573656
  ->  Hash  (cost=174900.14..174900.14 rows=526066 width=8) (actual time=9986.032..9986.032 rows=721485 loops=1)
        Buckets: 131072 (originally 131072)  Batches: 16 (originally 8)  Memory Usage: 3073kB
        ->  Hash Join  (cost=94978.31..174900.14 rows=526066 width=8) (actual time=5257.909..9718.805 rows=721485 loops=1)
              Hash Cond: (mc.movie_id = t.id)
              ->  Seq Scan on movie_companies mc  (cost=0.00..57926.93 rows=797246 width=4) (actual time=0.020..3223.494 rows=1015649 loops=1)
                    Filter: ((company_id > 6012) AND (company_type_id > 1))
                    Rows Removed by Filter: 1593480
              ->  Hash  (cost=67604.59..67604.59 rows=1668458 width=4) (actual time=5257.024..5257.024 rows=1671292 loops=1)
                    Buckets: 131072  Batches: 32  Memory Usage: 2858kB
                    ->  Seq Scan on title t  (cost=0.00..67604.59 rows=1668458 width=4) (actual time=0.010..4528.170 rows=1671292 loops=1)
                          Filter: (production_year < 2008)
                          Rows Removed by Filter: 857020
Planning time: 1.264 ms
Execution time: 66151.082 ms
