Hash Join  (cost=74079.39..165220.96 rows=12961 width=0) (actual time=1300.770..3158.110 rows=2925 loops=1)
  Hash Cond: (mk.movie_id = t.id)
  ->  Seq Scan on movie_keyword mk  (cost=0.00..81003.12 rows=2669023 width=4) (actual time=0.029..1587.010 rows=2661055 loops=1)
        Filter: (keyword_id > 3138)
        Rows Removed by Filter: 1862875
  ->  Hash  (cost=73925.90..73925.90 rows=12279 width=4) (actual time=1156.621..1156.621 rows=6245 loops=1)
        Buckets: 16384  Batches: 1  Memory Usage: 348kB
        ->  Seq Scan on title t  (cost=0.00..73925.90 rows=12279 width=4) (actual time=0.028..1153.789 rows=6245 loops=1)
              Filter: ((production_year < 1965) AND (kind_id = 3))
              Rows Removed by Filter: 2522067
Planning time: 0.775 ms
Execution time: 3158.832 ms
