Hash Join  (cost=709673.36..796331.70 rows=30 width=0) (actual time=10941.278..12300.391 rows=3 loops=1)
  Hash Cond: (mk.movie_id = t.id)
  ->  Seq Scan on movie_keyword mk  (cost=0.00..69693.30 rows=4523930 width=4) (actual time=0.013..1003.303 rows=4523930 loops=1)
  ->  Hash  (cost=709673.15..709673.15 rows=17 width=8) (actual time=10508.606..10508.606 rows=2 loops=1)
        Buckets: 1024  Batches: 1  Memory Usage: 9kB
        ->  Nested Loop  (cost=0.43..709673.15 rows=17 width=8) (actual time=7417.346..10508.559 rows=2 loops=1)
              ->  Seq Scan on cast_info ci  (cost=0.00..705507.15 rows=500 width=4) (actual time=1230.607..10484.172 rows=676 loops=1)
                    Filter: (person_id = 1101431)
                    Rows Removed by Filter: 36243668
              ->  Index Scan using title_pkey on title t  (cost=0.43..8.32 rows=1 width=4) (actual time=0.035..0.035 rows=0 loops=676)
                    Index Cond: (id = ci.movie_id)
                    Filter: (production_year = 2004)
                    Rows Removed by Filter: 1
Planning time: 1.191 ms
Execution time: 12300.561 ms
