Hash Join  (cost=102767.86..1206918.67 rows=12392716 width=0) (actual time=6395.135..55376.779 rows=6321499 loops=1)
  Hash Cond: (ci.movie_id = t.id)
  ->  Seq Scan on cast_info ci  (cost=0.00..796071.18 rows=12392716 width=4) (actual time=82.991..41275.536 rows=6321499 loops=1)
        Filter: ((person_id < 1895542) AND (role_id > 1))
        Rows Removed by Filter: 29922845
  ->  Hash  (cost=61283.27..61283.27 rows=2528527 width=4) (actual time=6244.696..6244.696 rows=2528312 loops=1)
        Buckets: 131072  Batches: 64  Memory Usage: 2415kB
        ->  Seq Scan on title t  (cost=0.00..61283.27 rows=2528527 width=4) (actual time=0.020..4402.742 rows=2528312 loops=1)
Planning time: 2.353 ms
Execution time: 56243.781 ms
