Seq Scan on movie_keyword mk  (cost=0.00..81003.12 rows=1373851 width=0) (actual time=0.029..3318.380 rows=1383420 loops=1)
  Filter: (keyword_id < 1859)
  Rows Removed by Filter: 3140510
Planning time: 0.292 ms
Execution time: 3554.495 ms
