Nested Loop  (cost=0.43..83071.67 rows=246 width=0) (actual time=1.963..1410.229 rows=261 loops=1)
  ->  Seq Scan on movie_keyword mk  (cost=0.00..81003.12 rows=246 width=4) (actual time=1.912..1384.048 rows=261 loops=1)
        Filter: (keyword_id = 8936)
        Rows Removed by Filter: 4523669
  ->  Index Only Scan using title_pkey on title t  (cost=0.43..8.40 rows=1 width=4) (actual time=0.097..0.097 rows=1 loops=261)
        Index Cond: (id = mk.movie_id)
        Heap Fetches: 261
Planning time: 0.706 ms
Execution time: 1410.463 ms
