Hash Join  (cost=92703.08..235896.75 rows=1623832 width=0) (actual time=5078.485..13761.412 rows=873526 loops=1)
  Hash Cond: (mk.movie_id = t.id)
  ->  Seq Scan on movie_keyword mk  (cost=0.00..81003.12 rows=3587526 width=4) (actual time=0.025..5321.913 rows=3580349 loops=1)
        Filter: (keyword_id > 875)
        Rows Removed by Filter: 943581
  ->  Hash  (cost=73925.90..73925.90 rows=1144494 width=4) (actual time=5077.177..5077.177 rows=1095581 loops=1)
        Buckets: 131072  Batches: 16  Memory Usage: 3443kB
        ->  Seq Scan on title t  (cost=0.00..73925.90 rows=1144494 width=4) (actual time=0.017..4589.715 rows=1095581 loops=1)
              Filter: ((kind_id > 1) AND (production_year < 2007))
              Rows Removed by Filter: 1432731
Planning time: 0.759 ms
Execution time: 13892.143 ms
