Seq Scan on movie_keyword mk  (cost=0.00..81003.12 rows=22957 width=0) (actual time=0.081..3711.262 rows=22479 loops=1)
  Filter: (keyword_id < 5)
  Rows Removed by Filter: 4501451
Planning time: 0.295 ms
Execution time: 3715.350 ms
