Hash Join  (cost=85282.22..560910.83 rows=2425314 width=0) (actual time=6164.562..32387.256 rows=1098299 loops=1)
  Hash Cond: (mi.movie_id = t.id)
  ->  Seq Scan on movie_info mi  (cost=0.00..346232.03 rows=8859586 width=4) (actual time=1602.935..21466.395 rows=8966694 loops=1)
        Filter: (info_type_id < 15)
        Rows Removed by Filter: 5869026
  ->  Hash  (cost=73925.90..73925.90 rows=692185 width=4) (actual time=4560.259..4560.259 rows=596495 loops=1)
        Buckets: 131072  Batches: 16  Memory Usage: 2338kB
        ->  Seq Scan on title t  (cost=0.00..73925.90 rows=692185 width=4) (actual time=0.039..4299.024 rows=596495 loops=1)
              Filter: ((production_year < 2002) AND (kind_id = 7))
              Rows Removed by Filter: 1931817
Planning time: 0.705 ms
Execution time: 32547.258 ms
