Hash Join  (cost=68191.41..161911.11 rows=59991 width=0) (actual time=3405.247..9079.354 rows=62917 loops=1)
  Hash Cond: (mk.movie_id = t.id)
  ->  Seq Scan on movie_keyword mk  (cost=0.00..81003.12 rows=3231111 width=4) (actual time=0.024..4861.159 rows=3221391 loops=1)
        Filter: (keyword_id > 1699)
        Rows Removed by Filter: 1302539
  ->  Hash  (cost=67604.59..67604.59 rows=46946 width=4) (actual time=3404.773..3404.773 rows=46583 loops=1)
        Buckets: 65536  Batches: 1  Memory Usage: 2150kB
        ->  Seq Scan on title t  (cost=0.00..67604.59 rows=46946 width=4) (actual time=0.026..3382.138 rows=46583 loops=1)
              Filter: (production_year = 1998)
              Rows Removed by Filter: 2481729
Planning time: 0.668 ms
Execution time: 9088.345 ms
