Hash Join  (cost=83074.90..447740.16 rows=931 width=0) (actual time=4335.707..24911.064 rows=8439 loops=1)
  Hash Cond: (mi.movie_id = t.id)
  ->  Seq Scan on movie_info mi  (cost=0.00..309384.22 rows=14739122 width=4) (actual time=0.015..16815.896 rows=14835720 loops=1)
  ->  Hash  (cost=83072.90..83072.90 rows=160 width=8) (actual time=4324.668..4324.668 rows=573 loops=1)
        Buckets: 1024  Batches: 1  Memory Usage: 31kB
        ->  Nested Loop  (cost=0.43..83072.90 rows=160 width=8) (actual time=0.957..4324.133 rows=573 loops=1)
              ->  Seq Scan on movie_keyword mk  (cost=0.00..81003.12 rows=246 width=4) (actual time=0.916..4091.519 rows=1120 loops=1)
                    Filter: (keyword_id = 3678)
                    Rows Removed by Filter: 4522810
              ->  Index Scan using title_pkey on title t  (cost=0.43..8.40 rows=1 width=4) (actual time=0.206..0.206 rows=1 loops=1120)
                    Index Cond: (id = mk.movie_id)
                    Filter: ((kind_id > 1) AND (production_year > 1958))
                    Rows Removed by Filter: 0
Planning time: 1.061 ms
Execution time: 24913.423 ms
