Hash Join  (cost=186807.53..675266.72 rows=810927 width=0) (actual time=3665.877..16425.737 rows=7096048 loops=1)
  Hash Cond: (mi.movie_id = t.id)
  ->  Seq Scan on movie_info mi  (cost=0.00..309384.22 rows=14739122 width=4) (actual time=0.024..5849.866 rows=14835720 loops=1)
  ->  Hash  (cost=184524.58..184524.58 rows=139116 width=8) (actual time=3665.053..3665.053 rows=128368 loops=1)
        Buckets: 131072  Batches: 2  Memory Usage: 3502kB
        ->  Hash Join  (cost=69694.50..184524.58 rows=139116 width=8) (actual time=1091.530..3621.660 rows=128368 loops=1)
              Hash Cond: (mk.movie_id = t.id)
              ->  Seq Scan on movie_keyword mk  (cost=0.00..81003.12 rows=2762079 width=4) (actual time=0.028..1632.596 rows=2754759 loops=1)
                    Filter: (keyword_id > 2867)
                    Rows Removed by Filter: 1769171
              ->  Hash  (cost=67604.59..67604.59 rows=127353 width=4) (actual time=1090.679..1090.679 rows=128696 loops=1)
                    Buckets: 131072  Batches: 2  Memory Usage: 3290kB
                    ->  Seq Scan on title t  (cost=0.00..67604.59 rows=127353 width=4) (actual time=0.016..1042.723 rows=128696 loops=1)
                          Filter: (production_year = 2009)
                          Rows Removed by Filter: 2399616
Planning time: 3.103 ms
Execution time: 17246.746 ms
