Hash Join  (cost=102767.86..484832.34 rows=1078551 width=0) (actual time=4941.378..23686.048 rows=1135201 loops=1)
  Hash Cond: (mi.movie_id = t.id)
  ->  Seq Scan on movie_info mi  (cost=0.00..346232.03 rows=1078551 width=4) (actual time=0.026..16799.317 rows=1135201 loops=1)
        Filter: (info_type_id > 57)
        Rows Removed by Filter: 13700519
  ->  Hash  (cost=61283.27..61283.27 rows=2528527 width=4) (actual time=4940.563..4940.563 rows=2528312 loops=1)
        Buckets: 131072  Batches: 64  Memory Usage: 2425kB
        ->  Seq Scan on title t  (cost=0.00..61283.27 rows=2528527 width=4) (actual time=0.016..3483.022 rows=2528312 loops=1)
Planning time: 1.354 ms
Execution time: 23846.449 ms
