Seq Scan on movie_companies mc  (cost=0.00..51404.11 rows=975456 width=0) (actual time=0.026..2315.087 rows=986305 loops=1)
  Filter: (company_id > 17165)
  Rows Removed by Filter: 1622824
Planning time: 0.880 ms
Execution time: 2470.202 ms
