Hash Join  (cost=477978.59..1423560.98 rows=2052425 width=0) (actual time=23432.509..82780.511 rows=10295775 loops=1)
  Hash Cond: (ci.movie_id = t.id)
  ->  Seq Scan on cast_info ci  (cost=0.00..796071.18 rows=10995990 width=4) (actual time=0.024..49197.355 rows=8519856 loops=1)
        Filter: ((person_id < 3411044) AND (role_id > 3))
        Rows Removed by Filter: 27724488
  ->  Hash  (cost=470235.15..470235.15 rows=471955 width=8) (actual time=23431.721..23431.721 rows=543367 loops=1)
        Buckets: 131072  Batches: 8  Memory Usage: 3673kB
        ->  Hash Join  (cost=102767.86..470235.15 rows=471955 width=8) (actual time=13770.683..23251.522 rows=543367 loops=1)
              Hash Cond: (mi.movie_id = t.id)
              ->  Seq Scan on movie_info mi  (cost=0.00..346232.03 rows=471955 width=4) (actual time=8319.469..16872.284 rows=543367 loops=1)
                    Filter: (info_type_id > 98)
                    Rows Removed by Filter: 14292353
              ->  Hash  (cost=61283.27..61283.27 rows=2528527 width=4) (actual time=5435.827..5435.827 rows=2528312 loops=1)
                    Buckets: 131072  Batches: 64  Memory Usage: 2425kB
                    ->  Seq Scan on title t  (cost=0.00..61283.27 rows=2528527 width=4) (actual time=0.024..4147.611 rows=2528312 loops=1)
Planning time: 1.101 ms
Execution time: 84285.636 ms
