Hash Join  (cost=98137.04..199454.60 rows=475925 width=0) (actual time=6152.157..11593.859 rows=274966 loops=1)
  Hash Cond: (mk.movie_id = t.id)
  ->  Seq Scan on movie_keyword mk  (cost=0.00..81003.12 rows=646637 width=4) (actual time=0.021..4489.997 rows=648054 loops=1)
        Filter: (keyword_id < 500)
        Rows Removed by Filter: 3875876
  ->  Hash  (cost=67604.59..67604.59 rows=1860996 width=4) (actual time=6132.814..6132.814 rows=1865487 loops=1)
        Buckets: 131072  Batches: 32  Memory Usage: 3085kB
        ->  Seq Scan on title t  (cost=0.00..67604.59 rows=1860996 width=4) (actual time=0.023..5227.563 rows=1865487 loops=1)
              Filter: (kind_id > 1)
              Rows Removed by Filter: 662825
Planning time: 0.735 ms
Execution time: 11632.464 ms
