Hash Join  (cost=185539.23..295787.00 rows=533633 width=0) (actual time=13511.577..16283.354 rows=508498 loops=1)
  Hash Cond: (mk.movie_id = t.id)
  ->  Seq Scan on movie_keyword mk  (cost=0.00..81003.12 rows=1816617 width=4) (actual time=0.020..4980.606 rows=1818355 loops=1)
        Filter: (keyword_id > 7637)
        Rows Removed by Filter: 2705575
  ->  Hash  (cost=173352.77..173352.77 rows=742757 width=8) (actual time=10051.098..10051.098 rows=518276 loops=1)
        Buckets: 131072  Batches: 16  Memory Usage: 2275kB
        ->  Hash Join  (cost=92883.59..173352.77 rows=742757 width=8) (actual time=5247.753..9858.363 rows=518276 loops=1)
              Hash Cond: (mc.movie_id = t.id)
              ->  Seq Scan on movie_companies mc  (cost=0.00..51404.11 rows=1218900 width=4) (actual time=0.087..3419.102 rows=1206226 loops=1)
                    Filter: (company_id < 11137)
                    Rows Removed by Filter: 1402903
              ->  Hash  (cost=67604.59..67604.59 rows=1540800 width=4) (actual time=5247.014..5247.014 rows=1543264 loops=1)
                    Buckets: 131072  Batches: 32  Memory Usage: 2722kB
                    ->  Seq Scan on title t  (cost=0.00..67604.59 rows=1540800 width=4) (actual time=0.026..4465.775 rows=1543264 loops=1)
                          Filter: (kind_id = 7)
                          Rows Removed by Filter: 985048
Planning time: 1.060 ms
Execution time: 16367.443 ms
