Hash Join  (cost=68332.59..95560.94 rows=31787 width=0) (actual time=1052.130..1750.385 rows=37455 loops=1)
  Hash Cond: (mi_idx.movie_id = t.id)
  ->  Seq Scan on movie_info_idx mi_idx  (cost=0.00..21735.35 rows=1380035 width=4) (actual time=0.016..355.549 rows=1380035 loops=1)
  ->  Hash  (cost=67604.59..67604.59 rows=58240 width=4) (actual time=1051.733..1051.733 rows=58590 loops=1)
        Buckets: 65536  Batches: 1  Memory Usage: 2572kB
        ->  Seq Scan on title t  (cost=0.00..67604.59 rows=58240 width=4) (actual time=0.023..1027.996 rows=58590 loops=1)
              Filter: (production_year = 2001)
              Rows Removed by Filter: 2469722
Planning time: 0.796 ms
Execution time: 1755.851 ms
