Hash Join  (cost=190230.21..291170.70 rows=1415543 width=0) (actual time=10560.753..18205.881 rows=4052672 loops=1)
  Hash Cond: (mc.movie_id = t.id)
  ->  Seq Scan on movie_companies mc  (cost=0.00..51404.11 rows=2593585 width=4) (actual time=0.021..4033.054 rows=2594797 loops=1)
        Filter: (company_id < 221451)
        Rows Removed by Filter: 14332
  ->  Hash  (cost=167588.78..167588.78 rows=1380035 width=8) (actual time=10559.811..10559.811 rows=1380035 loops=1)
        Buckets: 131072  Batches: 32  Memory Usage: 2708kB
        ->  Hash Join  (cost=102767.86..167588.78 rows=1380035 width=8) (actual time=5928.491..10084.093 rows=1380035 loops=1)
              Hash Cond: (mi_idx.movie_id = t.id)
              ->  Seq Scan on movie_info_idx mi_idx  (cost=0.00..21735.35 rows=1380035 width=4) (actual time=0.021..1843.378 rows=1380035 loops=1)
              ->  Hash  (cost=61283.27..61283.27 rows=2528527 width=4) (actual time=5926.341..5926.341 rows=2528312 loops=1)
                    Buckets: 131072  Batches: 64  Memory Usage: 2415kB
                    ->  Seq Scan on title t  (cost=0.00..61283.27 rows=2528527 width=4) (actual time=0.013..4571.838 rows=2528312 loops=1)
Planning time: 1.146 ms
Execution time: 18890.049 ms
