Hash Join  (cost=124748.47..251249.52 rows=369201 width=0) (actual time=6855.346..15446.625 rows=2498688 loops=1)
  Hash Cond: (mk.movie_id = t.id)
  ->  Seq Scan on movie_keyword mk  (cost=0.00..69693.30 rows=4523930 width=4) (actual time=0.030..4328.084 rows=4523930 loops=1)
  ->  Hash  (cost=121362.04..121362.04 rows=206355 width=8) (actual time=6853.959..6853.959 rows=286732 loops=1)
        Buckets: 131072  Batches: 4  Memory Usage: 3837kB
        ->  Hash Join  (cost=80129.01..121362.04 rows=206355 width=8) (actual time=4089.209..6738.538 rows=286732 loops=1)
              Hash Cond: (mi_idx.movie_id = t.id)
              ->  Seq Scan on movie_info_idx mi_idx  (cost=0.00..21735.35 rows=1380035 width=4) (actual time=0.025..1560.177 rows=1380035 loops=1)
              ->  Hash  (cost=73925.90..73925.90 rows=378088 width=4) (actual time=4088.312..4088.312 rows=299442 loops=1)
                    Buckets: 131072  Batches: 8  Memory Usage: 2340kB
                    ->  Seq Scan on title t  (cost=0.00..73925.90 rows=378088 width=4) (actual time=0.026..3967.218 rows=299442 loops=1)
                          Filter: ((kind_id < 3) AND (production_year > 2002))
                          Rows Removed by Filter: 2228870
Planning time: 1.273 ms
Execution time: 15838.863 ms
