Nested Loop  (cost=0.43..52283.95 rows=92 width=0) (actual time=521.426..2443.281 rows=3 loops=1)
  ->  Seq Scan on movie_companies mc  (cost=0.00..51404.11 rows=104 width=4) (actual time=521.351..2442.737 rows=3 loops=1)
        Filter: (company_id = 57518)
        Rows Removed by Filter: 2609126
  ->  Index Scan using title_pkey on title t  (cost=0.43..8.45 rows=1 width=4) (actual time=0.172..0.173 rows=1 loops=3)
        Index Cond: (id = mc.movie_id)
        Filter: (production_year < 2012)
Planning time: 2.383 ms
Execution time: 2443.391 ms
