Hash Join  (cost=204381.84..748655.39 rows=6041862 width=0) (actual time=12638.480..59558.596 rows=38563523 loops=1)
  Hash Cond: (mi.movie_id = t.id)
  ->  Seq Scan on movie_info mi  (cost=0.00..309384.22 rows=14739122 width=4) (actual time=0.023..24074.533 rows=14835720 loops=1)
  ->  Hash  (cost=187376.66..187376.66 rows=1036494 width=8) (actual time=12637.680..12637.680 rows=900890 loops=1)
        Buckets: 131072  Batches: 16  Memory Usage: 3268kB
        ->  Hash Join  (cost=101210.02..187376.66 rows=1036494 width=8) (actual time=6763.745..12190.112 rows=900890 loops=1)
              Hash Cond: (mc.movie_id = t.id)
              ->  Seq Scan on movie_companies mc  (cost=0.00..51404.11 rows=1279517 width=4) (actual time=248.772..3490.582 rows=1274246 loops=1)
                    Filter: (company_type_id < 2)
                    Rows Removed by Filter: 1334883
              ->  Hash  (cost=67604.59..67604.59 rows=2048275 width=4) (actual time=6514.166..6514.166 rows=2046723 loops=1)
                    Buckets: 131072  Batches: 32  Memory Usage: 3276kB
                    ->  Seq Scan on title t  (cost=0.00..67604.59 rows=2048275 width=4) (actual time=0.025..5484.003 rows=2046723 loops=1)
                          Filter: (production_year > 1972)
                          Rows Removed by Filter: 481589
Planning time: 17.940 ms
Execution time: 65301.442 ms
