Hash Join  (cost=332776.27..536263.11 rows=3202889 width=146) (actual time=8751.850..28033.141 rows=28787373 loops=1)
  Hash Cond: (mk.movie_id = t.id)
  ->  Seq Scan on movie_keyword mk  (cost=0.00..69693.30 rows=4523930 width=12) (actual time=0.012..1473.439 rows=4523930 loops=1)
  ->  Hash  (cost=275434.18..275434.18 rows=1790167 width=134) (actual time=8748.202..8748.202 rows=1781725 loops=1)
        Buckets: 32768  Batches: 128  Memory Usage: 2331kB
        ->  Hash Join  (cost=129928.86..275434.18 rows=1790167 width=134) (actual time=2980.378..7566.233 rows=1781725 loops=1)
              Hash Cond: (mc.movie_id = t.id)
              ->  Seq Scan on movie_companies mc  (cost=0.00..51404.11 rows=1790167 width=40) (actual time=0.026..1501.851 rows=1781725 loops=1)
                    Filter: (company_id < 27627)
                    Rows Removed by Filter: 827404
              ->  Hash  (cost=61283.27..61283.27 rows=2528527 width=94) (actual time=2979.387..2979.387 rows=2528312 loops=1)
                    Buckets: 32768  Batches: 128  Memory Usage: 2453kB
                    ->  Seq Scan on title t  (cost=0.00..61283.27 rows=2528527 width=94) (actual time=0.019..1349.957 rows=2528312 loops=1)
Planning time: 1.317 ms
Execution time: 29669.257 ms
