Hash Join  (cost=98137.04..181846.72 rows=675426 width=0) (actual time=5495.534..10335.681 rows=595865 loops=1)
  Hash Cond: (mc.movie_id = t.id)
  ->  Seq Scan on movie_companies mc  (cost=0.00..57926.93 rows=917698 width=4) (actual time=0.021..3517.482 rows=1225452 loops=1)
        Filter: ((company_id < 38352) AND (company_type_id = 1))
        Rows Removed by Filter: 1383677
  ->  Hash  (cost=67604.59..67604.59 rows=1860996 width=4) (actual time=5494.109..5494.109 rows=1865487 loops=1)
        Buckets: 131072  Batches: 32  Memory Usage: 3079kB
        ->  Seq Scan on title t  (cost=0.00..67604.59 rows=1860996 width=4) (actual time=0.013..4664.367 rows=1865487 loops=1)
              Filter: (kind_id > 1)
              Rows Removed by Filter: 662825
Planning time: 0.889 ms
Execution time: 10423.356 ms
