Seq Scan on movie_companies mc  (cost=0.00..51404.11 rows=104 width=0) (actual time=24.852..2382.023 rows=157 loops=1)
  Filter: (company_id = 1931)
  Rows Removed by Filter: 2608972
Planning time: 0.381 ms
Execution time: 2382.182 ms
