Seq Scan on movie_companies mc  (cost=0.00..57926.93 rows=722904 width=0) (actual time=280.609..3017.946 rows=509647 loops=1)
  Filter: ((company_id > 8267) AND (company_type_id = 1))
  Rows Removed by Filter: 2099482
Planning time: 0.402 ms
Execution time: 3092.694 ms
