Seq Scan on movie_keyword mk  (cost=0.00..81003.12 rows=1014412 width=0) (actual time=0.027..3737.274 rows=1015468 loops=1)
  Filter: (keyword_id < 991)
  Rows Removed by Filter: 3508462
Planning time: 0.317 ms
Execution time: 3924.412 ms
