Hash Join  (cost=256651.37..805509.83 rows=8017351 width=0) (actual time=12924.237..48222.748 rows=25906019 loops=1)
  Hash Cond: (mi.movie_id = t.id)
  ->  Seq Scan on movie_info mi  (cost=0.00..346232.03 rows=8859586 width=4) (actual time=0.015..19179.453 rows=8966694 loops=1)
        Filter: (info_type_id < 15)
        Rows Removed by Filter: 5869026
  ->  Hash  (cost=219110.46..219110.46 rows=2288153 width=8) (actual time=12922.938..12922.938 rows=2282573 loops=1)
        Buckets: 131072  Batches: 32  Memory Usage: 3847kB
        ->  Hash Join  (cost=102767.86..219110.46 rows=2288153 width=8) (actual time=5190.638..12086.688 rows=2282573 loops=1)
              Hash Cond: (mc.movie_id = t.id)
              ->  Seq Scan on movie_companies mc  (cost=0.00..51404.11 rows=2288153 width=4) (actual time=0.022..3786.933 rows=2282573 loops=1)
                    Filter: (company_id < 91361)
                    Rows Removed by Filter: 326556
              ->  Hash  (cost=61283.27..61283.27 rows=2528527 width=4) (actual time=5189.281..5189.281 rows=2528312 loops=1)
                    Buckets: 131072  Batches: 64  Memory Usage: 2415kB
                    ->  Seq Scan on title t  (cost=0.00..61283.27 rows=2528527 width=4) (actual time=0.024..4029.735 rows=2528312 loops=1)
Planning time: 3.460 ms
Execution time: 52156.189 ms
