Hash Join  (cost=101878.48..467872.31 rows=133793 width=0) (actual time=5833.704..34519.475 rows=1621049 loops=1)
  Hash Cond: (mi.movie_id = t.id)
  ->  Seq Scan on movie_info mi  (cost=0.00..309384.22 rows=14739122 width=4) (actual time=0.012..19827.935 rows=14835720 loops=1)
  ->  Hash  (cost=101591.58..101591.58 rows=22952 width=8) (actual time=5831.397..5831.397 rows=82325 loops=1)
        Buckets: 131072 (originally 32768)  Batches: 2 (originally 1)  Memory Usage: 3073kB
        ->  Hash Join  (cost=74451.58..101591.58 rows=22952 width=8) (actual time=3456.231..5798.027 rows=82325 loops=1)
              Hash Cond: (mi_idx.movie_id = t.id)
              ->  Seq Scan on movie_info_idx mi_idx  (cost=0.00..21735.35 rows=1380035 width=4) (actual time=0.020..1610.711 rows=1380035 loops=1)
              ->  Hash  (cost=73925.90..73925.90 rows=42054 width=4) (actual time=3455.802..3455.802 rows=161366 loops=1)
                    Buckets: 131072 (originally 65536)  Batches: 2 (originally 1)  Memory Usage: 3861kB
                    ->  Seq Scan on title t  (cost=0.00..73925.90 rows=42054 width=4) (actual time=48.695..3368.397 rows=161366 loops=1)
                          Filter: ((production_year < 1950) AND (kind_id = 1))
                          Rows Removed by Filter: 2366946
Planning time: 5.108 ms
Execution time: 34839.286 ms
