Hash Join  (cost=75433.14..106393.52 rows=16498 width=0) (actual time=3229.597..5072.326 rows=38861 loops=1)
  Hash Cond: (mi_idx.movie_id = t.id)
  ->  Seq Scan on movie_info_idx mi_idx  (cost=0.00..25185.44 rows=454124 width=4) (actual time=0.032..1544.266 rows=459925 loops=1)
        Filter: (info_type_id = 100)
        Rows Removed by Filter: 920110
  ->  Hash  (cost=73925.90..73925.90 rows=91859 width=4) (actual time=3227.801..3227.801 rows=191138 loops=1)
        Buckets: 131072 (originally 131072)  Batches: 4 (originally 2)  Memory Usage: 3073kB
        ->  Seq Scan on title t  (cost=0.00..73925.90 rows=91859 width=4) (actual time=0.031..2984.808 rows=191138 loops=1)
              Filter: ((kind_id < 7) AND (production_year < 1959))
              Rows Removed by Filter: 2337174
Planning time: 1.537 ms
Execution time: 5078.286 ms
