Seq Scan on movie_keyword mk  (cost=0.00..81003.12 rows=246 width=0) (actual time=411.232..3593.065 rows=17 loops=1)
  Filter: (keyword_id = 28856)
  Rows Removed by Filter: 4523913
Planning time: 0.288 ms
Execution time: 3593.189 ms
