Seq Scan on movie_companies mc  (cost=0.00..51404.11 rows=2515480 width=0) (actual time=0.025..3148.344 rows=2515044 loops=1)
  Filter: (company_id < 161164)
  Rows Removed by Filter: 94085
Planning time: 16.350 ms
Execution time: 3569.905 ms
