Seq Scan on cast_info ci  (cost=0.00..705507.15 rows=500 width=0) (actual time=3486.058..11378.888 rows=695 loops=1)
  Filter: (person_id = 1671914)
  Rows Removed by Filter: 36243649
Planning time: 0.372 ms
Execution time: 11379.059 ms
