Hash Join  (cost=92883.59..895368.23 rows=12659 width=0) (actual time=25142.529..38112.927 rows=107066 loops=1)
  Hash Cond: (ci.movie_id = t.id)
  ->  Seq Scan on cast_info ci  (cost=0.00..796071.18 rows=20774 width=4) (actual time=20197.344..32696.829 rows=177938 loops=1)
        Filter: ((person_id > 3634538) AND (role_id > 10))
        Rows Removed by Filter: 36066406
  ->  Hash  (cost=67604.59..67604.59 rows=1540800 width=4) (actual time=4943.285..4943.285 rows=1543264 loops=1)
        Buckets: 131072  Batches: 32  Memory Usage: 2722kB
        ->  Seq Scan on title t  (cost=0.00..67604.59 rows=1540800 width=4) (actual time=340.389..4145.658 rows=1543264 loops=1)
              Filter: (kind_id = 7)
              Rows Removed by Filter: 985048
Planning time: 2.457 ms
Execution time: 38128.606 ms
