Hash Join  (cost=235479.30..803748.80 rows=5694040 width=0) (actual time=10096.712..57136.311 rows=43561435 loops=1)
  Hash Cond: (mi.movie_id = t.id)
  ->  Seq Scan on movie_info mi  (cost=0.00..346232.03 rows=13929354 width=4) (actual time=158.471..24557.364 rows=14033580 loops=1)
        Filter: (info_type_id > 1)
        Rows Removed by Filter: 802140
  ->  Hash  (cost=218521.16..218521.16 rows=1033611 width=8) (actual time=9937.442..9937.442 rows=1033523 loops=1)
        Buckets: 131072  Batches: 16  Memory Usage: 3653kB
        ->  Hash Join  (cost=102767.86..218521.16 rows=1033611 width=8) (actual time=4877.973..9586.864 rows=1033523 loops=1)
              Hash Cond: (mk.movie_id = t.id)
              ->  Seq Scan on movie_keyword mk  (cost=0.00..81003.12 rows=1033611 width=4) (actual time=0.029..3233.304 rows=1033523 loops=1)
                    Filter: (keyword_id < 1023)
                    Rows Removed by Filter: 3490407
              ->  Hash  (cost=61283.27..61283.27 rows=2528527 width=4) (actual time=4876.767..4876.767 rows=2528312 loops=1)
                    Buckets: 131072  Batches: 64  Memory Usage: 2425kB
                    ->  Seq Scan on title t  (cost=0.00..61283.27 rows=2528527 width=4) (actual time=0.024..3517.501 rows=2528312 loops=1)
Planning time: 1.072 ms
Execution time: 63170.336 ms
