Hash Join  (cost=82423.69..967324.13 rows=4150739 width=0) (actual time=4233.326..49902.078 rows=4060186 loops=1)
  Hash Cond: (ci.movie_id = t.id)
  ->  Seq Scan on cast_info ci  (cost=0.00..705507.15 rows=11619975 width=4) (actual time=0.019..35917.521 rows=11521438 loops=1)
        Filter: (person_id < 1134015)
        Rows Removed by Filter: 24722906
  ->  Hash  (cost=67604.59..67604.59 rows=903208 width=4) (actual time=4232.223..4232.223 rows=904491 loops=1)
        Buckets: 131072  Batches: 16  Memory Usage: 3010kB
        ->  Seq Scan on title t  (cost=0.00..67604.59 rows=903208 width=4) (actual time=0.022..3907.315 rows=904491 loops=1)
              Filter: (production_year > 2006)
              Rows Removed by Filter: 1623821
Planning time: 8.086 ms
Execution time: 50525.698 ms
