Hash Join  (cost=163695.50..886259.33 rows=85477 width=0) (actual time=22362.951..48205.707 rows=38740 loops=1)
  Hash Cond: (ci.movie_id = t.id)
  ->  Seq Scan on cast_info ci  (cost=0.00..705507.15 rows=4320508 width=4) (actual time=13973.843..38362.510 rows=4323018 loops=1)
        Filter: (role_id = 10)
        Rows Removed by Filter: 31921326
  ->  Hash  (cost=163070.18..163070.18 rows=50025 width=8) (actual time=8374.272..8374.272 rows=44838 loops=1)
        Buckets: 65536  Batches: 1  Memory Usage: 2264kB
        ->  Hash Join  (cost=69720.52..163070.18 rows=50025 width=8) (actual time=3280.346..8341.995 rows=44838 loops=1)
              Hash Cond: (mk.movie_id = t.id)
              ->  Seq Scan on movie_keyword mk  (cost=0.00..81003.12 rows=980876 width=4) (actual time=0.036..4573.009 rows=985641 loops=1)
                    Filter: (keyword_id > 18763)
                    Rows Removed by Filter: 3538289
              ->  Hash  (cost=67604.59..67604.59 rows=128955 width=4) (actual time=3279.634..3279.634 rows=130325 loops=1)
                    Buckets: 131072  Batches: 2  Memory Usage: 3316kB
                    ->  Seq Scan on title t  (cost=0.00..67604.59 rows=128955 width=4) (actual time=576.273..3224.924 rows=130325 loops=1)
                          Filter: (production_year < 1936)
                          Rows Removed by Filter: 2397987
Planning time: 1.176 ms
Execution time: 48211.983 ms
