Hash Join  (cost=150654.28..284019.43 rows=806587 width=0) (actual time=10133.992..13955.847 rows=578466 loops=1)
  Hash Cond: (mk.movie_id = t.id)
  ->  Seq Scan on movie_keyword mk  (cost=0.00..81003.12 rows=3641643 width=4) (actual time=0.024..4462.902 rows=3634503 loops=1)
        Filter: (keyword_id < 20736)
        Rows Removed by Filter: 889427
  ->  Hash  (cost=141465.74..141465.74 rows=560043 width=8) (actual time=7166.198..7166.198 rows=283812 loops=1)
        Buckets: 131072  Batches: 8  Memory Usage: 2415kB
        ->  Hash Join  (cost=92883.59..141465.74 rows=560043 width=8) (actual time=5003.510..7069.849 rows=283812 loops=1)
              Hash Cond: (mi_idx.movie_id = t.id)
              ->  Seq Scan on movie_info_idx mi_idx  (cost=0.00..25185.44 rows=919057 width=4) (actual time=0.016..1508.266 rows=920110 loops=1)
                    Filter: (info_type_id > 99)
                    Rows Removed by Filter: 459925
              ->  Hash  (cost=67604.59..67604.59 rows=1540800 width=4) (actual time=4631.853..4631.853 rows=1543264 loops=1)
                    Buckets: 131072  Batches: 32  Memory Usage: 2722kB
                    ->  Seq Scan on title t  (cost=0.00..67604.59 rows=1540800 width=4) (actual time=0.009..3589.416 rows=1543264 loops=1)
                          Filter: (kind_id = 7)
                          Rows Removed by Filter: 985048
Planning time: 1.819 ms
Execution time: 14036.105 ms
