Hash Join  (cost=441979.27..1242669.45 rows=10685 width=0) (actual time=28228.744..59392.573 rows=61632 loops=1)
  Hash Cond: (ci.movie_id = t.id)
  ->  Seq Scan on cast_info ci  (cost=0.00..796071.18 rows=227112 width=4) (actual time=1582.358..32623.222 rows=68733 loops=1)
        Filter: ((person_id < 182023) AND (role_id = 10))
        Rows Removed by Filter: 36175611
  ->  Hash  (cost=440026.90..440026.90 rows=118990 width=8) (actual time=26642.016..26642.016 rows=204063 loops=1)
        Buckets: 131072 (originally 131072)  Batches: 4 (originally 2)  Memory Usage: 3073kB
        ->  Hash Join  (cost=74181.07..440026.90 rows=118990 width=8) (actual time=3708.126..26264.511 rows=204063 loops=1)
              Hash Cond: (mi.movie_id = t.id)
              ->  Seq Scan on movie_info mi  (cost=0.00..309384.22 rows=14739122 width=4) (actual time=0.036..17618.097 rows=14835720 loops=1)
              ->  Hash  (cost=73925.90..73925.90 rows=20413 width=4) (actual time=3707.898..3707.898 rows=17357 loops=1)
                    Buckets: 32768  Batches: 1  Memory Usage: 867kB
                    ->  Seq Scan on title t  (cost=0.00..73925.90 rows=20413 width=4) (actual time=0.023..3696.732 rows=17357 loops=1)
                          Filter: ((kind_id < 7) AND (production_year = 2000))
                          Rows Removed by Filter: 2510955
Planning time: 1.200 ms
Execution time: 59400.757 ms
