Nested Loop  (cost=0.43..83072.29 rows=65 width=0) (actual time=88.372..3693.109 rows=27 loops=1)
  ->  Seq Scan on movie_keyword mk  (cost=0.00..81003.12 rows=246 width=4) (actual time=88.296..3687.254 rows=55 loops=1)
        Filter: (keyword_id = 60982)
        Rows Removed by Filter: 4523875
  ->  Index Scan using title_pkey on title t  (cost=0.43..8.40 rows=1 width=4) (actual time=0.102..0.102 rows=0 loops=55)
        Index Cond: (id = mk.movie_id)
        Filter: (kind_id = 1)
        Rows Removed by Filter: 1
Planning time: 0.741 ms
Execution time: 3693.260 ms
