Hash Join  (cost=280953.66..938497.57 rows=12404512 width=0) (actual time=15409.004..51613.006 rows=5623630 loops=1)
  Hash Cond: (mi.movie_id = t.id)
  ->  Seq Scan on movie_info mi  (cost=0.00..346232.03 rows=13929354 width=4) (actual time=0.023..26187.251 rows=14033580 loops=1)
        Filter: (info_type_id > 1)
        Rows Removed by Filter: 802140
  ->  Hash  (cost=244011.03..244011.03 rows=2251730 width=8) (actual time=13372.601..13372.601 rows=551117 loops=1)
        Buckets: 131072  Batches: 32  Memory Usage: 1690kB
        ->  Hash Join  (cost=94574.69..244011.03 rows=2251730 width=8) (actual time=7795.673..13170.398 rows=551117 loops=1)
              Hash Cond: (mk.movie_id = t.id)
              ->  Seq Scan on movie_keyword mk  (cost=0.00..69693.30 rows=4523930 width=4) (actual time=0.012..5179.898 rows=4523930 loops=1)
              ->  Hash  (cost=73925.90..73925.90 rows=1258543 width=4) (actual time=4710.831..4710.831 rows=1221534 loops=1)
                    Buckets: 131072  Batches: 32  Memory Usage: 2369kB
                    ->  Seq Scan on title t  (cost=0.00..73925.90 rows=1258543 width=4) (actual time=0.017..4217.087 rows=1221534 loops=1)
                          Filter: ((production_year < 2011) AND (kind_id = 7))
                          Rows Removed by Filter: 1306778
Planning time: 1.128 ms
Execution time: 52561.354 ms
