Seq Scan on movie_companies mc  (cost=0.00..51404.11 rows=1041540 width=0) (actual time=0.024..2584.831 rows=1050004 loops=1)
  Filter: (company_id > 14947)
  Rows Removed by Filter: 1559125
Planning time: 0.373 ms
Execution time: 2826.816 ms
