Seq Scan on movie_keyword mk  (cost=0.00..81003.12 rows=1551729 width=0) (actual time=0.016..3495.140 rows=1566475 loops=1)
  Filter: (keyword_id > 10013)
  Rows Removed by Filter: 2957455
Planning time: 0.282 ms
Execution time: 3747.181 ms
