Seq Scan on movie_keyword mk  (cost=0.00..81003.12 rows=2123340 width=0) (actual time=0.024..4651.103 rows=2126961 loops=1)
  Filter: (keyword_id < 3921)
  Rows Removed by Filter: 2396969
Planning time: 0.262 ms
Execution time: 5014.724 ms
