Hash Join  (cost=73926.99..438587.99 rows=507 width=0) (actual time=3369.710..22647.886 rows=2748 loops=1)
  Hash Cond: (mi.movie_id = t.id)
  ->  Seq Scan on movie_info mi  (cost=0.00..309384.22 rows=14739122 width=4) (actual time=0.018..15478.301 rows=14835720 loops=1)
  ->  Hash  (cost=73925.90..73925.90 rows=87 width=4) (actual time=3369.645..3369.645 rows=428 loops=1)
        Buckets: 1024  Batches: 1  Memory Usage: 24kB
        ->  Seq Scan on title t  (cost=0.00..73925.90 rows=87 width=4) (actual time=21.297..3369.277 rows=428 loops=1)
              Filter: ((production_year > 2014) AND (kind_id = 1))
              Rows Removed by Filter: 2527884
Planning time: 0.730 ms
Execution time: 22658.165 ms
