Seq Scan on movie_keyword mk  (cost=0.00..81003.12 rows=3637752 width=0) (actual time=0.009..4593.123 rows=3632126 loops=1)
  Filter: (keyword_id < 20650)
  Rows Removed by Filter: 891804
Planning time: 0.307 ms
Execution time: 5270.181 ms
