Seq Scan on cast_info ci  (cost=0.00..705507.15 rows=338335 width=0) (actual time=6285.784..10865.038 rows=367783 loops=1)
  Filter: (person_id > 3994301)
  Rows Removed by Filter: 35876561
Planning time: 0.330 ms
Execution time: 10911.634 ms
