Seq Scan on movie_companies mc  (cost=0.00..51404.11 rows=1670851 width=0) (actual time=0.017..3074.585 rows=1662539 loops=1)
  Filter: (company_id < 18729)
  Rows Removed by Filter: 946590
Planning time: 0.278 ms
Execution time: 3339.072 ms
