Seq Scan on cast_info ci  (cost=0.00..705507.15 rows=32775267 width=0) (actual time=3.582..40548.343 rows=32793480 loops=1)
  Filter: (person_id < 3431526)
  Rows Removed by Filter: 3450864
Planning time: 0.290 ms
Execution time: 46326.341 ms
