Hash Join  (cost=83073.24..144290.92 rows=9 width=0) (actual time=1438.294..2409.623 rows=35 loops=1)
  Hash Cond: (mc.movie_id = t.id)
  ->  Seq Scan on movie_companies mc  (cost=0.00..57926.93 rows=877509 width=4) (actual time=75.254..1109.563 rows=697317 loops=1)
        Filter: ((company_id > 1877) AND (company_type_id < 2))
        Rows Removed by Filter: 1911812
  ->  Hash  (cost=83072.90..83072.90 rows=27 width=8) (actual time=1202.446..1202.446 rows=82 loops=1)
        Buckets: 1024  Batches: 1  Memory Usage: 12kB
        ->  Nested Loop  (cost=0.43..83072.90 rows=27 width=8) (actual time=33.154..1202.335 rows=82 loops=1)
              ->  Seq Scan on movie_keyword mk  (cost=0.00..81003.12 rows=246 width=4) (actual time=8.809..1171.816 rows=240 loops=1)
                    Filter: (keyword_id = 57859)
                    Rows Removed by Filter: 4523690
              ->  Index Scan using title_pkey on title t  (cost=0.43..8.40 rows=1 width=4) (actual time=0.124..0.125 rows=0 loops=240)
                    Index Cond: (id = mk.movie_id)
                    Filter: ((kind_id < 7) AND (production_year < 1991))
                    Rows Removed by Filter: 1
Planning time: 1.191 ms
Execution time: 2409.792 ms
