Hash Join  (cost=190230.21..325110.46 rows=1554762 width=0) (actual time=4648.295..9357.494 rows=6604221 loops=1)
  Hash Cond: (mk.movie_id = t.id)
  ->  Seq Scan on movie_keyword mk  (cost=0.00..81003.12 rows=2848666 width=4) (actual time=0.023..1604.935 rows=2839890 loops=1)
        Filter: (keyword_id > 2614)
        Rows Removed by Filter: 1684040
  ->  Hash  (cost=167588.78..167588.78 rows=1380035 width=8) (actual time=4647.391..4647.391 rows=1380035 loops=1)
        Buckets: 131072  Batches: 32  Memory Usage: 2726kB
        ->  Hash Join  (cost=102767.86..167588.78 rows=1380035 width=8) (actual time=2362.268..4262.214 rows=1380035 loops=1)
              Hash Cond: (mi_idx.movie_id = t.id)
              ->  Seq Scan on movie_info_idx mi_idx  (cost=0.00..21735.35 rows=1380035 width=4) (actual time=0.015..429.545 rows=1380035 loops=1)
              ->  Hash  (cost=61283.27..61283.27 rows=2528527 width=4) (actual time=2360.155..2360.155 rows=2528312 loops=1)
                    Buckets: 131072  Batches: 64  Memory Usage: 2415kB
                    ->  Seq Scan on title t  (cost=0.00..61283.27 rows=2528527 width=4) (actual time=0.014..1109.330 rows=2528312 loops=1)
Planning time: 1.119 ms
Execution time: 10149.442 ms
