Hash Join  (cost=73950.44..825314.34 rows=9474 width=0) (actual time=3115.747..44021.226 rows=35982 loops=1)
  Hash Cond: (ci.movie_id = t.id)
  ->  Seq Scan on cast_info ci  (cost=0.00..705507.15 rows=12203201 width=4) (actual time=0.022..38333.275 rows=12113646 loops=1)
        Filter: (role_id > 3)
        Rows Removed by Filter: 24130698
  ->  Hash  (cost=73925.90..73925.90 rows=1963 width=4) (actual time=3115.526..3115.526 rows=5190 loops=1)
        Buckets: 8192 (originally 2048)  Batches: 1 (originally 1)  Memory Usage: 247kB
        ->  Seq Scan on title t  (cost=0.00..73925.90 rows=1963 width=4) (actual time=0.025..3112.933 rows=5190 loops=1)
              Filter: ((kind_id = 1) AND (production_year = 1992))
              Rows Removed by Filter: 2523122
Planning time: 8.267 ms
Execution time: 44030.811 ms
