Nested Loop  (cost=0.43..799347.50 rows=133 width=0) (actual time=30125.710..33291.555 rows=59 loops=1)
  ->  Seq Scan on cast_info ci  (cost=0.00..796071.18 rows=392 width=4) (actual time=30125.637..33277.754 rows=69 loops=1)
        Filter: ((role_id < 7) AND (person_id = 510470))
        Rows Removed by Filter: 36244275
  ->  Index Scan using title_pkey on title t  (cost=0.43..8.35 rows=1 width=4) (actual time=0.199..0.199 rows=1 loops=69)
        Index Cond: (id = ci.movie_id)
        Filter: (kind_id < 4)
        Rows Removed by Filter: 0
Planning time: 0.731 ms
Execution time: 33291.650 ms
