Hash Join  (cost=102767.86..206602.73 rows=538323 width=0) (actual time=5929.038..11332.064 rows=530666 loops=1)
  Hash Cond: (mk.movie_id = t.id)
  ->  Seq Scan on movie_keyword mk  (cost=0.00..81003.12 rows=538323 width=4) (actual time=0.021..3815.336 rows=530666 loops=1)
        Filter: (keyword_id > 34370)
        Rows Removed by Filter: 3993264
  ->  Hash  (cost=61283.27..61283.27 rows=2528527 width=4) (actual time=5923.931..5923.931 rows=2528312 loops=1)
        Buckets: 131072  Batches: 64  Memory Usage: 2425kB
        ->  Seq Scan on title t  (cost=0.00..61283.27 rows=2528527 width=4) (actual time=0.017..4081.016 rows=2528312 loops=1)
Planning time: 9.612 ms
Execution time: 11395.356 ms
