Seq Scan on movie_keyword mk  (cost=0.00..81003.12 rows=246 width=0) (actual time=3.204..1346.867 rows=380 loops=1)
  Filter: (keyword_id = 3942)
  Rows Removed by Filter: 4523550
Planning time: 0.625 ms
Execution time: 1347.127 ms
