Hash Join  (cost=1053693.14..1729039.14 rows=17272010 width=0) (actual time=27528.478..61369.042 rows=93331635 loops=1)
  Hash Cond: (mi.movie_id = t.id)
  ->  Seq Scan on movie_info mi  (cost=0.00..346232.03 rows=7503588 width=4) (actual time=397.486..6725.571 rows=7548855 loops=1)
        Filter: (info_type_id > 7)
        Rows Removed by Filter: 7286865
  ->  Hash  (cost=958204.04..958204.04 rows=5820248 width=8) (actual time=27128.535..27128.535 rows=5732694 loops=1)
        Buckets: 131072  Batches: 128  Memory Usage: 2810kB
        ->  Hash Join  (cost=102767.86..958204.04 rows=5820248 width=8) (actual time=10263.472..25581.308 rows=5732694 loops=1)
              Hash Cond: (ci.movie_id = t.id)
              ->  Seq Scan on cast_info ci  (cost=0.00..705507.15 rows=5820248 width=4) (actual time=6404.084..16714.693 rows=5732694 loops=1)
                    Filter: (role_id > 8)
                    Rows Removed by Filter: 30511650
              ->  Hash  (cost=61283.27..61283.27 rows=2528527 width=4) (actual time=3858.228..3858.228 rows=2528312 loops=1)
                    Buckets: 131072  Batches: 64  Memory Usage: 2415kB
                    ->  Seq Scan on title t  (cost=0.00..61283.27 rows=2528527 width=4) (actual time=0.023..2883.581 rows=2528312 loops=1)
Planning time: 1.116 ms
Execution time: 71890.861 ms
