Hash Join  (cost=102767.86..208086.51 rows=1830064 width=0) (actual time=4463.644..9497.666 rows=1839602 loops=1)
  Hash Cond: (mc.movie_id = t.id)
  ->  Seq Scan on movie_companies mc  (cost=0.00..51404.11 rows=1830064 width=4) (actual time=0.016..2861.572 rows=1839602 loops=1)
        Filter: (company_id > 1625)
        Rows Removed by Filter: 769527
  ->  Hash  (cost=61283.27..61283.27 rows=2528527 width=4) (actual time=4462.246..4462.246 rows=2528312 loops=1)
        Buckets: 131072  Batches: 64  Memory Usage: 2415kB
        ->  Seq Scan on title t  (cost=0.00..61283.27 rows=2528527 width=4) (actual time=0.020..3237.345 rows=2528312 loops=1)
Planning time: 0.692 ms
Execution time: 9731.636 ms
