Seq Scan on movie_companies mc  (cost=0.00..51404.11 rows=278465 width=0) (actual time=0.019..2774.860 rows=280629 loops=1)
  Filter: (company_id > 95855)
  Rows Removed by Filter: 2328500
Planning time: 0.337 ms
Execution time: 2833.134 ms
