Seq Scan on cast_info ci  (cost=0.00..705507.15 rows=28635023 width=0) (actual time=0.034..33155.704 rows=28612964 loops=1)
  Filter: (person_id < 2912175)
  Rows Removed by Filter: 7631380
Planning time: 8.475 ms
Execution time: 37376.759 ms
