Hash Join  (cost=73982.55..438902.66 rows=26418 width=0) (actual time=1442.081..8218.795 rows=28982 loops=1)
  Hash Cond: (mi.movie_id = t.id)
  ->  Seq Scan on movie_info mi  (cost=0.00..309384.22 rows=14739122 width=4) (actual time=0.022..3872.382 rows=14835720 loops=1)
  ->  Hash  (cost=73925.90..73925.90 rows=4532 width=4) (actual time=1236.184..1236.184 rows=7895 loops=1)
        Buckets: 8192  Batches: 1  Memory Usage: 342kB
        ->  Seq Scan on title t  (cost=0.00..73925.90 rows=4532 width=4) (actual time=0.028..1232.192 rows=7895 loops=1)
              Filter: ((kind_id = 7) AND (production_year = 1982))
              Rows Removed by Filter: 2520417
Planning time: 0.790 ms
Execution time: 8223.146 ms
