Hash Join  (cost=132963.89..207006.04 rows=160891 width=0) (actual time=3322.422..4691.541 rows=552888 loops=1)
  Hash Cond: (mc.movie_id = t.id)
  ->  Seq Scan on movie_companies mc  (cost=0.00..57926.93 rows=1133149 width=4) (actual time=399.448..1068.967 rows=944735 loops=1)
        Filter: ((company_id < 83245) AND (company_type_id = 2))
        Rows Removed by Filter: 1664394
  ->  Hash  (cost=127073.22..127073.22 rows=359014 width=8) (actual time=2922.148..2922.148 rows=636298 loops=1)
        Buckets: 131072 (originally 131072)  Batches: 16 (originally 8)  Memory Usage: 3073kB
        ->  Hash Join  (cost=83810.17..127073.22 rows=359014 width=8) (actual time=1424.048..2730.542 rows=636298 loops=1)
              Hash Cond: (mi_idx.movie_id = t.id)
              ->  Seq Scan on movie_info_idx mi_idx  (cost=0.00..25185.44 rows=919057 width=4) (actual time=0.024..508.305 rows=920110 loops=1)
                    Filter: (info_type_id > 99)
                    Rows Removed by Filter: 459925
              ->  Hash  (cost=67604.59..67604.59 rows=987727 width=4) (actual time=1422.797..1422.797 rows=985048 loops=1)
                    Buckets: 131072  Batches: 16  Memory Usage: 3188kB
                    ->  Seq Scan on title t  (cost=0.00..67604.59 rows=987727 width=4) (actual time=0.035..1103.573 rows=985048 loops=1)
                          Filter: (kind_id < 7)
                          Rows Removed by Filter: 1543264
Planning time: 1.189 ms
Execution time: 4762.013 ms
