Hash Join  (cost=120890.52..247488.13 rows=213755 width=0) (actual time=2433.973..5790.867 rows=1314684 loops=1)
  Hash Cond: (mk.movie_id = t.id)
  ->  Seq Scan on movie_keyword mk  (cost=0.00..81003.12 rows=3709050 width=4) (actual time=0.025..1695.727 rows=3702847 loops=1)
        Filter: (keyword_id < 22337)
        Rows Removed by Filter: 821083
  ->  Hash  (cost=118499.01..118499.01 rows=145721 width=8) (actual time=2432.562..2432.562 rows=174118 loops=1)
        Buckets: 131072 (originally 131072)  Batches: 4 (originally 2)  Memory Usage: 3073kB
        ->  Hash Join  (cost=78306.32..118499.01 rows=145721 width=8) (actual time=1408.174..2383.797 rows=174118 loops=1)
              Hash Cond: (mi_idx.movie_id = t.id)
              ->  Seq Scan on movie_info_idx mi_idx  (cost=0.00..21735.35 rows=1380035 width=4) (actual time=0.016..457.620 rows=1380035 loops=1)
              ->  Hash  (cost=73925.90..73925.90 rows=266993 width=4) (actual time=1337.250..1337.250 rows=216282 loops=1)
                    Buckets: 131072  Batches: 4  Memory Usage: 2928kB
                    ->  Seq Scan on title t  (cost=0.00..73925.90 rows=266993 width=4) (actual time=0.017..1265.991 rows=216282 loops=1)
                          Filter: ((production_year > 2005) AND (kind_id = 1))
                          Rows Removed by Filter: 2312030
Planning time: 1.177 ms
Execution time: 5954.931 ms
