Hash Join  (cost=709675.59..796337.11 rows=349 width=0) (actual time=11589.218..13008.951 rows=63 loops=1)
  Hash Cond: (mk.movie_id = t.id)
  ->  Seq Scan on movie_keyword mk  (cost=0.00..69693.30 rows=4523930 width=4) (actual time=0.014..1053.558 rows=4523930 loops=1)
  ->  Hash  (cost=709673.15..709673.15 rows=195 width=8) (actual time=11216.001..11216.001 rows=7 loops=1)
        Buckets: 1024  Batches: 1  Memory Usage: 9kB
        ->  Nested Loop  (cost=0.43..709673.15 rows=195 width=8) (actual time=7759.937..11215.946 rows=7 loops=1)
              ->  Seq Scan on cast_info ci  (cost=0.00..705507.15 rows=500 width=4) (actual time=7759.773..11215.206 rows=29 loops=1)
                    Filter: (person_id = 2374966)
                    Rows Removed by Filter: 36244315
              ->  Index Scan using title_pkey on title t  (cost=0.43..8.32 rows=1 width=4) (actual time=0.022..0.022 rows=0 loops=29)
                    Index Cond: (id = ci.movie_id)
                    Filter: (kind_id < 7)
                    Rows Removed by Filter: 1
Planning time: 1.136 ms
Execution time: 13009.086 ms
