Hash Join  (cost=106550.52..193490.01 rows=28145 width=0) (actual time=1974.472..3707.283 rows=31008 loops=1)
  Hash Cond: (mk.movie_id = t.id)
  ->  Seq Scan on movie_keyword mk  (cost=0.00..69693.30 rows=4523930 width=4) (actual time=0.018..937.139 rows=4523930 loops=1)
  ->  Hash  (cost=106353.88..106353.88 rows=15731 width=8) (actual time=1948.794..1948.794 rows=7101 loops=1)
        Buckets: 16384  Batches: 1  Memory Usage: 406kB
        ->  Hash Join  (cost=75342.47..106353.88 rows=15731 width=8) (actual time=1397.693..1945.772 rows=7101 loops=1)
              Hash Cond: (mi_idx.movie_id = t.id)
              ->  Seq Scan on movie_info_idx mi_idx  (cost=0.00..25185.44 rows=460978 width=4) (actual time=0.021..494.534 rows=459925 loops=1)
                    Filter: (info_type_id < 100)
                    Rows Removed by Filter: 920110
              ->  Hash  (cost=73925.90..73925.90 rows=86285 width=4) (actual time=1265.050..1265.050 rows=92628 loops=1)
                    Buckets: 131072  Batches: 2  Memory Usage: 2653kB
                    ->  Seq Scan on title t  (cost=0.00..73925.90 rows=86285 width=4) (actual time=0.021..1230.020 rows=92628 loops=1)
                          Filter: ((kind_id = 7) AND (production_year = 2010))
                          Rows Removed by Filter: 2435684
Planning time: 1.163 ms
Execution time: 3711.557 ms
