Hash Join  (cost=77642.13..149105.45 rows=90958 width=0) (actual time=1675.169..2633.793 rows=6059 loops=1)
  Hash Cond: (mc.movie_id = t.id)
  ->  Seq Scan on movie_companies mc  (cost=0.00..57926.93 rows=1015414 width=4) (actual time=0.011..1129.599 rows=878247 loops=1)
        Filter: ((company_id > 521) AND (company_type_id < 2))
        Rows Removed by Filter: 1730882
  ->  Hash  (cost=73925.90..73925.90 rows=226498 width=4) (actual time=1123.083..1123.083 rows=120787 loops=1)
        Buckets: 131072  Batches: 4  Memory Usage: 2083kB
        ->  Seq Scan on title t  (cost=0.00..73925.90 rows=226498 width=4) (actual time=197.438..1079.120 rows=120787 loops=1)
              Filter: ((production_year < 1970) AND (kind_id = 7))
              Rows Removed by Filter: 2407525
Planning time: 0.748 ms
Execution time: 2634.602 ms
