Hash Join  (cost=74175.03..129046.20 rows=20565 width=0) (actual time=1010.032..2177.327 rows=34 loops=1)
  Hash Cond: (mc.movie_id = t.id)
  ->  Seq Scan on movie_companies mc  (cost=0.00..44881.29 rows=2609129 width=4) (actual time=0.020..680.741 rows=2609129 loops=1)
  ->  Hash  (cost=73925.90..73925.90 rows=19930 width=4) (actual time=1007.937..1007.937 rows=30 loops=1)
        Buckets: 32768  Batches: 1  Memory Usage: 258kB
        ->  Seq Scan on title t  (cost=0.00..73925.90 rows=19930 width=4) (actual time=415.406..1007.857 rows=30 loops=1)
              Filter: ((production_year < 1975) AND (kind_id = 4))
              Rows Removed by Filter: 2528282
Planning time: 0.762 ms
Execution time: 2177.510 ms
