Hash Join  (cost=365418.15..1825028.16 rows=38241836 width=0) (actual time=8378.260..61712.224 rows=127963997 loops=1)
  Hash Cond: (ci.movie_id = t.id)
  ->  Seq Scan on cast_info ci  (cost=0.00..705507.15 rows=21374229 width=4) (actual time=0.019..14621.336 rows=21231215 loops=1)
        Filter: (person_id < 2146027)
        Rows Removed by Filter: 15013129
  ->  Hash  (cost=291197.02..291197.02 rows=4523930 width=8) (actual time=8377.224..8377.224 rows=4523930 loops=1)
        Buckets: 131072  Batches: 64  Memory Usage: 3816kB
        ->  Hash Join  (cost=102767.86..291197.02 rows=4523930 width=8) (actual time=1885.905..7072.509 rows=4523930 loops=1)
              Hash Cond: (mk.movie_id = t.id)
              ->  Seq Scan on movie_keyword mk  (cost=0.00..69693.30 rows=4523930 width=4) (actual time=0.031..1467.713 rows=4523930 loops=1)
              ->  Hash  (cost=61283.27..61283.27 rows=2528527 width=4) (actual time=1884.650..1884.650 rows=2528312 loops=1)
                    Buckets: 131072  Batches: 64  Memory Usage: 2425kB
                    ->  Seq Scan on title t  (cost=0.00..61283.27 rows=2528527 width=4) (actual time=0.014..1036.799 rows=2528312 loops=1)
Planning time: 1.143 ms
Execution time: 74729.910 ms
