Hash Join  (cost=73990.99..100929.89 rows=2842 width=0) (actual time=1150.717..1821.891 rows=6903 loops=1)
  Hash Cond: (mi_idx.movie_id = t.id)
  ->  Seq Scan on movie_info_idx mi_idx  (cost=0.00..21735.35 rows=1380035 width=4) (actual time=0.019..360.130 rows=1380035 loops=1)
  ->  Hash  (cost=73925.90..73925.90 rows=5207 width=4) (actual time=1150.534..1150.534 rows=12724 loops=1)
        Buckets: 16384 (originally 8192)  Batches: 1 (originally 1)  Memory Usage: 576kB
        ->  Seq Scan on title t  (cost=0.00..73925.90 rows=5207 width=4) (actual time=0.021..1144.397 rows=12724 loops=1)
              Filter: ((kind_id > 2) AND (production_year = 1985))
              Rows Removed by Filter: 2515588
Planning time: 0.947 ms
Execution time: 1823.164 ms
