Hash Join  (cost=211261.24..355178.96 rows=1798768 width=0) (actual time=5005.726..14628.342 rows=26443187 loops=1)
  Hash Cond: (mk.movie_id = t.id)
  ->  Seq Scan on movie_keyword mk  (cost=0.00..69693.30 rows=4523930 width=4) (actual time=0.014..1446.959 rows=4523930 loops=1)
  ->  Hash  (cost=194766.09..194766.09 rows=1005372 width=8) (actual time=5004.782..5004.782 rows=1274246 loops=1)
        Buckets: 131072 (originally 131072)  Batches: 32 (originally 16)  Memory Usage: 3073kB
        ->  Hash Join  (cost=102767.86..194766.09 rows=1005372 width=8) (actual time=1933.283..4646.710 rows=1274246 loops=1)
              Hash Cond: (mc.movie_id = t.id)
              ->  Seq Scan on movie_companies mc  (cost=0.00..57926.93 rows=1005372 width=4) (actual time=0.013..1199.433 rows=1274246 loops=1)
                    Filter: ((company_id < 71547) AND (company_type_id < 2))
                    Rows Removed by Filter: 1334883
              ->  Hash  (cost=61283.27..61283.27 rows=2528527 width=4) (actual time=1932.201..1932.201 rows=2528312 loops=1)
                    Buckets: 131072  Batches: 64  Memory Usage: 2415kB
                    ->  Seq Scan on title t  (cost=0.00..61283.27 rows=2528527 width=4) (actual time=0.017..1107.257 rows=2528312 loops=1)
Planning time: 0.754 ms
Execution time: 17658.781 ms
