Seq Scan on cast_info ci  (cost=0.00..705507.15 rows=11538652 width=0) (actual time=0.023..12163.574 rows=11452306 loops=1)
  Filter: (person_id < 1125341)
  Rows Removed by Filter: 24792038
Planning time: 0.433 ms
Execution time: 13572.300 ms
