Seq Scan on movie_companies mc  (cost=0.00..57926.93 rows=411354 width=0) (actual time=623.326..903.118 rows=94005 loops=1)
  Filter: ((company_id > 25406) AND (company_type_id = 1))
  Rows Removed by Filter: 2515124
Planning time: 0.419 ms
Execution time: 915.928 ms
