Hash Join  (cost=28270.40..85780.02 rows=237 width=0) (actual time=458.366..1719.703 rows=4409 loops=1)
  Hash Cond: (mc.movie_id = t.id)
  ->  Seq Scan on movie_companies mc  (cost=0.00..51404.11 rows=1627504 width=4) (actual time=0.016..1019.758 rows=1626747 loops=1)
        Filter: (company_id > 4436)
        Rows Removed by Filter: 982382
  ->  Hash  (cost=28265.80..28265.80 rows=368 width=8) (actual time=456.663..456.663 rows=260 loops=1)
        Buckets: 1024  Batches: 1  Memory Usage: 19kB
        ->  Nested Loop  (cost=0.43..28265.80 rows=368 width=8) (actual time=65.100..456.525 rows=260 loops=1)
              ->  Seq Scan on movie_info_idx mi_idx  (cost=0.00..25185.44 rows=368 width=4) (actual time=65.007..433.823 rows=260 loops=1)
                    Filter: (info_type_id > 101)
                    Rows Removed by Filter: 1379775
              ->  Index Only Scan using title_pkey on title t  (cost=0.43..8.36 rows=1 width=4) (actual time=0.086..0.087 rows=1 loops=260)
                    Index Cond: (id = mi_idx.movie_id)
                    Heap Fetches: 260
Planning time: 0.778 ms
Execution time: 1720.496 ms
