Hash Join  (cost=343376.88..1047565.13 rows=17243149 width=0) (actual time=8071.626..62602.995 rows=193278916 loops=1)
  Hash Cond: (mi.movie_id = t.id)
  ->  Seq Scan on movie_info mi  (cost=0.00..346232.03 rows=11115165 width=4) (actual time=0.009..7279.862 rows=11210743 loops=1)
        Filter: (info_type_id > 3)
        Rows Removed by Filter: 3624977
  ->  Hash  (cost=279022.03..279022.03 rows=3922548 width=8) (actual time=8069.286..8069.286 rows=3719847 loops=1)
        Buckets: 131072  Batches: 64  Memory Usage: 3339kB
        ->  Hash Join  (cost=103574.60..279022.03 rows=3922548 width=8) (actual time=2139.783..7007.417 rows=3719847 loops=1)
              Hash Cond: (mk.movie_id = t.id)
              ->  Seq Scan on movie_keyword mk  (cost=0.00..69693.30 rows=4523930 width=4) (actual time=0.015..1467.671 rows=4523930 loops=1)
              ->  Hash  (cost=67604.59..67604.59 rows=2192401 width=4) (actual time=2138.752..2138.752 rows=2182316 loops=1)
                    Buckets: 131072  Batches: 32  Memory Usage: 3434kB
                    ->  Seq Scan on title t  (cost=0.00..67604.59 rows=2192401 width=4) (actual time=0.027..1426.431 rows=2182316 loops=1)
                          Filter: (production_year > 1962)
                          Rows Removed by Filter: 345996
Planning time: 1.118 ms
Execution time: 83185.133 ms
