Nested Loop  (cost=0.43..798851.07 rows=332 width=0) (actual time=7180.259..13580.047 rows=7 loops=1)
  ->  Seq Scan on cast_info ci  (cost=0.00..796071.18 rows=332 width=4) (actual time=7180.145..13579.856 rows=7 loops=1)
        Filter: ((role_id < 4) AND (person_id = 1296447))
        Rows Removed by Filter: 36244337
  ->  Index Only Scan using title_pkey on title t  (cost=0.43..8.36 rows=1 width=4) (actual time=0.022..0.022 rows=1 loops=7)
        Index Cond: (id = ci.movie_id)
        Heap Fetches: 7
Planning time: 0.872 ms
Execution time: 13580.127 ms
