Hash Join  (cost=73982.55..795769.05 rows=7744 width=0) (actual time=10852.505..15218.980 rows=4862 loops=1)
  Hash Cond: (ci.movie_id = t.id)
  ->  Seq Scan on cast_info ci  (cost=0.00..705507.15 rows=4320508 width=4) (actual time=9648.514..13226.216 rows=4323018 loops=1)
        Filter: (role_id = 10)
        Rows Removed by Filter: 31921326
  ->  Hash  (cost=73925.90..73925.90 rows=4532 width=4) (actual time=1200.369..1200.369 rows=8420 loops=1)
        Buckets: 16384 (originally 8192)  Batches: 1 (originally 1)  Memory Usage: 425kB
        ->  Seq Scan on title t  (cost=0.00..73925.90 rows=4532 width=4) (actual time=0.201..1195.745 rows=8420 loops=1)
              Filter: ((kind_id = 7) AND (production_year = 1966))
              Rows Removed by Filter: 2519892
Planning time: 0.799 ms
Execution time: 15220.013 ms
