Hash Join  (cost=68078.69..824301.71 rows=543386 width=0) (actual time=1038.147..19904.909 rows=58373 loops=1)
  Hash Cond: (ci.movie_id = t.id)
  ->  Seq Scan on cast_info ci  (cost=0.00..614943.12 rows=36225612 width=4) (actual time=0.020..8781.782 rows=36244344 loops=1)
  ->  Hash  (cost=67604.59..67604.59 rows=37928 width=4) (actual time=1035.095..1035.095 rows=35050 loops=1)
        Buckets: 65536  Batches: 1  Memory Usage: 1745kB
        ->  Seq Scan on title t  (cost=0.00..67604.59 rows=37928 width=4) (actual time=0.030..1021.753 rows=35050 loops=1)
              Filter: (production_year < 1912)
              Rows Removed by Filter: 2493262
Planning time: 0.735 ms
Execution time: 19930.634 ms
