Hash Join  (cost=174695.34..553326.15 rows=484297 width=0) (actual time=6009.484..14814.235 rows=15643229 loops=1)
  Hash Cond: (mi.movie_id = t.id)
  ->  Seq Scan on movie_info mi  (cost=0.00..346232.03 rows=2194617 width=4) (actual time=1809.090..5600.376 rows=2233850 loops=1)
        Filter: (info_type_id > 16)
        Rows Removed by Filter: 12601870
  ->  Hash  (cost=165540.56..165540.56 rows=557982 width=8) (actual time=4041.930..4041.930 rows=790521 loops=1)
        Buckets: 131072 (originally 131072)  Batches: 16 (originally 8)  Memory Usage: 3073kB
        ->  Hash Join  (cost=82798.22..165540.56 rows=557982 width=8) (actual time=1591.061..3773.479 rows=790521 loops=1)
              Hash Cond: (mc.movie_id = t.id)
              ->  Seq Scan on movie_companies mc  (cost=0.00..44881.29 rows=2609129 width=4) (actual time=0.022..889.062 rows=2609129 loops=1)
              ->  Hash  (cost=73925.90..73925.90 rows=540745 width=4) (actual time=1351.125..1351.125 rows=416412 loops=1)
                    Buckets: 131072  Batches: 8  Memory Usage: 2862kB
                    ->  Seq Scan on title t  (cost=0.00..73925.90 rows=540745 width=4) (actual time=0.020..908.750 rows=416412 loops=1)
                          Filter: ((production_year > 1972) AND (kind_id = 1))
                          Rows Removed by Filter: 2111900
Planning time: 1.225 ms
Execution time: 16318.738 ms
