Seq Scan on movie_companies mc  (cost=0.00..57926.93 rows=614975 width=0) (actual time=380.965..984.435 rows=839573 loops=1)
  Filter: ((company_id < 11149) AND (company_type_id = 1))
  Rows Removed by Filter: 1769556
Planning time: 0.409 ms
Execution time: 1092.710 ms
