Hash Join  (cost=80738.05..586369.24 rows=2420326 width=0) (actual time=1222.685..15482.900 rows=3978099 loops=1)
  Hash Cond: (mi.movie_id = t.id)
  ->  Seq Scan on movie_info mi  (cost=0.00..309384.22 rows=14739122 width=4) (actual time=0.017..6048.324 rows=14835720 loops=1)
  ->  Hash  (cost=73925.90..73925.90 rows=415212 width=4) (actual time=1221.713..1221.713 rows=303236 loops=1)
        Buckets: 131072  Batches: 8  Memory Usage: 2367kB
        ->  Seq Scan on title t  (cost=0.00..73925.90 rows=415212 width=4) (actual time=0.413..1124.419 rows=303236 loops=1)
              Filter: ((kind_id < 2) AND (production_year > 1996))
              Rows Removed by Filter: 2225076
Planning time: 0.787 ms
Execution time: 15894.053 ms
