Hash Join  (cost=83074.74..139278.29 rows=124 width=0) (actual time=1311.854..2458.202 rows=1387 loops=1)
  Hash Cond: (mc.movie_id = t.id)
  ->  Seq Scan on movie_companies mc  (cost=0.00..51404.11 rows=1279517 width=4) (actual time=0.020..959.439 rows=1274246 loops=1)
        Filter: (company_type_id = 1)
        Rows Removed by Filter: 1334883
  ->  Hash  (cost=83071.67..83071.67 rows=246 width=8) (actual time=1311.221..1311.221 rows=435 loops=1)
        Buckets: 1024  Batches: 1  Memory Usage: 25kB
        ->  Nested Loop  (cost=0.43..83071.67 rows=246 width=8) (actual time=0.974..1310.833 rows=435 loops=1)
              ->  Seq Scan on movie_keyword mk  (cost=0.00..81003.12 rows=246 width=4) (actual time=0.874..1285.365 rows=435 loops=1)
                    Filter: (keyword_id = 6379)
                    Rows Removed by Filter: 4523495
              ->  Index Only Scan using title_pkey on title t  (cost=0.43..8.40 rows=1 width=4) (actual time=0.056..0.056 rows=1 loops=435)
                    Index Cond: (id = mk.movie_id)
                    Heap Fetches: 435
Planning time: 2.729 ms
Execution time: 2458.550 ms
