Hash Join  (cost=70308.29..916295.27 rows=262875 width=0) (actual time=6023.976..19230.257 rows=466312 loops=1)
  Hash Cond: (ci.movie_id = t.id)
  ->  Seq Scan on cast_info ci  (cost=0.00..796071.18 rows=4033882 width=4) (actual time=4758.314..14276.793 rows=8211252 loops=1)
        Filter: ((person_id < 1119376) AND (role_id = 1))
        Rows Removed by Filter: 28033092
  ->  Hash  (cost=67604.59..67604.59 rows=164776 width=4) (actual time=1264.684..1264.684 rows=164307 loops=1)
        Buckets: 131072  Batches: 4  Memory Usage: 2482kB
        ->  Seq Scan on title t  (cost=0.00..67604.59 rows=164776 width=4) (actual time=0.031..1206.644 rows=164307 loops=1)
              Filter: (production_year = 2012)
              Rows Removed by Filter: 2364005
Planning time: 0.807 ms
Execution time: 19291.943 ms
