Hash Join  (cost=80738.05..1175649.67 rows=5948645 width=0) (actual time=1402.081..32822.605 rows=5503424 loops=1)
  Hash Cond: (ci.movie_id = t.id)
  ->  Seq Scan on cast_info ci  (cost=0.00..614943.12 rows=36225612 width=4) (actual time=0.025..13114.673 rows=36244344 loops=1)
  ->  Hash  (cost=73925.90..73925.90 rows=415212 width=4) (actual time=1401.221..1401.221 rows=303236 loops=1)
        Buckets: 131072  Batches: 8  Memory Usage: 2359kB
        ->  Seq Scan on title t  (cost=0.00..73925.90 rows=415212 width=4) (actual time=0.017..1305.090 rows=303236 loops=1)
              Filter: ((production_year > 1996) AND (kind_id = 1))
              Rows Removed by Filter: 2225076
Planning time: 0.789 ms
Execution time: 33510.542 ms
