Seq Scan on title t  (cost=0.00..73925.90 rows=1403772 width=0) (actual time=0.009..1396.939 rows=1477664 loops=1)
  Filter: ((production_year > 1948) AND (kind_id = 7))
  Rows Removed by Filter: 1050648
Planning time: 0.394 ms
Execution time: 1590.659 ms
