Hash Join  (cost=151216.33..1049485.59 rows=1967473 width=0) (actual time=7514.951..23012.473 rows=4282370 loops=1)
  Hash Cond: (ci.movie_id = t.id)
  ->  Seq Scan on cast_info ci  (cost=0.00..796071.18 rows=6893161 width=4) (actual time=4065.352..14159.572 rows=8959401 loops=1)
        Filter: ((person_id < 1222051) AND (role_id < 3))
        Rows Removed by Filter: 27284943
  ->  Hash  (cost=139375.05..139375.05 rows=721702 width=8) (actual time=3448.415..3448.415 rows=626561 loops=1)
        Buckets: 131072  Batches: 16  Memory Usage: 2548kB
        ->  Hash Join  (cost=89299.55..139375.05 rows=721702 width=8) (actual time=1790.588..3283.298 rows=626561 loops=1)
              Hash Cond: (mi_idx.movie_id = t.id)
              ->  Seq Scan on movie_info_idx mi_idx  (cost=0.00..21735.35 rows=1380035 width=4) (actual time=0.048..528.599 rows=1380035 loops=1)
              ->  Hash  (cost=67604.59..67604.59 rows=1322317 width=4) (actual time=1788.592..1788.592 rows=1322863 loops=1)
                    Buckets: 131072  Batches: 32  Memory Usage: 2481kB
                    ->  Seq Scan on title t  (cost=0.00..67604.59 rows=1322317 width=4) (actual time=0.025..1357.305 rows=1322863 loops=1)
                          Filter: (production_year > 2001)
                          Rows Removed by Filter: 1205449
Planning time: 1.172 ms
Execution time: 23503.675 ms
