Hash Join  (cost=73953.78..100871.96 rows=407 width=0) (actual time=1126.910..1665.753 rows=2556 loops=1)
  Hash Cond: (mi_idx.movie_id = t.id)
  ->  Seq Scan on movie_info_idx mi_idx  (cost=0.00..25185.44 rows=460978 width=4) (actual time=0.027..457.343 rows=459925 loops=1)
        Filter: (info_type_id < 100)
        Rows Removed by Filter: 920110
  ->  Hash  (cost=73925.90..73925.90 rows=2230 width=4) (actual time=1123.383..1123.383 rows=5532 loops=1)
        Buckets: 8192 (originally 4096)  Batches: 1 (originally 1)  Memory Usage: 259kB
        ->  Seq Scan on title t  (cost=0.00..73925.90 rows=2230 width=4) (actual time=0.033..1120.466 rows=5532 loops=1)
              Filter: ((kind_id < 3) AND (production_year = 1986))
              Rows Removed by Filter: 2522780
Planning time: 0.748 ms
Execution time: 1666.469 ms
