Hash Join  (cost=314460.00..1507164.88 rows=17569658 width=0) (actual time=11249.636..38836.030 rows=36513138 loops=1)
  Hash Cond: (ci.movie_id = t.id)
  ->  Seq Scan on cast_info ci  (cost=0.00..796071.18 rows=14881779 width=4) (actual time=4200.578..15450.128 rows=13167528 loops=1)
        Filter: ((person_id > 1690195) AND (role_id < 7))
        Rows Removed by Filter: 23076816
  ->  Hash  (cost=265482.78..265482.78 rows=2985218 width=8) (actual time=7047.244..7047.244 rows=2973501 loops=1)
        Buckets: 131072  Batches: 64  Memory Usage: 2867kB
        ->  Hash Join  (cost=102767.86..265482.78 rows=2985218 width=8) (actual time=1887.681..6179.262 rows=2973501 loops=1)
              Hash Cond: (mk.movie_id = t.id)
              ->  Seq Scan on movie_keyword mk  (cost=0.00..81003.12 rows=2985218 width=4) (actual time=0.031..1663.033 rows=2973501 loops=1)
                    Filter: (keyword_id > 2276)
                    Rows Removed by Filter: 1550429
              ->  Hash  (cost=61283.27..61283.27 rows=2528527 width=4) (actual time=1886.689..1886.689 rows=2528312 loops=1)
                    Buckets: 131072  Batches: 64  Memory Usage: 2425kB
                    ->  Seq Scan on title t  (cost=0.00..61283.27 rows=2528527 width=4) (actual time=0.016..1017.775 rows=2528312 loops=1)
Planning time: 10.697 ms
Execution time: 43000.299 ms
