Hash Join  (cost=97491.79..192974.11 rows=1482179 width=0) (actual time=1875.104..4387.376 rows=797594 loops=1)
  Hash Cond: (mc.movie_id = t.id)
  ->  Seq Scan on movie_companies mc  (cost=0.00..44881.29 rows=2609129 width=4) (actual time=0.025..905.870 rows=2609129 loops=1)
  ->  Hash  (cost=73925.90..73925.90 rows=1436391 width=4) (actual time=1873.687..1873.687 rows=1536151 loops=1)
        Buckets: 131072  Batches: 32  Memory Usage: 2717kB
        ->  Seq Scan on title t  (cost=0.00..73925.90 rows=1436391 width=4) (actual time=0.018..1378.547 rows=1536151 loops=1)
              Filter: ((kind_id > 3) AND (production_year > 1963))
              Rows Removed by Filter: 992161
Planning time: 1.322 ms
Execution time: 4467.387 ms
