Hash Join  (cost=122937.35..1182919.11 rows=2548357 width=0) (actual time=2430.144..33458.072 rows=3219759 loops=1)
  Hash Cond: (ci.movie_id = t.id)
  ->  Seq Scan on cast_info ci  (cost=0.00..614943.12 rows=36225612 width=4) (actual time=0.007..13580.954 rows=36244344 loops=1)
  ->  Hash  (cost=120018.93..120018.93 rows=177874 width=8) (actual time=2429.286..2429.286 rows=76248 loops=1)
        Buckets: 131072  Batches: 4  Memory Usage: 1764kB
        ->  Hash Join  (cost=79273.71..120018.93 rows=177874 width=8) (actual time=1315.777..2403.675 rows=76248 loops=1)
              Hash Cond: (mi_idx.movie_id = t.id)
              ->  Seq Scan on movie_info_idx mi_idx  (cost=0.00..21735.35 rows=1380035 width=4) (actual time=0.015..417.621 rows=1380035 loops=1)
              ->  Hash  (cost=73925.90..73925.90 rows=325904 width=4) (actual time=1313.314..1313.314 rows=349534 loops=1)
                    Buckets: 131072  Batches: 8  Memory Usage: 2566kB
                    ->  Seq Scan on title t  (cost=0.00..73925.90 rows=325904 width=4) (actual time=0.009..1201.120 rows=349534 loops=1)
                          Filter: ((production_year > 2009) AND (kind_id = 7))
                          Rows Removed by Filter: 2178778
Planning time: 1.251 ms
Execution time: 33837.987 ms
