Hash Join  (cost=75482.18..151881.15 rows=97845 width=0) (actual time=1233.480..3431.723 rows=416465 loops=1)
  Hash Cond: (mc.movie_id = t.id)
  ->  Seq Scan on movie_companies mc  (cost=0.00..44881.29 rows=2609129 width=4) (actual time=0.016..949.840 rows=2609129 loops=1)
  ->  Hash  (cost=73925.90..73925.90 rows=94822 width=4) (actual time=1232.787..1232.787 rows=194973 loops=1)
        Buckets: 131072 (originally 131072)  Batches: 4 (originally 2)  Memory Usage: 3073kB
        ->  Seq Scan on title t  (cost=0.00..73925.90 rows=94822 width=4) (actual time=0.243..1156.229 rows=194973 loops=1)
              Filter: ((kind_id < 7) AND (production_year < 1960))
              Rows Removed by Filter: 2333339
Planning time: 0.735 ms
Execution time: 3483.343 ms
