Seq Scan on movie_keyword mk  (cost=0.00..81003.12 rows=1152750 width=0) (actual time=0.026..1399.118 rows=1157704 loops=1)
  Filter: (keyword_id < 1371)
  Rows Removed by Filter: 3366226
Planning time: 0.326 ms
Execution time: 1550.541 ms
