Seq Scan on cast_info ci  (cost=0.00..705507.15 rows=5366904 width=0) (actual time=663.501..11072.998 rows=5278207 loops=1)
  Filter: (person_id < 510458)
  Rows Removed by Filter: 30966137
Planning time: 0.333 ms
Execution time: 11740.667 ms
