Seq Scan on cast_info ci  (cost=0.00..796071.18 rows=704842 width=0) (actual time=10357.842..15889.798 rows=760972 loops=1)
  Filter: ((person_id > 95397) AND (role_id = 6))
  Rows Removed by Filter: 35483372
Planning time: 0.439 ms
Execution time: 15987.082 ms
