Hash Join  (cost=83074.74..139278.29 rows=124 width=0) (actual time=1288.672..2504.063 rows=541 loops=1)
  Hash Cond: (mc.movie_id = t.id)
  ->  Seq Scan on movie_companies mc  (cost=0.00..51404.11 rows=1279517 width=4) (actual time=0.024..1040.987 rows=1274246 loops=1)
        Filter: (company_type_id < 2)
        Rows Removed by Filter: 1334883
  ->  Hash  (cost=83071.67..83071.67 rows=246 width=8) (actual time=1286.979..1286.979 rows=89 loops=1)
        Buckets: 1024  Batches: 1  Memory Usage: 12kB
        ->  Nested Loop  (cost=0.43..83071.67 rows=246 width=8) (actual time=27.853..1286.855 rows=89 loops=1)
              ->  Seq Scan on movie_keyword mk  (cost=0.00..81003.12 rows=246 width=4) (actual time=27.755..1282.853 rows=89 loops=1)
                    Filter: (keyword_id = 4393)
                    Rows Removed by Filter: 4523841
              ->  Index Only Scan using title_pkey on title t  (cost=0.43..8.40 rows=1 width=4) (actual time=0.038..0.039 rows=1 loops=89)
                    Index Cond: (id = mk.movie_id)
                    Heap Fetches: 89
Planning time: 1.174 ms
Execution time: 2504.270 ms
