Seq Scan on movie_keyword mk  (cost=0.00..81003.12 rows=3412574 width=0) (actual time=0.017..1517.888 rows=3404554 loops=1)
  Filter: (keyword_id > 1183)
  Rows Removed by Filter: 1119376
Planning time: 0.230 ms
Execution time: 1947.467 ms
