Hash Join  (cost=58358.90..809155.38 rows=731 width=0) (actual time=894.781..16920.862 rows=124131 loops=1)
  Hash Cond: (ci.movie_id = t.id)
  ->  Seq Scan on cast_info ci  (cost=0.00..614943.12 rows=36225612 width=4) (actual time=0.016..8817.218 rows=36244344 loops=1)
  ->  Hash  (cost=58358.27..58358.27 rows=51 width=8) (actual time=894.464..894.464 rows=1157 loops=1)
        Buckets: 2048 (originally 1024)  Batches: 1 (originally 1)  Memory Usage: 62kB
        ->  Nested Loop  (cost=0.43..58358.27 rows=51 width=8) (actual time=44.262..893.734 rows=1157 loops=1)
              ->  Seq Scan on movie_companies mc  (cost=0.00..57926.93 rows=51 width=4) (actual time=44.173..859.099 rows=1157 loops=1)
                    Filter: ((company_type_id < 2) AND (company_id = 461))
                    Rows Removed by Filter: 2607972
              ->  Index Only Scan using title_pkey on title t  (cost=0.43..8.45 rows=1 width=4) (actual time=0.029..0.029 rows=1 loops=1157)
                    Index Cond: (id = mc.movie_id)
                    Heap Fetches: 1157
Planning time: 1.173 ms
Execution time: 16942.243 ms
