Nested Loop  (cost=0.43..125035.30 rows=1632 width=0) (actual time=0.114..1412.690 rows=5937 loops=1)
  ->  Seq Scan on movie_keyword mk  (cost=0.00..81003.12 rows=6183 width=4) (actual time=0.043..1257.446 rows=6763 loops=1)
        Filter: (keyword_id = 4333)
        Rows Removed by Filter: 4517167
  ->  Index Scan using title_pkey on title t  (cost=0.43..7.11 rows=1 width=4) (actual time=0.022..0.022 rows=1 loops=6763)
        Index Cond: (id = mk.movie_id)
        Filter: (kind_id = 1)
        Rows Removed by Filter: 0
Planning time: 0.726 ms
Execution time: 1414.476 ms
