Seq Scan on cast_info ci  (cost=0.00..705507.15 rows=17440613 width=0) (actual time=0.023..12462.644 rows=17563661 loops=1)
  Filter: (person_id > 1860628)
  Rows Removed by Filter: 18680683
Planning time: 0.363 ms
Execution time: 14681.484 ms
