Seq Scan on title t  (cost=0.00..73925.90 rows=84372 width=0) (actual time=0.014..1247.849 rows=90655 loops=1)
  Filter: ((production_year > 1925) AND (kind_id = 2))
  Rows Removed by Filter: 2437657
Planning time: 0.402 ms
Execution time: 1261.129 ms
