Nested Loop  (cost=0.43..83072.29 rows=65 width=0) (actual time=0.107..1315.002 rows=1078 loops=1)
  ->  Seq Scan on movie_keyword mk  (cost=0.00..81003.12 rows=246 width=4) (actual time=0.067..1277.743 rows=1429 loops=1)
        Filter: (keyword_id = 50)
        Rows Removed by Filter: 4522501
  ->  Index Scan using title_pkey on title t  (cost=0.43..8.40 rows=1 width=4) (actual time=0.025..0.025 rows=1 loops=1429)
        Index Cond: (id = mk.movie_id)
        Filter: (kind_id = 1)
        Rows Removed by Filter: 0
Planning time: 0.772 ms
Execution time: 1315.513 ms
