Nested Loop  (cost=0.43..83071.67 rows=246 width=0) (actual time=1.868..1398.444 rows=2742 loops=1)
  ->  Seq Scan on movie_keyword mk  (cost=0.00..81003.12 rows=246 width=4) (actual time=1.777..1277.759 rows=2742 loops=1)
        Filter: (keyword_id = 3037)
        Rows Removed by Filter: 4521188
  ->  Index Only Scan using title_pkey on title t  (cost=0.43..8.40 rows=1 width=4) (actual time=0.043..0.043 rows=1 loops=2742)
        Index Cond: (id = mk.movie_id)
        Heap Fetches: 2742
Planning time: 0.765 ms
Execution time: 1399.351 ms
