Hash Join  (cost=102767.86..1531262.48 rows=25871966 width=0) (actual time=1826.645..44374.422 rows=25445767 loops=1)
  Hash Cond: (ci.movie_id = t.id)
  ->  Seq Scan on cast_info ci  (cost=0.00..796071.18 rows=25871966 width=4) (actual time=0.108..18381.240 rows=25445767 loops=1)
        Filter: ((person_id > 621612) AND (role_id < 10))
        Rows Removed by Filter: 10798577
  ->  Hash  (cost=61283.27..61283.27 rows=2528527 width=4) (actual time=1825.698..1825.698 rows=2528312 loops=1)
        Buckets: 131072  Batches: 64  Memory Usage: 2415kB
        ->  Seq Scan on title t  (cost=0.00..61283.27 rows=2528527 width=4) (actual time=0.010..984.894 rows=2528312 loops=1)
Planning time: 1.026 ms
Execution time: 47232.424 ms
