Seq Scan on movie_companies mc  (cost=0.00..51404.11 rows=104 width=0) (actual time=191.929..837.299 rows=21 loops=1)
  Filter: (company_id = 122480)
  Rows Removed by Filter: 2609108
Planning time: 0.400 ms
Execution time: 837.394 ms
