Seq Scan on movie_keyword mk  (cost=0.00..81003.12 rows=3822880 width=0) (actual time=0.025..1461.638 rows=3817867 loops=1)
  Filter: (keyword_id < 26724)
  Rows Removed by Filter: 706063
Planning time: 0.512 ms
Execution time: 1914.586 ms
