Seq Scan on movie_keyword mk  (cost=0.00..81003.12 rows=3946986 width=0) (actual time=0.013..1558.989 rows=3942450 loops=1)
  Filter: (keyword_id > 411)
  Rows Removed by Filter: 581480
Planning time: 0.281 ms
Execution time: 2038.166 ms
