Nested Loop  (cost=44377.22..116923.86 rows=1203 width=0) (actual time=977.014..2060.535 rows=2381 loops=1)
  Join Filter: (mc.movie_id = t.id)
  ->  Hash Join  (cost=44376.79..102934.92 rows=23594 width=8) (actual time=950.269..1934.564 rows=10814 loops=1)
        Hash Cond: (mc.movie_id = mi_idx.movie_id)
        ->  Seq Scan on movie_companies mc  (cost=0.00..51404.11 rows=8349 width=4) (actual time=0.038..768.152 rows=9025 loops=1)
              Filter: (company_id = 225)
              Rows Removed by Filter: 2600104
        ->  Hash  (cost=21735.35..21735.35 rows=1380035 width=4) (actual time=919.873..919.873 rows=1380035 loops=1)
              Buckets: 131072  Batches: 32  Memory Usage: 2540kB
              ->  Seq Scan on movie_info_idx mi_idx  (cost=0.00..21735.35 rows=1380035 width=4) (actual time=0.015..492.467 rows=1380035 loops=1)
  ->  Index Scan using title_pkey on title t  (cost=0.43..0.58 rows=1 width=4) (actual time=0.011..0.011 rows=0 loops=10814)
        Index Cond: (id = mi_idx.movie_id)
        Filter: (kind_id = 1)
        Rows Removed by Filter: 1
Planning time: 1.190 ms
Execution time: 2061.167 ms
