Hash Join  (cost=78628.27..157755.04 rows=295725 width=0) (actual time=1480.865..3130.011 rows=186633 loops=1)
  Hash Cond: (mc.movie_id = t.id)
  ->  Seq Scan on movie_companies mc  (cost=0.00..44881.29 rows=2609129 width=4) (actual time=0.023..888.926 rows=2609129 loops=1)
  ->  Hash  (cost=73925.90..73925.90 rows=286589 width=4) (actual time=1105.740..1105.740 rows=177340 loops=1)
        Buckets: 131072  Batches: 4  Memory Usage: 2581kB
        ->  Seq Scan on title t  (cost=0.00..73925.90 rows=286589 width=4) (actual time=0.021..1047.516 rows=177340 loops=1)
              Filter: ((production_year < 1977) AND (kind_id = 7))
              Rows Removed by Filter: 2350972
Planning time: 0.779 ms
Execution time: 3153.062 ms
