Seq Scan on cast_info ci  (cost=0.00..796071.18 rows=4125241 width=0) (actual time=3502.318..12263.256 rows=2537514 loops=1)
  Filter: ((person_id < 894206) AND (role_id > 2))
  Rows Removed by Filter: 33706830
Planning time: 0.406 ms
Execution time: 12600.571 ms
