Seq Scan on movie_keyword mk  (cost=0.00..81003.12 rows=3321595 width=0) (actual time=0.020..1523.537 rows=3312747 loops=1)
  Filter: (keyword_id < 15106)
  Rows Removed by Filter: 1211183
Planning time: 0.403 ms
Execution time: 1936.849 ms
