Hash Join  (cost=180132.75..1294066.56 rows=7800365 width=0) (actual time=3987.330..36859.493 rows=17557155 loops=1)
  Hash Cond: (ci.movie_id = t.id)
  ->  Seq Scan on cast_info ci  (cost=0.00..614943.12 rows=36225612 width=4) (actual time=0.019..12800.672 rows=36244344 loops=1)
  ->  Hash  (cost=171199.98..171199.98 rows=544461 width=8) (actual time=3986.381..3986.381 rows=358298 loops=1)
        Buckets: 131072  Batches: 8  Memory Usage: 2757kB
        ->  Hash Join  (cost=91123.00..171199.98 rows=544461 width=8) (actual time=2008.604..3874.249 rows=358298 loops=1)
              Hash Cond: (mc.movie_id = t.id)
              ->  Seq Scan on movie_companies mc  (cost=0.00..57926.93 rows=960384 width=4) (actual time=0.015..1095.443 rows=813876 loops=1)
                    Filter: ((company_id > 846) AND (company_type_id = 1))
                    Rows Removed by Filter: 1795253
              ->  Hash  (cost=67604.59..67604.59 rows=1433473 width=4) (actual time=2007.115..2007.115 rows=1434466 loops=1)
                    Buckets: 131072  Batches: 32  Memory Usage: 2600kB
                    ->  Seq Scan on title t  (cost=0.00..67604.59 rows=1433473 width=4) (actual time=0.022..1257.440 rows=1434466 loops=1)
                          Filter: (production_year > 1999)
                          Rows Removed by Filter: 1093846
Planning time: 1.236 ms
Execution time: 38715.423 ms
