Hash Join  (cost=248635.00..1174979.09 rows=6838222 width=0) (actual time=5361.162..32036.093 rows=23515915 loops=1)
  Hash Cond: (ci.movie_id = t.id)
  ->  Seq Scan on cast_info ci  (cost=0.00..705507.15 rows=12726058 width=4) (actual time=0.015..13462.012 rows=12670688 loops=1)
        Filter: (role_id < 2)
        Rows Removed by Filter: 23573656
  ->  Hash  (cost=226343.52..226343.52 rows=1358679 width=8) (actual time=5359.789..5359.789 rows=1371987 loops=1)
        Buckets: 131072  Batches: 32  Memory Usage: 2690kB
        ->  Hash Join  (cost=102767.86..226343.52 rows=1358679 width=8) (actual time=1938.357..4959.496 rows=1371987 loops=1)
              Hash Cond: (mk.movie_id = t.id)
              ->  Seq Scan on movie_keyword mk  (cost=0.00..81003.12 rows=1358679 width=4) (actual time=0.021..1536.845 rows=1371987 loops=1)
                    Filter: (keyword_id > 12172)
                    Rows Removed by Filter: 3151943
              ->  Hash  (cost=61283.27..61283.27 rows=2528527 width=4) (actual time=1936.573..1936.573 rows=2528312 loops=1)
                    Buckets: 131072  Batches: 64  Memory Usage: 2425kB
                    ->  Seq Scan on title t  (cost=0.00..61283.27 rows=2528527 width=4) (actual time=0.010..1078.022 rows=2528312 loops=1)
Planning time: 2.298 ms
Execution time: 34667.683 ms
