Seq Scan on title t  (cost=0.00..67604.59 rows=417207 width=0) (actual time=0.017..1001.617 rows=409495 loops=1)
  Filter: (production_year < 1973)
  Rows Removed by Filter: 2118817
Planning time: 0.351 ms
Execution time: 1058.910 ms
