Seq Scan on movie_info mi  (cost=0.00..346232.03 rows=11115165 width=75) (actual time=198.179..7577.911 rows=11210743 loops=1)
  Filter: (info_type_id > 3)
  Rows Removed by Filter: 3624977
Planning time: 0.476 ms
Execution time: 8213.629 ms
