Hash Join  (cost=193997.19..326977.19 rows=991405 width=0) (actual time=4115.835..8903.083 rows=5843355 loops=1)
  Hash Cond: (mk.movie_id = t.id)
  ->  Seq Scan on movie_keyword mk  (cost=0.00..81003.12 rows=3387685 width=4) (actual time=0.010..1733.284 rows=3377245 loops=1)
        Filter: (keyword_id < 16264)
        Rows Removed by Filter: 1146685
  ->  Hash  (cost=181856.53..181856.53 rows=739973 width=8) (actual time=4114.264..4114.264 rows=735082 loops=1)
        Buckets: 131072  Batches: 16  Memory Usage: 2839kB
        ->  Hash Join  (cost=102767.86..181856.53 rows=739973 width=8) (actual time=1851.984..3887.887 rows=735082 loops=1)
              Hash Cond: (mc.movie_id = t.id)
              ->  Seq Scan on movie_companies mc  (cost=0.00..51404.11 rows=739973 width=4) (actual time=0.032..1005.951 rows=735082 loops=1)
                    Filter: (company_id < 1435)
                    Rows Removed by Filter: 1874047
              ->  Hash  (cost=61283.27..61283.27 rows=2528527 width=4) (actual time=1851.013..1851.013 rows=2528312 loops=1)
                    Buckets: 131072  Batches: 64  Memory Usage: 2415kB
                    ->  Seq Scan on title t  (cost=0.00..61283.27 rows=2528527 width=4) (actual time=0.017..989.658 rows=2528312 loops=1)
Planning time: 1.120 ms
Execution time: 9523.862 ms
