Seq Scan on movie_keyword mk  (cost=0.00..81003.12 rows=246 width=0) (actual time=4.018..1250.091 rows=92 loops=1)
  Filter: (keyword_id = 5134)
  Rows Removed by Filter: 4523838
Planning time: 0.376 ms
Execution time: 1250.249 ms
