Nested Loop  (cost=0.43..83072.29 rows=74 width=0) (actual time=9.404..1376.669 rows=235 loops=1)
  ->  Seq Scan on movie_keyword mk  (cost=0.00..81003.12 rows=246 width=4) (actual time=9.341..1362.218 rows=271 loops=1)
        Filter: (keyword_id = 9513)
        Rows Removed by Filter: 4523659
  ->  Index Scan using title_pkey on title t  (cost=0.43..8.40 rows=1 width=4) (actual time=0.050..0.050 rows=1 loops=271)
        Index Cond: (id = mk.movie_id)
        Filter: (kind_id < 3)
        Rows Removed by Filter: 0
Planning time: 1.502 ms
Execution time: 1376.953 ms
