Seq Scan on movie_keyword mk  (cost=0.00..81003.12 rows=2042890 width=0) (actual time=0.030..1405.647 rows=2050717 loops=1)
  Filter: (keyword_id < 3659)
  Rows Removed by Filter: 2473213
Planning time: 0.361 ms
Execution time: 1662.347 ms
