Hash Join  (cost=1243722.03..2367371.00 rows=48253872 width=0) (actual time=22611.953..54473.019 rows=70991470 loops=1)
  Hash Cond: (mi.movie_id = t.id)
  ->  Seq Scan on movie_info mi  (cost=0.00..309384.22 rows=14739122 width=4) (actual time=0.014..6329.660 rows=14835720 loops=1)
  ->  Hash  (cost=1107909.38..1107909.38 rows=8278052 width=8) (actual time=22610.830..22610.830 rows=5008819 loops=1)
        Buckets: 131072  Batches: 128  Memory Usage: 2616kB
        ->  Hash Join  (cost=102767.86..1107909.38 rows=8278052 width=8) (actual time=1934.153..21133.505 rows=5008819 loops=1)
              Hash Cond: (ci.movie_id = t.id)
              ->  Seq Scan on cast_info ci  (cost=0.00..796071.18 rows=8278052 width=4) (actual time=0.033..14485.293 rows=5008819 loops=1)
                    Filter: ((person_id < 1830486) AND (role_id > 2))
                    Rows Removed by Filter: 31235525
              ->  Hash  (cost=61283.27..61283.27 rows=2528527 width=4) (actual time=1933.322..1933.322 rows=2528312 loops=1)
                    Buckets: 131072  Batches: 64  Memory Usage: 2415kB
                    ->  Seq Scan on title t  (cost=0.00..61283.27 rows=2528527 width=4) (actual time=0.015..1112.197 rows=2528312 loops=1)
Planning time: 5.967 ms
Execution time: 61959.690 ms
