Seq Scan on movie_keyword mk  (cost=0.00..81003.12 rows=2305633 width=0) (actual time=0.024..1602.325 rows=2314001 loops=1)
  Filter: (keyword_id < 4981)
  Rows Removed by Filter: 2209929
Planning time: 0.352 ms
Execution time: 1896.575 ms
