Seq Scan on movie_keyword mk  (cost=0.00..81003.12 rows=4295258 width=0) (actual time=0.013..1536.208 rows=4294311 loops=1)
  Filter: (keyword_id < 63370)
  Rows Removed by Filter: 229619
Planning time: 5.734 ms
Execution time: 2041.061 ms
