Hash Join  (cost=126025.07..490724.72 rows=4372 width=0) (actual time=2018.438..9416.131 rows=1647 loops=1)
  Hash Cond: (mi.movie_id = t.id)
  ->  Seq Scan on movie_info mi  (cost=0.00..309384.22 rows=14739122 width=4) (actual time=0.029..4688.088 rows=14835720 loops=1)
  ->  Hash  (cost=126015.70..126015.70 rows=750 width=8) (actual time=1982.614..1982.614 rows=217 loops=1)
        Buckets: 1024  Batches: 1  Memory Usage: 17kB
        ->  Hash Join  (cost=74426.67..126015.70 rows=750 width=8) (actual time=1170.957..1982.492 rows=217 loops=1)
              Hash Cond: (mc.movie_id = t.id)
              ->  Seq Scan on movie_companies mc  (cost=0.00..51404.11 rows=47312 width=4) (actual time=0.041..794.474 rows=47252 loops=1)
                    Filter: (company_id = 19)
                    Rows Removed by Filter: 2561877
              ->  Hash  (cost=73925.90..73925.90 rows=40061 width=4) (actual time=1170.127..1170.127 rows=40120 loops=1)
                    Buckets: 65536  Batches: 1  Memory Usage: 1923kB
                    ->  Seq Scan on title t  (cost=0.00..73925.90 rows=40061 width=4) (actual time=0.024..1153.650 rows=40120 loops=1)
                          Filter: ((kind_id = 7) AND (production_year = 2013))
                          Rows Removed by Filter: 2488192
Planning time: 3.813 ms
Execution time: 9416.723 ms
