Seq Scan on movie_companies mc  (cost=0.00..57926.93 rows=51 width=0) (actual time=512.228..833.793 rows=6 loops=1)
  Filter: ((company_id = 49850) AND (company_type_id = 1))
  Rows Removed by Filter: 2609123
Planning time: 0.374 ms
Execution time: 833.883 ms
