Seq Scan on movie_companies mc  (cost=0.00..51404.11 rows=1177103 width=0) (actual time=0.027..957.911 rows=1171804 loops=1)
  Filter: (company_id < 9884)
  Rows Removed by Filter: 1437325
Planning time: 2.867 ms
Execution time: 1122.892 ms
