Seq Scan on cast_info ci  (cost=0.00..705507.15 rows=500 width=0) (actual time=3123.749..10986.442 rows=28 loops=1)
  Filter: (person_id = 278803)
  Rows Removed by Filter: 36244316
Planning time: 1.056 ms
Execution time: 10986.576 ms
