Hash Join  (cost=94699.36..181430.02 rows=7262 width=0) (actual time=1587.266..3358.021 rows=3615 loops=1)
  Hash Cond: (mk.movie_id = t.id)
  ->  Seq Scan on movie_keyword mk  (cost=0.00..69693.30 rows=4523930 width=4) (actual time=0.011..996.234 rows=4523930 loops=1)
  ->  Hash  (cost=94648.62..94648.62 rows=4059 width=8) (actual time=1581.382..1581.382 rows=603 loops=1)
        Buckets: 4096  Batches: 1  Memory Usage: 56kB
        ->  Hash Join  (cost=67697.55..94648.62 rows=4059 width=8) (actual time=1074.393..1581.081 rows=603 loops=1)
              Hash Cond: (mi_idx.movie_id = t.id)
              ->  Seq Scan on movie_info_idx mi_idx  (cost=0.00..21735.35 rows=1380035 width=4) (actual time=0.013..293.983 rows=1380035 loops=1)
              ->  Hash  (cost=67604.59..67604.59 rows=7437 width=4) (actual time=1022.430..1022.430 rows=3613 loops=1)
                    Buckets: 8192  Batches: 1  Memory Usage: 192kB
                    ->  Seq Scan on title t  (cost=0.00..67604.59 rows=7437 width=4) (actual time=653.062..1020.640 rows=3613 loops=1)
                          Filter: (production_year = 1919)
                          Rows Removed by Filter: 2524699
Planning time: 1.135 ms
Execution time: 3358.698 ms
