Hash Join  (cost=74126.72..160491.10 rows=8932 width=0) (actual time=816.880..2300.410 rows=21910 loops=1)
  Hash Cond: (mk.movie_id = t.id)
  ->  Seq Scan on movie_keyword mk  (cost=0.00..81003.12 rows=1405850 width=4) (actual time=0.031..1309.224 rows=1423926 loops=1)
        Filter: (keyword_id < 1962)
        Rows Removed by Filter: 3100004
  ->  Hash  (cost=73925.90..73925.90 rows=16065 width=4) (actual time=763.614..763.614 rows=9704 loops=1)
        Buckets: 16384  Batches: 1  Memory Usage: 470kB
        ->  Seq Scan on title t  (cost=0.00..73925.90 rows=16065 width=4) (actual time=225.552..759.895 rows=9704 loops=1)
              Filter: ((kind_id = 1) AND (production_year = 2002))
              Rows Removed by Filter: 2518608
Planning time: 0.755 ms
Execution time: 2303.302 ms
