Hash Join  (cost=94973.51..183634.29 rows=823084 width=0) (actual time=2108.575..4040.636 rows=371181 loops=1)
  Hash Cond: (mc.movie_id = t.id)
  ->  Seq Scan on movie_companies mc  (cost=0.00..57926.93 rows=1247600 width=4) (actual time=327.697..1317.038 rows=1214780 loops=1)
        Filter: ((company_id > 6) AND (company_type_id = 1))
        Rows Removed by Filter: 1394349
  ->  Hash  (cost=67604.59..67604.59 rows=1668154 width=4) (actual time=1779.321..1779.321 rows=1674098 loops=1)
        Buckets: 131072  Batches: 32  Memory Usage: 2869kB
        ->  Seq Scan on title t  (cost=0.00..67604.59 rows=1668154 width=4) (actual time=0.025..1237.642 rows=1674098 loops=1)
              Filter: (kind_id > 3)
              Rows Removed by Filter: 854214
Planning time: 0.743 ms
Execution time: 4085.056 ms
