Seq Scan on cast_info ci  (cost=0.00..796071.18 rows=7640555 width=0) (actual time=0.025..14182.351 rows=12670688 loops=1)
  Filter: ((person_id < 2193506) AND (role_id = 1))
  Rows Removed by Filter: 23573656
Planning time: 0.450 ms
Execution time: 15663.242 ms
