Seq Scan on movie_keyword mk  (cost=0.00..81003.12 rows=1278515 width=0) (actual time=0.028..1490.684 rows=1288170 loops=1)
  Filter: (keyword_id > 13730)
  Rows Removed by Filter: 3235760
Planning time: 0.319 ms
Execution time: 1653.632 ms
