Hash Join  (cost=99217.91..167296.26 rows=341115 width=0) (actual time=2013.406..3374.604 rows=309279 loops=1)
  Hash Cond: (mc.movie_id = t.id)
  ->  Seq Scan on movie_companies mc  (cost=0.00..51404.11 rows=447618 width=4) (actual time=178.998..861.873 rows=451901 loops=1)
        Filter: (company_id > 77187)
        Rows Removed by Filter: 2157228
  ->  Hash  (cost=67604.59..67604.59 rows=1926906 width=4) (actual time=1833.104..1833.104 rows=1918028 loops=1)
        Buckets: 131072  Batches: 32  Memory Usage: 3139kB
        ->  Seq Scan on title t  (cost=0.00..67604.59 rows=1926906 width=4) (actual time=0.031..1252.550 rows=1918028 loops=1)
              Filter: (production_year > 1981)
              Rows Removed by Filter: 610284
Planning time: 0.966 ms
Execution time: 3409.004 ms
