Hash Join  (cost=76193.14..201207.42 rows=247224 width=0) (actual time=1163.454..5059.746 rows=1121702 loops=1)
  Hash Cond: (mk.movie_id = t.id)
  ->  Seq Scan on movie_keyword mk  (cost=0.00..69693.30 rows=4523930 width=4) (actual time=0.022..1379.967 rows=4523930 loops=1)
  ->  Hash  (cost=73925.90..73925.90 rows=138179 width=4) (actual time=1162.482..1162.482 rows=274202 loops=1)
        Buckets: 131072 (originally 131072)  Batches: 4 (originally 2)  Memory Usage: 3441kB
        ->  Seq Scan on title t  (cost=0.00..73925.90 rows=138179 width=4) (actual time=109.864..1067.888 rows=274202 loops=1)
              Filter: ((production_year < 1981) AND (kind_id = 1))
              Rows Removed by Filter: 2254110
Planning time: 0.675 ms
Execution time: 5181.557 ms
