Hash Join  (cost=95693.05..182570.21 rows=21522 width=0) (actual time=3022.484..3645.943 rows=6656 loops=1)
  Hash Cond: (mk.movie_id = t.id)
  ->  Seq Scan on movie_keyword mk  (cost=0.00..81003.12 rows=41017 width=4) (actual time=0.060..1387.739 rows=41840 loops=1)
        Filter: (keyword_id = 117)
        Rows Removed by Filter: 4482090
  ->  Hash  (cost=73925.90..73925.90 rows=1326732 width=4) (actual time=2006.626..2006.626 rows=1405802 loops=1)
        Buckets: 131072  Batches: 32  Memory Usage: 2576kB
        ->  Seq Scan on title t  (cost=0.00..73925.90 rows=1326732 width=4) (actual time=0.014..1543.750 rows=1405802 loops=1)
              Filter: ((production_year > 1963) AND (kind_id = 7))
              Rows Removed by Filter: 1122510
Planning time: 0.523 ms
Execution time: 3646.758 ms
