Nested Loop  (cost=0.43..83072.29 rows=151 width=0) (actual time=176.257..1306.185 rows=8 loops=1)
  ->  Seq Scan on movie_keyword mk  (cost=0.00..81003.12 rows=246 width=4) (actual time=41.315..1300.944 rows=14 loops=1)
        Filter: (keyword_id = 35001)
        Rows Removed by Filter: 4523916
  ->  Index Scan using title_pkey on title t  (cost=0.43..8.40 rows=1 width=4) (actual time=0.367..0.368 rows=1 loops=14)
        Index Cond: (id = mk.movie_id)
        Filter: (production_year < 2007)
        Rows Removed by Filter: 0
Planning time: 1.150 ms
Execution time: 1306.301 ms
