Hash Join  (cost=211922.75..1330171.75 rows=8220378 width=0) (actual time=5210.350..56768.718 rows=91031222 loops=1)
  Hash Cond: (ci.movie_id = t.id)
  ->  Seq Scan on cast_info ci  (cost=0.00..614943.12 rows=36225612 width=4) (actual time=0.023..13245.276 rows=36244344 loops=1)
  ->  Hash  (cost=202508.53..202508.53 rows=573778 width=8) (actual time=5209.096..5209.096 rows=1600556 loops=1)
        Buckets: 131072 (originally 131072)  Batches: 32 (originally 8)  Memory Usage: 3073kB
        ->  Hash Join  (cost=82871.49..202508.53 rows=573778 width=8) (actual time=1397.137..4742.916 rows=1600556 loops=1)
              Hash Cond: (mk.movie_id = t.id)
              ->  Seq Scan on movie_keyword mk  (cost=0.00..81003.12 rows=2660835 width=4) (actual time=0.011..1727.419 rows=2654172 loops=1)
                    Filter: (keyword_id < 7365)
                    Rows Removed by Filter: 1869758
              ->  Hash  (cost=73925.90..73925.90 rows=545247 width=4) (actual time=1395.972..1395.972 rows=557319 loops=1)
                    Buckets: 131072  Batches: 8  Memory Usage: 3494kB
                    ->  Seq Scan on title t  (cost=0.00..73925.90 rows=545247 width=4) (actual time=0.015..1218.823 rows=557319 loops=1)
                          Filter: ((kind_id < 2) AND (production_year < 2011))
                          Rows Removed by Filter: 1970993
Planning time: 1.296 ms
Execution time: 66677.914 ms
