Hash Join  (cost=83074.74..139278.29 rows=124 width=0) (actual time=1305.420..2479.661 rows=7962 loops=1)
  Hash Cond: (mc.movie_id = t.id)
  ->  Seq Scan on movie_companies mc  (cost=0.00..51404.11 rows=1279517 width=4) (actual time=0.024..976.882 rows=1274246 loops=1)
        Filter: (company_type_id = 1)
        Rows Removed by Filter: 1334883
  ->  Hash  (cost=83071.67..83071.67 rows=246 width=8) (actual time=1303.567..1303.567 rows=1550 loops=1)
        Buckets: 2048 (originally 1024)  Batches: 1 (originally 1)  Memory Usage: 77kB
        ->  Nested Loop  (cost=0.43..83071.67 rows=246 width=8) (actual time=0.875..1302.480 rows=1550 loops=1)
              ->  Seq Scan on movie_keyword mk  (cost=0.00..81003.12 rows=246 width=4) (actual time=0.813..1246.853 rows=1550 loops=1)
                    Filter: (keyword_id = 2042)
                    Rows Removed by Filter: 4522380
              ->  Index Only Scan using title_pkey on title t  (cost=0.43..8.40 rows=1 width=4) (actual time=0.034..0.035 rows=1 loops=1550)
                    Index Cond: (id = mk.movie_id)
                    Heap Fetches: 1550
Planning time: 1.064 ms
Execution time: 2480.933 ms
