Hash Join  (cost=87245.25..661493.34 rows=6488150 width=0) (actual time=1666.502..18438.833 rows=7906249 loops=1)
  Hash Cond: (mi.movie_id = t.id)
  ->  Seq Scan on movie_info mi  (cost=0.00..346232.03 rows=13704418 width=4) (actual time=0.020..7547.890 rows=13739936 loops=1)
        Filter: (info_type_id < 67)
        Rows Removed by Filter: 1095784
  ->  Hash  (cost=67604.59..67604.59 rows=1197093 width=4) (actual time=1665.445..1665.445 rows=1195923 loops=1)
        Buckets: 131072  Batches: 16  Memory Usage: 3662kB
        ->  Seq Scan on title t  (cost=0.00..67604.59 rows=1197093 width=4) (actual time=0.011..1281.052 rows=1195923 loops=1)
              Filter: (production_year < 2003)
              Rows Removed by Filter: 1332389
Planning time: 2.302 ms
Execution time: 19334.190 ms
