Hash Join  (cost=116625.88..194208.40 rows=183700 width=0) (actual time=2438.448..4533.583 rows=658104 loops=1)
  Hash Cond: (mc.movie_id = t.id)
  ->  Seq Scan on movie_companies mc  (cost=0.00..44881.29 rows=2609129 width=4) (actual time=0.027..920.249 rows=2609129 loops=1)
  ->  Hash  (cost=113704.57..113704.57 rows=178025 width=8) (actual time=2437.690..2437.690 rows=189650 loops=1)
        Buckets: 131072  Batches: 4  Memory Usage: 2873kB
        ->  Hash Join  (cost=72956.84..113704.57 rows=178025 width=8) (actual time=1239.690..2377.595 rows=189650 loops=1)
              Hash Cond: (mi_idx.movie_id = t.id)
              ->  Seq Scan on movie_info_idx mi_idx  (cost=0.00..21735.35 rows=1380035 width=4) (actual time=0.024..449.288 rows=1380035 loops=1)
              ->  Hash  (cost=67604.59..67604.59 rows=326180 width=4) (actual time=1239.019..1239.019 rows=323245 loops=1)
                    Buckets: 131072  Batches: 8  Memory Usage: 2437kB
                    ->  Seq Scan on title t  (cost=0.00..67604.59 rows=326180 width=4) (actual time=0.013..1131.442 rows=323245 loops=1)
                          Filter: (production_year < 1967)
                          Rows Removed by Filter: 2205067
Planning time: 2.331 ms
Execution time: 4605.476 ms
