Hash Join  (cost=102767.86..950499.86 rows=1736420 width=0) (actual time=12741.875..45658.728 rows=3488013 loops=1)
  Hash Cond: (ci.movie_id = t.id)
  ->  Seq Scan on cast_info ci  (cost=0.00..796071.18 rows=1736420 width=4) (actual time=6106.785..34302.351 rows=3488013 loops=1)
        Filter: ((person_id < 468350) AND (role_id = 1))
        Rows Removed by Filter: 32756331
  ->  Hash  (cost=61283.27..61283.27 rows=2528527 width=4) (actual time=6633.822..6633.822 rows=2528312 loops=1)
        Buckets: 131072  Batches: 64  Memory Usage: 2415kB
        ->  Seq Scan on title t  (cost=0.00..61283.27 rows=2528527 width=4) (actual time=0.119..4738.495 rows=2528312 loops=1)
Planning time: 34.902 ms
Execution time: 46033.671 ms
