Hash Join  (cost=73983.02..128695.69 rows=4715 width=0) (actual time=1272.039..2502.252 rows=5891 loops=1)
  Hash Cond: (mc.movie_id = t.id)
  ->  Seq Scan on movie_companies mc  (cost=0.00..44881.29 rows=2609129 width=4) (actual time=0.012..674.688 rows=2609129 loops=1)
  ->  Hash  (cost=73925.90..73925.90 rows=4569 width=4) (actual time=1254.515..1254.515 rows=7863 loops=1)
        Buckets: 8192  Batches: 1  Memory Usage: 341kB
        ->  Seq Scan on title t  (cost=0.00..73925.90 rows=4569 width=4) (actual time=0.131..1250.635 rows=7863 loops=1)
              Filter: ((kind_id > 4) AND (production_year = 1974))
              Rows Removed by Filter: 2520449
Planning time: 0.772 ms
Execution time: 2503.268 ms
