Hash Join  (cost=73987.23..130214.36 rows=2483 width=0) (actual time=1350.587..2286.671 rows=3599 loops=1)
  Hash Cond: (mc.movie_id = t.id)
  ->  Seq Scan on movie_companies mc  (cost=0.00..51404.11 rows=1279517 width=4) (actual time=221.392..939.045 rows=1274246 loops=1)
        Filter: (company_type_id < 2)
        Rows Removed by Filter: 1334883
  ->  Hash  (cost=73925.90..73925.90 rows=4906 width=4) (actual time=1128.304..1128.304 rows=7826 loops=1)
        Buckets: 8192  Batches: 1  Memory Usage: 340kB
        ->  Seq Scan on title t  (cost=0.00..73925.90 rows=4906 width=4) (actual time=0.116..1124.935 rows=7826 loops=1)
              Filter: ((kind_id > 3) AND (production_year = 1965))
              Rows Removed by Filter: 2520486
Planning time: 0.736 ms
Execution time: 2287.257 ms
