Nested Loop  (cost=0.43..58358.39 rows=38 width=0) (actual time=664.308..1000.422 rows=163 loops=1)
  ->  Seq Scan on movie_companies mc  (cost=0.00..57926.93 rows=51 width=4) (actual time=664.251..992.756 rows=163 loops=1)
        Filter: ((company_type_id < 2) AND (company_id = 1131))
        Rows Removed by Filter: 2608966
  ->  Index Scan using title_pkey on title t  (cost=0.43..8.45 rows=1 width=4) (actual time=0.045..0.046 rows=1 loops=163)
        Index Cond: (id = mc.movie_id)
        Filter: (kind_id > 1)
Planning time: 0.773 ms
Execution time: 1000.584 ms
