Seq Scan on movie_companies mc  (cost=0.00..51404.11 rows=1528367 width=0) (actual time=0.026..872.734 rows=1515987 loops=1)
  Filter: (company_id < 14164)
  Rows Removed by Filter: 1093142
Planning time: 0.308 ms
Execution time: 1072.928 ms
