Seq Scan on cast_info ci  (cost=0.00..796071.18 rows=10032537 width=0) (actual time=0.020..43353.023 rows=12670688 loops=1)
  Filter: ((person_id < 2906896) AND (role_id = 1))
  Rows Removed by Filter: 23573656
Planning time: 7.907 ms
Execution time: 45525.463 ms
