Hash Join  (cost=102767.86..245417.53 rows=2151418 width=0) (actual time=5571.381..12182.809 rows=2157665 loops=1)
  Hash Cond: (mk.movie_id = t.id)
  ->  Seq Scan on movie_keyword mk  (cost=0.00..81003.12 rows=2151418 width=4) (actual time=0.026..4062.532 rows=2157665 loops=1)
        Filter: (keyword_id < 4099)
        Rows Removed by Filter: 2366265
  ->  Hash  (cost=61283.27..61283.27 rows=2528527 width=4) (actual time=5569.593..5569.593 rows=2528312 loops=1)
        Buckets: 131072  Batches: 64  Memory Usage: 2425kB
        ->  Seq Scan on title t  (cost=0.00..61283.27 rows=2528527 width=4) (actual time=0.010..4188.711 rows=2528312 loops=1)
Planning time: 14.735 ms
Execution time: 12469.066 ms
