Seq Scan on movie_keyword mk  (cost=0.00..81003.12 rows=246 width=0) (actual time=20.741..2806.344 rows=530 loops=1)
  Filter: (keyword_id = 4099)
  Rows Removed by Filter: 4523400
Planning time: 0.366 ms
Execution time: 2806.719 ms
