Hash Join  (cost=97012.42..1337913.23 rows=20160065 width=0) (actual time=4945.751..73854.519 rows=21053851 loops=1)
  Hash Cond: (ci.movie_id = t.id)
  ->  Seq Scan on cast_info ci  (cost=0.00..614943.12 rows=36225612 width=4) (actual time=0.025..37351.032 rows=36244344 loops=1)
  ->  Hash  (cost=73925.90..73925.90 rows=1407161 width=4) (actual time=4944.515..4944.515 rows=1478384 loops=1)
        Buckets: 131072  Batches: 32  Memory Usage: 2650kB
        ->  Seq Scan on title t  (cost=0.00..73925.90 rows=1407161 width=4) (actual time=0.017..4336.691 rows=1478384 loops=1)
              Filter: ((production_year > 1945) AND (kind_id = 7))
              Rows Removed by Filter: 1049928
Planning time: 0.791 ms
Execution time: 76620.334 ms
