Seq Scan on title t  (cost=0.00..73925.90 rows=1367968 width=0) (actual time=0.019..3578.523 rows=1339686 loops=1)
  Filter: ((kind_id > 4) AND (production_year < 2012))
  Rows Removed by Filter: 1188626
Planning time: 0.337 ms
Execution time: 3771.582 ms
