Seq Scan on movie_companies mc  (cost=0.00..51404.11 rows=2359808 width=0) (actual time=0.022..2786.012 rows=2356766 loops=1)
  Filter: (company_id < 100762)
  Rows Removed by Filter: 252363
Planning time: 1.705 ms
Execution time: 3138.620 ms
