Hash Join  (cost=190230.21..290108.57 rows=1381512 width=0) (actual time=9194.871..16022.122 rows=3971118 loops=1)
  Hash Cond: (mc.movie_id = t.id)
  ->  Seq Scan on movie_companies mc  (cost=0.00..51404.11 rows=2531233 width=4) (actual time=0.014..3756.193 rows=2528534 loops=1)
        Filter: (company_id > 11)
        Rows Removed by Filter: 80595
  ->  Hash  (cost=167588.78..167588.78 rows=1380035 width=8) (actual time=9193.784..9193.784 rows=1380035 loops=1)
        Buckets: 131072  Batches: 32  Memory Usage: 2708kB
        ->  Hash Join  (cost=102767.86..167588.78 rows=1380035 width=8) (actual time=5398.508..8799.771 rows=1380035 loops=1)
              Hash Cond: (mi_idx.movie_id = t.id)
              ->  Seq Scan on movie_info_idx mi_idx  (cost=0.00..21735.35 rows=1380035 width=4) (actual time=0.016..1696.434 rows=1380035 loops=1)
              ->  Hash  (cost=61283.27..61283.27 rows=2528527 width=4) (actual time=5394.258..5394.258 rows=2528312 loops=1)
                    Buckets: 131072  Batches: 64  Memory Usage: 2415kB
                    ->  Seq Scan on title t  (cost=0.00..61283.27 rows=2528527 width=4) (actual time=0.028..4306.425 rows=2528312 loops=1)
Planning time: 7.374 ms
Execution time: 16513.067 ms
