Hash Join  (cost=74291.13..915403.79 rows=134643 width=0) (actual time=3807.875..51028.857 rows=112925 loops=1)
  Hash Cond: (ci.movie_id = t.id)
  ->  Seq Scan on cast_info ci  (cost=0.00..796071.18 rows=11652014 width=4) (actual time=0.018..43261.831 rows=11797473 loops=1)
        Filter: ((person_id > 155827) AND (role_id > 3))
        Rows Removed by Filter: 24446871
  ->  Hash  (cost=73925.90..73925.90 rows=29218 width=4) (actual time=3807.461..3807.461 rows=30850 loops=1)
        Buckets: 32768  Batches: 1  Memory Usage: 1341kB
        ->  Seq Scan on title t  (cost=0.00..73925.90 rows=29218 width=4) (actual time=0.011..3788.498 rows=30850 loops=1)
              Filter: ((kind_id > 1) AND (production_year = 1995))
              Rows Removed by Filter: 2497462
Planning time: 15.118 ms
Execution time: 51055.217 ms
