Seq Scan on movie_companies mc  (cost=0.00..51404.11 rows=104 width=0) (actual time=39.398..751.293 rows=804 loops=1)
  Filter: (company_id = 5379)
  Rows Removed by Filter: 2608325
Planning time: 0.376 ms
Execution time: 751.541 ms
