Hash Join  (cost=83073.36..447734.30 rows=502 width=0) (actual time=2641.504..21044.145 rows=8156 loops=1)
  Hash Cond: (mi.movie_id = t.id)
  ->  Seq Scan on movie_info mi  (cost=0.00..309384.22 rows=14739122 width=4) (actual time=0.024..15032.994 rows=14835720 loops=1)
  ->  Hash  (cost=83072.29..83072.29 rows=86 width=8) (actual time=2630.034..2630.034 rows=231 loops=1)
        Buckets: 1024  Batches: 1  Memory Usage: 18kB
        ->  Nested Loop  (cost=0.43..83072.29 rows=86 width=8) (actual time=21.312..2629.673 rows=231 loops=1)
              ->  Seq Scan on movie_keyword mk  (cost=0.00..81003.12 rows=246 width=4) (actual time=21.277..2552.269 rows=973 loops=1)
                    Filter: (keyword_id = 492)
                    Rows Removed by Filter: 4522957
              ->  Index Scan using title_pkey on title t  (cost=0.43..8.40 rows=1 width=4) (actual time=0.077..0.078 rows=0 loops=973)
                    Index Cond: (id = mk.movie_id)
                    Filter: (production_year < 1997)
                    Rows Removed by Filter: 1
Planning time: 3.157 ms
Execution time: 21046.311 ms
