Seq Scan on movie_keyword mk  (cost=0.00..81003.12 rows=3481696 width=0) (actual time=0.019..4778.145 rows=3471415 loops=1)
  Filter: (keyword_id < 16824)
  Rows Removed by Filter: 1052515
Planning time: 3.401 ms
Execution time: 5372.037 ms
