Hash Join  (cost=83075.20..900326.01 rows=521 width=0) (actual time=19561.596..47127.429 rows=67 loops=1)
  Hash Cond: (ci.movie_id = t.id)
  ->  Seq Scan on cast_info ci  (cost=0.00..796071.18 rows=5646516 width=4) (actual time=15750.092..41429.011 rows=11503764 loops=1)
        Filter: ((person_id < 1578567) AND (role_id < 2))
        Rows Removed by Filter: 24740580
  ->  Hash  (cost=83072.29..83072.29 rows=233 width=8) (actual time=3537.851..3537.851 rows=3 loops=1)
        Buckets: 1024  Batches: 1  Memory Usage: 9kB
        ->  Nested Loop  (cost=0.43..83072.29 rows=233 width=8) (actual time=757.644..3537.831 rows=3 loops=1)
              ->  Seq Scan on movie_keyword mk  (cost=0.00..81003.12 rows=246 width=4) (actual time=757.561..3537.676 rows=3 loops=1)
                    Filter: (keyword_id = 113285)
                    Rows Removed by Filter: 4523927
              ->  Index Scan using title_pkey on title t  (cost=0.43..8.40 rows=1 width=4) (actual time=0.041..0.041 rows=1 loops=3)
                    Index Cond: (id = mk.movie_id)
                    Filter: (production_year > 1915)
Planning time: 7.162 ms
Execution time: 47127.713 ms
