Seq Scan on movie_keyword mk  (cost=0.00..81003.12 rows=3339462 width=0) (actual time=0.025..4327.147 rows=3329023 loops=1)
  Filter: (keyword_id < 15458)
  Rows Removed by Filter: 1194907
Planning time: 0.308 ms
Execution time: 4882.253 ms
