Seq Scan on cast_info ci  (cost=0.00..796071.18 rows=17184155 width=0) (actual time=0.014..45239.929 rows=20886169 loops=1)
  Filter: ((person_id > 939132) AND (role_id > 1))
  Rows Removed by Filter: 15358175
Planning time: 0.349 ms
Execution time: 48745.848 ms
