Hash Join  (cost=68732.03..819711.75 rows=19055 width=0) (actual time=1932.464..32509.362 rows=30459 loops=1)
  Hash Cond: (ci.movie_id = t.id)
  ->  Seq Scan on cast_info ci  (cost=0.00..614943.12 rows=36225612 width=4) (actual time=0.012..22240.890 rows=36244344 loops=1)
  ->  Hash  (cost=68715.41..68715.41 rows=1330 width=8) (actual time=1923.852..1923.852 rows=2033 loops=1)
        Buckets: 2048  Batches: 1  Memory Usage: 96kB
        ->  Nested Loop  (cost=0.43..68715.41 rows=1330 width=8) (actual time=67.842..1922.725 rows=2033 loops=1)
              ->  Seq Scan on movie_companies mc  (cost=0.00..57926.93 rows=1330 width=4) (actual time=66.445..1778.538 rows=2033 loops=1)
                    Filter: ((company_id = 9749) AND (company_type_id = 2))
                    Rows Removed by Filter: 2607096
              ->  Index Only Scan using title_pkey on title t  (cost=0.43..8.10 rows=1 width=4) (actual time=0.070..0.070 rows=1 loops=2033)
                    Index Cond: (id = mc.movie_id)
                    Heap Fetches: 2033
Planning time: 2.969 ms
Execution time: 32515.697 ms
