Seq Scan on cast_info ci  (cost=0.00..796071.18 rows=2554422 width=0) (actual time=15748.453..35673.313 rows=5201978 loops=1)
  Filter: ((person_id < 697800) AND (role_id = 1))
  Rows Removed by Filter: 31042366
Planning time: 0.289 ms
Execution time: 36422.137 ms
