Hash Join  (cost=491650.71..1320221.17 rows=636278 width=0) (actual time=41044.746..59970.839 rows=1023905 loops=1)
  Hash Cond: (ci.movie_id = t.id)
  ->  Seq Scan on cast_info ci  (cost=0.00..796071.18 rows=1986799 width=4) (actual time=20179.488..37080.295 rows=2631202 loops=1)
        Filter: ((person_id > 1796548) AND (role_id = 3))
        Rows Removed by Filter: 33613142
  ->  Hash  (cost=478364.61..478364.61 rows=809768 width=8) (actual time=20864.346..20864.346 rows=802140 loops=1)
        Buckets: 131072  Batches: 16  Memory Usage: 2973kB
        ->  Hash Join  (cost=102767.86..478364.61 rows=809768 width=8) (actual time=8112.651..20627.321 rows=802140 loops=1)
              Hash Cond: (mi.movie_id = t.id)
              ->  Seq Scan on movie_info mi  (cost=0.00..346232.03 rows=809768 width=4) (actual time=2865.366..14153.606 rows=802140 loops=1)
                    Filter: (info_type_id < 2)
                    Rows Removed by Filter: 14033580
              ->  Hash  (cost=61283.27..61283.27 rows=2528527 width=4) (actual time=5246.292..5246.292 rows=2528312 loops=1)
                    Buckets: 131072  Batches: 64  Memory Usage: 2425kB
                    ->  Seq Scan on title t  (cost=0.00..61283.27 rows=2528527 width=4) (actual time=0.091..4219.723 rows=2528312 loops=1)
Planning time: 2.171 ms
Execution time: 60100.118 ms
