Nested Loop  (cost=0.43..52283.95 rows=77 width=0) (actual time=37.429..1988.970 rows=38 loops=1)
  ->  Seq Scan on movie_companies mc  (cost=0.00..51404.11 rows=104 width=4) (actual time=37.362..1988.396 rows=38 loops=1)
        Filter: (company_id = 76288)
        Rows Removed by Filter: 2609091
  ->  Index Scan using title_pkey on title t  (cost=0.43..8.45 rows=1 width=4) (actual time=0.014..0.014 rows=1 loops=38)
        Index Cond: (id = mc.movie_id)
        Filter: (kind_id > 1)
Planning time: 0.722 ms
Execution time: 1989.095 ms
