Hash Join  (cost=83074.74..833899.15 rows=3524 width=0) (actual time=1331.470..16557.803 rows=8595 loops=1)
  Hash Cond: (ci.movie_id = t.id)
  ->  Seq Scan on cast_info ci  (cost=0.00..614943.12 rows=36225612 width=4) (actual time=0.022..8570.206 rows=36244344 loops=1)
  ->  Hash  (cost=83071.67..83071.67 rows=246 width=8) (actual time=1330.873..1330.873 rows=127 loops=1)
        Buckets: 1024  Batches: 1  Memory Usage: 13kB
        ->  Nested Loop  (cost=0.43..83071.67 rows=246 width=8) (actual time=0.116..1330.728 rows=127 loops=1)
              ->  Seq Scan on movie_keyword mk  (cost=0.00..81003.12 rows=246 width=4) (actual time=0.041..1325.983 rows=127 loops=1)
                    Filter: (keyword_id = 72594)
                    Rows Removed by Filter: 4523803
              ->  Index Only Scan using title_pkey on title t  (cost=0.43..8.40 rows=1 width=4) (actual time=0.033..0.034 rows=1 loops=127)
                    Index Cond: (id = mk.movie_id)
                    Heap Fetches: 127
Planning time: 1.169 ms
Execution time: 16561.003 ms
