Seq Scan on cast_info ci  (cost=0.00..796071.18 rows=3934615 width=0) (actual time=6981.666..43290.847 rows=1903204 loops=1)
  Filter: ((person_id < 3459933) AND (role_id = 10))
  Rows Removed by Filter: 34341140
Planning time: 0.392 ms
Execution time: 43570.209 ms
