Seq Scan on title t  (cost=0.00..73925.90 rows=823830 width=0) (actual time=0.014..1289.547 rows=737996 loops=1)
  Filter: ((kind_id < 7) AND (production_year > 1968))
  Rows Removed by Filter: 1790316
Planning time: 0.334 ms
Execution time: 1386.183 ms
