Hash Join  (cost=103239.40..677406.02 rows=7854076 width=0) (actual time=4721.955..33025.832 rows=5065765 loops=1)
  Hash Cond: (mi.movie_id = t.id)
  ->  Seq Scan on movie_info mi  (cost=0.00..346232.03 rows=11115165 width=4) (actual time=0.014..18890.200 rows=11210743 loops=1)
        Filter: (info_type_id > 3)
        Rows Removed by Filter: 3624977
  ->  Hash  (cost=73925.90..73925.90 rows=1786680 width=4) (actual time=4720.749..4720.749 rows=1799906 loops=1)
        Buckets: 131072  Batches: 32  Memory Usage: 3013kB
        ->  Seq Scan on title t  (cost=0.00..73925.90 rows=1786680 width=4) (actual time=0.017..3744.962 rows=1799906 loops=1)
              Filter: ((kind_id > 1) AND (production_year > 1911))
              Rows Removed by Filter: 728406
Planning time: 0.721 ms
Execution time: 33703.088 ms
