Seq Scan on movie_keyword mk  (cost=0.00..81003.12 rows=4434647 width=0) (actual time=0.027..4270.560 rows=4436797 loops=1)
  Filter: (keyword_id < 85707)
  Rows Removed by Filter: 87133
Planning time: 0.323 ms
Execution time: 5003.559 ms
