Seq Scan on movie_companies mc  (cost=0.00..51404.11 rows=104 width=0) (actual time=63.346..2186.537 rows=2 loops=1)
  Filter: (company_id = 130397)
  Rows Removed by Filter: 2609127
Planning time: 14.612 ms
Execution time: 2186.651 ms
