Hash Join  (cost=882191.11..937639.82 rows=78318 width=0) (actual time=40168.622..43682.986 rows=63071 loops=1)
  Hash Cond: (mc.movie_id = t.id)
  ->  Seq Scan on movie_companies mc  (cost=0.00..44881.29 rows=2609129 width=4) (actual time=0.025..2542.279 rows=2609129 loops=1)
  ->  Hash  (cost=881242.38..881242.38 rows=75899 width=8) (actual time=40167.969..40167.969 rows=47287 loops=1)
        Buckets: 131072  Batches: 1  Memory Usage: 2872kB
        ->  Hash Join  (cost=78473.92..881242.38 rows=75899 width=8) (actual time=35067.871..40149.526 rows=47287 loops=1)
              Hash Cond: (ci.movie_id = t.id)
              ->  Seq Scan on cast_info ci  (cost=0.00..796071.18 rows=289675 width=4) (actual time=30666.747..35565.831 rows=114310 loops=1)
                    Filter: ((person_id < 884813) AND (role_id = 9))
                    Rows Removed by Filter: 36130034
              ->  Hash  (cost=67604.59..67604.59 rows=662507 width=4) (actual time=4399.933..4399.933 rows=662065 loops=1)
                    Buckets: 131072  Batches: 16  Memory Usage: 2481kB
                    ->  Seq Scan on title t  (cost=0.00..67604.59 rows=662507 width=4) (actual time=0.027..4091.055 rows=662065 loops=1)
                          Filter: (production_year > 2008)
                          Rows Removed by Filter: 1866247
Planning time: 1.077 ms
Execution time: 43692.607 ms
