Hash Join  (cost=102767.86..260895.66 rows=2794626 width=0) (actual time=5196.267..12152.374 rows=2785270 loops=1)
  Hash Cond: (mk.movie_id = t.id)
  ->  Seq Scan on movie_keyword mk  (cost=0.00..81003.12 rows=2794626 width=4) (actual time=0.034..4351.153 rows=2785270 loops=1)
        Filter: (keyword_id > 2837)
        Rows Removed by Filter: 1738660
  ->  Hash  (cost=61283.27..61283.27 rows=2528527 width=4) (actual time=5194.329..5194.329 rows=2528312 loops=1)
        Buckets: 131072  Batches: 64  Memory Usage: 2425kB
        ->  Seq Scan on title t  (cost=0.00..61283.27 rows=2528527 width=4) (actual time=0.014..4157.287 rows=2528312 loops=1)
Planning time: 5.090 ms
Execution time: 12463.342 ms
