Hash Join  (cost=365418.15..1630509.36 rows=28140761 width=0) (actual time=29372.390..97905.416 rows=92087631 loops=1)
  Hash Cond: (ci.movie_id = t.id)
  ->  Seq Scan on cast_info ci  (cost=0.00..705507.15 rows=15728509 width=4) (actual time=12495.546..41701.253 rows=15841728 loops=1)
        Filter: (person_id > 2052053)
        Rows Removed by Filter: 20402616
  ->  Hash  (cost=291197.02..291197.02 rows=4523930 width=8) (actual time=16875.705..16875.705 rows=4523930 loops=1)
        Buckets: 131072  Batches: 64  Memory Usage: 3816kB
        ->  Hash Join  (cost=102767.86..291197.02 rows=4523930 width=8) (actual time=5564.756..15310.208 rows=4523930 loops=1)
              Hash Cond: (mk.movie_id = t.id)
              ->  Seq Scan on movie_keyword mk  (cost=0.00..69693.30 rows=4523930 width=4) (actual time=0.025..4816.883 rows=4523930 loops=1)
              ->  Hash  (cost=61283.27..61283.27 rows=2528527 width=4) (actual time=5563.610..5563.610 rows=2528312 loops=1)
                    Buckets: 131072  Batches: 64  Memory Usage: 2425kB
                    ->  Seq Scan on title t  (cost=0.00..61283.27 rows=2528527 width=4) (actual time=0.016..4333.496 rows=2528312 loops=1)
Planning time: 2.170 ms
Execution time: 110566.236 ms
