Hash Join  (cost=83072.43..447729.06 rows=72 width=0) (actual time=3335.339..21554.249 rows=522 loops=1)
  Hash Cond: (mi.movie_id = t.id)
  ->  Seq Scan on movie_info mi  (cost=0.00..309384.22 rows=14739122 width=4) (actual time=0.012..15263.325 rows=14835720 loops=1)
  ->  Hash  (cost=83072.29..83072.29 rows=12 width=8) (actual time=3145.846..3145.846 rows=7 loops=1)
        Buckets: 1024  Batches: 1  Memory Usage: 9kB
        ->  Nested Loop  (cost=0.43..83072.29 rows=12 width=8) (actual time=639.609..3145.817 rows=7 loops=1)
              ->  Seq Scan on movie_keyword mk  (cost=0.00..81003.12 rows=246 width=4) (actual time=330.772..3097.026 rows=61 loops=1)
                    Filter: (keyword_id = 20112)
                    Rows Removed by Filter: 4523869
              ->  Index Scan using title_pkey on title t  (cost=0.43..8.40 rows=1 width=4) (actual time=0.795..0.795 rows=0 loops=61)
                    Index Cond: (id = mk.movie_id)
                    Filter: (production_year = 2008)
                    Rows Removed by Filter: 1
Planning time: 1.142 ms
Execution time: 21554.552 ms
