Hash Join  (cost=73962.22..100881.62 rows=530 width=0) (actual time=3984.118..5058.449 rows=247 loops=1)
  Hash Cond: (mi_idx.movie_id = t.id)
  ->  Seq Scan on movie_info_idx mi_idx  (cost=0.00..25185.44 rows=460978 width=4) (actual time=0.018..1321.254 rows=459925 loops=1)
        Filter: (info_type_id < 100)
        Rows Removed by Filter: 920110
  ->  Hash  (cost=73925.90..73925.90 rows=2905 width=4) (actual time=3605.810..3605.810 rows=8125 loops=1)
        Buckets: 8192 (originally 4096)  Batches: 1 (originally 1)  Memory Usage: 350kB
        ->  Seq Scan on title t  (cost=0.00..73925.90 rows=2905 width=4) (actual time=1960.393..3600.123 rows=8125 loops=1)
              Filter: ((kind_id < 7) AND (production_year = 1914))
              Rows Removed by Filter: 2520187
Planning time: 0.767 ms
Execution time: 5058.740 ms
