Hash Join  (cost=83074.74..867354.71 rows=2043 width=0) (actual time=7016.587..37550.211 rows=11 loops=1)
  Hash Cond: (ci.movie_id = t.id)
  ->  Seq Scan on cast_info ci  (cost=0.00..705507.15 rows=21000637 width=4) (actual time=2871.070..30204.524 rows=21142221 loops=1)
        Filter: (person_id > 1489828)
        Rows Removed by Filter: 15102123
  ->  Hash  (cost=83071.67..83071.67 rows=246 width=8) (actual time=3433.154..3433.154 rows=1 loops=1)
        Buckets: 1024  Batches: 1  Memory Usage: 9kB
        ->  Nested Loop  (cost=0.43..83071.67 rows=246 width=8) (actual time=2255.685..3433.141 rows=1 loops=1)
              ->  Seq Scan on movie_keyword mk  (cost=0.00..81003.12 rows=246 width=4) (actual time=2255.580..3433.033 rows=1 loops=1)
                    Filter: (keyword_id = 130345)
                    Rows Removed by Filter: 4523929
              ->  Index Only Scan using title_pkey on title t  (cost=0.43..8.40 rows=1 width=4) (actual time=0.080..0.081 rows=1 loops=1)
                    Index Cond: (id = mk.movie_id)
                    Heap Fetches: 1
Planning time: 1.230 ms
Execution time: 37550.323 ms
