Hash Join  (cost=74469.67..445140.37 rows=107201 width=0) (actual time=3454.998..20305.258 rows=127811 loops=1)
  Hash Cond: (mi.movie_id = t.id)
  ->  Seq Scan on movie_info mi  (cost=0.00..346232.03 rows=6231111 width=4) (actual time=0.020..15338.427 rows=6223494 loops=1)
        Filter: (info_type_id > 8)
        Rows Removed by Filter: 8612226
  ->  Hash  (cost=73925.90..73925.90 rows=43501 width=4) (actual time=3454.621..3454.621 rows=39560 loops=1)
        Buckets: 65536  Batches: 1  Memory Usage: 1903kB
        ->  Seq Scan on title t  (cost=0.00..73925.90 rows=43501 width=4) (actual time=157.024..3438.231 rows=39560 loops=1)
              Filter: ((kind_id = 1) AND (production_year = 2012))
              Rows Removed by Filter: 2488752
Planning time: 2.818 ms
Execution time: 20328.728 ms
