Hash Join  (cost=181836.38..1388699.40 rows=16846586 width=0) (actual time=4327.914..47218.054 rows=36576307 loops=1)
  Hash Cond: (ci.movie_id = t.id)
  ->  Seq Scan on cast_info ci  (cost=0.00..614943.12 rows=36225612 width=4) (actual time=0.014..13509.864 rows=36244344 loops=1)
  ->  Hash  (cost=162543.86..162543.86 rows=1175882 width=8) (actual time=4326.167..4326.167 rows=1200388 loops=1)
        Buckets: 131072  Batches: 16  Memory Usage: 3961kB
        ->  Hash Join  (cost=102951.51..162543.86 rows=1175882 width=8) (actual time=2192.226..3978.545 rows=1200388 loops=1)
              Hash Cond: (mi_idx.movie_id = t.id)
              ->  Seq Scan on movie_info_idx mi_idx  (cost=0.00..21735.35 rows=1380035 width=4) (actual time=0.024..426.233 rows=1380035 loops=1)
              ->  Hash  (cost=67604.59..67604.59 rows=2154474 width=4) (actual time=2191.008..2191.008 rows=2146684 loops=1)
                    Buckets: 131072  Batches: 32  Memory Usage: 3385kB
                    ->  Seq Scan on title t  (cost=0.00..67604.59 rows=2154474 width=4) (actual time=0.022..1506.456 rows=2146684 loops=1)
                          Filter: (production_year > 1965)
                          Rows Removed by Filter: 381628
Planning time: 1.170 ms
Execution time: 51590.767 ms
