Hash Join  (cost=195620.50..1206252.46 rows=7744247 width=0) (actual time=10711.645..69666.159 rows=6713541 loops=1)
  Hash Cond: (ci.movie_id = t.id)
  ->  Seq Scan on cast_info ci  (cost=0.00..705507.15 rows=19349423 width=4) (actual time=0.020..44896.693 rows=19258877 loops=1)
        Filter: (person_id < 1924675)
        Rows Removed by Filter: 16985467
  ->  Hash  (cost=179016.55..179016.55 rows=1011996 width=8) (actual time=10710.611..10710.611 rows=393031 loops=1)
        Buckets: 131072  Batches: 16  Memory Usage: 1964kB
        ->  Hash Join  (cost=90016.07..179016.55 rows=1011996 width=8) (actual time=5055.007..10530.937 rows=393031 loops=1)
              Hash Cond: (mc.movie_id = t.id)
              ->  Seq Scan on movie_companies mc  (cost=0.00..44881.29 rows=2609129 width=4) (actual time=0.018..3324.047 rows=2609129 loops=1)
              ->  Hash  (cost=73925.90..73925.90 rows=980733 width=4) (actual time=5053.898..5053.898 rows=1074493 loops=1)
                    Buckets: 131072  Batches: 16  Memory Usage: 3394kB
                    ->  Seq Scan on title t  (cost=0.00..73925.90 rows=980733 width=4) (actual time=0.013..4583.893 rows=1074493 loops=1)
                          Filter: ((production_year > 1995) AND (kind_id = 7))
                          Rows Removed by Filter: 1453819
Planning time: 1.150 ms
Execution time: 70536.538 ms
