Seq Scan on cast_info ci  (cost=0.00..796071.18 rows=20129170 width=0) (actual time=5015.178..42929.769 rows=22164073 loops=1)
  Filter: ((person_id > 492809) AND (role_id > 1))
  Rows Removed by Filter: 14080271
Planning time: 0.360 ms
Execution time: 46494.421 ms
