Hash Join  (cost=139597.14..1007742.08 rows=1089269 width=0) (actual time=20922.460..52262.449 rows=5377747 loops=1)
  Hash Cond: (ci.movie_id = t.id)
  ->  Seq Scan on cast_info ci  (cost=0.00..796071.18 rows=5109086 width=4) (actual time=12669.320..37530.228 rows=7206078 loops=1)
        Filter: ((person_id > 1636911) AND (role_id > 4))
        Rows Removed by Filter: 29038266
  ->  Hash  (cost=130752.54..130752.54 rows=539088 width=8) (actual time=8251.854..8251.854 rows=954317 loops=1)
        Buckets: 131072 (originally 131072)  Batches: 16 (originally 8)  Memory Usage: 3354kB
        ->  Hash Join  (cost=83810.17..130752.54 rows=539088 width=8) (actual time=4528.703..7939.609 rows=954317 loops=1)
              Hash Cond: (mi_idx.movie_id = t.id)
              ->  Seq Scan on movie_info_idx mi_idx  (cost=0.00..21735.35 rows=1380035 width=4) (actual time=0.028..1593.599 rows=1380035 loops=1)
              ->  Hash  (cost=67604.59..67604.59 rows=987727 width=4) (actual time=4527.155..4527.155 rows=985048 loops=1)
                    Buckets: 131072  Batches: 16  Memory Usage: 3188kB
                    ->  Seq Scan on title t  (cost=0.00..67604.59 rows=987727 width=4) (actual time=0.036..3827.761 rows=985048 loops=1)
                          Filter: (kind_id < 7)
                          Rows Removed by Filter: 1543264
Planning time: 7.157 ms
Execution time: 53009.752 ms
