Seq Scan on movie_companies mc  (cost=0.00..51404.11 rows=1374497 width=0) (actual time=0.024..1928.197 rows=1362773 loops=1)
  Filter: (company_id < 11699)
  Rows Removed by Filter: 1246356
Planning time: 0.281 ms
Execution time: 2122.029 ms
