Hash Join  (cost=125519.97..1033208.90 rows=1399889 width=0) (actual time=7228.338..61126.888 rows=4713705 loops=1)
  Hash Cond: (ci.movie_id = t.id)
  ->  Seq Scan on cast_info ci  (cost=0.00..705507.15 rows=16201301 width=4) (actual time=0.014..42142.214 rows=16121683 loops=1)
        Filter: (role_id > 2)
        Rows Removed by Filter: 20122661
  ->  Hash  (cost=121934.97..121934.97 rows=218480 width=8) (actual time=7227.338..7227.338 rows=493645 loops=1)
        Buckets: 131072 (originally 131072)  Batches: 8 (originally 4)  Memory Usage: 3442kB
        ->  Hash Join  (cost=80493.69..121934.97 rows=218480 width=8) (actual time=4638.360..7073.600 rows=493645 loops=1)
              Hash Cond: (mi_idx.movie_id = t.id)
              ->  Seq Scan on movie_info_idx mi_idx  (cost=0.00..21735.35 rows=1380035 width=4) (actual time=0.027..1452.756 rows=1380035 loops=1)
              ->  Hash  (cost=73925.90..73925.90 rows=400303 width=4) (actual time=4630.215..4630.215 rows=500611 loops=1)
                    Buckets: 131072  Batches: 8  Memory Usage: 3236kB
                    ->  Seq Scan on title t  (cost=0.00..73925.90 rows=400303 width=4) (actual time=2.221..3953.112 rows=500611 loops=1)
                          Filter: ((kind_id < 7) AND (production_year < 2000))
                          Rows Removed by Filter: 2027701
Planning time: 7.584 ms
Execution time: 61797.131 ms
