Seq Scan on movie_keyword mk  (cost=0.00..81003.12 rows=1692517 width=0) (actual time=0.016..4413.683 rows=1703785 loops=1)
  Filter: (keyword_id > 8449)
  Rows Removed by Filter: 2820145
Planning time: 0.324 ms
Execution time: 4702.491 ms
