Hash Join  (cost=74528.24..911863.57 rows=199561 width=0) (actual time=3414.928..52999.670 rows=316080 loops=1)
  Hash Cond: (ci.movie_id = t.id)
  ->  Seq Scan on cast_info ci  (cost=0.00..796071.18 rows=10471610 width=4) (actual time=0.018..43698.371 rows=16296523 loops=1)
        Filter: ((person_id > 2003602) AND (role_id > 1))
        Rows Removed by Filter: 19947821
  ->  Hash  (cost=73925.90..73925.90 rows=48187 width=4) (actual time=3414.504..3414.504 rows=42764 loops=1)
        Buckets: 65536  Batches: 1  Memory Usage: 2016kB
        ->  Seq Scan on title t  (cost=0.00..73925.90 rows=48187 width=4) (actual time=0.031..3387.042 rows=42764 loops=1)
              Filter: ((kind_id < 3) AND (production_year = 2011))
              Rows Removed by Filter: 2485548
Planning time: 0.799 ms
Execution time: 53069.725 ms
