Seq Scan on movie_companies mc  (cost=0.00..51404.11 rows=104 width=0) (actual time=186.893..2469.520 rows=195 loops=1)
  Filter: (company_id = 8960)
  Rows Removed by Filter: 2608934
Planning time: 0.492 ms
Execution time: 2469.638 ms
