Seq Scan on movie_keyword mk  (cost=0.00..81003.12 rows=246 width=0) (actual time=0.580..3359.490 rows=834 loops=1)
  Filter: (keyword_id = 4589)
  Rows Removed by Filter: 4523096
Planning time: 0.335 ms
Execution time: 3360.040 ms
