Seq Scan on cast_info ci  (cost=0.00..796071.18 rows=198983 width=0) (actual time=30747.189..36252.560 rows=75425 loops=1)
  Filter: ((person_id < 2061172) AND (role_id = 11))
  Rows Removed by Filter: 36168919
Planning time: 0.512 ms
Execution time: 36264.367 ms
