Hash Join  (cost=102767.86..213592.36 rows=828762 width=0) (actual time=1824.929..4557.349 rows=830240 loops=1)
  Hash Cond: (mk.movie_id = t.id)
  ->  Seq Scan on movie_keyword mk  (cost=0.00..81003.12 rows=828762 width=4) (actual time=0.020..1386.769 rows=830240 loops=1)
        Filter: (keyword_id < 797)
        Rows Removed by Filter: 3693690
  ->  Hash  (cost=61283.27..61283.27 rows=2528527 width=4) (actual time=1822.477..1822.477 rows=2528312 loops=1)
        Buckets: 131072  Batches: 64  Memory Usage: 2425kB
        ->  Seq Scan on title t  (cost=0.00..61283.27 rows=2528527 width=4) (actual time=0.026..967.351 rows=2528312 loops=1)
Planning time: 2.244 ms
Execution time: 4649.692 ms
