Seq Scan on movie_keyword mk  (cost=0.00..81003.12 rows=357182 width=0) (actual time=0.025..1361.990 rows=355025 loops=1)
  Filter: (keyword_id > 47046)
  Rows Removed by Filter: 4168905
Planning time: 0.372 ms
Execution time: 1408.541 ms
