Hash Join  (cost=447684.49..604910.94 rows=570385 width=0) (actual time=9974.810..14609.559 rows=5890400 loops=1)
  Hash Cond: (mk.movie_id = t.id)
  ->  Seq Scan on movie_keyword mk  (cost=0.00..69693.30 rows=4523930 width=4) (actual time=0.013..1399.760 rows=4523930 loops=1)
  ->  Hash  (cost=442453.48..442453.48 rows=318801 width=8) (actual time=9967.138..9967.138 rows=474934 loops=1)
        Buckets: 131072  Batches: 8  Memory Usage: 3363kB
        ->  Hash Join  (cost=74609.54..442453.48 rows=318801 width=8) (actual time=1146.878..9765.112 rows=474934 loops=1)
              Hash Cond: (mi.movie_id = t.id)
              ->  Seq Scan on movie_info mi  (cost=0.00..309384.22 rows=14739122 width=4) (actual time=0.017..4381.627 rows=14835720 loops=1)
              ->  Hash  (cost=73925.90..73925.90 rows=54691 width=4) (actual time=1146.394..1146.394 rows=46344 loops=1)
                    Buckets: 65536  Batches: 1  Memory Usage: 2142kB
                    ->  Seq Scan on title t  (cost=0.00..73925.90 rows=54691 width=4) (actual time=0.107..1127.351 rows=46344 loops=1)
                          Filter: ((kind_id < 4) AND (production_year = 2011))
                          Rows Removed by Filter: 2481968
Planning time: 1.048 ms
Execution time: 15244.452 ms
