Hash Join  (cost=336021.53..1966905.67 rows=49307302 width=0) (actual time=16217.663..127122.954 rows=169925042 loops=1)
  Hash Cond: (ci.movie_id = t.id)
  ->  Seq Scan on cast_info ci  (cost=0.00..614943.12 rows=36225612 width=4) (actual time=0.023..42717.247 rows=36244344 loops=1)
  ->  Hash  (cost=279557.27..279557.27 rows=3441621 width=8) (actual time=16216.837..16216.837 rows=3201663 loops=1)
        Buckets: 131072  Batches: 64  Memory Usage: 2971kB
        ->  Hash Join  (cost=100089.65..279557.27 rows=3441621 width=8) (actual time=5288.123..15211.376 rows=3201663 loops=1)
              Hash Cond: (mk.movie_id = t.id)
              ->  Seq Scan on movie_keyword mk  (cost=0.00..81003.12 rows=4395056 width=4) (actual time=0.022..5912.415 rows=4398531 loops=1)
                    Filter: (keyword_id < 77108)
                    Rows Removed by Filter: 125399
              ->  Hash  (cost=67604.59..67604.59 rows=1980005 width=4) (actual time=5286.803..5286.803 rows=1976617 loops=1)
                    Buckets: 131072  Batches: 32  Memory Usage: 3212kB
                    ->  Seq Scan on title t  (cost=0.00..67604.59 rows=1980005 width=4) (actual time=0.024..4472.176 rows=1976617 loops=1)
                          Filter: (production_year > 1977)
                          Rows Removed by Filter: 551695
Planning time: 1.111 ms
Execution time: 147651.823 ms
