Hash Join  (cost=195393.04..236143.52 rows=178200 width=0) (actual time=3703.117..4794.718 rows=127449 loops=1)
  Hash Cond: (mi_idx.movie_id = t.id)
  ->  Seq Scan on movie_info_idx mi_idx  (cost=0.00..21735.35 rows=1380035 width=4) (actual time=0.025..493.198 rows=1380035 loops=1)
  ->  Hash  (cost=190035.76..190035.76 rows=326502 width=8) (actual time=3701.956..3701.956 rows=66990 loops=1)
        Buckets: 131072  Batches: 8  Memory Usage: 1354kB
        ->  Hash Join  (cost=92883.59..190035.76 rows=326502 width=8) (actual time=2173.261..3681.832 rows=66990 loops=1)
              Hash Cond: (mk.movie_id = t.id)
              ->  Seq Scan on movie_keyword mk  (cost=0.00..81003.12 rows=535806 width=4) (actual time=0.022..1331.215 rows=526523 loops=1)
                    Filter: (keyword_id > 34520)
                    Rows Removed by Filter: 3997407
              ->  Hash  (cost=67604.59..67604.59 rows=1540800 width=4) (actual time=1817.653..1817.653 rows=1543264 loops=1)
                    Buckets: 131072  Batches: 32  Memory Usage: 2728kB
                    ->  Seq Scan on title t  (cost=0.00..67604.59 rows=1540800 width=4) (actual time=0.010..1325.326 rows=1543264 loops=1)
                          Filter: (kind_id = 7)
                          Rows Removed by Filter: 985048
Planning time: 1.305 ms
Execution time: 4810.694 ms
