Seq Scan on movie_companies mc  (cost=0.00..57926.93 rows=745105 width=0) (actual time=0.026..1048.780 rows=530669 loops=1)
  Filter: ((company_id > 7010) AND (company_type_id < 2))
  Rows Removed by Filter: 2078460
Planning time: 0.352 ms
Execution time: 1117.192 ms
