Seq Scan on movie_keyword mk  (cost=0.00..81003.12 rows=3477720 width=0) (actual time=0.027..1393.406 rows=3475695 loops=1)
  Filter: (keyword_id > 1044)
  Rows Removed by Filter: 1048235
Planning time: 0.333 ms
Execution time: 1806.648 ms
