Hash Join  (cost=92883.59..180727.75 rows=26478 width=0) (actual time=2069.879..3521.399 rows=7258 loops=1)
  Hash Cond: (mk.movie_id = t.id)
  ->  Seq Scan on movie_keyword mk  (cost=0.00..81003.12 rows=43452 width=4) (actual time=0.044..1276.536 rows=38892 loops=1)
        Filter: (keyword_id < 47)
        Rows Removed by Filter: 4485038
  ->  Hash  (cost=67604.59..67604.59 rows=1540800 width=4) (actual time=1943.042..1943.042 rows=1543264 loops=1)
        Buckets: 131072  Batches: 32  Memory Usage: 2728kB
        ->  Seq Scan on title t  (cost=0.00..67604.59 rows=1540800 width=4) (actual time=0.021..1427.688 rows=1543264 loops=1)
              Filter: (kind_id = 7)
              Rows Removed by Filter: 985048
Planning time: 0.739 ms
Execution time: 3522.405 ms
