Hash Join  (cost=102767.86..1648612.07 rows=34512558 width=0) (actual time=1922.185..47976.477 rows=34605448 loops=1)
  Hash Cond: (ci.movie_id = t.id)
  ->  Seq Scan on cast_info ci  (cost=0.00..705507.15 rows=34512558 width=4) (actual time=0.010..17254.341 rows=34605448 loops=1)
        Filter: (person_id > 163373)
        Rows Removed by Filter: 1638896
  ->  Hash  (cost=61283.27..61283.27 rows=2528527 width=4) (actual time=1920.812..1920.812 rows=2528312 loops=1)
        Buckets: 131072  Batches: 64  Memory Usage: 2415kB
        ->  Seq Scan on title t  (cost=0.00..61283.27 rows=2528527 width=4) (actual time=0.017..1093.513 rows=2528312 loops=1)
Planning time: 0.593 ms
Execution time: 52159.585 ms
