Seq Scan on cast_info ci  (cost=0.00..796071.18 rows=10878445 width=0) (actual time=7721.352..16180.157 rows=8940345 loops=1)
  Filter: ((person_id > 499378) AND (role_id = 1))
  Rows Removed by Filter: 27303999
Planning time: 0.400 ms
Execution time: 17287.588 ms
