Seq Scan on movie_keyword mk  (cost=0.00..81003.12 rows=1640701 width=0) (actual time=0.010..1520.885 rows=1649736 loops=1)
  Filter: (keyword_id < 2516)
  Rows Removed by Filter: 2874194
Planning time: 0.335 ms
Execution time: 1728.802 ms
