Hash Join  (cost=78556.72..187788.88 rows=476234 width=0) (actual time=1380.594..4202.935 rows=1156384 loops=1)
  Hash Cond: (mk.movie_id = t.id)
  ->  Seq Scan on movie_keyword mk  (cost=0.00..81003.12 rows=1803916 width=4) (actual time=0.023..1579.124 rows=1810183 loops=1)
        Filter: (keyword_id < 2937)
        Rows Removed by Filter: 2713747
  ->  Hash  (cost=67604.59..67604.59 rows=667531 width=4) (actual time=1379.163..1379.163 rows=662825 loops=1)
        Buckets: 131072  Batches: 16  Memory Usage: 2486kB
        ->  Seq Scan on title t  (cost=0.00..67604.59 rows=667531 width=4) (actual time=287.730..1158.598 rows=662825 loops=1)
              Filter: (kind_id = 1)
              Rows Removed by Filter: 1865487
Planning time: 0.743 ms
Execution time: 4343.877 ms
