Hash Join  (cost=85777.42..192045.04 rows=575286 width=0) (actual time=1882.825..4299.501 rows=434470 loops=1)
  Hash Cond: (mk.movie_id = t.id)
  ->  Seq Scan on movie_keyword mk  (cost=0.00..81003.12 rows=1313235 width=4) (actual time=0.023..1544.858 rows=1324526 loops=1)
        Filter: (keyword_id > 13047)
        Rows Removed by Filter: 3199404
  ->  Hash  (cost=67604.59..67604.59 rows=1107667 width=4) (actual time=1881.374..1881.374 rows=1107925 loops=1)
        Buckets: 131072  Batches: 16  Memory Usage: 3467kB
        ->  Seq Scan on title t  (cost=0.00..67604.59 rows=1107667 width=4) (actual time=0.015..1223.393 rows=1107925 loops=1)
              Filter: (production_year > 2004)
              Rows Removed by Filter: 1420387
Planning time: 0.732 ms
Execution time: 4347.825 ms
