Nested Loop  (cost=0.43..83071.67 rows=246 width=0) (actual time=48.986..1185.895 rows=6 loops=1)
  ->  Seq Scan on movie_keyword mk  (cost=0.00..81003.12 rows=246 width=4) (actual time=48.881..1185.514 rows=6 loops=1)
        Filter: (keyword_id = 41033)
        Rows Removed by Filter: 4523924
  ->  Index Only Scan using title_pkey on title t  (cost=0.43..8.40 rows=1 width=4) (actual time=0.053..0.054 rows=1 loops=6)
        Index Cond: (id = mk.movie_id)
        Heap Fetches: 6
Planning time: 0.796 ms
Execution time: 1185.965 ms
