Hash Join  (cost=83074.74..864075.89 rows=1958 width=0) (actual time=1373.639..16802.752 rows=13288 loops=1)
  Hash Cond: (ci.movie_id = t.id)
  ->  Seq Scan on cast_info ci  (cost=0.00..705507.15 rows=20126510 width=4) (actual time=0.013..12040.948 rows=19999220 loops=1)
        Filter: (person_id < 2008400)
        Rows Removed by Filter: 16245124
  ->  Hash  (cost=83071.67..83071.67 rows=246 width=8) (actual time=1372.465..1372.465 rows=467 loops=1)
        Buckets: 1024  Batches: 1  Memory Usage: 27kB
        ->  Nested Loop  (cost=0.43..83071.67 rows=246 width=8) (actual time=0.792..1372.029 rows=467 loops=1)
              ->  Seq Scan on movie_keyword mk  (cost=0.00..81003.12 rows=246 width=4) (actual time=0.750..1347.458 rows=467 loops=1)
                    Filter: (keyword_id = 6302)
                    Rows Removed by Filter: 4523463
              ->  Index Only Scan using title_pkey on title t  (cost=0.43..8.40 rows=1 width=4) (actual time=0.050..0.050 rows=1 loops=467)
                    Index Cond: (id = mk.movie_id)
                    Heap Fetches: 467
Planning time: 0.836 ms
Execution time: 16806.754 ms
