Seq Scan on movie_companies mc  (cost=0.00..57926.93 rows=1189923 width=0) (actual time=0.017..1127.888 rows=1059086 loops=1)
  Filter: ((company_id < 96537) AND (company_type_id = 2))
  Rows Removed by Filter: 1550043
Planning time: 0.381 ms
Execution time: 1251.985 ms
