Hash Join  (cost=67697.55..96341.54 rows=2692 width=0) (actual time=1114.163..1754.921 rows=740 loops=1)
  Hash Cond: (mi_idx.movie_id = t.id)
  ->  Seq Scan on movie_info_idx mi_idx  (cost=0.00..25185.44 rows=915101 width=4) (actual time=0.013..491.316 rows=919850 loops=1)
        Filter: (info_type_id < 101)
        Rows Removed by Filter: 460185
  ->  Hash  (cost=67604.59..67604.59 rows=7437 width=4) (actual time=1112.341..1112.341 rows=2786 loops=1)
        Buckets: 8192  Batches: 1  Memory Usage: 162kB
        ->  Seq Scan on title t  (cost=0.00..67604.59 rows=7437 width=4) (actual time=180.065..1111.003 rows=2786 loops=1)
              Filter: (production_year = 1925)
              Rows Removed by Filter: 2525526
Planning time: 0.742 ms
Execution time: 1755.149 ms
