Hash Join  (cost=101844.05..899000.48 rows=2482 width=0) (actual time=2019.022..15275.358 rows=1509 loops=1)
  Hash Cond: (ci.movie_id = t.id)
  ->  Seq Scan on cast_info ci  (cost=0.00..796071.18 rows=282781 width=4) (actual time=354.630..13593.365 rows=98163 loops=1)
        Filter: ((person_id < 2961345) AND (role_id > 10))
        Rows Removed by Filter: 36146181
  ->  Hash  (cost=101566.63..101566.63 rows=22194 width=8) (actual time=1662.555..1662.555 rows=8268 loops=1)
        Buckets: 32768  Batches: 1  Memory Usage: 579kB
        ->  Hash Join  (cost=74434.21..101566.63 rows=22194 width=8) (actual time=1403.189..1659.668 rows=8268 loops=1)
              Hash Cond: (mi_idx.movie_id = t.id)
              ->  Seq Scan on movie_info_idx mi_idx  (cost=0.00..21735.35 rows=1380035 width=4) (actual time=0.020..382.881 rows=1380035 loops=1)
              ->  Hash  (cost=73925.90..73925.90 rows=40664 width=4) (actual time=953.598..953.598 rows=40257 loops=1)
                    Buckets: 65536  Batches: 1  Memory Usage: 1928kB
                    ->  Seq Scan on title t  (cost=0.00..73925.90 rows=40664 width=4) (actual time=130.369..939.029 rows=40257 loops=1)
                          Filter: ((production_year > 2012) AND (kind_id = 7))
                          Rows Removed by Filter: 2488055
Planning time: 0.810 ms
Execution time: 15275.829 ms
