Seq Scan on cast_info ci  (cost=0.00..796071.18 rows=18617429 width=0) (actual time=0.024..17058.028 rows=20122661 loops=1)
  Filter: ((person_id < 3559446) AND (role_id < 3))
  Rows Removed by Filter: 16121683
Planning time: 1.579 ms
Execution time: 19504.293 ms
