Hash Join  (cost=253756.69..415453.36 rows=2926408 width=0) (actual time=6305.505..15160.721 rows=23909342 loops=1)
  Hash Cond: (mk.movie_id = t.id)
  ->  Seq Scan on movie_keyword mk  (cost=0.00..81003.12 rows=3338092 width=4) (actual time=0.018..1750.729 rows=3328335 loops=1)
        Filter: (keyword_id < 15431)
        Rows Removed by Filter: 1195595
  ->  Hash  (cost=217389.12..217389.12 rows=2216686 width=8) (actual time=6304.551..6304.551 rows=2216089 loops=1)
        Buckets: 131072  Batches: 32  Memory Usage: 3785kB
        ->  Hash Join  (cost=102767.86..217389.12 rows=2216686 width=8) (actual time=2385.173..5703.983 rows=2216089 loops=1)
              Hash Cond: (mc.movie_id = t.id)
              ->  Seq Scan on movie_companies mc  (cost=0.00..51404.11 rows=2216686 width=4) (actual time=0.246..1171.888 rows=2216089 loops=1)
                    Filter: (company_id > 239)
                    Rows Removed by Filter: 393040
              ->  Hash  (cost=61283.27..61283.27 rows=2528527 width=4) (actual time=2382.956..2382.956 rows=2528312 loops=1)
                    Buckets: 131072  Batches: 64  Memory Usage: 2415kB
                    ->  Seq Scan on title t  (cost=0.00..61283.27 rows=2528527 width=4) (actual time=0.015..1160.094 rows=2528312 loops=1)
Planning time: 1.181 ms
Execution time: 17834.179 ms
