Hash Join  (cost=102767.86..183858.43 rows=823167 width=0) (actual time=1956.775..3921.732 rows=815242 loops=1)
  Hash Cond: (mc.movie_id = t.id)
  ->  Seq Scan on movie_companies mc  (cost=0.00..51404.11 rows=823167 width=4) (actual time=0.021..1057.891 rows=815242 loops=1)
        Filter: (company_id < 1891)
        Rows Removed by Filter: 1793887
  ->  Hash  (cost=61283.27..61283.27 rows=2528527 width=4) (actual time=1955.009..1955.009 rows=2528312 loops=1)
        Buckets: 131072  Batches: 64  Memory Usage: 2415kB
        ->  Seq Scan on title t  (cost=0.00..61283.27 rows=2528527 width=4) (actual time=0.022..1106.505 rows=2528312 loops=1)
Planning time: 0.841 ms
Execution time: 3997.376 ms
