Nested Loop  (cost=81265.57..107096.13 rows=1 width=0) (actual time=1705.449..1826.068 rows=22 loops=1)
  Join Filter: (mi_idx.movie_id = t.id)
  ->  Hash Join  (cost=81265.14..107006.42 rows=17 width=8) (actual time=1705.282..1819.436 rows=139 loops=1)
        Hash Cond: (mi_idx.movie_id = mk.movie_id)
        ->  Seq Scan on movie_info_idx mi_idx  (cost=0.00..25185.44 rows=368 width=4) (actual time=369.459..482.991 rows=260 loops=1)
              Filter: (info_type_id > 101)
              Rows Removed by Filter: 1379775
        ->  Hash  (cost=81003.12..81003.12 rows=20961 width=4) (actual time=1335.559..1335.559 rows=19528 loops=1)
              Buckets: 32768  Batches: 1  Memory Usage: 943kB
              ->  Seq Scan on movie_keyword mk  (cost=0.00..81003.12 rows=20961 width=4) (actual time=1.635..1326.519 rows=19528 loops=1)
                    Filter: (keyword_id = 137)
                    Rows Removed by Filter: 4504402
  ->  Index Scan using title_pkey on title t  (cost=0.43..5.26 rows=1 width=4) (actual time=0.047..0.047 rows=0 loops=139)
        Index Cond: (id = mk.movie_id)
        Filter: (production_year > 2004)
        Rows Removed by Filter: 1
Planning time: 1.150 ms
Execution time: 1826.260 ms
