Hash Join  (cost=178898.56..694941.60 rows=3396112 width=0) (actual time=3754.160..17291.568 rows=2401146 loops=1)
  Hash Cond: (mi.movie_id = t.id)
  ->  Seq Scan on movie_info mi  (cost=0.00..309384.22 rows=14739122 width=4) (actual time=0.023..6410.924 rows=14835720 loops=1)
  ->  Hash  (cost=169339.93..169339.93 rows=582610 width=8) (actual time=3752.136..3752.136 rows=219905 loops=1)
        Buckets: 131072  Batches: 8  Memory Usage: 2086kB
        ->  Hash Join  (cost=92815.53..169339.93 rows=582610 width=8) (actual time=1831.633..3689.609 rows=219905 loops=1)
              Hash Cond: (mc.movie_id = t.id)
              ->  Seq Scan on movie_companies mc  (cost=0.00..51404.11 rows=1279517 width=4) (actual time=0.020..1025.489 rows=1274246 loops=1)
                    Filter: (company_type_id = 1)
                    Rows Removed by Filter: 1334883
              ->  Hash  (cost=73925.90..73925.90 rows=1151330 width=4) (actual time=1830.642..1830.642 rows=1245557 loops=1)
                    Buckets: 131072  Batches: 16  Memory Usage: 3773kB
                    ->  Seq Scan on title t  (cost=0.00..73925.90 rows=1151330 width=4) (actual time=0.060..1448.019 rows=1245557 loops=1)
                          Filter: ((kind_id > 4) AND (production_year > 1984))
                          Rows Removed by Filter: 1282755
Planning time: 1.152 ms
Execution time: 17550.762 ms
