Hash Join  (cost=102767.86..995458.57 rows=3604771 width=0) (actual time=14582.704..21057.715 rows=4091412 loops=1)
  Hash Cond: (ci.movie_id = t.id)
  ->  Seq Scan on cast_info ci  (cost=0.00..796071.18 rows=3604771 width=4) (actual time=12637.974..15681.615 rows=4091412 loops=1)
        Filter: ((person_id > 571906) AND (role_id = 10))
        Rows Removed by Filter: 32152932
  ->  Hash  (cost=61283.27..61283.27 rows=2528527 width=4) (actual time=1941.689..1941.689 rows=2528312 loops=1)
        Buckets: 131072  Batches: 64  Memory Usage: 2415kB
        ->  Seq Scan on title t  (cost=0.00..61283.27 rows=2528527 width=4) (actual time=0.035..1092.271 rows=2528312 loops=1)
Planning time: 0.760 ms
Execution time: 21501.804 ms
