Seq Scan on movie_keyword mk  (cost=0.00..81003.12 rows=3311899 width=0) (actual time=0.025..1736.502 rows=3302848 loops=1)
  Filter: (keyword_id < 14915)
  Rows Removed by Filter: 1221082
Planning time: 0.296 ms
Execution time: 2148.131 ms
