Hash Join  (cost=222007.76..375227.25 rows=2562245 width=0) (actual time=5630.495..15927.760 rows=22371107 loops=1)
  Hash Cond: (mk.movie_id = t.id)
  ->  Seq Scan on movie_keyword mk  (cost=0.00..69693.30 rows=4523930 width=4) (actual time=0.023..1559.378 rows=4523930 loops=1)
  ->  Hash  (cost=198511.55..198511.55 rows=1432097 width=8) (actual time=5628.791..5628.791 rows=1422897 loops=1)
        Buckets: 131072  Batches: 32  Memory Usage: 2793kB
        ->  Hash Join  (cost=102767.86..198511.55 rows=1432097 width=8) (actual time=2594.948..5206.102 rows=1422897 loops=1)
              Hash Cond: (mc.movie_id = t.id)
              ->  Seq Scan on movie_companies mc  (cost=0.00..51404.11 rows=1432097 width=4) (actual time=0.028..999.050 rows=1422897 loops=1)
                    Filter: (company_id < 12534)
                    Rows Removed by Filter: 1186232
              ->  Hash  (cost=61283.27..61283.27 rows=2528527 width=4) (actual time=2592.791..2592.791 rows=2528312 loops=1)
                    Buckets: 131072  Batches: 64  Memory Usage: 2415kB
                    ->  Seq Scan on title t  (cost=0.00..61283.27 rows=2528527 width=4) (actual time=0.021..1030.759 rows=2528312 loops=1)
Planning time: 2.323 ms
Execution time: 18475.316 ms
