Hash Join  (cost=122789.99..215675.46 rows=64008 width=0) (actual time=2720.623..4800.575 rows=600500 loops=1)
  Hash Cond: (mk.movie_id = t.id)
  ->  Seq Scan on movie_keyword mk  (cost=0.00..81003.12 rows=912338 width=4) (actual time=0.037..1443.558 rows=920332 loops=1)
        Filter: (keyword_id < 870)
        Rows Removed by Filter: 3603598
  ->  Hash  (cost=119879.54..119879.54 rows=177396 width=8) (actual time=2719.993..2719.993 rows=318019 loops=1)
        Buckets: 131072 (originally 131072)  Batches: 8 (originally 4)  Memory Usage: 3073kB
        ->  Hash Join  (cost=83810.17..119879.54 rows=177396 width=8) (actual time=1547.648..2604.312 rows=318019 loops=1)
              Hash Cond: (mi_idx.movie_id = t.id)
              ->  Seq Scan on movie_info_idx mi_idx  (cost=0.00..25185.44 rows=454124 width=4) (actual time=0.018..529.355 rows=459925 loops=1)
                    Filter: (info_type_id = 100)
                    Rows Removed by Filter: 920110
              ->  Hash  (cost=67604.59..67604.59 rows=987727 width=4) (actual time=1546.852..1546.852 rows=985048 loops=1)
                    Buckets: 131072  Batches: 16  Memory Usage: 3188kB
                    ->  Seq Scan on title t  (cost=0.00..67604.59 rows=987727 width=4) (actual time=0.028..1235.359 rows=985048 loops=1)
                          Filter: (kind_id < 7)
                          Rows Removed by Filter: 1543264
Planning time: 1.550 ms
Execution time: 4877.645 ms
