Hash Join  (cost=547692.12..720115.88 rows=3345757 width=0) (actual time=10379.118..29232.432 rows=71621836 loops=1)
  Hash Cond: (mk.movie_id = t.id)
  ->  Seq Scan on movie_keyword mk  (cost=0.00..81003.12 rows=3854813 width=4) (actual time=0.024..1803.626 rows=3849165 loops=1)
        Filter: (keyword_id < 27790)
        Rows Removed by Filter: 674765
  ->  Hash  (cost=511686.41..511686.41 rows=2194617 width=8) (actual time=10377.482..10377.482 rows=2233850 loops=1)
        Buckets: 131072  Batches: 32  Memory Usage: 3671kB
        ->  Hash Join  (cost=102767.86..511686.41 rows=2194617 width=8) (actual time=4186.553..9734.001 rows=2233850 loops=1)
              Hash Cond: (mi.movie_id = t.id)
              ->  Seq Scan on movie_info mi  (cost=0.00..346232.03 rows=2194617 width=4) (actual time=1779.182..4949.394 rows=2233850 loops=1)
                    Filter: (info_type_id > 16)
                    Rows Removed by Filter: 12601870
              ->  Hash  (cost=61283.27..61283.27 rows=2528527 width=4) (actual time=2396.452..2396.452 rows=2528312 loops=1)
                    Buckets: 131072  Batches: 64  Memory Usage: 2425kB
                    ->  Seq Scan on title t  (cost=0.00..61283.27 rows=2528527 width=4) (actual time=0.013..1000.066 rows=2528312 loops=1)
Planning time: 1.113 ms
Execution time: 36483.120 ms
