Hash Join  (cost=230275.59..830286.59 rows=9538818 width=0) (actual time=5216.695..27655.081 rows=40111014 loops=1)
  Hash Cond: (mi.movie_id = t.id)
  ->  Seq Scan on movie_info mi  (cost=0.00..309384.22 rows=14739122 width=4) (actual time=0.014..6132.105 rows=14835720 loops=1)
  ->  Hash  (cost=203427.54..203427.54 rows=1636404 width=8) (actual time=5215.718..5215.718 rows=1635500 loops=1)
        Buckets: 131072  Batches: 32  Memory Usage: 3064kB
        ->  Hash Join  (cost=102767.86..203427.54 rows=1636404 width=8) (actual time=1928.833..4756.422 rows=1635500 loops=1)
              Hash Cond: (mc.movie_id = t.id)
              ->  Seq Scan on movie_companies mc  (cost=0.00..51404.11 rows=1636404 width=4) (actual time=0.023..1084.920 rows=1635500 loops=1)
                    Filter: (company_id > 4226)
                    Rows Removed by Filter: 973629
              ->  Hash  (cost=61283.27..61283.27 rows=2528527 width=4) (actual time=1926.460..1926.460 rows=2528312 loops=1)
                    Buckets: 131072  Batches: 64  Memory Usage: 2415kB
                    ->  Seq Scan on title t  (cost=0.00..61283.27 rows=2528527 width=4) (actual time=0.013..1061.413 rows=2528312 loops=1)
Planning time: 1.191 ms
Execution time: 31824.018 ms
