Seq Scan on cast_info ci  (cost=0.00..796071.18 rows=224 width=0) (actual time=7667.058..14415.623 rows=74 loops=1)
  Filter: ((role_id > 2) AND (person_id = 917674))
  Rows Removed by Filter: 36244270
Planning time: 0.369 ms
Execution time: 14415.742 ms
