Hash Join  (cost=962860.92..1536949.67 rows=7109392 width=0) (actual time=20823.908..54065.301 rows=86756328 loops=1)
  Hash Cond: (mi.movie_id = t.id)
  ->  Seq Scan on movie_info mi  (cost=0.00..309384.22 rows=14739122 width=4) (actual time=0.014..6100.389 rows=14835720 loops=1)
  ->  Hash  (cost=942850.53..942850.53 rows=1219631 width=8) (actual time=20038.607..20038.607 rows=1862932 loops=1)
        Buckets: 131072 (originally 131072)  Batches: 32 (originally 16)  Memory Usage: 3356kB
        ->  Hash Join  (cost=78556.72..942850.53 rows=1219631 width=8) (actual time=6613.152..19487.914 rows=1862932 loops=1)
              Hash Cond: (ci.movie_id = t.id)
              ->  Seq Scan on cast_info ci  (cost=0.00..796071.18 rows=4619817 width=4) (actual time=5394.228..14550.101 rows=6529547 loops=1)
                    Filter: ((person_id > 1639325) AND (role_id > 5))
                    Rows Removed by Filter: 29714797
              ->  Hash  (cost=67604.59..67604.59 rows=667531 width=4) (actual time=1218.097..1218.097 rows=662825 loops=1)
                    Buckets: 131072  Batches: 16  Memory Usage: 2476kB
                    ->  Seq Scan on title t  (cost=0.00..67604.59 rows=667531 width=4) (actual time=130.230..974.079 rows=662825 loops=1)
                          Filter: (kind_id = 1)
                          Rows Removed by Filter: 1865487
Planning time: 0.771 ms
Execution time: 63591.305 ms
