Nested Loop  (cost=0.43..799702.19 rows=435 width=0) (actual time=10004.217..15270.103 rows=236 loops=1)
  ->  Seq Scan on cast_info ci  (cost=0.00..796071.18 rows=435 width=4) (actual time=10004.083..15264.179 rows=236 loops=1)
        Filter: ((role_id < 10) AND (person_id = 1135104))
        Rows Removed by Filter: 36244108
  ->  Index Only Scan using title_pkey on title t  (cost=0.43..8.34 rows=1 width=4) (actual time=0.024..0.024 rows=1 loops=236)
        Index Cond: (id = ci.movie_id)
        Heap Fetches: 236
Planning time: 0.767 ms
Execution time: 15270.229 ms
