Hash Join  (cost=313487.01..854254.57 rows=8164046 width=0) (actual time=7748.518..25749.216 rows=32507419 loops=1)
  Hash Cond: (mi.movie_id = t.id)
  ->  Seq Scan on movie_info mi  (cost=0.00..346232.03 rows=7235534 width=4) (actual time=134.620..6417.045 rows=7286865 loops=1)
        Filter: (info_type_id < 8)
        Rows Removed by Filter: 7548855
  ->  Hash  (cost=266679.46..266679.46 rows=2853004 width=8) (actual time=7612.548..7612.548 rows=2420319 loops=1)
        Buckets: 131072  Batches: 64  Memory Usage: 2567kB
        ->  Hash Join  (cost=94666.80..266679.46 rows=2853004 width=8) (actual time=1876.751..6480.563 rows=2420319 loops=1)
              Hash Cond: (mk.movie_id = t.id)
              ->  Seq Scan on movie_keyword mk  (cost=0.00..81003.12 rows=4373499 width=4) (actual time=0.038..1810.390 rows=4360169 loops=1)
                    Filter: (keyword_id > 117)
                    Rows Removed by Filter: 163761
              ->  Hash  (cost=67604.59..67604.59 rows=1649457 width=4) (actual time=1875.239..1875.239 rows=1643514 loops=1)
                    Buckets: 131072  Batches: 32  Memory Usage: 2839kB
                    ->  Seq Scan on title t  (cost=0.00..67604.59 rows=1649457 width=4) (actual time=0.023..1293.577 rows=1643514 loops=1)
                          Filter: (production_year > 1994)
                          Rows Removed by Filter: 884798
Planning time: 1.072 ms
Execution time: 29215.531 ms
