Hash Join  (cost=80166.74..1169953.06 rows=5449715 width=0) (actual time=1352.180..33963.645 rows=6709712 loops=1)
  Hash Cond: (ci.movie_id = t.id)
  ->  Seq Scan on cast_info ci  (cost=0.00..614943.12 rows=36225612 width=4) (actual time=0.019..13932.987 rows=36244344 loops=1)
  ->  Hash  (cost=73925.90..73925.90 rows=380387 width=4) (actual time=1351.120..1351.120 rows=484820 loops=1)
        Buckets: 131072  Batches: 8  Memory Usage: 3166kB
        ->  Seq Scan on title t  (cost=0.00..73925.90 rows=380387 width=4) (actual time=0.025..1187.136 rows=484820 loops=1)
              Filter: ((kind_id < 7) AND (production_year < 1999))
              Rows Removed by Filter: 2043492
Planning time: 1.009 ms
Execution time: 34689.845 ms
