Hash Join  (cost=100332.39..1416291.84 rows=23058627 width=0) (actual time=2408.746..41685.591 rows=24560789 loops=1)
  Hash Cond: (ci.movie_id = t.id)
  ->  Seq Scan on cast_info ci  (cost=0.00..614943.12 rows=36225612 width=4) (actual time=0.016..13190.567 rows=36244344 loops=1)
  ->  Hash  (cost=73925.90..73925.90 rows=1609479 width=4) (actual time=2407.512..2407.512 rows=1704735 loops=1)
        Buckets: 131072  Batches: 32  Memory Usage: 2901kB
        ->  Seq Scan on title t  (cost=0.00..73925.90 rows=1609479 width=4) (actual time=0.019..1502.443 rows=1704735 loops=1)
              Filter: ((kind_id > 2) AND (production_year > 1950))
              Rows Removed by Filter: 823577
Planning time: 0.666 ms
Execution time: 44531.639 ms
