Nested Loop  (cost=0.43..184948.66 rows=15596 width=0) (actual time=0.091..1555.728 rows=19653 loops=1)
  ->  Seq Scan on movie_keyword mk  (cost=0.00..81003.12 rows=18699 width=4) (actual time=0.027..1224.342 rows=20522 loops=1)
        Filter: (keyword_id = 382)
        Rows Removed by Filter: 4503408
  ->  Index Scan using title_pkey on title t  (cost=0.43..5.55 rows=1 width=4) (actual time=0.015..0.016 rows=1 loops=20522)
        Index Cond: (id = mk.movie_id)
        Filter: (production_year > 1968)
        Rows Removed by Filter: 0
Planning time: 0.729 ms
Execution time: 1560.305 ms
