Hash Join  (cost=438902.18..1237201.34 rows=1137 width=0) (actual time=10591.855..20276.036 rows=13486 loops=1)
  Hash Cond: (ci.movie_id = t.id)
  ->  Seq Scan on cast_info ci  (cost=0.00..796071.18 rows=221658 width=4) (actual time=1879.530..11501.929 rows=207102 loops=1)
        Filter: ((person_id < 279002) AND (role_id = 4))
        Rows Removed by Filter: 36037242
  ->  Hash  (cost=438739.70..438739.70 rows=12999 width=8) (actual time=8711.731..8711.731 rows=67948 loops=1)
        Buckets: 131072 (originally 16384)  Batches: 1 (originally 1)  Memory Usage: 3679kB
        ->  Hash Join  (cost=73953.78..438739.70 rows=12999 width=8) (actual time=1132.796..8681.037 rows=67948 loops=1)
              Hash Cond: (mi.movie_id = t.id)
              ->  Seq Scan on movie_info mi  (cost=0.00..309384.22 rows=14739122 width=4) (actual time=0.025..4437.660 rows=14835720 loops=1)
              ->  Hash  (cost=73925.90..73925.90 rows=2230 width=4) (actual time=1132.723..1132.723 rows=5532 loops=1)
                    Buckets: 8192 (originally 4096)  Batches: 1 (originally 1)  Memory Usage: 259kB
                    ->  Seq Scan on title t  (cost=0.00..73925.90 rows=2230 width=4) (actual time=3.085..1129.915 rows=5532 loops=1)
                          Filter: ((kind_id < 3) AND (production_year = 1986))
                          Rows Removed by Filter: 2522780
Planning time: 1.282 ms
Execution time: 20278.418 ms
