Hash Join  (cost=75973.97..152799.32 rows=128783 width=0) (actual time=1049.136..2805.457 rows=27082 loops=1)
  Hash Cond: (mc.movie_id = t.id)
  ->  Seq Scan on movie_companies mc  (cost=0.00..44881.29 rows=2609129 width=4) (actual time=0.031..895.140 rows=2609129 loops=1)
  ->  Hash  (cost=73925.90..73925.90 rows=124805 width=4) (actual time=1048.170..1048.170 rows=22607 loops=1)
        Buckets: 131072  Batches: 2  Memory Usage: 1421kB
        ->  Seq Scan on title t  (cost=0.00..73925.90 rows=124805 width=4) (actual time=0.292..1038.632 rows=22607 loops=1)
              Filter: ((production_year < 1956) AND (kind_id = 7))
              Rows Removed by Filter: 2505705
Planning time: 0.740 ms
Execution time: 2809.104 ms
