Seq Scan on movie_keyword mk  (cost=0.00..81003.12 rows=3124429 width=0) (actual time=0.023..1472.433 rows=3107543 loops=1)
  Filter: (keyword_id > 1941)
  Rows Removed by Filter: 1416387
Planning time: 0.324 ms
Execution time: 1852.921 ms
