Seq Scan on movie_keyword mk  (cost=0.00..81003.12 rows=1767487 width=0) (actual time=0.026..1355.641 rows=1773095 loops=1)
  Filter: (keyword_id > 7820)
  Rows Removed by Filter: 2750835
Planning time: 0.305 ms
Execution time: 1565.082 ms
