Seq Scan on cast_info ci  (cost=0.00..705507.15 rows=500 width=0) (actual time=1104.316..10431.678 rows=1 loops=1)
  Filter: (person_id = 959543)
  Rows Removed by Filter: 36244343
Planning time: 0.375 ms
Execution time: 10431.760 ms
