Seq Scan on movie_keyword mk  (cost=0.00..81003.12 rows=2958487 width=0) (actual time=0.027..1530.592 rows=2942590 loops=1)
  Filter: (keyword_id < 9849)
  Rows Removed by Filter: 1581340
Planning time: 0.305 ms
Execution time: 1889.127 ms
