Nested Loop  (cost=0.43..83071.67 rows=246 width=0) (actual time=9.882..1172.375 rows=78 loops=1)
  ->  Seq Scan on movie_keyword mk  (cost=0.00..81003.12 rows=246 width=4) (actual time=9.792..1167.780 rows=78 loops=1)
        Filter: (keyword_id = 295)
        Rows Removed by Filter: 4523852
  ->  Index Only Scan using title_pkey on title t  (cost=0.43..8.40 rows=1 width=4) (actual time=0.053..0.054 rows=1 loops=78)
        Index Cond: (id = mk.movie_id)
        Heap Fetches: 78
Planning time: 0.803 ms
Execution time: 1172.512 ms
