Hash Join  (cost=68078.69..95196.18 rows=20701 width=0) (actual time=1060.602..1692.132 rows=10662 loops=1)
  Hash Cond: (mi_idx.movie_id = t.id)
  ->  Seq Scan on movie_info_idx mi_idx  (cost=0.00..21735.35 rows=1380035 width=4) (actual time=0.023..309.821 rows=1380035 loops=1)
  ->  Hash  (cost=67604.59..67604.59 rows=37928 width=4) (actual time=1060.217..1060.217 rows=35050 loops=1)
        Buckets: 65536  Batches: 1  Memory Usage: 1745kB
        ->  Seq Scan on title t  (cost=0.00..67604.59 rows=37928 width=4) (actual time=293.552..1046.086 rows=35050 loops=1)
              Filter: (production_year < 1912)
              Rows Removed by Filter: 2493262
Planning time: 0.757 ms
Execution time: 1693.942 ms
