Hash Join  (cost=235942.05..1423544.48 rows=14971627 width=0) (actual time=5557.470..49023.419 rows=44253502 loops=1)
  Hash Cond: (ci.movie_id = t.id)
  ->  Seq Scan on cast_info ci  (cost=0.00..614943.12 rows=36225612 width=4) (actual time=0.020..13919.711 rows=36244344 loops=1)
  ->  Hash  (cost=218796.41..218796.41 rows=1045011 width=8) (actual time=5556.488..5556.488 rows=1045502 loops=1)
        Buckets: 131072  Batches: 16  Memory Usage: 3604kB
        ->  Hash Join  (cost=102767.86..218796.41 rows=1045011 width=8) (actual time=2666.566..5295.914 rows=1045502 loops=1)
              Hash Cond: (mk.movie_id = t.id)
              ->  Seq Scan on movie_keyword mk  (cost=0.00..81003.12 rows=1045011 width=4) (actual time=0.028..1544.344 rows=1045502 loops=1)
                    Filter: (keyword_id < 1042)
                    Rows Removed by Filter: 3478428
              ->  Hash  (cost=61283.27..61283.27 rows=2528527 width=4) (actual time=2665.391..2665.391 rows=2528312 loops=1)
                    Buckets: 131072  Batches: 64  Memory Usage: 2425kB
                    ->  Seq Scan on title t  (cost=0.00..61283.27 rows=2528527 width=4) (actual time=0.023..1129.021 rows=2528312 loops=1)
Planning time: 1.051 ms
Execution time: 54009.106 ms
