Seq Scan on cast_info ci  (cost=0.00..705507.15 rows=11329034 width=0) (actual time=2545.968..11757.767 rows=11320922 loops=1)
  Filter: (person_id > 2568052)
  Rows Removed by Filter: 24923422
Planning time: 0.315 ms
Execution time: 13154.914 ms
