Hash Join  (cost=129909.77..627596.29 rows=1675761 width=0) (actual time=2761.677..18385.723 rows=9684481 loops=1)
  Hash Cond: (mi.movie_id = t.id)
  ->  Seq Scan on movie_info mi  (cost=0.00..309384.22 rows=14739122 width=4) (actual time=0.013..6055.399 rows=14835720 loops=1)
  ->  Hash  (cost=125193.27..125193.27 rows=287480 width=8) (actual time=2760.948..2760.948 rows=431562 loops=1)
        Buckets: 131072 (originally 131072)  Batches: 8 (originally 4)  Memory Usage: 3150kB
        ->  Hash Join  (cost=82567.99..125193.27 rows=287480 width=8) (actual time=1418.799..2625.297 rows=431562 loops=1)
              Hash Cond: (mi_idx.movie_id = t.id)
              ->  Seq Scan on movie_info_idx mi_idx  (cost=0.00..21735.35 rows=1380035 width=4) (actual time=0.037..427.917 rows=1380035 loops=1)
              ->  Hash  (cost=73925.90..73925.90 rows=526727 width=4) (actual time=1418.105..1418.105 rows=399363 loops=1)
                    Buckets: 131072  Batches: 8  Memory Usage: 2788kB
                    ->  Seq Scan on title t  (cost=0.00..73925.90 rows=526727 width=4) (actual time=16.590..1115.064 rows=399363 loops=1)
                          Filter: ((kind_id < 2) AND (production_year > 1976))
                          Rows Removed by Filter: 2128949
Planning time: 1.261 ms
Execution time: 19547.156 ms
