Seq Scan on movie_keyword mk  (cost=0.00..81003.12 rows=2857211 width=0) (actual time=0.025..1497.065 rows=2846568 loops=1)
  Filter: (keyword_id < 8672)
  Rows Removed by Filter: 1677362
Planning time: 0.343 ms
Execution time: 1847.208 ms
