Seq Scan on movie_keyword mk  (cost=0.00..81003.12 rows=246 width=0) (actual time=34.549..1183.700 rows=49 loops=1)
  Filter: (keyword_id = 11841)
  Rows Removed by Filter: 4523881
Planning time: 0.332 ms
Execution time: 1183.830 ms
