Hash Join  (cost=102767.86..791718.79 rows=13832302 width=0) (actual time=1817.561..20243.980 rows=13867355 loops=1)
  Hash Cond: (mi.movie_id = t.id)
  ->  Seq Scan on movie_info mi  (cost=0.00..346232.03 rows=13832302 width=4) (actual time=0.021..7674.624 rows=13867355 loops=1)
        Filter: (info_type_id < 94)
        Rows Removed by Filter: 968365
  ->  Hash  (cost=61283.27..61283.27 rows=2528527 width=4) (actual time=1816.108..1816.108 rows=2528312 loops=1)
        Buckets: 131072  Batches: 64  Memory Usage: 2425kB
        ->  Seq Scan on title t  (cost=0.00..61283.27 rows=2528527 width=4) (actual time=0.016..959.436 rows=2528312 loops=1)
Planning time: 0.818 ms
Execution time: 21712.537 ms
