Seq Scan on cast_info ci  (cost=0.00..796071.18 rows=176 width=0) (actual time=5371.494..10344.450 rows=1 loops=1)
  Filter: ((person_id = 204256) AND (role_id = 1))
  Rows Removed by Filter: 36244343
Planning time: 0.454 ms
Execution time: 10344.583 ms
