Nested Loop  (cost=0.43..83072.90 rows=103 width=0) (actual time=381.210..1268.839 rows=6 loops=1)
  ->  Seq Scan on movie_keyword mk  (cost=0.00..81003.12 rows=246 width=4) (actual time=348.945..1267.966 rows=14 loops=1)
        Filter: (keyword_id = 19924)
        Rows Removed by Filter: 4523916
  ->  Index Scan using title_pkey on title t  (cost=0.43..8.40 rows=1 width=4) (actual time=0.055..0.055 rows=0 loops=14)
        Index Cond: (id = mk.movie_id)
        Filter: ((kind_id > 1) AND (production_year > 1999))
        Rows Removed by Filter: 1
Planning time: 1.062 ms
Execution time: 1268.956 ms
