Hash Join  (cost=207764.49..277569.29 rows=112047 width=0) (actual time=3990.265..5365.092 rows=223227 loops=1)
  Hash Cond: (mc.movie_id = t.id)
  ->  Seq Scan on movie_companies mc  (cost=0.00..57926.93 rows=812372 width=4) (actual time=0.011..1032.431 rows=507387 loops=1)
        Filter: ((company_id < 15820) AND (company_type_id = 2))
        Rows Removed by Filter: 2101742
  ->  Hash  (cost=202042.14..202042.14 rows=348748 width=8) (actual time=3989.618..3989.618 rows=363285 loops=1)
        Buckets: 131072  Batches: 8  Memory Usage: 2827kB
        ->  Hash Join  (cost=102767.86..202042.14 rows=348748 width=8) (actual time=1879.231..3881.787 rows=363285 loops=1)
              Hash Cond: (mk.movie_id = t.id)
              ->  Seq Scan on movie_keyword mk  (cost=0.00..81003.12 rows=348748 width=4) (actual time=0.023..1298.009 rows=363285 loops=1)
                    Filter: (keyword_id < 334)
                    Rows Removed by Filter: 4160645
              ->  Hash  (cost=61283.27..61283.27 rows=2528527 width=4) (actual time=1875.857..1875.857 rows=2528312 loops=1)
                    Buckets: 131072  Batches: 64  Memory Usage: 2425kB
                    ->  Seq Scan on title t  (cost=0.00..61283.27 rows=2528527 width=4) (actual time=0.016..1014.357 rows=2528312 loops=1)
Planning time: 0.814 ms
Execution time: 5392.929 ms
