Seq Scan on movie_keyword mk  (cost=0.00..81003.12 rows=665499 width=0) (actual time=0.026..1164.610 rows=662748 loops=1)
  Filter: (keyword_id < 518)
  Rows Removed by Filter: 3861182
Planning time: 0.333 ms
Execution time: 1242.446 ms
