Nested Loop  (cost=0.43..709674.40 rows=173 width=0) (actual time=1497.972..10832.841 rows=89 loops=1)
  ->  Seq Scan on cast_info ci  (cost=0.00..705507.15 rows=500 width=4) (actual time=1497.338..10829.493 rows=175 loops=1)
        Filter: (person_id = 2372560)
        Rows Removed by Filter: 36244169
  ->  Index Scan using title_pkey on title t  (cost=0.43..8.32 rows=1 width=4) (actual time=0.018..0.018 rows=1 loops=175)
        Index Cond: (id = ci.movie_id)
        Filter: ((kind_id > 3) AND (production_year > 2001))
        Rows Removed by Filter: 0
Planning time: 0.792 ms
Execution time: 10832.980 ms
