Seq Scan on movie_companies mc  (cost=0.00..57926.93 rows=538236 width=0) (actual time=0.031..940.870 rows=839689 loops=1)
  Filter: ((company_id > 14590) AND (company_type_id > 1))
  Rows Removed by Filter: 1769440
Planning time: 0.228 ms
Execution time: 1049.410 ms
