Hash Join  (cost=160526.42..1049689.83 rows=2006135 width=0) (actual time=3303.478..23544.432 rows=4628772 loops=1)
  Hash Cond: (ci.movie_id = t.id)
  ->  Seq Scan on cast_info ci  (cost=0.00..796071.18 rows=6031968 width=4) (actual time=0.029..13911.867 rows=9290297 loops=1)
        Filter: ((person_id > 2772503) AND (role_id > 1))
        Rows Removed by Filter: 26954047
  ->  Hash  (cost=146729.58..146729.58 rows=840947 width=8) (actual time=3302.709..3302.709 rows=425718 loops=1)
        Buckets: 131072  Batches: 16  Memory Usage: 2062kB
        ->  Hash Join  (cost=92883.59..146729.58 rows=840947 width=8) (actual time=1765.236..3192.429 rows=425718 loops=1)
              Hash Cond: (mi_idx.movie_id = t.id)
              ->  Seq Scan on movie_info_idx mi_idx  (cost=0.00..21735.35 rows=1380035 width=4) (actual time=0.023..461.089 rows=1380035 loops=1)
              ->  Hash  (cost=67604.59..67604.59 rows=1540800 width=4) (actual time=1764.198..1764.198 rows=1543264 loops=1)
                    Buckets: 131072  Batches: 32  Memory Usage: 2722kB
                    ->  Seq Scan on title t  (cost=0.00..67604.59 rows=1540800 width=4) (actual time=0.013..1274.184 rows=1543264 loops=1)
                          Filter: (kind_id = 7)
                          Rows Removed by Filter: 985048
Planning time: 1.112 ms
Execution time: 24076.195 ms
