Hash Join  (cost=205216.66..247906.39 rows=291225 width=0) (actual time=4659.660..5301.033 rows=153303 loops=1)
  Hash Cond: (mi_idx.movie_id = t.id)
  ->  Seq Scan on movie_info_idx mi_idx  (cost=0.00..21735.35 rows=1380035 width=4) (actual time=0.013..432.951 rows=1380035 loops=1)
  ->  Hash  (cost=196461.81..196461.81 rows=533588 width=8) (actual time=4258.890..4258.890 rows=106180 loops=1)
        Buckets: 131072  Batches: 8  Memory Usage: 1546kB
        ->  Hash Join  (cost=92883.59..196461.81 rows=533588 width=8) (actual time=1755.411..3944.254 rows=106180 loops=1)
              Hash Cond: (mk.movie_id = t.id)
              ->  Seq Scan on movie_keyword mk  (cost=0.00..81003.12 rows=875644 width=4) (actual time=0.015..1482.856 rows=883211 loops=1)
                    Filter: (keyword_id < 835)
                    Rows Removed by Filter: 3640719
              ->  Hash  (cost=67604.59..67604.59 rows=1540800 width=4) (actual time=1754.029..1754.029 rows=1543264 loops=1)
                    Buckets: 131072  Batches: 32  Memory Usage: 2728kB
                    ->  Seq Scan on title t  (cost=0.00..67604.59 rows=1540800 width=4) (actual time=0.029..1253.440 rows=1543264 loops=1)
                          Filter: (kind_id = 7)
                          Rows Removed by Filter: 985048
Planning time: 1.249 ms
Execution time: 5318.369 ms
