Seq Scan on cast_info ci  (cost=0.00..705507.15 rows=30336201 width=0) (actual time=1155.053..14009.029 rows=30440981 loops=1)
  Filter: (person_id > 562076)
  Rows Removed by Filter: 5803363
Planning time: 0.352 ms
Execution time: 17775.126 ms
