Seq Scan on movie_keyword mk  (cost=0.00..81003.12 rows=1858593 width=0) (actual time=0.020..1575.337 rows=1863934 loops=1)
  Filter: (keyword_id > 7396)
  Rows Removed by Filter: 2659996
Planning time: 0.317 ms
Execution time: 1824.701 ms
