Hash Join  (cost=168533.73..674954.75 rows=2494310 width=0) (actual time=3799.335..20742.296 rows=15350923 loops=1)
  Hash Cond: (mi.movie_id = t.id)
  ->  Seq Scan on movie_info mi  (cost=0.00..309384.22 rows=14739122 width=4) (actual time=0.024..6103.820 rows=14835720 loops=1)
  ->  Hash  (cost=161512.93..161512.93 rows=427904 width=8) (actual time=3798.190..3798.190 rows=815789 loops=1)
        Buckets: 131072 (originally 131072)  Batches: 16 (originally 8)  Memory Usage: 3073kB
        ->  Hash Join  (cost=87276.73..161512.93 rows=427904 width=8) (actual time=1581.233..3563.634 rows=815789 loops=1)
              Hash Cond: (mc.movie_id = t.id)
              ->  Seq Scan on movie_companies mc  (cost=0.00..51404.11 rows=1329612 width=4) (actual time=31.231..1008.158 rows=1334883 loops=1)
                    Filter: (company_type_id = 2)
                    Rows Removed by Filter: 1274246
              ->  Hash  (cost=73925.90..73925.90 rows=813746 width=4) (actual time=1549.207..1549.207 rows=821639 loops=1)
                    Buckets: 131072  Batches: 16  Memory Usage: 2827kB
                    ->  Seq Scan on title t  (cost=0.00..73925.90 rows=813746 width=4) (actual time=0.021..1295.930 rows=821639 loops=1)
                          Filter: ((kind_id < 4) AND (production_year < 2013))
                          Rows Removed by Filter: 1706673
Planning time: 1.185 ms
Execution time: 22414.533 ms
