Hash Join  (cost=78556.72..144984.18 rows=230756 width=0) (actual time=1418.163..2898.951 rows=518091 loops=1)
  Hash Cond: (mc.movie_id = t.id)
  ->  Seq Scan on movie_companies mc  (cost=0.00..51404.11 rows=874076 width=4) (actual time=0.021..887.047 rows=880937 loops=1)
        Filter: (company_id > 22810)
        Rows Removed by Filter: 1728192
  ->  Hash  (cost=67604.59..67604.59 rows=667531 width=4) (actual time=1370.170..1370.170 rows=662825 loops=1)
        Buckets: 131072  Batches: 16  Memory Usage: 2476kB
        ->  Seq Scan on title t  (cost=0.00..67604.59 rows=667531 width=4) (actual time=580.877..1169.499 rows=662825 loops=1)
              Filter: (kind_id = 1)
              Rows Removed by Filter: 1865487
Planning time: 0.739 ms
Execution time: 2958.238 ms
