Seq Scan on movie_companies mc  (cost=0.00..51404.11 rows=1215639 width=0) (actual time=0.023..921.085 rows=1203719 loops=1)
  Filter: (company_id < 11045)
  Rows Removed by Filter: 1405410
Planning time: 0.370 ms
Execution time: 1069.752 ms
