Hash Join  (cost=183406.30..1328147.32 rows=10799286 width=0) (actual time=4054.628..40583.382 rows=19153687 loops=1)
  Hash Cond: (ci.movie_id = t.id)
  ->  Seq Scan on cast_info ci  (cost=0.00..614943.12 rows=36225612 width=4) (actual time=0.025..13516.464 rows=36244344 loops=1)
  ->  Hash  (cost=171039.00..171039.00 rows=753784 width=8) (actual time=4053.500..4053.500 rows=644188 loops=1)
        Buckets: 131072  Batches: 16  Memory Usage: 2581kB
        ->  Hash Join  (cost=91123.00..171039.00 rows=753784 width=8) (actual time=2160.980..3887.956 rows=644188 loops=1)
              Hash Cond: (mc.movie_id = t.id)
              ->  Seq Scan on movie_companies mc  (cost=0.00..51404.11 rows=1329612 width=4) (actual time=394.905..1103.658 rows=1334883 loops=1)
                    Filter: (company_type_id > 1)
                    Rows Removed by Filter: 1274246
              ->  Hash  (cost=67604.59..67604.59 rows=1433473 width=4) (actual time=1765.153..1765.153 rows=1434466 loops=1)
                    Buckets: 131072  Batches: 32  Memory Usage: 2600kB
                    ->  Seq Scan on title t  (cost=0.00..67604.59 rows=1433473 width=4) (actual time=0.022..1295.797 rows=1434466 loops=1)
                          Filter: (production_year > 1999)
                          Rows Removed by Filter: 1093846
Planning time: 4.826 ms
Execution time: 42818.917 ms
