Hash Join  (cost=1289441.23..2501781.51 rows=54839313 width=0) (actual time=33465.328..93967.970 rows=160233289 loops=1)
  Hash Cond: (mi.movie_id = t.id)
  ->  Seq Scan on movie_info mi  (cost=0.00..309384.22 rows=14739122 width=4) (actual time=0.014..6227.483 rows=14835720 loops=1)
  ->  Hash  (cost=1135093.75..1135093.75 rows=9407798 width=8) (actual time=33462.732..33462.732 rows=12670688 loops=1)
        Buckets: 131072 (originally 131072)  Batches: 256 (originally 128)  Memory Usage: 3073kB
        ->  Hash Join  (cost=102767.86..1135093.75 rows=9407798 width=8) (actual time=1940.414..29524.085 rows=12670688 loops=1)
              Hash Cond: (ci.movie_id = t.id)
              ->  Seq Scan on cast_info ci  (cost=0.00..796071.18 rows=9407798 width=4) (actual time=0.028..16300.486 rows=12670688 loops=1)
                    Filter: ((person_id < 2761423) AND (role_id < 2))
                    Rows Removed by Filter: 23573656
              ->  Hash  (cost=61283.27..61283.27 rows=2528527 width=4) (actual time=1938.643..1938.643 rows=2528312 loops=1)
                    Buckets: 131072  Batches: 64  Memory Usage: 2415kB
                    ->  Seq Scan on title t  (cost=0.00..61283.27 rows=2528527 width=4) (actual time=0.029..1092.356 rows=2528312 loops=1)
Planning time: 1.213 ms
Execution time: 112185.042 ms
