Hash Join  (cost=196237.66..701342.73 rows=2787518 width=0) (actual time=5090.807..22461.613 rows=11189025 loops=1)
  Hash Cond: (mi.movie_id = t.id)
  ->  Seq Scan on movie_info mi  (cost=0.00..346232.03 rows=11115165 width=4) (actual time=0.021..8668.549 rows=11210743 loops=1)
        Filter: (info_type_id > 3)
        Rows Removed by Filter: 3624977
  ->  Hash  (cost=185833.19..185833.19 rows=634117 width=8) (actual time=5090.114..5090.114 rows=895048 loops=1)
        Buckets: 131072  Batches: 16  Memory Usage: 3227kB
        ->  Hash Join  (cost=102767.86..185833.19 rows=634117 width=8) (actual time=2938.815..4825.474 rows=895048 loops=1)
              Hash Cond: (mc.movie_id = t.id)
              ->  Seq Scan on movie_companies mc  (cost=0.00..57926.93 rows=634117 width=4) (actual time=348.898..1113.005 rows=895048 loops=1)
                    Filter: ((company_id > 11589) AND (company_type_id = 2))
                    Rows Removed by Filter: 1714081
              ->  Hash  (cost=61283.27..61283.27 rows=2528527 width=4) (actual time=2588.725..2588.725 rows=2528312 loops=1)
                    Buckets: 131072  Batches: 64  Memory Usage: 2415kB
                    ->  Seq Scan on title t  (cost=0.00..61283.27 rows=2528527 width=4) (actual time=0.014..1094.230 rows=2528312 loops=1)
Planning time: 1.334 ms
Execution time: 23727.615 ms
