Hash Join  (cost=201761.03..729498.26 rows=4492030 width=0) (actual time=4622.765..26962.400 rows=41720415 loops=1)
  Hash Cond: (mi.movie_id = t.id)
  ->  Seq Scan on movie_info mi  (cost=0.00..309384.22 rows=14739122 width=4) (actual time=0.021..5969.401 rows=14835720 loops=1)
  ->  Hash  (cost=189117.32..189117.32 rows=770617 width=8) (actual time=4621.807..4621.807 rows=1061556 loops=1)
        Buckets: 131072  Batches: 16  Memory Usage: 3666kB
        ->  Hash Join  (cost=102767.86..189117.32 rows=770617 width=8) (actual time=2338.941..4320.131 rows=1061556 loops=1)
              Hash Cond: (mc.movie_id = t.id)
              ->  Seq Scan on movie_companies mc  (cost=0.00..57926.93 rows=770617 width=4) (actual time=358.715..1107.568 rows=1061556 loops=1)
                    Filter: ((company_id < 15055) AND (company_type_id < 2))
                    Rows Removed by Filter: 1547573
              ->  Hash  (cost=61283.27..61283.27 rows=2528527 width=4) (actual time=1979.103..1979.103 rows=2528312 loops=1)
                    Buckets: 131072  Batches: 64  Memory Usage: 2415kB
                    ->  Seq Scan on title t  (cost=0.00..61283.27 rows=2528527 width=4) (actual time=0.016..1130.523 rows=2528312 loops=1)
Planning time: 1.092 ms
Execution time: 31494.517 ms
