Nested Loop  (cost=0.43..83072.29 rows=1 width=0) (actual time=25.682..1382.639 rows=17 loops=1)
  ->  Seq Scan on movie_keyword mk  (cost=0.00..81003.12 rows=246 width=4) (actual time=0.074..1268.148 rows=2899 loops=1)
        Filter: (keyword_id = 317)
        Rows Removed by Filter: 4521031
  ->  Index Scan using title_pkey on title t  (cost=0.43..8.40 rows=1 width=4) (actual time=0.039..0.039 rows=0 loops=2899)
        Index Cond: (id = mk.movie_id)
        Filter: (production_year = 1969)
        Rows Removed by Filter: 1
Planning time: 0.699 ms
Execution time: 1382.773 ms
