Seq Scan on cast_info ci  (cost=0.00..705507.15 rows=500 width=0) (actual time=830.791..9596.775 rows=51 loops=1)
  Filter: (person_id = 1770086)
  Rows Removed by Filter: 36244293
Planning time: 0.394 ms
Execution time: 9596.895 ms
