Hash Join  (cost=483085.58..639621.17 rows=513699 width=0) (actual time=12575.361..17842.657 rows=9177101 loops=1)
  Hash Cond: (mk.movie_id = t.id)
  ->  Seq Scan on movie_keyword mk  (cost=0.00..69693.30 rows=4523930 width=4) (actual time=0.018..1339.038 rows=4523930 loops=1)
  ->  Hash  (cost=478374.60..478374.60 rows=287118 width=8) (actual time=12569.808..12569.808 rows=478088 loops=1)
        Buckets: 131072 (originally 131072)  Batches: 8 (originally 4)  Memory Usage: 3461kB
        ->  Hash Join  (cost=74547.77..478374.60 rows=287118 width=8) (actual time=1109.787..12011.039 rows=478088 loops=1)
              Hash Cond: (mi.movie_id = t.id)
              ->  Seq Scan on movie_info mi  (cost=0.00..346232.03 rows=14592968 width=4) (actual time=0.019..7174.866 rows=14637966 loops=1)
                    Filter: (info_type_id < 107)
                    Rows Removed by Filter: 197754
              ->  Hash  (cost=73925.90..73925.90 rows=49749 width=4) (actual time=1108.631..1108.631 rows=44012 loops=1)
                    Buckets: 65536  Batches: 1  Memory Usage: 2060kB
                    ->  Seq Scan on title t  (cost=0.00..73925.90 rows=49749 width=4) (actual time=0.054..1090.344 rows=44012 loops=1)
                          Filter: ((kind_id < 7) AND (production_year = 2009))
                          Rows Removed by Filter: 2484300
Planning time: 1.186 ms
Execution time: 18905.415 ms
