Hash Join  (cost=102767.86..225489.31 rows=1323220 width=0) (actual time=2213.827..5213.784 rows=1338220 loops=1)
  Hash Cond: (mk.movie_id = t.id)
  ->  Seq Scan on movie_keyword mk  (cost=0.00..81003.12 rows=1323220 width=4) (actual time=0.016..1587.937 rows=1338220 loops=1)
        Filter: (keyword_id > 12835)
        Rows Removed by Filter: 3185710
  ->  Hash  (cost=61283.27..61283.27 rows=2528527 width=4) (actual time=2212.022..2212.022 rows=2528312 loops=1)
        Buckets: 131072  Batches: 64  Memory Usage: 2425kB
        ->  Seq Scan on title t  (cost=0.00..61283.27 rows=2528527 width=4) (actual time=0.012..1124.470 rows=2528312 loops=1)
Planning time: 0.716 ms
Execution time: 5370.004 ms
