Hash Join  (cost=75240.21..106257.93 rows=14717 width=0) (actual time=1404.624..2845.502 rows=45390 loops=1)
  Hash Cond: (mi_idx.movie_id = t.id)
  ->  Seq Scan on movie_info_idx mi_idx  (cost=0.00..25185.44 rows=464566 width=4) (actual time=0.029..506.160 rows=459925 loops=1)
        Filter: (info_type_id = 101)
        Rows Removed by Filter: 920110
  ->  Hash  (cost=73925.90..73925.90 rows=80104 width=4) (actual time=1138.940..1138.940 rows=205999 loops=1)
        Buckets: 131072 (originally 131072)  Batches: 4 (originally 2)  Memory Usage: 3073kB
        ->  Seq Scan on title t  (cost=0.00..73925.90 rows=80104 width=4) (actual time=8.508..1064.175 rows=205999 loops=1)
              Filter: ((production_year < 1965) AND (kind_id = 1))
              Rows Removed by Filter: 2322313
Planning time: 0.810 ms
Execution time: 2852.101 ms
