Hash Join  (cost=332043.22..1457538.86 rows=15495123 width=0) (actual time=14906.934..49919.852 rows=61223070 loops=1)
  Hash Cond: (ci.movie_id = t.id)
  ->  Seq Scan on cast_info ci  (cost=0.00..796071.18 rows=11456997 width=4) (actual time=7037.743..17618.930 rows=12670688 loops=1)
        Filter: ((person_id < 3404169) AND (role_id = 1))
        Rows Removed by Filter: 23573656
  ->  Hash  (cost=275937.59..275937.59 rows=3419730 width=8) (actual time=7866.561..7866.561 rows=3410700 loops=1)
        Buckets: 131072  Batches: 64  Memory Usage: 3127kB
        ->  Hash Join  (cost=102767.86..275937.59 rows=3419730 width=8) (actual time=1977.061..6884.882 rows=3410700 loops=1)
              Hash Cond: (mk.movie_id = t.id)
              ->  Seq Scan on movie_keyword mk  (cost=0.00..81003.12 rows=3419730 width=4) (actual time=0.035..1745.539 rows=3410700 loops=1)
                    Filter: (keyword_id > 1148)
                    Rows Removed by Filter: 1113230
              ->  Hash  (cost=61283.27..61283.27 rows=2528527 width=4) (actual time=1976.027..1976.027 rows=2528312 loops=1)
                    Buckets: 131072  Batches: 64  Memory Usage: 2425kB
                    ->  Seq Scan on title t  (cost=0.00..61283.27 rows=2528527 width=4) (actual time=0.023..1134.722 rows=2528312 loops=1)
Planning time: 1.169 ms
Execution time: 56629.385 ms
