Hash Join  (cost=165440.77..1248779.95 rows=3112279 width=0) (actual time=8410.838..34229.026 rows=1911885 loops=1)
  Hash Cond: (ci.movie_id = t.id)
  ->  Seq Scan on cast_info ci  (cost=0.00..796071.18 rows=22032322 width=4) (actual time=4104.866..18997.421 rows=22939192 loops=1)
        Filter: ((person_id > 215166) AND (role_id > 1))
        Rows Removed by Filter: 13305152
  ->  Hash  (cost=159580.03..159580.03 rows=357179 width=8) (actual time=4304.770..4304.770 rows=240920 loops=1)
        Buckets: 131072  Batches: 8  Memory Usage: 2200kB
        ->  Hash Join  (cost=79605.72..159580.03 rows=357179 width=8) (actual time=2107.374..4229.223 rows=240920 loops=1)
              Hash Cond: (mc.movie_id = t.id)
              ->  Seq Scan on movie_companies mc  (cost=0.00..44881.29 rows=2609129 width=4) (actual time=0.018..913.377 rows=2609129 loops=1)
              ->  Hash  (cost=73925.90..73925.90 rows=346145 width=4) (actual time=2104.920..2104.920 rows=208615 loops=1)
                    Buckets: 131072  Batches: 8  Memory Usage: 1935kB
                    ->  Seq Scan on title t  (cost=0.00..73925.90 rows=346145 width=4) (actual time=0.037..1287.225 rows=208615 loops=1)
                          Filter: ((kind_id > 1) AND (production_year < 1977))
                          Rows Removed by Filter: 2319697
Planning time: 1.234 ms
Execution time: 34446.260 ms
