Seq Scan on movie_keyword mk  (cost=0.00..81003.12 rows=1554419 width=0) (actual time=0.022..1473.900 rows=1569305 loops=1)
  Filter: (keyword_id > 9985)
  Rows Removed by Filter: 2954625
Planning time: 0.318 ms
Execution time: 1663.088 ms
