Seq Scan on cast_info ci  (cost=0.00..796071.18 rows=2029664 width=0) (actual time=1979.101..14568.469 rows=1528232 loops=1)
  Filter: ((person_id < 2769182) AND (role_id = 4))
  Rows Removed by Filter: 34716112
Planning time: 0.268 ms
Execution time: 14758.277 ms
