Hash Join  (cost=131882.21..498511.12 rows=197299 width=0) (actual time=2610.449..11090.868 rows=589932 loops=1)
  Hash Cond: (mi.movie_id = t.id)
  ->  Seq Scan on movie_info mi  (cost=0.00..309384.22 rows=14739122 width=4) (actual time=0.023..4477.431 rows=14835720 loops=1)
  ->  Hash  (cost=131459.12..131459.12 rows=33847 width=8) (actual time=2610.001..2610.001 rows=40372 loops=1)
        Buckets: 65536  Batches: 1  Memory Usage: 2090kB
        ->  Hash Join  (cost=74730.49..131459.12 rows=33847 width=8) (actual time=1145.917..2591.176 rows=40372 loops=1)
              Hash Cond: (mc.movie_id = t.id)
              ->  Seq Scan on movie_companies mc  (cost=0.00..51404.11 rows=1329612 width=4) (actual time=0.272..1049.411 rows=1334883 loops=1)
                    Filter: (company_type_id > 1)
                    Rows Removed by Filter: 1274246
              ->  Hash  (cost=73925.90..73925.90 rows=64367 width=4) (actual time=1145.161..1145.161 rows=53905 loops=1)
                    Buckets: 65536  Batches: 1  Memory Usage: 2408kB
                    ->  Seq Scan on title t  (cost=0.00..73925.90 rows=64367 width=4) (actual time=0.058..1122.830 rows=53905 loops=1)
                          Filter: ((kind_id < 7) AND (production_year = 2012))
                          Rows Removed by Filter: 2474407
Planning time: 1.156 ms
Execution time: 11172.203 ms
