Hash Join  (cost=82042.47..549741.05 rows=1729843 width=0) (actual time=1316.564..12626.811 rows=2819873 loops=1)
  Hash Cond: (mi.movie_id = t.id)
  ->  Seq Scan on movie_info mi  (cost=0.00..346232.03 rows=8841901 width=4) (actual time=0.023..6477.704 rows=8950757 loops=1)
        Filter: (info_type_id > 6)
        Rows Removed by Filter: 5884963
  ->  Hash  (cost=73925.90..73925.90 rows=494685 width=4) (actual time=1315.690..1315.690 rows=364663 loops=1)
        Buckets: 131072  Batches: 8  Memory Usage: 2641kB
        ->  Seq Scan on title t  (cost=0.00..73925.90 rows=494685 width=4) (actual time=0.022..1199.296 rows=364663 loops=1)
              Filter: ((production_year > 1984) AND (kind_id = 1))
              Rows Removed by Filter: 2163649
Planning time: 0.832 ms
Execution time: 12953.845 ms
