Seq Scan on cast_info ci  (cost=0.00..705507.15 rows=500 width=0) (actual time=4033.312..11098.972 rows=2660 loops=1)
  Filter: (person_id = 649446)
  Rows Removed by Filter: 36241684
Planning time: 0.370 ms
Execution time: 11099.403 ms
