Hash Join  (cost=73962.22..431735.22 rows=3525 width=0) (actual time=2041.910..7140.050 rows=5516 loops=1)
  Hash Cond: (mi.movie_id = t.id)
  ->  Seq Scan on movie_info mi  (cost=0.00..346232.03 rows=3068194 width=4) (actual time=949.090..5536.102 rows=3036719 loops=1)
        Filter: (info_type_id = 16)
        Rows Removed by Filter: 11799001
  ->  Hash  (cost=73925.90..73925.90 rows=2905 width=4) (actual time=1092.468..1092.468 rows=4339 loops=1)
        Buckets: 8192 (originally 4096)  Batches: 1 (originally 1)  Memory Usage: 217kB
        ->  Seq Scan on title t  (cost=0.00..73925.90 rows=2905 width=4) (actual time=0.897..1090.121 rows=4339 loops=1)
              Filter: ((kind_id < 7) AND (production_year = 1961))
              Rows Removed by Filter: 2523973
Planning time: 0.778 ms
Execution time: 7141.299 ms
