Hash Join  (cost=443779.77..1503540.62 rows=2526870 width=0) (actual time=7670.788..39276.872 rows=7464743 loops=1)
  Hash Cond: (ci.movie_id = t.id)
  ->  Seq Scan on cast_info ci  (cost=0.00..614943.12 rows=36225612 width=4) (actual time=0.022..12917.445 rows=36244344 loops=1)
  ->  Hash  (cost=440886.10..440886.10 rows=176374 width=8) (actual time=7669.903..7669.903 rows=346906 loops=1)
        Buckets: 131072 (originally 131072)  Batches: 8 (originally 4)  Memory Usage: 3073kB
        ->  Hash Join  (cost=83810.17..440886.10 rows=176374 width=8) (actual time=4932.149..7567.998 rows=346906 loops=1)
              Hash Cond: (mi.movie_id = t.id)
              ->  Seq Scan on movie_info mi  (cost=0.00..346232.03 rows=451508 width=4) (actual time=3387.791..5528.940 rows=474443 loops=1)
                    Filter: (info_type_id = 6)
                    Rows Removed by Filter: 14361277
              ->  Hash  (cost=67604.59..67604.59 rows=987727 width=4) (actual time=1543.553..1543.553 rows=985048 loops=1)
                    Buckets: 131072  Batches: 16  Memory Usage: 3197kB
                    ->  Seq Scan on title t  (cost=0.00..67604.59 rows=987727 width=4) (actual time=0.026..1236.124 rows=985048 loops=1)
                          Filter: (kind_id < 7)
                          Rows Removed by Filter: 1543264
Planning time: 1.207 ms
Execution time: 40156.198 ms
