Seq Scan on movie_keyword mk  (cost=0.00..81003.12 rows=3562935 width=0) (actual time=0.024..1459.079 rows=3557744 loops=1)
  Filter: (keyword_id > 908)
  Rows Removed by Filter: 966186
Planning time: 0.308 ms
Execution time: 1886.643 ms
