Hash Join  (cost=309696.72..996544.43 rows=15950496 width=0) (actual time=6514.104..21332.649 rows=6670447 loops=1)
  Hash Cond: (mi.movie_id = t.id)
  ->  Seq Scan on movie_info mi  (cost=0.00..309384.22 rows=14739122 width=4) (actual time=0.017..6153.571 rows=14835720 loops=1)
  ->  Hash  (cost=264803.46..264803.46 rows=2736341 width=8) (actual time=6399.961..6399.961 rows=645461 loops=1)
        Buckets: 131072  Batches: 64  Memory Usage: 1408kB
        ->  Hash Join  (cost=92883.59..264803.46 rows=2736341 width=8) (actual time=3717.921..6211.385 rows=645461 loops=1)
              Hash Cond: (mk.movie_id = t.id)
              ->  Seq Scan on movie_keyword mk  (cost=0.00..81003.12 rows=4490467 width=4) (actual time=0.011..1799.104 rows=4493324 loops=1)
                    Filter: (keyword_id < 110139)
                    Rows Removed by Filter: 30606
              ->  Hash  (cost=67604.59..67604.59 rows=1540800 width=4) (actual time=1639.339..1639.339 rows=1543264 loops=1)
                    Buckets: 131072  Batches: 32  Memory Usage: 2728kB
                    ->  Seq Scan on title t  (cost=0.00..67604.59 rows=1540800 width=4) (actual time=0.029..1169.686 rows=1543264 loops=1)
                          Filter: (kind_id = 7)
                          Rows Removed by Filter: 985048
Planning time: 1.069 ms
Execution time: 22064.903 ms
