Seq Scan on movie_companies mc  (cost=0.00..51404.11 rows=1000125 width=0) (actual time=0.028..919.889 rows=1003160 loops=1)
  Filter: (company_id < 4739)
  Rows Removed by Filter: 1605969
Planning time: 5.756 ms
Execution time: 1044.415 ms
