Hash Join  (cost=148034.06..1136559.77 rows=1084723 width=0) (actual time=2832.827..27243.486 rows=2696666 loops=1)
  Hash Cond: (ci.movie_id = t.id)
  ->  Seq Scan on cast_info ci  (cost=0.00..705507.15 rows=23499554 width=4) (actual time=0.021..15597.840 rows=23573656 loops=1)
        Filter: (role_id > 1)
        Rows Removed by Filter: 12670688
  ->  Hash  (cost=146119.12..146119.12 rows=116715 width=8) (actual time=2832.080..2832.080 rows=100506 loops=1)
        Buckets: 131072  Batches: 2  Memory Usage: 2996kB
        ->  Hash Join  (cost=69460.45..146119.12 rows=116715 width=8) (actual time=1126.486..2792.875 rows=100506 loops=1)
              Hash Cond: (mc.movie_id = t.id)
              ->  Seq Scan on movie_companies mc  (cost=0.00..44881.29 rows=2609129 width=4) (actual time=0.015..746.798 rows=2609129 loops=1)
              ->  Hash  (cost=67604.59..67604.59 rows=113109 width=4) (actual time=1125.678..1125.678 rows=119565 loops=1)
                    Buckets: 131072  Batches: 2  Memory Usage: 3115kB
                    ->  Seq Scan on title t  (cost=0.00..67604.59 rows=113109 width=4) (actual time=0.049..1079.875 rows=119565 loops=1)
                          Filter: (production_year = 2007)
                          Rows Removed by Filter: 2408747
Planning time: 1.147 ms
Execution time: 27535.570 ms
