Hash Join  (cost=52284.99..418940.68 rows=224 width=0) (actual time=785.561..6897.968 rows=2162 loops=1)
  Hash Cond: (mi.movie_id = t.id)
  ->  Seq Scan on movie_info mi  (cost=0.00..346232.03 rows=5445713 width=4) (actual time=0.025..5354.088 rows=5410520 loops=1)
        Filter: (info_type_id < 6)
        Rows Removed by Filter: 9425200
  ->  Hash  (cost=52283.69..52283.69 rows=104 width=8) (actual time=782.263..782.263 rows=692 loops=1)
        Buckets: 1024  Batches: 1  Memory Usage: 36kB
        ->  Nested Loop  (cost=0.43..52283.69 rows=104 width=8) (actual time=7.848..781.853 rows=692 loops=1)
              ->  Seq Scan on movie_companies mc  (cost=0.00..51404.11 rows=104 width=4) (actual time=7.781..763.561 rows=692 loops=1)
                    Filter: (company_id = 1344)
                    Rows Removed by Filter: 2608437
              ->  Index Only Scan using title_pkey on title t  (cost=0.43..8.45 rows=1 width=4) (actual time=0.025..0.025 rows=1 loops=692)
                    Index Cond: (id = mc.movie_id)
                    Heap Fetches: 692
Planning time: 6.797 ms
Execution time: 6898.588 ms
