Seq Scan on cast_info ci  (cost=0.00..796071.18 rows=4877091 width=0) (actual time=10121.789..14186.327 rows=5767095 loops=1)
  Filter: ((person_id < 2479381) AND (role_id = 2))
  Rows Removed by Filter: 30477249
Planning time: 0.407 ms
Execution time: 14876.007 ms
