Seq Scan on movie_companies mc  (cost=0.00..51404.11 rows=1090769 width=0) (actual time=0.423..957.139 rows=1106818 loops=1)
  Filter: (company_id > 14031)
  Rows Removed by Filter: 1502311
Planning time: 0.334 ms
Execution time: 1090.453 ms
