Hash Join  (cost=170927.68..930726.95 rows=901009 width=0) (actual time=2282.875..21365.460 rows=4960902 loops=1)
  Hash Cond: (ci.movie_id = t.id)
  ->  Seq Scan on cast_info ci  (cost=0.00..614943.12 rows=36225612 width=4) (actual time=0.024..8651.290 rows=36244344 loops=1)
  ->  Hash  (cost=170141.56..170141.56 rows=62890 width=8) (actual time=2281.796..2281.796 rows=61389 loops=1)
        Buckets: 65536  Batches: 1  Memory Usage: 2911kB
        ->  Hash Join  (cost=74456.32..170141.56 rows=62890 width=8) (actual time=479.959..2265.651 rows=61389 loops=1)
              Hash Cond: (mk.movie_id = t.id)
              ->  Seq Scan on movie_keyword mk  (cost=0.00..81003.12 rows=3747524 width=4) (actual time=0.024..1267.441 rows=3738811 loops=1)
                    Filter: (keyword_id < 24007)
                    Rows Removed by Filter: 785119
              ->  Hash  (cost=73925.90..73925.90 rows=42433 width=4) (actual time=479.544..479.544 rows=37411 loops=1)
                    Buckets: 65536  Batches: 1  Memory Usage: 1828kB
                    ->  Seq Scan on title t  (cost=0.00..73925.90 rows=42433 width=4) (actual time=12.813..468.323 rows=37411 loops=1)
                          Filter: ((kind_id = 1) AND (production_year = 2011))
                          Rows Removed by Filter: 2490901
Planning time: 1.147 ms
Execution time: 21977.509 ms
