Seq Scan on movie_companies mc  (cost=0.00..51404.11 rows=20352 width=0) (actual time=516.773..783.687 rows=18933 loops=1)
  Filter: (company_id > 217271)
  Rows Removed by Filter: 2590196
Planning time: 3.134 ms
Execution time: 786.068 ms
