Hash Join  (cost=102767.86..947850.40 rows=1626299 width=0) (actual time=2740.890..17881.879 rows=1318929 loops=1)
  Hash Cond: (ci.movie_id = t.id)
  ->  Seq Scan on cast_info ci  (cost=0.00..796071.18 rows=1626299 width=4) (actual time=0.022..13744.033 rows=1318929 loops=1)
        Filter: ((person_id < 2167127) AND (role_id = 4))
        Rows Removed by Filter: 34925415
  ->  Hash  (cost=61283.27..61283.27 rows=2528527 width=4) (actual time=2738.892..2738.892 rows=2528312 loops=1)
        Buckets: 131072  Batches: 64  Memory Usage: 2415kB
        ->  Seq Scan on title t  (cost=0.00..61283.27 rows=2528527 width=4) (actual time=0.015..1203.309 rows=2528312 loops=1)
Planning time: 0.836 ms
Execution time: 18025.880 ms
