Hash Join  (cost=74498.58..831851.41 rows=656366 width=0) (actual time=1084.030..22612.617 rows=646760 loops=1)
  Hash Cond: (ci.movie_id = t.id)
  ->  Seq Scan on cast_info ci  (cost=0.00..614943.12 rows=36225612 width=4) (actual time=0.009..9496.775 rows=36244344 loops=1)
  ->  Hash  (cost=73925.90..73925.90 rows=45814 width=4) (actual time=1083.567..1083.567 rows=55711 loops=1)
        Buckets: 65536  Batches: 1  Memory Usage: 2471kB
        ->  Seq Scan on title t  (cost=0.00..73925.90 rows=45814 width=4) (actual time=43.483..1063.392 rows=55711 loops=1)
              Filter: ((production_year > 2005) AND (kind_id = 4))
              Rows Removed by Filter: 2472601
Planning time: 2.463 ms
Execution time: 22707.925 ms
