Hash Join  (cost=283788.61..1690683.57 rows=31910878 width=0) (actual time=6250.435..63600.063 rows=108025695 loops=1)
  Hash Cond: (ci.movie_id = t.id)
  ->  Seq Scan on cast_info ci  (cost=0.00..614943.12 rows=36225612 width=4) (actual time=0.011..13416.720 rows=36244344 loops=1)
  ->  Hash  (cost=247245.60..247245.60 rows=2227361 width=8) (actual time=6248.928..6248.928 rows=2222216 loops=1)
        Buckets: 131072  Batches: 32  Memory Usage: 3720kB
        ->  Hash Join  (cost=102767.86..247245.60 rows=2227361 width=8) (actual time=1978.602..5605.531 rows=2222216 loops=1)
              Hash Cond: (mk.movie_id = t.id)
              ->  Seq Scan on movie_keyword mk  (cost=0.00..81003.12 rows=2227361 width=4) (actual time=0.020..1560.094 rows=2222216 loops=1)
                    Filter: (keyword_id > 4928)
                    Rows Removed by Filter: 2301714
              ->  Hash  (cost=61283.27..61283.27 rows=2528527 width=4) (actual time=1976.267..1976.267 rows=2528312 loops=1)
                    Buckets: 131072  Batches: 64  Memory Usage: 2425kB
                    ->  Seq Scan on title t  (cost=0.00..61283.27 rows=2528527 width=4) (actual time=0.006..1110.712 rows=2528312 loops=1)
Planning time: 1.169 ms
Execution time: 75227.527 ms
