Hash Join  (cost=147246.59..275927.46 rows=548183 width=0) (actual time=3306.031..7169.789 rows=955201 loops=1)
  Hash Cond: (mk.movie_id = t.id)
  ->  Seq Scan on movie_keyword mk  (cost=0.00..69693.30 rows=4523930 width=4) (actual time=0.007..1505.938 rows=4523930 loops=1)
  ->  Hash  (cost=142219.69..142219.69 rows=306392 width=8) (actual time=3304.699..3304.699 rows=249091 loops=1)
        Buckets: 131072  Batches: 8  Memory Usage: 2250kB
        ->  Hash Join  (cost=101498.44..142219.69 rows=306392 width=8) (actual time=2125.365..3223.284 rows=249091 loops=1)
              Hash Cond: (mi_idx.movie_id = t.id)
              ->  Seq Scan on movie_info_idx mi_idx  (cost=0.00..25185.44 rows=460978 width=4) (actual time=0.018..460.545 rows=459925 loops=1)
                    Filter: (info_type_id < 100)
                    Rows Removed by Filter: 920110
              ->  Hash  (cost=73925.90..73925.90 rows=1680603 width=4) (actual time=2124.191..2124.191 rows=1787901 loops=1)
                    Buckets: 131072  Batches: 32  Memory Usage: 2993kB
                    ->  Seq Scan on title t  (cost=0.00..73925.90 rows=1680603 width=4) (actual time=0.024..1539.408 rows=1787901 loops=1)
                          Filter: ((kind_id > 1) AND (production_year > 1952))
                          Rows Removed by Filter: 740411
Planning time: 1.165 ms
Execution time: 7276.950 ms
