Hash Join  (cost=74545.71..158445.88 rows=14397 width=0) (actual time=1298.857..2755.373 rows=25527 loops=1)
  Hash Cond: (mk.movie_id = t.id)
  ->  Seq Scan on movie_keyword mk  (cost=0.00..81003.12 rows=734155 width=4) (actual time=0.018..1289.203 rows=733737 loops=1)
        Filter: (keyword_id < 658)
        Rows Removed by Filter: 3790193
  ->  Hash  (cost=73925.90..73925.90 rows=49584 width=4) (actual time=1298.264..1298.264 rows=38752 loops=1)
        Buckets: 65536  Batches: 1  Memory Usage: 1875kB
        ->  Seq Scan on title t  (cost=0.00..73925.90 rows=49584 width=4) (actual time=0.050..1282.837 rows=38752 loops=1)
              Filter: ((kind_id < 7) AND (production_year = 2008))
              Rows Removed by Filter: 2489560
Planning time: 0.738 ms
Execution time: 2759.506 ms
