Hash Join  (cost=290398.53..1782976.34 rows=35843759 width=0) (actual time=5892.717..43518.801 rows=24904049 loops=1)
  Hash Cond: (ci.movie_id = t.id)
  ->  Seq Scan on cast_info ci  (cost=0.00..614943.12 rows=36225612 width=4) (actual time=0.022..13680.563 rows=36244344 loops=1)
  ->  Hash  (cost=249352.11..249352.11 rows=2501874 width=8) (actual time=5889.421..5889.421 rows=712602 loops=1)
        Buckets: 131072  Batches: 64  Memory Usage: 1429kB
        ->  Hash Join  (cost=96868.33..249352.11 rows=2501874 width=8) (actual time=1982.729..5671.814 rows=712602 loops=1)
              Hash Cond: (mk.movie_id = t.id)
              ->  Seq Scan on movie_keyword mk  (cost=0.00..69693.30 rows=4523930 width=4) (actual time=0.013..1327.960 rows=4523930 loops=1)
              ->  Hash  (cost=73925.90..73925.90 rows=1398354 width=4) (actual time=1981.428..1981.428 rows=1476979 loops=1)
                    Buckets: 131072  Batches: 32  Memory Usage: 2653kB
                    ->  Seq Scan on title t  (cost=0.00..73925.90 rows=1398354 width=4) (actual time=0.013..1491.328 rows=1476979 loops=1)
                          Filter: ((kind_id > 4) AND (production_year > 1953))
                          Rows Removed by Filter: 1051333
Planning time: 0.777 ms
Execution time: 46338.130 ms
