Hash Join  (cost=160526.42..1080390.36 rows=2691930 width=0) (actual time=3359.664..25922.721 rows=4287300 loops=1)
  Hash Cond: (ci.movie_id = t.id)
  ->  Seq Scan on cast_info ci  (cost=0.00..796071.18 rows=8093990 width=4) (actual time=0.054..15600.886 rows=12670688 loops=1)
        Filter: ((person_id < 2341698) AND (role_id = 1))
        Rows Removed by Filter: 23573656
  ->  Hash  (cost=146729.58..146729.58 rows=840947 width=8) (actual time=3357.710..3357.710 rows=425718 loops=1)
        Buckets: 131072  Batches: 16  Memory Usage: 2062kB
        ->  Hash Join  (cost=92883.59..146729.58 rows=840947 width=8) (actual time=1764.824..3230.421 rows=425718 loops=1)
              Hash Cond: (mi_idx.movie_id = t.id)
              ->  Seq Scan on movie_info_idx mi_idx  (cost=0.00..21735.35 rows=1380035 width=4) (actual time=0.017..440.874 rows=1380035 loops=1)
              ->  Hash  (cost=67604.59..67604.59 rows=1540800 width=4) (actual time=1763.813..1763.813 rows=1543264 loops=1)
                    Buckets: 131072  Batches: 32  Memory Usage: 2722kB
                    ->  Seq Scan on title t  (cost=0.00..67604.59 rows=1540800 width=4) (actual time=0.024..1265.859 rows=1543264 loops=1)
                          Filter: (kind_id = 7)
                          Rows Removed by Filter: 985048
Planning time: 1.208 ms
Execution time: 26431.764 ms
