Seq Scan on movie_keyword mk  (cost=0.00..81003.12 rows=3516347 width=0) (actual time=0.016..1572.663 rows=3513051 loops=1)
  Filter: (keyword_id > 979)
  Rows Removed by Filter: 1010879
Planning time: 0.308 ms
Execution time: 2019.680 ms
