Hash Join  (cost=208371.86..254810.90 rows=509756 width=0) (actual time=4453.349..5778.271 rows=763585 loops=1)
  Hash Cond: (mi_idx.movie_id = t.id)
  ->  Seq Scan on movie_info_idx mi_idx  (cost=0.00..21735.35 rows=1380035 width=4) (actual time=0.025..453.119 rows=1380035 loops=1)
  ->  Hash  (cost=193048.05..193048.05 rows=933985 width=8) (actual time=4452.269..4452.269 rows=618084 loops=1)
        Buckets: 131072  Batches: 16  Memory Usage: 2522kB
        ->  Hash Join  (cost=102767.86..193048.05 rows=933985 width=8) (actual time=2596.602..4264.621 rows=618084 loops=1)
              Hash Cond: (mc.movie_id = t.id)
              ->  Seq Scan on movie_companies mc  (cost=0.00..57926.93 rows=933985 width=4) (actual time=326.432..1078.395 rows=618084 loops=1)
                    Filter: ((company_id < 32446) AND (company_type_id = 2))
                    Rows Removed by Filter: 1991045
              ->  Hash  (cost=61283.27..61283.27 rows=2528527 width=4) (actual time=2268.913..2268.913 rows=2528312 loops=1)
                    Buckets: 131072  Batches: 64  Memory Usage: 2415kB
                    ->  Seq Scan on title t  (cost=0.00..61283.27 rows=2528527 width=4) (actual time=0.018..1099.438 rows=2528312 loops=1)
Planning time: 4.812 ms
Execution time: 5862.219 ms
