Hash Join  (cost=67697.55..154488.65 rows=13306 width=0) (actual time=1052.249..2836.296 rows=53337 loops=1)
  Hash Cond: (mk.movie_id = t.id)
  ->  Seq Scan on movie_keyword mk  (cost=0.00..69693.30 rows=4523930 width=4) (actual time=0.019..967.612 rows=4523930 loops=1)
  ->  Hash  (cost=67604.59..67604.59 rows=7437 width=4) (actual time=1051.493..1051.493 rows=21312 loops=1)
        Buckets: 32768 (originally 8192)  Batches: 1 (originally 1)  Memory Usage: 1006kB
        ->  Seq Scan on title t  (cost=0.00..67604.59 rows=7437 width=4) (actual time=0.026..1041.932 rows=21312 loops=1)
              Filter: (production_year = 1989)
              Rows Removed by Filter: 2507000
Planning time: 0.717 ms
Execution time: 2843.322 ms
