Seq Scan on title t  (cost=0.00..73925.90 rows=517229 width=0) (actual time=77.386..1172.768 rows=403947 loops=1)
  Filter: ((production_year < 1996) AND (kind_id = 7))
  Rows Removed by Filter: 2124365
Planning time: 0.371 ms
Execution time: 1222.581 ms
