Hash Join  (cost=260683.05..865574.99 rows=9996313 width=0) (actual time=7368.669..74298.468 rows=228658298 loops=1)
  Hash Cond: (mi.movie_id = t.id)
  ->  Seq Scan on movie_info mi  (cost=0.00..309384.22 rows=14739122 width=4) (actual time=0.017..6373.338 rows=14835720 loops=1)
  ->  Hash  (cost=232547.95..232547.95 rows=1714888 width=8) (actual time=7352.970..7352.970 rows=3863696 loops=1)
        Buckets: 131072 (originally 131072)  Batches: 64 (originally 32)  Memory Usage: 3500kB
        ->  Hash Join  (cost=89652.03..232547.95 rows=1714888 width=8) (actual time=1647.715..6222.270 rows=3863696 loops=1)
              Hash Cond: (mk.movie_id = t.id)
              ->  Seq Scan on movie_keyword mk  (cost=0.00..69693.30 rows=4523930 width=4) (actual time=0.029..1444.320 rows=4523930 loops=1)
              ->  Hash  (cost=73925.90..73925.90 rows=958490 width=4) (actual time=1646.878..1646.878 rows=976742 loops=1)
                    Buckets: 131072  Batches: 16  Memory Usage: 3179kB
                    ->  Seq Scan on title t  (cost=0.00..73925.90 rows=958490 width=4) (actual time=0.029..1328.519 rows=976742 loops=1)
                          Filter: ((kind_id < 7) AND (production_year > 1896))
                          Rows Removed by Filter: 1551570
Planning time: 1.187 ms
Execution time: 98891.164 ms
