Hash Join  (cost=102767.86..275061.56 rows=3383297 width=0) (actual time=1954.692..6536.225 rows=3373138 loops=1)
  Hash Cond: (mk.movie_id = t.id)
  ->  Seq Scan on movie_keyword mk  (cost=0.00..81003.12 rows=3383297 width=4) (actual time=0.028..1801.985 rows=3373138 loops=1)
        Filter: (keyword_id > 1322)
        Rows Removed by Filter: 1150792
  ->  Hash  (cost=61283.27..61283.27 rows=2528527 width=4) (actual time=1921.423..1921.423 rows=2528312 loops=1)
        Buckets: 131072  Batches: 64  Memory Usage: 2425kB
        ->  Seq Scan on title t  (cost=0.00..61283.27 rows=2528527 width=4) (actual time=0.019..1056.864 rows=2528312 loops=1)
Planning time: 0.697 ms
Execution time: 6913.029 ms
