Hash Join  (cost=365418.15..1861923.33 rows=40157758 width=0) (actual time=10556.751..67606.226 rows=130046109 loops=1)
  Hash Cond: (ci.movie_id = t.id)
  ->  Seq Scan on cast_info ci  (cost=0.00..705507.15 rows=22445081 width=4) (actual time=2071.219..15656.833 rows=22487862 loops=1)
        Filter: (person_id > 1354937)
        Rows Removed by Filter: 13756482
  ->  Hash  (cost=291197.02..291197.02 rows=4523930 width=8) (actual time=8483.487..8483.487 rows=4523930 loops=1)
        Buckets: 131072  Batches: 64  Memory Usage: 3816kB
        ->  Hash Join  (cost=102767.86..291197.02 rows=4523930 width=8) (actual time=2056.005..7263.971 rows=4523930 loops=1)
              Hash Cond: (mk.movie_id = t.id)
              ->  Seq Scan on movie_keyword mk  (cost=0.00..69693.30 rows=4523930 width=4) (actual time=0.033..1421.328 rows=4523930 loops=1)
              ->  Hash  (cost=61283.27..61283.27 rows=2528527 width=4) (actual time=2054.677..2054.677 rows=2528312 loops=1)
                    Buckets: 131072  Batches: 64  Memory Usage: 2425kB
                    ->  Seq Scan on title t  (cost=0.00..61283.27 rows=2528527 width=4) (actual time=0.022..1202.990 rows=2528312 loops=1)
Planning time: 1.192 ms
Execution time: 82002.459 ms
