Seq Scan on movie_keyword mk  (cost=0.00..81003.12 rows=2853881 width=0) (actual time=0.019..1469.910 rows=2841923 loops=1)
  Filter: (keyword_id < 8643)
  Rows Removed by Filter: 1682007
Planning time: 0.450 ms
Execution time: 1822.886 ms
