Seq Scan on movie_companies mc  (cost=0.00..51404.11 rows=892906 width=0) (actual time=0.022..867.218 rows=889500 loops=1)
  Filter: (company_id < 2741)
  Rows Removed by Filter: 1719629
Planning time: 0.365 ms
Execution time: 979.594 ms
