Seq Scan on cast_info ci  (cost=0.00..705507.15 rows=592383 width=0) (actual time=997.803..11003.386 rows=614340 loops=1)
  Filter: (person_id > 3942483)
  Rows Removed by Filter: 35630004
Planning time: 0.320 ms
Execution time: 11080.201 ms
