Hash Join  (cost=270185.73..880810.19 rows=9473029 width=0) (actual time=6541.746..41983.579 rows=100255575 loops=1)
  Hash Cond: (mi.movie_id = t.id)
  ->  Seq Scan on movie_info mi  (cost=0.00..346232.03 rows=12665229 width=4) (actual time=0.016..6978.819 rows=12744652 loops=1)
        Filter: (info_type_id > 2)
        Rows Removed by Filter: 2091068
  ->  Hash  (cost=239157.41..239157.41 rows=1891226 width=8) (actual time=6540.733..6540.733 rows=1896324 loops=1)
        Buckets: 131072  Batches: 32  Memory Usage: 3406kB
        ->  Hash Join  (cost=102767.86..239157.41 rows=1891226 width=8) (actual time=1972.463..5998.902 rows=1896324 loops=1)
              Hash Cond: (mk.movie_id = t.id)
              ->  Seq Scan on movie_keyword mk  (cost=0.00..81003.12 rows=1891226 width=4) (actual time=0.011..1573.722 rows=1896324 loops=1)
                    Filter: (keyword_id > 7137)
                    Rows Removed by Filter: 2627606
              ->  Hash  (cost=61283.27..61283.27 rows=2528527 width=4) (actual time=1971.284..1971.284 rows=2528312 loops=1)
                    Buckets: 131072  Batches: 64  Memory Usage: 2425kB
                    ->  Seq Scan on title t  (cost=0.00..61283.27 rows=2528527 width=4) (actual time=0.017..1111.975 rows=2528312 loops=1)
Planning time: 0.830 ms
Execution time: 52664.554 ms
