Hash Join  (cost=81573.24..178841.88 rows=198613 width=0) (actual time=1622.116..3661.900 rows=303563 loops=1)
  Hash Cond: (mk.movie_id = t.id)
  ->  Seq Scan on movie_keyword mk  (cost=0.00..81003.12 rows=1077434 width=4) (actual time=0.023..1437.705 rows=1088237 loops=1)
        Filter: (keyword_id > 16264)
        Rows Removed by Filter: 3435693
  ->  Hash  (cost=73925.90..73925.90 rows=466107 width=4) (actual time=1621.209..1621.209 rows=396359 loops=1)
        Buckets: 131072  Batches: 8  Memory Usage: 2769kB
        ->  Seq Scan on title t  (cost=0.00..73925.90 rows=466107 width=4) (actual time=0.027..1171.026 rows=396359 loops=1)
              Filter: ((kind_id < 7) AND (production_year > 2003))
              Rows Removed by Filter: 2131953
Planning time: 1.880 ms
Execution time: 3698.562 ms
