Seq Scan on cast_info ci  (cost=0.00..796071.18 rows=324 width=0) (actual time=12369.520..13713.838 rows=1442 loops=1)
  Filter: ((role_id > 1) AND (person_id = 2029783))
  Rows Removed by Filter: 36242902
Planning time: 0.399 ms
Execution time: 13714.158 ms
