Hash Join  (cost=58358.90..412368.45 rows=42 width=0) (actual time=1243.767..6570.814 rows=161 loops=1)
  Hash Cond: (mi.movie_id = t.id)
  ->  Seq Scan on movie_info mi  (cost=0.00..346232.03 rows=2073893 width=4) (actual time=430.599..5474.182 rows=2091068 loops=1)
        Filter: (info_type_id < 3)
        Rows Removed by Filter: 12744652
  ->  Hash  (cost=58358.27..58358.27 rows=51 width=8) (actual time=810.524..810.524 rows=86 loops=1)
        Buckets: 1024  Batches: 1  Memory Usage: 12kB
        ->  Nested Loop  (cost=0.43..58358.27 rows=51 width=8) (actual time=11.879..810.419 rows=86 loops=1)
              ->  Seq Scan on movie_companies mc  (cost=0.00..57926.93 rows=51 width=4) (actual time=11.801..807.421 rows=86 loops=1)
                    Filter: ((company_type_id < 2) AND (company_id = 538))
                    Rows Removed by Filter: 2609043
              ->  Index Only Scan using title_pkey on title t  (cost=0.43..8.45 rows=1 width=4) (actual time=0.031..0.032 rows=1 loops=86)
                    Index Cond: (id = mc.movie_id)
                    Heap Fetches: 86
Planning time: 1.618 ms
Execution time: 6570.989 ms
