Seq Scan on movie_companies mc  (cost=0.00..57926.93 rows=547431 width=0) (actual time=203.116..1051.963 rows=758075 loops=1)
  Filter: ((company_id < 7851) AND (company_type_id < 2))
  Rows Removed by Filter: 1851054
Planning time: 0.337 ms
Execution time: 1145.333 ms
