Hash Join  (cost=718837.34..2791973.18 rows=79134565 width=0) (actual time=16069.018..62786.909 rows=56666646 loops=1)
  Hash Cond: (ci.movie_id = t.id)
  ->  Seq Scan on cast_info ci  (cost=0.00..614943.12 rows=36225612 width=4) (actual time=0.020..13644.325 rows=36244344 loops=1)
  ->  Hash  (cost=628216.00..628216.00 rows=5523547 width=8) (actual time=16067.361..16067.361 rows=2703477 loops=1)
        Buckets: 131072  Batches: 128  Memory Usage: 1821kB
        ->  Hash Join  (cost=89472.60..628216.00 rows=5523547 width=8) (actual time=2009.037..15360.775 rows=2703477 loops=1)
              Hash Cond: (mi.movie_id = t.id)
              ->  Seq Scan on movie_info mi  (cost=0.00..309384.22 rows=14739122 width=4) (actual time=0.019..5912.565 rows=14835720 loops=1)
              ->  Hash  (cost=73925.90..73925.90 rows=947576 width=4) (actual time=2008.105..2008.105 rows=876037 loops=1)
                    Buckets: 131072  Batches: 16  Memory Usage: 2955kB
                    ->  Seq Scan on title t  (cost=0.00..73925.90 rows=947576 width=4) (actual time=0.022..1436.316 rows=876037 loops=1)
                          Filter: ((production_year < 2007) AND (kind_id = 7))
                          Rows Removed by Filter: 1652275
Planning time: 7.410 ms
Execution time: 69243.040 ms
