Hash Join  (cost=128671.08..508140.69 rows=8046 width=0) (actual time=2251.643..9247.971 rows=38353 loops=1)
  Hash Cond: (mi.movie_id = t.id)
  ->  Seq Scan on movie_info mi  (cost=0.00..346232.03 rows=8841901 width=4) (actual time=0.012..5591.650 rows=8950757 loops=1)
        Filter: (info_type_id > 6)
        Rows Removed by Filter: 5884963
  ->  Hash  (cost=128642.31..128642.31 rows=2301 width=8) (actual time=2251.453..2251.453 rows=4589 loops=1)
        Buckets: 8192 (originally 4096)  Batches: 1 (originally 1)  Memory Usage: 244kB
        ->  Hash Join  (cost=73953.78..128642.31 rows=2301 width=8) (actual time=1115.921..2249.156 rows=4589 loops=1)
              Hash Cond: (mc.movie_id = t.id)
              ->  Seq Scan on movie_companies mc  (cost=0.00..44881.29 rows=2609129 width=4) (actual time=0.025..638.452 rows=2609129 loops=1)
              ->  Hash  (cost=73925.90..73925.90 rows=2230 width=4) (actual time=1115.149..1115.149 rows=2614 loops=1)
                    Buckets: 4096  Batches: 1  Memory Usage: 124kB
                    ->  Seq Scan on title t  (cost=0.00..73925.90 rows=2230 width=4) (actual time=435.574..1113.807 rows=2614 loops=1)
                          Filter: ((kind_id < 3) AND (production_year = 1923))
                          Rows Removed by Filter: 2525698
Planning time: 1.217 ms
Execution time: 9253.775 ms
