Hash Join  (cost=799161.11..857340.22 rows=11 width=0) (actual time=13834.325..15034.141 rows=47 loops=1)
  Hash Cond: (mc.movie_id = t.id)
  ->  Seq Scan on movie_companies mc  (cost=0.00..51404.11 rows=1806637 width=4) (actual time=0.032..965.973 rows=1800247 loops=1)
        Filter: (company_id < 29376)
        Rows Removed by Filter: 808882
  ->  Hash  (cost=799160.92..799160.92 rows=15 width=8) (actual time=13826.376..13826.376 rows=12 loops=1)
        Buckets: 1024  Batches: 1  Memory Usage: 9kB
        ->  Nested Loop  (cost=0.43..799160.92 rows=15 width=8) (actual time=4566.227..13826.336 rows=12 loops=1)
              ->  Seq Scan on cast_info ci  (cost=0.00..796071.18 rows=369 width=4) (actual time=4566.145..13823.549 rows=335 loops=1)
                    Filter: ((role_id < 5) AND (person_id = 1333722))
                    Rows Removed by Filter: 36244009
              ->  Index Scan using title_pkey on title t  (cost=0.43..8.36 rows=1 width=4) (actual time=0.008..0.008 rows=0 loops=335)
                    Index Cond: (id = ci.movie_id)
                    Filter: (kind_id = 3)
                    Rows Removed by Filter: 1
Planning time: 1.214 ms
Execution time: 15034.272 ms
