Seq Scan on cast_info ci  (cost=0.00..796071.18 rows=11160815 width=0) (actual time=3725.619..13665.132 rows=4768948 loops=1)
  Filter: ((person_id < 1687770) AND (role_id > 1))
  Rows Removed by Filter: 31475396
Planning time: 0.276 ms
Execution time: 14233.131 ms
