Hash Join  (cost=102767.86..1065279.12 rows=10270161 width=0) (actual time=1882.660..23071.584 rows=10103797 loops=1)
  Hash Cond: (ci.movie_id = t.id)
  ->  Seq Scan on cast_info ci  (cost=0.00..705507.15 rows=10270161 width=4) (actual time=0.027..12574.358 rows=10103797 loops=1)
        Filter: (person_id < 993335)
        Rows Removed by Filter: 26140547
  ->  Hash  (cost=61283.27..61283.27 rows=2528527 width=4) (actual time=1881.249..1881.249 rows=2528312 loops=1)
        Buckets: 131072  Batches: 64  Memory Usage: 2415kB
        ->  Seq Scan on title t  (cost=0.00..61283.27 rows=2528527 width=4) (actual time=0.016..1048.901 rows=2528312 loops=1)
Planning time: 3.398 ms
Execution time: 24283.868 ms
