Hash Join  (cost=28270.77..779106.35 rows=4642 width=186) (actual time=441.161..17527.209 rows=29758 loops=1)
  Hash Cond: (ci.movie_id = t.id)
  ->  Seq Scan on cast_info ci  (cost=0.00..614943.12 rows=36225612 width=42) (actual time=0.039..10415.275 rows=36244344 loops=1)
  ->  Hash  (cost=28266.72..28266.72 rows=324 width=144) (actual time=438.293..438.293 rows=254 loops=1)
        Buckets: 1024  Batches: 1  Memory Usage: 40kB
        ->  Nested Loop  (cost=0.43..28266.72 rows=324 width=144) (actual time=207.875..438.064 rows=254 loops=1)
              ->  Seq Scan on movie_info_idx mi_idx  (cost=0.00..25185.44 rows=368 width=50) (actual time=207.825..424.478 rows=260 loops=1)
                    Filter: (info_type_id > 101)
                    Rows Removed by Filter: 1379775
              ->  Index Scan using title_pkey on title t  (cost=0.43..8.36 rows=1 width=94) (actual time=0.051..0.051 rows=1 loops=260)
                    Index Cond: (id = mi_idx.movie_id)
                    Filter: (production_year < 2012)
                    Rows Removed by Filter: 0
Planning time: 2.531 ms
Execution time: 17529.916 ms
