Hash Join  (cost=82657.44..214218.84 rows=746582 width=0) (actual time=1436.994..4926.934 rows=1286867 loops=1)
  Hash Cond: (mk.movie_id = t.id)
  ->  Seq Scan on movie_keyword mk  (cost=0.00..81003.12 rows=3547053 width=4) (actual time=0.021..1611.759 rows=3542823 loops=1)
        Filter: (keyword_id < 18928)
        Rows Removed by Filter: 981107
  ->  Hash  (cost=73925.90..73925.90 rows=532203 width=4) (actual time=1435.632..1435.632 rows=408096 loops=1)
        Buckets: 131072  Batches: 8  Memory Usage: 2832kB
        ->  Seq Scan on title t  (cost=0.00..73925.90 rows=532203 width=4) (actual time=0.026..1047.276 rows=408096 loops=1)
              Filter: ((kind_id < 3) AND (production_year > 1989))
              Rows Removed by Filter: 2120216
Planning time: 0.733 ms
Execution time: 5088.461 ms
