Hash Join  (cost=28270.40..90552.39 rows=169 width=0) (actual time=1237.311..1823.034 rows=7206 loops=1)
  Hash Cond: (mc.movie_id = t.id)
  ->  Seq Scan on movie_companies mc  (cost=0.00..57926.93 rows=1160897 width=4) (actual time=0.016..1209.943 rows=1090382 loops=1)
        Filter: ((company_id > 93) AND (company_type_id < 2))
        Rows Removed by Filter: 1518747
  ->  Hash  (cost=28265.80..28265.80 rows=368 width=8) (actual time=451.247..451.247 rows=260 loops=1)
        Buckets: 1024  Batches: 1  Memory Usage: 19kB
        ->  Nested Loop  (cost=0.43..28265.80 rows=368 width=8) (actual time=212.717..451.108 rows=260 loops=1)
              ->  Seq Scan on movie_info_idx mi_idx  (cost=0.00..25185.44 rows=368 width=4) (actual time=212.641..427.886 rows=260 loops=1)
                    Filter: (info_type_id > 101)
                    Rows Removed by Filter: 1379775
              ->  Index Only Scan using title_pkey on title t  (cost=0.43..8.36 rows=1 width=4) (actual time=0.088..0.089 rows=1 loops=260)
                    Index Cond: (id = mi_idx.movie_id)
                    Heap Fetches: 260
Planning time: 1.183 ms
Execution time: 1824.149 ms
