Seq Scan on cast_info ci  (cost=0.00..796071.18 rows=1857015 width=0) (actual time=1375.147..9002.712 rows=2028390 loops=1)
  Filter: ((person_id < 211025) AND (role_id < 9))
  Rows Removed by Filter: 34215954
Planning time: 0.343 ms
Execution time: 9213.253 ms
