Hash Join  (cost=102767.86..233181.07 rows=1642836 width=0) (actual time=1892.462..4998.457 rows=1652330 loops=1)
  Hash Cond: (mk.movie_id = t.id)
  ->  Seq Scan on movie_keyword mk  (cost=0.00..81003.12 rows=1642836 width=4) (actual time=0.030..1445.962 rows=1652330 loops=1)
        Filter: (keyword_id < 2523)
        Rows Removed by Filter: 2871600
  ->  Hash  (cost=61283.27..61283.27 rows=2528527 width=4) (actual time=1890.883..1890.883 rows=2528312 loops=1)
        Buckets: 131072  Batches: 64  Memory Usage: 2425kB
        ->  Seq Scan on title t  (cost=0.00..61283.27 rows=2528527 width=4) (actual time=0.009..1016.563 rows=2528312 loops=1)
Planning time: 0.768 ms
Execution time: 5186.012 ms
