Hash Join  (cost=114432.54..465673.35 rows=23700 width=0) (actual time=5260.583..7155.859 rows=9771 loops=1)
  Hash Cond: (mi.movie_id = t.id)
  ->  Seq Scan on movie_info mi  (cost=0.00..346232.03 rows=1272478 width=4) (actual time=3118.722..4742.285 rows=1325361 loops=1)
        Filter: (info_type_id = 8)
        Rows Removed by Filter: 13510359
  ->  Hash  (cost=113843.88..113843.88 rows=47093 width=8) (actual time=2141.267..2141.267 rows=21303 loops=1)
        Buckets: 65536  Batches: 1  Memory Usage: 1345kB
        ->  Hash Join  (cost=75342.47..113843.88 rows=47093 width=8) (actual time=1208.263..2134.112 rows=21303 loops=1)
              Hash Cond: (mi_idx.movie_id = t.id)
              ->  Seq Scan on movie_info_idx mi_idx  (cost=0.00..21735.35 rows=1380035 width=4) (actual time=0.015..467.254 rows=1380035 loops=1)
              ->  Hash  (cost=73925.90..73925.90 rows=86285 width=4) (actual time=1206.649..1206.649 rows=92628 loops=1)
                    Buckets: 131072  Batches: 2  Memory Usage: 2653kB
                    ->  Seq Scan on title t  (cost=0.00..73925.90 rows=86285 width=4) (actual time=0.037..1170.951 rows=92628 loops=1)
                          Filter: ((kind_id = 7) AND (production_year = 2010))
                          Rows Removed by Filter: 2435684
Planning time: 1.172 ms
Execution time: 7157.570 ms
