Seq Scan on cast_info ci  (cost=0.00..796071.18 rows=4217836 width=0) (actual time=0.029..14239.376 rows=1383098 loops=1)
  Filter: ((person_id < 2718182) AND (role_id > 8))
  Rows Removed by Filter: 34861246
Planning time: 0.362 ms
Execution time: 14412.829 ms
