Hash Join  (cost=791318.75..846899.15 rows=18478 width=0) (actual time=13198.560..14257.676 rows=76740 loops=1)
  Hash Cond: (mc.movie_id = t.id)
  ->  Seq Scan on movie_companies mc  (cost=0.00..51404.11 rows=1064402 width=4) (actual time=0.015..777.087 rows=1060798 loops=1)
        Filter: (company_id < 6334)
        Rows Removed by Filter: 1548331
  ->  Hash  (cost=790770.05..790770.05 rows=43896 width=8) (actual time=13198.193..13198.193 rows=53430 loops=1)
        Buckets: 65536  Batches: 1  Memory Usage: 2600kB
        ->  Hash Join  (cost=79863.89..790770.05 rows=43896 width=8) (actual time=3493.173..13178.828 rows=53430 loops=1)
              Hash Cond: (ci.movie_id = t.id)
              ->  Seq Scan on cast_info ci  (cost=0.00..705507.15 rows=306680 width=4) (actual time=4.727..11565.977 rows=255798 loops=1)
                    Filter: (person_id < 30188)
                    Rows Removed by Filter: 35988546
              ->  Hash  (cost=73925.90..73925.90 rows=361919 width=4) (actual time=1360.429..1360.429 rows=470371 loops=1)
                    Buckets: 131072  Batches: 8  Memory Usage: 3103kB
                    ->  Seq Scan on title t  (cost=0.00..73925.90 rows=361919 width=4) (actual time=0.029..1212.089 rows=470371 loops=1)
                          Filter: ((kind_id < 7) AND (production_year < 1998))
                          Rows Removed by Filter: 2057941
Planning time: 1.165 ms
Execution time: 14266.738 ms
