Seq Scan on movie_keyword mk  (cost=0.00..81003.12 rows=246 width=0) (actual time=9.117..1315.873 rows=14 loops=1)
  Filter: (keyword_id = 10482)
  Rows Removed by Filter: 4523916
Planning time: 0.327 ms
Execution time: 1315.959 ms
