Hash Join  (cost=190230.21..306853.45 rows=969313 width=0) (actual time=4566.200..8098.935 rows=4085541 loops=1)
  Hash Cond: (mk.movie_id = t.id)
  ->  Seq Scan on movie_keyword mk  (cost=0.00..81003.12 rows=1775994 width=4) (actual time=0.021..1476.902 rows=1778082 loops=1)
        Filter: (keyword_id > 7777)
        Rows Removed by Filter: 2745848
  ->  Hash  (cost=167588.78..167588.78 rows=1380035 width=8) (actual time=4565.118..4565.118 rows=1380035 loops=1)
        Buckets: 131072  Batches: 32  Memory Usage: 2726kB
        ->  Hash Join  (cost=102767.86..167588.78 rows=1380035 width=8) (actual time=1975.953..4189.229 rows=1380035 loops=1)
              Hash Cond: (mi_idx.movie_id = t.id)
              ->  Seq Scan on movie_info_idx mi_idx  (cost=0.00..21735.35 rows=1380035 width=4) (actual time=0.011..524.939 rows=1380035 loops=1)
              ->  Hash  (cost=61283.27..61283.27 rows=2528527 width=4) (actual time=1973.684..1973.684 rows=2528312 loops=1)
                    Buckets: 131072  Batches: 64  Memory Usage: 2415kB
                    ->  Seq Scan on title t  (cost=0.00..61283.27 rows=2528527 width=4) (actual time=0.027..1128.796 rows=2528312 loops=1)
Planning time: 1.165 ms
Execution time: 8593.463 ms
