Hash Join  (cost=85011.79..169673.41 rows=697209 width=0) (actual time=1401.547..3965.435 rows=1060702 loops=1)
  Hash Cond: (mc.movie_id = t.id)
  ->  Seq Scan on movie_companies mc  (cost=0.00..44881.29 rows=2609129 width=4) (actual time=0.041..899.115 rows=2609129 loops=1)
  ->  Hash  (cost=73925.90..73925.90 rows=675671 width=4) (actual time=1400.647..1400.647 rows=576285 loops=1)
        Buckets: 131072  Batches: 16  Memory Usage: 2287kB
        ->  Seq Scan on title t  (cost=0.00..73925.90 rows=675671 width=4) (actual time=0.019..1202.130 rows=576285 loops=1)
              Filter: ((kind_id < 7) AND (production_year > 1991))
              Rows Removed by Filter: 1952027
Planning time: 0.740 ms
Execution time: 4091.582 ms
