Hash Join  (cost=98137.04..966266.06 rows=5668026 width=0) (actual time=8179.136..20594.551 rows=5444065 loops=1)
  Hash Cond: (ci.movie_id = t.id)
  ->  Seq Scan on cast_info ci  (cost=0.00..705507.15 rows=7701122 width=4) (actual time=6468.038..12562.133 rows=7723605 loops=1)
        Filter: (person_id > 2904568)
        Rows Removed by Filter: 28520739
  ->  Hash  (cost=67604.59..67604.59 rows=1860996 width=4) (actual time=1709.397..1709.397 rows=1865487 loops=1)
        Buckets: 131072  Batches: 32  Memory Usage: 3079kB
        ->  Seq Scan on title t  (cost=0.00..67604.59 rows=1860996 width=4) (actual time=0.024..1165.069 rows=1865487 loops=1)
              Filter: (kind_id > 1)
              Rows Removed by Filter: 662825
Planning time: 0.803 ms
Execution time: 21215.251 ms
