Seq Scan on movie_companies mc  (cost=0.00..51404.11 rows=2602310 width=0) (actual time=0.019..1058.051 rows=2602956 loops=1)
  Filter: (company_id < 229034)
  Rows Removed by Filter: 6173
Planning time: 0.359 ms
Execution time: 1378.618 ms
