Hash Join  (cost=474386.37..535258.21 rows=92356 width=0) (actual time=7911.994..9209.151 rows=358885 loops=1)
  Hash Cond: (mc.movie_id = t.id)
  ->  Seq Scan on movie_companies mc  (cost=0.00..51404.11 rows=609379 width=4) (actual time=0.024..862.964 rows=613879 loops=1)
        Filter: (company_id > 63831)
        Rows Removed by Filter: 1995250
  ->  Hash  (cost=468099.16..468099.16 rows=383217 width=8) (actual time=7910.392..7910.392 rows=368218 loops=1)
        Buckets: 131072  Batches: 8  Memory Usage: 2837kB
        ->  Hash Join  (cost=102767.86..468099.16 rows=383217 width=8) (actual time=4665.952..7807.680 rows=368218 loops=1)
              Hash Cond: (mi.movie_id = t.id)
              ->  Seq Scan on movie_info mi  (cost=0.00..346232.03 rows=383217 width=4) (actual time=2702.542..4777.870 rows=368218 loops=1)
                    Filter: (info_type_id = 17)
                    Rows Removed by Filter: 14467502
              ->  Hash  (cost=61283.27..61283.27 rows=2528527 width=4) (actual time=1953.494..1953.494 rows=2528312 loops=1)
                    Buckets: 131072  Batches: 64  Memory Usage: 2425kB
                    ->  Seq Scan on title t  (cost=0.00..61283.27 rows=2528527 width=4) (actual time=0.021..1074.739 rows=2528312 loops=1)
Planning time: 1.099 ms
Execution time: 9257.048 ms
