Hash Join  (cost=184472.09..309424.27 rows=1152090 width=0) (actual time=4308.657..8204.568 rows=4646188 loops=1)
  Hash Cond: (mk.movie_id = t.id)
  ->  Seq Scan on movie_keyword mk  (cost=0.00..81003.12 rows=2393108 width=4) (actual time=0.009..1601.285 rows=2387351 loops=1)
        Filter: (keyword_id > 3960)
        Rows Removed by Filter: 2136579
  ->  Hash  (cost=164500.05..164500.05 rows=1217283 width=8) (actual time=4307.313..4307.313 rows=1253924 loops=1)
        Buckets: 131072 (originally 131072)  Batches: 32 (originally 16)  Memory Usage: 3073kB
        ->  Hash Join  (cost=104196.70..164500.05 rows=1217283 width=8) (actual time=2097.857..3928.630 rows=1253924 loops=1)
              Hash Cond: (mi_idx.movie_id = t.id)
              ->  Seq Scan on movie_info_idx mi_idx  (cost=0.00..21735.35 rows=1380035 width=4) (actual time=0.022..422.569 rows=1380035 loops=1)
              ->  Hash  (cost=67604.59..67604.59 rows=2230329 width=4) (actual time=2096.874..2096.874 rows=2225335 loops=1)
                    Buckets: 131072  Batches: 32  Memory Usage: 3472kB
                    ->  Seq Scan on title t  (cost=0.00..67604.59 rows=2230329 width=4) (actual time=0.022..1400.869 rows=2225335 loops=1)
                          Filter: (production_year > 1958)
                          Rows Removed by Filter: 302977
Planning time: 0.795 ms
Execution time: 8731.698 ms
