Hash Join  (cost=204721.10..1416520.03 rows=17327076 width=0) (actual time=4278.912..38605.115 rows=15550443 loops=1)
  Hash Cond: (ci.movie_id = t.id)
  ->  Seq Scan on cast_info ci  (cost=0.00..614943.12 rows=36225612 width=4) (actual time=0.006..13493.106 rows=36244344 loops=1)
  ->  Hash  (cost=184878.35..184878.35 rows=1209420 width=8) (actual time=4277.549..4277.549 rows=558885 loops=1)
        Buckets: 131072  Batches: 16  Memory Usage: 2373kB
        ->  Hash Join  (cost=93155.63..184878.35 rows=1209420 width=8) (actual time=2127.813..4114.085 rows=558885 loops=1)
              Hash Cond: (mc.movie_id = t.id)
              ->  Seq Scan on movie_companies mc  (cost=0.00..44881.29 rows=2609129 width=4) (actual time=0.028..872.700 rows=2609129 loops=1)
              ->  Hash  (cost=73925.90..73925.90 rows=1172058 width=4) (actual time=1689.896..1689.896 rows=1128906 loops=1)
                    Buckets: 131072  Batches: 16  Memory Usage: 3503kB
                    ->  Seq Scan on title t  (cost=0.00..73925.90 rows=1172058 width=4) (actual time=0.019..1336.420 rows=1128906 loops=1)
                          Filter: ((production_year < 2010) AND (kind_id = 7))
                          Rows Removed by Filter: 1399406
Planning time: 1.122 ms
Execution time: 40416.443 ms
