Hash Join  (cost=190230.21..341767.21 rows=2088865 width=0) (actual time=4096.098..10317.492 rows=8988664 loops=1)
  Hash Cond: (mk.movie_id = t.id)
  ->  Seq Scan on movie_keyword mk  (cost=0.00..81003.12 rows=3827259 width=4) (actual time=0.016..1890.067 rows=3829629 loops=1)
        Filter: (keyword_id > 574)
        Rows Removed by Filter: 694301
  ->  Hash  (cost=167588.78..167588.78 rows=1380035 width=8) (actual time=4095.016..4095.016 rows=1380035 loops=1)
        Buckets: 131072  Batches: 32  Memory Usage: 2726kB
        ->  Hash Join  (cost=102767.86..167588.78 rows=1380035 width=8) (actual time=1870.616..3709.805 rows=1380035 loops=1)
              Hash Cond: (mi_idx.movie_id = t.id)
              ->  Seq Scan on movie_info_idx mi_idx  (cost=0.00..21735.35 rows=1380035 width=4) (actual time=0.022..456.967 rows=1380035 loops=1)
              ->  Hash  (cost=61283.27..61283.27 rows=2528527 width=4) (actual time=1869.727..1869.727 rows=2528312 loops=1)
                    Buckets: 131072  Batches: 64  Memory Usage: 2415kB
                    ->  Seq Scan on title t  (cost=0.00..61283.27 rows=2528527 width=4) (actual time=0.009..1042.834 rows=2528312 loops=1)
Planning time: 1.182 ms
Execution time: 11210.310 ms
