Hash Join  (cost=484264.54..1724593.02 rows=11534193 width=0) (actual time=9880.417..54541.096 rows=49285749 loops=1)
  Hash Cond: (ci.movie_id = t.id)
  ->  Seq Scan on cast_info ci  (cost=0.00..705507.15 rows=36005442 width=4) (actual time=0.029..16638.905 rows=35994164 loops=1)
        Filter: (person_id < 4017802)
        Rows Removed by Filter: 250180
  ->  Hash  (cost=470974.51..470974.51 rows=810003 width=8) (actual time=9879.639..9879.639 rows=1083597 loops=1)
        Buckets: 131072  Batches: 16  Memory Usage: 3691kB
        ->  Hash Join  (cost=78556.72..470974.51 rows=810003 width=8) (actual time=5850.466..9626.047 rows=1083597 loops=1)
              Hash Cond: (mi.movie_id = t.id)
              ->  Seq Scan on movie_info mi  (cost=0.00..346232.03 rows=3068194 width=4) (actual time=2513.620..5975.021 rows=3036719 loops=1)
                    Filter: (info_type_id = 16)
                    Rows Removed by Filter: 11799001
              ->  Hash  (cost=67604.59..67604.59 rows=667531 width=4) (actual time=2013.833..2013.833 rows=662825 loops=1)
                    Buckets: 131072  Batches: 16  Memory Usage: 2485kB
                    ->  Seq Scan on title t  (cost=0.00..67604.59 rows=667531 width=4) (actual time=0.024..1084.618 rows=662825 loops=1)
                          Filter: (kind_id < 2)
                          Rows Removed by Filter: 1865487
Planning time: 1.168 ms
Execution time: 59663.829 ms
