Seq Scan on movie_keyword mk  (cost=0.00..81003.12 rows=3680175 width=0) (actual time=0.015..1682.999 rows=3674333 loops=1)
  Filter: (keyword_id < 21611)
  Rows Removed by Filter: 849597
Planning time: 0.320 ms
Execution time: 2137.406 ms
