Seq Scan on title t  (cost=0.00..73925.90 rows=115982 width=0) (actual time=2.086..1184.323 rows=239442 loops=1)
  Filter: ((kind_id < 3) AND (production_year < 1971))
  Rows Removed by Filter: 2288870
Planning time: 0.333 ms
Execution time: 1215.245 ms
