Seq Scan on title t  (cost=0.00..73925.90 rows=674975 width=0) (actual time=111.411..1256.817 rows=739679 loops=1)
  Filter: ((kind_id > 6) AND (production_year > 2004))
  Rows Removed by Filter: 1788633
Planning time: 0.327 ms
Execution time: 1349.201 ms
