Seq Scan on movie_keyword mk  (cost=0.00..81003.12 rows=1212082 width=0) (actual time=0.036..1423.500 rows=1221082 loops=1)
  Filter: (keyword_id > 14914)
  Rows Removed by Filter: 3302848
Planning time: 0.342 ms
Execution time: 1581.228 ms
