Seq Scan on movie_companies mc  (cost=0.00..51404.11 rows=104 width=0) (actual time=13.946..874.308 rows=415 loops=1)
  Filter: (company_id = 7879)
  Rows Removed by Filter: 2608714
Planning time: 0.392 ms
Execution time: 874.464 ms
