Seq Scan on movie_keyword mk  (cost=0.00..81003.12 rows=246 width=0) (actual time=21.354..1316.326 rows=137 loops=1)
  Filter: (keyword_id = 611)
  Rows Removed by Filter: 4523793
Planning time: 0.363 ms
Execution time: 1316.539 ms
