Hash Join  (cost=76725.80..567145.10 rows=994637 width=0) (actual time=1288.170..13543.922 rows=383199 loops=1)
  Hash Cond: (mi.movie_id = t.id)
  ->  Seq Scan on movie_info mi  (cost=0.00..309384.22 rows=14739122 width=4) (actual time=0.024..5660.869 rows=14835720 loops=1)
  ->  Hash  (cost=73925.90..73925.90 rows=170632 width=4) (actual time=1287.247..1287.247 rows=170068 loops=1)
        Buckets: 131072  Batches: 4  Memory Usage: 2540kB
        ->  Seq Scan on title t  (cost=0.00..73925.90 rows=170632 width=4) (actual time=0.025..1224.796 rows=170068 loops=1)
              Filter: ((kind_id > 1) AND (production_year > 2011))
              Rows Removed by Filter: 2358244
Planning time: 0.786 ms
Execution time: 13592.730 ms
