Hash Join  (cost=102767.86..192477.23 rows=910304 width=0) (actual time=3357.009..6567.953 rows=1098026 loops=1)
  Hash Cond: (mc.movie_id = t.id)
  ->  Seq Scan on movie_companies mc  (cost=0.00..57926.93 rows=910304 width=4) (actual time=42.828..1279.079 rows=1098026 loops=1)
        Filter: ((company_id > 1886) AND (company_type_id > 1))
        Rows Removed by Filter: 1511103
  ->  Hash  (cost=61283.27..61283.27 rows=2528527 width=4) (actual time=3312.963..3312.963 rows=2528312 loops=1)
        Buckets: 131072  Batches: 64  Memory Usage: 2415kB
        ->  Seq Scan on title t  (cost=0.00..61283.27 rows=2528527 width=4) (actual time=0.018..2467.922 rows=2528312 loops=1)
Planning time: 0.747 ms
Execution time: 6710.399 ms
