Hash Join  (cost=1215278.62..2295214.60 rows=44157174 width=0) (actual time=28964.773..82434.617 rows=144528396 loops=1)
  Hash Cond: (mi.movie_id = t.id)
  ->  Seq Scan on movie_info mi  (cost=0.00..309384.22 rows=14739122 width=4) (actual time=0.007..6182.981 rows=14835720 loops=1)
  ->  Hash  (cost=1090996.93..1090996.93 rows=7575255 width=8) (actual time=28962.514..28962.514 rows=8433519 loops=1)
        Buckets: 131072  Batches: 128  Memory Usage: 3613kB
        ->  Hash Join  (cost=102767.86..1090996.93 rows=7575255 width=8) (actual time=3459.934..26468.524 rows=8433519 loops=1)
              Hash Cond: (ci.movie_id = t.id)
              ->  Seq Scan on cast_info ci  (cost=0.00..796071.18 rows=7575255 width=4) (actual time=1446.955..16841.123 rows=8433519 loops=1)
                    Filter: ((person_id > 694875) AND (role_id > 4))
                    Rows Removed by Filter: 27810825
              ->  Hash  (cost=61283.27..61283.27 rows=2528527 width=4) (actual time=2012.019..2012.019 rows=2528312 loops=1)
                    Buckets: 131072  Batches: 64  Memory Usage: 2415kB
                    ->  Seq Scan on title t  (cost=0.00..61283.27 rows=2528527 width=4) (actual time=0.014..1141.241 rows=2528312 loops=1)
Planning time: 0.764 ms
Execution time: 98534.867 ms
