Seq Scan on movie_companies mc  (cost=0.00..57926.93 rows=392634 width=0) (actual time=0.031..847.606 rows=74870 loops=1)
  Filter: ((company_id > 29599) AND (company_type_id < 2))
  Rows Removed by Filter: 2534259
Planning time: 0.337 ms
Execution time: 857.326 ms
