Hash Join  (cost=224534.01..1534468.08 rows=22472090 width=0) (actual time=5080.666..43836.108 rows=27341957 loops=1)
  Hash Cond: (ci.movie_id = t.id)
  ->  Seq Scan on cast_info ci  (cost=0.00..614943.12 rows=36225612 width=4) (actual time=0.022..13720.069 rows=36244344 loops=1)
  ->  Hash  (cost=198799.27..198799.27 rows=1568539 width=8) (actual time=5079.196..5079.196 rows=1119781 loops=1)
        Buckets: 131072  Batches: 32  Memory Usage: 2364kB
        ->  Hash Join  (cost=98864.94..198799.27 rows=1568539 width=8) (actual time=1954.388..4746.142 rows=1119781 loops=1)
              Hash Cond: (mc.movie_id = t.id)
              ->  Seq Scan on movie_companies mc  (cost=0.00..44881.29 rows=2609129 width=4) (actual time=0.023..926.333 rows=2609129 loops=1)
              ->  Hash  (cost=73925.90..73925.90 rows=1520083 width=4) (actual time=1953.306..1953.306 rows=1507233 loops=1)
                    Buckets: 131072  Batches: 32  Memory Usage: 2679kB
                    ->  Seq Scan on title t  (cost=0.00..73925.90 rows=1520083 width=4) (actual time=0.018..1470.885 rows=1507233 loops=1)
                          Filter: ((kind_id > 1) AND (production_year < 2011))
                          Rows Removed by Filter: 1021079
Planning time: 2.272 ms
Execution time: 46798.157 ms
