Seq Scan on movie_companies mc  (cost=0.00..57926.93 rows=499774 width=0) (actual time=8.219..961.677 rows=815086 loops=1)
  Filter: ((company_id > 16989) AND (company_type_id > 1))
  Rows Removed by Filter: 1794043
Planning time: 0.334 ms
Execution time: 1063.918 ms
