Hash Join  (cost=205914.98..1205882.74 rows=2549059 width=0) (actual time=7778.053..29112.107 rows=7375950 loops=1)
  Hash Cond: (ci.movie_id = t.id)
  ->  Seq Scan on cast_info ci  (cost=0.00..796071.18 rows=15287204 width=4) (actual time=3682.213..17029.973 rows=14015225 loops=1)
        Filter: ((person_id > 829941) AND (role_id < 3))
        Rows Removed by Filter: 22229119
  ->  Hash  (cost=198997.75..198997.75 rows=421618 width=8) (actual time=4094.889..4094.889 rows=504269 loops=1)
        Buckets: 131072  Batches: 8  Memory Usage: 3526kB
        ->  Hash Join  (cost=99161.12..198997.75 rows=421618 width=8) (actual time=1849.789..3951.542 rows=504269 loops=1)
              Hash Cond: (mk.movie_id = t.id)
              ->  Seq Scan on movie_keyword mk  (cost=0.00..81003.12 rows=554264 width=4) (actual time=0.044..1341.958 rows=555726 loops=1)
                    Filter: (keyword_id < 398)
                    Rows Removed by Filter: 3968204
              ->  Hash  (cost=67604.59..67604.59 rows=1923403 width=4) (actual time=1848.763..1848.763 rows=1922849 loops=1)
                    Buckets: 131072  Batches: 32  Memory Usage: 3141kB
                    ->  Seq Scan on title t  (cost=0.00..67604.59 rows=1923403 width=4) (actual time=0.016..1220.983 rows=1922849 loops=1)
                          Filter: (production_year < 2010)
                          Rows Removed by Filter: 605463
Planning time: 1.240 ms
Execution time: 29851.642 ms
