Seq Scan on cast_info ci  (cost=0.00..796071.18 rows=435 width=0) (actual time=10233.941..14480.532 rows=3 loops=1)
  Filter: ((role_id < 10) AND (person_id = 1012455))
  Rows Removed by Filter: 36244341
Planning time: 0.414 ms
Execution time: 14480.637 ms
