Seq Scan on movie_keyword mk  (cost=0.00..81003.12 rows=2298621 width=0) (actual time=0.015..1536.599 rows=2304317 loops=1)
  Filter: (keyword_id < 4940)
  Rows Removed by Filter: 2219613
Planning time: 0.362 ms
Execution time: 1826.579 ms
