Seq Scan on movie_companies mc  (cost=0.00..57926.93 rows=953056 width=0) (actual time=0.013..1082.128 rows=1119668 loops=1)
  Filter: ((company_id > 1427) AND (company_type_id > 1))
  Rows Removed by Filter: 1489461
Planning time: 0.331 ms
Execution time: 1222.776 ms
