Seq Scan on movie_companies mc  (cost=0.00..51404.11 rows=104 width=0) (actual time=0.292..824.724 rows=109 loops=1)
  Filter: (company_id = 492)
  Rows Removed by Filter: 2609020
Planning time: 0.410 ms
Execution time: 824.847 ms
