Hash Join  (cost=76308.85..115361.80 rows=79246 width=0) (actual time=1263.097..2378.616 rows=175350 loops=1)
  Hash Cond: (mi_idx.movie_id = t.id)
  ->  Seq Scan on movie_info_idx mi_idx  (cost=0.00..21735.35 rows=1380035 width=4) (actual time=0.029..466.097 rows=1380035 loops=1)
  ->  Hash  (cost=73925.90..73925.90 rows=145196 width=4) (actual time=1262.294..1262.294 rows=245643 loops=1)
        Buckets: 131072 (originally 131072)  Batches: 4 (originally 2)  Memory Usage: 3183kB
        ->  Seq Scan on title t  (cost=0.00..73925.90 rows=145196 width=4) (actual time=0.013..1161.296 rows=245643 loops=1)
              Filter: ((kind_id < 7) AND (production_year < 1970))
              Rows Removed by Filter: 2282669
Planning time: 1.210 ms
Execution time: 2400.490 ms
