Seq Scan on movie_keyword mk  (cost=0.00..81003.12 rows=246 width=0) (actual time=1.041..1231.299 rows=519 loops=1)
  Filter: (keyword_id = 2587)
  Rows Removed by Filter: 4523411
Planning time: 0.399 ms
Execution time: 1231.630 ms
