Hash Join  (cost=986302.69..1779812.70 rows=24220138 width=0) (actual time=18841.585..47134.126 rows=52610149 loops=1)
  Hash Cond: (mi.movie_id = t.id)
  ->  Seq Scan on movie_info mi  (cost=0.00..309384.22 rows=14739122 width=4) (actual time=0.023..6553.752 rows=14835720 loops=1)
  ->  Hash  (cost=918134.00..918134.00 rows=4155015 width=8) (actual time=18840.264..18840.264 rows=4026077 loops=1)
        Buckets: 131072  Batches: 64  Memory Usage: 3550kB
        ->  Hash Join  (cost=102767.86..918134.00 rows=4155015 width=8) (actual time=3196.652..17643.993 rows=4026077 loops=1)
              Hash Cond: (ci.movie_id = t.id)
              ->  Seq Scan on cast_info ci  (cost=0.00..705507.15 rows=4155015 width=4) (actual time=998.600..11731.944 rows=4026077 loops=1)
                    Filter: (person_id < 386039)
                    Rows Removed by Filter: 32218267
              ->  Hash  (cost=61283.27..61283.27 rows=2528527 width=4) (actual time=2196.985..2196.985 rows=2528312 loops=1)
                    Buckets: 131072  Batches: 64  Memory Usage: 2415kB
                    ->  Seq Scan on title t  (cost=0.00..61283.27 rows=2528527 width=4) (actual time=0.018..1184.667 rows=2528312 loops=1)
Planning time: 1.483 ms
Execution time: 52689.601 ms
