Hash Join  (cost=262811.09..1140703.42 rows=2993879 width=0) (actual time=6655.843..25700.235 rows=14227298 loops=1)
  Hash Cond: (ci.movie_id = t.id)
  ->  Seq Scan on cast_info ci  (cost=0.00..796071.18 rows=2984858 width=4) (actual time=0.020..12813.972 rows=4638007 loops=1)
        Filter: ((person_id > 3219421) AND (role_id > 1))
        Rows Removed by Filter: 31606337
  ->  Hash  (cost=221201.97..221201.97 rows=2536169 width=8) (actual time=6654.505..6654.505 rows=2584553 loops=1)
        Buckets: 131072  Batches: 64  Memory Usage: 2595kB
        ->  Hash Join  (cost=107928.35..221201.97 rows=2536169 width=8) (actual time=2147.610..5903.543 rows=2584553 loops=1)
              Hash Cond: (mc.movie_id = t.id)
              ->  Seq Scan on movie_companies mc  (cost=0.00..44881.29 rows=2609129 width=4) (actual time=0.018..1000.527 rows=2609129 loops=1)
              ->  Hash  (cost=67604.59..67604.59 rows=2457821 width=4) (actual time=2146.286..2146.286 rows=2456218 loops=1)
                    Buckets: 131072  Batches: 64  Memory Usage: 2375kB
                    ->  Seq Scan on title t  (cost=0.00..67604.59 rows=2457821 width=4) (actual time=0.024..1337.110 rows=2456218 loops=1)
                          Filter: (production_year > 0)
                          Rows Removed by Filter: 72094
Planning time: 1.236 ms
Execution time: 27300.964 ms
