Hash Join  (cost=84689.96..972927.48 rows=3302066 width=0) (actual time=8979.884..24372.614 rows=2968223 loops=1)
  Hash Cond: (ci.movie_id = t.id)
  ->  Seq Scan on cast_info ci  (cost=0.00..705507.15 rows=12726058 width=4) (actual time=7550.403..14442.463 rows=12670688 loops=1)
        Filter: (role_id = 1)
        Rows Removed by Filter: 23573656
  ->  Hash  (cost=73925.90..73925.90 rows=656084 width=4) (actual time=1428.336..1428.336 rows=555560 loops=1)
        Buckets: 131072  Batches: 16  Memory Usage: 2241kB
        ->  Seq Scan on title t  (cost=0.00..73925.90 rows=656084 width=4) (actual time=0.024..1259.059 rows=555560 loops=1)
              Filter: ((kind_id < 7) AND (production_year > 1993))
              Rows Removed by Filter: 1972752
Planning time: 0.735 ms
Execution time: 24732.798 ms
