Hash Join  (cost=101760.00..188901.79 rows=48375 width=0) (actual time=1646.764..3142.994 rows=296538 loops=1)
  Hash Cond: (mk.movie_id = t.id)
  ->  Seq Scan on movie_keyword mk  (cost=0.00..69693.30 rows=4523930 width=4) (actual time=0.021..719.782 rows=4523930 loops=1)
  ->  Hash  (cost=101422.03..101422.03 rows=27038 width=8) (actual time=1646.229..1646.229 rows=22258 loops=1)
        Buckets: 32768  Batches: 1  Memory Usage: 1126kB
        ->  Hash Join  (cost=70019.09..101422.03 rows=27038 width=8) (actual time=964.604..1637.490 rows=22258 loops=1)
              Hash Cond: (mi_idx.movie_id = t.id)
              ->  Seq Scan on movie_info_idx mi_idx  (cost=0.00..25185.44 rows=464566 width=4) (actual time=0.018..460.015 rows=459925 loops=1)
                    Filter: (info_type_id = 101)
                    Rows Removed by Filter: 920110
              ->  Hash  (cost=67604.59..67604.59 rows=147160 width=4) (actual time=963.856..963.856 rows=149680 loops=1)
                    Buckets: 131072  Batches: 2  Memory Usage: 3653kB
                    ->  Seq Scan on title t  (cost=0.00..67604.59 rows=147160 width=4) (actual time=27.695..910.714 rows=149680 loops=1)
                          Filter: (production_year < 1944)
                          Rows Removed by Filter: 2378632
Planning time: 1.512 ms
Execution time: 3174.142 ms
