Hash Join  (cost=439110.84..1488884.13 rows=1554618 width=0) (actual time=7676.567..37961.053 rows=8152314 loops=1)
  Hash Cond: (ci.movie_id = t.id)
  ->  Seq Scan on cast_info ci  (cost=0.00..614943.12 rows=36225612 width=4) (actual time=0.015..13003.961 rows=36244344 loops=1)
  ->  Hash  (cost=437330.45..437330.45 rows=108511 width=8) (actual time=7675.363..7675.363 rows=204390 loops=1)
        Buckets: 131072 (originally 131072)  Batches: 4 (originally 2)  Memory Usage: 3073kB
        ->  Hash Join  (cost=80830.47..437330.45 rows=108511 width=8) (actual time=4959.980..7608.087 rows=204390 loops=1)
              Hash Cond: (mi.movie_id = t.id)
              ->  Seq Scan on movie_info mi  (cost=0.00..346232.03 rows=651960 width=4) (actual time=3562.305..5551.397 rows=660923 loops=1)
                    Filter: (info_type_id = 18)
                    Rows Removed by Filter: 14174797
              ->  Hash  (cost=73925.90..73925.90 rows=420845 width=4) (actual time=1396.713..1396.713 rows=517968 loops=1)
                    Buckets: 131072  Batches: 8  Memory Usage: 3321kB
                    ->  Seq Scan on title t  (cost=0.00..73925.90 rows=420845 width=4) (actual time=0.031..1229.699 rows=517968 loops=1)
                          Filter: ((kind_id < 7) AND (production_year < 2001))
                          Rows Removed by Filter: 2010344
Planning time: 1.191 ms
Execution time: 38846.682 ms
