Seq Scan on cast_info ci  (cost=0.00..796071.18 rows=2812872 width=0) (actual time=9437.017..12952.448 rows=5698977 loops=1)
  Filter: ((person_id < 769042) AND (role_id = 1))
  Rows Removed by Filter: 30545367
Planning time: 0.411 ms
Execution time: 13668.170 ms
