Hash Join  (cost=1054614.41..3228718.67 rows=94123558 width=0) (actual time=27072.388..105372.695 rows=203566412 loops=1)
  Hash Cond: (ci.movie_id = t.id)
  ->  Seq Scan on cast_info ci  (cost=0.00..705507.15 rows=16167131 width=4) (actual time=0.014..14076.940 rows=16321269 loops=1)
        Filter: (person_id > 2000871)
        Rows Removed by Filter: 19923075
  ->  Hash  (cost=813099.74..813099.74 rows=14720853 width=8) (actual time=27070.301..27070.301 rows=14805540 loops=1)
        Buckets: 131072  Batches: 256  Memory Usage: 3264kB
        ->  Hash Join  (cost=102767.86..813099.74 rows=14720853 width=8) (actual time=1941.002..22149.765 rows=14805540 loops=1)
              Hash Cond: (mi.movie_id = t.id)
              ->  Seq Scan on movie_info mi  (cost=0.00..346232.03 rows=14720853 width=4) (actual time=0.011..7479.853 rows=14805540 loops=1)
                    Filter: (info_type_id < 110)
                    Rows Removed by Filter: 30180
              ->  Hash  (cost=61283.27..61283.27 rows=2528527 width=4) (actual time=1939.683..1939.683 rows=2528312 loops=1)
                    Buckets: 131072  Batches: 64  Memory Usage: 2425kB
                    ->  Seq Scan on title t  (cost=0.00..61283.27 rows=2528527 width=4) (actual time=0.018..1061.069 rows=2528312 loops=1)
Planning time: 1.183 ms
Execution time: 128748.011 ms
