Hash Join  (cost=58375.85..423034.86 rows=309 width=0) (actual time=968.017..7467.557 rows=432 loops=1)
  Hash Cond: (mi.movie_id = t.id)
  ->  Seq Scan on movie_info mi  (cost=0.00..309384.22 rows=14739122 width=4) (actual time=0.019..3926.777 rows=14835720 loops=1)
  ->  Hash  (cost=58375.18..58375.18 rows=53 width=8) (actual time=909.386..909.386 rows=77 loops=1)
        Buckets: 1024  Batches: 1  Memory Usage: 12kB
        ->  Nested Loop  (cost=0.43..58375.18 rows=53 width=8) (actual time=313.160..909.303 rows=77 loops=1)
              ->  Seq Scan on movie_companies mc  (cost=0.00..57926.93 rows=53 width=4) (actual time=313.062..906.640 rows=77 loops=1)
                    Filter: ((company_type_id > 1) AND (company_id = 5276))
                    Rows Removed by Filter: 2609052
              ->  Index Only Scan using title_pkey on title t  (cost=0.43..8.45 rows=1 width=4) (actual time=0.031..0.032 rows=1 loops=77)
                    Index Cond: (id = mc.movie_id)
                    Heap Fetches: 77
Planning time: 1.243 ms
Execution time: 7467.961 ms
