Seq Scan on movie_keyword mk  (cost=0.00..81003.12 rows=246 width=0) (actual time=2.046..1338.911 rows=183 loops=1)
  Filter: (keyword_id = 10512)
  Rows Removed by Filter: 4523747
Planning time: 0.385 ms
Execution time: 1339.136 ms
