Seq Scan on cast_info ci  (cost=0.00..796071.18 rows=4602871 width=0) (actual time=3594.749..12365.930 rows=7165336 loops=1)
  Filter: ((person_id > 2951232) AND (role_id > 1))
  Rows Removed by Filter: 29079008
Planning time: 0.797 ms
Execution time: 13260.308 ms
