Hash Join  (cost=73982.55..100917.78 rows=2474 width=0) (actual time=768.557..1083.059 rows=2619 loops=1)
  Hash Cond: (mi_idx.movie_id = t.id)
  ->  Seq Scan on movie_info_idx mi_idx  (cost=0.00..21735.35 rows=1380035 width=4) (actual time=0.013..314.000 rows=1380035 loops=1)
  ->  Hash  (cost=73925.90..73925.90 rows=4532 width=4) (actual time=469.158..469.158 rows=8044 loops=1)
        Buckets: 8192  Batches: 1  Memory Usage: 347kB
        ->  Seq Scan on title t  (cost=0.00..73925.90 rows=4532 width=4) (actual time=81.654..467.306 rows=8044 loops=1)
              Filter: ((kind_id = 7) AND (production_year = 1980))
              Rows Removed by Filter: 2520268
Planning time: 0.861 ms
Execution time: 1083.481 ms
