Seq Scan on cast_info ci  (cost=0.00..796071.18 rows=5817870 width=0) (actual time=5488.016..13935.870 rows=7451973 loops=1)
  Filter: ((person_id < 2930197) AND (role_id = 2))
  Rows Removed by Filter: 28792371
Planning time: 0.450 ms
Execution time: 14843.789 ms
