Seq Scan on cast_info ci  (cost=0.00..796071.18 rows=324 width=0) (actual time=1980.710..13394.852 rows=1 loops=1)
  Filter: ((role_id > 1) AND (person_id = 3180733))
  Rows Removed by Filter: 36244343
Planning time: 0.409 ms
Execution time: 13394.968 ms
