Hash Join  (cost=189849.73..1019581.09 rows=445485 width=0) (actual time=4403.848..18119.146 rows=705540 loops=1)
  Hash Cond: (ci.movie_id = t.id)
  ->  Seq Scan on cast_info ci  (cost=0.00..796071.18 rows=2364887 width=4) (actual time=965.794..12489.806 rows=4798300 loops=1)
        Filter: ((person_id < 643790) AND (role_id = 1))
        Rows Removed by Filter: 31446044
  ->  Hash  (cost=182034.85..182034.85 rows=476311 width=8) (actual time=3437.234..3437.234 rows=171066 loops=1)
        Buckets: 131072  Batches: 8  Memory Usage: 1869kB
        ->  Hash Join  (cost=102767.86..182034.85 rows=476311 width=8) (actual time=2437.429..3382.800 rows=171066 loops=1)
              Hash Cond: (mc.movie_id = t.id)
              ->  Seq Scan on movie_companies mc  (cost=0.00..57926.93 rows=476311 width=4) (actual time=458.721..850.500 rows=171066 loops=1)
                    Filter: ((company_id > 17305) AND (company_type_id < 2))
                    Rows Removed by Filter: 2438063
              ->  Hash  (cost=61283.27..61283.27 rows=2528527 width=4) (actual time=1977.654..1977.654 rows=2528312 loops=1)
                    Buckets: 131072  Batches: 64  Memory Usage: 2415kB
                    ->  Seq Scan on title t  (cost=0.00..61283.27 rows=2528527 width=4) (actual time=0.026..1097.229 rows=2528312 loops=1)
Planning time: 1.262 ms
Execution time: 18202.877 ms
