Hash Join  (cost=74528.17..129690.86 rows=49717 width=0) (actual time=1155.597..2485.683 rows=65459 loops=1)
  Hash Cond: (mc.movie_id = t.id)
  ->  Seq Scan on movie_companies mc  (cost=0.00..44881.29 rows=2609129 width=4) (actual time=0.025..627.402 rows=2609129 loops=1)
  ->  Hash  (cost=73925.90..73925.90 rows=48181 width=4) (actual time=1155.226..1155.226 rows=40899 loops=1)
        Buckets: 65536  Batches: 1  Memory Usage: 1950kB
        ->  Seq Scan on title t  (cost=0.00..73925.90 rows=48181 width=4) (actual time=0.115..1137.910 rows=40899 loops=1)
              Filter: ((kind_id < 4) AND (production_year = 2010))
              Rows Removed by Filter: 2487413
Planning time: 4.034 ms
Execution time: 2495.059 ms
