Hash Join  (cost=154654.97..1017442.26 rows=163808 width=0) (actual time=2860.689..21684.317 rows=55361 loops=1)
  Hash Cond: (ci.movie_id = t.id)
  ->  Seq Scan on cast_info ci  (cost=0.00..705507.15 rows=31128410 width=4) (actual time=0.024..13080.080 rows=31254208 loops=1)
        Filter: (person_id > 483097)
        Rows Removed by Filter: 4990136
  ->  Hash  (cost=154488.65..154488.65 rows=13306 width=8) (actual time=2844.650..2844.650 rows=5568 loops=1)
        Buckets: 16384  Batches: 1  Memory Usage: 346kB
        ->  Hash Join  (cost=67697.55..154488.65 rows=13306 width=8) (actual time=938.059..2842.113 rows=5568 loops=1)
              Hash Cond: (mk.movie_id = t.id)
              ->  Seq Scan on movie_keyword mk  (cost=0.00..69693.30 rows=4523930 width=4) (actual time=0.030..1066.227 rows=4523930 loops=1)
              ->  Hash  (cost=67604.59..67604.59 rows=7437 width=4) (actual time=937.346..937.346 rows=4514 loops=1)
                    Buckets: 8192  Batches: 1  Memory Usage: 223kB
                    ->  Seq Scan on title t  (cost=0.00..67604.59 rows=7437 width=4) (actual time=228.139..935.266 rows=4514 loops=1)
                          Filter: (production_year = 1917)
                          Rows Removed by Filter: 2523798
Planning time: 6.462 ms
Execution time: 21693.088 ms
