Hash Join  (cost=102767.86..938234.67 rows=1226685 width=0) (actual time=2804.357..15423.938 rows=1933542 loops=1)
  Hash Cond: (ci.movie_id = t.id)
  ->  Seq Scan on cast_info ci  (cost=0.00..796071.18 rows=1226685 width=4) (actual time=0.018..10970.896 rows=1933542 loops=1)
        Filter: ((person_id > 3681901) AND (role_id > 1))
        Rows Removed by Filter: 34310802
  ->  Hash  (cost=61283.27..61283.27 rows=2528527 width=4) (actual time=2803.229..2803.229 rows=2528312 loops=1)
        Buckets: 131072  Batches: 64  Memory Usage: 2415kB
        ->  Seq Scan on title t  (cost=0.00..61283.27 rows=2528527 width=4) (actual time=0.016..1152.835 rows=2528312 loops=1)
Planning time: 0.749 ms
Execution time: 15609.006 ms
