Hash Join  (cost=798791.46..825703.71 rows=177 width=0) (actual time=13797.603..14327.597 rows=87 loops=1)
  Hash Cond: (mi_idx.movie_id = t.id)
  ->  Seq Scan on movie_info_idx mi_idx  (cost=0.00..21735.35 rows=1380035 width=4) (actual time=0.019..311.522 rows=1380035 loops=1)
  ->  Hash  (cost=798787.41..798787.41 rows=324 width=8) (actual time=13767.782..13767.782 rows=99 loops=1)
        Buckets: 1024  Batches: 1  Memory Usage: 12kB
        ->  Nested Loop  (cost=0.43..798787.41 rows=324 width=8) (actual time=568.789..13767.727 rows=99 loops=1)
              ->  Seq Scan on cast_info ci  (cost=0.00..796071.18 rows=324 width=4) (actual time=568.700..13762.890 rows=99 loops=1)
                    Filter: ((role_id > 1) AND (person_id = 2440755))
                    Rows Removed by Filter: 36244245
              ->  Index Only Scan using title_pkey on title t  (cost=0.43..8.37 rows=1 width=4) (actual time=0.048..0.048 rows=1 loops=99)
                    Index Cond: (id = ci.movie_id)
                    Heap Fetches: 99
Planning time: 1.251 ms
Execution time: 14327.726 ms
