Seq Scan on movie_keyword mk  (cost=0.00..81003.12 rows=1052164 width=0) (actual time=0.025..1316.323 rows=1058996 loops=1)
  Filter: (keyword_id < 1056)
  Rows Removed by Filter: 3464934
Planning time: 0.322 ms
Execution time: 1446.865 ms
