Hash Join  (cost=52284.46..79198.64 rows=7 width=0) (actual time=918.920..1376.990 rows=248 loops=1)
  Hash Cond: (mi_idx.movie_id = t.id)
  ->  Seq Scan on movie_info_idx mi_idx  (cost=0.00..25185.44 rows=460978 width=4) (actual time=0.014..463.491 rows=459925 loops=1)
        Filter: (info_type_id < 100)
        Rows Removed by Filter: 920110
  ->  Hash  (cost=52283.95..52283.95 rows=41 width=8) (actual time=849.638..849.638 rows=250 loops=1)
        Buckets: 1024  Batches: 1  Memory Usage: 18kB
        ->  Nested Loop  (cost=0.43..52283.95 rows=41 width=8) (actual time=130.488..849.468 rows=250 loops=1)
              ->  Seq Scan on movie_companies mc  (cost=0.00..51404.11 rows=104 width=4) (actual time=130.436..842.545 rows=250 loops=1)
                    Filter: (company_id = 11828)
                    Rows Removed by Filter: 2608879
              ->  Index Scan using title_pkey on title t  (cost=0.43..8.45 rows=1 width=4) (actual time=0.026..0.026 rows=1 loops=250)
                    Index Cond: (id = mc.movie_id)
                    Filter: (kind_id < 7)
Planning time: 1.200 ms
Execution time: 1377.196 ms
