Hash Join  (cost=137901.79..231371.89 rows=67412 width=0) (actual time=2667.548..5190.893 rows=912432 loops=1)
  Hash Cond: (mk.movie_id = t.id)
  ->  Seq Scan on movie_keyword mk  (cost=0.00..81003.12 rows=3144761 width=4) (actual time=0.014..1537.416 rows=3133124 loops=1)
        Filter: (keyword_id > 1876)
        Rows Removed by Filter: 1390806
  ->  Hash  (cost=137224.26..137224.26 rows=54202 width=8) (actual time=2403.579..2403.579 rows=159097 loops=1)
        Buckets: 131072 (originally 65536)  Batches: 4 (originally 1)  Memory Usage: 3073kB
        ->  Hash Join  (cost=78593.13..137224.26 rows=54202 width=8) (actual time=1526.953..2359.939 rows=159097 loops=1)
              Hash Cond: (mc.movie_id = t.id)
              ->  Seq Scan on movie_companies mc  (cost=0.00..51404.11 rows=481867 width=4) (actual time=117.297..832.969 rows=485356 loops=1)
                    Filter: (company_id > 74956)
                    Rows Removed by Filter: 2123773
              ->  Hash  (cost=73925.90..73925.90 rows=284418 width=4) (actual time=1220.231..1220.231 rows=382296 loops=1)
                    Buckets: 131072 (originally 131072)  Batches: 8 (originally 4)  Memory Usage: 3073kB
                    ->  Seq Scan on title t  (cost=0.00..73925.90 rows=284418 width=4) (actual time=38.479..1096.638 rows=382296 loops=1)
                          Filter: ((production_year < 2001) AND (kind_id = 1))
                          Rows Removed by Filter: 2146016
Planning time: 0.941 ms
Execution time: 5291.380 ms
