Hash Join  (cost=68363.15..876655.94 rows=73514 width=0) (actual time=7156.584..13976.792 rows=10429 loops=1)
  Hash Cond: (ci.movie_id = t.id)
  ->  Seq Scan on cast_info ci  (cost=0.00..796071.18 rows=3063060 width=4) (actual time=3708.737..12389.567 rows=1282739 loops=1)
        Filter: ((person_id < 446777) AND (role_id > 1))
        Rows Removed by Filter: 34961605
  ->  Hash  (cost=67604.59..67604.59 rows=60685 width=4) (actual time=1162.515..1162.515 rows=59847 loops=1)
        Buckets: 65536  Batches: 1  Memory Usage: 2616kB
        ->  Seq Scan on title t  (cost=0.00..67604.59 rows=60685 width=4) (actual time=13.004..1139.645 rows=59847 loops=1)
              Filter: (production_year < 1915)
              Rows Removed by Filter: 2468465
Planning time: 0.760 ms
Execution time: 13978.513 ms
