Hash Join  (cost=126680.87..483741.72 rows=65920 width=0) (actual time=4492.344..8226.174 rows=86280 loops=1)
  Hash Cond: (mi.movie_id = t.id)
  ->  Seq Scan on movie_info mi  (cost=0.00..346232.03 rows=809768 width=4) (actual time=2190.660..5551.208 rows=802140 loops=1)
        Filter: (info_type_id < 2)
        Rows Removed by Filter: 14033580
  ->  Hash  (cost=123302.92..123302.92 rows=205836 width=8) (actual time=2300.624..2300.624 rows=133058 loops=1)
        Buckets: 131072  Batches: 4  Memory Usage: 2337kB
        ->  Hash Join  (cost=83217.65..123302.92 rows=205836 width=8) (actual time=1190.561..2257.446 rows=133058 loops=1)
              Hash Cond: (mi_idx.movie_id = t.id)
              ->  Seq Scan on movie_info_idx mi_idx  (cost=0.00..25185.44 rows=919057 width=4) (actual time=0.032..550.368 rows=920110 loops=1)
                    Filter: (info_type_id > 99)
                    Rows Removed by Filter: 459925
              ->  Hash  (cost=73925.90..73925.90 rows=566300 width=4) (actual time=1189.367..1189.367 rows=441368 loops=1)
                    Buckets: 131072  Batches: 8  Memory Usage: 2954kB
                    ->  Seq Scan on title t  (cost=0.00..73925.90 rows=566300 width=4) (actual time=0.021..843.289 rows=441368 loops=1)
                          Filter: ((kind_id > 2) AND (production_year < 1995))
                          Rows Removed by Filter: 2086944
Planning time: 1.702 ms
Execution time: 8237.869 ms
