Hash Join  (cost=102767.86..194816.96 rows=1007518 width=0) (actual time=1935.882..4250.970 rows=1159692 loops=1)
  Hash Cond: (mc.movie_id = t.id)
  ->  Seq Scan on movie_companies mc  (cost=0.00..57926.93 rows=1007518 width=4) (actual time=0.017..1056.923 rows=1159692 loops=1)
        Filter: ((company_id > 809) AND (company_type_id = 2))
        Rows Removed by Filter: 1449437
  ->  Hash  (cost=61283.27..61283.27 rows=2528527 width=4) (actual time=1933.803..1933.803 rows=2528312 loops=1)
        Buckets: 131072  Batches: 64  Memory Usage: 2415kB
        ->  Seq Scan on title t  (cost=0.00..61283.27 rows=2528527 width=4) (actual time=0.017..1091.790 rows=2528312 loops=1)
Planning time: 1.883 ms
Execution time: 4372.214 ms
