Hash Join  (cost=74175.98..101195.65 rows=10919 width=0) (actual time=1047.414..1662.122 rows=5646 loops=1)
  Hash Cond: (mi_idx.movie_id = t.id)
  ->  Seq Scan on movie_info_idx mi_idx  (cost=0.00..21735.35 rows=1380035 width=4) (actual time=0.021..301.781 rows=1380035 loops=1)
  ->  Hash  (cost=73925.90..73925.90 rows=20006 width=4) (actual time=1047.148..1047.148 rows=24331 loops=1)
        Buckets: 32768  Batches: 1  Memory Usage: 1112kB
        ->  Seq Scan on title t  (cost=0.00..73925.90 rows=20006 width=4) (actual time=0.057..1036.742 rows=24331 loops=1)
              Filter: ((kind_id < 3) AND (production_year > 2012))
              Rows Removed by Filter: 2503981
Planning time: 0.675 ms
Execution time: 1663.147 ms
