Nested Loop  (cost=0.43..83071.67 rows=246 width=0) (actual time=9.624..1272.527 rows=97 loops=1)
  ->  Seq Scan on movie_keyword mk  (cost=0.00..81003.12 rows=246 width=4) (actual time=9.541..1267.934 rows=97 loops=1)
        Filter: (keyword_id = 7257)
        Rows Removed by Filter: 4523833
  ->  Index Only Scan using title_pkey on title t  (cost=0.43..8.40 rows=1 width=4) (actual time=0.043..0.044 rows=1 loops=97)
        Index Cond: (id = mk.movie_id)
        Heap Fetches: 97
Planning time: 0.742 ms
Execution time: 1272.646 ms
