Hash Join  (cost=547692.12..1790332.73 rows=17688274 width=0) (actual time=11262.967..58715.236 rows=75802132 loops=1)
  Hash Cond: (ci.movie_id = t.id)
  ->  Seq Scan on cast_info ci  (cost=0.00..796071.18 rows=20379537 width=4) (actual time=543.917..18906.117 rows=22268754 loops=1)
        Filter: ((person_id > 456202) AND (role_id > 1))
        Rows Removed by Filter: 13975590
  ->  Hash  (cost=511686.41..511686.41 rows=2194617 width=8) (actual time=10718.150..10718.150 rows=2233850 loops=1)
        Buckets: 131072  Batches: 32  Memory Usage: 3598kB
        ->  Hash Join  (cost=102767.86..511686.41 rows=2194617 width=8) (actual time=1947.100..10063.812 rows=2233850 loops=1)
              Hash Cond: (mi.movie_id = t.id)
              ->  Seq Scan on movie_info mi  (cost=0.00..346232.03 rows=2194617 width=4) (actual time=0.037..5785.578 rows=2233850 loops=1)
                    Filter: (info_type_id > 16)
                    Rows Removed by Filter: 12601870
              ->  Hash  (cost=61283.27..61283.27 rows=2528527 width=4) (actual time=1945.815..1945.815 rows=2528312 loops=1)
                    Buckets: 131072  Batches: 64  Memory Usage: 2425kB
                    ->  Seq Scan on title t  (cost=0.00..61283.27 rows=2528527 width=4) (actual time=0.017..1073.143 rows=2528312 loops=1)
Planning time: 1.185 ms
Execution time: 66667.990 ms
