Hash Join  (cost=97159.13..192353.04 rows=1461239 width=0) (actual time=2023.183..4600.648 rows=704350 loops=1)
  Hash Cond: (mc.movie_id = t.id)
  ->  Seq Scan on movie_companies mc  (cost=0.00..44881.29 rows=2609129 width=4) (actual time=0.018..905.904 rows=2609129 loops=1)
  ->  Hash  (cost=73925.90..73925.90 rows=1416098 width=4) (actual time=2021.727..2021.727 rows=1478412 loops=1)
        Buckets: 131072  Batches: 32  Memory Usage: 2650kB
        ->  Seq Scan on title t  (cost=0.00..73925.90 rows=1416098 width=4) (actual time=0.026..1548.286 rows=1478412 loops=1)
              Filter: ((production_year > 1938) AND (kind_id = 7))
              Rows Removed by Filter: 1049900
Planning time: 0.788 ms
Execution time: 4687.469 ms
