Seq Scan on movie_keyword mk  (cost=0.00..81003.12 rows=2694819 width=0) (actual time=0.021..1448.106 rows=2688713 loops=1)
  Filter: (keyword_id < 7599)
  Rows Removed by Filter: 1835217
Planning time: 0.292 ms
Execution time: 1774.593 ms
