Seq Scan on cast_info ci  (cost=0.00..705507.15 rows=1949667 width=0) (actual time=7851.785..10648.447 rows=1987982 loops=1)
  Filter: (person_id > 3671182)
  Rows Removed by Filter: 34256362
Planning time: 0.338 ms
Execution time: 10900.170 ms
