Hash Join  (cost=81530.55..915947.84 rows=788156 width=0) (actual time=6103.351..19388.450 rows=832051 loops=1)
  Hash Cond: (ci.movie_id = t.id)
  ->  Seq Scan on cast_info ci  (cost=0.00..796071.18 rows=2347881 width=4) (actual time=3995.228..15755.514 rows=2382433 loops=1)
        Filter: ((person_id > 486025) AND (role_id = 4))
        Rows Removed by Filter: 33861911
  ->  Hash  (cost=67604.59..67604.59 rows=848797 width=4) (actual time=2106.717..2106.717 rows=849141 loops=1)
        Buckets: 131072  Batches: 16  Memory Usage: 2892kB
        ->  Seq Scan on title t  (cost=0.00..67604.59 rows=848797 width=4) (actual time=0.028..1193.616 rows=849141 loops=1)
              Filter: (production_year < 1996)
              Rows Removed by Filter: 1679171
Planning time: 0.720 ms
Execution time: 19486.999 ms
