Hash Join  (cost=125262.63..1070411.77 rows=1631884 width=0) (actual time=2302.119..25650.533 rows=1590369 loops=1)
  Hash Cond: (ci.movie_id = t.id)
  ->  Seq Scan on cast_info ci  (cost=0.00..705507.15 rows=19241897 width=4) (actual time=0.013..14504.321 rows=19137345 loops=1)
        Filter: (person_id < 1911915)
        Rows Removed by Filter: 17106999
  ->  Hash  (cost=121744.11..121744.11 rows=214442 width=8) (actual time=2300.346..2300.346 rows=100968 loops=1)
        Buckets: 131072  Batches: 4  Memory Usage: 2020kB
        ->  Hash Join  (cost=80372.21..121744.11 rows=214442 width=8) (actual time=1220.017..2268.214 rows=100968 loops=1)
              Hash Cond: (mi_idx.movie_id = t.id)
              ->  Seq Scan on movie_info_idx mi_idx  (cost=0.00..21735.35 rows=1380035 width=4) (actual time=0.013..430.009 rows=1380035 loops=1)
              ->  Hash  (cost=73925.90..73925.90 rows=392904 width=4) (actual time=1219.230..1219.230 rows=277350 loops=1)
                    Buckets: 131072  Batches: 8  Memory Usage: 2231kB
                    ->  Seq Scan on title t  (cost=0.00..73925.90 rows=392904 width=4) (actual time=312.477..1131.834 rows=277350 loops=1)
                          Filter: ((production_year < 1988) AND (kind_id = 7))
                          Rows Removed by Filter: 2250962
Planning time: 1.074 ms
Execution time: 25839.649 ms
