Seq Scan on movie_companies mc  (cost=0.00..51404.11 rows=104 width=0) (actual time=223.113..757.615 rows=8 loops=1)
  Filter: (company_id = 18964)
  Rows Removed by Filter: 2609121
Planning time: 0.505 ms
Execution time: 757.693 ms
