Nested Loop  (cost=32636.42..152077.07 rows=586 width=0) (actual time=609.546..3867.321 rows=207 loops=1)
  ->  Hash Join  (cost=32635.99..122269.12 rows=34811 width=8) (actual time=584.184..2079.294 rows=24334 loops=1)
        Hash Cond: (mk.movie_id = mi_idx.movie_id)
        ->  Seq Scan on movie_keyword mk  (cost=0.00..81003.12 rows=35588 width=4) (actual time=0.025..1160.302 rows=34710 loops=1)
              Filter: (keyword_id = 2488)
              Rows Removed by Filter: 4489220
        ->  Hash  (cost=25185.44..25185.44 rows=454124 width=4) (actual time=582.879..582.879 rows=459925 loops=1)
              Buckets: 131072  Batches: 8  Memory Usage: 3059kB
              ->  Seq Scan on movie_info_idx mi_idx  (cost=0.00..25185.44 rows=454124 width=4) (actual time=0.020..441.154 rows=459925 loops=1)
                    Filter: (info_type_id = 100)
                    Rows Removed by Filter: 920110
  ->  Index Scan using title_pkey on title t  (cost=0.43..0.85 rows=1 width=4) (actual time=0.073..0.073 rows=0 loops=24334)
        Index Cond: (id = mi_idx.movie_id)
        Filter: (production_year > 2011)
        Rows Removed by Filter: 1
Planning time: 1.098 ms
Execution time: 3867.615 ms
