Hash Join  (cost=190230.21..310944.15 rows=1100469 width=0) (actual time=4142.697..7887.334 rows=4667903 loops=1)
  Hash Cond: (mk.movie_id = t.id)
  ->  Seq Scan on movie_keyword mk  (cost=0.00..81003.12 rows=2016300 width=4) (actual time=0.021..1586.078 rows=2020487 loops=1)
        Filter: (keyword_id > 6122)
        Rows Removed by Filter: 2503443
  ->  Hash  (cost=167588.78..167588.78 rows=1380035 width=8) (actual time=4141.668..4141.668 rows=1380035 loops=1)
        Buckets: 131072  Batches: 32  Memory Usage: 2726kB
        ->  Hash Join  (cost=102767.86..167588.78 rows=1380035 width=8) (actual time=1939.369..3775.914 rows=1380035 loops=1)
              Hash Cond: (mi_idx.movie_id = t.id)
              ->  Seq Scan on movie_info_idx mi_idx  (cost=0.00..21735.35 rows=1380035 width=4) (actual time=0.016..440.947 rows=1380035 loops=1)
              ->  Hash  (cost=61283.27..61283.27 rows=2528527 width=4) (actual time=1937.777..1937.777 rows=2528312 loops=1)
                    Buckets: 131072  Batches: 64  Memory Usage: 2415kB
                    ->  Seq Scan on title t  (cost=0.00..61283.27 rows=2528527 width=4) (actual time=0.009..1050.624 rows=2528312 loops=1)
Planning time: 1.175 ms
Execution time: 8403.449 ms
