Hash Join  (cost=177352.12..306519.13 rows=588097 width=0) (actual time=3618.888..8223.487 rows=2758240 loops=1)
  Hash Cond: (mk.movie_id = t.id)
  ->  Seq Scan on movie_keyword mk  (cost=0.00..69693.30 rows=4523930 width=4) (actual time=0.022..1451.866 rows=4523930 loops=1)
  ->  Hash  (cost=171959.36..171959.36 rows=328701 width=8) (actual time=3618.056..3618.056 rows=331781 loops=1)
        Buckets: 131072  Batches: 8  Memory Usage: 2666kB
        ->  Hash Join  (cost=102767.86..171959.36 rows=328701 width=8) (actual time=2168.795..3518.296 rows=331781 loops=1)
              Hash Cond: (mc.movie_id = t.id)
              ->  Seq Scan on movie_companies mc  (cost=0.00..51404.11 rows=328701 width=4) (actual time=157.021..848.142 rows=331781 loops=1)
                    Filter: (company_id > 90412)
                    Rows Removed by Filter: 2277348
              ->  Hash  (cost=61283.27..61283.27 rows=2528527 width=4) (actual time=2010.236..2010.236 rows=2528312 loops=1)
                    Buckets: 131072  Batches: 64  Memory Usage: 2415kB
                    ->  Seq Scan on title t  (cost=0.00..61283.27 rows=2528527 width=4) (actual time=0.031..1173.949 rows=2528312 loops=1)
Planning time: 1.112 ms
Execution time: 8556.245 ms
