Hash Join  (cost=173813.41..319966.36 rows=1612867 width=0) (actual time=4058.189..9651.858 rows=8275170 loops=1)
  Hash Cond: (mk.movie_id = t.id)
  ->  Seq Scan on movie_keyword mk  (cost=0.00..81003.12 rows=3884842 width=4) (actual time=0.021..1785.426 rows=3884292 loops=1)
        Filter: (keyword_id > 495)
        Rows Removed by Filter: 639638
  ->  Hash  (cost=156590.32..156590.32 rows=1049767 width=8) (actual time=4057.053..4057.053 rows=1187646 loops=1)
        Buckets: 131072  Batches: 16  Memory Usage: 3946kB
        ->  Hash Join  (cost=99161.12..156590.32 rows=1049767 width=8) (actual time=1942.266..3714.907 rows=1187646 loops=1)
              Hash Cond: (mi_idx.movie_id = t.id)
              ->  Seq Scan on movie_info_idx mi_idx  (cost=0.00..21735.35 rows=1380035 width=4) (actual time=0.019..454.733 rows=1380035 loops=1)
              ->  Hash  (cost=67604.59..67604.59 rows=1923403 width=4) (actual time=1941.248..1941.248 rows=1922849 loops=1)
                    Buckets: 131072  Batches: 32  Memory Usage: 3132kB
                    ->  Seq Scan on title t  (cost=0.00..67604.59 rows=1923403 width=4) (actual time=0.020..1328.246 rows=1922849 loops=1)
                          Filter: (production_year < 2010)
                          Rows Removed by Filter: 605463
Planning time: 1.112 ms
Execution time: 10629.791 ms
