Hash Join  (cost=79677.10..972238.78 rows=3703281 width=0) (actual time=1423.476..23105.768 rows=4084588 loops=1)
  Hash Cond: (ci.movie_id = t.id)
  ->  Seq Scan on cast_info ci  (cost=0.00..705507.15 rows=12726058 width=4) (actual time=0.025..14651.016 rows=12670688 loops=1)
        Filter: (role_id = 1)
        Rows Removed by Filter: 23573656
  ->  Hash  (cost=67604.59..67604.59 rows=735801 width=4) (actual time=1422.630..1422.630 rows=730985 loops=1)
        Buckets: 131072  Batches: 16  Memory Usage: 2631kB
        ->  Seq Scan on title t  (cost=0.00..67604.59 rows=735801 width=4) (actual time=0.019..1183.937 rows=730985 loops=1)
              Filter: (production_year < 1992)
              Rows Removed by Filter: 1797327
Planning time: 0.732 ms
Execution time: 23545.200 ms
