Seq Scan on cast_info ci  (cost=0.00..796071.18 rows=18692773 width=0) (actual time=6586.870..17273.440 rows=18441291 loops=1)
  Filter: ((person_id > 228659) AND (role_id < 3))
  Rows Removed by Filter: 17803053
Planning time: 0.319 ms
Execution time: 19535.780 ms
