Hash Join  (cost=83074.74..447745.01 rows=1434 width=0) (actual time=1093.639..8040.746 rows=3574 loops=1)
  Hash Cond: (mi.movie_id = t.id)
  ->  Seq Scan on movie_info mi  (cost=0.00..309384.22 rows=14739122 width=4) (actual time=0.010..4346.879 rows=14835720 loops=1)
  ->  Hash  (cost=83071.67..83071.67 rows=246 width=8) (actual time=1006.769..1006.769 rows=63 loops=1)
        Buckets: 1024  Batches: 1  Memory Usage: 11kB
        ->  Nested Loop  (cost=0.43..83071.67 rows=246 width=8) (actual time=9.582..1006.685 rows=63 loops=1)
              ->  Seq Scan on movie_keyword mk  (cost=0.00..81003.12 rows=246 width=4) (actual time=9.494..1004.383 rows=63 loops=1)
                    Filter: (keyword_id = 36076)
                    Rows Removed by Filter: 4523867
              ->  Index Only Scan using title_pkey on title t  (cost=0.43..8.40 rows=1 width=4) (actual time=0.032..0.033 rows=1 loops=63)
                    Index Cond: (id = mk.movie_id)
                    Heap Fetches: 63
Planning time: 0.725 ms
Execution time: 8041.640 ms
