Hash Join  (cost=102767.86..177094.51 rows=270998 width=0) (actual time=2013.724..3893.860 rows=534840 loops=1)
  Hash Cond: (mc.movie_id = t.id)
  ->  Seq Scan on movie_companies mc  (cost=0.00..57926.93 rows=270998 width=4) (actual time=0.015..1079.864 rows=534840 loops=1)
        Filter: ((company_id > 72448) AND (company_type_id > 1))
        Rows Removed by Filter: 2074289
  ->  Hash  (cost=61283.27..61283.27 rows=2528527 width=4) (actual time=2011.698..2011.698 rows=2528312 loops=1)
        Buckets: 131072  Batches: 64  Memory Usage: 2415kB
        ->  Seq Scan on title t  (cost=0.00..61283.27 rows=2528527 width=4) (actual time=0.011..1164.571 rows=2528312 loops=1)
Planning time: 0.780 ms
Execution time: 3955.973 ms
