Hash Join  (cost=102767.86..1126015.31 rows=9030540 width=0) (actual time=1978.032..28610.854 rows=12670688 loops=1)
  Hash Cond: (ci.movie_id = t.id)
  ->  Seq Scan on cast_info ci  (cost=0.00..796071.18 rows=9030540 width=4) (actual time=0.013..15248.510 rows=12670688 loops=1)
        Filter: ((person_id < 2656632) AND (role_id = 1))
        Rows Removed by Filter: 23573656
  ->  Hash  (cost=61283.27..61283.27 rows=2528527 width=4) (actual time=1977.016..1977.016 rows=2528312 loops=1)
        Buckets: 131072  Batches: 64  Memory Usage: 2415kB
        ->  Seq Scan on title t  (cost=0.00..61283.27 rows=2528527 width=4) (actual time=0.019..1135.368 rows=2528312 loops=1)
Planning time: 0.717 ms
Execution time: 30080.560 ms
