Seq Scan on movie_companies mc  (cost=0.00..57926.93 rows=275768 width=0) (actual time=0.034..876.366 rows=141098 loops=1)
  Filter: ((company_id < 531) AND (company_type_id = 2))
  Rows Removed by Filter: 2468031
Planning time: 0.379 ms
Execution time: 895.725 ms
