Nested Loop  (cost=0.43..52283.69 rows=104 width=0) (actual time=0.327..802.657 rows=167 loops=1)
  ->  Seq Scan on movie_companies mc  (cost=0.00..51404.11 rows=104 width=4) (actual time=0.256..796.204 rows=167 loops=1)
        Filter: (company_id = 58824)
        Rows Removed by Filter: 2608962
  ->  Index Only Scan using title_pkey on title t  (cost=0.43..8.45 rows=1 width=4) (actual time=0.036..0.037 rows=1 loops=167)
        Index Cond: (id = mc.movie_id)
        Heap Fetches: 167
Planning time: 0.734 ms
Execution time: 802.783 ms
