Seq Scan on movie_companies mc  (cost=0.00..57926.93 rows=1006570 width=0) (actual time=113.775..937.306 rows=1274246 loops=1)
  Filter: ((company_id < 71607) AND (company_type_id = 1))
  Rows Removed by Filter: 1334883
Planning time: 1.677 ms
Execution time: 1089.192 ms
