Seq Scan on cast_info ci  (cost=0.00..705507.15 rows=500 width=0) (actual time=1542.436..8858.297 rows=64 loops=1)
  Filter: (person_id = 671489)
  Rows Removed by Filter: 36244280
Planning time: 0.429 ms
Execution time: 8858.436 ms
