Hash Join  (cost=73982.55..128694.84 rows=4676 width=0) (actual time=1076.513..2185.421 rows=6721 loops=1)
  Hash Cond: (mc.movie_id = t.id)
  ->  Seq Scan on movie_companies mc  (cost=0.00..44881.29 rows=2609129 width=4) (actual time=0.027..581.046 rows=2609129 loops=1)
  ->  Hash  (cost=73925.90..73925.90 rows=4532 width=4) (actual time=1041.815..1041.815 rows=8098 loops=1)
        Buckets: 8192  Batches: 1  Memory Usage: 349kB
        ->  Seq Scan on title t  (cost=0.00..73925.90 rows=4532 width=4) (actual time=115.299..1038.035 rows=8098 loops=1)
              Filter: ((kind_id = 7) AND (production_year = 1978))
              Rows Removed by Filter: 2520214
Planning time: 0.753 ms
Execution time: 2186.419 ms
