Seq Scan on movie_companies mc  (cost=0.00..57926.93 rows=293239 width=0) (actual time=0.023..823.232 rows=156608 loops=1)
  Filter: ((company_id < 613) AND (company_type_id > 1))
  Rows Removed by Filter: 2452521
Planning time: 0.339 ms
Execution time: 842.036 ms
