Hash Join  (cost=150654.28..225810.72 rows=241787 width=0) (actual time=3399.297..4886.587 rows=305814 loops=1)
  Hash Cond: (mc.movie_id = t.id)
  ->  Seq Scan on movie_companies mc  (cost=0.00..57926.93 rows=1091638 width=4) (actual time=323.918..1165.864 rows=1274246 loops=1)
        Filter: ((company_id < 83506) AND (company_type_id = 1))
        Rows Removed by Filter: 1334883
  ->  Hash  (cost=141465.74..141465.74 rows=560043 width=8) (actual time=3074.474..3074.474 rows=283812 loops=1)
        Buckets: 131072  Batches: 8  Memory Usage: 2409kB
        ->  Hash Join  (cost=92883.59..141465.74 rows=560043 width=8) (actual time=2061.371..2981.514 rows=283812 loops=1)
              Hash Cond: (mi_idx.movie_id = t.id)
              ->  Seq Scan on movie_info_idx mi_idx  (cost=0.00..25185.44 rows=919057 width=4) (actual time=0.031..503.122 rows=920110 loops=1)
                    Filter: (info_type_id > 99)
                    Rows Removed by Filter: 459925
              ->  Hash  (cost=67604.59..67604.59 rows=1540800 width=4) (actual time=1648.175..1648.175 rows=1543264 loops=1)
                    Buckets: 131072  Batches: 32  Memory Usage: 2722kB
                    ->  Seq Scan on title t  (cost=0.00..67604.59 rows=1540800 width=4) (actual time=0.025..1170.861 rows=1543264 loops=1)
                          Filter: (kind_id = 7)
                          Rows Removed by Filter: 985048
Planning time: 0.982 ms
Execution time: 4922.626 ms
