Hash Join  (cost=123871.12..583911.34 rows=1022773 width=0) (actual time=2528.113..12731.834 rows=1178381 loops=1)
  Hash Cond: (mi.movie_id = t.id)
  ->  Seq Scan on movie_info mi  (cost=0.00..346232.03 rows=8859586 width=4) (actual time=0.030..6274.641 rows=8966694 loops=1)
        Filter: (info_type_id < 15)
        Rows Removed by Filter: 5869026
  ->  Hash  (cost=119081.37..119081.37 rows=291900 width=8) (actual time=2526.767..2526.767 rows=192209 loops=1)
        Buckets: 131072  Batches: 4  Memory Usage: 2901kB
        ->  Hash Join  (cost=76379.89..119081.37 rows=291900 width=8) (actual time=1265.319..2463.892 rows=192209 loops=1)
              Hash Cond: (mi_idx.movie_id = t.id)
              ->  Seq Scan on movie_info_idx mi_idx  (cost=0.00..21735.35 rows=1380035 width=4) (actual time=0.022..480.726 rows=1380035 loops=1)
              ->  Hash  (cost=67604.59..67604.59 rows=534824 width=4) (actual time=1264.384..1264.384 rows=533369 loops=1)
                    Buckets: 131072  Batches: 8  Memory Usage: 3369kB
                    ->  Seq Scan on title t  (cost=0.00..67604.59 rows=534824 width=4) (actual time=0.016..1094.250 rows=533369 loops=1)
                          Filter: (production_year > 2009)
                          Rows Removed by Filter: 1994943
Planning time: 1.224 ms
Execution time: 12873.081 ms
