Seq Scan on movie_companies mc  (cost=0.00..51404.11 rows=104 width=0) (actual time=15.680..738.806 rows=249 loops=1)
  Filter: (company_id = 2763)
  Rows Removed by Filter: 2608880
Planning time: 0.359 ms
Execution time: 739.002 ms
