Seq Scan on movie_companies mc  (cost=0.00..57926.93 rows=53 width=0) (actual time=158.914..775.870 rows=1 loops=1)
  Filter: ((company_id = 111231) AND (company_type_id = 2))
  Rows Removed by Filter: 2609128
Planning time: 0.295 ms
Execution time: 775.938 ms
