Hash Join  (cost=578347.62..1959759.49 rows=11798161 width=0) (actual time=12954.897..42722.394 rows=5452615 loops=1)
  Hash Cond: (ci.movie_id = t.id)
  ->  Seq Scan on cast_info ci  (cost=0.00..614943.12 rows=36225612 width=4) (actual time=0.021..12819.183 rows=36244344 loops=1)
  ->  Hash  (cost=564836.81..564836.81 rows=823505 width=8) (actual time=12953.835..12953.835 rows=241638 loops=1)
        Buckets: 131072  Batches: 16  Memory Usage: 1618kB
        ->  Hash Join  (cost=76243.83..564836.81 rows=823505 width=8) (actual time=1141.106..12855.320 rows=241638 loops=1)
              Hash Cond: (mi.movie_id = t.id)
              ->  Seq Scan on movie_info mi  (cost=0.00..309384.22 rows=14739122 width=4) (actual time=0.027..5879.034 rows=14835720 loops=1)
              ->  Hash  (cost=73925.90..73925.90 rows=141274 width=4) (actual time=1140.348..1140.348 rows=150659 loops=1)
                    Buckets: 131072  Batches: 2  Memory Usage: 3679kB
                    ->  Seq Scan on title t  (cost=0.00..73925.90 rows=141274 width=4) (actual time=0.024..1083.994 rows=150659 loops=1)
                          Filter: ((production_year > 2011) AND (kind_id = 7))
                          Rows Removed by Filter: 2377653
Planning time: 1.248 ms
Execution time: 43365.432 ms
