Hash Join  (cost=80560.63..211377.62 rows=723495 width=0) (actual time=1425.985..5194.197 rows=1214500 loops=1)
  Hash Cond: (mk.movie_id = t.id)
  ->  Seq Scan on movie_keyword mk  (cost=0.00..69693.30 rows=4523930 width=4) (actual time=0.016..1537.773 rows=4523930 loops=1)
  ->  Hash  (cost=73925.90..73925.90 rows=404378 width=4) (actual time=1425.189..1425.189 rows=296768 loops=1)
        Buckets: 131072  Batches: 8  Memory Usage: 2340kB
        ->  Seq Scan on title t  (cost=0.00..73925.90 rows=404378 width=4) (actual time=0.015..1331.736 rows=296768 loops=1)
              Filter: ((production_year > 1997) AND (kind_id = 1))
              Rows Removed by Filter: 2231544
Planning time: 0.476 ms
Execution time: 5345.000 ms
