Seq Scan on movie_keyword mk  (cost=0.00..81003.12 rows=2821679 width=0) (actual time=0.015..1354.836 rows=2814256 loops=1)
  Filter: (keyword_id > 2707)
  Rows Removed by Filter: 1709674
Planning time: 0.285 ms
Execution time: 1678.400 ms
