Seq Scan on movie_companies mc  (cost=0.00..51404.11 rows=256306 width=0) (actual time=0.012..834.356 rows=251956 loops=1)
  Filter: (company_id < 122)
  Rows Removed by Filter: 2357173
Planning time: 0.346 ms
Execution time: 867.594 ms
