Seq Scan on cast_info ci  (cost=0.00..796071.18 rows=17198222 width=0) (actual time=0.023..15662.383 rows=20006107 loops=1)
  Filter: ((person_id < 2282085) AND (role_id < 6))
  Rows Removed by Filter: 16238237
Planning time: 0.401 ms
Execution time: 18122.842 ms
