Seq Scan on cast_info ci  (cost=0.00..796071.18 rows=94388 width=0) (actual time=10508.394..11704.309 rows=38710 loops=1)
  Filter: ((person_id < 941702) AND (role_id > 10))
  Rows Removed by Filter: 36205634
Planning time: 0.370 ms
Execution time: 11709.471 ms
