Seq Scan on cast_info ci  (cost=0.00..705507.15 rows=500 width=0) (actual time=8446.064..11263.293 rows=21 loops=1)
  Filter: (person_id = 3517632)
  Rows Removed by Filter: 36244323
Planning time: 0.363 ms
Execution time: 11263.421 ms
