Hash Join  (cost=67697.55..442288.73 rows=22070 width=0) (actual time=1778.398..8048.251 rows=4199 loops=1)
  Hash Cond: (mi.movie_id = t.id)
  ->  Seq Scan on movie_info mi  (cost=0.00..346232.03 rows=7503588 width=4) (actual time=524.285..5867.644 rows=7548855 loops=1)
        Filter: (info_type_id > 7)
        Rows Removed by Filter: 7286865
  ->  Hash  (cost=67604.59..67604.59 rows=7437 width=4) (actual time=1049.425..1049.425 rows=1747 loops=1)
        Buckets: 8192  Batches: 1  Memory Usage: 126kB
        ->  Seq Scan on title t  (cost=0.00..67604.59 rows=7437 width=4) (actual time=0.069..1048.385 rows=1747 loops=1)
              Filter: (production_year = 1901)
              Rows Removed by Filter: 2526565
Planning time: 0.771 ms
Execution time: 8049.325 ms
