Hash Join  (cost=127581.40..620867.17 rows=1263286 width=0) (actual time=3051.828..17547.255 rows=7706282 loops=1)
  Hash Cond: (mi.movie_id = t.id)
  ->  Seq Scan on movie_info mi  (cost=0.00..309384.22 rows=14739122 width=4) (actual time=1.014..5859.786 rows=14835720 loops=1)
  ->  Hash  (cost=124025.41..124025.41 rows=216719 width=8) (actual time=3049.987..3049.987 rows=354080 loops=1)
        Buckets: 131072 (originally 131072)  Batches: 8 (originally 4)  Memory Usage: 3073kB
        ->  Hash Join  (cost=83751.15..124025.41 rows=216719 width=8) (actual time=1494.542..2937.981 rows=354080 loops=1)
              Hash Cond: (mi_idx.movie_id = t.id)
              ->  Seq Scan on movie_info_idx mi_idx  (cost=0.00..25185.44 rows=915101 width=4) (actual time=0.020..589.674 rows=919850 loops=1)
                    Filter: (info_type_id < 101)
                    Rows Removed by Filter: 460185
              ->  Hash  (cost=73925.90..73925.90 rows=598820 width=4) (actual time=1472.286..1472.286 rows=481913 loops=1)
                    Buckets: 131072  Batches: 8  Memory Usage: 3155kB
                    ->  Seq Scan on title t  (cost=0.00..73925.90 rows=598820 width=4) (actual time=0.012..1320.576 rows=481913 loops=1)
                          Filter: ((production_year > 1954) AND (kind_id = 1))
                          Rows Removed by Filter: 2046399
Planning time: 1.126 ms
Execution time: 18434.061 ms
