Hash Join  (cost=80549.28..1173768.03 rows=5783858 width=0) (actual time=1303.492..34382.837 rows=6846314 loops=1)
  Hash Cond: (ci.movie_id = t.id)
  ->  Seq Scan on cast_info ci  (cost=0.00..614943.12 rows=36225612 width=4) (actual time=0.013..12815.571 rows=36244344 loops=1)
  ->  Hash  (cost=73925.90..73925.90 rows=403710 width=4) (actual time=1302.346..1302.346 rows=434218 loops=1)
        Buckets: 131072  Batches: 8  Memory Usage: 2935kB
        ->  Seq Scan on title t  (cost=0.00..73925.90 rows=403710 width=4) (actual time=170.593..1168.391 rows=434218 loops=1)
              Filter: ((production_year > 2008) AND (kind_id = 7))
              Rows Removed by Filter: 2094094
Planning time: 0.810 ms
Execution time: 35233.674 ms
