Seq Scan on movie_keyword mk  (cost=0.00..81003.12 rows=2838825 width=0) (actual time=0.020..1507.210 rows=2829121 loops=1)
  Filter: (keyword_id < 8513)
  Rows Removed by Filter: 1694809
Planning time: 0.349 ms
Execution time: 1854.416 ms
