Seq Scan on movie_keyword mk  (cost=0.00..81003.12 rows=3159304 width=0) (actual time=0.024..1549.345 rows=3141882 loops=1)
  Filter: (keyword_id < 12085)
  Rows Removed by Filter: 1382048
Planning time: 0.338 ms
Execution time: 1941.582 ms
