Hash Join  (cost=114767.62..239402.64 rows=216098 width=0) (actual time=2210.709..4991.234 rows=447627 loops=1)
  Hash Cond: (mk.movie_id = t.id)
  ->  Seq Scan on movie_keyword mk  (cost=0.00..69693.30 rows=4523930 width=4) (actual time=0.019..1384.651 rows=4523930 loops=1)
  ->  Hash  (cost=112785.85..112785.85 rows=120782 width=8) (actual time=2209.770..2209.770 rows=84174 loops=1)
        Buckets: 131072  Batches: 2  Memory Usage: 2671kB
        ->  Hash Join  (cost=78473.92..112785.85 rows=120782 width=8) (actual time=1348.747..2180.312 rows=84174 loops=1)
              Hash Cond: (mi_idx.movie_id = t.id)
              ->  Seq Scan on movie_info_idx mi_idx  (cost=0.00..25185.44 rows=460978 width=4) (actual time=0.019..489.324 rows=459925 loops=1)
                    Filter: (info_type_id = 99)
                    Rows Removed by Filter: 920110
              ->  Hash  (cost=67604.59..67604.59 rows=662507 width=4) (actual time=1347.731..1347.731 rows=662065 loops=1)
                    Buckets: 131072  Batches: 16  Memory Usage: 2481kB
                    ->  Seq Scan on title t  (cost=0.00..67604.59 rows=662507 width=4) (actual time=0.013..1128.712 rows=662065 loops=1)
                          Filter: (production_year > 2008)
                          Rows Removed by Filter: 1866247
Planning time: 1.230 ms
Execution time: 5041.290 ms
