Seq Scan on title t  (cost=0.00..73925.90 rows=4532 width=0) (actual time=1.925..1236.546 rows=5845 loops=1)
  Filter: ((kind_id = 7) AND (production_year = 1957))
  Rows Removed by Filter: 2522467
Planning time: 0.307 ms
Execution time: 1238.189 ms
