Hash Join  (cost=217858.32..361813.75 rows=1805593 width=0) (actual time=4877.770..10201.895 rows=6489867 loops=1)
  Hash Cond: (mk.movie_id = t.id)
  ->  Seq Scan on movie_keyword mk  (cost=0.00..81003.12 rows=3433702 width=4) (actual time=0.028..1792.631 rows=3428703 loops=1)
        Filter: (keyword_id > 1118)
        Rows Removed by Filter: 1095227
  ->  Hash  (cost=196044.17..196044.17 rows=1329612 width=8) (actual time=4876.008..4876.008 rows=1334883 loops=1)
        Buckets: 131072  Batches: 32  Memory Usage: 2660kB
        ->  Hash Join  (cost=102767.86..196044.17 rows=1329612 width=8) (actual time=2070.669..4497.221 rows=1334883 loops=1)
              Hash Cond: (mc.movie_id = t.id)
              ->  Seq Scan on movie_companies mc  (cost=0.00..51404.11 rows=1329612 width=4) (actual time=95.270..984.043 rows=1334883 loops=1)
                    Filter: (company_type_id = 2)
                    Rows Removed by Filter: 1274246
              ->  Hash  (cost=61283.27..61283.27 rows=2528527 width=4) (actual time=1974.106..1974.106 rows=2528312 loops=1)
                    Buckets: 131072  Batches: 64  Memory Usage: 2415kB
                    ->  Seq Scan on title t  (cost=0.00..61283.27 rows=2528527 width=4) (actual time=0.032..1128.901 rows=2528312 loops=1)
Planning time: 2.363 ms
Execution time: 10946.561 ms
