Seq Scan on movie_companies mc  (cost=0.00..57926.93 rows=649108 width=0) (actual time=22.905..1024.007 rows=902741 loops=1)
  Filter: ((company_id > 11385) AND (company_type_id = 2))
  Rows Removed by Filter: 1706388
Planning time: 0.393 ms
Execution time: 1139.855 ms
