Seq Scan on movie_keyword mk  (cost=0.00..81003.12 rows=3300534 width=0) (actual time=0.020..1533.828 rows=3291001 loops=1)
  Filter: (keyword_id < 14697)
  Rows Removed by Filter: 1232929
Planning time: 0.337 ms
Execution time: 1942.011 ms
