Hash Join  (cost=73962.22..130179.22 rows=1470 width=0) (actual time=1322.382..2220.967 rows=9685 loops=1)
  Hash Cond: (mc.movie_id = t.id)
  ->  Seq Scan on movie_companies mc  (cost=0.00..51404.11 rows=1279517 width=4) (actual time=245.135..913.703 rows=1274246 loops=1)
        Filter: (company_type_id = 1)
        Rows Removed by Filter: 1334883
  ->  Hash  (cost=73925.90..73925.90 rows=2905 width=4) (actual time=1076.643..1076.643 rows=9408 loops=1)
        Buckets: 16384 (originally 4096)  Batches: 1 (originally 1)  Memory Usage: 459kB
        ->  Seq Scan on title t  (cost=0.00..73925.90 rows=2905 width=4) (actual time=0.084..1071.897 rows=9408 loops=1)
              Filter: ((kind_id < 7) AND (production_year = 1990))
              Rows Removed by Filter: 2518904
Planning time: 0.839 ms
Execution time: 2222.692 ms
