Hash Join  (cost=83074.68..109985.94 rows=77 width=0) (actual time=1542.121..1920.726 rows=102 loops=1)
  Hash Cond: (mi_idx.movie_id = t.id)
  ->  Seq Scan on movie_info_idx mi_idx  (cost=0.00..21735.35 rows=1380035 width=4) (actual time=0.018..389.464 rows=1380035 loops=1)
  ->  Hash  (cost=83072.90..83072.90 rows=142 width=8) (actual time=1290.106..1290.106 rows=41 loops=1)
        Buckets: 1024  Batches: 1  Memory Usage: 10kB
        ->  Nested Loop  (cost=0.43..83072.90 rows=142 width=8) (actual time=976.941..1290.048 rows=41 loops=1)
              ->  Seq Scan on movie_keyword mk  (cost=0.00..81003.12 rows=246 width=4) (actual time=11.846..1264.729 rows=246 loops=1)
                    Filter: (keyword_id = 3596)
                    Rows Removed by Filter: 4523684
              ->  Index Scan using title_pkey on title t  (cost=0.43..8.40 rows=1 width=4) (actual time=0.100..0.100 rows=0 loops=246)
                    Index Cond: (id = mk.movie_id)
                    Filter: ((production_year < 2013) AND (kind_id = 7))
                    Rows Removed by Filter: 1
Planning time: 1.218 ms
Execution time: 1920.885 ms
