Hash Join  (cost=78846.40..1016242.14 rows=2146329 width=0) (actual time=1364.771..24736.559 rows=2424810 loops=1)
  Hash Cond: (ci.movie_id = t.id)
  ->  Seq Scan on cast_info ci  (cost=0.00..705507.15 rows=18097411 width=4) (actual time=127.616..13946.678 rows=18252702 loops=1)
        Filter: (person_id > 1785284)
        Rows Removed by Filter: 17991642
  ->  Hash  (cost=73925.90..73925.90 rows=299880 width=4) (actual time=1236.171..1236.171 rows=391036 loops=1)
        Buckets: 131072 (originally 131072)  Batches: 8 (originally 4)  Memory Usage: 3073kB
        ->  Seq Scan on title t  (cost=0.00..73925.90 rows=299880 width=4) (actual time=212.978..1102.182 rows=391036 loops=1)
              Filter: ((production_year < 2002) AND (kind_id = 1))
              Rows Removed by Filter: 2137276
Planning time: 0.799 ms
Execution time: 25020.178 ms
