Hash Join  (cost=346406.09..926192.44 rows=10801482 width=0) (actual time=8758.308..31616.721 rows=51617857 loops=1)
  Hash Cond: (mi.movie_id = t.id)
  ->  Seq Scan on movie_info mi  (cost=0.00..346232.03 rows=7235534 width=4) (actual time=0.025..6710.382 rows=7286865 loops=1)
        Filter: (info_type_id < 8)
        Rows Removed by Filter: 7548855
  ->  Hash  (cost=284477.57..284477.57 rows=3774682 width=8) (actual time=8756.637..8756.637 rows=3767201 loops=1)
        Buckets: 131072  Batches: 64  Memory Usage: 3429kB
        ->  Hash Join  (cost=102767.86..284477.57 rows=3774682 width=8) (actual time=1967.288..7559.334 rows=3767201 loops=1)
              Hash Cond: (mk.movie_id = t.id)
              ->  Seq Scan on movie_keyword mk  (cost=0.00..81003.12 rows=3774682 width=4) (actual time=0.020..1779.492 rows=3767201 loops=1)
                    Filter: (keyword_id > 691)
                    Rows Removed by Filter: 756729
              ->  Hash  (cost=61283.27..61283.27 rows=2528527 width=4) (actual time=1964.859..1964.859 rows=2528312 loops=1)
                    Buckets: 131072  Batches: 64  Memory Usage: 2425kB
                    ->  Seq Scan on title t  (cost=0.00..61283.27 rows=2528527 width=4) (actual time=0.014..1053.458 rows=2528312 loops=1)
Planning time: 1.146 ms
Execution time: 37197.576 ms
