Hash Join  (cost=143761.26..542923.69 rows=866457 width=0) (actual time=3236.684..10824.224 rows=1275848 loops=1)
  Hash Cond: (mi.movie_id = t.id)
  ->  Seq Scan on movie_info mi  (cost=0.00..346232.03 rows=3623957 width=4) (actual time=0.018..5504.921 rows=3624977 loops=1)
        Filter: (info_type_id < 4)
        Rows Removed by Filter: 11210743
  ->  Hash  (cost=133842.40..133842.40 rows=604549 width=8) (actual time=3235.274..3235.274 rows=488617 loops=1)
        Buckets: 131072  Batches: 8  Memory Usage: 3411kB
        ->  Hash Join  (cost=85777.42..133842.40 rows=604549 width=8) (actual time=1623.351..3089.645 rows=488617 loops=1)
              Hash Cond: (mi_idx.movie_id = t.id)
              ->  Seq Scan on movie_info_idx mi_idx  (cost=0.00..21735.35 rows=1380035 width=4) (actual time=0.020..488.914 rows=1380035 loops=1)
              ->  Hash  (cost=67604.59..67604.59 rows=1107667 width=4) (actual time=1622.319..1622.319 rows=1107925 loops=1)
                    Buckets: 131072  Batches: 16  Memory Usage: 3460kB
                    ->  Seq Scan on title t  (cost=0.00..67604.59 rows=1107667 width=4) (actual time=0.018..1264.575 rows=1107925 loops=1)
                          Filter: (production_year > 2004)
                          Rows Removed by Filter: 1420387
Planning time: 1.199 ms
Execution time: 10973.785 ms
