Seq Scan on movie_keyword mk  (cost=0.00..81003.12 rows=4675 width=0) (actual time=0.203..1340.756 rows=4910 loops=1)
  Filter: (keyword_id = 1116)
  Rows Removed by Filter: 4519020
Planning time: 0.373 ms
Execution time: 1342.108 ms
