Hash Join  (cost=156632.57..222864.24 rows=88974 width=0) (actual time=3671.713..4812.352 rows=99737 loops=1)
  Hash Cond: (mc.movie_id = t.id)
  ->  Seq Scan on movie_companies mc  (cost=0.00..57926.93 rows=484265 width=4) (actual time=0.012..941.044 rows=180060 loops=1)
        Filter: ((company_id > 16775) AND (company_type_id = 1))
        Rows Removed by Filter: 2429069
  ->  Hash  (cost=149010.49..149010.49 rows=464566 width=8) (actual time=3670.895..3670.895 rows=459925 loops=1)
        Buckets: 131072  Batches: 8  Memory Usage: 3275kB
        ->  Hash Join  (cost=102767.86..149010.49 rows=464566 width=8) (actual time=2331.047..3543.472 rows=459925 loops=1)
              Hash Cond: (mi_idx.movie_id = t.id)
              ->  Seq Scan on movie_info_idx mi_idx  (cost=0.00..25185.44 rows=464566 width=4) (actual time=0.018..434.112 rows=459925 loops=1)
                    Filter: (info_type_id = 101)
                    Rows Removed by Filter: 920110
              ->  Hash  (cost=61283.27..61283.27 rows=2528527 width=4) (actual time=2329.620..2329.620 rows=2528312 loops=1)
                    Buckets: 131072  Batches: 64  Memory Usage: 2415kB
                    ->  Seq Scan on title t  (cost=0.00..61283.27 rows=2528527 width=4) (actual time=0.014..953.906 rows=2528312 loops=1)
Planning time: 0.676 ms
Execution time: 4826.038 ms
