Hash Join  (cost=83073.01..109983.81 rows=31 width=0) (actual time=1249.785..1777.958 rows=458 loops=1)
  Hash Cond: (mi_idx.movie_id = t.id)
  ->  Seq Scan on movie_info_idx mi_idx  (cost=0.00..21735.35 rows=1380035 width=4) (actual time=0.029..271.140 rows=1380035 loops=1)
  ->  Hash  (cost=83072.29..83072.29 rows=58 width=8) (actual time=1249.147..1249.147 rows=173 loops=1)
        Buckets: 1024  Batches: 1  Memory Usage: 15kB
        ->  Nested Loop  (cost=0.43..83072.29 rows=58 width=8) (actual time=4.850..1248.915 rows=173 loops=1)
              ->  Seq Scan on movie_keyword mk  (cost=0.00..81003.12 rows=246 width=4) (actual time=4.654..1229.958 rows=517 loops=1)
                    Filter: (keyword_id = 4196)
                    Rows Removed by Filter: 4523413
              ->  Index Scan using title_pkey on title t  (cost=0.43..8.40 rows=1 width=4) (actual time=0.035..0.035 rows=0 loops=517)
                    Index Cond: (id = mk.movie_id)
                    Filter: (production_year < 1985)
                    Rows Removed by Filter: 1
Planning time: 1.205 ms
Execution time: 1778.190 ms
