Seq Scan on cast_info ci  (cost=0.00..705507.15 rows=34283224 width=0) (actual time=0.022..13784.530 rows=34355391 loops=1)
  Filter: (person_id > 185684)
  Rows Removed by Filter: 1888953
Planning time: 0.328 ms
Execution time: 17986.538 ms
