Seq Scan on movie_companies mc  (cost=0.00..51404.11 rows=910127 width=0) (actual time=0.018..892.717 rows=909331 loops=1)
  Filter: (company_id < 3016)
  Rows Removed by Filter: 1699798
Planning time: 0.393 ms
Execution time: 1008.868 ms
