Hash Join  (cost=94640.38..181347.80 rows=4938 width=0) (actual time=1716.376..3473.331 rows=2160 loops=1)
  Hash Cond: (mk.movie_id = t.id)
  ->  Seq Scan on movie_keyword mk  (cost=0.00..69693.30 rows=4523930 width=4) (actual time=0.028..993.020 rows=4523930 loops=1)
  ->  Hash  (cost=94605.88..94605.88 rows=2760 width=8) (actual time=1688.514..1688.514 rows=1560 loops=1)
        Buckets: 4096  Batches: 1  Memory Usage: 93kB
        ->  Hash Join  (cost=67667.80..94605.88 rows=2760 width=8) (actual time=1148.125..1687.814 rows=1560 loops=1)
              Hash Cond: (mi_idx.movie_id = t.id)
              ->  Seq Scan on movie_info_idx mi_idx  (cost=0.00..21735.35 rows=1380035 width=4) (actual time=0.021..290.958 rows=1380035 loops=1)
              ->  Hash  (cost=67604.59..67604.59 rows=5057 width=4) (actual time=1145.713..1145.713 rows=1036 loops=1)
                    Buckets: 8192  Batches: 1  Memory Usage: 101kB
                    ->  Seq Scan on title t  (cost=0.00..67604.59 rows=5057 width=4) (actual time=1.285..1145.090 rows=1036 loops=1)
                          Filter: (production_year < 1897)
                          Rows Removed by Filter: 2527276
Planning time: 1.198 ms
Execution time: 3473.806 ms
