Hash Join  (cost=74816.49..101860.49 rows=12989 width=0) (actual time=1247.435..1942.267 rows=21105 loops=1)
  Hash Cond: (mi_idx.movie_id = t.id)
  ->  Seq Scan on movie_info_idx mi_idx  (cost=0.00..25185.44 rows=460978 width=4) (actual time=0.034..490.359 rows=459925 loops=1)
        Filter: (info_type_id = 99)
        Rows Removed by Filter: 920110
  ->  Hash  (cost=73925.90..73925.90 rows=71247 width=4) (actual time=1246.614..1246.614 rows=99366 loops=1)
        Buckets: 131072 (originally 131072)  Batches: 2 (originally 1)  Memory Usage: 3073kB
        ->  Seq Scan on title t  (cost=0.00..73925.90 rows=71247 width=4) (actual time=0.023..1204.274 rows=99366 loops=1)
              Filter: ((production_year > 1996) AND (kind_id = 4))
              Rows Removed by Filter: 2428946
Planning time: 0.824 ms
Execution time: 1945.392 ms
