Seq Scan on cast_info ci  (cost=0.00..796071.18 rows=4632476 width=0) (actual time=9685.316..15126.509 rows=5321089 loops=1)
  Filter: ((person_id > 708998) AND (role_id > 8))
  Rows Removed by Filter: 30923255
Planning time: 0.726 ms
Execution time: 15788.944 ms
