Hash Join  (cost=102767.86..189630.94 rows=792009 width=0) (actual time=1937.735..4502.292 rows=1009707 loops=1)
  Hash Cond: (mc.movie_id = t.id)
  ->  Seq Scan on movie_companies mc  (cost=0.00..57926.93 rows=792009 width=4) (actual time=25.483..1055.017 rows=1009707 loops=1)
        Filter: ((company_id > 6158) AND (company_type_id = 2))
        Rows Removed by Filter: 1599422
  ->  Hash  (cost=61283.27..61283.27 rows=2528527 width=4) (actual time=1910.881..1910.881 rows=2528312 loops=1)
        Buckets: 131072  Batches: 64  Memory Usage: 2415kB
        ->  Seq Scan on title t  (cost=0.00..61283.27 rows=2528527 width=4) (actual time=0.042..1094.054 rows=2528312 loops=1)
Planning time: 4.427 ms
Execution time: 4619.471 ms
