Hash Join  (cost=96280.99..247152.62 rows=2051872 width=0) (actual time=1903.961..5863.590 rows=896978 loops=1)
  Hash Cond: (mk.movie_id = t.id)
  ->  Seq Scan on movie_keyword mk  (cost=0.00..81003.12 rows=3807676 width=4) (actual time=0.025..1852.994 rows=3808083 loops=1)
        Filter: (keyword_id > 613)
        Rows Removed by Filter: 715847
  ->  Hash  (cost=73925.90..73925.90 rows=1362567 width=4) (actual time=1901.926..1901.926 rows=1337599 loops=1)
        Buckets: 131072  Batches: 32  Memory Usage: 2500kB
        ->  Seq Scan on title t  (cost=0.00..73925.90 rows=1362567 width=4) (actual time=0.013..1445.207 rows=1337599 loops=1)
              Filter: ((kind_id > 3) AND (production_year < 2011))
              Rows Removed by Filter: 1190713
Planning time: 0.751 ms
Execution time: 5973.764 ms
