Hash Join  (cost=73950.44..447371.89 rows=5617 width=0) (actual time=2938.558..8111.504 rows=19346 loops=1)
  Hash Cond: (mi.movie_id = t.id)
  ->  Seq Scan on movie_info mi  (cost=0.00..346232.03 rows=7235534 width=4) (actual time=1727.259..5830.282 rows=7286865 loops=1)
        Filter: (info_type_id < 8)
        Rows Removed by Filter: 7548855
  ->  Hash  (cost=73925.90..73925.90 rows=1963 width=4) (actual time=1132.308..1132.308 rows=2465 loops=1)
        Buckets: 4096 (originally 2048)  Batches: 1 (originally 1)  Memory Usage: 119kB
        ->  Seq Scan on title t  (cost=0.00..73925.90 rows=1963 width=4) (actual time=117.499..1130.923 rows=2465 loops=1)
              Filter: ((kind_id = 1) AND (production_year = 1951))
              Rows Removed by Filter: 2525847
Planning time: 0.814 ms
Execution time: 8115.256 ms
