Hash Join  (cost=74039.62..100985.29 rows=1673 width=0) (actual time=1172.326..1777.875 rows=3346 loops=1)
  Hash Cond: (mi_idx.movie_id = t.id)
  ->  Seq Scan on movie_info_idx mi_idx  (cost=0.00..25185.44 rows=464934 width=4) (actual time=0.016..468.507 rows=460185 loops=1)
        Filter: (info_type_id > 100)
        Rows Removed by Filter: 919850
  ->  Hash  (cost=73925.90..73925.90 rows=9097 width=4) (actual time=1171.981..1171.981 rows=29104 loops=1)
        Buckets: 32768 (originally 16384)  Batches: 1 (originally 1)  Memory Usage: 1280kB
        ->  Seq Scan on title t  (cost=0.00..73925.90 rows=9097 width=4) (actual time=340.480..1160.342 rows=29104 loops=1)
              Filter: ((kind_id < 3) AND (production_year < 1911))
              Rows Removed by Filter: 2499208
Planning time: 0.721 ms
Execution time: 1778.589 ms
