Seq Scan on cast_info ci  (cost=0.00..705507.15 rows=23375751 width=0) (actual time=0.024..12907.570 rows=23277443 loops=1)
  Filter: (person_id < 2380459)
  Rows Removed by Filter: 12966901
Planning time: 0.299 ms
Execution time: 15807.476 ms
