Hash Join  (cost=184568.87..314109.63 rows=618773 width=0) (actual time=3342.475..6620.029 rows=375155 loops=1)
  Hash Cond: (mk.movie_id = t.id)
  ->  Seq Scan on movie_keyword mk  (cost=0.00..69693.30 rows=4523930 width=4) (actual time=0.011..1450.358 rows=4523930 loops=1)
  ->  Hash  (cost=178894.79..178894.79 rows=345846 width=8) (actual time=3341.525..3341.525 rows=37159 loops=1)
        Buckets: 131072  Batches: 8  Memory Usage: 1219kB
        ->  Hash Join  (cost=102767.86..178894.79 rows=345846 width=8) (actual time=1983.430..3328.186 rows=37159 loops=1)
              Hash Cond: (mc.movie_id = t.id)
              ->  Seq Scan on movie_companies mc  (cost=0.00..57926.93 rows=345846 width=4) (actual time=0.016..937.960 rows=37159 loops=1)
                    Filter: ((company_id > 43863) AND (company_type_id < 2))
                    Rows Removed by Filter: 2571970
              ->  Hash  (cost=61283.27..61283.27 rows=2528527 width=4) (actual time=1982.282..1982.282 rows=2528312 loops=1)
                    Buckets: 131072  Batches: 64  Memory Usage: 2415kB
                    ->  Seq Scan on title t  (cost=0.00..61283.27 rows=2528527 width=4) (actual time=0.016..1138.658 rows=2528312 loops=1)
Planning time: 1.100 ms
Execution time: 6664.771 ms
