Hash Join  (cost=273247.90..757777.93 rows=5046145 width=0) (actual time=6456.097..18147.268 rows=10328258 loops=1)
  Hash Cond: (mi.movie_id = t.id)
  ->  Seq Scan on movie_info mi  (cost=0.00..346232.03 rows=6231111 width=4) (actual time=0.013..6486.381 rows=6223494 loops=1)
        Filter: (info_type_id > 8)
        Rows Removed by Filter: 8612226
  ->  Hash  (cost=239652.91..239652.91 rows=2047679 width=8) (actual time=6454.626..6454.626 rows=1143082 loops=1)
        Buckets: 131072  Batches: 32  Memory Usage: 2403kB
        ->  Hash Join  (cost=92703.08..239652.91 rows=2047679 width=8) (actual time=1925.052..6119.497 rows=1143082 loops=1)
              Hash Cond: (mk.movie_id = t.id)
              ->  Seq Scan on movie_keyword mk  (cost=0.00..69693.30 rows=4523930 width=4) (actual time=0.026..1523.548 rows=4523930 loops=1)
              ->  Hash  (cost=73925.90..73925.90 rows=1144494 width=4) (actual time=1923.943..1923.943 rows=1095581 loops=1)
                    Buckets: 131072  Batches: 16  Memory Usage: 3443kB
                    ->  Seq Scan on title t  (cost=0.00..73925.90 rows=1144494 width=4) (actual time=0.020..1558.329 rows=1095581 loops=1)
                          Filter: ((kind_id > 1) AND (production_year < 2007))
                          Rows Removed by Filter: 1432731
Planning time: 1.126 ms
Execution time: 19284.990 ms
