Hash Join  (cost=75305.14..151550.64 rows=86697 width=0) (actual time=922.894..2676.119 rows=46931 loops=1)
  Hash Cond: (mc.movie_id = t.id)
  ->  Seq Scan on movie_companies mc  (cost=0.00..44881.29 rows=2609129 width=4) (actual time=0.022..901.597 rows=2609129 loops=1)
  ->  Hash  (cost=73925.90..73925.90 rows=84019 width=4) (actual time=921.446..921.446 rows=92860 loops=1)
        Buckets: 131072  Batches: 2  Memory Usage: 2656kB
        ->  Seq Scan on title t  (cost=0.00..73925.90 rows=84019 width=4) (actual time=0.027..831.843 rows=92860 loops=1)
              Filter: ((kind_id > 3) AND (production_year = 2009))
              Rows Removed by Filter: 2435452
Planning time: 0.808 ms
Execution time: 2682.298 ms
