Hash Join  (cost=138477.44..226333.64 rows=119816 width=0) (actual time=2610.205..4584.188 rows=483608 loops=1)
  Hash Cond: (mk.movie_id = t.id)
  ->  Seq Scan on movie_keyword mk  (cost=0.00..69693.30 rows=4523930 width=4) (actual time=0.018..987.849 rows=4523930 loops=1)
  ->  Hash  (cost=137640.34..137640.34 rows=66968 width=8) (actual time=2609.466..2609.466 rows=60423 loops=1)
        Buckets: 131072  Batches: 1  Memory Usage: 3385kB
        ->  Hash Join  (cost=69694.50..137640.34 rows=66968 width=8) (actual time=1218.569..2586.944 rows=60423 loops=1)
              Hash Cond: (mc.movie_id = t.id)
              ->  Seq Scan on movie_companies mc  (cost=0.00..51404.11 rows=1329612 width=4) (actual time=253.725..1066.736 rows=1334883 loops=1)
                    Filter: (company_type_id > 1)
                    Rows Removed by Filter: 1274246
              ->  Hash  (cost=67604.59..67604.59 rows=127353 width=4) (actual time=904.580..904.580 rows=128696 loops=1)
                    Buckets: 131072  Batches: 2  Memory Usage: 3284kB
                    ->  Seq Scan on title t  (cost=0.00..67604.59 rows=127353 width=4) (actual time=0.040..846.841 rows=128696 loops=1)
                          Filter: (production_year = 2009)
                          Rows Removed by Filter: 2399616
Planning time: 1.207 ms
Execution time: 4647.772 ms
