Hash Join  (cost=769115.29..2985803.21 rows=88861722 width=0) (actual time=17921.766..72328.543 rows=84319297 loops=1)
  Hash Cond: (ci.movie_id = t.id)
  ->  Seq Scan on cast_info ci  (cost=0.00..705507.15 rows=31182453 width=4) (actual time=0.025..16651.580 rows=31148216 loops=1)
        Filter: (person_id < 3158535)
        Rows Removed by Filter: 5096128
  ->  Hash  (cost=650897.91..650897.91 rows=7205631 width=8) (actual time=17919.278..17919.278 rows=4403235 loops=1)
        Buckets: 131072  Batches: 128  Memory Usage: 2378kB
        ->  Hash Join  (cost=94206.67..650897.91 rows=7205631 width=8) (actual time=1945.003..16756.023 rows=4403235 loops=1)
              Hash Cond: (mi.movie_id = t.id)
              ->  Seq Scan on movie_info mi  (cost=0.00..309384.22 rows=14739122 width=4) (actual time=0.027..6386.863 rows=14835720 loops=1)
              ->  Hash  (cost=73925.90..73925.90 rows=1236141 width=4) (actual time=1942.884..1942.884 rows=1353520 loops=1)
                    Buckets: 131072  Batches: 32  Memory Usage: 2525kB
                    ->  Seq Scan on title t  (cost=0.00..73925.90 rows=1236141 width=4) (actual time=0.018..1490.640 rows=1353520 loops=1)
                          Filter: ((kind_id > 1) AND (production_year > 1993))
                          Rows Removed by Filter: 1174792
Planning time: 1.211 ms
Execution time: 81446.473 ms
