Hash Join  (cost=1324641.61..2803970.58 rows=72954721 width=0) (actual time=31652.023..90103.421 rows=163254464 loops=1)
  Hash Cond: (mi.movie_id = t.id)
  ->  Seq Scan on movie_info mi  (cost=0.00..309384.22 rows=14739122 width=4) (actual time=0.017..6213.410 rows=14835720 loops=1)
  ->  Hash  (cost=1119308.44..1119308.44 rows=12515534 width=8) (actual time=31647.168..31647.168 rows=12439445 loops=1)
        Buckets: 131072  Batches: 256  Memory Usage: 2999kB
        ->  Hash Join  (cost=102767.86..1119308.44 rows=12515534 width=8) (actual time=2166.014..27969.727 rows=12439445 loops=1)
              Hash Cond: (ci.movie_id = t.id)
              ->  Seq Scan on cast_info ci  (cost=0.00..705507.15 rows=12515534 width=4) (actual time=163.027..13216.316 rows=12439445 loops=1)
                    Filter: (person_id < 1227087)
                    Rows Removed by Filter: 23804899
              ->  Hash  (cost=61283.27..61283.27 rows=2528527 width=4) (actual time=2001.439..2001.439 rows=2528312 loops=1)
                    Buckets: 131072  Batches: 64  Memory Usage: 2415kB
                    ->  Seq Scan on title t  (cost=0.00..61283.27 rows=2528527 width=4) (actual time=0.028..1167.612 rows=2528312 loops=1)
Planning time: 1.196 ms
Execution time: 107889.923 ms
