Hash Join  (cost=77180.21..203505.92 rows=354868 width=0) (actual time=1302.835..4763.360 rows=1467872 loops=1)
  Hash Cond: (mk.movie_id = t.id)
  ->  Seq Scan on movie_keyword mk  (cost=0.00..69693.30 rows=4523930 width=4) (actual time=0.023..1334.451 rows=4523930 loops=1)
  ->  Hash  (cost=73925.90..73925.90 rows=198344 width=4) (actual time=1302.038..1302.038 rows=331222 loops=1)
        Buckets: 131072  Batches: 4  Memory Usage: 3944kB
        ->  Seq Scan on title t  (cost=0.00..73925.90 rows=198344 width=4) (actual time=0.022..1191.655 rows=331222 loops=1)
              Filter: ((production_year < 1993) AND (kind_id = 1))
              Rows Removed by Filter: 2197090
Planning time: 0.796 ms
Execution time: 4945.832 ms
