Hash Join  (cost=102767.86..200910.73 rows=301769 width=0) (actual time=2068.006..4529.158 rows=297263 loops=1)
  Hash Cond: (mk.movie_id = t.id)
  ->  Seq Scan on movie_keyword mk  (cost=0.00..81003.12 rows=301769 width=4) (actual time=0.030..1348.838 rows=297263 loops=1)
        Filter: (keyword_id > 54183)
        Rows Removed by Filter: 4226667
  ->  Hash  (cost=61283.27..61283.27 rows=2528527 width=4) (actual time=2062.427..2062.427 rows=2528312 loops=1)
        Buckets: 131072  Batches: 64  Memory Usage: 2425kB
        ->  Seq Scan on title t  (cost=0.00..61283.27 rows=2528527 width=4) (actual time=0.014..1189.126 rows=2528312 loops=1)
Planning time: 0.871 ms
Execution time: 4563.675 ms
