Seq Scan on cast_info ci  (cost=0.00..796071.18 rows=324 width=0) (actual time=1391.930..13842.577 rows=1 loops=1)
  Filter: ((role_id > 1) AND (person_id = 2189256))
  Rows Removed by Filter: 36244343
Planning time: 0.431 ms
Execution time: 13842.686 ms
