Hash Join  (cost=169289.68..949061.81 rows=4845 width=0) (actual time=3008.486..17749.397 rows=57352 loops=1)
  Hash Cond: (ci.movie_id = t.id)
  ->  Seq Scan on cast_info ci  (cost=0.00..705507.15 rows=14843311 width=4) (actual time=0.007..12163.735 rows=15006312 loops=1)
        Filter: (person_id > 2147052)
        Rows Removed by Filter: 21238032
  ->  Hash  (cost=169279.36..169279.36 rows=825 width=8) (actual time=3007.683..3007.683 rows=1688 loops=1)
        Buckets: 2048 (originally 1024)  Batches: 1 (originally 1)  Memory Usage: 82kB
        ->  Hash Join  (cost=73932.73..169279.36 rows=825 width=8) (actual time=1104.244..3006.802 rows=1688 loops=1)
              Hash Cond: (mk.movie_id = t.id)
              ->  Seq Scan on movie_keyword mk  (cost=0.00..81003.12 rows=3822736 width=4) (actual time=0.014..1447.236 rows=3820132 loops=1)
                    Filter: (keyword_id > 585)
                    Rows Removed by Filter: 703798
              ->  Hash  (cost=73925.90..73925.90 rows=546 width=4) (actual time=1061.878..1061.878 rows=447 loops=1)
                    Buckets: 1024  Batches: 1  Memory Usage: 24kB
                    ->  Seq Scan on title t  (cost=0.00..73925.90 rows=546 width=4) (actual time=0.468..1061.568 rows=447 loops=1)
                          Filter: ((kind_id = 6) AND (production_year = 2006))
                          Rows Removed by Filter: 2527865
Planning time: 1.229 ms
Execution time: 17757.287 ms
