Seq Scan on cast_info ci  (cost=0.00..796071.18 rows=324 width=0) (actual time=13382.591..13614.843 rows=1 loops=1)
  Filter: ((role_id > 1) AND (person_id = 3296270))
  Rows Removed by Filter: 36244343
Planning time: 0.361 ms
Execution time: 13614.927 ms
