Hash Join  (cost=152757.38..231021.04 rows=440694 width=0) (actual time=3155.374..5133.509 rows=395868 loops=1)
  Hash Cond: (mc.movie_id = t.id)
  ->  Seq Scan on movie_companies mc  (cost=0.00..51404.11 rows=1723359 width=4) (actual time=0.029..1033.994 rows=1726536 loops=1)
        Filter: (company_id > 2640)
        Rows Removed by Filter: 882593
  ->  Hash  (cost=142149.00..142149.00 rows=646591 width=8) (actual time=3153.426..3153.426 rows=416715 loops=1)
        Buckets: 131072  Batches: 16  Memory Usage: 2051kB
        ->  Hash Join  (cost=93362.60..142149.00 rows=646591 width=8) (actual time=1731.967..3045.668 rows=416715 loops=1)
              Hash Cond: (mi_idx.movie_id = t.id)
              ->  Seq Scan on movie_info_idx mi_idx  (cost=0.00..21735.35 rows=1380035 width=4) (actual time=0.018..421.170 rows=1380035 loops=1)
              ->  Hash  (cost=73925.90..73925.90 rows=1184696 width=4) (actual time=1731.131..1731.131 rows=1143935 loops=1)
                    Buckets: 131072  Batches: 16  Memory Usage: 3541kB
                    ->  Seq Scan on title t  (cost=0.00..73925.90 rows=1184696 width=4) (actual time=0.021..1360.701 rows=1143935 loops=1)
                          Filter: ((kind_id > 3) AND (production_year < 2009))
                          Rows Removed by Filter: 1384377
Planning time: 3.569 ms
Execution time: 5183.542 ms
