Hash Join  (cost=226717.82..272062.15 rows=445985 width=0) (actual time=5368.387..6886.952 rows=1733116 loops=1)
  Hash Cond: (mi_idx.movie_id = t.id)
  ->  Seq Scan on movie_info_idx mi_idx  (cost=0.00..21735.35 rows=1380035 width=4) (actual time=0.019..409.044 rows=1380035 loops=1)
  ->  Hash  (cost=213311.54..213311.54 rows=817142 width=8) (actual time=5367.509..5367.509 rows=819631 loops=1)
        Buckets: 131072  Batches: 16  Memory Usage: 3051kB
        ->  Hash Join  (cost=102767.86..213311.54 rows=817142 width=8) (actual time=2645.442..5127.870 rows=819631 loops=1)
              Hash Cond: (mk.movie_id = t.id)
              ->  Seq Scan on movie_keyword mk  (cost=0.00..81003.12 rows=817142 width=4) (actual time=0.025..1362.341 rows=819631 loops=1)
                    Filter: (keyword_id < 786)
                    Rows Removed by Filter: 3704299
              ->  Hash  (cost=61283.27..61283.27 rows=2528527 width=4) (actual time=2644.525..2644.525 rows=2528312 loops=1)
                    Buckets: 131072  Batches: 64  Memory Usage: 2425kB
                    ->  Seq Scan on title t  (cost=0.00..61283.27 rows=2528527 width=4) (actual time=0.015..1121.668 rows=2528312 loops=1)
Planning time: 1.156 ms
Execution time: 7077.542 ms
