Hash Join  (cost=160960.78..958862.92 rows=183095 width=0) (actual time=2790.586..20598.512 rows=2146560 loops=1)
  Hash Cond: (ci.movie_id = t.id)
  ->  Seq Scan on cast_info ci  (cost=0.00..614943.12 rows=36225612 width=4) (actual time=0.023..8680.758 rows=36244344 loops=1)
  ->  Hash  (cost=160801.03..160801.03 rows=12780 width=8) (actual time=2790.178..2790.178 rows=34124 loops=1)
        Buckets: 65536 (originally 16384)  Batches: 1 (originally 1)  Memory Usage: 1845kB
        ->  Hash Join  (cost=74015.19..160801.03 rows=12780 width=8) (actual time=994.513..2778.595 rows=34124 loops=1)
              Hash Cond: (mk.movie_id = t.id)
              ->  Seq Scan on movie_keyword mk  (cost=0.00..69693.30 rows=4523930 width=4) (actual time=0.011..973.548 rows=4523930 loops=1)
              ->  Hash  (cost=73925.90..73925.90 rows=7143 width=4) (actual time=994.206..994.206 rows=5068 loops=1)
                    Buckets: 8192  Batches: 1  Memory Usage: 243kB
                    ->  Seq Scan on title t  (cost=0.00..73925.90 rows=7143 width=4) (actual time=0.064..991.850 rows=5068 loops=1)
                          Filter: ((kind_id = 1) AND (production_year = 1993))
                          Rows Removed by Filter: 2523244
Planning time: 1.067 ms
Execution time: 20868.068 ms
