Hash Join  (cost=102767.86..998125.98 rows=3715627 width=0) (actual time=1968.874..19667.726 rows=5627288 loops=1)
  Hash Cond: (ci.movie_id = t.id)
  ->  Seq Scan on cast_info ci  (cost=0.00..796071.18 rows=3715627 width=4) (actual time=0.014..12787.547 rows=5627288 loops=1)
        Filter: ((person_id > 1819662) AND (role_id > 7))
        Rows Removed by Filter: 30617056
  ->  Hash  (cost=61283.27..61283.27 rows=2528527 width=4) (actual time=1967.680..1967.680 rows=2528312 loops=1)
        Buckets: 131072  Batches: 64  Memory Usage: 2415kB
        ->  Seq Scan on title t  (cost=0.00..61283.27 rows=2528527 width=4) (actual time=0.022..1112.688 rows=2528312 loops=1)
Planning time: 0.699 ms
Execution time: 20338.286 ms
