Hash Join  (cost=52284.46..871507.09 rows=100 width=0) (actual time=7355.963..17839.639 rows=52 loops=1)
  Hash Cond: (ci.movie_id = t.id)
  ->  Seq Scan on cast_info ci  (cost=0.00..796071.18 rows=6173453 width=4) (actual time=6277.171..15966.782 rows=7450676 loops=1)
        Filter: ((person_id > 531410) AND (role_id = 2))
        Rows Removed by Filter: 28793668
  ->  Hash  (cost=52283.95..52283.95 rows=41 width=8) (actual time=846.433..846.433 rows=35 loops=1)
        Buckets: 1024  Batches: 1  Memory Usage: 10kB
        ->  Nested Loop  (cost=0.43..52283.95 rows=41 width=8) (actual time=18.001..846.353 rows=35 loops=1)
              ->  Seq Scan on movie_companies mc  (cost=0.00..51404.11 rows=104 width=4) (actual time=17.896..844.823 rows=35 loops=1)
                    Filter: (company_id = 35163)
                    Rows Removed by Filter: 2609094
              ->  Index Scan using title_pkey on title t  (cost=0.43..8.45 rows=1 width=4) (actual time=0.038..0.038 rows=1 loops=35)
                    Index Cond: (id = mc.movie_id)
                    Filter: (kind_id < 7)
Planning time: 1.235 ms
Execution time: 17839.816 ms
