Seq Scan on movie_keyword mk  (cost=0.00..81003.12 rows=1551249 width=0) (actual time=0.023..1458.415 rows=1564875 loops=1)
  Filter: (keyword_id > 10018)
  Rows Removed by Filter: 2959055
Planning time: 10.156 ms
Execution time: 1654.344 ms
