Hash Join  (cost=76435.78..906377.25 rows=165407 width=0) (actual time=6333.572..14608.236 rows=68620 loops=1)
  Hash Cond: (ci.movie_id = t.id)
  ->  Seq Scan on cast_info ci  (cost=0.00..796071.18 rows=2734460 width=4) (actual time=5122.880..12804.582 rows=1357456 loops=1)
        Filter: ((person_id < 1011571) AND (role_id > 4))
        Rows Removed by Filter: 34886888
  ->  Hash  (cost=73925.90..73925.90 rows=152950 width=4) (actual time=1209.455..1209.455 rows=157522 loops=1)
        Buckets: 131072  Batches: 2  Memory Usage: 3795kB
        ->  Seq Scan on title t  (cost=0.00..73925.90 rows=152950 width=4) (actual time=0.049..1145.368 rows=157522 loops=1)
              Filter: ((kind_id > 3) AND (production_year > 2011))
              Rows Removed by Filter: 2370790
Planning time: 0.741 ms
Execution time: 14618.516 ms
