Hash Join  (cost=154292.26..242840.90 rows=32026 width=0) (actual time=2723.801..4349.022 rows=174833 loops=1)
  Hash Cond: (mk.movie_id = t.id)
  ->  Seq Scan on movie_keyword mk  (cost=0.00..81003.12 rows=577401 width=4) (actual time=0.021..1371.787 rows=574970 loops=1)
        Filter: (keyword_id > 31924)
        Rows Removed by Filter: 3948960
  ->  Hash  (cost=151991.17..151991.17 rows=140247 width=8) (actual time=2723.021..2723.021 rows=142744 loops=1)
        Buckets: 131072  Batches: 2  Memory Usage: 3830kB
        ->  Hash Join  (cost=83198.94..151991.17 rows=140247 width=8) (actual time=1457.475..2674.365 rows=142744 loops=1)
              Hash Cond: (mc.movie_id = t.id)
              ->  Seq Scan on movie_companies mc  (cost=0.00..57926.93 rows=627419 width=4) (actual time=125.613..997.321 rows=399296 loops=1)
                    Filter: ((company_id < 11138) AND (company_type_id > 1))
                    Rows Removed by Filter: 2209833
              ->  Hash  (cost=73925.90..73925.90 rows=565203 width=4) (actual time=1330.880..1330.880 rows=641785 loops=1)
                    Buckets: 131072  Batches: 8  Memory Usage: 3862kB
                    ->  Seq Scan on title t  (cost=0.00..73925.90 rows=565203 width=4) (actual time=0.035..1121.005 rows=641785 loops=1)
                          Filter: ((kind_id < 7) AND (production_year < 2006))
                          Rows Removed by Filter: 1886527
Planning time: 7.638 ms
Execution time: 4369.974 ms
