Hash Join  (cost=84865.68..169400.57 rows=688037 width=0) (actual time=1406.122..3902.176 rows=1042050 loops=1)
  Hash Cond: (mc.movie_id = t.id)
  ->  Seq Scan on movie_companies mc  (cost=0.00..44881.29 rows=2609129 width=4) (actual time=0.017..847.351 rows=2609129 loops=1)
  ->  Hash  (cost=73925.90..73925.90 rows=666782 width=4) (actual time=1405.034..1405.034 rows=566088 loops=1)
        Buckets: 131072  Batches: 16  Memory Usage: 2264kB
        ->  Seq Scan on title t  (cost=0.00..73925.90 rows=666782 width=4) (actual time=0.043..1214.992 rows=566088 loops=1)
              Filter: ((kind_id < 7) AND (production_year > 1992))
              Rows Removed by Filter: 1962224
Planning time: 0.716 ms
Execution time: 4028.527 ms
