Hash Join  (cost=83073.69..447733.28 rows=370 width=0) (actual time=1749.870..8319.541 rows=3830 loops=1)
  Hash Cond: (mi.movie_id = t.id)
  ->  Seq Scan on movie_info mi  (cost=0.00..309384.22 rows=14739122 width=4) (actual time=0.019..4414.675 rows=14835720 loops=1)
  ->  Hash  (cost=83072.90..83072.90 rows=63 width=8) (actual time=1264.487..1264.487 rows=40 loops=1)
        Buckets: 1024  Batches: 1  Memory Usage: 10kB
        ->  Nested Loop  (cost=0.43..83072.90 rows=63 width=8) (actual time=10.087..1264.416 rows=40 loops=1)
              ->  Seq Scan on movie_keyword mk  (cost=0.00..81003.12 rows=246 width=4) (actual time=10.017..1223.400 rows=551 loops=1)
                    Filter: (keyword_id = 2949)
                    Rows Removed by Filter: 4523379
              ->  Index Scan using title_pkey on title t  (cost=0.43..8.40 rows=1 width=4) (actual time=0.073..0.073 rows=0 loops=551)
                    Index Cond: (id = mk.movie_id)
                    Filter: ((kind_id < 7) AND (production_year < 2008))
                    Rows Removed by Filter: 1
Planning time: 1.178 ms
Execution time: 8320.530 ms
