Seq Scan on movie_keyword mk  (cost=0.00..81003.12 rows=3936159 width=0) (actual time=0.022..1506.761 rows=3937353 loops=1)
  Filter: (keyword_id < 31278)
  Rows Removed by Filter: 586577
Planning time: 0.277 ms
Execution time: 1994.588 ms
