Seq Scan on cast_info ci  (cost=0.00..796071.18 rows=176 width=0) (actual time=7865.933..10320.918 rows=307 loops=1)
  Filter: ((person_id = 831970) AND (role_id = 1))
  Rows Removed by Filter: 36244037
Planning time: 0.372 ms
Execution time: 10321.065 ms
