Seq Scan on movie_keyword mk  (cost=0.00..81003.12 rows=579535 width=0) (actual time=0.018..1297.019 rows=577218 loops=1)
  Filter: (keyword_id > 31788)
  Rows Removed by Filter: 3946712
Planning time: 0.207 ms
Execution time: 1369.469 ms
