Seq Scan on movie_keyword mk  (cost=0.00..81003.12 rows=417407 width=0) (actual time=0.036..1286.467 rows=409187 loops=1)
  Filter: (keyword_id > 42253)
  Rows Removed by Filter: 4114743
Planning time: 0.295 ms
Execution time: 1340.762 ms
