Nested Loop  (cost=0.43..52283.69 rows=104 width=0) (actual time=109.659..781.837 rows=2 loops=1)
  ->  Seq Scan on movie_companies mc  (cost=0.00..51404.11 rows=104 width=4) (actual time=109.577..781.665 rows=2 loops=1)
        Filter: (company_id = 111078)
        Rows Removed by Filter: 2609127
  ->  Index Only Scan using title_pkey on title t  (cost=0.43..8.45 rows=1 width=4) (actual time=0.073..0.074 rows=1 loops=2)
        Index Cond: (id = mc.movie_id)
        Heap Fetches: 2
Planning time: 0.689 ms
Execution time: 781.905 ms
