Hash Join  (cost=174844.72..661212.97 rows=614933 width=0) (actual time=3452.749..17450.635 rows=3622406 loops=1)
  Hash Cond: (mi.movie_id = t.id)
  ->  Seq Scan on movie_info mi  (cost=0.00..309384.22 rows=14739122 width=4) (actual time=0.015..5404.389 rows=14835720 loops=1)
  ->  Hash  (cost=173113.05..173113.05 rows=105493 width=8) (actual time=3451.933..3451.933 rows=167048 loops=1)
        Buckets: 131072 (originally 131072)  Batches: 4 (originally 2)  Memory Usage: 3073kB
        ->  Hash Join  (cost=102767.86..173113.05 rows=105493 width=8) (actual time=1957.451..3392.090 rows=167048 loops=1)
              Hash Cond: (mc.movie_id = t.id)
              ->  Seq Scan on movie_companies mc  (cost=0.00..57926.93 rows=105493 width=4) (actual time=0.038..895.752 rows=167048 loops=1)
                    Filter: ((company_id < 73) AND (company_type_id < 2))
                    Rows Removed by Filter: 2442081
              ->  Hash  (cost=61283.27..61283.27 rows=2528527 width=4) (actual time=1956.681..1956.681 rows=2528312 loops=1)
                    Buckets: 131072  Batches: 64  Memory Usage: 2415kB
                    ->  Seq Scan on title t  (cost=0.00..61283.27 rows=2528527 width=4) (actual time=0.050..1125.409 rows=2528312 loops=1)
Planning time: 0.932 ms
Execution time: 17888.165 ms
