Hash Join  (cost=199457.80..596717.43 rows=1176288 width=0) (actual time=7267.772..11782.417 rows=777636 loops=1)
  Hash Cond: (mi.movie_id = t.id)
  ->  Seq Scan on movie_info mi  (cost=0.00..346232.03 rows=3068194 width=4) (actual time=3029.740..5504.803 rows=3036719 loops=1)
        Filter: (info_type_id = 16)
        Rows Removed by Filter: 11799001
  ->  Hash  (cost=183553.42..183553.42 rows=969390 width=8) (actual time=4236.535..4236.535 rows=494102 loops=1)
        Buckets: 131072  Batches: 16  Memory Usage: 2227kB
        ->  Hash Join  (cost=90606.68..183553.42 rows=969390 width=8) (actual time=1666.682..4101.756 rows=494102 loops=1)
              Hash Cond: (mc.movie_id = t.id)
              ->  Seq Scan on movie_companies mc  (cost=0.00..51404.11 rows=2410862 width=4) (actual time=0.029..1087.060 rows=2409511 loops=1)
                    Filter: (company_id < 113559)
                    Rows Removed by Filter: 199618
              ->  Hash  (cost=73925.90..73925.90 rows=1016702 width=4) (actual time=1665.788..1665.788 rows=960113 loops=1)
                    Buckets: 131072  Batches: 16  Memory Usage: 3135kB
                    ->  Seq Scan on title t  (cost=0.00..73925.90 rows=1016702 width=4) (actual time=0.020..1346.327 rows=960113 loops=1)
                          Filter: ((production_year < 2008) AND (kind_id = 7))
                          Rows Removed by Filter: 1568199
Planning time: 1.167 ms
Execution time: 11875.904 ms
