Hash Join  (cost=201225.20..714048.74 rows=3094361 width=0) (actual time=4187.394..22323.186 rows=24440176 loops=1)
  Hash Cond: (mi.movie_id = t.id)
  ->  Seq Scan on movie_info mi  (cost=0.00..309384.22 rows=14739122 width=4) (actual time=0.017..5912.470 rows=14835720 loops=1)
  ->  Hash  (cost=192515.65..192515.65 rows=530844 width=8) (actual time=4186.545..4186.545 rows=427035 loops=1)
        Buckets: 131072  Batches: 8  Memory Usage: 3216kB
        ->  Hash Join  (cost=89299.55..192515.65 rows=530844 width=8) (actual time=1804.764..4071.439 rows=427035 loops=1)
              Hash Cond: (mk.movie_id = t.id)
              ->  Seq Scan on movie_keyword mk  (cost=0.00..81003.12 rows=1015077 width=4) (actual time=0.029..1498.319 rows=1021776 loops=1)
                    Filter: (keyword_id > 17592)
                    Rows Removed by Filter: 3502154
              ->  Hash  (cost=67604.59..67604.59 rows=1322317 width=4) (actual time=1803.585..1803.585 rows=1322863 loops=1)
                    Buckets: 131072  Batches: 32  Memory Usage: 2489kB
                    ->  Seq Scan on title t  (cost=0.00..67604.59 rows=1322317 width=4) (actual time=0.018..1351.151 rows=1322863 loops=1)
                          Filter: (production_year > 2001)
                          Rows Removed by Filter: 1205449
Planning time: 1.703 ms
Execution time: 24983.940 ms
