Hash Join  (cost=83810.17..929952.92 rows=1166980 width=0) (actual time=11589.249..18800.437 rows=1267530 loops=1)
  Hash Cond: (ci.movie_id = t.id)
  ->  Seq Scan on cast_info ci  (cost=0.00..796071.18 rows=2987405 width=4) (actual time=10104.867..14933.108 rows=3891113 loops=1)
        Filter: ((person_id > 1089321) AND (role_id = 10))
        Rows Removed by Filter: 32353231
  ->  Hash  (cost=67604.59..67604.59 rows=987727 width=4) (actual time=1483.522..1483.522 rows=985048 loops=1)
        Buckets: 131072  Batches: 16  Memory Usage: 3188kB
        ->  Seq Scan on title t  (cost=0.00..67604.59 rows=987727 width=4) (actual time=0.029..1181.206 rows=985048 loops=1)
              Filter: (kind_id < 7)
              Rows Removed by Filter: 1543264
Planning time: 0.690 ms
Execution time: 18951.443 ms
