Seq Scan on movie_keyword mk  (cost=0.00..81003.12 rows=87427 width=0) (actual time=275.869..1277.656 rows=85531 loops=1)
  Filter: (keyword_id > 86207)
  Rows Removed by Filter: 4438399
Planning time: 0.275 ms
Execution time: 1289.943 ms
