Hash Join  (cost=219810.74..1373712.88 rows=13036816 width=0) (actual time=5157.085..42503.144 rows=31964140 loops=1)
  Hash Cond: (ci.movie_id = t.id)
  ->  Seq Scan on cast_info ci  (cost=0.00..705507.15 rows=27093821 width=4) (actual time=0.022..15822.156 rows=27108115 loops=1)
        Filter: (person_id < 2785325)
        Rows Removed by Filter: 9136229
  ->  Hash  (cost=199849.50..199849.50 rows=1216659 width=8) (actual time=5156.172..5156.172 rows=1165662 loops=1)
        Buckets: 131072  Batches: 16  Memory Usage: 3844kB
        ->  Hash Join  (cost=102767.86..199849.50 rows=1216659 width=8) (actual time=2759.431..4860.392 rows=1165662 loops=1)
              Hash Cond: (mc.movie_id = t.id)
              ->  Seq Scan on movie_companies mc  (cost=0.00..57926.93 rows=1216659 width=4) (actual time=444.575..1253.430 rows=1165662 loops=1)
                    Filter: ((company_id > 19) AND (company_type_id < 2))
                    Rows Removed by Filter: 1443467
              ->  Hash  (cost=61283.27..61283.27 rows=2528527 width=4) (actual time=2313.735..2313.735 rows=2528312 loops=1)
                    Buckets: 131072  Batches: 64  Memory Usage: 2415kB
                    ->  Seq Scan on title t  (cost=0.00..61283.27 rows=2528527 width=4) (actual time=0.016..1211.105 rows=2528312 loops=1)
Planning time: 1.116 ms
Execution time: 45760.089 ms
