Seq Scan on cast_info ci  (cost=0.00..796071.18 rows=774785 width=0) (actual time=5816.139..10993.663 rows=1220049 loops=1)
  Filter: ((person_id > 3825618) AND (role_id > 1))
  Rows Removed by Filter: 35024295
Planning time: 0.306 ms
Execution time: 11155.396 ms
