Hash Join  (cost=74275.08..101338.02 rows=15246 width=0) (actual time=1220.645..1812.025 rows=29577 loops=1)
  Hash Cond: (mi_idx.movie_id = t.id)
  ->  Seq Scan on movie_info_idx mi_idx  (cost=0.00..21735.35 rows=1380035 width=4) (actual time=0.024..264.665 rows=1380035 loops=1)
  ->  Hash  (cost=73925.90..73925.90 rows=27934 width=4) (actual time=1220.347..1220.347 rows=35197 loops=1)
        Buckets: 65536 (originally 32768)  Batches: 1 (originally 1)  Memory Usage: 1750kB
        ->  Seq Scan on title t  (cost=0.00..73925.90 rows=27934 width=4) (actual time=56.595..1205.659 rows=35197 loops=1)
              Filter: ((production_year < 1990) AND (kind_id = 3))
              Rows Removed by Filter: 2493115
Planning time: 0.677 ms
Execution time: 1816.272 ms
