Hash Join  (cost=92883.59..247928.79 rows=2192395 width=0) (actual time=4149.062..5487.982 rows=495620 loops=1)
  Hash Cond: (mk.movie_id = t.id)
  ->  Seq Scan on movie_keyword mk  (cost=0.00..81003.12 rows=3597825 width=4) (actual time=0.023..1802.666 rows=3592732 loops=1)
        Filter: (keyword_id < 20321)
        Rows Removed by Filter: 931198
  ->  Hash  (cost=67604.59..67604.59 rows=1540800 width=4) (actual time=1780.835..1780.835 rows=1543264 loops=1)
        Buckets: 131072  Batches: 32  Memory Usage: 2728kB
        ->  Seq Scan on title t  (cost=0.00..67604.59 rows=1540800 width=4) (actual time=0.016..1262.679 rows=1543264 loops=1)
              Filter: (kind_id = 7)
              Rows Removed by Filter: 985048
Planning time: 0.652 ms
Execution time: 5545.080 ms
