Nested Loop  (cost=0.43..58375.18 rows=53 width=0) (actual time=210.952..859.580 rows=60 loops=1)
  ->  Seq Scan on movie_companies mc  (cost=0.00..57926.93 rows=53 width=4) (actual time=210.853..852.327 rows=60 loops=1)
        Filter: ((company_type_id > 1) AND (company_id = 92334))
        Rows Removed by Filter: 2609069
  ->  Index Only Scan using title_pkey on title t  (cost=0.43..8.45 rows=1 width=4) (actual time=0.117..0.118 rows=1 loops=60)
        Index Cond: (id = mc.movie_id)
        Heap Fetches: 60
Planning time: 5.918 ms
Execution time: 859.681 ms
