Hash Join  (cost=271012.14..751658.31 rows=4710859 width=0) (actual time=7441.378..31646.529 rows=76959219 loops=1)
  Hash Cond: (mi.movie_id = t.id)
  ->  Seq Scan on movie_info mi  (cost=0.00..346232.03 rows=6231111 width=4) (actual time=1441.701..6587.586 rows=6223494 loops=1)
        Filter: (info_type_id > 8)
        Rows Removed by Filter: 8612226
  ->  Hash  (cost=239648.86..239648.86 rows=1911623 width=8) (actual time=5994.757..5994.757 rows=1920918 loops=1)
        Buckets: 131072  Batches: 32  Memory Usage: 3436kB
        ->  Hash Join  (cost=102767.86..239648.86 rows=1911623 width=8) (actual time=1938.554..5455.355 rows=1920918 loops=1)
              Hash Cond: (mk.movie_id = t.id)
              ->  Seq Scan on movie_keyword mk  (cost=0.00..81003.12 rows=1911623 width=4) (actual time=0.041..1675.593 rows=1920918 loops=1)
                    Filter: (keyword_id > 7016)
                    Rows Removed by Filter: 2603012
              ->  Hash  (cost=61283.27..61283.27 rows=2528527 width=4) (actual time=1936.598..1936.598 rows=2528312 loops=1)
                    Buckets: 131072  Batches: 64  Memory Usage: 2425kB
                    ->  Seq Scan on title t  (cost=0.00..61283.27 rows=2528527 width=4) (actual time=0.019..1079.043 rows=2528312 loops=1)
Planning time: 1.026 ms
Execution time: 39760.541 ms
