Hash Join  (cost=88608.73..624078.26 rows=5216760 width=0) (actual time=1549.092..18979.070 rows=8856540 loops=1)
  Hash Cond: (mi.movie_id = t.id)
  ->  Seq Scan on movie_info mi  (cost=0.00..309384.22 rows=14739122 width=4) (actual time=0.020..6111.072 rows=14835720 loops=1)
  ->  Hash  (cost=73925.90..73925.90 rows=894946 width=4) (actual time=1548.108..1548.108 rows=810098 loops=1)
        Buckets: 131072  Batches: 16  Memory Usage: 2815kB
        ->  Seq Scan on title t  (cost=0.00..73925.90 rows=894946 width=4) (actual time=0.017..1294.564 rows=810098 loops=1)
              Filter: ((kind_id < 7) AND (production_year > 1951))
              Rows Removed by Filter: 1718214
Planning time: 0.746 ms
Execution time: 20007.745 ms
