Hash Join  (cost=78670.55..110843.85 rows=52719 width=0) (actual time=1774.308..2552.429 rows=26312 loops=1)
  Hash Cond: (mi_idx.movie_id = t.id)
  ->  Seq Scan on movie_info_idx mi_idx  (cost=0.00..25185.44 rows=460978 width=4) (actual time=0.019..509.223 rows=459925 loops=1)
        Filter: (info_type_id < 100)
        Rows Removed by Filter: 920110
  ->  Hash  (cost=73925.90..73925.90 rows=289172 width=4) (actual time=1772.079..1772.079 rows=292674 loops=1)
        Buckets: 131072  Batches: 4  Memory Usage: 3617kB
        ->  Seq Scan on title t  (cost=0.00..73925.90 rows=289172 width=4) (actual time=0.018..1368.397 rows=292674 loops=1)
              Filter: ((kind_id > 1) AND (production_year > 2010))
              Rows Removed by Filter: 2235638
Planning time: 0.767 ms
Execution time: 2556.767 ms
