Hash Join  (cost=208119.51..353858.71 rows=1948316 width=0) (actual time=4899.441..12225.516 rows=15877353 loops=1)
  Hash Cond: (mk.movie_id = t.id)
  ->  Seq Scan on movie_keyword mk  (cost=0.00..69693.30 rows=4523930 width=4) (actual time=0.014..1555.683 rows=4523930 loops=1)
  ->  Hash  (cost=190253.54..190253.54 rows=1088958 width=8) (actual time=4898.188..4898.188 rows=1083515 loops=1)
        Buckets: 131072  Batches: 16  Memory Usage: 3689kB
        ->  Hash Join  (cost=102767.86..190253.54 rows=1088958 width=8) (actual time=2153.057..4563.954 rows=1083515 loops=1)
              Hash Cond: (mc.movie_id = t.id)
              ->  Seq Scan on movie_companies mc  (cost=0.00..51404.11 rows=1088958 width=4) (actual time=0.016..1045.881 rows=1083515 loops=1)
                    Filter: (company_id < 6986)
                    Rows Removed by Filter: 1525614
              ->  Hash  (cost=61283.27..61283.27 rows=2528527 width=4) (actual time=2151.802..2151.802 rows=2528312 loops=1)
                    Buckets: 131072  Batches: 64  Memory Usage: 2415kB
                    ->  Seq Scan on title t  (cost=0.00..61283.27 rows=2528527 width=4) (actual time=0.020..1310.381 rows=2528312 loops=1)
Planning time: 1.118 ms
Execution time: 14054.963 ms
