Hash Join  (cost=268099.75..694769.59 rows=2672103 width=0) (actual time=7217.503..13636.708 rows=2457167 loops=1)
  Hash Cond: (mi.movie_id = t.id)
  ->  Seq Scan on movie_info mi  (cost=0.00..346232.03 rows=3623957 width=4) (actual time=1184.576..5003.466 rows=3624977 loops=1)
        Filter: (info_type_id < 4)
        Rows Removed by Filter: 11210743
  ->  Hash  (cost=237511.82..237511.82 rows=1864394 width=8) (actual time=6032.019..6032.019 rows=909135 loops=1)
        Buckets: 131072  Batches: 32  Memory Usage: 2135kB
        ->  Hash Join  (cost=98137.04..237511.82 rows=1864394 width=8) (actual time=2546.002..5775.487 rows=909135 loops=1)
              Hash Cond: (mk.movie_id = t.id)
              ->  Seq Scan on movie_keyword mk  (cost=0.00..81003.12 rows=2533144 width=4) (actual time=0.031..1599.100 rows=2526604 loops=1)
                    Filter: (keyword_id < 6267)
                    Rows Removed by Filter: 1997326
              ->  Hash  (cost=67604.59..67604.59 rows=1860996 width=4) (actual time=2544.624..2544.624 rows=1865487 loops=1)
                    Buckets: 131072  Batches: 32  Memory Usage: 3085kB
                    ->  Seq Scan on title t  (cost=0.00..67604.59 rows=1860996 width=4) (actual time=0.019..1264.675 rows=1865487 loops=1)
                          Filter: (kind_id > 1)
                          Rows Removed by Filter: 662825
Planning time: 1.116 ms
Execution time: 13907.250 ms
