Hash Join  (cost=212382.95..1199881.93 rows=2591640 width=0) (actual time=4557.745..31562.340 rows=7587716 loops=1)
  Hash Cond: (ci.movie_id = t.id)
  ->  Seq Scan on cast_info ci  (cost=0.00..796071.18 rows=14157974 width=4) (actual time=221.959..17771.805 rows=14885875 loops=1)
        Filter: ((person_id > 429939) AND (role_id > 2))
        Rows Removed by Filter: 21358469
  ->  Hash  (cost=204788.31..204788.31 rows=462851 width=8) (actual time=4334.887..4334.887 rows=472545 loops=1)
        Buckets: 131072  Batches: 8  Memory Usage: 3361kB
        ->  Hash Join  (cost=102767.86..204788.31 rows=462851 width=8) (actual time=2046.642..4202.808 rows=472545 loops=1)
              Hash Cond: (mk.movie_id = t.id)
              ->  Seq Scan on movie_keyword mk  (cost=0.00..81003.12 rows=462851 width=4) (actual time=0.108..1430.468 rows=472545 loops=1)
                    Filter: (keyword_id < 359)
                    Rows Removed by Filter: 4051385
              ->  Hash  (cost=61283.27..61283.27 rows=2528527 width=4) (actual time=2044.832..2044.832 rows=2528312 loops=1)
                    Buckets: 131072  Batches: 64  Memory Usage: 2425kB
                    ->  Seq Scan on title t  (cost=0.00..61283.27 rows=2528527 width=4) (actual time=0.017..1201.085 rows=2528312 loops=1)
Planning time: 1.128 ms
Execution time: 32443.292 ms
