Hash Join  (cost=293362.63..1735077.56 rows=35300475 width=0) (actual time=6455.390..68424.764 rows=119898500 loops=1)
  Hash Cond: (ci.movie_id = t.id)
  ->  Seq Scan on cast_info ci  (cost=0.00..614943.12 rows=36225612 width=4) (actual time=0.027..13509.554 rows=36244344 loops=1)
  ->  Hash  (cost=252938.22..252938.22 rows=2463953 width=8) (actual time=6453.117..6453.117 rows=2445577 loops=1)
        Buckets: 131072  Batches: 64  Memory Usage: 2535kB
        ->  Hash Join  (cost=102767.86..252938.22 rows=2463953 width=8) (actual time=1951.830..5784.718 rows=2445577 loops=1)
              Hash Cond: (mk.movie_id = t.id)
              ->  Seq Scan on movie_keyword mk  (cost=0.00..81003.12 rows=2463953 width=4) (actual time=0.021..1631.930 rows=2445577 loops=1)
                    Filter: (keyword_id > 3673)
                    Rows Removed by Filter: 2078353
              ->  Hash  (cost=61283.27..61283.27 rows=2528527 width=4) (actual time=1950.535..1950.535 rows=2528312 loops=1)
                    Buckets: 131072  Batches: 64  Memory Usage: 2425kB
                    ->  Seq Scan on title t  (cost=0.00..61283.27 rows=2528527 width=4) (actual time=0.012..1080.087 rows=2528312 loops=1)
Planning time: 4.211 ms
Execution time: 80942.690 ms
