Hash Join  (cost=87162.74..173689.32 rows=832505 width=0) (actual time=2015.185..4878.329 rows=1691571 loops=1)
  Hash Cond: (mc.movie_id = t.id)
  ->  Seq Scan on movie_companies mc  (cost=0.00..44881.29 rows=2609129 width=4) (actual time=0.009..927.602 rows=2609129 loops=1)
  ->  Hash  (cost=73925.90..73925.90 rows=806787 width=4) (actual time=2014.040..2014.040 rows=843018 loops=1)
        Buckets: 131072  Batches: 16  Memory Usage: 2879kB
        ->  Seq Scan on title t  (cost=0.00..73925.90 rows=806787 width=4) (actual time=0.011..1243.213 rows=843018 loops=1)
              Filter: ((kind_id < 7) AND (production_year < 2011))
              Rows Removed by Filter: 1685294
Planning time: 0.765 ms
Execution time: 5096.077 ms
