Hash Join  (cost=100886.78..851728.67 rows=5272 width=0) (actual time=1590.593..17908.036 rows=2270 loops=1)
  Hash Cond: (ci.movie_id = t.id)
  ->  Seq Scan on cast_info ci  (cost=0.00..614943.12 rows=36225612 width=4) (actual time=0.011..9092.867 rows=36244344 loops=1)
  ->  Hash  (cost=100882.18..100882.18 rows=368 width=8) (actual time=1565.460..1565.460 rows=1156 loops=1)
        Buckets: 2048 (originally 1024)  Batches: 1 (originally 1)  Memory Usage: 62kB
        ->  Hash Join  (cost=73950.94..100882.18 rows=368 width=8) (actual time=1090.791..1564.807 rows=1156 loops=1)
              Hash Cond: (mi_idx.movie_id = t.id)
              ->  Seq Scan on movie_info_idx mi_idx  (cost=0.00..25185.44 rows=464566 width=4) (actual time=0.010..449.612 rows=459925 loops=1)
                    Filter: (info_type_id = 101)
                    Rows Removed by Filter: 920110
              ->  Hash  (cost=73925.90..73925.90 rows=2003 width=4) (actual time=1027.599..1027.599 rows=5872 loops=1)
                    Buckets: 8192 (originally 2048)  Batches: 1 (originally 1)  Memory Usage: 271kB
                    ->  Seq Scan on title t  (cost=0.00..73925.90 rows=2003 width=4) (actual time=0.030..1024.821 rows=5872 loops=1)
                          Filter: ((kind_id < 2) AND (production_year < 1900))
                          Rows Removed by Filter: 2522440
Planning time: 1.957 ms
Execution time: 17908.815 ms
