Hash Join  (cost=102767.86..224545.67 rows=2514074 width=0) (actual time=2295.308..5974.852 rows=2513587 loops=1)
  Hash Cond: (mc.movie_id = t.id)
  ->  Seq Scan on movie_companies mc  (cost=0.00..51404.11 rows=2514074 width=4) (actual time=0.014..1153.295 rows=2513587 loops=1)
        Filter: (company_id < 160244)
        Rows Removed by Filter: 95542
  ->  Hash  (cost=61283.27..61283.27 rows=2528527 width=4) (actual time=2293.845..2293.845 rows=2528312 loops=1)
        Buckets: 131072  Batches: 64  Memory Usage: 2415kB
        ->  Seq Scan on title t  (cost=0.00..61283.27 rows=2528527 width=4) (actual time=0.020..1111.578 rows=2528312 loops=1)
Planning time: 0.707 ms
Execution time: 6302.945 ms
