Hash Join  (cost=174865.45..295416.38 rows=857533 width=0) (actual time=3761.839..7425.184 rows=3615316 loops=1)
  Hash Cond: (mk.movie_id = t.id)
  ->  Seq Scan on movie_keyword mk  (cost=0.00..81003.12 rows=2369460 width=4) (actual time=0.015..1602.070 rows=2372747 loops=1)
        Filter: (keyword_id < 5388)
        Rows Removed by Filter: 2151183
  ->  Hash  (cost=159851.69..159851.69 rows=915101 width=8) (actual time=3760.055..3760.055 rows=919850 loops=1)
        Buckets: 131072  Batches: 16  Memory Usage: 3282kB
        ->  Hash Join  (cost=102767.86..159851.69 rows=915101 width=8) (actual time=1910.797..3505.582 rows=919850 loops=1)
              Hash Cond: (mi_idx.movie_id = t.id)
              ->  Seq Scan on movie_info_idx mi_idx  (cost=0.00..25185.44 rows=915101 width=4) (actual time=0.013..517.244 rows=919850 loops=1)
                    Filter: (info_type_id < 101)
                    Rows Removed by Filter: 460185
              ->  Hash  (cost=61283.27..61283.27 rows=2528527 width=4) (actual time=1909.236..1909.236 rows=2528312 loops=1)
                    Buckets: 131072  Batches: 64  Memory Usage: 2415kB
                    ->  Seq Scan on title t  (cost=0.00..61283.27 rows=2528527 width=4) (actual time=0.024..1051.810 rows=2528312 loops=1)
Planning time: 1.086 ms
Execution time: 7846.237 ms
