Seq Scan on movie_keyword mk  (cost=0.00..81003.12 rows=246 width=0) (actual time=5.118..1308.456 rows=710 loops=1)
  Filter: (keyword_id = 301)
  Rows Removed by Filter: 4523220
Planning time: 1.145 ms
Execution time: 1308.823 ms
