Hash Join  (cost=172090.40..1098091.46 rows=3263615 width=0) (actual time=4909.205..21346.643 rows=4468406 loops=1)
  Hash Cond: (ci.movie_id = t.id)
  ->  Seq Scan on cast_info ci  (cost=0.00..796071.18 rows=8068990 width=4) (actual time=0.069..12167.355 rows=5855959 loops=1)
        Filter: ((person_id > 2775184) AND (role_id < 10))
        Rows Removed by Filter: 30388385
  ->  Hash  (cost=155311.68..155311.68 rows=1022698 width=8) (actual time=4907.948..4907.948 rows=1004185 loops=1)
        Buckets: 131072  Batches: 16  Memory Usage: 3482kB
        ->  Hash Join  (cost=98347.17..155311.68 rows=1022698 width=8) (actual time=1987.443..4611.504 rows=1004185 loops=1)
              Hash Cond: (mi_idx.movie_id = t.id)
              ->  Seq Scan on movie_info_idx mi_idx  (cost=0.00..21735.35 rows=1380035 width=4) (actual time=0.014..531.761 rows=1380035 loops=1)
              ->  Hash  (cost=67604.59..67604.59 rows=1873807 width=4) (actual time=1985.916..1985.916 rows=1871198 loops=1)
                    Buckets: 131072  Batches: 32  Memory Usage: 3088kB
                    ->  Seq Scan on title t  (cost=0.00..67604.59 rows=1873807 width=4) (actual time=0.021..1366.446 rows=1871198 loops=1)
                          Filter: (production_year > 1984)
                          Rows Removed by Filter: 657114
Planning time: 1.125 ms
Execution time: 21817.635 ms
