Seq Scan on movie_companies mc  (cost=0.00..51404.11 rows=473223 width=0) (actual time=0.022..593.913 rows=477190 loops=1)
  Filter: (company_id > 75508)
  Rows Removed by Filter: 2131939
Planning time: 0.320 ms
Execution time: 654.940 ms
