Hash Join  (cost=88391.98..926201.86 rows=887220 width=0) (actual time=6217.997..18098.598 rows=834263 loops=1)
  Hash Cond: (ci.movie_id = t.id)
  ->  Seq Scan on cast_info ci  (cost=0.00..796071.18 rows=2544399 width=4) (actual time=4348.608..14559.733 rows=2549366 loops=1)
        Filter: ((person_id > 239768) AND (role_id = 4))
        Rows Removed by Filter: 33694978
  ->  Hash  (cost=73925.90..73925.90 rows=881686 width=4) (actual time=1867.943..1867.943 rows=801513 loops=1)
        Buckets: 131072  Batches: 16  Memory Usage: 2786kB
        ->  Seq Scan on title t  (cost=0.00..73925.90 rows=881686 width=4) (actual time=0.037..1295.067 rows=801513 loops=1)
              Filter: ((production_year < 2006) AND (kind_id = 7))
              Rows Removed by Filter: 1726799
Planning time: 1.340 ms
Execution time: 18198.631 ms
