Seq Scan on cast_info ci  (cost=0.00..705507.15 rows=14324581 width=0) (actual time=0.022..11561.566 rows=14477590 loops=1)
  Filter: (person_id > 2212617)
  Rows Removed by Filter: 21766754
Planning time: 0.297 ms
Execution time: 13404.301 ms
