Seq Scan on movie_companies mc  (cost=0.00..51404.11 rows=2171293 width=0) (actual time=0.018..1048.241 rows=2166127 loops=1)
  Filter: (company_id < 77929)
  Rows Removed by Filter: 443002
Planning time: 0.348 ms
Execution time: 1311.541 ms
