Hash Join  (cost=70062.10..107309.08 rows=16258 width=144) (actual time=1485.227..2631.633 rows=37686 loops=1)
  Hash Cond: (mi_idx.movie_id = t.id)
  ->  Seq Scan on movie_info_idx mi_idx  (cost=0.00..25185.44 rows=454124 width=50) (actual time=0.016..628.113 rows=459925 loops=1)
        Filter: (info_type_id = 100)
        Rows Removed by Filter: 920110
  ->  Hash  (cost=67604.59..67604.59 rows=90521 width=94) (actual time=1484.852..1484.852 rows=90852 loops=1)
        Buckets: 32768  Batches: 4  Memory Usage: 2924kB
        ->  Seq Scan on title t  (cost=0.00..67604.59 rows=90521 width=94) (actual time=109.630..1443.966 rows=90852 loops=1)
              Filter: (kind_id = 2)
              Rows Removed by Filter: 2437460
Planning time: 0.963 ms
Execution time: 2634.196 ms
