Hash Join  (cost=101489.21..1056895.26 rows=5889010 width=0) (actual time=14158.697..24746.396 rows=6257046 loops=1)
  Hash Cond: (ci.movie_id = t.id)
  ->  Seq Scan on cast_info ci  (cost=0.00..796071.18 rows=7209754 width=4) (actual time=12027.626..16895.331 rows=7451874 loops=1)
        Filter: ((person_id > 42280) AND (role_id = 2))
        Rows Removed by Filter: 28792470
  ->  Hash  (cost=67604.59..67604.59 rows=2065330 width=4) (actual time=2130.130..2130.130 rows=2064552 loops=1)
        Buckets: 131072  Batches: 32  Memory Usage: 3289kB
        ->  Seq Scan on title t  (cost=0.00..67604.59 rows=2065330 width=4) (actual time=0.019..1447.106 rows=2064552 loops=1)
              Filter: (production_year < 2011)
              Rows Removed by Filter: 463760
Planning time: 0.997 ms
Execution time: 25411.063 ms
