Hash Join  (cost=77961.21..943206.36 rows=529293 width=0) (actual time=2275.405..20034.434 rows=921009 loops=1)
  Hash Cond: (ci.movie_id = t.id)
  ->  Seq Scan on cast_info ci  (cost=0.00..796071.18 rows=5441611 width=4) (actual time=940.473..15257.937 rows=7451973 loops=1)
        Filter: ((person_id < 2778862) AND (role_id = 2))
        Rows Removed by Filter: 28792371
  ->  Hash  (cost=73925.90..73925.90 rows=245944 width=4) (actual time=1334.004..1334.004 rows=357497 loops=1)
        Buckets: 131072 (originally 131072)  Batches: 8 (originally 4)  Memory Usage: 3073kB
        ->  Seq Scan on title t  (cost=0.00..73925.90 rows=245944 width=4) (actual time=0.016..1212.738 rows=357497 loops=1)
              Filter: ((kind_id < 7) AND (production_year < 1987))
              Rows Removed by Filter: 2170815
Planning time: 0.833 ms
Execution time: 20140.632 ms
