Hash Join  (cost=76808.54..202640.25 rows=314267 width=0) (actual time=2128.568..4025.428 rows=45998 loops=1)
  Hash Cond: (mk.movie_id = t.id)
  ->  Seq Scan on movie_keyword mk  (cost=0.00..69693.30 rows=4523930 width=4) (actual time=0.014..1382.654 rows=4523930 loops=1)
  ->  Hash  (cost=73925.90..73925.90 rows=175651 width=4) (actual time=1047.106..1047.106 rows=72638 loops=1)
        Buckets: 131072  Batches: 4  Memory Usage: 1667kB
        ->  Seq Scan on title t  (cost=0.00..73925.90 rows=175651 width=4) (actual time=0.031..1019.814 rows=72638 loops=1)
              Filter: ((production_year < 1964) AND (kind_id = 7))
              Rows Removed by Filter: 2455674
Planning time: 0.750 ms
Execution time: 4030.590 ms
