Seq Scan on cast_info ci  (cost=0.00..796071.18 rows=6281207 width=0) (actual time=0.017..14274.774 rows=12670688 loops=1)
  Filter: ((person_id < 1755941) AND (role_id < 2))
  Rows Removed by Filter: 23573656
Planning time: 0.251 ms
Execution time: 15856.728 ms
