Hash Join  (cost=103583.12..158434.63 rows=18597 width=0) (actual time=1948.526..3241.261 rows=92070 loops=1)
  Hash Cond: (mc.movie_id = t.id)
  ->  Seq Scan on movie_companies mc  (cost=0.00..44881.29 rows=2609129 width=4) (actual time=0.008..648.220 rows=2609129 loops=1)
  ->  Hash  (cost=103357.84..103357.84 rows=18023 width=8) (actual time=1948.323..1948.323 rows=26411 loops=1)
        Buckets: 32768  Batches: 1  Memory Usage: 1288kB
        ->  Hash Join  (cost=74545.71..103357.84 rows=18023 width=8) (actual time=1201.644..1938.252 rows=26411 loops=1)
              Hash Cond: (mi_idx.movie_id = t.id)
              ->  Seq Scan on movie_info_idx mi_idx  (cost=0.00..25185.44 rows=919057 width=4) (actual time=0.019..528.846 rows=920110 loops=1)
                    Filter: (info_type_id > 99)
                    Rows Removed by Filter: 459925
              ->  Hash  (cost=73925.90..73925.90 rows=49584 width=4) (actual time=1201.284..1201.284 rows=38752 loops=1)
                    Buckets: 65536  Batches: 1  Memory Usage: 1875kB
                    ->  Seq Scan on title t  (cost=0.00..73925.90 rows=49584 width=4) (actual time=0.074..1185.489 rows=38752 loops=1)
                          Filter: ((kind_id < 7) AND (production_year = 2008))
                          Rows Removed by Filter: 2489560
Planning time: 0.955 ms
Execution time: 3254.330 ms
