Seq Scan on cast_info ci  (cost=0.00..796071.18 rows=176 width=0) (actual time=6996.377..10706.750 rows=67 loops=1)
  Filter: ((person_id = 221040) AND (role_id = 1))
  Rows Removed by Filter: 36244277
Planning time: 0.394 ms
Execution time: 10706.901 ms
