Hash Join  (cost=77312.52..160779.41 rows=610536 width=0) (actual time=1211.330..4110.854 rows=936326 loops=1)
  Hash Cond: (mc.movie_id = t.id)
  ->  Seq Scan on movie_companies mc  (cost=0.00..44881.29 rows=2609129 width=4) (actual time=0.022..953.504 rows=2609129 loops=1)
  ->  Hash  (cost=67604.59..67604.59 rows=591675 width=4) (actual time=1210.360..1210.360 rows=585020 loops=1)
        Buckets: 131072  Batches: 8  Memory Usage: 3586kB
        ->  Seq Scan on title t  (cost=0.00..67604.59 rows=591675 width=4) (actual time=0.014..1034.686 rows=585020 loops=1)
              Filter: (production_year < 1985)
              Rows Removed by Filter: 1943292
Planning time: 0.802 ms
Execution time: 4222.625 ms
