Hash Join  (cost=215744.08..757024.96 rows=4034705 width=0) (actual time=5082.324..26992.265 rows=36907665 loops=1)
  Hash Cond: (mi.movie_id = t.id)
  ->  Seq Scan on movie_info mi  (cost=0.00..309384.22 rows=14739122 width=4) (actual time=0.024..6118.845 rows=14835720 loops=1)
  ->  Hash  (cost=204388.06..204388.06 rows=692162 width=8) (actual time=5080.830..5080.830 rows=970875 loops=1)
        Buckets: 131072  Batches: 16  Memory Usage: 3485kB
        ->  Hash Join  (cost=73952.40..204388.06 rows=692162 width=8) (actual time=1194.638..4778.887 rows=970875 loops=1)
              Hash Cond: (mk.movie_id = t.id)
              ->  Seq Scan on movie_keyword mk  (cost=0.00..69693.30 rows=4523930 width=4) (actual time=0.021..1428.012 rows=4523930 loops=1)
              ->  Hash  (cost=67604.59..67604.59 rows=386865 width=4) (actual time=1193.726..1193.726 rows=381430 loops=1)
                    Buckets: 131072  Batches: 8  Memory Usage: 2699kB
                    ->  Seq Scan on title t  (cost=0.00..67604.59 rows=386865 width=4) (actual time=0.036..1061.581 rows=381430 loops=1)
                          Filter: (production_year < 1971)
                          Rows Removed by Filter: 2146882
Planning time: 1.120 ms
Execution time: 31361.079 ms
