Seq Scan on movie_keyword mk  (cost=0.00..81003.12 rows=623399 width=0) (actual time=0.020..1283.594 rows=619157 loops=1)
  Filter: (keyword_id < 475)
  Rows Removed by Filter: 3904773
Planning time: 0.315 ms
Execution time: 1366.831 ms
