Seq Scan on movie_companies mc  (cost=0.00..51404.11 rows=460668 width=0) (actual time=0.025..912.844 rows=456466 loops=1)
  Filter: (company_id < 390)
  Rows Removed by Filter: 2152663
Planning time: 0.359 ms
Execution time: 973.066 ms
