Seq Scan on cast_info ci  (cost=0.00..705507.15 rows=500 width=0) (actual time=8382.930..10960.603 rows=4 loops=1)
  Filter: (person_id = 266331)
  Rows Removed by Filter: 36244340
Planning time: 0.349 ms
Execution time: 10960.705 ms
