Hash Join  (cost=83462.78..173154.62 rows=106402 width=0) (actual time=1498.492..3120.784 rows=42714 loops=1)
  Hash Cond: (mk.movie_id = t.id)
  ->  Seq Scan on movie_keyword mk  (cost=0.00..81003.12 rows=462851 width=4) (actual time=0.011..1264.251 rows=472545 loops=1)
        Filter: (keyword_id < 359)
        Rows Removed by Filter: 4051385
  ->  Hash  (cost=73925.90..73925.90 rows=581270 width=4) (actual time=1496.356..1496.356 rows=602533 loops=1)
        Buckets: 131072  Batches: 8  Memory Usage: 3675kB
        ->  Seq Scan on title t  (cost=0.00..73925.90 rows=581270 width=4) (actual time=0.027..1286.942 rows=602533 loops=1)
              Filter: ((kind_id > 1) AND (production_year > 2007))
              Rows Removed by Filter: 1925779
Planning time: 0.753 ms
Execution time: 3127.114 ms
