Seq Scan on movie_keyword mk  (cost=0.00..81003.12 rows=246 width=0) (actual time=7.880..1211.046 rows=131 loops=1)
  Filter: (keyword_id = 14617)
  Rows Removed by Filter: 4523799
Planning time: 0.366 ms
Execution time: 1211.240 ms
