Seq Scan on cast_info ci  (cost=0.00..796071.18 rows=11042542 width=0) (actual time=35.903..15714.136 rows=12670688 loops=1)
  Filter: ((person_id < 3193129) AND (role_id < 2))
  Rows Removed by Filter: 23573656
Planning time: 0.483 ms
Execution time: 17218.044 ms
