Hash Join  (cost=875038.92..1241724.15 rows=202930 width=0) (actual time=12110.388..20346.721 rows=293925 loops=1)
  Hash Cond: (mi.movie_id = t.id)
  ->  Seq Scan on movie_info mi  (cost=0.00..309384.22 rows=14739122 width=4) (actual time=0.014..4541.168 rows=14835720 loops=1)
  ->  Hash  (cost=874603.76..874603.76 rows=34813 width=8) (actual time=12109.858..12109.858 rows=24383 loops=1)
        Buckets: 65536  Batches: 1  Memory Usage: 1465kB
        ->  Hash Join  (cost=69694.50..874603.76 rows=34813 width=8) (actual time=1519.922..12099.152 rows=24383 loops=1)
              Hash Cond: (ci.movie_id = t.id)
              ->  Seq Scan on cast_info ci  (cost=0.00..796071.18 rows=691187 width=4) (actual time=360.662..10742.138 rows=412469 loops=1)
                    Filter: ((person_id < 147508) AND (role_id > 2))
                    Rows Removed by Filter: 35831875
              ->  Hash  (cost=67604.59..67604.59 rows=127353 width=4) (actual time=1158.308..1158.308 rows=128696 loops=1)
                    Buckets: 131072  Batches: 2  Memory Usage: 3284kB
                    ->  Seq Scan on title t  (cost=0.00..67604.59 rows=127353 width=4) (actual time=0.025..1108.160 rows=128696 loops=1)
                          Filter: (production_year = 2009)
                          Rows Removed by Filter: 2399616
Planning time: 1.245 ms
Execution time: 20387.920 ms
