Hash Join  (cost=82778.48..176092.78 rows=158964 width=0) (actual time=2725.559..3550.791 rows=29316 loops=1)
  Hash Cond: (mk.movie_id = t.id)
  ->  Seq Scan on movie_keyword mk  (cost=0.00..81003.12 rows=744943 width=4) (actual time=0.018..1334.466 rows=750555 loops=1)
        Filter: (keyword_id < 683)
        Rows Removed by Filter: 3773375
  ->  Hash  (cost=73925.90..73925.90 rows=539566 width=4) (actual time=1259.268..1259.268 rows=428248 loops=1)
        Buckets: 131072  Batches: 8  Memory Usage: 2896kB
        ->  Seq Scan on title t  (cost=0.00..73925.90 rows=539566 width=4) (actual time=247.721..1121.644 rows=428248 loops=1)
              Filter: ((production_year < 1997) AND (kind_id = 7))
              Rows Removed by Filter: 2100064
Planning time: 0.760 ms
Execution time: 3555.001 ms
