Hash Join  (cost=919922.62..1416948.80 rows=1613825 width=0) (actual time=13591.351..24841.930 rows=1371 loops=1)
  Hash Cond: (mi.movie_id = t.id)
  ->  Seq Scan on movie_info mi  (cost=0.00..309384.22 rows=14739122 width=4) (actual time=0.023..5927.248 rows=14835720 loops=1)
  ->  Hash  (cost=915379.93..915379.93 rows=276855 width=8) (actual time=13536.514..13536.514 rows=168 loops=1)
        Buckets: 131072  Batches: 4  Memory Usage: 1032kB
        ->  Hash Join  (cost=102767.86..915379.93 rows=276855 width=8) (actual time=8106.790..13536.143 rows=168 loops=1)
              Hash Cond: (ci.movie_id = t.id)
              ->  Seq Scan on cast_info ci  (cost=0.00..796071.18 rows=276855 width=4) (actual time=6108.378..11202.822 rows=168 loops=1)
                    Filter: ((person_id < 129209) AND (role_id = 2))
                    Rows Removed by Filter: 36244176
              ->  Hash  (cost=61283.27..61283.27 rows=2528527 width=4) (actual time=1962.269..1962.269 rows=2528312 loops=1)
                    Buckets: 131072  Batches: 64  Memory Usage: 2415kB
                    ->  Seq Scan on title t  (cost=0.00..61283.27 rows=2528527 width=4) (actual time=0.025..1125.467 rows=2528312 loops=1)
Planning time: 0.917 ms
Execution time: 24842.471 ms
