Hash Join  (cost=165397.94..533108.30 rows=105691 width=0) (actual time=3143.093..8879.448 rows=313609 loops=1)
  Hash Cond: (mi.movie_id = t.id)
  ->  Seq Scan on movie_info mi  (cost=0.00..346232.03 rows=5445713 width=4) (actual time=717.806..5317.886 rows=5410520 loops=1)
        Filter: (info_type_id < 6)
        Rows Removed by Filter: 9425200
  ->  Hash  (cost=164784.52..164784.52 rows=49074 width=8) (actual time=2318.465..2318.465 rows=50542 loops=1)
        Buckets: 65536  Batches: 1  Memory Usage: 2487kB
        ->  Hash Join  (cost=74594.78..164784.52 rows=49074 width=8) (actual time=1068.362..2306.834 rows=50542 loops=1)
              Hash Cond: (mk.movie_id = t.id)
              ->  Seq Scan on movie_keyword mk  (cost=0.00..81003.12 rows=2318899 width=4) (actual time=0.034..938.753 rows=2320188 loops=1)
                    Filter: (keyword_id < 5059)
                    Rows Removed by Filter: 2203742
              ->  Hash  (cost=73925.90..73925.90 rows=53510 width=4) (actual time=1067.755..1067.755 rows=40884 loops=1)
                    Buckets: 65536  Batches: 1  Memory Usage: 1950kB
                    ->  Seq Scan on title t  (cost=0.00..73925.90 rows=53510 width=4) (actual time=14.199..1049.037 rows=40884 loops=1)
                          Filter: ((production_year > 2001) AND (kind_id = 3))
                          Rows Removed by Filter: 2487428
Planning time: 1.186 ms
Execution time: 8920.729 ms
