Hash Join  (cost=74710.74..834495.26 rows=899535 width=0) (actual time=1234.939..22140.088 rows=814661 loops=1)
  Hash Cond: (ci.movie_id = t.id)
  ->  Seq Scan on cast_info ci  (cost=0.00..614943.12 rows=36225612 width=4) (actual time=0.018..9252.230 rows=36244344 loops=1)
  ->  Hash  (cost=73925.90..73925.90 rows=62787 width=4) (actual time=1234.555..1234.555 rows=53770 loops=1)
        Buckets: 65536  Batches: 1  Memory Usage: 2403kB
        ->  Seq Scan on title t  (cost=0.00..73925.90 rows=62787 width=4) (actual time=0.026..1212.562 rows=53770 loops=1)
              Filter: ((kind_id < 7) AND (production_year = 2011))
              Rows Removed by Filter: 2474542
Planning time: 0.823 ms
Execution time: 22257.818 ms
