Hash Join  (cost=102767.86..1039003.67 rows=5414439 width=0) (actual time=9036.703..25062.413 rows=7451973 loops=1)
  Hash Cond: (ci.movie_id = t.id)
  ->  Seq Scan on cast_info ci  (cost=0.00..796071.18 rows=5414439 width=4) (actual time=6998.996..16173.787 rows=7451973 loops=1)
        Filter: ((person_id < 2768590) AND (role_id = 2))
        Rows Removed by Filter: 28792371
  ->  Hash  (cost=61283.27..61283.27 rows=2528527 width=4) (actual time=2036.355..2036.355 rows=2528312 loops=1)
        Buckets: 131072  Batches: 64  Memory Usage: 2415kB
        ->  Seq Scan on title t  (cost=0.00..61283.27 rows=2528527 width=4) (actual time=0.009..1177.560 rows=2528312 loops=1)
Planning time: 0.749 ms
Execution time: 25849.128 ms
