Seq Scan on movie_keyword mk  (cost=0.00..81003.12 rows=3487071 width=0) (actual time=0.023..1616.606 rows=3478564 loops=1)
  Filter: (keyword_id < 16976)
  Rows Removed by Filter: 1045366
Planning time: 0.321 ms
Execution time: 2062.880 ms
