Seq Scan on movie_companies mc  (cost=0.00..51404.11 rows=104 width=0) (actual time=14.142..793.502 rows=88 loops=1)
  Filter: (company_id = 17171)
  Rows Removed by Filter: 2609041
Planning time: 0.344 ms
Execution time: 793.626 ms
