Hash Join  (cost=95159.82..269527.64 rows=2963677 width=0) (actual time=1869.097..6852.059 rows=2530742 loops=1)
  Hash Cond: (mk.movie_id = t.id)
  ->  Seq Scan on movie_keyword mk  (cost=0.00..81003.12 rows=4461783 width=4) (actual time=0.016..1895.508 rows=4464502 loops=1)
        Filter: (keyword_id < 95430)
        Rows Removed by Filter: 59428
  ->  Hash  (cost=67604.59..67604.59 rows=1679539 width=4) (actual time=1865.930..1865.930 rows=1673541 loops=1)
        Buckets: 131072  Batches: 32  Memory Usage: 2874kB
        ->  Seq Scan on title t  (cost=0.00..67604.59 rows=1679539 width=4) (actual time=0.013..1321.095 rows=1673541 loops=1)
              Filter: (production_year > 1993)
              Rows Removed by Filter: 854771
Planning time: 0.685 ms
Execution time: 7139.317 ms
