Hash Join  (cost=156632.57..986472.28 rows=438124 width=0) (actual time=7444.907..19480.820 rows=2253630 loops=1)
  Hash Cond: (ci.movie_id = t.id)
  ->  Seq Scan on cast_info ci  (cost=0.00..796071.18 rows=2384611 width=4) (actual time=4079.228..12793.816 rows=5408866 loops=1)
        Filter: ((person_id > 3116377) AND (role_id > 2))
        Rows Removed by Filter: 30835478
  ->  Hash  (cost=149010.49..149010.49 rows=464566 width=8) (actual time=3364.774..3364.774 rows=459925 loops=1)
        Buckets: 131072  Batches: 8  Memory Usage: 3275kB
        ->  Hash Join  (cost=102767.86..149010.49 rows=464566 width=8) (actual time=1918.006..3236.492 rows=459925 loops=1)
              Hash Cond: (mi_idx.movie_id = t.id)
              ->  Seq Scan on movie_info_idx mi_idx  (cost=0.00..25185.44 rows=464566 width=4) (actual time=0.023..551.985 rows=459925 loops=1)
                    Filter: (info_type_id = 101)
                    Rows Removed by Filter: 920110
              ->  Hash  (cost=61283.27..61283.27 rows=2528527 width=4) (actual time=1916.294..1916.294 rows=2528312 loops=1)
                    Buckets: 131072  Batches: 64  Memory Usage: 2415kB
                    ->  Seq Scan on title t  (cost=0.00..61283.27 rows=2528527 width=4) (actual time=0.024..1067.086 rows=2528312 loops=1)
Planning time: 7.123 ms
Execution time: 19751.483 ms
