Hash Join  (cost=513038.35..1362876.24 rows=1524183 width=0) (actual time=9395.895..28202.971 rows=4782794 loops=1)
  Hash Cond: (ci.movie_id = t.id)
  ->  Seq Scan on cast_info ci  (cost=0.00..796071.18 rows=2879700 width=4) (actual time=0.021..14518.078 rows=3857865 loops=1)
        Filter: ((person_id > 1180587) AND (role_id = 10))
        Rows Removed by Filter: 32386479
  ->  Hash  (cost=491081.45..491081.45 rows=1338312 width=8) (actual time=9394.251..9394.251 rows=1401902 loops=1)
        Buckets: 131072  Batches: 32  Memory Usage: 2687kB
        ->  Hash Join  (cost=102767.86..491081.45 rows=1338312 width=8) (actual time=4380.332..8971.554 rows=1401902 loops=1)
              Hash Cond: (mi.movie_id = t.id)
              ->  Seq Scan on movie_info mi  (cost=0.00..346232.03 rows=1338312 width=4) (actual time=2399.105..5438.138 rows=1401902 loops=1)
                    Filter: (info_type_id = 7)
                    Rows Removed by Filter: 13433818
              ->  Hash  (cost=61283.27..61283.27 rows=2528527 width=4) (actual time=1979.703..1979.703 rows=2528312 loops=1)
                    Buckets: 131072  Batches: 64  Memory Usage: 2425kB
                    ->  Seq Scan on title t  (cost=0.00..61283.27 rows=2528527 width=4) (actual time=0.022..1105.738 rows=2528312 loops=1)
Planning time: 5.875 ms
Execution time: 28777.202 ms
