Seq Scan on cast_info ci  (cost=0.00..705507.15 rows=500 width=0) (actual time=5975.953..11077.815 rows=3 loops=1)
  Filter: (person_id = 1704958)
  Rows Removed by Filter: 36244341
Planning time: 0.376 ms
Execution time: 11077.908 ms
