Hash Join  (cost=85855.67..150252.33 rows=72251 width=0) (actual time=1822.849..3118.114 rows=85629 loops=1)
  Hash Cond: (mc.movie_id = t.id)
  ->  Seq Scan on movie_companies mc  (cost=0.00..57926.93 rows=251257 width=4) (actual time=245.873..944.326 rows=375853 loops=1)
        Filter: ((company_id < 474) AND (company_type_id < 2))
        Rows Removed by Filter: 2233276
  ->  Hash  (cost=73925.90..73925.90 rows=727101 width=4) (actual time=1575.662..1575.662 rows=796159 loops=1)
        Buckets: 131072  Batches: 16  Memory Usage: 2780kB
        ->  Seq Scan on title t  (cost=0.00..73925.90 rows=727101 width=4) (actual time=50.195..1307.283 rows=796159 loops=1)
              Filter: ((production_year > 2003) AND (kind_id = 7))
              Rows Removed by Filter: 1732153
Planning time: 0.757 ms
Execution time: 3128.195 ms
