Seq Scan on cast_info ci  (cost=0.00..796071.18 rows=11094282 width=0) (actual time=0.014..13662.910 rows=17234075 loops=1)
  Filter: ((person_id > 1897839) AND (role_id > 1))
  Rows Removed by Filter: 19010269
Planning time: 0.323 ms
Execution time: 15569.215 ms
