Hash Join  (cost=58375.85..85304.88 rows=10 width=0) (actual time=1031.717..1442.534 rows=16 loops=1)
  Hash Cond: (mi_idx.movie_id = t.id)
  ->  Seq Scan on movie_info_idx mi_idx  (cost=0.00..25185.44 rows=464934 width=4) (actual time=0.023..451.639 rows=460185 loops=1)
        Filter: (info_type_id > 100)
        Rows Removed by Filter: 919850
  ->  Hash  (cost=58375.18..58375.18 rows=53 width=8) (actual time=927.028..927.028 rows=17 loops=1)
        Buckets: 1024  Batches: 1  Memory Usage: 9kB
        ->  Nested Loop  (cost=0.43..58375.18 rows=53 width=8) (actual time=328.637..926.999 rows=17 loops=1)
              ->  Seq Scan on movie_companies mc  (cost=0.00..57926.93 rows=53 width=4) (actual time=328.565..926.319 rows=17 loops=1)
                    Filter: ((company_id = 8639) AND (company_type_id = 2))
                    Rows Removed by Filter: 2609112
              ->  Index Only Scan using title_pkey on title t  (cost=0.43..8.45 rows=1 width=4) (actual time=0.034..0.035 rows=1 loops=17)
                    Index Cond: (id = mc.movie_id)
                    Heap Fetches: 17
Planning time: 1.118 ms
Execution time: 1442.670 ms
