Seq Scan on cast_info ci  (cost=0.00..796071.18 rows=14253183 width=0) (actual time=2752.780..15449.698 rows=11717560 loops=1)
  Filter: ((person_id < 3256568) AND (role_id > 2))
  Rows Removed by Filter: 24526784
Planning time: 0.337 ms
Execution time: 16870.765 ms
