Seq Scan on movie_keyword mk  (cost=0.00..81003.12 rows=246 width=0) (actual time=23.989..1313.623 rows=106 loops=1)
  Filter: (keyword_id = 713)
  Rows Removed by Filter: 4523824
Planning time: 0.651 ms
Execution time: 1313.789 ms
