Hash Join  (cost=70177.20..147457.38 rows=161766 width=0) (actual time=1111.566..3208.164 rows=339121 loops=1)
  Hash Cond: (mc.movie_id = t.id)
  ->  Seq Scan on movie_companies mc  (cost=0.00..44881.29 rows=2609129 width=4) (actual time=0.022..887.374 rows=2609129 loops=1)
  ->  Hash  (cost=67604.59..67604.59 rows=156769 width=4) (actual time=1110.793..1110.793 rows=160337 loops=1)
        Buckets: 131072  Batches: 4  Memory Usage: 2431kB
        ->  Seq Scan on title t  (cost=0.00..67604.59 rows=156769 width=4) (actual time=10.734..1056.797 rows=160337 loops=1)
              Filter: (production_year < 1949)
              Rows Removed by Filter: 2367975
Planning time: 0.710 ms
Execution time: 3250.086 ms
