Seq Scan on movie_companies mc  (cost=0.00..57926.93 rows=264 width=0) (actual time=605.289..863.216 rows=494 loops=1)
  Filter: ((company_id > 234510) AND (company_type_id > 1))
  Rows Removed by Filter: 2608635
Planning time: 0.321 ms
Execution time: 863.368 ms
