Seq Scan on movie_keyword mk  (cost=0.00..81003.12 rows=246 width=0) (actual time=822.209..1118.481 rows=484 loops=1)
  Filter: (keyword_id = 1312)
  Rows Removed by Filter: 4523446
Planning time: 0.251 ms
Execution time: 1118.713 ms
