Hash Join  (cost=102767.86..271608.14 rows=3239825 width=0) (actual time=2065.839..6621.720 rows=3224947 loops=1)
  Hash Cond: (mk.movie_id = t.id)
  ->  Seq Scan on movie_keyword mk  (cost=0.00..81003.12 rows=3239825 width=4) (actual time=0.016..1828.298 rows=3224947 loops=1)
        Filter: (keyword_id > 1684)
        Rows Removed by Filter: 1298983
  ->  Hash  (cost=61283.27..61283.27 rows=2528527 width=4) (actual time=2064.358..2064.358 rows=2528312 loops=1)
        Buckets: 131072  Batches: 64  Memory Usage: 2425kB
        ->  Seq Scan on title t  (cost=0.00..61283.27 rows=2528527 width=4) (actual time=0.019..1191.040 rows=2528312 loops=1)
Planning time: 7.133 ms
Execution time: 7001.759 ms
