Seq Scan on movie_keyword mk  (cost=0.00..81003.12 rows=246 width=0) (actual time=38.633..1230.427 rows=98 loops=1)
  Filter: (keyword_id = 5839)
  Rows Removed by Filter: 4523832
Planning time: 0.383 ms
Execution time: 1230.559 ms
