Hash Join  (cost=96223.51..970585.20 rows=2315967 width=0) (actual time=6673.134..19037.685 rows=3816144 loops=1)
  Hash Cond: (ci.movie_id = t.id)
  ->  Seq Scan on cast_info ci  (cost=0.00..796071.18 rows=4308760 width=4) (actual time=4852.009..12134.954 rows=6730446 loops=1)
        Filter: ((person_id > 2988162) AND (role_id > 1))
        Rows Removed by Filter: 29513898
  ->  Hash  (cost=73925.90..73925.90 rows=1359088 width=4) (actual time=1819.258..1819.258 rows=1438695 loops=1)
        Buckets: 131072  Batches: 32  Memory Usage: 2607kB
        ->  Seq Scan on title t  (cost=0.00..73925.90 rows=1359088 width=4) (actual time=271.537..1348.935 rows=1438695 loops=1)
              Filter: ((production_year > 1958) AND (kind_id = 7))
              Rows Removed by Filter: 1089617
Planning time: 0.794 ms
Execution time: 19483.810 ms
