Hash Join  (cost=102767.86..190055.18 rows=809624 width=0) (actual time=2094.247..4346.471 rows=1112078 loops=1)
  Hash Cond: (mc.movie_id = t.id)
  ->  Seq Scan on movie_companies mc  (cost=0.00..57926.93 rows=809624 width=4) (actual time=139.013..1192.690 rows=1112078 loops=1)
        Filter: ((company_id < 17815) AND (company_type_id = 1))
        Rows Removed by Filter: 1497051
  ->  Hash  (cost=61283.27..61283.27 rows=2528527 width=4) (actual time=1953.860..1953.860 rows=2528312 loops=1)
        Buckets: 131072  Batches: 64  Memory Usage: 2415kB
        ->  Seq Scan on title t  (cost=0.00..61283.27 rows=2528527 width=4) (actual time=0.030..1098.317 rows=2528312 loops=1)
Planning time: 0.754 ms
Execution time: 4471.715 ms
