Seq Scan on movie_keyword mk  (cost=0.00..81003.12 rows=2082604 width=0) (actual time=0.024..1506.973 rows=2081628 loops=1)
  Filter: (keyword_id > 5813)
  Rows Removed by Filter: 2442302
Planning time: 0.305 ms
Execution time: 1770.202 ms
