Hash Join  (cost=190230.21..1067032.43 rows=2415889 width=0) (actual time=8315.581..25907.233 rows=10322308 loops=1)
  Hash Cond: (ci.movie_id = t.id)
  ->  Seq Scan on cast_info ci  (cost=0.00..796071.18 rows=4426438 width=4) (actual time=3874.482..14281.619 rows=9071409 loops=1)
        Filter: ((person_id < 1236816) AND (role_id < 2))
        Rows Removed by Filter: 27172935
  ->  Hash  (cost=167588.78..167588.78 rows=1380035 width=8) (actual time=4439.401..4439.401 rows=1380035 loops=1)
        Buckets: 131072  Batches: 32  Memory Usage: 2708kB
        ->  Hash Join  (cost=102767.86..167588.78 rows=1380035 width=8) (actual time=1984.472..4026.994 rows=1380035 loops=1)
              Hash Cond: (mi_idx.movie_id = t.id)
              ->  Seq Scan on movie_info_idx mi_idx  (cost=0.00..21735.35 rows=1380035 width=4) (actual time=0.027..491.201 rows=1380035 loops=1)
              ->  Hash  (cost=61283.27..61283.27 rows=2528527 width=4) (actual time=1983.721..1983.721 rows=2528312 loops=1)
                    Buckets: 131072  Batches: 64  Memory Usage: 2415kB
                    ->  Seq Scan on title t  (cost=0.00..61283.27 rows=2528527 width=4) (actual time=0.017..1136.293 rows=2528312 loops=1)
Planning time: 1.196 ms
Execution time: 27017.239 ms
