Hash Join  (cost=106465.55..202446.01 rows=24085 width=0) (actual time=2597.257..4741.460 rows=28996 loops=1)
  Hash Cond: (mk.movie_id = t.id)
  ->  Seq Scan on movie_keyword mk  (cost=0.00..81003.12 rows=3929729 width=4) (actual time=0.014..1547.458 rows=3923692 loops=1)
        Filter: (keyword_id > 438)
        Rows Removed by Filter: 600238
  ->  Hash  (cost=106271.84..106271.84 rows=15497 width=8) (actual time=2596.211..2596.211 rows=7101 loops=1)
        Buckets: 16384  Batches: 1  Memory Usage: 406kB
        ->  Hash Join  (cost=75342.47..106271.84 rows=15497 width=8) (actual time=1536.606..2593.226 rows=7101 loops=1)
              Hash Cond: (mi_idx.movie_id = t.id)
              ->  Seq Scan on movie_info_idx mi_idx  (cost=0.00..25185.44 rows=454124 width=4) (actual time=0.021..576.244 rows=459925 loops=1)
                    Filter: (info_type_id = 100)
                    Rows Removed by Filter: 920110
              ->  Hash  (cost=73925.90..73925.90 rows=86285 width=4) (actual time=1534.933..1534.933 rows=92628 loops=1)
                    Buckets: 131072  Batches: 2  Memory Usage: 2653kB
                    ->  Seq Scan on title t  (cost=0.00..73925.90 rows=86285 width=4) (actual time=0.030..1500.869 rows=92628 loops=1)
                          Filter: ((kind_id = 7) AND (production_year = 2010))
                          Rows Removed by Filter: 2435684
Planning time: 1.165 ms
Execution time: 4745.262 ms
