Hash Join  (cost=69687.24..108568.50 rows=69278 width=0) (actual time=1190.935..2148.809 rows=58600 loops=1)
  Hash Cond: (mi_idx.movie_id = t.id)
  ->  Seq Scan on movie_info_idx mi_idx  (cost=0.00..21735.35 rows=1380035 width=4) (actual time=0.016..453.445 rows=1380035 loops=1)
  ->  Hash  (cost=67604.59..67604.59 rows=126932 width=4) (actual time=1190.124..1190.124 rows=122861 loops=1)
        Buckets: 131072  Batches: 2  Memory Usage: 3191kB
        ->  Seq Scan on title t  (cost=0.00..67604.59 rows=126932 width=4) (actual time=0.024..1144.534 rows=122861 loops=1)
              Filter: (production_year = 2008)
              Rows Removed by Filter: 2405451
Planning time: 2.371 ms
Execution time: 2156.664 ms
