Hash Join  (cost=93155.63..240706.62 rows=2096995 width=0) (actual time=1746.283..5570.055 rows=502304 loops=1)
  Hash Cond: (mk.movie_id = t.id)
  ->  Seq Scan on movie_keyword mk  (cost=0.00..69693.30 rows=4523930 width=4) (actual time=0.014..1572.644 rows=4523930 loops=1)
  ->  Hash  (cost=73925.90..73925.90 rows=1172058 width=4) (actual time=1745.397..1745.397 rows=1128906 loops=1)
        Buckets: 131072  Batches: 16  Memory Usage: 3509kB
        ->  Seq Scan on title t  (cost=0.00..73925.90 rows=1172058 width=4) (actual time=0.024..1381.778 rows=1128906 loops=1)
              Filter: ((production_year < 2010) AND (kind_id = 7))
              Rows Removed by Filter: 1399406
Planning time: 0.662 ms
Execution time: 5647.953 ms
