Hash Join  (cost=101879.88..156782.56 rows=23715 width=0) (actual time=1628.089..2871.724 rows=136994 loops=1)
  Hash Cond: (mc.movie_id = t.id)
  ->  Seq Scan on movie_companies mc  (cost=0.00..44881.29 rows=2609129 width=4) (actual time=0.012..597.063 rows=2609129 loops=1)
  ->  Hash  (cost=101592.59..101592.59 rows=22983 width=8) (actual time=1627.800..1627.800 rows=41360 loops=1)
        Buckets: 65536 (originally 32768)  Batches: 1 (originally 1)  Memory Usage: 2128kB
        ->  Hash Join  (cost=74452.28..101592.59 rows=22983 width=8) (actual time=1039.845..1613.834 rows=41360 loops=1)
              Hash Cond: (mi_idx.movie_id = t.id)
              ->  Seq Scan on movie_info_idx mi_idx  (cost=0.00..21735.35 rows=1380035 width=4) (actual time=0.008..278.531 rows=1380035 loops=1)
              ->  Hash  (cost=73925.90..73925.90 rows=42110 width=4) (actual time=1038.531..1038.531 rows=33905 loops=1)
                    Buckets: 65536  Batches: 1  Memory Usage: 1704kB
                    ->  Seq Scan on title t  (cost=0.00..73925.90 rows=42110 width=4) (actual time=0.031..1024.676 rows=33905 loops=1)
                          Filter: ((kind_id < 7) AND (production_year = 2006))
                          Rows Removed by Filter: 2494407
Planning time: 1.166 ms
Execution time: 2889.827 ms
