Seq Scan on movie_companies mc  (cost=0.00..51404.11 rows=104 width=0) (actual time=184.640..801.689 rows=149 loops=1)
  Filter: (company_id = 77217)
  Rows Removed by Filter: 2608980
Planning time: 0.395 ms
Execution time: 801.791 ms
