Hash Join  (cost=83074.16..882244.83 rows=49 width=0) (actual time=10137.909..16929.779 rows=21 loops=1)
  Hash Cond: (ci.movie_id = t.id)
  ->  Seq Scan on cast_info ci  (cost=0.00..796071.18 rows=826400 width=4) (actual time=8774.899..15475.108 rows=863818 loops=1)
        Filter: ((person_id > 266501) AND (role_id = 5))
        Rows Removed by Filter: 35380526
  ->  Hash  (cost=83072.29..83072.29 rows=150 width=8) (actual time=1347.529..1347.529 rows=30 loops=1)
        Buckets: 1024  Batches: 1  Memory Usage: 10kB
        ->  Nested Loop  (cost=0.43..83072.29 rows=150 width=8) (actual time=663.959..1347.485 rows=30 loops=1)
              ->  Seq Scan on movie_keyword mk  (cost=0.00..81003.12 rows=246 width=4) (actual time=1.970..1318.627 rows=640 loops=1)
                    Filter: (keyword_id = 9766)
                    Rows Removed by Filter: 4523290
              ->  Index Scan using title_pkey on title t  (cost=0.43..8.40 rows=1 width=4) (actual time=0.044..0.044 rows=0 loops=640)
                    Index Cond: (id = mk.movie_id)
                    Filter: (kind_id = 7)
                    Rows Removed by Filter: 1
Planning time: 1.259 ms
Execution time: 16929.963 ms
