Seq Scan on movie_companies mc  (cost=0.00..57926.93 rows=559251 width=0) (actual time=0.024..1055.976 rows=343146 loops=1)
  Filter: ((company_id < 7244) AND (company_type_id > 1))
  Rows Removed by Filter: 2265983
Planning time: 0.379 ms
Execution time: 1098.676 ms
