Hash Join  (cost=76554.49..108038.01 rows=29458 width=0) (actual time=1209.027..2016.237 rows=83407 loops=1)
  Hash Cond: (mi_idx.movie_id = t.id)
  ->  Seq Scan on movie_info_idx mi_idx  (cost=0.00..25185.44 rows=464934 width=4) (actual time=0.024..508.407 rows=460185 loops=1)
        Filter: (info_type_id > 100)
        Rows Removed by Filter: 919850
  ->  Hash  (cost=73925.90..73925.90 rows=160207 width=4) (actual time=1208.332..1208.332 rows=296441 loops=1)
        Buckets: 131072  Batches: 4  Memory Usage: 3632kB
        ->  Seq Scan on title t  (cost=0.00..73925.90 rows=160207 width=4) (actual time=524.539..1114.777 rows=296441 loops=1)
              Filter: ((production_year < 1986) AND (kind_id = 1))
              Rows Removed by Filter: 2231871
Planning time: 0.741 ms
Execution time: 2027.227 ms
