Hash Join  (cost=102767.86..1067607.65 rows=6603238 width=0) (actual time=14298.173..16183.121 rows=191240 loops=1)
  Hash Cond: (ci.movie_id = t.id)
  ->  Seq Scan on cast_info ci  (cost=0.00..796071.18 rows=6603238 width=4) (actual time=12099.272..13550.291 rows=191240 loops=1)
        Filter: ((person_id > 1710469) AND (role_id < 2))
        Rows Removed by Filter: 36053104
  ->  Hash  (cost=61283.27..61283.27 rows=2528527 width=4) (actual time=2197.088..2197.088 rows=2528312 loops=1)
        Buckets: 131072  Batches: 64  Memory Usage: 2415kB
        ->  Seq Scan on title t  (cost=0.00..61283.27 rows=2528527 width=4) (actual time=0.012..1108.702 rows=2528312 loops=1)
Planning time: 0.722 ms
Execution time: 16200.780 ms
