Hash Join  (cost=73987.23..128703.37 rows=5062 width=0) (actual time=1198.885..2361.746 rows=8618 loops=1)
  Hash Cond: (mc.movie_id = t.id)
  ->  Seq Scan on movie_companies mc  (cost=0.00..44881.29 rows=2609129 width=4) (actual time=0.015..626.045 rows=2609129 loops=1)
  ->  Hash  (cost=73925.90..73925.90 rows=4906 width=4) (actual time=1197.913..1197.913 rows=11476 loops=1)
        Buckets: 16384 (originally 8192)  Batches: 1 (originally 1)  Memory Usage: 532kB
        ->  Seq Scan on title t  (cost=0.00..73925.90 rows=4906 width=4) (actual time=0.014..1191.990 rows=11476 loops=1)
              Filter: ((kind_id > 3) AND (production_year = 1985))
              Rows Removed by Filter: 2516836
Planning time: 0.514 ms
Execution time: 2363.155 ms
