Hash Join  (cost=468072.59..602704.63 rows=1036600 width=0) (actual time=8696.431..30766.749 rows=80229612 loops=1)
  Hash Cond: (mk.movie_id = t.id)
  ->  Seq Scan on movie_keyword mk  (cost=0.00..69693.30 rows=4523930 width=4) (actual time=0.014..1529.295 rows=4523930 loops=1)
  ->  Hash  (cost=458566.35..458566.35 rows=579379 width=8) (actual time=8694.907..8694.907 rows=1545912 loops=1)
        Buckets: 131072 (originally 131072)  Batches: 32 (originally 8)  Memory Usage: 3073kB
        ->  Hash Join  (cost=78556.72..458566.35 rows=579379 width=8) (actual time=1967.004..8240.674 rows=1545912 loops=1)
              Hash Cond: (mi.movie_id = t.id)
              ->  Seq Scan on movie_info mi  (cost=0.00..346232.03 rows=2194617 width=4) (actual time=489.237..5366.185 rows=2233850 loops=1)
                    Filter: (info_type_id > 16)
                    Rows Removed by Filter: 12601870
              ->  Hash  (cost=67604.59..67604.59 rows=667531 width=4) (actual time=1273.683..1273.683 rows=662825 loops=1)
                    Buckets: 131072  Batches: 16  Memory Usage: 2485kB
                    ->  Seq Scan on title t  (cost=0.00..67604.59 rows=667531 width=4) (actual time=0.019..862.690 rows=662825 loops=1)
                          Filter: (kind_id = 1)
                          Rows Removed by Filter: 1865487
Planning time: 1.241 ms
Execution time: 39756.042 ms
