Seq Scan on movie_keyword mk  (cost=0.00..81003.12 rows=888762 width=0) (actual time=0.024..1389.636 rows=895712 loops=1)
  Filter: (keyword_id > 20601)
  Rows Removed by Filter: 3628218
Planning time: 0.344 ms
Execution time: 1505.149 ms
