Hash Join  (cost=102767.86..1486900.78 rows=27792109 width=0) (actual time=2021.211..42598.599 rows=27923386 loops=1)
  Hash Cond: (ci.movie_id = t.id)
  ->  Seq Scan on cast_info ci  (cost=0.00..705507.15 rows=27792109 width=4) (actual time=0.021..16012.324 rows=27923386 loops=1)
        Filter: (person_id > 814714)
        Rows Removed by Filter: 8320958
  ->  Hash  (cost=61283.27..61283.27 rows=2528527 width=4) (actual time=2019.668..2019.668 rows=2528312 loops=1)
        Buckets: 131072  Batches: 64  Memory Usage: 2415kB
        ->  Seq Scan on title t  (cost=0.00..61283.27 rows=2528527 width=4) (actual time=0.009..1162.160 rows=2528312 loops=1)
Planning time: 0.926 ms
Execution time: 45621.243 ms
