Hash Join  (cost=74551.72..162105.49 rows=89574 width=0) (actual time=1218.313..3750.268 rows=591999 loops=1)
  Hash Cond: (mk.movie_id = t.id)
  ->  Seq Scan on movie_keyword mk  (cost=0.00..69693.30 rows=4523930 width=4) (actual time=0.029..1007.419 rows=4523930 loops=1)
  ->  Hash  (cost=73925.90..73925.90 rows=50065 width=4) (actual time=1217.715..1217.715 rows=171686 loops=1)
        Buckets: 131072 (originally 65536)  Batches: 2 (originally 1)  Memory Usage: 4044kB
        ->  Seq Scan on title t  (cost=0.00..73925.90 rows=50065 width=4) (actual time=544.665..1148.800 rows=171686 loops=1)
              Filter: ((production_year < 1954) AND (kind_id = 1))
              Rows Removed by Filter: 2356626
Planning time: 0.795 ms
Execution time: 3820.961 ms
