Hash Join  (cost=217858.32..1246160.07 rows=9928596 width=0) (actual time=5035.431..33876.780 rows=17369852 loops=1)
  Hash Cond: (ci.movie_id = t.id)
  ->  Seq Scan on cast_info ci  (cost=0.00..705507.15 rows=18881239 width=4) (actual time=0.022..13544.565 rows=19010998 loops=1)
        Filter: (person_id > 1701852)
        Rows Removed by Filter: 17233346
  ->  Hash  (cost=196044.17..196044.17 rows=1329612 width=8) (actual time=5034.731..5034.731 rows=1334883 loops=1)
        Buckets: 131072  Batches: 32  Memory Usage: 2639kB
        ->  Hash Join  (cost=102767.86..196044.17 rows=1329612 width=8) (actual time=2107.906..4649.572 rows=1334883 loops=1)
              Hash Cond: (mc.movie_id = t.id)
              ->  Seq Scan on movie_companies mc  (cost=0.00..51404.11 rows=1329612 width=4) (actual time=0.034..962.939 rows=1334883 loops=1)
                    Filter: (company_type_id > 1)
                    Rows Removed by Filter: 1274246
              ->  Hash  (cost=61283.27..61283.27 rows=2528527 width=4) (actual time=2065.571..2065.571 rows=2528312 loops=1)
                    Buckets: 131072  Batches: 64  Memory Usage: 2415kB
                    ->  Seq Scan on title t  (cost=0.00..61283.27 rows=2528527 width=4) (actual time=0.015..1174.006 rows=2528312 loops=1)
Planning time: 1.150 ms
Execution time: 35783.078 ms
