Hash Join  (cost=94699.36..463916.83 rows=9797 width=0) (actual time=1982.213..6796.742 rows=39165 loops=1)
  Hash Cond: (mi.movie_id = t.id)
  ->  Seq Scan on movie_info mi  (cost=0.00..346232.03 rows=6103325 width=4) (actual time=598.847..4579.772 rows=6083429 loops=1)
        Filter: (info_type_id > 9)
        Rows Removed by Filter: 8752291
  ->  Hash  (cost=94648.62..94648.62 rows=4059 width=8) (actual time=1380.699..1380.699 rows=4361 loops=1)
        Buckets: 8192 (originally 4096)  Batches: 1 (originally 1)  Memory Usage: 235kB
        ->  Hash Join  (cost=67697.55..94648.62 rows=4059 width=8) (actual time=783.363..1378.779 rows=4361 loops=1)
              Hash Cond: (mi_idx.movie_id = t.id)
              ->  Seq Scan on movie_info_idx mi_idx  (cost=0.00..21735.35 rows=1380035 width=4) (actual time=0.012..310.988 rows=1380035 loops=1)
              ->  Hash  (cost=67604.59..67604.59 rows=7437 width=4) (actual time=778.961..778.961 rows=6834 loops=1)
                    Buckets: 8192  Batches: 1  Memory Usage: 305kB
                    ->  Seq Scan on title t  (cost=0.00..67604.59 rows=7437 width=4) (actual time=0.169..775.925 rows=6834 loops=1)
                          Filter: (production_year = 1953)
                          Rows Removed by Filter: 2521478
Planning time: 1.134 ms
Execution time: 6801.402 ms
