Seq Scan on movie_keyword mk  (cost=0.00..81003.12 rows=3275114 width=0) (actual time=0.016..1428.113 rows=3258416 loops=1)
  Filter: (keyword_id > 1615)
  Rows Removed by Filter: 1265514
Planning time: 0.313 ms
Execution time: 1837.625 ms
