Hash Join  (cost=83074.74..833899.15 rows=3524 width=0) (actual time=1152.889..16175.775 rows=1785 loops=1)
  Hash Cond: (ci.movie_id = t.id)
  ->  Seq Scan on cast_info ci  (cost=0.00..614943.12 rows=36225612 width=4) (actual time=0.015..8365.512 rows=36244344 loops=1)
  ->  Hash  (cost=83071.67..83071.67 rows=246 width=8) (actual time=1151.780..1151.780 rows=30 loops=1)
        Buckets: 1024  Batches: 1  Memory Usage: 10kB
        ->  Nested Loop  (cost=0.43..83071.67 rows=246 width=8) (actual time=43.276..1151.724 rows=30 loops=1)
              ->  Seq Scan on movie_keyword mk  (cost=0.00..81003.12 rows=246 width=4) (actual time=43.183..1150.281 rows=30 loops=1)
                    Filter: (keyword_id = 38868)
                    Rows Removed by Filter: 4523900
              ->  Index Only Scan using title_pkey on title t  (cost=0.43..8.40 rows=1 width=4) (actual time=0.041..0.042 rows=1 loops=30)
                    Index Cond: (id = mk.movie_id)
                    Heap Fetches: 30
Planning time: 1.430 ms
Execution time: 16177.060 ms
