Hash Join  (cost=58375.70..882176.89 rows=58 width=0) (actual time=2752.570..15992.624 rows=265 loops=1)
  Hash Cond: (ci.movie_id = t.id)
  ->  Seq Scan on cast_info ci  (cost=0.00..796071.18 rows=7394515 width=4) (actual time=1878.253..13689.691 rows=10970690 loops=1)
        Filter: ((person_id > 1961276) AND (role_id > 2))
        Rows Removed by Filter: 25273654
  ->  Hash  (cost=58375.45..58375.45 rows=20 width=8) (actual time=798.642..798.642 rows=27 loops=1)
        Buckets: 1024  Batches: 1  Memory Usage: 10kB
        ->  Nested Loop  (cost=0.43..58375.45 rows=20 width=8) (actual time=7.719..798.591 rows=27 loops=1)
              ->  Seq Scan on movie_companies mc  (cost=0.00..57926.93 rows=53 width=4) (actual time=7.648..797.268 rows=40 loops=1)
                    Filter: ((company_id = 57) AND (company_type_id = 2))
                    Rows Removed by Filter: 2609089
              ->  Index Scan using title_pkey on title t  (cost=0.43..8.45 rows=1 width=4) (actual time=0.029..0.030 rows=1 loops=40)
                    Index Cond: (id = mc.movie_id)
                    Filter: ((kind_id < 7) AND (production_year > 0))
                    Rows Removed by Filter: 0
Planning time: 1.230 ms
Execution time: 15993.060 ms
