Hash Join  (cost=224360.04..769422.74 rows=4389090 width=0) (actual time=6141.671..47149.761 rows=121403158 loops=1)
  Hash Cond: (mi.movie_id = t.id)
  ->  Seq Scan on movie_info mi  (cost=0.00..309384.22 rows=14739122 width=4) (actual time=0.017..6102.821 rows=14835720 loops=1)
  ->  Hash  (cost=212006.08..212006.08 rows=752957 width=8) (actual time=6140.443..6140.443 rows=2271977 loops=1)
        Buckets: 131072 (originally 131072)  Batches: 32 (originally 16)  Memory Usage: 3815kB
        ->  Hash Join  (cost=80830.47..212006.08 rows=752957 width=8) (actual time=1447.313..5448.846 rows=2271977 loops=1)
              Hash Cond: (mk.movie_id = t.id)
              ->  Seq Scan on movie_keyword mk  (cost=0.00..69693.30 rows=4523930 width=4) (actual time=0.011..1431.203 rows=4523930 loops=1)
              ->  Hash  (cost=73925.90..73925.90 rows=420845 width=4) (actual time=1446.494..1446.494 rows=517968 loops=1)
                    Buckets: 131072  Batches: 8  Memory Usage: 3320kB
                    ->  Seq Scan on title t  (cost=0.00..73925.90 rows=420845 width=4) (actual time=0.024..1265.522 rows=517968 loops=1)
                          Filter: ((kind_id < 7) AND (production_year < 2001))
                          Rows Removed by Filter: 2010344
Planning time: 1.139 ms
Execution time: 60744.762 ms
