Hash Join  (cost=75628.47..145080.38 rows=60443 width=0) (actual time=1140.807..3137.118 rows=105292 loops=1)
  Hash Cond: (mc.movie_id = t.id)
  ->  Seq Scan on movie_companies mc  (cost=0.00..51404.11 rows=1473433 width=4) (actual time=0.016..1000.940 rows=1477609 loops=1)
        Filter: (company_id > 8292)
        Rows Removed by Filter: 1131520
  ->  Hash  (cost=73925.90..73925.90 rows=103725 width=4) (actual time=1140.048..1140.048 rows=98992 loops=1)
        Buckets: 131072  Batches: 2  Memory Usage: 2760kB
        ->  Seq Scan on title t  (cost=0.00..73925.90 rows=103725 width=4) (actual time=36.814..1105.794 rows=98992 loops=1)
              Filter: ((production_year > 2010) AND (kind_id = 1))
              Rows Removed by Filter: 2429320
Planning time: 3.095 ms
Execution time: 3151.553 ms
