Hash Join  (cost=289560.68..1676011.59 rows=27980287 width=0) (actual time=5522.603..40276.166 rows=15659595 loops=1)
  Hash Cond: (ci.movie_id = t.id)
  ->  Seq Scan on cast_info ci  (cost=0.00..705507.15 rows=30603566 width=4) (actual time=0.027..16716.046 rows=30557141 loops=1)
        Filter: (person_id < 3080145)
        Rows Removed by Filter: 5687203
  ->  Hash  (cost=251632.35..251632.35 rows=2311787 width=8) (actual time=5520.694..5520.694 rows=561374 loops=1)
        Buckets: 131072  Batches: 32  Memory Usage: 1699kB
        ->  Hash Join  (cost=92883.59..251632.35 rows=2311787 width=8) (actual time=1638.800..5367.499 rows=561374 loops=1)
              Hash Cond: (mk.movie_id = t.id)
              ->  Seq Scan on movie_keyword mk  (cost=0.00..81003.12 rows=3793753 width=4) (actual time=0.019..1734.719 rows=3794102 loops=1)
                    Filter: (keyword_id > 648)
                    Rows Removed by Filter: 729828
              ->  Hash  (cost=67604.59..67604.59 rows=1540800 width=4) (actual time=1637.815..1637.815 rows=1543264 loops=1)
                    Buckets: 131072  Batches: 32  Memory Usage: 2728kB
                    ->  Seq Scan on title t  (cost=0.00..67604.59 rows=1540800 width=4) (actual time=0.026..1161.536 rows=1543264 loops=1)
                          Filter: (kind_id = 7)
                          Rows Removed by Filter: 985048
Planning time: 1.172 ms
Execution time: 42020.687 ms
