Hash Join  (cost=127531.10..1204413.13 rows=4193480 width=0) (actual time=2842.600..35720.232 rows=9559570 loops=1)
  Hash Cond: (ci.movie_id = t.id)
  ->  Seq Scan on cast_info ci  (cost=0.00..614943.12 rows=36225612 width=4) (actual time=0.025..12917.159 rows=36244344 loops=1)
  ->  Hash  (cost=122728.31..122728.31 rows=292703 width=8) (actual time=2841.396..2841.396 rows=363858 loops=1)
        Buckets: 131072 (originally 131072)  Batches: 8 (originally 4)  Memory Usage: 3073kB
        ->  Hash Join  (cost=80874.21..122728.31 rows=292703 width=8) (actual time=1455.344..2714.403 rows=363858 loops=1)
              Hash Cond: (mi_idx.movie_id = t.id)
              ->  Seq Scan on movie_info_idx mi_idx  (cost=0.00..25185.44 rows=915101 width=4) (actual time=0.021..532.234 rows=919850 loops=1)
                    Filter: (info_type_id < 101)
                    Rows Removed by Filter: 460185
              ->  Hash  (cost=67604.59..67604.59 rows=808770 width=4) (actual time=1454.212..1454.212 rows=812704 loops=1)
                    Buckets: 131072  Batches: 16  Memory Usage: 2812kB
                    ->  Seq Scan on title t  (cost=0.00..67604.59 rows=808770 width=4) (actual time=0.024..1191.638 rows=812704 loops=1)
                          Filter: (production_year < 1995)
                          Rows Removed by Filter: 1715608
Planning time: 1.157 ms
Execution time: 36868.929 ms
