Seq Scan on movie_companies mc  (cost=0.00..51404.11 rows=235535 width=0) (actual time=0.024..823.762 rows=232665 loops=1)
  Filter: (company_id < 93)
  Rows Removed by Filter: 2376464
Planning time: 0.295 ms
Execution time: 854.645 ms
