Hash Join  (cost=436160.30..1458270.52 rows=828905 width=0) (actual time=7974.794..33848.960 rows=3061905 loops=1)
  Hash Cond: (ci.movie_id = t.id)
  ->  Seq Scan on cast_info ci  (cost=0.00..796071.18 rows=18794668 width=4) (actual time=0.022..16797.514 rows=16257317 loops=1)
        Filter: ((person_id < 2938142) AND (role_id > 1))
        Rows Removed by Filter: 19987027
  ->  Hash  (cost=434330.35..434330.35 rows=111516 width=8) (actual time=7973.617..7973.617 rows=175456 loops=1)
        Buckets: 131072 (originally 131072)  Batches: 4 (originally 2)  Memory Usage: 3073kB
        ->  Hash Join  (cost=79677.10..434330.35 rows=111516 width=8) (actual time=5038.654..7923.754 rows=175456 loops=1)
              Hash Cond: (mi.movie_id = t.id)
              ->  Seq Scan on movie_info mi  (cost=0.00..346232.03 rows=383217 width=4) (actual time=3067.363..5688.140 rows=368218 loops=1)
                    Filter: (info_type_id = 17)
                    Rows Removed by Filter: 14467502
              ->  Hash  (cost=67604.59..67604.59 rows=735801 width=4) (actual time=1913.902..1913.902 rows=730985 loops=1)
                    Buckets: 131072  Batches: 16  Memory Usage: 2638kB
                    ->  Seq Scan on title t  (cost=0.00..67604.59 rows=735801 width=4) (actual time=0.031..1172.731 rows=730985 loops=1)
                          Filter: (production_year < 1992)
                          Rows Removed by Filter: 1797327
Planning time: 1.159 ms
Execution time: 34185.524 ms
