Hash Join  (cost=90601.07..525660.38 rows=2188886 width=0) (actual time=4111.585..11559.795 rows=1192915 loops=1)
  Hash Cond: (mi.movie_id = t.id)
  ->  Seq Scan on movie_info mi  (cost=0.00..346232.03 rows=5445713 width=4) (actual time=2354.715..6319.295 rows=5410520 loops=1)
        Filter: (info_type_id < 6)
        Rows Removed by Filter: 9425200
  ->  Hash  (cost=73925.90..73925.90 rows=1016333 width=4) (actual time=1755.494..1755.494 rows=1107438 loops=1)
        Buckets: 131072  Batches: 16  Memory Usage: 3469kB
        ->  Seq Scan on title t  (cost=0.00..73925.90 rows=1016333 width=4) (actual time=0.049..1384.047 rows=1107438 loops=1)
              Filter: ((kind_id > 1) AND (production_year > 2000))
              Rows Removed by Filter: 1420874
Planning time: 0.687 ms
Execution time: 11715.215 ms
