Seq Scan on movie_info mi  (cost=0.00..346232.03 rows=13655091 width=0) (actual time=0.023..6526.090 rows=13688003 loops=1)
  Filter: (info_type_id < 54)
  Rows Removed by Filter: 1147717
Planning time: 8.879 ms
Execution time: 8266.305 ms
