Hash Join  (cost=77354.40..143947.54 rows=52346 width=0) (actual time=872.881..2337.981 rows=60527 loops=1)
  Hash Cond: (mc.movie_id = t.id)
  ->  Seq Scan on movie_companies mc  (cost=0.00..57926.93 rows=633531 width=4) (actual time=0.156..1061.829 rows=863999 loops=1)
        Filter: ((company_id < 11234) AND (company_type_id < 2))
        Rows Removed by Filter: 1745130
  ->  Hash  (cost=73925.90..73925.90 rows=208920 width=4) (actual time=872.049..872.049 rows=183835 loops=1)
        Buckets: 131072  Batches: 4  Memory Usage: 2649kB
        ->  Seq Scan on title t  (cost=0.00..73925.90 rows=208920 width=4) (actual time=0.009..756.080 rows=183835 loops=1)
              Filter: ((kind_id < 7) AND (production_year > 2009))
              Rows Removed by Filter: 2344477
Planning time: 0.529 ms
Execution time: 2346.457 ms
