Hash Join  (cost=83072.49..110001.46 rows=3 width=0) (actual time=1399.044..1930.696 rows=15 loops=1)
  Hash Cond: (mi_idx.movie_id = t.id)
  ->  Seq Scan on movie_info_idx mi_idx  (cost=0.00..25185.44 rows=464934 width=4) (actual time=0.030..491.361 rows=460185 loops=1)
        Filter: (info_type_id > 100)
        Rows Removed by Filter: 919850
  ->  Hash  (cost=83072.29..83072.29 rows=16 width=8) (actual time=1377.455..1377.455 rows=28 loops=1)
        Buckets: 1024  Batches: 1  Memory Usage: 10kB
        ->  Nested Loop  (cost=0.43..83072.29 rows=16 width=8) (actual time=72.367..1377.403 rows=28 loops=1)
              ->  Seq Scan on movie_keyword mk  (cost=0.00..81003.12 rows=246 width=4) (actual time=0.330..1279.284 rows=2305 loops=1)
                    Filter: (keyword_id = 835)
                    Rows Removed by Filter: 4521625
              ->  Index Scan using title_pkey on title t  (cost=0.43..8.40 rows=1 width=4) (actual time=0.042..0.042 rows=0 loops=2305)
                    Index Cond: (id = mk.movie_id)
                    Filter: (production_year = 2012)
                    Rows Removed by Filter: 1
Planning time: 1.149 ms
Execution time: 1930.818 ms
