Hash Join  (cost=297657.75..1308848.61 rows=12403571 width=0) (actual time=13126.793..38933.516 rows=47308714 loops=1)
  Hash Cond: (ci.movie_id = t.id)
  ->  Seq Scan on cast_info ci  (cost=0.00..705507.15 rows=12203201 width=4) (actual time=6575.314..14878.642 rows=12113646 loops=1)
        Filter: (role_id > 3)
        Rows Removed by Filter: 24130698
  ->  Hash  (cost=255492.20..255492.20 rows=2570044 width=8) (actual time=6549.817..6549.817 rows=2561588 loops=1)
        Buckets: 131072  Batches: 64  Memory Usage: 2604kB
        ->  Hash Join  (cost=102767.86..255492.20 rows=2570044 width=8) (actual time=2160.122..5913.670 rows=2561588 loops=1)
              Hash Cond: (mk.movie_id = t.id)
              ->  Seq Scan on movie_keyword mk  (cost=0.00..81003.12 rows=2570044 width=4) (actual time=0.030..1612.101 rows=2561588 loops=1)
                    Filter: (keyword_id < 6491)
                    Rows Removed by Filter: 1962342
              ->  Hash  (cost=61283.27..61283.27 rows=2528527 width=4) (actual time=2159.166..2159.166 rows=2528312 loops=1)
                    Buckets: 131072  Batches: 64  Memory Usage: 2425kB
                    ->  Seq Scan on title t  (cost=0.00..61283.27 rows=2528527 width=4) (actual time=0.033..1329.716 rows=2528312 loops=1)
Planning time: 1.228 ms
Execution time: 44005.721 ms
