Hash Join  (cost=66994.02..417968.50 rows=198 width=0) (actual time=6190.506..7570.185 rows=1 loops=1)
  Hash Cond: (mi.movie_id = t.id)
  ->  Seq Scan on movie_info mi  (cost=0.00..346232.03 rows=1264125 width=4) (actual time=4001.325..5713.656 rows=1288928 loops=1)
        Filter: (info_type_id = 2)
        Rows Removed by Filter: 13546792
  ->  Hash  (cost=66989.07..66989.07 rows=396 width=8) (actual time=1651.221..1651.221 rows=1 loops=1)
        Buckets: 1024  Batches: 1  Memory Usage: 9kB
        ->  Nested Loop  (cost=0.43..66989.07 rows=396 width=8) (actual time=1487.901..1651.181 rows=1 loops=1)
              ->  Seq Scan on movie_companies mc  (cost=0.00..57926.93 rows=1109 width=4) (actual time=320.178..759.394 rows=2398 loops=1)
                    Filter: ((company_id = 3139) AND (company_type_id = 1))
                    Rows Removed by Filter: 2606731
              ->  Index Scan using title_pkey on title t  (cost=0.43..8.16 rows=1 width=4) (actual time=0.371..0.371 rows=0 loops=2398)
                    Index Cond: (id = mc.movie_id)
                    Filter: (production_year > 2006)
                    Rows Removed by Filter: 1
Planning time: 1.347 ms
Execution time: 7570.311 ms
