Seq Scan on title t  (cost=0.00..73925.90 rows=293484 width=0) (actual time=0.038..1235.911 rows=411690 loops=1)
  Filter: ((kind_id < 7) AND (production_year < 1993))
  Rows Removed by Filter: 2116622
Planning time: 0.301 ms
Execution time: 1288.204 ms
