Seq Scan on movie_keyword mk  (cost=0.00..81003.12 rows=1568645 width=0) (actual time=0.024..1310.694 rows=1585843 loops=1)
  Filter: (keyword_id > 9807)
  Rows Removed by Filter: 2938087
Planning time: 0.300 ms
Execution time: 1514.102 ms
