Hash Join  (cost=102767.86..196553.71 rows=1350753 width=0) (actual time=2594.837..4999.485 rows=1359783 loops=1)
  Hash Cond: (mc.movie_id = t.id)
  ->  Seq Scan on movie_companies mc  (cost=0.00..51404.11 rows=1350753 width=4) (actual time=0.181..981.298 rows=1359783 loops=1)
        Filter: (company_id > 11149)
        Rows Removed by Filter: 1249346
  ->  Hash  (cost=61283.27..61283.27 rows=2528527 width=4) (actual time=2592.947..2592.947 rows=2528312 loops=1)
        Buckets: 131072  Batches: 64  Memory Usage: 2415kB
        ->  Seq Scan on title t  (cost=0.00..61283.27 rows=2528527 width=4) (actual time=0.014..1111.495 rows=2528312 loops=1)
Planning time: 0.707 ms
Execution time: 5155.018 ms
