Seq Scan on movie_companies mc  (cost=0.00..57926.93 rows=934544 width=0) (actual time=0.027..1091.658 rows=1237711 loops=1)
  Filter: ((company_id < 44134) AND (company_type_id = 1))
  Rows Removed by Filter: 1371418
Planning time: 0.397 ms
Execution time: 1244.963 ms
