Seq Scan on title t  (cost=0.00..73925.90 rows=515208 width=0) (actual time=0.025..1131.974 rows=379301 loops=1)
  Filter: ((kind_id > 2) AND (production_year < 1992))
  Rows Removed by Filter: 2149011
Planning time: 0.278 ms
Execution time: 1177.257 ms
