Hash Join  (cost=93093.08..1009109.09 rows=5879814 width=0) (actual time=2636.663..24254.764 rows=5726556 loops=1)
  Hash Cond: (ci.movie_id = t.id)
  ->  Seq Scan on cast_info ci  (cost=0.00..705507.15 rows=12726058 width=4) (actual time=866.965..14389.202 rows=12670688 loops=1)
        Filter: (role_id < 2)
        Rows Removed by Filter: 23573656
  ->  Hash  (cost=73925.90..73925.90 rows=1168254 width=4) (actual time=1768.745..1768.745 rows=1132488 loops=1)
        Buckets: 131072  Batches: 16  Memory Usage: 3518kB
        ->  Seq Scan on title t  (cost=0.00..73925.90 rows=1168254 width=4) (actual time=0.020..1402.705 rows=1132488 loops=1)
              Filter: ((kind_id > 2) AND (production_year < 2008))
              Rows Removed by Filter: 1395824
Planning time: 0.866 ms
Execution time: 24901.885 ms
