Hash Join  (cost=185646.36..276286.22 rows=92443 width=0) (actual time=3779.003..5430.538 rows=132708 loops=1)
  Hash Cond: (mk.movie_id = t.id)
  ->  Seq Scan on movie_keyword mk  (cost=0.00..81003.12 rows=627548 width=4) (actual time=0.055..1327.575 rows=630130 loops=1)
        Filter: (keyword_id > 29119)
        Rows Removed by Filter: 3893800
  ->  Hash  (cost=179535.46..179535.46 rows=372472 width=8) (actual time=3777.655..3777.655 rows=209889 loops=1)
        Buckets: 131072  Batches: 8  Memory Usage: 2067kB
        ->  Hash Join  (cost=102767.86..179535.46 rows=372472 width=8) (actual time=2260.776..3708.029 rows=209889 loops=1)
              Hash Cond: (mc.movie_id = t.id)
              ->  Seq Scan on movie_companies mc  (cost=0.00..57926.93 rows=372472 width=4) (actual time=164.766..1026.582 rows=209889 loops=1)
                    Filter: ((company_id < 1403) AND (company_type_id = 2))
                    Rows Removed by Filter: 2399240
              ->  Hash  (cost=61283.27..61283.27 rows=2528527 width=4) (actual time=2094.651..2094.651 rows=2528312 loops=1)
                    Buckets: 131072  Batches: 64  Memory Usage: 2415kB
                    ->  Seq Scan on title t  (cost=0.00..61283.27 rows=2528527 width=4) (actual time=0.019..1251.023 rows=2528312 loops=1)
Planning time: 1.118 ms
Execution time: 5446.248 ms
