Seq Scan on title t  (cost=0.00..73925.90 rows=198763 width=0) (actual time=0.024..797.289 rows=95336 loops=1)
  Filter: ((production_year < 1967) AND (kind_id = 7))
  Rows Removed by Filter: 2432976
Planning time: 0.339 ms
Execution time: 808.894 ms
