Hash Join  (cost=969421.81..1560532.53 rows=7662855 width=0) (actual time=21058.807..58717.210 rows=88897336 loops=1)
  Hash Cond: (mi.movie_id = t.id)
  ->  Seq Scan on movie_info mi  (cost=0.00..346232.03 rows=12665229 width=4) (actual time=0.020..7360.874 rows=12744652 loops=1)
        Filter: (info_type_id > 2)
        Rows Removed by Filter: 2091068
  ->  Hash  (cost=944322.85..944322.85 rows=1529837 width=8) (actual time=21057.210..21057.210 rows=1377501 loops=1)
        Buckets: 131072  Batches: 32  Memory Usage: 2756kB
        ->  Hash Join  (cost=83810.17..944322.85 rows=1529837 width=8) (actual time=14821.932..20647.691 rows=1377501 loops=1)
              Hash Cond: (ci.movie_id = t.id)
              ->  Seq Scan on cast_info ci  (cost=0.00..796071.18 rows=3916300 width=4) (actual time=13251.515..16144.556 rows=4193002 loops=1)
                    Filter: ((person_id > 316177) AND (role_id = 10))
                    Rows Removed by Filter: 32051342
              ->  Hash  (cost=67604.59..67604.59 rows=987727 width=4) (actual time=1569.601..1569.601 rows=985048 loops=1)
                    Buckets: 131072  Batches: 16  Memory Usage: 3188kB
                    ->  Seq Scan on title t  (cost=0.00..67604.59 rows=987727 width=4) (actual time=0.039..1271.753 rows=985048 loops=1)
                          Filter: (kind_id < 7)
                          Rows Removed by Filter: 1543264
Planning time: 1.149 ms
Execution time: 68602.721 ms
