Hash Join  (cost=190230.21..311227.04 rows=1109531 width=0) (actual time=4673.856..9009.979 rows=4638037 loops=1)
  Hash Cond: (mk.movie_id = t.id)
  ->  Seq Scan on movie_keyword mk  (cost=0.00..81003.12 rows=2032905 width=4) (actual time=0.024..1499.780 rows=2036196 loops=1)
        Filter: (keyword_id < 3639)
        Rows Removed by Filter: 2487734
  ->  Hash  (cost=167588.78..167588.78 rows=1380035 width=8) (actual time=4672.932..4672.932 rows=1380035 loops=1)
        Buckets: 131072  Batches: 32  Memory Usage: 2726kB
        ->  Hash Join  (cost=102767.86..167588.78 rows=1380035 width=8) (actual time=1821.827..4223.243 rows=1380035 loops=1)
              Hash Cond: (mi_idx.movie_id = t.id)
              ->  Seq Scan on movie_info_idx mi_idx  (cost=0.00..21735.35 rows=1380035 width=4) (actual time=0.009..453.432 rows=1380035 loops=1)
              ->  Hash  (cost=61283.27..61283.27 rows=2528527 width=4) (actual time=1820.302..1820.302 rows=2528312 loops=1)
                    Buckets: 131072  Batches: 64  Memory Usage: 2415kB
                    ->  Seq Scan on title t  (cost=0.00..61283.27 rows=2528527 width=4) (actual time=0.019..972.568 rows=2528312 loops=1)
Planning time: 1.105 ms
Execution time: 9559.044 ms
