Hash Join  (cost=90260.67..1058524.58 rows=8256192 width=0) (actual time=1729.527..26506.357 rows=9808788 loops=1)
  Hash Cond: (ci.movie_id = t.id)
  ->  Seq Scan on cast_info ci  (cost=0.00..705507.15 rows=15117823 width=4) (actual time=0.016..13552.813 rows=15266951 loops=1)
        Filter: (person_id > 2115467)
        Rows Removed by Filter: 20977393
  ->  Hash  (cost=67604.59..67604.59 rows=1380887 width=4) (actual time=1728.348..1728.348 rows=1381453 loops=1)
        Buckets: 131072  Batches: 32  Memory Usage: 2543kB
        ->  Seq Scan on title t  (cost=0.00..67604.59 rows=1380887 width=4) (actual time=0.021..1281.566 rows=1381453 loops=1)
              Filter: (production_year > 2000)
              Rows Removed by Filter: 1146859
Planning time: 0.707 ms
Execution time: 27699.387 ms
