Hash Join  (cost=83073.10..447732.81 rows=379 width=0) (actual time=1180.151..7155.491 rows=22073 loops=1)
  Hash Cond: (mi.movie_id = t.id)
  ->  Seq Scan on movie_info mi  (cost=0.00..309384.22 rows=14739122 width=4) (actual time=0.026..3578.840 rows=14835720 loops=1)
  ->  Hash  (cost=83072.29..83072.29 rows=65 width=8) (actual time=1177.558..1177.558 rows=382 loops=1)
        Buckets: 1024  Batches: 1  Memory Usage: 23kB
        ->  Nested Loop  (cost=0.43..83072.29 rows=65 width=8) (actual time=0.255..1177.241 rows=382 loops=1)
              ->  Seq Scan on movie_keyword mk  (cost=0.00..81003.12 rows=246 width=4) (actual time=0.206..1118.669 rows=1737 loops=1)
                    Filter: (keyword_id = 2069)
                    Rows Removed by Filter: 4522193
              ->  Index Scan using title_pkey on title t  (cost=0.43..8.40 rows=1 width=4) (actual time=0.033..0.033 rows=0 loops=1737)
                    Index Cond: (id = mk.movie_id)
                    Filter: (production_year < 1989)
                    Rows Removed by Filter: 1
Planning time: 4.561 ms
Execution time: 7159.222 ms
