Hash Join  (cost=213328.18..1232390.22 rows=3152680 width=0) (actual time=4399.361..28371.553 rows=7447306 loops=1)
  Hash Cond: (ci.movie_id = t.id)
  ->  Seq Scan on cast_info ci  (cost=0.00..796071.18 rows=16394683 width=4) (actual time=0.031..16574.858 rows=12625896 loops=1)
        Filter: ((person_id < 2610022) AND (role_id > 1))
        Rows Removed by Filter: 23618448
  ->  Hash  (cost=205350.27..205350.27 rows=486233 width=8) (actual time=4398.525..4398.525 rows=481361 loops=1)
        Buckets: 131072  Batches: 8  Memory Usage: 3403kB
        ->  Hash Join  (cost=102767.86..205350.27 rows=486233 width=8) (actual time=1845.215..4272.103 rows=481361 loops=1)
              Hash Cond: (mk.movie_id = t.id)
              ->  Seq Scan on movie_keyword mk  (cost=0.00..81003.12 rows=486233 width=4) (actual time=0.018..1408.061 rows=481361 loops=1)
                    Filter: (keyword_id > 37197)
                    Rows Removed by Filter: 4042569
              ->  Hash  (cost=61283.27..61283.27 rows=2528527 width=4) (actual time=1843.177..1843.177 rows=2528312 loops=1)
                    Buckets: 131072  Batches: 64  Memory Usage: 2425kB
                    ->  Seq Scan on title t  (cost=0.00..61283.27 rows=2528527 width=4) (actual time=0.021..998.236 rows=2528312 loops=1)
Planning time: 1.108 ms
Execution time: 29149.679 ms
