Seq Scan on movie_keyword mk  (cost=0.00..81003.12 rows=55951 width=0) (actual time=0.020..3169.706 rows=54826 loops=1)
  Filter: (keyword_id < 55)
  Rows Removed by Filter: 4469104
Planning time: 0.246 ms
Execution time: 3188.491 ms
