Seq Scan on title t  (cost=0.00..73925.90 rows=822986 width=94) (actual time=79.515..1663.780 rows=738761 loops=1)
  Filter: ((production_year < 2005) AND (kind_id = 7))
  Rows Removed by Filter: 1789551
Planning time: 0.490 ms
Execution time: 1707.669 ms
