Hash Join  (cost=316972.01..999104.05 rows=14784292 width=0) (actual time=16436.871..55384.698 rows=17432809 loops=1)
  Hash Cond: (mi.movie_id = t.id)
  ->  Seq Scan on movie_info mi  (cost=0.00..346232.03 rows=12545135 width=4) (actual time=0.023..24736.990 rows=12601870 loops=1)
        Filter: (info_type_id < 17)
        Rows Removed by Filter: 2233850
  ->  Hash  (cost=268084.02..268084.02 rows=2979839 width=8) (actual time=16422.395..16422.395 rows=1497523 loops=1)
        Buckets: 131072  Batches: 64  Memory Usage: 1946kB
        ->  Hash Join  (cost=98137.04..268084.02 rows=2979839 width=8) (actual time=5768.737..15887.625 rows=1497523 loops=1)
              Hash Cond: (mk.movie_id = t.id)
              ->  Seq Scan on movie_keyword mk  (cost=0.00..81003.12 rows=4048694 width=4) (actual time=0.019..5847.864 rows=4052221 loops=1)
                    Filter: (keyword_id < 37748)
                    Rows Removed by Filter: 471709
              ->  Hash  (cost=67604.59..67604.59 rows=1860996 width=4) (actual time=5766.954..5766.954 rows=1865487 loops=1)
                    Buckets: 131072  Batches: 32  Memory Usage: 3085kB
                    ->  Seq Scan on title t  (cost=0.00..67604.59 rows=1860996 width=4) (actual time=0.022..4765.465 rows=1865487 loops=1)
                          Filter: (kind_id > 1)
                          Rows Removed by Filter: 662825
Planning time: 18.758 ms
Execution time: 57797.077 ms
