Hash Join  (cost=74539.83..165084.93 rows=46991 width=0) (actual time=3696.340..8518.986 rows=8299 loops=1)
  Hash Cond: (mk.movie_id = t.id)
  ->  Seq Scan on movie_keyword mk  (cost=0.00..81003.12 rows=2419218 width=4) (actual time=0.022..4260.275 rows=2412300 loops=1)
        Filter: (keyword_id > 3836)
        Rows Removed by Filter: 2111630
  ->  Hash  (cost=73925.90..73925.90 rows=49114 width=4) (actual time=3687.805..3687.805 rows=45321 loops=1)
        Buckets: 65536  Batches: 1  Memory Usage: 2106kB
        ->  Seq Scan on title t  (cost=0.00..73925.90 rows=49114 width=4) (actual time=1.325..3666.470 rows=45321 loops=1)
              Filter: ((kind_id > 1) AND (production_year > 2012))
              Rows Removed by Filter: 2482991
Planning time: 0.692 ms
Execution time: 8520.520 ms
