Seq Scan on movie_keyword mk  (cost=0.00..81003.12 rows=3925755 width=0) (actual time=0.032..4923.359 rows=3925442 loops=1)
  Filter: (keyword_id < 30685)
  Rows Removed by Filter: 598488
Planning time: 0.414 ms
Execution time: 5686.554 ms
