Seq Scan on movie_companies mc  (cost=0.00..57926.93 rows=797064 width=0) (actual time=0.023..2974.863 rows=498112 loops=1)
  Filter: ((company_id < 14853) AND (company_type_id > 1))
  Rows Removed by Filter: 2111017
Planning time: 0.271 ms
Execution time: 3060.508 ms
