Hash Join  (cost=276659.70..902469.14 rows=11956661 width=0) (actual time=13121.309..71535.456 rows=99602456 loops=1)
  Hash Cond: (mi.movie_id = t.id)
  ->  Seq Scan on movie_info mi  (cost=0.00..309384.22 rows=14739122 width=4) (actual time=0.010..21342.219 rows=14835720 loops=1)
  ->  Hash  (cost=243006.82..243006.82 rows=2051190 width=8) (actual time=13120.392..13120.392 rows=2058733 loops=1)
        Buckets: 131072  Batches: 32  Memory Usage: 3604kB
        ->  Hash Join  (cost=102767.86..243006.82 rows=2051190 width=8) (actual time=4844.015..12392.029 rows=2058733 loops=1)
              Hash Cond: (mk.movie_id = t.id)
              ->  Seq Scan on movie_keyword mk  (cost=0.00..81003.12 rows=2051190 width=4) (actual time=0.021..4802.882 rows=2058733 loops=1)
                    Filter: (keyword_id < 3661)
                    Rows Removed by Filter: 2465197
              ->  Hash  (cost=61283.27..61283.27 rows=2528527 width=4) (actual time=4841.949..4841.949 rows=2528312 loops=1)
                    Buckets: 131072  Batches: 64  Memory Usage: 2425kB
                    ->  Seq Scan on title t  (cost=0.00..61283.27 rows=2528527 width=4) (actual time=0.017..3695.815 rows=2528312 loops=1)
Planning time: 1.118 ms
Execution time: 85103.547 ms
