Hash Join  (cost=124652.06..498139.76 rows=12242 width=0) (actual time=7096.718..22768.126 rows=39104 loops=1)
  Hash Cond: (mi.movie_id = t.id)
  ->  Seq Scan on movie_info mi  (cost=0.00..346232.03 rows=7235534 width=4) (actual time=1826.010..15990.908 rows=7286865 loops=1)
        Filter: (info_type_id < 8)
        Rows Removed by Filter: 7548855
  ->  Hash  (cost=124598.59..124598.59 rows=4278 width=8) (actual time=5088.960..5088.960 rows=2995 loops=1)
        Buckets: 8192  Batches: 1  Memory Usage: 181kB
        ->  Hash Join  (cost=67697.55..124598.59 rows=4278 width=8) (actual time=2345.603..5087.451 rows=2995 loops=1)
              Hash Cond: (mc.movie_id = t.id)
              ->  Seq Scan on movie_companies mc  (cost=0.00..51404.11 rows=1454439 width=4) (actual time=0.038..2438.448 rows=1445435 loops=1)
                    Filter: (company_id < 12929)
                    Rows Removed by Filter: 1163694
              ->  Hash  (cost=67604.59..67604.59 rows=7437 width=4) (actual time=2343.160..2343.160 rows=2291 loops=1)
                    Buckets: 8192  Batches: 1  Memory Usage: 145kB
                    ->  Seq Scan on title t  (cost=0.00..67604.59 rows=7437 width=4) (actual time=9.691..2341.678 rows=2291 loops=1)
                          Filter: (production_year = 1947)
                          Rows Removed by Filter: 2526021
Planning time: 1.162 ms
Execution time: 22794.970 ms
