Hash Join  (cost=302995.45..987705.27 rows=15750109 width=0) (actual time=15865.775..90300.457 rows=135733597 loops=1)
  Hash Cond: (mi.movie_id = t.id)
  ->  Seq Scan on movie_info mi  (cost=0.00..309384.22 rows=14739122 width=4) (actual time=0.022..23126.806 rows=14835720 loops=1)
  ->  Hash  (cost=258665.90..258665.90 rows=2701964 width=8) (actual time=15863.900..15863.900 rows=2697560 loops=1)
        Buckets: 131072  Batches: 64  Memory Usage: 2767kB
        ->  Hash Join  (cost=102767.86..258665.90 rows=2701964 width=8) (actual time=5542.040..14920.785 rows=2697560 loops=1)
              Hash Cond: (mk.movie_id = t.id)
              ->  Seq Scan on movie_keyword mk  (cost=0.00..81003.12 rows=2701964 width=4) (actual time=0.024..5128.333 rows=2697560 loops=1)
                    Filter: (keyword_id < 7634)
                    Rows Removed by Filter: 1826370
              ->  Hash  (cost=61283.27..61283.27 rows=2528527 width=4) (actual time=5540.197..5540.197 rows=2528312 loops=1)
                    Buckets: 131072  Batches: 64  Memory Usage: 2425kB
                    ->  Seq Scan on title t  (cost=0.00..61283.27 rows=2528527 width=4) (actual time=0.022..4380.180 rows=2528312 loops=1)
Planning time: 1.209 ms
Execution time: 109782.660 ms
