Hash Join  (cost=1131684.56..2046295.00 rows=32116300 width=0) (actual time=46820.161..94405.861 rows=48009619 loops=1)
  Hash Cond: (mi.movie_id = t.id)
  ->  Seq Scan on movie_info mi  (cost=0.00..309384.22 rows=14739122 width=4) (actual time=0.012..21509.099 rows=14835720 loops=1)
  ->  Hash  (cost=1041292.33..1041292.33 rows=5509618 width=8) (actual time=46817.804..46817.804 rows=3394382 loops=1)
        Buckets: 131072  Batches: 128  Memory Usage: 2108kB
        ->  Hash Join  (cost=102767.86..1041292.33 rows=5509618 width=8) (actual time=5024.841..45406.126 rows=3394382 loops=1)
              Hash Cond: (ci.movie_id = t.id)
              ->  Seq Scan on cast_info ci  (cost=0.00..796071.18 rows=5509618 width=4) (actual time=0.079..35665.638 rows=3394382 loops=1)
                    Filter: ((person_id < 1205248) AND (role_id > 2))
                    Rows Removed by Filter: 32849962
              ->  Hash  (cost=61283.27..61283.27 rows=2528527 width=4) (actual time=5022.689..5022.689 rows=2528312 loops=1)
                    Buckets: 131072  Batches: 64  Memory Usage: 2415kB
                    ->  Seq Scan on title t  (cost=0.00..61283.27 rows=2528527 width=4) (actual time=0.021..3863.829 rows=2528312 loops=1)
Planning time: 7.153 ms
Execution time: 101009.779 ms
