Hash Join  (cost=136869.09..261656.64 rows=504739 width=0) (actual time=10663.511..14087.848 rows=439530 loops=1)
  Hash Cond: (mk.movie_id = t.id)
  ->  Seq Scan on movie_keyword mk  (cost=0.00..81003.12 rows=3216007 width=4) (actual time=0.019..5156.796 rows=3207040 loops=1)
        Filter: (keyword_id > 1725)
        Rows Removed by Filter: 1316890
  ->  Hash  (cost=130357.57..130357.57 rows=396842 width=8) (actual time=7092.843..7092.843 rows=188967 loops=1)
        Buckets: 131072  Batches: 8  Memory Usage: 1946kB
        ->  Hash Join  (cost=85855.67..130357.57 rows=396842 width=8) (actual time=5126.935..7013.667 rows=188967 loops=1)
              Hash Cond: (mi_idx.movie_id = t.id)
              ->  Seq Scan on movie_info_idx mi_idx  (cost=0.00..21735.35 rows=1380035 width=4) (actual time=0.023..1476.528 rows=1380035 loops=1)
              ->  Hash  (cost=73925.90..73925.90 rows=727101 width=4) (actual time=4532.504..4532.504 rows=796159 loops=1)
                    Buckets: 131072  Batches: 16  Memory Usage: 2780kB
                    ->  Seq Scan on title t  (cost=0.00..73925.90 rows=727101 width=4) (actual time=0.013..3922.592 rows=796159 loops=1)
                          Filter: ((production_year > 2003) AND (kind_id = 7))
                          Rows Removed by Filter: 1732153
Planning time: 1.102 ms
Execution time: 14177.579 ms
