Hash Join  (cost=102767.86..236495.16 rows=1780565 width=0) (actual time=5668.696..12684.398 rows=1780712 loops=1)
  Hash Cond: (mk.movie_id = t.id)
  ->  Seq Scan on movie_keyword mk  (cost=0.00..81003.12 rows=1780565 width=4) (actual time=0.026..4848.865 rows=1780712 loops=1)
        Filter: (keyword_id > 7776)
        Rows Removed by Filter: 2743218
  ->  Hash  (cost=61283.27..61283.27 rows=2528527 width=4) (actual time=5665.537..5665.537 rows=2528312 loops=1)
        Buckets: 131072  Batches: 64  Memory Usage: 2425kB
        ->  Seq Scan on title t  (cost=0.00..61283.27 rows=2528527 width=4) (actual time=0.024..4463.584 rows=2528312 loops=1)
Planning time: 4.726 ms
Execution time: 12940.889 ms
