Hash Join  (cost=101315.87..156366.95 rows=911156 width=0) (actual time=6170.012..8874.829 rows=745194 loops=1)
  Hash Cond: (mi_idx.movie_id = t.id)
  ->  Seq Scan on movie_info_idx mi_idx  (cost=0.00..21735.35 rows=1380035 width=4) (actual time=0.020..1331.967 rows=1380035 loops=1)
  ->  Hash  (cost=73925.90..73925.90 rows=1669437 width=4) (actual time=6168.439..6168.439 rows=1779316 loops=1)
        Buckets: 131072  Batches: 32  Memory Usage: 2983kB
        ->  Seq Scan on title t  (cost=0.00..73925.90 rows=1669437 width=4) (actual time=0.017..5128.586 rows=1779316 loops=1)
              Filter: ((kind_id > 1) AND (production_year > 1954))
              Rows Removed by Filter: 748996
Planning time: 0.811 ms
Execution time: 8973.806 ms
