Hash Join  (cost=75819.10..200336.40 rows=206426 width=0) (actual time=4223.611..10580.936 rows=45424 loops=1)
  Hash Cond: (mk.movie_id = t.id)
  ->  Seq Scan on movie_keyword mk  (cost=0.00..69693.30 rows=4523930 width=4) (actual time=0.019..4507.091 rows=4523930 loops=1)
  ->  Hash  (cost=73925.90..73925.90 rows=115376 width=4) (actual time=4177.160..4177.160 rows=119207 loops=1)
        Buckets: 131072  Batches: 2  Memory Usage: 3125kB
        ->  Seq Scan on title t  (cost=0.00..73925.90 rows=115376 width=4) (actual time=0.028..4104.471 rows=119207 loops=1)
              Filter: ((kind_id > 2) AND (production_year = 2012))
              Rows Removed by Filter: 2409105
Planning time: 4.639 ms
Execution time: 10594.371 ms
