Hash Join  (cost=69002.72..142033.92 rows=41832 width=0) (actual time=1150.185..2803.575 rows=37550 loops=1)
  Hash Cond: (mc.movie_id = t.id)
  ->  Seq Scan on movie_companies mc  (cost=0.00..57926.93 rows=1241317 width=4) (actual time=0.018..1226.562 rows=1210197 loops=1)
        Filter: ((company_id > 11) AND (company_type_id < 2))
        Rows Removed by Filter: 1398932
  ->  Hash  (cost=67604.59..67604.59 rows=85211 width=4) (actual time=1149.260..1149.260 rows=84593 loops=1)
        Buckets: 131072  Batches: 2  Memory Usage: 2518kB
        ->  Seq Scan on title t  (cost=0.00..67604.59 rows=85211 width=4) (actual time=0.032..1111.539 rows=84593 loops=1)
              Filter: (production_year = 2004)
              Rows Removed by Filter: 2443719
Planning time: 0.812 ms
Execution time: 2809.275 ms
