Hash Join  (cost=83073.49..447735.01 rows=560 width=0) (actual time=4392.182..24374.508 rows=29548 loops=1)
  Hash Cond: (mi.movie_id = t.id)
  ->  Seq Scan on movie_info mi  (cost=0.00..309384.22 rows=14739122 width=4) (actual time=0.013..16666.992 rows=14835720 loops=1)
  ->  Hash  (cost=83072.29..83072.29 rows=96 width=8) (actual time=3874.542..3874.542 rows=453 loops=1)
        Buckets: 1024  Batches: 1  Memory Usage: 26kB
        ->  Nested Loop  (cost=0.43..83072.29 rows=96 width=8) (actual time=0.909..3874.010 rows=453 loops=1)
              ->  Seq Scan on movie_keyword mk  (cost=0.00..81003.12 rows=246 width=4) (actual time=0.880..3706.094 rows=684 loops=1)
                    Filter: (keyword_id = 612)
                    Rows Removed by Filter: 4523246
              ->  Index Scan using title_pkey on title t  (cost=0.43..8.40 rows=1 width=4) (actual time=0.243..0.243 rows=1 loops=684)
                    Index Cond: (id = mk.movie_id)
                    Filter: (kind_id < 7)
                    Rows Removed by Filter: 0
Planning time: 2.748 ms
Execution time: 24392.668 ms
