Seq Scan on movie_companies mc  (cost=0.00..57926.93 rows=51 width=0) (actual time=445.239..1746.440 rows=6 loops=1)
  Filter: ((company_id = 18116) AND (company_type_id = 1))
  Rows Removed by Filter: 2609123
Planning time: 13.174 ms
Execution time: 1746.552 ms
