Hash Join  (cost=203314.00..248582.79 rows=441531 width=0) (actual time=10840.671..13402.446 rows=1338843 loops=1)
  Hash Cond: (mi_idx.movie_id = t.id)
  ->  Seq Scan on movie_info_idx mi_idx  (cost=0.00..21735.35 rows=1380035 width=4) (actual time=0.011..1157.621 rows=1380035 loops=1)
  ->  Hash  (cost=190040.73..190040.73 rows=808981 width=8) (actual time=10839.765..10839.765 rows=1024088 loops=1)
        Buckets: 131072  Batches: 16  Memory Usage: 3525kB
        ->  Hash Join  (cost=102767.86..190040.73 rows=808981 width=8) (actual time=6164.076..10486.172 rows=1024088 loops=1)
              Hash Cond: (mc.movie_id = t.id)
              ->  Seq Scan on movie_companies mc  (cost=0.00..57926.93 rows=808981 width=4) (actual time=0.015..2700.742 rows=1024088 loops=1)
                    Filter: ((company_id > 5418) AND (company_type_id = 2))
                    Rows Removed by Filter: 1585041
              ->  Hash  (cost=61283.27..61283.27 rows=2528527 width=4) (actual time=6162.900..6162.900 rows=2528312 loops=1)
                    Buckets: 131072  Batches: 64  Memory Usage: 2415kB
                    ->  Seq Scan on title t  (cost=0.00..61283.27 rows=2528527 width=4) (actual time=0.024..4275.013 rows=2528312 loops=1)
Planning time: 1.075 ms
Execution time: 13637.439 ms
