Hash Join  (cost=365418.15..1977600.14 rows=46164700 width=0) (actual time=17557.565..128495.882 rows=151626557 loops=1)
  Hash Cond: (ci.movie_id = t.id)
  ->  Seq Scan on cast_info ci  (cost=0.00..705507.15 rows=25802497 width=4) (actual time=0.019..44598.852 rows=25994985 loops=1)
        Filter: (person_id > 1007817)
        Rows Removed by Filter: 10249359
  ->  Hash  (cost=291197.02..291197.02 rows=4523930 width=8) (actual time=17555.827..17555.827 rows=4523930 loops=1)
        Buckets: 131072  Batches: 64  Memory Usage: 3816kB
        ->  Hash Join  (cost=102767.86..291197.02 rows=4523930 width=8) (actual time=5905.888..16036.073 rows=4523930 loops=1)
              Hash Cond: (mk.movie_id = t.id)
              ->  Seq Scan on movie_keyword mk  (cost=0.00..69693.30 rows=4523930 width=4) (actual time=0.016..5018.743 rows=4523930 loops=1)
              ->  Hash  (cost=61283.27..61283.27 rows=2528527 width=4) (actual time=5904.757..5904.757 rows=2528312 loops=1)
                    Buckets: 131072  Batches: 64  Memory Usage: 2425kB
                    ->  Seq Scan on title t  (cost=0.00..61283.27 rows=2528527 width=4) (actual time=0.009..4542.630 rows=2528312 loops=1)
Planning time: 1.028 ms
Execution time: 150118.017 ms
