Hash Join  (cost=460883.61..551412.33 rows=52051 width=0) (actual time=21948.541..28412.094 rows=2149802 loops=1)
  Hash Cond: (mk.movie_id = t.id)
  ->  Seq Scan on movie_keyword mk  (cost=0.00..81003.12 rows=2401356 width=4) (actual time=0.013..5124.286 rows=2404204 loops=1)
        Filter: (keyword_id < 5603)
        Rows Removed by Filter: 2119726
  ->  Hash  (cost=460198.51..460198.51 rows=54808 width=8) (actual time=21948.174..21948.174 rows=50267 loops=1)
        Buckets: 65536  Batches: 1  Memory Usage: 2476kB
        ->  Hash Join  (cost=102767.86..460198.51 rows=54808 width=8) (actual time=17947.853..21928.096 rows=50267 loops=1)
              Hash Cond: (mi.movie_id = t.id)
              ->  Seq Scan on movie_info mi  (cost=0.00..346232.03 rows=54808 width=4) (actual time=12499.762..16213.441 rows=50267 loops=1)
                    Filter: (info_type_id > 107)
                    Rows Removed by Filter: 14785453
              ->  Hash  (cost=61283.27..61283.27 rows=2528527 width=4) (actual time=5306.962..5306.962 rows=2528312 loops=1)
                    Buckets: 131072  Batches: 64  Memory Usage: 2425kB
                    ->  Seq Scan on title t  (cost=0.00..61283.27 rows=2528527 width=4) (actual time=0.024..4170.345 rows=2528312 loops=1)
Planning time: 1.149 ms
Execution time: 28837.535 ms
