Hash Join  (cost=158276.38..284456.73 rows=342931 width=0) (actual time=12093.837..16620.347 rows=61221 loops=1)
  Hash Cond: (mk.movie_id = t.id)
  ->  Seq Scan on movie_keyword mk  (cost=0.00..69693.30 rows=4523930 width=4) (actual time=0.022..4461.331 rows=4523930 loops=1)
  ->  Hash  (cost=155131.48..155131.48 rows=191672 width=8) (actual time=9118.522..9118.522 rows=15975 loops=1)
        Buckets: 131072  Batches: 4  Memory Usage: 1184kB
        ->  Hash Join  (cost=82955.72..155131.48 rows=191672 width=8) (actual time=6627.057..9111.750 rows=15975 loops=1)
              Hash Cond: (mc.movie_id = t.id)
              ->  Seq Scan on movie_companies mc  (cost=0.00..57926.93 rows=880562 width=4) (actual time=0.019..3560.015 rows=701629 loops=1)
                    Filter: ((company_id > 1822) AND (company_type_id = 1))
                    Rows Removed by Filter: 1907500
              ->  Hash  (cost=73925.90..73925.90 rows=550385 width=4) (actual time=4943.692..4943.692 rows=602403 loops=1)
                    Buckets: 131072  Batches: 8  Memory Usage: 3672kB
                    ->  Seq Scan on title t  (cost=0.00..73925.90 rows=550385 width=4) (actual time=172.226..4358.516 rows=602403 loops=1)
                          Filter: ((production_year > 2006) AND (kind_id = 7))
                          Rows Removed by Filter: 1925909
Planning time: 1.237 ms
Execution time: 16628.795 ms
