Seq Scan on cast_info ci  (cost=0.00..705507.15 rows=11411784 width=0) (actual time=0.025..36501.228 rows=11401433 loops=1)
  Filter: (person_id > 2558725)
  Rows Removed by Filter: 24842911
Planning time: 0.346 ms
Execution time: 38449.852 ms
