Hash Join  (cost=156487.41..893281.81 rows=401588 width=0) (actual time=7672.396..42946.446 rows=836023 loops=1)
  Hash Cond: (ci.movie_id = t.id)
  ->  Seq Scan on cast_info ci  (cost=0.00..705507.15 rows=2202765 width=4) (actual time=0.023..33101.010 rows=2138882 loops=1)
        Filter: (person_id < 210093)
        Rows Removed by Filter: 34105462
  ->  Hash  (cost=148924.19..148924.19 rows=460978 width=8) (actual time=7671.405..7671.405 rows=459925 loops=1)
        Buckets: 131072  Batches: 8  Memory Usage: 3275kB
        ->  Hash Join  (cost=102767.86..148924.19 rows=460978 width=8) (actual time=5109.112..7525.502 rows=459925 loops=1)
              Hash Cond: (mi_idx.movie_id = t.id)
              ->  Seq Scan on movie_info_idx mi_idx  (cost=0.00..25185.44 rows=460978 width=4) (actual time=0.013..1561.997 rows=459925 loops=1)
                    Filter: (info_type_id < 100)
                    Rows Removed by Filter: 920110
              ->  Hash  (cost=61283.27..61283.27 rows=2528527 width=4) (actual time=5108.268..5108.268 rows=2528312 loops=1)
                    Buckets: 131072  Batches: 64  Memory Usage: 2415kB
                    ->  Seq Scan on title t  (cost=0.00..61283.27 rows=2528527 width=4) (actual time=0.023..3941.416 rows=2528312 loops=1)
Planning time: 1.134 ms
Execution time: 43058.721 ms
