Seq Scan on movie_companies mc  (cost=0.00..51404.11 rows=104 width=0) (actual time=83.453..2656.934 rows=1039 loops=1)
  Filter: (company_id = 23893)
  Rows Removed by Filter: 2608090
Planning time: 0.384 ms
Execution time: 2657.165 ms
