Seq Scan on movie_companies mc  (cost=0.00..51404.11 rows=2179948 width=0) (actual time=0.015..3026.975 rows=2175342 loops=1)
  Filter: (company_id < 78816)
  Rows Removed by Filter: 433787
Planning time: 0.328 ms
Execution time: 3414.958 ms
