Hash Join  (cost=69090.10..121256.27 rows=1221 width=0) (actual time=2826.344..4703.076 rows=1835 loops=1)
  Hash Cond: (mc.movie_id = t.id)
  ->  Seq Scan on movie_companies mc  (cost=0.00..51404.11 rows=34093 width=4) (actual time=0.026..1841.381 rows=36136 loops=1)
        Filter: (company_id = 160)
        Rows Removed by Filter: 2572993
  ->  Hash  (cost=67604.59..67604.59 rows=90521 width=4) (actual time=2825.647..2825.647 rows=90852 loops=1)
        Buckets: 131072  Batches: 2  Memory Usage: 2626kB
        ->  Seq Scan on title t  (cost=0.00..67604.59 rows=90521 width=4) (actual time=251.375..2622.799 rows=90852 loops=1)
              Filter: (kind_id = 2)
              Rows Removed by Filter: 2437460
Planning time: 0.807 ms
Execution time: 4703.499 ms
