Nested Loop  (cost=0.43..83072.29 rows=201 width=0) (actual time=66.465..1468.676 rows=164 loops=1)
  ->  Seq Scan on movie_keyword mk  (cost=0.00..81003.12 rows=246 width=4) (actual time=66.417..1449.388 rows=165 loops=1)
        Filter: (keyword_id = 27439)
        Rows Removed by Filter: 4523765
  ->  Index Scan using title_pkey on title t  (cost=0.43..8.40 rows=1 width=4) (actual time=0.113..0.113 rows=1 loops=165)
        Index Cond: (id = mk.movie_id)
        Filter: (production_year < 2011)
        Rows Removed by Filter: 0
Planning time: 0.489 ms
Execution time: 1468.850 ms
