Hash Join  (cost=164409.72..530054.50 rows=98888 width=0) (actual time=9915.698..30525.046 rows=42083 loops=1)
  Hash Cond: (mi.movie_id = t.id)
  ->  Seq Scan on movie_info mi  (cost=0.00..309384.22 rows=14739122 width=4) (actual time=0.011..17428.361 rows=14835720 loops=1)
  ->  Hash  (cost=164197.67..164197.67 rows=16964 width=8) (actual time=8995.231..8995.231 rows=4224 loops=1)
        Buckets: 32768  Batches: 1  Memory Usage: 421kB
        ->  Hash Join  (cost=74152.53..164197.67 rows=16964 width=8) (actual time=4976.675..8993.248 rows=4224 loops=1)
              Hash Cond: (mk.movie_id = t.id)
              ->  Seq Scan on movie_keyword mk  (cost=0.00..81003.12 rows=2365968 width=4) (actual time=0.014..4778.960 rows=2367391 loops=1)
                    Filter: (keyword_id < 5363)
                    Rows Removed by Filter: 2156539
              ->  Hash  (cost=73925.90..73925.90 rows=18130 width=4) (actual time=3594.290..3594.290 rows=18886 loops=1)
                    Buckets: 32768  Batches: 1  Memory Usage: 920kB
                    ->  Seq Scan on title t  (cost=0.00..73925.90 rows=18130 width=4) (actual time=0.213..3584.746 rows=18886 loops=1)
                          Filter: ((kind_id > 6) AND (production_year = 1994))
                          Rows Removed by Filter: 2509426
Planning time: 3.748 ms
Execution time: 30532.289 ms
