Seq Scan on cast_info ci  (cost=0.00..796071.18 rows=3481779 width=0) (actual time=26196.057..35907.742 rows=2807 loops=1)
  Filter: ((person_id < 1695520) AND (role_id = 2))
  Rows Removed by Filter: 36241537
Planning time: 2.736 ms
Execution time: 35908.458 ms
