Hash Join  (cost=102767.86..1478710.71 rows=27451674 width=0) (actual time=5406.506..86509.411 rows=27464987 loops=1)
  Hash Cond: (ci.movie_id = t.id)
  ->  Seq Scan on cast_info ci  (cost=0.00..705507.15 rows=27451674 width=4) (actual time=0.015..50658.380 rows=27464987 loops=1)
        Filter: (person_id < 2813365)
        Rows Removed by Filter: 8779357
  ->  Hash  (cost=61283.27..61283.27 rows=2528527 width=4) (actual time=5404.883..5404.883 rows=2528312 loops=1)
        Buckets: 131072  Batches: 64  Memory Usage: 2415kB
        ->  Seq Scan on title t  (cost=0.00..61283.27 rows=2528527 width=4) (actual time=0.012..4258.985 rows=2528312 loops=1)
Planning time: 0.667 ms
Execution time: 90390.908 ms
