Seq Scan on cast_info ci  (cost=0.00..705507.15 rows=17013660 width=0) (actual time=0.018..34634.462 rows=16887027 loops=1)
  Filter: (person_id < 1669423)
  Rows Removed by Filter: 19357317
Planning time: 0.299 ms
Execution time: 37199.386 ms
