Hash Join  (cost=83074.74..447745.01 rows=1434 width=0) (actual time=4303.499..24658.382 rows=18908 loops=1)
  Hash Cond: (mi.movie_id = t.id)
  ->  Seq Scan on movie_info mi  (cost=0.00..309384.22 rows=14739122 width=4) (actual time=0.017..16383.685 rows=14835720 loops=1)
  ->  Hash  (cost=83071.67..83071.67 rows=246 width=8) (actual time=4298.246..4298.246 rows=353 loops=1)
        Buckets: 1024  Batches: 1  Memory Usage: 22kB
        ->  Nested Loop  (cost=0.43..83071.67 rows=246 width=8) (actual time=3.231..4297.824 rows=353 loops=1)
              ->  Seq Scan on movie_keyword mk  (cost=0.00..81003.12 rows=246 width=4) (actual time=3.152..4232.022 rows=353 loops=1)
                    Filter: (keyword_id = 2396)
                    Rows Removed by Filter: 4523577
              ->  Index Only Scan using title_pkey on title t  (cost=0.43..8.40 rows=1 width=4) (actual time=0.182..0.183 rows=1 loops=353)
                    Index Cond: (id = mk.movie_id)
                    Heap Fetches: 353
Planning time: 9.029 ms
Execution time: 24662.256 ms
