Hash Join  (cost=172022.87..567735.80 rows=198629 width=0) (actual time=7581.175..34309.587 rows=737041 loops=1)
  Hash Cond: (mi.movie_id = t.id)
  ->  Seq Scan on movie_info mi  (cost=0.00..346232.03 rows=12665229 width=4) (actual time=0.021..22320.100 rows=12744652 loops=1)
        Filter: (info_type_id > 2)
        Rows Removed by Filter: 2091068
  ->  Hash  (cost=171527.19..171527.19 rows=39655 width=8) (actual time=7580.457..7580.457 rows=66520 loops=1)
        Buckets: 131072 (originally 65536)  Batches: 1 (originally 1)  Memory Usage: 3623kB
        ->  Hash Join  (cost=102767.86..171527.19 rows=39655 width=8) (actual time=4736.236..7537.415 rows=66520 loops=1)
              Hash Cond: (mc.movie_id = t.id)
              ->  Seq Scan on movie_companies mc  (cost=0.00..57926.93 rows=39655 width=4) (actual time=0.023..2211.221 rows=66520 loops=1)
                    Filter: ((company_id < 19) AND (company_type_id < 2))
                    Rows Removed by Filter: 2542609
              ->  Hash  (cost=61283.27..61283.27 rows=2528527 width=4) (actual time=4735.144..4735.144 rows=2528312 loops=1)
                    Buckets: 131072  Batches: 64  Memory Usage: 2415kB
                    ->  Seq Scan on title t  (cost=0.00..61283.27 rows=2528527 width=4) (actual time=1.787..3599.125 rows=2528312 loops=1)
Planning time: 7.036 ms
Execution time: 34482.594 ms
