Hash Join  (cost=73950.44..134464.01 rows=534 width=0) (actual time=4827.617..6319.167 rows=3994 loops=1)
  Hash Cond: (mc.movie_id = t.id)
  ->  Seq Scan on movie_companies mc  (cost=0.00..57926.93 rows=688344 width=4) (actual time=1171.858..3023.312 rows=927775 loops=1)
        Filter: ((company_id > 11149) AND (company_type_id > 1))
        Rows Removed by Filter: 1681354
  ->  Hash  (cost=73925.90..73925.90 rows=1963 width=4) (actual time=3074.609..3074.609 rows=4606 loops=1)
        Buckets: 8192 (originally 2048)  Batches: 1 (originally 1)  Memory Usage: 226kB
        ->  Seq Scan on title t  (cost=0.00..73925.90 rows=1963 width=4) (actual time=0.083..3071.988 rows=4606 loops=1)
              Filter: ((kind_id < 2) AND (production_year = 1970))
              Rows Removed by Filter: 2523706
Planning time: 0.766 ms
Execution time: 6320.033 ms
