Nested Loop  (cost=0.43..797555.70 rows=176 width=0) (actual time=9746.579..31840.294 rows=52 loops=1)
  ->  Seq Scan on cast_info ci  (cost=0.00..796071.18 rows=176 width=4) (actual time=9746.397..31832.221 rows=52 loops=1)
        Filter: ((person_id = 837992) AND (role_id = 1))
        Rows Removed by Filter: 36244292
  ->  Index Only Scan using title_pkey on title t  (cost=0.43..8.42 rows=1 width=4) (actual time=0.153..0.153 rows=1 loops=52)
        Index Cond: (id = ci.movie_id)
        Heap Fetches: 52
Planning time: 0.673 ms
Execution time: 31840.369 ms
