Seq Scan on cast_info ci  (cost=0.00..796071.18 rows=4232758 width=0) (actual time=14408.560..33365.160 rows=7449297 loops=1)
  Filter: ((person_id > 1488981) AND (role_id = 2))
  Rows Removed by Filter: 28795047
Planning time: 0.377 ms
Execution time: 34493.809 ms
