Hash Join  (cost=208834.11..359144.24 rows=2323509 width=0) (actual time=4755.111..8240.770 rows=1321923 loops=1)
  Hash Cond: (mk.movie_id = t.id)
  ->  Seq Scan on movie_keyword mk  (cost=0.00..69693.30 rows=4523930 width=4) (actual time=0.018..1391.829 rows=4523930 loops=1)
  ->  Hash  (cost=187527.84..187527.84 rows=1298662 width=8) (actual time=4495.889..4495.889 rows=598347 loops=1)
        Buckets: 131072  Batches: 32  Memory Usage: 1736kB
        ->  Hash Join  (cost=94574.69..187527.84 rows=1298662 width=8) (actual time=2087.574..4315.883 rows=598347 loops=1)
              Hash Cond: (mc.movie_id = t.id)
              ->  Seq Scan on movie_companies mc  (cost=0.00..44881.29 rows=2609129 width=4) (actual time=0.022..892.699 rows=2609129 loops=1)
              ->  Hash  (cost=73925.90..73925.90 rows=1258543 width=4) (actual time=1759.375..1759.375 rows=1221534 loops=1)
                    Buckets: 131072  Batches: 32  Memory Usage: 2363kB
                    ->  Seq Scan on title t  (cost=0.00..73925.90 rows=1258543 width=4) (actual time=0.016..1367.353 rows=1221534 loops=1)
                          Filter: ((production_year < 2011) AND (kind_id = 7))
                          Rows Removed by Filter: 1306778
Planning time: 2.317 ms
Execution time: 8399.146 ms
