Nested Loop  (cost=0.43..83072.90 rows=23 width=0) (actual time=2.820..1313.167 rows=18 loops=1)
  ->  Seq Scan on movie_keyword mk  (cost=0.00..81003.12 rows=246 width=4) (actual time=2.786..1248.623 rows=2168 loops=1)
        Filter: (keyword_id = 667)
        Rows Removed by Filter: 4521762
  ->  Index Scan using title_pkey on title t  (cost=0.43..8.40 rows=1 width=4) (actual time=0.029..0.029 rows=0 loops=2168)
        Index Cond: (id = mk.movie_id)
        Filter: ((production_year > 2010) AND (kind_id = 7))
        Rows Removed by Filter: 1
Planning time: 0.504 ms
Execution time: 1313.263 ms
