Hash Join  (cost=93117.31..164820.96 rows=249733 width=0) (actual time=4272.386..6603.243 rows=424133 loops=1)
  Hash Cond: (mc.movie_id = t.id)
  ->  Seq Scan on movie_companies mc  (cost=0.00..57926.93 rows=406077 width=4) (actual time=0.026..1635.346 rows=582134 loops=1)
        Filter: ((company_id < 1961) AND (company_type_id = 1))
        Rows Removed by Filter: 2026995
  ->  Hash  (cost=67604.59..67604.59 rows=1555018 width=4) (actual time=4271.389..4271.389 rows=1551727 loops=1)
        Buckets: 131072  Batches: 32  Memory Usage: 2728kB
        ->  Seq Scan on title t  (cost=0.00..67604.59 rows=1555018 width=4) (actual time=0.021..3559.409 rows=1551727 loops=1)
              Filter: (production_year < 2007)
              Rows Removed by Filter: 976585
Planning time: 0.734 ms
Execution time: 6654.644 ms
