Hash Join  (cost=52284.39..416942.36 rows=204 width=0) (actual time=949.186..7702.632 rows=24254 loops=1)
  Hash Cond: (mi.movie_id = t.id)
  ->  Seq Scan on movie_info mi  (cost=0.00..309384.22 rows=14739122 width=4) (actual time=0.006..3980.725 rows=14835720 loops=1)
  ->  Hash  (cost=52283.95..52283.95 rows=35 width=8) (actual time=861.893..861.893 rows=1939 loops=1)
        Buckets: 2048 (originally 1024)  Batches: 1 (originally 1)  Memory Usage: 92kB
        ->  Nested Loop  (cost=0.43..52283.95 rows=35 width=8) (actual time=0.775..860.807 rows=1939 loops=1)
              ->  Seq Scan on movie_companies mc  (cost=0.00..51404.11 rows=104 width=4) (actual time=0.723..785.706 rows=1939 loops=1)
                    Filter: (company_id = 11151)
                    Rows Removed by Filter: 2607190
              ->  Index Scan using title_pkey on title t  (cost=0.43..8.45 rows=1 width=4) (actual time=0.037..0.038 rows=1 loops=1939)
                    Index Cond: (id = mc.movie_id)
                    Filter: (kind_id < 4)
Planning time: 1.163 ms
Execution time: 7706.856 ms
