Seq Scan on movie_companies mc  (cost=0.00..51404.11 rows=699232 width=0) (actual time=0.033..887.506 rows=689297 loops=1)
  Filter: (company_id < 1257)
  Rows Removed by Filter: 1919832
Planning time: 0.322 ms
Execution time: 978.238 ms
