Seq Scan on cast_info ci  (cost=0.00..796071.18 rows=8564031 width=0) (actual time=2464.712..14538.396 rows=4183644 loops=1)
  Filter: ((person_id > 1155567) AND (role_id = 1))
  Rows Removed by Filter: 32060700
Planning time: 0.387 ms
Execution time: 15052.594 ms
