Hash Join  (cost=91673.71..128451.71 rows=198906 width=0) (actual time=1736.207..2655.153 rows=104995 loops=1)
  Hash Cond: (mi_idx.movie_id = t.id)
  ->  Seq Scan on movie_info_idx mi_idx  (cost=0.00..25185.44 rows=464934 width=4) (actual time=0.018..464.917 rows=460185 loops=1)
        Filter: (info_type_id > 100)
        Rows Removed by Filter: 919850
  ->  Hash  (cost=73925.90..73925.90 rows=1081744 width=4) (actual time=1735.327..1735.327 rows=1176905 loops=1)
        Buckets: 131072  Batches: 16  Memory Usage: 3619kB
        ->  Seq Scan on title t  (cost=0.00..73925.90 rows=1081744 width=4) (actual time=0.013..1373.225 rows=1176905 loops=1)
              Filter: ((production_year > 1989) AND (kind_id = 7))
              Rows Removed by Filter: 1351407
Planning time: 0.826 ms
Execution time: 2668.362 ms
