Seq Scan on cast_info ci  (cost=0.00..705507.15 rows=7459448 width=0) (actual time=227.384..11725.799 rows=7389163 loops=1)
  Filter: (person_id < 715033)
  Rows Removed by Filter: 28855181
Planning time: 0.301 ms
Execution time: 12635.576 ms
