Hash Join  (cost=811206.54..3350964.66 rows=108322831 width=0) (actual time=17489.696..71023.894 rows=76840172 loops=1)
  Hash Cond: (ci.movie_id = t.id)
  ->  Seq Scan on cast_info ci  (cost=0.00..705507.15 rows=35489173 width=4) (actual time=0.023..17322.897 rows=35477251 loops=1)
        Filter: (person_id < 3914693)
        Rows Removed by Filter: 767093
  ->  Hash  (cost=684586.44..684586.44 rows=7717768 width=8) (actual time=17487.147..17487.147 rows=3442295 loops=1)
        Buckets: 131072  Batches: 128  Memory Usage: 2043kB
        ->  Hash Join  (cost=92883.59..684586.44 rows=7717768 width=8) (actual time=1711.254..16444.307 rows=3442295 loops=1)
              Hash Cond: (mi.movie_id = t.id)
              ->  Seq Scan on movie_info mi  (cost=0.00..346232.03 rows=12665229 width=4) (actual time=0.027..7135.704 rows=12744652 loops=1)
                    Filter: (info_type_id > 2)
                    Rows Removed by Filter: 2091068
              ->  Hash  (cost=67604.59..67604.59 rows=1540800 width=4) (actual time=1710.049..1710.049 rows=1543264 loops=1)
                    Buckets: 131072  Batches: 32  Memory Usage: 2728kB
                    ->  Seq Scan on title t  (cost=0.00..67604.59 rows=1540800 width=4) (actual time=209.739..1198.985 rows=1543264 loops=1)
                          Filter: (kind_id = 7)
                          Rows Removed by Filter: 985048
Planning time: 1.234 ms
Execution time: 78794.294 ms
