Seq Scan on movie_companies mc  (cost=0.00..51404.11 rows=2582176 width=0) (actual time=0.016..1118.647 rows=2583549 loops=1)
  Filter: (company_id < 211499)
  Rows Removed by Filter: 25580
Planning time: 0.344 ms
Execution time: 1439.517 ms
