Seq Scan on movie_keyword mk  (cost=0.00..81003.12 rows=246 width=0) (actual time=2.598..1189.694 rows=531 loops=1)
  Filter: (keyword_id = 12897)
  Rows Removed by Filter: 4523399
Planning time: 0.398 ms
Execution time: 1189.984 ms
