Hash Join  (cost=168162.63..1278406.73 rows=7441193 width=0) (actual time=3944.762..41589.622 rows=21667959 loops=1)
  Hash Cond: (ci.movie_id = t.id)
  ->  Seq Scan on cast_info ci  (cost=0.00..614943.12 rows=36225612 width=4) (actual time=0.020..12953.425 rows=36244344 loops=1)
  ->  Hash  (cost=159641.24..159641.24 rows=519391 width=8) (actual time=3943.789..3943.789 rows=934414 loops=1)
        Buckets: 131072 (originally 131072)  Batches: 16 (originally 8)  Memory Usage: 3312kB
        ->  Hash Join  (cost=83810.17..159641.24 rows=519391 width=8) (actual time=1603.237..3648.773 rows=934414 loops=1)
              Hash Cond: (mc.movie_id = t.id)
              ->  Seq Scan on movie_companies mc  (cost=0.00..51404.11 rows=1329612 width=4) (actual time=96.023..1019.740 rows=1334883 loops=1)
                    Filter: (company_type_id > 1)
                    Rows Removed by Filter: 1274246
              ->  Hash  (cost=67604.59..67604.59 rows=987727 width=4) (actual time=1506.469..1506.469 rows=985048 loops=1)
                    Buckets: 131072  Batches: 16  Memory Usage: 3188kB
                    ->  Seq Scan on title t  (cost=0.00..67604.59 rows=987727 width=4) (actual time=0.018..1188.719 rows=985048 loops=1)
                          Filter: (kind_id < 7)
                          Rows Removed by Filter: 1543264
Planning time: 1.170 ms
Execution time: 44021.809 ms
