Seq Scan on movie_keyword mk  (cost=0.00..81003.12 rows=362267 width=0) (actual time=0.022..1083.005 rows=359224 loops=1)
  Filter: (keyword_id > 46469)
  Rows Removed by Filter: 4164706
Planning time: 0.326 ms
Execution time: 1123.424 ms
