Seq Scan on cast_info ci  (cost=0.00..796071.18 rows=435 width=0) (actual time=639.381..14277.121 rows=3 loops=1)
  Filter: ((role_id < 10) AND (person_id = 2993585))
  Rows Removed by Filter: 36244341
Planning time: 0.292 ms
Execution time: 14277.218 ms
