Hash Join  (cost=90505.60..126812.03 rows=184232 width=0) (actual time=1705.232..2657.203 rows=110201 loops=1)
  Hash Cond: (mi_idx.movie_id = t.id)
  ->  Seq Scan on movie_info_idx mi_idx  (cost=0.00..25185.44 rows=460978 width=4) (actual time=0.021..501.265 rows=459925 loops=1)
        Filter: (info_type_id < 100)
        Rows Removed by Filter: 920110
  ->  Hash  (cost=73925.90..73925.90 rows=1010536 width=4) (actual time=1704.302..1704.302 rows=1127740 loops=1)
        Buckets: 131072  Batches: 16  Memory Usage: 3514kB
        ->  Seq Scan on title t  (cost=0.00..73925.90 rows=1010536 width=4) (actual time=0.020..1348.882 rows=1127740 loops=1)
              Filter: ((kind_id > 3) AND (production_year > 1997))
              Rows Removed by Filter: 1400572
Planning time: 0.972 ms
Execution time: 2670.757 ms
