Seq Scan on movie_keyword mk  (cost=0.00..81003.12 rows=2887147 width=0) (actual time=0.020..1568.582 rows=2876843 loops=1)
  Filter: (keyword_id > 2503)
  Rows Removed by Filter: 1647087
Planning time: 0.230 ms
Execution time: 1919.463 ms
