Hash Join  (cost=160713.27..529061.26 rows=6299 width=0) (actual time=5075.725..9799.113 rows=9986 loops=1)
  Hash Cond: (mi.movie_id = t.id)
  ->  Seq Scan on movie_info mi  (cost=0.00..346232.03 rows=5880796 width=4) (actual time=0.015..6053.171 rows=5869026 loops=1)
        Filter: (info_type_id > 13)
        Rows Removed by Filter: 8966694
  ->  Hash  (cost=160679.42..160679.42 rows=2708 width=8) (actual time=2894.555..2894.555 rows=1365 loops=1)
        Buckets: 4096  Batches: 1  Memory Usage: 86kB
        ->  Hash Join  (cost=73982.55..160679.42 rows=2708 width=8) (actual time=2377.793..2893.970 rows=1365 loops=1)
              Hash Cond: (mk.movie_id = t.id)
              ->  Seq Scan on movie_keyword mk  (cost=0.00..81003.12 rows=1511109 width=4) (actual time=0.026..1346.680 rows=1530261 loops=1)
                    Filter: (keyword_id > 10468)
                    Rows Removed by Filter: 2993669
              ->  Hash  (cost=73925.90..73925.90 rows=4532 width=4) (actual time=1301.057..1301.057 rows=8488 loops=1)
                    Buckets: 16384 (originally 8192)  Batches: 1 (originally 1)  Memory Usage: 427kB
                    ->  Seq Scan on title t  (cost=0.00..73925.90 rows=4532 width=4) (actual time=0.063..1296.683 rows=8488 loops=1)
                          Filter: ((kind_id = 7) AND (production_year = 1969))
                          Rows Removed by Filter: 2519824
Planning time: 1.547 ms
Execution time: 9800.440 ms
