Hash Join  (cost=709675.39..796336.63 rows=320 width=0) (actual time=12028.372..12905.510 rows=15 loops=1)
  Hash Cond: (mk.movie_id = t.id)
  ->  Seq Scan on movie_keyword mk  (cost=0.00..69693.30 rows=4523930 width=4) (actual time=0.018..1000.279 rows=4523930 loops=1)
  ->  Hash  (cost=709673.15..709673.15 rows=179 width=8) (actual time=11153.321..11153.321 rows=6 loops=1)
        Buckets: 1024  Batches: 1  Memory Usage: 9kB
        ->  Nested Loop  (cost=0.43..709673.15 rows=179 width=8) (actual time=984.564..11153.308 rows=6 loops=1)
              ->  Seq Scan on cast_info ci  (cost=0.00..705507.15 rows=500 width=4) (actual time=984.444..11151.000 rows=83 loops=1)
                    Filter: (person_id = 855595)
                    Rows Removed by Filter: 36244261
              ->  Index Scan using title_pkey on title t  (cost=0.43..8.32 rows=1 width=4) (actual time=0.027..0.027 rows=0 loops=83)
                    Index Cond: (id = ci.movie_id)
                    Filter: (production_year > 2006)
                    Rows Removed by Filter: 1
Planning time: 1.159 ms
Execution time: 12905.641 ms
