Hash Join  (cost=83074.74..437538.72 rows=214 width=0) (actual time=1523.460..6976.457 rows=17051 loops=1)
  Hash Cond: (mi.movie_id = t.id)
  ->  Seq Scan on movie_info mi  (cost=0.00..346232.03 rows=2194617 width=4) (actual time=230.248..5375.057 rows=2233850 loops=1)
        Filter: (info_type_id > 16)
        Rows Removed by Filter: 12601870
  ->  Hash  (cost=83071.67..83071.67 rows=246 width=8) (actual time=1244.572..1244.572 rows=829 loops=1)
        Buckets: 1024  Batches: 1  Memory Usage: 41kB
        ->  Nested Loop  (cost=0.43..83071.67 rows=246 width=8) (actual time=1.859..1243.910 rows=829 loops=1)
              ->  Seq Scan on movie_keyword mk  (cost=0.00..81003.12 rows=246 width=4) (actual time=1.775..1220.428 rows=829 loops=1)
                    Filter: (keyword_id = 2107)
                    Rows Removed by Filter: 4523101
              ->  Index Only Scan using title_pkey on title t  (cost=0.43..8.40 rows=1 width=4) (actual time=0.026..0.027 rows=1 loops=829)
                    Index Cond: (id = mk.movie_id)
                    Heap Fetches: 829
Planning time: 1.258 ms
Execution time: 6979.199 ms
