Nested Loop  (cost=0.43..798787.41 rows=324 width=0) (actual time=1864.864..13454.695 rows=778 loops=1)
  ->  Seq Scan on cast_info ci  (cost=0.00..796071.18 rows=324 width=4) (actual time=1864.732..13431.847 rows=778 loops=1)
        Filter: ((role_id > 1) AND (person_id = 2036508))
        Rows Removed by Filter: 36243566
  ->  Index Only Scan using title_pkey on title t  (cost=0.43..8.37 rows=1 width=4) (actual time=0.028..0.029 rows=1 loops=778)
        Index Cond: (id = ci.movie_id)
        Heap Fetches: 778
Planning time: 2.121 ms
Execution time: 13454.951 ms
