Hash Join  (cost=137413.28..1109948.51 rows=2331110 width=0) (actual time=2732.885..28857.900 rows=2766517 loops=1)
  Hash Cond: (ci.movie_id = t.id)
  ->  Seq Scan on cast_info ci  (cost=0.00..705507.15 rows=20983188 width=4) (actual time=0.014..14419.890 rows=20857178 loops=1)
        Filter: (person_id < 2102061)
        Rows Removed by Filter: 15387166
  ->  Hash  (cost=132803.96..132803.96 rows=280905 width=8) (actual time=2731.987..2731.987 rows=141906 loops=1)
        Buckets: 131072  Batches: 4  Memory Usage: 2407kB
        ->  Hash Join  (cost=92883.59..132803.96 rows=280905 width=8) (actual time=1724.541..2692.312 rows=141906 loops=1)
              Hash Cond: (mi_idx.movie_id = t.id)
              ->  Seq Scan on movie_info_idx mi_idx  (cost=0.00..25185.44 rows=460978 width=4) (actual time=0.021..453.090 rows=459925 loops=1)
                    Filter: (info_type_id = 99)
                    Rows Removed by Filter: 920110
              ->  Hash  (cost=67604.59..67604.59 rows=1540800 width=4) (actual time=1723.266..1723.266 rows=1543264 loops=1)
                    Buckets: 131072  Batches: 32  Memory Usage: 2722kB
                    ->  Seq Scan on title t  (cost=0.00..67604.59 rows=1540800 width=4) (actual time=263.016..1242.278 rows=1543264 loops=1)
                          Filter: (kind_id = 7)
                          Rows Removed by Filter: 985048
Planning time: 1.255 ms
Execution time: 29171.820 ms
