Hash Join  (cost=92883.59..229412.01 rows=1595601 width=0) (actual time=2620.659..4984.349 rows=352323 loops=1)
  Hash Cond: (mk.movie_id = t.id)
  ->  Seq Scan on movie_keyword mk  (cost=0.00..81003.12 rows=2618458 width=4) (actual time=0.017..1674.566 rows=2606820 loops=1)
        Filter: (keyword_id < 7076)
        Rows Removed by Filter: 1917110
  ->  Hash  (cost=67604.59..67604.59 rows=1540800 width=4) (actual time=1789.913..1789.913 rows=1543264 loops=1)
        Buckets: 131072  Batches: 32  Memory Usage: 2728kB
        ->  Seq Scan on title t  (cost=0.00..67604.59 rows=1540800 width=4) (actual time=121.292..1285.302 rows=1543264 loops=1)
              Filter: (kind_id = 7)
              Rows Removed by Filter: 985048
Planning time: 0.480 ms
Execution time: 5024.782 ms
