Hash Join  (cost=431716.80..519124.06 rows=74923 width=0) (actual time=6960.547..9809.584 rows=3987320 loops=1)
  Hash Cond: (mk.movie_id = t.id)
  ->  Seq Scan on movie_keyword mk  (cost=0.00..69693.30 rows=4523930 width=4) (actual time=0.013..1101.872 rows=4523930 loops=1)
  ->  Hash  (cost=431193.35..431193.35 rows=41876 width=8) (actual time=6959.443..6959.443 rows=64039 loops=1)
        Buckets: 65536  Batches: 1  Memory Usage: 3014kB
        ->  Hash Join  (cost=76746.21..431193.35 rows=41876 width=8) (actual time=6032.517..6943.421 rows=64039 loops=1)
              Hash Cond: (mi.movie_id = t.id)
              ->  Seq Scan on movie_info mi  (cost=0.00..346232.03 rows=616095 width=4) (actual time=4663.164..5393.090 rows=598457 loops=1)
                    Filter: (info_type_id = 15)
                    Rows Removed by Filter: 14237263
              ->  Hash  (cost=73925.90..73925.90 rows=171864 width=4) (actual time=1283.530..1283.530 rows=275829 loops=1)
                    Buckets: 131072  Batches: 4  Memory Usage: 3459kB
                    ->  Seq Scan on title t  (cost=0.00..73925.90 rows=171864 width=4) (actual time=0.046..1184.018 rows=275829 loops=1)
                          Filter: ((kind_id < 7) AND (production_year < 1975))
                          Rows Removed by Filter: 2252483
Planning time: 1.171 ms
Execution time: 10285.922 ms
