Hash Join  (cost=77718.01..543085.32 rows=866212 width=0) (actual time=1196.580..12878.288 rows=2912048 loops=1)
  Hash Cond: (mi.movie_id = t.id)
  ->  Seq Scan on movie_info mi  (cost=0.00..346232.03 rows=9476311 width=4) (actual time=0.020..6736.298 rows=9565151 loops=1)
        Filter: (info_type_id < 16)
        Rows Removed by Filter: 5270569
  ->  Hash  (cost=73925.90..73925.90 rows=231128 width=4) (actual time=1195.773..1195.773 rows=341868 loops=1)
        Buckets: 131072  Batches: 4  Memory Usage: 4038kB
        ->  Seq Scan on title t  (cost=0.00..73925.90 rows=231128 width=4) (actual time=0.013..1082.915 rows=341868 loops=1)
              Filter: ((kind_id < 7) AND (production_year < 1985))
              Rows Removed by Filter: 2186444
Planning time: 0.784 ms
Execution time: 13183.335 ms
