Hash Join  (cost=91219.03..636582.61 rows=6143965 width=0) (actual time=1697.636..16247.981 rows=2604927 loops=1)
  Hash Cond: (mi.movie_id = t.id)
  ->  Seq Scan on movie_info mi  (cost=0.00..309384.22 rows=14739122 width=4) (actual time=0.011..6443.978 rows=14835720 loops=1)
  ->  Hash  (cost=73925.90..73925.90 rows=1054010 width=4) (actual time=1696.719..1696.719 rows=1148948 loops=1)
        Buckets: 131072  Batches: 16  Memory Usage: 3562kB
        ->  Seq Scan on title t  (cost=0.00..73925.90 rows=1054010 width=4) (actual time=0.014..1352.062 rows=1148948 loops=1)
              Filter: ((production_year > 1991) AND (kind_id = 7))
              Rows Removed by Filter: 1379364
Planning time: 0.751 ms
Execution time: 16557.006 ms
