Hash Join  (cost=470619.21..597217.90 rows=377265 width=0) (actual time=9800.620..14751.557 rows=4609522 loops=1)
  Hash Cond: (mk.movie_id = t.id)
  ->  Seq Scan on movie_keyword mk  (cost=0.00..69693.30 rows=4523930 width=4) (actual time=0.010..1476.266 rows=4523930 loops=1)
  ->  Hash  (cost=467159.44..467159.44 rows=210862 width=8) (actual time=9799.013..9799.013 rows=774379 loops=1)
        Buckets: 131072 (originally 131072)  Batches: 16 (originally 4)  Memory Usage: 3073kB
        ->  Hash Join  (cost=76339.96..467159.44 rows=210862 width=8) (actual time=1159.226..9540.518 rows=774379 loops=1)
              Hash Cond: (mi.movie_id = t.id)
              ->  Seq Scan on movie_info mi  (cost=0.00..346232.03 rows=3623957 width=4) (actual time=0.026..6189.612 rows=3624977 loops=1)
                    Filter: (info_type_id < 4)
                    Rows Removed by Filter: 11210743
              ->  Hash  (cost=73925.90..73925.90 rows=147124 width=4) (actual time=1158.412..1158.412 rows=269798 loops=1)
                    Buckets: 131072 (originally 131072)  Batches: 4 (originally 2)  Memory Usage: 3406kB
                    ->  Seq Scan on title t  (cost=0.00..73925.90 rows=147124 width=4) (actual time=0.150..1058.573 rows=269798 loops=1)
                          Filter: ((kind_id < 4) AND (production_year < 1974))
                          Rows Removed by Filter: 2258514
Planning time: 1.167 ms
Execution time: 15268.066 ms
