Hash Join  (cost=212469.99..766692.77 rows=6974285 width=0) (actual time=5272.732..25985.638 rows=24819705 loops=1)
  Hash Cond: (mi.movie_id = t.id)
  ->  Seq Scan on movie_info mi  (cost=0.00..309384.22 rows=14739122 width=4) (actual time=0.015..6108.236 rows=14835720 loops=1)
  ->  Hash  (cost=192840.33..192840.33 rows=1196453 width=8) (actual time=5272.007..5272.007 rows=1206590 loops=1)
        Buckets: 131072  Batches: 16  Memory Usage: 4006kB
        ->  Hash Join  (cost=102767.86..192840.33 rows=1196453 width=8) (actual time=1944.134..4929.228 rows=1206590 loops=1)
              Hash Cond: (mc.movie_id = t.id)
              ->  Seq Scan on movie_companies mc  (cost=0.00..51404.11 rows=1196453 width=4) (actual time=0.078..1043.649 rows=1206590 loops=1)
                    Filter: (company_id > 12236)
                    Rows Removed by Filter: 1402539
              ->  Hash  (cost=61283.27..61283.27 rows=2528527 width=4) (actual time=1942.188..1942.188 rows=2528312 loops=1)
                    Buckets: 131072  Batches: 64  Memory Usage: 2415kB
                    ->  Seq Scan on title t  (cost=0.00..61283.27 rows=2528527 width=4) (actual time=0.015..1108.183 rows=2528312 loops=1)
Planning time: 1.216 ms
Execution time: 28682.676 ms
