Seq Scan on movie_companies mc  (cost=0.00..51404.11 rows=1153029 width=0) (actual time=0.022..888.945 rows=1160886 loops=1)
  Filter: (company_id > 12959)
  Rows Removed by Filter: 1448243
Planning time: 0.263 ms
Execution time: 1035.423 ms
