Seq Scan on cast_info ci  (cost=0.00..796071.18 rows=7062596 width=0) (actual time=0.023..15676.776 rows=7346695 loops=1)
  Filter: ((person_id > 335758) AND (role_id > 6))
  Rows Removed by Filter: 28897649
Planning time: 0.337 ms
Execution time: 16574.530 ms
