Hash Join  (cost=58358.90..85287.93 rows=9 width=0) (actual time=876.490..1427.037 rows=162 loops=1)
  Hash Cond: (mi_idx.movie_id = t.id)
  ->  Seq Scan on movie_info_idx mi_idx  (cost=0.00..25185.44 rows=464934 width=4) (actual time=0.019..475.426 rows=460185 loops=1)
        Filter: (info_type_id > 100)
        Rows Removed by Filter: 919850
  ->  Hash  (cost=58358.27..58358.27 rows=51 width=8) (actual time=875.638..875.638 rows=822 loops=1)
        Buckets: 1024  Batches: 1  Memory Usage: 41kB
        ->  Nested Loop  (cost=0.43..58358.27 rows=51 width=8) (actual time=1.298..875.134 rows=822 loops=1)
              ->  Seq Scan on movie_companies mc  (cost=0.00..57926.93 rows=51 width=4) (actual time=1.248..851.606 rows=822 loops=1)
                    Filter: ((company_id = 64) AND (company_type_id = 1))
                    Rows Removed by Filter: 2608307
              ->  Index Only Scan using title_pkey on title t  (cost=0.43..8.45 rows=1 width=4) (actual time=0.027..0.028 rows=1 loops=822)
                    Index Cond: (id = mc.movie_id)
                    Heap Fetches: 822
Planning time: 1.074 ms
Execution time: 1427.199 ms
