Seq Scan on movie_keyword mk  (cost=0.00..81003.12 rows=4342505 width=0) (actual time=0.017..1229.007 rows=4342558 loops=1)
  Filter: (keyword_id < 71606)
  Rows Removed by Filter: 181372
Planning time: 0.345 ms
Execution time: 1656.850 ms
