Seq Scan on movie_companies mc  (cost=0.00..57926.93 rows=93409 width=0) (actual time=0.019..757.035 rows=184195 loops=1)
  Filter: ((company_id > 118785) AND (company_type_id = 2))
  Rows Removed by Filter: 2424934
Planning time: 0.418 ms
Execution time: 780.093 ms
