Hash Join  (cost=87162.74..160866.48 rows=414091 width=0) (actual time=1606.513..3641.642 rows=970934 loops=1)
  Hash Cond: (mc.movie_id = t.id)
  ->  Seq Scan on movie_companies mc  (cost=0.00..51404.11 rows=1297791 width=4) (actual time=0.017..926.873 rows=1306737 loops=1)
        Filter: (company_id > 11302)
        Rows Removed by Filter: 1302392
  ->  Hash  (cost=73925.90..73925.90 rows=806787 width=4) (actual time=1605.613..1605.613 rows=843018 loops=1)
        Buckets: 131072  Batches: 16  Memory Usage: 2879kB
        ->  Seq Scan on title t  (cost=0.00..73925.90 rows=806787 width=4) (actual time=0.014..1328.359 rows=843018 loops=1)
              Filter: ((kind_id < 7) AND (production_year < 2011))
              Rows Removed by Filter: 1685294
Planning time: 0.799 ms
Execution time: 3755.528 ms
