Hash Join  (cost=74642.22..458558.06 rows=214765 width=0) (actual time=1144.995..9442.888 rows=271892 loops=1)
  Hash Cond: (mi.movie_id = t.id)
  ->  Seq Scan on movie_info mi  (cost=0.00..346232.03 rows=9476311 width=4) (actual time=0.020..5917.493 rows=9565151 loops=1)
        Filter: (info_type_id < 16)
        Rows Removed by Filter: 5270569
  ->  Hash  (cost=73925.90..73925.90 rows=57305 width=4) (actual time=1144.517..1144.517 rows=45651 loops=1)
        Buckets: 65536  Batches: 1  Memory Usage: 2117kB
        ->  Seq Scan on title t  (cost=0.00..73925.90 rows=57305 width=4) (actual time=626.725..1126.646 rows=45651 loops=1)
              Filter: ((production_year < 2004) AND (kind_id = 4))
              Rows Removed by Filter: 2482661
Planning time: 0.746 ms
Execution time: 9482.490 ms
