Seq Scan on movie_companies mc  (cost=0.00..51404.11 rows=104 width=0) (actual time=3.771..809.402 rows=1699 loops=1)
  Filter: (company_id = 11145)
  Rows Removed by Filter: 2607430
Planning time: 0.386 ms
Execution time: 809.894 ms
