Seq Scan on cast_info ci  (cost=0.00..796071.18 rows=276 width=0) (actual time=5018.730..14019.810 rows=345 loops=1)
  Filter: ((role_id < 3) AND (person_id = 886293))
  Rows Removed by Filter: 36243999
Planning time: 1.188 ms
Execution time: 14019.992 ms
