Seq Scan on cast_info ci  (cost=0.00..705507.15 rows=33693311 width=0) (actual time=0.024..13959.993 rows=33766231 loops=1)
  Filter: (person_id > 240470)
  Rows Removed by Filter: 2478113
Planning time: 0.323 ms
Execution time: 18155.510 ms
