Hash Join  (cost=603029.20..2140870.68 rows=35841923 width=0) (actual time=15775.246..89894.303 rows=166756325 loops=1)
  Hash Cond: (ci.movie_id = t.id)
  ->  Seq Scan on cast_info ci  (cost=0.00..614943.12 rows=36225612 width=4) (actual time=0.018..13053.673 rows=36244344 loops=1)
  ->  Hash  (cost=561984.38..561984.38 rows=2501746 width=8) (actual time=15772.537..15772.537 rows=5671540 loops=1)
        Buckets: 131072 (originally 131072)  Batches: 128 (originally 64)  Memory Usage: 3073kB
        ->  Hash Join  (cost=78556.72..561984.38 rows=2501746 width=8) (actual time=1392.634..14158.221 rows=5671540 loops=1)
              Hash Cond: (mi.movie_id = t.id)
              ->  Seq Scan on movie_info mi  (cost=0.00..346232.03 rows=9476311 width=4) (actual time=0.023..6430.278 rows=9565151 loops=1)
                    Filter: (info_type_id < 16)
                    Rows Removed by Filter: 5270569
              ->  Hash  (cost=67604.59..67604.59 rows=667531 width=4) (actual time=1387.850..1387.850 rows=662825 loops=1)
                    Buckets: 131072  Batches: 16  Memory Usage: 2485kB
                    ->  Seq Scan on title t  (cost=0.00..67604.59 rows=667531 width=4) (actual time=0.023..1178.556 rows=662825 loops=1)
                          Filter: (kind_id = 1)
                          Rows Removed by Filter: 1865487
Planning time: 1.240 ms
Execution time: 107840.431 ms
