Hash Join  (cost=147400.22..509512.77 rows=70905 width=0) (actual time=7020.942..9414.529 rows=128975 loops=1)
  Hash Cond: (mi.movie_id = t.id)
  ->  Seq Scan on movie_info mi  (cost=0.00..346232.03 rows=1264125 width=4) (actual time=3845.947..5928.332 rows=1288928 loops=1)
        Filter: (info_type_id = 2)
        Rows Removed by Filter: 13546792
  ->  Hash  (cost=145072.40..145072.40 rows=141826 width=8) (actual time=2960.598..2960.598 rows=130196 loops=1)
        Buckets: 131072  Batches: 2  Memory Usage: 3568kB
        ->  Hash Join  (cost=84197.31..145072.40 rows=141826 width=8) (actual time=1915.759..2915.849 rows=130196 loops=1)
              Hash Cond: (mc.movie_id = t.id)
              ->  Seq Scan on movie_companies mc  (cost=0.00..51404.11 rows=354590 width=4) (actual time=355.936..942.594 rows=359049 loops=1)
                    Filter: (company_id > 87141)
                    Rows Removed by Filter: 2250080
              ->  Hash  (cost=67604.59..67604.59 rows=1011338 width=4) (actual time=1559.024..1559.024 rows=1012920 loops=1)
                    Buckets: 131072  Batches: 16  Memory Usage: 3250kB
                    ->  Seq Scan on title t  (cost=0.00..67604.59 rows=1011338 width=4) (actual time=0.025..1224.213 rows=1012920 loops=1)
                          Filter: (production_year > 2005)
                          Rows Removed by Filter: 1515392
Planning time: 1.072 ms
Execution time: 9430.363 ms
