Seq Scan on cast_info ci  (cost=0.00..705507.15 rows=31656249 width=0) (actual time=0.019..12858.619 rows=31793164 loops=1)
  Filter: (person_id > 429999)
  Rows Removed by Filter: 4451180
Planning time: 0.317 ms
Execution time: 16606.669 ms
