Seq Scan on cast_info ci  (cost=0.00..705507.15 rows=500 width=0) (actual time=2922.806..11227.534 rows=33 loops=1)
  Filter: (person_id = 2891383)
  Rows Removed by Filter: 36244311
Planning time: 0.419 ms
Execution time: 11227.650 ms
