Hash Join  (cost=67697.55..436217.60 rows=17345 width=0) (actual time=1079.329..8092.703 rows=13826 loops=1)
  Hash Cond: (mi.movie_id = t.id)
  ->  Seq Scan on movie_info mi  (cost=0.00..346232.03 rows=5897221 width=4) (actual time=0.008..6107.717 rows=5884963 loops=1)
        Filter: (info_type_id < 7)
        Rows Removed by Filter: 8950757
  ->  Hash  (cost=67604.59..67604.59 rows=7437 width=4) (actual time=1079.254..1079.254 rows=2840 loops=1)
        Buckets: 8192  Batches: 1  Memory Usage: 164kB
        ->  Seq Scan on title t  (cost=0.00..67604.59 rows=7437 width=4) (actual time=0.032..1077.689 rows=2840 loops=1)
              Filter: (production_year = 1948)
              Rows Removed by Filter: 2525472
Planning time: 0.782 ms
Execution time: 8095.575 ms
