Hash Join  (cost=190230.21..1326399.53 rows=10732917 width=0) (actual time=4914.977..35623.582 rows=19243440 loops=1)
  Hash Cond: (ci.movie_id = t.id)
  ->  Seq Scan on cast_info ci  (cost=0.00..796071.18 rows=19665059 width=4) (actual time=393.323..16687.526 rows=17626299 loops=1)
        Filter: ((person_id < 3050404) AND (role_id > 1))
        Rows Removed by Filter: 18618045
  ->  Hash  (cost=167588.78..167588.78 rows=1380035 width=8) (actual time=4520.757..4520.757 rows=1380035 loops=1)
        Buckets: 131072  Batches: 32  Memory Usage: 2708kB
        ->  Hash Join  (cost=102767.86..167588.78 rows=1380035 width=8) (actual time=1898.779..4129.679 rows=1380035 loops=1)
              Hash Cond: (mi_idx.movie_id = t.id)
              ->  Seq Scan on movie_info_idx mi_idx  (cost=0.00..21735.35 rows=1380035 width=4) (actual time=0.024..441.673 rows=1380035 loops=1)
              ->  Hash  (cost=61283.27..61283.27 rows=2528527 width=4) (actual time=1897.344..1897.344 rows=2528312 loops=1)
                    Buckets: 131072  Batches: 64  Memory Usage: 2415kB
                    ->  Seq Scan on title t  (cost=0.00..61283.27 rows=2528527 width=4) (actual time=0.015..1038.592 rows=2528312 loops=1)
Planning time: 1.170 ms
Execution time: 37731.865 ms
