Hash Join  (cost=69694.50..195471.68 rows=184811 width=0) (actual time=1141.417..3963.679 rows=173168 loops=1)
  Hash Cond: (mk.movie_id = t.id)
  ->  Seq Scan on movie_keyword mk  (cost=0.00..81003.12 rows=3669318 width=4) (actual time=0.025..1686.528 rows=3664519 loops=1)
        Filter: (keyword_id > 816)
        Rows Removed by Filter: 859411
  ->  Hash  (cost=67604.59..67604.59 rows=127353 width=4) (actual time=1140.255..1140.255 rows=128696 loops=1)
        Buckets: 131072  Batches: 2  Memory Usage: 3290kB
        ->  Seq Scan on title t  (cost=0.00..67604.59 rows=127353 width=4) (actual time=0.011..1090.898 rows=128696 loops=1)
              Filter: (production_year = 2009)
              Rows Removed by Filter: 2399616
Planning time: 4.768 ms
Execution time: 3984.797 ms
