Seq Scan on movie_companies mc  (cost=0.00..51404.11 rows=2101429 width=0) (actual time=0.013..978.743 rows=2097057 loops=1)
  Filter: (company_id < 73705)
  Rows Removed by Filter: 512072
Planning time: 0.331 ms
Execution time: 1247.333 ms
