Seq Scan on movie_keyword mk  (cost=0.00..81003.12 rows=246 width=0) (actual time=8.037..1050.796 rows=25 loops=1)
  Filter: (keyword_id = 20847)
  Rows Removed by Filter: 4523905
Planning time: 0.353 ms
Execution time: 1050.896 ms
