Hash Join  (cost=102767.86..1642162.30 rows=34244510 width=0) (actual time=1952.351..47237.241 rows=34318539 loops=1)
  Hash Cond: (ci.movie_id = t.id)
  ->  Seq Scan on cast_info ci  (cost=0.00..705507.15 rows=34244510 width=4) (actual time=0.010..16596.878 rows=34318539 loops=1)
        Filter: (person_id > 188820)
        Rows Removed by Filter: 1925805
  ->  Hash  (cost=61283.27..61283.27 rows=2528527 width=4) (actual time=1950.789..1950.789 rows=2528312 loops=1)
        Buckets: 131072  Batches: 64  Memory Usage: 2415kB
        ->  Seq Scan on title t  (cost=0.00..61283.27 rows=2528527 width=4) (actual time=0.012..1092.639 rows=2528312 loops=1)
Planning time: 0.772 ms
Execution time: 50968.790 ms
