Hash Join  (cost=87083.25..181317.68 rows=5359 width=0) (actual time=1138.815..3245.853 rows=4633 loops=1)
  Hash Cond: (mk.movie_id = t.id)
  ->  Seq Scan on movie_keyword mk  (cost=0.00..81003.12 rows=3514056 width=4) (actual time=0.020..1599.256 rows=3507207 loops=1)
        Filter: (keyword_id < 17747)
        Rows Removed by Filter: 1016723
  ->  Hash  (cost=87035.05..87035.05 rows=3856 width=8) (actual time=1104.686..1104.686 rows=8606 loops=1)
        Buckets: 16384 (originally 4096)  Batches: 1 (originally 1)  Memory Usage: 465kB
        ->  Nested Loop  (cost=0.43..87035.05 rows=3856 width=8) (actual time=177.797..1100.916 rows=8606 loops=1)
              ->  Seq Scan on movie_companies mc  (cost=0.00..57926.93 rows=3856 width=4) (actual time=177.723..983.251 rows=8606 loops=1)
                    Filter: ((company_type_id > 1) AND (company_id = 596))
                    Rows Removed by Filter: 2600523
              ->  Index Only Scan using title_pkey on title t  (cost=0.43..7.54 rows=1 width=4) (actual time=0.013..0.013 rows=1 loops=8606)
                    Index Cond: (id = mc.movie_id)
                    Heap Fetches: 8606
Planning time: 1.137 ms
Execution time: 3246.735 ms
