Hash Join  (cost=1022582.81..3401234.80 rows=101548341 width=0) (actual time=33129.369..108055.195 rows=202614947 loops=1)
  Hash Cond: (ci.movie_id = t.id)
  ->  Seq Scan on cast_info ci  (cost=0.00..796071.18 rows=18433570 width=4) (actual time=6825.153..18669.296 rows=18092013 loops=1)
        Filter: ((person_id > 273081) AND (role_id < 3))
        Rows Removed by Filter: 18152331
  ->  Hash  (cost=794053.89..794053.89 rows=13929354 width=8) (actual time=26303.097..26303.097 rows=14033580 loops=1)
        Buckets: 131072  Batches: 256  Memory Usage: 3148kB
        ->  Hash Join  (cost=102767.86..794053.89 rows=13929354 width=8) (actual time=2028.164..21762.940 rows=14033580 loops=1)
              Hash Cond: (mi.movie_id = t.id)
              ->  Seq Scan on movie_info mi  (cost=0.00..346232.03 rows=13929354 width=4) (actual time=0.031..7450.517 rows=14033580 loops=1)
                    Filter: (info_type_id > 1)
                    Rows Removed by Filter: 802140
              ->  Hash  (cost=61283.27..61283.27 rows=2528527 width=4) (actual time=2026.897..2026.897 rows=2528312 loops=1)
                    Buckets: 131072  Batches: 64  Memory Usage: 2425kB
                    ->  Seq Scan on title t  (cost=0.00..61283.27 rows=2528527 width=4) (actual time=0.017..1154.933 rows=2528312 loops=1)
Planning time: 1.208 ms
Execution time: 129385.773 ms
