Seq Scan on movie_keyword mk  (cost=0.00..81003.12 rows=971908 width=0) (actual time=0.018..1373.513 rows=976932 loops=1)
  Filter: (keyword_id > 19133)
  Rows Removed by Filter: 3546998
Planning time: 0.253 ms
Execution time: 1491.843 ms
