Hash Join  (cost=84697.09..964454.35 rows=3148225 width=0) (actual time=1412.970..21524.492 rows=2696041 loops=1)
  Hash Cond: (ci.movie_id = t.id)
  ->  Seq Scan on cast_info ci  (cost=0.00..705507.15 rows=12125562 width=4) (actual time=0.021..13610.310 rows=12033476 loops=1)
        Filter: (person_id < 1185573)
        Rows Removed by Filter: 24210868
  ->  Hash  (cost=73925.90..73925.90 rows=656495 width=4) (actual time=1411.827..1411.827 rows=556797 loops=1)
        Buckets: 131072  Batches: 16  Memory Usage: 2246kB
        ->  Seq Scan on title t  (cost=0.00..73925.90 rows=656495 width=4) (actual time=0.011..1232.290 rows=556797 loops=1)
              Filter: ((production_year < 2001) AND (kind_id = 7))
              Rows Removed by Filter: 1971515
Planning time: 0.834 ms
Execution time: 21806.602 ms
