Hash Join  (cost=161768.62..510329.93 rows=7175 width=0) (actual time=6125.062..8353.438 rows=92394 loops=1)
  Hash Cond: (mi.movie_id = t.id)
  ->  Seq Scan on movie_info mi  (cost=0.00..346232.03 rows=451508 width=4) (actual time=3384.359..5425.441 rows=474443 loops=1)
        Filter: (info_type_id = 6)
        Rows Removed by Filter: 14361277
  ->  Hash  (cost=161266.41..161266.41 rows=40177 width=8) (actual time=2740.151..2740.151 rows=98965 loops=1)
        Buckets: 131072 (originally 65536)  Batches: 2 (originally 1)  Memory Usage: 3073kB
        ->  Hash Join  (cost=74206.60..161266.41 rows=40177 width=8) (actual time=857.653..2704.994 rows=98965 loops=1)
              Hash Cond: (mk.movie_id = t.id)
              ->  Seq Scan on movie_keyword mk  (cost=0.00..69693.30 rows=4523930 width=4) (actual time=0.022..1003.815 rows=4523930 loops=1)
              ->  Hash  (cost=73925.90..73925.90 rows=22456 width=4) (actual time=856.859..856.859 rows=18451 loops=1)
                    Buckets: 32768  Batches: 1  Memory Usage: 905kB
                    ->  Seq Scan on title t  (cost=0.00..73925.90 rows=22456 width=4) (actual time=0.157..851.711 rows=18451 loops=1)
                          Filter: ((kind_id < 6) AND (production_year = 2001))
                          Rows Removed by Filter: 2509861
Planning time: 1.361 ms
Execution time: 8364.337 ms
