Hash Join  (cost=191611.75..1265458.75 rows=3898082 width=0) (actual time=3840.850..30378.515 rows=1843143 loops=1)
  Hash Cond: (ci.movie_id = t.id)
  ->  Seq Scan on cast_info ci  (cost=0.00..614943.12 rows=36225612 width=4) (actual time=0.022..12714.673 rows=36244344 loops=1)
  ->  Hash  (cost=187147.70..187147.70 rows=272084 width=8) (actual time=3839.933..3839.933 rows=58600 loops=1)
        Buckets: 131072  Batches: 4  Memory Usage: 1610kB
        ->  Hash Join  (cost=91879.05..187147.70 rows=272084 width=8) (actual time=2318.434..3820.297 rows=58600 loops=1)
              Hash Cond: (mk.movie_id = t.id)
              ->  Seq Scan on movie_keyword mk  (cost=0.00..81003.12 rows=628714 width=4) (actual time=0.032..1393.037 rows=631081 loops=1)
                    Filter: (keyword_id > 29076)
                    Rows Removed by Filter: 3892849
              ->  Hash  (cost=73925.90..73925.90 rows=1094252 width=4) (actual time=1930.315..1930.315 rows=1044222 loops=1)
                    Buckets: 131072  Batches: 16  Memory Usage: 3325kB
                    ->  Seq Scan on title t  (cost=0.00..73925.90 rows=1094252 width=4) (actual time=0.012..1320.487 rows=1044222 loops=1)
                          Filter: ((production_year < 2009) AND (kind_id = 7))
                          Rows Removed by Filter: 1484090
Planning time: 1.212 ms
Execution time: 30579.359 ms
