Seq Scan on movie_companies mc  (cost=0.00..51404.11 rows=104 width=0) (actual time=144.338..887.553 rows=77 loops=1)
  Filter: (company_id = 24180)
  Rows Removed by Filter: 2609052
Planning time: 0.284 ms
Execution time: 887.670 ms
