Hash Join  (cost=221676.54..371204.58 rows=2259300 width=0) (actual time=4788.693..9932.143 rows=7358731 loops=1)
  Hash Cond: (mk.movie_id = t.id)
  ->  Seq Scan on movie_keyword mk  (cost=0.00..69693.30 rows=4523930 width=4) (actual time=0.020..1423.044 rows=4523930 loops=1)
  ->  Hash  (cost=200958.87..200958.87 rows=1262774 width=8) (actual time=4780.892..4780.892 rows=1204502 loops=1)
        Buckets: 131072  Batches: 32  Memory Usage: 2500kB
        ->  Hash Join  (cost=102767.86..200958.87 rows=1262774 width=8) (actual time=2005.003..4476.111 rows=1204502 loops=1)
              Hash Cond: (mc.movie_id = t.id)
              ->  Seq Scan on movie_companies mc  (cost=0.00..57926.93 rows=1262774 width=4) (actual time=0.027..1221.194 rows=1204502 loops=1)
                    Filter: ((company_id < 141081) AND (company_type_id > 1))
                    Rows Removed by Filter: 1404627
              ->  Hash  (cost=61283.27..61283.27 rows=2528527 width=4) (actual time=2003.615..2003.615 rows=2528312 loops=1)
                    Buckets: 131072  Batches: 64  Memory Usage: 2415kB
                    ->  Seq Scan on title t  (cost=0.00..61283.27 rows=2528527 width=4) (actual time=0.012..1150.064 rows=2528312 loops=1)
Planning time: 1.217 ms
Execution time: 10714.844 ms
