Hash Join  (cost=162944.82..265106.35 rows=225200 width=184) (actual time=4090.006..6990.053 rows=782767 loops=1)
  Hash Cond: (mc.movie_id = t.id)
  ->  Seq Scan on movie_companies mc  (cost=0.00..44881.29 rows=2609129 width=40) (actual time=0.008..946.665 rows=2609129 loops=1)
  ->  Hash  (cost=155740.79..155740.79 rows=218243 width=144) (actual time=4089.463..4089.463 rows=264875 loops=1)
        Buckets: 32768  Batches: 16  Memory Usage: 2536kB
        ->  Hash Join  (cost=100104.25..155740.79 rows=218243 width=144) (actual time=2317.842..3922.657 rows=264875 loops=1)
              Hash Cond: (mi_idx.movie_id = t.id)
              ->  Seq Scan on movie_info_idx mi_idx  (cost=0.00..25185.44 rows=460978 width=50) (actual time=0.011..610.773 rows=459925 loops=1)
                    Filter: (info_type_id < 100)
                    Rows Removed by Filter: 920110
              ->  Hash  (cost=67604.59..67604.59 rows=1197093 width=94) (actual time=2317.265..2317.265 rows=1195923 loops=1)
                    Buckets: 32768  Batches: 64  Memory Usage: 2333kB
                    ->  Seq Scan on title t  (cost=0.00..67604.59 rows=1197093 width=94) (actual time=0.008..1736.322 rows=1195923 loops=1)
                          Filter: (production_year < 2003)
                          Rows Removed by Filter: 1332389
Planning time: 1.143 ms
Execution time: 7036.180 ms
