Hash Join  (cost=83356.77..146653.35 rows=51314 width=0) (actual time=1671.071..2461.505 rows=9341 loops=1)
  Hash Cond: (mc.movie_id = t.id)
  ->  Seq Scan on movie_companies mc  (cost=0.00..57926.93 rows=225735 width=4) (actual time=30.057..894.533 rows=107227 loops=1)
        Filter: ((company_id < 331) AND (company_type_id > 1))
        Rows Removed by Filter: 2501902
  ->  Hash  (cost=73925.90..73925.90 rows=574789 width=4) (actual time=1445.767..1445.767 rows=454004 loops=1)
        Buckets: 131072  Batches: 8  Memory Usage: 3032kB
        ->  Seq Scan on title t  (cost=0.00..73925.90 rows=574789 width=4) (actual time=510.465..1304.253 rows=454004 loops=1)
              Filter: ((production_year > 1963) AND (kind_id = 1))
              Rows Removed by Filter: 2074308
Planning time: 0.771 ms
Execution time: 2462.826 ms
