Hash Join  (cost=83073.69..447733.28 rows=370 width=0) (actual time=1827.438..7242.794 rows=3020 loops=1)
  Hash Cond: (mi.movie_id = t.id)
  ->  Seq Scan on movie_info mi  (cost=0.00..309384.22 rows=14739122 width=4) (actual time=0.017..3565.966 rows=14835720 loops=1)
  ->  Hash  (cost=83072.90..83072.90 rows=63 width=8) (actual time=1377.661..1377.661 rows=57 loops=1)
        Buckets: 1024  Batches: 1  Memory Usage: 11kB
        ->  Nested Loop  (cost=0.43..83072.90 rows=63 width=8) (actual time=15.392..1377.562 rows=57 loops=1)
              ->  Seq Scan on movie_keyword mk  (cost=0.00..81003.12 rows=246 width=4) (actual time=15.323..1368.526 rows=109 loops=1)
                    Filter: (keyword_id = 2783)
                    Rows Removed by Filter: 4523821
              ->  Index Scan using title_pkey on title t  (cost=0.43..8.40 rows=1 width=4) (actual time=0.079..0.079 rows=1 loops=109)
                    Index Cond: (id = mk.movie_id)
                    Filter: ((kind_id < 7) AND (production_year < 2008))
                    Rows Removed by Filter: 0
Planning time: 1.214 ms
Execution time: 7243.838 ms
