Hash Join  (cost=102767.86..194267.23 rows=25615 width=0) (actual time=2378.935..4323.535 rows=22146 loops=1)
  Hash Cond: (mk.movie_id = t.id)
  ->  Seq Scan on movie_keyword mk  (cost=0.00..81003.12 rows=25615 width=4) (actual time=323.772..1274.104 rows=22146 loops=1)
        Filter: (keyword_id > 115769)
        Rows Removed by Filter: 4501784
  ->  Hash  (cost=61283.27..61283.27 rows=2528527 width=4) (actual time=2048.343..2048.343 rows=2528312 loops=1)
        Buckets: 131072  Batches: 64  Memory Usage: 2425kB
        ->  Seq Scan on title t  (cost=0.00..61283.27 rows=2528527 width=4) (actual time=0.020..1208.585 rows=2528312 loops=1)
Planning time: 0.698 ms
Execution time: 4326.454 ms
