Hash Join  (cost=102767.86..172696.94 rows=88255 width=0) (actual time=2350.353..3607.253 rows=172684 loops=1)
  Hash Cond: (mc.movie_id = t.id)
  ->  Seq Scan on movie_companies mc  (cost=0.00..57926.93 rows=88255 width=4) (actual time=266.665..959.969 rows=172684 loops=1)
        Filter: ((company_id > 122854) AND (company_type_id = 2))
        Rows Removed by Filter: 2436445
  ->  Hash  (cost=61283.27..61283.27 rows=2528527 width=4) (actual time=2081.962..2081.962 rows=2528312 loops=1)
        Buckets: 131072  Batches: 64  Memory Usage: 2415kB
        ->  Seq Scan on title t  (cost=0.00..61283.27 rows=2528527 width=4) (actual time=0.014..1199.022 rows=2528312 loops=1)
Planning time: 0.730 ms
Execution time: 3629.552 ms
