Nested Loop  (cost=0.43..83072.90 rows=4 width=0) (actual time=83.560..1213.058 rows=28 loops=1)
  ->  Seq Scan on movie_keyword mk  (cost=0.00..81003.12 rows=246 width=4) (actual time=0.369..1191.827 rows=696 loops=1)
        Filter: (keyword_id = 5058)
        Rows Removed by Filter: 4523234
  ->  Index Scan using title_pkey on title t  (cost=0.43..8.40 rows=1 width=4) (actual time=0.029..0.029 rows=0 loops=696)
        Index Cond: (id = mk.movie_id)
        Filter: ((kind_id < 7) AND (production_year = 2006))
        Rows Removed by Filter: 1
Planning time: 0.809 ms
Execution time: 1213.172 ms
