Nested Loop  (cost=0.43..141374.58 rows=9048 width=0) (actual time=8.788..1624.374 rows=9234 loops=1)
  ->  Seq Scan on movie_keyword mk  (cost=0.00..81003.12 rows=9048 width=4) (actual time=0.095..1323.644 rows=9234 loops=1)
        Filter: (keyword_id = 784)
        Rows Removed by Filter: 4514696
  ->  Index Only Scan using title_pkey on title t  (cost=0.43..6.66 rows=1 width=4) (actual time=0.031..0.032 rows=1 loops=9234)
        Index Cond: (id = mk.movie_id)
        Heap Fetches: 9234
Planning time: 0.566 ms
Execution time: 1627.136 ms
