Hash Join  (cost=709678.15..736591.36 rows=273 width=0) (actual time=11153.047..11714.163 rows=246 loops=1)
  Hash Cond: (mi_idx.movie_id = t.id)
  ->  Seq Scan on movie_info_idx mi_idx  (cost=0.00..21735.35 rows=1380035 width=4) (actual time=0.014..304.429 rows=1380035 loops=1)
  ->  Hash  (cost=709671.90..709671.90 rows=500 width=8) (actual time=11149.335..11149.335 rows=132 loops=1)
        Buckets: 1024  Batches: 1  Memory Usage: 14kB
        ->  Nested Loop  (cost=0.43..709671.90 rows=500 width=8) (actual time=2110.189..11149.234 rows=132 loops=1)
              ->  Seq Scan on cast_info ci  (cost=0.00..705507.15 rows=500 width=4) (actual time=2109.986..11140.733 rows=132 loops=1)
                    Filter: (person_id = 1150165)
                    Rows Removed by Filter: 36244212
              ->  Index Only Scan using title_pkey on title t  (cost=0.43..8.32 rows=1 width=4) (actual time=0.063..0.063 rows=1 loops=132)
                    Index Cond: (id = ci.movie_id)
                    Heap Fetches: 132
Planning time: 1.191 ms
Execution time: 11714.334 ms
