Hash Join  (cost=58358.43..85268.93 rows=2 width=0) (actual time=1043.288..1625.140 rows=54 loops=1)
  Hash Cond: (mi_idx.movie_id = t.id)
  ->  Seq Scan on movie_info_idx mi_idx  (cost=0.00..21735.35 rows=1380035 width=4) (actual time=0.012..395.120 rows=1380035 loops=1)
  ->  Hash  (cost=58358.39..58358.39 rows=3 width=8) (actual time=981.024..981.024 rows=57 loops=1)
        Buckets: 1024  Batches: 1  Memory Usage: 11kB
        ->  Nested Loop  (cost=0.43..58358.39 rows=3 width=8) (actual time=22.579..980.960 rows=57 loops=1)
              ->  Seq Scan on movie_companies mc  (cost=0.00..57926.93 rows=51 width=4) (actual time=7.835..959.374 rows=722 loops=1)
                    Filter: ((company_type_id < 2) AND (company_id = 1085))
                    Rows Removed by Filter: 2608407
              ->  Index Scan using title_pkey on title t  (cost=0.43..8.45 rows=1 width=4) (actual time=0.029..0.029 rows=0 loops=722)
                    Index Cond: (id = mc.movie_id)
                    Filter: (production_year = 2012)
                    Rows Removed by Filter: 1
Planning time: 0.837 ms
Execution time: 1625.294 ms
