Hash Join  (cost=95465.71..246085.93 rows=2348919 width=0) (actual time=1948.268..5711.580 rows=583367 loops=1)
  Hash Cond: (mk.movie_id = t.id)
  ->  Seq Scan on movie_keyword mk  (cost=0.00..69693.30 rows=4523930 width=4) (actual time=0.013..1473.700 rows=4523930 loops=1)
  ->  Hash  (cost=73925.90..73925.90 rows=1312864 width=4) (actual time=1912.790..1912.790 rows=1391524 loops=1)
        Buckets: 131072  Batches: 32  Memory Usage: 2561kB
        ->  Seq Scan on title t  (cost=0.00..73925.90 rows=1312864 width=4) (actual time=0.015..1460.669 rows=1391524 loops=1)
              Filter: ((production_year > 1965) AND (kind_id = 7))
              Rows Removed by Filter: 1136788
Planning time: 0.815 ms
Execution time: 5782.709 ms
