Hash Join  (cost=184475.44..562995.59 rows=562702 width=0) (actual time=4399.846..10686.235 rows=1016896 loops=1)
  Hash Cond: (mi.movie_id = t.id)
  ->  Seq Scan on movie_info mi  (cost=0.00..346232.03 rows=2073893 width=4) (actual time=370.077..5453.003 rows=2091068 loops=1)
        Filter: (info_type_id < 3)
        Rows Removed by Filter: 12744652
  ->  Hash  (cost=173219.74..173219.74 rows=686056 width=8) (actual time=4028.939..4028.939 rows=613097 loops=1)
        Buckets: 131072  Batches: 16  Memory Usage: 2529kB
        ->  Hash Join  (cost=95159.82..173219.74 rows=686056 width=8) (actual time=1905.033..3845.088 rows=613097 loops=1)
              Hash Cond: (mc.movie_id = t.id)
              ->  Seq Scan on movie_companies mc  (cost=0.00..51404.11 rows=1032849 width=4) (actual time=0.041..1009.116 rows=1041374 loops=1)
                    Filter: (company_id > 15193)
                    Rows Removed by Filter: 1567755
              ->  Hash  (cost=67604.59..67604.59 rows=1679539 width=4) (actual time=1904.008..1904.008 rows=1673541 loops=1)
                    Buckets: 131072  Batches: 32  Memory Usage: 2866kB
                    ->  Seq Scan on title t  (cost=0.00..67604.59 rows=1679539 width=4) (actual time=0.021..1358.803 rows=1673541 loops=1)
                          Filter: (production_year > 1993)
                          Rows Removed by Filter: 854771
Planning time: 0.759 ms
Execution time: 10780.379 ms
