Seq Scan on cast_info ci  (cost=0.00..705507.15 rows=19859393 width=0) (actual time=0.024..12494.479 rows=19745502 loops=1)
  Filter: (person_id < 1979639)
  Rows Removed by Filter: 16498842
Planning time: 4.291 ms
Execution time: 14979.039 ms
