Seq Scan on movie_companies mc  (cost=0.00..51404.11 rows=104 width=0) (actual time=202.496..2549.528 rows=6 loops=1)
  Filter: (company_id = 12706)
  Rows Removed by Filter: 2609123
Planning time: 0.346 ms
Execution time: 2549.597 ms
