Seq Scan on movie_keyword mk  (cost=0.00..81003.12 rows=1529156 width=0) (actual time=0.029..1334.365 rows=1543448 loops=1)
  Filter: (keyword_id > 10248)
  Rows Removed by Filter: 2980482
Planning time: 0.371 ms
Execution time: 1517.991 ms
