Seq Scan on cast_info ci  (cost=0.00..705507.15 rows=15324670 width=0) (actual time=0.022..12008.942 rows=15461793 loops=1)
  Filter: (person_id > 2093212)
  Rows Removed by Filter: 20782551
Planning time: 4.321 ms
Execution time: 13892.483 ms
