Hash Join  (cost=102767.86..1089121.32 rows=7497248 width=0) (actual time=7136.448..18122.310 rows=3650503 loops=1)
  Hash Cond: (ci.movie_id = t.id)
  ->  Seq Scan on cast_info ci  (cost=0.00..796071.18 rows=7497248 width=4) (actual time=5257.052..13084.270 rows=3650503 loops=1)
        Filter: ((person_id > 2697615) AND (role_id < 5))
        Rows Removed by Filter: 32593841
  ->  Hash  (cost=61283.27..61283.27 rows=2528527 width=4) (actual time=1877.633..1877.633 rows=2528312 loops=1)
        Buckets: 131072  Batches: 64  Memory Usage: 2415kB
        ->  Seq Scan on title t  (cost=0.00..61283.27 rows=2528527 width=4) (actual time=0.029..1038.898 rows=2528312 loops=1)
Planning time: 0.774 ms
Execution time: 18527.467 ms
