Hash Join  (cost=127937.84..1193281.27 rows=3070232 width=0) (actual time=6737.627..69789.531 rows=5834277 loops=1)
  Hash Cond: (ci.movie_id = t.id)
  ->  Seq Scan on cast_info ci  (cost=0.00..614943.12 rows=36225612 width=4) (actual time=0.016..40922.982 rows=36244344 loops=1)
  ->  Hash  (cost=124421.09..124421.09 rows=214300 width=8) (actual time=6736.837..6736.837 rows=179890 loops=1)
        Buckets: 131072  Batches: 4  Memory Usage: 2772kB
        ->  Hash Join  (cost=87180.69..124421.09 rows=214300 width=8) (actual time=4930.407..6680.422 rows=179890 loops=1)
              Hash Cond: (mi_idx.movie_id = t.id)
              ->  Seq Scan on movie_info_idx mi_idx  (cost=0.00..25185.44 rows=454124 width=4) (actual time=8.496..1213.853 rows=459925 loops=1)
                    Filter: (info_type_id = 100)
                    Rows Removed by Filter: 920110
              ->  Hash  (cost=67604.59..67604.59 rows=1193208 width=4) (actual time=4920.835..4920.835 rows=1192518 loops=1)
                    Buckets: 131072  Batches: 16  Memory Usage: 3646kB
                    ->  Seq Scan on title t  (cost=0.00..67604.59 rows=1193208 width=4) (actual time=0.027..4470.643 rows=1192518 loops=1)
                          Filter: (production_year > 2003)
                          Rows Removed by Filter: 1335794
Planning time: 1.255 ms
Execution time: 70648.347 ms
