Hash Join  (cost=945439.72..1035623.60 rows=1097836 width=0) (actual time=37246.372..41668.716 rows=967 loops=1)
  Hash Cond: (mc.movie_id = t.id)
  ->  Seq Scan on movie_companies mc  (cost=0.00..44881.29 rows=2609129 width=4) (actual time=0.020..3102.007 rows=2609129 loops=1)
  ->  Hash  (cost=927984.71..927984.71 rows=1063921 width=8) (actual time=37229.185..37229.185 rows=842 loops=1)
        Buckets: 131072  Batches: 16  Memory Usage: 1027kB
        ->  Hash Join  (cost=92883.59..927984.71 rows=1063921 width=8) (actual time=2107.471..37228.185 rows=842 loops=1)
              Hash Cond: (ci.movie_id = t.id)
              ->  Seq Scan on cast_info ci  (cost=0.00..796071.18 rows=1745946 width=4) (actual time=17.730..34928.932 rows=1548 loops=1)
                    Filter: ((person_id < 839989) AND (role_id = 2))
                    Rows Removed by Filter: 36242796
              ->  Hash  (cost=67604.59..67604.59 rows=1540800 width=4) (actual time=2030.062..2030.062 rows=1543264 loops=1)
                    Buckets: 131072  Batches: 32  Memory Usage: 2722kB
                    ->  Seq Scan on title t  (cost=0.00..67604.59 rows=1540800 width=4) (actual time=0.025..1542.167 rows=1543264 loops=1)
                          Filter: (kind_id = 7)
                          Rows Removed by Filter: 985048
Planning time: 5.805 ms
Execution time: 41669.082 ms
