Hash Join  (cost=211202.64..585433.99 rows=615458 width=0) (actual time=6546.329..12793.195 rows=1871852 loops=1)
  Hash Cond: (mi.movie_id = t.id)
  ->  Seq Scan on movie_info mi  (cost=0.00..346232.03 rows=1550064 width=4) (actual time=1737.148..5930.643 rows=1533909 loops=1)
        Filter: (info_type_id = 3)
        Rows Removed by Filter: 13301811
  ->  Hash  (cost=194731.14..194731.14 rows=1003960 width=8) (actual time=4808.114..4808.114 rows=1274246 loops=1)
        Buckets: 131072 (originally 131072)  Batches: 32 (originally 16)  Memory Usage: 3073kB
        ->  Hash Join  (cost=102767.86..194731.14 rows=1003960 width=8) (actual time=2323.002..4474.252 rows=1274246 loops=1)
              Hash Cond: (mc.movie_id = t.id)
              ->  Seq Scan on movie_companies mc  (cost=0.00..57926.93 rows=1003960 width=4) (actual time=403.825..1236.531 rows=1274246 loops=1)
                    Filter: ((company_id < 71472) AND (company_type_id < 2))
                    Rows Removed by Filter: 1334883
              ->  Hash  (cost=61283.27..61283.27 rows=2528527 width=4) (actual time=1918.001..1918.001 rows=2528312 loops=1)
                    Buckets: 131072  Batches: 64  Memory Usage: 2415kB
                    ->  Seq Scan on title t  (cost=0.00..61283.27 rows=2528527 width=4) (actual time=0.032..1110.530 rows=2528312 loops=1)
Planning time: 0.782 ms
Execution time: 13013.508 ms
