Hash Join  (cost=97066.09..186166.21 rows=861492 width=0) (actual time=5340.920..10673.824 rows=1044291 loops=1)
  Hash Cond: (mc.movie_id = t.id)
  ->  Seq Scan on movie_companies mc  (cost=0.00..57926.93 rows=1213054 width=4) (actual time=0.027..3500.989 rows=1274246 loops=1)
        Filter: ((company_id < 138959) AND (company_type_id = 1))
        Rows Removed by Filter: 1334883
  ->  Hash  (cost=67604.59..67604.59 rows=1795720 width=4) (actual time=5337.038..5337.038 rows=1794153 loops=1)
        Buckets: 131072  Batches: 32  Memory Usage: 2992kB
        ->  Seq Scan on title t  (cost=0.00..67604.59 rows=1795720 width=4) (actual time=0.020..4346.312 rows=1794153 loops=1)
              Filter: (production_year < 2009)
              Rows Removed by Filter: 734159
Planning time: 0.852 ms
Execution time: 10830.943 ms
