Seq Scan on movie_keyword mk  (cost=0.00..81003.12 rows=1937488 width=0) (actual time=0.024..2609.738 rows=1946609 loops=1)
  Filter: (keyword_id > 6680)
  Rows Removed by Filter: 2577321
Planning time: 0.340 ms
Execution time: 2873.281 ms
