Hash Join  (cost=186565.48..546117.69 rows=178155 width=0) (actual time=10948.957..25288.014 rows=384471 loops=1)
  Hash Cond: (mi.movie_id = t.id)
  ->  Seq Scan on movie_info mi  (cost=0.00..346232.03 rows=809768 width=4) (actual time=2271.248..15873.606 rows=802140 loops=1)
        Filter: (info_type_id < 2)
        Rows Removed by Filter: 14033580
  ->  Hash  (cost=177437.78..177437.78 rows=556296 width=8) (actual time=8673.330..8673.330 rows=559334 loops=1)
        Buckets: 131072  Batches: 8  Memory Usage: 3778kB
        ->  Hash Join  (cost=102767.86..177437.78 rows=556296 width=8) (actual time=5966.073..8492.542 rows=559334 loops=1)
              Hash Cond: (mc.movie_id = t.id)
              ->  Seq Scan on movie_companies mc  (cost=0.00..51404.11 rows=556296 width=4) (actual time=808.838..2461.875 rows=559334 loops=1)
                    Filter: (company_id > 71614)
                    Rows Removed by Filter: 2049795
              ->  Hash  (cost=61283.27..61283.27 rows=2528527 width=4) (actual time=5156.084..5156.084 rows=2528312 loops=1)
                    Buckets: 131072  Batches: 64  Memory Usage: 2415kB
                    ->  Seq Scan on title t  (cost=0.00..61283.27 rows=2528527 width=4) (actual time=0.014..3949.286 rows=2528312 loops=1)
Planning time: 2.698 ms
Execution time: 25346.371 ms
