Hash Join  (cost=79147.78..140566.24 rows=22051 width=0) (actual time=3946.276..6985.104 rows=72759 loops=1)
  Hash Cond: (mc.movie_id = t.id)
  ->  Seq Scan on movie_companies mc  (cost=0.00..57926.93 rows=175205 width=4) (actual time=0.026..2840.868 rows=273773 loops=1)
        Filter: ((company_id < 169) AND (company_type_id = 1))
        Rows Removed by Filter: 2335356
  ->  Hash  (cost=73925.90..73925.90 rows=318230 width=4) (actual time=3945.309..3945.309 rows=179738 loops=1)
        Buckets: 131072  Batches: 8  Memory Usage: 1812kB
        ->  Seq Scan on title t  (cost=0.00..73925.90 rows=318230 width=4) (actual time=0.024..3857.412 rows=179738 loops=1)
              Filter: ((kind_id > 1) AND (production_year < 1974))
              Rows Removed by Filter: 2348574
Planning time: 0.782 ms
Execution time: 6995.258 ms
