Seq Scan on movie_keyword mk  (cost=0.00..81003.12 rows=3085485 width=0) (actual time=0.026..4316.959 rows=3070620 loops=1)
  Filter: (keyword_id < 11490)
  Rows Removed by Filter: 1453310
Planning time: 0.312 ms
Execution time: 4869.607 ms
