Seq Scan on movie_keyword mk  (cost=0.00..81003.12 rows=1848572 width=0) (actual time=0.023..2712.388 rows=1854073 loops=1)
  Filter: (keyword_id > 7465)
  Rows Removed by Filter: 2669857
Planning time: 0.319 ms
Execution time: 2960.546 ms
