Hash Join  (cost=94978.31..242878.12 rows=2052443 width=0) (actual time=4952.363..13000.384 rows=2455928 loops=1)
  Hash Cond: (mk.movie_id = t.id)
  ->  Seq Scan on movie_keyword mk  (cost=0.00..81003.12 rows=3110451 width=4) (actual time=0.028..4699.390 rows=3091855 loops=1)
        Filter: (keyword_id > 1969)
        Rows Removed by Filter: 1432075
  ->  Hash  (cost=67604.59..67604.59 rows=1668458 width=4) (actual time=4950.461..4950.461 rows=1671292 loops=1)
        Buckets: 131072  Batches: 32  Memory Usage: 2866kB
        ->  Seq Scan on title t  (cost=0.00..67604.59 rows=1668458 width=4) (actual time=0.019..3974.486 rows=1671292 loops=1)
              Filter: (production_year < 2008)
              Rows Removed by Filter: 857020
Planning time: 0.712 ms
Execution time: 13321.493 ms
