Hash Join  (cost=172739.77..212443.09 rows=117184 width=0) (actual time=7140.290..8242.817 rows=315629 loops=1)
  Hash Cond: (mi_idx.movie_id = t.id)
  ->  Seq Scan on movie_info_idx mi_idx  (cost=0.00..21735.35 rows=1380035 width=4) (actual time=0.019..919.159 rows=1380035 loops=1)
  ->  Hash  (cost=169216.94..169216.94 rows=214706 width=8) (actual time=6601.651..6601.651 rows=216090 loops=1)
        Buckets: 131072  Batches: 4  Memory Usage: 3143kB
        ->  Hash Join  (cost=102767.86..169216.94 rows=214706 width=8) (actual time=4301.089..6538.196 rows=216090 loops=1)
              Hash Cond: (mc.movie_id = t.id)
              ->  Seq Scan on movie_companies mc  (cost=0.00..51404.11 rows=214706 width=4) (actual time=210.704..1854.344 rows=216090 loops=1)
                    Filter: (company_id > 108985)
                    Rows Removed by Filter: 2393039
              ->  Hash  (cost=61283.27..61283.27 rows=2528527 width=4) (actual time=4088.793..4088.793 rows=2528312 loops=1)
                    Buckets: 131072  Batches: 64  Memory Usage: 2415kB
                    ->  Seq Scan on title t  (cost=0.00..61283.27 rows=2528527 width=4) (actual time=0.016..2810.046 rows=2528312 loops=1)
Planning time: 1.070 ms
Execution time: 8288.175 ms
