Seq Scan on title t  (cost=0.00..67604.59 rows=1197093 width=0) (actual time=0.014..1125.242 rows=1195923 loops=1)
  Filter: (production_year < 2003)
  Rows Removed by Filter: 1332389
Planning time: 0.354 ms
Execution time: 1275.291 ms
