Seq Scan on cast_info ci  (cost=0.00..796071.18 rows=12047317 width=0) (actual time=0.027..40166.153 rows=10302263 loops=1)
  Filter: ((person_id > 2266213) AND (role_id < 10))
  Rows Removed by Filter: 25942081
Planning time: 0.391 ms
Execution time: 41822.656 ms
