Hash Join  (cost=92883.59..1160018.33 rows=8542626 width=0) (actual time=5067.954..64235.522 rows=6703573 loops=1)
  Hash Cond: (ci.movie_id = t.id)
  ->  Seq Scan on cast_info ci  (cost=0.00..796071.18 rows=14018861 width=4) (actual time=0.022..49169.140 rows=11204727 loops=1)
        Filter: ((person_id < 3181269) AND (role_id > 2))
        Rows Removed by Filter: 25039617
  ->  Hash  (cost=67604.59..67604.59 rows=1540800 width=4) (actual time=5066.914..5066.914 rows=1543264 loops=1)
        Buckets: 131072  Batches: 32  Memory Usage: 2722kB
        ->  Seq Scan on title t  (cost=0.00..67604.59 rows=1540800 width=4) (actual time=0.018..4414.758 rows=1543264 loops=1)
              Filter: (kind_id = 7)
              Rows Removed by Filter: 985048
Planning time: 0.791 ms
Execution time: 65040.762 ms
