Seq Scan on movie_keyword mk  (cost=0.00..81003.12 rows=246 width=0) (actual time=150.356..3398.647 rows=74 loops=1)
  Filter: (keyword_id = 20489)
  Rows Removed by Filter: 4523856
Planning time: 0.374 ms
Execution time: 3398.809 ms
