Hash Join  (cost=74346.17..432491.89 rows=40797 width=0) (actual time=11936.625..20377.184 rows=54600 loops=1)
  Hash Cond: (mi.movie_id = t.id)
  ->  Seq Scan on movie_info mi  (cost=0.00..346232.03 rows=3068194 width=4) (actual time=5940.174..16032.550 rows=3036719 loops=1)
        Filter: (info_type_id = 16)
        Rows Removed by Filter: 11799001
  ->  Hash  (cost=73925.90..73925.90 rows=33621 width=4) (actual time=3388.454..3388.454 rows=28104 loops=1)
        Buckets: 65536  Batches: 1  Memory Usage: 1501kB
        ->  Seq Scan on title t  (cost=0.00..73925.90 rows=33621 width=4) (actual time=1003.678..3371.706 rows=28104 loops=1)
              Filter: ((kind_id = 1) AND (production_year = 2009))
              Rows Removed by Filter: 2500208
Planning time: 0.731 ms
Execution time: 20401.484 ms
