Seq Scan on movie_keyword mk  (cost=0.00..81003.12 rows=4437116 width=0) (actual time=0.018..1625.440 rows=4431456 loops=1)
  Filter: (keyword_id > 79)
  Rows Removed by Filter: 92474
Planning time: 0.344 ms
Execution time: 2183.885 ms
