Hash Join  (cost=102767.86..267228.31 rows=3057805 width=0) (actual time=5476.171..14103.171 rows=3046301 loops=1)
  Hash Cond: (mk.movie_id = t.id)
  ->  Seq Scan on movie_keyword mk  (cost=0.00..81003.12 rows=3057805 width=4) (actual time=0.021..5516.355 rows=3046301 loops=1)
        Filter: (keyword_id < 11114)
        Rows Removed by Filter: 1477629
  ->  Hash  (cost=61283.27..61283.27 rows=2528527 width=4) (actual time=5472.689..5472.689 rows=2528312 loops=1)
        Buckets: 131072  Batches: 64  Memory Usage: 2425kB
        ->  Seq Scan on title t  (cost=0.00..61283.27 rows=2528527 width=4) (actual time=0.025..4310.340 rows=2528312 loops=1)
Planning time: 0.782 ms
Execution time: 14519.865 ms
