Seq Scan on cast_info ci  (cost=0.00..796071.18 rows=9924806 width=0) (actual time=0.015..37437.186 rows=7781419 loops=1)
  Filter: ((person_id > 2560746) AND (role_id < 10))
  Rows Removed by Filter: 28462925
Planning time: 3.361 ms
Execution time: 38690.593 ms
