Hash Join  (cost=94176.46..186784.27 rows=1273629 width=0) (actual time=5040.266..9960.160 rows=530254 loops=1)
  Hash Cond: (mc.movie_id = t.id)
  ->  Seq Scan on movie_companies mc  (cost=0.00..44881.29 rows=2609129 width=4) (actual time=0.015..3030.847 rows=2609129 loops=1)
  ->  Hash  (cost=73925.90..73925.90 rows=1234284 width=4) (actual time=4884.901..4884.901 rows=1316754 loops=1)
        Buckets: 131072  Batches: 32  Memory Usage: 2476kB
        ->  Seq Scan on title t  (cost=0.00..73925.90 rows=1234284 width=4) (actual time=0.013..4335.370 rows=1316754 loops=1)
              Filter: ((production_year > 1974) AND (kind_id = 7))
              Rows Removed by Filter: 1211558
Planning time: 0.778 ms
Execution time: 10031.522 ms
