Hash Join  (cost=102767.86..172097.04 rows=63277 width=0) (actual time=6026.133..9369.927 rows=123625 loops=1)
  Hash Cond: (mc.movie_id = t.id)
  ->  Seq Scan on movie_companies mc  (cost=0.00..57926.93 rows=63277 width=4) (actual time=0.031..2749.347 rows=123625 loops=1)
        Filter: ((company_id > 144475) AND (company_type_id = 2))
        Rows Removed by Filter: 2485504
  ->  Hash  (cost=61283.27..61283.27 rows=2528527 width=4) (actual time=6024.250..6024.250 rows=2528312 loops=1)
        Buckets: 131072  Batches: 64  Memory Usage: 2415kB
        ->  Seq Scan on title t  (cost=0.00..61283.27 rows=2528527 width=4) (actual time=0.016..4657.992 rows=2528312 loops=1)
Planning time: 0.709 ms
Execution time: 9386.434 ms
