Seq Scan on cast_info ci  (cost=0.00..705507.15 rows=13501903 width=0) (actual time=0.026..27754.160 rows=13649767 loops=1)
  Filter: (person_id > 2305143)
  Rows Removed by Filter: 22594577
Planning time: 0.349 ms
Execution time: 29898.840 ms
