Hash Join  (cost=165027.29..193703.74 rows=4455 width=0) (actual time=8232.809..9859.624 rows=67406 loops=1)
  Hash Cond: (mi_idx.movie_id = t.id)
  ->  Seq Scan on movie_info_idx mi_idx  (cost=0.00..25185.44 rows=919057 width=4) (actual time=0.028..1291.986 rows=920110 loops=1)
        Filter: (info_type_id > 99)
        Rows Removed by Filter: 459925
  ->  Hash  (cost=164874.08..164874.08 rows=12257 width=8) (actual time=8232.603..8232.603 rows=38189 loops=1)
        Buckets: 65536 (originally 16384)  Batches: 1 (originally 1)  Memory Usage: 2004kB
        ->  Hash Join  (cost=81206.46..164874.08 rows=12257 width=8) (actual time=5594.630..8220.170 rows=38189 loops=1)
              Hash Cond: (mk.movie_id = t.id)
              ->  Seq Scan on movie_keyword mk  (cost=0.00..81003.12 rows=69847 width=4) (actual time=1219.586..3575.582 rows=68777 loops=1)
                    Filter: (keyword_id > 91675)
                    Rows Removed by Filter: 4455153
              ->  Hash  (cost=73925.90..73925.90 rows=443724 width=4) (actual time=4372.998..4372.998 rows=536860 loops=1)
                    Buckets: 131072  Batches: 8  Memory Usage: 3402kB
                    ->  Seq Scan on title t  (cost=0.00..73925.90 rows=443724 width=4) (actual time=0.034..4141.072 rows=536860 loops=1)
                          Filter: ((kind_id < 7) AND (production_year < 2002))
                          Rows Removed by Filter: 1991452
Planning time: 1.866 ms
Execution time: 9872.892 ms
