Hash Join  (cost=122789.99..238111.02 rows=192352 width=0) (actual time=6057.621..13216.121 rows=1890765 loops=1)
  Hash Cond: (mk.movie_id = t.id)
  ->  Seq Scan on movie_keyword mk  (cost=0.00..81003.12 rows=2741703 width=4) (actual time=0.014..4847.317 rows=2733297 loops=1)
        Filter: (keyword_id < 7768)
        Rows Removed by Filter: 1790633
  ->  Hash  (cost=119879.54..119879.54 rows=177396 width=8) (actual time=6056.670..6056.670 rows=318019 loops=1)
        Buckets: 131072 (originally 131072)  Batches: 8 (originally 4)  Memory Usage: 3073kB
        ->  Hash Join  (cost=83810.17..119879.54 rows=177396 width=8) (actual time=3896.833..5944.997 rows=318019 loops=1)
              Hash Cond: (mi_idx.movie_id = t.id)
              ->  Seq Scan on movie_info_idx mi_idx  (cost=0.00..25185.44 rows=454124 width=4) (actual time=0.026..1419.747 rows=459925 loops=1)
                    Filter: (info_type_id = 100)
                    Rows Removed by Filter: 920110
              ->  Hash  (cost=67604.59..67604.59 rows=987727 width=4) (actual time=3895.996..3895.996 rows=985048 loops=1)
                    Buckets: 131072  Batches: 16  Memory Usage: 3188kB
                    ->  Seq Scan on title t  (cost=0.00..67604.59 rows=987727 width=4) (actual time=0.017..3481.702 rows=985048 loops=1)
                          Filter: (kind_id < 7)
                          Rows Removed by Filter: 1543264
Planning time: 10.205 ms
Execution time: 13469.959 ms
