Hash Join  (cost=148691.77..283789.41 rows=229757 width=0) (actual time=8044.191..15625.385 rows=1679616 loops=1)
  Hash Cond: (mk.movie_id = t.id)
  ->  Seq Scan on movie_keyword mk  (cost=0.00..81003.12 rows=4435452 width=4) (actual time=0.017..5136.366 rows=4425682 loops=1)
        Filter: (keyword_id > 85)
        Rows Removed by Filter: 98248
  ->  Hash  (cost=146542.54..146542.54 rows=130978 width=8) (actual time=8042.958..8042.958 rows=105763 loops=1)
        Buckets: 131072  Batches: 2  Memory Usage: 3105kB
        ->  Hash Join  (cost=69687.24..146542.54 rows=130978 width=8) (actual time=3426.593..8001.321 rows=105763 loops=1)
              Hash Cond: (mc.movie_id = t.id)
              ->  Seq Scan on movie_companies mc  (cost=0.00..44881.29 rows=2609129 width=4) (actual time=0.024..3268.221 rows=2609129 loops=1)
              ->  Hash  (cost=67604.59..67604.59 rows=126932 width=4) (actual time=3425.799..3425.799 rows=122861 loops=1)
                    Buckets: 131072  Batches: 2  Memory Usage: 3191kB
                    ->  Seq Scan on title t  (cost=0.00..67604.59 rows=126932 width=4) (actual time=0.006..3367.090 rows=122861 loops=1)
                          Filter: (production_year = 2008)
                          Rows Removed by Filter: 2405451
Planning time: 4.855 ms
Execution time: 15880.273 ms
