Seq Scan on movie_companies mc  (cost=0.00..57926.93 rows=1241037 width=0) (actual time=453.815..2984.022 rows=1161485 loops=1)
  Filter: ((company_id < 122587) AND (company_type_id > 1))
  Rows Removed by Filter: 1447644
Planning time: 0.326 ms
Execution time: 3142.631 ms
