Hash Join  (cost=98137.04..199773.89 rows=1567438 width=0) (actual time=5730.966..11349.416 rows=1125111 loops=1)
  Hash Cond: (mc.movie_id = t.id)
  ->  Seq Scan on movie_companies mc  (cost=0.00..51404.11 rows=2129671 width=4) (actual time=0.025..3417.391 rows=2126574 loops=1)
        Filter: (company_id < 75094)
        Rows Removed by Filter: 482555
  ->  Hash  (cost=67604.59..67604.59 rows=1860996 width=4) (actual time=5729.894..5729.894 rows=1865487 loops=1)
        Buckets: 131072  Batches: 32  Memory Usage: 3079kB
        ->  Seq Scan on title t  (cost=0.00..67604.59 rows=1860996 width=4) (actual time=0.024..4641.605 rows=1865487 loops=1)
              Filter: (kind_id > 1)
              Rows Removed by Filter: 662825
Planning time: 12.803 ms
Execution time: 11494.345 ms
