Seq Scan on title t  (cost=0.00..67604.59 rows=65742 width=0) (actual time=0.026..1159.844 rows=63827 loops=1)
  Filter: (production_year = 2013)
  Rows Removed by Filter: 2464485
Planning time: 0.425 ms
Execution time: 1170.776 ms
