Hash Join  (cost=156276.23..657502.51 rows=793265 width=0) (actual time=8689.568..38015.521 rows=4239180 loops=1)
  Hash Cond: (mi.movie_id = t.id)
  ->  Seq Scan on movie_info mi  (cost=0.00..346232.03 rows=12665229 width=4) (actual time=0.011..21500.858 rows=12744652 loops=1)
        Filter: (info_type_id > 2)
        Rows Removed by Filter: 2091068
  ->  Hash  (cost=153677.60..153677.60 rows=158370 width=8) (actual time=8688.645..8688.645 rows=188630 loops=1)
        Buckets: 131072  Batches: 4  Memory Usage: 2871kB
        ->  Hash Join  (cost=76444.38..153677.60 rows=158370 width=8) (actual time=4039.915..8608.359 rows=188630 loops=1)
              Hash Cond: (mc.movie_id = t.id)
              ->  Seq Scan on movie_companies mc  (cost=0.00..44881.29 rows=2609129 width=4) (actual time=0.018..2941.770 rows=2609129 loops=1)
              ->  Hash  (cost=73925.90..73925.90 rows=153478 width=4) (actual time=4037.475..4037.475 rows=134760 loops=1)
                    Buckets: 131072  Batches: 4  Memory Usage: 2216kB
                    ->  Seq Scan on title t  (cost=0.00..73925.90 rows=153478 width=4) (actual time=0.165..3981.772 rows=134760 loops=1)
                          Filter: ((kind_id < 7) AND (production_year > 2010))
                          Rows Removed by Filter: 2393552
Planning time: 1.168 ms
Execution time: 38533.607 ms
