Nested Loop  (cost=0.43..709674.40 rows=70 width=0) (actual time=13266.700..27890.331 rows=2 loops=1)
  ->  Seq Scan on cast_info ci  (cost=0.00..705507.15 rows=500 width=4) (actual time=13266.616..27890.055 rows=9 loops=1)
        Filter: (person_id = 2530976)
        Rows Removed by Filter: 36244335
  ->  Index Scan using title_pkey on title t  (cost=0.43..8.32 rows=1 width=4) (actual time=0.027..0.027 rows=0 loops=9)
        Index Cond: (id = ci.movie_id)
        Filter: ((kind_id < 7) AND (production_year > 2006))
        Rows Removed by Filter: 1
Planning time: 1.633 ms
Execution time: 27890.436 ms
