Seq Scan on cast_info ci  (cost=0.00..705507.15 rows=6542725 width=0) (actual time=1635.194..30359.287 rows=6457503 loops=1)
  Filter: (person_id < 623698)
  Rows Removed by Filter: 29786841
Planning time: 0.367 ms
Execution time: 31382.384 ms
