Seq Scan on movie_companies mc  (cost=0.00..57926.93 rows=1206348 width=0) (actual time=0.035..2057.332 rows=1280015 loops=1)
  Filter: ((company_id > 93) AND (company_type_id = 2))
  Rows Removed by Filter: 1329114
Planning time: 0.568 ms
Execution time: 2250.789 ms
