Seq Scan on movie_keyword mk  (cost=0.00..81003.12 rows=246 width=0) (actual time=18.600..1215.439 rows=87 loops=1)
  Filter: (keyword_id = 24843)
  Rows Removed by Filter: 4523843
Planning time: 1.181 ms
Execution time: 1215.600 ms
