Hash Join  (cost=83810.17..159701.38 rows=356191 width=0) (actual time=5340.775..8478.429 rows=821217 loops=1)
  Hash Cond: (mc.movie_id = t.id)
  ->  Seq Scan on movie_companies mc  (cost=0.00..57926.93 rows=911830 width=4) (actual time=894.634..2749.094 rows=1100579 loops=1)
        Filter: ((company_id > 1878) AND (company_type_id > 1))
        Rows Removed by Filter: 1508550
  ->  Hash  (cost=67604.59..67604.59 rows=987727 width=4) (actual time=4445.247..4445.247 rows=985048 loops=1)
        Buckets: 131072  Batches: 16  Memory Usage: 3188kB
        ->  Seq Scan on title t  (cost=0.00..67604.59 rows=987727 width=4) (actual time=0.033..4017.012 rows=985048 loops=1)
              Filter: (kind_id < 7)
              Rows Removed by Filter: 1543264
Planning time: 7.660 ms
Execution time: 8596.963 ms
