Seq Scan on cast_info ci  (cost=0.00..796071.18 rows=15450962 width=0) (actual time=0.022..48073.265 rows=14423259 loops=1)
  Filter: ((person_id < 3725124) AND (role_id > 2))
  Rows Removed by Filter: 21821085
Planning time: 0.368 ms
Execution time: 50532.870 ms
