Seq Scan on movie_companies mc  (cost=0.00..51404.11 rows=104 width=0) (actual time=13.627..1792.092 rows=458 loops=1)
  Filter: (company_id = 1774)
  Rows Removed by Filter: 2608671
Planning time: 0.369 ms
Execution time: 1792.351 ms
