Hash Join  (cost=69374.09..124815.00 rows=12850 width=0) (actual time=3573.003..6212.586 rows=11874 loops=1)
  Hash Cond: (mc.movie_id = t.id)
  ->  Seq Scan on movie_companies mc  (cost=0.00..51404.11 rows=301413 width=4) (actual time=274.210..2735.881 rows=303203 loops=1)
        Filter: (company_id > 93691)
        Rows Removed by Filter: 2305926
  ->  Hash  (cost=67604.59..67604.59 rows=107800 width=4) (actual time=3297.649..3297.649 rows=108429 loops=1)
        Buckets: 131072  Batches: 2  Memory Usage: 2931kB
        ->  Seq Scan on title t  (cost=0.00..67604.59 rows=107800 width=4) (actual time=0.022..3255.366 rows=108429 loops=1)
              Filter: (production_year = 2006)
              Rows Removed by Filter: 2419883
Planning time: 0.709 ms
Execution time: 6214.827 ms
