Hash Join  (cost=789732.32..2570779.19 rows=63295159 width=0) (actual time=22409.108..61598.682 rows=49414596 loops=1)
  Hash Cond: (ci.movie_id = t.id)
  ->  Seq Scan on cast_info ci  (cost=0.00..705507.15 rows=20270571 width=4) (actual time=3439.269..16765.655 rows=20391208 loops=1)
        Filter: (person_id > 1567060)
        Rows Removed by Filter: 15853136
  ->  Hash  (cost=660198.29..660198.29 rows=7895363 width=8) (actual time=18967.937..18967.937 rows=3671396 loops=1)
        Buckets: 131072  Batches: 128  Memory Usage: 2112kB
        ->  Hash Join  (cost=96147.73..660198.29 rows=7895363 width=8) (actual time=3464.858..17800.341 rows=3671396 loops=1)
              Hash Cond: (mi.movie_id = t.id)
              ->  Seq Scan on movie_info mi  (cost=0.00..309384.22 rows=14739122 width=4) (actual time=0.031..5998.418 rows=14835720 loops=1)
              ->  Hash  (cost=73925.90..73925.90 rows=1354466 width=4) (actual time=3207.322..3207.322 rows=1432013 loops=1)
                    Buckets: 131072  Batches: 32  Memory Usage: 2605kB
                    ->  Seq Scan on title t  (cost=0.00..73925.90 rows=1354466 width=4) (actual time=0.022..2685.605 rows=1432013 loops=1)
                          Filter: ((production_year > 1959) AND (kind_id = 7))
                          Rows Removed by Filter: 1096299
Planning time: 1.115 ms
Execution time: 67227.693 ms
