Seq Scan on cast_info ci  (cost=0.00..705507.15 rows=5012207 width=0) (actual time=0.020..30477.373 rows=4887976 loops=1)
  Filter: (person_id < 474977)
  Rows Removed by Filter: 31356368
Planning time: 0.344 ms
Execution time: 31175.271 ms
