Seq Scan on movie_keyword mk  (cost=0.00..81003.12 rows=303079 width=0) (actual time=0.020..3594.336 rows=299317 loops=1)
  Filter: (keyword_id > 53994)
  Rows Removed by Filter: 4224613
Planning time: 0.321 ms
Execution time: 3637.412 ms
