Hash Join  (cost=255177.02..1558023.04 rows=21782184 width=0) (actual time=13034.028..100654.618 rows=70772109 loops=1)
  Hash Cond: (ci.movie_id = t.id)
  ->  Seq Scan on cast_info ci  (cost=0.00..614943.12 rows=36225612 width=4) (actual time=0.020..44623.760 rows=36244344 loops=1)
  ->  Hash  (cost=230233.22..230233.22 rows=1520384 width=8) (actual time=13032.535..13032.535 rows=1532695 loops=1)
        Buckets: 131072  Batches: 32  Memory Usage: 2879kB
        ->  Hash Join  (cost=102767.86..230233.22 rows=1520384 width=8) (actual time=5711.310..12524.475 rows=1532695 loops=1)
              Hash Cond: (mk.movie_id = t.id)
              ->  Seq Scan on movie_keyword mk  (cost=0.00..81003.12 rows=1520384 width=4) (actual time=0.026..4609.581 rows=1532695 loops=1)
                    Filter: (keyword_id < 2231)
                    Rows Removed by Filter: 2991235
              ->  Hash  (cost=61283.27..61283.27 rows=2528527 width=4) (actual time=5710.193..5710.193 rows=2528312 loops=1)
                    Buckets: 131072  Batches: 64  Memory Usage: 2425kB
                    ->  Seq Scan on title t  (cost=0.00..61283.27 rows=2528527 width=4) (actual time=0.015..4384.026 rows=2528312 loops=1)
Planning time: 26.769 ms
Execution time: 109099.641 ms
