Seq Scan on movie_companies mc  (cost=0.00..57926.93 rows=892626 width=0) (actual time=285.495..2856.278 rows=571982 loops=1)
  Filter: ((company_id < 23996) AND (company_type_id = 2))
  Rows Removed by Filter: 2037147
Planning time: 4.122 ms
Execution time: 2955.095 ms
