Hash Join  (cost=132757.95..886073.64 rows=252652 width=0) (actual time=5827.071..48733.403 rows=50128 loops=1)
  Hash Cond: (ci.movie_id = t.id)
  ->  Seq Scan on cast_info ci  (cost=0.00..614943.12 rows=36225612 width=4) (actual time=0.024..32606.280 rows=36244344 loops=1)
  ->  Hash  (cost=132537.51..132537.51 rows=17635 width=8) (actual time=5824.724..5824.724 rows=2516 loops=1)
        Buckets: 32768  Batches: 1  Memory Usage: 355kB
        ->  Hash Join  (cost=69484.36..132537.51 rows=17635 width=8) (actual time=4386.346..5820.381 rows=2516 loops=1)
              Hash Cond: (mc.movie_id = t.id)
              ->  Seq Scan on movie_companies mc  (cost=0.00..57926.93 rows=389298 width=4) (actual time=590.636..2468.496 rows=224524 loops=1)
                    Filter: ((company_id < 1515) AND (company_type_id > 1))
                    Rows Removed by Filter: 2384605
              ->  Hash  (cost=67604.59..67604.59 rows=114542 width=4) (actual time=3230.603..3230.603 rows=118234 loops=1)
                    Buckets: 131072  Batches: 2  Memory Usage: 3101kB
                    ->  Seq Scan on title t  (cost=0.00..67604.59 rows=114542 width=4) (actual time=0.025..3177.726 rows=118234 loops=1)
                          Filter: (kind_id = 4)
                          Rows Removed by Filter: 2410078
Planning time: 1.228 ms
Execution time: 48746.213 ms
