Seq Scan on movie_keyword mk  (cost=0.00..81003.12 rows=1213479 width=0) (actual time=0.014..4165.130 rows=1218357 loops=1)
  Filter: (keyword_id < 1535)
  Rows Removed by Filter: 3305573
Planning time: 0.317 ms
Execution time: 4337.144 ms
