Seq Scan on cast_info ci  (cost=0.00..796071.18 rows=4626069 width=0) (actual time=13948.900..30478.760 rows=7198876 loops=1)
  Filter: ((person_id > 2948278) AND (role_id > 1))
  Rows Removed by Filter: 29045468
Planning time: 0.355 ms
Execution time: 31561.500 ms
