Seq Scan on movie_keyword mk  (cost=0.00..81003.12 rows=1060426 width=0) (actual time=0.014..1332.421 rows=1064196 loops=1)
  Filter: (keyword_id > 16501)
  Rows Removed by Filter: 3459734
Planning time: 0.382 ms
Execution time: 1464.407 ms
