Seq Scan on movie_companies mc  (cost=0.00..51404.11 rows=1493074 width=0) (actual time=0.013..908.062 rows=1481702 loops=1)
  Filter: (company_id < 13587)
  Rows Removed by Filter: 1127427
Planning time: 0.322 ms
Execution time: 1102.882 ms
