Seq Scan on movie_companies mc  (cost=0.00..57926.93 rows=442474 width=0) (actual time=82.867..992.698 rows=252304 loops=1)
  Filter: ((company_id < 2538) AND (company_type_id = 2))
  Rows Removed by Filter: 2356825
Planning time: 0.422 ms
Execution time: 1022.647 ms
