Seq Scan on movie_companies mc  (cost=0.00..57926.93 rows=51 width=0) (actual time=635.809..876.288 rows=2 loops=1)
  Filter: ((company_id = 21574) AND (company_type_id = 1))
  Rows Removed by Filter: 2609127
Planning time: 0.400 ms
Execution time: 876.372 ms
