Seq Scan on movie_keyword mk  (cost=0.00..81003.12 rows=2219258 width=0) (actual time=0.036..1512.684 rows=2215538 loops=1)
  Filter: (keyword_id < 4509)
  Rows Removed by Filter: 2308392
Planning time: 3.249 ms
Execution time: 1795.311 ms
