Nested Loop  (cost=0.43..83072.29 rows=172 width=0) (actual time=2.642..1311.605 rows=211 loops=1)
  ->  Seq Scan on movie_keyword mk  (cost=0.00..81003.12 rows=246 width=4) (actual time=0.698..1258.225 rows=1409 loops=1)
        Filter: (keyword_id = 868)
        Rows Removed by Filter: 4522521
  ->  Index Scan using title_pkey on title t  (cost=0.43..8.40 rows=1 width=4) (actual time=0.037..0.037 rows=0 loops=1409)
        Index Cond: (id = mk.movie_id)
        Filter: (kind_id > 2)
        Rows Removed by Filter: 1
Planning time: 0.774 ms
Execution time: 1311.832 ms
