Seq Scan on movie_keyword mk  (cost=0.00..81003.12 rows=246 width=0) (actual time=0.074..1411.065 rows=1146 loops=1)
  Filter: (keyword_id = 1095)
  Rows Removed by Filter: 4522784
Planning time: 0.342 ms
Execution time: 1411.548 ms
