Seq Scan on movie_companies mc  (cost=0.00..51404.11 rows=104 width=0) (actual time=709.032..822.909 rows=1 loops=1)
  Filter: (company_id = 122585)
  Rows Removed by Filter: 2609128
Planning time: 0.395 ms
Execution time: 822.981 ms
