Seq Scan on cast_info ci  (cost=0.00..705507.15 rows=30214248 width=0) (actual time=0.028..13776.541 rows=30159246 loops=1)
  Filter: (person_id < 3040781)
  Rows Removed by Filter: 6085098
Planning time: 1.456 ms
Execution time: 17512.649 ms
