Nested Loop  (cost=0.43..798789.03 rows=10 width=0) (actual time=13855.296..14659.918 rows=10 loops=1)
  ->  Seq Scan on cast_info ci  (cost=0.00..796071.18 rows=324 width=4) (actual time=13852.802..14657.209 rows=144 loops=1)
        Filter: ((role_id > 1) AND (person_id = 1782971))
        Rows Removed by Filter: 36244200
  ->  Index Scan using title_pkey on title t  (cost=0.43..8.38 rows=1 width=4) (actual time=0.018..0.018 rows=0 loops=144)
        Index Cond: (id = ci.movie_id)
        Filter: ((kind_id = 7) AND (production_year = 2009))
        Rows Removed by Filter: 1
Planning time: 0.797 ms
Execution time: 14660.022 ms
