Seq Scan on title t  (cost=0.00..67604.59 rows=96084 width=0) (actual time=215.939..1110.398 rows=95965 loops=1)
  Filter: (production_year < 1923)
  Rows Removed by Filter: 2432347
Planning time: 0.299 ms
Execution time: 1123.336 ms
