Hash Join  (cost=102464.17..192128.37 rows=31555 width=0) (actual time=2735.174..3621.978 rows=31041 loops=1)
  Hash Cond: (mk.movie_id = t.id)
  ->  Seq Scan on movie_keyword mk  (cost=0.00..81003.12 rows=2225473 width=4) (actual time=0.023..1339.851 rows=2220955 loops=1)
        Filter: (keyword_id < 4536)
        Rows Removed by Filter: 2302975
  ->  Hash  (cost=102016.02..102016.02 rows=35852 width=8) (actual time=1949.432..1949.432 rows=20214 loops=1)
        Buckets: 65536  Batches: 1  Memory Usage: 1302kB
        ->  Hash Join  (cost=74747.02..102016.02 rows=35852 width=8) (actual time=1255.115..1942.576 rows=20214 loops=1)
              Hash Cond: (mi_idx.movie_id = t.id)
              ->  Seq Scan on movie_info_idx mi_idx  (cost=0.00..21735.35 rows=1380035 width=4) (actual time=0.017..371.223 rows=1380035 loops=1)
              ->  Hash  (cost=73925.90..73925.90 rows=65689 width=4) (actual time=1232.083..1232.083 rows=74524 loops=1)
                    Buckets: 131072  Batches: 1  Memory Usage: 3644kB
                    ->  Seq Scan on title t  (cost=0.00..73925.90 rows=65689 width=4) (actual time=176.021..1202.632 rows=74524 loops=1)
                          Filter: ((kind_id = 7) AND (production_year = 2006))
                          Rows Removed by Filter: 2453788
Planning time: 1.093 ms
Execution time: 3625.236 ms
