Seq Scan on cast_info ci  (cost=0.00..705507.15 rows=22803801 width=0) (actual time=0.023..13657.455 rows=22680126 loops=1)
  Filter: (person_id < 2314732)
  Rows Removed by Filter: 13564218
Planning time: 0.311 ms
Execution time: 16450.625 ms
