Seq Scan on movie_companies mc  (cost=0.00..51404.11 rows=386123 width=0) (actual time=0.022..823.623 rows=387626 loops=1)
  Filter: (company_id < 228)
  Rows Removed by Filter: 2221503
Planning time: 0.306 ms
Execution time: 871.243 ms
