Seq Scan on movie_keyword mk  (cost=0.00..81003.12 rows=4248206 width=0) (actual time=0.023..1640.042 rows=4226510 loops=1)
  Filter: (keyword_id > 242)
  Rows Removed by Filter: 297420
Planning time: 0.297 ms
Execution time: 2172.432 ms
