Hash Join  (cost=102767.86..244862.85 rows=2128361 width=0) (actual time=2062.562..5591.516 rows=2127437 loops=1)
  Hash Cond: (mk.movie_id = t.id)
  ->  Seq Scan on movie_keyword mk  (cost=0.00..81003.12 rows=2128361 width=4) (actual time=0.015..1594.161 rows=2127437 loops=1)
        Filter: (keyword_id > 5569)
        Rows Removed by Filter: 2396493
  ->  Hash  (cost=61283.27..61283.27 rows=2528527 width=4) (actual time=2060.140..2060.140 rows=2528312 loops=1)
        Buckets: 131072  Batches: 64  Memory Usage: 2425kB
        ->  Seq Scan on title t  (cost=0.00..61283.27 rows=2528527 width=4) (actual time=0.025..1182.072 rows=2528312 loops=1)
Planning time: 0.660 ms
Execution time: 5832.203 ms
