Hash Join  (cost=83810.17..157683.45 rows=469911 width=0) (actual time=1563.033..3511.808 rows=678139 loops=1)
  Hash Cond: (mc.movie_id = t.id)
  ->  Seq Scan on movie_companies mc  (cost=0.00..51404.11 rows=1202946 width=4) (actual time=0.035..1006.738 rows=1195301 loops=1)
        Filter: (company_id < 10687)
        Rows Removed by Filter: 1413828
  ->  Hash  (cost=67604.59..67604.59 rows=987727 width=4) (actual time=1561.316..1561.316 rows=985048 loops=1)
        Buckets: 131072  Batches: 16  Memory Usage: 3188kB
        ->  Seq Scan on title t  (cost=0.00..67604.59 rows=987727 width=4) (actual time=0.019..1253.287 rows=985048 loops=1)
              Filter: (kind_id < 7)
              Rows Removed by Filter: 1543264
Planning time: 0.723 ms
Execution time: 3586.265 ms
