Hash Join  (cost=940971.73..1621759.94 rows=15382548 width=0) (actual time=18949.873..53548.025 rows=71144190 loops=1)
  Hash Cond: (mi.movie_id = t.id)
  ->  Seq Scan on movie_info mi  (cost=0.00..309384.22 rows=14739122 width=4) (actual time=0.015..6058.843 rows=14835720 loops=1)
  ->  Hash  (cost=897676.38..897676.38 rows=2638908 width=8) (actual time=18948.608..18948.608 rows=2814145 loops=1)
        Buckets: 131072  Batches: 64  Memory Usage: 2863kB
        ->  Hash Join  (cost=83810.17..897676.38 rows=2638908 width=8) (actual time=2177.449..18067.996 rows=2814145 loops=1)
              Hash Cond: (ci.movie_id = t.id)
              ->  Seq Scan on cast_info ci  (cost=0.00..705507.15 rows=6755460 width=4) (actual time=718.033..12199.162 rows=6689799 loops=1)
                    Filter: (person_id < 646137)
                    Rows Removed by Filter: 29554545
              ->  Hash  (cost=67604.59..67604.59 rows=987727 width=4) (actual time=1444.142..1444.142 rows=985048 loops=1)
                    Buckets: 131072  Batches: 16  Memory Usage: 3188kB
                    ->  Seq Scan on title t  (cost=0.00..67604.59 rows=987727 width=4) (actual time=0.030..1131.297 rows=985048 loops=1)
                          Filter: (kind_id < 7)
                          Rows Removed by Filter: 1543264
Planning time: 0.777 ms
Execution time: 61916.960 ms
