Hash Join  (cost=132167.42..496831.04 rows=769 width=0) (actual time=2010.699..8718.972 rows=3646 loops=1)
  Hash Cond: (mi.movie_id = t.id)
  ->  Seq Scan on movie_info mi  (cost=0.00..309384.22 rows=14739122 width=4) (actual time=0.012..4038.568 rows=14835720 loops=1)
  ->  Hash  (cost=132165.77..132165.77 rows=132 width=8) (actual time=2001.606..2001.606 rows=261 loops=1)
        Buckets: 1024  Batches: 1  Memory Usage: 19kB
        ->  Hash Join  (cost=74174.82..132165.77 rows=132 width=8) (actual time=1602.945..2001.419 rows=261 loops=1)
              Hash Cond: (mc.movie_id = t.id)
              ->  Seq Scan on movie_companies mc  (cost=0.00..57926.93 rows=16719 width=4) (actual time=411.582..800.394 rows=35517 loops=1)
                    Filter: ((company_id = 160) AND (company_type_id = 1))
                    Rows Removed by Filter: 2573612
              ->  Hash  (cost=73925.90..73925.90 rows=19913 width=4) (actual time=1188.596..1188.596 rows=21707 loops=1)
                    Buckets: 32768  Batches: 1  Memory Usage: 1020kB
                    ->  Seq Scan on title t  (cost=0.00..73925.90 rows=19913 width=4) (actual time=0.129..1177.938 rows=21707 loops=1)
                          Filter: ((kind_id > 1) AND (production_year = 1993))
                          Rows Removed by Filter: 2506605
Planning time: 1.222 ms
Execution time: 8720.196 ms
