Seq Scan on title t  (cost=0.00..73925.90 rows=21643 width=0) (actual time=191.782..1230.284 rows=11565 loops=1)
  Filter: ((production_year > 2009) AND (kind_id = 3))
  Rows Removed by Filter: 2516747
Planning time: 0.365 ms
Execution time: 1232.575 ms
