Seq Scan on movie_companies mc  (cost=0.00..57926.93 rows=53 width=0) (actual time=465.920..768.753 rows=6 loops=1)
  Filter: ((company_id = 186866) AND (company_type_id = 2))
  Rows Removed by Filter: 2609123
Planning time: 1.475 ms
Execution time: 768.851 ms
