Seq Scan on movie_companies mc  (cost=0.00..51404.11 rows=1718681 width=0) (actual time=0.024..982.067 rows=1711996 loops=1)
  Filter: (company_id < 21587)
  Rows Removed by Filter: 897133
Planning time: 0.311 ms
Execution time: 1195.621 ms
