Seq Scan on movie_companies mc  (cost=0.00..57926.93 rows=1145188 width=0) (actual time=0.028..1104.417 rows=970137 loops=1)
  Filter: ((company_id < 86196) AND (company_type_id > 1))
  Rows Removed by Filter: 1638992
Planning time: 2.230 ms
Execution time: 1220.810 ms
