Hash Join  (cost=76948.89..568214.36 rows=1073954 width=0) (actual time=1196.124..13811.376 rows=360499 loops=1)
  Hash Cond: (mi.movie_id = t.id)
  ->  Seq Scan on movie_info mi  (cost=0.00..309384.22 rows=14739122 width=4) (actual time=0.025..5757.177 rows=14835720 loops=1)
  ->  Hash  (cost=73925.90..73925.90 rows=184239 width=4) (actual time=1195.289..1195.289 rows=60242 loops=1)
        Buckets: 131072  Batches: 4  Memory Usage: 1561kB
        ->  Seq Scan on title t  (cost=0.00..73925.90 rows=184239 width=4) (actual time=0.029..1171.298 rows=60242 loops=1)
              Filter: ((kind_id > 1) AND (production_year < 1961))
              Rows Removed by Filter: 2468070
Planning time: 0.714 ms
Execution time: 13855.696 ms
