Seq Scan on movie_keyword mk  (cost=0.00..81003.12 rows=246 width=0) (actual time=6.964..1222.635 rows=1941 loops=1)
  Filter: (keyword_id = 1684)
  Rows Removed by Filter: 4521989
Planning time: 0.235 ms
Execution time: 1223.341 ms
