Hash Join  (cost=102767.86..240886.03 rows=1963018 width=0) (actual time=1898.285..5301.984 rows=1969485 loops=1)
  Hash Cond: (mk.movie_id = t.id)
  ->  Seq Scan on movie_keyword mk  (cost=0.00..81003.12 rows=1963018 width=4) (actual time=9.674..1509.675 rows=1969485 loops=1)
        Filter: (keyword_id < 3444)
        Rows Removed by Filter: 2554445
  ->  Hash  (cost=61283.27..61283.27 rows=2528527 width=4) (actual time=1887.268..1887.268 rows=2528312 loops=1)
        Buckets: 131072  Batches: 64  Memory Usage: 2425kB
        ->  Seq Scan on title t  (cost=0.00..61283.27 rows=2528527 width=4) (actual time=0.018..1047.509 rows=2528312 loops=1)
Planning time: 0.769 ms
Execution time: 5536.984 ms
