Hash Join  (cost=911405.39..1280344.15 rows=428284 width=0) (actual time=15148.230..28066.627 rows=2188108 loops=1)
  Hash Cond: (mi.movie_id = t.id)
  ->  Seq Scan on movie_info mi  (cost=0.00..309384.22 rows=14739122 width=4) (actual time=0.008..4827.747 rows=14835720 loops=1)
  ->  Hash  (cost=910486.97..910486.97 rows=73473 width=8) (actual time=15147.458..15147.458 rows=220110 loops=1)
        Buckets: 131072 (originally 131072)  Batches: 4 (originally 1)  Memory Usage: 3173kB
        ->  Hash Join  (cost=102767.86..910486.97 rows=73473 width=8) (actual time=9937.033..15058.560 rows=220110 loops=1)
              Hash Cond: (ci.movie_id = t.id)
              ->  Seq Scan on cast_info ci  (cost=0.00..796071.18 rows=73473 width=4) (actual time=7921.350..12443.457 rows=220110 loops=1)
                    Filter: ((person_id > 2911479) AND (role_id = 11))
                    Rows Removed by Filter: 36024234
              ->  Hash  (cost=61283.27..61283.27 rows=2528527 width=4) (actual time=2014.618..2014.618 rows=2528312 loops=1)
                    Buckets: 131072  Batches: 64  Memory Usage: 2415kB
                    ->  Seq Scan on title t  (cost=0.00..61283.27 rows=2528527 width=4) (actual time=0.018..1154.805 rows=2528312 loops=1)
Planning time: 1.194 ms
Execution time: 28320.221 ms
