Nested Loop  (cost=0.43..797555.70 rows=176 width=0) (actual time=5384.340..13615.497 rows=413 loops=1)
  ->  Seq Scan on cast_info ci  (cost=0.00..796071.18 rows=176 width=4) (actual time=5384.260..13609.908 rows=413 loops=1)
        Filter: ((role_id < 2) AND (person_id = 292163))
        Rows Removed by Filter: 36243931
  ->  Index Only Scan using title_pkey on title t  (cost=0.43..8.42 rows=1 width=4) (actual time=0.013..0.013 rows=1 loops=413)
        Index Cond: (id = ci.movie_id)
        Heap Fetches: 413
Planning time: 0.545 ms
Execution time: 13615.653 ms
