Hash Join  (cost=102767.86..241811.67 rows=2001519 width=0) (actual time=2774.580..6168.727 rows=2012145 loops=1)
  Hash Cond: (mk.movie_id = t.id)
  ->  Seq Scan on movie_keyword mk  (cost=0.00..81003.12 rows=2001519 width=4) (actual time=0.031..1587.676 rows=2012145 loops=1)
        Filter: (keyword_id > 6206)
        Rows Removed by Filter: 2511785
  ->  Hash  (cost=61283.27..61283.27 rows=2528527 width=4) (actual time=2772.088..2772.088 rows=2528312 loops=1)
        Buckets: 131072  Batches: 64  Memory Usage: 2425kB
        ->  Seq Scan on title t  (cost=0.00..61283.27 rows=2528527 width=4) (actual time=0.021..1226.181 rows=2528312 loops=1)
Planning time: 0.656 ms
Execution time: 6390.450 ms
