Hash Join  (cost=80493.69..136093.08 rows=31682 width=0) (actual time=1535.100..2627.962 rows=31879 loops=1)
  Hash Cond: (mc.movie_id = t.id)
  ->  Seq Scan on movie_companies mc  (cost=0.00..51404.11 rows=200121 width=4) (actual time=0.033..906.415 rows=198140 loops=1)
        Filter: (company_id < 57)
        Rows Removed by Filter: 2410989
  ->  Hash  (cost=73925.90..73925.90 rows=400303 width=4) (actual time=1533.487..1533.487 rows=500611 loops=1)
        Buckets: 131072  Batches: 8  Memory Usage: 3236kB
        ->  Seq Scan on title t  (cost=0.00..73925.90 rows=400303 width=4) (actual time=0.031..1381.587 rows=500611 loops=1)
              Filter: ((kind_id < 7) AND (production_year < 2000))
              Rows Removed by Filter: 2027701
Planning time: 0.765 ms
Execution time: 2632.343 ms
