Hash Join  (cost=83810.17..158009.64 rows=313449 width=0) (actual time=1854.886..3126.844 rows=579194 loops=1)
  Hash Cond: (mc.movie_id = t.id)
  ->  Seq Scan on movie_companies mc  (cost=0.00..57926.93 rows=802412 width=4) (actual time=455.305..1090.582 rows=590924 loops=1)
        Filter: ((company_id > 4230) AND (company_type_id < 2))
        Rows Removed by Filter: 2018205
  ->  Hash  (cost=67604.59..67604.59 rows=987727 width=4) (actual time=1397.465..1397.465 rows=985048 loops=1)
        Buckets: 131072  Batches: 16  Memory Usage: 3188kB
        ->  Seq Scan on title t  (cost=0.00..67604.59 rows=987727 width=4) (actual time=0.028..1095.141 rows=985048 loops=1)
              Filter: (kind_id < 7)
              Rows Removed by Filter: 1543264
Planning time: 0.707 ms
Execution time: 3196.201 ms
