Seq Scan on movie_keyword mk  (cost=0.00..81003.12 rows=246 width=12) (actual time=571.678..1027.651 rows=16 loops=1)
  Filter: (keyword_id = 57196)
  Rows Removed by Filter: 4523914
Planning time: 0.350 ms
Execution time: 1027.686 ms
