Hash Join  (cost=52284.99..447006.02 rows=532 width=0) (actual time=1053.003..8570.111 rows=248 loops=1)
  Hash Cond: (mi.movie_id = t.id)
  ->  Seq Scan on movie_info mi  (cost=0.00..346232.03 rows=12928982 width=4) (actual time=0.023..6353.938 rows=12970088 loops=1)
        Filter: (info_type_id < 18)
        Rows Removed by Filter: 1865632
  ->  Hash  (cost=52283.69..52283.69 rows=104 width=8) (actual time=469.718..469.718 rows=29 loops=1)
        Buckets: 1024  Batches: 1  Memory Usage: 10kB
        ->  Nested Loop  (cost=0.43..52283.69 rows=104 width=8) (actual time=1.657..469.690 rows=29 loops=1)
              ->  Seq Scan on movie_companies mc  (cost=0.00..51404.11 rows=104 width=4) (actual time=1.590..468.930 rows=29 loops=1)
                    Filter: (company_id = 25201)
                    Rows Removed by Filter: 2609100
              ->  Index Only Scan using title_pkey on title t  (cost=0.43..8.45 rows=1 width=4) (actual time=0.024..0.024 rows=1 loops=29)
                    Index Cond: (id = mc.movie_id)
                    Heap Fetches: 29
Planning time: 1.170 ms
Execution time: 8570.353 ms
