Hash Join  (cost=80355.62..150070.05 rows=198313 width=0) (actual time=1174.379..2817.880 rows=240558 loops=1)
  Hash Cond: (mc.movie_id = t.id)
  ->  Seq Scan on movie_companies mc  (cost=0.00..51404.11 rows=1279517 width=4) (actual time=0.018..959.788 rows=1274246 loops=1)
        Filter: (company_type_id < 2)
        Rows Removed by Filter: 1334883
  ->  Hash  (cost=73925.90..73925.90 rows=391897 width=4) (actual time=1173.518..1173.518 rows=289693 loops=1)
        Buckets: 131072  Batches: 8  Memory Usage: 2301kB
        ->  Seq Scan on title t  (cost=0.00..73925.90 rows=391897 width=4) (actual time=0.029..1090.972 rows=289693 loops=1)
              Filter: ((kind_id < 2) AND (production_year > 1998))
              Rows Removed by Filter: 2238619
Planning time: 0.730 ms
Execution time: 2847.501 ms
