Hash Join  (cost=74173.24..420473.93 rows=140 width=0) (actual time=4324.236..6809.936 rows=39 loops=1)
  Hash Cond: (mi.movie_id = t.id)
  ->  Seq Scan on movie_info mi  (cost=0.00..346232.03 rows=17937 width=4) (actual time=3138.370..5624.239 rows=3084 loops=1)
        Filter: (info_type_id = 91)
        Rows Removed by Filter: 14832636
  ->  Hash  (cost=73925.90..73925.90 rows=19787 width=4) (actual time=1184.460..1184.460 rows=15791 loops=1)
        Buckets: 32768  Batches: 1  Memory Usage: 812kB
        ->  Seq Scan on title t  (cost=0.00..73925.90 rows=19787 width=4) (actual time=0.045..1177.468 rows=15791 loops=1)
              Filter: ((kind_id < 7) AND (production_year = 1999))
              Rows Removed by Filter: 2512521
Planning time: 0.811 ms
Execution time: 6810.137 ms
