Nested Loop  (cost=0.43..83071.67 rows=246 width=0) (actual time=36.989..1288.648 rows=81 loops=1)
  ->  Seq Scan on movie_keyword mk  (cost=0.00..81003.12 rows=246 width=4) (actual time=36.885..1285.497 rows=81 loops=1)
        Filter: (keyword_id = 15614)
        Rows Removed by Filter: 4523849
  ->  Index Only Scan using title_pkey on title t  (cost=0.43..8.40 rows=1 width=4) (actual time=0.034..0.035 rows=1 loops=81)
        Index Cond: (id = mk.movie_id)
        Heap Fetches: 81
Planning time: 0.753 ms
Execution time: 1288.776 ms
