Hash Join  (cost=117507.21..172175.31 rows=258 width=0) (actual time=1579.418..2526.084 rows=138 loops=1)
  Hash Cond: (mc.movie_id = t.id)
  ->  Seq Scan on movie_companies mc  (cost=0.00..44881.29 rows=2609129 width=4) (actual time=0.021..599.762 rows=2609129 loops=1)
  ->  Hash  (cost=117504.08..117504.08 rows=250 width=8) (actual time=1457.803..1457.803 rows=82 loops=1)
        Buckets: 1024  Batches: 1  Memory Usage: 12kB
        ->  Nested Loop  (cost=0.43..117504.08 rows=250 width=8) (actual time=18.403..1457.623 rows=82 loops=1)
              ->  Seq Scan on movie_keyword mk  (cost=0.00..81003.12 rows=4976 width=4) (actual time=0.528..1331.075 rows=4036 loops=1)
                    Filter: (keyword_id = 7763)
                    Rows Removed by Filter: 4519894
              ->  Index Scan using title_pkey on title t  (cost=0.43..7.33 rows=1 width=4) (actual time=0.031..0.031 rows=0 loops=4036)
                    Index Cond: (id = mk.movie_id)
                    Filter: (production_year = 2008)
                    Rows Removed by Filter: 1
Planning time: 1.139 ms
Execution time: 2526.253 ms
