Hash Join  (cost=102767.86..250824.09 rows=2376068 width=0) (actual time=2027.905..5672.295 rows=2368698 loops=1)
  Hash Cond: (mk.movie_id = t.id)
  ->  Seq Scan on movie_keyword mk  (cost=0.00..81003.12 rows=2376068 width=4) (actual time=0.022..1593.034 rows=2368698 loops=1)
        Filter: (keyword_id > 4075)
        Rows Removed by Filter: 2155232
  ->  Hash  (cost=61283.27..61283.27 rows=2528527 width=4) (actual time=2026.554..2026.554 rows=2528312 loops=1)
        Buckets: 131072  Batches: 64  Memory Usage: 2425kB
        ->  Seq Scan on title t  (cost=0.00..61283.27 rows=2528527 width=4) (actual time=0.010..1139.578 rows=2528312 loops=1)
Planning time: 0.677 ms
Execution time: 5926.134 ms
