Seq Scan on cast_info ci  (cost=0.00..705507.15 rows=500 width=0) (actual time=1188.886..11056.789 rows=276 loops=1)
  Filter: (person_id = 981690)
  Rows Removed by Filter: 36244068
Planning time: 0.376 ms
Execution time: 11056.946 ms
