Nested Loop  (cost=44377.22..138457.64 rows=2140 width=0) (actual time=963.639..2620.416 rows=8409 loops=1)
  ->  Hash Join  (cost=44376.79..131605.64 rows=11655 width=8) (actual time=963.547..2482.190 rows=8409 loops=1)
        Hash Cond: (mk.movie_id = mi_idx.movie_id)
        ->  Seq Scan on movie_keyword mk  (cost=0.00..81003.12 rows=3921 width=4) (actual time=0.065..1319.550 rows=3129 loops=1)
              Filter: (keyword_id = 1767)
              Rows Removed by Filter: 4520801
        ->  Hash  (cost=21735.35..21735.35 rows=1380035 width=4) (actual time=943.755..943.755 rows=1380035 loops=1)
              Buckets: 131072  Batches: 32  Memory Usage: 2556kB
              ->  Seq Scan on movie_info_idx mi_idx  (cost=0.00..21735.35 rows=1380035 width=4) (actual time=0.013..502.010 rows=1380035 loops=1)
  ->  Index Only Scan using title_pkey on title t  (cost=0.43..0.58 rows=1 width=4) (actual time=0.016..0.016 rows=1 loops=8409)
        Index Cond: (id = mi_idx.movie_id)
        Heap Fetches: 8409
Planning time: 1.122 ms
Execution time: 2622.107 ms
