Hash Join  (cost=52284.99..857595.45 rows=101 width=0) (actual time=3796.472..12956.241 rows=402 loops=1)
  Hash Cond: (ci.movie_id = t.id)
  ->  Seq Scan on cast_info ci  (cost=0.00..796071.18 rows=2463539 width=4) (actual time=2982.486..11642.891 rows=3833329 loops=1)
        Filter: ((person_id > 3360000) AND (role_id > 1))
        Rows Removed by Filter: 32411015
  ->  Hash  (cost=52283.69..52283.69 rows=104 width=8) (actual time=778.950..778.950 rows=334 loops=1)
        Buckets: 1024  Batches: 1  Memory Usage: 22kB
        ->  Nested Loop  (cost=0.43..52283.69 rows=104 width=8) (actual time=9.221..778.713 rows=334 loops=1)
              ->  Seq Scan on movie_companies mc  (cost=0.00..51404.11 rows=104 width=4) (actual time=9.126..762.867 rows=334 loops=1)
                    Filter: (company_id = 4538)
                    Rows Removed by Filter: 2608795
              ->  Index Only Scan using title_pkey on title t  (cost=0.43..8.45 rows=1 width=4) (actual time=0.045..0.046 rows=1 loops=334)
                    Index Cond: (id = mc.movie_id)
                    Heap Fetches: 334
Planning time: 1.224 ms
Execution time: 12956.540 ms
