Hash Join  (cost=214360.59..1053345.43 rows=2346084 width=0) (actual time=4291.209..21477.030 rows=2160250 loops=1)
  Hash Cond: (ci.movie_id = t.id)
  ->  Seq Scan on cast_info ci  (cost=0.00..705507.15 rows=9299425 width=4) (actual time=0.015..12540.763 rows=9291106 loops=1)
        Filter: (person_id > 2772437)
        Rows Removed by Filter: 26953238
  ->  Hash  (cost=203894.79..203894.79 rows=637904 width=8) (actual time=4290.019..4290.019 rows=347247 loops=1)
        Buckets: 131072  Batches: 16  Memory Usage: 1885kB
        ->  Hash Join  (cost=98137.04..203894.79 rows=637904 width=8) (actual time=1992.230..4187.542 rows=347247 loops=1)
              Hash Cond: (mk.movie_id = t.id)
              ->  Seq Scan on movie_keyword mk  (cost=0.00..81003.12 rows=866717 width=4) (actual time=0.021..1371.230 rows=866635 loops=1)
                    Filter: (keyword_id < 825)
                    Rows Removed by Filter: 3657295
              ->  Hash  (cost=67604.59..67604.59 rows=1860996 width=4) (actual time=1989.723..1989.723 rows=1865487 loops=1)
                    Buckets: 131072  Batches: 32  Memory Usage: 3085kB
                    ->  Seq Scan on title t  (cost=0.00..67604.59 rows=1860996 width=4) (actual time=0.026..1387.198 rows=1865487 loops=1)
                          Filter: (kind_id > 1)
                          Rows Removed by Filter: 662825
Planning time: 1.168 ms
Execution time: 21741.999 ms
