Hash Join  (cost=135167.45..499862.90 rows=3952 width=0) (actual time=2399.304..8272.725 rows=70629 loops=1)
  Hash Cond: (mi.movie_id = t.id)
  ->  Seq Scan on movie_info mi  (cost=0.00..309384.22 rows=14739122 width=4) (actual time=0.021..3495.647 rows=14835720 loops=1)
  ->  Hash  (cost=135158.98..135158.98 rows=678 width=8) (actual time=2398.666..2398.666 rows=2998 loops=1)
        Buckets: 4096 (originally 1024)  Batches: 1 (originally 1)  Memory Usage: 150kB
        ->  Hash Join  (cost=73950.44..135158.98 rows=678 width=8) (actual time=1741.784..2397.314 rows=2998 loops=1)
              Hash Cond: (mc.movie_id = t.id)
              ->  Seq Scan on movie_companies mc  (cost=0.00..57926.93 rows=873286 width=4) (actual time=369.353..1119.577 rows=1186285 loops=1)
                    Filter: ((company_id < 26536) AND (company_type_id = 1))
                    Rows Removed by Filter: 1422844
              ->  Hash  (cost=73925.90..73925.90 rows=1963 width=4) (actual time=1097.254..1097.254 rows=2506 loops=1)
                    Buckets: 4096 (originally 2048)  Batches: 1 (originally 1)  Memory Usage: 121kB
                    ->  Seq Scan on title t  (cost=0.00..73925.90 rows=1963 width=4) (actual time=489.921..1095.811 rows=2506 loops=1)
                          Filter: ((kind_id = 1) AND (production_year = 1931))
                          Rows Removed by Filter: 2525806
Planning time: 1.234 ms
Execution time: 8282.320 ms
