Hash Join  (cost=168991.84..294105.32 rows=548499 width=0) (actual time=4563.401..11060.661 rows=12790911 loops=1)
  Hash Cond: (mk.movie_id = t.id)
  ->  Seq Scan on movie_keyword mk  (cost=0.00..81003.12 rows=3193696 width=4) (actual time=0.015..1711.330 rows=3174622 loops=1)
        Filter: (keyword_id > 1753)
        Rows Removed by Filter: 1349308
  ->  Hash  (cost=161866.59..161866.59 rows=434260 width=8) (actual time=4561.855..4561.855 rows=1053136 loops=1)
        Buckets: 131072 (originally 131072)  Batches: 16 (originally 8)  Memory Usage: 3651kB
        ->  Hash Join  (cost=80830.47..161866.59 rows=434260 width=8) (actual time=1607.218..4216.558 rows=1053136 loops=1)
              Hash Cond: (mc.movie_id = t.id)
              ->  Seq Scan on movie_companies mc  (cost=0.00..44881.29 rows=2609129 width=4) (actual time=0.023..948.929 rows=2609129 loops=1)
              ->  Hash  (cost=73925.90..73925.90 rows=420845 width=4) (actual time=1606.195..1606.195 rows=517968 loops=1)
                    Buckets: 131072  Batches: 8  Memory Usage: 3313kB
                    ->  Seq Scan on title t  (cost=0.00..73925.90 rows=420845 width=4) (actual time=0.012..1438.296 rows=517968 loops=1)
                          Filter: ((kind_id < 7) AND (production_year < 2001))
                          Rows Removed by Filter: 2010344
Planning time: 1.179 ms
Execution time: 12541.338 ms
