Hash Join  (cost=82776.67..165500.35 rows=556616 width=0) (actual time=1309.696..3684.857 rows=827065 loops=1)
  Hash Cond: (mc.movie_id = t.id)
  ->  Seq Scan on movie_companies mc  (cost=0.00..44881.29 rows=2609129 width=4) (actual time=0.021..881.281 rows=2609129 loops=1)
  ->  Hash  (cost=73925.90..73925.90 rows=539421 width=4) (actual time=1308.867..1308.867 rows=459810 loops=1)
        Buckets: 131072  Batches: 8  Memory Usage: 3041kB
        ->  Seq Scan on title t  (cost=0.00..73925.90 rows=539421 width=4) (actual time=0.050..1165.298 rows=459810 loops=1)
              Filter: ((kind_id < 7) AND (production_year > 2000))
              Rows Removed by Filter: 2068502
Planning time: 0.790 ms
Execution time: 3788.855 ms
