Seq Scan on movie_keyword mk  (cost=0.00..81003.12 rows=246 width=0) (actual time=0.089..1270.793 rows=1028 loops=1)
  Filter: (keyword_id = 2650)
  Rows Removed by Filter: 4522902
Planning time: 0.321 ms
Execution time: 1271.224 ms
