Seq Scan on movie_companies mc  (cost=0.00..57926.93 rows=422488 width=0) (actual time=350.155..960.097 rows=103501 loops=1)
  Filter: ((company_id > 23740) AND (company_type_id = 1))
  Rows Removed by Filter: 2505628
Planning time: 0.329 ms
Execution time: 973.109 ms
