Hash Join  (cost=206124.13..676370.04 rows=1941044 width=0) (actual time=4173.802..14976.404 rows=2058565 loops=1)
  Hash Cond: (mi.movie_id = t.id)
  ->  Seq Scan on movie_info mi  (cost=0.00..346232.03 rows=8859586 width=4) (actual time=0.020..6403.120 rows=8966694 loops=1)
        Filter: (info_type_id < 15)
        Rows Removed by Filter: 5869026
  ->  Hash  (cost=197035.46..197035.46 rows=553974 width=8) (actual time=4172.648..4172.648 rows=281565 loops=1)
        Buckets: 131072  Batches: 8  Memory Usage: 2415kB
        ->  Hash Join  (cost=90547.80..197035.46 rows=553974 width=8) (actual time=1738.987..4084.886 rows=281565 loops=1)
              Hash Cond: (mk.movie_id = t.id)
              ->  Seq Scan on movie_keyword mk  (cost=0.00..81003.12 rows=1382610 width=4) (actual time=0.028..1467.742 rows=1397228 loops=1)
                    Filter: (keyword_id < 1887)
                    Rows Removed by Filter: 3126702
              ->  Hash  (cost=73925.90..73925.90 rows=1013112 width=4) (actual time=1737.557..1737.557 rows=946533 loops=1)
                    Buckets: 131072  Batches: 16  Memory Usage: 3114kB
                    ->  Seq Scan on title t  (cost=0.00..73925.90 rows=1013112 width=4) (actual time=0.006..1426.130 rows=946533 loops=1)
                          Filter: ((kind_id > 2) AND (production_year < 2006))
                          Rows Removed by Filter: 1581779
Planning time: 1.270 ms
Execution time: 15215.367 ms
