Seq Scan on movie_companies mc  (cost=0.00..51404.11 rows=573848 width=0) (actual time=0.023..860.620 rows=572637 loops=1)
  Filter: (company_id < 607)
  Rows Removed by Filter: 2036492
Planning time: 0.203 ms
Execution time: 928.194 ms
