Hash Join  (cost=142402.42..879277.22 rows=77709 width=0) (actual time=2437.380..15980.244 rows=143434 loops=1)
  Hash Cond: (ci.movie_id = t.id)
  ->  Seq Scan on cast_info ci  (cost=0.00..705507.15 rows=8157483 width=4) (actual time=0.017..11656.477 rows=8025695 loops=1)
        Filter: (person_id < 784852)
        Rows Removed by Filter: 28218649
  ->  Hash  (cost=142101.33..142101.33 rows=24087 width=8) (actual time=2437.154..2437.154 rows=16427 loops=1)
        Buckets: 32768  Batches: 1  Memory Usage: 898kB
        ->  Hash Join  (cost=80042.24..142101.33 rows=24087 width=8) (actual time=1728.147..2432.059 rows=16427 loops=1)
              Hash Cond: (mc.movie_id = t.id)
              ->  Seq Scan on movie_companies mc  (cost=0.00..57926.93 rows=80343 width=4) (actual time=0.026..912.155 rows=129553 loops=1)
                    Filter: ((company_id < 34) AND (company_type_id < 2))
                    Rows Removed by Filter: 2479576
              ->  Hash  (cost=67604.59..67604.59 rows=758052 width=4) (actual time=1352.358..1352.358 rows=753677 loops=1)
                    Buckets: 131072  Batches: 16  Memory Usage: 2677kB
                    ->  Seq Scan on title t  (cost=0.00..67604.59 rows=758052 width=4) (actual time=0.013..1118.311 rows=753677 loops=1)
                          Filter: (kind_id < 3)
                          Rows Removed by Filter: 1774635
Planning time: 1.197 ms
Execution time: 16001.100 ms
