Hash Join  (cost=201753.98..672736.96 rows=1374779 width=0) (actual time=3963.850..14864.073 rows=1116055 loops=1)
  Hash Cond: (mi.movie_id = t.id)
  ->  Seq Scan on movie_info mi  (cost=0.00..346232.03 rows=9476311 width=4) (actual time=0.022..6703.370 rows=9565151 loops=1)
        Filter: (info_type_id < 16)
        Rows Removed by Filter: 5270569
  ->  Hash  (cost=195735.65..195735.65 rows=366827 width=8) (actual time=3963.004..3963.004 rows=166775 loops=1)
        Buckets: 131072  Batches: 8  Memory Usage: 1848kB
        ->  Hash Join  (cost=98024.21..195735.65 rows=366827 width=8) (actual time=1973.278..3910.728 rows=166775 loops=1)
              Hash Cond: (mk.movie_id = t.id)
              ->  Seq Scan on movie_keyword mk  (cost=0.00..81003.12 rows=631479 width=4) (actual time=0.025..1369.076 rows=630381 loops=1)
                    Filter: (keyword_id < 492)
                    Rows Removed by Filter: 3893549
              ->  Hash  (cost=73925.90..73925.90 rows=1468824 width=4) (actual time=1970.567..1970.567 rows=1451272 loops=1)
                    Buckets: 131072  Batches: 32  Memory Usage: 2624kB
                    ->  Seq Scan on title t  (cost=0.00..73925.90 rows=1468824 width=4) (actual time=0.005..1489.996 rows=1451272 loops=1)
                          Filter: ((kind_id > 3) AND (production_year < 2012))
                          Rows Removed by Filter: 1077040
Planning time: 1.102 ms
Execution time: 14991.766 ms
