Hash Join  (cost=98659.04..177205.10 rows=467746 width=0) (actual time=2147.250..4372.235 rows=353640 loops=1)
  Hash Cond: (mc.movie_id = t.id)
  ->  Seq Scan on movie_companies mc  (cost=0.00..57926.93 rows=784533 width=4) (actual time=0.024..1104.817 rows=1002353 loops=1)
        Filter: ((company_id > 6480) AND (company_type_id = 2))
        Rows Removed by Filter: 1606776
  ->  Hash  (cost=73925.90..73925.90 rows=1507531 width=4) (actual time=2146.076..2146.076 rows=1630311 loops=1)
        Buckets: 131072  Batches: 32  Memory Usage: 2822kB
        ->  Seq Scan on title t  (cost=0.00..73925.90 rows=1507531 width=4) (actual time=0.018..1619.833 rows=1630311 loops=1)
              Filter: ((kind_id > 1) AND (production_year > 1972))
              Rows Removed by Filter: 898001
Planning time: 0.726 ms
Execution time: 4411.084 ms
