Hash Join  (cost=190230.21..306692.70 rows=964171 width=0) (actual time=4505.003..7997.427 rows=4007611 loops=1)
  Hash Cond: (mk.movie_id = t.id)
  ->  Seq Scan on movie_keyword mk  (cost=0.00..81003.12 rows=1766573 width=4) (actual time=0.022..1487.344 rows=1773432 loops=1)
        Filter: (keyword_id < 2879)
        Rows Removed by Filter: 2750498
  ->  Hash  (cost=167588.78..167588.78 rows=1380035 width=8) (actual time=4503.915..4503.915 rows=1380035 loops=1)
        Buckets: 131072  Batches: 32  Memory Usage: 2726kB
        ->  Hash Join  (cost=102767.86..167588.78 rows=1380035 width=8) (actual time=2080.208..4101.106 rows=1380035 loops=1)
              Hash Cond: (mi_idx.movie_id = t.id)
              ->  Seq Scan on movie_info_idx mi_idx  (cost=0.00..21735.35 rows=1380035 width=4) (actual time=0.015..524.338 rows=1380035 loops=1)
              ->  Hash  (cost=61283.27..61283.27 rows=2528527 width=4) (actual time=2078.445..2078.445 rows=2528312 loops=1)
                    Buckets: 131072  Batches: 64  Memory Usage: 2415kB
                    ->  Seq Scan on title t  (cost=0.00..61283.27 rows=2528527 width=4) (actual time=0.021..986.773 rows=2528312 loops=1)
Planning time: 1.152 ms
Execution time: 8465.479 ms
