Hash Join  (cost=312112.13..1414437.70 rows=13311862 width=0) (actual time=7195.864..40021.672 rows=41397970 loops=1)
  Hash Cond: (ci.movie_id = t.id)
  ->  Seq Scan on cast_info ci  (cost=0.00..796071.18 rows=11498682 width=4) (actual time=0.019..16936.780 rows=10245001 loops=1)
        Filter: ((person_id > 324050) AND (role_id < 2))
        Rows Removed by Filter: 25999343
  ->  Hash  (cost=264086.63..264086.63 rows=2927240 width=8) (actual time=7193.964..7193.964 rows=2917741 loops=1)
        Buckets: 131072  Batches: 64  Memory Usage: 2833kB
        ->  Hash Join  (cost=102767.86..264086.63 rows=2927240 width=8) (actual time=1972.551..6321.083 rows=2917741 loops=1)
              Hash Cond: (mk.movie_id = t.id)
              ->  Seq Scan on movie_keyword mk  (cost=0.00..81003.12 rows=2927240 width=4) (actual time=0.024..1684.715 rows=2917741 loops=1)
                    Filter: (keyword_id > 2487)
                    Rows Removed by Filter: 1606189
              ->  Hash  (cost=61283.27..61283.27 rows=2528527 width=4) (actual time=1969.719..1969.719 rows=2528312 loops=1)
                    Buckets: 131072  Batches: 64  Memory Usage: 2425kB
                    ->  Seq Scan on title t  (cost=0.00..61283.27 rows=2528527 width=4) (actual time=0.010..1103.394 rows=2528312 loops=1)
Planning time: 1.320 ms
Execution time: 44727.542 ms
