Hash Join  (cost=74530.73..470207.65 rows=240064 width=0) (actual time=1151.353..9307.536 rows=84471 loops=1)
  Hash Cond: (mi.movie_id = t.id)
  ->  Seq Scan on movie_info mi  (cost=0.00..346232.03 rows=12545135 width=4) (actual time=0.019..5557.660 rows=12601870 loops=1)
        Filter: (info_type_id < 17)
        Rows Removed by Filter: 2233850
  ->  Hash  (cost=73925.90..73925.90 rows=48386 width=4) (actual time=1150.429..1150.429 rows=45023 loops=1)
        Buckets: 65536  Batches: 1  Memory Usage: 2095kB
        ->  Seq Scan on title t  (cost=0.00..73925.90 rows=48386 width=4) (actual time=0.082..1132.038 rows=45023 loops=1)
              Filter: ((kind_id > 1) AND (production_year = 2013))
              Rows Removed by Filter: 2483289
Planning time: 0.739 ms
Execution time: 9318.792 ms
