Hash Join  (cost=174403.47..924396.77 rows=796910 width=0) (actual time=6753.656..19213.419 rows=6963753 loops=1)
  Hash Cond: (ci.movie_id = t.id)
  ->  Seq Scan on cast_info ci  (cost=0.00..705507.15 rows=2925346 width=4) (actual time=2541.411..11714.236 rows=2989881 loops=1)
        Filter: (person_id > 3506353)
        Rows Removed by Filter: 33254463
  ->  Hash  (cost=163102.35..163102.35 rows=688810 width=8) (actual time=4210.935..4210.935 rows=1307690 loops=1)
        Buckets: 131072 (originally 131072)  Batches: 32 (originally 16)  Memory Usage: 3073kB
        ->  Hash Join  (cost=78556.72..163102.35 rows=688810 width=8) (actual time=1272.515..3851.162 rows=1307690 loops=1)
              Hash Cond: (mc.movie_id = t.id)
              ->  Seq Scan on movie_companies mc  (cost=0.00..44881.29 rows=2609129 width=4) (actual time=0.026..870.673 rows=2609129 loops=1)
              ->  Hash  (cost=67604.59..67604.59 rows=667531 width=4) (actual time=1270.280..1270.280 rows=662825 loops=1)
                    Buckets: 131072  Batches: 16  Memory Usage: 2476kB
                    ->  Seq Scan on title t  (cost=0.00..67604.59 rows=667531 width=4) (actual time=64.824..1069.452 rows=662825 loops=1)
                          Filter: (kind_id = 1)
                          Rows Removed by Filter: 1865487
Planning time: 1.216 ms
Execution time: 20008.019 ms
