Hash Join  (cost=99942.07..173800.18 rows=319935 width=0) (actual time=2648.652..3350.063 rows=46031 loops=1)
  Hash Cond: (mc.movie_id = t.id)
  ->  Seq Scan on movie_companies mc  (cost=0.00..57926.93 rows=510165 width=4) (actual time=603.955..964.197 rows=214680 loops=1)
        Filter: ((company_id > 14982) AND (company_type_id < 2))
        Rows Removed by Filter: 2394449
  ->  Hash  (cost=73925.90..73925.90 rows=1585693 width=4) (actual time=2040.905..2040.905 rows=1700125 loops=1)
        Buckets: 131072  Batches: 32  Memory Usage: 2896kB
        ->  Seq Scan on title t  (cost=0.00..73925.90 rows=1585693 width=4) (actual time=0.028..1507.408 rows=1700125 loops=1)
              Filter: ((kind_id > 1) AND (production_year > 1965))
              Rows Removed by Filter: 828187
Planning time: 0.754 ms
Execution time: 3354.437 ms
