Seq Scan on movie_keyword mk  (cost=0.00..81003.12 rows=4074106 width=0) (actual time=0.023..1587.311 rows=4061135 loops=1)
  Filter: (keyword_id > 349)
  Rows Removed by Filter: 462795
Planning time: 0.238 ms
Execution time: 2092.770 ms
