Hash Join  (cost=102767.86..190626.89 rows=1104426 width=0) (actual time=1851.402..4124.090 rows=1095554 loops=1)
  Hash Cond: (mc.movie_id = t.id)
  ->  Seq Scan on movie_companies mc  (cost=0.00..51404.11 rows=1104426 width=4) (actual time=0.020..931.546 rows=1095554 loops=1)
        Filter: (company_id < 7457)
        Rows Removed by Filter: 1513575
  ->  Hash  (cost=61283.27..61283.27 rows=2528527 width=4) (actual time=1850.066..1850.066 rows=2528312 loops=1)
        Buckets: 131072  Batches: 64  Memory Usage: 2415kB
        ->  Seq Scan on title t  (cost=0.00..61283.27 rows=2528527 width=4) (actual time=0.020..1031.082 rows=2528312 loops=1)
Planning time: 0.761 ms
Execution time: 4254.127 ms
