Seq Scan on movie_companies mc  (cost=0.00..51404.11 rows=104 width=0) (actual time=13.242..739.323 rows=866 loops=1)
  Filter: (company_id = 70905)
  Rows Removed by Filter: 2608263
Planning time: 0.357 ms
Execution time: 739.540 ms
