Seq Scan on movie_info mi  (cost=0.00..346232.03 rows=6066156 width=0) (actual time=0.013..5650.264 rows=6049138 loops=1)
  Filter: (info_type_id > 12)
  Rows Removed by Filter: 8786582
Planning time: 0.338 ms
Execution time: 6413.678 ms
