Seq Scan on movie_companies mc  (cost=0.00..57926.93 rows=53 width=0) (actual time=492.668..798.168 rows=5 loops=1)
  Filter: ((company_id = 93571) AND (company_type_id = 2))
  Rows Removed by Filter: 2609124
Planning time: 2.318 ms
Execution time: 798.261 ms
