Hash Join  (cost=455910.03..1416849.36 rows=72339 width=0) (actual time=8579.137..29303.532 rows=525428 loops=1)
  Hash Cond: (ci.movie_id = t.id)
  ->  Seq Scan on cast_info ci  (cost=0.00..796071.18 rows=21885962 width=4) (actual time=0.015..15643.673 rows=21113155 loops=1)
        Filter: ((person_id > 979866) AND (role_id < 9))
        Rows Removed by Filter: 15131189
  ->  Hash  (cost=455805.55..455805.55 rows=8358 width=8) (actual time=8578.772..8578.772 rows=38491 loops=1)
        Buckets: 65536 (originally 16384)  Batches: 1 (originally 1)  Memory Usage: 2016kB
        ->  Hash Join  (cost=73953.78..455805.55 rows=8358 width=8) (actual time=1019.779..8560.224 rows=38491 loops=1)
              Hash Cond: (mi.movie_id = t.id)
              ->  Seq Scan on movie_info mi  (cost=0.00..346232.03 rows=9476311 width=4) (actual time=0.016..5954.735 rows=9565151 loops=1)
                    Filter: (info_type_id < 16)
                    Rows Removed by Filter: 5270569
              ->  Hash  (cost=73925.90..73925.90 rows=2230 width=4) (actual time=1019.618..1019.618 rows=4794 loops=1)
                    Buckets: 8192 (originally 4096)  Batches: 1 (originally 1)  Memory Usage: 233kB
                    ->  Seq Scan on title t  (cost=0.00..73925.90 rows=2230 width=4) (actual time=0.472..1017.046 rows=4794 loops=1)
                          Filter: ((kind_id < 3) AND (production_year = 1974))
                          Rows Removed by Filter: 2523518
Planning time: 0.827 ms
Execution time: 29367.455 ms
