Hash Join  (cost=102767.86..296155.17 rows=4259950 width=0) (actual time=1944.242..7361.571 rows=4258684 loops=1)
  Hash Cond: (mk.movie_id = t.id)
  ->  Seq Scan on movie_keyword mk  (cost=0.00..81003.12 rows=4259950 width=4) (actual time=0.024..1808.794 rows=4258684 loops=1)
        Filter: (keyword_id < 59021)
        Rows Removed by Filter: 265246
  ->  Hash  (cost=61283.27..61283.27 rows=2528527 width=4) (actual time=1942.044..1942.044 rows=2528312 loops=1)
        Buckets: 131072  Batches: 64  Memory Usage: 2425kB
        ->  Seq Scan on title t  (cost=0.00..61283.27 rows=2528527 width=4) (actual time=0.019..1065.825 rows=2528312 loops=1)
Planning time: 4.310 ms
Execution time: 7820.741 ms
