Nested Loop  (cost=0.43..83072.29 rows=35 width=0) (actual time=16.160..1251.117 rows=28 loops=1)
  ->  Seq Scan on movie_keyword mk  (cost=0.00..81003.12 rows=246 width=4) (actual time=16.123..1247.100 rows=108 loops=1)
        Filter: (keyword_id = 37993)
        Rows Removed by Filter: 4523822
  ->  Index Scan using title_pkey on title t  (cost=0.43..8.40 rows=1 width=4) (actual time=0.033..0.034 rows=0 loops=108)
        Index Cond: (id = mk.movie_id)
        Filter: (production_year < 1969)
        Rows Removed by Filter: 1
Planning time: 0.730 ms
Execution time: 1251.226 ms
