Hash Join  (cost=160454.66..668131.23 rows=2611962 width=0) (actual time=4050.896..18589.282 rows=6929839 loops=1)
  Hash Cond: (mi.movie_id = t.id)
  ->  Seq Scan on movie_info mi  (cost=0.00..309384.22 rows=14739122 width=4) (actual time=0.018..5826.996 rows=14835720 loops=1)
  ->  Hash  (cost=153102.56..153102.56 rows=448088 width=8) (actual time=4050.127..4050.127 rows=459865 loops=1)
        Buckets: 131072  Batches: 8  Memory Usage: 3284kB
        ->  Hash Join  (cost=107928.35..153102.56 rows=448088 width=8) (actual time=2085.868..3892.112 rows=459865 loops=1)
              Hash Cond: (mi_idx.movie_id = t.id)
              ->  Seq Scan on movie_info_idx mi_idx  (cost=0.00..25185.44 rows=460978 width=4) (actual time=0.022..483.592 rows=459925 loops=1)
                    Filter: (info_type_id = 99)
                    Rows Removed by Filter: 920110
              ->  Hash  (cost=67604.59..67604.59 rows=2457821 width=4) (actual time=2085.002..2085.002 rows=2456218 loops=1)
                    Buckets: 131072  Batches: 64  Memory Usage: 2375kB
                    ->  Seq Scan on title t  (cost=0.00..67604.59 rows=2457821 width=4) (actual time=0.023..1276.462 rows=2456218 loops=1)
                          Filter: (production_year > 0)
                          Rows Removed by Filter: 72094
Planning time: 1.132 ms
Execution time: 19380.050 ms
