Hash Join  (cost=88295.76..460376.24 rows=630498 width=0) (actual time=5165.303..7619.933 rows=553320 loops=1)
  Hash Cond: (mi.movie_id = t.id)
  ->  Seq Scan on movie_info mi  (cost=0.00..346232.03 rows=1264125 width=4) (actual time=3492.737..4936.212 rows=1288928 loops=1)
        Filter: (info_type_id = 2)
        Rows Removed by Filter: 13546792
  ->  Hash  (cost=67604.59..67604.59 rows=1261134 width=4) (actual time=1671.356..1671.356 rows=1260295 loops=1)
        Buckets: 131072  Batches: 32  Memory Usage: 2420kB
        ->  Seq Scan on title t  (cost=0.00..67604.59 rows=1261134 width=4) (actual time=0.026..1213.757 rows=1260295 loops=1)
              Filter: (production_year > 2002)
              Rows Removed by Filter: 1268017
Planning time: 0.751 ms
Execution time: 7684.638 ms
