Hash Join  (cost=83073.38..447731.52 rows=221 width=0) (actual time=842.427..7337.619 rows=54 loops=1)
  Hash Cond: (mi.movie_id = t.id)
  ->  Seq Scan on movie_info mi  (cost=0.00..309384.22 rows=14739122 width=4) (actual time=0.022..4108.250 rows=14835720 loops=1)
  ->  Hash  (cost=83072.90..83072.90 rows=38 width=8) (actual time=837.273..837.273 rows=6 loops=1)
        Buckets: 1024  Batches: 1  Memory Usage: 9kB
        ->  Nested Loop  (cost=0.43..83072.90 rows=38 width=8) (actual time=11.733..837.258 rows=6 loops=1)
              ->  Seq Scan on movie_keyword mk  (cost=0.00..81003.12 rows=246 width=4) (actual time=0.664..797.744 rows=1665 loops=1)
                    Filter: (keyword_id = 5537)
                    Rows Removed by Filter: 4522265
              ->  Index Scan using title_pkey on title t  (cost=0.43..8.40 rows=1 width=4) (actual time=0.023..0.023 rows=0 loops=1665)
                    Index Cond: (id = mk.movie_id)
                    Filter: ((kind_id > 3) AND (production_year < 1985))
                    Rows Removed by Filter: 1
Planning time: 1.286 ms
Execution time: 7337.785 ms
