Hash Join  (cost=73970.35..424992.07 rows=1790 width=0) (actual time=5373.665..6323.468 rows=7739 loops=1)
  Hash Cond: (mi.movie_id = t.id)
  ->  Seq Scan on movie_info mi  (cost=0.00..346232.03 rows=1272478 width=4) (actual time=4049.603..4967.101 rows=1325361 loops=1)
        Filter: (info_type_id = 8)
        Rows Removed by Filter: 13510359
  ->  Hash  (cost=73925.90..73925.90 rows=3556 width=4) (actual time=1103.776..1103.776 rows=7687 loops=1)
        Buckets: 8192 (originally 4096)  Batches: 1 (originally 1)  Memory Usage: 335kB
        ->  Seq Scan on title t  (cost=0.00..73925.90 rows=3556 width=4) (actual time=78.448..1100.106 rows=7687 loops=1)
              Filter: ((kind_id < 7) AND (production_year < 1901))
              Rows Removed by Filter: 2520625
Planning time: 0.854 ms
Execution time: 6324.829 ms
