Seq Scan on movie_companies mc  (cost=0.00..51404.11 rows=1086974 width=0) (actual time=0.016..856.484 rows=1080452 loops=1)
  Filter: (company_id < 6926)
  Rows Removed by Filter: 1528677
Planning time: 0.348 ms
Execution time: 993.957 ms
