Hash Join  (cost=345938.81..1129210.60 rows=23260617 width=0) (actual time=8224.242..66422.661 rows=211164649 loops=1)
  Hash Cond: (mi.movie_id = t.id)
  ->  Seq Scan on movie_info mi  (cost=0.00..309384.22 rows=14739122 width=4) (actual time=0.011..6192.781 rows=14835720 loops=1)
  ->  Hash  (cost=280470.72..280470.72 rows=3990407 width=8) (actual time=8221.877..8221.877 rows=3796494 loops=1)
        Buckets: 131072  Batches: 64  Memory Usage: 3378kB
        ->  Hash Join  (cost=104196.70..280470.72 rows=3990407 width=8) (actual time=2072.660..6878.515 rows=3796494 loops=1)
              Hash Cond: (mk.movie_id = t.id)
              ->  Seq Scan on movie_keyword mk  (cost=0.00..69693.30 rows=4523930 width=4) (actual time=0.025..1431.455 rows=4523930 loops=1)
              ->  Hash  (cost=67604.59..67604.59 rows=2230329 width=4) (actual time=2070.527..2070.527 rows=2225335 loops=1)
                    Buckets: 131072  Batches: 32  Memory Usage: 3481kB
                    ->  Seq Scan on title t  (cost=0.00..67604.59 rows=2230329 width=4) (actual time=0.028..1330.587 rows=2225335 loops=1)
                          Filter: (production_year > 1958)
                          Rows Removed by Filter: 302977
Planning time: 1.204 ms
Execution time: 88698.834 ms
