Seq Scan on cast_info ci  (cost=0.00..796071.18 rows=7374982 width=0) (actual time=0.026..14469.398 rows=9232740 loops=1)
  Filter: ((person_id > 1404600) AND (role_id > 3))
  Rows Removed by Filter: 27011604
Planning time: 0.376 ms
Execution time: 15598.671 ms
