Hash Join  (cost=159535.12..912107.68 rows=178342 width=0) (actual time=2692.965..19133.232 rows=1760151 loops=1)
  Hash Cond: (ci.movie_id = t.id)
  ->  Seq Scan on cast_info ci  (cost=0.00..614943.12 rows=36225612 width=4) (actual time=0.009..8141.335 rows=36244344 loops=1)
  ->  Hash  (cost=159379.52..159379.52 rows=12448 width=8) (actual time=2692.610..2692.610 rows=22456 loops=1)
        Buckets: 32768 (originally 16384)  Batches: 1 (originally 1)  Memory Usage: 1134kB
        ->  Hash Join  (cost=74299.17..159379.52 rows=12448 width=8) (actual time=1012.274..2684.018 rows=22456 loops=1)
              Hash Cond: (mk.movie_id = t.id)
              ->  Seq Scan on movie_keyword mk  (cost=0.00..81003.12 rows=1054065 width=4) (actual time=0.025..1466.671 rows=1061117 loops=1)
                    Filter: (keyword_id < 1060)
                    Rows Removed by Filter: 3462813
              ->  Hash  (cost=73925.90..73925.90 rows=29861 width=4) (actual time=1011.970..1011.970 rows=17772 loops=1)
                    Buckets: 32768  Batches: 1  Memory Usage: 881kB
                    ->  Seq Scan on title t  (cost=0.00..73925.90 rows=29861 width=4) (actual time=135.439..1004.737 rows=17772 loops=1)
                          Filter: ((kind_id = 1) AND (production_year = 2007))
                          Rows Removed by Filter: 2510540
Planning time: 1.188 ms
Execution time: 19340.719 ms
