Hash Join  (cost=150356.28..892949.10 rows=401228 width=0) (actual time=5436.811..18042.688 rows=790170 loops=1)
  Hash Cond: (ci.movie_id = t.id)
  ->  Seq Scan on cast_info ci  (cost=0.00..705507.15 rows=2735034 width=4) (actual time=2206.282..13293.259 rows=2728943 loops=1)
        Filter: (role_id = 4)
        Rows Removed by Filter: 33515401
  ->  Hash  (cost=144270.61..144270.61 rows=370934 width=8) (actual time=3229.660..3229.660 rows=416027 loops=1)
        Buckets: 131072  Batches: 8  Memory Usage: 3062kB
        ->  Hash Join  (cost=101489.21..144270.61 rows=370934 width=8) (actual time=1986.662..3109.230 rows=416027 loops=1)
              Hash Cond: (mi_idx.movie_id = t.id)
              ->  Seq Scan on movie_info_idx mi_idx  (cost=0.00..25185.44 rows=454124 width=4) (actual time=0.026..402.377 rows=459925 loops=1)
                    Filter: (info_type_id = 100)
                    Rows Removed by Filter: 920110
              ->  Hash  (cost=67604.59..67604.59 rows=2065330 width=4) (actual time=1985.480..1985.480 rows=2064552 loops=1)
                    Buckets: 131072  Batches: 32  Memory Usage: 3289kB
                    ->  Seq Scan on title t  (cost=0.00..67604.59 rows=2065330 width=4) (actual time=0.018..1322.231 rows=2064552 loops=1)
                          Filter: (production_year < 2011)
                          Rows Removed by Filter: 463760
Planning time: 1.104 ms
Execution time: 18130.909 ms
