Hash Join  (cost=77299.57..187261.52 rows=184960 width=0) (actual time=1378.319..4089.003 rows=740903 loops=1)
  Hash Cond: (mk.movie_id = t.id)
  ->  Seq Scan on movie_keyword mk  (cost=0.00..81003.12 rows=2274993 width=4) (actual time=0.025..1553.258 rows=2274770 loops=1)
        Filter: (keyword_id < 4801)
        Rows Removed by Filter: 2249160
  ->  Hash  (cost=73925.90..73925.90 rows=205573 width=4) (actual time=1377.498..1377.498 rows=336290 loops=1)
        Buckets: 131072  Batches: 4  Memory Usage: 3989kB
        ->  Seq Scan on title t  (cost=0.00..73925.90 rows=205573 width=4) (actual time=655.764..1264.359 rows=336290 loops=1)
              Filter: ((production_year < 1994) AND (kind_id = 1))
              Rows Removed by Filter: 2192022
Planning time: 0.658 ms
Execution time: 4187.689 ms
