Seq Scan on movie_keyword mk  (cost=0.00..81003.12 rows=2789200 width=0) (actual time=0.026..678.252 rows=2779241 loops=1)
  Filter: (keyword_id < 8019)
  Rows Removed by Filter: 1744689
Planning time: 0.316 ms
Execution time: 872.016 ms
