Hash Join  (cost=98137.04..177646.86 rows=760159 width=0) (actual time=1930.871..3889.227 rows=751598 loops=1)
  Hash Cond: (mc.movie_id = t.id)
  ->  Seq Scan on movie_companies mc  (cost=0.00..51404.11 rows=1032824 width=4) (actual time=0.018..953.471 rows=1030741 loops=1)
        Filter: (company_id < 5717)
        Rows Removed by Filter: 1578388
  ->  Hash  (cost=67604.59..67604.59 rows=1860996 width=4) (actual time=1929.490..1929.490 rows=1865487 loops=1)
        Buckets: 131072  Batches: 32  Memory Usage: 3079kB
        ->  Seq Scan on title t  (cost=0.00..67604.59 rows=1860996 width=4) (actual time=0.016..1339.529 rows=1865487 loops=1)
              Filter: (kind_id > 1)
              Rows Removed by Filter: 662825
Planning time: 3.263 ms
Execution time: 3969.021 ms
