Hash Join  (cost=96023.02..896181.99 rows=13834 width=0) (actual time=4542.007..14434.867 rows=20206 loops=1)
  Hash Cond: (ci.movie_id = t.id)
  ->  Seq Scan on cast_info ci  (cost=0.00..796071.18 rows=1053185 width=4) (actual time=2730.179..12531.224 rows=345580 loops=1)
        Filter: ((person_id < 786104) AND (role_id > 9))
        Rows Removed by Filter: 35898764
  ->  Hash  (cost=95607.86..95607.86 rows=33213 width=8) (actual time=1810.917..1810.917 rows=41527 loops=1)
        Buckets: 65536  Batches: 1  Memory Usage: 2135kB
        ->  Hash Join  (cost=68365.25..95607.86 rows=33213 width=8) (actual time=1027.484..1797.245 rows=41527 loops=1)
              Hash Cond: (mi_idx.movie_id = t.id)
              ->  Seq Scan on movie_info_idx mi_idx  (cost=0.00..21735.35 rows=1380035 width=4) (actual time=0.030..391.421 rows=1380035 loops=1)
              ->  Hash  (cost=67604.59..67604.59 rows=60853 width=4) (actual time=1027.107..1027.107 rows=62568 loops=1)
                    Buckets: 65536  Batches: 1  Memory Usage: 2712kB
                    ->  Seq Scan on title t  (cost=0.00..67604.59 rows=60853 width=4) (actual time=0.030..1001.286 rows=62568 loops=1)
                          Filter: (production_year = 2002)
                          Rows Removed by Filter: 2465744
Planning time: 1.160 ms
Execution time: 14437.706 ms
