Hash Join  (cost=190230.21..332268.20 rows=1784256 width=0) (actual time=4355.322..9561.560 rows=7596997 loops=1)
  Hash Cond: (mk.movie_id = t.id)
  ->  Seq Scan on movie_keyword mk  (cost=0.00..81003.12 rows=3269148 width=4) (actual time=0.025..1786.845 rows=3257791 loops=1)
        Filter: (keyword_id < 14110)
        Rows Removed by Filter: 1266139
  ->  Hash  (cost=167588.78..167588.78 rows=1380035 width=8) (actual time=4354.031..4354.031 rows=1380035 loops=1)
        Buckets: 131072  Batches: 32  Memory Usage: 2726kB
        ->  Hash Join  (cost=102767.86..167588.78 rows=1380035 width=8) (actual time=1988.652..3931.993 rows=1380035 loops=1)
              Hash Cond: (mi_idx.movie_id = t.id)
              ->  Seq Scan on movie_info_idx mi_idx  (cost=0.00..21735.35 rows=1380035 width=4) (actual time=0.020..458.304 rows=1380035 loops=1)
              ->  Hash  (cost=61283.27..61283.27 rows=2528527 width=4) (actual time=1987.522..1987.522 rows=2528312 loops=1)
                    Buckets: 131072  Batches: 64  Memory Usage: 2415kB
                    ->  Seq Scan on title t  (cost=0.00..61283.27 rows=2528527 width=4) (actual time=0.025..1127.764 rows=2528312 loops=1)
Planning time: 1.130 ms
Execution time: 10426.478 ms
