Seq Scan on cast_info ci  (cost=0.00..796071.18 rows=5459890 width=0) (actual time=9262.317..15252.616 rows=7450377 loops=1)
  Filter: ((person_id > 884458) AND (role_id = 2))
  Rows Removed by Filter: 28793967
Planning time: 0.307 ms
Execution time: 16173.598 ms
