Hash Join  (cost=83074.74..139278.29 rows=124 width=0) (actual time=1181.317..2223.465 rows=2945 loops=1)
  Hash Cond: (mc.movie_id = t.id)
  ->  Seq Scan on movie_companies mc  (cost=0.00..51404.11 rows=1279517 width=4) (actual time=0.024..866.188 rows=1274246 loops=1)
        Filter: (company_type_id = 1)
        Rows Removed by Filter: 1334883
  ->  Hash  (cost=83071.67..83071.67 rows=246 width=8) (actual time=1179.592..1179.592 rows=394 loops=1)
        Buckets: 1024  Batches: 1  Memory Usage: 24kB
        ->  Nested Loop  (cost=0.43..83071.67 rows=246 width=8) (actual time=0.768..1179.206 rows=394 loops=1)
              ->  Seq Scan on movie_keyword mk  (cost=0.00..81003.12 rows=246 width=4) (actual time=0.723..1155.093 rows=394 loops=1)
                    Filter: (keyword_id = 4450)
                    Rows Removed by Filter: 4523536
              ->  Index Only Scan using title_pkey on title t  (cost=0.43..8.40 rows=1 width=4) (actual time=0.059..0.059 rows=1 loops=394)
                    Index Cond: (id = mk.movie_id)
                    Heap Fetches: 394
Planning time: 1.094 ms
Execution time: 2223.981 ms
