Nested Loop  (cost=0.43..146193.50 rows=8764 width=0) (actual time=0.271..5119.835 rows=10206 loops=1)
  ->  Seq Scan on movie_keyword mk  (cost=0.00..81003.12 rows=9953 width=4) (actual time=0.220..1319.885 rows=10799 loops=1)
        Filter: (keyword_id = 347)
        Rows Removed by Filter: 4513131
  ->  Index Scan using title_pkey on title t  (cost=0.43..6.54 rows=1 width=4) (actual time=0.351..0.351 rows=1 loops=10799)
        Index Cond: (id = mk.movie_id)
        Filter: (production_year < 2012)
        Rows Removed by Filter: 0
Planning time: 0.732 ms
Execution time: 5122.680 ms
