Hash Join  (cost=156632.57..225702.59 rows=217324 width=0) (actual time=3388.821..5141.589 rows=677450 loops=1)
  Hash Cond: (mc.movie_id = t.id)
  ->  Seq Scan on movie_companies mc  (cost=0.00..51404.11 rows=1182846 width=4) (actual time=0.020..973.755 rows=1176952 loops=1)
        Filter: (company_id < 10089)
        Rows Removed by Filter: 1432177
  ->  Hash  (cost=149010.49..149010.49 rows=464566 width=8) (actual time=3388.114..3388.114 rows=459925 loops=1)
        Buckets: 131072  Batches: 8  Memory Usage: 3275kB
        ->  Hash Join  (cost=102767.86..149010.49 rows=464566 width=8) (actual time=1983.639..3252.909 rows=459925 loops=1)
              Hash Cond: (mi_idx.movie_id = t.id)
              ->  Seq Scan on movie_info_idx mi_idx  (cost=0.00..25185.44 rows=464566 width=4) (actual time=0.016..471.683 rows=459925 loops=1)
                    Filter: (info_type_id = 101)
                    Rows Removed by Filter: 920110
              ->  Hash  (cost=61283.27..61283.27 rows=2528527 width=4) (actual time=1982.926..1982.926 rows=2528312 loops=1)
                    Buckets: 131072  Batches: 64  Memory Usage: 2415kB
                    ->  Seq Scan on title t  (cost=0.00..61283.27 rows=2528527 width=4) (actual time=0.017..1168.596 rows=2528312 loops=1)
Planning time: 0.793 ms
Execution time: 5217.200 ms
