Hash Join  (cost=77939.33..205273.54 rows=437617 width=0) (actual time=1436.116..5148.690 rows=1663775 loops=1)
  Hash Cond: (mk.movie_id = t.id)
  ->  Seq Scan on movie_keyword mk  (cost=0.00..69693.30 rows=4523930 width=4) (actual time=0.025..1444.690 rows=4523930 loops=1)
  ->  Hash  (cost=73925.90..73925.90 rows=244594 width=4) (actual time=1435.421..1435.421 rows=359543 loops=1)
        Buckets: 131072 (originally 131072)  Batches: 8 (originally 4)  Memory Usage: 3073kB
        ->  Seq Scan on title t  (cost=0.00..73925.90 rows=244594 width=4) (actual time=43.474..1309.196 rows=359543 loops=1)
              Filter: ((production_year < 1998) AND (kind_id = 1))
              Rows Removed by Filter: 2168769
Planning time: 0.765 ms
Execution time: 5339.100 ms
