Hash Join  (cost=67697.55..159139.71 rows=8124 width=0) (actual time=1084.149..2799.563 rows=33325 loops=1)
  Hash Cond: (mk.movie_id = t.id)
  ->  Seq Scan on movie_keyword mk  (cost=0.00..81003.12 rows=2762079 width=4) (actual time=0.019..1269.704 rows=2754759 loops=1)
        Filter: (keyword_id > 2867)
        Rows Removed by Filter: 1769171
  ->  Hash  (cost=67604.59..67604.59 rows=7437 width=4) (actual time=1083.465..1083.465 rows=23799 loops=1)
        Buckets: 32768 (originally 8192)  Batches: 1 (originally 1)  Memory Usage: 1093kB
        ->  Seq Scan on title t  (cost=0.00..67604.59 rows=7437 width=4) (actual time=0.017..1072.174 rows=23799 loops=1)
              Filter: (production_year = 1991)
              Rows Removed by Filter: 2504513
Planning time: 0.526 ms
Execution time: 2804.019 ms
