Seq Scan on movie_keyword mk  (cost=0.00..81003.12 rows=3942198 width=0) (actual time=0.014..1597.802 rows=3944499 loops=1)
  Filter: (keyword_id < 31648)
  Rows Removed by Filter: 579431
Planning time: 0.306 ms
Execution time: 2081.913 ms
