Hash Join  (cost=186582.62..1001537.79 rows=2207357 width=0) (actual time=7088.893..21679.184 rows=837274 loops=1)
  Hash Cond: (ci.movie_id = t.id)
  ->  Seq Scan on cast_info ci  (cost=0.00..705507.15 rows=7298253 width=4) (actual time=2898.907..13973.807 rows=7451973 loops=1)
        Filter: (role_id = 2)
        Rows Removed by Filter: 28792371
  ->  Hash  (cost=174035.21..174035.21 rows=764753 width=8) (actual time=4189.035..4189.035 rows=198625 loops=1)
        Buckets: 131072  Batches: 16  Memory Usage: 1503kB
        ->  Hash Join  (cost=92883.59..174035.21 rows=764753 width=8) (actual time=2484.890..4127.282 rows=198625 loops=1)
              Hash Cond: (mc.movie_id = t.id)
              ->  Seq Scan on movie_companies mc  (cost=0.00..51404.11 rows=1254996 width=4) (actual time=0.033..996.242 rows=1267060 loops=1)
                    Filter: (company_id > 11472)
                    Rows Removed by Filter: 1342069
              ->  Hash  (cost=67604.59..67604.59 rows=1540800 width=4) (actual time=2162.668..2162.668 rows=1543264 loops=1)
                    Buckets: 131072  Batches: 32  Memory Usage: 2722kB
                    ->  Seq Scan on title t  (cost=0.00..67604.59 rows=1540800 width=4) (actual time=0.021..1316.244 rows=1543264 loops=1)
                          Filter: (kind_id = 7)
                          Rows Removed by Filter: 985048
Planning time: 1.128 ms
Execution time: 21782.638 ms
