Hash Join  (cost=81530.55..116910.10 rows=154745 width=0) (actual time=1515.673..2706.150 rows=189745 loops=1)
  Hash Cond: (mi_idx.movie_id = t.id)
  ->  Seq Scan on movie_info_idx mi_idx  (cost=0.00..25185.44 rows=460978 width=4) (actual time=0.027..501.913 rows=459925 loops=1)
        Filter: (info_type_id = 99)
        Rows Removed by Filter: 920110
  ->  Hash  (cost=67604.59..67604.59 rows=848797 width=4) (actual time=1514.511..1514.511 rows=849141 loops=1)
        Buckets: 131072  Batches: 16  Memory Usage: 2892kB
        ->  Seq Scan on title t  (cost=0.00..67604.59 rows=848797 width=4) (actual time=0.021..1246.078 rows=849141 loops=1)
              Filter: (production_year < 1996)
              Rows Removed by Filter: 1679171
Planning time: 1.545 ms
Execution time: 2730.865 ms
