Seq Scan on movie_companies mc  (cost=0.00..51404.11 rows=512351 width=0) (actual time=0.023..774.773 rows=512807 loops=1)
  Filter: (company_id < 474)
  Rows Removed by Filter: 2096322
Planning time: 0.308 ms
Execution time: 839.894 ms
