Nested Loop  (cost=0.43..709671.90 rows=500 width=0) (actual time=561.248..9463.535 rows=654 loops=1)
  ->  Seq Scan on cast_info ci  (cost=0.00..705507.15 rows=500 width=4) (actual time=561.150..9451.577 rows=654 loops=1)
        Filter: (person_id = 2495941)
        Rows Removed by Filter: 36243690
  ->  Index Only Scan using title_pkey on title t  (cost=0.43..8.32 rows=1 width=4) (actual time=0.017..0.018 rows=1 loops=654)
        Index Cond: (id = ci.movie_id)
        Heap Fetches: 654
Planning time: 0.728 ms
Execution time: 9463.782 ms
