Hash Join  (cost=719511.94..2648536.13 rows=67387735 width=0) (actual time=22435.427..127044.502 rows=284863572 loops=1)
  Hash Cond: (ci.movie_id = t.id)
  ->  Seq Scan on cast_info ci  (cost=0.00..705507.15 rows=29594263 width=4) (actual time=0.178..16745.511 rows=29525347 loops=1)
        Filter: (person_id < 2989021)
        Rows Removed by Filter: 6718997
  ->  Hash  (cost=625051.03..625051.03 rows=5757593 width=8) (actual time=22432.273..22432.273 rows=10872384 loops=1)
        Buckets: 131072 (originally 131072)  Batches: 256 (originally 128)  Memory Usage: 3073kB
        ->  Hash Join  (cost=83810.17..625051.03 rows=5757593 width=8) (actual time=1530.550..18573.308 rows=10872384 loops=1)
              Hash Cond: (mi.movie_id = t.id)
              ->  Seq Scan on movie_info mi  (cost=0.00..309384.22 rows=14739122 width=4) (actual time=0.015..6075.260 rows=14835720 loops=1)
              ->  Hash  (cost=67604.59..67604.59 rows=987727 width=4) (actual time=1529.783..1529.783 rows=985048 loops=1)
                    Buckets: 131072  Batches: 16  Memory Usage: 3197kB
                    ->  Seq Scan on title t  (cost=0.00..67604.59 rows=987727 width=4) (actual time=0.022..1192.364 rows=985048 loops=1)
                          Filter: (kind_id < 7)
                          Rows Removed by Filter: 1543264
Planning time: 1.179 ms
Execution time: 157672.174 ms
