Hash Join  (cost=131622.73..1148913.71 rows=3845152 width=0) (actual time=2924.643..33065.466 rows=12245647 loops=1)
  Hash Cond: (ci.movie_id = t.id)
  ->  Seq Scan on cast_info ci  (cost=0.00..705507.15 rows=23499554 width=4) (actual time=0.023..16090.178 rows=23573656 loops=1)
        Filter: (role_id > 1)
        Rows Removed by Filter: 12670688
  ->  Hash  (cost=124834.06..124834.06 rows=413734 width=8) (actual time=2923.629..2923.629 rows=742958 loops=1)
        Buckets: 131072 (originally 131072)  Batches: 16 (originally 8)  Memory Usage: 3073kB
        ->  Hash Join  (cost=80042.24..124834.06 rows=413734 width=8) (actual time=1407.757..2739.783 rows=742958 loops=1)
              Hash Cond: (mi_idx.movie_id = t.id)
              ->  Seq Scan on movie_info_idx mi_idx  (cost=0.00..21735.35 rows=1380035 width=4) (actual time=0.026..446.496 rows=1380035 loops=1)
              ->  Hash  (cost=67604.59..67604.59 rows=758052 width=4) (actual time=1406.902..1406.902 rows=753677 loops=1)
                    Buckets: 131072  Batches: 16  Memory Usage: 2677kB
                    ->  Seq Scan on title t  (cost=0.00..67604.59 rows=758052 width=4) (actual time=0.019..1158.830 rows=753677 loops=1)
                          Filter: (kind_id < 3)
                          Rows Removed by Filter: 1774635
Planning time: 1.145 ms
Execution time: 34449.185 ms
