Hash Join  (cost=161751.76..523805.33 rows=48059 width=0) (actual time=2842.680..8043.428 rows=13348 loops=1)
  Hash Cond: (mi.movie_id = t.id)
  ->  Seq Scan on movie_info mi  (cost=0.00..346232.03 rows=3068194 width=4) (actual time=0.013..4767.183 rows=3036719 loops=1)
        Filter: (info_type_id = 16)
        Rows Removed by Filter: 11799001
  ->  Hash  (cost=161256.69..161256.69 rows=39605 width=8) (actual time=2838.091..2838.091 rows=10497 loops=1)
        Buckets: 65536  Batches: 1  Memory Usage: 923kB
        ->  Hash Join  (cost=74202.60..161256.69 rows=39605 width=8) (actual time=1603.385..2834.590 rows=10497 loops=1)
              Hash Cond: (mk.movie_id = t.id)
              ->  Seq Scan on movie_keyword mk  (cost=0.00..69693.30 rows=4523930 width=4) (actual time=0.012..893.696 rows=4523930 loops=1)
              ->  Hash  (cost=73925.90..73925.90 rows=22136 width=4) (actual time=1109.981..1109.981 rows=24301 loops=1)
                    Buckets: 32768  Batches: 1  Memory Usage: 1111kB
                    ->  Seq Scan on title t  (cost=0.00..73925.90 rows=22136 width=4) (actual time=0.769..1099.615 rows=24301 loops=1)
                          Filter: ((kind_id = 7) AND (production_year = 1996))
                          Rows Removed by Filter: 2504011
Planning time: 1.205 ms
Execution time: 8044.927 ms
