Hash Join  (cost=613399.44..2169959.70 rows=37664109 width=0) (actual time=16933.232..94088.448 rows=163463666 loops=1)
  Hash Cond: (ci.movie_id = t.id)
  ->  Seq Scan on cast_info ci  (cost=0.00..614943.12 rows=36225612 width=4) (actual time=0.021..13479.133 rows=36244344 loops=1)
  ->  Hash  (cost=570267.78..570267.78 rows=2628933 width=8) (actual time=16930.976..16930.976 rows=5996166 loops=1)
        Buckets: 131072 (originally 131072)  Batches: 128 (originally 64)  Memory Usage: 3073kB
        ->  Hash Join  (cost=85435.26..570267.78 rows=2628933 width=8) (actual time=1465.871..14771.877 rows=5996166 loops=1)
              Hash Cond: (mi.movie_id = t.id)
              ->  Seq Scan on movie_info mi  (cost=0.00..346232.03 rows=9476311 width=4) (actual time=0.027..6498.474 rows=9565151 loops=1)
                    Filter: (info_type_id < 16)
                    Rows Removed by Filter: 5270569
              ->  Hash  (cost=73925.90..73925.90 rows=701468 width=4) (actual time=1464.936..1464.936 rows=749931 loops=1)
                    Buckets: 131072  Batches: 16  Memory Usage: 2682kB
                    ->  Seq Scan on title t  (cost=0.00..73925.90 rows=701468 width=4) (actual time=0.021..1225.188 rows=749931 loops=1)
                          Filter: ((kind_id < 7) AND (production_year < 2009))
                          Rows Removed by Filter: 1778381
Planning time: 1.219 ms
Execution time: 112949.460 ms
