Hash Join  (cost=432151.40..1176201.97 rows=277703 width=0) (actual time=7541.803..20674.047 rows=708125 loops=1)
  Hash Cond: (ci.movie_id = t.id)
  ->  Seq Scan on cast_info ci  (cost=0.00..705507.15 rows=9537697 width=4) (actual time=0.096..10289.680 rows=9362402 loops=1)
        Filter: (person_id < 921439)
        Rows Removed by Filter: 26881942
  ->  Hash  (cost=431231.13..431231.13 rows=73622 width=8) (actual time=7540.750..7540.750 rows=60355 loops=1)
        Buckets: 131072  Batches: 1  Memory Usage: 3382kB
        ->  Hash Join  (cost=70241.71..431231.13 rows=73622 width=8) (actual time=4896.375..7516.929 rows=60355 loops=1)
              Hash Cond: (mi.movie_id = t.id)
              ->  Seq Scan on movie_info mi  (cost=0.00..346232.03 rows=1158179 width=4) (actual time=3313.692..5624.606 rows=1204709 loops=1)
                    Filter: (info_type_id > 18)
                    Rows Removed by Filter: 13631011
              ->  Hash  (cost=67604.59..67604.59 rows=160730 width=4) (actual time=1351.985..1351.985 rows=160017 loops=1)
                    Buckets: 131072  Batches: 4  Memory Usage: 2442kB
                    ->  Seq Scan on title t  (cost=0.00..67604.59 rows=160730 width=4) (actual time=0.025..1284.452 rows=160017 loops=1)
                          Filter: (production_year = 2011)
                          Rows Removed by Filter: 2368295
Planning time: 1.174 ms
Execution time: 20761.260 ms
