Hash Join  (cost=832324.71..961960.04 rows=626529 width=0) (actual time=15508.444..19028.329 rows=1859874 loops=1)
  Hash Cond: (mk.movie_id = t.id)
  ->  Seq Scan on movie_keyword mk  (cost=0.00..69693.30 rows=4523930 width=4) (actual time=0.025..1383.225 rows=4523930 loops=1)
  ->  Hash  (cost=826579.45..826579.45 rows=350181 width=8) (actual time=15507.503..15507.503 rows=316118 loops=1)
        Buckets: 131072  Batches: 8  Memory Usage: 2577kB
        ->  Hash Join  (cost=102767.86..826579.45 rows=350181 width=8) (actual time=3056.395..15410.184 rows=316118 loops=1)
              Hash Cond: (ci.movie_id = t.id)
              ->  Seq Scan on cast_info ci  (cost=0.00..705507.15 rows=350181 width=4) (actual time=1087.553..12765.538 rows=316118 loops=1)
                    Filter: (role_id = 11)
                    Rows Removed by Filter: 35928226
              ->  Hash  (cost=61283.27..61283.27 rows=2528527 width=4) (actual time=1967.818..1967.818 rows=2528312 loops=1)
                    Buckets: 131072  Batches: 64  Memory Usage: 2415kB
                    ->  Seq Scan on title t  (cost=0.00..61283.27 rows=2528527 width=4) (actual time=0.022..1115.007 rows=2528312 loops=1)
Planning time: 1.568 ms
Execution time: 19209.778 ms
