Hash Join  (cost=430423.98..492681.14 rows=16379 width=0) (actual time=7401.124..8631.602 rows=191085 loops=1)
  Hash Cond: (mc.movie_id = t.id)
  ->  Seq Scan on movie_companies mc  (cost=0.00..57926.93 rows=1111049 width=4) (actual time=447.758..1169.423 rows=1233347 loops=1)
        Filter: ((company_id > 302) AND (company_type_id = 2))
        Rows Removed by Filter: 1375782
  ->  Hash  (cost=429958.04..429958.04 rows=37275 width=8) (actual time=6952.721..6952.721 rows=133038 loops=1)
        Buckets: 131072 (originally 65536)  Batches: 2 (originally 1)  Memory Usage: 3667kB
        ->  Hash Join  (cost=77961.21..429958.04 rows=37275 width=8) (actual time=6160.853..6906.927 rows=133038 loops=1)
              Hash Cond: (mi.movie_id = t.id)
              ->  Seq Scan on movie_info mi  (cost=0.00..346232.03 rows=383217 width=4) (actual time=4748.905..5286.554 rows=368218 loops=1)
                    Filter: (info_type_id = 17)
                    Rows Removed by Filter: 14467502
              ->  Hash  (cost=73925.90..73925.90 rows=245944 width=4) (actual time=1336.230..1336.230 rows=357497 loops=1)
                    Buckets: 131072 (originally 131072)  Batches: 8 (originally 4)  Memory Usage: 3073kB
                    ->  Seq Scan on title t  (cost=0.00..73925.90 rows=245944 width=4) (actual time=0.048..1210.186 rows=357497 loops=1)
                          Filter: ((kind_id < 7) AND (production_year < 1987))
                          Rows Removed by Filter: 2170815
Planning time: 2.833 ms
Execution time: 8655.377 ms
