Hash Join  (cost=103574.60..194412.50 rows=982583 width=0) (actual time=2476.000..4848.205 rows=990000 loops=1)
  Hash Cond: (mc.movie_id = t.id)
  ->  Seq Scan on movie_companies mc  (cost=0.00..57926.93 rows=1133227 width=4) (actual time=93.283..1121.579 rows=1243174 loops=1)
        Filter: ((company_id > 225) AND (company_type_id = 2))
        Rows Removed by Filter: 1365955
  ->  Hash  (cost=67604.59..67604.59 rows=2192401 width=4) (actual time=2381.938..2381.938 rows=2182316 loops=1)
        Buckets: 131072  Batches: 32  Memory Usage: 3425kB
        ->  Seq Scan on title t  (cost=0.00..67604.59 rows=2192401 width=4) (actual time=0.016..1403.198 rows=2182316 loops=1)
              Filter: (production_year > 1962)
              Rows Removed by Filter: 345996
Planning time: 0.795 ms
Execution time: 4976.188 ms
