Seq Scan on cast_info ci  (cost=0.00..796071.18 rows=435 width=0) (actual time=3777.078..14048.961 rows=1028 loops=1)
  Filter: ((role_id < 10) AND (person_id = 1561915))
  Rows Removed by Filter: 36243316
Planning time: 0.426 ms
Execution time: 14049.209 ms
