Seq Scan on cast_info ci  (cost=0.00..796071.18 rows=1960114 width=0) (actual time=111.480..11414.452 rows=2096900 loops=1)
  Filter: ((person_id < 214060) AND (role_id < 10))
  Rows Removed by Filter: 34147444
Planning time: 0.333 ms
Execution time: 11667.815 ms
