Hash Join  (cost=107928.35..1082106.60 rows=11175905 width=0) (actual time=3812.918..24874.189 rows=11344917 loops=1)
  Hash Cond: (ci.movie_id = t.id)
  ->  Seq Scan on cast_info ci  (cost=0.00..705507.15 rows=11497411 width=4) (actual time=1651.221..12826.622 rows=11515492 loops=1)
        Filter: (person_id > 2546260)
        Rows Removed by Filter: 24728852
  ->  Hash  (cost=67604.59..67604.59 rows=2457821 width=4) (actual time=2160.075..2160.075 rows=2456218 loops=1)
        Buckets: 131072  Batches: 64  Memory Usage: 2375kB
        ->  Seq Scan on title t  (cost=0.00..67604.59 rows=2457821 width=4) (actual time=0.035..1348.029 rows=2456218 loops=1)
              Filter: (production_year > 0)
              Rows Removed by Filter: 72094
Planning time: 0.819 ms
Execution time: 26163.339 ms
