Seq Scan on cast_info ci  (cost=0.00..796071.18 rows=7241363 width=0) (actual time=3720.904..15050.895 rows=12670688 loops=1)
  Filter: ((person_id < 2064124) AND (role_id < 2))
  Rows Removed by Filter: 23573656
Planning time: 11.996 ms
Execution time: 16607.027 ms
