Seq Scan on movie_companies mc  (cost=0.00..51404.11 rows=104 width=0) (actual time=7.105..690.253 rows=101 loops=1)
  Filter: (company_id = 75231)
  Rows Removed by Filter: 2609028
Planning time: 0.391 ms
Execution time: 690.352 ms
