Seq Scan on movie_keyword mk  (cost=0.00..81003.12 rows=639008 width=0) (actual time=0.035..1301.676 rows=650842 loops=1)
  Filter: (keyword_id > 28880)
  Rows Removed by Filter: 3873088
Planning time: 0.297 ms
Execution time: 1380.947 ms
