Seq Scan on movie_keyword mk  (cost=0.00..81003.12 rows=135644 width=0) (actual time=0.025..1222.454 rows=132281 loops=1)
  Filter: (keyword_id > 76018)
  Rows Removed by Filter: 4391649
Planning time: 0.327 ms
Execution time: 1240.312 ms
