Hash Join  (cost=69002.72..187518.39 rows=105293 width=0) (actual time=1029.938..3817.246 rows=104020 loops=1)
  Hash Cond: (mk.movie_id = t.id)
  ->  Seq Scan on movie_keyword mk  (cost=0.00..81003.12 rows=3124429 width=4) (actual time=0.025..1739.604 rows=3107543 loops=1)
        Filter: (keyword_id > 1941)
        Rows Removed by Filter: 1416387
  ->  Hash  (cost=67604.59..67604.59 rows=85211 width=4) (actual time=1028.944..1028.944 rows=84593 loops=1)
        Buckets: 131072  Batches: 2  Memory Usage: 2524kB
        ->  Seq Scan on title t  (cost=0.00..67604.59 rows=85211 width=4) (actual time=0.030..993.977 rows=84593 loops=1)
              Filter: (production_year = 2004)
              Rows Removed by Filter: 2443719
Planning time: 0.738 ms
Execution time: 3830.871 ms
