Hash Join  (cost=146924.46..661244.36 rows=3234597 width=0) (actual time=3313.433..16192.788 rows=2770260 loops=1)
  Hash Cond: (mi.movie_id = t.id)
  ->  Seq Scan on movie_info mi  (cost=0.00..309384.22 rows=14739122 width=4) (actual time=0.008..5846.768 rows=14835720 loops=1)
  ->  Hash  (cost=137820.18..137820.18 rows=554902 width=8) (actual time=3122.417..3122.417 rows=309714 loops=1)
        Buckets: 131072  Batches: 8  Memory Usage: 2543kB
        ->  Hash Join  (cost=90606.68..137820.18 rows=554902 width=8) (actual time=1777.987..3023.253 rows=309714 loops=1)
              Hash Cond: (mi_idx.movie_id = t.id)
              ->  Seq Scan on movie_info_idx mi_idx  (cost=0.00..21735.35 rows=1380035 width=4) (actual time=0.017..472.791 rows=1380035 loops=1)
              ->  Hash  (cost=73925.90..73925.90 rows=1016702 width=4) (actual time=1652.577..1652.577 rows=960113 loops=1)
                    Buckets: 131072  Batches: 16  Memory Usage: 3135kB
                    ->  Seq Scan on title t  (cost=0.00..73925.90 rows=1016702 width=4) (actual time=0.024..1352.425 rows=960113 loops=1)
                          Filter: ((production_year < 2008) AND (kind_id = 7))
                          Rows Removed by Filter: 1568199
Planning time: 1.520 ms
Execution time: 16503.171 ms
