Seq Scan on movie_companies mc  (cost=0.00..51404.11 rows=104 width=0) (actual time=85.718..741.958 rows=246 loops=1)
  Filter: (company_id = 12788)
  Rows Removed by Filter: 2608883
Planning time: 0.391 ms
Execution time: 742.127 ms
