Hash Join  (cost=86713.18..131704.42 rows=425376 width=0) (actual time=1479.993..2839.133 rows=730593 loops=1)
  Hash Cond: (mi_idx.movie_id = t.id)
  ->  Seq Scan on movie_info_idx mi_idx  (cost=0.00..21735.35 rows=1380035 width=4) (actual time=0.013..421.082 rows=1380035 loops=1)
  ->  Hash  (cost=73925.90..73925.90 rows=779382 width=4) (actual time=1479.191..1479.191 rows=689555 loops=1)
        Buckets: 131072  Batches: 16  Memory Usage: 2540kB
        ->  Seq Scan on title t  (cost=0.00..73925.90 rows=779382 width=4) (actual time=0.019..1260.673 rows=689555 loops=1)
              Filter: ((kind_id < 7) AND (production_year > 1976))
              Rows Removed by Filter: 1838757
Planning time: 0.545 ms
Execution time: 2929.221 ms
