Seq Scan on movie_keyword mk  (cost=0.00..81003.12 rows=2392845 width=0) (actual time=0.033..1465.241 rows=2393086 loops=1)
  Filter: (keyword_id < 5553)
  Rows Removed by Filter: 2130844
Planning time: 0.483 ms
Execution time: 1758.630 ms
