Hash Join  (cost=82955.72..125802.13 rows=300393 width=0) (actual time=1269.924..2416.583 rows=135423 loops=1)
  Hash Cond: (mi_idx.movie_id = t.id)
  ->  Seq Scan on movie_info_idx mi_idx  (cost=0.00..21735.35 rows=1380035 width=4) (actual time=0.021..453.916 rows=1380035 loops=1)
  ->  Hash  (cost=73925.90..73925.90 rows=550385 width=4) (actual time=1269.000..1269.000 rows=602403 loops=1)
        Buckets: 131072  Batches: 8  Memory Usage: 3672kB
        ->  Seq Scan on title t  (cost=0.00..73925.90 rows=550385 width=4) (actual time=0.023..1081.306 rows=602403 loops=1)
              Filter: ((production_year > 2006) AND (kind_id = 7))
              Rows Removed by Filter: 1925909
Planning time: 0.741 ms
Execution time: 2432.541 ms
