Seq Scan on movie_keyword mk  (cost=0.00..81003.12 rows=3315598 width=0) (actual time=0.024..1544.594 rows=3313483 loops=1)
  Filter: (keyword_id > 1517)
  Rows Removed by Filter: 1210447
Planning time: 0.481 ms
Execution time: 1969.481 ms
