Hash Join  (cost=354820.39..1681680.62 rows=26837726 width=0) (actual time=9002.349..46758.156 rows=58249070 loops=1)
  Hash Cond: (ci.movie_id = t.id)
  ->  Seq Scan on cast_info ci  (cost=0.00..796071.18 rows=16059037 width=4) (actual time=398.557..16020.095 rows=14719224 loops=1)
        Filter: ((person_id > 1746501) AND (role_id < 10))
        Rows Removed by Filter: 21525120
  ->  Hash  (cost=285492.73..285492.73 rows=4225653 width=8) (actual time=8602.270..8602.270 rows=4441372 loops=1)
        Buckets: 131072  Batches: 64  Memory Usage: 3761kB
        ->  Hash Join  (cost=106353.25..285492.73 rows=4225653 width=8) (actual time=2067.022..7087.423 rows=4441372 loops=1)
              Hash Cond: (mk.movie_id = t.id)
              ->  Seq Scan on movie_keyword mk  (cost=0.00..69693.30 rows=4523930 width=4) (actual time=0.028..1400.338 rows=4523930 loops=1)
              ->  Hash  (cost=67604.59..67604.59 rows=2361813 width=4) (actual time=2065.848..2065.848 rows=2357639 loops=1)
                    Buckets: 131072  Batches: 32  Memory Usage: 3627kB
                    ->  Seq Scan on title t  (cost=0.00..67604.59 rows=2361813 width=4) (actual time=0.017..1324.568 rows=2357639 loops=1)
                          Filter: (production_year > 1923)
                          Rows Removed by Filter: 170673
Planning time: 1.150 ms
Execution time: 52984.588 ms
