Hash Join  (cost=74056.90..128830.57 rows=10814 width=0) (actual time=1220.085..2224.259 rows=13248 loops=1)
  Hash Cond: (mc.movie_id = t.id)
  ->  Seq Scan on movie_companies mc  (cost=0.00..44881.29 rows=2609129 width=4) (actual time=0.019..619.118 rows=2609129 loops=1)
  ->  Hash  (cost=73925.90..73925.90 rows=10480 width=4) (actual time=1085.460..1085.460 rows=5587 loops=1)
        Buckets: 16384  Batches: 1  Memory Usage: 325kB
        ->  Seq Scan on title t  (cost=0.00..73925.90 rows=10480 width=4) (actual time=194.201..1082.778 rows=5587 loops=1)
              Filter: ((kind_id = 1) AND (production_year = 1995))
              Rows Removed by Filter: 2522725
Planning time: 1.455 ms
Execution time: 2226.486 ms
