Seq Scan on movie_keyword mk  (cost=0.00..81003.12 rows=2080716 width=0) (actual time=0.024..1458.563 rows=2090322 loops=1)
  Filter: (keyword_id < 3741)
  Rows Removed by Filter: 2433608
Planning time: 0.341 ms
Execution time: 1735.018 ms
