Hash Join  (cost=643896.31..2379167.19 rows=46244867 width=0) (actual time=18098.687..75492.938 rows=95252682 loops=1)
  Hash Cond: (ci.movie_id = t.id)
  ->  Seq Scan on cast_info ci  (cost=0.00..614943.12 rows=36225612 width=4) (actual time=0.021..13709.612 rows=36244344 loops=1)
  ->  Hash  (cost=590939.00..590939.00 rows=3227865 width=8) (actual time=18096.074..18096.074 rows=4689644 loops=1)
        Buckets: 131072  Batches: 64  Memory Usage: 3893kB
        ->  Hash Join  (cost=76690.42..590939.00 rows=3227865 width=8) (actual time=1248.521..16709.727 rows=4689644 loops=1)
              Hash Cond: (mi.movie_id = t.id)
              ->  Seq Scan on movie_info mi  (cost=0.00..309384.22 rows=14739122 width=4) (actual time=0.020..5968.470 rows=14835720 loops=1)
              ->  Hash  (cost=67604.59..67604.59 rows=553747 width=4) (actual time=1247.627..1247.627 rows=552960 loops=1)
                    Buckets: 131072  Batches: 8  Memory Usage: 3452kB
                    ->  Seq Scan on title t  (cost=0.00..67604.59 rows=553747 width=4) (actual time=0.022..1068.358 rows=552960 loops=1)
                          Filter: (production_year < 1983)
                          Rows Removed by Filter: 1975352
Planning time: 3.475 ms
Execution time: 85452.490 ms
