Hash Join  (cost=83073.49..109987.77 rows=18 width=0) (actual time=1264.363..1740.706 rows=25 loops=1)
  Hash Cond: (mi_idx.movie_id = t.id)
  ->  Seq Scan on movie_info_idx mi_idx  (cost=0.00..25185.44 rows=460978 width=4) (actual time=0.020..423.052 rows=459925 loops=1)
        Filter: (info_type_id < 100)
        Rows Removed by Filter: 920110
  ->  Hash  (cost=83072.29..83072.29 rows=96 width=8) (actual time=1253.100..1253.100 rows=29 loops=1)
        Buckets: 1024  Batches: 1  Memory Usage: 10kB
        ->  Nested Loop  (cost=0.43..83072.29 rows=96 width=8) (actual time=9.991..1253.048 rows=29 loops=1)
              ->  Seq Scan on movie_keyword mk  (cost=0.00..81003.12 rows=246 width=4) (actual time=9.931..1250.009 rows=41 loops=1)
                    Filter: (keyword_id = 13566)
                    Rows Removed by Filter: 4523889
              ->  Index Scan using title_pkey on title t  (cost=0.43..8.40 rows=1 width=4) (actual time=0.068..0.069 rows=1 loops=41)
                    Index Cond: (id = mk.movie_id)
                    Filter: (kind_id < 7)
                    Rows Removed by Filter: 0
Planning time: 1.129 ms
Execution time: 1740.851 ms
