Seq Scan on cast_info ci  (cost=0.00..796071.18 rows=3577382 width=0) (actual time=9969.717..11306.103 rows=1074263 loops=1)
  Filter: ((person_id > 3231680) AND (role_id < 8))
  Rows Removed by Filter: 35170081
Planning time: 0.356 ms
Execution time: 11438.534 ms
