Hash Join  (cost=263115.61..1279974.44 rows=8912894 width=0) (actual time=8761.583..26990.694 rows=10820808 loops=1)
  Hash Cond: (ci.movie_id = t.id)
  ->  Seq Scan on cast_info ci  (cost=0.00..796071.18 rows=8637554 width=4) (actual time=2411.940..13879.544 rows=6385042 loops=1)
        Filter: ((person_id > 2723100) AND (role_id < 10))
        Rows Removed by Filter: 29859302
  ->  Hash  (cost=220309.49..220309.49 rows=2609129 width=8) (actual time=6347.966..6347.966 rows=2609129 loops=1)
        Buckets: 131072  Batches: 64  Memory Usage: 2610kB
        ->  Hash Join  (cost=102767.86..220309.49 rows=2609129 width=8) (actual time=2234.301..5619.509 rows=2609129 loops=1)
              Hash Cond: (mc.movie_id = t.id)
              ->  Seq Scan on movie_companies mc  (cost=0.00..44881.29 rows=2609129 width=4) (actual time=0.017..881.132 rows=2609129 loops=1)
              ->  Hash  (cost=61283.27..61283.27 rows=2528527 width=4) (actual time=2233.152..2233.152 rows=2528312 loops=1)
                    Buckets: 131072  Batches: 64  Memory Usage: 2415kB
                    ->  Seq Scan on title t  (cost=0.00..61283.27 rows=2528527 width=4) (actual time=0.036..1126.386 rows=2528312 loops=1)
Planning time: 4.908 ms
Execution time: 28204.469 ms
