Hash Join  (cost=76451.62..1028275.67 rows=415336 width=136) (actual time=1571.045..23201.925 rows=629955 loops=1)
  Hash Cond: (ci.movie_id = t.id)
  ->  Seq Scan on cast_info ci  (cost=0.00..705507.15 rows=11290277 width=42) (actual time=0.045..14268.017 rows=11212691 loops=1)
        Filter: (person_id < 1100407)
        Rows Removed by Filter: 25031653
  ->  Hash  (cost=73925.90..73925.90 rows=93017 width=94) (actual time=1570.652..1570.652 rows=99957 loops=1)
        Buckets: 32768  Batches: 4  Memory Usage: 3084kB
        ->  Seq Scan on title t  (cost=0.00..73925.90 rows=93017 width=94) (actual time=0.020..1531.054 rows=99957 loops=1)
              Filter: ((production_year > 1950) AND (kind_id = 3))
              Rows Removed by Filter: 2428355
Planning time: 0.936 ms
Execution time: 23239.044 ms
