Hash Join  (cost=80897.02..122568.49 rows=231899 width=0) (actual time=1340.423..2584.516 rows=311038 loops=1)
  Hash Cond: (mi_idx.movie_id = t.id)
  ->  Seq Scan on movie_info_idx mi_idx  (cost=0.00..21735.35 rows=1380035 width=4) (actual time=0.021..478.362 rows=1380035 loops=1)
  ->  Hash  (cost=73925.90..73925.90 rows=424889 width=4) (actual time=1339.361..1339.361 rows=309098 loops=1)
        Buckets: 131072  Batches: 8  Memory Usage: 2386kB
        ->  Seq Scan on title t  (cost=0.00..73925.90 rows=424889 width=4) (actual time=0.014..1227.105 rows=309098 loops=1)
              Filter: ((production_year > 1995) AND (kind_id = 1))
              Rows Removed by Filter: 2219214
Planning time: 0.784 ms
Execution time: 2624.432 ms
