Seq Scan on movie_keyword mk  (cost=0.00..81003.12 rows=1987971 width=0) (actual time=0.021..1334.378 rows=1994049 loops=1)
  Filter: (keyword_id > 6283)
  Rows Removed by Filter: 2529881
Planning time: 0.221 ms
Execution time: 1561.291 ms
