Hash Join  (cost=461128.14..1566664.68 rows=6982931 width=0) (actual time=8418.086..47514.547 rows=14594195 loops=1)
  Hash Cond: (ci.movie_id = t.id)
  ->  Seq Scan on cast_info ci  (cost=0.00..614943.12 rows=36225612 width=4) (actual time=0.015..13386.941 rows=36244344 loops=1)
  ->  Hash  (cost=453131.58..453131.58 rows=487405 width=8) (actual time=8417.015..8417.015 rows=924980 loops=1)
        Buckets: 131072 (originally 131072)  Batches: 16 (originally 8)  Memory Usage: 3275kB
        ->  Hash Join  (cost=83600.04..453131.58 rows=487405 width=8) (actual time=5195.682..8115.638 rows=924980 loops=1)
              Hash Cond: (mi.movie_id = t.id)
              ->  Seq Scan on movie_info mi  (cost=0.00..346232.03 rows=1264125 width=4) (actual time=3616.362..5392.813 rows=1288928 loops=1)
                    Filter: (info_type_id = 2)
                    Rows Removed by Filter: 13546792
              ->  Hash  (cost=67604.59..67604.59 rows=974916 width=4) (actual time=1578.378..1578.378 rows=972448 loops=1)
                    Buckets: 131072  Batches: 16  Memory Usage: 3169kB
                    ->  Seq Scan on title t  (cost=0.00..67604.59 rows=974916 width=4) (actual time=0.042..1272.472 rows=972448 loops=1)
                          Filter: (kind_id < 6)
                          Rows Removed by Filter: 1555864
Planning time: 1.189 ms
Execution time: 49250.697 ms
