Seq Scan on movie_keyword mk  (cost=0.00..81003.12 rows=3355590 width=0) (actual time=0.017..1686.180 rows=3340899 loops=1)
  Filter: (keyword_id < 15744)
  Rows Removed by Filter: 1183031
Planning time: 0.314 ms
Execution time: 2116.697 ms
