Seq Scan on movie_companies mc  (cost=0.00..57926.93 rows=53 width=0) (actual time=146.621..1005.435 rows=51 loops=1)
  Filter: ((company_type_id > 1) AND (company_id = 72108))
  Rows Removed by Filter: 2609078
Planning time: 0.374 ms
Execution time: 1005.548 ms
