Seq Scan on cast_info ci  (cost=0.00..705507.15 rows=34053804 width=0) (actual time=0.014..13891.284 rows=34132408 loops=1)
  Filter: (person_id > 207122)
  Rows Removed by Filter: 2111936
Planning time: 1.099 ms
Execution time: 18133.467 ms
