Nested Loop  (cost=0.43..83072.90 rows=39 width=0) (actual time=1205.615..1447.864 rows=2 loops=1)
  ->  Seq Scan on movie_keyword mk  (cost=0.00..81003.12 rows=246 width=4) (actual time=3.641..1409.748 rows=637 loops=1)
        Filter: (keyword_id = 13436)
        Rows Removed by Filter: 4523293
  ->  Index Scan using title_pkey on title t  (cost=0.43..8.40 rows=1 width=4) (actual time=0.058..0.058 rows=0 loops=637)
        Index Cond: (id = mk.movie_id)
        Filter: ((production_year > 2008) AND (kind_id = 7))
        Rows Removed by Filter: 1
Planning time: 0.775 ms
Execution time: 1447.970 ms
