Hash Join  (cost=181901.67..549230.48 rows=267287 width=0) (actual time=3509.378..10472.590 rows=9062 loops=1)
  Hash Cond: (mi.movie_id = t.id)
  ->  Seq Scan on movie_info mi  (cost=0.00..309384.22 rows=14739122 width=4) (actual time=0.021..4081.379 rows=14835720 loops=1)
  ->  Hash  (cost=181328.49..181328.49 rows=45854 width=8) (actual time=3507.527..3507.527 rows=912 loops=1)
        Buckets: 65536  Batches: 1  Memory Usage: 548kB
        ->  Hash Join  (cost=92883.59..181328.49 rows=45854 width=8) (actual time=1939.381..3506.283 rows=912 loops=1)
              Hash Cond: (mk.movie_id = t.id)
              ->  Seq Scan on movie_keyword mk  (cost=0.00..81003.12 rows=75248 width=4) (actual time=0.024..1428.991 rows=72496 loops=1)
                    Filter: (keyword_id = 335)
                    Rows Removed by Filter: 4451434
              ->  Hash  (cost=67604.59..67604.59 rows=1540800 width=4) (actual time=1776.968..1776.968 rows=1543264 loops=1)
                    Buckets: 131072  Batches: 32  Memory Usage: 2728kB
                    ->  Seq Scan on title t  (cost=0.00..67604.59 rows=1540800 width=4) (actual time=0.022..1251.457 rows=1543264 loops=1)
                          Filter: (kind_id = 7)
                          Rows Removed by Filter: 985048
Planning time: 1.175 ms
Execution time: 10474.299 ms
