Nested Loop  (cost=0.43..83071.67 rows=246 width=0) (actual time=0.577..1419.948 rows=3278 loops=1)
  ->  Seq Scan on movie_keyword mk  (cost=0.00..81003.12 rows=246 width=4) (actual time=0.514..1301.850 rows=3278 loops=1)
        Filter: (keyword_id = 283)
        Rows Removed by Filter: 4520652
  ->  Index Only Scan using title_pkey on title t  (cost=0.43..8.40 rows=1 width=4) (actual time=0.035..0.035 rows=1 loops=3278)
        Index Cond: (id = mk.movie_id)
        Heap Fetches: 3278
Planning time: 0.781 ms
Execution time: 1421.008 ms
