Hash Join  (cost=91342.70..966549.99 rows=2432746 width=0) (actual time=13199.022..20688.586 rows=1726898 loops=1)
  Hash Cond: (ci.movie_id = t.id)
  ->  Seq Scan on cast_info ci  (cost=0.00..796071.18 rows=4251373 width=4) (actual time=11408.188..16219.723 rows=3885049 loops=1)
        Filter: ((person_id < 3945081) AND (role_id = 10))
        Rows Removed by Filter: 32359295
  ->  Hash  (cost=67604.59..67604.59 rows=1446889 width=4) (actual time=1789.312..1789.312 rows=1443298 loops=1)
        Buckets: 131072  Batches: 32  Memory Usage: 2608kB
        ->  Seq Scan on title t  (cost=0.00..67604.59 rows=1446889 width=4) (actual time=0.036..1307.627 rows=1443298 loops=1)
              Filter: (production_year < 2006)
              Rows Removed by Filter: 1085014
Planning time: 0.729 ms
Execution time: 20904.047 ms
