Seq Scan on movie_companies mc  (cost=0.00..57926.93 rows=362819 width=0) (actual time=0.027..933.219 rows=517894 loops=1)
  Filter: ((company_id < 1434) AND (company_type_id = 1))
  Rows Removed by Filter: 2091235
Planning time: 0.373 ms
Execution time: 1000.352 ms
