Hash Join  (cost=70592.26..533929.40 rows=682295 width=0) (actual time=1367.726..12085.452 rows=1648822 loops=1)
  Hash Cond: (mi.movie_id = t.id)
  ->  Seq Scan on movie_info mi  (cost=0.00..346232.03 rows=9476311 width=4) (actual time=0.022..6407.803 rows=9565151 loops=1)
        Filter: (info_type_id < 16)
        Rows Removed by Filter: 5270569
  ->  Hash  (cost=67604.59..67604.59 rows=182054 width=4) (actual time=1367.028..1367.028 rows=180956 loops=1)
        Buckets: 131072  Batches: 4  Memory Usage: 2618kB
        ->  Seq Scan on title t  (cost=0.00..67604.59 rows=182054 width=4) (actual time=0.092..1302.918 rows=180956 loops=1)
              Filter: (production_year < 1953)
              Rows Removed by Filter: 2347356
Planning time: 0.817 ms
Execution time: 12272.560 ms
