Hash Join  (cost=153910.70..278246.44 rows=191470 width=0) (actual time=3423.367..7589.778 rows=4845470 loops=1)
  Hash Cond: (mk.movie_id = t.id)
  ->  Seq Scan on movie_keyword mk  (cost=0.00..69693.30 rows=4523930 width=4) (actual time=0.018..1568.957 rows=4523930 loops=1)
  ->  Hash  (cost=152153.99..152153.99 rows=107017 width=8) (actual time=3422.291..3422.291 rows=432293 loops=1)
        Buckets: 131072 (originally 131072)  Batches: 4 (originally 2)  Memory Usage: 5279kB
        ->  Hash Join  (cost=75628.29..152153.99 rows=107017 width=8) (actual time=1242.952..3295.276 rows=432293 loops=1)
              Hash Cond: (mc.movie_id = t.id)
              ->  Seq Scan on movie_companies mc  (cost=0.00..44881.29 rows=2609129 width=4) (actual time=0.013..869.294 rows=2609129 loops=1)
              ->  Hash  (cost=73925.90..73925.90 rows=103711 width=4) (actual time=1242.162..1242.162 rows=203434 loops=1)
                    Buckets: 131072 (originally 131072)  Batches: 4 (originally 2)  Memory Usage: 3073kB
                    ->  Seq Scan on title t  (cost=0.00..73925.90 rows=103711 width=4) (actual time=0.280..1166.841 rows=203434 loops=1)
                          Filter: ((kind_id < 7) AND (production_year < 1962))
                          Rows Removed by Filter: 2324878
Planning time: 1.048 ms
Execution time: 8081.585 ms
