Hash Join  (cost=203467.45..1107349.23 rows=1512651 width=0) (actual time=4049.325..25984.455 rows=4659358 loops=1)
  Hash Cond: (ci.movie_id = t.id)
  ->  Seq Scan on cast_info ci  (cost=0.00..705507.15 rows=15766432 width=4) (actual time=0.024..13753.153 rows=15655406 loops=1)
        Filter: (person_id < 1545964)
        Rows Removed by Filter: 20588938
  ->  Hash  (cost=199487.07..199487.07 rows=242590 width=8) (actual time=4048.451..4048.451 rows=260933 loops=1)
        Buckets: 131072  Batches: 4  Memory Usage: 3590kB
        ->  Hash Join  (cost=102767.86..199487.07 rows=242590 width=8) (actual time=2044.433..3968.711 rows=260933 loops=1)
              Hash Cond: (mk.movie_id = t.id)
              ->  Seq Scan on movie_keyword mk  (cost=0.00..81003.12 rows=242590 width=4) (actual time=0.014..1308.598 rows=260933 loops=1)
                    Filter: (keyword_id < 229)
                    Rows Removed by Filter: 4262997
              ->  Hash  (cost=61283.27..61283.27 rows=2528527 width=4) (actual time=2043.525..2043.525 rows=2528312 loops=1)
                    Buckets: 131072  Batches: 64  Memory Usage: 2425kB
                    ->  Seq Scan on title t  (cost=0.00..61283.27 rows=2528527 width=4) (actual time=0.011..1171.963 rows=2528312 loops=1)
Planning time: 1.209 ms
Execution time: 26521.814 ms
