Hash Join  (cost=74202.60..828163.14 rows=317137 width=0) (actual time=1259.782..19374.178 rows=343059 loops=1)
  Hash Cond: (ci.movie_id = t.id)
  ->  Seq Scan on cast_info ci  (cost=0.00..614943.12 rows=36225612 width=4) (actual time=0.011..8416.015 rows=36244344 loops=1)
  ->  Hash  (cost=73925.90..73925.90 rows=22136 width=4) (actual time=1258.482..1258.482 rows=24301 loops=1)
        Buckets: 32768  Batches: 1  Memory Usage: 1111kB
        ->  Seq Scan on title t  (cost=0.00..73925.90 rows=22136 width=4) (actual time=0.016..1248.011 rows=24301 loops=1)
              Filter: ((kind_id = 7) AND (production_year = 1996))
              Rows Removed by Filter: 2504011
Planning time: 0.740 ms
Execution time: 19426.127 ms
