Seq Scan on cast_info ci  (cost=0.00..796071.18 rows=7797954 width=0) (actual time=0.020..12670.673 rows=8443985 loops=1)
  Filter: ((person_id < 868536) AND (role_id < 10))
  Rows Removed by Filter: 27800359
Planning time: 0.351 ms
Execution time: 13751.265 ms
