Hash Join  (cost=96023.02..193459.01 rows=55612 width=0) (actual time=1678.023..3989.424 rows=289784 loops=1)
  Hash Cond: (mk.movie_id = t.id)
  ->  Seq Scan on movie_keyword mk  (cost=0.00..81003.12 rows=4233797 width=4) (actual time=0.024..1590.499 rows=4213440 loops=1)
        Filter: (keyword_id > 245)
        Rows Removed by Filter: 310490
  ->  Hash  (cost=95607.86..95607.86 rows=33213 width=8) (actual time=1677.575..1677.575 rows=41527 loops=1)
        Buckets: 65536  Batches: 1  Memory Usage: 2135kB
        ->  Hash Join  (cost=68365.25..95607.86 rows=33213 width=8) (actual time=1007.436..1663.315 rows=41527 loops=1)
              Hash Cond: (mi_idx.movie_id = t.id)
              ->  Seq Scan on movie_info_idx mi_idx  (cost=0.00..21735.35 rows=1380035 width=4) (actual time=0.015..296.825 rows=1380035 loops=1)
              ->  Hash  (cost=67604.59..67604.59 rows=60853 width=4) (actual time=1007.083..1007.083 rows=62568 loops=1)
                    Buckets: 65536  Batches: 1  Memory Usage: 2712kB
                    ->  Seq Scan on title t  (cost=0.00..67604.59 rows=60853 width=4) (actual time=0.022..982.528 rows=62568 loops=1)
                          Filter: (production_year = 2002)
                          Rows Removed by Filter: 2465744
Planning time: 1.184 ms
Execution time: 4025.961 ms
