Hash Join  (cost=102767.86..247946.18 rows=2256443 width=0) (actual time=1945.251..6022.682 rows=2260320 loops=1)
  Hash Cond: (mk.movie_id = t.id)
  ->  Seq Scan on movie_keyword mk  (cost=0.00..81003.12 rows=2256443 width=4) (actual time=0.014..1590.127 rows=2260320 loops=1)
        Filter: (keyword_id < 4690)
        Rows Removed by Filter: 2263610
  ->  Hash  (cost=61283.27..61283.27 rows=2528527 width=4) (actual time=1943.843..1943.843 rows=2528312 loops=1)
        Buckets: 131072  Batches: 64  Memory Usage: 2425kB
        ->  Seq Scan on title t  (cost=0.00..61283.27 rows=2528527 width=4) (actual time=0.019..1103.666 rows=2528312 loops=1)
Planning time: 0.568 ms
Execution time: 6290.324 ms
