Hash Join  (cost=69264.85..1008108.87 rows=476075 width=0) (actual time=4695.941..23028.771 rows=161774 loops=1)
  Hash Cond: (ci.movie_id = t.id)
  ->  Seq Scan on cast_info ci  (cost=0.00..796071.18 rows=11901891 width=4) (actual time=3503.166..17291.025 rows=11035902 loops=1)
        Filter: ((person_id > 222649) AND (role_id = 1))
        Rows Removed by Filter: 25208442
  ->  Hash  (cost=67604.59..67604.59 rows=101141 width=4) (actual time=1191.699..1191.699 rows=101194 loops=1)
        Buckets: 131072  Batches: 2  Memory Usage: 2800kB
        ->  Seq Scan on title t  (cost=0.00..67604.59 rows=101141 width=4) (actual time=101.228..1154.541 rows=101194 loops=1)
              Filter: (production_year < 1925)
              Rows Removed by Filter: 2427118
Planning time: 0.753 ms
Execution time: 23051.830 ms
