Nested Loop  (cost=0.43..83072.29 rows=201 width=0) (actual time=22.021..1331.398 rows=116 loops=1)
  ->  Seq Scan on movie_keyword mk  (cost=0.00..81003.12 rows=246 width=4) (actual time=21.956..1324.482 rows=118 loops=1)
        Filter: (keyword_id = 5779)
        Rows Removed by Filter: 4523812
  ->  Index Scan using title_pkey on title t  (cost=0.43..8.40 rows=1 width=4) (actual time=0.053..0.054 rows=1 loops=118)
        Index Cond: (id = mk.movie_id)
        Filter: (production_year < 2011)
        Rows Removed by Filter: 0
Planning time: 0.781 ms
Execution time: 1331.612 ms
