Hash Join  (cost=230121.00..841981.03 rows=10649320 width=0) (actual time=5655.043..21445.632 rows=10354089 loops=1)
  Hash Cond: (mi.movie_id = t.id)
  ->  Seq Scan on movie_info mi  (cost=0.00..309384.22 rows=14739122 width=4) (actual time=0.015..5880.282 rows=14835720 loops=1)
  ->  Hash  (cost=200147.59..200147.59 rows=1826913 width=8) (actual time=5653.849..5653.849 rows=1107182 loops=1)
        Buckets: 131072  Batches: 32  Memory Usage: 2352kB
        ->  Hash Join  (cost=96651.52..200147.59 rows=1826913 width=8) (actual time=2436.560..5313.904 rows=1107182 loops=1)
              Hash Cond: (mc.movie_id = t.id)
              ->  Seq Scan on movie_companies mc  (cost=0.00..44881.29 rows=2609129 width=4) (actual time=0.019..880.647 rows=2609129 loops=1)
              ->  Hash  (cost=67604.59..67604.59 rows=1770475 width=4) (actual time=2435.111..2435.111 rows=1774635 loops=1)
                    Buckets: 131072  Batches: 32  Memory Usage: 2978kB
                    ->  Seq Scan on title t  (cost=0.00..67604.59 rows=1770475 width=4) (actual time=0.016..1218.283 rows=1774635 loops=1)
                          Filter: (kind_id > 2)
                          Rows Removed by Filter: 753677
Planning time: 2.617 ms
Execution time: 22592.653 ms
