Hash Join  (cost=709678.15..764348.83 rows=516 width=0) (actual time=10279.393..11416.920 rows=54 loops=1)
  Hash Cond: (mc.movie_id = t.id)
  ->  Seq Scan on movie_companies mc  (cost=0.00..44881.29 rows=2609129 width=4) (actual time=0.020..640.474 rows=2609129 loops=1)
  ->  Hash  (cost=709671.90..709671.90 rows=500 width=8) (actual time=10279.240..10279.240 rows=1886 loops=1)
        Buckets: 2048 (originally 1024)  Batches: 1 (originally 1)  Memory Usage: 90kB
        ->  Nested Loop  (cost=0.43..709671.90 rows=500 width=8) (actual time=2149.749..10278.241 rows=1886 loops=1)
              ->  Seq Scan on cast_info ci  (cost=0.00..705507.15 rows=500 width=4) (actual time=2149.546..10223.247 rows=1886 loops=1)
                    Filter: (person_id = 1378129)
                    Rows Removed by Filter: 36242458
              ->  Index Only Scan using title_pkey on title t  (cost=0.43..8.32 rows=1 width=4) (actual time=0.028..0.028 rows=1 loops=1886)
                    Index Cond: (id = ci.movie_id)
                    Heap Fetches: 1886
Planning time: 1.211 ms
Execution time: 11417.066 ms
