Nested Loop  (cost=0.43..52283.95 rows=70 width=0) (actual time=364.704..836.472 rows=189 loops=1)
  ->  Seq Scan on movie_companies mc  (cost=0.00..51404.11 rows=104 width=4) (actual time=364.629..825.684 rows=190 loops=1)
        Filter: (company_id = 75184)
        Rows Removed by Filter: 2608939
  ->  Index Scan using title_pkey on title t  (cost=0.43..8.45 rows=1 width=4) (actual time=0.056..0.056 rows=1 loops=190)
        Index Cond: (id = mc.movie_id)
        Filter: (production_year > 1992)
        Rows Removed by Filter: 0
Planning time: 0.537 ms
Execution time: 836.606 ms
