Hash Join  (cost=578073.61..774665.25 rows=5193978 width=0) (actual time=11450.399..18439.184 rows=12859902 loops=1)
  Hash Cond: (mk.movie_id = t.id)
  ->  Seq Scan on movie_keyword mk  (cost=0.00..69693.30 rows=4523930 width=4) (actual time=0.008..1418.830 rows=4523930 loops=1)
  ->  Hash  (cost=530445.71..530445.71 rows=2903032 width=8) (actual time=11448.879..11448.879 rows=2683353 loops=1)
        Buckets: 131072  Batches: 64  Memory Usage: 2680kB
        ->  Hash Join  (cost=100836.57..530445.71 rows=2903032 width=8) (actual time=2540.447..10488.389 rows=2683353 loops=1)
              Hash Cond: (mi.movie_id = t.id)
              ->  Seq Scan on movie_info mi  (cost=0.00..346232.03 rows=3623957 width=4) (actual time=170.501..4991.621 rows=3624977 loops=1)
                    Filter: (info_type_id < 4)
                    Rows Removed by Filter: 11210743
              ->  Hash  (cost=67604.59..67604.59 rows=2025519 width=4) (actual time=2369.256..2369.256 rows=2018703 loops=1)
                    Buckets: 131072  Batches: 32  Memory Usage: 3256kB
                    ->  Seq Scan on title t  (cost=0.00..67604.59 rows=2025519 width=4) (actual time=0.015..1555.051 rows=2018703 loops=1)
                          Filter: (production_year > 1974)
                          Rows Removed by Filter: 509609
Planning time: 4.502 ms
Execution time: 19981.351 ms
