Hash Join  (cost=84697.09..180918.73 rows=232027 width=0) (actual time=2333.582..3242.294 rows=42965 loops=1)
  Hash Cond: (mk.movie_id = t.id)
  ->  Seq Scan on movie_keyword mk  (cost=0.00..81003.12 rows=893665 width=4) (actual time=1.435..1392.159 rows=898730 loops=1)
        Filter: (keyword_id < 851)
        Rows Removed by Filter: 3625200
  ->  Hash  (cost=73925.90..73925.90 rows=656495 width=4) (actual time=1320.539..1320.539 rows=556797 loops=1)
        Buckets: 131072  Batches: 16  Memory Usage: 2252kB
        ->  Seq Scan on title t  (cost=0.00..73925.90 rows=656495 width=4) (actual time=0.028..1137.427 rows=556797 loops=1)
              Filter: ((production_year < 2001) AND (kind_id = 7))
              Rows Removed by Filter: 1971515
Planning time: 0.516 ms
Execution time: 3247.769 ms
