Hash Join  (cost=102767.86..926598.82 rows=743125 width=0) (actual time=9315.801..13209.658 rows=918 loops=1)
  Hash Cond: (ci.movie_id = t.id)
  ->  Seq Scan on cast_info ci  (cost=0.00..796071.18 rows=743125 width=4) (actual time=7434.515..10970.634 rows=918 loops=1)
        Filter: ((person_id < 342267) AND (role_id = 2))
        Rows Removed by Filter: 36243426
  ->  Hash  (cost=61283.27..61283.27 rows=2528527 width=4) (actual time=1841.896..1841.896 rows=2528312 loops=1)
        Buckets: 131072  Batches: 64  Memory Usage: 2415kB
        ->  Seq Scan on title t  (cost=0.00..61283.27 rows=2528527 width=4) (actual time=0.010..964.115 rows=2528312 loops=1)
Planning time: 1.020 ms
Execution time: 13209.906 ms
