Nested Loop  (cost=0.43..83072.29 rows=151 width=0) (actual time=365.360..1221.898 rows=10 loops=1)
  ->  Seq Scan on movie_keyword mk  (cost=0.00..81003.12 rows=246 width=4) (actual time=12.562..1210.259 rows=261 loops=1)
        Filter: (keyword_id = 354)
        Rows Removed by Filter: 4523669
  ->  Index Scan using title_pkey on title t  (cost=0.43..8.40 rows=1 width=4) (actual time=0.042..0.042 rows=0 loops=261)
        Index Cond: (id = mk.movie_id)
        Filter: (kind_id > 4)
        Rows Removed by Filter: 1
Planning time: 0.724 ms
Execution time: 1222.010 ms
