Hash Join  (cost=107755.55..170089.97 rows=1335690 width=0) (actual time=2164.166..4375.577 rows=1374806 loops=1)
  Hash Cond: (mi_idx.movie_id = t.id)
  ->  Seq Scan on movie_info_idx mi_idx  (cost=0.00..21735.35 rows=1380035 width=4) (actual time=0.026..440.296 rows=1380035 loops=1)
  ->  Hash  (cost=67604.59..67604.59 rows=2447277 width=4) (actual time=2162.798..2162.798 rows=2444984 loops=1)
        Buckets: 131072  Batches: 32  Memory Usage: 3710kB
        ->  Seq Scan on title t  (cost=0.00..67604.59 rows=2447277 width=4) (actual time=0.026..1397.606 rows=2444984 loops=1)
              Filter: (production_year > 1902)
              Rows Removed by Filter: 83328
Planning time: 0.744 ms
Execution time: 4530.596 ms
