Hash Join  (cost=83783.19..117645.68 rows=107908 width=0) (actual time=1597.745..2274.519 rows=178137 loops=1)
  Hash Cond: (mi_idx.movie_id = t.id)
  ->  Seq Scan on movie_info_idx mi_idx  (cost=0.00..25185.44 rows=454124 width=4) (actual time=0.011..463.083 rows=459925 loops=1)
        Filter: (info_type_id = 100)
        Rows Removed by Filter: 920110
  ->  Hash  (cost=73925.90..73925.90 rows=600823 width=4) (actual time=1444.726..1444.726 rows=484625 loops=1)
        Buckets: 131072  Batches: 8  Memory Usage: 3168kB
        ->  Seq Scan on title t  (cost=0.00..73925.90 rows=600823 width=4) (actual time=0.024..1294.682 rows=484625 loops=1)
              Filter: ((production_year > 1953) AND (kind_id = 1))
              Rows Removed by Filter: 2043687
Planning time: 0.709 ms
Execution time: 2296.163 ms
