Seq Scan on movie_companies mc  (cost=0.00..51404.11 rows=1766839 width=0) (actual time=0.029..976.901 rows=1772220 loops=1)
  Filter: (company_id > 2165)
  Rows Removed by Filter: 836909
Planning time: 0.362 ms
Execution time: 1198.203 ms
