Hash Join  (cost=192664.52..326565.38 rows=976582 width=0) (actual time=4321.994..8990.420 rows=5780737 loops=1)
  Hash Cond: (mk.movie_id = t.id)
  ->  Seq Scan on movie_keyword mk  (cost=0.00..69693.30 rows=4523930 width=4) (actual time=0.019..1350.628 rows=4523930 loops=1)
  ->  Hash  (cost=183708.60..183708.60 rows=545834 width=8) (actual time=4320.800..4320.800 rows=845758 loops=1)
        Buckets: 131072 (originally 131072)  Batches: 16 (originally 8)  Memory Usage: 3109kB
        ->  Hash Join  (cost=102767.86..183708.60 rows=545834 width=8) (actual time=2140.650..4058.036 rows=845758 loops=1)
              Hash Cond: (mc.movie_id = t.id)
              ->  Seq Scan on movie_companies mc  (cost=0.00..57926.93 rows=545834 width=4) (actual time=244.597..1050.759 rows=845758 loops=1)
                    Filter: ((company_id > 14326) AND (company_type_id = 2))
                    Rows Removed by Filter: 1763371
              ->  Hash  (cost=61283.27..61283.27 rows=2528527 width=4) (actual time=1894.837..1894.837 rows=2528312 loops=1)
                    Buckets: 131072  Batches: 64  Memory Usage: 2415kB
                    ->  Seq Scan on title t  (cost=0.00..61283.27 rows=2528527 width=4) (actual time=0.019..1064.493 rows=2528312 loops=1)
Planning time: 0.932 ms
Execution time: 9614.788 ms
