Hash Join  (cost=136338.21..935148.91 rows=2487 width=0) (actual time=13117.719..14104.034 rows=37 loops=1)
  Hash Cond: (ci.movie_id = t.id)
  ->  Seq Scan on cast_info ci  (cost=0.00..796071.18 rows=723907 width=4) (actual time=10271.052..11594.364 rows=901 loops=1)
        Filter: ((person_id < 333345) AND (role_id = 2))
        Rows Removed by Filter: 36243443
  ->  Hash  (cost=136229.64..136229.64 rows=8686 width=8) (actual time=2509.075..2509.075 rows=18611 loops=1)
        Buckets: 32768 (originally 16384)  Batches: 1 (originally 1)  Memory Usage: 983kB
        ->  Hash Join  (cost=74181.07..136229.64 rows=8686 width=8) (actual time=1160.826..2501.862 rows=18611 loops=1)
              Hash Cond: (mc.movie_id = t.id)
              ->  Seq Scan on movie_companies mc  (cost=0.00..57926.93 rows=1075940 width=4) (actual time=0.032..1086.049 rows=1274246 loops=1)
                    Filter: ((company_id < 80220) AND (company_type_id < 2))
                    Rows Removed by Filter: 1334883
              ->  Hash  (cost=73925.90..73925.90 rows=20413 width=4) (actual time=1160.590..1160.590 rows=17357 loops=1)
                    Buckets: 32768  Batches: 1  Memory Usage: 867kB
                    ->  Seq Scan on title t  (cost=0.00..73925.90 rows=20413 width=4) (actual time=0.231..1152.641 rows=17357 loops=1)
                          Filter: ((kind_id < 7) AND (production_year = 2000))
                          Rows Removed by Filter: 2510955
Planning time: 3.248 ms
Execution time: 14104.449 ms
