Seq Scan on cast_info ci  (cost=0.00..705507.15 rows=500 width=0) (actual time=623.910..10841.934 rows=75 loops=1)
  Filter: (person_id = 610120)
  Rows Removed by Filter: 36244269
Planning time: 0.403 ms
Execution time: 10842.058 ms
