Hash Join  (cost=88608.73..151468.89 rows=33660 width=0) (actual time=1573.335..2593.730 rows=10723 loops=1)
  Hash Cond: (mc.movie_id = t.id)
  ->  Seq Scan on movie_companies mc  (cost=0.00..57926.93 rows=95100 width=4) (actual time=0.082..854.127 rows=39113 loops=1)
        Filter: ((company_id < 49) AND (company_type_id > 1))
        Rows Removed by Filter: 2570016
  ->  Hash  (cost=73925.90..73925.90 rows=894946 width=4) (actual time=1572.560..1572.560 rows=810098 loops=1)
        Buckets: 131072  Batches: 16  Memory Usage: 2806kB
        ->  Seq Scan on title t  (cost=0.00..73925.90 rows=894946 width=4) (actual time=0.028..1317.589 rows=810098 loops=1)
              Filter: ((kind_id < 7) AND (production_year > 1951))
              Rows Removed by Filter: 1718214
Planning time: 0.764 ms
Execution time: 2595.266 ms
