Hash Join  (cost=102767.86..170705.31 rows=276513 width=0) (actual time=1746.205..3267.683 rows=278395 loops=1)
  Hash Cond: (mc.movie_id = t.id)
  ->  Seq Scan on movie_companies mc  (cost=0.00..51404.11 rows=276513 width=4) (actual time=0.023..714.056 rows=278395 loops=1)
        Filter: (company_id > 96161)
        Rows Removed by Filter: 2330734
  ->  Hash  (cost=61283.27..61283.27 rows=2528527 width=4) (actual time=1744.657..1744.657 rows=2528312 loops=1)
        Buckets: 131072  Batches: 64  Memory Usage: 2415kB
        ->  Seq Scan on title t  (cost=0.00..61283.27 rows=2528527 width=4) (actual time=0.011..895.504 rows=2528312 loops=1)
Planning time: 0.738 ms
Execution time: 3295.080 ms
