Hash Join  (cost=74663.22..134722.92 rows=12490 width=0) (actual time=1535.921..2380.380 rows=4639 loops=1)
  Hash Cond: (mc.movie_id = t.id)
  ->  Seq Scan on movie_companies mc  (cost=0.00..57926.93 rows=535431 width=4) (actual time=255.965..997.353 rows=322529 loops=1)
        Filter: ((company_id < 6124) AND (company_type_id > 1))
        Rows Removed by Filter: 2286600
  ->  Hash  (cost=73925.90..73925.90 rows=58985 width=4) (actual time=1279.437..1279.437 rows=63200 loops=1)
        Buckets: 65536  Batches: 1  Memory Usage: 2734kB
        ->  Seq Scan on title t  (cost=0.00..73925.90 rows=58985 width=4) (actual time=0.643..1253.691 rows=63200 loops=1)
              Filter: ((kind_id > 4) AND (production_year = 2005))
              Rows Removed by Filter: 2465112
Planning time: 3.992 ms
Execution time: 2381.262 ms
