Hash Join  (cost=76242.82..1000249.26 rows=1004059 width=0) (actual time=1157.570..22329.505 rows=1043341 loops=1)
  Hash Cond: (ci.movie_id = t.id)
  ->  Seq Scan on cast_info ci  (cost=0.00..705507.15 rows=17980986 width=4) (actual time=0.015..13820.037 rows=17827443 loops=1)
        Filter: (person_id < 1766518)
        Rows Removed by Filter: 18416901
  ->  Hash  (cost=73925.90..73925.90 rows=141193 width=4) (actual time=1156.937..1156.937 rows=132182 loops=1)
        Buckets: 131072  Batches: 2  Memory Usage: 3340kB
        ->  Seq Scan on title t  (cost=0.00..73925.90 rows=141193 width=4) (actual time=361.510..1046.175 rows=132182 loops=1)
              Filter: ((production_year > 2009) AND (kind_id = 1))
              Rows Removed by Filter: 2396130
Planning time: 0.540 ms
Execution time: 22474.379 ms
