Hash Join  (cost=163033.36..201950.48 rows=71364 width=0) (actual time=2928.714..3861.219 rows=49440 loops=1)
  Hash Cond: (mi_idx.movie_id = t.id)
  ->  Seq Scan on movie_info_idx mi_idx  (cost=0.00..21735.35 rows=1380035 width=4) (actual time=0.014..471.111 rows=1380035 loops=1)
  ->  Hash  (cost=160887.93..160887.93 rows=130754 width=8) (actual time=2927.808..2927.808 rows=49556 loops=1)
        Buckets: 131072  Batches: 2  Memory Usage: 1996kB
        ->  Hash Join  (cost=92883.59..160887.93 rows=130754 width=8) (actual time=1688.470..2910.326 rows=49556 loops=1)
              Hash Cond: (mc.movie_id = t.id)
              ->  Seq Scan on movie_companies mc  (cost=0.00..57926.93 rows=214574 width=4) (actual time=0.022..895.125 rows=98828 loops=1)
                    Filter: ((company_id < 302) AND (company_type_id = 2))
                    Rows Removed by Filter: 2510301
              ->  Hash  (cost=67604.59..67604.59 rows=1540800 width=4) (actual time=1687.496..1687.496 rows=1543264 loops=1)
                    Buckets: 131072  Batches: 32  Memory Usage: 2722kB
                    ->  Seq Scan on title t  (cost=0.00..67604.59 rows=1540800 width=4) (actual time=0.026..1223.574 rows=1543264 loops=1)
                          Filter: (kind_id = 7)
                          Rows Removed by Filter: 985048
Planning time: 1.164 ms
Execution time: 3867.847 ms
