Seq Scan on title t  (cost=0.00..73925.90 rows=1337763 width=0) (actual time=0.023..1419.782 rows=1418234 loops=1)
  Filter: ((kind_id > 4) AND (production_year > 1963))
  Rows Removed by Filter: 1110078
Planning time: 0.333 ms
Execution time: 1600.438 ms
