Hash Join  (cost=171645.95..1178060.89 rows=7656222 width=0) (actual time=3766.961..31531.023 rows=11460945 loops=1)
  Hash Cond: (ci.movie_id = t.id)
  ->  Seq Scan on cast_info ci  (cost=0.00..705507.15 rows=19059617 width=4) (actual time=0.010..14087.936 rows=18953832 loops=1)
        Filter: (person_id < 1890337)
        Rows Removed by Filter: 17290512
  ->  Hash  (cost=154981.62..154981.62 rows=1015706 width=8) (actual time=3765.856..3765.856 rows=750135 loops=1)
        Buckets: 131072  Batches: 16  Memory Usage: 2867kB
        ->  Hash Join  (cost=98137.04..154981.62 rows=1015706 width=8) (actual time=1863.287..3545.081 rows=750135 loops=1)
              Hash Cond: (mi_idx.movie_id = t.id)
              ->  Seq Scan on movie_info_idx mi_idx  (cost=0.00..21735.35 rows=1380035 width=4) (actual time=0.017..471.964 rows=1380035 loops=1)
              ->  Hash  (cost=67604.59..67604.59 rows=1860996 width=4) (actual time=1862.146..1862.146 rows=1865487 loops=1)
                    Buckets: 131072  Batches: 32  Memory Usage: 3079kB
                    ->  Seq Scan on title t  (cost=0.00..67604.59 rows=1860996 width=4) (actual time=0.021..1258.494 rows=1865487 loops=1)
                          Filter: (kind_id > 1)
                          Rows Removed by Filter: 662825
Planning time: 0.808 ms
Execution time: 32969.982 ms
