Seq Scan on cast_info ci  (cost=0.00..796071.18 rows=12886515 width=0) (actual time=5478.398..14598.235 rows=10809550 loops=1)
  Filter: ((person_id > 1271501) AND (role_id < 3))
  Rows Removed by Filter: 25434794
Planning time: 0.347 ms
Execution time: 15922.349 ms
