Nested Loop  (cost=0.43..709673.15 rows=132 width=0) (actual time=126.466..9901.538 rows=2 loops=1)
  ->  Seq Scan on cast_info ci  (cost=0.00..705507.15 rows=500 width=4) (actual time=126.394..9901.432 rows=2 loops=1)
        Filter: (person_id = 107113)
        Rows Removed by Filter: 36244342
  ->  Index Scan using title_pkey on title t  (cost=0.43..8.32 rows=1 width=4) (actual time=0.048..0.049 rows=1 loops=2)
        Index Cond: (id = ci.movie_id)
        Filter: (kind_id = 1)
Planning time: 0.799 ms
Execution time: 9901.656 ms
