Seq Scan on cast_info ci  (cost=0.00..705507.15 rows=1184079 width=0) (actual time=751.809..11208.058 rows=1081894 loops=1)
  Filter: (person_id < 110604)
  Rows Removed by Filter: 35162450
Planning time: 1.834 ms
Execution time: 11343.141 ms
