Hash Join  (cost=67697.55..432786.99 rows=43351 width=0) (actual time=924.799..8556.015 rows=41489 loops=1)
  Hash Cond: (mi.movie_id = t.id)
  ->  Seq Scan on movie_info mi  (cost=0.00..309384.22 rows=14739122 width=4) (actual time=0.008..4656.537 rows=14835720 loops=1)
  ->  Hash  (cost=67604.59..67604.59 rows=7437 width=4) (actual time=904.713..904.713 rows=3847 loops=1)
        Buckets: 8192  Batches: 1  Memory Usage: 200kB
        ->  Seq Scan on title t  (cost=0.00..67604.59 rows=7437 width=4) (actual time=0.079..902.706 rows=3847 loops=1)
              Filter: (production_year = 1949)
              Rows Removed by Filter: 2524465
Planning time: 0.747 ms
Execution time: 8563.930 ms
