Hash Join  (cost=102767.86..223351.67 rows=1234381 width=0) (actual time=1954.329..4581.461 rows=1246709 loops=1)
  Hash Cond: (mk.movie_id = t.id)
  ->  Seq Scan on movie_keyword mk  (cost=0.00..81003.12 rows=1234381 width=4) (actual time=0.027..1370.190 rows=1246709 loops=1)
        Filter: (keyword_id > 14489)
        Rows Removed by Filter: 3277221
  ->  Hash  (cost=61283.27..61283.27 rows=2528527 width=4) (actual time=1953.317..1953.317 rows=2528312 loops=1)
        Buckets: 131072  Batches: 64  Memory Usage: 2425kB
        ->  Seq Scan on title t  (cost=0.00..61283.27 rows=2528527 width=4) (actual time=0.022..1117.121 rows=2528312 loops=1)
Planning time: 0.806 ms
Execution time: 4714.782 ms
