Hash Join  (cost=111621.41..188085.24 rows=102530 width=0) (actual time=2121.724..3915.277 rows=360339 loops=1)
  Hash Cond: (mc.movie_id = t.id)
  ->  Seq Scan on movie_companies mc  (cost=0.00..44881.29 rows=2609129 width=4) (actual time=0.014..845.877 rows=2609129 loops=1)
  ->  Hash  (cost=109990.37..109990.37 rows=99363 width=8) (actual time=2121.001..2121.001 rows=94612 loops=1)
        Buckets: 131072  Batches: 2  Memory Usage: 2864kB
        ->  Hash Join  (cost=70592.26..109990.37 rows=99363 width=8) (actual time=1092.747..2088.158 rows=94612 loops=1)
              Hash Cond: (mi_idx.movie_id = t.id)
              ->  Seq Scan on movie_info_idx mi_idx  (cost=0.00..21735.35 rows=1380035 width=4) (actual time=0.028..419.827 rows=1380035 loops=1)
              ->  Hash  (cost=67604.59..67604.59 rows=182054 width=4) (actual time=1091.083..1091.083 rows=180956 loops=1)
                    Buckets: 131072  Batches: 4  Memory Usage: 2612kB
                    ->  Seq Scan on title t  (cost=0.00..67604.59 rows=182054 width=4) (actual time=0.460..1031.392 rows=180956 loops=1)
                          Filter: (production_year < 1953)
                          Rows Removed by Filter: 2347356
Planning time: 1.202 ms
Execution time: 3961.715 ms
