Hash Join  (cost=131104.46..220777.92 rows=10631 width=0) (actual time=1917.602..3704.006 rows=6254 loops=1)
  Hash Cond: (mk.movie_id = t.id)
  ->  Seq Scan on movie_keyword mk  (cost=0.00..81003.12 rows=2283742 width=4) (actual time=0.031..1430.686 rows=2285584 loops=1)
        Filter: (keyword_id < 4853)
        Rows Removed by Filter: 2238346
  ->  Hash  (cost=130957.33..130957.33 rows=11770 width=8) (actual time=1916.691..1916.691 rows=4655 loops=1)
        Buckets: 16384  Batches: 1  Memory Usage: 310kB
        ->  Hash Join  (cost=69928.56..130957.33 rows=11770 width=8) (actual time=1048.737..1914.892 rows=4655 loops=1)
              Hash Cond: (mc.movie_id = t.id)
              ->  Seq Scan on movie_companies mc  (cost=0.00..57926.93 rows=210169 width=4) (actual time=0.014..810.689 rows=96721 loops=1)
                    Filter: ((company_id < 276) AND (company_type_id = 2))
                    Rows Removed by Filter: 2512408
              ->  Hash  (cost=67604.59..67604.59 rows=141598 width=4) (actual time=1047.433..1047.433 rows=141703 loops=1)
                    Buckets: 131072  Batches: 2  Memory Usage: 3511kB
                    ->  Seq Scan on title t  (cost=0.00..67604.59 rows=141598 width=4) (actual time=0.023..996.207 rows=141703 loops=1)
                          Filter: (production_year = 2010)
                          Rows Removed by Filter: 2386609
Planning time: 6.076 ms
Execution time: 3705.130 ms
