Hash Join  (cost=899813.54..1026767.15 rows=292368 width=0) (actual time=13225.991..16192.812 rows=1279 loops=1)
  Hash Cond: (mk.movie_id = t.id)
  ->  Seq Scan on movie_keyword mk  (cost=0.00..81003.12 rows=3652749 width=4) (actual time=0.015..1787.343 rows=3647864 loops=1)
        Filter: (keyword_id > 830)
        Rows Removed by Filter: 876066
  ->  Hash  (cost=896492.73..896492.73 rows=202385 width=8) (actual time=13108.576..13108.576 rows=171 loops=1)
        Buckets: 131072  Batches: 4  Memory Usage: 1032kB
        ->  Hash Join  (cost=88195.18..896492.73 rows=202385 width=8) (actual time=2846.991..13108.222 rows=171 loops=1)
              Hash Cond: (ci.movie_id = t.id)
              ->  Seq Scan on cast_info ci  (cost=0.00..796071.18 rows=588405 width=4) (actual time=1403.479..11540.579 rows=447 loops=1)
                    Filter: ((person_id < 277447) AND (role_id = 2))
                    Rows Removed by Filter: 36243897
              ->  Hash  (cost=73925.90..73925.90 rows=869702 width=4) (actual time=1426.129..1426.129 rows=896788 loops=1)
                    Buckets: 131072  Batches: 16  Memory Usage: 2998kB
                    ->  Seq Scan on title t  (cost=0.00..73925.90 rows=869702 width=4) (actual time=0.036..1157.027 rows=896788 loops=1)
                          Filter: ((kind_id < 7) AND (production_year < 2012))
                          Rows Removed by Filter: 1631524
Planning time: 1.289 ms
Execution time: 16193.372 ms
