Seq Scan on movie_companies mc  (cost=0.00..57926.93 rows=336036 width=0) (actual time=0.015..966.512 rows=484747 loops=1)
  Filter: ((company_id < 1129) AND (company_type_id < 2))
  Rows Removed by Filter: 2124382
Planning time: 0.358 ms
Execution time: 1026.000 ms
