Hash Join  (cost=84175.84..127718.93 rows=340961 width=0) (actual time=1545.547..2779.869 rows=250539 loops=1)
  Hash Cond: (mi_idx.movie_id = t.id)
  ->  Seq Scan on movie_info_idx mi_idx  (cost=0.00..21735.35 rows=1380035 width=4) (actual time=0.012..470.662 rows=1380035 loops=1)
  ->  Hash  (cost=73925.90..73925.90 rows=624715 width=4) (actual time=1544.670..1544.670 rows=501928 loops=1)
        Buckets: 131072  Batches: 16  Memory Usage: 2129kB
        ->  Seq Scan on title t  (cost=0.00..73925.90 rows=624715 width=4) (actual time=0.014..1372.172 rows=501928 loops=1)
              Filter: ((kind_id > 1) AND (production_year < 1996))
              Rows Removed by Filter: 2026384
Planning time: 0.731 ms
Execution time: 2812.182 ms
