Hash Join  (cost=102767.86..1310715.84 rows=20470082 width=0) (actual time=1910.615..33136.509 rows=20377053 loops=1)
  Hash Cond: (ci.movie_id = t.id)
  ->  Seq Scan on cast_info ci  (cost=0.00..705507.15 rows=20470082 width=4) (actual time=0.203..14481.756 rows=20377053 loops=1)
        Filter: (person_id < 2048857)
        Rows Removed by Filter: 15867291
  ->  Hash  (cost=61283.27..61283.27 rows=2528527 width=4) (actual time=1908.936..1908.936 rows=2528312 loops=1)
        Buckets: 131072  Batches: 64  Memory Usage: 2415kB
        ->  Seq Scan on title t  (cost=0.00..61283.27 rows=2528527 width=4) (actual time=0.010..1094.574 rows=2528312 loops=1)
Planning time: 0.766 ms
Execution time: 35468.195 ms
