Hash Join  (cost=622747.99..2253897.44 rows=36109024 width=0) (actual time=15999.941..68750.181 rows=71070247 loops=1)
  Hash Cond: (ci.movie_id = t.id)
  ->  Seq Scan on cast_info ci  (cost=0.00..614943.12 rows=36225612 width=4) (actual time=0.010..13575.166 rows=36244344 loops=1)
  ->  Hash  (cost=581397.13..581397.13 rows=2520389 width=8) (actual time=15998.480..15998.480 rows=3836811 loops=1)
        Buckets: 131072  Batches: 64  Memory Usage: 3412kB
        ->  Hash Join  (cost=74698.31..581397.13 rows=2520389 width=8) (actual time=1299.359..14951.770 rows=3836811 loops=1)
              Hash Cond: (mi.movie_id = t.id)
              ->  Seq Scan on movie_info mi  (cost=0.00..309384.22 rows=14739122 width=4) (actual time=0.016..6042.508 rows=14835720 loops=1)
              ->  Hash  (cost=67604.59..67604.59 rows=432378 width=4) (actual time=1298.510..1298.510 rows=423779 loops=1)
                    Buckets: 131072  Batches: 8  Memory Usage: 2891kB
                    ->  Seq Scan on title t  (cost=0.00..67604.59 rows=432378 width=4) (actual time=0.018..1153.208 rows=423779 loops=1)
                          Filter: (production_year < 1974)
                          Rows Removed by Filter: 2104533
Planning time: 1.176 ms
Execution time: 76327.344 ms
