Hash Join  (cost=104131.46..165980.90 rows=71201 width=0) (actual time=2163.538..3366.451 rows=80510 loops=1)
  Hash Cond: (mc.movie_id = t.id)
  ->  Seq Scan on movie_companies mc  (cost=0.00..51404.11 rows=80864 width=4) (actual time=0.050..747.746 rows=84071 loops=1)
        Filter: (company_id < 19)
        Rows Removed by Filter: 2525058
  ->  Hash  (cost=67604.59..67604.59 rows=2226390 width=4) (actual time=2162.266..2162.266 rows=2224569 loops=1)
        Buckets: 131072  Batches: 32  Memory Usage: 3463kB
        ->  Seq Scan on title t  (cost=0.00..67604.59 rows=2226390 width=4) (actual time=0.014..1444.318 rows=2224569 loops=1)
              Filter: (production_year < 2012)
              Rows Removed by Filter: 303743
Planning time: 1.947 ms
Execution time: 3376.332 ms
