Nested Loop  (cost=0.43..709674.40 rows=8 width=0) (actual time=4618.040..9339.641 rows=5 loops=1)
  ->  Seq Scan on cast_info ci  (cost=0.00..705507.15 rows=500 width=4) (actual time=4617.851..9338.897 rows=25 loops=1)
        Filter: (person_id = 954314)
        Rows Removed by Filter: 36244319
  ->  Index Scan using title_pkey on title t  (cost=0.43..8.32 rows=1 width=4) (actual time=0.026..0.026 rows=0 loops=25)
        Index Cond: (id = ci.movie_id)
        Filter: ((production_year < 2000) AND (kind_id = 3))
        Rows Removed by Filter: 1
Planning time: 4.660 ms
Execution time: 9339.763 ms
