Hash Join  (cost=184614.32..895396.41 rows=32076 width=0) (actual time=7781.013..17087.216 rows=290165 loops=1)
  Hash Cond: (ci.movie_id = t.id)
  ->  Seq Scan on cast_info ci  (cost=0.00..705507.15 rows=350181 width=4) (actual time=3809.391..12776.648 rows=316118 loops=1)
        Filter: (role_id > 10)
        Rows Removed by Filter: 35928226
  ->  Hash  (cost=180814.23..180814.23 rows=231607 width=8) (actual time=3970.710..3970.710 rows=596922 loops=1)
        Buckets: 131072 (originally 131072)  Batches: 8 (originally 4)  Memory Usage: 3991kB
        ->  Hash Join  (cost=84374.77..180814.23 rows=231607 width=8) (actual time=1589.370..3784.597 rows=596922 loops=1)
              Hash Cond: (mk.movie_id = t.id)
              ->  Seq Scan on movie_keyword mk  (cost=0.00..81003.12 rows=919538 width=4) (actual time=0.031..1501.751 rows=909252 loops=1)
                    Filter: (keyword_id > 20342)
                    Rows Removed by Filter: 3614678
              ->  Hash  (cost=73925.90..73925.90 rows=636869 width=4) (actual time=1588.659..1588.659 rows=604590 loops=1)
                    Buckets: 131072  Batches: 16  Memory Usage: 2358kB
                    ->  Seq Scan on title t  (cost=0.00..73925.90 rows=636869 width=4) (actual time=13.018..1386.901 rows=604590 loops=1)
                          Filter: ((production_year > 1913) AND (kind_id = 1))
                          Rows Removed by Filter: 1923722
Planning time: 1.814 ms
Execution time: 17125.477 ms
