Hash Join  (cost=137122.06..224581.79 rows=80169 width=0) (actual time=2599.731..4555.240 rows=355747 loops=1)
  Hash Cond: (mk.movie_id = t.id)
  ->  Seq Scan on movie_keyword mk  (cost=0.00..69693.30 rows=4523930 width=4) (actual time=0.011..1009.518 rows=4523930 loops=1)
  ->  Hash  (cost=136561.96..136561.96 rows=44808 width=8) (actual time=2599.080..2599.080 rows=37215 loops=1)
        Buckets: 65536  Batches: 1  Memory Usage: 1966kB
        ->  Hash Join  (cost=69002.72..136561.96 rows=44808 width=8) (actual time=1079.112..2585.273 rows=37215 loops=1)
              Hash Cond: (mc.movie_id = t.id)
              ->  Seq Scan on movie_companies mc  (cost=0.00..51404.11 rows=1329612 width=4) (actual time=0.017..1011.971 rows=1334883 loops=1)
                    Filter: (company_type_id = 2)
                    Rows Removed by Filter: 1274246
              ->  Hash  (cost=67604.59..67604.59 rows=85211 width=4) (actual time=1078.290..1078.290 rows=84593 loops=1)
                    Buckets: 131072  Batches: 2  Memory Usage: 2518kB
                    ->  Seq Scan on title t  (cost=0.00..67604.59 rows=85211 width=4) (actual time=0.759..1045.258 rows=84593 loops=1)
                          Filter: (production_year = 2004)
                          Rows Removed by Filter: 2443719
Planning time: 2.242 ms
Execution time: 4601.114 ms
