Hash Join  (cost=101576.35..156410.06 rows=16817 width=0) (actual time=1820.259..3048.487 rows=85694 loops=1)
  Hash Cond: (mc.movie_id = t.id)
  ->  Seq Scan on movie_companies mc  (cost=0.00..44881.29 rows=2609129 width=4) (actual time=0.015..619.564 rows=2609129 loops=1)
  ->  Hash  (cost=101372.63..101372.63 rows=16298 width=8) (actual time=1819.901..1819.901 rows=22000 loops=1)
        Buckets: 32768 (originally 16384)  Batches: 1 (originally 1)  Memory Usage: 1116kB
        ->  Hash Join  (cost=74299.17..101372.63 rows=16298 width=8) (actual time=1309.505..1811.648 rows=22000 loops=1)
              Hash Cond: (mi_idx.movie_id = t.id)
              ->  Seq Scan on movie_info_idx mi_idx  (cost=0.00..21735.35 rows=1380035 width=4) (actual time=0.016..352.940 rows=1380035 loops=1)
              ->  Hash  (cost=73925.90..73925.90 rows=29861 width=4) (actual time=1144.332..1144.332 rows=17772 loops=1)
                    Buckets: 32768  Batches: 1  Memory Usage: 881kB
                    ->  Seq Scan on title t  (cost=0.00..73925.90 rows=29861 width=4) (actual time=371.953..1137.005 rows=17772 loops=1)
                          Filter: ((kind_id = 1) AND (production_year = 2007))
                          Rows Removed by Filter: 2510540
Planning time: 1.245 ms
Execution time: 3060.233 ms
