Hash Join  (cost=261865.67..1502538.13 rows=22463354 width=0) (actual time=6388.059..48955.627 rows=49472617 loops=1)
  Hash Cond: (ci.movie_id = t.id)
  ->  Seq Scan on cast_info ci  (cost=0.00..705507.15 rows=23499554 width=4) (actual time=0.017..16501.765 rows=23573656 loops=1)
        Filter: (role_id > 1)
        Rows Removed by Filter: 12670688
  ->  Hash  (cost=222210.76..222210.76 rows=2417033 width=8) (actual time=6386.720..6386.720 rows=2417919 loops=1)
        Buckets: 131072  Batches: 32  Memory Usage: 3941kB
        ->  Hash Join  (cost=102767.86..222210.76 rows=2417033 width=8) (actual time=1824.298..5744.146 rows=2417919 loops=1)
              Hash Cond: (mc.movie_id = t.id)
              ->  Seq Scan on movie_companies mc  (cost=0.00..51404.11 rows=2417033 width=4) (actual time=0.014..1049.841 rows=2417919 loops=1)
                    Filter: (company_id > 49)
                    Rows Removed by Filter: 191210
              ->  Hash  (cost=61283.27..61283.27 rows=2528527 width=4) (actual time=1823.378..1823.378 rows=2528312 loops=1)
                    Buckets: 131072  Batches: 64  Memory Usage: 2415kB
                    ->  Seq Scan on title t  (cost=0.00..61283.27 rows=2528527 width=4) (actual time=0.024..983.544 rows=2528312 loops=1)
Planning time: 1.189 ms
Execution time: 54489.575 ms
