Hash Join  (cost=74155.14..439880.07 rows=106900 width=0) (actual time=1116.397..8992.036 rows=168931 loops=1)
  Hash Cond: (mi.movie_id = t.id)
  ->  Seq Scan on movie_info mi  (cost=0.00..309384.22 rows=14739122 width=4) (actual time=0.018..4452.393 rows=14835720 loops=1)
  ->  Hash  (cost=73925.90..73925.90 rows=18339 width=4) (actual time=1116.082..1116.082 rows=14449 loops=1)
        Buckets: 32768  Batches: 1  Memory Usage: 764kB
        ->  Seq Scan on title t  (cost=0.00..73925.90 rows=18339 width=4) (actual time=0.081..1109.697 rows=14449 loops=1)
              Filter: ((kind_id < 7) AND (production_year = 1998))
              Rows Removed by Filter: 2513863
Planning time: 1.516 ms
Execution time: 9018.449 ms
