Hash Join  (cost=92508.29..129514.24 rows=206484 width=0) (actual time=1768.214..2736.685 rows=111086 loops=1)
  Hash Cond: (mi_idx.movie_id = t.id)
  ->  Seq Scan on movie_info_idx mi_idx  (cost=0.00..25185.44 rows=460978 width=4) (actual time=0.016..515.175 rows=459925 loops=1)
        Filter: (info_type_id = 99)
        Rows Removed by Filter: 920110
  ->  Hash  (cost=73925.90..73925.90 rows=1132591 width=4) (actual time=1767.359..1767.359 rows=1224674 loops=1)
        Buckets: 131072  Batches: 16  Memory Usage: 3727kB
        ->  Seq Scan on title t  (cost=0.00..73925.90 rows=1132591 width=4) (actual time=0.016..1388.966 rows=1224674 loops=1)
              Filter: ((production_year > 1985) AND (kind_id = 7))
              Rows Removed by Filter: 1303638
Planning time: 0.747 ms
Execution time: 2750.074 ms
