Seq Scan on movie_keyword mk  (cost=0.00..81003.12 rows=666733 width=0) (actual time=0.028..1285.299 rows=667241 loops=1)
  Filter: (keyword_id < 521)
  Rows Removed by Filter: 3856689
Planning time: 0.389 ms
Execution time: 1370.056 ms
