Seq Scan on cast_info ci  (cost=0.00..796071.18 rows=324 width=0) (actual time=6473.414..13445.780 rows=961 loops=1)
  Filter: ((role_id > 1) AND (person_id = 2872165))
  Rows Removed by Filter: 36243383
Planning time: 0.385 ms
Execution time: 13446.042 ms
