Hash Join  (cost=1007657.51..1599924.84 rows=7086460 width=0) (actual time=23520.357..45788.746 rows=37201402 loops=1)
  Hash Cond: (mi.movie_id = t.id)
  ->  Seq Scan on movie_info mi  (cost=0.00..309384.22 rows=14739122 width=4) (actual time=0.013..6195.894 rows=14835720 loops=1)
  ->  Hash  (cost=987712.30..987712.30 rows=1215697 width=8) (actual time=23519.283..23519.283 rows=1536380 loops=1)
        Buckets: 131072 (originally 131072)  Batches: 32 (originally 16)  Memory Usage: 3073kB
        ->  Hash Join  (cost=79863.89..987712.30 rows=1215697 width=8) (actual time=3183.998..23021.268 rows=1536380 loops=1)
              Hash Cond: (ci.movie_id = t.id)
              ->  Seq Scan on cast_info ci  (cost=0.00..796071.18 rows=8493401 width=4) (actual time=1824.664..15187.626 rows=11349157 loops=1)
                    Filter: ((person_id > 1690735) AND (role_id > 2))
                    Rows Removed by Filter: 24895187
              ->  Hash  (cost=73925.90..73925.90 rows=361919 width=4) (actual time=1358.198..1358.198 rows=470371 loops=1)
                    Buckets: 131072  Batches: 8  Memory Usage: 3103kB
                    ->  Seq Scan on title t  (cost=0.00..73925.90 rows=361919 width=4) (actual time=0.095..1215.180 rows=470371 loops=1)
                          Filter: ((kind_id < 7) AND (production_year < 1998))
                          Rows Removed by Filter: 2057941
Planning time: 1.201 ms
Execution time: 49698.881 ms
