Seq Scan on movie_companies mc  (cost=0.00..57926.93 rows=787351 width=0) (actual time=0.015..992.447 rows=572064 loops=1)
  Filter: ((company_id > 4828) AND (company_type_id = 1))
  Rows Removed by Filter: 2037065
Planning time: 0.295 ms
Execution time: 1061.462 ms
