Hash Join  (cost=136662.72..647129.83 rows=2873520 width=0) (actual time=3058.947..17273.840 rows=4929558 loops=1)
  Hash Cond: (mi.movie_id = t.id)
  ->  Seq Scan on movie_info mi  (cost=0.00..309384.22 rows=14739122 width=4) (actual time=0.015..6233.381 rows=14835720 loops=1)
  ->  Hash  (cost=128574.75..128574.75 rows=492958 width=8) (actual time=3058.238..3058.238 rows=369173 loops=1)
        Buckets: 131072  Batches: 8  Memory Usage: 2817kB
        ->  Hash Join  (cost=82423.69..128574.75 rows=492958 width=8) (actual time=1587.042..2944.361 rows=369173 loops=1)
              Hash Cond: (mi_idx.movie_id = t.id)
              ->  Seq Scan on movie_info_idx mi_idx  (cost=0.00..21735.35 rows=1380035 width=4) (actual time=0.015..465.205 rows=1380035 loops=1)
              ->  Hash  (cost=67604.59..67604.59 rows=903208 width=4) (actual time=1586.252..1586.252 rows=904491 loops=1)
                    Buckets: 131072  Batches: 16  Memory Usage: 3010kB
                    ->  Seq Scan on title t  (cost=0.00..67604.59 rows=903208 width=4) (actual time=0.017..1283.773 rows=904491 loops=1)
                          Filter: (production_year > 2006)
                          Rows Removed by Filter: 1623821
Planning time: 1.229 ms
Execution time: 17828.004 ms
