Hash Join  (cost=228532.28..1430834.05 rows=12793462 width=0) (actual time=4724.510..38542.520 rows=6711115 loops=1)
  Hash Cond: (ci.movie_id = t.id)
  ->  Seq Scan on cast_info ci  (cost=0.00..705507.15 rows=31554923 width=4) (actual time=0.016..17665.389 rows=31605208 loops=1)
        Filter: (role_id < 10)
        Rows Removed by Filter: 4639136
  ->  Hash  (cost=211712.87..211712.87 rows=1025153 width=8) (actual time=4722.622..4722.622 rows=266204 loops=1)
        Buckets: 131072  Batches: 16  Memory Usage: 1688kB
        ->  Hash Join  (cost=92883.59..211712.87 rows=1025153 width=8) (actual time=1752.904..4649.321 rows=266204 loops=1)
              Hash Cond: (mk.movie_id = t.id)
              ->  Seq Scan on movie_keyword mk  (cost=0.00..81003.12 rows=1682325 width=4) (actual time=0.021..1532.260 rows=1692250 loops=1)
                    Filter: (keyword_id > 8537)
                    Rows Removed by Filter: 2831680
              ->  Hash  (cost=67604.59..67604.59 rows=1540800 width=4) (actual time=1750.849..1750.849 rows=1543264 loops=1)
                    Buckets: 131072  Batches: 32  Memory Usage: 2728kB
                    ->  Seq Scan on title t  (cost=0.00..67604.59 rows=1540800 width=4) (actual time=0.020..1255.113 rows=1543264 loops=1)
                          Filter: (kind_id = 7)
                          Rows Removed by Filter: 985048
Planning time: 0.858 ms
Execution time: 39327.103 ms
