Nested Loop  (cost=0.43..709674.40 rows=79 width=0) (actual time=1121.418..10220.175 rows=21 loops=1)
  ->  Seq Scan on cast_info ci  (cost=0.00..705507.15 rows=500 width=4) (actual time=1121.371..10216.579 rows=258 loops=1)
        Filter: (person_id = 1716476)
        Rows Removed by Filter: 36244086
  ->  Index Scan using title_pkey on title t  (cost=0.43..8.32 rows=1 width=4) (actual time=0.013..0.013 rows=0 loops=258)
        Index Cond: (id = ci.movie_id)
        Filter: ((kind_id < 7) AND (production_year < 2000))
        Rows Removed by Filter: 1
Planning time: 0.766 ms
Execution time: 10220.286 ms
