Seq Scan on cast_info ci  (cost=0.00..705507.15 rows=500 width=0) (actual time=6197.423..9856.806 rows=3 loops=1)
  Filter: (person_id = 3461572)
  Rows Removed by Filter: 36244341
Planning time: 0.375 ms
Execution time: 9856.893 ms
