Hash Join  (cost=262205.11..1590601.83 rows=24269354 width=0) (actual time=5670.939..57065.083 rows=78171487 loops=1)
  Hash Cond: (ci.movie_id = t.id)
  ->  Seq Scan on cast_info ci  (cost=0.00..614943.12 rows=36225612 width=4) (actual time=0.011..13726.271 rows=36244344 loops=1)
  ->  Hash  (cost=234412.27..234412.27 rows=1693987 width=8) (actual time=5669.497..5669.497 rows=1702351 loops=1)
        Buckets: 131072  Batches: 32  Memory Usage: 3088kB
        ->  Hash Join  (cost=102767.86..234412.27 rows=1693987 width=8) (actual time=1975.093..5210.361 rows=1702351 loops=1)
              Hash Cond: (mk.movie_id = t.id)
              ->  Seq Scan on movie_keyword mk  (cost=0.00..81003.12 rows=1693987 width=4) (actual time=0.015..1536.581 rows=1702351 loops=1)
                    Filter: (keyword_id < 2658)
                    Rows Removed by Filter: 2821579
              ->  Hash  (cost=61283.27..61283.27 rows=2528527 width=4) (actual time=1972.809..1972.809 rows=2528312 loops=1)
                    Buckets: 131072  Batches: 64  Memory Usage: 2425kB
                    ->  Seq Scan on title t  (cost=0.00..61283.27 rows=2528527 width=4) (actual time=0.012..1090.011 rows=2528312 loops=1)
Planning time: 1.153 ms
Execution time: 65421.458 ms
