Hash Join  (cost=200693.55..1260115.61 rows=2493889 width=0) (actual time=4205.296..35675.063 rows=6957132 loops=1)
  Hash Cond: (ci.movie_id = t.id)
  ->  Seq Scan on cast_info ci  (cost=0.00..614943.12 rows=36225612 width=4) (actual time=0.021..13581.654 rows=36244344 loops=1)
  ->  Hash  (cost=197837.65..197837.65 rows=174072 width=8) (actual time=4204.499..4204.499 rows=188777 loops=1)
        Buckets: 131072  Batches: 4  Memory Usage: 2885kB
        ->  Hash Join  (cost=102767.86..197837.65 rows=174072 width=8) (actual time=2314.710..4146.870 rows=188777 loops=1)
              Hash Cond: (mk.movie_id = t.id)
              ->  Seq Scan on movie_keyword mk  (cost=0.00..81003.12 rows=174072 width=4) (actual time=0.025..1288.183 rows=188777 loops=1)
                    Filter: (keyword_id < 137)
                    Rows Removed by Filter: 4335153
              ->  Hash  (cost=61283.27..61283.27 rows=2528527 width=4) (actual time=2311.877..2311.877 rows=2528312 loops=1)
                    Buckets: 131072  Batches: 64  Memory Usage: 2425kB
                    ->  Seq Scan on title t  (cost=0.00..61283.27 rows=2528527 width=4) (actual time=0.021..1174.361 rows=2528312 loops=1)
Planning time: 1.190 ms
Execution time: 36533.788 ms
