Hash Join  (cost=170073.23..686879.57 rows=3467641 width=0) (actual time=4010.554..21728.204 rows=18673068 loops=1)
  Hash Cond: (mi.movie_id = t.id)
  ->  Seq Scan on movie_info mi  (cost=0.00..309384.22 rows=14739122 width=4) (actual time=0.010..6030.855 rows=14835720 loops=1)
  ->  Hash  (cost=160313.22..160313.22 rows=594881 width=8) (actual time=4005.895..4005.895 rows=915750 loops=1)
        Buckets: 131072 (originally 131072)  Batches: 16 (originally 8)  Memory Usage: 3296kB
        ->  Hash Join  (cost=77062.89..160313.22 rows=594881 width=8) (actual time=1412.580..3753.172 rows=915750 loops=1)
              Hash Cond: (mc.movie_id = t.id)
              ->  Seq Scan on movie_companies mc  (cost=0.00..44881.29 rows=2609129 width=4) (actual time=0.025..846.033 rows=2609129 loops=1)
              ->  Hash  (cost=67604.59..67604.59 rows=576504 width=4) (actual time=1411.838..1411.838 rows=568449 loops=1)
                    Buckets: 131072  Batches: 8  Memory Usage: 3513kB
                    ->  Seq Scan on title t  (cost=0.00..67604.59 rows=576504 width=4) (actual time=0.029..1229.237 rows=568449 loops=1)
                          Filter: (production_year < 1984)
                          Rows Removed by Filter: 1959863
Planning time: 1.180 ms
Execution time: 23744.175 ms
