Hash Join  (cost=864316.47..1033530.32 rows=626042 width=0) (actual time=21320.960..25782.456 rows=4404460 loops=1)
  Hash Cond: (mk.movie_id = t.id)
  ->  Seq Scan on movie_keyword mk  (cost=0.00..69693.30 rows=4523930 width=4) (actual time=0.038..1548.051 rows=4523930 loops=1)
  ->  Hash  (cost=858575.61..858575.61 rows=349909 width=8) (actual time=21319.216..21319.216 rows=300715 loops=1)
        Buckets: 131072  Batches: 8  Memory Usage: 2496kB
        ->  Hash Join  (cost=74478.21..858575.61 rows=349909 width=8) (actual time=1149.331..20912.419 rows=300715 loops=1)
              Hash Cond: (ci.movie_id = t.id)
              ->  Seq Scan on cast_info ci  (cost=0.00..705507.15 rows=20024311 width=4) (actual time=0.018..14717.916 rows=20122661 loops=1)
                    Filter: (role_id < 3)
                    Rows Removed by Filter: 16121683
              ->  Hash  (cost=73925.90..73925.90 rows=44184 width=4) (actual time=1148.943..1148.943 rows=35489 loops=1)
                    Buckets: 65536  Batches: 1  Memory Usage: 1760kB
                    ->  Seq Scan on title t  (cost=0.00..73925.90 rows=44184 width=4) (actual time=0.014..1133.945 rows=35489 loops=1)
                          Filter: ((kind_id < 7) AND (production_year = 2007))
                          Rows Removed by Filter: 2492823
Planning time: 1.170 ms
Execution time: 26305.438 ms
