Hash Join  (cost=73950.44..128636.23 rows=2026 width=0) (actual time=1054.594..1944.284 rows=8289 loops=1)
  Hash Cond: (mc.movie_id = t.id)
  ->  Seq Scan on movie_companies mc  (cost=0.00..44881.29 rows=2609129 width=4) (actual time=0.026..477.332 rows=2609129 loops=1)
  ->  Hash  (cost=73925.90..73925.90 rows=1963 width=4) (actual time=1054.379..1054.379 rows=4288 loops=1)
        Buckets: 8192 (originally 2048)  Batches: 1 (originally 1)  Memory Usage: 215kB
        ->  Seq Scan on title t  (cost=0.00..73925.90 rows=1963 width=4) (actual time=292.036..1052.201 rows=4288 loops=1)
              Filter: ((kind_id = 1) AND (production_year = 1982))
              Rows Removed by Filter: 2524024
Planning time: 0.835 ms
Execution time: 1945.762 ms
