Hash Join  (cost=190230.21..1224026.88 rows=7450169 width=0) (actual time=4239.881..26561.627 rows=9557776 loops=1)
  Hash Cond: (ci.movie_id = t.id)
  ->  Seq Scan on cast_info ci  (cost=0.00..796071.18 rows=13650345 width=4) (actual time=3.832..14137.024 rows=8247415 loops=1)
        Filter: ((person_id < 2108455) AND (role_id > 1))
        Rows Removed by Filter: 27996929
  ->  Hash  (cost=167588.78..167588.78 rows=1380035 width=8) (actual time=4235.258..4235.258 rows=1380035 loops=1)
        Buckets: 131072  Batches: 32  Memory Usage: 2708kB
        ->  Hash Join  (cost=102767.86..167588.78 rows=1380035 width=8) (actual time=1933.525..3847.432 rows=1380035 loops=1)
              Hash Cond: (mi_idx.movie_id = t.id)
              ->  Seq Scan on movie_info_idx mi_idx  (cost=0.00..21735.35 rows=1380035 width=4) (actual time=0.017..476.288 rows=1380035 loops=1)
              ->  Hash  (cost=61283.27..61283.27 rows=2528527 width=4) (actual time=1932.488..1932.488 rows=2528312 loops=1)
                    Buckets: 131072  Batches: 64  Memory Usage: 2415kB
                    ->  Seq Scan on title t  (cost=0.00..61283.27 rows=2528527 width=4) (actual time=0.016..1087.056 rows=2528312 loops=1)
Planning time: 7.693 ms
Execution time: 27704.102 ms
