Hash Join  (cost=239155.43..407266.29 rows=3320391 width=0) (actual time=5599.257..15518.241 rows=26905529 loops=1)
  Hash Cond: (mk.movie_id = t.id)
  ->  Seq Scan on movie_keyword mk  (cost=0.00..69693.30 rows=4523930 width=4) (actual time=0.023..1468.632 rows=4523930 loops=1)
  ->  Hash  (cost=208707.40..208707.40 rows=1855842 width=8) (actual time=5597.677..5597.677 rows=1861412 loops=1)
        Buckets: 131072  Batches: 32  Memory Usage: 3357kB
        ->  Hash Join  (cost=102767.86..208707.40 rows=1855842 width=8) (actual time=1880.028..4871.653 rows=1861412 loops=1)
              Hash Cond: (mc.movie_id = t.id)
              ->  Seq Scan on movie_companies mc  (cost=0.00..51404.11 rows=1855842 width=4) (actual time=0.031..1098.909 rows=1861412 loops=1)
                    Filter: (company_id > 1451)
                    Rows Removed by Filter: 747717
              ->  Hash  (cost=61283.27..61283.27 rows=2528527 width=4) (actual time=1877.364..1877.364 rows=2528312 loops=1)
                    Buckets: 131072  Batches: 64  Memory Usage: 2415kB
                    ->  Seq Scan on title t  (cost=0.00..61283.27 rows=2528527 width=4) (actual time=0.020..1029.658 rows=2528312 loops=1)
Planning time: 1.169 ms
Execution time: 18629.168 ms
