Seq Scan on cast_info ci  (cost=0.00..705507.15 rows=500 width=0) (actual time=6527.625..9907.714 rows=323 loops=1)
  Filter: (person_id = 325593)
  Rows Removed by Filter: 36244021
Planning time: 0.327 ms
Execution time: 9907.816 ms
