Hash Join  (cost=74251.74..164377.53 rows=24408 width=0) (actual time=1148.972..2726.553 rows=18029 loops=1)
  Hash Cond: (mk.movie_id = t.id)
  ->  Seq Scan on movie_keyword mk  (cost=0.00..81003.12 rows=2367622 width=4) (actual time=0.019..1230.850 rows=2362003 loops=1)
        Filter: (keyword_id > 4132)
        Rows Removed by Filter: 2161927
  ->  Hash  (cost=73925.90..73925.90 rows=26067 width=4) (actual time=1148.613..1148.613 rows=27085 loops=1)
        Buckets: 32768  Batches: 1  Memory Usage: 1209kB
        ->  Seq Scan on title t  (cost=0.00..73925.90 rows=26067 width=4) (actual time=0.382..1137.602 rows=27085 loops=1)
              Filter: ((kind_id < 7) AND (production_year > 2012))
              Rows Removed by Filter: 2501227
Planning time: 0.727 ms
Execution time: 2729.051 ms
