Hash Join  (cost=73982.55..893781.64 rows=11287 width=0) (actual time=12800.567..13898.165 rows=5980 loops=1)
  Hash Cond: (ci.movie_id = t.id)
  ->  Seq Scan on cast_info ci  (cost=0.00..796071.18 rows=6297343 width=4) (actual time=11565.695..12482.015 rows=1085553 loops=1)
        Filter: ((person_id > 2560909) AND (role_id < 3))
        Rows Removed by Filter: 35158791
  ->  Hash  (cost=73925.90..73925.90 rows=4532 width=4) (actual time=1234.437..1234.437 rows=11996 loops=1)
        Buckets: 16384 (originally 8192)  Batches: 1 (originally 1)  Memory Usage: 550kB
        ->  Seq Scan on title t  (cost=0.00..73925.90 rows=4532 width=4) (actual time=0.042..1228.437 rows=11996 loops=1)
              Filter: ((kind_id = 7) AND (production_year = 1987))
              Rows Removed by Filter: 2516316
Planning time: 4.210 ms
Execution time: 13899.170 ms
