Seq Scan on cast_info ci  (cost=0.00..705507.15 rows=5118276 width=0) (actual time=847.787..11646.355 rows=5175208 loops=1)
  Filter: (person_id > 3147568)
  Rows Removed by Filter: 31069136
Planning time: 0.367 ms
Execution time: 12290.084 ms
