Hash Join  (cost=102767.86..1306307.23 rows=20286906 width=0) (actual time=1943.169..34566.876 rows=20178093 loops=1)
  Hash Cond: (ci.movie_id = t.id)
  ->  Seq Scan on cast_info ci  (cost=0.00..705507.15 rows=20286906 width=4) (actual time=0.014..15065.173 rows=20178093 loops=1)
        Filter: (person_id < 2027191)
        Rows Removed by Filter: 16066251
  ->  Hash  (cost=61283.27..61283.27 rows=2528527 width=4) (actual time=1941.603..1941.603 rows=2528312 loops=1)
        Buckets: 131072  Batches: 64  Memory Usage: 2415kB
        ->  Seq Scan on title t  (cost=0.00..61283.27 rows=2528527 width=4) (actual time=0.004..1099.971 rows=2528312 loops=1)
Planning time: 0.797 ms
Execution time: 36765.519 ms
