Seq Scan on movie_companies mc  (cost=0.00..57926.93 rows=135838 width=0) (actual time=652.254..985.245 rows=269710 loops=1)
  Filter: ((company_id > 97722) AND (company_type_id = 2))
  Rows Removed by Filter: 2339419
Planning time: 0.380 ms
Execution time: 1018.452 ms
