Seq Scan on cast_info ci  (cost=0.00..705507.15 rows=9288933 width=0) (actual time=36.860..12428.875 rows=9140031 loops=1)
  Filter: (person_id < 900075)
  Rows Removed by Filter: 27104313
Planning time: 0.301 ms
Execution time: 13572.223 ms
