Hash Join  (cost=169427.53..682749.39 rows=3141093 width=0) (actual time=3915.866..19205.042 rows=9276600 loops=1)
  Hash Cond: (mi.movie_id = t.id)
  ->  Seq Scan on movie_info mi  (cost=0.00..309384.22 rows=14739122 width=4) (actual time=0.026..6174.105 rows=14835720 loops=1)
  ->  Hash  (cost=160586.77..160586.77 rows=538861 width=8) (actual time=3914.768..3914.768 rows=670602 loops=1)
        Buckets: 131072 (originally 131072)  Batches: 16 (originally 8)  Memory Usage: 3073kB
        ->  Hash Join  (cost=84417.00..160586.77 rows=538861 width=8) (actual time=1870.099..3692.297 rows=670602 loops=1)
              Hash Cond: (mc.movie_id = t.id)
              ->  Seq Scan on movie_companies mc  (cost=0.00..51404.11 rows=1329612 width=4) (actual time=310.620..1005.741 rows=1334883 loops=1)
                    Filter: (company_type_id = 2)
                    Rows Removed by Filter: 1274246
              ->  Hash  (cost=67604.59..67604.59 rows=1024753 width=4) (actual time=1558.343..1558.343 rows=1021752 loops=1)
                    Buckets: 131072  Batches: 16  Memory Usage: 3274kB
                    ->  Seq Scan on title t  (cost=0.00..67604.59 rows=1024753 width=4) (actual time=0.026..1239.187 rows=1021752 loops=1)
                          Filter: (production_year < 2000)
                          Rows Removed by Filter: 1506560
Planning time: 1.118 ms
Execution time: 20162.373 ms
