Hash Join  (cost=254185.55..350514.00 rows=1543493 width=0) (actual time=5499.584..10874.559 rows=11779216 loops=1)
  Hash Cond: (mc.movie_id = t.id)
  ->  Seq Scan on movie_companies mc  (cost=0.00..44881.29 rows=2609129 width=4) (actual time=0.028..1020.709 rows=2609129 loops=1)
  ->  Hash  (cost=229643.91..229643.91 rows=1495811 width=8) (actual time=5497.941..5497.941 rows=1515740 loops=1)
        Buckets: 131072  Batches: 32  Memory Usage: 2862kB
        ->  Hash Join  (cost=102767.86..229643.91 rows=1495811 width=8) (actual time=1974.143..5077.114 rows=1515740 loops=1)
              Hash Cond: (mk.movie_id = t.id)
              ->  Seq Scan on movie_keyword mk  (cost=0.00..81003.12 rows=1495811 width=4) (actual time=0.023..1538.625 rows=1515740 loops=1)
                    Filter: (keyword_id > 10677)
                    Rows Removed by Filter: 3008190
              ->  Hash  (cost=61283.27..61283.27 rows=2528527 width=4) (actual time=1972.841..1972.841 rows=2528312 loops=1)
                    Buckets: 131072  Batches: 64  Memory Usage: 2425kB
                    ->  Seq Scan on title t  (cost=0.00..61283.27 rows=2528527 width=4) (actual time=0.016..1121.216 rows=2528312 loops=1)
Planning time: 3.405 ms
Execution time: 12177.018 ms
