Seq Scan on cast_info ci  (cost=0.00..705507.15 rows=500 width=0) (actual time=3396.968..9777.065 rows=1798 loops=1)
  Filter: (person_id = 120293)
  Rows Removed by Filter: 36242546
Planning time: 0.330 ms
Execution time: 9777.370 ms
