Hash Join  (cost=709678.15..1091465.08 rows=1874 width=0) (actual time=10470.887..16746.673 rows=681 loops=1)
  Hash Cond: (mi.movie_id = t.id)
  ->  Seq Scan on movie_info mi  (cost=0.00..346232.03 rows=9476311 width=4) (actual time=0.015..5267.563 rows=9565151 loops=1)
        Filter: (info_type_id < 16)
        Rows Removed by Filter: 5270569
  ->  Hash  (cost=709671.90..709671.90 rows=500 width=8) (actual time=10285.572..10285.572 rows=36 loops=1)
        Buckets: 1024  Batches: 1  Memory Usage: 10kB
        ->  Nested Loop  (cost=0.43..709671.90 rows=500 width=8) (actual time=6084.653..10285.544 rows=36 loops=1)
              ->  Seq Scan on cast_info ci  (cost=0.00..705507.15 rows=500 width=4) (actual time=6084.505..10284.694 rows=36 loops=1)
                    Filter: (person_id = 2440859)
                    Rows Removed by Filter: 36244308
              ->  Index Only Scan using title_pkey on title t  (cost=0.43..8.32 rows=1 width=4) (actual time=0.021..0.021 rows=1 loops=36)
                    Index Cond: (id = ci.movie_id)
                    Heap Fetches: 36
Planning time: 1.324 ms
Execution time: 16747.019 ms
