Hash Join  (cost=248015.53..1391129.78 rows=12481589 width=0) (actual time=5389.743..40077.706 rows=32916424 loops=1)
  Hash Cond: (ci.movie_id = t.id)
  ->  Seq Scan on cast_info ci  (cost=0.00..705507.15 rows=24012042 width=4) (actual time=0.023..15568.993 rows=24122668 loops=1)
        Filter: (person_id > 1193475)
        Rows Removed by Filter: 12121676
  ->  Hash  (cost=226451.25..226451.25 rows=1314342 width=8) (actual time=5388.309..5388.309 rows=817601 loops=1)
        Buckets: 131072  Batches: 32  Memory Usage: 2036kB
        ->  Hash Join  (cost=80562.70..226451.25 rows=1314342 width=8) (actual time=1465.099..5188.259 rows=817601 loops=1)
              Hash Cond: (mk.movie_id = t.id)
              ->  Seq Scan on movie_keyword mk  (cost=0.00..81003.12 rows=4208002 width=4) (actual time=0.022..1797.831 rows=4210794 loops=1)
                    Filter: (keyword_id < 52141)
                    Rows Removed by Filter: 313136
              ->  Hash  (cost=67604.59..67604.59 rows=789769 width=4) (actual time=1462.884..1462.884 rows=784926 loops=1)
                    Buckets: 131072  Batches: 16  Memory Usage: 2756kB
                    ->  Seq Scan on title t  (cost=0.00..67604.59 rows=789769 width=4) (actual time=0.015..1195.290 rows=784926 loops=1)
                          Filter: (production_year > 2007)
                          Rows Removed by Filter: 1743386
Planning time: 1.622 ms
Execution time: 43802.378 ms
