Seq Scan on movie_companies mc  (cost=0.00..51404.11 rows=1329612 width=40) (actual time=0.024..1286.852 rows=1334883 loops=1)
  Filter: (company_type_id > 1)
  Rows Removed by Filter: 1274246
Planning time: 0.428 ms
Execution time: 1378.734 ms
