Hash Join  (cost=133965.90..499070.14 rows=44832 width=0) (actual time=1419.133..9013.881 rows=133882 loops=1)
  Hash Cond: (mi.movie_id = t.id)
  ->  Seq Scan on movie_info mi  (cost=0.00..309384.22 rows=14739122 width=4) (actual time=0.018..4390.756 rows=14835720 loops=1)
  ->  Hash  (cost=133869.76..133869.76 rows=7691 width=8) (actual time=1418.736..1418.736 rows=6501 loops=1)
        Buckets: 8192  Batches: 1  Memory Usage: 318kB
        ->  Nested Loop  (cost=0.43..133869.76 rows=7691 width=8) (actual time=0.590..1414.823 rows=6501 loops=1)
              ->  Seq Scan on movie_keyword mk  (cost=0.00..81003.12 rows=7691 width=4) (actual time=0.540..1205.142 rows=6501 loops=1)
                    Filter: (keyword_id = 355)
                    Rows Removed by Filter: 4517429
              ->  Index Only Scan using title_pkey on title t  (cost=0.43..6.86 rows=1 width=4) (actual time=0.031..0.031 rows=1 loops=6501)
                    Index Cond: (id = mk.movie_id)
                    Heap Fetches: 6501
Planning time: 1.108 ms
Execution time: 9035.472 ms
