Hash Join  (cost=108779.22..864191.92 rows=462358 width=0) (actual time=1894.585..18998.836 rows=145794 loops=1)
  Hash Cond: (ci.movie_id = t.id)
  ->  Seq Scan on cast_info ci  (cost=0.00..614943.12 rows=36225612 width=4) (actual time=0.010..9119.042 rows=36244344 loops=1)
  ->  Hash  (cost=108375.82..108375.82 rows=32272 width=8) (actual time=1881.930..1881.930 rows=7592 loops=1)
        Buckets: 32768  Batches: 1  Memory Usage: 553kB
        ->  Hash Join  (cost=76808.54..108375.82 rows=32272 width=8) (actual time=1186.884..1878.770 rows=7592 loops=1)
              Hash Cond: (mi_idx.movie_id = t.id)
              ->  Seq Scan on movie_info_idx mi_idx  (cost=0.00..25185.44 rows=464566 width=4) (actual time=0.017..500.286 rows=459925 loops=1)
                    Filter: (info_type_id = 101)
                    Rows Removed by Filter: 920110
              ->  Hash  (cost=73925.90..73925.90 rows=175651 width=4) (actual time=1184.894..1184.894 rows=72638 loops=1)
                    Buckets: 131072  Batches: 4  Memory Usage: 1661kB
                    ->  Seq Scan on title t  (cost=0.00..73925.90 rows=175651 width=4) (actual time=0.029..1159.723 rows=72638 loops=1)
                          Filter: ((production_year < 1964) AND (kind_id = 7))
                          Rows Removed by Filter: 2455674
Planning time: 4.205 ms
Execution time: 19022.191 ms
