Hash Join  (cost=102767.86..230119.34 rows=1515591 width=0) (actual time=1849.979..4742.878 rows=1530949 loops=1)
  Hash Cond: (mk.movie_id = t.id)
  ->  Seq Scan on movie_keyword mk  (cost=0.00..81003.12 rows=1515591 width=4) (actual time=0.027..1399.793 rows=1530949 loops=1)
        Filter: (keyword_id < 2220)
        Rows Removed by Filter: 2992981
  ->  Hash  (cost=61283.27..61283.27 rows=2528527 width=4) (actual time=1848.178..1848.178 rows=2528312 loops=1)
        Buckets: 131072  Batches: 64  Memory Usage: 2425kB
        ->  Seq Scan on title t  (cost=0.00..61283.27 rows=2528527 width=4) (actual time=0.011..967.029 rows=2528312 loops=1)
Planning time: 0.668 ms
Execution time: 4898.706 ms
