Seq Scan on cast_info ci  (cost=0.00..796071.18 rows=176 width=0) (actual time=8710.297..12718.131 rows=6 loops=1)
  Filter: ((role_id < 2) AND (person_id = 1652902))
  Rows Removed by Filter: 36244338
Planning time: 0.472 ms
Execution time: 12718.276 ms
