Hash Join  (cost=148691.77..273549.20 rows=234340 width=0) (actual time=2990.714..6114.560 rows=1704798 loops=1)
  Hash Cond: (mk.movie_id = t.id)
  ->  Seq Scan on movie_keyword mk  (cost=0.00..69693.30 rows=4523930 width=4) (actual time=0.013..1378.571 rows=4523930 loops=1)
  ->  Hash  (cost=146542.54..146542.54 rows=130978 width=8) (actual time=2990.025..2990.025 rows=105763 loops=1)
        Buckets: 131072  Batches: 2  Memory Usage: 3105kB
        ->  Hash Join  (cost=69687.24..146542.54 rows=130978 width=8) (actual time=1092.972..2953.263 rows=105763 loops=1)
              Hash Cond: (mc.movie_id = t.id)
              ->  Seq Scan on movie_companies mc  (cost=0.00..44881.29 rows=2609129 width=4) (actual time=0.018..896.669 rows=2609129 loops=1)
              ->  Hash  (cost=67604.59..67604.59 rows=126932 width=4) (actual time=1092.292..1092.292 rows=122861 loops=1)
                    Buckets: 131072  Batches: 2  Memory Usage: 3191kB
                    ->  Seq Scan on title t  (cost=0.00..67604.59 rows=126932 width=4) (actual time=0.016..1045.443 rows=122861 loops=1)
                          Filter: (production_year = 2008)
                          Rows Removed by Filter: 2405451
Planning time: 1.105 ms
Execution time: 6314.958 ms
