Seq Scan on cast_info ci  (cost=0.00..796071.18 rows=2452663 width=0) (actual time=5841.539..11814.823 rows=3812237 loops=1)
  Filter: ((person_id > 3363999) AND (role_id > 1))
  Rows Removed by Filter: 32432107
Planning time: 0.401 ms
Execution time: 12268.451 ms
