Hash Join  (cost=128979.42..215838.01 rows=20055 width=0) (actual time=2774.127..3769.816 rows=41292 loops=1)
  Hash Cond: (mk.movie_id = t.id)
  ->  Seq Scan on movie_keyword mk  (cost=0.00..69693.30 rows=4523930 width=4) (actual time=0.012..949.017 rows=4523930 loops=1)
  ->  Hash  (cost=128839.31..128839.31 rows=11209 width=8) (actual time=1963.756..1963.756 rows=10302 loops=1)
        Buckets: 16384  Batches: 1  Memory Usage: 531kB
        ->  Hash Join  (cost=74061.69..128839.31 rows=11209 width=8) (actual time=976.161..1959.674 rows=10302 loops=1)
              Hash Cond: (mc.movie_id = t.id)
              ->  Seq Scan on movie_companies mc  (cost=0.00..44881.29 rows=2609129 width=4) (actual time=0.017..510.700 rows=2609129 loops=1)
              ->  Hash  (cost=73925.90..73925.90 rows=10863 width=4) (actual time=975.872..975.872 rows=5130 loops=1)
                    Buckets: 16384  Batches: 1  Memory Usage: 309kB
                    ->  Seq Scan on title t  (cost=0.00..73925.90 rows=10863 width=4) (actual time=0.061..973.091 rows=5130 loops=1)
                          Filter: ((production_year < 1965) AND (kind_id = 2))
                          Rows Removed by Filter: 2523182
Planning time: 0.750 ms
Execution time: 3775.420 ms
