Hash Join  (cost=75464.55..130048.23 rows=8731 width=0) (actual time=1325.269..2259.321 rows=6591 loops=1)
  Hash Cond: (mc.movie_id = t.id)
  ->  Seq Scan on movie_companies mc  (cost=0.00..51404.11 rows=235535 width=4) (actual time=0.124..828.558 rows=232665 loops=1)
        Filter: (company_id < 93)
        Rows Removed by Filter: 2376464
  ->  Hash  (cost=73925.90..73925.90 rows=93732 width=4) (actual time=1324.080..1324.080 rows=100592 loops=1)
        Buckets: 131072  Batches: 2  Memory Usage: 2791kB
        ->  Seq Scan on title t  (cost=0.00..73925.90 rows=93732 width=4) (actual time=0.042..1285.457 rows=100592 loops=1)
              Filter: ((kind_id > 1) AND (production_year = 2009))
              Rows Removed by Filter: 2427720
Planning time: 9.986 ms
Execution time: 2260.685 ms
