Seq Scan on cast_info ci  (cost=0.00..705507.15 rows=3265423 width=0) (actual time=5882.805..11261.355 rows=3292847 loops=1)
  Filter: (person_id > 3455747)
  Rows Removed by Filter: 32951497
Planning time: 2.780 ms
Execution time: 11673.489 ms
