Hash Join  (cost=83074.80..447739.59 rows=884 width=0) (actual time=1279.032..8215.273 rows=2523 loops=1)
  Hash Cond: (mi.movie_id = t.id)
  ->  Seq Scan on movie_info mi  (cost=0.00..309384.22 rows=14739122 width=4) (actual time=0.016..4068.076 rows=14835720 loops=1)
  ->  Hash  (cost=83072.90..83072.90 rows=152 width=8) (actual time=1270.018..1270.018 rows=732 loops=1)
        Buckets: 1024  Batches: 1  Memory Usage: 37kB
        ->  Nested Loop  (cost=0.43..83072.90 rows=152 width=8) (actual time=8.036..1269.584 rows=732 loops=1)
              ->  Seq Scan on movie_keyword mk  (cost=0.00..81003.12 rows=246 width=4) (actual time=3.258..1242.344 rows=1155 loops=1)
                    Filter: (keyword_id = 6241)
                    Rows Removed by Filter: 4522775
              ->  Index Scan using title_pkey on title t  (cost=0.43..8.40 rows=1 width=4) (actual time=0.022..0.023 rows=1 loops=1155)
                    Index Cond: (id = mk.movie_id)
                    Filter: ((kind_id > 2) AND (production_year < 2012))
                    Rows Removed by Filter: 0
Planning time: 1.145 ms
Execution time: 8216.088 ms
