Seq Scan on movie_keyword mk  (cost=0.00..81003.12 rows=4383398 width=0) (actual time=0.024..1612.607 rows=4385546 loops=1)
  Filter: (keyword_id < 75231)
  Rows Removed by Filter: 138384
Planning time: 0.345 ms
Execution time: 2150.602 ms
