Hash Join  (cost=156889.20..909406.75 rows=172838 width=0) (actual time=1479.326..19403.304 rows=336677 loops=1)
  Hash Cond: (ci.movie_id = t.id)
  ->  Seq Scan on cast_info ci  (cost=0.00..614943.12 rows=36225612 width=4) (actual time=0.022..8611.679 rows=36244344 loops=1)
  ->  Hash  (cost=156738.40..156738.40 rows=12064 width=8) (actual time=1479.156..1479.156 rows=13753 loops=1)
        Buckets: 16384  Batches: 1  Memory Usage: 666kB
        ->  Nested Loop  (cost=0.43..156738.40 rows=12064 width=8) (actual time=0.149..1471.586 rows=13753 loops=1)
              ->  Seq Scan on movie_keyword mk  (cost=0.00..81003.12 rows=12064 width=4) (actual time=0.101..1198.424 rows=13753 loops=1)
                    Filter: (keyword_id = 121)
                    Rows Removed by Filter: 4510177
              ->  Index Only Scan using title_pkey on title t  (cost=0.43..6.27 rows=1 width=4) (actual time=0.019..0.019 rows=1 loops=13753)
                    Index Cond: (id = mk.movie_id)
                    Heap Fetches: 13753
Planning time: 1.248 ms
Execution time: 19459.495 ms
