Seq Scan on cast_info ci  (cost=0.00..705507.15 rows=31036143 width=0) (actual time=0.016..12287.886 rows=30994422 loops=1)
  Filter: (person_id < 3137174)
  Rows Removed by Filter: 5249922
Planning time: 0.262 ms
Execution time: 15974.805 ms
