Seq Scan on movie_companies mc  (cost=0.00..51404.11 rows=219144 width=0) (actual time=382.960..817.025 rows=220580 loops=1)
  Filter: (company_id > 107795)
  Rows Removed by Filter: 2388549
Planning time: 0.335 ms
Execution time: 843.486 ms
