Hash Join  (cost=102767.86..218390.60 rows=1028161 width=0) (actual time=2037.157..4610.388 rows=1030269 loops=1)
  Hash Cond: (mk.movie_id = t.id)
  ->  Seq Scan on movie_keyword mk  (cost=0.00..81003.12 rows=1028161 width=4) (actual time=0.015..1416.605 rows=1030269 loops=1)
        Filter: (keyword_id > 17222)
        Rows Removed by Filter: 3493661
  ->  Hash  (cost=61283.27..61283.27 rows=2528527 width=4) (actual time=2036.325..2036.325 rows=2528312 loops=1)
        Buckets: 131072  Batches: 64  Memory Usage: 2425kB
        ->  Seq Scan on title t  (cost=0.00..61283.27 rows=2528527 width=4) (actual time=0.023..1157.093 rows=2528312 loops=1)
Planning time: 0.735 ms
Execution time: 4725.366 ms
