Nested Loop  (cost=0.43..799581.43 rows=15 width=0) (actual time=3736.153..14105.917 rows=5 loops=1)
  ->  Seq Scan on cast_info ci  (cost=0.00..796071.18 rows=420 width=4) (actual time=3736.036..14103.934 rows=54 loops=1)
        Filter: ((role_id < 9) AND (person_id = 215916))
        Rows Removed by Filter: 36244290
  ->  Index Scan using title_pkey on title t  (cost=0.43..8.35 rows=1 width=4) (actual time=0.035..0.035 rows=0 loops=54)
        Index Cond: (id = ci.movie_id)
        Filter: ((kind_id < 7) AND (production_year > 2011))
        Rows Removed by Filter: 1
Planning time: 0.810 ms
Execution time: 14106.050 ms
