Seq Scan on movie_companies mc  (cost=0.00..57926.93 rows=871945 width=0) (actual time=0.022..1069.377 rows=552247 loops=1)
  Filter: ((company_id < 21033) AND (company_type_id > 1))
  Rows Removed by Filter: 2056882
Planning time: 0.347 ms
Execution time: 1137.328 ms
