Nested Loop  (cost=0.43..797488.04 rows=168 width=0) (actual time=4488.791..13254.007 rows=11 loops=1)
  ->  Seq Scan on cast_info ci  (cost=0.00..796071.18 rows=168 width=4) (actual time=4488.672..13253.620 rows=11 loops=1)
        Filter: ((role_id > 3) AND (person_id = 2731409))
        Rows Removed by Filter: 36244333
  ->  Index Only Scan using title_pkey on title t  (cost=0.43..8.42 rows=1 width=4) (actual time=0.032..0.032 rows=1 loops=11)
        Index Cond: (id = ci.movie_id)
        Heap Fetches: 11
Planning time: 0.770 ms
Execution time: 13254.092 ms
