Hash Join  (cost=81055.23..528639.99 rows=1289428 width=0) (actual time=1381.908..11060.387 rows=608358 loops=1)
  Hash Cond: (mi.movie_id = t.id)
  ->  Seq Scan on movie_info mi  (cost=0.00..346232.03 rows=7503588 width=4) (actual time=0.007..6299.285 rows=7548855 loops=1)
        Filter: (info_type_id > 7)
        Rows Removed by Filter: 7286865
  ->  Hash  (cost=73925.90..73925.90 rows=434506 width=4) (actual time=1380.963..1380.963 rows=315167 loops=1)
        Buckets: 131072  Batches: 8  Memory Usage: 2403kB
        ->  Seq Scan on title t  (cost=0.00..73925.90 rows=434506 width=4) (actual time=0.015..1271.125 rows=315167 loops=1)
              Filter: ((production_year < 1991) AND (kind_id = 7))
              Rows Removed by Filter: 2213145
Planning time: 0.720 ms
Execution time: 11134.826 ms
