Hash Join  (cost=948598.18..995519.01 rows=537835 width=0) (actual time=19457.551..22708.545 rows=5230311 loops=1)
  Hash Cond: (mi_idx.movie_id = t.id)
  ->  Seq Scan on movie_info_idx mi_idx  (cost=0.00..21735.35 rows=1380035 width=4) (actual time=0.017..436.208 rows=1380035 loops=1)
  ->  Hash  (cost=932430.29..932430.29 rows=985431 width=8) (actual time=19455.952..19455.952 rows=3798947 loops=1)
        Buckets: 131072 (originally 131072)  Batches: 64 (originally 16)  Memory Usage: 3305kB
        ->  Hash Join  (cost=102767.86..932430.29 rows=985431 width=8) (actual time=2722.547..18386.104 rows=3798947 loops=1)
              Hash Cond: (ci.movie_id = t.id)
              ->  Seq Scan on cast_info ci  (cost=0.00..796071.18 rows=985431 width=4) (actual time=876.192..11716.640 rows=3798947 loops=1)
                    Filter: ((person_id > 3366524) AND (role_id > 4))
                    Rows Removed by Filter: 32445397
              ->  Hash  (cost=61283.27..61283.27 rows=2528527 width=4) (actual time=1845.526..1845.526 rows=2528312 loops=1)
                    Buckets: 131072  Batches: 64  Memory Usage: 2415kB
                    ->  Seq Scan on title t  (cost=0.00..61283.27 rows=2528527 width=4) (actual time=0.023..1013.614 rows=2528312 loops=1)
Planning time: 1.387 ms
Execution time: 23262.134 ms
