Hash Join  (cost=365418.15..1537129.04 rows=18588788 width=0) (actual time=18883.479..39074.245 rows=41792249 loops=1)
  Hash Cond: (ci.movie_id = t.id)
  ->  Seq Scan on cast_info ci  (cost=0.00..796071.18 rows=10389695 width=4) (actual time=9721.966..15769.019 rows=6654786 loops=1)
        Filter: ((person_id < 3109827) AND (role_id > 3))
        Rows Removed by Filter: 29589558
  ->  Hash  (cost=291197.02..291197.02 rows=4523930 width=8) (actual time=8420.919..8420.919 rows=4523930 loops=1)
        Buckets: 131072  Batches: 64  Memory Usage: 3816kB
        ->  Hash Join  (cost=102767.86..291197.02 rows=4523930 width=8) (actual time=2154.313..7159.651 rows=4523930 loops=1)
              Hash Cond: (mk.movie_id = t.id)
              ->  Seq Scan on movie_keyword mk  (cost=0.00..69693.30 rows=4523930 width=4) (actual time=0.030..1335.831 rows=4523930 loops=1)
              ->  Hash  (cost=61283.27..61283.27 rows=2528527 width=4) (actual time=2152.388..2152.388 rows=2528312 loops=1)
                    Buckets: 131072  Batches: 64  Memory Usage: 2425kB
                    ->  Seq Scan on title t  (cost=0.00..61283.27 rows=2528527 width=4) (actual time=0.022..1020.263 rows=2528312 loops=1)
Planning time: 1.560 ms
Execution time: 43790.254 ms
