Hash Join  (cost=186720.88..725989.90 rows=5572809 width=0) (actual time=4492.253..26035.273 rows=31120936 loops=1)
  Hash Cond: (mi.movie_id = t.id)
  ->  Seq Scan on movie_info mi  (cost=0.00..309384.22 rows=14739122 width=4) (actual time=0.021..5993.635 rows=14835720 loops=1)
  ->  Hash  (cost=171035.54..171035.54 rows=956027 width=8) (actual time=4491.048..4491.048 rows=1286436 loops=1)
        Buckets: 131072 (originally 131072)  Batches: 32 (originally 16)  Memory Usage: 3073kB
        ->  Hash Join  (cost=82805.75..171035.54 rows=956027 width=8) (actual time=1513.367..4131.086 rows=1286436 loops=1)
              Hash Cond: (mc.movie_id = t.id)
              ->  Seq Scan on movie_companies mc  (cost=0.00..44881.29 rows=2609129 width=4) (actual time=0.022..847.675 rows=2609129 loops=1)
              ->  Hash  (cost=67604.59..67604.59 rows=926493 width=4) (actual time=1512.457..1512.457 rows=924605 loops=1)
                    Buckets: 131072  Batches: 16  Memory Usage: 3056kB
                    ->  Seq Scan on title t  (cost=0.00..67604.59 rows=926493 width=4) (actual time=0.023..1214.549 rows=924605 loops=1)
                          Filter: (production_year < 1998)
                          Rows Removed by Filter: 1603707
Planning time: 1.143 ms
Execution time: 29750.558 ms
