Hash Join  (cost=96729.52..200293.29 rows=1831783 width=0) (actual time=2036.135..5111.578 rows=1532853 loops=1)
  Hash Cond: (mc.movie_id = t.id)
  ->  Seq Scan on movie_companies mc  (cost=0.00..44881.29 rows=2609129 width=4) (actual time=0.023..959.455 rows=2609129 loops=1)
  ->  Hash  (cost=67604.59..67604.59 rows=1775195 width=4) (actual time=2034.723..2034.723 rows=1772072 loops=1)
        Buckets: 131072  Batches: 32  Memory Usage: 2976kB
        ->  Seq Scan on title t  (cost=0.00..67604.59 rows=1775195 width=4) (actual time=0.016..1475.523 rows=1772072 loops=1)
              Filter: (production_year > 1989)
              Rows Removed by Filter: 756240
Planning time: 0.903 ms
Execution time: 5303.243 ms
