Hash Join  (cost=228870.05..1238629.76 rows=4461195 width=0) (actual time=10309.952..30513.939 rows=5341223 loops=1)
  Hash Cond: (ci.movie_id = t.id)
  ->  Seq Scan on cast_info ci  (cost=0.00..796071.18 rows=12930113 width=4) (actual time=4917.924..17154.685 rows=14094090 loops=1)
        Filter: ((person_id > 702134) AND (role_id > 2))
        Rows Removed by Filter: 22150254
  ->  Hash  (cost=214557.02..214557.02 rows=872402 width=8) (actual time=5390.880..5390.880 rows=304348 loops=1)
        Buckets: 131072  Batches: 16  Memory Usage: 1772kB
        ->  Hash Join  (cost=81925.97..214557.02 rows=872402 width=8) (actual time=1691.041..5305.083 rows=304348 loops=1)
              Hash Cond: (mk.movie_id = t.id)
              ->  Seq Scan on movie_keyword mk  (cost=0.00..69693.30 rows=4523930 width=4) (actual time=0.029..1351.456 rows=4523930 loops=1)
              ->  Hash  (cost=73925.90..73925.90 rows=487605 width=4) (actual time=1689.467..1689.467 rows=501779 loops=1)
                    Buckets: 131072  Batches: 8  Memory Usage: 3237kB
                    ->  Seq Scan on title t  (cost=0.00..73925.90 rows=487605 width=4) (actual time=0.020..1521.299 rows=501779 loops=1)
                          Filter: ((kind_id > 1) AND (production_year > 2008))
                          Rows Removed by Filter: 2026533
Planning time: 1.189 ms
Execution time: 31145.719 ms
