Seq Scan on movie_companies mc  (cost=0.00..51404.11 rows=1492190 width=0) (actual time=0.023..886.657 rows=1480541 loops=1)
  Filter: (company_id < 13568)
  Rows Removed by Filter: 1128588
Planning time: 0.323 ms
Execution time: 1071.990 ms
