Seq Scan on movie_companies mc  (cost=0.00..51404.11 rows=1501715 width=0) (actual time=0.020..1040.523 rows=1509903 loops=1)
  Filter: (company_id > 7548)
  Rows Removed by Filter: 1099226
Planning time: 0.263 ms
Execution time: 1249.255 ms
