Hash Join  (cost=196911.29..957458.96 rows=305803 width=0) (actual time=9816.945..19181.747 rows=51192 loops=1)
  Hash Cond: (ci.movie_id = t.id)
  ->  Seq Scan on cast_info ci  (cost=0.00..705507.15 rows=3998100 width=4) (actual time=5537.033..13315.438 rows=4008037 loops=1)
        Filter: (role_id = 3)
        Rows Removed by Filter: 32236307
  ->  Hash  (cost=193737.80..193737.80 rows=193399 width=8) (actual time=4277.750..4277.750 rows=86905 loops=1)
        Buckets: 131072  Batches: 4  Memory Usage: 1874kB
        ->  Hash Join  (cost=69378.77..193737.80 rows=193399 width=8) (actual time=1088.113..3993.168 rows=86905 loops=1)
              Hash Cond: (mk.movie_id = t.id)
              ->  Seq Scan on movie_keyword mk  (cost=0.00..69693.30 rows=4523930 width=4) (actual time=0.017..1479.094 rows=4523930 loops=1)
              ->  Hash  (cost=67604.59..67604.59 rows=108095 width=4) (actual time=1087.347..1087.347 rows=109742 loops=1)
                    Buckets: 131072  Batches: 2  Memory Usage: 2954kB
                    ->  Seq Scan on title t  (cost=0.00..67604.59 rows=108095 width=4) (actual time=9.766..1045.382 rows=109742 loops=1)
                          Filter: (production_year < 1928)
                          Rows Removed by Filter: 2418570
Planning time: 1.890 ms
Execution time: 19188.755 ms
