Hash Join  (cost=73929.13..428393.21 rows=224 width=0) (actual time=1298.755..7314.241 rows=5403 loops=1)
  Hash Cond: (mi.movie_id = t.id)
  ->  Seq Scan on movie_info mi  (cost=0.00..346232.03 rows=2194617 width=4) (actual time=0.010..5646.401 rows=2233850 loops=1)
        Filter: (info_type_id > 16)
        Rows Removed by Filter: 12601870
  ->  Hash  (cost=73925.90..73925.90 rows=258 width=4) (actual time=1297.142..1297.142 rows=3378 loops=1)
        Buckets: 4096 (originally 1024)  Batches: 1 (originally 1)  Memory Usage: 151kB
        ->  Seq Scan on title t  (cost=0.00..73925.90 rows=258 width=4) (actual time=7.438..1295.371 rows=3378 loops=1)
              Filter: ((kind_id < 7) AND (production_year > 2013))
              Rows Removed by Filter: 2524934
Planning time: 0.753 ms
Execution time: 7315.466 ms
