Hash Join  (cost=73989.27..438940.67 rows=29548 width=0) (actual time=1006.495..8784.887 rows=32912 loops=1)
  Hash Cond: (mi.movie_id = t.id)
  ->  Seq Scan on movie_info mi  (cost=0.00..309384.22 rows=14739122 width=4) (actual time=0.020..4765.030 rows=14835720 loops=1)
  ->  Hash  (cost=73925.90..73925.90 rows=5069 width=4) (actual time=1005.852..1005.852 rows=4420 loops=1)
        Buckets: 8192  Batches: 1  Memory Usage: 220kB
        ->  Seq Scan on title t  (cost=0.00..73925.90 rows=5069 width=4) (actual time=0.503..1003.663 rows=4420 loops=1)
              Filter: ((kind_id = 2) AND (production_year = 2010))
              Rows Removed by Filter: 2523892
Planning time: 0.559 ms
Execution time: 8790.562 ms
