Hash Join  (cost=90606.68..134088.04 rows=369546 width=0) (actual time=1915.669..2762.002 rows=206476 loops=1)
  Hash Cond: (mi_idx.movie_id = t.id)
  ->  Seq Scan on movie_info_idx mi_idx  (cost=0.00..25185.44 rows=919057 width=4) (actual time=0.023..577.398 rows=920110 loops=1)
        Filter: (info_type_id > 99)
        Rows Removed by Filter: 459925
  ->  Hash  (cost=73925.90..73925.90 rows=1016702 width=4) (actual time=1530.780..1530.780 rows=960113 loops=1)
        Buckets: 131072  Batches: 16  Memory Usage: 3135kB
        ->  Seq Scan on title t  (cost=0.00..73925.90 rows=1016702 width=4) (actual time=10.240..1240.823 rows=960113 loops=1)
              Filter: ((production_year < 2008) AND (kind_id = 7))
              Rows Removed by Filter: 1568199
Planning time: 1.228 ms
Execution time: 2786.663 ms
