Hash Join  (cost=83074.74..142276.93 rows=33 width=0) (actual time=1446.648..2137.726 rows=3 loops=1)
  Hash Cond: (mc.movie_id = t.id)
  ->  Seq Scan on movie_companies mc  (cost=0.00..57926.93 rows=339979 width=4) (actual time=145.768..890.552 rows=33616 loops=1)
        Filter: ((company_id > 45697) AND (company_type_id = 1))
        Rows Removed by Filter: 2575513
  ->  Hash  (cost=83071.67..83071.67 rows=246 width=8) (actual time=1241.779..1241.779 rows=401 loops=1)
        Buckets: 1024  Batches: 1  Memory Usage: 24kB
        ->  Nested Loop  (cost=0.43..83071.67 rows=246 width=8) (actual time=1.570..1241.405 rows=401 loops=1)
              ->  Seq Scan on movie_keyword mk  (cost=0.00..81003.12 rows=246 width=4) (actual time=1.524..1220.317 rows=401 loops=1)
                    Filter: (keyword_id = 2451)
                    Rows Removed by Filter: 4523529
              ->  Index Only Scan using title_pkey on title t  (cost=0.43..8.40 rows=1 width=4) (actual time=0.050..0.050 rows=1 loops=401)
                    Index Cond: (id = mk.movie_id)
                    Heap Fetches: 401
Planning time: 1.891 ms
Execution time: 2137.835 ms
