Seq Scan on cast_info ci  (cost=0.00..705507.15 rows=11679470 width=0) (actual time=0.026..11800.297 rows=11584124 loops=1)
  Filter: (person_id < 1139588)
  Rows Removed by Filter: 24660220
Planning time: 0.400 ms
Execution time: 13257.255 ms
