Hash Join  (cost=131255.49..514686.51 rows=57265 width=0) (actual time=2497.666..9972.570 rows=113142 loops=1)
  Hash Cond: (mi.movie_id = t.id)
  ->  Seq Scan on movie_info mi  (cost=0.00..346232.03 rows=9767026 width=4) (actual time=375.447..6019.232 rows=9911754 loops=1)
        Filter: (info_type_id > 4)
        Rows Removed by Filter: 4923966
  ->  Hash  (cost=131070.18..131070.18 rows=14825 width=8) (actual time=2121.407..2121.407 rows=13309 loops=1)
        Buckets: 16384  Batches: 1  Memory Usage: 648kB
        ->  Hash Join  (cost=74260.10..131070.18 rows=14825 width=8) (actual time=952.095..2115.645 rows=13309 loops=1)
              Hash Cond: (mc.movie_id = t.id)
              ->  Seq Scan on movie_companies mc  (cost=0.00..51404.11 rows=1402056 width=4) (actual time=0.026..833.882 rows=1390461 loops=1)
                    Filter: (company_id < 12070)
                    Rows Removed by Filter: 1218668
              ->  Hash  (cost=73925.90..73925.90 rows=26736 width=4) (actual time=951.629..951.629 rows=30647 loops=1)
                    Buckets: 32768  Batches: 1  Memory Usage: 1334kB
                    ->  Seq Scan on title t  (cost=0.00..73925.90 rows=26736 width=4) (actual time=0.102..939.736 rows=30647 loops=1)
                          Filter: ((kind_id > 1) AND (production_year = 1996))
                          Rows Removed by Filter: 2497665
Planning time: 1.208 ms
Execution time: 9988.235 ms
