Seq Scan on movie_companies mc  (cost=0.00..51404.11 rows=2261260 width=0) (actual time=0.023..989.437 rows=2256639 loops=1)
  Filter: (company_id < 88010)
  Rows Removed by Filter: 352490
Planning time: 0.325 ms
Execution time: 1274.089 ms
