Hash Join  (cost=198963.67..311998.61 rows=640724 width=0) (actual time=4835.546..7450.545 rows=660363 loops=1)
  Hash Cond: (mk.movie_id = t.id)
  ->  Seq Scan on movie_keyword mk  (cost=0.00..81003.12 rows=1932951 width=4) (actual time=0.023..1553.474 rows=1942808 loops=1)
        Filter: (keyword_id > 6740)
        Rows Removed by Filter: 2581122
  ->  Hash  (cost=185212.90..185212.90 rows=838142 width=8) (actual time=4833.640..4833.640 rows=551105 loops=1)
        Buckets: 131072  Batches: 16  Memory Usage: 2366kB
        ->  Hash Join  (cost=96651.52..185212.90 rows=838142 width=8) (actual time=1978.361..4610.129 rows=551105 loops=1)
              Hash Cond: (mc.movie_id = t.id)
              ->  Seq Scan on movie_companies mc  (cost=0.00..57926.93 rows=1197004 width=4) (actual time=0.020..1276.633 rows=1275091 loops=1)
                    Filter: ((company_id > 125) AND (company_type_id > 1))
                    Rows Removed by Filter: 1334038
              ->  Hash  (cost=67604.59..67604.59 rows=1770475 width=4) (actual time=1977.387..1977.387 rows=1774635 loops=1)
                    Buckets: 131072  Batches: 32  Memory Usage: 2978kB
                    ->  Seq Scan on title t  (cost=0.00..67604.59 rows=1770475 width=4) (actual time=0.022..1407.151 rows=1774635 loops=1)
                          Filter: (kind_id > 2)
                          Rows Removed by Filter: 753677
Planning time: 1.138 ms
Execution time: 7527.934 ms
