Hash Join  (cost=52284.46..416942.78 rows=239 width=0) (actual time=1196.469..7922.094 rows=13 loops=1)
  Hash Cond: (mi.movie_id = t.id)
  ->  Seq Scan on movie_info mi  (cost=0.00..309384.22 rows=14739122 width=4) (actual time=0.019..4363.626 rows=14835720 loops=1)
  ->  Hash  (cost=52283.95..52283.95 rows=41 width=8) (actual time=903.363..903.363 rows=1 loops=1)
        Buckets: 1024  Batches: 1  Memory Usage: 9kB
        ->  Nested Loop  (cost=0.43..52283.95 rows=41 width=8) (actual time=635.860..903.356 rows=1 loops=1)
              ->  Seq Scan on movie_companies mc  (cost=0.00..51404.11 rows=104 width=4) (actual time=635.812..903.306 rows=1 loops=1)
                    Filter: (company_id = 158252)
                    Rows Removed by Filter: 2609128
              ->  Index Scan using title_pkey on title t  (cost=0.43..8.45 rows=1 width=4) (actual time=0.042..0.043 rows=1 loops=1)
                    Index Cond: (id = mc.movie_id)
                    Filter: (kind_id < 7)
Planning time: 1.100 ms
Execution time: 7922.242 ms
