Hash Join  (cost=28267.71..392923.99 rows=37 width=0) (actual time=1051.324..7414.041 rows=2131 loops=1)
  Hash Cond: (mi.movie_id = t.id)
  ->  Seq Scan on movie_info mi  (cost=0.00..309384.22 rows=14739122 width=4) (actual time=0.014..4310.477 rows=14835720 loops=1)
  ->  Hash  (cost=28267.64..28267.64 rows=6 width=8) (actual time=414.844..414.844 rows=7 loops=1)
        Buckets: 1024  Batches: 1  Memory Usage: 9kB
        ->  Nested Loop  (cost=0.43..28267.64 rows=6 width=8) (actual time=253.800..414.834 rows=7 loops=1)
              ->  Seq Scan on movie_info_idx mi_idx  (cost=0.00..25185.44 rows=368 width=4) (actual time=250.471..410.020 rows=260 loops=1)
                    Filter: (info_type_id > 101)
                    Rows Removed by Filter: 1379775
              ->  Index Scan using title_pkey on title t  (cost=0.43..8.37 rows=1 width=4) (actual time=0.018..0.018 rows=0 loops=260)
                    Index Cond: (id = mi_idx.movie_id)
                    Filter: ((kind_id < 7) AND (production_year = 2007))
                    Rows Removed by Filter: 1
Planning time: 0.793 ms
Execution time: 7414.557 ms
