Hash Join  (cost=73950.44..825020.84 rows=28123 width=0) (actual time=1175.353..17516.898 rows=58339 loops=1)
  Hash Cond: (ci.movie_id = t.id)
  ->  Seq Scan on cast_info ci  (cost=0.00..614943.12 rows=36225612 width=4) (actual time=0.022..8668.717 rows=36244344 loops=1)
  ->  Hash  (cost=73925.90..73925.90 rows=1963 width=4) (actual time=1175.296..1175.296 rows=3753 loops=1)
        Buckets: 4096 (originally 2048)  Batches: 1 (originally 1)  Memory Usage: 164kB
        ->  Seq Scan on title t  (cost=0.00..73925.90 rows=1963 width=4) (actual time=0.107..1173.406 rows=3753 loops=1)
              Filter: ((kind_id = 1) AND (production_year = 1965))
              Rows Removed by Filter: 2524559
Planning time: 1.271 ms
Execution time: 17528.838 ms
