Seq Scan on cast_info ci  (cost=0.00..796071.18 rows=11241278 width=0) (actual time=0.026..16570.125 rows=9714490 loops=1)
  Filter: ((person_id > 393692) AND (role_id = 1))
  Rows Removed by Filter: 26529854
Planning time: 0.357 ms
Execution time: 17776.341 ms
