Hash Join  (cost=78556.72..144518.84 rows=222107 width=0) (actual time=1271.679..2719.665 rows=186101 loops=1)
  Hash Cond: (mc.movie_id = t.id)
  ->  Seq Scan on movie_companies mc  (cost=0.00..51404.11 rows=841314 width=4) (actual time=0.027..909.085 rows=835586 loops=1)
        Filter: (company_id < 2151)
        Rows Removed by Filter: 1773543
  ->  Hash  (cost=67604.59..67604.59 rows=667531 width=4) (actual time=1270.549..1270.549 rows=662825 loops=1)
        Buckets: 131072  Batches: 16  Memory Usage: 2476kB
        ->  Seq Scan on title t  (cost=0.00..67604.59 rows=667531 width=4) (actual time=276.183..1065.762 rows=662825 loops=1)
              Filter: (kind_id = 1)
              Rows Removed by Filter: 1865487
Planning time: 0.714 ms
Execution time: 2743.963 ms
