Nested Loop  (cost=0.43..797958.22 rows=183 width=0) (actual time=9351.186..13305.135 rows=1 loops=1)
  ->  Seq Scan on cast_info ci  (cost=0.00..796071.18 rows=224 width=4) (actual time=9351.044..13304.268 rows=17 loops=1)
        Filter: ((role_id > 2) AND (person_id = 1341261))
        Rows Removed by Filter: 36244327
  ->  Index Scan using title_pkey on title t  (cost=0.43..8.41 rows=1 width=4) (actual time=0.041..0.041 rows=0 loops=17)
        Index Cond: (id = ci.movie_id)
        Filter: (production_year < 2011)
        Rows Removed by Filter: 1
Planning time: 5.681 ms
Execution time: 13305.226 ms
