Hash Join  (cost=156487.41..264565.84 rows=344212 width=0) (actual time=3304.446..6036.739 rows=1450579 loops=1)
  Hash Cond: (mk.movie_id = t.id)
  ->  Seq Scan on movie_keyword mk  (cost=0.00..81003.12 rows=1888048 width=4) (actual time=0.019..1514.425 rows=1893725 loops=1)
        Filter: (keyword_id > 7168)
        Rows Removed by Filter: 2630205
  ->  Hash  (cost=148924.19..148924.19 rows=460978 width=8) (actual time=3303.593..3303.593 rows=459925 loops=1)
        Buckets: 131072  Batches: 8  Memory Usage: 3284kB
        ->  Hash Join  (cost=102767.86..148924.19 rows=460978 width=8) (actual time=1843.703..3156.572 rows=459925 loops=1)
              Hash Cond: (mi_idx.movie_id = t.id)
              ->  Seq Scan on movie_info_idx mi_idx  (cost=0.00..25185.44 rows=460978 width=4) (actual time=0.010..470.683 rows=459925 loops=1)
                    Filter: (info_type_id = 99)
                    Rows Removed by Filter: 920110
              ->  Hash  (cost=61283.27..61283.27 rows=2528527 width=4) (actual time=1841.746..1841.746 rows=2528312 loops=1)
                    Buckets: 131072  Batches: 64  Memory Usage: 2415kB
                    ->  Seq Scan on title t  (cost=0.00..61283.27 rows=2528527 width=4) (actual time=0.019..1018.970 rows=2528312 loops=1)
Planning time: 1.072 ms
Execution time: 6200.989 ms
