Seq Scan on movie_companies mc  (cost=0.00..57926.93 rows=82271 width=0) (actual time=186.054..859.333 rows=159903 loops=1)
  Filter: ((company_id > 127842) AND (company_type_id > 1))
  Rows Removed by Filter: 2449226
Planning time: 0.368 ms
Execution time: 879.281 ms
