Hash Join  (cost=123631.56..615179.79 rows=1100429 width=0) (actual time=2616.861..18102.017 rows=8118192 loops=1)
  Hash Cond: (mi.movie_id = t.id)
  ->  Seq Scan on movie_info mi  (cost=0.00..309384.22 rows=14739122 width=4) (actual time=0.021..6110.058 rows=14835720 loops=1)
  ->  Hash  (cost=120533.80..120533.80 rows=188781 width=8) (actual time=2616.055..2616.055 rows=436221 loops=1)
        Buckets: 131072 (originally 131072)  Batches: 8 (originally 4)  Memory Usage: 3174kB
        ->  Hash Join  (cost=79601.51..120533.80 rows=188781 width=8) (actual time=1379.839..2503.866 rows=436221 loops=1)
              Hash Cond: (mi_idx.movie_id = t.id)
              ->  Seq Scan on movie_info_idx mi_idx  (cost=0.00..21735.35 rows=1380035 width=4) (actual time=0.029..401.042 rows=1380035 loops=1)
              ->  Hash  (cost=73925.90..73925.90 rows=345888 width=4) (actual time=1378.869..1378.869 rows=457402 loops=1)
                    Buckets: 131072  Batches: 8  Memory Usage: 3047kB
                    ->  Seq Scan on title t  (cost=0.00..73925.90 rows=345888 width=4) (actual time=0.024..1237.966 rows=457402 loops=1)
                          Filter: ((kind_id < 7) AND (production_year < 1997))
                          Rows Removed by Filter: 2070910
Planning time: 2.289 ms
Execution time: 18993.920 ms
