Seq Scan on cast_info ci  (cost=0.00..705507.15 rows=18296643 width=0) (actual time=0.021..12576.778 rows=18466820 loops=1)
  Filter: (person_id > 1761069)
  Rows Removed by Filter: 17777524
Planning time: 0.730 ms
Execution time: 14898.602 ms
