Hash Join  (cost=175027.18..252869.73 rows=546409 width=0) (actual time=3821.756..6317.763 rows=1448242 loops=1)
  Hash Cond: (mc.movie_id = t.id)
  ->  Seq Scan on movie_companies mc  (cost=0.00..51404.11 rows=1503291 width=4) (actual time=0.022..1031.301 rows=1511140 loops=1)
        Filter: (company_id > 7500)
        Rows Removed by Filter: 1097989
  ->  Hash  (cost=159947.97..159947.97 rows=919057 width=8) (actual time=3820.910..3820.910 rows=920110 loops=1)
        Buckets: 131072  Batches: 16  Memory Usage: 3269kB
        ->  Hash Join  (cost=102767.86..159947.97 rows=919057 width=8) (actual time=1863.928..3553.908 rows=920110 loops=1)
              Hash Cond: (mi_idx.movie_id = t.id)
              ->  Seq Scan on movie_info_idx mi_idx  (cost=0.00..25185.44 rows=919057 width=4) (actual time=0.014..534.808 rows=920110 loops=1)
                    Filter: (info_type_id > 99)
                    Rows Removed by Filter: 459925
              ->  Hash  (cost=61283.27..61283.27 rows=2528527 width=4) (actual time=1862.555..1862.555 rows=2528312 loops=1)
                    Buckets: 131072  Batches: 64  Memory Usage: 2415kB
                    ->  Seq Scan on title t  (cost=0.00..61283.27 rows=2528527 width=4) (actual time=0.017..1048.341 rows=2528312 loops=1)
Planning time: 0.770 ms
Execution time: 6487.642 ms
