Hash Join  (cost=74777.82..835331.10 rows=976412 width=0) (actual time=1230.923..27607.858 rows=1564777 loops=1)
  Hash Cond: (ci.movie_id = t.id)
  ->  Seq Scan on cast_info ci  (cost=0.00..614943.12 rows=36225612 width=4) (actual time=0.020..9895.206 rows=36244344 loops=1)
  ->  Hash  (cost=73925.90..73925.90 rows=68153 width=4) (actual time=1229.510..1229.510 rows=167680 loops=1)
        Buckets: 131072 (originally 131072)  Batches: 2 (originally 1)  Memory Usage: 3974kB
        ->  Seq Scan on title t  (cost=0.00..73925.90 rows=68153 width=4) (actual time=1.024..1164.548 rows=167680 loops=1)
              Filter: ((kind_id < 7) AND (production_year < 1952))
              Rows Removed by Filter: 2360632
Planning time: 0.763 ms
Execution time: 27800.841 ms
