Hash Join  (cost=923341.91..1003532.14 rows=372871 width=0) (actual time=14729.781..16995.985 rows=559972 loops=1)
  Hash Cond: (mc.movie_id = t.id)
  ->  Seq Scan on movie_companies mc  (cost=0.00..44881.29 rows=2609129 width=4) (actual time=0.017..966.657 rows=2609129 loops=1)
  ->  Hash  (cost=917413.01..917413.01 rows=361352 width=8) (actual time=14728.820..14728.820 rows=323812 loops=1)
        Buckets: 131072  Batches: 8  Memory Usage: 2608kB
        ->  Hash Join  (cost=102767.86..917413.01 rows=361352 width=8) (actual time=9640.283..14642.191 rows=323812 loops=1)
              Hash Cond: (ci.movie_id = t.id)
              ->  Seq Scan on cast_info ci  (cost=0.00..796071.18 rows=361352 width=4) (actual time=7606.953..12016.016 rows=323812 loops=1)
                    Filter: ((person_id < 453850) AND (role_id = 4))
                    Rows Removed by Filter: 35920532
              ->  Hash  (cost=61283.27..61283.27 rows=2528527 width=4) (actual time=2031.344..2031.344 rows=2528312 loops=1)
                    Buckets: 131072  Batches: 64  Memory Usage: 2415kB
                    ->  Seq Scan on title t  (cost=0.00..61283.27 rows=2528527 width=4) (actual time=0.033..1206.585 rows=2528312 loops=1)
Planning time: 1.148 ms
Execution time: 17061.993 ms
