Hash Join  (cost=106376.88..193293.25 rows=25834 width=0) (actual time=1998.419..3868.452 rows=36280 loops=1)
  Hash Cond: (mk.movie_id = t.id)
  ->  Seq Scan on movie_keyword mk  (cost=0.00..69693.30 rows=4523930 width=4) (actual time=0.023..1063.413 rows=4523930 loops=1)
  ->  Hash  (cost=106196.39..106196.39 rows=14439 width=8) (actual time=1997.345..1997.345 rows=10104 loops=1)
        Buckets: 16384  Batches: 1  Memory Usage: 523kB
        ->  Hash Join  (cost=75225.89..106196.39 rows=14439 width=8) (actual time=1401.043..1994.028 rows=10104 loops=1)
              Hash Cond: (mi_idx.movie_id = t.id)
              ->  Seq Scan on movie_info_idx mi_idx  (cost=0.00..25185.44 rows=460978 width=4) (actual time=0.022..430.183 rows=459925 loops=1)
                    Filter: (info_type_id = 99)
                    Rows Removed by Filter: 920110
              ->  Hash  (cost=73925.90..73925.90 rows=79199 width=4) (actual time=1399.911..1399.911 rows=97735 loops=1)
                    Buckets: 131072  Batches: 2  Memory Usage: 2733kB
                    ->  Seq Scan on title t  (cost=0.00..73925.90 rows=79199 width=4) (actual time=0.012..1363.812 rows=97735 loops=1)
                          Filter: ((kind_id > 2) AND (production_year = 2007))
                          Rows Removed by Filter: 2430577
Planning time: 1.966 ms
Execution time: 3873.479 ms
