Hash Join  (cost=90606.68..201131.74 rows=659205 width=0) (actual time=2030.027..4164.332 rows=167463 loops=1)
  Hash Cond: (mk.movie_id = t.id)
  ->  Seq Scan on movie_keyword mk  (cost=0.00..81003.12 rows=1639437 width=4) (actual time=0.033..1584.958 rows=1647838 loops=1)
        Filter: (keyword_id > 8918)
        Rows Removed by Filter: 2876092
  ->  Hash  (cost=73925.90..73925.90 rows=1016702 width=4) (actual time=1660.979..1660.979 rows=960113 loops=1)
        Buckets: 131072  Batches: 16  Memory Usage: 3141kB
        ->  Seq Scan on title t  (cost=0.00..73925.90 rows=1016702 width=4) (actual time=0.018..1354.832 rows=960113 loops=1)
              Filter: ((production_year < 2008) AND (kind_id = 7))
              Rows Removed by Filter: 1568199
Planning time: 0.703 ms
Execution time: 4185.069 ms
