Hash Join  (cost=79094.49..142927.78 rows=45469 width=0) (actual time=2036.414..2520.767 rows=23289 loops=1)
  Hash Cond: (mc.movie_id = t.id)
  ->  Seq Scan on movie_companies mc  (cost=0.00..57926.93 rows=364976 width=4) (actual time=419.081..976.411 rows=520065 loops=1)
        Filter: ((company_id < 1451) AND (company_type_id < 2))
        Rows Removed by Filter: 2089064
  ->  Hash  (cost=73925.90..73925.90 rows=315007 width=4) (actual time=1282.414..1282.414 rows=244789 loops=1)
        Buckets: 131072  Batches: 8  Memory Usage: 2099kB
        ->  Seq Scan on title t  (cost=0.00..73925.90 rows=315007 width=4) (actual time=470.292..1195.034 rows=244789 loops=1)
              Filter: ((production_year > 2003) AND (kind_id = 1))
              Rows Removed by Filter: 2283523
Planning time: 0.789 ms
Execution time: 2524.203 ms
