Hash Join  (cost=78556.72..199056.79 rows=685695 width=0) (actual time=1482.726..4702.394 rows=1654376 loops=1)
  Hash Cond: (mk.movie_id = t.id)
  ->  Seq Scan on movie_keyword mk  (cost=0.00..81003.12 rows=2597331 width=4) (actual time=0.024..1606.625 rows=2584952 loops=1)
        Filter: (keyword_id < 6824)
        Rows Removed by Filter: 1938978
  ->  Hash  (cost=67604.59..67604.59 rows=667531 width=4) (actual time=1481.730..1481.730 rows=662825 loops=1)
        Buckets: 131072  Batches: 16  Memory Usage: 2486kB
        ->  Seq Scan on title t  (cost=0.00..67604.59 rows=667531 width=4) (actual time=0.025..1008.457 rows=662825 loops=1)
              Filter: (kind_id < 2)
              Rows Removed by Filter: 1865487
Planning time: 0.716 ms
Execution time: 4889.028 ms
