Nested Loop  (cost=0.43..83071.67 rows=246 width=0) (actual time=0.107..1416.570 rows=3190 loops=1)
  ->  Seq Scan on movie_keyword mk  (cost=0.00..81003.12 rows=246 width=4) (actual time=0.060..1311.895 rows=3190 loops=1)
        Filter: (keyword_id = 6427)
        Rows Removed by Filter: 4520740
  ->  Index Only Scan using title_pkey on title t  (cost=0.43..8.40 rows=1 width=4) (actual time=0.032..0.032 rows=1 loops=3190)
        Index Cond: (id = mk.movie_id)
        Heap Fetches: 3190
Planning time: 0.756 ms
Execution time: 1417.562 ms
