Seq Scan on cast_info ci  (cost=0.00..796071.18 rows=2668753 width=0) (actual time=677.607..10959.050 rows=1622272 loops=1)
  Filter: ((person_id < 568776) AND (role_id > 2))
  Rows Removed by Filter: 34622072
Planning time: 0.344 ms
Execution time: 11131.045 ms
