Hash Join  (cost=83074.74..447745.01 rows=1434 width=0) (actual time=1536.428..8823.458 rows=219631 loops=1)
  Hash Cond: (mi.movie_id = t.id)
  ->  Seq Scan on movie_info mi  (cost=0.00..309384.22 rows=14739122 width=4) (actual time=0.015..4296.349 rows=14835720 loops=1)
  ->  Hash  (cost=83071.67..83071.67 rows=246 width=8) (actual time=1535.551..1535.551 rows=4326 loops=1)
        Buckets: 8192 (originally 1024)  Batches: 1 (originally 1)  Memory Usage: 233kB
        ->  Nested Loop  (cost=0.43..83071.67 rows=246 width=8) (actual time=0.188..1532.714 rows=4326 loops=1)
              ->  Seq Scan on movie_keyword mk  (cost=0.00..81003.12 rows=246 width=4) (actual time=0.128..1368.550 rows=4326 loops=1)
                    Filter: (keyword_id = 585)
                    Rows Removed by Filter: 4519604
              ->  Index Only Scan using title_pkey on title t  (cost=0.43..8.40 rows=1 width=4) (actual time=0.037..0.037 rows=1 loops=4326)
                    Index Cond: (id = mk.movie_id)
                    Heap Fetches: 4326
Planning time: 1.161 ms
Execution time: 8854.957 ms
