Seq Scan on movie_keyword mk  (cost=0.00..81003.12 rows=898268 width=0) (actual time=0.023..1362.174 rows=899496 loops=1)
  Filter: (keyword_id > 20521)
  Rows Removed by Filter: 3624434
Planning time: 0.304 ms
Execution time: 1476.788 ms
