Hash Join  (cost=307959.69..1128542.19 rows=4719224 width=0) (actual time=15780.139..21547.709 rows=4057871 loops=1)
  Hash Cond: (ci.movie_id = t.id)
  ->  Seq Scan on cast_info ci  (cost=0.00..705507.15 rows=3998100 width=4) (actual time=9579.417..12213.700 rows=4008037 loops=1)
        Filter: (role_id = 3)
        Rows Removed by Filter: 32236307
  ->  Hash  (cost=258993.34..258993.34 rows=2984588 width=8) (actual time=6199.101..6199.101 rows=1203219 loops=1)
        Buckets: 131072  Batches: 64  Memory Usage: 1737kB
        ->  Hash Join  (cost=94973.51..258993.34 rows=2984588 width=8) (actual time=1789.859..5851.667 rows=1203219 loops=1)
              Hash Cond: (mk.movie_id = t.id)
              ->  Seq Scan on movie_keyword mk  (cost=0.00..69693.30 rows=4523930 width=4) (actual time=0.026..1472.566 rows=4523930 loops=1)
              ->  Hash  (cost=67604.59..67604.59 rows=1668154 width=4) (actual time=1787.686..1787.686 rows=1674098 loops=1)
                    Buckets: 131072  Batches: 32  Memory Usage: 2875kB
                    ->  Seq Scan on title t  (cost=0.00..67604.59 rows=1668154 width=4) (actual time=0.024..1243.364 rows=1674098 loops=1)
                          Filter: (kind_id > 3)
                          Rows Removed by Filter: 854214
Planning time: 1.176 ms
Execution time: 22025.278 ms
