Seq Scan on movie_keyword mk  (cost=0.00..81003.12 rows=2843110 width=0) (actual time=0.019..1389.839 rows=2832402 loops=1)
  Filter: (keyword_id < 8550)
  Rows Removed by Filter: 1691528
Planning time: 0.302 ms
Execution time: 1737.862 ms
