Hash Join  (cost=102767.86..197433.55 rows=1116231 width=0) (actual time=1900.859..4574.121 rows=912738 loops=1)
  Hash Cond: (mc.movie_id = t.id)
  ->  Seq Scan on movie_companies mc  (cost=0.00..57926.93 rows=1116231 width=4) (actual time=0.017..1088.602 rows=912738 loops=1)
        Filter: ((company_id < 79875) AND (company_type_id = 2))
        Rows Removed by Filter: 1696391
  ->  Hash  (cost=61283.27..61283.27 rows=2528527 width=4) (actual time=1900.013..1900.013 rows=2528312 loops=1)
        Buckets: 131072  Batches: 64  Memory Usage: 2415kB
        ->  Seq Scan on title t  (cost=0.00..61283.27 rows=2528527 width=4) (actual time=0.021..1053.297 rows=2528312 loops=1)
Planning time: 0.801 ms
Execution time: 4685.895 ms
