Hash Join  (cost=190230.21..1120485.63 rows=4129925 width=0) (actual time=4148.173..28719.118 rows=13415028 loops=1)
  Hash Cond: (ci.movie_id = t.id)
  ->  Seq Scan on cast_info ci  (cost=0.00..796071.18 rows=7566929 width=4) (actual time=0.010..14592.777 rows=11712800 loops=1)
        Filter: ((person_id > 2521611) AND (role_id > 1))
        Rows Removed by Filter: 24531544
  ->  Hash  (cost=167588.78..167588.78 rows=1380035 width=8) (actual time=4146.544..4146.544 rows=1380035 loops=1)
        Buckets: 131072  Batches: 32  Memory Usage: 2708kB
        ->  Hash Join  (cost=102767.86..167588.78 rows=1380035 width=8) (actual time=1877.925..3759.876 rows=1380035 loops=1)
              Hash Cond: (mi_idx.movie_id = t.id)
              ->  Seq Scan on movie_info_idx mi_idx  (cost=0.00..21735.35 rows=1380035 width=4) (actual time=0.021..434.934 rows=1380035 loops=1)
              ->  Hash  (cost=61283.27..61283.27 rows=2528527 width=4) (actual time=1876.837..1876.837 rows=2528312 loops=1)
                    Buckets: 131072  Batches: 64  Memory Usage: 2415kB
                    ->  Seq Scan on title t  (cost=0.00..61283.27 rows=2528527 width=4) (actual time=0.015..1026.728 rows=2528312 loops=1)
Planning time: 2.245 ms
Execution time: 30250.067 ms
