Seq Scan on cast_info ci  (cost=0.00..705507.15 rows=500 width=0) (actual time=3182.841..11213.356 rows=6 loops=1)
  Filter: (person_id = 1833672)
  Rows Removed by Filter: 36244338
Planning time: 0.411 ms
Execution time: 11213.450 ms
