Nested Loop  (cost=0.43..709673.15 rows=311 width=0) (actual time=4140.284..11415.835 rows=1816 loops=1)
  ->  Seq Scan on cast_info ci  (cost=0.00..705507.15 rows=500 width=4) (actual time=4140.138..11366.890 rows=2004 loops=1)
        Filter: (person_id = 1946213)
        Rows Removed by Filter: 36242340
  ->  Index Scan using title_pkey on title t  (cost=0.43..8.32 rows=1 width=4) (actual time=0.024..0.024 rows=1 loops=2004)
        Index Cond: (id = ci.movie_id)
        Filter: (production_year > 1996)
        Rows Removed by Filter: 0
Planning time: 0.809 ms
Execution time: 11416.305 ms
