Hash Join  (cost=83074.74..447745.01 rows=1434 width=0) (actual time=1313.122..8625.287 rows=3997 loops=1)
  Hash Cond: (mi.movie_id = t.id)
  ->  Seq Scan on movie_info mi  (cost=0.00..309384.22 rows=14739122 width=4) (actual time=0.020..4687.373 rows=14835720 loops=1)
  ->  Hash  (cost=83071.67..83071.67 rows=246 width=8) (actual time=1307.329..1307.329 rows=84 loops=1)
        Buckets: 1024  Batches: 1  Memory Usage: 12kB
        ->  Nested Loop  (cost=0.43..83071.67 rows=246 width=8) (actual time=5.395..1307.182 rows=84 loops=1)
              ->  Seq Scan on movie_keyword mk  (cost=0.00..81003.12 rows=246 width=4) (actual time=5.335..1302.230 rows=84 loops=1)
                    Filter: (keyword_id = 28907)
                    Rows Removed by Filter: 4523846
              ->  Index Only Scan using title_pkey on title t  (cost=0.43..8.40 rows=1 width=4) (actual time=0.054..0.055 rows=1 loops=84)
                    Index Cond: (id = mk.movie_id)
                    Heap Fetches: 84
Planning time: 1.153 ms
Execution time: 8626.414 ms
