Hash Join  (cost=148712.82..1201857.21 rows=1882723 width=0) (actual time=3015.080..30013.765 rows=4624236 loops=1)
  Hash Cond: (ci.movie_id = t.id)
  ->  Seq Scan on cast_info ci  (cost=0.00..614943.12 rows=36225612 width=4) (actual time=0.017..12802.960 rows=36244344 loops=1)
  ->  Hash  (cost=146556.15..146556.15 rows=131413 width=8) (actual time=3014.010..3014.010 rows=115325 loops=1)
        Buckets: 131072  Batches: 2  Memory Usage: 3270kB
        ->  Hash Join  (cost=69694.50..146556.15 rows=131413 width=8) (actual time=1129.284..2974.372 rows=115325 loops=1)
              Hash Cond: (mc.movie_id = t.id)
              ->  Seq Scan on movie_companies mc  (cost=0.00..44881.29 rows=2609129 width=4) (actual time=0.022..840.852 rows=2609129 loops=1)
              ->  Hash  (cost=67604.59..67604.59 rows=127353 width=4) (actual time=1128.367..1128.367 rows=128696 loops=1)
                    Buckets: 131072  Batches: 2  Memory Usage: 3284kB
                    ->  Seq Scan on title t  (cost=0.00..67604.59 rows=127353 width=4) (actual time=0.022..1080.021 rows=128696 loops=1)
                          Filter: (production_year = 2009)
                          Rows Removed by Filter: 2399616
Planning time: 1.057 ms
Execution time: 30506.947 ms
