Hash Join  (cost=92883.59..941217.57 rows=1490439 width=0) (actual time=9122.283..17592.881 rows=2871898 loops=1)
  Hash Cond: (ci.movie_id = t.id)
  ->  Seq Scan on cast_info ci  (cost=0.00..796071.18 rows=2445882 width=4) (actual time=7345.489..12394.795 rows=4969165 loops=1)
        Filter: ((person_id < 666675) AND (role_id = 1))
        Rows Removed by Filter: 31275179
  ->  Hash  (cost=67604.59..67604.59 rows=1540800 width=4) (actual time=1775.498..1775.498 rows=1543264 loops=1)
        Buckets: 131072  Batches: 32  Memory Usage: 2722kB
        ->  Seq Scan on title t  (cost=0.00..67604.59 rows=1540800 width=4) (actual time=91.473..1141.463 rows=1543264 loops=1)
              Filter: (kind_id = 7)
              Rows Removed by Filter: 985048
Planning time: 8.236 ms
Execution time: 17922.066 ms
