Seq Scan on movie_companies mc  (cost=0.00..57926.93 rows=781670 width=0) (actual time=211.477..1016.055 rows=1077723 loops=1)
  Filter: ((company_id < 15812) AND (company_type_id = 1))
  Rows Removed by Filter: 1531406
Planning time: 0.337 ms
Execution time: 1145.610 ms
