Hash Join  (cost=159003.58..646365.97 rows=708146 width=0) (actual time=3675.461..18906.705 rows=9713022 loops=1)
  Hash Cond: (mi.movie_id = t.id)
  ->  Seq Scan on movie_info mi  (cost=0.00..309384.22 rows=14739122 width=4) (actual time=0.024..5878.389 rows=14835720 loops=1)
  ->  Hash  (cost=157010.03..157010.03 rows=121484 width=8) (actual time=3674.574..3674.574 rows=468226 loops=1)
        Buckets: 131072 (originally 131072)  Batches: 4 (originally 2)  Memory Usage: 5623kB
        ->  Hash Join  (cost=76016.62..157010.03 rows=121484 width=8) (actual time=1259.073..3535.669 rows=468226 loops=1)
              Hash Cond: (mc.movie_id = t.id)
              ->  Seq Scan on movie_companies mc  (cost=0.00..51404.11 rows=2410789 width=4) (actual time=0.011..1116.961 rows=2412549 loops=1)
                    Filter: (company_id > 52)
                    Rows Removed by Filter: 196580
              ->  Hash  (cost=73925.90..73925.90 rows=127417 width=4) (actual time=1258.405..1258.405 rows=227909 loops=1)
                    Buckets: 131072 (originally 131072)  Batches: 4 (originally 2)  Memory Usage: 3073kB
                    ->  Seq Scan on title t  (cost=0.00..73925.90 rows=127417 width=4) (actual time=0.151..1176.369 rows=227909 loops=1)
                          Filter: ((kind_id < 7) AND (production_year < 1967))
                          Rows Removed by Filter: 2300403
Planning time: 1.130 ms
Execution time: 20013.936 ms
