Nested Loop  (cost=0.43..83071.67 rows=246 width=0) (actual time=1.771..1282.551 rows=1436 loops=1)
  ->  Seq Scan on movie_keyword mk  (cost=0.00..81003.12 rows=246 width=4) (actual time=1.702..1217.644 rows=1436 loops=1)
        Filter: (keyword_id = 4649)
        Rows Removed by Filter: 4522494
  ->  Index Only Scan using title_pkey on title t  (cost=0.43..8.40 rows=1 width=4) (actual time=0.044..0.044 rows=1 loops=1436)
        Index Cond: (id = mk.movie_id)
        Heap Fetches: 1436
Planning time: 0.702 ms
Execution time: 1283.165 ms
