Hash Join  (cost=73982.55..440046.82 rows=9434 width=0) (actual time=2945.621..7924.581 rows=11269 loops=1)
  Hash Cond: (mi.movie_id = t.id)
  ->  Seq Scan on movie_info mi  (cost=0.00..346232.03 rows=5263441 width=4) (actual time=0.019..5821.165 rows=5270569 loops=1)
        Filter: (info_type_id > 15)
        Rows Removed by Filter: 9565151
  ->  Hash  (cost=73925.90..73925.90 rows=4532 width=4) (actual time=1116.447..1116.447 rows=7806 loops=1)
        Buckets: 8192  Batches: 1  Memory Usage: 339kB
        ->  Seq Scan on title t  (cost=0.00..73925.90 rows=4532 width=4) (actual time=0.117..1112.547 rows=7806 loops=1)
              Filter: ((kind_id = 7) AND (production_year = 1981))
              Rows Removed by Filter: 2520506
Planning time: 0.820 ms
Execution time: 7926.473 ms
