Hash Join  (cost=114215.85..498719.15 rows=273510 width=0) (actual time=3341.824..13400.120 rows=1922013 loops=1)
  Hash Cond: (mi.movie_id = t.id)
  ->  Seq Scan on movie_info mi  (cost=0.00..346232.03 rows=9476311 width=4) (actual time=1038.624..5785.253 rows=9565151 loops=1)
        Filter: (info_type_id < 16)
        Rows Removed by Filter: 5270569
  ->  Hash  (cost=113303.60..113303.60 rows=72980 width=8) (actual time=2302.309..2302.309 rows=164488 loops=1)
        Buckets: 131072 (originally 131072)  Batches: 4 (originally 1)  Memory Usage: 3073kB
        ->  Hash Join  (cost=80493.69..113303.60 rows=72980 width=8) (actual time=1357.560..2235.587 rows=164488 loops=1)
              Hash Cond: (mi_idx.movie_id = t.id)
              ->  Seq Scan on movie_info_idx mi_idx  (cost=0.00..25185.44 rows=460978 width=4) (actual time=0.031..493.140 rows=459925 loops=1)
                    Filter: (info_type_id < 100)
                    Rows Removed by Filter: 920110
              ->  Hash  (cost=73925.90..73925.90 rows=400303 width=4) (actual time=1356.749..1356.749 rows=500611 loops=1)
                    Buckets: 131072  Batches: 8  Memory Usage: 3236kB
                    ->  Seq Scan on title t  (cost=0.00..73925.90 rows=400303 width=4) (actual time=0.032..1202.897 rows=500611 loops=1)
                          Filter: ((kind_id < 7) AND (production_year < 2000))
                          Rows Removed by Filter: 2027701
Planning time: 2.200 ms
Execution time: 13639.107 ms
