Hash Join  (cost=130055.91..228095.79 rows=72772 width=0) (actual time=2458.701..4596.730 rows=17810 loops=1)
  Hash Cond: (mk.movie_id = t.id)
  ->  Seq Scan on movie_keyword mk  (cost=0.00..81003.12 rows=4349077 width=4) (actual time=0.023..1503.219 rows=4353410 loops=1)
        Filter: (keyword_id < 72109)
        Rows Removed by Filter: 170520
  ->  Hash  (cost=129527.04..129527.04 rows=42309 width=8) (actual time=2456.314..2456.314 rows=13597 loops=1)
        Buckets: 65536  Batches: 1  Memory Usage: 1044kB
        ->  Hash Join  (cost=74438.43..129527.04 rows=42309 width=8) (actual time=1134.071..2450.959 rows=13597 loops=1)
              Hash Cond: (mc.movie_id = t.id)
              ->  Seq Scan on movie_companies mc  (cost=0.00..44881.29 rows=2609129 width=4) (actual time=0.017..639.428 rows=2609129 loops=1)
              ->  Hash  (cost=73925.90..73925.90 rows=41002 width=4) (actual time=1129.263..1129.263 rows=40409 loops=1)
                    Buckets: 65536  Batches: 1  Memory Usage: 1933kB
                    ->  Seq Scan on title t  (cost=0.00..73925.90 rows=41002 width=4) (actual time=0.031..1112.073 rows=40409 loops=1)
                          Filter: ((kind_id > 4) AND (production_year > 2012))
                          Rows Removed by Filter: 2487903
Planning time: 2.959 ms
Execution time: 4599.260 ms
