Hash Join  (cost=102767.86..249383.62 rows=2316224 width=0) (actual time=1876.408..6153.095 rows=2313606 loops=1)
  Hash Cond: (mk.movie_id = t.id)
  ->  Seq Scan on movie_keyword mk  (cost=0.00..81003.12 rows=2316224 width=4) (actual time=0.026..1562.252 rows=2313606 loops=1)
        Filter: (keyword_id > 4458)
        Rows Removed by Filter: 2210324
  ->  Hash  (cost=61283.27..61283.27 rows=2528527 width=4) (actual time=1875.595..1875.595 rows=2528312 loops=1)
        Buckets: 131072  Batches: 64  Memory Usage: 2425kB
        ->  Seq Scan on title t  (cost=0.00..61283.27 rows=2528527 width=4) (actual time=0.027..1001.736 rows=2528312 loops=1)
Planning time: 0.687 ms
Execution time: 6429.910 ms
