Seq Scan on title t  (cost=0.00..73925.90 rows=4532 width=0) (actual time=0.163..1026.024 rows=7634 loops=1)
  Filter: ((kind_id = 7) AND (production_year = 1972))
  Rows Removed by Filter: 2520678
Planning time: 0.318 ms
Execution time: 1027.963 ms
