Hash Join  (cost=221500.01..755099.01 rows=3518629 width=0) (actual time=4365.421..23967.044 rows=26769274 loops=1)
  Hash Cond: (mi.movie_id = t.id)
  ->  Seq Scan on movie_info mi  (cost=0.00..346232.03 rows=12928982 width=4) (actual time=0.018..7026.251 rows=12970088 loops=1)
        Filter: (info_type_id < 18)
        Rows Removed by Filter: 1865632
  ->  Hash  (cost=210209.26..210209.26 rows=688140 width=8) (actual time=4364.562..4364.562 rows=693230 loops=1)
        Buckets: 131072  Batches: 16  Memory Usage: 2828kB
        ->  Hash Join  (cost=102767.86..210209.26 rows=688140 width=8) (actual time=1936.512..4186.950 rows=693230 loops=1)
              Hash Cond: (mk.movie_id = t.id)
              ->  Seq Scan on movie_keyword mk  (cost=0.00..81003.12 rows=688140 width=4) (actual time=0.017..1369.531 rows=693230 loops=1)
                    Filter: (keyword_id > 27159)
                    Rows Removed by Filter: 3830700
              ->  Hash  (cost=61283.27..61283.27 rows=2528527 width=4) (actual time=1934.562..1934.562 rows=2528312 loops=1)
                    Buckets: 131072  Batches: 64  Memory Usage: 2425kB
                    ->  Seq Scan on title t  (cost=0.00..61283.27 rows=2528527 width=4) (actual time=0.020..1076.923 rows=2528312 loops=1)
Planning time: 1.100 ms
Execution time: 26934.575 ms
