Hash Join  (cost=78439.73..1152731.69 rows=3941379 width=0) (actual time=1266.806..33212.801 rows=4187050 loops=1)
  Hash Cond: (ci.movie_id = t.id)
  ->  Seq Scan on cast_info ci  (cost=0.00..614943.12 rows=36225612 width=4) (actual time=0.018..12833.793 rows=36244344 loops=1)
  ->  Hash  (cost=73925.90..73925.90 rows=275106 width=4) (actual time=1265.988..1265.988 rows=279471 loops=1)
        Buckets: 131072  Batches: 4  Memory Usage: 3497kB
        ->  Seq Scan on title t  (cost=0.00..73925.90 rows=275106 width=4) (actual time=0.044..1176.175 rows=279471 loops=1)
              Filter: ((kind_id > 2) AND (production_year > 2010))
              Rows Removed by Filter: 2248841
Planning time: 0.572 ms
Execution time: 33735.628 ms
