Hash Join  (cost=212453.75..737902.86 rows=2550927 width=0) (actual time=5603.619..38854.724 rows=96932344 loops=1)
  Hash Cond: (mi.movie_id = t.id)
  ->  Seq Scan on movie_info mi  (cost=0.00..309384.22 rows=14739122 width=4) (actual time=0.024..6344.225 rows=14835720 loops=1)
  ->  Hash  (cost=205273.54..205273.54 rows=437617 width=8) (actual time=5517.790..5517.790 rows=1663775 loops=1)
        Buckets: 131072 (originally 131072)  Batches: 32 (originally 8)  Memory Usage: 3125kB
        ->  Hash Join  (cost=77939.33..205273.54 rows=437617 width=8) (actual time=1361.233..5036.318 rows=1663775 loops=1)
              Hash Cond: (mk.movie_id = t.id)
              ->  Seq Scan on movie_keyword mk  (cost=0.00..69693.30 rows=4523930 width=4) (actual time=0.011..1318.599 rows=4523930 loops=1)
              ->  Hash  (cost=73925.90..73925.90 rows=244594 width=4) (actual time=1360.487..1360.487 rows=359543 loops=1)
                    Buckets: 131072 (originally 131072)  Batches: 8 (originally 4)  Memory Usage: 3073kB
                    ->  Seq Scan on title t  (cost=0.00..73925.90 rows=244594 width=4) (actual time=292.735..1236.740 rows=359543 loops=1)
                          Filter: ((production_year < 1998) AND (kind_id = 1))
                          Rows Removed by Filter: 2168769
Planning time: 1.067 ms
Execution time: 48883.802 ms
