Hash Join  (cost=102767.86..1299497.60 rows=20003852 width=0) (actual time=2576.345..34185.177 rows=19867361 loops=1)
  Hash Cond: (ci.movie_id = t.id)
  ->  Seq Scan on cast_info ci  (cost=0.00..705507.15 rows=20003852 width=4) (actual time=0.019..14567.172 rows=19867361 loops=1)
        Filter: (person_id < 1994825)
        Rows Removed by Filter: 16376983
  ->  Hash  (cost=61283.27..61283.27 rows=2528527 width=4) (actual time=2575.233..2575.233 rows=2528312 loops=1)
        Buckets: 131072  Batches: 64  Memory Usage: 2415kB
        ->  Seq Scan on title t  (cost=0.00..61283.27 rows=2528527 width=4) (actual time=0.018..1040.408 rows=2528312 loops=1)
Planning time: 1.595 ms
Execution time: 36379.120 ms
