Seq Scan on cast_info ci  (cost=0.00..796071.18 rows=832155 width=0) (actual time=12470.970..13857.465 rows=265843 loops=1)
  Filter: ((person_id < 2715282) AND (role_id = 9))
  Rows Removed by Filter: 35978501
Planning time: 0.345 ms
Execution time: 13887.045 ms
