Seq Scan on movie_keyword mk  (cost=0.00..81003.12 rows=729311 width=0) (actual time=0.030..856.726 rows=738147 loops=1)
  Filter: (keyword_id > 25514)
  Rows Removed by Filter: 3785783
Planning time: 0.269 ms
Execution time: 921.930 ms
