Seq Scan on movie_keyword mk  (cost=0.00..81003.12 rows=246 width=0) (actual time=34.092..1239.878 rows=42 loops=1)
  Filter: (keyword_id = 13206)
  Rows Removed by Filter: 4523888
Planning time: 0.381 ms
Execution time: 1239.994 ms
