Seq Scan on cast_info ci  (cost=0.00..796071.18 rows=83493 width=0) (actual time=1309.260..12232.962 rows=34342 loops=1)
  Filter: ((person_id < 836768) AND (role_id > 10))
  Rows Removed by Filter: 36210002
Planning time: 0.242 ms
Execution time: 12237.293 ms
