Seq Scan on cast_info ci  (cost=0.00..796071.18 rows=101 width=0) (actual time=55.914..10844.510 rows=94 loops=1)
  Filter: ((person_id = 1851304) AND (role_id = 2))
  Rows Removed by Filter: 36244250
Planning time: 0.341 ms
Execution time: 10844.647 ms
