Hash Join  (cost=73982.55..825421.01 rows=64929 width=0) (actual time=1277.359..19002.739 rows=205179 loops=1)
  Hash Cond: (ci.movie_id = t.id)
  ->  Seq Scan on cast_info ci  (cost=0.00..614943.12 rows=36225612 width=4) (actual time=0.027..8767.151 rows=36244344 loops=1)
  ->  Hash  (cost=73925.90..73925.90 rows=4532 width=4) (actual time=1277.210..1277.210 rows=13632 loops=1)
        Buckets: 16384 (originally 8192)  Batches: 1 (originally 1)  Memory Usage: 608kB
        ->  Seq Scan on title t  (cost=0.00..73925.90 rows=4532 width=4) (actual time=96.797..1270.844 rows=13632 loops=1)
              Filter: ((kind_id = 7) AND (production_year = 1990))
              Rows Removed by Filter: 2514680
Planning time: 0.716 ms
Execution time: 19033.607 ms
