Hash Join  (cost=239959.95..810718.84 rows=6797304 width=0) (actual time=6709.208..60498.443 rows=188992429 loops=1)
  Hash Cond: (mi.movie_id = t.id)
  ->  Seq Scan on movie_info mi  (cost=0.00..309384.22 rows=14739122 width=4) (actual time=0.012..6621.745 rows=14835720 loops=1)
  ->  Hash  (cost=220827.80..220827.80 rows=1166092 width=8) (actual time=6708.230..6708.230 rows=3197072 loops=1)
        Buckets: 131072 (originally 131072)  Batches: 64 (originally 16)  Memory Usage: 3073kB
        ->  Hash Join  (cost=84618.84..220827.80 rows=1166092 width=8) (actual time=1483.666..5766.322 rows=3197072 loops=1)
              Hash Cond: (mk.movie_id = t.id)
              ->  Seq Scan on movie_keyword mk  (cost=0.00..69693.30 rows=4523930 width=4) (actual time=0.017..1407.630 rows=4523930 loops=1)
              ->  Hash  (cost=73925.90..73925.90 rows=651755 width=4) (actual time=1482.348..1482.348 rows=711179 loops=1)
                    Buckets: 131072  Batches: 16  Memory Usage: 2598kB
                    ->  Seq Scan on title t  (cost=0.00..73925.90 rows=651755 width=4) (actual time=0.025..1241.815 rows=711179 loops=1)
                          Filter: ((kind_id < 7) AND (production_year < 2008))
                          Rows Removed by Filter: 1817133
Planning time: 1.127 ms
Execution time: 80128.042 ms
