Seq Scan on title t  (cost=0.00..73925.90 rows=97070 width=0) (actual time=2.519..1105.786 rows=1972 loops=1)
  Filter: ((production_year < 1950) AND (kind_id = 7))
  Rows Removed by Filter: 2526340
Planning time: 0.347 ms
Execution time: 1106.481 ms
