Hash Join  (cost=123473.14..621046.98 rows=1665192 width=0) (actual time=3173.820..17781.753 rows=5659360 loops=1)
  Hash Cond: (mi.movie_id = t.id)
  ->  Seq Scan on movie_info mi  (cost=0.00..309384.22 rows=14739122 width=4) (actual time=0.015..6172.429 rows=14835720 loops=1)
  ->  Hash  (cost=118786.30..118786.30 rows=285667 width=8) (actual time=3173.074..3173.074 rows=328739 loops=1)
        Buckets: 131072 (originally 131072)  Batches: 8 (originally 4)  Memory Usage: 3073kB
        ->  Hash Join  (cost=76192.15..118786.30 rows=285667 width=8) (actual time=1753.915..3062.871 rows=328739 loops=1)
              Hash Cond: (mi_idx.movie_id = t.id)
              ->  Seq Scan on movie_info_idx mi_idx  (cost=0.00..21735.35 rows=1380035 width=4) (actual time=0.019..493.673 rows=1380035 loops=1)
              ->  Hash  (cost=67604.59..67604.59 rows=523405 width=4) (actual time=1752.648..1752.648 rows=523734 loops=1)
                    Buckets: 131072  Batches: 8  Memory Usage: 3319kB
                    ->  Seq Scan on title t  (cost=0.00..67604.59 rows=523405 width=4) (actual time=0.021..1035.923 rows=523734 loops=1)
                          Filter: (production_year < 1981)
                          Rows Removed by Filter: 2004578
Planning time: 1.185 ms
Execution time: 18420.036 ms
