Hash Join  (cost=102767.86..187083.95 rows=686102 width=0) (actual time=2453.693..4335.505 rows=926013 loops=1)
  Hash Cond: (mc.movie_id = t.id)
  ->  Seq Scan on movie_companies mc  (cost=0.00..57926.93 rows=686102 width=4) (actual time=524.233..1226.975 rows=926013 loops=1)
        Filter: ((company_id > 11156) AND (company_type_id = 2))
        Rows Removed by Filter: 1683116
  ->  Hash  (cost=61283.27..61283.27 rows=2528527 width=4) (actual time=1928.165..1928.165 rows=2528312 loops=1)
        Buckets: 131072  Batches: 64  Memory Usage: 2415kB
        ->  Seq Scan on title t  (cost=0.00..61283.27 rows=2528527 width=4) (actual time=0.021..1075.153 rows=2528312 loops=1)
Planning time: 0.618 ms
Execution time: 4451.263 ms
