Hash Join  (cost=146742.08..515682.54 rows=428453 width=0) (actual time=2562.593..12156.658 rows=3322260 loops=1)
  Hash Cond: (mi.movie_id = t.id)
  ->  Seq Scan on movie_info mi  (cost=0.00..309384.22 rows=14739122 width=4) (actual time=0.018..4735.938 rows=14835720 loops=1)
  ->  Hash  (cost=145823.31..145823.31 rows=73502 width=8) (actual time=2493.538..2493.538 rows=77943 loops=1)
        Buckets: 131072  Batches: 1  Memory Usage: 4069kB
        ->  Hash Join  (cost=78988.28..145823.31 rows=73502 width=8) (actual time=1700.545..2469.541 rows=77943 loops=1)
              Hash Cond: (mc.movie_id = t.id)
              ->  Seq Scan on movie_companies mc  (cost=0.00..57926.93 rows=602419 width=4) (actual time=397.521..960.652 rows=350074 loops=1)
                    Filter: ((company_id > 11774) AND (company_type_id < 2))
                    Rows Removed by Filter: 2259055
              ->  Hash  (cost=73925.90..73925.90 rows=308510 width=4) (actual time=1302.027..1302.027 rows=266599 loops=1)
                    Buckets: 131072  Batches: 8  Memory Usage: 2191kB
                    ->  Seq Scan on title t  (cost=0.00..73925.90 rows=308510 width=4) (actual time=0.036..1211.087 rows=266599 loops=1)
                          Filter: ((kind_id < 7) AND (production_year > 2007))
                          Rows Removed by Filter: 2261713
Planning time: 4.854 ms
Execution time: 12576.850 ms
