Hash Join  (cost=343708.09..988497.21 rows=13896576 width=0) (actual time=8651.402..40274.454 rows=96998314 loops=1)
  Hash Cond: (mi.movie_id = t.id)
  ->  Seq Scan on movie_info mi  (cost=0.00..346232.03 rows=9476311 width=4) (actual time=0.023..6433.895 rows=9565151 loops=1)
        Filter: (info_type_id < 16)
        Rows Removed by Filter: 5270569
  ->  Hash  (cost=282873.48..282873.48 rows=3707969 width=8) (actual time=8649.882..8649.882 rows=3704871 loops=1)
        Buckets: 131072  Batches: 64  Memory Usage: 3388kB
        ->  Hash Join  (cost=102767.86..282873.48 rows=3707969 width=8) (actual time=2036.041..6860.324 rows=3704871 loops=1)
              Hash Cond: (mk.movie_id = t.id)
              ->  Seq Scan on movie_keyword mk  (cost=0.00..81003.12 rows=3707969 width=4) (actual time=0.015..1766.598 rows=3704871 loops=1)
                    Filter: (keyword_id > 784)
                    Rows Removed by Filter: 819059
              ->  Hash  (cost=61283.27..61283.27 rows=2528527 width=4) (actual time=2034.632..2034.632 rows=2528312 loops=1)
                    Buckets: 131072  Batches: 64  Memory Usage: 2425kB
                    ->  Seq Scan on title t  (cost=0.00..61283.27 rows=2528527 width=4) (actual time=0.023..1154.555 rows=2528312 loops=1)
Planning time: 1.591 ms
Execution time: 50252.479 ms
