Nested Loop  (cost=0.43..709673.15 rows=305 width=0) (actual time=8662.812..10164.663 rows=84 loops=1)
  ->  Seq Scan on cast_info ci  (cost=0.00..705507.15 rows=500 width=4) (actual time=8661.862..10153.703 rows=126 loops=1)
        Filter: (person_id = 1978770)
        Rows Removed by Filter: 36244218
  ->  Index Scan using title_pkey on title t  (cost=0.43..8.32 rows=1 width=4) (actual time=0.085..0.086 rows=1 loops=126)
        Index Cond: (id = ci.movie_id)
        Filter: (kind_id = 7)
        Rows Removed by Filter: 0
Planning time: 0.724 ms
Execution time: 10164.786 ms
