Seq Scan on cast_info ci  (cost=0.00..705507.15 rows=13752958 width=0) (actual time=3238.292..10437.340 rows=13918517 loops=1)
  Filter: (person_id > 2275377)
  Rows Removed by Filter: 22325827
Planning time: 0.311 ms
Execution time: 11931.852 ms
