Merge Join  (cost=56627.25..174094.11 rows=65074 width=134) (actual time=8814.113..15930.472 rows=64017 loops=1)
  Merge Cond: (t.id = mc.movie_id)
  ->  Index Scan using title_pkey on title t  (cost=0.43..110313.87 rows=2528527 width=94) (actual time=0.006..13992.387 rows=2525745 loops=1)
  ->  Sort  (cost=56606.71..56769.40 rows=65074 width=40) (actual time=1481.105..1504.324 rows=64017 loops=1)
        Sort Key: mc.movie_id
        Sort Method: external sort  Disk: 1992kB
        ->  Seq Scan on movie_companies mc  (cost=0.00..51404.11 rows=65074 width=40) (actual time=161.714..1165.934 rows=64017 loops=1)
              Filter: (company_id > 180873)
              Rows Removed by Filter: 2545112
Planning time: 0.927 ms
Execution time: 15935.984 ms
