Hash Join  (cost=925694.45..4229439.20 rows=172481135 width=0) (actual time=24269.260..164131.922 rows=411009496 loops=1)
  Hash Cond: (ci.movie_id = t.id)
  ->  Seq Scan on cast_info ci  (cost=0.00..614943.12 rows=36225612 width=4) (actual time=0.026..13222.902 rows=36244344 loops=1)
  ->  Hash  (cost=728177.89..728177.89 rows=12039085 width=8) (actual time=24267.357..24267.357 rows=13052852 loops=1)
        Buckets: 131072  Batches: 256  Memory Usage: 3001kB
        ->  Hash Join  (cost=101489.21..728177.89 rows=12039085 width=8) (actual time=1706.220..19965.705 rows=13052852 loops=1)
              Hash Cond: (mi.movie_id = t.id)
              ->  Seq Scan on movie_info mi  (cost=0.00..309384.22 rows=14739122 width=4) (actual time=0.014..5949.185 rows=14835720 loops=1)
              ->  Hash  (cost=67604.59..67604.59 rows=2065330 width=4) (actual time=1705.373..1705.373 rows=2064552 loops=1)
                    Buckets: 131072  Batches: 32  Memory Usage: 3298kB
                    ->  Seq Scan on title t  (cost=0.00..67604.59 rows=2065330 width=4) (actual time=0.014..1124.346 rows=2064552 loops=1)
                          Filter: (production_year < 2011)
                          Rows Removed by Filter: 463760
Planning time: 6.057 ms
Execution time: 209678.356 ms
