Seq Scan on title t  (cost=0.00..73925.90 rows=817904 width=0) (actual time=0.028..1081.348 rows=732135 loops=1)
  Filter: ((kind_id < 7) AND (production_year > 1969))
  Rows Removed by Filter: 1796177
Planning time: 0.355 ms
Execution time: 1173.021 ms
