Hash Join  (cost=217858.32..340393.46 rows=1135928 width=0) (actual time=4892.747..8570.668 rows=4024371 loops=1)
  Hash Cond: (mk.movie_id = t.id)
  ->  Seq Scan on movie_keyword mk  (cost=0.00..81003.12 rows=2160197 width=4) (actual time=0.013..1640.223 rows=2158286 loops=1)
        Filter: (keyword_id > 5347)
        Rows Removed by Filter: 2365644
  ->  Hash  (cost=196044.17..196044.17 rows=1329612 width=8) (actual time=4891.013..4891.013 rows=1334883 loops=1)
        Buckets: 131072  Batches: 32  Memory Usage: 2660kB
        ->  Hash Join  (cost=102767.86..196044.17 rows=1329612 width=8) (actual time=2174.385..4512.192 rows=1334883 loops=1)
              Hash Cond: (mc.movie_id = t.id)
              ->  Seq Scan on movie_companies mc  (cost=0.00..51404.11 rows=1329612 width=4) (actual time=272.867..1059.298 rows=1334883 loops=1)
                    Filter: (company_type_id = 2)
                    Rows Removed by Filter: 1274246
              ->  Hash  (cost=61283.27..61283.27 rows=2528527 width=4) (actual time=1900.300..1900.300 rows=2528312 loops=1)
                    Buckets: 131072  Batches: 64  Memory Usage: 2415kB
                    ->  Seq Scan on title t  (cost=0.00..61283.27 rows=2528527 width=4) (actual time=0.019..1072.955 rows=2528312 loops=1)
Planning time: 1.234 ms
Execution time: 8993.679 ms
