Seq Scan on cast_info ci  (cost=0.00..705507.15 rows=31867891 width=0) (actual time=0.022..12637.866 rows=32021372 loops=1)
  Filter: (person_id > 406956)
  Rows Removed by Filter: 4222972
Planning time: 0.342 ms
Execution time: 16464.647 ms
