Hash Join  (cost=82911.34..216851.43 rows=979805 width=0) (actual time=1369.355..5104.464 rows=1562532 loops=1)
  Hash Cond: (mk.movie_id = t.id)
  ->  Seq Scan on movie_keyword mk  (cost=0.00..69693.30 rows=4523930 width=4) (actual time=0.014..1510.352 rows=4523930 loops=1)
  ->  Hash  (cost=73925.90..73925.90 rows=547635 width=4) (actual time=1368.436..1368.436 rows=423877 loops=1)
        Buckets: 131072  Batches: 8  Memory Usage: 2894kB
        ->  Seq Scan on title t  (cost=0.00..73925.90 rows=547635 width=4) (actual time=0.014..1228.505 rows=423877 loops=1)
              Filter: ((kind_id < 4) AND (production_year > 1995))
              Rows Removed by Filter: 2104435
Planning time: 0.738 ms
Execution time: 5283.716 ms
