Hash Join  (cost=194043.58..692386.67 rows=1737216 width=0) (actual time=3448.639..15456.772 rows=632327 loops=1)
  Hash Cond: (mi.movie_id = t.id)
  ->  Seq Scan on movie_info mi  (cost=0.00..309384.22 rows=14739122 width=4) (actual time=0.009..6159.806 rows=14835720 loops=1)
  ->  Hash  (cost=189153.29..189153.29 rows=298023 width=8) (actual time=3406.416..3406.416 rows=58754 loops=1)
        Buckets: 131072  Batches: 4  Memory Usage: 1614kB
        ->  Hash Join  (cost=92883.59..189153.29 rows=298023 width=8) (actual time=2319.823..3387.849 rows=58754 loops=1)
              Hash Cond: (mk.movie_id = t.id)
              ->  Seq Scan on movie_keyword mk  (cost=0.00..81003.12 rows=489070 width=4) (actual time=0.021..1191.907 rows=484182 loops=1)
                    Filter: (keyword_id > 37058)
                    Rows Removed by Filter: 4039748
              ->  Hash  (cost=67604.59..67604.59 rows=1540800 width=4) (actual time=1703.460..1703.460 rows=1543264 loops=1)
                    Buckets: 131072  Batches: 32  Memory Usage: 2728kB
                    ->  Seq Scan on title t  (cost=0.00..67604.59 rows=1540800 width=4) (actual time=0.010..1195.630 rows=1543264 loops=1)
                          Filter: (kind_id = 7)
                          Rows Removed by Filter: 985048
Planning time: 0.742 ms
Execution time: 15531.265 ms
