Nested Loop  (cost=0.43..52283.69 rows=104 width=0) (actual time=18.390..822.493 rows=499 loops=1)
  ->  Seq Scan on movie_companies mc  (cost=0.00..51404.11 rows=104 width=4) (actual time=18.296..806.105 rows=499 loops=1)
        Filter: (company_id = 3115)
        Rows Removed by Filter: 2608630
  ->  Index Only Scan using title_pkey on title t  (cost=0.43..8.45 rows=1 width=4) (actual time=0.032..0.032 rows=1 loops=499)
        Index Cond: (id = mc.movie_id)
        Heap Fetches: 499
Planning time: 1.108 ms
Execution time: 822.714 ms
