Seq Scan on cast_info ci  (cost=0.00..796071.18 rows=11196677 width=0) (actual time=1665.372..15085.015 rows=5848675 loops=1)
  Filter: ((person_id < 2583702) AND (role_id > 2))
  Rows Removed by Filter: 30395669
Planning time: 0.395 ms
Execution time: 15811.606 ms
