Hash Join  (cost=102091.72..189278.12 rows=52836 width=0) (actual time=1783.342..3707.302 rows=101014 loops=1)
  Hash Cond: (mk.movie_id = t.id)
  ->  Seq Scan on movie_keyword mk  (cost=0.00..69693.30 rows=4523930 width=4) (actual time=0.022..1025.783 rows=4523930 loops=1)
  ->  Hash  (cost=101722.58..101722.58 rows=29531 width=8) (actual time=1783.065..1783.065 rows=20683 loops=1)
        Buckets: 32768  Batches: 1  Memory Usage: 1064kB
        ->  Hash Join  (cost=70241.71..101722.58 rows=29531 width=8) (actual time=1078.353..1775.139 rows=20683 loops=1)
              Hash Cond: (mi_idx.movie_id = t.id)
              ->  Seq Scan on movie_info_idx mi_idx  (cost=0.00..25185.44 rows=464566 width=4) (actual time=0.015..468.460 rows=459925 loops=1)
                    Filter: (info_type_id = 101)
                    Rows Removed by Filter: 920110
              ->  Hash  (cost=67604.59..67604.59 rows=160730 width=4) (actual time=1077.436..1077.436 rows=160017 loops=1)
                    Buckets: 131072  Batches: 4  Memory Usage: 2436kB
                    ->  Seq Scan on title t  (cost=0.00..67604.59 rows=160730 width=4) (actual time=0.015..1020.434 rows=160017 loops=1)
                          Filter: (production_year = 2011)
                          Rows Removed by Filter: 2368295
Planning time: 0.852 ms
Execution time: 3721.069 ms
