Nested Loop  (cost=0.43..83072.29 rows=233 width=0) (actual time=17.373..720.414 rows=233 loops=1)
  ->  Seq Scan on movie_keyword mk  (cost=0.00..81003.12 rows=246 width=4) (actual time=17.309..714.057 rows=233 loops=1)
        Filter: (keyword_id = 10892)
        Rows Removed by Filter: 4523697
  ->  Index Scan using title_pkey on title t  (cost=0.43..8.40 rows=1 width=4) (actual time=0.026..0.026 rows=1 loops=233)
        Index Cond: (id = mk.movie_id)
        Filter: (production_year < 2013)
Planning time: 0.978 ms
Execution time: 720.598 ms
