Hash Join  (cost=149225.45..286277.33 rows=1235285 width=0) (actual time=3443.563..8052.331 rows=7128978 loops=1)
  Hash Cond: (mk.movie_id = t.id)
  ->  Seq Scan on movie_keyword mk  (cost=0.00..69693.30 rows=4523930 width=4) (actual time=0.014..1238.945 rows=4523930 loops=1)
  ->  Hash  (cost=137898.08..137898.08 rows=690429 width=8) (actual time=3442.441..3442.441 rows=840130 loops=1)
        Buckets: 131072  Batches: 16  Memory Usage: 3095kB
        ->  Hash Join  (cost=88359.31..137898.08 rows=690429 width=8) (actual time=1645.806..3205.841 rows=840130 loops=1)
              Hash Cond: (mi_idx.movie_id = t.id)
              ->  Seq Scan on movie_info_idx mi_idx  (cost=0.00..21735.35 rows=1380035 width=4) (actual time=0.025..483.665 rows=1380035 loops=1)
              ->  Hash  (cost=67604.59..67604.59 rows=1265018 width=4) (actual time=1644.676..1644.676 rows=1263700 loops=1)
                    Buckets: 131072  Batches: 32  Memory Usage: 2410kB
                    ->  Seq Scan on title t  (cost=0.00..67604.59 rows=1265018 width=4) (actual time=0.024..1222.221 rows=1263700 loops=1)
                          Filter: (production_year < 2004)
                          Rows Removed by Filter: 1264612
Planning time: 0.798 ms
Execution time: 8765.512 ms
