Hash Join  (cost=74311.74..101390.69 rows=16847 width=0) (actual time=1198.901..1865.670 rows=10419 loops=1)
  Hash Cond: (mi_idx.movie_id = t.id)
  ->  Seq Scan on movie_info_idx mi_idx  (cost=0.00..21735.35 rows=1380035 width=4) (actual time=0.015..350.614 rows=1380035 loops=1)
  ->  Hash  (cost=73925.90..73925.90 rows=30867 width=4) (actual time=1197.741..1197.741 rows=34773 loops=1)
        Buckets: 65536 (originally 32768)  Batches: 1 (originally 1)  Memory Usage: 1735kB
        ->  Seq Scan on title t  (cost=0.00..73925.90 rows=30867 width=4) (actual time=329.003..1182.288 rows=34773 loops=1)
              Filter: ((kind_id = 7) AND (production_year = 1999))
              Rows Removed by Filter: 2493539
Planning time: 0.774 ms
Execution time: 1867.215 ms
