Seq Scan on movie_keyword mk  (cost=0.00..81003.12 rows=4066357 width=0) (actual time=0.019..1612.757 rows=4070119 loops=1)
  Filter: (keyword_id < 39010)
  Rows Removed by Filter: 453811
Planning time: 0.312 ms
Execution time: 2116.550 ms
