Seq Scan on movie_companies mc  (cost=0.00..51404.11 rows=2319631 width=0) (actual time=0.024..1028.113 rows=2313424 loops=1)
  Filter: (company_id < 94757)
  Rows Removed by Filter: 295705
Planning time: 0.307 ms
Execution time: 1330.130 ms
