Hash Join  (cost=102767.86..262976.76 rows=2881094 width=0) (actual time=1968.885..6023.590 rows=2868889 loops=1)
  Hash Cond: (mk.movie_id = t.id)
  ->  Seq Scan on movie_keyword mk  (cost=0.00..81003.12 rows=2881094 width=4) (actual time=0.022..1678.501 rows=2868889 loops=1)
        Filter: (keyword_id > 2523)
        Rows Removed by Filter: 1655041
  ->  Hash  (cost=61283.27..61283.27 rows=2528527 width=4) (actual time=1967.655..1967.655 rows=2528312 loops=1)
        Buckets: 131072  Batches: 64  Memory Usage: 2425kB
        ->  Seq Scan on title t  (cost=0.00..61283.27 rows=2528527 width=4) (actual time=0.013..1096.374 rows=2528312 loops=1)
Planning time: 0.713 ms
Execution time: 6336.016 ms
