Hash Join  (cost=102767.86..927971.56 rows=800155 width=0) (actual time=8537.060..16960.891 rows=892110 loops=1)
  Hash Cond: (ci.movie_id = t.id)
  ->  Seq Scan on cast_info ci  (cost=0.00..796071.18 rows=800155 width=4) (actual time=6563.584..13609.886 rows=892110 loops=1)
        Filter: ((person_id > 1945294) AND (role_id = 8))
        Rows Removed by Filter: 35352234
  ->  Hash  (cost=61283.27..61283.27 rows=2528527 width=4) (actual time=1972.211..1972.211 rows=2528312 loops=1)
        Buckets: 131072  Batches: 64  Memory Usage: 2415kB
        ->  Seq Scan on title t  (cost=0.00..61283.27 rows=2528527 width=4) (actual time=0.014..1122.646 rows=2528312 loops=1)
Planning time: 2.175 ms
Execution time: 17064.904 ms
