Hash Join  (cost=97102.97..910004.65 rows=349965 width=0) (actual time=5707.937..13185.637 rows=202555 loops=1)
  Hash Cond: (ci.movie_id = t.id)
  ->  Seq Scan on cast_info ci  (cost=0.00..796071.18 rows=492169 width=4) (actual time=3703.929..10664.461 rows=267269 loops=1)
        Filter: ((person_id < 101380) AND (role_id > 2))
        Rows Removed by Filter: 35977075
  ->  Hash  (cost=67604.59..67604.59 rows=1797951 width=4) (actual time=2003.064..2003.064 rows=1793384 loops=1)
        Buckets: 131072  Batches: 32  Memory Usage: 2998kB
        ->  Seq Scan on title t  (cost=0.00..67604.59 rows=1797951 width=4) (actual time=0.055..1395.377 rows=1793384 loops=1)
              Filter: (production_year > 1988)
              Rows Removed by Filter: 734928
Planning time: 0.749 ms
Execution time: 13211.371 ms
