Hash Join  (cost=73949.29..424962.53 rows=942 width=0) (actual time=4405.538..6406.138 rows=2497 loops=1)
  Hash Cond: (mi.movie_id = t.id)
  ->  Seq Scan on movie_info mi  (cost=0.00..346232.03 rows=1272478 width=4) (actual time=3346.818..5144.919 rows=1325361 loops=1)
        Filter: (info_type_id = 8)
        Rows Removed by Filter: 13510359
  ->  Hash  (cost=73925.90..73925.90 rows=1871 width=4) (actual time=1058.510..1058.510 rows=2337 loops=1)
        Buckets: 4096 (originally 2048)  Batches: 1 (originally 1)  Memory Usage: 115kB
        ->  Seq Scan on title t  (cost=0.00..73925.90 rows=1871 width=4) (actual time=0.727..1056.939 rows=2337 loops=1)
              Filter: ((kind_id = 2) AND (production_year = 2000))
              Rows Removed by Filter: 2525975
Planning time: 0.780 ms
Execution time: 6406.710 ms
