Hash Join  (cost=211062.42..1089877.88 rows=1039964 width=0) (actual time=15364.595..17653.879 rows=342776 loops=1)
  Hash Cond: (ci.movie_id = t.id)
  ->  Seq Scan on cast_info ci  (cost=0.00..796071.18 rows=6111372 width=4) (actual time=10443.168..12197.349 rows=788286 loops=1)
        Filter: ((person_id > 2598806) AND (role_id < 3))
        Rows Removed by Filter: 35456058
  ->  Hash  (cost=204002.97..204002.97 rows=430276 width=8) (actual time=4920.327..4920.327 rows=425251 loops=1)
        Buckets: 131072  Batches: 8  Memory Usage: 3127kB
        ->  Hash Join  (cost=102767.86..204002.97 rows=430276 width=8) (actual time=1990.982..4785.804 rows=425251 loops=1)
              Hash Cond: (mk.movie_id = t.id)
              ->  Seq Scan on movie_keyword mk  (cost=0.00..81003.12 rows=430276 width=4) (actual time=0.054..1305.122 rows=425251 loops=1)
                    Filter: (keyword_id > 41113)
                    Rows Removed by Filter: 4098679
              ->  Hash  (cost=61283.27..61283.27 rows=2528527 width=4) (actual time=1988.942..1988.942 rows=2528312 loops=1)
                    Buckets: 131072  Batches: 64  Memory Usage: 2425kB
                    ->  Seq Scan on title t  (cost=0.00..61283.27 rows=2528527 width=4) (actual time=0.018..1142.436 rows=2528312 loops=1)
Planning time: 8.634 ms
Execution time: 17698.231 ms
