Hash Join  (cost=194664.95..1320033.71 rows=7063269 width=0) (actual time=4437.288..42343.780 rows=17992448 loops=1)
  Hash Cond: (ci.movie_id = t.id)
  ->  Seq Scan on cast_info ci  (cost=0.00..705507.15 rows=30002380 width=4) (actual time=0.013..16695.275 rows=30129725 loops=1)
        Filter: (person_id > 590293)
        Rows Removed by Filter: 6114619
  ->  Hash  (cost=184898.01..184898.01 rows=595275 width=8) (actual time=4435.614..4435.614 rows=876235 loops=1)
        Buckets: 131072 (originally 131072)  Batches: 16 (originally 8)  Memory Usage: 3166kB
        ->  Hash Join  (cost=102767.86..184898.01 rows=595275 width=8) (actual time=2049.302..4150.487 rows=876235 loops=1)
              Hash Cond: (mc.movie_id = t.id)
              ->  Seq Scan on movie_companies mc  (cost=0.00..57926.93 rows=595275 width=4) (actual time=144.076..1053.057 rows=876235 loops=1)
                    Filter: ((company_id > 12691) AND (company_type_id > 1))
                    Rows Removed by Filter: 1732894
              ->  Hash  (cost=61283.27..61283.27 rows=2528527 width=4) (actual time=1904.027..1904.027 rows=2528312 loops=1)
                    Buckets: 131072  Batches: 64  Memory Usage: 2415kB
                    ->  Seq Scan on title t  (cost=0.00..61283.27 rows=2528527 width=4) (actual time=0.023..1092.337 rows=2528312 loops=1)
Planning time: 2.222 ms
Execution time: 44371.438 ms
