Seq Scan on cast_info ci  (cost=0.00..705507.15 rows=500 width=0) (actual time=5671.992..11017.560 rows=65 loops=1)
  Filter: (person_id = 2812866)
  Rows Removed by Filter: 36244279
Planning time: 0.348 ms
Execution time: 11017.665 ms
