Seq Scan on movie_keyword mk  (cost=0.00..81003.12 rows=246 width=0) (actual time=3.280..1257.835 rows=402 loops=1)
  Filter: (keyword_id = 3306)
  Rows Removed by Filter: 4523528
Planning time: 0.388 ms
Execution time: 1258.101 ms
