Hash Join  (cost=83810.17..227081.53 rows=1474976 width=0) (actual time=1406.132..5704.527 rows=3246419 loops=1)
  Hash Cond: (mk.movie_id = t.id)
  ->  Seq Scan on movie_keyword mk  (cost=0.00..81003.12 rows=3775858 width=4) (actual time=0.015..1689.732 rows=3770244 loops=1)
        Filter: (keyword_id < 24808)
        Rows Removed by Filter: 753686
  ->  Hash  (cost=67604.59..67604.59 rows=987727 width=4) (actual time=1405.193..1405.193 rows=985048 loops=1)
        Buckets: 131072  Batches: 16  Memory Usage: 3197kB
        ->  Seq Scan on title t  (cost=0.00..67604.59 rows=987727 width=4) (actual time=0.018..1099.276 rows=985048 loops=1)
              Filter: (kind_id < 7)
              Rows Removed by Filter: 1543264
Planning time: 0.755 ms
Execution time: 6092.038 ms
