Hash Join  (cost=160823.02..544375.48 rows=47266 width=0) (actual time=2900.690..9475.252 rows=43736 loops=1)
  Hash Cond: (mi.movie_id = t.id)
  ->  Seq Scan on movie_info mi  (cost=0.00..309384.22 rows=14739122 width=4) (actual time=0.012..4024.608 rows=14835720 loops=1)
  ->  Hash  (cost=160721.67..160721.67 rows=8108 width=8) (actual time=2900.252..2900.252 rows=3524 loops=1)
        Buckets: 8192  Batches: 1  Memory Usage: 202kB
        ->  Hash Join  (cost=73982.55..160721.67 rows=8108 width=8) (actual time=1257.577..2899.038 rows=3524 loops=1)
              Hash Cond: (mk.movie_id = t.id)
              ->  Seq Scan on movie_keyword mk  (cost=0.00..69693.30 rows=4523930 width=4) (actual time=0.017..848.499 rows=4523930 loops=1)
              ->  Hash  (cost=73925.90..73925.90 rows=4532 width=4) (actual time=1251.441..1251.441 rows=7895 loops=1)
                    Buckets: 8192  Batches: 1  Memory Usage: 342kB
                    ->  Seq Scan on title t  (cost=0.00..73925.90 rows=4532 width=4) (actual time=0.058..1247.590 rows=7895 loops=1)
                          Filter: ((kind_id = 7) AND (production_year = 1982))
                          Rows Removed by Filter: 2520417
Planning time: 1.139 ms
Execution time: 9480.859 ms
