Hash Join  (cost=235974.36..844744.36 rows=10359717 width=0) (actual time=5438.892..31915.566 rows=53727577 loops=1)
  Hash Cond: (mi.movie_id = t.id)
  ->  Seq Scan on movie_info mi  (cost=0.00..309384.22 rows=14739122 width=4) (actual time=0.009..5964.368 rows=14835720 loops=1)
  ->  Hash  (cost=206815.97..206815.97 rows=1777231 width=8) (actual time=5437.598..5437.598 rows=1768403 loops=1)
        Buckets: 131072  Batches: 32  Memory Usage: 3223kB
        ->  Hash Join  (cost=102767.86..206815.97 rows=1777231 width=8) (actual time=1894.909..4876.238 rows=1768403 loops=1)
              Hash Cond: (mc.movie_id = t.id)
              ->  Seq Scan on movie_companies mc  (cost=0.00..51404.11 rows=1777231 width=4) (actual time=0.018..1046.347 rows=1768403 loops=1)
                    Filter: (company_id < 26154)
                    Rows Removed by Filter: 840726
              ->  Hash  (cost=61283.27..61283.27 rows=2528527 width=4) (actual time=1893.988..1893.988 rows=2528312 loops=1)
                    Buckets: 131072  Batches: 64  Memory Usage: 2415kB
                    ->  Seq Scan on title t  (cost=0.00..61283.27 rows=2528527 width=4) (actual time=0.018..1077.423 rows=2528312 loops=1)
Planning time: 1.094 ms
Execution time: 38044.017 ms
