Nested Loop  (cost=0.43..709673.15 rows=132 width=0) (actual time=1113.092..11188.879 rows=1 loops=1)
  ->  Seq Scan on cast_info ci  (cost=0.00..705507.15 rows=500 width=4) (actual time=1113.028..11188.803 rows=1 loops=1)
        Filter: (person_id = 3325730)
        Rows Removed by Filter: 36244343
  ->  Index Scan using title_pkey on title t  (cost=0.43..8.32 rows=1 width=4) (actual time=0.056..0.058 rows=1 loops=1)
        Index Cond: (id = ci.movie_id)
        Filter: (kind_id = 1)
Planning time: 0.836 ms
Execution time: 11189.052 ms
