Hash Join  (cost=102767.86..182344.23 rows=760262 width=0) (actual time=2027.058..3952.632 rows=754969 loops=1)
  Hash Cond: (mc.movie_id = t.id)
  ->  Seq Scan on movie_companies mc  (cost=0.00..51404.11 rows=760262 width=4) (actual time=0.022..954.374 rows=754969 loops=1)
        Filter: (company_id < 1487)
        Rows Removed by Filter: 1854160
  ->  Hash  (cost=61283.27..61283.27 rows=2528527 width=4) (actual time=2025.813..2025.813 rows=2528312 loops=1)
        Buckets: 131072  Batches: 64  Memory Usage: 2415kB
        ->  Seq Scan on title t  (cost=0.00..61283.27 rows=2528527 width=4) (actual time=0.025..1181.985 rows=2528312 loops=1)
Planning time: 0.832 ms
Execution time: 4037.495 ms
