Hash Join  (cost=99161.12..735354.38 rows=10521972 width=0) (actual time=1950.150..19653.235 rows=11569119 loops=1)
  Hash Cond: (mi.movie_id = t.id)
  ->  Seq Scan on movie_info mi  (cost=0.00..346232.03 rows=13832302 width=4) (actual time=0.023..7557.091 rows=13867355 loops=1)
        Filter: (info_type_id < 94)
        Rows Removed by Filter: 968365
  ->  Hash  (cost=67604.59..67604.59 rows=1923403 width=4) (actual time=1948.892..1948.892 rows=1922849 loops=1)
        Buckets: 131072  Batches: 32  Memory Usage: 3141kB
        ->  Seq Scan on title t  (cost=0.00..67604.59 rows=1923403 width=4) (actual time=0.016..1324.472 rows=1922849 loops=1)
              Filter: (production_year < 2010)
              Rows Removed by Filter: 605463
Planning time: 0.779 ms
Execution time: 20908.338 ms
