Nested Loop  (cost=0.43..58375.31 rows=21 width=0) (actual time=146.529..844.039 rows=22 loops=1)
  ->  Seq Scan on movie_companies mc  (cost=0.00..57926.93 rows=53 width=4) (actual time=146.472..843.198 rows=22 loops=1)
        Filter: ((company_id = 16190) AND (company_type_id = 2))
        Rows Removed by Filter: 2609107
  ->  Index Scan using title_pkey on title t  (cost=0.43..8.45 rows=1 width=4) (actual time=0.033..0.034 rows=1 loops=22)
        Index Cond: (id = mc.movie_id)
        Filter: (kind_id < 7)
Planning time: 0.779 ms
Execution time: 844.168 ms
