Hash Join  (cost=225270.24..390456.09 rows=3080290 width=0) (actual time=5533.284..15461.013 rows=27568986 loops=1)
  Hash Cond: (mk.movie_id = t.id)
  ->  Seq Scan on movie_keyword mk  (cost=0.00..69693.30 rows=4523930 width=4) (actual time=0.014..1566.951 rows=4523930 loops=1)
  ->  Hash  (cost=197023.69..197023.69 rows=1721644 width=8) (actual time=5532.571..5532.571 rows=1954214 loops=1)
        Buckets: 131072  Batches: 32  Memory Usage: 3445kB
        ->  Hash Join  (cost=94978.31..197023.69 rows=1721644 width=8) (actual time=1708.170..4939.291 rows=1954214 loops=1)
              Hash Cond: (mc.movie_id = t.id)
              ->  Seq Scan on movie_companies mc  (cost=0.00..44881.29 rows=2609129 width=4) (actual time=0.028..958.083 rows=2609129 loops=1)
              ->  Hash  (cost=67604.59..67604.59 rows=1668458 width=4) (actual time=1707.010..1707.010 rows=1671292 loops=1)
                    Buckets: 131072  Batches: 32  Memory Usage: 2858kB
                    ->  Seq Scan on title t  (cost=0.00..67604.59 rows=1668458 width=4) (actual time=0.018..1171.390 rows=1671292 loops=1)
                          Filter: (production_year < 2008)
                          Rows Removed by Filter: 857020
Planning time: 1.243 ms
Execution time: 18430.868 ms
