Hash Join  (cost=74621.78..833386.66 rows=797571 width=0) (actual time=1221.224..22806.089 rows=686102 loops=1)
  Hash Cond: (ci.movie_id = t.id)
  ->  Seq Scan on cast_info ci  (cost=0.00..614943.12 rows=36225612 width=4) (actual time=0.022..9614.546 rows=36244344 loops=1)
  ->  Hash  (cost=73925.90..73925.90 rows=55670 width=4) (actual time=1220.794..1220.794 rows=60828 loops=1)
        Buckets: 65536  Batches: 1  Memory Usage: 2651kB
        ->  Seq Scan on title t  (cost=0.00..73925.90 rows=55670 width=4) (actual time=78.707..1196.741 rows=60828 loops=1)
              Filter: ((production_year < 2007) AND (kind_id = 2))
              Rows Removed by Filter: 2467484
Planning time: 2.819 ms
Execution time: 22908.496 ms
