Hash Join  (cost=157162.81..284681.60 rows=452776 width=0) (actual time=3164.249..6067.846 rows=258209 loops=1)
  Hash Cond: (mk.movie_id = t.id)
  ->  Seq Scan on movie_keyword mk  (cost=0.00..69693.30 rows=4523930 width=4) (actual time=0.012..1389.612 rows=4523930 loops=1)
  ->  Hash  (cost=153010.47..153010.47 rows=253067 width=8) (actual time=3163.030..3163.030 rows=120436 loops=1)
        Buckets: 131072  Batches: 4  Memory Usage: 2201kB
        ->  Hash Join  (cost=81821.64..153010.47 rows=253067 width=8) (actual time=1630.481..3121.951 rows=120436 loops=1)
              Hash Cond: (mc.movie_id = t.id)
              ->  Seq Scan on movie_companies mc  (cost=0.00..51404.11 rows=1329612 width=4) (actual time=239.212..1019.061 rows=1334883 loops=1)
                    Filter: (company_type_id = 2)
                    Rows Removed by Filter: 1274246
              ->  Hash  (cost=73925.90..73925.90 rows=481259 width=4) (actual time=1390.313..1390.313 rows=518327 loops=1)
                    Buckets: 131072  Batches: 8  Memory Usage: 3301kB
                    ->  Seq Scan on title t  (cost=0.00..73925.90 rows=481259 width=4) (actual time=248.922..1225.803 rows=518327 loops=1)
                          Filter: ((production_year > 2007) AND (kind_id = 7))
                          Rows Removed by Filter: 2009985
Planning time: 1.113 ms
Execution time: 6094.605 ms
