Hash Join  (cost=854412.43..995944.95 rows=1603048 width=0) (actual time=16662.281..21422.117 rows=3646980 loops=1)
  Hash Cond: (mk.movie_id = t.id)
  ->  Seq Scan on movie_keyword mk  (cost=0.00..69693.30 rows=4523930 width=4) (actual time=0.018..1462.677 rows=4523930 loops=1)
  ->  Hash  (cost=839712.68..839712.68 rows=895980 width=8) (actual time=16661.512..16661.512 rows=898389 loops=1)
        Buckets: 131072  Batches: 16  Memory Usage: 3222kB
        ->  Hash Join  (cost=102767.86..839712.68 rows=895980 width=8) (actual time=4667.891..16367.013 rows=898389 loops=1)
              Hash Cond: (ci.movie_id = t.id)
              ->  Seq Scan on cast_info ci  (cost=0.00..705507.15 rows=895980 width=4) (actual time=2677.257..13161.317 rows=898389 loops=1)
                    Filter: (role_id = 5)
                    Rows Removed by Filter: 35345955
              ->  Hash  (cost=61283.27..61283.27 rows=2528527 width=4) (actual time=1989.672..1989.672 rows=2528312 loops=1)
                    Buckets: 131072  Batches: 64  Memory Usage: 2415kB
                    ->  Seq Scan on title t  (cost=0.00..61283.27 rows=2528527 width=4) (actual time=0.014..1169.386 rows=2528312 loops=1)
Planning time: 1.165 ms
Execution time: 21867.318 ms
