Hash Join  (cost=174465.07..1349652.87 rows=13763158 width=0) (actual time=4220.754..41531.567 rows=21911013 loops=1)
  Hash Cond: (ci.movie_id = t.id)
  ->  Seq Scan on cast_info ci  (cost=0.00..614943.12 rows=36225612 width=4) (actual time=0.023..13234.680 rows=36244344 loops=1)
  ->  Hash  (cost=158703.80..158703.80 rows=960661 width=8) (actual time=4219.606..4219.606 rows=739611 loops=1)
        Buckets: 131072  Batches: 16  Memory Usage: 2840kB
        ->  Hash Join  (cost=102803.67..158703.80 rows=960661 width=8) (actual time=2159.476..3995.063 rows=739611 loops=1)
              Hash Cond: (mi_idx.movie_id = t.id)
              ->  Seq Scan on movie_info_idx mi_idx  (cost=0.00..21735.35 rows=1380035 width=4) (actual time=0.023..412.011 rows=1380035 loops=1)
              ->  Hash  (cost=73925.90..73925.90 rows=1760141 width=4) (actual time=2158.057..2158.057 rows=1754586 loops=1)
                    Buckets: 131072  Batches: 32  Memory Usage: 2955kB
                    ->  Seq Scan on title t  (cost=0.00..73925.90 rows=1760141 width=4) (actual time=0.013..1587.482 rows=1754586 loops=1)
                          Filter: ((kind_id > 1) AND (production_year < 2013))
                          Rows Removed by Filter: 773726
Planning time: 5.183 ms
Execution time: 44092.362 ms
