Seq Scan on movie_keyword mk  (cost=0.00..81003.12 rows=1381984 width=0) (actual time=0.019..1439.879 rows=1396481 loops=1)
  Filter: (keyword_id < 1885)
  Rows Removed by Filter: 3127449
Planning time: 0.292 ms
Execution time: 1613.051 ms
