Seq Scan on cast_info ci  (cost=0.00..796071.18 rows=113856 width=0) (actual time=10553.088..12539.502 rows=234364 loops=1)
  Filter: ((person_id > 2505175) AND (role_id > 10))
  Rows Removed by Filter: 36009980
Planning time: 0.358 ms
Execution time: 12569.611 ms
