Hash Join  (cost=221490.05..359723.94 rows=1689123 width=0) (actual time=5108.614..11031.379 rows=11689565 loops=1)
  Hash Cond: (mk.movie_id = t.id)
  ->  Seq Scan on movie_keyword mk  (cost=0.00..81003.12 rows=3009211 width=4) (actual time=0.014..1759.292 rows=2993086 loops=1)
        Filter: (keyword_id > 2218)
        Rows Removed by Filter: 1530844
  ->  Hash  (cost=198203.71..198203.71 rows=1419307 width=8) (actual time=5107.634..5107.634 rows=1424415 loops=1)
        Buckets: 131072  Batches: 32  Memory Usage: 2803kB
        ->  Hash Join  (cost=102767.86..198203.71 rows=1419307 width=8) (actual time=2210.199..4726.618 rows=1424415 loops=1)
              Hash Cond: (mc.movie_id = t.id)
              ->  Seq Scan on movie_companies mc  (cost=0.00..51404.11 rows=1419307 width=4) (actual time=0.011..1002.757 rows=1424415 loops=1)
                    Filter: (company_id > 10338)
                    Rows Removed by Filter: 1184714
              ->  Hash  (cost=61283.27..61283.27 rows=2528527 width=4) (actual time=2209.041..2209.041 rows=2528312 loops=1)
                    Buckets: 131072  Batches: 64  Memory Usage: 2415kB
                    ->  Seq Scan on title t  (cost=0.00..61283.27 rows=2528527 width=4) (actual time=0.016..1087.873 rows=2528312 loops=1)
Planning time: 0.783 ms
Execution time: 12255.758 ms
