Hash Join  (cost=102767.86..1012856.78 rows=4327861 width=0) (actual time=5200.094..18161.574 rows=5137493 loops=1)
  Hash Cond: (ci.movie_id = t.id)
  ->  Seq Scan on cast_info ci  (cost=0.00..796071.18 rows=4327861 width=4) (actual time=3136.036..11229.065 rows=5137493 loops=1)
        Filter: ((person_id < 621864) AND (role_id < 4))
        Rows Removed by Filter: 31106851
  ->  Hash  (cost=61283.27..61283.27 rows=2528527 width=4) (actual time=2062.769..2062.769 rows=2528312 loops=1)
        Buckets: 131072  Batches: 64  Memory Usage: 2415kB
        ->  Seq Scan on title t  (cost=0.00..61283.27 rows=2528527 width=4) (actual time=0.013..1214.765 rows=2528312 loops=1)
Planning time: 0.792 ms
Execution time: 18689.355 ms
