Hash Join  (cost=73962.22..163576.20 rows=2630 width=0) (actual time=1073.308..2805.023 rows=13363 loops=1)
  Hash Cond: (mk.movie_id = t.id)
  ->  Seq Scan on movie_keyword mk  (cost=0.00..81003.12 rows=2289215 width=4) (actual time=0.013..1390.045 rows=2289919 loops=1)
        Filter: (keyword_id < 4885)
        Rows Removed by Filter: 2234011
  ->  Hash  (cost=73925.90..73925.90 rows=2905 width=4) (actual time=1070.298..1070.298 rows=2724 loops=1)
        Buckets: 4096  Batches: 1  Memory Usage: 128kB
        ->  Seq Scan on title t  (cost=0.00..73925.90 rows=2905 width=4) (actual time=393.334..1068.873 rows=2724 loops=1)
              Filter: ((kind_id < 7) AND (production_year = 1938))
              Rows Removed by Filter: 2525588
Planning time: 0.591 ms
Execution time: 2806.931 ms
