Hash Join  (cost=1176826.15..2287570.94 rows=47044554 width=0) (actual time=26010.990..72254.731 rows=113544752 loops=1)
  Hash Cond: (mi.movie_id = t.id)
  ->  Seq Scan on movie_info mi  (cost=0.00..309384.22 rows=14739122 width=4) (actual time=0.013..6332.304 rows=14835720 loops=1)
  ->  Hash  (cost=1044417.76..1044417.76 rows=8070591 width=8) (actual time=26009.264..26009.264 rows=7245930 loops=1)
        Buckets: 131072  Batches: 128  Memory Usage: 3287kB
        ->  Hash Join  (cost=94978.31..1044417.76 rows=8070591 width=8) (actual time=1820.285..23560.147 rows=7245930 loops=1)
              Hash Cond: (ci.movie_id = t.id)
              ->  Seq Scan on cast_info ci  (cost=0.00..705507.15 rows=12230878 width=4) (actual time=0.011..12655.797 rows=12314402 loops=1)
                    Filter: (person_id > 2454380)
                    Rows Removed by Filter: 23929942
              ->  Hash  (cost=67604.59..67604.59 rows=1668458 width=4) (actual time=1819.504..1819.504 rows=1671292 loops=1)
                    Buckets: 131072  Batches: 32  Memory Usage: 2858kB
                    ->  Seq Scan on title t  (cost=0.00..67604.59 rows=1668458 width=4) (actual time=0.012..1275.574 rows=1671292 loops=1)
                          Filter: (production_year < 2008)
                          Rows Removed by Filter: 857020
Planning time: 1.024 ms
Execution time: 85173.646 ms
