Hash Join  (cost=263115.61..1832578.56 rows=36133436 width=0) (actual time=6677.635..63599.847 rows=77888483 loops=1)
  Hash Cond: (ci.movie_id = t.id)
  ->  Seq Scan on cast_info ci  (cost=0.00..705507.15 rows=35017191 width=4) (actual time=0.021..16925.406 rows=35138708 loops=1)
        Filter: (person_id > 113313)
        Rows Removed by Filter: 1105636
  ->  Hash  (cost=220309.49..220309.49 rows=2609129 width=8) (actual time=6676.164..6676.164 rows=2609129 loops=1)
        Buckets: 131072  Batches: 64  Memory Usage: 2610kB
        ->  Hash Join  (cost=102767.86..220309.49 rows=2609129 width=8) (actual time=1834.335..5882.220 rows=2609129 loops=1)
              Hash Cond: (mc.movie_id = t.id)
              ->  Seq Scan on movie_companies mc  (cost=0.00..44881.29 rows=2609129 width=4) (actual time=0.017..985.670 rows=2609129 loops=1)
              ->  Hash  (cost=61283.27..61283.27 rows=2528527 width=4) (actual time=1832.504..1832.504 rows=2528312 loops=1)
                    Buckets: 131072  Batches: 64  Memory Usage: 2415kB
                    ->  Seq Scan on title t  (cost=0.00..61283.27 rows=2528527 width=4) (actual time=0.016..969.448 rows=2528312 loops=1)
Planning time: 1.102 ms
Execution time: 72063.859 ms
