Hash Join  (cost=160889.48..252372.08 rows=28838 width=0) (actual time=3856.219..4650.184 rows=11491 loops=1)
  Hash Cond: (mk.movie_id = t.id)
  ->  Seq Scan on movie_keyword mk  (cost=0.00..81003.12 rows=852293 width=4) (actual time=0.023..1330.500 rows=858685 loops=1)
        Filter: (keyword_id > 21399)
        Rows Removed by Filter: 3665245
  ->  Hash  (cost=159485.05..159485.05 rows=85554 width=8) (actual time=2869.987..2869.987 rows=35476 loops=1)
        Buckets: 131072  Batches: 2  Memory Usage: 1727kB
        ->  Hash Join  (cost=92883.59..159485.05 rows=85554 width=8) (actual time=2299.148..2855.781 rows=35476 loops=1)
              Hash Cond: (mc.movie_id = t.id)
              ->  Seq Scan on movie_companies mc  (cost=0.00..57926.93 rows=140398 width=4) (actual time=0.019..856.097 rows=64010 loops=1)
                    Filter: ((company_id < 145) AND (company_type_id > 1))
                    Rows Removed by Filter: 2545119
              ->  Hash  (cost=67604.59..67604.59 rows=1540800 width=4) (actual time=1683.594..1683.594 rows=1543264 loops=1)
                    Buckets: 131072  Batches: 32  Memory Usage: 2722kB
                    ->  Seq Scan on title t  (cost=0.00..67604.59 rows=1540800 width=4) (actual time=0.016..1177.898 rows=1543264 loops=1)
                          Filter: (kind_id = 7)
                          Rows Removed by Filter: 985048
Planning time: 1.081 ms
Execution time: 4652.095 ms
