Hash Join  (cost=98969.27..1077739.66 rows=6502984 width=0) (actual time=1954.415..26391.642 rows=8377222 loops=1)
  Hash Cond: (ci.movie_id = t.id)
  ->  Seq Scan on cast_info ci  (cost=0.00..796071.18 rows=8601072 width=4) (actual time=0.019..14910.466 rows=11118447 loops=1)
        Filter: ((person_id < 1522122) AND (role_id < 3))
        Rows Removed by Filter: 25125897
  ->  Hash  (cost=67604.59..67604.59 rows=1911735 width=4) (actual time=1953.288..1953.288 rows=1903258 loops=1)
        Buckets: 131072  Batches: 32  Memory Usage: 3122kB
        ->  Seq Scan on title t  (cost=0.00..67604.59 rows=1911735 width=4) (actual time=0.017..1312.560 rows=1903258 loops=1)
              Filter: (production_year > 1982)
              Rows Removed by Filter: 625054
Planning time: 0.785 ms
Execution time: 27363.894 ms
