Seq Scan on cast_info ci  (cost=0.00..705507.15 rows=500 width=0) (actual time=9197.206..11369.917 rows=566 loops=1)
  Filter: (person_id = 364044)
  Rows Removed by Filter: 36243778
Planning time: 0.536 ms
Execution time: 11370.100 ms
