Seq Scan on cast_info ci  (cost=0.00..796071.18 rows=9481397 width=0) (actual time=0.026..15101.703 rows=6124274 loops=1)
  Filter: ((person_id > 895311) AND (role_id = 1))
  Rows Removed by Filter: 30120070
Planning time: 0.328 ms
Execution time: 15840.160 ms
