Hash Join  (cost=709678.09..1091457.34 rows=1106 width=0) (actual time=12686.021..17531.345 rows=1 loops=1)
  Hash Cond: (mi.movie_id = t.id)
  ->  Seq Scan on movie_info mi  (cost=0.00..346232.03 rows=9476311 width=4) (actual time=0.025..5682.401 rows=9565151 loops=1)
        Filter: (info_type_id < 16)
        Rows Removed by Filter: 5270569
  ->  Hash  (cost=709674.40..709674.40 rows=295 width=8) (actual time=10576.799..10576.799 rows=1 loops=1)
        Buckets: 1024  Batches: 1  Memory Usage: 9kB
        ->  Nested Loop  (cost=0.43..709674.40 rows=295 width=8) (actual time=1242.663..10576.790 rows=1 loops=1)
              ->  Seq Scan on cast_info ci  (cost=0.00..705507.15 rows=500 width=4) (actual time=1242.447..10576.572 rows=6 loops=1)
                    Filter: (person_id = 1007862)
                    Rows Removed by Filter: 36244338
              ->  Index Scan using title_pkey on title t  (cost=0.43..8.32 rows=1 width=4) (actual time=0.034..0.034 rows=0 loops=6)
                    Index Cond: (id = ci.movie_id)
                    Filter: ((production_year > 1898) AND (kind_id = 7))
                    Rows Removed by Filter: 1
Planning time: 1.308 ms
Execution time: 17531.499 ms
