Hash Join  (cost=347137.88..1617893.20 rows=22756149 width=0) (actual time=7932.453..60604.964 rows=96133638 loops=1)
  Hash Cond: (ci.movie_id = t.id)
  ->  Seq Scan on cast_info ci  (cost=0.00..796071.18 rows=15171020 width=4) (actual time=0.017..17806.346 rows=20023187 loops=1)
        Filter: ((person_id > 1263479) AND (role_id > 1))
        Rows Removed by Filter: 16221157
  ->  Hash  (cost=284912.80..284912.80 rows=3792727 width=8) (actual time=7930.614..7930.614 rows=3784617 loops=1)
        Buckets: 131072  Batches: 64  Memory Usage: 3359kB
        ->  Hash Join  (cost=102767.86..284912.80 rows=3792727 width=8) (actual time=1952.401..6892.362 rows=3784617 loops=1)
              Hash Cond: (mk.movie_id = t.id)
              ->  Seq Scan on movie_keyword mk  (cost=0.00..81003.12 rows=3792727 width=4) (actual time=0.027..1836.024 rows=3784617 loops=1)
                    Filter: (keyword_id < 25433)
                    Rows Removed by Filter: 739313
              ->  Hash  (cost=61283.27..61283.27 rows=2528527 width=4) (actual time=1951.452..1951.452 rows=2528312 loops=1)
                    Buckets: 131072  Batches: 64  Memory Usage: 2425kB
                    ->  Seq Scan on title t  (cost=0.00..61283.27 rows=2528527 width=4) (actual time=0.017..1096.509 rows=2528312 loops=1)
Planning time: 1.223 ms
Execution time: 70840.539 ms
