Hash Join  (cost=58375.41..809165.73 rows=115 width=0) (actual time=872.297..17033.074 rows=1712 loops=1)
  Hash Cond: (ci.movie_id = t.id)
  ->  Seq Scan on cast_info ci  (cost=0.00..614943.12 rows=36225612 width=4) (actual time=0.018..9235.264 rows=36244344 loops=1)
  ->  Hash  (cost=58375.31..58375.31 rows=8 width=8) (actual time=853.110..853.110 rows=77 loops=1)
        Buckets: 1024  Batches: 1  Memory Usage: 12kB
        ->  Nested Loop  (cost=0.43..58375.31 rows=8 width=8) (actual time=8.982..853.052 rows=77 loops=1)
              ->  Seq Scan on movie_companies mc  (cost=0.00..57926.93 rows=53 width=4) (actual time=8.935..850.779 rows=100 loops=1)
                    Filter: ((company_id = 71220) AND (company_type_id = 2))
                    Rows Removed by Filter: 2609029
              ->  Index Scan using title_pkey on title t  (cost=0.43..8.45 rows=1 width=4) (actual time=0.021..0.021 rows=1 loops=100)
                    Index Cond: (id = mc.movie_id)
                    Filter: (production_year > 2010)
                    Rows Removed by Filter: 0
Planning time: 0.658 ms
Execution time: 17033.670 ms
