Hash Join  (cost=102672.11..157754.84 rows=41720 width=0) (actual time=2034.639..3993.290 rows=371122 loops=1)
  Hash Cond: (mc.movie_id = t.id)
  ->  Seq Scan on movie_companies mc  (cost=0.00..44881.29 rows=2609129 width=4) (actual time=0.021..690.320 rows=2609129 loops=1)
  ->  Hash  (cost=102166.71..102166.71 rows=40432 width=8) (actual time=2034.183..2034.183 rows=96522 loops=1)
        Buckets: 131072 (originally 65536)  Batches: 2 (originally 1)  Memory Usage: 3073kB
        ->  Hash Join  (cost=74851.90..102166.71 rows=40432 width=8) (actual time=1124.001..1995.058 rows=96522 loops=1)
              Hash Cond: (mi_idx.movie_id = t.id)
              ->  Seq Scan on movie_info_idx mi_idx  (cost=0.00..21735.35 rows=1380035 width=4) (actual time=0.028..294.056 rows=1380035 loops=1)
              ->  Hash  (cost=73925.90..73925.90 rows=74080 width=4) (actual time=1123.219..1123.219 rows=173895 loops=1)
                    Buckets: 131072 (originally 131072)  Batches: 2 (originally 1)  Memory Usage: 4084kB
                    ->  Seq Scan on title t  (cost=0.00..73925.90 rows=74080 width=4) (actual time=0.418..1058.118 rows=173895 loops=1)
                          Filter: ((kind_id < 7) AND (production_year < 1954))
                          Rows Removed by Filter: 2354417
Planning time: 1.111 ms
Execution time: 4033.759 ms
