Hash Join  (cost=83836.40..153740.24 rows=164642 width=0) (actual time=1568.733..3334.683 rows=305698 loops=1)
  Hash Cond: (mc.movie_id = t.id)
  ->  Seq Scan on movie_companies mc  (cost=0.00..57926.93 rows=689195 width=4) (actual time=233.431..1140.142 rows=945266 loops=1)
        Filter: ((company_id < 12122) AND (company_type_id = 1))
        Rows Removed by Filter: 1663863
  ->  Hash  (cost=73925.90..73925.90 rows=604040 width=4) (actual time=1334.440..1334.440 rows=473357 loops=1)
        Buckets: 131072  Batches: 8  Memory Usage: 3106kB
        ->  Seq Scan on title t  (cost=0.00..73925.90 rows=604040 width=4) (actual time=0.030..1179.062 rows=473357 loops=1)
              Filter: ((kind_id < 4) AND (production_year > 1989))
              Rows Removed by Filter: 2054955
Planning time: 0.600 ms
Execution time: 3373.796 ms
