Hash Join  (cost=228105.02..1375187.69 rows=9884164 width=0) (actual time=4770.738..43131.623 rows=32128891 loops=1)
  Hash Cond: (ci.movie_id = t.id)
  ->  Seq Scan on cast_info ci  (cost=0.00..705507.15 rows=29354102 width=4) (actual time=0.019..16385.162 rows=29292622 loops=1)
        Filter: (person_id < 2969635)
        Rows Removed by Filter: 6951722
  ->  Hash  (cost=214136.40..214136.40 rows=851410 width=8) (actual time=4769.589..4769.589 rows=857420 loops=1)
        Buckets: 131072  Batches: 16  Memory Usage: 3158kB
        ->  Hash Join  (cost=102767.86..214136.40 rows=851410 width=8) (actual time=2101.729..4537.762 rows=857420 loops=1)
              Hash Cond: (mk.movie_id = t.id)
              ->  Seq Scan on movie_keyword mk  (cost=0.00..81003.12 rows=851410 width=4) (actual time=0.027..1409.399 rows=857420 loops=1)
                    Filter: (keyword_id > 21419)
                    Rows Removed by Filter: 3666510
              ->  Hash  (cost=61283.27..61283.27 rows=2528527 width=4) (actual time=2099.841..2099.841 rows=2528312 loops=1)
                    Buckets: 131072  Batches: 64  Memory Usage: 2425kB
                    ->  Seq Scan on title t  (cost=0.00..61283.27 rows=2528527 width=4) (actual time=0.023..1257.226 rows=2528312 loops=1)
Planning time: 1.032 ms
Execution time: 46709.508 ms
