Nested Loop  (cost=0.43..83072.90 rows=30 width=0) (actual time=12.148..1362.310 rows=100 loops=1)
  ->  Seq Scan on movie_keyword mk  (cost=0.00..81003.12 rows=246 width=4) (actual time=0.323..1324.438 rows=807 loops=1)
        Filter: (keyword_id = 13037)
        Rows Removed by Filter: 4523123
  ->  Index Scan using title_pkey on title t  (cost=0.43..8.40 rows=1 width=4) (actual time=0.045..0.045 rows=0 loops=807)
        Index Cond: (id = mk.movie_id)
        Filter: ((kind_id < 7) AND (production_year > 2007))
        Rows Removed by Filter: 1
Planning time: 0.778 ms
Execution time: 1362.524 ms
