Hash Join  (cost=80897.33..1177236.93 rows=6087643 width=0) (actual time=1349.406..31349.919 rows=3480768 loops=1)
  Hash Cond: (ci.movie_id = t.id)
  ->  Seq Scan on cast_info ci  (cost=0.00..614943.12 rows=36225612 width=4) (actual time=0.022..13296.878 rows=36244344 loops=1)
  ->  Hash  (cost=73925.90..73925.90 rows=424914 width=4) (actual time=1346.416..1346.416 rows=287602 loops=1)
        Buckets: 131072  Batches: 8  Memory Usage: 2278kB
        ->  Seq Scan on title t  (cost=0.00..73925.90 rows=424914 width=4) (actual time=0.032..1249.547 rows=287602 loops=1)
              Filter: ((kind_id > 2) AND (production_year < 1986))
              Rows Removed by Filter: 2240710
Planning time: 0.672 ms
Execution time: 31736.994 ms
