Hash Join  (cost=203160.49..1089212.17 rows=3099183 width=0) (actual time=8734.818..34054.439 rows=25246508 loops=1)
  Hash Cond: (ci.movie_id = t.id)
  ->  Seq Scan on cast_info ci  (cost=0.00..705507.15 rows=12726058 width=4) (actual time=3326.481..14633.679 rows=12670688 loops=1)
        Filter: (role_id = 1)
        Rows Removed by Filter: 23573656
  ->  Hash  (cost=193057.33..193057.33 rows=615773 width=8) (actual time=5407.300..5407.300 rows=1342516 loops=1)
        Buckets: 131072 (originally 131072)  Batches: 32 (originally 16)  Memory Usage: 3073kB
        ->  Hash Join  (cost=83810.17..193057.33 rows=615773 width=8) (actual time=1791.475..4705.428 rows=1342516 loops=1)
              Hash Cond: (mk.movie_id = t.id)
              ->  Seq Scan on movie_keyword mk  (cost=0.00..81003.12 rows=1576346 width=4) (actual time=0.036..1691.317 rows=1591580 loops=1)
                    Filter: (keyword_id > 9706)
                    Rows Removed by Filter: 2932350
              ->  Hash  (cost=67604.59..67604.59 rows=987727 width=4) (actual time=1790.646..1790.646 rows=985048 loops=1)
                    Buckets: 131072  Batches: 16  Memory Usage: 3197kB
                    ->  Seq Scan on title t  (cost=0.00..67604.59 rows=987727 width=4) (actual time=0.029..1252.588 rows=985048 loops=1)
                          Filter: (kind_id < 7)
                          Rows Removed by Filter: 1543264
Planning time: 1.150 ms
Execution time: 37036.636 ms
