Nested Loop  (cost=0.43..83072.29 rows=190 width=0) (actual time=2.090..1338.462 rows=6 loops=1)
  ->  Seq Scan on movie_keyword mk  (cost=0.00..81003.12 rows=246 width=4) (actual time=1.967..1337.920 rows=13 loops=1)
        Filter: (keyword_id = 60018)
        Rows Removed by Filter: 4523917
  ->  Index Scan using title_pkey on title t  (cost=0.43..8.40 rows=1 width=4) (actual time=0.038..0.038 rows=0 loops=13)
        Index Cond: (id = mk.movie_id)
        Filter: (production_year > 1979)
        Rows Removed by Filter: 1
Planning time: 0.721 ms
Execution time: 1338.572 ms
