Seq Scan on cast_info ci  (cost=0.00..796071.18 rows=4402475 width=0) (actual time=498.554..11003.870 rows=1881846 loops=1)
  Filter: ((person_id < 649229) AND (role_id > 1))
  Rows Removed by Filter: 34362498
Planning time: 0.326 ms
Execution time: 11241.973 ms
