Hash Join  (cost=124522.10..1184760.14 rows=2573291 width=0) (actual time=3436.234..35907.962 rows=10709319 loops=1)
  Hash Cond: (ci.movie_id = t.id)
  ->  Seq Scan on cast_info ci  (cost=0.00..614943.12 rows=36225612 width=4) (actual time=0.011..13653.848 rows=36244344 loops=1)
  ->  Hash  (cost=121574.92..121574.92 rows=179614 width=8) (actual time=3435.372..3435.372 rows=402421 loops=1)
        Buckets: 131072 (originally 131072)  Batches: 8 (originally 4)  Memory Usage: 3073kB
        ->  Hash Join  (cost=82033.88..121574.92 rows=179614 width=8) (actual time=1433.941..3310.571 rows=402421 loops=1)
              Hash Cond: (mi_idx.movie_id = t.id)
              ->  Seq Scan on movie_info_idx mi_idx  (cost=0.00..25185.44 rows=919057 width=4) (actual time=0.031..535.980 rows=920110 loops=1)
                    Filter: (info_type_id > 99)
                    Rows Removed by Filter: 459925
              ->  Hash  (cost=73925.90..73925.90 rows=494158 width=4) (actual time=1433.254..1433.254 rows=581419 loops=1)
                    Buckets: 131072  Batches: 8  Memory Usage: 3592kB
                    ->  Seq Scan on title t  (cost=0.00..73925.90 rows=494158 width=4) (actual time=0.011..1256.950 rows=581419 loops=1)
                          Filter: ((kind_id < 7) AND (production_year < 2004))
                          Rows Removed by Filter: 1946893
Planning time: 1.211 ms
Execution time: 37115.508 ms
