Hash Join  (cost=82778.48..169487.75 rows=517208 width=0) (actual time=1856.508..3723.303 rows=320370 loops=1)
  Hash Cond: (mc.movie_id = t.id)
  ->  Seq Scan on movie_companies mc  (cost=0.00..51404.11 rows=2423754 width=4) (actual time=0.024..1139.572 rows=2422838 loops=1)
        Filter: (company_id < 118060)
        Rows Removed by Filter: 186291
  ->  Hash  (cost=73925.90..73925.90 rows=539566 width=4) (actual time=1342.381..1342.381 rows=428248 loops=1)
        Buckets: 131072  Batches: 8  Memory Usage: 2890kB
        ->  Seq Scan on title t  (cost=0.00..73925.90 rows=539566 width=4) (actual time=0.031..1195.580 rows=428248 loops=1)
              Filter: ((production_year < 1997) AND (kind_id = 7))
              Rows Removed by Filter: 2100064
Planning time: 0.717 ms
Execution time: 3760.523 ms
