Seq Scan on cast_info ci  (cost=0.00..796071.18 rows=324151 width=0) (actual time=12984.539..14334.432 rows=306720 loops=1)
  Filter: ((person_id > 254221) AND (role_id > 10))
  Rows Removed by Filter: 35937624
Planning time: 0.315 ms
Execution time: 14356.375 ms
