Hash Join  (cost=102965.36..468038.89 rows=41758 width=0) (actual time=1717.322..8855.929 rows=54664 loops=1)
  Hash Cond: (mi.movie_id = t.id)
  ->  Seq Scan on movie_info mi  (cost=0.00..309384.22 rows=14739122 width=4) (actual time=0.010..4257.980 rows=14835720 loops=1)
  ->  Hash  (cost=102875.81..102875.81 rows=7164 width=8) (actual time=1717.100..1717.100 rows=3762 loops=1)
        Buckets: 8192  Batches: 1  Memory Usage: 211kB
        ->  Hash Join  (cost=74172.27..102875.81 rows=7164 width=8) (actual time=1049.063..1715.425 rows=3762 loops=1)
              Hash Cond: (mi_idx.movie_id = t.id)
              ->  Seq Scan on movie_info_idx mi_idx  (cost=0.00..25185.44 rows=919057 width=4) (actual time=0.029..477.593 rows=920110 loops=1)
                    Filter: (info_type_id > 99)
                    Rows Removed by Filter: 459925
              ->  Hash  (cost=73925.90..73925.90 rows=19709 width=4) (actual time=1048.748..1048.748 rows=21028 loops=1)
                    Buckets: 32768  Batches: 1  Memory Usage: 996kB
                    ->  Seq Scan on title t  (cost=0.00..73925.90 rows=19709 width=4) (actual time=0.034..1040.045 rows=21028 loops=1)
                          Filter: ((kind_id < 3) AND (production_year = 2013))
                          Rows Removed by Filter: 2507284
Planning time: 1.231 ms
Execution time: 8864.918 ms
