Seq Scan on movie_companies mc  (cost=0.00..57926.93 rows=51 width=0) (actual time=524.547..968.371 rows=11 loops=1)
  Filter: ((company_type_id < 2) AND (company_id = 10653))
  Rows Removed by Filter: 2609118
Planning time: 1.229 ms
Execution time: 968.468 ms
