Hash Join  (cost=217521.49..1422060.60 rows=16620394 width=0) (actual time=4425.142..42871.416 rows=24446646 loops=1)
  Hash Cond: (ci.movie_id = t.id)
  ->  Seq Scan on cast_info ci  (cost=0.00..614943.12 rows=36225612 width=4) (actual time=0.015..13860.175 rows=36244344 loops=1)
  ->  Hash  (cost=198488.32..198488.32 rows=1160094 width=8) (actual time=4424.498..4424.498 rows=1000139 loops=1)
        Buckets: 131072  Batches: 16  Memory Usage: 3450kB
        ->  Hash Join  (cost=102767.86..198488.32 rows=1160094 width=8) (actual time=1995.885..4155.519 rows=1000139 loops=1)
              Hash Cond: (mc.movie_id = t.id)
              ->  Seq Scan on movie_companies mc  (cost=0.00..57926.93 rows=1160094 width=4) (actual time=61.171..1091.520 rows=1000139 loops=1)
                    Filter: ((company_id < 89927) AND (company_type_id = 2))
                    Rows Removed by Filter: 1608990
              ->  Hash  (cost=61283.27..61283.27 rows=2528527 width=4) (actual time=1933.368..1933.368 rows=2528312 loops=1)
                    Buckets: 131072  Batches: 64  Memory Usage: 2415kB
                    ->  Seq Scan on title t  (cost=0.00..61283.27 rows=2528527 width=4) (actual time=0.018..1108.106 rows=2528312 loops=1)
Planning time: 0.694 ms
Execution time: 45526.311 ms
