Hash Join  (cost=171227.02..305577.86 rows=1013580 width=0) (actual time=3926.287..8584.594 rows=3957513 loops=1)
  Hash Cond: (mk.movie_id = t.id)
  ->  Seq Scan on movie_keyword mk  (cost=0.00..69693.30 rows=4523930 width=4) (actual time=0.013..1422.844 rows=4523930 loops=1)
  ->  Hash  (cost=161932.61..161932.61 rows=566513 width=8) (actual time=3924.919..3924.919 rows=694789 loops=1)
        Buckets: 131072 (originally 131072)  Batches: 16 (originally 8)  Memory Usage: 3073kB
        ->  Hash Join  (cost=85280.32..161932.61 rows=566513 width=8) (actual time=1823.793..3715.365 rows=694789 loops=1)
              Hash Cond: (mc.movie_id = t.id)
              ->  Seq Scan on movie_companies mc  (cost=0.00..51404.11 rows=1329612 width=4) (actual time=196.637..1007.209 rows=1334883 loops=1)
                    Filter: (company_type_id > 1)
                    Rows Removed by Filter: 1274246
              ->  Hash  (cost=67604.59..67604.59 rows=1077339 width=4) (actual time=1625.548..1625.548 rows=1074765 loops=1)
                    Buckets: 131072  Batches: 16  Memory Usage: 3388kB
                    ->  Seq Scan on title t  (cost=0.00..67604.59 rows=1077339 width=4) (actual time=0.020..1290.140 rows=1074765 loops=1)
                          Filter: (production_year < 2001)
                          Rows Removed by Filter: 1453547
Planning time: 1.034 ms
Execution time: 9051.643 ms
