Hash Join  (cost=127888.14..493011.39 rows=46732 width=0) (actual time=2112.843..9328.952 rows=15355 loops=1)
  Hash Cond: (mi.movie_id = t.id)
  ->  Seq Scan on movie_info mi  (cost=0.00..309384.22 rows=14739122 width=4) (actual time=0.022..4350.738 rows=14835720 loops=1)
  ->  Hash  (cost=127787.93..127787.93 rows=8017 width=8) (actual time=2110.748..2110.748 rows=2739 loops=1)
        Buckets: 8192  Batches: 1  Memory Usage: 171kB
        ->  Hash Join  (cost=74434.21..127787.93 rows=8017 width=8) (actual time=1094.686..2109.584 rows=2739 loops=1)
              Hash Cond: (mc.movie_id = t.id)
              ->  Seq Scan on movie_companies mc  (cost=0.00..51404.11 rows=498517 width=4) (actual time=0.020..879.159 rows=500484 loops=1)
                    Filter: (company_id > 74183)
                    Rows Removed by Filter: 2108645
              ->  Hash  (cost=73925.90..73925.90 rows=40664 width=4) (actual time=1093.155..1093.155 rows=40257 loops=1)
                    Buckets: 65536  Batches: 1  Memory Usage: 1928kB
                    ->  Seq Scan on title t  (cost=0.00..73925.90 rows=40664 width=4) (actual time=0.033..1076.164 rows=40257 loops=1)
                          Filter: ((production_year > 2012) AND (kind_id = 7))
                          Rows Removed by Filter: 2488055
Planning time: 1.106 ms
Execution time: 9331.556 ms
