Seq Scan on title t  (cost=0.00..73925.90 rows=43501 width=0) (actual time=0.032..1230.439 rows=39560 loops=1)
  Filter: ((kind_id < 2) AND (production_year = 2012))
  Rows Removed by Filter: 2488752
Planning time: 0.308 ms
Execution time: 1236.062 ms
