Hash Join  (cost=102767.86..190124.41 rows=1083596 width=0) (actual time=2003.744..4150.213 rows=1077651 loops=1)
  Hash Cond: (mc.movie_id = t.id)
  ->  Seq Scan on movie_companies mc  (cost=0.00..51404.11 rows=1083596 width=4) (actual time=0.032..965.319 rows=1077651 loops=1)
        Filter: (company_id < 6893)
        Rows Removed by Filter: 1531478
  ->  Hash  (cost=61283.27..61283.27 rows=2528527 width=4) (actual time=2002.243..2002.243 rows=2528312 loops=1)
        Buckets: 131072  Batches: 64  Memory Usage: 2415kB
        ->  Seq Scan on title t  (cost=0.00..61283.27 rows=2528527 width=4) (actual time=0.011..1115.977 rows=2528312 loops=1)
Planning time: 3.196 ms
Execution time: 4265.745 ms
