Seq Scan on cast_info ci  (cost=0.00..796071.18 rows=6543141 width=0) (actual time=0.025..15908.272 rows=7451053 loops=1)
  Filter: ((person_id > 348065) AND (role_id = 2))
  Rows Removed by Filter: 28793291
Planning time: 0.376 ms
Execution time: 16848.203 ms
