Hash Join  (cost=258220.68..823239.36 rows=7013983 width=0) (actual time=6267.438..37322.932 rows=80424888 loops=1)
  Hash Cond: (mi.movie_id = t.id)
  ->  Seq Scan on movie_info mi  (cost=0.00..346232.03 rows=11115165 width=4) (actual time=0.027..7192.745 rows=11210743 loops=1)
        Filter: (info_type_id > 3)
        Rows Removed by Filter: 3624977
  ->  Hash  (cost=232043.03..232043.03 rows=1595572 width=8) (actual time=6255.380..6255.380 rows=1608748 loops=1)
        Buckets: 131072  Batches: 32  Memory Usage: 3057kB
        ->  Hash Join  (cost=102767.86..232043.03 rows=1595572 width=8) (actual time=2264.551..5732.920 rows=1608748 loops=1)
              Hash Cond: (mk.movie_id = t.id)
              ->  Seq Scan on movie_keyword mk  (cost=0.00..81003.12 rows=1595572 width=4) (actual time=0.024..1477.195 rows=1608748 loops=1)
                    Filter: (keyword_id > 9454)
                    Rows Removed by Filter: 2915182
              ->  Hash  (cost=61283.27..61283.27 rows=2528527 width=4) (actual time=2261.242..2261.242 rows=2528312 loops=1)
                    Buckets: 131072  Batches: 64  Memory Usage: 2425kB
                    ->  Seq Scan on title t  (cost=0.00..61283.27 rows=2528527 width=4) (actual time=0.025..1072.415 rows=2528312 loops=1)
Planning time: 1.205 ms
Execution time: 46422.603 ms
