Hash Join  (cost=83810.17..146378.24 rows=19701 width=0) (actual time=1722.908..2465.269 rows=99699 loops=1)
  Hash Cond: (mc.movie_id = t.id)
  ->  Seq Scan on movie_companies mc  (cost=0.00..57926.93 rows=50433 width=4) (actual time=309.887..797.150 rows=99699 loops=1)
        Filter: ((company_id > 157685) AND (company_type_id > 1))
        Rows Removed by Filter: 2509430
  ->  Hash  (cost=67604.59..67604.59 rows=987727 width=4) (actual time=1412.155..1412.155 rows=985048 loops=1)
        Buckets: 131072  Batches: 16  Memory Usage: 3188kB
        ->  Seq Scan on title t  (cost=0.00..67604.59 rows=987727 width=4) (actual time=0.019..1091.009 rows=985048 loops=1)
              Filter: (kind_id < 7)
              Rows Removed by Filter: 1543264
Planning time: 0.737 ms
Execution time: 2477.537 ms
