Hash Join  (cost=982299.40..1397010.06 rows=2206266 width=0) (actual time=19659.816..26826.669 rows=2935350 loops=1)
  Hash Cond: (mi.movie_id = t.id)
  ->  Seq Scan on movie_info mi  (cost=0.00..346232.03 rows=3068194 width=4) (actual time=1228.903..5683.846 rows=3036719 loops=1)
        Filter: (info_type_id = 16)
        Rows Removed by Filter: 11799001
  ->  Hash  (cost=952468.85..952468.85 rows=1818204 width=8) (actual time=18429.471..18429.471 rows=1883249 loops=1)
        Buckets: 131072  Batches: 32  Memory Usage: 3306kB
        ->  Hash Join  (cost=102767.86..952468.85 rows=1818204 width=8) (actual time=7665.886..17845.899 rows=1883249 loops=1)
              Hash Cond: (ci.movie_id = t.id)
              ->  Seq Scan on cast_info ci  (cost=0.00..796071.18 rows=1818204 width=4) (actual time=5619.482..13793.894 rows=1883249 loops=1)
                    Filter: ((person_id > 1187553) AND (role_id = 4))
                    Rows Removed by Filter: 34361095
              ->  Hash  (cost=61283.27..61283.27 rows=2528527 width=4) (actual time=2044.576..2044.576 rows=2528312 loops=1)
                    Buckets: 131072  Batches: 64  Memory Usage: 2415kB
                    ->  Seq Scan on title t  (cost=0.00..61283.27 rows=2528527 width=4) (actual time=0.028..1186.389 rows=2528312 loops=1)
Planning time: 1.156 ms
Execution time: 27196.494 ms
