Hash Join  (cost=929093.66..1440216.28 rows=2934969 width=0) (actual time=15159.232..29498.901 rows=4566026 loops=1)
  Hash Cond: (mi.movie_id = t.id)
  ->  Seq Scan on movie_info mi  (cost=0.00..309384.22 rows=14739122 width=4) (actual time=0.016..5903.531 rows=14835720 loops=1)
  ->  Hash  (cost=920832.91..920832.91 rows=503500 width=8) (actual time=15158.301..15158.301 rows=459735 loops=1)
        Buckets: 131072  Batches: 8  Memory Usage: 3284kB
        ->  Hash Join  (cost=102767.86..920832.91 rows=503500 width=8) (actual time=8806.397..15031.824 rows=459735 loops=1)
              Hash Cond: (ci.movie_id = t.id)
              ->  Seq Scan on cast_info ci  (cost=0.00..796071.18 rows=503500 width=4) (actual time=6752.569..12201.118 rows=459735 loops=1)
                    Filter: ((person_id < 637543) AND (role_id = 4))
                    Rows Removed by Filter: 35784609
              ->  Hash  (cost=61283.27..61283.27 rows=2528527 width=4) (actual time=2051.843..2051.843 rows=2528312 loops=1)
                    Buckets: 131072  Batches: 64  Memory Usage: 2415kB
                    ->  Seq Scan on title t  (cost=0.00..61283.27 rows=2528527 width=4) (actual time=0.028..1194.976 rows=2528312 loops=1)
Planning time: 1.191 ms
Execution time: 30025.268 ms
