Nested Loop  (cost=0.43..52283.69 rows=104 width=0) (actual time=127.183..805.952 rows=72 loops=1)
  ->  Seq Scan on movie_companies mc  (cost=0.00..51404.11 rows=104 width=4) (actual time=127.064..800.681 rows=72 loops=1)
        Filter: (company_id = 88092)
        Rows Removed by Filter: 2609057
  ->  Index Only Scan using title_pkey on title t  (cost=0.43..8.45 rows=1 width=4) (actual time=0.072..0.072 rows=1 loops=72)
        Index Cond: (id = mc.movie_id)
        Heap Fetches: 72
Planning time: 1.290 ms
Execution time: 806.038 ms
