Hash Join  (cost=69179.59..145898.62 rows=79285 width=0) (actual time=979.978..2877.826 rows=70169 loops=1)
  Hash Cond: (mc.movie_id = t.id)
  ->  Seq Scan on movie_companies mc  (cost=0.00..51404.11 rows=2088285 width=4) (actual time=0.036..1128.455 rows=2087321 loops=1)
        Filter: (company_id > 475)
        Rows Removed by Filter: 521808
  ->  Hash  (cost=67604.59..67604.59 rows=96000 width=4) (actual time=917.304..917.304 rows=95005 loops=1)
        Buckets: 131072  Batches: 2  Memory Usage: 2716kB
        ->  Seq Scan on title t  (cost=0.00..67604.59 rows=96000 width=4) (actual time=0.010..783.041 rows=95005 loops=1)
              Filter: (production_year = 2005)
              Rows Removed by Filter: 2433307
Planning time: 1.069 ms
Execution time: 2887.869 ms
