Hash Join  (cost=154246.38..643239.12 rows=860981 width=0) (actual time=2779.047..13161.628 rows=453545 loops=1)
  Hash Cond: (mi.movie_id = t.id)
  ->  Seq Scan on movie_info mi  (cost=0.00..309384.22 rows=14739122 width=4) (actual time=0.017..5842.281 rows=14835720 loops=1)
  ->  Hash  (cost=151823.09..151823.09 rows=147703 width=8) (actual time=2778.188..2778.188 rows=23754 loops=1)
        Buckets: 131072  Batches: 2  Memory Usage: 1495kB
        ->  Hash Join  (cost=84197.31..151823.09 rows=147703 width=8) (actual time=1723.685..2768.715 rows=23754 loops=1)
              Hash Cond: (mc.movie_id = t.id)
              ->  Seq Scan on movie_companies mc  (cost=0.00..57926.93 rows=369284 width=4) (actual time=58.053..889.634 rows=54951 loops=1)
                    Filter: ((company_id > 35769) AND (company_type_id = 1))
                    Rows Removed by Filter: 2554178
              ->  Hash  (cost=67604.59..67604.59 rows=1011338 width=4) (actual time=1664.360..1664.360 rows=1012920 loops=1)
                    Buckets: 131072  Batches: 16  Memory Usage: 3250kB
                    ->  Seq Scan on title t  (cost=0.00..67604.59 rows=1011338 width=4) (actual time=0.023..1338.386 rows=1012920 loops=1)
                          Filter: (production_year > 2005)
                          Rows Removed by Filter: 1515392
Planning time: 1.246 ms
Execution time: 13211.776 ms
