Seq Scan on cast_info ci  (cost=0.00..796071.18 rows=5309248 width=0) (actual time=3604.404..13822.707 rows=7451973 loops=1)
  Filter: ((person_id < 2726818) AND (role_id = 2))
  Rows Removed by Filter: 28792371
Planning time: 0.427 ms
Execution time: 14604.296 ms
