Hash Join  (cost=160823.02..1009118.29 rows=90995 width=0) (actual time=2892.753..18956.479 rows=118660 loops=1)
  Hash Cond: (ci.movie_id = t.id)
  ->  Seq Scan on cast_info ci  (cost=0.00..705507.15 rows=28375643 width=4) (actual time=0.078..11321.475 rows=28406230 loops=1)
        Filter: (person_id < 2894172)
        Rows Removed by Filter: 7838114
  ->  Hash  (cost=160721.67..160721.67 rows=8108 width=8) (actual time=2883.225..2883.225 rows=5596 loops=1)
        Buckets: 8192  Batches: 1  Memory Usage: 283kB
        ->  Hash Join  (cost=73982.55..160721.67 rows=8108 width=8) (actual time=2144.713..2881.275 rows=5596 loops=1)
              Hash Cond: (mk.movie_id = t.id)
              ->  Seq Scan on movie_keyword mk  (cost=0.00..69693.30 rows=4523930 width=4) (actual time=0.022..881.422 rows=4523930 loops=1)
              ->  Hash  (cost=73925.90..73925.90 rows=4532 width=4) (actual time=1163.207..1163.207 rows=8420 loops=1)
                    Buckets: 16384 (originally 8192)  Batches: 1 (originally 1)  Memory Usage: 425kB
                    ->  Seq Scan on title t  (cost=0.00..73925.90 rows=4532 width=4) (actual time=15.005..1158.850 rows=8420 loops=1)
                          Filter: ((kind_id = 7) AND (production_year = 1966))
                          Rows Removed by Filter: 2519892
Planning time: 1.098 ms
Execution time: 18971.629 ms
