Hash Join  (cost=71408.55..140729.70 rows=77058 width=0) (actual time=1347.227..2731.542 rows=30367 loops=1)
  Hash Cond: (mc.movie_id = t.id)
  ->  Seq Scan on movie_companies mc  (cost=0.00..57926.93 rows=840437 width=4) (actual time=5.744..1087.908 rows=642189 loops=1)
        Filter: ((company_id > 2787) AND (company_type_id = 1))
        Rows Removed by Filter: 1966940
  ->  Hash  (cost=67604.59..67604.59 rows=231837 width=4) (actual time=1340.779..1340.779 rows=231649 loops=1)
        Buckets: 131072  Batches: 4  Memory Usage: 3076kB
        ->  Seq Scan on title t  (cost=0.00..67604.59 rows=231837 width=4) (actual time=0.007..1263.602 rows=231649 loops=1)
              Filter: (production_year > 2011)
              Rows Removed by Filter: 2296663
Planning time: 0.742 ms
Execution time: 2736.049 ms
