Hash Join  (cost=70241.71..1085442.20 rows=1610584 width=0) (actual time=1240.418..27528.291 rows=1834690 loops=1)
  Hash Cond: (ci.movie_id = t.id)
  ->  Seq Scan on cast_info ci  (cost=0.00..705507.15 rows=25336932 width=4) (actual time=0.021..15480.109 rows=25471660 loops=1)
        Filter: (person_id > 1057432)
        Rows Removed by Filter: 10772684
  ->  Hash  (cost=67604.59..67604.59 rows=160730 width=4) (actual time=1239.600..1239.600 rows=160017 loops=1)
        Buckets: 131072  Batches: 4  Memory Usage: 2436kB
        ->  Seq Scan on title t  (cost=0.00..67604.59 rows=160730 width=4) (actual time=0.015..1182.856 rows=160017 loops=1)
              Filter: (production_year = 2011)
              Rows Removed by Filter: 2368295
Planning time: 0.753 ms
Execution time: 27745.524 ms
