Hash Join  (cost=116583.34..176844.31 rows=4485 width=0) (actual time=1476.061..2830.011 rows=12510 loops=1)
  Hash Cond: (mc.movie_id = t.id)
  ->  Seq Scan on movie_companies mc  (cost=0.00..51404.11 rows=2349867 width=4) (actual time=0.021..961.414 rows=2346752 loops=1)
        Filter: (company_id < 98901)
        Rows Removed by Filter: 262377
  ->  Hash  (cost=116523.02..116523.02 rows=4826 width=8) (actual time=1475.712..1475.712 rows=4883 loops=1)
        Buckets: 8192  Batches: 1  Memory Usage: 255kB
        ->  Nested Loop  (cost=0.43..116523.02 rows=4826 width=8) (actual time=0.229..1472.784 rows=4883 loops=1)
              ->  Seq Scan on movie_keyword mk  (cost=0.00..81003.12 rows=4826 width=4) (actual time=0.179..1289.640 rows=4883 loops=1)
                    Filter: (keyword_id = 508)
                    Rows Removed by Filter: 4519047
              ->  Index Only Scan using title_pkey on title t  (cost=0.43..7.35 rows=1 width=4) (actual time=0.036..0.037 rows=1 loops=4883)
                    Index Cond: (id = mk.movie_id)
                    Heap Fetches: 4883
Planning time: 1.137 ms
Execution time: 2832.093 ms
