Hash Join  (cost=148691.77..985283.75 rows=171552 width=0) (actual time=7518.450..15827.926 rows=154120 loops=1)
  Hash Cond: (ci.movie_id = t.id)
  ->  Seq Scan on cast_info ci  (cost=0.00..796071.18 rows=3311810 width=4) (actual time=4365.981..12082.481 rows=1380876 loops=1)
        Filter: ((person_id < 483871) AND (role_id > 1))
        Rows Removed by Filter: 34863468
  ->  Hash  (cost=146542.54..146542.54 rows=130978 width=8) (actual time=3112.920..3112.920 rows=105763 loops=1)
        Buckets: 131072  Batches: 2  Memory Usage: 3093kB
        ->  Hash Join  (cost=69687.24..146542.54 rows=130978 width=8) (actual time=1160.519..3074.741 rows=105763 loops=1)
              Hash Cond: (mc.movie_id = t.id)
              ->  Seq Scan on movie_companies mc  (cost=0.00..44881.29 rows=2609129 width=4) (actual time=0.025..907.359 rows=2609129 loops=1)
              ->  Hash  (cost=67604.59..67604.59 rows=126932 width=4) (actual time=1159.690..1159.690 rows=122861 loops=1)
                    Buckets: 131072  Batches: 2  Memory Usage: 3191kB
                    ->  Seq Scan on title t  (cost=0.00..67604.59 rows=126932 width=4) (actual time=0.020..1110.850 rows=122861 loops=1)
                          Filter: (production_year = 2008)
                          Rows Removed by Filter: 2405451
Planning time: 1.152 ms
Execution time: 15848.988 ms
