Hash Join  (cost=839756.52..1593368.67 rows=3214149 width=0) (actual time=21827.193..39212.540 rows=15585628 loops=1)
  Hash Cond: (mi.movie_id = t.id)
  ->  Seq Scan on movie_info mi  (cost=0.00..309384.22 rows=14739122 width=4) (actual time=0.017..6108.732 rows=14835720 loops=1)
  ->  Hash  (cost=830710.10..830710.10 rows=551394 width=8) (actual time=21826.113..21826.113 rows=462560 loops=1)
        Buckets: 131072  Batches: 8  Memory Usage: 3266kB
        ->  Hash Join  (cost=74406.99..830710.10 rows=551394 width=8) (actual time=1169.319..20570.388 rows=462560 loops=1)
              Hash Cond: (ci.movie_id = t.id)
              ->  Seq Scan on cast_info ci  (cost=0.00..614943.12 rows=36225612 width=4) (actual time=0.010..9565.001 rows=36244344 loops=1)
              ->  Hash  (cost=73925.90..73925.90 rows=38487 width=4) (actual time=1168.958..1168.958 rows=25968 loops=1)
                    Buckets: 65536  Batches: 1  Memory Usage: 1425kB
                    ->  Seq Scan on title t  (cost=0.00..73925.90 rows=38487 width=4) (actual time=0.089..1157.729 rows=25968 loops=1)
                          Filter: ((kind_id < 4) AND (production_year = 2007))
                          Rows Removed by Filter: 2502344
Planning time: 1.183 ms
Execution time: 40973.727 ms
