Hash Join  (cost=75898.18..114716.60 rows=65594 width=0) (actual time=1021.503..1782.407 rows=3129 loops=1)
  Hash Cond: (mi_idx.movie_id = t.id)
  ->  Seq Scan on movie_info_idx mi_idx  (cost=0.00..21735.35 rows=1380035 width=4) (actual time=0.027..449.064 rows=1380035 loops=1)
  ->  Hash  (cost=73925.90..73925.90 rows=120182 width=4) (actual time=916.310..916.310 rows=17916 loops=1)
        Buckets: 131072  Batches: 2  Memory Usage: 1340kB
        ->  Seq Scan on title t  (cost=0.00..73925.90 rows=120182 width=4) (actual time=295.700..908.598 rows=17916 loops=1)
              Filter: ((production_year < 1955) AND (kind_id = 7))
              Rows Removed by Filter: 2510396
Planning time: 3.893 ms
Execution time: 1782.939 ms
