Seq Scan on cast_info ci  (cost=0.00..796071.18 rows=12655802 width=0) (actual time=4099.860..14561.387 rows=6745079 loops=1)
  Filter: ((person_id < 1942790) AND (role_id > 1))
  Rows Removed by Filter: 29499265
Planning time: 0.348 ms
Execution time: 15395.957 ms
