Seq Scan on cast_info ci  (cost=0.00..796071.18 rows=7571704 width=0) (actual time=10920.424..14226.567 rows=2149384 loops=1)
  Filter: ((person_id > 1437602) AND (role_id = 1))
  Rows Removed by Filter: 34094960
Planning time: 0.369 ms
Execution time: 14479.402 ms
