Seq Scan on title t  (cost=0.00..73925.90 rows=844572 width=0) (actual time=0.025..1255.920 rows=760399 loops=1)
  Filter: ((kind_id < 7) AND (production_year > 1964))
  Rows Removed by Filter: 1767913
Planning time: 0.338 ms
Execution time: 1358.093 ms
