Seq Scan on movie_keyword mk  (cost=0.00..81003.12 rows=246 width=0) (actual time=0.740..1294.646 rows=1300 loops=1)
  Filter: (keyword_id = 576)
  Rows Removed by Filter: 4522630
Planning time: 0.254 ms
Execution time: 1295.197 ms
