Hash Join  (cost=79405.47..185311.14 rows=241913 width=0) (actual time=1614.603..4082.050 rows=814279 loops=1)
  Hash Cond: (mk.movie_id = t.id)
  ->  Seq Scan on movie_keyword mk  (cost=0.00..81003.12 rows=1831579 width=4) (actual time=0.028..1588.597 rows=1836895 loops=1)
        Filter: (keyword_id > 7582)
        Rows Removed by Filter: 2687035
  ->  Hash  (cost=73925.90..73925.90 rows=333965 width=4) (actual time=1417.691..1417.691 rows=411522 loops=1)
        Buckets: 131072  Batches: 8  Memory Usage: 2849kB
        ->  Seq Scan on title t  (cost=0.00..73925.90 rows=333965 width=4) (actual time=0.030..1286.790 rows=411522 loops=1)
              Filter: ((production_year < 2004) AND (kind_id = 1))
              Rows Removed by Filter: 2116790
Planning time: 0.729 ms
Execution time: 4184.854 ms
