Seq Scan on movie_keyword mk  (cost=0.00..81003.12 rows=1326183 width=0) (actual time=0.024..1443.208 rows=1341428 loops=1)
  Filter: (keyword_id > 12774)
  Rows Removed by Filter: 3182502
Planning time: 0.308 ms
Execution time: 1609.800 ms
