Seq Scan on cast_info ci  (cost=0.00..705507.15 rows=5725703 width=0) (actual time=791.211..11405.721 rows=5642449 loops=1)
  Filter: (person_id < 545755)
  Rows Removed by Filter: 30601895
Planning time: 0.316 ms
Execution time: 12105.987 ms
