Hash Join  (cost=755530.32..3067529.84 rows=97978927 width=0) (actual time=15488.581..74305.262 rows=95748660 loops=1)
  Hash Cond: (ci.movie_id = t.id)
  ->  Seq Scan on cast_info ci  (cost=0.00..614943.12 rows=36225612 width=4) (actual time=0.019..13876.640 rows=36244344 loops=1)
  ->  Hash  (cost=643329.41..643329.41 rows=6838873 width=8) (actual time=15486.901..15486.901 rows=3979339 loops=1)
        Buckets: 131072  Batches: 128  Memory Usage: 2227kB
        ->  Hash Join  (cost=96651.52..643329.41 rows=6838873 width=8) (actual time=1840.713..14498.081 rows=3979339 loops=1)
              Hash Cond: (mi.movie_id = t.id)
              ->  Seq Scan on movie_info mi  (cost=0.00..346232.03 rows=9767026 width=4) (actual time=0.027..6710.388 rows=9911754 loops=1)
                    Filter: (info_type_id > 4)
                    Rows Removed by Filter: 4923966
              ->  Hash  (cost=67604.59..67604.59 rows=1770475 width=4) (actual time=1835.827..1835.827 rows=1774635 loops=1)
                    Buckets: 131072  Batches: 32  Memory Usage: 2984kB
                    ->  Seq Scan on title t  (cost=0.00..67604.59 rows=1770475 width=4) (actual time=0.021..1256.738 rows=1774635 loops=1)
                          Filter: (kind_id > 2)
                          Rows Removed by Filter: 753677
Planning time: 1.162 ms
Execution time: 84791.506 ms
