Seq Scan on movie_keyword mk  (cost=0.00..81003.12 rows=246 width=12) (actual time=0.758..1743.783 rows=242 loops=1)
  Filter: (keyword_id = 3329)
  Rows Removed by Filter: 4523688
Planning time: 0.364 ms
Execution time: 1743.853 ms
