Seq Scan on cast_info ci  (cost=0.00..705507.15 rows=500 width=0) (actual time=2625.535..9483.735 rows=957 loops=1)
  Filter: (person_id = 2002826)
  Rows Removed by Filter: 36243387
Planning time: 0.345 ms
Execution time: 9483.917 ms
