Seq Scan on cast_info ci  (cost=0.00..796071.18 rows=5516018 width=0) (actual time=5123.600..15506.815 rows=5633887 loops=1)
  Filter: ((person_id > 180997) AND (role_id > 8))
  Rows Removed by Filter: 30610457
Planning time: 0.331 ms
Execution time: 16185.949 ms
