Seq Scan on movie_keyword mk  (cost=0.00..81003.12 rows=246 width=0) (actual time=104.899..477.703 rows=10 loops=1)
  Filter: (keyword_id = 35417)
  Rows Removed by Filter: 4523920
Planning time: 0.247 ms
Execution time: 477.772 ms
