Hash Join  (cost=74146.12..439828.96 rows=102692 width=0) (actual time=976.441..9140.279 rows=196172 loops=1)
  Hash Cond: (mi.movie_id = t.id)
  ->  Seq Scan on movie_info mi  (cost=0.00..309384.22 rows=14739122 width=4) (actual time=0.021..4468.478 rows=14835720 loops=1)
  ->  Hash  (cost=73925.90..73925.90 rows=17617 width=4) (actual time=976.158..976.158 rows=22021 loops=1)
        Buckets: 32768  Batches: 1  Memory Usage: 1031kB
        ->  Seq Scan on title t  (cost=0.00..73925.90 rows=17617 width=4) (actual time=21.939..967.547 rows=22021 loops=1)
              Filter: ((production_year > 2012) AND (kind_id = 1))
              Rows Removed by Filter: 2506291
Planning time: 0.756 ms
Execution time: 9170.563 ms
