Seq Scan on movie_companies mc  (cost=0.00..57926.93 rows=382725 width=0) (actual time=0.022..915.877 rows=66981 loops=1)
  Filter: ((company_id > 31914) AND (company_type_id = 1))
  Rows Removed by Filter: 2542148
Planning time: 0.294 ms
Execution time: 924.490 ms
