Hash Join  (cost=163650.54..1244306.11 rows=4560840 width=0) (actual time=3839.290..37130.854 rows=15196040 loops=1)
  Hash Cond: (ci.movie_id = t.id)
  ->  Seq Scan on cast_info ci  (cost=0.00..614943.12 rows=36225612 width=4) (actual time=0.025..13292.402 rows=36244344 loops=1)
  ->  Hash  (cost=158427.24..158427.24 rows=318344 width=8) (actual time=3838.391..3838.391 rows=420089 loops=1)
        Buckets: 131072  Batches: 8  Memory Usage: 3039kB
        ->  Hash Join  (cost=78988.28..158427.24 rows=318344 width=8) (actual time=1180.944..3722.373 rows=420089 loops=1)
              Hash Cond: (mc.movie_id = t.id)
              ->  Seq Scan on movie_companies mc  (cost=0.00..44881.29 rows=2609129 width=4) (actual time=0.022..958.894 rows=2609129 loops=1)
              ->  Hash  (cost=73925.90..73925.90 rows=308510 width=4) (actual time=1180.123..1180.123 rows=266599 loops=1)
                    Buckets: 131072  Batches: 8  Memory Usage: 2191kB
                    ->  Seq Scan on title t  (cost=0.00..73925.90 rows=308510 width=4) (actual time=0.025..1102.639 rows=266599 loops=1)
                          Filter: ((kind_id < 7) AND (production_year > 2007))
                          Rows Removed by Filter: 2261713
Planning time: 1.108 ms
Execution time: 38872.590 ms
