Seq Scan on movie_keyword mk  (cost=0.00..81003.12 rows=8595 width=0) (actual time=23.591..1337.028 rows=9060 loops=1)
  Filter: (keyword_id = 47)
  Rows Removed by Filter: 4514870
Planning time: 0.330 ms
Execution time: 1338.541 ms
