Hash Join  (cost=95609.53..990283.27 rows=2908964 width=0) (actual time=2760.446..16004.574 rows=1317092 loops=1)
  Hash Cond: (ci.movie_id = t.id)
  ->  Seq Scan on cast_info ci  (cost=0.00..796071.18 rows=5565311 width=4) (actual time=906.550..12211.931 rows=3078487 loops=1)
        Filter: ((person_id > 2989078) AND (role_id < 9))
        Rows Removed by Filter: 33165857
  ->  Hash  (cost=73925.90..73925.90 rows=1321650 width=4) (actual time=1852.962..1852.962 rows=1298128 loops=1)
        Buckets: 131072  Batches: 32  Memory Usage: 2450kB
        ->  Seq Scan on title t  (cost=0.00..73925.90 rows=1321650 width=4) (actual time=0.018..1434.198 rows=1298128 loops=1)
              Filter: ((kind_id > 1) AND (production_year < 2009))
              Rows Removed by Filter: 1230184
Planning time: 0.767 ms
Execution time: 16134.217 ms
