Hash Join  (cost=102803.67..206153.09 rows=1816249 width=0) (actual time=2159.330..5716.519 rows=1264724 loops=1)
  Hash Cond: (mc.movie_id = t.id)
  ->  Seq Scan on movie_companies mc  (cost=0.00..44881.29 rows=2609129 width=4) (actual time=0.027..845.650 rows=2609129 loops=1)
  ->  Hash  (cost=73925.90..73925.90 rows=1760141 width=4) (actual time=2158.095..2158.095 rows=1754586 loops=1)
        Buckets: 131072  Batches: 32  Memory Usage: 2955kB
        ->  Seq Scan on title t  (cost=0.00..73925.90 rows=1760141 width=4) (actual time=0.032..1545.021 rows=1754586 loops=1)
              Filter: ((kind_id > 1) AND (production_year < 2013))
              Rows Removed by Filter: 773726
Planning time: 0.737 ms
Execution time: 5873.552 ms
