Nested Loop  (cost=0.43..83233.98 rows=4262 width=0) (actual time=0.784..905.898 rows=3783 loops=1)
  ->  Seq Scan on movie_companies mc  (cost=0.00..51404.11 rows=4262 width=4) (actual time=0.707..814.747 rows=3783 loops=1)
        Filter: (company_id = 329)
        Rows Removed by Filter: 2605346
  ->  Index Only Scan using title_pkey on title t  (cost=0.43..7.46 rows=1 width=4) (actual time=0.023..0.023 rows=1 loops=3783)
        Index Cond: (id = mc.movie_id)
        Heap Fetches: 3783
Planning time: 1.401 ms
Execution time: 906.952 ms
