Hash Join  (cost=92883.59..908450.65 rows=434319 width=0) (actual time=5352.220..18266.527 rows=363067 loops=1)
  Hash Cond: (ci.movie_id = t.id)
  ->  Seq Scan on cast_info ci  (cost=0.00..796071.18 rows=712738 width=4) (actual time=3525.643..15642.032 rows=773674 loops=1)
        Filter: ((person_id < 3932593) AND (role_id = 6))
        Rows Removed by Filter: 35470670
  ->  Hash  (cost=67604.59..67604.59 rows=1540800 width=4) (actual time=1824.539..1824.539 rows=1543264 loops=1)
        Buckets: 131072  Batches: 32  Memory Usage: 2722kB
        ->  Seq Scan on title t  (cost=0.00..67604.59 rows=1540800 width=4) (actual time=53.854..1328.997 rows=1543264 loops=1)
              Filter: (kind_id = 7)
              Rows Removed by Filter: 985048
Planning time: 0.795 ms
Execution time: 18310.983 ms
