Hash Join  (cost=92883.59..181236.34 rows=42879 width=0) (actual time=2658.437..3298.445 rows=13668 loops=1)
  Hash Cond: (mk.movie_id = t.id)
  ->  Seq Scan on movie_keyword mk  (cost=0.00..81003.12 rows=70367 width=4) (actual time=0.090..1231.159 rows=72592 loops=1)
        Filter: (keyword_id < 66)
        Rows Removed by Filter: 4451338
  ->  Hash  (cost=67604.59..67604.59 rows=1540800 width=4) (actual time=1756.083..1756.083 rows=1543264 loops=1)
        Buckets: 131072  Batches: 32  Memory Usage: 2728kB
        ->  Seq Scan on title t  (cost=0.00..67604.59 rows=1540800 width=4) (actual time=0.020..1234.234 rows=1543264 loops=1)
              Filter: (kind_id = 7)
              Rows Removed by Filter: 985048
Planning time: 0.727 ms
Execution time: 3300.314 ms
