Nested Loop  (cost=0.43..709671.90 rows=500 width=0) (actual time=2211.606..10914.026 rows=16 loops=1)
  ->  Seq Scan on cast_info ci  (cost=0.00..705507.15 rows=500 width=4) (actual time=2211.500..10913.505 rows=16 loops=1)
        Filter: (person_id = 1586865)
        Rows Removed by Filter: 36244328
  ->  Index Only Scan using title_pkey on title t  (cost=0.43..8.32 rows=1 width=4) (actual time=0.028..0.029 rows=1 loops=16)
        Index Cond: (id = ci.movie_id)
        Heap Fetches: 16
Planning time: 0.807 ms
Execution time: 10914.109 ms
