Seq Scan on movie_keyword mk  (cost=0.00..81003.12 rows=246 width=0) (actual time=46.413..1193.380 rows=101 loops=1)
  Filter: (keyword_id = 6797)
  Rows Removed by Filter: 4523829
Planning time: 0.325 ms
Execution time: 1193.532 ms
