Hash Join  (cost=101425.44..188315.61 rows=23213 width=0) (actual time=1757.503..3619.390 rows=282435 loops=1)
  Hash Cond: (mk.movie_id = t.id)
  ->  Seq Scan on movie_keyword mk  (cost=0.00..69693.30 rows=4523930 width=4) (actual time=0.023..939.892 rows=4523930 loops=1)
  ->  Hash  (cost=101263.26..101263.26 rows=12974 width=8) (actual time=1757.249..1757.249 rows=28828 loops=1)
        Buckets: 32768 (originally 16384)  Batches: 1 (originally 1)  Memory Usage: 1383kB
        ->  Hash Join  (cost=74223.04..101263.26 rows=12974 width=8) (actual time=1120.222..1746.558 rows=28828 loops=1)
              Hash Cond: (mi_idx.movie_id = t.id)
              ->  Seq Scan on movie_info_idx mi_idx  (cost=0.00..21735.35 rows=1380035 width=4) (actual time=0.029..307.555 rows=1380035 loops=1)
              ->  Hash  (cost=73925.90..73925.90 rows=23771 width=4) (actual time=1118.234..1118.234 rows=20633 loops=1)
                    Buckets: 32768  Batches: 1  Memory Usage: 982kB
                    ->  Seq Scan on title t  (cost=0.00..73925.90 rows=23771 width=4) (actual time=0.052..1109.049 rows=20633 loops=1)
                          Filter: ((kind_id < 7) AND (production_year = 2002))
                          Rows Removed by Filter: 2507679
Planning time: 1.485 ms
Execution time: 3656.052 ms
