Hash Join  (cost=156487.41..281391.48 rows=573385 width=0) (actual time=3691.146..7471.353 rows=2420446 loops=1)
  Hash Cond: (mk.movie_id = t.id)
  ->  Seq Scan on movie_keyword mk  (cost=0.00..81003.12 rows=3145092 width=4) (actual time=0.020..1786.394 rows=3129446 loops=1)
        Filter: (keyword_id < 12015)
        Rows Removed by Filter: 1394484
  ->  Hash  (cost=148924.19..148924.19 rows=460978 width=8) (actual time=3690.120..3690.120 rows=459925 loops=1)
        Buckets: 131072  Batches: 8  Memory Usage: 3284kB
        ->  Hash Join  (cost=102767.86..148924.19 rows=460978 width=8) (actual time=1950.172..3548.591 rows=459925 loops=1)
              Hash Cond: (mi_idx.movie_id = t.id)
              ->  Seq Scan on movie_info_idx mi_idx  (cost=0.00..25185.44 rows=460978 width=4) (actual time=0.016..502.788 rows=459925 loops=1)
                    Filter: (info_type_id < 100)
                    Rows Removed by Filter: 920110
              ->  Hash  (cost=61283.27..61283.27 rows=2528527 width=4) (actual time=1948.394..1948.394 rows=2528312 loops=1)
                    Buckets: 131072  Batches: 64  Memory Usage: 2415kB
                    ->  Seq Scan on title t  (cost=0.00..61283.27 rows=2528527 width=4) (actual time=0.015..1085.960 rows=2528312 loops=1)
Planning time: 1.138 ms
Execution time: 7763.655 ms
