Hash Join  (cost=70308.29..126120.97 rows=20084 width=0) (actual time=1276.036..2029.471 rows=15940 loops=1)
  Hash Cond: (mc.movie_id = t.id)
  ->  Seq Scan on movie_companies mc  (cost=0.00..51404.11 rows=308194 width=4) (actual time=203.117..798.747 rows=308115 loops=1)
        Filter: (company_id > 92884)
        Rows Removed by Filter: 2301014
  ->  Hash  (cost=67604.59..67604.59 rows=164776 width=4) (actual time=1071.964..1071.964 rows=164307 loops=1)
        Buckets: 131072  Batches: 4  Memory Usage: 2482kB
        ->  Seq Scan on title t  (cost=0.00..67604.59 rows=164776 width=4) (actual time=0.019..1011.772 rows=164307 loops=1)
              Filter: (production_year = 2012)
              Rows Removed by Filter: 2364005
Planning time: 0.758 ms
Execution time: 2031.756 ms
