Seq Scan on movie_companies mc  (cost=0.00..57926.93 rows=51 width=0) (actual time=378.015..917.417 rows=554 loops=1)
  Filter: ((company_type_id < 2) AND (company_id = 16339))
  Rows Removed by Filter: 2608575
Planning time: 0.438 ms
Execution time: 917.674 ms
