Seq Scan on cast_info ci  (cost=0.00..705507.15 rows=500 width=0) (actual time=6639.902..10969.405 rows=217 loops=1)
  Filter: (person_id = 1185850)
  Rows Removed by Filter: 36244127
Planning time: 0.371 ms
Execution time: 10969.527 ms
