Hash Join  (cost=95809.99..192071.99 rows=44557 width=0) (actual time=1691.643..3941.322 rows=232100 loops=1)
  Hash Cond: (mk.movie_id = t.id)
  ->  Seq Scan on movie_keyword mk  (cost=0.00..81003.12 rows=3950215 width=4) (actual time=0.021..1590.385 rows=3947775 loops=1)
        Filter: (keyword_id > 405)
        Rows Removed by Filter: 576155
  ->  Hash  (cost=95453.48..95453.48 rows=28521 width=8) (actual time=1690.962..1690.962 rows=34547 loops=1)
        Buckets: 65536 (originally 32768)  Batches: 1 (originally 1)  Memory Usage: 1862kB
        ->  Hash Join  (cost=68257.79..95453.48 rows=28521 width=8) (actual time=1109.064..1678.094 rows=34547 loops=1)
              Hash Cond: (mi_idx.movie_id = t.id)
              ->  Seq Scan on movie_info_idx mi_idx  (cost=0.00..21735.35 rows=1380035 width=4) (actual time=0.008..223.159 rows=1380035 loops=1)
              ->  Hash  (cost=67604.59..67604.59 rows=52256 width=4) (actual time=1108.715..1108.715 rows=53013 loops=1)
                    Buckets: 65536  Batches: 1  Memory Usage: 2376kB
                    ->  Seq Scan on title t  (cost=0.00..67604.59 rows=52256 width=4) (actual time=0.027..1086.704 rows=53013 loops=1)
                          Filter: (production_year = 2000)
                          Rows Removed by Filter: 2475299
Planning time: 1.198 ms
Execution time: 3970.474 ms
