Hash Join  (cost=129966.08..481137.12 rows=19855 width=0) (actual time=6891.878..23590.885 rows=61388 loops=1)
  Hash Cond: (mi.movie_id = t.id)
  ->  Seq Scan on movie_info mi  (cost=0.00..346232.03 rows=1264125 width=4) (actual time=0.026..16190.617 rows=1288928 loops=1)
        Filter: (info_type_id = 2)
        Rows Removed by Filter: 13546792
  ->  Hash  (cost=129469.66..129469.66 rows=39714 width=8) (actual time=6891.381..6891.381 rows=58771 loops=1)
        Buckets: 65536  Batches: 1  Memory Usage: 2808kB
        ->  Hash Join  (cost=74406.99..129469.66 rows=39714 width=8) (actual time=3513.681..6861.120 rows=58771 loops=1)
              Hash Cond: (mc.movie_id = t.id)
              ->  Seq Scan on movie_companies mc  (cost=0.00..44881.29 rows=2609129 width=4) (actual time=0.014..2450.519 rows=2609129 loops=1)
              ->  Hash  (cost=73925.90..73925.90 rows=38487 width=4) (actual time=3513.324..3513.324 rows=25968 loops=1)
                    Buckets: 65536  Batches: 1  Memory Usage: 1425kB
                    ->  Seq Scan on title t  (cost=0.00..73925.90 rows=38487 width=4) (actual time=0.040..3499.584 rows=25968 loops=1)
                          Filter: ((kind_id < 4) AND (production_year = 2007))
                          Rows Removed by Filter: 2502344
Planning time: 2.727 ms
Execution time: 23600.576 ms
