Hash Join  (cost=146733.53..222496.57 rows=244934 width=0) (actual time=3194.292..5180.226 rows=648741 loops=1)
  Hash Cond: (mc.movie_id = t.id)
  ->  Seq Scan on movie_companies mc  (cost=0.00..51404.11 rows=1776958 width=4) (actual time=0.006..992.270 rows=1783166 loops=1)
        Filter: (company_id > 2020)
        Rows Removed by Filter: 825963
  ->  Hash  (cost=141014.90..141014.90 rows=348530 width=8) (actual time=3192.340..3192.340 rows=342850 loops=1)
        Buckets: 131072  Batches: 8  Memory Usage: 2703kB
        ->  Hash Join  (cost=98969.27..141014.90 rows=348530 width=8) (actual time=1982.199..3098.341 rows=342850 loops=1)
              Hash Cond: (mi_idx.movie_id = t.id)
              ->  Seq Scan on movie_info_idx mi_idx  (cost=0.00..25185.44 rows=460978 width=4) (actual time=0.009..412.060 rows=459925 loops=1)
                    Filter: (info_type_id < 100)
                    Rows Removed by Filter: 920110
              ->  Hash  (cost=67604.59..67604.59 rows=1911735 width=4) (actual time=1980.745..1980.745 rows=1903258 loops=1)
                    Buckets: 131072  Batches: 32  Memory Usage: 3122kB
                    ->  Seq Scan on title t  (cost=0.00..67604.59 rows=1911735 width=4) (actual time=0.021..1374.350 rows=1903258 loops=1)
                          Filter: (production_year > 1982)
                          Rows Removed by Filter: 625054
Planning time: 1.048 ms
Execution time: 5254.062 ms
