Seq Scan on movie_keyword mk  (cost=0.00..81003.12 rows=97503 width=0) (actual time=0.031..3227.130 rows=95512 loops=1)
  Filter: (keyword_id > 83492)
  Rows Removed by Filter: 4428418
Planning time: 0.308 ms
Execution time: 3250.308 ms
