Hash Join  (cost=74401.58..947712.69 rows=298026 width=0) (actual time=3511.495..54924.678 rows=214116 loops=1)
  Hash Cond: (ci.movie_id = t.id)
  ->  Seq Scan on cast_info ci  (cost=0.00..796071.18 rows=19802580 width=4) (actual time=0.020..44924.248 rows=18837407 loops=1)
        Filter: ((person_id > 994945) AND (role_id < 6))
        Rows Removed by Filter: 17406937
  ->  Hash  (cost=73925.90..73925.90 rows=38054 width=4) (actual time=3511.092..3511.092 rows=26139 loops=1)
        Buckets: 65536  Batches: 1  Memory Usage: 1431kB
        ->  Seq Scan on title t  (cost=0.00..73925.90 rows=38054 width=4) (actual time=0.055..3499.417 rows=26139 loops=1)
              Filter: ((kind_id < 3) AND (production_year = 2008))
              Rows Removed by Filter: 2502173
Planning time: 0.812 ms
Execution time: 54970.342 ms
