Hash Join  (cost=74384.42..871379.56 rows=3441 width=0) (actual time=5307.117..36339.038 rows=27186 loops=1)
  Hash Cond: (ci.movie_id = t.id)
  ->  Seq Scan on cast_info ci  (cost=0.00..796071.18 rows=237215 width=4) (actual time=2469.463..32923.467 rows=1852914 loops=1)
        Filter: ((person_id > 3664006) AND (role_id = 10))
        Rows Removed by Filter: 34391430
  ->  Hash  (cost=73925.90..73925.90 rows=36681 width=4) (actual time=2836.792..2836.792 rows=24195 loops=1)
        Buckets: 65536  Batches: 1  Memory Usage: 1363kB
        ->  Seq Scan on title t  (cost=0.00..73925.90 rows=36681 width=4) (actual time=0.450..2825.151 rows=24195 loops=1)
              Filter: ((kind_id < 4) AND (production_year = 2006))
              Rows Removed by Filter: 2504117
Planning time: 0.782 ms
Execution time: 36344.388 ms
