Seq Scan on cast_info ci  (cost=0.00..705507.15 rows=500 width=0) (actual time=2100.613..10084.509 rows=28 loops=1)
  Filter: (person_id = 3026045)
  Rows Removed by Filter: 36244316
Planning time: 1.284 ms
Execution time: 10084.611 ms
