Hash Join  (cost=101074.03..852613.05 rows=74988 width=0) (actual time=4556.175..50092.638 rows=285080 loops=1)
  Hash Cond: (ci.movie_id = t.id)
  ->  Seq Scan on cast_info ci  (cost=0.00..614943.12 rows=36225612 width=4) (actual time=0.027..33835.633 rows=36244344 loops=1)
  ->  Hash  (cost=101008.60..101008.60 rows=5234 width=8) (actual time=4551.176..4551.176 rows=8252 loops=1)
        Buckets: 16384 (originally 8192)  Batches: 1 (originally 1)  Memory Usage: 451kB
        ->  Hash Join  (cost=74045.78..101008.60 rows=5234 width=8) (actual time=3495.051..4547.942 rows=8252 loops=1)
              Hash Cond: (mi_idx.movie_id = t.id)
              ->  Seq Scan on movie_info_idx mi_idx  (cost=0.00..21735.35 rows=1380035 width=4) (actual time=0.007..1051.207 rows=1380035 loops=1)
              ->  Hash  (cost=73925.90..73925.90 rows=9590 width=4) (actual time=3112.463..3112.463 rows=5862 loops=1)
                    Buckets: 16384  Batches: 1  Memory Usage: 335kB
                    ->  Seq Scan on title t  (cost=0.00..73925.90 rows=9590 width=4) (actual time=0.052..3109.657 rows=5862 loops=1)
                          Filter: ((kind_id = 1) AND (production_year = 1996))
                          Rows Removed by Filter: 2522450
Planning time: 2.402 ms
Execution time: 50146.455 ms
