Seq Scan on cast_info ci  (cost=0.00..705507.15 rows=31663554 width=0) (actual time=0.020..42566.073 rows=31648705 loops=1)
  Filter: (person_id < 3225361)
  Rows Removed by Filter: 4595639
Planning time: 0.360 ms
Execution time: 48337.079 ms
