Seq Scan on movie_keyword mk  (cost=0.00..81003.12 rows=1700564 width=0) (actual time=0.025..4348.571 rows=1707940 loops=1)
  Filter: (keyword_id < 2697)
  Rows Removed by Filter: 2815990
Planning time: 0.288 ms
Execution time: 4645.523 ms
