Hash Join  (cost=81711.23..457670.24 rows=389189 width=0) (actual time=6362.560..24581.867 rows=218693 loops=1)
  Hash Cond: (mi.movie_id = t.id)
  ->  Seq Scan on movie_info mi  (cost=0.00..346232.03 rows=2073893 width=4) (actual time=1812.354..18202.505 rows=2091068 loops=1)
        Filter: (info_type_id < 3)
        Rows Removed by Filter: 12744652
  ->  Hash  (cost=73925.90..73925.90 rows=474506 width=4) (actual time=4549.153..4549.153 rows=360459 loops=1)
        Buckets: 131072  Batches: 8  Memory Usage: 2601kB
        ->  Seq Scan on title t  (cost=0.00..73925.90 rows=474506 width=4) (actual time=519.587..3933.704 rows=360459 loops=1)
              Filter: ((production_year < 1994) AND (kind_id = 7))
              Rows Removed by Filter: 2167853
Planning time: 7.153 ms
Execution time: 24626.985 ms
