Hash Join  (cost=429279.17..456292.51 rows=10286 width=0) (actual time=20910.184..21639.179 rows=30108 loops=1)
  Hash Cond: (mi_idx.movie_id = t.id)
  ->  Seq Scan on movie_info_idx mi_idx  (cost=0.00..21735.35 rows=1380035 width=4) (actual time=0.018..1022.606 rows=1380035 loops=1)
  ->  Hash  (cost=429043.60..429043.60 rows=18846 width=8) (actual time=20178.419..20178.419 rows=11409 loops=1)
        Buckets: 32768  Batches: 1  Memory Usage: 702kB
        ->  Hash Join  (cost=75195.76..429043.60 rows=18846 width=8) (actual time=9220.650..20174.280 rows=11409 loops=1)
              Hash Cond: (mi.movie_id = t.id)
              ->  Seq Scan on movie_info mi  (cost=0.00..346232.03 rows=616095 width=4) (actual time=5604.098..16448.469 rows=598457 loops=1)
                    Filter: (info_type_id = 15)
                    Rows Removed by Filter: 14237263
              ->  Hash  (cost=73925.90..73925.90 rows=77348 width=4) (actual time=3480.824..3480.824 rows=84109 loops=1)
                    Buckets: 131072  Batches: 2  Memory Usage: 2515kB
                    ->  Seq Scan on title t  (cost=0.00..73925.90 rows=77348 width=4) (actual time=442.631..3436.846 rows=84109 loops=1)
                          Filter: ((kind_id = 7) AND (production_year = 2008))
                          Rows Removed by Filter: 2444203
Planning time: 1.188 ms
Execution time: 21643.356 ms
