Seq Scan on movie_companies mc  (cost=0.00..57926.93 rows=1119404 width=0) (actual time=890.170..3239.516 rows=919087 loops=1)
  Filter: ((company_id < 80472) AND (company_type_id > 1))
  Rows Removed by Filter: 1690042
Planning time: 0.311 ms
Execution time: 3412.331 ms
