Hash Join  (cost=181033.80..1052800.20 rows=533863 width=0) (actual time=9967.876..59511.705 rows=2116584 loops=1)
  Hash Cond: (ci.movie_id = t.id)
  ->  Seq Scan on cast_info ci  (cost=0.00..705507.15 rows=13884432 width=4) (actual time=0.021..40843.133 rows=14064330 loops=1)
        Filter: (person_id > 2259846)
        Rows Removed by Filter: 22180014
  ->  Hash  (cost=179438.51..179438.51 rows=97223 width=8) (actual time=9966.887..9966.887 rows=144835 loops=1)
        Buckets: 131072  Batches: 2  Memory Usage: 3864kB
        ->  Hash Join  (cost=69283.60..179438.51 rows=97223 width=8) (actual time=3271.594..9902.821 rows=144835 loops=1)
              Hash Cond: (mk.movie_id = t.id)
              ->  Seq Scan on movie_keyword mk  (cost=0.00..81003.12 rows=2402548 width=4) (actual time=0.012..5222.042 rows=2405962 loops=1)
                    Filter: (keyword_id < 5610)
                    Rows Removed by Filter: 2117968
              ->  Hash  (cost=67604.59..67604.59 rows=102321 width=4) (actual time=3270.829..3270.829 rows=100537 loops=1)
                    Buckets: 131072  Batches: 2  Memory Usage: 2803kB
                    ->  Seq Scan on title t  (cost=0.00..67604.59 rows=102321 width=4) (actual time=362.025..3225.685 rows=100537 loops=1)
                          Filter: (kind_id = 3)
                          Rows Removed by Filter: 2427775
Planning time: 1.077 ms
Execution time: 59845.528 ms
