Hash Join  (cost=230170.91..642838.30 rows=2051739 width=0) (actual time=22308.527..32514.455 rows=2060825 loops=1)
  Hash Cond: (mi.movie_id = t.id)
  ->  Seq Scan on movie_info mi  (cost=0.00..346232.03 rows=3068194 width=4) (actual time=10352.859..17758.280 rows=3036719 loops=1)
        Filter: (info_type_id = 16)
        Rows Removed by Filter: 11799001
  ->  Hash  (cost=202430.20..202430.20 rows=1690857 width=8) (actual time=11954.065..11954.065 rows=1195240 loops=1)
        Buckets: 131072  Batches: 32  Memory Usage: 2469kB
        ->  Hash Join  (cost=100809.69..202430.20 rows=1690857 width=8) (actual time=5659.554..11525.654 rows=1195240 loops=1)
              Hash Cond: (mc.movie_id = t.id)
              ->  Seq Scan on movie_companies mc  (cost=0.00..44881.29 rows=2609129 width=4) (actual time=0.023..3379.574 rows=2609129 loops=1)
              ->  Hash  (cost=73925.90..73925.90 rows=1638623 width=4) (actual time=5658.408..5658.408 rows=1629839 loops=1)
                    Buckets: 131072  Batches: 32  Memory Usage: 2813kB
                    ->  Seq Scan on title t  (cost=0.00..73925.90 rows=1638623 width=4) (actual time=0.026..4918.539 rows=1629839 loops=1)
                          Filter: ((kind_id > 1) AND (production_year < 2012))
                          Rows Removed by Filter: 898473
Planning time: 1.138 ms
Execution time: 32811.552 ms
