Nested Loop  (cost=0.43..796536.62 rows=14 width=0) (actual time=2745.086..10765.919 rows=1 loops=1)
  ->  Seq Scan on cast_info ci  (cost=0.00..796071.18 rows=55 width=4) (actual time=2744.970..10765.799 rows=1 loops=1)
        Filter: ((person_id = 20826) AND (role_id = 3))
        Rows Removed by Filter: 36244343
  ->  Index Scan using title_pkey on title t  (cost=0.43..8.45 rows=1 width=4) (actual time=0.067..0.068 rows=1 loops=1)
        Index Cond: (id = ci.movie_id)
        Filter: ((production_year > 1913) AND (kind_id = 1))
Planning time: 0.864 ms
Execution time: 10766.042 ms
