Seq Scan on movie_keyword mk  (cost=0.00..81003.12 rows=246 width=0) (actual time=24.306..3327.356 rows=1705 loops=1)
  Filter: (keyword_id = 4032)
  Rows Removed by Filter: 4522225
Planning time: 0.341 ms
Execution time: 3328.073 ms
