Hash Join  (cost=105689.54..187712.59 rows=899568 width=0) (actual time=2136.774..4277.066 rows=894197 loops=1)
  Hash Cond: (mc.movie_id = t.id)
  ->  Seq Scan on movie_companies mc  (cost=0.00..51404.11 rows=979851 width=4) (actual time=0.020..890.616 rows=991653 loops=1)
        Filter: (company_id > 17018)
        Rows Removed by Filter: 1617476
  ->  Hash  (cost=67604.59..67604.59 rows=2321356 width=4) (actual time=2135.532..2135.532 rows=2315087 loops=1)
        Buckets: 131072  Batches: 32  Memory Usage: 3571kB
        ->  Seq Scan on title t  (cost=0.00..67604.59 rows=2321356 width=4) (actual time=0.017..1361.529 rows=2315087 loops=1)
              Filter: (production_year > 1939)
              Rows Removed by Filter: 213225
Planning time: 0.551 ms
Execution time: 4382.538 ms
