Hash Join  (cost=83074.74..452679.50 rows=606 width=0) (actual time=3567.795..19311.510 rows=13859 loops=1)
  Hash Cond: (mi.movie_id = t.id)
  ->  Seq Scan on movie_info mi  (cost=0.00..346232.03 rows=6231111 width=4) (actual time=0.024..14604.014 rows=6223494 loops=1)
        Filter: (info_type_id > 8)
        Rows Removed by Filter: 8612226
  ->  Hash  (cost=83071.67..83071.67 rows=246 width=8) (actual time=3563.769..3563.769 rows=183 loops=1)
        Buckets: 1024  Batches: 1  Memory Usage: 16kB
        ->  Nested Loop  (cost=0.43..83071.67 rows=246 width=8) (actual time=3.321..3563.540 rows=183 loops=1)
              ->  Seq Scan on movie_keyword mk  (cost=0.00..81003.12 rows=246 width=4) (actual time=3.262..3551.183 rows=183 loops=1)
                    Filter: (keyword_id = 10512)
                    Rows Removed by Filter: 4523747
              ->  Index Only Scan using title_pkey on title t  (cost=0.43..8.40 rows=1 width=4) (actual time=0.063..0.063 rows=1 loops=183)
                    Index Cond: (id = mk.movie_id)
                    Heap Fetches: 183
Planning time: 1.156 ms
Execution time: 19313.965 ms
