Seq Scan on cast_info ci  (cost=0.00..705507.15 rows=28706305 width=0) (actual time=0.018..37544.432 rows=28800915 loops=1)
  Filter: (person_id > 720451)
  Rows Removed by Filter: 7443429
Planning time: 0.287 ms
Execution time: 42851.967 ms
