Hash Join  (cost=107183.38..745948.26 rows=12083471 width=0) (actual time=6080.743..43083.006 rows=12191759 loops=1)
  Hash Cond: (mi.movie_id = t.id)
  ->  Seq Scan on movie_info mi  (cost=0.00..346232.03 rows=12665229 width=4) (actual time=51.869..21204.238 rows=12744652 loops=1)
        Filter: (info_type_id > 2)
        Rows Removed by Filter: 2091068
  ->  Hash  (cost=67604.59..67604.59 rows=2412383 width=4) (actual time=6028.037..6028.037 rows=2404496 loops=1)
        Buckets: 131072  Batches: 32  Memory Usage: 3675kB
        ->  Seq Scan on title t  (cost=0.00..67604.59 rows=2412383 width=4) (actual time=0.024..4692.480 rows=2404496 loops=1)
              Filter: (production_year > 1913)
              Rows Removed by Filter: 123816
Planning time: 11.434 ms
Execution time: 44879.475 ms
