Hash Join  (cost=157513.62..619904.09 rows=596628 width=0) (actual time=10165.477..39609.644 rows=10496563 loops=1)
  Hash Cond: (mi.movie_id = t.id)
  ->  Seq Scan on movie_info mi  (cost=0.00..346232.03 rows=9476311 width=4) (actual time=1943.210..21413.300 rows=9565151 loops=1)
        Filter: (info_type_id < 16)
        Rows Removed by Filter: 5270569
  ->  Hash  (cost=154901.67..154901.67 rows=159196 width=8) (actual time=8221.458..8221.458 rows=381324 loops=1)
        Buckets: 131072 (originally 131072)  Batches: 8 (originally 4)  Memory Usage: 3073kB
        ->  Hash Join  (cost=86252.72..154901.67 rows=159196 width=8) (actual time=4171.941..8074.488 rows=381324 loops=1)
              Hash Cond: (mc.movie_id = t.id)
              ->  Seq Scan on movie_companies mc  (cost=0.00..57926.93 rows=535748 width=4) (actual time=0.027..3110.110 rows=744527 loops=1)
                    Filter: ((company_id < 7093) AND (company_type_id < 2))
                    Rows Removed by Filter: 1864602
              ->  Hash  (cost=73925.90..73925.90 rows=751345 width=4) (actual time=4171.125..4171.125 rows=793943 loops=1)
                    Buckets: 131072  Batches: 16  Memory Usage: 2771kB
                    ->  Seq Scan on title t  (cost=0.00..73925.90 rows=751345 width=4) (actual time=0.010..3843.127 rows=793943 loops=1)
                          Filter: ((kind_id < 7) AND (production_year < 2010))
                          Rows Removed by Filter: 1734369
Planning time: 6.604 ms
Execution time: 41229.592 ms
