Hash Join  (cost=100809.69..227255.56 rows=1311387 width=0) (actual time=5648.718..11977.485 rows=701232 loops=1)
  Hash Cond: (mk.movie_id = t.id)
  ->  Seq Scan on movie_keyword mk  (cost=0.00..81003.12 rows=2023575 width=4) (actual time=0.016..4288.622 rows=2028945 loops=1)
        Filter: (keyword_id > 6081)
        Rows Removed by Filter: 2494985
  ->  Hash  (cost=73925.90..73925.90 rows=1638623 width=4) (actual time=5644.202..5644.202 rows=1629839 loops=1)
        Buckets: 131072  Batches: 32  Memory Usage: 2819kB
        ->  Seq Scan on title t  (cost=0.00..73925.90 rows=1638623 width=4) (actual time=0.021..4761.976 rows=1629839 loops=1)
              Filter: ((kind_id > 1) AND (production_year < 2012))
              Rows Removed by Filter: 898473
Planning time: 0.747 ms
Execution time: 12068.834 ms
