Seq Scan on movie_keyword mk  (cost=0.00..81003.12 rows=246 width=0) (actual time=0.057..4103.510 rows=548 loops=1)
  Filter: (keyword_id = 2049)
  Rows Removed by Filter: 4523382
Planning time: 8.052 ms
Execution time: 4108.687 ms
