Hash Join  (cost=310972.07..1007941.12 rows=16899032 width=0) (actual time=15080.366..91287.257 rows=146968594 loops=1)
  Hash Cond: (mi.movie_id = t.id)
  ->  Seq Scan on movie_info mi  (cost=0.00..309384.22 rows=14739122 width=4) (actual time=0.024..22753.640 rows=14835720 loops=1)
  ->  Hash  (cost=263408.77..263408.77 rows=2899064 width=8) (actual time=15079.085..15079.085 rows=2887159 loops=1)
        Buckets: 131072  Batches: 64  Memory Usage: 2886kB
        ->  Hash Join  (cost=102767.86..263408.77 rows=2899064 width=8) (actual time=5064.368..14085.244 rows=2887159 loops=1)
              Hash Cond: (mk.movie_id = t.id)
              ->  Seq Scan on movie_keyword mk  (cost=0.00..81003.12 rows=2899064 width=4) (actual time=0.032..5192.502 rows=2887159 loops=1)
                    Filter: (keyword_id < 9073)
                    Rows Removed by Filter: 1636771
              ->  Hash  (cost=61283.27..61283.27 rows=2528527 width=4) (actual time=5059.750..5059.750 rows=2528312 loops=1)
                    Buckets: 131072  Batches: 64  Memory Usage: 2425kB
                    ->  Seq Scan on title t  (cost=0.00..61283.27 rows=2528527 width=4) (actual time=0.020..3926.704 rows=2528312 loops=1)
Planning time: 1.093 ms
Execution time: 111883.159 ms
