Hash Join  (cost=175023.44..642866.89 rows=1934068 width=0) (actual time=8970.875..38297.304 rows=10641621 loops=1)
  Hash Cond: (mi.movie_id = t.id)
  ->  Seq Scan on movie_info mi  (cost=0.00..346232.03 rows=8654066 width=4) (actual time=0.010..19615.262 rows=8752291 loops=1)
        Filter: (info_type_id < 11)
        Rows Removed by Filter: 6083429
  ->  Hash  (cost=165751.79..165751.79 rows=565092 width=8) (actual time=8969.847..8969.847 rows=820719 loops=1)
        Buckets: 131072 (originally 131072)  Batches: 16 (originally 8)  Memory Usage: 3073kB
        ->  Hash Join  (cost=82911.34..165751.79 rows=565092 width=8) (actual time=3819.552..8672.740 rows=820719 loops=1)
              Hash Cond: (mc.movie_id = t.id)
              ->  Seq Scan on movie_companies mc  (cost=0.00..44881.29 rows=2609129 width=4) (actual time=0.012..2828.145 rows=2609129 loops=1)
              ->  Hash  (cost=73925.90..73925.90 rows=547635 width=4) (actual time=3816.934..3816.934 rows=423877 loops=1)
                    Buckets: 131072  Batches: 8  Memory Usage: 2886kB
                    ->  Seq Scan on title t  (cost=0.00..73925.90 rows=547635 width=4) (actual time=0.018..3620.369 rows=423877 loops=1)
                          Filter: ((kind_id < 4) AND (production_year > 1995))
                          Rows Removed by Filter: 2104435
Planning time: 1.248 ms
Execution time: 39895.217 ms
