Hash Join  (cost=156355.54..878234.59 rows=17000 width=0) (actual time=19209.971..46680.014 rows=716614 loops=1)
  Hash Cond: (ci.movie_id = t.id)
  ->  Seq Scan on cast_info ci  (cost=0.00..705507.15 rows=4320508 width=4) (actual time=11387.780..37102.710 rows=4323018 loops=1)
        Filter: (role_id = 10)
        Rows Removed by Filter: 31921326
  ->  Hash  (cost=156231.17..156231.17 rows=9949 width=8) (actual time=7821.856..7821.856 rows=47732 loops=1)
        Buckets: 65536 (originally 16384)  Batches: 1 (originally 1)  Memory Usage: 2377kB
        ->  Hash Join  (cost=67764.72..156231.17 rows=9949 width=8) (actual time=2992.144..7793.961 rows=47732 loops=1)
              Hash Cond: (mk.movie_id = t.id)
              ->  Seq Scan on movie_keyword mk  (cost=0.00..81003.12 rows=1963689 width=4) (actual time=0.038..4348.423 rows=1968488 loops=1)
                    Filter: (keyword_id > 6431)
                    Rows Removed by Filter: 2555442
              ->  Hash  (cost=67604.59..67604.59 rows=12811 width=4) (actual time=2991.912..2991.912 rows=12600 loops=1)
                    Buckets: 16384  Batches: 1  Memory Usage: 571kB
                    ->  Seq Scan on title t  (cost=0.00..67604.59 rows=12811 width=4) (actual time=1426.418..2986.599 rows=12600 loops=1)
                          Filter: (kind_id = 6)
                          Rows Removed by Filter: 2515712
Planning time: 16.702 ms
Execution time: 46795.655 ms
