Hash Join  (cost=263115.61..449366.24 rows=4022907 width=0) (actual time=13548.244..30831.946 rows=31076484 loops=1)
  Hash Cond: (mk.movie_id = t.id)
  ->  Seq Scan on movie_keyword mk  (cost=0.00..81003.12 rows=3898630 width=4) (actual time=0.024..5668.124 rows=3900441 loops=1)
        Filter: (keyword_id > 479)
        Rows Removed by Filter: 623489
  ->  Hash  (cost=220309.49..220309.49 rows=2609129 width=8) (actual time=13536.367..13536.367 rows=2609129 loops=1)
        Buckets: 131072  Batches: 64  Memory Usage: 2691kB
        ->  Hash Join  (cost=102767.86..220309.49 rows=2609129 width=8) (actual time=6039.751..12633.994 rows=2609129 loops=1)
              Hash Cond: (mc.movie_id = t.id)
              ->  Seq Scan on movie_companies mc  (cost=0.00..44881.29 rows=2609129 width=4) (actual time=0.018..3398.432 rows=2609129 loops=1)
              ->  Hash  (cost=61283.27..61283.27 rows=2528527 width=4) (actual time=6038.288..6038.288 rows=2528312 loops=1)
                    Buckets: 131072  Batches: 64  Memory Usage: 2415kB
                    ->  Seq Scan on title t  (cost=0.00..61283.27 rows=2528527 width=4) (actual time=0.012..4221.125 rows=2528312 loops=1)
Planning time: 1.205 ms
Execution time: 35201.368 ms
