Seq Scan on movie_keyword mk  (cost=0.00..81003.12 rows=4160156 width=0) (actual time=0.021..5085.704 rows=4164109 loops=1)
  Filter: (keyword_id < 46298)
  Rows Removed by Filter: 359821
Planning time: 0.267 ms
Execution time: 5855.901 ms
