Hash Join  (cost=76690.42..119569.18 rows=302227 width=0) (actual time=4630.148..7777.338 rows=351163 loops=1)
  Hash Cond: (mi_idx.movie_id = t.id)
  ->  Seq Scan on movie_info_idx mi_idx  (cost=0.00..21735.35 rows=1380035 width=4) (actual time=0.020..1583.727 rows=1380035 loops=1)
  ->  Hash  (cost=67604.59..67604.59 rows=553747 width=4) (actual time=4629.454..4629.454 rows=552960 loops=1)
        Buckets: 131072  Batches: 8  Memory Usage: 3445kB
        ->  Seq Scan on title t  (cost=0.00..67604.59 rows=553747 width=4) (actual time=0.019..4216.866 rows=552960 loops=1)
              Filter: (production_year < 1983)
              Rows Removed by Filter: 1975352
Planning time: 0.746 ms
Execution time: 7843.593 ms
