Seq Scan on movie_companies mc  (cost=0.00..51404.11 rows=831961 width=0) (actual time=0.016..3109.169 rows=823981 loops=1)
  Filter: (company_id < 2017)
  Rows Removed by Filter: 1785148
Planning time: 0.383 ms
Execution time: 3249.218 ms
