Hash Join  (cost=425368.61..1176272.54 rows=11474 width=0) (actual time=21425.959..69292.340 rows=47301 loops=1)
  Hash Cond: (ci.movie_id = t.id)
  ->  Seq Scan on cast_info ci  (cost=0.00..614943.12 rows=36225612 width=4) (actual time=0.013..36643.767 rows=36244344 loops=1)
  ->  Hash  (cost=425358.60..425358.60 rows=801 width=8) (actual time=21425.416..21425.416 rows=2459 loops=1)
        Buckets: 4096 (originally 1024)  Batches: 1 (originally 1)  Memory Usage: 129kB
        ->  Hash Join  (cost=67612.84..425358.60 rows=801 width=8) (actual time=8942.541..21421.417 rows=2459 loops=1)
              Hash Cond: (mi.movie_id = t.id)
              ->  Seq Scan on movie_info mi  (cost=0.00..346232.03 rows=3068194 width=4) (actual time=5776.974..17485.326 rows=3036719 loops=1)
                    Filter: (info_type_id = 16)
                    Rows Removed by Filter: 11799001
              ->  Hash  (cost=67604.59..67604.59 rows=660 width=4) (actual time=3162.356..3162.356 rows=3515 loops=1)
                    Buckets: 4096 (originally 1024)  Batches: 1 (originally 1)  Memory Usage: 156kB
                    ->  Seq Scan on title t  (cost=0.00..67604.59 rows=660 width=4) (actual time=0.341..3160.474 rows=3515 loops=1)
                          Filter: (production_year > 2013)
                          Rows Removed by Filter: 2524797
Planning time: 2.131 ms
Execution time: 69308.458 ms
