Hash Join  (cost=97066.09..198745.06 rows=1542676 width=0) (actual time=5851.995..12417.931 rows=1734576 loops=1)
  Hash Cond: (mc.movie_id = t.id)
  ->  Seq Scan on movie_companies mc  (cost=0.00..51404.11 rows=2172220 width=4) (actual time=0.026..3913.981 rows=2167024 loops=1)
        Filter: (company_id < 78024)
        Rows Removed by Filter: 442105
  ->  Hash  (cost=67604.59..67604.59 rows=1795720 width=4) (actual time=5850.865..5850.865 rows=1794153 loops=1)
        Buckets: 131072  Batches: 32  Memory Usage: 2992kB
        ->  Seq Scan on title t  (cost=0.00..67604.59 rows=1795720 width=4) (actual time=0.022..5071.401 rows=1794153 loops=1)
              Filter: (production_year < 2009)
              Rows Removed by Filter: 734159
Planning time: 0.712 ms
Execution time: 12658.509 ms
