Hash Join  (cost=188737.73..306565.20 rows=730377 width=0) (actual time=11725.110..14848.292 rows=354781 loops=1)
  Hash Cond: (mk.movie_id = t.id)
  ->  Seq Scan on movie_keyword mk  (cost=0.00..81003.12 rows=2279352 width=4) (actual time=0.023..4991.810 rows=2279395 loops=1)
        Filter: (keyword_id > 4619)
        Rows Removed by Filter: 2244535
  ->  Hash  (cost=175444.97..175444.97 rows=810221 width=8) (actual time=8275.152..8275.152 rows=400469 loops=1)
        Buckets: 131072  Batches: 16  Memory Usage: 1995kB
        ->  Hash Join  (cost=92883.59..175444.97 rows=810221 width=8) (actual time=4296.003..8141.276 rows=400469 loops=1)
              Hash Cond: (mc.movie_id = t.id)
              ->  Seq Scan on movie_companies mc  (cost=0.00..51404.11 rows=1329612 width=4) (actual time=0.015..2585.204 rows=1334883 loops=1)
                    Filter: (company_type_id = 2)
                    Rows Removed by Filter: 1274246
              ->  Hash  (cost=67604.59..67604.59 rows=1540800 width=4) (actual time=4294.555..4294.555 rows=1543264 loops=1)
                    Buckets: 131072  Batches: 32  Memory Usage: 2722kB
                    ->  Seq Scan on title t  (cost=0.00..67604.59 rows=1540800 width=4) (actual time=597.444..3420.810 rows=1543264 loops=1)
                          Filter: (kind_id = 7)
                          Rows Removed by Filter: 985048
Planning time: 1.177 ms
Execution time: 14901.075 ms
