Seq Scan on movie_keyword mk  (cost=0.00..81003.12 rows=246 width=0) (actual time=138.624..1208.448 rows=24 loops=1)
  Filter: (keyword_id = 14198)
  Rows Removed by Filter: 4523906
Planning time: 0.382 ms
Execution time: 1208.554 ms
