Seq Scan on movie_companies mc  (cost=0.00..51404.11 rows=104 width=0) (actual time=152.958..720.445 rows=17 loops=1)
  Filter: (company_id = 43558)
  Rows Removed by Filter: 2609112
Planning time: 0.370 ms
Execution time: 720.531 ms
