Seq Scan on cast_info ci  (cost=0.00..796071.18 rows=27403240 width=0) (actual time=0.025..17657.456 rows=28808107 loops=1)
  Filter: ((person_id < 3742710) AND (role_id < 8))
  Rows Removed by Filter: 7436237
Planning time: 0.360 ms
Execution time: 21161.079 ms
