Hash Join  (cost=68058.67..865764.70 rows=6032 width=0) (actual time=5047.828..13111.405 rows=5735 loops=1)
  Hash Cond: (ci.movie_id = t.id)
  ->  Seq Scan on cast_info ci  (cost=0.00..796071.18 rows=419874 width=4) (actual time=4023.112..11985.355 rows=376123 loops=1)
        Filter: ((person_id < 529099) AND (role_id = 4))
        Rows Removed by Filter: 35868221
  ->  Hash  (cost=67604.59..67604.59 rows=36327 width=4) (actual time=1024.060..1024.060 rows=36509 loops=1)
        Buckets: 65536  Batches: 1  Memory Usage: 1796kB
        ->  Seq Scan on title t  (cost=0.00..67604.59 rows=36327 width=4) (actual time=0.098..1007.852 rows=36509 loops=1)
              Filter: (production_year = 1996)
              Rows Removed by Filter: 2491803
Planning time: 0.796 ms
Execution time: 13112.613 ms
