Hash Join  (cost=146730.98..1187021.85 rows=6052442 width=0) (actual time=12751.331..66422.075 rows=12288494 loops=1)
  Hash Cond: (ci.movie_id = t.id)
  ->  Seq Scan on cast_info ci  (cost=0.00..705507.15 rows=23499554 width=4) (actual time=5628.989..40138.744 rows=23573656 loops=1)
        Filter: (role_id > 1)
        Rows Removed by Filter: 12670688
  ->  Hash  (cost=136046.53..136046.53 rows=651236 width=8) (actual time=7121.278..7121.278 rows=539725 loops=1)
        Buckets: 131072  Batches: 16  Memory Usage: 2333kB
        ->  Hash Join  (cost=87180.69..136046.53 rows=651236 width=8) (actual time=4305.144..6943.778 rows=539725 loops=1)
              Hash Cond: (mi_idx.movie_id = t.id)
              ->  Seq Scan on movie_info_idx mi_idx  (cost=0.00..21735.35 rows=1380035 width=4) (actual time=0.022..1444.467 rows=1380035 loops=1)
              ->  Hash  (cost=67604.59..67604.59 rows=1193208 width=4) (actual time=4304.088..4304.088 rows=1192518 loops=1)
                    Buckets: 131072  Batches: 16  Memory Usage: 3646kB
                    ->  Seq Scan on title t  (cost=0.00..67604.59 rows=1193208 width=4) (actual time=0.023..3698.368 rows=1192518 loops=1)
                          Filter: (production_year > 2003)
                          Rows Removed by Filter: 1335794
Planning time: 1.282 ms
Execution time: 68014.715 ms
