Hash Join  (cost=189632.99..1421855.77 rows=13512536 width=0) (actual time=12072.697..103868.842 rows=54359466 loops=1)
  Hash Cond: (ci.movie_id = t.id)
  ->  Seq Scan on cast_info ci  (cost=0.00..705507.15 rows=33522739 width=4) (actual time=0.026..50620.588 rows=33583112 loops=1)
        Filter: (person_id > 255251)
        Rows Removed by Filter: 2661232
  ->  Hash  (cost=172910.83..172910.83 rows=1019213 width=8) (actual time=12071.753..12071.753 rows=1891821 loops=1)
        Buckets: 131072 (originally 131072)  Batches: 32 (originally 16)  Memory Usage: 3321kB
        ->  Hash Join  (cost=83810.17..172910.83 rows=1019213 width=8) (actual time=4650.995..11329.323 rows=1891821 loops=1)
              Hash Cond: (mc.movie_id = t.id)
              ->  Seq Scan on movie_companies mc  (cost=0.00..44881.29 rows=2609129 width=4) (actual time=0.010..3609.232 rows=2609129 loops=1)
              ->  Hash  (cost=67604.59..67604.59 rows=987727 width=4) (actual time=4650.114..4650.114 rows=985048 loops=1)
                    Buckets: 131072  Batches: 16  Memory Usage: 3188kB
                    ->  Seq Scan on title t  (cost=0.00..67604.59 rows=987727 width=4) (actual time=0.022..4241.872 rows=985048 loops=1)
                          Filter: (kind_id < 7)
                          Rows Removed by Filter: 1543264
Planning time: 1.244 ms
Execution time: 111178.362 ms
