Hash Join  (cost=170376.05..679059.65 rows=2706368 width=0) (actual time=8141.826..42301.009 rows=25220205 loops=1)
  Hash Cond: (mi.movie_id = t.id)
  ->  Seq Scan on movie_info mi  (cost=0.00..309384.22 rows=14739122 width=4) (actual time=0.012..18713.958 rows=14835720 loops=1)
  ->  Hash  (cost=162758.51..162758.51 rows=464283 width=8) (actual time=8140.777..8140.777 rows=660838 loops=1)
        Buckets: 131072 (originally 131072)  Batches: 16 (originally 8)  Memory Usage: 3073kB
        ->  Hash Join  (cost=81308.15..162758.51 rows=464283 width=8) (actual time=3412.877..7926.659 rows=660838 loops=1)
              Hash Cond: (mc.movie_id = t.id)
              ->  Seq Scan on movie_companies mc  (cost=0.00..44881.29 rows=2609129 width=4) (actual time=0.022..2809.820 rows=2609129 loops=1)
              ->  Hash  (cost=73925.90..73925.90 rows=449940 width=4) (actual time=3412.012..3412.012 rows=352730 loops=1)
                    Buckets: 131072  Batches: 8  Memory Usage: 2571kB
                    ->  Seq Scan on title t  (cost=0.00..73925.90 rows=449940 width=4) (actual time=0.055..3251.064 rows=352730 loops=1)
                          Filter: ((kind_id < 4) AND (production_year > 2001))
                          Rows Removed by Filter: 2175582
Planning time: 9.048 ms
Execution time: 45272.466 ms
