Hash Join  (cost=312420.95..1562757.71 rows=24117116 width=0) (actual time=10689.731..52396.324 rows=77705476 loops=1)
  Hash Cond: (ci.movie_id = t.id)
  ->  Seq Scan on cast_info ci  (cost=0.00..705507.15 rows=20778152 width=4) (actual time=3232.864..14676.893 rows=20924849 loops=1)
        Filter: (person_id > 1509117)
        Rows Removed by Filter: 15319495
  ->  Hash  (cost=264270.31..264270.31 rows=2934851 width=8) (actual time=7456.058..7456.058 rows=2921274 loops=1)
        Buckets: 131072  Batches: 64  Memory Usage: 2827kB
        ->  Hash Join  (cost=102767.86..264270.31 rows=2934851 width=8) (actual time=2042.031..6219.594 rows=2921274 loops=1)
              Hash Cond: (mk.movie_id = t.id)
              ->  Seq Scan on movie_keyword mk  (cost=0.00..81003.12 rows=2934851 width=4) (actual time=0.034..1577.341 rows=2921274 loops=1)
                    Filter: (keyword_id < 9539)
                    Rows Removed by Filter: 1602656
              ->  Hash  (cost=61283.27..61283.27 rows=2528527 width=4) (actual time=2040.470..2040.470 rows=2528312 loops=1)
                    Buckets: 131072  Batches: 64  Memory Usage: 2425kB
                    ->  Seq Scan on title t  (cost=0.00..61283.27 rows=2528527 width=4) (actual time=0.022..1156.090 rows=2528312 loops=1)
Planning time: 1.137 ms
Execution time: 60945.349 ms
