Hash Join  (cost=227571.31..760174.86 rows=5882397 width=0) (actual time=9519.408..25458.301 rows=20283409 loops=1)
  Hash Cond: (mi.movie_id = t.id)
  ->  Seq Scan on movie_info mi  (cost=0.00..346232.03 rows=9476311 width=4) (actual time=0.024..6292.008 rows=9565151 loops=1)
        Filter: (info_type_id < 16)
        Rows Removed by Filter: 5270569
  ->  Hash  (cost=201819.60..201819.60 rows=1569577 width=8) (actual time=9518.177..9518.177 rows=1571969 loops=1)
        Buckets: 131072  Batches: 32  Memory Usage: 2983kB
        ->  Hash Join  (cost=102767.86..201819.60 rows=1569577 width=8) (actual time=4861.382..9059.136 rows=1571969 loops=1)
              Hash Cond: (mc.movie_id = t.id)
              ->  Seq Scan on movie_companies mc  (cost=0.00..51404.11 rows=1569577 width=4) (actual time=0.014..2415.968 rows=1571969 loops=1)
                    Filter: (company_id > 5893)
                    Rows Removed by Filter: 1037160
              ->  Hash  (cost=61283.27..61283.27 rows=2528527 width=4) (actual time=4860.570..4860.570 rows=2528312 loops=1)
                    Buckets: 131072  Batches: 64  Memory Usage: 2415kB
                    ->  Seq Scan on title t  (cost=0.00..61283.27 rows=2528527 width=4) (actual time=0.020..3572.754 rows=2528312 loops=1)
Planning time: 6.691 ms
Execution time: 27419.285 ms
