Seq Scan on movie_companies mc  (cost=0.00..57926.93 rows=396288 width=0) (actual time=298.293..841.012 rows=229176 loops=1)
  Filter: ((company_id < 1615) AND (company_type_id = 2))
  Rows Removed by Filter: 2379953
Planning time: 0.388 ms
Execution time: 870.281 ms
