Hash Join  (cost=83074.74..137742.81 rows=254 width=0) (actual time=1295.589..2466.756 rows=7054 loops=1)
  Hash Cond: (mc.movie_id = t.id)
  ->  Seq Scan on movie_companies mc  (cost=0.00..44881.29 rows=2609129 width=4) (actual time=0.020..661.952 rows=2609129 loops=1)
  ->  Hash  (cost=83071.67..83071.67 rows=246 width=8) (actual time=1295.450..1295.450 rows=1520 loops=1)
        Buckets: 2048 (originally 1024)  Batches: 1 (originally 1)  Memory Usage: 76kB
        ->  Nested Loop  (cost=0.43..83071.67 rows=246 width=8) (actual time=0.154..1294.413 rows=1520 loops=1)
              ->  Seq Scan on movie_keyword mk  (cost=0.00..81003.12 rows=246 width=4) (actual time=0.099..1253.525 rows=1520 loops=1)
                    Filter: (keyword_id = 722)
                    Rows Removed by Filter: 4522410
              ->  Index Only Scan using title_pkey on title t  (cost=0.43..8.40 rows=1 width=4) (actual time=0.025..0.026 rows=1 loops=1520)
                    Index Cond: (id = mk.movie_id)
                    Heap Fetches: 1520
Planning time: 1.259 ms
Execution time: 2468.002 ms
