Hash Join  (cost=208319.60..1379390.93 rows=13362416 width=0) (actual time=4950.939..47765.713 rows=46586427 loops=1)
  Hash Cond: (ci.movie_id = t.id)
  ->  Seq Scan on cast_info ci  (cost=0.00..614943.12 rows=36225612 width=4) (actual time=0.024..13407.614 rows=36244344 loops=1)
  ->  Hash  (cost=193016.99..193016.99 rows=932689 width=8) (actual time=4949.933..4949.933 rows=1236473 loops=1)
        Buckets: 131072  Batches: 16  Memory Usage: 4018kB
        ->  Hash Join  (cost=102767.86..193016.99 rows=932689 width=8) (actual time=1977.122..4588.886 rows=1236473 loops=1)
              Hash Cond: (mc.movie_id = t.id)
              ->  Seq Scan on movie_companies mc  (cost=0.00..57926.93 rows=932689 width=4) (actual time=0.021..1202.418 rows=1236473 loops=1)
                    Filter: ((company_id < 43558) AND (company_type_id = 1))
                    Rows Removed by Filter: 1372656
              ->  Hash  (cost=61283.27..61283.27 rows=2528527 width=4) (actual time=1976.064..1976.064 rows=2528312 loops=1)
                    Buckets: 131072  Batches: 64  Memory Usage: 2415kB
                    ->  Seq Scan on title t  (cost=0.00..61283.27 rows=2528527 width=4) (actual time=0.098..1154.530 rows=2528312 loops=1)
Planning time: 9.892 ms
Execution time: 52733.037 ms
