Seq Scan on cast_info ci  (cost=0.00..796071.18 rows=7383847 width=0) (actual time=1181.921..13074.637 rows=1806743 loops=1)
  Filter: ((person_id > 1488149) AND (role_id < 2))
  Rows Removed by Filter: 34437601
Planning time: 0.343 ms
Execution time: 13291.607 ms
