Hash Join  (cost=102767.86..179645.43 rows=377024 width=0) (actual time=1908.193..3327.393 rows=215265 loops=1)
  Hash Cond: (mc.movie_id = t.id)
  ->  Seq Scan on movie_companies mc  (cost=0.00..57926.93 rows=377024 width=4) (actual time=0.020..891.869 rows=215265 loops=1)
        Filter: ((company_id < 1434) AND (company_type_id > 1))
        Rows Removed by Filter: 2393864
  ->  Hash  (cost=61283.27..61283.27 rows=2528527 width=4) (actual time=1907.109..1907.109 rows=2528312 loops=1)
        Buckets: 131072  Batches: 64  Memory Usage: 2415kB
        ->  Seq Scan on title t  (cost=0.00..61283.27 rows=2528527 width=4) (actual time=0.021..1065.654 rows=2528312 loops=1)
Planning time: 0.988 ms
Execution time: 3350.283 ms
