Hash Join  (cost=73962.22..438787.48 rows=16934 width=0) (actual time=1108.655..8280.527 rows=64551 loops=1)
  Hash Cond: (mi.movie_id = t.id)
  ->  Seq Scan on movie_info mi  (cost=0.00..309384.22 rows=14739122 width=4) (actual time=0.008..4127.207 rows=14835720 loops=1)
  ->  Hash  (cost=73925.90..73925.90 rows=2905 width=4) (actual time=1108.276..1108.276 rows=6198 loops=1)
        Buckets: 8192 (originally 4096)  Batches: 1 (originally 1)  Memory Usage: 282kB
        ->  Seq Scan on title t  (cost=0.00..73925.90 rows=2905 width=4) (actual time=0.070..1105.439 rows=6198 loops=1)
              Filter: ((kind_id < 7) AND (production_year = 1976))
              Rows Removed by Filter: 2522114
Planning time: 0.840 ms
Execution time: 8292.111 ms
