Hash Join  (cost=263115.61..1697712.83 rows=30425510 width=0) (actual time=6082.592..53766.615 rows=65281174 loops=1)
  Hash Cond: (ci.movie_id = t.id)
  ->  Seq Scan on cast_info ci  (cost=0.00..705507.15 rows=29485596 width=4) (actual time=0.025..15865.154 rows=29569654 loops=1)
        Filter: (person_id > 644604)
        Rows Removed by Filter: 6674690
  ->  Hash  (cost=220309.49..220309.49 rows=2609129 width=8) (actual time=6081.265..6081.265 rows=2609129 loops=1)
        Buckets: 131072  Batches: 64  Memory Usage: 2610kB
        ->  Hash Join  (cost=102767.86..220309.49 rows=2609129 width=8) (actual time=1843.780..5322.290 rows=2609129 loops=1)
              Hash Cond: (mc.movie_id = t.id)
              ->  Seq Scan on movie_companies mc  (cost=0.00..44881.29 rows=2609129 width=4) (actual time=0.012..887.758 rows=2609129 loops=1)
              ->  Hash  (cost=61283.27..61283.27 rows=2528527 width=4) (actual time=1842.165..1842.165 rows=2528312 loops=1)
                    Buckets: 131072  Batches: 64  Memory Usage: 2415kB
                    ->  Seq Scan on title t  (cost=0.00..61283.27 rows=2528527 width=4) (actual time=0.021..1022.255 rows=2528312 loops=1)
Planning time: 2.598 ms
Execution time: 60843.532 ms
