Hash Join  (cost=473518.90..610940.47 rows=1265554 width=0) (actual time=9486.185..26405.280 rows=66478590 loops=1)
  Hash Cond: (mk.movie_id = t.id)
  ->  Seq Scan on movie_keyword mk  (cost=0.00..69693.30 rows=4523930 width=4) (actual time=0.021..1498.404 rows=4523930 loops=1)
  ->  Hash  (cost=461913.06..461913.06 rows=707347 width=8) (actual time=9485.334..9485.334 rows=1552421 loops=1)
        Buckets: 131072 (originally 131072)  Batches: 32 (originally 16)  Memory Usage: 3073kB
        ->  Hash Join  (cost=83810.17..461913.06 rows=707347 width=8) (actual time=2314.756..9004.907 rows=1552421 loops=1)
              Hash Cond: (mi.movie_id = t.id)
              ->  Seq Scan on movie_info mi  (cost=0.00..346232.03 rows=1810770 width=4) (actual time=753.336..5661.443 rows=1865632 loops=1)
                    Filter: (info_type_id > 17)
                    Rows Removed by Filter: 12970088
              ->  Hash  (cost=67604.59..67604.59 rows=987727 width=4) (actual time=1560.553..1560.553 rows=985048 loops=1)
                    Buckets: 131072  Batches: 16  Memory Usage: 3197kB
                    ->  Seq Scan on title t  (cost=0.00..67604.59 rows=987727 width=4) (actual time=0.038..1254.009 rows=985048 loops=1)
                          Filter: (kind_id < 7)
                          Rows Removed by Filter: 1543264
Planning time: 1.095 ms
Execution time: 33218.152 ms
