Hash Join  (cost=971425.22..3846403.75 rows=132616475 width=0) (actual time=23667.291..131757.373 rows=263188902 loops=1)
  Hash Cond: (ci.movie_id = t.id)
  ->  Seq Scan on cast_info ci  (cost=0.00..796071.18 rows=26475979 width=4) (actual time=0.025..19701.992 rows=26355867 loops=1)
        Filter: ((person_id > 262196) AND (role_id < 8))
        Rows Removed by Filter: 9888477
  ->  Hash  (cost=763635.85..763635.85 rows=12665229 width=8) (actual time=23663.194..23663.194 rows=12744652 loops=1)
        Buckets: 131072  Batches: 256  Memory Usage: 2954kB
        ->  Hash Join  (cost=102767.86..763635.85 rows=12665229 width=8) (actual time=1996.231..19601.245 rows=12744652 loops=1)
              Hash Cond: (mi.movie_id = t.id)
              ->  Seq Scan on movie_info mi  (cost=0.00..346232.03 rows=12665229 width=4) (actual time=0.020..6943.786 rows=12744652 loops=1)
                    Filter: (info_type_id > 2)
                    Rows Removed by Filter: 2091068
              ->  Hash  (cost=61283.27..61283.27 rows=2528527 width=4) (actual time=1995.049..1995.049 rows=2528312 loops=1)
                    Buckets: 131072  Batches: 64  Memory Usage: 2425kB
                    ->  Seq Scan on title t  (cost=0.00..61283.27 rows=2528527 width=4) (actual time=0.016..1126.519 rows=2528312 loops=1)
Planning time: 1.248 ms
Execution time: 162132.970 ms
