Seq Scan on cast_info ci  (cost=0.00..796071.18 rows=12309847 width=0) (actual time=3027.622..16292.560 rows=11880898 loops=1)
  Filter: ((person_id > 110681) AND (role_id = 1))
  Rows Removed by Filter: 24363446
Planning time: 0.401 ms
Execution time: 17732.868 ms
