Hash Join  (cost=160551.26..507492.99 rows=1697 width=0) (actual time=4014.815..7609.704 rows=426 loops=1)
  Hash Cond: (mi.movie_id = t.id)
  ->  Seq Scan on movie_info mi  (cost=0.00..346232.03 rows=184730 width=4) (actual time=1138.361..4723.176 rows=180112 loops=1)
        Filter: (info_type_id = 13)
        Rows Removed by Filter: 14655608
  ->  Hash  (cost=160260.83..160260.83 rows=23234 width=8) (actual time=2856.578..2856.578 rows=4564 loops=1)
        Buckets: 32768  Batches: 1  Memory Usage: 435kB
        ->  Hash Join  (cost=74539.83..160260.83 rows=23234 width=8) (actual time=1247.987..2854.306 rows=4564 loops=1)
              Hash Cond: (mk.movie_id = t.id)
              ->  Seq Scan on movie_keyword mk  (cost=0.00..81003.12 rows=1196143 width=4) (actual time=0.023..1379.627 rows=1205148 loops=1)
                    Filter: (keyword_id > 15228)
                    Rows Removed by Filter: 3318782
              ->  Hash  (cost=73925.90..73925.90 rows=49114 width=4) (actual time=1246.699..1246.699 rows=45321 loops=1)
                    Buckets: 65536  Batches: 1  Memory Usage: 2106kB
                    ->  Seq Scan on title t  (cost=0.00..73925.90 rows=49114 width=4) (actual time=0.015..1227.498 rows=45321 loops=1)
                          Filter: ((kind_id > 1) AND (production_year > 2012))
                          Rows Removed by Filter: 2482991
Planning time: 2.594 ms
Execution time: 7610.019 ms
