Hash Join  (cost=168501.82..1075303.92 rows=2656883 width=0) (actual time=8098.069..24443.554 rows=3333093 loops=1)
  Hash Cond: (ci.movie_id = t.id)
  ->  Seq Scan on cast_info ci  (cost=0.00..796071.18 rows=6952287 width=4) (actual time=4457.656..16259.076 rows=7451769 loops=1)
        Filter: ((person_id > 163784) AND (role_id = 2))
        Rows Removed by Filter: 28792575
  ->  Hash  (cost=152648.06..152648.06 rows=966301 width=8) (actual time=3639.336..3639.336 rows=637077 loops=1)
        Buckets: 131072  Batches: 16  Memory Usage: 2587kB
        ->  Hash Join  (cost=96651.52..152648.06 rows=966301 width=8) (actual time=1866.643..3462.448 rows=637077 loops=1)
              Hash Cond: (mi_idx.movie_id = t.id)
              ->  Seq Scan on movie_info_idx mi_idx  (cost=0.00..21735.35 rows=1380035 width=4) (actual time=0.039..474.591 rows=1380035 loops=1)
              ->  Hash  (cost=67604.59..67604.59 rows=1770475 width=4) (actual time=1865.015..1865.015 rows=1774635 loops=1)
                    Buckets: 131072  Batches: 32  Memory Usage: 2978kB
                    ->  Seq Scan on title t  (cost=0.00..67604.59 rows=1770475 width=4) (actual time=4.668..1287.150 rows=1774635 loops=1)
                          Filter: (kind_id > 2)
                          Rows Removed by Filter: 753677
Planning time: 1.164 ms
Execution time: 24802.509 ms
