Hash Join  (cost=924813.03..1055484.61 rows=711555 width=0) (actual time=15721.807..23842.620 rows=19490064 loops=1)
  Hash Cond: (mk.movie_id = t.id)
  ->  Seq Scan on movie_keyword mk  (cost=0.00..69693.30 rows=4523930 width=4) (actual time=0.018..1413.307 rows=4523930 loops=1)
  ->  Hash  (cost=918287.73..918287.73 rows=397704 width=8) (actual time=15721.049..15721.049 rows=1528162 loops=1)
        Buckets: 131072 (originally 131072)  Batches: 32 (originally 8)  Memory Usage: 3073kB
        ->  Hash Join  (cost=102767.86..918287.73 rows=397704 width=8) (actual time=5469.607..15246.318 rows=1528162 loops=1)
              Hash Cond: (ci.movie_id = t.id)
              ->  Seq Scan on cast_info ci  (cost=0.00..796071.18 rows=397704 width=4) (actual time=3596.250..11667.100 rows=1528162 loops=1)
                    Filter: ((person_id > 3760137) AND (role_id > 4))
                    Rows Removed by Filter: 34716182
              ->  Hash  (cost=61283.27..61283.27 rows=2528527 width=4) (actual time=1862.330..1862.330 rows=2528312 loops=1)
                    Buckets: 131072  Batches: 64  Memory Usage: 2415kB
                    ->  Seq Scan on title t  (cost=0.00..61283.27 rows=2528527 width=4) (actual time=0.024..1036.382 rows=2528312 loops=1)
Planning time: 2.795 ms
Execution time: 26097.164 ms
