Hash Join  (cost=795272.90..1179976.49 rows=162376 width=0) (actual time=15718.008..24533.153 rows=726639 loops=1)
  Hash Cond: (mi.movie_id = t.id)
  ->  Seq Scan on movie_info mi  (cost=0.00..309384.22 rows=14739122 width=4) (actual time=0.022..4616.269 rows=14835720 loops=1)
  ->  Hash  (cost=794924.70..794924.70 rows=27856 width=8) (actual time=15536.161..15536.161 rows=66738 loops=1)
        Buckets: 131072 (originally 32768)  Batches: 1 (originally 1)  Memory Usage: 3631kB
        ->  Hash Join  (cost=74146.12..794924.70 rows=27856 width=8) (actual time=5340.859..15504.434 rows=66738 loops=1)
              Hash Cond: (ci.movie_id = t.id)
              ->  Seq Scan on cast_info ci  (cost=0.00..705507.15 rows=3998100 width=4) (actual time=4313.094..13492.970 rows=4008037 loops=1)
                    Filter: (role_id = 3)
                    Rows Removed by Filter: 32236307
              ->  Hash  (cost=73925.90..73925.90 rows=17617 width=4) (actual time=1027.463..1027.463 rows=22021 loops=1)
                    Buckets: 32768  Batches: 1  Memory Usage: 1031kB
                    ->  Seq Scan on title t  (cost=0.00..73925.90 rows=17617 width=4) (actual time=177.852..1018.580 rows=22021 loops=1)
                          Filter: ((production_year > 2012) AND (kind_id = 1))
                          Rows Removed by Filter: 2506291
Planning time: 1.180 ms
Execution time: 24629.903 ms
