Hash Join  (cost=130617.62..882340.47 rows=93368 width=0) (actual time=2150.555..18618.245 rows=278109 loops=1)
  Hash Cond: (ci.movie_id = t.id)
  ->  Seq Scan on cast_info ci  (cost=0.00..614943.12 rows=36225612 width=4) (actual time=0.023..8243.918 rows=36244344 loops=1)
  ->  Hash  (cost=130536.16..130536.16 rows=6517 width=8) (actual time=2150.369..2150.369 rows=7443 loops=1)
        Buckets: 8192  Batches: 1  Memory Usage: 355kB
        ->  Hash Join  (cost=74080.83..130536.16 rows=6517 width=8) (actual time=1615.729..2147.375 rows=7443 loops=1)
              Hash Cond: (mc.movie_id = t.id)
              ->  Seq Scan on movie_companies mc  (cost=0.00..51404.11 rows=1329612 width=4) (actual time=265.003..855.513 rows=1334883 loops=1)
                    Filter: (company_type_id = 2)
                    Rows Removed by Filter: 1274246
              ->  Hash  (cost=73925.90..73925.90 rows=12394 width=4) (actual time=1075.737..1075.737 rows=7075 loops=1)
                    Buckets: 16384  Batches: 1  Memory Usage: 377kB
                    ->  Seq Scan on title t  (cost=0.00..73925.90 rows=12394 width=4) (actual time=244.893..1072.476 rows=7075 loops=1)
                          Filter: ((kind_id = 1) AND (production_year = 1998))
                          Rows Removed by Filter: 2521237
Planning time: 1.245 ms
Execution time: 18662.739 ms
