Hash Join  (cost=257845.09..841985.13 rows=8051421 width=0) (actual time=7878.945..69769.180 rows=210337782 loops=1)
  Hash Cond: (mi.movie_id = t.id)
  ->  Seq Scan on movie_info mi  (cost=0.00..309384.22 rows=14739122 width=4) (actual time=0.021..6568.665 rows=14835720 loops=1)
  ->  Hash  (cost=235183.61..235183.61 rows=1381238 width=8) (actual time=7876.707..7876.707 rows=3480317 loops=1)
        Buckets: 131072 (originally 131072)  Batches: 64 (originally 32)  Memory Usage: 3255kB
        ->  Hash Join  (cost=87162.74..235183.61 rows=1381238 width=8) (actual time=1579.575..6223.845 rows=3480317 loops=1)
              Hash Cond: (mk.movie_id = t.id)
              ->  Seq Scan on movie_keyword mk  (cost=0.00..81003.12 rows=4328897 width=4) (actual time=0.015..1805.184 rows=4315625 loops=1)
                    Filter: (keyword_id > 137)
                    Rows Removed by Filter: 208305
              ->  Hash  (cost=73925.90..73925.90 rows=806787 width=4) (actual time=1578.935..1578.935 rows=843018 loops=1)
                    Buckets: 131072  Batches: 16  Memory Usage: 2888kB
                    ->  Seq Scan on title t  (cost=0.00..73925.90 rows=806787 width=4) (actual time=0.011..1307.357 rows=843018 loops=1)
                          Filter: ((kind_id < 7) AND (production_year < 2011))
                          Rows Removed by Filter: 1685294
Planning time: 0.732 ms
Execution time: 92384.140 ms
