Hash Join  (cost=74148.97..828276.98 rows=89814 width=0) (actual time=6496.625..16282.590 rows=66617 loops=1)
  Hash Cond: (ci.movie_id = t.id)
  ->  Seq Scan on cast_info ci  (cost=0.00..705507.15 rows=12726058 width=4) (actual time=5397.867..12897.061 rows=12670688 loops=1)
        Filter: (role_id < 2)
        Rows Removed by Filter: 23573656
  ->  Hash  (cost=73925.90..73925.90 rows=17845 width=4) (actual time=1098.407..1098.407 rows=10782 loops=1)
        Buckets: 32768  Batches: 1  Memory Usage: 636kB
        ->  Seq Scan on title t  (cost=0.00..73925.90 rows=17845 width=4) (actual time=0.027..1093.787 rows=10782 loops=1)
              Filter: ((kind_id < 2) AND (production_year = 2003))
              Rows Removed by Filter: 2517530
Planning time: 1.810 ms
Execution time: 16301.232 ms
