Seq Scan on movie_keyword mk  (cost=0.00..81003.12 rows=246 width=0) (actual time=10.277..1162.886 rows=179 loops=1)
  Filter: (keyword_id = 13544)
  Rows Removed by Filter: 4523751
Planning time: 0.373 ms
Execution time: 1163.122 ms
