Seq Scan on cast_info ci  (cost=0.00..796071.18 rows=2167457 width=0) (actual time=3569.296..11774.425 rows=901741 loops=1)
  Filter: ((person_id < 311699) AND (role_id > 1))
  Rows Removed by Filter: 35342603
Planning time: 0.355 ms
Execution time: 11887.350 ms
