Seq Scan on cast_info ci  (cost=0.00..705507.15 rows=500 width=0) (actual time=1365.183..10737.439 rows=3 loops=1)
  Filter: (person_id = 3778319)
  Rows Removed by Filter: 36244341
Planning time: 0.376 ms
Execution time: 10737.526 ms
