Hash Join  (cost=115276.40..170674.49 rows=73257 width=0) (actual time=2601.807..4627.732 rows=641596 loops=1)
  Hash Cond: (mc.movie_id = t.id)
  ->  Seq Scan on movie_companies mc  (cost=0.00..44881.29 rows=2609129 width=4) (actual time=0.019..648.957 rows=2609129 loops=1)
  ->  Hash  (cost=114388.97..114388.97 rows=70994 width=8) (actual time=2600.887..2600.887 rows=184848 loops=1)
        Buckets: 131072 (originally 131072)  Batches: 4 (originally 1)  Memory Usage: 3073kB
        ->  Hash Join  (cost=77144.97..114388.97 rows=70994 width=8) (actual time=1524.049..2541.172 rows=184848 loops=1)
              Hash Cond: (mi_idx.movie_id = t.id)
              ->  Seq Scan on movie_info_idx mi_idx  (cost=0.00..25185.44 rows=915101 width=4) (actual time=0.011..537.240 rows=919850 loops=1)
                    Filter: (info_type_id < 101)
                    Rows Removed by Filter: 460185
              ->  Hash  (cost=73925.90..73925.90 rows=196165 width=4) (actual time=1523.299..1523.299 rows=332162 loops=1)
                    Buckets: 131072  Batches: 4  Memory Usage: 3944kB
                    ->  Seq Scan on title t  (cost=0.00..73925.90 rows=196165 width=4) (actual time=0.029..1139.593 rows=332162 loops=1)
                          Filter: ((kind_id < 4) AND (production_year < 1984))
                          Rows Removed by Filter: 2196150
Planning time: 5.999 ms
Execution time: 4707.355 ms
