Hash Join  (cost=83074.43..886674.51 rows=137 width=0) (actual time=10020.170..17089.646 rows=4338 loops=1)
  Hash Cond: (ci.movie_id = t.id)
  ->  Seq Scan on cast_info ci  (cost=0.00..796071.18 rows=2007339 width=4) (actual time=8470.438..15364.244 rows=2062466 loops=1)
        Filter: ((person_id > 930458) AND (role_id = 4))
        Rows Removed by Filter: 34181878
  ->  Hash  (cost=83072.29..83072.29 rows=172 width=8) (actual time=1381.148..1381.148 rows=4339 loops=1)
        Buckets: 8192 (originally 1024)  Batches: 1 (originally 1)  Memory Usage: 234kB
        ->  Nested Loop  (cost=0.43..83072.29 rows=172 width=8) (actual time=85.636..1379.410 rows=4339 loops=1)
              ->  Seq Scan on movie_keyword mk  (cost=0.00..81003.12 rows=246 width=4) (actual time=85.075..1311.258 rows=4389 loops=1)
                    Filter: (keyword_id = 29028)
                    Rows Removed by Filter: 4519541
              ->  Index Scan using title_pkey on title t  (cost=0.43..8.40 rows=1 width=4) (actual time=0.015..0.015 rows=1 loops=4389)
                    Index Cond: (id = mk.movie_id)
                    Filter: (kind_id > 2)
                    Rows Removed by Filter: 0
Planning time: 1.157 ms
Execution time: 17090.272 ms
