Seq Scan on cast_info ci  (cost=0.00..705507.15 rows=500 width=0) (actual time=1748.037..10903.532 rows=370 loops=1)
  Filter: (person_id = 461571)
  Rows Removed by Filter: 36243974
Planning time: 0.376 ms
Execution time: 10903.679 ms
