Hash Join  (cost=365418.15..1537015.20 rows=18582889 width=0) (actual time=8674.612..34108.836 rows=28611921 loops=1)
  Hash Cond: (ci.movie_id = t.id)
  ->  Seq Scan on cast_info ci  (cost=0.00..796071.18 rows=10386398 width=4) (actual time=420.988..13657.548 rows=8369308 loops=1)
        Filter: ((person_id > 2489007) AND (role_id < 10))
        Rows Removed by Filter: 27875036
  ->  Hash  (cost=291197.02..291197.02 rows=4523930 width=8) (actual time=8251.218..8251.218 rows=4523930 loops=1)
        Buckets: 131072  Batches: 64  Memory Usage: 3816kB
        ->  Hash Join  (cost=102767.86..291197.02 rows=4523930 width=8) (actual time=1856.445..6991.870 rows=4523930 loops=1)
              Hash Cond: (mk.movie_id = t.id)
              ->  Seq Scan on movie_keyword mk  (cost=0.00..69693.30 rows=4523930 width=4) (actual time=0.023..1473.304 rows=4523930 loops=1)
              ->  Hash  (cost=61283.27..61283.27 rows=2528527 width=4) (actual time=1855.733..1855.733 rows=2528312 loops=1)
                    Buckets: 131072  Batches: 64  Memory Usage: 2425kB
                    ->  Seq Scan on title t  (cost=0.00..61283.27 rows=2528527 width=4) (actual time=0.024..1004.710 rows=2528312 loops=1)
Planning time: 1.149 ms
Execution time: 37044.816 ms
