Hash Join  (cost=94420.17..214514.83 rows=1019213 width=134) (actual time=2295.532..6406.258 rows=1891821 loops=1)
  Hash Cond: (mc.movie_id = t.id)
  ->  Seq Scan on movie_companies mc  (cost=0.00..44881.29 rows=2609129 width=40) (actual time=0.070..1127.570 rows=2609129 loops=1)
  ->  Hash  (cost=67604.59..67604.59 rows=987727 width=94) (actual time=2294.558..2294.558 rows=985048 loops=1)
        Buckets: 32768  Batches: 64  Memory Usage: 1938kB
        ->  Seq Scan on title t  (cost=0.00..67604.59 rows=987727 width=94) (actual time=0.016..1581.055 rows=985048 loops=1)
              Filter: (kind_id < 7)
              Rows Removed by Filter: 1543264
Planning time: 10.986 ms
Execution time: 6507.727 ms
