Hash Join  (cost=102767.86..197680.61 rows=167485 width=0) (actual time=1845.707..3706.740 rows=182426 loops=1)
  Hash Cond: (mk.movie_id = t.id)
  ->  Seq Scan on movie_keyword mk  (cost=0.00..81003.12 rows=167485 width=4) (actual time=0.058..1297.747 rows=182426 loops=1)
        Filter: (keyword_id < 135)
        Rows Removed by Filter: 4341504
  ->  Hash  (cost=61283.27..61283.27 rows=2528527 width=4) (actual time=1844.429..1844.429 rows=2528312 loops=1)
        Buckets: 131072  Batches: 64  Memory Usage: 2425kB
        ->  Seq Scan on title t  (cost=0.00..61283.27 rows=2528527 width=4) (actual time=0.026..957.015 rows=2528312 loops=1)
Planning time: 0.758 ms
Execution time: 3730.033 ms
