Seq Scan on movie_keyword mk  (cost=0.00..81003.12 rows=4127113 width=0) (actual time=0.024..1204.188 rows=4131968 loops=1)
  Filter: (keyword_id < 43957)
  Rows Removed by Filter: 391962
Planning time: 0.353 ms
Execution time: 1611.504 ms
