Hash Join  (cost=107432.01..169581.79 rows=1324925 width=0) (actual time=2108.615..3947.150 rows=1369193 loops=1)
  Hash Cond: (mi_idx.movie_id = t.id)
  ->  Seq Scan on movie_info_idx mi_idx  (cost=0.00..21735.35 rows=1380035 width=4) (actual time=0.020..425.185 rows=1380035 loops=1)
  ->  Hash  (cost=67604.59..67604.59 rows=2427554 width=4) (actual time=2107.671..2107.671 rows=2421168 loops=1)
        Buckets: 131072  Batches: 32  Memory Usage: 3685kB
        ->  Seq Scan on title t  (cost=0.00..67604.59 rows=2427554 width=4) (actual time=0.025..1350.664 rows=2421168 loops=1)
              Filter: (production_year > 1911)
              Rows Removed by Filter: 107144
Planning time: 0.744 ms
Execution time: 4106.204 ms
