Seq Scan on movie_companies mc  (cost=0.00..57926.93 rows=1091501 width=0) (actual time=104.456..1051.710 rows=1217667 loops=1)
  Filter: ((company_id > 395) AND (company_type_id = 2))
  Rows Removed by Filter: 1391462
Planning time: 0.433 ms
Execution time: 1205.593 ms
