Hash Join  (cost=194357.86..332393.13 rows=1315923 width=0) (actual time=4226.264..9885.778 rows=10103472 loops=1)
  Hash Cond: (mk.movie_id = t.id)
  ->  Seq Scan on movie_keyword mk  (cost=0.00..69693.30 rows=4523930 width=4) (actual time=0.005..1370.066 rows=4523930 loops=1)
  ->  Hash  (cost=182290.12..182290.12 rows=735499 width=8) (actual time=4225.375..4225.375 rows=780539 loops=1)
        Buckets: 131072  Batches: 16  Memory Usage: 2953kB
        ->  Hash Join  (cost=104131.46..182290.12 rows=735499 width=8) (actual time=2039.441..4003.081 rows=780539 loops=1)
              Hash Cond: (mc.movie_id = t.id)
              ->  Seq Scan on movie_companies mc  (cost=0.00..51404.11 rows=835312 width=4) (actual time=0.017..895.178 rows=831457 loops=1)
                    Filter: (company_id < 2065)
                    Rows Removed by Filter: 1777672
              ->  Hash  (cost=67604.59..67604.59 rows=2226390 width=4) (actual time=2038.189..2038.189 rows=2224569 loops=1)
                    Buckets: 131072  Batches: 32  Memory Usage: 3463kB
                    ->  Seq Scan on title t  (cost=0.00..67604.59 rows=2226390 width=4) (actual time=0.010..1345.229 rows=2224569 loops=1)
                          Filter: (production_year < 2012)
                          Rows Removed by Filter: 303743
Planning time: 0.886 ms
Execution time: 10923.386 ms
