Seq Scan on movie_keyword mk  (cost=0.00..81003.12 rows=2762378 width=0) (actual time=0.020..1414.712 rows=2756330 loops=1)
  Filter: (keyword_id < 7850)
  Rows Removed by Filter: 1767600
Planning time: 0.349 ms
Execution time: 1760.031 ms
