Seq Scan on cast_info ci  (cost=0.00..796071.18 rows=176 width=0) (actual time=2218.945..10939.260 rows=36 loops=1)
  Filter: ((person_id = 1392469) AND (role_id = 1))
  Rows Removed by Filter: 36244308
Planning time: 1.004 ms
Execution time: 10939.387 ms
