Nested Loop  (cost=0.43..83072.29 rows=217 width=0) (actual time=2.915..1248.314 rows=1185 loops=1)
  ->  Seq Scan on movie_keyword mk  (cost=0.00..81003.12 rows=246 width=4) (actual time=2.846..1197.060 rows=1222 loops=1)
        Filter: (keyword_id = 3529)
        Rows Removed by Filter: 4522708
  ->  Index Scan using title_pkey on title t  (cost=0.43..8.40 rows=1 width=4) (actual time=0.040..0.041 rows=1 loops=1222)
        Index Cond: (id = mk.movie_id)
        Filter: (production_year < 2012)
        Rows Removed by Filter: 0
Planning time: 0.830 ms
Execution time: 1248.893 ms
