Hash Join  (cost=877860.10..964722.82 rows=6655 width=0) (actual time=12072.641..13762.512 rows=9109 loops=1)
  Hash Cond: (mk.movie_id = t.id)
  ->  Seq Scan on movie_keyword mk  (cost=0.00..81003.12 rows=1544813 width=4) (actual time=0.015..1434.908 rows=1559673 loops=1)
        Filter: (keyword_id > 10085)
        Rows Removed by Filter: 2964257
  ->  Hash  (cost=877723.94..877723.94 rows=10893 width=8) (actual time=12063.504..12063.504 rows=8111 loops=1)
        Buckets: 16384  Batches: 1  Memory Usage: 445kB
        ->  Hash Join  (cost=78473.92..877723.94 rows=10893 width=8) (actual time=2553.551..12060.632 rows=8111 loops=1)
              Hash Cond: (ci.movie_id = t.id)
              ->  Seq Scan on cast_info ci  (cost=0.00..796071.18 rows=41574 width=4) (actual time=1187.267..10575.823 rows=20295 loops=1)
                    Filter: ((person_id < 36912) AND (role_id = 3))
                    Rows Removed by Filter: 36224049
              ->  Hash  (cost=67604.59..67604.59 rows=662507 width=4) (actual time=1365.348..1365.348 rows=662065 loops=1)
                    Buckets: 131072  Batches: 16  Memory Usage: 2481kB
                    ->  Seq Scan on title t  (cost=0.00..67604.59 rows=662507 width=4) (actual time=0.030..1146.776 rows=662065 loops=1)
                          Filter: (production_year > 2008)
                          Rows Removed by Filter: 1866247
Planning time: 1.273 ms
Execution time: 13764.120 ms
