Hash Join  (cost=153792.58..587084.35 rows=298950 width=0) (actual time=3252.718..12105.944 rows=89521 loops=1)
  Hash Cond: (mi.movie_id = t.id)
  ->  Seq Scan on movie_info mi  (cost=0.00..346232.03 rows=7235534 width=4) (actual time=6.289..6369.684 rows=7286865 loops=1)
        Filter: (info_type_id < 8)
        Rows Removed by Filter: 7548855
  ->  Hash  (cost=152077.69..152077.69 rows=104471 width=8) (actual time=3244.330..3244.330 rows=46380 loops=1)
        Buckets: 131072  Batches: 2  Memory Usage: 1932kB
        ->  Hash Join  (cost=75587.46..152077.69 rows=104471 width=8) (actual time=1300.292..3225.906 rows=46380 loops=1)
              Hash Cond: (mc.movie_id = t.id)
              ->  Seq Scan on movie_companies mc  (cost=0.00..44881.29 rows=2609129 width=4) (actual time=0.025..919.718 rows=2609129 loops=1)
              ->  Hash  (cost=73925.90..73925.90 rows=101244 width=4) (actual time=1297.524..1297.524 rows=110779 loops=1)
                    Buckets: 131072  Batches: 2  Memory Usage: 2970kB
                    ->  Seq Scan on title t  (cost=0.00..73925.90 rows=101244 width=4) (actual time=0.038..1250.516 rows=110779 loops=1)
                          Filter: ((kind_id > 4) AND (production_year = 2012))
                          Rows Removed by Filter: 2417533
Planning time: 1.158 ms
Execution time: 12118.211 ms
