Hash Join  (cost=187105.96..553878.84 rows=159911 width=0) (actual time=7410.651..10685.190 rows=1060241 loops=1)
  Hash Cond: (mi.movie_id = t.id)
  ->  Seq Scan on movie_info mi  (cost=0.00..346232.03 rows=1550064 width=4) (actual time=3495.397..5424.854 rows=1533909 loops=1)
        Filter: (info_type_id = 3)
        Rows Removed by Filter: 13301811
  ->  Hash  (cost=182826.30..182826.30 rows=260853 width=8) (actual time=3914.461..3914.461 rows=520583 loops=1)
        Buckets: 131072 (originally 131072)  Batches: 8 (originally 4)  Memory Usage: 3637kB
        ->  Hash Join  (cost=85935.55..182826.30 rows=260853 width=8) (actual time=1551.321..3746.073 rows=520583 loops=1)
              Hash Cond: (mk.movie_id = t.id)
              ->  Seq Scan on movie_keyword mk  (cost=0.00..81003.12 rows=901091 width=4) (actual time=0.028..1481.987 rows=906014 loops=1)
                    Filter: (keyword_id < 865)
                    Rows Removed by Filter: 3617916
              ->  Hash  (cost=73925.90..73925.90 rows=731972 width=4) (actual time=1549.580..1549.580 rows=635910 loops=1)
                    Buckets: 131072  Batches: 16  Memory Usage: 2429kB
                    ->  Seq Scan on title t  (cost=0.00..73925.90 rows=731972 width=4) (actual time=0.019..1200.470 rows=635910 loops=1)
                          Filter: ((kind_id < 7) AND (production_year > 1984))
                          Rows Removed by Filter: 1892402
Planning time: 1.192 ms
Execution time: 10810.141 ms
