Hash Join  (cost=160607.95..292461.78 rows=808579 width=0) (actual time=3642.111..7876.765 rows=3500901 loops=1)
  Hash Cond: (mk.movie_id = t.id)
  ->  Seq Scan on movie_keyword mk  (cost=0.00..69693.30 rows=4523930 width=4) (actual time=0.029..1459.058 rows=4523930 loops=1)
  ->  Hash  (cost=153192.79..153192.79 rows=451933 width=8) (actual time=3641.182..3641.182 rows=460125 loops=1)
        Buckets: 131072  Batches: 8  Memory Usage: 3285kB
        ->  Hash Join  (cost=107928.35..153192.79 rows=451933 width=8) (actual time=2158.885..3496.154 rows=460125 loops=1)
              Hash Cond: (mi_idx.movie_id = t.id)
              ->  Seq Scan on movie_info_idx mi_idx  (cost=0.00..25185.44 rows=464934 width=4) (actual time=0.022..493.625 rows=460185 loops=1)
                    Filter: (info_type_id > 100)
                    Rows Removed by Filter: 919850
              ->  Hash  (cost=67604.59..67604.59 rows=2457821 width=4) (actual time=2156.894..2156.894 rows=2456218 loops=1)
                    Buckets: 131072  Batches: 64  Memory Usage: 2375kB
                    ->  Seq Scan on title t  (cost=0.00..67604.59 rows=2457821 width=4) (actual time=0.017..1372.290 rows=2456218 loops=1)
                          Filter: (production_year > 0)
                          Rows Removed by Filter: 72094
Planning time: 1.133 ms
Execution time: 8299.335 ms
