Seq Scan on cast_info ci  (cost=0.00..796071.18 rows=7498200 width=0) (actual time=232.091..11675.276 rows=3203799 loops=1)
  Filter: ((person_id < 1127491) AND (role_id > 1))
  Rows Removed by Filter: 33040545
Planning time: 0.388 ms
Execution time: 12061.153 ms
