Seq Scan on cast_info ci  (cost=0.00..796071.18 rows=80 width=0) (actual time=9090.971..12884.710 rows=14 loops=1)
  Filter: ((role_id > 8) AND (person_id = 2821926))
  Rows Removed by Filter: 36244330
Planning time: 0.456 ms
Execution time: 12884.848 ms
