Hash Join  (cost=142708.74..1177554.65 rows=5476088 width=0) (actual time=4494.688..33392.324 rows=11696952 loops=1)
  Hash Cond: (ci.movie_id = t.id)
  ->  Seq Scan on cast_info ci  (cost=0.00..705507.15 rows=23548494 width=4) (actual time=1295.555..14848.780 rows=23617022 loops=1)
        Filter: (person_id > 1245683)
        Rows Removed by Filter: 12627322
  ->  Hash  (cost=133061.78..133061.78 rows=587997 width=8) (actual time=3198.025..3198.025 rows=715839 loops=1)
        Buckets: 131072 (originally 131072)  Batches: 16 (originally 8)  Memory Usage: 3073kB
        ->  Hash Join  (cost=85280.32..133061.78 rows=587997 width=8) (actual time=1516.071..2990.279 rows=715839 loops=1)
              Hash Cond: (mi_idx.movie_id = t.id)
              ->  Seq Scan on movie_info_idx mi_idx  (cost=0.00..21735.35 rows=1380035 width=4) (actual time=0.025..447.795 rows=1380035 loops=1)
              ->  Hash  (cost=67604.59..67604.59 rows=1077339 width=4) (actual time=1514.331..1514.331 rows=1074765 loops=1)
                    Buckets: 131072  Batches: 16  Memory Usage: 3388kB
                    ->  Seq Scan on title t  (cost=0.00..67604.59 rows=1077339 width=4) (actual time=0.021..1184.151 rows=1074765 loops=1)
                          Filter: (production_year < 2001)
                          Rows Removed by Filter: 1453547
Planning time: 1.186 ms
Execution time: 34712.240 ms
