Hash Join  (cost=250513.46..423603.37 rows=3729096 width=0) (actual time=5866.677..17158.305 rows=32141395 loops=1)
  Hash Cond: (mk.movie_id = t.id)
  ->  Seq Scan on movie_keyword mk  (cost=0.00..69693.30 rows=4523930 width=4) (actual time=0.013..1515.705 rows=4523930 loops=1)
  ->  Hash  (cost=216318.01..216318.01 rows=2084276 width=8) (actual time=5865.611..5865.611 rows=2005332 loops=1)
        Buckets: 131072  Batches: 32  Memory Usage: 3539kB
        ->  Hash Join  (cost=106156.11..216318.01 rows=2084276 width=8) (actual time=2150.447..5312.378 rows=2005332 loops=1)
              Hash Cond: (mc.movie_id = t.id)
              ->  Seq Scan on movie_companies mc  (cost=0.00..51404.11 rows=2242805 width=4) (actual time=0.029..1134.150 rows=2241740 loops=1)
                    Filter: (company_id > 192)
                    Rows Removed by Filter: 367389
              ->  Hash  (cost=67604.59..67604.59 rows=2349802 width=4) (actual time=2149.520..2149.520 rows=2343703 loops=1)
                    Buckets: 131072  Batches: 32  Memory Usage: 3603kB
                    ->  Seq Scan on title t  (cost=0.00..67604.59 rows=2349802 width=4) (actual time=0.019..1406.263 rows=2343703 loops=1)
                          Filter: (production_year > 1928)
                          Rows Removed by Filter: 184609
Planning time: 1.182 ms
Execution time: 20876.090 ms
