Seq Scan on movie_keyword mk  (cost=0.00..81003.12 rows=246 width=0) (actual time=238.874..1215.168 rows=1 loops=1)
  Filter: (keyword_id = 116053)
  Rows Removed by Filter: 4523929
Planning time: 0.384 ms
Execution time: 1215.255 ms
