Hash Join  (cost=74133.71..102826.03 rows=6042 width=0) (actual time=1063.455..1760.677 rows=4658 loops=1)
  Hash Cond: (mi_idx.movie_id = t.id)
  ->  Seq Scan on movie_info_idx mi_idx  (cost=0.00..25185.44 rows=919057 width=4) (actual time=0.021..508.918 rows=920110 loops=1)
        Filter: (info_type_id > 99)
        Rows Removed by Filter: 459925
  ->  Hash  (cost=73925.90..73925.90 rows=16624 width=4) (actual time=1063.109..1063.109 rows=16516 loops=1)
        Buckets: 32768  Batches: 1  Memory Usage: 837kB
        ->  Seq Scan on title t  (cost=0.00..73925.90 rows=16624 width=4) (actual time=7.435..1056.320 rows=16516 loops=1)
              Filter: ((kind_id > 4) AND (production_year = 1993))
              Rows Removed by Filter: 2511796
Planning time: 4.032 ms
Execution time: 1761.497 ms
