Hash Join  (cost=1038520.79..1241748.69 rows=5738603 width=0) (actual time=16040.193..19548.758 rows=11019 loops=1)
  Hash Cond: (mk.movie_id = t.id)
  ->  Seq Scan on movie_keyword mk  (cost=0.00..69693.30 rows=4523930 width=4) (actual time=0.021..1474.218 rows=4523930 loops=1)
  ->  Hash  (cost=985897.86..985897.86 rows=3207435 width=8) (actual time=16019.345..16019.345 rows=2762 loops=1)
        Buckets: 131072  Batches: 64  Memory Usage: 1032kB
        ->  Hash Join  (cost=102767.86..985897.86 rows=3207435 width=8) (actual time=7595.187..16015.759 rows=2762 loops=1)
              Hash Cond: (ci.movie_id = t.id)
              ->  Seq Scan on cast_info ci  (cost=0.00..796071.18 rows=3207435 width=4) (actual time=5613.802..13664.430 rows=2762 loops=1)
                    Filter: ((person_id < 1563218) AND (role_id = 2))
                    Rows Removed by Filter: 36241582
              ->  Hash  (cost=61283.27..61283.27 rows=2528527 width=4) (actual time=1951.729..1951.729 rows=2528312 loops=1)
                    Buckets: 131072  Batches: 64  Memory Usage: 2415kB
                    ->  Seq Scan on title t  (cost=0.00..61283.27 rows=2528527 width=4) (actual time=0.021..1126.941 rows=2528312 loops=1)
Planning time: 1.172 ms
Execution time: 19550.369 ms
