Hash Join  (cost=137122.06..871290.98 rows=129332 width=0) (actual time=7280.595..17603.599 rows=186784 loops=1)
  Hash Cond: (ci.movie_id = t.id)
  ->  Seq Scan on cast_info ci  (cost=0.00..705507.15 rows=7298253 width=4) (actual time=4590.403..13152.461 rows=7451973 loops=1)
        Filter: (role_id = 2)
        Rows Removed by Filter: 28792371
  ->  Hash  (cost=136561.96..136561.96 rows=44808 width=8) (actual time=2689.598..2689.598 rows=37215 loops=1)
        Buckets: 65536  Batches: 1  Memory Usage: 1966kB
        ->  Hash Join  (cost=69002.72..136561.96 rows=44808 width=8) (actual time=1133.787..2675.504 rows=37215 loops=1)
              Hash Cond: (mc.movie_id = t.id)
              ->  Seq Scan on movie_companies mc  (cost=0.00..51404.11 rows=1329612 width=4) (actual time=0.025..1060.259 rows=1334883 loops=1)
                    Filter: (company_type_id > 1)
                    Rows Removed by Filter: 1274246
              ->  Hash  (cost=67604.59..67604.59 rows=85211 width=4) (actual time=1132.841..1132.841 rows=84593 loops=1)
                    Buckets: 131072  Batches: 2  Memory Usage: 2518kB
                    ->  Seq Scan on title t  (cost=0.00..67604.59 rows=85211 width=4) (actual time=0.010..1101.328 rows=84593 loops=1)
                          Filter: (production_year = 2004)
                          Rows Removed by Filter: 2443719
Planning time: 2.949 ms
Execution time: 17629.826 ms
