Hash Join  (cost=154619.08..653777.14 rows=1813613 width=0) (actual time=3356.309..17949.765 rows=5640101 loops=1)
  Hash Cond: (mi.movie_id = t.id)
  ->  Seq Scan on movie_info mi  (cost=0.00..309384.22 rows=14739122 width=4) (actual time=0.014..6195.077 rows=14835720 loops=1)
  ->  Hash  (cost=149513.97..149513.97 rows=311129 width=8) (actual time=3355.469..3355.469 rows=451771 loops=1)
        Buckets: 131072  Batches: 8  Memory Usage: 3239kB
        ->  Hash Join  (cost=77312.52..149513.97 rows=311129 width=8) (actual time=1520.047..3219.366 rows=451771 loops=1)
              Hash Cond: (mc.movie_id = t.id)
              ->  Seq Scan on movie_companies mc  (cost=0.00..51404.11 rows=1329612 width=4) (actual time=161.855..962.813 rows=1334883 loops=1)
                    Filter: (company_type_id = 2)
                    Rows Removed by Filter: 1274246
              ->  Hash  (cost=67604.59..67604.59 rows=591675 width=4) (actual time=1357.229..1357.229 rows=585020 loops=1)
                    Buckets: 131072  Batches: 8  Memory Usage: 3586kB
                    ->  Seq Scan on title t  (cost=0.00..67604.59 rows=591675 width=4) (actual time=0.027..1162.381 rows=585020 loops=1)
                          Filter: (production_year < 1985)
                          Rows Removed by Filter: 1943292
Planning time: 1.244 ms
Execution time: 18592.257 ms
