Hash Join  (cost=74126.72..128958.01 rows=16577 width=0) (actual time=1021.955..2258.257 rows=24216 loops=1)
  Hash Cond: (mc.movie_id = t.id)
  ->  Seq Scan on movie_companies mc  (cost=0.00..44881.29 rows=2609129 width=4) (actual time=0.017..670.338 rows=2609129 loops=1)
  ->  Hash  (cost=73925.90..73925.90 rows=16065 width=4) (actual time=1021.811..1021.811 rows=9704 loops=1)
        Buckets: 16384  Batches: 1  Memory Usage: 470kB
        ->  Seq Scan on title t  (cost=0.00..73925.90 rows=16065 width=4) (actual time=0.020..1017.931 rows=9704 loops=1)
              Filter: ((kind_id = 1) AND (production_year = 2002))
              Rows Removed by Filter: 2518608
Planning time: 0.641 ms
Execution time: 2262.159 ms
