Hash Join  (cost=102767.86..270638.74 rows=3199493 width=0) (actual time=2077.450..6457.213 rows=3179096 loops=1)
  Hash Cond: (mk.movie_id = t.id)
  ->  Seq Scan on movie_keyword mk  (cost=0.00..81003.12 rows=3199493 width=4) (actual time=0.016..1755.162 rows=3179096 loops=1)
        Filter: (keyword_id > 1749)
        Rows Removed by Filter: 1344834
  ->  Hash  (cost=61283.27..61283.27 rows=2528527 width=4) (actual time=2076.334..2076.334 rows=2528312 loops=1)
        Buckets: 131072  Batches: 64  Memory Usage: 2425kB
        ->  Seq Scan on title t  (cost=0.00..61283.27 rows=2528527 width=4) (actual time=0.012..1208.472 rows=2528312 loops=1)
Planning time: 4.413 ms
Execution time: 6798.748 ms
