Seq Scan on movie_keyword mk  (cost=0.00..81003.12 rows=2998617 width=0) (actual time=0.030..1502.474 rows=2983128 loops=1)
  Filter: (keyword_id < 10288)
  Rows Removed by Filter: 1540802
Planning time: 0.335 ms
Execution time: 1866.159 ms
