Hash Join  (cost=169485.13..270535.94 rows=146580 width=0) (actual time=4155.283..6129.941 rows=94321 loops=1)
  Hash Cond: (mk.movie_id = t.id)
  ->  Seq Scan on movie_keyword mk  (cost=0.00..81003.12 rows=1524769 width=4) (actual time=0.015..1620.061 rows=1537070 loops=1)
        Filter: (keyword_id < 2243)
        Rows Removed by Filter: 2986860
  ->  Hash  (cost=165496.71..165496.71 rows=243074 width=8) (actual time=3902.993..3902.993 rows=157656 loops=1)
        Buckets: 131072  Batches: 4  Memory Usage: 2566kB
        ->  Hash Join  (cost=94574.69..165496.71 rows=243074 width=8) (actual time=1902.213..3848.500 rows=157656 loops=1)
              Hash Cond: (mc.movie_id = t.id)
              ->  Seq Scan on movie_companies mc  (cost=0.00..57926.93 rows=488357 width=4) (actual time=0.354..989.280 rows=804904 loops=1)
                    Filter: ((company_id > 17809) AND (company_type_id = 2))
                    Rows Removed by Filter: 1804225
              ->  Hash  (cost=73925.90..73925.90 rows=1258543 width=4) (actual time=1900.631..1900.631 rows=1221534 loops=1)
                    Buckets: 131072  Batches: 32  Memory Usage: 2363kB
                    ->  Seq Scan on title t  (cost=0.00..73925.90 rows=1258543 width=4) (actual time=0.025..1497.571 rows=1221534 loops=1)
                          Filter: ((production_year < 2011) AND (kind_id = 7))
                          Rows Removed by Filter: 1306778
Planning time: 4.673 ms
Execution time: 6140.522 ms
