Hash Join  (cost=102767.86..301194.77 rows=4469402 width=0) (actual time=5964.704..15638.950 rows=4473079 loops=1)
  Hash Cond: (mk.movie_id = t.id)
  ->  Seq Scan on movie_keyword mk  (cost=0.00..81003.12 rows=4469402 width=4) (actual time=0.021..5150.662 rows=4473079 loops=1)
        Filter: (keyword_id < 99146)
        Rows Removed by Filter: 50851
  ->  Hash  (cost=61283.27..61283.27 rows=2528527 width=4) (actual time=5963.468..5963.468 rows=2528312 loops=1)
        Buckets: 131072  Batches: 64  Memory Usage: 2425kB
        ->  Seq Scan on title t  (cost=0.00..61283.27 rows=2528527 width=4) (actual time=0.010..4207.753 rows=2528312 loops=1)
Planning time: 0.807 ms
Execution time: 16186.266 ms
