Seq Scan on movie_companies mc  (cost=0.00..57926.93 rows=830700 width=0) (actual time=573.062..3085.036 rows=625045 loops=1)
  Filter: ((company_id > 3111) AND (company_type_id < 2))
  Rows Removed by Filter: 1984084
Planning time: 20.209 ms
Execution time: 3208.184 ms
