Seq Scan on cast_info ci  (cost=0.00..796071.18 rows=21119545 width=0) (actual time=0.026..17239.817 rows=22572163 loops=1)
  Filter: ((person_id > 340426) AND (role_id > 1))
  Rows Removed by Filter: 13672181
Planning time: 0.362 ms
Execution time: 19887.868 ms
