Seq Scan on cast_info ci  (cost=0.00..796071.18 rows=6920530 width=0) (actual time=0.015..14966.438 rows=8959012 loops=1)
  Filter: ((person_id > 1536186) AND (role_id > 3))
  Rows Removed by Filter: 27285332
Planning time: 0.405 ms
Execution time: 16091.401 ms
