Hash Join  (cost=234427.15..1224619.04 rows=6945092 width=0) (actual time=13421.058..63925.439 rows=12834394 loops=1)
  Hash Cond: (ci.movie_id = t.id)
  ->  Seq Scan on cast_info ci  (cost=0.00..796071.18 rows=9144758 width=4) (actual time=0.030..38080.301 rows=11746500 loops=1)
        Filter: ((person_id > 1547325) AND (role_id > 2))
        Rows Removed by Filter: 24497844
  ->  Hash  (cost=202921.16..202921.16 rows=1920319 width=8) (actual time=13419.031..13419.031 rows=1301439 loops=1)
        Buckets: 131072  Batches: 32  Memory Usage: 2584kB
        ->  Hash Join  (cost=98137.04..202921.16 rows=1920319 width=8) (actual time=5752.006..12895.714 rows=1301439 loops=1)
              Hash Cond: (mc.movie_id = t.id)
              ->  Seq Scan on movie_companies mc  (cost=0.00..44881.29 rows=2609129 width=4) (actual time=0.014..3752.319 rows=2609129 loops=1)
              ->  Hash  (cost=67604.59..67604.59 rows=1860996 width=4) (actual time=5750.633..5750.633 rows=1865487 loops=1)
                    Buckets: 131072  Batches: 32  Memory Usage: 3079kB
                    ->  Seq Scan on title t  (cost=0.00..67604.59 rows=1860996 width=4) (actual time=0.014..4834.661 rows=1865487 loops=1)
                          Filter: (kind_id > 1)
                          Rows Removed by Filter: 662825
Planning time: 1.144 ms
Execution time: 65669.780 ms
