Hash Join  (cost=106311.64..150921.20 rows=430123 width=0) (actual time=2265.509..3655.710 rows=453194 loops=1)
  Hash Cond: (mi_idx.movie_id = t.id)
  ->  Seq Scan on movie_info_idx mi_idx  (cost=0.00..25185.44 rows=460978 width=4) (actual time=0.022..576.092 rows=459925 loops=1)
        Filter: (info_type_id = 99)
        Rows Removed by Filter: 920110
  ->  Hash  (cost=67604.59..67604.59 rows=2359284 width=4) (actual time=2264.803..2264.803 rows=2355024 loops=1)
        Buckets: 131072  Batches: 32  Memory Usage: 3614kB
        ->  Seq Scan on title t  (cost=0.00..67604.59 rows=2359284 width=4) (actual time=0.022..1507.308 rows=2355024 loops=1)
              Filter: (production_year > 1924)
              Rows Removed by Filter: 173288
Planning time: 0.809 ms
Execution time: 3716.177 ms
