Hash Join  (cost=299625.54..887489.70 rows=9814119 width=0) (actual time=6870.666..32648.757 rows=63333534 loops=1)
  Hash Cond: (mi.movie_id = t.id)
  ->  Seq Scan on movie_info mi  (cost=0.00..346232.03 rows=9476311 width=4) (actual time=257.609..6665.620 rows=9565151 loops=1)
        Filter: (info_type_id < 16)
        Rows Removed by Filter: 5270569
  ->  Hash  (cost=256662.26..256662.26 rows=2618663 width=8) (actual time=6612.409..6612.409 rows=2608208 loops=1)
        Buckets: 131072  Batches: 64  Memory Usage: 2714kB
        ->  Hash Join  (cost=102767.86..256662.26 rows=2618663 width=8) (actual time=1937.199..5895.636 rows=2608208 loops=1)
              Hash Cond: (mk.movie_id = t.id)
              ->  Seq Scan on movie_keyword mk  (cost=0.00..81003.12 rows=2618663 width=4) (actual time=0.025..1702.760 rows=2608208 loops=1)
                    Filter: (keyword_id < 7078)
                    Rows Removed by Filter: 1915722
              ->  Hash  (cost=61283.27..61283.27 rows=2528527 width=4) (actual time=1935.143..1935.143 rows=2528312 loops=1)
                    Buckets: 131072  Batches: 64  Memory Usage: 2425kB
                    ->  Seq Scan on title t  (cost=0.00..61283.27 rows=2528527 width=4) (actual time=0.021..1094.386 rows=2528312 loops=1)
Planning time: 1.161 ms
Execution time: 39448.039 ms
