Seq Scan on movie_keyword mk  (cost=0.00..81003.12 rows=3065985 width=0) (actual time=0.013..1451.765 rows=3048524 loops=1)
  Filter: (keyword_id > 2104)
  Rows Removed by Filter: 1475406
Planning time: 0.319 ms
Execution time: 1808.447 ms
