Hash Join  (cost=73953.78..100876.43 rows=1217 width=0) (actual time=1163.057..1753.412 rows=6461 loops=1)
  Hash Cond: (mi_idx.movie_id = t.id)
  ->  Seq Scan on movie_info_idx mi_idx  (cost=0.00..21735.35 rows=1380035 width=4) (actual time=0.010..315.301 rows=1380035 loops=1)
  ->  Hash  (cost=73925.90..73925.90 rows=2230 width=4) (actual time=1162.651..1162.651 rows=4949 loops=1)
        Buckets: 8192 (originally 4096)  Batches: 1 (originally 1)  Memory Usage: 238kB
        ->  Seq Scan on title t  (cost=0.00..73925.90 rows=2230 width=4) (actual time=0.052..1160.009 rows=4949 loops=1)
              Filter: ((kind_id < 3) AND (production_year = 1981))
              Rows Removed by Filter: 2523363
Planning time: 1.853 ms
Execution time: 1754.543 ms
