Seq Scan on cast_info ci  (cost=0.00..796071.18 rows=5134061 width=0) (actual time=1704.729..33322.366 rows=2164657 loops=1)
  Filter: ((person_id < 758991) AND (role_id > 1))
  Rows Removed by Filter: 34079687
Planning time: 5.090 ms
Execution time: 33641.063 ms
