Hash Join  (cost=83074.74..109986.57 rows=134 width=0) (actual time=3382.728..4726.070 rows=6382 loops=1)
  Hash Cond: (mi_idx.movie_id = t.id)
  ->  Seq Scan on movie_info_idx mi_idx  (cost=0.00..21735.35 rows=1380035 width=4) (actual time=0.011..1011.343 rows=1380035 loops=1)
  ->  Hash  (cost=83071.67..83071.67 rows=246 width=8) (actual time=3380.340..3380.340 rows=2711 loops=1)
        Buckets: 4096 (originally 1024)  Batches: 1 (originally 1)  Memory Usage: 138kB
        ->  Nested Loop  (cost=0.43..83071.67 rows=246 width=8) (actual time=0.550..3376.963 rows=2711 loops=1)
              ->  Seq Scan on movie_keyword mk  (cost=0.00..81003.12 rows=246 width=4) (actual time=0.486..3025.710 rows=2711 loops=1)
                    Filter: (keyword_id = 2523)
                    Rows Removed by Filter: 4521219
              ->  Index Only Scan using title_pkey on title t  (cost=0.43..8.40 rows=1 width=4) (actual time=0.128..0.128 rows=1 loops=2711)
                    Index Cond: (id = mk.movie_id)
                    Heap Fetches: 2711
Planning time: 1.134 ms
Execution time: 4727.212 ms
