Hash Join  (cost=131622.73..1226317.60 rows=5927474 width=0) (actual time=6432.584..73816.408 rows=20136381 loops=1)
  Hash Cond: (ci.movie_id = t.id)
  ->  Seq Scan on cast_info ci  (cost=0.00..614943.12 rows=36225612 width=4) (actual time=0.020..38091.641 rows=36244344 loops=1)
  ->  Hash  (cost=124834.06..124834.06 rows=413734 width=8) (actual time=6431.643..6431.643 rows=742958 loops=1)
        Buckets: 131072 (originally 131072)  Batches: 16 (originally 8)  Memory Usage: 3073kB
        ->  Hash Join  (cost=80042.24..124834.06 rows=413734 width=8) (actual time=3713.504..6182.288 rows=742958 loops=1)
              Hash Cond: (mi_idx.movie_id = t.id)
              ->  Seq Scan on movie_info_idx mi_idx  (cost=0.00..21735.35 rows=1380035 width=4) (actual time=0.012..1379.446 rows=1380035 loops=1)
              ->  Hash  (cost=67604.59..67604.59 rows=758052 width=4) (actual time=3712.664..3712.664 rows=753677 loops=1)
                    Buckets: 131072  Batches: 16  Memory Usage: 2677kB
                    ->  Seq Scan on title t  (cost=0.00..67604.59 rows=758052 width=4) (actual time=0.012..3403.989 rows=753677 loops=1)
                          Filter: (kind_id < 3)
                          Rows Removed by Filter: 1774635
Planning time: 6.400 ms
Execution time: 76741.479 ms
