Hash Join  (cost=797070.64..823981.76 rows=64 width=0) (actual time=38376.284..39669.257 rows=69 loops=1)
  Hash Cond: (mi_idx.movie_id = t.id)
  ->  Seq Scan on movie_info_idx mi_idx  (cost=0.00..21735.35 rows=1380035 width=4) (actual time=0.019..1099.336 rows=1380035 loops=1)
  ->  Hash  (cost=797069.17..797069.17 rows=118 width=8) (actual time=38291.023..38291.023 rows=101 loops=1)
        Buckets: 1024  Batches: 1  Memory Usage: 12kB
        ->  Nested Loop  (cost=0.43..797069.17 rows=118 width=8) (actual time=16626.441..38290.942 rows=101 loops=1)
              ->  Seq Scan on cast_info ci  (cost=0.00..796071.18 rows=118 width=4) (actual time=16626.277..38283.142 rows=101 loops=1)
                    Filter: ((role_id > 5) AND (person_id = 307768))
                    Rows Removed by Filter: 36244243
              ->  Index Only Scan using title_pkey on title t  (cost=0.43..8.45 rows=1 width=4) (actual time=0.075..0.076 rows=1 loops=101)
                    Index Cond: (id = ci.movie_id)
                    Heap Fetches: 101
Planning time: 1.230 ms
Execution time: 39669.373 ms
