Hash Join  (cost=102767.86..1002549.62 rows=7663176 width=0) (actual time=1839.142..20811.439 rows=7568861 loops=1)
  Hash Cond: (ci.movie_id = t.id)
  ->  Seq Scan on cast_info ci  (cost=0.00..705507.15 rows=7663176 width=4) (actual time=0.231..12187.306 rows=7568861 loops=1)
        Filter: (person_id < 733473)
        Rows Removed by Filter: 28675483
  ->  Hash  (cost=61283.27..61283.27 rows=2528527 width=4) (actual time=1836.724..1836.724 rows=2528312 loops=1)
        Buckets: 131072  Batches: 64  Memory Usage: 2415kB
        ->  Seq Scan on title t  (cost=0.00..61283.27 rows=2528527 width=4) (actual time=0.016..977.531 rows=2528312 loops=1)
Planning time: 0.790 ms
Execution time: 21656.201 ms
