Seq Scan on movie_companies mc  (cost=0.00..51404.11 rows=104 width=0) (actual time=142.366..2384.525 rows=39 loops=1)
  Filter: (company_id = 49214)
  Rows Removed by Filter: 2609090
Planning time: 0.993 ms
Execution time: 2384.630 ms
