Nested Loop  (cost=0.43..709671.90 rows=500 width=0) (actual time=16302.841..32099.167 rows=111 loops=1)
  ->  Seq Scan on cast_info ci  (cost=0.00..705507.15 rows=500 width=4) (actual time=16302.730..32085.477 rows=111 loops=1)
        Filter: (person_id = 2429023)
        Rows Removed by Filter: 36244233
  ->  Index Only Scan using title_pkey on title t  (cost=0.43..8.32 rows=1 width=4) (actual time=0.122..0.122 rows=1 loops=111)
        Index Cond: (id = ci.movie_id)
        Heap Fetches: 111
Planning time: 2.951 ms
Execution time: 32099.270 ms
