Hash Join  (cost=221312.94..594553.70 rows=663607 width=0) (actual time=19215.649..28058.104 rows=3239374 loops=1)
  Hash Cond: (mi.movie_id = t.id)
  ->  Seq Scan on movie_info mi  (cost=0.00..346232.03 rows=1338312 width=4) (actual time=8685.922..15327.235 rows=1401902 loops=1)
        Filter: (info_type_id = 7)
        Rows Removed by Filter: 13433818
  ->  Hash  (cost=200742.70..200742.70 rows=1253779 width=8) (actual time=10528.879..10528.879 rows=1274246 loops=1)
        Buckets: 131072  Batches: 32  Memory Usage: 2633kB
        ->  Hash Join  (cost=102767.86..200742.70 rows=1253779 width=8) (actual time=5140.832..10130.241 rows=1274246 loops=1)
              Hash Cond: (mc.movie_id = t.id)
              ->  Seq Scan on movie_companies mc  (cost=0.00..57926.93 rows=1253779 width=4) (actual time=0.037..3278.095 rows=1274246 loops=1)
                    Filter: ((company_id < 190382) AND (company_type_id < 2))
                    Rows Removed by Filter: 1334883
              ->  Hash  (cost=61283.27..61283.27 rows=2528527 width=4) (actual time=5137.063..5137.063 rows=2528312 loops=1)
                    Buckets: 131072  Batches: 64  Memory Usage: 2415kB
                    ->  Seq Scan on title t  (cost=0.00..61283.27 rows=2528527 width=4) (actual time=0.017..4139.655 rows=2528312 loops=1)
Planning time: 1.145 ms
Execution time: 28471.424 ms
