Hash Join  (cost=260597.16..1589965.58 rows=24364023 width=0) (actual time=12352.834..105756.902 rows=83094380 loops=1)
  Hash Cond: (ci.movie_id = t.id)
  ->  Seq Scan on cast_info ci  (cost=0.00..614943.12 rows=36225612 width=4) (actual time=0.018..47490.765 rows=36244344 loops=1)
  ->  Hash  (cost=232696.72..232696.72 rows=1700595 width=8) (actual time=12351.334..12351.334 rows=1410589 loops=1)
        Buckets: 131072  Batches: 32  Memory Usage: 2765kB
        ->  Hash Join  (cost=92735.26..232696.72 rows=1700595 width=8) (actual time=5147.866..11904.339 rows=1410589 loops=1)
              Hash Cond: (mk.movie_id = t.id)
              ->  Seq Scan on movie_keyword mk  (cost=0.00..81003.12 rows=2807276 width=4) (actual time=0.027..3462.443 rows=2801702 loops=1)
                    Filter: (keyword_id > 2762)
                    Rows Removed by Filter: 1722228
              ->  Hash  (cost=67604.59..67604.59 rows=1531734 width=4) (actual time=5146.347..5146.347 rows=1531613 loops=1)
                    Buckets: 131072  Batches: 32  Memory Usage: 2716kB
                    ->  Seq Scan on title t  (cost=0.00..67604.59 rows=1531734 width=4) (actual time=0.025..3843.587 rows=1531613 loops=1)
                          Filter: (production_year > 1997)
                          Rows Removed by Filter: 996699
Planning time: 7.851 ms
Execution time: 116063.084 ms
