Seq Scan on movie_keyword mk  (cost=0.00..81003.12 rows=246 width=0) (actual time=1291.367..3902.254 rows=6 loops=1)
  Filter: (keyword_id = 82167)
  Rows Removed by Filter: 4523924
Planning time: 0.460 ms
Execution time: 3902.340 ms
