Seq Scan on movie_keyword mk  (cost=0.00..81003.12 rows=2500355 width=0) (actual time=0.024..4366.796 rows=2494396 loops=1)
  Filter: (keyword_id < 6081)
  Rows Removed by Filter: 2029534
Planning time: 0.323 ms
Execution time: 4734.169 ms
