Hash Join  (cost=87146.10..233743.98 rows=1349201 width=0) (actual time=9028.864..12470.728 rows=340889 loops=1)
  Hash Cond: (mk.movie_id = t.id)
  ->  Seq Scan on movie_keyword mk  (cost=0.00..81003.12 rows=4233797 width=4) (actual time=0.010..4933.350 rows=4213440 loops=1)
        Filter: (keyword_id > 245)
        Rows Removed by Filter: 310490
  ->  Hash  (cost=73925.90..73925.90 rows=805776 width=4) (actual time=5231.688..5231.688 rows=881945 loops=1)
        Buckets: 131072  Batches: 16  Memory Usage: 2976kB
        ->  Seq Scan on title t  (cost=0.00..73925.90 rows=805776 width=4) (actual time=0.014..4338.093 rows=881945 loops=1)
              Filter: ((production_year > 2001) AND (kind_id = 7))
              Rows Removed by Filter: 1646367
Planning time: 7.133 ms
Execution time: 12511.923 ms
