Hash Join  (cost=148474.31..633351.67 rows=475243 width=0) (actual time=7795.708..38703.902 rows=5547160 loops=1)
  Hash Cond: (mi.movie_id = t.id)
  ->  Seq Scan on movie_info mi  (cost=0.00..309384.22 rows=14739122 width=4) (actual time=0.015..21700.519 rows=14835720 loops=1)
  ->  Hash  (cost=147136.20..147136.20 rows=81529 width=8) (actual time=7794.925..7794.925 rows=113799 loops=1)
        Buckets: 131072  Batches: 2  Memory Usage: 3233kB
        ->  Hash Join  (cost=78171.87..147136.20 rows=81529 width=8) (actual time=4125.172..7753.963 rows=113799 loops=1)
              Hash Cond: (mc.movie_id = t.id)
              ->  Seq Scan on movie_companies mc  (cost=0.00..57926.93 rows=796562 width=4) (actual time=324.089..3344.417 rows=1095146 loops=1)
                    Filter: ((company_id < 16855) AND (company_type_id < 2))
                    Rows Removed by Filter: 1513983
              ->  Hash  (cost=73925.90..73925.90 rows=258797 width=4) (actual time=3800.259..3800.259 rows=227847 loops=1)
                    Buckets: 131072  Batches: 4  Memory Usage: 3032kB
                    ->  Seq Scan on title t  (cost=0.00..73925.90 rows=258797 width=4) (actual time=0.037..3717.883 rows=227847 loops=1)
                          Filter: ((kind_id < 7) AND (production_year > 2008))
                          Rows Removed by Filter: 2300465
Planning time: 3.943 ms
Execution time: 39658.114 ms
