Seq Scan on movie_companies mc  (cost=0.00..57926.93 rows=581434 width=0) (actual time=739.350..3004.972 rows=369739 loops=1)
  Filter: ((company_id < 8486) AND (company_type_id = 2))
  Rows Removed by Filter: 2239390
Planning time: 0.452 ms
Execution time: 3064.331 ms
