Hash Join  (cost=334791.12..1490582.75 rows=16861258 width=0) (actual time=15783.743..72933.280 rows=33561749 loops=1)
  Hash Cond: (ci.movie_id = t.id)
  ->  Seq Scan on cast_info ci  (cost=0.00..796071.18 rows=11537716 width=4) (actual time=0.311..39475.016 rows=9279094 loops=1)
        Filter: ((person_id > 2180573) AND (role_id < 8))
        Rows Removed by Filter: 26965250
  ->  Hash  (cost=274166.14..274166.14 rows=3695198 width=8) (actual time=15782.022..15782.022 rows=4200438 loops=1)
        Buckets: 131072  Batches: 64  Memory Usage: 3613kB
        ->  Hash Join  (cost=101489.21..274166.14 rows=3695198 width=8) (actual time=5409.057..14444.461 rows=4200438 loops=1)
              Hash Cond: (mk.movie_id = t.id)
              ->  Seq Scan on movie_keyword mk  (cost=0.00..69693.30 rows=4523930 width=4) (actual time=0.013..4788.009 rows=4523930 loops=1)
              ->  Hash  (cost=67604.59..67604.59 rows=2065330 width=4) (actual time=5407.249..5407.249 rows=2064552 loops=1)
                    Buckets: 131072  Batches: 32  Memory Usage: 3298kB
                    ->  Seq Scan on title t  (cost=0.00..67604.59 rows=2065330 width=4) (actual time=0.008..4470.042 rows=2064552 loops=1)
                          Filter: (production_year < 2011)
                          Rows Removed by Filter: 463760
Planning time: 1.090 ms
Execution time: 77129.728 ms
