Seq Scan on movie_keyword mk  (cost=0.00..81003.12 rows=1505570 width=0) (actual time=0.030..1360.563 rows=1514488 loops=1)
  Filter: (keyword_id < 2197)
  Rows Removed by Filter: 3009442
Planning time: 0.325 ms
Execution time: 1548.817 ms
