Hash Join  (cost=100862.36..854118.50 rows=2626 width=0) (actual time=16164.357..48457.983 rows=26536 loops=1)
  Hash Cond: (ci.movie_id = t.id)
  ->  Seq Scan on cast_info ci  (cost=0.00..705507.15 rows=12726058 width=4) (actual time=11094.262..40536.731 rows=12670688 loops=1)
        Filter: (role_id = 1)
        Rows Removed by Filter: 23573656
  ->  Hash  (cost=100855.84..100855.84 rows=522 width=8) (actual time=5060.592..5060.592 rows=2361 loops=1)
        Buckets: 4096 (originally 1024)  Batches: 1 (originally 1)  Memory Usage: 125kB
        ->  Hash Join  (cost=73962.22..100855.84 rows=522 width=8) (actual time=3458.184..5059.204 rows=2361 loops=1)
              Hash Cond: (mi_idx.movie_id = t.id)
              ->  Seq Scan on movie_info_idx mi_idx  (cost=0.00..25185.44 rows=454124 width=4) (actual time=0.051..1459.940 rows=459925 loops=1)
                    Filter: (info_type_id = 100)
                    Rows Removed by Filter: 920110
              ->  Hash  (cost=73925.90..73925.90 rows=2905 width=4) (actual time=3458.059..3458.059 rows=5914 loops=1)
                    Buckets: 8192 (originally 4096)  Batches: 1 (originally 1)  Memory Usage: 272kB
                    ->  Seq Scan on title t  (cost=0.00..73925.90 rows=2905 width=4) (actual time=0.129..3454.581 rows=5914 loops=1)
                          Filter: ((kind_id < 7) AND (production_year = 1974))
                          Rows Removed by Filter: 2522398
Planning time: 6.565 ms
Execution time: 48464.550 ms
