Hash Join  (cost=128786.93..922942.32 rows=52491 width=0) (actual time=10302.628..52648.135 rows=162522 loops=1)
  Hash Cond: (ci.movie_id = t.id)
  ->  Seq Scan on cast_info ci  (cost=0.00..705507.15 rows=23499554 width=4) (actual time=5019.051..40739.118 rows=23573656 loops=1)
        Filter: (role_id > 1)
        Rows Removed by Filter: 12670688
  ->  Hash  (cost=128716.33..128716.33 rows=5648 width=8) (actual time=5283.020..5283.020 rows=11705 loops=1)
        Buckets: 16384 (originally 8192)  Batches: 1 (originally 1)  Memory Usage: 586kB
        ->  Hash Join  (cost=73994.33..128716.33 rows=5648 width=8) (actual time=2775.217..5277.319 rows=11705 loops=1)
              Hash Cond: (mc.movie_id = t.id)
              ->  Seq Scan on movie_companies mc  (cost=0.00..44881.29 rows=2609129 width=4) (actual time=0.047..1791.434 rows=2609129 loops=1)
              ->  Hash  (cost=73925.90..73925.90 rows=5474 width=4) (actual time=2775.093..2775.093 rows=12057 loops=1)
                    Buckets: 16384 (originally 8192)  Batches: 1 (originally 1)  Memory Usage: 552kB
                    ->  Seq Scan on title t  (cost=0.00..73925.90 rows=5474 width=4) (actual time=0.091..2768.231 rows=12057 loops=1)
                          Filter: ((kind_id > 1) AND (production_year = 1984))
                          Rows Removed by Filter: 2516255
Planning time: 1.116 ms
Execution time: 52695.609 ms
