Seq Scan on movie_companies mc  (cost=0.00..57926.93 rows=598167 width=0) (actual time=0.039..2654.936 rows=878479 loops=1)
  Filter: ((company_id > 12591) AND (company_type_id = 2))
  Rows Removed by Filter: 1730650
Planning time: 0.327 ms
Execution time: 2838.640 ms
