Hash Join  (cost=102767.86..910327.74 rows=66874 width=0) (actual time=12382.018..41567.489 rows=217673 loops=1)
  Hash Cond: (ci.movie_id = t.id)
  ->  Seq Scan on cast_info ci  (cost=0.00..796071.18 rows=66874 width=4) (actual time=5978.749..34388.586 rows=217673 loops=1)
        Filter: ((person_id > 2965816) AND (role_id > 10))
        Rows Removed by Filter: 36026671
  ->  Hash  (cost=61283.27..61283.27 rows=2528527 width=4) (actual time=6399.714..6399.714 rows=2528312 loops=1)
        Buckets: 131072  Batches: 64  Memory Usage: 2415kB
        ->  Seq Scan on title t  (cost=0.00..61283.27 rows=2528527 width=4) (actual time=0.028..4409.596 rows=2528312 loops=1)
Planning time: 0.737 ms
Execution time: 41595.348 ms
