Hash Join  (cost=174335.17..304382.02 rows=660281 width=0) (actual time=15779.973..18034.730 rows=894956 loops=1)
  Hash Cond: (mk.movie_id = t.id)
  ->  Seq Scan on movie_keyword mk  (cost=0.00..69693.30 rows=4523930 width=4) (actual time=0.007..4640.009 rows=4523930 loops=1)
  ->  Hash  (cost=168280.10..168280.10 rows=369046 width=8) (actual time=10232.187..10232.187 rows=316839 loops=1)
        Buckets: 131072  Batches: 8  Memory Usage: 2563kB
        ->  Hash Join  (cost=92883.59..168280.10 rows=369046 width=8) (actual time=8345.867..10126.786 rows=316839 loops=1)
              Hash Cond: (mc.movie_id = t.id)
              ->  Seq Scan on movie_companies mc  (cost=0.00..57926.93 rows=605623 width=4) (actual time=0.029..3570.009 rows=824205 loops=1)
                    Filter: ((company_id < 11141) AND (company_type_id < 2))
                    Rows Removed by Filter: 1784924
              ->  Hash  (cost=67604.59..67604.59 rows=1540800 width=4) (actual time=5700.722..5700.722 rows=1543264 loops=1)
                    Buckets: 131072  Batches: 32  Memory Usage: 2722kB
                    ->  Seq Scan on title t  (cost=0.00..67604.59 rows=1540800 width=4) (actual time=0.010..4294.255 rows=1543264 loops=1)
                          Filter: (kind_id = 7)
                          Rows Removed by Filter: 985048
Planning time: 2.247 ms
Execution time: 18154.143 ms
