Seq Scan on cast_info ci  (cost=0.00..796071.18 rows=733688 width=0) (actual time=25818.253..36883.145 rows=685297 loops=1)
  Filter: ((person_id < 1496638) AND (role_id = 8))
  Rows Removed by Filter: 35559047
Planning time: 0.484 ms
Execution time: 36984.156 ms
