Hash Join  (cost=83072.93..833862.38 rows=33 width=0) (actual time=4037.414..45186.849 rows=76 loops=1)
  Hash Cond: (ci.movie_id = t.id)
  ->  Seq Scan on cast_info ci  (cost=0.00..614943.12 rows=36225612 width=4) (actual time=0.023..32986.058 rows=36244344 loops=1)
  ->  Hash  (cost=83072.90..83072.90 rows=2 width=8) (actual time=3648.549..3648.549 rows=6 loops=1)
        Buckets: 1024  Batches: 1  Memory Usage: 9kB
        ->  Nested Loop  (cost=0.43..83072.90 rows=2 width=8) (actual time=663.146..3648.534 rows=6 loops=1)
              ->  Seq Scan on movie_keyword mk  (cost=0.00..81003.12 rows=246 width=4) (actual time=2.351..3618.083 rows=122 loops=1)
                    Filter: (keyword_id = 3207)
                    Rows Removed by Filter: 4523808
              ->  Index Scan using title_pkey on title t  (cost=0.43..8.40 rows=1 width=4) (actual time=0.246..0.246 rows=0 loops=122)
                    Index Cond: (id = mk.movie_id)
                    Filter: ((production_year < 1984) AND (kind_id = 3))
                    Rows Removed by Filter: 1
Planning time: 6.646 ms
Execution time: 45187.069 ms
