Hash Join  (cost=156055.40..255822.21 rows=108245 width=0) (actual time=8742.702..13851.810 rows=364987 loops=1)
  Hash Cond: (mk.movie_id = t.id)
  ->  Seq Scan on movie_keyword mk  (cost=0.00..81003.12 rows=1465930 width=4) (actual time=0.020..4308.741 rows=1477404 loops=1)
        Filter: (keyword_id > 11117)
        Rows Removed by Filter: 3046526
  ->  Hash  (cost=152991.55..152991.55 rows=186708 width=8) (actual time=8741.992..8741.992 rows=134501 loops=1)
        Buckets: 131072  Batches: 4  Memory Usage: 2350kB
        ->  Hash Join  (cost=83810.17..152991.55 rows=186708 width=8) (actual time=5340.196..8694.547 rows=134501 loops=1)
              Hash Cond: (mc.movie_id = t.id)
              ->  Seq Scan on movie_companies mc  (cost=0.00..57926.93 rows=477962 width=4) (actual time=0.328..2544.542 rows=275185 loops=1)
                    Filter: ((company_id < 3436) AND (company_type_id > 1))
                    Rows Removed by Filter: 2333944
              ->  Hash  (cost=67604.59..67604.59 rows=987727 width=4) (actual time=5339.073..5339.073 rows=985048 loops=1)
                    Buckets: 131072  Batches: 16  Memory Usage: 3188kB
                    ->  Seq Scan on title t  (cost=0.00..67604.59 rows=987727 width=4) (actual time=0.014..4180.107 rows=985048 loops=1)
                          Filter: (kind_id < 7)
                          Rows Removed by Filter: 1543264
Planning time: 4.627 ms
Execution time: 13899.639 ms
