Hash Join  (cost=95596.79..460951.34 rows=69862 width=0) (actual time=4481.958..21336.620 rows=43268 loops=1)
  Hash Cond: (mi.movie_id = t.id)
  ->  Seq Scan on movie_info mi  (cost=0.00..309384.22 rows=14739122 width=4) (actual time=0.008..13054.005 rows=14835720 loops=1)
  ->  Hash  (cost=95446.98..95446.98 rows=11985 width=8) (actual time=4471.451..4471.451 rows=4937 loops=1)
        Buckets: 16384  Batches: 1  Memory Usage: 321kB
        ->  Hash Join  (cost=68438.72..95446.98 rows=11985 width=8) (actual time=2992.882..4468.765 rows=4937 loops=1)
              Hash Cond: (mi_idx.movie_id = t.id)
              ->  Seq Scan on movie_info_idx mi_idx  (cost=0.00..25185.44 rows=454124 width=4) (actual time=0.024..1276.252 rows=459925 loops=1)
                    Filter: (info_type_id = 100)
                    Rows Removed by Filter: 920110
              ->  Hash  (cost=67604.59..67604.59 rows=66731 width=4) (actual time=2991.850..2991.850 rows=67342 loops=1)
                    Buckets: 131072  Batches: 1  Memory Usage: 3392kB
                    ->  Seq Scan on title t  (cost=0.00..67604.59 rows=66731 width=4) (actual time=0.015..2961.609 rows=67342 loops=1)
                          Filter: (production_year > 2012)
                          Rows Removed by Filter: 2460970
Planning time: 2.702 ms
Execution time: 21345.891 ms
