Hash Join  (cost=709678.15..806499.14 rows=834 width=0) (actual time=32577.512..35102.889 rows=1 loops=1)
  Hash Cond: (mk.movie_id = t.id)
  ->  Seq Scan on movie_keyword mk  (cost=0.00..81003.12 rows=4215872 width=4) (actual time=0.018..4252.180 rows=4192622 loops=1)
        Filter: (keyword_id > 266)
        Rows Removed by Filter: 331308
  ->  Hash  (cost=709671.90..709671.90 rows=500 width=8) (actual time=30120.782..30120.782 rows=2 loops=1)
        Buckets: 1024  Batches: 1  Memory Usage: 9kB
        ->  Nested Loop  (cost=0.43..709671.90 rows=500 width=8) (actual time=20978.830..30120.753 rows=2 loops=1)
              ->  Seq Scan on cast_info ci  (cost=0.00..705507.15 rows=500 width=4) (actual time=20978.726..30120.630 rows=2 loops=1)
                    Filter: (person_id = 3514088)
                    Rows Removed by Filter: 36244342
              ->  Index Only Scan using title_pkey on title t  (cost=0.43..8.32 rows=1 width=4) (actual time=0.045..0.046 rows=1 loops=2)
                    Index Cond: (id = ci.movie_id)
                    Heap Fetches: 2
Planning time: 1.248 ms
Execution time: 35103.012 ms
