Hash Join  (cost=124186.80..202046.59 rows=203827 width=0) (actual time=2706.687..5399.257 rows=1534356 loops=1)
  Hash Cond: (mc.movie_id = t.id)
  ->  Seq Scan on movie_companies mc  (cost=0.00..44881.29 rows=2609129 width=4) (actual time=0.024..868.086 rows=2609129 loops=1)
  ->  Hash  (cost=120945.67..120945.67 rows=197530 width=8) (actual time=2705.501..2705.501 rows=453658 loops=1)
        Buckets: 131072 (originally 131072)  Batches: 8 (originally 4)  Memory Usage: 3247kB
        ->  Hash Join  (cost=79863.89..120945.67 rows=197530 width=8) (actual time=1310.751..2562.880 rows=453658 loops=1)
              Hash Cond: (mi_idx.movie_id = t.id)
              ->  Seq Scan on movie_info_idx mi_idx  (cost=0.00..21735.35 rows=1380035 width=4) (actual time=0.008..413.144 rows=1380035 loops=1)
              ->  Hash  (cost=73925.90..73925.90 rows=361919 width=4) (actual time=1309.965..1309.965 rows=470371 loops=1)
                    Buckets: 131072  Batches: 8  Memory Usage: 3103kB
                    ->  Seq Scan on title t  (cost=0.00..73925.90 rows=361919 width=4) (actual time=0.039..1163.945 rows=470371 loops=1)
                          Filter: ((kind_id < 7) AND (production_year < 1998))
                          Rows Removed by Filter: 2057941
Planning time: 1.163 ms
Execution time: 5551.455 ms
