Hash Join  (cost=74299.17..101372.63 rows=16298 width=0) (actual time=3910.333..5642.943 rows=22000 loops=1)
  Hash Cond: (mi_idx.movie_id = t.id)
  ->  Seq Scan on movie_info_idx mi_idx  (cost=0.00..21735.35 rows=1380035 width=4) (actual time=0.026..1330.167 rows=1380035 loops=1)
  ->  Hash  (cost=73925.90..73925.90 rows=29861 width=4) (actual time=3910.056..3910.056 rows=17772 loops=1)
        Buckets: 32768  Batches: 1  Memory Usage: 881kB
        ->  Seq Scan on title t  (cost=0.00..73925.90 rows=29861 width=4) (actual time=0.029..3902.502 rows=17772 loops=1)
              Filter: ((kind_id = 1) AND (production_year = 2007))
              Rows Removed by Filter: 2510540
Planning time: 0.791 ms
Execution time: 5646.238 ms
