Seq Scan on movie_keyword mk  (cost=0.00..81003.12 rows=246 width=0) (actual time=139.088..3358.951 rows=81 loops=1)
  Filter: (keyword_id = 10042)
  Rows Removed by Filter: 4523849
Planning time: 0.336 ms
Execution time: 3359.100 ms
