Hash Join  (cost=73950.44..157811.53 rows=590 width=0) (actual time=1647.759..5468.993 rows=4603 loops=1)
  Hash Cond: (mk.movie_id = t.id)
  ->  Seq Scan on movie_keyword mk  (cost=0.00..81003.12 rows=760551 width=4) (actual time=0.020..3644.313 rows=760248 loops=1)
        Filter: (keyword_id < 712)
        Rows Removed by Filter: 3763682
  ->  Hash  (cost=73925.90..73925.90 rows=1963 width=4) (actual time=1646.099..1646.099 rows=5006 loops=1)
        Buckets: 8192 (originally 2048)  Batches: 1 (originally 1)  Memory Usage: 240kB
        ->  Seq Scan on title t  (cost=0.00..73925.90 rows=1963 width=4) (actual time=1118.948..1643.834 rows=5006 loops=1)
              Filter: ((kind_id = 1) AND (production_year = 1991))
              Rows Removed by Filter: 2523306
Planning time: 0.766 ms
Execution time: 5469.992 ms
