Seq Scan on movie_companies mc  (cost=0.00..57926.93 rows=53 width=0) (actual time=15.644..788.768 rows=108 loops=1)
  Filter: ((company_id = 6227) AND (company_type_id = 2))
  Rows Removed by Filter: 2609021
Planning time: 0.415 ms
Execution time: 788.922 ms
