Seq Scan on cast_info ci  (cost=0.00..796071.18 rows=5541197 width=0) (actual time=17011.772..35274.147 rows=6978441 loops=1)
  Filter: ((person_id > 1260022) AND (role_id > 5))
  Rows Removed by Filter: 29265903
Planning time: 0.373 ms
Execution time: 36202.655 ms
