Hash Join  (cost=181536.06..1319301.05 rows=10120183 width=0) (actual time=10846.681..86773.965 rows=40676728 loops=1)
  Hash Cond: (ci.movie_id = t.id)
  ->  Seq Scan on cast_info ci  (cost=0.00..614943.12 rows=36225612 width=4) (actual time=0.021..40380.947 rows=36244344 loops=1)
  ->  Hash  (cost=169946.27..169946.27 rows=706383 width=8) (actual time=10845.675..10845.675 rows=1079531 loops=1)
        Buckets: 131072  Batches: 16  Memory Usage: 3640kB
        ->  Hash Join  (cost=85157.92..169946.27 rows=706383 width=8) (actual time=4845.988..10437.533 rows=1079531 loops=1)
              Hash Cond: (mc.movie_id = t.id)
              ->  Seq Scan on movie_companies mc  (cost=0.00..44881.29 rows=2609129 width=4) (actual time=0.032..3142.765 rows=2609129 loops=1)
              ->  Hash  (cost=73925.90..73925.90 rows=684561 width=4) (actual time=4845.290..4845.290 rows=585759 loops=1)
                    Buckets: 131072  Batches: 16  Memory Usage: 2308kB
                    ->  Seq Scan on title t  (cost=0.00..73925.90 rows=684561 width=4) (actual time=0.024..4143.219 rows=585759 loops=1)
                          Filter: ((kind_id < 7) AND (production_year > 1990))
                          Rows Removed by Filter: 1942553
Planning time: 5.677 ms
Execution time: 91820.613 ms
