Nested Loop  (cost=0.43..83072.90 rows=106 width=0) (actual time=64.931..4042.374 rows=108 loops=1)
  ->  Seq Scan on movie_keyword mk  (cost=0.00..81003.12 rows=246 width=4) (actual time=0.135..3707.817 rows=1422 loops=1)
        Filter: (keyword_id = 386)
        Rows Removed by Filter: 4522508
  ->  Index Scan using title_pkey on title t  (cost=0.43..8.40 rows=1 width=4) (actual time=0.234..0.234 rows=0 loops=1422)
        Index Cond: (id = mk.movie_id)
        Filter: ((kind_id > 1) AND (production_year > 1998))
        Rows Removed by Filter: 1
Planning time: 12.136 ms
Execution time: 4042.568 ms
