Hash Join  (cost=161207.36..543464.75 rows=48921 width=0) (actual time=8254.030..29383.678 rows=49130 loops=1)
  Hash Cond: (mi.movie_id = t.id)
  ->  Seq Scan on movie_info mi  (cost=0.00..346232.03 rows=9476311 width=4) (actual time=0.019..18930.307 rows=9565151 loops=1)
        Filter: (info_type_id < 16)
        Rows Removed by Filter: 5270569
  ->  Hash  (cost=161044.20..161044.20 rows=13053 width=8) (actual time=8253.755..8253.755 rows=5667 loops=1)
        Buckets: 16384  Batches: 1  Memory Usage: 350kB
        ->  Hash Join  (cost=75458.68..161044.20 rows=13053 width=8) (actual time=3995.229..8251.395 rows=5667 loops=1)
              Hash Cond: (mk.movie_id = t.id)
              ->  Seq Scan on movie_keyword mk  (cost=0.00..81003.12 rows=353296 width=4) (actual time=0.024..4091.138 rows=350226 loops=1)
                    Filter: (keyword_id > 47487)
                    Rows Removed by Filter: 4173704
              ->  Hash  (cost=73925.90..73925.90 rows=93422 width=4) (actual time=3994.177..3994.177 rows=100754 loops=1)
                    Buckets: 131072  Batches: 2  Memory Usage: 2808kB
                    ->  Seq Scan on title t  (cost=0.00..73925.90 rows=93422 width=4) (actual time=0.027..3952.059 rows=100754 loops=1)
                          Filter: ((kind_id > 1) AND (production_year = 2008))
                          Rows Removed by Filter: 2427558
Planning time: 1.127 ms
Execution time: 29391.690 ms
