Seq Scan on cast_info ci  (cost=0.00..796071.18 rows=435 width=0) (actual time=29604.691..42900.810 rows=3 loops=1)
  Filter: ((role_id < 10) AND (person_id = 3141212))
  Rows Removed by Filter: 36244341
Planning time: 0.374 ms
Execution time: 42900.935 ms
