Seq Scan on cast_info ci  (cost=0.00..705507.15 rows=500 width=0) (actual time=8948.192..34362.563 rows=10 loops=1)
  Filter: (person_id = 1254646)
  Rows Removed by Filter: 36244334
Planning time: 0.374 ms
Execution time: 34362.677 ms
