Hash Join  (cost=102767.86..180301.51 rows=404229 width=0) (actual time=6841.327..9711.568 rows=579170 loops=1)
  Hash Cond: (mc.movie_id = t.id)
  ->  Seq Scan on movie_companies mc  (cost=0.00..57926.93 rows=404229 width=4) (actual time=1047.411..2947.362 rows=579170 loops=1)
        Filter: ((company_id < 1907) AND (company_type_id < 2))
        Rows Removed by Filter: 2029959
  ->  Hash  (cost=61283.27..61283.27 rows=2528527 width=4) (actual time=5788.555..5788.555 rows=2528312 loops=1)
        Buckets: 131072  Batches: 64  Memory Usage: 2415kB
        ->  Seq Scan on title t  (cost=0.00..61283.27 rows=2528527 width=4) (actual time=0.021..4035.995 rows=2528312 loops=1)
Planning time: 0.706 ms
Execution time: 9784.912 ms
