Hash Join  (cost=196859.52..943554.34 rows=702530 width=0) (actual time=12146.925..17548.519 rows=663311 loops=1)
  Hash Cond: (ci.movie_id = t.id)
  ->  Seq Scan on cast_info ci  (cost=0.00..705507.15 rows=2735034 width=4) (actual time=8067.996..11978.908 rows=2728943 loops=1)
        Filter: (role_id = 4)
        Rows Removed by Filter: 33515401
  ->  Hash  (cost=186202.94..186202.94 rows=649486 width=8) (actual time=4077.732..4077.732 rows=414785 loops=1)
        Buckets: 131072  Batches: 16  Memory Usage: 2040kB
        ->  Hash Join  (cost=102767.86..186202.94 rows=649486 width=8) (actual time=2062.037..3923.096 rows=414785 loops=1)
              Hash Cond: (mc.movie_id = t.id)
              ->  Seq Scan on movie_companies mc  (cost=0.00..57926.93 rows=649486 width=4) (actual time=120.327..1026.223 rows=414785 loops=1)
                    Filter: ((company_id > 11203) AND (company_type_id < 2))
                    Rows Removed by Filter: 2194344
              ->  Hash  (cost=61283.27..61283.27 rows=2528527 width=4) (actual time=1939.888..1939.888 rows=2528312 loops=1)
                    Buckets: 131072  Batches: 64  Memory Usage: 2415kB
                    ->  Seq Scan on title t  (cost=0.00..61283.27 rows=2528527 width=4) (actual time=0.070..1097.908 rows=2528312 loops=1)
Planning time: 1.176 ms
Execution time: 17633.936 ms
