Seq Scan on movie_keyword mk  (cost=0.00..81003.12 rows=246 width=0) (actual time=0.214..1238.469 rows=742 loops=1)
  Filter: (keyword_id = 462)
  Rows Removed by Filter: 4523188
Planning time: 0.368 ms
Execution time: 1238.895 ms
