Hash Join  (cost=188358.82..1351674.23 rows=12607424 width=0) (actual time=9521.226..87710.414 rows=55331783 loops=1)
  Hash Cond: (ci.movie_id = t.id)
  ->  Seq Scan on cast_info ci  (cost=0.00..614943.12 rows=36225612 width=4) (actual time=0.023..38043.026 rows=36244344 loops=1)
  ->  Hash  (cost=173920.93..173920.93 rows=879991 width=8) (actual time=9519.697..9519.697 rows=1774314 loops=1)
        Buckets: 131072 (originally 131072)  Batches: 32 (originally 16)  Memory Usage: 3181kB
        ->  Hash Join  (cost=83810.17..173920.93 rows=879991 width=8) (actual time=3794.768..8994.827 rows=1774314 loops=1)
              Hash Cond: (mc.movie_id = t.id)
              ->  Seq Scan on movie_companies mc  (cost=0.00..51404.11 rows=2252730 width=4) (actual time=0.022..3164.858 rows=2258452 loops=1)
                    Filter: (company_id > 166)
                    Rows Removed by Filter: 350677
              ->  Hash  (cost=67604.59..67604.59 rows=987727 width=4) (actual time=3790.997..3790.997 rows=985048 loops=1)
                    Buckets: 131072  Batches: 16  Memory Usage: 3188kB
                    ->  Seq Scan on title t  (cost=0.00..67604.59 rows=987727 width=4) (actual time=0.022..3366.381 rows=985048 loops=1)
                          Filter: (kind_id < 7)
                          Rows Removed by Filter: 1543264
Planning time: 1.218 ms
Execution time: 94566.538 ms
