Hash Join  (cost=81206.46..152051.91 rows=233330 width=0) (actual time=1341.137..3137.146 rows=513898 loops=1)
  Hash Cond: (mc.movie_id = t.id)
  ->  Seq Scan on movie_companies mc  (cost=0.00..51404.11 rows=1329612 width=4) (actual time=0.030..964.332 rows=1334883 loops=1)
        Filter: (company_type_id > 1)
        Rows Removed by Filter: 1274246
  ->  Hash  (cost=73925.90..73925.90 rows=443724 width=4) (actual time=1340.099..1340.099 rows=536860 loops=1)
        Buckets: 131072  Batches: 8  Memory Usage: 3395kB
        ->  Seq Scan on title t  (cost=0.00..73925.90 rows=443724 width=4) (actual time=0.013..1168.890 rows=536860 loops=1)
              Filter: ((kind_id < 7) AND (production_year < 2002))
              Rows Removed by Filter: 1991452
Planning time: 0.808 ms
Execution time: 3197.048 ms
