Hash Join  (cost=168176.83..1046509.59 rows=1005618 width=0) (actual time=7235.461..18949.929 rows=863380 loops=1)
  Hash Cond: (ci.movie_id = t.id)
  ->  Seq Scan on cast_info ci  (cost=0.00..796071.18 rows=6103841 width=4) (actual time=3718.906..13252.717 rows=3772337 loops=1)
        Filter: ((person_id < 1340448) AND (role_id > 2))
        Rows Removed by Filter: 32472007
  ->  Hash  (cost=161341.59..161341.59 rows=416579 width=8) (actual time=3514.924..3514.924 rows=181381 loops=1)
        Buckets: 131072  Batches: 8  Memory Usage: 1898kB
        ->  Hash Join  (cost=80549.28..161341.59 rows=416579 width=8) (actual time=1782.996..3462.379 rows=181381 loops=1)
              Hash Cond: (mc.movie_id = t.id)
              ->  Seq Scan on movie_companies mc  (cost=0.00..44881.29 rows=2609129 width=4) (actual time=0.018..894.050 rows=2609129 loops=1)
              ->  Hash  (cost=73925.90..73925.90 rows=403710 width=4) (actual time=1299.824..1299.824 rows=434218 loops=1)
                    Buckets: 131072  Batches: 8  Memory Usage: 2935kB
                    ->  Seq Scan on title t  (cost=0.00..73925.90 rows=403710 width=4) (actual time=0.030..1154.626 rows=434218 loops=1)
                          Filter: ((production_year > 2008) AND (kind_id = 7))
                          Rows Removed by Filter: 2094094
Planning time: 4.006 ms
Execution time: 19054.749 ms
