Hash Join  (cost=74787.47..132781.66 rows=456 width=0) (actual time=1399.838..2148.307 rows=241 loops=1)
  Hash Cond: (mc.movie_id = t.id)
  ->  Seq Scan on movie_companies mc  (cost=0.00..57926.93 rows=16719 width=4) (actual time=169.456..903.382 rows=35517 loops=1)
        Filter: ((company_type_id < 2) AND (company_id = 160))
        Rows Removed by Filter: 2573612
  ->  Hash  (cost=73925.90..73925.90 rows=68925 width=4) (actual time=1228.890..1228.890 rows=84076 loops=1)
        Buckets: 131072  Batches: 1  Memory Usage: 3980kB
        ->  Seq Scan on title t  (cost=0.00..73925.90 rows=68925 width=4) (actual time=0.033..1193.218 rows=84076 loops=1)
              Filter: ((kind_id = 7) AND (production_year = 2007))
              Rows Removed by Filter: 2444236
Planning time: 5.868 ms
Execution time: 2148.608 ms
