Seq Scan on movie_keyword mk  (cost=0.00..81003.12 rows=2597785 width=0) (actual time=0.025..1431.756 rows=2586216 loops=1)
  Filter: (keyword_id < 6830)
  Rows Removed by Filter: 1937714
Planning time: 0.348 ms
Execution time: 1748.657 ms
