Hash Join  (cost=188507.37..651639.36 rows=1300951 width=0) (actual time=10808.937..29640.691 rows=16585045 loops=1)
  Hash Cond: (mi.movie_id = t.id)
  ->  Seq Scan on movie_info mi  (cost=0.00..346232.03 rows=8859586 width=4) (actual time=1793.547..12123.203 rows=8966694 loops=1)
        Filter: (info_type_id < 15)
        Rows Removed by Filter: 5869026
  ->  Hash  (cost=182415.22..182415.22 rows=371292 width=8) (actual time=9014.602..9014.602 rows=819157 loops=1)
        Buckets: 131072 (originally 131072)  Batches: 16 (originally 8)  Memory Usage: 3133kB
        ->  Hash Join  (cost=81720.25..182415.22 rows=371292 width=8) (actual time=3778.924..8745.001 rows=819157 loops=1)
              Hash Cond: (mk.movie_id = t.id)
              ->  Seq Scan on movie_keyword mk  (cost=0.00..81003.12 rows=1091179 width=4) (actual time=0.033..4016.270 rows=1095242 loops=1)
                    Filter: (keyword_id < 1120)
                    Rows Removed by Filter: 3428688
              ->  Hash  (cost=67604.59..67604.59 rows=860373 width=4) (actual time=3778.113..3778.113 rows=854214 loops=1)
                    Buckets: 131072  Batches: 16  Memory Usage: 2906kB
                    ->  Seq Scan on title t  (cost=0.00..67604.59 rows=860373 width=4) (actual time=0.018..3464.526 rows=854214 loops=1)
                          Filter: (kind_id < 4)
                          Rows Removed by Filter: 1674098
Planning time: 1.065 ms
Execution time: 31437.385 ms
