Hash Join  (cost=102767.86..232132.99 rows=1599262 width=0) (actual time=1947.577..5144.986 rows=1612458 loops=1)
  Hash Cond: (mk.movie_id = t.id)
  ->  Seq Scan on movie_keyword mk  (cost=0.00..81003.12 rows=1599262 width=4) (actual time=0.018..1500.315 rows=1612458 loops=1)
        Filter: (keyword_id > 9406)
        Rows Removed by Filter: 2911472
  ->  Hash  (cost=61283.27..61283.27 rows=2528527 width=4) (actual time=1944.822..1944.822 rows=2528312 loops=1)
        Buckets: 131072  Batches: 64  Memory Usage: 2425kB
        ->  Seq Scan on title t  (cost=0.00..61283.27 rows=2528527 width=4) (actual time=0.023..1075.670 rows=2528312 loops=1)
Planning time: 0.769 ms
Execution time: 5345.611 ms
