Hash Join  (cost=709674.80..736586.00 rows=72 width=0) (actual time=11312.775..11868.661 rows=33 loops=1)
  Hash Cond: (mi_idx.movie_id = t.id)
  ->  Seq Scan on movie_info_idx mi_idx  (cost=0.00..21735.35 rows=1380035 width=4) (actual time=0.020..366.185 rows=1380035 loops=1)
  ->  Hash  (cost=709673.15..709673.15 rows=132 width=8) (actual time=11258.791..11258.791 rows=11 loops=1)
        Buckets: 1024  Batches: 1  Memory Usage: 9kB
        ->  Nested Loop  (cost=0.43..709673.15 rows=132 width=8) (actual time=7094.329..11258.732 rows=11 loops=1)
              ->  Seq Scan on cast_info ci  (cost=0.00..705507.15 rows=500 width=4) (actual time=7093.098..11253.008 rows=192 loops=1)
                    Filter: (person_id = 1666405)
                    Rows Removed by Filter: 36244152
              ->  Index Scan using title_pkey on title t  (cost=0.43..8.32 rows=1 width=4) (actual time=0.029..0.029 rows=0 loops=192)
                    Index Cond: (id = ci.movie_id)
                    Filter: (kind_id = 1)
                    Rows Removed by Filter: 1
Planning time: 1.166 ms
Execution time: 11868.805 ms
