Seq Scan on cast_info ci  (cost=0.00..796071.18 rows=2216452 width=0) (actual time=1149.784..11860.605 rows=1792 loops=1)
  Filter: ((person_id < 1072199) AND (role_id = 2))
  Rows Removed by Filter: 36242552
Planning time: 2.500 ms
Execution time: 11860.994 ms
