Hash Join  (cost=87245.25..460126.35 rows=638256 width=0) (actual time=2148.789..8939.099 rows=723718 loops=1)
  Hash Cond: (mi.movie_id = t.id)
  ->  Seq Scan on movie_info mi  (cost=0.00..346232.03 rows=1348138 width=4) (actual time=163.036..5854.221 rows=1298989 loops=1)
        Filter: (info_type_id = 4)
        Rows Removed by Filter: 13536731
  ->  Hash  (cost=67604.59..67604.59 rows=1197093 width=4) (actual time=1984.667..1984.667 rows=1195923 loops=1)
        Buckets: 131072  Batches: 16  Memory Usage: 3662kB
        ->  Seq Scan on title t  (cost=0.00..67604.59 rows=1197093 width=4) (actual time=0.026..1330.852 rows=1195923 loops=1)
              Filter: (production_year < 2003)
              Rows Removed by Filter: 1332389
Planning time: 0.759 ms
Execution time: 9028.202 ms
