Hash Join  (cost=102767.86..208090.40 rows=600087 width=0) (actual time=2005.725..4269.728 rows=603127 loops=1)
  Hash Cond: (mk.movie_id = t.id)
  ->  Seq Scan on movie_keyword mk  (cost=0.00..81003.12 rows=600087 width=4) (actual time=0.012..1394.037 rows=603127 loops=1)
        Filter: (keyword_id > 30576)
        Rows Removed by Filter: 3920803
  ->  Hash  (cost=61283.27..61283.27 rows=2528527 width=4) (actual time=2003.211..2003.211 rows=2528312 loops=1)
        Buckets: 131072  Batches: 64  Memory Usage: 2425kB
        ->  Seq Scan on title t  (cost=0.00..61283.27 rows=2528527 width=4) (actual time=0.028..1181.479 rows=2528312 loops=1)
Planning time: 0.874 ms
Execution time: 4340.060 ms
