Hash Join  (cost=83810.17..848646.56 rows=1400741 width=0) (actual time=3471.612..16149.164 rows=1446383 loops=1)
  Hash Cond: (ci.movie_id = t.id)
  ->  Seq Scan on cast_info ci  (cost=0.00..705507.15 rows=3585819 width=4) (actual time=1921.816..12344.648 rows=3461807 loops=1)
        Filter: (person_id < 332656)
        Rows Removed by Filter: 32782537
  ->  Hash  (cost=67604.59..67604.59 rows=987727 width=4) (actual time=1531.838..1531.838 rows=985048 loops=1)
        Buckets: 131072  Batches: 16  Memory Usage: 3188kB
        ->  Seq Scan on title t  (cost=0.00..67604.59 rows=987727 width=4) (actual time=0.034..1222.231 rows=985048 loops=1)
              Filter: (kind_id < 7)
              Rows Removed by Filter: 1543264
Planning time: 0.743 ms
Execution time: 16310.723 ms
