Seq Scan on movie_keyword mk  (cost=0.00..81003.12 rows=1246254 width=0) (actual time=0.024..1414.583 rows=1259973 loops=1)
  Filter: (keyword_id < 1608)
  Rows Removed by Filter: 3263957
Planning time: 0.324 ms
Execution time: 1570.882 ms
