Seq Scan on movie_companies mc  (cost=0.00..57926.93 rows=353908 width=0) (actual time=0.038..872.132 rows=195299 loops=1)
  Filter: ((company_id < 1214) AND (company_type_id = 2))
  Rows Removed by Filter: 2413830
Planning time: 0.378 ms
Execution time: 898.193 ms
