Hash Join  (cost=207446.07..1400573.49 rows=15509525 width=0) (actual time=4731.645..46825.245 rows=40968763 loops=1)
  Hash Cond: (ci.movie_id = t.id)
  ->  Seq Scan on cast_info ci  (cost=0.00..614943.12 rows=36225612 width=4) (actual time=0.023..13545.146 rows=36244344 loops=1)
  ->  Hash  (cost=189685.12..189685.12 rows=1082556 width=8) (actual time=4730.641..4730.641 rows=954890 loops=1)
        Buckets: 131072  Batches: 16  Memory Usage: 3326kB
        ->  Hash Join  (cost=102702.86..189685.12 rows=1082556 width=8) (actual time=2399.515..4447.964 rows=954890 loops=1)
              Hash Cond: (mc.movie_id = t.id)
              ->  Seq Scan on movie_companies mc  (cost=0.00..51404.11 rows=1279517 width=4) (actual time=239.223..1004.780 rows=1274246 loops=1)
                    Filter: (company_type_id = 1)
                    Rows Removed by Filter: 1334883
              ->  Hash  (cost=67604.59..67604.59 rows=2139302 width=4) (actual time=2159.470..2159.470 rows=2132973 loops=1)
                    Buckets: 131072  Batches: 32  Memory Usage: 3371kB
                    ->  Seq Scan on title t  (cost=0.00..67604.59 rows=2139302 width=4) (actual time=0.035..1472.839 rows=2132973 loops=1)
                          Filter: (production_year > 1966)
                          Rows Removed by Filter: 395339
Planning time: 1.247 ms
Execution time: 51421.640 ms
