Seq Scan on cast_info ci  (cost=0.00..705507.15 rows=16424991 width=0) (actual time=0.017..12455.569 rows=16283136 loops=1)
  Filter: (person_id < 1612411)
  Rows Removed by Filter: 19961208
Planning time: 0.409 ms
Execution time: 14477.330 ms
