Merge Join  (cost=84794.24..209439.28 rows=464566 width=144) (actual time=1095.198..18851.389 rows=459925 loops=1)
  Merge Cond: (t.id = mi_idx.movie_id)
  ->  Index Scan using title_pkey on title t  (cost=0.43..110313.87 rows=2528527 width=94) (actual time=0.005..16762.191 rows=2525794 loops=1)
  ->  Materialize  (cost=84793.43..87116.26 rows=464566 width=50) (actual time=1095.171..1367.860 rows=459925 loops=1)
        ->  Sort  (cost=84793.43..85954.84 rows=464566 width=50) (actual time=1095.166..1293.235 rows=459925 loops=1)
              Sort Key: mi_idx.movie_id
              Sort Method: external merge  Disk: 11688kB
              ->  Seq Scan on movie_info_idx mi_idx  (cost=0.00..25185.44 rows=464566 width=50) (actual time=0.018..640.127 rows=459925 loops=1)
                    Filter: (info_type_id = 101)
                    Rows Removed by Filter: 920110
Planning time: 5.840 ms
Execution time: 18884.702 ms
