Seq Scan on movie_companies mc  (cost=0.00..51404.11 rows=377022 width=0) (actual time=0.031..981.873 rows=376622 loops=1)
  Filter: (company_id < 225)
  Rows Removed by Filter: 2232507
Planning time: 0.296 ms
Execution time: 1032.095 ms
