Hash Join  (cost=104445.35..192380.02 rows=1136297 width=0) (actual time=2064.220..4849.042 rows=1026609 loops=1)
  Hash Cond: (mc.movie_id = t.id)
  ->  Seq Scan on movie_companies mc  (cost=0.00..51404.11 rows=1279517 width=4) (actual time=0.016..908.674 rows=1274246 loops=1)
        Filter: (company_type_id < 2)
        Rows Removed by Filter: 1334883
  ->  Hash  (cost=67604.59..67604.59 rows=2245501 width=4) (actual time=2063.118..2063.118 rows=2235103 loops=1)
        Buckets: 131072  Batches: 32  Memory Usage: 3482kB
        ->  Seq Scan on title t  (cost=0.00..67604.59 rows=2245501 width=4) (actual time=0.015..1348.501 rows=2235103 loops=1)
              Filter: (production_year > 1957)
              Rows Removed by Filter: 293209
Planning time: 0.726 ms
Execution time: 4963.605 ms
