Seq Scan on cast_info ci  (cost=0.00..705507.15 rows=7969608 width=0) (actual time=1228.597..10684.320 rows=7947076 loops=1)
  Filter: (person_id > 2884720)
  Rows Removed by Filter: 28297268
Planning time: 0.337 ms
Execution time: 11595.731 ms
