Hash Join  (cost=78473.92..122370.28 rows=361587 width=0) (actual time=1397.825..2608.336 rows=252549 loops=1)
  Hash Cond: (mi_idx.movie_id = t.id)
  ->  Seq Scan on movie_info_idx mi_idx  (cost=0.00..21735.35 rows=1380035 width=4) (actual time=0.024..433.893 rows=1380035 loops=1)
  ->  Hash  (cost=67604.59..67604.59 rows=662507 width=4) (actual time=1396.757..1396.757 rows=662065 loops=1)
        Buckets: 131072  Batches: 16  Memory Usage: 2481kB
        ->  Seq Scan on title t  (cost=0.00..67604.59 rows=662507 width=4) (actual time=0.016..1181.591 rows=662065 loops=1)
              Filter: (production_year > 2008)
              Rows Removed by Filter: 1866247
Planning time: 2.927 ms
Execution time: 2638.406 ms
