Hash Join  (cost=844811.42..1061437.08 rows=1732676 width=0) (actual time=22943.717..28689.306 rows=7991954 loops=1)
  Hash Cond: (mk.movie_id = t.id)
  ->  Seq Scan on movie_keyword mk  (cost=0.00..69693.30 rows=4523930 width=4) (actual time=0.012..1428.871 rows=4523930 loops=1)
  ->  Hash  (cost=828923.02..828923.02 rows=968432 width=8) (actual time=22926.011..22926.011 rows=1016774 loops=1)
        Buckets: 131072  Batches: 16  Memory Usage: 3560kB
        ->  Hash Join  (cost=68449.54..828923.02 rows=968432 width=8) (actual time=1103.823..22467.584 rows=1016774 loops=1)
              Hash Cond: (ci.movie_id = t.id)
              ->  Seq Scan on cast_info ci  (cost=0.00..614943.12 rows=36225612 width=4) (actual time=0.027..9429.277 rows=36244344 loops=1)
              ->  Hash  (cost=67604.59..67604.59 rows=67596 width=4) (actual time=1103.104..1103.104 rows=67777 loops=1)
                    Buckets: 131072  Batches: 1  Memory Usage: 3407kB
                    ->  Seq Scan on title t  (cost=0.00..67604.59 rows=67596 width=4) (actual time=0.050..1075.238 rows=67777 loops=1)
                          Filter: (production_year = 2003)
                          Rows Removed by Filter: 2460535
Planning time: 1.110 ms
Execution time: 29557.866 ms
