Hash Join  (cost=83072.95..139275.27 rows=2 width=0) (actual time=1998.499..2471.454 rows=105 loops=1)
  Hash Cond: (mc.movie_id = t.id)
  ->  Seq Scan on movie_companies mc  (cost=0.00..51404.11 rows=1279517 width=4) (actual time=355.051..986.017 rows=1274246 loops=1)
        Filter: (company_type_id < 2)
        Rows Removed by Filter: 1334883
  ->  Hash  (cost=83072.90..83072.90 rows=4 width=8) (actual time=1308.335..1308.335 rows=19 loops=1)
        Buckets: 1024  Batches: 1  Memory Usage: 9kB
        ->  Nested Loop  (cost=0.43..83072.90 rows=4 width=8) (actual time=6.185..1308.272 rows=19 loops=1)
              ->  Seq Scan on movie_keyword mk  (cost=0.00..81003.12 rows=246 width=4) (actual time=1.433..1279.713 rows=493 loops=1)
                    Filter: (keyword_id = 6194)
                    Rows Removed by Filter: 4523437
              ->  Index Scan using title_pkey on title t  (cost=0.43..8.40 rows=1 width=4) (actual time=0.056..0.056 rows=0 loops=493)
                    Index Cond: (id = mk.movie_id)
                    Filter: ((kind_id = 1) AND (production_year = 2010))
                    Rows Removed by Filter: 1
Planning time: 1.231 ms
Execution time: 2471.653 ms
