Nested Loop  (cost=0.43..798385.45 rows=276 width=0) (actual time=3359.958..13725.663 rows=112 loops=1)
  ->  Seq Scan on cast_info ci  (cost=0.00..796071.18 rows=276 width=4) (actual time=3359.831..13723.325 rows=112 loops=1)
        Filter: ((role_id < 3) AND (person_id = 919686))
        Rows Removed by Filter: 36244232
  ->  Index Only Scan using title_pkey on title t  (cost=0.43..8.38 rows=1 width=4) (actual time=0.020..0.020 rows=1 loops=112)
        Index Cond: (id = ci.movie_id)
        Heap Fetches: 112
Planning time: 0.754 ms
Execution time: 13725.765 ms
