Seq Scan on movie_keyword mk  (cost=0.00..81003.12 rows=1866760 width=0) (actual time=0.024..1540.772 rows=1874403 loops=1)
  Filter: (keyword_id > 7333)
  Rows Removed by Filter: 2649527
Planning time: 0.321 ms
Execution time: 1781.088 ms
