Hash Join  (cost=521607.22..1738616.85 rows=16357357 width=0) (actual time=8538.429..43705.382 rows=18883626 loops=1)
  Hash Cond: (ci.movie_id = t.id)
  ->  Seq Scan on cast_info ci  (cost=0.00..705507.15 rows=26682781 width=4) (actual time=0.018..15932.371 rows=26727685 loops=1)
        Filter: (person_id < 2754104)
        Rows Removed by Filter: 9516659
  ->  Hash  (cost=496176.42..496176.42 rows=1550064 width=8) (actual time=8537.024..8537.024 rows=1533909 loops=1)
        Buckets: 131072  Batches: 32  Memory Usage: 2883kB
        ->  Hash Join  (cost=102767.86..496176.42 rows=1550064 width=8) (actual time=5646.372..8111.523 rows=1533909 loops=1)
              Hash Cond: (mi.movie_id = t.id)
              ->  Seq Scan on movie_info mi  (cost=0.00..346232.03 rows=1550064 width=4) (actual time=3348.762..4234.401 rows=1533909 loops=1)
                    Filter: (info_type_id = 3)
                    Rows Removed by Filter: 13301811
              ->  Hash  (cost=61283.27..61283.27 rows=2528527 width=4) (actual time=2296.239..2296.239 rows=2528312 loops=1)
                    Buckets: 131072  Batches: 64  Memory Usage: 2425kB
                    ->  Seq Scan on title t  (cost=0.00..61283.27 rows=2528527 width=4) (actual time=0.021..1118.879 rows=2528312 loops=1)
Planning time: 1.188 ms
Execution time: 45835.484 ms
