Nested Loop  (cost=0.43..52283.95 rows=41 width=0) (actual time=125.262..796.394 rows=204 loops=1)
  ->  Seq Scan on movie_companies mc  (cost=0.00..51404.11 rows=104 width=4) (actual time=125.178..788.463 rows=204 loops=1)
        Filter: (company_id = 14699)
        Rows Removed by Filter: 2608925
  ->  Index Scan using title_pkey on title t  (cost=0.43..8.45 rows=1 width=4) (actual time=0.037..0.037 rows=1 loops=204)
        Index Cond: (id = mc.movie_id)
        Filter: (kind_id < 7)
Planning time: 0.792 ms
Execution time: 796.589 ms
