Hash Join  (cost=365418.15..1904245.02 rows=37652660 width=0) (actual time=9773.877..66362.212 rows=98851285 loops=1)
  Hash Cond: (ci.movie_id = t.id)
  ->  Seq Scan on cast_info ci  (cost=0.00..796071.18 rows=21044925 width=4) (actual time=1313.692..18545.404 rows=19755871 loops=1)
        Filter: ((person_id < 3363276) AND (role_id > 1))
        Rows Removed by Filter: 16488473
  ->  Hash  (cost=291197.02..291197.02 rows=4523930 width=8) (actual time=8458.719..8458.719 rows=4523930 loops=1)
        Buckets: 131072  Batches: 64  Memory Usage: 3816kB
        ->  Hash Join  (cost=102767.86..291197.02 rows=4523930 width=8) (actual time=1955.007..7211.332 rows=4523930 loops=1)
              Hash Cond: (mk.movie_id = t.id)
              ->  Seq Scan on movie_keyword mk  (cost=0.00..69693.30 rows=4523930 width=4) (actual time=0.031..1584.849 rows=4523930 loops=1)
              ->  Hash  (cost=61283.27..61283.27 rows=2528527 width=4) (actual time=1954.036..1954.036 rows=2528312 loops=1)
                    Buckets: 131072  Batches: 64  Memory Usage: 2425kB
                    ->  Seq Scan on title t  (cost=0.00..61283.27 rows=2528527 width=4) (actual time=0.024..1119.686 rows=2528312 loops=1)
Planning time: 1.150 ms
Execution time: 77568.231 ms
