Nested Loop  (cost=0.43..709671.90 rows=500 width=0) (actual time=7242.417..11087.148 rows=327 loops=1)
  ->  Seq Scan on cast_info ci  (cost=0.00..705507.15 rows=500 width=4) (actual time=7242.256..11083.387 rows=327 loops=1)
        Filter: (person_id = 2889011)
        Rows Removed by Filter: 36244017
  ->  Index Only Scan using title_pkey on title t  (cost=0.43..8.32 rows=1 width=4) (actual time=0.010..0.011 rows=1 loops=327)
        Index Cond: (id = ci.movie_id)
        Heap Fetches: 327
Planning time: 3.011 ms
Execution time: 11087.292 ms
