Hash Join  (cost=52284.99..803089.06 rows=1490 width=0) (actual time=799.707..16472.025 rows=2755 loops=1)
  Hash Cond: (ci.movie_id = t.id)
  ->  Seq Scan on cast_info ci  (cost=0.00..614943.12 rows=36225612 width=4) (actual time=0.023..8878.426 rows=36244344 loops=1)
  ->  Hash  (cost=52283.69..52283.69 rows=104 width=8) (actual time=792.628..792.628 rows=73 loops=1)
        Buckets: 1024  Batches: 1  Memory Usage: 11kB
        ->  Nested Loop  (cost=0.43..52283.69 rows=104 width=8) (actual time=92.605..792.547 rows=73 loops=1)
              ->  Seq Scan on movie_companies mc  (cost=0.00..51404.11 rows=104 width=4) (actual time=92.495..790.491 rows=73 loops=1)
                    Filter: (company_id = 33862)
                    Rows Removed by Filter: 2609056
              ->  Index Only Scan using title_pkey on title t  (cost=0.43..8.45 rows=1 width=4) (actual time=0.025..0.025 rows=1 loops=73)
                    Index Cond: (id = mc.movie_id)
                    Heap Fetches: 73
Planning time: 1.124 ms
Execution time: 16473.674 ms
