Hash Join  (cost=206446.84..358469.81 rows=1765485 width=0) (actual time=4609.318..10658.395 rows=9214766 loops=1)
  Hash Cond: (mk.movie_id = t.id)
  ->  Seq Scan on movie_keyword mk  (cost=0.00..81003.12 rows=4261332 width=4) (actual time=0.019..1875.321 rows=4261303 loops=1)
        Filter: (keyword_id < 59191)
        Rows Removed by Filter: 262627
  ->  Hash  (cost=189259.11..189259.11 rows=1047578 width=8) (actual time=4607.839..4607.839 rows=1058058 loops=1)
        Buckets: 131072  Batches: 16  Memory Usage: 3640kB
        ->  Hash Join  (cost=102767.86..189259.11 rows=1047578 width=8) (actual time=2057.015..4281.323 rows=1058058 loops=1)
              Hash Cond: (mc.movie_id = t.id)
              ->  Seq Scan on movie_companies mc  (cost=0.00..51404.11 rows=1047578 width=4) (actual time=0.023..917.894 rows=1058058 loops=1)
                    Filter: (company_id > 14793)
                    Rows Removed by Filter: 1551071
              ->  Hash  (cost=61283.27..61283.27 rows=2528527 width=4) (actual time=2055.350..2055.350 rows=2528312 loops=1)
                    Buckets: 131072  Batches: 64  Memory Usage: 2415kB
                    ->  Seq Scan on title t  (cost=0.00..61283.27 rows=2528527 width=4) (actual time=0.018..1228.869 rows=2528312 loops=1)
Planning time: 1.041 ms
Execution time: 11751.856 ms
