Hash Join  (cost=83074.16..833884.82 rows=2148 width=0) (actual time=1858.389..16640.015 rows=56 loops=1)
  Hash Cond: (ci.movie_id = t.id)
  ->  Seq Scan on cast_info ci  (cost=0.00..614943.12 rows=36225612 width=4) (actual time=0.010..8899.302 rows=36244344 loops=1)
  ->  Hash  (cost=83072.29..83072.29 rows=150 width=8) (actual time=1256.028..1256.028 rows=2 loops=1)
        Buckets: 1024  Batches: 1  Memory Usage: 9kB
        ->  Nested Loop  (cost=0.43..83072.29 rows=150 width=8) (actual time=434.216..1256.020 rows=2 loops=1)
              ->  Seq Scan on movie_keyword mk  (cost=0.00..81003.12 rows=246 width=4) (actual time=434.166..1255.861 rows=3 loops=1)
                    Filter: (keyword_id = 52113)
                    Rows Removed by Filter: 4523927
              ->  Index Scan using title_pkey on title t  (cost=0.43..8.40 rows=1 width=4) (actual time=0.044..0.045 rows=1 loops=3)
                    Index Cond: (id = mk.movie_id)
                    Filter: (kind_id = 7)
                    Rows Removed by Filter: 0
Planning time: 1.213 ms
Execution time: 16640.239 ms
