Hash Join  (cost=83075.00..137742.76 rows=224 width=0) (actual time=1354.740..2502.203 rows=479 loops=1)
  Hash Cond: (mc.movie_id = t.id)
  ->  Seq Scan on movie_companies mc  (cost=0.00..44881.29 rows=2609129 width=4) (actual time=0.019..693.749 rows=2609129 loops=1)
  ->  Hash  (cost=83072.29..83072.29 rows=217 width=8) (actual time=1333.203..1333.203 rows=37 loops=1)
        Buckets: 1024  Batches: 1  Memory Usage: 10kB
        ->  Nested Loop  (cost=0.43..83072.29 rows=217 width=8) (actual time=5.348..1333.126 rows=37 loops=1)
              ->  Seq Scan on movie_keyword mk  (cost=0.00..81003.12 rows=246 width=4) (actual time=5.306..1331.144 rows=37 loops=1)
                    Filter: (keyword_id = 44489)
                    Rows Removed by Filter: 4523893
              ->  Index Scan using title_pkey on title t  (cost=0.43..8.40 rows=1 width=4) (actual time=0.045..0.046 rows=1 loops=37)
                    Index Cond: (id = mk.movie_id)
                    Filter: (production_year > 1958)
Planning time: 1.102 ms
Execution time: 2502.484 ms
