Hash Join  (cost=150539.25..238281.34 rows=547140 width=0) (actual time=3328.644..5520.313 rows=513376 loops=1)
  Hash Cond: (mc.movie_id = t.id)
  ->  Seq Scan on movie_companies mc  (cost=0.00..51404.11 rows=2480953 width=4) (actual time=0.018..1169.361 rows=2477806 loops=1)
        Filter: (company_id > 19)
        Rows Removed by Filter: 131323
  ->  Hash  (cost=141389.85..141389.85 rows=557632 width=8) (actual time=3125.969..3125.969 rows=283812 loops=1)
        Buckets: 131072  Batches: 8  Memory Usage: 2409kB
        ->  Hash Join  (cost=92883.59..141389.85 rows=557632 width=8) (actual time=1898.621..3041.983 rows=283812 loops=1)
              Hash Cond: (mi_idx.movie_id = t.id)
              ->  Seq Scan on movie_info_idx mi_idx  (cost=0.00..25185.44 rows=915101 width=4) (actual time=0.026..517.276 rows=919850 loops=1)
                    Filter: (info_type_id < 101)
                    Rows Removed by Filter: 460185
              ->  Hash  (cost=67604.59..67604.59 rows=1540800 width=4) (actual time=1731.645..1731.645 rows=1543264 loops=1)
                    Buckets: 131072  Batches: 32  Memory Usage: 2722kB
                    ->  Seq Scan on title t  (cost=0.00..67604.59 rows=1540800 width=4) (actual time=248.274..1235.560 rows=1543264 loops=1)
                          Filter: (kind_id = 7)
                          Rows Removed by Filter: 985048
Planning time: 1.177 ms
Execution time: 5582.831 ms
