Hash Join  (cost=58358.90..85269.67 rows=28 width=0) (actual time=901.194..1311.056 rows=21 loops=1)
  Hash Cond: (mi_idx.movie_id = t.id)
  ->  Seq Scan on movie_info_idx mi_idx  (cost=0.00..21735.35 rows=1380035 width=4) (actual time=0.022..253.802 rows=1380035 loops=1)
  ->  Hash  (cost=58358.27..58358.27 rows=51 width=8) (actual time=827.265..827.265 rows=49 loops=1)
        Buckets: 1024  Batches: 1  Memory Usage: 10kB
        ->  Nested Loop  (cost=0.43..58358.27 rows=51 width=8) (actual time=28.393..827.213 rows=49 loops=1)
              ->  Seq Scan on movie_companies mc  (cost=0.00..57926.93 rows=51 width=4) (actual time=28.294..812.571 rows=49 loops=1)
                    Filter: ((company_type_id < 2) AND (company_id = 289))
                    Rows Removed by Filter: 2609080
              ->  Index Only Scan using title_pkey on title t  (cost=0.43..8.45 rows=1 width=4) (actual time=0.295..0.296 rows=1 loops=49)
                    Index Cond: (id = mc.movie_id)
                    Heap Fetches: 49
Planning time: 4.677 ms
Execution time: 1311.163 ms
