Seq Scan on title t  (cost=0.00..73925.90 rows=19787 width=0) (actual time=0.088..1114.799 rows=15791 loops=1)
  Filter: ((kind_id < 7) AND (production_year = 1999))
  Rows Removed by Filter: 2512521
Planning time: 0.417 ms
Execution time: 1117.968 ms
