Seq Scan on cast_info ci  (cost=0.00..705507.15 rows=7211662 width=0) (actual time=0.028..11717.329 rows=7156382 loops=1)
  Filter: (person_id < 691776)
  Rows Removed by Filter: 29087962
Planning time: 0.307 ms
Execution time: 12625.510 ms
