Hash Join  (cost=133487.26..220919.99 rows=77469 width=0) (actual time=2607.847..4623.840 rows=521806 loops=1)
  Hash Cond: (mk.movie_id = t.id)
  ->  Seq Scan on movie_keyword mk  (cost=0.00..69693.30 rows=4523930 width=4) (actual time=0.029..1037.830 rows=4523930 loops=1)
  ->  Hash  (cost=132946.03..132946.03 rows=43299 width=8) (actual time=2607.020..2607.020 rows=55371 loops=1)
        Buckets: 65536  Batches: 1  Memory Usage: 2675kB
        ->  Hash Join  (cost=74730.49..132946.03 rows=43299 width=8) (actual time=1144.350..2585.182 rows=55371 loops=1)
              Hash Cond: (mc.movie_id = t.id)
              ->  Seq Scan on movie_companies mc  (cost=0.00..51404.11 rows=1700915 width=4) (actual time=0.020..973.321 rows=1702049 loops=1)
                    Filter: (company_id > 2980)
                    Rows Removed by Filter: 907080
              ->  Hash  (cost=73925.90..73925.90 rows=64367 width=4) (actual time=1143.882..1143.882 rows=53905 loops=1)
                    Buckets: 65536  Batches: 1  Memory Usage: 2408kB
                    ->  Seq Scan on title t  (cost=0.00..73925.90 rows=64367 width=4) (actual time=0.028..1122.367 rows=53905 loops=1)
                          Filter: ((kind_id < 7) AND (production_year = 2012))
                          Rows Removed by Filter: 2474407
Planning time: 10.808 ms
Execution time: 4689.428 ms
