Hash Join  (cost=269120.75..664507.37 rows=1529613 width=0) (actual time=7524.175..13789.023 rows=3670724 loops=1)
  Hash Cond: (mi.movie_id = t.id)
  ->  Seq Scan on movie_info mi  (cost=0.00..346232.03 rows=2073893 width=4) (actual time=1547.918..5502.832 rows=2091068 loops=1)
        Filter: (info_type_id < 3)
        Rows Removed by Filter: 12744652
  ->  Hash  (cost=238524.11..238524.11 rows=1864931 width=8) (actual time=5975.392..5975.392 rows=1874550 loops=1)
        Buckets: 131072  Batches: 32  Memory Usage: 3380kB
        ->  Hash Join  (cost=102767.86..238524.11 rows=1864931 width=8) (actual time=2056.280..5455.016 rows=1874550 loops=1)
              Hash Cond: (mk.movie_id = t.id)
              ->  Seq Scan on movie_keyword mk  (cost=0.00..81003.12 rows=1864931 width=4) (actual time=0.036..1609.879 rows=1874550 loops=1)
                    Filter: (keyword_id < 3181)
                    Rows Removed by Filter: 2649380
              ->  Hash  (cost=61283.27..61283.27 rows=2528527 width=4) (actual time=2054.549..2054.549 rows=2528312 loops=1)
                    Buckets: 131072  Batches: 64  Memory Usage: 2425kB
                    ->  Seq Scan on title t  (cost=0.00..61283.27 rows=2528527 width=4) (actual time=0.019..1169.022 rows=2528312 loops=1)
Planning time: 1.164 ms
Execution time: 14225.060 ms
