Seq Scan on cast_info ci  (cost=0.00..705507.15 rows=15824511 width=0) (actual time=0.024..11894.594 rows=15936536 loops=1)
  Filter: (person_id > 2040698)
  Rows Removed by Filter: 20307808
Planning time: 0.303 ms
Execution time: 13817.385 ms
