Hash Join  (cost=175221.36..936888.41 rows=1087790 width=0) (actual time=3028.372..21397.095 rows=367003 loops=1)
  Hash Cond: (ci.movie_id = t.id)
  ->  Seq Scan on cast_info ci  (cost=0.00..614943.12 rows=36225612 width=4) (actual time=0.014..9033.142 rows=36244344 loops=1)
  ->  Hash  (cost=174272.28..174272.28 rows=75927 width=8) (actual time=3025.030..3025.030 rows=9437 loops=1)
        Buckets: 131072  Batches: 1  Memory Usage: 1393kB
        ->  Hash Join  (cost=76243.83..174272.28 rows=75927 width=8) (actual time=1140.587..3021.279 rows=9437 loops=1)
              Hash Cond: (mk.movie_id = t.id)
              ->  Seq Scan on movie_keyword mk  (cost=0.00..81003.12 rows=1358947 width=4) (actual time=0.026..1405.097 rows=1375328 loops=1)
                    Filter: (keyword_id < 1816)
                    Rows Removed by Filter: 3148602
              ->  Hash  (cost=73925.90..73925.90 rows=141274 width=4) (actual time=1139.298..1139.298 rows=150659 loops=1)
                    Buckets: 131072  Batches: 2  Memory Usage: 3679kB
                    ->  Seq Scan on title t  (cost=0.00..73925.90 rows=141274 width=4) (actual time=0.029..1079.290 rows=150659 loops=1)
                          Filter: ((production_year > 2011) AND (kind_id = 7))
                          Rows Removed by Filter: 2377653
Planning time: 1.205 ms
Execution time: 21446.643 ms
