Hash Join  (cost=76697.17..567008.56 rows=984547 width=0) (actual time=1228.293..14788.555 rows=3093834 loops=1)
  Hash Cond: (mi.movie_id = t.id)
  ->  Seq Scan on movie_info mi  (cost=0.00..309384.22 rows=14739122 width=4) (actual time=0.013..5998.926 rows=14835720 loops=1)
  ->  Hash  (cost=73925.90..73925.90 rows=168901 width=4) (actual time=1227.460..1227.460 rows=269915 loops=1)
        Buckets: 131072  Batches: 4  Memory Usage: 3407kB
        ->  Seq Scan on title t  (cost=0.00..73925.90 rows=168901 width=4) (actual time=0.027..1135.306 rows=269915 loops=1)
              Filter: ((kind_id < 7) AND (production_year < 1974))
              Rows Removed by Filter: 2258397
Planning time: 0.721 ms
Execution time: 15168.974 ms
