Hash Join  (cost=510374.62..1503244.83 rows=8563581 width=0) (actual time=9034.575..35523.591 rows=10972893 loops=1)
  Hash Cond: (ci.movie_id = t.id)
  ->  Seq Scan on cast_info ci  (cost=0.00..705507.15 rows=17016598 width=4) (actual time=0.015..14091.957 rows=16890816 loops=1)
        Filter: (person_id < 1669716)
        Rows Removed by Filter: 19353528
  ->  Hash  (cost=489497.65..489497.65 rows=1272478 width=8) (actual time=9032.268..9032.268 rows=1325361 loops=1)
        Buckets: 131072  Batches: 32  Memory Usage: 2635kB
        ->  Hash Join  (cost=102767.86..489497.65 rows=1272478 width=8) (actual time=1901.978..8639.525 rows=1325361 loops=1)
              Hash Cond: (mi.movie_id = t.id)
              ->  Seq Scan on movie_info mi  (cost=0.00..346232.03 rows=1272478 width=4) (actual time=0.021..5189.753 rows=1325361 loops=1)
                    Filter: (info_type_id = 8)
                    Rows Removed by Filter: 13510359
              ->  Hash  (cost=61283.27..61283.27 rows=2528527 width=4) (actual time=1900.484..1900.484 rows=2528312 loops=1)
                    Buckets: 131072  Batches: 64  Memory Usage: 2425kB
                    ->  Seq Scan on title t  (cost=0.00..61283.27 rows=2528527 width=4) (actual time=0.022..1065.420 rows=2528312 loops=1)
Planning time: 1.184 ms
Execution time: 36733.195 ms
