Hash Join  (cost=128661.55..215027.16 rows=1143 width=0) (actual time=2694.800..3937.331 rows=102159 loops=1)
  Hash Cond: (mk.movie_id = t.id)
  ->  Seq Scan on movie_keyword mk  (cost=0.00..81003.12 rows=1426947 width=4) (actual time=0.025..1247.442 rows=1441503 loops=1)
        Filter: (keyword_id < 2015)
        Rows Removed by Filter: 3082427
  ->  Hash  (cost=128636.23..128636.23 rows=2026 width=8) (actual time=2428.059..2428.059 rows=10598 loops=1)
        Buckets: 16384 (originally 2048)  Batches: 1 (originally 1)  Memory Usage: 542kB
        ->  Hash Join  (cost=73950.44..128636.23 rows=2026 width=8) (actual time=1235.033..2423.641 rows=10598 loops=1)
              Hash Cond: (mc.movie_id = t.id)
              ->  Seq Scan on movie_companies mc  (cost=0.00..44881.29 rows=2609129 width=4) (actual time=0.022..653.674 rows=2609129 loops=1)
              ->  Hash  (cost=73925.90..73925.90 rows=1963 width=4) (actual time=1234.910..1234.910 rows=5190 loops=1)
                    Buckets: 8192 (originally 2048)  Batches: 1 (originally 1)  Memory Usage: 247kB
                    ->  Seq Scan on title t  (cost=0.00..73925.90 rows=1963 width=4) (actual time=0.025..1232.479 rows=5190 loops=1)
                          Filter: ((kind_id = 1) AND (production_year = 1992))
                          Rows Removed by Filter: 2523122
Planning time: 1.192 ms
Execution time: 3950.412 ms
