Seq Scan on cast_info ci  (cost=0.00..796071.18 rows=6247817 width=0) (actual time=108.159..12364.465 rows=2657141 loops=1)
  Filter: ((person_id < 929828) AND (role_id > 1))
  Rows Removed by Filter: 33587203
Planning time: 0.335 ms
Execution time: 12704.821 ms
