Seq Scan on cast_info ci  (cost=0.00..705507.15 rows=31676288 width=0) (actual time=0.014..13516.572 rows=31813800 loops=1)
  Filter: (person_id > 427794)
  Rows Removed by Filter: 4430544
Planning time: 0.315 ms
Execution time: 17445.154 ms
