Hash Join  (cost=101203.52..466330.79 rows=47136 width=0) (actual time=1756.843..8822.474 rows=107109 loops=1)
  Hash Cond: (mi.movie_id = t.id)
  ->  Seq Scan on movie_info mi  (cost=0.00..309384.22 rows=14739122 width=4) (actual time=0.026..4043.319 rows=14835720 loops=1)
  ->  Hash  (cost=101102.45..101102.45 rows=8086 width=8) (actual time=1734.096..1734.096 rows=10662 loops=1)
        Buckets: 16384 (originally 8192)  Batches: 1 (originally 1)  Memory Usage: 545kB
        ->  Hash Join  (cost=74111.10..101102.45 rows=8086 width=8) (actual time=1117.011..1730.019 rows=10662 loops=1)
              Hash Cond: (mi_idx.movie_id = t.id)
              ->  Seq Scan on movie_info_idx mi_idx  (cost=0.00..21735.35 rows=1380035 width=4) (actual time=0.016..295.646 rows=1380035 loops=1)
              ->  Hash  (cost=73925.90..73925.90 rows=14816 width=4) (actual time=1116.795..1116.795 rows=35049 loops=1)
                    Buckets: 65536 (originally 16384)  Batches: 1 (originally 1)  Memory Usage: 1745kB
                    ->  Seq Scan on title t  (cost=0.00..73925.90 rows=14816 width=4) (actual time=201.769..1103.123 rows=35049 loops=1)
                          Filter: ((kind_id < 7) AND (production_year < 1912))
                          Rows Removed by Filter: 2493263
Planning time: 1.208 ms
Execution time: 8838.282 ms
