Hash Join  (cost=83810.17..173661.15 rows=125963 width=0) (actual time=1444.341..3303.605 rows=291302 loops=1)
  Hash Cond: (mk.movie_id = t.id)
  ->  Seq Scan on movie_keyword mk  (cost=0.00..81003.12 rows=322459 width=4) (actual time=0.025..1408.178 rows=340576 loops=1)
        Filter: (keyword_id < 283)
        Rows Removed by Filter: 4183354
  ->  Hash  (cost=67604.59..67604.59 rows=987727 width=4) (actual time=1443.316..1443.316 rows=985048 loops=1)
        Buckets: 131072  Batches: 16  Memory Usage: 3197kB
        ->  Seq Scan on title t  (cost=0.00..67604.59 rows=987727 width=4) (actual time=0.014..1129.459 rows=985048 loops=1)
              Filter: (kind_id < 7)
              Rows Removed by Filter: 1543264
Planning time: 0.714 ms
Execution time: 3340.438 ms
