Seq Scan on movie_keyword mk  (cost=0.00..81003.12 rows=4287889 width=0) (actual time=0.025..1274.702 rows=4287577 loops=1)
  Filter: (keyword_id < 62462)
  Rows Removed by Filter: 236353
Planning time: 0.308 ms
Execution time: 1696.598 ms
