Hash Join  (cost=80549.28..185814.24 rows=275235 width=0) (actual time=1310.435..3837.165 rows=75502 loops=1)
  Hash Cond: (mk.movie_id = t.id)
  ->  Seq Scan on movie_keyword mk  (cost=0.00..81003.12 rows=1723862 width=4) (actual time=0.022..1398.887 rows=1734233 loops=1)
        Filter: (keyword_id > 8136)
        Rows Removed by Filter: 2789697
  ->  Hash  (cost=73925.90..73925.90 rows=403710 width=4) (actual time=1309.114..1309.114 rows=434218 loops=1)
        Buckets: 131072  Batches: 8  Memory Usage: 2941kB
        ->  Seq Scan on title t  (cost=0.00..73925.90 rows=403710 width=4) (actual time=6.120..1162.964 rows=434218 loops=1)
              Filter: ((production_year > 2008) AND (kind_id = 7))
              Rows Removed by Filter: 2094094
Planning time: 4.431 ms
Execution time: 3846.419 ms
