Hash Join  (cost=102767.86..192735.24 rows=921012 width=0) (actual time=2262.076..3730.024 rows=601879 loops=1)
  Hash Cond: (mc.movie_id = t.id)
  ->  Seq Scan on movie_companies mc  (cost=0.00..57926.93 rows=921012 width=4) (actual time=392.399..968.477 rows=601879 loops=1)
        Filter: ((company_id < 29461) AND (company_type_id > 1))
        Rows Removed by Filter: 2007250
  ->  Hash  (cost=61283.27..61283.27 rows=2528527 width=4) (actual time=1868.297..1868.297 rows=2528312 loops=1)
        Buckets: 131072  Batches: 64  Memory Usage: 2415kB
        ->  Seq Scan on title t  (cost=0.00..61283.27 rows=2528527 width=4) (actual time=0.021..1040.913 rows=2528312 loops=1)
Planning time: 0.861 ms
Execution time: 3800.636 ms
