Hash Join  (cost=190230.21..316487.80 rows=1278270 width=0) (actual time=4213.095..8433.145 rows=5466719 loops=1)
  Hash Cond: (mk.movie_id = t.id)
  ->  Seq Scan on movie_keyword mk  (cost=0.00..81003.12 rows=2342071 width=4) (actual time=0.022..1728.365 rows=2340818 loops=1)
        Filter: (keyword_id > 4314)
        Rows Removed by Filter: 2183112
  ->  Hash  (cost=167588.78..167588.78 rows=1380035 width=8) (actual time=4210.541..4210.541 rows=1380035 loops=1)
        Buckets: 131072  Batches: 32  Memory Usage: 2726kB
        ->  Hash Join  (cost=102767.86..167588.78 rows=1380035 width=8) (actual time=2035.593..3868.059 rows=1380035 loops=1)
              Hash Cond: (mi_idx.movie_id = t.id)
              ->  Seq Scan on movie_info_idx mi_idx  (cost=0.00..21735.35 rows=1380035 width=4) (actual time=0.030..488.775 rows=1380035 loops=1)
              ->  Hash  (cost=61283.27..61283.27 rows=2528527 width=4) (actual time=2034.385..2034.385 rows=2528312 loops=1)
                    Buckets: 131072  Batches: 64  Memory Usage: 2415kB
                    ->  Seq Scan on title t  (cost=0.00..61283.27 rows=2528527 width=4) (actual time=0.022..1188.829 rows=2528312 loops=1)
Planning time: 1.882 ms
Execution time: 9040.233 ms
