Nested Loop  (cost=0.43..58358.39 rows=31 width=0) (actual time=176.351..766.626 rows=1 loops=1)
  ->  Seq Scan on movie_companies mc  (cost=0.00..57926.93 rows=51 width=4) (actual time=176.272..766.545 rows=1 loops=1)
        Filter: ((company_id = 56251) AND (company_type_id = 1))
        Rows Removed by Filter: 2609128
  ->  Index Scan using title_pkey on title t  (cost=0.43..8.45 rows=1 width=4) (actual time=0.072..0.073 rows=1 loops=1)
        Index Cond: (id = mc.movie_id)
        Filter: (production_year > 1997)
Planning time: 0.739 ms
Execution time: 766.719 ms
