Hash Join  (cost=235746.49..1186274.48 rows=4368004 width=0) (actual time=5029.124..31981.765 rows=21162269 loops=1)
  Hash Cond: (ci.movie_id = t.id)
  ->  Seq Scan on cast_info ci  (cost=0.00..796071.18 rows=9173808 width=4) (actual time=0.021..14862.762 rows=14305445 loops=1)
        Filter: ((person_id > 2232015) AND (role_id > 1))
        Rows Removed by Filter: 21938899
  ->  Hash  (cost=215994.38..215994.38 rows=1203929 width=8) (actual time=5027.539..5027.539 rows=801277 loops=1)
        Buckets: 131072  Batches: 16  Memory Usage: 3019kB
        ->  Hash Join  (cost=84197.31..215994.38 rows=1203929 width=8) (actual time=1547.381..4814.452 rows=801277 loops=1)
              Hash Cond: (mk.movie_id = t.id)
              ->  Seq Scan on movie_keyword mk  (cost=0.00..81003.12 rows=3010040 width=4) (actual time=0.015..1676.027 rows=2991455 loops=1)
                    Filter: (keyword_id < 10430)
                    Rows Removed by Filter: 1532475
              ->  Hash  (cost=67604.59..67604.59 rows=1011338 width=4) (actual time=1546.178..1546.178 rows=1012920 loops=1)
                    Buckets: 131072  Batches: 16  Memory Usage: 3257kB
                    ->  Seq Scan on title t  (cost=0.00..67604.59 rows=1011338 width=4) (actual time=0.014..1214.339 rows=1012920 loops=1)
                          Filter: (production_year > 2005)
                          Rows Removed by Filter: 1515392
Planning time: 1.181 ms
Execution time: 34469.222 ms
