Hash Join  (cost=138823.00..505411.11 rows=193218 width=0) (actual time=2445.757..10160.082 rows=644379 loops=1)
  Hash Cond: (mi.movie_id = t.id)
  ->  Seq Scan on movie_info mi  (cost=0.00..309384.22 rows=14739122 width=4) (actual time=0.022..4001.654 rows=14835720 loops=1)
  ->  Hash  (cost=138408.67..138408.67 rows=33147 width=8) (actual time=2430.021..2430.021 rows=27222 loops=1)
        Buckets: 65536  Batches: 1  Memory Usage: 1576kB
        ->  Hash Join  (cost=69090.10..138408.67 rows=33147 width=8) (actual time=1050.594..2420.013 rows=27222 loops=1)
              Hash Cond: (mc.movie_id = t.id)
              ->  Seq Scan on movie_companies mc  (cost=0.00..57926.93 rows=925910 width=4) (actual time=0.026..904.487 rows=771467 loops=1)
                    Filter: ((company_id > 1352) AND (company_type_id = 1))
                    Rows Removed by Filter: 1837662
              ->  Hash  (cost=67604.59..67604.59 rows=90521 width=4) (actual time=1049.877..1049.877 rows=90852 loops=1)
                    Buckets: 131072  Batches: 2  Memory Usage: 2626kB
                    ->  Seq Scan on title t  (cost=0.00..67604.59 rows=90521 width=4) (actual time=0.025..1016.398 rows=90852 loops=1)
                          Filter: (kind_id = 2)
                          Rows Removed by Filter: 2437460
Planning time: 1.154 ms
Execution time: 10238.245 ms
