Hash Join  (cost=102097.62..449389.32 rows=3203 width=0) (actual time=4002.330..7419.565 rows=14744 loops=1)
  Hash Cond: (mi.movie_id = t.id)
  ->  Seq Scan on movie_info mi  (cost=0.00..346232.03 rows=274038 width=4) (actual time=1939.186..5516.106 rows=306788 loops=1)
        Filter: (info_type_id > 105)
        Rows Removed by Filter: 14528932
  ->  Hash  (cost=101728.19..101728.19 rows=29554 width=8) (actual time=1853.418..1853.418 rows=20689 loops=1)
        Buckets: 32768  Batches: 1  Memory Usage: 1065kB
        ->  Hash Join  (cost=70241.71..101728.19 rows=29554 width=8) (actual time=1114.815..1845.527 rows=20689 loops=1)
              Hash Cond: (mi_idx.movie_id = t.id)
              ->  Seq Scan on movie_info_idx mi_idx  (cost=0.00..25185.44 rows=464934 width=4) (actual time=0.038..507.179 rows=460185 loops=1)
                    Filter: (info_type_id > 100)
                    Rows Removed by Filter: 919850
              ->  Hash  (cost=67604.59..67604.59 rows=160730 width=4) (actual time=1113.836..1113.836 rows=160017 loops=1)
                    Buckets: 131072  Batches: 4  Memory Usage: 2436kB
                    ->  Seq Scan on title t  (cost=0.00..67604.59 rows=160730 width=4) (actual time=0.021..1057.485 rows=160017 loops=1)
                          Filter: (production_year = 2011)
                          Rows Removed by Filter: 2368295
Planning time: 1.173 ms
Execution time: 7422.033 ms
