Seq Scan on movie_companies mc  (cost=0.00..51404.11 rows=104 width=0) (actual time=0.081..789.812 rows=6 loops=1)
  Filter: (company_id = 107087)
  Rows Removed by Filter: 2609123
Planning time: 0.389 ms
Execution time: 789.885 ms
