Hash Join  (cost=235988.52..1005014.89 rows=1566278 width=0) (actual time=4996.133..19327.384 rows=4650220 loops=1)
  Hash Cond: (ci.movie_id = t.id)
  ->  Seq Scan on cast_info ci  (cost=0.00..705507.15 rows=3785450 width=4) (actual time=0.009..11224.803 rows=3664968 loops=1)
        Filter: (person_id < 351017)
        Rows Removed by Filter: 32579376
  ->  Hash  (cost=218823.90..218823.90 rows=1046210 width=8) (actual time=4995.105..4995.105 rows=1047552 loops=1)
        Buckets: 131072  Batches: 16  Memory Usage: 3609kB
        ->  Hash Join  (cost=102767.86..218823.90 rows=1046210 width=8) (actual time=1933.757..4682.987 rows=1047552 loops=1)
              Hash Cond: (mk.movie_id = t.id)
              ->  Seq Scan on movie_keyword mk  (cost=0.00..81003.12 rows=1046210 width=4) (actual time=0.021..1479.326 rows=1047552 loops=1)
                    Filter: (keyword_id < 1044)
                    Rows Removed by Filter: 3476378
              ->  Hash  (cost=61283.27..61283.27 rows=2528527 width=4) (actual time=1932.061..1932.061 rows=2528312 loops=1)
                    Buckets: 131072  Batches: 64  Memory Usage: 2425kB
                    ->  Seq Scan on title t  (cost=0.00..61283.27 rows=2528527 width=4) (actual time=0.060..1075.149 rows=2528312 loops=1)
Planning time: 2.748 ms
Execution time: 19842.769 ms
