Seq Scan on cast_info ci  (cost=0.00..796071.18 rows=22065618 width=0) (actual time=0.012..16236.228 rows=21324446 loops=1)
  Filter: ((person_id < 3622361) AND (role_id > 1))
  Rows Removed by Filter: 14919898
Planning time: 0.386 ms
Execution time: 18738.539 ms
