Nested Loop  (cost=0.43..58358.27 rows=51 width=0) (actual time=154.827..785.314 rows=8 loops=1)
  ->  Seq Scan on movie_companies mc  (cost=0.00..57926.93 rows=51 width=4) (actual time=154.747..785.120 rows=8 loops=1)
        Filter: ((company_id = 69070) AND (company_type_id = 1))
        Rows Removed by Filter: 2609121
  ->  Index Only Scan using title_pkey on title t  (cost=0.43..8.45 rows=1 width=4) (actual time=0.021..0.022 rows=1 loops=8)
        Index Cond: (id = mc.movie_id)
        Heap Fetches: 8
Planning time: 0.740 ms
Execution time: 785.403 ms
