Hash Join  (cost=114801.45..170016.75 rows=54979 width=0) (actual time=2198.835..3890.896 rows=306465 loops=1)
  Hash Cond: (mc.movie_id = t.id)
  ->  Seq Scan on movie_companies mc  (cost=0.00..44881.29 rows=2609129 width=4) (actual time=0.015..663.016 rows=2609129 loops=1)
  ->  Hash  (cost=114135.45..114135.45 rows=53280 width=8) (actual time=2198.383..2198.383 rows=111147 loops=1)
        Buckets: 131072 (originally 65536)  Batches: 2 (originally 1)  Memory Usage: 3195kB
        ->  Hash Join  (cost=75528.17..114135.45 rows=53280 width=8) (actual time=1212.989..2158.638 rows=111147 loops=1)
              Hash Cond: (mi_idx.movie_id = t.id)
              ->  Seq Scan on movie_info_idx mi_idx  (cost=0.00..21735.35 rows=1380035 width=4) (actual time=0.015..435.510 rows=1380035 loops=1)
              ->  Hash  (cost=73925.90..73925.90 rows=97621 width=4) (actual time=1211.938..1211.938 rows=100458 loops=1)
                    Buckets: 131072  Batches: 2  Memory Usage: 2795kB
                    ->  Seq Scan on title t  (cost=0.00..73925.90 rows=97621 width=4) (actual time=517.986..1175.876 rows=100458 loops=1)
                          Filter: ((production_year > 1913) AND (kind_id = 3))
                          Rows Removed by Filter: 2427854
Planning time: 1.170 ms
Execution time: 3926.167 ms
