Seq Scan on cast_info ci  (cost=0.00..796071.18 rows=2441 width=0) (actual time=133.140..13251.877 rows=3940 loops=1)
  Filter: ((role_id > 3) AND (person_id = 2914529))
  Rows Removed by Filter: 36240404
Planning time: 0.373 ms
Execution time: 13252.489 ms
