Seq Scan on movie_companies mc  (cost=0.00..51404.11 rows=104 width=0) (actual time=95.648..901.608 rows=73 loops=1)
  Filter: (company_id = 83675)
  Rows Removed by Filter: 2609056
Planning time: 0.388 ms
Execution time: 901.713 ms
