Hash Join  (cost=191415.01..233930.28 rows=281079 width=0) (actual time=4159.152..5840.430 rows=1131770 loops=1)
  Hash Cond: (mi_idx.movie_id = t.id)
  ->  Seq Scan on movie_info_idx mi_idx  (cost=0.00..21735.35 rows=1380035 width=4) (actual time=0.032..449.271 rows=1380035 loops=1)
  ->  Hash  (cost=182965.53..182965.53 rows=514999 width=8) (actual time=4157.611..4157.611 rows=826242 loops=1)
        Buckets: 131072 (originally 131072)  Batches: 16 (originally 8)  Memory Usage: 3073kB
        ->  Hash Join  (cost=102767.86..182965.53 rows=514999 width=8) (actual time=2266.225..3948.826 rows=826242 loops=1)
              Hash Cond: (mc.movie_id = t.id)
              ->  Seq Scan on movie_companies mc  (cost=0.00..57926.93 rows=514999 width=4) (actual time=245.852..963.973 rows=826242 loops=1)
                    Filter: ((company_id > 16004) AND (company_type_id = 2))
                    Rows Removed by Filter: 1782887
              ->  Hash  (cost=61283.27..61283.27 rows=2528527 width=4) (actual time=2019.178..2019.178 rows=2528312 loops=1)
                    Buckets: 131072  Batches: 64  Memory Usage: 2415kB
                    ->  Seq Scan on title t  (cost=0.00..61283.27 rows=2528527 width=4) (actual time=0.018..1160.966 rows=2528312 loops=1)
Planning time: 2.068 ms
Execution time: 5954.122 ms
