Hash Join  (cost=197931.09..1159607.83 rows=892742 width=0) (actual time=3808.171..27818.297 rows=3497409 loops=1)
  Hash Cond: (ci.movie_id = t.id)
  ->  Seq Scan on cast_info ci  (cost=0.00..705507.15 rows=21347243 width=4) (actual time=0.018..14805.763 rows=21199717 loops=1)
        Filter: (person_id < 2142600)
        Rows Removed by Filter: 15044627
  ->  Hash  (cost=196195.31..196195.31 rows=105743 width=8) (actual time=3807.540..3807.540 rows=104326 loops=1)
        Buckets: 131072  Batches: 2  Memory Usage: 3063kB
        ->  Hash Join  (cost=102767.86..196195.31 rows=105743 width=8) (actual time=1857.805..3774.416 rows=104326 loops=1)
              Hash Cond: (mk.movie_id = t.id)
              ->  Seq Scan on movie_keyword mk  (cost=0.00..81003.12 rows=105743 width=4) (actual time=0.019..1205.013 rows=104326 loops=1)
                    Filter: (keyword_id > 81272)
                    Rows Removed by Filter: 4419604
              ->  Hash  (cost=61283.27..61283.27 rows=2528527 width=4) (actual time=1854.882..1854.882 rows=2528312 loops=1)
                    Buckets: 131072  Batches: 64  Memory Usage: 2425kB
                    ->  Seq Scan on title t  (cost=0.00..61283.27 rows=2528527 width=4) (actual time=0.005..1007.195 rows=2528312 loops=1)
Planning time: 3.476 ms
Execution time: 28267.764 ms
