Hash Join  (cost=263115.61..1153483.21 rows=3559488 width=0) (actual time=10584.370..28766.623 rows=15084119 loops=1)
  Hash Cond: (ci.movie_id = t.id)
  ->  Seq Scan on cast_info ci  (cost=0.00..796071.18 rows=3449527 width=4) (actual time=4324.754..12712.202 rows=6918345 loops=1)
        Filter: ((person_id < 946081) AND (role_id = 1))
        Rows Removed by Filter: 29325999
  ->  Hash  (cost=220309.49..220309.49 rows=2609129 width=8) (actual time=6258.240..6258.240 rows=2609129 loops=1)
        Buckets: 131072  Batches: 64  Memory Usage: 2610kB
        ->  Hash Join  (cost=102767.86..220309.49 rows=2609129 width=8) (actual time=1928.167..5570.209 rows=2609129 loops=1)
              Hash Cond: (mc.movie_id = t.id)
              ->  Seq Scan on movie_companies mc  (cost=0.00..44881.29 rows=2609129 width=4) (actual time=0.026..929.382 rows=2609129 loops=1)
              ->  Hash  (cost=61283.27..61283.27 rows=2528527 width=4) (actual time=1927.340..1927.340 rows=2528312 loops=1)
                    Buckets: 131072  Batches: 64  Memory Usage: 2415kB
                    ->  Seq Scan on title t  (cost=0.00..61283.27 rows=2528527 width=4) (actual time=0.021..1070.517 rows=2528312 loops=1)
Planning time: 1.418 ms
Execution time: 30459.290 ms
