Seq Scan on movie_keyword mk  (cost=0.00..81003.12 rows=3896253 width=0) (actual time=0.016..1619.894 rows=3898499 loops=1)
  Filter: (keyword_id > 484)
  Rows Removed by Filter: 625431
Planning time: 0.369 ms
Execution time: 2123.325 ms
