Hash Join  (cost=463997.23..1539310.74 rows=4040832 width=0) (actual time=7642.722..35476.772 rows=4233343 loops=1)
  Hash Cond: (ci.movie_id = t.id)
  ->  Seq Scan on cast_info ci  (cost=0.00..614943.12 rows=36225612 width=4) (actual time=0.023..12555.441 rows=36244344 loops=1)
  ->  Hash  (cost=459369.63..459369.63 rows=282048 width=8) (actual time=7641.792..7641.792 rows=119751 loops=1)
        Buckets: 131072  Batches: 4  Memory Usage: 2201kB
        ->  Hash Join  (cost=98137.04..459369.63 rows=282048 width=8) (actual time=5484.971..7610.182 rows=119751 loops=1)
              Hash Cond: (mi.movie_id = t.id)
              ->  Seq Scan on movie_info mi  (cost=0.00..346232.03 rows=383217 width=4) (actual time=3431.910..5110.329 rows=368218 loops=1)
                    Filter: (info_type_id = 17)
                    Rows Removed by Filter: 14467502
              ->  Hash  (cost=67604.59..67604.59 rows=1860996 width=4) (actual time=2034.437..2034.437 rows=1865487 loops=1)
                    Buckets: 131072  Batches: 32  Memory Usage: 3085kB
                    ->  Seq Scan on title t  (cost=0.00..67604.59 rows=1860996 width=4) (actual time=0.045..1399.414 rows=1865487 loops=1)
                          Filter: (kind_id > 1)
                          Rows Removed by Filter: 662825
Planning time: 1.275 ms
Execution time: 35966.722 ms
