Seq Scan on movie_companies mc  (cost=0.00..51404.11 rows=2098071 width=0) (actual time=0.023..1076.948 rows=2092776 loops=1)
  Filter: (company_id < 73524)
  Rows Removed by Filter: 516353
Planning time: 0.369 ms
Execution time: 1326.914 ms
