Hash Join  (cost=893439.89..1019217.09 rows=309817 width=0) (actual time=13229.295..16650.179 rows=1552403 loops=1)
  Hash Cond: (mk.movie_id = t.id)
  ->  Seq Scan on movie_keyword mk  (cost=0.00..69693.30 rows=4523930 width=4) (actual time=0.023..1384.379 rows=4523930 loops=1)
  ->  Hash  (cost=890598.34..890598.34 rows=173164 width=8) (actual time=13228.110..13228.110 rows=99939 loops=1)
        Buckets: 131072  Batches: 4  Memory Usage: 2000kB
        ->  Hash Join  (cost=83810.17..890598.34 rows=173164 width=8) (actual time=4485.491..13196.879 rows=99939 loops=1)
              Hash Cond: (ci.movie_id = t.id)
              ->  Seq Scan on cast_info ci  (cost=0.00..796071.18 rows=443291 width=4) (actual time=2949.432..11379.829 rows=209057 loops=1)
                    Filter: ((person_id < 179056) AND (role_id > 5))
                    Rows Removed by Filter: 36035287
              ->  Hash  (cost=67604.59..67604.59 rows=987727 width=4) (actual time=1534.876..1534.876 rows=985048 loops=1)
                    Buckets: 131072  Batches: 16  Memory Usage: 3188kB
                    ->  Seq Scan on title t  (cost=0.00..67604.59 rows=987727 width=4) (actual time=0.024..1229.702 rows=985048 loops=1)
                          Filter: (kind_id < 7)
                          Rows Removed by Filter: 1543264
Planning time: 1.165 ms
Execution time: 16839.534 ms
