Hash Join  (cost=510035.48..624306.41 rows=855149 width=0) (actual time=9606.722..12509.199 rows=1664373 loops=1)
  Hash Cond: (mk.movie_id = t.id)
  ->  Seq Scan on movie_keyword mk  (cost=0.00..81003.12 rows=1710486 width=4) (actual time=0.023..1523.439 rows=1716619 loops=1)
        Filter: (keyword_id > 8280)
        Rows Removed by Filter: 2807311
  ->  Hash  (cost=489295.91..489295.91 rows=1264125 width=8) (actual time=9605.822..9605.822 rows=1288928 loops=1)
        Buckets: 131072  Batches: 32  Memory Usage: 2594kB
        ->  Hash Join  (cost=102767.86..489295.91 rows=1264125 width=8) (actual time=5795.062..9218.682 rows=1288928 loops=1)
              Hash Cond: (mi.movie_id = t.id)
              ->  Seq Scan on movie_info mi  (cost=0.00..346232.03 rows=1264125 width=4) (actual time=3699.578..5610.636 rows=1288928 loops=1)
                    Filter: (info_type_id = 2)
                    Rows Removed by Filter: 13546792
              ->  Hash  (cost=61283.27..61283.27 rows=2528527 width=4) (actual time=2094.179..2094.179 rows=2528312 loops=1)
                    Buckets: 131072  Batches: 64  Memory Usage: 2425kB
                    ->  Seq Scan on title t  (cost=0.00..61283.27 rows=2528527 width=4) (actual time=0.027..1211.614 rows=2528312 loops=1)
Planning time: 1.095 ms
Execution time: 12695.313 ms
