Seq Scan on movie_keyword mk  (cost=0.00..81003.12 rows=2414974 width=0) (actual time=0.022..1592.476 rows=2414588 loops=1)
  Filter: (keyword_id < 5683)
  Rows Removed by Filter: 2109342
Planning time: 0.321 ms
Execution time: 1887.003 ms
