Hash Join  (cost=108305.74..863209.69 rows=411485 width=0) (actual time=1847.178..18144.796 rows=43596 loops=1)
  Hash Cond: (ci.movie_id = t.id)
  ->  Seq Scan on cast_info ci  (cost=0.00..614943.12 rows=36225612 width=4) (actual time=0.024..8819.740 rows=36244344 loops=1)
  ->  Hash  (cost=107946.73..107946.73 rows=28721 width=8) (actual time=1846.924..1846.924 rows=2796 loops=1)
        Buckets: 32768  Batches: 1  Memory Usage: 366kB
        ->  Hash Join  (cost=76490.96..107946.73 rows=28721 width=8) (actual time=1178.648..1845.426 rows=2796 loops=1)
              Hash Cond: (mi_idx.movie_id = t.id)
              ->  Seq Scan on movie_info_idx mi_idx  (cost=0.00..25185.44 rows=464566 width=4) (actual time=0.029..486.760 rows=459925 loops=1)
                    Filter: (info_type_id = 101)
                    Rows Removed by Filter: 920110
              ->  Hash  (cost=73925.90..73925.90 rows=156324 width=4) (actual time=1161.978..1161.978 rows=31497 loops=1)
                    Buckets: 131072  Batches: 4  Memory Usage: 1303kB
                    ->  Seq Scan on title t  (cost=0.00..73925.90 rows=156324 width=4) (actual time=0.027..1146.853 rows=31497 loops=1)
                          Filter: ((kind_id > 1) AND (production_year < 1957))
                          Rows Removed by Filter: 2496815
Planning time: 1.229 ms
Execution time: 18153.778 ms
