Seq Scan on movie_companies mc  (cost=0.00..51404.11 rows=104 width=0) (actual time=117.437..732.383 rows=783 loops=1)
  Filter: (company_id = 1283)
  Rows Removed by Filter: 2608346
Planning time: 0.386 ms
Execution time: 732.659 ms
