Hash Join  (cost=52284.99..416946.98 rows=606 width=0) (actual time=2074.408..8028.306 rows=53 loops=1)
  Hash Cond: (mi.movie_id = t.id)
  ->  Seq Scan on movie_info mi  (cost=0.00..309384.22 rows=14739122 width=4) (actual time=0.020..4551.181 rows=14835720 loops=1)
  ->  Hash  (cost=52283.69..52283.69 rows=104 width=8) (actual time=790.503..790.503 rows=33 loops=1)
        Buckets: 1024  Batches: 1  Memory Usage: 10kB
        ->  Nested Loop  (cost=0.43..52283.69 rows=104 width=8) (actual time=389.316..790.486 rows=33 loops=1)
              ->  Seq Scan on movie_companies mc  (cost=0.00..51404.11 rows=104 width=4) (actual time=389.217..788.902 rows=33 loops=1)
                    Filter: (company_id = 77294)
                    Rows Removed by Filter: 2609096
              ->  Index Only Scan using title_pkey on title t  (cost=0.43..8.45 rows=1 width=4) (actual time=0.046..0.047 rows=1 loops=33)
                    Index Cond: (id = mc.movie_id)
                    Heap Fetches: 33
Planning time: 1.155 ms
Execution time: 8028.416 ms
