Hash Join  (cost=169586.30..303082.15 rows=943381 width=0) (actual time=4238.109..13178.277 rows=26615221 loops=1)
  Hash Cond: (mk.movie_id = t.id)
  ->  Seq Scan on movie_keyword mk  (cost=0.00..69693.30 rows=4523930 width=4) (actual time=0.029..1401.996 rows=4523930 loops=1)
  ->  Hash  (cost=160935.34..160935.34 rows=527277 width=8) (actual time=4237.281..4237.281 rows=973666 loops=1)
        Buckets: 131072 (originally 131072)  Batches: 16 (originally 8)  Memory Usage: 3466kB
        ->  Hash Join  (cost=78556.72..160935.34 rows=527277 width=8) (actual time=1511.119..3961.799 rows=973666 loops=1)
              Hash Cond: (mc.movie_id = t.id)
              ->  Seq Scan on movie_companies mc  (cost=0.00..51404.11 rows=1997262 width=4) (actual time=0.023..1155.503 rows=1993018 loops=1)
                    Filter: (company_id < 63237)
                    Rows Removed by Filter: 616111
              ->  Hash  (cost=67604.59..67604.59 rows=667531 width=4) (actual time=1489.389..1489.389 rows=662825 loops=1)
                    Buckets: 131072  Batches: 16  Memory Usage: 2476kB
                    ->  Seq Scan on title t  (cost=0.00..67604.59 rows=667531 width=4) (actual time=0.019..1283.277 rows=662825 loops=1)
                          Filter: (kind_id = 1)
                          Rows Removed by Filter: 1865487
Planning time: 1.151 ms
Execution time: 16028.899 ms
