Seq Scan on movie_keyword mk  (cost=0.00..81003.12 rows=578020 width=0) (actual time=0.021..1285.882 rows=582506 loops=1)
  Filter: (keyword_id < 413)
  Rows Removed by Filter: 3941424
Planning time: 0.312 ms
Execution time: 1360.741 ms
