Seq Scan on cast_info ci  (cost=0.00..796071.18 rows=3482388 width=0) (actual time=11991.568..15747.333 rows=3661023 loops=1)
  Filter: ((person_id > 441371) AND (role_id = 3))
  Rows Removed by Filter: 32583321
Planning time: 0.416 ms
Execution time: 16199.161 ms
