Hash Join  (cost=102767.86..1018182.87 rows=4549159 width=0) (actual time=3758.282..25604.922 rows=10156009 loops=1)
  Hash Cond: (ci.movie_id = t.id)
  ->  Seq Scan on cast_info ci  (cost=0.00..796071.18 rows=4549159 width=4) (actual time=1051.331..13141.218 rows=10156009 loops=1)
        Filter: ((person_id > 2695033) AND (role_id > 2))
        Rows Removed by Filter: 26088335
  ->  Hash  (cost=61283.27..61283.27 rows=2528527 width=4) (actual time=2706.036..2706.036 rows=2528312 loops=1)
        Buckets: 131072  Batches: 64  Memory Usage: 2415kB
        ->  Seq Scan on title t  (cost=0.00..61283.27 rows=2528527 width=4) (actual time=0.023..1182.333 rows=2528312 loops=1)
Planning time: 0.777 ms
Execution time: 26820.040 ms
