Seq Scan on cast_info ci  (cost=0.00..796071.18 rows=2324292 width=0) (actual time=6322.313..15565.831 rows=2111461 loops=1)
  Filter: ((person_id < 3102756) AND (role_id = 4))
  Rows Removed by Filter: 34132883
Planning time: 0.480 ms
Execution time: 15808.122 ms
