Hash Join  (cost=123871.12..1085167.04 rows=2311657 width=0) (actual time=2628.741..27154.713 rows=2882235 loops=1)
  Hash Cond: (ci.movie_id = t.id)
  ->  Seq Scan on cast_info ci  (cost=0.00..705507.15 rows=20024311 width=4) (actual time=0.023..15813.800 rows=20122661 loops=1)
        Filter: (role_id < 3)
        Rows Removed by Filter: 16121683
  ->  Hash  (cost=119081.37..119081.37 rows=291900 width=8) (actual time=2627.436..2627.436 rows=192209 loops=1)
        Buckets: 131072  Batches: 4  Memory Usage: 2895kB
        ->  Hash Join  (cost=76379.89..119081.37 rows=291900 width=8) (actual time=1389.641..2566.621 rows=192209 loops=1)
              Hash Cond: (mi_idx.movie_id = t.id)
              ->  Seq Scan on movie_info_idx mi_idx  (cost=0.00..21735.35 rows=1380035 width=4) (actual time=0.016..426.734 rows=1380035 loops=1)
              ->  Hash  (cost=67604.59..67604.59 rows=534824 width=4) (actual time=1388.686..1388.686 rows=533369 loops=1)
                    Buckets: 131072  Batches: 8  Memory Usage: 3369kB
                    ->  Seq Scan on title t  (cost=0.00..67604.59 rows=534824 width=4) (actual time=0.018..1211.371 rows=533369 loops=1)
                          Filter: (production_year > 2009)
                          Rows Removed by Filter: 1994943
Planning time: 1.345 ms
Execution time: 27485.401 ms
