Hash Join  (cost=208771.66..1269098.42 rows=9504073 width=0) (actual time=5021.669..37422.333 rows=23997229 loops=1)
  Hash Cond: (ci.movie_id = t.id)
  ->  Seq Scan on cast_info ci  (cost=0.00..705507.15 rows=22099967 width=4) (actual time=342.215..14994.613 rows=22160490 loops=1)
        Filter: (person_id > 1387559)
        Rows Removed by Filter: 14083854
  ->  Hash  (cost=190931.28..190931.28 rows=1087391 width=8) (actual time=4678.485..4678.485 rows=1142158 loops=1)
        Buckets: 131072  Batches: 16  Memory Usage: 3793kB
        ->  Hash Join  (cost=104131.46..190931.28 rows=1087391 width=8) (actual time=2126.453..4357.117 rows=1142158 loops=1)
              Hash Cond: (mc.movie_id = t.id)
              ->  Seq Scan on movie_companies mc  (cost=0.00..51404.11 rows=1234958 width=4) (actual time=0.024..944.590 rows=1223559 loops=1)
                    Filter: (company_id < 11141)
                    Rows Removed by Filter: 1385570
              ->  Hash  (cost=67604.59..67604.59 rows=2226390 width=4) (actual time=2125.508..2125.508 rows=2224569 loops=1)
                    Buckets: 131072  Batches: 32  Memory Usage: 3463kB
                    ->  Seq Scan on title t  (cost=0.00..67604.59 rows=2226390 width=4) (actual time=0.025..1428.319 rows=2224569 loops=1)
                          Filter: (production_year < 2012)
                          Rows Removed by Filter: 303743
Planning time: 2.111 ms
Execution time: 40069.958 ms
