Hash Join  (cost=118875.47..1169460.88 rows=1633619 width=0) (actual time=2169.757..29221.661 rows=3281533 loops=1)
  Hash Cond: (ci.movie_id = t.id)
  ->  Seq Scan on cast_info ci  (cost=0.00..614943.12 rows=36225612 width=4) (actual time=0.026..12818.903 rows=36244344 loops=1)
  ->  Hash  (cost=117004.15..117004.15 rows=114026 width=8) (actual time=2168.986..2168.986 rows=115961 loops=1)
        Buckets: 131072  Batches: 2  Memory Usage: 3275kB
        ->  Hash Join  (cost=77354.40..117004.15 rows=114026 width=8) (actual time=1121.495..2131.835 rows=115961 loops=1)
              Hash Cond: (mi_idx.movie_id = t.id)
              ->  Seq Scan on movie_info_idx mi_idx  (cost=0.00..21735.35 rows=1380035 width=4) (actual time=0.014..456.586 rows=1380035 loops=1)
              ->  Hash  (cost=73925.90..73925.90 rows=208920 width=4) (actual time=1120.682..1120.682 rows=183835 loops=1)
                    Buckets: 131072  Batches: 4  Memory Usage: 2649kB
                    ->  Seq Scan on title t  (cost=0.00..73925.90 rows=208920 width=4) (actual time=0.014..1063.276 rows=183835 loops=1)
                          Filter: ((kind_id < 7) AND (production_year > 2009))
                          Rows Removed by Filter: 2344477
Planning time: 1.178 ms
Execution time: 29650.003 ms
