Hash Join  (cost=300316.09..1149008.71 rows=5808310 width=0) (actual time=9061.683..28712.366 rows=24179703 loops=1)
  Hash Cond: (ci.movie_id = t.id)
  ->  Seq Scan on cast_info ci  (cost=0.00..705507.15 rows=5278781 width=4) (actual time=814.510..12164.886 rows=5185666 loops=1)
        Filter: (person_id < 501379)
        Rows Removed by Filter: 31058678
  ->  Hash  (cost=254670.96..254670.96 rows=2782170 width=8) (actual time=8225.467..8225.467 rows=3430522 loops=1)
        Buckets: 131072  Batches: 64  Memory Usage: 3111kB
        ->  Hash Join  (cost=93117.31..254670.96 rows=2782170 width=8) (actual time=1831.085..7189.317 rows=3430522 loops=1)
              Hash Cond: (mk.movie_id = t.id)
              ->  Seq Scan on movie_keyword mk  (cost=0.00..69693.30 rows=4523930 width=4) (actual time=0.026..1490.192 rows=4523930 loops=1)
              ->  Hash  (cost=67604.59..67604.59 rows=1555018 width=4) (actual time=1829.628..1829.628 rows=1551727 loops=1)
                    Buckets: 131072  Batches: 32  Memory Usage: 2736kB
                    ->  Seq Scan on title t  (cost=0.00..67604.59 rows=1555018 width=4) (actual time=0.019..1298.784 rows=1551727 loops=1)
                          Filter: (production_year < 2007)
                          Rows Removed by Filter: 976585
Planning time: 10.122 ms
Execution time: 31189.546 ms
