Hash Join  (cost=76453.29..592800.18 rows=848376 width=0) (actual time=1509.218..15491.848 rows=198230 loops=1)
  Hash Cond: (mi.movie_id = t.id)
  ->  Seq Scan on movie_info mi  (cost=0.00..346232.03 rows=13926693 width=4) (actual time=252.986..7232.741 rows=13963496 loops=1)
        Filter: (info_type_id < 98)
        Rows Removed by Filter: 872224
  ->  Hash  (cost=73925.90..73925.90 rows=154031 width=4) (actual time=1219.862..1219.862 rows=35513 loops=1)
        Buckets: 131072  Batches: 4  Memory Usage: 1344kB
        ->  Seq Scan on title t  (cost=0.00..73925.90 rows=154031 width=4) (actual time=0.036..1204.172 rows=35513 loops=1)
              Filter: ((kind_id > 2) AND (production_year < 1958))
              Rows Removed by Filter: 2492799
Planning time: 0.780 ms
Execution time: 15518.515 ms
