Seq Scan on movie_companies mc  (cost=0.00..51404.11 rows=104 width=0) (actual time=156.367..864.877 rows=24 loops=1)
  Filter: (company_id = 6932)
  Rows Removed by Filter: 2609105
Planning time: 0.395 ms
Execution time: 864.949 ms
