Hash Join  (cost=174724.13..264910.84 rows=1098020 width=0) (actual time=4126.484..7476.425 rows=3021148 loops=1)
  Hash Cond: (mc.movie_id = t.id)
  ->  Seq Scan on movie_companies mc  (cost=0.00..44881.29 rows=2609129 width=4) (actual time=0.013..925.360 rows=2609129 loops=1)
  ->  Hash  (cost=157265.89..157265.89 rows=1064099 width=8) (actual time=4125.696..4125.696 rows=1061443 loops=1)
        Buckets: 131072  Batches: 16  Memory Usage: 3626kB
        ->  Hash Join  (cost=99591.38..157265.89 rows=1064099 width=8) (actual time=2016.461..3809.132 rows=1061443 loops=1)
              Hash Cond: (mi_idx.movie_id = t.id)
              ->  Seq Scan on movie_info_idx mi_idx  (cost=0.00..21735.35 rows=1380035 width=4) (actual time=0.024..465.356 rows=1380035 loops=1)
              ->  Hash  (cost=67604.59..67604.59 rows=1949663 width=4) (actual time=2015.564..2015.564 rows=1947263 loops=1)
                    Buckets: 131072  Batches: 32  Memory Usage: 3171kB
                    ->  Seq Scan on title t  (cost=0.00..67604.59 rows=1949663 width=4) (actual time=0.029..1394.018 rows=1947263 loops=1)
                          Filter: (production_year > 1979)
                          Rows Removed by Filter: 581049
Planning time: 1.153 ms
Execution time: 7808.666 ms
