Seq Scan on cast_info ci  (cost=0.00..796071.18 rows=3172551 width=0) (actual time=1578.641..12077.795 rows=6413785 loops=1)
  Filter: ((person_id < 875605) AND (role_id = 1))
  Rows Removed by Filter: 29830559
Planning time: 0.342 ms
Execution time: 12842.636 ms
