Hash Join  (cost=215833.08..1101845.08 rows=2585772 width=0) (actual time=5139.060..28607.052 rows=14899495 loops=1)
  Hash Cond: (ci.movie_id = t.id)
  ->  Seq Scan on cast_info ci  (cost=0.00..796071.18 rows=5109892 width=4) (actual time=0.015..14566.475 rows=10300310 loops=1)
        Filter: ((person_id > 2556843) AND (role_id > 2))
        Rows Removed by Filter: 25944034
  ->  Hash  (cost=194840.12..194840.12 rows=1279517 width=8) (actual time=5137.634..5137.634 rows=1274246 loops=1)
        Buckets: 131072  Batches: 32  Memory Usage: 2553kB
        ->  Hash Join  (cost=102767.86..194840.12 rows=1279517 width=8) (actual time=2258.909..4735.132 rows=1274246 loops=1)
              Hash Cond: (mc.movie_id = t.id)
              ->  Seq Scan on movie_companies mc  (cost=0.00..51404.11 rows=1279517 width=4) (actual time=229.851..974.742 rows=1274246 loops=1)
                    Filter: (company_type_id < 2)
                    Rows Removed by Filter: 1334883
              ->  Hash  (cost=61283.27..61283.27 rows=2528527 width=4) (actual time=2027.913..2027.913 rows=2528312 loops=1)
                    Buckets: 131072  Batches: 64  Memory Usage: 2415kB
                    ->  Seq Scan on title t  (cost=0.00..61283.27 rows=2528527 width=4) (actual time=0.020..1192.125 rows=2528312 loops=1)
Planning time: 0.780 ms
Execution time: 30204.897 ms
