Nested Loop  (cost=32636.42..830609.00 rows=40 width=0) (actual time=14723.843..14773.327 rows=9 loops=1)
  Join Filter: (ci.movie_id = t.id)
  ->  Hash Join  (cost=32635.99..830523.37 rows=100 width=8) (actual time=14723.712..14772.879 rows=9 loops=1)
        Hash Cond: (ci.movie_id = mi_idx.movie_id)
        ->  Seq Scan on cast_info ci  (cost=0.00..796071.18 rows=224 width=4) (actual time=4768.324..14041.529 rows=222 loops=1)
              Filter: ((role_id > 2) AND (person_id = 2962630))
              Rows Removed by Filter: 36244122
        ->  Hash  (cost=25185.44..25185.44 rows=454124 width=4) (actual time=669.655..669.655 rows=459925 loops=1)
              Buckets: 131072  Batches: 8  Memory Usage: 3050kB
              ->  Seq Scan on movie_info_idx mi_idx  (cost=0.00..25185.44 rows=454124 width=4) (actual time=0.045..529.648 rows=459925 loops=1)
                    Filter: (info_type_id = 100)
                    Rows Removed by Filter: 920110
  ->  Index Only Scan using title_pkey on title t  (cost=0.43..0.84 rows=1 width=4) (actual time=0.042..0.043 rows=1 loops=9)
        Index Cond: (id = mi_idx.movie_id)
        Heap Fetches: 9
Planning time: 1.337 ms
Execution time: 14773.442 ms
