Hash Join  (cost=132633.79..498333.66 rows=104394 width=0) (actual time=2151.716..9649.550 rows=54679 loops=1)
  Hash Cond: (mi.movie_id = t.id)
  ->  Seq Scan on movie_info mi  (cost=0.00..309384.22 rows=14739122 width=4) (actual time=0.010..4523.249 rows=14835720 loops=1)
  ->  Hash  (cost=132409.93..132409.93 rows=17909 width=8) (actual time=2151.094..2151.094 rows=2656 loops=1)
        Buckets: 32768  Batches: 1  Memory Usage: 360kB
        ->  Hash Join  (cost=69694.50..132409.93 rows=17909 width=8) (actual time=1243.220..2149.909 rows=2656 loops=1)
              Hash Cond: (mc.movie_id = t.id)
              ->  Seq Scan on movie_companies mc  (cost=0.00..57926.93 rows=355574 width=4) (actual time=0.030..878.898 rows=43512 loops=1)
                    Filter: ((company_id > 40713) AND (company_type_id = 1))
                    Rows Removed by Filter: 2565617
              ->  Hash  (cost=67604.59..67604.59 rows=127353 width=4) (actual time=1242.406..1242.406 rows=128696 loops=1)
                    Buckets: 131072  Batches: 2  Memory Usage: 3284kB
                    ->  Seq Scan on title t  (cost=0.00..67604.59 rows=127353 width=4) (actual time=0.021..1195.534 rows=128696 loops=1)
                          Filter: (production_year = 2009)
                          Rows Removed by Filter: 2399616
Planning time: 4.633 ms
Execution time: 9659.099 ms
