Hash Join  (cost=100836.57..1078626.19 rows=6686221 width=0) (actual time=6128.000..19891.379 rows=3038060 loops=1)
  Hash Cond: (ci.movie_id = t.id)
  ->  Seq Scan on cast_info ci  (cost=0.00..796071.18 rows=8346646 width=4) (actual time=3943.210..14495.120 rows=3714983 loops=1)
        Filter: ((person_id > 1221607) AND (role_id < 2))
        Rows Removed by Filter: 32529361
  ->  Hash  (cost=67604.59..67604.59 rows=2025519 width=4) (actual time=2183.527..2183.527 rows=2018703 loops=1)
        Buckets: 131072  Batches: 32  Memory Usage: 3247kB
        ->  Seq Scan on title t  (cost=0.00..67604.59 rows=2025519 width=4) (actual time=0.033..1242.683 rows=2018703 loops=1)
              Filter: (production_year > 1974)
              Rows Removed by Filter: 509609
Planning time: 0.754 ms
Execution time: 20252.393 ms
