Hash Join  (cost=234427.15..1093040.16 rows=2048277 width=0) (actual time=11922.875..19341.628 rows=1499679 loops=1)
  Hash Cond: (ci.movie_id = t.id)
  ->  Seq Scan on cast_info ci  (cost=0.00..796071.18 rows=2697012 width=4) (actual time=6324.672..12353.255 rows=1585033 loops=1)
        Filter: ((person_id < 768948) AND (role_id > 3))
        Rows Removed by Filter: 34659311
  ->  Hash  (cost=202921.16..202921.16 rows=1920319 width=8) (actual time=5597.252..5597.252 rows=1301439 loops=1)
        Buckets: 131072  Batches: 32  Memory Usage: 2584kB
        ->  Hash Join  (cost=98137.04..202921.16 rows=1920319 width=8) (actual time=2031.746..5211.921 rows=1301439 loops=1)
              Hash Cond: (mc.movie_id = t.id)
              ->  Seq Scan on movie_companies mc  (cost=0.00..44881.29 rows=2609129 width=4) (actual time=0.027..905.852 rows=2609129 loops=1)
              ->  Hash  (cost=67604.59..67604.59 rows=1860996 width=4) (actual time=2030.401..2030.401 rows=1865487 loops=1)
                    Buckets: 131072  Batches: 32  Memory Usage: 3079kB
                    ->  Seq Scan on title t  (cost=0.00..67604.59 rows=1860996 width=4) (actual time=0.024..1251.302 rows=1865487 loops=1)
                          Filter: (kind_id > 1)
                          Rows Removed by Filter: 662825
Planning time: 1.145 ms
Execution time: 19513.509 ms
