Hash Join  (cost=123567.61..513129.31 rows=164781 width=0) (actual time=2399.941..11424.403 rows=1101939 loops=1)
  Hash Cond: (mi.movie_id = t.id)
  ->  Seq Scan on movie_info mi  (cost=0.00..346232.03 rows=11115165 width=4) (actual time=0.013..6419.255 rows=11210743 loops=1)
        Filter: (info_type_id > 3)
        Rows Removed by Filter: 3624977
  ->  Hash  (cost=123099.05..123099.05 rows=37485 width=8) (actual time=2396.822..2396.822 rows=34035 loops=1)
        Buckets: 65536  Batches: 1  Memory Usage: 1842kB
        ->  Hash Join  (cost=68058.67..123099.05 rows=37485 width=8) (actual time=1032.283..2383.102 rows=34035 loops=1)
              Hash Cond: (mc.movie_id = t.id)
              ->  Seq Scan on movie_companies mc  (cost=0.00..44881.29 rows=2609129 width=4) (actual time=0.018..632.019 rows=2609129 loops=1)
              ->  Hash  (cost=67604.59..67604.59 rows=36327 width=4) (actual time=1031.929..1031.929 rows=36509 loops=1)
                    Buckets: 65536  Batches: 1  Memory Usage: 1796kB
                    ->  Seq Scan on title t  (cost=0.00..67604.59 rows=36327 width=4) (actual time=0.071..1015.576 rows=36509 loops=1)
                          Filter: (production_year = 1996)
                          Rows Removed by Filter: 2491803
Planning time: 1.131 ms
Execution time: 11557.199 ms
