Seq Scan on movie_companies mc  (cost=0.00..57926.93 rows=969918 width=0) (actual time=335.392..1107.989 rows=1259463 loops=1)
  Filter: ((company_id < 58238) AND (company_type_id < 2))
  Rows Removed by Filter: 1349666
Planning time: 0.338 ms
Execution time: 1266.008 ms
