Hash Join  (cost=211854.74..1353015.21 rows=6042732 width=0) (actual time=4296.029..35789.908 rows=1304770 loops=1)
  Hash Cond: (ci.movie_id = t.id)
  ->  Seq Scan on cast_info ci  (cost=0.00..614943.12 rows=36225612 width=4) (actual time=0.027..12918.962 rows=36244344 loops=1)
  ->  Hash  (cost=204934.51..204934.51 rows=421779 width=8) (actual time=4293.153..4293.153 rows=72660 loops=1)
        Buckets: 131072  Batches: 8  Memory Usage: 1353kB
        ->  Hash Join  (cost=77793.68..204934.51 rows=421779 width=8) (actual time=1741.491..4271.508 rows=72660 loops=1)
              Hash Cond: (mk.movie_id = t.id)
              ->  Seq Scan on movie_keyword mk  (cost=0.00..69693.30 rows=4523930 width=4) (actual time=0.017..1482.709 rows=4523930 loops=1)
              ->  Hash  (cost=73925.90..73925.90 rows=235742 width=4) (actual time=1172.584..1172.584 rows=129555 loops=1)
                    Buckets: 131072  Batches: 4  Memory Usage: 2166kB
                    ->  Seq Scan on title t  (cost=0.00..73925.90 rows=235742 width=4) (actual time=156.743..1126.400 rows=129555 loops=1)
                          Filter: ((production_year < 1971) AND (kind_id = 7))
                          Rows Removed by Filter: 2398757
Planning time: 1.180 ms
Execution time: 35945.269 ms
