Hash Join  (cost=77474.80..155601.40 rows=223207 width=0) (actual time=1217.432..3807.206 rows=671703 loops=1)
  Hash Cond: (mc.movie_id = t.id)
  ->  Seq Scan on movie_companies mc  (cost=0.00..44881.29 rows=2609129 width=4) (actual time=0.008..908.567 rows=2609129 loops=1)
  ->  Hash  (cost=73925.90..73925.90 rows=216312 width=4) (actual time=1216.510..1216.510 rows=327454 loops=1)
        Buckets: 131072  Batches: 4  Memory Usage: 3902kB
        ->  Seq Scan on title t  (cost=0.00..73925.90 rows=216312 width=4) (actual time=0.026..1114.874 rows=327454 loops=1)
              Filter: ((kind_id < 7) AND (production_year < 1983))
              Rows Removed by Filter: 2200858
Planning time: 0.760 ms
Execution time: 3894.334 ms
