Seq Scan on movie_keyword mk  (cost=0.00..81003.12 rows=2287638 width=0) (actual time=0.012..1445.027 rows=2295057 loops=1)
  Filter: (keyword_id > 4583)
  Rows Removed by Filter: 2228873
Planning time: 0.224 ms
Execution time: 1727.279 ms
