Hash Join  (cost=190230.21..1167098.99 rows=8528726 width=0) (actual time=4935.379..31933.944 rows=18291947 loops=1)
  Hash Cond: (ci.movie_id = t.id)
  ->  Seq Scan on cast_info ci  (cost=0.00..705507.15 rows=15626498 width=4) (actual time=0.026..13646.676 rows=15511804 loops=1)
        Filter: (person_id < 1529799)
        Rows Removed by Filter: 20732540
  ->  Hash  (cost=167588.78..167588.78 rows=1380035 width=8) (actual time=4934.442..4934.442 rows=1380035 loops=1)
        Buckets: 131072  Batches: 32  Memory Usage: 2708kB
        ->  Hash Join  (cost=102767.86..167588.78 rows=1380035 width=8) (actual time=2503.904..4524.135 rows=1380035 loops=1)
              Hash Cond: (mi_idx.movie_id = t.id)
              ->  Seq Scan on movie_info_idx mi_idx  (cost=0.00..21735.35 rows=1380035 width=4) (actual time=0.025..482.540 rows=1380035 loops=1)
              ->  Hash  (cost=61283.27..61283.27 rows=2528527 width=4) (actual time=2502.192..2502.192 rows=2528312 loops=1)
                    Buckets: 131072  Batches: 64  Memory Usage: 2415kB
                    ->  Seq Scan on title t  (cost=0.00..61283.27 rows=2528527 width=4) (actual time=0.018..1195.781 rows=2528312 loops=1)
Planning time: 1.136 ms
Execution time: 34005.797 ms
