Hash Join  (cost=160881.38..289681.99 rows=557957 width=0) (actual time=3180.202..6526.743 rows=500938 loops=1)
  Hash Cond: (mk.movie_id = t.id)
  ->  Seq Scan on movie_keyword mk  (cost=0.00..69693.30 rows=4523930 width=4) (actual time=0.024..1430.525 rows=4523930 loops=1)
  ->  Hash  (cost=155764.19..155764.19 rows=311855 width=8) (actual time=3179.411..3179.411 rows=118280 loops=1)
        Buckets: 131072  Batches: 8  Memory Usage: 1596kB
        ->  Hash Join  (cost=84037.34..155764.19 rows=311855 width=8) (actual time=2208.966..3139.781 rows=118280 loops=1)
              Hash Cond: (mc.movie_id = t.id)
              ->  Seq Scan on movie_companies mc  (cost=0.00..51404.11 rows=1279517 width=4) (actual time=0.017..947.875 rows=1274246 loops=1)
                    Filter: (company_type_id < 2)
                    Rows Removed by Filter: 1334883
              ->  Hash  (cost=73925.90..73925.90 rows=616275 width=4) (actual time=1435.796..1435.796 rows=676927 loops=1)
                    Buckets: 131072  Batches: 16  Memory Usage: 2516kB
                    ->  Seq Scan on title t  (cost=0.00..73925.90 rows=616275 width=4) (actual time=0.022..1224.610 rows=676927 loops=1)
                          Filter: ((production_year > 2005) AND (kind_id = 7))
                          Rows Removed by Filter: 1851385
Planning time: 1.164 ms
Execution time: 6586.213 ms
