Hash Join  (cost=709674.46..796332.59 rows=9 width=0) (actual time=11518.528..12367.550 rows=7 loops=1)
  Hash Cond: (mk.movie_id = t.id)
  ->  Seq Scan on movie_keyword mk  (cost=0.00..69693.30 rows=4523930 width=4) (actual time=0.022..1052.318 rows=4523930 loops=1)
  ->  Hash  (cost=709674.40..709674.40 rows=5 width=8) (actual time=10557.831..10557.831 rows=1 loops=1)
        Buckets: 1024  Batches: 1  Memory Usage: 9kB
        ->  Nested Loop  (cost=0.43..709674.40 rows=5 width=8) (actual time=9106.022..10557.810 rows=1 loops=1)
              ->  Seq Scan on cast_info ci  (cost=0.00..705507.15 rows=500 width=4) (actual time=1589.319..10556.157 rows=15 loops=1)
                    Filter: (person_id = 2041850)
                    Rows Removed by Filter: 36244329
              ->  Index Scan using title_pkey on title t  (cost=0.43..8.32 rows=1 width=4) (actual time=0.102..0.102 rows=0 loops=15)
                    Index Cond: (id = ci.movie_id)
                    Filter: ((kind_id < 7) AND (production_year = 2013))
                    Rows Removed by Filter: 1
Planning time: 1.221 ms
Execution time: 12367.701 ms
