Hash Join  (cost=77312.52..454690.56 rows=485291 width=0) (actual time=3408.936..8409.868 rows=658456 loops=1)
  Hash Cond: (mi.movie_id = t.id)
  ->  Seq Scan on movie_info mi  (cost=0.00..346232.03 rows=2073893 width=4) (actual time=2107.058..5780.762 rows=2091068 loops=1)
        Filter: (info_type_id < 3)
        Rows Removed by Filter: 12744652
  ->  Hash  (cost=67604.59..67604.59 rows=591675 width=4) (actual time=1300.866..1300.866 rows=585020 loops=1)
        Buckets: 131072  Batches: 8  Memory Usage: 3593kB
        ->  Seq Scan on title t  (cost=0.00..67604.59 rows=591675 width=4) (actual time=0.041..1111.986 rows=585020 loops=1)
              Filter: (production_year < 1985)
              Rows Removed by Filter: 1943292
Planning time: 0.795 ms
Execution time: 8491.175 ms
