Hash Join  (cost=81417.85..438150.13 rows=117740 width=0) (actual time=3554.589..6791.907 rows=240148 loops=1)
  Hash Cond: (mi.movie_id = t.id)
  ->  Seq Scan on movie_info mi  (cost=0.00..346232.03 rows=651960 width=4) (actual time=2017.237..5030.891 rows=660923 loops=1)
        Filter: (info_type_id = 18)
        Rows Removed by Filter: 14174797
  ->  Hash  (cost=73925.90..73925.90 rows=456636 width=4) (actual time=1366.082..1366.082 rows=330279 loops=1)
        Buckets: 131072  Batches: 8  Memory Usage: 2490kB
        ->  Seq Scan on title t  (cost=0.00..73925.90 rows=456636 width=4) (actual time=40.395..1259.864 rows=330279 loops=1)
              Filter: ((production_year > 1991) AND (kind_id = 1))
              Rows Removed by Filter: 2198033
Planning time: 0.838 ms
Execution time: 6817.364 ms
