Hash Join  (cost=87162.74..481814.30 rows=978981 width=0) (actual time=4920.008..9834.047 rows=1239981 loops=1)
  Hash Cond: (mi.movie_id = t.id)
  ->  Seq Scan on movie_info mi  (cost=0.00..346232.03 rows=3068194 width=4) (actual time=2966.210..5915.127 rows=3036719 loops=1)
        Filter: (info_type_id = 16)
        Rows Removed by Filter: 11799001
  ->  Hash  (cost=73925.90..73925.90 rows=806787 width=4) (actual time=1952.514..1952.514 rows=843018 loops=1)
        Buckets: 131072  Batches: 16  Memory Usage: 2888kB
        ->  Seq Scan on title t  (cost=0.00..73925.90 rows=806787 width=4) (actual time=0.032..1403.254 rows=843018 loops=1)
              Filter: ((kind_id < 7) AND (production_year < 2011))
              Rows Removed by Filter: 1685294
Planning time: 0.794 ms
Execution time: 9985.856 ms
