Hash Join  (cost=154654.97..1012179.32 rows=64003 width=0) (actual time=2850.304..21791.474 rows=596272 loops=1)
  Hash Cond: (ci.movie_id = t.id)
  ->  Seq Scan on cast_info ci  (cost=0.00..796071.18 rows=12162626 width=4) (actual time=0.014..16423.712 rows=11569818 loops=1)
        Filter: ((person_id > 153241) AND (role_id < 2))
        Rows Removed by Filter: 24674526
  ->  Hash  (cost=154488.65..154488.65 rows=13306 width=8) (actual time=2849.430..2849.430 rows=38838 loops=1)
        Buckets: 65536 (originally 16384)  Batches: 1 (originally 1)  Memory Usage: 2030kB
        ->  Hash Join  (cost=67697.55..154488.65 rows=13306 width=8) (actual time=979.210..2836.020 rows=38838 loops=1)
              Hash Cond: (mk.movie_id = t.id)
              ->  Seq Scan on movie_keyword mk  (cost=0.00..69693.30 rows=4523930 width=4) (actual time=0.013..1021.465 rows=4523930 loops=1)
              ->  Hash  (cost=67604.59..67604.59 rows=7437 width=4) (actual time=977.866..977.866 rows=16571 loops=1)
                    Buckets: 32768 (originally 8192)  Batches: 1 (originally 1)  Memory Usage: 839kB
                    ->  Seq Scan on title t  (cost=0.00..67604.59 rows=7437 width=4) (actual time=0.014..969.843 rows=16571 loops=1)
                          Filter: (production_year = 1984)
                          Rows Removed by Filter: 2511741
Planning time: 1.011 ms
Execution time: 21865.611 ms
