Hash Join  (cost=223822.49..309478.15 rows=769314 width=0) (actual time=4589.587..8131.182 rows=5988909 loops=1)
  Hash Cond: (mc.movie_id = t.id)
  ->  Seq Scan on movie_companies mc  (cost=0.00..44881.29 rows=2609129 width=4) (actual time=0.030..894.872 rows=2609129 loops=1)
  ->  Hash  (cost=211590.14..211590.14 rows=745548 width=8) (actual time=4588.659..4588.659 rows=751022 loops=1)
        Buckets: 131072  Batches: 16  Memory Usage: 2895kB
        ->  Hash Join  (cost=102767.86..211590.14 rows=745548 width=8) (actual time=2003.164..4379.005 rows=751022 loops=1)
              Hash Cond: (mk.movie_id = t.id)
              ->  Seq Scan on movie_keyword mk  (cost=0.00..81003.12 rows=745548 width=4) (actual time=0.025..1394.893 rows=751022 loops=1)
                    Filter: (keyword_id > 24894)
                    Rows Removed by Filter: 3772908
              ->  Hash  (cost=61283.27..61283.27 rows=2528527 width=4) (actual time=1999.169..1999.169 rows=2528312 loops=1)
                    Buckets: 131072  Batches: 64  Memory Usage: 2425kB
                    ->  Seq Scan on title t  (cost=0.00..61283.27 rows=2528527 width=4) (actual time=0.010..1115.148 rows=2528312 loops=1)
Planning time: 1.150 ms
Execution time: 8784.856 ms
