Hash Join  (cost=74038.33..172113.21 rows=16041 width=0) (actual time=841.608..3140.402 rows=53487 loops=1)
  Hash Cond: (mk.movie_id = t.id)
  ->  Seq Scan on movie_keyword mk  (cost=0.00..81003.12 rows=4509691 width=4) (actual time=0.019..1615.847 rows=4509566 loops=1)
        Filter: (keyword_id > 1)
        Rows Removed by Filter: 14364
  ->  Hash  (cost=73925.90..73925.90 rows=8994 width=4) (actual time=838.838..838.838 rows=8858 loops=1)
        Buckets: 16384  Batches: 1  Memory Usage: 440kB
        ->  Seq Scan on title t  (cost=0.00..73925.90 rows=8994 width=4) (actual time=605.574..836.166 rows=8858 loops=1)
              Filter: ((production_year > 1989) AND (kind_id = 6))
              Rows Removed by Filter: 2519454
Planning time: 0.742 ms
Execution time: 3147.581 ms
