Nested Loop  (cost=0.43..83071.67 rows=246 width=0) (actual time=1.209..1172.746 rows=513 loops=1)
  ->  Seq Scan on movie_keyword mk  (cost=0.00..81003.12 rows=246 width=4) (actual time=1.149..1154.112 rows=513 loops=1)
        Filter: (keyword_id = 3260)
        Rows Removed by Filter: 4523417
  ->  Index Only Scan using title_pkey on title t  (cost=0.43..8.40 rows=1 width=4) (actual time=0.034..0.034 rows=1 loops=513)
        Index Cond: (id = mk.movie_id)
        Heap Fetches: 513
Planning time: 0.755 ms
Execution time: 1173.062 ms
