Hash Join  (cost=83505.19..225824.78 rows=631255 width=106) (actual time=2108.929..6662.712 rows=821807 loops=1)
  Hash Cond: (mk.movie_id = t.id)
  ->  Seq Scan on movie_keyword mk  (cost=0.00..69693.30 rows=4523930 width=12) (actual time=0.021..1494.433 rows=4523930 loops=1)
  ->  Hash  (cost=73925.90..73925.90 rows=352823 width=94) (actual time=2108.066..2108.066 rows=302088 loops=1)
        Buckets: 32768  Batches: 16  Memory Usage: 2339kB
        ->  Seq Scan on title t  (cost=0.00..73925.90 rows=352823 width=94) (actual time=0.012..1389.040 rows=302088 loops=1)
              Filter: ((kind_id < 7) AND (production_year > 2006))
              Rows Removed by Filter: 2226224
Planning time: 0.926 ms
Execution time: 6710.334 ms
