Hash Join  (cost=73950.44..937221.84 rows=13883 width=0) (actual time=1182.866..17808.057 rows=32075 loops=1)
  Hash Cond: (ci.movie_id = t.id)
  ->  Seq Scan on cast_info ci  (cost=0.00..796071.18 rows=17883036 width=4) (actual time=0.020..13925.310 rows=16580755 loops=1)
        Filter: ((person_id > 1338360) AND (role_id < 8))
        Rows Removed by Filter: 19663589
  ->  Hash  (cost=73925.90..73925.90 rows=1963 width=4) (actual time=1182.471..1182.471 rows=4281 loops=1)
        Buckets: 8192 (originally 2048)  Batches: 1 (originally 1)  Memory Usage: 215kB
        ->  Seq Scan on title t  (cost=0.00..73925.90 rows=1963 width=4) (actual time=0.069..1180.500 rows=4281 loops=1)
              Filter: ((kind_id = 1) AND (production_year = 1978))
              Rows Removed by Filter: 2524031
Planning time: 0.826 ms
Execution time: 17815.378 ms
