Seq Scan on movie_companies mc  (cost=0.00..57926.93 rows=53 width=0) (actual time=522.623..999.628 rows=2 loops=1)
  Filter: ((company_type_id > 1) AND (company_id = 110617))
  Rows Removed by Filter: 2609127
Planning time: 0.420 ms
Execution time: 999.730 ms
