Seq Scan on movie_keyword mk  (cost=0.00..81003.12 rows=4217918 width=0) (actual time=0.024..1254.974 rows=4221138 loops=1)
  Filter: (keyword_id < 53571)
  Rows Removed by Filter: 302792
Planning time: 0.317 ms
Execution time: 1667.094 ms
