Hash Join  (cost=68426.36..158388.71 rows=58090 width=0) (actual time=1017.087..2832.979 rows=18715 loops=1)
  Hash Cond: (mk.movie_id = t.id)
  ->  Seq Scan on movie_keyword mk  (cost=0.00..81003.12 rows=2234220 width=4) (actual time=0.020..1436.532 rows=2226432 loops=1)
        Filter: (keyword_id < 4574)
        Rows Removed by Filter: 2297498
  ->  Hash  (cost=67604.59..67604.59 rows=65742 width=4) (actual time=1016.292..1016.292 rows=63827 loops=1)
        Buckets: 131072  Batches: 1  Memory Usage: 3268kB
        ->  Seq Scan on title t  (cost=0.00..67604.59 rows=65742 width=4) (actual time=0.021..990.864 rows=63827 loops=1)
              Filter: (production_year = 2013)
              Rows Removed by Filter: 2464485
Planning time: 0.741 ms
Execution time: 2836.073 ms
