Hash Join  (cost=249787.32..1557342.37 rows=23476950 width=0) (actual time=6817.085..51566.129 rows=51085059 loops=1)
  Hash Cond: (ci.movie_id = t.id)
  ->  Seq Scan on cast_info ci  (cost=0.00..705507.15 rows=28019680 width=4) (actual time=0.031..15760.048 rows=28164386 loops=1)
        Filter: (person_id > 790384)
        Rows Removed by Filter: 8079958
  ->  Hash  (cost=215028.99..215028.99 rows=2118586 width=8) (actual time=6816.026..6816.026 rows=2123742 loops=1)
        Buckets: 131072  Batches: 32  Memory Usage: 3593kB
        ->  Hash Join  (cost=102767.86..215028.99 rows=2118586 width=8) (actual time=2702.360..6220.671 rows=2123742 loops=1)
              Hash Cond: (mc.movie_id = t.id)
              ->  Seq Scan on movie_companies mc  (cost=0.00..51404.11 rows=2118586 width=4) (actual time=0.832..1084.927 rows=2123742 loops=1)
                    Filter: (company_id > 424)
                    Rows Removed by Filter: 485387
              ->  Hash  (cost=61283.27..61283.27 rows=2528527 width=4) (actual time=2699.921..2699.921 rows=2528312 loops=1)
                    Buckets: 131072  Batches: 64  Memory Usage: 2415kB
                    ->  Seq Scan on title t  (cost=0.00..61283.27 rows=2528527 width=4) (actual time=0.015..1108.042 rows=2528312 loops=1)
Planning time: 1.563 ms
Execution time: 57469.422 ms
