Hash Join  (cost=365418.15..1547506.15 rows=19127593 width=0) (actual time=17296.995..40244.610 rows=44694213 loops=1)
  Hash Cond: (ci.movie_id = t.id)
  ->  Seq Scan on cast_info ci  (cost=0.00..796071.18 rows=10690845 width=4) (actual time=8854.971..16098.774 rows=7591494 loops=1)
        Filter: ((person_id < 3236349) AND (role_id > 3))
        Rows Removed by Filter: 28652850
  ->  Hash  (cost=291197.02..291197.02 rows=4523930 width=8) (actual time=8440.052..8440.052 rows=4523930 loops=1)
        Buckets: 131072  Batches: 64  Memory Usage: 3816kB
        ->  Hash Join  (cost=102767.86..291197.02 rows=4523930 width=8) (actual time=1948.729..6949.414 rows=4523930 loops=1)
              Hash Cond: (mk.movie_id = t.id)
              ->  Seq Scan on movie_keyword mk  (cost=0.00..69693.30 rows=4523930 width=4) (actual time=0.023..1461.593 rows=4523930 loops=1)
              ->  Hash  (cost=61283.27..61283.27 rows=2528527 width=4) (actual time=1946.510..1946.510 rows=2528312 loops=1)
                    Buckets: 131072  Batches: 64  Memory Usage: 2425kB
                    ->  Seq Scan on title t  (cost=0.00..61283.27 rows=2528527 width=4) (actual time=0.015..1110.198 rows=2528312 loops=1)
Planning time: 1.197 ms
Execution time: 45086.962 ms
