Nested Loop  (cost=0.43..83071.67 rows=246 width=0) (actual time=10.434..1212.535 rows=117 loops=1)
  ->  Seq Scan on movie_keyword mk  (cost=0.00..81003.12 rows=246 width=4) (actual time=10.371..1208.895 rows=117 loops=1)
        Filter: (keyword_id = 41914)
        Rows Removed by Filter: 4523813
  ->  Index Only Scan using title_pkey on title t  (cost=0.43..8.40 rows=1 width=4) (actual time=0.028..0.028 rows=1 loops=117)
        Index Cond: (id = mk.movie_id)
        Heap Fetches: 117
Planning time: 0.504 ms
Execution time: 1212.655 ms
