Hash Join  (cost=83073.43..447731.80 rows=245 width=0) (actual time=1365.322..8375.053 rows=7465 loops=1)
  Hash Cond: (mi.movie_id = t.id)
  ->  Seq Scan on movie_info mi  (cost=0.00..309384.22 rows=14739122 width=4) (actual time=0.020..4365.291 rows=14835720 loops=1)
  ->  Hash  (cost=83072.90..83072.90 rows=42 width=8) (actual time=1309.359..1309.359 rows=134 loops=1)
        Buckets: 1024  Batches: 1  Memory Usage: 14kB
        ->  Nested Loop  (cost=0.43..83072.90 rows=42 width=8) (actual time=12.658..1309.185 rows=134 loops=1)
              ->  Seq Scan on movie_keyword mk  (cost=0.00..81003.12 rows=246 width=4) (actual time=12.584..1295.071 rows=410 loops=1)
                    Filter: (keyword_id = 4346)
                    Rows Removed by Filter: 4523520
              ->  Index Scan using title_pkey on title t  (cost=0.43..8.40 rows=1 width=4) (actual time=0.032..0.032 rows=0 loops=410)
                    Index Cond: (id = mk.movie_id)
                    Filter: ((kind_id < 7) AND (production_year > 2004))
                    Rows Removed by Filter: 1
Planning time: 1.211 ms
Execution time: 8376.615 ms
