Seq Scan on movie_companies mc  (cost=0.00..57926.93 rows=1180723 width=0) (actual time=0.023..1233.950 rows=1114507 loops=1)
  Filter: ((company_id > 61) AND (company_type_id < 2))
  Rows Removed by Filter: 1494622
Planning time: 0.355 ms
Execution time: 1374.960 ms
