Hash Join  (cost=87053.47..226496.99 rows=1431549 width=0) (actual time=1577.338..5591.019 rows=2903753 loops=1)
  Hash Cond: (mk.movie_id = t.id)
  ->  Seq Scan on movie_keyword mk  (cost=0.00..69693.30 rows=4523930 width=4) (actual time=0.024..1510.121 rows=4523930 loops=1)
  ->  Hash  (cost=73925.90..73925.90 rows=800125 width=4) (actual time=1575.519..1575.519 rows=713741 loops=1)
        Buckets: 131072  Batches: 16  Memory Usage: 2601kB
        ->  Seq Scan on title t  (cost=0.00..73925.90 rows=800125 width=4) (actual time=0.027..1345.115 rows=713741 loops=1)
              Filter: ((kind_id < 7) AND (production_year > 1972))
              Rows Removed by Filter: 1814571
Planning time: 0.687 ms
Execution time: 5876.772 ms
