Hash Join  (cost=89610.76..136255.89 rows=521765 width=0) (actual time=1565.354..3034.986 rows=949238 loops=1)
  Hash Cond: (mi_idx.movie_id = t.id)
  ->  Seq Scan on movie_info_idx mi_idx  (cost=0.00..21735.35 rows=1380035 width=4) (actual time=0.013..437.241 rows=1380035 loops=1)
  ->  Hash  (cost=73925.90..73925.90 rows=955988 width=4) (actual time=1564.239..1564.239 rows=966545 loops=1)
        Buckets: 131072  Batches: 16  Memory Usage: 3148kB
        ->  Seq Scan on title t  (cost=0.00..73925.90 rows=955988 width=4) (actual time=0.043..1264.504 rows=966545 loops=1)
              Filter: ((kind_id < 7) AND (production_year > 1902))
              Rows Removed by Filter: 1561767
Planning time: 0.746 ms
Execution time: 3147.010 ms
