Hash Join  (cost=1279038.50..2475389.87 rows=53340823 width=0) (actual time=23010.164..54797.737 rows=57993383 loops=1)
  Hash Cond: (mi.movie_id = t.id)
  ->  Seq Scan on movie_info mi  (cost=0.00..309384.22 rows=14739122 width=4) (actual time=0.009..6394.222 rows=14835720 loops=1)
  ->  Hash  (cost=1128908.38..1128908.38 rows=9150729 width=8) (actual time=23007.471..23007.471 rows=5712461 loops=1)
        Buckets: 131072  Batches: 128  Memory Usage: 2783kB
        ->  Hash Join  (cost=102767.86..1128908.38 rows=9150729 width=8) (actual time=1900.654..21037.311 rows=5712461 loops=1)
              Hash Cond: (ci.movie_id = t.id)
              ->  Seq Scan on cast_info ci  (cost=0.00..796071.18 rows=9150729 width=4) (actual time=0.017..14052.514 rows=5712461 loops=1)
                    Filter: ((person_id > 1959048) AND (role_id < 3))
                    Rows Removed by Filter: 30531883
              ->  Hash  (cost=61283.27..61283.27 rows=2528527 width=4) (actual time=1898.608..1898.608 rows=2528312 loops=1)
                    Buckets: 131072  Batches: 64  Memory Usage: 2415kB
                    ->  Seq Scan on title t  (cost=0.00..61283.27 rows=2528527 width=4) (actual time=0.010..1090.092 rows=2528312 loops=1)
Planning time: 0.791 ms
Execution time: 61306.167 ms
