Hash Join  (cost=102767.86..273602.22 rows=3322661 width=0) (actual time=2103.399..6611.476 rows=3313597 loops=1)
  Hash Cond: (mk.movie_id = t.id)
  ->  Seq Scan on movie_keyword mk  (cost=0.00..81003.12 rows=3322661 width=4) (actual time=0.020..1751.335 rows=3313597 loops=1)
        Filter: (keyword_id < 15127)
        Rows Removed by Filter: 1210333
  ->  Hash  (cost=61283.27..61283.27 rows=2528527 width=4) (actual time=2100.986..2100.986 rows=2528312 loops=1)
        Buckets: 131072  Batches: 64  Memory Usage: 2425kB
        ->  Seq Scan on title t  (cost=0.00..61283.27 rows=2528527 width=4) (actual time=0.017..1237.380 rows=2528312 loops=1)
Planning time: 0.746 ms
Execution time: 6980.938 ms
