Seq Scan on movie_keyword mk  (cost=0.00..81003.12 rows=246 width=0) (actual time=1.750..1266.018 rows=814 loops=1)
  Filter: (keyword_id = 6826)
  Rows Removed by Filter: 4523116
Planning time: 0.611 ms
Execution time: 1266.439 ms
