Hash Join  (cost=100882.02..155552.30 rows=476 width=0) (actual time=1816.374..3011.190 rows=6359 loops=1)
  Hash Cond: (mc.movie_id = t.id)
  ->  Seq Scan on movie_companies mc  (cost=0.00..44881.29 rows=2609129 width=4) (actual time=0.027..690.909 rows=2609129 loops=1)
  ->  Hash  (cost=100876.26..100876.26 rows=461 width=8) (actual time=1815.660..1815.660 rows=1997 loops=1)
        Buckets: 2048 (originally 1024)  Batches: 1 (originally 1)  Memory Usage: 95kB
        ->  Hash Join  (cost=73957.54..100876.26 rows=461 width=8) (actual time=1273.848..1814.590 rows=1997 loops=1)
              Hash Cond: (mi_idx.movie_id = t.id)
              ->  Seq Scan on movie_info_idx mi_idx  (cost=0.00..25185.44 rows=460978 width=4) (actual time=0.034..452.754 rows=459925 loops=1)
                    Filter: (info_type_id < 100)
                    Rows Removed by Filter: 920110
              ->  Hash  (cost=73925.90..73925.90 rows=2531 width=4) (actual time=1273.711..1273.711 rows=5289 loops=1)
                    Buckets: 8192 (originally 4096)  Batches: 1 (originally 1)  Memory Usage: 250kB
                    ->  Seq Scan on title t  (cost=0.00..73925.90 rows=2531 width=4) (actual time=0.041..1270.837 rows=5289 loops=1)
                          Filter: ((kind_id < 4) AND (production_year = 1966))
                          Rows Removed by Filter: 2523023
Planning time: 1.220 ms
Execution time: 3012.537 ms
