Hash Join  (cost=175027.18..1342759.33 rows=10969199 width=0) (actual time=4024.863..41941.825 rows=22318780 loops=1)
  Hash Cond: (ci.movie_id = t.id)
  ->  Seq Scan on cast_info ci  (cost=0.00..705507.15 rows=30178668 width=4) (actual time=0.012..16632.642 rows=30124544 loops=1)
        Filter: (person_id < 3038063)
        Rows Removed by Filter: 6119800
  ->  Hash  (cost=159947.97..159947.97 rows=919057 width=8) (actual time=4024.012..4024.012 rows=920110 loops=1)
        Buckets: 131072  Batches: 16  Memory Usage: 3269kB
        ->  Hash Join  (cost=102767.86..159947.97 rows=919057 width=8) (actual time=2026.903..3757.349 rows=920110 loops=1)
              Hash Cond: (mi_idx.movie_id = t.id)
              ->  Seq Scan on movie_info_idx mi_idx  (cost=0.00..25185.44 rows=919057 width=4) (actual time=0.022..578.643 rows=920110 loops=1)
                    Filter: (info_type_id > 99)
                    Rows Removed by Filter: 459925
              ->  Hash  (cost=61283.27..61283.27 rows=2528527 width=4) (actual time=2025.394..2025.394 rows=2528312 loops=1)
                    Buckets: 131072  Batches: 64  Memory Usage: 2415kB
                    ->  Seq Scan on title t  (cost=0.00..61283.27 rows=2528527 width=4) (actual time=0.014..1158.520 rows=2528312 loops=1)
Planning time: 1.463 ms
Execution time: 44424.658 ms
