Seq Scan on movie_companies mc  (cost=0.00..57926.93 rows=51 width=0) (actual time=603.997..843.369 rows=2 loops=1)
  Filter: ((company_type_id < 2) AND (company_id = 1226))
  Rows Removed by Filter: 2609127
Planning time: 1.365 ms
Execution time: 843.460 ms
