Hash Join  (cost=868213.72..1511050.82 rows=1465695 width=0) (actual time=23554.201..37375.929 rows=4273118 loops=1)
  Hash Cond: (mi.movie_id = t.id)
  ->  Seq Scan on movie_info mi  (cost=0.00..309384.22 rows=14739122 width=4) (actual time=0.025..6135.755 rows=14835720 loops=1)
  ->  Hash  (cost=864087.68..864087.68 rows=251443 width=8) (actual time=23553.079..23553.079 rows=267671 loops=1)
        Buckets: 131072  Batches: 4  Memory Usage: 3690kB
        ->  Hash Join  (cost=67942.77..864087.68 rows=251443 width=8) (actual time=1180.822..20885.965 rows=267671 loops=1)
              Hash Cond: (ci.movie_id = t.id)
              ->  Seq Scan on cast_info ci  (cost=0.00..705507.15 rows=23499554 width=4) (actual time=0.025..14044.824 rows=23573656 loops=1)
                    Filter: (role_id > 1)
                    Rows Removed by Filter: 12670688
              ->  Hash  (cost=67604.59..67604.59 rows=27055 width=4) (actual time=1180.302..1180.302 rows=26775 loops=1)
                    Buckets: 32768  Batches: 1  Memory Usage: 1198kB
                    ->  Seq Scan on title t  (cost=0.00..67604.59 rows=27055 width=4) (actual time=0.031..1168.615 rows=26775 loops=1)
                          Filter: (production_year = 1993)
                          Rows Removed by Filter: 2501537
Planning time: 1.578 ms
Execution time: 37851.048 ms
