Seq Scan on cast_info ci  (cost=0.00..796071.18 rows=18272713 width=0) (actual time=0.017..15517.156 rows=16961004 loops=1)
  Filter: ((person_id > 1119839) AND (role_id < 5))
  Rows Removed by Filter: 19283340
Planning time: 0.370 ms
Execution time: 17580.117 ms
