Seq Scan on movie_keyword mk  (cost=0.00..81003.12 rows=246 width=0) (actual time=11.083..1257.951 rows=216 loops=1)
  Filter: (keyword_id = 15257)
  Rows Removed by Filter: 4523714
Planning time: 0.365 ms
Execution time: 1258.201 ms
