Seq Scan on movie_companies mc  (cost=0.00..51404.11 rows=565506 width=0) (actual time=221.404..816.477 rows=570127 loops=1)
  Filter: (company_id > 71368)
  Rows Removed by Filter: 2039002
Planning time: 0.314 ms
Execution time: 884.771 ms
