Hash Join  (cost=372488.92..1182428.47 rows=25759892 width=0) (actual time=8972.672..69283.201 rows=228168313 loops=1)
  Hash Cond: (mi.movie_id = t.id)
  ->  Seq Scan on movie_info mi  (cost=0.00..309384.22 rows=14739122 width=4) (actual time=0.023..6167.290 rows=14835720 loops=1)
  ->  Hash  (cost=299986.38..299986.38 rows=4419163 width=8) (actual time=8970.825..8970.825 rows=4420708 loops=1)
        Buckets: 131072  Batches: 64  Memory Usage: 3823kB
        ->  Hash Join  (cost=102767.86..299986.38 rows=4419163 width=8) (actual time=1815.991..7802.019 rows=4420708 loops=1)
              Hash Cond: (mk.movie_id = t.id)
              ->  Seq Scan on movie_keyword mk  (cost=0.00..81003.12 rows=4419163 width=4) (actual time=0.014..1846.669 rows=4420708 loops=1)
                    Filter: (keyword_id < 81535)
                    Rows Removed by Filter: 103222
              ->  Hash  (cost=61283.27..61283.27 rows=2528527 width=4) (actual time=1814.821..1814.821 rows=2528312 loops=1)
                    Buckets: 131072  Batches: 64  Memory Usage: 2425kB
                    ->  Seq Scan on title t  (cost=0.00..61283.27 rows=2528527 width=4) (actual time=0.018..949.850 rows=2528312 loops=1)
Planning time: 1.203 ms
Execution time: 92314.043 ms
