Hash Join  (cost=131305.48..949820.84 rows=49498 width=0) (actual time=2357.809..19771.707 rows=46718 loops=1)
  Hash Cond: (ci.movie_id = t.id)
  ->  Seq Scan on cast_info ci  (cost=0.00..796071.18 rows=5853119 width=4) (actual time=0.009..16025.341 rows=7451973 loops=1)
        Filter: ((person_id < 2944793) AND (role_id = 2))
        Rows Removed by Filter: 28792371
  ->  Hash  (cost=131038.19..131038.19 rows=21383 width=8) (actual time=2357.475..2357.475 rows=8729 loops=1)
        Buckets: 32768  Batches: 1  Memory Usage: 597kB
        ->  Hash Join  (cost=74434.21..131038.19 rows=21383 width=8) (actual time=1086.708..2353.759 rows=8729 loops=1)
              Hash Cond: (mc.movie_id = t.id)
              ->  Seq Scan on movie_companies mc  (cost=0.00..51404.11 rows=1329612 width=4) (actual time=0.014..936.052 rows=1334883 loops=1)
                    Filter: (company_type_id = 2)
                    Rows Removed by Filter: 1274246
              ->  Hash  (cost=73925.90..73925.90 rows=40664 width=4) (actual time=1086.363..1086.363 rows=40257 loops=1)
                    Buckets: 65536  Batches: 1  Memory Usage: 1928kB
                    ->  Seq Scan on title t  (cost=0.00..73925.90 rows=40664 width=4) (actual time=0.024..1069.057 rows=40257 loops=1)
                          Filter: ((production_year > 2012) AND (kind_id = 7))
                          Rows Removed by Filter: 2488055
Planning time: 1.285 ms
Execution time: 19779.020 ms
