Seq Scan on movie_keyword mk  (cost=0.00..81003.12 rows=338954 width=0) (actual time=0.014..1366.866 rows=353979 loops=1)
  Filter: (keyword_id < 315)
  Rows Removed by Filter: 4169951
Planning time: 0.891 ms
Execution time: 1414.063 ms
