Seq Scan on cast_info ci  (cost=0.00..796071.18 rows=23394710 width=0) (actual time=0.022..16208.063 rows=26205814 loops=1)
  Filter: ((person_id < 2986388) AND (role_id < 8))
  Rows Removed by Filter: 10038530
Planning time: 0.383 ms
Execution time: 19308.670 ms
