Hash Join  (cost=709674.47..1074336.58 rows=618 width=0) (actual time=11365.283..18141.603 rows=75 loops=1)
  Hash Cond: (mi.movie_id = t.id)
  ->  Seq Scan on movie_info mi  (cost=0.00..309384.22 rows=14739122 width=4) (actual time=0.018..4213.461 rows=14835720 loops=1)
  ->  Hash  (cost=709673.15..709673.15 rows=106 width=8) (actual time=11332.940..11332.940 rows=8 loops=1)
        Buckets: 1024  Batches: 1  Memory Usage: 9kB
        ->  Nested Loop  (cost=0.43..709673.15 rows=106 width=8) (actual time=3239.554..11332.882 rows=8 loops=1)
              ->  Seq Scan on cast_info ci  (cost=0.00..705507.15 rows=500 width=4) (actual time=3239.018..11329.887 rows=152 loops=1)
                    Filter: (person_id = 1048178)
                    Rows Removed by Filter: 36244192
              ->  Index Scan using title_pkey on title t  (cost=0.43..8.32 rows=1 width=4) (actual time=0.019..0.019 rows=0 loops=152)
                    Index Cond: (id = ci.movie_id)
                    Filter: (production_year > 2009)
                    Rows Removed by Filter: 1
Planning time: 1.230 ms
Execution time: 18141.880 ms
