Hash Join  (cost=102767.86..1240031.76 rows=17532600 width=0) (actual time=1924.388..30730.471 rows=17653977 loops=1)
  Hash Cond: (ci.movie_id = t.id)
  ->  Seq Scan on cast_info ci  (cost=0.00..705507.15 rows=17532600 width=4) (actual time=0.020..13866.980 rows=17653977 loops=1)
        Filter: (person_id > 1850349)
        Rows Removed by Filter: 18590367
  ->  Hash  (cost=61283.27..61283.27 rows=2528527 width=4) (actual time=1923.563..1923.563 rows=2528312 loops=1)
        Buckets: 131072  Batches: 64  Memory Usage: 2415kB
        ->  Seq Scan on title t  (cost=0.00..61283.27 rows=2528527 width=4) (actual time=0.012..1080.286 rows=2528312 loops=1)
Planning time: 0.845 ms
Execution time: 32742.014 ms
