Hash Join  (cost=238651.67..1021456.66 rows=1651257 width=0) (actual time=7409.264..22890.602 rows=11071054 loops=1)
  Hash Cond: (ci.movie_id = t.id)
  ->  Seq Scan on cast_info ci  (cost=0.00..705507.15 rows=4458651 width=4) (actual time=1808.139..12012.240 rows=4330860 loops=1)
        Filter: (person_id < 417817)
        Rows Removed by Filter: 31913484
  ->  Hash  (cost=223288.20..223288.20 rows=936438 width=8) (actual time=5600.123..5600.123 rows=1591899 loops=1)
        Buckets: 131072 (originally 131072)  Batches: 32 (originally 16)  Memory Usage: 3073kB
        ->  Hash Join  (cost=83440.39..223288.20 rows=936438 width=8) (actual time=1355.767..5199.082 rows=1591899 loops=1)
              Hash Cond: (mk.movie_id = t.id)
              ->  Seq Scan on movie_keyword mk  (cost=0.00..81003.12 rows=4083280 width=4) (actual time=0.039..1853.555 rows=4070600 loops=1)
                    Filter: (keyword_id > 347)
                    Rows Removed by Filter: 453330
              ->  Hash  (cost=73925.90..73925.90 rows=579879 width=4) (actual time=1354.448..1354.448 rows=492958 loops=1)
                    Buckets: 131072  Batches: 8  Memory Usage: 3196kB
                    ->  Seq Scan on title t  (cost=0.00..73925.90 rows=579879 width=4) (actual time=0.031..1194.211 rows=492958 loops=1)
                          Filter: ((kind_id < 7) AND (production_year > 1998))
                          Rows Removed by Filter: 2035354
Planning time: 1.201 ms
Execution time: 24118.162 ms
