Hash Join  (cost=91123.00..163919.60 rows=519570 width=0) (actual time=2274.648..3997.439 rows=423861 loops=1)
  Hash Cond: (mc.movie_id = t.id)
  ->  Seq Scan on movie_companies mc  (cost=0.00..51404.11 rows=916478 width=4) (actual time=0.029..905.389 rows=917981 loops=1)
        Filter: (company_id < 3131)
        Rows Removed by Filter: 1691148
  ->  Hash  (cost=67604.59..67604.59 rows=1433473 width=4) (actual time=2272.389..2272.389 rows=1434466 loops=1)
        Buckets: 131072  Batches: 32  Memory Usage: 2600kB
        ->  Seq Scan on title t  (cost=0.00..67604.59 rows=1433473 width=4) (actual time=0.015..1221.943 rows=1434466 loops=1)
              Filter: (production_year > 1999)
              Rows Removed by Filter: 1093846
Planning time: 0.758 ms
Execution time: 4046.084 ms
