Hash Join  (cost=83074.74..139466.19 rows=129 width=0) (actual time=1336.889..2260.393 rows=206 loops=1)
  Hash Cond: (mc.movie_id = t.id)
  ->  Seq Scan on movie_companies mc  (cost=0.00..51404.11 rows=1329612 width=4) (actual time=185.563..951.006 rows=1334883 loops=1)
        Filter: (company_type_id > 1)
        Rows Removed by Filter: 1274246
  ->  Hash  (cost=83071.67..83071.67 rows=246 width=8) (actual time=1116.265..1116.265 rows=111 loops=1)
        Buckets: 1024  Batches: 1  Memory Usage: 13kB
        ->  Nested Loop  (cost=0.43..83071.67 rows=246 width=8) (actual time=17.269..1116.114 rows=111 loops=1)
              ->  Seq Scan on movie_keyword mk  (cost=0.00..81003.12 rows=246 width=4) (actual time=17.155..1112.440 rows=111 loops=1)
                    Filter: (keyword_id = 27126)
                    Rows Removed by Filter: 4523819
              ->  Index Only Scan using title_pkey on title t  (cost=0.43..8.40 rows=1 width=4) (actual time=0.028..0.029 rows=1 loops=111)
                    Index Cond: (id = mk.movie_id)
                    Heap Fetches: 111
Planning time: 0.812 ms
Execution time: 2260.536 ms
