Hash Join  (cost=102767.86..857943.96 rows=1653597 width=0) (actual time=10497.135..15031.031 rows=1672296 loops=1)
  Hash Cond: (ci.movie_id = t.id)
  ->  Seq Scan on cast_info ci  (cost=0.00..705507.15 rows=1653597 width=4) (actual time=8553.968..11243.475 rows=1672296 loops=1)
        Filter: (person_id > 3730538)
        Rows Removed by Filter: 34572048
  ->  Hash  (cost=61283.27..61283.27 rows=2528527 width=4) (actual time=1941.643..1941.643 rows=2528312 loops=1)
        Buckets: 131072  Batches: 64  Memory Usage: 2415kB
        ->  Seq Scan on title t  (cost=0.00..61283.27 rows=2528527 width=4) (actual time=0.018..1115.646 rows=2528312 loops=1)
Planning time: 0.825 ms
Execution time: 15247.727 ms
