Seq Scan on movie_companies mc  (cost=0.00..57926.93 rows=602464 width=0) (actual time=492.810..990.795 rows=388041 loops=1)
  Filter: ((company_id < 10067) AND (company_type_id = 2))
  Rows Removed by Filter: 2221088
Planning time: 0.400 ms
Execution time: 1039.637 ms
