Hash Join  (cost=75574.02..157195.69 rows=743 width=0) (actual time=1204.438..2501.866 rows=25 loops=1)
  Hash Cond: (mk.movie_id = t.id)
  ->  Seq Scan on movie_keyword mk  (cost=0.00..81003.12 rows=18699 width=4) (actual time=0.041..1283.336 rows=20522 loops=1)
        Filter: (keyword_id = 382)
        Rows Removed by Filter: 4503408
  ->  Hash  (cost=73925.90..73925.90 rows=100409 width=4) (actual time=1185.990..1185.990 rows=110402 loops=1)
        Buckets: 131072  Batches: 2  Memory Usage: 2970kB
        ->  Seq Scan on title t  (cost=0.00..73925.90 rows=100409 width=4) (actual time=282.944..1143.340 rows=110402 loops=1)
              Filter: ((kind_id = 7) AND (production_year = 2012))
              Rows Removed by Filter: 2417910
Planning time: 3.985 ms
Execution time: 2501.960 ms
