Hash Join  (cost=799164.68..1163838.16 rows=1755 width=0) (actual time=13517.835..20324.878 rows=2641 loops=1)
  Hash Cond: (mi.movie_id = t.id)
  ->  Seq Scan on movie_info mi  (cost=0.00..309384.22 rows=14739122 width=4) (actual time=0.025..3999.934 rows=14835720 loops=1)
  ->  Hash  (cost=799160.92..799160.92 rows=301 width=8) (actual time=13481.242..13481.242 rows=612 loops=1)
        Buckets: 1024  Batches: 1  Memory Usage: 32kB
        ->  Nested Loop  (cost=0.43..799160.92 rows=301 width=8) (actual time=12867.848..13480.926 rows=612 loops=1)
              ->  Seq Scan on cast_info ci  (cost=0.00..796071.18 rows=369 width=4) (actual time=12867.681..13449.970 rows=650 loops=1)
                    Filter: ((role_id < 5) AND (person_id = 2609444))
                    Rows Removed by Filter: 36243694
              ->  Index Scan using title_pkey on title t  (cost=0.43..8.36 rows=1 width=4) (actual time=0.046..0.047 rows=1 loops=650)
                    Index Cond: (id = ci.movie_id)
                    Filter: (production_year < 2011)
                    Rows Removed by Filter: 0
Planning time: 1.263 ms
Execution time: 20325.608 ms
