Hash Join  (cost=261823.72..449951.89 rows=4499231 width=0) (actual time=6567.866..17989.310 rows=34809581 loops=1)
  Hash Cond: (mk.movie_id = t.id)
  ->  Seq Scan on movie_keyword mk  (cost=0.00..69693.30 rows=4523930 width=4) (actual time=0.012..1447.450 rows=4523930 loops=1)
  ->  Hash  (cost=220565.69..220565.69 rows=2514722 width=8) (actual time=6566.833..6566.833 rows=2543413 loops=1)
        Buckets: 131072  Batches: 64  Memory Usage: 2652kB
        ->  Hash Join  (cost=107587.54..220565.69 rows=2514722 width=8) (actual time=2245.977..5805.551 rows=2543413 loops=1)
              Hash Cond: (mc.movie_id = t.id)
              ->  Seq Scan on movie_companies mc  (cost=0.00..44881.29 rows=2609129 width=4) (actual time=0.017..899.841 rows=2609129 loops=1)
              ->  Hash  (cost=67604.59..67604.59 rows=2437036 width=4) (actual time=2244.555..2244.555 rows=2435127 loops=1)
                    Buckets: 131072  Batches: 32  Memory Usage: 3699kB
                    ->  Seq Scan on title t  (cost=0.00..67604.59 rows=2437036 width=4) (actual time=0.018..1459.937 rows=2435127 loops=1)
                          Filter: (production_year > 1908)
                          Rows Removed by Filter: 93185
Planning time: 2.405 ms
Execution time: 21610.447 ms
