Seq Scan on cast_info ci  (cost=0.00..705507.15 rows=500 width=0) (actual time=7342.558..11174.303 rows=201 loops=1)
  Filter: (person_id = 2814316)
  Rows Removed by Filter: 36244143
Planning time: 2.378 ms
Execution time: 11174.415 ms
