Seq Scan on title t  (cost=0.00..67604.59 rows=808770 width=0) (actual time=0.022..961.483 rows=812704 loops=1)
  Filter: (production_year < 1995)
  Rows Removed by Filter: 1715608
Planning time: 0.338 ms
Execution time: 1061.860 ms
