Seq Scan on cast_info ci  (cost=0.00..796071.18 rows=1146842 width=0) (actual time=10169.761..11575.988 rows=2265773 loops=1)
  Filter: ((person_id < 305179) AND (role_id < 2))
  Rows Removed by Filter: 33978571
Planning time: 0.396 ms
Execution time: 11835.033 ms
