Nested Loop  (cost=0.43..447802.20 rows=17937 width=0) (actual time=0.130..5794.509 rows=30180 loops=1)
  ->  Seq Scan on movie_info mi  (cost=0.00..346232.03 rows=17937 width=4) (actual time=0.061..5323.504 rows=30180 loops=1)
        Filter: (info_type_id = 110)
        Rows Removed by Filter: 14805540
  ->  Index Only Scan using title_pkey on title t  (cost=0.43..5.65 rows=1 width=4) (actual time=0.015..0.015 rows=1 loops=30180)
        Index Cond: (id = mi.movie_id)
        Heap Fetches: 30180
Planning time: 0.748 ms
Execution time: 5800.390 ms
