Seq Scan on cast_info ci  (cost=0.00..705507.15 rows=13211984 width=0) (actual time=3743.606..12032.928 rows=13340583 loops=1)
  Filter: (person_id > 2338552)
  Rows Removed by Filter: 22903761
Planning time: 0.362 ms
Execution time: 13708.019 ms
