Hash Join  (cost=180195.95..258449.56 rows=232409 width=0) (actual time=3332.314..6255.683 rows=865532 loops=1)
  Hash Cond: (mc.movie_id = t.id)
  ->  Seq Scan on movie_companies mc  (cost=0.00..44881.29 rows=2609129 width=4) (actual time=0.011..945.810 rows=2609129 loops=1)
  ->  Hash  (cost=176500.59..176500.59 rows=225229 width=8) (actual time=3331.405..3331.405 rows=132239 loops=1)
        Buckets: 131072  Batches: 4  Memory Usage: 2299kB
        ->  Hash Join  (cost=82423.69..176500.59 rows=225229 width=8) (actual time=1395.366..3289.459 rows=132239 loops=1)
              Hash Cond: (mk.movie_id = t.id)
              ->  Seq Scan on movie_keyword mk  (cost=0.00..81003.12 rows=630529 width=4) (actual time=13.828..1375.362 rows=628210 loops=1)
                    Filter: (keyword_id < 490)
                    Rows Removed by Filter: 3895720
              ->  Hash  (cost=67604.59..67604.59 rows=903208 width=4) (actual time=1380.369..1380.369 rows=904491 loops=1)
                    Buckets: 131072  Batches: 16  Memory Usage: 3017kB
                    ->  Seq Scan on title t  (cost=0.00..67604.59 rows=903208 width=4) (actual time=0.025..1085.073 rows=904491 loops=1)
                          Filter: (production_year > 2006)
                          Rows Removed by Filter: 1623821
Planning time: 1.490 ms
Execution time: 6355.566 ms
