Seq Scan on movie_keyword mk  (cost=0.00..81003.12 rows=2987186 width=0) (actual time=0.009..1572.626 rows=2972618 loops=1)
  Filter: (keyword_id < 10169)
  Rows Removed by Filter: 1551312
Planning time: 0.407 ms
Execution time: 1945.990 ms
