Seq Scan on title t  (cost=0.00..73925.90 rows=239418 width=0) (actual time=267.666..1272.577 rows=256906 loops=1)
  Filter: ((kind_id > 6) AND (production_year > 2010))
  Rows Removed by Filter: 2271406
Planning time: 0.325 ms
Execution time: 1306.562 ms
