Hash Join  (cost=85000.09..1205990.36 rows=6044941 width=0) (actual time=2249.048..32774.914 rows=6903420 loops=1)
  Hash Cond: (ci.movie_id = t.id)
  ->  Seq Scan on cast_info ci  (cost=0.00..796071.18 rows=22644980 width=4) (actual time=0.015..17187.094 rows=21984277 loops=1)
        Filter: ((person_id > 988688) AND (role_id < 10))
        Rows Removed by Filter: 14260067
  ->  Hash  (cost=73925.90..73925.90 rows=674975 width=4) (actual time=2247.964..2247.964 rows=739679 loops=1)
        Buckets: 131072  Batches: 16  Memory Usage: 2654kB
        ->  Seq Scan on title t  (cost=0.00..73925.90 rows=674975 width=4) (actual time=0.024..1265.390 rows=739679 loops=1)
              Filter: ((production_year > 2004) AND (kind_id = 7))
              Rows Removed by Filter: 1788633
Planning time: 0.789 ms
Execution time: 33623.797 ms
