Seq Scan on cast_info ci  (cost=0.00..705507.15 rows=27402438 width=0) (actual time=0.016..13518.685 rows=27414909 loops=1)
  Filter: (person_id < 2809117)
  Rows Removed by Filter: 8829435
Planning time: 0.354 ms
Execution time: 16976.570 ms
