Hash Join  (cost=102651.51..157334.04 rows=1700 width=0) (actual time=1805.845..2853.595 rows=204 loops=1)
  Hash Cond: (mc.movie_id = t.id)
  ->  Seq Scan on movie_companies mc  (cost=0.00..44881.29 rows=2609129 width=4) (actual time=0.013..599.862 rows=2609129 loops=1)
  ->  Hash  (cost=102630.93..102630.93 rows=1647 width=8) (actual time=1787.311..1787.311 rows=98 loops=1)
        Buckets: 2048  Batches: 1  Memory Usage: 20kB
        ->  Hash Join  (cost=73982.55..102630.93 rows=1647 width=8) (actual time=1519.382..1787.181 rows=98 loops=1)
              Hash Cond: (mi_idx.movie_id = t.id)
              ->  Seq Scan on movie_info_idx mi_idx  (cost=0.00..25185.44 rows=919057 width=4) (actual time=0.022..516.854 rows=920110 loops=1)
                    Filter: (info_type_id > 99)
                    Rows Removed by Filter: 459925
              ->  Hash  (cost=73925.90..73925.90 rows=4532 width=4) (actual time=1127.676..1127.676 rows=1196 loops=1)
                    Buckets: 8192  Batches: 1  Memory Usage: 107kB
                    ->  Seq Scan on title t  (cost=0.00..73925.90 rows=4532 width=4) (actual time=1.398..1126.908 rows=1196 loops=1)
                          Filter: ((kind_id = 7) AND (production_year = 1949))
                          Rows Removed by Filter: 2527116
Planning time: 1.712 ms
Execution time: 2853.726 ms
