Seq Scan on movie_keyword mk  (cost=0.00..81003.12 rows=4379914 width=0) (actual time=0.024..1564.319 rows=4381602 loops=1)
  Filter: (keyword_id < 74670)
  Rows Removed by Filter: 142328
Planning time: 0.342 ms
Execution time: 2083.188 ms
