Hash Join  (cost=95625.70..460985.73 rows=70409 width=0) (actual time=1657.524..9009.539 rows=43255 loops=1)
  Hash Cond: (mi.movie_id = t.id)
  ->  Seq Scan on movie_info mi  (cost=0.00..309384.22 rows=14739122 width=4) (actual time=0.014..4337.305 rows=14835720 loops=1)
  ->  Hash  (cost=95474.71..95474.71 rows=12079 width=8) (actual time=1657.343..1657.343 rows=4936 loops=1)
        Buckets: 16384  Batches: 1  Memory Usage: 321kB
        ->  Hash Join  (cost=68426.36..95474.71 rows=12079 width=8) (actual time=1093.669..1654.855 rows=4936 loops=1)
              Hash Cond: (mi_idx.movie_id = t.id)
              ->  Seq Scan on movie_info_idx mi_idx  (cost=0.00..25185.44 rows=464566 width=4) (actual time=0.026..419.850 rows=459925 loops=1)
                    Filter: (info_type_id = 101)
                    Rows Removed by Filter: 920110
              ->  Hash  (cost=67604.59..67604.59 rows=65742 width=4) (actual time=1092.930..1092.930 rows=63827 loops=1)
                    Buckets: 131072  Batches: 1  Memory Usage: 3268kB
                    ->  Seq Scan on title t  (cost=0.00..67604.59 rows=65742 width=4) (actual time=0.023..1066.406 rows=63827 loops=1)
                          Filter: (production_year = 2013)
                          Rows Removed by Filter: 2464485
Planning time: 1.209 ms
Execution time: 9018.137 ms
