Seq Scan on movie_keyword mk  (cost=0.00..81003.12 rows=2320825 width=0) (actual time=0.020..1535.991 rows=2322770 loops=1)
  Filter: (keyword_id < 5071)
  Rows Removed by Filter: 2201160
Planning time: 0.356 ms
Execution time: 1824.365 ms
