Hash Join  (cost=83810.17..200858.95 rows=812797 width=0) (actual time=1459.566..4597.426 rows=1813108 loops=1)
  Hash Cond: (mk.movie_id = t.id)
  ->  Seq Scan on movie_keyword mk  (cost=0.00..81003.12 rows=2080716 width=4) (actual time=0.016..1536.925 rows=2090322 loops=1)
        Filter: (keyword_id < 3741)
        Rows Removed by Filter: 2433608
  ->  Hash  (cost=67604.59..67604.59 rows=987727 width=4) (actual time=1458.715..1458.715 rows=985048 loops=1)
        Buckets: 131072  Batches: 16  Memory Usage: 3197kB
        ->  Seq Scan on title t  (cost=0.00..67604.59 rows=987727 width=4) (actual time=0.015..1148.579 rows=985048 loops=1)
              Filter: (kind_id < 7)
              Rows Removed by Filter: 1543264
Planning time: 0.813 ms
Execution time: 4820.396 ms
