Seq Scan on cast_info ci  (cost=0.00..796071.18 rows=10940479 width=0) (actual time=0.020..13134.637 rows=10807692 loops=1)
  Filter: ((person_id > 2599749) AND (role_id < 11))
  Rows Removed by Filter: 25436652
Planning time: 0.337 ms
Execution time: 14487.317 ms
