Hash Join  (cost=73962.22..840788.25 rows=18729 width=0) (actual time=1063.449..17023.880 rows=8066 loops=1)
  Hash Cond: (ci.movie_id = t.id)
  ->  Seq Scan on cast_info ci  (cost=0.00..705507.15 rows=16301759 width=4) (actual time=0.020..12422.256 rows=16440466 loops=1)
        Filter: (person_id > 1986773)
        Rows Removed by Filter: 19803878
  ->  Hash  (cost=73925.90..73925.90 rows=2905 width=4) (actual time=1063.103..1063.103 rows=7770 loops=1)
        Buckets: 8192 (originally 4096)  Batches: 1 (originally 1)  Memory Usage: 338kB
        ->  Seq Scan on title t  (cost=0.00..73925.90 rows=2905 width=4) (actual time=398.394..1059.569 rows=7770 loops=1)
              Filter: ((kind_id < 7) AND (production_year = 1912))
              Rows Removed by Filter: 2520542
Planning time: 0.793 ms
Execution time: 17025.849 ms
