Seq Scan on movie_keyword mk  (cost=0.00..81003.12 rows=3479519 width=0) (actual time=0.023..1550.941 rows=3478428 loops=1)
  Filter: (keyword_id > 1041)
  Rows Removed by Filter: 1045502
Planning time: 0.325 ms
Execution time: 1982.541 ms
