Hash Join  (cost=73929.67..130133.49 rows=152 width=0) (actual time=1228.345..2365.340 rows=939 loops=1)
  Hash Cond: (mc.movie_id = t.id)
  ->  Seq Scan on movie_companies mc  (cost=0.00..51404.11 rows=1279517 width=4) (actual time=0.021..944.944 rows=1274246 loops=1)
        Filter: (company_type_id = 1)
        Rows Removed by Filter: 1334883
  ->  Hash  (cost=73925.90..73925.90 rows=301 width=4) (actual time=1227.925..1227.925 rows=1383 loops=1)
        Buckets: 2048 (originally 1024)  Batches: 1 (originally 1)  Memory Usage: 65kB
        ->  Seq Scan on title t  (cost=0.00..73925.90 rows=301 width=4) (actual time=134.013..1227.128 rows=1383 loops=1)
              Filter: ((kind_id = 3) AND (production_year = 1982))
              Rows Removed by Filter: 2526929
Planning time: 0.749 ms
Execution time: 2365.626 ms
