Seq Scan on cast_info ci  (cost=0.00..796071.18 rows=7738532 width=0) (actual time=1184.170..15444.241 rows=12670688 loops=1)
  Filter: ((person_id < 2226117) AND (role_id = 1))
  Rows Removed by Filter: 23573656
Planning time: 0.390 ms
Execution time: 17038.323 ms
