Hash Join  (cost=603029.20..1908500.93 rows=23166149 width=0) (actual time=15995.950..74782.783 rows=107298233 loops=1)
  Hash Cond: (ci.movie_id = t.id)
  ->  Seq Scan on cast_info ci  (cost=0.00..705507.15 rows=23414143 width=4) (actual time=0.018..15984.999 rows=23314277 loops=1)
        Filter: (person_id < 2384926)
        Rows Removed by Filter: 12930067
  ->  Hash  (cost=561984.38..561984.38 rows=2501746 width=8) (actual time=15993.129..15993.129 rows=5671540 loops=1)
        Buckets: 131072 (originally 131072)  Batches: 128 (originally 64)  Memory Usage: 3073kB
        ->  Hash Join  (cost=78556.72..561984.38 rows=2501746 width=8) (actual time=1375.894..14414.973 rows=5671540 loops=1)
              Hash Cond: (mi.movie_id = t.id)
              ->  Seq Scan on movie_info mi  (cost=0.00..346232.03 rows=9476311 width=4) (actual time=0.019..6631.999 rows=9565151 loops=1)
                    Filter: (info_type_id < 16)
                    Rows Removed by Filter: 5270569
              ->  Hash  (cost=67604.59..67604.59 rows=667531 width=4) (actual time=1375.128..1375.128 rows=662825 loops=1)
                    Buckets: 131072  Batches: 16  Memory Usage: 2485kB
                    ->  Seq Scan on title t  (cost=0.00..67604.59 rows=667531 width=4) (actual time=0.016..1166.967 rows=662825 loops=1)
                          Filter: (kind_id = 1)
                          Rows Removed by Filter: 1865487
Planning time: 1.173 ms
Execution time: 86881.626 ms
