Seq Scan on movie_companies mc  (cost=0.00..57926.93 rows=1749 width=0) (actual time=78.962..772.800 rows=3722 loops=1)
  Filter: ((company_id = 312) AND (company_type_id = 1))
  Rows Removed by Filter: 2605407
Planning time: 0.195 ms
Execution time: 773.675 ms
