Hash Join  (cost=880285.29..1261018.05 rows=127729 width=0) (actual time=16452.544..24994.817 rows=158488 loops=1)
  Hash Cond: (mi.movie_id = t.id)
  ->  Seq Scan on movie_info mi  (cost=0.00..346232.03 rows=8859586 width=4) (actual time=24.347..6408.229 rows=8966694 loops=1)
        Filter: (info_type_id < 15)
        Rows Removed by Filter: 5869026
  ->  Hash  (cost=879829.61..879829.61 rows=36454 width=8) (actual time=16421.003..16421.003 rows=47053 loops=1)
        Buckets: 65536  Batches: 1  Memory Usage: 2351kB
        ->  Hash Join  (cost=74406.67..879829.61 rows=36454 width=8) (actual time=6742.287..16395.223 rows=47053 loops=1)
              Hash Cond: (ci.movie_id = t.id)
              ->  Seq Scan on cast_info ci  (cost=0.00..796071.18 rows=2396593 width=4) (actual time=5514.219..14332.085 rows=2910621 loops=1)
                    Filter: ((person_id > 1421818) AND (role_id = 3))
                    Rows Removed by Filter: 33333723
              ->  Hash  (cost=73925.90..73925.90 rows=38461 width=4) (actual time=1227.544..1227.544 rows=44913 loops=1)
                    Buckets: 65536  Batches: 1  Memory Usage: 2091kB
                    ->  Seq Scan on title t  (cost=0.00..73925.90 rows=38461 width=4) (actual time=0.074..1207.778 rows=44913 loops=1)
                          Filter: ((kind_id > 1) AND (production_year = 2000))
                          Rows Removed by Filter: 2483399
Planning time: 1.209 ms
Execution time: 25016.191 ms
