Hash Join  (cost=440240.91..565230.87 rows=245193 width=0) (actual time=7453.174..12176.863 rows=8901239 loops=1)
  Hash Cond: (mk.movie_id = t.id)
  ->  Seq Scan on movie_keyword mk  (cost=0.00..69693.30 rows=4523930 width=4) (actual time=0.013..1487.057 rows=4523930 loops=1)
  ->  Hash  (cost=437991.86..437991.86 rows=137044 width=8) (actual time=7452.407..7452.407 rows=161971 loops=1)
        Buckets: 131072 (originally 131072)  Batches: 4 (originally 2)  Memory Usage: 3073kB
        ->  Hash Join  (cost=82423.69..437991.86 rows=137044 width=8) (actual time=3090.835..7391.657 rows=161971 loops=1)
              Hash Cond: (mi.movie_id = t.id)
              ->  Seq Scan on movie_info mi  (cost=0.00..346232.03 rows=383654 width=4) (actual time=1330.795..5225.580 rows=428651 loops=1)
                    Filter: (info_type_id > 104)
                    Rows Removed by Filter: 14407069
              ->  Hash  (cost=67604.59..67604.59 rows=903208 width=4) (actual time=1592.170..1592.170 rows=904491 loops=1)
                    Buckets: 131072  Batches: 16  Memory Usage: 3017kB
                    ->  Seq Scan on title t  (cost=0.00..67604.59 rows=903208 width=4) (actual time=0.022..1289.143 rows=904491 loops=1)
                          Filter: (production_year > 2006)
                          Rows Removed by Filter: 1623821
Planning time: 1.172 ms
Execution time: 13054.153 ms
