Hash Join  (cost=115170.87..603859.27 rows=832447 width=0) (actual time=2313.415..13299.756 rows=1011064 loops=1)
  Hash Cond: (mi.movie_id = t.id)
  ->  Seq Scan on movie_info mi  (cost=0.00..309384.22 rows=14739122 width=4) (actual time=0.016..5879.620 rows=14835720 loops=1)
  ->  Hash  (cost=112827.77..112827.77 rows=142808 width=8) (actual time=2312.642..2312.642 rows=87688 loops=1)
        Buckets: 131072  Batches: 2  Memory Usage: 2736kB
        ->  Hash Join  (cost=74050.79..112827.77 rows=142808 width=8) (actual time=1240.866..2283.651 rows=87688 loops=1)
              Hash Cond: (mi_idx.movie_id = t.id)
              ->  Seq Scan on movie_info_idx mi_idx  (cost=0.00..25185.44 rows=919057 width=4) (actual time=0.030..564.388 rows=920110 loops=1)
                    Filter: (info_type_id > 99)
                    Rows Removed by Filter: 459925
              ->  Hash  (cost=67604.59..67604.59 rows=392896 width=4) (actual time=1239.775..1239.775 rows=391666 loops=1)
                    Buckets: 131072  Batches: 8  Memory Usage: 2753kB
                    ->  Seq Scan on title t  (cost=0.00..67604.59 rows=392896 width=4) (actual time=0.019..1104.884 rows=391666 loops=1)
                          Filter: (production_year > 2010)
                          Rows Removed by Filter: 2136646
Planning time: 1.159 ms
Execution time: 13420.930 ms
