Hash Join  (cost=102586.88..189258.70 rows=1378 width=0) (actual time=1600.922..3211.441 rows=14720 loops=1)
  Hash Cond: (mk.movie_id = t.id)
  ->  Seq Scan on movie_keyword mk  (cost=0.00..69693.30 rows=4523930 width=4) (actual time=0.023..880.181 rows=4523930 loops=1)
  ->  Hash  (cost=102577.26..102577.26 rows=770 width=8) (actual time=1598.739..1598.739 rows=1762 loops=1)
        Buckets: 2048 (originally 1024)  Batches: 1 (originally 1)  Memory Usage: 85kB
        ->  Hash Join  (cost=73952.49..102577.26 rows=770 width=8) (actual time=939.101..1597.835 rows=1762 loops=1)
              Hash Cond: (mi_idx.movie_id = t.id)
              ->  Seq Scan on movie_info_idx mi_idx  (cost=0.00..25185.44 rows=915101 width=4) (actual time=0.016..514.859 rows=919850 loops=1)
                    Filter: (info_type_id < 101)
                    Rows Removed by Filter: 460185
              ->  Hash  (cost=73925.90..73925.90 rows=2127 width=4) (actual time=938.574..938.574 rows=2732 loops=1)
                    Buckets: 4096  Batches: 1  Memory Usage: 129kB
                    ->  Seq Scan on title t  (cost=0.00..73925.90 rows=2127 width=4) (actual time=0.065..937.306 rows=2732 loops=1)
                          Filter: ((kind_id = 4) AND (production_year = 1998))
                          Rows Removed by Filter: 2525580
Planning time: 5.979 ms
Execution time: 3213.257 ms
