Hash Join  (cost=73205.47..153111.32 rows=352232 width=0) (actual time=1190.953..3417.166 rows=619717 loops=1)
  Hash Cond: (mc.movie_id = t.id)
  ->  Seq Scan on movie_companies mc  (cost=0.00..44881.29 rows=2609129 width=4) (actual time=0.024..854.949 rows=2609129 loops=1)
  ->  Hash  (cost=67604.59..67604.59 rows=341351 width=4) (actual time=1190.149..1190.149 rows=337846 loops=1)
        Buckets: 131072  Batches: 8  Memory Usage: 2501kB
        ->  Seq Scan on title t  (cost=0.00..67604.59 rows=341351 width=4) (actual time=0.017..1082.064 rows=337846 loops=1)
              Filter: (production_year < 1968)
              Rows Removed by Filter: 2190466
Planning time: 0.761 ms
Execution time: 3497.181 ms
