Hash Join  (cost=85234.12..129381.25 rows=376165 width=0) (actual time=1479.183..2932.269 rows=644451 loops=1)
  Hash Cond: (mi_idx.movie_id = t.id)
  ->  Seq Scan on movie_info_idx mi_idx  (cost=0.00..21735.35 rows=1380035 width=4) (actual time=0.018..569.282 rows=1380035 loops=1)
  ->  Hash  (cost=73925.90..73925.90 rows=689217 width=4) (actual time=1478.552..1478.552 rows=571757 loops=1)
        Buckets: 131072  Batches: 16  Memory Usage: 2276kB
        ->  Seq Scan on title t  (cost=0.00..73925.90 rows=689217 width=4) (actual time=0.013..1293.659 rows=571757 loops=1)
              Filter: ((kind_id < 4) AND (production_year > 1974))
              Rows Removed by Filter: 1956555
Planning time: 0.533 ms
Execution time: 3007.281 ms
