Hash Join  (cost=73982.55..100919.82 rows=833 width=0) (actual time=1323.843..1759.519 rows=1103 loops=1)
  Hash Cond: (mi_idx.movie_id = t.id)
  ->  Seq Scan on movie_info_idx mi_idx  (cost=0.00..25185.44 rows=464934 width=4) (actual time=0.026..479.174 rows=460185 loops=1)
        Filter: (info_type_id > 100)
        Rows Removed by Filter: 919850
  ->  Hash  (cost=73925.90..73925.90 rows=4532 width=4) (actual time=1186.053..1186.053 rows=8404 loops=1)
        Buckets: 16384 (originally 8192)  Batches: 1 (originally 1)  Memory Usage: 424kB
        ->  Seq Scan on title t  (cost=0.00..73925.90 rows=4532 width=4) (actual time=0.045..1175.320 rows=8404 loops=1)
              Filter: ((kind_id = 7) AND (production_year = 1983))
              Rows Removed by Filter: 2519908
Planning time: 0.721 ms
Execution time: 1759.804 ms
