Hash Join  (cost=157566.39..643286.25 rows=554193 width=0) (actual time=3180.347..13473.505 rows=251348 loops=1)
  Hash Cond: (mi.movie_id = t.id)
  ->  Seq Scan on movie_info mi  (cost=0.00..309384.22 rows=14739122 width=4) (actual time=0.006..5439.362 rows=14835720 loops=1)
  ->  Hash  (cost=156005.98..156005.98 rows=95073 width=8) (actual time=3179.721..3179.721 rows=45572 loops=1)
        Buckets: 131072  Batches: 2  Memory Usage: 1917kB
        ->  Hash Join  (cost=75574.02..156005.98 rows=95073 width=8) (actual time=1137.380..3163.062 rows=45572 loops=1)
              Hash Cond: (mc.movie_id = t.id)
              ->  Seq Scan on movie_companies mc  (cost=0.00..51404.11 rows=2394166 width=4) (actual time=0.011..1120.795 rows=2392739 loops=1)
                    Filter: (company_id < 108916)
                    Rows Removed by Filter: 216390
              ->  Hash  (cost=73925.90..73925.90 rows=100409 width=4) (actual time=1135.692..1135.692 rows=110402 loops=1)
                    Buckets: 131072  Batches: 2  Memory Usage: 2964kB
                    ->  Seq Scan on title t  (cost=0.00..73925.90 rows=100409 width=4) (actual time=0.550..1097.879 rows=110402 loops=1)
                          Filter: ((kind_id = 7) AND (production_year = 2012))
                          Rows Removed by Filter: 2417910
Planning time: 0.781 ms
Execution time: 13503.426 ms
