Seq Scan on movie_keyword mk  (cost=0.00..81003.12 rows=1228202 width=0) (actual time=0.021..1310.274 rows=1238685 loops=1)
  Filter: (keyword_id > 14606)
  Rows Removed by Filter: 3285245
Planning time: 0.326 ms
Execution time: 1464.469 ms
