Hash Join  (cost=76503.02..538805.03 rows=588582 width=0) (actual time=1274.846..13061.555 rows=2294753 loops=1)
  Hash Cond: (mi.movie_id = t.id)
  ->  Seq Scan on movie_info mi  (cost=0.00..346232.03 rows=9476311 width=4) (actual time=0.021..7074.511 rows=9565151 loops=1)
        Filter: (info_type_id < 16)
        Rows Removed by Filter: 5270569
  ->  Hash  (cost=73925.90..73925.90 rows=157049 width=4) (actual time=1274.021..1274.021 rows=258048 loops=1)
        Buckets: 131072  Batches: 4  Memory Usage: 3301kB
        ->  Seq Scan on title t  (cost=0.00..73925.90 rows=157049 width=4) (actual time=0.021..1188.449 rows=258048 loops=1)
              Filter: ((kind_id < 7) AND (production_year < 1972))
              Rows Removed by Filter: 2270264
Planning time: 0.839 ms
Execution time: 13319.323 ms
