Hash Join  (cost=128478.61..251710.07 rows=452129 width=0) (actual time=3321.292..7503.988 rows=5272978 loops=1)
  Hash Cond: (mk.movie_id = t.id)
  ->  Seq Scan on movie_keyword mk  (cost=0.00..81003.12 rows=3137879 width=4) (actual time=0.024..1602.716 rows=3122247 loops=1)
        Filter: (keyword_id < 11947)
        Rows Removed by Filter: 1401683
  ->  Hash  (cost=122500.50..122500.50 rows=364329 width=8) (actual time=3318.235..3318.235 rows=629900 loops=1)
        Buckets: 131072 (originally 131072)  Batches: 16 (originally 8)  Memory Usage: 3073kB
        ->  Hash Join  (cost=78556.72..122500.50 rows=364329 width=8) (actual time=1252.694..3112.670 rows=629900 loops=1)
              Hash Cond: (mi_idx.movie_id = t.id)
              ->  Seq Scan on movie_info_idx mi_idx  (cost=0.00..21735.35 rows=1380035 width=4) (actual time=0.035..448.987 rows=1380035 loops=1)
              ->  Hash  (cost=67604.59..67604.59 rows=667531 width=4) (actual time=1251.949..1251.949 rows=662825 loops=1)
                    Buckets: 131072  Batches: 16  Memory Usage: 2476kB
                    ->  Seq Scan on title t  (cost=0.00..67604.59 rows=667531 width=4) (actual time=0.014..1045.046 rows=662825 loops=1)
                          Filter: (kind_id = 1)
                          Rows Removed by Filter: 1865487
Planning time: 1.208 ms
Execution time: 8022.803 ms
