Seq Scan on title t  (cost=0.00..73925.90 rows=702763 width=0) (actual time=0.021..1029.859 rows=726953 loops=1)
  Filter: ((kind_id < 4) AND (production_year < 2011))
  Rows Removed by Filter: 1801359
Planning time: 0.377 ms
Execution time: 1117.924 ms
