Hash Join  (cost=83810.17..927691.82 rows=1109882 width=0) (actual time=12248.886..18827.422 rows=1251088 loops=1)
  Hash Cond: (ci.movie_id = t.id)
  ->  Seq Scan on cast_info ci  (cost=0.00..796071.18 rows=2841238 width=4) (actual time=10725.943..14705.033 rows=3842533 loops=1)
        Filter: ((person_id > 1214566) AND (role_id = 10))
        Rows Removed by Filter: 32401811
  ->  Hash  (cost=67604.59..67604.59 rows=987727 width=4) (actual time=1522.058..1522.058 rows=985048 loops=1)
        Buckets: 131072  Batches: 16  Memory Usage: 3188kB
        ->  Seq Scan on title t  (cost=0.00..67604.59 rows=987727 width=4) (actual time=0.029..1191.989 rows=985048 loops=1)
              Filter: (kind_id < 7)
              Rows Removed by Filter: 1543264
Planning time: 0.783 ms
Execution time: 18961.237 ms
