Seq Scan on movie_keyword mk  (cost=0.00..81003.12 rows=1241141 width=0) (actual time=0.017..1416.816 rows=1253897 loops=1)
  Filter: (keyword_id > 14361)
  Rows Removed by Filter: 3270033
Planning time: 0.311 ms
Execution time: 1574.725 ms
