Hash Join  (cost=102767.86..195286.34 rows=1298115 width=0) (actual time=1825.150..4203.024 rows=1289537 loops=1)
  Hash Cond: (mc.movie_id = t.id)
  ->  Seq Scan on movie_companies mc  (cost=0.00..51404.11 rows=1298115 width=4) (actual time=0.022..975.719 rows=1289537 loops=1)
        Filter: (company_id < 11245)
        Rows Removed by Filter: 1319592
  ->  Hash  (cost=61283.27..61283.27 rows=2528527 width=4) (actual time=1823.540..1823.540 rows=2528312 loops=1)
        Buckets: 131072  Batches: 64  Memory Usage: 2415kB
        ->  Seq Scan on title t  (cost=0.00..61283.27 rows=2528527 width=4) (actual time=0.016..1074.068 rows=2528312 loops=1)
Planning time: 0.857 ms
Execution time: 4344.025 ms
