Hash Join  (cost=211631.45..354105.07 rows=1680258 width=0) (actual time=4527.716..9539.988 rows=4102995 loops=1)
  Hash Cond: (mk.movie_id = t.id)
  ->  Seq Scan on movie_keyword mk  (cost=0.00..69693.30 rows=4523930 width=4) (actual time=0.024..1454.962 rows=4523930 loops=1)
  ->  Hash  (cost=196223.28..196223.28 rows=939134 width=8) (actual time=4526.341..4526.341 rows=671635 loops=1)
        Buckets: 131072  Batches: 16  Memory Usage: 2664kB
        ->  Hash Join  (cost=106840.27..196223.28 rows=939134 width=8) (actual time=2251.797..4313.234 rows=671635 loops=1)
              Hash Cond: (mc.movie_id = t.id)
              ->  Seq Scan on movie_companies mc  (cost=0.00..57926.93 rows=992946 width=4) (actual time=130.855..1166.724 rows=693540 loops=1)
                    Filter: ((company_id < 51360) AND (company_type_id = 2))
                    Rows Removed by Filter: 1915589
              ->  Hash  (cost=67604.59..67604.59 rows=2391495 width=4) (actual time=2120.063..2120.063 rows=2388876 loops=1)
                    Buckets: 131072  Batches: 32  Memory Usage: 3646kB
                    ->  Seq Scan on title t  (cost=0.00..67604.59 rows=2391495 width=4) (actual time=0.026..1350.972 rows=2388876 loops=1)
                          Filter: (production_year < 2013)
                          Rows Removed by Filter: 139436
Planning time: 0.828 ms
Execution time: 10012.047 ms
