Hash Join  (cost=203434.08..285791.01 rows=530041 width=0) (actual time=4174.439..6155.035 rows=328834 loops=1)
  Hash Cond: (mc.movie_id = t.id)
  ->  Seq Scan on movie_companies mc  (cost=0.00..44881.29 rows=2609129 width=4) (actual time=0.024..895.615 rows=2609129 loops=1)
  ->  Hash  (cost=195006.24..195006.24 rows=513667 width=8) (actual time=4028.339..4028.339 rows=120849 loops=1)
        Buckets: 131072  Batches: 8  Memory Usage: 1620kB
        ->  Hash Join  (cost=87731.24..195006.24 rows=513667 width=8) (actual time=1810.729..3990.431 rows=120849 loops=1)
              Hash Cond: (mk.movie_id = t.id)
              ->  Seq Scan on movie_keyword mk  (cost=0.00..81003.12 rows=1543521 width=4) (actual time=0.010..1522.943 rows=1552849 loops=1)
                    Filter: (keyword_id < 2294)
                    Rows Removed by Filter: 2971081
              ->  Hash  (cost=73925.90..73925.90 rows=841467 width=4) (actual time=1590.565..1590.565 rows=921643 loops=1)
                    Buckets: 131072  Batches: 16  Memory Usage: 3062kB
                    ->  Seq Scan on title t  (cost=0.00..73925.90 rows=841467 width=4) (actual time=91.871..1287.913 rows=921643 loops=1)
                          Filter: ((production_year > 2000) AND (kind_id = 7))
                          Rows Removed by Filter: 1606669
Planning time: 5.401 ms
Execution time: 6196.491 ms
