Seq Scan on movie_companies mc  (cost=0.00..57926.93 rows=31007 width=0) (actual time=1.932..954.479 rows=55497 loops=1)
  Filter: ((company_type_id < 2) AND (company_id = 6))
  Rows Removed by Filter: 2553632
Planning time: 0.437 ms
Execution time: 961.331 ms
