Hash Join  (cost=102767.86..916709.06 rows=332063 width=0) (actual time=12263.385..18056.467 rows=309438 loops=1)
  Hash Cond: (ci.movie_id = t.id)
  ->  Seq Scan on cast_info ci  (cost=0.00..796071.18 rows=332063 width=4) (actual time=10315.221..15518.452 rows=309438 loops=1)
        Filter: ((person_id > 179149) AND (role_id > 10))
        Rows Removed by Filter: 35934906
  ->  Hash  (cost=61283.27..61283.27 rows=2528527 width=4) (actual time=1947.179..1947.179 rows=2528312 loops=1)
        Buckets: 131072  Batches: 64  Memory Usage: 2415kB
        ->  Seq Scan on title t  (cost=0.00..61283.27 rows=2528527 width=4) (actual time=2.489..1099.912 rows=2528312 loops=1)
Planning time: 2.033 ms
Execution time: 18089.812 ms
