Seq Scan on title t  (cost=0.00..73925.90 rows=598346 width=0) (actual time=0.023..1300.497 rows=507407 loops=1)
  Filter: ((kind_id < 7) AND (production_year > 1997))
  Rows Removed by Filter: 2020905
Planning time: 0.345 ms
Execution time: 1371.225 ms
