Hash Join  (cost=156209.36..224948.62 rows=121514 width=0) (actual time=3343.203..4736.212 rows=183954 loops=1)
  Hash Cond: (mc.movie_id = t.id)
  ->  Seq Scan on movie_companies mc  (cost=0.00..57926.93 rows=676582 width=4) (actual time=0.028..1050.595 rows=429708 loops=1)
        Filter: ((company_id < 11373) AND (company_type_id > 1))
        Rows Removed by Filter: 2179421
  ->  Hash  (cost=148758.81..148758.81 rows=454124 width=8) (actual time=3342.243..3342.243 rows=459925 loops=1)
        Buckets: 131072  Batches: 8  Memory Usage: 3275kB
        ->  Hash Join  (cost=102767.86..148758.81 rows=454124 width=8) (actual time=1973.368..3204.055 rows=459925 loops=1)
              Hash Cond: (mi_idx.movie_id = t.id)
              ->  Seq Scan on movie_info_idx mi_idx  (cost=0.00..25185.44 rows=454124 width=4) (actual time=0.014..439.215 rows=459925 loops=1)
                    Filter: (info_type_id = 100)
                    Rows Removed by Filter: 920110
              ->  Hash  (cost=61283.27..61283.27 rows=2528527 width=4) (actual time=1971.620..1971.620 rows=2528312 loops=1)
                    Buckets: 131072  Batches: 64  Memory Usage: 2415kB
                    ->  Seq Scan on title t  (cost=0.00..61283.27 rows=2528527 width=4) (actual time=0.011..1137.936 rows=2528312 loops=1)
Planning time: 1.233 ms
Execution time: 4759.472 ms
