Seq Scan on cast_info ci  (cost=0.00..705507.15 rows=500 width=0) (actual time=8757.615..9105.865 rows=813 loops=1)
  Filter: (person_id = 1722532)
  Rows Removed by Filter: 36243531
Planning time: 0.379 ms
Execution time: 9106.059 ms
