Hash Join  (cost=192370.39..271443.46 rows=705391 width=0) (actual time=5330.011..7238.330 rows=1753283 loops=1)
  Hash Cond: (mc.movie_id = t.id)
  ->  Seq Scan on movie_companies mc  (cost=0.00..51404.11 rows=1329612 width=4) (actual time=416.736..1002.488 rows=1334883 loops=1)
        Filter: (company_type_id = 2)
        Rows Removed by Filter: 1274246
  ->  Hash  (cost=170361.33..170361.33 rows=1341445 width=8) (actual time=4912.389..4912.389 rows=1379855 loops=1)
        Buckets: 131072  Batches: 32  Memory Usage: 2708kB
        ->  Hash Join  (cost=107928.35..170361.33 rows=1341445 width=8) (actual time=2350.536..4504.941 rows=1379855 loops=1)
              Hash Cond: (mi_idx.movie_id = t.id)
              ->  Seq Scan on movie_info_idx mi_idx  (cost=0.00..21735.35 rows=1380035 width=4) (actual time=0.022..452.348 rows=1380035 loops=1)
              ->  Hash  (cost=67604.59..67604.59 rows=2457821 width=4) (actual time=2349.122..2349.122 rows=2456218 loops=1)
                    Buckets: 131072  Batches: 64  Memory Usage: 2375kB
                    ->  Seq Scan on title t  (cost=0.00..67604.59 rows=2457821 width=4) (actual time=0.024..1516.602 rows=2456218 loops=1)
                          Filter: (production_year > 0)
                          Rows Removed by Filter: 72094
Planning time: 1.194 ms
Execution time: 7449.574 ms
