Seq Scan on movie_companies mc  (cost=0.00..57926.93 rows=83489 width=0) (actual time=263.828..852.706 rows=38155 loops=1)
  Filter: ((company_id < 34) AND (company_type_id > 1))
  Rows Removed by Filter: 2570974
Planning time: 0.348 ms
Execution time: 857.779 ms
