Hash Join  (cost=69002.72..176996.49 rows=75494 width=0) (actual time=1175.530..3765.921 rows=73326 loops=1)
  Hash Cond: (mk.movie_id = t.id)
  ->  Seq Scan on movie_keyword mk  (cost=0.00..81003.12 rows=2240188 width=4) (actual time=0.026..1610.974 rows=2236801 loops=1)
        Filter: (keyword_id > 4853)
        Rows Removed by Filter: 2287129
  ->  Hash  (cost=67604.59..67604.59 rows=85211 width=4) (actual time=1173.442..1173.442 rows=84593 loops=1)
        Buckets: 131072  Batches: 2  Memory Usage: 2524kB
        ->  Seq Scan on title t  (cost=0.00..67604.59 rows=85211 width=4) (actual time=0.026..1138.609 rows=84593 loops=1)
              Filter: (production_year = 2004)
              Rows Removed by Filter: 2443719
Planning time: 0.809 ms
Execution time: 3775.659 ms
