Hash Join  (cost=140899.61..271462.94 rows=458498 width=0) (actual time=2989.971..6530.998 rows=1609651 loops=1)
  Hash Cond: (mk.movie_id = t.id)
  ->  Seq Scan on movie_keyword mk  (cost=0.00..81003.12 rows=3786195 width=4) (actual time=0.018..1743.601 rows=3782264 loops=1)
        Filter: (keyword_id > 667)
        Rows Removed by Filter: 741666
  ->  Hash  (cost=135875.13..135875.13 rows=306198 width=8) (actual time=2988.266..2988.266 rows=285080 loops=1)
        Buckets: 131072  Batches: 8  Memory Usage: 2427kB
        ->  Hash Join  (cost=95159.82..135875.13 rows=306198 width=8) (actual time=1838.020..2895.220 rows=285080 loops=1)
              Hash Cond: (mi_idx.movie_id = t.id)
              ->  Seq Scan on movie_info_idx mi_idx  (cost=0.00..25185.44 rows=460978 width=4) (actual time=0.017..406.581 rows=459925 loops=1)
                    Filter: (info_type_id < 100)
                    Rows Removed by Filter: 920110
              ->  Hash  (cost=67604.59..67604.59 rows=1679539 width=4) (actual time=1836.744..1836.744 rows=1673541 loops=1)
                    Buckets: 131072  Batches: 32  Memory Usage: 2866kB
                    ->  Seq Scan on title t  (cost=0.00..67604.59 rows=1679539 width=4) (actual time=0.010..1298.059 rows=1673541 loops=1)
                          Filter: (production_year > 1993)
                          Rows Removed by Filter: 854771
Planning time: 0.894 ms
Execution time: 6716.061 ms
