Seq Scan on movie_companies mc  (cost=0.00..51404.11 rows=157890 width=0) (actual time=350.988..759.870 rows=156425 loops=1)
  Filter: (company_id > 129330)
  Rows Removed by Filter: 2452704
Planning time: 0.348 ms
Execution time: 779.538 ms
