Seq Scan on movie_info_idx mi_idx  (cost=0.00..25185.44 rows=454124 width=50) (actual time=0.028..562.406 rows=459925 loops=1)
  Filter: (info_type_id = 100)
  Rows Removed by Filter: 920110
Planning time: 0.402 ms
Execution time: 588.033 ms
