Seq Scan on cast_info ci  (cost=0.00..705507.15 rows=22549201 width=42) (actual time=0.021..15405.660 rows=22596003 loops=1)
  Filter: (person_id > 1343554)
  Rows Removed by Filter: 13648341
Planning time: 0.460 ms
Execution time: 16733.339 ms
