Nested Loop  (cost=0.43..83071.67 rows=246 width=0) (actual time=0.157..1394.990 rows=2488 loops=1)
  ->  Seq Scan on movie_keyword mk  (cost=0.00..81003.12 rows=246 width=4) (actual time=0.091..1316.623 rows=2488 loops=1)
        Filter: (keyword_id = 1743)
        Rows Removed by Filter: 4521442
  ->  Index Only Scan using title_pkey on title t  (cost=0.43..8.40 rows=1 width=4) (actual time=0.030..0.030 rows=1 loops=2488)
        Index Cond: (id = mk.movie_id)
        Heap Fetches: 2488
Planning time: 0.824 ms
Execution time: 1395.803 ms
