Seq Scan on title t  (cost=0.00..67604.59 rows=2361813 width=0) (actual time=0.021..1167.712 rows=2357639 loops=1)
  Filter: (production_year > 1923)
  Rows Removed by Filter: 170673
Planning time: 0.339 ms
Execution time: 1452.990 ms
