Hash Join  (cost=709678.15..1060255.64 rows=229 width=0) (actual time=10761.633..16369.173 rows=278 loops=1)
  Hash Cond: (mi.movie_id = t.id)
  ->  Seq Scan on movie_info mi  (cost=0.00..346232.03 rows=1158179 width=4) (actual time=0.021..5435.270 rows=1204709 loops=1)
        Filter: (info_type_id > 18)
        Rows Removed by Filter: 13631011
  ->  Hash  (cost=709671.90..709671.90 rows=500 width=8) (actual time=10760.753..10760.753 rows=21 loops=1)
        Buckets: 1024  Batches: 1  Memory Usage: 9kB
        ->  Nested Loop  (cost=0.43..709671.90 rows=500 width=8) (actual time=6245.752..10760.715 rows=21 loops=1)
              ->  Seq Scan on cast_info ci  (cost=0.00..705507.15 rows=500 width=4) (actual time=6245.579..10760.089 rows=21 loops=1)
                    Filter: (person_id = 3567383)
                    Rows Removed by Filter: 36244323
              ->  Index Only Scan using title_pkey on title t  (cost=0.43..8.32 rows=1 width=4) (actual time=0.025..0.025 rows=1 loops=21)
                    Index Cond: (id = ci.movie_id)
                    Heap Fetches: 21
Planning time: 1.214 ms
Execution time: 16369.326 ms
