Hash Join  (cost=185208.02..900742.48 rows=130614 width=0) (actual time=4928.194..14292.920 rows=115135 loops=1)
  Hash Cond: (ci.movie_id = t.id)
  ->  Seq Scan on cast_info ci  (cost=0.00..705507.15 rows=552043 width=4) (actual time=853.812..9928.841 rows=454128 loops=1)
        Filter: (person_id < 51435)
        Rows Removed by Filter: 35790216
  ->  Hash  (cost=175392.86..175392.86 rows=598253 width=8) (actual time=4073.155..4073.155 rows=316839 loops=1)
        Buckets: 131072  Batches: 8  Memory Usage: 2557kB
        ->  Hash Join  (cost=92883.59..175392.86 rows=598253 width=8) (actual time=1938.413..3975.427 rows=316839 loops=1)
              Hash Cond: (mc.movie_id = t.id)
              ->  Seq Scan on movie_companies mc  (cost=0.00..57926.93 rows=981762 width=4) (actual time=0.038..1081.143 rows=1267011 loops=1)
                    Filter: ((company_id < 64359) AND (company_type_id < 2))
                    Rows Removed by Filter: 1342118
              ->  Hash  (cost=67604.59..67604.59 rows=1540800 width=4) (actual time=1937.058..1937.058 rows=1543264 loops=1)
                    Buckets: 131072  Batches: 32  Memory Usage: 2722kB
                    ->  Seq Scan on title t  (cost=0.00..67604.59 rows=1540800 width=4) (actual time=0.018..1204.916 rows=1543264 loops=1)
                          Filter: (kind_id = 7)
                          Rows Removed by Filter: 985048
Planning time: 1.305 ms
Execution time: 14307.423 ms
