Seq Scan on movie_keyword mk  (cost=0.00..81003.12 rows=3545308 width=0) (actual time=0.019..1557.353 rows=3541380 loops=1)
  Filter: (keyword_id < 18856)
  Rows Removed by Filter: 982550
Planning time: 0.269 ms
Execution time: 2028.561 ms
