Hash Join  (cost=102767.86..1471295.63 rows=27143546 width=0) (actual time=1911.812..41692.919 rows=27292493 loops=1)
  Hash Cond: (ci.movie_id = t.id)
  ->  Seq Scan on cast_info ci  (cost=0.00..705507.15 rows=27143546 width=4) (actual time=0.027..15776.904 rows=27292493 loops=1)
        Filter: (person_id > 880755)
        Rows Removed by Filter: 8951851
  ->  Hash  (cost=61283.27..61283.27 rows=2528527 width=4) (actual time=1910.697..1910.697 rows=2528312 loops=1)
        Buckets: 131072  Batches: 64  Memory Usage: 2415kB
        ->  Seq Scan on title t  (cost=0.00..61283.27 rows=2528527 width=4) (actual time=0.020..1076.538 rows=2528312 loops=1)
Planning time: 1.613 ms
Execution time: 44598.630 ms
