Hash Join  (cost=1062106.16..1953523.45 rows=31669275 width=0) (actual time=23169.482..43968.569 rows=22084903 loops=1)
  Hash Cond: (mi.movie_id = t.id)
  ->  Seq Scan on movie_info mi  (cost=0.00..309384.22 rows=14739122 width=4) (actual time=0.021..6132.141 rows=14835720 loops=1)
  ->  Hash  (cost=972971.54..972971.54 rows=5432930 width=8) (actual time=22937.052..22937.052 rows=5034779 loops=1)
        Buckets: 131072  Batches: 128  Memory Usage: 2517kB
        ->  Hash Join  (cost=92883.59..972971.54 rows=5432930 width=8) (actual time=1690.043..21038.719 rows=5034779 loops=1)
              Hash Cond: (ci.movie_id = t.id)
              ->  Seq Scan on cast_info ci  (cost=0.00..705507.15 rows=8915700 width=4) (actual time=0.021..12114.207 rows=8780194 loops=1)
                    Filter: (person_id < 864864)
                    Rows Removed by Filter: 27464150
              ->  Hash  (cost=67604.59..67604.59 rows=1540800 width=4) (actual time=1688.640..1688.640 rows=1543264 loops=1)
                    Buckets: 131072  Batches: 32  Memory Usage: 2722kB
                    ->  Seq Scan on title t  (cost=0.00..67604.59 rows=1540800 width=4) (actual time=306.926..1204.960 rows=1543264 loops=1)
                          Filter: (kind_id = 7)
                          Rows Removed by Filter: 985048
Planning time: 1.141 ms
Execution time: 46446.137 ms
