Hash Join  (cost=156209.36..272653.35 rows=452623 width=0) (actual time=3337.476..6520.245 rows=1939844 loops=1)
  Hash Cond: (mk.movie_id = t.id)
  ->  Seq Scan on movie_keyword mk  (cost=0.00..81003.12 rows=2520169 width=4) (actual time=0.023..1663.407 rows=2515006 loops=1)
        Filter: (keyword_id > 3575)
        Rows Removed by Filter: 2008924
  ->  Hash  (cost=148758.81..148758.81 rows=454124 width=8) (actual time=3336.653..3336.653 rows=459925 loops=1)
        Buckets: 131072  Batches: 8  Memory Usage: 3284kB
        ->  Hash Join  (cost=102767.86..148758.81 rows=454124 width=8) (actual time=1953.487..3199.555 rows=459925 loops=1)
              Hash Cond: (mi_idx.movie_id = t.id)
              ->  Seq Scan on movie_info_idx mi_idx  (cost=0.00..25185.44 rows=454124 width=4) (actual time=0.024..432.337 rows=459925 loops=1)
                    Filter: (info_type_id = 100)
                    Rows Removed by Filter: 920110
              ->  Hash  (cost=61283.27..61283.27 rows=2528527 width=4) (actual time=1951.766..1951.766 rows=2528312 loops=1)
                    Buckets: 131072  Batches: 64  Memory Usage: 2415kB
                    ->  Seq Scan on title t  (cost=0.00..61283.27 rows=2528527 width=4) (actual time=0.020..1106.159 rows=2528312 loops=1)
Planning time: 5.114 ms
Execution time: 6733.379 ms
