Nested Loop  (cost=0.43..83071.67 rows=246 width=0) (actual time=0.311..1446.488 rows=4062 loops=1)
  ->  Seq Scan on movie_keyword mk  (cost=0.00..81003.12 rows=246 width=4) (actual time=0.252..1317.214 rows=4062 loops=1)
        Filter: (keyword_id = 266)
        Rows Removed by Filter: 4519868
  ->  Index Only Scan using title_pkey on title t  (cost=0.43..8.40 rows=1 width=4) (actual time=0.031..0.031 rows=1 loops=4062)
        Index Cond: (id = mk.movie_id)
        Heap Fetches: 4062
Planning time: 1.885 ms
Execution time: 1447.793 ms
