Hash Join  (cost=433350.29..1416884.83 rows=633528 width=0) (actual time=9127.567..28654.726 rows=59056 loops=1)
  Hash Cond: (ci.movie_id = t.id)
  ->  Seq Scan on cast_info ci  (cost=0.00..614943.12 rows=36225612 width=4) (actual time=0.009..8842.274 rows=36244344 loops=1)
  ->  Hash  (cost=432797.54..432797.54 rows=44220 width=8) (actual time=9124.854..9124.854 rows=46888 loops=1)
        Buckets: 65536  Batches: 1  Memory Usage: 2344kB
        ->  Hash Join  (cost=67699.41..432797.54 rows=44220 width=8) (actual time=1139.557..9102.670 rows=46888 loops=1)
              Hash Cond: (mi.movie_id = t.id)
              ->  Seq Scan on movie_info mi  (cost=0.00..309384.22 rows=14739122 width=4) (actual time=0.033..4814.004 rows=14835720 loops=1)
              ->  Hash  (cost=67604.59..67604.59 rows=7586 width=4) (actual time=1139.291..1139.291 rows=5872 loops=1)
                    Buckets: 8192  Batches: 1  Memory Usage: 271kB
                    ->  Seq Scan on title t  (cost=0.00..67604.59 rows=7586 width=4) (actual time=273.385..1136.581 rows=5872 loops=1)
                          Filter: (production_year < 1900)
                          Rows Removed by Filter: 2522440
Planning time: 1.282 ms
Execution time: 28663.413 ms
