Hash Join  (cost=92883.59..926464.16 rows=3933945 width=0) (actual time=2461.934..18835.190 rows=3687132 loops=1)
  Hash Cond: (ci.movie_id = t.id)
  ->  Seq Scan on cast_info ci  (cost=0.00..705507.15 rows=6455794 width=4) (actual time=675.363..12404.599 rows=6358565 loops=1)
        Filter: (person_id < 613943)
        Rows Removed by Filter: 29885779
  ->  Hash  (cost=67604.59..67604.59 rows=1540800 width=4) (actual time=1785.608..1785.608 rows=1543264 loops=1)
        Buckets: 131072  Batches: 32  Memory Usage: 2722kB
        ->  Seq Scan on title t  (cost=0.00..67604.59 rows=1540800 width=4) (actual time=0.024..1288.959 rows=1543264 loops=1)
              Filter: (kind_id = 7)
              Rows Removed by Filter: 985048
Planning time: 0.770 ms
Execution time: 19286.607 ms
