Seq Scan on movie_keyword mk  (cost=0.00..81003.12 rows=4373 width=0) (actual time=0.234..1274.995 rows=2630 loops=1)
  Filter: (keyword_id = 7777)
  Rows Removed by Filter: 4521300
Planning time: 0.343 ms
Execution time: 1275.796 ms
