Hash Join  (cost=463285.58..543720.26 rows=390616 width=0) (actual time=7978.503..10175.340 rows=789974 loops=1)
  Hash Cond: (mc.movie_id = t.id)
  ->  Seq Scan on movie_companies mc  (cost=0.00..44881.29 rows=2609129 width=4) (actual time=0.021..908.532 rows=2609129 loops=1)
  ->  Hash  (cost=457074.71..457074.71 rows=378549 width=8) (actual time=7976.698..7976.698 rows=250500 loops=1)
        Buckets: 131072  Batches: 8  Memory Usage: 2203kB
        ->  Hash Join  (cost=93093.72..457074.71 rows=378549 width=8) (actual time=3583.976..7905.373 rows=250500 loops=1)
              Hash Cond: (mi.movie_id = t.id)
              ->  Seq Scan on movie_info mi  (cost=0.00..346232.03 rows=616095 width=4) (actual time=1682.157..5470.644 rows=598457 loops=1)
                    Filter: (info_type_id = 15)
                    Rows Removed by Filter: 14237263
              ->  Hash  (cost=67604.59..67604.59 rows=1553611 width=4) (actual time=1856.338..1856.338 rows=1555864 loops=1)
                    Buckets: 131072  Batches: 32  Memory Usage: 2740kB
                    ->  Seq Scan on title t  (cost=0.00..67604.59 rows=1553611 width=4) (actual time=0.039..1342.009 rows=1555864 loops=1)
                          Filter: (kind_id > 4)
                          Rows Removed by Filter: 972448
Planning time: 1.214 ms
Execution time: 10264.896 ms
