Hash Join  (cost=83810.17..171526.72 rows=72063 width=0) (actual time=1480.867..3054.150 rows=188426 loops=1)
  Hash Cond: (mk.movie_id = t.id)
  ->  Seq Scan on movie_keyword mk  (cost=0.00..81003.12 rows=184478 width=4) (actual time=0.032..1333.917 rows=188634 loops=1)
        Filter: (keyword_id > 71202)
        Rows Removed by Filter: 4335296
  ->  Hash  (cost=67604.59..67604.59 rows=987727 width=4) (actual time=1480.039..1480.039 rows=985048 loops=1)
        Buckets: 131072  Batches: 16  Memory Usage: 3197kB
        ->  Seq Scan on title t  (cost=0.00..67604.59 rows=987727 width=4) (actual time=0.019..1170.227 rows=985048 loops=1)
              Filter: (kind_id < 7)
              Rows Removed by Filter: 1543264
Planning time: 0.786 ms
Execution time: 3069.955 ms
