Hash Join  (cost=474386.37..604148.77 rows=547685 width=0) (actual time=8514.983..14925.286 rows=15195093 loops=1)
  Hash Cond: (mk.movie_id = t.id)
  ->  Seq Scan on movie_keyword mk  (cost=0.00..81003.12 rows=3613713 width=4) (actual time=0.021..1861.900 rows=3607676 loops=1)
        Filter: (keyword_id > 866)
        Rows Removed by Filter: 916254
  ->  Hash  (cost=468099.16..468099.16 rows=383217 width=8) (actual time=8513.768..8513.768 rows=368218 loops=1)
        Buckets: 131072  Batches: 8  Memory Usage: 2908kB
        ->  Hash Join  (cost=102767.86..468099.16 rows=383217 width=8) (actual time=6297.290..8403.718 rows=368218 loops=1)
              Hash Cond: (mi.movie_id = t.id)
              ->  Seq Scan on movie_info mi  (cost=0.00..346232.03 rows=383217 width=4) (actual time=4343.615..5095.157 rows=368218 loops=1)
                    Filter: (info_type_id = 17)
                    Rows Removed by Filter: 14467502
              ->  Hash  (cost=61283.27..61283.27 rows=2528527 width=4) (actual time=1943.544..1943.544 rows=2528312 loops=1)
                    Buckets: 131072  Batches: 64  Memory Usage: 2425kB
                    ->  Seq Scan on title t  (cost=0.00..61283.27 rows=2528527 width=4) (actual time=0.025..1072.576 rows=2528312 loops=1)
Planning time: 1.233 ms
Execution time: 16519.646 ms
