Hash Join  (cost=102767.86..1157007.31 rows=10318540 width=0) (actual time=2196.305..20472.170 rows=4417426 loops=1)
  Hash Cond: (ci.movie_id = t.id)
  ->  Seq Scan on cast_info ci  (cost=0.00..796071.18 rows=10318540 width=4) (actual time=0.595..14436.766 rows=4417426 loops=1)
        Filter: ((person_id < 1561671) AND (role_id > 1))
        Rows Removed by Filter: 31826918
  ->  Hash  (cost=61283.27..61283.27 rows=2528527 width=4) (actual time=2193.795..2193.795 rows=2528312 loops=1)
        Buckets: 131072  Batches: 64  Memory Usage: 2415kB
        ->  Seq Scan on title t  (cost=0.00..61283.27 rows=2528527 width=4) (actual time=0.005..1335.061 rows=2528312 loops=1)
Planning time: 0.850 ms
Execution time: 20961.418 ms
