Nested Loop  (cost=44377.22..431294.25 rows=9790 width=0) (actual time=3195.351..6963.398 rows=12003 loops=1)
  Join Filter: (mi.movie_id = t.id)
  ->  Hash Join  (cost=44376.79..399813.99 rows=53320 width=8) (actual time=3195.239..6769.258 rows=12003 loops=1)
        Hash Cond: (mi.movie_id = mi_idx.movie_id)
        ->  Seq Scan on movie_info mi  (cost=0.00..346232.03 rows=17937 width=4) (actual time=2302.355..5648.743 rows=5162 loops=1)
              Filter: (info_type_id = 92)
              Rows Removed by Filter: 14830558
        ->  Hash  (cost=21735.35..21735.35 rows=1380035 width=4) (actual time=891.704..891.704 rows=1380035 loops=1)
              Buckets: 131072  Batches: 32  Memory Usage: 2557kB
              ->  Seq Scan on movie_info_idx mi_idx  (cost=0.00..21735.35 rows=1380035 width=4) (actual time=0.035..470.499 rows=1380035 loops=1)
  ->  Index Only Scan using title_pkey on title t  (cost=0.43..0.58 rows=1 width=4) (actual time=0.015..0.016 rows=1 loops=12003)
        Index Cond: (id = mi_idx.movie_id)
        Heap Fetches: 12003
Planning time: 2.747 ms
Execution time: 6965.743 ms
