Hash Join  (cost=83074.74..447745.01 rows=1434 width=0) (actual time=1275.539..8329.175 rows=680 loops=1)
  Hash Cond: (mi.movie_id = t.id)
  ->  Seq Scan on movie_info mi  (cost=0.00..309384.22 rows=14739122 width=4) (actual time=0.021..4397.376 rows=14835720 loops=1)
  ->  Hash  (cost=83071.67..83071.67 rows=246 width=8) (actual time=1246.672..1246.672 rows=6 loops=1)
        Buckets: 1024  Batches: 1  Memory Usage: 9kB
        ->  Nested Loop  (cost=0.43..83071.67 rows=246 width=8) (actual time=188.883..1246.659 rows=6 loops=1)
              ->  Seq Scan on movie_keyword mk  (cost=0.00..81003.12 rows=246 width=4) (actual time=188.786..1246.302 rows=6 loops=1)
                    Filter: (keyword_id = 41693)
                    Rows Removed by Filter: 4523924
              ->  Index Only Scan using title_pkey on title t  (cost=0.43..8.40 rows=1 width=4) (actual time=0.047..0.049 rows=1 loops=6)
                    Index Cond: (id = mk.movie_id)
                    Heap Fetches: 6
Planning time: 1.144 ms
Execution time: 8329.420 ms
