Hash Join  (cost=78556.72..122500.50 rows=364329 width=0) (actual time=1399.016..2764.260 rows=629900 loops=1)
  Hash Cond: (mi_idx.movie_id = t.id)
  ->  Seq Scan on movie_info_idx mi_idx  (cost=0.00..21735.35 rows=1380035 width=4) (actual time=0.024..462.319 rows=1380035 loops=1)
  ->  Hash  (cost=67604.59..67604.59 rows=667531 width=4) (actual time=1075.290..1075.290 rows=662825 loops=1)
        Buckets: 131072  Batches: 16  Memory Usage: 2476kB
        ->  Seq Scan on title t  (cost=0.00..67604.59 rows=667531 width=4) (actual time=13.051..877.304 rows=662825 loops=1)
              Filter: (kind_id = 1)
              Rows Removed by Filter: 1865487
Planning time: 0.871 ms
Execution time: 2840.487 ms
