Seq Scan on movie_keyword mk  (cost=0.00..81003.12 rows=4393789 width=0) (actual time=0.029..1529.375 rows=4397050 loops=1)
  Filter: (keyword_id < 76904)
  Rows Removed by Filter: 126880
Planning time: 0.306 ms
Execution time: 2052.684 ms
