Hash Join  (cost=108812.38..467264.06 rows=71393 width=0) (actual time=1998.448..8458.341 rows=187450 loops=1)
  Hash Cond: (mi.movie_id = t.id)
  ->  Seq Scan on movie_info mi  (cost=0.00..346232.03 rows=3068194 width=4) (actual time=0.024..5673.697 rows=3036719 loops=1)
        Filter: (info_type_id = 16)
        Rows Removed by Filter: 11799001
  ->  Hash  (cost=108076.93..108076.93 rows=58836 width=8) (actual time=1997.479..1997.479 rows=61574 loops=1)
        Buckets: 65536  Batches: 1  Memory Usage: 2918kB
        ->  Hash Join  (cost=69374.09..108076.93 rows=58836 width=8) (actual time=1080.655..1977.341 rows=61574 loops=1)
              Hash Cond: (mi_idx.movie_id = t.id)
              ->  Seq Scan on movie_info_idx mi_idx  (cost=0.00..21735.35 rows=1380035 width=4) (actual time=0.019..433.444 rows=1380035 loops=1)
              ->  Hash  (cost=67604.59..67604.59 rows=107800 width=4) (actual time=1079.567..1079.567 rows=108429 loops=1)
                    Buckets: 131072  Batches: 2  Memory Usage: 2931kB
                    ->  Seq Scan on title t  (cost=0.00..67604.59 rows=107800 width=4) (actual time=0.029..1038.785 rows=108429 loops=1)
                          Filter: (production_year = 2006)
                          Rows Removed by Filter: 2419883
Planning time: 1.112 ms
Execution time: 8482.904 ms
