Hash Join  (cost=89762.59..205197.91 rows=921239 width=0) (actual time=1807.415..4720.203 rows=1187119 loops=1)
  Hash Cond: (mk.movie_id = t.id)
  ->  Seq Scan on movie_keyword mk  (cost=0.00..81003.12 rows=1724750 width=4) (actual time=0.026..1554.215 rows=1727416 loops=1)
        Filter: (keyword_id < 2810)
        Rows Removed by Filter: 2796514
  ->  Hash  (cost=67604.59..67604.59 rows=1350560 width=4) (actual time=1806.192..1806.192 rows=1348293 loops=1)
        Buckets: 131072  Batches: 32  Memory Usage: 2513kB
        ->  Seq Scan on title t  (cost=0.00..67604.59 rows=1350560 width=4) (actual time=0.022..1351.149 rows=1348293 loops=1)
              Filter: (production_year < 2005)
              Rows Removed by Filter: 1180019
Planning time: 1.038 ms
Execution time: 4864.672 ms
