Hash Join  (cost=507306.93..1432859.15 rows=6764734 width=0) (actual time=16589.958..36508.746 rows=12440611 loops=1)
  Hash Cond: (ci.movie_id = t.id)
  ->  Seq Scan on cast_info ci  (cost=0.00..705507.15 rows=12726058 width=4) (actual time=6125.973..14600.766 rows=12670688 loops=1)
        Filter: (role_id = 1)
        Rows Removed by Filter: 23573656
  ->  Hash  (cost=485254.96..485254.96 rows=1344078 width=8) (actual time=10462.835..10462.835 rows=1417538 loops=1)
        Buckets: 131072  Batches: 32  Memory Usage: 2759kB
        ->  Hash Join  (cost=85777.42..485254.96 rows=1344078 width=8) (actual time=3181.466..10029.819 rows=1417538 loops=1)
              Hash Cond: (mi.movie_id = t.id)
              ->  Seq Scan on movie_info mi  (cost=0.00..346232.03 rows=3068194 width=4) (actual time=920.660..5590.110 rows=3036719 loops=1)
                    Filter: (info_type_id = 16)
                    Rows Removed by Filter: 11799001
              ->  Hash  (cost=67604.59..67604.59 rows=1107667 width=4) (actual time=2259.782..2259.782 rows=1107925 loops=1)
                    Buckets: 131072  Batches: 16  Memory Usage: 3466kB
                    ->  Seq Scan on title t  (cost=0.00..67604.59 rows=1107667 width=4) (actual time=0.026..1242.670 rows=1107925 loops=1)
                          Filter: (production_year > 2004)
                          Rows Removed by Filter: 1420387
Planning time: 1.149 ms
Execution time: 37815.346 ms
