Hash Join  (cost=222781.32..753341.75 rows=3029959 width=0) (actual time=4701.930..17639.678 rows=1257588 loops=1)
  Hash Cond: (mi.movie_id = t.id)
  ->  Seq Scan on movie_info mi  (cost=0.00..309384.22 rows=14739122 width=4) (actual time=0.026..5984.775 rows=14835720 loops=1)
  ->  Hash  (cost=214252.87..214252.87 rows=519796 width=8) (actual time=4701.191..4701.191 rows=100190 loops=1)
        Buckets: 131072  Batches: 8  Memory Usage: 1483kB
        ->  Hash Join  (cost=79158.73..214252.87 rows=519796 width=8) (actual time=3190.909..4667.234 rows=100190 loops=1)
              Hash Cond: (mk.movie_id = t.id)
              ->  Seq Scan on movie_keyword mk  (cost=0.00..81003.12 rows=4120815 width=4) (actual time=0.024..1731.748 rows=4125890 loops=1)
                    Filter: (keyword_id < 43519)
                    Rows Removed by Filter: 398040
              ->  Hash  (cost=73925.90..73925.90 rows=318946 width=4) (actual time=1258.876..1258.876 rows=209805 loops=1)
                    Buckets: 131072  Batches: 8  Memory Usage: 1942kB
                    ->  Seq Scan on title t  (cost=0.00..73925.90 rows=318946 width=4) (actual time=0.026..1189.513 rows=209805 loops=1)
                          Filter: ((production_year < 1981) AND (kind_id = 7))
                          Rows Removed by Filter: 2318507
Planning time: 1.118 ms
Execution time: 17806.359 ms
