Seq Scan on movie_keyword mk  (cost=0.00..81003.12 rows=467608 width=0) (actual time=0.033..1326.038 rows=464842 loops=1)
  Filter: (keyword_id > 38293)
  Rows Removed by Filter: 4059088
Planning time: 0.309 ms
Execution time: 1386.217 ms
