Hash Join  (cost=143646.56..514937.78 rows=169252 width=0) (actual time=2869.159..9445.108 rows=214894 loops=1)
  Hash Cond: (mi.movie_id = t.id)
  ->  Seq Scan on movie_info mi  (cost=0.00..346232.03 rows=6231111 width=4) (actual time=0.021..5825.176 rows=6223494 loops=1)
        Filter: (info_type_id > 8)
        Rows Removed by Filter: 8612226
  ->  Hash  (cost=142788.05..142788.05 rows=68681 width=8) (actual time=2352.736..2352.736 rows=14912 loops=1)
        Buckets: 131072  Batches: 1  Memory Usage: 1607kB
        ->  Hash Join  (cost=78556.72..142788.05 rows=68681 width=8) (actual time=1601.427..2345.621 rows=14912 loops=1)
              Hash Cond: (mc.movie_id = t.id)
              ->  Seq Scan on movie_companies mc  (cost=0.00..57926.93 rows=260155 width=4) (actual time=90.276..867.784 rows=136455 loops=1)
                    Filter: ((company_id < 466) AND (company_type_id > 1))
                    Rows Removed by Filter: 2472674
              ->  Hash  (cost=67604.59..67604.59 rows=667531 width=4) (actual time=1288.287..1288.287 rows=662825 loops=1)
                    Buckets: 131072  Batches: 16  Memory Usage: 2476kB
                    ->  Seq Scan on title t  (cost=0.00..67604.59 rows=667531 width=4) (actual time=0.252..1085.937 rows=662825 loops=1)
                          Filter: (kind_id = 1)
                          Rows Removed by Filter: 1865487
Planning time: 0.743 ms
Execution time: 9474.187 ms
