Hash Join  (cost=83074.74..110002.76 rows=45 width=0) (actual time=1302.046..1838.337 rows=1324 loops=1)
  Hash Cond: (mi_idx.movie_id = t.id)
  ->  Seq Scan on movie_info_idx mi_idx  (cost=0.00..25185.44 rows=464566 width=4) (actual time=0.026..461.960 rows=459925 loops=1)
        Filter: (info_type_id = 101)
        Rows Removed by Filter: 920110
  ->  Hash  (cost=83071.67..83071.67 rows=246 width=8) (actual time=1300.643..1300.643 rows=1508 loops=1)
        Buckets: 2048 (originally 1024)  Batches: 1 (originally 1)  Memory Usage: 75kB
        ->  Nested Loop  (cost=0.43..83071.67 rows=246 width=8) (actual time=0.609..1299.560 rows=1508 loops=1)
              ->  Seq Scan on movie_keyword mk  (cost=0.00..81003.12 rows=246 width=4) (actual time=0.554..1204.705 rows=1508 loops=1)
                    Filter: (keyword_id = 843)
                    Rows Removed by Filter: 4522422
              ->  Index Only Scan using title_pkey on title t  (cost=0.43..8.40 rows=1 width=4) (actual time=0.061..0.062 rows=1 loops=1508)
                    Index Cond: (id = mk.movie_id)
                    Heap Fetches: 1508
Planning time: 1.165 ms
Execution time: 1838.765 ms
