Seq Scan on movie_keyword mk  (cost=0.00..81003.12 rows=246 width=0) (actual time=9.319..1082.225 rows=921 loops=1)
  Filter: (keyword_id = 5558)
  Rows Removed by Filter: 4523009
Planning time: 0.357 ms
Execution time: 1082.669 ms
