Seq Scan on movie_keyword mk  (cost=0.00..81003.12 rows=3003982 width=0) (actual time=0.021..1487.451 rows=2991235 loops=1)
  Filter: (keyword_id > 2230)
  Rows Removed by Filter: 1532695
Planning time: 0.314 ms
Execution time: 1847.573 ms
