Seq Scan on movie_companies mc  (cost=0.00..51404.11 rows=94046 width=0) (actual time=579.479..923.215 rows=94498 loops=1)
  Filter: (company_id > 160904)
  Rows Removed by Filter: 2514631
Planning time: 0.323 ms
Execution time: 933.911 ms
