Hash Join  (cost=67697.55..94648.62 rows=4059 width=0) (actual time=1088.967..1731.915 rows=8968 loops=1)
  Hash Cond: (mi_idx.movie_id = t.id)
  ->  Seq Scan on movie_info_idx mi_idx  (cost=0.00..21735.35 rows=1380035 width=4) (actual time=0.014..335.284 rows=1380035 loops=1)
  ->  Hash  (cost=67604.59..67604.59 rows=7437 width=4) (actual time=1088.389..1088.389 rows=14442 loops=1)
        Buckets: 16384 (originally 8192)  Batches: 1 (originally 1)  Memory Usage: 636kB
        ->  Seq Scan on title t  (cost=0.00..67604.59 rows=7437 width=4) (actual time=0.097..1081.618 rows=14442 loops=1)
              Filter: (production_year = 1971)
              Rows Removed by Filter: 2513870
Planning time: 0.807 ms
Execution time: 1733.414 ms
