Hash Join  (cost=207339.48..1194476.81 rows=2392769 width=0) (actual time=8486.540..33467.024 rows=13203158 loops=1)
  Hash Cond: (ci.movie_id = t.id)
  ->  Seq Scan on cast_info ci  (cost=0.00..705507.15 rows=20021102 width=4) (actual time=3283.802..14083.178 rows=20160863 loops=1)
        Filter: (person_id > 1592593)
        Rows Removed by Filter: 16083481
  ->  Hash  (cost=202381.10..202381.10 rows=302190 width=8) (actual time=5199.285..5199.285 rows=992274 loops=1)
        Buckets: 131072 (originally 131072)  Batches: 16 (originally 4)  Memory Usage: 3524kB
        ->  Hash Join  (cost=76697.17..202381.10 rows=302190 width=8) (actual time=1257.117..4928.589 rows=992274 loops=1)
              Hash Cond: (mk.movie_id = t.id)
              ->  Seq Scan on movie_keyword mk  (cost=0.00..69693.30 rows=4523930 width=4) (actual time=0.789..1232.447 rows=4523930 loops=1)
              ->  Hash  (cost=73925.90..73925.90 rows=168901 width=4) (actual time=1255.278..1255.278 rows=269915 loops=1)
                    Buckets: 131072  Batches: 4  Memory Usage: 3407kB
                    ->  Seq Scan on title t  (cost=0.00..73925.90 rows=168901 width=4) (actual time=0.057..1162.684 rows=269915 loops=1)
                          Filter: ((kind_id < 7) AND (production_year < 1974))
                          Rows Removed by Filter: 2258397
Planning time: 4.478 ms
Execution time: 35022.143 ms
