Seq Scan on cast_info ci  (cost=0.00..796071.18 rows=270584 width=0) (actual time=4238.771..10589.039 rows=489020 loops=1)
  Filter: ((person_id < 70354) AND (role_id = 1))
  Rows Removed by Filter: 35755324
Planning time: 0.433 ms
Execution time: 10639.848 ms
