Hash Join  (cost=80493.69..150283.65 rows=202566 width=0) (actual time=1574.754..3362.684 rows=541142 loops=1)
  Hash Cond: (mc.movie_id = t.id)
  ->  Seq Scan on movie_companies mc  (cost=0.00..51404.11 rows=1279517 width=4) (actual time=105.913..1087.396 rows=1274246 loops=1)
        Filter: (company_type_id < 2)
        Rows Removed by Filter: 1334883
  ->  Hash  (cost=73925.90..73925.90 rows=400303 width=4) (actual time=1467.840..1467.840 rows=500611 loops=1)
        Buckets: 131072  Batches: 8  Memory Usage: 3236kB
        ->  Seq Scan on title t  (cost=0.00..73925.90 rows=400303 width=4) (actual time=0.095..1306.827 rows=500611 loops=1)
              Filter: ((kind_id < 7) AND (production_year < 2000))
              Rows Removed by Filter: 2027701
Planning time: 0.772 ms
Execution time: 3421.757 ms
