Seq Scan on movie_keyword mk  (cost=0.00..81003.12 rows=1344158 width=0) (actual time=0.026..1281.829 rows=1354866 loops=1)
  Filter: (keyword_id > 12441)
  Rows Removed by Filter: 3169064
Planning time: 2.749 ms
Execution time: 1451.563 ms
