Hash Join  (cost=1022738.16..1714633.73 rows=16423584 width=0) (actual time=22468.878..65315.394 rows=99188493 loops=1)
  Hash Cond: (mi.movie_id = t.id)
  ->  Seq Scan on movie_info mi  (cost=0.00..309384.22 rows=14739122 width=4) (actual time=0.020..6335.988 rows=14835720 loops=1)
  ->  Hash  (cost=976513.41..976513.41 rows=2817500 width=8) (actual time=22467.056..22467.056 rows=6379997 loops=1)
        Buckets: 131072 (originally 131072)  Batches: 128 (originally 64)  Memory Usage: 3073kB
        ->  Hash Join  (cost=102767.86..976513.41 rows=2817500 width=8) (actual time=5393.582..20260.969 rows=6379997 loops=1)
              Hash Cond: (ci.movie_id = t.id)
              ->  Seq Scan on cast_info ci  (cost=0.00..796071.18 rows=2817500 width=4) (actual time=3718.692..12781.056 rows=6379997 loops=1)
                    Filter: ((person_id > 3016143) AND (role_id > 2))
                    Rows Removed by Filter: 29864347
              ->  Hash  (cost=61283.27..61283.27 rows=2528527 width=4) (actual time=1672.753..1672.753 rows=2528312 loops=1)
                    Buckets: 131072  Batches: 64  Memory Usage: 2415kB
                    ->  Seq Scan on title t  (cost=0.00..61283.27 rows=2528527 width=4) (actual time=0.025..903.598 rows=2528312 loops=1)
Planning time: 1.157 ms
Execution time: 76729.931 ms
