Hash Join  (cost=102060.53..157004.27 rows=27821 width=0) (actual time=1888.123..3124.293 rows=86703 loops=1)
  Hash Cond: (mc.movie_id = t.id)
  ->  Seq Scan on movie_companies mc  (cost=0.00..44881.29 rows=2609129 width=4) (actual time=0.013..586.604 rows=2609129 loops=1)
  ->  Hash  (cost=101723.51..101723.51 rows=26962 width=8) (actual time=1887.568..1887.568 rows=27375 loops=1)
        Buckets: 32768  Batches: 1  Memory Usage: 1326kB
        ->  Hash Join  (cost=74543.40..101723.51 rows=26962 width=8) (actual time=1164.302..1877.976 rows=27375 loops=1)
              Hash Cond: (mi_idx.movie_id = t.id)
              ->  Seq Scan on movie_info_idx mi_idx  (cost=0.00..21735.35 rows=1380035 width=4) (actual time=0.033..362.153 rows=1380035 loops=1)
              ->  Hash  (cost=73925.90..73925.90 rows=49400 width=4) (actual time=1163.871..1163.871 rows=45100 loops=1)
                    Buckets: 65536  Batches: 1  Memory Usage: 2098kB
                    ->  Seq Scan on title t  (cost=0.00..73925.90 rows=49400 width=4) (actual time=0.033..1144.124 rows=45100 loops=1)
                          Filter: ((kind_id < 3) AND (production_year = 2012))
                          Rows Removed by Filter: 2483212
Planning time: 0.755 ms
Execution time: 3136.265 ms
