Hash Join  (cost=94555.35..243966.17 rows=2249678 width=0) (actual time=2076.827..5646.662 rows=559164 loops=1)
  Hash Cond: (mk.movie_id = t.id)
  ->  Seq Scan on movie_keyword mk  (cost=0.00..69693.30 rows=4523930 width=4) (actual time=0.021..1419.537 rows=4523930 loops=1)
  ->  Hash  (cost=73925.90..73925.90 rows=1257396 width=4) (actual time=1931.200..1931.200 rows=1340616 loops=1)
        Buckets: 131072  Batches: 32  Memory Usage: 2508kB
        ->  Seq Scan on title t  (cost=0.00..73925.90 rows=1257396 width=4) (actual time=202.233..1471.081 rows=1340616 loops=1)
              Filter: ((production_year > 1971) AND (kind_id = 7))
              Rows Removed by Filter: 1187696
Planning time: 0.738 ms
Execution time: 5710.902 ms
