Seq Scan on movie_companies mc  (cost=0.00..51404.11 rows=2014072 width=0) (actual time=0.066..974.672 rows=2016853 loops=1)
  Filter: (company_id > 680)
  Rows Removed by Filter: 592276
Planning time: 0.324 ms
Execution time: 1235.470 ms
