Seq Scan on title t  (cost=0.00..73925.90 rows=865315 width=0) (actual time=0.026..1103.859 rows=778683 loops=1)
  Filter: ((kind_id < 7) AND (production_year > 1960))
  Rows Removed by Filter: 1749629
Planning time: 0.309 ms
Execution time: 1210.056 ms
