Nested Loop  (cost=61216.99..853057.54 rows=22121 width=0) (actual time=1510.832..12996.555 rows=37223 loops=1)
  ->  Hash Join  (cost=61216.56..811261.86 rows=55109 width=8) (actual time=1510.741..12375.295 rows=37223 loops=1)
        Hash Cond: (ci.movie_id = mc.movie_id)
        ->  Seq Scan on cast_info ci  (cost=0.00..705507.15 rows=93527 width=4) (actual time=399.745..11102.830 rows=84435 loops=1)
              Filter: (person_id < 9664)
              Rows Removed by Filter: 36159909
        ->  Hash  (cost=51404.11..51404.11 rows=598036 width=4) (actual time=1109.943..1109.943 rows=603541 loops=1)
              Buckets: 131072  Batches: 8  Memory Usage: 3687kB
              ->  Seq Scan on movie_companies mc  (cost=0.00..51404.11 rows=598036 width=4) (actual time=0.040..929.351 rows=603541 loops=1)
                    Filter: (company_id > 66583)
                    Rows Removed by Filter: 2005588
  ->  Index Only Scan using title_pkey on title t  (cost=0.43..0.75 rows=1 width=4) (actual time=0.016..0.016 rows=1 loops=37223)
        Index Cond: (id = mc.movie_id)
        Heap Fetches: 37223
Planning time: 1.073 ms
Execution time: 13005.108 ms
