Hash Join  (cost=153686.67..1059245.26 rows=896670 width=0) (actual time=3214.427..24812.699 rows=2987677 loops=1)
  Hash Cond: (ci.movie_id = t.id)
  ->  Seq Scan on cast_info ci  (cost=0.00..705507.15 rows=16479663 width=4) (actual time=0.015..13480.026 rows=16329584 loops=1)
        Filter: (person_id < 1617580)
        Rows Removed by Filter: 19914760
  ->  Hash  (cost=151428.93..151428.93 rows=137579 width=8) (actual time=3213.815..3213.815 rows=251246 loops=1)
        Buckets: 131072 (originally 131072)  Batches: 4 (originally 2)  Memory Usage: 3473kB
        ->  Hash Join  (cost=84197.31..151428.93 rows=137579 width=8) (actual time=1818.942..3130.929 rows=251246 loops=1)
              Hash Cond: (mc.movie_id = t.id)
              ->  Seq Scan on movie_companies mc  (cost=0.00..57926.93 rows=343972 width=4) (actual time=195.614..930.701 rows=652231 loops=1)
                    Filter: ((company_id > 48699) AND (company_type_id = 2))
                    Rows Removed by Filter: 1956898
              ->  Hash  (cost=67604.59..67604.59 rows=1011338 width=4) (actual time=1622.489..1622.489 rows=1012920 loops=1)
                    Buckets: 131072  Batches: 16  Memory Usage: 3250kB
                    ->  Seq Scan on title t  (cost=0.00..67604.59 rows=1011338 width=4) (actual time=0.023..1286.158 rows=1012920 loops=1)
                          Filter: (production_year > 2005)
                          Rows Removed by Filter: 1515392
Planning time: 0.801 ms
Execution time: 25149.117 ms
