Seq Scan on movie_companies mc  (cost=0.00..51404.11 rows=1190327 width=0) (actual time=0.020..879.959 rows=1185115 loops=1)
  Filter: (company_id < 10356)
  Rows Removed by Filter: 1424014
Planning time: 9.012 ms
Execution time: 1030.652 ms
