Hash Join  (cost=52284.34..79198.46 rows=2 width=0) (actual time=770.965..1316.616 rows=92 loops=1)
  Hash Cond: (mi_idx.movie_id = t.id)
  ->  Seq Scan on movie_info_idx mi_idx  (cost=0.00..25185.44 rows=460978 width=4) (actual time=0.031..478.096 rows=459925 loops=1)
        Filter: (info_type_id < 100)
        Rows Removed by Filter: 920110
  ->  Hash  (cost=52284.21..52284.21 rows=10 width=8) (actual time=769.962..769.962 rows=230 loops=1)
        Buckets: 1024  Batches: 1  Memory Usage: 17kB
        ->  Nested Loop  (cost=0.43..52284.21 rows=10 width=8) (actual time=129.982..769.791 rows=230 loops=1)
              ->  Seq Scan on movie_companies mc  (cost=0.00..51404.11 rows=104 width=4) (actual time=120.866..763.033 rows=288 loops=1)
                    Filter: (company_id = 12871)
                    Rows Removed by Filter: 2608841
              ->  Index Scan using title_pkey on title t  (cost=0.43..8.45 rows=1 width=4) (actual time=0.022..0.022 rows=1 loops=288)
                    Index Cond: (id = mc.movie_id)
                    Filter: ((kind_id < 7) AND (production_year < 1985))
                    Rows Removed by Filter: 0
Planning time: 1.285 ms
Execution time: 1316.807 ms
