Seq Scan on movie_keyword mk  (cost=0.00..81003.12 rows=246 width=0) (actual time=1.156..825.299 rows=898 loops=1)
  Filter: (keyword_id = 1411)
  Rows Removed by Filter: 4523032
Planning time: 0.243 ms
Execution time: 825.607 ms
