Seq Scan on cast_info ci  (cost=0.00..705507.15 rows=500 width=0) (actual time=26.835..9098.382 rows=2600 loops=1)
  Filter: (person_id = 1499363)
  Rows Removed by Filter: 36241744
Planning time: 0.340 ms
Execution time: 9098.827 ms
