Hash Join  (cost=28270.40..124037.57 rows=573 width=0) (actual time=590.171..2596.757 rows=36077 loops=1)
  Hash Cond: (mk.movie_id = t.id)
  ->  Seq Scan on movie_keyword mk  (cost=0.00..81003.12 rows=3935551 width=4) (actual time=0.024..1629.568 rows=3927217 loops=1)
        Filter: (keyword_id > 434)
        Rows Removed by Filter: 596713
  ->  Hash  (cost=28265.80..28265.80 rows=368 width=8) (actual time=419.902..419.902 rows=260 loops=1)
        Buckets: 1024  Batches: 1  Memory Usage: 19kB
        ->  Nested Loop  (cost=0.43..28265.80 rows=368 width=8) (actual time=236.877..419.775 rows=260 loops=1)
              ->  Seq Scan on movie_info_idx mi_idx  (cost=0.00..25185.44 rows=368 width=4) (actual time=236.762..410.826 rows=260 loops=1)
                    Filter: (info_type_id > 101)
                    Rows Removed by Filter: 1379775
              ->  Index Only Scan using title_pkey on title t  (cost=0.43..8.36 rows=1 width=4) (actual time=0.033..0.034 rows=1 loops=260)
                    Index Cond: (id = mi_idx.movie_id)
                    Heap Fetches: 260
Planning time: 1.173 ms
Execution time: 2601.386 ms
