Hash Join  (cost=429181.18..456243.89 rows=15223 width=0) (actual time=6698.209..7625.157 rows=191912 loops=1)
  Hash Cond: (mi_idx.movie_id = t.id)
  ->  Seq Scan on movie_info_idx mi_idx  (cost=0.00..21735.35 rows=1380035 width=4) (actual time=0.033..283.777 rows=1380035 loops=1)
  ->  Hash  (cost=428832.53..428832.53 rows=27892 width=8) (actual time=6697.874..6697.874 rows=210490 loops=1)
        Buckets: 131072 (originally 32768)  Batches: 4 (originally 1)  Memory Usage: 3080kB
        ->  Hash Join  (cost=76489.43..428832.53 rows=27892 width=8) (actual time=2233.454..6629.171 rows=210490 loops=1)
              Hash Cond: (mi.movie_id = t.id)
              ->  Seq Scan on movie_info mi  (cost=0.00..346232.03 rows=451508 width=4) (actual time=837.368..5040.820 rows=474443 loops=1)
                    Filter: (info_type_id = 6)
                    Rows Removed by Filter: 14361277
              ->  Hash  (cost=73925.90..73925.90 rows=156202 width=4) (actual time=1284.534..1284.534 rows=291648 loops=1)
                    Buckets: 131072  Batches: 4  Memory Usage: 3596kB
                    ->  Seq Scan on title t  (cost=0.00..73925.90 rows=156202 width=4) (actual time=0.029..1186.348 rows=291648 loops=1)
                          Filter: ((production_year < 1985) AND (kind_id = 1))
                          Rows Removed by Filter: 2236664
Planning time: 2.054 ms
Execution time: 7644.639 ms
