Hash Join  (cost=190230.21..310190.44 rows=1076302 width=0) (actual time=4652.327..8430.823 rows=4573015 loops=1)
  Hash Cond: (mk.movie_id = t.id)
  ->  Seq Scan on movie_keyword mk  (cost=0.00..81003.12 rows=1972022 width=4) (actual time=0.030..1582.966 rows=1981036 loops=1)
        Filter: (keyword_id > 6380)
        Rows Removed by Filter: 2542894
  ->  Hash  (cost=167588.78..167588.78 rows=1380035 width=8) (actual time=4649.674..4649.674 rows=1380035 loops=1)
        Buckets: 131072  Batches: 32  Memory Usage: 2726kB
        ->  Hash Join  (cost=102767.86..167588.78 rows=1380035 width=8) (actual time=2208.181..4216.676 rows=1380035 loops=1)
              Hash Cond: (mi_idx.movie_id = t.id)
              ->  Seq Scan on movie_info_idx mi_idx  (cost=0.00..21735.35 rows=1380035 width=4) (actual time=0.020..422.117 rows=1380035 loops=1)
              ->  Hash  (cost=61283.27..61283.27 rows=2528527 width=4) (actual time=2206.705..2206.705 rows=2528312 loops=1)
                    Buckets: 131072  Batches: 64  Memory Usage: 2415kB
                    ->  Seq Scan on title t  (cost=0.00..61283.27 rows=2528527 width=4) (actual time=0.010..1098.794 rows=2528312 loops=1)
Planning time: 1.043 ms
Execution time: 8939.799 ms
