Seq Scan on cast_info ci  (cost=0.00..796071.18 rows=9426068 width=0) (actual time=6344.862..14969.367 rows=12670688 loops=1)
  Filter: ((person_id < 2765340) AND (role_id = 1))
  Rows Removed by Filter: 23573656
Planning time: 0.412 ms
Execution time: 16499.600 ms
