Seq Scan on movie_companies mc  (cost=0.00..51404.11 rows=2576730 width=0) (actual time=0.008..1122.950 rows=2577961 loops=1)
  Filter: (company_id < 206737)
  Rows Removed by Filter: 31168
Planning time: 0.346 ms
Execution time: 1445.317 ms
