Seq Scan on title t  (cost=0.00..67604.59 rows=1649457 width=0) (actual time=0.012..1226.973 rows=1643514 loops=1)
  Filter: (production_year > 1994)
  Rows Removed by Filter: 884798
Planning time: 1.716 ms
Execution time: 1433.784 ms
