Seq Scan on cast_info ci  (cost=0.00..705507.15 rows=174937 width=0) (actual time=9937.195..10805.811 rows=200122 loops=1)
  Filter: (person_id > 4026798)
  Rows Removed by Filter: 36044222
Planning time: 0.329 ms
Execution time: 10831.622 ms
