Hash Join  (cost=445012.17..582514.01 rows=425900 width=0) (actual time=7928.764..12796.906 rows=3540371 loops=1)
  Hash Cond: (mk.movie_id = t.id)
  ->  Seq Scan on movie_keyword mk  (cost=0.00..81003.12 rows=4435924 width=4) (actual time=0.022..1975.793 rows=4437934 loops=1)
        Filter: (keyword_id < 86051)
        Rows Removed by Filter: 85996
  ->  Hash  (cost=441028.57..441028.57 rows=242768 width=8) (actual time=7927.807..7927.807 rows=493670 loops=1)
        Buckets: 131072 (originally 131072)  Batches: 8 (originally 4)  Memory Usage: 3467kB
        ->  Hash Join  (cost=80042.24..441028.57 rows=242768 width=8) (actual time=6550.855..7794.764 rows=493670 loops=1)
              Hash Cond: (mi.movie_id = t.id)
              ->  Seq Scan on movie_info mi  (cost=0.00..346232.03 rows=809768 width=4) (actual time=4976.824..5620.169 rows=802140 loops=1)
                    Filter: (info_type_id < 2)
                    Rows Removed by Filter: 14033580
              ->  Hash  (cost=67604.59..67604.59 rows=758052 width=4) (actual time=1573.176..1573.176 rows=753677 loops=1)
                    Buckets: 131072  Batches: 16  Memory Usage: 2686kB
                    ->  Seq Scan on title t  (cost=0.00..67604.59 rows=758052 width=4) (actual time=0.030..1322.973 rows=753677 loops=1)
                          Filter: (kind_id < 3)
                          Rows Removed by Filter: 1774635
Planning time: 1.106 ms
Execution time: 13170.062 ms
