Hash Join  (cost=116762.24..948319.32 rows=104538 width=0) (actual time=8606.414..18967.404 rows=386539 loops=1)
  Hash Cond: (ci.movie_id = t.id)
  ->  Seq Scan on cast_info ci  (cost=0.00..796071.18 rows=2948141 width=4) (actual time=6190.190..15038.018 rows=3881022 loops=1)
        Filter: ((person_id > 1121934) AND (role_id = 10))
        Rows Removed by Filter: 32363322
  ->  Hash  (cost=115290.50..115290.50 rows=89659 width=8) (actual time=2413.711..2413.711 rows=49179 loops=1)
        Buckets: 131072  Batches: 2  Memory Usage: 1983kB
        ->  Hash Join  (cost=81925.97..115290.50 rows=89659 width=8) (actual time=1497.226..2395.734 rows=49179 loops=1)
              Hash Cond: (mi_idx.movie_id = t.id)
              ->  Seq Scan on movie_info_idx mi_idx  (cost=0.00..25185.44 rows=464934 width=4) (actual time=0.029..578.026 rows=460185 loops=1)
                    Filter: (info_type_id > 100)
                    Rows Removed by Filter: 919850
              ->  Hash  (cost=73925.90..73925.90 rows=487605 width=4) (actual time=1495.965..1495.965 rows=501779 loops=1)
                    Buckets: 131072  Batches: 8  Memory Usage: 3231kB
                    ->  Seq Scan on title t  (cost=0.00..73925.90 rows=487605 width=4) (actual time=0.027..1323.811 rows=501779 loops=1)
                          Filter: ((kind_id > 1) AND (production_year > 2008))
                          Rows Removed by Filter: 2026533
Planning time: 1.155 ms
Execution time: 19019.360 ms
