Hash Join  (cost=196592.08..338888.08 rows=1665696 width=0) (actual time=4339.815..8299.502 rows=1599094 loops=1)
  Hash Cond: (mk.movie_id = t.id)
  ->  Seq Scan on movie_keyword mk  (cost=0.00..69693.30 rows=4523930 width=4) (actual time=0.027..1559.504 rows=4523930 loops=1)
  ->  Hash  (cost=181317.65..181317.65 rows=930995 width=8) (actual time=4338.484..4338.484 rows=595982 loops=1)
        Buckets: 131072  Batches: 16  Memory Usage: 2478kB
        ->  Hash Join  (cost=96651.52..181317.65 rows=930995 width=8) (actual time=2211.769..4144.271 rows=595982 loops=1)
              Hash Cond: (mc.movie_id = t.id)
              ->  Seq Scan on movie_companies mc  (cost=0.00..51404.11 rows=1329612 width=4) (actual time=303.699..1010.921 rows=1334883 loops=1)
                    Filter: (company_type_id > 1)
                    Rows Removed by Filter: 1274246
              ->  Hash  (cost=67604.59..67604.59 rows=1770475 width=4) (actual time=1906.855..1906.855 rows=1774635 loops=1)
                    Buckets: 131072  Batches: 32  Memory Usage: 2978kB
                    ->  Seq Scan on title t  (cost=0.00..67604.59 rows=1770475 width=4) (actual time=0.021..1333.362 rows=1774635 loops=1)
                          Filter: (kind_id > 2)
                          Rows Removed by Filter: 753677
Planning time: 1.178 ms
Execution time: 8485.279 ms
