Seq Scan on cast_info ci  (cost=0.00..796071.18 rows=10553767 width=0) (actual time=10.948..13245.843 rows=4502145 loops=1)
  Filter: ((person_id < 1598700) AND (role_id > 1))
  Rows Removed by Filter: 31742199
Planning time: 0.321 ms
Execution time: 13808.349 ms
