Hash Join  (cost=67697.55..96341.54 rows=2692 width=0) (actual time=1033.675..1770.547 rows=494 loops=1)
  Hash Cond: (mi_idx.movie_id = t.id)
  ->  Seq Scan on movie_info_idx mi_idx  (cost=0.00..25185.44 rows=915101 width=4) (actual time=0.029..565.383 rows=919850 loops=1)
        Filter: (info_type_id < 101)
        Rows Removed by Filter: 460185
  ->  Hash  (cost=67604.59..67604.59 rows=7437 width=4) (actual time=1021.494..1021.494 rows=8125 loops=1)
        Buckets: 8192  Batches: 1  Memory Usage: 350kB
        ->  Seq Scan on title t  (cost=0.00..67604.59 rows=7437 width=4) (actual time=4.423..1018.109 rows=8125 loops=1)
              Filter: (production_year = 1914)
              Rows Removed by Filter: 2520187
Planning time: 0.710 ms
Execution time: 1770.806 ms
