Hash Join  (cost=82213.80..142731.59 rows=105160 width=0) (actual time=1773.199..2767.817 rows=193756 loops=1)
  Hash Cond: (mc.movie_id = t.id)
  ->  Seq Scan on movie_companies mc  (cost=0.00..51404.11 rows=526419 width=4) (actual time=360.238..1004.274 rows=530289 loops=1)
        Filter: (company_id > 72717)
        Rows Removed by Filter: 2078840
  ->  Hash  (cost=73925.90..73925.90 rows=505112 width=4) (actual time=1412.104..1412.104 rows=392485 loops=1)
        Buckets: 131072  Batches: 8  Memory Usage: 2748kB
        ->  Seq Scan on title t  (cost=0.00..73925.90 rows=505112 width=4) (actual time=0.037..1284.229 rows=392485 loops=1)
              Filter: ((kind_id < 4) AND (production_year > 1998))
              Rows Removed by Filter: 2135827
Planning time: 0.733 ms
Execution time: 2790.503 ms
