Hash Join  (cost=67697.55..127244.48 rows=6337 width=0) (actual time=822.007..2149.178 rows=16602 loops=1)
  Hash Cond: (mc.movie_id = t.id)
  ->  Seq Scan on movie_companies mc  (cost=0.00..51404.11 rows=2154519 width=4) (actual time=0.018..918.679 rows=2151394 loops=1)
        Filter: (company_id < 76734)
        Rows Removed by Filter: 457735
  ->  Hash  (cost=67604.59..67604.59 rows=7437 width=4) (actual time=821.893..821.893 rows=14770 loops=1)
        Buckets: 16384 (originally 8192)  Batches: 1 (originally 1)  Memory Usage: 648kB
        ->  Seq Scan on title t  (cost=0.00..67604.59 rows=7437 width=4) (actual time=0.106..816.319 rows=14770 loops=1)
              Filter: (production_year = 1982)
              Rows Removed by Filter: 2513542
Planning time: 0.760 ms
Execution time: 2151.873 ms
