Hash Join  (cost=67697.55..155667.96 rows=5422 width=0) (actual time=1073.137..2896.248 rows=13871 loops=1)
  Hash Cond: (mk.movie_id = t.id)
  ->  Seq Scan on movie_keyword mk  (cost=0.00..81003.12 rows=1843485 width=4) (actual time=0.015..1484.526 rows=1855843 loops=1)
        Filter: (keyword_id < 3089)
        Rows Removed by Filter: 2668087
  ->  Hash  (cost=67604.59..67604.59 rows=7437 width=4) (actual time=1072.815..1072.815 rows=13736 loops=1)
        Buckets: 16384 (originally 8192)  Batches: 1 (originally 1)  Memory Usage: 611kB
        ->  Seq Scan on title t  (cost=0.00..67604.59 rows=7437 width=4) (actual time=0.017..1066.003 rows=13736 loops=1)
              Filter: (production_year = 1974)
              Rows Removed by Filter: 2514576
Planning time: 0.558 ms
Execution time: 2898.495 ms
