Hash Join  (cost=207785.32..652507.46 rows=1036466 width=0) (actual time=4088.965..18187.537 rows=11619578 loops=1)
  Hash Cond: (mi.movie_id = t.id)
  ->  Seq Scan on movie_info mi  (cost=0.00..346232.03 rows=7503588 width=4) (actual time=14.851..6800.407 rows=7548855 loops=1)
        Filter: (info_type_id > 7)
        Rows Removed by Filter: 7286865
  ->  Hash  (cost=202054.52..202054.52 rows=349264 width=8) (actual time=4073.277..4073.277 rows=363692 loops=1)
        Buckets: 131072  Batches: 8  Memory Usage: 2859kB
        ->  Hash Join  (cost=102767.86..202054.52 rows=349264 width=8) (actual time=2065.405..3970.895 rows=363692 loops=1)
              Hash Cond: (mk.movie_id = t.id)
              ->  Seq Scan on movie_keyword mk  (cost=0.00..81003.12 rows=349264 width=4) (actual time=0.032..1271.231 rows=363692 loops=1)
                    Filter: (keyword_id < 335)
                    Rows Removed by Filter: 4160238
              ->  Hash  (cost=61283.27..61283.27 rows=2528527 width=4) (actual time=2063.651..2063.651 rows=2528312 loops=1)
                    Buckets: 131072  Batches: 64  Memory Usage: 2425kB
                    ->  Seq Scan on title t  (cost=0.00..61283.27 rows=2528527 width=4) (actual time=0.016..1156.156 rows=2528312 loops=1)
Planning time: 1.059 ms
Execution time: 19585.182 ms
