Hash Join  (cost=73982.55..431775.30 rows=5499 width=0) (actual time=3988.761..6287.266 rows=3359 loops=1)
  Hash Cond: (mi.movie_id = t.id)
  ->  Seq Scan on movie_info mi  (cost=0.00..346232.03 rows=3068194 width=4) (actual time=2913.257..4736.015 rows=3036719 loops=1)
        Filter: (info_type_id = 16)
        Rows Removed by Filter: 11799001
  ->  Hash  (cost=73925.90..73925.90 rows=4532 width=4) (actual time=1072.008..1072.008 rows=3303 loops=1)
        Buckets: 8192  Batches: 1  Memory Usage: 181kB
        ->  Seq Scan on title t  (cost=0.00..73925.90 rows=4532 width=4) (actual time=0.072..1070.178 rows=3303 loops=1)
              Filter: ((kind_id = 7) AND (production_year = 1952))
              Rows Removed by Filter: 2525009
Planning time: 0.817 ms
Execution time: 6287.836 ms
