Seq Scan on movie_companies mc  (cost=0.00..57926.93 rows=971678 width=0) (actual time=249.332..1128.500 rows=664624 loops=1)
  Filter: ((company_id < 44297) AND (company_type_id > 1))
  Rows Removed by Filter: 1944505
Planning time: 0.377 ms
Execution time: 1212.245 ms
