Hash Join  (cost=71408.55..919047.33 rows=1037610 width=0) (actual time=1110.321..19177.210 rows=1270709 loops=1)
  Hash Cond: (ci.movie_id = t.id)
  ->  Seq Scan on cast_info ci  (cost=0.00..705507.15 rows=11316675 width=4) (actual time=0.018..12640.155 rows=11310760 loops=1)
        Filter: (person_id > 2569445)
        Rows Removed by Filter: 24933584
  ->  Hash  (cost=67604.59..67604.59 rows=231837 width=4) (actual time=1109.545..1109.545 rows=231649 loops=1)
        Buckets: 131072  Batches: 4  Memory Usage: 3076kB
        ->  Seq Scan on title t  (cost=0.00..67604.59 rows=231837 width=4) (actual time=0.012..1027.270 rows=231649 loops=1)
              Filter: (production_year > 2011)
              Rows Removed by Filter: 2296663
Planning time: 1.465 ms
Execution time: 19330.103 ms
