Seq Scan on movie_keyword mk  (cost=0.00..81003.12 rows=1062938 width=0) (actual time=0.021..1496.220 rows=1072459 loops=1)
  Filter: (keyword_id > 16466)
  Rows Removed by Filter: 3451471
Planning time: 0.427 ms
Execution time: 1642.854 ms
