Hash Join  (cost=88295.76..171491.48 rows=809574 width=0) (actual time=1655.732..3890.537 rows=663808 loops=1)
  Hash Cond: (mc.movie_id = t.id)
  ->  Seq Scan on movie_companies mc  (cost=0.00..51404.11 rows=1623165 width=4) (actual time=0.016..1112.542 rows=1622371 loops=1)
        Filter: (company_id > 4535)
        Rows Removed by Filter: 986758
  ->  Hash  (cost=67604.59..67604.59 rows=1261134 width=4) (actual time=1654.753..1654.753 rows=1260295 loops=1)
        Buckets: 131072  Batches: 32  Memory Usage: 2413kB
        ->  Seq Scan on title t  (cost=0.00..67604.59 rows=1261134 width=4) (actual time=0.019..1249.533 rows=1260295 loops=1)
              Filter: (production_year > 2002)
              Rows Removed by Filter: 1268017
Planning time: 0.749 ms
Execution time: 3958.676 ms
