Hash Join  (cost=94403.79..249812.88 rows=2080260 width=0) (actual time=3679.423..6046.437 rows=535150 loops=1)
  Hash Cond: (mk.movie_id = t.id)
  ->  Seq Scan on movie_keyword mk  (cost=0.00..81003.12 rows=4214229 width=4) (actual time=0.022..1873.793 rows=4217540 loops=1)
        Filter: (keyword_id < 53039)
        Rows Removed by Filter: 306390
  ->  Hash  (cost=73925.90..73925.90 rows=1248151 width=4) (actual time=2042.731..2042.731 rows=1332982 loops=1)
        Buckets: 131072  Batches: 32  Memory Usage: 2499kB
        ->  Seq Scan on title t  (cost=0.00..73925.90 rows=1248151 width=4) (actual time=0.015..1427.235 rows=1332982 loops=1)
              Filter: ((production_year > 1972) AND (kind_id = 7))
              Rows Removed by Filter: 1195330
Planning time: 0.786 ms
Execution time: 6106.992 ms
