Hash Join  (cost=83074.74..447745.01 rows=1434 width=0) (actual time=1393.529..8166.480 rows=18309 loops=1)
  Hash Cond: (mi.movie_id = t.id)
  ->  Seq Scan on movie_info mi  (cost=0.00..309384.22 rows=14739122 width=4) (actual time=0.009..4091.245 rows=14835720 loops=1)
  ->  Hash  (cost=83071.67..83071.67 rows=246 width=8) (actual time=1389.753..1389.753 rows=255 loops=1)
        Buckets: 1024  Batches: 1  Memory Usage: 18kB
        ->  Nested Loop  (cost=0.43..83071.67 rows=246 width=8) (actual time=11.600..1389.447 rows=255 loops=1)
              ->  Seq Scan on movie_keyword mk  (cost=0.00..81003.12 rows=246 width=4) (actual time=11.516..1375.192 rows=255 loops=1)
                    Filter: (keyword_id = 16224)
                    Rows Removed by Filter: 4523675
              ->  Index Only Scan using title_pkey on title t  (cost=0.43..8.40 rows=1 width=4) (actual time=0.052..0.053 rows=1 loops=255)
                    Index Cond: (id = mk.movie_id)
                    Heap Fetches: 255
Planning time: 1.102 ms
Execution time: 8169.809 ms
