Hash Join  (cost=83677.01..461086.80 rows=487467 width=0) (actual time=3944.227..8715.596 rows=336344 loops=1)
  Hash Cond: (mi.movie_id = t.id)
  ->  Seq Scan on movie_info mi  (cost=0.00..346232.03 rows=2073893 width=4) (actual time=2168.902..5752.464 rows=2091068 loops=1)
        Filter: (info_type_id < 3)
        Rows Removed by Filter: 12744652
  ->  Hash  (cost=73925.90..73925.90 rows=594328 width=4) (actual time=1774.397..1774.397 rows=470614 loops=1)
        Buckets: 131072  Batches: 8  Memory Usage: 3088kB
        ->  Seq Scan on title t  (cost=0.00..73925.90 rows=594328 width=4) (actual time=0.026..1387.227 rows=470614 loops=1)
              Filter: ((kind_id > 2) AND (production_year < 1996))
              Rows Removed by Filter: 2057698
Planning time: 0.786 ms
Execution time: 8762.596 ms
