Hash Join  (cost=174865.45..251880.22 rows=525284 width=0) (actual time=3986.440..6168.882 rows=1380942 loops=1)
  Hash Cond: (mc.movie_id = t.id)
  ->  Seq Scan on movie_companies mc  (cost=0.00..51404.11 rows=1451418 width=4) (actual time=0.028..1073.520 rows=1455919 loops=1)
        Filter: (company_id > 9132)
        Rows Removed by Filter: 1153210
  ->  Hash  (cost=159851.69..159851.69 rows=915101 width=8) (actual time=3985.432..3985.432 rows=919850 loops=1)
        Buckets: 131072  Batches: 16  Memory Usage: 3269kB
        ->  Hash Join  (cost=102767.86..159851.69 rows=915101 width=8) (actual time=2012.358..3719.498 rows=919850 loops=1)
              Hash Cond: (mi_idx.movie_id = t.id)
              ->  Seq Scan on movie_info_idx mi_idx  (cost=0.00..25185.44 rows=915101 width=4) (actual time=0.022..531.822 rows=919850 loops=1)
                    Filter: (info_type_id < 101)
                    Rows Removed by Filter: 460185
              ->  Hash  (cost=61283.27..61283.27 rows=2528527 width=4) (actual time=2011.514..2011.514 rows=2528312 loops=1)
                    Buckets: 131072  Batches: 64  Memory Usage: 2415kB
                    ->  Seq Scan on title t  (cost=0.00..61283.27 rows=2528527 width=4) (actual time=0.018..1157.044 rows=2528312 loops=1)
Planning time: 1.233 ms
Execution time: 6308.194 ms
