Seq Scan on cast_info ci  (cost=0.00..705507.15 rows=19232269 width=0) (actual time=0.035..11660.636 rows=19375334 loops=1)
  Filter: (person_id > 1667397)
  Rows Removed by Filter: 16869010
Planning time: 0.402 ms
Execution time: 13926.847 ms
