Hash Join  (cost=637245.23..1792244.64 rows=16366676 width=0) (actual time=15378.773..38399.628 rows=17937906 loops=1)
  Hash Cond: (ci.movie_id = t.id)
  ->  Seq Scan on cast_info ci  (cost=0.00..796071.18 rows=11861662 width=4) (actual time=0.015..14318.846 rows=5501935 loops=1)
        Filter: ((person_id < 1804384) AND (role_id > 1))
        Rows Removed by Filter: 30742409
  ->  Hash  (cost=580005.58..580005.58 rows=3488852 width=8) (actual time=15377.564..15377.564 rows=2729512 loops=1)
        Buckets: 131072  Batches: 64  Memory Usage: 2702kB
        ->  Hash Join  (cost=82423.69..580005.58 rows=3488852 width=8) (actual time=1440.033..14581.082 rows=2729512 loops=1)
              Hash Cond: (mi.movie_id = t.id)
              ->  Seq Scan on movie_info mi  (cost=0.00..346232.03 rows=9767026 width=4) (actual time=0.013..6704.569 rows=9911754 loops=1)
                    Filter: (info_type_id > 4)
                    Rows Removed by Filter: 4923966
              ->  Hash  (cost=67604.59..67604.59 rows=903208 width=4) (actual time=1439.193..1439.193 rows=904491 loops=1)
                    Buckets: 131072  Batches: 16  Memory Usage: 3017kB
                    ->  Seq Scan on title t  (cost=0.00..67604.59 rows=903208 width=4) (actual time=0.014..1141.027 rows=904491 loops=1)
                          Filter: (production_year > 2006)
                          Rows Removed by Filter: 1623821
Planning time: 1.264 ms
Execution time: 40531.553 ms
