Hash Join  (cost=104071.89..198309.38 rows=1124154 width=0) (actual time=2220.888..4867.861 rows=1005739 loops=1)
  Hash Cond: (mc.movie_id = t.id)
  ->  Seq Scan on movie_companies mc  (cost=0.00..57926.93 rows=1278804 width=4) (actual time=0.021..1245.176 rows=1234366 loops=1)
        Filter: ((company_id < 157204) AND (company_type_id > 1))
        Rows Removed by Filter: 1374763
  ->  Hash  (cost=67604.59..67604.59 rows=2222744 width=4) (actual time=2219.858..2219.858 rows=2214818 loops=1)
        Buckets: 131072  Batches: 32  Memory Usage: 3459kB
        ->  Seq Scan on title t  (cost=0.00..67604.59 rows=2222744 width=4) (actual time=0.008..1493.957 rows=2214818 loops=1)
              Filter: (production_year > 1959)
              Rows Removed by Filter: 313494
Planning time: 0.537 ms
Execution time: 4991.194 ms
