Hash Join  (cost=83074.74..138391.96 rows=101 width=0) (actual time=1280.278..2350.650 rows=2922 loops=1)
  Hash Cond: (mc.movie_id = t.id)
  ->  Seq Scan on movie_companies mc  (cost=0.00..51404.11 rows=1043224 width=4) (actual time=0.026..917.829 rows=1041269 loops=1)
        Filter: (company_id < 5985)
        Rows Removed by Filter: 1567860
  ->  Hash  (cost=83071.67..83071.67 rows=246 width=8) (actual time=1278.435..1278.435 rows=746 loops=1)
        Buckets: 1024  Batches: 1  Memory Usage: 38kB
        ->  Nested Loop  (cost=0.43..83071.67 rows=246 width=8) (actual time=0.416..1277.804 rows=746 loops=1)
              ->  Seq Scan on movie_keyword mk  (cost=0.00..81003.12 rows=246 width=4) (actual time=0.347..1250.660 rows=746 loops=1)
                    Filter: (keyword_id = 2076)
                    Rows Removed by Filter: 4523184
              ->  Index Only Scan using title_pkey on title t  (cost=0.43..8.40 rows=1 width=4) (actual time=0.034..0.035 rows=1 loops=746)
                    Index Cond: (id = mk.movie_id)
                    Heap Fetches: 746
Planning time: 1.154 ms
Execution time: 2351.377 ms
