Seq Scan on cast_info ci  (cost=0.00..796071.18 rows=7163200 width=0) (actual time=745.020..13612.254 rows=1339238 loops=1)
  Filter: ((person_id > 1553743) AND (role_id = 1))
  Rows Removed by Filter: 34905106
Planning time: 0.361 ms
Execution time: 13778.391 ms
