Hash Join  (cost=366613.07..1167521.03 rows=24913432 width=0) (actual time=8500.781..68995.659 rows=224829239 loops=1)
  Hash Cond: (mi.movie_id = t.id)
  ->  Seq Scan on movie_info mi  (cost=0.00..309384.22 rows=14739122 width=4) (actual time=0.010..6185.534 rows=14835720 loops=1)
  ->  Hash  (cost=296492.69..296492.69 rows=4273951 width=8) (actual time=8497.902..8497.902 rows=4255669 loops=1)
        Buckets: 131072  Batches: 64  Memory Usage: 3724kB
        ->  Hash Join  (cost=102767.86..296492.69 rows=4273951 width=8) (actual time=2055.751..7318.848 rows=4255669 loops=1)
              Hash Cond: (mk.movie_id = t.id)
              ->  Seq Scan on movie_keyword mk  (cost=0.00..81003.12 rows=4273951 width=4) (actual time=0.019..1843.874 rows=4255669 loops=1)
                    Filter: (keyword_id > 229)
                    Rows Removed by Filter: 268261
              ->  Hash  (cost=61283.27..61283.27 rows=2528527 width=4) (actual time=2053.891..2053.891 rows=2528312 loops=1)
                    Buckets: 131072  Batches: 64  Memory Usage: 2425kB
                    ->  Seq Scan on title t  (cost=0.00..61283.27 rows=2528527 width=4) (actual time=0.021..1171.451 rows=2528312 loops=1)
Planning time: 1.077 ms
Execution time: 92748.148 ms
