Hash Join  (cost=153517.90..298206.23 rows=1123417 width=0) (actual time=4816.747..7320.433 rows=892623 loops=1)
  Hash Cond: (mk.movie_id = t.id)
  ->  Seq Scan on movie_keyword mk  (cost=0.00..81003.12 rows=4313609 width=4) (actual time=0.019..1752.136 rows=4298306 loops=1)
        Filter: (keyword_id > 178)
        Rows Removed by Filter: 225624
  ->  Hash  (cost=142713.43..142713.43 rows=658518 width=8) (actual time=3333.292..3333.292 rows=360492 loops=1)
        Buckets: 131072  Batches: 16  Memory Usage: 1920kB
        ->  Hash Join  (cost=93721.77..142713.43 rows=658518 width=8) (actual time=1784.953..3223.128 rows=360492 loops=1)
              Hash Cond: (mi_idx.movie_id = t.id)
              ->  Seq Scan on movie_info_idx mi_idx  (cost=0.00..21735.35 rows=1380035 width=4) (actual time=0.014..466.883 rows=1380035 loops=1)
              ->  Hash  (cost=73925.90..73925.90 rows=1206549 width=4) (actual time=1783.719..1783.719 rows=1293155 loops=1)
                    Buckets: 131072  Batches: 16  Memory Usage: 3876kB
                    ->  Seq Scan on title t  (cost=0.00..73925.90 rows=1206549 width=4) (actual time=71.408..1380.925 rows=1293155 loops=1)
                          Filter: ((production_year > 1977) AND (kind_id = 7))
                          Rows Removed by Filter: 1235157
Planning time: 1.208 ms
Execution time: 7416.658 ms
