Hash Join  (cost=83072.93..109983.42 rows=1 width=0) (actual time=1547.381..1705.709 rows=3 loops=1)
  Hash Cond: (mi_idx.movie_id = t.id)
  ->  Seq Scan on movie_info_idx mi_idx  (cost=0.00..21735.35 rows=1380035 width=4) (actual time=0.013..291.116 rows=1380035 loops=1)
  ->  Hash  (cost=83072.90..83072.90 rows=2 width=8) (actual time=1164.863..1164.863 rows=1 loops=1)
        Buckets: 1024  Batches: 1  Memory Usage: 9kB
        ->  Nested Loop  (cost=0.43..83072.90 rows=2 width=8) (actual time=332.331..1164.853 rows=1 loops=1)
              ->  Seq Scan on movie_keyword mk  (cost=0.00..81003.12 rows=246 width=4) (actual time=24.349..1164.272 rows=10 loops=1)
                    Filter: (keyword_id = 63999)
                    Rows Removed by Filter: 4523920
              ->  Index Scan using title_pkey on title t  (cost=0.43..8.40 rows=1 width=4) (actual time=0.051..0.051 rows=0 loops=10)
                    Index Cond: (id = mk.movie_id)
                    Filter: ((kind_id < 7) AND (production_year = 2002))
                    Rows Removed by Filter: 1
Planning time: 1.159 ms
Execution time: 1705.837 ms
