Hash Join  (cost=102767.86..193744.32 rows=962925 width=0) (actual time=1909.103..4575.766 rows=1254467 loops=1)
  Hash Cond: (mc.movie_id = t.id)
  ->  Seq Scan on movie_companies mc  (cost=0.00..57926.93 rows=962925 width=4) (actual time=0.018..1200.848 rows=1254467 loops=1)
        Filter: ((company_id < 54607) AND (company_type_id = 1))
        Rows Removed by Filter: 1354662
  ->  Hash  (cost=61283.27..61283.27 rows=2528527 width=4) (actual time=1907.466..1907.466 rows=2528312 loops=1)
        Buckets: 131072  Batches: 64  Memory Usage: 2415kB
        ->  Seq Scan on title t  (cost=0.00..61283.27 rows=2528527 width=4) (actual time=0.024..1050.194 rows=2528312 loops=1)
Planning time: 0.805 ms
Execution time: 4725.079 ms
