Seq Scan on movie_companies mc  (cost=0.00..57926.93 rows=1010004 width=0) (actual time=0.025..1140.625 rows=1274246 loops=1)
  Filter: ((company_id < 71779) AND (company_type_id = 1))
  Rows Removed by Filter: 1334883
Planning time: 0.387 ms
Execution time: 1306.026 ms
