Hash Join  (cost=102767.86..294072.33 rows=4173375 width=0) (actual time=1920.784..7288.470 rows=4175620 loops=1)
  Hash Cond: (mk.movie_id = t.id)
  ->  Seq Scan on movie_keyword mk  (cost=0.00..81003.12 rows=4173375 width=4) (actual time=0.021..1858.803 rows=4175620 loops=1)
        Filter: (keyword_id < 47798)
        Rows Removed by Filter: 348310
  ->  Hash  (cost=61283.27..61283.27 rows=2528527 width=4) (actual time=1918.002..1918.002 rows=2528312 loops=1)
        Buckets: 131072  Batches: 64  Memory Usage: 2425kB
        ->  Seq Scan on title t  (cost=0.00..61283.27 rows=2528527 width=4) (actual time=0.015..1025.042 rows=2528312 loops=1)
Planning time: 0.791 ms
Execution time: 7770.507 ms
