Hash Join  (cost=75773.42..562583.01 rows=656366 width=0) (actual time=1233.072..13998.934 rows=2498887 loops=1)
  Hash Cond: (mi.movie_id = t.id)
  ->  Seq Scan on movie_info mi  (cost=0.00..309384.22 rows=14739122 width=4) (actual time=0.017..5679.345 rows=14835720 loops=1)
  ->  Hash  (cost=73925.90..73925.90 rows=112601 width=4) (actual time=1232.235..1232.235 rows=212417 loops=1)
        Buckets: 131072 (originally 131072)  Batches: 4 (originally 2)  Memory Usage: 3073kB
        ->  Seq Scan on title t  (cost=0.00..73925.90 rows=112601 width=4) (actual time=0.052..1150.908 rows=212417 loops=1)
              Filter: ((kind_id < 7) AND (production_year < 1964))
              Rows Removed by Filter: 2315895
Planning time: 0.797 ms
Execution time: 14294.032 ms
