Seq Scan on movie_companies mc  (cost=0.00..57926.93 rows=741629 width=0) (actual time=0.021..1057.519 rows=1020343 loops=1)
  Filter: ((company_id < 13976) AND (company_type_id < 2))
  Rows Removed by Filter: 1588786
Planning time: 0.247 ms
Execution time: 1183.583 ms
