Seq Scan on title t  (cost=0.00..73925.90 rows=710757 width=0) (actual time=0.021..1246.592 rows=594428 loops=1)
  Filter: ((kind_id > 3) AND (production_year < 2001))
  Rows Removed by Filter: 1933884
Planning time: 0.332 ms
Execution time: 1326.014 ms
