Hash Join  (cost=118476.17..233202.94 rows=948207 width=134) (actual time=2422.472..5542.349 rows=785208 loops=1)
  Hash Cond: (mc.movie_id = t.id)
  ->  Seq Scan on movie_companies mc  (cost=0.00..51404.11 rows=1279517 width=40) (actual time=0.017..1245.068 rows=1274246 loops=1)
        Filter: (company_type_id = 1)
        Rows Removed by Filter: 1334883
  ->  Hash  (cost=67604.59..67604.59 rows=1873807 width=94) (actual time=2421.572..2421.572 rows=1871198 loops=1)
        Buckets: 32768  Batches: 64  Memory Usage: 3560kB
        ->  Seq Scan on title t  (cost=0.00..67604.59 rows=1873807 width=94) (actual time=0.015..1550.262 rows=1871198 loops=1)
              Filter: (production_year > 1984)
              Rows Removed by Filter: 657114
Planning time: 1.002 ms
Execution time: 5585.943 ms
