Seq Scan on movie_keyword mk  (cost=0.00..81003.12 rows=4439777 width=0) (actual time=0.025..1555.618 rows=4441507 loops=1)
  Filter: (keyword_id < 87089)
  Rows Removed by Filter: 82423
Planning time: 0.306 ms
Execution time: 2110.866 ms
