Hash Join  (cost=74609.07..442450.79 rows=318580 width=0) (actual time=1130.872..9033.697 rows=551477 loops=1)
  Hash Cond: (mi.movie_id = t.id)
  ->  Seq Scan on movie_info mi  (cost=0.00..309384.22 rows=14739122 width=4) (actual time=0.021..3950.842 rows=14835720 loops=1)
  ->  Hash  (cost=73925.90..73925.90 rows=54653 width=4) (actual time=1130.495..1130.495 rows=69619 loops=1)
        Buckets: 131072 (originally 65536)  Batches: 1 (originally 1)  Memory Usage: 3472kB
        ->  Seq Scan on title t  (cost=0.00..73925.90 rows=54653 width=4) (actual time=0.017..1102.394 rows=69619 loops=1)
              Filter: ((production_year < 2005) AND (kind_id = 3))
              Rows Removed by Filter: 2458693
Planning time: 0.679 ms
Execution time: 9102.884 ms
