Hash Join  (cost=85435.26..632719.20 rows=3837379 width=0) (actual time=1338.125..17815.931 rows=7954294 loops=1)
  Hash Cond: (mi.movie_id = t.id)
  ->  Seq Scan on movie_info mi  (cost=0.00..346232.03 rows=13832302 width=4) (actual time=0.025..7253.435 rows=13867355 loops=1)
        Filter: (info_type_id < 94)
        Rows Removed by Filter: 968365
  ->  Hash  (cost=73925.90..73925.90 rows=701468 width=4) (actual time=1337.065..1337.065 rows=749931 loops=1)
        Buckets: 131072  Batches: 16  Memory Usage: 2682kB
        ->  Seq Scan on title t  (cost=0.00..73925.90 rows=701468 width=4) (actual time=0.015..1102.625 rows=749931 loops=1)
              Filter: ((kind_id < 7) AND (production_year < 2009))
              Rows Removed by Filter: 1778381
Planning time: 0.654 ms
Execution time: 18756.700 ms
