Hash Join  (cost=102767.86..247390.87 rows=2233347 width=0) (actual time=1982.516..5670.280 rows=2231491 loops=1)
  Hash Cond: (mk.movie_id = t.id)
  ->  Seq Scan on movie_keyword mk  (cost=0.00..81003.12 rows=2233347 width=4) (actual time=0.023..1614.145 rows=2231491 loops=1)
        Filter: (keyword_id > 4893)
        Rows Removed by Filter: 2292439
  ->  Hash  (cost=61283.27..61283.27 rows=2528527 width=4) (actual time=1980.073..1980.073 rows=2528312 loops=1)
        Buckets: 131072  Batches: 64  Memory Usage: 2425kB
        ->  Seq Scan on title t  (cost=0.00..61283.27 rows=2528527 width=4) (actual time=0.013..1074.587 rows=2528312 loops=1)
Planning time: 0.693 ms
Execution time: 5938.742 ms
