Hash Join  (cost=120227.28..197539.78 rows=164097 width=0) (actual time=2302.295..4441.589 rows=601790 loops=1)
  Hash Cond: (mc.movie_id = t.id)
  ->  Seq Scan on movie_companies mc  (cost=0.00..44881.29 rows=2609129 width=4) (actual time=0.021..867.621 rows=2609129 loops=1)
  ->  Hash  (cost=117617.43..117617.43 rows=159028 width=8) (actual time=2301.329..2301.329 rows=197974 loops=1)
        Buckets: 131072  Batches: 4  Memory Usage: 2965kB
        ->  Hash Join  (cost=82131.75..117617.43 rows=159028 width=8) (actual time=1380.135..2248.777 rows=197974 loops=1)
              Hash Cond: (mi_idx.movie_id = t.id)
              ->  Seq Scan on movie_info_idx mi_idx  (cost=0.00..25185.44 rows=454124 width=4) (actual time=0.025..456.112 rows=459925 loops=1)
                    Filter: (info_type_id = 100)
                    Rows Removed by Filter: 920110
              ->  Hash  (cost=67604.59..67604.59 rows=885453 width=4) (actual time=1378.708..1378.708 rows=885650 loops=1)
                    Buckets: 131072  Batches: 16  Memory Usage: 2972kB
                    ->  Seq Scan on title t  (cost=0.00..67604.59 rows=885453 width=4) (actual time=0.020..1097.911 rows=885650 loops=1)
                          Filter: (production_year < 1997)
                          Rows Removed by Filter: 1642662
Planning time: 1.175 ms
Execution time: 4511.428 ms
