Hash Join  (cost=154783.57..235657.38 rows=422428 width=0) (actual time=3812.731..6474.356 rows=1301975 loops=1)
  Hash Cond: (mc.movie_id = t.id)
  ->  Seq Scan on movie_companies mc  (cost=0.00..44881.29 rows=2609129 width=4) (actual time=0.013..995.703 rows=2609129 loops=1)
  ->  Hash  (cost=148066.35..148066.35 rows=409378 width=8) (actual time=3811.925..3811.925 rows=436964 loops=1)
        Buckets: 131072  Batches: 8  Memory Usage: 3164kB
        ->  Hash Join  (cost=104131.46..148066.35 rows=409378 width=8) (actual time=2354.877..3691.213 rows=436964 loops=1)
              Hash Cond: (mi_idx.movie_id = t.id)
              ->  Seq Scan on movie_info_idx mi_idx  (cost=0.00..25185.44 rows=464934 width=4) (actual time=0.027..528.846 rows=460185 loops=1)
                    Filter: (info_type_id > 100)
                    Rows Removed by Filter: 919850
              ->  Hash  (cost=67604.59..67604.59 rows=2226390 width=4) (actual time=2353.622..2353.622 rows=2224569 loops=1)
                    Buckets: 131072  Batches: 32  Memory Usage: 3463kB
                    ->  Seq Scan on title t  (cost=0.00..67604.59 rows=2226390 width=4) (actual time=0.023..1345.835 rows=2224569 loops=1)
                          Filter: (production_year < 2012)
                          Rows Removed by Filter: 303743
Planning time: 7.577 ms
Execution time: 6628.470 ms
