Seq Scan on cast_info ci  (cost=0.00..796071.18 rows=11518 width=0) (actual time=9501.294..10811.810 rows=19959 loops=1)
  Filter: ((person_id < 3645) AND (role_id = 1))
  Rows Removed by Filter: 36224385
Planning time: 0.272 ms
Execution time: 10814.540 ms
