Seq Scan on cast_info ci  (cost=0.00..705507.15 rows=500 width=0) (actual time=710.183..10360.664 rows=20 loops=1)
  Filter: (person_id = 1129456)
  Rows Removed by Filter: 36244324
Planning time: 0.340 ms
Execution time: 10360.770 ms
