Seq Scan on movie_keyword mk  (cost=0.00..81003.12 rows=1687306 width=0) (actual time=0.019..1422.020 rows=1696017 loops=1)
  Filter: (keyword_id > 8494)
  Rows Removed by Filter: 2827913
Planning time: 0.303 ms
Execution time: 1633.373 ms
