Seq Scan on movie_keyword mk  (cost=0.00..81003.12 rows=745254 width=0) (actual time=0.036..1349.842 rows=750568 loops=1)
  Filter: (keyword_id > 24904)
  Rows Removed by Filter: 3773362
Planning time: 0.280 ms
Execution time: 1445.097 ms
