Hash Join  (cost=168997.15..969266.17 rows=377000 width=0) (actual time=3012.541..27752.153 rows=3738105 loops=1)
  Hash Cond: (ci.movie_id = t.id)
  ->  Seq Scan on cast_info ci  (cost=0.00..705507.15 rows=24264499 width=4) (actual time=0.011..13508.339 rows=24217515 loops=1)
        Filter: (person_id < 2485664)
        Rows Removed by Filter: 12026829
  ->  Hash  (cost=168506.07..168506.07 rows=39286 width=8) (actual time=3011.499..3011.499 rows=148887 loops=1)
        Buckets: 131072 (originally 65536)  Batches: 2 (originally 1)  Memory Usage: 3968kB
        ->  Hash Join  (cost=75628.29..168506.07 rows=39286 width=8) (actual time=1219.637..2960.153 rows=148887 loops=1)
              Hash Cond: (mk.movie_id = t.id)
              ->  Seq Scan on movie_keyword mk  (cost=0.00..81003.12 rows=957812 width=4) (actual time=0.024..1271.295 rows=959646 loops=1)
                    Filter: (keyword_id < 902)
                    Rows Removed by Filter: 3564284
              ->  Hash  (cost=73925.90..73925.90 rows=103711 width=4) (actual time=1218.956..1218.956 rows=203434 loops=1)
                    Buckets: 131072 (originally 131072)  Batches: 4 (originally 2)  Memory Usage: 3073kB
                    ->  Seq Scan on title t  (cost=0.00..73925.90 rows=103711 width=4) (actual time=0.087..1139.466 rows=203434 loops=1)
                          Filter: ((kind_id < 7) AND (production_year < 1962))
                          Rows Removed by Filter: 2324878
Planning time: 1.740 ms
Execution time: 28219.362 ms
