Seq Scan on movie_keyword mk  (cost=0.00..81003.12 rows=3533325 width=0) (actual time=0.017..1256.422 rows=3523000 loops=1)
  Filter: (keyword_id < 18542)
  Rows Removed by Filter: 1000930
Planning time: 0.312 ms
Execution time: 1626.997 ms
