Hash Join  (cost=143031.03..653544.80 rows=2877882 width=0) (actual time=3717.988..16576.248 rows=1925406 loops=1)
  Hash Cond: (mi.movie_id = t.id)
  ->  Seq Scan on movie_info mi  (cost=0.00..309384.22 rows=14739122 width=4) (actual time=0.009..6181.973 rows=14835720 loops=1)
  ->  Hash  (cost=134930.69..134930.69 rows=493707 width=8) (actual time=3529.119..3529.119 rows=248340 loops=1)
        Buckets: 131072  Batches: 8  Memory Usage: 2235kB
        ->  Hash Join  (cost=88767.14..134930.69 rows=493707 width=8) (actual time=2428.148..3455.354 rows=248340 loops=1)
              Hash Cond: (mi_idx.movie_id = t.id)
              ->  Seq Scan on movie_info_idx mi_idx  (cost=0.00..21735.35 rows=1380035 width=4) (actual time=0.021..513.117 rows=1380035 loops=1)
              ->  Hash  (cost=73925.90..73925.90 rows=904579 width=4) (actual time=2106.256..2106.256 rows=992072 loops=1)
                    Buckets: 131072  Batches: 16  Memory Usage: 3212kB
                    ->  Seq Scan on title t  (cost=0.00..73925.90 rows=904579 width=4) (actual time=327.174..1514.327 rows=992072 loops=1)
                          Filter: ((production_year > 1998) AND (kind_id = 7))
                          Rows Removed by Filter: 1536240
Planning time: 1.175 ms
Execution time: 16816.993 ms
