Hash Join  (cost=200486.44..594052.88 rows=896869 width=0) (actual time=6734.261..13174.200 rows=6386529 loops=1)
  Hash Cond: (mi.movie_id = t.id)
  ->  Seq Scan on movie_info mi  (cost=0.00..346232.03 rows=3068194 width=4) (actual time=2138.787..5166.523 rows=3036719 loops=1)
        Filter: (info_type_id = 16)
        Rows Removed by Filter: 11799001
  ->  Hash  (cost=188359.46..188359.46 rows=739118 width=8) (actual time=4594.083..4594.083 rows=1017793 loops=1)
        Buckets: 131072  Batches: 16  Memory Usage: 3560kB
        ->  Hash Join  (cost=102767.86..188359.46 rows=739118 width=8) (actual time=1969.281..4291.144 rows=1017793 loops=1)
              Hash Cond: (mc.movie_id = t.id)
              ->  Seq Scan on movie_companies mc  (cost=0.00..57926.93 rows=739118 width=4) (actual time=0.040..1109.638 rows=1017793 loops=1)
                    Filter: ((company_id < 13874) AND (company_type_id = 1))
                    Rows Removed by Filter: 1591336
              ->  Hash  (cost=61283.27..61283.27 rows=2528527 width=4) (actual time=1968.348..1968.348 rows=2528312 loops=1)
                    Buckets: 131072  Batches: 64  Memory Usage: 2415kB
                    ->  Seq Scan on title t  (cost=0.00..61283.27 rows=2528527 width=4) (actual time=0.022..1135.828 rows=2528312 loops=1)
Planning time: 1.217 ms
Execution time: 13975.657 ms
