Hash Join  (cost=91342.70..181001.56 rows=99420 width=0) (actual time=1813.822..3494.099 rows=120834 loops=1)
  Hash Cond: (mk.movie_id = t.id)
  ->  Seq Scan on movie_keyword mk  (cost=0.00..81003.12 rows=173742 width=4) (actual time=0.023..1322.725 rows=168722 loops=1)
        Filter: (keyword_id > 72194)
        Rows Removed by Filter: 4355208
  ->  Hash  (cost=67604.59..67604.59 rows=1446889 width=4) (actual time=1812.069..1812.069 rows=1443298 loops=1)
        Buckets: 131072  Batches: 32  Memory Usage: 2616kB
        ->  Seq Scan on title t  (cost=0.00..67604.59 rows=1446889 width=4) (actual time=0.027..1327.034 rows=1443298 loops=1)
              Filter: (production_year < 2006)
              Rows Removed by Filter: 1085014
Planning time: 0.723 ms
Execution time: 3508.523 ms
