Hash Join  (cost=98595.81..1455689.43 rows=27062944 width=0) (actual time=2178.775..42983.908 rows=28970851 loops=1)
  Hash Cond: (ci.movie_id = t.id)
  ->  Seq Scan on cast_info ci  (cost=0.00..614943.12 rows=36225612 width=4) (actual time=0.026..13875.295 rows=36244344 loops=1)
  ->  Hash  (cost=67604.59..67604.59 rows=1888978 width=4) (actual time=2177.677..2177.677 rows=1887769 loops=1)
        Buckets: 131072  Batches: 32  Memory Usage: 3106kB
        ->  Seq Scan on title t  (cost=0.00..67604.59 rows=1888978 width=4) (actual time=0.022..1316.527 rows=1887769 loops=1)
              Filter: (production_year > 1983)
              Rows Removed by Filter: 640543
Planning time: 0.682 ms
Execution time: 46190.882 ms
