Hash Join  (cost=102951.51..1332891.68 rows=16992914 width=0) (actual time=2401.590..37308.502 rows=16445245 loops=1)
  Hash Cond: (ci.movie_id = t.id)
  ->  Seq Scan on cast_info ci  (cost=0.00..796071.18 rows=19943170 width=4) (actual time=419.034..17439.298 rows=18017639 loops=1)
        Filter: ((person_id < 3097527) AND (role_id > 1))
        Rows Removed by Filter: 18226705
  ->  Hash  (cost=67604.59..67604.59 rows=2154474 width=4) (actual time=1981.667..1981.667 rows=2146684 loops=1)
        Buckets: 131072  Batches: 32  Memory Usage: 3385kB
        ->  Seq Scan on title t  (cost=0.00..67604.59 rows=2154474 width=4) (actual time=0.021..1303.587 rows=2146684 loops=1)
              Filter: (production_year > 1965)
              Rows Removed by Filter: 381628
Planning time: 1.011 ms
Execution time: 39371.437 ms
