Seq Scan on movie_keyword mk  (cost=0.00..81003.12 rows=139370 width=0) (actual time=0.030..1276.290 rows=136447 loops=1)
  Filter: (keyword_id > 75418)
  Rows Removed by Filter: 4387483
Planning time: 0.285 ms
Execution time: 1295.119 ms
