Hash Join  (cost=102767.86..993336.94 rows=7280365 width=0) (actual time=2223.637..20887.066 rows=7233471 loops=1)
  Hash Cond: (ci.movie_id = t.id)
  ->  Seq Scan on cast_info ci  (cost=0.00..705507.15 rows=7280365 width=4) (actual time=269.437..12416.836 rows=7233471 loops=1)
        Filter: (person_id < 698711)
        Rows Removed by Filter: 29010873
  ->  Hash  (cost=61283.27..61283.27 rows=2528527 width=4) (actual time=1952.731..1952.731 rows=2528312 loops=1)
        Buckets: 131072  Batches: 64  Memory Usage: 2415kB
        ->  Seq Scan on title t  (cost=0.00..61283.27 rows=2528527 width=4) (actual time=0.028..1094.087 rows=2528312 loops=1)
Planning time: 0.665 ms
Execution time: 21764.555 ms
