Seq Scan on movie_keyword mk  (cost=0.00..81003.12 rows=246 width=0) (actual time=0.316..1228.482 rows=397 loops=1)
  Filter: (keyword_id = 18409)
  Rows Removed by Filter: 4523533
Planning time: 0.358 ms
Execution time: 1228.741 ms
