Hash Join  (cost=71214.36..1169889.27 rows=2745280 width=0) (actual time=1137.129..38271.651 rows=2120095 loops=1)
  Hash Cond: (ci.movie_id = t.id)
  ->  Seq Scan on cast_info ci  (cost=0.00..705507.15 rows=31554923 width=4) (actual time=0.021..17531.130 rows=31605208 loops=1)
        Filter: (role_id < 10)
        Rows Removed by Filter: 4639136
  ->  Hash  (cost=67604.59..67604.59 rows=219982 width=4) (actual time=1136.177..1136.177 rows=221115 loops=1)
        Buckets: 131072  Batches: 4  Memory Usage: 2967kB
        ->  Seq Scan on title t  (cost=0.00..67604.59 rows=219982 width=4) (actual time=0.011..1062.495 rows=221115 loops=1)
              Filter: (production_year < 1958)
              Rows Removed by Filter: 2307197
Planning time: 0.742 ms
Execution time: 38525.625 ms
