Hash Join  (cost=78593.13..1154256.19 rows=4074790 width=0) (actual time=1712.762..33358.074 rows=5444551 loops=1)
  Hash Cond: (ci.movie_id = t.id)
  ->  Seq Scan on cast_info ci  (cost=0.00..614943.12 rows=36225612 width=4) (actual time=0.013..12904.287 rows=36244344 loops=1)
  ->  Hash  (cost=73925.90..73925.90 rows=284418 width=4) (actual time=1711.932..1711.932 rows=382296 loops=1)
        Buckets: 131072 (originally 131072)  Batches: 8 (originally 4)  Memory Usage: 3073kB
        ->  Seq Scan on title t  (cost=0.00..73925.90 rows=284418 width=4) (actual time=0.027..1258.630 rows=382296 loops=1)
              Filter: ((production_year < 2001) AND (kind_id = 1))
              Rows Removed by Filter: 2146016
Planning time: 0.793 ms
Execution time: 34035.651 ms
