Hash Join  (cost=83074.74..863531.53 rows=1944 width=0) (actual time=1303.462..17447.167 rows=3850 loops=1)
  Hash Cond: (ci.movie_id = t.id)
  ->  Seq Scan on cast_info ci  (cost=0.00..705507.15 rows=19981385 width=4) (actual time=0.025..12743.545 rows=20127465 loops=1)
        Filter: (person_id > 1596348)
        Rows Removed by Filter: 16116879
  ->  Hash  (cost=83071.67..83071.67 rows=246 width=8) (actual time=1303.282..1303.282 rows=240 loops=1)
        Buckets: 1024  Batches: 1  Memory Usage: 18kB
        ->  Nested Loop  (cost=0.43..83071.67 rows=246 width=8) (actual time=31.554..1303.017 rows=240 loops=1)
              ->  Seq Scan on movie_keyword mk  (cost=0.00..81003.12 rows=246 width=4) (actual time=31.476..1293.993 rows=240 loops=1)
                    Filter: (keyword_id = 57859)
                    Rows Removed by Filter: 4523690
              ->  Index Only Scan using title_pkey on title t  (cost=0.43..8.40 rows=1 width=4) (actual time=0.034..0.035 rows=1 loops=240)
                    Index Cond: (id = mk.movie_id)
                    Heap Fetches: 240
Planning time: 1.096 ms
Execution time: 17448.777 ms
