Seq Scan on movie_keyword mk  (cost=0.00..81003.12 rows=3305876 width=0) (actual time=0.026..1645.247 rows=3299259 loops=1)
  Filter: (keyword_id > 1551)
  Rows Removed by Filter: 1224671
Planning time: 0.301 ms
Execution time: 2046.138 ms
