Hash Join  (cost=197248.81..962361.41 rows=345790 width=0) (actual time=10582.816..20838.104 rows=3967757 loops=1)
  Hash Cond: (ci.movie_id = t.id)
  ->  Seq Scan on cast_info ci  (cost=0.00..705507.15 rows=4320508 width=4) (actual time=6426.346..13651.047 rows=4323018 loops=1)
        Filter: (role_id = 10)
        Rows Removed by Filter: 31921326
  ->  Hash  (cost=193928.19..193928.19 rows=202370 width=8) (actual time=4155.539..4155.539 rows=183280 loops=1)
        Buckets: 131072  Batches: 4  Memory Usage: 2773kB
        ->  Hash Join  (cost=69460.45..193928.19 rows=202370 width=8) (actual time=1179.244..4097.311 rows=183280 loops=1)
              Hash Cond: (mk.movie_id = t.id)
              ->  Seq Scan on movie_keyword mk  (cost=0.00..69693.30 rows=4523930 width=4) (actual time=0.027..1517.139 rows=4523930 loops=1)
              ->  Hash  (cost=67604.59..67604.59 rows=113109 width=4) (actual time=1177.489..1177.489 rows=119565 loops=1)
                    Buckets: 131072  Batches: 2  Memory Usage: 3121kB
                    ->  Seq Scan on title t  (cost=0.00..67604.59 rows=113109 width=4) (actual time=0.039..1129.076 rows=119565 loops=1)
                          Filter: (production_year = 2007)
                          Rows Removed by Filter: 2408747
Planning time: 1.602 ms
Execution time: 21324.101 ms
