Seq Scan on title t  (cost=0.00..73925.90 rows=966897 width=0) (actual time=0.022..1277.436 rows=1058245 loops=1)
  Filter: ((kind_id > 2) AND (production_year > 2000))
  Rows Removed by Filter: 1470067
Planning time: 1.667 ms
Execution time: 1405.572 ms
