Seq Scan on cast_info ci  (cost=0.00..705507.15 rows=25994478 width=0) (actual time=0.007..12545.724 rows=25991614 loops=1)
  Filter: (person_id < 2687944)
  Rows Removed by Filter: 10252730
Planning time: 0.283 ms
Execution time: 15660.857 ms
