Hash Join  (cost=163218.46..670774.71 rows=2600732 width=0) (actual time=4033.746..20743.437 rows=13940073 loops=1)
  Hash Cond: (mi.movie_id = t.id)
  ->  Seq Scan on movie_info mi  (cost=0.00..309384.22 rows=14739122 width=4) (actual time=0.013..6149.821 rows=14835720 loops=1)
  ->  Hash  (cost=155898.45..155898.45 rows=446161 width=8) (actual time=4032.726..4032.726 rows=728714 loops=1)
        Buckets: 131072 (originally 131072)  Batches: 16 (originally 8)  Memory Usage: 3073kB
        ->  Hash Join  (cost=74698.31..155898.45 rows=446161 width=8) (actual time=1322.789..3794.737 rows=728714 loops=1)
              Hash Cond: (mc.movie_id = t.id)
              ->  Seq Scan on movie_companies mc  (cost=0.00..44881.29 rows=2609129 width=4) (actual time=0.016..956.948 rows=2609129 loops=1)
              ->  Hash  (cost=67604.59..67604.59 rows=432378 width=4) (actual time=1321.959..1321.959 rows=423779 loops=1)
                    Buckets: 131072  Batches: 8  Memory Usage: 2885kB
                    ->  Seq Scan on title t  (cost=0.00..67604.59 rows=432378 width=4) (actual time=0.018..1181.120 rows=423779 loops=1)
                          Filter: (production_year < 1974)
                          Rows Removed by Filter: 2104533
Planning time: 1.112 ms
Execution time: 22401.440 ms
