Hash Join  (cost=98098.54..263931.74 rows=2827805 width=0) (actual time=2013.566..6781.431 rows=2554196 loops=1)
  Hash Cond: (mk.movie_id = t.id)
  ->  Seq Scan on movie_keyword mk  (cost=0.00..81003.12 rows=3847005 width=4) (actual time=0.025..1807.179 rows=3839935 loops=1)
        Filter: (keyword_id < 27531)
        Rows Removed by Filter: 683995
  ->  Hash  (cost=67604.59..67604.59 rows=1858636 width=4) (actual time=2012.001..2012.001 rows=1852807 loops=1)
        Buckets: 131072  Batches: 32  Memory Usage: 3075kB
        ->  Seq Scan on title t  (cost=0.00..67604.59 rows=1858636 width=4) (actual time=0.023..1384.315 rows=1852807 loops=1)
              Filter: (production_year > 1985)
              Rows Removed by Filter: 675505
Planning time: 0.732 ms
Execution time: 7086.471 ms
