Nested Loop  (cost=0.43..797179.11 rows=131 width=0) (actual time=10953.797..13696.037 rows=9 loops=1)
  ->  Seq Scan on cast_info ci  (cost=0.00..796071.18 rows=131 width=4) (actual time=10953.672..13695.691 rows=9 loops=1)
        Filter: ((role_id > 4) AND (person_id = 2893749))
        Rows Removed by Filter: 36244335
  ->  Index Only Scan using title_pkey on title t  (cost=0.43..8.45 rows=1 width=4) (actual time=0.032..0.033 rows=1 loops=9)
        Index Cond: (id = ci.movie_id)
        Heap Fetches: 9
Planning time: 3.274 ms
Execution time: 13696.105 ms
