Seq Scan on cast_info ci  (cost=0.00..705507.15 rows=22779955 width=0) (actual time=1.827..12751.108 rows=22649391 loops=1)
  Filter: (person_id < 2311877)
  Rows Removed by Filter: 13594953
Planning time: 11.437 ms
Execution time: 15540.145 ms
