Nested Loop  (cost=44377.22..142937.73 rows=1318 width=0) (actual time=1821.792..3499.097 rows=11432 loops=1)
  ->  Hash Join  (cost=44376.79..132086.73 rows=18379 width=8) (actual time=1821.709..3395.797 rows=12209 loops=1)
        Hash Cond: (mk.movie_id = mi_idx.movie_id)
        ->  Seq Scan on movie_keyword mk  (cost=0.00..81003.12 rows=6183 width=4) (actual time=0.300..1344.270 rows=6790 loops=1)
              Filter: (keyword_id = 495)
              Rows Removed by Filter: 4517140
        ->  Hash  (cost=21735.35..21735.35 rows=1380035 width=4) (actual time=1820.711..1820.711 rows=1380035 loops=1)
              Buckets: 131072  Batches: 32  Memory Usage: 2556kB
              ->  Seq Scan on movie_info_idx mi_idx  (cost=0.00..21735.35 rows=1380035 width=4) (actual time=0.014..548.786 rows=1380035 loops=1)
  ->  Index Scan using title_pkey on title t  (cost=0.43..0.58 rows=1 width=4) (actual time=0.008..0.008 rows=1 loops=12209)
        Index Cond: (id = mi_idx.movie_id)
        Filter: (kind_id < 7)
        Rows Removed by Filter: 0
Planning time: 1.216 ms
Execution time: 3501.456 ms
