Hash Join  (cost=94043.46..242774.20 rows=2193871 width=0) (actual time=1903.585..6509.242 rows=1034826 loops=1)
  Hash Cond: (mk.movie_id = t.id)
  ->  Seq Scan on movie_keyword mk  (cost=0.00..69693.30 rows=4523930 width=4) (actual time=0.025..1397.244 rows=4523930 loops=1)
  ->  Hash  (cost=73925.90..73925.90 rows=1226204 width=4) (actual time=1898.337..1898.337 rows=1351187 loops=1)
        Buckets: 131072  Batches: 32  Memory Usage: 2527kB
        ->  Seq Scan on title t  (cost=0.00..73925.90 rows=1226204 width=4) (actual time=0.018..1453.068 rows=1351187 loops=1)
              Filter: ((kind_id > 3) AND (production_year > 1985))
              Rows Removed by Filter: 1177125
Planning time: 0.702 ms
Execution time: 6620.162 ms
