Hash Join  (cost=83074.74..447745.01 rows=1434 width=0) (actual time=1519.243..9162.290 rows=119575 loops=1)
  Hash Cond: (mi.movie_id = t.id)
  ->  Seq Scan on movie_info mi  (cost=0.00..309384.22 rows=14739122 width=4) (actual time=0.014..4581.482 rows=14835720 loops=1)
  ->  Hash  (cost=83071.67..83071.67 rows=246 width=8) (actual time=1518.583..1518.583 rows=3642 loops=1)
        Buckets: 4096 (originally 1024)  Batches: 1 (originally 1)  Memory Usage: 175kB
        ->  Nested Loop  (cost=0.43..83071.67 rows=246 width=8) (actual time=1.568..1516.253 rows=3642 loops=1)
              ->  Seq Scan on movie_keyword mk  (cost=0.00..81003.12 rows=246 width=4) (actual time=1.508..1338.839 rows=3642 loops=1)
                    Filter: (keyword_id = 1450)
                    Rows Removed by Filter: 4520288
              ->  Index Only Scan using title_pkey on title t  (cost=0.43..8.40 rows=1 width=4) (actual time=0.047..0.048 rows=1 loops=3642)
                    Index Cond: (id = mk.movie_id)
                    Heap Fetches: 3642
Planning time: 1.172 ms
Execution time: 9180.600 ms
