Hash Join  (cost=83074.74..431752.25 rows=63 width=0) (actual time=4386.906..6564.751 rows=2956 loops=1)
  Hash Cond: (mi.movie_id = t.id)
  ->  Seq Scan on movie_info mi  (cost=0.00..346232.03 rows=651960 width=4) (actual time=3140.217..5212.868 rows=660923 loops=1)
        Filter: (info_type_id = 18)
        Rows Removed by Filter: 14174797
  ->  Hash  (cost=83071.67..83071.67 rows=246 width=8) (actual time=1246.060..1246.060 rows=2034 loops=1)
        Buckets: 2048 (originally 1024)  Batches: 1 (originally 1)  Memory Usage: 96kB
        ->  Nested Loop  (cost=0.43..83071.67 rows=246 width=8) (actual time=5.687..1244.596 rows=2034 loops=1)
              ->  Seq Scan on movie_keyword mk  (cost=0.00..81003.12 rows=246 width=4) (actual time=5.547..1159.488 rows=2034 loops=1)
                    Filter: (keyword_id = 1050)
                    Rows Removed by Filter: 4521896
              ->  Index Only Scan using title_pkey on title t  (cost=0.43..8.40 rows=1 width=4) (actual time=0.040..0.041 rows=1 loops=2034)
                    Index Cond: (id = mk.movie_id)
                    Heap Fetches: 2034
Planning time: 1.152 ms
Execution time: 6565.357 ms
