Seq Scan on movie_companies mc  (cost=0.00..51404.11 rows=2367245 width=0) (actual time=0.025..1057.966 rows=2370397 loops=1)
  Filter: (company_id > 93)
  Rows Removed by Filter: 238732
Planning time: 0.355 ms
Execution time: 1357.709 ms
