Hash Join  (cost=184690.64..1337331.85 rows=11568304 width=0) (actual time=4190.806..43101.989 rows=24041382 loops=1)
  Hash Cond: (ci.movie_id = t.id)
  ->  Seq Scan on cast_info ci  (cost=0.00..614943.12 rows=36225612 width=4) (actual time=0.021..12892.073 rows=36244344 loops=1)
  ->  Hash  (cost=171442.38..171442.38 rows=807461 width=8) (actual time=4189.872..4189.872 rows=970794 loops=1)
        Buckets: 131072  Batches: 16  Memory Usage: 3398kB
        ->  Hash Join  (cost=88359.31..171442.38 rows=807461 width=8) (actual time=1634.833..3902.685 rows=970794 loops=1)
              Hash Cond: (mc.movie_id = t.id)
              ->  Seq Scan on movie_companies mc  (cost=0.00..51404.11 rows=1613958 width=4) (actual time=0.015..928.302 rows=1609048 loops=1)
                    Filter: (company_id > 4626)
                    Rows Removed by Filter: 1000081
              ->  Hash  (cost=67604.59..67604.59 rows=1265018 width=4) (actual time=1633.961..1633.961 rows=1263700 loops=1)
                    Buckets: 131072  Batches: 32  Memory Usage: 2410kB
                    ->  Seq Scan on title t  (cost=0.00..67604.59 rows=1265018 width=4) (actual time=0.021..1224.781 rows=1263700 loops=1)
                          Filter: (production_year < 2004)
                          Rows Removed by Filter: 1264612
Planning time: 1.190 ms
Execution time: 45944.187 ms
