Seq Scan on movie_keyword mk  (cost=0.00..81003.12 rows=449904 width=0) (actual time=0.021..1313.954 rows=449177 loops=1)
  Filter: (keyword_id > 39558)
  Rows Removed by Filter: 4074753
Planning time: 0.300 ms
Execution time: 1371.597 ms
