Seq Scan on movie_keyword mk  (cost=0.00..81003.12 rows=1307923 width=0) (actual time=0.013..1437.534 rows=1312996 loops=1)
  Filter: (keyword_id < 1725)
  Rows Removed by Filter: 3210934
Planning time: 0.303 ms
Execution time: 1605.135 ms
