Hash Join  (cost=190230.21..346795.88 rows=2250130 width=0) (actual time=4365.166..10565.978 rows=9503725 loops=1)
  Hash Cond: (mk.movie_id = t.id)
  ->  Seq Scan on movie_keyword mk  (cost=0.00..81003.12 rows=4122732 width=4) (actual time=0.017..1874.339 rows=4128442 loops=1)
        Filter: (keyword_id < 43660)
        Rows Removed by Filter: 395488
  ->  Hash  (cost=167588.78..167588.78 rows=1380035 width=8) (actual time=4363.762..4363.762 rows=1380035 loops=1)
        Buckets: 131072  Batches: 32  Memory Usage: 2726kB
        ->  Hash Join  (cost=102767.86..167588.78 rows=1380035 width=8) (actual time=1889.703..3920.976 rows=1380035 loops=1)
              Hash Cond: (mi_idx.movie_id = t.id)
              ->  Seq Scan on movie_info_idx mi_idx  (cost=0.00..21735.35 rows=1380035 width=4) (actual time=0.027..474.127 rows=1380035 loops=1)
              ->  Hash  (cost=61283.27..61283.27 rows=2528527 width=4) (actual time=1888.719..1888.719 rows=2528312 loops=1)
                    Buckets: 131072  Batches: 64  Memory Usage: 2415kB
                    ->  Seq Scan on title t  (cost=0.00..61283.27 rows=2528527 width=4) (actual time=0.015..1043.572 rows=2528312 loops=1)
Planning time: 1.176 ms
Execution time: 11680.686 ms
