Hash Join  (cost=365521.09..1164753.79 rows=24756506 width=0) (actual time=8834.271..68468.230 rows=219196402 loops=1)
  Hash Cond: (mi.movie_id = t.id)
  ->  Seq Scan on movie_info mi  (cost=0.00..309384.22 rows=14739122 width=4) (actual time=0.018..6252.252 rows=14835720 loops=1)
  ->  Hash  (cost=295843.22..295843.22 rows=4247030 width=8) (actual time=8832.148..8832.148 rows=4247970 loops=1)
        Buckets: 131072  Batches: 64  Memory Usage: 3722kB
        ->  Hash Join  (cost=102767.86..295843.22 rows=4247030 width=8) (actual time=2069.273..7572.638 rows=4247970 loops=1)
              Hash Cond: (mk.movie_id = t.id)
              ->  Seq Scan on movie_keyword mk  (cost=0.00..81003.12 rows=4247030 width=4) (actual time=0.020..1844.888 rows=4247970 loops=1)
                    Filter: (keyword_id < 57432)
                    Rows Removed by Filter: 275960
              ->  Hash  (cost=61283.27..61283.27 rows=2528527 width=4) (actual time=2067.220..2067.220 rows=2528312 loops=1)
                    Buckets: 131072  Batches: 64  Memory Usage: 2425kB
                    ->  Seq Scan on title t  (cost=0.00..61283.27 rows=2528527 width=4) (actual time=0.021..1144.683 rows=2528312 loops=1)
Planning time: 2.747 ms
Execution time: 91070.192 ms
