Hash Join  (cost=113349.02..220743.90 rows=107430 width=0) (actual time=2183.379..4417.794 rows=122943 loops=1)
  Hash Cond: (mk.movie_id = t.id)
  ->  Seq Scan on movie_keyword mk  (cost=0.00..81003.12 rows=2146787 width=4) (actual time=0.032..1546.022 rows=2145410 loops=1)
        Filter: (keyword_id > 5443)
        Rows Removed by Filter: 2378520
  ->  Hash  (cost=111272.36..111272.36 rows=126533 width=8) (actual time=2182.080..2182.080 rows=69471 loops=1)
        Buckets: 131072  Batches: 2  Memory Usage: 2383kB
        ->  Hash Join  (cost=71408.55..111272.36 rows=126533 width=8) (actual time=1149.821..2157.800 rows=69471 loops=1)
              Hash Cond: (mi_idx.movie_id = t.id)
              ->  Seq Scan on movie_info_idx mi_idx  (cost=0.00..21735.35 rows=1380035 width=4) (actual time=0.017..420.981 rows=1380035 loops=1)
              ->  Hash  (cost=67604.59..67604.59 rows=231837 width=4) (actual time=1149.083..1149.083 rows=231649 loops=1)
                    Buckets: 131072  Batches: 4  Memory Usage: 3076kB
                    ->  Seq Scan on title t  (cost=0.00..67604.59 rows=231837 width=4) (actual time=0.016..1068.232 rows=231649 loops=1)
                          Filter: (production_year > 2011)
                          Rows Removed by Filter: 2296663
Planning time: 1.160 ms
Execution time: 4434.346 ms
