Seq Scan on cast_info ci  (cost=0.00..705507.15 rows=7429674 width=0) (actual time=0.020..11440.173 rows=7364652 loops=1)
  Filter: (person_id < 712338)
  Rows Removed by Filter: 28879692
Planning time: 0.226 ms
Execution time: 12344.804 ms
