Seq Scan on movie_keyword mk  (cost=0.00..81003.12 rows=246 width=0) (actual time=103.438..1211.123 rows=190 loops=1)
  Filter: (keyword_id = 951)
  Rows Removed by Filter: 4523740
Planning time: 0.340 ms
Execution time: 1211.268 ms
