Hash Join  (cost=74242.71..828662.85 rows=363098 width=0) (actual time=1107.793..19769.885 rows=293103 loops=1)
  Hash Cond: (ci.movie_id = t.id)
  ->  Seq Scan on cast_info ci  (cost=0.00..614943.12 rows=36225612 width=4) (actual time=0.022..9547.613 rows=36244344 loops=1)
  ->  Hash  (cost=73925.90..73925.90 rows=25344 width=4) (actual time=1106.940..1106.940 rows=15457 loops=1)
        Buckets: 32768  Batches: 1  Memory Usage: 800kB
        ->  Seq Scan on title t  (cost=0.00..73925.90 rows=25344 width=4) (actual time=0.040..1099.437 rows=15457 loops=1)
              Filter: ((kind_id = 1) AND (production_year = 2005))
              Rows Removed by Filter: 2512855
Planning time: 0.735 ms
Execution time: 19821.097 ms
