Hash Join  (cost=129580.41..1204930.45 rows=4044394 width=0) (actual time=2463.873..31016.428 rows=4190811 loops=1)
  Hash Cond: (ci.movie_id = t.id)
  ->  Seq Scan on cast_info ci  (cost=0.00..614943.12 rows=36225612 width=4) (actual time=0.012..12839.734 rows=36244344 loops=1)
  ->  Hash  (cost=124948.71..124948.71 rows=282296 width=8) (actual time=2463.067..2463.067 rows=149322 loops=1)
        Buckets: 131072  Batches: 4  Memory Usage: 2494kB
        ->  Hash Join  (cost=82412.27..124948.71 rows=282296 width=8) (actual time=1697.251..2419.305 rows=149322 loops=1)
              Hash Cond: (mi_idx.movie_id = t.id)
              ->  Seq Scan on movie_info_idx mi_idx  (cost=0.00..21735.35 rows=1380035 width=4) (actual time=0.014..415.373 rows=1380035 loops=1)
              ->  Hash  (cost=73925.90..73925.90 rows=517229 width=4) (actual time=1330.350..1330.350 rows=403947 loops=1)
                    Buckets: 131072  Batches: 8  Memory Usage: 2784kB
                    ->  Seq Scan on title t  (cost=0.00..73925.90 rows=517229 width=4) (actual time=156.336..1196.277 rows=403947 loops=1)
                          Filter: ((production_year < 1996) AND (kind_id = 7))
                          Rows Removed by Filter: 2124365
Planning time: 1.204 ms
Execution time: 31503.985 ms
