Hash Join  (cost=178634.34..1004381.49 rows=461609 width=0) (actual time=14245.927..19419.909 rows=542448 loops=1)
  Hash Cond: (ci.movie_id = t.id)
  ->  Seq Scan on cast_info ci  (cost=0.00..796071.18 rows=1966635 width=4) (actual time=10231.305..14441.708 rows=1436457 loops=1)
        Filter: ((person_id < 2694354) AND (role_id = 4))
        Rows Removed by Filter: 34807887
  ->  Hash  (cost=168896.64..168896.64 rows=593496 width=8) (actual time=4013.240..4013.240 rows=641614 loops=1)
        Buckets: 131072 (originally 131072)  Batches: 16 (originally 8)  Memory Usage: 3073kB
        ->  Hash Join  (cost=93117.31..168896.64 rows=593496 width=8) (actual time=1932.611..3835.376 rows=641614 loops=1)
              Hash Cond: (mc.movie_id = t.id)
              ->  Seq Scan on movie_companies mc  (cost=0.00..51404.11 rows=965051 width=4) (actual time=0.041..959.120 rows=975389 loops=1)
                    Filter: (company_id > 17513)
                    Rows Removed by Filter: 1633740
              ->  Hash  (cost=67604.59..67604.59 rows=1555018 width=4) (actual time=1930.707..1930.707 rows=1551727 loops=1)
                    Buckets: 131072  Batches: 32  Memory Usage: 2728kB
                    ->  Seq Scan on title t  (cost=0.00..67604.59 rows=1555018 width=4) (actual time=0.017..1429.022 rows=1551727 loops=1)
                          Filter: (production_year < 2007)
                          Rows Removed by Filter: 976585
Planning time: 0.841 ms
Execution time: 19486.641 ms
