Seq Scan on movie_keyword mk  (cost=0.00..81003.12 rows=3273283 width=0) (actual time=0.016..1532.950 rows=3261683 loops=1)
  Filter: (keyword_id < 14181)
  Rows Removed by Filter: 1262247
Planning time: 0.293 ms
Execution time: 1927.792 ms
