Hash Join  (cost=87442.78..132850.61 rows=449635 width=0) (actual time=1486.266..2988.677 rows=785590 loops=1)
  Hash Cond: (mi_idx.movie_id = t.id)
  ->  Seq Scan on movie_info_idx mi_idx  (cost=0.00..21735.35 rows=1380035 width=4) (actual time=0.014..521.670 rows=1380035 loops=1)
  ->  Hash  (cost=73925.90..73925.90 rows=823830 width=4) (actual time=1485.306..1485.306 rows=737996 loops=1)
        Buckets: 131072  Batches: 16  Memory Usage: 2648kB
        ->  Seq Scan on title t  (cost=0.00..73925.90 rows=823830 width=4) (actual time=0.023..1258.032 rows=737996 loops=1)
              Filter: ((kind_id < 7) AND (production_year > 1968))
              Rows Removed by Filter: 1790316
Planning time: 0.544 ms
Execution time: 3083.759 ms
