Seq Scan on cast_info ci  (cost=0.00..796071.18 rows=5254070 width=0) (actual time=3691.666..13296.011 rows=2473146 loops=1)
  Filter: ((person_id < 2005720) AND (role_id > 4))
  Rows Removed by Filter: 33771198
Planning time: 0.333 ms
Execution time: 13593.138 ms
