Hash Join  (cost=75411.94..560850.91 rows=527904 width=0) (actual time=1039.825..12497.973 rows=742951 loops=1)
  Hash Cond: (mi.movie_id = t.id)
  ->  Seq Scan on movie_info mi  (cost=0.00..309384.22 rows=14739122 width=4) (actual time=0.026..5820.305 rows=14835720 loops=1)
  ->  Hash  (cost=73925.90..73925.90 rows=90563 width=4) (actual time=1038.791..1038.791 rows=80990 loops=1)
        Buckets: 131072  Batches: 2  Memory Usage: 2456kB
        ->  Seq Scan on title t  (cost=0.00..73925.90 rows=90563 width=4) (actual time=0.076..1005.939 rows=80990 loops=1)
              Filter: ((kind_id < 7) AND (production_year > 2011))
              Rows Removed by Filter: 2447322
Planning time: 0.844 ms
Execution time: 12595.832 ms
