Hash Join  (cost=101272.94..196571.00 rows=14350 width=0) (actual time=1826.459..3988.324 rows=16137 loops=1)
  Hash Cond: (mk.movie_id = t.id)
  ->  Seq Scan on movie_keyword mk  (cost=0.00..81003.12 rows=3773716 width=4) (actual time=0.023..1606.807 rows=3767045 loops=1)
        Filter: (keyword_id < 24735)
        Rows Removed by Filter: 756885
  ->  Hash  (cost=101152.75..101152.75 rows=9615 width=8) (actual time=1822.082..1822.082 rows=4464 loops=1)
        Buckets: 16384  Batches: 1  Memory Usage: 303kB
        ->  Hash Join  (cost=74146.12..101152.75 rows=9615 width=8) (actual time=1432.757..1820.113 rows=4464 loops=1)
              Hash Cond: (mi_idx.movie_id = t.id)
              ->  Seq Scan on movie_info_idx mi_idx  (cost=0.00..21735.35 rows=1380035 width=4) (actual time=0.013..322.173 rows=1380035 loops=1)
              ->  Hash  (cost=73925.90..73925.90 rows=17617 width=4) (actual time=1181.164..1181.164 rows=22021 loops=1)
                    Buckets: 32768  Batches: 1  Memory Usage: 1031kB
                    ->  Seq Scan on title t  (cost=0.00..73925.90 rows=17617 width=4) (actual time=190.774..1172.028 rows=22021 loops=1)
                          Filter: ((kind_id < 2) AND (production_year > 2012))
                          Rows Removed by Filter: 2506291
Planning time: 1.159 ms
Execution time: 3990.728 ms
