Hash Join  (cost=28267.65..779056.96 rows=6 width=0) (actual time=698.337..15171.611 rows=452 loops=1)
  Hash Cond: (ci.movie_id = t.id)
  ->  Seq Scan on cast_info ci  (cost=0.00..614943.12 rows=36225612 width=4) (actual time=0.017..8318.491 rows=36244344 loops=1)
  ->  Hash  (cost=28267.64..28267.64 rows=1 width=8) (actual time=429.813..429.813 rows=5 loops=1)
        Buckets: 1024  Batches: 1  Memory Usage: 9kB
        ->  Nested Loop  (cost=0.43..28267.64 rows=1 width=8) (actual time=227.400..429.801 rows=5 loops=1)
              ->  Seq Scan on movie_info_idx mi_idx  (cost=0.00..25185.44 rows=368 width=4) (actual time=209.442..408.887 rows=260 loops=1)
                    Filter: (info_type_id > 101)
                    Rows Removed by Filter: 1379775
              ->  Index Scan using title_pkey on title t  (cost=0.43..8.37 rows=1 width=4) (actual time=0.080..0.080 rows=0 loops=260)
                    Index Cond: (id = mi_idx.movie_id)
                    Filter: ((kind_id < 7) AND (production_year = 1988))
                    Rows Removed by Filter: 1
Planning time: 1.169 ms
Execution time: 15172.132 ms
