Seq Scan on movie_keyword mk  (cost=0.00..81003.12 rows=3119251 width=0) (actual time=0.020..1653.256 rows=3100995 loops=1)
  Filter: (keyword_id > 1958)
  Rows Removed by Filter: 1422935
Planning time: 0.300 ms
Execution time: 2051.979 ms
