Hash Join  (cost=80220.64..121506.08 rows=209396 width=0) (actual time=1702.287..2380.115 rows=96441 loops=1)
  Hash Cond: (mi_idx.movie_id = t.id)
  ->  Seq Scan on movie_info_idx mi_idx  (cost=0.00..21735.35 rows=1380035 width=4) (actual time=0.021..424.446 rows=1380035 loops=1)
  ->  Hash  (cost=73925.90..73925.90 rows=383659 width=4) (actual time=1329.144..1329.144 rows=265354 loops=1)
        Buckets: 131072  Batches: 8  Memory Usage: 2178kB
        ->  Seq Scan on title t  (cost=0.00..73925.90 rows=383659 width=4) (actual time=0.018..1243.429 rows=265354 loops=1)
              Filter: ((production_year < 1987) AND (kind_id = 7))
              Rows Removed by Filter: 2262958
Planning time: 3.585 ms
Execution time: 2392.562 ms
