Seq Scan on movie_keyword mk  (cost=0.00..81003.12 rows=1530789 width=0) (actual time=0.022..1197.456 rows=1544619 loops=1)
  Filter: (keyword_id > 10231)
  Rows Removed by Filter: 2979311
Planning time: 0.334 ms
Execution time: 1375.982 ms
