Hash Join  (cost=74223.04..904283.33 rows=83126 width=0) (actual time=1654.556..15063.653 rows=50361 loops=1)
  Hash Cond: (ci.movie_id = t.id)
  ->  Seq Scan on cast_info ci  (cost=0.00..796071.18 rows=8842092 width=4) (actual time=544.383..12746.091 rows=5364785 loops=1)
        Filter: ((person_id > 2325268) AND (role_id < 4))
        Rows Removed by Filter: 30879559
  ->  Hash  (cost=73925.90..73925.90 rows=23771 width=4) (actual time=1109.860..1109.860 rows=20633 loops=1)
        Buckets: 32768  Batches: 1  Memory Usage: 982kB
        ->  Seq Scan on title t  (cost=0.00..73925.90 rows=23771 width=4) (actual time=0.133..1100.536 rows=20633 loops=1)
              Filter: ((kind_id < 7) AND (production_year = 2002))
              Rows Removed by Filter: 2507679
Planning time: 0.836 ms
Execution time: 15072.457 ms
