Seq Scan on title t  (cost=0.00..73925.90 rows=337 width=0) (actual time=167.209..1174.011 rows=602 loops=1)
  Filter: ((kind_id = 4) AND (production_year = 1985))
  Rows Removed by Filter: 2527710
Planning time: 5.935 ms
Execution time: 1174.374 ms
