Seq Scan on cast_info ci  (cost=0.00..796071.18 rows=8801526 width=0) (actual time=5017.428..14380.530 rows=4675288 loops=1)
  Filter: ((person_id > 1088727) AND (role_id = 1))
  Rows Removed by Filter: 31569056
Planning time: 0.420 ms
Execution time: 14964.785 ms
