Hash Join  (cost=221924.67..780653.47 rows=7396588 width=0) (actual time=5108.007..22807.726 rows=17389186 loops=1)
  Hash Cond: (mi.movie_id = t.id)
  ->  Seq Scan on movie_info mi  (cost=0.00..309384.22 rows=14739122 width=4) (actual time=0.020..6208.275 rows=14835720 loops=1)
  ->  Hash  (cost=201106.42..201106.42 rows=1268900 width=8) (actual time=5106.995..5106.995 rows=1216012 loops=1)
        Buckets: 131072  Batches: 32  Memory Usage: 2510kB
        ->  Hash Join  (cost=102767.86..201106.42 rows=1268900 width=8) (actual time=2263.357..4788.219 rows=1216012 loops=1)
              Hash Cond: (mc.movie_id = t.id)
              ->  Seq Scan on movie_companies mc  (cost=0.00..57926.93 rows=1268900 width=4) (actual time=0.016..1219.496 rows=1216012 loops=1)
                    Filter: ((company_id < 146960) AND (company_type_id > 1))
                    Rows Removed by Filter: 1393117
              ->  Hash  (cost=61283.27..61283.27 rows=2528527 width=4) (actual time=2261.632..2261.632 rows=2528312 loops=1)
                    Buckets: 131072  Batches: 64  Memory Usage: 2415kB
                    ->  Seq Scan on title t  (cost=0.00..61283.27 rows=2528527 width=4) (actual time=0.018..1147.231 rows=2528312 loops=1)
Planning time: 1.169 ms
Execution time: 24659.716 ms
