Seq Scan on cast_info ci  (cost=0.00..796071.18 rows=4180160 width=0) (actual time=7446.157..13690.837 rows=8531381 loops=1)
  Filter: ((person_id < 1161286) AND (role_id < 2))
  Rows Removed by Filter: 27712963
Planning time: 0.234 ms
Execution time: 14794.076 ms
