Hash Join  (cost=95087.33..172047.75 rows=628031 width=0) (actual time=1945.752..3921.672 rows=540087 loops=1)
  Hash Cond: (mc.movie_id = t.id)
  ->  Seq Scan on movie_companies mc  (cost=0.00..51404.11 rows=1231199 width=4) (actual time=0.022..996.912 rows=1219174 loops=1)
        Filter: (company_id < 11138)
        Rows Removed by Filter: 1389955
  ->  Hash  (cost=73925.90..73925.90 rows=1289794 width=4) (actual time=1944.013..1944.013 rows=1413747 loops=1)
        Buckets: 131072  Batches: 32  Memory Usage: 2586kB
        ->  Seq Scan on title t  (cost=0.00..73925.90 rows=1289794 width=4) (actual time=0.017..1486.646 rows=1413747 loops=1)
              Filter: ((kind_id > 1) AND (production_year > 1990))
              Rows Removed by Filter: 1114565
Planning time: 0.749 ms
Execution time: 3985.390 ms
