Hash Join  (cost=73983.02..100905.45 rows=833 width=0) (actual time=1239.777..1804.320 rows=998 loops=1)
  Hash Cond: (mi_idx.movie_id = t.id)
  ->  Seq Scan on movie_info_idx mi_idx  (cost=0.00..25185.44 rows=460978 width=4) (actual time=0.020..467.069 rows=459925 loops=1)
        Filter: (info_type_id < 100)
        Rows Removed by Filter: 920110
  ->  Hash  (cost=73925.90..73925.90 rows=4569 width=4) (actual time=1238.436..1238.436 rows=7927 loops=1)
        Buckets: 8192  Batches: 1  Memory Usage: 343kB
        ->  Seq Scan on title t  (cost=0.00..73925.90 rows=4569 width=4) (actual time=0.023..1234.598 rows=7927 loops=1)
              Filter: ((kind_id > 4) AND (production_year = 1976))
              Rows Removed by Filter: 2520385
Planning time: 8.139 ms
Execution time: 1804.557 ms
