Seq Scan on movie_keyword mk  (cost=0.00..81003.12 rows=3430712 width=0) (actual time=0.017..792.459 rows=3425442 loops=1)
  Filter: (keyword_id > 1126)
  Rows Removed by Filter: 1098488
Planning time: 0.344 ms
Execution time: 1058.482 ms
