Seq Scan on cast_info ci  (cost=0.00..796071.18 rows=17342787 width=0) (actual time=2622.983..15363.855 rows=16259363 loops=1)
  Filter: ((person_id > 971178) AND (role_id < 4))
  Rows Removed by Filter: 19984981
Planning time: 0.378 ms
Execution time: 17204.919 ms
