Hash Join  (cost=449380.33..1246878.69 rows=3798 width=0) (actual time=17899.958..21111.961 rows=3150 loops=1)
  Hash Cond: (ci.movie_id = t.id)
  ->  Seq Scan on cast_info ci  (cost=0.00..796071.18 rows=51637 width=4) (actual time=8220.527..11404.993 rows=27635 loops=1)
        Filter: ((person_id < 199053) AND (role_id = 5))
        Rows Removed by Filter: 36216709
  ->  Hash  (cost=446328.21..446328.21 rows=186010 width=8) (actual time=9677.467..9677.467 rows=152193 loops=1)
        Buckets: 131072  Batches: 4  Memory Usage: 2483kB
        ->  Hash Join  (cost=74869.42..446328.21 rows=186010 width=8) (actual time=1333.842..9624.267 rows=152193 loops=1)
              Hash Cond: (mi.movie_id = t.id)
              ->  Seq Scan on movie_info mi  (cost=0.00..346232.03 rows=6231111 width=4) (actual time=0.015..5507.148 rows=6223494 loops=1)
                    Filter: (info_type_id > 8)
                    Rows Removed by Filter: 8612226
              ->  Hash  (cost=73925.90..73925.90 rows=75481 width=4) (actual time=1332.784..1332.784 rows=88220 loops=1)
                    Buckets: 131072 (originally 131072)  Batches: 2 (originally 1)  Memory Usage: 3073kB
                    ->  Seq Scan on title t  (cost=0.00..73925.90 rows=75481 width=4) (actual time=0.019..1291.486 rows=88220 loops=1)
                          Filter: ((kind_id > 2) AND (production_year = 2006))
                          Rows Removed by Filter: 2440092
Planning time: 1.327 ms
Execution time: 21112.497 ms
