Hash Join  (cost=92883.59..705339.40 rows=8386639 width=0) (actual time=2710.461..17031.233 rows=3817589 loops=1)
  Hash Cond: (mi.movie_id = t.id)
  ->  Seq Scan on movie_info mi  (cost=0.00..346232.03 rows=13762879 width=4) (actual time=0.017..7368.720 rows=13802459 loops=1)
        Filter: (info_type_id < 82)
        Rows Removed by Filter: 1033261
  ->  Hash  (cost=67604.59..67604.59 rows=1540800 width=4) (actual time=1859.045..1859.045 rows=1543264 loops=1)
        Buckets: 131072  Batches: 32  Memory Usage: 2728kB
        ->  Seq Scan on title t  (cost=0.00..67604.59 rows=1540800 width=4) (actual time=0.020..1351.008 rows=1543264 loops=1)
              Filter: (kind_id = 7)
              Rows Removed by Filter: 985048
Planning time: 0.753 ms
Execution time: 17472.982 ms
