Hash Join  (cost=162729.85..651764.69 rows=1311694 width=0) (actual time=3436.648..15371.004 rows=982132 loops=1)
  Hash Cond: (mi.movie_id = t.id)
  ->  Seq Scan on movie_info mi  (cost=0.00..346232.03 rows=11115165 width=4) (actual time=0.016..7023.853 rows=11210743 loops=1)
        Filter: (info_type_id > 3)
        Rows Removed by Filter: 3624977
  ->  Hash  (cost=157833.98..157833.98 rows=298390 width=8) (actual time=3435.058..3435.058 rows=167483 loops=1)
        Buckets: 131072  Batches: 4  Memory Usage: 2689kB
        ->  Hash Join  (cost=78670.55..157833.98 rows=298390 width=8) (actual time=1345.084..3379.910 rows=167483 loops=1)
              Hash Cond: (mc.movie_id = t.id)
              ->  Seq Scan on movie_companies mc  (cost=0.00..44881.29 rows=2609129 width=4) (actual time=0.009..887.852 rows=2609129 loops=1)
              ->  Hash  (cost=73925.90..73925.90 rows=289172 width=4) (actual time=1344.169..1344.169 rows=292674 loops=1)
                    Buckets: 131072  Batches: 4  Memory Usage: 3617kB
                    ->  Seq Scan on title t  (cost=0.00..73925.90 rows=289172 width=4) (actual time=0.033..1247.832 rows=292674 loops=1)
                          Filter: ((kind_id > 1) AND (production_year > 2010))
                          Rows Removed by Filter: 2235638
Planning time: 1.380 ms
Execution time: 15495.200 ms
