Hash Join  (cost=174462.15..1364264.15 rows=15185780 width=0) (actual time=4803.994..44708.127 rows=32876505 loops=1)
  Hash Cond: (ci.movie_id = t.id)
  ->  Seq Scan on cast_info ci  (cost=0.00..614943.12 rows=36225612 width=4) (actual time=0.010..13158.629 rows=36244344 loops=1)
  ->  Hash  (cost=157071.66..157071.66 rows=1059959 width=8) (actual time=4802.889..4802.889 rows=1051116 loops=1)
        Buckets: 131072  Batches: 16  Memory Usage: 3600kB
        ->  Hash Join  (cost=99467.55..157071.66 rows=1059959 width=8) (actual time=2690.122..4509.004 rows=1051116 loops=1)
              Hash Cond: (mi_idx.movie_id = t.id)
              ->  Seq Scan on movie_info_idx mi_idx  (cost=0.00..21735.35 rows=1380035 width=4) (actual time=0.025..508.974 rows=1380035 loops=1)
              ->  Hash  (cost=67604.59..67604.59 rows=1942077 width=4) (actual time=2689.080..2689.080 rows=1932484 loops=1)
                    Buckets: 131072  Batches: 32  Memory Usage: 3155kB
                    ->  Seq Scan on title t  (cost=0.00..67604.59 rows=1942077 width=4) (actual time=0.014..1421.095 rows=1932484 loops=1)
                          Filter: (production_year > 1980)
                          Rows Removed by Filter: 595828
Planning time: 0.773 ms
Execution time: 48152.731 ms
