Hash Join  (cost=113706.41..899761.55 rows=545685 width=0) (actual time=2184.895..22209.133 rows=431306 loops=1)
  Hash Cond: (ci.movie_id = t.id)
  ->  Seq Scan on cast_info ci  (cost=0.00..705507.15 rows=20024311 width=4) (actual time=0.019..15080.217 rows=20122661 loops=1)
        Filter: (role_id < 3)
        Rows Removed by Filter: 16121683
  ->  Hash  (cost=112845.10..112845.10 rows=68905 width=8) (actual time=2184.073..2184.073 rows=32147 loops=1)
        Buckets: 131072  Batches: 1  Memory Usage: 2280kB
        ->  Hash Join  (cost=80220.64..112845.10 rows=68905 width=8) (actual time=1477.364..2171.650 rows=32147 loops=1)
              Hash Cond: (mi_idx.movie_id = t.id)
              ->  Seq Scan on movie_info_idx mi_idx  (cost=0.00..25185.44 rows=454124 width=4) (actual time=0.022..476.338 rows=459925 loops=1)
                    Filter: (info_type_id = 100)
                    Rows Removed by Filter: 920110
              ->  Hash  (cost=73925.90..73925.90 rows=383659 width=4) (actual time=1465.198..1465.198 rows=265354 loops=1)
                    Buckets: 131072  Batches: 8  Memory Usage: 2178kB
                    ->  Seq Scan on title t  (cost=0.00..73925.90 rows=383659 width=4) (actual time=35.595..1374.247 rows=265354 loops=1)
                          Filter: ((production_year < 1987) AND (kind_id = 7))
                          Rows Removed by Filter: 2262958
Planning time: 1.295 ms
Execution time: 22266.495 ms
