Hash Join  (cost=67697.55..94625.21 rows=1356 width=0) (actual time=1125.310..1639.817 rows=3122 loops=1)
  Hash Cond: (mi_idx.movie_id = t.id)
  ->  Seq Scan on movie_info_idx mi_idx  (cost=0.00..25185.44 rows=460978 width=4) (actual time=0.020..410.264 rows=459925 loops=1)
        Filter: (info_type_id = 99)
        Rows Removed by Filter: 920110
  ->  Hash  (cost=67604.59..67604.59 rows=7437 width=4) (actual time=1125.174..1125.174 rows=14349 loops=1)
        Buckets: 16384 (originally 8192)  Batches: 1 (originally 1)  Memory Usage: 633kB
        ->  Seq Scan on title t  (cost=0.00..67604.59 rows=7437 width=4) (actual time=0.091..1118.138 rows=14349 loops=1)
              Filter: (production_year = 1969)
              Rows Removed by Filter: 2513963
Planning time: 0.710 ms
Execution time: 1640.629 ms
