Hash Join  (cost=96094.99..247551.24 rows=2417521 width=0) (actual time=1949.431..6228.196 rows=1350559 loops=1)
  Hash Cond: (mk.movie_id = t.id)
  ->  Seq Scan on movie_keyword mk  (cost=0.00..69693.30 rows=4523930 width=4) (actual time=0.015..1554.530 rows=4523930 loops=1)
  ->  Hash  (cost=73925.90..73925.90 rows=1351207 width=4) (actual time=1947.977..1947.977 rows=1478140 loops=1)
        Buckets: 131072  Batches: 32  Memory Usage: 2664kB
        ->  Seq Scan on title t  (cost=0.00..73925.90 rows=1351207 width=4) (actual time=0.026..1465.292 rows=1478140 loops=1)
              Filter: ((kind_id > 1) AND (production_year > 1986))
              Rows Removed by Filter: 1050172
Planning time: 0.771 ms
Execution time: 6372.844 ms
