Nested Loop  (cost=0.43..798787.41 rows=324 width=0) (actual time=4598.953..12519.149 rows=933 loops=1)
  ->  Seq Scan on cast_info ci  (cost=0.00..796071.18 rows=324 width=4) (actual time=4598.774..12506.688 rows=933 loops=1)
        Filter: ((role_id > 1) AND (person_id = 2405272))
        Rows Removed by Filter: 36243411
  ->  Index Only Scan using title_pkey on title t  (cost=0.43..8.37 rows=1 width=4) (actual time=0.012..0.013 rows=1 loops=933)
        Index Cond: (id = ci.movie_id)
        Heap Fetches: 933
Planning time: 0.703 ms
Execution time: 12519.451 ms
