Seq Scan on cast_info ci  (cost=0.00..796071.18 rows=6310605 width=0) (actual time=0.024..11614.541 rows=2685938 loops=1)
  Filter: ((person_id < 938472) AND (role_id > 1))
  Rows Removed by Filter: 33558406
Planning time: 4.063 ms
Execution time: 11935.861 ms
