Hash Join  (cost=92883.59..164027.60 rows=442230 width=0) (actual time=1840.612..3220.456 rows=185264 loops=1)
  Hash Cond: (mc.movie_id = t.id)
  ->  Seq Scan on movie_companies mc  (cost=0.00..51404.11 rows=725721 width=4) (actual time=0.020..898.950 rows=730137 loops=1)
        Filter: (company_id > 40592)
        Rows Removed by Filter: 1878992
  ->  Hash  (cost=67604.59..67604.59 rows=1540800 width=4) (actual time=1650.147..1650.147 rows=1543264 loops=1)
        Buckets: 131072  Batches: 32  Memory Usage: 2722kB
        ->  Seq Scan on title t  (cost=0.00..67604.59 rows=1540800 width=4) (actual time=101.809..1155.707 rows=1543264 loops=1)
              Filter: (kind_id = 7)
              Rows Removed by Filter: 985048
Planning time: 0.722 ms
Execution time: 3242.203 ms
