Seq Scan on cast_info ci  (cost=0.00..796071.18 rows=392 width=0) (actual time=12409.831..14670.541 rows=938 loops=1)
  Filter: ((role_id < 7) AND (person_id = 1552136))
  Rows Removed by Filter: 36243406
Planning time: 0.397 ms
Execution time: 14670.762 ms
