Seq Scan on title t  (cost=0.00..73925.90 rows=731972 width=0) (actual time=0.027..1305.787 rows=635910 loops=1)
  Filter: ((kind_id < 7) AND (production_year > 1984))
  Rows Removed by Filter: 1892402
Planning time: 0.341 ms
Execution time: 1389.630 ms
