Hash Join  (cost=878168.64..965122.15 rows=29548 width=0) (actual time=15610.457..17504.512 rows=35742 loops=1)
  Hash Cond: (mk.movie_id = t.id)
  ->  Seq Scan on movie_keyword mk  (cost=0.00..69693.30 rows=4523930 width=4) (actual time=0.020..1038.833 rows=4523930 loops=1)
  ->  Hash  (cost=877962.20..877962.20 rows=16515 width=8) (actual time=15610.117..15610.117 rows=38795 loops=1)
        Buckets: 65536 (originally 32768)  Batches: 1 (originally 1)  Memory Usage: 2028kB
        ->  Hash Join  (cost=75199.97..877962.20 rows=16515 width=8) (actual time=10564.018..15595.658 rows=38795 loops=1)
              Hash Cond: (ci.movie_id = t.id)
              ->  Seq Scan on cast_info ci  (cost=0.00..796071.18 rows=538107 width=4) (actual time=9316.169..13843.976 rows=861976 loops=1)
                    Filter: ((person_id > 1915066) AND (role_id = 9))
                    Rows Removed by Filter: 35382368
              ->  Hash  (cost=73925.90..73925.90 rows=77605 width=4) (actual time=1246.920..1246.920 rows=84684 loops=1)
                    Buckets: 131072  Batches: 2  Memory Usage: 2512kB
                    ->  Seq Scan on title t  (cost=0.00..73925.90 rows=77605 width=4) (actual time=128.490..1215.497 rows=84684 loops=1)
                          Filter: ((kind_id = 7) AND (production_year = 2009))
                          Rows Removed by Filter: 2443628
Planning time: 1.220 ms
Execution time: 17509.069 ms
