Hash Join  (cost=798855.22..825767.51 rows=181 width=0) (actual time=12772.084..13331.197 rows=390 loops=1)
  Hash Cond: (mi_idx.movie_id = t.id)
  ->  Seq Scan on movie_info_idx mi_idx  (cost=0.00..21735.35 rows=1380035 width=4) (actual time=0.014..319.042 rows=1380035 loops=1)
  ->  Hash  (cost=798851.07..798851.07 rows=332 width=8) (actual time=12768.428..12768.428 rows=172 loops=1)
        Buckets: 1024  Batches: 1  Memory Usage: 15kB
        ->  Nested Loop  (cost=0.43..798851.07 rows=332 width=8) (actual time=2611.029..12768.329 rows=172 loops=1)
              ->  Seq Scan on cast_info ci  (cost=0.00..796071.18 rows=332 width=4) (actual time=2610.838..12764.542 rows=172 loops=1)
                    Filter: ((role_id < 4) AND (person_id = 1254570))
                    Rows Removed by Filter: 36244172
              ->  Index Only Scan using title_pkey on title t  (cost=0.43..8.36 rows=1 width=4) (actual time=0.021..0.021 rows=1 loops=172)
                    Index Cond: (id = ci.movie_id)
                    Heap Fetches: 172
Planning time: 1.188 ms
Execution time: 13331.368 ms
