Hash Join  (cost=510374.62..656494.55 rows=1823892 width=0) (actual time=9293.573..14038.555 rows=4068854 loops=1)
  Hash Cond: (mk.movie_id = t.id)
  ->  Seq Scan on movie_keyword mk  (cost=0.00..81003.12 rows=3624236 width=4) (actual time=0.015..1768.856 rows=3624033 loops=1)
        Filter: (keyword_id < 20509)
        Rows Removed by Filter: 899897
  ->  Hash  (cost=489497.65..489497.65 rows=1272478 width=8) (actual time=9288.681..9288.681 rows=1325361 loops=1)
        Buckets: 131072  Batches: 32  Memory Usage: 2648kB
        ->  Hash Join  (cost=102767.86..489497.65 rows=1272478 width=8) (actual time=4717.556..8879.436 rows=1325361 loops=1)
              Hash Cond: (mi.movie_id = t.id)
              ->  Seq Scan on movie_info mi  (cost=0.00..346232.03 rows=1272478 width=4) (actual time=2800.728..5365.006 rows=1325361 loops=1)
                    Filter: (info_type_id = 8)
                    Rows Removed by Filter: 13510359
              ->  Hash  (cost=61283.27..61283.27 rows=2528527 width=4) (actual time=1915.456..1915.456 rows=2528312 loops=1)
                    Buckets: 131072  Batches: 64  Memory Usage: 2425kB
                    ->  Seq Scan on title t  (cost=0.00..61283.27 rows=2528527 width=4) (actual time=0.023..1040.517 rows=2528312 loops=1)
Planning time: 1.097 ms
Execution time: 14537.127 ms
