Hash Join  (cost=307979.73..1871680.78 rows=42767287 width=0) (actual time=7977.142..77247.259 rows=163953740 loops=1)
  Hash Cond: (ci.movie_id = t.id)
  ->  Seq Scan on cast_info ci  (cost=0.00..614943.12 rows=36225612 width=4) (actual time=0.024..13786.106 rows=36244344 loops=1)
  ->  Hash  (cost=259004.58..259004.58 rows=2985132 width=8) (actual time=7975.746..7975.746 rows=3613802 loops=1)
        Buckets: 131072  Batches: 64  Memory Usage: 3229kB
        ->  Hash Join  (cost=94978.31..259004.58 rows=2985132 width=8) (actual time=1828.072..6683.062 rows=3613802 loops=1)
              Hash Cond: (mk.movie_id = t.id)
              ->  Seq Scan on movie_keyword mk  (cost=0.00..69693.30 rows=4523930 width=4) (actual time=0.027..1570.664 rows=4523930 loops=1)
              ->  Hash  (cost=67604.59..67604.59 rows=1668458 width=4) (actual time=1826.345..1826.345 rows=1671292 loops=1)
                    Buckets: 131072  Batches: 32  Memory Usage: 2866kB
                    ->  Seq Scan on title t  (cost=0.00..67604.59 rows=1668458 width=4) (actual time=0.019..1256.301 rows=1671292 loops=1)
                          Filter: (production_year < 2008)
                          Rows Removed by Filter: 857020
Planning time: 1.200 ms
Execution time: 94569.372 ms
