Seq Scan on cast_info ci  (cost=0.00..796071.18 rows=10160189 width=0) (actual time=6560.007..13553.146 rows=12398917 loops=1)
  Filter: ((person_id > 1327142) AND (role_id > 2))
  Rows Removed by Filter: 23845427
Planning time: 0.321 ms
Execution time: 14866.361 ms
