Hash Join  (cost=83074.74..109989.30 rows=45 width=156) (actual time=1515.844..2027.064 rows=47 loops=1)
  Hash Cond: (mi_idx.movie_id = t.id)
  ->  Seq Scan on movie_info_idx mi_idx  (cost=0.00..25185.44 rows=460978 width=50) (actual time=0.023..449.692 rows=459925 loops=1)
        Filter: (info_type_id = 99)
        Rows Removed by Filter: 920110
  ->  Hash  (cost=83071.67..83071.67 rows=246 width=106) (actual time=1515.293..1515.293 rows=61 loops=1)
        Buckets: 1024  Batches: 1  Memory Usage: 16kB
        ->  Nested Loop  (cost=0.43..83071.67 rows=246 width=106) (actual time=136.084..1515.136 rows=61 loops=1)
              ->  Seq Scan on movie_keyword mk  (cost=0.00..81003.12 rows=246 width=12) (actual time=136.016..1502.791 rows=61 loops=1)
                    Filter: (keyword_id = 623)
                    Rows Removed by Filter: 4523869
              ->  Index Scan using title_pkey on title t  (cost=0.43..8.40 rows=1 width=94) (actual time=0.194..0.195 rows=1 loops=61)
                    Index Cond: (id = mk.movie_id)
Planning time: 0.894 ms
Execution time: 2027.169 ms
