Seq Scan on cast_info ci  (cost=0.00..796071.18 rows=64 width=0) (actual time=1179.351..12639.178 rows=1 loops=1)
  Filter: ((role_id > 9) AND (person_id = 4004416))
  Rows Removed by Filter: 36244343
Planning time: 0.256 ms
Execution time: 12639.287 ms
