Seq Scan on cast_info ci  (cost=0.00..796071.18 rows=5813382 width=0) (actual time=9148.894..12763.431 rows=2609551 loops=1)
  Filter: ((person_id < 2248854) AND (role_id > 4))
  Rows Removed by Filter: 33634793
Planning time: 0.325 ms
Execution time: 13076.568 ms
