Hash Join  (cost=71587.82..566492.33 rows=1414958 width=0) (actual time=1136.377..14141.420 rows=2582786 loops=1)
  Hash Cond: (mi.movie_id = t.id)
  ->  Seq Scan on movie_info mi  (cost=0.00..309384.22 rows=14739122 width=4) (actual time=0.009..5792.315 rows=14835720 loops=1)
  ->  Hash  (cost=67604.59..67604.59 rows=242739 width=4) (actual time=1132.259..1132.259 rows=241400 loops=1)
        Buckets: 131072  Batches: 4  Memory Usage: 3153kB
        ->  Seq Scan on title t  (cost=0.00..67604.59 rows=242739 width=4) (actual time=0.026..1048.319 rows=241400 loops=1)
              Filter: (production_year < 1960)
              Rows Removed by Filter: 2286912
Planning time: 0.755 ms
Execution time: 14461.231 ms
