Hash Join  (cost=83072.93..111704.84 rows=1 width=0) (actual time=1413.798..1760.740 rows=4 loops=1)
  Hash Cond: (mi_idx.movie_id = t.id)
  ->  Seq Scan on movie_info_idx mi_idx  (cost=0.00..25185.44 rows=919057 width=4) (actual time=0.025..444.868 rows=920110 loops=1)
        Filter: (info_type_id > 99)
        Rows Removed by Filter: 459925
  ->  Hash  (cost=83072.90..83072.90 rows=2 width=8) (actual time=1185.886..1185.886 rows=3 loops=1)
        Buckets: 1024  Batches: 1  Memory Usage: 9kB
        ->  Nested Loop  (cost=0.43..83072.90 rows=2 width=8) (actual time=977.155..1185.876 rows=3 loops=1)
              ->  Seq Scan on movie_keyword mk  (cost=0.00..81003.12 rows=246 width=4) (actual time=1.850..1166.575 rows=570 loops=1)
                    Filter: (keyword_id = 7582)
                    Rows Removed by Filter: 4523360
              ->  Index Scan using title_pkey on title t  (cost=0.43..8.40 rows=1 width=4) (actual time=0.032..0.032 rows=0 loops=570)
                    Index Cond: (id = mk.movie_id)
                    Filter: ((kind_id < 7) AND (production_year = 1995))
                    Rows Removed by Filter: 1
Planning time: 1.216 ms
Execution time: 1760.883 ms
