Hash Join  (cost=130496.16..496168.98 rows=101689 width=0) (actual time=2451.919..9815.275 rows=976784 loops=1)
  Hash Cond: (mi.movie_id = t.id)
  ->  Seq Scan on movie_info mi  (cost=0.00..309384.22 rows=14739122 width=4) (actual time=0.013..4026.965 rows=14835720 loops=1)
  ->  Hash  (cost=130278.10..130278.10 rows=17445 width=8) (actual time=2451.426..2451.426 rows=13925 loops=1)
        Buckets: 32768  Batches: 1  Memory Usage: 800kB
        ->  Hash Join  (cost=68113.45..130278.10 rows=17445 width=8) (actual time=1106.454..2445.778 rows=13925 loops=1)
              Hash Cond: (mc.movie_id = t.id)
              ->  Seq Scan on movie_companies mc  (cost=0.00..57926.93 rows=1083537 width=4) (actual time=0.025..1117.026 rows=969601 loops=1)
                    Filter: ((company_id > 250) AND (company_type_id < 2))
                    Rows Removed by Filter: 1639528
              ->  Hash  (cost=67604.59..67604.59 rows=40709 width=4) (actual time=1106.087..1106.087 rows=38955 loops=1)
                    Buckets: 65536  Batches: 1  Memory Usage: 1882kB
                    ->  Seq Scan on title t  (cost=0.00..67604.59 rows=40709 width=4) (actual time=0.011..1089.299 rows=38955 loops=1)
                          Filter: (production_year = 1997)
                          Rows Removed by Filter: 2489357
Planning time: 2.065 ms
Execution time: 9944.619 ms
