Hash Join  (cost=67697.55..158788.91 rows=7851 width=0) (actual time=1129.551..3044.499 rows=28919 loops=1)
  Hash Cond: (mk.movie_id = t.id)
  ->  Seq Scan on movie_keyword mk  (cost=0.00..81003.12 rows=2669259 width=4) (actual time=0.025..1471.474 rows=2663984 loops=1)
        Filter: (keyword_id < 7423)
        Rows Removed by Filter: 1859946
  ->  Hash  (cost=67604.59..67604.59 rows=7437 width=4) (actual time=1129.407..1129.407 rows=20122 loops=1)
        Buckets: 32768 (originally 8192)  Batches: 1 (originally 1)  Memory Usage: 964kB
        ->  Seq Scan on title t  (cost=0.00..67604.59 rows=7437 width=4) (actual time=0.055..1116.596 rows=20122 loops=1)
              Filter: (production_year = 1987)
              Rows Removed by Filter: 2508190
Planning time: 0.715 ms
Execution time: 3048.735 ms
