Seq Scan on cast_info ci  (cost=0.00..796071.18 rows=176 width=0) (actual time=3607.707..10433.156 rows=62 loops=1)
  Filter: ((person_id = 1211089) AND (role_id = 1))
  Rows Removed by Filter: 36244282
Planning time: 0.287 ms
Execution time: 10433.272 ms
