Hash Join  (cost=73950.44..132945.73 rows=221 width=0) (actual time=1042.904..1491.727 rows=115 loops=1)
  Hash Cond: (mc.movie_id = t.id)
  ->  Seq Scan on movie_companies mc  (cost=0.00..57926.93 rows=284305 width=4) (actual time=95.574..684.146 rows=144393 loops=1)
        Filter: ((company_id < 575) AND (company_type_id > 1))
        Rows Removed by Filter: 2464736
  ->  Hash  (cost=73925.90..73925.90 rows=1963 width=4) (actual time=781.601..781.601 rows=2736 loops=1)
        Buckets: 4096 (originally 2048)  Batches: 1 (originally 1)  Memory Usage: 129kB
        ->  Seq Scan on title t  (cost=0.00..73925.90 rows=1963 width=4) (actual time=0.298..780.200 rows=2736 loops=1)
              Filter: ((kind_id = 1) AND (production_year = 1953))
              Rows Removed by Filter: 2525576
Planning time: 0.842 ms
Execution time: 1491.873 ms
