Hash Join  (cost=240406.96..1460192.88 rows=18104578 width=0) (actual time=5976.593..53380.336 rows=69027477 loops=1)
  Hash Cond: (ci.movie_id = t.id)
  ->  Seq Scan on cast_info ci  (cost=0.00..614943.12 rows=36225612 width=4) (actual time=0.018..13443.626 rows=36244344 loops=1)
  ->  Hash  (cost=219673.85..219673.85 rows=1263689 width=8) (actual time=5975.526..5975.526 rows=1518363 loops=1)
        Buckets: 131072  Batches: 32  Memory Usage: 2857kB
        ->  Hash Join  (cost=94978.31..219673.85 rows=1263689 width=8) (actual time=2398.884..5529.332 rows=1518363 loops=1)
              Hash Cond: (mk.movie_id = t.id)
              ->  Seq Scan on movie_keyword mk  (cost=0.00..81003.12 rows=1915105 width=4) (actual time=0.015..1530.503 rows=1923437 loops=1)
                    Filter: (keyword_id > 6976)
                    Rows Removed by Filter: 2600493
              ->  Hash  (cost=67604.59..67604.59 rows=1668458 width=4) (actual time=2397.473..2397.473 rows=1671292 loops=1)
                    Buckets: 131072  Batches: 32  Memory Usage: 2866kB
                    ->  Seq Scan on title t  (cost=0.00..67604.59 rows=1668458 width=4) (actual time=0.022..1229.637 rows=1671292 loops=1)
                          Filter: (production_year < 2008)
                          Rows Removed by Filter: 857020
Planning time: 1.165 ms
Execution time: 61007.801 ms
