Nested Loop  (cost=0.43..83072.29 rows=186 width=0) (actual time=1.055..1306.784 rows=1956 loops=1)
  ->  Seq Scan on movie_keyword mk  (cost=0.00..81003.12 rows=246 width=4) (actual time=0.954..1201.876 rows=2682 loops=1)
        Filter: (keyword_id = 261)
        Rows Removed by Filter: 4521248
  ->  Index Scan using title_pkey on title t  (cost=0.43..8.40 rows=1 width=4) (actual time=0.038..0.038 rows=1 loops=2682)
        Index Cond: (id = mk.movie_id)
        Filter: (production_year > 1982)
        Rows Removed by Filter: 0
Planning time: 0.694 ms
Execution time: 1307.532 ms
