Seq Scan on movie_companies mc  (cost=0.00..57926.93 rows=308545 width=0) (actual time=108.733..541.900 rows=169381 loops=1)
  Filter: ((company_id < 689) AND (company_type_id > 1))
  Rows Removed by Filter: 2439748
Planning time: 0.202 ms
Execution time: 557.909 ms
