Seq Scan on movie_keyword mk  (cost=0.00..81003.12 rows=722618 width=0) (actual time=0.026..1387.912 rows=717833 loops=1)
  Filter: (keyword_id < 629)
  Rows Removed by Filter: 3806097
Planning time: 0.305 ms
Execution time: 1479.518 ms
