Hash Join  (cost=157428.71..982713.08 rows=215521 width=0) (actual time=605.729..19866.252 rows=13833 loops=1)
  Hash Cond: (ci.movie_id = t.id)
  ->  Seq Scan on cast_info ci  (cost=0.00..705507.15 rows=31365868 width=4) (actual time=0.022..13538.368 rows=31348125 loops=1)
        Filter: (person_id < 3183993)
        Rows Removed by Filter: 4896219
  ->  Hash  (cost=157211.54..157211.54 rows=17374 width=8) (actual time=602.260..602.260 rows=619 loops=1)
        Buckets: 32768  Batches: 1  Memory Usage: 281kB
        ->  Nested Loop  (cost=0.43..157211.54 rows=17374 width=8) (actual time=263.201..601.917 rows=619 loops=1)
              ->  Seq Scan on movie_companies mc  (cost=0.00..57926.93 rows=17374 width=4) (actual time=263.124..589.674 rows=619 loops=1)
                    Filter: ((company_type_id > 1) AND (company_id = 160))
                    Rows Removed by Filter: 2608510
              ->  Index Only Scan using title_pkey on title t  (cost=0.43..5.70 rows=1 width=4) (actual time=0.019..0.019 rows=1 loops=619)
                    Index Cond: (id = mc.movie_id)
                    Heap Fetches: 619
Planning time: 1.060 ms
Execution time: 19870.649 ms
