Hash Join  (cost=102767.86..209965.94 rows=1908183 width=0) (actual time=1877.987..4907.065 rows=1917840 loops=1)
  Hash Cond: (mc.movie_id = t.id)
  ->  Seq Scan on movie_companies mc  (cost=0.00..51404.11 rows=1908183 width=4) (actual time=0.022..1068.530 rows=1917840 loops=1)
        Filter: (company_id > 1270)
        Rows Removed by Filter: 691289
  ->  Hash  (cost=61283.27..61283.27 rows=2528527 width=4) (actual time=1876.972..1876.972 rows=2528312 loops=1)
        Buckets: 131072  Batches: 64  Memory Usage: 2415kB
        ->  Seq Scan on title t  (cost=0.00..61283.27 rows=2528527 width=4) (actual time=0.016..1069.848 rows=2528312 loops=1)
Planning time: 0.751 ms
Execution time: 5137.189 ms
