Seq Scan on movie_keyword mk  (cost=0.00..81003.12 rows=379587 width=0) (actual time=0.022..688.036 rows=377561 loops=1)
  Filter: (keyword_id > 45125)
  Rows Removed by Filter: 4146369
Planning time: 6.102 ms
Execution time: 718.720 ms
