Hash Join  (cost=154654.97..952632.47 rows=190631 width=0) (actual time=2741.062..18628.143 rows=5191 loops=1)
  Hash Cond: (ci.movie_id = t.id)
  ->  Seq Scan on cast_info ci  (cost=0.00..614943.12 rows=36225612 width=4) (actual time=0.022..8940.465 rows=36244344 loops=1)
  ->  Hash  (cost=154488.65..154488.65 rows=13306 width=8) (actual time=2731.324..2731.324 rows=642 loops=1)
        Buckets: 16384  Batches: 1  Memory Usage: 154kB
        ->  Hash Join  (cost=67697.55..154488.65 rows=13306 width=8) (actual time=1019.924..2730.755 rows=642 loops=1)
              Hash Cond: (mk.movie_id = t.id)
              ->  Seq Scan on movie_keyword mk  (cost=0.00..69693.30 rows=4523930 width=4) (actual time=0.015..968.612 rows=4523930 loops=1)
              ->  Hash  (cost=67604.59..67604.59 rows=7437 width=4) (actual time=1014.264..1014.264 rows=3417 loops=1)
                    Buckets: 8192  Batches: 1  Memory Usage: 185kB
                    ->  Seq Scan on title t  (cost=0.00..67604.59 rows=7437 width=4) (actual time=526.155..1012.642 rows=3417 loops=1)
                          Filter: (production_year = 1909)
                          Rows Removed by Filter: 2524895
Planning time: 1.070 ms
Execution time: 18629.426 ms
