Seq Scan on movie_keyword mk  (cost=0.00..81003.12 rows=1919285 width=0) (actual time=0.030..1468.928 rows=1936459 loops=1)
  Filter: (keyword_id < 3329)
  Rows Removed by Filter: 2587471
Planning time: 0.389 ms
Execution time: 1712.645 ms
