Hash Join  (cost=80148.57..112890.86 rows=69735 width=0) (actual time=1425.477..2133.713 rows=159046 loops=1)
  Hash Cond: (mi_idx.movie_id = t.id)
  ->  Seq Scan on movie_info_idx mi_idx  (cost=0.00..25185.44 rows=464934 width=4) (actual time=0.029..416.032 rows=460185 loops=1)
        Filter: (info_type_id > 100)
        Rows Removed by Filter: 919850
  ->  Hash  (cost=73925.90..73925.90 rows=379253 width=4) (actual time=1424.557..1424.557 rows=461364 loops=1)
        Buckets: 131072  Batches: 8  Memory Usage: 3063kB
        ->  Seq Scan on title t  (cost=0.00..73925.90 rows=379253 width=4) (actual time=0.058..1278.924 rows=461364 loops=1)
              Filter: ((kind_id < 3) AND (production_year < 2004))
              Rows Removed by Filter: 2066948
Planning time: 0.538 ms
Execution time: 2148.964 ms
