Hash Join  (cost=800379.31..827290.80 rows=101 width=0) (actual time=18955.982..19553.690 rows=28231 loops=1)
  Hash Cond: (mi_idx.movie_id = t.id)
  ->  Seq Scan on movie_info_idx mi_idx  (cost=0.00..21735.35 rows=1380035 width=4) (actual time=0.017..289.567 rows=1380035 loops=1)
  ->  Hash  (cost=800377.00..800377.00 rows=185 width=8) (actual time=18955.872..18955.872 rows=24354 loops=1)
        Buckets: 32768 (originally 1024)  Batches: 1 (originally 1)  Memory Usage: 1208kB
        ->  Nested Loop  (cost=0.43..800377.00 rows=185 width=8) (actual time=2031.434..18943.441 rows=24354 loops=1)
              ->  Seq Scan on cast_info ci  (cost=0.00..796071.18 rows=517 width=4) (actual time=2031.299..11014.947 rows=71353 loops=1)
                    Filter: ((person_id > 4050950) AND (role_id > 10))
                    Rows Removed by Filter: 36172991
              ->  Index Scan using title_pkey on title t  (cost=0.43..8.32 rows=1 width=4) (actual time=0.111..0.111 rows=0 loops=71353)
                    Index Cond: (id = ci.movie_id)
                    Filter: (production_year > 2006)
                    Rows Removed by Filter: 1
Planning time: 0.710 ms
Execution time: 19557.647 ms
