Seq Scan on movie_companies mc  (cost=0.00..57926.93 rows=649025 width=0) (actual time=383.386..1049.519 rows=410171 loops=1)
  Filter: ((company_id < 11203) AND (company_type_id > 1))
  Rows Removed by Filter: 2198958
Planning time: 17.001 ms
Execution time: 1106.397 ms
