Hash Join  (cost=447293.72..486929.59 rows=113238 width=0) (actual time=7405.657..8509.959 rows=345207 loops=1)
  Hash Cond: (mi_idx.movie_id = t.id)
  ->  Seq Scan on movie_info_idx mi_idx  (cost=0.00..21735.35 rows=1380035 width=4) (actual time=0.022..483.570 rows=1380035 loops=1)
  ->  Hash  (cost=443889.27..443889.27 rows=207476 width=8) (actual time=7404.954..7404.954 rows=137395 loops=1)
        Buckets: 131072  Batches: 4  Memory Usage: 2329kB
        ->  Hash Join  (cost=85777.42..443889.27 rows=207476 width=8) (actual time=2614.840..7358.029 rows=137395 loops=1)
              Hash Cond: (mi.movie_id = t.id)
              ->  Seq Scan on movie_info mi  (cost=0.00..346232.03 rows=473617 width=4) (actual time=986.846..5262.944 rows=486554 loops=1)
                    Filter: (info_type_id = 5)
                    Rows Removed by Filter: 14349166
              ->  Hash  (cost=67604.59..67604.59 rows=1107667 width=4) (actual time=1626.307..1626.307 rows=1107925 loops=1)
                    Buckets: 131072  Batches: 16  Memory Usage: 3466kB
                    ->  Seq Scan on title t  (cost=0.00..67604.59 rows=1107667 width=4) (actual time=0.023..1255.846 rows=1107925 loops=1)
                          Filter: (production_year > 2004)
                          Rows Removed by Filter: 1420387
Planning time: 1.099 ms
Execution time: 8553.335 ms
