Hash Join  (cost=102767.86..247366.20 rows=2232321 width=0) (actual time=2399.529..6074.277 rows=2231011 loops=1)
  Hash Cond: (mk.movie_id = t.id)
  ->  Seq Scan on movie_keyword mk  (cost=0.00..81003.12 rows=2232321 width=4) (actual time=0.023..1611.522 rows=2231011 loops=1)
        Filter: (keyword_id > 4899)
        Rows Removed by Filter: 2292919
  ->  Hash  (cost=61283.27..61283.27 rows=2528527 width=4) (actual time=2398.403..2398.403 rows=2528312 loops=1)
        Buckets: 131072  Batches: 64  Memory Usage: 2425kB
        ->  Seq Scan on title t  (cost=0.00..61283.27 rows=2528527 width=4) (actual time=0.033..1221.370 rows=2528312 loops=1)
Planning time: 0.719 ms
Execution time: 6342.122 ms
