Seq Scan on cast_info ci  (cost=0.00..705507.15 rows=500 width=0) (actual time=2235.174..11239.680 rows=208 loops=1)
  Filter: (person_id = 3103961)
  Rows Removed by Filter: 36244136
Planning time: 0.354 ms
Execution time: 11239.866 ms
