Seq Scan on title t  (cost=0.00..73925.90 rows=733147 width=0) (actual time=0.013..1263.545 rows=800171 loops=1)
  Filter: ((kind_id > 4) AND (production_year > 2003))
  Rows Removed by Filter: 1728141
Planning time: 2.430 ms
Execution time: 1366.489 ms
