Hash Join  (cost=83810.17..197730.08 rows=733772 width=0) (actual time=1427.387..4306.533 rows=1635977 loops=1)
  Hash Cond: (mk.movie_id = t.id)
  ->  Seq Scan on movie_keyword mk  (cost=0.00..81003.12 rows=1878416 width=4) (actual time=0.020..1434.248 rows=1889994 loops=1)
        Filter: (keyword_id < 3235)
        Rows Removed by Filter: 2633936
  ->  Hash  (cost=67604.59..67604.59 rows=987727 width=4) (actual time=1426.361..1426.361 rows=985048 loops=1)
        Buckets: 131072  Batches: 16  Memory Usage: 3197kB
        ->  Seq Scan on title t  (cost=0.00..67604.59 rows=987727 width=4) (actual time=0.022..1111.418 rows=985048 loops=1)
              Filter: (kind_id < 7)
              Rows Removed by Filter: 1543264
Planning time: 0.762 ms
Execution time: 4507.734 ms
