Hash Join  (cost=68257.79..95453.48 rows=28521 width=0) (actual time=1079.274..1763.804 rows=34547 loops=1)
  Hash Cond: (mi_idx.movie_id = t.id)
  ->  Seq Scan on movie_info_idx mi_idx  (cost=0.00..21735.35 rows=1380035 width=4) (actual time=0.024..323.653 rows=1380035 loops=1)
  ->  Hash  (cost=67604.59..67604.59 rows=52256 width=4) (actual time=1078.556..1078.556 rows=53013 loops=1)
        Buckets: 65536  Batches: 1  Memory Usage: 2376kB
        ->  Seq Scan on title t  (cost=0.00..67604.59 rows=52256 width=4) (actual time=0.020..1056.811 rows=53013 loops=1)
              Filter: (production_year = 2000)
              Rows Removed by Filter: 2475299
Planning time: 0.775 ms
Execution time: 1769.006 ms
