Hash Join  (cost=75523.33..163351.72 rows=20759 width=0) (actual time=1490.375..2984.539 rows=27942 loops=1)
  Hash Cond: (mk.movie_id = t.id)
  ->  Seq Scan on movie_keyword mk  (cost=0.00..81003.12 rows=539380 width=4) (actual time=0.023..1297.911 rows=534830 loops=1)
        Filter: (keyword_id > 34307)
        Rows Removed by Filter: 3989100
  ->  Hash  (cost=73925.90..73925.90 rows=97314 width=4) (actual time=1489.586..1489.586 rows=100458 loops=1)
        Buckets: 131072  Batches: 2  Memory Usage: 2801kB
        ->  Seq Scan on title t  (cost=0.00..73925.90 rows=97314 width=4) (actual time=0.016..1452.038 rows=100458 loops=1)
              Filter: ((production_year > 1914) AND (kind_id = 3))
              Rows Removed by Filter: 2427854
Planning time: 0.675 ms
Execution time: 2988.648 ms
