Nested Loop  (cost=0.43..83072.29 rows=4 width=0) (actual time=3.737..1452.299 rows=6 loops=1)
  ->  Seq Scan on movie_keyword mk  (cost=0.00..81003.12 rows=246 width=4) (actual time=0.138..1372.263 rows=1688 loops=1)
        Filter: (keyword_id = 7639)
        Rows Removed by Filter: 4522242
  ->  Index Scan using title_pkey on title t  (cost=0.43..8.40 rows=1 width=4) (actual time=0.045..0.045 rows=0 loops=1688)
        Index Cond: (id = mk.movie_id)
        Filter: (production_year = 1996)
        Rows Removed by Filter: 1
Planning time: 0.829 ms
Execution time: 1452.401 ms
