Hash Join  (cost=92883.59..1247773.63 rows=14290055 width=0) (actual time=1742.223..33817.111 rows=13660492 loops=1)
  Hash Cond: (ci.movie_id = t.id)
  ->  Seq Scan on cast_info ci  (cost=0.00..705507.15 rows=23450669 width=4) (actual time=0.027..14900.234 rows=23348590 loops=1)
        Filter: (person_id < 2389155)
        Rows Removed by Filter: 12895754
  ->  Hash  (cost=67604.59..67604.59 rows=1540800 width=4) (actual time=1740.870..1740.870 rows=1543264 loops=1)
        Buckets: 131072  Batches: 32  Memory Usage: 2722kB
        ->  Seq Scan on title t  (cost=0.00..67604.59 rows=1540800 width=4) (actual time=0.014..1256.946 rows=1543264 loops=1)
              Filter: (kind_id = 7)
              Rows Removed by Filter: 985048
Planning time: 0.737 ms
Execution time: 35426.483 ms
