Seq Scan on cast_info ci  (cost=0.00..796071.18 rows=15253927 width=0) (actual time=2352.080..16136.878 rows=13977600 loops=1)
  Filter: ((person_id > 835966) AND (role_id < 3))
  Rows Removed by Filter: 22266744
Planning time: 0.295 ms
Execution time: 17842.143 ms
