Hash Join  (cost=102767.86..243144.05 rows=2056927 width=0) (actual time=2106.210..5557.604 rows=2063974 loops=1)
  Hash Cond: (mk.movie_id = t.id)
  ->  Seq Scan on movie_keyword mk  (cost=0.00..81003.12 rows=2056927 width=4) (actual time=0.018..1606.244 rows=2063974 loops=1)
        Filter: (keyword_id < 3663)
        Rows Removed by Filter: 2459956
  ->  Hash  (cost=61283.27..61283.27 rows=2528527 width=4) (actual time=2104.615..2104.615 rows=2528312 loops=1)
        Buckets: 131072  Batches: 64  Memory Usage: 2425kB
        ->  Seq Scan on title t  (cost=0.00..61283.27 rows=2528527 width=4) (actual time=0.039..1253.211 rows=2528312 loops=1)
Planning time: 0.703 ms
Execution time: 5796.658 ms
