Hash Join  (cost=73962.22..100888.56 rows=1586 width=0) (actual time=860.296..1420.400 rows=3614 loops=1)
  Hash Cond: (mi_idx.movie_id = t.id)
  ->  Seq Scan on movie_info_idx mi_idx  (cost=0.00..21735.35 rows=1380035 width=4) (actual time=0.021..270.840 rows=1380035 loops=1)
  ->  Hash  (cost=73925.90..73925.90 rows=2905 width=4) (actual time=860.010..860.010 rows=3172 loops=1)
        Buckets: 4096  Batches: 1  Memory Usage: 144kB
        ->  Seq Scan on title t  (cost=0.00..73925.90 rows=2905 width=4) (actual time=0.143..858.411 rows=3172 loops=1)
              Filter: ((kind_id < 7) AND (production_year = 1953))
              Rows Removed by Filter: 2525140
Planning time: 0.664 ms
Execution time: 1421.068 ms
