Hash Join  (cost=925095.67..1606110.87 rows=15403847 width=0) (actual time=16921.106..49019.552 rows=65653270 loops=1)
  Hash Cond: (mi.movie_id = t.id)
  ->  Seq Scan on movie_info mi  (cost=0.00..309384.22 rows=14739122 width=4) (actual time=0.023..6395.091 rows=14835720 loops=1)
  ->  Hash  (cost=881740.64..881740.64 rows=2642562 width=8) (actual time=16919.636..16919.636 rows=2684616 loops=1)
        Buckets: 131072  Batches: 64  Memory Usage: 2723kB
        ->  Hash Join  (cost=102767.86..881740.64 rows=2642562 width=8) (actual time=6023.176..16091.709 rows=2684616 loops=1)
              Hash Cond: (ci.movie_id = t.id)
              ->  Seq Scan on cast_info ci  (cost=0.00..705507.15 rows=2642562 width=4) (actual time=4064.222..11276.915 rows=2684616 loops=1)
                    Filter: (person_id > 3546143)
                    Rows Removed by Filter: 33559728
              ->  Hash  (cost=61283.27..61283.27 rows=2528527 width=4) (actual time=1957.893..1957.893 rows=2528312 loops=1)
                    Buckets: 131072  Batches: 64  Memory Usage: 2415kB
                    ->  Seq Scan on title t  (cost=0.00..61283.27 rows=2528527 width=4) (actual time=0.025..1113.179 rows=2528312 loops=1)
Planning time: 1.856 ms
Execution time: 56714.140 ms
