Seq Scan on movie_keyword mk  (cost=0.00..81003.12 rows=246 width=0) (actual time=181.123..1229.277 rows=11 loops=1)
  Filter: (keyword_id = 60890)
  Rows Removed by Filter: 4523919
Planning time: 0.324 ms
Execution time: 1229.372 ms
