Seq Scan on movie_companies mc  (cost=0.00..51404.11 rows=1909106 width=0) (actual time=0.020..929.443 rows=1918272 loops=1)
  Filter: (company_id > 1263)
  Rows Removed by Filter: 690857
Planning time: 0.287 ms
Execution time: 1174.832 ms
