Nested Loop  (cost=0.43..52284.21 rows=29 width=0) (actual time=252.220..605.667 rows=1 loops=1)
  ->  Seq Scan on movie_companies mc  (cost=0.00..51404.11 rows=104 width=4) (actual time=252.165..605.610 rows=1 loops=1)
        Filter: (company_id = 155340)
        Rows Removed by Filter: 2609128
  ->  Index Scan using title_pkey on title t  (cost=0.43..8.45 rows=1 width=4) (actual time=0.049..0.050 rows=1 loops=1)
        Index Cond: (id = mc.movie_id)
        Filter: ((kind_id < 7) AND (production_year < 2009))
Planning time: 0.729 ms
Execution time: 605.769 ms
