Hash Join  (cost=75540.77..199688.14 rows=176033 width=0) (actual time=1645.697..4587.140 rows=250818 loops=1)
  Hash Cond: (mk.movie_id = t.id)
  ->  Seq Scan on movie_keyword mk  (cost=0.00..69693.30 rows=4523930 width=4) (actual time=0.023..1432.932 rows=4523930 loops=1)
  ->  Hash  (cost=73925.90..73925.90 rows=98389 width=4) (actual time=1281.181..1281.181 rows=100458 loops=1)
        Buckets: 131072  Batches: 2  Memory Usage: 2801kB
        ->  Seq Scan on title t  (cost=0.00..73925.90 rows=98389 width=4) (actual time=0.024..1244.728 rows=100458 loops=1)
              Filter: ((production_year > 1910) AND (kind_id = 3))
              Rows Removed by Filter: 2427854
Planning time: 0.713 ms
Execution time: 4614.301 ms
