Seq Scan on movie_keyword mk  (cost=0.00..81003.12 rows=1834985 width=0) (actual time=0.025..1412.747 rows=1843405 loops=1)
  Filter: (keyword_id < 3055)
  Rows Removed by Filter: 2680525
Planning time: 0.327 ms
Execution time: 1647.528 ms
