Hash Join  (cost=121013.29..610003.17 rows=860697 width=0) (actual time=2740.016..17920.382 rows=7610498 loops=1)
  Hash Cond: (mi.movie_id = t.id)
  ->  Seq Scan on movie_info mi  (cost=0.00..309384.22 rows=14739122 width=4) (actual time=0.023..5723.030 rows=14835720 loops=1)
  ->  Hash  (cost=118590.61..118590.61 rows=147654 width=8) (actual time=2739.061..2739.061 rows=357502 loops=1)
        Buckets: 131072 (originally 131072)  Batches: 8 (originally 2)  Memory Usage: 3073kB
        ->  Hash Join  (cost=78364.59..118590.61 rows=147654 width=8) (actual time=1322.861..2610.048 rows=357502 loops=1)
              Hash Cond: (mi_idx.movie_id = t.id)
              ->  Seq Scan on movie_info_idx mi_idx  (cost=0.00..21735.35 rows=1380035 width=4) (actual time=0.020..460.135 rows=1380035 loops=1)
              ->  Hash  (cost=73925.90..73925.90 rows=270535 width=4) (actual time=1321.967..1321.967 rows=374196 loops=1)
                    Buckets: 131072 (originally 131072)  Batches: 8 (originally 4)  Memory Usage: 3073kB
                    ->  Seq Scan on title t  (cost=0.00..73925.90 rows=270535 width=4) (actual time=0.015..1204.586 rows=374196 loops=1)
                          Filter: ((production_year < 2000) AND (kind_id = 1))
                          Rows Removed by Filter: 2154116
Planning time: 1.155 ms
Execution time: 18754.633 ms
