Seq Scan on cast_info ci  (cost=0.00..796071.18 rows=5770330 width=0) (actual time=7525.990..14120.873 rows=11742214 loops=1)
  Filter: ((person_id < 1612473) AND (role_id < 2))
  Rows Removed by Filter: 24502130
Planning time: 1.006 ms
Execution time: 15605.076 ms
