Seq Scan on cast_info ci  (cost=0.00..705507.15 rows=500 width=0) (actual time=3199.871..11212.202 rows=31 loops=1)
  Filter: (person_id = 2489423)
  Rows Removed by Filter: 36244313
Planning time: 0.394 ms
Execution time: 11212.326 ms
