Seq Scan on cast_info ci  (cost=0.00..705507.15 rows=500 width=0) (actual time=4155.135..10465.885 rows=1 loops=1)
  Filter: (person_id = 3872199)
  Rows Removed by Filter: 36244343
Planning time: 0.410 ms
Execution time: 10465.980 ms
