Nested Loop  (cost=0.43..83072.29 rows=74 width=0) (actual time=25.567..1356.165 rows=190 loops=1)
  ->  Seq Scan on movie_keyword mk  (cost=0.00..81003.12 rows=246 width=4) (actual time=14.842..1345.346 rows=251 loops=1)
        Filter: (keyword_id = 14260)
        Rows Removed by Filter: 4523679
  ->  Index Scan using title_pkey on title t  (cost=0.43..8.40 rows=1 width=4) (actual time=0.040..0.040 rows=1 loops=251)
        Index Cond: (id = mk.movie_id)
        Filter: (kind_id < 3)
        Rows Removed by Filter: 0
Planning time: 0.682 ms
Execution time: 1356.369 ms
