Hash Join  (cost=102767.86..916384.98 rows=4082337 width=0) (actual time=2895.480..16965.977 rows=3960471 loops=1)
  Hash Cond: (ci.movie_id = t.id)
  ->  Seq Scan on cast_info ci  (cost=0.00..705507.15 rows=4082337 width=4) (actual time=924.198..11315.590 rows=3960471 loops=1)
        Filter: (person_id < 379683)
        Rows Removed by Filter: 32283873
  ->  Hash  (cost=61283.27..61283.27 rows=2528527 width=4) (actual time=1969.304..1969.304 rows=2528312 loops=1)
        Buckets: 131072  Batches: 64  Memory Usage: 2415kB
        ->  Seq Scan on title t  (cost=0.00..61283.27 rows=2528527 width=4) (actual time=0.023..1125.714 rows=2528312 loops=1)
Planning time: 0.700 ms
Execution time: 17390.966 ms
