Hash Join  (cost=669865.82..2633177.48 rows=72851642 width=0) (actual time=16464.619..113888.687 rows=247130327 loops=1)
  Hash Cond: (ci.movie_id = t.id)
  ->  Seq Scan on cast_info ci  (cost=0.00..614943.12 rows=36225612 width=4) (actual time=0.019..13778.338 rows=36244344 loops=1)
  ->  Hash  (cost=586439.29..586439.29 rows=5085003 width=8) (actual time=16461.973..16461.973 rows=5174483 loops=1)
        Buckets: 131072  Batches: 128  Memory Usage: 2589kB
        ->  Hash Join  (cost=101458.67..586439.29 rows=5085003 width=8) (actual time=2804.987..14937.798 rows=5174483 loops=1)
              Hash Cond: (mi.movie_id = t.id)
              ->  Seq Scan on movie_info mi  (cost=0.00..346232.03 rows=6231111 width=4) (actual time=31.323..6482.162 rows=6223494 loops=1)
                    Filter: (info_type_id > 8)
                    Rows Removed by Filter: 8612226
              ->  Hash  (cost=67604.59..67604.59 rows=2063447 width=4) (actual time=2772.191..2772.191 rows=2060346 loops=1)
                    Buckets: 131072  Batches: 32  Memory Usage: 3302kB
                    ->  Seq Scan on title t  (cost=0.00..67604.59 rows=2063447 width=4) (actual time=0.025..1395.553 rows=2060346 loops=1)
                          Filter: (production_year > 1971)
                          Rows Removed by Filter: 467966
Planning time: 1.104 ms
Execution time: 142033.713 ms
