Hash Join  (cost=269587.12..1380209.98 rows=16709658 width=0) (actual time=6511.684..42533.382 rows=39584095 loops=1)
  Hash Cond: (ci.movie_id = t.id)
  ->  Seq Scan on cast_info ci  (cost=0.00..705507.15 rows=16201301 width=4) (actual time=0.019..15305.612 rows=16121683 loops=1)
        Filter: (role_id > 2)
        Rows Removed by Filter: 20122661
  ->  Hash  (cost=226801.79..226801.79 rows=2607866 width=8) (actual time=6510.035..6510.035 rows=2607968 loops=1)
        Buckets: 131072  Batches: 64  Memory Usage: 2609kB
        ->  Hash Join  (cost=102767.86..226801.79 rows=2607866 width=8) (actual time=1959.029..5749.148 rows=2607968 loops=1)
              Hash Cond: (mc.movie_id = t.id)
              ->  Seq Scan on movie_companies mc  (cost=0.00..51404.11 rows=2607866 width=4) (actual time=0.014..1169.792 rows=2607968 loops=1)
                    Filter: (company_id < 233862)
                    Rows Removed by Filter: 1161
              ->  Hash  (cost=61283.27..61283.27 rows=2528527 width=4) (actual time=1957.927..1957.927 rows=2528312 loops=1)
                    Buckets: 131072  Batches: 64  Memory Usage: 2415kB
                    ->  Seq Scan on title t  (cost=0.00..61283.27 rows=2528527 width=4) (actual time=0.020..1112.268 rows=2528312 loops=1)
Planning time: 1.128 ms
Execution time: 47024.052 ms
