Seq Scan on movie_companies mc  (cost=0.00..57926.93 rows=989658 width=0) (actual time=89.241..1102.000 rows=1148598 loops=1)
  Filter: ((company_id > 966) AND (company_type_id = 2))
  Rows Removed by Filter: 1460531
Planning time: 0.296 ms
Execution time: 1242.315 ms
