Hash Join  (cost=81878.30..450898.26 rows=297119 width=0) (actual time=6008.524..7561.910 rows=661411 loops=1)
  Hash Cond: (mi.movie_id = t.id)
  ->  Seq Scan on movie_info mi  (cost=0.00..346232.03 rows=1550064 width=4) (actual time=4565.505..5290.146 rows=1533909 loops=1)
        Filter: (info_type_id = 3)
        Rows Removed by Filter: 13301811
  ->  Hash  (cost=73925.90..73925.90 rows=484672 width=4) (actual time=1341.094..1341.094 rows=355227 loops=1)
        Buckets: 131072  Batches: 8  Memory Usage: 2599kB
        ->  Seq Scan on title t  (cost=0.00..73925.90 rows=484672 width=4) (actual time=0.040..1224.665 rows=355227 loops=1)
              Filter: ((production_year > 1986) AND (kind_id = 1))
              Rows Removed by Filter: 2173085
Planning time: 0.807 ms
Execution time: 7637.149 ms
