Hash Join  (cost=101994.24..468136.72 rows=148654 width=0) (actual time=5851.145..27132.954 rows=47769 loops=1)
  Hash Cond: (mi.movie_id = t.id)
  ->  Seq Scan on movie_info mi  (cost=0.00..309384.22 rows=14739122 width=4) (actual time=0.026..16913.717 rows=14835720 loops=1)
  ->  Hash  (cost=101675.47..101675.47 rows=25502 width=8) (actual time=5835.881..5835.881 rows=9165 loops=1)
        Buckets: 32768  Batches: 1  Memory Usage: 615kB
        ->  Hash Join  (cost=74509.97..101675.47 rows=25502 width=8) (actual time=3988.728..5832.081 rows=9165 loops=1)
              Hash Cond: (mi_idx.movie_id = t.id)
              ->  Seq Scan on movie_info_idx mi_idx  (cost=0.00..21735.35 rows=1380035 width=4) (actual time=0.018..1401.384 rows=1380035 loops=1)
              ->  Hash  (cost=73925.90..73925.90 rows=46725 width=4) (actual time=3987.854..3987.854 rows=43011 loops=1)
                    Buckets: 65536  Batches: 1  Memory Usage: 2025kB
                    ->  Seq Scan on title t  (cost=0.00..73925.90 rows=46725 width=4) (actual time=0.358..3965.515 rows=43011 loops=1)
                          Filter: ((kind_id > 2) AND (production_year > 2012))
                          Rows Removed by Filter: 2485301
Planning time: 1.105 ms
Execution time: 27140.899 ms
