Hash Join  (cost=73982.55..130207.79 rows=2293 width=0) (actual time=3961.054..7351.861 rows=3309 loops=1)
  Hash Cond: (mc.movie_id = t.id)
  ->  Seq Scan on movie_companies mc  (cost=0.00..51404.11 rows=1279517 width=4) (actual time=0.019..3044.892 rows=1274246 loops=1)
        Filter: (company_type_id = 1)
        Rows Removed by Filter: 1334883
  ->  Hash  (cost=73925.90..73925.90 rows=4532 width=4) (actual time=3959.333..3959.333 rows=7945 loops=1)
        Buckets: 8192  Batches: 1  Memory Usage: 344kB
        ->  Seq Scan on title t  (cost=0.00..73925.90 rows=4532 width=4) (actual time=0.016..3953.829 rows=7945 loops=1)
              Filter: ((kind_id = 7) AND (production_year = 1977))
              Rows Removed by Filter: 2520367
Planning time: 0.742 ms
Execution time: 7352.448 ms
