Seq Scan on movie_keyword mk  (cost=0.00..81003.12 rows=3543079 width=0) (actual time=0.024..5147.308 rows=3538289 loops=1)
  Filter: (keyword_id < 18764)
  Rows Removed by Filter: 985641
Planning time: 0.520 ms
Execution time: 5767.045 ms
