Hash Join  (cost=101230.44..196846.15 rows=13254 width=0) (actual time=5285.381..11151.961 rows=160360 loops=1)
  Hash Cond: (mk.movie_id = t.id)
  ->  Seq Scan on movie_keyword mk  (cost=0.00..81003.12 rows=3861346 width=4) (actual time=0.015..4839.402 rows=3855103 loops=1)
        Filter: (keyword_id < 28011)
        Rows Removed by Filter: 668827
  ->  Hash  (cost=101121.95..101121.95 rows=8679 width=8) (actual time=5284.892..5284.892 rows=17437 loops=1)
        Buckets: 32768 (originally 16384)  Batches: 1 (originally 1)  Memory Usage: 938kB
        ->  Hash Join  (cost=74124.68..101121.95 rows=8679 width=8) (actual time=3488.906..5277.939 rows=17437 loops=1)
              Hash Cond: (mi_idx.movie_id = t.id)
              ->  Seq Scan on movie_info_idx mi_idx  (cost=0.00..21735.35 rows=1380035 width=4) (actual time=0.016..1275.734 rows=1380035 loops=1)
              ->  Hash  (cost=73925.90..73925.90 rows=15902 width=4) (actual time=3488.796..3488.796 rows=12969 loops=1)
                    Buckets: 16384  Batches: 1  Memory Usage: 584kB
                    ->  Seq Scan on title t  (cost=0.00..73925.90 rows=15902 width=4) (actual time=0.028..3482.365 rows=12969 loops=1)
                          Filter: ((kind_id < 7) AND (production_year = 1997))
                          Rows Removed by Filter: 2515343
Planning time: 3.556 ms
Execution time: 11173.822 ms
