Hash Join  (cost=102767.86..287351.28 rows=3894049 width=0) (actual time=5610.104..17318.754 rows=3888027 loops=1)
  Hash Cond: (mk.movie_id = t.id)
  ->  Seq Scan on movie_keyword mk  (cost=0.00..81003.12 rows=3894049 width=4) (actual time=0.025..6442.018 rows=3888027 loops=1)
        Filter: (keyword_id < 29033)
        Rows Removed by Filter: 635903
  ->  Hash  (cost=61283.27..61283.27 rows=2528527 width=4) (actual time=5607.849..5607.849 rows=2528312 loops=1)
        Buckets: 131072  Batches: 64  Memory Usage: 2425kB
        ->  Seq Scan on title t  (cost=0.00..61283.27 rows=2528527 width=4) (actual time=0.025..4312.307 rows=2528312 loops=1)
Planning time: 15.883 ms
Execution time: 17858.031 ms
