Hash Join  (cost=81206.46..444598.11 rows=203246 width=0) (actual time=12343.615..20172.214 rows=570163 loops=1)
  Hash Cond: (mi.movie_id = t.id)
  ->  Seq Scan on movie_info mi  (cost=0.00..346232.03 rows=1158179 width=4) (actual time=8704.796..15392.991 rows=1204709 loops=1)
        Filter: (info_type_id > 18)
        Rows Removed by Filter: 13631011
  ->  Hash  (cost=73925.90..73925.90 rows=443724 width=4) (actual time=3637.849..3637.849 rows=536860 loops=1)
        Buckets: 131072  Batches: 8  Memory Usage: 3403kB
        ->  Seq Scan on title t  (cost=0.00..73925.90 rows=443724 width=4) (actual time=0.031..3082.507 rows=536860 loops=1)
              Filter: ((kind_id < 7) AND (production_year < 2002))
              Rows Removed by Filter: 1991452
Planning time: 0.793 ms
Execution time: 20292.497 ms
