Hash Join  (cost=511236.41..1602780.68 rows=3176110 width=0) (actual time=29399.375..91940.479 rows=9366330 loops=1)
  Hash Cond: (ci.movie_id = t.id)
  ->  Seq Scan on cast_info ci  (cost=0.00..705507.15 rows=25104008 width=4) (actual time=0.016..44756.481 rows=25134696 loops=1)
        Filter: (person_id < 2591432)
        Rows Removed by Filter: 11109648
  ->  Hash  (cost=505987.61..505987.61 rows=319904 width=8) (actual time=29398.381..29398.381 rows=339883 loops=1)
        Buckets: 131072  Batches: 8  Memory Usage: 2716kB
        ->  Hash Join  (cost=69374.09..505987.61 rows=319904 width=8) (actual time=3724.667..29053.745 rows=339883 loops=1)
              Hash Cond: (mi.movie_id = t.id)
              ->  Seq Scan on movie_info mi  (cost=0.00..346232.03 rows=7503588 width=4) (actual time=0.025..20950.638 rows=7548855 loops=1)
                    Filter: (info_type_id > 7)
                    Rows Removed by Filter: 7286865
              ->  Hash  (cost=67604.59..67604.59 rows=107800 width=4) (actual time=3723.891..3723.891 rows=108429 loops=1)
                    Buckets: 131072  Batches: 2  Memory Usage: 2938kB
                    ->  Seq Scan on title t  (cost=0.00..67604.59 rows=107800 width=4) (actual time=0.020..3671.687 rows=108429 loops=1)
                          Filter: (production_year = 2006)
                          Rows Removed by Filter: 2419883
Planning time: 1.142 ms
Execution time: 93335.981 ms
