Hash Join  (cost=156845.23..243419.99 rows=836023 width=0) (actual time=8221.645..14225.405 rows=2113401 loops=1)
  Hash Cond: (mc.movie_id = t.id)
  ->  Seq Scan on movie_companies mc  (cost=0.00..44881.29 rows=2609129 width=4) (actual time=0.021..3264.059 rows=2609129 loops=1)
  ->  Hash  (cost=143552.76..143552.76 rows=810197 width=8) (actual time=8220.618..8220.618 rows=729984 loops=1)
        Buckets: 131072  Batches: 16  Memory Usage: 2801kB
        ->  Hash Join  (cost=91959.31..143552.76 rows=810197 width=8) (actual time=5012.656..7993.799 rows=729984 loops=1)
              Hash Cond: (mi_idx.movie_id = t.id)
              ->  Seq Scan on movie_info_idx mi_idx  (cost=0.00..21735.35 rows=1380035 width=4) (actual time=0.022..1587.179 rows=1380035 loops=1)
              ->  Hash  (cost=67604.59..67604.59 rows=1484458 width=4) (actual time=5011.401..5011.401 rows=1485030 loops=1)
                    Buckets: 131072  Batches: 32  Memory Usage: 2655kB
                    ->  Seq Scan on title t  (cost=0.00..67604.59 rows=1484458 width=4) (actual time=0.014..4381.159 rows=1485030 loops=1)
                          Filter: (production_year > 1998)
                          Rows Removed by Filter: 1043282
Planning time: 1.315 ms
Execution time: 14563.814 ms
