Hash Join  (cost=99467.55..141546.58 rows=348797 width=0) (actual time=5801.811..8320.590 rows=350323 loops=1)
  Hash Cond: (mi_idx.movie_id = t.id)
  ->  Seq Scan on movie_info_idx mi_idx  (cost=0.00..25185.44 rows=454124 width=4) (actual time=0.032..1459.190 rows=459925 loops=1)
        Filter: (info_type_id = 100)
        Rows Removed by Filter: 920110
  ->  Hash  (cost=67604.59..67604.59 rows=1942077 width=4) (actual time=5800.691..5800.691 rows=1932484 loops=1)
        Buckets: 131072  Batches: 32  Memory Usage: 3155kB
        ->  Seq Scan on title t  (cost=0.00..67604.59 rows=1942077 width=4) (actual time=0.027..4309.634 rows=1932484 loops=1)
              Filter: (production_year > 1980)
              Rows Removed by Filter: 595828
Planning time: 0.971 ms
Execution time: 8367.792 ms
