Hash Join  (cost=74690.97..162444.05 rows=109505 width=0) (actual time=4114.111..9855.904 rows=86329 loops=1)
  Hash Cond: (mk.movie_id = t.id)
  ->  Seq Scan on movie_keyword mk  (cost=0.00..69693.30 rows=4523930 width=4) (actual time=0.012..4353.744 rows=4523930 loops=1)
  ->  Hash  (cost=73925.90..73925.90 rows=61205 width=4) (actual time=4113.635..4113.635 rows=61581 loops=1)
        Buckets: 65536  Batches: 1  Memory Usage: 2677kB
        ->  Seq Scan on title t  (cost=0.00..73925.90 rows=61205 width=4) (actual time=151.535..4061.028 rows=61581 loops=1)
              Filter: ((kind_id < 2) AND (production_year > 2011))
              Rows Removed by Filter: 2466731
Planning time: 0.654 ms
Execution time: 9881.698 ms
