Hash Join  (cost=817414.98..2887630.74 rows=82338974 width=0) (actual time=47898.485..148264.799 rows=134002685 loops=1)
  Hash Cond: (ci.movie_id = t.id)
  ->  Seq Scan on cast_info ci  (cost=0.00..705507.15 rows=23499554 width=4) (actual time=8406.594..46161.989 rows=23573656 loops=1)
        Filter: (role_id > 1)
        Rows Removed by Filter: 12670688
  ->  Hash  (cost=672062.16..672062.16 rows=8859586 width=8) (actual time=39490.312..39490.312 rows=8966694 loops=1)
        Buckets: 131072  Batches: 128  Memory Usage: 3745kB
        ->  Hash Join  (cost=102767.86..672062.16 rows=8859586 width=8) (actual time=5110.373..36240.200 rows=8966694 loops=1)
              Hash Cond: (mi.movie_id = t.id)
              ->  Seq Scan on movie_info mi  (cost=0.00..346232.03 rows=8859586 width=4) (actual time=0.049..19738.045 rows=8966694 loops=1)
                    Filter: (info_type_id < 15)
                    Rows Removed by Filter: 5869026
              ->  Hash  (cost=61283.27..61283.27 rows=2528527 width=4) (actual time=5109.378..5109.378 rows=2528312 loops=1)
                    Buckets: 131072  Batches: 64  Memory Usage: 2425kB
                    ->  Seq Scan on title t  (cost=0.00..61283.27 rows=2528527 width=4) (actual time=0.023..3974.892 rows=2528312 loops=1)
Planning time: 10.796 ms
Execution time: 166964.846 ms
