Seq Scan on movie_keyword mk  (cost=0.00..81003.12 rows=1104609 width=0) (actual time=0.023..4038.924 rows=1113237 loops=1)
  Filter: (keyword_id < 1150)
  Rows Removed by Filter: 3410693
Planning time: 0.266 ms
Execution time: 4222.653 ms
