Hash Join  (cost=156649.15..964715.25 rows=139629 width=0) (actual time=21852.290..43543.491 rows=164863 loops=1)
  Hash Cond: (ci.movie_id = t.id)
  ->  Seq Scan on cast_info ci  (cost=0.00..796071.18 rows=759368 width=4) (actual time=13049.249..34238.287 rows=377529 loops=1)
        Filter: ((person_id < 275894) AND (role_id > 4))
        Rows Removed by Filter: 35866815
  ->  Hash  (cost=149020.47..149020.47 rows=464934 width=8) (actual time=8802.178..8802.178 rows=460185 loops=1)
        Buckets: 131072  Batches: 8  Memory Usage: 3276kB
        ->  Hash Join  (cost=102767.86..149020.47 rows=464934 width=8) (actual time=6115.798..8653.871 rows=460185 loops=1)
              Hash Cond: (mi_idx.movie_id = t.id)
              ->  Seq Scan on movie_info_idx mi_idx  (cost=0.00..25185.44 rows=464934 width=4) (actual time=0.023..1685.390 rows=460185 loops=1)
                    Filter: (info_type_id > 100)
                    Rows Removed by Filter: 919850
              ->  Hash  (cost=61283.27..61283.27 rows=2528527 width=4) (actual time=6110.603..6110.603 rows=2528312 loops=1)
                    Buckets: 131072  Batches: 64  Memory Usage: 2415kB
                    ->  Seq Scan on title t  (cost=0.00..61283.27 rows=2528527 width=4) (actual time=0.013..4552.666 rows=2528312 loops=1)
Planning time: 1.076 ms
Execution time: 43566.597 ms
