Hash Join  (cost=78556.72..135159.64 rows=48123 width=0) (actual time=4571.769..6892.865 rows=13371 loops=1)
  Hash Cond: (mc.movie_id = t.id)
  ->  Seq Scan on movie_companies mc  (cost=0.00..51404.11 rows=182286 width=4) (actual time=0.068..2512.767 rows=182418 loops=1)
        Filter: (company_id < 46)
        Rows Removed by Filter: 2426711
  ->  Hash  (cost=67604.59..67604.59 rows=667531 width=4) (actual time=4128.135..4128.135 rows=662825 loops=1)
        Buckets: 131072  Batches: 16  Memory Usage: 2476kB
        ->  Seq Scan on title t  (cost=0.00..67604.59 rows=667531 width=4) (actual time=0.023..3855.582 rows=662825 loops=1)
              Filter: (kind_id = 1)
              Rows Removed by Filter: 1865487
Planning time: 0.705 ms
Execution time: 6894.815 ms
