Hash Join  (cost=73962.22..428449.27 rows=2521 width=0) (actual time=1084.809..6962.389 rows=10057 loops=1)
  Hash Cond: (mi.movie_id = t.id)
  ->  Seq Scan on movie_info mi  (cost=0.00..346232.03 rows=2194617 width=4) (actual time=0.023..5503.568 rows=2233850 loops=1)
        Filter: (info_type_id > 16)
        Rows Removed by Filter: 12601870
  ->  Hash  (cost=73925.90..73925.90 rows=2905 width=4) (actual time=1084.561..1084.561 rows=5291 loops=1)
        Buckets: 8192 (originally 4096)  Batches: 1 (originally 1)  Memory Usage: 251kB
        ->  Seq Scan on title t  (cost=0.00..73925.90 rows=2905 width=4) (actual time=0.200..1081.844 rows=5291 loops=1)
              Filter: ((kind_id < 7) AND (production_year = 1966))
              Rows Removed by Filter: 2523021
Planning time: 0.530 ms
Execution time: 6964.109 ms
