Hash Join  (cost=73962.22..100888.56 rows=1586 width=0) (actual time=3718.844..5326.670 rows=4179 loops=1)
  Hash Cond: (mi_idx.movie_id = t.id)
  ->  Seq Scan on movie_info_idx mi_idx  (cost=0.00..21735.35 rows=1380035 width=4) (actual time=0.018..1191.403 rows=1380035 loops=1)
  ->  Hash  (cost=73925.90..73925.90 rows=2905 width=4) (actual time=3718.593..3718.593 rows=3835 loops=1)
        Buckets: 4096  Batches: 1  Memory Usage: 167kB
        ->  Seq Scan on title t  (cost=0.00..73925.90 rows=2905 width=4) (actual time=0.176..3716.281 rows=3835 loops=1)
              Filter: ((kind_id < 7) AND (production_year = 1959))
              Rows Removed by Filter: 2524477
Planning time: 0.783 ms
Execution time: 5327.516 ms
