Hash Join  (cost=190230.21..645735.81 rows=3331110 width=0) (actual time=9972.338..37237.169 rows=10555662 loops=1)
  Hash Cond: (mi.movie_id = t.id)
  ->  Seq Scan on movie_info mi  (cost=0.00..346232.03 rows=6103325 width=4) (actual time=0.009..19536.503 rows=6083429 loops=1)
        Filter: (info_type_id > 9)
        Rows Removed by Filter: 8752291
  ->  Hash  (cost=167588.78..167588.78 rows=1380035 width=8) (actual time=9971.064..9971.064 rows=1380035 loops=1)
        Buckets: 131072  Batches: 32  Memory Usage: 2726kB
        ->  Hash Join  (cost=102767.86..167588.78 rows=1380035 width=8) (actual time=5897.106..9477.682 rows=1380035 loops=1)
              Hash Cond: (mi_idx.movie_id = t.id)
              ->  Seq Scan on movie_info_idx mi_idx  (cost=0.00..21735.35 rows=1380035 width=4) (actual time=0.026..1669.885 rows=1380035 loops=1)
              ->  Hash  (cost=61283.27..61283.27 rows=2528527 width=4) (actual time=5896.280..5896.280 rows=2528312 loops=1)
                    Buckets: 131072  Batches: 64  Memory Usage: 2415kB
                    ->  Seq Scan on title t  (cost=0.00..61283.27 rows=2528527 width=4) (actual time=0.011..4216.959 rows=2528312 loops=1)
Planning time: 1.071 ms
Execution time: 38691.513 ms
