Hash Join  (cost=81206.46..507709.93 rows=1034887 width=0) (actual time=11833.437..27813.973 rows=2556064 loops=1)
  Hash Cond: (mi.movie_id = t.id)
  ->  Seq Scan on movie_info mi  (cost=0.00..346232.03 rows=5897221 width=4) (actual time=7848.509..18729.819 rows=5884963 loops=1)
        Filter: (info_type_id < 7)
        Rows Removed by Filter: 8950757
  ->  Hash  (cost=73925.90..73925.90 rows=443724 width=4) (actual time=3951.591..3951.591 rows=536860 loops=1)
        Buckets: 131072  Batches: 8  Memory Usage: 3403kB
        ->  Seq Scan on title t  (cost=0.00..73925.90 rows=443724 width=4) (actual time=0.033..3694.348 rows=536860 loops=1)
              Filter: ((kind_id < 7) AND (production_year < 2002))
              Rows Removed by Filter: 1991452
Planning time: 3.309 ms
Execution time: 28181.997 ms
