Hash Join  (cost=102767.86..825751.47 rows=315721 width=0) (actual time=10683.943..39350.197 rows=265466 loops=1)
  Hash Cond: (ci.movie_id = t.id)
  ->  Seq Scan on cast_info ci  (cost=0.00..705507.15 rows=315721 width=4) (actual time=5134.861..32646.237 rows=265466 loops=1)
        Filter: (person_id < 31084)
        Rows Removed by Filter: 35978878
  ->  Hash  (cost=61283.27..61283.27 rows=2528527 width=4) (actual time=5547.908..5547.908 rows=2528312 loops=1)
        Buckets: 131072  Batches: 64  Memory Usage: 2415kB
        ->  Seq Scan on title t  (cost=0.00..61283.27 rows=2528527 width=4) (actual time=0.013..4332.547 rows=2528312 loops=1)
Planning time: 0.717 ms
Execution time: 39385.118 ms
