Hash Join  (cost=74351.33..165834.71 rows=36314 width=0) (actual time=2636.252..7965.983 rows=25377 loops=1)
  Hash Cond: (mk.movie_id = t.id)
  ->  Seq Scan on movie_keyword mk  (cost=0.00..81003.12 rows=2697897 width=4) (actual time=0.019..4633.047 rows=2690287 loops=1)
        Filter: (keyword_id > 3021)
        Rows Removed by Filter: 1833643
  ->  Hash  (cost=73925.90..73925.90 rows=34034 width=4) (actual time=2635.857..2635.857 rows=9253 loops=1)
        Buckets: 65536  Batches: 1  Memory Usage: 838kB
        ->  Seq Scan on title t  (cost=0.00..73925.90 rows=34034 width=4) (actual time=0.011..2631.275 rows=9253 loops=1)
              Filter: ((production_year < 1993) AND (kind_id = 4))
              Rows Removed by Filter: 2519059
Planning time: 0.684 ms
Execution time: 7970.047 ms
