Seq Scan on movie_keyword mk  (cost=0.00..81003.12 rows=4422440 width=0) (actual time=0.016..4782.289 rows=4424394 loops=1)
  Filter: (keyword_id < 82418)
  Rows Removed by Filter: 99536
Planning time: 0.269 ms
Execution time: 5478.408 ms
