Seq Scan on cast_info ci  (cost=0.00..705507.15 rows=500 width=0) (actual time=13816.879..28147.774 rows=737 loops=1)
  Filter: (person_id = 2134706)
  Rows Removed by Filter: 36243607
Planning time: 13.180 ms
Execution time: 28147.966 ms
