Hash Join  (cost=74213.42..470105.22 rows=117610 width=0) (actual time=2823.378..27149.024 rows=190973 loops=1)
  Hash Cond: (mi.movie_id = t.id)
  ->  Seq Scan on movie_info mi  (cost=0.00..346232.03 rows=12928982 width=4) (actual time=0.023..20428.096 rows=12970088 loops=1)
        Filter: (info_type_id < 18)
        Rows Removed by Filter: 1865632
  ->  Hash  (cost=73925.90..73925.90 rows=23001 width=4) (actual time=2823.137..2823.137 rows=17208 loops=1)
        Buckets: 32768  Batches: 1  Memory Usage: 861kB
        ->  Seq Scan on title t  (cost=0.00..73925.90 rows=23001 width=4) (actual time=0.064..2815.222 rows=17208 loops=1)
              Filter: ((kind_id < 4) AND (production_year = 2003))
              Rows Removed by Filter: 2511104
Planning time: 0.815 ms
Execution time: 27180.934 ms
