Seq Scan on cast_info ci  (cost=0.00..705507.15 rows=22782110 width=0) (actual time=0.034..12302.767 rows=22651486 loops=1)
  Filter: (person_id < 2312135)
  Rows Removed by Filter: 13592858
Planning time: 0.351 ms
Execution time: 15060.994 ms
