Hash Join  (cost=175152.67..1002958.71 rows=480073 width=0) (actual time=25450.333..48346.165 rows=378598 loops=1)
  Hash Cond: (ci.movie_id = t.id)
  ->  Seq Scan on cast_info ci  (cost=0.00..796071.18 rows=2137370 width=4) (actual time=16893.122..38403.372 rows=1685604 loops=1)
        Filter: ((person_id < 2888949) AND (role_id = 4))
        Rows Removed by Filter: 34558740
  ->  Hash  (cost=165834.54..165834.54 rows=567930 width=8) (actual time=8555.959..8555.959 rows=238558 loops=1)
        Buckets: 131072  Batches: 8  Memory Usage: 2172kB
        ->  Hash Join  (cost=82955.72..165834.54 rows=567930 width=8) (actual time=5155.714..8450.529 rows=238558 loops=1)
              Hash Cond: (mc.movie_id = t.id)
              ->  Seq Scan on movie_companies mc  (cost=0.00..44881.29 rows=2609129 width=4) (actual time=0.024..2331.690 rows=2609129 loops=1)
              ->  Hash  (cost=73925.90..73925.90 rows=550385 width=4) (actual time=4231.996..4231.996 rows=602403 loops=1)
                    Buckets: 131072  Batches: 8  Memory Usage: 3672kB
                    ->  Seq Scan on title t  (cost=0.00..73925.90 rows=550385 width=4) (actual time=0.023..3989.390 rows=602403 loops=1)
                          Filter: ((production_year > 2006) AND (kind_id = 7))
                          Rows Removed by Filter: 1925909
Planning time: 1.128 ms
Execution time: 48400.583 ms
