Hash Join  (cost=201155.52..674530.55 rows=518644 width=0) (actual time=10917.601..36664.117 rows=241046 loops=1)
  Hash Cond: (mi.movie_id = t.id)
  ->  Seq Scan on movie_info mi  (cost=0.00..346232.03 rows=9476311 width=4) (actual time=0.021..21012.235 rows=9565151 loops=1)
        Filter: (info_type_id < 16)
        Rows Removed by Filter: 5270569
  ->  Hash  (cost=198884.67..198884.67 rows=138388 width=8) (actual time=10916.114..10916.114 rows=41941 loops=1)
        Buckets: 131072  Batches: 2  Memory Usage: 1843kB
        ->  Hash Join  (cost=75195.76..198884.67 rows=138388 width=8) (actual time=3703.282..10900.890 rows=41941 loops=1)
              Hash Cond: (mk.movie_id = t.id)
              ->  Seq Scan on movie_keyword mk  (cost=0.00..69693.30 rows=4523930 width=4) (actual time=0.021..5040.409 rows=4523930 loops=1)
              ->  Hash  (cost=73925.90..73925.90 rows=77348 width=4) (actual time=3701.884..3701.884 rows=84109 loops=1)
                    Buckets: 131072  Batches: 2  Memory Usage: 2515kB
                    ->  Seq Scan on title t  (cost=0.00..73925.90 rows=77348 width=4) (actual time=0.016..3560.722 rows=84109 loops=1)
                          Filter: ((kind_id = 7) AND (production_year = 2008))
                          Rows Removed by Filter: 2444203
Planning time: 1.125 ms
Execution time: 36701.429 ms
