Hash Join  (cost=281676.23..390929.29 rows=2244512 width=0) (actual time=13966.864..24692.184 rows=17372009 loops=1)
  Hash Cond: (mc.movie_id = t.id)
  ->  Seq Scan on movie_companies mc  (cost=0.00..44881.29 rows=2609129 width=4) (actual time=0.048..3246.584 rows=2609129 loops=1)
  ->  Hash  (cost=245989.56..245989.56 rows=2175174 width=8) (actual time=13965.392..13965.392 rows=2176333 loops=1)
        Buckets: 131072  Batches: 32  Memory Usage: 3664kB
        ->  Hash Join  (cost=102767.86..245989.56 rows=2175174 width=8) (actual time=5601.793..13256.599 rows=2176333 loops=1)
              Hash Cond: (mk.movie_id = t.id)
              ->  Seq Scan on movie_keyword mk  (cost=0.00..81003.12 rows=2175174 width=4) (actual time=0.015..4773.886 rows=2176333 loops=1)
                    Filter: (keyword_id > 5245)
                    Rows Removed by Filter: 2347597
              ->  Hash  (cost=61283.27..61283.27 rows=2528527 width=4) (actual time=5599.236..5599.236 rows=2528312 loops=1)
                    Buckets: 131072  Batches: 64  Memory Usage: 2425kB
                    ->  Seq Scan on title t  (cost=0.00..61283.27 rows=2528527 width=4) (actual time=0.020..4166.295 rows=2528312 loops=1)
Planning time: 1.056 ms
Execution time: 27228.429 ms
