Hash Join  (cost=73982.55..100879.10 rows=814 width=0) (actual time=3446.359..4353.318 rows=428 loops=1)
  Hash Cond: (mi_idx.movie_id = t.id)
  ->  Seq Scan on movie_info_idx mi_idx  (cost=0.00..25185.44 rows=454124 width=4) (actual time=0.027..1083.030 rows=459925 loops=1)
        Filter: (info_type_id = 100)
        Rows Removed by Filter: 920110
  ->  Hash  (cost=73925.90..73925.90 rows=4532 width=4) (actual time=3156.998..3156.998 rows=4691 loops=1)
        Buckets: 8192  Batches: 1  Memory Usage: 229kB
        ->  Seq Scan on title t  (cost=0.00..73925.90 rows=4532 width=4) (actual time=104.817..3154.322 rows=4691 loops=1)
              Filter: ((kind_id = 7) AND (production_year = 1955))
              Rows Removed by Filter: 2523621
Planning time: 0.802 ms
Execution time: 4353.485 ms
