Hash Join  (cost=102767.86..953676.15 rows=1868376 width=0) (actual time=16511.393..47650.364 rows=608547 loops=1)
  Hash Cond: (ci.movie_id = t.id)
  ->  Seq Scan on cast_info ci  (cost=0.00..796071.18 rows=1868376 width=4) (actual time=9866.007..39325.843 rows=608547 loops=1)
        Filter: ((person_id < 1534308) AND (role_id = 10))
        Rows Removed by Filter: 35635797
  ->  Hash  (cost=61283.27..61283.27 rows=2528527 width=4) (actual time=6644.377..6644.377 rows=2528312 loops=1)
        Buckets: 131072  Batches: 64  Memory Usage: 2415kB
        ->  Seq Scan on title t  (cost=0.00..61283.27 rows=2528527 width=4) (actual time=0.023..4855.767 rows=2528312 loops=1)
Planning time: 0.846 ms
Execution time: 47732.640 ms
