Seq Scan on cast_info ci  (cost=0.00..705507.15 rows=25833420 width=0) (actual time=0.030..41123.409 rows=25838775 loops=1)
  Filter: (person_id < 2670225)
  Rows Removed by Filter: 10405569
Planning time: 0.289 ms
Execution time: 45735.842 ms
