Nested Loop  (cost=0.43..709671.90 rows=500 width=0) (actual time=26875.972..29703.176 rows=1 loops=1)
  ->  Seq Scan on cast_info ci  (cost=0.00..705507.15 rows=500 width=4) (actual time=26875.885..29703.087 rows=1 loops=1)
        Filter: (person_id = 72685)
        Rows Removed by Filter: 36244343
  ->  Index Only Scan using title_pkey on title t  (cost=0.43..8.32 rows=1 width=4) (actual time=0.065..0.066 rows=1 loops=1)
        Index Cond: (id = ci.movie_id)
        Heap Fetches: 1
Planning time: 0.767 ms
Execution time: 29703.241 ms
