Seq Scan on cast_info ci  (cost=0.00..796071.18 rows=11784706 width=0) (actual time=18808.344..46772.371 rows=10779000 loops=1)
  Filter: ((person_id > 252881) AND (role_id = 1))
  Rows Removed by Filter: 25465344
Planning time: 0.383 ms
Execution time: 48683.775 ms
