Hash Join  (cost=198074.55..568444.65 rows=498441 width=0) (actual time=20203.656..28412.726 rows=583718 loops=1)
  Hash Cond: (mi.movie_id = t.id)
  ->  Seq Scan on movie_info mi  (cost=0.00..346232.03 rows=1338312 width=4) (actual time=9852.987..16863.024 rows=1401902 loops=1)
        Filter: (info_type_id = 7)
        Rows Removed by Filter: 13433818
  ->  Hash  (cost=182623.98..182623.98 rows=941725 width=8) (actual time=10349.698..10349.698 rows=607176 loops=1)
        Buckets: 131072  Batches: 16  Memory Usage: 2503kB
        ->  Hash Join  (cost=98137.04..182623.98 rows=941725 width=8) (actual time=5537.354..10133.530 rows=607176 loops=1)
              Hash Cond: (mc.movie_id = t.id)
              ->  Seq Scan on movie_companies mc  (cost=0.00..51404.11 rows=1279517 width=4) (actual time=0.043..3169.574 rows=1274246 loops=1)
                    Filter: (company_type_id = 1)
                    Rows Removed by Filter: 1334883
              ->  Hash  (cost=67604.59..67604.59 rows=1860996 width=4) (actual time=5536.205..5536.205 rows=1865487 loops=1)
                    Buckets: 131072  Batches: 32  Memory Usage: 3079kB
                    ->  Seq Scan on title t  (cost=0.00..67604.59 rows=1860996 width=4) (actual time=0.031..4679.711 rows=1865487 loops=1)
                          Filter: (kind_id > 1)
                          Rows Removed by Filter: 662825
Planning time: 7.067 ms
Execution time: 28491.603 ms
