Nested Loop  (cost=0.43..709671.90 rows=500 width=0) (actual time=28647.721..32780.733 rows=20 loops=1)
  ->  Seq Scan on cast_info ci  (cost=0.00..705507.15 rows=500 width=4) (actual time=28647.521..32780.215 rows=20 loops=1)
        Filter: (person_id = 1276581)
        Rows Removed by Filter: 36244324
  ->  Index Only Scan using title_pkey on title t  (cost=0.43..8.32 rows=1 width=4) (actual time=0.020..0.020 rows=1 loops=20)
        Index Cond: (id = ci.movie_id)
        Heap Fetches: 20
Planning time: 0.770 ms
Execution time: 32780.812 ms
