Hash Join  (cost=76067.34..118590.09 rows=281527 width=0) (actual time=1237.944..2411.120 rows=318412 loops=1)
  Hash Cond: (mi_idx.movie_id = t.id)
  ->  Seq Scan on movie_info_idx mi_idx  (cost=0.00..21735.35 rows=1380035 width=4) (actual time=0.029..419.847 rows=1380035 loops=1)
  ->  Hash  (cost=67604.59..67604.59 rows=515820 width=4) (actual time=1237.085..1237.085 rows=508955 loops=1)
        Buckets: 131072  Batches: 8  Memory Usage: 3255kB
        ->  Seq Scan on title t  (cost=0.00..67604.59 rows=515820 width=4) (actual time=0.014..1076.440 rows=508955 loops=1)
              Filter: (production_year < 1980)
              Rows Removed by Filter: 2019357
Planning time: 0.809 ms
Execution time: 2451.725 ms
