Nested Loop  (cost=0.43..709673.15 rows=219 width=0) (actual time=18943.646..26632.647 rows=72 loops=1)
  ->  Seq Scan on cast_info ci  (cost=0.00..705507.15 rows=500 width=4) (actual time=3313.531..26609.413 rows=96 loops=1)
        Filter: (person_id = 1728361)
        Rows Removed by Filter: 36244248
  ->  Index Scan using title_pkey on title t  (cost=0.43..8.32 rows=1 width=4) (actual time=0.240..0.240 rows=1 loops=96)
        Index Cond: (id = ci.movie_id)
        Filter: (production_year > 2004)
        Rows Removed by Filter: 0
Planning time: 0.713 ms
Execution time: 26632.790 ms
