Hash Join  (cost=85282.22..222372.52 rows=1238427 width=0) (actual time=6503.328..11501.005 rows=270466 loops=1)
  Hash Cond: (mk.movie_id = t.id)
  ->  Seq Scan on movie_keyword mk  (cost=0.00..69693.30 rows=4523930 width=4) (actual time=0.017..4726.029 rows=4523930 loops=1)
  ->  Hash  (cost=73925.90..73925.90 rows=692185 width=4) (actual time=4307.863..4307.863 rows=596495 loops=1)
        Buckets: 131072  Batches: 16  Memory Usage: 2338kB
        ->  Seq Scan on title t  (cost=0.00..73925.90 rows=692185 width=4) (actual time=0.024..4042.139 rows=596495 loops=1)
              Filter: ((production_year < 2002) AND (kind_id = 7))
              Rows Removed by Filter: 1931817
Planning time: 0.695 ms
Execution time: 11547.877 ms
