Hash Join  (cost=88359.31..221333.65 rows=1420318 width=0) (actual time=4630.896..11274.441 rows=1847372 loops=1)
  Hash Cond: (mk.movie_id = t.id)
  ->  Seq Scan on movie_keyword mk  (cost=0.00..81003.12 rows=2838941 width=4) (actual time=0.021..4182.433 rows=2829246 loops=1)
        Filter: (keyword_id < 8514)
        Rows Removed by Filter: 1694684
  ->  Hash  (cost=67604.59..67604.59 rows=1265018 width=4) (actual time=4629.355..4629.355 rows=1263700 loops=1)
        Buckets: 131072  Batches: 32  Memory Usage: 2418kB
        ->  Seq Scan on title t  (cost=0.00..67604.59 rows=1265018 width=4) (actual time=7.659..3821.388 rows=1263700 loops=1)
              Filter: (production_year < 2004)
              Rows Removed by Filter: 1264612
Planning time: 34.149 ms
Execution time: 11518.379 ms
