Hash Join  (cost=83073.49..109984.49 rows=52 width=0) (actual time=1221.978..1760.741 rows=28 loops=1)
  Hash Cond: (mi_idx.movie_id = t.id)
  ->  Seq Scan on movie_info_idx mi_idx  (cost=0.00..21735.35 rows=1380035 width=4) (actual time=0.014..298.346 rows=1380035 loops=1)
  ->  Hash  (cost=83072.29..83072.29 rows=96 width=8) (actual time=1215.156..1215.156 rows=9 loops=1)
        Buckets: 1024  Batches: 1  Memory Usage: 9kB
        ->  Nested Loop  (cost=0.43..83072.29 rows=96 width=8) (actual time=306.368..1215.129 rows=9 loops=1)
              ->  Seq Scan on movie_keyword mk  (cost=0.00..81003.12 rows=246 width=4) (actual time=306.297..1214.280 rows=17 loops=1)
                    Filter: (keyword_id = 11580)
                    Rows Removed by Filter: 4523913
              ->  Index Scan using title_pkey on title t  (cost=0.43..8.40 rows=1 width=4) (actual time=0.044..0.044 rows=1 loops=17)
                    Index Cond: (id = mk.movie_id)
                    Filter: (kind_id < 7)
                    Rows Removed by Filter: 0
Planning time: 1.095 ms
Execution time: 1760.874 ms
