Hash Join  (cost=230115.35..626279.22 rows=1093412 width=0) (actual time=6358.646..13204.605 rows=5921153 loops=1)
  Hash Cond: (mi.movie_id = t.id)
  ->  Seq Scan on movie_info mi  (cost=0.00..346232.03 rows=3068194 width=4) (actual time=1541.897..5454.134 rows=3036719 loops=1)
        Filter: (info_type_id = 16)
        Rows Removed by Filter: 11799001
  ->  Hash  (cost=215331.71..215331.71 rows=901091 width=8) (actual time=4815.521..4815.521 rows=906014 loops=1)
        Buckets: 131072  Batches: 16  Memory Usage: 3329kB
        ->  Hash Join  (cost=102767.86..215331.71 rows=901091 width=8) (actual time=1934.585..4547.233 rows=906014 loops=1)
              Hash Cond: (mk.movie_id = t.id)
              ->  Seq Scan on movie_keyword mk  (cost=0.00..81003.12 rows=901091 width=4) (actual time=0.038..1451.211 rows=906014 loops=1)
                    Filter: (keyword_id < 865)
                    Rows Removed by Filter: 3617916
              ->  Hash  (cost=61283.27..61283.27 rows=2528527 width=4) (actual time=1932.822..1932.822 rows=2528312 loops=1)
                    Buckets: 131072  Batches: 64  Memory Usage: 2425kB
                    ->  Seq Scan on title t  (cost=0.00..61283.27 rows=2528527 width=4) (actual time=0.020..1057.958 rows=2528312 loops=1)
Planning time: 1.007 ms
Execution time: 13886.776 ms
