Seq Scan on title t  (cost=0.00..67604.59 rows=204811 width=0) (actual time=0.011..940.225 rows=202996 loops=1)
  Filter: (production_year < 1956)
  Rows Removed by Filter: 2325316
Planning time: 0.344 ms
Execution time: 968.136 ms
