Hash Join  (cost=155859.01..1071240.30 rows=699340 width=0) (actual time=7362.126..44337.867 rows=5569776 loops=1)
  Hash Cond: (ci.movie_id = t.id)
  ->  Seq Scan on cast_info ci  (cost=0.00..796071.18 rows=9651921 width=4) (actual time=0.024..28823.832 rows=12072389 loops=1)
        Filter: ((person_id > 1434863) AND (role_id > 2))
        Rows Removed by Filter: 24171955
  ->  Hash  (cost=152852.93..152852.93 rows=183207 width=8) (actual time=7361.147..7361.147 rows=370795 loops=1)
        Buckets: 131072 (originally 131072)  Batches: 8 (originally 4)  Memory Usage: 3073kB
        ->  Hash Join  (cost=83810.17..152852.93 rows=183207 width=8) (actual time=4198.525..7232.203 rows=370795 loops=1)
              Hash Cond: (mc.movie_id = t.id)
              ->  Seq Scan on movie_companies mc  (cost=0.00..57926.93 rows=468999 width=4) (actual time=163.132..2490.371 rows=673904 loops=1)
                    Filter: ((company_id < 3831) AND (company_type_id = 1))
                    Rows Removed by Filter: 1935225
              ->  Hash  (cost=67604.59..67604.59 rows=987727 width=4) (actual time=4034.409..4034.409 rows=985048 loops=1)
                    Buckets: 131072  Batches: 16  Memory Usage: 3188kB
                    ->  Seq Scan on title t  (cost=0.00..67604.59 rows=987727 width=4) (actual time=0.025..3338.928 rows=985048 loops=1)
                          Filter: (kind_id < 7)
                          Rows Removed by Filter: 1543264
Planning time: 1.201 ms
Execution time: 44997.356 ms
