Hash Join  (cost=58358.58..423014.80 rows=29 width=0) (actual time=2245.547..17903.195 rows=14 loops=1)
  Hash Cond: (mi.movie_id = t.id)
  ->  Seq Scan on movie_info mi  (cost=0.00..309384.22 rows=14739122 width=4) (actual time=0.021..12778.098 rows=14835720 loops=1)
  ->  Hash  (cost=58358.52..58358.52 rows=5 width=8) (actual time=2037.855..2037.855 rows=1 loops=1)
        Buckets: 1024  Batches: 1  Memory Usage: 9kB
        ->  Nested Loop  (cost=0.43..58358.52 rows=5 width=8) (actual time=1703.757..2037.845 rows=1 loops=1)
              ->  Seq Scan on movie_companies mc  (cost=0.00..57926.93 rows=51 width=4) (actual time=6.947..2018.051 rows=384 loops=1)
                    Filter: ((company_id = 61) AND (company_type_id = 1))
                    Rows Removed by Filter: 2608745
              ->  Index Scan using title_pkey on title t  (cost=0.43..8.45 rows=1 width=4) (actual time=0.050..0.050 rows=0 loops=384)
                    Index Cond: (id = mc.movie_id)
                    Filter: ((production_year < 1970) AND (kind_id = 7))
                    Rows Removed by Filter: 1
Planning time: 7.030 ms
Execution time: 17903.307 ms
