Seq Scan on cast_info ci  (cost=0.00..705507.15 rows=31543638 width=0) (actual time=0.022..13884.475 rows=31524328 loops=1)
  Filter: (person_id < 3208054)
  Rows Removed by Filter: 4720016
Planning time: 0.414 ms
Execution time: 17841.359 ms
