Hash Join  (cost=144447.30..224218.99 rows=342516 width=0) (actual time=6593.497..10802.690 rows=909483 loops=1)
  Hash Cond: (mc.movie_id = t.id)
  ->  Seq Scan on movie_companies mc  (cost=0.00..44881.29 rows=2609129 width=4) (actual time=0.018..2670.018 rows=2609129 loops=1)
  ->  Hash  (cost=139001.11..139001.11 rows=331935 width=8) (actual time=6592.709..6592.709 rows=319881 loops=1)
        Buckets: 131072  Batches: 8  Memory Usage: 2589kB
        ->  Hash Join  (cost=97476.44..139001.11 rows=331935 width=8) (actual time=4551.816..6498.558 rows=319881 loops=1)
              Hash Cond: (mi_idx.movie_id = t.id)
              ->  Seq Scan on movie_info_idx mi_idx  (cost=0.00..25185.44 rows=460978 width=4) (actual time=0.014..1251.804 rows=459925 loops=1)
                    Filter: (info_type_id = 99)
                    Rows Removed by Filter: 920110
              ->  Hash  (cost=67604.59..67604.59 rows=1820708 width=4) (actual time=4550.403..4550.403 rows=1813245 loops=1)
                    Buckets: 131072  Batches: 32  Memory Usage: 3022kB
                    ->  Seq Scan on title t  (cost=0.00..67604.59 rows=1820708 width=4) (actual time=0.011..3832.028 rows=1813245 loops=1)
                          Filter: (production_year > 1987)
                          Rows Removed by Filter: 715067
Planning time: 2.020 ms
Execution time: 10910.567 ms
