Hash Join  (cost=81598.21..208945.31 rows=613833 width=0) (actual time=1373.498..4755.710 rows=1848520 loops=1)
  Hash Cond: (mk.movie_id = t.id)
  ->  Seq Scan on movie_keyword mk  (cost=0.00..81003.12 rows=3319107 width=4) (actual time=0.021..1541.710 rows=3309663 loops=1)
        Filter: (keyword_id < 15057)
        Rows Removed by Filter: 1214267
  ->  Hash  (cost=73925.90..73925.90 rows=467624 width=4) (actual time=1372.691..1372.691 rows=557493 loops=1)
        Buckets: 131072  Batches: 8  Memory Usage: 3493kB
        ->  Seq Scan on title t  (cost=0.00..73925.90 rows=467624 width=4) (actual time=0.064..1182.136 rows=557493 loops=1)
              Filter: ((kind_id < 7) AND (production_year < 2003))
              Rows Removed by Filter: 1970819
Planning time: 0.753 ms
Execution time: 4949.857 ms
