Seq Scan on movie_info mi  (cost=0.00..346232.03 rows=17937 width=75) (actual time=1475.364..6799.997 rows=6569 loops=1)
  Filter: (info_type_id = 78)
  Rows Removed by Filter: 14829151
Planning time: 1.279 ms
Execution time: 6800.463 ms
