Hash Join  (cost=158153.55..242448.15 rows=670607 width=0) (actual time=3697.524..6595.342 rows=2212430 loops=1)
  Hash Cond: (mc.movie_id = t.id)
  ->  Seq Scan on movie_companies mc  (cost=0.00..44881.29 rows=2609129 width=4) (actual time=0.013..938.612 rows=2609129 loops=1)
  ->  Hash  (cost=147490.93..147490.93 rows=649890 width=8) (actual time=3696.726..3696.726 rows=751382 loops=1)
        Buckets: 131072  Batches: 16  Memory Usage: 2867kB
        ->  Hash Join  (cost=97066.09..147490.93 rows=649890 width=8) (actual time=1927.493..3487.654 rows=751382 loops=1)
              Hash Cond: (mi_idx.movie_id = t.id)
              ->  Seq Scan on movie_info_idx mi_idx  (cost=0.00..25185.44 rows=915101 width=4) (actual time=0.010..592.173 rows=919850 loops=1)
                    Filter: (info_type_id < 101)
                    Rows Removed by Filter: 460185
              ->  Hash  (cost=67604.59..67604.59 rows=1795720 width=4) (actual time=1926.643..1926.643 rows=1794153 loops=1)
                    Buckets: 131072  Batches: 32  Memory Usage: 2992kB
                    ->  Seq Scan on title t  (cost=0.00..67604.59 rows=1795720 width=4) (actual time=0.012..1338.977 rows=1794153 loops=1)
                          Filter: (production_year < 2009)
                          Rows Removed by Filter: 734159
Planning time: 1.126 ms
Execution time: 6855.591 ms
