Seq Scan on cast_info ci  (cost=0.00..796071.18 rows=224 width=0) (actual time=6824.836..13681.834 rows=2 loops=1)
  Filter: ((role_id > 2) AND (person_id = 1211124))
  Rows Removed by Filter: 36244342
Planning time: 0.606 ms
Execution time: 13681.944 ms
