Nested Loop  (cost=0.43..83071.67 rows=246 width=0) (actual time=1.430..1263.589 rows=472 loops=1)
  ->  Seq Scan on movie_keyword mk  (cost=0.00..81003.12 rows=246 width=4) (actual time=1.350..1243.461 rows=472 loops=1)
        Filter: (keyword_id = 456)
        Rows Removed by Filter: 4523458
  ->  Index Only Scan using title_pkey on title t  (cost=0.43..8.40 rows=1 width=4) (actual time=0.040..0.041 rows=1 loops=472)
        Index Cond: (id = mk.movie_id)
        Heap Fetches: 472
Planning time: 4.644 ms
Execution time: 1263.881 ms
