Seq Scan on title t  (cost=0.00..67604.59 rows=2437036 width=0) (actual time=0.012..1198.428 rows=2435127 loops=1)
  Filter: (production_year > 1908)
  Rows Removed by Filter: 93185
Planning time: 0.322 ms
Execution time: 1518.320 ms
