Hash Join  (cost=79829.98..106755.83 rows=1536 width=0) (actual time=880.796..1404.731 rows=207 loops=1)
  Hash Cond: (mi_idx.movie_id = t.id)
  ->  Seq Scan on movie_info_idx mi_idx  (cost=0.00..21735.35 rows=1380035 width=4) (actual time=0.015..294.539 rows=1380035 loops=1)
  ->  Hash  (cost=79794.80..79794.80 rows=2815 width=8) (actual time=864.647..864.647 rows=72 loops=1)
        Buckets: 4096  Batches: 1  Memory Usage: 35kB
        ->  Nested Loop  (cost=0.43..79794.80 rows=2815 width=8) (actual time=4.516..864.579 rows=72 loops=1)
              ->  Seq Scan on movie_companies mc  (cost=0.00..57926.93 rows=2815 width=4) (actual time=4.453..861.994 rows=72 loops=1)
                    Filter: ((company_type_id < 2) AND (company_id = 1284))
                    Rows Removed by Filter: 2609057
              ->  Index Only Scan using title_pkey on title t  (cost=0.43..7.76 rows=1 width=4) (actual time=0.032..0.033 rows=1 loops=72)
                    Index Cond: (id = mc.movie_id)
                    Heap Fetches: 72
Planning time: 1.159 ms
Execution time: 1404.927 ms
