Seq Scan on cast_info ci  (cost=0.00..705507.15 rows=500 width=0) (actual time=362.092..11201.079 rows=46 loops=1)
  Filter: (person_id = 1966544)
  Rows Removed by Filter: 36244298
Planning time: 0.300 ms
Execution time: 11201.171 ms
