Hash Join  (cost=147691.43..636136.79 rows=809643 width=0) (actual time=2607.358..15241.756 rows=6149503 loops=1)
  Hash Cond: (mi.movie_id = t.id)
  ->  Seq Scan on movie_info mi  (cost=0.00..309384.22 rows=14739122 width=4) (actual time=0.013..6094.179 rows=14835720 loops=1)
  ->  Hash  (cost=145412.23..145412.23 rows=138896 width=8) (actual time=2606.674..2606.674 rows=62433 loops=1)
        Buckets: 131072  Batches: 2  Memory Usage: 2261kB
        ->  Hash Join  (cost=83257.67..145412.23 rows=138896 width=8) (actual time=1368.775..2585.143 rows=62433 loops=1)
              Hash Cond: (mc.movie_id = t.id)
              ->  Seq Scan on movie_companies mc  (cost=0.00..51404.11 rows=617465 width=4) (actual time=0.014..860.008 rows=615165 loops=1)
                    Filter: (company_id < 742)
                    Rows Removed by Filter: 1993964
              ->  Hash  (cost=73925.90..73925.90 rows=568781 width=4) (actual time=1367.764..1367.764 rows=446559 loops=1)
                    Buckets: 131072  Batches: 8  Memory Usage: 3000kB
                    ->  Seq Scan on title t  (cost=0.00..73925.90 rows=568781 width=4) (actual time=245.255..1232.307 rows=446559 loops=1)
                          Filter: ((kind_id < 2) AND (production_year > 1965))
                          Rows Removed by Filter: 2081753
Planning time: 1.035 ms
Execution time: 15968.328 ms
