Hash Join  (cost=166502.41..296793.23 rows=680278 width=0) (actual time=3491.202..7142.962 rows=484327 loops=1)
  Hash Cond: (mk.movie_id = t.id)
  ->  Seq Scan on movie_keyword mk  (cost=0.00..69693.30 rows=4523930 width=4) (actual time=0.030..1462.637 rows=4523930 loops=1)
  ->  Hash  (cost=160263.62..160263.62 rows=380223 width=8) (actual time=3488.937..3488.937 rows=261513 loops=1)
        Buckets: 131072  Batches: 8  Memory Usage: 2310kB
        ->  Hash Join  (cost=79971.87..160263.62 rows=380223 width=8) (actual time=1260.819..3412.627 rows=261513 loops=1)
              Hash Cond: (mc.movie_id = t.id)
              ->  Seq Scan on movie_companies mc  (cost=0.00..44881.29 rows=2609129 width=4) (actual time=0.013..910.745 rows=2609129 loops=1)
              ->  Hash  (cost=73925.90..73925.90 rows=368477 width=4) (actual time=1258.754..1258.754 rows=228675 loops=1)
                    Buckets: 131072  Batches: 8  Memory Usage: 2021kB
                    ->  Seq Scan on title t  (cost=0.00..73925.90 rows=368477 width=4) (actual time=0.021..1181.308 rows=228675 loops=1)
                          Filter: ((kind_id > 1) AND (production_year < 1979))
                          Rows Removed by Filter: 2299637
Planning time: 1.137 ms
Execution time: 7200.510 ms
