Nested Loop  (cost=0.43..52283.95 rows=101 width=0) (actual time=594.956..837.194 rows=42 loops=1)
  ->  Seq Scan on movie_companies mc  (cost=0.00..51404.11 rows=104 width=4) (actual time=594.897..834.517 rows=42 loops=1)
        Filter: (company_id = 95237)
        Rows Removed by Filter: 2609087
  ->  Index Scan using title_pkey on title t  (cost=0.43..8.45 rows=1 width=4) (actual time=0.061..0.061 rows=1 loops=42)
        Index Cond: (id = mc.movie_id)
        Filter: (production_year > 0)
Planning time: 0.771 ms
Execution time: 837.327 ms
