Hash Join  (cost=102767.86..243733.34 rows=2081376 width=0) (actual time=1902.430..5375.099 rows=2079278 loops=1)
  Hash Cond: (mk.movie_id = t.id)
  ->  Seq Scan on movie_keyword mk  (cost=0.00..81003.12 rows=2081376 width=4) (actual time=0.021..1624.756 rows=2079278 loops=1)
        Filter: (keyword_id > 5818)
        Rows Removed by Filter: 2444652
  ->  Hash  (cost=61283.27..61283.27 rows=2528527 width=4) (actual time=1901.112..1901.112 rows=2528312 loops=1)
        Buckets: 131072  Batches: 64  Memory Usage: 2425kB
        ->  Seq Scan on title t  (cost=0.00..61283.27 rows=2528527 width=4) (actual time=0.011..1029.692 rows=2528312 loops=1)
Planning time: 0.752 ms
Execution time: 5604.848 ms
