Hash Join  (cost=74201.04..449282.65 rows=329749 width=0) (actual time=1417.902..7940.965 rows=477981 loops=1)
  Hash Cond: (mi.movie_id = t.id)
  ->  Seq Scan on movie_info mi  (cost=0.00..346232.03 rows=2073893 width=4) (actual time=98.749..5479.656 rows=2091068 loops=1)
        Filter: (info_type_id < 3)
        Rows Removed by Filter: 12744652
  ->  Hash  (cost=67604.59..67604.59 rows=402036 width=4) (actual time=1318.157..1318.157 rows=395872 loops=1)
        Buckets: 131072  Batches: 8  Memory Usage: 2765kB
        ->  Seq Scan on title t  (cost=0.00..67604.59 rows=402036 width=4) (actual time=0.016..1188.457 rows=395872 loops=1)
              Filter: (production_year < 1972)
              Rows Removed by Filter: 2132440
Planning time: 0.716 ms
Execution time: 7995.829 ms
