Hash Join  (cost=52284.29..80901.46 rows=10 width=0) (actual time=827.508..1321.171 rows=30 loops=1)
  Hash Cond: (mi_idx.movie_id = t.id)
  ->  Seq Scan on movie_info_idx mi_idx  (cost=0.00..25185.44 rows=915101 width=4) (actual time=0.017..393.918 rows=919850 loops=1)
        Filter: (info_type_id < 101)
        Rows Removed by Filter: 460185
  ->  Hash  (cost=52283.95..52283.95 rows=27 width=8) (actual time=812.470..812.470 rows=25 loops=1)
        Buckets: 1024  Batches: 1  Memory Usage: 9kB
        ->  Nested Loop  (cost=0.43..52283.95 rows=27 width=8) (actual time=557.621..812.437 rows=25 loops=1)
              ->  Seq Scan on movie_companies mc  (cost=0.00..51404.11 rows=104 width=4) (actual time=557.571..811.494 rows=25 loops=1)
                    Filter: (company_id = 19241)
                    Rows Removed by Filter: 2609104
              ->  Index Scan using title_pkey on title t  (cost=0.43..8.45 rows=1 width=4) (actual time=0.033..0.034 rows=1 loops=25)
                    Index Cond: (id = mc.movie_id)
                    Filter: (kind_id = 1)
Planning time: 1.200 ms
Execution time: 1321.306 ms
