Seq Scan on movie_keyword mk  (cost=0.00..81003.12 rows=3901771 width=0) (actual time=0.026..1562.055 rows=3897641 loops=1)
  Filter: (keyword_id < 29318)
  Rows Removed by Filter: 626289
Planning time: 0.321 ms
Execution time: 2061.298 ms
