Hash Join  (cost=83074.74..144026.76 rows=78 width=0) (actual time=1370.532..2624.170 rows=6665 loops=1)
  Hash Cond: (mc.movie_id = t.id)
  ->  Seq Scan on movie_companies mc  (cost=0.00..57926.93 rows=806480 width=4) (actual time=0.007..1079.687 rows=1022002 loops=1)
        Filter: ((company_id > 5553) AND (company_type_id = 2))
        Rows Removed by Filter: 1587127
  ->  Hash  (cost=83071.67..83071.67 rows=246 width=8) (actual time=1370.230..1370.230 rows=3713 loops=1)
        Buckets: 4096 (originally 1024)  Batches: 1 (originally 1)  Memory Usage: 178kB
        ->  Nested Loop  (cost=0.43..83071.67 rows=246 width=8) (actual time=0.218..1367.841 rows=3713 loops=1)
              ->  Seq Scan on movie_keyword mk  (cost=0.00..81003.12 rows=246 width=4) (actual time=0.173..1230.169 rows=3713 loops=1)
                    Filter: (keyword_id = 1876)
                    Rows Removed by Filter: 4520217
              ->  Index Only Scan using title_pkey on title t  (cost=0.43..8.40 rows=1 width=4) (actual time=0.035..0.036 rows=1 loops=3713)
                    Index Cond: (id = mk.movie_id)
                    Heap Fetches: 3713
Planning time: 3.431 ms
Execution time: 2625.318 ms
