Hash Join  (cost=365418.15..1815022.18 rows=37722314 width=0) (actual time=7988.522..63637.712 rows=126533051 loops=1)
  Hash Cond: (ci.movie_id = t.id)
  ->  Seq Scan on cast_info ci  (cost=0.00..705507.15 rows=21083856 width=4) (actual time=0.020..14936.109 rows=20954455 loops=1)
        Filter: (person_id < 2112892)
        Rows Removed by Filter: 15289889
  ->  Hash  (cost=291197.02..291197.02 rows=4523930 width=8) (actual time=7987.033..7987.033 rows=4523930 loops=1)
        Buckets: 131072  Batches: 64  Memory Usage: 3816kB
        ->  Hash Join  (cost=102767.86..291197.02 rows=4523930 width=8) (actual time=1957.071..6842.958 rows=4523930 loops=1)
              Hash Cond: (mk.movie_id = t.id)
              ->  Seq Scan on movie_keyword mk  (cost=0.00..69693.30 rows=4523930 width=4) (actual time=0.022..1444.949 rows=4523930 loops=1)
              ->  Hash  (cost=61283.27..61283.27 rows=2528527 width=4) (actual time=1955.802..1955.802 rows=2528312 loops=1)
                    Buckets: 131072  Batches: 64  Memory Usage: 2425kB
                    ->  Seq Scan on title t  (cost=0.00..61283.27 rows=2528527 width=4) (actual time=0.020..1098.792 rows=2528312 loops=1)
Planning time: 1.157 ms
Execution time: 76371.016 ms
