Hash Join  (cost=52284.46..80901.68 rows=15 width=0) (actual time=817.851..1425.192 rows=38 loops=1)
  Hash Cond: (mi_idx.movie_id = t.id)
  ->  Seq Scan on movie_info_idx mi_idx  (cost=0.00..25185.44 rows=915101 width=4) (actual time=0.026..484.818 rows=919850 loops=1)
        Filter: (info_type_id < 101)
        Rows Removed by Filter: 460185
  ->  Hash  (cost=52283.95..52283.95 rows=41 width=8) (actual time=816.129..816.129 rows=22 loops=1)
        Buckets: 1024  Batches: 1  Memory Usage: 9kB
        ->  Nested Loop  (cost=0.43..52283.95 rows=41 width=8) (actual time=1.327..816.098 rows=22 loops=1)
              ->  Seq Scan on movie_companies mc  (cost=0.00..51404.11 rows=104 width=4) (actual time=1.284..814.969 rows=35 loops=1)
                    Filter: (company_id = 81380)
                    Rows Removed by Filter: 2609094
              ->  Index Scan using title_pkey on title t  (cost=0.43..8.45 rows=1 width=4) (actual time=0.029..0.030 rows=1 loops=35)
                    Index Cond: (id = mc.movie_id)
                    Filter: (kind_id < 7)
                    Rows Removed by Filter: 0
Planning time: 1.176 ms
Execution time: 1425.345 ms
