Seq Scan on movie_keyword mk  (cost=0.00..81003.12 rows=246 width=0) (actual time=101.379..1221.738 rows=144 loops=1)
  Filter: (keyword_id = 2536)
  Rows Removed by Filter: 4523786
Planning time: 0.367 ms
Execution time: 1221.861 ms
