Seq Scan on cast_info ci  (cost=0.00..705507.15 rows=500 width=0) (actual time=494.132..10319.280 rows=369 loops=1)
  Filter: (person_id = 2412019)
  Rows Removed by Filter: 36243975
Planning time: 0.397 ms
Execution time: 10319.420 ms
