Nested Loop  (cost=0.43..709673.15 rows=434 width=0) (actual time=1809.262..10127.443 rows=17 loops=1)
  ->  Seq Scan on cast_info ci  (cost=0.00..705507.15 rows=500 width=4) (actual time=1809.182..10127.149 rows=18 loops=1)
        Filter: (person_id = 3311667)
        Rows Removed by Filter: 36244326
  ->  Index Scan using title_pkey on title t  (cost=0.43..8.32 rows=1 width=4) (actual time=0.014..0.014 rows=1 loops=18)
        Index Cond: (id = ci.movie_id)
        Filter: (production_year > 1962)
        Rows Removed by Filter: 0
Planning time: 0.794 ms
Execution time: 10127.582 ms
