Seq Scan on movie_keyword mk  (cost=0.00..81003.12 rows=246 width=0) (actual time=0.470..1230.662 rows=223 loops=1)
  Filter: (keyword_id = 12854)
  Rows Removed by Filter: 4523707
Planning time: 0.407 ms
Execution time: 1230.905 ms
