Hash Join  (cost=185813.69..287784.71 rows=347727 width=0) (actual time=4631.615..6134.351 rows=241109 loops=1)
  Hash Cond: (mk.movie_id = t.id)
  ->  Seq Scan on movie_keyword mk  (cost=0.00..81003.12 rows=1280701 width=4) (actual time=0.020..1586.894 rows=1290773 loops=1)
        Filter: (keyword_id > 13695)
        Rows Removed by Filter: 3233157
  ->  Hash  (cost=174550.09..174550.09 rows=686528 width=8) (actual time=3870.976..3870.976 rows=292860 loops=1)
        Buckets: 131072  Batches: 16  Memory Usage: 1734kB
        ->  Hash Join  (cost=96184.51..174550.09 rows=686528 width=8) (actual time=2493.465..3786.440 rows=292860 loops=1)
              Hash Cond: (mc.movie_id = t.id)
              ->  Seq Scan on movie_companies mc  (cost=0.00..51404.11 rows=1279517 width=4) (actual time=0.010..1076.348 rows=1274246 loops=1)
                    Filter: (company_type_id = 1)
                    Rows Removed by Filter: 1334883
              ->  Hash  (cost=73925.90..73925.90 rows=1356688 width=4) (actual time=1801.845..1801.845 rows=1327781 loops=1)
                    Buckets: 131072  Batches: 32  Memory Usage: 2479kB
                    ->  Seq Scan on title t  (cost=0.00..73925.90 rows=1356688 width=4) (actual time=0.020..1399.206 rows=1327781 loops=1)
                          Filter: ((production_year < 2012) AND (kind_id = 7))
                          Rows Removed by Filter: 1200531
Planning time: 1.068 ms
Execution time: 6165.435 ms
