Seq Scan on cast_info ci  (cost=0.00..796071.18 rows=204319 width=0) (actual time=1866.910..11358.541 rows=358923 loops=1)
  Filter: ((person_id < 53971) AND (role_id < 2))
  Rows Removed by Filter: 35885421
Planning time: 0.371 ms
Execution time: 11404.074 ms
