Hash Join  (cost=129869.27..953835.78 rows=443924 width=0) (actual time=2443.518..25644.718 rows=666703 loops=1)
  Hash Cond: (ci.movie_id = t.id)
  ->  Seq Scan on cast_info ci  (cost=0.00..705507.15 rows=30405364 width=4) (actual time=0.020..15081.610 rows=30511650 loops=1)
        Filter: (role_id < 9)
        Rows Removed by Filter: 5732694
  ->  Hash  (cost=129407.81..129407.81 rows=36917 width=8) (actual time=2443.123..2443.123 rows=45591 loops=1)
        Buckets: 65536  Batches: 1  Memory Usage: 2293kB
        ->  Hash Join  (cost=74373.12..129407.81 rows=36917 width=8) (actual time=1265.334..2424.921 rows=45591 loops=1)
              Hash Cond: (mc.movie_id = t.id)
              ->  Seq Scan on movie_companies mc  (cost=0.00..44881.29 rows=2609129 width=4) (actual time=0.021..614.973 rows=2609129 loops=1)
              ->  Hash  (cost=73925.90..73925.90 rows=35777 width=4) (actual time=1098.308..1098.308 rows=37357 loops=1)
                    Buckets: 65536  Batches: 1  Memory Usage: 1826kB
                    ->  Seq Scan on title t  (cost=0.00..73925.90 rows=35777 width=4) (actual time=28.453..1083.416 rows=37357 loops=1)
                          Filter: ((production_year > 2007) AND (kind_id = 4))
                          Rows Removed by Filter: 2490955
Planning time: 1.224 ms
Execution time: 25739.393 ms
