Hash Join  (cost=583046.46..1563824.69 rows=8000369 width=0) (actual time=18344.148..44475.949 rows=28500533 loops=1)
  Hash Cond: (ci.movie_id = t.id)
  ->  Seq Scan on cast_info ci  (cost=0.00..796071.18 rows=6593178 width=4) (actual time=5841.729..15751.047 rows=12670688 loops=1)
        Filter: ((person_id < 1858724) AND (role_id < 2))
        Rows Removed by Filter: 23573656
  ->  Hash  (cost=532708.04..532708.04 rows=3068194 width=8) (actual time=12501.030..12501.030 rows=3036719 loops=1)
        Buckets: 131072  Batches: 64  Memory Usage: 2881kB
        ->  Hash Join  (cost=102767.86..532708.04 rows=3068194 width=8) (actual time=6642.124..11677.210 rows=3036719 loops=1)
              Hash Cond: (mi.movie_id = t.id)
              ->  Seq Scan on movie_info mi  (cost=0.00..346232.03 rows=3068194 width=4) (actual time=3940.864..5758.509 rows=3036719 loops=1)
                    Filter: (info_type_id = 16)
                    Rows Removed by Filter: 11799001
              ->  Hash  (cost=61283.27..61283.27 rows=2528527 width=4) (actual time=2699.683..2699.683 rows=2528312 loops=1)
                    Buckets: 131072  Batches: 64  Memory Usage: 2425kB
                    ->  Seq Scan on title t  (cost=0.00..61283.27 rows=2528527 width=4) (actual time=0.023..1119.316 rows=2528312 loops=1)
Planning time: 1.200 ms
Execution time: 47600.632 ms
