Seq Scan on cast_info ci  (cost=0.00..796071.18 rows=2599894 width=0) (actual time=2957.544..12618.622 rows=1208823 loops=1)
  Filter: ((person_id < 1172016) AND (role_id > 6))
  Rows Removed by Filter: 35035521
Planning time: 1.258 ms
Execution time: 12765.194 ms
