Hash Join  (cost=75321.41..876965.35 rows=51747 width=0) (actual time=4093.885..13624.965 rows=73819 loops=1)
  Hash Cond: (ci.movie_id = t.id)
  ->  Seq Scan on cast_info ci  (cost=0.00..796071.18 rows=278209 width=4) (actual time=2734.599..12002.897 rows=419491 loops=1)
        Filter: ((person_id > 3060664) AND (role_id = 8))
        Rows Removed by Filter: 35824853
  ->  Hash  (cost=67604.59..67604.59 rows=470306 width=4) (actual time=1357.594..1357.594 rows=465563 loops=1)
        Buckets: 131072  Batches: 8  Memory Usage: 3063kB
        ->  Seq Scan on title t  (cost=0.00..67604.59 rows=470306 width=4) (actual time=0.030..1204.944 rows=465563 loops=1)
              Filter: (production_year < 1977)
              Rows Removed by Filter: 2062749
Planning time: 0.771 ms
Execution time: 13632.062 ms
