Hash Join  (cost=96390.27..461203.76 rows=15757 width=0) (actual time=1788.565..9271.077 rows=78908 loops=1)
  Hash Cond: (mi.movie_id = t.id)
  ->  Seq Scan on movie_info mi  (cost=0.00..309384.22 rows=14739122 width=4) (actual time=0.015..4510.294 rows=14835720 loops=1)
  ->  Hash  (cost=96356.48..96356.48 rows=2703 width=8) (actual time=1788.347..1788.347 rows=4962 loops=1)
        Buckets: 8192 (originally 4096)  Batches: 1 (originally 1)  Memory Usage: 258kB
        ->  Hash Join  (cost=67697.55..96356.48 rows=2703 width=8) (actual time=1097.062..1786.149 rows=4962 loops=1)
              Hash Cond: (mi_idx.movie_id = t.id)
              ->  Seq Scan on movie_info_idx mi_idx  (cost=0.00..25185.44 rows=919057 width=4) (actual time=0.015..514.870 rows=920110 loops=1)
                    Filter: (info_type_id > 99)
                    Rows Removed by Filter: 459925
              ->  Hash  (cost=67604.59..67604.59 rows=7437 width=4) (actual time=1096.826..1096.826 rows=10308 loops=1)
                    Buckets: 16384 (originally 8192)  Batches: 1 (originally 1)  Memory Usage: 491kB
                    ->  Seq Scan on title t  (cost=0.00..67604.59 rows=7437 width=4) (actual time=0.056..1091.532 rows=10308 loops=1)
                          Filter: (production_year = 1962)
                          Rows Removed by Filter: 2518004
Planning time: 1.213 ms
Execution time: 9286.323 ms
