Hash Join  (cost=461814.59..592609.17 rows=721654 width=0) (actual time=8735.644..13131.975 rows=3760467 loops=1)
  Hash Cond: (mk.movie_id = t.id)
  ->  Seq Scan on movie_keyword mk  (cost=0.00..69693.30 rows=4523930 width=4) (actual time=0.021..1573.772 rows=4523930 loops=1)
  ->  Hash  (cost=455196.73..455196.73 rows=403349 width=8) (actual time=8734.683..8734.683 rows=802632 loops=1)
        Buckets: 131072 (originally 131072)  Batches: 16 (originally 8)  Memory Usage: 3073kB
        ->  Hash Join  (cost=87162.74..455196.73 rows=403349 width=8) (actual time=2947.727..8495.117 rows=802632 loops=1)
              Hash Cond: (mi.movie_id = t.id)
              ->  Seq Scan on movie_info mi  (cost=0.00..346232.03 rows=1264125 width=4) (actual time=1358.367..5743.768 rows=1288928 loops=1)
                    Filter: (info_type_id = 2)
                    Rows Removed by Filter: 13546792
              ->  Hash  (cost=73925.90..73925.90 rows=806787 width=4) (actual time=1588.503..1588.503 rows=843018 loops=1)
                    Buckets: 131072  Batches: 16  Memory Usage: 2888kB
                    ->  Seq Scan on title t  (cost=0.00..73925.90 rows=806787 width=4) (actual time=0.034..1307.071 rows=843018 loops=1)
                          Filter: ((kind_id < 7) AND (production_year < 2011))
                          Rows Removed by Filter: 1685294
Planning time: 1.071 ms
Execution time: 13522.496 ms
