Hash Join  (cost=909357.02..1627866.50 rows=3377662 width=0) (actual time=25149.261..40019.025 rows=9508347 loops=1)
  Hash Cond: (mi.movie_id = t.id)
  ->  Seq Scan on movie_info mi  (cost=0.00..309384.22 rows=14739122 width=4) (actual time=0.011..6194.463 rows=14835720 loops=1)
  ->  Hash  (cost=899849.96..899849.96 rows=579445 width=8) (actual time=25146.225..25146.225 rows=532827 loops=1)
        Buckets: 131072  Batches: 8  Memory Usage: 3626kB
        ->  Hash Join  (cost=74528.24..899849.96 rows=579445 width=8) (actual time=1081.867..24895.860 rows=532827 loops=1)
              Hash Cond: (ci.movie_id = t.id)
              ->  Seq Scan on cast_info ci  (cost=0.00..705507.15 rows=30405364 width=4) (actual time=0.015..15765.510 rows=30511650 loops=1)
                    Filter: (role_id < 9)
                    Rows Removed by Filter: 5732694
              ->  Hash  (cost=73925.90..73925.90 rows=48187 width=4) (actual time=1081.478..1081.478 rows=42764 loops=1)
                    Buckets: 65536  Batches: 1  Memory Usage: 2016kB
                    ->  Seq Scan on title t  (cost=0.00..73925.90 rows=48187 width=4) (actual time=0.023..1063.920 rows=42764 loops=1)
                          Filter: ((kind_id < 3) AND (production_year = 2011))
                          Rows Removed by Filter: 2485548
Planning time: 1.165 ms
Execution time: 40994.966 ms
