Seq Scan on cast_info ci  (cost=0.00..796071.18 rows=1825171 width=0) (actual time=11185.985..13619.978 rows=3520523 loops=1)
  Filter: ((person_id > 2095514) AND (role_id = 10))
  Rows Removed by Filter: 32723821
Planning time: 0.435 ms
Execution time: 14050.307 ms
