Nested Loop  (cost=0.43..83072.90 rows=72 width=0) (actual time=17.212..1282.614 rows=74 loops=1)
  ->  Seq Scan on movie_keyword mk  (cost=0.00..81003.12 rows=246 width=4) (actual time=0.838..1257.236 rows=778 loops=1)
        Filter: (keyword_id = 6393)
        Rows Removed by Filter: 4523152
  ->  Index Scan using title_pkey on title t  (cost=0.43..8.40 rows=1 width=4) (actual time=0.031..0.031 rows=0 loops=778)
        Index Cond: (id = mk.movie_id)
        Filter: ((kind_id > 1) AND (production_year > 2005))
        Rows Removed by Filter: 1
Planning time: 0.761 ms
Execution time: 1282.749 ms
