Hash Join  (cost=178117.87..534143.04 rows=89629 width=0) (actual time=7585.036..9949.922 rows=329936 loops=1)
  Hash Cond: (mi.movie_id = t.id)
  ->  Seq Scan on movie_info mi  (cost=0.00..346232.03 rows=651960 width=4) (actual time=3757.966..5803.639 rows=660923 loops=1)
        Filter: (info_type_id = 18)
        Rows Removed by Filter: 14174797
  ->  Hash  (cost=172414.70..172414.70 rows=347614 width=8) (actual time=3704.390..3704.390 rows=351944 loops=1)
        Buckets: 131072  Batches: 8  Memory Usage: 2766kB
        ->  Hash Join  (cost=102767.86..172414.70 rows=347614 width=8) (actual time=2279.181..3596.456 rows=351944 loops=1)
              Hash Cond: (mc.movie_id = t.id)
              ->  Seq Scan on movie_companies mc  (cost=0.00..51404.11 rows=347614 width=4) (actual time=262.043..903.564 rows=351944 loops=1)
                    Filter: (company_id > 88043)
                    Rows Removed by Filter: 2257185
              ->  Hash  (cost=61283.27..61283.27 rows=2528527 width=4) (actual time=2014.778..2014.778 rows=2528312 loops=1)
                    Buckets: 131072  Batches: 64  Memory Usage: 2415kB
                    ->  Seq Scan on title t  (cost=0.00..61283.27 rows=2528527 width=4) (actual time=0.024..1163.301 rows=2528312 loops=1)
Planning time: 1.191 ms
Execution time: 9990.964 ms
