Hash Join  (cost=102767.86..240419.85 rows=1943684 width=0) (actual time=1910.804..5356.449 rows=1953503 loops=1)
  Hash Cond: (mk.movie_id = t.id)
  ->  Seq Scan on movie_keyword mk  (cost=0.00..81003.12 rows=1943684 width=4) (actual time=0.023..1655.671 rows=1953503 loops=1)
        Filter: (keyword_id < 3401)
        Rows Removed by Filter: 2570427
  ->  Hash  (cost=61283.27..61283.27 rows=2528527 width=4) (actual time=1909.309..1909.309 rows=2528312 loops=1)
        Buckets: 131072  Batches: 64  Memory Usage: 2425kB
        ->  Seq Scan on title t  (cost=0.00..61283.27 rows=2528527 width=4) (actual time=0.022..1044.325 rows=2528312 loops=1)
Planning time: 0.732 ms
Execution time: 5572.226 ms
