Seq Scan on movie_keyword mk  (cost=0.00..81003.12 rows=1274397 width=0) (actual time=0.014..1365.361 rows=1284184 loops=1)
  Filter: (keyword_id < 1661)
  Rows Removed by Filter: 3239746
Planning time: 0.329 ms
Execution time: 1527.643 ms
