Hash Join  (cost=74378.48..873409.44 rows=343977 width=0) (actual time=4498.823..22051.655 rows=147801 loops=1)
  Hash Cond: (ci.movie_id = t.id)
  ->  Seq Scan on cast_info ci  (cost=0.00..705507.15 rows=24022411 width=4) (actual time=3453.250..15040.017 rows=24130698 loops=1)
        Filter: (role_id < 4)
        Rows Removed by Filter: 12113646
  ->  Hash  (cost=73925.90..73925.90 rows=36206 width=4) (actual time=1037.228..1037.228 rows=33919 loops=1)
        Buckets: 65536  Batches: 1  Memory Usage: 1705kB
        ->  Seq Scan on title t  (cost=0.00..73925.90 rows=36206 width=4) (actual time=0.106..1022.751 rows=33919 loops=1)
              Filter: ((production_year > 2005) AND (kind_id = 2))
              Rows Removed by Filter: 2494393
Planning time: 0.780 ms
Execution time: 22078.275 ms
