Hash Join  (cost=67697.55..94625.21 rows=1356 width=0) (actual time=1218.379..1718.577 rows=988 loops=1)
  Hash Cond: (mi_idx.movie_id = t.id)
  ->  Seq Scan on movie_info_idx mi_idx  (cost=0.00..25185.44 rows=460978 width=4) (actual time=0.022..508.805 rows=459925 loops=1)
        Filter: (info_type_id = 99)
        Rows Removed by Filter: 920110
  ->  Hash  (cost=67604.59..67604.59 rows=7437 width=4) (actual time=1134.349..1134.349 rows=2202 loops=1)
        Buckets: 8192  Batches: 1  Memory Usage: 142kB
        ->  Seq Scan on title t  (cost=0.00..67604.59 rows=7437 width=4) (actual time=610.830..1133.145 rows=2202 loops=1)
              Filter: (production_year = 1940)
              Rows Removed by Filter: 2526110
Planning time: 0.791 ms
Execution time: 1718.894 ms
