Seq Scan on movie_companies mc  (cost=0.00..51404.11 rows=1395804 width=0) (actual time=0.013..952.295 rows=1385521 loops=1)
  Filter: (company_id < 11972)
  Rows Removed by Filter: 1223608
Planning time: 0.188 ms
Execution time: 1131.147 ms
