Seq Scan on cast_info ci  (cost=0.00..796071.18 rows=435 width=0) (actual time=12704.212..14900.483 rows=11 loops=1)
  Filter: ((role_id < 10) AND (person_id = 3429553))
  Rows Removed by Filter: 36244333
Planning time: 0.389 ms
Execution time: 14900.642 ms
