Hash Join  (cost=102767.86..491081.45 rows=1338312 width=0) (actual time=4645.867..9073.721 rows=1401902 loops=1)
  Hash Cond: (mi.movie_id = t.id)
  ->  Seq Scan on movie_info mi  (cost=0.00..346232.03 rows=1338312 width=4) (actual time=2703.133..5637.807 rows=1401902 loops=1)
        Filter: (info_type_id = 7)
        Rows Removed by Filter: 13433818
  ->  Hash  (cost=61283.27..61283.27 rows=2528527 width=4) (actual time=1941.015..1941.015 rows=2528312 loops=1)
        Buckets: 131072  Batches: 64  Memory Usage: 2425kB
        ->  Seq Scan on title t  (cost=0.00..61283.27 rows=2528527 width=4) (actual time=0.029..1072.683 rows=2528312 loops=1)
Planning time: 3.971 ms
Execution time: 9242.540 ms
