Hash Join  (cost=228690.45..274491.48 rows=472555 width=0) (actual time=5223.094..6824.795 rows=1837231 loops=1)
  Hash Cond: (mi_idx.movie_id = t.id)
  ->  Seq Scan on movie_info_idx mi_idx  (cost=0.00..21735.35 rows=1380035 width=4) (actual time=0.029..432.047 rows=1380035 loops=1)
  ->  Hash  (cost=214484.64..214484.64 rows=865825 width=8) (actual time=5221.572..5221.572 rows=864922 loops=1)
        Buckets: 131072  Batches: 16  Memory Usage: 3163kB
        ->  Hash Join  (cost=102767.86..214484.64 rows=865825 width=8) (actual time=1953.549..4943.132 rows=864922 loops=1)
              Hash Cond: (mk.movie_id = t.id)
              ->  Seq Scan on movie_keyword mk  (cost=0.00..81003.12 rows=865825 width=4) (actual time=0.032..1582.213 rows=864922 loops=1)
                    Filter: (keyword_id < 824)
                    Rows Removed by Filter: 3659008
              ->  Hash  (cost=61283.27..61283.27 rows=2528527 width=4) (actual time=1952.294..1952.294 rows=2528312 loops=1)
                    Buckets: 131072  Batches: 64  Memory Usage: 2425kB
                    ->  Seq Scan on title t  (cost=0.00..61283.27 rows=2528527 width=4) (actual time=0.023..1094.996 rows=2528312 loops=1)
Planning time: 4.578 ms
Execution time: 7035.194 ms
