Hash Join  (cost=99161.12..909304.34 rows=244254 width=0) (actual time=15252.434..16507.764 rows=101548 loops=1)
  Hash Cond: (ci.movie_id = t.id)
  ->  Seq Scan on cast_info ci  (cost=0.00..796071.18 rows=321099 width=4) (actual time=13445.908..14279.111 rows=134375 loops=1)
        Filter: ((person_id < 3493810) AND (role_id > 10))
        Rows Removed by Filter: 36109969
  ->  Hash  (cost=67604.59..67604.59 rows=1923403 width=4) (actual time=1805.483..1805.483 rows=1922849 loops=1)
        Buckets: 131072  Batches: 32  Memory Usage: 3132kB
        ->  Seq Scan on title t  (cost=0.00..67604.59 rows=1923403 width=4) (actual time=0.025..1211.204 rows=1922849 loops=1)
              Filter: (production_year < 2010)
              Rows Removed by Filter: 605463
Planning time: 0.829 ms
Execution time: 16519.231 ms
