Hash Join  (cost=168092.55..1283117.27 rows=7906555 width=0) (actual time=3733.712..36608.022 rows=15059258 loops=1)
  Hash Cond: (ci.movie_id = t.id)
  ->  Seq Scan on cast_info ci  (cost=0.00..614943.12 rows=36225612 width=4) (actual time=0.017..12940.290 rows=36244344 loops=1)
  ->  Hash  (cost=159038.14..159038.14 rows=551873 width=8) (actual time=3732.732..3732.732 rows=409251 loops=1)
        Buckets: 131072  Batches: 8  Memory Usage: 2999kB
        ->  Hash Join  (cost=76379.89..159038.14 rows=551873 width=8) (actual time=1260.433..3611.455 rows=409251 loops=1)
              Hash Cond: (mc.movie_id = t.id)
              ->  Seq Scan on movie_companies mc  (cost=0.00..44881.29 rows=2609129 width=4) (actual time=0.015..924.130 rows=2609129 loops=1)
              ->  Hash  (cost=67604.59..67604.59 rows=534824 width=4) (actual time=1259.633..1259.633 rows=533369 loops=1)
                    Buckets: 131072  Batches: 8  Memory Usage: 3369kB
                    ->  Seq Scan on title t  (cost=0.00..67604.59 rows=534824 width=4) (actual time=0.028..1089.731 rows=533369 loops=1)
                          Filter: (production_year > 2009)
                          Rows Removed by Filter: 1994943
Planning time: 1.186 ms
Execution time: 38290.853 ms
