Seq Scan on movie_companies mc  (cost=0.00..57926.93 rows=645308 width=0) (actual time=0.017..965.537 rows=409044 loops=1)
  Filter: ((company_id > 11240) AND (company_type_id < 2))
  Rows Removed by Filter: 2200085
Planning time: 0.382 ms
Execution time: 1017.970 ms
