Nested Loop  (cost=0.43..52283.69 rows=104 width=0) (actual time=6.896..731.062 rows=1109 loops=1)
  ->  Seq Scan on movie_companies mc  (cost=0.00..51404.11 rows=104 width=4) (actual time=6.807..703.882 rows=1109 loops=1)
        Filter: (company_id = 16339)
        Rows Removed by Filter: 2608020
  ->  Index Only Scan using title_pkey on title t  (cost=0.43..8.45 rows=1 width=4) (actual time=0.023..0.024 rows=1 loops=1109)
        Index Cond: (id = mc.movie_id)
        Heap Fetches: 1109
Planning time: 0.721 ms
Execution time: 731.421 ms
