Seq Scan on movie_keyword mk  (cost=0.00..81003.12 rows=3863109 width=0) (actual time=0.029..1579.973 rows=3856326 loops=1)
  Filter: (keyword_id < 28076)
  Rows Removed by Filter: 667604
Planning time: 2.293 ms
Execution time: 2057.205 ms
