Hash Join  (cost=282588.92..750593.76 rows=4574861 width=0) (actual time=6800.684..28552.863 rows=55107225 loops=1)
  Hash Cond: (mi.movie_id = t.id)
  ->  Seq Scan on movie_info mi  (cost=0.00..346232.03 rows=5263441 width=4) (actual time=402.566..5709.360 rows=5270569 loops=1)
        Filter: (info_type_id > 15)
        Rows Removed by Filter: 9565151
  ->  Hash  (cost=246532.21..246532.21 rows=2197737 width=8) (actual time=6397.269..6397.269 rows=2197498 loops=1)
        Buckets: 131072  Batches: 32  Memory Usage: 3773kB
        ->  Hash Join  (cost=102767.86..246532.21 rows=2197737 width=8) (actual time=1921.969..5748.749 rows=2197498 loops=1)
              Hash Cond: (mk.movie_id = t.id)
              ->  Seq Scan on movie_keyword mk  (cost=0.00..81003.12 rows=2197737 width=4) (actual time=0.024..1571.782 rows=2197498 loops=1)
                    Filter: (keyword_id < 4385)
                    Rows Removed by Filter: 2326432
              ->  Hash  (cost=61283.27..61283.27 rows=2528527 width=4) (actual time=1920.174..1920.174 rows=2528312 loops=1)
                    Buckets: 131072  Batches: 64  Memory Usage: 2425kB
                    ->  Seq Scan on title t  (cost=0.00..61283.27 rows=2528527 width=4) (actual time=0.015..1036.790 rows=2528312 loops=1)
Planning time: 3.713 ms
Execution time: 34709.404 ms
