Hash Join  (cost=92883.59..263790.91 rows=2703683 width=0) (actual time=3699.642..5901.937 rows=645461 loops=1)
  Hash Cond: (mk.movie_id = t.id)
  ->  Seq Scan on movie_keyword mk  (cost=0.00..81003.12 rows=4436874 width=4) (actual time=0.025..1751.987 rows=4438762 loops=1)
        Filter: (keyword_id < 86307)
        Rows Removed by Filter: 85168
  ->  Hash  (cost=67604.59..67604.59 rows=1540800 width=4) (actual time=1875.233..1875.233 rows=1543264 loops=1)
        Buckets: 131072  Batches: 32  Memory Usage: 2728kB
        ->  Seq Scan on title t  (cost=0.00..67604.59 rows=1540800 width=4) (actual time=0.034..1370.387 rows=1543264 loops=1)
              Filter: (kind_id = 7)
              Rows Removed by Filter: 985048
Planning time: 1.934 ms
Execution time: 5972.445 ms
