Hash Join  (cost=180828.42..1251927.46 rows=3630588 width=0) (actual time=3977.438..32938.630 rows=3427538 loops=1)
  Hash Cond: (ci.movie_id = t.id)
  ->  Seq Scan on cast_info ci  (cost=0.00..614943.12 rows=36225612 width=4) (actual time=0.021..12683.332 rows=36244344 loops=1)
  ->  Hash  (cost=176670.75..176670.75 rows=253413 width=8) (actual time=3976.654..3976.654 rows=133867 loops=1)
        Buckets: 131072  Batches: 4  Memory Usage: 2337kB
        ->  Hash Join  (cost=102767.86..176670.75 rows=253413 width=8) (actual time=2505.972..3933.116 rows=133867 loops=1)
              Hash Cond: (mc.movie_id = t.id)
              ->  Seq Scan on movie_companies mc  (cost=0.00..57926.93 rows=253413 width=4) (actual time=46.916..922.692 rows=133867 loops=1)
                    Filter: ((company_id < 438) AND (company_type_id = 2))
                    Rows Removed by Filter: 2475262
              ->  Hash  (cost=61283.27..61283.27 rows=2528527 width=4) (actual time=2457.714..2457.714 rows=2528312 loops=1)
                    Buckets: 131072  Batches: 64  Memory Usage: 2415kB
                    ->  Seq Scan on title t  (cost=0.00..61283.27 rows=2528527 width=4) (actual time=0.017..1020.186 rows=2528312 loops=1)
Planning time: 1.230 ms
Execution time: 33371.165 ms
