Hash Join  (cost=121377.73..924385.85 rows=57042 width=0) (actual time=1382.038..19234.555 rows=174659 loops=1)
  Hash Cond: (ci.movie_id = t.id)
  ->  Seq Scan on cast_info ci  (cost=0.00..705507.15 rows=25848148 width=4) (actual time=0.024..12678.483 rows=25855147 loops=1)
        Filter: (person_id < 2671797)
        Rows Removed by Filter: 10389197
  ->  Hash  (cost=121307.98..121307.98 rows=5580 width=8) (actual time=1381.773..1381.773 rows=4889 loops=1)
        Buckets: 8192  Batches: 1  Memory Usage: 255kB
        ->  Nested Loop  (cost=0.43..121307.98 rows=5580 width=8) (actual time=0.167..1378.743 rows=4889 loops=1)
              ->  Seq Scan on movie_keyword mk  (cost=0.00..81003.12 rows=5580 width=4) (actual time=0.117..1266.317 rows=4889 loops=1)
                    Filter: (keyword_id = 1962)
                    Rows Removed by Filter: 4519041
              ->  Index Only Scan using title_pkey on title t  (cost=0.43..7.21 rows=1 width=4) (actual time=0.022..0.022 rows=1 loops=4889)
                    Index Cond: (id = mk.movie_id)
                    Heap Fetches: 4889
Planning time: 3.586 ms
Execution time: 19267.162 ms
