Hash Join  (cost=87442.78..182682.26 rows=242187 width=0) (actual time=1503.048..3500.496 rows=520466 loops=1)
  Hash Cond: (mk.movie_id = t.id)
  ->  Seq Scan on movie_keyword mk  (cost=0.00..81003.12 rows=743328 width=4) (actual time=0.014..1370.662 rows=748177 loops=1)
        Filter: (keyword_id < 680)
        Rows Removed by Filter: 3775753
  ->  Hash  (cost=73925.90..73925.90 rows=823830 width=4) (actual time=1502.130..1502.130 rows=737996 loops=1)
        Buckets: 131072  Batches: 16  Memory Usage: 2657kB
        ->  Seq Scan on title t  (cost=0.00..73925.90 rows=823830 width=4) (actual time=0.031..1256.424 rows=737996 loops=1)
              Filter: ((kind_id < 7) AND (production_year > 1968))
              Rows Removed by Filter: 1790316
Planning time: 6.396 ms
Execution time: 3562.642 ms
