Nested Loop  (cost=0.43..83072.90 rows=16 width=0) (actual time=725.394..1314.553 rows=1 loops=1)
  ->  Seq Scan on movie_keyword mk  (cost=0.00..81003.12 rows=246 width=4) (actual time=0.105..1258.069 rows=1060 loops=1)
        Filter: (keyword_id = 494)
        Rows Removed by Filter: 4522870
  ->  Index Scan using title_pkey on title t  (cost=0.43..8.40 rows=1 width=4) (actual time=0.052..0.052 rows=0 loops=1060)
        Index Cond: (id = mk.movie_id)
        Filter: ((kind_id > 2) AND (production_year > 2011))
        Rows Removed by Filter: 1
Planning time: 2.207 ms
Execution time: 1314.658 ms
