Seq Scan on movie_keyword mk  (cost=0.00..81003.12 rows=246 width=0) (actual time=4.850..1363.676 rows=162 loops=1)
  Filter: (keyword_id = 21349)
  Rows Removed by Filter: 4523768
Planning time: 0.320 ms
Execution time: 1363.852 ms
