Nested Loop  (cost=0.43..83071.67 rows=246 width=0) (actual time=2.547..1263.059 rows=359 loops=1)
  ->  Seq Scan on movie_keyword mk  (cost=0.00..81003.12 rows=246 width=4) (actual time=2.474..1242.470 rows=359 loops=1)
        Filter: (keyword_id = 15691)
        Rows Removed by Filter: 4523571
  ->  Index Only Scan using title_pkey on title t  (cost=0.43..8.40 rows=1 width=4) (actual time=0.054..0.055 rows=1 loops=359)
        Index Cond: (id = mk.movie_id)
        Heap Fetches: 359
Planning time: 1.736 ms
Execution time: 1263.327 ms
