Nested Loop  (cost=0.43..83071.67 rows=246 width=0) (actual time=0.799..1344.133 rows=86 loops=1)
  ->  Seq Scan on movie_keyword mk  (cost=0.00..81003.12 rows=246 width=4) (actual time=0.744..1336.299 rows=86 loops=1)
        Filter: (keyword_id = 72274)
        Rows Removed by Filter: 4523844
  ->  Index Only Scan using title_pkey on title t  (cost=0.43..8.40 rows=1 width=4) (actual time=0.086..0.087 rows=1 loops=86)
        Index Cond: (id = mk.movie_id)
        Heap Fetches: 86
Planning time: 0.759 ms
Execution time: 1344.261 ms
