Seq Scan on movie_keyword mk  (cost=0.00..81003.12 rows=246 width=0) (actual time=1.237..1272.607 rows=1350 loops=1)
  Filter: (keyword_id = 42033)
  Rows Removed by Filter: 4522580
Planning time: 0.375 ms
Execution time: 1273.115 ms
