Hash Join  (cost=87344.71..129266.85 rows=296008 width=0) (actual time=1730.573..2951.202 rows=519174 loops=1)
  Hash Cond: (mi_idx.movie_id = t.id)
  ->  Seq Scan on movie_info_idx mi_idx  (cost=0.00..25185.44 rows=915101 width=4) (actual time=0.027..515.310 rows=919850 loops=1)
        Filter: (info_type_id < 101)
        Rows Removed by Filter: 460185
  ->  Hash  (cost=73925.90..73925.90 rows=817904 width=4) (actual time=1729.582..1729.582 rows=732135 loops=1)
        Buckets: 131072  Batches: 16  Memory Usage: 2635kB
        ->  Seq Scan on title t  (cost=0.00..73925.90 rows=817904 width=4) (actual time=0.024..1219.480 rows=732135 loops=1)
              Filter: ((kind_id < 7) AND (production_year > 1969))
              Rows Removed by Filter: 1796177
Planning time: 0.754 ms
Execution time: 3015.154 ms
