Hash Join  (cost=154790.09..907622.11 rows=204285 width=0) (actual time=2514.973..20201.403 rows=869588 loops=1)
  Hash Cond: (ci.movie_id = t.id)
  ->  Seq Scan on cast_info ci  (cost=0.00..614943.12 rows=36225612 width=4) (actual time=0.013..9090.845 rows=36244344 loops=1)
  ->  Hash  (cost=154611.85..154611.85 rows=14259 width=8) (actual time=2514.783..2514.783 rows=13631 loops=1)
        Buckets: 16384  Batches: 1  Memory Usage: 661kB
        ->  Hash Join  (cost=69694.50..154611.85 rows=14259 width=8) (actual time=1111.229..2509.890 rows=13631 loops=1)
              Hash Cond: (mk.movie_id = t.id)
              ->  Seq Scan on movie_keyword mk  (cost=0.00..81003.12 rows=283104 width=4) (actual time=0.020..1281.940 rows=282175 loops=1)
                    Filter: (keyword_id > 56669)
                    Rows Removed by Filter: 4241755
              ->  Hash  (cost=67604.59..67604.59 rows=127353 width=4) (actual time=1110.352..1110.352 rows=128696 loops=1)
                    Buckets: 131072  Batches: 2  Memory Usage: 3290kB
                    ->  Seq Scan on title t  (cost=0.00..67604.59 rows=127353 width=4) (actual time=4.355..1061.045 rows=128696 loops=1)
                          Filter: (production_year = 2009)
                          Rows Removed by Filter: 2399616
Planning time: 1.233 ms
Execution time: 20324.214 ms
