Hash Join  (cost=210881.71..752638.68 rows=5806004 width=0) (actual time=5002.715..24260.760 rows=17288368 loops=1)
  Hash Cond: (mi.movie_id = t.id)
  ->  Seq Scan on movie_info mi  (cost=0.00..309384.22 rows=14739122 width=4) (actual time=0.008..6367.304 rows=14835720 loops=1)
  ->  Hash  (cost=194540.31..194540.31 rows=996032 width=8) (actual time=5002.072..5002.072 rows=1152615 loops=1)
        Buckets: 131072  Batches: 16  Memory Usage: 3847kB
        ->  Hash Join  (cost=102767.86..194540.31 rows=996032 width=8) (actual time=1850.474..4397.050 rows=1152615 loops=1)
              Hash Cond: (mc.movie_id = t.id)
              ->  Seq Scan on movie_companies mc  (cost=0.00..57926.93 rows=996032 width=4) (actual time=0.017..1188.166 rows=1152615 loops=1)
                    Filter: ((company_id > 868) AND (company_type_id = 2))
                    Rows Removed by Filter: 1456514
              ->  Hash  (cost=61283.27..61283.27 rows=2528527 width=4) (actual time=1849.337..1849.337 rows=2528312 loops=1)
                    Buckets: 131072  Batches: 64  Memory Usage: 2415kB
                    ->  Seq Scan on title t  (cost=0.00..61283.27 rows=2528527 width=4) (actual time=0.018..1025.643 rows=2528312 loops=1)
Planning time: 0.757 ms
Execution time: 26056.688 ms
