Hash Join  (cost=199174.77..965357.31 rows=432885 width=0) (actual time=6595.218..19869.539 rows=3709032 loops=1)
  Hash Cond: (ci.movie_id = t.id)
  ->  Seq Scan on cast_info ci  (cost=0.00..705507.15 rows=4320508 width=4) (actual time=2647.552..13256.909 rows=4323018 loops=1)
        Filter: (role_id = 10)
        Rows Removed by Filter: 31921326
  ->  Hash  (cost=195018.01..195018.01 rows=253341 width=8) (actual time=3946.780..3946.780 rows=176344 loops=1)
        Buckets: 131072  Batches: 4  Memory Usage: 2694kB
        ->  Hash Join  (cost=69928.56..195018.01 rows=253341 width=8) (actual time=1117.928..3894.217 rows=176344 loops=1)
              Hash Cond: (mk.movie_id = t.id)
              ->  Seq Scan on movie_keyword mk  (cost=0.00..69693.30 rows=4523930 width=4) (actual time=0.022..1439.142 rows=4523930 loops=1)
              ->  Hash  (cost=67604.59..67604.59 rows=141598 width=4) (actual time=1117.007..1117.007 rows=141703 loops=1)
                    Buckets: 131072  Batches: 2  Memory Usage: 3517kB
                    ->  Seq Scan on title t  (cost=0.00..67604.59 rows=141598 width=4) (actual time=0.022..1031.578 rows=141703 loops=1)
                          Filter: (production_year = 2010)
                          Rows Removed by Filter: 2386609
Planning time: 1.372 ms
Execution time: 20302.236 ms
