Nested Loop  (cost=0.43..709674.40 rows=268 width=0) (actual time=1124.051..10688.412 rows=33 loops=1)
  ->  Seq Scan on cast_info ci  (cost=0.00..705507.15 rows=500 width=4) (actual time=1122.680..10686.375 rows=101 loops=1)
        Filter: (person_id = 3835402)
        Rows Removed by Filter: 36244243
  ->  Index Scan using title_pkey on title t  (cost=0.43..8.32 rows=1 width=4) (actual time=0.019..0.019 rows=0 loops=101)
        Index Cond: (id = ci.movie_id)
        Filter: ((production_year < 2012) AND (kind_id = 7))
        Rows Removed by Filter: 1
Planning time: 0.833 ms
Execution time: 10688.544 ms
