Seq Scan on cast_info ci  (cost=0.00..705507.15 rows=5310018 width=0) (actual time=0.019..11737.561 rows=5386134 loops=1)
  Filter: (person_id > 3119574)
  Rows Removed by Filter: 30858210
Planning time: 0.336 ms
Execution time: 12409.214 ms
