Hash Join  (cost=94192.22..1323531.07 rows=15415074 width=0) (actual time=1922.966..41060.468 rows=16460359 loops=1)
  Hash Cond: (ci.movie_id = t.id)
  ->  Seq Scan on cast_info ci  (cost=0.00..705507.15 rows=31554923 width=4) (actual time=130.534..17282.807 rows=31605208 loops=1)
        Filter: (role_id < 10)
        Rows Removed by Filter: 4639136
  ->  Hash  (cost=73925.90..73925.90 rows=1235225 width=4) (actual time=1791.185..1791.185 rows=1321041 loops=1)
        Buckets: 131072  Batches: 32  Memory Usage: 2480kB
        ->  Seq Scan on title t  (cost=0.00..73925.90 rows=1235225 width=4) (actual time=0.023..1374.852 rows=1321041 loops=1)
              Filter: ((kind_id > 4) AND (production_year > 1975))
              Rows Removed by Filter: 1207271
Planning time: 0.761 ms
Execution time: 43020.067 ms
