Seq Scan on movie_keyword mk  (cost=0.00..81003.12 rows=246 width=0) (actual time=0.566..1341.276 rows=1088 loops=1)
  Filter: (keyword_id = 217)
  Rows Removed by Filter: 4522842
Planning time: 0.403 ms
Execution time: 1341.773 ms
