Hash Join  (cost=75533.21..207765.64 rows=164819 width=0) (actual time=3439.100..4292.674 rows=43672 loops=1)
  Hash Cond: (mk.movie_id = t.id)
  ->  Seq Scan on movie_keyword mk  (cost=0.00..81003.12 rows=4254966 width=4) (actual time=0.027..1750.601 rows=4254730 loops=1)
        Filter: (keyword_id < 58408)
        Rows Removed by Filter: 269200
  ->  Hash  (cost=73925.90..73925.90 rows=97944 width=4) (actual time=1319.257..1319.257 rows=106247 loops=1)
        Buckets: 131072  Batches: 2  Memory Usage: 2896kB
        ->  Seq Scan on title t  (cost=0.00..73925.90 rows=97944 width=4) (actual time=0.018..1278.917 rows=106247 loops=1)
              Filter: ((kind_id = 7) AND (production_year = 2011))
              Rows Removed by Filter: 2422065
Planning time: 0.728 ms
Execution time: 4297.844 ms
