Seq Scan on cast_info ci  (cost=0.00..796071.18 rows=18035347 width=0) (actual time=0.025..15304.693 rows=15175616 loops=1)
  Filter: ((person_id < 2844662) AND (role_id > 1))
  Rows Removed by Filter: 21068728
Planning time: 0.418 ms
Execution time: 17074.851 ms
