Hash Join  (cost=67697.55..790857.16 rows=13738 width=0) (actual time=7029.003..15402.046 rows=9941 loops=1)
  Hash Cond: (ci.movie_id = t.id)
  ->  Seq Scan on cast_info ci  (cost=0.00..705507.15 rows=4670689 width=4) (actual time=5806.085..13156.591 rows=4639136 loops=1)
        Filter: (role_id > 9)
        Rows Removed by Filter: 31605208
  ->  Hash  (cost=67604.59..67604.59 rows=7437 width=4) (actual time=1222.712..1222.712 rows=14601 loops=1)
        Buckets: 16384 (originally 8192)  Batches: 1 (originally 1)  Memory Usage: 642kB
        ->  Seq Scan on title t  (cost=0.00..67604.59 rows=7437 width=4) (actual time=0.022..1215.165 rows=14601 loops=1)
              Filter: (production_year = 1967)
              Rows Removed by Filter: 2513711
Planning time: 0.833 ms
Execution time: 15404.104 ms
