Seq Scan on movie_keyword mk  (cost=0.00..81003.12 rows=2855680 width=0) (actual time=0.024..1607.968 rows=2843589 loops=1)
  Filter: (keyword_id > 2591)
  Rows Removed by Filter: 1680341
Planning time: 0.524 ms
Execution time: 1972.153 ms
