Seq Scan on movie_keyword mk  (cost=0.00..81003.12 rows=246 width=0) (actual time=1.698..1264.393 rows=166 loops=1)
  Filter: (keyword_id = 14343)
  Rows Removed by Filter: 4523764
Planning time: 0.362 ms
Execution time: 1264.585 ms
