Seq Scan on movie_info mi  (cost=0.00..346232.03 rows=918999 width=0) (actual time=2964.865..5464.001 rows=970477 loops=1)
  Filter: (info_type_id > 92)
  Rows Removed by Filter: 13865243
Planning time: 0.307 ms
Execution time: 5586.446 ms
