Hash Join  (cost=797556.63..884855.48 rows=3 width=0) (actual time=14459.479..15314.540 rows=8 loops=1)
  Hash Cond: (mk.movie_id = t.id)
  ->  Seq Scan on movie_keyword mk  (cost=0.00..81003.12 rows=1678851 width=4) (actual time=0.014..1386.312 rows=1689298 loops=1)
        Filter: (keyword_id > 8567)
        Rows Removed by Filter: 2834632
  ->  Hash  (cost=797556.58..797556.58 rows=4 width=8) (actual time=13706.878..13706.878 rows=12 loops=1)
        Buckets: 1024  Batches: 1  Memory Usage: 9kB
        ->  Nested Loop  (cost=0.43..797556.58 rows=4 width=8) (actual time=3117.240..13706.820 rows=12 loops=1)
              ->  Seq Scan on cast_info ci  (cost=0.00..796071.18 rows=176 width=4) (actual time=3117.004..13706.122 rows=30 loops=1)
                    Filter: ((role_id < 2) AND (person_id = 1224700))
                    Rows Removed by Filter: 36244314
              ->  Index Scan using title_pkey on title t  (cost=0.43..8.43 rows=1 width=4) (actual time=0.019..0.019 rows=0 loops=30)
                    Index Cond: (id = ci.movie_id)
                    Filter: ((kind_id < 7) AND (production_year = 2010))
                    Rows Removed by Filter: 1
Planning time: 0.774 ms
Execution time: 15314.660 ms
