Seq Scan on title t  (cost=0.00..73925.90 rows=136799 width=0) (actual time=0.098..1138.980 rows=258020 loops=1)
  Filter: ((kind_id < 4) AND (production_year < 1972))
  Rows Removed by Filter: 2270292
Planning time: 1.836 ms
Execution time: 1172.198 ms
