Seq Scan on movie_companies mc  (cost=0.00..57926.93 rows=1042781 width=0) (actual time=0.023..1100.430 rows=1188901 loops=1)
  Filter: ((company_id > 594) AND (company_type_id > 1))
  Rows Removed by Filter: 1420228
Planning time: 1.734 ms
Execution time: 1247.415 ms
