Seq Scan on movie_keyword mk  (cost=0.00..81003.12 rows=1754396 width=0) (actual time=0.019..1402.017 rows=1761743 loops=1)
  Filter: (keyword_id < 2863)
  Rows Removed by Filter: 2762187
Planning time: 0.240 ms
Execution time: 1615.296 ms
