Seq Scan on movie_keyword mk  (cost=0.00..81003.12 rows=2927521 width=0) (actual time=0.023..1557.745 rows=2919634 loops=1)
  Filter: (keyword_id > 2486)
  Rows Removed by Filter: 1604296
Planning time: 0.370 ms
Execution time: 1921.285 ms
