Hash Join  (cost=192456.36..332320.83 rows=1155757 width=0) (actual time=4094.240..7830.553 rows=1493322 loops=1)
  Hash Cond: (mk.movie_id = t.id)
  ->  Seq Scan on movie_keyword mk  (cost=0.00..81003.12 rows=3833538 width=4) (actual time=0.009..1773.700 rows=3834778 loops=1)
        Filter: (keyword_id > 569)
        Rows Removed by Filter: 689152
  ->  Hash  (cost=179949.43..179949.43 rows=762315 width=8) (actual time=4092.633..4092.633 rows=415459 loops=1)
        Buckets: 131072  Batches: 16  Memory Usage: 2033kB
        ->  Hash Join  (cost=98641.58..179949.43 rows=762315 width=8) (actual time=1948.146..3965.299 rows=415459 loops=1)
              Hash Cond: (mc.movie_id = t.id)
              ->  Seq Scan on movie_companies mc  (cost=0.00..51404.11 rows=1279517 width=4) (actual time=15.700..997.673 rows=1274246 loops=1)
                    Filter: (company_type_id < 2)
                    Rows Removed by Filter: 1334883
              ->  Hash  (cost=73925.90..73925.90 rows=1506454 width=4) (actual time=1930.979..1930.979 rows=1598560 loops=1)
                    Buckets: 131072  Batches: 32  Memory Usage: 2786kB
                    ->  Seq Scan on title t  (cost=0.00..73925.90 rows=1506454 width=4) (actual time=0.023..1428.419 rows=1598560 loops=1)
                          Filter: ((kind_id > 3) AND (production_year > 1952))
                          Rows Removed by Filter: 929752
Planning time: 1.195 ms
Execution time: 7999.017 ms
