Hash Join  (cost=78556.72..933823.85 rows=1051866 width=0) (actual time=15996.380..34294.727 rows=958311 loops=1)
  Hash Cond: (ci.movie_id = t.id)
  ->  Seq Scan on cast_info ci  (cost=0.00..796071.18 rows=3984343 width=4) (actual time=12082.144..26435.304 rows=4214065 loops=1)
        Filter: ((person_id > 267048) AND (role_id = 10))
        Rows Removed by Filter: 32030279
  ->  Hash  (cost=67604.59..67604.59 rows=667531 width=4) (actual time=3891.691..3891.691 rows=662825 loops=1)
        Buckets: 131072  Batches: 16  Memory Usage: 2476kB
        ->  Seq Scan on title t  (cost=0.00..67604.59 rows=667531 width=4) (actual time=0.030..3583.419 rows=662825 loops=1)
              Filter: (kind_id = 1)
              Rows Removed by Filter: 1865487
Planning time: 0.837 ms
Execution time: 34427.351 ms
