Nested Loop  (cost=0.43..76076.56 rows=2303 width=0) (actual time=91.915..962.989 rows=2875 loops=1)
  ->  Seq Scan on movie_companies mc  (cost=0.00..57926.93 rows=2303 width=4) (actual time=88.416..895.579 rows=2875 loops=1)
        Filter: ((company_id = 82) AND (company_type_id = 1))
        Rows Removed by Filter: 2606254
  ->  Index Only Scan using title_pkey on title t  (cost=0.43..7.87 rows=1 width=4) (actual time=0.022..0.023 rows=1 loops=2875)
        Index Cond: (id = mc.movie_id)
        Heap Fetches: 2875
Planning time: 0.541 ms
Execution time: 963.763 ms
