Seq Scan on movie_keyword mk  (cost=0.00..81003.12 rows=1831870 width=0) (actual time=0.026..3139.726 rows=1837577 loops=1)
  Filter: (keyword_id > 7580)
  Rows Removed by Filter: 2686353
Planning time: 0.374 ms
Execution time: 3408.560 ms
