Seq Scan on cast_info ci  (cost=0.00..796071.18 rows=174835 width=0) (actual time=5828.434..13195.398 rows=72067 loops=1)
  Filter: ((person_id < 1779947) AND (role_id > 10))
  Rows Removed by Filter: 36172277
Planning time: 0.390 ms
Execution time: 13203.797 ms
