Hash Join  (cost=139354.68..1054922.18 rows=330449 width=0) (actual time=11020.924..46319.375 rows=327938 loops=1)
  Hash Cond: (ci.movie_id = t.id)
  ->  Seq Scan on cast_info ci  (cost=0.00..796071.18 rows=10020753 width=4) (actual time=3499.996..35713.269 rows=7185212 loops=1)
        Filter: ((person_id > 736882) AND (role_id < 2))
        Rows Removed by Filter: 29059132
  ->  Hash  (cost=137986.41..137986.41 rows=83382 width=8) (actual time=7520.105..7520.105 rows=45850 loops=1)
        Buckets: 131072  Batches: 2  Memory Usage: 1928kB
        ->  Hash Join  (cost=70308.29..137986.41 rows=83382 width=8) (actual time=3441.737..7496.215 rows=45850 loops=1)
              Hash Cond: (mc.movie_id = t.id)
              ->  Seq Scan on movie_companies mc  (cost=0.00..51404.11 rows=1279517 width=4) (actual time=0.026..3064.041 rows=1274246 loops=1)
                    Filter: (company_type_id = 1)
                    Rows Removed by Filter: 1334883
              ->  Hash  (cost=67604.59..67604.59 rows=164776 width=4) (actual time=3440.738..3440.738 rows=164307 loops=1)
                    Buckets: 131072  Batches: 4  Memory Usage: 2482kB
                    ->  Seq Scan on title t  (cost=0.00..67604.59 rows=164776 width=4) (actual time=0.019..3371.668 rows=164307 loops=1)
                          Filter: (production_year = 2012)
                          Rows Removed by Filter: 2364005
Planning time: 2.178 ms
Execution time: 46370.599 ms
