Hash Join  (cost=709678.15..796673.08 rows=316 width=0) (actual time=11866.860..12680.538 rows=62 loops=1)
  Hash Cond: (mk.movie_id = t.id)
  ->  Seq Scan on movie_keyword mk  (cost=0.00..81003.12 rows=1596972 width=4) (actual time=0.021..1484.691 rows=1606189 loops=1)
        Filter: (keyword_id < 2488)
        Rows Removed by Filter: 2917741
  ->  Hash  (cost=709671.90..709671.90 rows=500 width=8) (actual time=10970.455..10970.455 rows=62 loops=1)
        Buckets: 1024  Batches: 1  Memory Usage: 11kB
        ->  Nested Loop  (cost=0.43..709671.90 rows=500 width=8) (actual time=279.022..10970.428 rows=62 loops=1)
              ->  Seq Scan on cast_info ci  (cost=0.00..705507.15 rows=500 width=4) (actual time=278.932..10969.657 rows=62 loops=1)
                    Filter: (person_id = 1721091)
                    Rows Removed by Filter: 36244282
              ->  Index Only Scan using title_pkey on title t  (cost=0.43..8.32 rows=1 width=4) (actual time=0.012..0.012 rows=1 loops=62)
                    Index Cond: (id = ci.movie_id)
                    Heap Fetches: 62
Planning time: 1.163 ms
Execution time: 12680.705 ms
