Nested Loop  (cost=0.43..83071.67 rows=246 width=0) (actual time=0.627..1396.827 rows=2120 loops=1)
  ->  Seq Scan on movie_keyword mk  (cost=0.00..81003.12 rows=246 width=4) (actual time=0.560..1312.880 rows=2120 loops=1)
        Filter: (keyword_id = 66)
        Rows Removed by Filter: 4521810
  ->  Index Only Scan using title_pkey on title t  (cost=0.43..8.40 rows=1 width=4) (actual time=0.037..0.038 rows=1 loops=2120)
        Index Cond: (id = mk.movie_id)
        Heap Fetches: 2120
Planning time: 0.767 ms
Execution time: 1397.624 ms
