Seq Scan on title t  (cost=0.00..73925.90 rows=2905 width=0) (actual time=71.474..1049.025 rows=3065 loops=1)
  Filter: ((kind_id < 7) AND (production_year = 1922))
  Rows Removed by Filter: 2525247
Planning time: 0.379 ms
Execution time: 1049.813 ms
