Hash Join  (cost=609531.85..2175604.92 rows=29774090 width=0) (actual time=33994.412..122509.925 rows=60359926 loops=1)
  Hash Cond: (ci.movie_id = t.id)
  ->  Seq Scan on cast_info ci  (cost=0.00..614943.12 rows=36225612 width=4) (actual time=0.013..43580.721 rows=36244344 loops=1)
  ->  Hash  (cost=575435.18..575435.18 rows=2078214 width=8) (actual time=33992.319..33992.319 rows=3379866 loops=1)
        Buckets: 131072 (originally 131072)  Batches: 64 (originally 32)  Memory Usage: 3139kB
        ->  Hash Join  (cost=73454.11..575435.18 rows=2078214 width=8) (actual time=4057.759..32704.231 rows=3379866 loops=1)
              Hash Cond: (mi.movie_id = t.id)
              ->  Seq Scan on movie_info mi  (cost=0.00..309384.22 rows=14739122 width=4) (actual time=0.015..19160.842 rows=14835720 loops=1)
              ->  Hash  (cost=67604.59..67604.59 rows=356522 width=4) (actual time=4056.324..4056.324 rows=352081 loops=1)
                    Buckets: 131072  Batches: 8  Memory Usage: 2571kB
                    ->  Seq Scan on title t  (cost=0.00..67604.59 rows=356522 width=4) (actual time=0.013..3635.509 rows=352081 loops=1)
                          Filter: (production_year < 1969)
                          Rows Removed by Filter: 2176231
Planning time: 1.268 ms
Execution time: 129651.725 ms
