Hash Join  (cost=28270.40..111704.93 rows=94 width=0) (actual time=396.912..1859.842 rows=6799 loops=1)
  Hash Cond: (mk.movie_id = t.id)
  ->  Seq Scan on movie_keyword mk  (cost=0.00..81003.12 rows=648124 width=4) (actual time=0.022..1367.203 rows=658787 loops=1)
        Filter: (keyword_id > 28544)
        Rows Removed by Filter: 3865143
  ->  Hash  (cost=28265.80..28265.80 rows=368 width=8) (actual time=396.358..396.358 rows=260 loops=1)
        Buckets: 1024  Batches: 1  Memory Usage: 19kB
        ->  Nested Loop  (cost=0.43..28265.80 rows=368 width=8) (actual time=325.684..396.254 rows=260 loops=1)
              ->  Seq Scan on movie_info_idx mi_idx  (cost=0.00..25185.44 rows=368 width=4) (actual time=325.589..392.436 rows=260 loops=1)
                    Filter: (info_type_id > 101)
                    Rows Removed by Filter: 1379775
              ->  Index Only Scan using title_pkey on title t  (cost=0.43..8.36 rows=1 width=4) (actual time=0.014..0.014 rows=1 loops=260)
                    Index Cond: (id = mi_idx.movie_id)
                    Heap Fetches: 260
Planning time: 1.129 ms
Execution time: 1860.954 ms
