Hash Join  (cost=102767.86..191441.99 rows=867274 width=0) (actual time=5301.614..9784.871 rows=1070955 loops=1)
  Hash Cond: (mc.movie_id = t.id)
  ->  Seq Scan on movie_companies mc  (cost=0.00..57926.93 rows=867274 width=4) (actual time=0.016..3137.831 rows=1070955 loops=1)
        Filter: ((company_id > 2962) AND (company_type_id = 2))
        Rows Removed by Filter: 1538174
  ->  Hash  (cost=61283.27..61283.27 rows=2528527 width=4) (actual time=5299.832..5299.832 rows=2528312 loops=1)
        Buckets: 131072  Batches: 64  Memory Usage: 2415kB
        ->  Seq Scan on title t  (cost=0.00..61283.27 rows=2528527 width=4) (actual time=0.016..4243.211 rows=2528312 loops=1)
Planning time: 34.475 ms
Execution time: 9903.299 ms
