Nested Loop  (cost=0.43..114583.47 rows=329 width=0) (actual time=0.266..4132.311 rows=2547 loops=1)
  ->  Seq Scan on movie_keyword mk  (cost=0.00..81003.12 rows=4524 width=4) (actual time=0.233..3478.052 rows=5235 loops=1)
        Filter: (keyword_id = 816)
        Rows Removed by Filter: 4518695
  ->  Index Scan using title_pkey on title t  (cost=0.43..7.41 rows=1 width=4) (actual time=0.122..0.123 rows=0 loops=5235)
        Index Cond: (id = mk.movie_id)
        Filter: ((kind_id < 7) AND (production_year < 1977))
        Rows Removed by Filter: 1
Planning time: 0.698 ms
Execution time: 4133.415 ms
