Hash Join  (cost=78171.87..118287.83 rows=141248 width=0) (actual time=3667.434..5893.671 rows=155682 loops=1)
  Hash Cond: (mi_idx.movie_id = t.id)
  ->  Seq Scan on movie_info_idx mi_idx  (cost=0.00..21735.35 rows=1380035 width=4) (actual time=0.018..1507.027 rows=1380035 loops=1)
  ->  Hash  (cost=73925.90..73925.90 rows=258797 width=4) (actual time=3666.586..3666.586 rows=227847 loops=1)
        Buckets: 131072  Batches: 4  Memory Usage: 3032kB
        ->  Seq Scan on title t  (cost=0.00..73925.90 rows=258797 width=4) (actual time=0.017..3568.464 rows=227847 loops=1)
              Filter: ((kind_id < 7) AND (production_year > 2008))
              Rows Removed by Filter: 2300465
Planning time: 0.741 ms
Execution time: 5912.563 ms
