Hash Join  (cost=161637.73..248898.86 rows=885761 width=0) (actual time=3679.225..6756.584 rows=2262223 loops=1)
  Hash Cond: (mc.movie_id = t.id)
  ->  Seq Scan on movie_companies mc  (cost=0.00..44881.29 rows=2609129 width=4) (actual time=0.023..941.545 rows=2609129 loops=1)
  ->  Hash  (cost=147553.76..147553.76 rows=858398 width=8) (actual time=3678.272..3678.272 rows=785768 loops=1)
        Buckets: 131072  Batches: 16  Memory Usage: 2942kB
        ->  Hash Join  (cost=93408.25..147553.76 rows=858398 width=8) (actual time=1806.802..3442.142 rows=785768 loops=1)
              Hash Cond: (mi_idx.movie_id = t.id)
              ->  Seq Scan on movie_info_idx mi_idx  (cost=0.00..21735.35 rows=1380035 width=4) (actual time=0.022..460.056 rows=1380035 loops=1)
              ->  Hash  (cost=67604.59..67604.59 rows=1572773 width=4) (actual time=1805.608..1805.608 rows=1570568 loops=1)
                    Buckets: 131072  Batches: 32  Memory Usage: 2751kB
                    ->  Seq Scan on title t  (cost=0.00..67604.59 rows=1572773 width=4) (actual time=0.012..1279.470 rows=1570568 loops=1)
                          Filter: (production_year > 1996)
                          Rows Removed by Filter: 957744
Planning time: 1.174 ms
Execution time: 7014.837 ms
