Hash Join  (cost=102767.86..1025187.75 rows=4840290 width=0) (actual time=15708.475..46566.177 rows=2888318 loops=1)
  Hash Cond: (ci.movie_id = t.id)
  ->  Seq Scan on cast_info ci  (cost=0.00..796071.18 rows=4840290 width=4) (actual time=10650.108..38036.241 rows=2888318 loops=1)
        Filter: ((person_id < 1407913) AND (role_id > 3))
        Rows Removed by Filter: 33356026
  ->  Hash  (cost=61283.27..61283.27 rows=2528527 width=4) (actual time=5056.399..5056.399 rows=2528312 loops=1)
        Buckets: 131072  Batches: 64  Memory Usage: 2415kB
        ->  Seq Scan on title t  (cost=0.00..61283.27 rows=2528527 width=4) (actual time=0.011..3914.592 rows=2528312 loops=1)
Planning time: 4.465 ms
Execution time: 46940.323 ms
