Hash Join  (cost=138924.85..486940.43 rows=749 width=0) (actual time=13732.363..21388.263 rows=1126 loops=1)
  Hash Cond: (mi.movie_id = t.id)
  ->  Seq Scan on movie_info mi  (cost=0.00..346232.03 rows=473617 width=4) (actual time=7478.283..15012.657 rows=486554 loops=1)
        Filter: (info_type_id = 5)
        Rows Removed by Filter: 14349166
  ->  Hash  (cost=138874.89..138874.89 rows=3997 width=8) (actual time=6250.263..6250.263 rows=1910 loops=1)
        Buckets: 4096  Batches: 1  Memory Usage: 107kB
        ->  Hash Join  (cost=79273.71..138874.89 rows=3997 width=8) (actual time=5183.303..6249.461 rows=1910 loops=1)
              Hash Cond: (mc.movie_id = t.id)
              ->  Seq Scan on movie_companies mc  (cost=0.00..57926.93 rows=31007 width=4) (actual time=0.125..2331.974 rows=55497 loops=1)
                    Filter: ((company_id = 6) AND (company_type_id = 1))
                    Rows Removed by Filter: 2553632
              ->  Hash  (cost=73925.90..73925.90 rows=325904 width=4) (actual time=3782.342..3782.342 rows=349534 loops=1)
                    Buckets: 131072  Batches: 8  Memory Usage: 2566kB
                    ->  Seq Scan on title t  (cost=0.00..73925.90 rows=325904 width=4) (actual time=0.026..3485.535 rows=349534 loops=1)
                          Filter: ((production_year > 2009) AND (kind_id = 7))
                          Rows Removed by Filter: 2178778
Planning time: 2.580 ms
Execution time: 21388.618 ms
