Hash Join  (cost=212868.02..315291.97 rows=456555 width=0) (actual time=8603.740..14271.385 rows=1083435 loops=1)
  Hash Cond: (mk.movie_id = t.id)
  ->  Seq Scan on movie_keyword mk  (cost=0.00..81003.12 rows=1104609 width=4) (actual time=0.025..4574.323 rows=1113237 loops=1)
        Filter: (keyword_id < 1150)
        Rows Removed by Filter: 3410693
  ->  Hash  (cost=195721.44..195721.44 rows=1045086 width=8) (actual time=8602.601..8602.601 rows=771061 loops=1)
        Buckets: 131072  Batches: 16  Memory Usage: 2907kB
        ->  Hash Join  (cost=102767.86..195721.44 rows=1045086 width=8) (actual time=4542.883..8373.963 rows=771061 loops=1)
              Hash Cond: (mc.movie_id = t.id)
              ->  Seq Scan on movie_companies mc  (cost=0.00..57926.93 rows=1045086 width=4) (actual time=418.046..3140.221 rows=771061 loops=1)
                    Filter: ((company_id < 71564) AND (company_type_id > 1))
                    Rows Removed by Filter: 1838068
              ->  Hash  (cost=61283.27..61283.27 rows=2528527 width=4) (actual time=4122.333..4122.333 rows=2528312 loops=1)
                    Buckets: 131072  Batches: 64  Memory Usage: 2415kB
                    ->  Seq Scan on title t  (cost=0.00..61283.27 rows=2528527 width=4) (actual time=0.020..3222.994 rows=2528312 loops=1)
Planning time: 1.147 ms
Execution time: 14412.838 ms
