Nested Loop  (cost=0.43..83072.90 rows=107 width=0) (actual time=1239.507..2867.541 rows=10 loops=1)
  ->  Seq Scan on movie_keyword mk  (cost=0.00..81003.12 rows=246 width=4) (actual time=23.750..2853.936 rows=49 loops=1)
        Filter: (keyword_id = 3830)
        Rows Removed by Filter: 4523881
  ->  Index Scan using title_pkey on title t  (cost=0.43..8.40 rows=1 width=4) (actual time=0.272..0.273 rows=0 loops=49)
        Index Cond: (id = mk.movie_id)
        Filter: ((kind_id > 4) AND (production_year < 2009))
        Rows Removed by Filter: 1
Planning time: 0.761 ms
Execution time: 2867.641 ms
