Seq Scan on title t  (cost=0.00..73925.90 rows=1248151 width=0) (actual time=0.022..3034.464 rows=1332982 loops=1)
  Filter: ((production_year > 1972) AND (kind_id = 7))
  Rows Removed by Filter: 1195330
Planning time: 0.879 ms
Execution time: 3217.965 ms
