Hash Join  (cost=58375.85..85286.62 rows=29 width=0) (actual time=3117.002..3837.796 rows=24 loops=1)
  Hash Cond: (mi_idx.movie_id = t.id)
  ->  Seq Scan on movie_info_idx mi_idx  (cost=0.00..21735.35 rows=1380035 width=4) (actual time=0.027..1126.906 rows=1380035 loops=1)
  ->  Hash  (cost=58375.18..58375.18 rows=53 width=8) (actual time=2378.690..2378.690 rows=718 loops=1)
        Buckets: 1024  Batches: 1  Memory Usage: 37kB
        ->  Nested Loop  (cost=0.43..58375.18 rows=53 width=8) (actual time=560.580..2378.348 rows=718 loops=1)
              ->  Seq Scan on movie_companies mc  (cost=0.00..57926.93 rows=53 width=4) (actual time=560.499..2279.285 rows=718 loops=1)
                    Filter: ((company_id = 6429) AND (company_type_id = 2))
                    Rows Removed by Filter: 2608411
              ->  Index Only Scan using title_pkey on title t  (cost=0.43..8.45 rows=1 width=4) (actual time=0.137..0.137 rows=1 loops=718)
                    Index Cond: (id = mc.movie_id)
                    Heap Fetches: 718
Planning time: 3.911 ms
Execution time: 3837.919 ms
