Hash Join  (cost=28270.40..392947.78 rows=2145 width=219) (actual time=575.273..9031.138 rows=94028 loops=1)
  Hash Cond: (mi.movie_id = t.id)
  ->  Seq Scan on movie_info mi  (cost=0.00..309384.22 rows=14739122 width=75) (actual time=0.022..5645.967 rows=14835720 loops=1)
  ->  Hash  (cost=28265.80..28265.80 rows=368 width=144) (actual time=574.916..574.916 rows=260 loops=1)
        Buckets: 1024  Batches: 1  Memory Usage: 41kB
        ->  Nested Loop  (cost=0.43..28265.80 rows=368 width=144) (actual time=33.339..574.704 rows=260 loops=1)
              ->  Seq Scan on movie_info_idx mi_idx  (cost=0.00..25185.44 rows=368 width=50) (actual time=33.190..569.171 rows=260 loops=1)
                    Filter: (info_type_id > 101)
                    Rows Removed by Filter: 1379775
              ->  Index Scan using title_pkey on title t  (cost=0.43..8.36 rows=1 width=94) (actual time=0.020..0.020 rows=1 loops=260)
                    Index Cond: (id = mi_idx.movie_id)
Planning time: 1.478 ms
Execution time: 9037.005 ms
