Seq Scan on cast_info ci  (cost=0.00..796071.18 rows=1840222 width=0) (actual time=9517.273..33639.543 rows=786654 loops=1)
  Filter: ((person_id < 268902) AND (role_id > 1))
  Rows Removed by Filter: 35457690
Planning time: 0.354 ms
Execution time: 33778.734 ms
