Hash Join  (cost=971302.52..1569620.54 rows=9380219 width=0) (actual time=42986.739..77176.059 rows=6375143 loops=1)
  Hash Cond: (mi.movie_id = t.id)
  ->  Seq Scan on movie_info mi  (cost=0.00..309384.22 rows=14739122 width=4) (actual time=0.019..21049.213 rows=14835720 loops=1)
  ->  Hash  (cost=944901.57..944901.57 rows=1609196 width=8) (actual time=42967.720..42967.720 rows=1064493 loops=1)
        Buckets: 131072  Batches: 32  Memory Usage: 2308kB
        ->  Hash Join  (cost=92883.59..944901.57 rows=1609196 width=8) (actual time=11738.634..42596.835 rows=1064493 loops=1)
              Hash Cond: (ci.movie_id = t.id)
              ->  Seq Scan on cast_info ci  (cost=0.00..796071.18 rows=2640768 width=4) (actual time=6778.564..35869.241 rows=1595723 loops=1)
                    Filter: ((person_id < 2445976) AND (role_id = 3))
                    Rows Removed by Filter: 34648621
              ->  Hash  (cost=67604.59..67604.59 rows=1540800 width=4) (actual time=4959.067..4959.067 rows=1543264 loops=1)
                    Buckets: 131072  Batches: 32  Memory Usage: 2722kB
                    ->  Seq Scan on title t  (cost=0.00..67604.59 rows=1540800 width=4) (actual time=0.029..4357.433 rows=1543264 loops=1)
                          Filter: (kind_id = 7)
                          Rows Removed by Filter: 985048
Planning time: 13.379 ms
Execution time: 77939.085 ms
