Nested Loop  (cost=0.43..83072.90 rows=5 width=0) (actual time=481.156..3668.379 rows=4 loops=1)
  ->  Seq Scan on movie_keyword mk  (cost=0.00..81003.12 rows=246 width=4) (actual time=14.737..3642.270 rows=196 loops=1)
        Filter: (keyword_id = 8583)
        Rows Removed by Filter: 4523734
  ->  Index Scan using title_pkey on title t  (cost=0.43..8.40 rows=1 width=4) (actual time=0.130..0.130 rows=0 loops=196)
        Index Cond: (id = mk.movie_id)
        Filter: ((kind_id < 7) AND (production_year = 2008))
        Rows Removed by Filter: 1
Planning time: 0.814 ms
Execution time: 3668.491 ms
