Hash Join  (cost=246687.92..828529.28 rows=7835950 width=0) (actual time=6851.738..67770.804 rows=209333919 loops=1)
  Hash Cond: (mi.movie_id = t.id)
  ->  Seq Scan on movie_info mi  (cost=0.00..309384.22 rows=14739122 width=4) (actual time=0.021..6388.851 rows=14835720 loops=1)
  ->  Hash  (cost=224632.49..224632.49 rows=1344274 width=8) (actual time=6849.834..6849.834 rows=3521790 loops=1)
        Buckets: 131072 (originally 131072)  Batches: 64 (originally 32)  Memory Usage: 3281kB
        ->  Hash Join  (cost=86252.72..224632.49 rows=1344274 width=8) (actual time=1499.943..5872.485 rows=3521790 loops=1)
              Hash Cond: (mk.movie_id = t.id)
              ->  Seq Scan on movie_keyword mk  (cost=0.00..69693.30 rows=4523930 width=4) (actual time=0.014..1461.730 rows=4523930 loops=1)
              ->  Hash  (cost=73925.90..73925.90 rows=751345 width=4) (actual time=1498.113..1498.113 rows=793943 loops=1)
                    Buckets: 131072  Batches: 16  Memory Usage: 2779kB
                    ->  Seq Scan on title t  (cost=0.00..73925.90 rows=751345 width=4) (actual time=0.036..1258.865 rows=793943 loops=1)
                          Filter: ((kind_id < 7) AND (production_year < 2010))
                          Rows Removed by Filter: 1734369
Planning time: 1.243 ms
Execution time: 90434.044 ms
