Hash Join  (cost=219361.18..345907.41 rows=1192078 width=0) (actual time=10527.689..17995.433 rows=3490617 loops=1)
  Hash Cond: (mk.movie_id = t.id)
  ->  Seq Scan on movie_keyword mk  (cost=0.00..81003.12 rows=2500355 width=4) (actual time=0.024..4766.677 rows=2494396 loops=1)
        Filter: (keyword_id < 6081)
        Rows Removed by Filter: 2029534
  ->  Hash  (cost=199582.31..199582.31 rows=1205509 width=8) (actual time=10526.124..10526.124 rows=1088808 loops=1)
        Buckets: 131072  Batches: 16  Memory Usage: 3686kB
        ->  Hash Join  (cost=102767.86..199582.31 rows=1205509 width=8) (actual time=5287.151..10147.538 rows=1088808 loops=1)
              Hash Cond: (mc.movie_id = t.id)
              ->  Seq Scan on movie_companies mc  (cost=0.00..57926.93 rows=1205509 width=4) (actual time=0.024..3371.840 rows=1088808 loops=1)
                    Filter: ((company_id < 101846) AND (company_type_id > 1))
                    Rows Removed by Filter: 1520321
              ->  Hash  (cost=61283.27..61283.27 rows=2528527 width=4) (actual time=5285.470..5285.470 rows=2528312 loops=1)
                    Buckets: 131072  Batches: 64  Memory Usage: 2415kB
                    ->  Seq Scan on title t  (cost=0.00..61283.27 rows=2528527 width=4) (actual time=0.020..4226.688 rows=2528312 loops=1)
Planning time: 2.835 ms
Execution time: 18421.532 ms
