Seq Scan on movie_companies mc  (cost=0.00..57926.93 rows=612893 width=0) (actual time=0.027..2808.804 rows=836247 loops=1)
  Filter: ((company_id < 11147) AND (company_type_id = 1))
  Rows Removed by Filter: 1772882
Planning time: 0.372 ms
Execution time: 2967.177 ms
