Nested Loop  (cost=0.43..796612.46 rows=64 width=0) (actual time=4510.905..29499.702 rows=2 loops=1)
  ->  Seq Scan on cast_info ci  (cost=0.00..796071.18 rows=64 width=4) (actual time=4510.794..29499.573 rows=2 loops=1)
        Filter: ((role_id > 9) AND (person_id = 2945474))
        Rows Removed by Filter: 36244342
  ->  Index Only Scan using title_pkey on title t  (cost=0.43..8.45 rows=1 width=4) (actual time=0.051..0.052 rows=1 loops=2)
        Index Cond: (id = ci.movie_id)
        Heap Fetches: 2
Planning time: 0.789 ms
Execution time: 29499.781 ms
