Seq Scan on movie_companies mc  (cost=0.00..57926.93 rows=504143 width=0) (actual time=122.146..2985.862 rows=818174 loops=1)
  Filter: ((company_id > 16721) AND (company_type_id = 2))
  Rows Removed by Filter: 1790955
Planning time: 1.318 ms
Execution time: 3114.143 ms
