Hash Join  (cost=162804.02..530029.78 rows=256982 width=0) (actual time=7899.801..32141.088 rows=2061182 loops=1)
  Hash Cond: (mi.movie_id = t.id)
  ->  Seq Scan on movie_info mi  (cost=0.00..309384.22 rows=14739122 width=4) (actual time=0.022..18818.736 rows=14835720 loops=1)
  ->  Hash  (cost=162252.95..162252.95 rows=44086 width=8) (actual time=7899.319..7899.319 rows=35376 loops=1)
        Buckets: 65536  Batches: 1  Memory Usage: 1894kB
        ->  Hash Join  (cost=74794.72..162252.95 rows=44086 width=8) (actual time=3560.262..7885.626 rows=35376 loops=1)
              Hash Cond: (mk.movie_id = t.id)
              ->  Seq Scan on movie_keyword mk  (cost=0.00..81003.12 rows=1603799 width=4) (actual time=0.013..3909.174 rows=1615748 loops=1)
                    Filter: (keyword_id > 9347)
                    Rows Removed by Filter: 2908182
              ->  Hash  (cost=73925.90..73925.90 rows=69505 width=4) (actual time=3559.241..3559.241 rows=69431 loops=1)
                    Buckets: 131072  Batches: 1  Memory Usage: 3465kB
                    ->  Seq Scan on title t  (cost=0.00..73925.90 rows=69505 width=4) (actual time=0.026..3529.279 rows=69431 loops=1)
                          Filter: ((kind_id < 3) AND (production_year > 2011))
                          Rows Removed by Filter: 2458881
Planning time: 1.127 ms
Execution time: 32449.322 ms
