Hash Join  (cost=796537.03..883196.05 rows=98 width=0) (actual time=27350.090..31653.821 rows=243 loops=1)
  Hash Cond: (mk.movie_id = t.id)
  ->  Seq Scan on movie_keyword mk  (cost=0.00..69693.30 rows=4523930 width=4) (actual time=0.012..3767.672 rows=4523930 loops=1)
  ->  Hash  (cost=796536.34..796536.34 rows=55 width=8) (actual time=26885.849..26885.849 rows=204 loops=1)
        Buckets: 1024  Batches: 1  Memory Usage: 16kB
        ->  Nested Loop  (cost=0.43..796536.34 rows=55 width=8) (actual time=8648.674..26885.711 rows=204 loops=1)
              ->  Seq Scan on cast_info ci  (cost=0.00..796071.18 rows=55 width=4) (actual time=8648.502..26836.450 rows=204 loops=1)
                    Filter: ((person_id = 1194276) AND (role_id = 3))
                    Rows Removed by Filter: 36244140
              ->  Index Only Scan using title_pkey on title t  (cost=0.43..8.45 rows=1 width=4) (actual time=0.240..0.240 rows=1 loops=204)
                    Index Cond: (id = ci.movie_id)
                    Heap Fetches: 204
Planning time: 14.996 ms
Execution time: 31653.977 ms
