Seq Scan on title t  (cost=0.00..73925.90 rows=295834 width=0) (actual time=509.562..3457.284 rows=185285 loops=1)
  Filter: ((production_year < 1978) AND (kind_id = 7))
  Rows Removed by Filter: 2343027
Planning time: 14.188 ms
Execution time: 3483.341 ms
