Seq Scan on movie_companies mc  (cost=0.00..51404.11 rows=401944 width=0) (actual time=0.040..2036.023 rows=406084 loops=1)
  Filter: (company_id > 81484)
  Rows Removed by Filter: 2203045
Planning time: 9.768 ms
Execution time: 2107.484 ms
