Hash Join  (cost=69283.60..1075612.57 rows=1015866 width=0) (actual time=2909.269..60715.048 rows=1325978 loops=1)
  Hash Cond: (ci.movie_id = t.id)
  ->  Seq Scan on cast_info ci  (cost=0.00..705507.15 rows=25103775 width=4) (actual time=0.015..44878.593 rows=25206098 loops=1)
        Filter: (person_id > 1083850)
        Rows Removed by Filter: 11038246
  ->  Hash  (cost=67604.59..67604.59 rows=102321 width=4) (actual time=2908.507..2908.507 rows=100537 loops=1)
        Buckets: 131072  Batches: 2  Memory Usage: 2797kB
        ->  Seq Scan on title t  (cost=0.00..67604.59 rows=102321 width=4) (actual time=131.993..2854.882 rows=100537 loops=1)
              Filter: (kind_id = 3)
              Rows Removed by Filter: 2427775
Planning time: 0.716 ms
Execution time: 60947.517 ms
