Hash Join  (cost=1018504.83..3541373.11 rows=111387354 width=0) (actual time=25842.939..105976.083 rows=196005371 loops=1)
  Hash Cond: (ci.movie_id = t.id)
  ->  Seq Scan on cast_info ci  (cost=0.00..796071.18 rows=19108732 width=4) (actual time=0.024..18265.900 rows=16722247 loops=1)
        Filter: ((person_id < 2978085) AND (role_id > 1))
        Rows Removed by Filter: 19522097
  ->  Hash  (cost=776690.81..776690.81 rows=14739122 width=8) (actual time=25842.028..25842.028 rows=14835720 loops=1)
        Buckets: 131072  Batches: 256  Memory Usage: 3268kB
        ->  Hash Join  (cost=102767.86..776690.81 rows=14739122 width=8) (actual time=1970.369..21373.798 rows=14835720 loops=1)
              Hash Cond: (mi.movie_id = t.id)
              ->  Seq Scan on movie_info mi  (cost=0.00..309384.22 rows=14739122 width=4) (actual time=0.013..6584.238 rows=14835720 loops=1)
              ->  Hash  (cost=61283.27..61283.27 rows=2528527 width=4) (actual time=1969.457..1969.457 rows=2528312 loops=1)
                    Buckets: 131072  Batches: 64  Memory Usage: 2425kB
                    ->  Seq Scan on title t  (cost=0.00..61283.27 rows=2528527 width=4) (actual time=0.017..1120.653 rows=2528312 loops=1)
Planning time: 1.181 ms
Execution time: 127331.957 ms
