Hash Join  (cost=102767.86..285614.08 rows=3821852 width=0) (actual time=5458.070..14251.436 rows=3816165 loops=1)
  Hash Cond: (mk.movie_id = t.id)
  ->  Seq Scan on movie_keyword mk  (cost=0.00..81003.12 rows=3821852 width=4) (actual time=0.018..5045.959 rows=3816165 loops=1)
        Filter: (keyword_id < 26680)
        Rows Removed by Filter: 707765
  ->  Hash  (cost=61283.27..61283.27 rows=2528527 width=4) (actual time=5455.845..5455.845 rows=2528312 loops=1)
        Buckets: 131072  Batches: 64  Memory Usage: 2425kB
        ->  Seq Scan on title t  (cost=0.00..61283.27 rows=2528527 width=4) (actual time=0.021..4315.026 rows=2528312 loops=1)
Planning time: 0.664 ms
Execution time: 14738.236 ms
