Seq Scan on movie_keyword mk  (cost=0.00..81003.12 rows=246 width=0) (actual time=0.446..3174.185 rows=271 loops=1)
  Filter: (keyword_id = 9513)
  Rows Removed by Filter: 4523659
Planning time: 0.356 ms
Execution time: 3174.477 ms
