Seq Scan on cast_info ci  (cost=0.00..796071.18 rows=7061262 width=0) (actual time=29700.079..37648.212 rows=2401882 loops=1)
  Filter: ((person_id > 2389218) AND (role_id < 3))
  Rows Removed by Filter: 33842462
Planning time: 0.353 ms
Execution time: 38051.987 ms
