Hash Join  (cost=83073.10..109983.93 rows=35 width=0) (actual time=4072.780..5180.913 rows=12 loops=1)
  Hash Cond: (mi_idx.movie_id = t.id)
  ->  Seq Scan on movie_info_idx mi_idx  (cost=0.00..21735.35 rows=1380035 width=4) (actual time=0.013..1286.947 rows=1380035 loops=1)
  ->  Hash  (cost=83072.29..83072.29 rows=65 width=8) (actual time=3566.330..3566.330 rows=4 loops=1)
        Buckets: 1024  Batches: 1  Memory Usage: 9kB
        ->  Nested Loop  (cost=0.43..83072.29 rows=65 width=8) (actual time=1537.675..3566.304 rows=4 loops=1)
              ->  Seq Scan on movie_keyword mk  (cost=0.00..81003.12 rows=246 width=4) (actual time=509.204..3565.298 rows=11 loops=1)
                    Filter: (keyword_id = 18875)
                    Rows Removed by Filter: 4523919
              ->  Index Scan using title_pkey on title t  (cost=0.43..8.40 rows=1 width=4) (actual time=0.085..0.085 rows=0 loops=11)
                    Index Cond: (id = mk.movie_id)
                    Filter: (kind_id = 1)
                    Rows Removed by Filter: 1
Planning time: 3.353 ms
Execution time: 5181.051 ms
