Seq Scan on movie_keyword mk  (cost=0.00..81003.12 rows=1023175 width=0) (actual time=0.025..3730.798 rows=1027395 loops=1)
  Filter: (keyword_id > 17363)
  Rows Removed by Filter: 3496535
Planning time: 0.329 ms
Execution time: 3883.490 ms
