Hash Join  (cost=915942.19..953102.80 rows=64871 width=0) (actual time=16006.215..17079.737 rows=215036 loops=1)
  Hash Cond: (mi_idx.movie_id = t.id)
  ->  Seq Scan on movie_info_idx mi_idx  (cost=0.00..25185.44 rows=919057 width=4) (actual time=0.010..561.145 rows=920110 loops=1)
        Filter: (info_type_id > 99)
        Rows Removed by Filter: 459925
  ->  Hash  (cost=913013.26..913013.26 rows=178475 width=8) (actual time=16005.402..16005.402 rows=245973 loops=1)
        Buckets: 131072  Batches: 4  Memory Usage: 3425kB
        ->  Hash Join  (cost=102767.86..913013.26 rows=178475 width=8) (actual time=8948.630..15936.792 rows=245973 loops=1)
              Hash Cond: (ci.movie_id = t.id)
              ->  Seq Scan on cast_info ci  (cost=0.00..796071.18 rows=178475 width=4) (actual time=7017.561..13462.519 rows=245973 loops=1)
                    Filter: ((person_id > 1743697) AND (role_id > 10))
                    Rows Removed by Filter: 35998371
              ->  Hash  (cost=61283.27..61283.27 rows=2528527 width=4) (actual time=1929.985..1929.985 rows=2528312 loops=1)
                    Buckets: 131072  Batches: 64  Memory Usage: 2415kB
                    ->  Seq Scan on title t  (cost=0.00..61283.27 rows=2528527 width=4) (actual time=0.025..1079.337 rows=2528312 loops=1)
Planning time: 1.242 ms
Execution time: 17108.870 ms
