Seq Scan on cast_info ci  (cost=0.00..796071.18 rows=2862095 width=0) (actual time=0.014..38185.741 rows=4721954 loops=1)
  Filter: ((person_id > 1819475) AND (role_id > 8))
  Rows Removed by Filter: 31522390
Planning time: 8.848 ms
Execution time: 38894.767 ms
