Hash Join  (cost=447913.31..605314.37 rows=584746 width=0) (actual time=28106.987..35732.134 rows=4223412 loops=1)
  Hash Cond: (mk.movie_id = t.id)
  ->  Seq Scan on movie_keyword mk  (cost=0.00..69693.30 rows=4523930 width=4) (actual time=0.019..4392.437 rows=4523930 loops=1)
  ->  Hash  (cost=442550.96..442550.96 rows=326828 width=8) (actual time=27769.878..27769.878 rows=468688 loops=1)
        Buckets: 131072  Batches: 8  Memory Usage: 3286kB
        ->  Hash Join  (cost=74626.76..442550.96 rows=326828 width=8) (actual time=3052.909..25549.712 rows=468688 loops=1)
              Hash Cond: (mi.movie_id = t.id)
              ->  Seq Scan on movie_info mi  (cost=0.00..309384.22 rows=14739122 width=4) (actual time=0.010..17268.463 rows=14835720 loops=1)
              ->  Hash  (cost=73925.90..73925.90 rows=56068 width=4) (actual time=3025.447..3025.447 rows=48342 loops=1)
                    Buckets: 65536  Batches: 1  Memory Usage: 2212kB
                    ->  Seq Scan on title t  (cost=0.00..73925.90 rows=56068 width=4) (actual time=0.024..2994.560 rows=48342 loops=1)
                          Filter: ((kind_id < 4) AND (production_year = 2012))
                          Rows Removed by Filter: 2479970
Planning time: 1.139 ms
Execution time: 36258.956 ms
