Hash Join  (cost=75859.28..802713.88 rows=80890 width=0) (actual time=25015.296..33821.863 rows=114421 loops=1)
  Hash Cond: (ci.movie_id = t.id)
  ->  Seq Scan on cast_info ci  (cost=0.00..705507.15 rows=1736414 width=4) (actual time=22267.402..30261.428 rows=1703543 loops=1)
        Filter: (role_id = 8)
        Rows Removed by Filter: 34540801
  ->  Hash  (cost=73925.90..73925.90 rows=117790 width=4) (actual time=2747.097..2747.097 rows=112195 loops=1)
        Buckets: 131072  Batches: 2  Memory Usage: 2994kB
        ->  Seq Scan on title t  (cost=0.00..73925.90 rows=117790 width=4) (actual time=0.018..2692.910 rows=112195 loops=1)
              Filter: ((kind_id < 3) AND (production_year > 2010))
              Rows Removed by Filter: 2416117
Planning time: 0.743 ms
Execution time: 33837.249 ms
