Nested Loop  (cost=0.43..83072.90 rows=7 width=0) (actual time=25.970..3567.102 rows=49 loops=1)
  ->  Seq Scan on movie_keyword mk  (cost=0.00..81003.12 rows=246 width=4) (actual time=2.481..3416.535 rows=728 loops=1)
        Filter: (keyword_id = 1644)
        Rows Removed by Filter: 4523202
  ->  Index Scan using title_pkey on title t  (cost=0.43..8.40 rows=1 width=4) (actual time=0.205..0.205 rows=0 loops=728)
        Index Cond: (id = mk.movie_id)
        Filter: ((production_year < 2008) AND (kind_id = 3))
        Rows Removed by Filter: 1
Planning time: 0.742 ms
Execution time: 3567.260 ms
