Seq Scan on movie_companies mc  (cost=0.00..57926.93 rows=994168 width=0) (actual time=0.032..3037.589 rows=1151757 loops=1)
  Filter: ((company_id > 889) AND (company_type_id > 1))
  Rows Removed by Filter: 1457372
Planning time: 3.821 ms
Execution time: 3237.207 ms
