Seq Scan on cast_info ci  (cost=0.00..796071.18 rows=77232 width=0) (actual time=14168.226..27231.216 rows=504685 loops=1)
  Filter: ((person_id > 3932690) AND (role_id = 10))
  Rows Removed by Filter: 35739659
Planning time: 0.579 ms
Execution time: 27292.805 ms
