Seq Scan on cast_info ci  (cost=0.00..796071.18 rows=9271211 width=0) (actual time=15048.340..41249.086 rows=10384661 loops=1)
  Filter: ((person_id > 844164) AND (role_id > 3))
  Rows Removed by Filter: 25859683
Planning time: 0.360 ms
Execution time: 42835.882 ms
