Hash Join  (cost=83074.74..142078.04 rows=28 width=0) (actual time=5481.440..5738.391 rows=1 loops=1)
  Hash Cond: (mc.movie_id = t.id)
  ->  Seq Scan on movie_companies mc  (cost=0.00..57926.93 rows=286954 width=4) (actual time=1542.399..1834.570 rows=1079 loops=1)
        Filter: ((company_id > 69854) AND (company_type_id = 1))
        Rows Removed by Filter: 2608050
  ->  Hash  (cost=83071.67..83071.67 rows=246 width=8) (actual time=3903.453..3903.453 rows=785 loops=1)
        Buckets: 1024  Batches: 1  Memory Usage: 39kB
        ->  Nested Loop  (cost=0.43..83071.67 rows=246 width=8) (actual time=0.172..3902.645 rows=785 loops=1)
              ->  Seq Scan on movie_keyword mk  (cost=0.00..81003.12 rows=246 width=4) (actual time=0.109..3736.718 rows=785 loops=1)
                    Filter: (keyword_id = 7682)
                    Rows Removed by Filter: 4523145
              ->  Index Only Scan using title_pkey on title t  (cost=0.43..8.40 rows=1 width=4) (actual time=0.208..0.209 rows=1 loops=785)
                    Index Cond: (id = mk.movie_id)
                    Heap Fetches: 785
Planning time: 1.138 ms
Execution time: 5738.487 ms
