Nested Loop  (cost=0.43..58358.39 rows=1 width=0) (actual time=1889.378..2208.585 rows=1 loops=1)
  ->  Seq Scan on movie_companies mc  (cost=0.00..57926.93 rows=51 width=4) (actual time=1211.378..2195.048 rows=29 loops=1)
        Filter: ((company_type_id < 2) AND (company_id = 21173))
        Rows Removed by Filter: 2609100
  ->  Index Scan using title_pkey on title t  (cost=0.43..8.45 rows=1 width=4) (actual time=0.461..0.461 rows=0 loops=29)
        Index Cond: (id = mc.movie_id)
        Filter: (production_year > 2012)
        Rows Removed by Filter: 1
Planning time: 2.430 ms
Execution time: 2208.691 ms
