Hash Join  (cost=74346.17..169816.73 rows=49542 width=0) (actual time=3821.888..9579.604 rows=103414 loops=1)
  Hash Cond: (mk.movie_id = t.id)
  ->  Seq Scan on movie_keyword mk  (cost=0.00..81003.12 rows=3725871 width=4) (actual time=0.018..5056.379 rows=3722905 loops=1)
        Filter: (keyword_id > 769)
        Rows Removed by Filter: 801025
  ->  Hash  (cost=73925.90..73925.90 rows=33621 width=4) (actual time=3741.370..3741.370 rows=28104 loops=1)
        Buckets: 65536  Batches: 1  Memory Usage: 1501kB
        ->  Seq Scan on title t  (cost=0.00..73925.90 rows=33621 width=4) (actual time=117.393..3729.360 rows=28104 loops=1)
              Filter: ((kind_id = 1) AND (production_year = 2009))
              Rows Removed by Filter: 2500208
Planning time: 0.696 ms
Execution time: 9594.585 ms
