Hash Join  (cost=112150.14..199366.88 rows=55870 width=0) (actual time=2596.073..3648.113 rows=62016 loops=1)
  Hash Cond: (mk.movie_id = t.id)
  ->  Seq Scan on movie_keyword mk  (cost=0.00..69693.30 rows=4523930 width=4) (actual time=0.023..847.734 rows=4523930 loops=1)
  ->  Hash  (cost=111759.80..111759.80 rows=31227 width=8) (actual time=2092.538..2092.538 rows=14202 loops=1)
        Buckets: 32768  Batches: 1  Memory Usage: 811kB
        ->  Hash Join  (cost=75342.47..111759.80 rows=31227 width=8) (actual time=1637.341..2087.011 rows=14202 loops=1)
              Hash Cond: (mi_idx.movie_id = t.id)
              ->  Seq Scan on movie_info_idx mi_idx  (cost=0.00..25185.44 rows=915101 width=4) (actual time=0.008..548.341 rows=919850 loops=1)
                    Filter: (info_type_id < 101)
                    Rows Removed by Filter: 460185
              ->  Hash  (cost=73925.90..73925.90 rows=86285 width=4) (actual time=1222.036..1222.036 rows=92628 loops=1)
                    Buckets: 131072  Batches: 2  Memory Usage: 2653kB
                    ->  Seq Scan on title t  (cost=0.00..73925.90 rows=86285 width=4) (actual time=191.237..1188.210 rows=92628 loops=1)
                          Filter: ((kind_id = 7) AND (production_year = 2010))
                          Rows Removed by Filter: 2435684
Planning time: 2.634 ms
Execution time: 3654.905 ms
