Nested Loop  (cost=0.43..52283.69 rows=104 width=0) (actual time=829.493..2515.454 rows=22 loops=1)
  ->  Seq Scan on movie_companies mc  (cost=0.00..51404.11 rows=104 width=4) (actual time=829.407..2506.874 rows=22 loops=1)
        Filter: (company_id = 73971)
        Rows Removed by Filter: 2609107
  ->  Index Only Scan using title_pkey on title t  (cost=0.43..8.45 rows=1 width=4) (actual time=0.385..0.385 rows=1 loops=22)
        Index Cond: (id = mc.movie_id)
        Heap Fetches: 22
Planning time: 3.781 ms
Execution time: 2515.539 ms
