Seq Scan on movie_keyword mk  (cost=0.00..81003.12 rows=2948042 width=0) (actual time=0.017..3908.413 rows=2932423 loops=1)
  Filter: (keyword_id < 9712)
  Rows Removed by Filter: 1591507
Planning time: 0.311 ms
Execution time: 4351.244 ms
