Seq Scan on cast_info ci  (cost=0.00..705507.15 rows=30108209 width=0) (actual time=0.020..41795.076 rows=30220572 loops=1)
  Filter: (person_id > 581971)
  Rows Removed by Filter: 6023772
Planning time: 0.367 ms
Execution time: 46847.386 ms
