Hash Join  (cost=142378.62..518970.69 rows=343724 width=0) (actual time=9213.183..28105.398 rows=327394 loops=1)
  Hash Cond: (mi.movie_id = t.id)
  ->  Seq Scan on movie_info mi  (cost=0.00..346232.03 rows=2194617 width=4) (actual time=0.017..17400.637 rows=2233850 loops=1)
        Filter: (info_type_id > 16)
        Rows Removed by Filter: 12601870
  ->  Hash  (cost=135881.34..135881.34 rows=396022 width=8) (actual time=9195.663..9195.663 rows=219134 loops=1)
        Buckets: 131072  Batches: 8  Memory Usage: 2103kB
        ->  Hash Join  (cost=91879.05..135881.34 rows=396022 width=8) (actual time=5825.496..9107.675 rows=219134 loops=1)
              Hash Cond: (mi_idx.movie_id = t.id)
              ->  Seq Scan on movie_info_idx mi_idx  (cost=0.00..25185.44 rows=915101 width=4) (actual time=0.015..1788.451 rows=919850 loops=1)
                    Filter: (info_type_id < 101)
                    Rows Removed by Filter: 460185
              ->  Hash  (cost=73925.90..73925.90 rows=1094252 width=4) (actual time=5824.506..5824.506 rows=1044222 loops=1)
                    Buckets: 131072  Batches: 16  Memory Usage: 3319kB
                    ->  Seq Scan on title t  (cost=0.00..73925.90 rows=1094252 width=4) (actual time=0.011..4742.097 rows=1044222 loops=1)
                          Filter: ((production_year < 2009) AND (kind_id = 7))
                          Rows Removed by Filter: 1484090
Planning time: 1.217 ms
Execution time: 28143.791 ms
