Seq Scan on cast_info ci  (cost=0.00..796071.18 rows=3251589 width=0) (actual time=14634.055..29234.337 rows=1619695 loops=1)
  Filter: ((person_id < 1218759) AND (role_id > 4))
  Rows Removed by Filter: 34624649
Planning time: 0.445 ms
Execution time: 29493.431 ms
