Hash Join  (cost=166502.41..1256265.23 rows=5447366 width=0) (actual time=9670.071..70735.174 rows=3981604 loops=1)
  Hash Cond: (ci.movie_id = t.id)
  ->  Seq Scan on cast_info ci  (cost=0.00..614943.12 rows=36225612 width=4) (actual time=0.011..40010.392 rows=36244344 loops=1)
  ->  Hash  (cost=160263.62..160263.62 rows=380223 width=8) (actual time=9669.044..9669.044 rows=261513 loops=1)
        Buckets: 131072  Batches: 8  Memory Usage: 2304kB
        ->  Hash Join  (cost=79971.87..160263.62 rows=380223 width=8) (actual time=4346.555..9582.915 rows=261513 loops=1)
              Hash Cond: (mc.movie_id = t.id)
              ->  Seq Scan on movie_companies mc  (cost=0.00..44881.29 rows=2609129 width=4) (actual time=0.022..3493.804 rows=2609129 loops=1)
              ->  Hash  (cost=73925.90..73925.90 rows=368477 width=4) (actual time=4345.503..4345.503 rows=228675 loops=1)
                    Buckets: 131072  Batches: 8  Memory Usage: 2021kB
                    ->  Seq Scan on title t  (cost=0.00..73925.90 rows=368477 width=4) (actual time=0.020..3936.772 rows=228675 loops=1)
                          Filter: ((kind_id > 1) AND (production_year < 1979))
                          Rows Removed by Filter: 2299637
Planning time: 3.526 ms
Execution time: 71267.422 ms
