Hash Join  (cost=67697.55..161711.89 rows=10126 width=0) (actual time=3025.475..8337.996 rows=1218 loops=1)
  Hash Cond: (mk.movie_id = t.id)
  ->  Seq Scan on movie_keyword mk  (cost=0.00..81003.12 rows=3442655 width=4) (actual time=0.022..4599.469 rows=3436584 loops=1)
        Filter: (keyword_id > 1109)
        Rows Removed by Filter: 1087346
  ->  Hash  (cost=67604.59..67604.59 rows=7437 width=4) (actual time=3024.379..3024.379 rows=8902 loops=1)
        Buckets: 16384 (originally 8192)  Batches: 1 (originally 1)  Memory Usage: 441kB
        ->  Seq Scan on title t  (cost=0.00..67604.59 rows=7437 width=4) (actual time=0.054..3018.437 rows=8902 loops=1)
              Filter: (production_year = 1913)
              Rows Removed by Filter: 2519410
Planning time: 8.932 ms
Execution time: 8342.665 ms
