Hash Join  (cost=102767.86..1660722.83 rows=35015866 width=0) (actual time=5555.052..95779.476 rows=35007978 loops=1)
  Hash Cond: (ci.movie_id = t.id)
  ->  Seq Scan on cast_info ci  (cost=0.00..705507.15 rows=35015866 width=4) (actual time=0.013..54284.968 rows=35007978 loops=1)
        Filter: (person_id < 3822695)
        Rows Removed by Filter: 1236366
  ->  Hash  (cost=61283.27..61283.27 rows=2528527 width=4) (actual time=5553.331..5553.331 rows=2528312 loops=1)
        Buckets: 131072  Batches: 64  Memory Usage: 2415kB
        ->  Seq Scan on title t  (cost=0.00..61283.27 rows=2528527 width=4) (actual time=0.015..4423.304 rows=2528312 loops=1)
Planning time: 0.699 ms
Execution time: 100105.783 ms
