Hash Join  (cost=78556.72..812558.78 rows=481187 width=0) (actual time=13400.192..39768.687 rows=532437 loops=1)
  Hash Cond: (ci.movie_id = t.id)
  ->  Seq Scan on cast_info ci  (cost=0.00..705507.15 rows=1822677 width=4) (actual time=8847.610..33706.302 rows=1745883 loops=1)
        Filter: (person_id < 174139)
        Rows Removed by Filter: 34498461
  ->  Hash  (cost=67604.59..67604.59 rows=667531 width=4) (actual time=4505.627..4505.627 rows=662825 loops=1)
        Buckets: 131072  Batches: 16  Memory Usage: 2476kB
        ->  Seq Scan on title t  (cost=0.00..67604.59 rows=667531 width=4) (actual time=1516.418..4238.907 rows=662825 loops=1)
              Filter: (kind_id = 1)
              Rows Removed by Filter: 1865487
Planning time: 0.811 ms
Execution time: 39840.931 ms
