Hash Join  (cost=58358.90..820477.76 rows=304 width=0) (actual time=2835.226..40234.023 rows=1952 loops=1)
  Hash Cond: (ci.movie_id = t.id)
  ->  Seq Scan on cast_info ci  (cost=0.00..705507.15 rows=15095644 width=4) (actual time=0.021..34331.145 rows=14974361 loops=1)
        Filter: (person_id < 1477764)
        Rows Removed by Filter: 21269983
  ->  Hash  (cost=58358.27..58358.27 rows=51 width=8) (actual time=2822.747..2822.747 rows=107 loops=1)
        Buckets: 1024  Batches: 1  Memory Usage: 13kB
        ->  Nested Loop  (cost=0.43..58358.27 rows=51 width=8) (actual time=23.063..2822.626 rows=107 loops=1)
              ->  Seq Scan on movie_companies mc  (cost=0.00..57926.93 rows=51 width=4) (actual time=22.975..2779.830 rows=107 loops=1)
                    Filter: ((company_type_id < 2) AND (company_id = 18156))
                    Rows Removed by Filter: 2609022
              ->  Index Only Scan using title_pkey on title t  (cost=0.43..8.45 rows=1 width=4) (actual time=0.396..0.396 rows=1 loops=107)
                    Index Cond: (id = mc.movie_id)
                    Heap Fetches: 107
Planning time: 12.600 ms
Execution time: 40237.266 ms
