Hash Join  (cost=102951.51..211909.97 rows=2223152 width=0) (actual time=6056.049..11760.079 rows=2004645 loops=1)
  Hash Cond: (mc.movie_id = t.id)
  ->  Seq Scan on movie_companies mc  (cost=0.00..44881.29 rows=2609129 width=4) (actual time=0.027..3125.907 rows=2609129 loops=1)
  ->  Hash  (cost=67604.59..67604.59 rows=2154474 width=4) (actual time=6054.939..6054.939 rows=2146684 loops=1)
        Buckets: 131072  Batches: 32  Memory Usage: 3385kB
        ->  Seq Scan on title t  (cost=0.00..67604.59 rows=2154474 width=4) (actual time=0.018..5201.293 rows=2146684 loops=1)
              Filter: (production_year > 1965)
              Rows Removed by Filter: 381628
Planning time: 2.220 ms
Execution time: 12007.779 ms
