Seq Scan on movie_keyword mk  (cost=0.00..81003.12 rows=246 width=0) (actual time=27.271..1162.757 rows=9 loops=1)
  Filter: (keyword_id = 72176)
  Rows Removed by Filter: 4523921
Planning time: 0.433 ms
Execution time: 1162.862 ms
