Hash Join  (cost=648735.57..2376714.96 rows=45535013 width=0) (actual time=19226.381..119949.088 rows=285599651 loops=1)
  Hash Cond: (ci.movie_id = t.id)
  ->  Seq Scan on cast_info ci  (cost=0.00..614943.12 rows=36225612 width=4) (actual time=0.017..13235.392 rows=36244344 loops=1)
  ->  Hash  (cost=596590.60..596590.60 rows=3178318 width=8) (actual time=19222.676..19222.676 rows=7264648 loops=1)
        Buckets: 131072 (originally 131072)  Batches: 128 (originally 64)  Memory Usage: 3250kB
        ->  Hash Join  (cost=82871.49..596590.60 rows=3178318 width=8) (actual time=1467.596..17039.940 rows=7264648 loops=1)
              Hash Cond: (mi.movie_id = t.id)
              ->  Seq Scan on movie_info mi  (cost=0.00..309384.22 rows=14739122 width=4) (actual time=0.018..5941.070 rows=14835720 loops=1)
              ->  Hash  (cost=73925.90..73925.90 rows=545247 width=4) (actual time=1459.581..1459.581 rows=557319 loops=1)
                    Buckets: 131072  Batches: 8  Memory Usage: 3494kB
                    ->  Seq Scan on title t  (cost=0.00..73925.90 rows=545247 width=4) (actual time=0.015..1282.567 rows=557319 loops=1)
                          Filter: ((production_year < 2011) AND (kind_id = 1))
                          Rows Removed by Filter: 1970993
Planning time: 1.206 ms
Execution time: 149771.122 ms
