Hash Join  (cost=75859.28..152585.25 rows=121545 width=0) (actual time=1243.967..3246.283 rows=153593 loops=1)
  Hash Cond: (mc.movie_id = t.id)
  ->  Seq Scan on movie_companies mc  (cost=0.00..44881.29 rows=2609129 width=4) (actual time=0.018..965.828 rows=2609129 loops=1)
  ->  Hash  (cost=73925.90..73925.90 rows=117790 width=4) (actual time=1243.186..1243.186 rows=112195 loops=1)
        Buckets: 131072  Batches: 2  Memory Usage: 2994kB
        ->  Seq Scan on title t  (cost=0.00..73925.90 rows=117790 width=4) (actual time=0.019..1203.445 rows=112195 loops=1)
              Filter: ((kind_id < 3) AND (production_year > 2010))
              Rows Removed by Filter: 2416117
Planning time: 0.781 ms
Execution time: 3272.317 ms
