Hash Join  (cost=101984.31..188867.17 rows=22483 width=0) (actual time=4972.497..7604.015 rows=16906 loops=1)
  Hash Cond: (mk.movie_id = t.id)
  ->  Seq Scan on movie_keyword mk  (cost=0.00..69693.30 rows=4523930 width=4) (actual time=0.031..2492.847 rows=4523930 loops=1)
  ->  Hash  (cost=101827.23..101827.23 rows=12566 width=8) (actual time=4192.976..4192.976 rows=6523 loops=1)
        Buckets: 16384  Batches: 1  Memory Usage: 383kB
        ->  Hash Join  (cost=74787.47..101827.23 rows=12566 width=8) (actual time=3687.896..4190.040 rows=6523 loops=1)
              Hash Cond: (mi_idx.movie_id = t.id)
              ->  Seq Scan on movie_info_idx mi_idx  (cost=0.00..25185.44 rows=460978 width=4) (actual time=0.028..977.467 rows=459925 loops=1)
                    Filter: (info_type_id < 100)
                    Rows Removed by Filter: 920110
              ->  Hash  (cost=73925.90..73925.90 rows=68925 width=4) (actual time=3053.703..3053.703 rows=84076 loops=1)
                    Buckets: 131072  Batches: 1  Memory Usage: 3980kB
                    ->  Seq Scan on title t  (cost=0.00..73925.90 rows=68925 width=4) (actual time=0.009..3018.962 rows=84076 loops=1)
                          Filter: ((kind_id = 7) AND (production_year = 2007))
                          Rows Removed by Filter: 2444236
Planning time: 6.139 ms
Execution time: 7606.466 ms
