Hash Join  (cost=174865.45..250470.61 rows=336182 width=0) (actual time=7773.488..11909.721 rows=970122 loops=1)
  Hash Cond: (mc.movie_id = t.id)
  ->  Seq Scan on movie_companies mc  (cost=0.00..57926.93 rows=928908 width=4) (actual time=0.026..3080.937 rows=1104771 loops=1)
        Filter: ((company_id > 1676) AND (company_type_id > 1))
        Rows Removed by Filter: 1504358
  ->  Hash  (cost=159851.69..159851.69 rows=915101 width=8) (actual time=7772.527..7772.527 rows=919850 loops=1)
        Buckets: 131072  Batches: 16  Memory Usage: 3269kB
        ->  Hash Join  (cost=102767.86..159851.69 rows=915101 width=8) (actual time=4868.806..7503.818 rows=919850 loops=1)
              Hash Cond: (mi_idx.movie_id = t.id)
              ->  Seq Scan on movie_info_idx mi_idx  (cost=0.00..25185.44 rows=915101 width=4) (actual time=0.019..1425.253 rows=919850 loops=1)
                    Filter: (info_type_id < 101)
                    Rows Removed by Filter: 460185
              ->  Hash  (cost=61283.27..61283.27 rows=2528527 width=4) (actual time=4867.767..4867.767 rows=2528312 loops=1)
                    Buckets: 131072  Batches: 64  Memory Usage: 2415kB
                    ->  Seq Scan on title t  (cost=0.00..61283.27 rows=2528527 width=4) (actual time=0.013..3838.362 rows=2528312 loops=1)
Planning time: 1.254 ms
Execution time: 12034.551 ms
