Hash Join  (cost=902203.79..1031391.64 rows=589781 width=0) (actual time=16954.227..22471.716 rows=9461514 loops=1)
  Hash Cond: (mk.movie_id = t.id)
  ->  Seq Scan on movie_keyword mk  (cost=0.00..69693.30 rows=4523930 width=4) (actual time=0.020..1424.090 rows=4523930 loops=1)
  ->  Hash  (cost=896795.27..896795.27 rows=329642 width=8) (actual time=16952.852..16952.852 rows=714016 loops=1)
        Buckets: 131072 (originally 131072)  Batches: 16 (originally 8)  Memory Usage: 3073kB
        ->  Hash Join  (cost=83810.17..896795.27 rows=329642 width=8) (actual time=4790.819..16620.684 rows=714016 loops=1)
              Hash Cond: (ci.movie_id = t.id)
              ->  Seq Scan on cast_info ci  (cost=0.00..796071.18 rows=843865 width=4) (actual time=1546.461..12231.305 rows=1675721 loops=1)
                    Filter: ((person_id < 228014) AND (role_id < 2))
                    Rows Removed by Filter: 34568623
              ->  Hash  (cost=67604.59..67604.59 rows=987727 width=4) (actual time=3243.469..3243.469 rows=985048 loops=1)
                    Buckets: 131072  Batches: 16  Memory Usage: 3188kB
                    ->  Seq Scan on title t  (cost=0.00..67604.59 rows=987727 width=4) (actual time=0.031..2883.106 rows=985048 loops=1)
                          Filter: (kind_id < 7)
                          Rows Removed by Filter: 1543264
Planning time: 0.991 ms
Execution time: 23525.057 ms
