Hash Join  (cost=102767.86..1169781.52 rows=14613078 width=0) (actual time=3703.998..56170.128 rows=14773493 loops=1)
  Hash Cond: (ci.movie_id = t.id)
  ->  Seq Scan on cast_info ci  (cost=0.00..705507.15 rows=14613078 width=4) (actual time=0.018..37610.830 rows=14773493 loops=1)
        Filter: (person_id > 2176262)
        Rows Removed by Filter: 21470851
  ->  Hash  (cost=61283.27..61283.27 rows=2528527 width=4) (actual time=3702.706..3702.706 rows=2528312 loops=1)
        Buckets: 131072  Batches: 64  Memory Usage: 2415kB
        ->  Seq Scan on title t  (cost=0.00..61283.27 rows=2528527 width=4) (actual time=0.014..2772.481 rows=2528312 loops=1)
Planning time: 0.689 ms
Execution time: 57989.373 ms
