Hash Join  (cost=949985.41..1438094.04 rows=3565747 width=0) (actual time=19899.816..46082.187 rows=61574719 loops=1)
  Hash Cond: (mi.movie_id = t.id)
  ->  Seq Scan on movie_info mi  (cost=0.00..346232.03 rows=8841901 width=4) (actual time=0.019..7191.122 rows=8950757 loops=1)
        Filter: (info_type_id > 6)
        Rows Removed by Filter: 5884963
  ->  Hash  (cost=933255.16..933255.16 rows=1019700 width=8) (actual time=19898.203..19898.203 rows=3055160 loops=1)
        Buckets: 131072 (originally 131072)  Batches: 64 (originally 16)  Memory Usage: 3073kB
        ->  Hash Join  (cost=102767.86..933255.16 rows=1019700 width=8) (actual time=5181.510..18984.546 rows=3055160 loops=1)
              Hash Cond: (ci.movie_id = t.id)
              ->  Seq Scan on cast_info ci  (cost=0.00..796071.18 rows=1019700 width=4) (actual time=3081.875..13765.566 rows=3055160 loops=1)
                    Filter: ((person_id > 2832848) AND (role_id = 10))
                    Rows Removed by Filter: 33189184
              ->  Hash  (cost=61283.27..61283.27 rows=2528527 width=4) (actual time=2097.802..2097.802 rows=2528312 loops=1)
                    Buckets: 131072  Batches: 64  Memory Usage: 2415kB
                    ->  Seq Scan on title t  (cost=0.00..61283.27 rows=2528527 width=4) (actual time=0.026..1260.138 rows=2528312 loops=1)
Planning time: 1.175 ms
Execution time: 52753.552 ms
