Hash Join  (cost=174751.02..299002.98 rows=184593 width=0) (actual time=3254.803..6126.759 rows=116761 loops=1)
  Hash Cond: (mk.movie_id = t.id)
  ->  Seq Scan on movie_keyword mk  (cost=0.00..69693.30 rows=4523930 width=4) (actual time=0.016..1399.600 rows=4523930 loops=1)
  ->  Hash  (cost=173057.35..173057.35 rows=103173 width=8) (actual time=3251.156..3251.156 rows=41129 loops=1)
        Buckets: 131072  Batches: 2  Memory Usage: 1840kB
        ->  Hash Join  (cost=102767.86..173057.35 rows=103173 width=8) (actual time=1890.978..3234.580 rows=41129 loops=1)
              Hash Cond: (mc.movie_id = t.id)
              ->  Seq Scan on movie_companies mc  (cost=0.00..57926.93 rows=103173 width=4) (actual time=27.612..917.567 rows=41129 loops=1)
                    Filter: ((company_id < 64) AND (company_type_id = 2))
                    Rows Removed by Filter: 2568000
              ->  Hash  (cost=61283.27..61283.27 rows=2528527 width=4) (actual time=1862.003..1862.003 rows=2528312 loops=1)
                    Buckets: 131072  Batches: 64  Memory Usage: 2415kB
                    ->  Seq Scan on title t  (cost=0.00..61283.27 rows=2528527 width=4) (actual time=0.024..1014.284 rows=2528312 loops=1)
Planning time: 1.181 ms
Execution time: 6140.249 ms
