Hash Join  (cost=709676.49..1060252.90 rows=122 width=0) (actual time=11995.626..15619.415 rows=432 loops=1)
  Hash Cond: (mi.movie_id = t.id)
  ->  Seq Scan on movie_info mi  (cost=0.00..346232.03 rows=1158179 width=4) (actual time=1886.252..5515.092 rows=1204709 loops=1)
        Filter: (info_type_id > 18)
        Rows Removed by Filter: 13631011
  ->  Hash  (cost=709673.15..709673.15 rows=267 width=8) (actual time=9930.359..9930.359 rows=520 loops=1)
        Buckets: 1024  Batches: 1  Memory Usage: 29kB
        ->  Nested Loop  (cost=0.43..709673.15 rows=267 width=8) (actual time=44.843..9930.238 rows=520 loops=1)
              ->  Seq Scan on cast_info ci  (cost=0.00..705507.15 rows=500 width=4) (actual time=44.725..9925.647 rows=520 loops=1)
                    Filter: (person_id = 1247601)
                    Rows Removed by Filter: 36243824
              ->  Index Scan using title_pkey on title t  (cost=0.43..8.32 rows=1 width=4) (actual time=0.008..0.008 rows=1 loops=520)
                    Index Cond: (id = ci.movie_id)
                    Filter: (production_year < 2005)
Planning time: 0.829 ms
Execution time: 15619.636 ms
