Seq Scan on movie_companies mc  (cost=0.00..57926.93 rows=5584 width=0) (actual time=331.426..848.127 rows=8256 loops=1)
  Filter: ((company_type_id > 1) AND (company_id = 11))
  Rows Removed by Filter: 2600873
Planning time: 0.402 ms
Execution time: 849.219 ms
