Seq Scan on movie_companies mc  (cost=0.00..51404.11 rows=900722 width=0) (actual time=0.083..875.000 rows=896533 loops=1)
  Filter: (company_id < 2839)
  Rows Removed by Filter: 1712596
Planning time: 0.293 ms
Execution time: 990.660 ms
