Hash Join  (cost=67612.84..889558.58 rows=1800 width=0) (actual time=987.069..15713.187 rows=9253 loops=1)
  Hash Cond: (ci.movie_id = t.id)
  ->  Seq Scan on cast_info ci  (cost=0.00..796071.18 rows=6895084 width=4) (actual time=0.048..13936.332 rows=4280911 loops=1)
        Filter: ((person_id < 1506294) AND (role_id > 2))
        Rows Removed by Filter: 31963433
  ->  Hash  (cost=67604.59..67604.59 rows=660 width=4) (actual time=985.506..985.506 rows=3515 loops=1)
        Buckets: 4096 (originally 1024)  Batches: 1 (originally 1)  Memory Usage: 156kB
        ->  Seq Scan on title t  (cost=0.00..67604.59 rows=660 width=4) (actual time=0.023..983.747 rows=3515 loops=1)
              Filter: (production_year > 2013)
              Rows Removed by Filter: 2524797
Planning time: 0.898 ms
Execution time: 15715.639 ms
