Seq Scan on movie_companies mc  (cost=0.00..57926.93 rows=468953 width=0) (actual time=8.701..1012.487 rows=791056 loops=1)
  Filter: ((company_id > 19606) AND (company_type_id = 2))
  Rows Removed by Filter: 1818073
Planning time: 0.399 ms
Execution time: 1105.245 ms
