Hash Join  (cost=94531.42..489265.54 rows=1842 width=0) (actual time=3719.043..9589.665 rows=33 loops=1)
  Hash Cond: (mi.movie_id = t.id)
  ->  Seq Scan on movie_info mi  (cost=0.00..346232.03 rows=12928982 width=4) (actual time=0.015..6242.871 rows=12970088 loops=1)
        Filter: (info_type_id < 18)
        Rows Removed by Filter: 1865632
  ->  Hash  (cost=94526.92..94526.92 rows=360 width=8) (actual time=1650.919..1650.919 rows=3 loops=1)
        Buckets: 1024  Batches: 1  Memory Usage: 9kB
        ->  Hash Join  (cost=67612.84..94526.92 rows=360 width=8) (actual time=1350.874..1650.902 rows=3 loops=1)
              Hash Cond: (mi_idx.movie_id = t.id)
              ->  Seq Scan on movie_info_idx mi_idx  (cost=0.00..21735.35 rows=1380035 width=4) (actual time=0.013..287.006 rows=1380035 loops=1)
              ->  Hash  (cost=67604.59..67604.59 rows=660 width=4) (actual time=1085.953..1085.953 rows=3515 loops=1)
                    Buckets: 4096 (originally 1024)  Batches: 1 (originally 1)  Memory Usage: 156kB
                    ->  Seq Scan on title t  (cost=0.00..67604.59 rows=660 width=4) (actual time=0.167..1084.149 rows=3515 loops=1)
                          Filter: (production_year > 2013)
                          Rows Removed by Filter: 2524797
Planning time: 1.186 ms
Execution time: 9589.788 ms
