Hash Join  (cost=69969.16..109011.26 rows=78662 width=0) (actual time=1928.688..2935.258 rows=60804 loops=1)
  Hash Cond: (mi_idx.movie_id = t.id)
  ->  Seq Scan on movie_info_idx mi_idx  (cost=0.00..21735.35 rows=1380035 width=4) (actual time=0.014..498.058 rows=1380035 loops=1)
  ->  Hash  (cost=67604.59..67604.59 rows=144126 width=4) (actual time=1927.930..1927.930 rows=145539 loops=1)
        Buckets: 131072  Batches: 2  Memory Usage: 3580kB
        ->  Seq Scan on title t  (cost=0.00..67604.59 rows=144126 width=4) (actual time=0.021..1128.143 rows=145539 loops=1)
              Filter: (production_year < 1942)
              Rows Removed by Filter: 2382773
Planning time: 0.766 ms
Execution time: 2944.091 ms
