Hash Join  (cost=224347.12..769386.26 rows=4386931 width=0) (actual time=4697.002..17199.046 rows=1740812 loops=1)
  Hash Cond: (mi.movie_id = t.id)
  ->  Seq Scan on movie_info mi  (cost=0.00..309384.22 rows=14739122 width=4) (actual time=0.012..6101.689 rows=14835720 loops=1)
  ->  Hash  (cost=211999.79..211999.79 rows=752587 width=8) (actual time=4630.858..4630.858 rows=149499 loops=1)
        Buckets: 131072  Batches: 16  Memory Usage: 1375kB
        ->  Hash Join  (cost=80827.88..211999.79 rows=752587 width=8) (actual time=2087.380..4585.376 rows=149499 loops=1)
              Hash Cond: (mk.movie_id = t.id)
              ->  Seq Scan on movie_keyword mk  (cost=0.00..69693.30 rows=4523930 width=4) (actual time=0.021..1336.936 rows=4523930 loops=1)
              ->  Hash  (cost=73925.90..73925.90 rows=420638 width=4) (actual time=1298.784..1298.784 rows=301535 loops=1)
                    Buckets: 131072  Batches: 8  Memory Usage: 2343kB
                    ->  Seq Scan on title t  (cost=0.00..73925.90 rows=420638 width=4) (actual time=0.017..1200.506 rows=301535 loops=1)
                          Filter: ((production_year < 1990) AND (kind_id = 7))
                          Rows Removed by Filter: 2226777
Planning time: 1.346 ms
Execution time: 17379.664 ms
