Hash Join  (cost=316746.36..1022591.92 rows=17730983 width=0) (actual time=8743.847..61590.783 rows=163239704 loops=1)
  Hash Cond: (mi.movie_id = t.id)
  ->  Seq Scan on movie_info mi  (cost=0.00..309384.22 rows=14739122 width=4) (actual time=0.016..6353.166 rows=14835720 loops=1)
  ->  Hash  (cost=266842.02..266842.02 rows=3041787 width=8) (actual time=8742.437..8742.437 rows=3027959 loops=1)
        Buckets: 131072  Batches: 64  Memory Usage: 2976kB
        ->  Hash Join  (cost=102767.86..266842.02 rows=3041787 width=8) (actual time=2659.811..7716.789 rows=3027959 loops=1)
              Hash Cond: (mk.movie_id = t.id)
              ->  Seq Scan on movie_keyword mk  (cost=0.00..81003.12 rows=3041787 width=4) (actual time=0.034..1792.373 rows=3027959 loops=1)
                    Filter: (keyword_id > 2144)
                    Rows Removed by Filter: 1495971
              ->  Hash  (cost=61283.27..61283.27 rows=2528527 width=4) (actual time=2658.422..2658.422 rows=2528312 loops=1)
                    Buckets: 131072  Batches: 64  Memory Usage: 2425kB
                    ->  Seq Scan on title t  (cost=0.00..61283.27 rows=2528527 width=4) (actual time=0.026..1190.932 rows=2528312 loops=1)
Planning time: 1.165 ms
Execution time: 79674.067 ms
