Hash Join  (cost=130145.17..526120.21 rows=224841 width=0) (actual time=2794.193..12093.808 rows=1400975 loops=1)
  Hash Cond: (mi.movie_id = t.id)
  ->  Seq Scan on movie_info mi  (cost=0.00..346232.03 rows=12665229 width=4) (actual time=0.013..6597.481 rows=12744652 loops=1)
        Filter: (info_type_id > 2)
        Rows Removed by Filter: 2091068
  ->  Hash  (cost=129584.07..129584.07 rows=44888 width=8) (actual time=2525.612..2525.612 rows=45042 loops=1)
        Buckets: 65536  Batches: 1  Memory Usage: 2272kB
        ->  Hash Join  (cost=74469.67..129584.07 rows=44888 width=8) (actual time=1169.662..2508.995 rows=45042 loops=1)
              Hash Cond: (mc.movie_id = t.id)
              ->  Seq Scan on movie_companies mc  (cost=0.00..44881.29 rows=2609129 width=4) (actual time=0.019..633.534 rows=2609129 loops=1)
              ->  Hash  (cost=73925.90..73925.90 rows=43501 width=4) (actual time=1169.307..1169.307 rows=39560 loops=1)
                    Buckets: 65536  Batches: 1  Memory Usage: 1903kB
                    ->  Seq Scan on title t  (cost=0.00..73925.90 rows=43501 width=4) (actual time=173.186..1154.201 rows=39560 loops=1)
                          Filter: ((kind_id = 1) AND (production_year = 2012))
                          Rows Removed by Filter: 2488752
Planning time: 4.440 ms
Execution time: 12262.140 ms
