Hash Join  (cost=94973.51..199421.36 rows=575336 width=0) (actual time=1795.004..3836.489 rows=229427 loops=1)
  Hash Cond: (mk.movie_id = t.id)
  ->  Seq Scan on movie_keyword mk  (cost=0.00..81003.12 rows=872073 width=4) (actual time=0.015..1297.564 rows=876066 loops=1)
        Filter: (keyword_id < 831)
        Rows Removed by Filter: 3647864
  ->  Hash  (cost=67604.59..67604.59 rows=1668154 width=4) (actual time=1793.565..1793.565 rows=1674098 loops=1)
        Buckets: 131072  Batches: 32  Memory Usage: 2875kB
        ->  Seq Scan on title t  (cost=0.00..67604.59 rows=1668154 width=4) (actual time=0.016..1234.101 rows=1674098 loops=1)
              Filter: (kind_id > 3)
              Rows Removed by Filter: 854214
Planning time: 2.815 ms
Execution time: 3862.361 ms
