Hash Join  (cost=542808.31..1405811.02 rows=2296057 width=0) (actual time=13555.283..24366.609 rows=2339 loops=1)
  Hash Cond: (ci.movie_id = t.id)
  ->  Seq Scan on cast_info ci  (cost=0.00..796071.18 rows=2799393 width=4) (actual time=2327.360..12824.682 rows=2630 loops=1)
        Filter: ((person_id < 1367459) AND (role_id = 2))
        Rows Removed by Filter: 36241714
  ->  Hash  (cost=508782.64..508782.64 rows=2073893 width=8) (actual time=11173.033..11173.033 rows=2091068 loops=1)
        Buckets: 131072  Batches: 32  Memory Usage: 3553kB
        ->  Hash Join  (cost=102767.86..508782.64 rows=2073893 width=8) (actual time=3248.943..10592.069 rows=2091068 loops=1)
              Hash Cond: (mi.movie_id = t.id)
              ->  Seq Scan on movie_info mi  (cost=0.00..346232.03 rows=2073893 width=4) (actual time=1125.773..5991.666 rows=2091068 loops=1)
                    Filter: (info_type_id < 3)
                    Rows Removed by Filter: 12744652
              ->  Hash  (cost=61283.27..61283.27 rows=2528527 width=4) (actual time=2121.960..2121.960 rows=2528312 loops=1)
                    Buckets: 131072  Batches: 64  Memory Usage: 2425kB
                    ->  Seq Scan on title t  (cost=0.00..61283.27 rows=2528527 width=4) (actual time=0.020..1249.609 rows=2528312 loops=1)
Planning time: 1.183 ms
Execution time: 24367.630 ms
