Hash Join  (cost=78988.28..910352.83 rows=325358 width=0) (actual time=3208.287..17271.969 rows=710735 loops=1)
  Hash Cond: (ci.movie_id = t.id)
  ->  Seq Scan on cast_info ci  (cost=0.00..796071.18 rows=2666610 width=4) (actual time=1973.366..13436.379 rows=5554439 loops=1)
        Filter: ((person_id > 2444378) AND (role_id > 6))
        Rows Removed by Filter: 30689905
  ->  Hash  (cost=73925.90..73925.90 rows=308510 width=4) (actual time=1234.000..1234.000 rows=266599 loops=1)
        Buckets: 131072  Batches: 8  Memory Usage: 2191kB
        ->  Seq Scan on title t  (cost=0.00..73925.90 rows=308510 width=4) (actual time=0.048..1149.352 rows=266599 loops=1)
              Filter: ((kind_id < 7) AND (production_year > 2007))
              Rows Removed by Filter: 2261713
Planning time: 0.804 ms
Execution time: 17357.717 ms
