Hash Join  (cost=151537.22..516789.23 rows=59611 width=0) (actual time=2725.154..10065.623 rows=31970 loops=1)
  Hash Cond: (mi.movie_id = t.id)
  ->  Seq Scan on movie_info mi  (cost=0.00..309384.22 rows=14739122 width=4) (actual time=0.023..4443.173 rows=14835720 loops=1)
  ->  Hash  (cost=151409.39..151409.39 rows=10226 width=8) (actual time=2718.321..2718.321 rows=2713 loops=1)
        Buckets: 16384  Batches: 1  Memory Usage: 234kB
        ->  Hash Join  (cost=68173.50..151409.39 rows=10226 width=8) (actual time=1091.858..2716.802 rows=2713 loops=1)
              Hash Cond: (mk.movie_id = t.id)
              ->  Seq Scan on movie_keyword mk  (cost=0.00..81003.12 rows=568135 width=4) (actual time=0.016..1488.956 rows=570298 loops=1)
                    Filter: (keyword_id < 405)
                    Rows Removed by Filter: 3953632
              ->  Hash  (cost=67604.59..67604.59 rows=45513 width=4) (actual time=1090.351..1090.351 rows=42820 loops=1)
                    Buckets: 65536  Batches: 1  Memory Usage: 2018kB
                    ->  Seq Scan on title t  (cost=0.00..67604.59 rows=45513 width=4) (actual time=0.020..1073.732 rows=42820 loops=1)
                          Filter: (production_year < 1913)
                          Rows Removed by Filter: 2485492
Planning time: 1.215 ms
Execution time: 10071.119 ms
