Hash Join  (cost=466889.45..507318.29 rows=159436 width=0) (actual time=8181.105..9172.632 rows=226632 loops=1)
  Hash Cond: (mi_idx.movie_id = t.id)
  ->  Seq Scan on movie_info_idx mi_idx  (cost=0.00..21735.35 rows=1380035 width=4) (actual time=0.020..411.831 rows=1380035 loops=1)
  ->  Hash  (cost=462095.93..462095.93 rows=292122 width=8) (actual time=8180.252..8180.252 rows=147029 loops=1)
        Buckets: 131072  Batches: 4  Memory Usage: 2458kB
        ->  Hash Join  (cost=100766.14..462095.93 rows=292122 width=8) (actual time=5541.633..8140.754 rows=147029 loops=1)
              Hash Cond: (mi.movie_id = t.id)
              ->  Seq Scan on movie_info mi  (cost=0.00..346232.03 rows=451508 width=4) (actual time=3505.146..5590.086 rows=474443 loops=1)
                    Filter: (info_type_id = 6)
                    Rows Removed by Filter: 14361277
              ->  Hash  (cost=73925.90..73925.90 rows=1635939 width=4) (actual time=2035.656..2035.656 rows=1747677 loops=1)
                    Buckets: 131072  Batches: 32  Memory Usage: 2954kB
                    ->  Seq Scan on title t  (cost=0.00..73925.90 rows=1635939 width=4) (actual time=0.038..1436.693 rows=1747677 loops=1)
                          Filter: ((kind_id > 1) AND (production_year > 1959))
                          Rows Removed by Filter: 780635
Planning time: 1.541 ms
Execution time: 9202.825 ms
