Hash Join  (cost=190230.21..970275.84 rows=2217288 width=0) (actual time=4657.928..20669.716 rows=5568032 loops=1)
  Hash Cond: (ci.movie_id = t.id)
  ->  Seq Scan on cast_info ci  (cost=0.00..705507.15 rows=4062558 width=4) (actual time=0.091..12054.667 rows=4099396 loops=1)
        Filter: (person_id > 3305921)
        Rows Removed by Filter: 32144948
  ->  Hash  (cost=167588.78..167588.78 rows=1380035 width=8) (actual time=4656.643..4656.643 rows=1380035 loops=1)
        Buckets: 131072  Batches: 32  Memory Usage: 2708kB
        ->  Hash Join  (cost=102767.86..167588.78 rows=1380035 width=8) (actual time=2284.237..4263.553 rows=1380035 loops=1)
              Hash Cond: (mi_idx.movie_id = t.id)
              ->  Seq Scan on movie_info_idx mi_idx  (cost=0.00..21735.35 rows=1380035 width=4) (actual time=0.023..476.601 rows=1380035 loops=1)
              ->  Hash  (cost=61283.27..61283.27 rows=2528527 width=4) (actual time=2282.878..2282.878 rows=2528312 loops=1)
                    Buckets: 131072  Batches: 64  Memory Usage: 2415kB
                    ->  Seq Scan on title t  (cost=0.00..61283.27 rows=2528527 width=4) (actual time=0.026..1115.572 rows=2528312 loops=1)
Planning time: 1.184 ms
Execution time: 21284.436 ms
