Hash Join  (cost=74426.67..960128.65 rows=363336 width=0) (actual time=1345.957..25548.370 rows=330748 loops=1)
  Hash Cond: (ci.movie_id = t.id)
  ->  Seq Scan on cast_info ci  (cost=0.00..796071.18 rows=22932651 width=4) (actual time=0.023..18172.030 rows=22666303 loops=1)
        Filter: ((person_id < 3887726) AND (role_id > 1))
        Rows Removed by Filter: 13578041
  ->  Hash  (cost=73925.90..73925.90 rows=40061 width=4) (actual time=1344.176..1344.176 rows=40120 loops=1)
        Buckets: 65536  Batches: 1  Memory Usage: 1923kB
        ->  Seq Scan on title t  (cost=0.00..73925.90 rows=40061 width=4) (actual time=0.043..1326.584 rows=40120 loops=1)
              Filter: ((kind_id = 7) AND (production_year = 2013))
              Rows Removed by Filter: 2488192
Planning time: 0.756 ms
Execution time: 25598.676 ms
