Seq Scan on movie_keyword mk  (cost=0.00..81003.12 rows=246 width=0) (actual time=0.274..1221.837 rows=52 loops=1)
  Filter: (keyword_id = 52971)
  Rows Removed by Filter: 4523878
Planning time: 0.332 ms
Execution time: 1221.975 ms
