Hash Join  (cost=206196.83..1089190.76 rows=1339250 width=0) (actual time=12214.315..24378.858 rows=1895786 loops=1)
  Hash Cond: (ci.movie_id = t.id)
  ->  Seq Scan on cast_info ci  (cost=0.00..705507.15 rows=12726058 width=4) (actual time=7716.568..14623.417 rows=12670688 loops=1)
        Filter: (role_id < 2)
        Rows Removed by Filter: 23573656
  ->  Hash  (cost=201830.65..201830.65 rows=266094 width=8) (actual time=4496.475..4496.475 rows=98519 loops=1)
        Buckets: 131072  Batches: 4  Memory Usage: 1915kB
        ->  Hash Join  (cost=70308.29..201830.65 rows=266094 width=8) (actual time=1166.519..4465.296 rows=98519 loops=1)
              Hash Cond: (mk.movie_id = t.id)
              ->  Seq Scan on movie_keyword mk  (cost=0.00..81003.12 rows=4083280 width=4) (actual time=0.033..1818.412 rows=4070600 loops=1)
                    Filter: (keyword_id > 347)
                    Rows Removed by Filter: 453330
              ->  Hash  (cost=67604.59..67604.59 rows=164776 width=4) (actual time=1164.706..1164.706 rows=164307 loops=1)
                    Buckets: 131072  Batches: 4  Memory Usage: 2488kB
                    ->  Seq Scan on title t  (cost=0.00..67604.59 rows=164776 width=4) (actual time=0.016..1104.514 rows=164307 loops=1)
                          Filter: (production_year = 2012)
                          Rows Removed by Filter: 2364005
Planning time: 1.118 ms
Execution time: 24595.961 ms
