Hash Join  (cost=102767.86..1112285.73 rows=8459981 width=0) (actual time=2451.660..27664.149 rows=13171140 loops=1)
  Hash Cond: (ci.movie_id = t.id)
  ->  Seq Scan on cast_info ci  (cost=0.00..796071.18 rows=8459981 width=4) (actual time=426.964..14145.997 rows=13171140 loops=1)
        Filter: ((person_id > 2358765) AND (role_id > 1))
        Rows Removed by Filter: 23073204
  ->  Hash  (cost=61283.27..61283.27 rows=2528527 width=4) (actual time=2023.964..2023.964 rows=2528312 loops=1)
        Buckets: 131072  Batches: 64  Memory Usage: 2415kB
        ->  Seq Scan on title t  (cost=0.00..61283.27 rows=2528527 width=4) (actual time=0.016..1107.400 rows=2528312 loops=1)
Planning time: 1.103 ms
Execution time: 29169.905 ms
