Hash Join  (cost=68438.72..166135.65 rows=109761 width=0) (actual time=1057.176..3400.609 rows=39605 loops=1)
  Hash Cond: (mk.movie_id = t.id)
  ->  Seq Scan on movie_keyword mk  (cost=0.00..81003.12 rows=4158984 width=4) (actual time=0.022..1669.266 rows=4162620 loops=1)
        Filter: (keyword_id < 46165)
        Rows Removed by Filter: 361310
  ->  Hash  (cost=67604.59..67604.59 rows=66731 width=4) (actual time=1055.822..1055.822 rows=67342 loops=1)
        Buckets: 131072  Batches: 1  Memory Usage: 3392kB
        ->  Seq Scan on title t  (cost=0.00..67604.59 rows=66731 width=4) (actual time=0.027..1026.595 rows=67342 loops=1)
              Filter: (production_year > 2012)
              Rows Removed by Filter: 2460970
Planning time: 0.529 ms
Execution time: 3406.413 ms
