Nested Loop  (cost=0.43..83072.29 rows=88 width=0) (actual time=358.887..1282.494 rows=7 loops=1)
  ->  Seq Scan on movie_keyword mk  (cost=0.00..81003.12 rows=246 width=4) (actual time=341.403..1272.145 rows=155 loops=1)
        Filter: (keyword_id = 6355)
        Rows Removed by Filter: 4523775
  ->  Index Scan using title_pkey on title t  (cost=0.43..8.40 rows=1 width=4) (actual time=0.065..0.065 rows=0 loops=155)
        Index Cond: (id = mk.movie_id)
        Filter: (production_year > 2006)
        Rows Removed by Filter: 1
Planning time: 0.768 ms
Execution time: 1282.637 ms
