Seq Scan on movie_keyword mk  (cost=0.00..81003.12 rows=1171684 width=0) (actual time=0.017..1388.981 rows=1185474 loops=1)
  Filter: (keyword_id > 15688)
  Rows Removed by Filter: 3338456
Planning time: 0.350 ms
Execution time: 1534.125 ms
