Hash Join  (cost=74449.67..107265.38 rows=74930 width=0) (actual time=1255.872..1986.825 rows=81924 loops=1)
  Hash Cond: (mi_idx.movie_id = t.id)
  ->  Seq Scan on movie_info_idx mi_idx  (cost=0.00..25185.44 rows=454124 width=4) (actual time=0.023..454.448 rows=459925 loops=1)
        Filter: (info_type_id = 100)
        Rows Removed by Filter: 920110
  ->  Hash  (cost=67604.59..67604.59 rows=417207 width=4) (actual time=1255.029..1255.029 rows=409495 loops=1)
        Buckets: 131072  Batches: 8  Memory Usage: 2821kB
        ->  Seq Scan on title t  (cost=0.00..67604.59 rows=417207 width=4) (actual time=0.016..1113.572 rows=409495 loops=1)
              Filter: (production_year < 1973)
              Rows Removed by Filter: 2118817
Planning time: 0.742 ms
Execution time: 1995.949 ms
