Hash Join  (cost=89762.59..960334.31 rows=2187359 width=0) (actual time=10555.923..16764.468 rows=953615 loops=1)
  Hash Cond: (ci.movie_id = t.id)
  ->  Seq Scan on cast_info ci  (cost=0.00..796071.18 rows=4095187 width=4) (actual time=8937.825..13672.358 rows=1862666 loops=1)
        Filter: ((person_id < 1874210) AND (role_id > 6))
        Rows Removed by Filter: 34381678
  ->  Hash  (cost=67604.59..67604.59 rows=1350560 width=4) (actual time=1617.054..1617.054 rows=1348293 loops=1)
        Buckets: 131072  Batches: 32  Memory Usage: 2505kB
        ->  Seq Scan on title t  (cost=0.00..67604.59 rows=1350560 width=4) (actual time=0.018..1207.361 rows=1348293 loops=1)
              Filter: (production_year < 2005)
              Rows Removed by Filter: 1180019
Planning time: 1.213 ms
Execution time: 16882.230 ms
