Hash Join  (cost=123818.72..250000.22 rows=343046 width=0) (actual time=4066.929..5204.110 rows=207861 loops=1)
  Hash Cond: (mk.movie_id = t.id)
  ->  Seq Scan on movie_keyword mk  (cost=0.00..69693.30 rows=4523930 width=4) (actual time=0.016..1347.612 rows=4523930 loops=1)
  ->  Hash  (cost=120673.02..120673.02 rows=191736 width=8) (actual time=2220.609..2220.609 rows=84558 loops=1)
        Buckets: 131072  Batches: 4  Memory Usage: 1858kB
        ->  Hash Join  (cost=79690.18..120673.02 rows=191736 width=8) (actual time=1183.614..2196.184 rows=84558 loops=1)
              Hash Cond: (mi_idx.movie_id = t.id)
              ->  Seq Scan on movie_info_idx mi_idx  (cost=0.00..21735.35 rows=1380035 width=4) (actual time=0.023..427.734 rows=1380035 loops=1)
              ->  Hash  (cost=73925.90..73925.90 rows=351302 width=4) (actual time=1182.642..1182.642 rows=233910 loops=1)
                    Buckets: 131072  Batches: 8  Memory Usage: 2039kB
                    ->  Seq Scan on title t  (cost=0.00..73925.90 rows=351302 width=4) (actual time=50.390..1104.893 rows=233910 loops=1)
                          Filter: ((production_year < 1984) AND (kind_id = 7))
                          Rows Removed by Filter: 2294402
Planning time: 2.297 ms
Execution time: 5230.200 ms
