Hash Join  (cost=473357.70..1449249.29 rows=5084541 width=0) (actual time=8869.235..34841.594 rows=13066496 loops=1)
  Hash Cond: (ci.movie_id = t.id)
  ->  Seq Scan on cast_info ci  (cost=0.00..705507.15 rows=18755479 width=4) (actual time=0.024..14082.608 rows=18648967 loops=1)
        Filter: (person_id < 1857333)
        Rows Removed by Filter: 17595377
  ->  Hash  (cost=462111.28..462111.28 rows=685474 width=8) (actual time=8868.341..8868.341 rows=557358 loops=1)
        Buckets: 131072  Batches: 16  Memory Usage: 2397kB
        ->  Hash Join  (cost=80562.70..462111.28 rows=685474 width=8) (actual time=1827.084..8696.055 rows=557358 loops=1)
              Hash Cond: (mi.movie_id = t.id)
              ->  Seq Scan on movie_info mi  (cost=0.00..346232.03 rows=2194617 width=4) (actual time=316.443..5789.901 rows=2233850 loops=1)
                    Filter: (info_type_id > 16)
                    Rows Removed by Filter: 12601870
              ->  Hash  (cost=67604.59..67604.59 rows=789769 width=4) (actual time=1509.730..1509.730 rows=784926 loops=1)
                    Buckets: 131072  Batches: 16  Memory Usage: 2755kB
                    ->  Seq Scan on title t  (cost=0.00..67604.59 rows=789769 width=4) (actual time=0.031..1247.536 rows=784926 loops=1)
                          Filter: (production_year > 2007)
                          Rows Removed by Filter: 1743386
Planning time: 2.393 ms
Execution time: 36313.663 ms
