Hash Join  (cost=190230.21..1260025.83 rows=8604526 width=0) (actual time=7336.703..35490.803 rows=19157210 loops=1)
  Hash Cond: (ci.movie_id = t.id)
  ->  Seq Scan on cast_info ci  (cost=0.00..796071.18 rows=15765381 width=4) (actual time=2809.428..17794.752 rows=15900537 loops=1)
        Filter: ((person_id > 89098) AND (role_id > 2))
        Rows Removed by Filter: 20343807
  ->  Hash  (cost=167588.78..167588.78 rows=1380035 width=8) (actual time=4526.317..4526.317 rows=1380035 loops=1)
        Buckets: 131072  Batches: 32  Memory Usage: 2708kB
        ->  Hash Join  (cost=102767.86..167588.78 rows=1380035 width=8) (actual time=1824.740..4141.014 rows=1380035 loops=1)
              Hash Cond: (mi_idx.movie_id = t.id)
              ->  Seq Scan on movie_info_idx mi_idx  (cost=0.00..21735.35 rows=1380035 width=4) (actual time=0.029..451.682 rows=1380035 loops=1)
              ->  Hash  (cost=61283.27..61283.27 rows=2528527 width=4) (actual time=1823.203..1823.203 rows=2528312 loops=1)
                    Buckets: 131072  Batches: 64  Memory Usage: 2415kB
                    ->  Seq Scan on title t  (cost=0.00..61283.27 rows=2528527 width=4) (actual time=0.020..992.353 rows=2528312 loops=1)
Planning time: 1.230 ms
Execution time: 37641.169 ms
