Hash Join  (cost=934782.69..1076079.98 rows=1583725 width=0) (actual time=14466.068..20152.634 rows=6699483 loops=1)
  Hash Cond: (mk.movie_id = t.id)
  ->  Seq Scan on movie_keyword mk  (cost=0.00..69693.30 rows=4523930 width=4) (actual time=0.019..1464.387 rows=4523930 loops=1)
  ->  Hash  (cost=920259.94..920259.94 rows=885180 width=8) (actual time=14463.769..14463.769 rows=935603 loops=1)
        Buckets: 131072  Batches: 16  Memory Usage: 3288kB
        ->  Hash Join  (cost=81530.55..920259.94 rows=885180 width=8) (actual time=1836.234..14156.891 rows=935603 loops=1)
              Hash Cond: (ci.movie_id = t.id)
              ->  Seq Scan on cast_info ci  (cost=0.00..796071.18 rows=2636910 width=4) (actual time=465.579..11093.616 rows=2610589 loops=1)
                    Filter: ((person_id < 251766) AND (role_id < 11))
                    Rows Removed by Filter: 33633755
              ->  Hash  (cost=67604.59..67604.59 rows=848797 width=4) (actual time=1369.444..1369.444 rows=849141 loops=1)
                    Buckets: 131072  Batches: 16  Memory Usage: 2892kB
                    ->  Seq Scan on title t  (cost=0.00..67604.59 rows=848797 width=4) (actual time=0.034..1101.569 rows=849141 loops=1)
                          Filter: (production_year < 1996)
                          Rows Removed by Filter: 1679171
Planning time: 1.221 ms
Execution time: 20964.986 ms
