Seq Scan on movie_companies mc  (cost=0.00..51404.11 rows=1625883 width=0) (actual time=0.016..988.348 rows=1624477 loops=1)
  Filter: (company_id > 4473)
  Rows Removed by Filter: 984652
Planning time: 0.358 ms
Execution time: 1206.118 ms
