Seq Scan on movie_keyword mk  (cost=0.00..81003.12 rows=2078581 width=0) (actual time=0.028..1482.839 rows=2087854 loops=1)
  Filter: (keyword_id < 3734)
  Rows Removed by Filter: 2436076
Planning time: 0.323 ms
Execution time: 1746.015 ms
