Seq Scan on movie_keyword mk  (cost=0.00..81003.12 rows=534699 width=0) (actual time=0.068..1294.036 rows=525391 loops=1)
  Filter: (keyword_id > 34586)
  Rows Removed by Filter: 3998539
Planning time: 0.329 ms
Execution time: 1360.210 ms
