Hash Join  (cost=81573.24..1159621.88 rows=5097614 width=0) (actual time=3815.745..32157.014 rows=4654834 loops=1)
  Hash Cond: (ci.movie_id = t.id)
  ->  Seq Scan on cast_info ci  (cost=0.00..705507.15 rows=27653425 width=4) (actual time=2514.804..16855.115 rows=27758030 loops=1)
        Filter: (role_id < 6)
        Rows Removed by Filter: 8486314
  ->  Hash  (cost=73925.90..73925.90 rows=466107 width=4) (actual time=1299.894..1299.894 rows=396359 loops=1)
        Buckets: 131072  Batches: 8  Memory Usage: 2762kB
        ->  Seq Scan on title t  (cost=0.00..73925.90 rows=466107 width=4) (actual time=0.076..1175.844 rows=396359 loops=1)
              Filter: ((kind_id < 7) AND (production_year > 2003))
              Rows Removed by Filter: 2131953
Planning time: 0.769 ms
Execution time: 32678.436 ms
