Nested Loop  (cost=0.43..709673.15 rows=305 width=0) (actual time=4113.285..10674.026 rows=134 loops=1)
  ->  Seq Scan on cast_info ci  (cost=0.00..705507.15 rows=500 width=4) (actual time=4113.009..10671.664 rows=148 loops=1)
        Filter: (person_id = 1466623)
        Rows Removed by Filter: 36244196
  ->  Index Scan using title_pkey on title t  (cost=0.43..8.32 rows=1 width=4) (actual time=0.015..0.015 rows=1 loops=148)
        Index Cond: (id = ci.movie_id)
        Filter: (kind_id = 7)
        Rows Removed by Filter: 0
Planning time: 0.866 ms
Execution time: 10674.175 ms
