Seq Scan on cast_info ci  (cost=0.00..705507.15 rows=8476914 width=0) (actual time=6.746..11242.154 rows=8365010 loops=1)
  Filter: (person_id < 819607)
  Rows Removed by Filter: 27879334
Planning time: 0.353 ms
Execution time: 12284.504 ms
