Hash Join  (cost=83568.99..156635.56 rows=214970 width=0) (actual time=1394.669..2941.208 rows=223663 loops=1)
  Hash Cond: (mc.movie_id = t.id)
  ->  Seq Scan on movie_companies mc  (cost=0.00..57926.93 rows=924782 width=4) (actual time=0.026..1041.526 rows=605881 loops=1)
        Filter: ((company_id < 30309) AND (company_type_id > 1))
        Rows Removed by Filter: 2003248
  ->  Hash  (cost=73925.90..73925.90 rows=587767 width=4) (actual time=1393.684..1393.684 rows=594730 loops=1)
        Buckets: 131072  Batches: 8  Memory Usage: 3648kB
        ->  Seq Scan on title t  (cost=0.00..73925.90 rows=587767 width=4) (actual time=350.983..1193.154 rows=594730 loops=1)
              Filter: ((kind_id < 2) AND (production_year < 2012))
              Rows Removed by Filter: 1933582
Planning time: 0.733 ms
Execution time: 2970.304 ms
