Hash Join  (cost=286449.95..1788275.68 rows=36743958 width=0) (actual time=7176.780..65153.589 rows=119824017 loops=1)
  Hash Cond: (ci.movie_id = t.id)
  ->  Seq Scan on cast_info ci  (cost=0.00..614943.12 rows=36225612 width=4) (actual time=0.014..13420.043 rows=36244344 loops=1)
  ->  Hash  (cost=244372.11..244372.11 rows=2564707 width=8) (actual time=7174.600..7174.600 rows=2079172 loops=1)
        Buckets: 131072  Batches: 64  Memory Usage: 2303kB
        ->  Hash Join  (cost=91123.00..244372.11 rows=2564707 width=8) (actual time=1827.113..6607.933 rows=2079172 loops=1)
              Hash Cond: (mk.movie_id = t.id)
              ->  Seq Scan on movie_keyword mk  (cost=0.00..69693.30 rows=4523930 width=4) (actual time=0.017..1393.671 rows=4523930 loops=1)
              ->  Hash  (cost=67604.59..67604.59 rows=1433473 width=4) (actual time=1825.271..1825.271 rows=1434466 loops=1)
                    Buckets: 131072  Batches: 32  Memory Usage: 2608kB
                    ->  Seq Scan on title t  (cost=0.00..67604.59 rows=1433473 width=4) (actual time=0.024..1337.684 rows=1434466 loops=1)
                          Filter: (production_year > 1999)
                          Rows Removed by Filter: 1093846
Planning time: 1.065 ms
Execution time: 78006.697 ms
