Seq Scan on cast_info ci  (cost=0.00..796071.18 rows=7461637 width=0) (actual time=0.041..13692.580 rows=4598725 loops=1)
  Filter: ((person_id < 1637499) AND (role_id > 2))
  Rows Removed by Filter: 31645619
Planning time: 0.389 ms
Execution time: 14256.460 ms
