Seq Scan on cast_info ci  (cost=0.00..705507.15 rows=13577426 width=0) (actual time=0.039..12293.297 rows=13535168 loops=1)
  Filter: (person_id < 1333884)
  Rows Removed by Filter: 22709176
Planning time: 0.317 ms
Execution time: 13966.474 ms
