Hash Join  (cost=202725.14..1094099.55 rows=1970030 width=0) (actual time=9201.956..24328.294 rows=2074320 loops=1)
  Hash Cond: (ci.movie_id = t.id)
  ->  Seq Scan on cast_info ci  (cost=0.00..796071.18 rows=6270114 width=4) (actual time=5468.610..15096.440 rows=7450688 loops=1)
        Filter: ((person_id > 483677) AND (role_id = 2))
        Rows Removed by Filter: 28793656
  ->  Hash  (cost=189690.56..189690.56 rows=794447 width=8) (actual time=3732.396..3732.396 rows=496570 loops=1)
        Buckets: 131072  Batches: 16  Memory Usage: 2227kB
        ->  Hash Join  (cost=102767.86..189690.56 rows=794447 width=8) (actual time=1805.038..3598.839 rows=496570 loops=1)
              Hash Cond: (mc.movie_id = t.id)
              ->  Seq Scan on movie_companies mc  (cost=0.00..57926.93 rows=794447 width=4) (actual time=0.034..1054.970 rows=496570 loops=1)
                    Filter: ((company_id < 14732) AND (company_type_id = 2))
                    Rows Removed by Filter: 2112559
              ->  Hash  (cost=61283.27..61283.27 rows=2528527 width=4) (actual time=1804.028..1804.028 rows=2528312 loops=1)
                    Buckets: 131072  Batches: 64  Memory Usage: 2415kB
                    ->  Seq Scan on title t  (cost=0.00..61283.27 rows=2528527 width=4) (actual time=0.021..951.332 rows=2528312 loops=1)
Planning time: 1.150 ms
Execution time: 24581.327 ms
