Seq Scan on cast_info ci  (cost=0.00..705507.15 rows=500 width=0) (actual time=1179.024..10494.131 rows=42 loops=1)
  Filter: (person_id = 2267485)
  Rows Removed by Filter: 36244302
Planning time: 0.378 ms
Execution time: 10494.244 ms
