Hash Join  (cost=129262.02..234173.24 rows=197715 width=0) (actual time=2805.659..4976.949 rows=233637 loops=1)
  Hash Cond: (mk.movie_id = t.id)
  ->  Seq Scan on movie_keyword mk  (cost=0.00..81003.12 rows=1802921 width=4) (actual time=0.023..1485.048 rows=1802198 loops=1)
        Filter: (keyword_id > 7698)
        Rows Removed by Filter: 2721732
  ->  Hash  (cost=124711.92..124711.92 rows=277288 width=8) (actual time=2803.467..2803.467 rows=175185 loops=1)
        Buckets: 131072  Batches: 4  Memory Usage: 2747kB
        ->  Hash Join  (cost=82261.55..124711.92 rows=277288 width=8) (actual time=1554.301..2744.632 rows=175185 loops=1)
              Hash Cond: (mi_idx.movie_id = t.id)
              ->  Seq Scan on movie_info_idx mi_idx  (cost=0.00..21735.35 rows=1380035 width=4) (actual time=0.024..464.915 rows=1380035 loops=1)
              ->  Hash  (cost=73925.90..73925.90 rows=508052 width=4) (actual time=1553.046..1553.046 rows=368581 loops=1)
                    Buckets: 131072  Batches: 8  Memory Usage: 2634kB
                    ->  Seq Scan on title t  (cost=0.00..73925.90 rows=508052 width=4) (actual time=0.026..1429.556 rows=368581 loops=1)
                          Filter: ((kind_id > 1) AND (production_year < 1990))
                          Rows Removed by Filter: 2159731
Planning time: 1.285 ms
Execution time: 5000.499 ms
