Hash Join  (cost=215833.08..344405.52 rows=1295896 width=0) (actual time=5137.016..11390.924 rows=14388892 loops=1)
  Hash Cond: (mk.movie_id = t.id)
  ->  Seq Scan on movie_keyword mk  (cost=0.00..81003.12 rows=2560894 width=4) (actual time=0.015..1661.405 rows=2555664 loops=1)
        Filter: (keyword_id < 6435)
        Rows Removed by Filter: 1968266
  ->  Hash  (cost=194840.12..194840.12 rows=1279517 width=8) (actual time=5135.897..5135.897 rows=1274246 loops=1)
        Buckets: 131072  Batches: 32  Memory Usage: 2633kB
        ->  Hash Join  (cost=102767.86..194840.12 rows=1279517 width=8) (actual time=1981.298..4739.218 rows=1274246 loops=1)
              Hash Cond: (mc.movie_id = t.id)
              ->  Seq Scan on movie_companies mc  (cost=0.00..51404.11 rows=1279517 width=4) (actual time=0.016..1029.950 rows=1274246 loops=1)
                    Filter: (company_type_id < 2)
                    Rows Removed by Filter: 1334883
              ->  Hash  (cost=61283.27..61283.27 rows=2528527 width=4) (actual time=1980.400..1980.400 rows=2528312 loops=1)
                    Buckets: 131072  Batches: 64  Memory Usage: 2415kB
                    ->  Seq Scan on title t  (cost=0.00..61283.27 rows=2528527 width=4) (actual time=0.014..1130.289 rows=2528312 loops=1)
Planning time: 6.132 ms
Execution time: 12974.147 ms
