Hash Join  (cost=102767.86..877729.72 rows=2475859 width=0) (actual time=6938.520..15657.632 rows=2527072 loops=1)
  Hash Cond: (ci.movie_id = t.id)
  ->  Seq Scan on cast_info ci  (cost=0.00..705507.15 rows=2475859 width=4) (actual time=4944.515..11387.840 rows=2527072 loops=1)
        Filter: (person_id > 3569750)
        Rows Removed by Filter: 33717272
  ->  Hash  (cost=61283.27..61283.27 rows=2528527 width=4) (actual time=1993.016..1993.016 rows=2528312 loops=1)
        Buckets: 131072  Batches: 64  Memory Usage: 2415kB
        ->  Seq Scan on title t  (cost=0.00..61283.27 rows=2528527 width=4) (actual time=0.014..1157.070 rows=2528312 loops=1)
Planning time: 0.804 ms
Execution time: 15945.213 ms
