Hash Join  (cost=89602.09..554681.39 rows=2835382 width=0) (actual time=1619.992..12318.534 rows=1652614 loops=1)
  Hash Cond: (mi.movie_id = t.id)
  ->  Seq Scan on movie_info mi  (cost=0.00..346232.03 rows=7503588 width=4) (actual time=0.013..6507.870 rows=7548855 loops=1)
        Filter: (info_type_id > 7)
        Rows Removed by Filter: 7286865
  ->  Hash  (cost=73925.90..73925.90 rows=955455 width=4) (actual time=1609.683..1609.683 rows=885784 loops=1)
        Buckets: 131072  Batches: 16  Memory Usage: 2977kB
        ->  Seq Scan on title t  (cost=0.00..73925.90 rows=955455 width=4) (actual time=0.025..1312.744 rows=885784 loops=1)
              Filter: ((kind_id > 4) AND (production_year < 2007))
              Rows Removed by Filter: 1642528
Planning time: 0.727 ms
Execution time: 12513.967 ms
