Hash Join  (cost=263223.43..1125446.04 rows=2436598 width=0) (actual time=9833.196..26061.201 rows=14593025 loops=1)
  Hash Cond: (ci.movie_id = t.id)
  ->  Seq Scan on cast_info ci  (cost=0.00..796071.18 rows=2514090 width=4) (actual time=3567.654..14174.259 rows=3734821 loops=1)
        Filter: ((person_id > 1482465) AND (role_id = 10))
        Rows Removed by Filter: 32509523
  ->  Hash  (cost=223018.06..223018.06 rows=2450590 width=8) (actual time=6263.550..6263.550 rows=2447019 loops=1)
        Buckets: 131072  Batches: 64  Memory Usage: 2515kB
        ->  Hash Join  (cost=102767.86..223018.06 rows=2450590 width=8) (actual time=1945.571..5571.356 rows=2447019 loops=1)
              Hash Cond: (mc.movie_id = t.id)
              ->  Seq Scan on movie_companies mc  (cost=0.00..51404.11 rows=2450590 width=4) (actual time=0.049..1179.853 rows=2447019 loops=1)
                    Filter: (company_id > 27)
                    Rows Removed by Filter: 162110
              ->  Hash  (cost=61283.27..61283.27 rows=2528527 width=4) (actual time=1944.010..1944.010 rows=2528312 loops=1)
                    Buckets: 131072  Batches: 64  Memory Usage: 2415kB
                    ->  Seq Scan on title t  (cost=0.00..61283.27 rows=2528527 width=4) (actual time=0.054..1110.322 rows=2528312 loops=1)
Planning time: 6.897 ms
Execution time: 27644.137 ms
