Hash Join  (cost=103324.96..163130.51 rows=1188302 width=0) (actual time=2213.994..3997.928 rows=1218079 loops=1)
  Hash Cond: (mi_idx.movie_id = t.id)
  ->  Seq Scan on movie_info_idx mi_idx  (cost=0.00..21735.35 rows=1380035 width=4) (actual time=0.020..471.491 rows=1380035 loops=1)
  ->  Hash  (cost=67604.59..67604.59 rows=2177230 width=4) (actual time=2212.857..2212.857 rows=2171163 loops=1)
        Buckets: 131072  Batches: 32  Memory Usage: 3412kB
        ->  Seq Scan on title t  (cost=0.00..67604.59 rows=2177230 width=4) (actual time=0.024..1520.306 rows=2171163 loops=1)
              Filter: (production_year > 1963)
              Rows Removed by Filter: 357149
Planning time: 0.754 ms
Execution time: 4128.975 ms
