Hash Join  (cost=79863.89..145151.80 rows=65498 width=0) (actual time=1826.777..2957.362 rows=246929 loops=1)
  Hash Cond: (mc.movie_id = t.id)
  ->  Seq Scan on movie_companies mc  (cost=0.00..57926.93 rows=457597 width=4) (actual time=422.116..1031.076 rows=782571 loops=1)
        Filter: ((company_id > 21043) AND (company_type_id > 1))
        Rows Removed by Filter: 1826558
  ->  Hash  (cost=73925.90..73925.90 rows=361919 width=4) (actual time=1403.420..1403.420 rows=470371 loops=1)
        Buckets: 131072  Batches: 8  Memory Usage: 3103kB
        ->  Seq Scan on title t  (cost=0.00..73925.90 rows=361919 width=4) (actual time=0.050..1254.730 rows=470371 loops=1)
              Filter: ((kind_id < 7) AND (production_year < 1998))
              Rows Removed by Filter: 2057941
Planning time: 0.744 ms
Execution time: 2987.751 ms
