Hash Join  (cost=120461.17..504458.65 rows=230809 width=169) (actual time=7309.326..10418.965 rows=157480 loops=1)
  Hash Cond: (mi.movie_id = t.id)
  ->  Seq Scan on movie_info mi  (cost=0.00..346232.03 rows=340474 width=75) (actual time=4348.836..6359.588 rows=328857 loops=1)
        Filter: (info_type_id = 98)
        Rows Removed by Filter: 14506863
  ->  Hash  (cost=73925.90..73925.90 rows=1714101 width=94) (actual time=2959.804..2959.804 rows=1799876 loops=1)
        Buckets: 32768  Batches: 64  Memory Usage: 3486kB
        ->  Seq Scan on title t  (cost=0.00..73925.90 rows=1714101 width=94) (actual time=0.026..1997.888 rows=1799876 loops=1)
              Filter: ((kind_id > 1) AND (production_year > 1936))
              Rows Removed by Filter: 728436
Planning time: 0.942 ms
Execution time: 10427.867 ms
