Hash Join  (cost=213247.91..768666.74 rows=7086390 width=0) (actual time=4638.299..25879.339 rows=26496647 loops=1)
  Hash Cond: (mi.movie_id = t.id)
  ->  Seq Scan on movie_info mi  (cost=0.00..309384.22 rows=14739122 width=4) (actual time=0.014..6297.959 rows=14835720 loops=1)
  ->  Hash  (cost=193302.85..193302.85 rows=1215685 width=8) (actual time=4637.443..4637.443 rows=1228608 loops=1)
        Buckets: 131072  Batches: 16  Memory Usage: 4059kB
        ->  Hash Join  (cost=102767.86..193302.85 rows=1215685 width=8) (actual time=1811.188..4260.931 rows=1228608 loops=1)
              Hash Cond: (mc.movie_id = t.id)
              ->  Seq Scan on movie_companies mc  (cost=0.00..51404.11 rows=1215685 width=4) (actual time=0.024..1006.103 rows=1228608 loops=1)
                    Filter: (company_id > 11935)
                    Rows Removed by Filter: 1380521
              ->  Hash  (cost=61283.27..61283.27 rows=2528527 width=4) (actual time=1810.048..1810.048 rows=2528312 loops=1)
                    Buckets: 131072  Batches: 64  Memory Usage: 2415kB
                    ->  Seq Scan on title t  (cost=0.00..61283.27 rows=2528527 width=4) (actual time=0.009..996.177 rows=2528312 loops=1)
Planning time: 1.127 ms
Execution time: 28956.866 ms
