Seq Scan on cast_info ci  (cost=0.00..796071.18 rows=4277432 width=0) (actual time=1316.972..11469.271 rows=9534053 loops=1)
  Filter: ((person_id > 2752494) AND (role_id > 2))
  Rows Removed by Filter: 26710291
Planning time: 0.373 ms
Execution time: 12564.645 ms
