Hash Join  (cost=132135.98..628855.49 rows=1585057 width=0) (actual time=3137.663..18387.609 rows=10238462 loops=1)
  Hash Cond: (mi.movie_id = t.id)
  ->  Seq Scan on movie_info mi  (cost=0.00..309384.22 rows=14739122 width=4) (actual time=0.020..6395.328 rows=14835720 loops=1)
  ->  Hash  (cost=127673.98..127673.98 rows=271920 width=8) (actual time=3136.279..3136.279 rows=558724 loops=1)
        Buckets: 131072 (originally 131072)  Batches: 8 (originally 4)  Memory Usage: 3778kB
        ->  Hash Join  (cost=86252.72..127673.98 rows=271920 width=8) (actual time=1603.251..2947.105 rows=558724 loops=1)
              Hash Cond: (mi_idx.movie_id = t.id)
              ->  Seq Scan on movie_info_idx mi_idx  (cost=0.00..25185.44 rows=915101 width=4) (actual time=0.028..561.559 rows=919850 loops=1)
                    Filter: (info_type_id < 101)
                    Rows Removed by Filter: 460185
              ->  Hash  (cost=73925.90..73925.90 rows=751345 width=4) (actual time=1602.253..1602.253 rows=793943 loops=1)
                    Buckets: 131072  Batches: 16  Memory Usage: 2771kB
                    ->  Seq Scan on title t  (cost=0.00..73925.90 rows=751345 width=4) (actual time=0.018..1337.149 rows=793943 loops=1)
                          Filter: ((kind_id < 7) AND (production_year < 2010))
                          Rows Removed by Filter: 1734369
Planning time: 1.170 ms
Execution time: 19435.567 ms
