Nested Loop  (cost=0.43..709673.15 rows=195 width=0) (actual time=9201.779..10920.478 rows=8 loops=1)
  ->  Seq Scan on cast_info ci  (cost=0.00..705507.15 rows=500 width=4) (actual time=9201.687..10910.676 rows=216 loops=1)
        Filter: (person_id = 2626644)
        Rows Removed by Filter: 36244128
  ->  Index Scan using title_pkey on title t  (cost=0.43..8.32 rows=1 width=4) (actual time=0.045..0.045 rows=0 loops=216)
        Index Cond: (id = ci.movie_id)
        Filter: (kind_id < 7)
        Rows Removed by Filter: 1
Planning time: 0.780 ms
Execution time: 10920.603 ms
