Hash Join  (cost=178509.48..219547.89 rows=194993 width=0) (actual time=3555.682..5333.002 rows=504873 loops=1)
  Hash Cond: (mi_idx.movie_id = t.id)
  ->  Seq Scan on movie_info_idx mi_idx  (cost=0.00..21735.35 rows=1380035 width=4) (actual time=0.015..1016.285 rows=1380035 loops=1)
  ->  Hash  (cost=172647.61..172647.61 rows=357270 width=8) (actual time=3554.899..3554.899 rows=351495 loops=1)
        Buckets: 131072  Batches: 8  Memory Usage: 2747kB
        ->  Hash Join  (cost=102767.86..172647.61 rows=357270 width=8) (actual time=1898.848..3450.980 rows=351495 loops=1)
              Hash Cond: (mc.movie_id = t.id)
              ->  Seq Scan on movie_companies mc  (cost=0.00..51404.11 rows=357270 width=4) (actual time=0.007..825.957 rows=351495 loops=1)
                    Filter: (company_id < 169)
                    Rows Removed by Filter: 2257634
              ->  Hash  (cost=61283.27..61283.27 rows=2528527 width=4) (actual time=1896.366..1896.366 rows=2528312 loops=1)
                    Buckets: 131072  Batches: 64  Memory Usage: 2415kB
                    ->  Seq Scan on title t  (cost=0.00..61283.27 rows=2528527 width=4) (actual time=0.011..1042.862 rows=2528312 loops=1)
Planning time: 0.771 ms
Execution time: 5392.847 ms
