Hash Join  (cost=83072.49..902601.67 rows=193 width=0) (actual time=2115.082..21486.676 rows=1826 loops=1)
  Hash Cond: (ci.movie_id = t.id)
  ->  Seq Scan on cast_info ci  (cost=0.00..705507.15 rows=30405364 width=4) (actual time=0.021..15203.624 rows=30511650 loops=1)
        Filter: (role_id < 9)
        Rows Removed by Filter: 5732694
  ->  Hash  (cost=83072.29..83072.29 rows=16 width=8) (actual time=2114.781..2114.781 rows=54 loops=1)
        Buckets: 1024  Batches: 1  Memory Usage: 11kB
        ->  Nested Loop  (cost=0.43..83072.29 rows=16 width=8) (actual time=54.786..2114.707 rows=54 loops=1)
              ->  Seq Scan on movie_keyword mk  (cost=0.00..81003.12 rows=246 width=4) (actual time=0.218..1156.984 rows=1705 loops=1)
                    Filter: (keyword_id = 4032)
                    Rows Removed by Filter: 4522225
              ->  Index Scan using title_pkey on title t  (cost=0.43..8.40 rows=1 width=4) (actual time=0.561..0.561 rows=0 loops=1705)
                    Index Cond: (id = mk.movie_id)
                    Filter: (production_year = 2012)
                    Rows Removed by Filter: 1
Planning time: 1.157 ms
Execution time: 21487.969 ms
