Hash Join  (cost=83073.49..431075.52 rows=18 width=0) (actual time=5493.862..6720.977 rows=4192 loops=1)
  Hash Cond: (mi.movie_id = t.id)
  ->  Seq Scan on movie_info mi  (cost=0.00..346232.03 rows=471955 width=4) (actual time=4179.914..5351.130 rows=543367 loops=1)
        Filter: (info_type_id > 98)
        Rows Removed by Filter: 14292353
  ->  Hash  (cost=83072.29..83072.29 rows=96 width=8) (actual time=1294.797..1294.797 rows=481 loops=1)
        Buckets: 1024  Batches: 1  Memory Usage: 27kB
        ->  Nested Loop  (cost=0.43..83072.29 rows=96 width=8) (actual time=4.631..1294.326 rows=481 loops=1)
              ->  Seq Scan on movie_keyword mk  (cost=0.00..81003.12 rows=246 width=4) (actual time=4.539..1252.641 rows=541 loops=1)
                    Filter: (keyword_id = 5661)
                    Rows Removed by Filter: 4523389
              ->  Index Scan using title_pkey on title t  (cost=0.43..8.40 rows=1 width=4) (actual time=0.075..0.075 rows=1 loops=541)
                    Index Cond: (id = mk.movie_id)
                    Filter: (kind_id < 7)
                    Rows Removed by Filter: 0
Planning time: 1.215 ms
Execution time: 6721.635 ms
