Nested Loop  (cost=0.43..447847.04 rows=12739 width=0) (actual time=3545.947..4824.341 rows=6593 loops=1)
  ->  Seq Scan on movie_info mi  (cost=0.00..346232.03 rows=17937 width=4) (actual time=3545.888..4666.872 rows=6594 loops=1)
        Filter: (info_type_id = 51)
        Rows Removed by Filter: 14829126
  ->  Index Scan using title_pkey on title t  (cost=0.43..5.66 rows=1 width=4) (actual time=0.023..0.023 rows=1 loops=6594)
        Index Cond: (id = mi.movie_id)
        Filter: (production_year < 2009)
        Rows Removed by Filter: 0
Planning time: 0.772 ms
Execution time: 4825.822 ms
