Nested Loop  (cost=0.43..52284.21 rows=1 width=0) (actual time=3.554..894.013 rows=39 loops=1)
  ->  Seq Scan on movie_companies mc  (cost=0.00..51404.11 rows=104 width=4) (actual time=0.718..849.762 rows=1348 loops=1)
        Filter: (company_id = 530)
        Rows Removed by Filter: 2607781
  ->  Index Scan using title_pkey on title t  (cost=0.43..8.45 rows=1 width=4) (actual time=0.032..0.032 rows=0 loops=1348)
        Index Cond: (id = mc.movie_id)
        Filter: ((kind_id = 1) AND (production_year = 2006))
        Rows Removed by Filter: 1
Planning time: 0.812 ms
Execution time: 894.131 ms
