Seq Scan on cast_info ci  (cost=0.00..796071.18 rows=8416490 width=0) (actual time=0.017..12178.295 rows=13107282 loops=1)
  Filter: ((person_id > 2365706) AND (role_id > 1))
  Rows Removed by Filter: 23137062
Planning time: 0.648 ms
Execution time: 13702.057 ms
