Seq Scan on movie_keyword mk  (cost=0.00..81003.12 rows=2191868 width=0) (actual time=0.024..1639.846 rows=2192726 loops=1)
  Filter: (keyword_id > 5141)
  Rows Removed by Filter: 2331204
Planning time: 0.343 ms
Execution time: 1919.821 ms
