Nested Loop  (cost=0.43..52283.69 rows=104 width=0) (actual time=240.204..790.046 rows=847 loops=1)
  ->  Seq Scan on movie_companies mc  (cost=0.00..51404.11 rows=104 width=4) (actual time=240.115..775.214 rows=847 loops=1)
        Filter: (company_id = 71525)
        Rows Removed by Filter: 2608282
  ->  Index Only Scan using title_pkey on title t  (cost=0.43..8.45 rows=1 width=4) (actual time=0.017..0.017 rows=1 loops=847)
        Index Cond: (id = mc.movie_id)
        Heap Fetches: 847
Planning time: 0.758 ms
Execution time: 790.288 ms
