Seq Scan on movie_keyword mk  (cost=0.00..81003.12 rows=1628710 width=0) (actual time=0.021..1355.434 rows=1640083 loops=1)
  Filter: (keyword_id > 9023)
  Rows Removed by Filter: 2883847
Planning time: 0.331 ms
Execution time: 1552.089 ms
