Hash Join  (cost=102767.86..200084.20 rows=1497491 width=0) (actual time=1870.526..4598.195 rows=1501045 loops=1)
  Hash Cond: (mc.movie_id = t.id)
  ->  Seq Scan on movie_companies mc  (cost=0.00..51404.11 rows=1497491 width=4) (actual time=0.024..1023.880 rows=1501045 loops=1)
        Filter: (company_id > 7692)
        Rows Removed by Filter: 1108084
  ->  Hash  (cost=61283.27..61283.27 rows=2528527 width=4) (actual time=1864.745..1864.745 rows=2528312 loops=1)
        Buckets: 131072  Batches: 64  Memory Usage: 2415kB
        ->  Seq Scan on title t  (cost=0.00..61283.27 rows=2528527 width=4) (actual time=0.014..998.154 rows=2528312 loops=1)
Planning time: 0.810 ms
Execution time: 4787.619 ms
