Hash Join  (cost=102767.86..192365.20 rows=1176691 width=0) (actual time=1926.748..4213.816 rows=1185458 loops=1)
  Hash Cond: (mc.movie_id = t.id)
  ->  Seq Scan on movie_companies mc  (cost=0.00..51404.11 rows=1176691 width=4) (actual time=0.025..942.049 rows=1185458 loops=1)
        Filter: (company_id > 12540)
        Rows Removed by Filter: 1423671
  ->  Hash  (cost=61283.27..61283.27 rows=2528527 width=4) (actual time=1925.253..1925.253 rows=2528312 loops=1)
        Buckets: 131072  Batches: 64  Memory Usage: 2415kB
        ->  Seq Scan on title t  (cost=0.00..61283.27 rows=2528527 width=4) (actual time=0.020..1108.595 rows=2528312 loops=1)
Planning time: 0.695 ms
Execution time: 4351.566 ms
