Seq Scan on cast_info ci  (cost=0.00..796071.18 rows=176 width=0) (actual time=7630.893..9212.141 rows=5 loops=1)
  Filter: ((person_id = 1415139) AND (role_id = 1))
  Rows Removed by Filter: 36244339
Planning time: 0.395 ms
Execution time: 9212.278 ms
