Hash Join  (cost=106685.10..168408.47 rows=1300085 width=0) (actual time=2147.277..4356.370 rows=1364894 loops=1)
  Hash Cond: (mi_idx.movie_id = t.id)
  ->  Seq Scan on movie_info_idx mi_idx  (cost=0.00..21735.35 rows=1380035 width=4) (actual time=0.025..467.225 rows=1380035 loops=1)
  ->  Hash  (cost=67604.59..67604.59 rows=2382041 width=4) (actual time=2146.258..2146.258 rows=2378352 loops=1)
        Buckets: 131072  Batches: 32  Memory Usage: 3639kB
        ->  Seq Scan on title t  (cost=0.00..67604.59 rows=2382041 width=4) (actual time=0.021..1389.977 rows=2378352 loops=1)
              Filter: (production_year > 1917)
              Rows Removed by Filter: 149960
Planning time: 0.686 ms
Execution time: 4527.770 ms
