Seq Scan on movie_keyword mk  (cost=0.00..81003.12 rows=246 width=0) (actual time=13.994..1248.662 rows=23 loops=1)
  Filter: (keyword_id = 25658)
  Rows Removed by Filter: 4523907
Planning time: 0.353 ms
Execution time: 1248.755 ms
