Hash Join  (cost=161612.69..292536.53 rows=732280 width=0) (actual time=3677.336..8462.982 rows=6243806 loops=1)
  Hash Cond: (mk.movie_id = t.id)
  ->  Seq Scan on movie_keyword mk  (cost=0.00..69693.30 rows=4523930 width=4) (actual time=0.020..1543.631 rows=4523930 loops=1)
  ->  Hash  (cost=154897.59..154897.59 rows=409288 width=8) (actual time=3676.344..3676.344 rows=626675 loops=1)
        Buckets: 131072 (originally 131072)  Batches: 16 (originally 8)  Memory Usage: 3073kB
        ->  Hash Join  (cost=77934.62..154897.59 rows=409288 width=8) (actual time=1352.128..3488.988 rows=626675 loops=1)
              Hash Cond: (mc.movie_id = t.id)
              ->  Seq Scan on movie_companies mc  (cost=0.00..51404.11 rows=1643726 width=4) (actual time=0.017..1069.913 rows=1642525 loops=1)
                    Filter: (company_id > 4048)
                    Rows Removed by Filter: 966604
              ->  Hash  (cost=67604.59..67604.59 rows=629603 width=4) (actual time=1350.992..1350.992 rows=622851 loops=1)
                    Buckets: 131072  Batches: 16  Memory Usage: 2387kB
                    ->  Seq Scan on title t  (cost=0.00..67604.59 rows=629603 width=4) (actual time=0.013..1147.032 rows=622851 loops=1)
                          Filter: (production_year < 1987)
                          Rows Removed by Filter: 1905461
Planning time: 2.352 ms
Execution time: 9125.617 ms
