Seq Scan on cast_info ci  (cost=0.00..705507.15 rows=15879414 width=0) (actual time=0.037..11947.269 rows=15997831 loops=1)
  Filter: (person_id > 2034204)
  Rows Removed by Filter: 20246513
Planning time: 0.367 ms
Execution time: 13933.530 ms
