Seq Scan on cast_info ci  (cost=0.00..796071.18 rows=17067988 width=0) (actual time=0.020..15200.796 rows=13677678 loops=1)
  Filter: ((person_id < 2723230) AND (role_id > 1))
  Rows Removed by Filter: 22566666
Planning time: 0.321 ms
Execution time: 17005.682 ms
