Seq Scan on cast_info ci  (cost=0.00..705507.15 rows=500 width=0) (actual time=243.748..11371.876 rows=64 loops=1)
  Filter: (person_id = 1668299)
  Rows Removed by Filter: 36244280
Planning time: 0.368 ms
Execution time: 11371.956 ms
