Seq Scan on movie_companies mc  (cost=0.00..51404.11 rows=104 width=0) (actual time=255.360..745.972 rows=6 loops=1)
  Filter: (company_id = 26567)
  Rows Removed by Filter: 2609123
Planning time: 0.376 ms
Execution time: 746.046 ms
