Hash Join  (cost=83074.55..447741.02 rows=1055 width=0) (actual time=911.687..6644.258 rows=16136 loops=1)
  Hash Cond: (mi.movie_id = t.id)
  ->  Seq Scan on movie_info mi  (cost=0.00..309384.22 rows=14739122 width=4) (actual time=0.014..3211.550 rows=14835720 loops=1)
  ->  Hash  (cost=83072.29..83072.29 rows=181 width=8) (actual time=910.895..910.895 rows=1155 loops=1)
        Buckets: 2048 (originally 1024)  Batches: 1 (originally 1)  Memory Usage: 62kB
        ->  Nested Loop  (cost=0.43..83072.29 rows=181 width=8) (actual time=0.232..910.227 rows=1155 loops=1)
              ->  Seq Scan on movie_keyword mk  (cost=0.00..81003.12 rows=246 width=4) (actual time=0.119..800.432 rows=5916 loops=1)
                    Filter: (keyword_id = 807)
                    Rows Removed by Filter: 4518014
              ->  Index Scan using title_pkey on title t  (cost=0.43..8.40 rows=1 width=4) (actual time=0.018..0.018 rows=0 loops=5916)
                    Index Cond: (id = mk.movie_id)
                    Filter: (kind_id > 1)
                    Rows Removed by Filter: 1
Planning time: 1.200 ms
Execution time: 6647.541 ms
