Hash Join  (cost=102781.47..1176472.68 rows=9526624 width=0) (actual time=2131.684..30061.572 rows=10252271 loops=1)
  Hash Cond: (ci.movie_id = t.id)
  ->  Seq Scan on cast_info ci  (cost=0.00..796071.18 rows=13696159 width=4) (actual time=0.021..16179.543 rows=14943810 loops=1)
        Filter: ((person_id < 1540997) AND (role_id < 10))
        Rows Removed by Filter: 21300534
  ->  Hash  (cost=73925.90..73925.90 rows=1758765 width=4) (actual time=2130.305..2130.305 rows=1799906 loops=1)
        Buckets: 131072  Batches: 32  Memory Usage: 3007kB
        ->  Seq Scan on title t  (cost=0.00..73925.90 rows=1758765 width=4) (actual time=0.013..1539.994 rows=1799906 loops=1)
              Filter: ((kind_id > 1) AND (production_year > 1916))
              Rows Removed by Filter: 728406
Planning time: 0.779 ms
Execution time: 31251.349 ms
