Hash Join  (cost=83074.74..109986.57 rows=134 width=0) (actual time=1212.926..1783.944 rows=1011 loops=1)
  Hash Cond: (mi_idx.movie_id = t.id)
  ->  Seq Scan on movie_info_idx mi_idx  (cost=0.00..21735.35 rows=1380035 width=4) (actual time=0.015..311.196 rows=1380035 loops=1)
  ->  Hash  (cost=83071.67..83071.67 rows=246 width=8) (actual time=1212.858..1212.858 rows=525 loops=1)
        Buckets: 1024  Batches: 1  Memory Usage: 29kB
        ->  Nested Loop  (cost=0.43..83071.67 rows=246 width=8) (actual time=0.965..1212.430 rows=525 loops=1)
              ->  Seq Scan on movie_keyword mk  (cost=0.00..81003.12 rows=246 width=4) (actual time=0.899..1185.074 rows=525 loops=1)
                    Filter: (keyword_id = 2922)
                    Rows Removed by Filter: 4523405
              ->  Index Only Scan using title_pkey on title t  (cost=0.43..8.40 rows=1 width=4) (actual time=0.050..0.050 rows=1 loops=525)
                    Index Cond: (id = mk.movie_id)
                    Heap Fetches: 525
Planning time: 1.063 ms
Execution time: 1784.224 ms
