Hash Join  (cost=146707.61..270626.79 rows=157315 width=0) (actual time=2962.514..6589.951 rows=1386694 loops=1)
  Hash Cond: (mk.movie_id = t.id)
  ->  Seq Scan on movie_keyword mk  (cost=0.00..69693.30 rows=4523930 width=4) (actual time=0.013..1315.504 rows=4523930 loops=1)
  ->  Hash  (cost=145264.52..145264.52 rows=87927 width=8) (actual time=2961.193..2961.193 rows=75723 loops=1)
        Buckets: 131072  Batches: 2  Memory Usage: 2504kB
        ->  Hash Join  (cost=69002.72..145264.52 rows=87927 width=8) (actual time=1109.462..2932.912 rows=75723 loops=1)
              Hash Cond: (mc.movie_id = t.id)
              ->  Seq Scan on movie_companies mc  (cost=0.00..44881.29 rows=2609129 width=4) (actual time=0.028..866.558 rows=2609129 loops=1)
              ->  Hash  (cost=67604.59..67604.59 rows=85211 width=4) (actual time=1108.701..1108.701 rows=84593 loops=1)
                    Buckets: 131072  Batches: 2  Memory Usage: 2518kB
                    ->  Seq Scan on title t  (cost=0.00..67604.59 rows=85211 width=4) (actual time=0.023..1076.269 rows=84593 loops=1)
                          Filter: (production_year = 2004)
                          Rows Removed by Filter: 2443719
Planning time: 1.331 ms
Execution time: 6751.307 ms
