Hash Join  (cost=74469.67..101477.15 rows=7992 width=0) (actual time=1204.516..1796.781 rows=7463 loops=1)
  Hash Cond: (mi_idx.movie_id = t.id)
  ->  Seq Scan on movie_info_idx mi_idx  (cost=0.00..25185.44 rows=464566 width=4) (actual time=0.020..466.175 rows=459925 loops=1)
        Filter: (info_type_id = 101)
        Rows Removed by Filter: 920110
  ->  Hash  (cost=73925.90..73925.90 rows=43501 width=4) (actual time=1204.102..1204.102 rows=39560 loops=1)
        Buckets: 65536  Batches: 1  Memory Usage: 1903kB
        ->  Seq Scan on title t  (cost=0.00..73925.90 rows=43501 width=4) (actual time=0.024..1188.244 rows=39560 loops=1)
              Filter: ((kind_id < 2) AND (production_year = 2012))
              Rows Removed by Filter: 2488752
Planning time: 0.673 ms
Execution time: 1798.142 ms
