Hash Join  (cost=77354.40..117004.15 rows=114026 width=0) (actual time=1244.821..2280.957 rows=115961 loops=1)
  Hash Cond: (mi_idx.movie_id = t.id)
  ->  Seq Scan on movie_info_idx mi_idx  (cost=0.00..21735.35 rows=1380035 width=4) (actual time=0.021..462.252 rows=1380035 loops=1)
  ->  Hash  (cost=73925.90..73925.90 rows=208920 width=4) (actual time=1243.631..1243.631 rows=183835 loops=1)
        Buckets: 131072  Batches: 4  Memory Usage: 2649kB
        ->  Seq Scan on title t  (cost=0.00..73925.90 rows=208920 width=4) (actual time=0.017..1171.703 rows=183835 loops=1)
              Filter: ((kind_id < 7) AND (production_year > 2009))
              Rows Removed by Filter: 2344477
Planning time: 0.767 ms
Execution time: 2295.205 ms
