Hash Join  (cost=99467.55..480915.86 rows=1035460 width=0) (actual time=5235.980..8786.195 rows=936495 loops=1)
  Hash Cond: (mi.movie_id = t.id)
  ->  Seq Scan on movie_info mi  (cost=0.00..346232.03 rows=1348138 width=4) (actual time=3281.113..5470.512 rows=1298989 loops=1)
        Filter: (info_type_id = 4)
        Rows Removed by Filter: 13536731
  ->  Hash  (cost=67604.59..67604.59 rows=1942077 width=4) (actual time=1953.687..1953.687 rows=1932484 loops=1)
        Buckets: 131072  Batches: 32  Memory Usage: 3163kB
        ->  Seq Scan on title t  (cost=0.00..67604.59 rows=1942077 width=4) (actual time=0.041..1307.988 rows=1932484 loops=1)
              Filter: (production_year > 1980)
              Rows Removed by Filter: 595828
Planning time: 0.875 ms
Execution time: 8903.849 ms
