Hash Join  (cost=182803.56..561903.13 rows=601944 width=0) (actual time=4732.014..11717.627 rows=2158594 loops=1)
  Hash Cond: (mi.movie_id = t.id)
  ->  Seq Scan on movie_info mi  (cost=0.00..346232.03 rows=2073893 width=4) (actual time=572.381..5567.602 rows=2091068 loops=1)
        Filter: (info_type_id < 3)
        Rows Removed by Filter: 12744652
  ->  Hash  (cost=170762.80..170762.80 rows=733901 width=8) (actual time=4158.812..4158.812 rows=1133324 loops=1)
        Buckets: 131072  Batches: 16  Memory Usage: 3839kB
        ->  Hash Join  (cost=85595.27..170762.80 rows=733901 width=8) (actual time=1249.560..3830.901 rows=1133324 loops=1)
              Hash Cond: (mc.movie_id = t.id)
              ->  Seq Scan on movie_companies mc  (cost=0.00..44881.29 rows=2609129 width=4) (actual time=0.021..960.971 rows=2609129 loops=1)
              ->  Hash  (cost=73925.90..73925.90 rows=711229 width=4) (actual time=1249.003..1249.003 rows=612155 loops=1)
                    Buckets: 131072  Batches: 16  Memory Usage: 2368kB
                    ->  Seq Scan on title t  (cost=0.00..73925.90 rows=711229 width=4) (actual time=0.014..1059.642 rows=612155 loops=1)
                          Filter: ((kind_id < 7) AND (production_year > 1987))
                          Rows Removed by Filter: 1916157
Planning time: 1.219 ms
Execution time: 11948.702 ms
