Hash Join  (cost=118016.86..577980.61 rows=376856 width=0) (actual time=2138.058..11475.693 rows=155121 loops=1)
  Hash Cond: (mi.movie_id = t.id)
  ->  Seq Scan on movie_info mi  (cost=0.00..346232.03 rows=9476311 width=4) (actual time=0.008..6270.152 rows=9565151 loops=1)
        Filter: (info_type_id < 16)
        Rows Removed by Filter: 5270569
  ->  Hash  (cost=116366.92..116366.92 rows=100555 width=8) (actual time=2137.116..2137.116 rows=19239 loops=1)
        Buckets: 131072  Batches: 2  Memory Usage: 1415kB
        ->  Hash Join  (cost=76948.89..116366.92 rows=100555 width=8) (actual time=1143.523..2128.668 rows=19239 loops=1)
              Hash Cond: (mi_idx.movie_id = t.id)
              ->  Seq Scan on movie_info_idx mi_idx  (cost=0.00..21735.35 rows=1380035 width=4) (actual time=0.009..451.571 rows=1380035 loops=1)
              ->  Hash  (cost=73925.90..73925.90 rows=184239 width=4) (actual time=1142.262..1142.262 rows=60242 loops=1)
                    Buckets: 131072  Batches: 4  Memory Usage: 1555kB
                    ->  Seq Scan on title t  (cost=0.00..73925.90 rows=184239 width=4) (actual time=0.030..1120.069 rows=60242 loops=1)
                          Filter: ((kind_id > 1) AND (production_year < 1961))
                          Rows Removed by Filter: 2468070
Planning time: 1.216 ms
Execution time: 11494.977 ms
