Hash Join  (cost=74747.02..165557.07 rows=63538 width=0) (actual time=2300.798..2631.588 rows=18200 loops=1)
  Hash Cond: (mk.movie_id = t.id)
  ->  Seq Scan on movie_keyword mk  (cost=0.00..81003.12 rows=2445747 width=4) (actual time=0.024..1185.200 rows=2446778 loops=1)
        Filter: (keyword_id < 5831)
        Rows Removed by Filter: 2077152
  ->  Hash  (cost=73925.90..73925.90 rows=65689 width=4) (actual time=1049.197..1049.197 rows=74524 loops=1)
        Buckets: 131072  Batches: 1  Memory Usage: 3644kB
        ->  Seq Scan on title t  (cost=0.00..73925.90 rows=65689 width=4) (actual time=0.022..1018.191 rows=74524 loops=1)
              Filter: ((kind_id = 7) AND (production_year = 2006))
              Rows Removed by Filter: 2453788
Planning time: 0.807 ms
Execution time: 2633.458 ms
