Hash Join  (cost=124528.01..1202811.53 rows=4329941 width=0) (actual time=2636.024..33023.888 rows=8642398 loops=1)
  Hash Cond: (ci.movie_id = t.id)
  ->  Seq Scan on cast_info ci  (cost=0.00..614943.12 rows=36225612 width=4) (actual time=0.021..13067.797 rows=36244344 loops=1)
  ->  Hash  (cost=119569.18..119569.18 rows=302227 width=8) (actual time=2635.082..2635.082 rows=351163 loops=1)
        Buckets: 131072 (originally 131072)  Batches: 8 (originally 4)  Memory Usage: 3073kB
        ->  Hash Join  (cost=76690.42..119569.18 rows=302227 width=8) (actual time=1269.087..2519.317 rows=351163 loops=1)
              Hash Cond: (mi_idx.movie_id = t.id)
              ->  Seq Scan on movie_info_idx mi_idx  (cost=0.00..21735.35 rows=1380035 width=4) (actual time=0.014..463.906 rows=1380035 loops=1)
              ->  Hash  (cost=67604.59..67604.59 rows=553747 width=4) (actual time=1268.210..1268.210 rows=552960 loops=1)
                    Buckets: 131072  Batches: 8  Memory Usage: 3445kB
                    ->  Seq Scan on title t  (cost=0.00..67604.59 rows=553747 width=4) (actual time=0.024..1097.150 rows=552960 loops=1)
                          Filter: (production_year < 1983)
                          Rows Removed by Filter: 1975352
Planning time: 1.159 ms
Execution time: 33964.423 ms
