Hash Join  (cost=263115.61..1347477.94 rows=11769824 width=0) (actual time=5996.438..41866.873 rows=39270014 loops=1)
  Hash Cond: (ci.movie_id = t.id)
  ->  Seq Scan on cast_info ci  (cost=0.00..796071.18 rows=11406227 width=4) (actual time=0.027..15979.300 rows=17705956 loops=1)
        Filter: ((person_id > 1844647) AND (role_id > 1))
        Rows Removed by Filter: 18538388
  ->  Hash  (cost=220309.49..220309.49 rows=2609129 width=8) (actual time=5995.182..5995.182 rows=2609129 loops=1)
        Buckets: 131072  Batches: 64  Memory Usage: 2610kB
        ->  Hash Join  (cost=102767.86..220309.49 rows=2609129 width=8) (actual time=1808.086..5283.443 rows=2609129 loops=1)
              Hash Cond: (mc.movie_id = t.id)
              ->  Seq Scan on movie_companies mc  (cost=0.00..44881.29 rows=2609129 width=4) (actual time=0.026..936.828 rows=2609129 loops=1)
              ->  Hash  (cost=61283.27..61283.27 rows=2528527 width=4) (actual time=1806.898..1806.898 rows=2528312 loops=1)
                    Buckets: 131072  Batches: 64  Memory Usage: 2415kB
                    ->  Seq Scan on title t  (cost=0.00..61283.27 rows=2528527 width=4) (actual time=0.013..978.651 rows=2528312 loops=1)
Planning time: 1.168 ms
Execution time: 46214.175 ms
