Seq Scan on movie_keyword mk  (cost=0.00..81003.12 rows=246 width=0) (actual time=0.194..1243.591 rows=528 loops=1)
  Filter: (keyword_id = 7692)
  Rows Removed by Filter: 4523402
Planning time: 0.237 ms
Execution time: 1243.855 ms
