Hash Join  (cost=291857.18..941023.76 rows=14145675 width=0) (actual time=6485.734..46094.021 rows=120652744 loops=1)
  Hash Cond: (mi.movie_id = t.id)
  ->  Seq Scan on movie_info mi  (cost=0.00..309384.22 rows=14739122 width=4) (actual time=0.022..6097.327 rows=14835720 loops=1)
  ->  Hash  (cost=252043.18..252043.18 rows=2426720 width=8) (actual time=6484.620..6484.620 rows=2426918 loops=1)
        Buckets: 131072  Batches: 32  Memory Usage: 4048kB
        ->  Hash Join  (cost=102767.86..252043.18 rows=2426720 width=8) (actual time=1836.997..5756.873 rows=2426918 loops=1)
              Hash Cond: (mk.movie_id = t.id)
              ->  Seq Scan on movie_keyword mk  (cost=0.00..81003.12 rows=2426720 width=4) (actual time=0.014..1620.784 rows=2426918 loops=1)
                    Filter: (keyword_id < 5752)
                    Rows Removed by Filter: 2097012
              ->  Hash  (cost=61283.27..61283.27 rows=2528527 width=4) (actual time=1834.996..1834.996 rows=2528312 loops=1)
                    Buckets: 131072  Batches: 64  Memory Usage: 2425kB
                    ->  Seq Scan on title t  (cost=0.00..61283.27 rows=2528527 width=4) (actual time=0.015..958.828 rows=2528312 loops=1)
Planning time: 1.157 ms
Execution time: 58847.795 ms
