Seq Scan on movie_companies mc  (cost=0.00..57926.93 rows=863223 width=0) (actual time=0.033..1024.101 rows=1067543 loops=1)
  Filter: ((company_id > 3111) AND (company_type_id = 2))
  Rows Removed by Filter: 1541586
Planning time: 0.397 ms
Execution time: 1156.083 ms
