Hash Join  (cost=182867.84..223405.38 rows=165806 width=0) (actual time=3313.219..4369.564 rows=209604 loops=1)
  Hash Cond: (mi_idx.movie_id = t.id)
  ->  Seq Scan on movie_info_idx mi_idx  (cost=0.00..21735.35 rows=1380035 width=4) (actual time=0.023..474.084 rows=1380035 loops=1)
  ->  Hash  (cost=177883.43..177883.43 rows=303793 width=8) (actual time=3312.522..3312.522 rows=165296 loops=1)
        Buckets: 131072  Batches: 4  Memory Usage: 2643kB
        ->  Hash Join  (cost=102767.86..177883.43 rows=303793 width=8) (actual time=1870.505..3263.122 rows=165296 loops=1)
              Hash Cond: (mc.movie_id = t.id)
              ->  Seq Scan on movie_companies mc  (cost=0.00..57926.93 rows=303793 width=4) (actual time=0.029..849.386 rows=165296 loops=1)
                    Filter: ((company_id < 686) AND (company_type_id = 2))
                    Rows Removed by Filter: 2443833
              ->  Hash  (cost=61283.27..61283.27 rows=2528527 width=4) (actual time=1868.757..1868.757 rows=2528312 loops=1)
                    Buckets: 131072  Batches: 64  Memory Usage: 2415kB
                    ->  Seq Scan on title t  (cost=0.00..61283.27 rows=2528527 width=4) (actual time=0.012..1014.715 rows=2528312 loops=1)
Planning time: 1.161 ms
Execution time: 4394.638 ms
