Hash Join  (cost=100901.79..187569.38 rows=955 width=0) (actual time=1589.580..2962.389 rows=1029 loops=1)
  Hash Cond: (mk.movie_id = t.id)
  ->  Seq Scan on movie_keyword mk  (cost=0.00..69693.30 rows=4523930 width=4) (actual time=0.022..749.931 rows=4523930 loops=1)
  ->  Hash  (cost=100895.12..100895.12 rows=534 width=8) (actual time=1580.004..1580.004 rows=196 loops=1)
        Buckets: 1024  Batches: 1  Memory Usage: 16kB
        ->  Hash Join  (cost=73962.22..100895.12 rows=534 width=8) (actual time=1088.909..1579.848 rows=196 loops=1)
              Hash Cond: (mi_idx.movie_id = t.id)
              ->  Seq Scan on movie_info_idx mi_idx  (cost=0.00..25185.44 rows=464566 width=4) (actual time=0.023..411.438 rows=459925 loops=1)
                    Filter: (info_type_id = 101)
                    Rows Removed by Filter: 920110
              ->  Hash  (cost=73925.90..73925.90 rows=2905 width=4) (actual time=1085.671..1085.671 rows=4513 loops=1)
                    Buckets: 8192 (originally 4096)  Batches: 1 (originally 1)  Memory Usage: 223kB
                    ->  Seq Scan on title t  (cost=0.00..73925.90 rows=2905 width=4) (actual time=574.301..1083.382 rows=4513 loops=1)
                          Filter: ((kind_id < 7) AND (production_year = 1917))
                          Rows Removed by Filter: 2523799
Planning time: 1.155 ms
Execution time: 2962.703 ms
