Seq Scan on movie_info mi  (cost=0.00..346232.03 rows=13695283 width=0) (actual time=0.011..5371.176 rows=13733400 loops=1)
  Filter: (info_type_id < 66)
  Rows Removed by Filter: 1102320
Planning time: 0.259 ms
Execution time: 6971.717 ms
