Hash Join  (cost=93580.13..142490.79 rows=653818 width=0) (actual time=1672.602..2991.717 rows=369651 loops=1)
  Hash Cond: (mi_idx.movie_id = t.id)
  ->  Seq Scan on movie_info_idx mi_idx  (cost=0.00..21735.35 rows=1380035 width=4) (actual time=0.021..457.154 rows=1380035 loops=1)
  ->  Hash  (cost=73925.90..73925.90 rows=1197938 width=4) (actual time=1668.908..1668.908 rows=1288226 loops=1)
        Buckets: 131072  Batches: 16  Memory Usage: 3866kB
        ->  Seq Scan on title t  (cost=0.00..73925.90 rows=1197938 width=4) (actual time=0.018..1273.016 rows=1288226 loops=1)
              Filter: ((kind_id > 4) AND (production_year > 1979))
              Rows Removed by Filter: 1240086
Planning time: 0.740 ms
Execution time: 3030.833 ms
