Seq Scan on title t  (cost=0.00..73925.90 rows=2905 width=0) (actual time=4.302..1137.512 rows=6735 loops=1)
  Filter: ((kind_id < 7) AND (production_year = 1980))
  Rows Removed by Filter: 2521577
Planning time: 0.359 ms
Execution time: 1139.154 ms
