Seq Scan on movie_companies mc  (cost=0.00..57926.93 rows=356127 width=0) (actual time=296.131..968.142 rows=508458 loops=1)
  Filter: ((company_id < 1391) AND (company_type_id = 1))
  Rows Removed by Filter: 2100671
Planning time: 0.381 ms
Execution time: 1030.472 ms
