Nested Loop  (cost=0.43..69066.41 rows=64 width=0) (actual time=601.248..836.982 rows=13 loops=1)
  ->  Seq Scan on movie_companies mc  (cost=0.00..57926.93 rows=1374 width=4) (actual time=44.130..834.641 rows=33 loops=1)
        Filter: ((company_id = 31) AND (company_type_id = 2))
        Rows Removed by Filter: 2609096
  ->  Index Scan using title_pkey on title t  (cost=0.43..8.10 rows=1 width=4) (actual time=0.068..0.068 rows=0 loops=33)
        Index Cond: (id = mc.movie_id)
        Filter: ((kind_id > 1) AND (production_year = 2011))
        Rows Removed by Filter: 1
Planning time: 0.789 ms
Execution time: 837.082 ms
