Seq Scan on movie_companies mc  (cost=0.00..57926.93 rows=956179 width=0) (actual time=397.347..1060.834 rows=805099 loops=1)
  Filter: ((company_id > 897) AND (company_type_id = 1))
  Rows Removed by Filter: 1804030
Planning time: 0.298 ms
Execution time: 1163.741 ms
