Hash Join  (cost=122535.74..205251.39 rows=1375 width=0) (actual time=2232.115..3624.398 rows=2173 loops=1)
  Hash Cond: (mk.movie_id = t.id)
  ->  Seq Scan on movie_keyword mk  (cost=0.00..81003.12 rows=453008 width=4) (actual time=0.024..1290.415 rows=465401 loops=1)
        Filter: (keyword_id < 355)
        Rows Removed by Filter: 4058529
  ->  Hash  (cost=122439.81..122439.81 rows=7674 width=8) (actual time=2232.016..2232.016 rows=6927 loops=1)
        Buckets: 8192  Batches: 1  Memory Usage: 335kB
        ->  Hash Join  (cost=67697.55..122439.81 rows=7674 width=8) (actual time=1089.638..2228.843 rows=6927 loops=1)
              Hash Cond: (mc.movie_id = t.id)
              ->  Seq Scan on movie_companies mc  (cost=0.00..44881.29 rows=2609129 width=4) (actual time=0.016..631.507 rows=2609129 loops=1)
              ->  Hash  (cost=67604.59..67604.59 rows=7437 width=4) (actual time=1088.648..1088.648 rows=4012 loops=1)
                    Buckets: 8192  Batches: 1  Memory Usage: 206kB
                    ->  Seq Scan on title t  (cost=0.00..67604.59 rows=7437 width=4) (actual time=0.061..1086.683 rows=4012 loops=1)
                          Filter: (production_year = 1920)
                          Rows Removed by Filter: 2524300
Planning time: 1.115 ms
Execution time: 3624.949 ms
