Hash Join  (cost=102767.86..168357.86 rows=178947 width=0) (actual time=1997.132..3379.645 rows=181123 loops=1)
  Hash Cond: (mc.movie_id = t.id)
  ->  Seq Scan on movie_companies mc  (cost=0.00..51404.11 rows=178947 width=4) (actual time=0.021..870.470 rows=181123 loops=1)
        Filter: (company_id < 37)
        Rows Removed by Filter: 2428006
  ->  Hash  (cost=61283.27..61283.27 rows=2528527 width=4) (actual time=1995.885..1995.885 rows=2528312 loops=1)
        Buckets: 131072  Batches: 64  Memory Usage: 2415kB
        ->  Seq Scan on title t  (cost=0.00..61283.27 rows=2528527 width=4) (actual time=0.024..1166.501 rows=2528312 loops=1)
Planning time: 0.685 ms
Execution time: 3400.776 ms
