Nested Loop  (cost=0.43..58375.18 rows=53 width=0) (actual time=184.170..832.963 rows=50 loops=1)
  ->  Seq Scan on movie_companies mc  (cost=0.00..57926.93 rows=53 width=4) (actual time=184.072..831.390 rows=50 loops=1)
        Filter: ((company_id = 425) AND (company_type_id = 2))
        Rows Removed by Filter: 2609079
  ->  Index Only Scan using title_pkey on title t  (cost=0.43..8.45 rows=1 width=4) (actual time=0.028..0.029 rows=1 loops=50)
        Index Cond: (id = mc.movie_id)
        Heap Fetches: 50
Planning time: 0.797 ms
Execution time: 833.063 ms
