Hash Join  (cost=95609.14..1425909.31 rows=24454699 width=0) (actual time=1629.015..40850.077 rows=26026087 loops=1)
  Hash Cond: (ci.movie_id = t.id)
  ->  Seq Scan on cast_info ci  (cost=0.00..614943.12 rows=36225612 width=4) (actual time=0.023..12810.438 rows=36244344 loops=1)
  ->  Hash  (cost=67604.59..67604.59 rows=1706924 width=4) (actual time=1627.613..1627.613 rows=1700316 loops=1)
        Buckets: 131072  Batches: 32  Memory Usage: 2895kB
        ->  Seq Scan on title t  (cost=0.00..67604.59 rows=1706924 width=4) (actual time=0.019..1098.632 rows=1700316 loops=1)
              Filter: (production_year > 1992)
              Rows Removed by Filter: 827996
Planning time: 6.992 ms
Execution time: 43931.538 ms
