Nested Loop  (cost=0.43..52283.69 rows=104 width=0) (actual time=131.267..824.001 rows=29 loops=1)
  ->  Seq Scan on movie_companies mc  (cost=0.00..51404.11 rows=104 width=4) (actual time=131.166..823.085 rows=29 loops=1)
        Filter: (company_id = 5519)
        Rows Removed by Filter: 2609100
  ->  Index Only Scan using title_pkey on title t  (cost=0.43..8.45 rows=1 width=4) (actual time=0.028..0.028 rows=1 loops=29)
        Index Cond: (id = mc.movie_id)
        Heap Fetches: 29
Planning time: 1.532 ms
Execution time: 824.080 ms
