Hash Join  (cost=52284.99..80917.27 rows=38 width=0) (actual time=1045.821..1552.516 rows=432 loops=1)
  Hash Cond: (mi_idx.movie_id = t.id)
  ->  Seq Scan on movie_info_idx mi_idx  (cost=0.00..25185.44 rows=919057 width=4) (actual time=0.030..538.338 rows=920110 loops=1)
        Filter: (info_type_id > 99)
        Rows Removed by Filter: 459925
  ->  Hash  (cost=52283.69..52283.69 rows=104 width=8) (actual time=873.973..873.973 rows=362 loops=1)
        Buckets: 1024  Batches: 1  Memory Usage: 23kB
        ->  Nested Loop  (cost=0.43..52283.69 rows=104 width=8) (actual time=1.454..873.689 rows=362 loops=1)
              ->  Seq Scan on movie_companies mc  (cost=0.00..51404.11 rows=104 width=4) (actual time=1.383..852.344 rows=362 loops=1)
                    Filter: (company_id = 11538)
                    Rows Removed by Filter: 2608767
              ->  Index Only Scan using title_pkey on title t  (cost=0.43..8.45 rows=1 width=4) (actual time=0.057..0.057 rows=1 loops=362)
                    Index Cond: (id = mc.movie_id)
                    Heap Fetches: 362
Planning time: 1.276 ms
Execution time: 1552.747 ms
