Hash Join  (cost=102767.86..1359239.72 rows=22486690 width=0) (actual time=2017.474..37502.475 rows=22529500 loops=1)
  Hash Cond: (ci.movie_id = t.id)
  ->  Seq Scan on cast_info ci  (cost=0.00..705507.15 rows=22486690 width=4) (actual time=0.009..15408.269 rows=22529500 loops=1)
        Filter: (person_id > 1350388)
        Rows Removed by Filter: 13714844
  ->  Hash  (cost=61283.27..61283.27 rows=2528527 width=4) (actual time=2016.634..2016.634 rows=2528312 loops=1)
        Buckets: 131072  Batches: 64  Memory Usage: 2415kB
        ->  Seq Scan on title t  (cost=0.00..61283.27 rows=2528527 width=4) (actual time=0.016..1187.935 rows=2528312 loops=1)
Planning time: 0.742 ms
Execution time: 40231.504 ms
