Hash Join  (cost=530685.56..1773206.61 rows=15909780 width=0) (actual time=11891.806..78933.051 rows=146155578 loops=1)
  Hash Cond: (ci.movie_id = t.id)
  ->  Seq Scan on cast_info ci  (cost=0.00..614943.12 rows=36225612 width=4) (actual time=0.013..13835.821 rows=36244344 loops=1)
  ->  Hash  (cost=512466.39..512466.39 rows=1110494 width=8) (actual time=11889.926..11889.926 rows=1907573 loops=1)
        Buckets: 131072 (originally 131072)  Batches: 32 (originally 16)  Memory Usage: 3250kB
        ->  Hash Join  (cost=81319.76..512466.39 rows=1110494 width=8) (actual time=1612.395..11303.910 rows=1907573 loops=1)
              Hash Cond: (mi.movie_id = t.id)
              ->  Seq Scan on movie_info mi  (cost=0.00..346232.03 rows=6231111 width=4) (actual time=0.020..6321.780 rows=6223494 loops=1)
                    Filter: (info_type_id > 8)
                    Rows Removed by Filter: 8612226
              ->  Hash  (cost=73925.90..73925.90 rows=450628 width=4) (actual time=1611.538..1611.538 rows=325089 loops=1)
                    Buckets: 131072  Batches: 8  Memory Usage: 2465kB
                    ->  Seq Scan on title t  (cost=0.00..73925.90 rows=450628 width=4) (actual time=151.572..1267.573 rows=325089 loops=1)
                          Filter: ((production_year > 1992) AND (kind_id = 1))
                          Rows Removed by Filter: 2203223
Planning time: 1.624 ms
Execution time: 94785.794 ms
