Seq Scan on movie_keyword mk  (cost=0.00..81003.12 rows=329572 width=0) (actual time=0.021..1317.659 rows=328415 loops=1)
  Filter: (keyword_id > 50179)
  Rows Removed by Filter: 4195515
Planning time: 0.311 ms
Execution time: 1360.179 ms
