Hash Join  (cost=1367653.33..2737050.01 rows=66105273 width=0) (actual time=34932.688..91243.891 rows=160233289 loops=1)
  Hash Cond: (mi.movie_id = t.id)
  ->  Seq Scan on movie_info mi  (cost=0.00..309384.22 rows=14739122 width=4) (actual time=0.013..6418.026 rows=14835720 loops=1)
  ->  Hash  (cost=1181598.11..1181598.11 rows=11340497 width=8) (actual time=34926.791..34926.791 rows=12670688 loops=1)
        Buckets: 131072  Batches: 256  Memory Usage: 3036kB
        ->  Hash Join  (cost=102767.86..1181598.11 rows=11340497 width=8) (actual time=1880.099..31079.769 rows=12670688 loops=1)
              Hash Cond: (ci.movie_id = t.id)
              ->  Seq Scan on cast_info ci  (cost=0.00..796071.18 rows=11340497 width=4) (actual time=0.023..16687.227 rows=12670688 loops=1)
                    Filter: ((person_id < 3326615) AND (role_id = 1))
                    Rows Removed by Filter: 23573656
              ->  Hash  (cost=61283.27..61283.27 rows=2528527 width=4) (actual time=1878.154..1878.154 rows=2528312 loops=1)
                    Buckets: 131072  Batches: 64  Memory Usage: 2415kB
                    ->  Seq Scan on title t  (cost=0.00..61283.27 rows=2528527 width=4) (actual time=2.049..1026.069 rows=2528312 loops=1)
Planning time: 1.191 ms
Execution time: 108359.222 ms
