Hash Join  (cost=91397.28..135178.37 rows=385402 width=0) (actual time=1710.305..2828.527 rows=328886 loops=1)
  Hash Cond: (mi_idx.movie_id = t.id)
  ->  Seq Scan on movie_info_idx mi_idx  (cost=0.00..25185.44 rows=915101 width=4) (actual time=0.026..524.902 rows=919850 loops=1)
        Filter: (info_type_id < 101)
        Rows Removed by Filter: 460185
  ->  Hash  (cost=73925.90..73925.90 rows=1064910 width=4) (actual time=1709.299..1709.299 rows=1003269 loops=1)
        Buckets: 131072  Batches: 16  Memory Usage: 3233kB
        ->  Seq Scan on title t  (cost=0.00..73925.90 rows=1064910 width=4) (actual time=0.027..1390.907 rows=1003269 loops=1)
              Filter: ((kind_id > 1) AND (production_year < 2006))
              Rows Removed by Filter: 1525043
Planning time: 0.824 ms
Execution time: 2858.292 ms
