Seq Scan on cast_info ci  (cost=0.00..705507.15 rows=22642373 width=0) (actual time=0.015..13375.796 rows=22504676 loops=1)
  Filter: (person_id < 2295426)
  Rows Removed by Filter: 13739668
Planning time: 0.233 ms
Execution time: 16207.867 ms
