Seq Scan on movie_companies mc  (cost=0.00..51404.11 rows=104 width=0) (actual time=16.850..927.033 rows=1031 loops=1)
  Filter: (company_id = 55)
  Rows Removed by Filter: 2608098
Planning time: 0.357 ms
Execution time: 927.414 ms
