Seq Scan on cast_info ci  (cost=0.00..705507.15 rows=500 width=0) (actual time=356.404..10245.115 rows=47 loops=1)
  Filter: (person_id = 3760603)
  Rows Removed by Filter: 36244297
Planning time: 0.368 ms
Execution time: 10245.224 ms
