Hash Join  (cost=483817.44..630200.33 rows=1356450 width=0) (actual time=10250.371..12323.397 rows=426132 loops=1)
  Hash Cond: (mk.movie_id = t.id)
  ->  Seq Scan on movie_keyword mk  (cost=0.00..81003.12 rows=4205670 width=4) (actual time=0.016..1803.165 rows=4185086 loops=1)
        Filter: (keyword_id > 275)
        Rows Removed by Filter: 338844
  ->  Hash  (cost=470437.40..470437.40 rows=815523 width=8) (actual time=8646.638..8646.638 rows=309514 loops=1)
        Buckets: 131072  Batches: 16  Memory Usage: 1778kB
        ->  Hash Join  (cost=92883.59..470437.40 rows=815523 width=8) (actual time=4400.383..8545.689 rows=309514 loops=1)
              Hash Cond: (mi.movie_id = t.id)
              ->  Seq Scan on movie_info mi  (cost=0.00..346232.03 rows=1338312 width=4) (actual time=2534.815..5025.162 rows=1401902 loops=1)
                    Filter: (info_type_id = 7)
                    Rows Removed by Filter: 13433818
              ->  Hash  (cost=67604.59..67604.59 rows=1540800 width=4) (actual time=1864.283..1864.283 rows=1543264 loops=1)
                    Buckets: 131072  Batches: 32  Memory Usage: 2728kB
                    ->  Seq Scan on title t  (cost=0.00..67604.59 rows=1540800 width=4) (actual time=0.027..1362.759 rows=1543264 loops=1)
                          Filter: (kind_id = 7)
                          Rows Removed by Filter: 985048
Planning time: 1.191 ms
Execution time: 12371.327 ms
