Hash Join  (cost=149110.42..236824.35 rows=105589 width=0) (actual time=2658.044..4461.353 rows=58329 loops=1)
  Hash Cond: (mk.movie_id = t.id)
  ->  Seq Scan on movie_keyword mk  (cost=0.00..69693.30 rows=4523930 width=4) (actual time=0.019..968.820 rows=4523930 loops=1)
  ->  Hash  (cost=148372.72..148372.72 rows=59016 width=8) (actual time=2657.187..2657.187 rows=15616 loops=1)
        Buckets: 65536  Batches: 1  Memory Usage: 1122kB
        ->  Hash Join  (cost=84197.31..148372.72 rows=59016 width=8) (actual time=1876.562..2651.067 rows=15616 loops=1)
              Hash Cond: (mc.movie_id = t.id)
              ->  Seq Scan on movie_companies mc  (cost=0.00..57926.93 rows=147551 width=4) (actual time=300.047..868.913 rows=64474 loops=1)
                    Filter: ((company_id < 155) AND (company_type_id = 2))
                    Rows Removed by Filter: 2544655
              ->  Hash  (cost=67604.59..67604.59 rows=1011338 width=4) (actual time=1575.666..1575.666 rows=1012920 loops=1)
                    Buckets: 131072  Batches: 16  Memory Usage: 3250kB
                    ->  Seq Scan on title t  (cost=0.00..67604.59 rows=1011338 width=4) (actual time=0.028..1260.328 rows=1012920 loops=1)
                          Filter: (production_year > 2005)
                          Rows Removed by Filter: 1515392
Planning time: 1.132 ms
Execution time: 4469.137 ms
