Hash Join  (cost=102767.86..193017.01 rows=1203756 width=0) (actual time=1929.091..4323.191 rows=1214364 loops=1)
  Hash Cond: (mc.movie_id = t.id)
  ->  Seq Scan on movie_companies mc  (cost=0.00..51404.11 rows=1203756 width=4) (actual time=0.021..957.843 rows=1214364 loops=1)
        Filter: (company_id > 12122)
        Rows Removed by Filter: 1394765
  ->  Hash  (cost=61283.27..61283.27 rows=2528527 width=4) (actual time=1927.983..1927.983 rows=2528312 loops=1)
        Buckets: 131072  Batches: 64  Memory Usage: 2415kB
        ->  Seq Scan on title t  (cost=0.00..61283.27 rows=2528527 width=4) (actual time=0.010..1097.492 rows=2528312 loops=1)
Planning time: 0.750 ms
Execution time: 4469.151 ms
