Seq Scan on movie_keyword mk  (cost=0.00..81003.12 rows=246 width=0) (actual time=120.024..1271.646 rows=84 loops=1)
  Filter: (keyword_id = 2644)
  Rows Removed by Filter: 4523846
Planning time: 0.336 ms
Execution time: 1271.767 ms
