Hash Join  (cost=535259.61..702236.00 rows=3227244 width=0) (actual time=10273.507..14241.075 rows=708093 loops=1)
  Hash Cond: (mk.movie_id = t.id)
  ->  Seq Scan on movie_keyword mk  (cost=0.00..69693.30 rows=4523930 width=4) (actual time=0.011..1471.048 rows=4523930 loops=1)
  ->  Hash  (cost=505665.36..505665.36 rows=1803780 width=8) (actual time=10272.506..10272.506 rows=489503 loops=1)
        Buckets: 131072  Batches: 32  Memory Usage: 1613kB
        ->  Hash Join  (cost=94574.69..505665.36 rows=1803780 width=8) (actual time=2386.032..10133.022 rows=489503 loops=1)
              Hash Cond: (mi.movie_id = t.id)
              ->  Seq Scan on movie_info mi  (cost=0.00..346232.03 rows=3623957 width=4) (actual time=0.029..5719.189 rows=3624977 loops=1)
                    Filter: (info_type_id < 4)
                    Rows Removed by Filter: 11210743
              ->  Hash  (cost=73925.90..73925.90 rows=1258543 width=4) (actual time=1685.336..1685.336 rows=1221534 loops=1)
                    Buckets: 131072  Batches: 32  Memory Usage: 2369kB
                    ->  Seq Scan on title t  (cost=0.00..73925.90 rows=1258543 width=4) (actual time=0.018..1273.778 rows=1221534 loops=1)
                          Filter: ((production_year < 2011) AND (kind_id = 7))
                          Rows Removed by Filter: 1306778
Planning time: 5.629 ms
Execution time: 14325.188 ms
