Hash Join  (cost=83074.74..833899.15 rows=3524 width=0) (actual time=1422.002..18537.515 rows=93011 loops=1)
  Hash Cond: (ci.movie_id = t.id)
  ->  Seq Scan on cast_info ci  (cost=0.00..614943.12 rows=36225612 width=4) (actual time=0.021..9327.244 rows=36244344 loops=1)
  ->  Hash  (cost=83071.67..83071.67 rows=246 width=8) (actual time=1420.293..1420.293 rows=2023 loops=1)
        Buckets: 2048 (originally 1024)  Batches: 1 (originally 1)  Memory Usage: 96kB
        ->  Nested Loop  (cost=0.43..83071.67 rows=246 width=8) (actual time=0.593..1418.817 rows=2023 loops=1)
              ->  Seq Scan on movie_keyword mk  (cost=0.00..81003.12 rows=246 width=4) (actual time=0.529..1330.355 rows=2023 loops=1)
                    Filter: (keyword_id = 1322)
                    Rows Removed by Filter: 4521907
              ->  Index Only Scan using title_pkey on title t  (cost=0.43..8.40 rows=1 width=4) (actual time=0.042..0.043 rows=1 loops=2023)
                    Index Cond: (id = mk.movie_id)
                    Heap Fetches: 2023
Planning time: 1.158 ms
Execution time: 18556.773 ms
