Seq Scan on cast_info ci  (cost=0.00..796071.18 rows=324 width=0) (actual time=9386.004..14429.901 rows=204 loops=1)
  Filter: ((role_id > 1) AND (person_id = 2483603))
  Rows Removed by Filter: 36244140
Planning time: 0.640 ms
Execution time: 14430.057 ms
