Seq Scan on cast_info ci  (cost=0.00..796071.18 rows=6582579 width=0) (actual time=5581.347..13490.949 rows=8783078 loops=1)
  Filter: ((person_id > 1637599) AND (role_id > 3))
  Rows Removed by Filter: 27461266
Planning time: 0.353 ms
Execution time: 14566.982 ms
