Seq Scan on movie_keyword mk  (cost=0.00..81003.12 rows=246 width=0) (actual time=30.698..1265.248 rows=109 loops=1)
  Filter: (keyword_id = 9621)
  Rows Removed by Filter: 4523821
Planning time: 0.359 ms
Execution time: 1265.407 ms
