Seq Scan on movie_keyword mk  (cost=0.00..81003.12 rows=246 width=0) (actual time=1.121..1278.330 rows=669 loops=1)
  Filter: (keyword_id = 7765)
  Rows Removed by Filter: 4523261
Planning time: 0.369 ms
Execution time: 1278.721 ms
