Hash Join  (cost=102767.86..1331124.81 rows=21318265 width=0) (actual time=1866.112..34531.639 rows=21173029 loops=1)
  Hash Cond: (ci.movie_id = t.id)
  ->  Seq Scan on cast_info ci  (cost=0.00..705507.15 rows=21318265 width=4) (actual time=0.021..14299.511 rows=21173029 loops=1)
        Filter: (person_id < 2138920)
        Rows Removed by Filter: 15071315
  ->  Hash  (cost=61283.27..61283.27 rows=2528527 width=4) (actual time=1864.500..1864.500 rows=2528312 loops=1)
        Buckets: 131072  Batches: 64  Memory Usage: 2415kB
        ->  Seq Scan on title t  (cost=0.00..61283.27 rows=2528527 width=4) (actual time=0.020..1030.183 rows=2528312 loops=1)
Planning time: 0.793 ms
Execution time: 36761.879 ms
