Seq Scan on movie_keyword mk  (cost=0.00..81003.12 rows=1321289 width=0) (actual time=0.022..1289.329 rows=1332412 loops=1)
  Filter: (keyword_id < 1741)
  Rows Removed by Filter: 3191518
Planning time: 0.230 ms
Execution time: 1447.640 ms
