Seq Scan on movie_keyword mk  (cost=0.00..81003.12 rows=308405 width=0) (actual time=0.025..1273.188 rows=304045 loops=1)
  Filter: (keyword_id > 53226)
  Rows Removed by Filter: 4219885
Planning time: 0.315 ms
Execution time: 1311.335 ms
