Seq Scan on title t  (cost=0.00..73925.90 rows=1591530 width=0) (actual time=0.032..1388.049 rows=1608793 loops=1)
  Filter: ((kind_id > 3) AND (production_year > 1913))
  Rows Removed by Filter: 919519
Planning time: 0.216 ms
Execution time: 1585.610 ms
