Hash Join  (cost=286757.33..928084.47 rows=13410931 width=0) (actual time=6064.064..45156.902 rows=113580699 loops=1)
  Hash Cond: (mi.movie_id = t.id)
  ->  Seq Scan on movie_info mi  (cost=0.00..309384.22 rows=14739122 width=4) (actual time=0.018..6182.512 rows=14835720 loops=1)
  ->  Hash  (cost=249010.92..249010.92 rows=2300673 width=8) (actual time=6062.625..6062.625 rows=2306442 loops=1)
        Buckets: 131072  Batches: 32  Memory Usage: 3905kB
        ->  Hash Join  (cost=102767.86..249010.92 rows=2300673 width=8) (actual time=1893.653..5471.211 rows=2306442 loops=1)
              Hash Cond: (mk.movie_id = t.id)
              ->  Seq Scan on movie_keyword mk  (cost=0.00..81003.12 rows=2300673 width=4) (actual time=0.025..1578.148 rows=2306442 loops=1)
                    Filter: (keyword_id < 4952)
                    Rows Removed by Filter: 2217488
              ->  Hash  (cost=61283.27..61283.27 rows=2528527 width=4) (actual time=1889.758..1889.758 rows=2528312 loops=1)
                    Buckets: 131072  Batches: 64  Memory Usage: 2425kB
                    ->  Seq Scan on title t  (cost=0.00..61283.27 rows=2528527 width=4) (actual time=0.020..1038.145 rows=2528312 loops=1)
Planning time: 3.619 ms
Execution time: 57716.840 ms
