Seq Scan on cast_info ci  (cost=0.00..796071.18 rows=396 width=0) (actual time=7595.204..14655.628 rows=7 loops=1)
  Filter: ((role_id < 8) AND (person_id = 2467836))
  Rows Removed by Filter: 36244337
Planning time: 0.407 ms
Execution time: 14655.772 ms
