Seq Scan on movie_keyword mk  (cost=0.00..81003.12 rows=3768223 width=0) (actual time=0.023..1490.625 rows=3766035 loops=1)
  Filter: (keyword_id > 703)
  Rows Removed by Filter: 757895
Planning time: 0.357 ms
Execution time: 1949.551 ms
