Seq Scan on movie_companies mc  (cost=0.00..51404.11 rows=104 width=0) (actual time=0.342..730.830 rows=1085 loops=1)
  Filter: (company_id = 1373)
  Rows Removed by Filter: 2608044
Planning time: 0.398 ms
Execution time: 731.148 ms
