Seq Scan on movie_companies mc  (cost=0.00..57926.93 rows=51 width=0) (actual time=428.767..802.444 rows=2398 loops=1)
  Filter: ((company_id = 575) AND (company_type_id = 1))
  Rows Removed by Filter: 2606731
Planning time: 0.536 ms
Execution time: 802.900 ms
