Seq Scan on movie_keyword mk  (cost=0.00..81003.12 rows=2788550 width=0) (actual time=0.015..1452.304 rows=2778595 loops=1)
  Filter: (keyword_id < 8012)
  Rows Removed by Filter: 1745335
Planning time: 0.344 ms
Execution time: 1787.735 ms
