Hash Join  (cost=84175.84..883700.30 rows=17804 width=0) (actual time=3133.053..12555.638 rows=54171 loops=1)
  Hash Cond: (ci.movie_id = t.id)
  ->  Seq Scan on cast_info ci  (cost=0.00..796071.18 rows=72063 width=4) (actual time=1677.643..10897.731 rows=219765 loops=1)
        Filter: ((person_id > 2921292) AND (role_id > 10))
        Rows Removed by Filter: 36024579
  ->  Hash  (cost=73925.90..73925.90 rows=624715 width=4) (actual time=1454.028..1454.028 rows=501928 loops=1)
        Buckets: 131072  Batches: 16  Memory Usage: 2129kB
        ->  Seq Scan on title t  (cost=0.00..73925.90 rows=624715 width=4) (actual time=0.044..1277.227 rows=501928 loops=1)
              Filter: ((kind_id > 1) AND (production_year < 1996))
              Rows Removed by Filter: 2026384
Planning time: 0.788 ms
Execution time: 12562.949 ms
