Seq Scan on movie_keyword mk  (cost=0.00..81003.12 rows=2424697 width=0) (actual time=0.017..1099.686 rows=2414548 loops=1)
  Filter: (keyword_id > 3811)
  Rows Removed by Filter: 2109382
Planning time: 0.335 ms
Execution time: 1350.430 ms
