Hash Join  (cost=160324.63..570807.29 rows=563828 width=0) (actual time=3502.010..13040.763 rows=3895838 loops=1)
  Hash Cond: (mi.movie_id = t.id)
  ->  Seq Scan on movie_info mi  (cost=0.00..346232.03 rows=4972096 width=4) (actual time=0.025..5900.193 rows=4923966 loops=1)
        Filter: (info_type_id < 5)
        Rows Removed by Filter: 9911754
  ->  Hash  (cost=155619.49..155619.49 rows=286731 width=8) (actual time=3501.090..3501.090 rows=754452 loops=1)
        Buckets: 131072 (originally 131072)  Batches: 16 (originally 4)  Memory Usage: 3073kB
        ->  Hash Join  (cost=81720.25..155619.49 rows=286731 width=8) (actual time=1323.221..3304.241 rows=754452 loops=1)
              Hash Cond: (mc.movie_id = t.id)
              ->  Seq Scan on movie_companies mc  (cost=0.00..57926.93 rows=842665 width=4) (actual time=0.022..1146.483 rows=1154747 loops=1)
                    Filter: ((company_id < 21561) AND (company_type_id = 1))
                    Rows Removed by Filter: 1454382
              ->  Hash  (cost=67604.59..67604.59 rows=860373 width=4) (actual time=1322.451..1322.451 rows=854214 loops=1)
                    Buckets: 131072  Batches: 16  Memory Usage: 2897kB
                    ->  Seq Scan on title t  (cost=0.00..67604.59 rows=860373 width=4) (actual time=0.031..1063.935 rows=854214 loops=1)
                          Filter: (kind_id < 4)
                          Rows Removed by Filter: 1674098
Planning time: 9.742 ms
Execution time: 13550.285 ms
