Seq Scan on cast_info ci  (cost=0.00..796071.18 rows=13424455 width=0) (actual time=6601.744..14290.596 rows=11461757 loops=1)
  Filter: ((person_id > 1570012) AND (role_id < 4))
  Rows Removed by Filter: 24782587
Planning time: 0.354 ms
Execution time: 15723.548 ms
