Seq Scan on movie_companies mc  (cost=0.00..57926.93 rows=53 width=0) (actual time=316.460..704.727 rows=1 loops=1)
  Filter: ((company_id = 22097) AND (company_type_id = 2))
  Rows Removed by Filter: 2609128
Planning time: 0.397 ms
Execution time: 704.812 ms
