Nested Loop  (cost=0.43..83071.67 rows=246 width=0) (actual time=0.983..1395.631 rows=1675 loops=1)
  ->  Seq Scan on movie_keyword mk  (cost=0.00..81003.12 rows=246 width=4) (actual time=0.924..1305.959 rows=1675 loops=1)
        Filter: (keyword_id = 108)
        Rows Removed by Filter: 4522255
  ->  Index Only Scan using title_pkey on title t  (cost=0.43..8.40 rows=1 width=4) (actual time=0.052..0.052 rows=1 loops=1675)
        Index Cond: (id = mk.movie_id)
        Heap Fetches: 1675
Planning time: 0.759 ms
Execution time: 1396.327 ms
