Hash Join  (cost=142236.73..1246862.01 rows=6894211 width=0) (actual time=2962.161..33925.844 rows=8584068 loops=1)
  Hash Cond: (ci.movie_id = t.id)
  ->  Seq Scan on cast_info ci  (cost=0.00..614943.12 rows=36225612 width=4) (actual time=0.020..12877.337 rows=36244344 loops=1)
  ->  Hash  (cost=134341.58..134341.58 rows=481212 width=8) (actual time=2961.165..2961.165 rows=269931 loops=1)
        Buckets: 131072  Batches: 8  Memory Usage: 2347kB
        ->  Hash Join  (cost=88391.98..134341.58 rows=481212 width=8) (actual time=1555.447..2882.641 rows=269931 loops=1)
              Hash Cond: (mi_idx.movie_id = t.id)
              ->  Seq Scan on movie_info_idx mi_idx  (cost=0.00..21735.35 rows=1380035 width=4) (actual time=0.027..462.231 rows=1380035 loops=1)
              ->  Hash  (cost=73925.90..73925.90 rows=881686 width=4) (actual time=1553.971..1553.971 rows=801513 loops=1)
                    Buckets: 131072  Batches: 16  Memory Usage: 2786kB
                    ->  Seq Scan on title t  (cost=0.00..73925.90 rows=881686 width=4) (actual time=257.284..1297.391 rows=801513 loops=1)
                          Filter: ((production_year < 2006) AND (kind_id = 7))
                          Rows Removed by Filter: 1726799
Planning time: 1.184 ms
Execution time: 34901.356 ms
