Hash Join  (cost=102767.86..290906.90 rows=4041841 width=0) (actual time=2617.555..7961.111 rows=4045991 loops=1)
  Hash Cond: (mk.movie_id = t.id)
  ->  Seq Scan on movie_keyword mk  (cost=0.00..81003.12 rows=4041841 width=4) (actual time=0.020..1664.875 rows=4045991 loops=1)
        Filter: (keyword_id < 37400)
        Rows Removed by Filter: 477939
  ->  Hash  (cost=61283.27..61283.27 rows=2528527 width=4) (actual time=2615.164..2615.164 rows=2528312 loops=1)
        Buckets: 131072  Batches: 64  Memory Usage: 2425kB
        ->  Seq Scan on title t  (cost=0.00..61283.27 rows=2528527 width=4) (actual time=0.016..982.568 rows=2528312 loops=1)
Planning time: 0.706 ms
Execution time: 8399.922 ms
