Seq Scan on movie_keyword mk  (cost=0.00..81003.12 rows=246 width=0) (actual time=1.502..1249.082 rows=3713 loops=1)
  Filter: (keyword_id = 1876)
  Rows Removed by Filter: 4520217
Planning time: 6.351 ms
Execution time: 1250.188 ms
