Seq Scan on movie_companies mc  (cost=0.00..51404.11 rows=439417 width=0) (actual time=0.019..863.467 rows=444611 loops=1)
  Filter: (company_id > 77767)
  Rows Removed by Filter: 2164518
Planning time: 0.352 ms
Execution time: 921.006 ms
