Hash Join  (cost=69374.09..128922.70 rows=4264 width=0) (actual time=1184.530..2097.308 rows=8664 loops=1)
  Hash Cond: (mc.movie_id = t.id)
  ->  Seq Scan on movie_companies mc  (cost=0.00..57926.93 rows=100009 width=4) (actual time=0.016..820.225 rows=197543 loops=1)
        Filter: ((company_id > 114263) AND (company_type_id > 1))
        Rows Removed by Filter: 2411586
  ->  Hash  (cost=67604.59..67604.59 rows=107800 width=4) (actual time=1183.624..1183.624 rows=108429 loops=1)
        Buckets: 131072  Batches: 2  Memory Usage: 2931kB
        ->  Seq Scan on title t  (cost=0.00..67604.59 rows=107800 width=4) (actual time=0.010..1143.815 rows=108429 loops=1)
              Filter: (production_year = 2006)
              Rows Removed by Filter: 2419883
Planning time: 0.644 ms
Execution time: 2098.857 ms
