Hash Join  (cost=448026.41..535005.37 rows=32092 width=0) (actual time=10353.447..12826.526 rows=1007345 loops=1)
  Hash Cond: (mk.movie_id = t.id)
  ->  Seq Scan on movie_keyword mk  (cost=0.00..69693.30 rows=4523930 width=4) (actual time=0.010..965.420 rows=4523930 loops=1)
  ->  Hash  (cost=447802.20..447802.20 rows=17937 width=8) (actual time=10353.017..10353.017 rows=121863 loops=1)
        Buckets: 131072 (originally 32768)  Batches: 2 (originally 1)  Memory Usage: 3402kB
        ->  Nested Loop  (cost=0.43..447802.20 rows=17937 width=8) (actual time=228.371..10286.407 rows=121863 loops=1)
              ->  Seq Scan on movie_info mi  (cost=0.00..346232.03 rows=17937 width=4) (actual time=228.279..5357.389 rows=121863 loops=1)
                    Filter: (info_type_id = 105)
                    Rows Removed by Filter: 14713857
              ->  Index Only Scan using title_pkey on title t  (cost=0.43..5.65 rows=1 width=4) (actual time=0.040..0.040 rows=1 loops=121863)
                    Index Cond: (id = mi.movie_id)
                    Heap Fetches: 121863
Planning time: 0.991 ms
Execution time: 12949.240 ms
