Hash Join  (cost=76948.89..1137867.55 rows=2639549 width=0) (actual time=1232.784..29473.656 rows=539267 loops=1)
  Hash Cond: (ci.movie_id = t.id)
  ->  Seq Scan on cast_info ci  (cost=0.00..614943.12 rows=36225612 width=4) (actual time=0.013..12820.943 rows=36244344 loops=1)
  ->  Hash  (cost=73925.90..73925.90 rows=184239 width=4) (actual time=1231.710..1231.710 rows=60242 loops=1)
        Buckets: 131072  Batches: 4  Memory Usage: 1555kB
        ->  Seq Scan on title t  (cost=0.00..73925.90 rows=184239 width=4) (actual time=0.122..1208.772 rows=60242 loops=1)
              Filter: ((kind_id > 1) AND (production_year < 1961))
              Rows Removed by Filter: 2468070
Planning time: 2.626 ms
Execution time: 29547.391 ms
