Hash Join  (cost=70241.71..148800.54 rows=138227 width=0) (actual time=1094.149..3837.646 rows=107892 loops=1)
  Hash Cond: (mc.movie_id = t.id)
  ->  Seq Scan on movie_companies mc  (cost=0.00..51404.11 rows=2174518 width=4) (actual time=0.015..1076.706 rows=2173857 loops=1)
        Filter: (company_id > 312)
        Rows Removed by Filter: 435272
  ->  Hash  (cost=67604.59..67604.59 rows=160730 width=4) (actual time=1093.220..1093.220 rows=160017 loops=1)
        Buckets: 131072  Batches: 4  Memory Usage: 2436kB
        ->  Seq Scan on title t  (cost=0.00..67604.59 rows=160730 width=4) (actual time=0.032..1037.332 rows=160017 loops=1)
              Filter: (production_year = 2011)
              Rows Removed by Filter: 2368295
Planning time: 0.842 ms
Execution time: 3852.343 ms
