Hash Join  (cost=73962.22..100888.56 rows=1586 width=0) (actual time=1141.348..1728.731 rows=6879 loops=1)
  Hash Cond: (mi_idx.movie_id = t.id)
  ->  Seq Scan on movie_info_idx mi_idx  (cost=0.00..21735.35 rows=1380035 width=4) (actual time=0.015..304.282 rows=1380035 loops=1)
  ->  Hash  (cost=73925.90..73925.90 rows=2905 width=4) (actual time=1140.890..1140.890 rows=5878 loops=1)
        Buckets: 8192 (originally 4096)  Batches: 1 (originally 1)  Memory Usage: 271kB
        ->  Seq Scan on title t  (cost=0.00..73925.90 rows=2905 width=4) (actual time=6.025..1138.020 rows=5878 loops=1)
              Filter: ((kind_id < 7) AND (production_year = 1973))
              Rows Removed by Filter: 2522434
Planning time: 0.784 ms
Execution time: 1729.952 ms
