Hash Join  (cost=583046.46..768862.90 rows=4299695 width=0) (actual time=10826.271..20954.349 rows=28193774 loops=1)
  Hash Cond: (mk.movie_id = t.id)
  ->  Seq Scan on movie_keyword mk  (cost=0.00..81003.12 rows=3543418 width=4) (actual time=0.015..1718.819 rows=3538987 loops=1)
        Filter: (keyword_id < 18778)
        Rows Removed by Filter: 984943
  ->  Hash  (cost=532708.04..532708.04 rows=3068194 width=8) (actual time=10824.736..10824.736 rows=3036719 loops=1)
        Buckets: 131072  Batches: 64  Memory Usage: 2960kB
        ->  Hash Join  (cost=102767.86..532708.04 rows=3068194 width=8) (actual time=1986.451..9897.565 rows=3036719 loops=1)
              Hash Cond: (mi.movie_id = t.id)
              ->  Seq Scan on movie_info mi  (cost=0.00..346232.03 rows=3068194 width=4) (actual time=0.017..4887.512 rows=3036719 loops=1)
                    Filter: (info_type_id = 16)
                    Rows Removed by Filter: 11799001
              ->  Hash  (cost=61283.27..61283.27 rows=2528527 width=4) (actual time=1985.627..1985.627 rows=2528312 loops=1)
                    Buckets: 131072  Batches: 64  Memory Usage: 2425kB
                    ->  Seq Scan on title t  (cost=0.00..61283.27 rows=2528527 width=4) (actual time=0.016..1121.674 rows=2528312 loops=1)
Planning time: 1.142 ms
Execution time: 24106.662 ms
