Seq Scan on cast_info ci  (cost=0.00..705507.15 rows=17466948 width=0) (actual time=0.023..12797.115 rows=17347416 loops=1)
  Filter: (person_id < 1714328)
  Rows Removed by Filter: 18896928
Planning time: 0.341 ms
Execution time: 14954.047 ms
