Hash Join  (cost=94699.36..452486.36 rows=4925 width=0) (actual time=5649.706..7621.134 rows=8264 loops=1)
  Hash Cond: (mi.movie_id = t.id)
  ->  Seq Scan on movie_info mi  (cost=0.00..346232.03 rows=3068194 width=4) (actual time=3011.265..5514.384 rows=3036719 loops=1)
        Filter: (info_type_id = 16)
        Rows Removed by Filter: 11799001
  ->  Hash  (cost=94648.62..94648.62 rows=4059 width=8) (actual time=1667.400..1667.400 rows=3160 loops=1)
        Buckets: 4096  Batches: 1  Memory Usage: 156kB
        ->  Hash Join  (cost=67697.55..94648.62 rows=4059 width=8) (actual time=1030.677..1666.124 rows=3160 loops=1)
              Hash Cond: (mi_idx.movie_id = t.id)
              ->  Seq Scan on movie_info_idx mi_idx  (cost=0.00..21735.35 rows=1380035 width=4) (actual time=0.029..375.545 rows=1380035 loops=1)
              ->  Hash  (cost=67604.59..67604.59 rows=7437 width=4) (actual time=1030.091..1030.091 rows=2798 loops=1)
                    Buckets: 8192  Batches: 1  Memory Usage: 163kB
                    ->  Seq Scan on title t  (cost=0.00..67604.59 rows=7437 width=4) (actual time=36.471..1028.747 rows=2798 loops=1)
                          Filter: (production_year = 1936)
                          Rows Removed by Filter: 2525514
Planning time: 1.252 ms
Execution time: 7622.414 ms
