Hash Join  (cost=226858.66..1426495.79 rows=11735192 width=0) (actual time=4614.030..33979.843 rows=3780240 loops=1)
  Hash Cond: (ci.movie_id = t.id)
  ->  Seq Scan on cast_info ci  (cost=0.00..614943.12 rows=36225612 width=4) (actual time=0.022..13381.732 rows=36244344 loops=1)
  ->  Hash  (cost=213419.78..213419.78 rows=819110 width=8) (actual time=4612.736..4612.736 rows=171072 loops=1)
        Buckets: 131072  Batches: 16  Memory Usage: 1416kB
        ->  Hash Join  (cost=81437.64..213419.78 rows=819110 width=8) (actual time=3037.438..4560.488 rows=171072 loops=1)
              Hash Cond: (mk.movie_id = t.id)
              ->  Seq Scan on movie_keyword mk  (cost=0.00..69693.30 rows=4523930 width=4) (actual time=0.014..1395.222 rows=4523930 loops=1)
              ->  Hash  (cost=73925.90..73925.90 rows=457819 width=4) (actual time=1256.997..1256.997 rows=344212 loops=1)
                    Buckets: 131072  Batches: 8  Memory Usage: 2529kB
                    ->  Seq Scan on title t  (cost=0.00..73925.90 rows=457819 width=4) (actual time=216.197..1144.229 rows=344212 loops=1)
                          Filter: ((production_year < 1993) AND (kind_id = 7))
                          Rows Removed by Filter: 2184100
Planning time: 1.147 ms
Execution time: 34391.679 ms
