Hash Join  (cost=73899.55..163592.86 rows=33619 width=106) (actual time=1421.084..3313.105 rows=15578 loops=1)
  Hash Cond: (mk.movie_id = t.id)
  ->  Seq Scan on movie_keyword mk  (cost=0.00..81003.12 rows=366665 width=12) (actual time=0.029..1674.111 rows=364650 loops=1)
        Filter: (keyword_id > 46001)
        Rows Removed by Filter: 4159280
  ->  Hash  (cost=67604.59..67604.59 rows=231837 width=94) (actual time=1411.391..1411.391 rows=231649 loops=1)
        Buckets: 32768  Batches: 8  Memory Usage: 3531kB
        ->  Seq Scan on title t  (cost=0.00..67604.59 rows=231837 width=94) (actual time=0.025..1315.677 rows=231649 loops=1)
              Filter: (production_year > 2011)
              Rows Removed by Filter: 2296663
Planning time: 0.898 ms
Execution time: 3314.176 ms
