Hash Join  (cost=796985.94..823897.01 rows=59 width=0) (actual time=13218.966..13535.354 rows=12 loops=1)
  Hash Cond: (mi_idx.movie_id = t.id)
  ->  Seq Scan on movie_info_idx mi_idx  (cost=0.00..21735.35 rows=1380035 width=4) (actual time=0.014..318.907 rows=1380035 loops=1)
  ->  Hash  (cost=796984.59..796984.59 rows=108 width=8) (actual time=12970.009..12970.009 rows=24 loops=1)
        Buckets: 1024  Batches: 1  Memory Usage: 9kB
        ->  Nested Loop  (cost=0.43..796984.59 rows=108 width=8) (actual time=1268.925..12969.957 rows=24 loops=1)
              ->  Seq Scan on cast_info ci  (cost=0.00..796071.18 rows=108 width=4) (actual time=1268.832..12969.443 rows=24 loops=1)
                    Filter: ((role_id > 6) AND (person_id = 2817744))
                    Rows Removed by Filter: 36244320
              ->  Index Only Scan using title_pkey on title t  (cost=0.43..8.45 rows=1 width=4) (actual time=0.017..0.017 rows=1 loops=24)
                    Index Cond: (id = ci.movie_id)
                    Heap Fetches: 24
Planning time: 3.831 ms
Execution time: 13535.461 ms
