Hash Join  (cost=244144.40..873326.16 rows=10897182 width=0) (actual time=6232.057..29247.137 rows=46347425 loops=1)
  Hash Cond: (mi.movie_id = t.id)
  ->  Seq Scan on movie_info mi  (cost=0.00..346232.03 rows=12928982 width=4) (actual time=0.017..7094.565 rows=12970088 loops=1)
        Filter: (info_type_id < 18)
        Rows Removed by Filter: 1865632
  ->  Hash  (cost=209179.82..209179.82 rows=2131167 width=8) (actual time=6231.042..6231.042 rows=2289918 loops=1)
        Buckets: 131072  Batches: 32  Memory Usage: 3871kB
        ->  Hash Join  (cost=101489.21..209179.82 rows=2131167 width=8) (actual time=2221.215..5577.526 rows=2289918 loops=1)
              Hash Cond: (mc.movie_id = t.id)
              ->  Seq Scan on movie_companies mc  (cost=0.00..44881.29 rows=2609129 width=4) (actual time=0.017..978.404 rows=2609129 loops=1)
              ->  Hash  (cost=67604.59..67604.59 rows=2065330 width=4) (actual time=2220.049..2220.049 rows=2064552 loops=1)
                    Buckets: 131072  Batches: 32  Memory Usage: 3289kB
                    ->  Seq Scan on title t  (cost=0.00..67604.59 rows=2065330 width=4) (actual time=0.014..1302.409 rows=2064552 loops=1)
                          Filter: (production_year < 2011)
                          Rows Removed by Filter: 463760
Planning time: 1.087 ms
Execution time: 33662.971 ms
