Hash Join  (cost=83810.17..197722.58 rows=733593 width=0) (actual time=1399.748..4351.163 rows=1635604 loops=1)
  Hash Cond: (mk.movie_id = t.id)
  ->  Seq Scan on movie_keyword mk  (cost=0.00..81003.12 rows=1877959 width=4) (actual time=0.023..1520.009 rows=1889605 loops=1)
        Filter: (keyword_id < 3234)
        Rows Removed by Filter: 2634325
  ->  Hash  (cost=67604.59..67604.59 rows=987727 width=4) (actual time=1398.564..1398.564 rows=985048 loops=1)
        Buckets: 131072  Batches: 16  Memory Usage: 3197kB
        ->  Seq Scan on title t  (cost=0.00..67604.59 rows=987727 width=4) (actual time=0.010..1092.268 rows=985048 loops=1)
              Filter: (kind_id < 7)
              Rows Removed by Filter: 1543264
Planning time: 0.724 ms
Execution time: 4543.071 ms
