Hash Join  (cost=251985.88..1520586.67 rows=18448461 width=0) (actual time=7215.681..77715.984 rows=160276987 loops=1)
  Hash Cond: (ci.movie_id = t.id)
  ->  Seq Scan on cast_info ci  (cost=0.00..614943.12 rows=36225612 width=4) (actual time=0.023..13584.618 rows=36244344 loops=1)
  ->  Hash  (cost=230858.73..230858.73 rows=1287692 width=8) (actual time=7214.327..7214.327 rows=3255900 loops=1)
        Buckets: 131072 (originally 131072)  Batches: 64 (originally 32)  Memory Usage: 3073kB
        ->  Hash Join  (cost=87162.74..230858.73 rows=1287692 width=8) (actual time=1614.828..6215.523 rows=3255900 loops=1)
              Hash Cond: (mk.movie_id = t.id)
              ->  Seq Scan on movie_keyword mk  (cost=0.00..81003.12 rows=4035717 width=4) (actual time=0.021..1760.274 rows=4040740 loops=1)
                    Filter: (keyword_id < 37100)
                    Rows Removed by Filter: 483190
              ->  Hash  (cost=73925.90..73925.90 rows=806787 width=4) (actual time=1613.877..1613.877 rows=843018 loops=1)
                    Buckets: 131072  Batches: 16  Memory Usage: 2888kB
                    ->  Seq Scan on title t  (cost=0.00..73925.90 rows=806787 width=4) (actual time=0.023..1339.100 rows=843018 loops=1)
                          Filter: ((kind_id < 7) AND (production_year < 2011))
                          Rows Removed by Filter: 1685294
Planning time: 1.246 ms
Execution time: 95307.028 ms
