Nested Loop  (cost=44377.22..211170.75 rows=22387 width=0) (actual time=871.275..4779.173 rows=75879 loops=1)
  ->  Hash Join  (cost=44376.79..139490.15 rows=121926 width=8) (actual time=871.205..2428.843 rows=75879 loops=1)
        Hash Cond: (mk.movie_id = mi_idx.movie_id)
        ->  Seq Scan on movie_keyword mk  (cost=0.00..81003.12 rows=41017 width=4) (actual time=0.084..1283.539 rows=41840 loops=1)
              Filter: (keyword_id = 117)
              Rows Removed by Filter: 4482090
        ->  Hash  (cost=21735.35..21735.35 rows=1380035 width=4) (actual time=868.734..868.734 rows=1380035 loops=1)
              Buckets: 131072  Batches: 32  Memory Usage: 2556kB
              ->  Seq Scan on movie_info_idx mi_idx  (cost=0.00..21735.35 rows=1380035 width=4) (actual time=0.008..446.045 rows=1380035 loops=1)
  ->  Index Only Scan using title_pkey on title t  (cost=0.43..0.58 rows=1 width=4) (actual time=0.030..0.030 rows=1 loops=75879)
        Index Cond: (id = mi_idx.movie_id)
        Heap Fetches: 75879
Planning time: 1.226 ms
Execution time: 4792.993 ms
