Seq Scan on movie_companies mc  (cost=0.00..57926.93 rows=53 width=0) (actual time=483.448..979.904 rows=171 loops=1)
  Filter: ((company_type_id > 1) AND (company_id = 61757))
  Rows Removed by Filter: 2608958
Planning time: 0.265 ms
Execution time: 980.051 ms
