Hash Join  (cost=92883.59..1023846.51 rows=4153680 width=0) (actual time=1774.303..16542.653 rows=1672556 loops=1)
  Hash Cond: (ci.movie_id = t.id)
  ->  Seq Scan on cast_info ci  (cost=0.00..796071.18 rows=6816389 width=4) (actual time=0.026..12699.821 rows=2894306 loops=1)
        Filter: ((person_id < 1015956) AND (role_id > 1))
        Rows Removed by Filter: 33350038
  ->  Hash  (cost=67604.59..67604.59 rows=1540800 width=4) (actual time=1773.029..1773.029 rows=1543264 loops=1)
        Buckets: 131072  Batches: 32  Memory Usage: 2722kB
        ->  Seq Scan on title t  (cost=0.00..67604.59 rows=1540800 width=4) (actual time=0.015..1287.010 rows=1543264 loops=1)
              Filter: (kind_id = 7)
              Rows Removed by Filter: 985048
Planning time: 1.935 ms
Execution time: 16705.270 ms
