Hash Join  (cost=67697.55..129396.28 rows=2935 width=0) (actual time=1053.765..2390.257 rows=9179 loops=1)
  Hash Cond: (mc.movie_id = t.id)
  ->  Seq Scan on movie_companies mc  (cost=0.00..57926.93 rows=997985 width=4) (actual time=0.019..1087.907 rows=1153023 loops=1)
        Filter: ((company_id > 846) AND (company_type_id = 2))
        Rows Removed by Filter: 1456106
  ->  Hash  (cost=67604.59..67604.59 rows=7437 width=4) (actual time=1053.275..1053.275 rows=19440 loops=1)
        Buckets: 32768 (originally 8192)  Batches: 1 (originally 1)  Memory Usage: 940kB
        ->  Seq Scan on title t  (cost=0.00..67604.59 rows=7437 width=4) (actual time=0.014..1043.994 rows=19440 loops=1)
              Filter: (production_year = 1986)
              Rows Removed by Filter: 2508872
Planning time: 0.753 ms
Execution time: 2391.982 ms
