Hash Join  (cost=74528.24..432850.71 rows=58472 width=0) (actual time=1629.488..7168.923 rows=58487 loops=1)
  Hash Cond: (mi.movie_id = t.id)
  ->  Seq Scan on movie_info mi  (cost=0.00..346232.03 rows=3068194 width=4) (actual time=543.950..5363.351 rows=3036719 loops=1)
        Filter: (info_type_id = 16)
        Rows Removed by Filter: 11799001
  ->  Hash  (cost=73925.90..73925.90 rows=48187 width=4) (actual time=1085.139..1085.139 rows=42764 loops=1)
        Buckets: 65536  Batches: 1  Memory Usage: 2016kB
        ->  Seq Scan on title t  (cost=0.00..73925.90 rows=48187 width=4) (actual time=0.082..1067.699 rows=42764 loops=1)
              Filter: ((kind_id < 3) AND (production_year = 2011))
              Rows Removed by Filter: 2485548
Planning time: 0.805 ms
Execution time: 7177.989 ms
