Seq Scan on movie_keyword mk  (cost=0.00..81003.12 rows=246 width=0) (actual time=48.174..1184.997 rows=65 loops=1)
  Filter: (keyword_id = 13397)
  Rows Removed by Filter: 4523865
Planning time: 0.381 ms
Execution time: 1185.146 ms
