Hash Join  (cost=118718.92..1168945.47 rows=1598736 width=0) (actual time=2503.263..32131.491 rows=6291873 loops=1)
  Hash Cond: (ci.movie_id = t.id)
  ->  Seq Scan on cast_info ci  (cost=0.00..614943.12 rows=36225612 width=4) (actual time=0.023..13404.539 rows=36244344 loops=1)
  ->  Hash  (cost=116888.03..116888.03 rows=111591 width=8) (actual time=2502.171..2502.171 rows=253634 loops=1)
        Buckets: 131072 (originally 131072)  Batches: 4 (originally 2)  Memory Usage: 3509kB
        ->  Hash Join  (cost=77280.64..116888.03 rows=111591 width=8) (actual time=1305.784..2425.196 rows=253634 loops=1)
              Hash Cond: (mi_idx.movie_id = t.id)
              ->  Seq Scan on movie_info_idx mi_idx  (cost=0.00..21735.35 rows=1380035 width=4) (actual time=0.009..456.269 rows=1380035 loops=1)
              ->  Hash  (cost=73925.90..73925.90 rows=204459 width=4) (actual time=1305.037..1305.037 rows=313929 loops=1)
                    Buckets: 131072  Batches: 4  Memory Usage: 3786kB
                    ->  Seq Scan on title t  (cost=0.00..73925.90 rows=204459 width=4) (actual time=0.014..1203.628 rows=313929 loops=1)
                          Filter: ((kind_id < 7) AND (production_year < 1981))
                          Rows Removed by Filter: 2214383
Planning time: 1.175 ms
Execution time: 32821.054 ms
