Seq Scan on cast_info ci  (cost=0.00..705507.15 rows=500 width=0) (actual time=7062.007..11384.203 rows=392 loops=1)
  Filter: (person_id = 2348002)
  Rows Removed by Filter: 36243952
Planning time: 0.376 ms
Execution time: 11384.348 ms
