Hash Join  (cost=74210.29..134297.56 rows=5062 width=0) (actual time=1022.610..2081.357 rows=11433 loops=1)
  Hash Cond: (mc.movie_id = t.id)
  ->  Seq Scan on movie_companies mc  (cost=0.00..57926.93 rows=562589 width=4) (actual time=0.023..906.134 rows=771355 loops=1)
        Filter: ((company_id < 8716) AND (company_type_id = 1))
        Rows Removed by Filter: 1837774
  ->  Hash  (cost=73925.90..73925.90 rows=22751 width=4) (actual time=1022.386..1022.386 rows=18892 loops=1)
        Buckets: 32768  Batches: 1  Memory Usage: 921kB
        ->  Seq Scan on title t  (cost=0.00..73925.90 rows=22751 width=4) (actual time=0.029..1014.353 rows=18892 loops=1)
              Filter: ((kind_id < 7) AND (production_year = 2001))
              Rows Removed by Filter: 2509420
Planning time: 0.867 ms
Execution time: 2083.271 ms
