Seq Scan on title t  (cost=0.00..73925.90 rows=1963 width=0) (actual time=0.293..973.041 rows=2614 loops=1)
  Filter: ((kind_id = 1) AND (production_year = 1923))
  Rows Removed by Filter: 2525698
Planning time: 0.384 ms
Execution time: 973.622 ms
