Seq Scan on movie_companies mc  (cost=0.00..51404.11 rows=773098 width=0) (actual time=0.019..865.686 rows=764090 loops=1)
  Filter: (company_id < 1583)
  Rows Removed by Filter: 1845039
Planning time: 0.245 ms
Execution time: 961.780 ms
