Hash Join  (cost=188861.97..748672.17 rows=7497926 width=0) (actual time=5043.581..23935.499 rows=20607732 loops=1)
  Hash Cond: (mi.movie_id = t.id)
  ->  Seq Scan on movie_info mi  (cost=0.00..309384.22 rows=14739122 width=4) (actual time=0.010..6229.124 rows=14835720 loops=1)
  ->  Hash  (cost=167758.41..167758.41 rows=1286285 width=8) (actual time=5042.115..5042.115 rows=1358729 loops=1)
        Buckets: 131072  Batches: 32  Memory Usage: 2702kB
        ->  Hash Join  (cost=106271.04..167758.41 rows=1286285 width=8) (actual time=2725.849..4649.891 rows=1358729 loops=1)
              Hash Cond: (mi_idx.movie_id = t.id)
              ->  Seq Scan on movie_info_idx mi_idx  (cost=0.00..21735.35 rows=1380035 width=4) (actual time=0.014..468.938 rows=1380035 loops=1)
              ->  Hash  (cost=67604.59..67604.59 rows=2356756 width=4) (actual time=2725.144..2725.144 rows=2352238 loops=1)
                    Buckets: 131072  Batches: 32  Memory Usage: 3612kB
                    ->  Seq Scan on title t  (cost=0.00..67604.59 rows=2356756 width=4) (actual time=0.020..1359.218 rows=2352238 loops=1)
                          Filter: (production_year > 1925)
                          Rows Removed by Filter: 176074
Planning time: 0.813 ms
Execution time: 26249.192 ms
