Hash Join  (cost=102767.86..1085283.26 rows=7337737 width=0) (actual time=9191.937..17128.955 rows=1708131 loops=1)
  Hash Cond: (ci.movie_id = t.id)
  ->  Seq Scan on cast_info ci  (cost=0.00..796071.18 rows=7337737 width=4) (actual time=7361.255..12788.585 rows=1708131 loops=1)
        Filter: ((person_id > 1499604) AND (role_id < 2))
        Rows Removed by Filter: 34536213
  ->  Hash  (cost=61283.27..61283.27 rows=2528527 width=4) (actual time=1828.696..1828.696 rows=2528312 loops=1)
        Buckets: 131072  Batches: 64  Memory Usage: 2415kB
        ->  Seq Scan on title t  (cost=0.00..61283.27 rows=2528527 width=4) (actual time=0.018..981.911 rows=2528312 loops=1)
Planning time: 0.746 ms
Execution time: 17325.277 ms
