Seq Scan on movie_keyword mk  (cost=0.00..81003.12 rows=3243479 width=0) (actual time=0.020..1579.336 rows=3233226 loops=1)
  Filter: (keyword_id < 13699)
  Rows Removed by Filter: 1290704
Planning time: 0.351 ms
Execution time: 1985.625 ms
