Hash Join  (cost=76243.83..178504.96 rows=95439 width=0) (actual time=2453.231..3772.919 rows=17755 loops=1)
  Hash Cond: (mk.movie_id = t.id)
  ->  Seq Scan on movie_keyword mk  (cost=0.00..81003.12 rows=1708164 width=4) (actual time=0.025..1546.492 rows=1714817 loops=1)
        Filter: (keyword_id > 8305)
        Rows Removed by Filter: 2809113
  ->  Hash  (cost=73925.90..73925.90 rows=141274 width=4) (actual time=1126.175..1126.175 rows=150659 loops=1)
        Buckets: 131072  Batches: 2  Memory Usage: 3679kB
        ->  Seq Scan on title t  (cost=0.00..73925.90 rows=141274 width=4) (actual time=0.016..1069.727 rows=150659 loops=1)
              Filter: ((production_year > 2011) AND (kind_id = 7))
              Rows Removed by Filter: 2377653
Planning time: 0.735 ms
Execution time: 3775.399 ms
