Hash Join  (cost=28270.40..89662.11 rows=134 width=0) (actual time=1024.601..1525.161 rows=5699 loops=1)
  Hash Cond: (mc.movie_id = t.id)
  ->  Seq Scan on movie_companies mc  (cost=0.00..57926.93 rows=923583 width=4) (actual time=0.018..1003.017 rows=766063 loops=1)
        Filter: ((company_id > 1388) AND (company_type_id = 1))
        Rows Removed by Filter: 1843066
  ->  Hash  (cost=28265.80..28265.80 rows=368 width=8) (actual time=411.766..411.766 rows=260 loops=1)
        Buckets: 1024  Batches: 1  Memory Usage: 19kB
        ->  Nested Loop  (cost=0.43..28265.80 rows=368 width=8) (actual time=368.518..411.692 rows=260 loops=1)
              ->  Seq Scan on movie_info_idx mi_idx  (cost=0.00..25185.44 rows=368 width=4) (actual time=368.432..405.169 rows=260 loops=1)
                    Filter: (info_type_id > 101)
                    Rows Removed by Filter: 1379775
              ->  Index Only Scan using title_pkey on title t  (cost=0.43..8.36 rows=1 width=4) (actual time=0.024..0.025 rows=1 loops=260)
                    Index Cond: (id = mi_idx.movie_id)
                    Heap Fetches: 260
Planning time: 1.168 ms
Execution time: 1526.038 ms
