Hash Join  (cost=138018.86..492996.94 rows=51624 width=0) (actual time=2854.358..7800.200 rows=203938 loops=1)
  Hash Cond: (mi.movie_id = t.id)
  ->  Seq Scan on movie_info mi  (cost=0.00..346232.03 rows=2194617 width=4) (actual time=444.674..4864.010 rows=2233850 loops=1)
        Filter: (info_type_id > 16)
        Rows Removed by Filter: 12601870
  ->  Hash  (cost=137275.39..137275.39 rows=59478 width=8) (actual time=2392.908..2392.908 rows=49464 loops=1)
        Buckets: 65536  Batches: 1  Memory Usage: 2445kB
        ->  Hash Join  (cost=69460.45..137275.39 rows=59478 width=8) (actual time=1114.410..2372.974 rows=49464 loops=1)
              Hash Cond: (mc.movie_id = t.id)
              ->  Seq Scan on movie_companies mc  (cost=0.00..51404.11 rows=1329612 width=4) (actual time=71.446..788.061 rows=1334883 loops=1)
                    Filter: (company_type_id = 2)
                    Rows Removed by Filter: 1274246
              ->  Hash  (cost=67604.59..67604.59 rows=113109 width=4) (actual time=1042.048..1042.048 rows=119565 loops=1)
                    Buckets: 131072  Batches: 2  Memory Usage: 3115kB
                    ->  Seq Scan on title t  (cost=0.00..67604.59 rows=113109 width=4) (actual time=0.028..994.204 rows=119565 loops=1)
                          Filter: (production_year = 2007)
                          Rows Removed by Filter: 2408747
Planning time: 1.221 ms
Execution time: 7826.306 ms
