Hash Join  (cost=262184.52..738350.23 rows=4324112 width=0) (actual time=5778.372..16039.100 rows=2943750 loops=1)
  Hash Cond: (mi.movie_id = t.id)
  ->  Seq Scan on movie_info mi  (cost=0.00..346232.03 rows=6231111 width=4) (actual time=0.014..6275.070 rows=6223494 loops=1)
        Filter: (info_type_id > 8)
        Rows Removed by Filter: 8612226
  ->  Hash  (cost=233395.96..233395.96 rows=1754685 width=8) (actual time=5776.101..5776.101 rows=436059 loops=1)
        Buckets: 131072  Batches: 32  Memory Usage: 1577kB
        ->  Hash Join  (cost=90016.07..233395.96 rows=1754685 width=8) (actual time=1614.738..5638.345 rows=436059 loops=1)
              Hash Cond: (mk.movie_id = t.id)
              ->  Seq Scan on movie_keyword mk  (cost=0.00..69693.30 rows=4523930 width=4) (actual time=0.019..1387.574 rows=4523930 loops=1)
              ->  Hash  (cost=73925.90..73925.90 rows=980733 width=4) (actual time=1613.481..1613.481 rows=1074493 loops=1)
                    Buckets: 131072  Batches: 16  Memory Usage: 3400kB
                    ->  Seq Scan on title t  (cost=0.00..73925.90 rows=980733 width=4) (actual time=0.022..1269.104 rows=1074493 loops=1)
                          Filter: ((production_year > 1995) AND (kind_id = 7))
                          Rows Removed by Filter: 1453819
Planning time: 1.194 ms
Execution time: 16383.374 ms
