Seq Scan on cast_info ci  (cost=0.00..705507.15 rows=4670689 width=0) (actual time=10811.522..13343.565 rows=4639136 loops=1)
  Filter: (role_id > 9)
  Rows Removed by Filter: 31605208
Planning time: 0.303 ms
Execution time: 13904.313 ms
