Seq Scan on movie_keyword mk  (cost=0.00..81003.12 rows=1617715 width=0) (actual time=0.006..1558.957 rows=1627266 loops=1)
  Filter: (keyword_id > 9166)
  Rows Removed by Filter: 2896664
Planning time: 0.230 ms
Execution time: 1762.575 ms
