Seq Scan on movie_keyword mk  (cost=0.00..81003.12 rows=246 width=0) (actual time=11.432..1264.628 rows=118 loops=1)
  Filter: (keyword_id = 2290)
  Rows Removed by Filter: 4523812
Planning time: 0.353 ms
Execution time: 1264.792 ms
