Hash Join  (cost=74056.90..870965.14 rows=915 width=0) (actual time=12507.991..15616.313 rows=450 loops=1)
  Hash Cond: (ci.movie_id = t.id)
  ->  Seq Scan on cast_info ci  (cost=0.00..796071.18 rows=220775 width=4) (actual time=11427.485..14519.969 rows=79308 loops=1)
        Filter: ((person_id < 2318919) AND (role_id > 10))
        Rows Removed by Filter: 36165036
  ->  Hash  (cost=73925.90..73925.90 rows=10480 width=4) (actual time=1080.052..1080.052 rows=5587 loops=1)
        Buckets: 16384  Batches: 1  Memory Usage: 325kB
        ->  Seq Scan on title t  (cost=0.00..73925.90 rows=10480 width=4) (actual time=290.951..1077.402 rows=5587 loops=1)
              Filter: ((kind_id = 1) AND (production_year = 1995))
              Rows Removed by Filter: 2522725
Planning time: 0.761 ms
Execution time: 15616.557 ms
