Hash Join  (cost=102767.86..1098628.02 rows=11656062 width=0) (actual time=4159.757..25463.484 rows=11697064 loops=1)
  Hash Cond: (ci.movie_id = t.id)
  ->  Seq Scan on cast_info ci  (cost=0.00..705507.15 rows=11656062 width=4) (actual time=2002.438..13264.805 rows=11697064 loops=1)
        Filter: (person_id > 2522892)
        Rows Removed by Filter: 24547280
  ->  Hash  (cost=61283.27..61283.27 rows=2528527 width=4) (actual time=2155.110..2155.110 rows=2528312 loops=1)
        Buckets: 131072  Batches: 64  Memory Usage: 2415kB
        ->  Seq Scan on title t  (cost=0.00..61283.27 rows=2528527 width=4) (actual time=0.030..1142.052 rows=2528312 loops=1)
Planning time: 1.001 ms
Execution time: 26780.824 ms
