Seq Scan on movie_companies mc  (cost=0.00..51404.11 rows=1234715 width=0) (actual time=0.063..932.716 rows=1246356 loops=1)
  Filter: (company_id > 11698)
  Rows Removed by Filter: 1362773
Planning time: 0.317 ms
Execution time: 1084.814 ms
