Seq Scan on movie_companies mc  (cost=0.00..57926.93 rows=824539 width=0) (actual time=359.089..1180.921 rows=1036427 loops=1)
  Filter: ((company_id > 4599) AND (company_type_id = 2))
  Rows Removed by Filter: 1572702
Planning time: 0.360 ms
Execution time: 1307.710 ms
