Hash Join  (cost=156649.15..275203.45 rows=490296 width=0) (actual time=3387.532..6749.631 rows=2082798 loops=1)
  Hash Cond: (mk.movie_id = t.id)
  ->  Seq Scan on movie_keyword mk  (cost=0.00..81003.12 rows=2666459 width=4) (actual time=0.012..1679.172 rows=2659185 loops=1)
        Filter: (keyword_id > 3149)
        Rows Removed by Filter: 1864745
  ->  Hash  (cost=149020.47..149020.47 rows=464934 width=8) (actual time=3386.800..3386.800 rows=460185 loops=1)
        Buckets: 131072  Batches: 8  Memory Usage: 3286kB
        ->  Hash Join  (cost=102767.86..149020.47 rows=464934 width=8) (actual time=1998.699..3236.796 rows=460185 loops=1)
              Hash Cond: (mi_idx.movie_id = t.id)
              ->  Seq Scan on movie_info_idx mi_idx  (cost=0.00..25185.44 rows=464934 width=4) (actual time=0.030..416.522 rows=460185 loops=1)
                    Filter: (info_type_id > 100)
                    Rows Removed by Filter: 919850
              ->  Hash  (cost=61283.27..61283.27 rows=2528527 width=4) (actual time=1996.832..1996.832 rows=2528312 loops=1)
                    Buckets: 131072  Batches: 64  Memory Usage: 2415kB
                    ->  Seq Scan on title t  (cost=0.00..61283.27 rows=2528527 width=4) (actual time=0.014..1157.536 rows=2528312 loops=1)
Planning time: 0.757 ms
Execution time: 6991.328 ms
