Hash Join  (cost=83810.17..1302688.26 rows=12866662 width=0) (actual time=1421.902..38031.375 rows=13494233 loops=1)
  Hash Cond: (ci.movie_id = t.id)
  ->  Seq Scan on cast_info ci  (cost=0.00..705507.15 rows=32937950 width=4) (actual time=0.015..16344.483 rows=33074690 loops=1)
        Filter: (person_id > 307071)
        Rows Removed by Filter: 3169654
  ->  Hash  (cost=67604.59..67604.59 rows=987727 width=4) (actual time=1420.907..1420.907 rows=985048 loops=1)
        Buckets: 131072  Batches: 16  Memory Usage: 3188kB
        ->  Seq Scan on title t  (cost=0.00..67604.59 rows=987727 width=4) (actual time=0.022..1115.897 rows=985048 loops=1)
              Filter: (kind_id < 7)
              Rows Removed by Filter: 1543264
Planning time: 0.815 ms
Execution time: 39600.555 ms
