Hash Join  (cost=946725.92..1490673.85 rows=6011300 width=0) (actual time=19616.447..37161.769 rows=13356423 loops=1)
  Hash Cond: (mi.movie_id = t.id)
  ->  Seq Scan on movie_info mi  (cost=0.00..309384.22 rows=14739122 width=4) (actual time=0.024..6148.365 rows=14835720 loops=1)
  ->  Hash  (cost=929806.28..929806.28 rows=1031251 width=8) (actual time=19612.276..19612.276 rows=1449364 loops=1)
        Buckets: 131072 (originally 131072)  Batches: 32 (originally 16)  Memory Usage: 3073kB
        ->  Hash Join  (cost=94072.72..929806.28 rows=1031251 width=8) (actual time=4692.986..19122.928 rows=1449364 loops=1)
              Hash Cond: (ci.movie_id = t.id)
              ->  Seq Scan on cast_info ci  (cost=0.00..796071.18 rows=2123434 width=4) (actual time=2516.539..14256.501 rows=3612613 loops=1)
                    Filter: ((person_id > 1820578) AND (role_id = 10))
                    Rows Removed by Filter: 32631731
              ->  Hash  (cost=73925.90..73925.90 rows=1227985 width=4) (actual time=2174.941..2174.941 rows=1197374 loops=1)
                    Buckets: 131072  Batches: 32  Memory Usage: 2340kB
                    ->  Seq Scan on title t  (cost=0.00..73925.90 rows=1227985 width=4) (actual time=0.020..1410.196 rows=1197374 loops=1)
                          Filter: ((kind_id > 1) AND (production_year < 2008))
                          Rows Removed by Filter: 1330938
Planning time: 2.812 ms
Execution time: 38705.038 ms
