Hash Join  (cost=100969.17..854775.70 rows=301743 width=0) (actual time=1787.020..21461.855 rows=541508 loops=1)
  Hash Cond: (ci.movie_id = t.id)
  ->  Seq Scan on cast_info ci  (cost=0.00..614943.12 rows=36225612 width=4) (actual time=0.017..9164.743 rows=36244344 loops=1)
  ->  Hash  (cost=100705.91..100705.91 rows=21061 width=8) (actual time=1786.581..1786.581 rows=27850 loops=1)
        Buckets: 32768  Batches: 1  Memory Usage: 1344kB
        ->  Hash Join  (cost=69484.36..100705.91 rows=21061 width=8) (actual time=1081.251..1775.879 rows=27850 loops=1)
              Hash Cond: (mi_idx.movie_id = t.id)
              ->  Seq Scan on movie_info_idx mi_idx  (cost=0.00..25185.44 rows=464934 width=4) (actual time=0.015..497.645 rows=460185 loops=1)
                    Filter: (info_type_id > 100)
                    Rows Removed by Filter: 919850
              ->  Hash  (cost=67604.59..67604.59 rows=114542 width=4) (actual time=1074.516..1074.516 rows=118234 loops=1)
                    Buckets: 131072  Batches: 2  Memory Usage: 3101kB
                    ->  Seq Scan on title t  (cost=0.00..67604.59 rows=114542 width=4) (actual time=29.085..1033.823 rows=118234 loops=1)
                          Filter: (kind_id = 4)
                          Rows Removed by Filter: 2410078
Planning time: 5.516 ms
Execution time: 21546.010 ms
