Hash Join  (cost=81253.89..114329.27 rows=81427 width=0) (actual time=1589.968..2287.770 rows=46787 loops=1)
  Hash Cond: (mi_idx.movie_id = t.id)
  ->  Seq Scan on movie_info_idx mi_idx  (cost=0.00..25185.44 rows=460978 width=4) (actual time=0.011..455.961 rows=459925 loops=1)
        Filter: (info_type_id < 100)
        Rows Removed by Filter: 920110
  ->  Hash  (cost=73925.90..73925.90 rows=446639 width=4) (actual time=1589.215..1589.215 rows=306970 loops=1)
        Buckets: 131072  Batches: 8  Memory Usage: 2364kB
        ->  Seq Scan on title t  (cost=0.00..73925.90 rows=446639 width=4) (actual time=0.008..1176.881 rows=306970 loops=1)
              Filter: ((kind_id > 1) AND (production_year < 1986))
              Rows Removed by Filter: 2221342
Planning time: 1.663 ms
Execution time: 2293.765 ms
