Seq Scan on movie_keyword mk  (cost=0.00..81003.12 rows=246 width=0) (actual time=0.111..1242.542 rows=2661 loops=1)
  Filter: (keyword_id = 20344)
  Rows Removed by Filter: 4521269
Planning time: 0.362 ms
Execution time: 1243.271 ms
