Seq Scan on title t  (cost=0.00..73925.90 rows=764069 width=0) (actual time=0.028..1186.813 rows=659964 loops=1)
  Filter: ((kind_id < 4) AND (production_year > 1957))
  Rows Removed by Filter: 1868348
Planning time: 0.390 ms
Execution time: 1268.752 ms
