Hash Join  (cost=156487.41..235264.79 rows=348267 width=0) (actual time=3675.953..5922.290 rows=990833 loops=1)
  Hash Cond: (mc.movie_id = t.id)
  ->  Seq Scan on movie_companies mc  (cost=0.00..51404.11 rows=1910292 width=4) (actual time=0.021..1014.522 rows=1920053 loops=1)
        Filter: (company_id > 1254)
        Rows Removed by Filter: 689076
  ->  Hash  (cost=148924.19..148924.19 rows=460978 width=8) (actual time=3675.039..3675.039 rows=459925 loops=1)
        Buckets: 131072  Batches: 8  Memory Usage: 3275kB
        ->  Hash Join  (cost=102767.86..148924.19 rows=460978 width=8) (actual time=2226.788..3532.435 rows=459925 loops=1)
              Hash Cond: (mi_idx.movie_id = t.id)
              ->  Seq Scan on movie_info_idx mi_idx  (cost=0.00..25185.44 rows=460978 width=4) (actual time=0.021..463.314 rows=459925 loops=1)
                    Filter: (info_type_id < 100)
                    Rows Removed by Filter: 920110
              ->  Hash  (cost=61283.27..61283.27 rows=2528527 width=4) (actual time=2226.021..2226.021 rows=2528312 loops=1)
                    Buckets: 131072  Batches: 64  Memory Usage: 2415kB
                    ->  Seq Scan on title t  (cost=0.00..61283.27 rows=2528527 width=4) (actual time=0.022..1232.635 rows=2528312 loops=1)
Planning time: 2.941 ms
Execution time: 6040.013 ms
