Seq Scan on movie_companies mc  (cost=0.00..57926.93 rows=51 width=0) (actual time=805.801..879.067 rows=1 loops=1)
  Filter: ((company_type_id < 2) AND (company_id = 18927))
  Rows Removed by Filter: 2609128
Planning time: 0.391 ms
Execution time: 879.160 ms
