Hash Join  (cost=102767.86..1617577.49 rows=33222799 width=0) (actual time=1980.706..47902.844 rows=33166320 loops=1)
  Hash Cond: (ci.movie_id = t.id)
  ->  Seq Scan on cast_info ci  (cost=0.00..705507.15 rows=33222799 width=4) (actual time=0.014..16662.009 rows=33166320 loops=1)
        Filter: (person_id < 3494661)
        Rows Removed by Filter: 3078024
  ->  Hash  (cost=61283.27..61283.27 rows=2528527 width=4) (actual time=1979.942..1979.942 rows=2528312 loops=1)
        Buckets: 131072  Batches: 64  Memory Usage: 2415kB
        ->  Seq Scan on title t  (cost=0.00..61283.27 rows=2528527 width=4) (actual time=0.025..1126.261 rows=2528312 loops=1)
Planning time: 0.795 ms
Execution time: 51696.699 ms
