Nested Loop  (cost=0.43..709671.90 rows=500 width=0) (actual time=859.328..10838.312 rows=564 loops=1)
  ->  Seq Scan on cast_info ci  (cost=0.00..705507.15 rows=500 width=4) (actual time=859.235..10828.820 rows=564 loops=1)
        Filter: (person_id = 3344564)
        Rows Removed by Filter: 36243780
  ->  Index Only Scan using title_pkey on title t  (cost=0.43..8.32 rows=1 width=4) (actual time=0.016..0.016 rows=1 loops=564)
        Index Cond: (id = ci.movie_id)
        Heap Fetches: 564
Planning time: 0.562 ms
Execution time: 10838.523 ms
