Hash Join  (cost=144796.25..657034.66 rows=3039551 width=0) (actual time=3489.800..21264.943 rows=17200043 loops=1)
  Hash Cond: (mi.movie_id = t.id)
  ->  Seq Scan on movie_info mi  (cost=0.00..309384.22 rows=14739122 width=4) (actual time=0.012..6225.147 rows=14835720 loops=1)
  ->  Hash  (cost=136241.23..136241.23 rows=521441 width=8) (actual time=3488.847..3488.847 rows=948623 loops=1)
        Buckets: 131072 (originally 131072)  Batches: 16 (originally 8)  Memory Usage: 3357kB
        ->  Hash Join  (cost=89601.34..136241.23 rows=521441 width=8) (actual time=1624.033..3200.031 rows=948623 loops=1)
              Hash Cond: (mi_idx.movie_id = t.id)
              ->  Seq Scan on movie_info_idx mi_idx  (cost=0.00..21735.35 rows=1380035 width=4) (actual time=0.023..491.508 rows=1380035 loops=1)
              ->  Hash  (cost=73925.90..73925.90 rows=955395 width=4) (actual time=1622.807..1622.807 rows=963927 loops=1)
                    Buckets: 131072  Batches: 16  Memory Usage: 3142kB
                    ->  Seq Scan on title t  (cost=0.00..73925.90 rows=955395 width=4) (actual time=0.016..1328.599 rows=963927 loops=1)
                          Filter: ((kind_id < 7) AND (production_year > 1903))
                          Rows Removed by Filter: 1564385
Planning time: 0.778 ms
Execution time: 23270.808 ms
