Seq Scan on cast_info ci  (cost=0.00..796071.18 rows=396 width=0) (actual time=3404.341..13006.542 rows=70 loops=1)
  Filter: ((role_id < 8) AND (person_id = 1543722))
  Rows Removed by Filter: 36244274
Planning time: 0.391 ms
Execution time: 13006.697 ms
