Hash Join  (cost=52284.99..803089.06 rows=1490 width=0) (actual time=836.700..15004.126 rows=22884 loops=1)
  Hash Cond: (ci.movie_id = t.id)
  ->  Seq Scan on cast_info ci  (cost=0.00..614943.12 rows=36225612 width=4) (actual time=0.019..7565.757 rows=36244344 loops=1)
  ->  Hash  (cost=52283.69..52283.69 rows=104 width=8) (actual time=835.668..835.668 rows=746 loops=1)
        Buckets: 1024  Batches: 1  Memory Usage: 38kB
        ->  Nested Loop  (cost=0.43..52283.69 rows=104 width=8) (actual time=11.210..835.146 rows=746 loops=1)
              ->  Seq Scan on movie_companies mc  (cost=0.00..51404.11 rows=104 width=4) (actual time=11.090..807.034 rows=746 loops=1)
                    Filter: (company_id = 158)
                    Rows Removed by Filter: 2608383
              ->  Index Only Scan using title_pkey on title t  (cost=0.43..8.45 rows=1 width=4) (actual time=0.036..0.036 rows=1 loops=746)
                    Index Cond: (id = mc.movie_id)
                    Heap Fetches: 746
Planning time: 1.130 ms
Execution time: 15009.851 ms
