Seq Scan on cast_info ci  (cost=0.00..796071.18 rows=324 width=0) (actual time=10983.059..14065.056 rows=178 loops=1)
  Filter: ((role_id > 1) AND (person_id = 3292016))
  Rows Removed by Filter: 36244166
Planning time: 0.421 ms
Execution time: 14065.173 ms
