Hash Join  (cost=83073.25..142340.05 rows=11 width=0) (actual time=1453.178..2282.355 rows=51 loops=1)
  Hash Cond: (mc.movie_id = t.id)
  ->  Seq Scan on movie_companies mc  (cost=0.00..57926.93 rows=357269 width=4) (actual time=38.685..915.557 rows=198141 loops=1)
        Filter: ((company_id < 1271) AND (company_type_id > 1))
        Rows Removed by Filter: 2410988
  ->  Hash  (cost=83072.29..83072.29 rows=77 width=8) (actual time=1334.368..1334.368 rows=1101 loops=1)
        Buckets: 2048 (originally 1024)  Batches: 1 (originally 1)  Memory Usage: 60kB
        ->  Nested Loop  (cost=0.43..83072.29 rows=77 width=8) (actual time=0.176..1333.457 rows=1101 loops=1)
              ->  Seq Scan on movie_keyword mk  (cost=0.00..81003.12 rows=246 width=4) (actual time=0.127..1233.028 rows=2750 loops=1)
                    Filter: (keyword_id = 1074)
                    Rows Removed by Filter: 4521180
              ->  Index Scan using title_pkey on title t  (cost=0.43..8.40 rows=1 width=4) (actual time=0.035..0.036 rows=0 loops=2750)
                    Index Cond: (id = mk.movie_id)
                    Filter: (production_year > 2007)
                    Rows Removed by Filter: 1
Planning time: 1.076 ms
Execution time: 2282.504 ms
