Hash Join  (cost=130853.55..499318.98 rows=380951 width=0) (actual time=2548.140..11104.226 rows=380535 loops=1)
  Hash Cond: (mi.movie_id = t.id)
  ->  Seq Scan on movie_info mi  (cost=0.00..309384.22 rows=14739122 width=4) (actual time=0.015..4538.765 rows=14835720 loops=1)
  ->  Hash  (cost=130036.63..130036.63 rows=65353 width=8) (actual time=2547.733..2547.733 rows=35608 loops=1)
        Buckets: 65536  Batches: 1  Memory Usage: 1903kB
        ->  Hash Join  (cost=74717.58..130036.63 rows=65353 width=8) (actual time=1140.169..2533.560 rows=35608 loops=1)
              Hash Cond: (mc.movie_id = t.id)
              ->  Seq Scan on movie_companies mc  (cost=0.00..44881.29 rows=2609129 width=4) (actual time=0.011..664.802 rows=2609129 loops=1)
              ->  Hash  (cost=73925.90..73925.90 rows=63334 width=4) (actual time=1138.561..1138.561 rows=72031 loops=1)
                    Buckets: 131072 (originally 65536)  Batches: 1 (originally 1)  Memory Usage: 3557kB
                    ->  Seq Scan on title t  (cost=0.00..73925.90 rows=63334 width=4) (actual time=0.057..1107.951 rows=72031 loops=1)
                          Filter: ((kind_id > 3) AND (production_year = 2005))
                          Rows Removed by Filter: 2456281
Planning time: 1.274 ms
Execution time: 11156.961 ms
