Hash Join  (cost=74260.10..129201.51 rows=27588 width=0) (actual time=1179.017..2513.687 rows=20559 loops=1)
  Hash Cond: (mc.movie_id = t.id)
  ->  Seq Scan on movie_companies mc  (cost=0.00..44881.29 rows=2609129 width=4) (actual time=0.010..636.841 rows=2609129 loops=1)
  ->  Hash  (cost=73925.90..73925.90 rows=26736 width=4) (actual time=1178.807..1178.807 rows=30647 loops=1)
        Buckets: 32768  Batches: 1  Memory Usage: 1334kB
        ->  Seq Scan on title t  (cost=0.00..73925.90 rows=26736 width=4) (actual time=0.025..1165.488 rows=30647 loops=1)
              Filter: ((kind_id > 1) AND (production_year = 1996))
              Rows Removed by Filter: 2497665
Planning time: 0.557 ms
Execution time: 2517.008 ms
