Hash Join  (cost=102767.86..181731.35 rows=463665 width=0) (actual time=2532.590..3986.696 rows=264245 loops=1)
  Hash Cond: (mc.movie_id = t.id)
  ->  Seq Scan on movie_companies mc  (cost=0.00..57926.93 rows=463665 width=4) (actual time=0.023..864.652 rows=264245 loops=1)
        Filter: ((company_id < 3011) AND (company_type_id = 2))
        Rows Removed by Filter: 2344884
  ->  Hash  (cost=61283.27..61283.27 rows=2528527 width=4) (actual time=2531.661..2531.661 rows=2528312 loops=1)
        Buckets: 131072  Batches: 64  Memory Usage: 2415kB
        ->  Seq Scan on title t  (cost=0.00..61283.27 rows=2528527 width=4) (actual time=0.017..1078.471 rows=2528312 loops=1)
Planning time: 0.558 ms
Execution time: 4017.652 ms
