Hash Join  (cost=270811.74..1056890.61 rows=2716491 width=0) (actual time=5815.039..19366.362 rows=2152677 loops=1)
  Hash Cond: (ci.movie_id = t.id)
  ->  Seq Scan on cast_info ci  (cost=0.00..705507.15 rows=3583965 width=4) (actual time=577.537..11861.442 rows=3594126 loops=1)
        Filter: (person_id > 3410968)
        Rows Removed by Filter: 32650218
  ->  Hash  (cost=239368.31..239368.31 rows=1916514 width=8) (actual time=5235.852..5235.852 rows=426865 loops=1)
        Buckets: 131072  Batches: 32  Memory Usage: 1537kB
        ->  Hash Join  (cost=92883.59..239368.31 rows=1916514 width=8) (actual time=2134.038..5102.745 rows=426865 loops=1)
              Hash Cond: (mk.movie_id = t.id)
              ->  Seq Scan on movie_keyword mk  (cost=0.00..81003.12 rows=3145092 width=4) (actual time=0.026..1594.544 rows=3129446 loops=1)
                    Filter: (keyword_id < 12015)
                    Rows Removed by Filter: 1394484
              ->  Hash  (cost=67604.59..67604.59 rows=1540800 width=4) (actual time=1751.149..1751.149 rows=1543264 loops=1)
                    Buckets: 131072  Batches: 32  Memory Usage: 2728kB
                    ->  Seq Scan on title t  (cost=0.00..67604.59 rows=1540800 width=4) (actual time=161.029..1247.227 rows=1543264 loops=1)
                          Filter: (kind_id = 7)
                          Rows Removed by Filter: 985048
Planning time: 1.184 ms
Execution time: 19618.809 ms
