Seq Scan on movie_companies mc  (cost=0.00..57926.93 rows=310431 width=0) (actual time=205.951..949.453 rows=15420 loops=1)
  Filter: ((company_id > 57775) AND (company_type_id < 2))
  Rows Removed by Filter: 2593709
Planning time: 0.331 ms
Execution time: 951.722 ms
