Hash Join  (cost=175204.23..543339.10 rows=347894 width=0) (actual time=3423.705..12737.746 rows=3894860 loops=1)
  Hash Cond: (mi.movie_id = t.id)
  ->  Seq Scan on movie_info mi  (cost=0.00..309384.22 rows=14739122 width=4) (actual time=0.013..4606.282 rows=14835720 loops=1)
  ->  Hash  (cost=174458.21..174458.21 rows=59682 width=8) (actual time=3423.329..3423.329 rows=57556 loops=1)
        Buckets: 65536  Batches: 1  Memory Usage: 2761kB
        ->  Hash Join  (cost=75628.47..174458.21 rows=59682 width=8) (actual time=1125.442..3407.277 rows=57556 loops=1)
              Hash Cond: (mk.movie_id = t.id)
              ->  Seq Scan on movie_keyword mk  (cost=0.00..81003.12 rows=1454879 width=4) (actual time=0.026..1539.022 rows=1465345 loops=1)
                    Filter: (keyword_id > 11287)
                    Rows Removed by Filter: 3058585
              ->  Hash  (cost=73925.90..73925.90 rows=103725 width=4) (actual time=1124.566..1124.566 rows=98992 loops=1)
                    Buckets: 131072  Batches: 2  Memory Usage: 2766kB
                    ->  Seq Scan on title t  (cost=0.00..73925.90 rows=103725 width=4) (actual time=511.630..1089.325 rows=98992 loops=1)
                          Filter: ((production_year > 2010) AND (kind_id = 1))
                          Rows Removed by Filter: 2429320
Planning time: 1.164 ms
Execution time: 13237.077 ms
