Hash Join  (cost=231429.35..772171.24 rows=6818882 width=0) (actual time=5658.297..25448.816 rows=35406087 loops=1)
  Hash Cond: (mi.movie_id = t.id)
  ->  Seq Scan on movie_info mi  (cost=0.00..346232.03 rows=9293409 width=4) (actual time=162.114..7430.117 rows=9425200 loops=1)
        Filter: (info_type_id > 5)
        Rows Removed by Filter: 5410520
  ->  Hash  (cost=200990.55..200990.55 rows=1855264 width=8) (actual time=5495.342..5495.342 rows=1557265 loops=1)
        Buckets: 131072  Batches: 32  Memory Usage: 2963kB
        ->  Hash Join  (cost=97102.97..200990.55 rows=1855264 width=8) (actual time=1922.199..5027.259 rows=1557265 loops=1)
              Hash Cond: (mc.movie_id = t.id)
              ->  Seq Scan on movie_companies mc  (cost=0.00..44881.29 rows=2609129 width=4) (actual time=0.042..929.503 rows=2609129 loops=1)
              ->  Hash  (cost=67604.59..67604.59 rows=1797951 width=4) (actual time=1920.807..1920.807 rows=1793384 loops=1)
                    Buckets: 131072  Batches: 32  Memory Usage: 2998kB
                    ->  Seq Scan on title t  (cost=0.00..67604.59 rows=1797951 width=4) (actual time=0.036..1336.842 rows=1793384 loops=1)
                          Filter: (production_year > 1988)
                          Rows Removed by Filter: 734928
Planning time: 2.015 ms
Execution time: 29193.835 ms
