Seq Scan on cast_info ci  (cost=0.00..796071.18 rows=2920896 width=0) (actual time=6555.483..13761.024 rows=4740663 loops=1)
  Filter: ((person_id > 1774775) AND (role_id > 8))
  Rows Removed by Filter: 31503681
Planning time: 0.360 ms
Execution time: 14364.283 ms
