Hash Join  (cost=74242.71..882558.37 rows=31876 width=0) (actual time=2604.229..13401.836 rows=44751 loops=1)
  Hash Cond: (ci.movie_id = t.id)
  ->  Seq Scan on cast_info ci  (cost=0.00..796071.18 rows=3180193 width=4) (actual time=1744.465..11359.499 rows=6429945 loops=1)
        Filter: ((person_id < 877794) AND (role_id = 1))
        Rows Removed by Filter: 29814399
  ->  Hash  (cost=73925.90..73925.90 rows=25344 width=4) (actual time=859.365..859.365 rows=15457 loops=1)
        Buckets: 32768  Batches: 1  Memory Usage: 800kB
        ->  Seq Scan on title t  (cost=0.00..73925.90 rows=25344 width=4) (actual time=0.033..854.499 rows=15457 loops=1)
              Filter: ((kind_id = 1) AND (production_year = 2005))
              Rows Removed by Filter: 2512855
Planning time: 0.863 ms
Execution time: 13409.241 ms
