Seq Scan on movie_keyword mk  (cost=0.00..81003.12 rows=246 width=0) (actual time=1.265..1233.928 rows=451 loops=1)
  Filter: (keyword_id = 27548)
  Rows Removed by Filter: 4523479
Planning time: 0.421 ms
Execution time: 1234.219 ms
