Hash Join  (cost=54514.48..419192.04 rows=2163 width=0) (actual time=975.966..7960.418 rows=9164 loops=1)
  Hash Cond: (mi.movie_id = t.id)
  ->  Seq Scan on movie_info mi  (cost=0.00..309384.22 rows=14739122 width=4) (actual time=0.026..4205.916 rows=14835720 loops=1)
  ->  Hash  (cost=54509.85..54509.85 rows=371 width=8) (actual time=926.248..926.248 rows=1295 loops=1)
        Buckets: 2048 (originally 1024)  Batches: 1 (originally 1)  Memory Usage: 67kB
        ->  Nested Loop  (cost=0.43..54509.85 rows=371 width=8) (actual time=8.860..925.457 rows=1295 loops=1)
              ->  Seq Scan on movie_companies mc  (cost=0.00..51404.11 rows=371 width=4) (actual time=8.764..881.616 rows=1295 loops=1)
                    Filter: (company_id < 2)
                    Rows Removed by Filter: 2607834
              ->  Index Only Scan using title_pkey on title t  (cost=0.43..8.36 rows=1 width=4) (actual time=0.032..0.033 rows=1 loops=1295)
                    Index Cond: (id = mc.movie_id)
                    Heap Fetches: 1295
Planning time: 12.891 ms
Execution time: 7962.295 ms
