Seq Scan on cast_info ci  (cost=0.00..705507.15 rows=4390967 width=0) (actual time=355.616..11261.518 rows=4437457 loops=1)
  Filter: (person_id > 3251264)
  Rows Removed by Filter: 31806887
Planning time: 0.318 ms
Execution time: 11804.448 ms
