Seq Scan on movie_keyword mk  (cost=0.00..81003.12 rows=839091 width=0) (actual time=0.027..1301.198 rows=843909 loops=1)
  Filter: (keyword_id > 21728)
  Rows Removed by Filter: 3680021
Planning time: 0.341 ms
Execution time: 1407.008 ms
