Seq Scan on cast_info ci  (cost=0.00..796071.18 rows=2550374 width=0) (actual time=13990.040..15651.457 rows=2728943 loops=1)
  Filter: ((person_id < 3575705) AND (role_id = 4))
  Rows Removed by Filter: 33515401
Planning time: 0.392 ms
Execution time: 16000.409 ms
