Seq Scan on movie_keyword mk  (cost=0.00..81003.12 rows=573477 width=0) (actual time=0.019..1470.624 rows=571094 loops=1)
  Filter: (keyword_id > 32174)
  Rows Removed by Filter: 3952836
Planning time: 0.309 ms
Execution time: 1541.922 ms
