Hash Join  (cost=83074.10..137740.61 rows=99 width=0) (actual time=1401.934..2446.033 rows=249 loops=1)
  Hash Cond: (mc.movie_id = t.id)
  ->  Seq Scan on movie_companies mc  (cost=0.00..44881.29 rows=2609129 width=4) (actual time=0.018..581.355 rows=2609129 loops=1)
  ->  Hash  (cost=83072.90..83072.90 rows=96 width=8) (actual time=1393.001..1393.001 rows=88 loops=1)
        Buckets: 1024  Batches: 1  Memory Usage: 12kB
        ->  Nested Loop  (cost=0.43..83072.90 rows=96 width=8) (actual time=5.661..1392.912 rows=88 loops=1)
              ->  Seq Scan on movie_keyword mk  (cost=0.00..81003.12 rows=246 width=4) (actual time=1.601..1292.770 rows=2152 loops=1)
                    Filter: (keyword_id = 393)
                    Rows Removed by Filter: 4521778
              ->  Index Scan using title_pkey on title t  (cost=0.43..8.40 rows=1 width=4) (actual time=0.046..0.046 rows=0 loops=2152)
                    Index Cond: (id = mk.movie_id)
                    Filter: ((kind_id > 4) AND (production_year > 1995))
                    Rows Removed by Filter: 1
Planning time: 0.912 ms
Execution time: 2446.212 ms
