Hash Join  (cost=73948.38..438709.12 rows=10481 width=0) (actual time=1019.355..7841.724 rows=16756 loops=1)
  Hash Cond: (mi.movie_id = t.id)
  ->  Seq Scan on movie_info mi  (cost=0.00..309384.22 rows=14739122 width=4) (actual time=0.011..4204.864 rows=14835720 loops=1)
  ->  Hash  (cost=73925.90..73925.90 rows=1798 width=4) (actual time=904.479..904.479 rows=2400 loops=1)
        Buckets: 4096 (originally 2048)  Batches: 1 (originally 1)  Memory Usage: 117kB
        ->  Seq Scan on title t  (cost=0.00..73925.90 rows=1798 width=4) (actual time=376.557..903.228 rows=2400 loops=1)
              Filter: ((kind_id = 4) AND (production_year = 1995))
              Rows Removed by Filter: 2525912
Planning time: 0.800 ms
Execution time: 7845.788 ms
