Seq Scan on movie_companies mc  (cost=0.00..57926.93 rows=223434 width=0) (actual time=42.001..903.293 rows=443605 loops=1)
  Filter: ((company_id > 77866) AND (company_type_id > 1))
  Rows Removed by Filter: 2165524
Planning time: 0.335 ms
Execution time: 954.546 ms
