Hash Join  (cost=796094.01..1309838.56 rows=602545 width=0) (actual time=13945.788..25563.463 rows=999669 loops=1)
  Hash Cond: (mi.movie_id = t.id)
  ->  Seq Scan on movie_info mi  (cost=0.00..346232.03 rows=13929354 width=4) (actual time=0.023..6781.318 rows=14033580 loops=1)
        Filter: (info_type_id > 1)
        Rows Removed by Filter: 802140
  ->  Hash  (cost=794298.80..794298.80 rows=109377 width=8) (actual time=13944.999..13944.999 rows=101695 loops=1)
        Buckets: 131072  Batches: 2  Memory Usage: 3016kB
        ->  Hash Join  (cost=80562.70..794298.80 rows=109377 width=8) (actual time=3364.137..13912.244 rows=101695 loops=1)
              Hash Cond: (ci.movie_id = t.id)
              ->  Seq Scan on cast_info ci  (cost=0.00..705507.15 rows=350181 width=4) (actual time=1974.506..12218.456 rows=316118 loops=1)
                    Filter: (role_id > 10)
                    Rows Removed by Filter: 35928226
              ->  Hash  (cost=67604.59..67604.59 rows=789769 width=4) (actual time=1388.428..1388.428 rows=784926 loops=1)
                    Buckets: 131072  Batches: 16  Memory Usage: 2749kB
                    ->  Seq Scan on title t  (cost=0.00..67604.59 rows=789769 width=4) (actual time=0.023..1138.663 rows=784926 loops=1)
                          Filter: (production_year > 2007)
                          Rows Removed by Filter: 1743386
Planning time: 1.211 ms
Execution time: 25670.153 ms
