Hash Join  (cost=73994.33..100918.42 rows=998 width=0) (actual time=1173.134..1727.775 rows=830 loops=1)
  Hash Cond: (mi_idx.movie_id = t.id)
  ->  Seq Scan on movie_info_idx mi_idx  (cost=0.00..25185.44 rows=460978 width=4) (actual time=0.027..467.491 rows=459925 loops=1)
        Filter: (info_type_id < 100)
        Rows Removed by Filter: 920110
  ->  Hash  (cost=73925.90..73925.90 rows=5474 width=4) (actual time=1167.394..1167.394 rows=6736 loops=1)
        Buckets: 8192  Batches: 1  Memory Usage: 301kB
        ->  Seq Scan on title t  (cost=0.00..73925.90 rows=5474 width=4) (actual time=0.612..1163.959 rows=6736 loops=1)
              Filter: ((kind_id > 1) AND (production_year = 1958))
              Rows Removed by Filter: 2521576
Planning time: 0.714 ms
Execution time: 1728.060 ms
