Seq Scan on movie_companies mc  (cost=0.00..51404.11 rows=104 width=0) (actual time=0.062..795.723 rows=1438 loops=1)
  Filter: (company_id = 10999)
  Rows Removed by Filter: 2607691
Planning time: 0.343 ms
Execution time: 796.046 ms
