Hash Join  (cost=510374.62..1379193.67 rows=2055336 width=0) (actual time=11151.273..30264.021 rows=5275744 loops=1)
  Hash Cond: (ci.movie_id = t.id)
  ->  Seq Scan on cast_info ci  (cost=0.00..796071.18 rows=4084136 width=4) (actual time=857.199..13831.560 rows=8309229 loops=1)
        Filter: ((person_id < 1134634) AND (role_id = 1))
        Rows Removed by Filter: 27935115
  ->  Hash  (cost=489497.65..489497.65 rows=1272478 width=8) (actual time=10293.179..10293.179 rows=1325361 loops=1)
        Buckets: 131072  Batches: 32  Memory Usage: 2635kB
        ->  Hash Join  (cost=102767.86..489497.65 rows=1272478 width=8) (actual time=4734.765..9295.395 rows=1325361 loops=1)
              Hash Cond: (mi.movie_id = t.id)
              ->  Seq Scan on movie_info mi  (cost=0.00..346232.03 rows=1272478 width=4) (actual time=2208.059..5333.471 rows=1325361 loops=1)
                    Filter: (info_type_id = 8)
                    Rows Removed by Filter: 13510359
              ->  Hash  (cost=61283.27..61283.27 rows=2528527 width=4) (actual time=2525.327..2525.327 rows=2528312 loops=1)
                    Buckets: 131072  Batches: 64  Memory Usage: 2425kB
                    ->  Seq Scan on title t  (cost=0.00..61283.27 rows=2528527 width=4) (actual time=0.024..1150.522 rows=2528312 loops=1)
Planning time: 1.161 ms
Execution time: 30762.295 ms
