Hash Join  (cost=164875.01..923438.89 rows=777464 width=0) (actual time=3098.129..22422.920 rows=3244017 loops=1)
  Hash Cond: (ci.movie_id = t.id)
  ->  Seq Scan on cast_info ci  (cost=0.00..614943.12 rows=36225612 width=4) (actual time=0.021..8920.189 rows=36244344 loops=1)
  ->  Hash  (cost=164196.67..164196.67 rows=54267 width=8) (actual time=3097.595..3097.595 rows=52529 loops=1)
        Buckets: 65536  Batches: 1  Memory Usage: 2564kB
        ->  Hash Join  (cost=69694.50..164196.67 rows=54267 width=8) (actual time=1262.159..3079.737 rows=52529 loops=1)
              Hash Cond: (mk.movie_id = t.id)
              ->  Seq Scan on movie_keyword mk  (cost=0.00..81003.12 rows=1077434 width=4) (actual time=0.027..1424.512 rows=1088237 loops=1)
                    Filter: (keyword_id > 16264)
                    Rows Removed by Filter: 3435693
              ->  Hash  (cost=67604.59..67604.59 rows=127353 width=4) (actual time=1260.547..1260.547 rows=128696 loops=1)
                    Buckets: 131072  Batches: 2  Memory Usage: 3290kB
                    ->  Seq Scan on title t  (cost=0.00..67604.59 rows=127353 width=4) (actual time=0.021..1202.327 rows=128696 loops=1)
                          Filter: (production_year = 2009)
                          Rows Removed by Filter: 2399616
Planning time: 3.400 ms
Execution time: 22837.923 ms
