Hash Join  (cost=193690.81..273760.84 rows=364151 width=0) (actual time=4394.795..5864.673 rows=167991 loops=1)
  Hash Cond: (mc.movie_id = t.id)
  ->  Seq Scan on movie_companies mc  (cost=0.00..44881.29 rows=2609129 width=4) (actual time=0.015..878.392 rows=2609129 loops=1)
  ->  Hash  (cost=187900.53..187900.53 rows=352902 width=8) (actual time=3880.975..3880.975 rows=88575 loops=1)
        Buckets: 131072  Batches: 8  Memory Usage: 1437kB
        ->  Hash Join  (cost=83661.18..187900.53 rows=352902 width=8) (actual time=1485.726..3852.354 rows=88575 loops=1)
              Hash Cond: (mk.movie_id = t.id)
              ->  Seq Scan on movie_keyword mk  (cost=0.00..81003.12 rows=1503789 width=4) (actual time=0.021..1478.082 rows=1522306 loops=1)
                    Filter: (keyword_id > 10568)
                    Rows Removed by Filter: 3001624
              ->  Hash  (cost=73925.90..73925.90 rows=593382 width=4) (actual time=1364.134..1364.134 rows=486368 loops=1)
                    Buckets: 131072  Batches: 8  Memory Usage: 3153kB
                    ->  Seq Scan on title t  (cost=0.00..73925.90 rows=593382 width=4) (actual time=67.205..1188.950 rows=486368 loops=1)
                          Filter: ((production_year < 1999) AND (kind_id = 7))
                          Rows Removed by Filter: 2041944
Planning time: 0.795 ms
Execution time: 5882.761 ms
