Hash Join  (cost=190230.21..286352.99 rows=1261092 width=0) (actual time=4463.794..8145.832 rows=3634326 loops=1)
  Hash Cond: (mc.movie_id = t.id)
  ->  Seq Scan on movie_companies mc  (cost=0.00..51404.11 rows=2310598 width=4) (actual time=0.026..1123.656 rows=2316252 loops=1)
        Filter: (company_id > 159)
        Rows Removed by Filter: 292877
  ->  Hash  (cost=167588.78..167588.78 rows=1380035 width=8) (actual time=4462.317..4462.317 rows=1380035 loops=1)
        Buckets: 131072  Batches: 32  Memory Usage: 2708kB
        ->  Hash Join  (cost=102767.86..167588.78 rows=1380035 width=8) (actual time=1984.251..4044.000 rows=1380035 loops=1)
              Hash Cond: (mi_idx.movie_id = t.id)
              ->  Seq Scan on movie_info_idx mi_idx  (cost=0.00..21735.35 rows=1380035 width=4) (actual time=0.021..466.027 rows=1380035 loops=1)
              ->  Hash  (cost=61283.27..61283.27 rows=2528527 width=4) (actual time=1982.618..1982.618 rows=2528312 loops=1)
                    Buckets: 131072  Batches: 64  Memory Usage: 2415kB
                    ->  Seq Scan on title t  (cost=0.00..61283.27 rows=2528527 width=4) (actual time=0.030..1115.955 rows=2528312 loops=1)
Planning time: 1.141 ms
Execution time: 8559.315 ms
