Hash Join  (cost=426347.08..516985.05 rows=5845 width=0) (actual time=6382.717..8639.645 rows=636273 loops=1)
  Hash Cond: (mk.movie_id = t.id)
  ->  Seq Scan on movie_keyword mk  (cost=0.00..81003.12 rows=2553705 width=4) (actual time=0.024..1683.796 rows=2543903 loops=1)
        Filter: (keyword_id < 6391)
        Rows Removed by Filter: 1980027
  ->  Hash  (cost=426274.74..426274.74 rows=5787 width=8) (actual time=6382.590..6382.590 rows=12996 loops=1)
        Buckets: 16384 (originally 8192)  Batches: 1 (originally 1)  Memory Usage: 636kB
        ->  Hash Join  (cost=78306.32..426274.74 rows=5787 width=8) (actual time=2062.413..6379.193 rows=12996 loops=1)
              Hash Cond: (mi.movie_id = t.id)
              ->  Seq Scan on movie_info mi  (cost=0.00..346232.03 rows=54808 width=4) (actual time=812.630..5186.485 rows=50267 loops=1)
                    Filter: (info_type_id > 107)
                    Rows Removed by Filter: 14785453
              ->  Hash  (cost=73925.90..73925.90 rows=266993 width=4) (actual time=1147.929..1147.929 rows=216282 loops=1)
                    Buckets: 131072  Batches: 4  Memory Usage: 2934kB
                    ->  Seq Scan on title t  (cost=0.00..73925.90 rows=266993 width=4) (actual time=531.704..1075.581 rows=216282 loops=1)
                          Filter: ((production_year > 2005) AND (kind_id = 1))
                          Rows Removed by Filter: 2312030
Planning time: 1.136 ms
Execution time: 8722.580 ms
