Seq Scan on cast_info ci  (cost=0.00..705507.15 rows=500 width=0) (actual time=2977.098..11316.639 rows=7 loops=1)
  Filter: (person_id = 3739499)
  Rows Removed by Filter: 36244337
Planning time: 0.344 ms
Execution time: 11316.732 ms
