Hash Join  (cost=115108.20..477223.58 rows=71089 width=0) (actual time=2697.047..8421.195 rows=66276 loops=1)
  Hash Cond: (mi.movie_id = t.id)
  ->  Seq Scan on movie_info mi  (cost=0.00..346232.03 rows=1264125 width=4) (actual time=381.119..5612.969 rows=1288928 loops=1)
        Filter: (info_type_id = 2)
        Rows Removed by Filter: 13546792
  ->  Hash  (cost=112774.78..112774.78 rows=142193 width=8) (actual time=2315.113..2315.113 rows=87676 loops=1)
        Buckets: 131072  Batches: 2  Memory Usage: 2736kB
        ->  Hash Join  (cost=74050.79..112774.78 rows=142193 width=8) (actual time=1246.139..2289.791 rows=87676 loops=1)
              Hash Cond: (mi_idx.movie_id = t.id)
              ->  Seq Scan on movie_info_idx mi_idx  (cost=0.00..25185.44 rows=915101 width=4) (actual time=0.022..594.797 rows=919850 loops=1)
                    Filter: (info_type_id < 101)
                    Rows Removed by Filter: 460185
              ->  Hash  (cost=67604.59..67604.59 rows=392896 width=4) (actual time=1244.375..1244.375 rows=391666 loops=1)
                    Buckets: 131072  Batches: 8  Memory Usage: 2753kB
                    ->  Seq Scan on title t  (cost=0.00..67604.59 rows=392896 width=4) (actual time=0.022..1117.761 rows=391666 loops=1)
                          Filter: (production_year > 2010)
                          Rows Removed by Filter: 2136646
Planning time: 1.154 ms
Execution time: 8430.605 ms
