Hash Join  (cost=83073.33..142992.40 rows=7 width=0) (actual time=2055.704..2506.216 rows=645 loops=1)
  Hash Cond: (mc.movie_id = t.id)
  ->  Seq Scan on movie_companies mc  (cost=0.00..57926.93 rows=531219 width=4) (actual time=464.113..1021.471 rows=834895 loops=1)
        Filter: ((company_id > 14922) AND (company_type_id = 2))
        Rows Removed by Filter: 1774234
  ->  Hash  (cost=83072.90..83072.90 rows=34 width=8) (actual time=1370.032..1370.032 rows=347 loops=1)
        Buckets: 1024  Batches: 1  Memory Usage: 22kB
        ->  Nested Loop  (cost=0.43..83072.90 rows=34 width=8) (actual time=0.748..1368.491 rows=347 loops=1)
              ->  Seq Scan on movie_keyword mk  (cost=0.00..81003.12 rows=246 width=4) (actual time=0.203..1337.474 rows=653 loops=1)
                    Filter: (keyword_id = 2973)
                    Rows Removed by Filter: 4523277
              ->  Index Scan using title_pkey on title t  (cost=0.43..8.40 rows=1 width=4) (actual time=0.046..0.046 rows=1 loops=653)
                    Index Cond: (id = mk.movie_id)
                    Filter: ((production_year > 2001) AND (kind_id = 1))
                    Rows Removed by Filter: 0
Planning time: 2.325 ms
Execution time: 2506.472 ms
