Hash Join  (cost=240292.90..791783.70 rows=6718187 width=0) (actual time=5197.602..31454.756 rows=60865029 loops=1)
  Hash Cond: (mi.movie_id = t.id)
  ->  Seq Scan on movie_info mi  (cost=0.00..309384.22 rows=14739122 width=4) (actual time=0.019..6349.207 rows=14835720 loops=1)
  ->  Hash  (cost=221383.42..221383.42 rows=1152519 width=8) (actual time=5196.280..5196.280 rows=1168387 loops=1)
        Buckets: 131072  Batches: 16  Memory Usage: 4018kB
        ->  Hash Join  (cost=102767.86..221383.42 rows=1152519 width=8) (actual time=2045.235..4849.100 rows=1168387 loops=1)
              Hash Cond: (mk.movie_id = t.id)
              ->  Seq Scan on movie_keyword mk  (cost=0.00..81003.12 rows=1152519 width=4) (actual time=0.020..1474.943 rows=1168387 loops=1)
                    Filter: (keyword_id > 16009)
                    Rows Removed by Filter: 3355543
              ->  Hash  (cost=61283.27..61283.27 rows=2528527 width=4) (actual time=2043.415..2043.415 rows=2528312 loops=1)
                    Buckets: 131072  Batches: 64  Memory Usage: 2425kB
                    ->  Seq Scan on title t  (cost=0.00..61283.27 rows=2528527 width=4) (actual time=0.023..1163.344 rows=2528312 loops=1)
Planning time: 1.060 ms
Execution time: 37857.117 ms
