Hash Join  (cost=119467.72..174155.97 rows=2272 width=0) (actual time=1249.365..2433.854 rows=3351 loops=1)
  Hash Cond: (mc.movie_id = t.id)
  ->  Seq Scan on movie_companies mc  (cost=0.00..44881.29 rows=2609129 width=4) (actual time=0.012..662.394 rows=2609129 loops=1)
  ->  Hash  (cost=119440.20..119440.20 rows=2202 width=8) (actual time=1248.489..1248.489 rows=2320 loops=1)
        Buckets: 4096  Batches: 1  Memory Usage: 123kB
        ->  Nested Loop  (cost=0.43..119440.20 rows=2202 width=8) (actual time=0.205..1247.091 rows=2320 loops=1)
              ->  Seq Scan on movie_keyword mk  (cost=0.00..81003.12 rows=5278 width=4) (actual time=0.161..1146.869 rows=4458 loops=1)
                    Filter: (keyword_id = 3434)
                    Rows Removed by Filter: 4519472
              ->  Index Scan using title_pkey on title t  (cost=0.43..7.27 rows=1 width=4) (actual time=0.022..0.022 rows=1 loops=4458)
                    Index Cond: (id = mk.movie_id)
                    Filter: ((kind_id > 1) AND (production_year > 1999))
                    Rows Removed by Filter: 0
Planning time: 1.181 ms
Execution time: 2434.611 ms
