Hash Join  (cost=74048.69..130490.50 rows=5165 width=0) (actual time=1393.221..1980.868 rows=1981 loops=1)
  Hash Cond: (mc.movie_id = t.id)
  ->  Seq Scan on movie_companies mc  (cost=0.00..51404.11 rows=1329612 width=4) (actual time=163.080..828.717 rows=1334883 loops=1)
        Filter: (company_type_id > 1)
        Rows Removed by Filter: 1274246
  ->  Hash  (cost=73925.90..73925.90 rows=9823 width=4) (actual time=952.496..952.496 rows=2689 loops=1)
        Buckets: 16384  Batches: 1  Memory Usage: 223kB
        ->  Seq Scan on title t  (cost=0.00..73925.90 rows=9823 width=4) (actual time=502.541..950.978 rows=2689 loops=1)
              Filter: ((production_year < 1960) AND (kind_id = 3))
              Rows Removed by Filter: 2525623
Planning time: 1.204 ms
Execution time: 1981.378 ms
