Seq Scan on movie_keyword mk  (cost=0.00..81003.12 rows=4186007 width=0) (actual time=0.016..1583.908 rows=4169985 loops=1)
  Filter: (keyword_id > 313)
  Rows Removed by Filter: 353945
Planning time: 0.305 ms
Execution time: 2099.824 ms
