Seq Scan on movie_keyword mk  (cost=0.00..81003.12 rows=246 width=0) (actual time=91.196..1197.709 rows=23 loops=1)
  Filter: (keyword_id = 54320)
  Rows Removed by Filter: 4523907
Planning time: 0.330 ms
Execution time: 1197.817 ms
