Hash Join  (cost=58375.78..809170.24 rows=530 width=0) (actual time=732.120..16381.446 rows=21644 loops=1)
  Hash Cond: (ci.movie_id = t.id)
  ->  Seq Scan on cast_info ci  (cost=0.00..614943.12 rows=36225612 width=4) (actual time=0.006..8471.741 rows=36244344 loops=1)
  ->  Hash  (cost=58375.31..58375.31 rows=37 width=8) (actual time=728.227..728.227 rows=584 loops=1)
        Buckets: 1024  Batches: 1  Memory Usage: 31kB
        ->  Nested Loop  (cost=0.43..58375.31 rows=37 width=8) (actual time=82.862..727.888 rows=584 loops=1)
              ->  Seq Scan on movie_companies mc  (cost=0.00..57926.93 rows=53 width=4) (actual time=82.821..714.097 rows=630 loops=1)
                    Filter: ((company_id = 7323) AND (company_type_id = 2))
                    Rows Removed by Filter: 2608499
              ->  Index Scan using title_pkey on title t  (cost=0.43..8.45 rows=1 width=4) (actual time=0.021..0.021 rows=1 loops=630)
                    Index Cond: (id = mc.movie_id)
                    Filter: (production_year > 1990)
                    Rows Removed by Filter: 0
Planning time: 1.262 ms
Execution time: 16385.703 ms
