Hash Join  (cost=128681.84..879845.22 rows=37422 width=0) (actual time=2346.297..18956.656 rows=7389 loops=1)
  Hash Cond: (ci.movie_id = t.id)
  ->  Seq Scan on cast_info ci  (cost=0.00..614943.12 rows=36225612 width=4) (actual time=0.021..8983.978 rows=36244344 loops=1)
  ->  Hash  (cost=128649.19..128649.19 rows=2612 width=8) (actual time=2302.850..2302.850 rows=5257 loops=1)
        Buckets: 8192 (originally 4096)  Batches: 1 (originally 1)  Memory Usage: 270kB
        ->  Hash Join  (cost=73957.54..128649.19 rows=2612 width=8) (actual time=1253.856..2300.217 rows=5257 loops=1)
              Hash Cond: (mc.movie_id = t.id)
              ->  Seq Scan on movie_companies mc  (cost=0.00..44881.29 rows=2609129 width=4) (actual time=0.024..689.139 rows=2609129 loops=1)
              ->  Hash  (cost=73925.90..73925.90 rows=2531 width=4) (actual time=1097.409..1097.409 rows=2712 loops=1)
                    Buckets: 4096  Batches: 1  Memory Usage: 128kB
                    ->  Seq Scan on title t  (cost=0.00..73925.90 rows=2531 width=4) (actual time=0.040..1095.992 rows=2712 loops=1)
                          Filter: ((kind_id < 4) AND (production_year = 1908))
                          Rows Removed by Filter: 2525600
Planning time: 1.202 ms
Execution time: 18958.601 ms
