Hash Join  (cost=143381.64..230822.89 rows=78322 width=0) (actual time=2860.570..4674.099 rows=91876 loops=1)
  Hash Cond: (mk.movie_id = t.id)
  ->  Seq Scan on movie_keyword mk  (cost=0.00..69693.30 rows=4523930 width=4) (actual time=0.019..970.828 rows=4523930 loops=1)
  ->  Hash  (cost=142834.43..142834.43 rows=43776 width=8) (actual time=2859.665..2859.665 rows=29076 loops=1)
        Buckets: 65536  Batches: 1  Memory Usage: 1648kB
        ->  Hash Join  (cost=75292.52..142834.43 rows=43776 width=8) (actual time=1448.880..2848.142 rows=29076 loops=1)
              Hash Cond: (mc.movie_id = t.id)
              ->  Seq Scan on movie_companies mc  (cost=0.00..51404.11 rows=1329612 width=4) (actual time=145.206..1062.923 rows=1334883 loops=1)
                    Filter: (company_type_id > 1)
                    Rows Removed by Filter: 1274246
              ->  Hash  (cost=73925.90..73925.90 rows=83249 width=4) (actual time=1302.791..1302.791 rows=101793 loops=1)
                    Buckets: 131072  Batches: 2  Memory Usage: 2803kB
                    ->  Seq Scan on title t  (cost=0.00..73925.90 rows=83249 width=4) (actual time=0.038..1262.973 rows=101793 loops=1)
                          Filter: ((kind_id > 1) AND (production_year = 2007))
                          Rows Removed by Filter: 2426519
Planning time: 1.193 ms
Execution time: 4686.150 ms
