Hash Join  (cost=1279319.65..2476103.85 rows=53381405 width=0) (actual time=33880.945..90981.200 rows=160233289 loops=1)
  Hash Cond: (mi.movie_id = t.id)
  ->  Seq Scan on movie_info mi  (cost=0.00..309384.22 rows=14739122 width=4) (actual time=0.010..6005.013 rows=14835720 loops=1)
  ->  Hash  (cost=1129075.52..1129075.52 rows=9157691 width=8) (actual time=33878.593..33878.593 rows=12670688 loops=1)
        Buckets: 131072 (originally 131072)  Batches: 256 (originally 128)  Memory Usage: 3073kB
        ->  Hash Join  (cost=102767.86..1129075.52 rows=9157691 width=8) (actual time=2762.106..29366.804 rows=12670688 loops=1)
              Hash Cond: (ci.movie_id = t.id)
              ->  Seq Scan on cast_info ci  (cost=0.00..796071.18 rows=9157691 width=4) (actual time=718.470..15399.832 rows=12670688 loops=1)
                    Filter: ((person_id < 2696726) AND (role_id = 1))
                    Rows Removed by Filter: 23573656
              ->  Hash  (cost=61283.27..61283.27 rows=2528527 width=4) (actual time=2042.349..2042.349 rows=2528312 loops=1)
                    Buckets: 131072  Batches: 64  Memory Usage: 2415kB
                    ->  Seq Scan on title t  (cost=0.00..61283.27 rows=2528527 width=4) (actual time=0.034..1187.497 rows=2528312 loops=1)
Planning time: 1.201 ms
Execution time: 108073.385 ms
