Seq Scan on movie_companies mc  (cost=0.00..51404.11 rows=1524015 width=0) (actual time=0.023..921.860 rows=1512168 loops=1)
  Filter: (company_id < 14091)
  Rows Removed by Filter: 1096961
Planning time: 0.345 ms
Execution time: 1110.244 ms
