Hash Join  (cost=174865.45..255492.41 rows=455907 width=0) (actual time=4451.358..6654.042 rows=1541322 loops=1)
  Hash Cond: (mc.movie_id = t.id)
  ->  Seq Scan on movie_companies mc  (cost=0.00..57926.93 rows=1259721 width=4) (actual time=500.111..1299.625 rows=1274246 loops=1)
        Filter: ((company_id < 199800) AND (company_type_id = 1))
        Rows Removed by Filter: 1334883
  ->  Hash  (cost=159851.69..159851.69 rows=915101 width=8) (actual time=3950.398..3950.398 rows=919850 loops=1)
        Buckets: 131072  Batches: 16  Memory Usage: 3269kB
        ->  Hash Join  (cost=102767.86..159851.69 rows=915101 width=8) (actual time=1993.156..3688.178 rows=919850 loops=1)
              Hash Cond: (mi_idx.movie_id = t.id)
              ->  Seq Scan on movie_info_idx mi_idx  (cost=0.00..25185.44 rows=915101 width=4) (actual time=0.028..555.902 rows=919850 loops=1)
                    Filter: (info_type_id < 101)
                    Rows Removed by Filter: 460185
              ->  Hash  (cost=61283.27..61283.27 rows=2528527 width=4) (actual time=1990.647..1990.647 rows=2528312 loops=1)
                    Buckets: 131072  Batches: 64  Memory Usage: 2415kB
                    ->  Seq Scan on title t  (cost=0.00..61283.27 rows=2528527 width=4) (actual time=0.011..1132.181 rows=2528312 loops=1)
Planning time: 1.201 ms
Execution time: 6826.859 ms
