Seq Scan on movie_companies mc  (cost=0.00..57926.93 rows=966340 width=0) (actual time=0.023..1167.349 rows=1256737 loops=1)
  Filter: ((company_id < 56246) AND (company_type_id < 2))
  Rows Removed by Filter: 1352392
Planning time: 0.331 ms
Execution time: 1330.791 ms
