Hash Join  (cost=567211.30..1642248.17 rows=2522453 width=0) (actual time=12088.489..32567.130 rows=1729668 loops=1)
  Hash Cond: (ci.movie_id = t.id)
  ->  Seq Scan on cast_info ci  (cost=0.00..796071.18 rows=14146117 width=4) (actual time=0.023..14599.260 rows=12597247 loops=1)
        Filter: ((person_id > 1992807) AND (role_id < 10))
        Rows Removed by Filter: 23647097
  ->  Hash  (cost=559813.40..559813.40 rows=450872 width=8) (actual time=12087.059..12087.059 rows=187492 loops=1)
        Buckets: 131072  Batches: 8  Memory Usage: 1929kB
        ->  Hash Join  (cost=75195.76..559813.40 rows=450872 width=8) (actual time=1556.942..12023.494 rows=187492 loops=1)
              Hash Cond: (mi.movie_id = t.id)
              ->  Seq Scan on movie_info mi  (cost=0.00..309384.22 rows=14739122 width=4) (actual time=0.012..5723.847 rows=14835720 loops=1)
              ->  Hash  (cost=73925.90..73925.90 rows=77348 width=4) (actual time=1145.121..1145.121 rows=84109 loops=1)
                    Buckets: 131072  Batches: 2  Memory Usage: 2515kB
                    ->  Seq Scan on title t  (cost=0.00..73925.90 rows=77348 width=4) (actual time=0.029..1112.139 rows=84109 loops=1)
                          Filter: ((kind_id = 7) AND (production_year = 2008))
                          Rows Removed by Filter: 2444203
Planning time: 1.137 ms
Execution time: 32762.687 ms
