Seq Scan on movie_companies mc  (cost=0.00..51404.11 rows=104 width=0) (actual time=152.948..812.279 rows=60 loops=1)
  Filter: (company_id = 2912)
  Rows Removed by Filter: 2609069
Planning time: 0.352 ms
Execution time: 812.381 ms
