Seq Scan on movie_keyword mk  (cost=0.00..81003.12 rows=1835356 width=0) (actual time=0.026..1423.880 rows=1840909 loops=1)
  Filter: (keyword_id > 7556)
  Rows Removed by Filter: 2683021
Planning time: 0.319 ms
Execution time: 1647.990 ms
