Hash Join  (cost=102767.86..198124.00 rows=1144936 width=0) (actual time=1908.090..4257.743 rows=969745 loops=1)
  Hash Cond: (mc.movie_id = t.id)
  ->  Seq Scan on movie_companies mc  (cost=0.00..57926.93 rows=1144936 width=4) (actual time=0.021..1088.985 rows=969745 loops=1)
        Filter: ((company_id < 86132) AND (company_type_id = 2))
        Rows Removed by Filter: 1639384
  ->  Hash  (cost=61283.27..61283.27 rows=2528527 width=4) (actual time=1906.545..1906.545 rows=2528312 loops=1)
        Buckets: 131072  Batches: 64  Memory Usage: 2415kB
        ->  Seq Scan on title t  (cost=0.00..61283.27 rows=2528527 width=4) (actual time=0.022..1058.753 rows=2528312 loops=1)
Planning time: 0.719 ms
Execution time: 4379.038 ms
