Seq Scan on movie_companies mc  (cost=0.00..51404.11 rows=104 width=0) (actual time=2.742..784.047 rows=120 loops=1)
  Filter: (company_id = 1569)
  Rows Removed by Filter: 2609009
Planning time: 0.347 ms
Execution time: 784.188 ms
