Hash Join  (cost=102767.86..1075390.66 rows=6926623 width=0) (actual time=1952.268..28150.177 rows=12670688 loops=1)
  Hash Cond: (ci.movie_id = t.id)
  ->  Seq Scan on cast_info ci  (cost=0.00..796071.18 rows=6926623 width=4) (actual time=1.289..15499.867 rows=12670688 loops=1)
        Filter: ((person_id < 1964037) AND (role_id = 1))
        Rows Removed by Filter: 23573656
  ->  Hash  (cost=61283.27..61283.27 rows=2528527 width=4) (actual time=1949.763..1949.763 rows=2528312 loops=1)
        Buckets: 131072  Batches: 64  Memory Usage: 2415kB
        ->  Seq Scan on title t  (cost=0.00..61283.27 rows=2528527 width=4) (actual time=0.018..1100.304 rows=2528312 loops=1)
Planning time: 1.990 ms
Execution time: 29667.287 ms
