Hash Join  (cost=968108.71..1078652.25 rows=522301 width=176) (actual time=19090.886..23021.873 rows=1956902 loops=1)
  Hash Cond: (mc.movie_id = t.id)
  ->  Seq Scan on movie_companies mc  (cost=0.00..44881.29 rows=2609129 width=40) (actual time=0.055..1179.456 rows=2609129 loops=1)
  ->  Hash  (cost=951894.64..951894.64 rows=506166 width=136) (actual time=18622.884..18622.884 rows=1223675 loops=1)
        Buckets: 32768 (originally 32768)  Batches: 64 (originally 32)  Memory Usage: 3841kB
        ->  Hash Join  (cost=109435.59..951894.64 rows=506166 width=136) (actual time=8204.412..17794.277 rows=1223675 loops=1)
              Hash Cond: (ci.movie_id = t.id)
              ->  Seq Scan on cast_info ci  (cost=0.00..796071.18 rows=830642 width=42) (actual time=5807.264..12285.918 rows=1899689 loops=1)
                    Filter: ((person_id > 3688057) AND (role_id > 2))
                    Rows Removed by Filter: 34344655
              ->  Hash  (cost=67604.59..67604.59 rows=1540800 width=94) (actual time=2395.487..2395.487 rows=1543264 loops=1)
                    Buckets: 32768  Batches: 64  Memory Usage: 3011kB
                    ->  Seq Scan on title t  (cost=0.00..67604.59 rows=1540800 width=94) (actual time=0.025..1521.383 rows=1543264 loops=1)
                          Filter: (kind_id > 6)
                          Rows Removed by Filter: 985048
Planning time: 6.984 ms
Execution time: 23130.491 ms
