Seq Scan on movie_companies mc  (cost=0.00..51404.11 rows=104 width=0) (actual time=40.671..827.977 rows=142 loops=1)
  Filter: (company_id = 98675)
  Rows Removed by Filter: 2608987
Planning time: 0.350 ms
Execution time: 828.081 ms
