Seq Scan on movie_keyword mk  (cost=0.00..81003.12 rows=4273951 width=0) (actual time=0.020..1581.545 rows=4255669 loops=1)
  Filter: (keyword_id > 229)
  Rows Removed by Filter: 268261
Planning time: 0.360 ms
Execution time: 2112.211 ms
