Seq Scan on cast_info ci  (cost=0.00..705507.15 rows=2229094 width=0) (actual time=3040.428..10865.497 rows=2268001 loops=1)
  Filter: (person_id > 3618670)
  Rows Removed by Filter: 33976343
Planning time: 0.318 ms
Execution time: 11156.157 ms
