Hash Join  (cost=68438.72..816750.99 rows=281441 width=0) (actual time=1099.537..16908.474 rows=266614 loops=1)
  Hash Cond: (ci.movie_id = t.id)
  ->  Seq Scan on cast_info ci  (cost=0.00..705507.15 rows=10664187 width=4) (actual time=0.032..12525.654 rows=10487860 loops=1)
        Filter: (person_id < 1030122)
        Rows Removed by Filter: 25756484
  ->  Hash  (cost=67604.59..67604.59 rows=66731 width=4) (actual time=1098.753..1098.753 rows=67342 loops=1)
        Buckets: 131072  Batches: 1  Memory Usage: 3392kB
        ->  Seq Scan on title t  (cost=0.00..67604.59 rows=66731 width=4) (actual time=0.027..1070.854 rows=67342 loops=1)
              Filter: (production_year > 2012)
              Rows Removed by Filter: 2460970
Planning time: 0.775 ms
Execution time: 16948.902 ms
