Hash Join  (cost=204112.44..343081.33 rows=1208660 width=0) (actual time=4325.885..10998.456 rows=12876035 loops=1)
  Hash Cond: (mk.movie_id = t.id)
  ->  Seq Scan on movie_keyword mk  (cost=0.00..81003.12 rows=3687779 width=4) (actual time=0.024..1835.466 rows=3685986 loops=1)
        Filter: (keyword_id > 797)
        Rows Removed by Filter: 837944
  ->  Hash  (cost=190515.46..190515.46 rows=828718 width=8) (actual time=4324.801..4324.801 rows=621291 loops=1)
        Buckets: 131072  Batches: 16  Memory Usage: 2584kB
        ->  Hash Join  (cost=102767.86..190515.46 rows=828718 width=8) (actual time=2234.880..4145.177 rows=621291 loops=1)
              Hash Cond: (mc.movie_id = t.id)
              ->  Seq Scan on movie_companies mc  (cost=0.00..57926.93 rows=828718 width=4) (actual time=384.199..1147.905 rows=621291 loops=1)
                    Filter: ((company_id > 3139) AND (company_type_id < 2))
                    Rows Removed by Filter: 1987838
              ->  Hash  (cost=61283.27..61283.27 rows=2528527 width=4) (actual time=1849.428..1849.428 rows=2528312 loops=1)
                    Buckets: 131072  Batches: 64  Memory Usage: 2415kB
                    ->  Seq Scan on title t  (cost=0.00..61283.27 rows=2528527 width=4) (actual time=0.021..1036.519 rows=2528312 loops=1)
Planning time: 1.074 ms
Execution time: 12509.323 ms
