Seq Scan on movie_keyword mk  (cost=0.00..81003.12 rows=3183085 width=0) (actual time=0.025..1492.742 rows=3164156 loops=1)
  Filter: (keyword_id > 1770)
  Rows Removed by Filter: 1359774
Planning time: 0.350 ms
Execution time: 1899.921 ms
