Hash Join  (cost=92883.59..173599.09 rows=540480 width=0) (actual time=1963.864..3655.196 rows=271319 loops=1)
  Hash Cond: (mc.movie_id = t.id)
  ->  Seq Scan on movie_companies mc  (cost=0.00..57926.93 rows=886953 width=4) (actual time=303.657..1109.564 rows=1082556 loops=1)
        Filter: ((company_id > 2543) AND (company_type_id > 1))
        Rows Removed by Filter: 1526573
  ->  Hash  (cost=67604.59..67604.59 rows=1540800 width=4) (actual time=1658.937..1658.937 rows=1543264 loops=1)
        Buckets: 131072  Batches: 32  Memory Usage: 2722kB
        ->  Seq Scan on title t  (cost=0.00..67604.59 rows=1540800 width=4) (actual time=0.033..1155.484 rows=1543264 loops=1)
              Filter: (kind_id = 7)
              Rows Removed by Filter: 985048
Planning time: 2.572 ms
Execution time: 3687.513 ms
