Hash Join  (cost=233075.61..279891.21 rows=531712 width=0) (actual time=4826.267..6683.934 rows=2103751 loops=1)
  Hash Cond: (mi_idx.movie_id = t.id)
  ->  Seq Scan on movie_info_idx mi_idx  (cost=0.00..21735.35 rows=1380035 width=4) (actual time=0.023..542.233 rows=1380035 loops=1)
  ->  Hash  (cost=217091.94..217091.94 rows=974213 width=8) (actual time=4825.273..4825.273 rows=975999 loops=1)
        Buckets: 131072  Batches: 16  Memory Usage: 3434kB
        ->  Hash Join  (cost=102767.86..217091.94 rows=974213 width=8) (actual time=1949.629..4541.513 rows=975999 loops=1)
              Hash Cond: (mk.movie_id = t.id)
              ->  Seq Scan on movie_keyword mk  (cost=0.00..81003.12 rows=974213 width=4) (actual time=0.011..1391.095 rows=975999 loops=1)
                    Filter: (keyword_id < 917)
                    Rows Removed by Filter: 3547931
              ->  Hash  (cost=61283.27..61283.27 rows=2528527 width=4) (actual time=1948.492..1948.492 rows=2528312 loops=1)
                    Buckets: 131072  Batches: 64  Memory Usage: 2425kB
                    ->  Seq Scan on title t  (cost=0.00..61283.27 rows=2528527 width=4) (actual time=0.009..1078.601 rows=2528312 loops=1)
Planning time: 0.957 ms
Execution time: 6932.539 ms
