Hash Join  (cost=102767.86..226109.99 rows=2579078 width=0) (actual time=1984.257..6377.457 rows=2580406 loops=1)
  Hash Cond: (mc.movie_id = t.id)
  ->  Seq Scan on movie_companies mc  (cost=0.00..51404.11 rows=2579078 width=4) (actual time=0.017..1273.761 rows=2580406 loops=1)
        Filter: (company_id < 208790)
        Rows Removed by Filter: 28723
  ->  Hash  (cost=61283.27..61283.27 rows=2528527 width=4) (actual time=1983.244..1983.244 rows=2528312 loops=1)
        Buckets: 131072  Batches: 64  Memory Usage: 2415kB
        ->  Seq Scan on title t  (cost=0.00..61283.27 rows=2528527 width=4) (actual time=0.017..1133.202 rows=2528312 loops=1)
Planning time: 0.776 ms
Execution time: 6670.587 ms
