Seq Scan on movie_companies mc  (cost=0.00..51404.11 rows=703301 width=0) (actual time=0.024..914.776 rows=707264 loops=1)
  Filter: (company_id > 44157)
  Rows Removed by Filter: 1901865
Planning time: 0.336 ms
Execution time: 996.695 ms
