Hash Join  (cost=210096.98..715180.51 rows=2368960 width=0) (actual time=4184.711..23283.171 rows=22592418 loops=1)
  Hash Cond: (mi.movie_id = t.id)
  ->  Seq Scan on movie_info mi  (cost=0.00..309384.22 rows=14739122 width=4) (actual time=0.008..6420.093 rows=14835720 loops=1)
  ->  Hash  (cost=203428.98..203428.98 rows=406400 width=8) (actual time=4183.928..4183.928 rows=401244 loops=1)
        Buckets: 131072  Batches: 8  Memory Usage: 3053kB
        ->  Hash Join  (cost=102767.86..203428.98 rows=406400 width=8) (actual time=2053.168..4064.974 rows=401244 loops=1)
              Hash Cond: (mk.movie_id = t.id)
              ->  Seq Scan on movie_keyword mk  (cost=0.00..81003.12 rows=406400 width=4) (actual time=0.026..1316.550 rows=401244 loops=1)
                    Filter: (keyword_id > 43228)
                    Rows Removed by Filter: 4122686
              ->  Hash  (cost=61283.27..61283.27 rows=2528527 width=4) (actual time=2051.449..2051.449 rows=2528312 loops=1)
                    Buckets: 131072  Batches: 64  Memory Usage: 2425kB
                    ->  Seq Scan on title t  (cost=0.00..61283.27 rows=2528527 width=4) (actual time=0.016..1189.205 rows=2528312 loops=1)
Planning time: 0.751 ms
Execution time: 25800.274 ms
