Hash Join  (cost=83074.74..833899.15 rows=3524 width=0) (actual time=1203.473..16392.830 rows=3275 loops=1)
  Hash Cond: (ci.movie_id = t.id)
  ->  Seq Scan on cast_info ci  (cost=0.00..614943.12 rows=36225612 width=4) (actual time=0.013..8632.848 rows=36244344 loops=1)
  ->  Hash  (cost=83071.67..83071.67 rows=246 width=8) (actual time=1170.103..1170.103 rows=80 loops=1)
        Buckets: 1024  Batches: 1  Memory Usage: 12kB
        ->  Nested Loop  (cost=0.43..83071.67 rows=246 width=8) (actual time=11.460..1170.010 rows=80 loops=1)
              ->  Seq Scan on movie_keyword mk  (cost=0.00..81003.12 rows=246 width=4) (actual time=11.379..1167.216 rows=80 loops=1)
                    Filter: (keyword_id = 76100)
                    Rows Removed by Filter: 4523850
              ->  Index Only Scan using title_pkey on title t  (cost=0.43..8.40 rows=1 width=4) (actual time=0.031..0.032 rows=1 loops=80)
                    Index Cond: (id = mk.movie_id)
                    Heap Fetches: 80
Planning time: 0.780 ms
Execution time: 16394.281 ms
