Nested Loop  (cost=0.43..120380.46 rows=16 width=0) (actual time=200.532..1471.915 rows=8 loops=1)
  ->  Seq Scan on movie_keyword mk  (cost=0.00..81003.12 rows=5429 width=4) (actual time=3.539..1317.418 rows=4239 loops=1)
        Filter: (keyword_id = 2130)
        Rows Removed by Filter: 4519691
  ->  Index Scan using title_pkey on title t  (cost=0.43..7.24 rows=1 width=4) (actual time=0.036..0.036 rows=0 loops=4239)
        Index Cond: (id = mk.movie_id)
        Filter: (production_year = 1918)
        Rows Removed by Filter: 1
Planning time: 0.780 ms
Execution time: 1472.028 ms
