Seq Scan on movie_keyword mk  (cost=0.00..81003.12 rows=246 width=0) (actual time=4.537..1262.417 rows=553 loops=1)
  Filter: (keyword_id = 4001)
  Rows Removed by Filter: 4523377
Planning time: 0.255 ms
Execution time: 1262.743 ms
