Hash Join  (cost=73994.33..160750.31 rows=9794 width=0) (actual time=1257.844..3151.700 rows=3713 loops=1)
  Hash Cond: (mk.movie_id = t.id)
  ->  Seq Scan on movie_keyword mk  (cost=0.00..69693.30 rows=4523930 width=4) (actual time=0.014..1064.641 rows=4523930 loops=1)
  ->  Hash  (cost=73925.90..73925.90 rows=5474 width=4) (actual time=1254.286..1254.286 rows=6970 loops=1)
        Buckets: 8192  Batches: 1  Memory Usage: 310kB
        ->  Seq Scan on title t  (cost=0.00..73925.90 rows=5474 width=4) (actual time=0.998..1250.595 rows=6970 loops=1)
              Filter: ((kind_id > 1) AND (production_year = 1962))
              Rows Removed by Filter: 2521342
Planning time: 0.841 ms
Execution time: 3152.433 ms
