Seq Scan on movie_keyword mk  (cost=0.00..81003.12 rows=4317525 width=0) (actual time=0.019..1664.307 rows=4315660 loops=1)
  Filter: (keyword_id < 67010)
  Rows Removed by Filter: 208270
Planning time: 0.337 ms
Execution time: 2229.819 ms
