Seq Scan on movie_keyword mk  (cost=0.00..81003.12 rows=3073731 width=0) (actual time=1.316..1471.954 rows=3062159 loops=1)
  Filter: (keyword_id < 11359)
  Rows Removed by Filter: 1461771
Planning time: 0.231 ms
Execution time: 1855.340 ms
