Hash Join  (cost=99467.55..141769.66 rows=357100 width=0) (actual time=1899.130..3067.065 rows=350470 loops=1)
  Hash Cond: (mi_idx.movie_id = t.id)
  ->  Seq Scan on movie_info_idx mi_idx  (cost=0.00..25185.44 rows=464934 width=4) (actual time=0.011..469.692 rows=460185 loops=1)
        Filter: (info_type_id > 100)
        Rows Removed by Filter: 919850
  ->  Hash  (cost=67604.59..67604.59 rows=1942077 width=4) (actual time=1897.979..1897.979 rows=1932484 loops=1)
        Buckets: 131072  Batches: 32  Memory Usage: 3155kB
        ->  Seq Scan on title t  (cost=0.00..67604.59 rows=1942077 width=4) (actual time=0.023..1308.273 rows=1932484 loops=1)
              Filter: (production_year > 1980)
              Rows Removed by Filter: 595828
Planning time: 0.922 ms
Execution time: 3110.907 ms
