Hash Join  (cost=83198.94..155378.50 rows=195122 width=0) (actual time=1761.201..3330.715 rows=263265 loops=1)
  Hash Cond: (mc.movie_id = t.id)
  ->  Seq Scan on movie_companies mc  (cost=0.00..57926.93 rows=872908 width=4) (actual time=56.512..1132.844 rows=553874 loops=1)
        Filter: ((company_id < 21170) AND (company_type_id > 1))
        Rows Removed by Filter: 2055255
  ->  Hash  (cost=73925.90..73925.90 rows=565203 width=4) (actual time=1703.741..1703.741 rows=641785 loops=1)
        Buckets: 131072  Batches: 8  Memory Usage: 3862kB
        ->  Seq Scan on title t  (cost=0.00..73925.90 rows=565203 width=4) (actual time=0.033..1251.377 rows=641785 loops=1)
              Filter: ((kind_id < 7) AND (production_year < 2006))
              Rows Removed by Filter: 1886527
Planning time: 0.787 ms
Execution time: 3365.078 ms
