Hash Join  (cost=189614.17..693735.00 rows=2278690 width=0) (actual time=4081.773..31065.100 rows=63978315 loops=1)
  Hash Cond: (mi.movie_id = t.id)
  ->  Seq Scan on movie_info mi  (cost=0.00..309384.22 rows=14739122 width=4) (actual time=0.015..6181.296 rows=14835720 loops=1)
  ->  Hash  (cost=183199.75..183199.75 rows=390914 width=8) (actual time=4080.808..4080.808 rows=944361 loops=1)
        Buckets: 131072 (originally 131072)  Batches: 16 (originally 8)  Memory Usage: 3441kB
        ->  Hash Join  (cost=78556.72..183199.75 rows=390914 width=8) (actual time=1326.108..3810.977 rows=944361 loops=1)
              Hash Cond: (mk.movie_id = t.id)
              ->  Seq Scan on movie_keyword mk  (cost=0.00..81003.12 rows=1480735 width=4) (actual time=0.028..1488.341 rows=1494196 loops=1)
                    Filter: (keyword_id < 2141)
                    Rows Removed by Filter: 3029734
              ->  Hash  (cost=67604.59..67604.59 rows=667531 width=4) (actual time=1293.652..1293.652 rows=662825 loops=1)
                    Buckets: 131072  Batches: 16  Memory Usage: 2486kB
                    ->  Seq Scan on title t  (cost=0.00..67604.59 rows=667531 width=4) (actual time=0.023..1068.828 rows=662825 loops=1)
                          Filter: (kind_id < 2)
                          Rows Removed by Filter: 1865487
Planning time: 1.252 ms
Execution time: 38031.683 ms
