Hash Join  (cost=83189.08..155142.02 rows=296878 width=0) (actual time=1663.709..3260.272 rows=183185 loops=1)
  Hash Cond: (mc.movie_id = t.id)
  ->  Seq Scan on movie_companies mc  (cost=0.00..51404.11 rows=1329612 width=4) (actual time=256.154..1100.681 rows=1334883 loops=1)
        Filter: (company_type_id = 2)
        Rows Removed by Filter: 1274246
  ->  Hash  (cost=73925.90..73925.90 rows=564574 width=4) (actual time=1406.567..1406.567 rows=454234 loops=1)
        Buckets: 131072  Batches: 8  Memory Usage: 3004kB
        ->  Seq Scan on title t  (cost=0.00..73925.90 rows=564574 width=4) (actual time=0.019..1262.564 rows=454234 loops=1)
              Filter: ((production_year < 1998) AND (kind_id = 7))
              Rows Removed by Filter: 2074078
Planning time: 0.851 ms
Execution time: 3285.920 ms
