Hash Join  (cost=75205.79..1046126.87 rows=453518 width=0) (actual time=1209.148..20120.875 rows=381822 loops=1)
  Hash Cond: (ci.movie_id = t.id)
  ->  Seq Scan on cast_info ci  (cost=0.00..796071.18 rows=14703391 width=4) (actual time=0.015..15334.829 rows=9856123 loops=1)
        Filter: ((person_id < 2298226) AND (role_id > 1))
        Rows Removed by Filter: 26388221
  ->  Hash  (cost=73925.90..73925.90 rows=77991 width=4) (actual time=1208.235..1208.235 rows=84556 loops=1)
        Buckets: 131072  Batches: 2  Memory Usage: 2517kB
        ->  Seq Scan on title t  (cost=0.00..73925.90 rows=77991 width=4) (actual time=0.022..1176.108 rows=84556 loops=1)
              Filter: ((kind_id > 4) AND (production_year = 2008))
              Rows Removed by Filter: 2443756
Planning time: 0.817 ms
Execution time: 20166.821 ms
