Hash Join  (cost=84197.31..1128543.44 rows=8607080 width=0) (actual time=1650.704..29960.017 rows=8657240 loops=1)
  Hash Cond: (ci.movie_id = t.id)
  ->  Seq Scan on cast_info ci  (cost=0.00..705507.15 rows=21519248 width=4) (actual time=0.008..15081.456 rows=21370287 loops=1)
        Filter: (person_id < 2164443)
        Rows Removed by Filter: 14874057
  ->  Hash  (cost=67604.59..67604.59 rows=1011338 width=4) (actual time=1649.789..1649.789 rows=1012920 loops=1)
        Buckets: 131072  Batches: 16  Memory Usage: 3250kB
        ->  Seq Scan on title t  (cost=0.00..67604.59 rows=1011338 width=4) (actual time=0.023..1337.983 rows=1012920 loops=1)
              Filter: (production_year > 2005)
              Rows Removed by Filter: 1515392
Planning time: 0.788 ms
Execution time: 30920.532 ms
