Hash Join  (cost=88890.15..135123.76 rows=497812 width=0) (actual time=1629.765..2908.103 rows=259233 loops=1)
  Hash Cond: (mi_idx.movie_id = t.id)
  ->  Seq Scan on movie_info_idx mi_idx  (cost=0.00..21735.35 rows=1380035 width=4) (actual time=0.031..422.478 rows=1380035 loops=1)
  ->  Hash  (cost=73925.90..73925.90 rows=912100 width=4) (actual time=1628.280..1628.280 rows=998211 loops=1)
        Buckets: 131072  Batches: 16  Memory Usage: 3226kB
        ->  Seq Scan on title t  (cost=0.00..73925.90 rows=912100 width=4) (actual time=0.014..1316.861 rows=998211 loops=1)
              Filter: ((kind_id > 4) AND (production_year > 1998))
              Rows Removed by Filter: 1530101
Planning time: 0.531 ms
Execution time: 2942.140 ms
