Hash Join  (cost=74098.35..128906.24 rows=14236 width=0) (actual time=1062.870..2328.172 rows=19825 loops=1)
  Hash Cond: (mc.movie_id = t.id)
  ->  Seq Scan on movie_companies mc  (cost=0.00..44881.29 rows=2609129 width=4) (actual time=0.022..704.715 rows=2609129 loops=1)
  ->  Hash  (cost=73925.90..73925.90 rows=13796 width=4) (actual time=1062.463..1062.463 rows=8100 loops=1)
        Buckets: 16384  Batches: 1  Memory Usage: 413kB
        ->  Seq Scan on title t  (cost=0.00..73925.90 rows=13796 width=4) (actual time=201.842..1054.212 rows=8100 loops=1)
              Filter: ((kind_id = 1) AND (production_year = 2000))
              Rows Removed by Filter: 2520212
Planning time: 0.808 ms
Execution time: 2331.297 ms
