Hash Join  (cost=83074.74..447745.01 rows=1434 width=0) (actual time=1319.404..7807.904 rows=17955 loops=1)
  Hash Cond: (mi.movie_id = t.id)
  ->  Seq Scan on movie_info mi  (cost=0.00..309384.22 rows=14739122 width=4) (actual time=0.021..4026.384 rows=14835720 loops=1)
  ->  Hash  (cost=83071.67..83071.67 rows=246 width=8) (actual time=1318.291..1318.291 rows=139 loops=1)
        Buckets: 1024  Batches: 1  Memory Usage: 14kB
        ->  Nested Loop  (cost=0.43..83071.67 rows=246 width=8) (actual time=7.205..1318.118 rows=139 loops=1)
              ->  Seq Scan on movie_keyword mk  (cost=0.00..81003.12 rows=246 width=4) (actual time=7.125..1304.894 rows=139 loops=1)
                    Filter: (keyword_id = 11427)
                    Rows Removed by Filter: 4523791
              ->  Index Only Scan using title_pkey on title t  (cost=0.43..8.40 rows=1 width=4) (actual time=0.090..0.091 rows=1 loops=139)
                    Index Cond: (id = mk.movie_id)
                    Heap Fetches: 139
Planning time: 1.142 ms
Execution time: 7810.950 ms
