Hash Join  (cost=102767.86..200458.42 rows=1513012 width=0) (actual time=1883.243..4281.807 rows=1520424 loops=1)
  Hash Cond: (mc.movie_id = t.id)
  ->  Seq Scan on movie_companies mc  (cost=0.00..51404.11 rows=1513012 width=4) (actual time=0.025..977.735 rows=1520424 loops=1)
        Filter: (company_id > 7204)
        Rows Removed by Filter: 1088705
  ->  Hash  (cost=61283.27..61283.27 rows=2528527 width=4) (actual time=1881.620..1881.620 rows=2528312 loops=1)
        Buckets: 131072  Batches: 64  Memory Usage: 2415kB
        ->  Seq Scan on title t  (cost=0.00..61283.27 rows=2528527 width=4) (actual time=0.023..1054.039 rows=2528312 loops=1)
Planning time: 1.923 ms
Execution time: 4429.262 ms
