Hash Join  (cost=101132.49..160478.30 rows=479 width=0) (actual time=1804.520..2649.971 rows=137 loops=1)
  Hash Cond: (mc.movie_id = t.id)
  ->  Seq Scan on movie_companies mc  (cost=0.00..57926.93 rows=377090 width=4) (actual time=0.018..886.330 rows=215389 loops=1)
        Filter: ((company_id < 1435) AND (company_type_id = 2))
        Rows Removed by Filter: 2393740
  ->  Hash  (cost=101092.34..101092.34 rows=3212 width=8) (actual time=1723.509..1723.509 rows=1488 loops=1)
        Buckets: 4096  Batches: 1  Memory Usage: 91kB
        ->  Hash Join  (cost=74146.12..101092.34 rows=3212 width=8) (actual time=1141.640..1722.657 rows=1488 loops=1)
              Hash Cond: (mi_idx.movie_id = t.id)
              ->  Seq Scan on movie_info_idx mi_idx  (cost=0.00..25185.44 rows=460978 width=4) (actual time=0.026..458.921 rows=459925 loops=1)
                    Filter: (info_type_id < 100)
                    Rows Removed by Filter: 920110
              ->  Hash  (cost=73925.90..73925.90 rows=17617 width=4) (actual time=1141.318..1141.318 rows=22021 loops=1)
                    Buckets: 32768  Batches: 1  Memory Usage: 1031kB
                    ->  Seq Scan on title t  (cost=0.00..73925.90 rows=17617 width=4) (actual time=471.326..1132.542 rows=22021 loops=1)
                          Filter: ((production_year > 2012) AND (kind_id = 1))
                          Rows Removed by Filter: 2506291
Planning time: 1.226 ms
Execution time: 2650.183 ms
