Hash Join  (cost=85280.32..122033.23 rows=198096 width=0) (actual time=1646.095..2576.418 rows=238737 loops=1)
  Hash Cond: (mi_idx.movie_id = t.id)
  ->  Seq Scan on movie_info_idx mi_idx  (cost=0.00..25185.44 rows=464934 width=4) (actual time=0.028..484.495 rows=460185 loops=1)
        Filter: (info_type_id > 100)
        Rows Removed by Filter: 919850
  ->  Hash  (cost=67604.59..67604.59 rows=1077339 width=4) (actual time=1645.042..1645.042 rows=1074765 loops=1)
        Buckets: 131072  Batches: 16  Memory Usage: 3388kB
        ->  Seq Scan on title t  (cost=0.00..67604.59 rows=1077339 width=4) (actual time=0.013..1302.715 rows=1074765 loops=1)
              Filter: (production_year < 2001)
              Rows Removed by Filter: 1453547
Planning time: 0.752 ms
Execution time: 2600.538 ms
