Hash Join  (cost=269499.81..1113550.75 rows=1490065 width=0) (actual time=16243.603..22636.724 rows=3718747 loops=1)
  Hash Cond: (ci.movie_id = t.id)
  ->  Seq Scan on cast_info ci  (cost=0.00..796071.18 rows=2010222 width=4) (actual time=9835.848..13332.945 rows=2638609 loops=1)
        Filter: ((person_id > 1770418) AND (role_id = 3))
        Rows Removed by Filter: 33605735
  ->  Hash  (cost=238749.63..238749.63 rows=1874255 width=8) (actual time=6406.189..6406.189 rows=1884551 loops=1)
        Buckets: 131072  Batches: 32  Memory Usage: 3312kB
        ->  Hash Join  (cost=102767.86..238749.63 rows=1874255 width=8) (actual time=2295.156..5803.490 rows=1884551 loops=1)
              Hash Cond: (mk.movie_id = t.id)
              ->  Seq Scan on movie_keyword mk  (cost=0.00..81003.12 rows=1874255 width=4) (actual time=0.038..1531.845 rows=1884551 loops=1)
                    Filter: (keyword_id < 3221)
                    Rows Removed by Filter: 2639379
              ->  Hash  (cost=61283.27..61283.27 rows=2528527 width=4) (actual time=2294.110..2294.110 rows=2528312 loops=1)
                    Buckets: 131072  Batches: 64  Memory Usage: 2425kB
                    ->  Seq Scan on title t  (cost=0.00..61283.27 rows=2528527 width=4) (actual time=0.019..1011.252 rows=2528312 loops=1)
Planning time: 1.181 ms
Execution time: 23117.365 ms
