Hash Join  (cost=100901.79..187569.38 rows=955 width=0) (actual time=1566.046..3375.900 rows=22464 loops=1)
  Hash Cond: (mk.movie_id = t.id)
  ->  Seq Scan on movie_keyword mk  (cost=0.00..69693.30 rows=4523930 width=4) (actual time=0.022..982.914 rows=4523930 loops=1)
  ->  Hash  (cost=100895.12..100895.12 rows=534 width=8) (actual time=1564.801..1564.801 rows=2158 loops=1)
        Buckets: 4096 (originally 1024)  Batches: 1 (originally 1)  Memory Usage: 117kB
        ->  Hash Join  (cost=73962.22..100895.12 rows=534 width=8) (actual time=986.338..1563.587 rows=2158 loops=1)
              Hash Cond: (mi_idx.movie_id = t.id)
              ->  Seq Scan on movie_info_idx mi_idx  (cost=0.00..25185.44 rows=464566 width=4) (actual time=0.016..484.053 rows=459925 loops=1)
                    Filter: (info_type_id = 101)
                    Rows Removed by Filter: 920110
              ->  Hash  (cost=73925.90..73925.90 rows=2905 width=4) (actual time=985.808..985.808 rows=6232 loops=1)
                    Buckets: 8192 (originally 4096)  Batches: 1 (originally 1)  Memory Usage: 284kB
                    ->  Seq Scan on title t  (cost=0.00..73925.90 rows=2905 width=4) (actual time=2.138..982.842 rows=6232 loops=1)
                          Filter: ((kind_id < 7) AND (production_year = 1970))
                          Rows Removed by Filter: 2522080
Planning time: 1.158 ms
Execution time: 3379.084 ms
