Hash Join  (cost=52284.99..416946.98 rows=606 width=0) (actual time=763.568..7302.381 rows=319 loops=1)
  Hash Cond: (mi.movie_id = t.id)
  ->  Seq Scan on movie_info mi  (cost=0.00..309384.22 rows=14739122 width=4) (actual time=0.014..4009.035 rows=14835720 loops=1)
  ->  Hash  (cost=52283.69..52283.69 rows=104 width=8) (actual time=755.676..755.676 rows=32 loops=1)
        Buckets: 1024  Batches: 1  Memory Usage: 10kB
        ->  Nested Loop  (cost=0.43..52283.69 rows=104 width=8) (actual time=218.672..755.610 rows=32 loops=1)
              ->  Seq Scan on movie_companies mc  (cost=0.00..51404.11 rows=104 width=4) (actual time=218.554..754.337 rows=32 loops=1)
                    Filter: (company_id = 104085)
                    Rows Removed by Filter: 2609097
              ->  Index Only Scan using title_pkey on title t  (cost=0.43..8.45 rows=1 width=4) (actual time=0.035..0.036 rows=1 loops=32)
                    Index Cond: (id = mc.movie_id)
                    Heap Fetches: 32
Planning time: 6.733 ms
Execution time: 7302.710 ms
