Seq Scan on cast_info ci  (cost=0.00..796071.18 rows=147760 width=0) (actual time=9882.523..13380.508 rows=239675 loops=1)
  Filter: ((person_id > 2097425) AND (role_id > 10))
  Rows Removed by Filter: 36004669
Planning time: 0.351 ms
Execution time: 13409.100 ms
