Seq Scan on title t  (cost=0.00..73925.90 rows=1496365 width=0) (actual time=0.024..1355.518 rows=1620169 loops=1)
  Filter: ((kind_id > 1) AND (production_year > 1973))
  Rows Removed by Filter: 908143
Planning time: 0.340 ms
Execution time: 1555.707 ms
