Nested Loop  (cost=0.43..799382.33 rows=95 width=0) (actual time=12462.408..13387.061 rows=9 loops=1)
  ->  Seq Scan on cast_info ci  (cost=0.00..796071.18 rows=396 width=4) (actual time=12462.356..13367.188 rows=206 loops=1)
        Filter: ((role_id < 8) AND (person_id = 2980606))
        Rows Removed by Filter: 36244138
  ->  Index Scan using title_pkey on title t  (cost=0.43..8.35 rows=1 width=4) (actual time=0.096..0.096 rows=0 loops=206)
        Index Cond: (id = ci.movie_id)
        Filter: ((kind_id < 4) AND (production_year > 1989))
        Rows Removed by Filter: 1
Planning time: 0.841 ms
Execution time: 13387.174 ms
