Hash Join  (cost=102767.86..271689.45 rows=3243229 width=0) (actual time=1899.607..6569.832 rows=3233006 loops=1)
  Hash Cond: (mk.movie_id = t.id)
  ->  Seq Scan on movie_keyword mk  (cost=0.00..81003.12 rows=3243229 width=4) (actual time=0.024..1741.431 rows=3233006 loops=1)
        Filter: (keyword_id < 13695)
        Rows Removed by Filter: 1290924
  ->  Hash  (cost=61283.27..61283.27 rows=2528527 width=4) (actual time=1898.891..1898.891 rows=2528312 loops=1)
        Buckets: 131072  Batches: 64  Memory Usage: 2425kB
        ->  Seq Scan on title t  (cost=0.00..61283.27 rows=2528527 width=4) (actual time=0.015..1038.028 rows=2528312 loops=1)
Planning time: 0.709 ms
Execution time: 6925.569 ms
