Hash Join  (cost=67697.55..154488.65 rows=13306 width=0) (actual time=1047.180..2656.226 rows=1972 loops=1)
  Hash Cond: (mk.movie_id = t.id)
  ->  Seq Scan on movie_keyword mk  (cost=0.00..69693.30 rows=4523930 width=4) (actual time=0.008..896.937 rows=4523930 loops=1)
  ->  Hash  (cost=67604.59..67604.59 rows=7437 width=4) (actual time=969.542..969.542 rows=7770 loops=1)
        Buckets: 8192  Batches: 1  Memory Usage: 338kB
        ->  Seq Scan on title t  (cost=0.00..67604.59 rows=7437 width=4) (actual time=529.717..966.276 rows=7770 loops=1)
              Filter: (production_year = 1912)
              Rows Removed by Filter: 2520542
Planning time: 0.770 ms
Execution time: 2656.811 ms
