Hash Join  (cost=130938.86..209650.44 rows=265607 width=0) (actual time=2803.707..5333.057 rows=1386672 loops=1)
  Hash Cond: (mc.movie_id = t.id)
  ->  Seq Scan on movie_companies mc  (cost=0.00..44881.29 rows=2609129 width=4) (actual time=0.018..983.074 rows=2609129 loops=1)
  ->  Hash  (cost=126715.34..126715.34 rows=257401 width=8) (actual time=2802.959..2802.959 rows=423362 loops=1)
        Buckets: 131072 (originally 131072)  Batches: 8 (originally 4)  Memory Usage: 3101kB
        ->  Hash Join  (cost=85595.27..126715.34 rows=257401 width=8) (actual time=1447.844..2673.391 rows=423362 loops=1)
              Hash Cond: (mi_idx.movie_id = t.id)
              ->  Seq Scan on movie_info_idx mi_idx  (cost=0.00..25185.44 rows=915101 width=4) (actual time=0.021..566.461 rows=919850 loops=1)
                    Filter: (info_type_id < 101)
                    Rows Removed by Filter: 460185
              ->  Hash  (cost=73925.90..73925.90 rows=711229 width=4) (actual time=1446.362..1446.362 rows=612155 loops=1)
                    Buckets: 131072  Batches: 16  Memory Usage: 2368kB
                    ->  Seq Scan on title t  (cost=0.00..73925.90 rows=711229 width=4) (actual time=0.026..1248.399 rows=612155 loops=1)
                          Filter: ((kind_id < 7) AND (production_year > 1987))
                          Rows Removed by Filter: 1916157
Planning time: 1.081 ms
Execution time: 5481.504 ms
