Seq Scan on movie_keyword mk  (cost=0.00..81003.12 rows=2735604 width=0) (actual time=0.018..1497.544 rows=2727118 loops=1)
  Filter: (keyword_id < 7763)
  Rows Removed by Filter: 1796812
Planning time: 0.287 ms
Execution time: 1838.174 ms
