Hash Join  (cost=1041753.53..1696756.55 rows=12966028 width=0) (actual time=25880.279..67540.902 rows=105218624 loops=1)
  Hash Cond: (mi.movie_id = t.id)
  ->  Seq Scan on movie_info mi  (cost=0.00..309384.22 rows=14739122 width=4) (actual time=0.027..6172.967 rows=14835720 loops=1)
  ->  Hash  (cost=1005260.17..1005260.17 rows=2224349 width=8) (actual time=25879.288..25879.288 rows=4130630 loops=1)
        Buckets: 131072 (originally 131072)  Batches: 64 (originally 32)  Memory Usage: 3643kB
        ->  Hash Join  (cost=84618.84..1005260.17 rows=2224349 width=8) (actual time=1561.527..24634.607 rows=4130630 loops=1)
              Hash Cond: (ci.movie_id = t.id)
              ->  Seq Scan on cast_info ci  (cost=0.00..796071.18 rows=8629509 width=4) (actual time=0.018..15713.691 rows=12670688 loops=1)
                    Filter: ((person_id < 2522148) AND (role_id < 2))
                    Rows Removed by Filter: 23573656
              ->  Hash  (cost=73925.90..73925.90 rows=651755 width=4) (actual time=1560.369..1560.369 rows=711179 loops=1)
                    Buckets: 131072  Batches: 16  Memory Usage: 2590kB
                    ->  Seq Scan on title t  (cost=0.00..73925.90 rows=651755 width=4) (actual time=0.026..1333.347 rows=711179 loops=1)
                          Filter: ((kind_id < 7) AND (production_year < 2008))
                          Rows Removed by Filter: 1817133
Planning time: 1.171 ms
Execution time: 78907.087 ms
