Hash Join  (cost=84497.07..1213129.30 rows=9231207 width=0) (actual time=1350.478..34554.780 rows=8979353 loops=1)
  Hash Cond: (ci.movie_id = t.id)
  ->  Seq Scan on cast_info ci  (cost=0.00..614943.12 rows=36225612 width=4) (actual time=0.022..12803.999 rows=36244344 loops=1)
  ->  Hash  (cost=73925.90..73925.90 rows=644333 width=4) (actual time=1349.515..1349.515 rows=544419 loops=1)
        Buckets: 131072  Batches: 16  Memory Usage: 2215kB
        ->  Seq Scan on title t  (cost=0.00..73925.90 rows=644333 width=4) (actual time=0.022..1176.688 rows=544419 loops=1)
              Filter: ((kind_id < 7) AND (production_year > 1994))
              Rows Removed by Filter: 1983893
Planning time: 1.235 ms
Execution time: 35591.925 ms
