Hash Join  (cost=161546.42..508621.79 rows=2122 width=0) (actual time=5151.976..8571.281 rows=1458766 loops=1)
  Hash Cond: (mi.movie_id = t.id)
  ->  Seq Scan on movie_info mi  (cost=0.00..346232.03 rows=164423 width=4) (actual time=2114.600..5319.499 rows=197754 loops=1)
        Filter: (info_type_id > 106)
        Rows Removed by Filter: 14637966
  ->  Hash  (cost=161138.40..161138.40 rows=32641 width=8) (actual time=2929.022..2929.022 rows=75223 loops=1)
        Buckets: 131072 (originally 32768)  Batches: 1 (originally 1)  Memory Usage: 3963kB
        ->  Hash Join  (cost=74153.96..161138.40 rows=32641 width=8) (actual time=1125.978..2903.368 rows=75223 loops=1)
              Hash Cond: (mk.movie_id = t.id)
              ->  Seq Scan on movie_keyword mk  (cost=0.00..69693.30 rows=4523930 width=4) (actual time=0.024..904.194 rows=4523930 loops=1)
              ->  Hash  (cost=73925.90..73925.90 rows=18244 width=4) (actual time=1125.336..1125.336 rows=12404 loops=1)
                    Buckets: 32768  Batches: 1  Memory Usage: 693kB
                    ->  Seq Scan on title t  (cost=0.00..73925.90 rows=18244 width=4) (actual time=0.270..1119.307 rows=12404 loops=1)
                          Filter: ((kind_id < 3) AND (production_year = 2002))
                          Rows Removed by Filter: 2515908
Planning time: 1.164 ms
Execution time: 8726.699 ms
