Hash Join  (cost=844158.63..1414809.88 rows=2039555 width=0) (actual time=24523.362..33773.387 rows=6125854 loops=1)
  Hash Cond: (mi.movie_id = t.id)
  ->  Seq Scan on movie_info mi  (cost=0.00..346232.03 rows=7235534 width=4) (actual time=1979.872..6236.578 rows=7286865 loops=1)
        Filter: (info_type_id < 8)
        Rows Removed by Filter: 7548855
  ->  Hash  (cost=832464.35..832464.35 rows=712742 width=8) (actual time=22528.377..22528.377 rows=719198 loops=1)
        Buckets: 131072  Batches: 16  Memory Usage: 2817kB
        ->  Hash Join  (cost=74547.77..832464.35 rows=712742 width=8) (actual time=1092.642..21846.802 rows=719198 loops=1)
              Hash Cond: (ci.movie_id = t.id)
              ->  Seq Scan on cast_info ci  (cost=0.00..614943.12 rows=36225612 width=4) (actual time=0.030..9276.463 rows=36244344 loops=1)
              ->  Hash  (cost=73925.90..73925.90 rows=49749 width=4) (actual time=1092.032..1092.032 rows=44012 loops=1)
                    Buckets: 65536  Batches: 1  Memory Usage: 2060kB
                    ->  Seq Scan on title t  (cost=0.00..73925.90 rows=49749 width=4) (actual time=0.029..1073.661 rows=44012 loops=1)
                          Filter: ((kind_id < 7) AND (production_year = 2009))
                          Rows Removed by Filter: 2484300
Planning time: 1.163 ms
Execution time: 34475.549 ms
