Seq Scan on title t  (cost=0.00..73925.90 rows=1485049 width=0) (actual time=0.039..1457.736 rows=1478439 loops=1)
  Filter: ((production_year > 1908) AND (kind_id = 7))
  Rows Removed by Filter: 1049873
Planning time: 0.317 ms
Execution time: 1648.990 ms
