Hash Join  (cost=102767.86..261716.38 rows=2828763 width=0) (actual time=2554.504..7249.128 rows=2818726 loops=1)
  Hash Cond: (mk.movie_id = t.id)
  ->  Seq Scan on movie_keyword mk  (cost=0.00..81003.12 rows=2828763 width=4) (actual time=0.026..1688.874 rows=2818726 loops=1)
        Filter: (keyword_id > 2665)
        Rows Removed by Filter: 1705204
  ->  Hash  (cost=61283.27..61283.27 rows=2528527 width=4) (actual time=2552.827..2552.827 rows=2528312 loops=1)
        Buckets: 131072  Batches: 64  Memory Usage: 2425kB
        ->  Seq Scan on title t  (cost=0.00..61283.27 rows=2528527 width=4) (actual time=0.017..1172.500 rows=2528312 loops=1)
Planning time: 0.671 ms
Execution time: 7552.716 ms
