Hash Join  (cost=230233.28..1174053.30 rows=5141566 width=0) (actual time=6678.172..42036.760 rows=63104317 loops=1)
  Hash Cond: (ci.movie_id = t.id)
  ->  Seq Scan on cast_info ci  (cost=0.00..705507.15 rows=14310042 width=4) (actual time=0.007..13265.592 rows=14244856 loops=1)
        Filter: (person_id < 1402733)
        Rows Removed by Filter: 21999488
  ->  Hash  (cost=215328.11..215328.11 rows=908494 width=8) (actual time=6676.124..6676.124 rows=2619657 loops=1)
        Buckets: 131072 (originally 131072)  Batches: 64 (originally 16)  Memory Usage: 3073kB
        ->  Hash Join  (cost=82257.13..215328.11 rows=908494 width=8) (actual time=1585.322..5651.494 rows=2619657 loops=1)
              Hash Cond: (mk.movie_id = t.id)
              ->  Seq Scan on movie_keyword mk  (cost=0.00..69693.30 rows=4523930 width=4) (actual time=0.018..1480.891 rows=4523930 loops=1)
              ->  Hash  (cost=73925.90..73925.90 rows=507778 width=4) (actual time=1584.467..1584.467 rows=524129 loops=1)
                    Buckets: 131072  Batches: 8  Memory Usage: 3348kB
                    ->  Seq Scan on title t  (cost=0.00..73925.90 rows=507778 width=4) (actual time=0.081..1413.420 rows=524129 loops=1)
                          Filter: ((production_year < 2010) AND (kind_id = 1))
                          Rows Removed by Filter: 2004183
Planning time: 1.116 ms
Execution time: 48748.482 ms
