Seq Scan on movie_keyword mk  (cost=0.00..81003.12 rows=246 width=0) (actual time=0.114..1302.198 rows=2390 loops=1)
  Filter: (keyword_id = 2217)
  Rows Removed by Filter: 4521540
Planning time: 0.418 ms
Execution time: 1302.966 ms
