Hash Join  (cost=105357.69..182986.32 rows=715725 width=0) (actual time=2140.221..4192.767 rows=729885 loops=1)
  Hash Cond: (mc.movie_id = t.id)
  ->  Seq Scan on movie_companies mc  (cost=0.00..51404.11 rows=786453 width=4) (actual time=0.022..1039.084 rows=773699 loops=1)
        Filter: (company_id < 1677)
        Rows Removed by Filter: 1835430
  ->  Hash  (cost=67604.59..67604.59 rows=2301128 width=4) (actual time=2139.167..2139.167 rows=2292034 loops=1)
        Buckets: 131072  Batches: 32  Memory Usage: 3546kB
        ->  Seq Scan on title t  (cost=0.00..67604.59 rows=2301128 width=4) (actual time=0.024..1303.293 rows=2292034 loops=1)
              Filter: (production_year > 1949)
              Rows Removed by Filter: 236278
Planning time: 0.495 ms
Execution time: 4276.525 ms
