Seq Scan on movie_companies mc  (cost=0.00..51404.11 rows=2310730 width=0) (actual time=0.022..1003.358 rows=2307572 loops=1)
  Filter: (company_id < 93983)
  Rows Removed by Filter: 301557
Planning time: 0.303 ms
Execution time: 1288.288 ms
