Hash Join  (cost=129770.51..208878.92 rows=294388 width=0) (actual time=3067.176..6184.359 rows=1579462 loops=1)
  Hash Cond: (mc.movie_id = t.id)
  ->  Seq Scan on movie_companies mc  (cost=0.00..44881.29 rows=2609129 width=4) (actual time=0.011..992.296 rows=2609129 loops=1)
  ->  Hash  (cost=125089.34..125089.34 rows=285294 width=8) (actual time=2821.844..2821.844 rows=426409 loops=1)
        Buckets: 131072 (originally 131072)  Batches: 8 (originally 4)  Memory Usage: 3112kB
        ->  Hash Join  (cost=82501.92..125089.34 rows=285294 width=8) (actual time=1391.324..2688.872 rows=426409 loops=1)
              Hash Cond: (mi_idx.movie_id = t.id)
              ->  Seq Scan on movie_info_idx mi_idx  (cost=0.00..21735.35 rows=1380035 width=4) (actual time=0.020..511.718 rows=1380035 loops=1)
              ->  Hash  (cost=73925.90..73925.90 rows=522721 width=4) (actual time=1390.494..1390.494 rows=395238 loops=1)
                    Buckets: 131072  Batches: 8  Memory Usage: 2769kB
                    ->  Seq Scan on title t  (cost=0.00..73925.90 rows=522721 width=4) (actual time=202.011..1270.728 rows=395238 loops=1)
                          Filter: ((kind_id < 2) AND (production_year > 1977))
                          Rows Removed by Filter: 2133074
Planning time: 0.714 ms
Execution time: 6378.990 ms
