Hash Join  (cost=146429.07..185347.56 rows=71401 width=0) (actual time=2700.692..3581.883 rows=145154 loops=1)
  Hash Cond: (mi_idx.movie_id = t.id)
  ->  Seq Scan on movie_info_idx mi_idx  (cost=0.00..21735.35 rows=1380035 width=4) (actual time=0.025..448.609 rows=1380035 loops=1)
  ->  Hash  (cost=144281.79..144281.79 rows=130822 width=8) (actual time=2699.848..2699.848 rows=56150 loops=1)
        Buckets: 131072  Batches: 2  Memory Usage: 2122kB
        ->  Hash Join  (cost=81319.76..144281.79 rows=130822 width=8) (actual time=1317.752..2681.060 rows=56150 loops=1)
              Hash Cond: (mc.movie_id = t.id)
              ->  Seq Scan on movie_companies mc  (cost=0.00..51404.11 rows=734055 width=4) (actual time=0.022..993.448 rows=726951 loops=1)
                    Filter: (company_id < 1427)
                    Rows Removed by Filter: 1882178
              ->  Hash  (cost=73925.90..73925.90 rows=450628 width=4) (actual time=1316.702..1316.702 rows=325089 loops=1)
                    Buckets: 131072  Batches: 8  Memory Usage: 2458kB
                    ->  Seq Scan on title t  (cost=0.00..73925.90 rows=450628 width=4) (actual time=435.277..1219.863 rows=325089 loops=1)
                          Filter: ((production_year > 1992) AND (kind_id = 1))
                          Rows Removed by Filter: 2203223
Planning time: 1.201 ms
Execution time: 3597.104 ms
