Hash Join  (cost=365418.15..1750811.41 rows=34387938 width=0) (actual time=9429.797..60845.373 rows=117104898 loops=1)
  Hash Cond: (ci.movie_id = t.id)
  ->  Seq Scan on cast_info ci  (cost=0.00..705507.15 rows=19220198 width=4) (actual time=0.025..14148.623 rows=19116779 loops=1)
        Filter: (person_id < 1909340)
        Rows Removed by Filter: 17127565
  ->  Hash  (cost=291197.02..291197.02 rows=4523930 width=8) (actual time=9428.171..9428.171 rows=4523930 loops=1)
        Buckets: 131072  Batches: 64  Memory Usage: 3816kB
        ->  Hash Join  (cost=102767.86..291197.02 rows=4523930 width=8) (actual time=2532.423..8177.993 rows=4523930 loops=1)
              Hash Cond: (mk.movie_id = t.id)
              ->  Seq Scan on movie_keyword mk  (cost=0.00..69693.30 rows=4523930 width=4) (actual time=0.013..1337.201 rows=4523930 loops=1)
              ->  Hash  (cost=61283.27..61283.27 rows=2528527 width=4) (actual time=2530.887..2530.887 rows=2528312 loops=1)
                    Buckets: 131072  Batches: 64  Memory Usage: 2425kB
                    ->  Seq Scan on title t  (cost=0.00..61283.27 rows=2528527 width=4) (actual time=0.017..1059.306 rows=2528312 loops=1)
Planning time: 1.114 ms
Execution time: 72906.627 ms
