Hash Join  (cost=85280.32..202443.00 rows=860289 width=0) (actual time=1545.279..4472.367 rows=1129415 loops=1)
  Hash Cond: (mk.movie_id = t.id)
  ->  Seq Scan on movie_keyword mk  (cost=0.00..81003.12 rows=2019109 width=4) (actual time=0.013..1574.254 rows=2023603 loops=1)
        Filter: (keyword_id < 3627)
        Rows Removed by Filter: 2500327
  ->  Hash  (cost=67604.59..67604.59 rows=1077339 width=4) (actual time=1544.482..1544.482 rows=1074765 loops=1)
        Buckets: 131072  Batches: 16  Memory Usage: 3396kB
        ->  Seq Scan on title t  (cost=0.00..67604.59 rows=1077339 width=4) (actual time=0.019..1194.584 rows=1074765 loops=1)
              Filter: (production_year < 2001)
              Rows Removed by Filter: 1453547
Planning time: 0.739 ms
Execution time: 4602.344 ms
