Hash Join  (cost=132844.97..207020.16 rows=153041 width=0) (actual time=2796.702..5284.971 rows=181353 loops=1)
  Hash Cond: (mc.movie_id = t.id)
  ->  Seq Scan on movie_companies mc  (cost=0.00..57926.93 rows=1159959 width=4) (actual time=0.020..1129.692 rows=1265771 loops=1)
        Filter: ((company_id > 160) AND (company_type_id = 2))
        Rows Removed by Filter: 1343358
  ->  Hash  (cost=127370.91..127370.91 rows=333605 width=8) (actual time=2794.478..2794.478 rows=195168 loops=1)
        Buckets: 131072  Batches: 8  Memory Usage: 1986kB
        ->  Hash Join  (cost=83954.38..127370.91 rows=333605 width=8) (actual time=1505.990..2734.408 rows=195168 loops=1)
              Hash Cond: (mi_idx.movie_id = t.id)
              ->  Seq Scan on movie_info_idx mi_idx  (cost=0.00..21735.35 rows=1380035 width=4) (actual time=0.009..523.964 rows=1380035 loops=1)
              ->  Hash  (cost=73925.90..73925.90 rows=611238 width=4) (actual time=1502.677..1502.677 rows=481054 loops=1)
                    Buckets: 131072  Batches: 8  Memory Usage: 3125kB
                    ->  Seq Scan on title t  (cost=0.00..73925.90 rows=611238 width=4) (actual time=0.017..1344.711 rows=481054 loops=1)
                          Filter: ((kind_id > 3) AND (production_year < 1998))
                          Rows Removed by Filter: 2047258
Planning time: 1.109 ms
Execution time: 5305.924 ms
