Seq Scan on cast_info ci  (cost=0.00..796071.18 rows=29841825 width=0) (actual time=0.029..17773.622 rows=29974100 loops=1)
  Filter: ((person_id > 61156) AND (role_id < 9))
  Rows Removed by Filter: 6270244
Planning time: 0.380 ms
Execution time: 21329.388 ms
