Seq Scan on movie_keyword mk  (cost=0.00..81003.12 rows=2751325 width=0) (actual time=0.016..1191.049 rows=2743825 loops=1)
  Filter: (keyword_id > 2879)
  Rows Removed by Filter: 1780105
Planning time: 0.246 ms
Execution time: 1470.266 ms
