Seq Scan on movie_keyword mk  (cost=0.00..81003.12 rows=4382964 width=0) (actual time=0.020..1253.884 rows=4385015 loops=1)
  Filter: (keyword_id < 75161)
  Rows Removed by Filter: 138915
Planning time: 0.327 ms
Execution time: 1676.776 ms
