Hash Join  (cost=102767.86..178004.65 rows=308791 width=0) (actual time=2270.975..3926.716 rows=604268 loops=1)
  Hash Cond: (mc.movie_id = t.id)
  ->  Seq Scan on movie_companies mc  (cost=0.00..57926.93 rows=308791 width=4) (actual time=408.333..1118.564 rows=604268 loops=1)
        Filter: ((company_id > 64650) AND (company_type_id = 2))
        Rows Removed by Filter: 2004861
  ->  Hash  (cost=61283.27..61283.27 rows=2528527 width=4) (actual time=1861.348..1861.348 rows=2528312 loops=1)
        Buckets: 131072  Batches: 64  Memory Usage: 2415kB
        ->  Seq Scan on title t  (cost=0.00..61283.27 rows=2528527 width=4) (actual time=0.019..1063.021 rows=2528312 loops=1)
Planning time: 0.755 ms
Execution time: 4001.440 ms
