Hash Join  (cost=81615.04..120909.21 rows=169610 width=0) (actual time=1438.111..2362.009 rows=235098 loops=1)
  Hash Cond: (mi_idx.movie_id = t.id)
  ->  Seq Scan on movie_info_idx mi_idx  (cost=0.00..25185.44 rows=915101 width=4) (actual time=0.019..536.226 rows=919850 loops=1)
        Filter: (info_type_id < 101)
        Rows Removed by Filter: 460185
  ->  Hash  (cost=73925.90..73925.90 rows=468651 width=4) (actual time=1316.330..1316.330 rows=340746 loops=1)
        Buckets: 131072  Batches: 8  Memory Usage: 2526kB
        ->  Seq Scan on title t  (cost=0.00..73925.90 rows=468651 width=4) (actual time=0.023..1209.298 rows=340746 loops=1)
              Filter: ((production_year > 1989) AND (kind_id = 1))
              Rows Removed by Filter: 2187566
Planning time: 0.736 ms
Execution time: 2386.405 ms
