Hash Join  (cost=705269.31..2002851.78 rows=30304174 width=0) (actual time=23092.189..80453.404 rows=144479518 loops=1)
  Hash Cond: (ci.movie_id = t.id)
  ->  Seq Scan on cast_info ci  (cost=0.00..705507.15 rows=15114561 width=4) (actual time=91.546..13913.336 rows=15264556 loops=1)
        Filter: (person_id > 2115818)
        Rows Removed by Filter: 20979788
  ->  Hash  (cost=622095.20..622095.20 rows=5069609 width=8) (actual time=22996.841..22996.841 rows=10099080 loops=1)
        Buckets: 131072 (originally 131072)  Batches: 256 (originally 128)  Memory Usage: 3073kB
        ->  Hash Join  (cost=88195.18..622095.20 rows=5069609 width=8) (actual time=2484.894..19761.444 rows=10099080 loops=1)
              Hash Cond: (mi.movie_id = t.id)
              ->  Seq Scan on movie_info mi  (cost=0.00..309384.22 rows=14739122 width=4) (actual time=0.031..6224.421 rows=14835720 loops=1)
              ->  Hash  (cost=73925.90..73925.90 rows=869702 width=4) (actual time=2484.032..2484.032 rows=896788 loops=1)
                    Buckets: 131072  Batches: 16  Memory Usage: 3007kB
                    ->  Seq Scan on title t  (cost=0.00..73925.90 rows=869702 width=4) (actual time=0.025..1434.198 rows=896788 loops=1)
                          Filter: ((kind_id < 7) AND (production_year < 2012))
                          Rows Removed by Filter: 1631524
Planning time: 5.211 ms
Execution time: 95925.839 ms
