Seq Scan on movie_companies mc  (cost=0.00..57926.93 rows=389667 width=0) (actual time=0.031..1001.310 rows=551842 loops=1)
  Filter: ((company_id < 1700) AND (company_type_id < 2))
  Rows Removed by Filter: 2057287
Planning time: 1.543 ms
Execution time: 1071.572 ms
