Seq Scan on movie_keyword mk  (cost=0.00..81003.12 rows=2601934 width=0) (actual time=0.020..1449.898 rows=2584283 loops=1)
  Filter: (keyword_id > 3337)
  Rows Removed by Filter: 1939647
Planning time: 1.685 ms
Execution time: 1774.831 ms
