Seq Scan on cast_info ci  (cost=0.00..796071.18 rows=11680215 width=0) (actual time=7107.568..12762.002 rows=9332707 loops=1)
  Filter: ((person_id > 1477718) AND (role_id < 3))
  Rows Removed by Filter: 26911637
Planning time: 0.309 ms
Execution time: 13816.239 ms
