Seq Scan on cast_info ci  (cost=0.00..705507.15 rows=16215479 width=0) (actual time=2.609..12274.933 rows=16091843 loops=1)
  Filter: (person_id < 1593630)
  Rows Removed by Filter: 20152501
Planning time: 0.217 ms
Execution time: 14304.466 ms
