Seq Scan on cast_info ci  (cost=0.00..705507.15 rows=500 width=0) (actual time=1247.696..10209.524 rows=2480 loops=1)
  Filter: (person_id = 1913144)
  Rows Removed by Filter: 36241864
Planning time: 0.403 ms
Execution time: 10209.961 ms
