Hash Join  (cost=156843.29..521652.17 rows=15297 width=0) (actual time=2618.413..9819.380 rows=10519 loops=1)
  Hash Cond: (mi.movie_id = t.id)
  ->  Seq Scan on movie_info mi  (cost=0.00..309384.22 rows=14739122 width=4) (actual time=0.018..4496.778 rows=14835720 loops=1)
  ->  Hash  (cost=156810.49..156810.49 rows=2624 width=8) (actual time=2602.020..2602.020 rows=525 loops=1)
        Buckets: 4096  Batches: 1  Memory Usage: 53kB
        ->  Hash Join  (cost=74050.79..156810.49 rows=2624 width=8) (actual time=1370.998..2601.720 rows=525 loops=1)
              Hash Cond: (mk.movie_id = t.id)
              ->  Seq Scan on movie_keyword mk  (cost=0.00..81003.12 rows=16889 width=4) (actual time=1.257..1180.398 rows=14120 loops=1)
                    Filter: (keyword_id = 1382)
                    Rows Removed by Filter: 4509810
              ->  Hash  (cost=67604.59..67604.59 rows=392896 width=4) (actual time=1356.809..1356.809 rows=391666 loops=1)
                    Buckets: 131072  Batches: 8  Memory Usage: 2759kB
                    ->  Seq Scan on title t  (cost=0.00..67604.59 rows=392896 width=4) (actual time=0.029..1223.667 rows=391666 loops=1)
                          Filter: (production_year > 2010)
                          Rows Removed by Filter: 2136646
Planning time: 1.122 ms
Execution time: 9821.856 ms
