Seq Scan on movie_companies mc  (cost=0.00..57926.93 rows=773267 width=0) (actual time=0.019..1142.763 rows=1066851 loops=1)
  Filter: ((company_id < 15208) AND (company_type_id = 1))
  Rows Removed by Filter: 1542278
Planning time: 0.435 ms
Execution time: 1275.656 ms
