Seq Scan on cast_info ci  (cost=0.00..796071.18 rows=12760841 width=0) (actual time=0.021..15350.857 rows=14009623 loops=1)
  Filter: ((person_id > 736151) AND (role_id > 2))
  Rows Removed by Filter: 22234721
Planning time: 0.328 ms
Execution time: 17071.490 ms
