Seq Scan on movie_companies mc  (cost=0.00..51404.11 rows=2060256 width=0) (actual time=0.028..794.183 rows=2062635 loops=1)
  Filter: (company_id > 549)
  Rows Removed by Filter: 546494
Planning time: 0.320 ms
Execution time: 1034.579 ms
