Hash Join  (cost=95159.82..553899.80 rows=3617239 width=0) (actual time=4095.287..12252.759 rows=3250930 loops=1)
  Hash Cond: (mi.movie_id = t.id)
  ->  Seq Scan on movie_info mi  (cost=0.00..346232.03 rows=5445713 width=4) (actual time=2181.096..6501.580 rows=5410520 loops=1)
        Filter: (info_type_id < 6)
        Rows Removed by Filter: 9425200
  ->  Hash  (cost=67604.59..67604.59 rows=1679539 width=4) (actual time=1912.762..1912.762 rows=1673541 loops=1)
        Buckets: 131072  Batches: 32  Memory Usage: 2874kB
        ->  Seq Scan on title t  (cost=0.00..67604.59 rows=1679539 width=4) (actual time=0.032..1344.184 rows=1673541 loops=1)
              Filter: (production_year > 1993)
              Rows Removed by Filter: 854771
Planning time: 0.751 ms
Execution time: 12609.296 ms
