Hash Join  (cost=203409.59..756670.24 rows=6884073 width=0) (actual time=4380.117..21444.019 rows=9782544 loops=1)
  Hash Cond: (mi.movie_id = t.id)
  ->  Seq Scan on movie_info mi  (cost=0.00..309384.22 rows=14739122 width=4) (actual time=0.015..6278.668 rows=14835720 loops=1)
  ->  Hash  (cost=184033.37..184033.37 rows=1180977 width=8) (actual time=4378.940..4378.940 rows=867910 loops=1)
        Buckets: 131072  Batches: 16  Memory Usage: 3156kB
        ->  Hash Join  (cost=92703.08..184033.37 rows=1180977 width=8) (actual time=1668.066..4147.251 rows=867910 loops=1)
              Hash Cond: (mc.movie_id = t.id)
              ->  Seq Scan on movie_companies mc  (cost=0.00..44881.29 rows=2609129 width=4) (actual time=0.016..897.644 rows=2609129 loops=1)
              ->  Hash  (cost=73925.90..73925.90 rows=1144494 width=4) (actual time=1666.887..1666.887 rows=1095581 loops=1)
                    Buckets: 131072  Batches: 16  Memory Usage: 3437kB
                    ->  Seq Scan on title t  (cost=0.00..73925.90 rows=1144494 width=4) (actual time=0.027..1329.295 rows=1095581 loops=1)
                          Filter: ((kind_id > 1) AND (production_year < 2007))
                          Rows Removed by Filter: 1432731
Planning time: 1.235 ms
Execution time: 22601.852 ms
