Hash Join  (cost=73982.55..806356.38 rows=12780 width=0) (actual time=2277.355..14079.191 rows=25166 loops=1)
  Hash Cond: (ci.movie_id = t.id)
  ->  Seq Scan on cast_info ci  (cost=0.00..705507.15 rows=7130367 width=4) (actual time=1014.717..11309.338 rows=7076127 loops=1)
        Filter: (person_id < 683570)
        Rows Removed by Filter: 29168217
  ->  Hash  (cost=73925.90..73925.90 rows=4532 width=4) (actual time=1258.255..1258.255 rows=8488 loops=1)
        Buckets: 16384 (originally 8192)  Batches: 1 (originally 1)  Memory Usage: 427kB
        ->  Seq Scan on title t  (cost=0.00..73925.90 rows=4532 width=4) (actual time=0.143..1253.968 rows=8488 loops=1)
              Filter: ((kind_id = 7) AND (production_year = 1969))
              Rows Removed by Filter: 2519824
Planning time: 0.795 ms
Execution time: 14083.858 ms
