Hash Join  (cost=89678.24..178385.89 rows=990712 width=0) (actual time=1741.357..4281.143 rows=1880201 loops=1)
  Hash Cond: (mc.movie_id = t.id)
  ->  Seq Scan on movie_companies mc  (cost=0.00..44881.29 rows=2609129 width=4) (actual time=0.013..662.397 rows=2609129 loops=1)
  ->  Hash  (cost=73925.90..73925.90 rows=960107 width=4) (actual time=1740.204..1740.204 rows=977778 loops=1)
        Buckets: 131072  Batches: 16  Memory Usage: 3172kB
        ->  Seq Scan on title t  (cost=0.00..73925.90 rows=960107 width=4) (actual time=0.033..1136.877 rows=977778 loops=1)
              Filter: ((kind_id < 7) AND (production_year > 0))
              Rows Removed by Filter: 1550534
Planning time: 0.747 ms
Execution time: 4513.269 ms
