Hash Join  (cost=83073.10..447729.96 rows=91 width=0) (actual time=1014.736..8045.750 rows=5360 loops=1)
  Hash Cond: (mi.movie_id = t.id)
  ->  Seq Scan on movie_info mi  (cost=0.00..309384.22 rows=14739122 width=4) (actual time=0.022..4295.421 rows=14835720 loops=1)
  ->  Hash  (cost=83072.90..83072.90 rows=16 width=8) (actual time=1012.936..1012.936 rows=181 loops=1)
        Buckets: 1024  Batches: 1  Memory Usage: 16kB
        ->  Nested Loop  (cost=0.43..83072.90 rows=16 width=8) (actual time=5.283..1012.758 rows=181 loops=1)
              ->  Seq Scan on movie_keyword mk  (cost=0.00..81003.12 rows=246 width=4) (actual time=4.623..1004.460 rows=248 loops=1)
                    Filter: (keyword_id = 15816)
                    Rows Removed by Filter: 4523682
              ->  Index Scan using title_pkey on title t  (cost=0.43..8.40 rows=1 width=4) (actual time=0.031..0.031 rows=1 loops=248)
                    Index Cond: (id = mk.movie_id)
                    Filter: ((production_year < 1986) AND (kind_id = 1))
                    Rows Removed by Filter: 0
Planning time: 1.163 ms
Execution time: 8047.186 ms
