Seq Scan on cast_info ci  (cost=0.00..705507.15 rows=7065379 width=0) (actual time=0.042..11183.164 rows=7005094 loops=1)
  Filter: (person_id < 677010)
  Rows Removed by Filter: 29239250
Planning time: 0.230 ms
Execution time: 12084.938 ms
