Seq Scan on cast_info ci  (cost=0.00..796071.18 rows=9481634 width=0) (actual time=0.024..15886.184 rows=12670688 loops=1)
  Filter: ((person_id < 2777332) AND (role_id < 2))
  Rows Removed by Filter: 23573656
Planning time: 0.381 ms
Execution time: 17418.294 ms
