Hash Join  (cost=78440.87..147108.76 rows=139259 width=0) (actual time=1793.906..3140.612 rows=453392 loops=1)
  Hash Cond: (mc.movie_id = t.id)
  ->  Seq Scan on movie_companies mc  (cost=0.00..51404.11 rows=1279517 width=4) (actual time=374.261..1020.759 rows=1274246 loops=1)
        Filter: (company_type_id < 2)
        Rows Removed by Filter: 1334883
  ->  Hash  (cost=73925.90..73925.90 rows=275197 width=4) (actual time=1418.674..1418.674 rows=414389 loops=1)
        Buckets: 131072 (originally 131072)  Batches: 8 (originally 4)  Memory Usage: 3073kB
        ->  Seq Scan on title t  (cost=0.00..73925.90 rows=275197 width=4) (actual time=0.064..1271.557 rows=414389 loops=1)
              Filter: ((kind_id < 4) AND (production_year < 1995))
              Rows Removed by Filter: 2113923
Planning time: 0.576 ms
Execution time: 3184.258 ms
