Hash Join  (cost=86534.07..172515.49 rows=792990 width=0) (actual time=2065.618..3895.177 rows=318578 loops=1)
  Hash Cond: (mc.movie_id = t.id)
  ->  Seq Scan on movie_companies mc  (cost=0.00..44881.29 rows=2609129 width=4) (actual time=0.013..848.678 rows=2609129 loops=1)
  ->  Hash  (cost=73925.90..73925.90 rows=768493 width=4) (actual time=1533.427..1533.427 rows=840010 loops=1)
        Buckets: 131072  Batches: 16  Memory Usage: 2877kB
        ->  Seq Scan on title t  (cost=0.00..73925.90 rows=768493 width=4) (actual time=334.965..1281.912 rows=840010 loops=1)
              Filter: ((production_year > 2002) AND (kind_id = 7))
              Rows Removed by Filter: 1688302
Planning time: 0.786 ms
Execution time: 3936.133 ms
