Seq Scan on movie_companies mc  (cost=0.00..51404.11 rows=2080519 width=0) (actual time=0.036..888.334 rows=2080288 loops=1)
  Filter: (company_id > 494)
  Rows Removed by Filter: 528841
Planning time: 0.325 ms
Execution time: 1139.637 ms
