Seq Scan on title t  (cost=0.00..73925.90 rows=35785 width=0) (actual time=0.021..1227.486 rows=40139 loops=1)
  Filter: ((kind_id > 4) AND (production_year = 2001))
  Rows Removed by Filter: 2488173
Planning time: 0.376 ms
Execution time: 1234.292 ms
