Hash Join  (cost=575416.27..1558422.96 rows=4715495 width=0) (actual time=19733.425..35360.267 rows=6110113 loops=1)
  Hash Cond: (ci.movie_id = t.id)
  ->  Seq Scan on cast_info ci  (cost=0.00..705507.15 rows=12726058 width=4) (actual time=6204.374..14475.503 rows=12670688 loops=1)
        Filter: (role_id = 1)
        Rows Removed by Filter: 23573656
  ->  Hash  (cost=560044.81..560044.81 rows=936917 width=8) (actual time=13527.452..13527.452 rows=741934 loops=1)
        Buckets: 131072  Batches: 16  Memory Usage: 2884kB
        ->  Hash Join  (cost=70241.71..560044.81 rows=936917 width=8) (actual time=1094.145..13285.386 rows=741934 loops=1)
              Hash Cond: (mi.movie_id = t.id)
              ->  Seq Scan on movie_info mi  (cost=0.00..309384.22 rows=14739122 width=4) (actual time=0.031..6021.641 rows=14835720 loops=1)
              ->  Hash  (cost=67604.59..67604.59 rows=160730 width=4) (actual time=1093.239..1093.239 rows=160017 loops=1)
                    Buckets: 131072  Batches: 4  Memory Usage: 2442kB
                    ->  Seq Scan on title t  (cost=0.00..67604.59 rows=160730 width=4) (actual time=0.024..1032.956 rows=160017 loops=1)
                          Filter: (production_year = 2011)
                          Rows Removed by Filter: 2368295
Planning time: 1.192 ms
Execution time: 36085.745 ms
