Hash Join  (cost=775044.85..1140021.26 rows=32049 width=0) (actual time=13323.936..19977.828 rows=80451 loops=1)
  Hash Cond: (mi.movie_id = t.id)
  ->  Seq Scan on movie_info mi  (cost=0.00..309384.22 rows=14739122 width=4) (actual time=0.016..4011.722 rows=14835720 loops=1)
  ->  Hash  (cost=774976.12..774976.12 rows=5498 width=8) (actual time=13318.950..13318.950 rows=4942 loops=1)
        Buckets: 8192  Batches: 1  Memory Usage: 258kB
        ->  Hash Join  (cost=68100.81..774976.12 rows=5498 width=8) (actual time=12935.592..13316.862 rows=4942 loops=1)
              Hash Cond: (ci.movie_id = t.id)
              ->  Seq Scan on cast_info ci  (cost=0.00..705507.15 rows=350181 width=4) (actual time=11846.591..12145.058 rows=316118 loops=1)
                    Filter: (role_id > 10)
                    Rows Removed by Filter: 35928226
              ->  Hash  (cost=67604.59..67604.59 rows=39698 width=4) (actual time=1087.896..1087.896 rows=36437 loops=1)
                    Buckets: 65536  Batches: 1  Memory Usage: 1793kB
                    ->  Seq Scan on title t  (cost=0.00..67604.59 rows=39698 width=4) (actual time=0.026..1072.634 rows=36437 loops=1)
                          Filter: (production_year = 1995)
                          Rows Removed by Filter: 2491875
Planning time: 0.775 ms
Execution time: 19989.901 ms
