Seq Scan on movie_companies mc  (cost=0.00..57926.93 rows=124680 width=0) (actual time=565.042..855.355 rows=247157 loops=1)
  Filter: ((company_id > 101634) AND (company_type_id > 1))
  Rows Removed by Filter: 2361972
Planning time: 0.336 ms
Execution time: 886.819 ms
