Hash Join  (cost=217858.32..357189.08 rows=1661024 width=0) (actual time=4943.655..10187.392 rows=5905445 loops=1)
  Hash Cond: (mk.movie_id = t.id)
  ->  Seq Scan on movie_keyword mk  (cost=0.00..81003.12 rows=3158774 width=4) (actual time=0.015..1699.135 rows=3139546 loops=1)
        Filter: (keyword_id < 12080)
        Rows Removed by Filter: 1384384
  ->  Hash  (cost=196044.17..196044.17 rows=1329612 width=8) (actual time=4942.406..4942.406 rows=1334883 loops=1)
        Buckets: 131072  Batches: 32  Memory Usage: 2660kB
        ->  Hash Join  (cost=102767.86..196044.17 rows=1329612 width=8) (actual time=2399.616..4535.640 rows=1334883 loops=1)
              Hash Cond: (mc.movie_id = t.id)
              ->  Seq Scan on movie_companies mc  (cost=0.00..51404.11 rows=1329612 width=4) (actual time=387.459..958.475 rows=1334883 loops=1)
                    Filter: (company_type_id = 2)
                    Rows Removed by Filter: 1274246
              ->  Hash  (cost=61283.27..61283.27 rows=2528527 width=4) (actual time=2011.059..2011.059 rows=2528312 loops=1)
                    Buckets: 131072  Batches: 64  Memory Usage: 2415kB
                    ->  Seq Scan on title t  (cost=0.00..61283.27 rows=2528527 width=4) (actual time=0.018..1181.854 rows=2528312 loops=1)
Planning time: 1.143 ms
Execution time: 10838.204 ms
