Hash Join  (cost=145355.95..237574.17 rows=34246 width=0) (actual time=4638.773..5499.200 rows=26443 loops=1)
  Hash Cond: (mk.movie_id = t.id)
  ->  Seq Scan on movie_keyword mk  (cost=0.00..81003.12 rows=2899372 width=4) (actual time=0.020..1449.885 rows=2888019 loops=1)
        Filter: (keyword_id < 9077)
        Rows Removed by Filter: 1635911
  ->  Hash  (cost=144982.62..144982.62 rows=29866 width=8) (actual time=3592.406..3592.406 rows=14692 loops=1)
        Buckets: 32768  Batches: 1  Memory Usage: 830kB
        ->  Hash Join  (cost=75199.97..144982.62 rows=29866 width=8) (actual time=1825.341..3587.147 rows=14692 loops=1)
              Hash Cond: (mc.movie_id = t.id)
              ->  Seq Scan on movie_companies mc  (cost=0.00..57926.93 rows=973082 width=4) (actual time=398.987..1114.741 rows=1137197 loops=1)
                    Filter: ((company_id > 1260) AND (company_type_id = 2))
                    Rows Removed by Filter: 1471932
              ->  Hash  (cost=73925.90..73925.90 rows=77605 width=4) (actual time=1425.416..1425.416 rows=84684 loops=1)
                    Buckets: 131072  Batches: 2  Memory Usage: 2512kB
                    ->  Seq Scan on title t  (cost=0.00..73925.90 rows=77605 width=4) (actual time=149.111..1392.619 rows=84684 loops=1)
                          Filter: ((kind_id = 7) AND (production_year = 2009))
                          Rows Removed by Filter: 2443628
Planning time: 1.223 ms
Execution time: 5503.071 ms
