Nested Loop  (cost=0.43..83072.29 rows=6 width=0) (actual time=98.006..1297.469 rows=4 loops=1)
  ->  Seq Scan on movie_keyword mk  (cost=0.00..81003.12 rows=246 width=4) (actual time=4.149..1292.609 rows=138 loops=1)
        Filter: (keyword_id = 40806)
        Rows Removed by Filter: 4523792
  ->  Index Scan using title_pkey on title t  (cost=0.43..8.40 rows=1 width=4) (actual time=0.032..0.032 rows=0 loops=138)
        Index Cond: (id = mk.movie_id)
        Filter: (production_year > 2012)
        Rows Removed by Filter: 1
Planning time: 0.765 ms
Execution time: 1297.588 ms
