Hash Join  (cost=86810.27..929288.89 rows=917607 width=0) (actual time=1336.496..18552.084 rows=981767 loops=1)
  Hash Cond: (ci.movie_id = t.id)
  ->  Seq Scan on cast_info ci  (cost=0.00..796071.18 rows=2954499 width=4) (actual time=0.013..15270.995 rows=3286477 loops=1)
        Filter: ((person_id > 914588) AND (role_id = 3))
        Rows Removed by Filter: 32957867
  ->  Hash  (cost=73925.90..73925.90 rows=785309 width=4) (actual time=1335.005..1335.005 rows=695753 loops=1)
        Buckets: 131072  Batches: 16  Memory Usage: 2553kB
        ->  Seq Scan on title t  (cost=0.00..73925.90 rows=785309 width=4) (actual time=0.015..1132.810 rows=695753 loops=1)
              Filter: ((kind_id < 7) AND (production_year > 1975))
              Rows Removed by Filter: 1832559
Planning time: 0.774 ms
Execution time: 18675.708 ms
