Seq Scan on movie_keyword mk  (cost=0.00..81003.12 rows=246 width=0) (actual time=0.273..1266.845 rows=1207 loops=1)
  Filter: (keyword_id = 12189)
  Rows Removed by Filter: 4522723
Planning time: 0.371 ms
Execution time: 1267.377 ms
