Seq Scan on cast_info ci  (cost=0.00..705507.15 rows=15908210 width=0) (actual time=0.018..12457.633 rows=15805769 loops=1)
  Filter: (person_id < 1561862)
  Rows Removed by Filter: 20438575
Planning time: 0.305 ms
Execution time: 14438.489 ms
