Hash Join  (cost=121292.64..583386.29 rows=569745 width=0) (actual time=3339.523..14858.139 rows=4222820 loops=1)
  Hash Cond: (mi.movie_id = t.id)
  ->  Seq Scan on movie_info mi  (cost=0.00..346232.03 rows=9476311 width=4) (actual time=447.666..6399.258 rows=9565151 loops=1)
        Filter: (info_type_id < 16)
        Rows Removed by Filter: 5270569
  ->  Hash  (cost=118798.35..118798.35 rows=152023 width=8) (actual time=2889.587..2889.587 rows=353189 loops=1)
        Buckets: 131072 (originally 131072)  Batches: 8 (originally 2)  Memory Usage: 3073kB
        ->  Hash Join  (cost=78496.64..118798.35 rows=152023 width=8) (actual time=1319.176..2793.856 rows=353189 loops=1)
              Hash Cond: (mi_idx.movie_id = t.id)
              ->  Seq Scan on movie_info_idx mi_idx  (cost=0.00..21735.35 rows=1380035 width=4) (actual time=0.017..449.260 rows=1380035 loops=1)
              ->  Hash  (cost=73925.90..73925.90 rows=278539 width=4) (actual time=1317.693..1317.693 rows=392019 loops=1)
                    Buckets: 131072 (originally 131072)  Batches: 8 (originally 4)  Memory Usage: 3073kB
                    ->  Seq Scan on title t  (cost=0.00..73925.90 rows=278539 width=4) (actual time=0.046..1185.695 rows=392019 loops=1)
                          Filter: ((kind_id < 7) AND (production_year < 1991))
                          Rows Removed by Filter: 2136293
Planning time: 1.176 ms
Execution time: 15358.239 ms
