Hash Join  (cost=83075.10..430584.20 rows=30 width=0) (actual time=1401.419..6699.135 rows=3909 loops=1)
  Hash Cond: (mi.movie_id = t.id)
  ->  Seq Scan on movie_info mi  (cost=0.00..346232.03 rows=340474 width=4) (actual time=0.021..5229.684 rows=328857 loops=1)
        Filter: (info_type_id = 98)
        Rows Removed by Filter: 14506863
  ->  Hash  (cost=83072.29..83072.29 rows=225 width=8) (actual time=1400.615..1400.615 rows=4241 loops=1)
        Buckets: 8192 (originally 1024)  Batches: 1 (originally 1)  Memory Usage: 230kB
        ->  Nested Loop  (cost=0.43..83072.29 rows=225 width=8) (actual time=0.170..1397.792 rows=4241 loops=1)
              ->  Seq Scan on movie_keyword mk  (cost=0.00..81003.12 rows=246 width=4) (actual time=0.040..1236.545 rows=5916 loops=1)
                    Filter: (keyword_id = 807)
                    Rows Removed by Filter: 4518014
              ->  Index Scan using title_pkey on title t  (cost=0.43..8.40 rows=1 width=4) (actual time=0.026..0.026 rows=1 loops=5916)
                    Index Cond: (id = mk.movie_id)
                    Filter: (production_year > 1946)
                    Rows Removed by Filter: 0
Planning time: 1.253 ms
Execution time: 6700.168 ms
