Hash Join  (cost=76746.21..567242.31 rows=1001818 width=0) (actual time=1235.991..13882.591 rows=3156045 loops=1)
  Hash Cond: (mi.movie_id = t.id)
  ->  Seq Scan on movie_info mi  (cost=0.00..309384.22 rows=14739122 width=4) (actual time=0.020..5870.625 rows=14835720 loops=1)
  ->  Hash  (cost=73925.90..73925.90 rows=171864 width=4) (actual time=1235.102..1235.102 rows=275829 loops=1)
        Buckets: 131072  Batches: 4  Memory Usage: 3459kB
        ->  Seq Scan on title t  (cost=0.00..73925.90 rows=171864 width=4) (actual time=0.029..1141.834 rows=275829 loops=1)
              Filter: ((kind_id < 7) AND (production_year < 1975))
              Rows Removed by Filter: 2252483
Planning time: 0.780 ms
Execution time: 14204.683 ms
