Hash Join  (cost=87245.25..232266.12 rows=1723845 width=0) (actual time=1695.363..5706.571 rows=2214158 loops=1)
  Hash Cond: (mk.movie_id = t.id)
  ->  Seq Scan on movie_keyword mk  (cost=0.00..81003.12 rows=3641145 width=4) (actual time=0.024..1723.400 rows=3632196 loops=1)
        Filter: (keyword_id > 843)
        Rows Removed by Filter: 891734
  ->  Hash  (cost=67604.59..67604.59 rows=1197093 width=4) (actual time=1694.598..1694.598 rows=1195923 loops=1)
        Buckets: 131072  Batches: 16  Memory Usage: 3661kB
        ->  Seq Scan on title t  (cost=0.00..67604.59 rows=1197093 width=4) (actual time=0.007..1299.367 rows=1195923 loops=1)
              Filter: (production_year < 2003)
              Rows Removed by Filter: 1332389
Planning time: 0.737 ms
Execution time: 5962.853 ms
