Hash Join  (cost=184520.49..225146.59 rows=170962 width=0) (actual time=3744.674..4885.822 rows=443773 loops=1)
  Hash Cond: (mi_idx.movie_id = t.id)
  ->  Seq Scan on movie_info_idx mi_idx  (cost=0.00..21735.35 rows=1380035 width=4) (actual time=0.008..425.478 rows=1380035 loops=1)
  ->  Hash  (cost=179380.99..179380.99 rows=313240 width=8) (actual time=3743.788..3743.788 rows=214221 loops=1)
        Buckets: 131072  Batches: 8  Memory Usage: 2056kB
        ->  Hash Join  (cost=80562.70..179380.99 rows=313240 width=8) (actual time=1537.640..3680.955 rows=214221 loops=1)
              Hash Cond: (mk.movie_id = t.id)
              ->  Seq Scan on movie_keyword mk  (cost=0.00..81003.12 rows=1002870 width=4) (actual time=0.015..1499.734 rows=1010756 loops=1)
                    Filter: (keyword_id > 18036)
                    Rows Removed by Filter: 3513174
              ->  Hash  (cost=67604.59..67604.59 rows=789769 width=4) (actual time=1536.801..1536.801 rows=784926 loops=1)
                    Buckets: 131072  Batches: 16  Memory Usage: 2756kB
                    ->  Seq Scan on title t  (cost=0.00..67604.59 rows=789769 width=4) (actual time=0.024..1280.080 rows=784926 loops=1)
                          Filter: (production_year > 2007)
                          Rows Removed by Filter: 1743386
Planning time: 1.247 ms
Execution time: 4938.627 ms
