Nested Loop  (cost=0.43..83071.67 rows=246 width=0) (actual time=7.931..1379.215 rows=1987 loops=1)
  ->  Seq Scan on movie_keyword mk  (cost=0.00..81003.12 rows=246 width=4) (actual time=7.865..1294.370 rows=1987 loops=1)
        Filter: (keyword_id = 432)
        Rows Removed by Filter: 4521943
  ->  Index Only Scan using title_pkey on title t  (cost=0.43..8.40 rows=1 width=4) (actual time=0.040..0.041 rows=1 loops=1987)
        Index Cond: (id = mk.movie_id)
        Heap Fetches: 1987
Planning time: 0.669 ms
Execution time: 1379.962 ms
