Seq Scan on movie_keyword mk  (cost=0.00..81003.12 rows=1888048 width=0) (actual time=0.011..1364.769 rows=1893725 loops=1)
  Filter: (keyword_id > 7168)
  Rows Removed by Filter: 2630205
Planning time: 0.327 ms
Execution time: 1606.117 ms
