Hash Join  (cost=68365.25..417828.79 rows=19488 width=0) (actual time=1870.085..6684.586 rows=18084 loops=1)
  Hash Cond: (mi.movie_id = t.id)
  ->  Seq Scan on movie_info mi  (cost=0.00..346232.03 rows=809768 width=4) (actual time=913.307..5490.398 rows=802140 loops=1)
        Filter: (info_type_id < 2)
        Rows Removed by Filter: 14033580
  ->  Hash  (cost=67604.59..67604.59 rows=60853 width=4) (actual time=956.315..956.315 rows=62568 loops=1)
        Buckets: 65536  Batches: 1  Memory Usage: 2712kB
        ->  Seq Scan on title t  (cost=0.00..67604.59 rows=60853 width=4) (actual time=0.042..930.037 rows=62568 loops=1)
              Filter: (production_year = 2002)
              Rows Removed by Filter: 2465744
Planning time: 0.778 ms
Execution time: 6687.490 ms
