Seq Scan on movie_keyword mk  (cost=0.00..81003.12 rows=246 width=0) (actual time=15.056..1282.726 rows=387 loops=1)
  Filter: (keyword_id = 3462)
  Rows Removed by Filter: 4523543
Planning time: 0.358 ms
Execution time: 1283.027 ms
