Hash Join  (cost=76428.64..577339.86 rows=764058 width=0) (actual time=1103.133..11988.293 rows=251080 loops=1)
  Hash Cond: (mi.movie_id = t.id)
  ->  Seq Scan on movie_info mi  (cost=0.00..346232.03 rows=12665229 width=4) (actual time=0.016..6513.903 rows=12744652 loops=1)
        Filter: (info_type_id > 2)
        Rows Removed by Filter: 2091068
  ->  Hash  (cost=73925.90..73925.90 rows=152539 width=4) (actual time=1047.941..1047.941 rows=53426 loops=1)
        Buckets: 131072  Batches: 2  Memory Usage: 1969kB
        ->  Seq Scan on title t  (cost=0.00..73925.90 rows=152539 width=4) (actual time=0.030..1026.808 rows=53426 loops=1)
              Filter: ((production_year < 1961) AND (kind_id = 7))
              Rows Removed by Filter: 2474886
Planning time: 0.778 ms
Execution time: 12017.982 ms
