Hash Join  (cost=161021.74..286630.34 rows=928926 width=0) (actual time=3577.263..7802.740 rows=5128644 loops=1)
  Hash Cond: (mk.movie_id = t.id)
  ->  Seq Scan on movie_keyword mk  (cost=0.00..81003.12 rows=2767522 width=4) (actual time=0.022..1632.049 rows=2762917 loops=1)
        Filter: (keyword_id < 7876)
        Rows Removed by Filter: 1761013
  ->  Hash  (cost=147096.91..147096.91 rows=848707 width=8) (actual time=3575.907..3575.907 rows=1010682 loops=1)
        Buckets: 131072  Batches: 16  Memory Usage: 3518kB
        ->  Hash Join  (cost=93117.31..147096.91 rows=848707 width=8) (actual time=1795.694..3302.165 rows=1010682 loops=1)
              Hash Cond: (mi_idx.movie_id = t.id)
              ->  Seq Scan on movie_info_idx mi_idx  (cost=0.00..21735.35 rows=1380035 width=4) (actual time=0.014..402.827 rows=1380035 loops=1)
              ->  Hash  (cost=67604.59..67604.59 rows=1555018 width=4) (actual time=1794.334..1794.334 rows=1551727 loops=1)
                    Buckets: 131072  Batches: 32  Memory Usage: 2728kB
                    ->  Seq Scan on title t  (cost=0.00..67604.59 rows=1555018 width=4) (actual time=0.023..1267.375 rows=1551727 loops=1)
                          Filter: (production_year < 2007)
                          Rows Removed by Filter: 976585
Planning time: 1.154 ms
Execution time: 8411.126 ms
