Hash Join  (cost=134772.43..1236756.05 rows=6637041 width=0) (actual time=2814.128..36352.985 rows=15067747 loops=1)
  Hash Cond: (ci.movie_id = t.id)
  ->  Seq Scan on cast_info ci  (cost=0.00..614943.12 rows=36225612 width=4) (actual time=0.018..13407.448 rows=36244344 loops=1)
  ->  Hash  (cost=127171.65..127171.65 rows=463262 width=8) (actual time=2813.273..2813.273 rows=569398 loops=1)
        Buckets: 131072  Batches: 8  Memory Usage: 3815kB
        ->  Hash Join  (cost=81530.55..127171.65 rows=463262 width=8) (actual time=1415.457..2681.086 rows=569398 loops=1)
              Hash Cond: (mi_idx.movie_id = t.id)
              ->  Seq Scan on movie_info_idx mi_idx  (cost=0.00..21735.35 rows=1380035 width=4) (actual time=0.022..437.622 rows=1380035 loops=1)
              ->  Hash  (cost=67604.59..67604.59 rows=848797 width=4) (actual time=1414.464..1414.464 rows=849141 loops=1)
                    Buckets: 131072  Batches: 16  Memory Usage: 2892kB
                    ->  Seq Scan on title t  (cost=0.00..67604.59 rows=848797 width=4) (actual time=0.020..1149.824 rows=849141 loops=1)
                          Filter: (production_year < 1996)
                          Rows Removed by Filter: 1679171
Planning time: 1.204 ms
Execution time: 37896.541 ms
