Seq Scan on title t  (cost=0.00..73925.90 rows=30867 width=0) (actual time=0.017..1104.732 rows=34773 loops=1)
  Filter: ((kind_id = 7) AND (production_year = 1999))
  Rows Removed by Filter: 2493539
Planning time: 0.387 ms
Execution time: 1110.810 ms
