Seq Scan on movie_keyword mk  (cost=0.00..81003.12 rows=2142596 width=0) (actual time=0.023..1621.546 rows=2140652 loops=1)
  Filter: (keyword_id > 5473)
  Rows Removed by Filter: 2383278
Planning time: 0.346 ms
Execution time: 1890.597 ms
