Seq Scan on cast_info ci  (cost=0.00..796071.18 rows=276 width=0) (actual time=3678.453..12590.763 rows=136 loops=1)
  Filter: ((role_id < 3) AND (person_id = 231178))
  Rows Removed by Filter: 36244208
Planning time: 0.283 ms
Execution time: 12590.884 ms
