Hash Join  (cost=373208.42..1184256.07 rows=25863802 width=0) (actual time=9113.970..72943.388 rows=229389753 loops=1)
  Hash Cond: (mi.movie_id = t.id)
  ->  Seq Scan on movie_info mi  (cost=0.00..309384.22 rows=14739122 width=4) (actual time=0.083..6278.233 rows=14835720 loops=1)
  ->  Hash  (cost=300414.05..300414.05 rows=4436989 width=8) (actual time=9113.074..9113.074 rows=4438919 loops=1)
        Buckets: 131072  Batches: 64  Memory Usage: 3834kB
        ->  Hash Join  (cost=102767.86..300414.05 rows=4436989 width=8) (actual time=2014.825..7833.246 rows=4438919 loops=1)
              Hash Cond: (mk.movie_id = t.id)
              ->  Seq Scan on movie_keyword mk  (cost=0.00..81003.12 rows=4436989 width=4) (actual time=0.025..1860.117 rows=4438919 loops=1)
                    Filter: (keyword_id < 86338)
                    Rows Removed by Filter: 85011
              ->  Hash  (cost=61283.27..61283.27 rows=2528527 width=4) (actual time=2013.216..2013.216 rows=2528312 loops=1)
                    Buckets: 131072  Batches: 64  Memory Usage: 2425kB
                    ->  Seq Scan on title t  (cost=0.00..61283.27 rows=2528527 width=4) (actual time=0.018..1144.122 rows=2528312 loops=1)
Planning time: 1.145 ms
Execution time: 97323.949 ms
