Hash Join  (cost=793100.07..1177073.74 rows=89384 width=0) (actual time=14083.202..22239.705 rows=245866 loops=1)
  Hash Cond: (mi.movie_id = t.id)
  ->  Seq Scan on movie_info mi  (cost=0.00..309384.22 rows=14739122 width=4) (actual time=0.020..4457.900 rows=14835720 loops=1)
  ->  Hash  (cost=792908.40..792908.40 rows=15334 width=8) (actual time=14082.629..14082.629 rows=21793 loops=1)
        Buckets: 32768 (originally 16384)  Batches: 1 (originally 1)  Memory Usage: 1108kB
        ->  Hash Join  (cost=67697.55..792908.40 rows=15334 width=8) (actual time=5033.083..14070.669 rows=21793 loops=1)
              Hash Cond: (ci.movie_id = t.id)
              ->  Seq Scan on cast_info ci  (cost=0.00..705507.15 rows=5213428 width=4) (actual time=4043.787..11727.315 rows=5274937 loops=1)
                    Filter: (person_id > 3133676)
                    Rows Removed by Filter: 30969407
              ->  Hash  (cost=67604.59..67604.59 rows=7437 width=4) (actual time=987.443..987.443 rows=14284 loops=1)
                    Buckets: 16384 (originally 8192)  Batches: 1 (originally 1)  Memory Usage: 631kB
                    ->  Seq Scan on title t  (cost=0.00..67604.59 rows=7437 width=4) (actual time=0.114..979.843 rows=14284 loops=1)
                          Filter: (production_year = 1973)
                          Rows Removed by Filter: 2514028
Planning time: 1.222 ms
Execution time: 22274.131 ms
