Hash Join  (cost=135205.13..886138.86 rows=14456 width=0) (actual time=1870.655..17370.258 rows=126969 loops=1)
  Hash Cond: (ci.movie_id = t.id)
  ->  Seq Scan on cast_info ci  (cost=0.00..614943.12 rows=36225612 width=4) (actual time=0.019..8153.821 rows=36244344 loops=1)
  ->  Hash  (cost=135192.52..135192.52 rows=1009 width=8) (actual time=1869.162..1869.162 rows=4665 loops=1)
        Buckets: 8192 (originally 1024)  Batches: 1 (originally 1)  Memory Usage: 247kB
        ->  Hash Join  (cost=73962.22..135192.52 rows=1009 width=8) (actual time=1046.723..1867.813 rows=4665 loops=1)
              Hash Cond: (mc.movie_id = t.id)
              ->  Seq Scan on movie_companies mc  (cost=0.00..57926.93 rows=878207 width=4) (actual time=142.279..821.274 rows=1191417 loops=1)
                    Filter: ((company_id < 27705) AND (company_type_id < 2))
                    Rows Removed by Filter: 1417712
              ->  Hash  (cost=73925.90..73925.90 rows=2905 width=4) (actual time=903.251..903.251 rows=5291 loops=1)
                    Buckets: 8192 (originally 4096)  Batches: 1 (originally 1)  Memory Usage: 251kB
                    ->  Seq Scan on title t  (cost=0.00..73925.90 rows=2905 width=4) (actual time=0.374..900.582 rows=5291 loops=1)
                          Filter: ((kind_id < 7) AND (production_year = 1966))
                          Rows Removed by Filter: 2523021
Planning time: 1.277 ms
Execution time: 17389.928 ms
