Hash Join  (cost=329714.72..1055490.57 rows=19598812 width=0) (actual time=7804.325..62984.942 rows=174125357 loops=1)
  Hash Cond: (mi.movie_id = t.id)
  ->  Seq Scan on movie_info mi  (cost=0.00..309384.22 rows=14739122 width=4) (actual time=0.020..6214.503 rows=14835720 loops=1)
  ->  Hash  (cost=274553.01..274553.01 rows=3362217 width=8) (actual time=7802.296..7802.296 rows=3346045 loops=1)
        Buckets: 131072  Batches: 64  Memory Usage: 3168kB
        ->  Hash Join  (cost=102767.86..274553.01 rows=3362217 width=8) (actual time=1954.462..6833.551 rows=3346045 loops=1)
              Hash Cond: (mk.movie_id = t.id)
              ->  Seq Scan on movie_keyword mk  (cost=0.00..81003.12 rows=3362217 width=4) (actual time=0.027..1758.830 rows=3346045 loops=1)
                    Filter: (keyword_id < 15855)
                    Rows Removed by Filter: 1177885
              ->  Hash  (cost=61283.27..61283.27 rows=2528527 width=4) (actual time=1952.300..1952.300 rows=2528312 loops=1)
                    Buckets: 131072  Batches: 64  Memory Usage: 2425kB
                    ->  Seq Scan on title t  (cost=0.00..61283.27 rows=2528527 width=4) (actual time=0.017..1061.901 rows=2528312 loops=1)
Planning time: 1.118 ms
Execution time: 82708.816 ms
