Seq Scan on cast_info ci  (cost=0.00..705507.15 rows=28032406 width=0) (actual time=0.016..11726.347 rows=28103966 loops=1)
  Filter: (person_id < 2866979)
  Rows Removed by Filter: 8140378
Planning time: 0.357 ms
Execution time: 14958.962 ms
