Hash Join  (cost=102767.86..281630.18 rows=3656320 width=0) (actual time=2109.528..6990.500 rows=3653303 loops=1)
  Hash Cond: (mk.movie_id = t.id)
  ->  Seq Scan on movie_keyword mk  (cost=0.00..81003.12 rows=3656320 width=4) (actual time=0.015..1782.095 rows=3653303 loops=1)
        Filter: (keyword_id > 826)
        Rows Removed by Filter: 870627
  ->  Hash  (cost=61283.27..61283.27 rows=2528527 width=4) (actual time=2107.859..2107.859 rows=2528312 loops=1)
        Buckets: 131072  Batches: 64  Memory Usage: 2425kB
        ->  Seq Scan on title t  (cost=0.00..61283.27 rows=2528527 width=4) (actual time=0.015..1241.769 rows=2528312 loops=1)
Planning time: 0.699 ms
Execution time: 7399.889 ms
