Hash Join  (cost=108983.92..170498.15 rows=61799 width=0) (actual time=2308.244..3917.020 rows=173416 loops=1)
  Hash Cond: (mc.movie_id = t.id)
  ->  Seq Scan on movie_companies mc  (cost=0.00..51404.11 rows=2531233 width=4) (actual time=0.024..986.486 rows=2528534 loops=1)
        Filter: (company_id > 11)
        Rows Removed by Filter: 80595
  ->  Hash  (cost=108212.26..108212.26 rows=61733 width=8) (actual time=2307.387..2307.387 rows=58024 loops=1)
        Buckets: 65536  Batches: 1  Memory Usage: 2779kB
        ->  Hash Join  (cost=69460.45..108212.26 rows=61733 width=8) (actual time=1313.260..2287.204 rows=58024 loops=1)
              Hash Cond: (mi_idx.movie_id = t.id)
              ->  Seq Scan on movie_info_idx mi_idx  (cost=0.00..21735.35 rows=1380035 width=4) (actual time=0.019..482.708 rows=1380035 loops=1)
              ->  Hash  (cost=67604.59..67604.59 rows=113109 width=4) (actual time=1112.478..1112.478 rows=119565 loops=1)
                    Buckets: 131072  Batches: 2  Memory Usage: 3115kB
                    ->  Seq Scan on title t  (cost=0.00..67604.59 rows=113109 width=4) (actual time=0.022..1064.844 rows=119565 loops=1)
                          Filter: (production_year = 2007)
                          Rows Removed by Filter: 2408747
Planning time: 1.148 ms
Execution time: 3940.032 ms
