Hash Join  (cost=67697.55..94640.16 rows=1367 width=0) (actual time=1098.789..1593.546 rows=2483 loops=1)
  Hash Cond: (mi_idx.movie_id = t.id)
  ->  Seq Scan on movie_info_idx mi_idx  (cost=0.00..25185.44 rows=464934 width=4) (actual time=0.020..400.925 rows=460185 loops=1)
        Filter: (info_type_id > 100)
        Rows Removed by Filter: 919850
  ->  Hash  (cost=67604.59..67604.59 rows=7437 width=4) (actual time=1096.652..1096.652 rows=10308 loops=1)
        Buckets: 16384 (originally 8192)  Batches: 1 (originally 1)  Memory Usage: 491kB
        ->  Seq Scan on title t  (cost=0.00..67604.59 rows=7437 width=4) (actual time=0.022..1091.376 rows=10308 loops=1)
              Filter: (production_year = 1962)
              Rows Removed by Filter: 2518004
Planning time: 0.763 ms
Execution time: 1594.207 ms
