Hash Join  (cost=73982.55..159277.91 rows=2042 width=0) (actual time=2097.089..2801.552 rows=885 loops=1)
  Hash Cond: (mk.movie_id = t.id)
  ->  Seq Scan on movie_keyword mk  (cost=0.00..81003.12 rows=1139149 width=4) (actual time=0.019..1341.076 rows=1147395 loops=1)
        Filter: (keyword_id < 1316)
        Rows Removed by Filter: 3376535
  ->  Hash  (cost=73925.90..73925.90 rows=4532 width=4) (actual time=1239.458..1239.458 rows=11542 loops=1)
        Buckets: 16384 (originally 8192)  Batches: 1 (originally 1)  Memory Usage: 534kB
        ->  Seq Scan on title t  (cost=0.00..73925.90 rows=4532 width=4) (actual time=133.324..1233.749 rows=11542 loops=1)
              Filter: ((kind_id = 7) AND (production_year = 1988))
              Rows Removed by Filter: 2516770
Planning time: 0.721 ms
Execution time: 2801.898 ms
