Hash Join  (cost=170244.76..553745.22 rows=42061 width=0) (actual time=3359.611..9980.005 rows=40827 loops=1)
  Hash Cond: (mi.movie_id = t.id)
  ->  Seq Scan on movie_info mi  (cost=0.00..309384.22 rows=14739122 width=4) (actual time=0.025..4061.175 rows=14835720 loops=1)
  ->  Hash  (cost=170154.56..170154.56 rows=7216 width=8) (actual time=3355.494..3355.494 rows=2963 loops=1)
        Buckets: 8192  Batches: 1  Memory Usage: 180kB
        ->  Hash Join  (cost=73982.55..170154.56 rows=7216 width=8) (actual time=2645.573..3354.343 rows=2963 loops=1)
              Hash Cond: (mk.movie_id = t.id)
              ->  Seq Scan on movie_keyword mk  (cost=0.00..81003.12 rows=4025792 width=4) (actual time=0.026..1517.467 rows=4021945 loops=1)
                    Filter: (keyword_id > 359)
                    Rows Removed by Filter: 501985
              ->  Hash  (cost=73925.90..73925.90 rows=4532 width=4) (actual time=1222.110..1222.110 rows=8488 loops=1)
                    Buckets: 16384 (originally 8192)  Batches: 1 (originally 1)  Memory Usage: 427kB
                    ->  Seq Scan on title t  (cost=0.00..73925.90 rows=4532 width=4) (actual time=0.230..1217.833 rows=8488 loops=1)
                          Filter: ((kind_id = 7) AND (production_year = 1969))
                          Rows Removed by Filter: 2519824
Planning time: 1.298 ms
Execution time: 9984.925 ms
