Hash Join  (cost=101707.31..187233.63 rows=761299 width=0) (actual time=2007.656..4224.192 rows=426333 loops=1)
  Hash Cond: (mc.movie_id = t.id)
  ->  Seq Scan on movie_companies mc  (cost=0.00..57926.93 rows=926079 width=4) (actual time=0.015..1112.655 rows=607431 loops=1)
        Filter: ((company_id < 30599) AND (company_type_id = 2))
        Rows Removed by Filter: 2001698
  ->  Hash  (cost=67604.59..67604.59 rows=2078618 width=4) (actual time=2006.651..2006.651 rows=2074788 loops=1)
        Buckets: 131072  Batches: 32  Memory Usage: 3309kB
        ->  Seq Scan on title t  (cost=0.00..67604.59 rows=2078618 width=4) (actual time=0.016..1345.261 rows=2074788 loops=1)
              Filter: (production_year > 1970)
              Rows Removed by Filter: 453524
Planning time: 0.822 ms
Execution time: 4278.413 ms
