Hash Join  (cost=216511.03..576121.22 rows=180891 width=0) (actual time=5598.466..10269.065 rows=510362 loops=1)
  Hash Cond: (mi.movie_id = t.id)
  ->  Seq Scan on movie_info mi  (cost=0.00..346232.03 rows=809669 width=4) (actual time=1171.515..5219.353 rows=802140 loops=1)
        Filter: (info_type_id = 1)
        Rows Removed by Filter: 14033580
  ->  Hash  (cost=207242.71..207242.71 rows=564906 width=8) (actual time=4426.240..4426.240 rows=566270 loops=1)
        Buckets: 131072  Batches: 8  Memory Usage: 3863kB
        ->  Hash Join  (cost=102767.86..207242.71 rows=564906 width=8) (actual time=2109.559..4269.693 rows=566270 loops=1)
              Hash Cond: (mk.movie_id = t.id)
              ->  Seq Scan on movie_keyword mk  (cost=0.00..81003.12 rows=564906 width=4) (actual time=0.023..1301.544 rows=566270 loops=1)
                    Filter: (keyword_id < 399)
                    Rows Removed by Filter: 3957660
              ->  Hash  (cost=61283.27..61283.27 rows=2528527 width=4) (actual time=2108.697..2108.697 rows=2528312 loops=1)
                    Buckets: 131072  Batches: 64  Memory Usage: 2425kB
                    ->  Seq Scan on title t  (cost=0.00..61283.27 rows=2528527 width=4) (actual time=0.014..997.409 rows=2528312 loops=1)
Planning time: 1.109 ms
Execution time: 10328.077 ms
