Hash Join  (cost=222431.44..1387371.09 rows=8357548 width=0) (actual time=4853.203..34913.365 rows=3025245 loops=1)
  Hash Cond: (ci.movie_id = t.id)
  ->  Seq Scan on cast_info ci  (cost=0.00..614943.12 rows=36225612 width=4) (actual time=0.019..13311.910 rows=36244344 loops=1)
  ->  Hash  (cost=212860.54..212860.54 rows=583352 width=8) (actual time=4850.769..4850.769 rows=156699 loops=1)
        Buckets: 131072  Batches: 8  Memory Usage: 1759kB
        ->  Hash Join  (cost=80246.23..212860.54 rows=583352 width=8) (actual time=1395.406..4808.425 rows=156699 loops=1)
              Hash Cond: (mk.movie_id = t.id)
              ->  Seq Scan on movie_keyword mk  (cost=0.00..81003.12 rows=3828977 width=4) (actual time=0.016..1781.097 rows=3824133 loops=1)
                    Filter: (keyword_id < 26933)
                    Rows Removed by Filter: 699797
              ->  Hash  (cost=73925.90..73925.90 rows=385226 width=4) (actual time=1391.064..1391.064 rows=249532 loops=1)
                    Buckets: 131072  Batches: 8  Memory Usage: 2119kB
                    ->  Seq Scan on title t  (cost=0.00..73925.90 rows=385226 width=4) (actual time=0.018..1299.607 rows=249532 loops=1)
                          Filter: ((kind_id > 1) AND (production_year < 1981))
                          Rows Removed by Filter: 2278780
Planning time: 1.131 ms
Execution time: 35299.789 ms
