Seq Scan on movie_keyword mk  (cost=0.00..81003.12 rows=4675 width=0) (actual time=0.176..1112.527 rows=5058 loops=1)
  Filter: (keyword_id = 1633)
  Rows Removed by Filter: 4518872
Planning time: 0.365 ms
Execution time: 1113.862 ms
