Seq Scan on movie_companies mc  (cost=0.00..51404.11 rows=2098159 width=0) (actual time=0.020..1018.752 rows=2096902 loops=1)
  Filter: (company_id > 468)
  Rows Removed by Filter: 512227
Planning time: 0.298 ms
Execution time: 1297.687 ms
