Seq Scan on movie_companies mc  (cost=0.00..57926.93 rows=1749 width=0) (actual time=187.930..871.469 rows=1804 loops=1)
  Filter: ((company_id = 1310) AND (company_type_id = 1))
  Rows Removed by Filter: 2607325
Planning time: 0.385 ms
Execution time: 871.943 ms
