Seq Scan on movie_keyword mk  (cost=0.00..81003.12 rows=240601 width=0) (actual time=0.028..1160.551 rows=240007 loops=1)
  Filter: (keyword_id > 61900)
  Rows Removed by Filter: 4283923
Planning time: 0.314 ms
Execution time: 1193.232 ms
