Seq Scan on movie_keyword mk  (cost=0.00..81003.12 rows=1239749 width=0) (actual time=0.020..1331.787 rows=1253357 loops=1)
  Filter: (keyword_id < 1603)
  Rows Removed by Filter: 3270573
Planning time: 0.314 ms
Execution time: 1492.951 ms
