Seq Scan on cast_info ci  (cost=0.00..796071.18 rows=324 width=0) (actual time=7388.172..13540.456 rows=25 loops=1)
  Filter: ((role_id > 1) AND (person_id = 1081256))
  Rows Removed by Filter: 36244319
Planning time: 0.442 ms
Execution time: 13540.577 ms
