Hash Join  (cost=181038.95..670770.60 rows=930173 width=0) (actual time=3430.508..19158.615 rows=17354539 loops=1)
  Hash Cond: (mi.movie_id = t.id)
  ->  Seq Scan on movie_info mi  (cost=0.00..309384.22 rows=14739122 width=4) (actual time=0.019..5941.765 rows=14835720 loops=1)
  ->  Hash  (cost=178420.29..178420.29 rows=159573 width=8) (actual time=3401.447..3401.447 rows=227660 loops=1)
        Buckets: 131072  Batches: 4  Memory Usage: 3237kB
        ->  Hash Join  (cost=78724.21..178420.29 rows=159573 width=8) (actual time=1341.118..3328.869 rows=227660 loops=1)
              Hash Cond: (mk.movie_id = t.id)
              ->  Seq Scan on movie_keyword mk  (cost=0.00..81003.12 rows=1379794 width=4) (actual time=0.019..1343.821 rows=1391019 loops=1)
                    Filter: (keyword_id < 1878)
                    Rows Removed by Filter: 3132911
              ->  Hash  (cost=73925.90..73925.90 rows=292424 width=4) (actual time=1340.278..1340.278 rows=231739 loops=1)
                    Buckets: 131072  Batches: 4  Memory Usage: 3074kB
                    ->  Seq Scan on title t  (cost=0.00..73925.90 rows=292424 width=4) (actual time=0.015..905.869 rows=231739 loops=1)
                          Filter: ((production_year > 2004) AND (kind_id = 1))
                          Rows Removed by Filter: 2296573
Planning time: 1.178 ms
Execution time: 20968.372 ms
