Nested Loop  (cost=0.43..799381.34 rows=277 width=0) (actual time=8640.638..12649.059 rows=182 loops=1)
  ->  Seq Scan on cast_info ci  (cost=0.00..796071.18 rows=396 width=4) (actual time=8640.472..12647.541 rows=185 loops=1)
        Filter: ((role_id < 8) AND (person_id = 1754509))
        Rows Removed by Filter: 36244159
  ->  Index Scan using title_pkey on title t  (cost=0.43..8.35 rows=1 width=4) (actual time=0.007..0.008 rows=1 loops=185)
        Index Cond: (id = ci.movie_id)
        Filter: (kind_id > 2)
        Rows Removed by Filter: 0
Planning time: 1.126 ms
Execution time: 12649.193 ms
