Seq Scan on movie_companies mc  (cost=0.00..57926.93 rows=974322 width=0) (actual time=372.461..1082.513 rows=829096 loops=1)
  Filter: ((company_id > 769) AND (company_type_id = 1))
  Rows Removed by Filter: 1780033
Planning time: 0.355 ms
Execution time: 1181.224 ms
