Hash Join  (cost=74545.71..165382.15 rows=48866 width=0) (actual time=1188.202..3277.986 rows=88573 loops=1)
  Hash Cond: (mk.movie_id = t.id)
  ->  Seq Scan on movie_keyword mk  (cost=0.00..81003.12 rows=2491910 width=4) (actual time=0.018..1644.687 rows=2487830 loops=1)
        Filter: (keyword_id > 3636)
        Rows Removed by Filter: 2036100
  ->  Hash  (cost=73925.90..73925.90 rows=49584 width=4) (actual time=1186.073..1186.073 rows=38752 loops=1)
        Buckets: 65536  Batches: 1  Memory Usage: 1875kB
        ->  Seq Scan on title t  (cost=0.00..73925.90 rows=49584 width=4) (actual time=0.097..1162.011 rows=38752 loops=1)
              Filter: ((kind_id < 7) AND (production_year = 2008))
              Rows Removed by Filter: 2489560
Planning time: 1.383 ms
Execution time: 3290.112 ms
