Seq Scan on cast_info ci  (cost=0.00..796071.18 rows=276 width=0) (actual time=10463.292..13727.762 rows=83 loops=1)
  Filter: ((role_id < 3) AND (person_id = 2078167))
  Rows Removed by Filter: 36244261
Planning time: 0.394 ms
Execution time: 13727.908 ms
