Hash Join  (cost=76325.27..107723.42 rows=26859 width=0) (actual time=1292.304..2177.325 rows=77108 loops=1)
  Hash Cond: (mi_idx.movie_id = t.id)
  ->  Seq Scan on movie_info_idx mi_idx  (cost=0.00..25185.44 rows=464566 width=4) (actual time=0.028..592.387 rows=459925 loops=1)
        Filter: (info_type_id = 101)
        Rows Removed by Filter: 920110
  ->  Hash  (cost=73925.90..73925.90 rows=146189 width=4) (actual time=1291.447..1291.447 rows=282679 loops=1)
        Buckets: 131072 (originally 131072)  Batches: 4 (originally 2)  Memory Usage: 3507kB
        ->  Seq Scan on title t  (cost=0.00..73925.90 rows=146189 width=4) (actual time=599.544..1193.539 rows=282679 loops=1)
              Filter: ((production_year < 1983) AND (kind_id = 1))
              Rows Removed by Filter: 2245633
Planning time: 0.802 ms
Execution time: 2187.870 ms
