Hash Join  (cost=97066.09..212550.70 rows=979464 width=0) (actual time=2398.304..5207.138 rows=1182723 loops=1)
  Hash Cond: (mk.movie_id = t.id)
  ->  Seq Scan on movie_keyword mk  (cost=0.00..81003.12 rows=1379169 width=4) (actual time=0.020..1468.812 rows=1387093 loops=1)
        Filter: (keyword_id < 1876)
        Rows Removed by Filter: 3136837
  ->  Hash  (cost=67604.59..67604.59 rows=1795720 width=4) (actual time=2396.713..2396.713 rows=1794153 loops=1)
        Buckets: 131072  Batches: 32  Memory Usage: 3001kB
        ->  Seq Scan on title t  (cost=0.00..67604.59 rows=1795720 width=4) (actual time=0.015..1336.729 rows=1794153 loops=1)
              Filter: (production_year < 2009)
              Rows Removed by Filter: 734159
Planning time: 0.685 ms
Execution time: 5357.666 ms
