Hash Join  (cost=228202.76..625568.47 rows=1184295 width=0) (actual time=4804.194..11806.331 rows=825309 loops=1)
  Hash Cond: (mi.movie_id = t.id)
  ->  Seq Scan on movie_info mi  (cost=0.00..346232.03 rows=3068194 width=4) (actual time=57.631..5388.165 rows=3036719 loops=1)
        Filter: (info_type_id = 16)
        Rows Removed by Filter: 11799001
  ->  Hash  (cost=212189.90..212189.90 rows=975989 width=8) (actual time=4744.710..4744.710 rows=439869 loops=1)
        Buckets: 131072  Batches: 16  Memory Usage: 2111kB
        ->  Hash Join  (cost=96651.52..212189.90 rows=975989 width=8) (actual time=1677.916..4609.452 rows=439869 loops=1)
              Hash Cond: (mk.movie_id = t.id)
              ->  Seq Scan on movie_keyword mk  (cost=0.00..81003.12 rows=1393871 width=4) (actual time=0.028..1510.397 rows=1408595 loops=1)
                    Filter: (keyword_id < 1923)
                    Rows Removed by Filter: 3115335
              ->  Hash  (cost=67604.59..67604.59 rows=1770475 width=4) (actual time=1676.995..1676.995 rows=1774635 loops=1)
                    Buckets: 131072  Batches: 32  Memory Usage: 2984kB
                    ->  Seq Scan on title t  (cost=0.00..67604.59 rows=1770475 width=4) (actual time=0.015..1112.769 rows=1774635 loops=1)
                          Filter: (kind_id > 2)
                          Rows Removed by Filter: 753677
Planning time: 0.810 ms
Execution time: 11911.703 ms
