Hash Join  (cost=86573.65..574277.83 rows=2888998 width=0) (actual time=1460.227..12632.246 rows=1309964 loops=1)
  Hash Cond: (mi.movie_id = t.id)
  ->  Seq Scan on movie_info mi  (cost=0.00..346232.03 rows=9476311 width=4) (actual time=0.015..6022.643 rows=9565151 loops=1)
        Filter: (info_type_id < 16)
        Rows Removed by Filter: 5270569
  ->  Hash  (cost=73925.90..73925.90 rows=770860 width=4) (actual time=1459.033..1459.033 rows=682281 loops=1)
        Buckets: 131072  Batches: 16  Memory Usage: 2528kB
        ->  Seq Scan on title t  (cost=0.00..73925.90 rows=770860 width=4) (actual time=0.021..1217.309 rows=682281 loops=1)
              Filter: ((production_year < 2004) AND (kind_id = 7))
              Rows Removed by Filter: 1846031
Planning time: 0.780 ms
Execution time: 12797.856 ms
