Seq Scan on movie_keyword mk  (cost=0.00..81003.12 rows=3303122 width=0) (actual time=0.022..1497.870 rows=3294000 loops=1)
  Filter: (keyword_id < 14746)
  Rows Removed by Filter: 1229930
Planning time: 0.333 ms
Execution time: 1908.642 ms
