Hash Join  (cost=73982.55..431775.30 rows=5499 width=0) (actual time=3636.619..6989.129 rows=7 loops=1)
  Hash Cond: (mi.movie_id = t.id)
  ->  Seq Scan on movie_info mi  (cost=0.00..346232.03 rows=3068194 width=4) (actual time=1767.033..5325.529 rows=3036719 loops=1)
        Filter: (info_type_id = 16)
        Rows Removed by Filter: 11799001
  ->  Hash  (cost=73925.90..73925.90 rows=4532 width=4) (actual time=1249.116..1249.116 rows=7 loops=1)
        Buckets: 8192  Batches: 1  Memory Usage: 65kB
        ->  Seq Scan on title t  (cost=0.00..73925.90 rows=4532 width=4) (actual time=221.649..1249.100 rows=7 loops=1)
              Filter: ((kind_id = 7) AND (production_year = 1937))
              Rows Removed by Filter: 2528305
Planning time: 0.822 ms
Execution time: 6989.207 ms
