Hash Join  (cost=144880.63..278278.86 rows=935319 width=0) (actual time=3648.245..9286.289 rows=9313837 loops=1)
  Hash Cond: (mk.movie_id = t.id)
  ->  Seq Scan on movie_keyword mk  (cost=0.00..69693.30 rows=4523930 width=4) (actual time=0.021..1491.603 rows=4523930 loops=1)
  ->  Hash  (cost=136303.00..136303.00 rows=522771 width=8) (actual time=3647.057..3647.057 rows=951323 loops=1)
        Buckets: 131072 (originally 131072)  Batches: 16 (originally 8)  Memory Usage: 3362kB
        ->  Hash Join  (cost=89640.80..136303.00 rows=522771 width=8) (actual time=1514.259..3310.992 rows=951323 loops=1)
              Hash Cond: (mi_idx.movie_id = t.id)
              ->  Seq Scan on movie_info_idx mi_idx  (cost=0.00..21735.35 rows=1380035 width=4) (actual time=0.020..398.434 rows=1380035 loops=1)
              ->  Hash  (cost=73925.90..73925.90 rows=957832 width=4) (actual time=1513.341..1513.341 rows=973693 loops=1)
                    Buckets: 131072  Batches: 16  Memory Usage: 3163kB
                    ->  Seq Scan on title t  (cost=0.00..73925.90 rows=957832 width=4) (actual time=0.021..1208.321 rows=973693 loops=1)
                          Filter: ((kind_id < 7) AND (production_year > 1898))
                          Rows Removed by Filter: 1554619
Planning time: 1.133 ms
Execution time: 10346.189 ms
