Seq Scan on movie_keyword mk  (cost=0.00..81003.12 rows=246 width=0) (actual time=27.616..1262.433 rows=20 loops=1)
  Filter: (keyword_id = 29901)
  Rows Removed by Filter: 4523910
Planning time: 0.366 ms
Execution time: 1262.531 ms
