Seq Scan on title t  (cost=0.00..73925.90 rows=936431 width=0) (actual time=0.026..1314.082 rows=910262 loops=1)
  Filter: ((kind_id < 7) AND (production_year > 1915))
  Rows Removed by Filter: 1618050
Planning time: 0.291 ms
Execution time: 1431.781 ms
