Seq Scan on movie_keyword mk  (cost=0.00..81003.12 rows=2940472 width=0) (actual time=0.012..1478.375 rows=2929413 loops=1)
  Filter: (keyword_id > 2440)
  Rows Removed by Filter: 1594517
Planning time: 0.336 ms
Execution time: 1842.273 ms
