Hash Join  (cost=102767.86..786003.42 rows=13594802 width=0) (actual time=2012.563..21472.588 rows=13635350 loops=1)
  Hash Cond: (mi.movie_id = t.id)
  ->  Seq Scan on movie_info mi  (cost=0.00..346232.03 rows=13594802 width=4) (actual time=0.016..7788.128 rows=13635350 loops=1)
        Filter: (info_type_id < 40)
        Rows Removed by Filter: 1200370
  ->  Hash  (cost=61283.27..61283.27 rows=2528527 width=4) (actual time=2010.881..2010.881 rows=2528312 loops=1)
        Buckets: 131072  Batches: 64  Memory Usage: 2425kB
        ->  Seq Scan on title t  (cost=0.00..61283.27 rows=2528527 width=4) (actual time=0.008..1150.851 rows=2528312 loops=1)
Planning time: 0.482 ms
Execution time: 23011.345 ms
