Seq Scan on cast_info ci  (cost=0.00..796071.18 rows=10535298 width=0) (actual time=0.010..15472.930 rows=11141919 loops=1)
  Filter: ((person_id > 469151) AND (role_id > 3))
  Rows Removed by Filter: 25102425
Planning time: 0.369 ms
Execution time: 16849.244 ms
