Seq Scan on cast_info ci  (cost=0.00..705507.15 rows=500 width=0) (actual time=6499.223..9700.827 rows=122 loops=1)
  Filter: (person_id = 688518)
  Rows Removed by Filter: 36244222
Planning time: 0.340 ms
Execution time: 9700.951 ms
