Seq Scan on movie_companies mc  (cost=0.00..57926.93 rows=844012 width=0) (actual time=0.025..1122.942 rows=1053427 loops=1)
  Filter: ((company_id > 3757) AND (company_type_id = 2))
  Rows Removed by Filter: 1555702
Planning time: 0.318 ms
Execution time: 1251.737 ms
