Nested Loop  (cost=32749.09..830722.47 rows=32 width=0) (actual time=8155.228..13925.800 rows=1 loops=1)
  Join Filter: (ci.movie_id = t.id)
  ->  Hash Join  (cost=32748.66..830654.44 rows=80 width=8) (actual time=8155.088..13925.657 rows=1 loops=1)
        Hash Cond: (ci.movie_id = mi_idx.movie_id)
        ->  Seq Scan on cast_info ci  (cost=0.00..796071.18 rows=176 width=4) (actual time=7597.200..13353.563 rows=2 loops=1)
              Filter: ((role_id < 2) AND (person_id = 496822))
              Rows Removed by Filter: 36244342
        ->  Hash  (cost=25185.44..25185.44 rows=460978 width=4) (actual time=557.105..557.105 rows=459925 loops=1)
              Buckets: 131072  Batches: 8  Memory Usage: 3050kB
              ->  Seq Scan on movie_info_idx mi_idx  (cost=0.00..25185.44 rows=460978 width=4) (actual time=0.024..427.216 rows=459925 loops=1)
                    Filter: (info_type_id < 100)
                    Rows Removed by Filter: 920110
  ->  Index Only Scan using title_pkey on title t  (cost=0.43..0.84 rows=1 width=4) (actual time=0.096..0.097 rows=1 loops=1)
        Index Cond: (id = mi_idx.movie_id)
        Heap Fetches: 1
Planning time: 1.145 ms
Execution time: 13925.901 ms
