Hash Join  (cost=154654.97..985385.88 rows=36098 width=0) (actual time=9617.844..16519.417 rows=4031 loops=1)
  Hash Cond: (ci.movie_id = t.id)
  ->  Seq Scan on cast_info ci  (cost=0.00..796071.18 rows=6859749 width=4) (actual time=7009.962..13798.109 rows=722282 loops=1)
        Filter: ((person_id > 1638965) AND (role_id = 1))
        Rows Removed by Filter: 35522062
  ->  Hash  (cost=154488.65..154488.65 rows=13306 width=8) (actual time=2603.363..2603.363 rows=10560 loops=1)
        Buckets: 16384  Batches: 1  Memory Usage: 541kB
        ->  Hash Join  (cost=67697.55..154488.65 rows=13306 width=8) (actual time=1025.177..2599.847 rows=10560 loops=1)
              Hash Cond: (mk.movie_id = t.id)
              ->  Seq Scan on movie_keyword mk  (cost=0.00..69693.30 rows=4523930 width=4) (actual time=0.026..898.996 rows=4523930 loops=1)
              ->  Hash  (cost=67604.59..67604.59 rows=7437 width=4) (actual time=1022.588..1022.588 rows=2847 loops=1)
                    Buckets: 8192  Batches: 1  Memory Usage: 165kB
                    ->  Seq Scan on title t  (cost=0.00..67604.59 rows=7437 width=4) (actual time=0.094..1021.160 rows=2847 loops=1)
                          Filter: (production_year = 1926)
                          Rows Removed by Filter: 2525465
Planning time: 2.161 ms
Execution time: 16520.107 ms
