Seq Scan on cast_info ci  (cost=0.00..705507.15 rows=25322078 width=0) (actual time=0.027..12639.635 rows=25334493 loops=1)
  Filter: (person_id < 2615326)
  Rows Removed by Filter: 10909851
Planning time: 0.289 ms
Execution time: 15717.514 ms
