Seq Scan on cast_info ci  (cost=0.00..705507.15 rows=500 width=0) (actual time=987.366..10244.620 rows=1923 loops=1)
  Filter: (person_id = 21041)
  Rows Removed by Filter: 36242421
Planning time: 0.303 ms
Execution time: 10244.998 ms
