Hash Join  (cost=1053693.14..1987624.62 rows=33927004 width=0) (actual time=21777.603..66685.196 rows=125865653 loops=1)
  Hash Cond: (mi.movie_id = t.id)
  ->  Seq Scan on movie_info mi  (cost=0.00..309384.22 rows=14739122 width=4) (actual time=0.012..6221.008 rows=14835720 loops=1)
  ->  Hash  (cost=958204.04..958204.04 rows=5820248 width=8) (actual time=21774.637..21774.637 rows=5732694 loops=1)
        Buckets: 131072  Batches: 128  Memory Usage: 2810kB
        ->  Hash Join  (cost=102767.86..958204.04 rows=5820248 width=8) (actual time=1955.935..19907.454 rows=5732694 loops=1)
              Hash Cond: (ci.movie_id = t.id)
              ->  Seq Scan on cast_info ci  (cost=0.00..705507.15 rows=5820248 width=4) (actual time=0.028..12454.344 rows=5732694 loops=1)
                    Filter: (role_id > 8)
                    Rows Removed by Filter: 30511650
              ->  Hash  (cost=61283.27..61283.27 rows=2528527 width=4) (actual time=1954.789..1954.789 rows=2528312 loops=1)
                    Buckets: 131072  Batches: 64  Memory Usage: 2415kB
                    ->  Seq Scan on title t  (cost=0.00..61283.27 rows=2528527 width=4) (actual time=0.017..1129.278 rows=2528312 loops=1)
Planning time: 1.073 ms
Execution time: 80587.638 ms
