Seq Scan on movie_keyword mk  (cost=0.00..81003.12 rows=246 width=0) (actual time=0.171..1227.141 rows=2867 loops=1)
  Filter: (keyword_id = 731)
  Rows Removed by Filter: 4521063
Planning time: 0.325 ms
Execution time: 1227.984 ms
