Hash Join  (cost=74119.39..827126.20 rows=221764 width=0) (actual time=1147.460..16912.680 rows=79367 loops=1)
  Hash Cond: (ci.movie_id = t.id)
  ->  Seq Scan on cast_info ci  (cost=0.00..614943.12 rows=36225612 width=4) (actual time=0.030..7723.434 rows=36244344 loops=1)
  ->  Hash  (cost=73925.90..73925.90 rows=15479 width=4) (actual time=1146.382..1146.382 rows=10224 loops=1)
        Buckets: 16384  Batches: 1  Memory Usage: 488kB
        ->  Seq Scan on title t  (cost=0.00..73925.90 rows=15479 width=4) (actual time=0.335..1141.628 rows=10224 loops=1)
              Filter: ((production_year < 1974) AND (kind_id = 2))
              Rows Removed by Filter: 2518088
Planning time: 0.721 ms
Execution time: 16928.199 ms
