Hash Join  (cost=74281.64..101347.45 rows=15533 width=0) (actual time=1242.930..1889.811 rows=22502 loops=1)
  Hash Cond: (mi_idx.movie_id = t.id)
  ->  Seq Scan on movie_info_idx mi_idx  (cost=0.00..21735.35 rows=1380035 width=4) (actual time=0.013..326.892 rows=1380035 loops=1)
  ->  Hash  (cost=73925.90..73925.90 rows=28459 width=4) (actual time=1242.712..1242.712 rows=16117 loops=1)
        Buckets: 32768  Batches: 1  Memory Usage: 823kB
        ->  Seq Scan on title t  (cost=0.00..73925.90 rows=28459 width=4) (actual time=0.040..1235.832 rows=16117 loops=1)
              Filter: ((kind_id = 1) AND (production_year = 2006))
              Rows Removed by Filter: 2512195
Planning time: 0.752 ms
Execution time: 1897.685 ms
