Seq Scan on cast_info ci  (cost=0.00..796071.18 rows=224 width=0) (actual time=2497.970..13372.648 rows=47 loops=1)
  Filter: ((role_id > 2) AND (person_id = 2904412))
  Rows Removed by Filter: 36244297
Planning time: 0.347 ms
Execution time: 13372.776 ms
