Seq Scan on movie_keyword mk  (cost=0.00..81003.12 rows=2577368 width=0) (actual time=0.029..1515.592 rows=2568868 loops=1)
  Filter: (keyword_id < 6560)
  Rows Removed by Filter: 1955062
Planning time: 0.289 ms
Execution time: 1857.820 ms
