Seq Scan on movie_companies mc  (cost=0.00..57926.93 rows=1222657 width=0) (actual time=995.097..2799.434 rows=1289292 loops=1)
  Filter: ((company_id > 68) AND (company_type_id > 1))
  Rows Removed by Filter: 1319837
Planning time: 4.418 ms
Execution time: 3053.458 ms
