Seq Scan on cast_info ci  (cost=0.00..796071.18 rows=2620000 width=0) (actual time=6930.918..12870.180 rows=2624192 loops=1)
  Filter: ((person_id > 2362124) AND (role_id = 2))
  Rows Removed by Filter: 33620152
Planning time: 0.369 ms
Execution time: 13198.837 ms
