Hash Join  (cost=185145.30..550500.20 rows=69899 width=0) (actual time=1736.001..9639.823 rows=65076 loops=1)
  Hash Cond: (mi.movie_id = t.id)
  ->  Seq Scan on movie_info mi  (cost=0.00..309384.22 rows=14739122 width=4) (actual time=0.020..4728.421 rows=14835720 loops=1)
  ->  Hash  (cost=184995.41..184995.41 rows=11991 width=8) (actual time=1735.749..1735.749 rows=7733 loops=1)
        Buckets: 16384  Batches: 1  Memory Usage: 431kB
        ->  Nested Loop  (cost=0.43..184995.41 rows=11991 width=8) (actual time=0.165..1731.447 rows=7733 loops=1)
              ->  Seq Scan on movie_keyword mk  (cost=0.00..81003.12 rows=18699 width=4) (actual time=0.023..1264.531 rows=20522 loops=1)
                    Filter: (keyword_id = 382)
                    Rows Removed by Filter: 4503408
              ->  Index Scan using title_pkey on title t  (cost=0.43..5.55 rows=1 width=4) (actual time=0.022..0.022 rows=0 loops=20522)
                    Index Cond: (id = mk.movie_id)
                    Filter: ((kind_id > 3) AND (production_year > 0))
                    Rows Removed by Filter: 1
Planning time: 1.126 ms
Execution time: 9653.083 ms
