Seq Scan on movie_keyword mk  (cost=0.00..81003.12 rows=4007875 width=0) (actual time=0.022..5312.374 rows=4015202 loops=1)
  Filter: (keyword_id < 35697)
  Rows Removed by Filter: 508728
Planning time: 0.261 ms
Execution time: 6077.653 ms
