Seq Scan on movie_companies mc  (cost=0.00..57926.93 rows=374075 width=0) (actual time=305.899..2331.776 rows=210442 loops=1)
  Filter: ((company_id < 1427) AND (company_type_id > 1))
  Rows Removed by Filter: 2398687
Planning time: 0.364 ms
Execution time: 2360.347 ms
