Seq Scan on movie_companies mc  (cost=0.00..51404.11 rows=104 width=0) (actual time=489.418..796.472 rows=1 loops=1)
  Filter: (company_id = 58048)
  Rows Removed by Filter: 2609128
Planning time: 0.292 ms
Execution time: 796.531 ms
