Hash Join  (cost=131500.50..259262.75 rows=472722 width=0) (actual time=6873.349..17123.787 rows=5282788 loops=1)
  Hash Cond: (mk.movie_id = t.id)
  ->  Seq Scan on movie_keyword mk  (cost=0.00..69693.30 rows=4523930 width=4) (actual time=0.014..5179.769 rows=4523930 loops=1)
  ->  Hash  (cost=127164.81..127164.81 rows=264215 width=8) (actual time=6872.441..6872.441 rows=489000 loops=1)
        Buckets: 131072 (originally 131072)  Batches: 8 (originally 4)  Memory Usage: 3438kB
        ->  Hash Join  (cost=85903.59..127164.81 rows=264215 width=8) (actual time=4270.309..6656.364 rows=489000 loops=1)
              Hash Cond: (mi_idx.movie_id = t.id)
              ->  Seq Scan on movie_info_idx mi_idx  (cost=0.00..25185.44 rows=915101 width=4) (actual time=0.033..1487.623 rows=919850 loops=1)
                    Filter: (info_type_id < 101)
                    Rows Removed by Filter: 460185
              ->  Hash  (cost=73925.90..73925.90 rows=730055 width=4) (actual time=4269.205..4269.205 rows=722459 loops=1)
                    Buckets: 131072  Batches: 16  Memory Usage: 2608kB
                    ->  Seq Scan on title t  (cost=0.00..73925.90 rows=730055 width=4) (actual time=0.021..3961.720 rows=722459 loops=1)
                          Filter: ((kind_id < 3) AND (production_year > 1909))
                          Rows Removed by Filter: 1805853
Planning time: 1.156 ms
Execution time: 17991.757 ms
