Hash Join  (cost=93093.72..247873.97 rows=2194566 width=0) (actual time=1847.015..5607.243 rows=554584 loops=1)
  Hash Cond: (mk.movie_id = t.id)
  ->  Seq Scan on movie_keyword mk  (cost=0.00..81003.12 rows=3571691 width=4) (actual time=0.016..1894.537 rows=3557418 loops=1)
        Filter: (keyword_id < 19735)
        Rows Removed by Filter: 966512
  ->  Hash  (cost=67604.59..67604.59 rows=1553611 width=4) (actual time=1846.005..1846.005 rows=1555864 loops=1)
        Buckets: 131072  Batches: 32  Memory Usage: 2740kB
        ->  Seq Scan on title t  (cost=0.00..67604.59 rows=1553611 width=4) (actual time=0.012..1353.012 rows=1555864 loops=1)
              Filter: (kind_id > 4)
              Rows Removed by Filter: 972448
Planning time: 0.822 ms
Execution time: 5667.203 ms
