Hash Join  (cost=799164.61..826077.10 rows=201 width=0) (actual time=38846.614..40222.103 rows=54 loops=1)
  Hash Cond: (mi_idx.movie_id = t.id)
  ->  Seq Scan on movie_info_idx mi_idx  (cost=0.00..21735.35 rows=1380035 width=4) (actual time=0.027..1097.534 rows=1380035 loops=1)
  ->  Hash  (cost=799160.00..799160.00 rows=369 width=8) (actual time=38798.289..38798.289 rows=2229 loops=1)
        Buckets: 4096 (originally 1024)  Batches: 1 (originally 1)  Memory Usage: 120kB
        ->  Nested Loop  (cost=0.43..799160.00 rows=369 width=8) (actual time=19899.418..38797.104 rows=2229 loops=1)
              ->  Seq Scan on cast_info ci  (cost=0.00..796071.18 rows=369 width=4) (actual time=19899.257..38648.799 rows=2229 loops=1)
                    Filter: ((role_id < 5) AND (person_id = 376948))
                    Rows Removed by Filter: 36242115
              ->  Index Only Scan using title_pkey on title t  (cost=0.43..8.36 rows=1 width=4) (actual time=0.066..0.066 rows=1 loops=2229)
                    Index Cond: (id = ci.movie_id)
                    Heap Fetches: 2229
Planning time: 7.358 ms
Execution time: 40222.228 ms
