Seq Scan on cast_info ci  (cost=0.00..796071.18 rows=592757 width=0) (actual time=13931.283..14589.305 rows=249626 loops=1)
  Filter: ((person_id < 2450794) AND (role_id = 5))
  Rows Removed by Filter: 35994718
Planning time: 0.395 ms
Execution time: 14620.625 ms
