Seq Scan on cast_info ci  (cost=0.00..796071.18 rows=2776904 width=0) (actual time=9.686..36608.091 rows=2257 loops=1)
  Filter: ((person_id < 1355255) AND (role_id = 2))
  Rows Removed by Filter: 36242087
Planning time: 0.343 ms
Execution time: 36608.703 ms
