Hash Join  (cost=160526.42..1104322.73 rows=3226557 width=0) (actual time=9003.338..59931.442 rows=2158941 loops=1)
  Hash Cond: (ci.movie_id = t.id)
  ->  Seq Scan on cast_info ci  (cost=0.00..796071.18 rows=9701485 width=4) (actual time=0.018..45741.051 rows=6537080 loops=1)
        Filter: ((person_id > 834373) AND (role_id = 1))
        Rows Removed by Filter: 29707264
  ->  Hash  (cost=146729.58..146729.58 rows=840947 width=8) (actual time=9002.549..9002.549 rows=425718 loops=1)
        Buckets: 131072  Batches: 16  Memory Usage: 2062kB
        ->  Hash Join  (cost=92883.59..146729.58 rows=840947 width=8) (actual time=6438.971..8815.237 rows=425718 loops=1)
              Hash Cond: (mi_idx.movie_id = t.id)
              ->  Seq Scan on movie_info_idx mi_idx  (cost=0.00..21735.35 rows=1380035 width=4) (actual time=0.026..1746.587 rows=1380035 loops=1)
              ->  Hash  (cost=67604.59..67604.59 rows=1540800 width=4) (actual time=5654.782..5654.782 rows=1543264 loops=1)
                    Buckets: 131072  Batches: 32  Memory Usage: 2722kB
                    ->  Seq Scan on title t  (cost=0.00..67604.59 rows=1540800 width=4) (actual time=3.798..4828.992 rows=1543264 loops=1)
                          Filter: (kind_id = 7)
                          Rows Removed by Filter: 985048
Planning time: 1.221 ms
Execution time: 60266.448 ms
