Hash Join  (cost=96023.02..189681.90 rows=42830 width=0) (actual time=5012.026..10901.509 rows=230515 loops=1)
  Hash Cond: (mk.movie_id = t.id)
  ->  Seq Scan on movie_keyword mk  (cost=0.00..81003.12 rows=3260654 width=4) (actual time=0.026..5070.597 rows=3250168 loops=1)
        Filter: (keyword_id < 13974)
        Rows Removed by Filter: 1273762
  ->  Hash  (cost=95607.86..95607.86 rows=33213 width=8) (actual time=5011.644..5011.644 rows=41527 loops=1)
        Buckets: 65536  Batches: 1  Memory Usage: 2135kB
        ->  Hash Join  (cost=68365.25..95607.86 rows=33213 width=8) (actual time=3265.974..4988.111 rows=41527 loops=1)
              Hash Cond: (mi_idx.movie_id = t.id)
              ->  Seq Scan on movie_info_idx mi_idx  (cost=0.00..21735.35 rows=1380035 width=4) (actual time=0.015..1153.261 rows=1380035 loops=1)
              ->  Hash  (cost=67604.59..67604.59 rows=60853 width=4) (actual time=3265.521..3265.521 rows=62568 loops=1)
                    Buckets: 65536  Batches: 1  Memory Usage: 2712kB
                    ->  Seq Scan on title t  (cost=0.00..67604.59 rows=60853 width=4) (actual time=0.017..3238.731 rows=62568 loops=1)
                          Filter: (production_year = 2002)
                          Rows Removed by Filter: 2465744
Planning time: 1.074 ms
Execution time: 10960.144 ms
