Seq Scan on cast_info ci  (cost=0.00..705507.15 rows=17652406 width=0) (actual time=0.022..37527.041 rows=17774312 loops=1)
  Filter: (person_id > 1837667)
  Rows Removed by Filter: 18470032
Planning time: 0.280 ms
Execution time: 40635.480 ms
