Nested Loop  (cost=0.43..799267.85 rows=45 width=0) (actual time=3843.441..14412.777 rows=27 loops=1)
  ->  Seq Scan on cast_info ci  (cost=0.00..796071.18 rows=382 width=4) (actual time=3843.274..14411.121 rows=73 loops=1)
        Filter: ((role_id < 6) AND (person_id = 942908))
        Rows Removed by Filter: 36244271
  ->  Index Scan using title_pkey on title t  (cost=0.43..8.36 rows=1 width=4) (actual time=0.020..0.020 rows=0 loops=73)
        Index Cond: (id = ci.movie_id)
        Filter: ((production_year < 2002) AND (kind_id = 1))
        Rows Removed by Filter: 1
Planning time: 5.578 ms
Execution time: 14412.922 ms
