Hash Join  (cost=142969.09..1223571.21 rows=4555592 width=0) (actual time=8028.700..76580.699 rows=6925120 loops=1)
  Hash Cond: (ci.movie_id = t.id)
  ->  Seq Scan on cast_info ci  (cost=0.00..614943.12 rows=36225612 width=4) (actual time=0.017..42710.658 rows=36244344 loops=1)
  ->  Hash  (cost=137751.36..137751.36 rows=317978 width=8) (actual time=8027.577..8027.577 rows=212359 loops=1)
        Buckets: 131072  Batches: 8  Memory Usage: 2061kB
        ->  Hash Join  (cost=96651.52..137751.36 rows=317978 width=8) (actual time=5571.423..7940.663 rows=212359 loops=1)
              Hash Cond: (mi_idx.movie_id = t.id)
              ->  Seq Scan on movie_info_idx mi_idx  (cost=0.00..25185.44 rows=454124 width=4) (actual time=0.020..1662.051 rows=459925 loops=1)
                    Filter: (info_type_id = 100)
                    Rows Removed by Filter: 920110
              ->  Hash  (cost=67604.59..67604.59 rows=1770475 width=4) (actual time=5570.219..5570.219 rows=1774635 loops=1)
                    Buckets: 131072  Batches: 32  Memory Usage: 2978kB
                    ->  Seq Scan on title t  (cost=0.00..67604.59 rows=1770475 width=4) (actual time=0.018..4519.126 rows=1774635 loops=1)
                          Filter: (kind_id > 2)
                          Rows Removed by Filter: 753677
Planning time: 1.136 ms
Execution time: 77642.557 ms
