Hash Join  (cost=100944.48..162357.39 rows=873 width=0) (actual time=5268.267..9182.417 rows=7302 loops=1)
  Hash Cond: (mc.movie_id = t.id)
  ->  Seq Scan on movie_companies mc  (cost=0.00..57926.93 rows=927265 width=4) (actual time=0.023..3604.050 rows=1233314 loops=1)
        Filter: ((company_id < 41874) AND (company_type_id = 1))
        Rows Removed by Filter: 1375815
  ->  Hash  (cost=100914.72..100914.72 rows=2381 width=8) (actual time=5268.148..5268.148 rows=5331 loops=1)
        Buckets: 8192 (originally 4096)  Batches: 1 (originally 1)  Memory Usage: 273kB
        ->  Hash Join  (cost=73980.43..100914.72 rows=2381 width=8) (actual time=3428.358..5265.743 rows=5331 loops=1)
              Hash Cond: (mi_idx.movie_id = t.id)
              ->  Seq Scan on movie_info_idx mi_idx  (cost=0.00..21735.35 rows=1380035 width=4) (actual time=0.029..1416.830 rows=1380035 loops=1)
              ->  Hash  (cost=73925.90..73925.90 rows=4362 width=4) (actual time=3427.993..3427.993 rows=3986 loops=1)
                    Buckets: 8192  Batches: 1  Memory Usage: 205kB
                    ->  Seq Scan on title t  (cost=0.00..73925.90 rows=4362 width=4) (actual time=1981.142..3423.690 rows=3986 loops=1)
                          Filter: ((kind_id = 3) AND (production_year = 2006))
                          Rows Removed by Filter: 2524326
Planning time: 10.913 ms
Execution time: 9183.741 ms
