Nested Loop  (cost=0.43..28267.64 rows=26 width=0) (actual time=354.556..1142.204 rows=97 loops=1)
  ->  Seq Scan on movie_info_idx mi_idx  (cost=0.00..25185.44 rows=368 width=4) (actual time=354.440..1115.227 rows=260 loops=1)
        Filter: (info_type_id > 101)
        Rows Removed by Filter: 1379775
  ->  Index Scan using title_pkey on title t  (cost=0.43..8.37 rows=1 width=4) (actual time=0.103..0.103 rows=0 loops=260)
        Index Cond: (id = mi_idx.movie_id)
        Filter: ((kind_id < 7) AND (production_year < 1976))
        Rows Removed by Filter: 1
Planning time: 0.744 ms
Execution time: 1142.328 ms
