Hash Join  (cost=161637.73..236283.73 rows=451384 width=0) (actual time=9958.449..13379.121 rows=1040613 loops=1)
  Hash Cond: (mc.movie_id = t.id)
  ->  Seq Scan on movie_companies mc  (cost=0.00..51404.11 rows=1329612 width=4) (actual time=1109.140..3202.664 rows=1334883 loops=1)
        Filter: (company_type_id = 2)
        Rows Removed by Filter: 1274246
  ->  Hash  (cost=147553.76..147553.76 rows=858398 width=8) (actual time=8848.447..8848.447 rows=785768 loops=1)
        Buckets: 131072  Batches: 16  Memory Usage: 2942kB
        ->  Hash Join  (cost=93408.25..147553.76 rows=858398 width=8) (actual time=5429.240..8573.601 rows=785768 loops=1)
              Hash Cond: (mi_idx.movie_id = t.id)
              ->  Seq Scan on movie_info_idx mi_idx  (cost=0.00..21735.35 rows=1380035 width=4) (actual time=0.704..1496.302 rows=1380035 loops=1)
              ->  Hash  (cost=67604.59..67604.59 rows=1572773 width=4) (actual time=5427.296..5427.296 rows=1570568 loops=1)
                    Buckets: 131072  Batches: 32  Memory Usage: 2751kB
                    ->  Seq Scan on title t  (cost=0.00..67604.59 rows=1572773 width=4) (actual time=0.028..4666.887 rows=1570568 loops=1)
                          Filter: (production_year > 1996)
                          Rows Removed by Filter: 957744
Planning time: 1.206 ms
Execution time: 13529.928 ms
