Hash Join  (cost=88917.32..229298.70 rows=1328837 width=0) (actual time=5195.667..14240.469 rows=3020807 loops=1)
  Hash Cond: (mk.movie_id = t.id)
  ->  Seq Scan on movie_keyword mk  (cost=0.00..81003.12 rows=3677304 width=4) (actual time=0.020..5506.647 rows=3670930 loops=1)
        Filter: (keyword_id < 21539)
        Rows Removed by Filter: 853000
  ->  Hash  (cost=73925.90..73925.90 rows=913713 width=4) (actual time=5194.490..5194.490 rows=852416 loops=1)
        Buckets: 131072  Batches: 16  Memory Usage: 2908kB
        ->  Seq Scan on title t  (cost=0.00..73925.90 rows=913713 width=4) (actual time=0.013..4502.136 rows=852416 loops=1)
              Filter: ((kind_id < 7) AND (production_year > 1933))
              Rows Removed by Filter: 1675896
Planning time: 0.730 ms
Execution time: 14691.180 ms
