Hash Join  (cost=217517.61..1111809.07 rows=2661230 width=0) (actual time=32607.610..60722.870 rows=8510416 loops=1)
  Hash Cond: (ci.movie_id = t.id)
  ->  Seq Scan on cast_info ci  (cost=0.00..796071.18 rows=5801061 width=4) (actual time=21283.447..39765.634 rows=8449651 loops=1)
        Filter: ((person_id > 1884237) AND (role_id > 3))
        Rows Removed by Filter: 27794693
  ->  Hash  (cost=198486.13..198486.13 rows=1159959 width=8) (actual time=11322.500..11322.500 rows=1265771 loops=1)
        Buckets: 131072 (originally 131072)  Batches: 32 (originally 16)  Memory Usage: 3073kB
        ->  Hash Join  (cost=102767.86..198486.13 rows=1159959 width=8) (actual time=5745.585..10872.219 rows=1265771 loops=1)
              Hash Cond: (mc.movie_id = t.id)
              ->  Seq Scan on movie_companies mc  (cost=0.00..57926.93 rows=1159959 width=4) (actual time=465.030..3573.475 rows=1265771 loops=1)
                    Filter: ((company_id > 160) AND (company_type_id = 2))
                    Rows Removed by Filter: 1343358
              ->  Hash  (cost=61283.27..61283.27 rows=2528527 width=4) (actual time=5279.332..5279.332 rows=2528312 loops=1)
                    Buckets: 131072  Batches: 64  Memory Usage: 2415kB
                    ->  Seq Scan on title t  (cost=0.00..61283.27 rows=2528527 width=4) (actual time=0.024..4061.536 rows=2528312 loops=1)
Planning time: 10.524 ms
Execution time: 62187.051 ms
