Seq Scan on cast_info ci  (cost=0.00..796071.18 rows=15649611 width=0) (actual time=23507.572..48306.102 rows=15810693 loops=1)
  Filter: ((person_id > 116111) AND (role_id > 2))
  Rows Removed by Filter: 20433651
Planning time: 0.314 ms
Execution time: 51009.611 ms
