Nested Loop  (cost=0.43..83072.90 rows=8 width=0) (actual time=12.438..3930.017 rows=169 loops=1)
  ->  Seq Scan on movie_keyword mk  (cost=0.00..81003.12 rows=246 width=4) (actual time=12.385..3392.429 rows=2923 loops=1)
        Filter: (keyword_id = 1535)
        Rows Removed by Filter: 4521007
  ->  Index Scan using title_pkey on title t  (cost=0.43..8.40 rows=1 width=4) (actual time=0.183..0.183 rows=0 loops=2923)
        Index Cond: (id = mk.movie_id)
        Filter: ((production_year > 1987) AND (kind_id = 4))
        Rows Removed by Filter: 1
Planning time: 8.490 ms
Execution time: 3930.262 ms
