Hash Join  (cost=79273.71..579351.01 rows=1899738 width=0) (actual time=1345.683..14403.729 rows=655125 loops=1)
  Hash Cond: (mi.movie_id = t.id)
  ->  Seq Scan on movie_info mi  (cost=0.00..309384.22 rows=14739122 width=4) (actual time=0.015..6194.309 rows=14835720 loops=1)
  ->  Hash  (cost=73925.90..73925.90 rows=325904 width=4) (actual time=1342.690..1342.690 rows=349534 loops=1)
        Buckets: 131072  Batches: 8  Memory Usage: 2572kB
        ->  Seq Scan on title t  (cost=0.00..73925.90 rows=325904 width=4) (actual time=1.642..1224.820 rows=349534 loops=1)
              Filter: ((production_year > 2009) AND (kind_id = 7))
              Rows Removed by Filter: 2178778
Planning time: 0.763 ms
Execution time: 14489.599 ms
