Hash Join  (cost=52284.99..416946.98 rows=606 width=0) (actual time=2566.206..21492.560 rows=47830 loops=1)
  Hash Cond: (mi.movie_id = t.id)
  ->  Seq Scan on movie_info mi  (cost=0.00..309384.22 rows=14739122 width=4) (actual time=0.023..15182.484 rows=14835720 loops=1)
  ->  Hash  (cost=52283.69..52283.69 rows=104 width=8) (actual time=2530.006..2530.006 rows=1258 loops=1)
        Buckets: 2048 (originally 1024)  Batches: 1 (originally 1)  Memory Usage: 66kB
        ->  Nested Loop  (cost=0.43..52283.69 rows=104 width=8) (actual time=27.125..2520.543 rows=1258 loops=1)
              ->  Seq Scan on movie_companies mc  (cost=0.00..51404.11 rows=104 width=4) (actual time=27.010..2392.453 rows=1258 loops=1)
                    Filter: (company_id = 1877)
                    Rows Removed by Filter: 2607871
              ->  Index Only Scan using title_pkey on title t  (cost=0.43..8.45 rows=1 width=4) (actual time=0.100..0.101 rows=1 loops=1258)
                    Index Cond: (id = mc.movie_id)
                    Heap Fetches: 1258
Planning time: 8.869 ms
Execution time: 21500.606 ms
