Seq Scan on movie_companies mc  (cost=0.00..57926.93 rows=1228705 width=0) (actual time=1104.739..3424.301 rows=1274246 loops=1)
  Filter: ((company_id < 155095) AND (company_type_id = 1))
  Rows Removed by Filter: 1334883
Planning time: 3.783 ms
Execution time: 3658.219 ms
