Hash Join  (cost=102767.86..1179584.40 rows=11256822 width=0) (actual time=18521.253..57272.333 rows=9746513 loops=1)
  Hash Cond: (ci.movie_id = t.id)
  ->  Seq Scan on cast_info ci  (cost=0.00..796071.18 rows=11256822 width=4) (actual time=14161.959..41517.326 rows=9746513 loops=1)
        Filter: ((person_id > 388957) AND (role_id = 1))
        Rows Removed by Filter: 26497831
  ->  Hash  (cost=61283.27..61283.27 rows=2528527 width=4) (actual time=4357.449..4357.449 rows=2528312 loops=1)
        Buckets: 131072  Batches: 64  Memory Usage: 2415kB
        ->  Seq Scan on title t  (cost=0.00..61283.27 rows=2528527 width=4) (actual time=0.030..3191.251 rows=2528312 loops=1)
Planning time: 1.851 ms
Execution time: 58666.765 ms
