Seq Scan on movie_companies mc  (cost=0.00..57926.93 rows=179277 width=0) (actual time=0.019..2074.943 rows=280648 loops=1)
  Filter: ((company_id < 189) AND (company_type_id < 2))
  Rows Removed by Filter: 2328481
Planning time: 2.594 ms
Execution time: 2119.696 ms
