Nested Loop  (cost=0.43..115557.62 rows=235 width=0) (actual time=11.621..3749.752 rows=251 loops=1)
  ->  Seq Scan on movie_keyword mk  (cost=0.00..81003.12 rows=4675 width=4) (actual time=0.077..3179.822 rows=5617 loops=1)
        Filter: (keyword_id = 1603)
        Rows Removed by Filter: 4518313
  ->  Index Scan using title_pkey on title t  (cost=0.43..7.38 rows=1 width=4) (actual time=0.101..0.101 rows=0 loops=5617)
        Index Cond: (id = mk.movie_id)
        Filter: (production_year = 2009)
        Rows Removed by Filter: 1
Planning time: 0.736 ms
Execution time: 3750.027 ms
