Hash Join  (cost=129928.86..259158.12 rows=1279517 width=134) (actual time=2696.657..6428.048 rows=1274246 loops=1)
  Hash Cond: (mc.movie_id = t.id)
  ->  Seq Scan on movie_companies mc  (cost=0.00..51404.11 rows=1279517 width=40) (actual time=0.017..1335.744 rows=1274246 loops=1)
        Filter: (company_type_id = 1)
        Rows Removed by Filter: 1334883
  ->  Hash  (cost=61283.27..61283.27 rows=2528527 width=94) (actual time=2695.197..2695.197 rows=2528312 loops=1)
        Buckets: 32768  Batches: 128  Memory Usage: 2453kB
        ->  Seq Scan on title t  (cost=0.00..61283.27 rows=2528527 width=94) (actual time=0.013..1370.462 rows=2528312 loops=1)
Planning time: 0.643 ms
Execution time: 6500.258 ms
