Nested Loop  (cost=0.43..797179.11 rows=131 width=0) (actual time=32006.796..38289.124 rows=27 loops=1)
  ->  Seq Scan on cast_info ci  (cost=0.00..796071.18 rows=131 width=4) (actual time=32006.632..38284.362 rows=27 loops=1)
        Filter: ((role_id > 4) AND (person_id = 2897224))
        Rows Removed by Filter: 36244317
  ->  Index Only Scan using title_pkey on title t  (cost=0.43..8.45 rows=1 width=4) (actual time=0.172..0.173 rows=1 loops=27)
        Index Cond: (id = ci.movie_id)
        Heap Fetches: 27
Planning time: 0.704 ms
Execution time: 38289.215 ms
