Seq Scan on movie_companies mc  (cost=0.00..57926.93 rows=158456 width=0) (actual time=0.028..2856.702 rows=310582 loops=1)
  Filter: ((company_id > 92557) AND (company_type_id > 1))
  Rows Removed by Filter: 2298547
Planning time: 0.346 ms
Execution time: 2961.559 ms
