Hash Join  (cost=167602.56..552782.94 rows=232202 width=0) (actual time=8090.182..32577.973 rows=865676 loops=1)
  Hash Cond: (mi.movie_id = t.id)
  ->  Seq Scan on movie_info mi  (cost=0.00..346232.03 rows=9767026 width=4) (actual time=0.016..21283.836 rows=9911754 loops=1)
        Filter: (info_type_id > 4)
        Rows Removed by Filter: 4923966
  ->  Hash  (cost=166851.14..166851.14 rows=60113 width=8) (actual time=8089.601..8089.601 rows=61385 loops=1)
        Buckets: 65536  Batches: 1  Memory Usage: 2910kB
        ->  Hash Join  (cost=74594.78..166851.14 rows=60113 width=8) (actual time=3115.209..8047.560 rows=61385 loops=1)
              Hash Cond: (mk.movie_id = t.id)
              ->  Seq Scan on movie_keyword mk  (cost=0.00..81003.12 rows=2840562 width=4) (actual time=0.018..4199.365 rows=2829714 loops=1)
                    Filter: (keyword_id < 8528)
                    Rows Removed by Filter: 1694216
              ->  Hash  (cost=73925.90..73925.90 rows=53510 width=4) (actual time=3114.526..3114.526 rows=40884 loops=1)
                    Buckets: 65536  Batches: 1  Memory Usage: 1950kB
                    ->  Seq Scan on title t  (cost=0.00..73925.90 rows=53510 width=4) (actual time=0.013..3092.089 rows=40884 loops=1)
                          Filter: ((production_year > 2001) AND (kind_id = 3))
                          Rows Removed by Filter: 2487428
Planning time: 1.796 ms
Execution time: 32712.150 ms
