Hash Join  (cost=160171.00..658698.10 rows=1754517 width=0) (actual time=7665.993..47221.470 rows=18229420 loops=1)
  Hash Cond: (mi.movie_id = t.id)
  ->  Seq Scan on movie_info mi  (cost=0.00..309384.22 rows=14739122 width=4) (actual time=0.017..24187.348 rows=14835720 loops=1)
  ->  Hash  (cost=155232.61..155232.61 rows=300991 width=8) (actual time=7665.293..7665.293 rows=375767 loops=1)
        Buckets: 131072 (originally 131072)  Batches: 8 (originally 4)  Memory Usage: 3073kB
        ->  Hash Join  (cost=85935.55..155232.61 rows=300991 width=8) (actual time=3433.211..7513.468 rows=375767 loops=1)
              Hash Cond: (mc.movie_id = t.id)
              ->  Seq Scan on movie_companies mc  (cost=0.00..51404.11 rows=1039743 width=4) (actual time=0.020..3200.590 rows=1037919 loops=1)
                    Filter: (company_id < 5898)
                    Rows Removed by Filter: 1571210
              ->  Hash  (cost=73925.90..73925.90 rows=731972 width=4) (actual time=3432.389..3432.389 rows=635910 loops=1)
                    Buckets: 131072  Batches: 16  Memory Usage: 2421kB
                    ->  Seq Scan on title t  (cost=0.00..73925.90 rows=731972 width=4) (actual time=0.025..3131.177 rows=635910 loops=1)
                          Filter: ((kind_id < 7) AND (production_year > 1984))
                          Rows Removed by Filter: 1892402
Planning time: 5.462 ms
Execution time: 49947.343 ms
