Hash Join  (cost=186821.45..1294894.63 rows=4841405 width=0) (actual time=8817.617..82202.474 rows=1800424 loops=1)
  Hash Cond: (ci.movie_id = t.id)
  ->  Seq Scan on cast_info ci  (cost=0.00..705507.15 rows=30493595 width=4) (actual time=0.018..51470.589 rows=30596979 loops=1)
        Filter: (person_id > 546424)
        Rows Removed by Filter: 5647365
  ->  Hash  (cost=180234.34..180234.34 rows=401449 width=8) (actual time=8816.748..8816.748 rows=82994 loops=1)
        Buckets: 131072  Batches: 8  Memory Usage: 1443kB
        ->  Hash Join  (cost=102767.86..180234.34 rows=401449 width=8) (actual time=6682.681..8789.374 rows=82994 loops=1)
              Hash Cond: (mc.movie_id = t.id)
              ->  Seq Scan on movie_companies mc  (cost=0.00..57926.93 rows=401449 width=4) (actual time=843.871..2508.629 rows=82994 loops=1)
                    Filter: ((company_id > 27670) AND (company_type_id = 1))
                    Rows Removed by Filter: 2526135
              ->  Hash  (cost=61283.27..61283.27 rows=2528527 width=4) (actual time=5837.702..5837.702 rows=2528312 loops=1)
                    Buckets: 131072  Batches: 64  Memory Usage: 2415kB
                    ->  Seq Scan on title t  (cost=0.00..61283.27 rows=2528527 width=4) (actual time=0.015..4669.393 rows=2528312 loops=1)
Planning time: 7.872 ms
Execution time: 82473.567 ms
