Hash Join  (cost=71214.36..564703.33 rows=1282304 width=0) (actual time=3820.889..35347.996 rows=2422010 loops=1)
  Hash Cond: (mi.movie_id = t.id)
  ->  Seq Scan on movie_info mi  (cost=0.00..309384.22 rows=14739122 width=4) (actual time=0.012..21879.259 rows=14835720 loops=1)
  ->  Hash  (cost=67604.59..67604.59 rows=219982 width=4) (actual time=3820.020..3820.020 rows=221115 loops=1)
        Buckets: 131072  Batches: 4  Memory Usage: 2973kB
        ->  Seq Scan on title t  (cost=0.00..67604.59 rows=219982 width=4) (actual time=0.017..3698.145 rows=221115 loops=1)
              Filter: (production_year < 1958)
              Rows Removed by Filter: 2307197
Planning time: 0.755 ms
Execution time: 35728.779 ms
