Hash Join  (cost=86241.46..455507.64 rows=520298 width=0) (actual time=12902.849..21591.541 rows=633616 loops=1)
  Hash Cond: (mi.movie_id = t.id)
  ->  Seq Scan on movie_info mi  (cost=0.00..346232.03 rows=1158179 width=4) (actual time=8178.478..15744.029 rows=1204709 loops=1)
        Filter: (info_type_id > 18)
        Rows Removed by Filter: 13631011
  ->  Hash  (cost=67604.59..67604.59 rows=1135910 width=4) (actual time=4721.766..4721.766 rows=1133355 loops=1)
        Buckets: 131072  Batches: 16  Memory Usage: 3524kB
        ->  Seq Scan on title t  (cost=0.00..67604.59 rows=1135910 width=4) (actual time=0.032..3907.975 rows=1133355 loops=1)
              Filter: (production_year < 2002)
              Rows Removed by Filter: 1394957
Planning time: 0.737 ms
Execution time: 21676.494 ms
