Seq Scan on cast_info ci  (cost=0.00..796071.18 rows=5852532 width=0) (actual time=0.021..43957.843 rows=7451973 loops=1)
  Filter: ((person_id < 2944550) AND (role_id = 2))
  Rows Removed by Filter: 28792371
Planning time: 11.781 ms
Execution time: 45332.223 ms
