Hash Join  (cost=81575.34..556671.40 rows=1747187 width=0) (actual time=6112.767..33167.541 rows=4492444 loops=1)
  Hash Cond: (mi.movie_id = t.id)
  ->  Seq Scan on movie_info mi  (cost=0.00..346232.03 rows=9476311 width=4) (actual time=1911.161..19941.294 rows=9565151 loops=1)
        Filter: (info_type_id < 16)
        Rows Removed by Filter: 5270569
  ->  Hash  (cost=73925.90..73925.90 rows=466195 width=4) (actual time=4200.795..4200.795 rows=516974 loops=1)
        Buckets: 131072  Batches: 8  Memory Usage: 3319kB
        ->  Seq Scan on title t  (cost=0.00..73925.90 rows=466195 width=4) (actual time=0.026..3929.470 rows=516974 loops=1)
              Filter: ((kind_id < 3) AND (production_year < 2007))
              Rows Removed by Filter: 2011338
Planning time: 0.884 ms
Execution time: 33798.465 ms
