Hash Join  (cost=102767.86..200389.91 rows=1239084 width=0) (actual time=1862.242..4512.978 rows=1274246 loops=1)
  Hash Cond: (mc.movie_id = t.id)
  ->  Seq Scan on movie_companies mc  (cost=0.00..57926.93 rows=1239084 width=4) (actual time=0.022..1214.064 rows=1274246 loops=1)
        Filter: ((company_id < 168492) AND (company_type_id < 2))
        Rows Removed by Filter: 1334883
  ->  Hash  (cost=61283.27..61283.27 rows=2528527 width=4) (actual time=1861.269..1861.269 rows=2528312 loops=1)
        Buckets: 131072  Batches: 64  Memory Usage: 2415kB
        ->  Seq Scan on title t  (cost=0.00..61283.27 rows=2528527 width=4) (actual time=0.015..1009.748 rows=2528312 loops=1)
Planning time: 4.626 ms
Execution time: 4666.845 ms
