Seq Scan on title t  (cost=0.00..67604.59 rows=2063447 width=0) (actual time=0.017..1255.810 rows=2060346 loops=1)
  Filter: (production_year > 1971)
  Rows Removed by Filter: 467966
Planning time: 0.323 ms
Execution time: 1505.026 ms
