Hash Join  (cost=365418.15..1473491.65 rows=15284188 width=0) (actual time=8341.421..32479.919 rows=29332139 loops=1)
  Hash Cond: (ci.movie_id = t.id)
  ->  Seq Scan on cast_info ci  (cost=0.00..796071.18 rows=8542679 width=4) (actual time=0.022..15151.265 rows=4236858 loops=1)
        Filter: ((person_id < 2619352) AND (role_id > 3))
        Rows Removed by Filter: 32007486
  ->  Hash  (cost=291197.02..291197.02 rows=4523930 width=8) (actual time=8339.967..8339.967 rows=4523930 loops=1)
        Buckets: 131072  Batches: 64  Memory Usage: 3816kB
        ->  Hash Join  (cost=102767.86..291197.02 rows=4523930 width=8) (actual time=1827.636..7088.738 rows=4523930 loops=1)
              Hash Cond: (mk.movie_id = t.id)
              ->  Seq Scan on movie_keyword mk  (cost=0.00..69693.30 rows=4523930 width=4) (actual time=0.021..1508.426 rows=4523930 loops=1)
              ->  Hash  (cost=61283.27..61283.27 rows=2528527 width=4) (actual time=1826.601..1826.601 rows=2528312 loops=1)
                    Buckets: 131072  Batches: 64  Memory Usage: 2425kB
                    ->  Seq Scan on title t  (cost=0.00..61283.27 rows=2528527 width=4) (actual time=0.011..971.783 rows=2528312 loops=1)
Planning time: 1.134 ms
Execution time: 35462.369 ms
