Hash Join  (cost=156209.36..219906.66 rows=141426 width=0) (actual time=3305.757..4775.977 rows=420421 loops=1)
  Hash Cond: (mc.movie_id = t.id)
  ->  Seq Scan on movie_companies mc  (cost=0.00..51404.11 rows=787448 width=4) (actual time=0.011..974.309 rows=775555 loops=1)
        Filter: (company_id < 1684)
        Rows Removed by Filter: 1833574
  ->  Hash  (cost=148758.81..148758.81 rows=454124 width=8) (actual time=3305.013..3305.013 rows=459925 loops=1)
        Buckets: 131072  Batches: 8  Memory Usage: 3275kB
        ->  Hash Join  (cost=102767.86..148758.81 rows=454124 width=8) (actual time=1922.040..3172.282 rows=459925 loops=1)
              Hash Cond: (mi_idx.movie_id = t.id)
              ->  Seq Scan on movie_info_idx mi_idx  (cost=0.00..25185.44 rows=454124 width=4) (actual time=0.017..463.738 rows=459925 loops=1)
                    Filter: (info_type_id = 100)
                    Rows Removed by Filter: 920110
              ->  Hash  (cost=61283.27..61283.27 rows=2528527 width=4) (actual time=1920.370..1920.370 rows=2528312 loops=1)
                    Buckets: 131072  Batches: 64  Memory Usage: 2415kB
                    ->  Seq Scan on title t  (cost=0.00..61283.27 rows=2528527 width=4) (actual time=0.020..1081.378 rows=2528312 loops=1)
Planning time: 0.806 ms
Execution time: 4815.558 ms
