Hash Join  (cost=365418.15..1443048.63 rows=13703254 width=0) (actual time=20414.981..79306.539 rows=72223749 loops=1)
  Hash Cond: (ci.movie_id = t.id)
  ->  Seq Scan on cast_info ci  (cost=0.00..796071.18 rows=7659059 width=4) (actual time=5483.700..36781.970 rows=11881700 loops=1)
        Filter: ((person_id > 2502001) AND (role_id > 1))
        Rows Removed by Filter: 24362644
  ->  Hash  (cost=291197.02..291197.02 rows=4523930 width=8) (actual time=14928.322..14928.322 rows=4523930 loops=1)
        Buckets: 131072  Batches: 64  Memory Usage: 3816kB
        ->  Hash Join  (cost=102767.86..291197.02 rows=4523930 width=8) (actual time=5204.570..13631.490 rows=4523930 loops=1)
              Hash Cond: (mk.movie_id = t.id)
              ->  Seq Scan on movie_keyword mk  (cost=0.00..69693.30 rows=4523930 width=4) (actual time=0.033..4312.261 rows=4523930 loops=1)
              ->  Hash  (cost=61283.27..61283.27 rows=2528527 width=4) (actual time=5203.358..5203.358 rows=2528312 loops=1)
                    Buckets: 131072  Batches: 64  Memory Usage: 2425kB
                    ->  Seq Scan on title t  (cost=0.00..61283.27 rows=2528527 width=4) (actual time=0.029..4084.237 rows=2528312 loops=1)
Planning time: 1.151 ms
Execution time: 87853.762 ms
