Nested Loop  (cost=0.43..83072.29 rows=160 width=0) (actual time=4.045..1394.634 rows=942 loops=1)
  ->  Seq Scan on movie_keyword mk  (cost=0.00..81003.12 rows=246 width=4) (actual time=4.001..1347.577 rows=1844 loops=1)
        Filter: (keyword_id = 496)
        Rows Removed by Filter: 4522086
  ->  Index Scan using title_pkey on title t  (cost=0.43..8.40 rows=1 width=4) (actual time=0.025..0.025 rows=1 loops=1844)
        Index Cond: (id = mk.movie_id)
        Filter: (production_year > 1994)
        Rows Removed by Filter: 0
Planning time: 0.733 ms
Execution time: 1395.049 ms
