Hash Join  (cost=421219.34..1289466.14 rows=14467 width=0) (actual time=15104.316..52660.204 rows=15688 loops=1)
  Hash Cond: (ci.movie_id = t.id)
  ->  Seq Scan on cast_info ci  (cost=0.00..796071.18 rows=19208259 width=4) (actual time=0.239..34659.120 rows=16872607 loops=1)
        Filter: ((person_id < 2990304) AND (role_id > 1))
        Rows Removed by Filter: 19371737
  ->  Hash  (cost=421195.54..421195.54 rows=1904 width=8) (actual time=15103.186..15103.186 rows=305 loops=1)
        Buckets: 2048  Batches: 1  Memory Usage: 28kB
        ->  Hash Join  (cost=74251.74..421195.54 rows=1904 width=8) (actual time=7991.990..15102.958 rows=305 loops=1)
              Hash Cond: (mi.movie_id = t.id)
              ->  Seq Scan on movie_info mi  (cost=0.00..346232.03 rows=184730 width=4) (actual time=4783.555..11874.966 rows=180112 loops=1)
                    Filter: (info_type_id = 13)
                    Rows Removed by Filter: 14655608
              ->  Hash  (cost=73925.90..73925.90 rows=26067 width=4) (actual time=3192.336..3192.336 rows=27085 loops=1)
                    Buckets: 32768  Batches: 1  Memory Usage: 1209kB
                    ->  Seq Scan on title t  (cost=0.00..73925.90 rows=26067 width=4) (actual time=0.089..3180.491 rows=27085 loops=1)
                          Filter: ((kind_id < 7) AND (production_year > 2012))
                          Rows Removed by Filter: 2501227
Planning time: 4.789 ms
Execution time: 52664.092 ms
