Hash Join  (cost=278682.63..907602.51 rows=12248205 width=0) (actual time=6195.677..40862.515 rows=101948162 loops=1)
  Hash Cond: (mi.movie_id = t.id)
  ->  Seq Scan on movie_info mi  (cost=0.00..309384.22 rows=14739122 width=4) (actual time=0.014..6093.718 rows=14835720 loops=1)
  ->  Hash  (cost=244209.56..244209.56 rows=2101205 width=8) (actual time=6194.967..6194.967 rows=2110319 loops=1)
        Buckets: 131072  Batches: 32  Memory Usage: 3668kB
        ->  Hash Join  (cost=102767.86..244209.56 rows=2101205 width=8) (actual time=2005.602..5576.535 rows=2110319 loops=1)
              Hash Cond: (mk.movie_id = t.id)
              ->  Seq Scan on movie_keyword mk  (cost=0.00..81003.12 rows=2101205 width=4) (actual time=0.020..1552.694 rows=2110319 loops=1)
                    Filter: (keyword_id < 3820)
                    Rows Removed by Filter: 2413611
              ->  Hash  (cost=61283.27..61283.27 rows=2528527 width=4) (actual time=2003.393..2003.393 rows=2528312 loops=1)
                    Buckets: 131072  Batches: 64  Memory Usage: 2425kB
                    ->  Seq Scan on title t  (cost=0.00..61283.27 rows=2528527 width=4) (actual time=0.023..1140.561 rows=2528312 loops=1)
Planning time: 8.056 ms
Execution time: 51386.731 ms
