Hash Join  (cost=118875.47..184979.38 rows=53499 width=0) (actual time=2838.823..4393.625 rows=134539 loops=1)
  Hash Cond: (mc.movie_id = t.id)
  ->  Seq Scan on movie_companies mc  (cost=0.00..51404.11 rows=1186348 width=4) (actual time=0.025..844.756 rows=1180857 loops=1)
        Filter: (company_id < 10214)
        Rows Removed by Filter: 1428272
  ->  Hash  (cost=117004.15..117004.15 rows=114026 width=8) (actual time=2838.023..2838.023 rows=115961 loops=1)
        Buckets: 131072  Batches: 2  Memory Usage: 3275kB
        ->  Hash Join  (cost=77354.40..117004.15 rows=114026 width=8) (actual time=1712.448..2800.657 rows=115961 loops=1)
              Hash Cond: (mi_idx.movie_id = t.id)
              ->  Seq Scan on movie_info_idx mi_idx  (cost=0.00..21735.35 rows=1380035 width=4) (actual time=0.012..461.685 rows=1380035 loops=1)
              ->  Hash  (cost=73925.90..73925.90 rows=208920 width=4) (actual time=1711.662..1711.662 rows=183835 loops=1)
                    Buckets: 131072  Batches: 4  Memory Usage: 2649kB
                    ->  Seq Scan on title t  (cost=0.00..73925.90 rows=208920 width=4) (actual time=0.013..1249.715 rows=183835 loops=1)
                          Filter: ((kind_id < 7) AND (production_year > 2009))
                          Rows Removed by Filter: 2344477
Planning time: 1.155 ms
Execution time: 4410.592 ms
