Hash Join  (cost=134416.46..636508.53 rows=2088613 width=0) (actual time=3447.853..16564.542 rows=1871856 loops=1)
  Hash Cond: (mi.movie_id = t.id)
  ->  Seq Scan on movie_info mi  (cost=0.00..309384.22 rows=14739122 width=4) (actual time=0.019..5837.551 rows=14835720 loops=1)
  ->  Hash  (cost=128537.63..128537.63 rows=358306 width=8) (actual time=3446.910..3446.910 rows=198525 loops=1)
        Buckets: 131072  Batches: 8  Memory Usage: 2010kB
        ->  Hash Join  (cost=84697.09..128537.63 rows=358306 width=8) (actual time=1478.788..3384.651 rows=198525 loops=1)
              Hash Cond: (mi_idx.movie_id = t.id)
              ->  Seq Scan on movie_info_idx mi_idx  (cost=0.00..21735.35 rows=1380035 width=4) (actual time=0.009..459.025 rows=1380035 loops=1)
              ->  Hash  (cost=73925.90..73925.90 rows=656495 width=4) (actual time=1477.520..1477.520 rows=556797 loops=1)
                    Buckets: 131072  Batches: 16  Memory Usage: 2246kB
                    ->  Seq Scan on title t  (cost=0.00..73925.90 rows=656495 width=4) (actual time=55.820..1298.888 rows=556797 loops=1)
                          Filter: ((production_year < 2001) AND (kind_id = 7))
                          Rows Removed by Filter: 1971515
Planning time: 0.787 ms
Execution time: 16788.654 ms
