Seq Scan on title t  (cost=0.00..73925.90 rows=1541029 width=0) (actual time=0.019..1320.791 rows=1659933 loops=1)
  Filter: ((kind_id > 1) AND (production_year > 1969))
  Rows Removed by Filter: 868379
Planning time: 0.387 ms
Execution time: 1529.193 ms
