Hash Join  (cost=74026.03..457193.80 rows=30940 width=0) (actual time=1115.224..9191.428 rows=191369 loops=1)
  Hash Cond: (mi.movie_id = t.id)
  ->  Seq Scan on movie_info mi  (cost=0.00..346232.03 rows=9767026 width=4) (actual time=0.023..6025.096 rows=9911754 loops=1)
        Filter: (info_type_id > 4)
        Rows Removed by Filter: 4923966
  ->  Hash  (cost=73925.90..73925.90 rows=8010 width=4) (actual time=1114.261..1114.261 rows=29104 loops=1)
        Buckets: 32768 (originally 8192)  Batches: 1 (originally 1)  Memory Usage: 1280kB
        ->  Seq Scan on title t  (cost=0.00..73925.90 rows=8010 width=4) (actual time=0.060..1103.240 rows=29104 loops=1)
              Filter: ((production_year < 1911) AND (kind_id = 1))
              Rows Removed by Filter: 2499208
Planning time: 5.207 ms
Execution time: 9217.305 ms
