Hash Join  (cost=91123.00..454189.97 rows=369609 width=0) (actual time=5423.662..7791.873 rows=359066 loops=1)
  Hash Cond: (mi.movie_id = t.id)
  ->  Seq Scan on movie_info mi  (cost=0.00..346232.03 rows=651960 width=4) (actual time=3597.607..5324.688 rows=660923 loops=1)
        Filter: (info_type_id = 18)
        Rows Removed by Filter: 14174797
  ->  Hash  (cost=67604.59..67604.59 rows=1433473 width=4) (actual time=1825.227..1825.227 rows=1434466 loops=1)
        Buckets: 131072  Batches: 32  Memory Usage: 2607kB
        ->  Seq Scan on title t  (cost=0.00..67604.59 rows=1433473 width=4) (actual time=0.037..1346.620 rows=1434466 loops=1)
              Filter: (production_year > 1999)
              Rows Removed by Filter: 1093846
Planning time: 5.777 ms
Execution time: 7837.451 ms
