Hash Join  (cost=28267.67..779057.27 rows=38 width=0) (actual time=407.707..16300.218 rows=915 loops=1)
  Hash Cond: (ci.movie_id = t.id)
  ->  Seq Scan on cast_info ci  (cost=0.00..614943.12 rows=36225612 width=4) (actual time=0.011..9059.081 rows=36244344 loops=1)
  ->  Hash  (cost=28267.64..28267.64 rows=3 width=8) (actual time=399.502..399.502 rows=7 loops=1)
        Buckets: 1024  Batches: 1  Memory Usage: 9kB
        ->  Nested Loop  (cost=0.43..28267.64 rows=3 width=8) (actual time=363.826..399.492 rows=7 loops=1)
              ->  Seq Scan on movie_info_idx mi_idx  (cost=0.00..25185.44 rows=368 width=4) (actual time=362.211..393.506 rows=260 loops=1)
                    Filter: (info_type_id > 101)
                    Rows Removed by Filter: 1379775
              ->  Index Scan using title_pkey on title t  (cost=0.43..8.37 rows=1 width=4) (actual time=0.023..0.023 rows=0 loops=260)
                    Index Cond: (id = mi_idx.movie_id)
                    Filter: ((kind_id < 7) AND (production_year = 1998))
                    Rows Removed by Filter: 1
Planning time: 1.199 ms
Execution time: 16301.227 ms
