Hash Join  (cost=156251.39..579038.42 rows=388934 width=0) (actual time=4909.793..12648.794 rows=206471 loops=1)
  Hash Cond: (mi.movie_id = t.id)
  ->  Seq Scan on movie_info mi  (cost=0.00..346232.03 rows=6231111 width=4) (actual time=1562.934..6403.830 rows=6223494 loops=1)
        Filter: (info_type_id > 8)
        Rows Removed by Filter: 8612226
  ->  Hash  (cost=153661.56..153661.56 rows=157826 width=8) (actual time=3345.105..3345.105 rows=67449 loops=1)
        Buckets: 131072  Batches: 4  Memory Usage: 1701kB
        ->  Hash Join  (cost=76435.78..153661.56 rows=157826 width=8) (actual time=1266.587..3318.005 rows=67449 loops=1)
              Hash Cond: (mc.movie_id = t.id)
              ->  Seq Scan on movie_companies mc  (cost=0.00..44881.29 rows=2609129 width=4) (actual time=0.022..996.133 rows=2609129 loops=1)
              ->  Hash  (cost=73925.90..73925.90 rows=152950 width=4) (actual time=1265.686..1265.686 rows=157522 loops=1)
                    Buckets: 131072  Batches: 2  Memory Usage: 3795kB
                    ->  Seq Scan on title t  (cost=0.00..73925.90 rows=152950 width=4) (actual time=0.031..1208.811 rows=157522 loops=1)
                          Filter: ((kind_id > 3) AND (production_year > 2011))
                          Rows Removed by Filter: 2370790
Planning time: 1.042 ms
Execution time: 12670.659 ms
