Nested Loop  (cost=0.43..52283.95 rows=27 width=0) (actual time=14.571..854.567 rows=32 loops=1)
  ->  Seq Scan on movie_companies mc  (cost=0.00..51404.11 rows=104 width=4) (actual time=14.510..843.903 rows=520 loops=1)
        Filter: (company_id = 904)
        Rows Removed by Filter: 2608609
  ->  Index Scan using title_pkey on title t  (cost=0.43..8.45 rows=1 width=4) (actual time=0.019..0.020 rows=0 loops=520)
        Index Cond: (id = mc.movie_id)
        Filter: (kind_id < 2)
        Rows Removed by Filter: 1
Planning time: 0.759 ms
Execution time: 854.695 ms
