Seq Scan on movie_keyword mk  (cost=0.00..81003.12 rows=4318665 width=0) (actual time=0.027..945.565 rows=4317180 loops=1)
  Filter: (keyword_id < 67228)
  Rows Removed by Filter: 206750
Planning time: 4.093 ms
Execution time: 1314.422 ms
