Hash Join  (cost=209824.67..771618.37 rows=7683778 width=0) (actual time=4678.909..27226.365 rows=28577039 loops=1)
  Hash Cond: (mi.movie_id = t.id)
  ->  Seq Scan on movie_info mi  (cost=0.00..309384.22 rows=14739122 width=4) (actual time=0.008..6478.683 rows=14835720 loops=1)
  ->  Hash  (cost=188197.57..188197.57 rows=1318168 width=8) (actual time=4678.048..4678.048 rows=1066186 loops=1)
        Buckets: 131072  Batches: 32  Memory Usage: 2357kB
        ->  Hash Join  (cost=89299.55..188197.57 rows=1318168 width=8) (actual time=1596.205..4410.756 rows=1066186 loops=1)
              Hash Cond: (mc.movie_id = t.id)
              ->  Seq Scan on movie_companies mc  (cost=0.00..51404.11 rows=2520593 width=4) (actual time=0.026..1051.371 rows=2520437 loops=1)
                    Filter: (company_id < 164509)
                    Rows Removed by Filter: 88692
              ->  Hash  (cost=67604.59..67604.59 rows=1322317 width=4) (actual time=1594.509..1594.509 rows=1322863 loops=1)
                    Buckets: 131072  Batches: 32  Memory Usage: 2481kB
                    ->  Seq Scan on title t  (cost=0.00..67604.59 rows=1322317 width=4) (actual time=0.009..1163.731 rows=1322863 loops=1)
                          Filter: (production_year > 2001)
                          Rows Removed by Filter: 1205449
Planning time: 1.160 ms
Execution time: 30469.329 ms
