Hash Join  (cost=77280.64..966553.36 rows=603955 width=0) (actual time=5120.295..23230.567 rows=1735505 loops=1)
  Hash Cond: (ci.movie_id = t.id)
  ->  Seq Scan on cast_info ci  (cost=0.00..796071.18 rows=7469064 width=4) (actual time=3812.208..15721.572 rows=12670688 loops=1)
        Filter: ((person_id < 2131675) AND (role_id = 1))
        Rows Removed by Filter: 23573656
  ->  Hash  (cost=73925.90..73925.90 rows=204459 width=4) (actual time=1307.162..1307.162 rows=313929 loops=1)
        Buckets: 131072  Batches: 4  Memory Usage: 3786kB
        ->  Seq Scan on title t  (cost=0.00..73925.90 rows=204459 width=4) (actual time=0.029..1204.699 rows=313929 loops=1)
              Filter: ((kind_id < 7) AND (production_year < 1981))
              Rows Removed by Filter: 2214383
Planning time: 1.496 ms
Execution time: 23445.197 ms
