Seq Scan on movie_companies mc  (cost=0.00..51404.11 rows=104 width=0) (actual time=1.302..813.242 rows=216 loops=1)
  Filter: (company_id = 13434)
  Rows Removed by Filter: 2608913
Planning time: 2.133 ms
Execution time: 813.382 ms
