Hash Join  (cost=67697.55..94648.62 rows=4059 width=0) (actual time=1357.617..1781.335 rows=1273 loops=1)
  Hash Cond: (mi_idx.movie_id = t.id)
  ->  Seq Scan on movie_info_idx mi_idx  (cost=0.00..21735.35 rows=1380035 width=4) (actual time=0.017..337.103 rows=1380035 loops=1)
  ->  Hash  (cost=67604.59..67604.59 rows=7437 width=4) (actual time=1185.057..1185.057 rows=2915 loops=1)
        Buckets: 8192  Batches: 1  Memory Usage: 167kB
        ->  Seq Scan on title t  (cost=0.00..67604.59 rows=7437 width=4) (actual time=0.023..1183.605 rows=2915 loops=1)
              Filter: (production_year = 1927)
              Rows Removed by Filter: 2525397
Planning time: 0.780 ms
Execution time: 1781.642 ms
