Hash Join  (cost=798855.22..1163530.50 rows=1935 width=0) (actual time=14966.562..21454.289 rows=5 loops=1)
  Hash Cond: (mi.movie_id = t.id)
  ->  Seq Scan on movie_info mi  (cost=0.00..309384.22 rows=14739122 width=4) (actual time=0.021..4602.894 rows=14835720 loops=1)
  ->  Hash  (cost=798851.07..798851.07 rows=332 width=8) (actual time=14202.202..14202.202 rows=1 loops=1)
        Buckets: 1024  Batches: 1  Memory Usage: 9kB
        ->  Nested Loop  (cost=0.43..798851.07 rows=332 width=8) (actual time=2351.246..14202.180 rows=1 loops=1)
              ->  Seq Scan on cast_info ci  (cost=0.00..796071.18 rows=332 width=4) (actual time=2351.087..14202.015 rows=1 loops=1)
                    Filter: ((role_id < 4) AND (person_id = 1077828))
                    Rows Removed by Filter: 36244343
              ->  Index Only Scan using title_pkey on title t  (cost=0.43..8.36 rows=1 width=4) (actual time=0.080..0.081 rows=1 loops=1)
                    Index Cond: (id = ci.movie_id)
                    Heap Fetches: 1
Planning time: 1.222 ms
Execution time: 21454.390 ms
