Hash Join  (cost=132017.95..498694.14 rows=202026 width=0) (actual time=2641.903..10224.016 rows=624749 loops=1)
  Hash Cond: (mi.movie_id = t.id)
  ->  Seq Scan on movie_info mi  (cost=0.00..309384.22 rows=14739122 width=4) (actual time=0.020..3915.210 rows=14835720 loops=1)
  ->  Hash  (cost=131584.72..131584.72 rows=34658 width=8) (actual time=2641.463..2641.463 rows=32505 loops=1)
        Buckets: 65536  Batches: 1  Memory Usage: 1782kB
        ->  Hash Join  (cost=68449.54..131584.72 rows=34658 width=8) (actual time=1653.251..2629.611 rows=32505 loops=1)
              Hash Cond: (mc.movie_id = t.id)
              ->  Seq Scan on movie_companies mc  (cost=0.00..57926.93 rows=1296446 width=4) (actual time=399.394..1055.064 rows=1327562 loops=1)
                    Filter: ((company_id > 6) AND (company_type_id > 1))
                    Rows Removed by Filter: 1281567
              ->  Hash  (cost=67604.59..67604.59 rows=67596 width=4) (actual time=1253.057..1253.057 rows=67777 loops=1)
                    Buckets: 131072  Batches: 1  Memory Usage: 3407kB
                    ->  Seq Scan on title t  (cost=0.00..67604.59 rows=67596 width=4) (actual time=0.037..1223.492 rows=67777 loops=1)
                          Filter: (production_year = 2003)
                          Rows Removed by Filter: 2460535
Planning time: 2.759 ms
Execution time: 10299.926 ms
