Hash Join  (cost=560558.10..1942282.42 rows=29460620 width=0) (actual time=11116.999..45174.850 rows=15482841 loops=1)
  Hash Cond: (ci.movie_id = t.id)
  ->  Seq Scan on cast_info ci  (cost=0.00..614943.12 rows=36225612 width=4) (actual time=0.017..13602.624 rows=36244344 loops=1)
  ->  Hash  (cost=526820.92..526820.92 rows=2056334 width=8) (actual time=11115.746..11115.746 rows=775066 loops=1)
        Buckets: 131072  Batches: 32  Memory Usage: 1945kB
        ->  Hash Join  (cost=88391.98..526820.92 rows=2056334 width=8) (actual time=3828.049..10887.983 rows=775066 loops=1)
              Hash Cond: (mi.movie_id = t.id)
              ->  Seq Scan on movie_info mi  (cost=0.00..346232.03 rows=5897221 width=4) (actual time=2263.734..6205.985 rows=5884963 loops=1)
                    Filter: (info_type_id < 7)
                    Rows Removed by Filter: 8950757
              ->  Hash  (cost=73925.90..73925.90 rows=881686 width=4) (actual time=1563.455..1563.455 rows=801513 loops=1)
                    Buckets: 131072  Batches: 16  Memory Usage: 2792kB
                    ->  Seq Scan on title t  (cost=0.00..73925.90 rows=881686 width=4) (actual time=193.266..1305.436 rows=801513 loops=1)
                          Filter: ((production_year < 2006) AND (kind_id = 7))
                          Rows Removed by Filter: 1726799
Planning time: 0.801 ms
Execution time: 46922.529 ms
