Hash Join  (cost=240171.08..408829.04 rows=3365301 width=0) (actual time=5673.121..16129.823 rows=29809720 loops=1)
  Hash Cond: (mk.movie_id = t.id)
  ->  Seq Scan on movie_keyword mk  (cost=0.00..69693.30 rows=4523930 width=4) (actual time=0.014..1415.613 rows=4523930 loops=1)
  ->  Hash  (cost=209311.29..209311.29 rows=1880943 width=8) (actual time=5672.327..5672.327 rows=1876306 loops=1)
        Buckets: 131072  Batches: 32  Memory Usage: 3357kB
        ->  Hash Join  (cost=102767.86..209311.29 rows=1880943 width=8) (actual time=1983.137..5056.437 rows=1876306 loops=1)
              Hash Cond: (mc.movie_id = t.id)
              ->  Seq Scan on movie_companies mc  (cost=0.00..51404.11 rows=1880943 width=4) (actual time=0.016..997.048 rows=1876306 loops=1)
                    Filter: (company_id < 40135)
                    Rows Removed by Filter: 732823
              ->  Hash  (cost=61283.27..61283.27 rows=2528527 width=4) (actual time=1982.311..1982.311 rows=2528312 loops=1)
                    Buckets: 131072  Batches: 64  Memory Usage: 2415kB
                    ->  Seq Scan on title t  (cost=0.00..61283.27 rows=2528527 width=4) (actual time=0.011..1155.924 rows=2528312 loops=1)
Planning time: 1.099 ms
Execution time: 19455.992 ms
