Hash Join  (cost=83462.78..599422.72 rows=3388301 width=0) (actual time=1440.510..14760.115 rows=1691697 loops=1)
  Hash Cond: (mi.movie_id = t.id)
  ->  Seq Scan on movie_info mi  (cost=0.00..309384.22 rows=14739122 width=4) (actual time=0.023..5648.530 rows=14835720 loops=1)
  ->  Hash  (cost=73925.90..73925.90 rows=581270 width=4) (actual time=1438.647..1438.647 rows=602533 loops=1)
        Buckets: 131072  Batches: 8  Memory Usage: 3675kB
        ->  Seq Scan on title t  (cost=0.00..73925.90 rows=581270 width=4) (actual time=0.020..1249.528 rows=602533 loops=1)
              Filter: ((kind_id > 1) AND (production_year > 2007))
              Rows Removed by Filter: 1925779
Planning time: 0.760 ms
Execution time: 14971.099 ms
