Hash Join  (cost=232813.96..1179282.84 rows=6400728 width=0) (actual time=7157.324..31698.738 rows=17080191 loops=1)
  Hash Cond: (ci.movie_id = t.id)
  ->  Seq Scan on cast_info ci  (cost=0.00..705507.15 rows=14937980 width=4) (actual time=1688.581..13848.525 rows=15105792 loops=1)
        Filter: (person_id > 2135030)
        Rows Removed by Filter: 21138552
  ->  Hash  (cost=215037.95..215037.95 rows=1083441 width=8) (actual time=5467.622..5467.622 rows=1494278 loops=1)
        Buckets: 131072 (originally 131072)  Batches: 32 (originally 16)  Memory Usage: 3073kB
        ->  Hash Join  (cost=80874.21..215037.95 rows=1083441 width=8) (actual time=1430.656..5017.387 rows=1494278 loops=1)
              Hash Cond: (mk.movie_id = t.id)
              ->  Seq Scan on movie_keyword mk  (cost=0.00..81003.12 rows=3387253 width=4) (actual time=0.041..1616.081 rows=3378183 loops=1)
                    Filter: (keyword_id > 1306)
                    Rows Removed by Filter: 1145747
              ->  Hash  (cost=67604.59..67604.59 rows=808770 width=4) (actual time=1429.840..1429.840 rows=812704 loops=1)
                    Buckets: 131072  Batches: 16  Memory Usage: 2819kB
                    ->  Seq Scan on title t  (cost=0.00..67604.59 rows=808770 width=4) (actual time=0.019..1162.388 rows=812704 loops=1)
                          Filter: (production_year < 1995)
                          Rows Removed by Filter: 1715608
Planning time: 1.512 ms
Execution time: 33602.389 ms
