Hash Join  (cost=102767.86..176926.79 rows=535066 width=0) (actual time=1936.649..3951.881 rows=533412 loops=1)
  Hash Cond: (mc.movie_id = t.id)
  ->  Seq Scan on movie_companies mc  (cost=0.00..51404.11 rows=535066 width=4) (actual time=0.026..834.492 rows=533412 loops=1)
        Filter: (company_id < 521)
        Rows Removed by Filter: 2075717
  ->  Hash  (cost=61283.27..61283.27 rows=2528527 width=4) (actual time=1935.330..1935.330 rows=2528312 loops=1)
        Buckets: 131072  Batches: 64  Memory Usage: 2415kB
        ->  Seq Scan on title t  (cost=0.00..61283.27 rows=2528527 width=4) (actual time=0.015..1103.364 rows=2528312 loops=1)
Planning time: 0.755 ms
Execution time: 4016.216 ms
