Hash Join  (cost=130059.46..1099438.54 rows=3081977 width=0) (actual time=2962.777..29878.868 rows=7612092 loops=1)
  Hash Cond: (ci.movie_id = t.id)
  ->  Seq Scan on cast_info ci  (cost=0.00..705507.15 rows=20024311 width=4) (actual time=0.013..16158.341 rows=20122661 loops=1)
        Filter: (role_id < 3)
        Rows Removed by Filter: 16121683
  ->  Hash  (cost=123673.83..123673.83 rows=389170 width=8) (actual time=2961.887..2961.887 rows=469277 loops=1)
        Buckets: 131072  Batches: 8  Memory Usage: 3321kB
        ->  Hash Join  (cost=79303.65..123673.83 rows=389170 width=8) (actual time=1540.852..2827.204 rows=469277 loops=1)
              Hash Cond: (mi_idx.movie_id = t.id)
              ->  Seq Scan on movie_info_idx mi_idx  (cost=0.00..21735.35 rows=1380035 width=4) (actual time=0.021..414.183 rows=1380035 loops=1)
              ->  Hash  (cost=67604.59..67604.59 rows=713045 width=4) (actual time=1540.002..1540.002 rows=707186 loops=1)
                    Buckets: 131072  Batches: 16  Memory Usage: 2578kB
                    ->  Seq Scan on title t  (cost=0.00..67604.59 rows=713045 width=4) (actual time=0.028..1312.626 rows=707186 loops=1)
                          Filter: (production_year < 1991)
                          Rows Removed by Filter: 1821126
Planning time: 1.270 ms
Execution time: 30679.669 ms
