Hash Join  (cost=102767.86..1046113.09 rows=5709911 width=0) (actual time=4642.728..26762.015 rows=11623610 loops=1)
  Hash Cond: (ci.movie_id = t.id)
  ->  Seq Scan on cast_info ci  (cost=0.00..796071.18 rows=5709911 width=4) (actual time=2835.026..14901.975 rows=11623610 loops=1)
        Filter: ((person_id < 1597240) AND (role_id < 2))
        Rows Removed by Filter: 24620734
  ->  Hash  (cost=61283.27..61283.27 rows=2528527 width=4) (actual time=1806.299..1806.299 rows=2528312 loops=1)
        Buckets: 131072  Batches: 64  Memory Usage: 2415kB
        ->  Seq Scan on title t  (cost=0.00..61283.27 rows=2528527 width=4) (actual time=0.028..1016.487 rows=2528312 loops=1)
Planning time: 7.537 ms
Execution time: 28149.931 ms
