Hash Join  (cost=933006.82..1444267.48 rows=6681119 width=0) (actual time=17676.103..29278.020 rows=7765022 loops=1)
  Hash Cond: (mi.movie_id = t.id)
  ->  Seq Scan on movie_info mi  (cost=0.00..346232.03 rows=6231111 width=4) (actual time=338.148..6332.127 rows=6223494 loops=1)
        Filter: (info_type_id > 8)
        Rows Removed by Filter: 8612226
  ->  Hash  (cost=888526.62..888526.62 rows=2711136 width=8) (actual time=17337.021..17337.021 rows=2667091 loops=1)
        Buckets: 131072  Batches: 64  Memory Usage: 2633kB
        ->  Hash Join  (cost=92883.59..888526.62 rows=2711136 width=8) (actual time=6710.238..16607.715 rows=2667091 loops=1)
              Hash Cond: (ci.movie_id = t.id)
              ->  Seq Scan on cast_info ci  (cost=0.00..705507.15 rows=4449105 width=4) (actual time=5001.878..11315.644 rows=4489537 loops=1)
                    Filter: (person_id > 3242462)
                    Rows Removed by Filter: 31754807
              ->  Hash  (cost=67604.59..67604.59 rows=1540800 width=4) (actual time=1706.363..1706.363 rows=1543264 loops=1)
                    Buckets: 131072  Batches: 32  Memory Usage: 2722kB
                    ->  Seq Scan on title t  (cost=0.00..67604.59 rows=1540800 width=4) (actual time=0.028..1215.026 rows=1543264 loops=1)
                          Filter: (kind_id = 7)
                          Rows Removed by Filter: 985048
Planning time: 1.161 ms
Execution time: 30192.568 ms
