Seq Scan on movie_companies mc  (cost=0.00..51404.11 rows=591217 width=0) (actual time=281.189..852.373 rows=598262 loops=1)
  Filter: (company_id > 68313)
  Rows Removed by Filter: 2010867
Planning time: 0.269 ms
Execution time: 928.268 ms
