Hash Join  (cost=654268.88..1880915.50 rows=22008477 width=0) (actual time=15577.284..38860.334 rows=10272919 loops=1)
  Hash Cond: (ci.movie_id = t.id)
  ->  Seq Scan on cast_info ci  (cost=0.00..796071.18 rows=12621423 width=4) (actual time=3230.592..16509.746 rows=12670688 loops=1)
        Filter: ((person_id < 4002353) AND (role_id = 1))
        Rows Removed by Filter: 23573656
  ->  Hash  (cost=581931.21..581931.21 rows=4409093 width=8) (actual time=12342.513..12342.513 rows=1388733 loops=1)
        Buckets: 131072  Batches: 64  Memory Usage: 1847kB
        ->  Hash Join  (cost=92883.59..581931.21 rows=4409093 width=8) (actual time=1736.831..11862.962 rows=1388733 loops=1)
              Hash Cond: (mi.movie_id = t.id)
              ->  Seq Scan on movie_info mi  (cost=0.00..346232.03 rows=7235534 width=4) (actual time=0.030..5874.847 rows=7286865 loops=1)
                    Filter: (info_type_id < 8)
                    Rows Removed by Filter: 7548855
              ->  Hash  (cost=67604.59..67604.59 rows=1540800 width=4) (actual time=1717.269..1717.269 rows=1543264 loops=1)
                    Buckets: 131072  Batches: 32  Memory Usage: 2728kB
                    ->  Seq Scan on title t  (cost=0.00..67604.59 rows=1540800 width=4) (actual time=0.034..1238.508 rows=1543264 loops=1)
                          Filter: (kind_id = 7)
                          Rows Removed by Filter: 985048
Planning time: 4.895 ms
Execution time: 40003.710 ms
