Hash Join  (cost=282897.73..771962.59 rows=5762173 width=0) (actual time=7363.588..20699.716 rows=20703710 loops=1)
  Hash Cond: (mi.movie_id = t.id)
  ->  Seq Scan on movie_info mi  (cost=0.00..346232.03 rows=5897221 width=4) (actual time=1110.094..5780.443 rows=5884963 loops=1)
        Filter: (info_type_id < 7)
        Rows Removed by Filter: 8950757
  ->  Hash  (cost=242363.94..242363.94 rows=2470623 width=8) (actual time=6252.242..6252.242 rows=1970380 loops=1)
        Buckets: 131072  Batches: 64  Memory Usage: 2321kB
        ->  Hash Join  (cost=90260.67..242363.94 rows=2470623 width=8) (actual time=1675.143..5693.744 rows=1970380 loops=1)
              Hash Cond: (mk.movie_id = t.id)
              ->  Seq Scan on movie_keyword mk  (cost=0.00..69693.30 rows=4523930 width=4) (actual time=0.035..1347.763 rows=4523930 loops=1)
              ->  Hash  (cost=67604.59..67604.59 rows=1380887 width=4) (actual time=1673.395..1673.395 rows=1381453 loops=1)
                    Buckets: 131072  Batches: 32  Memory Usage: 2551kB
                    ->  Seq Scan on title t  (cost=0.00..67604.59 rows=1380887 width=4) (actual time=0.020..1215.971 rows=1381453 loops=1)
                          Filter: (production_year > 2000)
                          Rows Removed by Filter: 1146859
Planning time: 1.179 ms
Execution time: 22933.028 ms
