Hash Join  (cost=156173.74..909336.85 rows=237395 width=0) (actual time=2490.480..21731.177 rows=556037 loops=1)
  Hash Cond: (ci.movie_id = t.id)
  ->  Seq Scan on cast_info ci  (cost=0.00..614943.12 rows=36225612 width=4) (actual time=0.018..8827.323 rows=36244344 loops=1)
  ->  Hash  (cost=155966.62..155966.62 rows=16570 width=8) (actual time=2490.167..2490.167 rows=38358 loops=1)
        Buckets: 65536 (originally 32768)  Batches: 1 (originally 1)  Memory Usage: 2011kB
        ->  Hash Join  (cost=69090.10..155966.62 rows=16570 width=8) (actual time=1073.762..2476.494 rows=38358 loops=1)
              Hash Cond: (mk.movie_id = t.id)
              ->  Seq Scan on movie_keyword mk  (cost=0.00..81003.12 rows=462851 width=4) (actual time=0.006..1174.721 rows=472545 loops=1)
                    Filter: (keyword_id < 359)
                    Rows Removed by Filter: 4051385
              ->  Hash  (cost=67604.59..67604.59 rows=90521 width=4) (actual time=1073.136..1073.136 rows=90852 loops=1)
                    Buckets: 131072  Batches: 2  Memory Usage: 2632kB
                    ->  Seq Scan on title t  (cost=0.00..67604.59 rows=90521 width=4) (actual time=0.013..1037.226 rows=90852 loops=1)
                          Filter: (kind_id = 2)
                          Rows Removed by Filter: 2437460
Planning time: 1.271 ms
Execution time: 21815.992 ms
