Hash Join  (cost=199404.20..1036982.60 rows=1087457 width=0) (actual time=5163.552..22413.817 rows=3216565 loops=1)
  Hash Cond: (ci.movie_id = t.id)
  ->  Seq Scan on cast_info ci  (cost=0.00..796071.18 rows=2233240 width=4) (actual time=0.033..14776.725 rows=2783588 loops=1)
        Filter: ((person_id > 1571038) AND (role_id = 3))
        Rows Removed by Filter: 33460756
  ->  Hash  (cost=179203.65..179203.65 rows=1231244 width=8) (actual time=5162.197..5162.197 rows=992855 loops=1)
        Buckets: 131072  Batches: 32  Memory Usage: 2224kB
        ->  Hash Join  (cost=87180.69..179203.65 rows=1231244 width=8) (actual time=1794.874..4425.343 rows=992855 loops=1)
              Hash Cond: (mc.movie_id = t.id)
              ->  Seq Scan on movie_companies mc  (cost=0.00..44881.29 rows=2609129 width=4) (actual time=0.014..859.095 rows=2609129 loops=1)
              ->  Hash  (cost=67604.59..67604.59 rows=1193208 width=4) (actual time=1794.006..1794.006 rows=1192518 loops=1)
                    Buckets: 131072  Batches: 16  Memory Usage: 3646kB
                    ->  Seq Scan on title t  (cost=0.00..67604.59 rows=1193208 width=4) (actual time=0.018..1406.137 rows=1192518 loops=1)
                          Filter: (production_year > 2003)
                          Rows Removed by Filter: 1335794
Planning time: 1.247 ms
Execution time: 22804.188 ms
