Hash Join  (cost=171881.32..538622.62 rows=208537 width=0) (actual time=3472.898..12030.121 rows=1219657 loops=1)
  Hash Cond: (mi.movie_id = t.id)
  ->  Seq Scan on movie_info mi  (cost=0.00..309384.22 rows=14739122 width=4) (actual time=0.011..4105.466 rows=14835720 loops=1)
  ->  Hash  (cost=171434.14..171434.14 rows=35775 width=8) (actual time=3451.276..3451.276 rows=69459 loops=1)
        Buckets: 131072 (originally 65536)  Batches: 1 (originally 1)  Memory Usage: 3738kB
        ->  Hash Join  (cost=102767.86..171434.14 rows=35775 width=8) (actual time=2774.395..3424.803 rows=69459 loops=1)
              Hash Cond: (mc.movie_id = t.id)
              ->  Seq Scan on movie_companies mc  (cost=0.00..57926.93 rows=35775 width=4) (actual time=798.271..972.252 rows=69459 loops=1)
                    Filter: ((company_id > 177173) AND (company_type_id = 2))
                    Rows Removed by Filter: 2539670
              ->  Hash  (cost=61283.27..61283.27 rows=2528527 width=4) (actual time=1974.831..1974.831 rows=2528312 loops=1)
                    Buckets: 131072  Batches: 64  Memory Usage: 2415kB
                    ->  Seq Scan on title t  (cost=0.00..61283.27 rows=2528527 width=4) (actual time=0.022..1126.251 rows=2528312 loops=1)
Planning time: 1.283 ms
Execution time: 12200.444 ms
