Hash Join  (cost=156504.13..648422.53 rows=1135148 width=0) (actual time=2946.600..15099.296 rows=2589071 loops=1)
  Hash Cond: (mi.movie_id = t.id)
  ->  Seq Scan on movie_info mi  (cost=0.00..309384.22 rows=14739122 width=4) (actual time=0.013..5593.596 rows=14835720 loops=1)
  ->  Hash  (cost=153308.91..153308.91 rows=194737 width=8) (actual time=2945.709..2945.709 rows=143989 loops=1)
        Buckets: 131072  Batches: 4  Memory Usage: 2443kB
        ->  Hash Join  (cost=83810.17..153308.91 rows=194737 width=8) (actual time=1954.815..2895.754 rows=143989 loops=1)
              Hash Cond: (mc.movie_id = t.id)
              ->  Seq Scan on movie_companies mc  (cost=0.00..57926.93 rows=498516 width=4) (actual time=346.776..903.001 rows=291989 loops=1)
                    Filter: ((company_id < 4359) AND (company_type_id > 1))
                    Rows Removed by Filter: 2317140
              ->  Hash  (cost=67604.59..67604.59 rows=987727 width=4) (actual time=1607.201..1607.201 rows=985048 loops=1)
                    Buckets: 131072  Batches: 16  Memory Usage: 3188kB
                    ->  Seq Scan on title t  (cost=0.00..67604.59 rows=987727 width=4) (actual time=0.060..1296.048 rows=985048 loops=1)
                          Filter: (kind_id < 7)
                          Rows Removed by Filter: 1543264
Planning time: 1.529 ms
Execution time: 15392.421 ms
