Hash Join  (cost=92883.59..214930.65 rows=1128847 width=0) (actual time=2652.950..4468.199 rows=285878 loops=1)
  Hash Cond: (mk.movie_id = t.id)
  ->  Seq Scan on movie_keyword mk  (cost=0.00..81003.12 rows=1852493 width=4) (actual time=0.014..1485.444 rows=1857628 loops=1)
        Filter: (keyword_id > 7438)
        Rows Removed by Filter: 2666302
  ->  Hash  (cost=67604.59..67604.59 rows=1540800 width=4) (actual time=1775.247..1775.247 rows=1543264 loops=1)
        Buckets: 131072  Batches: 32  Memory Usage: 2728kB
        ->  Seq Scan on title t  (cost=0.00..67604.59 rows=1540800 width=4) (actual time=0.020..1263.411 rows=1543264 loops=1)
              Filter: (kind_id = 7)
              Rows Removed by Filter: 985048
Planning time: 0.739 ms
Execution time: 4504.495 ms
