Hash Join  (cost=73994.33..100934.69 rows=2988 width=0) (actual time=1231.659..1834.047 rows=4878 loops=1)
  Hash Cond: (mi_idx.movie_id = t.id)
  ->  Seq Scan on movie_info_idx mi_idx  (cost=0.00..21735.35 rows=1380035 width=4) (actual time=0.021..310.900 rows=1380035 loops=1)
  ->  Hash  (cost=73925.90..73925.90 rows=5474 width=4) (actual time=1230.656..1230.656 rows=9310 loops=1)
        Buckets: 16384 (originally 8192)  Batches: 1 (originally 1)  Memory Usage: 456kB
        ->  Seq Scan on title t  (cost=0.00..73925.90 rows=5474 width=4) (actual time=0.193..1225.739 rows=9310 loops=1)
              Filter: ((kind_id > 1) AND (production_year = 1965))
              Rows Removed by Filter: 2519002
Planning time: 0.722 ms
Execution time: 1834.949 ms
