Hash Join  (cost=915087.90..1048843.05 rows=964611 width=0) (actual time=13404.671..17627.121 rows=4001942 loops=1)
  Hash Cond: (mk.movie_id = t.id)
  ->  Seq Scan on movie_keyword mk  (cost=0.00..69693.30 rows=4523930 width=4) (actual time=0.012..1405.951 rows=4523930 loops=1)
  ->  Hash  (cost=906241.61..906241.61 rows=539143 width=8) (actual time=13403.775..13403.775 rows=258753 loops=1)
        Buckets: 131072  Batches: 8  Memory Usage: 2302kB
        ->  Hash Join  (cost=78556.72..906241.61 rows=539143 width=8) (actual time=1647.499..13323.310 rows=258753 loops=1)
              Hash Cond: (ci.movie_id = t.id)
              ->  Seq Scan on cast_info ci  (cost=0.00..796071.18 rows=2042208 width=4) (actual time=403.407..11480.159 rows=854488 loops=1)
                    Filter: ((person_id < 296236) AND (role_id > 1))
                    Rows Removed by Filter: 35389856
              ->  Hash  (cost=67604.59..67604.59 rows=667531 width=4) (actual time=1242.924..1242.924 rows=662825 loops=1)
                    Buckets: 131072  Batches: 16  Memory Usage: 2476kB
                    ->  Seq Scan on title t  (cost=0.00..67604.59 rows=667531 width=4) (actual time=220.720..1045.962 rows=662825 loops=1)
                          Filter: (kind_id = 1)
                          Rows Removed by Filter: 1865487
Planning time: 1.261 ms
Execution time: 18111.817 ms
