Seq Scan on movie_keyword mk  (cost=0.00..81003.12 rows=1009874 width=0) (actual time=0.025..1277.285 rows=1016519 loops=1)
  Filter: (keyword_id > 17747)
  Rows Removed by Filter: 3507411
Planning time: 0.302 ms
Execution time: 1402.413 ms
