Hash Join  (cost=248203.99..729550.39 rows=4272892 width=0) (actual time=4878.817..15098.167 rows=2584732 loops=1)
  Hash Cond: (mi.movie_id = t.id)
  ->  Seq Scan on movie_info mi  (cost=0.00..346232.03 rows=7503588 width=4) (actual time=0.013..6360.230 rows=7548855 loops=1)
        Filter: (info_type_id > 7)
        Rows Removed by Filter: 7286865
  ->  Hash  (cost=224580.73..224580.73 rows=1439861 width=8) (actual time=4760.503..4760.503 rows=357567 loops=1)
        Buckets: 131072  Batches: 32  Memory Usage: 1463kB
        ->  Hash Join  (cost=92883.59..224580.73 rows=1439861 width=8) (actual time=1760.961..4648.692 rows=357567 loops=1)
              Hash Cond: (mk.movie_id = t.id)
              ->  Seq Scan on movie_keyword mk  (cost=0.00..81003.12 rows=2362881 width=4) (actual time=0.029..1511.970 rows=2359047 loops=1)
                    Filter: (keyword_id > 4164)
                    Rows Removed by Filter: 2164883
              ->  Hash  (cost=67604.59..67604.59 rows=1540800 width=4) (actual time=1760.003..1760.003 rows=1543264 loops=1)
                    Buckets: 131072  Batches: 32  Memory Usage: 2728kB
                    ->  Seq Scan on title t  (cost=0.00..67604.59 rows=1540800 width=4) (actual time=0.010..1244.903 rows=1543264 loops=1)
                          Filter: (kind_id = 7)
                          Rows Removed by Filter: 985048
Planning time: 1.225 ms
Execution time: 15363.225 ms
