Hash Join  (cost=162406.77..967334.61 rows=885665 width=0) (actual time=3013.032..20278.040 rows=1178251 loops=1)
  Hash Cond: (ci.movie_id = t.id)
  ->  Seq Scan on cast_info ci  (cost=0.00..614943.12 rows=36225612 width=4) (actual time=0.017..8375.943 rows=36244344 loops=1)
  ->  Hash  (cost=161634.03..161634.03 rows=61819 width=8) (actual time=3011.795..3011.795 rows=40706 loops=1)
        Buckets: 65536  Batches: 1  Memory Usage: 2103kB
        ->  Hash Join  (cost=74357.80..161634.03 rows=61819 width=8) (actual time=1171.429..2997.621 rows=40706 loops=1)
              Hash Cond: (mk.movie_id = t.id)
              ->  Seq Scan on movie_keyword mk  (cost=0.00..69693.30 rows=4523930 width=4) (actual time=0.018..949.903 rows=4523930 loops=1)
              ->  Hash  (cost=73925.90..73925.90 rows=34552 width=4) (actual time=1170.406..1170.406 rows=39508 loops=1)
                    Buckets: 65536  Batches: 1  Memory Usage: 1901kB
                    ->  Seq Scan on title t  (cost=0.00..73925.90 rows=34552 width=4) (actual time=0.015..1153.738 rows=39508 loops=1)
                          Filter: ((kind_id > 1) AND (production_year = 1998))
                          Rows Removed by Filter: 2488804
Planning time: 1.172 ms
Execution time: 20424.815 ms
