Hash Join  (cost=309160.98..1761555.18 rows=28013826 width=0) (actual time=6507.363..42068.225 rows=14935725 loops=1)
  Hash Cond: (ci.movie_id = t.id)
  ->  Seq Scan on cast_info ci  (cost=0.00..796071.18 rows=25993875 width=4) (actual time=0.026..19076.389 rows=28071555 loops=1)
        Filter: ((person_id < 3008858) AND (role_id < 10))
        Rows Removed by Filter: 8172789
  ->  Hash  (cost=264453.28..264453.28 rows=2725016 width=8) (actual time=6506.119..6506.119 rows=634458 loops=1)
        Buckets: 131072  Batches: 64  Memory Usage: 1395kB
        ->  Hash Join  (cost=92883.59..264453.28 rows=2725016 width=8) (actual time=3672.821..6325.261 rows=634458 loops=1)
              Hash Cond: (mk.movie_id = t.id)
              ->  Seq Scan on movie_keyword mk  (cost=0.00..81003.12 rows=4471882 width=4) (actual time=0.020..1927.229 rows=4475978 loops=1)
                    Filter: (keyword_id > 47)
                    Rows Removed by Filter: 47952
              ->  Hash  (cost=67604.59..67604.59 rows=1540800 width=4) (actual time=1796.758..1796.758 rows=1543264 loops=1)
                    Buckets: 131072  Batches: 32  Memory Usage: 2728kB
                    ->  Seq Scan on title t  (cost=0.00..67604.59 rows=1540800 width=4) (actual time=75.925..1286.730 rows=1543264 loops=1)
                          Filter: (kind_id = 7)
                          Rows Removed by Filter: 985048
Planning time: 1.176 ms
Execution time: 43559.851 ms
