Seq Scan on cast_info ci  (cost=0.00..796071.18 rows=6629162 width=0) (actual time=12330.980..13009.383 rows=246198 loops=1)
  Filter: ((person_id > 1702958) AND (role_id < 2))
  Rows Removed by Filter: 35998146
Planning time: 0.413 ms
Execution time: 13039.898 ms
