Hash Join  (cost=102767.86..1069811.11 rows=10458468 width=0) (actual time=2998.189..23323.230 rows=10283329 loops=1)
  Hash Cond: (ci.movie_id = t.id)
  ->  Seq Scan on cast_info ci  (cost=0.00..705507.15 rows=10458468 width=4) (actual time=8.250..12777.418 rows=10283329 loops=1)
        Filter: (person_id < 1011216)
        Rows Removed by Filter: 25961015
  ->  Hash  (cost=61283.27..61283.27 rows=2528527 width=4) (actual time=1902.724..1902.724 rows=2528312 loops=1)
        Buckets: 131072  Batches: 64  Memory Usage: 2415kB
        ->  Seq Scan on title t  (cost=0.00..61283.27 rows=2528527 width=4) (actual time=0.019..1063.833 rows=2528312 loops=1)
Planning time: 0.758 ms
Execution time: 24519.928 ms
