Seq Scan on movie_keyword mk  (cost=0.00..81003.12 rows=587262 width=0) (actual time=0.015..1127.814 rows=585956 loops=1)
  Filter: (keyword_id > 31307)
  Rows Removed by Filter: 3937974
Planning time: 0.325 ms
Execution time: 1192.251 ms
