Nested Loop  (cost=0.43..83072.29 rows=96 width=0) (actual time=1.016..1257.244 rows=1097 loops=1)
  ->  Seq Scan on movie_keyword mk  (cost=0.00..81003.12 rows=246 width=4) (actual time=0.965..1206.597 rows=1201 loops=1)
        Filter: (keyword_id = 1417)
        Rows Removed by Filter: 4522729
  ->  Index Scan using title_pkey on title t  (cost=0.43..8.40 rows=1 width=4) (actual time=0.041..0.041 rows=1 loops=1201)
        Index Cond: (id = mk.movie_id)
        Filter: (kind_id < 7)
        Rows Removed by Filter: 0
Planning time: 0.782 ms
Execution time: 1257.765 ms
