Nested Loop  (cost=32749.09..740344.19 rows=36 width=0) (actual time=9821.719..11586.532 rows=37 loops=1)
  Join Filter: (ci.movie_id = t.id)
  ->  Hash Join  (cost=32748.66..740150.58 rows=227 width=8) (actual time=9821.618..11584.919 rows=38 loops=1)
        Hash Cond: (ci.movie_id = mi_idx.movie_id)
        ->  Seq Scan on cast_info ci  (cost=0.00..705507.15 rows=500 width=4) (actual time=9199.860..10891.394 rows=68 loops=1)
              Filter: (person_id = 52789)
              Rows Removed by Filter: 36244276
        ->  Hash  (cost=25185.44..25185.44 rows=460978 width=4) (actual time=620.697..620.697 rows=459925 loops=1)
              Buckets: 131072  Batches: 8  Memory Usage: 3050kB
              ->  Seq Scan on movie_info_idx mi_idx  (cost=0.00..25185.44 rows=460978 width=4) (actual time=0.029..482.128 rows=459925 loops=1)
                    Filter: (info_type_id < 100)
                    Rows Removed by Filter: 920110
  ->  Index Scan using title_pkey on title t  (cost=0.43..0.84 rows=1 width=4) (actual time=0.039..0.039 rows=1 loops=38)
        Index Cond: (id = mi_idx.movie_id)
        Filter: (kind_id < 7)
        Rows Removed by Filter: 0
Planning time: 1.207 ms
Execution time: 11586.683 ms
