Seq Scan on movie_keyword mk  (cost=0.00..81003.12 rows=1582332 width=0) (actual time=0.023..1529.789 rows=1587785 loops=1)
  Filter: (keyword_id < 2436)
  Rows Removed by Filter: 2936145
Planning time: 0.306 ms
Execution time: 1734.086 ms
