Hash Join  (cost=201812.48..716740.82 rows=3291644 width=0) (actual time=4817.638..38992.267 rows=92617599 loops=1)
  Hash Cond: (mi.movie_id = t.id)
  ->  Seq Scan on movie_info mi  (cost=0.00..309384.22 rows=14739122 width=4) (actual time=0.020..6478.733 rows=14835720 loops=1)
  ->  Hash  (cost=192547.88..192547.88 rows=564688 width=8) (actual time=4816.450..4816.450 rows=1352961 loops=1)
        Buckets: 131072 (originally 131072)  Batches: 32 (originally 8)  Memory Usage: 3073kB
        ->  Hash Join  (cost=78556.72..192547.88 rows=564688 width=8) (actual time=1726.700..4412.899 rows=1352961 loops=1)
              Hash Cond: (mk.movie_id = t.id)
              ->  Seq Scan on movie_keyword mk  (cost=0.00..81003.12 rows=2138972 width=4) (actual time=0.014..1584.888 rows=2143383 loops=1)
                    Filter: (keyword_id < 4015)
                    Rows Removed by Filter: 2380547
              ->  Hash  (cost=67604.59..67604.59 rows=667531 width=4) (actual time=1416.545..1416.545 rows=662825 loops=1)
                    Buckets: 131072  Batches: 16  Memory Usage: 2486kB
                    ->  Seq Scan on title t  (cost=0.00..67604.59 rows=667531 width=4) (actual time=317.319..1209.681 rows=662825 loops=1)
                          Filter: (kind_id = 1)
                          Rows Removed by Filter: 1865487
Planning time: 1.101 ms
Execution time: 49244.688 ms
