Seq Scan on movie_info mi  (cost=0.00..346232.03 rows=17937 width=0) (actual time=1063.213..4909.517 rows=5162 loops=1)
  Filter: (info_type_id = 92)
  Rows Removed by Filter: 14830558
Planning time: 0.364 ms
Execution time: 4910.405 ms
