Seq Scan on movie_keyword mk  (cost=0.00..81003.12 rows=2061807 width=0) (actual time=0.011..1463.392 rows=2079760 loops=1)
  Filter: (keyword_id < 3679)
  Rows Removed by Filter: 2444170
Planning time: 0.320 ms
Execution time: 1711.589 ms
