Nested Loop  (cost=0.43..58375.18 rows=53 width=0) (actual time=582.977..921.636 rows=75 loops=1)
  ->  Seq Scan on movie_companies mc  (cost=0.00..57926.93 rows=53 width=4) (actual time=582.869..919.602 rows=75 loops=1)
        Filter: ((company_type_id > 1) AND (company_id = 21502))
        Rows Removed by Filter: 2609054
  ->  Index Only Scan using title_pkey on title t  (cost=0.43..8.45 rows=1 width=4) (actual time=0.025..0.025 rows=1 loops=75)
        Index Cond: (id = mc.movie_id)
        Heap Fetches: 75
Planning time: 1.452 ms
Execution time: 921.734 ms
