Hash Join  (cost=153681.68..675086.51 rows=1317873 width=0) (actual time=3298.140..17288.115 rows=2481567 loops=1)
  Hash Cond: (mi.movie_id = t.id)
  ->  Seq Scan on movie_info mi  (cost=0.00..346232.03 rows=13929354 width=4) (actual time=0.020..7524.919 rows=14033580 loops=1)
        Filter: (info_type_id > 1)
        Rows Removed by Filter: 802140
  ->  Hash  (cost=149756.34..149756.34 rows=239227 width=8) (actual time=3297.308..3297.308 rows=168163 loops=1)
        Buckets: 131072  Batches: 4  Memory Usage: 2689kB
        ->  Hash Join  (cost=71408.55..149756.34 rows=239227 width=8) (actual time=1113.552..3243.044 rows=168163 loops=1)
              Hash Cond: (mc.movie_id = t.id)
              ->  Seq Scan on movie_companies mc  (cost=0.00..44881.29 rows=2609129 width=4) (actual time=0.015..915.229 rows=2609129 loops=1)
              ->  Hash  (cost=67604.59..67604.59 rows=231837 width=4) (actual time=1112.517..1112.517 rows=231649 loops=1)
                    Buckets: 131072  Batches: 4  Memory Usage: 3076kB
                    ->  Seq Scan on title t  (cost=0.00..67604.59 rows=231837 width=4) (actual time=0.018..1034.452 rows=231649 loops=1)
                          Filter: (production_year > 2011)
                          Rows Removed by Filter: 2296663
Planning time: 1.141 ms
Execution time: 17597.211 ms
