Seq Scan on cast_info ci  (cost=0.00..705507.15 rows=30054179 width=0) (actual time=0.018..13792.556 rows=30003188 loops=1)
  Filter: (person_id < 3027235)
  Rows Removed by Filter: 6241156
Planning time: 0.320 ms
Execution time: 17479.931 ms
