Seq Scan on cast_info ci  (cost=0.00..705507.15 rows=29943642 width=0) (actual time=0.018..13723.094 rows=29882447 loops=1)
  Filter: (person_id < 3017687)
  Rows Removed by Filter: 6361897
Planning time: 0.358 ms
Execution time: 17459.780 ms
