Hash Join  (cost=73962.22..160672.23 rows=5197 width=0) (actual time=1147.747..2963.066 rows=31540 loops=1)
  Hash Cond: (mk.movie_id = t.id)
  ->  Seq Scan on movie_keyword mk  (cost=0.00..69693.30 rows=4523930 width=4) (actual time=0.018..1007.699 rows=4523930 loops=1)
  ->  Hash  (cost=73925.90..73925.90 rows=2905 width=4) (actual time=1147.094..1147.094 rows=5878 loops=1)
        Buckets: 8192 (originally 4096)  Batches: 1 (originally 1)  Memory Usage: 271kB
        ->  Seq Scan on title t  (cost=0.00..73925.90 rows=2905 width=4) (actual time=1.597..1144.225 rows=5878 loops=1)
              Filter: ((kind_id < 7) AND (production_year = 1973))
              Rows Removed by Filter: 2522434
Planning time: 0.726 ms
Execution time: 2967.361 ms
