Hash Join  (cost=102767.86..273162.23 rows=3304446 width=0) (actual time=2015.750..6544.546 rows=3295557 loops=1)
  Hash Cond: (mk.movie_id = t.id)
  ->  Seq Scan on movie_keyword mk  (cost=0.00..81003.12 rows=3304446 width=4) (actual time=0.021..1779.444 rows=3295557 loops=1)
        Filter: (keyword_id > 1556)
        Rows Removed by Filter: 1228373
  ->  Hash  (cost=61283.27..61283.27 rows=2528527 width=4) (actual time=2014.680..2014.680 rows=2528312 loops=1)
        Buckets: 131072  Batches: 64  Memory Usage: 2425kB
        ->  Seq Scan on title t  (cost=0.00..61283.27 rows=2528527 width=4) (actual time=0.021..1138.915 rows=2528312 loops=1)
Planning time: 0.766 ms
Execution time: 6856.183 ms
