Hash Join  (cost=102767.86..1679142.30 rows=35781372 width=0) (actual time=1971.845..50324.943 rows=35777844 loops=1)
  Hash Cond: (ci.movie_id = t.id)
  ->  Seq Scan on cast_info ci  (cost=0.00..705507.15 rows=35781372 width=4) (actual time=0.019..17437.903 rows=35777844 loops=1)
        Filter: (person_id < 3972751)
        Rows Removed by Filter: 466500
  ->  Hash  (cost=61283.27..61283.27 rows=2528527 width=4) (actual time=1970.813..1970.813 rows=2528312 loops=1)
        Buckets: 131072  Batches: 64  Memory Usage: 2415kB
        ->  Seq Scan on title t  (cost=0.00..61283.27 rows=2528527 width=4) (actual time=0.010..1144.983 rows=2528312 loops=1)
Planning time: 0.751 ms
Execution time: 54130.678 ms
