Hash Join  (cost=114139.44..169388.30 rows=58333 width=0) (actual time=6272.362..10950.175 rows=584632 loops=1)
  Hash Cond: (mc.movie_id = t.id)
  ->  Seq Scan on movie_companies mc  (cost=0.00..44881.29 rows=2609129 width=4) (actual time=0.028..2831.541 rows=2609129 loops=1)
  ->  Hash  (cost=113432.81..113432.81 rows=56531 width=8) (actual time=6271.931..6271.931 rows=162196 loops=1)
        Buckets: 131072 (originally 65536)  Batches: 4 (originally 1)  Memory Usage: 3073kB
        ->  Hash Join  (cost=76489.43..113432.81 rows=56531 width=8) (actual time=3991.699..6208.216 rows=162196 loops=1)
              Hash Cond: (mi_idx.movie_id = t.id)
              ->  Seq Scan on movie_info_idx mi_idx  (cost=0.00..25185.44 rows=915101 width=4) (actual time=0.022..1543.414 rows=919850 loops=1)
                    Filter: (info_type_id < 101)
                    Rows Removed by Filter: 460185
              ->  Hash  (cost=73925.90..73925.90 rows=156202 width=4) (actual time=3990.850..3990.850 rows=291648 loops=1)
                    Buckets: 131072  Batches: 4  Memory Usage: 3589kB
                    ->  Seq Scan on title t  (cost=0.00..73925.90 rows=156202 width=4) (actual time=0.038..3308.972 rows=291648 loops=1)
                          Filter: ((kind_id < 2) AND (production_year < 1985))
                          Rows Removed by Filter: 2236664
Planning time: 5.002 ms
Execution time: 11049.859 ms
