Hash Join  (cost=238654.22..807261.22 rows=6595718 width=0) (actual time=5126.749..18883.177 rows=5112498 loops=1)
  Hash Cond: (mi.movie_id = t.id)
  ->  Seq Scan on movie_info mi  (cost=0.00..309384.22 rows=14739122 width=4) (actual time=0.011..6028.777 rows=14835720 loops=1)
  ->  Hash  (cost=220090.36..220090.36 rows=1131509 width=8) (actual time=5125.446..5125.446 rows=435432 loops=1)
        Buckets: 131072  Batches: 16  Memory Usage: 2122kB
        ->  Hash Join  (cost=84302.23..220090.36 rows=1131509 width=8) (actual time=1480.420..4992.663 rows=435432 loops=1)
              Hash Cond: (mk.movie_id = t.id)
              ->  Seq Scan on movie_keyword mk  (cost=0.00..69693.30 rows=4523930 width=4) (actual time=0.013..1404.909 rows=4523930 loops=1)
              ->  Hash  (cost=73925.90..73925.90 rows=632426 width=4) (actual time=1478.420..1478.420 rows=674499 loops=1)
                    Buckets: 131072  Batches: 16  Memory Usage: 2515kB
                    ->  Seq Scan on title t  (cost=0.00..73925.90 rows=632426 width=4) (actual time=0.016..1254.879 rows=674499 loops=1)
                          Filter: ((kind_id > 2) AND (production_year > 2006))
                          Rows Removed by Filter: 1853813
Planning time: 1.179 ms
Execution time: 19418.556 ms
