Hash Join  (cost=709679.06..1074362.56 rows=2757 width=0) (actual time=40240.547..47057.111 rows=179 loops=1)
  Hash Cond: (mi.movie_id = t.id)
  ->  Seq Scan on movie_info mi  (cost=0.00..309384.22 rows=14739122 width=4) (actual time=0.012..14342.318 rows=14835720 loops=1)
  ->  Hash  (cost=709673.15..709673.15 rows=473 width=8) (actual time=29375.997..29375.997 rows=179 loops=1)
        Buckets: 1024  Batches: 1  Memory Usage: 15kB
        ->  Nested Loop  (cost=0.43..709673.15 rows=473 width=8) (actual time=26863.223..29375.868 rows=179 loops=1)
              ->  Seq Scan on cast_info ci  (cost=0.00..705507.15 rows=500 width=4) (actual time=26863.090..29331.891 rows=179 loops=1)
                    Filter: (person_id = 3726512)
                    Rows Removed by Filter: 36244165
              ->  Index Scan using title_pkey on title t  (cost=0.43..8.32 rows=1 width=4) (actual time=0.244..0.244 rows=1 loops=179)
                    Index Cond: (id = ci.movie_id)
                    Filter: (production_year < 2013)
Planning time: 1.104 ms
Execution time: 47057.252 ms
