Seq Scan on cast_info ci  (cost=0.00..796071.18 rows=10147287 width=0) (actual time=0.022..14633.100 rows=7329949 loops=1)
  Filter: ((person_id > 1754734) AND (role_id < 3))
  Rows Removed by Filter: 28914395
Planning time: 0.397 ms
Execution time: 15525.086 ms
