Hash Join  (cost=159641.87..522327.68 rows=49827 width=0) (actual time=14965.172..23816.065 rows=96014 loops=1)
  Hash Cond: (mi.movie_id = t.id)
  ->  Seq Scan on movie_info mi  (cost=0.00..346232.03 rows=1348138 width=4) (actual time=4889.108..14136.759 rows=1298989 loops=1)
        Filter: (info_type_id = 4)
        Rows Removed by Filter: 13536731
  ->  Hash  (cost=158107.70..158107.70 rows=93454 width=8) (actual time=8873.394..8873.394 rows=90368 loops=1)
        Buckets: 131072  Batches: 2  Memory Usage: 2806kB
        ->  Hash Join  (cost=97066.09..158107.70 rows=93454 width=8) (actual time=6427.737..8836.648 rows=90368 loops=1)
              Hash Cond: (mc.movie_id = t.id)
              ->  Seq Scan on movie_companies mc  (cost=0.00..51404.11 rows=131591 width=4) (actual time=581.857..2269.329 rows=130790 loops=1)
                    Filter: (company_id > 140871)
                    Rows Removed by Filter: 2478339
              ->  Hash  (cost=67604.59..67604.59 rows=1795720 width=4) (actual time=5844.360..5844.360 rows=1794153 loops=1)
                    Buckets: 131072  Batches: 32  Memory Usage: 2992kB
                    ->  Seq Scan on title t  (cost=0.00..67604.59 rows=1795720 width=4) (actual time=0.025..5018.073 rows=1794153 loops=1)
                          Filter: (production_year < 2009)
                          Rows Removed by Filter: 734159
Planning time: 1.167 ms
Execution time: 23829.018 ms
