Seq Scan on movie_keyword mk  (cost=0.00..81003.12 rows=246 width=0) (actual time=3.790..1277.776 rows=2994 loops=1)
  Filter: (keyword_id = 7663)
  Rows Removed by Filter: 4520936
Planning time: 0.352 ms
Execution time: 1278.663 ms
