Hash Join  (cost=95361.69..1321454.20 rows=18718534 width=0) (actual time=5841.605..81456.247 rows=20907474 loops=1)
  Hash Cond: (ci.movie_id = t.id)
  ->  Seq Scan on cast_info ci  (cost=0.00..614943.12 rows=36225612 width=4) (actual time=0.014..44843.763 rows=36244344 loops=1)
  ->  Hash  (cost=73925.90..73925.90 rows=1306543 width=4) (actual time=5840.731..5840.731 rows=1431326 loops=1)
        Buckets: 131072  Batches: 32  Memory Usage: 2606kB
        ->  Seq Scan on title t  (cost=0.00..73925.90 rows=1306543 width=4) (actual time=0.012..4694.117 rows=1431326 loops=1)
              Filter: ((kind_id > 1) AND (production_year > 1989))
              Rows Removed by Filter: 1096986
Planning time: 0.691 ms
Execution time: 84101.089 ms
