Hash Join  (cost=206868.63..348420.33 rows=1604567 width=0) (actual time=10355.705..20937.409 rows=25653413 loops=1)
  Hash Cond: (mk.movie_id = t.id)
  ->  Seq Scan on movie_keyword mk  (cost=0.00..69693.30 rows=4523930 width=4) (actual time=0.013..3031.656 rows=4523930 loops=1)
  ->  Hash  (cost=192154.26..192154.26 rows=896829 width=8) (actual time=10354.865..10354.865 rows=1207278 loops=1)
        Buckets: 131072  Batches: 16  Memory Usage: 4022kB
        ->  Hash Join  (cost=102767.86..192154.26 rows=896829 width=8) (actual time=5306.677..9997.015 rows=1207278 loops=1)
              Hash Cond: (mc.movie_id = t.id)
              ->  Seq Scan on movie_companies mc  (cost=0.00..57926.93 rows=896829 width=4) (actual time=417.571..3420.712 rows=1207278 loops=1)
                    Filter: ((company_id < 31924) AND (company_type_id < 2))
                    Rows Removed by Filter: 1401851
              ->  Hash  (cost=61283.27..61283.27 rows=2528527 width=4) (actual time=4887.795..4887.795 rows=2528312 loops=1)
                    Buckets: 131072  Batches: 64  Memory Usage: 2415kB
                    ->  Seq Scan on title t  (cost=0.00..61283.27 rows=2528527 width=4) (actual time=0.015..3665.926 rows=2528312 loops=1)
Planning time: 1.318 ms
Execution time: 23671.687 ms
