Hash Join  (cost=452201.99..532278.28 rows=364577 width=0) (actual time=18255.566..24193.431 rows=2929966 loops=1)
  Hash Cond: (mc.movie_id = t.id)
  ->  Seq Scan on movie_companies mc  (cost=0.00..44881.29 rows=2609129 width=4) (actual time=0.015..2532.599 rows=2609129 loops=1)
  ->  Hash  (cost=446404.56..446404.56 rows=353314 width=8) (actual time=18254.188..18254.188 rows=1011249 loops=1)
        Buckets: 131072 (originally 131072)  Batches: 16 (originally 8)  Memory Usage: 3488kB
        ->  Hash Join  (cost=78556.72..446404.56 rows=353314 width=8) (actual time=10128.227..17933.080 rows=1011249 loops=1)
              Hash Cond: (mi.movie_id = t.id)
              ->  Seq Scan on movie_info mi  (cost=0.00..346232.03 rows=1338312 width=4) (actual time=6233.255..11729.734 rows=1401902 loops=1)
                    Filter: (info_type_id = 7)
                    Rows Removed by Filter: 13433818
              ->  Hash  (cost=67604.59..67604.59 rows=667531 width=4) (actual time=3893.904..3893.904 rows=662834 loops=1)
                    Buckets: 131072  Batches: 16  Memory Usage: 2485kB
                    ->  Seq Scan on title t  (cost=0.00..67604.59 rows=667531 width=4) (actual time=0.032..3613.441 rows=662834 loops=1)
                          Filter: (production_year < 1989)
                          Rows Removed by Filter: 1865478
Planning time: 1.246 ms
Execution time: 24648.941 ms
