Hash Join  (cost=70241.71..141078.17 rows=63999 width=0) (actual time=3839.639..7752.164 rows=62078 loops=1)
  Hash Cond: (mc.movie_id = t.id)
  ->  Seq Scan on movie_companies mc  (cost=0.00..57926.93 rows=1006808 width=4) (actual time=0.016..3263.275 rows=1159585 loops=1)
        Filter: ((company_id > 817) AND (company_type_id = 2))
        Rows Removed by Filter: 1449544
  ->  Hash  (cost=67604.59..67604.59 rows=160730 width=4) (actual time=3838.705..3838.705 rows=160017 loops=1)
        Buckets: 131072  Batches: 4  Memory Usage: 2436kB
        ->  Seq Scan on title t  (cost=0.00..67604.59 rows=160730 width=4) (actual time=0.017..3477.419 rows=160017 loops=1)
              Filter: (production_year = 2011)
              Rows Removed by Filter: 2368295
Planning time: 0.731 ms
Execution time: 7761.312 ms
