Hash Join  (cost=87428.23..832499.72 rows=798429 width=0) (actual time=1483.621..15016.105 rows=701344 loops=1)
  Hash Cond: (ci.movie_id = t.id)
  ->  Seq Scan on cast_info ci  (cost=0.00..705507.15 rows=2453080 width=4) (actual time=0.015..12075.782 rows=2392054 loops=1)
        Filter: (person_id < 232890)
        Rows Removed by Filter: 33852290
  ->  Hash  (cost=73925.90..73925.90 rows=822986 width=4) (actual time=1482.600..1482.600 rows=738761 loops=1)
        Buckets: 131072  Batches: 16  Memory Usage: 2648kB
        ->  Seq Scan on title t  (cost=0.00..73925.90 rows=822986 width=4) (actual time=0.019..1244.599 rows=738761 loops=1)
              Filter: ((production_year < 2005) AND (kind_id = 7))
              Rows Removed by Filter: 1789551
Planning time: 0.757 ms
Execution time: 15101.957 ms
