Hash Join  (cost=244997.18..1421504.78 rows=14104191 width=0) (actual time=17130.018..94375.817 rows=45699339 loops=1)
  Hash Cond: (ci.movie_id = t.id)
  ->  Seq Scan on cast_info ci  (cost=0.00..705507.15 rows=28108145 width=4) (actual time=4058.101..49373.432 rows=28253992 loops=1)
        Filter: (person_id > 781248)
        Rows Removed by Filter: 7990352
  ->  Hash  (cost=224180.53..224180.53 rows=1268772 width=8) (actual time=13070.485..13070.485 rows=1277276 loops=1)
        Buckets: 131072  Batches: 32  Memory Usage: 2574kB
        ->  Hash Join  (cost=102767.86..224180.53 rows=1268772 width=8) (actual time=6191.036..12630.664 rows=1277276 loops=1)
              Hash Cond: (mk.movie_id = t.id)
              ->  Seq Scan on movie_keyword mk  (cost=0.00..81003.12 rows=1268772 width=4) (actual time=0.040..4515.561 rows=1277276 loops=1)
                    Filter: (keyword_id > 13886)
                    Rows Removed by Filter: 3246654
              ->  Hash  (cost=61283.27..61283.27 rows=2528527 width=4) (actual time=6177.206..6177.206 rows=2528312 loops=1)
                    Buckets: 131072  Batches: 64  Memory Usage: 2425kB
                    ->  Seq Scan on title t  (cost=0.00..61283.27 rows=2528527 width=4) (actual time=0.025..4521.631 rows=2528312 loops=1)
Planning time: 3.313 ms
Execution time: 100116.218 ms
