Seq Scan on movie_keyword mk  (cost=0.00..81003.12 rows=4514396 width=0) (actual time=0.015..4343.505 rows=4516461 loops=1)
  Filter: (keyword_id < 127305)
  Rows Removed by Filter: 7469
Planning time: 0.312 ms
Execution time: 5058.971 ms
