Hash Join  (cost=1145614.14..1977591.20 rows=26098553 width=0) (actual time=58101.890..96352.228 rows=18688991 loops=1)
  Hash Cond: (mi.movie_id = t.id)
  ->  Seq Scan on movie_info mi  (cost=0.00..309384.22 rows=14739122 width=4) (actual time=0.010..20976.730 rows=14835720 loops=1)
  ->  Hash  (cost=1072158.37..1072158.37 rows=4477261 width=8) (actual time=57880.677..57880.677 rows=3253395 loops=1)
        Buckets: 131072  Batches: 64  Memory Usage: 3031kB
        ->  Hash Join  (cost=89472.60..1072158.37 rows=4477261 width=8) (actual time=24380.457..56687.028 rows=3253395 loops=1)
              Hash Cond: (ci.movie_id = t.id)
              ->  Seq Scan on cast_info ci  (cost=0.00..796071.18 rows=11947194 width=4) (actual time=20136.931..44182.550 rows=11323133 loops=1)
                    Filter: ((person_id < 3910078) AND (role_id > 3))
                    Rows Removed by Filter: 24921211
              ->  Hash  (cost=73925.90..73925.90 rows=947576 width=4) (actual time=4242.190..4242.190 rows=876037 loops=1)
                    Buckets: 131072  Batches: 16  Memory Usage: 2949kB
                    ->  Seq Scan on title t  (cost=0.00..73925.90 rows=947576 width=4) (actual time=0.027..3886.541 rows=876037 loops=1)
                          Filter: ((production_year < 2007) AND (kind_id = 7))
                          Rows Removed by Filter: 1652275
Planning time: 1.196 ms
Execution time: 98722.418 ms
