Hash Join  (cost=197346.41..664833.20 rows=716623 width=0) (actual time=10001.338..34302.877 rows=2500860 loops=1)
  Hash Cond: (mi.movie_id = t.id)
  ->  Seq Scan on movie_info mi  (cost=0.00..346232.03 rows=8841901 width=4) (actual time=0.018..19272.293 rows=8950757 loops=1)
        Filter: (info_type_id > 6)
        Rows Removed by Filter: 5884963
  ->  Hash  (cost=193983.74..193983.74 rows=204934 width=8) (actual time=9551.455..9551.455 rows=472540 loops=1)
        Buckets: 131072 (originally 131072)  Batches: 8 (originally 4)  Memory Usage: 3338kB
        ->  Hash Join  (cost=69484.36..193983.74 rows=204934 width=8) (actual time=3230.253..9380.350 rows=472540 loops=1)
              Hash Cond: (mk.movie_id = t.id)
              ->  Seq Scan on movie_keyword mk  (cost=0.00..69693.30 rows=4523930 width=4) (actual time=0.014..4346.943 rows=4523930 loops=1)
              ->  Hash  (cost=67604.59..67604.59 rows=114542 width=4) (actual time=3229.584..3229.584 rows=118234 loops=1)
                    Buckets: 131072  Batches: 2  Memory Usage: 3107kB
                    ->  Seq Scan on title t  (cost=0.00..67604.59 rows=114542 width=4) (actual time=1118.260..3166.969 rows=118234 loops=1)
                          Filter: (kind_id = 4)
                          Rows Removed by Filter: 2410078
Planning time: 1.087 ms
Execution time: 34617.937 ms
