Hash Join  (cost=70965.72..1134912.68 rows=2934279 width=0) (actual time=3329.791..68414.585 rows=1956494 loops=1)
  Hash Cond: (ci.movie_id = t.id)
  ->  Seq Scan on cast_info ci  (cost=0.00..614943.12 rows=36225612 width=4) (actual time=0.018..45095.841 rows=36244344 loops=1)
  ->  Hash  (cost=67604.59..67604.59 rows=204811 width=4) (actual time=3328.758..3328.758 rows=202996 loops=1)
        Buckets: 131072  Batches: 4  Memory Usage: 2808kB
        ->  Seq Scan on title t  (cost=0.00..67604.59 rows=204811 width=4) (actual time=0.022..3249.919 rows=202996 loops=1)
              Filter: (production_year < 1956)
              Rows Removed by Filter: 2325316
Planning time: 10.203 ms
Execution time: 68688.881 ms
