Hash Join  (cost=96853.32..262748.64 rows=1927528 width=106) (actual time=2203.238..6962.546 rows=2529592 loops=1)
  Hash Cond: (mk.movie_id = t.id)
  ->  Seq Scan on movie_keyword mk  (cost=0.00..69693.30 rows=4523930 width=12) (actual time=0.028..1506.940 rows=4523930 loops=1)
  ->  Hash  (cost=67604.59..67604.59 rows=1077339 width=94) (actual time=2201.374..2201.374 rows=1074765 loops=1)
        Buckets: 32768  Batches: 64  Memory Usage: 2133kB
        ->  Seq Scan on title t  (cost=0.00..67604.59 rows=1077339 width=94) (actual time=0.019..1685.341 rows=1074765 loops=1)
              Filter: (production_year < 2001)
              Rows Removed by Filter: 1453547
Planning time: 1.128 ms
Execution time: 7091.816 ms
