Seq Scan on movie_keyword mk  (cost=0.00..81003.12 rows=339985 width=12) (actual time=0.029..1335.853 rows=354824 loops=1)
  Filter: (keyword_id < 317)
  Rows Removed by Filter: 4169106
Planning time: 1.745 ms
Execution time: 1357.710 ms
