Seq Scan on movie_keyword mk  (cost=0.00..81003.12 rows=246 width=0) (actual time=5.651..3838.772 rows=453 loops=1)
  Filter: (keyword_id = 11186)
  Rows Removed by Filter: 4523477
Planning time: 9.688 ms
Execution time: 3839.120 ms
