Seq Scan on cast_info ci  (cost=0.00..796071.18 rows=176 width=0) (actual time=27539.283..37428.673 rows=155 loops=1)
  Filter: ((role_id < 2) AND (person_id = 1403948))
  Rows Removed by Filter: 36244189
Planning time: 0.439 ms
Execution time: 37428.830 ms
