Hash Join  (cost=73982.55..438902.66 rows=26418 width=0) (actual time=2687.459..23617.821 rows=31993 loops=1)
  Hash Cond: (mi.movie_id = t.id)
  ->  Seq Scan on movie_info mi  (cost=0.00..309384.22 rows=14739122 width=4) (actual time=0.014..17131.766 rows=14835720 loops=1)
  ->  Hash  (cost=73925.90..73925.90 rows=4532 width=4) (actual time=2340.343..2340.343 rows=6560 loops=1)
        Buckets: 8192  Batches: 1  Memory Usage: 295kB
        ->  Seq Scan on title t  (cost=0.00..73925.90 rows=4532 width=4) (actual time=0.089..2324.791 rows=6560 loops=1)
              Filter: ((kind_id = 7) AND (production_year = 1963))
              Rows Removed by Filter: 2521752
Planning time: 7.394 ms
Execution time: 23622.716 ms
