Seq Scan on movie_companies mc  (cost=0.00..51404.11 rows=104 width=0) (actual time=27.492..1917.454 rows=227 loops=1)
  Filter: (company_id = 221)
  Rows Removed by Filter: 2608902
Planning time: 0.362 ms
Execution time: 1917.623 ms
