Hash Join  (cost=225162.06..1418183.46 rows=11091118 width=0) (actual time=12830.065..99723.304 rows=70648932 loops=1)
  Hash Cond: (ci.movie_id = t.id)
  ->  Seq Scan on cast_info ci  (cost=0.00..614943.12 rows=36225612 width=4) (actual time=0.016..44325.239 rows=36244344 loops=1)
  ->  Hash  (cost=212460.13..212460.13 rows=774154 width=8) (actual time=12829.049..12829.049 rows=1119106 loops=1)
        Buckets: 131072  Batches: 16  Memory Usage: 3861kB
        ->  Hash Join  (cost=81025.55..212460.13 rows=774154 width=8) (actual time=4137.606..12421.062 rows=1119106 loops=1)
              Hash Cond: (mk.movie_id = t.id)
              ->  Seq Scan on movie_keyword mk  (cost=0.00..69693.30 rows=4523930 width=4) (actual time=0.028..4539.969 rows=4523930 loops=1)
              ->  Hash  (cost=73925.90..73925.90 rows=432692 width=4) (actual time=4136.303..4136.303 rows=368246 loops=1)
                    Buckets: 131072  Batches: 8  Memory Usage: 2646kB
                    ->  Seq Scan on title t  (cost=0.00..73925.90 rows=432692 width=4) (actual time=0.014..3931.219 rows=368246 loops=1)
                          Filter: ((kind_id < 7) AND (production_year > 2004))
                          Rows Removed by Filter: 2160066
Planning time: 1.113 ms
Execution time: 108594.398 ms
