Seq Scan on cast_info ci  (cost=0.00..705507.15 rows=500 width=0) (actual time=9042.621..24889.531 rows=98 loops=1)
  Filter: (person_id = 4034640)
  Rows Removed by Filter: 36244246
Planning time: 0.448 ms
Execution time: 24889.641 ms
