Seq Scan on cast_info ci  (cost=0.00..705507.15 rows=32056406 width=0) (actual time=2.225..34127.333 rows=32030250 loops=1)
  Filter: (person_id < 3287291)
  Rows Removed by Filter: 4214094
Planning time: 0.325 ms
Execution time: 38793.525 ms
