Hash Join  (cost=130426.33..881556.91 rows=34141 width=0) (actual time=6741.896..50609.223 rows=21599 loops=1)
  Hash Cond: (ci.movie_id = t.id)
  ->  Seq Scan on cast_info ci  (cost=0.00..614943.12 rows=36225612 width=4) (actual time=0.018..34056.836 rows=36244344 loops=1)
  ->  Hash  (cost=130396.54..130396.54 rows=2383 width=8) (actual time=6741.763..6741.763 rows=2361 loops=1)
        Buckets: 4096  Batches: 1  Memory Usage: 125kB
        ->  Hash Join  (cost=73982.55..130396.54 rows=2383 width=8) (actual time=5790.252..6740.679 rows=2361 loops=1)
              Hash Cond: (mc.movie_id = t.id)
              ->  Seq Scan on movie_companies mc  (cost=0.00..51404.11 rows=1329612 width=4) (actual time=0.020..2804.801 rows=1334883 loops=1)
                    Filter: (company_type_id > 1)
                    Rows Removed by Filter: 1274246
              ->  Hash  (cost=73925.90..73925.90 rows=4532 width=4) (actual time=3629.187..3629.187 rows=3662 loops=1)
                    Buckets: 8192  Batches: 1  Memory Usage: 193kB
                    ->  Seq Scan on title t  (cost=0.00..73925.90 rows=4532 width=4) (actual time=0.112..3626.764 rows=3662 loops=1)
                          Filter: ((kind_id = 7) AND (production_year = 1953))
                          Rows Removed by Filter: 2524650
Planning time: 1.245 ms
Execution time: 50614.695 ms
