Seq Scan on movie_keyword mk  (cost=0.00..81003.12 rows=669298 width=0) (actual time=0.024..3587.709 rows=674998 loops=1)
  Filter: (keyword_id > 27784)
  Rows Removed by Filter: 3848932
Planning time: 0.309 ms
Execution time: 3684.555 ms
