Seq Scan on movie_keyword mk  (cost=0.00..81003.12 rows=3551659 width=0) (actual time=0.029..3906.063 rows=3546692 loops=1)
  Filter: (keyword_id < 19118)
  Rows Removed by Filter: 977238
Planning time: 19.048 ms
Execution time: 4460.561 ms
