Hash Join  (cost=437838.72..1195385.97 rows=675801 width=0) (actual time=20807.425..73967.947 rows=692793 loops=1)
  Hash Cond: (ci.movie_id = t.id)
  ->  Seq Scan on cast_info ci  (cost=0.00..614943.12 rows=36225612 width=4) (actual time=0.005..38417.443 rows=36244344 loops=1)
  ->  Hash  (cost=437249.08..437249.08 rows=47171 width=8) (actual time=20806.421..20806.421 rows=32162 loops=1)
        Buckets: 65536  Batches: 1  Memory Usage: 1769kB
        ->  Hash Join  (cost=75464.55..437249.08 rows=47171 width=8) (actual time=7523.015..20782.288 rows=32162 loops=1)
              Hash Cond: (mi.movie_id = t.id)
              ->  Seq Scan on movie_info mi  (cost=0.00..346232.03 rows=1272478 width=4) (actual time=4193.068..16792.480 rows=1325361 loops=1)
                    Filter: (info_type_id = 8)
                    Rows Removed by Filter: 13510359
              ->  Hash  (cost=73925.90..73925.90 rows=93732 width=4) (actual time=3329.054..3329.054 rows=100592 loops=1)
                    Buckets: 131072  Batches: 2  Memory Usage: 2797kB
                    ->  Seq Scan on title t  (cost=0.00..73925.90 rows=93732 width=4) (actual time=0.037..3227.379 rows=100592 loops=1)
                          Filter: ((kind_id > 1) AND (production_year = 2009))
                          Rows Removed by Filter: 2427720
Planning time: 1.157 ms
Execution time: 74113.152 ms
