Seq Scan on movie_keyword mk  (cost=0.00..81003.12 rows=246 width=0) (actual time=9.564..3757.490 rows=918 loops=1)
  Filter: (keyword_id = 9849)
  Rows Removed by Filter: 4523012
Planning time: 0.391 ms
Execution time: 3758.031 ms
