Hash Join  (cost=84865.68..172748.61 rows=629046 width=0) (actual time=4270.015..9994.168 rows=1003004 loops=1)
  Hash Cond: (mc.movie_id = t.id)
  ->  Seq Scan on movie_companies mc  (cost=0.00..51404.11 rows=2385428 width=4) (actual time=0.010..3908.745 rows=2385246 loops=1)
        Filter: (company_id > 81)
        Rows Removed by Filter: 223883
  ->  Hash  (cost=73925.90..73925.90 rows=666782 width=4) (actual time=4268.923..4268.923 rows=566088 loops=1)
        Buckets: 131072  Batches: 16  Memory Usage: 2264kB
        ->  Seq Scan on title t  (cost=0.00..73925.90 rows=666782 width=4) (actual time=0.024..4072.098 rows=566088 loops=1)
              Filter: ((kind_id < 7) AND (production_year > 1992))
              Rows Removed by Filter: 1962224
Planning time: 0.787 ms
Execution time: 10122.913 ms
