Hash Join  (cost=190230.21..964807.10 rows=2041912 width=0) (actual time=20154.501..48217.332 rows=5192595 loops=1)
  Hash Cond: (ci.movie_id = t.id)
  ->  Seq Scan on cast_info ci  (cost=0.00..705507.15 rows=3741231 width=4) (actual time=10351.793..34397.189 rows=3767208 loops=1)
        Filter: (person_id > 3373458)
        Rows Removed by Filter: 32477136
  ->  Hash  (cost=167588.78..167588.78 rows=1380035 width=8) (actual time=9801.745..9801.745 rows=1380035 loops=1)
        Buckets: 131072  Batches: 32  Memory Usage: 2708kB
        ->  Hash Join  (cost=102767.86..167588.78 rows=1380035 width=8) (actual time=5850.111..9037.994 rows=1380035 loops=1)
              Hash Cond: (mi_idx.movie_id = t.id)
              ->  Seq Scan on movie_info_idx mi_idx  (cost=0.00..21735.35 rows=1380035 width=4) (actual time=0.023..1434.802 rows=1380035 loops=1)
              ->  Hash  (cost=61283.27..61283.27 rows=2528527 width=4) (actual time=5848.559..5848.559 rows=2528312 loops=1)
                    Buckets: 131072  Batches: 64  Memory Usage: 2415kB
                    ->  Seq Scan on title t  (cost=0.00..61283.27 rows=2528527 width=4) (actual time=0.023..4529.555 rows=2528312 loops=1)
Planning time: 1.084 ms
Execution time: 48781.361 ms
