Hash Join  (cost=132970.80..497728.80 rows=10207 width=0) (actual time=6524.904..26919.555 rows=6538 loops=1)
  Hash Cond: (mi.movie_id = t.id)
  ->  Seq Scan on movie_info mi  (cost=0.00..309384.22 rows=14739122 width=4) (actual time=0.024..17009.780 rows=14835720 loops=1)
  ->  Hash  (cost=132948.92..132948.92 rows=1751 width=8) (actual time=6520.406..6520.406 rows=431 loops=1)
        Buckets: 2048  Batches: 1  Memory Usage: 33kB
        ->  Hash Join  (cost=74753.85..132948.92 rows=1751 width=8) (actual time=5871.879..6520.161 rows=431 loops=1)
              Hash Cond: (mc.movie_id = t.id)
              ->  Seq Scan on movie_companies mc  (cost=0.00..57926.93 rows=66831 width=4) (actual time=0.312..2717.985 rows=23541 loops=1)
                    Filter: ((company_id < 27) AND (company_type_id > 1))
                    Rows Removed by Filter: 2585588
              ->  Hash  (cost=73925.90..73925.90 rows=66236 width=4) (actual time=3789.700..3789.700 rows=74971 loops=1)
                    Buckets: 131072  Batches: 1  Memory Usage: 3660kB
                    ->  Seq Scan on title t  (cost=0.00..73925.90 rows=66236 width=4) (actual time=0.020..3746.769 rows=74971 loops=1)
                          Filter: ((kind_id > 4) AND (production_year = 2006))
                          Rows Removed by Filter: 2453341
Planning time: 1.195 ms
Execution time: 26921.079 ms
