Seq Scan on movie_companies mc  (cost=0.00..57926.93 rows=917148 width=0) (actual time=91.192..2171.520 rows=757362 loops=1)
  Filter: ((company_id > 1427) AND (company_type_id = 1))
  Rows Removed by Filter: 1851767
Planning time: 0.355 ms
Execution time: 2275.867 ms
