Hash Join  (cost=52284.99..79196.04 rows=57 width=0) (actual time=1630.479..2710.470 rows=4882 loops=1)
  Hash Cond: (mi_idx.movie_id = t.id)
  ->  Seq Scan on movie_info_idx mi_idx  (cost=0.00..21735.35 rows=1380035 width=4) (actual time=0.020..784.264 rows=1380035 loops=1)
  ->  Hash  (cost=52283.69..52283.69 rows=104 width=8) (actual time=1629.680..1629.680 rows=1612 loops=1)
        Buckets: 2048 (originally 1024)  Batches: 1 (originally 1)  Memory Usage: 79kB
        ->  Nested Loop  (cost=0.43..52283.69 rows=104 width=8) (actual time=372.142..1628.677 rows=1612 loops=1)
              ->  Seq Scan on movie_companies mc  (cost=0.00..51404.11 rows=104 width=4) (actual time=372.046..1525.590 rows=1612 loops=1)
                    Filter: (company_id = 33)
                    Rows Removed by Filter: 2607517
              ->  Index Only Scan using title_pkey on title t  (cost=0.43..8.45 rows=1 width=4) (actual time=0.063..0.063 rows=1 loops=1612)
                    Index Cond: (id = mc.movie_id)
                    Heap Fetches: 1612
Planning time: 3.652 ms
Execution time: 2711.359 ms
