Hash Join  (cost=98595.81..173962.53 rows=370505 width=0) (actual time=1861.514..3173.165 rows=126369 loops=1)
  Hash Cond: (mc.movie_id = t.id)
  ->  Seq Scan on movie_companies mc  (cost=0.00..57926.93 rows=495947 width=4) (actual time=0.013..826.335 rows=193833 loops=1)
        Filter: ((company_id > 15974) AND (company_type_id = 1))
        Rows Removed by Filter: 2415296
  ->  Hash  (cost=67604.59..67604.59 rows=1888978 width=4) (actual time=1860.494..1860.494 rows=1887769 loops=1)
        Buckets: 131072  Batches: 32  Memory Usage: 3106kB
        ->  Seq Scan on title t  (cost=0.00..67604.59 rows=1888978 width=4) (actual time=0.016..1267.629 rows=1887769 loops=1)
              Filter: (production_year > 1983)
              Rows Removed by Filter: 640543
Planning time: 0.578 ms
Execution time: 3188.600 ms
