Hash Join  (cost=94746.51..898473.19 rows=81588 width=0) (actual time=5895.802..35087.828 rows=27933 loops=1)
  Hash Cond: (ci.movie_id = t.id)
  ->  Seq Scan on cast_info ci  (cost=0.00..796071.18 rows=162566 width=4) (actual time=1648.823..30587.403 rows=65890 loops=1)
        Filter: ((person_id < 1650633) AND (role_id > 10))
        Rows Removed by Filter: 36178454
  ->  Hash  (cost=73925.90..73925.90 rows=1269008 width=4) (actual time=4244.803..4244.803 rows=1233025 loops=1)
        Buckets: 131072  Batches: 32  Memory Usage: 2375kB
        ->  Seq Scan on title t  (cost=0.00..73925.90 rows=1269008 width=4) (actual time=0.031..3789.214 rows=1233025 loops=1)
              Filter: ((kind_id > 4) AND (production_year < 2011))
              Rows Removed by Filter: 1295287
Planning time: 0.811 ms
Execution time: 35091.655 ms
