Hash Join  (cost=102767.86..278949.17 rows=3544873 width=0) (actual time=4926.398..13014.705 rows=3537504 loops=1)
  Hash Cond: (mk.movie_id = t.id)
  ->  Seq Scan on movie_keyword mk  (cost=0.00..81003.12 rows=3544873 width=4) (actual time=0.020..4583.800 rows=3537504 loops=1)
        Filter: (keyword_id > 926)
        Rows Removed by Filter: 986426
  ->  Hash  (cost=61283.27..61283.27 rows=2528527 width=4) (actual time=4923.927..4923.927 rows=2528312 loops=1)
        Buckets: 131072  Batches: 64  Memory Usage: 2425kB
        ->  Seq Scan on title t  (cost=0.00..61283.27 rows=2528527 width=4) (actual time=0.021..3864.855 rows=2528312 loops=1)
Planning time: 0.750 ms
Execution time: 13469.155 ms
