Hash Join  (cost=107928.35..1098010.09 rows=11861959 width=0) (actual time=6417.241..59092.861 rows=11956637 loops=1)
  Hash Cond: (ci.movie_id = t.id)
  ->  Seq Scan on cast_info ci  (cost=0.00..705507.15 rows=12203201 width=4) (actual time=0.024..41078.268 rows=12113646 loops=1)
        Filter: (role_id > 3)
        Rows Removed by Filter: 24130698
  ->  Hash  (cost=67604.59..67604.59 rows=2457821 width=4) (actual time=6415.811..6415.811 rows=2456218 loops=1)
        Buckets: 131072  Batches: 64  Memory Usage: 2375kB
        ->  Seq Scan on title t  (cost=0.00..67604.59 rows=2457821 width=4) (actual time=0.019..5214.178 rows=2456218 loops=1)
              Filter: (production_year > 0)
              Rows Removed by Filter: 72094
Planning time: 0.902 ms
Execution time: 60481.054 ms
