Hash Join  (cost=174364.35..212934.17 rows=51134 width=0) (actual time=3387.739..4395.466 rows=268709 loops=1)
  Hash Cond: (mi_idx.movie_id = t.id)
  ->  Seq Scan on movie_info_idx mi_idx  (cost=0.00..21735.35 rows=1380035 width=4) (actual time=0.018..431.553 rows=1380035 loops=1)
  ->  Hash  (cost=172827.24..172827.24 rows=93689 width=8) (actual time=3386.968..3386.968 rows=184729 loops=1)
        Buckets: 131072 (originally 131072)  Batches: 4 (originally 2)  Memory Usage: 3073kB
        ->  Hash Join  (cost=102767.86..172827.24 rows=93689 width=8) (actual time=2254.093..3316.803 rows=184729 loops=1)
              Hash Cond: (mc.movie_id = t.id)
              ->  Seq Scan on movie_companies mc  (cost=0.00..57926.93 rows=93689 width=4) (actual time=421.284..871.373 rows=184729 loops=1)
                    Filter: ((company_id > 118593) AND (company_type_id = 2))
                    Rows Removed by Filter: 2424400
              ->  Hash  (cost=61283.27..61283.27 rows=2528527 width=4) (actual time=1831.157..1831.157 rows=2528312 loops=1)
                    Buckets: 131072  Batches: 64  Memory Usage: 2415kB
                    ->  Seq Scan on title t  (cost=0.00..61283.27 rows=2528527 width=4) (actual time=0.026..996.910 rows=2528312 loops=1)
Planning time: 1.183 ms
Execution time: 4424.174 ms
