Hash Join  (cost=104131.46..164397.32 rows=1215133 width=0) (actual time=1983.256..3896.394 rows=1310384 loops=1)
  Hash Cond: (mi_idx.movie_id = t.id)
  ->  Seq Scan on movie_info_idx mi_idx  (cost=0.00..21735.35 rows=1380035 width=4) (actual time=0.018..439.712 rows=1380035 loops=1)
  ->  Hash  (cost=67604.59..67604.59 rows=2226390 width=4) (actual time=1982.437..1982.437 rows=2224569 loops=1)
        Buckets: 131072  Batches: 32  Memory Usage: 3463kB
        ->  Seq Scan on title t  (cost=0.00..67604.59 rows=2226390 width=4) (actual time=0.022..1284.751 rows=2224569 loops=1)
              Filter: (production_year < 2012)
              Rows Removed by Filter: 303743
Planning time: 0.777 ms
Execution time: 4057.270 ms
