Seq Scan on cast_info ci  (cost=0.00..796071.18 rows=10563076 width=0) (actual time=8177.381..15403.540 rows=12670688 loops=1)
  Filter: ((person_id < 3028475) AND (role_id = 1))
  Rows Removed by Filter: 23573656
Planning time: 0.421 ms
Execution time: 16883.766 ms
