Seq Scan on cast_info ci  (cost=0.00..796071.18 rows=2253270 width=0) (actual time=4833.793..11308.762 rows=1338940 loops=1)
  Filter: ((person_id < 639531) AND (role_id > 3))
  Rows Removed by Filter: 34905404
Planning time: 0.346 ms
Execution time: 11458.213 ms
