Hash Join  (cost=67697.55..873041.26 rows=7216 width=0) (actual time=7206.269..16240.380 rows=31269 loops=1)
  Hash Cond: (ci.movie_id = t.id)
  ->  Seq Scan on cast_info ci  (cost=0.00..796071.18 rows=2453432 width=4) (actual time=6220.048..14143.510 rows=4983456 loops=1)
        Filter: ((person_id < 668808) AND (role_id < 2))
        Rows Removed by Filter: 31260888
  ->  Hash  (cost=67604.59..67604.59 rows=7437 width=4) (actual time=985.354..985.354 rows=14235 loops=1)
        Buckets: 16384 (originally 8192)  Batches: 1 (originally 1)  Memory Usage: 629kB
        ->  Seq Scan on title t  (cost=0.00..67604.59 rows=7437 width=4) (actual time=0.188..978.288 rows=14235 loops=1)
              Filter: (production_year = 1968)
              Rows Removed by Filter: 2514077
Planning time: 23.891 ms
Execution time: 16246.285 ms
