Seq Scan on movie_companies mc  (cost=0.00..57926.93 rows=54202 width=0) (actual time=586.788..826.945 rows=106788 loops=1)
  Filter: ((company_id > 153654) AND (company_type_id > 1))
  Rows Removed by Filter: 2502341
Planning time: 0.309 ms
Execution time: 841.048 ms
