Hash Join  (cost=143126.22..1217225.36 rows=3922599 width=0) (actual time=2915.686..33112.845 rows=5764364 loops=1)
  Hash Cond: (ci.movie_id = t.id)
  ->  Seq Scan on cast_info ci  (cost=0.00..614943.12 rows=36225612 width=4) (actual time=0.014..13308.295 rows=36244344 loops=1)
  ->  Hash  (cost=138633.79..138633.79 rows=273795 width=8) (actual time=2914.929..2914.929 rows=175241 loops=1)
        Buckets: 131072  Batches: 4  Memory Usage: 2730kB
        ->  Hash Join  (cost=98936.78..138633.79 rows=273795 width=8) (actual time=1834.812..2858.688 rows=175241 loops=1)
              Hash Cond: (mi_idx.movie_id = t.id)
              ->  Seq Scan on movie_info_idx mi_idx  (cost=0.00..25185.44 rows=454124 width=4) (actual time=0.027..449.352 rows=459925 loops=1)
                    Filter: (info_type_id = 100)
                    Rows Removed by Filter: 920110
              ->  Hash  (cost=73925.90..73925.90 rows=1524470 width=4) (actual time=1833.809..1833.809 rows=1608743 loops=1)
                    Buckets: 131072  Batches: 32  Memory Usage: 2797kB
                    ->  Seq Scan on title t  (cost=0.00..73925.90 rows=1524470 width=4) (actual time=0.013..1323.760 rows=1608743 loops=1)
                          Filter: ((kind_id > 3) AND (production_year > 1944))
                          Rows Removed by Filter: 919569
Planning time: 1.292 ms
Execution time: 33772.109 ms
