Seq Scan on movie_keyword mk  (cost=0.00..81003.12 rows=246 width=0) (actual time=2.405..1329.621 rows=287 loops=1)
  Filter: (keyword_id = 234)
  Rows Removed by Filter: 4523643
Planning time: 0.387 ms
Execution time: 1329.891 ms
