Seq Scan on movie_keyword mk  (cost=0.00..81003.12 rows=700169 width=0) (actual time=0.026..1021.114 rows=705061 loops=1)
  Filter: (keyword_id > 26760)
  Rows Removed by Filter: 3818869
Planning time: 0.346 ms
Execution time: 1101.396 ms
