Hash Join  (cost=99208.77..714825.01 rows=8489345 width=0) (actual time=2132.680..18047.294 rows=5428613 loops=1)
  Hash Cond: (mi.movie_id = t.id)
  ->  Seq Scan on movie_info mi  (cost=0.00..346232.03 rows=13929354 width=4) (actual time=0.020..7544.935 rows=14033580 loops=1)
        Filter: (info_type_id > 1)
        Rows Removed by Filter: 802140
  ->  Hash  (cost=73925.90..73925.90 rows=1541029 width=4) (actual time=2131.588..2131.588 rows=1659933 loops=1)
        Buckets: 131072  Batches: 32  Memory Usage: 2860kB
        ->  Seq Scan on title t  (cost=0.00..73925.90 rows=1541029 width=4) (actual time=0.019..1580.815 rows=1659933 loops=1)
              Filter: ((kind_id > 1) AND (production_year > 1969))
              Rows Removed by Filter: 868379
Planning time: 0.780 ms
Execution time: 18635.829 ms
