Hash Join  (cost=97066.09..1088749.08 rows=6725701 width=0) (actual time=6264.224..28728.999 rows=9739513 loops=1)
  Hash Cond: (ci.movie_id = t.id)
  ->  Seq Scan on cast_info ci  (cost=0.00..796071.18 rows=9470361 width=4) (actual time=4322.167..15764.252 rows=14756784 loops=1)
        Filter: ((person_id > 2178038) AND (role_id > 1))
        Rows Removed by Filter: 21487560
  ->  Hash  (cost=67604.59..67604.59 rows=1795720 width=4) (actual time=1940.906..1940.906 rows=1794153 loops=1)
        Buckets: 131072  Batches: 32  Memory Usage: 2992kB
        ->  Seq Scan on title t  (cost=0.00..67604.59 rows=1795720 width=4) (actual time=0.020..1365.856 rows=1794153 loops=1)
              Filter: (production_year < 2009)
              Rows Removed by Filter: 734159
Planning time: 0.738 ms
Execution time: 29821.114 ms
