Nested Loop  (cost=0.43..83072.90 rows=30 width=0) (actual time=51.041..1130.371 rows=7 loops=1)
  ->  Seq Scan on movie_keyword mk  (cost=0.00..81003.12 rows=246 width=4) (actual time=4.057..1127.740 rows=62 loops=1)
        Filter: (keyword_id = 14417)
        Rows Removed by Filter: 4523868
  ->  Index Scan using title_pkey on title t  (cost=0.43..8.40 rows=1 width=4) (actual time=0.038..0.038 rows=0 loops=62)
        Index Cond: (id = mk.movie_id)
        Filter: ((kind_id < 7) AND (production_year > 2007))
        Rows Removed by Filter: 1
Planning time: 0.765 ms
Execution time: 1130.479 ms
