Seq Scan on movie_companies mc  (cost=0.00..57926.93 rows=41208 width=0) (actual time=444.567..854.614 rows=17551 loops=1)
  Filter: ((company_id < 19) AND (company_type_id = 2))
  Rows Removed by Filter: 2591578
Planning time: 0.395 ms
Execution time: 857.239 ms
