Seq Scan on movie_keyword mk  (cost=0.00..81003.12 rows=2710009 width=0) (actual time=0.019..1492.771 rows=2706584 loops=1)
  Filter: (keyword_id > 2975)
  Rows Removed by Filter: 1817346
Planning time: 0.338 ms
Execution time: 1849.409 ms
