Seq Scan on movie_keyword mk  (cost=0.00..81003.12 rows=246 width=0) (actual time=112.036..1223.834 rows=4 loops=1)
  Filter: (keyword_id = 84454)
  Rows Removed by Filter: 4523926
Planning time: 0.370 ms
Execution time: 1223.920 ms
