Seq Scan on cast_info ci  (cost=0.00..796071.18 rows=108 width=0) (actual time=5902.043..13088.931 rows=6 loops=1)
  Filter: ((role_id > 6) AND (person_id = 3262189))
  Rows Removed by Filter: 36244338
Planning time: 0.392 ms
Execution time: 13089.062 ms
