Nested Loop  (cost=44377.22..885284.26 rows=13085 width=0) (actual time=3776.271..15905.003 rows=81138 loops=1)
  Join Filter: (ci.movie_id = t.id)
  ->  Hash Join  (cost=44376.79..853566.94 rows=53495 width=8) (actual time=3775.625..12098.785 rows=199021 loops=1)
        Hash Cond: (ci.movie_id = mi_idx.movie_id)
        ->  Seq Scan on cast_info ci  (cost=0.00..796071.18 rows=39343 width=4) (actual time=2892.093..10822.808 rows=151058 loops=1)
              Filter: ((person_id > 4038362) AND (role_id > 3))
              Rows Removed by Filter: 36093286
        ->  Hash  (cost=21735.35..21735.35 rows=1380035 width=4) (actual time=882.008..882.008 rows=1380035 loops=1)
              Buckets: 131072  Batches: 32  Memory Usage: 2540kB
              ->  Seq Scan on movie_info_idx mi_idx  (cost=0.00..21735.35 rows=1380035 width=4) (actual time=0.017..441.543 rows=1380035 loops=1)
  ->  Index Scan using title_pkey on title t  (cost=0.43..0.58 rows=1 width=4) (actual time=0.019..0.019 rows=0 loops=199021)
        Index Cond: (id = mi_idx.movie_id)
        Filter: (kind_id = 7)
        Rows Removed by Filter: 1
Planning time: 4.912 ms
Execution time: 15921.153 ms
