Hash Join  (cost=97133.87..148072.81 rows=772046 width=0) (actual time=2091.517..3369.120 rows=425568 loops=1)
  Hash Cond: (mi_idx.movie_id = t.id)
  ->  Seq Scan on movie_info_idx mi_idx  (cost=0.00..21735.35 rows=1380035 width=4) (actual time=0.292..432.518 rows=1380035 loops=1)
  ->  Hash  (cost=73925.90..73925.90 rows=1414557 width=4) (actual time=1942.678..1942.678 rows=1478407 loops=1)
        Buckets: 131072  Batches: 32  Memory Usage: 2650kB
        ->  Seq Scan on title t  (cost=0.00..73925.90 rows=1414557 width=4) (actual time=0.017..1456.309 rows=1478407 loops=1)
              Filter: ((production_year > 1939) AND (kind_id = 7))
              Rows Removed by Filter: 1049905
Planning time: 0.881 ms
Execution time: 3420.153 ms
