Hash Join  (cost=154870.30..524215.35 rows=140663 width=0) (actual time=4194.260..12825.188 rows=7675378 loops=1)
  Hash Cond: (mi.movie_id = t.id)
  ->  Seq Scan on movie_info mi  (cost=0.00..346232.03 rows=1810770 width=4) (actual time=62.824..5386.186 rows=1865632 loops=1)
        Filter: (info_type_id > 17)
        Rows Removed by Filter: 12970088
  ->  Hash  (cost=151647.07..151647.07 rows=196419 width=8) (actual time=4130.744..4130.744 rows=444683 loops=1)
        Buckets: 131072 (originally 131072)  Batches: 8 (originally 4)  Memory Usage: 3248kB
        ->  Hash Join  (cost=81720.25..151647.07 rows=196419 width=8) (actual time=2300.410..3999.780 rows=444683 loops=1)
              Hash Cond: (mc.movie_id = t.id)
              ->  Seq Scan on movie_companies mc  (cost=0.00..57926.93 rows=577251 width=4) (actual time=0.024..1087.817 rows=786642 loops=1)
                    Filter: ((company_id < 9884) AND (company_type_id < 2))
                    Rows Removed by Filter: 1822487
              ->  Hash  (cost=67604.59..67604.59 rows=860373 width=4) (actual time=2299.395..2299.395 rows=854214 loops=1)
                    Buckets: 131072  Batches: 16  Memory Usage: 2897kB
                    ->  Seq Scan on title t  (cost=0.00..67604.59 rows=860373 width=4) (actual time=0.015..1284.835 rows=854214 loops=1)
                          Filter: (kind_id < 4)
                          Rows Removed by Filter: 1674098
Planning time: 1.167 ms
Execution time: 13681.961 ms
