Hash Join  (cost=122091.25..202964.75 rows=121548 width=0) (actual time=2615.668..4835.166 rows=606022 loops=1)
  Hash Cond: (mc.movie_id = t.id)
  ->  Seq Scan on movie_companies mc  (cost=0.00..51404.11 rows=2400242 width=4) (actual time=0.021..1101.574 rows=2399178 loops=1)
        Filter: (company_id < 110545)
        Rows Removed by Filter: 209951
  ->  Hash  (cost=119989.70..119989.70 rows=128044 width=8) (actual time=2614.921..2614.921 rows=207976 loops=1)
        Buckets: 131072 (originally 131072)  Batches: 4 (originally 2)  Memory Usage: 3073kB
        ->  Hash Join  (cost=85449.15..119989.70 rows=128044 width=8) (actual time=1663.652..2540.459 rows=207976 loops=1)
              Hash Cond: (mi_idx.movie_id = t.id)
              ->  Seq Scan on movie_info_idx mi_idx  (cost=0.00..25185.44 rows=460978 width=4) (actual time=0.014..469.816 rows=459925 loops=1)
                    Filter: (info_type_id = 99)
                    Rows Removed by Filter: 920110
              ->  Hash  (cost=73925.90..73925.90 rows=702340 width=4) (actual time=1662.811..1662.811 rows=603836 loops=1)
                    Buckets: 131072  Batches: 16  Memory Usage: 2349kB
                    ->  Seq Scan on title t  (cost=0.00..73925.90 rows=702340 width=4) (actual time=0.010..1188.325 rows=603836 loops=1)
                          Filter: ((kind_id < 7) AND (production_year > 1988))
                          Rows Removed by Filter: 1924476
Planning time: 1.123 ms
Execution time: 4900.824 ms
