Seq Scan on movie_keyword mk  (cost=0.00..81003.12 rows=1291662 width=0) (actual time=0.019..1340.345 rows=1303037 loops=1)
  Filter: (keyword_id > 13505)
  Rows Removed by Filter: 3220893
Planning time: 0.307 ms
Execution time: 1498.662 ms
