Hash Join  (cost=83073.01..137738.63 rows=9 width=0) (actual time=1713.970..2340.914 rows=4 loops=1)
  Hash Cond: (mc.movie_id = t.id)
  ->  Seq Scan on movie_companies mc  (cost=0.00..44881.29 rows=2609129 width=4) (actual time=0.013..627.636 rows=2609129 loops=1)
  ->  Hash  (cost=83072.90..83072.90 rows=9 width=8) (actual time=1256.879..1256.879 rows=1 loops=1)
        Buckets: 1024  Batches: 1  Memory Usage: 9kB
        ->  Nested Loop  (cost=0.43..83072.90 rows=9 width=8) (actual time=347.862..1256.869 rows=1 loops=1)
              ->  Seq Scan on movie_keyword mk  (cost=0.00..81003.12 rows=246 width=4) (actual time=9.332..1253.204 rows=74 loops=1)
                    Filter: (keyword_id = 10796)
                    Rows Removed by Filter: 4523856
              ->  Index Scan using title_pkey on title t  (cost=0.43..8.40 rows=1 width=4) (actual time=0.045..0.045 rows=0 loops=74)
                    Index Cond: (id = mk.movie_id)
                    Filter: ((kind_id < 7) AND (production_year > 2011))
                    Rows Removed by Filter: 1
Planning time: 1.144 ms
Execution time: 2341.050 ms
