Hash Join  (cost=78097.80..156764.69 rows=262336 width=0) (actual time=1556.845..3215.068 rows=162696 loops=1)
  Hash Cond: (mc.movie_id = t.id)
  ->  Seq Scan on movie_companies mc  (cost=0.00..44881.29 rows=2609129 width=4) (actual time=0.012..850.463 rows=2609129 loops=1)
  ->  Hash  (cost=73925.90..73925.90 rows=254232 width=4) (actual time=1214.717..1214.717 rows=145458 loops=1)
        Buckets: 131072  Batches: 4  Memory Usage: 2301kB
        ->  Seq Scan on title t  (cost=0.00..73925.90 rows=254232 width=4) (actual time=0.023..1165.052 rows=145458 loops=1)
              Filter: ((production_year < 1973) AND (kind_id = 7))
              Rows Removed by Filter: 2382854
Planning time: 0.744 ms
Execution time: 3239.463 ms
