Seq Scan on title t  (cost=0.00..73925.90 rows=545247 width=0) (actual time=0.006..1176.159 rows=557319 loops=1)
  Filter: ((kind_id < 2) AND (production_year < 2011))
  Rows Removed by Filter: 1970993
Planning time: 0.386 ms
Execution time: 1243.795 ms
