Seq Scan on movie_keyword mk  (cost=0.00..81003.12 rows=246 width=0) (actual time=5.849..1239.566 rows=735 loops=1)
  Filter: (keyword_id = 4471)
  Rows Removed by Filter: 4523195
Planning time: 0.372 ms
Execution time: 1239.931 ms
