Seq Scan on cast_info ci  (cost=0.00..796071.18 rows=52336 width=0) (actual time=4429.082..12074.238 rows=21070 loops=1)
  Filter: ((person_id < 515315) AND (role_id > 10))
  Rows Removed by Filter: 36223274
Planning time: 0.331 ms
Execution time: 12077.019 ms
