Nested Loop  (cost=0.43..83071.67 rows=246 width=0) (actual time=0.271..1279.271 rows=2039 loops=1)
  ->  Seq Scan on movie_keyword mk  (cost=0.00..81003.12 rows=246 width=4) (actual time=0.220..1214.038 rows=2039 loops=1)
        Filter: (keyword_id = 2484)
        Rows Removed by Filter: 4521891
  ->  Index Only Scan using title_pkey on title t  (cost=0.43..8.40 rows=1 width=4) (actual time=0.030..0.031 rows=1 loops=2039)
        Index Cond: (id = mk.movie_id)
        Heap Fetches: 2039
Planning time: 0.753 ms
Execution time: 1279.982 ms
