Seq Scan on movie_keyword mk  (cost=0.00..81003.12 rows=246 width=0) (actual time=9.154..1338.717 rows=23 loops=1)
  Filter: (keyword_id = 76554)
  Rows Removed by Filter: 4523907
Planning time: 0.327 ms
Execution time: 1338.825 ms
