Hash Join  (cost=81821.64..939126.19 rows=838900 width=0) (actual time=1284.986..17625.600 rows=855307 loops=1)
  Hash Cond: (ci.movie_id = t.id)
  ->  Seq Scan on cast_info ci  (cost=0.00..796071.18 rows=4407565 width=4) (actual time=3.201..14319.572 rows=3636203 loops=1)
        Filter: ((person_id < 2209638) AND (role_id = 2))
        Rows Removed by Filter: 32608141
  ->  Hash  (cost=73925.90..73925.90 rows=481259 width=4) (actual time=1280.997..1280.997 rows=518327 loops=1)
        Buckets: 131072  Batches: 8  Memory Usage: 3301kB
        ->  Seq Scan on title t  (cost=0.00..73925.90 rows=481259 width=4) (actual time=0.014..1124.995 rows=518327 loops=1)
              Filter: ((production_year > 2007) AND (kind_id = 7))
              Rows Removed by Filter: 2009985
Planning time: 0.806 ms
Execution time: 17732.374 ms
