Hash Join  (cost=78473.92..443721.70 rows=303458 width=0) (actual time=4014.786..7660.062 rows=246624 loops=1)
  Hash Cond: (mi.movie_id = t.id)
  ->  Seq Scan on movie_info mi  (cost=0.00..346232.03 rows=1158179 width=4) (actual time=2326.486..5473.670 rows=1204709 loops=1)
        Filter: (info_type_id > 18)
        Rows Removed by Filter: 13631011
  ->  Hash  (cost=67604.59..67604.59 rows=662507 width=4) (actual time=1467.209..1467.209 rows=662065 loops=1)
        Buckets: 131072  Batches: 16  Memory Usage: 2487kB
        ->  Seq Scan on title t  (cost=0.00..67604.59 rows=662507 width=4) (actual time=0.030..1250.422 rows=662065 loops=1)
              Filter: (production_year > 2008)
              Rows Removed by Filter: 1866247
Planning time: 0.758 ms
Execution time: 7688.915 ms
