Hash Join  (cost=107556.84..169778.02 rows=1329066 width=0) (actual time=2143.508..4042.353 rows=1370678 loops=1)
  Hash Cond: (mi_idx.movie_id = t.id)
  ->  Seq Scan on movie_info_idx mi_idx  (cost=0.00..21735.35 rows=1380035 width=4) (actual time=0.022..460.638 rows=1380035 loops=1)
  ->  Hash  (cost=67604.59..67604.59 rows=2435140 width=4) (actual time=2142.637..2142.637 rows=2431710 loops=1)
        Buckets: 131072  Batches: 32  Memory Usage: 3696kB
        ->  Seq Scan on title t  (cost=0.00..67604.59 rows=2435140 width=4) (actual time=0.015..1335.349 rows=2431710 loops=1)
              Filter: (production_year > 1909)
              Rows Removed by Filter: 96602
Planning time: 0.595 ms
Execution time: 4194.995 ms
