Hash Join  (cost=860773.45..1424653.67 rows=6152639 width=0) (actual time=17236.708..38509.535 rows=21309732 loops=1)
  Hash Cond: (mi.movie_id = t.id)
  ->  Seq Scan on movie_info mi  (cost=0.00..309384.22 rows=14739122 width=4) (actual time=0.008..6148.713 rows=14835720 loops=1)
  ->  Hash  (cost=843455.73..843455.73 rows=1055498 width=8) (actual time=17235.841..17235.841 rows=936857 loops=1)
        Buckets: 131072  Batches: 16  Memory Usage: 3324kB
        ->  Hash Join  (cost=78556.72..843455.73 rows=1055498 width=8) (actual time=6008.821..16942.975 rows=936857 loops=1)
              Hash Cond: (ci.movie_id = t.id)
              ->  Seq Scan on cast_info ci  (cost=0.00..705507.15 rows=3998100 width=4) (actual time=4666.393..13379.060 rows=4008037 loops=1)
                    Filter: (role_id = 3)
                    Rows Removed by Filter: 32236307
              ->  Hash  (cost=67604.59..67604.59 rows=667531 width=4) (actual time=1341.398..1341.398 rows=662825 loops=1)
                    Buckets: 131072  Batches: 16  Memory Usage: 2476kB
                    ->  Seq Scan on title t  (cost=0.00..67604.59 rows=667531 width=4) (actual time=268.592..1150.060 rows=662825 loops=1)
                          Filter: (kind_id = 1)
                          Rows Removed by Filter: 1865487
Planning time: 1.132 ms
Execution time: 40860.671 ms
