Hash Join  (cost=83810.17..1098678.36 rows=5427812 width=0) (actual time=1671.786..27232.755 rows=6612908 loops=1)
  Hash Cond: (ci.movie_id = t.id)
  ->  Seq Scan on cast_info ci  (cost=0.00..796071.18 rows=13894902 width=4) (actual time=20.370..16106.273 rows=15498218 loops=1)
        Filter: ((person_id < 1624747) AND (role_id < 9))
        Rows Removed by Filter: 20746126
  ->  Hash  (cost=67604.59..67604.59 rows=987727 width=4) (actual time=1627.751..1627.751 rows=985048 loops=1)
        Buckets: 131072  Batches: 16  Memory Usage: 3188kB
        ->  Seq Scan on title t  (cost=0.00..67604.59 rows=987727 width=4) (actual time=0.024..1321.508 rows=985048 loops=1)
              Filter: (kind_id < 7)
              Rows Removed by Filter: 1543264
Planning time: 0.764 ms
Execution time: 27963.174 ms
