Hash Join  (cost=102767.86..1171648.61 rows=14690683 width=0) (actual time=2016.303..28413.678 rows=14594616 loops=1)
  Hash Cond: (ci.movie_id = t.id)
  ->  Seq Scan on cast_info ci  (cost=0.00..705507.15 rows=14690683 width=4) (actual time=0.024..14036.049 rows=14594616 loops=1)
        Filter: (person_id < 1438698)
        Rows Removed by Filter: 21649728
  ->  Hash  (cost=61283.27..61283.27 rows=2528527 width=4) (actual time=2015.475..2015.475 rows=2528312 loops=1)
        Buckets: 131072  Batches: 64  Memory Usage: 2415kB
        ->  Seq Scan on title t  (cost=0.00..61283.27 rows=2528527 width=4) (actual time=0.018..1149.923 rows=2528312 loops=1)
Planning time: 0.756 ms
Execution time: 30092.432 ms
