Hash Join  (cost=143761.26..244563.75 rows=298756 width=0) (actual time=3507.283..5712.846 rows=754687 loops=1)
  Hash Cond: (mk.movie_id = t.id)
  ->  Seq Scan on movie_keyword mk  (cost=0.00..81003.12 rows=1249548 width=4) (actual time=0.017..1509.498 rows=1265640 loops=1)
        Filter: (keyword_id < 1617)
        Rows Removed by Filter: 3258290
  ->  Hash  (cost=133842.40..133842.40 rows=604549 width=8) (actual time=3506.324..3506.324 rows=488617 loops=1)
        Buckets: 131072  Batches: 8  Memory Usage: 3414kB
        ->  Hash Join  (cost=85777.42..133842.40 rows=604549 width=8) (actual time=1628.118..3334.858 rows=488617 loops=1)
              Hash Cond: (mi_idx.movie_id = t.id)
              ->  Seq Scan on movie_info_idx mi_idx  (cost=0.00..21735.35 rows=1380035 width=4) (actual time=0.014..491.395 rows=1380035 loops=1)
              ->  Hash  (cost=67604.59..67604.59 rows=1107667 width=4) (actual time=1626.836..1626.836 rows=1107925 loops=1)
                    Buckets: 131072  Batches: 16  Memory Usage: 3460kB
                    ->  Seq Scan on title t  (cost=0.00..67604.59 rows=1107667 width=4) (actual time=0.023..1271.813 rows=1107925 loops=1)
                          Filter: (production_year > 2004)
                          Rows Removed by Filter: 1420387
Planning time: 1.058 ms
Execution time: 5779.013 ms
