Hash Join  (cost=96223.51..1330049.01 rows=19471334 width=0) (actual time=1961.613..39142.400 rows=20717069 loops=1)
  Hash Cond: (ci.movie_id = t.id)
  ->  Seq Scan on cast_info ci  (cost=0.00..614943.12 rows=36225612 width=4) (actual time=0.025..12995.175 rows=36244344 loops=1)
  ->  Hash  (cost=73925.90..73925.90 rows=1359088 width=4) (actual time=1960.825..1960.825 rows=1438695 loops=1)
        Buckets: 131072  Batches: 32  Memory Usage: 2607kB
        ->  Seq Scan on title t  (cost=0.00..73925.90 rows=1359088 width=4) (actual time=0.025..1487.348 rows=1438695 loops=1)
              Filter: ((production_year > 1958) AND (kind_id = 7))
              Rows Removed by Filter: 1089617
Planning time: 0.753 ms
Execution time: 41438.567 ms
