Seq Scan on movie_keyword mk  (cost=0.00..81003.12 rows=1762937 width=0) (actual time=0.024..1381.871 rows=1769023 loops=1)
  Filter: (keyword_id > 7843)
  Rows Removed by Filter: 2754907
Planning time: 0.296 ms
Execution time: 1595.267 ms
