Hash Join  (cost=140417.21..871949.48 rows=379057 width=0) (actual time=9209.380..17486.244 rows=419510 loops=1)
  Hash Cond: (ci.movie_id = t.id)
  ->  Seq Scan on cast_info ci  (cost=0.00..705507.15 rows=1736414 width=4) (actual time=6039.837..13051.973 rows=1703543 loops=1)
        Filter: (role_id = 8)
        Rows Removed by Filter: 34540801
  ->  Hash  (cost=131360.53..131360.53 rows=551974 width=8) (actual time=3168.544..3168.544 rows=430747 loops=1)
        Buckets: 131072  Batches: 8  Memory Usage: 3114kB
        ->  Hash Join  (cost=84197.31..131360.53 rows=551974 width=8) (actual time=1590.608..3038.854 rows=430747 loops=1)
              Hash Cond: (mi_idx.movie_id = t.id)
              ->  Seq Scan on movie_info_idx mi_idx  (cost=0.00..21735.35 rows=1380035 width=4) (actual time=0.018..498.857 rows=1380035 loops=1)
              ->  Hash  (cost=67604.59..67604.59 rows=1011338 width=4) (actual time=1589.675..1589.675 rows=1012920 loops=1)
                    Buckets: 131072  Batches: 16  Memory Usage: 3250kB
                    ->  Seq Scan on title t  (cost=0.00..67604.59 rows=1011338 width=4) (actual time=0.035..1257.078 rows=1012920 loops=1)
                          Filter: (production_year > 2005)
                          Rows Removed by Filter: 1515392
Planning time: 1.180 ms
Execution time: 17528.206 ms
