Seq Scan on movie_keyword mk  (cost=0.00..81003.12 rows=3096624 width=0) (actual time=0.024..1406.942 rows=3084604 loops=1)
  Filter: (keyword_id < 11602)
  Rows Removed by Filter: 1439326
Planning time: 0.292 ms
Execution time: 1762.032 ms
