Seq Scan on movie_companies mc  (cost=0.00..51404.11 rows=491584 width=0) (actual time=0.027..863.833 rows=488533 loops=1)
  Filter: (company_id < 428)
  Rows Removed by Filter: 2120596
Planning time: 0.388 ms
Execution time: 926.703 ms
