Hash Join  (cost=100915.24..469281.11 rows=1927 width=0) (actual time=3894.628..8204.992 rows=881 loops=1)
  Hash Cond: (mi.movie_id = t.id)
  ->  Seq Scan on movie_info mi  (cost=0.00..346232.03 rows=5897221 width=4) (actual time=2221.656..5733.892 rows=5884963 loops=1)
        Filter: (info_type_id < 7)
        Rows Removed by Filter: 8950757
  ->  Hash  (cost=100904.92..100904.92 rows=826 width=8) (actual time=1656.950..1656.950 rows=226 loops=1)
        Buckets: 1024  Batches: 1  Memory Usage: 17kB
        ->  Hash Join  (cost=73982.55..100904.92 rows=826 width=8) (actual time=1197.745..1656.807 rows=226 loops=1)
              Hash Cond: (mi_idx.movie_id = t.id)
              ->  Seq Scan on movie_info_idx mi_idx  (cost=0.00..25185.44 rows=460978 width=4) (actual time=0.024..401.452 rows=459925 loops=1)
                    Filter: (info_type_id = 99)
                    Rows Removed by Filter: 920110
              ->  Hash  (cost=73925.90..73925.90 rows=4532 width=4) (actual time=1179.050..1179.050 rows=4021 loops=1)
                    Buckets: 8192  Batches: 1  Memory Usage: 206kB
                    ->  Seq Scan on title t  (cost=0.00..73925.90 rows=4532 width=4) (actual time=0.165..1176.905 rows=4021 loops=1)
                          Filter: ((kind_id > 6) AND (production_year = 1954))
                          Rows Removed by Filter: 2524291
Planning time: 1.217 ms
Execution time: 8205.308 ms
