Hash Join  (cost=75342.47..527164.88 rows=301726 width=0) (actual time=1226.073..10871.637 rows=160273 loops=1)
  Hash Cond: (mi.movie_id = t.id)
  ->  Seq Scan on movie_info mi  (cost=0.00..346232.03 rows=8841901 width=4) (actual time=0.017..6431.527 rows=8950757 loops=1)
        Filter: (info_type_id > 6)
        Rows Removed by Filter: 5884963
  ->  Hash  (cost=73925.90..73925.90 rows=86285 width=4) (actual time=1224.854..1224.854 rows=92628 loops=1)
        Buckets: 131072  Batches: 2  Memory Usage: 2659kB
        ->  Seq Scan on title t  (cost=0.00..73925.90 rows=86285 width=4) (actual time=283.933..1180.397 rows=92628 loops=1)
              Filter: ((kind_id = 7) AND (production_year = 2010))
              Rows Removed by Filter: 2435684
Planning time: 0.525 ms
Execution time: 10893.622 ms
