Seq Scan on movie_keyword mk  (cost=0.00..81003.12 rows=246 width=0) (actual time=144.020..1376.769 rows=12 loops=1)
  Filter: (keyword_id = 39935)
  Rows Removed by Filter: 4523918
Planning time: 0.331 ms
Execution time: 1376.868 ms
