Seq Scan on cast_info ci  (cost=0.00..705507.15 rows=500 width=0) (actual time=4392.726..11052.903 rows=64 loops=1)
  Filter: (person_id = 245831)
  Rows Removed by Filter: 36244280
Planning time: 0.385 ms
Execution time: 11053.009 ms
