Seq Scan on movie_keyword mk  (cost=0.00..81003.12 rows=1047581 width=0) (actual time=0.027..1277.094 rows=1058093 loops=1)
  Filter: (keyword_id > 16680)
  Rows Removed by Filter: 3465837
Planning time: 0.407 ms
Execution time: 1404.314 ms
