Hash Join  (cost=447487.84..1412938.66 rows=1089150 width=0) (actual time=10413.262..28533.390 rows=2416736 loops=1)
  Hash Cond: (ci.movie_id = t.id)
  ->  Seq Scan on cast_info ci  (cost=0.00..796071.18 rows=8829112 width=4) (actual time=560.266..13418.295 rows=9508679 loops=1)
        Filter: ((person_id < 978269) AND (role_id < 10))
        Rows Removed by Filter: 26735665
  ->  Hash  (cost=442369.88..442369.88 rows=311917 width=8) (actual time=9851.920..9851.920 rows=338946 loops=1)
        Buckets: 131072  Batches: 8  Memory Usage: 2627kB
        ->  Hash Join  (cost=74594.78..442369.88 rows=311917 width=8) (actual time=1251.087..9715.364 rows=338946 loops=1)
              Hash Cond: (mi.movie_id = t.id)
              ->  Seq Scan on movie_info mi  (cost=0.00..309384.22 rows=14739122 width=4) (actual time=0.025..4301.859 rows=14835720 loops=1)
              ->  Hash  (cost=73925.90..73925.90 rows=53510 width=4) (actual time=1250.533..1250.533 rows=40884 loops=1)
                    Buckets: 65536  Batches: 1  Memory Usage: 1950kB
                    ->  Seq Scan on title t  (cost=0.00..73925.90 rows=53510 width=4) (actual time=692.900..1233.435 rows=40884 loops=1)
                          Filter: ((production_year > 2001) AND (kind_id = 3))
                          Rows Removed by Filter: 2487428
Planning time: 1.258 ms
Execution time: 28815.096 ms
