Hash Join  (cost=102767.86..258602.12 rows=2699270 width=0) (actual time=1902.753..5847.881 rows=2692654 loops=1)
  Hash Cond: (mk.movie_id = t.id)
  ->  Seq Scan on movie_keyword mk  (cost=0.00..81003.12 rows=2699270 width=4) (actual time=0.028..1618.292 rows=2692654 loops=1)
        Filter: (keyword_id < 7622)
        Rows Removed by Filter: 1831276
  ->  Hash  (cost=61283.27..61283.27 rows=2528527 width=4) (actual time=1900.361..1900.361 rows=2528312 loops=1)
        Buckets: 131072  Batches: 64  Memory Usage: 2425kB
        ->  Seq Scan on title t  (cost=0.00..61283.27 rows=2528527 width=4) (actual time=0.024..1063.207 rows=2528312 loops=1)
Planning time: 1.767 ms
Execution time: 6159.959 ms
