Seq Scan on movie_companies mc  (cost=0.00..57926.93 rows=1069188 width=0) (actual time=0.031..1114.680 rows=947061 loops=1)
  Filter: ((company_id > 302) AND (company_type_id < 2))
  Rows Removed by Filter: 1662068
Planning time: 0.408 ms
Execution time: 1229.904 ms
