Hash Join  (cost=144136.32..1253159.30 rows=7322282 width=0) (actual time=3431.459..43291.129 rows=25684932 loops=1)
  Hash Cond: (ci.movie_id = t.id)
  ->  Seq Scan on cast_info ci  (cost=0.00..614943.12 rows=36225612 width=4) (actual time=0.023..12877.052 rows=36244344 loops=1)
  ->  Hash  (cost=135750.68..135750.68 rows=511091 width=8) (actual time=3430.343..3430.343 rows=940604 loops=1)
        Buckets: 131072 (originally 131072)  Batches: 16 (originally 8)  Memory Usage: 3320kB
        ->  Hash Join  (cost=89289.29..135750.68 rows=511091 width=8) (actual time=1591.784..3148.847 rows=940604 loops=1)
              Hash Cond: (mi_idx.movie_id = t.id)
              ->  Seq Scan on movie_info_idx mi_idx  (cost=0.00..21735.35 rows=1380035 width=4) (actual time=0.023..470.335 rows=1380035 loops=1)
              ->  Hash  (cost=73925.90..73925.90 rows=936431 width=4) (actual time=1590.696..1590.696 rows=910262 loops=1)
                    Buckets: 131072  Batches: 16  Memory Usage: 3024kB
                    ->  Seq Scan on title t  (cost=0.00..73925.90 rows=936431 width=4) (actual time=0.029..1303.496 rows=910262 loops=1)
                          Filter: ((kind_id < 7) AND (production_year > 1915))
                          Rows Removed by Filter: 1618050
Planning time: 1.217 ms
Execution time: 46106.095 ms
