Seq Scan on movie_info mi  (cost=0.00..346232.03 rows=17937 width=0) (actual time=175.558..5467.261 rows=6598 loops=1)
  Filter: (info_type_id = 40)
  Rows Removed by Filter: 14829122
Planning time: 0.347 ms
Execution time: 5468.348 ms
