Hash Join  (cost=136662.72..269410.55 rows=881979 width=0) (actual time=2868.676..6343.111 rows=2154390 loops=1)
  Hash Cond: (mk.movie_id = t.id)
  ->  Seq Scan on movie_keyword mk  (cost=0.00..69693.30 rows=4523930 width=4) (actual time=0.024..1394.597 rows=4523930 loops=1)
  ->  Hash  (cost=128574.75..128574.75 rows=492958 width=8) (actual time=2867.251..2867.251 rows=369173 loops=1)
        Buckets: 131072  Batches: 8  Memory Usage: 2820kB
        ->  Hash Join  (cost=82423.69..128574.75 rows=492958 width=8) (actual time=1393.787..2752.814 rows=369173 loops=1)
              Hash Cond: (mi_idx.movie_id = t.id)
              ->  Seq Scan on movie_info_idx mi_idx  (cost=0.00..21735.35 rows=1380035 width=4) (actual time=0.022..460.232 rows=1380035 loops=1)
              ->  Hash  (cost=67604.59..67604.59 rows=903208 width=4) (actual time=1392.571..1392.571 rows=904491 loops=1)
                    Buckets: 131072  Batches: 16  Memory Usage: 3010kB
                    ->  Seq Scan on title t  (cost=0.00..67604.59 rows=903208 width=4) (actual time=0.027..1109.015 rows=904491 loops=1)
                          Filter: (production_year > 2006)
                          Rows Removed by Filter: 1623821
Planning time: 3.640 ms
Execution time: 6534.412 ms
