Seq Scan on cast_info ci  (cost=0.00..796071.18 rows=369 width=0) (actual time=788.049..14296.882 rows=26 loops=1)
  Filter: ((role_id < 5) AND (person_id = 1552065))
  Rows Removed by Filter: 36244318
Planning time: 0.381 ms
Execution time: 14297.015 ms
