Hash Join  (cost=135942.18..223510.44 rows=91023 width=0) (actual time=2388.070..5488.361 rows=1482486 loops=1)
  Hash Cond: (mk.movie_id = t.id)
  ->  Seq Scan on movie_keyword mk  (cost=0.00..69693.30 rows=4523930 width=4) (actual time=0.015..1053.066 rows=4523930 loops=1)
  ->  Hash  (cost=135306.24..135306.24 rows=50875 width=8) (actual time=2386.811..2386.811 rows=163938 loops=1)
        Buckets: 131072 (originally 65536)  Batches: 4 (originally 1)  Memory Usage: 3073kB
        ->  Hash Join  (cost=78556.72..135306.24 rows=50875 width=8) (actual time=1649.879..2325.786 rows=163938 loops=1)
              Hash Cond: (mc.movie_id = t.id)
              ->  Seq Scan on movie_companies mc  (cost=0.00..51404.11 rows=192707 width=4) (actual time=384.379..798.079 rows=193748 loops=1)
                    Filter: (company_id > 115500)
                    Rows Removed by Filter: 2415381
              ->  Hash  (cost=67604.59..67604.59 rows=667531 width=4) (actual time=1264.827..1264.827 rows=662825 loops=1)
                    Buckets: 131072  Batches: 16  Memory Usage: 2476kB
                    ->  Seq Scan on title t  (cost=0.00..67604.59 rows=667531 width=4) (actual time=0.035..1062.538 rows=662825 loops=1)
                          Filter: (kind_id < 2)
                          Rows Removed by Filter: 1865487
Planning time: 0.721 ms
Execution time: 5661.274 ms
