Hash Join  (cost=154614.77..909859.56 rows=445560 width=0) (actual time=2609.384..19804.753 rows=479460 loops=1)
  Hash Cond: (ci.movie_id = t.id)
  ->  Seq Scan on cast_info ci  (cost=0.00..614943.12 rows=36225612 width=4) (actual time=0.021..9063.395 rows=36244344 loops=1)
  ->  Hash  (cost=154226.02..154226.02 rows=31100 width=8) (actual time=2608.985..2608.985 rows=11095 loops=1)
        Buckets: 32768  Batches: 1  Memory Usage: 690kB
        ->  Hash Join  (cost=68426.36..154226.02 rows=31100 width=8) (actual time=1038.201..2604.216 rows=11095 loops=1)
              Hash Cond: (mk.movie_id = t.id)
              ->  Seq Scan on movie_keyword mk  (cost=0.00..81003.12 rows=1196143 width=4) (actual time=0.020..1336.014 rows=1205148 loops=1)
                    Filter: (keyword_id > 15228)
                    Rows Removed by Filter: 3318782
              ->  Hash  (cost=67604.59..67604.59 rows=65742 width=4) (actual time=1036.939..1036.939 rows=63827 loops=1)
                    Buckets: 131072  Batches: 1  Memory Usage: 3268kB
                    ->  Seq Scan on title t  (cost=0.00..67604.59 rows=65742 width=4) (actual time=0.020..1010.819 rows=63827 loops=1)
                          Filter: (production_year = 2013)
                          Rows Removed by Filter: 2464485
Planning time: 1.208 ms
Execution time: 19875.478 ms
