Hash Join  (cost=228391.34..723230.21 rows=3535169 width=0) (actual time=5699.770..36612.405 rows=80955061 loops=1)
  Hash Cond: (mi.movie_id = t.id)
  ->  Seq Scan on movie_info mi  (cost=0.00..346232.03 rows=9476311 width=4) (actual time=0.030..6930.451 rows=9565151 loops=1)
        Filter: (info_type_id < 16)
        Rows Removed by Filter: 5270569
  ->  Hash  (cost=212915.40..212915.40 rows=943275 width=8) (actual time=5698.462..5698.462 rows=2307253 loops=1)
        Buckets: 131072 (originally 131072)  Batches: 32 (originally 16)  Memory Usage: 3901kB
        ->  Hash Join  (cost=78556.72..212915.40 rows=943275 width=8) (actual time=1292.027..5077.754 rows=2307253 loops=1)
              Hash Cond: (mk.movie_id = t.id)
              ->  Seq Scan on movie_keyword mk  (cost=0.00..81003.12 rows=3573013 width=4) (actual time=0.014..1648.686 rows=3570111 loops=1)
                    Filter: (keyword_id > 889)
                    Rows Removed by Filter: 953819
              ->  Hash  (cost=67604.59..67604.59 rows=667531 width=4) (actual time=1290.967..1290.967 rows=662825 loops=1)
                    Buckets: 131072  Batches: 16  Memory Usage: 2486kB
                    ->  Seq Scan on title t  (cost=0.00..67604.59 rows=667531 width=4) (actual time=479.385..1079.890 rows=662825 loops=1)
                          Filter: (kind_id = 1)
                          Rows Removed by Filter: 1865487
Planning time: 1.240 ms
Execution time: 46049.896 ms
