Hash Join  (cost=89116.48..177337.01 rows=955401 width=0) (actual time=1691.494..4102.083 rows=548394 loops=1)
  Hash Cond: (mc.movie_id = t.id)
  ->  Seq Scan on movie_companies mc  (cost=0.00..44881.29 rows=2609129 width=4) (actual time=0.026..847.843 rows=2609129 loops=1)
  ->  Hash  (cost=73925.90..73925.90 rows=925886 width=4) (actual time=1690.516..1690.516 rows=1011017 loops=1)
        Buckets: 131072  Batches: 16  Memory Usage: 3254kB
        ->  Seq Scan on title t  (cost=0.00..73925.90 rows=925886 width=4) (actual time=0.022..1363.258 rows=1011017 loops=1)
              Filter: ((kind_id > 2) AND (production_year > 2001))
              Rows Removed by Filter: 1517295
Planning time: 0.824 ms
Execution time: 4170.789 ms
