Hash Join  (cost=67697.55..94648.62 rows=4059 width=0) (actual time=1102.211..1723.453 rows=18428 loops=1)
  Hash Cond: (mi_idx.movie_id = t.id)
  ->  Seq Scan on movie_info_idx mi_idx  (cost=0.00..21735.35 rows=1380035 width=4) (actual time=0.014..296.828 rows=1380035 loops=1)
  ->  Hash  (cost=67604.59..67604.59 rows=7437 width=4) (actual time=1102.055..1102.055 rows=24917 loops=1)
        Buckets: 32768 (originally 8192)  Batches: 1 (originally 1)  Memory Usage: 1132kB
        ->  Seq Scan on title t  (cost=0.00..67604.59 rows=7437 width=4) (actual time=0.019..1090.531 rows=24917 loops=1)
              Filter: (production_year = 1992)
              Rows Removed by Filter: 2503395
Planning time: 0.699 ms
Execution time: 1726.257 ms
