Seq Scan on movie_keyword mk  (cost=0.00..81003.12 rows=246 width=0) (actual time=0.494..1275.793 rows=724 loops=1)
  Filter: (keyword_id = 5363)
  Rows Removed by Filter: 4523206
Planning time: 0.405 ms
Execution time: 1276.159 ms
