Hash Join  (cost=185310.51..264586.21 rows=306518 width=0) (actual time=3747.757..6861.598 rows=5872385 loops=1)
  Hash Cond: (mc.movie_id = t.id)
  ->  Seq Scan on movie_companies mc  (cost=0.00..44881.29 rows=2609129 width=4) (actual time=0.027..832.016 rows=2609129 loops=1)
  ->  Hash  (cost=180436.40..180436.40 rows=297049 width=8) (actual time=3746.858..3746.858 rows=643518 loops=1)
        Buckets: 131072 (originally 131072)  Batches: 16 (originally 4)  Memory Usage: 3073kB
        ->  Hash Join  (cost=83810.17..180436.40 rows=297049 width=8) (actual time=1475.686..3539.302 rows=643518 loops=1)
              Hash Cond: (mk.movie_id = t.id)
              ->  Seq Scan on movie_keyword mk  (cost=0.00..81003.12 rows=760428 width=4) (actual time=0.029..1348.168 rows=767507 loops=1)
                    Filter: (keyword_id > 24387)
                    Rows Removed by Filter: 3756423
              ->  Hash  (cost=67604.59..67604.59 rows=987727 width=4) (actual time=1474.854..1474.854 rows=985048 loops=1)
                    Buckets: 131072  Batches: 16  Memory Usage: 3197kB
                    ->  Seq Scan on title t  (cost=0.00..67604.59 rows=987727 width=4) (actual time=0.017..1148.941 rows=985048 loops=1)
                          Filter: (kind_id < 7)
                          Rows Removed by Filter: 1543264
Planning time: 1.310 ms
Execution time: 7423.412 ms
