Hash Join  (cost=75227.65..785203.86 rows=10988 width=0) (actual time=7232.011..14217.139 rows=10524 loops=1)
  Hash Cond: (ci.movie_id = t.id)
  ->  Seq Scan on cast_info ci  (cost=0.00..705507.15 rows=350181 width=4) (actual time=5883.117..12741.950 rows=316118 loops=1)
        Filter: (role_id > 10)
        Rows Removed by Filter: 35928226
  ->  Hash  (cost=73925.90..73925.90 rows=79340 width=4) (actual time=1347.252..1347.252 rows=92312 loops=1)
        Buckets: 131072  Batches: 2  Memory Usage: 2648kB
        ->  Seq Scan on title t  (cost=0.00..73925.90 rows=79340 width=4) (actual time=0.038..1306.057 rows=92312 loops=1)
              Filter: ((kind_id > 1) AND (production_year = 2006))
              Rows Removed by Filter: 2436000
Planning time: 0.772 ms
Execution time: 14218.712 ms
