Seq Scan on cast_info ci  (cost=0.00..705507.15 rows=500 width=0) (actual time=2178.075..11650.234 rows=18 loops=1)
  Filter: (person_id = 149705)
  Rows Removed by Filter: 36244326
Planning time: 0.439 ms
Execution time: 11650.336 ms
