Seq Scan on movie_keyword mk  (cost=0.00..81003.12 rows=246 width=0) (actual time=11.082..1285.786 rows=672 loops=1)
  Filter: (keyword_id = 6159)
  Rows Removed by Filter: 4523258
Planning time: 0.400 ms
Execution time: 1286.166 ms
