Seq Scan on cast_info ci  (cost=0.00..705507.15 rows=30384286 width=0) (actual time=0.016..13742.609 rows=30489875 loops=1)
  Filter: (person_id > 558005)
  Rows Removed by Filter: 5754469
Planning time: 0.351 ms
Execution time: 17590.291 ms
