Hash Join  (cost=159207.79..524279.34 rows=41561 width=0) (actual time=2403.098..8453.621 rows=629261 loops=1)
  Hash Cond: (mi.movie_id = t.id)
  ->  Seq Scan on movie_info mi  (cost=0.00..309384.22 rows=14739122 width=4) (actual time=0.019..3288.354 rows=14835720 loops=1)
  ->  Hash  (cost=159118.67..159118.67 rows=7130 width=8) (actual time=2401.695..2401.695 rows=10950 loops=1)
        Buckets: 16384 (originally 8192)  Batches: 1 (originally 1)  Memory Usage: 556kB
        ->  Hash Join  (cost=75628.47..159118.67 rows=7130 width=8) (actual time=1155.295..2397.519 rows=10950 loops=1)
              Hash Cond: (mk.movie_id = t.id)
              ->  Seq Scan on movie_keyword mk  (cost=0.00..81003.12 rows=173807 width=4) (actual time=0.020..1167.338 rows=168751 loops=1)
                    Filter: (keyword_id > 72189)
                    Rows Removed by Filter: 4355179
              ->  Hash  (cost=73925.90..73925.90 rows=103725 width=4) (actual time=1154.541..1154.541 rows=98992 loops=1)
                    Buckets: 131072  Batches: 2  Memory Usage: 2766kB
                    ->  Seq Scan on title t  (cost=0.00..73925.90 rows=103725 width=4) (actual time=284.208..1119.066 rows=98992 loops=1)
                          Filter: ((production_year > 2010) AND (kind_id = 1))
                          Rows Removed by Filter: 2429320
Planning time: 0.798 ms
Execution time: 8517.178 ms
