Hash Join  (cost=159570.99..543483.50 rows=214431 width=0) (actual time=3729.792..12172.956 rows=2100816 loops=1)
  Hash Cond: (mi.movie_id = t.id)
  ->  Seq Scan on movie_info mi  (cost=0.00..346232.03 rows=9476311 width=4) (actual time=581.545..6498.822 rows=9565151 loops=1)
        Filter: (info_type_id < 16)
        Rows Removed by Filter: 5270569
  ->  Hash  (cost=158855.79..158855.79 rows=57216 width=8) (actual time=3139.224..3139.224 rows=64299 loops=1)
        Buckets: 65536  Batches: 1  Memory Usage: 3024kB
        ->  Hash Join  (cost=68365.25..158855.79 rows=57216 width=8) (actual time=1237.201..3119.071 rows=64299 loops=1)
              Hash Cond: (mk.movie_id = t.id)
              ->  Seq Scan on movie_keyword mk  (cost=0.00..81003.12 rows=2377402 width=4) (actual time=0.023..1469.195 rows=2369544 loops=1)
                    Filter: (keyword_id > 4066)
                    Rows Removed by Filter: 2154386
              ->  Hash  (cost=67604.59..67604.59 rows=60853 width=4) (actual time=1236.719..1236.719 rows=62568 loops=1)
                    Buckets: 65536  Batches: 1  Memory Usage: 2712kB
                    ->  Seq Scan on title t  (cost=0.00..67604.59 rows=60853 width=4) (actual time=0.039..1210.348 rows=62568 loops=1)
                          Filter: (production_year = 2002)
                          Rows Removed by Filter: 2465744
Planning time: 1.415 ms
Execution time: 12439.272 ms
