Hash Join  (cost=73962.22..133313.24 rows=435 width=0) (actual time=1070.960..1603.998 rows=537 loops=1)
  Hash Cond: (mc.movie_id = t.id)
  ->  Seq Scan on movie_companies mc  (cost=0.00..57926.93 rows=378597 width=4) (actual time=0.018..521.400 rows=63099 loops=1)
        Filter: ((company_id > 33010) AND (company_type_id < 2))
        Rows Removed by Filter: 2546030
  ->  Hash  (cost=73925.90..73925.90 rows=2905 width=4) (actual time=1070.530..1070.530 rows=9474 loops=1)
        Buckets: 16384 (originally 4096)  Batches: 1 (originally 1)  Memory Usage: 462kB
        ->  Seq Scan on title t  (cost=0.00..73925.90 rows=2905 width=4) (actual time=0.171..1066.199 rows=9474 loops=1)
              Filter: ((kind_id < 7) AND (production_year = 1991))
              Rows Removed by Filter: 2518838
Planning time: 0.780 ms
Execution time: 1604.268 ms
