Nested Loop  (cost=25190.47..107475.29 rows=1 width=0) (actual time=481.422..1798.979 rows=37 loops=1)
  Join Filter: (mi_idx.movie_id = t.id)
  ->  Hash Join  (cost=25190.04..107433.45 rows=6 width=8) (actual time=481.364..1797.251 rows=37 loops=1)
        Hash Cond: (mk.movie_id = mi_idx.movie_id)
        ->  Seq Scan on movie_keyword mk  (cost=0.00..81003.12 rows=7087 width=4) (actual time=0.195..1374.606 rows=7495 loops=1)
              Filter: (keyword_id = 889)
              Rows Removed by Filter: 4516435
        ->  Hash  (cost=25185.44..25185.44 rows=368 width=4) (actual time=420.220..420.220 rows=260 loops=1)
              Buckets: 1024  Batches: 1  Memory Usage: 18kB
              ->  Seq Scan on movie_info_idx mi_idx  (cost=0.00..25185.44 rows=368 width=4) (actual time=401.542..420.121 rows=260 loops=1)
                    Filter: (info_type_id > 101)
                    Rows Removed by Filter: 1379775
  ->  Index Scan using title_pkey on title t  (cost=0.43..6.96 rows=1 width=4) (actual time=0.038..0.039 rows=1 loops=37)
        Index Cond: (id = mk.movie_id)
        Filter: (kind_id < 7)
Planning time: 1.255 ms
Execution time: 1799.141 ms
