Seq Scan on movie_keyword mk  (cost=0.00..81003.12 rows=4088359 width=0) (actual time=0.020..1362.493 rows=4093504 loops=1)
  Filter: (keyword_id < 40644)
  Rows Removed by Filter: 430426
Planning time: 0.324 ms
Execution time: 1848.212 ms
