Hash Join  (cost=1634179.83..6127178.57 rows=211163936 width=211) (actual time=14107.903..127486.340 rows=460456073 loops=1)
  Hash Cond: (ci.movie_id = t.id)
  ->  Seq Scan on cast_info ci  (cost=0.00..614943.12 rows=36225612 width=42) (actual time=0.019..3506.820 rows=36244344 loops=1)
  ->  Hash  (cost=1090098.81..1090098.81 rows=14739122 width=169) (actual time=14105.547..14105.547 rows=14835720 loops=1)
        Buckets: 32768  Batches: 1024  Memory Usage: 3049kB
        ->  Hash Join  (cost=129928.86..1090098.81 rows=14739122 width=169) (actual time=731.897..9533.424 rows=14835720 loops=1)
              Hash Cond: (mi.movie_id = t.id)
              ->  Seq Scan on movie_info mi  (cost=0.00..309384.22 rows=14739122 width=75) (actual time=0.009..1357.870 rows=14835720 loops=1)
              ->  Hash  (cost=61283.27..61283.27 rows=2528527 width=94) (actual time=730.856..730.856 rows=2528312 loops=1)
                    Buckets: 32768  Batches: 128  Memory Usage: 2470kB
                    ->  Seq Scan on title t  (cost=0.00..61283.27 rows=2528527 width=94) (actual time=0.007..261.046 rows=2528312 loops=1)
Planning time: 0.714 ms
Execution time: 139135.133 ms
