Hash Join  (cost=346691.22..1116980.93 rows=22043907 width=0) (actual time=7816.181..64201.950 rows=205712918 loops=1)
  Hash Cond: (mi.movie_id = t.id)
  ->  Seq Scan on movie_info mi  (cost=0.00..309384.22 rows=14739122 width=4) (actual time=0.022..6494.392 rows=14835720 loops=1)
  ->  Hash  (cost=284647.25..284647.25 rows=3781678 width=8) (actual time=7814.302..7814.302 rows=3779173 loops=1)
        Buckets: 131072  Batches: 64  Memory Usage: 3436kB
        ->  Hash Join  (cost=102767.86..284647.25 rows=3781678 width=8) (actual time=1946.975..6835.572 rows=3779173 loops=1)
              Hash Cond: (mk.movie_id = t.id)
              ->  Seq Scan on movie_keyword mk  (cost=0.00..81003.12 rows=3781678 width=4) (actual time=0.013..1701.444 rows=3779173 loops=1)
                    Filter: (keyword_id > 678)
                    Rows Removed by Filter: 744757
              ->  Hash  (cost=61283.27..61283.27 rows=2528527 width=4) (actual time=1946.322..1946.322 rows=2528312 loops=1)
                    Buckets: 131072  Batches: 64  Memory Usage: 2425kB
                    ->  Seq Scan on title t  (cost=0.00..61283.27 rows=2528527 width=4) (actual time=0.112..1079.676 rows=2528312 loops=1)
Planning time: 1.145 ms
Execution time: 84975.839 ms
