Hash Join  (cost=73982.55..425294.26 rows=2416 width=0) (actual time=4901.029..6938.701 rows=2687 loops=1)
  Hash Cond: (mi.movie_id = t.id)
  ->  Seq Scan on movie_info mi  (cost=0.00..346232.03 rows=1348138 width=4) (actual time=3651.960..5458.777 rows=1298989 loops=1)
        Filter: (info_type_id = 4)
        Rows Removed by Filter: 13536731
  ->  Hash  (cost=73925.90..73925.90 rows=4532 width=4) (actual time=1247.437..1247.437 rows=8404 loops=1)
        Buckets: 16384 (originally 8192)  Batches: 1 (originally 1)  Memory Usage: 424kB
        ->  Seq Scan on title t  (cost=0.00..73925.90 rows=4532 width=4) (actual time=0.105..1242.925 rows=8404 loops=1)
              Filter: ((kind_id = 7) AND (production_year = 1983))
              Rows Removed by Filter: 2519908
Planning time: 5.723 ms
Execution time: 6939.265 ms
