Hash Join  (cost=95958.28..183185.03 rows=56872 width=0) (actual time=1749.946..3786.772 rows=280704 loops=1)
  Hash Cond: (mk.movie_id = t.id)
  ->  Seq Scan on movie_keyword mk  (cost=0.00..69693.30 rows=4523930 width=4) (actual time=0.026..1137.400 rows=4523930 loops=1)
  ->  Hash  (cost=95560.94..95560.94 rows=31787 width=8) (actual time=1749.601..1749.601 rows=37455 loops=1)
        Buckets: 65536 (originally 32768)  Batches: 1 (originally 1)  Memory Usage: 1976kB
        ->  Hash Join  (cost=68332.59..95560.94 rows=31787 width=8) (actual time=1077.255..1735.613 rows=37455 loops=1)
              Hash Cond: (mi_idx.movie_id = t.id)
              ->  Seq Scan on movie_info_idx mi_idx  (cost=0.00..21735.35 rows=1380035 width=4) (actual time=0.022..315.566 rows=1380035 loops=1)
              ->  Hash  (cost=67604.59..67604.59 rows=58240 width=4) (actual time=1076.872..1076.872 rows=58590 loops=1)
                    Buckets: 65536  Batches: 1  Memory Usage: 2572kB
                    ->  Seq Scan on title t  (cost=0.00..67604.59 rows=58240 width=4) (actual time=0.012..1053.513 rows=58590 loops=1)
                          Filter: (production_year = 2001)
                          Rows Removed by Filter: 2469722
Planning time: 1.099 ms
Execution time: 3822.301 ms
