Seq Scan on movie_keyword mk  (cost=0.00..81003.12 rows=1362489 width=0) (actual time=0.025..1475.167 rows=1375828 loops=1)
  Filter: (keyword_id < 1825)
  Rows Removed by Filter: 3148102
Planning time: 0.326 ms
Execution time: 1646.995 ms
