Hash Join  (cost=102767.86..205155.00 rows=1708248 width=0) (actual time=1964.566..4800.559 rows=1711536 loops=1)
  Hash Cond: (mc.movie_id = t.id)
  ->  Seq Scan on movie_companies mc  (cost=0.00..51404.11 rows=1708248 width=4) (actual time=0.024..1069.838 rows=1711536 loops=1)
        Filter: (company_id > 2842)
        Rows Removed by Filter: 897593
  ->  Hash  (cost=61283.27..61283.27 rows=2528527 width=4) (actual time=1963.008..1963.008 rows=2528312 loops=1)
        Buckets: 131072  Batches: 64  Memory Usage: 2415kB
        ->  Seq Scan on title t  (cost=0.00..61283.27 rows=2528527 width=4) (actual time=0.013..1133.900 rows=2528312 loops=1)
Planning time: 0.779 ms
Execution time: 4993.132 ms
