Hash Join  (cost=83072.30..896088.12 rows=8 width=0) (actual time=1421.372..20568.859 rows=113 loops=1)
  Hash Cond: (ci.movie_id = t.id)
  ->  Seq Scan on cast_info ci  (cost=0.00..705507.15 rows=28668949 width=4) (actual time=0.023..15307.125 rows=28808107 loops=1)
        Filter: (role_id < 8)
        Rows Removed by Filter: 7436237
  ->  Hash  (cost=83072.29..83072.29 rows=1 width=8) (actual time=1324.333..1324.333 rows=4 loops=1)
        Buckets: 1024  Batches: 1  Memory Usage: 9kB
        ->  Nested Loop  (cost=0.43..83072.29 rows=1 width=8) (actual time=455.951..1324.298 rows=4 loops=1)
              ->  Seq Scan on movie_keyword mk  (cost=0.00..81003.12 rows=246 width=4) (actual time=0.142..1265.757 rows=1562 loops=1)
                    Filter: (keyword_id = 3309)
                    Rows Removed by Filter: 4522368
              ->  Index Scan using title_pkey on title t  (cost=0.43..8.40 rows=1 width=4) (actual time=0.037..0.037 rows=0 loops=1562)
                    Index Cond: (id = mk.movie_id)
                    Filter: (production_year = 1950)
                    Rows Removed by Filter: 1
Planning time: 1.177 ms
Execution time: 20569.101 ms
