Seq Scan on movie_keyword mk  (cost=0.00..81003.12 rows=246 width=0) (actual time=0.890..1154.826 rows=777 loops=1)
  Filter: (keyword_id = 2761)
  Rows Removed by Filter: 4523153
Planning time: 1.673 ms
Execution time: 1155.199 ms
