Seq Scan on movie_keyword mk  (cost=0.00..81003.12 rows=4253600 width=0) (actual time=0.023..1621.939 rows=4253454 loops=1)
  Filter: (keyword_id < 58240)
  Rows Removed by Filter: 270476
Planning time: 0.320 ms
Execution time: 2151.463 ms
