Hash Join  (cost=102767.86..178867.34 rows=344649 width=0) (actual time=2344.432..3738.895 rows=494237 loops=1)
  Hash Cond: (mc.movie_id = t.id)
  ->  Seq Scan on movie_companies mc  (cost=0.00..57926.93 rows=344649 width=4) (actual time=386.144..1033.913 rows=494237 loops=1)
        Filter: ((company_id < 1284) AND (company_type_id < 2))
        Rows Removed by Filter: 2114892
  ->  Hash  (cost=61283.27..61283.27 rows=2528527 width=4) (actual time=1956.908..1956.908 rows=2528312 loops=1)
        Buckets: 131072  Batches: 64  Memory Usage: 2415kB
        ->  Seq Scan on title t  (cost=0.00..61283.27 rows=2528527 width=4) (actual time=0.023..1121.810 rows=2528312 loops=1)
Planning time: 0.576 ms
Execution time: 3793.406 ms
