Nested Loop  (cost=0.43..83072.29 rows=24 width=0) (actual time=51.246..1379.386 rows=163 loops=1)
  ->  Seq Scan on movie_keyword mk  (cost=0.00..81003.12 rows=246 width=4) (actual time=0.358..1292.308 rows=1757 loops=1)
        Filter: (keyword_id = 1043)
        Rows Removed by Filter: 4522173
  ->  Index Scan using title_pkey on title t  (cost=0.43..8.40 rows=1 width=4) (actual time=0.049..0.049 rows=0 loops=1757)
        Index Cond: (id = mk.movie_id)
        Filter: (production_year < 1960)
        Rows Removed by Filter: 1
Planning time: 0.766 ms
Execution time: 1379.621 ms
