Hash Join  (cost=74393.18..101348.72 rows=6714 width=0) (actual time=1228.489..1808.109 rows=8841 loops=1)
  Hash Cond: (mi_idx.movie_id = t.id)
  ->  Seq Scan on movie_info_idx mi_idx  (cost=0.00..25185.44 rows=454124 width=4) (actual time=0.026..454.365 rows=459925 loops=1)
        Filter: (info_type_id = 100)
        Rows Removed by Filter: 920110
  ->  Hash  (cost=73925.90..73925.90 rows=37382 width=4) (actual time=1228.098..1228.098 rows=33190 loops=1)
        Buckets: 65536  Batches: 1  Memory Usage: 1679kB
        ->  Seq Scan on title t  (cost=0.00..73925.90 rows=37382 width=4) (actual time=0.052..1214.812 rows=33190 loops=1)
              Filter: ((kind_id = 1) AND (production_year = 2010))
              Rows Removed by Filter: 2495122
Planning time: 0.728 ms
Execution time: 1809.834 ms
