Hash Join  (cost=124443.62..485165.45 rows=89997 width=0) (actual time=4166.370..8276.533 rows=192243 loops=1)
  Hash Cond: (mi.movie_id = t.id)
  ->  Seq Scan on movie_info mi  (cost=0.00..346232.03 rows=3623957 width=4) (actual time=2363.445..5537.605 rows=3624977 loops=1)
        Filter: (info_type_id < 4)
        Rows Removed by Filter: 11210743
  ->  Hash  (cost=123658.70..123658.70 rows=62793 width=8) (actual time=1802.290..1802.290 rows=58957 loops=1)
        Buckets: 65536  Batches: 1  Memory Usage: 2816kB
        ->  Hash Join  (cost=68365.25..123658.70 rows=62793 width=8) (actual time=1057.033..1788.956 rows=58957 loops=1)
              Hash Cond: (mc.movie_id = t.id)
              ->  Seq Scan on movie_companies mc  (cost=0.00..44881.29 rows=2609129 width=4) (actual time=0.017..299.613 rows=2609129 loops=1)
              ->  Hash  (cost=67604.59..67604.59 rows=60853 width=4) (actual time=1056.650..1056.650 rows=62568 loops=1)
                    Buckets: 65536  Batches: 1  Memory Usage: 2712kB
                    ->  Seq Scan on title t  (cost=0.00..67604.59 rows=60853 width=4) (actual time=0.044..1031.382 rows=62568 loops=1)
                          Filter: (production_year = 2002)
                          Rows Removed by Filter: 2465744
Planning time: 3.360 ms
Execution time: 8302.390 ms
