Seq Scan on movie_keyword mk  (cost=0.00..81003.12 rows=2156146 width=0) (actual time=0.014..1576.948 rows=2151851 loops=1)
  Filter: (keyword_id > 5376)
  Rows Removed by Filter: 2372079
Planning time: 0.315 ms
Execution time: 1845.690 ms
