Hash Join  (cost=83810.17..1025504.09 rows=3579922 width=0) (actual time=6707.766..19465.688 rows=2201236 loops=1)
  Hash Cond: (ci.movie_id = t.id)
  ->  Seq Scan on cast_info ci  (cost=0.00..796071.18 rows=9164404 width=4) (actual time=5385.037..14399.498 rows=5733475 loops=1)
        Filter: ((person_id > 1956360) AND (role_id < 3))
        Rows Removed by Filter: 30510869
  ->  Hash  (cost=67604.59..67604.59 rows=987727 width=4) (actual time=1321.578..1321.578 rows=985048 loops=1)
        Buckets: 131072  Batches: 16  Memory Usage: 3188kB
        ->  Seq Scan on title t  (cost=0.00..67604.59 rows=987727 width=4) (actual time=0.016..1021.349 rows=985048 loops=1)
              Filter: (kind_id < 7)
              Rows Removed by Filter: 1543264
Planning time: 0.751 ms
Execution time: 19718.441 ms
