Hash Join  (cost=102767.86..241655.88 rows=1995009 width=0) (actual time=2051.459..5499.191 rows=2003616 loops=1)
  Hash Cond: (mk.movie_id = t.id)
  ->  Seq Scan on movie_keyword mk  (cost=0.00..81003.12 rows=1995009 width=4) (actual time=0.023..1528.028 rows=2003616 loops=1)
        Filter: (keyword_id > 6243)
        Rows Removed by Filter: 2520314
  ->  Hash  (cost=61283.27..61283.27 rows=2528527 width=4) (actual time=2049.757..2049.757 rows=2528312 loops=1)
        Buckets: 131072  Batches: 64  Memory Usage: 2425kB
        ->  Seq Scan on title t  (cost=0.00..61283.27 rows=2528527 width=4) (actual time=0.011..1144.364 rows=2528312 loops=1)
Planning time: 4.069 ms
Execution time: 5737.318 ms
