Hash Join  (cost=74050.79..883707.03 rows=142735 width=0) (actual time=4162.843..15422.138 rows=781287 loops=1)
  Hash Cond: (ci.movie_id = t.id)
  ->  Seq Scan on cast_info ci  (cost=0.00..796071.18 rows=918590 width=4) (actual time=2934.089..12199.232 rows=3643221 loops=1)
        Filter: ((person_id > 3274758) AND (role_id > 6))
        Rows Removed by Filter: 32601123
  ->  Hash  (cost=67604.59..67604.59 rows=392896 width=4) (actual time=1228.007..1228.007 rows=391666 loops=1)
        Buckets: 131072  Batches: 8  Memory Usage: 2753kB
        ->  Seq Scan on title t  (cost=0.00..67604.59 rows=392896 width=4) (actual time=0.021..1100.891 rows=391666 loops=1)
              Filter: (production_year > 2010)
              Rows Removed by Filter: 2136646
Planning time: 0.804 ms
Execution time: 15520.761 ms
