Hash Join  (cost=105846.50..166794.65 rows=30189 width=0) (actual time=1914.824..2689.645 rows=90452 loops=1)
  Hash Cond: (mc.movie_id = t.id)
  ->  Seq Scan on movie_companies mc  (cost=0.00..51404.11 rows=2464575 width=4) (actual time=0.029..459.566 rows=2465593 loops=1)
        Filter: (company_id < 134877)
        Rows Removed by Filter: 143536
  ->  Hash  (cost=105459.35..105459.35 rows=30972 width=8) (actual time=1914.591..1914.591 rows=34074 loops=1)
        Buckets: 65536 (originally 32768)  Batches: 1 (originally 1)  Memory Usage: 1844kB
        ->  Hash Join  (cost=69002.72..105459.35 rows=30972 width=8) (actual time=1093.643..1902.509 rows=34074 loops=1)
              Hash Cond: (mi_idx.movie_id = t.id)
              ->  Seq Scan on movie_info_idx mi_idx  (cost=0.00..25185.44 rows=919057 width=4) (actual time=0.022..486.597 rows=920110 loops=1)
                    Filter: (info_type_id > 99)
                    Rows Removed by Filter: 459925
              ->  Hash  (cost=67604.59..67604.59 rows=85211 width=4) (actual time=1092.876..1092.876 rows=84593 loops=1)
                    Buckets: 131072  Batches: 2  Memory Usage: 2518kB
                    ->  Seq Scan on title t  (cost=0.00..67604.59 rows=85211 width=4) (actual time=0.025..1061.201 rows=84593 loops=1)
                          Filter: (production_year = 2004)
                          Rows Removed by Filter: 2443719
Planning time: 3.556 ms
Execution time: 2697.420 ms
