Seq Scan on cast_info ci  (cost=0.00..705507.15 rows=25080958 width=0) (actual time=0.022..12462.542 rows=25107738 loops=1)
  Filter: (person_id < 2588834)
  Rows Removed by Filter: 11136606
Planning time: 0.906 ms
Execution time: 15621.899 ms
