Hash Join  (cost=177513.02..569860.76 rows=804699 width=0) (actual time=7746.908..12025.431 rows=1803941 loops=1)
  Hash Cond: (mi.movie_id = t.id)
  ->  Seq Scan on movie_info mi  (cost=0.00..346232.03 rows=3068194 width=4) (actual time=3434.269..5848.393 rows=3036719 loops=1)
        Filter: (info_type_id = 16)
        Rows Removed by Filter: 11799001
  ->  Hash  (cost=166632.52..166632.52 rows=663160 width=8) (actual time=4311.546..4311.546 rows=563656 loops=1)
        Buckets: 131072  Batches: 16  Memory Usage: 2399kB
        ->  Hash Join  (cost=88295.76..166632.52 rows=663160 width=8) (actual time=2280.548..4124.697 rows=563656 loops=1)
              Hash Cond: (mc.movie_id = t.id)
              ->  Seq Scan on movie_companies mc  (cost=0.00..51404.11 rows=1329612 width=4) (actual time=261.264..1058.437 rows=1334883 loops=1)
                    Filter: (company_type_id > 1)
                    Rows Removed by Filter: 1274246
              ->  Hash  (cost=67604.59..67604.59 rows=1261134 width=4) (actual time=2018.532..2018.532 rows=1260295 loops=1)
                    Buckets: 131072  Batches: 32  Memory Usage: 2413kB
                    ->  Seq Scan on title t  (cost=0.00..67604.59 rows=1261134 width=4) (actual time=0.025..1258.030 rows=1260295 loops=1)
                          Filter: (production_year > 2002)
                          Rows Removed by Filter: 1268017
Planning time: 0.980 ms
Execution time: 12225.001 ms
