Hash Join  (cost=709676.74..804667.92 rows=276 width=0) (actual time=9847.167..11265.942 rows=1 loops=1)
  Hash Cond: (mk.movie_id = t.id)
  ->  Seq Scan on movie_keyword mk  (cost=0.00..81003.12 rows=3729413 width=4) (actual time=0.026..1113.068 rows=3729118 loops=1)
        Filter: (keyword_id > 763)
        Rows Removed by Filter: 794812
  ->  Hash  (cost=709674.40..709674.40 rows=187 width=8) (actual time=9769.274..9769.274 rows=65 loops=1)
        Buckets: 1024  Batches: 1  Memory Usage: 11kB
        ->  Nested Loop  (cost=0.43..709674.40 rows=187 width=8) (actual time=4761.763..9769.222 rows=65 loops=1)
              ->  Seq Scan on cast_info ci  (cost=0.00..705507.15 rows=500 width=4) (actual time=4761.164..9766.854 rows=298 loops=1)
                    Filter: (person_id = 1485487)
                    Rows Removed by Filter: 36244046
              ->  Index Scan using title_pkey on title t  (cost=0.43..8.32 rows=1 width=4) (actual time=0.007..0.007 rows=0 loops=298)
                    Index Cond: (id = ci.movie_id)
                    Filter: ((production_year < 2007) AND (kind_id = 7))
                    Rows Removed by Filter: 1
Planning time: 1.160 ms
Execution time: 11266.077 ms
