Hash Join  (cost=109398.70..198912.55 rows=31903 width=0) (actual time=2443.661..4212.532 rows=11691 loops=1)
  Hash Cond: (mk.movie_id = t.id)
  ->  Seq Scan on movie_keyword mk  (cost=0.00..81003.12 rows=2184453 width=4) (actual time=0.029..1412.113 rows=2184258 loops=1)
        Filter: (keyword_id < 4333)
        Rows Removed by Filter: 2339672
  ->  Hash  (cost=108937.10..108937.10 rows=36928 width=8) (actual time=2442.438..2442.438 rows=8787 loops=1)
        Buckets: 65536  Batches: 1  Memory Usage: 856kB
        ->  Hash Join  (cost=77224.26..108937.10 rows=36928 width=8) (actual time=1751.650..2438.294 rows=8787 loops=1)
              Hash Cond: (mi_idx.movie_id = t.id)
              ->  Seq Scan on movie_info_idx mi_idx  (cost=0.00..25185.44 rows=464566 width=4) (actual time=0.034..490.252 rows=459925 loops=1)
                    Filter: (info_type_id = 101)
                    Rows Removed by Filter: 920110
              ->  Hash  (cost=73925.90..73925.90 rows=200988 width=4) (actual time=1749.498..1749.498 rows=74956 loops=1)
                    Buckets: 131072  Batches: 4  Memory Usage: 1682kB
                    ->  Seq Scan on title t  (cost=0.00..73925.90 rows=200988 width=4) (actual time=0.010..1249.846 rows=74956 loops=1)
                          Filter: ((kind_id > 1) AND (production_year < 1963))
                          Rows Removed by Filter: 2453356
Planning time: 1.156 ms
Execution time: 4214.399 ms
