Hash Join  (cost=74300.43..164583.32 rows=28425 width=0) (actual time=946.160..2824.502 rows=19667 loops=1)
  Hash Cond: (mk.movie_id = t.id)
  ->  Seq Scan on movie_keyword mk  (cost=0.00..81003.12 rows=2398803 width=4) (actual time=0.026..1558.684 rows=2398674 loops=1)
        Filter: (keyword_id < 5588)
        Rows Removed by Filter: 2125256
  ->  Hash  (cost=73925.90..73925.90 rows=29962 width=4) (actual time=814.739..814.739 rows=32487 loops=1)
        Buckets: 32768  Batches: 1  Memory Usage: 1399kB
        ->  Seq Scan on title t  (cost=0.00..73925.90 rows=29962 width=4) (actual time=0.029..804.054 rows=32487 loops=1)
              Filter: ((kind_id > 1) AND (production_year = 1997))
              Rows Removed by Filter: 2495825
Planning time: 0.747 ms
Execution time: 2827.629 ms
