Hash Join  (cost=122535.74..941353.49 rows=18262 width=0) (actual time=9255.040..19401.468 rows=155006 loops=1)
  Hash Cond: (ci.movie_id = t.id)
  ->  Seq Scan on cast_info ci  (cost=0.00..796071.18 rows=6017055 width=4) (actual time=7086.754..14518.384 rows=12252473 loops=1)
        Filter: ((person_id < 1680099) AND (role_id < 2))
        Rows Removed by Filter: 23991871
  ->  Hash  (cost=122439.81..122439.81 rows=7674 width=8) (actual time=2167.861..2167.861 rows=17020 loops=1)
        Buckets: 32768 (originally 8192)  Batches: 1 (originally 1)  Memory Usage: 921kB
        ->  Hash Join  (cost=67697.55..122439.81 rows=7674 width=8) (actual time=932.931..2160.852 rows=17020 loops=1)
              Hash Cond: (mc.movie_id = t.id)
              ->  Seq Scan on movie_companies mc  (cost=0.00..44881.29 rows=2609129 width=4) (actual time=0.022..675.977 rows=2609129 loops=1)
              ->  Hash  (cost=67604.59..67604.59 rows=7437 width=4) (actual time=932.821..932.821 rows=11416 loops=1)
                    Buckets: 16384 (originally 8192)  Batches: 1 (originally 1)  Memory Usage: 530kB
                    ->  Seq Scan on title t  (cost=0.00..67604.59 rows=7437 width=4) (actual time=0.025..927.324 rows=11416 loops=1)
                          Filter: (production_year = 1964)
                          Rows Removed by Filter: 2516896
Planning time: 1.186 ms
Execution time: 19423.900 ms
