Hash Join  (cost=98327.90..1351031.64 rows=21309057 width=0) (actual time=1963.116..40625.827 rows=21053933 loops=1)
  Hash Cond: (ci.movie_id = t.id)
  ->  Seq Scan on cast_info ci  (cost=0.00..614943.12 rows=36225612 width=4) (actual time=0.020..12895.693 rows=36244344 loops=1)
  ->  Hash  (cost=73925.90..73925.90 rows=1487360 width=4) (actual time=1961.847..1961.847 rows=1478439 loops=1)
        Buckets: 131072  Batches: 32  Memory Usage: 2651kB
        ->  Seq Scan on title t  (cost=0.00..73925.90 rows=1487360 width=4) (actual time=239.796..1490.942 rows=1478439 loops=1)
              Filter: ((production_year > 1906) AND (kind_id = 7))
              Rows Removed by Filter: 1049873
Planning time: 0.755 ms
Execution time: 43129.510 ms
