Hash Join  (cost=190230.21..1034965.89 rows=1387573 width=0) (actual time=6297.783..22135.400 rows=5880560 loops=1)
  Hash Cond: (ci.movie_id = t.id)
  ->  Seq Scan on cast_info ci  (cost=0.00..796071.18 rows=2542338 width=4) (actual time=1823.049..12284.729 rows=5175464 loops=1)
        Filter: ((person_id < 694328) AND (role_id = 1))
        Rows Removed by Filter: 31068880
  ->  Hash  (cost=167588.78..167588.78 rows=1380035 width=8) (actual time=4473.076..4473.076 rows=1380035 loops=1)
        Buckets: 131072  Batches: 32  Memory Usage: 2708kB
        ->  Hash Join  (cost=102767.86..167588.78 rows=1380035 width=8) (actual time=1972.205..4060.308 rows=1380035 loops=1)
              Hash Cond: (mi_idx.movie_id = t.id)
              ->  Seq Scan on movie_info_idx mi_idx  (cost=0.00..21735.35 rows=1380035 width=4) (actual time=0.019..531.274 rows=1380035 loops=1)
              ->  Hash  (cost=61283.27..61283.27 rows=2528527 width=4) (actual time=1970.577..1970.577 rows=2528312 loops=1)
                    Buckets: 131072  Batches: 64  Memory Usage: 2415kB
                    ->  Seq Scan on title t  (cost=0.00..61283.27 rows=2528527 width=4) (actual time=0.013..1105.582 rows=2528312 loops=1)
Planning time: 2.215 ms
Execution time: 22853.110 ms
