Hash Join  (cost=423019.34..1177508.11 rows=369961 width=0) (actual time=7357.559..26275.507 rows=2272998 loops=1)
  Hash Cond: (ci.movie_id = t.id)
  ->  Seq Scan on cast_info ci  (cost=0.00..614943.12 rows=36225612 width=4) (actual time=0.028..8973.014 rows=36244344 loops=1)
  ->  Hash  (cost=422696.56..422696.56 rows=25823 width=8) (actual time=7356.425..7356.425 rows=32255 loops=1)
        Buckets: 32768  Batches: 1  Memory Usage: 1516kB
        ->  Hash Join  (cost=67976.49..422696.56 rows=25823 width=8) (actual time=1091.325..7344.104 rows=32255 loops=1)
              Hash Cond: (mi.movie_id = t.id)
              ->  Seq Scan on movie_info mi  (cost=0.00..346232.03 rows=2194617 width=4) (actual time=0.976..5795.970 rows=2233850 loops=1)
                    Filter: (info_type_id > 16)
                    Rows Removed by Filter: 12601870
              ->  Hash  (cost=67604.59..67604.59 rows=29752 width=4) (actual time=1043.586..1043.586 rows=30027 loops=1)
                    Buckets: 32768  Batches: 1  Memory Usage: 1312kB
                    ->  Seq Scan on title t  (cost=0.00..67604.59 rows=29752 width=4) (actual time=0.016..1030.617 rows=30027 loops=1)
                          Filter: (production_year = 1994)
                          Rows Removed by Filter: 2498285
Planning time: 1.231 ms
Execution time: 26564.417 ms
