Nested Loop  (cost=0.43..83072.90 rows=33 width=0) (actual time=870.107..1318.680 rows=64 loops=1)
  ->  Seq Scan on movie_keyword mk  (cost=0.00..81003.12 rows=246 width=4) (actual time=0.070..1224.613 rows=2899 loops=1)
        Filter: (keyword_id = 317)
        Rows Removed by Filter: 4521031
  ->  Index Scan using title_pkey on title t  (cost=0.43..8.40 rows=1 width=4) (actual time=0.032..0.032 rows=0 loops=2899)
        Index Cond: (id = mk.movie_id)
        Filter: ((production_year < 1983) AND (kind_id = 7))
        Rows Removed by Filter: 1
Planning time: 5.515 ms
Execution time: 1318.831 ms
