Hash Join  (cost=164960.81..1332784.51 rows=13046257 width=0) (actual time=3811.539..43653.227 rows=30491458 loops=1)
  Hash Cond: (ci.movie_id = t.id)
  ->  Seq Scan on cast_info ci  (cost=0.00..614943.12 rows=36225612 width=4) (actual time=0.011..12781.546 rows=36244344 loops=1)
  ->  Hash  (cost=150020.05..150020.05 rows=910621 width=8) (actual time=3810.652..3810.652 rows=1068706 loops=1)
        Buckets: 131072  Batches: 16  Memory Usage: 3646kB
        ->  Hash Join  (cost=94978.31..150020.05 rows=910621 width=8) (actual time=1834.057..3507.639 rows=1068706 loops=1)
              Hash Cond: (mi_idx.movie_id = t.id)
              ->  Seq Scan on movie_info_idx mi_idx  (cost=0.00..21735.35 rows=1380035 width=4) (actual time=0.012..434.703 rows=1380035 loops=1)
              ->  Hash  (cost=67604.59..67604.59 rows=1668458 width=4) (actual time=1833.248..1833.248 rows=1671292 loops=1)
                    Buckets: 131072  Batches: 32  Memory Usage: 2858kB
                    ->  Seq Scan on title t  (cost=0.00..67604.59 rows=1668458 width=4) (actual time=0.008..1307.699 rows=1671292 loops=1)
                          Filter: (production_year < 2008)
                          Rows Removed by Filter: 857020
Planning time: 1.063 ms
Execution time: 47035.133 ms
