Hash Join  (cost=138978.79..503830.40 rows=19571 width=0) (actual time=1477.856..8287.765 rows=66855 loops=1)
  Hash Cond: (mi.movie_id = t.id)
  ->  Seq Scan on movie_info mi  (cost=0.00..309384.22 rows=14739122 width=4) (actual time=0.026..3794.407 rows=14835720 loops=1)
  ->  Hash  (cost=138936.83..138936.83 rows=3357 width=8) (actual time=1476.933..1476.933 rows=7641 loops=1)
        Buckets: 8192 (originally 4096)  Batches: 1 (originally 1)  Memory Usage: 363kB
        ->  Nested Loop  (cost=0.43..138936.83 rows=3357 width=8) (actual time=0.174..1472.730 rows=7641 loops=1)
              ->  Seq Scan on movie_keyword mk  (cost=0.00..81003.12 rows=8595 width=4) (actual time=0.130..1187.504 rows=7873 loops=1)
                    Filter: (keyword_id = 3)
                    Rows Removed by Filter: 4516057
              ->  Index Scan using title_pkey on title t  (cost=0.43..6.73 rows=1 width=4) (actual time=0.035..0.035 rows=1 loops=7873)
                    Index Cond: (id = mk.movie_id)
                    Filter: (kind_id < 7)
                    Rows Removed by Filter: 0
Planning time: 1.259 ms
Execution time: 8297.660 ms
