Hash Join  (cost=82423.69..200816.84 rows=799148 width=0) (actual time=1438.900..5038.234 rows=517577 loops=1)
  Hash Cond: (mk.movie_id = t.id)
  ->  Seq Scan on movie_keyword mk  (cost=0.00..81003.12 rows=2237212 width=4) (actual time=0.019..1484.068 rows=2229626 loops=1)
        Filter: (keyword_id < 4587)
        Rows Removed by Filter: 2294304
  ->  Hash  (cost=67604.59..67604.59 rows=903208 width=4) (actual time=1438.092..1438.092 rows=904491 loops=1)
        Buckets: 131072  Batches: 16  Memory Usage: 3017kB
        ->  Seq Scan on title t  (cost=0.00..67604.59 rows=903208 width=4) (actual time=0.018..1144.621 rows=904491 loops=1)
              Filter: (production_year > 2006)
              Rows Removed by Filter: 1623821
Planning time: 1.682 ms
Execution time: 5102.864 ms
