Hash Join  (cost=160737.19..914046.17 rows=19572 width=0) (actual time=6307.794..16758.715 rows=80444 loops=1)
  Hash Cond: (ci.movie_id = t.id)
  ->  Seq Scan on cast_info ci  (cost=0.00..705507.15 rows=9521229 width=4) (actual time=3314.444..11839.682 rows=9499616 loops=1)
        Filter: (person_id > 2755731)
        Rows Removed by Filter: 26744728
  ->  Hash  (cost=160672.23..160672.23 rows=5197 width=8) (actual time=2990.434..2990.434 rows=14184 loops=1)
        Buckets: 16384 (originally 8192)  Batches: 1 (originally 1)  Memory Usage: 683kB
        ->  Hash Join  (cost=73962.22..160672.23 rows=5197 width=8) (actual time=1145.430..2985.338 rows=14184 loops=1)
              Hash Cond: (mk.movie_id = t.id)
              ->  Seq Scan on movie_keyword mk  (cost=0.00..69693.30 rows=4523930 width=4) (actual time=0.030..1032.720 rows=4523930 loops=1)
              ->  Hash  (cost=73925.90..73925.90 rows=2905 width=4) (actual time=1143.837..1143.837 rows=3676 loops=1)
                    Buckets: 4096  Batches: 1  Memory Usage: 162kB
                    ->  Seq Scan on title t  (cost=0.00..73925.90 rows=2905 width=4) (actual time=0.725..1141.894 rows=3676 loops=1)
                          Filter: ((kind_id < 7) AND (production_year = 1958))
                          Rows Removed by Filter: 2524636
Planning time: 1.126 ms
Execution time: 16770.435 ms
