Hash Join  (cost=77887.52..583598.17 rows=1209202 width=0) (actual time=1324.071..15066.505 rows=418523 loops=1)
  Hash Cond: (mi.movie_id = t.id)
  ->  Seq Scan on movie_info mi  (cost=0.00..346232.03 rows=12665229 width=4) (actual time=0.014..6907.829 rows=12744652 loops=1)
        Filter: (info_type_id > 2)
        Rows Removed by Filter: 2091068
  ->  Hash  (cost=73925.90..73925.90 rows=241409 width=4) (actual time=1323.249..1323.249 rows=257849 loops=1)
        Buckets: 131072  Batches: 4  Memory Usage: 3311kB
        ->  Seq Scan on title t  (cost=0.00..73925.90 rows=241409 width=4) (actual time=0.031..1233.466 rows=257849 loops=1)
              Filter: ((kind_id > 4) AND (production_year > 2010))
              Rows Removed by Filter: 2270463
Planning time: 0.739 ms
Execution time: 15116.501 ms
