Hash Join  (cost=83074.74..109986.57 rows=134 width=0) (actual time=1284.215..1847.662 rows=5555 loops=1)
  Hash Cond: (mi_idx.movie_id = t.id)
  ->  Seq Scan on movie_info_idx mi_idx  (cost=0.00..21735.35 rows=1380035 width=4) (actual time=0.017..288.092 rows=1380035 loops=1)
  ->  Hash  (cost=83071.67..83071.67 rows=246 width=8) (actual time=1284.048..1284.048 rows=2672 loops=1)
        Buckets: 4096 (originally 1024)  Batches: 1 (originally 1)  Memory Usage: 137kB
        ->  Nested Loop  (cost=0.43..83071.67 rows=246 width=8) (actual time=0.137..1282.166 rows=2672 loops=1)
              ->  Seq Scan on movie_keyword mk  (cost=0.00..81003.12 rows=246 width=4) (actual time=0.075..1179.392 rows=2672 loops=1)
                    Filter: (keyword_id = 851)
                    Rows Removed by Filter: 4521258
              ->  Index Only Scan using title_pkey on title t  (cost=0.43..8.40 rows=1 width=4) (actual time=0.037..0.037 rows=1 loops=2672)
                    Index Cond: (id = mk.movie_id)
                    Heap Fetches: 2672
Planning time: 1.194 ms
Execution time: 1848.672 ms
