Seq Scan on title t  (cost=0.00..73925.90 rows=19817 width=0) (actual time=0.342..1099.774 rows=14357 loops=1)
  Filter: ((kind_id < 4) AND (production_year = 2001))
  Rows Removed by Filter: 2513955
Planning time: 0.392 ms
Execution time: 1102.535 ms
