Hash Join  (cost=252741.44..1102077.77 rows=4432093 width=0) (actual time=8944.206..22157.003 rows=1857957 loops=1)
  Hash Cond: (ci.movie_id = t.id)
  ->  Seq Scan on cast_info ci  (cost=0.00..705507.15 rows=7298253 width=4) (actual time=4025.995..13517.899 rows=7451973 loops=1)
        Filter: (role_id = 2)
        Rows Removed by Filter: 28792371
  ->  Hash  (cost=227548.35..227548.35 rows=1535527 width=8) (actual time=4917.231..4917.231 rows=377303 loops=1)
        Buckets: 131072  Batches: 32  Memory Usage: 1480kB
        ->  Hash Join  (cost=92883.59..227548.35 rows=1535527 width=8) (actual time=2484.744..4809.317 rows=377303 loops=1)
              Hash Cond: (mk.movie_id = t.id)
              ->  Seq Scan on movie_keyword mk  (cost=0.00..81003.12 rows=2519874 width=4) (actual time=0.029..1576.486 rows=2512988 loops=1)
                    Filter: (keyword_id > 3576)
                    Rows Removed by Filter: 2010942
              ->  Hash  (cost=67604.59..67604.59 rows=1540800 width=4) (actual time=1778.018..1778.018 rows=1543264 loops=1)
                    Buckets: 131072  Batches: 32  Memory Usage: 2728kB
                    ->  Seq Scan on title t  (cost=0.00..67604.59 rows=1540800 width=4) (actual time=0.019..1237.686 rows=1543264 loops=1)
                          Filter: (kind_id = 7)
                          Rows Removed by Filter: 985048
Planning time: 1.173 ms
Execution time: 22368.770 ms
