Hash Join  (cost=74753.85..131492.31 rows=34830 width=0) (actual time=1473.436..2260.882 rows=13882 loops=1)
  Hash Cond: (mc.movie_id = t.id)
  ->  Seq Scan on movie_companies mc  (cost=0.00..51404.11 rows=1329612 width=4) (actual time=267.747..731.235 rows=1334883 loops=1)
        Filter: (company_type_id > 1)
        Rows Removed by Filter: 1274246
  ->  Hash  (cost=73925.90..73925.90 rows=66236 width=4) (actual time=1204.562..1204.562 rows=74971 loops=1)
        Buckets: 131072  Batches: 1  Memory Usage: 3660kB
        ->  Seq Scan on title t  (cost=0.00..73925.90 rows=66236 width=4) (actual time=0.345..1173.326 rows=74971 loops=1)
              Filter: ((kind_id > 4) AND (production_year = 2006))
              Rows Removed by Filter: 2453341
Planning time: 3.720 ms
Execution time: 2262.955 ms
