Hash Join  (cost=215833.08..1107495.62 rows=5514712 width=0) (actual time=4844.976..27622.897 rows=14561525 loops=1)
  Hash Cond: (ci.movie_id = t.id)
  ->  Seq Scan on cast_info ci  (cost=0.00..705507.15 rows=10897939 width=4) (actual time=39.850..13067.562 rows=10782929 loops=1)
        Filter: (person_id < 1058643)
        Rows Removed by Filter: 25461415
  ->  Hash  (cost=194840.12..194840.12 rows=1279517 width=8) (actual time=4803.729..4803.729 rows=1274246 loops=1)
        Buckets: 131072  Batches: 32  Memory Usage: 2553kB
        ->  Hash Join  (cost=102767.86..194840.12 rows=1279517 width=8) (actual time=1952.006..4428.643 rows=1274246 loops=1)
              Hash Cond: (mc.movie_id = t.id)
              ->  Seq Scan on movie_companies mc  (cost=0.00..51404.11 rows=1279517 width=4) (actual time=0.026..998.696 rows=1274246 loops=1)
                    Filter: (company_type_id = 1)
                    Rows Removed by Filter: 1334883
              ->  Hash  (cost=61283.27..61283.27 rows=2528527 width=4) (actual time=1951.292..1951.292 rows=2528312 loops=1)
                    Buckets: 131072  Batches: 64  Memory Usage: 2415kB
                    ->  Seq Scan on title t  (cost=0.00..61283.27 rows=2528527 width=4) (actual time=0.030..1122.146 rows=2528312 loops=1)
Planning time: 1.199 ms
Execution time: 29233.169 ms
