Hash Join  (cost=190230.21..1324995.99 rows=13591964 width=0) (actual time=5779.513..39765.971 rows=27629554 loops=1)
  Hash Cond: (ci.movie_id = t.id)
  ->  Seq Scan on cast_info ci  (cost=0.00..705507.15 rows=24903462 width=4) (actual time=1418.220..15078.114 rows=25001301 loops=1)
        Filter: (person_id > 1103540)
        Rows Removed by Filter: 11243043
  ->  Hash  (cost=167588.78..167588.78 rows=1380035 width=8) (actual time=4360.061..4360.061 rows=1380035 loops=1)
        Buckets: 131072  Batches: 32  Memory Usage: 2708kB
        ->  Hash Join  (cost=102767.86..167588.78 rows=1380035 width=8) (actual time=1919.154..4033.942 rows=1380035 loops=1)
              Hash Cond: (mi_idx.movie_id = t.id)
              ->  Seq Scan on movie_info_idx mi_idx  (cost=0.00..21735.35 rows=1380035 width=4) (actual time=0.031..454.972 rows=1380035 loops=1)
              ->  Hash  (cost=61283.27..61283.27 rows=2528527 width=4) (actual time=1917.439..1917.439 rows=2528312 loops=1)
                    Buckets: 131072  Batches: 64  Memory Usage: 2415kB
                    ->  Seq Scan on title t  (cost=0.00..61283.27 rows=2528527 width=4) (actual time=0.028..1092.364 rows=2528312 loops=1)
Planning time: 1.093 ms
Execution time: 42893.582 ms
