Hash Join  (cost=176314.80..253305.16 rows=140783 width=0) (actual time=3151.535..5882.828 rows=2328724 loops=1)
  Hash Cond: (mc.movie_id = t.id)
  ->  Seq Scan on movie_companies mc  (cost=0.00..44881.29 rows=2609129 width=4) (actual time=0.019..935.463 rows=2609129 loops=1)
  ->  Hash  (cost=174076.38..174076.38 rows=136434 width=8) (actual time=3150.722..3150.722 rows=311513 loops=1)
        Buckets: 131072 (originally 131072)  Batches: 4 (originally 2)  Memory Usage: 4075kB
        ->  Hash Join  (cost=83810.17..174076.38 rows=136434 width=8) (actual time=1362.310..3050.085 rows=311513 loops=1)
              Hash Cond: (mk.movie_id = t.id)
              ->  Seq Scan on movie_keyword mk  (cost=0.00..81003.12 rows=349264 width=4) (actual time=0.018..1233.640 rows=363692 loops=1)
                    Filter: (keyword_id < 335)
                    Rows Removed by Filter: 4160238
              ->  Hash  (cost=67604.59..67604.59 rows=987727 width=4) (actual time=1361.283..1361.283 rows=985048 loops=1)
                    Buckets: 131072  Batches: 16  Memory Usage: 3197kB
                    ->  Seq Scan on title t  (cost=0.00..67604.59 rows=987727 width=4) (actual time=0.013..1050.363 rows=985048 loops=1)
                          Filter: (kind_id < 7)
                          Rows Removed by Filter: 1543264
Planning time: 1.130 ms
Execution time: 6139.625 ms
