Hash Join  (cost=74235.99..161337.87 rows=44384 width=0) (actual time=2110.305..3210.808 rows=11065 loops=1)
  Hash Cond: (mk.movie_id = t.id)
  ->  Seq Scan on movie_keyword mk  (cost=0.00..69693.30 rows=4523930 width=4) (actual time=0.021..1062.101 rows=4523930 loops=1)
  ->  Hash  (cost=73925.90..73925.90 rows=24807 width=4) (actual time=1260.805..1260.805 rows=25986 loops=1)
        Buckets: 32768  Batches: 1  Memory Usage: 1170kB
        ->  Seq Scan on title t  (cost=0.00..73925.90 rows=24807 width=4) (actual time=0.033..1249.825 rows=25986 loops=1)
              Filter: ((kind_id = 7) AND (production_year = 1997))
              Rows Removed by Filter: 2502326
Planning time: 0.744 ms
Execution time: 3212.416 ms
