Seq Scan on movie_keyword mk  (cost=0.00..81003.12 rows=3005867 width=0) (actual time=0.027..1477.173 rows=2988676 loops=1)
  Filter: (keyword_id < 10373)
  Rows Removed by Filter: 1535254
Planning time: 0.322 ms
Execution time: 1844.412 ms
