Seq Scan on cast_info ci  (cost=0.00..796071.18 rows=15095316 width=0) (actual time=0.021..14221.457 rows=13405317 loops=1)
  Filter: ((person_id > 1323300) AND (role_id < 4))
  Rows Removed by Filter: 22839027
Planning time: 0.352 ms
Execution time: 15740.212 ms
