Seq Scan on title t  (cost=0.00..73925.90 rows=711229 width=0) (actual time=0.021..1094.511 rows=612155 loops=1)
  Filter: ((kind_id < 7) AND (production_year > 1987))
  Rows Removed by Filter: 1916157
Planning time: 0.375 ms
Execution time: 1173.835 ms
