Seq Scan on movie_keyword mk  (cost=0.00..81003.12 rows=2833729 width=0) (actual time=0.029..1472.072 rows=2824679 loops=1)
  Filter: (keyword_id < 8469)
  Rows Removed by Filter: 1699251
Planning time: 0.334 ms
Execution time: 1813.802 ms
