Seq Scan on movie_companies mc  (cost=0.00..51404.11 rows=721180 width=0) (actual time=0.022..815.689 rows=724375 loops=1)
  Filter: (company_id > 41434)
  Rows Removed by Filter: 1884754
Planning time: 0.309 ms
Execution time: 908.726 ms
