Hash Join  (cost=709678.15..764348.83 rows=516 width=0) (actual time=11153.733..11798.736 rows=2 loops=1)
  Hash Cond: (mc.movie_id = t.id)
  ->  Seq Scan on movie_companies mc  (cost=0.00..44881.29 rows=2609129 width=4) (actual time=0.009..625.542 rows=2609129 loops=1)
  ->  Hash  (cost=709671.90..709671.90 rows=500 width=8) (actual time=10723.197..10723.197 rows=21 loops=1)
        Buckets: 1024  Batches: 1  Memory Usage: 9kB
        ->  Nested Loop  (cost=0.43..709671.90 rows=500 width=8) (actual time=5732.481..10723.171 rows=21 loops=1)
              ->  Seq Scan on cast_info ci  (cost=0.00..705507.15 rows=500 width=4) (actual time=5732.383..10722.756 rows=21 loops=1)
                    Filter: (person_id = 866703)
                    Rows Removed by Filter: 36244323
              ->  Index Only Scan using title_pkey on title t  (cost=0.43..8.32 rows=1 width=4) (actual time=0.017..0.017 rows=1 loops=21)
                    Index Cond: (id = ci.movie_id)
                    Heap Fetches: 21
Planning time: 0.791 ms
Execution time: 11798.884 ms
