Hash Join  (cost=73962.22..128657.72 rows=2998 width=0) (actual time=1111.768..2294.393 rows=15736 loops=1)
  Hash Cond: (mc.movie_id = t.id)
  ->  Seq Scan on movie_companies mc  (cost=0.00..44881.29 rows=2609129 width=4) (actual time=0.024..634.200 rows=2609129 loops=1)
  ->  Hash  (cost=73925.90..73925.90 rows=2905 width=4) (actual time=1111.111..1111.111 rows=8125 loops=1)
        Buckets: 8192 (originally 4096)  Batches: 1 (originally 1)  Memory Usage: 350kB
        ->  Seq Scan on title t  (cost=0.00..73925.90 rows=2905 width=4) (actual time=97.036..1107.469 rows=8125 loops=1)
              Filter: ((kind_id < 7) AND (production_year = 1914))
              Rows Removed by Filter: 2520187
Planning time: 1.184 ms
Execution time: 2297.242 ms
