Seq Scan on movie_keyword mk  (cost=0.00..81003.12 rows=2316497 width=0) (actual time=0.022..1542.076 rows=2314455 loops=1)
  Filter: (keyword_id > 4456)
  Rows Removed by Filter: 2209475
Planning time: 0.298 ms
Execution time: 1839.145 ms
