Hash Join  (cost=212665.92..251969.51 rows=170053 width=0) (actual time=4152.593..5311.957 rows=727036 loops=1)
  Hash Cond: (mi_idx.movie_id = t.id)
  ->  Seq Scan on movie_info_idx mi_idx  (cost=0.00..25185.44 rows=915101 width=4) (actual time=0.022..558.509 rows=919850 loops=1)
        Filter: (info_type_id < 101)
        Rows Removed by Filter: 460185
  ->  Hash  (cost=204956.47..204956.47 rows=469876 width=8) (actual time=4151.688..4151.688 rows=467114 loops=1)
        Buckets: 131072  Batches: 8  Memory Usage: 3334kB
        ->  Hash Join  (cost=102767.86..204956.47 rows=469876 width=8) (actual time=1815.476..4012.692 rows=467114 loops=1)
              Hash Cond: (mk.movie_id = t.id)
              ->  Seq Scan on movie_keyword mk  (cost=0.00..81003.12 rows=469876 width=4) (actual time=0.018..1390.087 rows=467114 loops=1)
                    Filter: (keyword_id > 38131)
                    Rows Removed by Filter: 4056816
              ->  Hash  (cost=61283.27..61283.27 rows=2528527 width=4) (actual time=1812.318..1812.318 rows=2528312 loops=1)
                    Buckets: 131072  Batches: 64  Memory Usage: 2425kB
                    ->  Seq Scan on title t  (cost=0.00..61283.27 rows=2528527 width=4) (actual time=0.020..967.264 rows=2528312 loops=1)
Planning time: 0.955 ms
Execution time: 5383.721 ms
