Seq Scan on movie_keyword mk  (cost=0.00..81003.12 rows=1718474 width=0) (actual time=0.028..1331.185 rows=1727803 loops=1)
  Filter: (keyword_id > 8194)
  Rows Removed by Filter: 2796127
Planning time: 0.329 ms
Execution time: 1542.158 ms
