Seq Scan on cast_info ci  (cost=0.00..796071.18 rows=19041900 width=0) (actual time=0.021..15539.238 rows=21669268 loops=1)
  Filter: ((person_id > 657672) AND (role_id > 1))
  Rows Removed by Filter: 14575076
Planning time: 0.273 ms
Execution time: 18113.136 ms
