Hash Join  (cost=70241.71..134476.70 rows=63584 width=0) (actual time=1193.040..2526.430 rows=55927 loops=1)
  Hash Cond: (mc.movie_id = t.id)
  ->  Seq Scan on movie_companies mc  (cost=0.00..51404.11 rows=1000277 width=4) (actual time=0.023..876.280 rows=1008897 loops=1)
        Filter: (company_id > 16392)
        Rows Removed by Filter: 1600232
  ->  Hash  (cost=67604.59..67604.59 rows=160730 width=4) (actual time=1192.052..1192.052 rows=160017 loops=1)
        Buckets: 131072  Batches: 4  Memory Usage: 2436kB
        ->  Seq Scan on title t  (cost=0.00..67604.59 rows=160730 width=4) (actual time=0.023..1135.394 rows=160017 loops=1)
              Filter: (production_year = 2011)
              Rows Removed by Filter: 2368295
Planning time: 0.753 ms
Execution time: 2534.350 ms
