Hash Join  (cost=165978.42..1205583.96 rows=3410311 width=0) (actual time=3883.544..31886.311 rows=11047772 loops=1)
  Hash Cond: (ci.movie_id = t.id)
  ->  Seq Scan on cast_info ci  (cost=0.00..796071.18 rows=17950466 width=4) (actual time=0.022..17167.937 rows=15025271 loops=1)
        Filter: ((person_id < 2832406) AND (role_id > 1))
        Rows Removed by Filter: 21219073
  ->  Hash  (cost=158096.66..158096.66 rows=480381 width=8) (actual time=3882.818..3882.818 rows=1043799 loops=1)
        Buckets: 131072 (originally 131072)  Batches: 16 (originally 8)  Memory Usage: 3583kB
        ->  Hash Join  (cost=83810.17..158096.66 rows=480381 width=8) (actual time=1520.329..3591.438 rows=1043799 loops=1)
              Hash Cond: (mc.movie_id = t.id)
              ->  Seq Scan on movie_companies mc  (cost=0.00..51404.11 rows=1229749 width=4) (actual time=0.019..956.108 rows=1242362 loops=1)
                    Filter: (company_id > 11758)
                    Rows Removed by Filter: 1366767
              ->  Hash  (cost=67604.59..67604.59 rows=987727 width=4) (actual time=1519.506..1519.506 rows=985048 loops=1)
                    Buckets: 131072  Batches: 16  Memory Usage: 3188kB
                    ->  Seq Scan on title t  (cost=0.00..67604.59 rows=987727 width=4) (actual time=0.031..1232.942 rows=985048 loops=1)
                          Filter: (kind_id < 7)
                          Rows Removed by Filter: 1543264
Planning time: 1.243 ms
Execution time: 33137.251 ms
