Hash Join  (cost=256167.15..895972.60 rows=13268362 width=0) (actual time=6183.708..36656.710 rows=61533791 loops=1)
  Hash Cond: (mi.movie_id = t.id)
  ->  Seq Scan on movie_info mi  (cost=0.00..309384.22 rows=14739122 width=4) (actual time=0.018..6476.731 rows=14835720 loops=1)
  ->  Hash  (cost=218822.46..218822.46 rows=2276215 width=8) (actual time=6182.689..6182.689 rows=2280116 loops=1)
        Buckets: 131072  Batches: 32  Memory Usage: 3860kB
        ->  Hash Join  (cost=102767.86..218822.46 rows=2276215 width=8) (actual time=1998.613..5501.914 rows=2280116 loops=1)
              Hash Cond: (mc.movie_id = t.id)
              ->  Seq Scan on movie_companies mc  (cost=0.00..51404.11 rows=2276215 width=4) (actual time=0.024..1184.788 rows=2280116 loops=1)
                    Filter: (company_id > 160)
                    Rows Removed by Filter: 329013
              ->  Hash  (cost=61283.27..61283.27 rows=2528527 width=4) (actual time=1997.472..1997.472 rows=2528312 loops=1)
                    Buckets: 131072  Batches: 64  Memory Usage: 2415kB
                    ->  Seq Scan on title t  (cost=0.00..61283.27 rows=2528527 width=4) (actual time=0.013..1150.104 rows=2528312 loops=1)
Planning time: 1.200 ms
Execution time: 43645.648 ms
