Seq Scan on movie_companies mc  (cost=0.00..57926.93 rows=305637 width=0) (actual time=0.021..951.905 rows=446435 loops=1)
  Filter: ((company_id < 774) AND (company_type_id < 2))
  Rows Removed by Filter: 2162694
Planning time: 0.326 ms
Execution time: 1007.817 ms
