Hash Join  (cost=83072.43..447729.06 rows=72 width=0) (actual time=1442.233..7414.970 rows=228 loops=1)
  Hash Cond: (mi.movie_id = t.id)
  ->  Seq Scan on movie_info mi  (cost=0.00..309384.22 rows=14739122 width=4) (actual time=0.017..3634.739 rows=14835720 loops=1)
  ->  Hash  (cost=83072.29..83072.29 rows=12 width=8) (actual time=1305.603..1305.603 rows=1 loops=1)
        Buckets: 1024  Batches: 1  Memory Usage: 9kB
        ->  Nested Loop  (cost=0.43..83072.29 rows=12 width=8) (actual time=90.261..1305.588 rows=1 loops=1)
              ->  Seq Scan on movie_keyword mk  (cost=0.00..81003.12 rows=246 width=4) (actual time=90.190..1305.163 rows=6 loops=1)
                    Filter: (keyword_id = 65141)
                    Rows Removed by Filter: 4523924
              ->  Index Scan using title_pkey on title t  (cost=0.43..8.40 rows=1 width=4) (actual time=0.064..0.064 rows=0 loops=6)
                    Index Cond: (id = mk.movie_id)
                    Filter: (production_year = 2008)
                    Rows Removed by Filter: 1
Planning time: 1.137 ms
Execution time: 7415.137 ms
