Hash Join  (cost=85777.42..236649.72 rows=1800841 width=0) (actual time=1558.978..5539.017 rows=1294884 loops=1)
  Hash Cond: (mk.movie_id = t.id)
  ->  Seq Scan on movie_keyword mk  (cost=0.00..81003.12 rows=4110869 width=4) (actual time=0.025..1812.509 rows=4117350 loops=1)
        Filter: (keyword_id < 42638)
        Rows Removed by Filter: 406580
  ->  Hash  (cost=67604.59..67604.59 rows=1107667 width=4) (actual time=1557.423..1557.423 rows=1107925 loops=1)
        Buckets: 131072  Batches: 16  Memory Usage: 3467kB
        ->  Seq Scan on title t  (cost=0.00..67604.59 rows=1107667 width=4) (actual time=0.012..1206.546 rows=1107925 loops=1)
              Filter: (production_year > 2004)
              Rows Removed by Filter: 1420387
Planning time: 0.783 ms
Execution time: 5680.568 ms
