Hash Join  (cost=137413.28..244749.21 rows=221204 width=0) (actual time=4837.170..5540.201 rows=180969 loops=1)
  Hash Cond: (mk.movie_id = t.id)
  ->  Seq Scan on movie_keyword mk  (cost=0.00..81003.12 rows=1991138 width=4) (actual time=0.017..1583.075 rows=1997406 loops=1)
        Filter: (keyword_id > 6265)
        Rows Removed by Filter: 2526524
  ->  Hash  (cost=132803.96..132803.96 rows=280905 width=8) (actual time=3126.856..3126.856 rows=141906 loops=1)
        Buckets: 131072  Batches: 4  Memory Usage: 2413kB
        ->  Hash Join  (cost=92883.59..132803.96 rows=280905 width=8) (actual time=2055.205..3083.903 rows=141906 loops=1)
              Hash Cond: (mi_idx.movie_id = t.id)
              ->  Seq Scan on movie_info_idx mi_idx  (cost=0.00..25185.44 rows=460978 width=4) (actual time=0.023..541.448 rows=459925 loops=1)
                    Filter: (info_type_id = 99)
                    Rows Removed by Filter: 920110
              ->  Hash  (cost=67604.59..67604.59 rows=1540800 width=4) (actual time=2054.238..2054.238 rows=1543264 loops=1)
                    Buckets: 131072  Batches: 32  Memory Usage: 2722kB
                    ->  Seq Scan on title t  (cost=0.00..67604.59 rows=1540800 width=4) (actual time=0.023..1244.165 rows=1543264 loops=1)
                          Filter: (kind_id = 7)
                          Rows Removed by Filter: 985048
Planning time: 1.213 ms
Execution time: 5561.303 ms
