Seq Scan on cast_info ci  (cost=0.00..705507.15 rows=4446205 width=0) (actual time=7795.783..10514.890 rows=4486379 loops=1)
  Filter: (person_id > 3242901)
  Rows Removed by Filter: 31757965
Planning time: 0.359 ms
Execution time: 11026.108 ms
