Seq Scan on movie_keyword mk  (cost=0.00..81003.12 rows=246 width=0) (actual time=1.392..1060.838 rows=1280 loops=1)
  Filter: (keyword_id = 591)
  Rows Removed by Filter: 4522650
Planning time: 0.368 ms
Execution time: 1061.284 ms
