Hash Join  (cost=108113.76..842718.06 rows=172870 width=0) (actual time=6899.725..16996.177 rows=196191 loops=1)
  Hash Cond: (ci.movie_id = t.id)
  ->  Seq Scan on cast_info ci  (cost=0.00..705507.15 rows=7298253 width=4) (actual time=4602.143..12982.160 rows=7451973 loops=1)
        Filter: (role_id = 2)
        Rows Removed by Filter: 28792371
  ->  Hash  (cost=107365.11..107365.11 rows=59892 width=8) (actual time=2297.151..2297.151 rows=36442 loops=1)
        Buckets: 65536  Batches: 1  Memory Usage: 1936kB
        ->  Hash Join  (cost=70308.29..107365.11 rows=59892 width=8) (actual time=1258.525..2286.093 rows=36442 loops=1)
              Hash Cond: (mi_idx.movie_id = t.id)
              ->  Seq Scan on movie_info_idx mi_idx  (cost=0.00..25185.44 rows=919057 width=4) (actual time=0.022..657.422 rows=920110 loops=1)
                    Filter: (info_type_id > 99)
                    Rows Removed by Filter: 459925
              ->  Hash  (cost=67604.59..67604.59 rows=164776 width=4) (actual time=1257.510..1257.510 rows=164307 loops=1)
                    Buckets: 131072  Batches: 4  Memory Usage: 2482kB
                    ->  Seq Scan on title t  (cost=0.00..67604.59 rows=164776 width=4) (actual time=0.021..1199.504 rows=164307 loops=1)
                          Filter: (production_year = 2012)
                          Rows Removed by Filter: 2364005
Planning time: 1.193 ms
Execution time: 17023.319 ms
