Hash Join  (cost=92883.59..937100.59 rows=1357786 width=0) (actual time=13552.217..17302.199 rows=958546 loops=1)
  Hash Cond: (ci.movie_id = t.id)
  ->  Seq Scan on cast_info ci  (cost=0.00..796071.18 rows=2228192 width=4) (actual time=11802.307..14251.731 rows=1446580 loops=1)
        Filter: ((person_id < 2015610) AND (role_id = 3))
        Rows Removed by Filter: 34797764
  ->  Hash  (cost=67604.59..67604.59 rows=1540800 width=4) (actual time=1748.867..1748.867 rows=1543264 loops=1)
        Buckets: 131072  Batches: 32  Memory Usage: 2722kB
        ->  Seq Scan on title t  (cost=0.00..67604.59 rows=1540800 width=4) (actual time=0.032..1253.460 rows=1543264 loops=1)
              Filter: (kind_id = 7)
              Rows Removed by Filter: 985048
Planning time: 0.772 ms
Execution time: 17406.022 ms
