Nested Loop  (cost=0.43..58358.27 rows=51 width=0) (actual time=0.477..929.121 rows=156 loops=1)
  ->  Seq Scan on movie_companies mc  (cost=0.00..57926.93 rows=51 width=4) (actual time=0.394..919.734 rows=156 loops=1)
        Filter: ((company_type_id < 2) AND (company_id = 11816))
        Rows Removed by Filter: 2608973
  ->  Index Only Scan using title_pkey on title t  (cost=0.43..8.45 rows=1 width=4) (actual time=0.058..0.058 rows=1 loops=156)
        Index Cond: (id = mc.movie_id)
        Heap Fetches: 156
Planning time: 0.751 ms
Execution time: 929.256 ms
