Nested Loop  (cost=0.43..58375.45 rows=2 width=0) (actual time=32.992..1025.507 rows=61 loops=1)
  ->  Seq Scan on movie_companies mc  (cost=0.00..57926.93 rows=53 width=4) (actual time=7.748..1008.870 rows=630 loops=1)
        Filter: ((company_type_id > 1) AND (company_id = 7323))
        Rows Removed by Filter: 2608499
  ->  Index Scan using title_pkey on title t  (cost=0.43..8.45 rows=1 width=4) (actual time=0.026..0.026 rows=0 loops=630)
        Index Cond: (id = mc.movie_id)
        Filter: ((kind_id > 1) AND (production_year = 2011))
        Rows Removed by Filter: 1
Planning time: 0.791 ms
Execution time: 1025.646 ms
