Seq Scan on movie_keyword mk  (cost=0.00..81003.12 rows=4434898 width=0) (actual time=0.020..1535.704 rows=4423331 loops=1)
  Filter: (keyword_id > 87)
  Rows Removed by Filter: 100599
Planning time: 0.307 ms
Execution time: 2081.313 ms
