Seq Scan on cast_info ci  (cost=0.00..796071.18 rows=435 width=0) (actual time=4845.525..14744.603 rows=136 loops=1)
  Filter: ((role_id < 10) AND (person_id = 114443))
  Rows Removed by Filter: 36244208
Planning time: 0.406 ms
Execution time: 14744.712 ms
