Seq Scan on movie_companies mc  (cost=0.00..51404.11 rows=1931320 width=0) (actual time=0.023..947.833 rows=1925829 loops=1)
  Filter: (company_id < 48177)
  Rows Removed by Filter: 683300
Planning time: 0.335 ms
Execution time: 1186.856 ms
