Seq Scan on cast_info ci  (cost=0.00..796071.18 rows=1566462 width=0) (actual time=0.014..11382.233 rows=3497639 loops=1)
  Filter: ((person_id > 3424209) AND (role_id > 2))
  Rows Removed by Filter: 32746705
Planning time: 0.375 ms
Execution time: 11775.379 ms
