Hash Join  (cost=202769.17..963075.02 rows=286421 width=0) (actual time=7792.986..18492.822 rows=205876 loops=1)
  Hash Cond: (ci.movie_id = t.id)
  ->  Seq Scan on cast_info ci  (cost=0.00..705507.15 rows=3998100 width=4) (actual time=3871.971..13018.185 rows=4008037 loops=1)
        Filter: (role_id = 3)
        Rows Removed by Filter: 32236307
  ->  Hash  (cost=199796.90..199796.90 rows=181141 width=8) (actual time=3918.479..3918.479 rows=31744 loops=1)
        Buckets: 131072  Batches: 4  Memory Usage: 1323kB
        ->  Hash Join  (cost=75587.46..199796.90 rows=181141 width=8) (actual time=1203.178..3907.814 rows=31744 loops=1)
              Hash Cond: (mk.movie_id = t.id)
              ->  Seq Scan on movie_keyword mk  (cost=0.00..69693.30 rows=4523930 width=4) (actual time=0.023..1342.802 rows=4523930 loops=1)
              ->  Hash  (cost=73925.90..73925.90 rows=101244 width=4) (actual time=1202.146..1202.146 rows=110779 loops=1)
                    Buckets: 131072  Batches: 2  Memory Usage: 2976kB
                    ->  Seq Scan on title t  (cost=0.00..73925.90 rows=101244 width=4) (actual time=0.022..1159.351 rows=110779 loops=1)
                          Filter: ((kind_id > 4) AND (production_year = 2012))
                          Rows Removed by Filter: 2417533
Planning time: 0.776 ms
Execution time: 18516.615 ms
