Seq Scan on movie_keyword mk  (cost=0.00..81003.12 rows=242606 width=0) (actual time=13.576..1270.223 rows=241454 loops=1)
  Filter: (keyword_id > 61653)
  Rows Removed by Filter: 4282476
Planning time: 0.247 ms
Execution time: 1301.777 ms
