Seq Scan on movie_keyword mk  (cost=0.00..81003.12 rows=1480266 width=0) (actual time=0.027..857.517 rows=1493908 loops=1)
  Filter: (keyword_id < 2140)
  Rows Removed by Filter: 3030022
Planning time: 0.356 ms
Execution time: 994.221 ms
