Hash Join  (cost=797490.14..884151.19 rows=301 width=0) (actual time=12730.458..14092.817 rows=19 loops=1)
  Hash Cond: (mk.movie_id = t.id)
  ->  Seq Scan on movie_keyword mk  (cost=0.00..69693.30 rows=4523930 width=4) (actual time=0.022..787.128 rows=4523930 loops=1)
  ->  Hash  (cost=797488.04..797488.04 rows=168 width=8) (actual time=12707.013..12707.013 rows=12 loops=1)
        Buckets: 1024  Batches: 1  Memory Usage: 9kB
        ->  Nested Loop  (cost=0.43..797488.04 rows=168 width=8) (actual time=8800.312..12706.980 rows=12 loops=1)
              ->  Seq Scan on cast_info ci  (cost=0.00..796071.18 rows=168 width=4) (actual time=8799.032..12705.302 rows=12 loops=1)
                    Filter: ((role_id > 3) AND (person_id = 1206980))
                    Rows Removed by Filter: 36244332
              ->  Index Only Scan using title_pkey on title t  (cost=0.43..8.42 rows=1 width=4) (actual time=0.132..0.134 rows=1 loops=12)
                    Index Cond: (id = ci.movie_id)
                    Heap Fetches: 12
Planning time: 1.166 ms
Execution time: 14092.926 ms
