Hash Join  (cost=95693.05..174630.76 rows=697655 width=0) (actual time=1993.801..3852.531 rows=336384 loops=1)
  Hash Cond: (mc.movie_id = t.id)
  ->  Seq Scan on movie_companies mc  (cost=0.00..51404.11 rows=1329612 width=4) (actual time=69.939..991.882 rows=1334883 loops=1)
        Filter: (company_type_id = 2)
        Rows Removed by Filter: 1274246
  ->  Hash  (cost=73925.90..73925.90 rows=1326732 width=4) (actual time=1922.585..1922.585 rows=1405802 loops=1)
        Buckets: 131072  Batches: 32  Memory Usage: 2570kB
        ->  Seq Scan on title t  (cost=0.00..73925.90 rows=1326732 width=4) (actual time=0.039..1467.509 rows=1405802 loops=1)
              Filter: ((production_year > 1963) AND (kind_id = 7))
              Rows Removed by Filter: 1122510
Planning time: 0.569 ms
Execution time: 3890.104 ms
