Seq Scan on title t  (cost=0.00..73925.90 rows=14018 width=0) (actual time=0.021..738.137 rows=51721 loops=1)
  Filter: ((kind_id < 2) AND (production_year < 1914))
  Rows Removed by Filter: 2476591
Planning time: 0.335 ms
Execution time: 742.856 ms
