Seq Scan on movie_keyword mk  (cost=0.00..81003.12 rows=246 width=0) (actual time=2.024..1227.674 rows=485 loops=1)
  Filter: (keyword_id = 9857)
  Rows Removed by Filter: 4523445
Planning time: 0.484 ms
Execution time: 1227.979 ms
