Hash Join  (cost=190230.21..349293.30 rows=2330234 width=0) (actual time=4175.325..10283.343 rows=9843497 loops=1)
  Hash Cond: (mk.movie_id = t.id)
  ->  Seq Scan on movie_keyword mk  (cost=0.00..81003.12 rows=4269500 width=4) (actual time=0.016..1779.608 rows=4251484 loops=1)
        Filter: (keyword_id > 230)
        Rows Removed by Filter: 272446
  ->  Hash  (cost=167588.78..167588.78 rows=1380035 width=8) (actual time=4173.643..4173.643 rows=1380035 loops=1)
        Buckets: 131072  Batches: 32  Memory Usage: 2726kB
        ->  Hash Join  (cost=102767.86..167588.78 rows=1380035 width=8) (actual time=1924.488..3803.687 rows=1380035 loops=1)
              Hash Cond: (mi_idx.movie_id = t.id)
              ->  Seq Scan on movie_info_idx mi_idx  (cost=0.00..21735.35 rows=1380035 width=4) (actual time=0.022..476.547 rows=1380035 loops=1)
              ->  Hash  (cost=61283.27..61283.27 rows=2528527 width=4) (actual time=1922.836..1922.836 rows=2528312 loops=1)
                    Buckets: 131072  Batches: 64  Memory Usage: 2415kB
                    ->  Seq Scan on title t  (cost=0.00..61283.27 rows=2528527 width=4) (actual time=0.031..1088.390 rows=2528312 loops=1)
Planning time: 0.992 ms
Execution time: 11402.559 ms
