Hash Join  (cost=77429.84..881124.00 rows=662575 width=0) (actual time=1734.952..19137.672 rows=753969 loops=1)
  Hash Cond: (ci.movie_id = t.id)
  ->  Seq Scan on cast_info ci  (cost=0.00..705507.15 rows=7846468 width=4) (actual time=572.011..14304.893 rows=7712640 loops=1)
        Filter: (role_id > 6)
        Rows Removed by Filter: 28531704
  ->  Hash  (cost=73925.90..73925.90 rows=213515 width=4) (actual time=1162.045..1162.045 rows=341626 loops=1)
        Buckets: 131072  Batches: 4  Memory Usage: 4031kB
        ->  Seq Scan on title t  (cost=0.00..73925.90 rows=213515 width=4) (actual time=556.556..1051.413 rows=341626 loops=1)
              Filter: ((production_year < 1995) AND (kind_id = 1))
              Rows Removed by Filter: 2186686
Planning time: 0.901 ms
Execution time: 19226.532 ms
