Seq Scan on movie_companies mc  (cost=0.00..51404.11 rows=115419 width=0) (actual time=428.193..806.492 rows=115324 loops=1)
  Filter: (company_id > 148908)
  Rows Removed by Filter: 2493805
Planning time: 0.337 ms
Execution time: 820.502 ms
