Hash Join  (cost=87442.78..227403.43 rows=1473961 width=0) (actual time=1686.087..5816.097 rows=3014402 loops=1)
  Hash Cond: (mk.movie_id = t.id)
  ->  Seq Scan on movie_keyword mk  (cost=0.00..69693.30 rows=4523930 width=4) (actual time=0.014..1520.630 rows=4523930 loops=1)
  ->  Hash  (cost=73925.90..73925.90 rows=823830 width=4) (actual time=1685.059..1685.059 rows=737996 loops=1)
        Buckets: 131072  Batches: 16  Memory Usage: 2657kB
        ->  Seq Scan on title t  (cost=0.00..73925.90 rows=823830 width=4) (actual time=0.024..1440.523 rows=737996 loops=1)
              Filter: ((kind_id < 7) AND (production_year > 1968))
              Rows Removed by Filter: 1790316
Planning time: 0.673 ms
Execution time: 6118.631 ms
