Hash Join  (cost=166533.68..658766.52 rows=1164591 width=0) (actual time=3512.081..16006.041 rows=2656309 loops=1)
  Hash Cond: (mi.movie_id = t.id)
  ->  Seq Scan on movie_info mi  (cost=0.00..309384.22 rows=14739122 width=4) (actual time=0.011..5766.938 rows=14835720 loops=1)
  ->  Hash  (cost=163255.33..163255.33 rows=199788 width=8) (actual time=3511.391..3511.391 rows=265725 loops=1)
        Buckets: 131072  Batches: 4  Memory Usage: 3613kB
        ->  Hash Join  (cost=93093.72..163255.33 rows=199788 width=8) (actual time=2296.483..3427.364 rows=265725 loops=1)
              Hash Cond: (mc.movie_id = t.id)
              ->  Seq Scan on movie_companies mc  (cost=0.00..57926.93 rows=325159 width=4) (actual time=0.011..988.658 rows=471488 loops=1)
                    Filter: ((company_id < 930) AND (company_type_id = 1))
                    Rows Removed by Filter: 2137641
              ->  Hash  (cost=67604.59..67604.59 rows=1553611 width=4) (actual time=1837.403..1837.403 rows=1555864 loops=1)
                    Buckets: 131072  Batches: 32  Memory Usage: 2734kB
                    ->  Seq Scan on title t  (cost=0.00..67604.59 rows=1553611 width=4) (actual time=0.015..1338.872 rows=1555864 loops=1)
                          Filter: (kind_id > 4)
                          Rows Removed by Filter: 972448
Planning time: 0.764 ms
Execution time: 16290.593 ms
