Hash Join  (cost=151689.85..1242079.43 rows=5508446 width=0) (actual time=3537.652..38895.029 rows=11954185 loops=1)
  Hash Cond: (ci.movie_id = t.id)
  ->  Seq Scan on cast_info ci  (cost=0.00..614943.12 rows=36225612 width=4) (actual time=0.018..13070.624 rows=36244344 loops=1)
  ->  Hash  (cost=145381.77..145381.77 rows=384486 width=8) (actual time=3536.638..3536.638 rows=390088 loops=1)
        Buckets: 131072  Batches: 8  Memory Usage: 2935kB
        ->  Hash Join  (cost=102205.59..145381.77 rows=384486 width=8) (actual time=2135.562..3412.955 rows=390088 loops=1)
              Hash Cond: (mi_idx.movie_id = t.id)
              ->  Seq Scan on movie_info_idx mi_idx  (cost=0.00..25185.44 rows=460978 width=4) (actual time=0.013..482.927 rows=459925 loops=1)
                    Filter: (info_type_id < 100)
                    Rows Removed by Filter: 920110
              ->  Hash  (cost=67604.59..67604.59 rows=2108960 width=4) (actual time=2134.240..2134.240 rows=2104137 loops=1)
                    Buckets: 131072  Batches: 32  Memory Usage: 3341kB
                    ->  Seq Scan on title t  (cost=0.00..67604.59 rows=2108960 width=4) (actual time=0.017..1447.678 rows=2104137 loops=1)
                          Filter: (production_year > 1968)
                          Rows Removed by Filter: 424175
Planning time: 9.538 ms
Execution time: 40287.284 ms
