Hash Join  (cost=224968.38..1095742.92 rows=1593084 width=0) (actual time=5534.225..25763.763 rows=6668929 loops=1)
  Hash Cond: (ci.movie_id = t.id)
  ->  Seq Scan on cast_info ci  (cost=0.00..796071.18 rows=4301504 width=4) (actual time=0.111..13719.103 rows=9584279 loops=1)
        Filter: ((person_id > 2748440) AND (role_id > 2))
        Rows Removed by Filter: 26660065
  ->  Hash  (cost=209603.72..209603.72 rows=936453 width=8) (actual time=5531.904..5531.904 rows=1306437 loops=1)
        Buckets: 131072 (originally 131072)  Batches: 32 (originally 16)  Memory Usage: 3073kB
        ->  Hash Join  (cost=76192.15..209603.72 rows=936453 width=8) (actual time=1337.534..5123.591 rows=1306437 loops=1)
              Hash Cond: (mk.movie_id = t.id)
              ->  Seq Scan on movie_keyword mk  (cost=0.00..69693.30 rows=4523930 width=4) (actual time=0.010..1488.551 rows=4523930 loops=1)
              ->  Hash  (cost=67604.59..67604.59 rows=523405 width=4) (actual time=1336.726..1336.726 rows=523734 loops=1)
                    Buckets: 131072  Batches: 8  Memory Usage: 3326kB
                    ->  Seq Scan on title t  (cost=0.00..67604.59 rows=523405 width=4) (actual time=0.012..1165.883 rows=523734 loops=1)
                          Filter: (production_year < 1981)
                          Rows Removed by Filter: 2004578
Planning time: 0.800 ms
Execution time: 26563.136 ms
