Hash Join  (cost=70840.90..148696.54 rows=203512 width=0) (actual time=1878.319..4077.434 rows=399410 loops=1)
  Hash Cond: (mc.movie_id = t.id)
  ->  Seq Scan on movie_companies mc  (cost=0.00..44881.29 rows=2609129 width=4) (actual time=0.023..927.552 rows=2609129 loops=1)
  ->  Hash  (cost=67604.59..67604.59 rows=197225 width=4) (actual time=1877.531..1877.531 rows=194989 loops=1)
        Buckets: 131072  Batches: 4  Memory Usage: 2738kB
        ->  Seq Scan on title t  (cost=0.00..67604.59 rows=197225 width=4) (actual time=0.056..1080.489 rows=194989 loops=1)
              Filter: (production_year < 1955)
              Rows Removed by Filter: 2333323
Planning time: 0.793 ms
Execution time: 4129.116 ms
