Seq Scan on movie_companies mc  (cost=0.00..57926.93 rows=51 width=0) (actual time=397.874..808.525 rows=184 loops=1)
  Filter: ((company_id = 13981) AND (company_type_id = 1))
  Rows Removed by Filter: 2608945
Planning time: 0.398 ms
Execution time: 808.679 ms
