Hash Join  (cost=73962.22..130179.22 rows=1470 width=0) (actual time=1434.893..2250.187 rows=3526 loops=1)
  Hash Cond: (mc.movie_id = t.id)
  ->  Seq Scan on movie_companies mc  (cost=0.00..51404.11 rows=1279517 width=4) (actual time=102.241..920.746 rows=1274246 loops=1)
        Filter: (company_type_id = 1)
        Rows Removed by Filter: 1334883
  ->  Hash  (cost=73925.90..73925.90 rows=2905 width=4) (actual time=1130.634..1130.634 rows=1826 loops=1)
        Buckets: 4096  Batches: 1  Memory Usage: 97kB
        ->  Seq Scan on title t  (cost=0.00..73925.90 rows=2905 width=4) (actual time=0.133..1129.719 rows=1826 loops=1)
              Filter: ((kind_id < 7) AND (production_year = 1944))
              Rows Removed by Filter: 2526486
Planning time: 1.103 ms
Execution time: 2250.906 ms
