Nested Loop  (cost=0.43..709673.15 rows=408 width=0) (actual time=6002.952..11010.604 rows=173 loops=1)
  ->  Seq Scan on cast_info ci  (cost=0.00..705507.15 rows=500 width=4) (actual time=6002.864..11007.311 rows=173 loops=1)
        Filter: (person_id = 1443371)
        Rows Removed by Filter: 36244171
  ->  Index Scan using title_pkey on title t  (cost=0.43..8.32 rows=1 width=4) (actual time=0.018..0.018 rows=1 loops=173)
        Index Cond: (id = ci.movie_id)
        Filter: (production_year < 2011)
Planning time: 14.859 ms
Execution time: 11010.791 ms
