Hash Join  (cost=102767.86..1128016.86 rows=9113712 width=0) (actual time=7393.475..28762.309 rows=12670688 loops=1)
  Hash Cond: (ci.movie_id = t.id)
  ->  Seq Scan on cast_info ci  (cost=0.00..796071.18 rows=9113712 width=4) (actual time=5328.358..16726.905 rows=12670688 loops=1)
        Filter: ((person_id < 2681774) AND (role_id = 1))
        Rows Removed by Filter: 23573656
  ->  Hash  (cost=61283.27..61283.27 rows=2528527 width=4) (actual time=2063.845..2063.845 rows=2528312 loops=1)
        Buckets: 131072  Batches: 64  Memory Usage: 2415kB
        ->  Seq Scan on title t  (cost=0.00..61283.27 rows=2528527 width=4) (actual time=0.028..1223.708 rows=2528312 loops=1)
Planning time: 0.775 ms
Execution time: 30112.298 ms
