Hash Join  (cost=102767.86..200385.11 rows=279885 width=0) (actual time=1963.798..4516.992 rows=278705 loops=1)
  Hash Cond: (mk.movie_id = t.id)
  ->  Seq Scan on movie_keyword mk  (cost=0.00..81003.12 rows=279885 width=4) (actual time=0.022..1209.839 rows=278705 loops=1)
        Filter: (keyword_id > 57065)
        Rows Removed by Filter: 4245225
  ->  Hash  (cost=61283.27..61283.27 rows=2528527 width=4) (actual time=1962.826..1962.826 rows=2528312 loops=1)
        Buckets: 131072  Batches: 64  Memory Usage: 2425kB
        ->  Seq Scan on title t  (cost=0.00..61283.27 rows=2528527 width=4) (actual time=0.026..1097.722 rows=2528312 loops=1)
Planning time: 5.253 ms
Execution time: 4550.730 ms
