Seq Scan on cast_info ci  (cost=0.00..705507.15 rows=35559269 width=0) (actual time=0.017..13781.316 rows=35555811 loops=1)
  Filter: (person_id < 3928852)
  Rows Removed by Filter: 688533
Planning time: 0.246 ms
Execution time: 18169.123 ms
