Hash Join  (cost=491644.87..631296.14 rows=1448624 width=0) (actual time=8646.379..13351.397 rows=4546091 loops=1)
  Hash Cond: (mk.movie_id = t.id)
  ->  Seq Scan on movie_keyword mk  (cost=0.00..69693.30 rows=4523930 width=4) (actual time=0.023..1475.379 rows=4523930 loops=1)
  ->  Hash  (cost=478361.00..478361.00 rows=809669 width=8) (actual time=8645.401..8645.401 rows=802140 loops=1)
        Buckets: 131072  Batches: 16  Memory Usage: 2985kB
        ->  Hash Join  (cost=102767.86..478361.00 rows=809669 width=8) (actual time=3414.737..8406.498 rows=802140 loops=1)
              Hash Cond: (mi.movie_id = t.id)
              ->  Seq Scan on movie_info mi  (cost=0.00..346232.03 rows=809669 width=4) (actual time=1532.681..5441.970 rows=802140 loops=1)
                    Filter: (info_type_id = 1)
                    Rows Removed by Filter: 14033580
              ->  Hash  (cost=61283.27..61283.27 rows=2528527 width=4) (actual time=1880.984..1880.984 rows=2528312 loops=1)
                    Buckets: 131072  Batches: 64  Memory Usage: 2425kB
                    ->  Seq Scan on title t  (cost=0.00..61283.27 rows=2528527 width=4) (actual time=0.038..998.949 rows=2528312 loops=1)
Planning time: 0.962 ms
Execution time: 13872.573 ms
