Seq Scan on movie_keyword mk  (cost=0.00..81003.12 rows=246 width=12) (actual time=2.186..518.386 rows=1358 loops=1)
  Filter: (keyword_id = 11764)
  Rows Removed by Filter: 4522572
Planning time: 0.217 ms
Execution time: 518.504 ms
