Hash Join  (cost=279315.20..819220.80 rows=7230806 width=0) (actual time=6392.022..37988.905 rows=85231717 loops=1)
  Hash Cond: (mi.movie_id = t.id)
  ->  Seq Scan on movie_info mi  (cost=0.00..346232.03 rows=8841901 width=4) (actual time=0.022..6950.201 rows=8950757 loops=1)
        Filter: (info_type_id > 6)
        Rows Removed by Filter: 5884963
  ->  Hash  (cost=245389.69..245389.69 rows=2067801 width=8) (actual time=6390.494..6390.494 rows=2115928 loops=1)
        Buckets: 131072  Batches: 32  Memory Usage: 3666kB
        ->  Hash Join  (cost=105876.77..245389.69 rows=2067801 width=8) (actual time=2169.696..5772.867 rows=2115928 loops=1)
              Hash Cond: (mk.movie_id = t.id)
              ->  Seq Scan on movie_keyword mk  (cost=0.00..81003.12 rows=2241356 width=4) (actual time=0.022..1557.608 rows=2235037 loops=1)
                    Filter: (keyword_id < 4605)
                    Rows Removed by Filter: 2288893
              ->  Hash  (cost=67604.59..67604.59 rows=2332735 width=4) (actual time=2168.885..2168.885 rows=2325893 loops=1)
                    Buckets: 131072  Batches: 32  Memory Usage: 3592kB
                    ->  Seq Scan on title t  (cost=0.00..67604.59 rows=2332735 width=4) (actual time=0.021..1396.764 rows=2325893 loops=1)
                          Filter: (production_year > 1935)
                          Rows Removed by Filter: 202419
Planning time: 1.203 ms
Execution time: 47341.125 ms
