Hash Join  (cost=92883.59..252654.80 rows=2344769 width=0) (actual time=3277.723..5721.617 rows=535522 loops=1)
  Hash Cond: (mk.movie_id = t.id)
  ->  Seq Scan on movie_keyword mk  (cost=0.00..81003.12 rows=3847879 width=4) (actual time=0.017..1766.107 rows=3844164 loops=1)
        Filter: (keyword_id < 27560)
        Rows Removed by Filter: 679766
  ->  Hash  (cost=67604.59..67604.59 rows=1540800 width=4) (actual time=1930.859..1930.859 rows=1543264 loops=1)
        Buckets: 131072  Batches: 32  Memory Usage: 2728kB
        ->  Seq Scan on title t  (cost=0.00..67604.59 rows=1540800 width=4) (actual time=142.880..1189.170 rows=1543264 loops=1)
              Filter: (kind_id = 7)
              Rows Removed by Filter: 985048
Planning time: 0.522 ms
Execution time: 5782.303 ms
