Hash Join  (cost=751691.49..1833429.93 rows=20884395 width=0) (actual time=26586.803..43472.037 rows=28187550 loops=1)
  Hash Cond: (ci.movie_id = t.id)
  ->  Seq Scan on cast_info ci  (cost=0.00..705507.15 rows=7298253 width=4) (actual time=9446.916..13807.272 rows=7451973 loops=1)
        Filter: (role_id = 2)
        Rows Removed by Filter: 28792371
  ->  Hash  (cost=632983.31..632983.31 rows=7235534 width=8) (actual time=17130.587..17130.587 rows=7286865 loops=1)
        Buckets: 131072  Batches: 128  Memory Usage: 3236kB
        ->  Hash Join  (cost=102767.86..632983.31 rows=7235534 width=8) (actual time=4258.301..15119.340 rows=7286865 loops=1)
              Hash Cond: (mi.movie_id = t.id)
              ->  Seq Scan on movie_info mi  (cost=0.00..346232.03 rows=7235534 width=4) (actual time=2176.970..6356.863 rows=7286865 loops=1)
                    Filter: (info_type_id < 8)
                    Rows Removed by Filter: 7548855
              ->  Hash  (cost=61283.27..61283.27 rows=2528527 width=4) (actual time=2080.448..2080.448 rows=2528312 loops=1)
                    Buckets: 131072  Batches: 64  Memory Usage: 2425kB
                    ->  Seq Scan on title t  (cost=0.00..61283.27 rows=2528527 width=4) (actual time=0.022..1214.616 rows=2528312 loops=1)
Planning time: 1.912 ms
Execution time: 46575.502 ms
