Seq Scan on movie_companies mc  (cost=0.00..57926.93 rows=53 width=0) (actual time=407.171..699.245 rows=122 loops=1)
  Filter: ((company_type_id > 1) AND (company_id = 97347))
  Rows Removed by Filter: 2609007
Planning time: 0.387 ms
Execution time: 699.389 ms
