Hash Join  (cost=123688.00..490731.72 rows=238779 width=0) (actual time=2514.448..10927.411 rows=1198791 loops=1)
  Hash Cond: (mi.movie_id = t.id)
  ->  Seq Scan on movie_info mi  (cost=0.00..309384.22 rows=14739122 width=4) (actual time=0.013..4507.989 rows=14835720 loops=1)
  ->  Hash  (cost=123175.97..123175.97 rows=40963 width=8) (actual time=2513.469..2513.469 rows=32641 loops=1)
        Buckets: 65536  Batches: 1  Memory Usage: 1788kB
        ->  Hash Join  (cost=68100.81..123175.97 rows=40963 width=8) (actual time=1108.308..2500.429 rows=32641 loops=1)
              Hash Cond: (mc.movie_id = t.id)
              ->  Seq Scan on movie_companies mc  (cost=0.00..44881.29 rows=2609129 width=4) (actual time=0.024..711.788 rows=2609129 loops=1)
              ->  Hash  (cost=67604.59..67604.59 rows=39698 width=4) (actual time=1107.952..1107.952 rows=36437 loops=1)
                    Buckets: 65536  Batches: 1  Memory Usage: 1793kB
                    ->  Seq Scan on title t  (cost=0.00..67604.59 rows=39698 width=4) (actual time=0.044..1092.234 rows=36437 loops=1)
                          Filter: (production_year = 1995)
                          Rows Removed by Filter: 2491875
Planning time: 1.152 ms
Execution time: 11083.523 ms
