Hash Join  (cost=182520.46..222528.31 rows=134937 width=0) (actual time=3711.444..5241.669 rows=1206009 loops=1)
  Hash Cond: (mi_idx.movie_id = t.id)
  ->  Seq Scan on movie_info_idx mi_idx  (cost=0.00..21735.35 rows=1380035 width=4) (actual time=0.020..473.426 rows=1380035 loops=1)
  ->  Hash  (cost=178464.03..178464.03 rows=247234 width=8) (actual time=3710.501..3710.501 rows=560904 loops=1)
        Buckets: 131072 (originally 131072)  Batches: 8 (originally 4)  Memory Usage: 3797kB
        ->  Hash Join  (cost=83810.17..178464.03 rows=247234 width=8) (actual time=1564.367..3526.110 rows=560904 loops=1)
              Hash Cond: (mk.movie_id = t.id)
              ->  Seq Scan on movie_keyword mk  (cost=0.00..81003.12 rows=632905 width=4) (actual time=0.630..1299.979 rows=632848 loops=1)
                    Filter: (keyword_id < 495)
                    Rows Removed by Filter: 3891082
              ->  Hash  (cost=67604.59..67604.59 rows=987727 width=4) (actual time=1559.229..1559.229 rows=985048 loops=1)
                    Buckets: 131072  Batches: 16  Memory Usage: 3197kB
                    ->  Seq Scan on title t  (cost=0.00..67604.59 rows=987727 width=4) (actual time=0.028..1252.698 rows=985048 loops=1)
                          Filter: (kind_id < 7)
                          Rows Removed by Filter: 1543264
Planning time: 1.151 ms
Execution time: 5400.562 ms
