Hash Join  (cost=1018504.83..3185715.02 rows=87654217 width=0) (actual time=25040.651..116876.647 rows=249324507 loops=1)
  Hash Cond: (ci.movie_id = t.id)
  ->  Seq Scan on cast_info ci  (cost=0.00..796071.18 rows=15037263 width=4) (actual time=0.016..16678.882 rows=19977075 loops=1)
        Filter: ((person_id > 1284458) AND (role_id > 1))
        Rows Removed by Filter: 16267269
  ->  Hash  (cost=776690.81..776690.81 rows=14739122 width=8) (actual time=25038.499..25038.499 rows=14835720 loops=1)
        Buckets: 131072  Batches: 256  Memory Usage: 3268kB
        ->  Hash Join  (cost=102767.86..776690.81 rows=14739122 width=8) (actual time=1863.982..20609.054 rows=14835720 loops=1)
              Hash Cond: (mi.movie_id = t.id)
              ->  Seq Scan on movie_info mi  (cost=0.00..309384.22 rows=14739122 width=4) (actual time=0.013..6340.796 rows=14835720 loops=1)
              ->  Hash  (cost=61283.27..61283.27 rows=2528527 width=4) (actual time=1862.478..1862.478 rows=2528312 loops=1)
                    Buckets: 131072  Batches: 64  Memory Usage: 2425kB
                    ->  Seq Scan on title t  (cost=0.00..61283.27 rows=2528527 width=4) (actual time=0.013..1022.024 rows=2528312 loops=1)
Planning time: 1.278 ms
Execution time: 143202.272 ms
