Hash Join  (cost=215949.59..1155804.62 rows=6374914 width=0) (actual time=4978.642..31365.947 rows=19069402 loops=1)
  Hash Cond: (ci.movie_id = t.id)
  ->  Seq Scan on cast_info ci  (cost=0.00..705507.15 rows=14375662 width=4) (actual time=0.015..13501.582 rows=14305562 loops=1)
        Filter: (person_id < 1408607)
        Rows Removed by Filter: 21938782
  ->  Hash  (cost=197553.59..197553.59 rows=1121280 width=8) (actual time=4977.712..4977.712 rows=1274246 loops=1)
        Buckets: 131072 (originally 131072)  Batches: 32 (originally 16)  Memory Usage: 3073kB
        ->  Hash Join  (cost=102767.86..197553.59 rows=1121280 width=8) (actual time=1962.050..4601.110 rows=1274246 loops=1)
              Hash Cond: (mc.movie_id = t.id)
              ->  Seq Scan on movie_companies mc  (cost=0.00..57926.93 rows=1121280 width=4) (actual time=0.016..1199.539 rows=1274246 loops=1)
                    Filter: ((company_id < 91153) AND (company_type_id = 1))
                    Rows Removed by Filter: 1334883
              ->  Hash  (cost=61283.27..61283.27 rows=2528527 width=4) (actual time=1961.195..1961.195 rows=2528312 loops=1)
                    Buckets: 131072  Batches: 64  Memory Usage: 2415kB
                    ->  Seq Scan on title t  (cost=0.00..61283.27 rows=2528527 width=4) (actual time=0.013..1115.140 rows=2528312 loops=1)
Planning time: 1.175 ms
Execution time: 33504.551 ms
