Seq Scan on movie_keyword mk  (cost=0.00..81003.12 rows=246 width=0) (actual time=93.987..1356.383 rows=15 loops=1)
  Filter: (keyword_id = 1789)
  Rows Removed by Filter: 4523915
Planning time: 0.282 ms
Execution time: 1356.478 ms
