Seq Scan on cast_info ci  (cost=0.00..796071.18 rows=64 width=0) (actual time=10096.836..13613.072 rows=75 loops=1)
  Filter: ((role_id > 9) AND (person_id = 647026))
  Rows Removed by Filter: 36244269
Planning time: 0.414 ms
Execution time: 13613.207 ms
