Seq Scan on cast_info ci  (cost=0.00..796071.18 rows=155292 width=0) (actual time=8364.464..11058.758 rows=275246 loops=1)
  Filter: ((person_id < 42518) AND (role_id < 2))
  Rows Removed by Filter: 35969098
Planning time: 0.374 ms
Execution time: 11094.658 ms
