Hash Join  (cost=80372.21..584616.03 rows=2290290 width=0) (actual time=1319.409..14379.394 rows=1169866 loops=1)
  Hash Cond: (mi.movie_id = t.id)
  ->  Seq Scan on movie_info mi  (cost=0.00..309384.22 rows=14739122 width=4) (actual time=0.008..6130.061 rows=14835720 loops=1)
  ->  Hash  (cost=73925.90..73925.90 rows=392904 width=4) (actual time=1241.792..1241.792 rows=277350 loops=1)
        Buckets: 131072  Batches: 8  Memory Usage: 2237kB
        ->  Seq Scan on title t  (cost=0.00..73925.90 rows=392904 width=4) (actual time=0.023..1145.369 rows=277350 loops=1)
              Filter: ((production_year < 1988) AND (kind_id = 7))
              Rows Removed by Filter: 2250962
Planning time: 0.774 ms
Execution time: 14509.308 ms
