Hash Join  (cost=190230.21..288165.03 rows=1319183 width=0) (actual time=4286.822..7748.823 rows=3796698 loops=1)
  Hash Cond: (mc.movie_id = t.id)
  ->  Seq Scan on movie_companies mc  (cost=0.00..51404.11 rows=2417033 width=4) (actual time=0.022..1199.615 rows=2417919 loops=1)
        Filter: (company_id > 49)
        Rows Removed by Filter: 191210
  ->  Hash  (cost=167588.78..167588.78 rows=1380035 width=8) (actual time=4285.673..4285.673 rows=1380035 loops=1)
        Buckets: 131072  Batches: 32  Memory Usage: 2708kB
        ->  Hash Join  (cost=102767.86..167588.78 rows=1380035 width=8) (actual time=1887.379..3884.116 rows=1380035 loops=1)
              Hash Cond: (mi_idx.movie_id = t.id)
              ->  Seq Scan on movie_info_idx mi_idx  (cost=0.00..21735.35 rows=1380035 width=4) (actual time=0.023..488.580 rows=1380035 loops=1)
              ->  Hash  (cost=61283.27..61283.27 rows=2528527 width=4) (actual time=1885.606..1885.606 rows=2528312 loops=1)
                    Buckets: 131072  Batches: 64  Memory Usage: 2415kB
                    ->  Seq Scan on title t  (cost=0.00..61283.27 rows=2528527 width=4) (actual time=0.024..1007.084 rows=2528312 loops=1)
Planning time: 1.108 ms
Execution time: 8156.457 ms
