Hash Join  (cost=108113.76..163397.29 rows=61801 width=0) (actual time=2182.192..3581.691 rows=97965 loops=1)
  Hash Cond: (mc.movie_id = t.id)
  ->  Seq Scan on movie_companies mc  (cost=0.00..44881.29 rows=2609129 width=4) (actual time=0.020..737.569 rows=2609129 loops=1)
  ->  Hash  (cost=107365.11..107365.11 rows=59892 width=8) (actual time=2181.750..2181.750 rows=36442 loops=1)
        Buckets: 65536  Batches: 1  Memory Usage: 1936kB
        ->  Hash Join  (cost=70308.29..107365.11 rows=59892 width=8) (actual time=1043.834..2168.384 rows=36442 loops=1)
              Hash Cond: (mi_idx.movie_id = t.id)
              ->  Seq Scan on movie_info_idx mi_idx  (cost=0.00..25185.44 rows=919057 width=4) (actual time=0.016..549.789 rows=920110 loops=1)
                    Filter: (info_type_id > 99)
                    Rows Removed by Filter: 459925
              ->  Hash  (cost=67604.59..67604.59 rows=164776 width=4) (actual time=1042.235..1042.235 rows=164307 loops=1)
                    Buckets: 131072  Batches: 4  Memory Usage: 2482kB
                    ->  Seq Scan on title t  (cost=0.00..67604.59 rows=164776 width=4) (actual time=0.016..983.392 rows=164307 loops=1)
                          Filter: (production_year = 2012)
                          Rows Removed by Filter: 2364005
Planning time: 1.188 ms
Execution time: 3595.740 ms
