Hash Join  (cost=211469.99..1465006.48 rows=21390032 width=0) (actual time=5102.196..51626.376 rows=48869914 loops=1)
  Hash Cond: (ci.movie_id = t.id)
  ->  Seq Scan on cast_info ci  (cost=0.00..614943.12 rows=36225612 width=4) (actual time=0.013..13075.600 rows=36244344 loops=1)
  ->  Hash  (cost=186974.34..186974.34 rows=1493012 width=8) (actual time=5100.935..5100.935 rows=1754914 loops=1)
        Buckets: 131072  Batches: 32  Memory Usage: 3135kB
        ->  Hash Join  (cost=91342.70..186974.34 rows=1493012 width=8) (actual time=1753.693..4649.982 rows=1754914 loops=1)
              Hash Cond: (mc.movie_id = t.id)
              ->  Seq Scan on movie_companies mc  (cost=0.00..44881.29 rows=2609129 width=4) (actual time=0.016..931.838 rows=2609129 loops=1)
              ->  Hash  (cost=67604.59..67604.59 rows=1446889 width=4) (actual time=1752.694..1752.694 rows=1443298 loops=1)
                    Buckets: 131072  Batches: 32  Memory Usage: 2608kB
                    ->  Seq Scan on title t  (cost=0.00..67604.59 rows=1446889 width=4) (actual time=0.028..1282.826 rows=1443298 loops=1)
                          Filter: (production_year < 2006)
                          Rows Removed by Filter: 1085014
Planning time: 1.377 ms
Execution time: 57179.117 ms
