Seq Scan on movie_companies mc  (cost=0.00..57926.93 rows=648921 width=0) (actual time=525.233..902.225 rows=413097 loops=1)
  Filter: ((company_id > 11208) AND (company_type_id = 1))
  Rows Removed by Filter: 2196032
Planning time: 0.274 ms
Execution time: 953.459 ms
