Hash Join  (cost=77854.63..943494.39 rows=1204989 width=0) (actual time=1141.080..21215.469 rows=1117691 loops=1)
  Hash Cond: (ci.movie_id = t.id)
  ->  Seq Scan on cast_info ci  (cost=0.00..705507.15 rows=12726058 width=4) (actual time=0.008..14197.843 rows=12670688 loops=1)
        Filter: (role_id = 1)
        Rows Removed by Filter: 23573656
  ->  Hash  (cost=73925.90..73925.90 rows=239418 width=4) (actual time=1140.263..1140.263 rows=256906 loops=1)
        Buckets: 131072  Batches: 4  Memory Usage: 3296kB
        ->  Seq Scan on title t  (cost=0.00..73925.90 rows=239418 width=4) (actual time=190.449..1060.706 rows=256906 loops=1)
              Filter: ((production_year > 2010) AND (kind_id = 7))
              Rows Removed by Filter: 2271406
Planning time: 0.771 ms
Execution time: 21345.193 ms
