Hash Join  (cost=935434.72..1449542.51 rows=3214686 width=0) (actual time=14058.604..27936.039 rows=4879217 loops=1)
  Hash Cond: (mi.movie_id = t.id)
  ->  Seq Scan on movie_info mi  (cost=0.00..309384.22 rows=14739122 width=4) (actual time=0.006..5886.467 rows=14835720 loops=1)
  ->  Hash  (cost=926386.14..926386.14 rows=551486 width=8) (actual time=14057.835..14057.835 rows=275611 loops=1)
        Buckets: 131072  Batches: 8  Memory Usage: 2378kB
        ->  Hash Join  (cost=107928.35..926386.14 rows=551486 width=8) (actual time=7740.914..13967.710 rows=275611 loops=1)
              Hash Cond: (ci.movie_id = t.id)
              ->  Seq Scan on cast_info ci  (cost=0.00..796071.18 rows=567351 width=4) (actual time=5592.658..11155.011 rows=278141 loops=1)
                    Filter: ((person_id < 227581) AND (role_id > 5))
                    Rows Removed by Filter: 35966203
              ->  Hash  (cost=67604.59..67604.59 rows=2457821 width=4) (actual time=2146.494..2146.494 rows=2456218 loops=1)
                    Buckets: 131072  Batches: 64  Memory Usage: 2375kB
                    ->  Seq Scan on title t  (cost=0.00..67604.59 rows=2457821 width=4) (actual time=0.043..1341.676 rows=2456218 loops=1)
                          Filter: (production_year > 0)
                          Rows Removed by Filter: 72094
Planning time: 0.849 ms
Execution time: 28473.332 ms
