Nested Loop  (cost=0.43..709674.40 rows=160 width=0) (actual time=907.541..11050.071 rows=150 loops=1)
  ->  Seq Scan on cast_info ci  (cost=0.00..705507.15 rows=500 width=4) (actual time=907.470..11044.427 rows=225 loops=1)
        Filter: (person_id = 1302127)
        Rows Removed by Filter: 36244119
  ->  Index Scan using title_pkey on title t  (cost=0.43..8.32 rows=1 width=4) (actual time=0.024..0.024 rows=1 loops=225)
        Index Cond: (id = ci.movie_id)
        Filter: ((kind_id < 7) AND (production_year < 2011))
        Rows Removed by Filter: 0
Planning time: 0.800 ms
Execution time: 11050.272 ms
