Seq Scan on movie_keyword mk  (cost=0.00..81003.12 rows=983639 width=0) (actual time=0.025..1355.087 rows=991530 loops=1)
  Filter: (keyword_id > 18649)
  Rows Removed by Filter: 3532400
Planning time: 0.311 ms
Execution time: 1480.862 ms
