Hash Join  (cost=74703.74..131220.93 rows=31489 width=0) (actual time=1240.997..2693.599 rows=190659 loops=1)
  Hash Cond: (mc.movie_id = t.id)
  ->  Seq Scan on movie_companies mc  (cost=0.00..51404.11 rows=1279517 width=4) (actual time=0.027..875.775 rows=1274246 loops=1)
        Filter: (company_type_id < 2)
        Rows Removed by Filter: 1334883
  ->  Hash  (cost=73925.90..73925.90 rows=62227 width=4) (actual time=1240.415..1240.415 rows=162212 loops=1)
        Buckets: 131072 (originally 65536)  Batches: 2 (originally 1)  Memory Usage: 3877kB
        ->  Seq Scan on title t  (cost=0.00..73925.90 rows=62227 width=4) (actual time=0.584..1175.713 rows=162212 loops=1)
              Filter: ((kind_id < 7) AND (production_year < 1950))
              Rows Removed by Filter: 2366100
Planning time: 0.811 ms
Execution time: 2717.102 ms
