Seq Scan on cast_info ci  (cost=0.00..705507.15 rows=23939857 width=0) (actual time=1755.455..12283.196 rows=24042688 loops=1)
  Filter: (person_id > 1201510)
  Rows Removed by Filter: 12201656
Planning time: 1.565 ms
Execution time: 15191.458 ms
