Seq Scan on movie_keyword mk  (cost=0.00..81003.12 rows=701914 width=0) (actual time=0.026..1264.122 rows=707649 loops=1)
  Filter: (keyword_id > 26687)
  Rows Removed by Filter: 3816281
Planning time: 0.293 ms
Execution time: 1353.034 ms
