Hash Join  (cost=69460.45..173327.84 rows=83515 width=0) (actual time=1939.136..4170.724 rows=74096 loops=1)
  Hash Cond: (mk.movie_id = t.id)
  ->  Seq Scan on movie_keyword mk  (cost=0.00..81003.12 rows=1866965 width=4) (actual time=0.014..1649.038 rows=1874854 loops=1)
        Filter: (keyword_id > 7331)
        Rows Removed by Filter: 2649076
  ->  Hash  (cost=67604.59..67604.59 rows=113109 width=4) (actual time=1936.912..1936.912 rows=119565 loops=1)
        Buckets: 131072  Batches: 2  Memory Usage: 3121kB
        ->  Seq Scan on title t  (cost=0.00..67604.59 rows=113109 width=4) (actual time=0.015..1197.208 rows=119565 loops=1)
              Filter: (production_year = 2007)
              Rows Removed by Filter: 2408747
Planning time: 0.741 ms
Execution time: 4179.411 ms
