Hash Join  (cost=102767.86..181626.08 rows=459279 width=0) (actual time=1997.498..3360.429 rows=261842 loops=1)
  Hash Cond: (mc.movie_id = t.id)
  ->  Seq Scan on movie_companies mc  (cost=0.00..57926.93 rows=459279 width=4) (actual time=113.361..889.148 rows=261842 loops=1)
        Filter: ((company_id < 2849) AND (company_type_id > 1))
        Rows Removed by Filter: 2347287
  ->  Hash  (cost=61283.27..61283.27 rows=2528527 width=4) (actual time=1882.791..1882.791 rows=2528312 loops=1)
        Buckets: 131072  Batches: 64  Memory Usage: 2415kB
        ->  Seq Scan on title t  (cost=0.00..61283.27 rows=2528527 width=4) (actual time=0.024..1055.326 rows=2528312 loops=1)
Planning time: 1.360 ms
Execution time: 3392.000 ms
