Hash Join  (cost=118509.94..1207312.94 rows=1283462 width=0) (actual time=2585.170..31257.672 rows=1393315 loops=1)
  Hash Cond: (ci.movie_id = t.id)
  ->  Seq Scan on cast_info ci  (cost=0.00..705507.15 rows=32005381 width=4) (actual time=0.024..16313.952 rows=32157009 loops=1)
        Filter: (person_id > 393018)
        Rows Removed by Filter: 4087335
  ->  Hash  (cost=116845.46..116845.46 rows=101398 width=8) (actual time=2584.384..2584.384 rows=55809 loops=1)
        Buckets: 131072  Batches: 2  Memory Usage: 2117kB
        ->  Hash Join  (cost=83189.08..116845.46 rows=101398 width=8) (actual time=1784.026..2565.018 rows=55809 loops=1)
              Hash Cond: (mi_idx.movie_id = t.id)
              ->  Seq Scan on movie_info_idx mi_idx  (cost=0.00..25185.44 rows=454124 width=4) (actual time=0.015..487.277 rows=459925 loops=1)
                    Filter: (info_type_id = 100)
                    Rows Removed by Filter: 920110
              ->  Hash  (cost=73925.90..73925.90 rows=564574 width=4) (actual time=1783.191..1783.191 rows=454234 loops=1)
                    Buckets: 131072  Batches: 8  Memory Usage: 3004kB
                    ->  Seq Scan on title t  (cost=0.00..73925.90 rows=564574 width=4) (actual time=0.022..1314.560 rows=454234 loops=1)
                          Filter: ((production_year < 1998) AND (kind_id = 7))
                          Rows Removed by Filter: 2074078
Planning time: 1.411 ms
Execution time: 31448.685 ms
