Seq Scan on cast_info ci  (cost=0.00..796071.18 rows=497144 width=0) (actual time=3734.956..12140.161 rows=198008 loops=1)
  Filter: ((person_id < 1534398) AND (role_id = 9))
  Rows Removed by Filter: 36046336
Planning time: 0.396 ms
Execution time: 12164.275 ms
