Hash Join  (cost=79405.47..203024.62 rows=423499 width=0) (actual time=1346.025..5229.750 rows=1458033 loops=1)
  Hash Cond: (mk.movie_id = t.id)
  ->  Seq Scan on movie_keyword mk  (cost=0.00..81003.12 rows=3206409 width=4) (actual time=0.023..1797.261 rows=3194848 loops=1)
        Filter: (keyword_id < 12956)
        Rows Removed by Filter: 1329082
  ->  Hash  (cost=73925.90..73925.90 rows=333965 width=4) (actual time=1345.182..1345.182 rows=411522 loops=1)
        Buckets: 131072  Batches: 8  Memory Usage: 2849kB
        ->  Seq Scan on title t  (cost=0.00..73925.90 rows=333965 width=4) (actual time=524.799..1198.884 rows=411522 loops=1)
              Filter: ((production_year < 2004) AND (kind_id = 1))
              Rows Removed by Filter: 2116790
Planning time: 0.762 ms
Execution time: 5411.948 ms
