Hash Join  (cost=228141.11..273815.04 rows=465145 width=0) (actual time=4719.554..6459.584 rows=2000822 loops=1)
  Hash Cond: (mi_idx.movie_id = t.id)
  ->  Seq Scan on movie_info_idx mi_idx  (cost=0.00..21735.35 rows=1380035 width=4) (actual time=0.021..451.172 rows=1380035 loops=1)
  ->  Hash  (cost=214158.01..214158.01 rows=852248 width=8) (actual time=4718.595..4718.595 rows=858548 loops=1)
        Buckets: 131072  Batches: 16  Memory Usage: 3162kB
        ->  Hash Join  (cost=102767.86..214158.01 rows=852248 width=8) (actual time=1955.654..4472.645 rows=858548 loops=1)
              Hash Cond: (mk.movie_id = t.id)
              ->  Seq Scan on movie_keyword mk  (cost=0.00..81003.12 rows=852248 width=4) (actual time=0.013..1436.848 rows=858548 loops=1)
                    Filter: (keyword_id > 21400)
                    Rows Removed by Filter: 3665382
              ->  Hash  (cost=61283.27..61283.27 rows=2528527 width=4) (actual time=1952.191..1952.191 rows=2528312 loops=1)
                    Buckets: 131072  Batches: 64  Memory Usage: 2425kB
                    ->  Seq Scan on title t  (cost=0.00..61283.27 rows=2528527 width=4) (actual time=0.010..1106.365 rows=2528312 loops=1)
Planning time: 0.980 ms
Execution time: 6718.937 ms
