Hash Join  (cost=445821.99..601626.41 rows=453682 width=0) (actual time=10531.417..15198.133 rows=4113213 loops=1)
  Hash Cond: (mk.movie_id = t.id)
  ->  Seq Scan on movie_keyword mk  (cost=0.00..69693.30 rows=4523930 width=4) (actual time=0.025..1451.515 rows=4523930 loops=1)
  ->  Hash  (cost=441661.32..441661.32 rows=253573 width=8) (actual time=10529.440..10529.440 rows=405218 loops=1)
        Buckets: 131072 (originally 131072)  Batches: 8 (originally 4)  Memory Usage: 3074kB
        ->  Hash Join  (cost=74469.67..441661.32 rows=253573 width=8) (actual time=1296.630..10357.721 rows=405218 loops=1)
              Hash Cond: (mi.movie_id = t.id)
              ->  Seq Scan on movie_info mi  (cost=0.00..309384.22 rows=14739122 width=4) (actual time=0.021..4875.715 rows=14835720 loops=1)
              ->  Hash  (cost=73925.90..73925.90 rows=43501 width=4) (actual time=1296.269..1296.269 rows=39560 loops=1)
                    Buckets: 65536  Batches: 1  Memory Usage: 1903kB
                    ->  Seq Scan on title t  (cost=0.00..73925.90 rows=43501 width=4) (actual time=0.026..1280.757 rows=39560 loops=1)
                          Filter: ((kind_id < 2) AND (production_year = 2012))
                          Rows Removed by Filter: 2488752
Planning time: 4.401 ms
Execution time: 15661.822 ms
