Hash Join  (cost=122333.31..248005.93 rows=301258 width=0) (actual time=2951.382..6240.563 rows=1383078 loops=1)
  Hash Cond: (mk.movie_id = t.id)
  ->  Seq Scan on movie_keyword mk  (cost=0.00..69693.30 rows=4523930 width=4) (actual time=0.011..1398.881 rows=4523930 loops=1)
  ->  Hash  (cost=119570.56..119570.56 rows=168380 width=8) (actual time=2950.351..2950.351 rows=195295 loops=1)
        Buckets: 131072  Batches: 4  Memory Usage: 2929kB
        ->  Hash Join  (cost=78988.28..119570.56 rows=168380 width=8) (actual time=1249.403..2884.963 rows=195295 loops=1)
              Hash Cond: (mi_idx.movie_id = t.id)
              ->  Seq Scan on movie_info_idx mi_idx  (cost=0.00..21735.35 rows=1380035 width=4) (actual time=0.014..469.776 rows=1380035 loops=1)
              ->  Hash  (cost=73925.90..73925.90 rows=308510 width=4) (actual time=1248.437..1248.437 rows=266599 loops=1)
                    Buckets: 131072  Batches: 8  Memory Usage: 2191kB
                    ->  Seq Scan on title t  (cost=0.00..73925.90 rows=308510 width=4) (actual time=0.019..1161.114 rows=266599 loops=1)
                          Filter: ((kind_id < 7) AND (production_year > 2007))
                          Rows Removed by Filter: 2261713
Planning time: 0.882 ms
Execution time: 6394.644 ms
