Hash Join  (cost=91985.12..203898.18 rows=727828 width=0) (actual time=1728.536..4197.475 rows=286856 loops=1)
  Hash Cond: (mk.movie_id = t.id)
  ->  Seq Scan on movie_keyword mk  (cost=0.00..81003.12 rows=1671910 width=4) (actual time=0.018..1518.458 rows=1681670 loops=1)
        Filter: (keyword_id < 2603)
        Rows Removed by Filter: 2842260
  ->  Hash  (cost=73925.90..73925.90 rows=1100737 width=4) (actual time=1727.387..1727.387 rows=1050853 loops=1)
        Buckets: 131072  Batches: 16  Memory Usage: 3343kB
        ->  Seq Scan on title t  (cost=0.00..73925.90 rows=1100737 width=4) (actual time=0.344..1391.264 rows=1050853 loops=1)
              Filter: ((kind_id > 3) AND (production_year < 2008))
              Rows Removed by Filter: 1477459
Planning time: 1.646 ms
Execution time: 4229.427 ms
