Seq Scan on cast_info ci  (cost=0.00..705507.15 rows=30155256 width=0) (actual time=0.014..13771.002 rows=30278124 loops=1)
  Filter: (person_id > 577627)
  Rows Removed by Filter: 5966220
Planning time: 0.404 ms
Execution time: 17555.938 ms
