Seq Scan on movie_companies mc  (cost=0.00..51404.11 rows=832380 width=0) (actual time=0.017..942.927 rows=826245 loops=1)
  Filter: (company_id < 2023)
  Rows Removed by Filter: 1782884
Planning time: 0.338 ms
Execution time: 1049.979 ms
