Nested Loop  (cost=0.43..124094.77 rows=6032 width=0) (actual time=0.076..1604.768 rows=6673 loops=1)
  ->  Seq Scan on movie_keyword mk  (cost=0.00..81003.12 rows=6032 width=4) (actual time=0.030..1375.312 rows=6673 loops=1)
        Filter: (keyword_id = 2879)
        Rows Removed by Filter: 4517257
  ->  Index Only Scan using title_pkey on title t  (cost=0.43..7.13 rows=1 width=4) (actual time=0.033..0.034 rows=1 loops=6673)
        Index Cond: (id = mk.movie_id)
        Heap Fetches: 6673
Planning time: 0.488 ms
Execution time: 1606.762 ms
