Hash Join  (cost=78097.80..115829.78 rows=92407 width=0) (actual time=1874.350..2727.345 rows=33414 loops=1)
  Hash Cond: (mi_idx.movie_id = t.id)
  ->  Seq Scan on movie_info_idx mi_idx  (cost=0.00..25185.44 rows=919057 width=4) (actual time=0.023..580.753 rows=920110 loops=1)
        Filter: (info_type_id > 99)
        Rows Removed by Filter: 459925
  ->  Hash  (cost=73925.90..73925.90 rows=254232 width=4) (actual time=1748.757..1748.757 rows=145458 loops=1)
        Buckets: 131072  Batches: 4  Memory Usage: 2301kB
        ->  Seq Scan on title t  (cost=0.00..73925.90 rows=254232 width=4) (actual time=245.428..1067.905 rows=145458 loops=1)
              Filter: ((production_year < 1973) AND (kind_id = 7))
              Rows Removed by Filter: 2382854
Planning time: 0.768 ms
Execution time: 2731.512 ms
