Seq Scan on title t  (cost=0.00..73925.90 rows=1101256 width=0) (actual time=0.022..1368.417 rows=1209692 loops=1)
  Filter: ((kind_id > 2) AND (production_year > 1996))
  Rows Removed by Filter: 1318620
Planning time: 0.336 ms
Execution time: 1520.517 ms
