Hash Join  (cost=697533.99..1828385.65 rows=17675078 width=0) (actual time=28506.974..35337.065 rows=7784689 loops=1)
  Hash Cond: (ci.movie_id = t.id)
  ->  Seq Scan on cast_info ci  (cost=0.00..796071.18 rows=7578470 width=4) (actual time=12515.165..14680.848 rows=2159939 loops=1)
        Filter: ((person_id > 1435719) AND (role_id = 1))
        Rows Removed by Filter: 34084405
  ->  Hash  (cost=600781.72..600781.72 rows=5897221 width=8) (actual time=15988.921..15988.921 rows=5884963 loops=1)
        Buckets: 131072  Batches: 128  Memory Usage: 2812kB
        ->  Hash Join  (cost=102767.86..600781.72 rows=5897221 width=8) (actual time=3659.668..14330.912 rows=5884963 loops=1)
              Hash Cond: (mi.movie_id = t.id)
              ->  Seq Scan on movie_info mi  (cost=0.00..346232.03 rows=5897221 width=4) (actual time=1692.055..6150.250 rows=5884963 loops=1)
                    Filter: (info_type_id < 7)
                    Rows Removed by Filter: 8950757
              ->  Hash  (cost=61283.27..61283.27 rows=2528527 width=4) (actual time=1966.738..1966.738 rows=2528312 loops=1)
                    Buckets: 131072  Batches: 64  Memory Usage: 2425kB
                    ->  Seq Scan on title t  (cost=0.00..61283.27 rows=2528527 width=4) (actual time=0.027..1089.061 rows=2528312 loops=1)
Planning time: 1.140 ms
Execution time: 36287.198 ms
