Seq Scan on movie_companies mc  (cost=0.00..57926.93 rows=51 width=0) (actual time=0.208..824.946 rows=399 loops=1)
  Filter: ((company_id = 11420) AND (company_type_id = 1))
  Rows Removed by Filter: 2608730
Planning time: 0.371 ms
Execution time: 825.158 ms
