Hash Join  (cost=78573.02..443339.18 rows=11023 width=0) (actual time=934.553..8413.201 rows=14802 loops=1)
  Hash Cond: (mi.movie_id = t.id)
  ->  Seq Scan on movie_info mi  (cost=0.00..309384.22 rows=14739122 width=4) (actual time=0.015..4582.334 rows=14835720 loops=1)
  ->  Hash  (cost=78549.39..78549.39 rows=1891 width=8) (actual time=934.290..934.290 rows=1519 loops=1)
        Buckets: 2048  Batches: 1  Memory Usage: 76kB
        ->  Nested Loop  (cost=0.43..78549.39 rows=1891 width=8) (actual time=0.597..933.495 rows=1519 loops=1)
              ->  Seq Scan on movie_companies mc  (cost=0.00..51404.11 rows=3566 width=4) (actual time=0.230..758.391 rows=3982 loops=1)
                    Filter: (company_id = 312)
                    Rows Removed by Filter: 2605147
              ->  Index Scan using title_pkey on title t  (cost=0.43..7.60 rows=1 width=4) (actual time=0.043..0.043 rows=0 loops=3982)
                    Index Cond: (id = mc.movie_id)
                    Filter: ((production_year > 1961) AND (kind_id = 7))
                    Rows Removed by Filter: 1
Planning time: 1.213 ms
Execution time: 8415.626 ms
