Seq Scan on movie_companies mc  (cost=0.00..57926.93 rows=960751 width=0) (actual time=0.026..1060.383 rows=1126453 loops=1)
  Filter: ((company_id > 1373) AND (company_type_id > 1))
  Rows Removed by Filter: 1482676
Planning time: 0.315 ms
Execution time: 1203.591 ms
