Hash Join  (cost=135947.31..222882.61 rows=27727 width=0) (actual time=2149.792..3693.073 rows=150478 loops=1)
  Hash Cond: (mk.movie_id = t.id)
  ->  Seq Scan on movie_keyword mk  (cost=0.00..69693.30 rows=4523930 width=4) (actual time=0.024..809.083 rows=4523930 loops=1)
  ->  Hash  (cost=135753.59..135753.59 rows=15497 width=8) (actual time=2149.464..2149.464 rows=17131 loops=1)
        Buckets: 32768 (originally 16384)  Batches: 1 (originally 1)  Memory Usage: 926kB
        ->  Hash Join  (cost=74506.17..135753.59 rows=15497 width=8) (actual time=1321.745..2142.902 rows=17131 loops=1)
              Hash Cond: (mc.movie_id = t.id)
              ->  Seq Scan on movie_companies mc  (cost=0.00..57926.93 rows=844139 width=4) (actual time=21.320..847.725 rows=647744 loops=1)
                    Filter: ((company_id > 2668) AND (company_type_id = 1))
                    Rows Removed by Filter: 1961385
              ->  Hash  (cost=73925.90..73925.90 rows=46421 width=4) (actual time=1161.711..1161.711 rows=26700 loops=1)
                    Buckets: 65536  Batches: 1  Memory Usage: 1451kB
                    ->  Seq Scan on title t  (cost=0.00..73925.90 rows=46421 width=4) (actual time=234.552..1150.813 rows=26700 loops=1)
                          Filter: ((production_year < 2000) AND (kind_id = 4))
                          Rows Removed by Filter: 2501612
Planning time: 1.198 ms
Execution time: 3708.613 ms
