Nested Loop  (cost=0.43..69977.98 rows=1493 width=0) (actual time=275.713..893.172 rows=2500 loops=1)
  ->  Seq Scan on movie_companies mc  (cost=0.00..57926.93 rows=1493 width=4) (actual time=275.629..829.233 rows=2500 loops=1)
        Filter: ((company_id = 292) AND (company_type_id = 1))
        Rows Removed by Filter: 2606629
  ->  Index Only Scan using title_pkey on title t  (cost=0.43..8.06 rows=1 width=4) (actual time=0.025..0.025 rows=1 loops=2500)
        Index Cond: (id = mc.movie_id)
        Heap Fetches: 2500
Planning time: 0.792 ms
Execution time: 893.858 ms
