Hash Join  (cost=229313.75..782534.47 rows=5153688 width=0) (actual time=6892.701..52343.859 rows=148178146 loops=1)
  Hash Cond: (mi.movie_id = t.id)
  ->  Seq Scan on movie_info mi  (cost=0.00..309384.22 rows=14739122 width=4) (actual time=0.014..6402.813 rows=14835720 loops=1)
  ->  Hash  (cost=214808.18..214808.18 rows=884126 width=8) (actual time=6890.697..6890.697 rows=2610685 loops=1)
        Buckets: 131072 (originally 131072)  Batches: 64 (originally 16)  Memory Usage: 3073kB
        ->  Hash Join  (cost=82033.88..214808.18 rows=884126 width=8) (actual time=2057.995..6156.336 rows=2610685 loops=1)
              Hash Cond: (mk.movie_id = t.id)
              ->  Seq Scan on movie_keyword mk  (cost=0.00..69693.30 rows=4523930 width=4) (actual time=0.026..1564.548 rows=4523930 loops=1)
              ->  Hash  (cost=73925.90..73925.90 rows=494158 width=4) (actual time=2056.800..2056.800 rows=581419 loops=1)
                    Buckets: 131072  Batches: 8  Memory Usage: 3600kB
                    ->  Seq Scan on title t  (cost=0.00..73925.90 rows=494158 width=4) (actual time=0.027..1225.939 rows=581419 loops=1)
                          Filter: ((kind_id < 7) AND (production_year < 2004))
                          Rows Removed by Filter: 1946893
Planning time: 1.141 ms
Execution time: 67993.621 ms
