Seq Scan on movie_keyword mk  (cost=0.00..81003.12 rows=4452587 width=0) (actual time=0.024..1668.980 rows=4448933 loops=1)
  Filter: (keyword_id > 68)
  Rows Removed by Filter: 74997
Planning time: 0.327 ms
Execution time: 2208.704 ms
