Seq Scan on cast_info ci  (cost=0.00..796071.18 rows=5052695 width=0) (actual time=0.025..14926.940 rows=6583985 loops=1)
  Filter: ((person_id < 2588676) AND (role_id = 2))
  Rows Removed by Filter: 29660359
Planning time: 0.385 ms
Execution time: 15698.101 ms
