Hash Join  (cost=87245.25..537621.01 rows=2889527 width=0) (actual time=2826.087..12094.294 rows=3168138 loops=1)
  Hash Cond: (mi.movie_id = t.id)
  ->  Seq Scan on movie_info mi  (cost=0.00..346232.03 rows=6103325 width=4) (actual time=1196.872..6250.074 rows=6083429 loops=1)
        Filter: (info_type_id > 9)
        Rows Removed by Filter: 8752291
  ->  Hash  (cost=67604.59..67604.59 rows=1197093 width=4) (actual time=1628.352..1628.352 rows=1195923 loops=1)
        Buckets: 131072  Batches: 16  Memory Usage: 3662kB
        ->  Seq Scan on title t  (cost=0.00..67604.59 rows=1197093 width=4) (actual time=0.027..1246.329 rows=1195923 loops=1)
              Filter: (production_year < 2003)
              Rows Removed by Filter: 1332389
Planning time: 0.670 ms
Execution time: 12466.316 ms
