Hash Join  (cost=102767.86..935573.87 rows=1116113 width=0) (actual time=3425.389..17680.338 rows=2324526 loops=1)
  Hash Cond: (ci.movie_id = t.id)
  ->  Seq Scan on cast_info ci  (cost=0.00..796071.18 rows=1116113 width=4) (actual time=1521.585..12769.188 rows=2324526 loops=1)
        Filter: ((person_id > 2702081) AND (role_id = 3))
        Rows Removed by Filter: 33919818
  ->  Hash  (cost=61283.27..61283.27 rows=2528527 width=4) (actual time=1901.617..1901.617 rows=2528312 loops=1)
        Buckets: 131072  Batches: 64  Memory Usage: 2415kB
        ->  Seq Scan on title t  (cost=0.00..61283.27 rows=2528527 width=4) (actual time=0.023..1065.683 rows=2528312 loops=1)
Planning time: 0.731 ms
Execution time: 17959.923 ms
