Seq Scan on movie_companies mc  (cost=0.00..57926.93 rows=982774 width=0) (actual time=136.000..1099.652 rows=843467 loops=1)
  Filter: ((company_id > 687) AND (company_type_id = 1))
  Rows Removed by Filter: 1765662
Planning time: 0.382 ms
Execution time: 1208.270 ms
