Hash Join  (cost=87428.23..215639.07 rows=966326 width=0) (actual time=1536.814..4778.151 rows=228949 loops=1)
  Hash Cond: (mk.movie_id = t.id)
  ->  Seq Scan on movie_keyword mk  (cost=0.00..81003.12 rows=2968922 width=4) (actual time=0.023..1799.696 rows=2963371 loops=1)
        Filter: (keyword_id > 2337)
        Rows Removed by Filter: 1560559
  ->  Hash  (cost=73925.90..73925.90 rows=822986 width=4) (actual time=1533.774..1533.774 rows=738761 loops=1)
        Buckets: 131072  Batches: 16  Memory Usage: 2654kB
        ->  Seq Scan on title t  (cost=0.00..73925.90 rows=822986 width=4) (actual time=0.025..1300.134 rows=738761 loops=1)
              Filter: ((production_year < 2005) AND (kind_id = 7))
              Rows Removed by Filter: 1789551
Planning time: 0.729 ms
Execution time: 4805.916 ms
