Seq Scan on cast_info ci  (cost=0.00..705507.15 rows=500 width=0) (actual time=318.126..11243.530 rows=576 loops=1)
  Filter: (person_id = 1421818)
  Rows Removed by Filter: 36243768
Planning time: 1.224 ms
Execution time: 11243.692 ms
