Hash Join  (cost=87977.22..170142.95 rows=621103 width=0) (actual time=1453.734..3890.554 rows=1134977 loops=1)
  Hash Cond: (mc.movie_id = t.id)
  ->  Seq Scan on movie_companies mc  (cost=0.00..51404.11 rows=1833757 width=4) (actual time=0.025..1084.765 rows=1842388 loops=1)
        Filter: (company_id > 1599)
        Rows Removed by Filter: 766741
  ->  Hash  (cost=73925.90..73925.90 rows=856425 width=4) (actual time=1452.766..1452.766 rows=769954 loops=1)
        Buckets: 131072  Batches: 16  Memory Usage: 2718kB
        ->  Seq Scan on title t  (cost=0.00..73925.90 rows=856425 width=4) (actual time=0.017..1207.577 rows=769954 loops=1)
              Filter: ((kind_id < 7) AND (production_year > 1962))
              Rows Removed by Filter: 1758358
Planning time: 0.770 ms
Execution time: 4020.767 ms
