Hash Join  (cost=102767.86..196868.60 rows=1363854 width=0) (actual time=1904.522..4422.901 rows=1373275 loops=1)
  Hash Cond: (mc.movie_id = t.id)
  ->  Seq Scan on movie_companies mc  (cost=0.00..51404.11 rows=1363854 width=4) (actual time=0.022..992.406 rows=1373275 loops=1)
        Filter: (company_id > 11145)
        Rows Removed by Filter: 1235854
  ->  Hash  (cost=61283.27..61283.27 rows=2528527 width=4) (actual time=1903.115..1903.115 rows=2528312 loops=1)
        Buckets: 131072  Batches: 64  Memory Usage: 2415kB
        ->  Seq Scan on title t  (cost=0.00..61283.27 rows=2528527 width=4) (actual time=0.010..1057.622 rows=2528312 loops=1)
Planning time: 0.717 ms
Execution time: 4583.862 ms
