Nested Loop  (cost=72205.62..167443.54 rows=2268 width=0) (actual time=2279.164..3955.230 rows=19084 loops=1)
  ->  Hash Join  (cost=72205.19..160295.80 rows=11924 width=8) (actual time=2279.055..3742.422 rows=19084 loops=1)
        Hash Cond: (mk.movie_id = mc.movie_id)
        ->  Seq Scan on movie_keyword mk  (cost=0.00..81003.12 rows=4524 width=4) (actual time=0.049..1221.533 rows=5235 loops=1)
              Filter: (keyword_id = 816)
              Rows Removed by Filter: 4518695
        ->  Hash  (cost=51404.11..51404.11 rows=1267846 width=4) (actual time=2275.369..2275.369 rows=1277178 loops=1)
              Buckets: 131072  Batches: 32  Memory Usage: 2462kB
              ->  Seq Scan on movie_companies mc  (cost=0.00..51404.11 rows=1267846 width=4) (actual time=0.021..1038.463 rows=1277178 loops=1)
                    Filter: (company_id > 11393)
                    Rows Removed by Filter: 1331951
  ->  Index Only Scan using title_pkey on title t  (cost=0.43..0.59 rows=1 width=4) (actual time=0.010..0.011 rows=1 loops=19084)
        Index Cond: (id = mc.movie_id)
        Heap Fetches: 19084
Planning time: 1.249 ms
Execution time: 3958.919 ms
