Hash Join  (cost=58358.42..85268.91 rows=1 width=0) (actual time=1444.825..1512.780 rows=21 loops=1)
  Hash Cond: (mi_idx.movie_id = t.id)
  ->  Seq Scan on movie_info_idx mi_idx  (cost=0.00..21735.35 rows=1380035 width=4) (actual time=0.018..380.585 rows=1380035 loops=1)
  ->  Hash  (cost=58358.39..58358.39 rows=2 width=8) (actual time=884.971..884.971 rows=7 loops=1)
        Buckets: 1024  Batches: 1  Memory Usage: 9kB
        ->  Nested Loop  (cost=0.43..58358.39 rows=2 width=8) (actual time=463.159..884.960 rows=7 loops=1)
              ->  Seq Scan on movie_companies mc  (cost=0.00..57926.93 rows=51 width=4) (actual time=463.104..843.676 rows=2523 loops=1)
                    Filter: ((company_id = 10584) AND (company_type_id = 1))
                    Rows Removed by Filter: 2606606
              ->  Index Scan using title_pkey on title t  (cost=0.43..8.45 rows=1 width=4) (actual time=0.016..0.016 rows=0 loops=2523)
                    Index Cond: (id = mc.movie_id)
                    Filter: (kind_id = 2)
                    Rows Removed by Filter: 1
Planning time: 1.212 ms
Execution time: 1512.937 ms
