Hash Join  (cost=150952.02..502999.93 rows=315 width=0) (actual time=5607.015..7080.166 rows=134 loops=1)
  Hash Cond: (mi.movie_id = t.id)
  ->  Seq Scan on movie_info mi  (cost=0.00..346232.03 rows=1550064 width=4) (actual time=3154.364..4468.804 rows=1533909 loops=1)
        Filter: (info_type_id = 3)
        Rows Removed by Filter: 13301811
  ->  Hash  (cost=150945.59..150945.59 rows=514 width=8) (actual time=2433.346..2433.346 rows=78 loops=1)
        Buckets: 1024  Batches: 1  Memory Usage: 12kB
        ->  Hash Join  (cost=69374.09..150945.59 rows=514 width=8) (actual time=1081.169..2433.272 rows=78 loops=1)
              Hash Cond: (mk.movie_id = t.id)
              ->  Seq Scan on movie_keyword mk  (cost=0.00..81003.12 rows=12064 width=4) (actual time=0.113..1349.901 rows=13753 loops=1)
                    Filter: (keyword_id = 121)
                    Rows Removed by Filter: 4510177
              ->  Hash  (cost=67604.59..67604.59 rows=107800 width=4) (actual time=1062.769..1062.769 rows=108429 loops=1)
                    Buckets: 131072  Batches: 2  Memory Usage: 2938kB
                    ->  Seq Scan on title t  (cost=0.00..67604.59 rows=107800 width=4) (actual time=0.025..1019.917 rows=108429 loops=1)
                          Filter: (production_year = 2006)
                          Rows Removed by Filter: 2419883
Planning time: 1.148 ms
Execution time: 7080.327 ms
