Seq Scan on cast_info ci  (cost=0.00..705507.15 rows=5936785 width=0) (actual time=0.066..11735.477 rows=5983086 loops=1)
  Filter: (person_id > 3047935)
  Rows Removed by Filter: 30261258
Planning time: 0.328 ms
Execution time: 12511.105 ms
