Hash Join  (cost=797180.75..1171555.12 rows=389 width=0) (actual time=13909.257..20879.460 rows=310 loops=1)
  Hash Cond: (mi.movie_id = t.id)
  ->  Seq Scan on movie_info mi  (cost=0.00..346232.03 rows=7503588 width=4) (actual time=0.022..5964.232 rows=7548855 loops=1)
        Filter: (info_type_id > 7)
        Rows Removed by Filter: 7286865
  ->  Hash  (cost=797179.11..797179.11 rows=131 width=8) (actual time=13859.547..13859.547 rows=109 loops=1)
        Buckets: 1024  Batches: 1  Memory Usage: 13kB
        ->  Nested Loop  (cost=0.43..797179.11 rows=131 width=8) (actual time=301.242..13859.444 rows=109 loops=1)
              ->  Seq Scan on cast_info ci  (cost=0.00..796071.18 rows=131 width=4) (actual time=301.162..13856.503 rows=109 loops=1)
                    Filter: ((role_id > 4) AND (person_id = 2909043))
                    Rows Removed by Filter: 36244235
              ->  Index Only Scan using title_pkey on title t  (cost=0.43..8.45 rows=1 width=4) (actual time=0.025..0.025 rows=1 loops=109)
                    Index Cond: (id = ci.movie_id)
                    Heap Fetches: 109
Planning time: 0.845 ms
Execution time: 20879.724 ms
