Hash Join  (cost=128661.55..483140.97 rows=1758 width=0) (actual time=3250.799..8215.926 rows=147974 loops=1)
  Hash Cond: (mi.movie_id = t.id)
  ->  Seq Scan on movie_info mi  (cost=0.00..346232.03 rows=2194617 width=4) (actual time=998.676..5686.472 rows=2233850 loops=1)
        Filter: (info_type_id > 16)
        Rows Removed by Filter: 12601870
  ->  Hash  (cost=128636.23..128636.23 rows=2026 width=8) (actual time=2114.508..2114.508 rows=8464 loops=1)
        Buckets: 16384 (originally 2048)  Batches: 1 (originally 1)  Memory Usage: 459kB
        ->  Hash Join  (cost=73950.44..128636.23 rows=2026 width=8) (actual time=1216.617..2111.169 rows=8464 loops=1)
              Hash Cond: (mc.movie_id = t.id)
              ->  Seq Scan on movie_companies mc  (cost=0.00..44881.29 rows=2609129 width=4) (actual time=0.036..481.323 rows=2609129 loops=1)
              ->  Hash  (cost=73925.90..73925.90 rows=1963 width=4) (actual time=1114.022..1114.022 rows=4125 loops=1)
                    Buckets: 8192 (originally 2048)  Batches: 1 (originally 1)  Memory Usage: 210kB
                    ->  Seq Scan on title t  (cost=0.00..73925.90 rows=1963 width=4) (actual time=0.033..1111.816 rows=4125 loops=1)
                          Filter: ((kind_id = 1) AND (production_year = 1977))
                          Rows Removed by Filter: 2524187
Planning time: 1.427 ms
Execution time: 8234.769 ms
