Hash Join  (cost=123716.44..614969.65 rows=1072828 width=0) (actual time=2529.871..15541.039 rows=3644084 loops=1)
  Hash Cond: (mi.movie_id = t.id)
  ->  Seq Scan on movie_info mi  (cost=0.00..309384.22 rows=14739122 width=4) (actual time=0.018..5625.494 rows=14835720 loops=1)
  ->  Hash  (cost=120696.86..120696.86 rows=184046 width=8) (actual time=2529.130..2529.130 rows=227037 loops=1)
        Buckets: 131072  Batches: 4  Memory Usage: 3252kB
        ->  Hash Join  (cost=84417.00..120696.86 rows=184046 width=8) (actual time=1439.778..2452.901 rows=227037 loops=1)
              Hash Cond: (mi_idx.movie_id = t.id)
              ->  Seq Scan on movie_info_idx mi_idx  (cost=0.00..25185.44 rows=454124 width=4) (actual time=0.022..486.492 rows=459925 loops=1)
                    Filter: (info_type_id = 100)
                    Rows Removed by Filter: 920110
              ->  Hash  (cost=67604.59..67604.59 rows=1024753 width=4) (actual time=1438.666..1438.666 rows=1021752 loops=1)
                    Buckets: 131072  Batches: 16  Memory Usage: 3274kB
                    ->  Seq Scan on title t  (cost=0.00..67604.59 rows=1024753 width=4) (actual time=0.028..1120.179 rows=1021752 loops=1)
                          Filter: (production_year < 2000)
                          Rows Removed by Filter: 1506560
Planning time: 1.146 ms
Execution time: 15991.681 ms
