Hash Join  (cost=83030.92..147520.27 rows=70089 width=0) (actual time=1556.310..2620.910 rows=27969 loops=1)
  Hash Cond: (mc.movie_id = t.id)
  ->  Seq Scan on movie_companies mc  (cost=0.00..57926.93 rows=319342 width=4) (actual time=0.029..870.137 rows=173313 loops=1)
        Filter: ((company_id < 778) AND (company_type_id > 1))
        Rows Removed by Filter: 2435816
  ->  Hash  (cost=73925.90..73925.90 rows=554961 width=4) (actual time=1555.292..1555.292 rows=605090 loops=1)
        Buckets: 131072  Batches: 8  Memory Usage: 3684kB
        ->  Seq Scan on title t  (cost=0.00..73925.90 rows=554961 width=4) (actual time=0.279..1355.376 rows=605090 loops=1)
              Filter: ((kind_id > 4) AND (production_year > 2006))
              Rows Removed by Filter: 1923222
Planning time: 0.775 ms
Execution time: 2624.811 ms
