Seq Scan on movie_keyword mk  (cost=0.00..81003.12 rows=246 width=0) (actual time=72.861..1254.431 rows=20 loops=1)
  Filter: (keyword_id = 6017)
  Rows Removed by Filter: 4523910
Planning time: 0.410 ms
Execution time: 1254.539 ms
