Hash Join  (cost=102767.86..1367283.07 rows=19057233 width=0) (actual time=2001.331..39142.863 rows=21675070 loops=1)
  Hash Cond: (ci.movie_id = t.id)
  ->  Seq Scan on cast_info ci  (cost=0.00..796071.18 rows=19057233 width=4) (actual time=0.012..17808.578 rows=21675070 loops=1)
        Filter: ((person_id > 655326) AND (role_id > 1))
        Rows Removed by Filter: 14569274
  ->  Hash  (cost=61283.27..61283.27 rows=2528527 width=4) (actual time=2000.005..2000.005 rows=2528312 loops=1)
        Buckets: 131072  Batches: 64  Memory Usage: 2415kB
        ->  Seq Scan on title t  (cost=0.00..61283.27 rows=2528527 width=4) (actual time=0.021..1129.611 rows=2528312 loops=1)
Planning time: 0.766 ms
Execution time: 41472.432 ms
