Hash Join  (cost=835776.16..921646.84 rows=784915 width=0) (actual time=15737.788..18322.998 rows=897027 loops=1)
  Hash Cond: (mc.movie_id = t.id)
  ->  Seq Scan on movie_companies mc  (cost=0.00..44881.29 rows=2609129 width=4) (actual time=0.012..989.324 rows=2609129 loops=1)
  ->  Hash  (cost=823295.81..823295.81 rows=760668 width=8) (actual time=15736.827..15736.827 rows=763415 loops=1)
        Buckets: 131072  Batches: 16  Memory Usage: 2880kB
        ->  Hash Join  (cost=85777.42..823295.81 rows=760668 width=8) (actual time=9642.567..15519.475 rows=763415 loops=1)
              Hash Cond: (ci.movie_id = t.id)
              ->  Seq Scan on cast_info ci  (cost=0.00..705507.15 rows=1736414 width=4) (actual time=8028.641..12607.238 rows=1703543 loops=1)
                    Filter: (role_id = 8)
                    Rows Removed by Filter: 34540801
              ->  Hash  (cost=67604.59..67604.59 rows=1107667 width=4) (actual time=1612.913..1612.913 rows=1107925 loops=1)
                    Buckets: 131072  Batches: 16  Memory Usage: 3460kB
                    ->  Seq Scan on title t  (cost=0.00..67604.59 rows=1107667 width=4) (actual time=0.026..1259.121 rows=1107925 loops=1)
                          Filter: (production_year > 2004)
                          Rows Removed by Filter: 1420387
Planning time: 1.060 ms
Execution time: 18432.809 ms
