Hash Join  (cost=75915.84..990808.35 rows=471361 width=0) (actual time=8743.995..15897.183 rows=378879 loops=1)
  Hash Cond: (ci.movie_id = t.id)
  ->  Seq Scan on cast_info ci  (cost=0.00..796071.18 rows=9827657 width=4) (actual time=7237.777..11578.682 rows=6717152 loops=1)
        Filter: ((person_id > 2327393) AND (role_id < 5))
        Rows Removed by Filter: 29527192
  ->  Hash  (cost=73925.90..73925.90 rows=121275 width=4) (actual time=1505.298..1505.298 rows=124747 loops=1)
        Buckets: 131072  Batches: 2  Memory Usage: 3219kB
        ->  Seq Scan on title t  (cost=0.00..73925.90 rows=121275 width=4) (actual time=0.029..1231.890 rows=124747 loops=1)
              Filter: ((kind_id > 1) AND (production_year = 2012))
              Rows Removed by Filter: 2403565
Planning time: 0.810 ms
Execution time: 15945.515 ms
