Hash Join  (cost=152319.20..1280268.68 rows=9164731 width=0) (actual time=2992.845..37837.768 rows=11926248 loops=1)
  Hash Cond: (ci.movie_id = t.id)
  ->  Seq Scan on cast_info ci  (cost=0.00..614943.12 rows=36225612 width=4) (actual time=0.015..13035.615 rows=36244344 loops=1)
  ->  Hash  (cost=141824.04..141824.04 rows=639693 width=8) (actual time=2991.382..2991.382 rows=349320 loops=1)
        Buckets: 131072  Batches: 16  Memory Usage: 1878kB
        ->  Hash Join  (cost=93155.63..141824.04 rows=639693 width=8) (actual time=1510.903..2885.840 rows=349320 loops=1)
              Hash Cond: (mi_idx.movie_id = t.id)
              ->  Seq Scan on movie_info_idx mi_idx  (cost=0.00..21735.35 rows=1380035 width=4) (actual time=0.016..458.051 rows=1380035 loops=1)
              ->  Hash  (cost=73925.90..73925.90 rows=1172058 width=4) (actual time=1509.990..1509.990 rows=1128906 loops=1)
                    Buckets: 131072  Batches: 16  Memory Usage: 3503kB
                    ->  Seq Scan on title t  (cost=0.00..73925.90 rows=1172058 width=4) (actual time=0.012..1185.976 rows=1128906 loops=1)
                          Filter: ((production_year < 2010) AND (kind_id = 7))
                          Rows Removed by Filter: 1399406
Planning time: 1.216 ms
Execution time: 39300.060 ms
