Hash Join  (cost=153250.71..1297975.26 rows=10797638 width=0) (actual time=3492.729..38985.184 rows=21308531 loops=1)
  Hash Cond: (ci.movie_id = t.id)
  ->  Seq Scan on cast_info ci  (cost=0.00..614943.12 rows=36225612 width=4) (actual time=0.013..12919.546 rows=36244344 loops=1)
  ->  Hash  (cost=140884.85..140884.85 rows=753669 width=8) (actual time=3491.778..3491.778 rows=664016 loops=1)
        Buckets: 131072  Batches: 16  Memory Usage: 2638kB
        ->  Hash Join  (cost=90260.67..140884.85 rows=753669 width=8) (actual time=1665.109..3281.121 rows=664016 loops=1)
              Hash Cond: (mi_idx.movie_id = t.id)
              ->  Seq Scan on movie_info_idx mi_idx  (cost=0.00..21735.35 rows=1380035 width=4) (actual time=0.018..455.653 rows=1380035 loops=1)
              ->  Hash  (cost=67604.59..67604.59 rows=1380887 width=4) (actual time=1663.988..1663.988 rows=1381453 loops=1)
                    Buckets: 131072  Batches: 32  Memory Usage: 2543kB
                    ->  Seq Scan on title t  (cost=0.00..67604.59 rows=1380887 width=4) (actual time=0.019..1204.239 rows=1381453 loops=1)
                          Filter: (production_year > 2000)
                          Rows Removed by Filter: 1146859
Planning time: 1.161 ms
Execution time: 41343.260 ms
