Hash Join  (cost=443713.29..483543.95 rows=124618 width=0) (actual time=7331.329..8430.825 rows=405792 loops=1)
  Hash Cond: (mi_idx.movie_id = t.id)
  ->  Seq Scan on movie_info_idx mi_idx  (cost=0.00..21735.35 rows=1380035 width=4) (actual time=0.027..414.575 rows=1380035 loops=1)
  ->  Hash  (cost=439967.20..439967.20 rows=228327 width=8) (actual time=7330.615..7330.615 rows=286745 loops=1)
        Buckets: 131072  Batches: 4  Memory Usage: 3825kB
        ->  Hash Join  (cost=79303.65..439967.20 rows=228327 width=8) (actual time=4176.838..7238.572 rows=286745 loops=1)
              Hash Cond: (mi.movie_id = t.id)
              ->  Seq Scan on movie_info mi  (cost=0.00..346232.03 rows=809669 width=4) (actual time=2739.926..5181.262 rows=802140 loops=1)
                    Filter: (info_type_id = 1)
                    Rows Removed by Filter: 14033580
              ->  Hash  (cost=67604.59..67604.59 rows=713045 width=4) (actual time=1435.877..1435.877 rows=707186 loops=1)
                    Buckets: 131072  Batches: 16  Memory Usage: 2585kB
                    ->  Seq Scan on title t  (cost=0.00..67604.59 rows=713045 width=4) (actual time=0.040..1184.841 rows=707186 loops=1)
                          Filter: (production_year < 1991)
                          Rows Removed by Filter: 1821126
Planning time: 0.998 ms
Execution time: 8479.719 ms
