Hash Join  (cost=134151.39..263873.58 rows=633615 width=0) (actual time=2932.989..8229.426 rows=7549165 loops=1)
  Hash Cond: (mk.movie_id = t.id)
  ->  Seq Scan on movie_keyword mk  (cost=0.00..69693.30 rows=4523930 width=4) (actual time=0.021..1507.333 rows=4523930 loops=1)
  ->  Hash  (cost=128340.62..128340.62 rows=354142 width=8) (actual time=2932.271..2932.271 rows=629897 loops=1)
        Buckets: 131072 (originally 131072)  Batches: 16 (originally 8)  Memory Usage: 3073kB
        ->  Hash Join  (cost=84571.72..128340.62 rows=354142 width=8) (actual time=1437.959..2739.530 rows=629897 loops=1)
              Hash Cond: (mi_idx.movie_id = t.id)
              ->  Seq Scan on movie_info_idx mi_idx  (cost=0.00..21735.35 rows=1380035 width=4) (actual time=0.030..424.626 rows=1380035 loops=1)
              ->  Hash  (cost=73925.90..73925.90 rows=648865 width=4) (actual time=1426.619..1426.619 rows=656311 loops=1)
                    Buckets: 131072  Batches: 16  Memory Usage: 2462kB
                    ->  Seq Scan on title t  (cost=0.00..73925.90 rows=648865 width=4) (actual time=0.022..1223.782 rows=656311 loops=1)
                          Filter: ((kind_id < 2) AND (production_year > 0))
                          Rows Removed by Filter: 1872001
Planning time: 1.622 ms
Execution time: 9025.979 ms
