Seq Scan on cast_info ci  (cost=0.00..705507.15 rows=500 width=0) (actual time=4356.575..10403.456 rows=304 loops=1)
  Filter: (person_id = 2486665)
  Rows Removed by Filter: 36244040
Planning time: 0.355 ms
Execution time: 10403.576 ms
