Seq Scan on movie_keyword mk  (cost=0.00..81003.12 rows=246 width=0) (actual time=27.103..1190.764 rows=35 loops=1)
  Filter: (keyword_id = 4127)
  Rows Removed by Filter: 4523895
Planning time: 0.364 ms
Execution time: 1190.887 ms
