Seq Scan on movie_companies mc  (cost=0.00..57926.93 rows=742050 width=0) (actual time=0.026..1063.001 rows=960836 loops=1)
  Filter: ((company_id > 8929) AND (company_type_id = 2))
  Rows Removed by Filter: 1648293
Planning time: 0.379 ms
Execution time: 1181.413 ms
