Seq Scan on movie_keyword mk  (cost=0.00..81003.12 rows=969678 width=0) (actual time=0.022..1361.807 rows=975092 loops=1)
  Filter: (keyword_id > 19225)
  Rows Removed by Filter: 3548838
Planning time: 0.372 ms
Execution time: 1482.094 ms
