Seq Scan on movie_companies mc  (cost=0.00..51404.11 rows=104 width=0) (actual time=2.440..886.616 rows=2248 loops=1)
  Filter: (company_id = 21)
  Rows Removed by Filter: 2606881
Planning time: 0.353 ms
Execution time: 887.125 ms
