Hash Join  (cost=156487.41..262201.96 rows=312027 width=0) (actual time=3357.668..6549.148 rows=1306674 loops=1)
  Hash Cond: (mk.movie_id = t.id)
  ->  Seq Scan on movie_keyword mk  (cost=0.00..81003.12 rows=1711508 width=4) (actual time=0.017..1680.740 rows=1717706 loops=1)
        Filter: (keyword_id > 8269)
        Rows Removed by Filter: 2806224
  ->  Hash  (cost=148924.19..148924.19 rows=460978 width=8) (actual time=3356.843..3356.843 rows=459925 loops=1)
        Buckets: 131072  Batches: 8  Memory Usage: 3284kB
        ->  Hash Join  (cost=102767.86..148924.19 rows=460978 width=8) (actual time=2060.753..3230.016 rows=459925 loops=1)
              Hash Cond: (mi_idx.movie_id = t.id)
              ->  Seq Scan on movie_info_idx mi_idx  (cost=0.00..25185.44 rows=460978 width=4) (actual time=0.020..468.589 rows=459925 loops=1)
                    Filter: (info_type_id < 100)
                    Rows Removed by Filter: 920110
              ->  Hash  (cost=61283.27..61283.27 rows=2528527 width=4) (actual time=2059.077..2059.077 rows=2528312 loops=1)
                    Buckets: 131072  Batches: 64  Memory Usage: 2415kB
                    ->  Seq Scan on title t  (cost=0.00..61283.27 rows=2528527 width=4) (actual time=0.039..1184.506 rows=2528312 loops=1)
Planning time: 1.153 ms
Execution time: 6713.979 ms
