Seq Scan on movie_companies mc  (cost=0.00..51404.11 rows=1507675 width=0) (actual time=0.030..969.160 rows=1495582 loops=1)
  Filter: (company_id < 13884)
  Rows Removed by Filter: 1113547
Planning time: 0.320 ms
Execution time: 1157.745 ms
