Hash Join  (cost=156487.41..968860.07 rows=197469 width=0) (actual time=15510.969..18091.508 rows=261246 loops=1)
  Hash Cond: (ci.movie_id = t.id)
  ->  Seq Scan on cast_info ci  (cost=0.00..796071.18 rows=1083143 width=4) (actual time=12267.471..14185.432 rows=1093158 loops=1)
        Filter: ((person_id > 1338344) AND (role_id = 8))
        Rows Removed by Filter: 35151186
  ->  Hash  (cost=148924.19..148924.19 rows=460978 width=8) (actual time=3242.153..3242.153 rows=459925 loops=1)
        Buckets: 131072  Batches: 8  Memory Usage: 3275kB
        ->  Hash Join  (cost=102767.86..148924.19 rows=460978 width=8) (actual time=1870.922..3104.378 rows=459925 loops=1)
              Hash Cond: (mi_idx.movie_id = t.id)
              ->  Seq Scan on movie_info_idx mi_idx  (cost=0.00..25185.44 rows=460978 width=4) (actual time=0.024..473.737 rows=459925 loops=1)
                    Filter: (info_type_id = 99)
                    Rows Removed by Filter: 920110
              ->  Hash  (cost=61283.27..61283.27 rows=2528527 width=4) (actual time=1868.972..1868.972 rows=2528312 loops=1)
                    Buckets: 131072  Batches: 64  Memory Usage: 2415kB
                    ->  Seq Scan on title t  (cost=0.00..61283.27 rows=2528527 width=4) (actual time=0.016..1020.480 rows=2528312 loops=1)
Planning time: 0.797 ms
Execution time: 18124.387 ms
