Hash Join  (cost=465835.78..599772.59 rows=979577 width=0) (actual time=8580.931..14020.589 rows=6449558 loops=1)
  Hash Cond: (mk.movie_id = t.id)
  ->  Seq Scan on movie_keyword mk  (cost=0.00..69693.30 rows=4523930 width=4) (actual time=0.023..1531.785 rows=4523930 loops=1)
  ->  Hash  (cost=456852.93..456852.93 rows=547508 width=8) (actual time=8580.100..8580.100 rows=1068150 loops=1)
        Buckets: 131072 (originally 131072)  Batches: 16 (originally 8)  Memory Usage: 3636kB
        ->  Hash Join  (cost=78556.72..456852.93 rows=547508 width=8) (actual time=2477.153..8245.931 rows=1068150 loops=1)
              Hash Cond: (mi.movie_id = t.id)
              ->  Seq Scan on movie_info mi  (cost=0.00..346232.03 rows=2073893 width=4) (actual time=812.001..5441.004 rows=2091068 loops=1)
                    Filter: (info_type_id < 3)
                    Rows Removed by Filter: 12744652
              ->  Hash  (cost=67604.59..67604.59 rows=667531 width=4) (actual time=1349.801..1349.801 rows=662825 loops=1)
                    Buckets: 131072  Batches: 16  Memory Usage: 2485kB
                    ->  Seq Scan on title t  (cost=0.00..67604.59 rows=667531 width=4) (actual time=419.532..1138.875 rows=662825 loops=1)
                          Filter: (kind_id < 2)
                          Rows Removed by Filter: 1865487
Planning time: 1.158 ms
Execution time: 14739.707 ms
