Hash Join  (cost=83198.94..436336.81 rows=76106 width=0) (actual time=4194.704..6896.495 rows=117530 loops=1)
  Hash Cond: (mi.movie_id = t.id)
  ->  Seq Scan on movie_info mi  (cost=0.00..346232.03 rows=340474 width=4) (actual time=2819.305..5207.020 rows=328857 loops=1)
        Filter: (info_type_id = 98)
        Rows Removed by Filter: 14506863
  ->  Hash  (cost=73925.90..73925.90 rows=565203 width=4) (actual time=1374.235..1374.235 rows=641785 loops=1)
        Buckets: 131072  Batches: 8  Memory Usage: 3871kB
        ->  Seq Scan on title t  (cost=0.00..73925.90 rows=565203 width=4) (actual time=0.040..1166.596 rows=641785 loops=1)
              Filter: ((kind_id < 7) AND (production_year < 2006))
              Rows Removed by Filter: 1886527
Planning time: 0.806 ms
Execution time: 6910.737 ms
