Hash Join  (cost=187469.61..1282721.45 rows=5981768 width=0) (actual time=4204.871..40328.031 rows=18991872 loops=1)
  Hash Cond: (ci.movie_id = t.id)
  ->  Seq Scan on cast_info ci  (cost=0.00..614943.12 rows=36225612 width=4) (actual time=0.013..13576.681 rows=36244344 loops=1)
  ->  Hash  (cost=180619.56..180619.56 rows=417524 width=8) (actual time=4203.728..4203.728 rows=744429 loops=1)
        Buckets: 131072 (originally 131072)  Batches: 16 (originally 8)  Memory Usage: 3073kB
        ->  Hash Join  (cost=102767.86..180619.56 rows=417524 width=8) (actual time=2204.902..3979.866 rows=744429 loops=1)
              Hash Cond: (mc.movie_id = t.id)
              ->  Seq Scan on movie_companies mc  (cost=0.00..57926.93 rows=417524 width=4) (actual time=261.260..1026.789 rows=744429 loops=1)
                    Filter: ((company_id > 27583) AND (company_type_id = 2))
                    Rows Removed by Filter: 1864700
              ->  Hash  (cost=61283.27..61283.27 rows=2528527 width=4) (actual time=1941.046..1941.046 rows=2528312 loops=1)
                    Buckets: 131072  Batches: 64  Memory Usage: 2415kB
                    ->  Seq Scan on title t  (cost=0.00..61283.27 rows=2528527 width=4) (actual time=0.007..1071.261 rows=2528312 loops=1)
Planning time: 3.809 ms
Execution time: 42441.268 ms
