Hash Join  (cost=74700.71..423537.40 rows=15982 width=0) (actual time=1142.557..6815.164 rows=33105 loops=1)
  Hash Cond: (mi.movie_id = t.id)
  ->  Seq Scan on movie_info mi  (cost=0.00..346232.03 rows=651960 width=4) (actual time=0.019..5512.415 rows=660923 loops=1)
        Filter: (info_type_id = 18)
        Rows Removed by Filter: 14174797
  ->  Hash  (cost=73925.90..73925.90 rows=61984 width=4) (actual time=1142.161..1142.161 rows=51290 loops=1)
        Buckets: 65536  Batches: 1  Memory Usage: 2316kB
        ->  Seq Scan on title t  (cost=0.00..73925.90 rows=61984 width=4) (actual time=610.220..1123.303 rows=51290 loops=1)
              Filter: ((production_year > 1997) AND (kind_id = 3))
              Rows Removed by Filter: 2477022
Planning time: 0.817 ms
Execution time: 6819.702 ms
