Seq Scan on movie_companies mc  (cost=0.00..51404.11 rows=104 width=0) (actual time=2.984..438.811 rows=486 loops=1)
  Filter: (company_id = 1822)
  Rows Removed by Filter: 2608643
Planning time: 0.356 ms
Execution time: 438.984 ms
