Hash Join  (cost=93093.72..260743.03 rows=2611659 width=0) (actual time=1837.308..6601.084 rows=704443 loops=1)
  Hash Cond: (mk.movie_id = t.id)
  ->  Seq Scan on movie_keyword mk  (cost=0.00..81003.12 rows=4250518 width=4) (actual time=0.024..1867.381 rows=4250557 loops=1)
        Filter: (keyword_id < 57861)
        Rows Removed by Filter: 273373
  ->  Hash  (cost=67604.59..67604.59 rows=1553611 width=4) (actual time=1804.525..1804.525 rows=1555864 loops=1)
        Buckets: 131072  Batches: 32  Memory Usage: 2740kB
        ->  Seq Scan on title t  (cost=0.00..67604.59 rows=1553611 width=4) (actual time=0.080..1302.200 rows=1555864 loops=1)
              Filter: (kind_id > 4)
              Rows Removed by Filter: 972448
Planning time: 0.730 ms
Execution time: 6684.925 ms
