Seq Scan on movie_keyword mk  (cost=0.00..81003.12 rows=312832 width=0) (actual time=0.033..1256.789 rows=334142 loops=1)
  Filter: (keyword_id < 275)
  Rows Removed by Filter: 4189788
Planning time: 0.335 ms
Execution time: 1300.477 ms
