Hash Join  (cost=73953.78..160651.72 rows=3990 width=0) (actual time=1146.513..3054.534 rows=28717 loops=1)
  Hash Cond: (mk.movie_id = t.id)
  ->  Seq Scan on movie_keyword mk  (cost=0.00..69693.30 rows=4523930 width=4) (actual time=0.022..1101.234 rows=4523930 loops=1)
  ->  Hash  (cost=73925.90..73925.90 rows=2230 width=4) (actual time=1146.115..1146.115 rows=4913 loops=1)
        Buckets: 8192 (originally 4096)  Batches: 1 (originally 1)  Memory Usage: 237kB
        ->  Seq Scan on title t  (cost=0.00..73925.90 rows=2230 width=4) (actual time=0.776..1143.585 rows=4913 loops=1)
              Filter: ((kind_id < 3) AND (production_year = 1972))
              Rows Removed by Filter: 2523399
Planning time: 0.590 ms
Execution time: 3058.449 ms
