Seq Scan on movie_companies mc  (cost=0.00..51404.11 rows=3131 width=0) (actual time=0.109..769.139 rows=2926 loops=1)
  Filter: (company_id = 677)
  Rows Removed by Filter: 2606203
Planning time: 0.376 ms
Execution time: 769.831 ms
