Seq Scan on cast_info ci  (cost=0.00..796071.18 rows=10023085 width=0) (actual time=5570.450..15710.826 rows=7190485 loops=1)
  Filter: ((person_id > 736281) AND (role_id = 1))
  Rows Removed by Filter: 29053859
Planning time: 0.255 ms
Execution time: 16629.086 ms
