Hash Join  (cost=74823.14..159193.36 rows=408698 width=0) (actual time=1304.385..3949.775 rows=690209 loops=1)
  Hash Cond: (mc.movie_id = t.id)
  ->  Seq Scan on movie_companies mc  (cost=0.00..51404.11 rows=2348836 width=4) (actual time=0.032..1188.823 rows=2345649 loops=1)
        Filter: (company_id < 98708)
        Rows Removed by Filter: 263480
  ->  Hash  (cost=67604.59..67604.59 rows=439964 width=4) (actual time=1303.292..1303.292 rows=437515 loops=1)
        Buckets: 131072  Batches: 8  Memory Usage: 2944kB
        ->  Seq Scan on title t  (cost=0.00..67604.59 rows=439964 width=4) (actual time=0.013..1167.782 rows=437515 loops=1)
              Filter: (production_year < 1975)
              Rows Removed by Filter: 2090797
Planning time: 0.769 ms
Execution time: 4039.087 ms
