Seq Scan on movie_companies mc  (cost=0.00..57926.93 rows=1285 width=0) (actual time=28.444..1004.808 rows=2201 loops=1)
  Filter: ((company_type_id > 1) AND (company_id = 13015))
  Rows Removed by Filter: 2606928
Planning time: 0.397 ms
Execution time: 1005.353 ms
