Hash Join  (cost=76242.82..978677.66 rows=904681 width=0) (actual time=2974.157..22473.407 rows=1213294 loops=1)
  Hash Cond: (ci.movie_id = t.id)
  ->  Seq Scan on cast_info ci  (cost=0.00..705507.15 rows=16201301 width=4) (actual time=1835.638..14943.798 rows=16121683 loops=1)
        Filter: (role_id > 2)
        Rows Removed by Filter: 20122661
  ->  Hash  (cost=73925.90..73925.90 rows=141193 width=4) (actual time=1137.737..1137.737 rows=132182 loops=1)
        Buckets: 131072  Batches: 2  Memory Usage: 3340kB
        ->  Seq Scan on title t  (cost=0.00..73925.90 rows=141193 width=4) (actual time=0.029..1092.459 rows=132182 loops=1)
              Filter: ((production_year > 2009) AND (kind_id = 1))
              Rows Removed by Filter: 2396130
Planning time: 0.720 ms
Execution time: 22613.359 ms
