Hash Join  (cost=83074.16..890323.53 rows=177 width=0) (actual time=9647.115..15354.985 rows=2 loops=1)
  Hash Cond: (ci.movie_id = t.id)
  ->  Seq Scan on cast_info ci  (cost=0.00..796071.18 rows=2980380 width=4) (actual time=8240.545..13905.281 rows=2168597 loops=1)
        Filter: ((person_id < 2778428) AND (role_id = 3))
        Rows Removed by Filter: 34075747
  ->  Hash  (cost=83072.29..83072.29 rows=150 width=8) (actual time=1220.280..1220.280 rows=4 loops=1)
        Buckets: 1024  Batches: 1  Memory Usage: 9kB
        ->  Nested Loop  (cost=0.43..83072.29 rows=150 width=8) (actual time=37.670..1220.238 rows=4 loops=1)
              ->  Seq Scan on movie_keyword mk  (cost=0.00..81003.12 rows=246 width=4) (actual time=37.607..1219.477 rows=14 loops=1)
                    Filter: (keyword_id = 30731)
                    Rows Removed by Filter: 4523916
              ->  Index Scan using title_pkey on title t  (cost=0.43..8.40 rows=1 width=4) (actual time=0.046..0.046 rows=0 loops=14)
                    Index Cond: (id = mk.movie_id)
                    Filter: (kind_id = 7)
                    Rows Removed by Filter: 1
Planning time: 1.277 ms
Execution time: 15355.138 ms
