Seq Scan on movie_keyword mk  (cost=0.00..81003.12 rows=1165773 width=0) (actual time=0.019..888.023 rows=1180682 loops=1)
  Filter: (keyword_id > 15787)
  Rows Removed by Filter: 3343248
Planning time: 0.317 ms
Execution time: 990.350 ms
