Seq Scan on movie_companies mc  (cost=0.00..57926.93 rows=769821 width=0) (actual time=0.021..978.030 rows=477499 loops=1)
  Filter: ((company_id < 13943) AND (company_type_id = 2))
  Rows Removed by Filter: 2131630
Planning time: 0.525 ms
Execution time: 1040.030 ms
