Hash Join  (cost=120182.39..482161.24 rows=63436 width=0) (actual time=3326.555..8725.765 rows=170930 loops=1)
  Hash Cond: (mi.movie_id = t.id)
  ->  Seq Scan on movie_info mi  (cost=0.00..346232.03 rows=1264125 width=4) (actual time=547.200..5675.575 rows=1288928 loops=1)
        Filter: (info_type_id = 2)
        Rows Removed by Filter: 13546792
  ->  Hash  (cost=118100.32..118100.32 rows=126886 width=8) (actual time=2444.313..2444.313 rows=164308 loops=1)
        Buckets: 131072 (originally 131072)  Batches: 4 (originally 2)  Memory Usage: 3073kB
        ->  Hash Join  (cost=79653.55..118100.32 rows=126886 width=8) (actual time=1320.380..2382.102 rows=164308 loops=1)
              Hash Cond: (mi_idx.movie_id = t.id)
              ->  Seq Scan on movie_info_idx mi_idx  (cost=0.00..25185.44 rows=919057 width=4) (actual time=0.043..545.583 rows=920110 loops=1)
                    Filter: (info_type_id > 99)
                    Rows Removed by Filter: 459925
              ->  Hash  (cost=73925.90..73925.90 rows=349092 width=4) (actual time=1319.419..1319.419 rows=265275 loops=1)
                    Buckets: 131072  Batches: 8  Memory Usage: 2190kB
                    ->  Seq Scan on title t  (cost=0.00..73925.90 rows=349092 width=4) (actual time=599.193..1235.305 rows=265275 loops=1)
                          Filter: ((production_year > 2001) AND (kind_id = 1))
                          Rows Removed by Filter: 2263037
Planning time: 1.182 ms
Execution time: 8748.157 ms
