Hash Join  (cost=94420.17..194896.32 rows=580569 width=134) (actual time=2255.081..5201.172 rows=1265982 loops=1)
  Hash Cond: (mc.movie_id = t.id)
  ->  Seq Scan on movie_companies mc  (cost=0.00..51404.11 rows=1486224 width=40) (actual time=0.032..1200.213 rows=1488322 loops=1)
        Filter: (company_id > 7851)
        Rows Removed by Filter: 1120807
  ->  Hash  (cost=67604.59..67604.59 rows=987727 width=94) (actual time=2254.263..2254.263 rows=985048 loops=1)
        Buckets: 32768  Batches: 64  Memory Usage: 1938kB
        ->  Seq Scan on title t  (cost=0.00..67604.59 rows=987727 width=94) (actual time=0.016..1473.043 rows=985048 loops=1)
              Filter: (kind_id < 7)
              Rows Removed by Filter: 1543264
Planning time: 0.901 ms
Execution time: 5271.382 ms
