Hash Join  (cost=920202.08..1048389.99 rows=507687 width=0) (actual time=17302.259..21152.669 rows=1547902 loops=1)
  Hash Cond: (mk.movie_id = t.id)
  ->  Seq Scan on movie_keyword mk  (cost=0.00..69693.30 rows=4523930 width=4) (actual time=0.015..1494.942 rows=4523930 loops=1)
  ->  Hash  (cost=915546.10..915546.10 rows=283758 width=8) (actual time=17301.222..17301.222 rows=288779 loops=1)
        Buckets: 131072  Batches: 4  Memory Usage: 3850kB
        ->  Hash Join  (cost=102767.86..915546.10 rows=283758 width=8) (actual time=2476.080..17208.787 rows=288779 loops=1)
              Hash Cond: (ci.movie_id = t.id)
              ->  Seq Scan on cast_info ci  (cost=0.00..796071.18 rows=283758 width=4) (actual time=599.914..14704.010 rows=288779 loops=1)
                    Filter: ((person_id > 657640) AND (role_id > 10))
                    Rows Removed by Filter: 35955565
              ->  Hash  (cost=61283.27..61283.27 rows=2528527 width=4) (actual time=1875.184..1875.184 rows=2528312 loops=1)
                    Buckets: 131072  Batches: 64  Memory Usage: 2415kB
                    ->  Seq Scan on title t  (cost=0.00..61283.27 rows=2528527 width=4) (actual time=0.016..1044.646 rows=2528312 loops=1)
Planning time: 1.091 ms
Execution time: 21344.771 ms
