Seq Scan on movie_companies mc  (cost=0.00..57926.93 rows=2659 width=0) (actual time=0.099..998.285 rows=2189 loops=1)
  Filter: ((company_type_id > 1) AND (company_id = 11373))
  Rows Removed by Filter: 2606940
Planning time: 0.403 ms
Execution time: 998.804 ms
