Nested Loop  (cost=0.43..797555.70 rows=176 width=0) (actual time=4272.280..10866.551 rows=240 loops=1)
  ->  Seq Scan on cast_info ci  (cost=0.00..796071.18 rows=176 width=4) (actual time=4272.175..10860.165 rows=240 loops=1)
        Filter: ((person_id = 1218759) AND (role_id = 1))
        Rows Removed by Filter: 36244104
  ->  Index Only Scan using title_pkey on title t  (cost=0.43..8.42 rows=1 width=4) (actual time=0.026..0.026 rows=1 loops=240)
        Index Cond: (id = ci.movie_id)
        Heap Fetches: 240
Planning time: 0.949 ms
Execution time: 10866.686 ms
