Seq Scan on cast_info ci  (cost=0.00..796071.18 rows=6899994 width=0) (actual time=1007.979..12038.607 rows=7463902 loops=1)
  Filter: ((person_id < 759743) AND (role_id < 10))
  Rows Removed by Filter: 28780442
Planning time: 0.226 ms
Execution time: 12980.951 ms
