Seq Scan on movie_keyword mk  (cost=0.00..81003.12 rows=2404250 width=0) (actual time=0.024..1523.586 rows=2407088 loops=1)
  Filter: (keyword_id < 5620)
  Rows Removed by Filter: 2116842
Planning time: 0.330 ms
Execution time: 1823.727 ms
