Nested Loop  (cost=0.43..83072.29 rows=65 width=0) (actual time=239.765..1264.522 rows=429 loops=1)
  ->  Seq Scan on movie_keyword mk  (cost=0.00..81003.12 rows=246 width=4) (actual time=2.964..1189.210 rows=2132 loops=1)
        Filter: (keyword_id = 353)
        Rows Removed by Filter: 4521798
  ->  Index Scan using title_pkey on title t  (cost=0.43..8.40 rows=1 width=4) (actual time=0.034..0.034 rows=0 loops=2132)
        Index Cond: (id = mk.movie_id)
        Filter: (kind_id = 1)
        Rows Removed by Filter: 1
Planning time: 0.699 ms
Execution time: 1264.807 ms
