Hash Join  (cost=133102.92..187846.25 rows=7780 width=0) (actual time=1461.022..2613.927 rows=51871 loops=1)
  Hash Cond: (mc.movie_id = t.id)
  ->  Seq Scan on movie_companies mc  (cost=0.00..44881.29 rows=2609129 width=4) (actual time=0.022..587.755 rows=2609129 loops=1)
  ->  Hash  (cost=133008.67..133008.67 rows=7540 width=8) (actual time=1460.558..1460.558 rows=7692 loops=1)
        Buckets: 8192  Batches: 1  Memory Usage: 365kB
        ->  Nested Loop  (cost=0.43..133008.67 rows=7540 width=8) (actual time=0.236..1455.812 rows=7692 loops=1)
              ->  Seq Scan on movie_keyword mk  (cost=0.00..81003.12 rows=7540 width=4) (actual time=0.172..1245.545 rows=7692 loops=1)
                    Filter: (keyword_id = 186)
                    Rows Removed by Filter: 4516238
              ->  Index Only Scan using title_pkey on title t  (cost=0.43..6.89 rows=1 width=4) (actual time=0.026..0.026 rows=1 loops=7692)
                    Index Cond: (id = mk.movie_id)
                    Heap Fetches: 7692
Planning time: 1.176 ms
Execution time: 2621.269 ms
