Hash Join  (cost=599639.88..2130374.54 rows=35150139 width=0) (actual time=16423.559..111118.520 rows=245311124 loops=1)
  Hash Cond: (ci.movie_id = t.id)
  ->  Seq Scan on cast_info ci  (cost=0.00..614943.12 rows=36225612 width=4) (actual time=0.014..13644.551 rows=36244344 loops=1)
  ->  Hash  (cost=559387.63..559387.63 rows=2453460 width=8) (actual time=16420.738..16420.738 rows=5157828 loops=1)
        Buckets: 131072 (originally 131072)  Batches: 128 (originally 64)  Memory Usage: 3073kB
        ->  Hash Join  (cost=78556.72..559387.63 rows=2453460 width=8) (actual time=1691.434..14660.277 rows=5157828 loops=1)
              Hash Cond: (mi.movie_id = t.id)
              ->  Seq Scan on movie_info mi  (cost=0.00..346232.03 rows=9293409 width=4) (actual time=0.012..7101.371 rows=9425200 loops=1)
                    Filter: (info_type_id > 5)
                    Rows Removed by Filter: 5410520
              ->  Hash  (cost=67604.59..67604.59 rows=667531 width=4) (actual time=1588.730..1588.730 rows=662825 loops=1)
                    Buckets: 131072  Batches: 16  Memory Usage: 2485kB
                    ->  Seq Scan on title t  (cost=0.00..67604.59 rows=667531 width=4) (actual time=80.188..1117.888 rows=662825 loops=1)
                          Filter: (kind_id = 1)
                          Rows Removed by Filter: 1865487
Planning time: 1.636 ms
Execution time: 138214.153 ms
