Hash Join  (cost=190230.21..306183.45 rows=947856 width=0) (actual time=4242.085..7648.884 rows=4006893 loops=1)
  Hash Cond: (mk.movie_id = t.id)
  ->  Seq Scan on movie_keyword mk  (cost=0.00..81003.12 rows=1736681 width=4) (actual time=0.028..1639.691 rows=1745660 loops=1)
        Filter: (keyword_id > 7998)
        Rows Removed by Filter: 2778270
  ->  Hash  (cost=167588.78..167588.78 rows=1380035 width=8) (actual time=4241.353..4241.353 rows=1380035 loops=1)
        Buckets: 131072  Batches: 32  Memory Usage: 2726kB
        ->  Hash Join  (cost=102767.86..167588.78 rows=1380035 width=8) (actual time=1844.756..3834.829 rows=1380035 loops=1)
              Hash Cond: (mi_idx.movie_id = t.id)
              ->  Seq Scan on movie_info_idx mi_idx  (cost=0.00..21735.35 rows=1380035 width=4) (actual time=0.022..476.415 rows=1380035 loops=1)
              ->  Hash  (cost=61283.27..61283.27 rows=2528527 width=4) (actual time=1843.241..1843.241 rows=2528312 loops=1)
                    Buckets: 131072  Batches: 64  Memory Usage: 2415kB
                    ->  Seq Scan on title t  (cost=0.00..61283.27 rows=2528527 width=4) (actual time=0.029..1028.175 rows=2528312 loops=1)
Planning time: 1.148 ms
Execution time: 8044.444 ms
