Seq Scan on movie_keyword mk  (cost=0.00..81003.12 rows=246 width=0) (actual time=17.108..1290.775 rows=203 loops=1)
  Filter: (keyword_id = 16751)
  Rows Removed by Filter: 4523727
Planning time: 0.322 ms
Execution time: 1290.998 ms
