Seq Scan on cast_info ci  (cost=0.00..796071.18 rows=3247466 width=0) (actual time=21.180..10302.783 rows=2017460 loops=1)
  Filter: ((person_id < 696780) AND (role_id > 2))
  Rows Removed by Filter: 34226884
Planning time: 0.214 ms
Execution time: 10551.418 ms
