Hash Join  (cost=264985.73..1603500.38 rows=25254347 width=0) (actual time=5569.420..57359.505 rows=85468021 loops=1)
  Hash Cond: (ci.movie_id = t.id)
  ->  Seq Scan on cast_info ci  (cost=0.00..614943.12 rows=36225612 width=4) (actual time=0.015..13248.095 rows=36244344 loops=1)
  ->  Hash  (cost=236065.49..236065.49 rows=1762739 width=8) (actual time=5567.864..5567.864 rows=1768362 loops=1)
        Buckets: 131072  Batches: 32  Memory Usage: 3172kB
        ->  Hash Join  (cost=102767.86..236065.49 rows=1762739 width=8) (actual time=1854.008..5067.879 rows=1768362 loops=1)
              Hash Cond: (mk.movie_id = t.id)
              ->  Seq Scan on movie_keyword mk  (cost=0.00..81003.12 rows=1762739 width=4) (actual time=0.022..1475.548 rows=1768362 loops=1)
                    Filter: (keyword_id > 7844)
                    Rows Removed by Filter: 2755568
              ->  Hash  (cost=61283.27..61283.27 rows=2528527 width=4) (actual time=1853.174..1853.174 rows=2528312 loops=1)
                    Buckets: 131072  Batches: 64  Memory Usage: 2425kB
                    ->  Seq Scan on title t  (cost=0.00..61283.27 rows=2528527 width=4) (actual time=0.024..966.180 rows=2528312 loops=1)
Planning time: 1.079 ms
Execution time: 66650.706 ms
