Hash Join  (cost=205179.44..1321927.67 rows=3666307 width=0) (actual time=4363.315..34122.831 rows=8222972 loops=1)
  Hash Cond: (ci.movie_id = t.id)
  ->  Seq Scan on cast_info ci  (cost=0.00..614943.12 rows=36225612 width=4) (actual time=0.025..12574.566 rows=36244344 loops=1)
  ->  Hash  (cost=200980.62..200980.62 rows=255906 width=8) (actual time=4362.494..4362.494 rows=134532 loops=1)
        Buckets: 131072  Batches: 4  Memory Usage: 2404kB
        ->  Hash Join  (cost=70241.71..200980.62 rows=255906 width=8) (actual time=1110.292..4319.672 rows=134532 loops=1)
              Hash Cond: (mk.movie_id = t.id)
              ->  Seq Scan on movie_keyword mk  (cost=0.00..81003.12 rows=4025792 width=4) (actual time=0.016..1681.711 rows=4021945 loops=1)
                    Filter: (keyword_id > 359)
                    Rows Removed by Filter: 501985
              ->  Hash  (cost=67604.59..67604.59 rows=160730 width=4) (actual time=1109.004..1109.004 rows=160017 loops=1)
                    Buckets: 131072  Batches: 4  Memory Usage: 2442kB
                    ->  Seq Scan on title t  (cost=0.00..67604.59 rows=160730 width=4) (actual time=0.017..1050.210 rows=160017 loops=1)
                          Filter: (production_year = 2011)
                          Rows Removed by Filter: 2368295
Planning time: 1.151 ms
Execution time: 35097.748 ms
