Seq Scan on movie_keyword mk  (cost=0.00..81003.12 rows=1675608 width=0) (actual time=0.032..1445.221 rows=1686891 loops=1)
  Filter: (keyword_id > 8595)
  Rows Removed by Filter: 2837039
Planning time: 0.329 ms
Execution time: 1663.095 ms
