Seq Scan on movie_companies mc  (cost=0.00..51404.11 rows=2306540 width=0) (actual time=0.012..979.070 rows=2305177 loops=1)
  Filter: (company_id < 93551)
  Rows Removed by Filter: 303952
Planning time: 0.298 ms
Execution time: 1262.847 ms
