Hash Join  (cost=102767.86..1145947.64 rows=13622562 width=0) (actual time=2124.563..26399.782 rows=13585880 loops=1)
  Hash Cond: (ci.movie_id = t.id)
  ->  Seq Scan on cast_info ci  (cost=0.00..705507.15 rows=13622562 width=4) (actual time=3.856..13525.804 rows=13585880 loops=1)
        Filter: (person_id < 1338327)
        Rows Removed by Filter: 22658464
  ->  Hash  (cost=61283.27..61283.27 rows=2528527 width=4) (actual time=1998.826..1998.826 rows=2528312 loops=1)
        Buckets: 131072  Batches: 64  Memory Usage: 2415kB
        ->  Seq Scan on title t  (cost=0.00..61283.27 rows=2528527 width=4) (actual time=0.015..1165.940 rows=2528312 loops=1)
Planning time: 0.751 ms
Execution time: 27797.784 ms
