Hash Join  (cost=93155.63..188100.65 rows=267932 width=0) (actual time=2793.971..3844.679 rows=55416 loops=1)
  Hash Cond: (mk.movie_id = t.id)
  ->  Seq Scan on movie_keyword mk  (cost=0.00..81003.12 rows=578020 width=4) (actual time=0.028..1275.948 rows=582506 loops=1)
        Filter: (keyword_id < 413)
        Rows Removed by Filter: 3941424
  ->  Hash  (cost=73925.90..73925.90 rows=1172058 width=4) (actual time=2086.353..2086.353 rows=1128906 loops=1)
        Buckets: 131072  Batches: 16  Memory Usage: 3509kB
        ->  Seq Scan on title t  (cost=0.00..73925.90 rows=1172058 width=4) (actual time=0.023..1394.565 rows=1128906 loops=1)
              Filter: ((production_year < 2010) AND (kind_id = 7))
              Rows Removed by Filter: 1399406
Planning time: 0.704 ms
Execution time: 3851.868 ms
