Seq Scan on movie_companies mc  (cost=0.00..57926.93 rows=409880 width=0) (actual time=60.324..1001.589 rows=734160 loops=1)
  Filter: ((company_id > 29150) AND (company_type_id = 2))
  Rows Removed by Filter: 1874969
Planning time: 0.415 ms
Execution time: 1097.932 ms
