Hash Join  (cost=69179.59..866098.26 rows=289421 width=0) (actual time=2929.157..15639.306 rows=271934 loops=1)
  Hash Cond: (ci.movie_id = t.id)
  ->  Seq Scan on cast_info ci  (cost=0.00..705507.15 rows=7623016 width=4) (actual time=1770.061..11625.044 rows=7527908 loops=1)
        Filter: (person_id < 729838)
        Rows Removed by Filter: 28716436
  ->  Hash  (cost=67604.59..67604.59 rows=96000 width=4) (actual time=1155.092..1155.092 rows=95005 loops=1)
        Buckets: 131072  Batches: 2  Memory Usage: 2716kB
        ->  Seq Scan on title t  (cost=0.00..67604.59 rows=96000 width=4) (actual time=0.028..981.936 rows=95005 loops=1)
              Filter: (production_year = 2005)
              Rows Removed by Filter: 2433307
Planning time: 0.681 ms
Execution time: 15676.441 ms
