Hash Join  (cost=58375.51..423032.37 rows=93 width=0) (actual time=810.100..7770.855 rows=505 loops=1)
  Hash Cond: (mi.movie_id = t.id)
  ->  Seq Scan on movie_info mi  (cost=0.00..309384.22 rows=14739122 width=4) (actual time=0.017..4322.190 rows=14835720 loops=1)
  ->  Hash  (cost=58375.31..58375.31 rows=16 width=8) (actual time=797.028..797.028 rows=37 loops=1)
        Buckets: 1024  Batches: 1  Memory Usage: 10kB
        ->  Nested Loop  (cost=0.43..58375.31 rows=16 width=8) (actual time=460.811..796.987 rows=37 loops=1)
              ->  Seq Scan on movie_companies mc  (cost=0.00..57926.93 rows=53 width=4) (actual time=460.735..795.333 rows=37 loops=1)
                    Filter: ((company_id = 19592) AND (company_type_id = 2))
                    Rows Removed by Filter: 2609092
              ->  Index Scan using title_pkey on title t  (cost=0.43..8.45 rows=1 width=4) (actual time=0.040..0.041 rows=1 loops=37)
                    Index Cond: (id = mc.movie_id)
                    Filter: (production_year < 1993)
Planning time: 0.799 ms
Execution time: 7771.201 ms
