Seq Scan on movie_companies mc  (cost=0.00..57926.93 rows=568718 width=0) (actual time=104.693..961.719 rows=860972 loops=1)
  Filter: ((company_id > 13588) AND (company_type_id > 1))
  Rows Removed by Filter: 1748157
Planning time: 0.277 ms
Execution time: 1069.111 ms
