Seq Scan on cast_info ci  (cost=0.00..796071.18 rows=14911341 width=0) (actual time=0.027..12827.694 rows=10202559 loops=1)
  Filter: ((person_id < 2335304) AND (role_id > 1))
  Rows Removed by Filter: 26041785
Planning time: 0.329 ms
Execution time: 13904.086 ms
