Seq Scan on movie_companies mc  (cost=0.00..51404.11 rows=1606139 width=0) (actual time=0.062..917.168 rows=1603737 loops=1)
  Filter: (company_id > 4808)
  Rows Removed by Filter: 1005392
Planning time: 0.303 ms
Execution time: 1108.195 ms
