Hash Join  (cost=74394.67..161723.65 rows=67095 width=0) (actual time=1226.274..3132.565 rows=146269 loops=1)
  Hash Cond: (mk.movie_id = t.id)
  ->  Seq Scan on movie_keyword mk  (cost=0.00..69693.30 rows=4523930 width=4) (actual time=0.023..1053.739 rows=4523930 loops=1)
  ->  Hash  (cost=73925.90..73925.90 rows=37501 width=4) (actual time=1225.869..1225.869 rows=32253 loops=1)
        Buckets: 65536  Batches: 1  Memory Usage: 1646kB
        ->  Seq Scan on title t  (cost=0.00..73925.90 rows=37501 width=4) (actual time=0.054..1212.528 rows=32253 loops=1)
              Filter: ((kind_id < 7) AND (production_year = 2005))
              Rows Removed by Filter: 2496059
Planning time: 0.735 ms
Execution time: 3150.745 ms
