Seq Scan on cast_info ci  (cost=0.00..705507.15 rows=500 width=0) (actual time=1501.279..9817.912 rows=1471 loops=1)
  Filter: (person_id = 1338641)
  Rows Removed by Filter: 36242873
Planning time: 0.332 ms
Execution time: 9818.231 ms
