Seq Scan on title t  (cost=0.00..73925.90 rows=1382200 width=0) (actual time=0.023..1276.855 rows=1460524 loops=1)
  Filter: ((production_year > 1954) AND (kind_id = 7))
  Rows Removed by Filter: 1067788
Planning time: 0.305 ms
Execution time: 1451.769 ms
