Nested Loop  (cost=0.43..709674.40 rows=138 width=0) (actual time=3880.812..10855.289 rows=10 loops=1)
  ->  Seq Scan on cast_info ci  (cost=0.00..705507.15 rows=500 width=4) (actual time=3880.635..10854.818 rows=12 loops=1)
        Filter: (person_id = 2832809)
        Rows Removed by Filter: 36244332
  ->  Index Scan using title_pkey on title t  (cost=0.43..8.32 rows=1 width=4) (actual time=0.030..0.030 rows=1 loops=12)
        Index Cond: (id = ci.movie_id)
        Filter: ((kind_id > 4) AND (production_year < 2002))
        Rows Removed by Filter: 0
Planning time: 0.720 ms
Execution time: 10855.413 ms
