Hash Join  (cost=174871.48..549844.83 rows=232051 width=0) (actual time=3993.148..10673.208 rows=1299535 loops=1)
  Hash Cond: (mi.movie_id = t.id)
  ->  Seq Scan on movie_info mi  (cost=0.00..346232.03 rows=2194617 width=4) (actual time=538.088..6085.869 rows=2233850 loops=1)
        Filter: (info_type_id > 16)
        Rows Removed by Filter: 12601870
  ->  Hash  (cost=170484.52..170484.52 rows=267357 width=8) (actual time=3441.464..3441.464 rows=262833 loops=1)
        Buckets: 131072  Batches: 4  Memory Usage: 3602kB
        ->  Hash Join  (cost=102767.86..170484.52 rows=267357 width=8) (actual time=1955.979..3364.542 rows=262833 loops=1)
              Hash Cond: (mc.movie_id = t.id)
              ->  Seq Scan on movie_companies mc  (cost=0.00..51404.11 rows=267357 width=4) (actual time=0.042..818.825 rows=262833 loops=1)
                    Filter: (company_id < 137)
                    Rows Removed by Filter: 2346296
              ->  Hash  (cost=61283.27..61283.27 rows=2528527 width=4) (actual time=1952.894..1952.894 rows=2528312 loops=1)
                    Buckets: 131072  Batches: 64  Memory Usage: 2415kB
                    ->  Seq Scan on title t  (cost=0.00..61283.27 rows=2528527 width=4) (actual time=0.015..1128.142 rows=2528312 loops=1)
Planning time: 3.382 ms
Execution time: 10797.502 ms
