Hash Join  (cost=95982.60..1012816.24 rows=3968141 width=0) (actual time=2196.289..20939.150 rows=4399107 loops=1)
  Hash Cond: (ci.movie_id = t.id)
  ->  Seq Scan on cast_info ci  (cost=0.00..796071.18 rows=5800811 width=4) (actual time=100.296..12971.354 rows=6539965 loops=1)
        Filter: ((person_id < 703702) AND (role_id < 8))
        Rows Removed by Filter: 29704379
  ->  Hash  (cost=67604.59..67604.59 rows=1729681 width=4) (actual time=2093.387..2093.387 rows=1725233 loops=1)
        Buckets: 131072  Batches: 32  Memory Usage: 2923kB
        ->  Seq Scan on title t  (cost=0.00..67604.59 rows=1729681 width=4) (actual time=0.018..1268.256 rows=1725233 loops=1)
              Filter: (production_year > 1991)
              Rows Removed by Filter: 803079
Planning time: 0.800 ms
Execution time: 21406.454 ms
