Hash Join  (cost=74272.58..910256.87 rows=113425 width=0) (actual time=9161.444..17695.925 rows=1 loops=1)
  Hash Cond: (ci.movie_id = t.id)
  ->  Seq Scan on cast_info ci  (cost=0.00..796071.18 rows=10341030 width=4) (actual time=6525.545..15496.027 rows=6510831 loops=1)
        Filter: ((person_id < 3091855) AND (role_id > 3))
        Rows Removed by Filter: 29733513
  ->  Hash  (cost=73925.90..73925.90 rows=27734 width=4) (actual time=1145.807..1145.807 rows=1 loops=1)
        Buckets: 32768  Batches: 1  Memory Usage: 257kB
        ->  Seq Scan on title t  (cost=0.00..73925.90 rows=27734 width=4) (actual time=806.171..1145.796 rows=1 loops=1)
              Filter: ((production_year < 1913) AND (kind_id = 7))
              Rows Removed by Filter: 2528311
Planning time: 5.001 ms
Execution time: 17696.046 ms
