Hash Join  (cost=124715.28..945849.69 rows=117292 width=0) (actual time=12489.391..18342.254 rows=844739 loops=1)
  Hash Cond: (ci.movie_id = t.id)
  ->  Seq Scan on cast_info ci  (cost=0.00..796071.18 rows=2016350 width=4) (actual time=9820.806..13891.800 rows=3578842 loops=1)
        Filter: ((person_id > 1921110) AND (role_id = 10))
        Rows Removed by Filter: 32665502
  ->  Hash  (cost=122301.71..122301.71 rows=147086 width=8) (actual time=2667.693..2667.693 rows=292486 loops=1)
        Buckets: 131072 (originally 131072)  Batches: 4 (originally 2)  Memory Usage: 3884kB
        ->  Hash Join  (cost=87162.74..122301.71 rows=147086 width=8) (actual time=1579.679..2563.913 rows=292486 loops=1)
              Hash Cond: (mi_idx.movie_id = t.id)
              ->  Seq Scan on movie_info_idx mi_idx  (cost=0.00..25185.44 rows=460978 width=4) (actual time=0.030..476.005 rows=459925 loops=1)
                    Filter: (info_type_id = 99)
                    Rows Removed by Filter: 920110
              ->  Hash  (cost=73925.90..73925.90 rows=806787 width=4) (actual time=1578.768..1578.768 rows=843018 loops=1)
                    Buckets: 131072  Batches: 16  Memory Usage: 2879kB
                    ->  Seq Scan on title t  (cost=0.00..73925.90 rows=806787 width=4) (actual time=0.031..1320.573 rows=843018 loops=1)
                          Filter: ((kind_id < 7) AND (production_year < 2011))
                          Rows Removed by Filter: 1685294
Planning time: 1.905 ms
Execution time: 18435.562 ms
