Hash Join  (cost=119867.57..244318.75 rows=201015 width=0) (actual time=2480.860..6202.154 rows=2564853 loops=1)
  Hash Cond: (mk.movie_id = t.id)
  ->  Seq Scan on movie_keyword mk  (cost=0.00..69693.30 rows=4523930 width=4) (actual time=0.015..1478.950 rows=4523930 loops=1)
  ->  Hash  (cost=118024.17..118024.17 rows=112352 width=8) (actual time=2480.012..2480.012 rows=237019 loops=1)
        Buckets: 131072 (originally 131072)  Batches: 4 (originally 2)  Memory Usage: 3354kB
        ->  Hash Join  (cost=83950.71..118024.17 rows=112352 width=8) (actual time=1456.637..2391.992 rows=237019 loops=1)
              Hash Cond: (mi_idx.movie_id = t.id)
              ->  Seq Scan on movie_info_idx mi_idx  (cost=0.00..25185.44 rows=464934 width=4) (actual time=0.023..482.712 rows=460185 loops=1)
                    Filter: (info_type_id > 100)
                    Rows Removed by Filter: 919850
              ->  Hash  (cost=73925.90..73925.90 rows=611024 width=4) (actual time=1455.760..1455.760 rows=650218 loops=1)
                    Buckets: 131072  Batches: 8  Memory Usage: 3893kB
                    ->  Seq Scan on title t  (cost=0.00..73925.90 rows=611024 width=4) (actual time=0.020..1263.346 rows=650218 loops=1)
                          Filter: ((kind_id < 4) AND (production_year < 2009))
                          Rows Removed by Filter: 1878094
Planning time: 1.107 ms
Execution time: 6481.469 ms
