Seq Scan on movie_companies mc  (cost=0.00..57926.93 rows=747685 width=0) (actual time=0.027..961.109 rows=466776 loops=1)
  Filter: ((company_id < 13114) AND (company_type_id > 1))
  Rows Removed by Filter: 2142353
Planning time: 0.315 ms
Execution time: 1018.530 ms
