Seq Scan on movie_keyword mk  (cost=0.00..81003.12 rows=246 width=0) (actual time=347.536..1193.946 rows=5 loops=1)
  Filter: (keyword_id = 50310)
  Rows Removed by Filter: 4523925
Planning time: 0.312 ms
Execution time: 1194.044 ms
