Hash Join  (cost=125802.74..212464.07 rows=329 width=0) (actual time=2099.501..3872.005 rows=5755 loops=1)
  Hash Cond: (mk.movie_id = t.id)
  ->  Seq Scan on movie_keyword mk  (cost=0.00..69693.30 rows=4523930 width=4) (actual time=0.016..1039.710 rows=4523930 loops=1)
  ->  Hash  (cost=125800.44..125800.44 rows=184 width=8) (actual time=2074.017..2074.017 rows=165 loops=1)
        Buckets: 1024  Batches: 1  Memory Usage: 15kB
        ->  Hash Join  (cost=74341.98..125800.44 rows=184 width=8) (actual time=1248.763..2073.859 rows=165 loops=1)
              Hash Cond: (mc.movie_id = t.id)
              ->  Seq Scan on movie_companies mc  (cost=0.00..51404.11 rows=14002 width=4) (actual time=0.992..882.810 rows=12894 loops=1)
                    Filter: (company_id = 34)
                    Rows Removed by Filter: 2596235
              ->  Hash  (cost=73925.90..73925.90 rows=33286 width=4) (actual time=1185.320..1185.320 rows=28113 loops=1)
                    Buckets: 65536  Batches: 1  Memory Usage: 1501kB
                    ->  Seq Scan on title t  (cost=0.00..73925.90 rows=33286 width=4) (actual time=0.172..1173.123 rows=28113 loops=1)
                          Filter: ((kind_id < 7) AND (production_year = 2004))
                          Rows Removed by Filter: 2500199
Planning time: 0.722 ms
Execution time: 3872.937 ms
