Seq Scan on movie_companies mc  (cost=0.00..51404.11 rows=837824 width=0) (actual time=0.023..517.032 rows=834176 loops=1)
  Filter: (company_id < 2101)
  Rows Removed by Filter: 1774953
Planning time: 0.304 ms
Execution time: 591.351 ms
