Hash Join  (cost=58358.73..85272.89 rows=5 width=0) (actual time=1102.283..1611.913 rows=24 loops=1)
  Hash Cond: (mi_idx.movie_id = t.id)
  ->  Seq Scan on movie_info_idx mi_idx  (cost=0.00..25185.44 rows=460978 width=4) (actual time=0.025..499.612 rows=459925 loops=1)
        Filter: (info_type_id < 100)
        Rows Removed by Filter: 920110
  ->  Hash  (cost=58358.39..58358.39 rows=27 width=8) (actual time=1049.914..1049.914 rows=29 loops=1)
        Buckets: 1024  Batches: 1  Memory Usage: 10kB
        ->  Nested Loop  (cost=0.43..58358.39 rows=27 width=8) (actual time=417.359..1049.852 rows=29 loops=1)
              ->  Seq Scan on movie_companies mc  (cost=0.00..57926.93 rows=51 width=4) (actual time=395.596..1011.481 rows=515 loops=1)
                    Filter: ((company_type_id < 2) AND (company_id = 74))
                    Rows Removed by Filter: 2608614
              ->  Index Scan using title_pkey on title t  (cost=0.43..8.45 rows=1 width=4) (actual time=0.074..0.074 rows=0 loops=515)
                    Index Cond: (id = mc.movie_id)
                    Filter: (production_year < 2005)
                    Rows Removed by Filter: 1
Planning time: 1.250 ms
Execution time: 1612.107 ms
