Seq Scan on movie_companies mc  (cost=0.00..57926.93 rows=1308773 width=0) (actual time=442.473..1171.471 rows=1294820 loops=1)
  Filter: ((company_id < 199390) AND (company_type_id = 2))
  Rows Removed by Filter: 1314309
Planning time: 0.350 ms
Execution time: 1326.385 ms
