Seq Scan on movie_keyword mk  (cost=0.00..81003.12 rows=1211371 width=0) (actual time=0.021..1542.155 rows=1220581 loops=1)
  Filter: (keyword_id > 14928)
  Rows Removed by Filter: 3303349
Planning time: 0.321 ms
Execution time: 1703.033 ms
