Seq Scan on movie_keyword mk  (cost=0.00..81003.12 rows=246 width=0) (actual time=53.518..1265.968 rows=147 loops=1)
  Filter: (keyword_id = 10140)
  Rows Removed by Filter: 4523783
Planning time: 0.349 ms
Execution time: 1266.157 ms
