Seq Scan on cast_info ci  (cost=0.00..796071.18 rows=2574985 width=0) (actual time=1590.589..11428.462 rows=444889 loops=1)
  Filter: ((person_id > 3501707) AND (role_id < 10))
  Rows Removed by Filter: 35799455
Planning time: 0.358 ms
Execution time: 11485.303 ms
