Hash Join  (cost=83810.17..219882.22 rows=1293173 width=0) (actual time=1505.592..5604.609 rows=2807144 loops=1)
  Hash Cond: (mk.movie_id = t.id)
  ->  Seq Scan on movie_keyword mk  (cost=0.00..81003.12 rows=3310451 width=4) (actual time=0.014..1818.676 rows=3302650 loops=1)
        Filter: (keyword_id > 1535)
        Rows Removed by Filter: 1221280
  ->  Hash  (cost=67604.59..67604.59 rows=987727 width=4) (actual time=1504.609..1504.609 rows=985048 loops=1)
        Buckets: 131072  Batches: 16  Memory Usage: 3197kB
        ->  Seq Scan on title t  (cost=0.00..67604.59 rows=987727 width=4) (actual time=0.021..1191.735 rows=985048 loops=1)
              Filter: (kind_id < 7)
              Rows Removed by Filter: 1543264
Planning time: 0.673 ms
Execution time: 5939.837 ms
