Seq Scan on cast_info ci  (cost=0.00..796071.18 rows=12267053 width=0) (actual time=9.772..14634.745 rows=13955812 loops=1)
  Filter: ((person_id < 1533523) AND (role_id < 7))
  Rows Removed by Filter: 22288532
Planning time: 0.366 ms
Execution time: 16382.598 ms
