Seq Scan on movie_keyword mk  (cost=0.00..81003.12 rows=310180 width=0) (actual time=0.027..1271.681 rows=332089 loops=1)
  Filter: (keyword_id < 270)
  Rows Removed by Filter: 4191841
Planning time: 2.555 ms
Execution time: 1314.501 ms
