Hash Join  (cost=98137.04..1006692.16 rows=3838749 width=0) (actual time=1991.438..24548.840 rows=5609782 loops=1)
  Hash Cond: (ci.movie_id = t.id)
  ->  Seq Scan on cast_info ci  (cost=0.00..796071.18 rows=5215691 width=4) (actual time=0.019..15288.617 rows=7450293 loops=1)
        Filter: ((person_id > 999538) AND (role_id = 2))
        Rows Removed by Filter: 28794051
  ->  Hash  (cost=67604.59..67604.59 rows=1860996 width=4) (actual time=1990.548..1990.548 rows=1865487 loops=1)
        Buckets: 131072  Batches: 32  Memory Usage: 3079kB
        ->  Seq Scan on title t  (cost=0.00..67604.59 rows=1860996 width=4) (actual time=0.021..1401.030 rows=1865487 loops=1)
              Filter: (kind_id > 1)
              Rows Removed by Filter: 662825
Planning time: 0.793 ms
Execution time: 25178.849 ms
