Hash Join  (cost=245813.78..1458457.39 rows=12345890 width=0) (actual time=7338.289..69565.039 rows=108550842 loops=1)
  Hash Cond: (ci.movie_id = t.id)
  ->  Seq Scan on cast_info ci  (cost=0.00..705507.15 rows=29624114 width=4) (actual time=0.020..16466.642 rows=29558853 loops=1)
        Filter: (person_id < 2991396)
        Rows Removed by Filter: 6685491
  ->  Hash  (cost=228524.70..228524.70 rows=1053767 width=8) (actual time=7335.767..7335.767 rows=2943006 loops=1)
        Buckets: 131072 (originally 131072)  Batches: 64 (originally 16)  Memory Usage: 3073kB
        ->  Hash Join  (cost=83891.93..228524.70 rows=1053767 width=8) (actual time=1488.499..6546.765 rows=2943006 loops=1)
              Hash Cond: (mk.movie_id = t.id)
              ->  Seq Scan on movie_keyword mk  (cost=0.00..81003.12 rows=4386392 width=4) (actual time=0.024..1769.667 rows=4389383 loops=1)
                    Filter: (keyword_id < 75713)
                    Rows Removed by Filter: 134547
              ->  Hash  (cost=73925.90..73925.90 rows=607442 width=4) (actual time=1487.150..1487.150 rows=675690 loops=1)
                    Buckets: 131072  Batches: 8  Memory Usage: 4020kB
                    ->  Seq Scan on title t  (cost=0.00..73925.90 rows=607442 width=4) (actual time=0.020..1273.669 rows=675690 loops=1)
                          Filter: ((kind_id < 7) AND (production_year < 2007))
                          Rows Removed by Filter: 1852622
Planning time: 1.328 ms
Execution time: 81785.938 ms
