Seq Scan on movie_keyword mk  (cost=0.00..81003.12 rows=246 width=0) (actual time=12.294..1311.233 rows=97 loops=1)
  Filter: (keyword_id = 7257)
  Rows Removed by Filter: 4523833
Planning time: 0.353 ms
Execution time: 1311.448 ms
