Hash Join  (cost=195723.15..1298644.39 rows=2320308 width=0) (actual time=3966.395..32520.049 rows=2984759 loops=1)
  Hash Cond: (ci.movie_id = t.id)
  ->  Seq Scan on cast_info ci  (cost=0.00..614943.12 rows=36225612 width=4) (actual time=0.012..12808.298 rows=36244344 loops=1)
  ->  Hash  (cost=193065.70..193065.70 rows=161956 width=8) (actual time=3965.523..3965.523 rows=183129 loops=1)
        Buckets: 131072  Batches: 4  Memory Usage: 2821kB
        ->  Hash Join  (cost=69090.10..193065.70 rows=161956 width=8) (actual time=2529.254..3908.559 rows=183129 loops=1)
              Hash Cond: (mk.movie_id = t.id)
              ->  Seq Scan on movie_keyword mk  (cost=0.00..69693.30 rows=4523930 width=4) (actual time=0.019..1411.956 rows=4523930 loops=1)
              ->  Hash  (cost=67604.59..67604.59 rows=90521 width=4) (actual time=1103.953..1103.953 rows=90852 loops=1)
                    Buckets: 131072  Batches: 2  Memory Usage: 2632kB
                    ->  Seq Scan on title t  (cost=0.00..67604.59 rows=90521 width=4) (actual time=0.023..1067.334 rows=90852 loops=1)
                          Filter: (kind_id = 2)
                          Rows Removed by Filter: 2437460
Planning time: 1.209 ms
Execution time: 32895.910 ms
