Hash Join  (cost=190230.21..1139719.79 rows=7650808 width=0) (actual time=4581.586..29329.900 rows=15791973 loops=1)
  Hash Cond: (ci.movie_id = t.id)
  ->  Seq Scan on cast_info ci  (cost=0.00..705507.15 rows=14017960 width=4) (actual time=265.723..13610.429 rows=14198528 loops=1)
        Filter: (person_id > 2245178)
        Rows Removed by Filter: 22045816
  ->  Hash  (cost=167588.78..167588.78 rows=1380035 width=8) (actual time=4314.688..4314.688 rows=1380035 loops=1)
        Buckets: 131072  Batches: 32  Memory Usage: 2708kB
        ->  Hash Join  (cost=102767.86..167588.78 rows=1380035 width=8) (actual time=1926.349..3930.488 rows=1380035 loops=1)
              Hash Cond: (mi_idx.movie_id = t.id)
              ->  Seq Scan on movie_info_idx mi_idx  (cost=0.00..21735.35 rows=1380035 width=4) (actual time=0.015..538.156 rows=1380035 loops=1)
              ->  Hash  (cost=61283.27..61283.27 rows=2528527 width=4) (actual time=1925.195..1925.195 rows=2528312 loops=1)
                    Buckets: 131072  Batches: 64  Memory Usage: 2415kB
                    ->  Seq Scan on title t  (cost=0.00..61283.27 rows=2528527 width=4) (actual time=0.019..1117.895 rows=2528312 loops=1)
Planning time: 10.752 ms
Execution time: 31035.134 ms
