Hash Join  (cost=263833.28..1607585.11 rows=25764164 width=0) (actual time=5502.440..40098.753 rows=17344394 loops=1)
  Hash Cond: (ci.movie_id = t.id)
  ->  Seq Scan on cast_info ci  (cost=0.00..614943.12 rows=36225612 width=4) (actual time=0.024..13259.871 rows=36244344 loops=1)
  ->  Hash  (cost=234329.23..234329.23 rows=1798324 width=8) (actual time=5500.878..5500.878 rows=445579 loops=1)
        Buckets: 131072  Batches: 32  Memory Usage: 1580kB
        ->  Hash Join  (cost=90416.96..234329.23 rows=1798324 width=8) (actual time=3271.883..5376.460 rows=445579 loops=1)
              Hash Cond: (mk.movie_id = t.id)
              ->  Seq Scan on movie_keyword mk  (cost=0.00..69693.30 rows=4523930 width=4) (actual time=0.029..1484.487 rows=4523930 loops=1)
              ->  Hash  (cost=73925.90..73925.90 rows=1005124 width=4) (actual time=1702.771..1702.771 rows=1099095 loops=1)
                    Buckets: 131072  Batches: 16  Memory Usage: 3453kB
                    ->  Seq Scan on title t  (cost=0.00..73925.90 rows=1005124 width=4) (actual time=330.007..1357.638 rows=1099095 loops=1)
                          Filter: ((production_year > 1994) AND (kind_id = 7))
                          Rows Removed by Filter: 1429217
Planning time: 3.235 ms
Execution time: 41891.364 ms
