Hash Join  (cost=129981.18..256022.32 rows=331511 width=0) (actual time=2715.798..5848.586 rows=505583 loops=1)
  Hash Cond: (mk.movie_id = t.id)
  ->  Seq Scan on movie_keyword mk  (cost=0.00..69693.30 rows=4523930 width=4) (actual time=0.019..1443.903 rows=4523930 loops=1)
  ->  Hash  (cost=126941.06..126941.06 rows=185289 width=8) (actual time=2704.664..2704.664 rows=134742 loops=1)
        Buckets: 131072  Batches: 4  Memory Usage: 2340kB
        ->  Hash Join  (cost=90601.07..126941.06 rows=185289 width=8) (actual time=1699.323..2658.639 rows=134742 loops=1)
              Hash Cond: (mi_idx.movie_id = t.id)
              ->  Seq Scan on movie_info_idx mi_idx  (cost=0.00..25185.44 rows=460978 width=4) (actual time=0.036..488.175 rows=459925 loops=1)
                    Filter: (info_type_id = 99)
                    Rows Removed by Filter: 920110
              ->  Hash  (cost=73925.90..73925.90 rows=1016333 width=4) (actual time=1698.365..1698.365 rows=1107438 loops=1)
                    Buckets: 131072  Batches: 16  Memory Usage: 3463kB
                    ->  Seq Scan on title t  (cost=0.00..73925.90 rows=1016333 width=4) (actual time=0.014..1346.558 rows=1107438 loops=1)
                          Filter: ((kind_id > 1) AND (production_year > 2000))
                          Rows Removed by Filter: 1420874
Planning time: 1.336 ms
Execution time: 5907.687 ms
