Seq Scan on movie_keyword mk  (cost=0.00..81003.12 rows=246 width=0) (actual time=0.732..1238.154 rows=3797 loops=1)
  Filter: (keyword_id = 992)
  Rows Removed by Filter: 4520133
Planning time: 0.378 ms
Execution time: 1239.302 ms
