Seq Scan on cast_info ci  (cost=0.00..796071.18 rows=324 width=0) (actual time=7468.359..14527.997 rows=14 loops=1)
  Filter: ((role_id > 1) AND (person_id = 3583054))
  Rows Removed by Filter: 36244330
Planning time: 0.393 ms
Execution time: 14528.104 ms
