Hash Join  (cost=166562.22..193699.77 rows=22707 width=0) (actual time=3211.209..4139.194 rows=393896 loops=1)
  Hash Cond: (mi_idx.movie_id = t.id)
  ->  Seq Scan on movie_info_idx mi_idx  (cost=0.00..21735.35 rows=1380035 width=4) (actual time=0.015..332.705 rows=1380035 loops=1)
  ->  Hash  (cost=166042.16..166042.16 rows=41605 width=8) (actual time=3115.556..3115.556 rows=168763 loops=1)
        Buckets: 131072 (originally 65536)  Batches: 4 (originally 1)  Memory Usage: 3073kB
        ->  Hash Join  (cost=76653.59..166042.16 rows=41605 width=8) (actual time=1234.084..3050.063 rows=168763 loops=1)
              Hash Cond: (mk.movie_id = t.id)
              ->  Seq Scan on movie_keyword mk  (cost=0.00..81003.12 rows=632905 width=4) (actual time=0.023..1423.591 rows=632848 loops=1)
                    Filter: (keyword_id < 495)
                    Rows Removed by Filter: 3891082
              ->  Hash  (cost=73925.90..73925.90 rows=166215 width=4) (actual time=1232.292..1232.292 rows=301084 loops=1)
                    Buckets: 131072  Batches: 4  Memory Usage: 3680kB
                    ->  Seq Scan on title t  (cost=0.00..73925.90 rows=166215 width=4) (actual time=7.024..1131.830 rows=301084 loops=1)
                          Filter: ((kind_id < 2) AND (production_year < 1987))
                          Rows Removed by Filter: 2227228
Planning time: 0.788 ms
Execution time: 4185.317 ms
