Seq Scan on cast_info ci  (cost=0.00..705507.15 rows=12353753 width=0) (actual time=30.706..12228.805 rows=12269235 loops=1)
  Filter: (person_id < 1209079)
  Rows Removed by Filter: 23975109
Planning time: 0.343 ms
Execution time: 13778.154 ms
