Seq Scan on movie_keyword mk  (cost=0.00..81003.12 rows=353534 width=0) (actual time=0.030..1255.868 rows=350528 loops=1)
  Filter: (keyword_id > 47460)
  Rows Removed by Filter: 4173402
Planning time: 0.309 ms
Execution time: 1301.232 ms
