Seq Scan on cast_info ci  (cost=0.00..796071.18 rows=5881837 width=0) (actual time=0.017..12660.166 rows=3629691 loops=1)
  Filter: ((person_id < 1294319) AND (role_id > 2))
  Rows Removed by Filter: 32614653
Planning time: 0.292 ms
Execution time: 13113.637 ms
