Hash Join  (cost=458826.33..1389999.01 rows=1203694 width=0) (actual time=16162.271..30068.097 rows=566134 loops=1)
  Hash Cond: (ci.movie_id = t.id)
  ->  Seq Scan on cast_info ci  (cost=0.00..796071.18 rows=10545755 width=4) (actual time=8328.081..17076.484 rows=12670688 loops=1)
        Filter: ((person_id < 3024216) AND (role_id < 2))
        Rows Removed by Filter: 23573656
  ->  Hash  (cost=454090.76..454090.76 rows=288606 width=8) (actual time=7833.229..7833.229 rows=57988 loops=1)
        Buckets: 131072  Batches: 4  Memory Usage: 1581kB
        ->  Hash Join  (cost=92883.59..454090.76 rows=288606 width=8) (actual time=6355.692..7815.103 rows=57988 loops=1)
              Hash Cond: (mi.movie_id = t.id)
              ->  Seq Scan on movie_info mi  (cost=0.00..346232.03 rows=473617 width=4) (actual time=4462.450..5455.940 rows=486554 loops=1)
                    Filter: (info_type_id = 5)
                    Rows Removed by Filter: 14349166
              ->  Hash  (cost=67604.59..67604.59 rows=1540800 width=4) (actual time=1892.331..1892.331 rows=1543264 loops=1)
                    Buckets: 131072  Batches: 32  Memory Usage: 2728kB
                    ->  Seq Scan on title t  (cost=0.00..67604.59 rows=1540800 width=4) (actual time=0.028..1405.831 rows=1543264 loops=1)
                          Filter: (kind_id = 7)
                          Rows Removed by Filter: 985048
Planning time: 1.223 ms
Execution time: 30128.200 ms
