Seq Scan on movie_keyword mk  (cost=0.00..81003.12 rows=2066687 width=0) (actual time=0.025..1429.597 rows=2082283 loops=1)
  Filter: (keyword_id < 3695)
  Rows Removed by Filter: 2441647
Planning time: 0.312 ms
Execution time: 1691.245 ms
