Hash Join  (cost=209172.83..973176.08 rows=579560 width=0) (actual time=4889.665..18822.942 rows=1587427 loops=1)
  Hash Cond: (ci.movie_id = t.id)
  ->  Seq Scan on cast_info ci  (cost=0.00..705507.15 rows=4001500 width=4) (actual time=0.022..11726.609 rows=4035554 loops=1)
        Filter: (person_id > 3316587)
        Rows Removed by Filter: 32208790
  ->  Hash  (cost=203164.07..203164.07 rows=366221 width=8) (actual time=4888.318..4888.318 rows=129560 loops=1)
        Buckets: 131072  Batches: 8  Memory Usage: 1610kB
        ->  Hash Join  (cost=71408.55..203164.07 rows=366221 width=8) (actual time=1076.875..4845.008 rows=129560 loops=1)
              Hash Cond: (mk.movie_id = t.id)
              ->  Seq Scan on movie_keyword mk  (cost=0.00..81003.12 rows=3994182 width=4) (actual time=0.031..1788.958 rows=4005065 loops=1)
                    Filter: (keyword_id < 34881)
                    Rows Removed by Filter: 518865
              ->  Hash  (cost=67604.59..67604.59 rows=231837 width=4) (actual time=1075.318..1075.318 rows=231649 loops=1)
                    Buckets: 131072  Batches: 4  Memory Usage: 3082kB
                    ->  Seq Scan on title t  (cost=0.00..67604.59 rows=231837 width=4) (actual time=0.023..993.281 rows=231649 loops=1)
                          Filter: (production_year > 2011)
                          Rows Removed by Filter: 2296663
Planning time: 1.149 ms
Execution time: 19015.972 ms
