Seq Scan on cast_info ci  (cost=0.00..796071.18 rows=6830546 width=0) (actual time=776.363..14238.284 rows=8907198 loops=1)
  Filter: ((person_id > 1566379) AND (role_id > 3))
  Rows Removed by Filter: 27337146
Planning time: 0.344 ms
Execution time: 15303.502 ms
