Seq Scan on movie_keyword mk  (cost=0.00..81003.12 rows=246 width=0) (actual time=0.136..1207.953 rows=1893 loops=1)
  Filter: (keyword_id = 2727)
  Rows Removed by Filter: 4522037
Planning time: 1.817 ms
Execution time: 1208.597 ms
