Hash Join  (cost=102767.86..188553.30 rows=747231 width=0) (actual time=1940.099..4361.485 rows=1026688 loops=1)
  Hash Cond: (mc.movie_id = t.id)
  ->  Seq Scan on movie_companies mc  (cost=0.00..57926.93 rows=747231 width=4) (actual time=0.015..1114.812 rows=1026688 loops=1)
        Filter: ((company_id < 14086) AND (company_type_id < 2))
        Rows Removed by Filter: 1582441
  ->  Hash  (cost=61283.27..61283.27 rows=2528527 width=4) (actual time=1938.550..1938.550 rows=2528312 loops=1)
        Buckets: 131072  Batches: 64  Memory Usage: 2415kB
        ->  Seq Scan on title t  (cost=0.00..61283.27 rows=2528527 width=4) (actual time=0.011..1074.619 rows=2528312 loops=1)
Planning time: 0.804 ms
Execution time: 4485.896 ms
