Seq Scan on cast_info ci  (cost=0.00..705507.15 rows=24442191 width=0) (actual time=0.017..13008.466 rows=24549827 loops=1)
  Filter: (person_id > 1148486)
  Rows Removed by Filter: 11694517
Planning time: 0.310 ms
Execution time: 16086.290 ms
