Hash Join  (cost=910067.86..1419110.63 rows=2739984 width=0) (actual time=15247.390..42255.981 rows=57139756 loops=1)
  Hash Cond: (mi.movie_id = t.id)
  ->  Seq Scan on movie_info mi  (cost=0.00..309384.22 rows=14739122 width=4) (actual time=0.022..6466.223 rows=14835720 loops=1)
  ->  Hash  (cost=902355.24..902355.24 rows=470050 width=8) (actual time=15245.670..15245.670 rows=967968 loops=1)
        Buckets: 131072 (originally 131072)  Batches: 16 (originally 8)  Memory Usage: 3450kB
        ->  Hash Join  (cost=83810.17..902355.24 rows=470050 width=8) (actual time=6689.298..14939.175 rows=967968 loops=1)
              Hash Cond: (ci.movie_id = t.id)
              ->  Seq Scan on cast_info ci  (cost=0.00..796071.18 rows=1203302 width=4) (actual time=5072.277..11538.150 rows=2732379 loops=1)
                    Filter: ((person_id > 3539589) AND (role_id > 2))
                    Rows Removed by Filter: 33511965
              ->  Hash  (cost=67604.59..67604.59 rows=987727 width=4) (actual time=1614.430..1614.430 rows=985048 loops=1)
                    Buckets: 131072  Batches: 16  Memory Usage: 3188kB
                    ->  Seq Scan on title t  (cost=0.00..67604.59 rows=987727 width=4) (actual time=0.032..1287.055 rows=985048 loops=1)
                          Filter: (kind_id < 7)
                          Rows Removed by Filter: 1543264
Planning time: 2.349 ms
Execution time: 48602.025 ms
