Hash Join  (cost=598824.44..2081058.81 rows=21612819 width=0) (actual time=15781.844..68414.599 rows=71917957 loops=1)
  Hash Cond: (ci.movie_id = t.id)
  ->  Seq Scan on cast_info ci  (cost=0.00..614943.12 rows=36225612 width=4) (actual time=0.024..13476.309 rows=36244344 loops=1)
  ->  Hash  (cost=574074.42..574074.42 rows=1508562 width=8) (actual time=15780.478..15780.478 rows=2265515 loops=1)
        Buckets: 131072  Batches: 32  Memory Usage: 3760kB
        ->  Hash Join  (cost=78171.87..574074.42 rows=1508562 width=8) (actual time=1299.342..14697.727 rows=2265515 loops=1)
              Hash Cond: (mi.movie_id = t.id)
              ->  Seq Scan on movie_info mi  (cost=0.00..309384.22 rows=14739122 width=4) (actual time=0.020..5915.867 rows=14835720 loops=1)
              ->  Hash  (cost=73925.90..73925.90 rows=258797 width=4) (actual time=1298.624..1298.624 rows=227847 loops=1)
                    Buckets: 131072  Batches: 4  Memory Usage: 3038kB
                    ->  Seq Scan on title t  (cost=0.00..73925.90 rows=258797 width=4) (actual time=0.015..1218.268 rows=227847 loops=1)
                          Filter: ((kind_id < 7) AND (production_year > 2008))
                          Rows Removed by Filter: 2300465
Planning time: 1.443 ms
Execution time: 76088.404 ms
