Hash Join  (cost=133611.13..979321.56 rows=471 width=0) (actual time=2329.249..19959.876 rows=876 loops=1)
  Hash Cond: (ci.movie_id = t.id)
  ->  Seq Scan on cast_info ci  (cost=0.00..796071.18 rows=13235878 width=4) (actual time=0.017..16334.638 rows=9404019 loops=1)
        Filter: ((person_id < 2989081) AND (role_id > 2))
        Rows Removed by Filter: 26840325
  ->  Hash  (cost=133610.01..133610.01 rows=90 width=8) (actual time=2318.029..2318.029 rows=156 loops=1)
        Buckets: 1024  Batches: 1  Memory Usage: 15kB
        ->  Hash Join  (cost=73931.97..133610.01 rows=90 width=8) (actual time=1218.598..2317.836 rows=156 loops=1)
              Hash Cond: (mc.movie_id = t.id)
              ->  Seq Scan on movie_companies mc  (cost=0.00..57926.93 rows=466721 width=4) (actual time=0.014..991.644 rows=789400 loops=1)
                    Filter: ((company_id > 19876) AND (company_type_id = 2))
                    Rows Removed by Filter: 1819729
              ->  Hash  (cost=73925.90..73925.90 rows=485 width=4) (actual time=1212.868..1212.868 rows=298 loops=1)
                    Buckets: 1024  Batches: 1  Memory Usage: 19kB
                    ->  Seq Scan on title t  (cost=0.00..73925.90 rows=485 width=4) (actual time=3.604..1212.550 rows=298 loops=1)
                          Filter: ((kind_id > 1) AND (production_year > 2013))
                          Rows Removed by Filter: 2528014
Planning time: 1.211 ms
Execution time: 19960.487 ms
