Seq Scan on movie_companies mc  (cost=0.00..57926.93 rows=995144 width=0) (actual time=0.030..1023.006 rows=1151862 loops=1)
  Filter: ((company_id > 878) AND (company_type_id > 1))
  Rows Removed by Filter: 1457267
Planning time: 0.209 ms
Execution time: 1163.341 ms
