Hash Join  (cost=74547.79..442103.77 rows=290005 width=0) (actual time=1177.525..9233.725 rows=216196 loops=1)
  Hash Cond: (mi.movie_id = t.id)
  ->  Seq Scan on movie_info mi  (cost=0.00..309384.22 rows=14739122 width=4) (actual time=0.016..4058.510 rows=14835720 loops=1)
  ->  Hash  (cost=73925.90..73925.90 rows=49751 width=4) (actual time=1177.134..1177.134 rows=56995 loops=1)
        Buckets: 65536  Batches: 1  Memory Usage: 2516kB
        ->  Seq Scan on title t  (cost=0.00..73925.90 rows=49751 width=4) (actual time=0.027..1154.552 rows=56995 loops=1)
              Filter: ((kind_id > 1) AND (production_year = 2003))
              Rows Removed by Filter: 2471317
Planning time: 0.779 ms
Execution time: 9264.266 ms
