Seq Scan on movie_companies mc  (cost=0.00..57926.93 rows=51 width=0) (actual time=4.881..860.171 rows=114 loops=1)
  Filter: ((company_id = 13503) AND (company_type_id = 1))
  Rows Removed by Filter: 2609015
Planning time: 0.395 ms
Execution time: 860.314 ms
