Seq Scan on cast_info ci  (cost=0.00..796071.18 rows=6249816 width=0) (actual time=0.013..14388.313 rows=10644949 loops=1)
  Filter: ((person_id > 2249807) AND (role_id > 2))
  Rows Removed by Filter: 25599395
Planning time: 0.316 ms
Execution time: 15706.194 ms
