Seq Scan on cast_info ci  (cost=0.00..796071.18 rows=11620625 width=0) (actual time=5073.774..16408.676 rows=12670688 loops=1)
  Filter: ((person_id < 3472946) AND (role_id = 1))
  Rows Removed by Filter: 23573656
Planning time: 0.406 ms
Execution time: 17982.140 ms
