Seq Scan on movie_keyword mk  (cost=0.00..81003.12 rows=2805084 width=0) (actual time=0.022..1503.519 rows=2794253 loops=1)
  Filter: (keyword_id < 8190)
  Rows Removed by Filter: 1729677
Planning time: 0.352 ms
Execution time: 1834.680 ms
