Hash Join  (cost=466029.60..597001.41 rows=736177 width=0) (actual time=9116.984..28659.323 rows=70644319 loops=1)
  Hash Cond: (mk.movie_id = t.id)
  ->  Seq Scan on movie_keyword mk  (cost=0.00..69693.30 rows=4523930 width=4) (actual time=0.024..1376.013 rows=4523930 loops=1)
  ->  Hash  (cost=459278.28..459278.28 rows=411466 width=8) (actual time=9115.832..9115.832 rows=1225285 loops=1)
        Buckets: 131072 (originally 131072)  Batches: 32 (originally 8)  Memory Usage: 4012kB
        ->  Hash Join  (cost=81703.78..459278.28 rows=411466 width=8) (actual time=2514.286..8728.113 rows=1225285 loops=1)
              Hash Cond: (mi.movie_id = t.id)
              ->  Seq Scan on movie_info mi  (cost=0.00..346232.03 rows=2194617 width=4) (actual time=634.490..5494.397 rows=2233850 loops=1)
                    Filter: (info_type_id > 16)
                    Rows Removed by Filter: 12601870
              ->  Hash  (cost=73925.90..73925.90 rows=474070 width=4) (actual time=1698.311..1698.311 rows=496025 loops=1)
                    Buckets: 131072  Batches: 8  Memory Usage: 3223kB
                    ->  Seq Scan on title t  (cost=0.00..73925.90 rows=474070 width=4) (actual time=752.741..1536.845 rows=496025 loops=1)
                          Filter: ((production_year < 2009) AND (kind_id = 1))
                          Rows Removed by Filter: 2032287
Planning time: 9.801 ms
Execution time: 36642.102 ms
