Hash Join  (cost=156845.23..230310.39 rows=409986 width=0) (actual time=4232.963..6117.970 rows=1141072 loops=1)
  Hash Cond: (mc.movie_id = t.id)
  ->  Seq Scan on movie_companies mc  (cost=0.00..51404.11 rows=1279517 width=4) (actual time=0.014..883.281 rows=1274246 loops=1)
        Filter: (company_type_id < 2)
        Rows Removed by Filter: 1334883
  ->  Hash  (cost=143552.76..143552.76 rows=810197 width=8) (actual time=4231.888..4231.888 rows=729984 loops=1)
        Buckets: 131072  Batches: 16  Memory Usage: 2801kB
        ->  Hash Join  (cost=91959.31..143552.76 rows=810197 width=8) (actual time=1726.824..4004.963 rows=729984 loops=1)
              Hash Cond: (mi_idx.movie_id = t.id)
              ->  Seq Scan on movie_info_idx mi_idx  (cost=0.00..21735.35 rows=1380035 width=4) (actual time=0.016..452.871 rows=1380035 loops=1)
              ->  Hash  (cost=67604.59..67604.59 rows=1484458 width=4) (actual time=1725.401..1725.401 rows=1485030 loops=1)
                    Buckets: 131072  Batches: 32  Memory Usage: 2655kB
                    ->  Seq Scan on title t  (cost=0.00..67604.59 rows=1484458 width=4) (actual time=0.015..1245.444 rows=1485030 loops=1)
                          Filter: (production_year > 1998)
                          Rows Removed by Filter: 1043282
Planning time: 0.766 ms
Execution time: 6260.778 ms
