Seq Scan on cast_info ci  (cost=0.00..796071.18 rows=6562023 width=0) (actual time=11486.605..16088.524 rows=7451056 loops=1)
  Filter: ((person_id > 339066) AND (role_id = 2))
  Rows Removed by Filter: 28793288
Planning time: 0.363 ms
Execution time: 16982.158 ms
