Seq Scan on movie_companies mc  (cost=0.00..51404.11 rows=1495001 width=0) (actual time=0.021..1047.157 rows=1497189 loops=1)
  Filter: (company_id > 7777)
  Rows Removed by Filter: 1111940
Planning time: 0.424 ms
Execution time: 1235.179 ms
