Hash Join  (cost=161764.08..508088.64 rows=284 width=0) (actual time=4355.352..7610.643 rows=4423 loops=1)
  Hash Cond: (mi.movie_id = t.id)
  ->  Seq Scan on movie_info mi  (cost=0.00..346232.03 rows=17937 width=4) (actual time=1001.482..4419.624 rows=61128 loops=1)
        Filter: (info_type_id = 103)
        Rows Removed by Filter: 14774592
  ->  Hash  (cost=161263.80..161263.80 rows=40023 width=8) (actual time=3173.235..3173.235 rows=27168 loops=1)
        Buckets: 65536  Batches: 1  Memory Usage: 1574kB
        ->  Hash Join  (cost=74205.53..161263.80 rows=40023 width=8) (actual time=1193.276..3162.744 rows=27168 loops=1)
              Hash Cond: (mk.movie_id = t.id)
              ->  Seq Scan on movie_keyword mk  (cost=0.00..69693.30 rows=4523930 width=4) (actual time=0.027..1079.370 rows=4523930 loops=1)
              ->  Hash  (cost=73925.90..73925.90 rows=22370 width=4) (actual time=1190.439..1190.439 rows=22427 loops=1)
                    Buckets: 32768  Batches: 1  Memory Usage: 1045kB
                    ->  Seq Scan on title t  (cost=0.00..73925.90 rows=22370 width=4) (actual time=0.026..1180.798 rows=22427 loops=1)
                          Filter: ((kind_id < 4) AND (production_year = 2013))
                          Rows Removed by Filter: 2505885
Planning time: 1.192 ms
Execution time: 7611.464 ms
