Hash Join  (cost=476918.82..562441.52 rows=759719 width=0) (actual time=8390.881..11273.113 rows=1184065 loops=1)
  Hash Cond: (mc.movie_id = t.id)
  ->  Seq Scan on movie_companies mc  (cost=0.00..44881.29 rows=2609129 width=4) (actual time=0.011..953.900 rows=2609129 loops=1)
  ->  Hash  (cost=464839.71..464839.71 rows=736249 width=8) (actual time=8389.995..8389.995 rows=627871 loops=1)
        Buckets: 131072  Batches: 16  Memory Usage: 2545kB
        ->  Hash Join  (cost=90260.67..464839.71 rows=736249 width=8) (actual time=3320.213..8220.132 rows=627871 loops=1)
              Hash Cond: (mi.movie_id = t.id)
              ->  Seq Scan on movie_info mi  (cost=0.00..346232.03 rows=1348138 width=4) (actual time=1705.290..5566.677 rows=1298989 loops=1)
                    Filter: (info_type_id = 4)
                    Rows Removed by Filter: 13536731
              ->  Hash  (cost=67604.59..67604.59 rows=1380887 width=4) (actual time=1613.962..1613.962 rows=1381453 loops=1)
                    Buckets: 131072  Batches: 32  Memory Usage: 2550kB
                    ->  Seq Scan on title t  (cost=0.00..67604.59 rows=1380887 width=4) (actual time=0.022..1162.929 rows=1381453 loops=1)
                          Filter: (production_year > 2000)
                          Rows Removed by Filter: 1146859
Planning time: 0.785 ms
Execution time: 11419.274 ms
