Seq Scan on cast_info ci  (cost=0.00..705507.15 rows=20717986 width=0) (actual time=0.014..11482.748 rows=20618533 loops=1)
  Filter: (person_id < 2074943)
  Rows Removed by Filter: 15625811
Planning time: 0.228 ms
Execution time: 13906.297 ms
