Merge Join  (cost=84845.54..209497.01 rows=464934 width=144) (actual time=1016.713..8112.062 rows=460185 loops=1)
  Merge Cond: (t.id = mi_idx.movie_id)
  ->  Index Scan using title_pkey on title t  (cost=0.43..110313.87 rows=2528527 width=94) (actual time=0.006..6274.492 rows=2525794 loops=1)
  ->  Materialize  (cost=84844.72..87169.39 rows=464934 width=50) (actual time=1016.668..1235.087 rows=460185 loops=1)
        ->  Sort  (cost=84844.72..86007.06 rows=464934 width=50) (actual time=1016.660..1172.610 rows=460185 loops=1)
              Sort Key: mi_idx.movie_id
              Sort Method: external merge  Disk: 11704kB
              ->  Seq Scan on movie_info_idx mi_idx  (cost=0.00..25185.44 rows=464934 width=50) (actual time=0.026..531.174 rows=460185 loops=1)
                    Filter: (info_type_id > 100)
                    Rows Removed by Filter: 919850
Planning time: 1.817 ms
Execution time: 8138.914 ms
