Hash Join  (cost=463429.69..504303.22 rows=185405 width=0) (actual time=8315.605..8984.251 rows=207870 loops=1)
  Hash Cond: (mi_idx.movie_id = t.id)
  ->  Seq Scan on movie_info_idx mi_idx  (cost=0.00..21735.35 rows=1380035 width=4) (actual time=0.019..447.674 rows=1380035 loops=1)
  ->  Hash  (cost=457856.40..457856.40 rows=339703 width=8) (actual time=7888.607..7888.607 rows=135740 loops=1)
        Buckets: 131072  Batches: 8  Memory Usage: 1688kB
        ->  Hash Join  (cost=95541.49..457856.40 rows=339703 width=8) (actual time=4394.126..7851.235 rows=135740 loops=1)
              Hash Cond: (mi.movie_id = t.id)
              ->  Seq Scan on movie_info mi  (cost=0.00..346232.03 rows=651960 width=4) (actual time=2267.053..5145.104 rows=660923 loops=1)
                    Filter: (info_type_id = 18)
                    Rows Removed by Filter: 14174797
              ->  Hash  (cost=73925.90..73925.90 rows=1317487 width=4) (actual time=1858.235..1858.235 rows=1399348 loops=1)
                    Buckets: 131072  Batches: 32  Memory Usage: 2569kB
                    ->  Seq Scan on title t  (cost=0.00..73925.90 rows=1317487 width=4) (actual time=193.001..1386.100 rows=1399348 loops=1)
                          Filter: ((production_year > 1964) AND (kind_id = 7))
                          Rows Removed by Filter: 1128964
Planning time: 1.154 ms
Execution time: 9010.207 ms
