Seq Scan on movie_keyword mk  (cost=0.00..81003.12 rows=268338 width=0) (actual time=0.021..1204.104 rows=268574 loops=1)
  Filter: (keyword_id > 58485)
  Rows Removed by Filter: 4255356
Planning time: 0.328 ms
Execution time: 1238.490 ms
