Nested Loop  (cost=0.43..83071.67 rows=246 width=0) (actual time=0.723..1456.613 rows=356 loops=1)
  ->  Seq Scan on movie_keyword mk  (cost=0.00..81003.12 rows=246 width=4) (actual time=0.680..1434.651 rows=356 loops=1)
        Filter: (keyword_id = 2572)
        Rows Removed by Filter: 4523574
  ->  Index Only Scan using title_pkey on title t  (cost=0.43..8.40 rows=1 width=4) (actual time=0.059..0.059 rows=1 loops=356)
        Index Cond: (id = mk.movie_id)
        Heap Fetches: 356
Planning time: 0.644 ms
Execution time: 1456.837 ms
