Hash Join  (cost=81530.55..222034.89 rows=1518630 width=0) (actual time=1513.485..5514.512 rows=2071883 loops=1)
  Hash Cond: (mk.movie_id = t.id)
  ->  Seq Scan on movie_keyword mk  (cost=0.00..69693.30 rows=4523930 width=4) (actual time=0.017..1416.224 rows=4523930 loops=1)
  ->  Hash  (cost=67604.59..67604.59 rows=848797 width=4) (actual time=1511.514..1511.514 rows=849141 loops=1)
        Buckets: 131072  Batches: 16  Memory Usage: 2899kB
        ->  Seq Scan on title t  (cost=0.00..67604.59 rows=848797 width=4) (actual time=0.045..1228.476 rows=849141 loops=1)
              Filter: (production_year < 1996)
              Rows Removed by Filter: 1679171
Planning time: 0.732 ms
Execution time: 5755.289 ms
