Hash Join  (cost=208079.48..1294361.17 rows=5108552 width=0) (actual time=4052.772..38175.609 rows=17224091 loops=1)
  Hash Cond: (ci.movie_id = t.id)
  ->  Seq Scan on cast_info ci  (cost=0.00..614943.12 rows=36225612 width=4) (actual time=0.027..12788.609 rows=36244344 loops=1)
  ->  Hash  (cost=202229.31..202229.31 rows=356574 width=8) (actual time=4051.743..4051.743 rows=354369 loops=1)
        Buckets: 131072  Batches: 8  Memory Usage: 2780kB
        ->  Hash Join  (cost=102767.86..202229.31 rows=356574 width=8) (actual time=1885.561..3943.505 rows=354369 loops=1)
              Hash Cond: (mk.movie_id = t.id)
              ->  Seq Scan on movie_keyword mk  (cost=0.00..81003.12 rows=356574 width=4) (actual time=0.025..1327.345 rows=354369 loops=1)
                    Filter: (keyword_id > 47115)
                    Rows Removed by Filter: 4169561
              ->  Hash  (cost=61283.27..61283.27 rows=2528527 width=4) (actual time=1882.194..1882.194 rows=2528312 loops=1)
                    Buckets: 131072  Batches: 64  Memory Usage: 2425kB
                    ->  Seq Scan on title t  (cost=0.00..61283.27 rows=2528527 width=4) (actual time=0.015..1022.038 rows=2528312 loops=1)
Planning time: 1.126 ms
Execution time: 40254.840 ms
