Hash Join  (cost=263115.61..424612.86 rows=2975298 width=0) (actual time=6761.320..15156.301 rows=21902133 loops=1)
  Hash Cond: (mk.movie_id = t.id)
  ->  Seq Scan on movie_keyword mk  (cost=0.00..81003.12 rows=2883384 width=4) (actual time=0.047..1734.920 rows=2875215 loops=1)
        Filter: (keyword_id < 8908)
        Rows Removed by Filter: 1648715
  ->  Hash  (cost=220309.49..220309.49 rows=2609129 width=8) (actual time=6759.914..6759.914 rows=2609129 loops=1)
        Buckets: 131072  Batches: 64  Memory Usage: 2691kB
        ->  Hash Join  (cost=102767.86..220309.49 rows=2609129 width=8) (actual time=2306.402..5986.445 rows=2609129 loops=1)
              Hash Cond: (mc.movie_id = t.id)
              ->  Seq Scan on movie_companies mc  (cost=0.00..44881.29 rows=2609129 width=4) (actual time=0.020..986.441 rows=2609129 loops=1)
              ->  Hash  (cost=61283.27..61283.27 rows=2528527 width=4) (actual time=2304.553..2304.553 rows=2528312 loops=1)
                    Buckets: 131072  Batches: 64  Memory Usage: 2415kB
                    ->  Seq Scan on title t  (cost=0.00..61283.27 rows=2528527 width=4) (actual time=0.019..1057.508 rows=2528312 loops=1)
Planning time: 1.001 ms
Execution time: 17634.971 ms
