Hash Join  (cost=81573.24..959088.70 rows=1094861 width=0) (actual time=1268.420..21568.166 rows=1921087 loops=1)
  Hash Cond: (ci.movie_id = t.id)
  ->  Seq Scan on cast_info ci  (cost=0.00..796071.18 rows=5939378 width=4) (actual time=0.012..14323.015 rows=12095361 loops=1)
        Filter: ((person_id < 1659495) AND (role_id = 1))
        Rows Removed by Filter: 24148983
  ->  Hash  (cost=73925.90..73925.90 rows=466107 width=4) (actual time=1267.727..1267.727 rows=396359 loops=1)
        Buckets: 131072  Batches: 8  Memory Usage: 2762kB
        ->  Seq Scan on title t  (cost=0.00..73925.90 rows=466107 width=4) (actual time=0.009..1139.270 rows=396359 loops=1)
              Filter: ((kind_id < 7) AND (production_year > 2003))
              Rows Removed by Filter: 2131953
Planning time: 0.569 ms
Execution time: 21801.335 ms
