Hash Join  (cost=119928.41..1170267.27 rows=1609664 width=0) (actual time=2394.930..28849.952 rows=2187313 loops=1)
  Hash Cond: (ci.movie_id = t.id)
  ->  Seq Scan on cast_info ci  (cost=0.00..614943.12 rows=36225612 width=4) (actual time=0.017..13336.920 rows=36244344 loops=1)
  ->  Hash  (cost=118084.99..118084.99 rows=112354 width=8) (actual time=2394.150..2394.150 rows=51879 loops=1)
        Buckets: 131072  Batches: 2  Memory Usage: 2038kB
        ->  Hash Join  (cost=84037.34..118084.99 rows=112354 width=8) (actual time=1567.572..2375.548 rows=51879 loops=1)
              Hash Cond: (mi_idx.movie_id = t.id)
              ->  Seq Scan on movie_info_idx mi_idx  (cost=0.00..25185.44 rows=460978 width=4) (actual time=0.033..562.391 rows=459925 loops=1)
                    Filter: (info_type_id = 99)
                    Rows Removed by Filter: 920110
              ->  Hash  (cost=73925.90..73925.90 rows=616275 width=4) (actual time=1465.127..1465.127 rows=676927 loops=1)
                    Buckets: 131072  Batches: 16  Memory Usage: 2516kB
                    ->  Seq Scan on title t  (cost=0.00..73925.90 rows=616275 width=4) (actual time=0.014..1247.846 rows=676927 loops=1)
                          Filter: ((production_year > 2005) AND (kind_id = 7))
                          Rows Removed by Filter: 1851385
Planning time: 1.122 ms
Execution time: 29117.242 ms
