Hash Join  (cost=457842.59..1542056.36 rows=4907263 width=0) (actual time=8195.677..38154.076 rows=3453115 loops=1)
  Hash Cond: (ci.movie_id = t.id)
  ->  Seq Scan on cast_info ci  (cost=0.00..614943.12 rows=36225612 width=4) (actual time=0.025..13659.980 rows=36244344 loops=1)
  ->  Hash  (cost=452223.04..452223.04 rows=342524 width=8) (actual time=8194.815..8194.815 rows=202456 loops=1)
        Buckets: 131072  Batches: 8  Memory Usage: 2011kB
        ->  Hash Join  (cost=84466.26..452223.04 rows=342524 width=8) (actual time=3105.003..8132.968 rows=202456 loops=1)
              Hash Cond: (mi.movie_id = t.id)
              ->  Seq Scan on movie_info mi  (cost=0.00..346232.03 rows=1348138 width=4) (actual time=1326.258..5592.452 rows=1298989 loops=1)
                    Filter: (info_type_id = 4)
                    Rows Removed by Filter: 13536731
              ->  Hash  (cost=73925.90..73925.90 rows=642428 width=4) (actual time=1777.593..1777.593 rows=516249 loops=1)
                    Buckets: 131072  Batches: 16  Memory Usage: 2164kB
                    ->  Seq Scan on title t  (cost=0.00..73925.90 rows=642428 width=4) (actual time=0.035..1339.233 rows=516249 loops=1)
                          Filter: ((kind_id > 3) AND (production_year < 1999))
                          Rows Removed by Filter: 2012063
Planning time: 1.219 ms
Execution time: 38530.603 ms
