Hash Join  (cost=74242.71..102951.49 rows=9172 width=0) (actual time=862.551..1190.355 rows=14338 loops=1)
  Hash Cond: (mi_idx.movie_id = t.id)
  ->  Seq Scan on movie_info_idx mi_idx  (cost=0.00..25185.44 rows=915101 width=4) (actual time=0.032..258.892 rows=919850 loops=1)
        Filter: (info_type_id < 101)
        Rows Removed by Filter: 460185
  ->  Hash  (cost=73925.90..73925.90 rows=25344 width=4) (actual time=807.609..807.609 rows=15457 loops=1)
        Buckets: 32768  Batches: 1  Memory Usage: 800kB
        ->  Seq Scan on title t  (cost=0.00..73925.90 rows=25344 width=4) (actual time=33.859..800.877 rows=15457 loops=1)
              Filter: ((kind_id = 1) AND (production_year = 2005))
              Rows Removed by Filter: 2512855
Planning time: 0.710 ms
Execution time: 1192.020 ms
