Hash Join  (cost=77964.76..442674.84 rows=5415 width=0) (actual time=1190.365..7891.353 rows=1186 loops=1)
  Hash Cond: (mi.movie_id = t.id)
  ->  Seq Scan on movie_info mi  (cost=0.00..309384.22 rows=14739122 width=4) (actual time=0.017..4380.048 rows=14835720 loops=1)
  ->  Hash  (cost=77953.15..77953.15 rows=929 width=8) (actual time=944.470..944.470 rows=34 loops=1)
        Buckets: 1024  Batches: 1  Memory Usage: 10kB
        ->  Nested Loop  (cost=0.43..77953.15 rows=929 width=8) (actual time=428.135..944.438 rows=34 loops=1)
              ->  Seq Scan on movie_companies mc  (cost=0.00..51404.11 rows=3479 width=4) (actual time=0.134..834.293 rows=3601 loops=1)
                    Filter: (company_id = 521)
                    Rows Removed by Filter: 2605528
              ->  Index Scan using title_pkey on title t  (cost=0.43..7.62 rows=1 width=4) (actual time=0.030..0.030 rows=0 loops=3601)
                    Index Cond: (id = mc.movie_id)
                    Filter: ((production_year > 2004) AND (kind_id = 7))
                    Rows Removed by Filter: 1
Planning time: 1.137 ms
Execution time: 7891.655 ms
