Hash Join  (cost=232995.71..397789.12 rows=3048146 width=0) (actual time=5431.606..14350.573 rows=22749429 loops=1)
  Hash Cond: (mk.movie_id = t.id)
  ->  Seq Scan on movie_keyword mk  (cost=0.00..69693.30 rows=4523930 width=4) (actual time=0.026..1462.854 rows=4523930 loops=1)
  ->  Hash  (cost=205044.74..205044.74 rows=1703678 width=8) (actual time=5430.716..5430.716 rows=1705947 loops=1)
        Buckets: 131072  Batches: 32  Memory Usage: 3162kB
        ->  Hash Join  (cost=102767.86..205044.74 rows=1703678 width=8) (actual time=1958.549..4905.908 rows=1705947 loops=1)
              Hash Cond: (mc.movie_id = t.id)
              ->  Seq Scan on movie_companies mc  (cost=0.00..51404.11 rows=1703678 width=4) (actual time=0.051..1048.656 rows=1705947 loops=1)
                    Filter: (company_id > 2928)
                    Rows Removed by Filter: 903182
              ->  Hash  (cost=61283.27..61283.27 rows=2528527 width=4) (actual time=1956.118..1956.118 rows=2528312 loops=1)
                    Buckets: 131072  Batches: 64  Memory Usage: 2415kB
                    ->  Seq Scan on title t  (cost=0.00..61283.27 rows=2528527 width=4) (actual time=0.011..1109.899 rows=2528312 loops=1)
Planning time: 3.459 ms
Execution time: 16868.389 ms
