Hash Join  (cost=105731.15..217099.72 rows=2397964 width=0) (actual time=2065.448..5316.076 rows=2305527 loops=1)
  Hash Cond: (mc.movie_id = t.id)
  ->  Seq Scan on movie_companies mc  (cost=0.00..44881.29 rows=2609129 width=4) (actual time=0.018..884.186 rows=2609129 loops=1)
  ->  Hash  (cost=67604.59..67604.59 rows=2323885 width=4) (actual time=2064.157..2064.157 rows=2317570 loops=1)
        Buckets: 131072  Batches: 32  Memory Usage: 3574kB
        ->  Seq Scan on title t  (cost=0.00..67604.59 rows=2323885 width=4) (actual time=0.017..1326.366 rows=2317570 loops=1)
              Filter: (production_year > 1938)
              Rows Removed by Filter: 210742
Planning time: 0.672 ms
Execution time: 5576.776 ms
