Hash Join  (cost=108632.59..163874.37 rows=57626 width=0) (actual time=1953.453..3625.438 rows=306465 loops=1)
  Hash Cond: (mc.movie_id = t.id)
  ->  Seq Scan on movie_companies mc  (cost=0.00..44881.29 rows=2609129 width=4) (actual time=0.013..620.048 rows=2609129 loops=1)
  ->  Hash  (cost=107934.53..107934.53 rows=55845 width=8) (actual time=1953.080..1953.080 rows=111147 loops=1)
        Buckets: 131072 (originally 65536)  Batches: 2 (originally 1)  Memory Usage: 3195kB
        ->  Hash Join  (cost=69283.60..107934.53 rows=55845 width=8) (actual time=961.513..1914.253 rows=111147 loops=1)
              Hash Cond: (mi_idx.movie_id = t.id)
              ->  Seq Scan on movie_info_idx mi_idx  (cost=0.00..21735.35 rows=1380035 width=4) (actual time=0.013..467.760 rows=1380035 loops=1)
              ->  Hash  (cost=67604.59..67604.59 rows=102321 width=4) (actual time=960.768..960.768 rows=100537 loops=1)
                    Buckets: 131072  Batches: 2  Memory Usage: 2797kB
                    ->  Seq Scan on title t  (cost=0.00..67604.59 rows=102321 width=4) (actual time=48.510..926.380 rows=100537 loops=1)
                          Filter: (kind_id = 3)
                          Rows Removed by Filter: 2427775
Planning time: 1.121 ms
Execution time: 3661.825 ms
