Hash Join  (cost=102767.86..914856.56 rows=255109 width=0) (actual time=9149.927..14062.662 rows=124335 loops=1)
  Hash Cond: (ci.movie_id = t.id)
  ->  Seq Scan on cast_info ci  (cost=0.00..796071.18 rows=255109 width=4) (actual time=7069.513..11307.153 rows=124335 loops=1)
        Filter: ((person_id < 69027) AND (role_id > 3))
        Rows Removed by Filter: 36120009
  ->  Hash  (cost=61283.27..61283.27 rows=2528527 width=4) (actual time=2078.465..2078.465 rows=2528312 loops=1)
        Buckets: 131072  Batches: 64  Memory Usage: 2415kB
        ->  Seq Scan on title t  (cost=0.00..61283.27 rows=2528527 width=4) (actual time=0.029..1205.801 rows=2528312 loops=1)
Planning time: 0.694 ms
Execution time: 14077.170 ms
