Hash Join  (cost=453496.97..1278625.02 rows=918428 width=0) (actual time=11137.031..27359.362 rows=6286303 loops=1)
  Hash Cond: (ci.movie_id = t.id)
  ->  Seq Scan on cast_info ci  (cost=0.00..705507.15 rows=9468168 width=4) (actual time=3472.503..13397.727 rows=9384703 loops=1)
        Filter: (role_id > 4)
        Rows Removed by Filter: 26859641
  ->  Hash  (cost=449472.08..449472.08 rows=245271 width=8) (actual time=7663.539..7663.539 rows=485889 loops=1)
        Buckets: 131072 (originally 131072)  Batches: 8 (originally 4)  Memory Usage: 3394kB
        ->  Hash Join  (cost=89532.49..449472.08 rows=245271 width=8) (actual time=4047.531..7524.971 rows=485889 loops=1)
              Hash Cond: (mi.movie_id = t.id)
              ->  Seq Scan on movie_info mi  (cost=0.00..346232.03 rows=651960 width=4) (actual time=2545.665..5395.756 rows=660923 loops=1)
                    Filter: (info_type_id = 18)
                    Rows Removed by Filter: 14174797
              ->  Hash  (cost=73925.90..73925.90 rows=951247 width=4) (actual time=1501.029..1501.029 rows=953271 loops=1)
                    Buckets: 131072  Batches: 16  Memory Usage: 3127kB
                    ->  Seq Scan on title t  (cost=0.00..73925.90 rows=951247 width=4) (actual time=0.023..1204.872 rows=953271 loops=1)
                          Filter: ((kind_id < 7) AND (production_year > 1909))
                          Rows Removed by Filter: 1575041
Planning time: 1.161 ms
Execution time: 28004.857 ms
