Hash Join  (cost=316399.73..1021710.24 rows=17680777 width=0) (actual time=7619.281..61747.690 rows=162961894 loops=1)
  Hash Cond: (mi.movie_id = t.id)
  ->  Seq Scan on movie_info mi  (cost=0.00..309384.22 rows=14739122 width=4) (actual time=0.025..6234.865 rows=14835720 loops=1)
  ->  Hash  (cost=266636.06..266636.06 rows=3033174 width=8) (actual time=7617.543..7617.543 rows=3021685 loops=1)
        Buckets: 131072  Batches: 64  Memory Usage: 2977kB
        ->  Hash Join  (cost=102767.86..266636.06 rows=3033174 width=8) (actual time=1928.103..6698.828 rows=3021685 loops=1)
              Hash Cond: (mk.movie_id = t.id)
              ->  Seq Scan on movie_keyword mk  (cost=0.00..81003.12 rows=3033174 width=4) (actual time=0.022..1743.316 rows=3021685 loops=1)
                    Filter: (keyword_id > 2163)
                    Rows Removed by Filter: 1502245
              ->  Hash  (cost=61283.27..61283.27 rows=2528527 width=4) (actual time=1925.580..1925.580 rows=2528312 loops=1)
                    Buckets: 131072  Batches: 64  Memory Usage: 2425kB
                    ->  Seq Scan on title t  (cost=0.00..61283.27 rows=2528527 width=4) (actual time=0.018..1040.309 rows=2528312 loops=1)
Planning time: 1.320 ms
Execution time: 80808.444 ms
