Hash Join  (cost=134032.71..485525.34 rows=24193 width=0) (actual time=4049.620..8416.793 rows=17089 loops=1)
  Hash Cond: (mi.movie_id = t.id)
  ->  Seq Scan on movie_info mi  (cost=0.00..346232.03 rows=1338312 width=4) (actual time=1292.742..5588.463 rows=1401902 loops=1)
        Filter: (info_type_id = 7)
        Rows Removed by Filter: 13433818
  ->  Hash  (cost=133461.36..133461.36 rows=45708 width=8) (actual time=2566.037..2566.037 rows=23592 loops=1)
        Buckets: 65536  Batches: 1  Memory Usage: 1434kB
        ->  Hash Join  (cost=69484.36..133461.36 rows=45708 width=8) (actual time=1188.257..2556.269 rows=23592 loops=1)
              Hash Cond: (mc.movie_id = t.id)
              ->  Seq Scan on movie_companies mc  (cost=0.00..51404.11 rows=1009015 width=4) (actual time=0.024..951.409 rows=1010563 loops=1)
                    Filter: (company_id < 5005)
                    Rows Removed by Filter: 1598566
              ->  Hash  (cost=67604.59..67604.59 rows=114542 width=4) (actual time=1187.386..1187.386 rows=118234 loops=1)
                    Buckets: 131072  Batches: 2  Memory Usage: 3101kB
                    ->  Seq Scan on title t  (cost=0.00..67604.59 rows=114542 width=4) (actual time=29.902..1146.042 rows=118234 loops=1)
                          Filter: (kind_id = 4)
                          Rows Removed by Filter: 2410078
Planning time: 1.075 ms
Execution time: 8419.555 ms
