Seq Scan on cast_info ci  (cost=0.00..796071.18 rows=130721 width=0) (actual time=3425.675..12961.230 rows=51645 loops=1)
  Filter: ((person_id < 1328604) AND (role_id > 10))
  Rows Removed by Filter: 36192699
Planning time: 0.386 ms
Execution time: 12967.660 ms
