Hash Join  (cost=58375.45..145033.69 rows=20 width=0) (actual time=2374.736..2785.337 rows=15 loops=1)
  Hash Cond: (mk.movie_id = t.id)
  ->  Seq Scan on movie_keyword mk  (cost=0.00..69693.30 rows=4523930 width=4) (actual time=0.022..990.069 rows=4523930 loops=1)
  ->  Hash  (cost=58375.31..58375.31 rows=11 width=8) (actual time=1011.761..1011.761 rows=735 loops=1)
        Buckets: 1024  Batches: 1  Memory Usage: 37kB
        ->  Nested Loop  (cost=0.43..58375.31 rows=11 width=8) (actual time=407.594..1011.435 rows=735 loops=1)
              ->  Seq Scan on movie_companies mc  (cost=0.00..57926.93 rows=53 width=4) (actual time=359.157..969.419 rows=1156 loops=1)
                    Filter: ((company_type_id > 1) AND (company_id = 6209))
                    Rows Removed by Filter: 2607973
              ->  Index Scan using title_pkey on title t  (cost=0.43..8.45 rows=1 width=4) (actual time=0.036..0.036 rows=1 loops=1156)
                    Index Cond: (id = mc.movie_id)
                    Filter: (production_year > 2009)
                    Rows Removed by Filter: 0
Planning time: 1.096 ms
Execution time: 2785.500 ms
