Hash Join  (cost=78556.72..432232.38 rows=89885 width=0) (actual time=5864.418..7008.110 rows=88301 loops=1)
  Hash Cond: (mi.movie_id = t.id)
  ->  Seq Scan on movie_info mi  (cost=0.00..346232.03 rows=340474 width=4) (actual time=4385.338..5264.329 rows=328857 loops=1)
        Filter: (info_type_id = 98)
        Rows Removed by Filter: 14506863
  ->  Hash  (cost=67604.59..67604.59 rows=667531 width=4) (actual time=1477.944..1477.944 rows=662834 loops=1)
        Buckets: 131072  Batches: 16  Memory Usage: 2485kB
        ->  Seq Scan on title t  (cost=0.00..67604.59 rows=667531 width=4) (actual time=0.031..1254.378 rows=662834 loops=1)
              Filter: (production_year < 1989)
              Rows Removed by Filter: 1865478
Planning time: 0.548 ms
Execution time: 7017.363 ms
