Seq Scan on movie_companies mc  (cost=0.00..57926.93 rows=711846 width=0) (actual time=0.024..1080.354 rows=981732 loops=1)
  Filter: ((company_id < 12877) AND (company_type_id < 2))
  Rows Removed by Filter: 1627397
Planning time: 0.281 ms
Execution time: 1204.330 ms
