Hash Join  (cost=179728.60..1062469.84 rows=2310164 width=0) (actual time=4316.853..24426.511 rows=8505092 loops=1)
  Hash Cond: (ci.movie_id = t.id)
  ->  Seq Scan on cast_info ci  (cost=0.00..796071.18 rows=5111579 width=4) (actual time=167.433..13570.081 rows=7861478 loops=1)
        Filter: ((person_id > 2891821) AND (role_id > 1))
        Rows Removed by Filter: 28382866
  ->  Hash  (cost=160980.08..160980.08 rows=1142761 width=8) (actual time=4148.430..4148.430 rows=1161074 loops=1)
        Buckets: 131072  Batches: 16  Memory Usage: 3866kB
        ->  Hash Join  (cost=101955.95..160980.08 rows=1142761 width=8) (actual time=2080.302..3842.675 rows=1161074 loops=1)
              Hash Cond: (mi_idx.movie_id = t.id)
              ->  Seq Scan on movie_info_idx mi_idx  (cost=0.00..21735.35 rows=1380035 width=4) (actual time=0.030..479.172 rows=1380035 loops=1)
              ->  Hash  (cost=67604.59..67604.59 rows=2093789 width=4) (actual time=2079.347..2079.347 rows=2089788 loops=1)
                    Buckets: 131072  Batches: 32  Memory Usage: 3324kB
                    ->  Seq Scan on title t  (cost=0.00..67604.59 rows=2093789 width=4) (actual time=0.024..1403.442 rows=2089788 loops=1)
                          Filter: (production_year > 1969)
                          Rows Removed by Filter: 438524
Planning time: 5.792 ms
Execution time: 25415.905 ms
