Nested Loop  (cost=0.43..83071.67 rows=246 width=0) (actual time=3.589..1207.593 rows=365 loops=1)
  ->  Seq Scan on movie_keyword mk  (cost=0.00..81003.12 rows=246 width=4) (actual time=3.502..1195.725 rows=365 loops=1)
        Filter: (keyword_id = 2682)
        Rows Removed by Filter: 4523565
  ->  Index Only Scan using title_pkey on title t  (cost=0.43..8.40 rows=1 width=4) (actual time=0.030..0.030 rows=1 loops=365)
        Index Cond: (id = mk.movie_id)
        Heap Fetches: 365
Planning time: 0.710 ms
Execution time: 1207.842 ms
