Hash Join  (cost=879863.79..1248540.25 rows=402053 width=0) (actual time=14041.104..27026.063 rows=1180463 loops=1)
  Hash Cond: (mi.movie_id = t.id)
  ->  Seq Scan on movie_info mi  (cost=0.00..309384.22 rows=14739122 width=4) (actual time=0.016..4747.590 rows=14835720 loops=1)
  ->  Hash  (cost=879001.63..879001.63 rows=68973 width=8) (actual time=14040.458..14040.458 rows=164350 loops=1)
        Buckets: 131072 (originally 131072)  Batches: 4 (originally 1)  Memory Usage: 3073kB
        ->  Hash Join  (cost=76379.89..879001.63 rows=68973 width=8) (actual time=8988.600..13972.926 rows=164350 loops=1)
              Hash Cond: (ci.movie_id = t.id)
              ->  Seq Scan on cast_info ci  (cost=0.00..796071.18 rows=326089 width=4) (actual time=7663.174..12163.066 rows=650203 loops=1)
                    Filter: ((person_id > 2341854) AND (role_id = 5))
                    Rows Removed by Filter: 35594141
              ->  Hash  (cost=67604.59..67604.59 rows=534824 width=4) (actual time=1324.608..1324.608 rows=533369 loops=1)
                    Buckets: 131072  Batches: 8  Memory Usage: 3369kB
                    ->  Seq Scan on title t  (cost=0.00..67604.59 rows=534824 width=4) (actual time=0.035..1144.751 rows=533369 loops=1)
                          Filter: (production_year > 2009)
                          Rows Removed by Filter: 1994943
Planning time: 0.731 ms
Execution time: 27160.078 ms
