Hash Join  (cost=123209.18..620525.69 rows=1641061 width=0) (actual time=2642.010..16195.034 rows=5492994 loops=1)
  Hash Cond: (mi.movie_id = t.id)
  ->  Seq Scan on movie_info mi  (cost=0.00..309384.22 rows=14739122 width=4) (actual time=0.022..5778.555 rows=14835720 loops=1)
  ->  Hash  (cost=118590.09..118590.09 rows=281527 width=8) (actual time=2641.163..2641.163 rows=318412 loops=1)
        Buckets: 131072 (originally 131072)  Batches: 8 (originally 4)  Memory Usage: 3073kB
        ->  Hash Join  (cost=76067.34..118590.09 rows=281527 width=8) (actual time=1390.080..2560.489 rows=318412 loops=1)
              Hash Cond: (mi_idx.movie_id = t.id)
              ->  Seq Scan on movie_info_idx mi_idx  (cost=0.00..21735.35 rows=1380035 width=4) (actual time=0.018..481.655 rows=1380035 loops=1)
              ->  Hash  (cost=67604.59..67604.59 rows=515820 width=4) (actual time=1389.000..1389.000 rows=508955 loops=1)
                    Buckets: 131072  Batches: 8  Memory Usage: 3255kB
                    ->  Seq Scan on title t  (cost=0.00..67604.59 rows=515820 width=4) (actual time=0.018..1225.550 rows=508955 loops=1)
                          Filter: (production_year < 1980)
                          Rows Removed by Filter: 2019357
Planning time: 1.107 ms
Execution time: 16752.786 ms
