Hash Join  (cost=73982.71..130208.00 rows=2299 width=0) (actual time=1307.441..2073.300 rows=5148 loops=1)
  Hash Cond: (mc.movie_id = t.id)
  ->  Seq Scan on movie_companies mc  (cost=0.00..51404.11 rows=1279517 width=4) (actual time=321.554..885.205 rows=1274246 loops=1)
        Filter: (company_type_id = 1)
        Rows Removed by Filter: 1334883
  ->  Hash  (cost=73925.90..73925.90 rows=4544 width=4) (actual time=985.544..985.544 rows=4032 loops=1)
        Buckets: 8192  Batches: 1  Memory Usage: 206kB
        ->  Seq Scan on title t  (cost=0.00..73925.90 rows=4544 width=4) (actual time=0.039..983.368 rows=4032 loops=1)
              Filter: ((kind_id = 2) AND (production_year = 2008))
              Rows Removed by Filter: 2524280
Planning time: 0.677 ms
Execution time: 2074.215 ms
