Seq Scan on movie_keyword mk  (cost=0.00..81003.12 rows=2954266 width=0) (actual time=0.014..1508.150 rows=2945404 loops=1)
  Filter: (keyword_id > 2391)
  Rows Removed by Filter: 1578526
Planning time: 0.164 ms
Execution time: 1865.822 ms
