Hash Join  (cost=180697.97..676062.20 rows=1458030 width=0) (actual time=3120.431..15701.828 rows=1406015 loops=1)
  Hash Cond: (mi.movie_id = t.id)
  ->  Seq Scan on movie_info mi  (cost=0.00..309384.22 rows=14739122 width=4) (actual time=0.021..5942.007 rows=14835720 loops=1)
  ->  Hash  (cost=176593.37..176593.37 rows=250128 width=8) (actual time=3119.630..3119.630 rows=131682 loops=1)
        Buckets: 131072  Batches: 4  Memory Usage: 2322kB
        ->  Hash Join  (cost=102767.86..176593.37 rows=250128 width=8) (actual time=1885.849..3083.613 rows=131682 loops=1)
              Hash Cond: (mc.movie_id = t.id)
              ->  Seq Scan on movie_companies mc  (cost=0.00..57926.93 rows=250128 width=4) (actual time=80.602..864.279 rows=131682 loops=1)
                    Filter: ((company_id < 425) AND (company_type_id > 1))
                    Rows Removed by Filter: 2477447
              ->  Hash  (cost=61283.27..61283.27 rows=2528527 width=4) (actual time=1803.862..1803.862 rows=2528312 loops=1)
                    Buckets: 131072  Batches: 64  Memory Usage: 2415kB
                    ->  Seq Scan on title t  (cost=0.00..61283.27 rows=2528527 width=4) (actual time=0.021..967.679 rows=2528312 loops=1)
Planning time: 1.084 ms
Execution time: 15876.225 ms
