Hash Join  (cost=79841.74..1166708.63 rows=5165472 width=0) (actual time=1097.747..31429.580 rows=2845862 loops=1)
  Hash Cond: (ci.movie_id = t.id)
  ->  Seq Scan on cast_info ci  (cost=0.00..614943.12 rows=36225612 width=4) (actual time=0.027..13494.743 rows=36244344 loops=1)
  ->  Hash  (cost=73925.90..73925.90 rows=360547 width=4) (actual time=1096.712..1096.712 rows=243152 loops=1)
        Buckets: 131072  Batches: 8  Memory Usage: 2080kB
        ->  Seq Scan on title t  (cost=0.00..73925.90 rows=360547 width=4) (actual time=227.306..1023.658 rows=243152 loops=1)
              Filter: ((production_year < 1985) AND (kind_id = 7))
              Rows Removed by Filter: 2285160
Planning time: 0.678 ms
Execution time: 31764.986 ms
