Seq Scan on cast_info ci  (cost=0.00..796071.18 rows=396 width=0) (actual time=4617.131..12929.935 rows=113 loops=1)
  Filter: ((role_id < 8) AND (person_id = 1647349))
  Rows Removed by Filter: 36244231
Planning time: 0.345 ms
Execution time: 12930.089 ms
