Hash Join  (cost=28270.56..392944.38 rows=1789 width=0) (actual time=883.763..7566.142 rows=73016 loops=1)
  Hash Cond: (mi.movie_id = t.id)
  ->  Seq Scan on movie_info mi  (cost=0.00..309384.22 rows=14739122 width=4) (actual time=0.025..4448.475 rows=14835720 loops=1)
  ->  Hash  (cost=28266.72..28266.72 rows=307 width=8) (actual time=410.769..410.769 rows=178 loops=1)
        Buckets: 1024  Batches: 1  Memory Usage: 15kB
        ->  Nested Loop  (cost=0.43..28266.72 rows=307 width=8) (actual time=77.737..410.682 rows=178 loops=1)
              ->  Seq Scan on movie_info_idx mi_idx  (cost=0.00..25185.44 rows=368 width=4) (actual time=77.651..405.691 rows=260 loops=1)
                    Filter: (info_type_id > 101)
                    Rows Removed by Filter: 1379775
              ->  Index Scan using title_pkey on title t  (cost=0.43..8.36 rows=1 width=4) (actual time=0.018..0.019 rows=1 loops=260)
                    Index Cond: (id = mi_idx.movie_id)
                    Filter: (production_year > 1968)
                    Rows Removed by Filter: 0
Planning time: 2.830 ms
Execution time: 7576.121 ms
