Hash Join  (cost=102767.86..179190.60 rows=358142 width=0) (actual time=1834.167..3325.980 rows=198489 loops=1)
  Hash Cond: (mc.movie_id = t.id)
  ->  Seq Scan on movie_companies mc  (cost=0.00..57926.93 rows=358142 width=4) (actual time=0.021..959.968 rows=198489 loops=1)
        Filter: ((company_id < 1284) AND (company_type_id = 2))
        Rows Removed by Filter: 2410640
  ->  Hash  (cost=61283.27..61283.27 rows=2528527 width=4) (actual time=1832.713..1832.713 rows=2528312 loops=1)
        Buckets: 131072  Batches: 64  Memory Usage: 2415kB
        ->  Seq Scan on title t  (cost=0.00..61283.27 rows=2528527 width=4) (actual time=0.028..997.030 rows=2528312 loops=1)
Planning time: 0.719 ms
Execution time: 3348.665 ms
