Hash Join  (cost=198074.55..1370475.44 rows=13491873 width=0) (actual time=4247.154..38640.124 rows=16132797 loops=1)
  Hash Cond: (ci.movie_id = t.id)
  ->  Seq Scan on cast_info ci  (cost=0.00..614943.12 rows=36225612 width=4) (actual time=0.017..13301.047 rows=36244344 loops=1)
  ->  Hash  (cost=182623.98..182623.98 rows=941725 width=8) (actual time=4246.213..4246.213 rows=607176 loops=1)
        Buckets: 131072  Batches: 16  Memory Usage: 2492kB
        ->  Hash Join  (cost=98137.04..182623.98 rows=941725 width=8) (actual time=1910.521..4067.405 rows=607176 loops=1)
              Hash Cond: (mc.movie_id = t.id)
              ->  Seq Scan on movie_companies mc  (cost=0.00..51404.11 rows=1279517 width=4) (actual time=0.012..1022.805 rows=1274246 loops=1)
                    Filter: (company_type_id < 2)
                    Rows Removed by Filter: 1334883
              ->  Hash  (cost=67604.59..67604.59 rows=1860996 width=4) (actual time=1909.178..1909.178 rows=1865487 loops=1)
                    Buckets: 131072  Batches: 32  Memory Usage: 3079kB
                    ->  Seq Scan on title t  (cost=0.00..67604.59 rows=1860996 width=4) (actual time=0.024..1325.062 rows=1865487 loops=1)
                          Filter: (kind_id > 1)
                          Rows Removed by Filter: 662825
Planning time: 1.160 ms
Execution time: 40336.861 ms
