Seq Scan on cast_info ci  (cost=0.00..796071.18 rows=332 width=0) (actual time=5068.559..13828.589 rows=246 loops=1)
  Filter: ((role_id < 4) AND (person_id = 2260978))
  Rows Removed by Filter: 36244098
Planning time: 0.369 ms
Execution time: 13828.754 ms
