Seq Scan on movie_keyword mk  (cost=0.00..81003.12 rows=246 width=0) (actual time=0.213..1247.635 rows=2029 loops=1)
  Filter: (keyword_id = 4801)
  Rows Removed by Filter: 4521901
Planning time: 0.350 ms
Execution time: 1248.303 ms
