Seq Scan on title t  (cost=0.00..67604.59 rows=326180 width=0) (actual time=0.022..821.650 rows=323245 loops=1)
  Filter: (production_year < 1967)
  Rows Removed by Filter: 2205067
Planning time: 1.627 ms
Execution time: 864.784 ms
