Hash Join  (cost=73982.55..100917.78 rows=2474 width=0) (actual time=1328.252..1824.148 rows=2436 loops=1)
  Hash Cond: (mi_idx.movie_id = t.id)
  ->  Seq Scan on movie_info_idx mi_idx  (cost=0.00..21735.35 rows=1380035 width=4) (actual time=0.026..330.646 rows=1380035 loops=1)
  ->  Hash  (cost=73925.90..73925.90 rows=4532 width=4) (actual time=1197.545..1197.545 rows=7634 loops=1)
        Buckets: 8192  Batches: 1  Memory Usage: 333kB
        ->  Seq Scan on title t  (cost=0.00..73925.90 rows=4532 width=4) (actual time=0.069..1193.763 rows=7634 loops=1)
              Filter: ((kind_id = 7) AND (production_year = 1972))
              Rows Removed by Filter: 2520678
Planning time: 0.734 ms
Execution time: 1824.610 ms
