Seq Scan on movie_keyword mk  (cost=0.00..81003.12 rows=246 width=0) (actual time=13.985..1330.127 rows=168 loops=1)
  Filter: (keyword_id = 635)
  Rows Removed by Filter: 4523762
Planning time: 0.414 ms
Execution time: 1330.324 ms
