Hash Join  (cost=437840.27..561861.02 rows=165671 width=0) (actual time=7091.465..9911.536 rows=55350 loops=1)
  Hash Cond: (mk.movie_id = t.id)
  ->  Seq Scan on movie_keyword mk  (cost=0.00..69693.30 rows=4523930 width=4) (actual time=0.020..1483.835 rows=4523930 loops=1)
  ->  Hash  (cost=436320.81..436320.81 rows=92597 width=8) (actual time=7089.925..7089.925 rows=34973 loops=1)
        Buckets: 131072  Batches: 2  Memory Usage: 1719kB
        ->  Hash Join  (cost=78670.55..436320.81 rows=92597 width=8) (actual time=4252.791..7075.719 rows=34973 loops=1)
              Hash Cond: (mi.movie_id = t.id)
              ->  Seq Scan on movie_info mi  (cost=0.00..346232.03 rows=809669 width=4) (actual time=3005.236..5405.336 rows=802140 loops=1)
                    Filter: (info_type_id = 1)
                    Rows Removed by Filter: 14033580
              ->  Hash  (cost=73925.90..73925.90 rows=289172 width=4) (actual time=1246.573..1246.573 rows=292674 loops=1)
                    Buckets: 131072  Batches: 4  Memory Usage: 3623kB
                    ->  Seq Scan on title t  (cost=0.00..73925.90 rows=289172 width=4) (actual time=0.038..1142.050 rows=292674 loops=1)
                          Filter: ((kind_id > 1) AND (production_year > 2010))
                          Rows Removed by Filter: 2235638
Planning time: 1.104 ms
Execution time: 9919.381 ms
