Hash Join  (cost=68438.72..127414.36 rows=6895 width=0) (actual time=953.972..1968.684 rows=19562 loops=1)
  Hash Cond: (mc.movie_id = t.id)
  ->  Seq Scan on movie_companies mc  (cost=0.00..57926.93 rows=261267 width=4) (actual time=0.024..869.728 rows=518510 loops=1)
        Filter: ((company_id > 73436) AND (company_type_id > 1))
        Rows Removed by Filter: 2090619
  ->  Hash  (cost=67604.59..67604.59 rows=66731 width=4) (actual time=953.238..953.238 rows=67342 loops=1)
        Buckets: 131072  Batches: 1  Memory Usage: 3392kB
        ->  Seq Scan on title t  (cost=0.00..67604.59 rows=66731 width=4) (actual time=0.023..924.773 rows=67342 loops=1)
              Filter: (production_year > 2012)
              Rows Removed by Filter: 2460970
Planning time: 0.766 ms
Execution time: 1971.820 ms
