Hash Join  (cost=162742.45..969301.25 rows=1048768 width=0) (actual time=2948.208..26238.546 rows=2618891 loops=1)
  Hash Cond: (ci.movie_id = t.id)
  ->  Seq Scan on cast_info ci  (cost=0.00..614943.12 rows=36225612 width=4) (actual time=0.023..8549.894 rows=36244344 loops=1)
  ->  Hash  (cost=161827.41..161827.41 rows=73203 width=8) (actual time=2947.173..2947.173 rows=135566 loops=1)
        Buckets: 131072 (originally 131072)  Batches: 2 (originally 1)  Memory Usage: 3666kB
        ->  Hash Join  (cost=74437.34..161827.41 rows=73203 width=8) (actual time=1146.373..2900.116 rows=135566 loops=1)
              Hash Cond: (mk.movie_id = t.id)
              ->  Seq Scan on movie_keyword mk  (cost=0.00..69693.30 rows=4523930 width=4) (actual time=0.021..882.934 rows=4523930 loops=1)
              ->  Hash  (cost=73925.90..73925.90 rows=40915 width=4) (actual time=1145.857..1145.857 rows=46448 loops=1)
                    Buckets: 65536  Batches: 1  Memory Usage: 2145kB
                    ->  Seq Scan on title t  (cost=0.00..73925.90 rows=40915 width=4) (actual time=0.024..1127.508 rows=46448 loops=1)
                          Filter: ((production_year > 2006) AND (kind_id = 4))
                          Rows Removed by Filter: 2481864
Planning time: 1.189 ms
Execution time: 26541.217 ms
