Nested Loop  (cost=0.43..83072.90 rows=78 width=0) (actual time=2.620..1249.582 rows=294 loops=1)
  ->  Seq Scan on movie_keyword mk  (cost=0.00..81003.12 rows=246 width=4) (actual time=2.572..1229.425 rows=323 loops=1)
        Filter: (keyword_id = 27553)
        Rows Removed by Filter: 4523607
  ->  Index Scan using title_pkey on title t  (cost=0.43..8.40 rows=1 width=4) (actual time=0.060..0.060 rows=1 loops=323)
        Index Cond: (id = mk.movie_id)
        Filter: ((kind_id < 7) AND (production_year > 1971))
        Rows Removed by Filter: 0
Planning time: 3.792 ms
Execution time: 1249.858 ms
