Hash Join  (cost=173543.85..1136123.42 rows=3931883 width=0) (actual time=4188.500..31776.176 rows=13610895 loops=1)
  Hash Cond: (ci.movie_id = t.id)
  ->  Seq Scan on cast_info ci  (cost=0.00..705507.15 rows=18652424 width=4) (actual time=0.007..14145.930 rows=18549960 loops=1)
        Filter: (person_id < 1845776)
        Rows Removed by Filter: 17694384
  ->  Hash  (cost=164798.26..164798.26 rows=533007 width=8) (actual time=4185.553..4185.553 rows=785602 loops=1)
        Buckets: 131072 (originally 131072)  Batches: 16 (originally 8)  Memory Usage: 3073kB
        ->  Hash Join  (cost=82400.67..164798.26 rows=533007 width=8) (actual time=1421.052..3931.877 rows=785602 loops=1)
              Hash Cond: (mc.movie_id = t.id)
              ->  Seq Scan on movie_companies mc  (cost=0.00..44881.29 rows=2609129 width=4) (actual time=0.016..927.754 rows=2609129 loops=1)
              ->  Hash  (cost=73925.90..73925.90 rows=516541 width=4) (actual time=1420.156..1420.156 rows=440918 loops=1)
                    Buckets: 131072  Batches: 8  Memory Usage: 2960kB
                    ->  Seq Scan on title t  (cost=0.00..73925.90 rows=516541 width=4) (actual time=0.027..1280.022 rows=440918 loops=1)
                          Filter: ((kind_id < 7) AND (production_year > 2001))
                          Rows Removed by Filter: 2087394
Planning time: 1.430 ms
Execution time: 33386.258 ms
