Hash Join  (cost=432459.56..1192340.34 rows=909163 width=0) (actual time=6897.774..27279.393 rows=1078438 loops=1)
  Hash Cond: (ci.movie_id = t.id)
  ->  Seq Scan on cast_info ci  (cost=0.00..614943.12 rows=36225612 width=4) (actual time=0.013..8600.435 rows=36244344 loops=1)
  ->  Hash  (cost=431666.32..431666.32 rows=63459 width=8) (actual time=6897.281..6897.281 rows=54683 loops=1)
        Buckets: 65536  Batches: 1  Memory Usage: 2649kB
        ->  Hash Join  (cost=69687.24..431666.32 rows=63459 width=8) (actual time=2888.472..6879.986 rows=54683 loops=1)
              Hash Cond: (mi.movie_id = t.id)
              ->  Seq Scan on movie_info mi  (cost=0.00..346232.03 rows=1264125 width=4) (actual time=1542.217..4698.938 rows=1288928 loops=1)
                    Filter: (info_type_id = 2)
                    Rows Removed by Filter: 13546792
              ->  Hash  (cost=67604.59..67604.59 rows=126932 width=4) (actual time=1345.332..1345.332 rows=122861 loops=1)
                    Buckets: 131072  Batches: 2  Memory Usage: 3197kB
                    ->  Seq Scan on title t  (cost=0.00..67604.59 rows=126932 width=4) (actual time=0.031..1110.311 rows=122861 loops=1)
                          Filter: (production_year = 2008)
                          Rows Removed by Filter: 2405451
Planning time: 5.555 ms
Execution time: 27431.175 ms
