Seq Scan on cast_info ci  (cost=0.00..705507.15 rows=500 width=0) (actual time=2593.294..10510.264 rows=227 loops=1)
  Filter: (person_id = 2218494)
  Rows Removed by Filter: 36244117
Planning time: 0.363 ms
Execution time: 10510.374 ms
