Seq Scan on movie_companies mc  (cost=0.00..57926.93 rows=373028 width=0) (actual time=0.027..920.907 rows=58426 loops=1)
  Filter: ((company_id > 34508) AND (company_type_id < 2))
  Rows Removed by Filter: 2550703
Planning time: 0.340 ms
Execution time: 928.763 ms
