Hash Join  (cost=709674.80..796335.20 rows=236 width=0) (actual time=33989.038..34634.573 rows=2 loops=1)
  Hash Cond: (mk.movie_id = t.id)
  ->  Seq Scan on movie_keyword mk  (cost=0.00..69693.30 rows=4523930 width=4) (actual time=0.014..3225.049 rows=4523930 loops=1)
  ->  Hash  (cost=709673.15..709673.15 rows=132 width=8) (actual time=30369.357..30369.357 rows=1 loops=1)
        Buckets: 1024  Batches: 1  Memory Usage: 9kB
        ->  Nested Loop  (cost=0.43..709673.15 rows=132 width=8) (actual time=20032.968..30369.333 rows=1 loops=1)
              ->  Seq Scan on cast_info ci  (cost=0.00..705507.15 rows=500 width=4) (actual time=13142.449..30350.902 rows=147 loops=1)
                    Filter: (person_id = 289868)
                    Rows Removed by Filter: 36244197
              ->  Index Scan using title_pkey on title t  (cost=0.43..8.32 rows=1 width=4) (actual time=0.124..0.124 rows=0 loops=147)
                    Index Cond: (id = ci.movie_id)
                    Filter: (kind_id = 1)
                    Rows Removed by Filter: 1
Planning time: 2.578 ms
Execution time: 34634.699 ms
