Seq Scan on cast_info ci  (cost=0.00..705507.15 rows=3400734 width=0) (actual time=3997.881..10912.539 rows=3401155 loops=1)
  Filter: (person_id > 3438478)
  Rows Removed by Filter: 32843189
Planning time: 9.019 ms
Execution time: 11341.882 ms
