Seq Scan on movie_keyword mk  (cost=0.00..81003.12 rows=1896352 width=0) (actual time=0.022..1421.236 rows=1905650 loops=1)
  Filter: (keyword_id > 7087)
  Rows Removed by Filter: 2618280
Planning time: 0.308 ms
Execution time: 1656.269 ms
