Hash Join  (cost=94978.31..189280.39 rows=230463 width=0) (actual time=2514.513..4353.315 rows=302403 loops=1)
  Hash Cond: (mk.movie_id = t.id)
  ->  Seq Scan on movie_keyword mk  (cost=0.00..81003.12 rows=349264 width=4) (actual time=0.031..1277.769 rows=363692 loops=1)
        Filter: (keyword_id < 335)
        Rows Removed by Filter: 4160238
  ->  Hash  (cost=67604.59..67604.59 rows=1668458 width=4) (actual time=2513.645..2513.645 rows=1671292 loops=1)
        Buckets: 131072  Batches: 32  Memory Usage: 2866kB
        ->  Seq Scan on title t  (cost=0.00..67604.59 rows=1668458 width=4) (actual time=0.025..1278.336 rows=1671292 loops=1)
              Filter: (production_year < 2008)
              Rows Removed by Filter: 857020
Planning time: 0.740 ms
Execution time: 4389.728 ms
