Hash Join  (cost=78350.52..187218.45 rows=226392 width=0) (actual time=1307.076..3941.361 rows=712606 loops=1)
  Hash Cond: (mk.movie_id = t.id)
  ->  Seq Scan on movie_keyword mk  (cost=0.00..81003.12 rows=2122902 width=4) (actual time=0.024..1553.870 rows=2124879 loops=1)
        Filter: (keyword_id < 3919)
        Rows Removed by Filter: 2399051
  ->  Hash  (cost=73925.90..73925.90 rows=269649 width=4) (actual time=1306.239..1306.239 rows=382611 loops=1)
        Buckets: 131072 (originally 131072)  Batches: 8 (originally 4)  Memory Usage: 3073kB
        ->  Seq Scan on title t  (cost=0.00..73925.90 rows=269649 width=4) (actual time=0.090..1175.861 rows=382611 loops=1)
              Filter: ((kind_id < 7) AND (production_year < 1990))
              Rows Removed by Filter: 2145701
Planning time: 0.717 ms
Execution time: 4014.572 ms
