Seq Scan on cast_info ci  (cost=0.00..705507.15 rows=500 width=0) (actual time=10110.492..10460.890 rows=151 loops=1)
  Filter: (person_id = 745535)
  Rows Removed by Filter: 36244193
Planning time: 5.213 ms
Execution time: 10461.011 ms
