Seq Scan on title t  (cost=0.00..73925.90 rows=2905 width=0) (actual time=0.201..3625.799 rows=6232 loops=1)
  Filter: ((kind_id < 7) AND (production_year = 1970))
  Rows Removed by Filter: 2522080
Planning time: 0.384 ms
Execution time: 3627.568 ms
