Hash Join  (cost=280834.66..1677090.65 rows=30875181 width=0) (actual time=5655.982..41457.486 rows=30435010 loops=1)
  Hash Cond: (ci.movie_id = t.id)
  ->  Seq Scan on cast_info ci  (cost=0.00..614943.12 rows=36225612 width=4) (actual time=0.025..13264.021 rows=36244344 loops=1)
  ->  Hash  (cost=245477.28..245477.28 rows=2155070 width=8) (actual time=5654.802..5654.802 rows=1052296 loops=1)
        Buckets: 131072  Batches: 32  Memory Usage: 2310kB
        ->  Hash Join  (cost=98137.04..245477.28 rows=2155070 width=8) (actual time=1830.705..5336.362 rows=1052296 loops=1)
              Hash Cond: (mk.movie_id = t.id)
              ->  Seq Scan on movie_keyword mk  (cost=0.00..81003.12 rows=2928084 width=4) (actual time=0.028..1618.105 rows=2920744 loops=1)
                    Filter: (keyword_id > 2484)
                    Rows Removed by Filter: 1603186
              ->  Hash  (cost=67604.59..67604.59 rows=1860996 width=4) (actual time=1829.624..1829.624 rows=1865487 loops=1)
                    Buckets: 131072  Batches: 32  Memory Usage: 3085kB
                    ->  Seq Scan on title t  (cost=0.00..67604.59 rows=1860996 width=4) (actual time=0.018..1227.019 rows=1865487 loops=1)
                          Filter: (kind_id > 1)
                          Rows Removed by Filter: 662825
Planning time: 1.127 ms
Execution time: 44604.425 ms
