Hash Join  (cost=83568.99..147421.67 rows=60758 width=0) (actual time=1837.306..2753.657 rows=53799 loops=1)
  Hash Cond: (mc.movie_id = t.id)
  ->  Seq Scan on movie_companies mc  (cost=0.00..57926.93 rows=261376 width=4) (actual time=0.025..885.520 rows=389659 loops=1)
        Filter: ((company_id < 513) AND (company_type_id < 2))
        Rows Removed by Filter: 2219470
  ->  Hash  (cost=73925.90..73925.90 rows=587767 width=4) (actual time=1568.737..1568.737 rows=594730 loops=1)
        Buckets: 131072  Batches: 8  Memory Usage: 3648kB
        ->  Seq Scan on title t  (cost=0.00..73925.90 rows=587767 width=4) (actual time=0.021..1365.691 rows=594730 loops=1)
              Filter: ((production_year < 2012) AND (kind_id = 1))
              Rows Removed by Filter: 1933582
Planning time: 0.743 ms
Execution time: 2760.445 ms
