Hash Join  (cost=253960.50..826678.73 rows=8707632 width=0) (actual time=5622.223..18597.854 rows=3920441 loops=1)
  Hash Cond: (mi.movie_id = t.id)
  ->  Seq Scan on movie_info mi  (cost=0.00..309384.22 rows=14739122 width=4) (actual time=0.013..6108.107 rows=14835720 loops=1)
  ->  Hash  (cost=229451.85..229451.85 rows=1493812 width=8) (actual time=5072.716..5072.716 rows=371644 loops=1)
        Buckets: 131072  Batches: 32  Memory Usage: 1480kB
        ->  Hash Join  (cost=98498.33..229451.85 rows=1493812 width=8) (actual time=1978.269..4960.811 rows=371644 loops=1)
              Hash Cond: (mk.movie_id = t.id)
              ->  Seq Scan on movie_keyword mk  (cost=0.00..81003.12 rows=2521940 width=4) (actual time=0.024..1568.407 rows=2518303 loops=1)
                    Filter: (keyword_id > 3569)
                    Rows Removed by Filter: 2005627
              ->  Hash  (cost=73925.90..73925.90 rows=1497714 width=4) (actual time=1977.155..1977.155 rows=1478440 loops=1)
                    Buckets: 131072  Batches: 32  Memory Usage: 2656kB
                    ->  Seq Scan on title t  (cost=0.00..73925.90 rows=1497714 width=4) (actual time=23.450..1506.311 rows=1478440 loops=1)
                          Filter: ((production_year > 0) AND (kind_id = 7))
                          Rows Removed by Filter: 1049872
Planning time: 1.141 ms
Execution time: 19029.482 ms
