Hash Join  (cost=102767.86..218865.13 rows=1047886 width=0) (actual time=1922.761..4621.533 rows=1051139 loops=1)
  Hash Cond: (mk.movie_id = t.id)
  ->  Seq Scan on movie_keyword mk  (cost=0.00..81003.12 rows=1047886 width=4) (actual time=0.025..1458.187 rows=1051139 loops=1)
        Filter: (keyword_id < 1047)
        Rows Removed by Filter: 3472791
  ->  Hash  (cost=61283.27..61283.27 rows=2528527 width=4) (actual time=1921.034..1921.034 rows=2528312 loops=1)
        Buckets: 131072  Batches: 64  Memory Usage: 2425kB
        ->  Seq Scan on title t  (cost=0.00..61283.27 rows=2528527 width=4) (actual time=0.031..1066.838 rows=2528312 loops=1)
Planning time: 0.743 ms
Execution time: 4745.805 ms
