Hash Join  (cost=219408.61..1454529.15 rows=19597338 width=0) (actual time=4967.231..49563.149 rows=45329137 loops=1)
  Hash Cond: (ci.movie_id = t.id)
  ->  Seq Scan on cast_info ci  (cost=0.00..614943.12 rows=36225612 width=4) (actual time=0.017..13918.965 rows=36244344 loops=1)
  ->  Hash  (cost=196966.07..196966.07 rows=1367883 width=8) (actual time=4966.316..4966.316 rows=1353394 loops=1)
        Buckets: 131072  Batches: 32  Memory Usage: 2641kB
        ->  Hash Join  (cost=102767.86..196966.07 rows=1367883 width=8) (actual time=1921.071..4585.655 rows=1353394 loops=1)
              Hash Cond: (mc.movie_id = t.id)
              ->  Seq Scan on movie_companies mc  (cost=0.00..51404.11 rows=1367883 width=4) (actual time=0.016..996.539 rows=1353394 loops=1)
                    Filter: (company_id < 11623)
                    Rows Removed by Filter: 1255735
              ->  Hash  (cost=61283.27..61283.27 rows=2528527 width=4) (actual time=1920.309..1920.309 rows=2528312 loops=1)
                    Buckets: 131072  Batches: 64  Memory Usage: 2415kB
                    ->  Seq Scan on title t  (cost=0.00..61283.27 rows=2528527 width=4) (actual time=0.006..1072.154 rows=2528312 loops=1)
Planning time: 1.068 ms
Execution time: 54651.458 ms
