Hash Join  (cost=79094.49..1159258.97 rows=4513031 width=0) (actual time=1381.179..32119.198 rows=4328193 loops=1)
  Hash Cond: (ci.movie_id = t.id)
  ->  Seq Scan on cast_info ci  (cost=0.00..614943.12 rows=36225612 width=4) (actual time=0.022..13453.662 rows=36244344 loops=1)
  ->  Hash  (cost=73925.90..73925.90 rows=315007 width=4) (actual time=1380.285..1380.285 rows=244789 loops=1)
        Buckets: 131072  Batches: 8  Memory Usage: 2099kB
        ->  Seq Scan on title t  (cost=0.00..73925.90 rows=315007 width=4) (actual time=216.764..1304.896 rows=244789 loops=1)
              Filter: ((production_year > 2003) AND (kind_id = 1))
              Rows Removed by Filter: 2283523
Planning time: 0.716 ms
Execution time: 32610.376 ms
