Hash Join  (cost=100887.51..160606.73 rows=68 width=0) (actual time=1696.287..2630.118 rows=40 loops=1)
  Hash Cond: (mc.movie_id = t.id)
  ->  Seq Scan on movie_companies mc  (cost=0.00..57926.93 rows=477762 width=4) (actual time=14.240..930.684 rows=172417 loops=1)
        Filter: ((company_id > 17206) AND (company_type_id < 2))
        Rows Removed by Filter: 2436712
  ->  Hash  (cost=100882.99..100882.99 rows=361 width=8) (actual time=1675.454..1675.454 rows=259 loops=1)
        Buckets: 1024  Batches: 1  Memory Usage: 19kB
        ->  Hash Join  (cost=73950.44..100882.99 rows=361 width=8) (actual time=1213.494..1675.223 rows=259 loops=1)
              Hash Cond: (mi_idx.movie_id = t.id)
              ->  Seq Scan on movie_info_idx mi_idx  (cost=0.00..25185.44 rows=464934 width=4) (actual time=0.020..484.718 rows=460185 loops=1)
                    Filter: (info_type_id > 100)
                    Rows Removed by Filter: 919850
              ->  Hash  (cost=73925.90..73925.90 rows=1963 width=4) (actual time=1087.955..1087.955 rows=7670 loops=1)
                    Buckets: 8192 (originally 2048)  Batches: 1 (originally 1)  Memory Usage: 334kB
                    ->  Seq Scan on title t  (cost=0.00..73925.90 rows=1963 width=4) (actual time=257.977..1084.429 rows=7670 loops=1)
                          Filter: ((kind_id = 1) AND (production_year = 1915))
                          Rows Removed by Filter: 2520642
Planning time: 1.192 ms
Execution time: 2630.348 ms
