Seq Scan on title t  (cost=0.00..67604.59 rows=7437 width=0) (actual time=0.188..1068.336 rows=2786 loops=1)
  Filter: (production_year = 1925)
  Rows Removed by Filter: 2525526
Planning time: 0.326 ms
Execution time: 1069.187 ms
