Seq Scan on movie_keyword mk  (cost=0.00..81003.12 rows=2132447 width=0) (actual time=0.024..1599.779 rows=2132516 loops=1)
  Filter: (keyword_id > 5545)
  Rows Removed by Filter: 2391414
Planning time: 0.386 ms
Execution time: 1859.164 ms
