Hash Join  (cost=76746.21..160620.94 rows=12208 width=0) (actual time=4408.243..8487.747 rows=51149 loops=1)
  Hash Cond: (mk.movie_id = t.id)
  ->  Seq Scan on movie_keyword mk  (cost=0.00..81003.12 rows=179609 width=4) (actual time=0.022..3918.402 rows=176980 loops=1)
        Filter: (keyword_id > 71745)
        Rows Removed by Filter: 4346950
  ->  Hash  (cost=73925.90..73925.90 rows=171864 width=4) (actual time=4407.357..4407.357 rows=275829 loops=1)
        Buckets: 131072  Batches: 4  Memory Usage: 3460kB
        ->  Seq Scan on title t  (cost=0.00..73925.90 rows=171864 width=4) (actual time=7.844..3592.153 rows=275829 loops=1)
              Filter: ((kind_id < 7) AND (production_year < 1975))
              Rows Removed by Filter: 2252483
Planning time: 0.708 ms
Execution time: 8497.866 ms
