Hash Join  (cost=81530.55..519063.43 rows=1979628 width=0) (actual time=2906.987..11268.636 rows=2614720 loops=1)
  Hash Cond: (mi.movie_id = t.id)
  ->  Seq Scan on movie_info mi  (cost=0.00..346232.03 rows=5897221 width=4) (actual time=1404.713..6046.173 rows=5884963 loops=1)
        Filter: (info_type_id < 7)
        Rows Removed by Filter: 8950757
  ->  Hash  (cost=67604.59..67604.59 rows=848797 width=4) (actual time=1501.407..1501.407 rows=849141 loops=1)
        Buckets: 131072  Batches: 16  Memory Usage: 2900kB
        ->  Seq Scan on title t  (cost=0.00..67604.59 rows=848797 width=4) (actual time=0.034..1228.286 rows=849141 loops=1)
              Filter: (production_year < 1996)
              Rows Removed by Filter: 1679171
Planning time: 0.736 ms
Execution time: 11569.086 ms
