Seq Scan on cast_info ci  (cost=0.00..796071.18 rows=1506285 width=0) (actual time=7044.965..12304.993 rows=1400 loops=1)
  Filter: ((person_id < 716585) AND (role_id = 2))
  Rows Removed by Filter: 36242944
Planning time: 0.412 ms
Execution time: 12305.356 ms
