Seq Scan on title t  (cost=0.00..73925.90 rows=61984 width=0) (actual time=497.980..767.494 rows=51290 loops=1)
  Filter: ((production_year > 1997) AND (kind_id = 3))
  Rows Removed by Filter: 2477022
Planning time: 0.341 ms
Execution time: 771.341 ms
