Hash Join  (cost=82423.69..507436.75 rows=1776068 width=0) (actual time=2324.455..10557.779 rows=1622304 loops=1)
  Hash Cond: (mi.movie_id = t.id)
  ->  Seq Scan on movie_info mi  (cost=0.00..346232.03 rows=4972096 width=4) (actual time=723.549..6052.177 rows=4923966 loops=1)
        Filter: (info_type_id < 5)
        Rows Removed by Filter: 9911754
  ->  Hash  (cost=67604.59..67604.59 rows=903208 width=4) (actual time=1599.987..1599.987 rows=904491 loops=1)
        Buckets: 131072  Batches: 16  Memory Usage: 3017kB
        ->  Seq Scan on title t  (cost=0.00..67604.59 rows=903208 width=4) (actual time=0.036..1303.860 rows=904491 loops=1)
              Filter: (production_year > 2006)
              Rows Removed by Filter: 1623821
Planning time: 0.558 ms
Execution time: 10733.486 ms
