Seq Scan on movie_keyword mk  (cost=0.00..81003.12 rows=1879232 width=0) (actual time=0.028..1516.577 rows=1887439 loops=1)
  Filter: (keyword_id > 7254)
  Rows Removed by Filter: 2636491
Planning time: 0.304 ms
Execution time: 1750.065 ms
