Seq Scan on movie_keyword mk  (cost=0.00..81003.12 rows=3903456 width=0) (actual time=0.022..1544.671 rows=3903863 loops=1)
  Filter: (keyword_id < 29414)
  Rows Removed by Filter: 620067
Planning time: 0.397 ms
Execution time: 2010.806 ms
