Hash Join  (cost=114961.80..170966.16 rows=16587 width=0) (actual time=2605.239..3471.102 rows=132032 loops=1)
  Hash Cond: (mc.movie_id = t.id)
  ->  Seq Scan on movie_companies mc  (cost=0.00..51404.11 rows=341968 width=4) (actual time=241.723..927.790 rows=345161 loops=1)
        Filter: (company_id > 88773)
        Rows Removed by Filter: 2263968
  ->  Hash  (cost=112948.73..112948.73 rows=122645 width=8) (actual time=2322.242..2322.242 rows=209880 loops=1)
        Buckets: 131072 (originally 131072)  Batches: 4 (originally 2)  Memory Usage: 3075kB
        ->  Hash Join  (cost=78556.72..112948.73 rows=122645 width=8) (actual time=1476.286..2255.933 rows=209880 loops=1)
              Hash Cond: (mi_idx.movie_id = t.id)
              ->  Seq Scan on movie_info_idx mi_idx  (cost=0.00..25185.44 rows=464566 width=4) (actual time=0.041..525.454 rows=459925 loops=1)
                    Filter: (info_type_id = 101)
                    Rows Removed by Filter: 920110
              ->  Hash  (cost=67604.59..67604.59 rows=667531 width=4) (actual time=1355.854..1355.854 rows=662825 loops=1)
                    Buckets: 131072  Batches: 16  Memory Usage: 2476kB
                    ->  Seq Scan on title t  (cost=0.00..67604.59 rows=667531 width=4) (actual time=0.024..1151.244 rows=662825 loops=1)
                          Filter: (kind_id = 1)
                          Rows Removed by Filter: 1865487
Planning time: 1.213 ms
Execution time: 3485.681 ms
