Hash Join  (cost=304933.44..1579579.39 rows=24289679 width=0) (actual time=6297.960..36706.319 rows=21283643 loops=1)
  Hash Cond: (ci.movie_id = t.id)
  ->  Seq Scan on cast_info ci  (cost=0.00..705507.15 rows=22439035 width=4) (actual time=0.169..15203.906 rows=22481505 loops=1)
        Filter: (person_id > 1355598)
        Rows Removed by Filter: 13762839
  ->  Hash  (cost=260028.12..260028.12 rows=2737066 width=8) (actual time=6294.775..6294.775 rows=1187878 loops=1)
        Buckets: 131072  Batches: 64  Memory Usage: 1725kB
        ->  Hash Join  (cost=99024.51..260028.12 rows=2737066 width=8) (actual time=1895.262..5692.466 rows=1187878 loops=1)
              Hash Cond: (mk.movie_id = t.id)
              ->  Seq Scan on movie_keyword mk  (cost=0.00..69693.30 rows=4523930 width=4) (actual time=0.023..1472.094 rows=4523930 loops=1)
              ->  Hash  (cost=73925.90..73925.90 rows=1529808 width=4) (actual time=1882.530..1882.530 rows=1608759 loops=1)
                    Buckets: 131072  Batches: 32  Memory Usage: 2803kB
                    ->  Seq Scan on title t  (cost=0.00..73925.90 rows=1529808 width=4) (actual time=0.016..1355.702 rows=1608759 loops=1)
                          Filter: ((kind_id > 3) AND (production_year > 1940))
                          Rows Removed by Filter: 919553
Planning time: 1.129 ms
Execution time: 38945.347 ms
