Hash Join  (cost=715957.86..2365648.69 rows=50439517 width=0) (actual time=19061.700..60023.138 rows=46577602 loops=1)
  Hash Cond: (ci.movie_id = t.id)
  ->  Seq Scan on cast_info ci  (cost=0.00..705507.15 rows=23499554 width=4) (actual time=1805.829..16224.086 rows=23573656 loops=1)
        Filter: (role_id > 1)
        Rows Removed by Filter: 12670688
  ->  Hash  (cost=626916.39..626916.39 rows=5427238 width=8) (actual time=17252.030..17252.030 rows=3626990 loops=1)
        Buckets: 131072  Batches: 128  Memory Usage: 2090kB
        ->  Hash Join  (cost=89201.08..626916.39 rows=5427238 width=8) (actual time=1689.786..16210.222 rows=3626990 loops=1)
              Hash Cond: (mi.movie_id = t.id)
              ->  Seq Scan on movie_info mi  (cost=0.00..309384.22 rows=14739122 width=4) (actual time=0.036..6198.141 rows=14835720 loops=1)
              ->  Hash  (cost=73925.90..73925.90 rows=931054 width=4) (actual time=1682.954..1682.954 rows=852178 loops=1)
                    Buckets: 131072  Batches: 16  Memory Usage: 2905kB
                    ->  Seq Scan on title t  (cost=0.00..73925.90 rows=931054 width=4) (actual time=0.025..1406.169 rows=852178 loops=1)
                          Filter: ((kind_id > 1) AND (production_year < 2004))
                          Rows Removed by Filter: 1676134
Planning time: 2.277 ms
Execution time: 65163.381 ms
