Hash Join  (cost=79715.19..118138.16 rows=127690 width=0) (actual time=1409.239..2427.837 rows=155806 loops=1)
  Hash Cond: (mi_idx.movie_id = t.id)
  ->  Seq Scan on movie_info_idx mi_idx  (cost=0.00..25185.44 rows=915101 width=4) (actual time=0.032..539.612 rows=919850 loops=1)
        Filter: (info_type_id < 101)
        Rows Removed by Filter: 460185
  ->  Hash  (cost=73925.90..73925.90 rows=352823 width=4) (actual time=1408.268..1408.268 rows=302088 loops=1)
        Buckets: 131072  Batches: 8  Memory Usage: 2342kB
        ->  Seq Scan on title t  (cost=0.00..73925.90 rows=352823 width=4) (actual time=0.032..1310.879 rows=302088 loops=1)
              Filter: ((kind_id < 7) AND (production_year > 2006))
              Rows Removed by Filter: 2226224
Planning time: 0.735 ms
Execution time: 2446.913 ms
