Seq Scan on movie_companies mc  (cost=0.00..57926.93 rows=51 width=0) (actual time=477.948..888.995 rows=162 loops=1)
  Filter: ((company_type_id < 2) AND (company_id = 17975))
  Rows Removed by Filter: 2608967
Planning time: 15.509 ms
Execution time: 889.151 ms
