Hash Join  (cost=348358.09..2080632.89 rows=54769159 width=0) (actual time=16769.609..146897.271 rows=181927903 loops=1)
  Hash Cond: (ci.movie_id = t.id)
  ->  Seq Scan on cast_info ci  (cost=0.00..614943.12 rows=36225612 width=4) (actual time=0.023..48925.322 rows=36244344 loops=1)
  ->  Hash  (cost=285638.39..285638.39 rows=3822856 width=8) (actual time=16767.811..16767.811 rows=3817217 loops=1)
        Buckets: 131072  Batches: 64  Memory Usage: 3378kB
        ->  Hash Join  (cost=102767.86..285638.39 rows=3822856 width=8) (actual time=6257.196..15581.037 rows=3817217 loops=1)
              Hash Cond: (mk.movie_id = t.id)
              ->  Seq Scan on movie_keyword mk  (cost=0.00..81003.12 rows=3822856 width=4) (actual time=0.017..5549.597 rows=3817217 loops=1)
                    Filter: (keyword_id < 26723)
                    Rows Removed by Filter: 706713
              ->  Hash  (cost=61283.27..61283.27 rows=2528527 width=4) (actual time=6256.505..6256.505 rows=2528312 loops=1)
                    Buckets: 131072  Batches: 64  Memory Usage: 2425kB
                    ->  Seq Scan on title t  (cost=0.00..61283.27 rows=2528527 width=4) (actual time=0.013..4665.790 rows=2528312 loops=1)
Planning time: 1.160 ms
Execution time: 172816.027 ms
