Seq Scan on cast_info ci  (cost=0.00..796071.18 rows=5564365 width=0) (actual time=0.021..14666.570 rows=7450425 loops=1)
  Filter: ((person_id > 834003) AND (role_id = 2))
  Rows Removed by Filter: 28793919
Planning time: 0.396 ms
Execution time: 15632.658 ms
