Hash Join  (cost=521607.22..621967.91 rows=1599475 width=0) (actual time=24872.109..31648.042 rows=3400088 loops=1)
  Hash Cond: (mc.movie_id = t.id)
  ->  Seq Scan on movie_companies mc  (cost=0.00..44881.29 rows=2609129 width=4) (actual time=0.025..3113.412 rows=2609129 loops=1)
  ->  Hash  (cost=496176.42..496176.42 rows=1550064 width=8) (actual time=24871.045..24871.045 rows=1533909 loops=1)
        Buckets: 131072  Batches: 32  Memory Usage: 2883kB
        ->  Hash Join  (cost=102767.86..496176.42 rows=1550064 width=8) (actual time=8421.714..24319.636 rows=1533909 loops=1)
              Hash Cond: (mi.movie_id = t.id)
              ->  Seq Scan on movie_info mi  (cost=0.00..346232.03 rows=1550064 width=4) (actual time=2947.328..15672.015 rows=1533909 loops=1)
                    Filter: (info_type_id = 3)
                    Rows Removed by Filter: 13301811
              ->  Hash  (cost=61283.27..61283.27 rows=2528527 width=4) (actual time=5473.364..5473.364 rows=2528312 loops=1)
                    Buckets: 131072  Batches: 64  Memory Usage: 2425kB
                    ->  Seq Scan on title t  (cost=0.00..61283.27 rows=2528527 width=4) (actual time=0.015..3886.070 rows=2528312 loops=1)
Planning time: 8.498 ms
Execution time: 32129.605 ms
