Hash Join  (cost=102767.86..1112433.31 rows=12229803 width=0) (actual time=1855.567..25630.313 rows=12136486 loops=1)
  Hash Cond: (ci.movie_id = t.id)
  ->  Seq Scan on cast_info ci  (cost=0.00..705507.15 rows=12229803 width=4) (actual time=0.023..13335.065 rows=12136486 loops=1)
        Filter: (person_id < 1195282)
        Rows Removed by Filter: 24107858
  ->  Hash  (cost=61283.27..61283.27 rows=2528527 width=4) (actual time=1853.993..1853.993 rows=2528312 loops=1)
        Buckets: 131072  Batches: 64  Memory Usage: 2415kB
        ->  Seq Scan on title t  (cost=0.00..61283.27 rows=2528527 width=4) (actual time=0.025..1004.954 rows=2528312 loops=1)
Planning time: 0.747 ms
Execution time: 27094.228 ms
