Hash Join  (cost=312328.92..820921.47 rows=6820555 width=0) (actual time=6932.698..38998.489 rows=101338980 loops=1)
  Hash Cond: (mi.movie_id = t.id)
  ->  Seq Scan on movie_info mi  (cost=0.00..346232.03 rows=5880796 width=4) (actual time=214.498..6057.277 rows=5869026 loops=1)
        Filter: (info_type_id > 13)
        Rows Removed by Filter: 8966694
  ->  Hash  (cost=264215.55..264215.55 rows=2932589 width=8) (actual time=6703.646..6703.646 rows=2924812 loops=1)
        Buckets: 131072  Batches: 64  Memory Usage: 2917kB
        ->  Hash Join  (cost=102767.86..264215.55 rows=2932589 width=8) (actual time=1816.069..5917.802 rows=2924812 loops=1)
              Hash Cond: (mk.movie_id = t.id)
              ->  Seq Scan on movie_keyword mk  (cost=0.00..81003.12 rows=2932589 width=4) (actual time=0.039..1645.936 rows=2924812 loops=1)
                    Filter: (keyword_id > 2468)
                    Rows Removed by Filter: 1599118
              ->  Hash  (cost=61283.27..61283.27 rows=2528527 width=4) (actual time=1814.781..1814.781 rows=2528312 loops=1)
                    Buckets: 131072  Batches: 64  Memory Usage: 2425kB
                    ->  Seq Scan on title t  (cost=0.00..61283.27 rows=2528527 width=4) (actual time=0.019..966.158 rows=2528312 loops=1)
Planning time: 1.188 ms
Execution time: 50364.751 ms
