Seq Scan on movie_keyword mk  (cost=0.00..81003.12 rows=2119680 width=0) (actual time=0.024..1466.398 rows=2115927 loops=1)
  Filter: (keyword_id > 5620)
  Rows Removed by Filter: 2408003
Planning time: 0.344 ms
Execution time: 1729.375 ms
