Hash Join  (cost=325438.42..1056520.63 rows=20096149 width=0) (actual time=7330.297..57860.187 rows=180039863 loops=1)
  Hash Cond: (mi.movie_id = t.id)
  ->  Seq Scan on movie_info mi  (cost=0.00..309384.22 rows=14739122 width=4) (actual time=0.015..5955.583 rows=14835720 loops=1)
  ->  Hash  (cost=268877.22..268877.22 rows=3447536 width=8) (actual time=7328.842..7328.842 rows=3156005 loops=1)
        Buckets: 131072  Batches: 64  Memory Usage: 3014kB
        ->  Hash Join  (cost=99217.91..268877.22 rows=3447536 width=8) (actual time=2069.371..6432.746 rows=3156005 loops=1)
              Hash Cond: (mk.movie_id = t.id)
              ->  Seq Scan on movie_keyword mk  (cost=0.00..69693.30 rows=4523930 width=4) (actual time=0.012..1265.560 rows=4523930 loops=1)
              ->  Hash  (cost=67604.59..67604.59 rows=1926906 width=4) (actual time=2068.303..2068.303 rows=1918028 loops=1)
                    Buckets: 131072  Batches: 32  Memory Usage: 3147kB
                    ->  Seq Scan on title t  (cost=0.00..67604.59 rows=1926906 width=4) (actual time=0.027..1419.923 rows=1918028 loops=1)
                          Filter: (production_year > 1981)
                          Rows Removed by Filter: 610284
Planning time: 1.057 ms
Execution time: 76381.442 ms
