Seq Scan on cast_info ci  (cost=0.00..705507.15 rows=500 width=0) (actual time=3014.439..11015.014 rows=1234 loops=1)
  Filter: (person_id = 199831)
  Rows Removed by Filter: 36243110
Planning time: 0.424 ms
Execution time: 11015.253 ms
