Hash Join  (cost=160330.37..912599.78 rows=148029 width=0) (actual time=2551.181..19793.349 rows=229587 loops=1)
  Hash Cond: (ci.movie_id = t.id)
  ->  Seq Scan on cast_info ci  (cost=0.00..614943.12 rows=36225612 width=4) (actual time=0.017..9121.763 rows=36244344 loops=1)
  ->  Hash  (cost=160201.22..160201.22 rows=10332 width=8) (actual time=2550.692..2550.692 rows=8980 loops=1)
        Buckets: 16384  Batches: 1  Memory Usage: 479kB
        ->  Hash Join  (cost=74174.82..160201.22 rows=10332 width=8) (actual time=1145.210..2547.123 rows=8980 loops=1)
              Hash Cond: (mk.movie_id = t.id)
              ->  Seq Scan on movie_keyword mk  (cost=0.00..81003.12 rows=1311989 width=4) (actual time=0.016..1176.689 rows=1320444 loops=1)
                    Filter: (keyword_id < 1732)
                    Rows Removed by Filter: 3203486
              ->  Hash  (cost=73925.90..73925.90 rows=19913 width=4) (actual time=1140.262..1140.262 rows=21707 loops=1)
                    Buckets: 32768  Batches: 1  Memory Usage: 1020kB
                    ->  Seq Scan on title t  (cost=0.00..73925.90 rows=19913 width=4) (actual time=0.048..1130.566 rows=21707 loops=1)
                          Filter: ((kind_id > 1) AND (production_year = 1993))
                          Rows Removed by Filter: 2506605
Planning time: 1.153 ms
Execution time: 19827.593 ms
