Hash Join  (cost=1386349.88..5090549.75 rows=159244356 width=211) (actual time=36788.460..299934.282 rows=395780072 loops=1)
  Hash Cond: (ci.movie_id = t.id)
  ->  Seq Scan on cast_info ci  (cost=0.00..614943.12 rows=36225612 width=42) (actual time=0.014..14531.657 rows=36244344 loops=1)
  ->  Hash  (cost=976043.31..976043.31 rows=11115165 width=169) (actual time=36766.478..36766.478 rows=11210743 loops=1)
        Buckets: 32768  Batches: 1024  Memory Usage: 2582kB
        ->  Hash Join  (cost=129928.86..976043.31 rows=11115165 width=169) (actual time=2302.368..28139.986 rows=11210743 loops=1)
              Hash Cond: (mi.movie_id = t.id)
              ->  Seq Scan on movie_info mi  (cost=0.00..346232.03 rows=11115165 width=75) (actual time=0.023..9053.706 rows=11210743 loops=1)
                    Filter: (info_type_id > 3)
                    Rows Removed by Filter: 3624977
              ->  Hash  (cost=61283.27..61283.27 rows=2528527 width=94) (actual time=2301.995..2301.995 rows=2528312 loops=1)
                    Buckets: 32768  Batches: 128  Memory Usage: 2470kB
                    ->  Seq Scan on title t  (cost=0.00..61283.27 rows=2528527 width=94) (actual time=0.012..1018.511 rows=2528312 loops=1)
Planning time: 1.552 ms
Execution time: 322115.411 ms
