Nested Loop  (cost=0.43..709671.90 rows=500 width=0) (actual time=3582.926..34393.246 rows=65 loops=1)
  ->  Seq Scan on cast_info ci  (cost=0.00..705507.15 rows=500 width=4) (actual time=3582.840..34391.557 rows=65 loops=1)
        Filter: (person_id = 765104)
        Rows Removed by Filter: 36244279
  ->  Index Only Scan using title_pkey on title t  (cost=0.43..8.32 rows=1 width=4) (actual time=0.025..0.025 rows=1 loops=65)
        Index Cond: (id = ci.movie_id)
        Heap Fetches: 65
Planning time: 0.771 ms
Execution time: 34393.339 ms
