Hash Join  (cost=95609.53..595752.67 rows=4630867 width=0) (actual time=5405.427..31701.183 rows=2915570 loops=1)
  Hash Cond: (mi.movie_id = t.id)
  ->  Seq Scan on movie_info mi  (cost=0.00..346232.03 rows=8859586 width=4) (actual time=0.018..18268.354 rows=8966694 loops=1)
        Filter: (info_type_id < 15)
        Rows Removed by Filter: 5869026
  ->  Hash  (cost=73925.90..73925.90 rows=1321650 width=4) (actual time=5403.924..5403.924 rows=1298128 loops=1)
        Buckets: 131072  Batches: 32  Memory Usage: 2457kB
        ->  Seq Scan on title t  (cost=0.00..73925.90 rows=1321650 width=4) (actual time=0.020..4527.156 rows=1298128 loops=1)
              Filter: ((kind_id > 1) AND (production_year < 2009))
              Rows Removed by Filter: 1230184
Planning time: 0.718 ms
Execution time: 32167.609 ms
