Hash Join  (cost=86534.07..614138.47 rows=4479648 width=0) (actual time=4392.956..36982.879 rows=1784690 loops=1)
  Hash Cond: (mi.movie_id = t.id)
  ->  Seq Scan on movie_info mi  (cost=0.00..309384.22 rows=14739122 width=4) (actual time=0.022..22359.402 rows=14835720 loops=1)
  ->  Hash  (cost=73925.90..73925.90 rows=768493 width=4) (actual time=4350.269..4350.269 rows=840010 loops=1)
        Buckets: 131072  Batches: 16  Memory Usage: 2883kB
        ->  Seq Scan on title t  (cost=0.00..73925.90 rows=768493 width=4) (actual time=0.027..3972.025 rows=840010 loops=1)
              Filter: ((production_year > 2002) AND (kind_id = 7))
              Rows Removed by Filter: 1688302
Planning time: 0.953 ms
Execution time: 37241.812 ms
