Seq Scan on cast_info ci  (cost=0.00..705507.15 rows=500 width=0) (actual time=18100.615..32209.259 rows=626 loops=1)
  Filter: (person_id = 343429)
  Rows Removed by Filter: 36243718
Planning time: 0.354 ms
Execution time: 32209.423 ms
