Hash Join  (cost=189418.22..1315474.27 rows=8980389 width=0) (actual time=10214.353..86982.338 rows=19762732 loops=1)
  Hash Cond: (ci.movie_id = t.id)
  ->  Seq Scan on cast_info ci  (cost=0.00..614943.12 rows=36225612 width=4) (actual time=0.026..46125.263 rows=36244344 loops=1)
  ->  Hash  (cost=179133.89..179133.89 rows=626826 width=8) (actual time=10213.523..10213.523 rows=622373 loops=1)
        Buckets: 131072  Batches: 16  Memory Usage: 2542kB
        ->  Hash Join  (cost=102767.86..179133.89 rows=626826 width=8) (actual time=5372.432..10006.899 rows=622373 loops=1)
              Hash Cond: (mc.movie_id = t.id)
              ->  Seq Scan on movie_companies mc  (cost=0.00..51404.11 rows=626826 width=4) (actual time=0.024..3101.911 rows=622373 loops=1)
                    Filter: (company_id < 779)
                    Rows Removed by Filter: 1986756
              ->  Hash  (cost=61283.27..61283.27 rows=2528527 width=4) (actual time=5365.432..5365.432 rows=2528312 loops=1)
                    Buckets: 131072  Batches: 64  Memory Usage: 2415kB
                    ->  Seq Scan on title t  (cost=0.00..61283.27 rows=2528527 width=4) (actual time=0.020..4275.510 rows=2528312 loops=1)
Planning time: 1.100 ms
Execution time: 89819.269 ms
