Hash Join  (cost=130378.52..945262.90 rows=60831 width=0) (actual time=6066.252..53345.283 rows=419792 loops=1)
  Hash Cond: (ci.movie_id = t.id)
  ->  Seq Scan on cast_info ci  (cost=0.00..705507.15 rows=29005044 width=4) (actual time=0.026..38908.740 rows=29077476 loops=1)
        Filter: (person_id > 692675)
        Rows Removed by Filter: 7166868
  ->  Hash  (cost=130312.24..130312.24 rows=5303 width=8) (actual time=6065.880..6065.880 rows=7196 loops=1)
        Buckets: 8192  Batches: 1  Memory Usage: 346kB
        ->  Hash Join  (cost=74056.90..130312.24 rows=5303 width=8) (actual time=3289.074..6055.134 rows=7196 loops=1)
              Hash Cond: (mc.movie_id = t.id)
              ->  Seq Scan on movie_companies mc  (cost=0.00..51404.11 rows=1279517 width=4) (actual time=0.025..2503.753 rows=1274246 loops=1)
                    Filter: (company_type_id < 2)
                    Rows Removed by Filter: 1334883
              ->  Hash  (cost=73925.90..73925.90 rows=10480 width=4) (actual time=3288.918..3288.918 rows=5587 loops=1)
                    Buckets: 16384  Batches: 1  Memory Usage: 325kB
                    ->  Seq Scan on title t  (cost=0.00..73925.90 rows=10480 width=4) (actual time=0.076..3281.688 rows=5587 loops=1)
                          Filter: ((kind_id = 1) AND (production_year = 1995))
                          Rows Removed by Filter: 2522725
Planning time: 1.217 ms
Execution time: 53440.787 ms
