Seq Scan on cast_info ci  (cost=0.00..796071.18 rows=176 width=0) (actual time=33335.917..33529.328 rows=165 loops=1)
  Filter: ((person_id = 1602248) AND (role_id = 1))
  Rows Removed by Filter: 36244179
Planning time: 0.328 ms
Execution time: 33529.505 ms
