Seq Scan on cast_info ci  (cost=0.00..796071.18 rows=324 width=0) (actual time=19330.250..40096.607 rows=513 loops=1)
  Filter: ((role_id > 1) AND (person_id = 2910429))
  Rows Removed by Filter: 36243831
Planning time: 6.925 ms
Execution time: 40096.818 ms
