Hash Join  (cost=102767.86..1167310.36 rows=10746666 width=0) (actual time=18974.242..69531.866 rows=14224348 loops=1)
  Hash Cond: (ci.movie_id = t.id)
  ->  Seq Scan on cast_info ci  (cost=0.00..796071.18 rows=10746666 width=4) (actual time=13478.971..46753.635 rows=14224348 loops=1)
        Filter: ((person_id < 1935414) AND (role_id < 3))
        Rows Removed by Filter: 22019996
  ->  Hash  (cost=61283.27..61283.27 rows=2528527 width=4) (actual time=5485.834..5485.834 rows=2528312 loops=1)
        Buckets: 131072  Batches: 64  Memory Usage: 2415kB
        ->  Seq Scan on title t  (cost=0.00..61283.27 rows=2528527 width=4) (actual time=0.021..4203.677 rows=2528312 loops=1)
Planning time: 2.409 ms
Execution time: 71532.539 ms
