Hash Join  (cost=83074.04..447735.27 rows=533 width=0) (actual time=3880.768..24491.134 rows=130665 loops=1)
  Hash Cond: (mi.movie_id = t.id)
  ->  Seq Scan on movie_info mi  (cost=0.00..309384.22 rows=14739122 width=4) (actual time=0.012..16324.664 rows=14835720 loops=1)
  ->  Hash  (cost=83072.90..83072.90 rows=91 width=8) (actual time=3880.220..3880.220 rows=3185 loops=1)
        Buckets: 4096 (originally 1024)  Batches: 1 (originally 1)  Memory Usage: 157kB
        ->  Nested Loop  (cost=0.43..83072.90 rows=91 width=8) (actual time=0.716..3877.870 rows=3185 loops=1)
              ->  Seq Scan on movie_keyword mk  (cost=0.00..81003.12 rows=246 width=4) (actual time=0.674..3378.166 rows=3432 loops=1)
                    Filter: (keyword_id = 3219)
                    Rows Removed by Filter: 4520498
              ->  Index Scan using title_pkey on title t  (cost=0.43..8.40 rows=1 width=4) (actual time=0.144..0.144 rows=1 loops=3432)
                    Index Cond: (id = mk.movie_id)
                    Filter: ((kind_id < 7) AND (production_year > 1914))
                    Rows Removed by Filter: 0
Planning time: 1.225 ms
Execution time: 24523.979 ms
