Hash Join  (cost=80549.28..150369.48 rows=204290 width=0) (actual time=4396.420..7785.784 rows=76020 loops=1)
  Hash Cond: (mc.movie_id = t.id)
  ->  Seq Scan on movie_companies mc  (cost=0.00..51404.11 rows=1279517 width=4) (actual time=593.873..3017.146 rows=1274246 loops=1)
        Filter: (company_type_id = 1)
        Rows Removed by Filter: 1334883
  ->  Hash  (cost=73925.90..73925.90 rows=403710 width=4) (actual time=3801.602..3801.602 rows=434218 loops=1)
        Buckets: 131072  Batches: 8  Memory Usage: 2935kB
        ->  Seq Scan on title t  (cost=0.00..73925.90 rows=403710 width=4) (actual time=0.034..3612.107 rows=434218 loops=1)
              Filter: ((production_year > 2008) AND (kind_id = 7))
              Rows Removed by Filter: 2094094
Planning time: 0.782 ms
Execution time: 7796.385 ms
