Hash Join  (cost=152729.03..276505.45 rows=145639 width=0) (actual time=7917.530..15541.007 rows=778022 loops=1)
  Hash Cond: (mk.movie_id = t.id)
  ->  Seq Scan on movie_keyword mk  (cost=0.00..69693.30 rows=4523930 width=4) (actual time=0.013..5159.884 rows=4523930 loops=1)
  ->  Hash  (cost=151393.51..151393.51 rows=81401 width=8) (actual time=7916.823..7916.823 rows=100714 loops=1)
        Buckets: 131072  Batches: 2  Memory Usage: 3006kB
        ->  Hash Join  (cost=75220.98..151393.51 rows=81401 width=8) (actual time=3668.110..7874.671 rows=100714 loops=1)
              Hash Cond: (mc.movie_id = t.id)
              ->  Seq Scan on movie_companies mc  (cost=0.00..44881.29 rows=2609129 width=4) (actual time=0.013..2948.995 rows=2609129 loops=1)
              ->  Hash  (cost=73925.90..73925.90 rows=78886 width=4) (actual time=3667.341..3667.341 rows=74127 loops=1)
                    Buckets: 131072  Batches: 2  Memory Usage: 2328kB
                    ->  Seq Scan on title t  (cost=0.00..73925.90 rows=78886 width=4) (actual time=0.109..3625.714 rows=74127 loops=1)
                          Filter: ((kind_id < 4) AND (production_year > 2011))
                          Rows Removed by Filter: 2454185
Planning time: 2.491 ms
Execution time: 15667.597 ms
