Hash Join  (cost=99758.49..1382054.30 rows=18663191 width=0) (actual time=6061.807..88978.989 rows=20177522 loops=1)
  Hash Cond: (ci.movie_id = t.id)
  ->  Seq Scan on cast_info ci  (cost=0.00..705507.15 rows=29971149 width=4) (actual time=0.023..51573.569 rows=29914668 loops=1)
        Filter: (person_id < 3020063)
        Rows Removed by Filter: 6329676
  ->  Hash  (cost=73925.90..73925.90 rows=1574527 width=4) (actual time=6060.846..6060.846 rows=1690206 loops=1)
        Buckets: 131072  Batches: 32  Memory Usage: 2886kB
        ->  Seq Scan on title t  (cost=0.00..73925.90 rows=1574527 width=4) (actual time=0.016..4993.836 rows=1690206 loops=1)
              Filter: ((kind_id > 1) AND (production_year > 1966))
              Rows Removed by Filter: 838106
Planning time: 0.742 ms
Execution time: 91948.457 ms
