Hash Join  (cost=163858.84..530025.39 rows=151064 width=0) (actual time=9956.815..27842.528 rows=46177 loops=1)
  Hash Cond: (mi.movie_id = t.id)
  ->  Seq Scan on movie_info mi  (cost=0.00..309384.22 rows=14739122 width=4) (actual time=0.022..15024.098 rows=14835720 loops=1)
  ->  Hash  (cost=163534.90..163534.90 rows=25915 width=8) (actual time=8602.981..8602.981 rows=5247 loops=1)
        Buckets: 32768  Batches: 1  Memory Usage: 461kB
        ->  Hash Join  (cost=74311.74..163534.90 rows=25915 width=8) (actual time=5307.886..8600.202 rows=5247 loops=1)
              Hash Cond: (mk.movie_id = t.id)
              ->  Seq Scan on movie_keyword mk  (cost=0.00..81003.12 rows=2122902 width=4) (actual time=0.016..4253.643 rows=2124879 loops=1)
                    Filter: (keyword_id < 3919)
                    Rows Removed by Filter: 2399051
              ->  Hash  (cost=73925.90..73925.90 rows=30867 width=4) (actual time=3815.457..3815.457 rows=34773 loops=1)
                    Buckets: 65536 (originally 32768)  Batches: 1 (originally 1)  Memory Usage: 1735kB
                    ->  Seq Scan on title t  (cost=0.00..73925.90 rows=30867 width=4) (actual time=174.104..3794.602 rows=34773 loops=1)
                          Filter: ((kind_id = 7) AND (production_year = 1999))
                          Rows Removed by Filter: 2493539
Planning time: 1.162 ms
Execution time: 27849.349 ms
