Hash Join  (cost=446834.85..603412.68 rows=517123 width=0) (actual time=26774.283..37896.361 rows=10212415 loops=1)
  Hash Cond: (mk.movie_id = t.id)
  ->  Seq Scan on movie_keyword mk  (cost=0.00..69693.30 rows=4523930 width=4) (actual time=0.019..4882.708 rows=4523930 loops=1)
  ->  Hash  (cost=442091.95..442091.95 rows=289032 width=8) (actual time=26720.069..26720.069 rows=445642 loops=1)
        Buckets: 131072 (originally 131072)  Batches: 8 (originally 4)  Memory Usage: 3175kB
        ->  Hash Join  (cost=74545.71..442091.95 rows=289032 width=8) (actual time=3143.738..26063.119 rows=445642 loops=1)
              Hash Cond: (mi.movie_id = t.id)
              ->  Seq Scan on movie_info mi  (cost=0.00..309384.22 rows=14739122 width=4) (actual time=0.017..16691.994 rows=14835720 loops=1)
              ->  Hash  (cost=73925.90..73925.90 rows=49584 width=4) (actual time=3143.212..3143.212 rows=38752 loops=1)
                    Buckets: 65536  Batches: 1  Memory Usage: 1875kB
                    ->  Seq Scan on title t  (cost=0.00..73925.90 rows=49584 width=4) (actual time=2.372..3115.788 rows=38752 loops=1)
                          Filter: ((kind_id < 7) AND (production_year = 2008))
                          Rows Removed by Filter: 2489560
Planning time: 15.376 ms
Execution time: 39382.258 ms
