Hash Join  (cost=172544.96..1135689.07 rows=2334442 width=0) (actual time=16079.037..77374.426 rows=10836437 loops=1)
  Hash Cond: (ci.movie_id = t.id)
  ->  Seq Scan on cast_info ci  (cost=0.00..796071.18 rows=12267871 width=4) (actual time=4492.742..47819.222 rows=18767729 loops=1)
        Filter: ((person_id > 1698775) AND (role_id > 1))
        Rows Removed by Filter: 17476615
  ->  Hash  (cost=164650.57..164650.57 rows=481151 width=8) (actual time=11584.884..11584.884 rows=923263 loops=1)
        Buckets: 131072 (originally 131072)  Batches: 16 (originally 8)  Memory Usage: 3283kB
        ->  Hash Join  (cost=83810.17..164650.57 rows=481151 width=8) (actual time=6524.605..11221.269 rows=923263 loops=1)
              Hash Cond: (mc.movie_id = t.id)
              ->  Seq Scan on movie_companies mc  (cost=0.00..57926.93 rows=1231720 width=4) (actual time=1447.973..3964.411 rows=1295760 loops=1)
                    Filter: ((company_id > 49) AND (company_type_id > 1))
                    Rows Removed by Filter: 1313369
              ->  Hash  (cost=67604.59..67604.59 rows=987727 width=4) (actual time=5075.779..5075.779 rows=985048 loops=1)
                    Buckets: 131072  Batches: 16  Memory Usage: 3188kB
                    ->  Seq Scan on title t  (cost=0.00..67604.59 rows=987727 width=4) (actual time=0.035..3829.477 rows=985048 loops=1)
                          Filter: (kind_id < 7)
                          Rows Removed by Filter: 1543264
Planning time: 17.207 ms
Execution time: 79019.019 ms
