Seq Scan on cast_info ci  (cost=0.00..796071.18 rows=435 width=0) (actual time=106.097..43168.229 rows=315 loops=1)
  Filter: ((role_id < 10) AND (person_id = 1290151))
  Rows Removed by Filter: 36244029
Planning time: 0.337 ms
Execution time: 43168.409 ms
