Hash Join  (cost=224754.40..742632.23 rows=5621564 width=0) (actual time=12924.250..47682.852 rows=19249858 loops=1)
  Hash Cond: (mi.movie_id = t.id)
  ->  Seq Scan on movie_info mi  (cost=0.00..346232.03 rows=9476311 width=4) (actual time=0.021..21460.705 rows=9565151 loops=1)
        Filter: (info_type_id < 16)
        Rows Removed by Filter: 5270569
  ->  Hash  (cost=200144.65..200144.65 rows=1499980 width=8) (actual time=12923.296..12923.296 rows=1505079 loops=1)
        Buckets: 131072  Batches: 32  Memory Usage: 2895kB
        ->  Hash Join  (cost=102767.86..200144.65 rows=1499980 width=8) (actual time=6844.087..12332.464 rows=1505079 loops=1)
              Hash Cond: (mc.movie_id = t.id)
              ->  Seq Scan on movie_companies mc  (cost=0.00..51404.11 rows=1499980 width=4) (actual time=191.181..3305.116 rows=1505079 loops=1)
                    Filter: (company_id > 7607)
                    Rows Removed by Filter: 1104050
              ->  Hash  (cost=61283.27..61283.27 rows=2528527 width=4) (actual time=6643.579..6643.579 rows=2528312 loops=1)
                    Buckets: 131072  Batches: 64  Memory Usage: 2415kB
                    ->  Seq Scan on title t  (cost=0.00..61283.27 rows=2528527 width=4) (actual time=0.022..4420.031 rows=2528312 loops=1)
Planning time: 1.154 ms
Execution time: 50462.171 ms
