Seq Scan on cast_info ci  (cost=0.00..796071.18 rows=19005871 width=0) (actual time=1768.879..36729.663 rows=16570931 loops=1)
  Filter: ((person_id < 2965059) AND (role_id > 1))
  Rows Removed by Filter: 19673413
Planning time: 3.491 ms
Execution time: 39139.643 ms
