Hash Join  (cost=121256.11..542726.09 rows=401650 width=0) (actual time=6691.246..30813.836 rows=1552069 loops=1)
  Hash Cond: (mi.movie_id = t.id)
  ->  Seq Scan on movie_info mi  (cost=0.00..346232.03 rows=6103325 width=4) (actual time=0.010..20275.872 rows=6083429 loops=1)
        Filter: (info_type_id > 9)
        Rows Removed by Filter: 8752291
  ->  Hash  (cost=118526.13..118526.13 rows=166398 width=8) (actual time=6690.349..6690.349 rows=206972 loops=1)
        Buckets: 131072  Batches: 4  Memory Usage: 3058kB
        ->  Hash Join  (cost=82805.75..118526.13 rows=166398 width=8) (actual time=4799.762..6610.326 rows=206972 loops=1)
              Hash Cond: (mi_idx.movie_id = t.id)
              ->  Seq Scan on movie_info_idx mi_idx  (cost=0.00..25185.44 rows=454124 width=4) (actual time=0.018..1314.123 rows=459925 loops=1)
                    Filter: (info_type_id = 100)
                    Rows Removed by Filter: 920110
              ->  Hash  (cost=67604.59..67604.59 rows=926493 width=4) (actual time=4798.765..4798.765 rows=924605 loops=1)
                    Buckets: 131072  Batches: 16  Memory Usage: 3056kB
                    ->  Seq Scan on title t  (cost=0.00..67604.59 rows=926493 width=4) (actual time=0.019..3706.094 rows=924605 loops=1)
                          Filter: (production_year < 1998)
                          Rows Removed by Filter: 1603707
Planning time: 1.360 ms
Execution time: 31053.031 ms
