Hash Join  (cost=128695.20..215658.24 rows=1878 width=0) (actual time=5009.281..8431.427 rows=72493 loops=1)
  Hash Cond: (mk.movie_id = t.id)
  ->  Seq Scan on movie_keyword mk  (cost=0.00..81003.12 rows=1584303 width=4) (actual time=0.020..3128.217 rows=1594941 loops=1)
        Filter: (keyword_id < 2443)
        Rows Removed by Filter: 2928989
  ->  Hash  (cost=128657.72..128657.72 rows=2998 width=8) (actual time=5009.038..5009.038 rows=12010 loops=1)
        Buckets: 16384 (originally 4096)  Batches: 1 (originally 1)  Memory Usage: 598kB
        ->  Hash Join  (cost=73962.22..128657.72 rows=2998 width=8) (actual time=3265.976..5004.077 rows=12010 loops=1)
              Hash Cond: (mc.movie_id = t.id)
              ->  Seq Scan on movie_companies mc  (cost=0.00..44881.29 rows=2609129 width=4) (actual time=0.014..1140.504 rows=2609129 loops=1)
              ->  Hash  (cost=73925.90..73925.90 rows=2905 width=4) (actual time=3265.835..3265.835 rows=6330 loops=1)
                    Buckets: 8192 (originally 4096)  Batches: 1 (originally 1)  Memory Usage: 287kB
                    ->  Seq Scan on title t  (cost=0.00..73925.90 rows=2905 width=4) (actual time=0.017..3262.376 rows=6330 loops=1)
                          Filter: ((kind_id < 7) AND (production_year = 1978))
                          Rows Removed by Filter: 2521982
Planning time: 0.981 ms
Execution time: 8440.820 ms
