Seq Scan on cast_info ci  (cost=0.00..796071.18 rows=276 width=0) (actual time=22712.316..35451.491 rows=1 loops=1)
  Filter: ((role_id < 3) AND (person_id = 1373081))
  Rows Removed by Filter: 36244343
Planning time: 0.338 ms
Execution time: 35451.624 ms
