Seq Scan on cast_info ci  (cost=0.00..705507.15 rows=500 width=0) (actual time=4076.856..10275.132 rows=178 loops=1)
  Filter: (person_id = 3288684)
  Rows Removed by Filter: 36244166
Planning time: 0.380 ms
Execution time: 10275.228 ms
