Hash Join  (cost=157138.17..284712.35 rows=457314 width=0) (actual time=8889.595..20440.332 rows=12222859 loops=1)
  Hash Cond: (mk.movie_id = t.id)
  ->  Seq Scan on movie_keyword mk  (cost=0.00..69693.30 rows=4523930 width=4) (actual time=0.018..5057.225 rows=4523930 loops=1)
  ->  Hash  (cost=152944.14..152944.14 rows=255603 width=8) (actual time=8877.927..8877.927 rows=350182 loops=1)
        Buckets: 131072 (originally 131072)  Batches: 8 (originally 4)  Memory Usage: 3073kB
        ->  Hash Join  (cost=82213.80..152944.14 rows=255603 width=8) (actual time=5316.460..8735.493 rows=350182 loops=1)
              Hash Cond: (mc.movie_id = t.id)
              ->  Seq Scan on movie_companies mc  (cost=0.00..51404.11 rows=1279517 width=4) (actual time=712.377..3164.551 rows=1274246 loops=1)
                    Filter: (company_type_id = 1)
                    Rows Removed by Filter: 1334883
              ->  Hash  (cost=73925.90..73925.90 rows=505112 width=4) (actual time=4603.246..4603.246 rows=392485 loops=1)
                    Buckets: 131072  Batches: 8  Memory Usage: 2748kB
                    ->  Seq Scan on title t  (cost=0.00..73925.90 rows=505112 width=4) (actual time=0.040..4444.492 rows=392485 loops=1)
                          Filter: ((kind_id < 4) AND (production_year > 1998))
                          Rows Removed by Filter: 2135827
Planning time: 1.130 ms
Execution time: 22284.574 ms
