Hash Join  (cost=176074.36..320253.60 rows=951596 width=0) (actual time=9093.627..17877.055 rows=458815 loops=1)
  Hash Cond: (mk.movie_id = t.id)
  ->  Seq Scan on movie_keyword mk  (cost=0.00..81003.12 rows=4458443 width=4) (actual time=0.015..5331.304 rows=4456385 loops=1)
        Filter: (keyword_id > 56)
        Rows Removed by Filter: 67545
  ->  Hash  (cost=167219.34..167219.34 rows=539681 width=8) (actual time=9092.464..9092.464 rows=208426 loops=1)
        Buckets: 131072  Batches: 8  Memory Usage: 2050kB
        ->  Hash Join  (cost=93093.72..167219.34 rows=539681 width=8) (actual time=5048.773..9016.626 rows=208426 loops=1)
              Hash Cond: (mc.movie_id = t.id)
              ->  Seq Scan on movie_companies mc  (cost=0.00..51404.11 rows=878339 width=4) (actual time=0.035..3032.034 rows=885204 loops=1)
                    Filter: (company_id > 22485)
                    Rows Removed by Filter: 1723925
              ->  Hash  (cost=67604.59..67604.59 rows=1553611 width=4) (actual time=5041.154..5041.154 rows=1555864 loops=1)
                    Buckets: 131072  Batches: 32  Memory Usage: 2734kB
                    ->  Seq Scan on title t  (cost=0.00..67604.59 rows=1553611 width=4) (actual time=0.020..4327.320 rows=1555864 loops=1)
                          Filter: (kind_id > 4)
                          Rows Removed by Filter: 972448
Planning time: 13.749 ms
Execution time: 17938.671 ms
