Seq Scan on movie_companies mc  (cost=0.00..57926.93 rows=561458 width=0) (actual time=1134.633..2932.983 rows=769543 loops=1)
  Filter: ((company_id < 8631) AND (company_type_id < 2))
  Rows Removed by Filter: 1839586
Planning time: 0.390 ms
Execution time: 3094.854 ms
