Seq Scan on cast_info ci  (cost=0.00..796071.18 rows=10764085 width=0) (actual time=9615.467..42882.114 rows=7784515 loops=1)
  Filter: ((person_id < 3269323) AND (role_id > 3))
  Rows Removed by Filter: 28459829
Planning time: 6.209 ms
Execution time: 44236.831 ms
