Hash Join  (cost=74098.35..868545.79 rows=127550 width=0) (actual time=3221.527..43479.399 rows=108143 loops=1)
  Hash Cond: (ci.movie_id = t.id)
  ->  Seq Scan on cast_info ci  (cost=0.00..705507.15 rows=23377275 width=4) (actual time=0.013..33984.514 rows=23426832 loops=1)
        Filter: (person_id > 1264577)
        Rows Removed by Filter: 12817512
  ->  Hash  (cost=73925.90..73925.90 rows=13796 width=4) (actual time=3221.387..3221.387 rows=8100 loops=1)
        Buckets: 16384  Batches: 1  Memory Usage: 413kB
        ->  Seq Scan on title t  (cost=0.00..73925.90 rows=13796 width=4) (actual time=0.031..3217.527 rows=8100 loops=1)
              Filter: ((kind_id < 2) AND (production_year = 2000))
              Rows Removed by Filter: 2520212
Planning time: 7.425 ms
Execution time: 43502.789 ms
