Hash Join  (cost=176130.46..1286849.45 rows=1762424 width=0) (actual time=3261.337..37343.005 rows=12832626 loops=1)
  Hash Cond: (ci.movie_id = t.id)
  ->  Seq Scan on cast_info ci  (cost=0.00..705507.15 rows=33475886 width=4) (actual time=0.015..16633.497 rows=33447280 loops=1)
        Filter: (person_id < 3531506)
        Rows Removed by Filter: 2797064
  ->  Hash  (cost=173945.44..173945.44 rows=133121 width=8) (actual time=3260.456..3260.456 rows=306798 loops=1)
        Buckets: 131072 (originally 131072)  Batches: 4 (originally 2)  Memory Usage: 4028kB
        ->  Hash Join  (cost=83810.17..173945.44 rows=133121 width=8) (actual time=1439.577..3170.625 rows=306798 loops=1)
              Hash Cond: (mk.movie_id = t.id)
              ->  Seq Scan on movie_keyword mk  (cost=0.00..81003.12 rows=340782 width=4) (actual time=0.036..1327.133 rows=337975 loops=1)
                    Filter: (keyword_id > 48907)
                    Rows Removed by Filter: 4185955
              ->  Hash  (cost=67604.59..67604.59 rows=987727 width=4) (actual time=1438.383..1438.383 rows=985048 loops=1)
                    Buckets: 131072  Batches: 16  Memory Usage: 3197kB
                    ->  Seq Scan on title t  (cost=0.00..67604.59 rows=987727 width=4) (actual time=0.008..1114.634 rows=985048 loops=1)
                          Filter: (kind_id < 7)
                          Rows Removed by Filter: 1543264
Planning time: 1.177 ms
Execution time: 38810.477 ms
