Hash Join  (cost=117969.80..603880.91 rows=572120 width=0) (actual time=2326.813..15885.435 rows=4219566 loops=1)
  Hash Cond: (mi.movie_id = t.id)
  ->  Seq Scan on movie_info mi  (cost=0.00..309384.22 rows=14739122 width=4) (actual time=0.018..6106.828 rows=14835720 loops=1)
  ->  Hash  (cost=116358.95..116358.95 rows=98148 width=8) (actual time=2326.121..2326.121 rows=204760 loops=1)
        Buckets: 131072 (originally 131072)  Batches: 4 (originally 2)  Memory Usage: 3073kB
        ->  Hash Join  (cost=82758.37..116358.95 rows=98148 width=8) (actual time=1362.265..2253.898 rows=204760 loops=1)
              Hash Cond: (mi_idx.movie_id = t.id)
              ->  Seq Scan on movie_info_idx mi_idx  (cost=0.00..25185.44 rows=460978 width=4) (actual time=0.015..495.285 rows=459925 loops=1)
                    Filter: (info_type_id < 100)
                    Rows Removed by Filter: 920110
              ->  Hash  (cost=73925.90..73925.90 rows=538357 width=4) (actual time=1361.354..1361.354 rows=564943 loops=1)
                    Buckets: 131072  Batches: 8  Memory Usage: 3519kB
                    ->  Seq Scan on title t  (cost=0.00..73925.90 rows=538357 width=4) (actual time=0.016..1181.922 rows=564943 loops=1)
                          Filter: ((kind_id < 3) AND (production_year < 2009))
                          Rows Removed by Filter: 1963369
Planning time: 1.245 ms
Execution time: 16416.628 ms
