Hash Join  (cost=83073.03..137738.65 rows=10 width=0) (actual time=1385.830..2360.132 rows=10 loops=1)
  Hash Cond: (mc.movie_id = t.id)
  ->  Seq Scan on movie_companies mc  (cost=0.00..44881.29 rows=2609129 width=4) (actual time=0.014..592.334 rows=2609129 loops=1)
  ->  Hash  (cost=83072.90..83072.90 rows=10 width=8) (actual time=1335.261..1335.261 rows=1 loops=1)
        Buckets: 1024  Batches: 1  Memory Usage: 9kB
        ->  Nested Loop  (cost=0.43..83072.90 rows=10 width=8) (actual time=873.892..1335.251 rows=1 loops=1)
              ->  Seq Scan on movie_keyword mk  (cost=0.00..81003.12 rows=246 width=4) (actual time=4.906..1333.346 rows=37 loops=1)
                    Filter: (keyword_id = 41333)
                    Rows Removed by Filter: 4523893
              ->  Index Scan using title_pkey on title t  (cost=0.43..8.40 rows=1 width=4) (actual time=0.046..0.046 rows=0 loops=37)
                    Index Cond: (id = mk.movie_id)
                    Filter: ((production_year > 2010) AND (kind_id = 1))
                    Rows Removed by Filter: 1
Planning time: 1.694 ms
Execution time: 2360.274 ms
