Hash Join  (cost=468541.99..601300.54 rows=882852 width=0) (actual time=9493.738..11065.956 rows=311695 loops=1)
  Hash Cond: (mk.movie_id = t.id)
  ->  Seq Scan on movie_keyword mk  (cost=0.00..69693.30 rows=4523930 width=4) (actual time=0.018..1429.475 rows=4523930 loops=1)
  ->  Hash  (cost=460445.91..460445.91 rows=493446 width=8) (actual time=7842.978..7842.978 rows=169038 loops=1)
        Buckets: 131072  Batches: 8  Memory Usage: 1845kB
        ->  Hash Join  (cost=92883.59..460445.91 rows=493446 width=8) (actual time=3121.363..7785.190 rows=169038 loops=1)
              Hash Cond: (mi.movie_id = t.id)
              ->  Seq Scan on movie_info mi  (cost=0.00..346232.03 rows=809768 width=4) (actual time=1509.114..5432.089 rows=802140 loops=1)
                    Filter: (info_type_id < 2)
                    Rows Removed by Filter: 14033580
              ->  Hash  (cost=67604.59..67604.59 rows=1540800 width=4) (actual time=1611.209..1611.209 rows=1543264 loops=1)
                    Buckets: 131072  Batches: 32  Memory Usage: 2728kB
                    ->  Seq Scan on title t  (cost=0.00..67604.59 rows=1540800 width=4) (actual time=0.031..1112.607 rows=1543264 loops=1)
                          Filter: (kind_id = 7)
                          Rows Removed by Filter: 985048
Planning time: 0.757 ms
Execution time: 11099.232 ms
