Seq Scan on movie_keyword mk  (cost=0.00..81003.12 rows=2793380 width=0) (actual time=0.013..4304.497 rows=2782952 loops=1)
  Filter: (keyword_id < 8064)
  Rows Removed by Filter: 1740978
Planning time: 0.346 ms
Execution time: 4827.021 ms
