Hash Join  (cost=797557.00..824467.86 rows=38 width=0) (actual time=10519.913..10912.813 rows=15 loops=1)
  Hash Cond: (mi_idx.movie_id = t.id)
  ->  Seq Scan on movie_info_idx mi_idx  (cost=0.00..21735.35 rows=1380035 width=4) (actual time=0.030..314.734 rows=1380035 loops=1)
  ->  Hash  (cost=797556.14..797556.14 rows=69 width=8) (actual time=10373.499..10373.499 rows=5 loops=1)
        Buckets: 1024  Batches: 1  Memory Usage: 9kB
        ->  Nested Loop  (cost=0.43..797556.14 rows=69 width=8) (actual time=8913.026..10373.482 rows=5 loops=1)
              ->  Seq Scan on cast_info ci  (cost=0.00..796071.18 rows=176 width=4) (actual time=8912.954..10371.879 rows=129 loops=1)
                    Filter: ((person_id = 1602645) AND (role_id = 1))
                    Rows Removed by Filter: 36244215
              ->  Index Scan using title_pkey on title t  (cost=0.43..8.43 rows=1 width=4) (actual time=0.012..0.012 rows=0 loops=129)
                    Index Cond: (id = ci.movie_id)
                    Filter: (kind_id < 7)
                    Rows Removed by Filter: 1
Planning time: 1.228 ms
Execution time: 10912.952 ms
