Nested Loop  (cost=0.43..28267.64 rows=63 width=0) (actual time=330.608..380.215 rows=49 loops=1)
  ->  Seq Scan on movie_info_idx mi_idx  (cost=0.00..25185.44 rows=368 width=4) (actual time=330.425..372.302 rows=260 loops=1)
        Filter: (info_type_id > 101)
        Rows Removed by Filter: 1379775
  ->  Index Scan using title_pkey on title t  (cost=0.43..8.37 rows=1 width=4) (actual time=0.030..0.030 rows=0 loops=260)
        Index Cond: (id = mi_idx.movie_id)
        Filter: ((kind_id < 7) AND (production_year > 2004))
        Rows Removed by Filter: 1
Planning time: 1.999 ms
Execution time: 380.338 ms
