Hash Join  (cost=102767.86..171003.72 rows=288969 width=0) (actual time=1712.357..3180.304 rows=292878 loops=1)
  Hash Cond: (mc.movie_id = t.id)
  ->  Seq Scan on movie_companies mc  (cost=0.00..51404.11 rows=288969 width=4) (actual time=0.028..816.283 rows=292878 loops=1)
        Filter: (company_id > 94803)
        Rows Removed by Filter: 2316251
  ->  Hash  (cost=61283.27..61283.27 rows=2528527 width=4) (actual time=1710.901..1710.901 rows=2528312 loops=1)
        Buckets: 131072  Batches: 64  Memory Usage: 2415kB
        ->  Seq Scan on title t  (cost=0.00..61283.27 rows=2528527 width=4) (actual time=0.021..869.492 rows=2528312 loops=1)
Planning time: 0.739 ms
Execution time: 3215.059 ms
