Hash Join  (cost=365418.15..1537355.38 rows=18600496 width=0) (actual time=16224.983..51617.006 rows=78775652 loops=1)
  Hash Cond: (ci.movie_id = t.id)
  ->  Seq Scan on cast_info ci  (cost=0.00..796071.18 rows=10396239 width=4) (actual time=7821.977..17142.717 rows=12670688 loops=1)
        Filter: ((person_id < 2988970) AND (role_id = 1))
        Rows Removed by Filter: 23573656
  ->  Hash  (cost=291197.02..291197.02 rows=4523930 width=8) (actual time=8400.631..8400.631 rows=4523930 loops=1)
        Buckets: 131072  Batches: 64  Memory Usage: 3816kB
        ->  Hash Join  (cost=102767.86..291197.02 rows=4523930 width=8) (actual time=2040.067..7095.716 rows=4523930 loops=1)
              Hash Cond: (mk.movie_id = t.id)
              ->  Seq Scan on movie_keyword mk  (cost=0.00..69693.30 rows=4523930 width=4) (actual time=0.903..1319.436 rows=4523930 loops=1)
              ->  Hash  (cost=61283.27..61283.27 rows=2528527 width=4) (actual time=2038.216..2038.216 rows=2528312 loops=1)
                    Buckets: 131072  Batches: 64  Memory Usage: 2425kB
                    ->  Seq Scan on title t  (cost=0.00..61283.27 rows=2528527 width=4) (actual time=0.021..1172.417 rows=2528312 loops=1)
Planning time: 1.225 ms
Execution time: 60256.535 ms
