Seq Scan on title t  (cost=0.00..73925.90 rows=379643 width=0) (actual time=0.042..1050.346 rows=239219 loops=1)
  Filter: ((kind_id > 1) AND (production_year < 1980))
  Rows Removed by Filter: 2289093
Planning time: 0.322 ms
Execution time: 1079.359 ms
