Hash Join  (cost=101188.02..187984.63 rows=13857 width=0) (actual time=1738.173..3143.653 rows=170156 loops=1)
  Hash Cond: (mk.movie_id = t.id)
  ->  Seq Scan on movie_keyword mk  (cost=0.00..69693.30 rows=4523930 width=4) (actual time=0.017..737.308 rows=4523930 loops=1)
  ->  Hash  (cost=101091.21..101091.21 rows=7745 width=8) (actual time=1737.900..1737.900 rows=16145 loops=1)
        Buckets: 16384 (originally 8192)  Batches: 1 (originally 1)  Memory Usage: 759kB
        ->  Hash Join  (cost=74103.28..101091.21 rows=7745 width=8) (actual time=1258.054..1732.410 rows=16145 loops=1)
              Hash Cond: (mi_idx.movie_id = t.id)
              ->  Seq Scan on movie_info_idx mi_idx  (cost=0.00..21735.35 rows=1380035 width=4) (actual time=0.025..208.830 rows=1380035 loops=1)
              ->  Hash  (cost=73925.90..73925.90 rows=14190 width=4) (actual time=1257.610..1257.610 rows=12208 loops=1)
                    Buckets: 16384  Batches: 1  Memory Usage: 558kB
                    ->  Seq Scan on title t  (cost=0.00..73925.90 rows=14190 width=4) (actual time=1.713..1251.682 rows=12208 loops=1)
                          Filter: ((kind_id < 7) AND (production_year = 1996))
                          Rows Removed by Filter: 2516104
Planning time: 0.760 ms
Execution time: 3159.604 ms
