Hash Join  (cost=87245.25..157367.10 rows=218400 width=0) (actual time=1653.337..2998.263 rows=163818 loops=1)
  Hash Cond: (mc.movie_id = t.id)
  ->  Seq Scan on movie_companies mc  (cost=0.00..57926.93 rows=461310 width=4) (actual time=0.030..947.885 rows=262239 loops=1)
        Filter: ((company_id < 2924) AND (company_type_id = 2))
        Rows Removed by Filter: 2346890
  ->  Hash  (cost=67604.59..67604.59 rows=1197093 width=4) (actual time=1652.413..1652.413 rows=1195923 loops=1)
        Buckets: 131072  Batches: 16  Memory Usage: 3653kB
        ->  Seq Scan on title t  (cost=0.00..67604.59 rows=1197093 width=4) (actual time=0.019..1282.828 rows=1195923 loops=1)
              Filter: (production_year < 2003)
              Rows Removed by Filter: 1332389
Planning time: 0.784 ms
Execution time: 3018.140 ms
