Seq Scan on title t  (cost=0.00..67604.59 rows=974916 width=0) (actual time=0.021..1142.913 rows=972448 loops=1)
  Filter: (kind_id < 6)
  Rows Removed by Filter: 1555864
Planning time: 0.364 ms
Execution time: 1266.237 ms
