Seq Scan on cast_info ci  (cost=0.00..796071.18 rows=5436768 width=0) (actual time=112.783..15202.401 rows=7451973 loops=1)
  Filter: ((person_id < 2777009) AND (role_id = 2))
  Rows Removed by Filter: 28792371
Planning time: 2.462 ms
Execution time: 16075.918 ms
