Seq Scan on movie_companies mc  (cost=0.00..57926.93 rows=1596 width=0) (actual time=0.757..2158.822 rows=2586 loops=1)
  Filter: ((company_type_id > 1) AND (company_id = 677))
  Rows Removed by Filter: 2606543
Planning time: 0.405 ms
Execution time: 2159.487 ms
