Hash Join  (cost=172757.58..1238221.06 rows=3081931 width=0) (actual time=3324.942..33948.991 rows=6037026 loops=1)
  Hash Cond: (ci.movie_id = t.id)
  ->  Seq Scan on cast_info ci  (cost=0.00..614943.12 rows=36225612 width=4) (actual time=0.015..13217.050 rows=36244344 loops=1)
  ->  Hash  (cost=169227.62..169227.62 rows=215117 width=8) (actual time=3324.079..3324.079 rows=215203 loops=1)
        Buckets: 131072  Batches: 4  Memory Usage: 3135kB
        ->  Hash Join  (cost=102767.86..169227.62 rows=215117 width=8) (actual time=1908.240..3263.728 rows=215203 loops=1)
              Hash Cond: (mc.movie_id = t.id)
              ->  Seq Scan on movie_companies mc  (cost=0.00..51404.11 rows=215117 width=4) (actual time=0.168..817.960 rows=215203 loops=1)
                    Filter: (company_id < 73)
                    Rows Removed by Filter: 2393926
              ->  Hash  (cost=61283.27..61283.27 rows=2528527 width=4) (actual time=1906.865..1906.865 rows=2528312 loops=1)
                    Buckets: 131072  Batches: 64  Memory Usage: 2415kB
                    ->  Seq Scan on title t  (cost=0.00..61283.27 rows=2528527 width=4) (actual time=0.036..1074.934 rows=2528312 loops=1)
Planning time: 1.181 ms
Execution time: 34620.228 ms
