Hash Join  (cost=83074.74..139466.19 rows=129 width=0) (actual time=1523.104..2425.829 rows=1229 loops=1)
  Hash Cond: (mc.movie_id = t.id)
  ->  Seq Scan on movie_companies mc  (cost=0.00..51404.11 rows=1329612 width=4) (actual time=237.768..946.111 rows=1334883 loops=1)
        Filter: (company_type_id > 1)
        Rows Removed by Filter: 1274246
  ->  Hash  (cost=83071.67..83071.67 rows=246 width=8) (actual time=1282.901..1282.901 rows=1149 loops=1)
        Buckets: 2048 (originally 1024)  Batches: 1 (originally 1)  Memory Usage: 61kB
        ->  Nested Loop  (cost=0.43..83071.67 rows=246 width=8) (actual time=1.973..1282.025 rows=1149 loops=1)
              ->  Seq Scan on movie_keyword mk  (cost=0.00..81003.12 rows=246 width=4) (actual time=1.906..1257.864 rows=1149 loops=1)
                    Filter: (keyword_id = 2906)
                    Rows Removed by Filter: 4522781
              ->  Index Only Scan using title_pkey on title t  (cost=0.43..8.40 rows=1 width=4) (actual time=0.019..0.020 rows=1 loops=1149)
                    Index Cond: (id = mk.movie_id)
                    Heap Fetches: 1149
Planning time: 1.154 ms
Execution time: 2426.175 ms
