Seq Scan on movie_companies mc  (cost=0.00..57926.93 rows=702211 width=0) (actual time=222.945..1076.243 rows=935587 loops=1)
  Filter: ((company_id > 11137) AND (company_type_id = 2))
  Rows Removed by Filter: 1673542
Planning time: 0.395 ms
Execution time: 1188.872 ms
