Hash Join  (cost=98347.17..171372.48 rows=284968 width=0) (actual time=1869.154..3677.093 rows=482748 loops=1)
  Hash Cond: (mc.movie_id = t.id)
  ->  Seq Scan on movie_companies mc  (cost=0.00..57926.93 rows=384538 width=4) (actual time=0.015..969.816 rows=703921 loops=1)
        Filter: ((company_id > 35511) AND (company_type_id > 1))
        Rows Removed by Filter: 1905208
  ->  Hash  (cost=67604.59..67604.59 rows=1873807 width=4) (actual time=1867.834..1867.834 rows=1871198 loops=1)
        Buckets: 131072  Batches: 32  Memory Usage: 3088kB
        ->  Seq Scan on title t  (cost=0.00..67604.59 rows=1873807 width=4) (actual time=0.026..1267.890 rows=1871198 loops=1)
              Filter: (production_year > 1984)
              Rows Removed by Filter: 657114
Planning time: 0.785 ms
Execution time: 3733.782 ms
