Nested Loop  (cost=44377.22..941901.88 rows=52472 width=0) (actual time=9371.388..20293.491 rows=447487 loops=1)
  Join Filter: (ci.movie_id = t.id)
  ->  Hash Join  (cost=44376.79..864722.70 rows=130723 width=8) (actual time=9371.307..12416.085 rows=447487 loops=1)
        Hash Cond: (ci.movie_id = mi_idx.movie_id)
        ->  Seq Scan on cast_info ci  (cost=0.00..796071.18 rows=96140 width=4) (actual time=7947.355..10406.495 rows=312331 loops=1)
              Filter: ((person_id > 4004830) AND (role_id > 3))
              Rows Removed by Filter: 35932013
        ->  Hash  (cost=21735.35..21735.35 rows=1380035 width=4) (actual time=1423.017..1423.017 rows=1380035 loops=1)
              Buckets: 131072  Batches: 32  Memory Usage: 2540kB
              ->  Seq Scan on movie_info_idx mi_idx  (cost=0.00..21735.35 rows=1380035 width=4) (actual time=0.024..490.089 rows=1380035 loops=1)
  ->  Index Only Scan using title_pkey on title t  (cost=0.43..0.58 rows=1 width=4) (actual time=0.017..0.017 rows=1 loops=447487)
        Index Cond: (id = mi_idx.movie_id)
        Heap Fetches: 447487
Planning time: 1.478 ms
Execution time: 20374.564 ms
