Nested Loop  (cost=0.43..52283.69 rows=104 width=0) (actual time=275.198..843.841 rows=5 loops=1)
  ->  Seq Scan on movie_companies mc  (cost=0.00..51404.11 rows=104 width=4) (actual time=275.112..843.553 rows=5 loops=1)
        Filter: (company_id = 56925)
        Rows Removed by Filter: 2609124
  ->  Index Only Scan using title_pkey on title t  (cost=0.43..8.45 rows=1 width=4) (actual time=0.048..0.049 rows=1 loops=5)
        Index Cond: (id = mc.movie_id)
        Heap Fetches: 5
Planning time: 0.731 ms
Execution time: 843.911 ms
