Hash Join  (cost=127711.23..1198736.36 rows=3623393 width=0) (actual time=2619.371..31243.956 rows=3348906 loops=1)
  Hash Cond: (ci.movie_id = t.id)
  ->  Seq Scan on cast_info ci  (cost=0.00..614943.12 rows=36225612 width=4) (actual time=0.012..13379.913 rows=36244344 loops=1)
  ->  Hash  (cost=123561.85..123561.85 rows=252911 width=8) (actual time=2618.541..2618.541 rows=148209 loops=1)
        Buckets: 131072  Batches: 4  Memory Usage: 2482kB
        ->  Hash Join  (cost=81529.26..123561.85 rows=252911 width=8) (actual time=1487.664..2575.143 rows=148209 loops=1)
              Hash Cond: (mi_idx.movie_id = t.id)
              ->  Seq Scan on movie_info_idx mi_idx  (cost=0.00..21735.35 rows=1380035 width=4) (actual time=0.029..426.020 rows=1380035 loops=1)
              ->  Hash  (cost=73925.90..73925.90 rows=463388 width=4) (actual time=1486.827..1486.827 rows=321767 loops=1)
                    Buckets: 131072  Batches: 8  Memory Usage: 2430kB
                    ->  Seq Scan on title t  (cost=0.00..73925.90 rows=463388 width=4) (actual time=0.024..1379.048 rows=321767 loops=1)
                          Filter: ((kind_id > 1) AND (production_year < 1987))
                          Rows Removed by Filter: 2206545
Planning time: 1.737 ms
Execution time: 31636.299 ms
