Nested Loop  (cost=0.43..709671.90 rows=500 width=0) (actual time=4542.016..11380.074 rows=785 loops=1)
  ->  Seq Scan on cast_info ci  (cost=0.00..705507.15 rows=500 width=4) (actual time=4541.827..11359.086 rows=785 loops=1)
        Filter: (person_id = 753756)
        Rows Removed by Filter: 36243559
  ->  Index Only Scan using title_pkey on title t  (cost=0.43..8.32 rows=1 width=4) (actual time=0.026..0.026 rows=1 loops=785)
        Index Cond: (id = ci.movie_id)
        Heap Fetches: 785
Planning time: 0.758 ms
Execution time: 11380.325 ms
