Seq Scan on cast_info ci  (cost=0.00..796071.18 rows=300002 width=0) (actual time=8638.591..15237.546 rows=111953 loops=1)
  Filter: ((person_id < 3136966) AND (role_id > 10))
  Rows Removed by Filter: 36132391
Planning time: 0.359 ms
Execution time: 15253.245 ms
