Hash Join  (cost=196616.47..707454.00 rows=2908263 width=0) (actual time=4328.965..31620.060 rows=65599549 loops=1)
  Hash Cond: (mi.movie_id = t.id)
  ->  Seq Scan on movie_info mi  (cost=0.00..309384.22 rows=14739122 width=4) (actual time=0.021..6139.872 rows=14835720 loops=1)
  ->  Hash  (cost=188430.99..188430.99 rows=498918 width=8) (actual time=4327.927..4327.927 rows=1081920 loops=1)
        Buckets: 131072 (originally 131072)  Batches: 16 (originally 8)  Memory Usage: 3806kB
        ->  Hash Join  (cost=83810.17..188430.99 rows=498918 width=8) (actual time=1483.529..4012.339 rows=1081920 loops=1)
              Hash Cond: (mk.movie_id = t.id)
              ->  Seq Scan on movie_keyword mk  (cost=0.00..81003.12 rows=1277204 width=4) (actual time=0.027..1476.956 rows=1284969 loops=1)
                    Filter: (keyword_id > 13751)
                    Rows Removed by Filter: 3238961
              ->  Hash  (cost=67604.59..67604.59 rows=987727 width=4) (actual time=1482.513..1482.513 rows=985048 loops=1)
                    Buckets: 131072  Batches: 16  Memory Usage: 3197kB
                    ->  Seq Scan on title t  (cost=0.00..67604.59 rows=987727 width=4) (actual time=0.023..1162.847 rows=985048 loops=1)
                          Filter: (kind_id < 7)
                          Rows Removed by Filter: 1543264
Planning time: 1.272 ms
Execution time: 38773.237 ms
