Hash Join  (cost=190230.21..276301.04 rows=938764 width=0) (actual time=4366.902..7121.745 rows=2578407 loops=1)
  Hash Cond: (mc.movie_id = t.id)
  ->  Seq Scan on movie_companies mc  (cost=0.00..51404.11 rows=1720021 width=4) (actual time=0.023..1081.509 rows=1723186 loops=1)
        Filter: (company_id > 2686)
        Rows Removed by Filter: 885943
  ->  Hash  (cost=167588.78..167588.78 rows=1380035 width=8) (actual time=4365.423..4365.423 rows=1380035 loops=1)
        Buckets: 131072  Batches: 32  Memory Usage: 2708kB
        ->  Hash Join  (cost=102767.86..167588.78 rows=1380035 width=8) (actual time=1960.612..3962.798 rows=1380035 loops=1)
              Hash Cond: (mi_idx.movie_id = t.id)
              ->  Seq Scan on movie_info_idx mi_idx  (cost=0.00..21735.35 rows=1380035 width=4) (actual time=0.019..499.429 rows=1380035 loops=1)
              ->  Hash  (cost=61283.27..61283.27 rows=2528527 width=4) (actual time=1959.607..1959.607 rows=2528312 loops=1)
                    Buckets: 131072  Batches: 64  Memory Usage: 2415kB
                    ->  Seq Scan on title t  (cost=0.00..61283.27 rows=2528527 width=4) (actual time=0.010..940.754 rows=2528312 loops=1)
Planning time: 1.119 ms
Execution time: 7407.594 ms
