Nested Loop  (cost=0.43..83072.90 rows=141 width=0) (actual time=440.973..1339.133 rows=19 loops=1)
  ->  Seq Scan on movie_keyword mk  (cost=0.00..81003.12 rows=246 width=4) (actual time=26.307..1327.708 rows=94 loops=1)
        Filter: (keyword_id = 3934)
        Rows Removed by Filter: 4523836
  ->  Index Scan using title_pkey on title t  (cost=0.43..8.40 rows=1 width=4) (actual time=0.117..0.117 rows=0 loops=94)
        Index Cond: (id = mk.movie_id)
        Filter: ((production_year > 1919) AND (kind_id = 7))
        Rows Removed by Filter: 1
Planning time: 0.759 ms
Execution time: 1339.260 ms
