Hash Join  (cost=100842.97..851652.91 rows=2080 width=0) (actual time=1686.798..16574.626 rows=15669 loops=1)
  Hash Cond: (ci.movie_id = t.id)
  ->  Seq Scan on cast_info ci  (cost=0.00..614943.12 rows=36225612 width=4) (actual time=0.017..8360.696 rows=36244344 loops=1)
  ->  Hash  (cost=100841.16..100841.16 rows=145 width=8) (actual time=1673.092..1673.092 rows=966 loops=1)
        Buckets: 1024  Batches: 1  Memory Usage: 46kB
        ->  Hash Join  (cost=73929.23..100841.16 rows=145 width=8) (actual time=1126.393..1672.676 rows=966 loops=1)
              Hash Cond: (mi_idx.movie_id = t.id)
              ->  Seq Scan on movie_info_idx mi_idx  (cost=0.00..21735.35 rows=1380035 width=4) (actual time=0.020..301.902 rows=1380035 loops=1)
              ->  Hash  (cost=73925.90..73925.90 rows=266 width=4) (actual time=1126.148..1126.148 rows=826 loops=1)
                    Buckets: 1024  Batches: 1  Memory Usage: 38kB
                    ->  Seq Scan on title t  (cost=0.00..73925.90 rows=266 width=4) (actual time=0.171..1125.540 rows=826 loops=1)
                          Filter: ((kind_id = 2) AND (production_year = 1982))
                          Rows Removed by Filter: 2527486
Planning time: 1.274 ms
Execution time: 16578.378 ms
