Hash Join  (cost=84550.28..604632.77 rows=3774656 width=0) (actual time=1432.162..17082.742 rows=8256619 loops=1)
  Hash Cond: (mi.movie_id = t.id)
  ->  Seq Scan on movie_info mi  (cost=0.00..309384.22 rows=14739122 width=4) (actual time=0.024..6292.569 rows=14835720 loops=1)
  ->  Hash  (cost=73925.90..73925.90 rows=647550 width=4) (actual time=1431.189..1431.189 rows=653966 loops=1)
        Buckets: 131072  Batches: 16  Memory Usage: 2465kB
        ->  Seq Scan on title t  (cost=0.00..73925.90 rows=647550 width=4) (actual time=0.040..1228.882 rows=653966 loops=1)
              Filter: ((kind_id < 2) AND (production_year > 1897))
              Rows Removed by Filter: 1874346
Planning time: 2.329 ms
Execution time: 18007.135 ms
