Seq Scan on cast_info ci  (cost=0.00..705507.15 rows=500 width=0) (actual time=2716.835..10399.790 rows=192 loops=1)
  Filter: (person_id = 3189962)
  Rows Removed by Filter: 36244152
Planning time: 0.364 ms
Execution time: 10399.885 ms
