Seq Scan on cast_info ci  (cost=0.00..796071.18 rows=1958957 width=0) (actual time=11696.103..14091.332 rows=1361345 loops=1)
  Filter: ((person_id < 1742320) AND (role_id = 3))
  Rows Removed by Filter: 34882999
Planning time: 0.441 ms
Execution time: 14262.379 ms
