Seq Scan on movie_keyword mk  (cost=0.00..81003.12 rows=263031 width=0) (actual time=0.026..1353.257 rows=280114 loops=1)
  Filter: (keyword_id < 232)
  Rows Removed by Filter: 4243816
Planning time: 0.320 ms
Execution time: 1390.121 ms
