Hash Join  (cost=289206.03..934298.47 rows=13763861 width=0) (actual time=6736.020..45717.618 rows=117222384 loops=1)
  Hash Cond: (mi.movie_id = t.id)
  ->  Seq Scan on movie_info mi  (cost=0.00..309384.22 rows=14739122 width=4) (actual time=0.013..6414.033 rows=14835720 loops=1)
  ->  Hash  (cost=250466.79..250466.79 rows=2361219 width=8) (actual time=6735.338..6735.338 rows=2364075 loops=1)
        Buckets: 131072  Batches: 32  Memory Usage: 3973kB
        ->  Hash Join  (cost=102767.86..250466.79 rows=2361219 width=8) (actual time=2071.670..6046.903 rows=2364075 loops=1)
              Hash Cond: (mk.movie_id = t.id)
              ->  Seq Scan on movie_keyword mk  (cost=0.00..81003.12 rows=2361219 width=4) (actual time=0.014..1515.647 rows=2364075 loops=1)
                    Filter: (keyword_id < 5329)
                    Rows Removed by Filter: 2159855
              ->  Hash  (cost=61283.27..61283.27 rows=2528527 width=4) (actual time=2068.789..2068.789 rows=2528312 loops=1)
                    Buckets: 131072  Batches: 64  Memory Usage: 2425kB
                    ->  Seq Scan on title t  (cost=0.00..61283.27 rows=2528527 width=4) (actual time=0.017..1209.073 rows=2528312 loops=1)
Planning time: 0.772 ms
Execution time: 58386.507 ms
