Seq Scan on cast_info ci  (cost=0.00..796071.18 rows=2078439 width=0) (actual time=5215.049..12515.434 rows=156808 loops=1)
  Filter: ((person_id > 2678753) AND (role_id = 2))
  Rows Removed by Filter: 36087536
Planning time: 0.428 ms
Execution time: 12535.806 ms
