Seq Scan on movie_companies mc  (cost=0.00..51404.11 rows=371513 width=0) (actual time=0.015..2137.750 rows=371634 loops=1)
  Filter: (company_id < 203)
  Rows Removed by Filter: 2237495
Planning time: 1.816 ms
Execution time: 2194.406 ms
