Hash Join  (cost=87247.62..818963.11 rows=500716 width=0) (actual time=2287.328..12641.752 rows=483612 loops=1)
  Hash Cond: (ci.movie_id = t.id)
  ->  Seq Scan on cast_info ci  (cost=0.00..705507.15 rows=1559250 width=4) (actual time=697.207..9873.282 rows=1479844 loops=1)
        Filter: (person_id < 148861)
        Rows Removed by Filter: 34764500
  ->  Hash  (cost=73925.90..73925.90 rows=811977 width=4) (actual time=1589.343..1589.343 rows=725903 loops=1)
        Buckets: 131072  Batches: 16  Memory Usage: 2621kB
        ->  Seq Scan on title t  (cost=0.00..73925.90 rows=811977 width=4) (actual time=0.022..1173.985 rows=725903 loops=1)
              Filter: ((kind_id < 7) AND (production_year > 1970))
              Rows Removed by Filter: 1802409
Planning time: 0.580 ms
Execution time: 12687.690 ms
