Hash Join  (cost=98233.68..252531.54 rows=2650782 width=0) (actual time=2204.228..5763.942 rows=635485 loops=1)
  Hash Cond: (mk.movie_id = t.id)
  ->  Seq Scan on movie_keyword mk  (cost=0.00..69693.30 rows=4523930 width=4) (actual time=0.019..1493.481 rows=4523930 loops=1)
  ->  Hash  (cost=73925.90..73925.90 rows=1481582 width=4) (actual time=1977.490..1977.490 rows=1478439 loops=1)
        Buckets: 131072  Batches: 32  Memory Usage: 2656kB
        ->  Seq Scan on title t  (cost=0.00..73925.90 rows=1481582 width=4) (actual time=0.020..1488.930 rows=1478439 loops=1)
              Filter: ((production_year > 1910) AND (kind_id = 7))
              Rows Removed by Filter: 1049873
Planning time: 0.825 ms
Execution time: 5834.454 ms
