Seq Scan on movie_companies mc  (cost=0.00..51404.11 rows=1070984 width=0) (actual time=0.029..927.434 rows=1082778 loops=1)
  Filter: (company_id > 14328)
  Rows Removed by Filter: 1526351
Planning time: 0.328 ms
Execution time: 1063.265 ms
