Hash Join  (cost=128600.64..221606.79 rows=337 width=0) (actual time=2293.239..4344.663 rows=9879 loops=1)
  Hash Cond: (mk.movie_id = t.id)
  ->  Seq Scan on movie_keyword mk  (cost=0.00..81003.12 rows=3199909 width=4) (actual time=0.019..1553.586 rows=3184244 loops=1)
        Filter: (keyword_id < 12818)
        Rows Removed by Filter: 1339686
  ->  Hash  (cost=128597.31..128597.31 rows=266 width=8) (actual time=2291.731..2291.731 rows=6315 loops=1)
        Buckets: 8192 (originally 1024)  Batches: 1 (originally 1)  Memory Usage: 311kB
        ->  Hash Join  (cost=73929.13..128597.31 rows=266 width=8) (actual time=1162.193..2288.957 rows=6315 loops=1)
              Hash Cond: (mc.movie_id = t.id)
              ->  Seq Scan on movie_companies mc  (cost=0.00..44881.29 rows=2609129 width=4) (actual time=0.020..652.492 rows=2609129 loops=1)
              ->  Hash  (cost=73925.90..73925.90 rows=258 width=4) (actual time=1162.015..1162.015 rows=3378 loops=1)
                    Buckets: 4096 (originally 1024)  Batches: 1 (originally 1)  Memory Usage: 151kB
                    ->  Seq Scan on title t  (cost=0.00..73925.90 rows=258 width=4) (actual time=6.146..1160.342 rows=3378 loops=1)
                          Filter: ((kind_id < 7) AND (production_year > 2013))
                          Rows Removed by Filter: 2524934
Planning time: 1.168 ms
Execution time: 4346.263 ms
