Hash Join  (cost=119598.42..244969.12 rows=276466 width=0) (actual time=2313.198..6591.024 rows=2848046 loops=1)
  Hash Cond: (mk.movie_id = t.id)
  ->  Seq Scan on movie_keyword mk  (cost=0.00..69693.30 rows=4523930 width=4) (actual time=0.008..1328.861 rows=4523930 loops=1)
  ->  Hash  (cost=117062.88..117062.88 rows=154523 width=8) (actual time=2312.316..2312.316 rows=284615 loops=1)
        Buckets: 131072  Batches: 4  Memory Usage: 3818kB
        ->  Hash Join  (cost=81720.25..117062.88 rows=154523 width=8) (actual time=1267.671..2216.449 rows=284615 loops=1)
              Hash Cond: (mi_idx.movie_id = t.id)
              ->  Seq Scan on movie_info_idx mi_idx  (cost=0.00..25185.44 rows=454124 width=4) (actual time=0.018..440.522 rows=459925 loops=1)
                    Filter: (info_type_id = 100)
                    Rows Removed by Filter: 920110
              ->  Hash  (cost=67604.59..67604.59 rows=860373 width=4) (actual time=1266.860..1266.860 rows=854214 loops=1)
                    Buckets: 131072  Batches: 16  Memory Usage: 2897kB
                    ->  Seq Scan on title t  (cost=0.00..67604.59 rows=860373 width=4) (actual time=0.024..1004.347 rows=854214 loops=1)
                          Filter: (kind_id < 4)
                          Rows Removed by Filter: 1674098
Planning time: 1.156 ms
Execution time: 6914.303 ms
