Seq Scan on movie_companies mc  (cost=0.00..57926.93 rows=372992 width=0) (actual time=0.016..970.058 rows=58385 loops=1)
  Filter: ((company_id > 34520) AND (company_type_id < 2))
  Rows Removed by Filter: 2550744
Planning time: 1.906 ms
Execution time: 978.076 ms
