Seq Scan on cast_info ci  (cost=0.00..705507.15 rows=26759019 width=0) (actual time=0.023..12685.443 rows=26946343 loops=1)
  Filter: (person_id > 915566)
  Rows Removed by Filter: 9298001
Planning time: 0.350 ms
Execution time: 16062.949 ms
