Hash Join  (cost=100908.38..827543.66 rows=3527 width=0) (actual time=1785.025..14516.426 rows=38180 loops=1)
  Hash Cond: (ci.movie_id = t.id)
  ->  Seq Scan on cast_info ci  (cost=0.00..705507.15 rows=5624760 width=4) (actual time=0.020..11566.633 rows=5548987 loops=1)
        Filter: (person_id < 535828)
        Rows Removed by Filter: 30695357
  ->  Hash  (cost=100888.56..100888.56 rows=1586 width=8) (actual time=1784.832..1784.832 rows=7871 loops=1)
        Buckets: 8192 (originally 2048)  Batches: 1 (originally 1)  Memory Usage: 372kB
        ->  Hash Join  (cost=73962.22..100888.56 rows=1586 width=8) (actual time=1221.752..1781.609 rows=7871 loops=1)
              Hash Cond: (mi_idx.movie_id = t.id)
              ->  Seq Scan on movie_info_idx mi_idx  (cost=0.00..21735.35 rows=1380035 width=4) (actual time=0.020..263.509 rows=1380035 loops=1)
              ->  Hash  (cost=73925.90..73925.90 rows=2905 width=4) (actual time=1221.619..1221.619 rows=6650 loops=1)
                    Buckets: 8192 (originally 4096)  Batches: 1 (originally 1)  Memory Usage: 298kB
                    ->  Seq Scan on title t  (cost=0.00..73925.90 rows=2905 width=4) (actual time=0.536..1218.176 rows=6650 loops=1)
                          Filter: ((kind_id < 7) AND (production_year = 1981))
                          Rows Removed by Filter: 2521662
Planning time: 1.275 ms
Execution time: 14522.697 ms
