Seq Scan on movie_keyword mk  (cost=0.00..81003.12 rows=4319256 width=0) (actual time=0.022..1608.394 rows=4318009 loops=1)
  Filter: (keyword_id < 67341)
  Rows Removed by Filter: 205921
Planning time: 0.342 ms
Execution time: 2145.144 ms
