Hash Join  (cost=521607.22..686262.70 rows=2511172 width=0) (actual time=9495.172..15243.489 rows=8090625 loops=1)
  Hash Cond: (mk.movie_id = t.id)
  ->  Seq Scan on movie_keyword mk  (cost=0.00..81003.12 rows=4096326 width=4) (actual time=0.014..1679.232 rows=4082957 loops=1)
        Filter: (keyword_id > 341)
        Rows Removed by Filter: 440973
  ->  Hash  (cost=496176.42..496176.42 rows=1550064 width=8) (actual time=9494.073..9494.073 rows=1533909 loops=1)
        Buckets: 131072  Batches: 32  Memory Usage: 2900kB
        ->  Hash Join  (cost=102767.86..496176.42 rows=1550064 width=8) (actual time=2141.333..9057.280 rows=1533909 loops=1)
              Hash Cond: (mi.movie_id = t.id)
              ->  Seq Scan on movie_info mi  (cost=0.00..346232.03 rows=1550064 width=4) (actual time=269.985..5312.120 rows=1533909 loops=1)
                    Filter: (info_type_id = 3)
                    Rows Removed by Filter: 13301811
              ->  Hash  (cost=61283.27..61283.27 rows=2528527 width=4) (actual time=1870.378..1870.378 rows=2528312 loops=1)
                    Buckets: 131072  Batches: 64  Memory Usage: 2425kB
                    ->  Seq Scan on title t  (cost=0.00..61283.27 rows=2528527 width=4) (actual time=0.010..1044.779 rows=2528312 loops=1)
Planning time: 6.081 ms
Execution time: 16152.743 ms
