Seq Scan on movie_keyword mk  (cost=0.00..81003.12 rows=4321134 width=0) (actual time=0.012..1532.199 rows=4304256 loops=1)
  Filter: (keyword_id > 165)
  Rows Removed by Filter: 219674
Planning time: 0.332 ms
Execution time: 2066.629 ms
