Seq Scan on cast_info ci  (cost=0.00..796071.18 rows=101 width=0) (actual time=8421.675..10253.125 rows=133 loops=1)
  Filter: ((person_id = 1823362) AND (role_id = 2))
  Rows Removed by Filter: 36244211
Planning time: 0.416 ms
Execution time: 10253.243 ms
