Hash Join  (cost=156649.15..545817.56 rows=564166 width=0) (actual time=14412.725..27669.816 rows=1129506 loops=1)
  Hash Cond: (mi.movie_id = t.id)
  ->  Seq Scan on movie_info mi  (cost=0.00..346232.03 rows=3068194 width=4) (actual time=5928.262..16066.457 rows=3036719 loops=1)
        Filter: (info_type_id = 16)
        Rows Removed by Filter: 11799001
  ->  Hash  (cost=149020.47..149020.47 rows=464934 width=8) (actual time=8483.346..8483.346 rows=460185 loops=1)
        Buckets: 131072  Batches: 8  Memory Usage: 3286kB
        ->  Hash Join  (cost=102767.86..149020.47 rows=464934 width=8) (actual time=5602.262..8308.636 rows=460185 loops=1)
              Hash Cond: (mi_idx.movie_id = t.id)
              ->  Seq Scan on movie_info_idx mi_idx  (cost=0.00..25185.44 rows=464934 width=4) (actual time=0.035..1535.468 rows=460185 loops=1)
                    Filter: (info_type_id > 100)
                    Rows Removed by Filter: 919850
              ->  Hash  (cost=61283.27..61283.27 rows=2528527 width=4) (actual time=5600.457..5600.457 rows=2528312 loops=1)
                    Buckets: 131072  Batches: 64  Memory Usage: 2415kB
                    ->  Seq Scan on title t  (cost=0.00..61283.27 rows=2528527 width=4) (actual time=0.026..4443.700 rows=2528312 loops=1)
Planning time: 4.278 ms
Execution time: 27834.256 ms
