Seq Scan on cast_info ci  (cost=0.00..796071.18 rows=5087217 width=0) (actual time=1113.619..14313.010 rows=7450181 loops=1)
  Filter: ((person_id > 1068683) AND (role_id = 2))
  Rows Removed by Filter: 28794163
Planning time: 0.506 ms
Execution time: 15207.185 ms
