Seq Scan on cast_info ci  (cost=0.00..796071.18 rows=4283668 width=0) (actual time=6339.604..15706.890 rows=4146279 loops=1)
  Filter: ((person_id < 4000158) AND (role_id = 10))
  Rows Removed by Filter: 32098065
Planning time: 0.389 ms
Execution time: 16202.825 ms
