Hash Join  (cost=167916.08..1035467.57 rows=493527 width=0) (actual time=3097.321..24187.911 rows=1899651 loops=1)
  Hash Cond: (ci.movie_id = t.id)
  ->  Seq Scan on cast_info ci  (cost=0.00..796071.18 rows=17745351 width=4) (actual time=0.014..15563.603 rows=22164714 loops=1)
        Filter: ((person_id < 2759909) AND (role_id < 4))
        Rows Removed by Filter: 14079630
  ->  Hash  (cost=167037.06..167037.06 rows=70322 width=8) (actual time=3095.895..3095.895 rows=61003 loops=1)
        Buckets: 131072  Batches: 1  Memory Usage: 3407kB
        ->  Hash Join  (cost=74710.74..167037.06 rows=70322 width=8) (actual time=1049.544..3074.345 rows=61003 loops=1)
              Hash Cond: (mk.movie_id = t.id)
              ->  Seq Scan on movie_keyword mk  (cost=0.00..81003.12 rows=2831992 width=4) (actual time=0.021..1511.958 rows=2821812 loops=1)
                    Filter: (keyword_id < 8454)
                    Rows Removed by Filter: 1702118
              ->  Hash  (cost=73925.90..73925.90 rows=62787 width=4) (actual time=1048.922..1048.922 rows=53770 loops=1)
                    Buckets: 65536  Batches: 1  Memory Usage: 2403kB
                    ->  Seq Scan on title t  (cost=0.00..73925.90 rows=62787 width=4) (actual time=0.024..1027.941 rows=53770 loops=1)
                          Filter: ((kind_id < 7) AND (production_year = 2011))
                          Rows Removed by Filter: 2474542
Planning time: 1.189 ms
Execution time: 24418.911 ms
