Hash Join  (cost=83074.55..110002.44 rows=33 width=0) (actual time=1295.468..1773.437 rows=15 loops=1)
  Hash Cond: (mi_idx.movie_id = t.id)
  ->  Seq Scan on movie_info_idx mi_idx  (cost=0.00..25185.44 rows=464566 width=4) (actual time=0.022..417.593 rows=459925 loops=1)
        Filter: (info_type_id = 101)
        Rows Removed by Filter: 920110
  ->  Hash  (cost=83072.29..83072.29 rows=181 width=8) (actual time=1292.814..1292.814 rows=28 loops=1)
        Buckets: 1024  Batches: 1  Memory Usage: 10kB
        ->  Nested Loop  (cost=0.43..83072.29 rows=181 width=8) (actual time=90.136..1292.769 rows=28 loops=1)
              ->  Seq Scan on movie_keyword mk  (cost=0.00..81003.12 rows=246 width=4) (actual time=90.084..1289.645 rows=44 loops=1)
                    Filter: (keyword_id = 30568)
                    Rows Removed by Filter: 4523886
              ->  Index Scan using title_pkey on title t  (cost=0.43..8.40 rows=1 width=4) (actual time=0.064..0.065 rows=1 loops=44)
                    Index Cond: (id = mk.movie_id)
                    Filter: (production_year > 1985)
                    Rows Removed by Filter: 0
Planning time: 4.188 ms
Execution time: 1773.604 ms
