Seq Scan on cast_info ci  (cost=0.00..705507.15 rows=35173140 width=0) (actual time=0.015..13478.928 rows=35309307 loops=1)
  Filter: (person_id > 96456)
  Rows Removed by Filter: 935037
Planning time: 0.348 ms
Execution time: 17798.379 ms
