Hash Join  (cost=68237.77..903785.98 rows=200201 width=0) (actual time=8876.294..20003.263 rows=199872 loops=1)
  Hash Cond: (ci.movie_id = t.id)
  ->  Seq Scan on cast_info ci  (cost=0.00..796071.18 rows=9993337 width=4) (actual time=7810.525..15810.402 rows=10804928 loops=1)
        Filter: ((person_id > 625643) AND (role_id > 3))
        Rows Removed by Filter: 25439416
  ->  Hash  (cost=67604.59..67604.59 rows=50655 width=4) (actual time=1065.233..1065.233 rows=50564 loops=1)
        Buckets: 65536  Batches: 1  Memory Usage: 2290kB
        ->  Seq Scan on title t  (cost=0.00..67604.59 rows=50655 width=4) (actual time=0.034..1043.942 rows=50564 loops=1)
              Filter: (production_year = 1999)
              Rows Removed by Filter: 2477748
Planning time: 1.130 ms
Execution time: 20032.792 ms
