Hash Join  (cost=143308.44..217599.92 rows=216564 width=0) (actual time=7416.188..11510.362 rows=209002 loops=1)
  Hash Cond: (mc.movie_id = t.id)
  ->  Seq Scan on movie_companies mc  (cost=0.00..51404.11 rows=1682059 width=4) (actual time=0.029..2945.416 rows=1682389 loops=1)
        Filter: (company_id > 3262)
        Rows Removed by Filter: 926740
  ->  Hash  (cost=137967.10..137967.10 rows=325547 width=8) (actual time=7407.263..7407.263 rows=212359 loops=1)
        Buckets: 131072  Batches: 8  Memory Usage: 2061kB
        ->  Hash Join  (cost=96651.52..137967.10 rows=325547 width=8) (actual time=5039.010..7335.061 rows=212359 loops=1)
              Hash Cond: (mi_idx.movie_id = t.id)
              ->  Seq Scan on movie_info_idx mi_idx  (cost=0.00..25185.44 rows=464934 width=4) (actual time=0.019..1278.555 rows=460185 loops=1)
                    Filter: (info_type_id > 100)
                    Rows Removed by Filter: 919850
              ->  Hash  (cost=67604.59..67604.59 rows=1770475 width=4) (actual time=5037.468..5037.468 rows=1774635 loops=1)
                    Buckets: 131072  Batches: 32  Memory Usage: 2978kB
                    ->  Seq Scan on title t  (cost=0.00..67604.59 rows=1770475 width=4) (actual time=0.016..3602.280 rows=1774635 loops=1)
                          Filter: (kind_id > 2)
                          Rows Removed by Filter: 753677
Planning time: 2.200 ms
Execution time: 11543.786 ms
