Seq Scan on cast_info ci  (cost=0.00..705507.15 rows=24919170 width=0) (actual time=1467.618..13572.021 rows=25016916 loops=1)
  Filter: (person_id > 1101996)
  Rows Removed by Filter: 11227428
Planning time: 0.371 ms
Execution time: 16715.238 ms
