Hash Join  (cost=92883.59..263946.07 rows=2708690 width=0) (actual time=3173.234..5805.621 rows=630848 loops=1)
  Hash Cond: (mk.movie_id = t.id)
  ->  Seq Scan on movie_keyword mk  (cost=0.00..81003.12 rows=4445091 width=4) (actual time=0.015..1771.553 rows=4439551 loops=1)
        Filter: (keyword_id > 71)
        Rows Removed by Filter: 84379
  ->  Hash  (cost=67604.59..67604.59 rows=1540800 width=4) (actual time=1712.526..1712.526 rows=1543264 loops=1)
        Buckets: 131072  Batches: 32  Memory Usage: 2728kB
        ->  Seq Scan on title t  (cost=0.00..67604.59 rows=1540800 width=4) (actual time=0.016..1212.253 rows=1543264 loops=1)
              Filter: (kind_id = 7)
              Rows Removed by Filter: 985048
Planning time: 0.709 ms
Execution time: 5881.551 ms
