Seq Scan on movie_companies mc  (cost=0.00..51404.11 rows=994768 width=0) (actual time=0.016..846.293 rows=1003738 loops=1)
  Filter: (company_id > 16557)
  Rows Removed by Filter: 1605391
Planning time: 0.238 ms
Execution time: 963.967 ms
