Seq Scan on movie_companies mc  (cost=0.00..57926.93 rows=532286 width=0) (actual time=0.027..964.925 rows=247415 loops=1)
  Filter: ((company_id > 14086) AND (company_type_id = 1))
  Rows Removed by Filter: 2361714
Planning time: 0.393 ms
Execution time: 999.572 ms
