Hash Join  (cost=501625.44..648496.02 rows=2041154 width=0) (actual time=8703.061..12583.483 rows=1843788 loops=1)
  Hash Cond: (mk.movie_id = t.id)
  ->  Seq Scan on movie_keyword mk  (cost=0.00..69693.30 rows=4523930 width=4) (actual time=0.019..1452.564 rows=4523930 loops=1)
  ->  Hash  (cost=482907.85..482907.85 rows=1140847 width=8) (actual time=8702.354..8702.354 rows=424052 loops=1)
        Buckets: 131072  Batches: 16  Memory Usage: 2070kB
        ->  Hash Join  (cost=98137.04..482907.85 rows=1140847 width=8) (actual time=1847.390..8582.534 rows=424052 loops=1)
              Hash Cond: (mi.movie_id = t.id)
              ->  Seq Scan on movie_info mi  (cost=0.00..346232.03 rows=1550064 width=4) (actual time=0.018..5544.935 rows=1533909 loops=1)
                    Filter: (info_type_id = 3)
                    Rows Removed by Filter: 13301811
              ->  Hash  (cost=67604.59..67604.59 rows=1860996 width=4) (actual time=1845.884..1845.884 rows=1865487 loops=1)
                    Buckets: 131072  Batches: 32  Memory Usage: 3085kB
                    ->  Seq Scan on title t  (cost=0.00..67604.59 rows=1860996 width=4) (actual time=0.022..1210.976 rows=1865487 loops=1)
                          Filter: (kind_id > 1)
                          Rows Removed by Filter: 662825
Planning time: 1.078 ms
Execution time: 12793.419 ms
