Hash Join  (cost=181960.44..315075.31 rows=912083 width=0) (actual time=4063.842..7530.381 rows=1203073 loops=1)
  Hash Cond: (mk.movie_id = t.id)
  ->  Seq Scan on movie_keyword mk  (cost=0.00..69693.30 rows=4523930 width=4) (actual time=0.012..1389.260 rows=4523930 loops=1)
  ->  Hash  (cost=173596.14..173596.14 rows=509784 width=8) (actual time=4062.884..4062.884 rows=363843 loops=1)
        Buckets: 131072  Batches: 8  Memory Usage: 2801kB
        ->  Hash Join  (cost=93360.65..173596.14 rows=509784 width=8) (actual time=1947.389..3941.661 rows=363843 loops=1)
              Hash Cond: (mc.movie_id = t.id)
              ->  Seq Scan on movie_companies mc  (cost=0.00..57926.93 rows=1088189 width=4) (actual time=150.361..1160.105 rows=1212781 loops=1)
                    Filter: ((company_id > 406) AND (company_type_id = 2))
                    Rows Removed by Filter: 1396348
              ->  Hash  (cost=73925.90..73925.90 rows=1184540 width=4) (actual time=1796.165..1796.165 rows=1297979 loops=1)
                    Buckets: 131072  Batches: 16  Memory Usage: 3882kB
                    ->  Seq Scan on title t  (cost=0.00..73925.90 rows=1184540 width=4) (actual time=0.031..1379.319 rows=1297979 loops=1)
                          Filter: ((kind_id > 1) AND (production_year > 1995))
                          Rows Removed by Filter: 1230333
Planning time: 1.144 ms
Execution time: 7663.133 ms
