Seq Scan on movie_keyword mk  (cost=0.00..81003.12 rows=246 width=0) (actual time=386.824..1338.377 rows=22 loops=1)
  Filter: (keyword_id = 302)
  Rows Removed by Filter: 4523908
Planning time: 0.377 ms
Execution time: 1338.488 ms
