Seq Scan on movie_keyword mk  (cost=0.00..81003.12 rows=1340845 width=0) (actual time=0.009..1395.521 rows=1359044 loops=1)
  Filter: (keyword_id < 1770)
  Rows Removed by Filter: 3164886
Planning time: 0.308 ms
Execution time: 1558.785 ms
