Hash Join  (cost=75199.97..183850.29 rows=70699 width=0) (actual time=3384.718..8471.626 rows=22721 loops=1)
  Hash Cond: (mk.movie_id = t.id)
  ->  Seq Scan on movie_keyword mk  (cost=0.00..81003.12 rows=2303521 width=4) (actual time=0.013..4347.848 rows=2305143 loops=1)
        Filter: (keyword_id > 4514)
        Rows Removed by Filter: 2218787
  ->  Hash  (cost=73925.90..73925.90 rows=77605 width=4) (actual time=3228.323..3228.323 rows=84684 loops=1)
        Buckets: 131072  Batches: 2  Memory Usage: 2518kB
        ->  Seq Scan on title t  (cost=0.00..73925.90 rows=77605 width=4) (actual time=383.605..3186.541 rows=84684 loops=1)
              Filter: ((kind_id = 7) AND (production_year = 2009))
              Rows Removed by Filter: 2443628
Planning time: 0.773 ms
Execution time: 8474.845 ms
