Hash Join  (cost=504244.75..1646416.86 rows=7182479 width=0) (actual time=10740.575..47380.950 rows=32941786 loops=1)
  Hash Cond: (ci.movie_id = t.id)
  ->  Seq Scan on cast_info ci  (cost=0.00..705507.15 rows=28279425 width=4) (actual time=0.024..14985.708 rows=28418775 loops=1)
        Filter: (person_id > 762441)
        Rows Removed by Filter: 7825569
  ->  Hash  (cost=493708.23..493708.23 rows=642202 width=8) (actual time=10738.262..10738.262 rows=832046 loops=1)
        Buckets: 131072  Batches: 16  Memory Usage: 3063kB
        ->  Hash Join  (cost=78988.28..493708.23 rows=642202 width=8) (actual time=1331.192..10473.821 rows=832046 loops=1)
              Hash Cond: (mi.movie_id = t.id)
              ->  Seq Scan on movie_info mi  (cost=0.00..346232.03 rows=5263441 width=4) (actual time=0.018..6289.308 rows=5270569 loops=1)
                    Filter: (info_type_id > 15)
                    Rows Removed by Filter: 9565151
              ->  Hash  (cost=73925.90..73925.90 rows=308510 width=4) (actual time=1330.197..1330.197 rows=266599 loops=1)
                    Buckets: 131072  Batches: 8  Memory Usage: 2197kB
                    ->  Seq Scan on title t  (cost=0.00..73925.90 rows=308510 width=4) (actual time=0.011..1237.853 rows=266599 loops=1)
                          Filter: ((kind_id < 7) AND (production_year > 2007))
                          Rows Removed by Filter: 2261713
Planning time: 1.224 ms
Execution time: 50711.120 ms
