Seq Scan on cast_info ci  (cost=0.00..705507.15 rows=31842380 width=0) (actual time=0.024..13231.011 rows=31997322 loops=1)
  Filter: (person_id > 409686)
  Rows Removed by Filter: 4247022
Planning time: 0.382 ms
Execution time: 17091.033 ms
