Hash Join  (cost=193059.37..626636.17 rows=2063435 width=0) (actual time=5815.960..15520.421 rows=7721653 loops=1)
  Hash Cond: (mi.movie_id = t.id)
  ->  Seq Scan on movie_info mi  (cost=0.00..346232.03 rows=5445713 width=4) (actual time=1199.537..5860.137 rows=5410520 loops=1)
        Filter: (info_type_id < 6)
        Rows Removed by Filter: 9425200
  ->  Hash  (cost=177340.32..177340.32 rows=958084 width=8) (actual time=4615.685..4615.685 rows=1176103 loops=1)
        Buckets: 131072  Batches: 16  Memory Usage: 3956kB
        ->  Hash Join  (cost=91342.70..177340.32 rows=958084 width=8) (actual time=1909.417..4320.116 rows=1176103 loops=1)
              Hash Cond: (mc.movie_id = t.id)
              ->  Seq Scan on movie_companies mc  (cost=0.00..51404.11 rows=1674311 width=4) (actual time=0.023..1094.514 rows=1666027 loops=1)
                    Filter: (company_id < 18886)
                    Rows Removed by Filter: 943102
              ->  Hash  (cost=67604.59..67604.59 rows=1446889 width=4) (actual time=1908.659..1908.659 rows=1443298 loops=1)
                    Buckets: 131072  Batches: 32  Memory Usage: 2608kB
                    ->  Seq Scan on title t  (cost=0.00..67604.59 rows=1446889 width=4) (actual time=0.014..1174.357 rows=1443298 loops=1)
                          Filter: (production_year < 2006)
                          Rows Removed by Filter: 1085014
Planning time: 1.229 ms
Execution time: 16491.588 ms
