Seq Scan on cast_info ci  (cost=0.00..705507.15 rows=25548764 width=0) (actual time=0.014..12833.015 rows=25738834 loops=1)
  Filter: (person_id > 1031778)
  Rows Removed by Filter: 10505510
Planning time: 0.352 ms
Execution time: 15981.723 ms
