Seq Scan on movie_keyword mk  (cost=0.00..81003.12 rows=246 width=0) (actual time=146.308..1106.578 rows=18 loops=1)
  Filter: (keyword_id = 55464)
  Rows Removed by Filter: 4523912
Planning time: 0.439 ms
Execution time: 1106.680 ms
