Hash Join  (cost=332669.90..1760957.74 rows=15792480 width=148) (actual time=4192.426..22452.891 rows=13920265 loops=1)
  Hash Cond: (ci.movie_id = t.id)
  ->  Seq Scan on cast_info ci  (cost=0.00..796071.18 rows=19500967 width=42) (actual time=0.017..9009.050 rows=17341407 loops=1)
        Filter: ((person_id < 3027877) AND (role_id > 1))
        Rows Removed by Filter: 18902937
  ->  Hash  (cost=273078.91..273078.91 rows=2047679 width=106) (actual time=4190.141..4190.141 rows=1143082 loops=1)
        Buckets: 32768  Batches: 128  Memory Usage: 1445kB
        ->  Hash Join  (cost=104998.08..273078.91 rows=2047679 width=106) (actual time=1545.924..3791.999 rows=1143082 loops=1)
              Hash Cond: (mk.movie_id = t.id)
              ->  Seq Scan on movie_keyword mk  (cost=0.00..69693.30 rows=4523930 width=12) (actual time=0.008..520.441 rows=4523930 loops=1)
              ->  Hash  (cost=73925.90..73925.90 rows=1144494 width=94) (actual time=1545.288..1545.288 rows=1095581 loops=1)
                    Buckets: 32768  Batches: 64  Memory Usage: 2216kB
                    ->  Seq Scan on title t  (cost=0.00..73925.90 rows=1144494 width=94) (actual time=0.011..848.487 rows=1095581 loops=1)
                          Filter: ((kind_id > 1) AND (production_year < 2007))
                          Rows Removed by Filter: 1432731
Planning time: 0.961 ms
Execution time: 22918.641 ms
