Seq Scan on title t  (cost=0.00..73925.90 rows=126475 width=0) (actual time=0.224..1184.847 rows=245629 loops=1)
  Filter: ((kind_id < 4) AND (production_year < 1970))
  Rows Removed by Filter: 2282683
Planning time: 0.319 ms
Execution time: 1215.572 ms
