Hash Join  (cost=75859.28..447499.51 rows=96611 width=0) (actual time=1155.853..7082.734 rows=189965 loops=1)
  Hash Cond: (mi.movie_id = t.id)
  ->  Seq Scan on movie_info mi  (cost=0.00..346232.03 rows=2073893 width=4) (actual time=0.016..5032.487 rows=2091068 loops=1)
        Filter: (info_type_id < 3)
        Rows Removed by Filter: 12744652
  ->  Hash  (cost=73925.90..73925.90 rows=117790 width=4) (actual time=1155.066..1155.066 rows=112195 loops=1)
        Buckets: 131072  Batches: 2  Memory Usage: 3000kB
        ->  Seq Scan on title t  (cost=0.00..73925.90 rows=117790 width=4) (actual time=0.015..1112.492 rows=112195 loops=1)
              Filter: ((kind_id < 3) AND (production_year > 2010))
              Rows Removed by Filter: 2416117
Planning time: 0.814 ms
Execution time: 7104.456 ms
