Seq Scan on movie_companies mc  (cost=0.00..57926.93 rows=1298820 width=0) (actual time=0.018..3337.756 rows=1275421 loops=1)
  Filter: ((company_id < 184228) AND (company_type_id = 2))
  Rows Removed by Filter: 1333708
Planning time: 3.722 ms
Execution time: 3570.719 ms
