Seq Scan on cast_info ci  (cost=0.00..796071.18 rows=9597553 width=0) (actual time=0.025..13562.655 rows=5379430 loops=1)
  Filter: ((person_id < 2156898) AND (role_id > 2))
  Rows Removed by Filter: 30864914
Planning time: 0.343 ms
Execution time: 14240.265 ms
