Hash Join  (cost=160823.02..544375.48 rows=47266 width=0) (actual time=2554.174..9377.629 rows=46611 loops=1)
  Hash Cond: (mi.movie_id = t.id)
  ->  Seq Scan on movie_info mi  (cost=0.00..309384.22 rows=14739122 width=4) (actual time=0.021..4249.458 rows=14835720 loops=1)
  ->  Hash  (cost=160721.67..160721.67 rows=8108 width=8) (actual time=2340.447..2340.447 rows=5557 loops=1)
        Buckets: 8192  Batches: 1  Memory Usage: 282kB
        ->  Hash Join  (cost=73982.55..160721.67 rows=8108 width=8) (actual time=1994.817..2339.477 rows=5557 loops=1)
              Hash Cond: (mk.movie_id = t.id)
              ->  Seq Scan on movie_keyword mk  (cost=0.00..69693.30 rows=4523930 width=4) (actual time=0.012..564.293 rows=4523930 loops=1)
              ->  Hash  (cost=73925.90..73925.90 rows=4532 width=4) (actual time=1221.830..1221.830 rows=10614 loops=1)
                    Buckets: 16384 (originally 8192)  Batches: 1 (originally 1)  Memory Usage: 502kB
                    ->  Seq Scan on title t  (cost=0.00..73925.90 rows=4532 width=4) (actual time=0.046..1216.736 rows=10614 loops=1)
                          Filter: ((kind_id = 7) AND (production_year = 1985))
                          Rows Removed by Filter: 2517698
Planning time: 1.155 ms
Execution time: 9384.150 ms
