Hash Join  (cost=920511.87..1560153.89 rows=13253019 width=0) (actual time=19621.697..59777.815 rows=106609517 loops=1)
  Hash Cond: (mi.movie_id = t.id)
  ->  Seq Scan on movie_info mi  (cost=0.00..309384.22 rows=14739122 width=4) (actual time=0.021..6398.442 rows=14835720 loops=1)
  ->  Hash  (cost=883210.08..883210.08 rows=2273583 width=8) (actual time=19620.237..19620.237 rows=2124525 loops=1)
        Buckets: 131072  Batches: 32  Memory Usage: 3660kB
        ->  Hash Join  (cost=83810.17..883210.08 rows=2273583 width=8) (actual time=2059.513..18848.922 rows=2124525 loops=1)
              Hash Cond: (ci.movie_id = t.id)
              ->  Seq Scan on cast_info ci  (cost=0.00..705507.15 rows=5820248 width=4) (actual time=558.145..13795.991 rows=5732694 loops=1)
                    Filter: (role_id > 8)
                    Rows Removed by Filter: 30511650
              ->  Hash  (cost=67604.59..67604.59 rows=987727 width=4) (actual time=1500.300..1500.300 rows=985048 loops=1)
                    Buckets: 131072  Batches: 16  Memory Usage: 3188kB
                    ->  Seq Scan on title t  (cost=0.00..67604.59 rows=987727 width=4) (actual time=0.038..1187.015 rows=985048 loops=1)
                          Filter: (kind_id < 7)
                          Rows Removed by Filter: 1543264
Planning time: 1.545 ms
Execution time: 71455.689 ms
