Seq Scan on movie_keyword mk  (cost=0.00..81003.12 rows=1498665 width=0) (actual time=0.017..1249.329 rows=1519867 loops=1)
  Filter: (keyword_id > 10638)
  Rows Removed by Filter: 3004063
Planning time: 0.246 ms
Execution time: 1440.730 ms
