Hash Join  (cost=521607.22..642266.48 rows=1087404 width=0) (actual time=9354.312..12867.811 rows=3454539 loops=1)
  Hash Cond: (mk.movie_id = t.id)
  ->  Seq Scan on movie_keyword mk  (cost=0.00..81003.12 rows=1773818 width=4) (actual time=0.015..1628.781 rows=1776480 loops=1)
        Filter: (keyword_id > 7788)
        Rows Removed by Filter: 2747450
  ->  Hash  (cost=496176.42..496176.42 rows=1550064 width=8) (actual time=9353.406..9353.406 rows=1533909 loops=1)
        Buckets: 131072  Batches: 32  Memory Usage: 2900kB
        ->  Hash Join  (cost=102767.86..496176.42 rows=1550064 width=8) (actual time=2861.593..8952.313 rows=1533909 loops=1)
              Hash Cond: (mi.movie_id = t.id)
              ->  Seq Scan on movie_info mi  (cost=0.00..346232.03 rows=1550064 width=4) (actual time=918.247..5489.288 rows=1533909 loops=1)
                    Filter: (info_type_id = 3)
                    Rows Removed by Filter: 13301811
              ->  Hash  (cost=61283.27..61283.27 rows=2528527 width=4) (actual time=1942.402..1942.402 rows=2528312 loops=1)
                    Buckets: 131072  Batches: 64  Memory Usage: 2425kB
                    ->  Seq Scan on title t  (cost=0.00..61283.27 rows=2528527 width=4) (actual time=0.021..1091.291 rows=2528312 loops=1)
Planning time: 1.153 ms
Execution time: 13271.639 ms
