Hash Join  (cost=78556.72..185414.90 rows=432111 width=0) (actual time=1278.859..3998.957 rows=1055032 loops=1)
  Hash Cond: (mk.movie_id = t.id)
  ->  Seq Scan on movie_keyword mk  (cost=0.00..81003.12 rows=1636783 width=4) (actual time=0.023..1683.880 rows=1646452 loops=1)
        Filter: (keyword_id < 2503)
        Rows Removed by Filter: 2877478
  ->  Hash  (cost=67604.59..67604.59 rows=667531 width=4) (actual time=1277.485..1277.485 rows=662825 loops=1)
        Buckets: 131072  Batches: 16  Memory Usage: 2486kB
        ->  Seq Scan on title t  (cost=0.00..67604.59 rows=667531 width=4) (actual time=262.792..1071.561 rows=662825 loops=1)
              Filter: (kind_id = 1)
              Rows Removed by Filter: 1865487
Planning time: 0.760 ms
Execution time: 4104.971 ms
