Hash Join  (cost=94661.27..459504.90 rows=18771 width=0) (actual time=1788.973..9143.671 rows=18417 loops=1)
  Hash Cond: (mi.movie_id = t.id)
  ->  Seq Scan on movie_info mi  (cost=0.00..309384.22 rows=14739122 width=4) (actual time=0.016..4538.113 rows=14835720 loops=1)
  ->  Hash  (cost=94621.02..94621.02 rows=3220 width=8) (actual time=1771.148..1771.148 rows=2319 loops=1)
        Buckets: 4096  Batches: 1  Memory Usage: 123kB
        ->  Hash Join  (cost=67678.34..94621.02 rows=3220 width=8) (actual time=1164.305..1770.193 rows=2319 loops=1)
              Hash Cond: (mi_idx.movie_id = t.id)
              ->  Seq Scan on movie_info_idx mi_idx  (cost=0.00..21735.35 rows=1380035 width=4) (actual time=0.015..345.004 rows=1380035 loops=1)
              ->  Hash  (cost=67604.59..67604.59 rows=5900 width=4) (actual time=1163.986..1163.986 rows=2345 loops=1)
                    Buckets: 8192  Batches: 1  Memory Usage: 147kB
                    ->  Seq Scan on title t  (cost=0.00..67604.59 rows=5900 width=4) (actual time=299.715..1162.808 rows=2345 loops=1)
                          Filter: (production_year < 1898)
                          Rows Removed by Filter: 2525967
Planning time: 1.067 ms
Execution time: 9146.870 ms
