Seq Scan on movie_companies mc  (cost=0.00..57926.93 rows=235348 width=0) (actual time=1061.666..2423.656 rows=113371 loops=1)
  Filter: ((company_id < 394) AND (company_type_id = 2))
  Rows Removed by Filter: 2495758
Planning time: 0.383 ms
Execution time: 2449.424 ms
