Hash Join  (cost=98969.27..204474.96 rows=1972675 width=0) (actual time=1937.895..4981.467 rows=1688741 loops=1)
  Hash Cond: (mc.movie_id = t.id)
  ->  Seq Scan on movie_companies mc  (cost=0.00..44881.29 rows=2609129 width=4) (actual time=0.023..903.665 rows=2609129 loops=1)
  ->  Hash  (cost=67604.59..67604.59 rows=1911735 width=4) (actual time=1936.745..1936.745 rows=1903258 loops=1)
        Buckets: 131072  Batches: 32  Memory Usage: 3122kB
        ->  Seq Scan on title t  (cost=0.00..67604.59 rows=1911735 width=4) (actual time=0.010..1353.150 rows=1903258 loops=1)
              Filter: (production_year > 1982)
              Rows Removed by Filter: 625054
Planning time: 0.767 ms
Execution time: 5187.535 ms
