Hash Join  (cost=354008.73..1901897.90 rows=42997417 width=0) (actual time=8336.936..70447.260 rows=149918117 loops=1)
  Hash Cond: (ci.movie_id = t.id)
  ->  Seq Scan on cast_info ci  (cost=0.00..705507.15 rows=25860113 width=4) (actual time=0.023..15910.256 rows=25866204 loops=1)
        Filter: (person_id < 2673074)
        Rows Removed by Filter: 10378140
  ->  Hash  (cost=285033.69..285033.69 rows=4204163 width=8) (actual time=8334.594..8334.594 rows=4405743 loops=1)
        Buckets: 131072  Batches: 64  Memory Usage: 3742kB
        ->  Hash Join  (cost=106156.11..285033.69 rows=4204163 width=8) (actual time=2212.275..7179.398 rows=4405743 loops=1)
              Hash Cond: (mk.movie_id = t.id)
              ->  Seq Scan on movie_keyword mk  (cost=0.00..69693.30 rows=4523930 width=4) (actual time=0.007..1517.374 rows=4523930 loops=1)
              ->  Hash  (cost=67604.59..67604.59 rows=2349802 width=4) (actual time=2210.984..2210.984 rows=2343703 loops=1)
                    Buckets: 131072  Batches: 32  Memory Usage: 3612kB
                    ->  Seq Scan on title t  (cost=0.00..67604.59 rows=2349802 width=4) (actual time=2.115..1453.267 rows=2343703 loops=1)
                          Filter: (production_year > 1928)
                          Rows Removed by Filter: 184609
Planning time: 1.179 ms
Execution time: 86223.385 ms
