Hash Join  (cost=797181.21..1184002.35 rows=374131 width=0) (actual time=26832.331..51787.406 rows=401589 loops=1)
  Hash Cond: (mi.movie_id = t.id)
  ->  Seq Scan on movie_info mi  (cost=0.00..309384.22 rows=14739122 width=4) (actual time=0.017..18883.053 rows=14835720 loops=1)
  ->  Hash  (cost=796378.92..796378.92 rows=64183 width=8) (actual time=26830.301..26830.301 rows=63386 loops=1)
        Buckets: 65536  Batches: 1  Memory Usage: 2989kB
        ->  Hash Join  (cost=74406.67..796378.92 rows=64183 width=8) (actual time=1204.086..26801.223 rows=63386 loops=1)
              Hash Cond: (ci.movie_id = t.id)
              ->  Seq Scan on cast_info ci  (cost=0.00..705507.15 rows=4219539 width=4) (actual time=24.503..24218.249 rows=4085551 loops=1)
                    Filter: (person_id < 392944)
                    Rows Removed by Filter: 32158793
              ->  Hash  (cost=73925.90..73925.90 rows=38461 width=4) (actual time=1179.075..1179.075 rows=44913 loops=1)
                    Buckets: 65536  Batches: 1  Memory Usage: 2091kB
                    ->  Seq Scan on title t  (cost=0.00..73925.90 rows=38461 width=4) (actual time=0.032..1159.994 rows=44913 loops=1)
                          Filter: ((kind_id > 1) AND (production_year = 2000))
                          Rows Removed by Filter: 2483399
Planning time: 1.246 ms
Execution time: 51846.986 ms
