Hash Join  (cost=83074.74..470999.45 rows=1081 width=0) (actual time=3025.276..20333.780 rows=138915 loops=1)
  Hash Cond: (mi.movie_id = t.id)
  ->  Seq Scan on movie_info mi  (cost=0.00..346232.03 rows=11115165 width=4) (actual time=0.015..15142.017 rows=11210743 loops=1)
        Filter: (info_type_id > 3)
        Rows Removed by Filter: 3624977
  ->  Hash  (cost=83071.67..83071.67 rows=246 width=8) (actual time=3025.124..3025.124 rows=3278 loops=1)
        Buckets: 4096 (originally 1024)  Batches: 1 (originally 1)  Memory Usage: 161kB
        ->  Nested Loop  (cost=0.43..83071.67 rows=246 width=8) (actual time=8.971..3022.196 rows=3278 loops=1)
              ->  Seq Scan on movie_keyword mk  (cost=0.00..81003.12 rows=246 width=4) (actual time=8.894..2592.810 rows=3278 loops=1)
                    Filter: (keyword_id = 283)
                    Rows Removed by Filter: 4520652
              ->  Index Only Scan using title_pkey on title t  (cost=0.43..8.40 rows=1 width=4) (actual time=0.129..0.130 rows=1 loops=3278)
                    Index Cond: (id = mk.movie_id)
                    Heap Fetches: 3278
Planning time: 1.141 ms
Execution time: 20358.550 ms
