Hash Join  (cost=984693.92..1152704.05 rows=3312118 width=0) (actual time=45695.342..59709.022 rows=21970969 loops=1)
  Hash Cond: (mk.movie_id = t.id)
  ->  Seq Scan on movie_keyword mk  (cost=0.00..69693.30 rows=4523930 width=4) (actual time=0.012..4641.836 rows=4523930 loops=1)
  ->  Hash  (cost=954321.70..954321.70 rows=1851218 width=8) (actual time=45693.577..45693.577 rows=3832576 loops=1)
        Buckets: 131072 (originally 131072)  Batches: 64 (originally 32)  Memory Usage: 3430kB
        ->  Hash Join  (cost=104071.89..954321.70 rows=1851218 width=8) (actual time=21888.189..43972.306 rows=3832576 loops=1)
              Hash Cond: (ci.movie_id = t.id)
              ->  Seq Scan on cast_info ci  (cost=0.00..796071.18 rows=2105890 width=4) (actual time=16179.838..33572.411 rows=4268459 loops=1)
                    Filter: ((person_id < 571298) AND (role_id < 2))
                    Rows Removed by Filter: 31975885
              ->  Hash  (cost=67604.59..67604.59 rows=2222744 width=4) (actual time=5705.712..5705.712 rows=2214818 loops=1)
                    Buckets: 131072  Batches: 32  Memory Usage: 3459kB
                    ->  Seq Scan on title t  (cost=0.00..67604.59 rows=2222744 width=4) (actual time=0.027..4630.246 rows=2214818 loops=1)
                          Filter: (production_year > 1959)
                          Rows Removed by Filter: 313494
Planning time: 1.283 ms
Execution time: 62724.981 ms
