Hash Join  (cost=309874.40..1856917.41 rows=41145681 width=0) (actual time=15272.293..129437.049 rows=139137200 loops=1)
  Hash Cond: (ci.movie_id = t.id)
  ->  Seq Scan on cast_info ci  (cost=0.00..614943.12 rows=36225612 width=4) (actual time=0.020..45589.796 rows=36244344 loops=1)
  ->  Hash  (cost=262756.09..262756.09 rows=2871945 width=8) (actual time=15270.617..15270.617 rows=2858355 loops=1)
        Buckets: 131072  Batches: 64  Memory Usage: 2794kB
        ->  Hash Join  (cost=102767.86..262756.09 rows=2871945 width=8) (actual time=5675.278..14343.605 rows=2858355 loops=1)
              Hash Cond: (mk.movie_id = t.id)
              ->  Seq Scan on movie_keyword mk  (cost=0.00..81003.12 rows=2871945 width=4) (actual time=0.023..5243.762 rows=2858355 loops=1)
                    Filter: (keyword_id > 2553)
                    Rows Removed by Filter: 1665575
              ->  Hash  (cost=61283.27..61283.27 rows=2528527 width=4) (actual time=5674.113..5674.113 rows=2528312 loops=1)
                    Buckets: 131072  Batches: 64  Memory Usage: 2425kB
                    ->  Seq Scan on title t  (cost=0.00..61283.27 rows=2528527 width=4) (actual time=0.010..4423.088 rows=2528312 loops=1)
Planning time: 9.471 ms
Execution time: 149264.337 ms
