Hash Join  (cost=924577.97..1428760.90 rows=2284601 width=0) (actual time=36764.863..63180.199 rows=3663799 loops=1)
  Hash Cond: (mi.movie_id = t.id)
  ->  Seq Scan on movie_info mi  (cost=0.00..309384.22 rows=14739122 width=4) (actual time=0.013..16551.907 rows=14835720 loops=1)
  ->  Hash  (cost=918147.87..918147.87 rows=391928 width=8) (actual time=36763.839..36763.839 rows=125355 loops=1)
        Buckets: 131072  Batches: 8  Memory Usage: 1635kB
        ->  Hash Join  (cost=102767.86..918147.87 rows=391928 width=8) (actual time=29939.937..36724.784 rows=125355 loops=1)
              Hash Cond: (ci.movie_id = t.id)
              ->  Seq Scan on cast_info ci  (cost=0.00..796071.18 rows=391928 width=4) (actual time=24603.366..30874.119 rows=125355 loops=1)
                    Filter: ((person_id < 306947) AND (role_id = 10))
                    Rows Removed by Filter: 36118989
              ->  Hash  (cost=61283.27..61283.27 rows=2528527 width=4) (actual time=5335.626..5335.626 rows=2528312 loops=1)
                    Buckets: 131072  Batches: 64  Memory Usage: 2415kB
                    ->  Seq Scan on title t  (cost=0.00..61283.27 rows=2528527 width=4) (actual time=0.022..4256.218 rows=2528312 loops=1)
Planning time: 1.207 ms
Execution time: 63653.602 ms
