Hash Join  (cost=88511.65..229892.65 rows=1590596 width=0) (actual time=1571.664..5709.638 rows=3268510 loops=1)
  Hash Cond: (mk.movie_id = t.id)
  ->  Seq Scan on movie_keyword mk  (cost=0.00..69693.30 rows=4523930 width=4) (actual time=0.024..1447.693 rows=4523930 loops=1)
  ->  Hash  (cost=73925.90..73925.90 rows=889020 width=4) (actual time=1570.783..1570.783 rows=803883 loops=1)
        Buckets: 131072  Batches: 16  Memory Usage: 2801kB
        ->  Seq Scan on title t  (cost=0.00..73925.90 rows=889020 width=4) (actual time=0.027..1299.788 rows=803883 loops=1)
              Filter: ((kind_id < 7) AND (production_year > 1953))
              Rows Removed by Filter: 1724429
Planning time: 0.731 ms
Execution time: 6055.132 ms
