Hash Join  (cost=913460.42..1417505.12 rows=2271578 width=0) (actual time=44411.563..75976.932 rows=1238605 loops=1)
  Hash Cond: (mi.movie_id = t.id)
  ->  Seq Scan on movie_info mi  (cost=0.00..309384.22 rows=14739122 width=4) (actual time=0.012..20345.756 rows=14835720 loops=1)
  ->  Hash  (cost=907066.24..907066.24 rows=389694 width=8) (actual time=44410.458..44410.458 rows=411184 loops=1)
        Buckets: 131072  Batches: 8  Memory Usage: 3038kB
        ->  Hash Join  (cost=92883.59..907066.24 rows=389694 width=8) (actual time=12495.120..44271.122 rows=411184 loops=1)
              Hash Cond: (ci.movie_id = t.id)
              ->  Seq Scan on cast_info ci  (cost=0.00..796071.18 rows=639507 width=4) (actual time=7687.602..38198.704 rows=857785 loops=1)
                    Filter: ((person_id > 2324336) AND (role_id = 8))
                    Rows Removed by Filter: 35386559
              ->  Hash  (cost=67604.59..67604.59 rows=1540800 width=4) (actual time=4806.169..4806.169 rows=1543264 loops=1)
                    Buckets: 131072  Batches: 32  Memory Usage: 2722kB
                    ->  Seq Scan on title t  (cost=0.00..67604.59 rows=1540800 width=4) (actual time=0.027..4178.077 rows=1543264 loops=1)
                          Filter: (kind_id = 7)
                          Rows Removed by Filter: 985048
Planning time: 1.097 ms
Execution time: 76140.763 ms
