Seq Scan on cast_info ci  (cost=0.00..796071.18 rows=17495148 width=0) (actual time=11621.054..39080.099 rows=16264297 loops=1)
  Filter: ((person_id > 1586078) AND (role_id < 10))
  Rows Removed by Filter: 19980047
Planning time: 0.435 ms
Execution time: 41569.495 ms
