Seq Scan on title t  (cost=0.00..73925.90 rows=505112 width=0) (actual time=0.524..3529.861 rows=392485 loops=1)
  Filter: ((kind_id < 4) AND (production_year > 1998))
  Rows Removed by Filter: 2135827
Planning time: 0.304 ms
Execution time: 3585.990 ms
