Nested Loop  (cost=0.43..83072.29 rows=96 width=0) (actual time=16.183..3779.899 rows=480 loops=1)
  ->  Seq Scan on movie_keyword mk  (cost=0.00..81003.12 rows=246 width=4) (actual time=16.151..3672.227 rows=502 loops=1)
        Filter: (keyword_id = 3289)
        Rows Removed by Filter: 4523428
  ->  Index Scan using title_pkey on title t  (cost=0.43..8.40 rows=1 width=4) (actual time=0.209..0.212 rows=1 loops=502)
        Index Cond: (id = mk.movie_id)
        Filter: (kind_id < 7)
        Rows Removed by Filter: 0
Planning time: 0.748 ms
Execution time: 3780.329 ms
