Hash Join  (cost=287355.74..1792714.47 rows=37087848 width=0) (actual time=14253.017..115975.994 rows=142438088 loops=1)
  Hash Cond: (ci.movie_id = t.id)
  ->  Seq Scan on cast_info ci  (cost=0.00..614943.12 rows=36225612 width=4) (actual time=0.017..40659.499 rows=36244344 loops=1)
  ->  Hash  (cost=244883.85..244883.85 rows=2588711 width=8) (actual time=14250.594..14250.594 rows=3246881 loops=1)
        Buckets: 131072  Batches: 64  Memory Usage: 2994kB
        ->  Hash Join  (cost=91342.70..244883.85 rows=2588711 width=8) (actual time=4469.941..13221.532 rows=3246881 loops=1)
              Hash Cond: (mk.movie_id = t.id)
              ->  Seq Scan on movie_keyword mk  (cost=0.00..69693.30 rows=4523930 width=4) (actual time=0.018..5042.945 rows=4523930 loops=1)
              ->  Hash  (cost=67604.59..67604.59 rows=1446889 width=4) (actual time=4468.889..4468.889 rows=1443298 loops=1)
                    Buckets: 131072  Batches: 32  Memory Usage: 2616kB
                    ->  Seq Scan on title t  (cost=0.00..67604.59 rows=1446889 width=4) (actual time=0.013..3860.426 rows=1443298 loops=1)
                          Filter: (production_year < 2006)
                          Rows Removed by Filter: 1085014
Planning time: 10.105 ms
Execution time: 133826.880 ms
