Seq Scan on title t  (cost=0.00..67604.59 rows=7437 width=0) (actual time=709.698..3480.529 rows=3627 loops=1)
  Filter: (production_year = 1921)
  Rows Removed by Filter: 2524685
Planning time: 17.390 ms
Execution time: 3481.580 ms
