Seq Scan on movie_keyword mk  (cost=0.00..81003.12 rows=1143623 width=0) (actual time=0.026..2904.949 rows=1152420 loops=1)
  Filter: (keyword_id > 16158)
  Rows Removed by Filter: 3371510
Planning time: 0.335 ms
Execution time: 3076.459 ms
