Hash Join  (cost=81206.46..433706.75 rows=59749 width=0) (actual time=10128.362..17317.080 rows=94109 loops=1)
  Hash Cond: (mi.movie_id = t.id)
  ->  Seq Scan on movie_info mi  (cost=0.00..346232.03 rows=340474 width=4) (actual time=6980.174..13546.607 rows=328857 loops=1)
        Filter: (info_type_id = 98)
        Rows Removed by Filter: 14506863
  ->  Hash  (cost=73925.90..73925.90 rows=443724 width=4) (actual time=3147.009..3147.009 rows=536860 loops=1)
        Buckets: 131072  Batches: 8  Memory Usage: 3403kB
        ->  Seq Scan on title t  (cost=0.00..73925.90 rows=443724 width=4) (actual time=0.032..2948.029 rows=536860 loops=1)
              Filter: ((kind_id < 7) AND (production_year < 2002))
              Rows Removed by Filter: 1991452
Planning time: 0.785 ms
Execution time: 17328.695 ms
