Hash Join  (cost=165344.40..702165.19 rows=5343387 width=0) (actual time=8570.751..36757.718 rows=12242109 loops=1)
  Hash Cond: (mi.movie_id = t.id)
  ->  Seq Scan on movie_info mi  (cost=0.00..309384.22 rows=14739122 width=4) (actual time=0.008..16541.107 rows=14835720 loops=1)
  ->  Hash  (cost=150305.04..150305.04 rows=916669 width=8) (actual time=8569.622..8569.622 rows=855351 loops=1)
        Buckets: 131072  Batches: 16  Memory Usage: 3128kB
        ->  Hash Join  (cost=95159.82..150305.04 rows=916669 width=8) (actual time=5455.509..8318.490 rows=855351 loops=1)
              Hash Cond: (mi_idx.movie_id = t.id)
              ->  Seq Scan on movie_info_idx mi_idx  (cost=0.00..21735.35 rows=1380035 width=4) (actual time=0.019..1533.684 rows=1380035 loops=1)
              ->  Hash  (cost=67604.59..67604.59 rows=1679539 width=4) (actual time=5450.153..5450.153 rows=1673541 loops=1)
                    Buckets: 131072  Batches: 32  Memory Usage: 2866kB
                    ->  Seq Scan on title t  (cost=0.00..67604.59 rows=1679539 width=4) (actual time=0.035..4721.840 rows=1673541 loops=1)
                          Filter: (production_year > 1993)
                          Rows Removed by Filter: 854771
Planning time: 1.130 ms
Execution time: 38242.858 ms
