Seq Scan on title t  (cost=0.00..73925.90 rows=642428 width=0) (actual time=0.020..4171.414 rows=516249 loops=1)
  Filter: ((kind_id > 3) AND (production_year < 1999))
  Rows Removed by Filter: 2012063
Planning time: 0.331 ms
Execution time: 4245.619 ms
