Seq Scan on cast_info ci  (cost=0.00..705507.15 rows=500 width=0) (actual time=21304.878..32260.397 rows=12 loops=1)
  Filter: (person_id = 2892581)
  Rows Removed by Filter: 36244332
Planning time: 0.353 ms
Execution time: 32260.468 ms
