Hash Join  (cost=52284.99..803089.06 rows=1490 width=0) (actual time=2342.563..43327.607 rows=1576 loops=1)
  Hash Cond: (ci.movie_id = t.id)
  ->  Seq Scan on cast_info ci  (cost=0.00..614943.12 rows=36225612 width=4) (actual time=0.015..31813.763 rows=36244344 loops=1)
  ->  Hash  (cost=52283.69..52283.69 rows=104 width=8) (actual time=2329.492..2329.492 rows=71 loops=1)
        Buckets: 1024  Batches: 1  Memory Usage: 11kB
        ->  Nested Loop  (cost=0.43..52283.69 rows=104 width=8) (actual time=1325.643..2329.413 rows=71 loops=1)
              ->  Seq Scan on movie_companies mc  (cost=0.00..51404.11 rows=104 width=4) (actual time=1325.559..2325.547 rows=71 loops=1)
                    Filter: (company_id = 76707)
                    Rows Removed by Filter: 2609058
              ->  Index Only Scan using title_pkey on title t  (cost=0.43..8.45 rows=1 width=4) (actual time=0.051..0.052 rows=1 loops=71)
                    Index Cond: (id = mc.movie_id)
                    Heap Fetches: 71
Planning time: 1.283 ms
Execution time: 43328.615 ms
