Hash Join  (cost=76948.89..201536.94 rows=254108 width=0) (actual time=2916.700..8333.015 rows=37607 loops=1)
  Hash Cond: (mk.movie_id = t.id)
  ->  Seq Scan on movie_keyword mk  (cost=0.00..81003.12 rows=3487424 width=4) (actual time=0.021..3978.886 rows=3479050 loops=1)
        Filter: (keyword_id < 16986)
        Rows Removed by Filter: 1044880
  ->  Hash  (cost=73925.90..73925.90 rows=184239 width=4) (actual time=2910.740..2910.740 rows=60242 loops=1)
        Buckets: 131072  Batches: 4  Memory Usage: 1561kB
        ->  Seq Scan on title t  (cost=0.00..73925.90 rows=184239 width=4) (actual time=0.061..2883.448 rows=60242 loops=1)
              Filter: ((kind_id > 1) AND (production_year < 1961))
              Rows Removed by Filter: 2468070
Planning time: 0.719 ms
Execution time: 8338.912 ms
