Hash Join  (cost=187599.77..693572.57 rows=2452287 width=0) (actual time=9198.175..33833.601 rows=2912980 loops=1)
  Hash Cond: (mi.movie_id = t.id)
  ->  Seq Scan on movie_info mi  (cost=0.00..309384.22 rows=14739122 width=4) (actual time=0.016..16179.126 rows=14835720 loops=1)
  ->  Hash  (cost=180697.09..180697.09 rows=420695 width=8) (actual time=9197.247..9197.247 rows=237446 loops=1)
        Buckets: 131072  Batches: 8  Memory Usage: 2198kB
        ->  Hash Join  (cost=102767.86..180697.09 rows=420695 width=8) (actual time=6092.038..9119.164 rows=237446 loops=1)
              Hash Cond: (mc.movie_id = t.id)
              ->  Seq Scan on movie_companies mc  (cost=0.00..57926.93 rows=420695 width=4) (actual time=0.025..2372.666 rows=237446 loops=1)
                    Filter: ((company_id < 1925) AND (company_type_id > 1))
                    Rows Removed by Filter: 2371683
              ->  Hash  (cost=61283.27..61283.27 rows=2528527 width=4) (actual time=6090.863..6090.863 rows=2528312 loops=1)
                    Buckets: 131072  Batches: 64  Memory Usage: 2415kB
                    ->  Seq Scan on title t  (cost=0.00..61283.27 rows=2528527 width=4) (actual time=0.016..4430.193 rows=2528312 loops=1)
Planning time: 1.097 ms
Execution time: 34226.068 ms
