Hash Join  (cost=102767.86..1320613.92 rows=20881410 width=0) (actual time=11595.687..68905.721 rows=21013223 loops=1)
  Hash Cond: (ci.movie_id = t.id)
  ->  Seq Scan on cast_info ci  (cost=0.00..705507.15 rows=20881410 width=4) (actual time=7203.207..41352.706 rows=21013223 loops=1)
        Filter: (person_id > 1500161)
        Rows Removed by Filter: 15231121
  ->  Hash  (cost=61283.27..61283.27 rows=2528527 width=4) (actual time=4391.305..4391.305 rows=2528312 loops=1)
        Buckets: 131072  Batches: 64  Memory Usage: 2415kB
        ->  Seq Scan on title t  (cost=0.00..61283.27 rows=2528527 width=4) (actual time=0.024..3405.053 rows=2528312 loops=1)
Planning time: 0.695 ms
Execution time: 71626.521 ms
