Hash Join  (cost=205184.15..362125.08 rows=2094900 width=0) (actual time=11894.574..19947.951 rows=1422387 loops=1)
  Hash Cond: (mk.movie_id = t.id)
  ->  Seq Scan on movie_keyword mk  (cost=0.00..81003.12 rows=4343681 width=4) (actual time=0.021..4946.247 rows=4344937 loops=1)
        Filter: (keyword_id < 71696)
        Rows Removed by Filter: 178993
  ->  Hash  (cost=185176.72..185176.72 rows=1219475 width=8) (actual time=11889.159..11889.159 rows=585488 loops=1)
        Buckets: 131072  Batches: 16  Memory Usage: 2447kB
        ->  Hash Join  (cost=93315.44..185176.72 rows=1219475 width=8) (actual time=5424.440..11603.414 rows=585488 loops=1)
              Hash Cond: (mc.movie_id = t.id)
              ->  Seq Scan on movie_companies mc  (cost=0.00..44881.29 rows=2609129 width=4) (actual time=0.012..3343.451 rows=2609129 loops=1)
              ->  Hash  (cost=73925.90..73925.90 rows=1181803 width=4) (actual time=5423.219..5423.219 rows=1139957 loops=1)
                    Buckets: 131072  Batches: 16  Memory Usage: 3528kB
                    ->  Seq Scan on title t  (cost=0.00..73925.90 rows=1181803 width=4) (actual time=0.016..4815.052 rows=1139957 loops=1)
                          Filter: ((kind_id > 4) AND (production_year < 2010))
                          Rows Removed by Filter: 1388355
Planning time: 8.162 ms
Execution time: 20129.231 ms
