Hash Join  (cost=332149.64..1960203.31 rows=49031748 width=0) (actual time=15352.522..124875.159 rows=168144361 loops=1)
  Hash Cond: (ci.movie_id = t.id)
  ->  Seq Scan on cast_info ci  (cost=0.00..614943.12 rows=36225612 width=4) (actual time=0.019..40516.222 rows=36244344 loops=1)
  ->  Hash  (cost=276000.79..276000.79 rows=3422388 width=8) (actual time=15350.298..15350.298 rows=3414464 loops=1)
        Buckets: 131072  Batches: 64  Memory Usage: 3130kB
        ->  Hash Join  (cost=102767.86..276000.79 rows=3422388 width=8) (actual time=5088.422..14204.723 rows=3414464 loops=1)
              Hash Cond: (mk.movie_id = t.id)
              ->  Seq Scan on movie_keyword mk  (cost=0.00..81003.12 rows=3422388 width=4) (actual time=0.034..5438.745 rows=3414464 loops=1)
                    Filter: (keyword_id > 1135)
                    Rows Removed by Filter: 1109466
              ->  Hash  (cost=61283.27..61283.27 rows=2528527 width=4) (actual time=5086.458..5086.458 rows=2528312 loops=1)
                    Buckets: 131072  Batches: 64  Memory Usage: 2425kB
                    ->  Seq Scan on title t  (cost=0.00..61283.27 rows=2528527 width=4) (actual time=0.017..3931.225 rows=2528312 loops=1)
Planning time: 1.585 ms
Execution time: 145223.354 ms
