Nested Loop  (cost=0.43..138915.34 rows=8595 width=0) (actual time=0.352..3264.011 rows=8337 loops=1)
  ->  Seq Scan on movie_keyword mk  (cost=0.00..81003.12 rows=8595 width=4) (actual time=0.300..2555.646 rows=8337 loops=1)
        Filter: (keyword_id = 865)
        Rows Removed by Filter: 4515593
  ->  Index Only Scan using title_pkey on title t  (cost=0.43..6.73 rows=1 width=4) (actual time=0.084..0.084 rows=1 loops=8337)
        Index Cond: (id = mk.movie_id)
        Heap Fetches: 8337
Planning time: 2.353 ms
Execution time: 3266.583 ms
