Seq Scan on title t  (cost=0.00..73925.90 rows=5899 width=0) (actual time=0.164..3433.837 rows=5540 loops=1)
  Filter: ((kind_id = 2) AND (production_year = 2012))
  Rows Removed by Filter: 2522772
Planning time: 3.500 ms
Execution time: 3435.571 ms
