Hash Join  (cost=101993.94..854598.60 rows=181542 width=0) (actual time=5085.153..54664.493 rows=318273 loops=1)
  Hash Cond: (ci.movie_id = t.id)
  ->  Seq Scan on cast_info ci  (cost=0.00..614943.12 rows=36225612 width=4) (actual time=0.014..37074.669 rows=36244344 loops=1)
  ->  Hash  (cost=101835.54..101835.54 rows=12672 width=8) (actual time=5084.581..5084.581 rows=11005 loops=1)
        Buckets: 16384  Batches: 1  Memory Usage: 558kB
        ->  Hash Join  (cost=74794.72..101835.54 rows=12672 width=8) (actual time=3701.963..5079.590 rows=11005 loops=1)
              Hash Cond: (mi_idx.movie_id = t.id)
              ->  Seq Scan on movie_info_idx mi_idx  (cost=0.00..25185.44 rows=460978 width=4) (actual time=0.018..1192.028 rows=459925 loops=1)
                    Filter: (info_type_id < 100)
                    Rows Removed by Filter: 920110
              ->  Hash  (cost=73925.90..73925.90 rows=69505 width=4) (actual time=3701.008..3701.008 rows=69431 loops=1)
                    Buckets: 131072  Batches: 1  Memory Usage: 3465kB
                    ->  Seq Scan on title t  (cost=0.00..73925.90 rows=69505 width=4) (actual time=0.118..3670.836 rows=69431 loops=1)
                          Filter: ((kind_id < 3) AND (production_year > 2011))
                          Rows Removed by Filter: 2458881
Planning time: 1.191 ms
Execution time: 54746.959 ms
