Hash Join  (cost=365418.15..1965558.14 rows=45539472 width=0) (actual time=17620.899..128590.619 rows=149177868 loops=1)
  Hash Cond: (ci.movie_id = t.id)
  ->  Seq Scan on cast_info ci  (cost=0.00..705507.15 rows=25453043 width=4) (actual time=0.025..49382.326 rows=25469104 loops=1)
        Filter: (person_id < 2629519)
        Rows Removed by Filter: 10775240
  ->  Hash  (cost=291197.02..291197.02 rows=4523930 width=8) (actual time=17618.718..17618.718 rows=4523930 loops=1)
        Buckets: 131072  Batches: 64  Memory Usage: 3816kB
        ->  Hash Join  (cost=102767.86..291197.02 rows=4523930 width=8) (actual time=5748.861..16185.183 rows=4523930 loops=1)
              Hash Cond: (mk.movie_id = t.id)
              ->  Seq Scan on movie_keyword mk  (cost=0.00..69693.30 rows=4523930 width=4) (actual time=0.016..4504.565 rows=4523930 loops=1)
              ->  Hash  (cost=61283.27..61283.27 rows=2528527 width=4) (actual time=5743.892..5743.892 rows=2528312 loops=1)
                    Buckets: 131072  Batches: 64  Memory Usage: 2425kB
                    ->  Seq Scan on title t  (cost=0.00..61283.27 rows=2528527 width=4) (actual time=0.022..4633.877 rows=2528312 loops=1)
Planning time: 1.121 ms
Execution time: 148648.416 ms
