Hash Join  (cost=902726.68..1013156.33 rows=152386 width=0) (actual time=42850.602..44987.230 rows=53132 loops=1)
  Hash Cond: (mk.movie_id = t.id)
  ->  Seq Scan on movie_keyword mk  (cost=0.00..81003.12 rows=2357776 width=4) (actual time=0.022..4822.160 rows=2354126 loops=1)
        Filter: (keyword_id > 4199)
        Rows Removed by Filter: 2169804
  ->  Hash  (cost=900044.91..900044.91 rows=163422 width=8) (actual time=39077.431..39077.431 rows=46601 loops=1)
        Buckets: 131072  Batches: 4  Memory Usage: 1487kB
        ->  Hash Join  (cost=92883.59..900044.91 rows=163422 width=8) (actual time=25522.150..39062.185 rows=46601 loops=1)
              Hash Cond: (ci.movie_id = t.id)
              ->  Seq Scan on cast_info ci  (cost=0.00..796071.18 rows=268184 width=4) (actual time=21928.004..35164.579 rows=92021 loops=1)
                    Filter: ((person_id < 2839591) AND (role_id > 10))
                    Rows Removed by Filter: 36152323
              ->  Hash  (cost=67604.59..67604.59 rows=1540800 width=4) (actual time=3592.851..3592.851 rows=1543264 loops=1)
                    Buckets: 131072  Batches: 32  Memory Usage: 2722kB
                    ->  Seq Scan on title t  (cost=0.00..67604.59 rows=1540800 width=4) (actual time=0.028..3055.729 rows=1543264 loops=1)
                          Filter: (kind_id = 7)
                          Rows Removed by Filter: 985048
Planning time: 1.205 ms
Execution time: 44993.822 ms
