Nested Loop  (cost=0.43..83072.90 rows=101 width=0) (actual time=79.362..3408.554 rows=50 loops=1)
  ->  Seq Scan on movie_keyword mk  (cost=0.00..81003.12 rows=246 width=4) (actual time=79.288..3379.786 rows=127 loops=1)
        Filter: (keyword_id = 20802)
        Rows Removed by Filter: 4523803
  ->  Index Scan using title_pkey on title t  (cost=0.43..8.40 rows=1 width=4) (actual time=0.222..0.222 rows=0 loops=127)
        Index Cond: (id = mk.movie_id)
        Filter: ((kind_id > 2) AND (production_year > 1998))
        Rows Removed by Filter: 1
Planning time: 2.766 ms
Execution time: 3408.702 ms
