Seq Scan on movie_companies mc  (cost=0.00..51404.11 rows=140741 width=0) (actual time=1093.185..2231.039 rows=139797 loops=1)
  Filter: (company_id > 136463)
  Rows Removed by Filter: 2469332
Planning time: 0.293 ms
Execution time: 2255.404 ms
