Hash Join  (cost=97285.43..665648.68 rows=8299532 width=0) (actual time=5479.853..38980.701 rows=3937344 loops=1)
  Hash Cond: (mi.movie_id = t.id)
  ->  Seq Scan on movie_info mi  (cost=0.00..309384.22 rows=14739122 width=4) (actual time=0.016..22501.329 rows=14835720 loops=1)
  ->  Hash  (cost=73925.90..73925.90 rows=1423802 width=4) (actual time=5478.887..5478.887 rows=1478437 loops=1)
        Buckets: 131072  Batches: 32  Memory Usage: 2656kB
        ->  Seq Scan on title t  (cost=0.00..73925.90 rows=1423802 width=4) (actual time=678.307..4784.779 rows=1478437 loops=1)
              Filter: ((production_year > 1934) AND (kind_id = 7))
              Rows Removed by Filter: 1049875
Planning time: 0.690 ms
Execution time: 39540.139 ms
