Hash Join  (cost=194761.10..333304.65 rows=1357651 width=0) (actual time=12023.903..21619.133 rows=8135446 loops=1)
  Hash Cond: (mk.movie_id = t.id)
  ->  Seq Scan on movie_keyword mk  (cost=0.00..69693.30 rows=4523930 width=4) (actual time=5.947..5074.487 rows=4523930 loops=1)
  ->  Hash  (cost=182310.83..182310.83 rows=758822 width=8) (actual time=12016.601..12016.601 rows=753159 loops=1)
        Buckets: 131072  Batches: 16  Memory Usage: 2882kB
        ->  Hash Join  (cost=102767.86..182310.83 rows=758822 width=8) (actual time=5911.534..11768.986 rows=753159 loops=1)
              Hash Cond: (mc.movie_id = t.id)
              ->  Seq Scan on movie_companies mc  (cost=0.00..51404.11 rows=758822 width=4) (actual time=0.031..3319.763 rows=753159 loops=1)
                    Filter: (company_id < 1476)
                    Rows Removed by Filter: 1855970
              ->  Hash  (cost=61283.27..61283.27 rows=2528527 width=4) (actual time=5909.136..5909.136 rows=2528312 loops=1)
                    Buckets: 131072  Batches: 64  Memory Usage: 2415kB
                    ->  Seq Scan on title t  (cost=0.00..61283.27 rows=2528527 width=4) (actual time=0.013..4652.677 rows=2528312 loops=1)
Planning time: 1.053 ms
Execution time: 22670.961 ms
