Hash Join  (cost=242464.09..1565555.25 rows=19440701 width=0) (actual time=13198.427..106808.055 rows=36569330 loops=1)
  Hash Cond: (ci.movie_id = t.id)
  ->  Seq Scan on cast_info ci  (cost=0.00..796071.18 rows=25369193 width=4) (actual time=0.036..58749.919 rows=25180848 loops=1)
        Filter: ((person_id > 387591) AND (role_id < 8))
        Rows Removed by Filter: 11063496
  ->  Hash  (cost=210674.60..210674.60 rows=1937639 width=8) (actual time=13197.182..13197.182 rows=1944538 loops=1)
        Buckets: 131072  Batches: 32  Memory Usage: 3378kB
        ->  Hash Join  (cost=102767.86..210674.60 rows=1937639 width=8) (actual time=5515.968..12522.842 rows=1944538 loops=1)
              Hash Cond: (mc.movie_id = t.id)
              ->  Seq Scan on movie_companies mc  (cost=0.00..51404.11 rows=1937639 width=4) (actual time=0.023..4075.528 rows=1944538 loops=1)
                    Filter: (company_id > 1005)
                    Rows Removed by Filter: 664591
              ->  Hash  (cost=61283.27..61283.27 rows=2528527 width=4) (actual time=5515.173..5515.173 rows=2528312 loops=1)
                    Buckets: 131072  Batches: 64  Memory Usage: 2415kB
                    ->  Seq Scan on title t  (cost=0.00..61283.27 rows=2528527 width=4) (actual time=0.013..4115.798 rows=2528312 loops=1)
Planning time: 1.135 ms
Execution time: 112227.639 ms
