Hash Join  (cost=73950.44..100871.63 rows=1071 width=0) (actual time=1315.323..1718.305 rows=4438 loops=1)
  Hash Cond: (mi_idx.movie_id = t.id)
  ->  Seq Scan on movie_info_idx mi_idx  (cost=0.00..21735.35 rows=1380035 width=4) (actual time=0.014..318.008 rows=1380035 loops=1)
  ->  Hash  (cost=73925.90..73925.90 rows=1963 width=4) (actual time=1121.951..1121.951 rows=3753 loops=1)
        Buckets: 4096 (originally 2048)  Batches: 1 (originally 1)  Memory Usage: 164kB
        ->  Seq Scan on title t  (cost=0.00..73925.90 rows=1963 width=4) (actual time=552.232..1120.154 rows=3753 loops=1)
              Filter: ((kind_id = 1) AND (production_year = 1965))
              Rows Removed by Filter: 2524559
Planning time: 0.770 ms
Execution time: 1719.115 ms
