Seq Scan on movie_keyword mk  (cost=0.00..81003.12 rows=246 width=0) (actual time=29.414..1304.665 rows=81 loops=1)
  Filter: (keyword_id = 6152)
  Rows Removed by Filter: 4523849
Planning time: 0.386 ms
Execution time: 1304.813 ms
