Hash Join  (cost=79422.14..1151970.74 rows=3759666 width=0) (actual time=1374.080..30551.344 rows=1853271 loops=1)
  Hash Cond: (ci.movie_id = t.id)
  ->  Seq Scan on cast_info ci  (cost=0.00..705507.15 rows=28379144 width=4) (actual time=0.043..16571.571 rows=28531704 loops=1)
        Filter: (role_id < 7)
        Rows Removed by Filter: 7712640
  ->  Hash  (cost=73925.90..73925.90 rows=334979 width=4) (actual time=1372.973..1372.973 rows=198988 loops=1)
        Buckets: 131072  Batches: 8  Memory Usage: 1894kB
        ->  Seq Scan on title t  (cost=0.00..73925.90 rows=334979 width=4) (actual time=0.028..1302.871 rows=198988 loops=1)
              Filter: ((kind_id > 1) AND (production_year < 1976))
              Rows Removed by Filter: 2329324
Planning time: 1.050 ms
Execution time: 30768.064 ms
