Hash Join  (cost=67697.55..126197.74 rows=5522 width=0) (actual time=3099.738..6427.760 rows=11919 loops=1)
  Hash Cond: (mc.movie_id = t.id)
  ->  Seq Scan on movie_companies mc  (cost=0.00..51404.11 rows=1877561 width=4) (actual time=0.026..2841.395 rows=1883116 loops=1)
        Filter: (company_id > 1408)
        Rows Removed by Filter: 726013
  ->  Hash  (cost=67604.59..67604.59 rows=7437 width=4) (actual time=3099.603..3099.603 rows=14456 loops=1)
        Buckets: 16384 (originally 8192)  Batches: 1 (originally 1)  Memory Usage: 637kB
        ->  Seq Scan on title t  (cost=0.00..67604.59 rows=7437 width=4) (actual time=0.140..3092.394 rows=14456 loops=1)
              Filter: (production_year = 1981)
              Rows Removed by Filter: 2513856
Planning time: 26.908 ms
Execution time: 6430.119 ms
