Hash Join  (cost=83074.74..447745.01 rows=1434 width=0) (actual time=3563.286..19176.377 rows=8067 loops=1)
  Hash Cond: (mi.movie_id = t.id)
  ->  Seq Scan on movie_info mi  (cost=0.00..309384.22 rows=14739122 width=4) (actual time=0.012..12554.866 rows=14835720 loops=1)
  ->  Hash  (cost=83071.67..83071.67 rows=246 width=8) (actual time=3563.124..3563.124 rows=195 loops=1)
        Buckets: 1024  Batches: 1  Memory Usage: 16kB
        ->  Nested Loop  (cost=0.43..83071.67 rows=246 width=8) (actual time=21.576..3562.769 rows=195 loops=1)
              ->  Seq Scan on movie_keyword mk  (cost=0.00..81003.12 rows=246 width=4) (actual time=21.489..3528.899 rows=195 loops=1)
                    Filter: (keyword_id = 4433)
                    Rows Removed by Filter: 4523735
              ->  Index Only Scan using title_pkey on title t  (cost=0.43..8.40 rows=1 width=4) (actual time=0.168..0.168 rows=1 loops=195)
                    Index Cond: (id = mk.movie_id)
                    Heap Fetches: 195
Planning time: 1.218 ms
Execution time: 19178.486 ms
