Nested Loop  (cost=0.43..52283.69 rows=104 width=0) (actual time=92.344..727.002 rows=4 loops=1)
  ->  Seq Scan on movie_companies mc  (cost=0.00..51404.11 rows=104 width=4) (actual time=92.240..726.791 rows=4 loops=1)
        Filter: (company_id = 168292)
        Rows Removed by Filter: 2609125
  ->  Index Only Scan using title_pkey on title t  (cost=0.43..8.45 rows=1 width=4) (actual time=0.047..0.048 rows=1 loops=4)
        Index Cond: (id = mc.movie_id)
        Heap Fetches: 4
Planning time: 4.385 ms
Execution time: 727.088 ms
