Hash Join  (cost=166637.47..532883.33 rows=261117 width=0) (actual time=7301.808..10358.587 rows=2867681 loops=1)
  Hash Cond: (mi.movie_id = t.id)
  ->  Seq Scan on movie_info mi  (cost=0.00..346232.03 rows=1338312 width=4) (actual time=3523.991..5037.947 rows=1401902 loops=1)
        Filter: (info_type_id = 7)
        Rows Removed by Filter: 13433818
  ->  Hash  (cost=158542.73..158542.73 rows=493339 width=8) (actual time=3776.937..3776.937 rows=940676 loops=1)
        Buckets: 131072 (originally 131072)  Batches: 16 (originally 8)  Memory Usage: 3388kB
        ->  Hash Join  (cost=83600.04..158542.73 rows=493339 width=8) (actual time=1607.430..3523.119 rows=940676 loops=1)
              Hash Cond: (mc.movie_id = t.id)
              ->  Seq Scan on movie_companies mc  (cost=0.00..51404.11 rows=1279517 width=4) (actual time=159.986..1038.213 rows=1274246 loops=1)
                    Filter: (company_type_id < 2)
                    Rows Removed by Filter: 1334883
              ->  Hash  (cost=67604.59..67604.59 rows=974916 width=4) (actual time=1446.623..1446.623 rows=972448 loops=1)
                    Buckets: 131072  Batches: 16  Memory Usage: 3160kB
                    ->  Seq Scan on title t  (cost=0.00..67604.59 rows=974916 width=4) (actual time=0.026..1136.429 rows=972448 loops=1)
                          Filter: (kind_id < 6)
                          Rows Removed by Filter: 1555864
Planning time: 1.251 ms
Execution time: 10693.966 ms
