Hash Join  (cost=160941.44..1238370.15 rows=4246754 width=0) (actual time=9430.187..77766.218 rows=6434482 loops=1)
  Hash Cond: (ci.movie_id = t.id)
  ->  Seq Scan on cast_info ci  (cost=0.00..614943.12 rows=36225612 width=4) (actual time=0.012..43344.487 rows=36244344 loops=1)
  ->  Hash  (cost=156078.18..156078.18 rows=296421 width=8) (actual time=9429.346..9429.346 rows=149734 loops=1)
        Buckets: 131072  Batches: 4  Memory Usage: 2477kB
        ->  Hash Join  (cost=81821.64..156078.18 rows=296421 width=8) (actual time=4393.862..9335.685 rows=149734 loops=1)
              Hash Cond: (mc.movie_id = t.id)
              ->  Seq Scan on movie_companies mc  (cost=0.00..51404.11 rows=1557391 width=4) (actual time=0.027..3475.895 rows=1546798 loops=1)
                    Filter: (company_id < 14695)
                    Rows Removed by Filter: 1062331
              ->  Hash  (cost=73925.90..73925.90 rows=481259 width=4) (actual time=4275.108..4275.108 rows=518327 loops=1)
                    Buckets: 131072  Batches: 8  Memory Usage: 3301kB
                    ->  Seq Scan on title t  (cost=0.00..73925.90 rows=481259 width=4) (actual time=151.863..4061.070 rows=518327 loops=1)
                          Filter: ((production_year > 2007) AND (kind_id = 7))
                          Rows Removed by Filter: 2009985
Planning time: 1.503 ms
Execution time: 78710.770 ms
