Seq Scan on movie_keyword mk  (cost=0.00..81003.12 rows=246 width=0) (actual time=0.073..1212.242 rows=325 loops=1)
  Filter: (keyword_id = 10582)
  Rows Removed by Filter: 4523605
Planning time: 0.444 ms
Execution time: 1212.546 ms
