Hash Join  (cost=278888.54..1447288.75 rows=18359252 width=0) (actual time=5950.291..35132.225 rows=18919784 loops=1)
  Hash Cond: (ci.movie_id = t.id)
  ->  Seq Scan on cast_info ci  (cost=0.00..705507.15 rows=21129111 width=4) (actual time=0.019..14879.467 rows=21267913 loops=1)
        Filter: (person_id > 1477844)
        Rows Removed by Filter: 14976431
  ->  Hash  (cost=242842.33..242842.33 rows=2197057 width=8) (actual time=5948.875..5948.875 rows=1225880 loops=1)
        Buckets: 131072  Batches: 32  Memory Usage: 2486kB
        ->  Hash Join  (cost=94072.72..242842.33 rows=2197057 width=8) (actual time=1853.950..5648.182 rows=1225880 loops=1)
              Hash Cond: (mk.movie_id = t.id)
              ->  Seq Scan on movie_keyword mk  (cost=0.00..69693.30 rows=4523930 width=4) (actual time=0.035..1481.517 rows=4523930 loops=1)
              ->  Hash  (cost=73925.90..73925.90 rows=1227985 width=4) (actual time=1852.168..1852.168 rows=1197374 loops=1)
                    Buckets: 131072  Batches: 32  Memory Usage: 2346kB
                    ->  Seq Scan on title t  (cost=0.00..73925.90 rows=1227985 width=4) (actual time=0.016..1462.836 rows=1197374 loops=1)
                          Filter: ((kind_id > 1) AND (production_year < 2008))
                          Rows Removed by Filter: 1330938
Planning time: 1.495 ms
Execution time: 37229.600 ms
