Hash Join  (cost=1261304.73..2430401.84 rows=50786596 width=0) (actual time=22510.059..56632.473 rows=56025499 loops=1)
  Hash Cond: (mi.movie_id = t.id)
  ->  Seq Scan on movie_info mi  (cost=0.00..309384.22 rows=14739122 width=4) (actual time=0.020..6222.872 rows=14835720 loops=1)
  ->  Hash  (cost=1118363.91..1118363.91 rows=8712546 width=8) (actual time=22509.142..22509.142 rows=4502866 loops=1)
        Buckets: 131072  Batches: 128  Memory Usage: 2455kB
        ->  Hash Join  (cost=102767.86..1118363.91 rows=8712546 width=8) (actual time=7128.681..21110.379 rows=4502866 loops=1)
              Hash Cond: (ci.movie_id = t.id)
              ->  Seq Scan on cast_info ci  (cost=0.00..796071.18 rows=8712546 width=4) (actual time=5366.489..14836.549 rows=4502866 loops=1)
                    Filter: ((person_id > 1113191) AND (role_id = 1))
                    Rows Removed by Filter: 31741478
              ->  Hash  (cost=61283.27..61283.27 rows=2528527 width=4) (actual time=1760.385..1760.385 rows=2528312 loops=1)
                    Buckets: 131072  Batches: 64  Memory Usage: 2415kB
                    ->  Seq Scan on title t  (cost=0.00..61283.27 rows=2528527 width=4) (actual time=0.013..948.129 rows=2528312 loops=1)
Planning time: 1.189 ms
Execution time: 62674.955 ms
