Seq Scan on movie_keyword mk  (cost=0.00..81003.12 rows=1305887 width=0) (actual time=0.011..1049.566 rows=1318514 loops=1)
  Filter: (keyword_id > 13203)
  Rows Removed by Filter: 3205416
Planning time: 0.210 ms
Execution time: 1184.076 ms
