Hash Join  (cost=160823.02..958055.81 rows=116168 width=0) (actual time=3120.245..19295.376 rows=147519 loops=1)
  Hash Cond: (ci.movie_id = t.id)
  ->  Seq Scan on cast_info ci  (cost=0.00..614943.12 rows=36225612 width=4) (actual time=0.013..9003.788 rows=36244344 loops=1)
  ->  Hash  (cost=160721.67..160721.67 rows=8108 width=8) (actual time=3119.511..3119.511 rows=5374 loops=1)
        Buckets: 8192  Batches: 1  Memory Usage: 274kB
        ->  Hash Join  (cost=73982.55..160721.67 rows=8108 width=8) (actual time=1260.860..3117.555 rows=5374 loops=1)
              Hash Cond: (mk.movie_id = t.id)
              ->  Seq Scan on movie_keyword mk  (cost=0.00..69693.30 rows=4523930 width=4) (actual time=0.028..1012.307 rows=4523930 loops=1)
              ->  Hash  (cost=73925.90..73925.90 rows=4532 width=4) (actual time=1259.317..1259.317 rows=11588 loops=1)
                    Buckets: 16384 (originally 8192)  Batches: 1 (originally 1)  Memory Usage: 536kB
                    ->  Seq Scan on title t  (cost=0.00..73925.90 rows=4532 width=4) (actual time=0.041..1253.819 rows=11588 loops=1)
                          Filter: ((kind_id = 7) AND (production_year = 1986))
                          Rows Removed by Filter: 2516724
Planning time: 1.212 ms
Execution time: 19316.081 ms
