Hash Join  (cost=160250.35..655270.98 rows=1425870 width=0) (actual time=9060.818..44937.141 rows=17798593 loops=1)
  Hash Cond: (mi.movie_id = t.id)
  ->  Seq Scan on movie_info mi  (cost=0.00..309384.22 rows=14739122 width=4) (actual time=0.015..20980.731 rows=14835720 loops=1)
  ->  Hash  (cost=156236.71..156236.71 rows=244611 width=8) (actual time=9060.048..9060.048 rows=714534 loops=1)
        Buckets: 131072 (originally 131072)  Batches: 8 (originally 4)  Memory Usage: 4571kB
        ->  Hash Join  (cost=77815.08..156236.71 rows=244611 width=8) (actual time=3775.512..8793.508 rows=714534 loops=1)
              Hash Cond: (mc.movie_id = t.id)
              ->  Seq Scan on movie_companies mc  (cost=0.00..44881.29 rows=2609129 width=4) (actual time=0.021..3116.415 rows=2609129 loops=1)
              ->  Hash  (cost=73925.90..73925.90 rows=237054 width=4) (actual time=3774.668..3774.668 rows=349645 loops=1)
                    Buckets: 131072 (originally 131072)  Batches: 8 (originally 4)  Memory Usage: 3073kB
                    ->  Seq Scan on title t  (cost=0.00..73925.90 rows=237054 width=4) (actual time=0.028..3578.407 rows=349645 loops=1)
                          Filter: ((kind_id < 7) AND (production_year < 1986))
                          Rows Removed by Filter: 2178667
Planning time: 1.724 ms
Execution time: 47425.979 ms
