Seq Scan on movie_keyword mk  (cost=0.00..81003.12 rows=2395330 width=0) (actual time=0.025..1424.752 rows=2389057 loops=1)
  Filter: (keyword_id > 3945)
  Rows Removed by Filter: 2134873
Planning time: 0.333 ms
Execution time: 1714.364 ms
