Seq Scan on movie_keyword mk  (cost=0.00..81003.12 rows=246 width=0) (actual time=28.019..1319.063 rows=93 loops=1)
  Filter: (keyword_id = 21320)
  Rows Removed by Filter: 4523837
Planning time: 0.384 ms
Execution time: 1319.234 ms
