Hash Join  (cost=200285.33..745626.04 rows=6141878 width=0) (actual time=4287.250..18042.152 rows=2198811 loops=1)
  Hash Cond: (mi.movie_id = t.id)
  ->  Seq Scan on movie_info mi  (cost=0.00..309384.22 rows=14739122 width=4) (actual time=0.015..6452.677 rows=14835720 loops=1)
  ->  Hash  (cost=182998.68..182998.68 rows=1053652 width=8) (actual time=4245.087..4245.087 rows=293515 loops=1)
        Buckets: 131072  Batches: 16  Memory Usage: 1735kB
        ->  Hash Join  (cost=92883.59..182998.68 rows=1053652 width=8) (actual time=1970.048..4154.968 rows=293515 loops=1)
              Hash Cond: (mc.movie_id = t.id)
              ->  Seq Scan on movie_companies mc  (cost=0.00..51404.11 rows=1729093 width=4) (actual time=0.015..1121.186 rows=1734502 loops=1)
                    Filter: (company_id > 2561)
                    Rows Removed by Filter: 874627
              ->  Hash  (cost=67604.59..67604.59 rows=1540800 width=4) (actual time=1862.612..1862.612 rows=1543264 loops=1)
                    Buckets: 131072  Batches: 32  Memory Usage: 2722kB
                    ->  Seq Scan on title t  (cost=0.00..67604.59 rows=1540800 width=4) (actual time=0.008..1373.138 rows=1543264 loops=1)
                          Filter: (kind_id = 7)
                          Rows Removed by Filter: 985048
Planning time: 1.205 ms
Execution time: 18303.417 ms
