Hash Join  (cost=91959.31..967948.71 rows=2496001 width=0) (actual time=4644.247..22076.024 rows=3208993 loops=1)
  Hash Cond: (ci.movie_id = t.id)
  ->  Seq Scan on cast_info ci  (cost=0.00..796071.18 rows=4251522 width=4) (actual time=2767.302..17025.505 rows=4306746 loops=1)
        Filter: ((person_id > 53697) AND (role_id = 10))
        Rows Removed by Filter: 31937598
  ->  Hash  (cost=67604.59..67604.59 rows=1484458 width=4) (actual time=1874.437..1874.437 rows=1485030 loops=1)
        Buckets: 131072  Batches: 32  Memory Usage: 2655kB
        ->  Seq Scan on title t  (cost=0.00..67604.59 rows=1484458 width=4) (actual time=0.026..1388.481 rows=1485030 loops=1)
              Filter: (production_year > 1998)
              Rows Removed by Filter: 1043282
Planning time: 0.781 ms
Execution time: 22387.933 ms
