Hash Join  (cost=86221.37..151604.18 rows=92345 width=0) (actual time=1740.892..2836.159 rows=146311 loops=1)
  Hash Cond: (mc.movie_id = t.id)
  ->  Seq Scan on movie_companies mc  (cost=0.00..57926.93 rows=311581 width=4) (actual time=177.614..943.540 rows=452965 loops=1)
        Filter: ((company_id < 828) AND (company_type_id < 2))
        Rows Removed by Filter: 2156164
  ->  Hash  (cost=73925.90..73925.90 rows=749397 width=4) (actual time=1561.966..1561.966 rows=638661 loops=1)
        Buckets: 131072  Batches: 16  Memory Usage: 2427kB
        ->  Seq Scan on title t  (cost=0.00..73925.90 rows=749397 width=4) (actual time=0.034..1357.739 rows=638661 loops=1)
              Filter: ((kind_id > 3) AND (production_year < 2002))
              Rows Removed by Filter: 1889651
Planning time: 0.752 ms
Execution time: 2852.758 ms
