Hash Join  (cost=102767.86..231067.65 rows=1554995 width=0) (actual time=5692.868..12161.544 rows=1571879 loops=1)
  Hash Cond: (mk.movie_id = t.id)
  ->  Seq Scan on movie_keyword mk  (cost=0.00..81003.12 rows=1554995 width=4) (actual time=0.026..4606.584 rows=1571879 loops=1)
        Filter: (keyword_id > 9979)
        Rows Removed by Filter: 2952051
  ->  Hash  (cost=61283.27..61283.27 rows=2528527 width=4) (actual time=5690.789..5690.789 rows=2528312 loops=1)
        Buckets: 131072  Batches: 64  Memory Usage: 2425kB
        ->  Seq Scan on title t  (cost=0.00..61283.27 rows=2528527 width=4) (actual time=0.019..4530.065 rows=2528312 loops=1)
Planning time: 21.832 ms
Execution time: 12368.269 ms
