Hash Join  (cost=211469.99..806842.35 rows=8224825 width=0) (actual time=5428.443..30449.858 rows=46311451 loops=1)
  Hash Cond: (mi.movie_id = t.id)
  ->  Seq Scan on movie_info mi  (cost=0.00..346232.03 rows=13929354 width=4) (actual time=0.025..7694.676 rows=14033580 loops=1)
        Filter: (info_type_id > 1)
        Rows Removed by Filter: 802140
  ->  Hash  (cost=186974.34..186974.34 rows=1493012 width=8) (actual time=5427.355..5427.355 rows=1754914 loops=1)
        Buckets: 131072  Batches: 32  Memory Usage: 3215kB
        ->  Hash Join  (cost=91342.70..186974.34 rows=1493012 width=8) (actual time=1890.334..4923.308 rows=1754914 loops=1)
              Hash Cond: (mc.movie_id = t.id)
              ->  Seq Scan on movie_companies mc  (cost=0.00..44881.29 rows=2609129 width=4) (actual time=0.031..984.598 rows=2609129 loops=1)
              ->  Hash  (cost=67604.59..67604.59 rows=1446889 width=4) (actual time=1889.469..1889.469 rows=1443298 loops=1)
                    Buckets: 131072  Batches: 32  Memory Usage: 2608kB
                    ->  Seq Scan on title t  (cost=0.00..67604.59 rows=1446889 width=4) (actual time=0.024..1413.660 rows=1443298 loops=1)
                          Filter: (production_year < 2006)
                          Rows Removed by Filter: 1085014
Planning time: 3.945 ms
Execution time: 35282.928 ms
