Hash Join  (cost=447293.72..573818.83 rows=371207 width=0) (actual time=7760.833..12983.730 rows=6338498 loops=1)
  Hash Cond: (mk.movie_id = t.id)
  ->  Seq Scan on movie_keyword mk  (cost=0.00..69693.30 rows=4523930 width=4) (actual time=0.020..1499.697 rows=4523930 loops=1)
  ->  Hash  (cost=443889.27..443889.27 rows=207476 width=8) (actual time=7760.140..7760.140 rows=137395 loops=1)
        Buckets: 131072  Batches: 4  Memory Usage: 2359kB
        ->  Hash Join  (cost=85777.42..443889.27 rows=207476 width=8) (actual time=4801.310..7725.254 rows=137395 loops=1)
              Hash Cond: (mi.movie_id = t.id)
              ->  Seq Scan on movie_info mi  (cost=0.00..346232.03 rows=473617 width=4) (actual time=3066.174..5608.825 rows=486554 loops=1)
                    Filter: (info_type_id = 5)
                    Rows Removed by Filter: 14349166
              ->  Hash  (cost=67604.59..67604.59 rows=1107667 width=4) (actual time=1733.964..1733.964 rows=1107925 loops=1)
                    Buckets: 131072  Batches: 16  Memory Usage: 3466kB
                    ->  Seq Scan on title t  (cost=0.00..67604.59 rows=1107667 width=4) (actual time=0.030..1358.155 rows=1107925 loops=1)
                          Filter: (production_year > 2004)
                          Rows Removed by Filter: 1420387
Planning time: 1.114 ms
Execution time: 13701.384 ms
