Hash Join  (cost=102767.86..190558.63 rows=830513 width=0) (actual time=2767.396..4504.334 rows=624785 loops=1)
  Hash Cond: (mc.movie_id = t.id)
  ->  Seq Scan on movie_companies mc  (cost=0.00..57926.93 rows=830513 width=4) (actual time=349.509..1137.085 rows=624785 loops=1)
        Filter: ((company_id > 3117) AND (company_type_id < 2))
        Rows Removed by Filter: 1984344
  ->  Hash  (cost=61283.27..61283.27 rows=2528527 width=4) (actual time=2415.829..2415.829 rows=2528312 loops=1)
        Buckets: 131072  Batches: 64  Memory Usage: 2415kB
        ->  Seq Scan on title t  (cost=0.00..61283.27 rows=2528527 width=4) (actual time=0.027..982.981 rows=2528312 loops=1)
Planning time: 2.348 ms
Execution time: 4580.552 ms
