Seq Scan on movie_companies mc  (cost=0.00..57926.93 rows=51 width=0) (actual time=164.775..983.486 rows=2 loops=1)
  Filter: ((company_type_id < 2) AND (company_id = 63200))
  Rows Removed by Filter: 2609127
Planning time: 0.352 ms
Execution time: 983.581 ms
