Seq Scan on cast_info ci  (cost=0.00..796071.18 rows=176 width=0) (actual time=18278.599..31179.586 rows=26 loops=1)
  Filter: ((person_id = 476628) AND (role_id = 1))
  Rows Removed by Filter: 36244318
Planning time: 0.421 ms
Execution time: 31179.702 ms
