Hash Join  (cost=101167.78..484308.09 rows=28193 width=0) (actual time=2142.255..8961.768 rows=231410 loops=1)
  Hash Cond: (mi.movie_id = t.id)
  ->  Seq Scan on movie_info mi  (cost=0.00..346232.03 rows=9767026 width=4) (actual time=477.078..5910.459 rows=9911754 loops=1)
        Filter: (info_type_id > 4)
        Rows Removed by Filter: 4923966
  ->  Hash  (cost=101076.54..101076.54 rows=7299 width=8) (actual time=1507.572..1507.572 rows=11162 loops=1)
        Buckets: 16384 (originally 8192)  Batches: 1 (originally 1)  Memory Usage: 565kB
        ->  Hash Join  (cost=74093.07..101076.54 rows=7299 width=8) (actual time=974.017..1503.987 rows=11162 loops=1)
              Hash Cond: (mi_idx.movie_id = t.id)
              ->  Seq Scan on movie_info_idx mi_idx  (cost=0.00..21735.35 rows=1380035 width=4) (actual time=0.026..271.520 rows=1380035 loops=1)
              ->  Hash  (cost=73925.90..73925.90 rows=13373 width=4) (actual time=973.739..973.739 rows=7578 loops=1)
                    Buckets: 16384  Batches: 1  Memory Usage: 395kB
                    ->  Seq Scan on title t  (cost=0.00..73925.90 rows=13373 width=4) (actual time=0.158..970.254 rows=7578 loops=1)
                          Filter: ((kind_id = 1) AND (production_year = 1999))
                          Rows Removed by Filter: 2520734
Planning time: 0.817 ms
Execution time: 8989.611 ms
