Hash Join  (cost=447821.37..528008.12 rows=245875 width=0) (actual time=7577.486..10426.557 rows=332802 loops=1)
  Hash Cond: (mc.movie_id = t.id)
  ->  Seq Scan on movie_companies mc  (cost=0.00..51404.11 rows=2180237 width=4) (actual time=0.025..1238.444 rows=2180408 loops=1)
        Filter: (company_id > 302)
        Rows Removed by Filter: 428721
  ->  Hash  (cost=443142.96..443142.96 rows=285153 width=8) (actual time=7576.689..7576.689 rows=221007 loops=1)
        Buckets: 131072  Batches: 4  Memory Usage: 3196kB
        ->  Hash Join  (cost=76379.89..443142.96 rows=285153 width=8) (actual time=4760.508..7500.951 rows=221007 loops=1)
              Hash Cond: (mi.movie_id = t.id)
              ->  Seq Scan on movie_info mi  (cost=0.00..346232.03 rows=1348138 width=4) (actual time=3475.084..5359.450 rows=1298989 loops=1)
                    Filter: (info_type_id = 4)
                    Rows Removed by Filter: 13536731
              ->  Hash  (cost=67604.59..67604.59 rows=534824 width=4) (actual time=1284.530..1284.530 rows=533369 loops=1)
                    Buckets: 131072  Batches: 8  Memory Usage: 3376kB
                    ->  Seq Scan on title t  (cost=0.00..67604.59 rows=534824 width=4) (actual time=0.028..1094.390 rows=533369 loops=1)
                          Filter: (production_year > 2009)
                          Rows Removed by Filter: 1994943
Planning time: 1.242 ms
Execution time: 10471.864 ms
