Hash Join  (cost=941226.47..4366729.69 rows=179925790 width=0) (actual time=23358.025..162564.666 rows=405935247 loops=1)
  Hash Cond: (ci.movie_id = t.id)
  ->  Seq Scan on cast_info ci  (cost=0.00..614943.12 rows=36225612 width=4) (actual time=0.025..13996.190 rows=36244344 loops=1)
  ->  Hash  (cost=735184.51..735184.51 rows=12558717 width=8) (actual time=23355.515..23355.515 rows=11690292 loops=1)
        Buckets: 131072  Batches: 256  Memory Usage: 2773kB
        ->  Hash Join  (cost=102951.51..735184.51 rows=12558717 width=8) (actual time=2026.203..19666.540 rows=11690292 loops=1)
              Hash Cond: (mi.movie_id = t.id)
              ->  Seq Scan on movie_info mi  (cost=0.00..309384.22 rows=14739122 width=4) (actual time=0.017..6103.117 rows=14835720 loops=1)
              ->  Hash  (cost=67604.59..67604.59 rows=2154474 width=4) (actual time=2024.919..2024.919 rows=2146684 loops=1)
                    Buckets: 131072  Batches: 32  Memory Usage: 3394kB
                    ->  Seq Scan on title t  (cost=0.00..67604.59 rows=2154474 width=4) (actual time=0.021..1336.491 rows=2146684 loops=1)
                          Filter: (production_year > 1965)
                          Rows Removed by Filter: 381628
Planning time: 1.082 ms
Execution time: 206731.688 ms
