Seq Scan on movie_companies mc  (cost=0.00..57926.93 rows=785492 width=0) (actual time=0.022..917.211 rows=1082959 loops=1)
  Filter: ((company_id < 16138) AND (company_type_id < 2))
  Rows Removed by Filter: 1526170
Planning time: 0.344 ms
Execution time: 1054.014 ms
