Hash Join  (cost=762539.04..2725589.66 rows=72914448 width=0) (actual time=17152.413..95399.837 rows=196327631 loops=1)
  Hash Cond: (ci.movie_id = t.id)
  ->  Seq Scan on cast_info ci  (cost=0.00..705507.15 rows=24570399 width=4) (actual time=0.015..15651.148 rows=24549123 loops=1)
        Filter: (person_id < 2523017)
        Rows Removed by Filter: 11695221
  ->  Hash  (cost=639433.19..639433.19 rows=7503588 width=8) (actual time=17150.791..17150.791 rows=7548855 loops=1)
        Buckets: 131072  Batches: 128  Memory Usage: 3325kB
        ->  Hash Join  (cost=102767.86..639433.19 rows=7503588 width=8) (actual time=2642.790..15111.091 rows=7548855 loops=1)
              Hash Cond: (mi.movie_id = t.id)
              ->  Seq Scan on movie_info mi  (cost=0.00..346232.03 rows=7503588 width=4) (actual time=642.208..6296.726 rows=7548855 loops=1)
                    Filter: (info_type_id > 7)
                    Rows Removed by Filter: 7286865
              ->  Hash  (cost=61283.27..61283.27 rows=2528527 width=4) (actual time=1999.686..1999.686 rows=2528312 loops=1)
                    Buckets: 131072  Batches: 64  Memory Usage: 2425kB
                    ->  Seq Scan on title t  (cost=0.00..61283.27 rows=2528527 width=4) (actual time=0.029..1124.105 rows=2528312 loops=1)
Planning time: 0.839 ms
Execution time: 116854.775 ms
