Hash Join  (cost=162757.01..540193.96 rows=171882 width=0) (actual time=3357.072..9434.438 rows=53338 loops=1)
  Hash Cond: (mi.movie_id = t.id)
  ->  Seq Scan on movie_info mi  (cost=0.00..346232.03 rows=5897221 width=4) (actual time=0.018..5326.127 rows=5884963 loops=1)
        Filter: (info_type_id < 7)
        Rows Removed by Filter: 8950757
  ->  Hash  (cost=161835.80..161835.80 rows=73697 width=8) (actual time=2862.617..2862.617 rows=20743 loops=1)
        Buckets: 131072  Batches: 1  Memory Usage: 1835kB
        ->  Hash Join  (cost=74440.79..161835.80 rows=73697 width=8) (actual time=1820.441..2855.650 rows=20743 loops=1)
              Hash Cond: (mk.movie_id = t.id)
              ->  Seq Scan on movie_keyword mk  (cost=0.00..69693.30 rows=4523930 width=4) (actual time=0.017..887.266 rows=4523930 loops=1)
              ->  Hash  (cost=73925.90..73925.90 rows=41191 width=4) (actual time=1097.753..1097.753 rows=43851 loops=1)
                    Buckets: 65536  Batches: 1  Memory Usage: 2054kB
                    ->  Seq Scan on title t  (cost=0.00..73925.90 rows=41191 width=4) (actual time=0.034..1079.842 rows=43851 loops=1)
                          Filter: ((kind_id = 7) AND (production_year = 2003))
                          Rows Removed by Filter: 2484461
Planning time: 1.044 ms
Execution time: 9441.680 ms
