Nested Loop  (cost=0.43..83072.29 rows=65 width=0) (actual time=0.297..1371.631 rows=1264 loops=1)
  ->  Seq Scan on movie_keyword mk  (cost=0.00..81003.12 rows=246 width=4) (actual time=0.258..1295.010 rows=1670 loops=1)
        Filter: (keyword_id = 1198)
        Rows Removed by Filter: 4522260
  ->  Index Scan using title_pkey on title t  (cost=0.43..8.40 rows=1 width=4) (actual time=0.044..0.045 rows=1 loops=1670)
        Index Cond: (id = mk.movie_id)
        Filter: (kind_id < 2)
        Rows Removed by Filter: 0
Planning time: 0.544 ms
Execution time: 1372.158 ms
