Seq Scan on movie_keyword mk  (cost=0.00..81003.12 rows=1646202 width=0) (actual time=0.015..3653.374 rows=1651787 loops=1)
  Filter: (keyword_id > 8857)
  Rows Removed by Filter: 2872143
Planning time: 11.428 ms
Execution time: 3922.140 ms
