Hash Join  (cost=174403.47..1381847.64 rows=9519504 width=0) (actual time=4190.052..53283.678 rows=45974951 loops=1)
  Hash Cond: (ci.movie_id = t.id)
  ->  Seq Scan on cast_info ci  (cost=0.00..705507.15 rows=34944793 width=4) (actual time=0.024..17257.884 rows=35052746 loops=1)
        Filter: (person_id > 120295)
        Rows Removed by Filter: 1191598
  ->  Hash  (cost=163102.35..163102.35 rows=688810 width=8) (actual time=4188.615..4188.615 rows=1307690 loops=1)
        Buckets: 131072 (originally 131072)  Batches: 32 (originally 16)  Memory Usage: 3073kB
        ->  Hash Join  (cost=78556.72..163102.35 rows=688810 width=8) (actual time=1256.735..3854.917 rows=1307690 loops=1)
              Hash Cond: (mc.movie_id = t.id)
              ->  Seq Scan on movie_companies mc  (cost=0.00..44881.29 rows=2609129 width=4) (actual time=0.016..980.464 rows=2609129 loops=1)
              ->  Hash  (cost=67604.59..67604.59 rows=667531 width=4) (actual time=1255.876..1255.876 rows=662825 loops=1)
                    Buckets: 131072  Batches: 16  Memory Usage: 2476kB
                    ->  Seq Scan on title t  (cost=0.00..67604.59 rows=667531 width=4) (actual time=0.024..1055.890 rows=662825 loops=1)
                          Filter: (kind_id = 1)
                          Rows Removed by Filter: 1865487
Planning time: 1.186 ms
Execution time: 58608.093 ms
