Hash Join  (cost=170073.23..1291427.60 rows=8522720 width=0) (actual time=4165.919..39350.637 rows=17839934 loops=1)
  Hash Cond: (ci.movie_id = t.id)
  ->  Seq Scan on cast_info ci  (cost=0.00..614943.12 rows=36225612 width=4) (actual time=0.018..13515.412 rows=36244344 loops=1)
  ->  Hash  (cost=160313.22..160313.22 rows=594881 width=8) (actual time=4164.891..4164.891 rows=915750 loops=1)
        Buckets: 131072 (originally 131072)  Batches: 16 (originally 8)  Memory Usage: 3274kB
        ->  Hash Join  (cost=77062.89..160313.22 rows=594881 width=8) (actual time=1338.244..3883.213 rows=915750 loops=1)
              Hash Cond: (mc.movie_id = t.id)
              ->  Seq Scan on movie_companies mc  (cost=0.00..44881.29 rows=2609129 width=4) (actual time=0.011..933.880 rows=2609129 loops=1)
              ->  Hash  (cost=67604.59..67604.59 rows=576504 width=4) (actual time=1333.270..1333.270 rows=568449 loops=1)
                    Buckets: 131072  Batches: 8  Memory Usage: 3513kB
                    ->  Seq Scan on title t  (cost=0.00..67604.59 rows=576504 width=4) (actual time=0.023..1151.417 rows=568449 loops=1)
                          Filter: (production_year < 1984)
                          Rows Removed by Filter: 1959863
Planning time: 1.140 ms
Execution time: 41351.437 ms
