Seq Scan on cast_info ci  (cost=0.00..796071.18 rows=168 width=0) (actual time=2280.693..13663.231 rows=9 loops=1)
  Filter: ((role_id > 3) AND (person_id = 1799752))
  Rows Removed by Filter: 36244335
Planning time: 0.413 ms
Execution time: 13663.360 ms
