Hash Join  (cost=94973.51..1007503.52 rows=3736874 width=0) (actual time=7238.483..22041.918 rows=5482868 loops=1)
  Hash Cond: (ci.movie_id = t.id)
  ->  Seq Scan on cast_info ci  (cost=0.00..796071.18 rows=5664217 width=4) (actual time=5323.860..13733.506 rows=8738161 loops=1)
        Filter: ((person_id > 2817014) AND (role_id > 1))
        Rows Removed by Filter: 27506183
  ->  Hash  (cost=67604.59..67604.59 rows=1668154 width=4) (actual time=1913.206..1913.206 rows=1674098 loops=1)
        Buckets: 131072  Batches: 32  Memory Usage: 2869kB
        ->  Seq Scan on title t  (cost=0.00..67604.59 rows=1668154 width=4) (actual time=0.025..1361.148 rows=1674098 loops=1)
              Filter: (kind_id > 3)
              Rows Removed by Filter: 854214
Planning time: 0.707 ms
Execution time: 22688.872 ms
