Hash Join  (cost=174865.45..1012749.27 rows=911499 width=0) (actual time=14547.607..22138.498 rows=2161186 loops=1)
  Hash Cond: (ci.movie_id = t.id)
  ->  Seq Scan on cast_info ci  (cost=0.00..796071.18 rows=2518574 width=4) (actual time=9749.930..14495.521 rows=2996102 loops=1)
        Filter: ((person_id > 1318424) AND (role_id = 3))
        Rows Removed by Filter: 33248242
  ->  Hash  (cost=159851.69..159851.69 rows=915101 width=8) (actual time=4796.700..4796.700 rows=919850 loops=1)
        Buckets: 131072  Batches: 16  Memory Usage: 3269kB
        ->  Hash Join  (cost=102767.86..159851.69 rows=915101 width=8) (actual time=2707.680..4532.389 rows=919850 loops=1)
              Hash Cond: (mi_idx.movie_id = t.id)
              ->  Seq Scan on movie_info_idx mi_idx  (cost=0.00..25185.44 rows=915101 width=4) (actual time=0.035..646.805 rows=919850 loops=1)
                    Filter: (info_type_id < 101)
                    Rows Removed by Filter: 460185
              ->  Hash  (cost=61283.27..61283.27 rows=2528527 width=4) (actual time=2706.081..2706.081 rows=2528312 loops=1)
                    Buckets: 131072  Batches: 64  Memory Usage: 2415kB
                    ->  Seq Scan on title t  (cost=0.00..61283.27 rows=2528527 width=4) (actual time=0.012..1181.641 rows=2528312 loops=1)
Planning time: 2.661 ms
Execution time: 22396.260 ms
