Hash Join  (cost=709678.15..1074363.23 rows=2915 width=0) (actual time=9577.428..16925.389 rows=1152 loops=1)
  Hash Cond: (mi.movie_id = t.id)
  ->  Seq Scan on movie_info mi  (cost=0.00..309384.22 rows=14739122 width=4) (actual time=0.025..4669.255 rows=14835720 loops=1)
  ->  Hash  (cost=709671.90..709671.90 rows=500 width=8) (actual time=9548.347..9548.347 rows=7 loops=1)
        Buckets: 1024  Batches: 1  Memory Usage: 9kB
        ->  Nested Loop  (cost=0.43..709671.90 rows=500 width=8) (actual time=5384.075..9548.331 rows=7 loops=1)
              ->  Seq Scan on cast_info ci  (cost=0.00..705507.15 rows=500 width=4) (actual time=5383.965..9548.052 rows=7 loops=1)
                    Filter: (person_id = 3912479)
                    Rows Removed by Filter: 36244337
              ->  Index Only Scan using title_pkey on title t  (cost=0.43..8.32 rows=1 width=4) (actual time=0.033..0.034 rows=1 loops=7)
                    Index Cond: (id = ci.movie_id)
                    Heap Fetches: 7
Planning time: 1.244 ms
Execution time: 16925.762 ms
