Seq Scan on movie_info mi  (cost=0.00..346232.03 rows=809768 width=75) (actual time=1769.634..1892.436 rows=802140 loops=1)
  Filter: (info_type_id < 2)
  Rows Removed by Filter: 14033580
Planning time: 0.343 ms
Execution time: 1918.753 ms
