Nested Loop  (cost=0.43..83072.90 rows=37 width=0) (actual time=107.590..1137.661 rows=204 loops=1)
  ->  Seq Scan on movie_keyword mk  (cost=0.00..81003.12 rows=246 width=4) (actual time=5.212..1127.616 rows=345 loops=1)
        Filter: (keyword_id = 14519)
        Rows Removed by Filter: 4523585
  ->  Index Scan using title_pkey on title t  (cost=0.43..8.40 rows=1 width=4) (actual time=0.027..0.027 rows=1 loops=345)
        Index Cond: (id = mk.movie_id)
        Filter: ((kind_id < 2) AND (production_year < 2006))
        Rows Removed by Filter: 0
Planning time: 0.545 ms
Execution time: 1137.854 ms
