Nested Loop  (cost=0.43..58358.27 rows=51 width=0) (actual time=677.707..1017.486 rows=122 loops=1)
  ->  Seq Scan on movie_companies mc  (cost=0.00..57926.93 rows=51 width=4) (actual time=677.601..1014.292 rows=122 loops=1)
        Filter: ((company_type_id < 2) AND (company_id = 11915))
        Rows Removed by Filter: 2609007
  ->  Index Only Scan using title_pkey on title t  (cost=0.43..8.45 rows=1 width=4) (actual time=0.024..0.024 rows=1 loops=122)
        Index Cond: (id = mc.movie_id)
        Heap Fetches: 122
Planning time: 0.749 ms
Execution time: 1017.608 ms
