Seq Scan on movie_keyword mk  (cost=0.00..81003.12 rows=246 width=0) (actual time=6.755..2540.941 rows=79 loops=1)
  Filter: (keyword_id = 787)
  Rows Removed by Filter: 4523851
Planning time: 0.340 ms
Execution time: 2541.083 ms
