Hash Join  (cost=139354.68..1185429.79 rows=1194594 width=0) (actual time=2421.091..27987.665 rows=2135784 loops=1)
  Hash Cond: (ci.movie_id = t.id)
  ->  Seq Scan on cast_info ci  (cost=0.00..614943.12 rows=36225612 width=4) (actual time=0.022..12646.648 rows=36244344 loops=1)
  ->  Hash  (cost=137986.41..137986.41 rows=83382 width=8) (actual time=2420.344..2420.344 rows=45850 loops=1)
        Buckets: 131072  Batches: 2  Memory Usage: 1928kB
        ->  Hash Join  (cost=70308.29..137986.41 rows=83382 width=8) (actual time=1250.039..2405.428 rows=45850 loops=1)
              Hash Cond: (mc.movie_id = t.id)
              ->  Seq Scan on movie_companies mc  (cost=0.00..51404.11 rows=1279517 width=4) (actual time=306.026..933.884 rows=1274246 loops=1)
                    Filter: (company_type_id < 2)
                    Rows Removed by Filter: 1334883
              ->  Hash  (cost=67604.59..67604.59 rows=164776 width=4) (actual time=943.079..943.079 rows=164307 loops=1)
                    Buckets: 131072  Batches: 4  Memory Usage: 2482kB
                    ->  Seq Scan on title t  (cost=0.00..67604.59 rows=164776 width=4) (actual time=0.020..883.745 rows=164307 loops=1)
                          Filter: (production_year = 2012)
                          Rows Removed by Filter: 2364005
Planning time: 1.180 ms
Execution time: 28254.361 ms
