Seq Scan on movie_keyword mk  (cost=0.00..81003.12 rows=975828 width=0) (actual time=0.026..1296.423 rows=982622 loops=1)
  Filter: (keyword_id < 920)
  Rows Removed by Filter: 3541308
Planning time: 0.325 ms
Execution time: 1416.842 ms
