Seq Scan on movie_keyword mk  (cost=0.00..81003.12 rows=246 width=0) (actual time=7.164..1312.631 rows=1632 loops=1)
  Filter: (keyword_id = 3430)
  Rows Removed by Filter: 4522298
Planning time: 0.359 ms
Execution time: 1313.220 ms
