Hash Join  (cost=280847.79..1461897.61 rows=16043733 width=0) (actual time=7581.274..54260.531 rows=67467511 loops=1)
  Hash Cond: (ci.movie_id = t.id)
  ->  Seq Scan on cast_info ci  (cost=0.00..796071.18 rows=16788460 width=4) (actual time=0.018..17920.470 rows=20726166 loops=1)
        Filter: ((person_id > 1000350) AND (role_id > 1))
        Rows Removed by Filter: 15518178
  ->  Hash  (cost=241204.26..241204.26 rows=2416363 width=8) (actual time=7578.832..7578.832 rows=3071682 loops=1)
        Buckets: 131072 (originally 131072)  Batches: 64 (originally 32)  Memory Usage: 3073kB
        ->  Hash Join  (cost=89762.59..241204.26 rows=2416363 width=8) (actual time=2122.611..6385.249 rows=3071682 loops=1)
              Hash Cond: (mk.movie_id = t.id)
              ->  Seq Scan on movie_keyword mk  (cost=0.00..69693.30 rows=4523930 width=4) (actual time=0.026..1363.792 rows=4523930 loops=1)
              ->  Hash  (cost=67604.59..67604.59 rows=1350560 width=4) (actual time=2121.097..2121.097 rows=1348293 loops=1)
                    Buckets: 131072  Batches: 32  Memory Usage: 2513kB
                    ->  Seq Scan on title t  (cost=0.00..67604.59 rows=1350560 width=4) (actual time=0.013..1285.596 rows=1348293 loops=1)
                          Filter: (production_year < 2005)
                          Rows Removed by Filter: 1180019
Planning time: 2.323 ms
Execution time: 61713.939 ms
