Hash Join  (cost=102767.86..183138.36 rows=522189 width=0) (actual time=2419.984..3506.476 rows=232670 loops=1)
  Hash Cond: (mc.movie_id = t.id)
  ->  Seq Scan on movie_companies mc  (cost=0.00..57926.93 rows=522189 width=4) (actual time=495.206..963.226 rows=232670 loops=1)
        Filter: ((company_id > 14442) AND (company_type_id < 2))
        Rows Removed by Filter: 2376459
  ->  Hash  (cost=61283.27..61283.27 rows=2528527 width=4) (actual time=1923.714..1923.714 rows=2528312 loops=1)
        Buckets: 131072  Batches: 64  Memory Usage: 2415kB
        ->  Seq Scan on title t  (cost=0.00..61283.27 rows=2528527 width=4) (actual time=0.027..1075.761 rows=2528312 loops=1)
Planning time: 0.780 ms
Execution time: 3533.084 ms
