Hash Join  (cost=76444.38..107840.30 rows=27981 width=0) (actual time=1289.890..1978.375 rows=25523 loops=1)
  Hash Cond: (mi_idx.movie_id = t.id)
  ->  Seq Scan on movie_info_idx mi_idx  (cost=0.00..25185.44 rows=460978 width=4) (actual time=0.010..481.380 rows=459925 loops=1)
        Filter: (info_type_id < 100)
        Rows Removed by Filter: 920110
  ->  Hash  (cost=73925.90..73925.90 rows=153478 width=4) (actual time=1288.906..1288.906 rows=134760 loops=1)
        Buckets: 131072  Batches: 4  Memory Usage: 2216kB
        ->  Seq Scan on title t  (cost=0.00..73925.90 rows=153478 width=4) (actual time=0.046..1240.013 rows=134760 loops=1)
              Filter: ((kind_id < 7) AND (production_year > 2010))
              Rows Removed by Filter: 2393552
Planning time: 0.775 ms
Execution time: 1982.288 ms
