Seq Scan on movie_companies mc  (cost=0.00..57926.93 rows=354747 width=0) (actual time=0.023..935.958 rows=667120 loops=1)
  Filter: ((company_id > 45257) AND (company_type_id = 2))
  Rows Removed by Filter: 1942009
Planning time: 0.392 ms
Execution time: 1017.414 ms
