Hash Join  (cost=102767.86..224968.89 rows=1301533 width=0) (actual time=5830.402..12677.057 rows=1306212 loops=1)
  Hash Cond: (mk.movie_id = t.id)
  ->  Seq Scan on movie_keyword mk  (cost=0.00..81003.12 rows=1301533 width=4) (actual time=0.020..4638.659 rows=1306212 loops=1)
        Filter: (keyword_id < 1714)
        Rows Removed by Filter: 3217718
  ->  Hash  (cost=61283.27..61283.27 rows=2528527 width=4) (actual time=5822.660..5822.660 rows=2528312 loops=1)
        Buckets: 131072  Batches: 64  Memory Usage: 2425kB
        ->  Seq Scan on title t  (cost=0.00..61283.27 rows=2528527 width=4) (actual time=0.011..3951.427 rows=2528312 loops=1)
Planning time: 0.720 ms
Execution time: 12861.439 ms
