Hash Join  (cost=204612.95..557867.35 rows=50555 width=0) (actual time=6814.384..10572.016 rows=2344104 loops=1)
  Hash Cond: (mi.movie_id = t.id)
  ->  Seq Scan on movie_info mi  (cost=0.00..346232.03 rows=471955 width=4) (actual time=2451.987..5451.004 rows=543367 loops=1)
        Filter: (info_type_id > 98)
        Rows Removed by Filter: 14292353
  ->  Hash  (cost=200168.31..200168.31 rows=270851 width=8) (actual time=4357.073..4357.073 rows=270959 loops=1)
        Buckets: 131072  Batches: 4  Memory Usage: 3714kB
        ->  Hash Join  (cost=102767.86..200168.31 rows=270851 width=8) (actual time=1962.461..4277.476 rows=270959 loops=1)
              Hash Cond: (mk.movie_id = t.id)
              ->  Seq Scan on movie_keyword mk  (cost=0.00..81003.12 rows=270851 width=4) (actual time=0.054..1361.157 rows=270959 loops=1)
                    Filter: (keyword_id > 58176)
                    Rows Removed by Filter: 4252971
              ->  Hash  (cost=61283.27..61283.27 rows=2528527 width=4) (actual time=1959.941..1959.941 rows=2528312 loops=1)
                    Buckets: 131072  Batches: 64  Memory Usage: 2425kB
                    ->  Seq Scan on title t  (cost=0.00..61283.27 rows=2528527 width=4) (actual time=0.020..1079.264 rows=2528312 loops=1)
Planning time: 1.159 ms
Execution time: 10823.050 ms
