Hash Join  (cost=448026.41..540569.17 rows=21424 width=0) (actual time=13957.290..15701.508 rows=617461 loops=1)
  Hash Cond: (mk.movie_id = t.id)
  ->  Seq Scan on movie_keyword mk  (cost=0.00..81003.12 rows=3020103 width=4) (actual time=0.609..1195.173 rows=3010710 loops=1)
        Filter: (keyword_id > 2193)
        Rows Removed by Filter: 1513220
  ->  Hash  (cost=447802.20..447802.20 rows=17937 width=8) (actual time=13956.154..13956.154 rows=36985 loops=1)
        Buckets: 65536 (originally 32768)  Batches: 1 (originally 1)  Memory Usage: 1957kB
        ->  Nested Loop  (cost=0.43..447802.20 rows=17937 width=8) (actual time=4491.219..13936.758 rows=36985 loops=1)
              ->  Seq Scan on movie_info mi  (cost=0.00..346232.03 rows=17937 width=4) (actual time=4491.104..4978.353 rows=36985 loops=1)
                    Filter: (info_type_id = 104)
                    Rows Removed by Filter: 14798735
              ->  Index Only Scan using title_pkey on title t  (cost=0.43..5.65 rows=1 width=4) (actual time=0.241..0.242 rows=1 loops=36985)
                    Index Cond: (id = mi.movie_id)
                    Heap Fetches: 36985
Planning time: 1.145 ms
Execution time: 15770.555 ms
