Nested Loop  (cost=0.43..796925.64 rows=89 width=0) (actual time=10370.312..11094.583 rows=165 loops=1)
  ->  Seq Scan on cast_info ci  (cost=0.00..796071.18 rows=101 width=4) (actual time=10370.230..11090.445 rows=205 loops=1)
        Filter: ((person_id = 2139530) AND (role_id = 2))
        Rows Removed by Filter: 36244139
  ->  Index Scan using title_pkey on title t  (cost=0.43..8.45 rows=1 width=4) (actual time=0.019..0.019 rows=1 loops=205)
        Index Cond: (id = ci.movie_id)
        Filter: (production_year < 2012)
        Rows Removed by Filter: 0
Planning time: 0.771 ms
Execution time: 11094.729 ms
