Hash Join  (cost=508567.53..651883.79 rows=1791731 width=0) (actual time=9260.638..12425.293 rows=875337 loops=1)
  Hash Cond: (mk.movie_id = t.id)
  ->  Seq Scan on movie_keyword mk  (cost=0.00..81003.12 rows=3387685 width=4) (actual time=0.020..1721.688 rows=3377245 loops=1)
        Filter: (keyword_id < 16264)
        Rows Removed by Filter: 1146685
  ->  Hash  (cost=486626.96..486626.96 rows=1337326 width=8) (actual time=9063.482..9063.482 rows=370692 loops=1)
        Buckets: 131072  Batches: 32  Memory Usage: 1468kB
        ->  Hash Join  (cost=92883.59..486626.96 rows=1337326 width=8) (actual time=2195.270..8949.242 rows=370692 loops=1)
              Hash Cond: (mi.movie_id = t.id)
              ->  Seq Scan on movie_info mi  (cost=0.00..346232.03 rows=2194617 width=4) (actual time=425.486..5698.620 rows=2233850 loops=1)
                    Filter: (info_type_id > 16)
                    Rows Removed by Filter: 12601870
              ->  Hash  (cost=67604.59..67604.59 rows=1540800 width=4) (actual time=1768.839..1768.839 rows=1543264 loops=1)
                    Buckets: 131072  Batches: 32  Memory Usage: 2728kB
                    ->  Seq Scan on title t  (cost=0.00..67604.59 rows=1540800 width=4) (actual time=0.039..1256.973 rows=1543264 loops=1)
                          Filter: (kind_id = 7)
                          Rows Removed by Filter: 985048
Planning time: 1.220 ms
Execution time: 12516.981 ms
