Hash Join  (cost=101143.55..163029.01 rows=9324 width=0) (actual time=1843.847..3145.206 rows=26081 loops=1)
  Hash Cond: (mc.movie_id = t.id)
  ->  Seq Scan on movie_companies mc  (cost=0.00..57926.93 rows=1030744 width=4) (actual time=0.029..1112.276 rows=906025 loops=1)
        Filter: ((company_id > 452) AND (company_type_id = 1))
        Rows Removed by Filter: 1703104
  ->  Hash  (cost=100857.63..100857.63 rows=22873 width=8) (actual time=1843.522..1843.522 rows=20111 loops=1)
        Buckets: 32768  Batches: 1  Memory Usage: 1042kB
        ->  Hash Join  (cost=69694.50..100857.63 rows=22873 width=8) (actual time=1146.429..1834.891 rows=20111 loops=1)
              Hash Cond: (mi_idx.movie_id = t.id)
              ->  Seq Scan on movie_info_idx mi_idx  (cost=0.00..25185.44 rows=454124 width=4) (actual time=0.025..479.382 rows=459925 loops=1)
                    Filter: (info_type_id = 100)
                    Rows Removed by Filter: 920110
              ->  Hash  (cost=67604.59..67604.59 rows=127353 width=4) (actual time=1145.680..1145.680 rows=128696 loops=1)
                    Buckets: 131072  Batches: 2  Memory Usage: 3284kB
                    ->  Seq Scan on title t  (cost=0.00..67604.59 rows=127353 width=4) (actual time=0.010..1094.391 rows=128696 loops=1)
                          Filter: (production_year = 2009)
                          Rows Removed by Filter: 2399616
Planning time: 1.182 ms
Execution time: 3149.189 ms
