Seq Scan on cast_info ci  (cost=0.00..796071.18 rows=16010989 width=0) (actual time=3675.337..15550.724 rows=12009349 loops=1)
  Filter: ((person_id < 2539404) AND (role_id > 1))
  Rows Removed by Filter: 24234995
Planning time: 5.599 ms
Execution time: 17030.627 ms
