Hash Join  (cost=52284.88..803084.64 rows=1060 width=0) (actual time=808.095..16458.272 rows=1436 loops=1)
  Hash Cond: (ci.movie_id = t.id)
  ->  Seq Scan on cast_info ci  (cost=0.00..614943.12 rows=36225612 width=4) (actual time=0.013..8756.159 rows=36244344 loops=1)
  ->  Hash  (cost=52283.95..52283.95 rows=74 width=8) (actual time=807.699..807.699 rows=69 loops=1)
        Buckets: 1024  Batches: 1  Memory Usage: 11kB
        ->  Nested Loop  (cost=0.43..52283.95 rows=74 width=8) (actual time=21.317..807.617 rows=69 loops=1)
              ->  Seq Scan on movie_companies mc  (cost=0.00..51404.11 rows=104 width=4) (actual time=21.258..804.908 rows=80 loops=1)
                    Filter: (company_id = 12609)
                    Rows Removed by Filter: 2609049
              ->  Index Scan using title_pkey on title t  (cost=0.43..8.45 rows=1 width=4) (actual time=0.030..0.031 rows=1 loops=80)
                    Index Cond: (id = mc.movie_id)
                    Filter: (production_year < 2009)
                    Rows Removed by Filter: 0
Planning time: 1.199 ms
Execution time: 16459.449 ms
