Nested Loop  (cost=68927.01..497446.77 rows=14533 width=0) (actual time=6860.262..10046.723 rows=539041 loops=1)
  ->  Hash Join  (cost=68926.58..442937.02 rows=75091 width=8) (actual time=6860.138..7424.630 rows=539041 loops=1)
        Hash Cond: (mi.movie_id = mc.movie_id)
        ->  Seq Scan on movie_info mi  (cost=0.00..346232.03 rows=54808 width=4) (actual time=5416.467..5715.651 rows=50267 loops=1)
              Filter: (info_type_id > 107)
              Rows Removed by Filter: 14785453
        ->  Hash  (cost=57926.93..57926.93 rows=670452 width=4) (actual time=1384.406..1384.406 rows=911845 loops=1)
              Buckets: 131072  Batches: 16  Memory Usage: 3062kB
              ->  Seq Scan on movie_companies mc  (cost=0.00..57926.93 rows=670452 width=4) (actual time=312.808..1095.540 rows=911845 loops=1)
                    Filter: ((company_id < 11615) AND (company_type_id = 1))
                    Rows Removed by Filter: 1697284
  ->  Index Only Scan using title_pkey on title t  (cost=0.43..0.72 rows=1 width=4) (actual time=0.004..0.004 rows=1 loops=539041)
        Index Cond: (id = mc.movie_id)
        Heap Fetches: 539041
Planning time: 1.182 ms
Execution time: 10134.274 ms
