Seq Scan on cast_info ci  (cost=0.00..796071.18 rows=224 width=0) (actual time=1136.477..13102.410 rows=65 loops=1)
  Filter: ((role_id > 2) AND (person_id = 2927456))
  Rows Removed by Filter: 36244279
Planning time: 0.395 ms
Execution time: 13102.532 ms
