Seq Scan on cast_info ci  (cost=0.00..705507.15 rows=30326502 width=0) (actual time=0.022..13106.194 rows=30312286 loops=1)
  Filter: (person_id < 3051549)
  Rows Removed by Filter: 5932058
Planning time: 0.347 ms
Execution time: 16817.210 ms
