Hash Join  (cost=223754.79..1450958.12 rows=18826616 width=0) (actual time=10876.863..93790.456 rows=32008709 loops=1)
  Hash Cond: (ci.movie_id = t.id)
  ->  Seq Scan on cast_info ci  (cost=0.00..614943.12 rows=36225612 width=4) (actual time=0.026..46783.967 rows=36244344 loops=1)
  ->  Hash  (cost=202194.71..202194.71 rows=1314087 width=8) (actual time=10875.490..10875.490 rows=1305734 loops=1)
        Buckets: 131072  Batches: 32  Memory Usage: 2604kB
        ->  Hash Join  (cost=102767.86..202194.71 rows=1314087 width=8) (actual time=6289.001..10139.419 rows=1305734 loops=1)
              Hash Cond: (mc.movie_id = t.id)
              ->  Seq Scan on movie_companies mc  (cost=0.00..57926.93 rows=1314087 width=4) (actual time=1238.033..3278.797 rows=1305734 loops=1)
                    Filter: ((company_id < 208428) AND (company_type_id = 2))
                    Rows Removed by Filter: 1303395
              ->  Hash  (cost=61283.27..61283.27 rows=2528527 width=4) (actual time=5049.583..5049.583 rows=2528312 loops=1)
                    Buckets: 131072  Batches: 64  Memory Usage: 2415kB
                    ->  Seq Scan on title t  (cost=0.00..61283.27 rows=2528527 width=4) (actual time=0.008..3959.294 rows=2528312 loops=1)
Planning time: 5.362 ms
Execution time: 98308.122 ms
