Nested Loop  (cost=0.43..797179.77 rows=49 width=0) (actual time=1004.464..12205.373 rows=210 loops=1)
  ->  Seq Scan on cast_info ci  (cost=0.00..796071.18 rows=131 width=4) (actual time=1004.420..12198.381 rows=210 loops=1)
        Filter: ((role_id > 4) AND (person_id = 287343))
        Rows Removed by Filter: 36244134
  ->  Index Scan using title_pkey on title t  (cost=0.43..8.45 rows=1 width=4) (actual time=0.032..0.033 rows=1 loops=210)
        Index Cond: (id = ci.movie_id)
        Filter: ((kind_id < 7) AND (production_year > 1914))
Planning time: 0.819 ms
Execution time: 12205.544 ms
