Seq Scan on cast_info ci  (cost=0.00..796071.18 rows=5947181 width=0) (actual time=4780.199..15014.614 rows=7451973 loops=1)
  Filter: ((person_id < 2983067) AND (role_id = 2))
  Rows Removed by Filter: 28792371
Planning time: 0.388 ms
Execution time: 15885.065 ms
