Hash Join  (cost=80549.28..161341.59 rows=416579 width=0) (actual time=1249.692..3500.613 rows=181381 loops=1)
  Hash Cond: (mc.movie_id = t.id)
  ->  Seq Scan on movie_companies mc  (cost=0.00..44881.29 rows=2609129 width=4) (actual time=0.020..877.477 rows=2609129 loops=1)
  ->  Hash  (cost=73925.90..73925.90 rows=403710 width=4) (actual time=1248.216..1248.216 rows=434218 loops=1)
        Buckets: 131072  Batches: 8  Memory Usage: 2935kB
        ->  Seq Scan on title t  (cost=0.00..73925.90 rows=403710 width=4) (actual time=0.017..1109.851 rows=434218 loops=1)
              Filter: ((production_year > 2008) AND (kind_id = 7))
              Rows Removed by Filter: 2094094
Planning time: 0.830 ms
Execution time: 3523.093 ms
