Hash Join  (cost=211469.99..666544.75 rows=3482115 width=0) (actual time=6296.597..17475.944 rows=11917987 loops=1)
  Hash Cond: (mi.movie_id = t.id)
  ->  Seq Scan on movie_info mi  (cost=0.00..346232.03 rows=5897221 width=4) (actual time=1204.368..5880.362 rows=5884963 loops=1)
        Filter: (info_type_id < 7)
        Rows Removed by Filter: 8950757
  ->  Hash  (cost=186974.34..186974.34 rows=1493012 width=8) (actual time=5091.321..5091.321 rows=1754914 loops=1)
        Buckets: 131072  Batches: 32  Memory Usage: 3215kB
        ->  Hash Join  (cost=91342.70..186974.34 rows=1493012 width=8) (actual time=1654.994..4605.209 rows=1754914 loops=1)
              Hash Cond: (mc.movie_id = t.id)
              ->  Seq Scan on movie_companies mc  (cost=0.00..44881.29 rows=2609129 width=4) (actual time=0.038..864.126 rows=2609129 loops=1)
              ->  Hash  (cost=67604.59..67604.59 rows=1446889 width=4) (actual time=1653.940..1653.940 rows=1443298 loops=1)
                    Buckets: 131072  Batches: 32  Memory Usage: 2608kB
                    ->  Seq Scan on title t  (cost=0.00..67604.59 rows=1446889 width=4) (actual time=0.026..1187.631 rows=1443298 loops=1)
                          Filter: (production_year < 2006)
                          Rows Removed by Filter: 1085014
Planning time: 9.905 ms
Execution time: 18829.426 ms
