Seq Scan on cast_info ci  (cost=0.00..796071.18 rows=419117 width=0) (actual time=11208.165..12970.871 rows=229073 loops=1)
  Filter: ((person_id < 1663343) AND (role_id = 5))
  Rows Removed by Filter: 36015271
Planning time: 0.268 ms
Execution time: 12998.383 ms
