Hash Join  (cost=485262.73..569586.69 rows=672743 width=0) (actual time=23397.042..29046.851 rows=3031463 loops=1)
  Hash Cond: (mc.movie_id = t.id)
  ->  Seq Scan on movie_companies mc  (cost=0.00..44881.29 rows=2609129 width=4) (actual time=0.014..2966.121 rows=2609129 loops=1)
  ->  Hash  (cost=474566.23..474566.23 rows=651960 width=8) (actual time=23395.721..23395.721 rows=660923 loops=1)
        Buckets: 131072  Batches: 16  Memory Usage: 2614kB
        ->  Hash Join  (cost=102767.86..474566.23 rows=651960 width=8) (actual time=19318.453..23158.355 rows=660923 loops=1)
              Hash Cond: (mi.movie_id = t.id)
              ->  Seq Scan on movie_info mi  (cost=0.00..346232.03 rows=651960 width=4) (actual time=14027.965..16045.240 rows=660923 loops=1)
                    Filter: (info_type_id = 18)
                    Rows Removed by Filter: 14174797
              ->  Hash  (cost=61283.27..61283.27 rows=2528527 width=4) (actual time=5289.515..5289.515 rows=2528312 loops=1)
                    Buckets: 131072  Batches: 64  Memory Usage: 2425kB
                    ->  Seq Scan on title t  (cost=0.00..61283.27 rows=2528527 width=4) (actual time=0.017..4149.365 rows=2528312 loops=1)
Planning time: 9.557 ms
Execution time: 29534.990 ms
