Hash Join  (cost=151296.25..1009974.52 rows=559040 width=0) (actual time=5517.887..25157.768 rows=3112228 loops=1)
  Hash Cond: (ci.movie_id = t.id)
  ->  Seq Scan on cast_info ci  (cost=0.00..705507.15 rows=12726058 width=4) (actual time=1968.816..14811.959 rows=12670688 loops=1)
        Filter: (role_id = 1)
        Rows Removed by Filter: 23573656
  ->  Hash  (cost=149473.81..149473.81 rows=111075 width=8) (actual time=3548.036..3548.036 rows=370098 loops=1)
        Buckets: 131072 (originally 131072)  Batches: 8 (originally 2)  Memory Usage: 3073kB
        ->  Hash Join  (cost=79405.47..149473.81 rows=111075 width=8) (actual time=1799.637..3418.326 rows=370098 loops=1)
              Hash Cond: (mc.movie_id = t.id)
              ->  Seq Scan on movie_companies mc  (cost=0.00..57926.93 rows=840976 width=4) (actual time=48.713..1153.086 rows=1051292 loops=1)
                    Filter: ((company_id > 3889) AND (company_type_id = 2))
                    Rows Removed by Filter: 1557837
              ->  Hash  (cost=73925.90..73925.90 rows=333965 width=4) (actual time=1431.284..1431.284 rows=411522 loops=1)
                    Buckets: 131072  Batches: 8  Memory Usage: 2841kB
                    ->  Seq Scan on title t  (cost=0.00..73925.90 rows=333965 width=4) (actual time=597.185..1297.918 rows=411522 loops=1)
                          Filter: ((production_year < 2004) AND (kind_id = 1))
                          Rows Removed by Filter: 2116790
Planning time: 1.303 ms
Execution time: 25529.735 ms
