Hash Join  (cost=73994.33..825567.74 rows=78425 width=0) (actual time=1214.560..18732.940 rows=78496 loops=1)
  Hash Cond: (ci.movie_id = t.id)
  ->  Seq Scan on cast_info ci  (cost=0.00..614943.12 rows=36225612 width=4) (actual time=0.022..9152.400 rows=36244344 loops=1)
  ->  Hash  (cost=73925.90..73925.90 rows=5474 width=4) (actual time=1214.423..1214.423 rows=7556 loops=1)
        Buckets: 8192  Batches: 1  Memory Usage: 330kB
        ->  Seq Scan on title t  (cost=0.00..73925.90 rows=5474 width=4) (actual time=0.020..1210.682 rows=7556 loops=1)
              Filter: ((kind_id > 1) AND (production_year = 1959))
              Rows Removed by Filter: 2520756
Planning time: 0.688 ms
Execution time: 18746.660 ms
