Seq Scan on cast_info ci  (cost=0.00..796071.18 rows=811197 width=0) (actual time=1997.461..11386.947 rows=566769 loops=1)
  Filter: ((person_id < 705011) AND (role_id = 3))
  Rows Removed by Filter: 35677575
Planning time: 0.409 ms
Execution time: 11461.415 ms
