Hash Join  (cost=80042.24..1018557.60 rows=2871921 width=0) (actual time=2860.185..21123.357 rows=2038298 loops=1)
  Hash Cond: (ci.movie_id = t.id)
  ->  Seq Scan on cast_info ci  (cost=0.00..796071.18 rows=9579460 width=4) (actual time=1408.638..15993.620 rows=6302083 loops=1)
        Filter: ((person_id > 869021) AND (role_id = 1))
        Rows Removed by Filter: 29942261
  ->  Hash  (cost=67604.59..67604.59 rows=758052 width=4) (actual time=1450.227..1450.227 rows=753677 loops=1)
        Buckets: 131072  Batches: 16  Memory Usage: 2677kB
        ->  Seq Scan on title t  (cost=0.00..67604.59 rows=758052 width=4) (actual time=0.064..1213.328 rows=753677 loops=1)
              Filter: (kind_id < 3)
              Rows Removed by Filter: 1774635
Planning time: 0.749 ms
Execution time: 21317.312 ms
