Hash Join  (cost=113878.19..923215.76 rows=69946 width=0) (actual time=5544.800..17520.165 rows=85288 loops=1)
  Hash Cond: (ci.movie_id = t.id)
  ->  Seq Scan on cast_info ci  (cost=0.00..796071.18 rows=3351183 width=4) (actual time=3405.119..13849.758 rows=4011272 loops=1)
        Filter: ((person_id > 782379) AND (role_id = 10))
        Rows Removed by Filter: 32233072
  ->  Hash  (cost=113218.51..113218.51 rows=52775 width=8) (actual time=2139.155..2139.155 rows=116928 loops=1)
        Buckets: 131072 (originally 65536)  Batches: 2 (originally 1)  Memory Usage: 3310kB
        ->  Hash Join  (cost=76308.85..113218.51 rows=52775 width=8) (actual time=1125.234..2098.756 rows=116928 loops=1)
              Hash Cond: (mi_idx.movie_id = t.id)
              ->  Seq Scan on movie_info_idx mi_idx  (cost=0.00..25185.44 rows=919057 width=4) (actual time=0.058..519.825 rows=920110 loops=1)
                    Filter: (info_type_id > 99)
                    Rows Removed by Filter: 459925
              ->  Hash  (cost=73925.90..73925.90 rows=145196 width=4) (actual time=1123.536..1123.536 rows=245643 loops=1)
                    Buckets: 131072 (originally 131072)  Batches: 4 (originally 2)  Memory Usage: 3183kB
                    ->  Seq Scan on title t  (cost=0.00..73925.90 rows=145196 width=4) (actual time=0.023..1039.576 rows=245643 loops=1)
                          Filter: ((kind_id < 7) AND (production_year < 1970))
                          Rows Removed by Filter: 2282669
Planning time: 1.303 ms
Execution time: 17533.044 ms
