Seq Scan on cast_info ci  (cost=0.00..796071.18 rows=12570092 width=0) (actual time=0.023..13438.371 rows=10545369 loops=1)
  Filter: ((person_id > 2130166) AND (role_id < 9))
  Rows Removed by Filter: 25698975
Planning time: 0.452 ms
Execution time: 14613.720 ms
