Hash Join  (cost=205135.50..288617.75 rows=459377 width=0) (actual time=4937.052..6444.501 rows=308971 loops=1)
  Hash Cond: (mc.movie_id = t.id)
  ->  Seq Scan on movie_companies mc  (cost=0.00..51404.11 rows=2198499 width=4) (actual time=0.021..1042.816 rows=2195608 loops=1)
        Filter: (company_id < 80651)
        Rows Removed by Filter: 413521
  ->  Hash  (cost=196467.30..196467.30 rows=528336 width=8) (actual time=4425.754..4425.754 rows=146552 loops=1)
        Buckets: 131072  Batches: 8  Memory Usage: 1757kB
        ->  Hash Join  (cost=91673.71..196467.30 rows=528336 width=8) (actual time=3021.509..4380.701 rows=146552 loops=1)
              Hash Cond: (mk.movie_id = t.id)
              ->  Seq Scan on movie_keyword mk  (cost=0.00..81003.12 rows=1234962 width=4) (actual time=0.023..1568.935 rows=1247217 loops=1)
                    Filter: (keyword_id > 14478)
                    Rows Removed by Filter: 3276713
              ->  Hash  (cost=73925.90..73925.90 rows=1081744 width=4) (actual time=1849.542..1849.542 rows=1176905 loops=1)
                    Buckets: 131072  Batches: 16  Memory Usage: 3625kB
                    ->  Seq Scan on title t  (cost=0.00..73925.90 rows=1081744 width=4) (actual time=0.016..1477.011 rows=1176905 loops=1)
                          Filter: ((production_year > 1989) AND (kind_id = 7))
                          Rows Removed by Filter: 1351407
Planning time: 1.190 ms
Execution time: 6483.904 ms
