Seq Scan on cast_info ci  (cost=0.00..796071.18 rows=11613799 width=0) (actual time=0.023..16923.395 rows=11771379 loops=1)
  Filter: ((person_id > 166968) AND (role_id > 3))
  Rows Removed by Filter: 24472965
Planning time: 0.335 ms
Execution time: 18419.003 ms
