Nested Loop  (cost=0.43..798385.45 rows=276 width=0) (actual time=4147.391..14442.117 rows=88 loops=1)
  ->  Seq Scan on cast_info ci  (cost=0.00..796071.18 rows=276 width=4) (actual time=4147.261..14440.030 rows=88 loops=1)
        Filter: ((role_id < 3) AND (person_id = 2263177))
        Rows Removed by Filter: 36244256
  ->  Index Only Scan using title_pkey on title t  (cost=0.43..8.38 rows=1 width=4) (actual time=0.022..0.022 rows=1 loops=88)
        Index Cond: (id = ci.movie_id)
        Heap Fetches: 88
Planning time: 0.745 ms
Execution time: 14442.217 ms
