Nested Loop  (cost=352519.67..1153078.96 rows=64 width=0) (actual time=6338.064..20235.300 rows=5 loops=1)
  Join Filter: (ci.movie_id = t.id)
  ->  Hash Join  (cost=352519.24..1152931.16 rows=159 width=8) (actual time=6337.964..20235.062 rows=5 loops=1)
        Hash Cond: (ci.movie_id = mi.movie_id)
        ->  Seq Scan on cast_info ci  (cost=0.00..796071.18 rows=420 width=4) (actual time=1427.497..15275.880 rows=753 loops=1)
              Filter: ((role_id < 9) AND (person_id = 2107114))
              Rows Removed by Filter: 36243591
        ->  Hash  (cost=346232.03..346232.03 rows=383217 width=4) (actual time=4909.316..4909.316 rows=368218 loops=1)
              Buckets: 131072  Batches: 8  Memory Usage: 2656kB
              ->  Seq Scan on movie_info mi  (cost=0.00..346232.03 rows=383217 width=4) (actual time=4184.849..4790.970 rows=368218 loops=1)
                    Filter: (info_type_id = 17)
                    Rows Removed by Filter: 14467502
  ->  Index Only Scan using title_pkey on title t  (cost=0.43..0.92 rows=1 width=4) (actual time=0.035..0.036 rows=1 loops=5)
        Index Cond: (id = mi.movie_id)
        Heap Fetches: 5
Planning time: 1.159 ms
Execution time: 20235.403 ms
