Nested Loop  (cost=0.43..709671.90 rows=500 width=0) (actual time=1558.483..28911.859 rows=1184 loops=1)
  ->  Seq Scan on cast_info ci  (cost=0.00..705507.15 rows=500 width=4) (actual time=1558.392..28713.478 rows=1184 loops=1)
        Filter: (person_id = 1522040)
        Rows Removed by Filter: 36243160
  ->  Index Only Scan using title_pkey on title t  (cost=0.43..8.32 rows=1 width=4) (actual time=0.165..0.167 rows=1 loops=1184)
        Index Cond: (id = ci.movie_id)
        Heap Fetches: 1184
Planning time: 0.741 ms
Execution time: 28912.232 ms
