Hash Join  (cost=164145.30..293321.68 rows=588835 width=0) (actual time=4125.373..6799.993 rows=263942 loops=1)
  Hash Cond: (mk.movie_id = t.id)
  ->  Seq Scan on movie_keyword mk  (cost=0.00..69693.30 rows=4523930 width=4) (actual time=0.024..1572.904 rows=4523930 loops=1)
  ->  Hash  (cost=158745.38..158745.38 rows=329113 width=8) (actual time=3385.191..3385.191 rows=211859 loops=1)
        Buckets: 131072  Batches: 8  Memory Usage: 2065kB
        ->  Hash Join  (cost=79158.73..158745.38 rows=329113 width=8) (actual time=1104.028..3313.581 rows=211859 loops=1)
              Hash Cond: (mc.movie_id = t.id)
              ->  Seq Scan on movie_companies mc  (cost=0.00..44881.29 rows=2609129 width=4) (actual time=0.013..941.235 rows=2609129 loops=1)
              ->  Hash  (cost=73925.90..73925.90 rows=318946 width=4) (actual time=1103.115..1103.115 rows=209805 loops=1)
                    Buckets: 131072  Batches: 8  Memory Usage: 1936kB
                    ->  Seq Scan on title t  (cost=0.00..73925.90 rows=318946 width=4) (actual time=0.024..1034.006 rows=209805 loops=1)
                          Filter: ((production_year < 1981) AND (kind_id = 7))
                          Rows Removed by Filter: 2318507
Planning time: 1.143 ms
Execution time: 6831.875 ms
