Seq Scan on cast_info ci  (cost=0.00..705507.15 rows=500 width=0) (actual time=607.811..10283.003 rows=128 loops=1)
  Filter: (person_id = 707583)
  Rows Removed by Filter: 36244216
Planning time: 0.259 ms
Execution time: 10283.069 ms
