Seq Scan on movie_keyword mk  (cost=0.00..81003.12 rows=2767719 width=0) (actual time=0.029..1553.373 rows=2763657 loops=1)
  Filter: (keyword_id < 7877)
  Rows Removed by Filter: 1760273
Planning time: 0.328 ms
Execution time: 1891.968 ms
