Seq Scan on movie_companies mc  (cost=0.00..51404.11 rows=1930999 width=0) (actual time=0.016..1013.022 rows=1939274 loops=1)
  Filter: (company_id > 1064)
  Rows Removed by Filter: 669855
Planning time: 0.331 ms
Execution time: 1255.784 ms
