Hash Join  (cost=719605.15..2796525.54 rows=79503019 width=0) (actual time=21607.348..149914.835 rows=369538987 loops=1)
  Hash Cond: (ci.movie_id = t.id)
  ->  Seq Scan on cast_info ci  (cost=0.00..614943.12 rows=36225612 width=4) (actual time=0.013..13741.339 rows=36244344 loops=1)
  ->  Hash  (cost=628562.33..628562.33 rows=5549265 width=8) (actual time=21605.029..21605.029 rows=10639143 loops=1)
        Buckets: 131072 (originally 131072)  Batches: 256 (originally 128)  Memory Usage: 3073kB
        ->  Hash Join  (cost=89544.76..628562.33 rows=5549265 width=8) (actual time=1672.432..18010.635 rows=10639143 loops=1)
              Hash Cond: (mi.movie_id = t.id)
              ->  Seq Scan on movie_info mi  (cost=0.00..309384.22 rows=14739122 width=4) (actual time=0.027..6059.181 rows=14835720 loops=1)
              ->  Hash  (cost=73925.90..73925.90 rows=951988 width=4) (actual time=1671.280..1671.280 rows=956688 loops=1)
                    Buckets: 131072  Batches: 16  Memory Usage: 3135kB
                    ->  Seq Scan on title t  (cost=0.00..73925.90 rows=951988 width=4) (actual time=0.007..1359.973 rows=956688 loops=1)
                          Filter: ((kind_id < 7) AND (production_year > 1908))
                          Rows Removed by Filter: 1571624
Planning time: 1.122 ms
Execution time: 190594.668 ms
