Hash Join  (cost=73982.55..438902.66 rows=26418 width=0) (actual time=1181.389..9068.166 rows=35010 loops=1)
  Hash Cond: (mi.movie_id = t.id)
  ->  Seq Scan on movie_info mi  (cost=0.00..309384.22 rows=14739122 width=4) (actual time=0.009..4513.721 rows=14835720 loops=1)
  ->  Hash  (cost=73925.90..73925.90 rows=4532 width=4) (actual time=1173.218..1173.218 rows=11542 loops=1)
        Buckets: 16384 (originally 8192)  Batches: 1 (originally 1)  Memory Usage: 534kB
        ->  Seq Scan on title t  (cost=0.00..73925.90 rows=4532 width=4) (actual time=205.660..1167.762 rows=11542 loops=1)
              Filter: ((kind_id = 7) AND (production_year = 1988))
              Rows Removed by Filter: 2516770
Planning time: 0.751 ms
Execution time: 9073.700 ms
