Hash Join  (cost=102767.86..462835.76 rows=164423 width=0) (actual time=5435.754..7432.740 rows=197754 loops=1)
  Hash Cond: (mi.movie_id = t.id)
  ->  Seq Scan on movie_info mi  (cost=0.00..346232.03 rows=164423 width=4) (actual time=3470.272..4965.141 rows=197754 loops=1)
        Filter: (info_type_id > 106)
        Rows Removed by Filter: 14637966
  ->  Hash  (cost=61283.27..61283.27 rows=2528527 width=4) (actual time=1908.644..1908.644 rows=2528312 loops=1)
        Buckets: 131072  Batches: 64  Memory Usage: 2425kB
        ->  Seq Scan on title t  (cost=0.00..61283.27 rows=2528527 width=4) (actual time=0.030..996.963 rows=2528312 loops=1)
Planning time: 3.457 ms
Execution time: 7455.465 ms
