Hash Join  (cost=75225.89..113660.63 rows=43226 width=0) (actual time=1288.932..2261.647 rows=30312 loops=1)
  Hash Cond: (mi_idx.movie_id = t.id)
  ->  Seq Scan on movie_info_idx mi_idx  (cost=0.00..21735.35 rows=1380035 width=4) (actual time=0.012..504.627 rows=1380035 loops=1)
  ->  Hash  (cost=73925.90..73925.90 rows=79199 width=4) (actual time=1287.976..1287.976 rows=97735 loops=1)
        Buckets: 131072  Batches: 2  Memory Usage: 2733kB
        ->  Seq Scan on title t  (cost=0.00..73925.90 rows=79199 width=4) (actual time=0.029..1249.198 rows=97735 loops=1)
              Filter: ((kind_id > 2) AND (production_year = 2007))
              Rows Removed by Filter: 2430577
Planning time: 0.716 ms
Execution time: 2266.285 ms
