Hash Join  (cost=199290.65..704965.94 rows=2424437 width=0) (actual time=5330.866..36406.046 rows=80186547 loops=1)
  Hash Cond: (mi.movie_id = t.id)
  ->  Seq Scan on movie_info mi  (cost=0.00..309384.22 rows=14739122 width=4) (actual time=0.018..6080.843 rows=14835720 loops=1)
  ->  Hash  (cost=192466.69..192466.69 rows=415917 width=8) (actual time=5330.046..5330.046 rows=1169763 loops=1)
        Buckets: 131072 (originally 131072)  Batches: 16 (originally 8)  Memory Usage: 4014kB
        ->  Hash Join  (cost=82871.49..192466.69 rows=415917 width=8) (actual time=1487.387..4984.373 rows=1169763 loops=1)
              Hash Cond: (mk.movie_id = t.id)
              ->  Seq Scan on movie_keyword mk  (cost=0.00..81003.12 rows=1928773 width=4) (actual time=0.028..1610.557 rows=1945231 loops=1)
                    Filter: (keyword_id < 3357)
                    Rows Removed by Filter: 2578699
              ->  Hash  (cost=73925.90..73925.90 rows=545247 width=4) (actual time=1486.593..1486.593 rows=557319 loops=1)
                    Buckets: 131072  Batches: 8  Memory Usage: 3494kB
                    ->  Seq Scan on title t  (cost=0.00..73925.90 rows=545247 width=4) (actual time=0.016..1305.382 rows=557319 loops=1)
                          Filter: ((production_year < 2011) AND (kind_id = 1))
                          Rows Removed by Filter: 1970993
Planning time: 1.183 ms
Execution time: 45074.223 ms
