Hash Join  (cost=224973.97..1082248.44 rows=1755094 width=0) (actual time=9185.271..22700.300 rows=3899317 loops=1)
  Hash Cond: (ci.movie_id = t.id)
  ->  Seq Scan on cast_info ci  (cost=0.00..796071.18 rows=2947871 width=4) (actual time=4249.627..14404.415 rows=4070618 loops=1)
        Filter: ((person_id > 2173871) AND (role_id = 2))
        Rows Removed by Filter: 32173726
  ->  Hash  (cost=200275.14..200275.14 rows=1505426 width=8) (actual time=4934.273..4934.273 rows=1514553 loops=1)
        Buckets: 131072  Batches: 32  Memory Usage: 2862kB
        ->  Hash Join  (cost=102767.86..200275.14 rows=1505426 width=8) (actual time=1872.374..4517.627 rows=1514553 loops=1)
              Hash Cond: (mc.movie_id = t.id)
              ->  Seq Scan on movie_companies mc  (cost=0.00..51404.11 rows=1505426 width=4) (actual time=0.031..1017.354 rows=1514553 loops=1)
                    Filter: (company_id > 7435)
                    Rows Removed by Filter: 1094576
              ->  Hash  (cost=61283.27..61283.27 rows=2528527 width=4) (actual time=1870.627..1870.627 rows=2528312 loops=1)
                    Buckets: 131072  Batches: 64  Memory Usage: 2415kB
                    ->  Seq Scan on title t  (cost=0.00..61283.27 rows=2528527 width=4) (actual time=0.013..1050.094 rows=2528312 loops=1)
Planning time: 1.200 ms
Execution time: 23167.549 ms
