Hash Join  (cost=102767.86..1261109.57 rows=18408527 width=0) (actual time=1904.000..31228.032 rows=18297784 loops=1)
  Hash Cond: (ci.movie_id = t.id)
  ->  Seq Scan on cast_info ci  (cost=0.00..705507.15 rows=18408527 width=4) (actual time=0.014..14479.690 rows=18297784 loops=1)
        Filter: (person_id < 1819113)
        Rows Removed by Filter: 17946560
  ->  Hash  (cost=61283.27..61283.27 rows=2528527 width=4) (actual time=1902.449..1902.449 rows=2528312 loops=1)
        Buckets: 131072  Batches: 64  Memory Usage: 2415kB
        ->  Seq Scan on title t  (cost=0.00..61283.27 rows=2528527 width=4) (actual time=0.012..1035.691 rows=2528312 loops=1)
Planning time: 5.233 ms
Execution time: 33310.711 ms
