Seq Scan on cast_info ci  (cost=0.00..796071.18 rows=315341 width=0) (actual time=487.932..12216.906 rows=649450 loops=1)
  Filter: ((person_id > 2392086) AND (role_id = 5))
  Rows Removed by Filter: 35594894
Planning time: 0.431 ms
Execution time: 12301.068 ms
