Hash Join  (cost=262977.70..1053635.36 rows=2720301 width=0) (actual time=12533.265..23427.957 rows=6470288 loops=1)
  Hash Cond: (ci.movie_id = t.id)
  ->  Seq Scan on cast_info ci  (cost=0.00..705507.15 rows=3998100 width=4) (actual time=6663.776..12922.317 rows=4008037 loops=1)
        Filter: (role_id = 3)
        Rows Removed by Filter: 32236307
  ->  Hash  (cost=234751.63..234751.63 rows=1720406 width=8) (actual time=5868.180..5868.180 rows=1968447 loops=1)
        Buckets: 131072  Batches: 32  Memory Usage: 3414kB
        ->  Hash Join  (cost=101489.21..234751.63 rows=1720406 width=8) (actual time=2076.846..5366.642 rows=1968447 loops=1)
              Hash Cond: (mk.movie_id = t.id)
              ->  Seq Scan on movie_keyword mk  (cost=0.00..81003.12 rows=2106246 width=4) (actual time=0.036..1570.707 rows=2113052 loops=1)
                    Filter: (keyword_id < 3843)
                    Rows Removed by Filter: 2410878
              ->  Hash  (cost=67604.59..67604.59 rows=2065330 width=4) (actual time=2075.901..2075.901 rows=2064552 loops=1)
                    Buckets: 131072  Batches: 32  Memory Usage: 3298kB
                    ->  Seq Scan on title t  (cost=0.00..67604.59 rows=2065330 width=4) (actual time=0.055..1386.287 rows=2064552 loops=1)
                          Filter: (production_year < 2011)
                          Rows Removed by Filter: 463760
Planning time: 1.193 ms
Execution time: 24162.161 ms
