Seq Scan on movie_companies mc  (cost=0.00..57926.93 rows=1216659 width=0) (actual time=0.009..3405.607 rows=1165662 loops=1)
  Filter: ((company_id > 19) AND (company_type_id = 1))
  Rows Removed by Filter: 1443467
Planning time: 0.390 ms
Execution time: 3605.492 ms
