Nested Loop  (cost=0.43..83071.67 rows=246 width=0) (actual time=100.773..1292.964 rows=11 loops=1)
  ->  Seq Scan on movie_keyword mk  (cost=0.00..81003.12 rows=246 width=4) (actual time=100.671..1292.359 rows=11 loops=1)
        Filter: (keyword_id = 13221)
        Rows Removed by Filter: 4523919
  ->  Index Only Scan using title_pkey on title t  (cost=0.43..8.40 rows=1 width=4) (actual time=0.047..0.047 rows=1 loops=11)
        Index Cond: (id = mk.movie_id)
        Heap Fetches: 11
Planning time: 1.842 ms
Execution time: 1293.038 ms
