Hash Join  (cost=212184.17..359706.49 rows=2094628 width=0) (actual time=4772.167..9942.340 rows=8109309 loops=1)
  Hash Cond: (mk.movie_id = t.id)
  ->  Seq Scan on movie_keyword mk  (cost=0.00..69693.30 rows=4523930 width=4) (actual time=0.025..1489.664 rows=4523930 loops=1)
  ->  Hash  (cost=192975.98..192975.98 rows=1170735 width=8) (actual time=4770.912..4770.912 rows=1209784 loops=1)
        Buckets: 131072  Batches: 16  Memory Usage: 4001kB
        ->  Hash Join  (cost=104131.46..192975.98 rows=1170735 width=8) (actual time=2121.166..4443.397 rows=1209784 loops=1)
              Hash Cond: (mc.movie_id = t.id)
              ->  Seq Scan on movie_companies mc  (cost=0.00..51404.11 rows=1329612 width=4) (actual time=0.015..1003.035 rows=1334883 loops=1)
                    Filter: (company_type_id > 1)
                    Rows Removed by Filter: 1274246
              ->  Hash  (cost=67604.59..67604.59 rows=2226390 width=4) (actual time=2120.060..2120.060 rows=2224569 loops=1)
                    Buckets: 131072  Batches: 32  Memory Usage: 3463kB
                    ->  Seq Scan on title t  (cost=0.00..67604.59 rows=2226390 width=4) (actual time=0.016..1425.959 rows=2224569 loops=1)
                          Filter: (production_year < 2012)
                          Rows Removed by Filter: 303743
Planning time: 1.191 ms
Execution time: 10778.075 ms
