Seq Scan on movie_companies mc  (cost=0.00..57926.93 rows=933030 width=0) (actual time=0.018..986.963 rows=1236698 loops=1)
  Filter: ((company_id < 43664) AND (company_type_id < 2))
  Rows Removed by Filter: 1372431
Planning time: 3.822 ms
Execution time: 1139.272 ms
