Hash Join  (cost=102767.86..214548.16 rows=868503 width=0) (actual time=2219.084..4643.430 rows=870627 loops=1)
  Hash Cond: (mk.movie_id = t.id)
  ->  Seq Scan on movie_keyword mk  (cost=0.00..81003.12 rows=868503 width=4) (actual time=0.017..1418.588 rows=870627 loops=1)
        Filter: (keyword_id < 827)
        Rows Removed by Filter: 3653303
  ->  Hash  (cost=61283.27..61283.27 rows=2528527 width=4) (actual time=2218.022..2218.022 rows=2528312 loops=1)
        Buckets: 131072  Batches: 64  Memory Usage: 2425kB
        ->  Seq Scan on title t  (cost=0.00..61283.27 rows=2528527 width=4) (actual time=0.017..1096.357 rows=2528312 loops=1)
Planning time: 0.720 ms
Execution time: 4735.331 ms
