Seq Scan on title t  (cost=0.00..73925.90 rows=1157561 width=0) (actual time=0.018..3681.145 rows=1267332 loops=1)
  Filter: ((kind_id > 1) AND (production_year > 1996))
  Rows Removed by Filter: 1260980
Planning time: 4.153 ms
Execution time: 3896.632 ms
