Seq Scan on movie_companies mc  (cost=0.00..57926.93 rows=1103401 width=0) (actual time=0.022..1139.410 rows=886805 loops=1)
  Filter: ((company_id < 77428) AND (company_type_id = 2))
  Rows Removed by Filter: 1722324
Planning time: 0.387 ms
Execution time: 1248.713 ms
