Hash Join  (cost=293451.01..406842.95 rows=2544700 width=0) (actual time=6423.442..14181.575 rows=19826085 loops=1)
  Hash Cond: (mc.movie_id = t.id)
  ->  Seq Scan on movie_companies mc  (cost=0.00..44881.29 rows=2609129 width=4) (actual time=0.023..1044.411 rows=2609129 loops=1)
  ->  Hash  (cost=252990.91..252990.91 rows=2466088 width=8) (actual time=6421.051..6421.051 rows=2450217 loops=1)
        Buckets: 131072  Batches: 64  Memory Usage: 2538kB
        ->  Hash Join  (cost=102767.86..252990.91 rows=2466088 width=8) (actual time=1873.355..5696.202 rows=2450217 loops=1)
              Hash Cond: (mk.movie_id = t.id)
              ->  Seq Scan on movie_keyword mk  (cost=0.00..81003.12 rows=2466088 width=4) (actual time=0.021..1534.307 rows=2450217 loops=1)
                    Filter: (keyword_id > 3666)
                    Rows Removed by Filter: 2073713
              ->  Hash  (cost=61283.27..61283.27 rows=2528527 width=4) (actual time=1870.950..1870.950 rows=2528312 loops=1)
                    Buckets: 131072  Batches: 64  Memory Usage: 2425kB
                    ->  Seq Scan on title t  (cost=0.00..61283.27 rows=2528527 width=4) (actual time=0.020..1002.464 rows=2528312 loops=1)
Planning time: 2.864 ms
Execution time: 16589.532 ms
