Hash Join  (cost=142076.06..638865.44 rows=1591642 width=0) (actual time=3659.732..15764.742 rows=1210807 loops=1)
  Hash Cond: (mi.movie_id = t.id)
  ->  Seq Scan on movie_info mi  (cost=0.00..309384.22 rows=14739122 width=4) (actual time=0.014..6071.863 rows=14835720 loops=1)
  ->  Hash  (cost=137595.93..137595.93 rows=273050 width=8) (actual time=3658.951..3658.951 rows=141856 loops=1)
        Buckets: 131072  Batches: 4  Memory Usage: 2413kB
        ->  Hash Join  (cost=98498.33..137595.93 rows=273050 width=8) (actual time=2893.809..3610.846 rows=141856 loops=1)
              Hash Cond: (mi_idx.movie_id = t.id)
              ->  Seq Scan on movie_info_idx mi_idx  (cost=0.00..25185.44 rows=460978 width=4) (actual time=0.016..497.478 rows=459925 loops=1)
                    Filter: (info_type_id < 100)
                    Rows Removed by Filter: 920110
              ->  Hash  (cost=73925.90..73925.90 rows=1497714 width=4) (actual time=1863.278..1863.278 rows=1478440 loops=1)
                    Buckets: 131072  Batches: 32  Memory Usage: 2651kB
                    ->  Seq Scan on title t  (cost=0.00..73925.90 rows=1497714 width=4) (actual time=0.010..1396.225 rows=1478440 loops=1)
                          Filter: ((production_year > 0) AND (kind_id = 7))
                          Rows Removed by Filter: 1049872
Planning time: 0.992 ms
Execution time: 15898.479 ms
