Seq Scan on movie_companies mc  (cost=0.00..51404.11 rows=1481626 width=0) (actual time=0.028..1062.509 rows=1484364 loops=1)
  Filter: (company_id > 8008)
  Rows Removed by Filter: 1124765
Planning time: 0.335 ms
Execution time: 1249.163 ms
