Hash Join  (cost=709678.15..800751.85 rows=531 width=0) (actual time=11302.877..13158.999 rows=56 loops=1)
  Hash Cond: (mk.movie_id = t.id)
  ->  Seq Scan on movie_keyword mk  (cost=0.00..81003.12 rows=2684072 width=4) (actual time=0.026..1608.996 rows=2679767 loops=1)
        Filter: (keyword_id < 7525)
        Rows Removed by Filter: 1844163
  ->  Hash  (cost=709671.90..709671.90 rows=500 width=8) (actual time=11160.191..11160.191 rows=297 loops=1)
        Buckets: 1024  Batches: 1  Memory Usage: 20kB
        ->  Nested Loop  (cost=0.43..709671.90 rows=500 width=8) (actual time=3935.350..11160.062 rows=297 loops=1)
              ->  Seq Scan on cast_info ci  (cost=0.00..705507.15 rows=500 width=4) (actual time=3935.239..11152.924 rows=297 loops=1)
                    Filter: (person_id = 2396730)
                    Rows Removed by Filter: 36244047
              ->  Index Only Scan using title_pkey on title t  (cost=0.43..8.32 rows=1 width=4) (actual time=0.023..0.023 rows=1 loops=297)
                    Index Cond: (id = ci.movie_id)
                    Heap Fetches: 297
Planning time: 1.173 ms
Execution time: 13159.123 ms
