Hash Join  (cost=74609.07..134757.59 rows=12107 width=0) (actual time=1451.956..2281.553 rows=38721 loops=1)
  Hash Cond: (mc.movie_id = t.id)
  ->  Seq Scan on movie_companies mc  (cost=0.00..57926.93 rows=560138 width=4) (actual time=93.972..1073.040 rows=343880 loops=1)
        Filter: ((company_id < 7297) AND (company_type_id = 2))
        Rows Removed by Filter: 2265249
  ->  Hash  (cost=73925.90..73925.90 rows=54653 width=4) (actual time=1098.573..1098.573 rows=69619 loops=1)
        Buckets: 131072 (originally 65536)  Batches: 1 (originally 1)  Memory Usage: 3472kB
        ->  Seq Scan on title t  (cost=0.00..73925.90 rows=54653 width=4) (actual time=253.978..1070.307 rows=69619 loops=1)
              Filter: ((production_year < 2005) AND (kind_id = 3))
              Rows Removed by Filter: 2458693
Planning time: 0.801 ms
Execution time: 2287.069 ms
