Hash Join  (cost=427513.98..454698.45 rows=27398 width=0) (actual time=6967.556..7684.680 rows=72592 loops=1)
  Hash Cond: (mi_idx.movie_id = t.id)
  ->  Seq Scan on movie_info_idx mi_idx  (cost=0.00..21735.35 rows=1380035 width=4) (actual time=0.020..372.117 rows=1380035 loops=1)
  ->  Hash  (cost=426886.48..426886.48 rows=50200 width=8) (actual time=6967.167..6967.167 rows=46884 loops=1)
        Buckets: 65536  Batches: 1  Memory Usage: 2344kB
        ->  Hash Join  (cost=70177.20..426886.48 rows=50200 width=8) (actual time=3787.645..6948.585 rows=46884 loops=1)
              Hash Cond: (mi.movie_id = t.id)
              ->  Seq Scan on movie_info mi  (cost=0.00..346232.03 rows=809669 width=4) (actual time=2676.278..5466.468 rows=802140 loops=1)
                    Filter: (info_type_id = 1)
                    Rows Removed by Filter: 14033580
              ->  Hash  (cost=67604.59..67604.59 rows=156769 width=4) (actual time=1107.748..1107.748 rows=160337 loops=1)
                    Buckets: 131072  Batches: 4  Memory Usage: 2437kB
                    ->  Seq Scan on title t  (cost=0.00..67604.59 rows=156769 width=4) (actual time=0.137..1053.713 rows=160337 loops=1)
                          Filter: (production_year < 1949)
                          Rows Removed by Filter: 2367975
Planning time: 1.221 ms
Execution time: 7694.164 ms
