Seq Scan on cast_info ci  (cost=0.00..705507.15 rows=500 width=0) (actual time=316.082..11048.216 rows=578 loops=1)
  Filter: (person_id = 2524477)
  Rows Removed by Filter: 36243766
Planning time: 0.378 ms
Execution time: 11048.404 ms
