Hash Join  (cost=83580.70..157242.98 rows=298081 width=0) (actual time=1590.240..3470.855 rows=473796 loops=1)
  Hash Cond: (mc.movie_id = t.id)
  ->  Seq Scan on movie_companies mc  (cost=0.00..57926.93 rows=774010 width=4) (actual time=76.051..1128.934 rows=994143 loops=1)
        Filter: ((company_id > 7026) AND (company_type_id = 2))
        Rows Removed by Filter: 1614986
  ->  Hash  (cost=67604.59..67604.59 rows=973769 width=4) (actual time=1512.962..1512.962 rows=971188 loops=1)
        Buckets: 131072  Batches: 16  Memory Usage: 3161kB
        ->  Seq Scan on title t  (cost=0.00..67604.59 rows=973769 width=4) (actual time=0.031..1204.975 rows=971188 loops=1)
              Filter: (production_year < 1999)
              Rows Removed by Filter: 1557124
Planning time: 0.771 ms
Execution time: 3529.603 ms
