Hash Join  (cost=52284.57..416943.35 rows=286 width=0) (actual time=875.173..8188.398 rows=12120 loops=1)
  Hash Cond: (mi.movie_id = t.id)
  ->  Seq Scan on movie_info mi  (cost=0.00..309384.22 rows=14739122 width=4) (actual time=0.015..4419.600 rows=14835720 loops=1)
  ->  Hash  (cost=52283.95..52283.95 rows=49 width=8) (actual time=860.625..860.625 rows=1852 loops=1)
        Buckets: 2048 (originally 1024)  Batches: 1 (originally 1)  Memory Usage: 89kB
        ->  Nested Loop  (cost=0.43..52283.95 rows=49 width=8) (actual time=79.701..859.590 rows=1852 loops=1)
              ->  Seq Scan on movie_companies mc  (cost=0.00..51404.11 rows=104 width=4) (actual time=79.624..802.818 rows=2434 loops=1)
                    Filter: (company_id = 13114)
                    Rows Removed by Filter: 2606695
              ->  Index Scan using title_pkey on title t  (cost=0.43..8.45 rows=1 width=4) (actual time=0.022..0.023 rows=1 loops=2434)
                    Index Cond: (id = mc.movie_id)
                    Filter: (production_year > 2003)
                    Rows Removed by Filter: 0
Planning time: 1.192 ms
Execution time: 8190.615 ms
