Seq Scan on movie_keyword mk  (cost=0.00..81003.12 rows=246 width=0) (actual time=355.313..3336.100 rows=16 loops=1)
  Filter: (keyword_id = 16072)
  Rows Removed by Filter: 4523914
Planning time: 0.779 ms
Execution time: 3336.211 ms
