Seq Scan on movie_keyword mk  (cost=0.00..81003.12 rows=246 width=0) (actual time=17.044..1160.085 rows=122 loops=1)
  Filter: (keyword_id = 13333)
  Rows Removed by Filter: 4523808
Planning time: 0.365 ms
Execution time: 1160.267 ms
