Hash Join  (cost=79273.71..427012.11 rows=2312 width=0) (actual time=1641.576..6542.918 rows=58 loops=1)
  Hash Cond: (mi.movie_id = t.id)
  ->  Seq Scan on movie_info mi  (cost=0.00..346232.03 rows=17937 width=4) (actual time=503.114..5286.366 rows=140065 loops=1)
        Filter: (info_type_id = 9)
        Rows Removed by Filter: 14695655
  ->  Hash  (cost=73925.90..73925.90 rows=325904 width=4) (actual time=1136.586..1136.586 rows=349534 loops=1)
        Buckets: 131072  Batches: 8  Memory Usage: 2572kB
        ->  Seq Scan on title t  (cost=0.00..73925.90 rows=325904 width=4) (actual time=0.022..1024.214 rows=349534 loops=1)
              Filter: ((production_year > 2009) AND (kind_id = 7))
              Rows Removed by Filter: 2178778
Planning time: 0.790 ms
Execution time: 6543.418 ms
