Seq Scan on movie_keyword mk  (cost=0.00..81003.12 rows=2784327 width=0) (actual time=0.024..1501.815 rows=2774353 loops=1)
  Filter: (keyword_id > 2853)
  Rows Removed by Filter: 1749577
Planning time: 0.332 ms
Execution time: 1842.534 ms
