Hash Join  (cost=74500.48..441835.83 rows=267942 width=0) (actual time=1102.441..10117.763 rows=464413 loops=1)
  Hash Cond: (mi.movie_id = t.id)
  ->  Seq Scan on movie_info mi  (cost=0.00..309384.22 rows=14739122 width=4) (actual time=0.010..4520.286 rows=14835720 loops=1)
  ->  Hash  (cost=73925.90..73925.90 rows=45966 width=4) (actual time=1102.061..1102.061 rows=59574 loops=1)
        Buckets: 65536  Batches: 1  Memory Usage: 2607kB
        ->  Seq Scan on title t  (cost=0.00..73925.90 rows=45966 width=4) (actual time=428.157..1076.544 rows=59574 loops=1)
              Filter: ((production_year < 2002) AND (kind_id = 3))
              Rows Removed by Filter: 2468738
Planning time: 1.590 ms
Execution time: 10181.555 ms
