Seq Scan on cast_info ci  (cost=0.00..705507.15 rows=500 width=0) (actual time=87.025..10649.982 rows=630 loops=1)
  Filter: (person_id = 844202)
  Rows Removed by Filter: 36243714
Planning time: 0.385 ms
Execution time: 10650.166 ms
