Seq Scan on movie_keyword mk  (cost=0.00..81003.12 rows=2941332 width=0) (actual time=0.026..1506.493 rows=2926574 loops=1)
  Filter: (keyword_id < 9624)
  Rows Removed by Filter: 1597356
Planning time: 0.348 ms
Execution time: 1864.647 ms
