Hash Join  (cost=175860.92..1228887.70 rows=1871262 width=0) (actual time=3254.221..29894.798 rows=1293474 loops=1)
  Hash Cond: (ci.movie_id = t.id)
  ->  Seq Scan on cast_info ci  (cost=0.00..614943.12 rows=36225612 width=4) (actual time=0.020..13263.098 rows=36244344 loops=1)
  ->  Hash  (cost=173717.25..173717.25 rows=130613 width=8) (actual time=3253.398..3253.398 rows=59592 loops=1)
        Buckets: 131072  Batches: 2  Memory Usage: 2192kB
        ->  Hash Join  (cost=102767.86..173717.25 rows=130613 width=8) (actual time=2016.734..3232.805 rows=59592 loops=1)
              Hash Cond: (mc.movie_id = t.id)
              ->  Seq Scan on movie_companies mc  (cost=0.00..57926.93 rows=130613 width=4) (actual time=0.034..758.968 rows=59592 loops=1)
                    Filter: ((company_id < 122) AND (company_type_id = 2))
                    Rows Removed by Filter: 2549537
              ->  Hash  (cost=61283.27..61283.27 rows=2528527 width=4) (actual time=2014.748..2014.748 rows=2528312 loops=1)
                    Buckets: 131072  Batches: 64  Memory Usage: 2415kB
                    ->  Seq Scan on title t  (cost=0.00..61283.27 rows=2528527 width=4) (actual time=0.021..1198.643 rows=2528312 loops=1)
Planning time: 1.237 ms
Execution time: 30070.380 ms
