Hash Join  (cost=69694.50..1020749.83 rows=644848 width=0) (actual time=7675.701..24031.527 rows=970921 loops=1)
  Hash Cond: (ci.movie_id = t.id)
  ->  Seq Scan on cast_info ci  (cost=0.00..796071.18 rows=12803112 width=4) (actual time=6718.083..17280.158 rows=14032031 loops=1)
        Filter: ((person_id > 727596) AND (role_id > 2))
        Rows Removed by Filter: 22212313
  ->  Hash  (cost=67604.59..67604.59 rows=127353 width=4) (actual time=956.654..956.654 rows=128696 loops=1)
        Buckets: 131072  Batches: 2  Memory Usage: 3284kB
        ->  Seq Scan on title t  (cost=0.00..67604.59 rows=127353 width=4) (actual time=0.036..888.296 rows=128696 loops=1)
              Filter: (production_year = 2009)
              Rows Removed by Filter: 2399616
Planning time: 0.733 ms
Execution time: 24164.853 ms
