Hash Join  (cost=218806.77..1428020.91 rows=17075498 width=0) (actual time=4975.632..48136.120 rows=31449275 loops=1)
  Hash Cond: (ci.movie_id = t.id)
  ->  Seq Scan on cast_info ci  (cost=0.00..614943.12 rows=36225612 width=4) (actual time=0.015..13697.903 rows=36244344 loops=1)
  ->  Hash  (cost=199252.52..199252.52 rows=1191860 width=8) (actual time=4974.323..4974.323 rows=1272480 loops=1)
        Buckets: 131072 (originally 131072)  Batches: 32 (originally 16)  Memory Usage: 3073kB
        ->  Hash Join  (cost=102767.86..199252.52 rows=1191860 width=8) (actual time=2455.476..4607.458 rows=1272480 loops=1)
              Hash Cond: (mc.movie_id = t.id)
              ->  Seq Scan on movie_companies mc  (cost=0.00..57926.93 rows=1191860 width=4) (actual time=511.036..1248.195 rows=1272480 loops=1)
                    Filter: ((company_id > 137) AND (company_type_id = 2))
                    Rows Removed by Filter: 1336649
              ->  Hash  (cost=61283.27..61283.27 rows=2528527 width=4) (actual time=1943.191..1943.191 rows=2528312 loops=1)
                    Buckets: 131072  Batches: 64  Memory Usage: 2415kB
                    ->  Seq Scan on title t  (cost=0.00..61283.27 rows=2528527 width=4) (actual time=0.018..1087.047 rows=2528312 loops=1)
Planning time: 1.121 ms
Execution time: 51722.864 ms
