Seq Scan on cast_info ci  (cost=0.00..796071.18 rows=20794344 width=0) (actual time=0.018..15624.444 rows=19357766 loops=1)
  Filter: ((person_id < 3287117) AND (role_id > 1))
  Rows Removed by Filter: 16886578
Planning time: 0.338 ms
Execution time: 17783.363 ms
