Nested Loop  (cost=0.43..83071.67 rows=246 width=0) (actual time=0.814..1242.136 rows=572 loops=1)
  ->  Seq Scan on movie_keyword mk  (cost=0.00..81003.12 rows=246 width=4) (actual time=0.731..1214.682 rows=572 loops=1)
        Filter: (keyword_id = 7613)
        Rows Removed by Filter: 4523358
  ->  Index Only Scan using title_pkey on title t  (cost=0.43..8.40 rows=1 width=4) (actual time=0.046..0.046 rows=1 loops=572)
        Index Cond: (id = mk.movie_id)
        Heap Fetches: 572
Planning time: 1.213 ms
Execution time: 1242.467 ms
