Hash Join  (cost=423743.45..1178295.69 rows=376311 width=0) (actual time=20359.425..63959.388 rows=2337844 loops=1)
  Hash Cond: (ci.movie_id = t.id)
  ->  Seq Scan on cast_info ci  (cost=0.00..614943.12 rows=36225612 width=4) (actual time=0.022..31060.596 rows=36244344 loops=1)
  ->  Hash  (cost=423415.13..423415.13 rows=26266 width=8) (actual time=20359.178..20359.178 rows=26561 loops=1)
        Buckets: 32768  Batches: 1  Memory Usage: 1294kB
        ->  Hash Join  (cost=69374.09..423415.13 rows=26266 width=8) (actual time=15829.853..20349.529 rows=26561 loops=1)
              Hash Cond: (mi.movie_id = t.id)
              ->  Seq Scan on movie_info mi  (cost=0.00..346232.03 rows=616095 width=4) (actual time=12256.914..16378.743 rows=598457 loops=1)
                    Filter: (info_type_id = 15)
                    Rows Removed by Filter: 14237263
              ->  Hash  (cost=67604.59..67604.59 rows=107800 width=4) (actual time=3402.008..3402.008 rows=108429 loops=1)
                    Buckets: 131072  Batches: 2  Memory Usage: 2938kB
                    ->  Seq Scan on title t  (cost=0.00..67604.59 rows=107800 width=4) (actual time=0.020..3354.787 rows=108429 loops=1)
                          Filter: (production_year = 2006)
                          Rows Removed by Filter: 2419883
Planning time: 13.364 ms
Execution time: 64353.368 ms
