Hash Join  (cost=95640.91..185033.73 rows=10764 width=0) (actual time=1567.416..3485.416 rows=52476 loops=1)
  Hash Cond: (mk.movie_id = t.id)
  ->  Seq Scan on movie_keyword mk  (cost=0.00..81003.12 rows=2208549 width=4) (actual time=0.021..1531.626 rows=2205673 loops=1)
        Filter: (keyword_id > 5038)
        Rows Removed by Filter: 2318257
  ->  Hash  (cost=95486.87..95486.87 rows=12323 width=8) (actual time=1567.130..1567.130 rows=15100 loops=1)
        Buckets: 16384  Batches: 1  Memory Usage: 718kB
        ->  Hash Join  (cost=68449.54..95486.87 rows=12323 width=8) (actual time=988.923..1561.145 rows=15100 loops=1)
              Hash Cond: (mi_idx.movie_id = t.id)
              ->  Seq Scan on movie_info_idx mi_idx  (cost=0.00..25185.44 rows=460978 width=4) (actual time=0.019..440.097 rows=459925 loops=1)
                    Filter: (info_type_id = 99)
                    Rows Removed by Filter: 920110
              ->  Hash  (cost=67604.59..67604.59 rows=67596 width=4) (actual time=988.227..988.227 rows=67777 loops=1)
                    Buckets: 131072  Batches: 1  Memory Usage: 3407kB
                    ->  Seq Scan on title t  (cost=0.00..67604.59 rows=67596 width=4) (actual time=0.016..962.143 rows=67777 loops=1)
                          Filter: (production_year = 2003)
                          Rows Removed by Filter: 2460535
Planning time: 1.395 ms
Execution time: 3492.760 ms
