Hash Join  (cost=124528.01..1137689.45 rows=2871329 width=0) (actual time=7090.914..31530.928 rows=6132872 loops=1)
  Hash Cond: (ci.movie_id = t.id)
  ->  Seq Scan on cast_info ci  (cost=0.00..705507.15 rows=24022411 width=4) (actual time=4300.564..16298.816 rows=24130698 loops=1)
        Filter: (role_id < 4)
        Rows Removed by Filter: 12113646
  ->  Hash  (cost=119569.18..119569.18 rows=302227 width=8) (actual time=2789.327..2789.327 rows=351163 loops=1)
        Buckets: 131072 (originally 131072)  Batches: 8 (originally 4)  Memory Usage: 3073kB
        ->  Hash Join  (cost=76690.42..119569.18 rows=302227 width=8) (actual time=1464.489..2676.566 rows=351163 loops=1)
              Hash Cond: (mi_idx.movie_id = t.id)
              ->  Seq Scan on movie_info_idx mi_idx  (cost=0.00..21735.35 rows=1380035 width=4) (actual time=0.029..427.365 rows=1380035 loops=1)
              ->  Hash  (cost=67604.59..67604.59 rows=553747 width=4) (actual time=1463.390..1463.390 rows=552960 loops=1)
                    Buckets: 131072  Batches: 8  Memory Usage: 3445kB
                    ->  Seq Scan on title t  (cost=0.00..67604.59 rows=553747 width=4) (actual time=0.025..1272.038 rows=552960 loops=1)
                          Filter: (production_year < 1983)
                          Rows Removed by Filter: 1975352
Planning time: 1.183 ms
Execution time: 32239.381 ms
