Hash Join  (cost=84407.80..220336.26 rows=1143042 width=0) (actual time=1658.111..5852.477 rows=2866554 loops=1)
  Hash Cond: (mk.movie_id = t.id)
  ->  Seq Scan on movie_keyword mk  (cost=0.00..69693.30 rows=4523930 width=4) (actual time=0.013..1459.239 rows=4523930 loops=1)
  ->  Hash  (cost=73925.90..73925.90 rows=638872 width=4) (actual time=1657.193..1657.193 rows=613492 loops=1)
        Buckets: 131072  Batches: 16  Memory Usage: 2379kB
        ->  Seq Scan on title t  (cost=0.00..73925.90 rows=638872 width=4) (actual time=0.015..1448.542 rows=613492 loops=1)
              Filter: ((production_year > 1912) AND (kind_id = 1))
              Rows Removed by Filter: 1914820
Planning time: 0.771 ms
Execution time: 6192.241 ms
