Seq Scan on movie_companies mc  (cost=0.00..51404.11 rows=526998 width=0) (actual time=0.032..865.781 rows=527207 loops=1)
  Filter: (company_id < 487)
  Rows Removed by Filter: 2081922
Planning time: 0.341 ms
Execution time: 930.205 ms
