Hash Join  (cost=203188.83..1305696.63 rows=2280056 width=0) (actual time=3699.817..30556.223 rows=563910 loops=1)
  Hash Cond: (ci.movie_id = t.id)
  ->  Seq Scan on cast_info ci  (cost=0.00..614943.12 rows=36225612 width=4) (actual time=0.016..12732.916 rows=36244344 loops=1)
  ->  Hash  (cost=200577.49..200577.49 rows=159147 width=8) (actual time=3684.928..3684.928 rows=45552 loops=1)
        Buckets: 131072  Batches: 4  Memory Usage: 1471kB
        ->  Hash Join  (cost=69181.64..200577.49 rows=159147 width=8) (actual time=961.600..3668.912 rows=45552 loops=1)
              Hash Cond: (mk.movie_id = t.id)
              ->  Seq Scan on movie_keyword mk  (cost=0.00..81003.12 rows=4188069 width=4) (actual time=0.026..1492.881 rows=4171879 loops=1)
                    Filter: (keyword_id > 309)
                    Rows Removed by Filter: 352051
              ->  Hash  (cost=67604.59..67604.59 rows=96084 width=4) (actual time=960.713..960.713 rows=95965 loops=1)
                    Buckets: 131072  Batches: 2  Memory Usage: 2714kB
                    ->  Seq Scan on title t  (cost=0.00..67604.59 rows=96084 width=4) (actual time=0.016..925.746 rows=95965 loops=1)
                          Filter: (production_year < 1923)
                          Rows Removed by Filter: 2432347
Planning time: 1.173 ms
Execution time: 30624.215 ms
