Seq Scan on movie_keyword mk  (cost=0.00..81003.12 rows=246 width=0) (actual time=57.762..1258.996 rows=1 loops=1)
  Filter: (keyword_id = 91282)
  Rows Removed by Filter: 4523929
Planning time: 0.394 ms
Execution time: 1259.131 ms
