Hash Join  (cost=156244.32..596086.02 rows=605222 width=0) (actual time=3601.452..13937.215 rows=2135832 loops=1)
  Hash Cond: (mi.movie_id = t.id)
  ->  Seq Scan on movie_info mi  (cost=0.00..346232.03 rows=7503588 width=4) (actual time=356.127..6311.172 rows=7548855 loops=1)
        Filter: (info_type_id > 7)
        Rows Removed by Filter: 7286865
  ->  Hash  (cost=152898.01..152898.01 rows=203945 width=8) (actual time=3171.069..3171.069 rows=225190 loops=1)
        Buckets: 131072  Batches: 4  Memory Usage: 3238kB
        ->  Hash Join  (cost=89762.59..152898.01 rows=203945 width=8) (actual time=1798.725..3097.499 rows=225190 loops=1)
              Hash Cond: (mc.movie_id = t.id)
              ->  Seq Scan on movie_companies mc  (cost=0.00..51404.11 rows=381828 width=4) (actual time=0.026..800.292 rows=385262 loops=1)
                    Filter: (company_id > 83645)
                    Rows Removed by Filter: 2223867
              ->  Hash  (cost=67604.59..67604.59 rows=1350560 width=4) (actual time=1796.804..1796.804 rows=1348293 loops=1)
                    Buckets: 131072  Batches: 32  Memory Usage: 2505kB
                    ->  Seq Scan on title t  (cost=0.00..67604.59 rows=1350560 width=4) (actual time=0.017..1360.529 rows=1348293 loops=1)
                          Filter: (production_year < 2005)
                          Rows Removed by Filter: 1180019
Planning time: 1.274 ms
Execution time: 14151.068 ms
