Seq Scan on movie_keyword mk  (cost=0.00..81003.12 rows=2691314 width=0) (actual time=0.023..1578.458 rows=2681700 loops=1)
  Filter: (keyword_id > 3046)
  Rows Removed by Filter: 1842230
Planning time: 0.304 ms
Execution time: 1919.239 ms
