Hash Join  (cost=75389.57..199336.05 rows=159544 width=0) (actual time=1239.038..3997.052 rows=80281 loops=1)
  Hash Cond: (mk.movie_id = t.id)
  ->  Seq Scan on movie_keyword mk  (cost=0.00..69693.30 rows=4523930 width=4) (actual time=0.016..1421.234 rows=4523930 loops=1)
  ->  Hash  (cost=73925.90..73925.90 rows=89173 width=4) (actual time=1238.203..1238.203 rows=96478 loops=1)
        Buckets: 131072  Batches: 2  Memory Usage: 2724kB
        ->  Seq Scan on title t  (cost=0.00..73925.90 rows=89173 width=4) (actual time=0.024..1199.703 rows=96478 loops=1)
              Filter: ((kind_id > 2) AND (production_year = 2009))
              Rows Removed by Filter: 2431834
Planning time: 0.787 ms
Execution time: 4007.578 ms
