Seq Scan on movie_keyword mk  (cost=0.00..81003.12 rows=1691359 width=0) (actual time=0.022..1466.103 rows=1700423 loops=1)
  Filter: (keyword_id > 8459)
  Rows Removed by Filter: 2823507
Planning time: 0.321 ms
Execution time: 1679.053 ms
