Hash Join  (cost=129928.86..1667422.76 rows=23499554 width=136) (actual time=1971.600..19801.316 rows=23573656 loops=1)
  Hash Cond: (ci.movie_id = t.id)
  ->  Seq Scan on cast_info ci  (cost=0.00..705507.15 rows=23499554 width=42) (actual time=1109.493..5794.268 rows=23573656 loops=1)
        Filter: (role_id > 1)
        Rows Removed by Filter: 12670688
  ->  Hash  (cost=61283.27..61283.27 rows=2528527 width=94) (actual time=861.345..861.345 rows=2528312 loops=1)
        Buckets: 32768  Batches: 128  Memory Usage: 2453kB
        ->  Seq Scan on title t  (cost=0.00..61283.27 rows=2528527 width=94) (actual time=0.005..307.882 rows=2528312 loops=1)
Planning time: 0.598 ms
Execution time: 20516.226 ms
