Seq Scan on movie_keyword mk  (cost=0.00..81003.12 rows=246 width=0) (actual time=402.384..1301.888 rows=1 loops=1)
  Filter: (keyword_id = 30107)
  Rows Removed by Filter: 4523929
Planning time: 0.387 ms
Execution time: 1301.974 ms
