Hash Join  (cost=83074.05..833883.41 rows=2017 width=0) (actual time=1362.782..18312.542 rows=48920 loops=1)
  Hash Cond: (ci.movie_id = t.id)
  ->  Seq Scan on cast_info ci  (cost=0.00..614943.12 rows=36225612 width=4) (actual time=0.015..9232.786 rows=36244344 loops=1)
  ->  Hash  (cost=83072.29..83072.29 rows=141 width=8) (actual time=1362.434..1362.434 rows=1784 loops=1)
        Buckets: 2048 (originally 1024)  Batches: 1 (originally 1)  Memory Usage: 86kB
        ->  Nested Loop  (cost=0.43..83072.29 rows=141 width=8) (actual time=0.230..1361.138 rows=1784 loops=1)
              ->  Seq Scan on movie_keyword mk  (cost=0.00..81003.12 rows=246 width=4) (actual time=0.175..1261.470 rows=2111 loops=1)
                    Filter: (keyword_id = 2489)
                    Rows Removed by Filter: 4521819
              ->  Index Scan using title_pkey on title t  (cost=0.43..8.40 rows=1 width=4) (actual time=0.046..0.046 rows=1 loops=2111)
                    Index Cond: (id = mk.movie_id)
                    Filter: (production_year < 2006)
                    Rows Removed by Filter: 0
Planning time: 2.470 ms
Execution time: 18324.730 ms
