Hash Join  (cost=709678.15..1058948.41 rows=160 width=0) (actual time=11905.062..14159.034 rows=8 loops=1)
  Hash Cond: (mi.movie_id = t.id)
  ->  Seq Scan on movie_info mi  (cost=0.00..346232.03 rows=809768 width=4) (actual time=2066.301..4264.010 rows=802140 loops=1)
        Filter: (info_type_id < 2)
        Rows Removed by Filter: 14033580
  ->  Hash  (cost=709671.90..709671.90 rows=500 width=8) (actual time=9797.646..9797.646 rows=11 loops=1)
        Buckets: 1024  Batches: 1  Memory Usage: 9kB
        ->  Nested Loop  (cost=0.43..709671.90 rows=500 width=8) (actual time=7179.501..9797.596 rows=11 loops=1)
              ->  Seq Scan on cast_info ci  (cost=0.00..705507.15 rows=500 width=4) (actual time=7179.341..9797.051 rows=11 loops=1)
                    Filter: (person_id = 2976980)
                    Rows Removed by Filter: 36244333
              ->  Index Only Scan using title_pkey on title t  (cost=0.43..8.32 rows=1 width=4) (actual time=0.040..0.041 rows=1 loops=11)
                    Index Cond: (id = ci.movie_id)
                    Heap Fetches: 11
Planning time: 1.137 ms
Execution time: 14159.128 ms
