Hash Join  (cost=91959.31..171470.45 rows=751184 width=0) (actual time=1779.120..4426.761 rows=592966 loops=1)
  Hash Cond: (mc.movie_id = t.id)
  ->  Seq Scan on movie_companies mc  (cost=0.00..51404.11 rows=1279517 width=4) (actual time=0.022..1001.461 rows=1274246 loops=1)
        Filter: (company_type_id < 2)
        Rows Removed by Filter: 1334883
  ->  Hash  (cost=67604.59..67604.59 rows=1484458 width=4) (actual time=1778.116..1778.116 rows=1485030 loops=1)
        Buckets: 131072  Batches: 32  Memory Usage: 2655kB
        ->  Seq Scan on title t  (cost=0.00..67604.59 rows=1484458 width=4) (actual time=0.008..1290.068 rows=1485030 loops=1)
              Filter: (production_year > 1998)
              Rows Removed by Filter: 1043282
Planning time: 0.566 ms
Execution time: 4494.335 ms
