Hash Join  (cost=78556.72..112897.81 rows=121698 width=0) (actual time=3660.687..5774.232 rows=209880 loops=1)
  Hash Cond: (mi_idx.movie_id = t.id)
  ->  Seq Scan on movie_info_idx mi_idx  (cost=0.00..25185.44 rows=460978 width=4) (actual time=0.027..1550.012 rows=459925 loops=1)
        Filter: (info_type_id < 100)
        Rows Removed by Filter: 920110
  ->  Hash  (cost=67604.59..67604.59 rows=667531 width=4) (actual time=3659.848..3659.848 rows=662825 loops=1)
        Buckets: 131072  Batches: 16  Memory Usage: 2476kB
        ->  Seq Scan on title t  (cost=0.00..67604.59 rows=667531 width=4) (actual time=0.012..3326.048 rows=662825 loops=1)
              Filter: (kind_id = 1)
              Rows Removed by Filter: 1865487
Planning time: 0.692 ms
Execution time: 5812.141 ms
