Hash Join  (cost=302605.07..986716.55 rows=15694074 width=0) (actual time=7150.516..50336.871 rows=134901728 loops=1)
  Hash Cond: (mi.movie_id = t.id)
  ->  Seq Scan on movie_info mi  (cost=0.00..309384.22 rows=14739122 width=4) (actual time=0.023..6392.687 rows=14835720 loops=1)
  ->  Hash  (cost=258433.69..258433.69 rows=2692351 width=8) (actual time=7148.900..7148.900 rows=2686465 loops=1)
        Buckets: 131072  Batches: 64  Memory Usage: 2759kB
        ->  Hash Join  (cost=102767.86..258433.69 rows=2692351 width=8) (actual time=1806.674..6353.248 rows=2686465 loops=1)
              Hash Cond: (mk.movie_id = t.id)
              ->  Seq Scan on movie_keyword mk  (cost=0.00..81003.12 rows=2692351 width=4) (actual time=0.020..1601.671 rows=2686465 loops=1)
                    Filter: (keyword_id < 7582)
                    Rows Removed by Filter: 1837465
              ->  Hash  (cost=61283.27..61283.27 rows=2528527 width=4) (actual time=1805.975..1805.975 rows=2528312 loops=1)
                    Buckets: 131072  Batches: 64  Memory Usage: 2425kB
                    ->  Seq Scan on title t  (cost=0.00..61283.27 rows=2528527 width=4) (actual time=0.018..922.430 rows=2528312 loops=1)
Planning time: 1.205 ms
Execution time: 64652.238 ms
