Hash Join  (cost=102767.86..215569.33 rows=2141007 width=0) (actual time=1832.428..5034.037 rows=2144308 loops=1)
  Hash Cond: (mc.movie_id = t.id)
  ->  Seq Scan on movie_companies mc  (cost=0.00..51404.11 rows=2141007 width=4) (actual time=0.027..1100.101 rows=2144308 loops=1)
        Filter: (company_id > 398)
        Rows Removed by Filter: 464821
  ->  Hash  (cost=61283.27..61283.27 rows=2528527 width=4) (actual time=1831.527..1831.527 rows=2528312 loops=1)
        Buckets: 131072  Batches: 64  Memory Usage: 2415kB
        ->  Seq Scan on title t  (cost=0.00..61283.27 rows=2528527 width=4) (actual time=0.024..1018.438 rows=2528312 loops=1)
Planning time: 0.772 ms
Execution time: 5265.626 ms
