Hash Join  (cost=102767.86..193269.16 rows=943161 width=0) (actual time=2324.095..4102.946 rows=787646 loops=1)
  Hash Cond: (mc.movie_id = t.id)
  ->  Seq Scan on movie_companies mc  (cost=0.00..57926.93 rows=943161 width=4) (actual time=363.975..1112.768 rows=787646 loops=1)
        Filter: ((company_id > 1135) AND (company_type_id < 2))
        Rows Removed by Filter: 1821483
  ->  Hash  (cost=61283.27..61283.27 rows=2528527 width=4) (actual time=1958.524..1958.524 rows=2528312 loops=1)
        Buckets: 131072  Batches: 64  Memory Usage: 2415kB
        ->  Seq Scan on title t  (cost=0.00..61283.27 rows=2528527 width=4) (actual time=0.023..1110.993 rows=2528312 loops=1)
Planning time: 0.755 ms
Execution time: 4194.509 ms
