Hash Join  (cost=183244.87..1153401.64 rows=2404073 width=0) (actual time=4056.163..29546.783 rows=5243511 loops=1)
  Hash Cond: (ci.movie_id = t.id)
  ->  Seq Scan on cast_info ci  (cost=0.00..796071.18 rows=12816498 width=4) (actual time=0.015..17197.656 rows=14038358 loops=1)
        Filter: ((person_id > 724887) AND (role_id > 2))
        Rows Removed by Filter: 22205986
  ->  Hash  (cost=175463.22..175463.22 rows=474292 width=8) (actual time=4055.381..4055.381 rows=478397 loops=1)
        Buckets: 131072  Batches: 8  Memory Usage: 3372kB
        ->  Hash Join  (cost=102767.86..175463.22 rows=474292 width=8) (actual time=2005.056..3880.318 rows=478397 loops=1)
              Hash Cond: (mc.movie_id = t.id)
              ->  Seq Scan on movie_companies mc  (cost=0.00..51404.11 rows=474292 width=4) (actual time=159.641..893.095 rows=478397 loops=1)
                    Filter: (company_id > 75437)
                    Rows Removed by Filter: 2130732
              ->  Hash  (cost=61283.27..61283.27 rows=2528527 width=4) (actual time=1844.210..1844.210 rows=2528312 loops=1)
                    Buckets: 131072  Batches: 64  Memory Usage: 2415kB
                    ->  Seq Scan on title t  (cost=0.00..61283.27 rows=2528527 width=4) (actual time=0.011..997.261 rows=2528312 loops=1)
Planning time: 0.805 ms
Execution time: 30152.202 ms
