Seq Scan on cast_info ci  (cost=0.00..796071.18 rows=4255071 width=0) (actual time=3360.273..15800.807 rows=4307988 loops=1)
  Filter: ((person_id > 51145) AND (role_id = 10))
  Rows Removed by Filter: 31936356
Planning time: 0.398 ms
Execution time: 16316.187 ms
