Hash Join  (cost=97066.09..181963.95 rows=944269 width=0) (actual time=1856.255..4208.445 rows=1015686 loops=1)
  Hash Cond: (mc.movie_id = t.id)
  ->  Seq Scan on movie_companies mc  (cost=0.00..51404.11 rows=1329612 width=4) (actual time=0.026..1021.098 rows=1334883 loops=1)
        Filter: (company_type_id > 1)
        Rows Removed by Filter: 1274246
  ->  Hash  (cost=67604.59..67604.59 rows=1795720 width=4) (actual time=1855.325..1855.325 rows=1794153 loops=1)
        Buckets: 131072  Batches: 32  Memory Usage: 2992kB
        ->  Seq Scan on title t  (cost=0.00..67604.59 rows=1795720 width=4) (actual time=0.026..1276.582 rows=1794153 loops=1)
              Filter: (production_year < 2009)
              Rows Removed by Filter: 734159
Planning time: 0.892 ms
Execution time: 4334.258 ms
