Hash Join  (cost=269833.84..1625979.23 rows=26970622 width=0) (actual time=5981.326..59249.123 rows=88193753 loops=1)
  Hash Cond: (ci.movie_id = t.id)
  ->  Seq Scan on cast_info ci  (cost=0.00..614943.12 rows=36225612 width=4) (actual time=0.019..13301.167 rows=36244344 loops=1)
  ->  Hash  (cost=238948.16..238948.16 rows=1882534 width=8) (actual time=5980.106..5980.106 rows=1894831 loops=1)
        Buckets: 131072  Batches: 32  Memory Usage: 3325kB
        ->  Hash Join  (cost=102767.86..238948.16 rows=1882534 width=8) (actual time=2029.964..5441.165 rows=1894831 loops=1)
              Hash Cond: (mk.movie_id = t.id)
              ->  Seq Scan on movie_keyword mk  (cost=0.00..81003.12 rows=1882534 width=4) (actual time=0.024..1546.409 rows=1894831 loops=1)
                    Filter: (keyword_id < 3244)
                    Rows Removed by Filter: 2629099
              ->  Hash  (cost=61283.27..61283.27 rows=2528527 width=4) (actual time=2028.238..2028.238 rows=2528312 loops=1)
                    Buckets: 131072  Batches: 64  Memory Usage: 2425kB
                    ->  Seq Scan on title t  (cost=0.00..61283.27 rows=2528527 width=4) (actual time=0.026..1161.056 rows=2528312 loops=1)
Planning time: 1.191 ms
Execution time: 68535.193 ms
