Seq Scan on movie_keyword mk  (cost=0.00..81003.12 rows=246 width=0) (actual time=148.953..1320.685 rows=32 loops=1)
  Filter: (keyword_id = 29176)
  Rows Removed by Filter: 4523898
Planning time: 0.350 ms
Execution time: 1320.811 ms
