Hash Join  (cost=159439.41..1025498.07 rows=1243879 width=0) (actual time=12702.178..65200.851 rows=5831726 loops=1)
  Hash Cond: (ci.movie_id = t.id)
  ->  Seq Scan on cast_info ci  (cost=0.00..705507.15 rows=12726058 width=4) (actual time=3518.949..43834.636 rows=12670688 loops=1)
        Filter: (role_id = 1)
        Rows Removed by Filter: 23573656
  ->  Hash  (cost=155384.10..155384.10 rows=247145 width=8) (actual time=9182.302..9182.302 rows=696263 loops=1)
        Buckets: 131072 (originally 131072)  Batches: 16 (originally 4)  Memory Usage: 3073kB
        ->  Hash Join  (cost=83810.17..155384.10 rows=247145 width=8) (actual time=4166.063..8881.768 rows=696263 loops=1)
              Hash Cond: (mc.movie_id = t.id)
              ->  Seq Scan on movie_companies mc  (cost=0.00..57926.93 rows=632678 width=4) (actual time=0.025..3521.001 rows=894883 loops=1)
                    Filter: ((company_id > 11620) AND (company_type_id = 2))
                    Rows Removed by Filter: 1714246
              ->  Hash  (cost=67604.59..67604.59 rows=987727 width=4) (actual time=4164.765..4164.765 rows=985048 loops=1)
                    Buckets: 131072  Batches: 16  Memory Usage: 3188kB
                    ->  Seq Scan on title t  (cost=0.00..67604.59 rows=987727 width=4) (actual time=0.014..3693.610 rows=985048 loops=1)
                          Filter: (kind_id < 7)
                          Rows Removed by Filter: 1543264
Planning time: 3.069 ms
Execution time: 66003.421 ms
