Hash Join  (cost=603029.20..2113702.35 rows=31220703 width=0) (actual time=15733.193..82913.676 rows=126812028 loops=1)
  Hash Cond: (ci.movie_id = t.id)
  ->  Seq Scan on cast_info ci  (cost=0.00..705507.15 rows=31554923 width=4) (actual time=0.022..15867.884 rows=31605208 loops=1)
        Filter: (role_id < 10)
        Rows Removed by Filter: 4639136
  ->  Hash  (cost=561984.38..561984.38 rows=2501746 width=8) (actual time=15729.472..15729.472 rows=5671540 loops=1)
        Buckets: 131072 (originally 131072)  Batches: 128 (originally 64)  Memory Usage: 3073kB
        ->  Hash Join  (cost=78556.72..561984.38 rows=2501746 width=8) (actual time=1439.196..14165.079 rows=5671540 loops=1)
              Hash Cond: (mi.movie_id = t.id)
              ->  Seq Scan on movie_info mi  (cost=0.00..346232.03 rows=9476311 width=4) (actual time=0.023..6594.267 rows=9565151 loops=1)
                    Filter: (info_type_id < 16)
                    Rows Removed by Filter: 5270569
              ->  Hash  (cost=67604.59..67604.59 rows=667531 width=4) (actual time=1299.026..1299.026 rows=662825 loops=1)
                    Buckets: 131072  Batches: 16  Memory Usage: 2485kB
                    ->  Seq Scan on title t  (cost=0.00..67604.59 rows=667531 width=4) (actual time=0.011..1093.389 rows=662825 loops=1)
                          Filter: (kind_id = 1)
                          Rows Removed by Filter: 1865487
Planning time: 1.235 ms
Execution time: 96585.554 ms
