Hash Join  (cost=102767.86..186093.25 rows=644951 width=0) (actual time=1994.796..4143.787 rows=880092 loops=1)
  Hash Cond: (mc.movie_id = t.id)
  ->  Seq Scan on movie_companies mc  (cost=0.00..57926.93 rows=644951 width=4) (actual time=0.022..1064.624 rows=880092 loops=1)
        Filter: ((company_id < 11322) AND (company_type_id < 2))
        Rows Removed by Filter: 1729037
  ->  Hash  (cost=61283.27..61283.27 rows=2528527 width=4) (actual time=1993.400..1993.400 rows=2528312 loops=1)
        Buckets: 131072  Batches: 64  Memory Usage: 2415kB
        ->  Seq Scan on title t  (cost=0.00..61283.27 rows=2528527 width=4) (actual time=0.016..1160.863 rows=2528312 loops=1)
Planning time: 0.742 ms
Execution time: 4249.928 ms
