Seq Scan on cast_info ci  (cost=0.00..705507.15 rows=13211719 width=0) (actual time=0.026..12110.275 rows=13167844 loops=1)
  Filter: (person_id < 1300213)
  Rows Removed by Filter: 23076500
Planning time: 0.337 ms
Execution time: 13762.966 ms
