Hash Join  (cost=83810.17..1013421.37 rows=3274780 width=0) (actual time=5734.109..24519.606 rows=5192546 loops=1)
  Hash Cond: (ci.movie_id = t.id)
  ->  Seq Scan on cast_info ci  (cost=0.00..796071.18 rows=8383257 width=4) (actual time=4280.114..14968.118 rows=13051385 loops=1)
        Filter: ((person_id > 2371775) AND (role_id > 1))
        Rows Removed by Filter: 23192959
  ->  Hash  (cost=67604.59..67604.59 rows=987727 width=4) (actual time=1452.979..1452.979 rows=985048 loops=1)
        Buckets: 131072  Batches: 16  Memory Usage: 3188kB
        ->  Seq Scan on title t  (cost=0.00..67604.59 rows=987727 width=4) (actual time=0.036..1151.829 rows=985048 loops=1)
              Filter: (kind_id < 7)
              Rows Removed by Filter: 1543264
Planning time: 0.745 ms
Execution time: 25122.620 ms
