Hash Join  (cost=102767.86..178340.37 rows=322805 width=0) (actual time=2380.520..3235.805 rows=23720 loops=1)
  Hash Cond: (mc.movie_id = t.id)
  ->  Seq Scan on movie_companies mc  (cost=0.00..57926.93 rows=322805 width=4) (actual time=461.058..924.033 rows=23720 loops=1)
        Filter: ((company_id > 51877) AND (company_type_id < 2))
        Rows Removed by Filter: 2585409
  ->  Hash  (cost=61283.27..61283.27 rows=2528527 width=4) (actual time=1917.391..1917.391 rows=2528312 loops=1)
        Buckets: 131072  Batches: 64  Memory Usage: 2415kB
        ->  Seq Scan on title t  (cost=0.00..61283.27 rows=2528527 width=4) (actual time=0.031..1096.636 rows=2528312 loops=1)
Planning time: 1.188 ms
Execution time: 3238.663 ms
