Seq Scan on movie_info mi  (cost=0.00..346232.03 rows=1112349 width=0) (actual time=2577.871..5195.416 rows=1166488 loops=1)
  Filter: (info_type_id > 46)
  Rows Removed by Filter: 13669232
Planning time: 0.291 ms
Execution time: 5342.590 ms
