Hash Join  (cost=193869.02..726280.66 rows=4930171 width=0) (actual time=4601.536..19972.033 rows=9153604 loops=1)
  Hash Cond: (mi.movie_id = t.id)
  ->  Seq Scan on movie_info mi  (cost=0.00..309384.22 rows=14739122 width=4) (actual time=0.020..6189.740 rows=14835720 loops=1)
  ->  Hash  (cost=179992.76..179992.76 rows=845781 width=8) (actual time=4600.350..4600.350 rows=812642 loops=1)
        Buckets: 131072  Batches: 16  Memory Usage: 2996kB
        ->  Hash Join  (cost=98137.04..179992.76 rows=845781 width=8) (actual time=2157.472..4361.513 rows=812642 loops=1)
              Hash Cond: (mc.movie_id = t.id)
              ->  Seq Scan on movie_companies mc  (cost=0.00..51404.11 rows=1149159 width=4) (actual time=0.039..1033.072 rows=1145688 loops=1)
                    Filter: (company_id < 8788)
                    Rows Removed by Filter: 1463441
              ->  Hash  (cost=67604.59..67604.59 rows=1860996 width=4) (actual time=2156.030..2156.030 rows=1865487 loops=1)
                    Buckets: 131072  Batches: 32  Memory Usage: 3079kB
                    ->  Seq Scan on title t  (cost=0.00..67604.59 rows=1860996 width=4) (actual time=0.031..1302.590 rows=1865487 loops=1)
                          Filter: (kind_id > 1)
                          Rows Removed by Filter: 662825
Planning time: 1.202 ms
Execution time: 20980.256 ms
