Hash Join  (cost=87301.44..455410.71 rows=407577 width=0) (actual time=16787.470..19824.662 rows=246685 loops=1)
  Hash Cond: (mi.movie_id = t.id)
  ->  Seq Scan on movie_info mi  (cost=0.00..346232.03 rows=1264125 width=4) (actual time=12468.340..14430.891 rows=1288928 loops=1)
        Filter: (info_type_id = 2)
        Rows Removed by Filter: 13546792
  ->  Hash  (cost=73925.90..73925.90 rows=815243 width=4) (actual time=4318.038..4318.038 rows=876186 loops=1)
        Buckets: 131072  Batches: 16  Memory Usage: 2961kB
        ->  Seq Scan on title t  (cost=0.00..73925.90 rows=815243 width=4) (actual time=0.030..3647.543 rows=876186 loops=1)
              Filter: ((kind_id > 1) AND (production_year > 2004))
              Rows Removed by Filter: 1652126
Planning time: 0.754 ms
Execution time: 19859.716 ms
