Hash Join  (cost=79110.05..162312.38 rows=9402 width=0) (actual time=1378.149..2811.712 rows=19303 loops=1)
  Hash Cond: (mk.movie_id = t.id)
  ->  Seq Scan on movie_keyword mk  (cost=0.00..81003.12 rows=75248 width=4) (actual time=0.123..1366.292 rows=72496 loops=1)
        Filter: (keyword_id = 335)
        Rows Removed by Filter: 4451434
  ->  Hash  (cost=73925.90..73925.90 rows=315932 width=4) (actual time=1324.997..1324.997 rows=433359 loops=1)
        Buckets: 131072  Batches: 8  Memory Usage: 2946kB
        ->  Seq Scan on title t  (cost=0.00..73925.90 rows=315932 width=4) (actual time=0.019..1188.856 rows=433359 loops=1)
              Filter: ((kind_id < 7) AND (production_year < 1995))
              Rows Removed by Filter: 2094953
Planning time: 0.728 ms
Execution time: 2814.570 ms
