Hash Join  (cost=160526.42..1024209.98 rows=3460034 width=0) (actual time=8597.668..23399.897 rows=5189724 loops=1)
  Hash Cond: (ci.movie_id = t.id)
  ->  Seq Scan on cast_info ci  (cost=0.00..705507.15 rows=10403492 width=4) (actual time=4883.067..13244.281 rows=10414134 loops=1)
        Filter: (person_id > 2669019)
        Rows Removed by Filter: 25830210
  ->  Hash  (cost=146729.58..146729.58 rows=840947 width=8) (actual time=3713.539..3713.539 rows=425718 loops=1)
        Buckets: 131072  Batches: 16  Memory Usage: 2062kB
        ->  Hash Join  (cost=92883.59..146729.58 rows=840947 width=8) (actual time=2292.247..3586.178 rows=425718 loops=1)
              Hash Cond: (mi_idx.movie_id = t.id)
              ->  Seq Scan on movie_info_idx mi_idx  (cost=0.00..21735.35 rows=1380035 width=4) (actual time=0.026..481.594 rows=1380035 loops=1)
              ->  Hash  (cost=67604.59..67604.59 rows=1540800 width=4) (actual time=2086.668..2086.668 rows=1543264 loops=1)
                    Buckets: 131072  Batches: 32  Memory Usage: 2722kB
                    ->  Seq Scan on title t  (cost=0.00..67604.59 rows=1540800 width=4) (actual time=0.022..1400.548 rows=1543264 loops=1)
                          Filter: (kind_id = 7)
                          Rows Removed by Filter: 985048
Planning time: 1.123 ms
Execution time: 24007.634 ms
