Seq Scan on movie_companies mc  (cost=0.00..57926.93 rows=53 width=0) (actual time=1.845..917.265 rows=61 loops=1)
  Filter: ((company_type_id > 1) AND (company_id = 370))
  Rows Removed by Filter: 2609068
Planning time: 0.352 ms
Execution time: 917.374 ms
