Hash Join  (cost=373557.38..1336501.09 rows=12831566 width=0) (actual time=8468.446..35073.894 rows=35278299 loops=1)
  Hash Cond: (ci.movie_id = t.id)
  ->  Seq Scan on cast_info ci  (cost=0.00..705507.15 rows=7298253 width=4) (actual time=0.031..13152.968 rows=7451973 loops=1)
        Filter: (role_id = 2)
        Rows Removed by Filter: 28792371
  ->  Hash  (cost=300621.64..300621.64 rows=4445579 width=8) (actual time=8466.263..8466.263 rows=4442397 loops=1)
        Buckets: 131072  Batches: 64  Memory Usage: 3765kB
        ->  Hash Join  (cost=102767.86..300621.64 rows=4445579 width=8) (actual time=1980.237..7314.751 rows=4442397 loops=1)
              Hash Cond: (mk.movie_id = t.id)
              ->  Seq Scan on movie_keyword mk  (cost=0.00..81003.12 rows=4445579 width=4) (actual time=0.016..1856.051 rows=4442397 loops=1)
                    Filter: (keyword_id > 70)
                    Rows Removed by Filter: 81533
              ->  Hash  (cost=61283.27..61283.27 rows=2528527 width=4) (actual time=1979.424..1979.424 rows=2528312 loops=1)
                    Buckets: 131072  Batches: 64  Memory Usage: 2425kB
                    ->  Seq Scan on title t  (cost=0.00..61283.27 rows=2528527 width=4) (actual time=0.012..1094.380 rows=2528312 loops=1)
Planning time: 1.138 ms
Execution time: 38873.267 ms
