Seq Scan on cast_info ci  (cost=0.00..796071.18 rows=324 width=0) (actual time=7387.438..12675.546 rows=1 loops=1)
  Filter: ((role_id > 1) AND (person_id = 1800994))
  Rows Removed by Filter: 36244343
Planning time: 0.405 ms
Execution time: 12675.678 ms
