Seq Scan on cast_info ci  (cost=0.00..705507.15 rows=6246475 width=0) (actual time=3751.699..11451.389 rows=6322036 loops=1)
  Filter: (person_id > 3020753)
  Rows Removed by Filter: 29922308
Planning time: 11.487 ms
Execution time: 12246.189 ms
