Seq Scan on cast_info ci  (cost=0.00..705507.15 rows=500 width=0) (actual time=1090.616..10530.723 rows=6912 loops=1)
  Filter: (person_id = 896422)
  Rows Removed by Filter: 36237432
Planning time: 0.337 ms
Execution time: 10531.728 ms
