Seq Scan on cast_info ci  (cost=0.00..796071.18 rows=113278 width=0) (actual time=3578.102..11871.228 rows=46130 loops=1)
  Filter: ((person_id < 1142969) AND (role_id > 10))
  Rows Removed by Filter: 36198214
Planning time: 0.337 ms
Execution time: 11877.211 ms
