Hash Join  (cost=102767.86..190281.04 rows=818969 width=0) (actual time=1865.923..3648.242 rows=511683 loops=1)
  Hash Cond: (mc.movie_id = t.id)
  ->  Seq Scan on movie_companies mc  (cost=0.00..57926.93 rows=818969 width=4) (actual time=37.370..1011.552 rows=511683 loops=1)
        Filter: ((company_id < 16339) AND (company_type_id > 1))
        Rows Removed by Filter: 2097446
  ->  Hash  (cost=61283.27..61283.27 rows=2528527 width=4) (actual time=1827.400..1827.400 rows=2528312 loops=1)
        Buckets: 131072  Batches: 64  Memory Usage: 2415kB
        ->  Seq Scan on title t  (cost=0.00..61283.27 rows=2528527 width=4) (actual time=0.021..975.164 rows=2528312 loops=1)
Planning time: 3.650 ms
Execution time: 3705.726 ms
