Seq Scan on movie_keyword mk  (cost=0.00..81003.12 rows=3936738 width=0) (actual time=0.027..1463.324 rows=3937978 loops=1)
  Filter: (keyword_id < 31311)
  Rows Removed by Filter: 585952
Planning time: 0.306 ms
Execution time: 1949.094 ms
