Hash Join  (cost=181112.52..1173850.13 rows=3734440 width=0) (actual time=10774.873..69688.838 rows=11329161 loops=1)
  Hash Cond: (ci.movie_id = t.id)
  ->  Seq Scan on cast_info ci  (cost=0.00..796071.18 rows=13543474 width=4) (actual time=0.021..47715.028 rows=10128527 loops=1)
        Filter: ((person_id < 3047356) AND (role_id > 2))
        Rows Removed by Filter: 26115817
  ->  Hash  (cost=169673.41..169673.41 rows=697209 width=8) (actual time=10773.704..10773.704 rows=1060702 loops=1)
        Buckets: 131072  Batches: 16  Memory Usage: 3594kB
        ->  Hash Join  (cost=85011.79..169673.41 rows=697209 width=8) (actual time=4484.455..10430.135 rows=1060702 loops=1)
              Hash Cond: (mc.movie_id = t.id)
              ->  Seq Scan on movie_companies mc  (cost=0.00..44881.29 rows=2609129 width=4) (actual time=0.018..3555.401 rows=2609129 loops=1)
              ->  Hash  (cost=73925.90..73925.90 rows=675671 width=4) (actual time=4483.403..4483.403 rows=576285 loops=1)
                    Buckets: 131072  Batches: 16  Memory Usage: 2287kB
                    ->  Seq Scan on title t  (cost=0.00..73925.90 rows=675671 width=4) (actual time=0.018..4089.581 rows=576285 loops=1)
                          Filter: ((kind_id < 7) AND (production_year > 1991))
                          Rows Removed by Filter: 1952027
Planning time: 4.502 ms
Execution time: 71115.907 ms
