Hash Join  (cost=190230.21..1417212.42 rows=16549048 width=0) (actual time=8770.622..84934.519 rows=33657875 loops=1)
  Hash Cond: (ci.movie_id = t.id)
  ->  Seq Scan on cast_info ci  (cost=0.00..705507.15 rows=30321488 width=4) (actual time=0.032..45328.001 rows=30306320 loops=1)
        Filter: (person_id < 3051068)
        Rows Removed by Filter: 5938024
  ->  Hash  (cost=167588.78..167588.78 rows=1380035 width=8) (actual time=8769.384..8769.384 rows=1380035 loops=1)
        Buckets: 131072  Batches: 32  Memory Usage: 2708kB
        ->  Hash Join  (cost=102767.86..167588.78 rows=1380035 width=8) (actual time=4989.884..8351.044 rows=1380035 loops=1)
              Hash Cond: (mi_idx.movie_id = t.id)
              ->  Seq Scan on movie_info_idx mi_idx  (cost=0.00..21735.35 rows=1380035 width=4) (actual time=0.015..1739.833 rows=1380035 loops=1)
              ->  Hash  (cost=61283.27..61283.27 rows=2528527 width=4) (actual time=4988.900..4988.900 rows=2528312 loops=1)
                    Buckets: 131072  Batches: 64  Memory Usage: 2415kB
                    ->  Seq Scan on title t  (cost=0.00..61283.27 rows=2528527 width=4) (actual time=0.026..3960.634 rows=2528312 loops=1)
Planning time: 1.134 ms
Execution time: 88864.077 ms
