Seq Scan on cast_info ci  (cost=0.00..705507.15 rows=500 width=0) (actual time=7812.401..10583.948 rows=14 loops=1)
  Filter: (person_id = 2277366)
  Rows Removed by Filter: 36244330
Planning time: 0.393 ms
Execution time: 10584.094 ms
