Seq Scan on cast_info ci  (cost=0.00..796071.18 rows=8361771 width=0) (actual time=0.012..12381.150 rows=5221659 loops=1)
  Filter: ((person_id > 2640180) AND (role_id < 7))
  Rows Removed by Filter: 31022685
Planning time: 0.343 ms
Execution time: 13040.994 ms
