Hash Join  (cost=199688.57..998842.26 rows=2252560 width=0) (actual time=4608.493..22972.468 rows=3848151 loops=1)
  Hash Cond: (ci.movie_id = t.id)
  ->  Seq Scan on cast_info ci  (cost=0.00..705507.15 rows=5820248 width=4) (actual time=0.011..13674.515 rows=5732694 loops=1)
        Filter: (role_id > 8)
        Rows Removed by Filter: 30511650
  ->  Hash  (cost=183633.15..183633.15 rows=978594 width=8) (actual time=4607.598..4607.598 rows=694263 loops=1)
        Buckets: 131072  Batches: 16  Memory Usage: 2715kB
        ->  Hash Join  (cost=98137.04..183633.15 rows=978594 width=8) (actual time=1943.556..4365.421 rows=694263 loops=1)
              Hash Cond: (mc.movie_id = t.id)
              ->  Seq Scan on movie_companies mc  (cost=0.00..51404.11 rows=1329612 width=4) (actual time=0.033..947.838 rows=1334883 loops=1)
                    Filter: (company_type_id = 2)
                    Rows Removed by Filter: 1274246
              ->  Hash  (cost=67604.59..67604.59 rows=1860996 width=4) (actual time=1941.975..1941.975 rows=1865487 loops=1)
                    Buckets: 131072  Batches: 32  Memory Usage: 3079kB
                    ->  Seq Scan on title t  (cost=0.00..67604.59 rows=1860996 width=4) (actual time=0.019..1346.927 rows=1865487 loops=1)
                          Filter: (kind_id > 1)
                          Rows Removed by Filter: 662825
Planning time: 1.150 ms
Execution time: 23465.169 ms
