Hash Join  (cost=94841.65..877068.31 rows=2178360 width=0) (actual time=8068.158..17450.848 rows=2940047 loops=1)
  Hash Cond: (ci.movie_id = t.id)
  ->  Seq Scan on cast_info ci  (cost=0.00..705507.15 rows=4320508 width=4) (actual time=6308.641..12707.423 rows=4323018 loops=1)
        Filter: (role_id = 10)
        Rows Removed by Filter: 31921326
  ->  Hash  (cost=73925.90..73925.90 rows=1274860 width=4) (actual time=1757.951..1757.951 rows=1393251 loops=1)
        Buckets: 131072  Batches: 32  Memory Usage: 2564kB
        ->  Seq Scan on title t  (cost=0.00..73925.90 rows=1274860 width=4) (actual time=0.021..1307.082 rows=1393251 loops=1)
              Filter: ((kind_id > 2) AND (production_year > 1987))
              Rows Removed by Filter: 1135061
Planning time: 0.778 ms
Execution time: 17769.273 ms
