Hash Join  (cost=105440.90..261981.40 rows=2766453 width=0) (actual time=2037.408..6059.354 rows=2671694 loops=1)
  Hash Cond: (mk.movie_id = t.id)
  ->  Seq Scan on movie_keyword mk  (cost=0.00..81003.12 rows=3033170 width=4) (actual time=0.010..1610.256 rows=3015967 loops=1)
        Filter: (keyword_id < 10746)
        Rows Removed by Filter: 1507963
  ->  Hash  (cost=67604.59..67604.59 rows=2306185 width=4) (actual time=2034.912..2034.912 rows=2298721 loops=1)
        Buckets: 131072  Batches: 32  Memory Usage: 3562kB
        ->  Seq Scan on title t  (cost=0.00..67604.59 rows=2306185 width=4) (actual time=0.028..1266.842 rows=2298721 loops=1)
              Filter: (production_year > 1947)
              Rows Removed by Filter: 229591
Planning time: 0.728 ms
Execution time: 6361.746 ms
