Hash Join  (cost=99318.67..260713.13 rows=2769151 width=0) (actual time=2128.440..6569.770 rows=1187884 loops=1)
  Hash Cond: (mk.movie_id = t.id)
  ->  Seq Scan on movie_keyword mk  (cost=0.00..69693.30 rows=4523930 width=4) (actual time=0.013..1325.147 rows=4523930 loops=1)
  ->  Hash  (cost=73925.90..73925.90 rows=1547741 width=4) (actual time=2126.757..2126.757 rows=1608790 loops=1)
        Buckets: 131072  Batches: 32  Memory Usage: 2803kB
        ->  Seq Scan on title t  (cost=0.00..73925.90 rows=1547741 width=4) (actual time=0.025..1580.387 rows=1608790 loops=1)
              Filter: ((kind_id > 3) AND (production_year > 1930))
              Rows Removed by Filter: 919522
Planning time: 0.722 ms
Execution time: 6717.497 ms
