Nested Loop  (cost=0.43..83072.29 rows=210 width=0) (actual time=67.390..1232.507 rows=36 loops=1)
  ->  Seq Scan on movie_keyword mk  (cost=0.00..81003.12 rows=246 width=4) (actual time=67.305..1229.504 rows=36 loops=1)
        Filter: (keyword_id = 19790)
        Rows Removed by Filter: 4523894
  ->  Index Scan using title_pkey on title t  (cost=0.43..8.40 rows=1 width=4) (actual time=0.076..0.077 rows=1 loops=36)
        Index Cond: (id = mk.movie_id)
        Filter: (production_year > 1965)
Planning time: 0.767 ms
Execution time: 1232.661 ms
