Hash Join  (cost=102767.86..195329.28 rows=1028830 width=0) (actual time=1960.842..4674.657 rows=1274246 loops=1)
  Hash Cond: (mc.movie_id = t.id)
  ->  Seq Scan on movie_companies mc  (cost=0.00..57926.93 rows=1028830 width=4) (actual time=36.680..1285.435 rows=1274246 loops=1)
        Filter: ((company_id < 73517) AND (company_type_id < 2))
        Rows Removed by Filter: 1334883
  ->  Hash  (cost=61283.27..61283.27 rows=2528527 width=4) (actual time=1922.762..1922.762 rows=2528312 loops=1)
        Buckets: 131072  Batches: 64  Memory Usage: 2415kB
        ->  Seq Scan on title t  (cost=0.00..61283.27 rows=2528527 width=4) (actual time=0.029..1091.683 rows=2528312 loops=1)
Planning time: 1.717 ms
Execution time: 4833.186 ms
