Hash Join  (cost=365418.15..1936975.78 rows=39352310 width=0) (actual time=8759.921..71529.992 rows=133172967 loops=1)
  Hash Cond: (ci.movie_id = t.id)
  ->  Seq Scan on cast_info ci  (cost=0.00..796071.18 rows=21994898 width=4) (actual time=0.015..18901.831 rows=22926010 loops=1)
        Filter: ((person_id > 220686) AND (role_id > 1))
        Rows Removed by Filter: 13318334
  ->  Hash  (cost=291197.02..291197.02 rows=4523930 width=8) (actual time=8758.522..8758.522 rows=4523930 loops=1)
        Buckets: 131072  Batches: 64  Memory Usage: 3816kB
        ->  Hash Join  (cost=102767.86..291197.02 rows=4523930 width=8) (actual time=1975.798..6870.941 rows=4523930 loops=1)
              Hash Cond: (mk.movie_id = t.id)
              ->  Seq Scan on movie_keyword mk  (cost=0.00..69693.30 rows=4523930 width=4) (actual time=0.009..1343.429 rows=4523930 loops=1)
              ->  Hash  (cost=61283.27..61283.27 rows=2528527 width=4) (actual time=1973.600..1973.600 rows=2528312 loops=1)
                    Buckets: 131072  Batches: 64  Memory Usage: 2425kB
                    ->  Seq Scan on title t  (cost=0.00..61283.27 rows=2528527 width=4) (actual time=0.007..1073.089 rows=2528312 loops=1)
Planning time: 0.756 ms
Execution time: 85652.682 ms
