Seq Scan on cast_info ci  (cost=0.00..705507.15 rows=500 width=0) (actual time=3326.372..10750.752 rows=16 loops=1)
  Filter: (person_id = 2877389)
  Rows Removed by Filter: 36244328
Planning time: 0.399 ms
Execution time: 10750.862 ms
