Hash Join  (cost=202511.58..731404.62 rows=4600411 width=0) (actual time=5542.089..30386.416 rows=42742596 loops=1)
  Hash Cond: (mi.movie_id = t.id)
  ->  Seq Scan on movie_info mi  (cost=0.00..309384.22 rows=14739122 width=4) (actual time=0.024..6121.812 rows=14835720 loops=1)
  ->  Hash  (cost=189563.46..189563.46 rows=789210 width=8) (actual time=5541.161..5541.161 rows=1087554 loops=1)
        Buckets: 131072  Batches: 16  Memory Usage: 3733kB
        ->  Hash Join  (cost=102767.86..189563.46 rows=789210 width=8) (actual time=2935.436..5207.023 rows=1087554 loops=1)
              Hash Cond: (mc.movie_id = t.id)
              ->  Seq Scan on movie_companies mc  (cost=0.00..57926.93 rows=789210 width=4) (actual time=250.584..1209.267 rows=1087554 loops=1)
                    Filter: ((company_id < 16406) AND (company_type_id < 2))
                    Rows Removed by Filter: 1521575
              ->  Hash  (cost=61283.27..61283.27 rows=2528527 width=4) (actual time=2683.477..2683.477 rows=2528312 loops=1)
                    Buckets: 131072  Batches: 64  Memory Usage: 2415kB
                    ->  Seq Scan on title t  (cost=0.00..61283.27 rows=2528527 width=4) (actual time=0.015..1163.358 rows=2528312 loops=1)
Planning time: 1.145 ms
Execution time: 35283.998 ms
