Hash Join  (cost=84037.34..832192.34 rows=700539 width=0) (actual time=21643.415..39494.734 rows=1183690 loops=1)
  Hash Cond: (ci.movie_id = t.id)
  ->  Seq Scan on cast_info ci  (cost=0.00..705507.15 rows=2874255 width=4) (actual time=17876.986..33231.038 rows=2927756 loops=1)
        Filter: (person_id > 3514064)
        Rows Removed by Filter: 33316588
  ->  Hash  (cost=73925.90..73925.90 rows=616275 width=4) (actual time=3764.932..3764.932 rows=676927 loops=1)
        Buckets: 131072  Batches: 16  Memory Usage: 2516kB
        ->  Seq Scan on title t  (cost=0.00..73925.90 rows=616275 width=4) (actual time=0.040..3510.491 rows=676927 loops=1)
              Filter: ((production_year > 2005) AND (kind_id = 7))
              Rows Removed by Filter: 1851385
Planning time: 0.680 ms
Execution time: 39648.711 ms
