Seq Scan on cast_info ci  (cost=0.00..705507.15 rows=23712019 width=0) (actual time=0.024..12698.711 rows=23806191 loops=1)
  Filter: (person_id > 1226871)
  Rows Removed by Filter: 12438153
Planning time: 0.338 ms
Execution time: 15599.464 ms
