Seq Scan on cast_info ci  (cost=0.00..796071.18 rows=1081465 width=0) (actual time=313.442..11972.512 rows=1293 loops=1)
  Filter: ((person_id < 510567) AND (role_id = 2))
  Rows Removed by Filter: 36243051
Planning time: 0.372 ms
Execution time: 11972.879 ms
