Hash Join  (cost=102767.86..1462005.47 rows=26757444 width=0) (actual time=3440.222..40396.489 rows=26859641 loops=1)
  Hash Cond: (ci.movie_id = t.id)
  ->  Seq Scan on cast_info ci  (cost=0.00..705507.15 rows=26757444 width=4) (actual time=1431.491..17092.795 rows=26859641 loops=1)
        Filter: (role_id < 5)
        Rows Removed by Filter: 9384703
  ->  Hash  (cost=61283.27..61283.27 rows=2528527 width=4) (actual time=2007.460..2007.460 rows=2528312 loops=1)
        Buckets: 131072  Batches: 64  Memory Usage: 2415kB
        ->  Seq Scan on title t  (cost=0.00..61283.27 rows=2528527 width=4) (actual time=0.024..1171.619 rows=2528312 loops=1)
Planning time: 0.836 ms
Execution time: 43261.567 ms
