Hash Join  (cost=208954.64..1382339.56 rows=13587676 width=0) (actual time=4316.147..38899.613 rows=14853040 loops=1)
  Hash Cond: (ci.movie_id = t.id)
  ->  Seq Scan on cast_info ci  (cost=0.00..614943.12 rows=36225612 width=4) (actual time=0.022..12756.368 rows=36244344 loops=1)
  ->  Hash  (cost=193394.49..193394.49 rows=948412 width=8) (actual time=4314.570..4314.570 rows=635250 loops=1)
        Buckets: 131072  Batches: 16  Memory Usage: 2566kB
        ->  Hash Join  (cost=102767.86..193394.49 rows=948412 width=8) (actual time=2024.128..4122.232 rows=635250 loops=1)
              Hash Cond: (mc.movie_id = t.id)
              ->  Seq Scan on movie_companies mc  (cost=0.00..57926.93 rows=948412 width=4) (actual time=0.027..1063.947 rows=635250 loops=1)
                    Filter: ((company_id < 36593) AND (company_type_id > 1))
                    Rows Removed by Filter: 1973879
              ->  Hash  (cost=61283.27..61283.27 rows=2528527 width=4) (actual time=2023.426..2023.426 rows=2528312 loops=1)
                    Buckets: 131072  Batches: 64  Memory Usage: 2415kB
                    ->  Seq Scan on title t  (cost=0.00..61283.27 rows=2528527 width=4) (actual time=0.018..1188.798 rows=2528312 loops=1)
Planning time: 1.219 ms
Execution time: 40458.256 ms
