Hash Join  (cost=153839.00..270926.70 rows=619510 width=0) (actual time=3364.007..6090.564 rows=453381 loops=1)
  Hash Cond: (mk.movie_id = t.id)
  ->  Seq Scan on movie_keyword mk  (cost=0.00..81003.12 rows=2360660 width=4) (actual time=0.019..1589.324 rows=2363546 loops=1)
        Filter: (keyword_id < 5325)
        Rows Removed by Filter: 2160384
  ->  Hash  (cost=142951.45..142951.45 rows=663564 width=8) (actual time=3345.743..3345.743 rows=363807 loops=1)
        Buckets: 131072  Batches: 16  Memory Usage: 1928kB
        ->  Hash Join  (cost=93873.33..142951.45 rows=663564 width=8) (actual time=1796.842..3236.289 rows=363807 loops=1)
              Hash Cond: (mi_idx.movie_id = t.id)
              ->  Seq Scan on movie_info_idx mi_idx  (cost=0.00..21735.35 rows=1380035 width=4) (actual time=0.017..478.051 rows=1380035 loops=1)
              ->  Hash  (cost=73925.90..73925.90 rows=1215794 width=4) (actual time=1795.954..1795.954 rows=1301100 loops=1)
                    Buckets: 131072  Batches: 16  Memory Usage: 3892kB
                    ->  Seq Scan on title t  (cost=0.00..73925.90 rows=1215794 width=4) (actual time=320.194..1412.004 rows=1301100 loops=1)
                          Filter: ((production_year > 1976) AND (kind_id = 7))
                          Rows Removed by Filter: 1227212
Planning time: 2.563 ms
Execution time: 6146.371 ms
