Seq Scan on cast_info ci  (cost=0.00..705507.15 rows=20219506 width=0) (actual time=0.809..12808.187 rows=20105107 loops=1)
  Filter: (person_id < 2019219)
  Rows Removed by Filter: 16139237
Planning time: 0.224 ms
Execution time: 15319.754 ms
