Seq Scan on cast_info ci  (cost=0.00..796071.18 rows=12900788 width=0) (actual time=1.346..14700.084 rows=7101250 loops=1)
  Filter: ((person_id < 1982710) AND (role_id > 1))
  Rows Removed by Filter: 29143094
Planning time: 0.382 ms
Execution time: 15591.608 ms
