Hash Join  (cost=130333.20..217033.09 rows=4185 width=0) (actual time=2232.247..3706.129 rows=539 loops=1)
  Hash Cond: (mk.movie_id = t.id)
  ->  Seq Scan on movie_keyword mk  (cost=0.00..69693.30 rows=4523930 width=4) (actual time=0.018..826.193 rows=4523930 loops=1)
  ->  Hash  (cost=130303.96..130303.96 rows=2339 width=8) (actual time=2202.080..2202.080 rows=628 loops=1)
        Buckets: 4096  Batches: 1  Memory Usage: 57kB
        ->  Hash Join  (cost=73982.55..130303.96 rows=2339 width=8) (actual time=1517.887..2201.733 rows=628 loops=1)
              Hash Cond: (mc.movie_id = t.id)
              ->  Seq Scan on movie_companies mc  (cost=0.00..51404.11 rows=1305041 width=4) (actual time=17.983..860.530 rows=1314151 loops=1)
                    Filter: (company_id > 11264)
                    Rows Removed by Filter: 1294978
              ->  Hash  (cost=73925.90..73925.90 rows=4532 width=4) (actual time=1145.332..1145.332 rows=2915 loops=1)
                    Buckets: 8192  Batches: 1  Memory Usage: 167kB
                    ->  Seq Scan on title t  (cost=0.00..73925.90 rows=4532 width=4) (actual time=76.919..1143.654 rows=2915 loops=1)
                          Filter: ((kind_id = 7) AND (production_year = 1951))
                          Rows Removed by Filter: 2525397
Planning time: 1.167 ms
Execution time: 3706.306 ms
