Hash Join  (cost=68449.54..125824.31 rows=39732 width=0) (actual time=1199.095..2419.090 rows=36672 loops=1)
  Hash Cond: (mc.movie_id = t.id)
  ->  Seq Scan on movie_companies mc  (cost=0.00..51404.11 rows=1486224 width=4) (actual time=68.829..906.156 rows=1488322 loops=1)
        Filter: (company_id > 7851)
        Rows Removed by Filter: 1120807
  ->  Hash  (cost=67604.59..67604.59 rows=67596 width=4) (actual time=1129.525..1129.525 rows=67777 loops=1)
        Buckets: 131072  Batches: 1  Memory Usage: 3407kB
        ->  Seq Scan on title t  (cost=0.00..67604.59 rows=67596 width=4) (actual time=0.042..1100.631 rows=67777 loops=1)
              Filter: (production_year = 2003)
              Rows Removed by Filter: 2460535
Planning time: 0.618 ms
Execution time: 2425.740 ms
