Seq Scan on movie_keyword mk  (cost=0.00..81003.12 rows=246 width=0) (actual time=0.332..1390.681 rows=1462 loops=1)
  Filter: (keyword_id = 71605)
  Rows Removed by Filter: 4522468
Planning time: 0.373 ms
Execution time: 1391.058 ms
