Seq Scan on movie_keyword mk  (cost=0.00..81003.12 rows=1231582 width=0) (actual time=0.026..1534.949 rows=1243024 loops=1)
  Filter: (keyword_id > 14542)
  Rows Removed by Filter: 3280906
Planning time: 0.315 ms
Execution time: 1691.248 ms
