Seq Scan on movie_keyword mk  (cost=0.00..81003.12 rows=2445654 width=0) (actual time=0.036..1551.757 rows=2436076 loops=1)
  Filter: (keyword_id > 3733)
  Rows Removed by Filter: 2087854
Planning time: 0.311 ms
Execution time: 1868.371 ms
