Hash Join  (cost=139597.14..1036405.57 rows=1535516 width=0) (actual time=3803.543..18632.871 rows=1720348 loops=1)
  Hash Cond: (ci.movie_id = t.id)
  ->  Seq Scan on cast_info ci  (cost=0.00..796071.18 rows=7202156 width=4) (actual time=364.950..13227.079 rows=2642905 loops=1)
        Filter: ((person_id > 2359203) AND (role_id < 3))
        Rows Removed by Filter: 33601439
  ->  Hash  (cost=130752.54..130752.54 rows=539088 width=8) (actual time=3437.468..3437.468 rows=954317 loops=1)
        Buckets: 131072 (originally 131072)  Batches: 16 (originally 8)  Memory Usage: 3354kB
        ->  Hash Join  (cost=83810.17..130752.54 rows=539088 width=8) (actual time=1623.268..3147.693 rows=954317 loops=1)
              Hash Cond: (mi_idx.movie_id = t.id)
              ->  Seq Scan on movie_info_idx mi_idx  (cost=0.00..21735.35 rows=1380035 width=4) (actual time=0.010..417.929 rows=1380035 loops=1)
              ->  Hash  (cost=67604.59..67604.59 rows=987727 width=4) (actual time=1622.270..1622.270 rows=985048 loops=1)
                    Buckets: 131072  Batches: 16  Memory Usage: 3188kB
                    ->  Seq Scan on title t  (cost=0.00..67604.59 rows=987727 width=4) (actual time=0.038..1314.225 rows=985048 loops=1)
                          Filter: (kind_id < 7)
                          Rows Removed by Filter: 1543264
Planning time: 2.681 ms
Execution time: 18800.932 ms
