Hash Join  (cost=342651.92..1106734.03 rows=21462148 width=0) (actual time=7738.762..65819.158 rows=200144011 loops=1)
  Hash Cond: (mi.movie_id = t.id)
  ->  Seq Scan on movie_info mi  (cost=0.00..309384.22 rows=14739122 width=4) (actual time=0.010..6032.563 rows=14835720 loops=1)
  ->  Hash  (cost=282245.47..282245.47 rows=3681876 width=8) (actual time=7736.553..7736.553 rows=3676355 loops=1)
        Buckets: 131072  Batches: 64  Memory Usage: 3368kB
        ->  Hash Join  (cost=102767.86..282245.47 rows=3681876 width=8) (actual time=1964.015..6710.350 rows=3676355 loops=1)
              Hash Cond: (mk.movie_id = t.id)
              ->  Seq Scan on movie_keyword mk  (cost=0.00..81003.12 rows=3681876 width=4) (actual time=0.021..1747.631 rows=3676355 loops=1)
                    Filter: (keyword_id > 807)
                    Rows Removed by Filter: 847575
              ->  Hash  (cost=61283.27..61283.27 rows=2528527 width=4) (actual time=1963.129..1963.129 rows=2528312 loops=1)
                    Buckets: 131072  Batches: 64  Memory Usage: 2425kB
                    ->  Seq Scan on title t  (cost=0.00..61283.27 rows=2528527 width=4) (actual time=0.025..1122.255 rows=2528312 loops=1)
Planning time: 0.776 ms
Execution time: 87131.224 ms
