Hash Join  (cost=100674.99..896750.14 rows=181713 width=0) (actual time=1540.291..18406.654 rows=59711 loops=1)
  Hash Cond: (ci.movie_id = t.id)
  ->  Seq Scan on cast_info ci  (cost=0.00..705507.15 rows=23666896 width=4) (actual time=0.014..12025.424 rows=23575625 loops=1)
        Filter: (person_id < 2414190)
        Rows Removed by Filter: 12668719
  ->  Hash  (cost=100432.32..100432.32 rows=19414 width=8) (actual time=1539.855..1539.855 rows=7848 loops=1)
        Buckets: 32768  Batches: 1  Memory Usage: 563kB
        ->  Hash Join  (cost=69378.77..100432.32 rows=19414 width=8) (actual time=1153.312..1536.508 rows=7848 loops=1)
              Hash Cond: (mi_idx.movie_id = t.id)
              ->  Seq Scan on movie_info_idx mi_idx  (cost=0.00..25185.44 rows=454124 width=4) (actual time=0.023..411.358 rows=459925 loops=1)
                    Filter: (info_type_id = 100)
                    Rows Removed by Filter: 920110
              ->  Hash  (cost=67604.59..67604.59 rows=108095 width=4) (actual time=934.875..934.875 rows=109742 loops=1)
                    Buckets: 131072  Batches: 2  Memory Usage: 2948kB
                    ->  Seq Scan on title t  (cost=0.00..67604.59 rows=108095 width=4) (actual time=72.871..896.896 rows=109742 loops=1)
                          Filter: (production_year < 1928)
                          Rows Removed by Filter: 2418570
Planning time: 1.097 ms
Execution time: 18417.212 ms
