Hash Join  (cost=96729.52..196106.15 rows=1452620 width=0) (actual time=1940.238..4754.387 rows=1181881 loops=1)
  Hash Cond: (mc.movie_id = t.id)
  ->  Seq Scan on movie_companies mc  (cost=0.00..51404.11 rows=2069062 width=4) (actual time=0.025..1165.868 rows=2063941 loops=1)
        Filter: (company_id < 72033)
        Rows Removed by Filter: 545188
  ->  Hash  (cost=67604.59..67604.59 rows=1775195 width=4) (actual time=1938.675..1938.675 rows=1772072 loops=1)
        Buckets: 131072  Batches: 32  Memory Usage: 2976kB
        ->  Seq Scan on title t  (cost=0.00..67604.59 rows=1775195 width=4) (actual time=0.022..1364.009 rows=1772072 loops=1)
              Filter: (production_year > 1989)
              Rows Removed by Filter: 756240
Planning time: 0.758 ms
Execution time: 4893.344 ms
