Seq Scan on movie_companies mc  (cost=0.00..51404.11 rows=1390548 width=0) (actual time=139.139..941.619 rows=1403538 loops=1)
  Filter: (company_id > 11128)
  Rows Removed by Filter: 1205591
Planning time: 0.335 ms
Execution time: 1113.464 ms
