Nested Loop  (cost=0.43..83072.29 rows=84 width=0) (actual time=18.201..1282.664 rows=145 loops=1)
  ->  Seq Scan on movie_keyword mk  (cost=0.00..81003.12 rows=246 width=4) (actual time=18.141..1275.083 rows=199 loops=1)
        Filter: (keyword_id = 10883)
        Rows Removed by Filter: 4523731
  ->  Index Scan using title_pkey on title t  (cost=0.43..8.40 rows=1 width=4) (actual time=0.035..0.035 rows=1 loops=199)
        Index Cond: (id = mk.movie_id)
        Filter: (kind_id < 4)
        Rows Removed by Filter: 0
Planning time: 0.767 ms
Execution time: 1282.892 ms
