Seq Scan on cast_info ci  (cost=0.00..705507.15 rows=500 width=0) (actual time=1920.519..11052.046 rows=227 loops=1)
  Filter: (person_id = 987615)
  Rows Removed by Filter: 36244117
Planning time: 0.373 ms
Execution time: 11052.198 ms
