Hash Join  (cost=263115.61..1387578.31 rows=13466934 width=0) (actual time=11692.249..32251.550 rows=19712993 loops=1)
  Hash Cond: (ci.movie_id = t.id)
  ->  Seq Scan on cast_info ci  (cost=0.00..796071.18 rows=13050909 width=4) (actual time=5497.396..14401.059 rows=11405896 loops=1)
        Filter: ((person_id > 2129354) AND (role_id < 10))
        Rows Removed by Filter: 24838448
  ->  Hash  (cost=220309.49..220309.49 rows=2609129 width=8) (actual time=6193.415..6193.415 rows=2609129 loops=1)
        Buckets: 131072  Batches: 64  Memory Usage: 2610kB
        ->  Hash Join  (cost=102767.86..220309.49 rows=2609129 width=8) (actual time=1877.192..5427.378 rows=2609129 loops=1)
              Hash Cond: (mc.movie_id = t.id)
              ->  Seq Scan on movie_companies mc  (cost=0.00..44881.29 rows=2609129 width=4) (actual time=0.019..899.024 rows=2609129 loops=1)
              ->  Hash  (cost=61283.27..61283.27 rows=2528527 width=4) (actual time=1876.380..1876.380 rows=2528312 loops=1)
                    Buckets: 131072  Batches: 64  Memory Usage: 2415kB
                    ->  Seq Scan on title t  (cost=0.00..61283.27 rows=2528527 width=4) (actual time=0.014..1052.648 rows=2528312 loops=1)
Planning time: 1.147 ms
Execution time: 34518.691 ms
