Hash Join  (cost=101857.10..188917.35 rows=40222 width=0) (actual time=2564.681..3327.186 rows=31983 loops=1)
  Hash Cond: (mk.movie_id = t.id)
  ->  Seq Scan on movie_keyword mk  (cost=0.00..69693.30 rows=4523930 width=4) (actual time=0.022..814.941 rows=4523930 loops=1)
  ->  Hash  (cost=101576.08..101576.08 rows=22481 width=8) (actual time=1832.334..1832.334 rows=13509 loops=1)
        Buckets: 32768  Batches: 1  Memory Usage: 784kB
        ->  Hash Join  (cost=74440.79..101576.08 rows=22481 width=8) (actual time=1195.170..1827.902 rows=13509 loops=1)
              Hash Cond: (mi_idx.movie_id = t.id)
              ->  Seq Scan on movie_info_idx mi_idx  (cost=0.00..21735.35 rows=1380035 width=4) (actual time=0.013..323.410 rows=1380035 loops=1)
              ->  Hash  (cost=73925.90..73925.90 rows=41191 width=4) (actual time=1188.916..1188.916 rows=43851 loops=1)
                    Buckets: 65536  Batches: 1  Memory Usage: 2054kB
                    ->  Seq Scan on title t  (cost=0.00..73925.90 rows=41191 width=4) (actual time=0.027..1170.547 rows=43851 loops=1)
                          Filter: ((kind_id = 7) AND (production_year = 2003))
                          Rows Removed by Filter: 2484461
Planning time: 1.183 ms
Execution time: 3331.566 ms
