Hash Join  (cost=99841.01..186289.15 rows=1033197 width=0) (actual time=2174.438..4148.380 rows=920158 loops=1)
  Hash Cond: (mc.movie_id = t.id)
  ->  Seq Scan on movie_companies mc  (cost=0.00..51404.11 rows=1329612 width=4) (actual time=187.471..1014.243 rows=1334883 loops=1)
        Filter: (company_type_id = 2)
        Rows Removed by Filter: 1274246
  ->  Hash  (cost=67604.59..67604.59 rows=1964834 width=4) (actual time=1986.061..1986.061 rows=1962189 loops=1)
        Buckets: 131072  Batches: 32  Memory Usage: 3187kB
        ->  Seq Scan on title t  (cost=0.00..67604.59 rows=1964834 width=4) (actual time=0.012..1344.515 rows=1962189 loops=1)
              Filter: (production_year > 1978)
              Rows Removed by Filter: 566123
Planning time: 2.084 ms
Execution time: 4239.488 ms
