Seq Scan on movie_companies mc  (cost=0.00..51404.11 rows=104 width=0) (actual time=169.622..755.863 rows=7 loops=1)
  Filter: (company_id = 34269)
  Rows Removed by Filter: 2609122
Planning time: 0.388 ms
Execution time: 756.141 ms
