Nested Loop  (cost=0.43..798787.41 rows=324 width=0) (actual time=8777.830..13203.763 rows=9 loops=1)
  ->  Seq Scan on cast_info ci  (cost=0.00..796071.18 rows=324 width=4) (actual time=8777.673..13203.397 rows=9 loops=1)
        Filter: ((role_id > 1) AND (person_id = 3557101))
        Rows Removed by Filter: 36244335
  ->  Index Only Scan using title_pkey on title t  (cost=0.43..8.37 rows=1 width=4) (actual time=0.031..0.031 rows=1 loops=9)
        Index Cond: (id = ci.movie_id)
        Heap Fetches: 9
Planning time: 0.715 ms
Execution time: 13203.859 ms
