Seq Scan on movie_keyword mk  (cost=0.00..81003.12 rows=3500154 width=0) (actual time=0.020..1461.889 rows=3495947 loops=1)
  Filter: (keyword_id < 17346)
  Rows Removed by Filter: 1027983
Planning time: 0.284 ms
Execution time: 1904.184 ms
