Seq Scan on cast_info ci  (cost=0.00..796071.18 rows=10555797 width=0) (actual time=0.026..12832.869 rows=5645850 loops=1)
  Filter: ((person_id < 2406727) AND (role_id > 2))
  Rows Removed by Filter: 30598494
Planning time: 0.546 ms
Execution time: 13557.068 ms
