Hash Join  (cost=190230.21..312744.01 rows=1158193 width=0) (actual time=4240.178..8028.265 rows=4904677 loops=1)
  Hash Cond: (mk.movie_id = t.id)
  ->  Seq Scan on movie_keyword mk  (cost=0.00..81003.12 rows=2122063 width=4) (actual time=0.024..1498.465 rows=2118070 loops=1)
        Filter: (keyword_id > 5606)
        Rows Removed by Filter: 2405860
  ->  Hash  (cost=167588.78..167588.78 rows=1380035 width=8) (actual time=4237.983..4237.983 rows=1380035 loops=1)
        Buckets: 131072  Batches: 32  Memory Usage: 2726kB
        ->  Hash Join  (cost=102767.86..167588.78 rows=1380035 width=8) (actual time=1815.286..3830.787 rows=1380035 loops=1)
              Hash Cond: (mi_idx.movie_id = t.id)
              ->  Seq Scan on movie_info_idx mi_idx  (cost=0.00..21735.35 rows=1380035 width=4) (actual time=0.014..487.432 rows=1380035 loops=1)
              ->  Hash  (cost=61283.27..61283.27 rows=2528527 width=4) (actual time=1812.753..1812.753 rows=2528312 loops=1)
                    Buckets: 131072  Batches: 64  Memory Usage: 2415kB
                    ->  Seq Scan on title t  (cost=0.00..61283.27 rows=2528527 width=4) (actual time=0.020..985.153 rows=2528312 loops=1)
Planning time: 1.157 ms
Execution time: 8588.018 ms
