Hash Join  (cost=106594.72..886498.88 rows=122341 width=0) (actual time=1941.476..17472.109 rows=144803 loops=1)
  Hash Cond: (ci.movie_id = t.id)
  ->  Seq Scan on cast_info ci  (cost=0.00..705507.15 rows=19512963 width=4) (actual time=0.020..11628.224 rows=19420504 loops=1)
        Filter: (person_id < 1943168)
        Rows Removed by Filter: 16823840
  ->  Hash  (cost=106396.56..106396.56 rows=15853 width=8) (actual time=1941.292..1941.292 rows=7101 loops=1)
        Buckets: 16384  Batches: 1  Memory Usage: 406kB
        ->  Hash Join  (cost=75342.47..106396.56 rows=15853 width=8) (actual time=1244.043..1937.562 rows=7101 loops=1)
              Hash Cond: (mi_idx.movie_id = t.id)
              ->  Seq Scan on movie_info_idx mi_idx  (cost=0.00..25185.44 rows=464566 width=4) (actual time=0.025..489.563 rows=459925 loops=1)
                    Filter: (info_type_id = 101)
                    Rows Removed by Filter: 920110
              ->  Hash  (cost=73925.90..73925.90 rows=86285 width=4) (actual time=1242.831..1242.831 rows=92628 loops=1)
                    Buckets: 131072  Batches: 2  Memory Usage: 2653kB
                    ->  Seq Scan on title t  (cost=0.00..73925.90 rows=86285 width=4) (actual time=0.025..1206.991 rows=92628 loops=1)
                          Filter: ((kind_id = 7) AND (production_year = 2010))
                          Rows Removed by Filter: 2435684
Planning time: 1.109 ms
Execution time: 17494.534 ms
