Hash Join  (cost=102767.86..925311.51 rows=689629 width=0) (actual time=4149.941..18679.013 rows=773674 loops=1)
  Hash Cond: (ci.movie_id = t.id)
  ->  Seq Scan on cast_info ci  (cost=0.00..796071.18 rows=689629 width=4) (actual time=2296.831..15565.194 rows=773674 loops=1)
        Filter: ((person_id < 3698245) AND (role_id = 6))
        Rows Removed by Filter: 35470670
  ->  Hash  (cost=61283.27..61283.27 rows=2528527 width=4) (actual time=1851.189..1851.189 rows=2528312 loops=1)
        Buckets: 131072  Batches: 64  Memory Usage: 2415kB
        ->  Seq Scan on title t  (cost=0.00..61283.27 rows=2528527 width=4) (actual time=0.021..1005.298 rows=2528312 loops=1)
Planning time: 0.774 ms
Execution time: 18757.157 ms
