Hash Join  (cost=187667.76..573706.97 rows=327446 width=0) (actual time=4538.368..10570.859 rows=2394493 loops=1)
  Hash Cond: (mi.movie_id = t.id)
  ->  Seq Scan on movie_info mi  (cost=0.00..346232.03 rows=3068194 width=4) (actual time=6.479..4429.352 rows=3036719 loops=1)
        Filter: (info_type_id = 16)
        Rows Removed by Filter: 11799001
  ->  Hash  (cost=183239.62..183239.62 rows=269851 width=8) (actual time=4180.898..4180.898 rows=338402 loops=1)
        Buckets: 131072 (originally 131072)  Batches: 8 (originally 4)  Memory Usage: 3073kB
        ->  Hash Join  (cost=88359.31..183239.62 rows=269851 width=8) (actual time=1619.654..4071.271 rows=338402 loops=1)
              Hash Cond: (mk.movie_id = t.id)
              ->  Seq Scan on movie_keyword mk  (cost=0.00..81003.12 rows=539380 width=4) (actual time=0.033..1286.246 rows=534830 loops=1)
                    Filter: (keyword_id > 34307)
                    Rows Removed by Filter: 3989100
              ->  Hash  (cost=67604.59..67604.59 rows=1265018 width=4) (actual time=1618.012..1618.012 rows=1263700 loops=1)
                    Buckets: 131072  Batches: 32  Memory Usage: 2418kB
                    ->  Seq Scan on title t  (cost=0.00..67604.59 rows=1265018 width=4) (actual time=0.026..1194.537 rows=1263700 loops=1)
                          Filter: (production_year < 2004)
                          Rows Removed by Filter: 1264612
Planning time: 1.106 ms
Execution time: 10854.119 ms
