Hash Join  (cost=95982.60..971768.13 rows=2539417 width=0) (actual time=2245.534..22144.023 rows=6437320 loops=1)
  Hash Cond: (ci.movie_id = t.id)
  ->  Seq Scan on cast_info ci  (cost=0.00..796071.18 rows=3712236 width=4) (actual time=346.787..13207.895 rows=8257046 loops=1)
        Filter: ((person_id > 2856966) AND (role_id > 2))
        Rows Removed by Filter: 27987298
  ->  Hash  (cost=67604.59..67604.59 rows=1729681 width=4) (actual time=1897.045..1897.045 rows=1725233 loops=1)
        Buckets: 131072  Batches: 32  Memory Usage: 2923kB
        ->  Seq Scan on title t  (cost=0.00..67604.59 rows=1729681 width=4) (actual time=0.023..1333.696 rows=1725233 loops=1)
              Filter: (production_year > 1991)
              Rows Removed by Filter: 803079
Planning time: 3.408 ms
Execution time: 22890.540 ms
