Hash Join  (cost=252944.25..846955.94 rows=8976587 width=0) (actual time=5239.438..19797.406 rows=5109013 loops=1)
  Hash Cond: (mi.movie_id = t.id)
  ->  Seq Scan on movie_info mi  (cost=0.00..309384.22 rows=14739122 width=4) (actual time=0.017..6269.080 rows=14835720 loops=1)
  ->  Hash  (cost=227678.85..227678.85 rows=1539952 width=8) (actual time=5195.983..5195.983 rows=432484 loops=1)
        Buckets: 131072  Batches: 32  Memory Usage: 1544kB
        ->  Hash Join  (cost=93093.72..227678.85 rows=1539952 width=8) (actual time=1796.619..5063.358 rows=432484 loops=1)
              Hash Cond: (mk.movie_id = t.id)
              ->  Seq Scan on movie_keyword mk  (cost=0.00..81003.12 rows=2506297 width=4) (actual time=0.019..1519.230 rows=2501555 loops=1)
                    Filter: (keyword_id > 3622)
                    Rows Removed by Filter: 2022375
              ->  Hash  (cost=67604.59..67604.59 rows=1553611 width=4) (actual time=1769.633..1769.633 rows=1555864 loops=1)
                    Buckets: 131072  Batches: 32  Memory Usage: 2740kB
                    ->  Seq Scan on title t  (cost=0.00..67604.59 rows=1553611 width=4) (actual time=0.020..1254.960 rows=1555864 loops=1)
                          Filter: (kind_id > 4)
                          Rows Removed by Filter: 972448
Planning time: 1.110 ms
Execution time: 20364.588 ms
