Hash Join  (cost=100908.38..189705.48 rows=1301 width=0) (actual time=1603.421..3332.310 rows=42023 loops=1)
  Hash Cond: (mk.movie_id = t.id)
  ->  Seq Scan on movie_keyword mk  (cost=0.00..81003.12 rows=2074922 width=4) (actual time=0.025..1392.349 rows=2085947 loops=1)
        Filter: (keyword_id < 3722)
        Rows Removed by Filter: 2437983
  ->  Hash  (cost=100888.56..100888.56 rows=1586 width=8) (actual time=1603.341..1603.341 rows=9109 loops=1)
        Buckets: 16384 (originally 2048)  Batches: 1 (originally 1)  Memory Usage: 484kB
        ->  Hash Join  (cost=73962.22..100888.56 rows=1586 width=8) (actual time=1022.554..1599.674 rows=9109 loops=1)
              Hash Cond: (mi_idx.movie_id = t.id)
              ->  Seq Scan on movie_info_idx mi_idx  (cost=0.00..21735.35 rows=1380035 width=4) (actual time=0.026..291.992 rows=1380035 loops=1)
              ->  Hash  (cost=73925.90..73925.90 rows=2905 width=4) (actual time=1022.455..1022.455 rows=7329 loops=1)
                    Buckets: 8192 (originally 4096)  Batches: 1 (originally 1)  Memory Usage: 322kB
                    ->  Seq Scan on title t  (cost=0.00..73925.90 rows=2905 width=4) (actual time=1.111..1019.021 rows=7329 loops=1)
                          Filter: ((kind_id < 7) AND (production_year = 1984))
                          Rows Removed by Filter: 2520983
Planning time: 1.155 ms
Execution time: 3338.020 ms
