Hash Join  (cost=75305.14..199139.41 rows=150323 width=0) (actual time=1197.166..3910.292 rows=72393 loops=1)
  Hash Cond: (mk.movie_id = t.id)
  ->  Seq Scan on movie_keyword mk  (cost=0.00..69693.30 rows=4523930 width=4) (actual time=0.018..1375.208 rows=4523930 loops=1)
  ->  Hash  (cost=73925.90..73925.90 rows=84019 width=4) (actual time=1196.317..1196.317 rows=92860 loops=1)
        Buckets: 131072  Batches: 2  Memory Usage: 2662kB
        ->  Seq Scan on title t  (cost=0.00..73925.90 rows=84019 width=4) (actual time=0.031..1157.929 rows=92860 loops=1)
              Filter: ((kind_id > 3) AND (production_year = 2009))
              Rows Removed by Filter: 2435452
Planning time: 1.238 ms
Execution time: 3919.833 ms
