Seq Scan on title t  (cost=0.00..73925.90 rows=1067877 width=0) (actual time=0.025..1323.593 rows=1163273 loops=1)
  Filter: ((production_year > 1990) AND (kind_id = 7))
  Rows Removed by Filter: 1365039
Planning time: 0.326 ms
Execution time: 1469.716 ms
