Seq Scan on cast_info ci  (cost=0.00..796071.18 rows=18777572 width=0) (actual time=0.024..15676.885 rows=21551188 loops=1)
  Filter: ((person_id > 698588) AND (role_id > 1))
  Rows Removed by Filter: 14693156
Planning time: 0.327 ms
Execution time: 18196.434 ms
