Seq Scan on movie_companies mc  (cost=0.00..51404.11 rows=654461 width=0) (actual time=0.008..886.214 rows=659042 loops=1)
  Filter: (company_id > 52693)
  Rows Removed by Filter: 1950087
Planning time: 0.265 ms
Execution time: 969.437 ms
