Hash Join  (cost=204016.04..1070562.46 rows=1289156 width=0) (actual time=4240.006..25693.042 rows=4692553 loops=1)
  Hash Cond: (ci.movie_id = t.id)
  ->  Seq Scan on cast_info ci  (cost=0.00..705507.15 rows=12726058 width=4) (actual time=0.022..14638.217 rows=12670688 loops=1)
        Filter: (role_id < 2)
        Rows Removed by Filter: 23573656
  ->  Hash  (cost=199813.27..199813.27 rows=256141 width=8) (actual time=4239.219..4239.219 rows=253898 loops=1)
        Buckets: 131072  Batches: 4  Memory Usage: 3517kB
        ->  Hash Join  (cost=102767.86..199813.27 rows=256141 width=8) (actual time=2165.972..4161.774 rows=253898 loops=1)
              Hash Cond: (mk.movie_id = t.id)
              ->  Seq Scan on movie_keyword mk  (cost=0.00..81003.12 rows=256141 width=4) (actual time=0.043..1381.404 rows=253898 loops=1)
                    Filter: (keyword_id > 59985)
                    Rows Removed by Filter: 4270032
              ->  Hash  (cost=61283.27..61283.27 rows=2528527 width=4) (actual time=2162.925..2162.925 rows=2528312 loops=1)
                    Buckets: 131072  Batches: 64  Memory Usage: 2425kB
                    ->  Seq Scan on title t  (cost=0.00..61283.27 rows=2528527 width=4) (actual time=0.029..1014.181 rows=2528312 loops=1)
Planning time: 1.062 ms
Execution time: 26223.464 ms
