Seq Scan on cast_info ci  (cost=0.00..796071.18 rows=12766811 width=0) (actual time=2001.532..14978.181 rows=15462461 loops=1)
  Filter: ((person_id < 1913144) AND (role_id < 4))
  Rows Removed by Filter: 20781883
Planning time: 0.306 ms
Execution time: 16887.295 ms
