Seq Scan on movie_keyword mk  (cost=0.00..81003.12 rows=246 width=0) (actual time=16.047..1174.456 rows=61 loops=1)
  Filter: (keyword_id = 41403)
  Rows Removed by Filter: 4523869
Planning time: 0.231 ms
Execution time: 1174.575 ms
