Hash Join  (cost=118128.04..1011184.82 rows=10847995 width=169) (actual time=808.321..8840.056 rows=6534671 loops=1)
  Hash Cond: (mi.movie_id = t.id)
  ->  Seq Scan on movie_info mi  (cost=0.00..309384.22 rows=14739122 width=75) (actual time=0.012..1537.641 rows=14835720 loops=1)
  ->  Hash  (cost=67604.59..67604.59 rows=1860996 width=94) (actual time=807.074..807.074 rows=1865487 loops=1)
        Buckets: 32768  Batches: 64  Memory Usage: 3606kB
        ->  Seq Scan on title t  (cost=0.00..67604.59 rows=1860996 width=94) (actual time=0.008..442.897 rows=1865487 loops=1)
              Filter: (kind_id > 1)
              Rows Removed by Filter: 662825
Planning time: 0.629 ms
Execution time: 9037.112 ms
