Seq Scan on movie_companies mc  (cost=0.00..51404.11 rows=1917151 width=0) (actual time=0.019..925.861 rows=1925901 loops=1)
  Filter: (company_id > 1191)
  Rows Removed by Filter: 683228
Planning time: 0.291 ms
Execution time: 1159.229 ms
