Seq Scan on movie_companies mc  (cost=0.00..57926.93 rows=53 width=0) (actual time=0.134..860.136 rows=175 loops=1)
  Filter: ((company_id = 15820) AND (company_type_id = 2))
  Rows Removed by Filter: 2608954
Planning time: 0.334 ms
Execution time: 860.263 ms
