Seq Scan on cast_info ci  (cost=0.00..705507.15 rows=500 width=0) (actual time=7241.783..9795.712 rows=188 loops=1)
  Filter: (person_id = 772647)
  Rows Removed by Filter: 36244156
Planning time: 0.379 ms
Execution time: 9795.808 ms
