Hash Join  (cost=184710.40..712738.37 rows=4519304 width=0) (actual time=5502.253..33193.631 rows=54281648 loops=1)
  Hash Cond: (mi.movie_id = t.id)
  ->  Seq Scan on movie_info mi  (cost=0.00..309384.22 rows=14739122 width=4) (actual time=0.021..6129.408 rows=14835720 loops=1)
  ->  Hash  (cost=171990.20..171990.20 rows=775296 width=8) (actual time=5500.940..5500.940 rows=1616417 loops=1)
        Buckets: 131072 (originally 131072)  Batches: 32 (originally 16)  Memory Usage: 3073kB
        ->  Hash Join  (cost=86252.72..171990.20 rows=775296 width=8) (actual time=1449.283..4971.820 rows=1616417 loops=1)
              Hash Cond: (mc.movie_id = t.id)
              ->  Seq Scan on movie_companies mc  (cost=0.00..44881.29 rows=2609129 width=4) (actual time=0.027..944.731 rows=2609129 loops=1)
              ->  Hash  (cost=73925.90..73925.90 rows=751345 width=4) (actual time=1448.363..1448.363 rows=793943 loops=1)
                    Buckets: 131072  Batches: 16  Memory Usage: 2771kB
                    ->  Seq Scan on title t  (cost=0.00..73925.90 rows=751345 width=4) (actual time=0.021..1202.877 rows=793943 loops=1)
                          Filter: ((kind_id < 7) AND (production_year < 2010))
                          Rows Removed by Filter: 1734369
Planning time: 1.098 ms
Execution time: 39501.638 ms
