Hash Join  (cost=513165.38..1693154.58 rows=5414503 width=0) (actual time=10660.308..43102.549 rows=16096019 loops=1)
  Hash Cond: (ci.movie_id = t.id)
  ->  Seq Scan on cast_info ci  (cost=0.00..614943.12 rows=36225612 width=4) (actual time=0.023..13320.983 rows=36244344 loops=1)
  ->  Hash  (cost=506964.27..506964.27 rows=377929 width=8) (actual time=10659.320..10659.320 rows=382081 loops=1)
        Buckets: 131072  Batches: 8  Memory Usage: 2908kB
        ->  Hash Join  (cost=69694.50..506964.27 rows=377929 width=8) (actual time=1166.364..10535.886 rows=382081 loops=1)
              Hash Cond: (mi.movie_id = t.id)
              ->  Seq Scan on movie_info mi  (cost=0.00..346232.03 rows=7503588 width=4) (actual time=0.013..6641.942 rows=7548855 loops=1)
                    Filter: (info_type_id > 7)
                    Rows Removed by Filter: 7286865
              ->  Hash  (cost=67604.59..67604.59 rows=127353 width=4) (actual time=1165.515..1165.515 rows=128696 loops=1)
                    Buckets: 131072  Batches: 2  Memory Usage: 3290kB
                    ->  Seq Scan on title t  (cost=0.00..67604.59 rows=127353 width=4) (actual time=0.023..1114.904 rows=128696 loops=1)
                          Filter: (production_year = 2009)
                          Rows Removed by Filter: 2399616
Planning time: 2.085 ms
Execution time: 44660.097 ms
