Seq Scan on title t  (cost=0.00..73925.90 rows=70819 width=0) (actual time=527.293..1221.855 rows=3 loops=1)
  Filter: ((kind_id > 2) AND (production_year < 1925))
  Rows Removed by Filter: 2528309
Planning time: 0.212 ms
Execution time: 1221.961 ms
