Hash Join  (cost=81025.55..149129.89 rows=193496 width=0) (actual time=1261.573..3028.401 rows=349478 loops=1)
  Hash Cond: (mc.movie_id = t.id)
  ->  Seq Scan on movie_companies mc  (cost=0.00..51404.11 rows=1130737 width=4) (actual time=0.025..1025.583 rows=1140577 loops=1)
        Filter: (company_id > 13331)
        Rows Removed by Filter: 1468552
  ->  Hash  (cost=73925.90..73925.90 rows=432692 width=4) (actual time=1258.619..1258.619 rows=368246 loops=1)
        Buckets: 131072  Batches: 8  Memory Usage: 2639kB
        ->  Seq Scan on title t  (cost=0.00..73925.90 rows=432692 width=4) (actual time=0.047..1144.482 rows=368246 loops=1)
              Filter: ((kind_id < 7) AND (production_year > 2004))
              Rows Removed by Filter: 2160066
Planning time: 0.676 ms
Execution time: 3071.793 ms
