Hash Join  (cost=152668.27..276416.05 rows=143274 width=0) (actual time=4253.031..5702.288 rows=146996 loops=1)
  Hash Cond: (mk.movie_id = t.id)
  ->  Seq Scan on movie_keyword mk  (cost=0.00..69693.30 rows=4523930 width=4) (actual time=0.015..1268.753 rows=4523930 loops=1)
  ->  Hash  (cost=151354.28..151354.28 rows=80079 width=8) (actual time=3180.348..3180.348 rows=35914 loops=1)
        Buckets: 131072  Batches: 2  Memory Usage: 1741kB
        ->  Hash Join  (cost=75199.97..151354.28 rows=80079 width=8) (actual time=1802.086..3165.676 rows=35914 loops=1)
              Hash Cond: (mc.movie_id = t.id)
              ->  Seq Scan on movie_companies mc  (cost=0.00..44881.29 rows=2609129 width=4) (actual time=0.013..952.451 rows=2609129 loops=1)
              ->  Hash  (cost=73925.90..73925.90 rows=77605 width=4) (actual time=1293.165..1293.165 rows=84684 loops=1)
                    Buckets: 131072  Batches: 2  Memory Usage: 2512kB
                    ->  Seq Scan on title t  (cost=0.00..73925.90 rows=77605 width=4) (actual time=0.014..1262.269 rows=84684 loops=1)
                          Filter: ((kind_id = 7) AND (production_year = 2009))
                          Rows Removed by Filter: 2443628
Planning time: 0.736 ms
Execution time: 5716.135 ms
