Seq Scan on title t  (cost=0.00..73925.90 rows=268732 width=0) (actual time=0.025..1023.606 rows=226985 loops=1)
  Filter: ((kind_id < 4) AND (production_year > 2007))
  Rows Removed by Filter: 2301327
Planning time: 0.314 ms
Execution time: 1058.065 ms
