Hash Join  (cost=233051.63..324039.56 rows=1156140 width=0) (actual time=5025.924..7248.380 rows=593762 loops=1)
  Hash Cond: (mc.movie_id = t.id)
  ->  Seq Scan on movie_companies mc  (cost=0.00..44881.29 rows=2609129 width=4) (actual time=0.024..1046.927 rows=2609129 loops=1)
  ->  Hash  (cost=214669.32..214669.32 rows=1120425 width=8) (actual time=5024.455..5024.455 rows=246394 loops=1)
        Buckets: 131072  Batches: 16  Memory Usage: 1623kB
        ->  Hash Join  (cost=92883.59..214669.32 rows=1120425 width=8) (actual time=1967.787..4952.983 rows=246394 loops=1)
              Hash Cond: (mk.movie_id = t.id)
              ->  Seq Scan on movie_keyword mk  (cost=0.00..81003.12 rows=1838671 width=4) (actual time=0.016..1667.505 rows=1847076 loops=1)
                    Filter: (keyword_id < 3069)
                    Rows Removed by Filter: 2676854
              ->  Hash  (cost=67604.59..67604.59 rows=1540800 width=4) (actual time=1870.547..1870.547 rows=1543264 loops=1)
                    Buckets: 131072  Batches: 32  Memory Usage: 2728kB
                    ->  Seq Scan on title t  (cost=0.00..67604.59 rows=1540800 width=4) (actual time=211.210..1368.803 rows=1543264 loops=1)
                          Filter: (kind_id = 7)
                          Rows Removed by Filter: 985048
Planning time: 5.258 ms
Execution time: 7300.909 ms
