Hash Join  (cost=83074.55..833889.64 rows=2594 width=0) (actual time=1235.725..17362.201 rows=7194 loops=1)
  Hash Cond: (ci.movie_id = t.id)
  ->  Seq Scan on cast_info ci  (cost=0.00..614943.12 rows=36225612 width=4) (actual time=0.023..9135.828 rows=36244344 loops=1)
  ->  Hash  (cost=83072.29..83072.29 rows=181 width=8) (actual time=1228.376..1228.376 rows=229 loops=1)
        Buckets: 1024  Batches: 1  Memory Usage: 17kB
        ->  Nested Loop  (cost=0.43..83072.29 rows=181 width=8) (actual time=6.187..1228.161 rows=229 loops=1)
              ->  Seq Scan on movie_keyword mk  (cost=0.00..81003.12 rows=246 width=4) (actual time=0.208..1172.034 rows=984 loops=1)
                    Filter: (keyword_id = 2000)
                    Rows Removed by Filter: 4522946
              ->  Index Scan using title_pkey on title t  (cost=0.43..8.40 rows=1 width=4) (actual time=0.056..0.056 rows=0 loops=984)
                    Index Cond: (id = mk.movie_id)
                    Filter: (kind_id > 1)
                    Rows Removed by Filter: 1
Planning time: 1.188 ms
Execution time: 17365.177 ms
