Hash Join  (cost=183671.00..322081.40 rows=1346736 width=0) (actual time=5914.528..7782.764 rows=567434 loops=1)
  Hash Cond: (mk.movie_id = t.id)
  ->  Seq Scan on movie_keyword mk  (cost=0.00..69693.30 rows=4523930 width=4) (actual time=0.018..1444.630 rows=4523930 loops=1)
  ->  Hash  (cost=171320.99..171320.99 rows=752721 width=8) (actual time=4329.688..4329.688 rows=385774 loops=1)
        Buckets: 131072  Batches: 16  Memory Usage: 1964kB
        ->  Hash Join  (cost=85894.26..171320.99 rows=752721 width=8) (actual time=2152.338..4206.415 rows=385774 loops=1)
              Hash Cond: (mc.movie_id = t.id)
              ->  Seq Scan on movie_companies mc  (cost=0.00..44881.29 rows=2609129 width=4) (actual time=0.011..940.435 rows=2609129 loops=1)
              ->  Hash  (cost=73925.90..73925.90 rows=729468 width=4) (actual time=1847.094..1847.094 rows=638430 loops=1)
                    Buckets: 131072  Batches: 16  Memory Usage: 2425kB
                    ->  Seq Scan on title t  (cost=0.00..73925.90 rows=729468 width=4) (actual time=0.018..1448.426 rows=638430 loops=1)
                          Filter: ((production_year < 2003) AND (kind_id = 7))
                          Rows Removed by Filter: 1889882
Planning time: 1.120 ms
Execution time: 7850.990 ms
