Hash Join  (cost=119785.54..623259.32 rows=1129748 width=0) (actual time=2523.689..15258.314 rows=3434498 loops=1)
  Hash Cond: (mi.movie_id = t.id)
  ->  Seq Scan on movie_info mi  (cost=0.00..346232.03 rows=12545135 width=4) (actual time=0.015..7043.868 rows=12601870 loops=1)
        Filter: (info_type_id < 17)
        Rows Removed by Filter: 2233850
  ->  Hash  (cost=116049.22..116049.22 rows=227706 width=8) (actual time=2522.427..2522.427 rows=245859 loops=1)
        Buckets: 131072  Batches: 4  Memory Usage: 3440kB
        ->  Hash Join  (cost=74449.67..116049.22 rows=227706 width=8) (actual time=1285.783..2443.732 rows=245859 loops=1)
              Hash Cond: (mi_idx.movie_id = t.id)
              ->  Seq Scan on movie_info_idx mi_idx  (cost=0.00..21735.35 rows=1380035 width=4) (actual time=0.022..394.012 rows=1380035 loops=1)
              ->  Hash  (cost=67604.59..67604.59 rows=417207 width=4) (actual time=1284.530..1284.530 rows=409495 loops=1)
                    Buckets: 131072  Batches: 8  Memory Usage: 2821kB
                    ->  Seq Scan on title t  (cost=0.00..67604.59 rows=417207 width=4) (actual time=0.022..1153.525 rows=409495 loops=1)
                          Filter: (production_year < 1973)
                          Rows Removed by Filter: 2118817
Planning time: 1.093 ms
Execution time: 15611.402 ms
