Nested Loop  (cost=0.43..84396.67 rows=2703 width=0) (actual time=475.737..793.182 rows=3772 loops=1)
  ->  Seq Scan on movie_companies mc  (cost=0.00..51404.11 rows=4436 width=4) (actual time=44.970..718.041 rows=3996 loops=1)
        Filter: (company_id = 150)
        Rows Removed by Filter: 2605133
  ->  Index Scan using title_pkey on title t  (cost=0.43..7.43 rows=1 width=4) (actual time=0.018..0.018 rows=1 loops=3996)
        Index Cond: (id = mc.movie_id)
        Filter: (kind_id = 7)
        Rows Removed by Filter: 0
Planning time: 0.718 ms
Execution time: 794.175 ms
