Hash Join  (cost=69928.56..954536.59 rows=406435 width=0) (actual time=7222.162..19184.838 rows=571910 loops=1)
  Hash Cond: (ci.movie_id = t.id)
  ->  Seq Scan on cast_info ci  (cost=0.00..796071.18 rows=7257734 width=4) (actual time=5454.634..14242.803 rows=7829007 loops=1)
        Filter: ((person_id > 528417) AND (role_id > 5))
        Rows Removed by Filter: 28415337
  ->  Hash  (cost=67604.59..67604.59 rows=141598 width=4) (actual time=1766.788..1766.788 rows=141703 loops=1)
        Buckets: 131072  Batches: 2  Memory Usage: 3511kB
        ->  Seq Scan on title t  (cost=0.00..67604.59 rows=141598 width=4) (actual time=320.527..1695.491 rows=141703 loops=1)
              Filter: (production_year = 2010)
              Rows Removed by Filter: 2386609
Planning time: 0.452 ms
Execution time: 19258.534 ms
