Hash Join  (cost=123311.50..204067.31 rows=216811 width=0) (actual time=2896.762..5470.046 rows=1282348 loops=1)
  Hash Cond: (mc.movie_id = t.id)
  ->  Seq Scan on movie_companies mc  (cost=0.00..51404.11 rows=2269220 width=4) (actual time=0.010..1180.495 rows=2266703 loops=1)
        Filter: (company_id < 89035)
        Rows Removed by Filter: 342426
  ->  Hash  (cost=119347.66..119347.66 rows=241587 width=8) (actual time=2896.138..2896.138 rows=419760 loops=1)
        Buckets: 131072 (originally 131072)  Batches: 8 (originally 4)  Memory Usage: 3078kB
        ->  Hash Join  (cost=78556.72..119347.66 rows=241587 width=8) (actual time=1475.391..2763.507 rows=419760 loops=1)
              Hash Cond: (mi_idx.movie_id = t.id)
              ->  Seq Scan on movie_info_idx mi_idx  (cost=0.00..25185.44 rows=915101 width=4) (actual time=0.019..592.862 rows=919850 loops=1)
                    Filter: (info_type_id < 101)
                    Rows Removed by Filter: 460185
              ->  Hash  (cost=67604.59..67604.59 rows=667531 width=4) (actual time=1474.826..1474.826 rows=662825 loops=1)
                    Buckets: 131072  Batches: 16  Memory Usage: 2476kB
                    ->  Seq Scan on title t  (cost=0.00..67604.59 rows=667531 width=4) (actual time=152.033..1260.806 rows=662825 loops=1)
                          Filter: (kind_id = 1)
                          Rows Removed by Filter: 1865487
Planning time: 1.114 ms
Execution time: 5617.196 ms
