Hash Join  (cost=234427.15..1300363.69 rows=9763938 width=0) (actual time=5924.561..35708.063 rows=18186935 loops=1)
  Hash Cond: (ci.movie_id = t.id)
  ->  Seq Scan on cast_info ci  (cost=0.00..796071.18 rows=12856396 width=4) (actual time=734.007..16503.397 rows=19036163 loops=1)
        Filter: ((person_id > 1610701) AND (role_id > 1))
        Rows Removed by Filter: 17208181
  ->  Hash  (cost=202921.16..202921.16 rows=1920319 width=8) (actual time=5189.645..5189.645 rows=1301439 loops=1)
        Buckets: 131072  Batches: 32  Memory Usage: 2584kB
        ->  Hash Join  (cost=98137.04..202921.16 rows=1920319 width=8) (actual time=1957.103..4833.112 rows=1301439 loops=1)
              Hash Cond: (mc.movie_id = t.id)
              ->  Seq Scan on movie_companies mc  (cost=0.00..44881.29 rows=2609129 width=4) (actual time=0.026..905.405 rows=2609129 loops=1)
              ->  Hash  (cost=67604.59..67604.59 rows=1860996 width=4) (actual time=1955.614..1955.614 rows=1865487 loops=1)
                    Buckets: 131072  Batches: 32  Memory Usage: 3079kB
                    ->  Seq Scan on title t  (cost=0.00..67604.59 rows=1860996 width=4) (actual time=0.033..1375.652 rows=1865487 loops=1)
                          Filter: (kind_id > 1)
                          Rows Removed by Filter: 662825
Planning time: 2.208 ms
Execution time: 37603.815 ms
