Hash Join  (cost=52284.99..141837.49 rows=94 width=0) (actual time=714.606..2605.675 rows=8113 loops=1)
  Hash Cond: (mk.movie_id = t.id)
  ->  Seq Scan on movie_keyword mk  (cost=0.00..81003.12 rows=2279582 width=4) (actual time=0.011..1575.535 rows=2280808 loops=1)
        Filter: (keyword_id > 4618)
        Rows Removed by Filter: 2243122
  ->  Hash  (cost=52283.69..52283.69 rows=104 width=8) (actual time=709.049..709.049 rows=320 loops=1)
        Buckets: 1024  Batches: 1  Memory Usage: 21kB
        ->  Nested Loop  (cost=0.43..52283.69 rows=104 width=8) (actual time=1.692..708.791 rows=320 loops=1)
              ->  Seq Scan on movie_companies mc  (cost=0.00..51404.11 rows=104 width=4) (actual time=1.642..701.481 rows=320 loops=1)
                    Filter: (company_id = 5837)
                    Rows Removed by Filter: 2608809
              ->  Index Only Scan using title_pkey on title t  (cost=0.43..8.45 rows=1 width=4) (actual time=0.021..0.021 rows=1 loops=320)
                    Index Cond: (id = mc.movie_id)
                    Heap Fetches: 320
Planning time: 1.038 ms
Execution time: 2606.914 ms
