Hash Join  (cost=434508.36..558718.55 rows=181215 width=0) (actual time=7861.597..18596.513 rows=29378646 loops=1)
  Hash Cond: (mk.movie_id = t.id)
  ->  Seq Scan on movie_keyword mk  (cost=0.00..69693.30 rows=4523930 width=4) (actual time=0.025..1484.684 rows=4523930 loops=1)
  ->  Hash  (cost=432846.30..432846.30 rows=101285 width=8) (actual time=7794.117..7794.117 rows=399576 loops=1)
        Buckets: 131072 (originally 131072)  Batches: 8 (originally 2)  Memory Usage: 3073kB
        ->  Hash Join  (cost=78556.72..432846.30 rows=101285 width=8) (actual time=5547.020..7668.079 rows=399576 loops=1)
              Hash Cond: (mi.movie_id = t.id)
              ->  Seq Scan on movie_info mi  (cost=0.00..346232.03 rows=383654 width=4) (actual time=3887.859..5587.679 rows=428651 loops=1)
                    Filter: (info_type_id > 104)
                    Rows Removed by Filter: 14407069
              ->  Hash  (cost=67604.59..67604.59 rows=667531 width=4) (actual time=1657.237..1657.237 rows=662825 loops=1)
                    Buckets: 131072  Batches: 16  Memory Usage: 2485kB
                    ->  Seq Scan on title t  (cost=0.00..67604.59 rows=667531 width=4) (actual time=0.017..895.745 rows=662825 loops=1)
                          Filter: (kind_id = 1)
                          Rows Removed by Filter: 1865487
Planning time: 1.115 ms
Execution time: 21700.346 ms
