Hash Join  (cost=863687.84..1034481.64 rows=755738 width=0) (actual time=20560.848..24440.136 rows=4806473 loops=1)
  Hash Cond: (mk.movie_id = t.id)
  ->  Seq Scan on movie_keyword mk  (cost=0.00..69693.30 rows=4523930 width=4) (actual time=0.019..1074.459 rows=4523930 loops=1)
  ->  Hash  (cost=856757.85..856757.85 rows=422399 width=8) (actual time=20559.812..20559.812 rows=425134 loops=1)
        Buckets: 131072  Batches: 8  Memory Usage: 3082kB
        ->  Hash Join  (cost=74617.32..856757.85 rows=422399 width=8) (actual time=1257.319..20358.074 rows=425134 loops=1)
              Hash Cond: (ci.movie_id = t.id)
              ->  Seq Scan on cast_info ci  (cost=0.00..705507.15 rows=19309171 width=4) (actual time=0.021..12884.852 rows=19463945 loops=1)
                    Filter: (person_id > 1660451)
                    Rows Removed by Filter: 16780399
              ->  Hash  (cost=73925.90..73925.90 rows=55313 width=4) (actual time=1256.955..1256.955 rows=49075 loops=1)
                    Buckets: 65536  Batches: 1  Memory Usage: 2238kB
                    ->  Seq Scan on title t  (cost=0.00..73925.90 rows=55313 width=4) (actual time=0.109..1237.378 rows=49075 loops=1)
                          Filter: ((kind_id < 7) AND (production_year = 2010))
                          Rows Removed by Filter: 2479237
Planning time: 1.189 ms
Execution time: 24998.539 ms
