Seq Scan on movie_keyword mk  (cost=0.00..81003.12 rows=246 width=0) (actual time=8.133..1305.793 rows=178 loops=1)
  Filter: (keyword_id = 16118)
  Rows Removed by Filter: 4523752
Planning time: 0.344 ms
Execution time: 1306.019 ms
