Seq Scan on movie_companies mc  (cost=0.00..57926.93 rows=828885 width=0) (actual time=8.810..1052.516 rows=1041174 loops=1)
  Filter: ((company_id > 4458) AND (company_type_id = 2))
  Rows Removed by Filter: 1567955
Planning time: 0.346 ms
Execution time: 1182.233 ms
