Hash Join  (cost=93155.63..156949.85 rows=223499 width=0) (actual time=1870.201..3149.111 rows=233440 loops=1)
  Hash Cond: (mc.movie_id = t.id)
  ->  Seq Scan on movie_companies mc  (cost=0.00..51404.11 rows=482164 width=4) (actual time=0.023..920.117 rows=476660 loops=1)
        Filter: (company_id < 423)
        Rows Removed by Filter: 2132469
  ->  Hash  (cost=73925.90..73925.90 rows=1172058 width=4) (actual time=1732.935..1732.935 rows=1128906 loops=1)
        Buckets: 131072  Batches: 16  Memory Usage: 3503kB
        ->  Seq Scan on title t  (cost=0.00..73925.90 rows=1172058 width=4) (actual time=0.019..1380.645 rows=1128906 loops=1)
              Filter: ((production_year < 2010) AND (kind_id = 7))
              Rows Removed by Filter: 1399406
Planning time: 0.833 ms
Execution time: 3176.481 ms
