Seq Scan on movie_keyword mk  (cost=0.00..81003.12 rows=1117286 width=0) (actual time=0.027..1424.030 rows=1123768 loops=1)
  Filter: (keyword_id < 1212)
  Rows Removed by Filter: 3400162
Planning time: 0.328 ms
Execution time: 1576.347 ms
