Hash Join  (cost=91397.28..637438.24 rows=6207503 width=0) (actual time=1737.895..16195.943 rows=4166737 loops=1)
  Hash Cond: (mi.movie_id = t.id)
  ->  Seq Scan on movie_info mi  (cost=0.00..309384.22 rows=14739122 width=4) (actual time=0.018..5931.795 rows=14835720 loops=1)
  ->  Hash  (cost=73925.90..73925.90 rows=1064910 width=4) (actual time=1736.862..1736.862 rows=1003269 loops=1)
        Buckets: 131072  Batches: 16  Memory Usage: 3239kB
        ->  Seq Scan on title t  (cost=0.00..73925.90 rows=1064910 width=4) (actual time=0.019..1411.041 rows=1003269 loops=1)
              Filter: ((kind_id > 1) AND (production_year < 2006))
              Rows Removed by Filter: 1525043
Planning time: 0.740 ms
Execution time: 16664.009 ms
