Hash Join  (cost=358545.36..1147055.17 rows=23751517 width=0) (actual time=8158.834..73381.466 rows=217450127 loops=1)
  Hash Cond: (mi.movie_id = t.id)
  ->  Seq Scan on movie_info mi  (cost=0.00..309384.22 rows=14739122 width=4) (actual time=0.018..6488.356 rows=14835720 loops=1)
  ->  Hash  (cost=291695.59..291695.59 rows=4074622 width=8) (actual time=8157.277..8157.277 rows=4062203 loops=1)
        Buckets: 131072  Batches: 64  Memory Usage: 3610kB
        ->  Hash Join  (cost=102767.86..291695.59 rows=4074622 width=8) (actual time=1989.019..7071.647 rows=4062203 loops=1)
              Hash Cond: (mk.movie_id = t.id)
              ->  Seq Scan on movie_keyword mk  (cost=0.00..81003.12 rows=4074622 width=4) (actual time=0.016..1843.730 rows=4062203 loops=1)
                    Filter: (keyword_id > 348)
                    Rows Removed by Filter: 461727
              ->  Hash  (cost=61283.27..61283.27 rows=2528527 width=4) (actual time=1987.830..1987.830 rows=2528312 loops=1)
                    Buckets: 131072  Batches: 64  Memory Usage: 2425kB
                    ->  Seq Scan on title t  (cost=0.00..61283.27 rows=2528527 width=4) (actual time=0.013..1139.035 rows=2528312 loops=1)
Planning time: 1.213 ms
Execution time: 97988.083 ms
