Hash Join  (cost=143997.71..899283.05 rows=449617 width=0) (actual time=2210.356..19657.912 rows=222567 loops=1)
  Hash Cond: (ci.movie_id = t.id)
  ->  Seq Scan on cast_info ci  (cost=0.00..614943.12 rows=36225612 width=4) (actual time=0.011..9123.831 rows=36244344 loops=1)
  ->  Hash  (cost=143605.43..143605.43 rows=31383 width=8) (actual time=2209.127..2209.127 rows=9526 loops=1)
        Buckets: 32768  Batches: 1  Memory Usage: 629kB
        ->  Hash Join  (cost=81573.24..143605.43 rows=31383 width=8) (actual time=1226.959..2205.547 rows=9526 loops=1)
              Hash Cond: (mc.movie_id = t.id)
              ->  Seq Scan on movie_companies mc  (cost=0.00..57926.93 rows=170245 width=4) (actual time=0.068..888.322 rows=69324 loops=1)
                    Filter: ((company_id < 164) AND (company_type_id = 2))
                    Rows Removed by Filter: 2539805
              ->  Hash  (cost=73925.90..73925.90 rows=466107 width=4) (actual time=1225.765..1225.765 rows=396359 loops=1)
                    Buckets: 131072  Batches: 8  Memory Usage: 2762kB
                    ->  Seq Scan on title t  (cost=0.00..73925.90 rows=466107 width=4) (actual time=0.016..1098.002 rows=396359 loops=1)
                          Filter: ((kind_id < 7) AND (production_year > 2003))
                          Rows Removed by Filter: 2131953
Planning time: 1.178 ms
Execution time: 19696.884 ms
