Seq Scan on movie_keyword mk  (cost=0.00..81003.12 rows=246 width=0) (actual time=363.739..1222.683 rows=6 loops=1)
  Filter: (keyword_id = 23580)
  Rows Removed by Filter: 4523924
Planning time: 0.392 ms
Execution time: 1222.776 ms
