Hash Join  (cost=931682.81..1445808.87 rows=1489723 width=0) (actual time=20009.214..34271.162 rows=5694519 loops=1)
  Hash Cond: (mi.movie_id = t.id)
  ->  Seq Scan on movie_info mi  (cost=0.00..309384.22 rows=14739122 width=4) (actual time=0.016..6182.787 rows=14835720 loops=1)
  ->  Hash  (cost=927489.25..927489.25 rows=255565 width=8) (actual time=20006.555..20006.555 rows=555702 loops=1)
        Buckets: 131072 (originally 131072)  Batches: 8 (originally 4)  Memory Usage: 3721kB
        ->  Hash Join  (cost=69694.50..927489.25 rows=255565 width=8) (actual time=1688.975..19787.307 rows=555702 loops=1)
              Hash Cond: (ci.movie_id = t.id)
              ->  Seq Scan on cast_info ci  (cost=0.00..796071.18 rows=5074111 width=4) (actual time=636.425..14532.322 rows=10377941 loops=1)
                    Filter: ((person_id < 1415270) AND (role_id < 2))
                    Rows Removed by Filter: 25866403
              ->  Hash  (cost=67604.59..67604.59 rows=127353 width=4) (actual time=1051.772..1051.772 rows=128696 loops=1)
                    Buckets: 131072  Batches: 2  Memory Usage: 3284kB
                    ->  Seq Scan on title t  (cost=0.00..67604.59 rows=127353 width=4) (actual time=0.024..1003.363 rows=128696 loops=1)
                          Filter: (production_year = 2009)
                          Rows Removed by Filter: 2399616
Planning time: 1.140 ms
Execution time: 34895.680 ms
