Hash Join  (cost=75071.77..609178.96 rows=2506806 width=0) (actual time=1290.604..15965.825 rows=3907462 loops=1)
  Hash Cond: (mi.movie_id = t.id)
  ->  Seq Scan on movie_info mi  (cost=0.00..346232.03 rows=13926693 width=4) (actual time=0.014..7118.027 rows=13963496 loops=1)
        Filter: (info_type_id < 98)
        Rows Removed by Filter: 872224
  ->  Hash  (cost=67604.59..67604.59 rows=455135 width=4) (actual time=1289.789..1289.789 rows=451569 loops=1)
        Buckets: 131072  Batches: 8  Memory Usage: 3009kB
        ->  Seq Scan on title t  (cost=0.00..67604.59 rows=455135 width=4) (actual time=0.013..1132.677 rows=451569 loops=1)
              Filter: (production_year < 1976)
              Rows Removed by Filter: 2076743
Planning time: 0.535 ms
Execution time: 16371.627 ms
