Hash Join  (cost=129084.19..494569.96 rows=82984 width=0) (actual time=2385.080..10622.689 rows=1364819 loops=1)
  Hash Cond: (mi.movie_id = t.id)
  ->  Seq Scan on movie_info mi  (cost=0.00..309384.22 rows=14739122 width=4) (actual time=0.019..4560.772 rows=14835720 loops=1)
  ->  Hash  (cost=128906.24..128906.24 rows=14236 width=8) (actual time=2384.787..2384.787 rows=19825 loops=1)
        Buckets: 32768 (originally 16384)  Batches: 1 (originally 1)  Memory Usage: 1031kB
        ->  Hash Join  (cost=74098.35..128906.24 rows=14236 width=8) (actual time=1211.707..2376.732 rows=19825 loops=1)
              Hash Cond: (mc.movie_id = t.id)
              ->  Seq Scan on movie_companies mc  (cost=0.00..44881.29 rows=2609129 width=4) (actual time=0.028..663.211 rows=2609129 loops=1)
              ->  Hash  (cost=73925.90..73925.90 rows=13796 width=4) (actual time=1166.041..1166.041 rows=8100 loops=1)
                    Buckets: 16384  Batches: 1  Memory Usage: 413kB
                    ->  Seq Scan on title t  (cost=0.00..73925.90 rows=13796 width=4) (actual time=483.958..1162.278 rows=8100 loops=1)
                          Filter: ((kind_id = 1) AND (production_year = 2000))
                          Rows Removed by Filter: 2520212
Planning time: 1.229 ms
Execution time: 10789.319 ms
