Seq Scan on movie_keyword mk  (cost=0.00..81003.12 rows=898969 width=0) (actual time=0.017..906.271 rows=905006 loops=1)
  Filter: (keyword_id < 861)
  Rows Removed by Filter: 3618924
Planning time: 0.307 ms
Execution time: 990.674 ms
