Seq Scan on movie_keyword mk  (cost=0.00..81003.12 rows=246 width=0) (actual time=0.982..1229.855 rows=1466 loops=1)
  Filter: (keyword_id = 7768)
  Rows Removed by Filter: 4522464
Planning time: 0.350 ms
Execution time: 1230.404 ms
