Nested Loop  (cost=0.43..58358.52 rows=15 width=0) (actual time=377.341..793.001 rows=230 loops=1)
  ->  Seq Scan on movie_companies mc  (cost=0.00..57926.93 rows=51 width=4) (actual time=377.285..766.390 rows=1084 loops=1)
        Filter: ((company_id = 12) AND (company_type_id = 1))
        Rows Removed by Filter: 2608045
  ->  Index Scan using title_pkey on title t  (cost=0.43..8.45 rows=1 width=4) (actual time=0.024..0.024 rows=0 loops=1084)
        Index Cond: (id = mc.movie_id)
        Filter: ((kind_id < 3) AND (production_year > 0))
        Rows Removed by Filter: 1
Planning time: 0.800 ms
Execution time: 793.180 ms
