Hash Join  (cost=102767.86..302144.22 rows=4508876 width=0) (actual time=1949.379..7339.985 rows=4511784 loops=1)
  Hash Cond: (mk.movie_id = t.id)
  ->  Seq Scan on movie_keyword mk  (cost=0.00..81003.12 rows=4508876 width=4) (actual time=0.021..1824.822 rows=4511784 loops=1)
        Filter: (keyword_id < 123345)
        Rows Removed by Filter: 12146
  ->  Hash  (cost=61283.27..61283.27 rows=2528527 width=4) (actual time=1947.717..1947.717 rows=2528312 loops=1)
        Buckets: 131072  Batches: 64  Memory Usage: 2425kB
        ->  Seq Scan on title t  (cost=0.00..61283.27 rows=2528527 width=4) (actual time=0.019..1085.679 rows=2528312 loops=1)
Planning time: 0.720 ms
Execution time: 7853.202 ms
