Hash Join  (cost=156487.41..270120.78 rows=419874 width=0) (actual time=3379.766..6439.427 rows=1754853 loops=1)
  Hash Cond: (mk.movie_id = t.id)
  ->  Seq Scan on movie_keyword mk  (cost=0.00..81003.12 rows=2303067 width=4) (actual time=0.024..1680.770 rows=2311342 loops=1)
        Filter: (keyword_id < 4966)
        Rows Removed by Filter: 2212588
  ->  Hash  (cost=148924.19..148924.19 rows=460978 width=8) (actual time=3379.051..3379.051 rows=459925 loops=1)
        Buckets: 131072  Batches: 8  Memory Usage: 3284kB
        ->  Hash Join  (cost=102767.86..148924.19 rows=460978 width=8) (actual time=1889.025..3231.135 rows=459925 loops=1)
              Hash Cond: (mi_idx.movie_id = t.id)
              ->  Seq Scan on movie_info_idx mi_idx  (cost=0.00..25185.44 rows=460978 width=4) (actual time=0.023..518.686 rows=459925 loops=1)
                    Filter: (info_type_id < 100)
                    Rows Removed by Filter: 920110
              ->  Hash  (cost=61283.27..61283.27 rows=2528527 width=4) (actual time=1888.316..1888.316 rows=2528312 loops=1)
                    Buckets: 131072  Batches: 64  Memory Usage: 2415kB
                    ->  Seq Scan on title t  (cost=0.00..61283.27 rows=2528527 width=4) (actual time=0.011..1039.859 rows=2528312 loops=1)
Planning time: 1.158 ms
Execution time: 6619.359 ms
