Seq Scan on cast_info ci  (cost=0.00..796071.18 rows=382 width=0) (actual time=8459.411..13982.209 rows=101 loops=1)
  Filter: ((role_id < 6) AND (person_id = 1787328))
  Rows Removed by Filter: 36244243
Planning time: 0.505 ms
Execution time: 13982.328 ms
