Hash Join  (cost=85456.44..889896.84 rows=108938 width=0) (actual time=2352.123..12993.844 rows=247087 loops=1)
  Hash Cond: (ci.movie_id = t.id)
  ->  Seq Scan on cast_info ci  (cost=0.00..796071.18 rows=391958 width=4) (actual time=1055.582..11199.534 rows=736211 loops=1)
        Filter: ((person_id < 102998) AND (role_id = 1))
        Rows Removed by Filter: 35508133
  ->  Hash  (cost=73925.90..73925.90 rows=702763 width=4) (actual time=1295.623..1295.623 rows=726953 loops=1)
        Buckets: 131072  Batches: 16  Memory Usage: 2621kB
        ->  Seq Scan on title t  (cost=0.00..73925.90 rows=702763 width=4) (actual time=0.030..1091.307 rows=726953 loops=1)
              Filter: ((kind_id < 4) AND (production_year < 2011))
              Rows Removed by Filter: 1801359
Planning time: 0.761 ms
Execution time: 13020.623 ms
