Seq Scan on movie_companies mc  (cost=0.00..57926.93 rows=32221 width=0) (actual time=219.329..892.934 rows=6578 loops=1)
  Filter: ((company_type_id > 1) AND (company_id = 6))
  Rows Removed by Filter: 2602551
Planning time: 0.385 ms
Execution time: 893.941 ms
