Seq Scan on movie_companies mc  (cost=0.00..51404.11 rows=2420907 width=0) (actual time=0.018..953.254 rows=2420347 loops=1)
  Filter: (company_id < 117066)
  Rows Removed by Filter: 188782
Planning time: 0.231 ms
Execution time: 1229.791 ms
