Hash Join  (cost=88295.76..997119.18 rows=3249415 width=0) (actual time=2154.260..19103.688 rows=1894983 loops=1)
  Hash Cond: (ci.movie_id = t.id)
  ->  Seq Scan on cast_info ci  (cost=0.00..796071.18 rows=6514957 width=4) (actual time=0.020..14014.713 rows=3692616 loops=1)
        Filter: ((person_id < 1923541) AND (role_id > 3))
        Rows Removed by Filter: 32551728
  ->  Hash  (cost=67604.59..67604.59 rows=1261134 width=4) (actual time=2152.976..2152.976 rows=1260295 loops=1)
        Buckets: 131072  Batches: 32  Memory Usage: 2413kB
        ->  Seq Scan on title t  (cost=0.00..67604.59 rows=1261134 width=4) (actual time=0.016..1435.979 rows=1260295 loops=1)
              Filter: (production_year > 2002)
              Rows Removed by Filter: 1268017
Planning time: 0.750 ms
Execution time: 19329.663 ms
