Hash Join  (cost=201079.83..707134.28 rows=2459955 width=0) (actual time=4775.917..34013.623 rows=73705866 loops=1)
  Hash Cond: (mi.movie_id = t.id)
  ->  Seq Scan on movie_info mi  (cost=0.00..309384.22 rows=14739122 width=4) (actual time=0.021..6038.249 rows=14835720 loops=1)
  ->  Hash  (cost=194155.70..194155.70 rows=422010 width=8) (actual time=4774.937..4774.937 rows=1221893 loops=1)
        Buckets: 131072 (originally 131072)  Batches: 16 (originally 8)  Memory Usage: 4121kB
        ->  Hash Join  (cost=82033.88..194155.70 rows=422010 width=8) (actual time=1404.672..4369.385 rows=1221893 loops=1)
              Hash Cond: (mk.movie_id = t.id)
              ->  Seq Scan on movie_keyword mk  (cost=0.00..81003.12 rows=2159359 width=4) (actual time=0.019..1578.110 rows=2157442 loops=1)
                    Filter: (keyword_id > 5353)
                    Rows Removed by Filter: 2366488
              ->  Hash  (cost=73925.90..73925.90 rows=494158 width=4) (actual time=1403.836..1403.836 rows=581419 loops=1)
                    Buckets: 131072  Batches: 8  Memory Usage: 3600kB
                    ->  Seq Scan on title t  (cost=0.00..73925.90 rows=494158 width=4) (actual time=0.026..1217.622 rows=581419 loops=1)
                          Filter: ((kind_id < 7) AND (production_year < 2004))
                          Rows Removed by Filter: 1946893
Planning time: 1.146 ms
Execution time: 42152.826 ms
