Seq Scan on movie_companies mc  (cost=0.00..57926.93 rows=51 width=0) (actual time=53.128..888.221 rows=4 loops=1)
  Filter: ((company_type_id < 2) AND (company_id = 28567))
  Rows Removed by Filter: 2609125
Planning time: 0.336 ms
Execution time: 888.315 ms
