Hash Join  (cost=102767.86..281764.29 rows=3661865 width=0) (actual time=2063.227..6679.857 rows=3653359 loops=1)
  Hash Cond: (mk.movie_id = t.id)
  ->  Seq Scan on movie_keyword mk  (cost=0.00..81003.12 rows=3661865 width=4) (actual time=0.014..1731.244 rows=3653359 loops=1)
        Filter: (keyword_id < 21183)
        Rows Removed by Filter: 870571
  ->  Hash  (cost=61283.27..61283.27 rows=2528527 width=4) (actual time=2061.695..2061.695 rows=2528312 loops=1)
        Buckets: 131072  Batches: 64  Memory Usage: 2425kB
        ->  Seq Scan on title t  (cost=0.00..61283.27 rows=2528527 width=4) (actual time=0.012..1187.096 rows=2528312 loops=1)
Planning time: 0.498 ms
Execution time: 7069.980 ms
