Hash Join  (cost=225589.04..1289467.19 rows=6069146 width=0) (actual time=4834.896..32203.661 rows=14761757 loops=1)
  Hash Cond: (ci.movie_id = t.id)
  ->  Seq Scan on cast_info ci  (cost=0.00..796071.18 rows=17618275 width=4) (actual time=0.172..16048.756 rows=14502564 loops=1)
        Filter: ((person_id < 2790377) AND (role_id > 1))
        Rows Removed by Filter: 21741780
  ->  Hash  (cost=211298.21..211298.21 rows=871027 width=8) (actual time=4833.240..4833.240 rows=810276 loops=1)
        Buckets: 131072  Batches: 16  Memory Usage: 3016kB
        ->  Hash Join  (cost=99467.55..211298.21 rows=871027 width=8) (actual time=1981.064..4605.473 rows=810276 loops=1)
              Hash Cond: (mk.movie_id = t.id)
              ->  Seq Scan on movie_keyword mk  (cost=0.00..81003.12 rows=1134052 width=4) (actual time=0.019..1504.198 rows=1140927 loops=1)
                    Filter: (keyword_id < 1294)
                    Rows Removed by Filter: 3383003
              ->  Hash  (cost=67604.59..67604.59 rows=1942077 width=4) (actual time=1979.036..1979.036 rows=1932484 loops=1)
                    Buckets: 131072  Batches: 32  Memory Usage: 3163kB
                    ->  Seq Scan on title t  (cost=0.00..67604.59 rows=1942077 width=4) (actual time=0.013..1347.671 rows=1932484 loops=1)
                          Filter: (production_year > 1980)
                          Rows Removed by Filter: 595828
Planning time: 1.225 ms
Execution time: 33910.101 ms
