Hash Join  (cost=77961.21..156509.57 rows=253784 width=0) (actual time=1444.007..3913.961 rows=730062 loops=1)
  Hash Cond: (mc.movie_id = t.id)
  ->  Seq Scan on movie_companies mc  (cost=0.00..44881.29 rows=2609129 width=4) (actual time=1.298..999.908 rows=2609129 loops=1)
  ->  Hash  (cost=73925.90..73925.90 rows=245944 width=4) (actual time=1441.746..1441.746 rows=357497 loops=1)
        Buckets: 131072 (originally 131072)  Batches: 8 (originally 4)  Memory Usage: 3073kB
        ->  Seq Scan on title t  (cost=0.00..73925.90 rows=245944 width=4) (actual time=0.448..1321.170 rows=357497 loops=1)
              Filter: ((kind_id < 7) AND (production_year < 1987))
              Rows Removed by Filter: 2170815
Planning time: 0.881 ms
Execution time: 3999.805 ms
