Hash Join  (cost=102564.76..941566.44 rows=555 width=0) (actual time=7894.162..19987.606 rows=14 loops=1)
  Hash Cond: (ci.movie_id = t.id)
  ->  Seq Scan on cast_info ci  (cost=0.00..796071.18 rows=11446660 width=4) (actual time=4842.855..16653.884 rows=12670688 loops=1)
        Filter: ((person_id < 3397151) AND (role_id < 2))
        Rows Removed by Filter: 23573656
  ->  Hash  (cost=102563.24..102563.24 rows=122 width=8) (actual time=1588.989..1588.989 rows=4 loops=1)
        Buckets: 1024  Batches: 1  Memory Usage: 9kB
        ->  Hash Join  (cost=73930.12..102563.24 rows=122 width=8) (actual time=1319.814..1588.970 rows=4 loops=1)
              Hash Cond: (mi_idx.movie_id = t.id)
              ->  Seq Scan on movie_info_idx mi_idx  (cost=0.00..25185.44 rows=919057 width=4) (actual time=0.037..456.884 rows=920110 loops=1)
                    Filter: (info_type_id > 99)
                    Rows Removed by Filter: 459925
              ->  Hash  (cost=73925.90..73925.90 rows=337 width=4) (actual time=1001.714..1001.714 rows=5 loops=1)
                    Buckets: 1024  Batches: 1  Memory Usage: 9kB
                    ->  Seq Scan on title t  (cost=0.00..73925.90 rows=337 width=4) (actual time=0.041..1001.704 rows=5 loops=1)
                          Filter: ((kind_id = 4) AND (production_year = 1972))
                          Rows Removed by Filter: 2528307
Planning time: 1.209 ms
Execution time: 19987.727 ms
