Hash Join  (cost=85894.26..150387.77 rows=74204 width=0) (actual time=1611.960..2692.238 rows=57231 loops=1)
  Hash Cond: (mc.movie_id = t.id)
  ->  Seq Scan on movie_companies mc  (cost=0.00..57926.93 rows=257212 width=4) (actual time=205.818..962.243 rows=508444 loops=1)
        Filter: ((company_id > 73865) AND (company_type_id > 1))
        Rows Removed by Filter: 2100685
  ->  Hash  (cost=73925.90..73925.90 rows=729468 width=4) (actual time=1404.036..1404.036 rows=638430 loops=1)
        Buckets: 131072  Batches: 16  Memory Usage: 2425kB
        ->  Seq Scan on title t  (cost=0.00..73925.90 rows=729468 width=4) (actual time=0.028..1198.947 rows=638430 loops=1)
              Filter: ((production_year < 2003) AND (kind_id = 7))
              Rows Removed by Filter: 1889882
Planning time: 0.815 ms
Execution time: 2697.632 ms
