Nested Loop  (cost=0.43..52283.69 rows=104 width=0) (actual time=0.683..782.432 rows=1227 loops=1)
  ->  Seq Scan on movie_companies mc  (cost=0.00..51404.11 rows=104 width=4) (actual time=0.620..747.205 rows=1227 loops=1)
        Filter: (company_id = 598)
        Rows Removed by Filter: 2607902
  ->  Index Only Scan using title_pkey on title t  (cost=0.43..8.45 rows=1 width=4) (actual time=0.028..0.028 rows=1 loops=1227)
        Index Cond: (id = mc.movie_id)
        Heap Fetches: 1227
Planning time: 0.598 ms
Execution time: 782.784 ms
