Hash Join  (cost=75404.09..1122466.96 rows=1290770 width=0) (actual time=1232.488..28605.651 rows=1845595 loops=1)
  Hash Cond: (ci.movie_id = t.id)
  ->  Seq Scan on cast_info ci  (cost=0.00..614943.12 rows=36225612 width=4) (actual time=0.019..12961.674 rows=36244344 loops=1)
  ->  Hash  (cost=73925.90..73925.90 rows=90095 width=4) (actual time=1231.701..1231.701 rows=95762 loops=1)
        Buckets: 131072  Batches: 2  Memory Usage: 2712kB
        ->  Seq Scan on title t  (cost=0.00..73925.90 rows=90095 width=4) (actual time=203.174..1198.416 rows=95762 loops=1)
              Filter: ((production_year < 2012) AND (kind_id = 3))
              Rows Removed by Filter: 2432550
Planning time: 0.845 ms
Execution time: 28854.122 ms
