Seq Scan on movie_keyword mk  (cost=0.00..81003.12 rows=1322076 width=0) (actual time=0.012..1480.494 rows=1336681 loops=1)
  Filter: (keyword_id < 1743)
  Rows Removed by Filter: 3187249
Planning time: 0.227 ms
Execution time: 1647.643 ms
