Hash Join  (cost=69181.64..107774.53 rows=52441 width=0) (actual time=1124.314..2022.034 rows=18305 loops=1)
  Hash Cond: (mi_idx.movie_id = t.id)
  ->  Seq Scan on movie_info_idx mi_idx  (cost=0.00..21735.35 rows=1380035 width=4) (actual time=0.018..508.911 rows=1380035 loops=1)
  ->  Hash  (cost=67604.59..67604.59 rows=96084 width=4) (actual time=1058.985..1058.985 rows=95965 loops=1)
        Buckets: 131072  Batches: 2  Memory Usage: 2709kB
        ->  Seq Scan on title t  (cost=0.00..67604.59 rows=96084 width=4) (actual time=57.395..1026.450 rows=95965 loops=1)
              Filter: (production_year < 1923)
              Rows Removed by Filter: 2432347
Planning time: 0.738 ms
Execution time: 2024.819 ms
