Seq Scan on cast_info ci  (cost=0.00..705507.15 rows=16719708 width=0) (actual time=0.034..11550.969 rows=16833784 loops=1)
  Filter: (person_id > 1942401)
  Rows Removed by Filter: 19410560
Planning time: 1.222 ms
Execution time: 13349.941 ms
