Nested Loop  (cost=0.43..79149.62 rows=2104 width=0) (actual time=167.575..1004.909 rows=883 loops=1)
  ->  Seq Scan on movie_companies mc  (cost=0.00..51404.11 rows=3653 width=4) (actual time=0.394..876.868 rows=2945 loops=1)
        Filter: (company_id = 133)
        Rows Removed by Filter: 2606184
  ->  Index Scan using title_pkey on title t  (cost=0.43..7.59 rows=1 width=4) (actual time=0.043..0.043 rows=0 loops=2945)
        Index Cond: (id = mc.movie_id)
        Filter: ((production_year > 1916) AND (kind_id = 7))
        Rows Removed by Filter: 1
Planning time: 6.469 ms
Execution time: 1005.308 ms
