Hash Join  (cost=101661.22..871737.65 rows=121386 width=0) (actual time=1838.954..18523.999 rows=442913 loops=1)
  Hash Cond: (ci.movie_id = t.id)
  ->  Seq Scan on cast_info ci  (cost=0.00..705507.15 rows=16894780 width=4) (actual time=40.815..12387.576 rows=16762826 loops=1)
        Filter: (person_id < 1658291)
        Rows Removed by Filter: 19481518
  ->  Hash  (cost=101434.13..101434.13 rows=18167 width=8) (actual time=1797.553..1797.553 rows=35988 loops=1)
        Buckets: 65536 (originally 32768)  Batches: 1 (originally 1)  Memory Usage: 1918kB
        ->  Hash Join  (cost=74341.98..101434.13 rows=18167 width=8) (actual time=1142.465..1784.431 rows=35988 loops=1)
              Hash Cond: (mi_idx.movie_id = t.id)
              ->  Seq Scan on movie_info_idx mi_idx  (cost=0.00..21735.35 rows=1380035 width=4) (actual time=0.026..314.160 rows=1380035 loops=1)
              ->  Hash  (cost=73925.90..73925.90 rows=33286 width=4) (actual time=1141.836..1141.836 rows=28113 loops=1)
                    Buckets: 65536  Batches: 1  Memory Usage: 1501kB
                    ->  Seq Scan on title t  (cost=0.00..73925.90 rows=33286 width=4) (actual time=0.304..1130.407 rows=28113 loops=1)
                          Filter: ((kind_id < 7) AND (production_year = 2004))
                          Rows Removed by Filter: 2500199
Planning time: 1.819 ms
Execution time: 18583.688 ms
