Seq Scan on movie_companies mc  (cost=0.00..57926.93 rows=45905 width=0) (actual time=161.278..813.874 rows=90323 loops=1)
  Filter: ((company_id > 163498) AND (company_type_id > 1))
  Rows Removed by Filter: 2518806
Planning time: 0.339 ms
Execution time: 830.848 ms
