Seq Scan on movie_keyword mk  (cost=0.00..81003.12 rows=3562799 width=0) (actual time=0.018..1616.102 rows=3553041 loops=1)
  Filter: (keyword_id < 19476)
  Rows Removed by Filter: 970889
Planning time: 0.321 ms
Execution time: 2066.360 ms
