Hash Join  (cost=100903.17..155574.21 rows=551 width=0) (actual time=1656.385..2852.995 rows=4906 loops=1)
  Hash Cond: (mc.movie_id = t.id)
  ->  Seq Scan on movie_companies mc  (cost=0.00..44881.29 rows=2609129 width=4) (actual time=0.019..683.133 rows=2609129 loops=1)
  ->  Hash  (cost=100896.50..100896.50 rows=534 width=8) (actual time=1656.115..1656.115 rows=1541 loops=1)
        Buckets: 2048 (originally 1024)  Batches: 1 (originally 1)  Memory Usage: 77kB
        ->  Hash Join  (cost=73962.22..100896.50 rows=534 width=8) (actual time=1065.169..1655.177 rows=1541 loops=1)
              Hash Cond: (mi_idx.movie_id = t.id)
              ->  Seq Scan on movie_info_idx mi_idx  (cost=0.00..25185.44 rows=464934 width=4) (actual time=0.016..500.207 rows=460185 loops=1)
                    Filter: (info_type_id > 100)
                    Rows Removed by Filter: 919850
              ->  Hash  (cost=73925.90..73925.90 rows=2905 width=4) (actual time=1063.768..1063.768 rows=4339 loops=1)
                    Buckets: 8192 (originally 4096)  Batches: 1 (originally 1)  Memory Usage: 217kB
                    ->  Seq Scan on title t  (cost=0.00..73925.90 rows=2905 width=4) (actual time=0.181..1061.509 rows=4339 loops=1)
                          Filter: ((kind_id < 7) AND (production_year = 1961))
                          Rows Removed by Filter: 2523973
Planning time: 1.197 ms
Execution time: 2854.101 ms
