Hash Join  (cost=169947.07..300211.80 rows=678169 width=0) (actual time=3175.610..6555.090 rows=1014773 loops=1)
  Hash Cond: (mk.movie_id = t.id)
  ->  Seq Scan on movie_keyword mk  (cost=0.00..69693.30 rows=4523930 width=4) (actual time=0.011..1495.471 rows=4523930 loops=1)
  ->  Hash  (cost=163728.02..163728.02 rows=379044 width=8) (actual time=3172.576..3172.576 rows=174836 loops=1)
        Buckets: 131072  Batches: 8  Memory Usage: 1881kB
        ->  Hash Join  (cost=88295.76..163728.02 rows=379044 width=8) (actual time=1650.178..3117.665 rows=174836 loops=1)
              Hash Cond: (mc.movie_id = t.id)
              ->  Seq Scan on movie_companies mc  (cost=0.00..57926.93 rows=759970 width=4) (actual time=0.024..977.820 rows=473234 loops=1)
                    Filter: ((company_id < 13549) AND (company_type_id > 1))
                    Rows Removed by Filter: 2135895
              ->  Hash  (cost=67604.59..67604.59 rows=1261134 width=4) (actual time=1648.799..1648.799 rows=1260295 loops=1)
                    Buckets: 131072  Batches: 32  Memory Usage: 2413kB
                    ->  Seq Scan on title t  (cost=0.00..67604.59 rows=1261134 width=4) (actual time=0.025..1234.247 rows=1260295 loops=1)
                          Filter: (production_year > 2002)
                          Rows Removed by Filter: 1268017
Planning time: 1.068 ms
Execution time: 6664.911 ms
