Hash Join  (cost=97651.71..148886.04 rows=789285 width=0) (actual time=1794.751..3324.218 rows=570201 loops=1)
  Hash Cond: (mi_idx.movie_id = t.id)
  ->  Seq Scan on movie_info_idx mi_idx  (cost=0.00..21735.35 rows=1380035 width=4) (actual time=0.019..525.631 rows=1380035 loops=1)
  ->  Hash  (cost=73925.90..73925.90 rows=1446144 width=4) (actual time=1793.879..1793.879 rows=1429781 loops=1)
        Buckets: 131072  Batches: 32  Memory Usage: 2594kB
        ->  Seq Scan on title t  (cost=0.00..73925.90 rows=1446144 width=4) (actual time=0.023..1334.255 rows=1429781 loops=1)
              Filter: ((kind_id > 2) AND (production_year < 2011))
              Rows Removed by Filter: 1098531
Planning time: 0.760 ms
Execution time: 3390.417 ms
