Hash Join  (cost=215755.78..1033445.97 rows=476878 width=0) (actual time=4422.556..17194.783 rows=721436 loops=1)
  Hash Cond: (ci.movie_id = t.id)
  ->  Seq Scan on cast_info ci  (cost=0.00..796071.18 rows=1080061 width=4) (actual time=0.017..11819.340 rows=1239150 loops=1)
        Filter: ((person_id < 155091) AND (role_id < 4))
        Rows Removed by Filter: 35005194
  ->  Hash  (cost=197438.57..197438.57 rows=1116417 width=8) (actual time=4421.560..4421.560 rows=913136 loops=1)
        Buckets: 131072  Batches: 16  Memory Usage: 3238kB
        ->  Hash Join  (cost=102767.86..197438.57 rows=1116417 width=8) (actual time=2375.187..4178.226 rows=913136 loops=1)
              Hash Cond: (mc.movie_id = t.id)
              ->  Seq Scan on movie_companies mc  (cost=0.00..57926.93 rows=1116417 width=4) (actual time=364.125..1088.166 rows=913136 loops=1)
                    Filter: ((company_id < 79910) AND (company_type_id = 2))
                    Rows Removed by Filter: 1695993
              ->  Hash  (cost=61283.27..61283.27 rows=2528527 width=4) (actual time=2010.045..2010.045 rows=2528312 loops=1)
                    Buckets: 131072  Batches: 64  Memory Usage: 2415kB
                    ->  Seq Scan on title t  (cost=0.00..61283.27 rows=2528527 width=4) (actual time=0.016..1188.343 rows=2528312 loops=1)
Planning time: 1.188 ms
Execution time: 17276.797 ms
