Hash Join  (cost=102767.86..214358.76 rows=860663 width=0) (actual time=2471.269..5070.798 rows=867827 loops=1)
  Hash Cond: (mk.movie_id = t.id)
  ->  Seq Scan on movie_keyword mk  (cost=0.00..81003.12 rows=860663 width=4) (actual time=0.023..1537.911 rows=867827 loops=1)
        Filter: (keyword_id > 21214)
        Rows Removed by Filter: 3656103
  ->  Hash  (cost=61283.27..61283.27 rows=2528527 width=4) (actual time=2469.045..2469.045 rows=2528312 loops=1)
        Buckets: 131072  Batches: 64  Memory Usage: 2425kB
        ->  Seq Scan on title t  (cost=0.00..61283.27 rows=2528527 width=4) (actual time=0.022..1292.444 rows=2528312 loops=1)
Planning time: 1.670 ms
Execution time: 5175.311 ms
