Seq Scan on movie_companies mc  (cost=0.00..57926.93 rows=1077324 width=0) (actual time=0.028..1101.734 rows=836866 loops=1)
  Filter: ((company_id < 74343) AND (company_type_id = 2))
  Rows Removed by Filter: 1772263
Planning time: 0.397 ms
Execution time: 1203.784 ms
