Nested Loop  (cost=0.43..133027.52 rows=2904 width=0) (actual time=0.373..1524.034 rows=3147 loops=1)
  ->  Seq Scan on movie_keyword mk  (cost=0.00..81003.12 rows=7540 width=4) (actual time=0.323..1291.202 rows=7668 loops=1)
        Filter: (keyword_id = 231)
        Rows Removed by Filter: 4516262
  ->  Index Scan using title_pkey on title t  (cost=0.43..6.89 rows=1 width=4) (actual time=0.029..0.030 rows=0 loops=7668)
        Index Cond: (id = mk.movie_id)
        Filter: (production_year < 1999)
        Rows Removed by Filter: 1
Planning time: 0.713 ms
Execution time: 1525.113 ms
