Seq Scan on movie_keyword mk  (cost=0.00..81003.12 rows=280161 width=0) (actual time=10.366..1304.447 rows=279215 loops=1)
  Filter: (keyword_id > 57031)
  Rows Removed by Filter: 4244715
Planning time: 0.313 ms
Execution time: 1342.036 ms
