Hash Join  (cost=134908.81..1213725.68 rows=4381876 width=0) (actual time=2675.231..31853.704 rows=6158768 loops=1)
  Hash Cond: (ci.movie_id = t.id)
  ->  Seq Scan on cast_info ci  (cost=0.00..614943.12 rows=36225612 width=4) (actual time=0.021..12834.373 rows=36244344 loops=1)
  ->  Hash  (cost=129890.66..129890.66 rows=305852 width=8) (actual time=2673.841..2673.841 rows=151362 loops=1)
        Buckets: 131072  Batches: 4  Memory Usage: 2485kB
        ->  Hash Join  (cost=87731.24..129890.66 rows=305852 width=8) (actual time=1538.270..2628.331 rows=151362 loops=1)
              Hash Cond: (mi_idx.movie_id = t.id)
              ->  Seq Scan on movie_info_idx mi_idx  (cost=0.00..25185.44 rows=919057 width=4) (actual time=0.017..553.319 rows=920110 loops=1)
                    Filter: (info_type_id > 99)
                    Rows Removed by Filter: 459925
              ->  Hash  (cost=73925.90..73925.90 rows=841467 width=4) (actual time=1430.778..1430.778 rows=921643 loops=1)
                    Buckets: 131072  Batches: 16  Memory Usage: 3057kB
                    ->  Seq Scan on title t  (cost=0.00..73925.90 rows=841467 width=4) (actual time=0.025..1158.390 rows=921643 loops=1)
                          Filter: ((production_year > 2000) AND (kind_id = 7))
                          Rows Removed by Filter: 1606669
Planning time: 1.199 ms
Execution time: 32477.944 ms
