Hash Join  (cost=137516.40..977009.67 rows=373567 width=0) (actual time=8891.705..16670.301 rows=260 loops=1)
  Hash Cond: (ci.movie_id = t.id)
  ->  Seq Scan on cast_info ci  (cost=0.00..796071.18 rows=3336644 width=4) (actual time=5352.970..13181.255 rows=2781 loops=1)
        Filter: ((person_id < 1625445) AND (role_id = 2))
        Rows Removed by Filter: 36241563
  ->  Hash  (cost=132871.77..132871.77 rows=283091 width=8) (actual time=3467.180..3467.180 rows=141906 loops=1)
        Buckets: 131072  Batches: 4  Memory Usage: 2407kB
        ->  Hash Join  (cost=92883.59..132871.77 rows=283091 width=8) (actual time=2369.294..3422.371 rows=141906 loops=1)
              Hash Cond: (mi_idx.movie_id = t.id)
              ->  Seq Scan on movie_info_idx mi_idx  (cost=0.00..25185.44 rows=464566 width=4) (actual time=0.029..543.128 rows=459925 loops=1)
                    Filter: (info_type_id = 101)
                    Rows Removed by Filter: 920110
              ->  Hash  (cost=67604.59..67604.59 rows=1540800 width=4) (actual time=2367.917..2367.917 rows=1543264 loops=1)
                    Buckets: 131072  Batches: 32  Memory Usage: 2722kB
                    ->  Seq Scan on title t  (cost=0.00..67604.59 rows=1540800 width=4) (actual time=129.692..1145.598 rows=1543264 loops=1)
                          Filter: (kind_id = 7)
                          Rows Removed by Filter: 985048
Planning time: 8.560 ms
Execution time: 16670.891 ms
