Seq Scan on movie_keyword mk  (cost=0.00..81003.12 rows=246 width=0) (actual time=4.221..1326.578 rows=744 loops=1)
  Filter: (keyword_id = 6250)
  Rows Removed by Filter: 4523186
Planning time: 0.385 ms
Execution time: 1326.934 ms
