Hash Join  (cost=491650.71..1282415.80 rows=1780600 width=0) (actual time=8457.224..24286.025 rows=2560313 loops=1)
  Hash Cond: (ci.movie_id = t.id)
  ->  Seq Scan on cast_info ci  (cost=0.00..705507.15 rows=5559983 width=4) (actual time=10.686..11990.991 rows=5482833 loops=1)
        Filter: (person_id < 528965)
        Rows Removed by Filter: 30761511
  ->  Hash  (cost=478364.61..478364.61 rows=809768 width=8) (actual time=8440.316..8440.316 rows=802140 loops=1)
        Buckets: 131072  Batches: 16  Memory Usage: 2973kB
        ->  Hash Join  (cost=102767.86..478364.61 rows=809768 width=8) (actual time=3277.816..8196.707 rows=802140 loops=1)
              Hash Cond: (mi.movie_id = t.id)
              ->  Seq Scan on movie_info mi  (cost=0.00..346232.03 rows=809768 width=4) (actual time=799.809..4638.972 rows=802140 loops=1)
                    Filter: (info_type_id < 2)
                    Rows Removed by Filter: 14033580
              ->  Hash  (cost=61283.27..61283.27 rows=2528527 width=4) (actual time=2476.992..2476.992 rows=2528312 loops=1)
                    Buckets: 131072  Batches: 64  Memory Usage: 2425kB
                    ->  Seq Scan on title t  (cost=0.00..61283.27 rows=2528527 width=4) (actual time=0.021..1141.482 rows=2528312 loops=1)
Planning time: 1.225 ms
Execution time: 24564.089 ms
