Seq Scan on movie_keyword mk  (cost=0.00..81003.12 rows=3810408 width=0) (actual time=0.020..1714.433 rows=3806252 loops=1)
  Filter: (keyword_id < 26190)
  Rows Removed by Filter: 717678
Planning time: 1.195 ms
Execution time: 2173.451 ms
