Seq Scan on movie_keyword mk  (cost=0.00..81003.12 rows=4068778 width=0) (actual time=0.017..1508.307 rows=4071908 loops=1)
  Filter: (keyword_id < 39183)
  Rows Removed by Filter: 452022
Planning time: 0.332 ms
Execution time: 1988.260 ms
