Hash Join  (cost=111764.61..199400.79 rows=97815 width=0) (actual time=2253.913..5111.993 rows=1665576 loops=1)
  Hash Cond: (mk.movie_id = t.id)
  ->  Seq Scan on movie_keyword mk  (cost=0.00..69693.30 rows=4523930 width=4) (actual time=0.011..1139.692 rows=4523930 loops=1)
  ->  Hash  (cost=111081.22..111081.22 rows=54671 width=8) (actual time=2253.436..2253.436 rows=127759 loops=1)
        Buckets: 131072 (originally 65536)  Batches: 2 (originally 1)  Memory Usage: 3522kB
        ->  Hash Join  (cost=78846.40..111081.22 rows=54671 width=8) (actual time=1538.137..2206.406 rows=127759 loops=1)
              Hash Cond: (mi_idx.movie_id = t.id)
              ->  Seq Scan on movie_info_idx mi_idx  (cost=0.00..25185.44 rows=460978 width=4) (actual time=0.017..479.454 rows=459925 loops=1)
                    Filter: (info_type_id = 99)
                    Rows Removed by Filter: 920110
              ->  Hash  (cost=73925.90..73925.90 rows=299880 width=4) (actual time=1390.500..1390.500 rows=391036 loops=1)
                    Buckets: 131072 (originally 131072)  Batches: 8 (originally 4)  Memory Usage: 3073kB
                    ->  Seq Scan on title t  (cost=0.00..73925.90 rows=299880 width=4) (actual time=315.538..1261.662 rows=391036 loops=1)
                          Filter: ((production_year < 2002) AND (kind_id = 1))
                          Rows Removed by Filter: 2137276
Planning time: 1.087 ms
Execution time: 5292.503 ms
