Hash Join  (cost=102767.86..187681.63 rows=710944 width=0) (actual time=2273.193..3836.480 rows=446784 loops=1)
  Hash Cond: (mc.movie_id = t.id)
  ->  Seq Scan on movie_companies mc  (cost=0.00..57926.93 rows=710944 width=4) (actual time=283.476..1145.045 rows=446784 loops=1)
        Filter: ((company_id < 11961) AND (company_type_id = 2))
        Rows Removed by Filter: 2162345
  ->  Hash  (cost=61283.27..61283.27 rows=2528527 width=4) (actual time=1988.484..1988.484 rows=2528312 loops=1)
        Buckets: 131072  Batches: 64  Memory Usage: 2415kB
        ->  Seq Scan on title t  (cost=0.00..61283.27 rows=2528527 width=4) (actual time=0.020..1143.281 rows=2528312 loops=1)
Planning time: 0.740 ms
Execution time: 3886.407 ms
