Hash Join  (cost=201904.75..327549.38 rows=993480 width=0) (actual time=4654.549..9370.429 rows=7932345 loops=1)
  Hash Cond: (mk.movie_id = t.id)
  ->  Seq Scan on movie_keyword mk  (cost=0.00..81003.12 rows=2685522 width=4) (actual time=0.022..1574.956 rows=2676854 loops=1)
        Filter: (keyword_id > 3068)
        Rows Removed by Filter: 1847076
  ->  Hash  (cost=186558.24..186558.24 rows=935401 width=8) (actual time=4653.851..4653.851 rows=934335 loops=1)
        Buckets: 131072  Batches: 16  Memory Usage: 3322kB
        ->  Hash Join  (cost=102767.86..186558.24 rows=935401 width=8) (actual time=1905.949..4387.347 rows=934335 loops=1)
              Hash Cond: (mc.movie_id = t.id)
              ->  Seq Scan on movie_companies mc  (cost=0.00..51404.11 rows=935401 width=4) (actual time=0.012..1052.108 rows=934335 loops=1)
                    Filter: (company_id < 3393)
                    Rows Removed by Filter: 1674794
              ->  Hash  (cost=61283.27..61283.27 rows=2528527 width=4) (actual time=1904.416..1904.416 rows=2528312 loops=1)
                    Buckets: 131072  Batches: 64  Memory Usage: 2415kB
                    ->  Seq Scan on title t  (cost=0.00..61283.27 rows=2528527 width=4) (actual time=3.020..1055.205 rows=2528312 loops=1)
Planning time: 0.796 ms
Execution time: 10292.989 ms
