Hash Join  (cost=95637.05..1324195.15 rows=18958493 width=0) (actual time=1897.662..40654.106 rows=21152131 loops=1)
  Hash Cond: (ci.movie_id = t.id)
  ->  Seq Scan on cast_info ci  (cost=0.00..614943.12 rows=36225612 width=4) (actual time=0.020..13814.747 rows=36244344 loops=1)
  ->  Hash  (cost=73925.90..73925.90 rows=1323292 width=4) (actual time=1896.848..1896.848 rows=1447699 loops=1)
        Buckets: 131072  Batches: 32  Memory Usage: 2623kB
        ->  Seq Scan on title t  (cost=0.00..73925.90 rows=1323292 width=4) (actual time=0.022..1424.276 rows=1447699 loops=1)
              Filter: ((kind_id > 1) AND (production_year > 1988))
              Rows Removed by Filter: 1080613
Planning time: 3.760 ms
Execution time: 43125.968 ms
