Seq Scan on cast_info ci  (cost=0.00..705507.15 rows=500 width=0) (actual time=5585.441..10978.711 rows=4 loops=1)
  Filter: (person_id = 3705342)
  Rows Removed by Filter: 36244340
Planning time: 0.345 ms
Execution time: 10978.801 ms
