Seq Scan on cast_info ci  (cost=0.00..796071.18 rows=451729 width=0) (actual time=254.087..11500.099 rows=229760 loops=1)
  Filter: ((person_id < 92724) AND (role_id > 2))
  Rows Removed by Filter: 36014584
Planning time: 0.367 ms
Execution time: 11528.023 ms
