Hash Join  (cost=124653.55..205931.86 rows=1863 width=0) (actual time=2023.097..3282.495 rows=2048 loops=1)
  Hash Cond: (mk.movie_id = t.id)
  ->  Seq Scan on movie_keyword mk  (cost=0.00..81003.12 rows=68415 width=4) (actual time=0.047..1239.940 rows=69147 loops=1)
        Filter: (keyword_id < 62)
        Rows Removed by Filter: 4454783
  ->  Hash  (cost=123792.83..123792.83 rows=68858 width=8) (actual time=2019.354..2019.354 rows=53637 loops=1)
        Buckets: 131072  Batches: 1  Memory Usage: 3120kB
        ->  Hash Join  (cost=68438.72..123792.83 rows=68858 width=8) (actual time=685.912..1998.771 rows=53637 loops=1)
              Hash Cond: (mc.movie_id = t.id)
              ->  Seq Scan on movie_companies mc  (cost=0.00..44881.29 rows=2609129 width=4) (actual time=0.014..598.165 rows=2609129 loops=1)
              ->  Hash  (cost=67604.59..67604.59 rows=66731 width=4) (actual time=685.257..685.257 rows=67342 loops=1)
                    Buckets: 131072  Batches: 1  Memory Usage: 3392kB
                    ->  Seq Scan on title t  (cost=0.00..67604.59 rows=66731 width=4) (actual time=0.029..665.186 rows=67342 loops=1)
                          Filter: (production_year > 2012)
                          Rows Removed by Filter: 2460970
Planning time: 1.089 ms
Execution time: 3283.401 ms
