Hash Join  (cost=115016.88..599595.21 rows=447238 width=0) (actual time=2616.037..15502.051 rows=3191015 loops=1)
  Hash Cond: (mi.movie_id = t.id)
  ->  Seq Scan on movie_info mi  (cost=0.00..309384.22 rows=14739122 width=4) (actual time=0.003..5922.006 rows=14835720 loops=1)
  ->  Hash  (cost=113757.82..113757.82 rows=76725 width=8) (actual time=2615.279..2615.279 rows=172376 loops=1)
        Buckets: 131072 (originally 131072)  Batches: 4 (originally 2)  Memory Usage: 3073kB
        ->  Hash Join  (cost=80830.47..113757.82 rows=76725 width=8) (actual time=1743.614..2551.491 rows=172376 loops=1)
              Hash Cond: (mi_idx.movie_id = t.id)
              ->  Seq Scan on movie_info_idx mi_idx  (cost=0.00..25185.44 rows=460978 width=4) (actual time=0.018..450.549 rows=459925 loops=1)
                    Filter: (info_type_id = 99)
                    Rows Removed by Filter: 920110
              ->  Hash  (cost=73925.90..73925.90 rows=420845 width=4) (actual time=1742.818..1742.818 rows=517968 loops=1)
                    Buckets: 131072  Batches: 8  Memory Usage: 3313kB
                    ->  Seq Scan on title t  (cost=0.00..73925.90 rows=420845 width=4) (actual time=0.007..1300.393 rows=517968 loops=1)
                          Filter: ((kind_id < 7) AND (production_year < 2001))
                          Rows Removed by Filter: 2010344
Planning time: 1.194 ms
Execution time: 15894.837 ms
