Hash Join  (cost=81925.97..214557.02 rows=872402 width=0) (actual time=1463.443..5211.673 rows=304348 loops=1)
  Hash Cond: (mk.movie_id = t.id)
  ->  Seq Scan on movie_keyword mk  (cost=0.00..69693.30 rows=4523930 width=4) (actual time=0.025..1410.652 rows=4523930 loops=1)
  ->  Hash  (cost=73925.90..73925.90 rows=487605 width=4) (actual time=1461.903..1461.903 rows=501779 loops=1)
        Buckets: 131072  Batches: 8  Memory Usage: 3237kB
        ->  Seq Scan on title t  (cost=0.00..73925.90 rows=487605 width=4) (actual time=0.035..1292.124 rows=501779 loops=1)
              Filter: ((kind_id > 1) AND (production_year > 2008))
              Rows Removed by Filter: 2026533
Planning time: 14.058 ms
Execution time: 5243.913 ms
