Seq Scan on title t  (cost=0.00..67604.59 rows=1555018 width=0) (actual time=0.023..1189.482 rows=1551727 loops=1)
  Filter: (production_year < 2007)
  Rows Removed by Filter: 976585
Planning time: 0.364 ms
Execution time: 1387.805 ms
