Seq Scan on movie_companies mc  (cost=0.00..51404.11 rows=706776 width=0) (actual time=0.109..858.030 rows=713347 loops=1)
  Filter: (company_id > 43628)
  Rows Removed by Filter: 1895782
Planning time: 0.289 ms
Execution time: 954.511 ms
