Hash Join  (cost=89144.17..626641.70 rows=5406761 width=0) (actual time=1596.788..18310.571 rows=9911451 loops=1)
  Hash Cond: (mi.movie_id = t.id)
  ->  Seq Scan on movie_info mi  (cost=0.00..309384.22 rows=14739122 width=4) (actual time=0.017..6042.131 rows=14835720 loops=1)
  ->  Hash  (cost=73925.90..73925.90 rows=927541 width=4) (actual time=1595.960..1595.960 rows=892520 loops=1)
        Buckets: 131072  Batches: 16  Memory Usage: 2995kB
        ->  Seq Scan on title t  (cost=0.00..73925.90 rows=927541 width=4) (actual time=0.013..1302.171 rows=892520 loops=1)
              Filter: ((kind_id < 7) AND (production_year > 1919))
              Rows Removed by Filter: 1635792
Planning time: 0.704 ms
Execution time: 19499.747 ms
