Hash Join  (cost=151080.21..276451.77 rows=276552 width=0) (actual time=3232.332..8833.464 rows=9742658 loops=1)
  Hash Cond: (mk.movie_id = t.id)
  ->  Seq Scan on movie_keyword mk  (cost=0.00..69693.30 rows=4523930 width=4) (actual time=0.012..1356.655 rows=4523930 loops=1)
  ->  Hash  (cost=148544.08..148544.08 rows=154571 width=8) (actual time=3231.560..3231.560 rows=355926 loops=1)
        Buckets: 131072 (originally 131072)  Batches: 8 (originally 4)  Memory Usage: 3073kB
        ->  Hash Join  (cost=78593.13..148544.08 rows=154571 width=8) (actual time=1313.731..3115.231 rows=355926 loops=1)
              Hash Cond: (mc.movie_id = t.id)
              ->  Seq Scan on movie_companies mc  (cost=0.00..51404.11 rows=1374166 width=4) (actual time=0.031..994.539 rows=1361939 loops=1)
                    Filter: (company_id < 11695)
                    Rows Removed by Filter: 1247190
              ->  Hash  (cost=73925.90..73925.90 rows=284418 width=4) (actual time=1305.093..1305.093 rows=382296 loops=1)
                    Buckets: 131072 (originally 131072)  Batches: 8 (originally 4)  Memory Usage: 3073kB
                    ->  Seq Scan on title t  (cost=0.00..73925.90 rows=284418 width=4) (actual time=0.020..1180.179 rows=382296 loops=1)
                          Filter: ((kind_id < 2) AND (production_year < 2001))
                          Rows Removed by Filter: 2146016
Planning time: 1.165 ms
Execution time: 10070.788 ms
