Hash Join  (cost=921955.34..1103821.17 rows=4449388 width=0) (actual time=19345.663..26191.618 rows=11442661 loops=1)
  Hash Cond: (mk.movie_id = t.id)
  ->  Seq Scan on movie_keyword mk  (cost=0.00..69693.30 rows=4523930 width=4) (actual time=0.019..1381.290 rows=4523930 loops=1)
  ->  Hash  (cost=881154.54..881154.54 rows=2486864 width=8) (actual time=19344.090..19344.090 rows=3076520 loops=1)
        Buckets: 131072  Batches: 64  Memory Usage: 2906kB
        ->  Hash Join  (cost=93408.25..881154.54 rows=2486864 width=8) (actual time=10474.113..18468.336 rows=3076520 loops=1)
              Hash Cond: (ci.movie_id = t.id)
              ->  Seq Scan on cast_info ci  (cost=0.00..705507.15 rows=3998100 width=4) (actual time=8716.543..12972.720 rows=4008037 loops=1)
                    Filter: (role_id = 3)
                    Rows Removed by Filter: 32236307
              ->  Hash  (cost=67604.59..67604.59 rows=1572773 width=4) (actual time=1756.623..1756.623 rows=1570568 loops=1)
                    Buckets: 131072  Batches: 32  Memory Usage: 2751kB
                    ->  Seq Scan on title t  (cost=0.00..67604.59 rows=1572773 width=4) (actual time=0.041..1246.239 rows=1570568 loops=1)
                          Filter: (production_year > 1996)
                          Rows Removed by Filter: 957744
Planning time: 1.081 ms
Execution time: 27490.456 ms
