Seq Scan on cast_info ci  (cost=0.00..705507.15 rows=20113408 width=0) (actual time=1036.058..12696.455 rows=20239343 loops=1)
  Filter: (person_id > 1582896)
  Rows Removed by Filter: 16005001
Planning time: 0.226 ms
Execution time: 15155.240 ms
