Hash Join  (cost=190230.21..1180612.01 rows=8962079 width=0) (actual time=4197.449..31539.245 rows=19151322 loops=1)
  Hash Cond: (ci.movie_id = t.id)
  ->  Seq Scan on cast_info ci  (cost=0.00..705507.15 rows=16420495 width=4) (actual time=0.012..13955.003 rows=16279744 loops=1)
        Filter: (person_id < 1611986)
        Rows Removed by Filter: 19964600
  ->  Hash  (cost=167588.78..167588.78 rows=1380035 width=8) (actual time=4196.137..4196.137 rows=1380035 loops=1)
        Buckets: 131072  Batches: 32  Memory Usage: 2708kB
        ->  Hash Join  (cost=102767.86..167588.78 rows=1380035 width=8) (actual time=1973.857..3832.567 rows=1380035 loops=1)
              Hash Cond: (mi_idx.movie_id = t.id)
              ->  Seq Scan on movie_info_idx mi_idx  (cost=0.00..21735.35 rows=1380035 width=4) (actual time=0.025..441.913 rows=1380035 loops=1)
              ->  Hash  (cost=61283.27..61283.27 rows=2528527 width=4) (actual time=1972.769..1972.769 rows=2528312 loops=1)
                    Buckets: 131072  Batches: 64  Memory Usage: 2415kB
                    ->  Seq Scan on title t  (cost=0.00..61283.27 rows=2528527 width=4) (actual time=0.016..1128.448 rows=2528312 loops=1)
Planning time: 1.170 ms
Execution time: 33719.456 ms
