Seq Scan on cast_info ci  (cost=0.00..705507.15 rows=21699269 width=42) (actual time=0.019..15588.749 rows=21791610 loops=1)
  Filter: (person_id > 1423339)
  Rows Removed by Filter: 14452734
Planning time: 0.558 ms
Execution time: 16815.449 ms
