Seq Scan on title t  (cost=0.00..67604.59 rows=107800 width=94) (actual time=0.013..342.467 rows=108429 loops=1)
  Filter: (production_year = 2006)
  Rows Removed by Filter: 2419883
Planning time: 0.359 ms
Execution time: 346.085 ms
