Hash Join  (cost=158741.49..1256661.93 rows=6241527 width=0) (actual time=3840.726..38603.278 rows=13596680 loops=1)
  Hash Cond: (ci.movie_id = t.id)
  ->  Seq Scan on cast_info ci  (cost=0.00..614943.12 rows=36225612 width=4) (actual time=0.026..12834.828 rows=36244344 loops=1)
  ->  Hash  (cost=151593.80..151593.80 rows=435655 width=8) (actual time=3839.859..3839.859 rows=455074 loops=1)
        Buckets: 131072  Batches: 8  Memory Usage: 3252kB
        ->  Hash Join  (cost=106809.92..151593.80 rows=435655 width=8) (actual time=2387.122..3706.241 rows=455074 loops=1)
              Hash Cond: (mi_idx.movie_id = t.id)
              ->  Seq Scan on movie_info_idx mi_idx  (cost=0.00..25185.44 rows=460978 width=4) (actual time=0.032..514.332 rows=459925 loops=1)
                    Filter: (info_type_id < 100)
                    Rows Removed by Filter: 920110
              ->  Hash  (cost=67604.59..67604.59 rows=2389627 width=4) (actual time=2386.103..2386.103 rows=2382866 loops=1)
                    Buckets: 131072  Batches: 32  Memory Usage: 3644kB
                    ->  Seq Scan on title t  (cost=0.00..67604.59 rows=2389627 width=4) (actual time=0.021..1492.187 rows=2382866 loops=1)
                          Filter: (production_year > 1916)
                          Rows Removed by Filter: 145446
Planning time: 1.124 ms
Execution time: 40217.232 ms
