Seq Scan on movie_keyword mk  (cost=0.00..81003.12 rows=246 width=0) (actual time=73.474..1252.962 rows=42 loops=1)
  Filter: (keyword_id = 13045)
  Rows Removed by Filter: 4523888
Planning time: 0.355 ms
Execution time: 1253.089 ms
