Hash Join  (cost=192115.15..1221660.33 rows=3563800 width=0) (actual time=8673.626..28451.485 rows=3181507 loops=1)
  Hash Cond: (ci.movie_id = t.id)
  ->  Seq Scan on cast_info ci  (cost=0.00..796071.18 rows=16930134 width=4) (actual time=4911.275..15554.052 rows=15671662 loops=1)
        Filter: ((person_id > 1647906) AND (role_id < 10))
        Rows Removed by Filter: 20572682
  ->  Hash  (cost=183381.95..183381.95 rows=532256 width=8) (actual time=3761.533..3761.533 rows=319221 loops=1)
        Buckets: 131072  Batches: 8  Memory Usage: 2581kB
        ->  Hash Join  (cost=102767.86..183381.95 rows=532256 width=8) (actual time=1998.167..3661.579 rows=319221 loops=1)
              Hash Cond: (mc.movie_id = t.id)
              ->  Seq Scan on movie_companies mc  (cost=0.00..57926.93 rows=532256 width=4) (actual time=0.027..961.016 rows=319221 loops=1)
                    Filter: ((company_id < 6008) AND (company_type_id = 2))
                    Rows Removed by Filter: 2289908
              ->  Hash  (cost=61283.27..61283.27 rows=2528527 width=4) (actual time=1997.398..1997.398 rows=2528312 loops=1)
                    Buckets: 131072  Batches: 64  Memory Usage: 2415kB
                    ->  Seq Scan on title t  (cost=0.00..61283.27 rows=2528527 width=4) (actual time=0.012..1178.779 rows=2528312 loops=1)
Planning time: 1.192 ms
Execution time: 28803.221 ms
