Hash Join  (cost=74146.12..898610.75 rows=216985 width=0) (actual time=626.375..21325.008 rows=355651 loops=1)
  Hash Cond: (ci.movie_id = t.id)
  ->  Seq Scan on cast_info ci  (cost=0.00..705507.15 rows=31143368 width=4) (actual time=0.012..12764.874 rows=31273590 loops=1)
        Filter: (person_id > 481668)
        Rows Removed by Filter: 4970754
  ->  Hash  (cost=73925.90..73925.90 rows=17617 width=4) (actual time=626.084..626.084 rows=22021 loops=1)
        Buckets: 32768  Batches: 1  Memory Usage: 1031kB
        ->  Seq Scan on title t  (cost=0.00..73925.90 rows=17617 width=4) (actual time=418.812..620.860 rows=22021 loops=1)
              Filter: ((production_year > 2012) AND (kind_id = 1))
              Rows Removed by Filter: 2506291
Planning time: 1.836 ms
Execution time: 21382.237 ms
