Seq Scan on movie_companies mc  (cost=0.00..57926.93 rows=53 width=0) (actual time=442.755..797.981 rows=29 loops=1)
  Filter: ((company_id = 817) AND (company_type_id = 2))
  Rows Removed by Filter: 2609100
Planning time: 0.374 ms
Execution time: 798.069 ms
