Seq Scan on cast_info ci  (cost=0.00..796071.18 rows=324 width=0) (actual time=4321.455..13898.422 rows=38 loops=1)
  Filter: ((role_id > 1) AND (person_id = 1178333))
  Rows Removed by Filter: 36244306
Planning time: 0.265 ms
Execution time: 13898.558 ms
