Seq Scan on cast_info ci  (cost=0.00..796071.18 rows=3771346 width=0) (actual time=7808.881..15033.670 rows=4008037 loops=1)
  Filter: ((person_id < 3652023) AND (role_id = 3))
  Rows Removed by Filter: 32236307
Planning time: 0.371 ms
Execution time: 15453.714 ms
