Hash Join  (cost=102767.86..241850.51 rows=2003171 width=0) (actual time=1993.548..5631.711 rows=2005765 loops=1)
  Hash Cond: (mk.movie_id = t.id)
  ->  Seq Scan on movie_keyword mk  (cost=0.00..81003.12 rows=2003171 width=4) (actual time=0.018..1683.168 rows=2005765 loops=1)
        Filter: (keyword_id < 3573)
        Rows Removed by Filter: 2518165
  ->  Hash  (cost=61283.27..61283.27 rows=2528527 width=4) (actual time=1991.495..1991.495 rows=2528312 loops=1)
        Buckets: 131072  Batches: 64  Memory Usage: 2425kB
        ->  Seq Scan on title t  (cost=0.00..61283.27 rows=2528527 width=4) (actual time=0.015..1108.458 rows=2528312 loops=1)
Planning time: 0.678 ms
Execution time: 5861.857 ms
