Seq Scan on movie_companies mc  (cost=0.00..57926.93 rows=1088290 width=0) (actual time=0.030..1113.348 rows=1274246 loops=1)
  Filter: ((company_id < 82767) AND (company_type_id < 2))
  Rows Removed by Filter: 1334883
Planning time: 0.347 ms
Execution time: 1271.132 ms
