Seq Scan on movie_keyword mk  (cost=0.00..81003.12 rows=3026509 width=0) (actual time=0.020..930.694 rows=3006869 loops=1)
  Filter: (keyword_id < 10655)
  Rows Removed by Filter: 1517061
Planning time: 0.303 ms
Execution time: 1196.271 ms
