Hash Join  (cost=798388.90..853057.27 rows=285 width=0) (actual time=14811.673..15416.905 rows=3 loops=1)
  Hash Cond: (mc.movie_id = t.id)
  ->  Seq Scan on movie_companies mc  (cost=0.00..44881.29 rows=2609129 width=4) (actual time=0.017..673.058 rows=2609129 loops=1)
  ->  Hash  (cost=798385.45..798385.45 rows=276 width=8) (actual time=14305.433..14305.433 rows=1 loops=1)
        Buckets: 1024  Batches: 1  Memory Usage: 9kB
        ->  Nested Loop  (cost=0.43..798385.45 rows=276 width=8) (actual time=10687.551..14305.407 rows=1 loops=1)
              ->  Seq Scan on cast_info ci  (cost=0.00..796071.18 rows=276 width=4) (actual time=10687.390..14305.239 rows=1 loops=1)
                    Filter: ((role_id < 3) AND (person_id = 208140))
                    Rows Removed by Filter: 36244343
              ->  Index Only Scan using title_pkey on title t  (cost=0.43..8.38 rows=1 width=4) (actual time=0.079..0.080 rows=1 loops=1)
                    Index Cond: (id = ci.movie_id)
                    Heap Fetches: 1
Planning time: 1.120 ms
Execution time: 15417.008 ms
