Hash Join  (cost=483792.06..1591570.13 rows=2793088 width=0) (actual time=9622.821..40442.361 rows=3963860 loops=1)
  Hash Cond: (ci.movie_id = t.id)
  ->  Seq Scan on cast_info ci  (cost=0.00..614943.12 rows=36225612 width=4) (actual time=0.024..13515.375 rows=36244344 loops=1)
  ->  Hash  (cost=480593.11..480593.11 rows=194956 width=8) (actual time=9621.928..9621.928 rows=359629 loops=1)
        Buckets: 131072 (originally 131072)  Batches: 8 (originally 4)  Memory Usage: 3073kB
        ->  Hash Join  (cost=69090.10..480593.11 rows=194956 width=8) (actual time=2070.284..9497.506 rows=359629 loops=1)
              Hash Cond: (mi.movie_id = t.id)
              ->  Seq Scan on movie_info mi  (cost=0.00..346232.03 rows=5445713 width=4) (actual time=954.164..6293.839 rows=5410520 loops=1)
                    Filter: (info_type_id < 6)
                    Rows Removed by Filter: 9425200
              ->  Hash  (cost=67604.59..67604.59 rows=90521 width=4) (actual time=1115.214..1115.214 rows=90852 loops=1)
                    Buckets: 131072  Batches: 2  Memory Usage: 2632kB
                    ->  Seq Scan on title t  (cost=0.00..67604.59 rows=90521 width=4) (actual time=0.028..1079.233 rows=90852 loops=1)
                          Filter: (kind_id = 2)
                          Rows Removed by Filter: 2437460
Planning time: 1.194 ms
Execution time: 40929.520 ms
