Seq Scan on cast_info ci  (cost=0.00..705507.15 rows=29862536 width=0) (actual time=0.020..13575.655 rows=29971135 loops=1)
  Filter: (person_id > 604216)
  Rows Removed by Filter: 6273209
Planning time: 0.290 ms
Execution time: 17223.307 ms
