Seq Scan on movie_companies mc  (cost=0.00..51404.11 rows=104 width=0) (actual time=210.382..877.954 rows=7 loops=1)
  Filter: (company_id = 68978)
  Rows Removed by Filter: 2609122
Planning time: 0.317 ms
Execution time: 878.037 ms
