Hash Join  (cost=122535.74..477064.19 rows=6661 width=0) (actual time=1618.828..7880.763 rows=138936 loops=1)
  Hash Cond: (mi.movie_id = t.id)
  ->  Seq Scan on movie_info mi  (cost=0.00..346232.03 rows=2194617 width=4) (actual time=0.019..5812.673 rows=2233850 loops=1)
        Filter: (info_type_id > 16)
        Rows Removed by Filter: 12601870
  ->  Hash  (cost=122439.81..122439.81 rows=7674 width=8) (actual time=1618.610..1618.610 rows=17997 loops=1)
        Buckets: 32768 (originally 8192)  Batches: 1 (originally 1)  Memory Usage: 960kB
        ->  Hash Join  (cost=67697.55..122439.81 rows=7674 width=8) (actual time=887.204..1612.696 rows=17997 loops=1)
              Hash Cond: (mc.movie_id = t.id)
              ->  Seq Scan on movie_companies mc  (cost=0.00..44881.29 rows=2609129 width=4) (actual time=0.025..325.249 rows=2609129 loops=1)
              ->  Hash  (cost=67604.59..67604.59 rows=7437 width=4) (actual time=887.118..887.118 rows=14054 loops=1)
                    Buckets: 16384 (originally 8192)  Batches: 1 (originally 1)  Memory Usage: 623kB
                    ->  Seq Scan on title t  (cost=0.00..67604.59 rows=7437 width=4) (actual time=0.044..880.541 rows=14054 loops=1)
                          Filter: (production_year = 1975)
                          Rows Removed by Filter: 2514258
Planning time: 1.125 ms
Execution time: 7898.302 ms
