Seq Scan on movie_keyword mk  (cost=0.00..81003.12 rows=1272933 width=0) (actual time=0.019..1347.273 rows=1280088 loops=1)
  Filter: (keyword_id < 1657)
  Rows Removed by Filter: 3243842
Planning time: 0.274 ms
Execution time: 1506.218 ms
