Hash Join  (cost=974610.36..1137759.08 rows=2913077 width=0) (actual time=18008.707..26325.491 rows=20580295 loops=1)
  Hash Cond: (mk.movie_id = t.id)
  ->  Seq Scan on movie_keyword mk  (cost=0.00..69693.30 rows=4523930 width=4) (actual time=0.024..1472.727 rows=4523930 loops=1)
  ->  Hash  (cost=947897.04..947897.04 rows=1628185 width=8) (actual time=18007.226..18007.226 rows=3267435 loops=1)
        Buckets: 131072 (originally 131072)  Batches: 64 (originally 32)  Memory Usage: 3079kB
        ->  Hash Join  (cost=102767.86..947897.04 rows=1628185 width=8) (actual time=10920.100..17077.121 rows=3267435 loops=1)
              Hash Cond: (ci.movie_id = t.id)
              ->  Seq Scan on cast_info ci  (cost=0.00..796071.18 rows=1628185 width=4) (actual time=8981.258..12088.926 rows=3267435 loops=1)
                    Filter: ((person_id < 437193) AND (role_id < 2))
                    Rows Removed by Filter: 32976909
              ->  Hash  (cost=61283.27..61283.27 rows=2528527 width=4) (actual time=1937.532..1937.532 rows=2528312 loops=1)
                    Buckets: 131072  Batches: 64  Memory Usage: 2415kB
                    ->  Seq Scan on title t  (cost=0.00..61283.27 rows=2528527 width=4) (actual time=0.018..1100.513 rows=2528312 loops=1)
Planning time: 0.739 ms
Execution time: 28521.434 ms
