Nested Loop  (cost=0.43..83071.67 rows=246 width=0) (actual time=5.058..1258.128 rows=132 loops=1)
  ->  Seq Scan on movie_keyword mk  (cost=0.00..81003.12 rows=246 width=4) (actual time=5.003..1243.165 rows=132 loops=1)
        Filter: (keyword_id = 9315)
        Rows Removed by Filter: 4523798
  ->  Index Only Scan using title_pkey on title t  (cost=0.43..8.40 rows=1 width=4) (actual time=0.109..0.109 rows=1 loops=132)
        Index Cond: (id = mk.movie_id)
        Heap Fetches: 132
Planning time: 0.976 ms
Execution time: 1258.295 ms
