Hash Join  (cost=77062.89..160313.22 rows=594881 width=0) (actual time=1228.905..3693.878 rows=915750 loops=1)
  Hash Cond: (mc.movie_id = t.id)
  ->  Seq Scan on movie_companies mc  (cost=0.00..44881.29 rows=2609129 width=4) (actual time=0.024..907.729 rows=2609129 loops=1)
  ->  Hash  (cost=67604.59..67604.59 rows=576504 width=4) (actual time=1228.064..1228.064 rows=568449 loops=1)
        Buckets: 131072  Batches: 8  Memory Usage: 3513kB
        ->  Seq Scan on title t  (cost=0.00..67604.59 rows=576504 width=4) (actual time=0.028..1044.727 rows=568449 loops=1)
              Filter: (production_year < 1984)
              Rows Removed by Filter: 1959863
Planning time: 0.668 ms
Execution time: 3803.020 ms
