Nested Loop  (cost=32636.42..740203.24 rows=68 width=0) (actual time=8132.766..11610.885 rows=16 loops=1)
  Join Filter: (ci.movie_id = t.id)
  ->  Hash Join  (cost=32635.99..740010.88 rows=224 width=8) (actual time=4182.073..11610.213 rows=17 loops=1)
        Hash Cond: (ci.movie_id = mi_idx.movie_id)
        ->  Seq Scan on cast_info ci  (cost=0.00..705507.15 rows=500 width=4) (actual time=3555.126..10911.333 rows=55 loops=1)
              Filter: (person_id = 1481294)
              Rows Removed by Filter: 36244289
        ->  Hash  (cost=25185.44..25185.44 rows=454124 width=4) (actual time=625.981..625.981 rows=459925 loops=1)
              Buckets: 131072  Batches: 8  Memory Usage: 3050kB
              ->  Seq Scan on movie_info_idx mi_idx  (cost=0.00..25185.44 rows=454124 width=4) (actual time=0.031..472.996 rows=459925 loops=1)
                    Filter: (info_type_id = 100)
                    Rows Removed by Filter: 920110
  ->  Index Scan using title_pkey on title t  (cost=0.43..0.85 rows=1 width=4) (actual time=0.033..0.033 rows=1 loops=17)
        Index Cond: (id = mi_idx.movie_id)
        Filter: (production_year < 2010)
        Rows Removed by Filter: 0
Planning time: 1.150 ms
Execution time: 11611.033 ms
