Hash Join  (cost=212193.72..1397353.49 rows=14733860 width=0) (actual time=4562.532..40160.519 rows=17316777 loops=1)
  Hash Cond: (ci.movie_id = t.id)
  ->  Seq Scan on cast_info ci  (cost=0.00..614943.12 rows=36225612 width=4) (actual time=0.020..13439.072 rows=36244344 loops=1)
  ->  Hash  (cost=195320.54..195320.54 rows=1028415 width=8) (actual time=4561.467..4561.467 rows=739503 loops=1)
        Buckets: 131072  Batches: 16  Memory Usage: 2817kB
        ->  Hash Join  (cost=102767.86..195320.54 rows=1028415 width=8) (actual time=1958.061..4332.758 rows=739503 loops=1)
              Hash Cond: (mc.movie_id = t.id)
              ->  Seq Scan on movie_companies mc  (cost=0.00..57926.93 rows=1028415 width=4) (actual time=0.017..1316.297 rows=739503 loops=1)
                    Filter: ((company_id < 68356) AND (company_type_id > 1))
                    Rows Removed by Filter: 1869626
              ->  Hash  (cost=61283.27..61283.27 rows=2528527 width=4) (actual time=1956.482..1956.482 rows=2528312 loops=1)
                    Buckets: 131072  Batches: 64  Memory Usage: 2415kB
                    ->  Seq Scan on title t  (cost=0.00..61283.27 rows=2528527 width=4) (actual time=0.014..1122.872 rows=2528312 loops=1)
Planning time: 1.989 ms
Execution time: 42115.004 ms
