Hash Join  (cost=80372.21..610808.81 rows=2164048 width=0) (actual time=1471.164..14987.600 rows=1135723 loops=1)
  Hash Cond: (mi.movie_id = t.id)
  ->  Seq Scan on movie_info mi  (cost=0.00..346232.03 rows=13926693 width=4) (actual time=0.020..7086.009 rows=13963496 loops=1)
        Filter: (info_type_id < 98)
        Rows Removed by Filter: 872224
  ->  Hash  (cost=73925.90..73925.90 rows=392904 width=4) (actual time=1470.473..1470.473 rows=277350 loops=1)
        Buckets: 131072  Batches: 8  Memory Usage: 2237kB
        ->  Seq Scan on title t  (cost=0.00..73925.90 rows=392904 width=4) (actual time=0.020..1121.535 rows=277350 loops=1)
              Filter: ((production_year < 1988) AND (kind_id = 7))
              Rows Removed by Filter: 2250962
Planning time: 0.761 ms
Execution time: 15122.298 ms
