Hash Join  (cost=910539.82..1261761.47 rows=24915 width=0) (actual time=16768.888..19330.630 rows=14288 loops=1)
  Hash Cond: (mi.movie_id = t.id)
  ->  Seq Scan on movie_info mi  (cost=0.00..346232.03 rows=1264125 width=4) (actual time=3087.799..5386.880 rows=1288928 loops=1)
        Filter: (info_type_id = 2)
        Rows Removed by Filter: 13546792
  ->  Hash  (cost=909916.87..909916.87 rows=49836 width=8) (actual time=13680.473..13680.473 rows=19713 loops=1)
        Buckets: 65536  Batches: 1  Memory Usage: 1283kB
        ->  Hash Join  (cost=102767.86..909916.87 rows=49836 width=8) (actual time=2824.737..13673.753 rows=19713 loops=1)
              Hash Cond: (ci.movie_id = t.id)
              ->  Seq Scan on cast_info ci  (cost=0.00..796071.18 rows=49836 width=4) (actual time=292.663..10812.613 rows=19713 loops=1)
                    Filter: ((person_id < 149963) AND (role_id = 9))
                    Rows Removed by Filter: 36224631
              ->  Hash  (cost=61283.27..61283.27 rows=2528527 width=4) (actual time=2530.923..2530.923 rows=2528312 loops=1)
                    Buckets: 131072  Batches: 64  Memory Usage: 2415kB
                    ->  Seq Scan on title t  (cost=0.00..61283.27 rows=2528527 width=4) (actual time=0.026..1187.851 rows=2528312 loops=1)
Planning time: 0.764 ms
Execution time: 19333.117 ms
