Seq Scan on movie_keyword mk  (cost=0.00..81003.12 rows=246 width=0) (actual time=0.125..1094.665 rows=1558 loops=1)
  Filter: (keyword_id = 733)
  Rows Removed by Filter: 4522372
Planning time: 0.344 ms
Execution time: 1095.214 ms
