Seq Scan on title t  (cost=0.00..73925.90 rows=45028 width=0) (actual time=72.339..1012.392 rows=152874 loops=1)
  Filter: ((kind_id < 3) AND (production_year < 1946))
  Rows Removed by Filter: 2375438
Planning time: 0.303 ms
Execution time: 1031.649 ms
