Hash Join  (cost=193206.44..298388.90 rows=422342 width=0) (actual time=4495.339..7439.414 rows=2291342 loops=1)
  Hash Cond: (mk.movie_id = t.id)
  ->  Seq Scan on movie_keyword mk  (cost=0.00..81003.12 rows=1482377 width=4) (actual time=0.040..1507.172 rows=1494592 loops=1)
        Filter: (keyword_id > 10864)
        Rows Removed by Filter: 3029338
  ->  Hash  (cost=181386.45..181386.45 rows=720399 width=8) (actual time=4493.813..4493.813 rows=706733 loops=1)
        Buckets: 131072  Batches: 16  Memory Usage: 2771kB
        ->  Hash Join  (cost=102767.86..181386.45 rows=720399 width=8) (actual time=1880.513..4275.863 rows=706733 loops=1)
              Hash Cond: (mc.movie_id = t.id)
              ->  Seq Scan on movie_companies mc  (cost=0.00..51404.11 rows=720399 width=4) (actual time=0.027..873.056 rows=706733 loops=1)
                    Filter: (company_id < 1347)
                    Rows Removed by Filter: 1902396
              ->  Hash  (cost=61283.27..61283.27 rows=2528527 width=4) (actual time=1879.735..1879.735 rows=2528312 loops=1)
                    Buckets: 131072  Batches: 64  Memory Usage: 2415kB
                    ->  Seq Scan on title t  (cost=0.00..61283.27 rows=2528527 width=4) (actual time=0.018..1053.304 rows=2528312 loops=1)
Planning time: 1.109 ms
Execution time: 7737.599 ms
