Seq Scan on cast_info ci  (cost=0.00..796071.18 rows=164078 width=0) (actual time=8166.380..10251.779 rows=47487 loops=1)
  Filter: ((person_id < 129379) AND (role_id = 10))
  Rows Removed by Filter: 36196857
Planning time: 0.357 ms
Execution time: 10257.488 ms
