Seq Scan on movie_keyword mk  (cost=0.00..81003.12 rows=2532792 width=0) (actual time=0.030..1269.916 rows=2525759 loops=1)
  Filter: (keyword_id < 6265)
  Rows Removed by Filter: 1998171
Planning time: 0.295 ms
Execution time: 1592.426 ms
