Hash Join  (cost=102767.86..241823.32 rows=2001990 width=0) (actual time=2126.083..5752.023 rows=2005086 loops=1)
  Hash Cond: (mk.movie_id = t.id)
  ->  Seq Scan on movie_keyword mk  (cost=0.00..81003.12 rows=2001990 width=4) (actual time=0.025..1620.765 rows=2005086 loops=1)
        Filter: (keyword_id < 3569)
        Rows Removed by Filter: 2518844
  ->  Hash  (cost=61283.27..61283.27 rows=2528527 width=4) (actual time=2124.265..2124.265 rows=2528312 loops=1)
        Buckets: 131072  Batches: 64  Memory Usage: 2425kB
        ->  Seq Scan on title t  (cost=0.00..61283.27 rows=2528527 width=4) (actual time=0.024..1235.775 rows=2528312 loops=1)
Planning time: 0.654 ms
Execution time: 6006.038 ms
