Hash Join  (cost=76242.82..439369.16 rows=75280 width=0) (actual time=1121.789..7531.936 rows=131090 loops=1)
  Hash Cond: (mi.movie_id = t.id)
  ->  Seq Scan on movie_info mi  (cost=0.00..346232.03 rows=1348138 width=4) (actual time=48.523..5635.033 rows=1298989 loops=1)
        Filter: (info_type_id = 4)
        Rows Removed by Filter: 13536731
  ->  Hash  (cost=73925.90..73925.90 rows=141193 width=4) (actual time=1043.876..1043.876 rows=132182 loops=1)
        Buckets: 131072  Batches: 2  Memory Usage: 3346kB
        ->  Seq Scan on title t  (cost=0.00..73925.90 rows=141193 width=4) (actual time=17.933..997.271 rows=132182 loops=1)
              Filter: ((production_year > 2009) AND (kind_id = 1))
              Rows Removed by Filter: 2396130
Planning time: 0.474 ms
Execution time: 7549.512 ms
