Seq Scan on movie_companies mc  (cost=0.00..51404.11 rows=1237612 width=0) (actual time=0.030..847.258 rows=1250524 loops=1)
  Filter: (company_id > 11663)
  Rows Removed by Filter: 1358605
Planning time: 0.275 ms
Execution time: 1005.749 ms
