Seq Scan on movie_companies mc  (cost=0.00..57926.93 rows=3967 width=0) (actual time=212.367..437.340 rows=413 loops=1)
  Filter: ((company_type_id < 2) AND (company_id = 424))
  Rows Removed by Filter: 2608716
Planning time: 2.551 ms
Execution time: 437.504 ms
