Seq Scan on movie_keyword mk  (cost=0.00..81003.12 rows=2691334 width=0) (actual time=0.015..1477.027 rows=2684846 loops=1)
  Filter: (keyword_id < 7575)
  Rows Removed by Filter: 1839084
Planning time: 0.378 ms
Execution time: 1855.000 ms
