Hash Join  (cost=164939.20..292148.66 rows=427342 width=0) (actual time=3533.679..8891.451 rows=9400053 loops=1)
  Hash Cond: (mk.movie_id = t.id)
  ->  Seq Scan on movie_keyword mk  (cost=0.00..69693.30 rows=4523930 width=4) (actual time=0.027..1419.765 rows=4523930 loops=1)
  ->  Hash  (cost=161019.56..161019.56 rows=238851 width=8) (actual time=3532.680..3532.680 rows=386364 loops=1)
        Buckets: 131072 (originally 131072)  Batches: 8 (originally 4)  Memory Usage: 3073kB
        ->  Hash Join  (cost=89678.24..161019.56 rows=238851 width=8) (actual time=1569.378..3402.830 rows=386364 loops=1)
              Hash Cond: (mc.movie_id = t.id)
              ->  Seq Scan on movie_companies mc  (cost=0.00..57926.93 rows=629034 width=4) (actual time=0.027..1063.678 rows=387331 loops=1)
                    Filter: ((company_id > 11367) AND (company_type_id = 1))
                    Rows Removed by Filter: 2221798
              ->  Hash  (cost=73925.90..73925.90 rows=960107 width=4) (actual time=1568.342..1568.342 rows=977778 loops=1)
                    Buckets: 131072  Batches: 16  Memory Usage: 3172kB
                    ->  Seq Scan on title t  (cost=0.00..73925.90 rows=960107 width=4) (actual time=0.029..1275.526 rows=977778 loops=1)
                          Filter: ((kind_id < 7) AND (production_year > 0))
                          Rows Removed by Filter: 1550534
Planning time: 1.185 ms
Execution time: 9933.110 ms
