Hash Join  (cost=81529.26..438305.94 rows=119481 width=0) (actual time=4834.765..7338.514 rows=93592 loops=1)
  Hash Cond: (mi.movie_id = t.id)
  ->  Seq Scan on movie_info mi  (cost=0.00..346232.03 rows=651960 width=4) (actual time=3431.791..5575.729 rows=660923 loops=1)
        Filter: (info_type_id = 18)
        Rows Removed by Filter: 14174797
  ->  Hash  (cost=73925.90..73925.90 rows=463388 width=4) (actual time=1401.933..1401.933 rows=321767 loops=1)
        Buckets: 131072  Batches: 8  Memory Usage: 2436kB
        ->  Seq Scan on title t  (cost=0.00..73925.90 rows=463388 width=4) (actual time=0.034..1291.503 rows=321767 loops=1)
              Filter: ((kind_id > 1) AND (production_year < 1987))
              Rows Removed by Filter: 2206545
Planning time: 0.683 ms
Execution time: 7350.215 ms
