Hash Join  (cost=1018504.83..4131130.00 rows=156785306 width=0) (actual time=25339.747..143401.777 rows=330479402 loops=1)
  Hash Cond: (ci.movie_id = t.id)
  ->  Seq Scan on cast_info ci  (cost=0.00..705507.15 rows=26896845 width=4) (actual time=0.019..16097.462 rows=26927556 loops=1)
        Filter: (person_id < 2770227)
        Rows Removed by Filter: 9316788
  ->  Hash  (cost=776690.81..776690.81 rows=14739122 width=8) (actual time=25335.966..25335.966 rows=14835720 loops=1)
        Buckets: 131072  Batches: 256  Memory Usage: 3268kB
        ->  Hash Join  (cost=102767.86..776690.81 rows=14739122 width=8) (actual time=1892.917..20913.239 rows=14835720 loops=1)
              Hash Cond: (mi.movie_id = t.id)
              ->  Seq Scan on movie_info mi  (cost=0.00..309384.22 rows=14739122 width=4) (actual time=0.023..6175.759 rows=14835720 loops=1)
              ->  Hash  (cost=61283.27..61283.27 rows=2528527 width=4) (actual time=1890.928..1890.928 rows=2528312 loops=1)
                    Buckets: 131072  Batches: 64  Memory Usage: 2425kB
                    ->  Seq Scan on title t  (cost=0.00..61283.27 rows=2528527 width=4) (actual time=0.020..1040.189 rows=2528312 loops=1)
Planning time: 1.149 ms
Execution time: 179416.487 ms
