Hash Join  (cost=74787.47..172215.95 rows=111306 width=0) (actual time=1137.081..3459.460 rows=25760 loops=1)
  Hash Cond: (mk.movie_id = t.id)
  ->  Seq Scan on movie_keyword mk  (cost=0.00..81003.12 rows=4083280 width=4) (actual time=0.026..1675.199 rows=4070600 loops=1)
        Filter: (keyword_id > 347)
        Rows Removed by Filter: 453330
  ->  Hash  (cost=73925.90..73925.90 rows=68925 width=4) (actual time=1114.525..1114.525 rows=84076 loops=1)
        Buckets: 131072  Batches: 1  Memory Usage: 3980kB
        ->  Seq Scan on title t  (cost=0.00..73925.90 rows=68925 width=4) (actual time=198.890..1082.005 rows=84076 loops=1)
              Filter: ((kind_id = 7) AND (production_year = 2007))
              Rows Removed by Filter: 2444236
Planning time: 0.752 ms
Execution time: 3463.078 ms
