Seq Scan on cast_info ci  (cost=0.00..796071.18 rows=5759122 width=0) (actual time=0.018..12908.636 rows=3425059 loops=1)
  Filter: ((person_id < 1676926) AND (role_id > 3))
  Rows Removed by Filter: 32819285
Planning time: 0.322 ms
Execution time: 13350.523 ms
