Seq Scan on movie_keyword mk  (cost=0.00..81003.12 rows=246 width=0) (actual time=2.555..1297.840 rows=74 loops=1)
  Filter: (keyword_id = 25695)
  Rows Removed by Filter: 4523856
Planning time: 0.388 ms
Execution time: 1298.002 ms
