Hash Join  (cost=102767.86..196990.87 rows=138824 width=0) (actual time=2205.086..3682.236 rows=135932 loops=1)
  Hash Cond: (mk.movie_id = t.id)
  ->  Seq Scan on movie_keyword mk  (cost=0.00..81003.12 rows=138824 width=4) (actual time=209.052..1154.747 rows=135932 loops=1)
        Filter: (keyword_id > 75506)
        Rows Removed by Filter: 4387998
  ->  Hash  (cost=61283.27..61283.27 rows=2528527 width=4) (actual time=1995.138..1995.138 rows=2528312 loops=1)
        Buckets: 131072  Batches: 64  Memory Usage: 2425kB
        ->  Seq Scan on title t  (cost=0.00..61283.27 rows=2528527 width=4) (actual time=0.032..1110.188 rows=2528312 loops=1)
Planning time: 0.715 ms
Execution time: 3699.355 ms
