Nested Loop  (cost=0.43..83071.67 rows=246 width=0) (actual time=0.136..1068.349 rows=1337 loops=1)
  ->  Seq Scan on movie_keyword mk  (cost=0.00..81003.12 rows=246 width=4) (actual time=0.077..1014.333 rows=1337 loops=1)
        Filter: (keyword_id = 490)
        Rows Removed by Filter: 4522593
  ->  Index Only Scan using title_pkey on title t  (cost=0.43..8.40 rows=1 width=4) (actual time=0.039..0.039 rows=1 loops=1337)
        Index Cond: (id = mk.movie_id)
        Heap Fetches: 1337
Planning time: 0.728 ms
Execution time: 1068.871 ms
