Hash Join  (cost=151087.95..1197629.22 rows=1239910 width=0) (actual time=3192.773..31333.955 rows=2389235 loops=1)
  Hash Cond: (ci.movie_id = t.id)
  ->  Seq Scan on cast_info ci  (cost=0.00..614943.12 rows=36225612 width=4) (actual time=0.023..12893.510 rows=36244344 loops=1)
  ->  Hash  (cost=149667.14..149667.14 rows=86545 width=8) (actual time=3191.964..3191.964 rows=194257 loops=1)
        Buckets: 131072 (originally 131072)  Batches: 4 (originally 2)  Memory Usage: 3073kB
        ->  Hash Join  (cost=69090.10..149667.14 rows=86545 width=8) (actual time=1120.749..3129.241 rows=194257 loops=1)
              Hash Cond: (mc.movie_id = t.id)
              ->  Seq Scan on movie_companies mc  (cost=0.00..51404.11 rows=2417461 width=4) (actual time=0.026..1125.817 rows=2416615 loops=1)
                    Filter: (company_id < 115863)
                    Rows Removed by Filter: 192514
              ->  Hash  (cost=67604.59..67604.59 rows=90521 width=4) (actual time=1120.005..1120.005 rows=90852 loops=1)
                    Buckets: 131072  Batches: 2  Memory Usage: 2626kB
                    ->  Seq Scan on title t  (cost=0.00..67604.59 rows=90521 width=4) (actual time=0.023..1085.675 rows=90852 loops=1)
                          Filter: (kind_id = 2)
                          Rows Removed by Filter: 2437460
Planning time: 3.481 ms
Execution time: 31618.538 ms
