Hash Join  (cost=69928.56..108947.86 rows=77282 width=0) (actual time=1575.171..2512.602 rows=60683 loops=1)
  Hash Cond: (mi_idx.movie_id = t.id)
  ->  Seq Scan on movie_info_idx mi_idx  (cost=0.00..21735.35 rows=1380035 width=4) (actual time=0.019..399.131 rows=1380035 loops=1)
  ->  Hash  (cost=67604.59..67604.59 rows=141598 width=4) (actual time=1574.463..1574.463 rows=141703 loops=1)
        Buckets: 131072  Batches: 2  Memory Usage: 3511kB
        ->  Seq Scan on title t  (cost=0.00..67604.59 rows=141598 width=4) (actual time=0.012..1089.971 rows=141703 loops=1)
              Filter: (production_year = 2010)
              Rows Removed by Filter: 2386609
Planning time: 0.535 ms
Execution time: 2521.141 ms
