Hash Join  (cost=464113.91..1526831.87 rows=2814680 width=0) (actual time=8286.747..36785.828 rows=327321 loops=1)
  Hash Cond: (ci.movie_id = t.id)
  ->  Seq Scan on cast_info ci  (cost=0.00..614943.12 rows=36225612 width=4) (actual time=0.012..12906.714 rows=36244344 loops=1)
  ->  Hash  (cost=460890.12..460890.12 rows=196463 width=8) (actual time=8283.599..8283.599 rows=38366 loops=1)
        Buckets: 131072  Batches: 4  Memory Usage: 1402kB
        ->  Hash Join  (cost=76582.74..460890.12 rows=196463 width=8) (actual time=2704.519..8270.629 rows=38366 loops=1)
              Hash Cond: (mi.movie_id = t.id)
              ->  Seq Scan on movie_info mi  (cost=0.00..346232.03 rows=3068194 width=4) (actual time=1402.508..5860.596 rows=3036719 loops=1)
                    Filter: (info_type_id = 16)
                    Rows Removed by Filter: 11799001
              ->  Hash  (cost=73925.90..73925.90 rows=161907 width=4) (actual time=1293.207..1293.207 rows=37938 loops=1)
                    Buckets: 131072  Batches: 4  Memory Usage: 1366kB
                    ->  Seq Scan on title t  (cost=0.00..73925.90 rows=161907 width=4) (actual time=0.094..1276.802 rows=37938 loops=1)
                          Filter: ((kind_id > 1) AND (production_year < 1958))
                          Rows Removed by Filter: 2490374
Planning time: 1.126 ms
Execution time: 36830.493 ms
