Nested Loop  (cost=0.43..122240.60 rows=5730 width=0) (actual time=0.298..1204.210 rows=4517 loops=1)
  ->  Seq Scan on movie_keyword mk  (cost=0.00..81003.12 rows=5730 width=4) (actual time=0.231..1017.210 rows=4517 loops=1)
        Filter: (keyword_id = 115)
        Rows Removed by Filter: 4519413
  ->  Index Only Scan using title_pkey on title t  (cost=0.43..7.19 rows=1 width=4) (actual time=0.040..0.041 rows=1 loops=4517)
        Index Cond: (id = mk.movie_id)
        Heap Fetches: 4517
Planning time: 0.708 ms
Execution time: 1205.539 ms
