Nested Loop  (cost=0.43..83072.29 rows=96 width=0) (actual time=10.569..1323.863 rows=2493 loops=1)
  ->  Seq Scan on movie_keyword mk  (cost=0.00..81003.12 rows=246 width=4) (actual time=0.054..1245.452 rows=2742 loops=1)
        Filter: (keyword_id = 3037)
        Rows Removed by Filter: 4521188
  ->  Index Scan using title_pkey on title t  (cost=0.43..8.40 rows=1 width=4) (actual time=0.027..0.028 rows=1 loops=2742)
        Index Cond: (id = mk.movie_id)
        Filter: (kind_id < 7)
        Rows Removed by Filter: 0
Planning time: 0.669 ms
Execution time: 1324.740 ms
