Hash Join  (cost=189303.03..232901.41 rows=344190 width=0) (actual time=4398.787..5639.567 rows=708291 loops=1)
  Hash Cond: (mi_idx.movie_id = t.id)
  ->  Seq Scan on movie_info_idx mi_idx  (cost=0.00..21735.35 rows=1380035 width=4) (actual time=0.016..440.977 rows=1380035 loops=1)
  ->  Hash  (cost=178956.14..178956.14 rows=630631 width=8) (actual time=4397.882..4397.882 rows=472606 loops=1)
        Buckets: 131072  Batches: 16  Memory Usage: 2173kB
        ->  Hash Join  (cost=95609.53..178956.14 rows=630631 width=8) (actual time=2088.909..4266.013 rows=472606 loops=1)
              Hash Cond: (mc.movie_id = t.id)
              ->  Seq Scan on movie_companies mc  (cost=0.00..57926.93 rows=1206498 width=4) (actual time=333.346..1159.590 rows=1274246 loops=1)
                    Filter: ((company_id < 133071) AND (company_type_id < 2))
                    Rows Removed by Filter: 1334883
              ->  Hash  (cost=73925.90..73925.90 rows=1321650 width=4) (actual time=1754.607..1754.607 rows=1298128 loops=1)
                    Buckets: 131072  Batches: 32  Memory Usage: 2450kB
                    ->  Seq Scan on title t  (cost=0.00..73925.90 rows=1321650 width=4) (actual time=0.015..1349.337 rows=1298128 loops=1)
                          Filter: ((kind_id > 1) AND (production_year < 2009))
                          Rows Removed by Filter: 1230184
Planning time: 1.045 ms
Execution time: 5710.278 ms
