Hash Join  (cost=178349.08..701771.46 rows=4087645 width=0) (actual time=4473.500..28966.109 rows=44552102 loops=1)
  Hash Cond: (mi.movie_id = t.id)
  ->  Seq Scan on movie_info mi  (cost=0.00..309384.22 rows=14739122 width=4) (actual time=0.022..5898.620 rows=14835720 loops=1)
  ->  Hash  (cost=166843.53..166843.53 rows=701244 width=8) (actual time=4472.372..4472.372 rows=1492290 loops=1)
        Buckets: 131072 (originally 131072)  Batches: 32 (originally 16)  Memory Usage: 3073kB
        ->  Hash Join  (cost=83810.17..166843.53 rows=701244 width=8) (actual time=1527.923..4049.855 rows=1492290 loops=1)
              Hash Cond: (mc.movie_id = t.id)
              ->  Seq Scan on movie_companies mc  (cost=0.00..51404.11 rows=1795147 width=4) (actual time=0.030..1033.822 rows=1803132 loops=1)
                    Filter: (company_id > 1826)
                    Rows Removed by Filter: 805997
              ->  Hash  (cost=67604.59..67604.59 rows=987727 width=4) (actual time=1527.107..1527.107 rows=985048 loops=1)
                    Buckets: 131072  Batches: 16  Memory Usage: 3188kB
                    ->  Seq Scan on title t  (cost=0.00..67604.59 rows=987727 width=4) (actual time=0.019..1224.026 rows=985048 loops=1)
                          Filter: (kind_id < 7)
                          Rows Removed by Filter: 1543264
Planning time: 1.183 ms
Execution time: 34103.112 ms
