Hash Join  (cost=102767.86..1284020.89 rows=15597037 width=0) (actual time=2821.534..37037.524 rows=17000271 loops=1)
  Hash Cond: (ci.movie_id = t.id)
  ->  Seq Scan on cast_info ci  (cost=0.00..796071.18 rows=15597037 width=4) (actual time=5.165..15831.464 rows=17000271 loops=1)
        Filter: ((person_id < 1758635) AND (role_id < 10))
        Rows Removed by Filter: 19244073
  ->  Hash  (cost=61283.27..61283.27 rows=2528527 width=4) (actual time=2738.205..2738.205 rows=2528312 loops=1)
        Buckets: 131072  Batches: 64  Memory Usage: 2415kB
        ->  Seq Scan on title t  (cost=0.00..61283.27 rows=2528527 width=4) (actual time=0.030..1182.391 rows=2528312 loops=1)
Planning time: 0.688 ms
Execution time: 39012.720 ms
