Nested Loop  (cost=0.43..83072.90 rows=46 width=0) (actual time=401.052..1338.623 rows=3 loops=1)
  ->  Seq Scan on movie_keyword mk  (cost=0.00..81003.12 rows=246 width=4) (actual time=192.318..1338.371 rows=6 loops=1)
        Filter: (keyword_id = 61717)
        Rows Removed by Filter: 4523924
  ->  Index Scan using title_pkey on title t  (cost=0.43..8.40 rows=1 width=4) (actual time=0.036..0.037 rows=0 loops=6)
        Index Cond: (id = mk.movie_id)
        Filter: ((production_year < 2009) AND (kind_id = 1))
        Rows Removed by Filter: 0
Planning time: 0.769 ms
Execution time: 1338.717 ms
