Hash Join  (cost=71463.00..149858.01 rows=242649 width=0) (actual time=1155.065..3326.868 rows=459562 loops=1)
  Hash Cond: (mc.movie_id = t.id)
  ->  Seq Scan on movie_companies mc  (cost=0.00..44881.29 rows=2609129 width=4) (actual time=0.018..969.461 rows=2609129 loops=1)
  ->  Hash  (cost=67604.59..67604.59 rows=235153 width=4) (actual time=1154.303..1154.303 rows=230883 loops=1)
        Buckets: 131072  Batches: 4  Memory Usage: 3052kB
        ->  Seq Scan on title t  (cost=0.00..67604.59 rows=235153 width=4) (actual time=0.031..1078.353 rows=230883 loops=1)
              Filter: (production_year < 1959)
              Rows Removed by Filter: 2297429
Planning time: 0.682 ms
Execution time: 3379.294 ms
