Hash Join  (cost=168162.63..295193.22 rows=663735 width=0) (actual time=3944.643..8471.807 rows=5593909 loops=1)
  Hash Cond: (mk.movie_id = t.id)
  ->  Seq Scan on movie_keyword mk  (cost=0.00..81003.12 rows=3231232 width=4) (actual time=0.025..1757.214 rows=3219868 loops=1)
        Filter: (keyword_id < 13483)
        Rows Removed by Filter: 1304062
  ->  Hash  (cost=159641.24..159641.24 rows=519391 width=8) (actual time=3942.221..3942.221 rows=934414 loops=1)
        Buckets: 131072 (originally 131072)  Batches: 16 (originally 8)  Memory Usage: 3333kB
        ->  Hash Join  (cost=83810.17..159641.24 rows=519391 width=8) (actual time=1651.907..3653.325 rows=934414 loops=1)
              Hash Cond: (mc.movie_id = t.id)
              ->  Seq Scan on movie_companies mc  (cost=0.00..51404.11 rows=1329612 width=4) (actual time=74.298..946.873 rows=1334883 loops=1)
                    Filter: (company_type_id = 2)
                    Rows Removed by Filter: 1274246
              ->  Hash  (cost=67604.59..67604.59 rows=987727 width=4) (actual time=1576.762..1576.762 rows=985048 loops=1)
                    Buckets: 131072  Batches: 16  Memory Usage: 3188kB
                    ->  Seq Scan on title t  (cost=0.00..67604.59 rows=987727 width=4) (actual time=0.023..1253.417 rows=985048 loops=1)
                          Filter: (kind_id < 7)
                          Rows Removed by Filter: 1543264
Planning time: 1.183 ms
Execution time: 9098.176 ms
