Hash Join  (cost=139635.72..646830.24 rows=2566761 width=0) (actual time=3738.297..19898.963 rows=16073358 loops=1)
  Hash Cond: (mi.movie_id = t.id)
  ->  Seq Scan on movie_info mi  (cost=0.00..309384.22 rows=14739122 width=4) (actual time=0.009..6246.773 rows=14835720 loops=1)
  ->  Hash  (cost=132410.55..132410.55 rows=440333 width=8) (actual time=3737.483..3737.483 rows=877706 loops=1)
        Buckets: 131072 (originally 131072)  Batches: 16 (originally 8)  Memory Usage: 3188kB
        ->  Hash Join  (cost=87162.74..132410.55 rows=440333 width=8) (actual time=1975.673..3469.914 rows=877706 loops=1)
              Hash Cond: (mi_idx.movie_id = t.id)
              ->  Seq Scan on movie_info_idx mi_idx  (cost=0.00..21735.35 rows=1380035 width=4) (actual time=0.021..450.201 rows=1380035 loops=1)
              ->  Hash  (cost=73925.90..73925.90 rows=806787 width=4) (actual time=1974.366..1974.366 rows=843018 loops=1)
                    Buckets: 131072  Batches: 16  Memory Usage: 2879kB
                    ->  Seq Scan on title t  (cost=0.00..73925.90 rows=806787 width=4) (actual time=0.029..1328.178 rows=843018 loops=1)
                          Filter: ((kind_id < 7) AND (production_year < 2011))
                          Rows Removed by Filter: 1685294
Planning time: 1.160 ms
Execution time: 21372.029 ms
