Hash Join  (cost=199404.20..1216408.53 rows=6404513 width=0) (actual time=10808.325..28174.863 rows=9858468 loops=1)
  Hash Cond: (ci.movie_id = t.id)
  ->  Seq Scan on cast_info ci  (cost=0.00..796071.18 rows=13152539 width=4) (actual time=6023.339..15281.007 rows=11158027 loops=1)
        Filter: ((person_id > 1609262) AND (role_id < 4))
        Rows Removed by Filter: 25086317
  ->  Hash  (cost=179203.65..179203.65 rows=1231244 width=8) (actual time=4783.411..4783.411 rows=992855 loops=1)
        Buckets: 131072  Batches: 32  Memory Usage: 2224kB
        ->  Hash Join  (cost=87180.69..179203.65 rows=1231244 width=8) (actual time=1598.843..4494.423 rows=992855 loops=1)
              Hash Cond: (mc.movie_id = t.id)
              ->  Seq Scan on movie_companies mc  (cost=0.00..44881.29 rows=2609129 width=4) (actual time=0.025..1049.513 rows=2609129 loops=1)
              ->  Hash  (cost=67604.59..67604.59 rows=1193208 width=4) (actual time=1597.645..1597.645 rows=1192518 loops=1)
                    Buckets: 131072  Batches: 16  Memory Usage: 3646kB
                    ->  Seq Scan on title t  (cost=0.00..67604.59 rows=1193208 width=4) (actual time=0.021..1222.663 rows=1192518 loops=1)
                          Filter: (production_year > 2003)
                          Rows Removed by Filter: 1335794
Planning time: 1.161 ms
Execution time: 29241.540 ms
