Seq Scan on cast_info ci  (cost=0.00..796071.18 rows=435 width=0) (actual time=2975.702..15222.112 rows=261 loops=1)
  Filter: ((role_id < 10) AND (person_id = 2000193))
  Rows Removed by Filter: 36244083
Planning time: 0.374 ms
Execution time: 15222.280 ms
