Hash Join  (cost=102454.22..145793.15 rows=390266 width=0) (actual time=2061.809..3587.818 rows=393167 loops=1)
  Hash Cond: (mi_idx.movie_id = t.id)
  ->  Seq Scan on movie_info_idx mi_idx  (cost=0.00..25185.44 rows=464566 width=4) (actual time=0.022..480.098 rows=459925 loops=1)
        Filter: (info_type_id = 101)
        Rows Removed by Filter: 920110
  ->  Hash  (cost=67604.59..67604.59 rows=2124131 width=4) (actual time=2060.870..2060.870 rows=2118372 loops=1)
        Buckets: 131072  Batches: 32  Memory Usage: 3356kB
        ->  Seq Scan on title t  (cost=0.00..67604.59 rows=2124131 width=4) (actual time=0.019..1376.891 rows=2118372 loops=1)
              Filter: (production_year > 1967)
              Rows Removed by Filter: 409940
Planning time: 0.769 ms
Execution time: 3632.982 ms
