Seq Scan on cast_info ci  (cost=0.00..705507.15 rows=18476311 width=0) (actual time=0.030..11780.502 rows=18380386 loops=1)
  Filter: (person_id < 1826750)
  Rows Removed by Filter: 17863958
Planning time: 5.116 ms
Execution time: 13914.531 ms
