Hash Join  (cost=245423.63..716923.63 rows=3660872 width=0) (actual time=5159.920..19338.558 rows=16915395 loops=1)
  Hash Cond: (mi.movie_id = t.id)
  ->  Seq Scan on movie_info mi  (cost=0.00..346232.03 rows=7235534 width=4) (actual time=47.262..6541.379 rows=7286865 loops=1)
        Filter: (info_type_id < 8)
        Rows Removed by Filter: 7548855
  ->  Hash  (cost=224434.05..224434.05 rows=1279327 width=8) (actual time=5078.967..5078.967 rows=1288736 loops=1)
        Buckets: 131072  Batches: 32  Memory Usage: 2669kB
        ->  Hash Join  (cost=102767.86..224434.05 rows=1279327 width=8) (actual time=1918.800..4705.118 rows=1288736 loops=1)
              Hash Cond: (mk.movie_id = t.id)
              ->  Seq Scan on movie_keyword mk  (cost=0.00..81003.12 rows=1279327 width=4) (actual time=0.029..1400.599 rows=1288736 loops=1)
                    Filter: (keyword_id > 13717)
                    Rows Removed by Filter: 3235194
              ->  Hash  (cost=61283.27..61283.27 rows=2528527 width=4) (actual time=1917.035..1917.035 rows=2528312 loops=1)
                    Buckets: 131072  Batches: 64  Memory Usage: 2425kB
                    ->  Seq Scan on title t  (cost=0.00..61283.27 rows=2528527 width=4) (actual time=0.017..1046.810 rows=2528312 loops=1)
Planning time: 1.096 ms
Execution time: 21178.417 ms
