Hash Join  (cost=211633.75..639741.13 rows=540925 width=0) (actual time=7799.118..16583.622 rows=11215042 loops=1)
  Hash Cond: (mi.movie_id = t.id)
  ->  Seq Scan on movie_info mi  (cost=0.00..346232.03 rows=5897221 width=4) (actual time=2348.745..5995.636 rows=5884963 loops=1)
        Filter: (info_type_id < 7)
        Rows Removed by Filter: 8950757
  ->  Hash  (cost=207828.62..207828.62 rows=231930 width=8) (actual time=5350.321..5350.321 rows=1033264 loops=1)
        Buckets: 131072 (originally 131072)  Batches: 16 (originally 4)  Memory Usage: 3693kB
        ->  Hash Join  (cost=76259.21..207828.62 rows=231930 width=8) (actual time=1263.858..5010.559 rows=1033264 loops=1)
              Hash Cond: (mk.movie_id = t.id)
              ->  Seq Scan on movie_keyword mk  (cost=0.00..81003.12 rows=4124532 width=4) (actual time=0.028..1837.947 rows=4130002 loops=1)
                    Filter: (keyword_id < 43782)
                    Rows Removed by Filter: 393928
              ->  Hash  (cost=73925.90..73925.90 rows=142184 width=4) (actual time=1263.113..1263.113 rows=278391 loops=1)
                    Buckets: 131072 (originally 131072)  Batches: 4 (originally 2)  Memory Usage: 3477kB
                    ->  Seq Scan on title t  (cost=0.00..73925.90 rows=142184 width=4) (actual time=0.018..1162.886 rows=278391 loops=1)
                          Filter: ((production_year < 1982) AND (kind_id = 1))
                          Rows Removed by Filter: 2249921
Planning time: 9.543 ms
Execution time: 17804.171 ms
