Hash Join  (cost=182100.35..273936.25 rows=1217637 width=0) (actual time=4170.645..7821.942 rows=3472312 loops=1)
  Hash Cond: (mc.movie_id = t.id)
  ->  Seq Scan on movie_companies mc  (cost=0.00..44881.29 rows=2609129 width=4) (actual time=0.030..990.590 rows=2609129 loops=1)
  ->  Hash  (cost=162740.07..162740.07 rows=1180022 width=8) (actual time=4169.815..4169.815 rows=1209704 loops=1)
        Buckets: 131072  Batches: 16  Memory Usage: 3984kB
        ->  Hash Join  (cost=103076.32..162740.07 rows=1180022 width=8) (actual time=2078.876..3839.907 rows=1209704 loops=1)
              Hash Cond: (mi_idx.movie_id = t.id)
              ->  Seq Scan on movie_info_idx mi_idx  (cost=0.00..21735.35 rows=1380035 width=4) (actual time=0.031..449.569 rows=1380035 loops=1)
              ->  Hash  (cost=67604.59..67604.59 rows=2162059 width=4) (actual time=2078.045..2078.045 rows=2159747 loops=1)
                    Buckets: 131072  Batches: 32  Memory Usage: 3400kB
                    ->  Seq Scan on title t  (cost=0.00..67604.59 rows=2162059 width=4) (actual time=0.016..1374.647 rows=2159747 loops=1)
                          Filter: (production_year > 1964)
                          Rows Removed by Filter: 368565
Planning time: 1.134 ms
Execution time: 8248.267 ms
