Hash Join  (cost=74188.74..440070.36 rows=122569 width=0) (actual time=1186.074..10230.188 rows=854217 loops=1)
  Hash Cond: (mi.movie_id = t.id)
  ->  Seq Scan on movie_info mi  (cost=0.00..309384.22 rows=14739122 width=4) (actual time=0.019..4511.294 rows=14835720 loops=1)
  ->  Hash  (cost=73925.90..73925.90 rows=21027 width=4) (actual time=1181.394..1181.394 rows=77864 loops=1)
        Buckets: 131072 (originally 32768)  Batches: 1 (originally 1)  Memory Usage: 3762kB
        ->  Seq Scan on title t  (cost=0.00..73925.90 rows=21027 width=4) (actual time=578.384..1152.069 rows=77864 loops=1)
              Filter: ((production_year < 1918) AND (kind_id = 1))
              Rows Removed by Filter: 2450448
Planning time: 0.799 ms
Execution time: 10341.975 ms
