Hash Join  (cost=74200.80..440138.67 rows=128194 width=0) (actual time=1177.500..8316.443 rows=478 loops=1)
  Hash Cond: (mi.movie_id = t.id)
  ->  Seq Scan on movie_info mi  (cost=0.00..309384.22 rows=14739122 width=4) (actual time=0.015..4353.474 rows=14835720 loops=1)
  ->  Hash  (cost=73925.90..73925.90 rows=21992 width=4) (actual time=1162.697..1162.697 rows=70 loops=1)
        Buckets: 32768  Batches: 1  Memory Usage: 259kB
        ->  Seq Scan on title t  (cost=0.00..73925.90 rows=21992 width=4) (actual time=199.178..1162.602 rows=70 loops=1)
              Filter: ((production_year < 1978) AND (kind_id = 4))
              Rows Removed by Filter: 2528242
Planning time: 5.187 ms
Execution time: 8316.842 ms
