Hash Join  (cost=73950.44..100871.63 rows=1071 width=0) (actual time=1051.343..1572.696 rows=6016 loops=1)
  Hash Cond: (mi_idx.movie_id = t.id)
  ->  Seq Scan on movie_info_idx mi_idx  (cost=0.00..21735.35 rows=1380035 width=4) (actual time=0.019..314.540 rows=1380035 loops=1)
  ->  Hash  (cost=73925.90..73925.90 rows=1963 width=4) (actual time=993.522..993.522 rows=4514 loops=1)
        Buckets: 8192 (originally 2048)  Batches: 1 (originally 1)  Memory Usage: 223kB
        ->  Seq Scan on title t  (cost=0.00..73925.90 rows=1963 width=4) (actual time=0.063..988.339 rows=4514 loops=1)
              Filter: ((kind_id = 1) AND (production_year = 1984))
              Rows Removed by Filter: 2523798
Planning time: 0.763 ms
Execution time: 1573.708 ms
