Hash Join  (cost=102767.86..172702.64 rows=88483 width=0) (actual time=1974.762..3314.214 rows=142953 loops=1)
  Hash Cond: (mc.movie_id = t.id)
  ->  Seq Scan on movie_companies mc  (cost=0.00..57926.93 rows=88483 width=4) (actual time=76.526..855.795 rows=142953 loops=1)
        Filter: ((company_id < 41) AND (company_type_id = 1))
        Rows Removed by Filter: 2466176
  ->  Hash  (cost=61283.27..61283.27 rows=2528527 width=4) (actual time=1896.953..1896.953 rows=2528312 loops=1)
        Buckets: 131072  Batches: 64  Memory Usage: 2415kB
        ->  Seq Scan on title t  (cost=0.00..61283.27 rows=2528527 width=4) (actual time=0.015..1061.410 rows=2528312 loops=1)
Planning time: 1.760 ms
Execution time: 3331.293 ms
