Seq Scan on movie_keyword mk  (cost=0.00..81003.12 rows=246 width=0) (actual time=109.252..1303.468 rows=22 loops=1)
  Filter: (keyword_id = 34523)
  Rows Removed by Filter: 4523908
Planning time: 0.349 ms
Execution time: 1303.580 ms
