Nested Loop  (cost=0.43..83071.67 rows=246 width=0) (actual time=14.468..1252.282 rows=650 loops=1)
  ->  Seq Scan on movie_keyword mk  (cost=0.00..81003.12 rows=246 width=4) (actual time=14.356..1220.709 rows=650 loops=1)
        Filter: (keyword_id = 22164)
        Rows Removed by Filter: 4523280
  ->  Index Only Scan using title_pkey on title t  (cost=0.43..8.40 rows=1 width=4) (actual time=0.047..0.047 rows=1 loops=650)
        Index Cond: (id = mk.movie_id)
        Heap Fetches: 650
Planning time: 0.721 ms
Execution time: 1252.577 ms
