Seq Scan on cast_info ci  (cost=0.00..705507.15 rows=14362498 width=0) (actual time=0.020..12195.496 rows=14294566 loops=1)
  Filter: (person_id < 1407320)
  Rows Removed by Filter: 21949778
Planning time: 0.361 ms
Execution time: 13901.016 ms
