Seq Scan on title t  (cost=0.00..73925.90 rows=56068 width=0) (actual time=0.023..994.685 rows=48342 loops=1)
  Filter: ((kind_id < 4) AND (production_year = 2012))
  Rows Removed by Filter: 2479970
Planning time: 0.358 ms
Execution time: 1002.684 ms
