Hash Join  (cost=74730.49..163809.43 rows=51337 width=0) (actual time=1182.677..2692.972 rows=37259 loops=1)
  Hash Cond: (mk.movie_id = t.id)
  ->  Seq Scan on movie_keyword mk  (cost=0.00..81003.12 rows=2016651 width=4) (actual time=0.010..1176.263 rows=2021467 loops=1)
        Filter: (keyword_id > 6120)
        Rows Removed by Filter: 2502463
  ->  Hash  (cost=73925.90..73925.90 rows=64367 width=4) (actual time=1182.288..1182.288 rows=53905 loops=1)
        Buckets: 65536  Batches: 1  Memory Usage: 2408kB
        ->  Seq Scan on title t  (cost=0.00..73925.90 rows=64367 width=4) (actual time=0.124..1160.763 rows=53905 loops=1)
              Filter: ((kind_id < 7) AND (production_year = 2012))
              Rows Removed by Filter: 2474407
Planning time: 1.341 ms
Execution time: 2698.031 ms
