Hash Join  (cost=221210.51..1393070.90 rows=13439219 width=0) (actual time=5590.965..63040.618 rows=101957863 loops=1)
  Hash Cond: (ci.movie_id = t.id)
  ->  Seq Scan on cast_info ci  (cost=0.00..614943.12 rows=36225612 width=4) (actual time=0.021..13676.201 rows=36244344 loops=1)
  ->  Hash  (cost=205819.89..205819.89 rows=938050 width=8) (actual time=5589.929..5589.929 rows=2081439 loops=1)
        Buckets: 131072 (originally 131072)  Batches: 32 (originally 16)  Memory Usage: 3556kB
        ->  Hash Join  (cost=83810.17..205819.89 rows=938050 width=8) (actual time=1444.672..4996.198 rows=2081439 loops=1)
              Hash Cond: (mk.movie_id = t.id)
              ->  Seq Scan on movie_keyword mk  (cost=0.00..81003.12 rows=2401356 width=4) (actual time=0.025..1738.682 rows=2404204 loops=1)
                    Filter: (keyword_id < 5603)
                    Rows Removed by Filter: 2119726
              ->  Hash  (cost=67604.59..67604.59 rows=987727 width=4) (actual time=1443.609..1443.609 rows=985048 loops=1)
                    Buckets: 131072  Batches: 16  Memory Usage: 3197kB
                    ->  Seq Scan on title t  (cost=0.00..67604.59 rows=987727 width=4) (actual time=0.033..1135.969 rows=985048 loops=1)
                          Filter: (kind_id < 7)
                          Rows Removed by Filter: 1543264
Planning time: 1.929 ms
Execution time: 74541.670 ms
