Seq Scan on movie_companies mc  (cost=0.00..51404.11 rows=104 width=0) (actual time=1.424..825.389 rows=76 loops=1)
  Filter: (company_id = 27930)
  Rows Removed by Filter: 2609053
Planning time: 0.367 ms
Execution time: 825.501 ms
