Hash Join  (cost=88025.26..456527.22 rows=429647 width=0) (actual time=1589.012..8021.084 rows=737019 loops=1)
  Hash Cond: (mi.movie_id = t.id)
  ->  Seq Scan on movie_info mi  (cost=0.00..346232.03 rows=1264125 width=4) (actual time=0.021..5507.159 rows=1288928 loops=1)
        Filter: (info_type_id = 2)
        Rows Removed by Filter: 13546792
  ->  Hash  (cost=73925.90..73925.90 rows=859388 width=4) (actual time=1587.902..1587.902 rows=774344 loops=1)
        Buckets: 131072  Batches: 16  Memory Usage: 2737kB
        ->  Seq Scan on title t  (cost=0.00..73925.90 rows=859388 width=4) (actual time=0.032..1338.809 rows=774344 loops=1)
              Filter: ((kind_id < 7) AND (production_year > 1961))
              Rows Removed by Filter: 1753968
Planning time: 0.711 ms
Execution time: 8098.539 ms
