Seq Scan on movie_keyword mk  (cost=0.00..81003.12 rows=246 width=0) (actual time=47.043..1287.354 rows=46 loops=1)
  Filter: (keyword_id = 12780)
  Rows Removed by Filter: 4523884
Planning time: 3.391 ms
Execution time: 1287.488 ms
