Hash Join  (cost=102767.86..1119077.02 rows=8742153 width=0) (actual time=8634.472..29591.054 rows=12670688 loops=1)
  Hash Cond: (ci.movie_id = t.id)
  ->  Seq Scan on cast_info ci  (cost=0.00..796071.18 rows=8742153 width=4) (actual time=6538.797..16635.420 rows=12670688 loops=1)
        Filter: ((person_id < 2566764) AND (role_id = 1))
        Rows Removed by Filter: 23573656
  ->  Hash  (cost=61283.27..61283.27 rows=2528527 width=4) (actual time=2094.372..2094.372 rows=2528312 loops=1)
        Buckets: 131072  Batches: 64  Memory Usage: 2415kB
        ->  Seq Scan on title t  (cost=0.00..61283.27 rows=2528527 width=4) (actual time=0.021..1219.192 rows=2528312 loops=1)
Planning time: 0.789 ms
Execution time: 30955.421 ms
