Nested Loop  (cost=0.43..83071.67 rows=246 width=0) (actual time=0.150..1266.032 rows=3128 loops=1)
  ->  Seq Scan on movie_keyword mk  (cost=0.00..81003.12 rows=246 width=4) (actual time=0.089..1176.894 rows=3128 loops=1)
        Filter: (keyword_id = 4629)
        Rows Removed by Filter: 4520802
  ->  Index Only Scan using title_pkey on title t  (cost=0.43..8.40 rows=1 width=4) (actual time=0.027..0.028 rows=1 loops=3128)
        Index Cond: (id = mk.movie_id)
        Heap Fetches: 3128
Planning time: 0.801 ms
Execution time: 1267.075 ms
