Hash Join  (cost=74753.85..162596.96 rows=118507 width=0) (actual time=1214.170..3065.334 rows=34454 loops=1)
  Hash Cond: (mk.movie_id = t.id)
  ->  Seq Scan on movie_keyword mk  (cost=0.00..69693.30 rows=4523930 width=4) (actual time=0.023..964.837 rows=4523930 loops=1)
  ->  Hash  (cost=73925.90..73925.90 rows=66236 width=4) (actual time=1210.802..1210.802 rows=74971 loops=1)
        Buckets: 131072  Batches: 1  Memory Usage: 3660kB
        ->  Seq Scan on title t  (cost=0.00..73925.90 rows=66236 width=4) (actual time=0.018..1180.264 rows=74971 loops=1)
              Filter: ((kind_id > 4) AND (production_year = 2006))
              Rows Removed by Filter: 2453341
Planning time: 0.710 ms
Execution time: 3070.138 ms
