Hash Join  (cost=203195.58..1052985.16 rows=744826 width=0) (actual time=4922.067..19841.789 rows=576381 loops=1)
  Hash Cond: (ci.movie_id = t.id)
  ->  Seq Scan on cast_info ci  (cost=0.00..796071.18 rows=3835768 width=4) (actual time=1058.433..12508.949 rows=7784533 loops=1)
        Filter: ((person_id < 1061369) AND (role_id < 2))
        Rows Removed by Filter: 28459811
  ->  Hash  (cost=195140.25..195140.25 rows=490987 width=8) (actual time=3862.489..3862.489 rows=97993 loops=1)
        Buckets: 131072  Batches: 8  Memory Usage: 1508kB
        ->  Hash Join  (cost=92883.59..195140.25 rows=490987 width=8) (actual time=1797.055..3832.185 rows=97993 loops=1)
              Hash Cond: (mk.movie_id = t.id)
              ->  Seq Scan on movie_keyword mk  (cost=0.00..81003.12 rows=805733 width=4) (actual time=0.026..1372.751 rows=804289 loops=1)
                    Filter: (keyword_id < 782)
                    Rows Removed by Filter: 3719641
              ->  Hash  (cost=67604.59..67604.59 rows=1540800 width=4) (actual time=1796.044..1796.044 rows=1543264 loops=1)
                    Buckets: 131072  Batches: 32  Memory Usage: 2728kB
                    ->  Seq Scan on title t  (cost=0.00..67604.59 rows=1540800 width=4) (actual time=173.372..1288.880 rows=1543264 loops=1)
                          Filter: (kind_id = 7)
                          Rows Removed by Filter: 985048
Planning time: 1.408 ms
Execution time: 19898.134 ms
