Nested Loop  (cost=0.43..58358.39 rows=31 width=0) (actual time=596.641..966.946 rows=1 loops=1)
  ->  Seq Scan on movie_companies mc  (cost=0.00..57926.93 rows=51 width=4) (actual time=6.857..959.131 rows=205 loops=1)
        Filter: ((company_type_id < 2) AND (company_id = 460))
        Rows Removed by Filter: 2608924
  ->  Index Scan using title_pkey on title t  (cost=0.43..8.45 rows=1 width=4) (actual time=0.037..0.037 rows=0 loops=205)
        Index Cond: (id = mc.movie_id)
        Filter: (kind_id = 7)
        Rows Removed by Filter: 1
Planning time: 5.972 ms
Execution time: 967.097 ms
