Hash Join  (cost=102767.86..1005437.83 rows=4019495 width=0) (actual time=3402.535..22393.255 rows=4429326 loops=1)
  Hash Cond: (ci.movie_id = t.id)
  ->  Seq Scan on cast_info ci  (cost=0.00..796071.18 rows=4019495 width=4) (actual time=997.945..15640.774 rows=4429326 loops=1)
        Filter: ((person_id > 478647) AND (role_id > 9))
        Rows Removed by Filter: 31815018
  ->  Hash  (cost=61283.27..61283.27 rows=2528527 width=4) (actual time=2402.652..2402.652 rows=2528312 loops=1)
        Buckets: 131072  Batches: 64  Memory Usage: 2415kB
        ->  Seq Scan on title t  (cost=0.00..61283.27 rows=2528527 width=4) (actual time=0.016..1168.940 rows=2528312 loops=1)
Planning time: 0.737 ms
Execution time: 22846.657 ms
