Seq Scan on movie_keyword mk  (cost=0.00..81003.12 rows=4307555 width=0) (actual time=0.025..1587.087 rows=4305841 loops=1)
  Filter: (keyword_id < 65104)
  Rows Removed by Filter: 218089
Planning time: 0.327 ms
Execution time: 2119.815 ms
