Hash Join  (cost=193467.96..1310534.09 rows=8105296 width=0) (actual time=3622.057..36218.600 rows=9305014 loops=1)
  Hash Cond: (ci.movie_id = t.id)
  ->  Seq Scan on cast_info ci  (cost=0.00..614943.12 rows=36225612 width=4) (actual time=0.019..12751.348 rows=36244344 loops=1)
  ->  Hash  (cost=184186.15..184186.15 rows=565745 width=8) (actual time=3621.238..3621.238 rows=351149 loops=1)
        Buckets: 131072  Batches: 8  Memory Usage: 2740kB
        ->  Hash Join  (cost=102767.86..184186.15 rows=565745 width=8) (actual time=1912.353..3528.180 rows=351149 loops=1)
              Hash Cond: (mc.movie_id = t.id)
              ->  Seq Scan on movie_companies mc  (cost=0.00..57926.93 rows=565745 width=4) (actual time=0.027..946.023 rows=351149 loops=1)
                    Filter: ((company_id < 7642) AND (company_type_id > 1))
                    Rows Removed by Filter: 2257980
              ->  Hash  (cost=61283.27..61283.27 rows=2528527 width=4) (actual time=1910.370..1910.370 rows=2528312 loops=1)
                    Buckets: 131072  Batches: 64  Memory Usage: 2415kB
                    ->  Seq Scan on title t  (cost=0.00..61283.27 rows=2528527 width=4) (actual time=0.019..1074.299 rows=2528312 loops=1)
Planning time: 1.113 ms
Execution time: 37295.196 ms
