Hash Join  (cost=241528.94..1498347.29 rows=17301514 width=0) (actual time=5138.052..37089.249 rows=13011081 loops=1)
  Hash Cond: (ci.movie_id = t.id)
  ->  Seq Scan on cast_info ci  (cost=0.00..614943.12 rows=36225612 width=4) (actual time=0.024..13630.802 rows=36244344 loops=1)
  ->  Hash  (cost=221715.49..221715.49 rows=1207636 width=8) (actual time=5136.368..5136.368 rows=309184 loops=1)
        Buckets: 131072  Batches: 16  Memory Usage: 1805kB
        ->  Hash Join  (cost=85000.09..221715.49 rows=1207636 width=8) (actual time=2082.039..5046.369 rows=309184 loops=1)
              Hash Cond: (mk.movie_id = t.id)
              ->  Seq Scan on movie_keyword mk  (cost=0.00..69693.30 rows=4523930 width=4) (actual time=0.022..1389.608 rows=4523930 loops=1)
              ->  Hash  (cost=73925.90..73925.90 rows=674975 width=4) (actual time=1582.387..1582.387 rows=739679 loops=1)
                    Buckets: 131072  Batches: 16  Memory Usage: 2660kB
                    ->  Seq Scan on title t  (cost=0.00..73925.90 rows=674975 width=4) (actual time=0.021..1337.888 rows=739679 loops=1)
                          Filter: ((production_year > 2004) AND (kind_id = 7))
                          Rows Removed by Filter: 1788633
Planning time: 1.299 ms
Execution time: 38455.272 ms
