Nested Loop  (cost=0.43..83071.67 rows=246 width=0) (actual time=757.093..1277.965 rows=2 loops=1)
  ->  Seq Scan on movie_keyword mk  (cost=0.00..81003.12 rows=246 width=4) (actual time=757.019..1277.840 rows=2 loops=1)
        Filter: (keyword_id = 98183)
        Rows Removed by Filter: 4523928
  ->  Index Only Scan using title_pkey on title t  (cost=0.43..8.40 rows=1 width=4) (actual time=0.051..0.052 rows=1 loops=2)
        Index Cond: (id = mk.movie_id)
        Heap Fetches: 2
Planning time: 0.847 ms
Execution time: 1278.032 ms
