Hash Join  (cost=127914.90..613234.98 rows=970519 width=0) (actual time=2997.496..16877.492 rows=6771974 loops=1)
  Hash Cond: (mi.movie_id = t.id)
  ->  Seq Scan on movie_info mi  (cost=0.00..346232.03 rows=11115165 width=4) (actual time=0.022..7173.100 rows=11210743 loops=1)
        Filter: (info_type_id > 3)
        Rows Removed by Filter: 3624977
  ->  Hash  (cost=124292.18..124292.18 rows=220778 width=8) (actual time=2834.322..2834.322 rows=373634 loops=1)
        Buckets: 131072 (originally 131072)  Batches: 8 (originally 4)  Memory Usage: 3073kB
        ->  Hash Join  (cost=83934.33..124292.18 rows=220778 width=8) (actual time=1580.581..2711.361 rows=373634 loops=1)
              Hash Cond: (mi_idx.movie_id = t.id)
              ->  Seq Scan on movie_info_idx mi_idx  (cost=0.00..25185.44 rows=915101 width=4) (actual time=0.028..617.214 rows=919850 loops=1)
                    Filter: (info_type_id < 101)
                    Rows Removed by Filter: 460185
              ->  Hash  (cost=73925.90..73925.90 rows=610034 width=4) (actual time=1459.978..1459.978 rows=505176 loops=1)
                    Buckets: 131072  Batches: 8  Memory Usage: 3258kB
                    ->  Seq Scan on title t  (cost=0.00..73925.90 rows=610034 width=4) (actual time=592.291..1303.957 rows=505176 loops=1)
                          Filter: ((production_year > 1944) AND (kind_id = 1))
                          Rows Removed by Filter: 2023136
Planning time: 1.227 ms
Execution time: 17671.184 ms
