Seq Scan on movie_keyword mk  (cost=0.00..81003.12 rows=2953989 width=0) (actual time=0.024..1485.844 rows=2936500 loops=1)
  Filter: (keyword_id < 9790)
  Rows Removed by Filter: 1587430
Planning time: 0.326 ms
Execution time: 1855.973 ms
