Seq Scan on movie_keyword mk  (cost=0.00..81003.12 rows=303523 width=0) (actual time=0.030..1246.380 rows=299711 loops=1)
  Filter: (keyword_id > 53930)
  Rows Removed by Filter: 4224219
Planning time: 0.229 ms
Execution time: 1287.525 ms
