Seq Scan on movie_keyword mk  (cost=0.00..81003.12 rows=1278765 width=0) (actual time=0.031..1358.872 rows=1288250 loops=1)
  Filter: (keyword_id > 13726)
  Rows Removed by Filter: 3235680
Planning time: 0.306 ms
Execution time: 1522.078 ms
