Seq Scan on movie_keyword mk  (cost=0.00..81003.12 rows=246 width=0) (actual time=0.127..1223.615 rows=1625 loops=1)
  Filter: (keyword_id = 1064)
  Rows Removed by Filter: 4522305
Planning time: 0.364 ms
Execution time: 1224.231 ms
