Seq Scan on movie_companies mc  (cost=0.00..57926.93 rows=824757 width=0) (actual time=95.374..806.773 rows=617496 loops=1)
  Filter: ((company_id > 3266) AND (company_type_id < 2))
  Rows Removed by Filter: 1991633
Planning time: 0.325 ms
Execution time: 885.160 ms
