Hash Join  (cost=112411.32..189051.31 rows=115346 width=0) (actual time=2335.835..3954.523 rows=408494 loops=1)
  Hash Cond: (mc.movie_id = t.id)
  ->  Seq Scan on movie_companies mc  (cost=0.00..44881.29 rows=2609129 width=4) (actual time=0.027..606.492 rows=2609129 loops=1)
  ->  Hash  (cost=110577.04..110577.04 rows=111783 width=8) (actual time=2335.060..2335.060 rows=108609 loops=1)
        Buckets: 131072  Batches: 2  Memory Usage: 3135kB
        ->  Hash Join  (cost=70965.72..110577.04 rows=111783 width=8) (actual time=1201.795..2297.969 rows=108609 loops=1)
              Hash Cond: (mi_idx.movie_id = t.id)
              ->  Seq Scan on movie_info_idx mi_idx  (cost=0.00..21735.35 rows=1380035 width=4) (actual time=0.020..468.818 rows=1380035 loops=1)
              ->  Hash  (cost=67604.59..67604.59 rows=204811 width=4) (actual time=1200.821..1200.821 rows=202996 loops=1)
                    Buckets: 131072  Batches: 4  Memory Usage: 2808kB
                    ->  Seq Scan on title t  (cost=0.00..67604.59 rows=204811 width=4) (actual time=0.049..1133.486 rows=202996 loops=1)
                          Filter: (production_year < 1956)
                          Rows Removed by Filter: 2325316
Planning time: 1.132 ms
Execution time: 4003.427 ms
