Hash Join  (cost=102767.86..183388.24 rows=532520 width=0) (actual time=2424.208..3451.859 rows=247707 loops=1)
  Hash Cond: (mc.movie_id = t.id)
  ->  Seq Scan on movie_companies mc  (cost=0.00..57926.93 rows=532520 width=4) (actual time=510.658..909.576 rows=247707 loops=1)
        Filter: ((company_id > 14078) AND (company_type_id < 2))
        Rows Removed by Filter: 2361422
  ->  Hash  (cost=61283.27..61283.27 rows=2528527 width=4) (actual time=1912.660..1912.660 rows=2528312 loops=1)
        Buckets: 131072  Batches: 64  Memory Usage: 2415kB
        ->  Seq Scan on title t  (cost=0.00..61283.27 rows=2528527 width=4) (actual time=0.014..1061.318 rows=2528312 loops=1)
Planning time: 0.706 ms
Execution time: 3481.999 ms
