Seq Scan on movie_keyword mk  (cost=0.00..81003.12 rows=246 width=0) (actual time=0.257..1298.322 rows=2911 loops=1)
  Filter: (keyword_id = 788)
  Rows Removed by Filter: 4521019
Planning time: 0.365 ms
Execution time: 1299.263 ms
