Hash Join  (cost=183460.12..1299890.89 rows=8043361 width=0) (actual time=3195.410..33814.861 rows=5768324 loops=1)
  Hash Cond: (ci.movie_id = t.id)
  ->  Seq Scan on cast_info ci  (cost=0.00..614943.12 rows=36225612 width=4) (actual time=0.021..13014.416 rows=36244344 loops=1)
  ->  Hash  (cost=174248.34..174248.34 rows=561422 width=8) (actual time=3194.494..3194.494 rows=209211 loops=1)
        Buckets: 131072  Batches: 8  Memory Usage: 2039kB
        ->  Hash Join  (cost=92883.59..174248.34 rows=561422 width=8) (actual time=1572.487..3129.751 rows=209211 loops=1)
              Hash Cond: (mc.movie_id = t.id)
              ->  Seq Scan on movie_companies mc  (cost=0.00..57926.93 rows=921320 width=4) (actual time=136.429..1065.949 rows=602117 loops=1)
                    Filter: ((company_id < 29535) AND (company_type_id > 1))
                    Rows Removed by Filter: 2007012
              ->  Hash  (cost=67604.59..67604.59 rows=1540800 width=4) (actual time=1345.454..1345.454 rows=1543264 loops=1)
                    Buckets: 131072  Batches: 32  Memory Usage: 2722kB
                    ->  Seq Scan on title t  (cost=0.00..67604.59 rows=1540800 width=4) (actual time=181.575..906.635 rows=1543264 loops=1)
                          Filter: (kind_id = 7)
                          Rows Removed by Filter: 985048
Planning time: 7.565 ms
Execution time: 34512.536 ms
