Hash Join  (cost=184485.91..1292603.21 rows=7234114 width=0) (actual time=3789.045..38496.101 rows=14823074 loops=1)
  Hash Cond: (ci.movie_id = t.id)
  ->  Seq Scan on cast_info ci  (cost=0.00..614943.12 rows=36225612 width=4) (actual time=0.017..13319.993 rows=36244344 loops=1)
  ->  Hash  (cost=176201.20..176201.20 rows=504937 width=8) (actual time=3788.209..3788.209 rows=501432 loops=1)
        Buckets: 131072  Batches: 8  Memory Usage: 3478kB
        ->  Hash Join  (cost=102767.86..176201.20 rows=504937 width=8) (actual time=1913.851..3636.614 rows=501432 loops=1)
              Hash Cond: (mc.movie_id = t.id)
              ->  Seq Scan on movie_companies mc  (cost=0.00..51404.11 rows=504937 width=4) (actual time=0.023..877.225 rows=501432 loops=1)
                    Filter: (company_id < 452)
                    Rows Removed by Filter: 2107697
              ->  Hash  (cost=61283.27..61283.27 rows=2528527 width=4) (actual time=1911.470..1911.470 rows=2528312 loops=1)
                    Buckets: 131072  Batches: 64  Memory Usage: 2415kB
                    ->  Seq Scan on title t  (cost=0.00..61283.27 rows=2528527 width=4) (actual time=0.018..1066.309 rows=2528312 loops=1)
Planning time: 6.244 ms
Execution time: 40244.689 ms
