Hash Join  (cost=102767.86..204385.20 rows=446167 width=0) (actual time=1967.201..4131.049 rows=444557 loops=1)
  Hash Cond: (mk.movie_id = t.id)
  ->  Seq Scan on movie_keyword mk  (cost=0.00..81003.12 rows=446167 width=4) (actual time=0.033..1448.692 rows=444557 loops=1)
        Filter: (keyword_id > 39825)
        Rows Removed by Filter: 4079373
  ->  Hash  (cost=61283.27..61283.27 rows=2528527 width=4) (actual time=1966.348..1966.348 rows=2528312 loops=1)
        Buckets: 131072  Batches: 64  Memory Usage: 2425kB
        ->  Seq Scan on title t  (cost=0.00..61283.27 rows=2528527 width=4) (actual time=0.017..1081.716 rows=2528312 loops=1)
Planning time: 0.738 ms
Execution time: 4182.164 ms
