Hash Join  (cost=1018504.83..4309533.44 rows=168690158 width=0) (actual time=26058.174..150727.569 rows=351062162 loops=1)
  Hash Cond: (ci.movie_id = t.id)
  ->  Seq Scan on cast_info ci  (cost=0.00..705507.15 rows=28939147 width=4) (actual time=0.021..16385.610 rows=28895118 loops=1)
        Filter: (person_id < 2935333)
        Rows Removed by Filter: 7349226
  ->  Hash  (cost=776690.81..776690.81 rows=14739122 width=8) (actual time=26054.769..26054.769 rows=14835720 loops=1)
        Buckets: 131072  Batches: 256  Memory Usage: 3268kB
        ->  Hash Join  (cost=102767.86..776690.81 rows=14739122 width=8) (actual time=1973.059..21414.728 rows=14835720 loops=1)
              Hash Cond: (mi.movie_id = t.id)
              ->  Seq Scan on movie_info mi  (cost=0.00..309384.22 rows=14739122 width=4) (actual time=0.009..6071.219 rows=14835720 loops=1)
              ->  Hash  (cost=61283.27..61283.27 rows=2528527 width=4) (actual time=1971.513..1971.513 rows=2528312 loops=1)
                    Buckets: 131072  Batches: 64  Memory Usage: 2425kB
                    ->  Seq Scan on title t  (cost=0.00..61283.27 rows=2528527 width=4) (actual time=0.019..1119.212 rows=2528312 loops=1)
Planning time: 1.482 ms
Execution time: 189987.393 ms
