Nested Loop  (cost=0.43..58375.18 rows=53 width=0) (actual time=1.375..948.945 rows=160 loops=1)
  ->  Seq Scan on movie_companies mc  (cost=0.00..57926.93 rows=53 width=4) (actual time=1.311..936.076 rows=160 loops=1)
        Filter: ((company_id = 71360) AND (company_type_id = 2))
        Rows Removed by Filter: 2608969
  ->  Index Only Scan using title_pkey on title t  (cost=0.43..8.45 rows=1 width=4) (actual time=0.078..0.079 rows=1 loops=160)
        Index Cond: (id = mc.movie_id)
        Heap Fetches: 160
Planning time: 0.732 ms
Execution time: 949.080 ms
