Hash Join  (cost=86138.21..995287.55 rows=2235667 width=0) (actual time=1672.436..24963.323 rows=3713256 loops=1)
  Hash Cond: (ci.movie_id = t.id)
  ->  Seq Scan on cast_info ci  (cost=0.00..796071.18 rows=7594532 width=4) (actual time=0.017..15861.236 rows=12670688 loops=1)
        Filter: ((person_id < 2176997) AND (role_id = 1))
        Rows Removed by Filter: 23573656
  ->  Hash  (cost=73925.90..73925.90 rows=744344 width=4) (actual time=1671.392..1671.392 rows=796638 loops=1)
        Buckets: 131072  Batches: 16  Memory Usage: 2779kB
        ->  Seq Scan on title t  (cost=0.00..73925.90 rows=744344 width=4) (actual time=0.013..1426.359 rows=796638 loops=1)
              Filter: ((kind_id > 1) AND (production_year > 2005))
              Rows Removed by Filter: 1731674
Planning time: 0.578 ms
Execution time: 25391.468 ms
