Hash Join  (cost=160998.34..522741.88 rows=17054 width=0) (actual time=5848.347..8912.904 rows=328040 loops=1)
  Hash Cond: (mi.movie_id = t.id)
  ->  Seq Scan on movie_info mi  (cost=0.00..346232.03 rows=3068194 width=4) (actual time=1779.396..5207.771 rows=3036719 loops=1)
        Filter: (info_type_id = 16)
        Rows Removed by Filter: 11799001
  ->  Hash  (cost=160822.67..160822.67 rows=14054 width=8) (actual time=3041.455..3041.455 rows=34830 loops=1)
        Buckets: 65536 (originally 16384)  Batches: 1 (originally 1)  Memory Usage: 1873kB
        ->  Hash Join  (cost=74024.09..160822.67 rows=14054 width=8) (actual time=1167.314..3027.497 rows=34830 loops=1)
              Hash Cond: (mk.movie_id = t.id)
              ->  Seq Scan on movie_keyword mk  (cost=0.00..69693.30 rows=4523930 width=4) (actual time=0.032..1050.818 rows=4523930 loops=1)
              ->  Hash  (cost=73925.90..73925.90 rows=7855 width=4) (actual time=1159.284..1159.284 rows=5336 loops=1)
                    Buckets: 8192  Batches: 1  Memory Usage: 252kB
                    ->  Seq Scan on title t  (cost=0.00..73925.90 rows=7855 width=4) (actual time=320.694..1156.839 rows=5336 loops=1)
                          Filter: ((kind_id = 1) AND (production_year = 1994))
                          Rows Removed by Filter: 2522976
Planning time: 1.136 ms
Execution time: 8954.831 ms
