Hash Join  (cost=78556.72..160894.72 rows=526508 width=0) (actual time=1461.849..4428.824 rows=972019 loops=1)
  Hash Cond: (mc.movie_id = t.id)
  ->  Seq Scan on movie_companies mc  (cost=0.00..51404.11 rows=1994347 width=4) (actual time=0.023..1244.384 rows=1990040 loops=1)
        Filter: (company_id < 62541)
        Rows Removed by Filter: 619089
  ->  Hash  (cost=67604.59..67604.59 rows=667531 width=4) (actual time=1460.934..1460.934 rows=662825 loops=1)
        Buckets: 131072  Batches: 16  Memory Usage: 2476kB
        ->  Seq Scan on title t  (cost=0.00..67604.59 rows=667531 width=4) (actual time=83.159..1249.353 rows=662825 loops=1)
              Filter: (kind_id = 1)
              Rows Removed by Filter: 1865487
Planning time: 0.717 ms
Execution time: 4549.277 ms
