Hash Join  (cost=180401.51..221877.88 rows=220489 width=0) (actual time=3756.721..5027.845 rows=588007 loops=1)
  Hash Cond: (mi_idx.movie_id = t.id)
  ->  Seq Scan on movie_info_idx mi_idx  (cost=0.00..21735.35 rows=1380035 width=4) (actual time=0.020..494.521 rows=1380035 loops=1)
  ->  Hash  (cost=173772.71..173772.71 rows=403984 width=8) (actual time=3755.854..3755.854 rows=403659 loops=1)
        Buckets: 131072  Batches: 8  Memory Usage: 2998kB
        ->  Hash Join  (cost=102767.86..173772.71 rows=403984 width=8) (actual time=1954.289..3631.356 rows=403659 loops=1)
              Hash Cond: (mc.movie_id = t.id)
              ->  Seq Scan on movie_companies mc  (cost=0.00..51404.11 rows=403984 width=4) (actual time=0.012..899.508 rows=403659 loops=1)
                    Filter: (company_id < 258)
                    Rows Removed by Filter: 2205470
              ->  Hash  (cost=61283.27..61283.27 rows=2528527 width=4) (actual time=1952.918..1952.918 rows=2528312 loops=1)
                    Buckets: 131072  Batches: 64  Memory Usage: 2415kB
                    ->  Seq Scan on title t  (cost=0.00..61283.27 rows=2528527 width=4) (actual time=0.019..1096.269 rows=2528312 loops=1)
Planning time: 1.155 ms
Execution time: 5096.194 ms
