Hash Join  (cost=83810.17..237544.70 rows=1739222 width=0) (actual time=1604.232..6677.336 rows=3807371 loops=1)
  Hash Cond: (mk.movie_id = t.id)
  ->  Seq Scan on movie_keyword mk  (cost=0.00..81003.12 rows=4452314 width=4) (actual time=0.026..1920.808 rows=4452832 loops=1)
        Filter: (keyword_id < 90812)
        Rows Removed by Filter: 71098
  ->  Hash  (cost=67604.59..67604.59 rows=987727 width=4) (actual time=1603.165..1603.165 rows=985048 loops=1)
        Buckets: 131072  Batches: 16  Memory Usage: 3197kB
        ->  Seq Scan on title t  (cost=0.00..67604.59 rows=987727 width=4) (actual time=0.027..1274.412 rows=985048 loops=1)
              Filter: (kind_id < 7)
              Rows Removed by Filter: 1543264
Planning time: 0.854 ms
Execution time: 7089.547 ms
