Hash Join  (cost=451846.05..1318286.64 rows=1279372 width=0) (actual time=13300.117..27717.881 rows=2441195 loops=1)
  Hash Cond: (ci.movie_id = t.id)
  ->  Seq Scan on cast_info ci  (cost=0.00..705507.15 rows=12726058 width=4) (actual time=5852.581..13953.793 rows=12670688 loops=1)
        Filter: (role_id < 2)
        Rows Removed by Filter: 23573656
  ->  Hash  (cost=447675.59..447675.59 rows=254197 width=8) (actual time=7446.690..7446.690 rows=422359 loops=1)
        Buckets: 131072 (originally 131072)  Batches: 8 (originally 4)  Memory Usage: 3082kB
        ->  Hash Join  (cost=82213.80..447675.59 rows=254197 width=8) (actual time=5648.236..7319.894 rows=422359 loops=1)
              Hash Cond: (mi.movie_id = t.id)
              ->  Seq Scan on movie_info mi  (cost=0.00..346232.03 rows=1272478 width=4) (actual time=4327.953..5232.146 rows=1325361 loops=1)
                    Filter: (info_type_id = 8)
                    Rows Removed by Filter: 13510359
              ->  Hash  (cost=73925.90..73925.90 rows=505112 width=4) (actual time=1319.367..1319.367 rows=392485 loops=1)
                    Buckets: 131072  Batches: 8  Memory Usage: 2755kB
                    ->  Seq Scan on title t  (cost=0.00..73925.90 rows=505112 width=4) (actual time=0.030..1193.114 rows=392485 loops=1)
                          Filter: ((kind_id < 4) AND (production_year > 1998))
                          Rows Removed by Filter: 2135827
Planning time: 1.552 ms
Execution time: 27990.933 ms
