Hash Join  (cost=84084.73..167942.49 rows=638924 width=0) (actual time=1493.824..4081.139 rows=1337670 loops=1)
  Hash Cond: (mc.movie_id = t.id)
  ->  Seq Scan on movie_companies mc  (cost=0.00..44881.29 rows=2609129 width=4) (actual time=0.016..925.300 rows=2609129 loops=1)
  ->  Hash  (cost=73925.90..73925.90 rows=619186 width=4) (actual time=1493.006..1493.006 rows=634771 loops=1)
        Buckets: 131072  Batches: 16  Memory Usage: 2418kB
        ->  Seq Scan on title t  (cost=0.00..73925.90 rows=619186 width=4) (actual time=0.026..1291.345 rows=634771 loops=1)
              Filter: ((kind_id < 3) AND (production_year < 2011))
              Rows Removed by Filter: 1893541
Planning time: 0.746 ms
Execution time: 4232.342 ms
