Seq Scan on cast_info ci  (cost=0.00..705507.15 rows=500 width=0) (actual time=91.451..10962.066 rows=28 loops=1)
  Filter: (person_id = 165040)
  Rows Removed by Filter: 36244316
Planning time: 2.606 ms
Execution time: 10962.146 ms
