Seq Scan on cast_info ci  (cost=0.00..796071.18 rows=11150260 width=0) (actual time=7333.338..16665.497 rows=12670688 loops=1)
  Filter: ((person_id < 3236934) AND (role_id < 2))
  Rows Removed by Filter: 23573656
Planning time: 0.346 ms
Execution time: 18228.835 ms
