Seq Scan on movie_keyword mk  (cost=0.00..81003.12 rows=2228926 width=0) (actual time=0.020..1326.945 rows=2223200 loops=1)
  Filter: (keyword_id < 4551)
  Rows Removed by Filter: 2300730
Planning time: 6.697 ms
Execution time: 1604.495 ms
