Seq Scan on movie_keyword mk  (cost=0.00..81003.12 rows=3029071 width=0) (actual time=0.019..1507.338 rows=3009453 loops=1)
  Filter: (keyword_id < 10690)
  Rows Removed by Filter: 1514477
Planning time: 0.245 ms
Execution time: 1867.167 ms
