Hash Join  (cost=78556.72..879213.64 rows=36759 width=0) (actual time=12698.921..14197.422 rows=21329 loops=1)
  Hash Cond: (ci.movie_id = t.id)
  ->  Seq Scan on cast_info ci  (cost=0.00..796071.18 rows=139240 width=4) (actual time=11368.952..12716.039 rows=54717 loops=1)
        Filter: ((person_id < 1411388) AND (role_id > 10))
        Rows Removed by Filter: 36189627
  ->  Hash  (cost=67604.59..67604.59 rows=667531 width=4) (actual time=1328.844..1328.844 rows=662825 loops=1)
        Buckets: 131072  Batches: 16  Memory Usage: 2476kB
        ->  Seq Scan on title t  (cost=0.00..67604.59 rows=667531 width=4) (actual time=0.039..1114.745 rows=662825 loops=1)
              Filter: (kind_id = 1)
              Rows Removed by Filter: 1865487
Planning time: 0.825 ms
Execution time: 14200.295 ms
