Hash Join  (cost=118924.80..1205209.52 rows=1095050 width=0) (actual time=2478.803..32412.726 rows=4236542 loops=1)
  Hash Cond: (ci.movie_id = t.id)
  ->  Seq Scan on cast_info ci  (cost=0.00..796071.18 rows=24113607 width=4) (actual time=0.017..17948.208 rows=23534365 loops=1)
        Filter: ((person_id > 826932) AND (role_id < 10))
        Rows Removed by Filter: 12709979
  ->  Hash  (cost=117040.47..117040.47 rows=114826 width=8) (actual time=2477.943..2477.943 rows=261505 loops=1)
        Buckets: 131072 (originally 131072)  Batches: 4 (originally 2)  Memory Usage: 3585kB
        ->  Hash Join  (cost=77377.73..117040.47 rows=114826 width=8) (actual time=1276.683..2395.301 rows=261505 loops=1)
              Hash Cond: (mi_idx.movie_id = t.id)
              ->  Seq Scan on movie_info_idx mi_idx  (cost=0.00..21735.35 rows=1380035 width=4) (actual time=0.021..471.732 rows=1380035 loops=1)
              ->  Hash  (cost=73925.90..73925.90 rows=210386 width=4) (actual time=1275.965..1275.965 rows=320579 loops=1)
                    Buckets: 131072  Batches: 4  Memory Usage: 3842kB
                    ->  Seq Scan on title t  (cost=0.00..73925.90 rows=210386 width=4) (actual time=0.013..1169.955 rows=320579 loops=1)
                          Filter: ((kind_id < 7) AND (production_year < 1982))
                          Rows Removed by Filter: 2207733
Planning time: 1.280 ms
Execution time: 32894.626 ms
