Seq Scan on cast_info ci  (cost=0.00..796071.18 rows=11379490 width=0) (actual time=6805.795..16654.869 rows=12670688 loops=1)
  Filter: ((person_id < 3351546) AND (role_id < 2))
  Rows Removed by Filter: 23573656
Planning time: 0.359 ms
Execution time: 18233.832 ms
