Seq Scan on movie_companies mc  (cost=0.00..57926.93 rows=899522 width=0) (actual time=422.281..846.778 rows=578237 loops=1)
  Filter: ((company_id < 24860) AND (company_type_id > 1))
  Rows Removed by Filter: 2030892
Planning time: 0.328 ms
Execution time: 906.254 ms
