Hash Join  (cost=93408.25..256576.17 rows=2484406 width=0) (actual time=4642.390..13608.809 rows=2088250 loops=1)
  Hash Cond: (mk.movie_id = t.id)
  ->  Seq Scan on movie_keyword mk  (cost=0.00..81003.12 rows=3994148 width=4) (actual time=0.020..5026.245 rows=4005049 loops=1)
        Filter: (keyword_id < 34879)
        Rows Removed by Filter: 518881
  ->  Hash  (cost=67604.59..67604.59 rows=1572773 width=4) (actual time=4636.627..4636.627 rows=1570568 loops=1)
        Buckets: 131072  Batches: 32  Memory Usage: 2759kB
        ->  Seq Scan on title t  (cost=0.00..67604.59 rows=1572773 width=4) (actual time=0.026..3940.009 rows=1570568 loops=1)
              Filter: (production_year > 1996)
              Rows Removed by Filter: 957744
Planning time: 0.644 ms
Execution time: 13908.470 ms
