Hash Join  (cost=542515.92..715321.50 rows=3705763 width=0) (actual time=10910.624..20223.436 rows=27055471 loops=1)
  Hash Cond: (mk.movie_id = t.id)
  ->  Seq Scan on movie_keyword mk  (cost=0.00..69693.30 rows=4523930 width=4) (actual time=0.017..1354.999 rows=4523930 loops=1)
  ->  Hash  (cost=508534.48..508534.48 rows=2071235 width=8) (actual time=10908.417..10908.417 rows=2168947 loops=1)
        Buckets: 131072  Batches: 32  Memory Usage: 3748kB
        ->  Hash Join  (cost=95609.14..508534.48 rows=2071235 width=8) (actual time=5117.807..10293.229 rows=2168947 loops=1)
              Hash Cond: (mi.movie_id = t.id)
              ->  Seq Scan on movie_info mi  (cost=0.00..346232.03 rows=3068194 width=4) (actual time=2924.594..5700.810 rows=3036719 loops=1)
                    Filter: (info_type_id = 16)
                    Rows Removed by Filter: 11799001
              ->  Hash  (cost=67604.59..67604.59 rows=1706924 width=4) (actual time=2191.689..2191.689 rows=1700316 loops=1)
                    Buckets: 131072  Batches: 32  Memory Usage: 2903kB
                    ->  Seq Scan on title t  (cost=0.00..67604.59 rows=1706924 width=4) (actual time=0.036..1307.568 rows=1700316 loops=1)
                          Filter: (production_year > 1992)
                          Rows Removed by Filter: 827996
Planning time: 1.176 ms
Execution time: 23150.035 ms
