Seq Scan on movie_keyword mk  (cost=0.00..81003.12 rows=1324437 width=0) (actual time=0.490..1392.129 rows=1340785 loops=1)
  Filter: (keyword_id < 1749)
  Rows Removed by Filter: 3183145
Planning time: 1.467 ms
Execution time: 1560.259 ms
