Hash Join  (cost=28269.54..392938.64 rows=1319 width=0) (actual time=403.728..6294.131 rows=80402 loops=1)
  Hash Cond: (mi.movie_id = t.id)
  ->  Seq Scan on movie_info mi  (cost=0.00..309384.22 rows=14739122 width=4) (actual time=0.013..3298.928 rows=14835720 loops=1)
  ->  Hash  (cost=28266.72..28266.72 rows=226 width=8) (actual time=402.735..402.735 rows=219 loops=1)
        Buckets: 1024  Batches: 1  Memory Usage: 17kB
        ->  Nested Loop  (cost=0.43..28266.72 rows=226 width=8) (actual time=224.936..402.617 rows=219 loops=1)
              ->  Seq Scan on movie_info_idx mi_idx  (cost=0.00..25185.44 rows=368 width=4) (actual time=224.879..397.781 rows=260 loops=1)
                    Filter: (info_type_id > 101)
                    Rows Removed by Filter: 1379775
              ->  Index Scan using title_pkey on title t  (cost=0.43..8.36 rows=1 width=4) (actual time=0.018..0.018 rows=1 loops=260)
                    Index Cond: (id = mi_idx.movie_id)
                    Filter: (production_year < 2007)
                    Rows Removed by Filter: 0
Planning time: 0.718 ms
Execution time: 6302.459 ms
