Hash Join  (cost=174403.47..1117221.28 rows=2746796 width=0) (actual time=22521.281..73996.804 rows=16967641 loops=1)
  Hash Cond: (ci.movie_id = t.id)
  ->  Seq Scan on cast_info ci  (cost=0.00..796071.18 rows=10083110 width=4) (actual time=12139.052..48275.304 rows=12336710 loops=1)
        Filter: ((person_id > 1343956) AND (role_id > 2))
        Rows Removed by Filter: 23907634
  ->  Hash  (cost=163102.35..163102.35 rows=688810 width=8) (actual time=10381.320..10381.320 rows=1307690 loops=1)
        Buckets: 131072 (originally 131072)  Batches: 32 (originally 16)  Memory Usage: 3073kB
        ->  Hash Join  (cost=78556.72..163102.35 rows=688810 width=8) (actual time=3918.478..9956.042 rows=1307690 loops=1)
              Hash Cond: (mc.movie_id = t.id)
              ->  Seq Scan on movie_companies mc  (cost=0.00..44881.29 rows=2609129 width=4) (actual time=0.032..3465.698 rows=2609129 loops=1)
              ->  Hash  (cost=67604.59..67604.59 rows=667531 width=4) (actual time=3917.431..3917.431 rows=662825 loops=1)
                    Buckets: 131072  Batches: 16  Memory Usage: 2476kB
                    ->  Seq Scan on title t  (cost=0.00..67604.59 rows=667531 width=4) (actual time=1036.283..3632.525 rows=662825 loops=1)
                          Filter: (kind_id = 1)
                          Rows Removed by Filter: 1865487
Planning time: 8.560 ms
Execution time: 76363.635 ms
