Hash Join  (cost=163350.07..529657.98 rows=165197 width=0) (actual time=2436.727..10542.456 rows=1684412 loops=1)
  Hash Cond: (mi.movie_id = t.id)
  ->  Seq Scan on movie_info mi  (cost=0.00..309384.22 rows=14739122 width=4) (actual time=0.013..4291.572 rows=14835720 loops=1)
  ->  Hash  (cost=162995.82..162995.82 rows=28340 width=8) (actual time=2434.626..2434.626 rows=53964 loops=1)
        Buckets: 65536 (originally 32768)  Batches: 1 (originally 1)  Memory Usage: 2620kB
        ->  Hash Join  (cost=74384.48..162995.82 rows=28340 width=8) (actual time=1329.579..2421.573 rows=53964 loops=1)
              Hash Cond: (mk.movie_id = t.id)
              ->  Seq Scan on movie_keyword mk  (cost=0.00..81003.12 rows=1953284 width=4) (actual time=0.026..1034.274 rows=1962127 loops=1)
                    Filter: (keyword_id < 3430)
                    Rows Removed by Filter: 2561803
              ->  Hash  (cost=73925.90..73925.90 rows=36686 width=4) (actual time=1098.565..1098.565 rows=39125 loops=1)
                    Buckets: 65536  Batches: 1  Memory Usage: 1888kB
                    ->  Seq Scan on title t  (cost=0.00..73925.90 rows=36686 width=4) (actual time=214.253..1082.752 rows=39125 loops=1)
                          Filter: ((production_year < 2000) AND (kind_id = 2))
                          Rows Removed by Filter: 2489187
Planning time: 1.142 ms
Execution time: 10735.957 ms
