Hash Join  (cost=67697.55..432786.99 rows=43351 width=0) (actual time=4162.978..23776.998 rows=18982 loops=1)
  Hash Cond: (mi.movie_id = t.id)
  ->  Seq Scan on movie_info mi  (cost=0.00..309384.22 rows=14739122 width=4) (actual time=0.019..16573.502 rows=14835720 loops=1)
  ->  Hash  (cost=67604.59..67604.59 rows=7437 width=4) (actual time=3182.680..3182.680 rows=1799 loops=1)
        Buckets: 8192  Batches: 1  Memory Usage: 128kB
        ->  Seq Scan on title t  (cost=0.00..67604.59 rows=7437 width=4) (actual time=5.074..3181.621 rows=1799 loops=1)
              Filter: (production_year = 1902)
              Rows Removed by Filter: 2526513
Planning time: 0.738 ms
Execution time: 23780.928 ms
