Seq Scan on cast_info ci  (cost=0.00..705507.15 rows=500 width=0) (actual time=27761.038..29795.326 rows=13 loops=1)
  Filter: (person_id = 1372677)
  Rows Removed by Filter: 36244331
Planning time: 0.380 ms
Execution time: 29795.436 ms
