Hash Join  (cost=137413.28..259037.09 rows=346444 width=0) (actual time=6999.141..14465.012 rows=244011 loops=1)
  Hash Cond: (mk.movie_id = t.id)
  ->  Seq Scan on movie_keyword mk  (cost=0.00..81003.12 rows=3118466 width=4) (actual time=0.025..5482.522 rows=3104184 loops=1)
        Filter: (keyword_id < 11764)
        Rows Removed by Filter: 1419746
  ->  Hash  (cost=132803.96..132803.96 rows=280905 width=8) (actual time=6628.283..6628.283 rows=141906 loops=1)
        Buckets: 131072  Batches: 4  Memory Usage: 2413kB
        ->  Hash Join  (cost=92883.59..132803.96 rows=280905 width=8) (actual time=5007.916..6578.079 rows=141906 loops=1)
              Hash Cond: (mi_idx.movie_id = t.id)
              ->  Seq Scan on movie_info_idx mi_idx  (cost=0.00..25185.44 rows=460978 width=4) (actual time=0.025..1414.148 rows=459925 loops=1)
                    Filter: (info_type_id = 99)
                    Rows Removed by Filter: 920110
              ->  Hash  (cost=67604.59..67604.59 rows=1540800 width=4) (actual time=4556.722..4556.722 rows=1543264 loops=1)
                    Buckets: 131072  Batches: 32  Memory Usage: 2722kB
                    ->  Seq Scan on title t  (cost=0.00..67604.59 rows=1540800 width=4) (actual time=0.022..3924.007 rows=1543264 loops=1)
                          Filter: (kind_id = 7)
                          Rows Removed by Filter: 985048
Planning time: 1.226 ms
Execution time: 14511.449 ms
