Hash Join  (cost=83810.17..1039471.33 rows=3932642 width=0) (actual time=4383.263..61009.022 rows=6195020 loops=1)
  Hash Cond: (ci.movie_id = t.id)
  ->  Seq Scan on cast_info ci  (cost=0.00..796071.18 rows=10067347 width=4) (actual time=0.014..43316.057 rows=15639272 loops=1)
        Filter: ((person_id > 2073743) AND (role_id > 1))
        Rows Removed by Filter: 20605072
  ->  Hash  (cost=67604.59..67604.59 rows=987727 width=4) (actual time=4382.266..4382.266 rows=985048 loops=1)
        Buckets: 131072  Batches: 16  Memory Usage: 3188kB
        ->  Seq Scan on title t  (cost=0.00..67604.59 rows=987727 width=4) (actual time=0.026..3891.726 rows=985048 loops=1)
              Filter: (kind_id < 7)
              Rows Removed by Filter: 1543264
Planning time: 0.746 ms
Execution time: 61902.147 ms
