Hash Join  (cost=156327.70..651403.26 rows=1431064 width=0) (actual time=2606.289..16166.308 rows=5344174 loops=1)
  Hash Cond: (mi.movie_id = t.id)
  ->  Seq Scan on movie_info mi  (cost=0.00..309384.22 rows=14739122 width=4) (actual time=0.012..5677.354 rows=14835720 loops=1)
  ->  Hash  (cost=152299.92..152299.92 rows=245502 width=8) (actual time=2605.612..2605.612 rows=239298 loops=1)
        Buckets: 131072  Batches: 4  Memory Usage: 3371kB
        ->  Hash Join  (cost=78556.72..152299.92 rows=245502 width=8) (actual time=1351.396..2530.585 rows=239298 loops=1)
              Hash Cond: (mc.movie_id = t.id)
              ->  Seq Scan on movie_companies mc  (cost=0.00..57926.93 rows=929931 width=4) (actual time=0.034..900.423 rows=610329 loops=1)
                    Filter: ((company_id < 31460) AND (company_type_id = 2))
                    Rows Removed by Filter: 1998800
              ->  Hash  (cost=67604.59..67604.59 rows=667531 width=4) (actual time=1169.334..1169.334 rows=662825 loops=1)
                    Buckets: 131072  Batches: 16  Memory Usage: 2476kB
                    ->  Seq Scan on title t  (cost=0.00..67604.59 rows=667531 width=4) (actual time=0.022..967.128 rows=662825 loops=1)
                          Filter: (kind_id = 1)
                          Rows Removed by Filter: 1865487
Planning time: 1.202 ms
Execution time: 16799.584 ms
