Seq Scan on cast_info ci  (cost=0.00..705507.15 rows=8720135 width=0) (actual time=0.074..30170.813 rows=8724808 loops=1)
  Filter: (person_id > 2818007)
  Rows Removed by Filter: 27519536
Planning time: 0.287 ms
Execution time: 31914.372 ms
