Seq Scan on cast_info ci  (cost=0.00..796071.18 rows=4009918 width=0) (actual time=1545.021..35622.385 rows=8161804 loops=1)
  Filter: ((person_id < 1112100) AND (role_id = 1))
  Rows Removed by Filter: 28082540
Planning time: 0.371 ms
Execution time: 37083.048 ms
