Hash Join  (cost=74456.54..877200.42 rows=28594 width=0) (actual time=28993.601..42762.919 rows=47804 loops=1)
  Hash Cond: (ci.movie_id = t.id)
  ->  Seq Scan on cast_info ci  (cost=0.00..796071.18 rows=1703135 width=4) (actual time=25794.039..38227.508 rows=3483878 loops=1)
        Filter: ((person_id > 2217314) AND (role_id = 10))
        Rows Removed by Filter: 32760466
  ->  Hash  (cost=73925.90..73925.90 rows=42451 width=4) (actual time=3199.005..3199.005 rows=37610 loops=1)
        Buckets: 65536  Batches: 1  Memory Usage: 1835kB
        ->  Seq Scan on title t  (cost=0.00..73925.90 rows=42451 width=4) (actual time=0.111..3182.619 rows=37610 loops=1)
              Filter: ((kind_id < 3) AND (production_year = 2010))
              Rows Removed by Filter: 2490702
Planning time: 0.736 ms
Execution time: 42771.872 ms
