Hash Join  (cost=83074.74..109986.57 rows=134 width=0) (actual time=4805.123..5202.938 rows=9 loops=1)
  Hash Cond: (mi_idx.movie_id = t.id)
  ->  Seq Scan on movie_info_idx mi_idx  (cost=0.00..21735.35 rows=1380035 width=4) (actual time=0.016..895.257 rows=1380035 loops=1)
  ->  Hash  (cost=83071.67..83071.67 rows=246 width=8) (actual time=4001.019..4001.019 rows=3 loops=1)
        Buckets: 1024  Batches: 1  Memory Usage: 9kB
        ->  Nested Loop  (cost=0.43..83071.67 rows=246 width=8) (actual time=1723.918..4001.010 rows=3 loops=1)
              ->  Seq Scan on movie_keyword mk  (cost=0.00..81003.12 rows=246 width=4) (actual time=1723.816..4000.790 rows=3 loops=1)
                    Filter: (keyword_id = 107084)
                    Rows Removed by Filter: 4523927
              ->  Index Only Scan using title_pkey on title t  (cost=0.43..8.40 rows=1 width=4) (actual time=0.058..0.059 rows=1 loops=3)
                    Index Cond: (id = mk.movie_id)
                    Heap Fetches: 3
Planning time: 1.156 ms
Execution time: 5203.048 ms
