Seq Scan on movie_keyword mk  (cost=0.00..81003.12 rows=605035 width=0) (actual time=0.017..3565.873 rows=609222 loops=1)
  Filter: (keyword_id > 30294)
  Rows Removed by Filter: 3914708
Planning time: 0.263 ms
Execution time: 3654.101 ms
