Hash Join  (cost=83074.74..451427.09 rows=574 width=0) (actual time=3727.318..22577.392 rows=5849 loops=1)
  Hash Cond: (mi.movie_id = t.id)
  ->  Seq Scan on movie_info mi  (cost=0.00..346232.03 rows=5897221 width=4) (actual time=0.016..17732.347 rows=5884963 loops=1)
        Filter: (info_type_id < 7)
        Rows Removed by Filter: 8950757
  ->  Hash  (cost=83071.67..83071.67 rows=246 width=8) (actual time=3719.950..3719.950 rows=384 loops=1)
        Buckets: 1024  Batches: 1  Memory Usage: 23kB
        ->  Nested Loop  (cost=0.43..83071.67 rows=246 width=8) (actual time=13.861..3719.519 rows=384 loops=1)
              ->  Seq Scan on movie_keyword mk  (cost=0.00..81003.12 rows=246 width=4) (actual time=13.789..3699.003 rows=384 loops=1)
                    Filter: (keyword_id = 2637)
                    Rows Removed by Filter: 4523546
              ->  Index Only Scan using title_pkey on title t  (cost=0.43..8.40 rows=1 width=4) (actual time=0.050..0.051 rows=1 loops=384)
                    Index Cond: (id = mk.movie_id)
                    Heap Fetches: 384
Planning time: 1.198 ms
Execution time: 22578.847 ms
