Hash Join  (cost=280847.79..1157161.83 rows=6893859 width=0) (actual time=17028.619..68521.816 rows=29781124 loops=1)
  Hash Cond: (ci.movie_id = t.id)
  ->  Seq Scan on cast_info ci  (cost=0.00..705507.15 rows=7213861 width=4) (actual time=1263.183..37955.853 rows=7157974 loops=1)
        Filter: (person_id < 691998)
        Rows Removed by Filter: 29086370
  ->  Hash  (cost=241204.26..241204.26 rows=2416363 width=8) (actual time=15764.059..15764.059 rows=3071682 loops=1)
        Buckets: 131072 (originally 131072)  Batches: 64 (originally 32)  Memory Usage: 3073kB
        ->  Hash Join  (cost=89762.59..241204.26 rows=2416363 width=8) (actual time=5240.715..14681.637 rows=3071682 loops=1)
              Hash Cond: (mk.movie_id = t.id)
              ->  Seq Scan on movie_keyword mk  (cost=0.00..69693.30 rows=4523930 width=4) (actual time=0.025..4774.323 rows=4523930 loops=1)
              ->  Hash  (cost=67604.59..67604.59 rows=1350560 width=4) (actual time=5239.179..5239.179 rows=1348293 loops=1)
                    Buckets: 131072  Batches: 32  Memory Usage: 2513kB
                    ->  Seq Scan on title t  (cost=0.00..67604.59 rows=1350560 width=4) (actual time=0.015..4604.340 rows=1348293 loops=1)
                          Filter: (production_year < 2005)
                          Rows Removed by Filter: 1180019
Planning time: 6.598 ms
Execution time: 72810.094 ms
