Seq Scan on title t  (cost=0.00..73925.90 rows=10891 width=0) (actual time=0.015..3121.839 rows=7563 loops=1)
  Filter: ((kind_id < 3) AND (production_year = 1996))
  Rows Removed by Filter: 2520749
Planning time: 0.341 ms
Execution time: 3123.838 ms
