Nested Loop  (cost=0.43..83072.29 rows=218 width=0) (actual time=63.240..3578.199 rows=148 loops=1)
  ->  Seq Scan on movie_keyword mk  (cost=0.00..81003.12 rows=246 width=4) (actual time=63.175..3546.282 rows=244 loops=1)
        Filter: (keyword_id = 12640)
        Rows Removed by Filter: 4523686
  ->  Index Scan using title_pkey on title t  (cost=0.43..8.40 rows=1 width=4) (actual time=0.127..0.127 rows=1 loops=244)
        Index Cond: (id = mk.movie_id)
        Filter: (production_year > 1957)
        Rows Removed by Filter: 0
Planning time: 0.731 ms
Execution time: 3578.438 ms
