Hash Join  (cost=80135.37..882431.04 rows=1092307 width=0) (actual time=16670.237..46458.352 rows=809849 loops=1)
  Hash Cond: (ci.movie_id = t.id)
  ->  Seq Scan on cast_info ci  (cost=0.00..705507.15 rows=7298253 width=4) (actual time=13348.531..38028.070 rows=7451973 loops=1)
        Filter: (role_id = 2)
        Rows Removed by Filter: 28792371
  ->  Hash  (cost=73925.90..73925.90 rows=378437 width=4) (actual time=3320.482..3320.482 rows=282115 loops=1)
        Buckets: 131072  Batches: 8  Memory Usage: 2266kB
        ->  Seq Scan on title t  (cost=0.00..73925.90 rows=378437 width=4) (actual time=2.032..3212.158 rows=282115 loops=1)
              Filter: ((production_year > 1999) AND (kind_id = 1))
              Rows Removed by Filter: 2246197
Planning time: 0.758 ms
Execution time: 46582.346 ms
