Hash Join  (cost=75433.14..458616.55 rows=111465 width=0) (actual time=8101.146..21778.742 rows=245423 loops=1)
  Hash Cond: (mi.movie_id = t.id)
  ->  Seq Scan on movie_info mi  (cost=0.00..346232.03 rows=3068194 width=4) (actual time=3921.726..15827.188 rows=3036719 loops=1)
        Filter: (info_type_id = 16)
        Rows Removed by Filter: 11799001
  ->  Hash  (cost=73925.90..73925.90 rows=91859 width=4) (actual time=4161.814..4161.814 rows=191138 loops=1)
        Buckets: 131072 (originally 131072)  Batches: 4 (originally 2)  Memory Usage: 3073kB
        ->  Seq Scan on title t  (cost=0.00..73925.90 rows=91859 width=4) (actual time=0.409..3283.250 rows=191138 loops=1)
              Filter: ((kind_id < 7) AND (production_year < 1959))
              Rows Removed by Filter: 2337174
Planning time: 0.808 ms
Execution time: 21819.949 ms
