Nested Loop  (cost=0.43..83072.29 rows=96 width=0) (actual time=20.465..1328.074 rows=4 loops=1)
  ->  Seq Scan on movie_keyword mk  (cost=0.00..81003.12 rows=246 width=4) (actual time=20.415..1327.727 rows=6 loops=1)
        Filter: (keyword_id = 54809)
        Rows Removed by Filter: 4523924
  ->  Index Scan using title_pkey on title t  (cost=0.43..8.40 rows=1 width=4) (actual time=0.050..0.051 rows=1 loops=6)
        Index Cond: (id = mk.movie_id)
        Filter: (kind_id < 7)
        Rows Removed by Filter: 0
Planning time: 1.604 ms
Execution time: 1328.210 ms
