Hash Join  (cost=578652.56..1959329.47 rows=29679911 width=0) (actual time=31233.313..129006.267 rows=88973535 loops=1)
  Hash Cond: (ci.movie_id = t.id)
  ->  Seq Scan on cast_info ci  (cost=0.00..705507.15 rows=26107777 width=4) (actual time=0.026..49313.840 rows=26328684 loops=1)
        Filter: (person_id > 976232)
        Rows Removed by Filter: 9915660
  ->  Hash  (cost=531492.47..531492.47 rows=2874487 width=8) (actual time=31231.081..31231.081 rows=2887045 loops=1)
        Buckets: 131072  Batches: 64  Memory Usage: 2758kB
        ->  Hash Join  (cost=90260.67..531492.47 rows=2874487 width=8) (actual time=5333.265..30278.063 rows=2887045 loops=1)
              Hash Cond: (mi.movie_id = t.id)
              ->  Seq Scan on movie_info mi  (cost=0.00..346232.03 rows=5263441 width=4) (actual time=0.013..19103.021 rows=5270569 loops=1)
                    Filter: (info_type_id > 15)
                    Rows Removed by Filter: 9565151
              ->  Hash  (cost=67604.59..67604.59 rows=1380887 width=4) (actual time=5332.021..5332.021 rows=1381453 loops=1)
                    Buckets: 131072  Batches: 32  Memory Usage: 2550kB
                    ->  Seq Scan on title t  (cost=0.00..67604.59 rows=1380887 width=4) (actual time=0.012..4741.030 rows=1381453 loops=1)
                          Filter: (production_year > 2000)
                          Rows Removed by Filter: 1146859
Planning time: 1.129 ms
Execution time: 141098.999 ms
