Hash Join  (cost=427938.61..514643.58 rows=4693 width=0) (actual time=20467.013..24815.368 rows=24005 loops=1)
  Hash Cond: (mk.movie_id = t.id)
  ->  Seq Scan on movie_keyword mk  (cost=0.00..69693.30 rows=4523930 width=4) (actual time=0.027..3611.467 rows=4523930 loops=1)
  ->  Hash  (cost=427905.82..427905.82 rows=2623 width=8) (actual time=20003.522..20003.522 rows=5135 loops=1)
        Buckets: 8192 (originally 4096)  Batches: 1 (originally 1)  Memory Usage: 265kB
        ->  Hash Join  (cost=79993.30..427905.82 rows=2623 width=8) (actual time=8353.704..19997.640 rows=5135 loops=1)
              Hash Cond: (mi.movie_id = t.id)
              ->  Seq Scan on movie_info mi  (cost=0.00..346232.03 rows=17937 width=4) (actual time=4340.338..16084.009 rows=61128 loops=1)
                    Filter: (info_type_id = 103)
                    Rows Removed by Filter: 14774592
              ->  Hash  (cost=73925.90..73925.90 rows=369792 width=4) (actual time=3819.591..3819.591 rows=253766 loops=1)
                    Buckets: 131072  Batches: 8  Memory Usage: 2133kB
                    ->  Seq Scan on title t  (cost=0.00..73925.90 rows=369792 width=4) (actual time=0.030..3712.699 rows=253766 loops=1)
                          Filter: ((production_year < 1986) AND (kind_id = 7))
                          Rows Removed by Filter: 2274546
Planning time: 1.114 ms
Execution time: 24818.808 ms
