Hash Join  (cost=92883.59..231885.76 rows=1675344 width=0) (actual time=3653.572..5234.407 rows=368055 loops=1)
  Hash Cond: (mk.movie_id = t.id)
  ->  Seq Scan on movie_keyword mk  (cost=0.00..81003.12 rows=2749321 width=4) (actual time=0.026..1643.696 rows=2747135 loops=1)
        Filter: (keyword_id < 7784)
        Rows Removed by Filter: 1776795
  ->  Hash  (cost=67604.59..67604.59 rows=1540800 width=4) (actual time=1772.962..1772.962 rows=1543264 loops=1)
        Buckets: 131072  Batches: 32  Memory Usage: 2728kB
        ->  Seq Scan on title t  (cost=0.00..67604.59 rows=1540800 width=4) (actual time=198.354..1272.753 rows=1543264 loops=1)
              Filter: (kind_id = 7)
              Rows Removed by Filter: 985048
Planning time: 0.753 ms
Execution time: 5279.354 ms
