Seq Scan on movie_keyword mk  (cost=0.00..81003.12 rows=246 width=0) (actual time=7.654..3235.255 rows=321 loops=1)
  Filter: (keyword_id = 13984)
  Rows Removed by Filter: 4523609
Planning time: 0.306 ms
Execution time: 3235.554 ms
