Hash Join  (cost=102767.86..1077695.69 rows=7022440 width=0) (actual time=26517.371..50683.858 rows=7451973 loops=1)
  Hash Cond: (ci.movie_id = t.id)
  ->  Seq Scan on cast_info ci  (cost=0.00..796071.18 rows=7022440 width=4) (actual time=21556.624..36546.327 rows=7451973 loops=1)
        Filter: ((person_id < 3792426) AND (role_id = 2))
        Rows Removed by Filter: 28792371
  ->  Hash  (cost=61283.27..61283.27 rows=2528527 width=4) (actual time=4959.360..4959.360 rows=2528312 loops=1)
        Buckets: 131072  Batches: 64  Memory Usage: 2415kB
        ->  Seq Scan on title t  (cost=0.00..61283.27 rows=2528527 width=4) (actual time=0.024..3833.495 rows=2528312 loops=1)
Planning time: 0.628 ms
Execution time: 51570.557 ms
