Seq Scan on movie_keyword mk  (cost=0.00..81003.12 rows=246 width=0) (actual time=17.424..1271.029 rows=717 loops=1)
  Filter: (keyword_id = 71992)
  Rows Removed by Filter: 4523213
Planning time: 0.376 ms
Execution time: 1271.414 ms
