Hash Join  (cost=73994.33..169882.08 rows=8544 width=0) (actual time=1213.733..3433.841 rows=15510 loops=1)
  Hash Cond: (mk.movie_id = t.id)
  ->  Seq Scan on movie_keyword mk  (cost=0.00..81003.12 rows=3946448 width=4) (actual time=0.023..1598.823 rows=3941424 loops=1)
        Filter: (keyword_id > 412)
        Rows Removed by Filter: 582506
  ->  Hash  (cost=73925.90..73925.90 rows=5474 width=4) (actual time=1213.597..1213.597 rows=15440 loops=1)
        Buckets: 16384 (originally 8192)  Batches: 1 (originally 1)  Memory Usage: 671kB
        ->  Seq Scan on title t  (cost=0.00..73925.90 rows=5474 width=4) (actual time=0.060..1206.069 rows=15440 loops=1)
              Filter: ((kind_id > 1) AND (production_year = 1987))
              Rows Removed by Filter: 2512872
Planning time: 0.776 ms
Execution time: 3436.208 ms
