Hash Join  (cost=92883.59..1300170.97 rows=13059932 width=0) (actual time=1736.713..36002.135 rows=12715424 loops=1)
  Hash Cond: (ci.movie_id = t.id)
  ->  Seq Scan on cast_info ci  (cost=0.00..796071.18 rows=21431977 width=4) (actual time=0.024..18635.576 rows=21113738 loops=1)
        Filter: ((person_id > 362863) AND (role_id < 4))
        Rows Removed by Filter: 15130606
  ->  Hash  (cost=67604.59..67604.59 rows=1540800 width=4) (actual time=1735.217..1735.217 rows=1543264 loops=1)
        Buckets: 131072  Batches: 32  Memory Usage: 2722kB
        ->  Seq Scan on title t  (cost=0.00..67604.59 rows=1540800 width=4) (actual time=0.023..1233.872 rows=1543264 loops=1)
              Filter: (kind_id = 7)
              Rows Removed by Filter: 985048
Planning time: 0.802 ms
Execution time: 37461.163 ms
