Seq Scan on movie_keyword mk  (cost=0.00..81003.12 rows=3613713 width=0) (actual time=0.016..3860.591 rows=3607676 loops=1)
  Filter: (keyword_id > 866)
  Rows Removed by Filter: 916254
Planning time: 0.276 ms
Execution time: 4377.122 ms
