Hash Join  (cost=159207.60..910007.94 rows=1124 width=0) (actual time=6870.422..44536.182 rows=28404 loops=1)
  Hash Cond: (ci.movie_id = t.id)
  ->  Seq Scan on cast_info ci  (cost=0.00..614943.12 rows=36225612 width=4) (actual time=0.021..28842.013 rows=36244344 loops=1)
  ->  Hash  (cost=159206.63..159206.63 rows=78 width=8) (actual time=6868.610..6868.610 rows=1370 loops=1)
        Buckets: 2048 (originally 1024)  Batches: 1 (originally 1)  Memory Usage: 70kB
        ->  Hash Join  (cost=73928.08..159206.63 rows=78 width=8) (actual time=2929.637..6867.703 rows=1370 loops=1)
              Hash Cond: (mk.movie_id = t.id)
              ->  Seq Scan on movie_keyword mk  (cost=0.00..81003.12 rows=1139905 width=4) (actual time=0.027..3712.044 rows=1148357 loops=1)
                    Filter: (keyword_id > 16213)
                    Rows Removed by Filter: 3375573
              ->  Hash  (cost=73925.90..73925.90 rows=174 width=4) (actual time=2920.922..2920.922 rows=3217 loops=1)
                    Buckets: 4096 (originally 1024)  Batches: 1 (originally 1)  Memory Usage: 146kB
                    ->  Seq Scan on title t  (cost=0.00..73925.90 rows=174 width=4) (actual time=396.298..2919.163 rows=3217 loops=1)
                          Filter: ((production_year > 2013) AND (kind_id = 1))
                          Rows Removed by Filter: 2525095
Planning time: 1.169 ms
Execution time: 44544.840 ms
