Hash Join  (cost=475988.17..605470.53 rows=613933 width=0) (actual time=19860.649..26902.417 rows=65008 loops=1)
  Hash Cond: (mk.movie_id = t.id)
  ->  Seq Scan on movie_keyword mk  (cost=0.00..69693.30 rows=4523930 width=4) (actual time=0.012..4567.816 rows=4523930 loops=1)
  ->  Hash  (cost=470357.90..470357.90 rows=343141 width=8) (actual time=19332.871..19332.871 rows=39776 loops=1)
        Buckets: 131072  Batches: 8  Memory Usage: 1225kB
        ->  Hash Join  (cost=77854.63..470357.90 rows=343141 width=8) (actual time=4573.890..19312.134 rows=39776 loops=1)
              Hash Cond: (mi.movie_id = t.id)
              ->  Seq Scan on movie_info mi  (cost=0.00..346232.03 rows=3623957 width=4) (actual time=1811.458..13832.697 rows=3624977 loops=1)
                    Filter: (info_type_id < 4)
                    Rows Removed by Filter: 11210743
              ->  Hash  (cost=73925.90..73925.90 rows=239418 width=4) (actual time=2761.564..2761.564 rows=256906 loops=1)
                    Buckets: 131072  Batches: 4  Memory Usage: 3302kB
                    ->  Seq Scan on title t  (cost=0.00..73925.90 rows=239418 width=4) (actual time=0.026..2657.905 rows=256906 loops=1)
                          Filter: ((production_year > 2010) AND (kind_id = 7))
                          Rows Removed by Filter: 2271406
Planning time: 1.144 ms
Execution time: 26910.973 ms
