Nested Loop  (cost=0.43..798851.90 rows=204 width=0) (actual time=13787.439..14101.921 rows=2 loops=1)
  ->  Seq Scan on cast_info ci  (cost=0.00..796071.18 rows=332 width=4) (actual time=13787.360..14101.813 rows=2 loops=1)
        Filter: ((role_id < 4) AND (person_id = 2940001))
        Rows Removed by Filter: 36244342
  ->  Index Scan using title_pkey on title t  (cost=0.43..8.37 rows=1 width=4) (actual time=0.041..0.041 rows=1 loops=2)
        Index Cond: (id = ci.movie_id)
        Filter: (production_year < 2007)
Planning time: 0.812 ms
Execution time: 14102.042 ms
