Seq Scan on movie_keyword mk  (cost=0.00..81003.12 rows=2999695 width=0) (actual time=0.022..1528.752 rows=2987554 loops=1)
  Filter: (keyword_id > 2241)
  Rows Removed by Filter: 1536376
Planning time: 0.340 ms
Execution time: 1887.019 ms
