Seq Scan on movie_keyword mk  (cost=0.00..81003.12 rows=246 width=0) (actual time=0.556..1279.106 rows=1136 loops=1)
  Filter: (keyword_id = 1053)
  Rows Removed by Filter: 4522794
Planning time: 1.898 ms
Execution time: 1279.551 ms
