Hash Join  (cost=254572.55..1477792.43 rows=20788496 width=0) (actual time=8717.709..47307.478 rows=46765569 loops=1)
  Hash Cond: (ci.movie_id = t.id)
  ->  Seq Scan on cast_info ci  (cost=0.00..705507.15 rows=23499554 width=4) (actual time=2699.084..15971.270 rows=23573656 loops=1)
        Filter: (role_id > 1)
        Rows Removed by Filter: 12670688
  ->  Hash  (cost=217874.30..217874.30 rows=2236820 width=8) (actual time=6017.821..6017.821 rows=2232768 loops=1)
        Buckets: 131072  Batches: 32  Memory Usage: 3709kB
        ->  Hash Join  (cost=102767.86..217874.30 rows=2236820 width=8) (actual time=1970.583..5380.307 rows=2232768 loops=1)
              Hash Cond: (mc.movie_id = t.id)
              ->  Seq Scan on movie_companies mc  (cost=0.00..51404.11 rows=2236820 width=4) (actual time=0.021..1202.654 rows=2232768 loops=1)
                    Filter: (company_id < 84850)
                    Rows Removed by Filter: 376361
              ->  Hash  (cost=61283.27..61283.27 rows=2528527 width=4) (actual time=1968.684..1968.684 rows=2528312 loops=1)
                    Buckets: 131072  Batches: 64  Memory Usage: 2415kB
                    ->  Seq Scan on title t  (cost=0.00..61283.27 rows=2528527 width=4) (actual time=9.064..1075.287 rows=2528312 loops=1)
Planning time: 0.750 ms
Execution time: 52158.160 ms
