Seq Scan on movie_keyword mk  (cost=0.00..81003.12 rows=246 width=0) (actual time=29.784..1353.901 rows=152 loops=1)
  Filter: (keyword_id = 18928)
  Rows Removed by Filter: 4523778
Planning time: 0.388 ms
Execution time: 1354.101 ms
