Hash Join  (cost=510374.62..645699.50 rows=1496526 width=0) (actual time=9367.508..13340.205 rows=3330536 loops=1)
  Hash Cond: (mk.movie_id = t.id)
  ->  Seq Scan on movie_keyword mk  (cost=0.00..81003.12 rows=2973731 width=4) (actual time=0.014..1626.139 rows=2968255 loops=1)
        Filter: (keyword_id > 2319)
        Rows Removed by Filter: 1555675
  ->  Hash  (cost=489497.65..489497.65 rows=1272478 width=8) (actual time=9366.233..9366.233 rows=1325361 loops=1)
        Buckets: 131072  Batches: 32  Memory Usage: 2648kB
        ->  Hash Join  (cost=102767.86..489497.65 rows=1272478 width=8) (actual time=5839.791..8967.853 rows=1325361 loops=1)
              Hash Cond: (mi.movie_id = t.id)
              ->  Seq Scan on movie_info mi  (cost=0.00..346232.03 rows=1272478 width=4) (actual time=3811.322..5389.603 rows=1325361 loops=1)
                    Filter: (info_type_id = 8)
                    Rows Removed by Filter: 13510359
              ->  Hash  (cost=61283.27..61283.27 rows=2528527 width=4) (actual time=2027.064..2027.064 rows=2528312 loops=1)
                    Buckets: 131072  Batches: 64  Memory Usage: 2425kB
                    ->  Seq Scan on title t  (cost=0.00..61283.27 rows=2528527 width=4) (actual time=0.025..1149.025 rows=2528312 loops=1)
Planning time: 1.167 ms
Execution time: 13720.245 ms
