Nested Loop  (cost=0.43..83072.29 rows=11 width=0) (actual time=45.497..1360.763 rows=31 loops=1)
  ->  Seq Scan on movie_keyword mk  (cost=0.00..81003.12 rows=246 width=4) (actual time=1.065..1303.591 rows=935 loops=1)
        Filter: (keyword_id = 5443)
        Rows Removed by Filter: 4522995
  ->  Index Scan using title_pkey on title t  (cost=0.43..8.40 rows=1 width=4) (actual time=0.060..0.060 rows=0 loops=935)
        Index Cond: (id = mk.movie_id)
        Filter: (production_year = 2007)
        Rows Removed by Filter: 1
Planning time: 0.780 ms
Execution time: 1360.910 ms
