Hash Join  (cost=797557.90..884219.09 rows=315 width=0) (actual time=14412.672..15585.627 rows=1 loops=1)
  Hash Cond: (mk.movie_id = t.id)
  ->  Seq Scan on movie_keyword mk  (cost=0.00..69693.30 rows=4523930 width=4) (actual time=0.014..1016.899 rows=4523930 loops=1)
  ->  Hash  (cost=797555.70..797555.70 rows=176 width=8) (actual time=13792.613..13792.613 rows=6 loops=1)
        Buckets: 1024  Batches: 1  Memory Usage: 9kB
        ->  Nested Loop  (cost=0.43..797555.70 rows=176 width=8) (actual time=1571.126..13792.570 rows=6 loops=1)
              ->  Seq Scan on cast_info ci  (cost=0.00..796071.18 rows=176 width=4) (actual time=1570.983..13792.244 rows=6 loops=1)
                    Filter: ((role_id < 2) AND (person_id = 83851))
                    Rows Removed by Filter: 36244338
              ->  Index Only Scan using title_pkey on title t  (cost=0.43..8.42 rows=1 width=4) (actual time=0.042..0.043 rows=1 loops=6)
                    Index Cond: (id = ci.movie_id)
                    Heap Fetches: 6
Planning time: 1.286 ms
Execution time: 15585.788 ms
