Hash Join  (cost=92883.59..1312527.59 rows=16377144 width=0) (actual time=5272.604..83019.340 rows=15864514 loops=1)
  Hash Cond: (ci.movie_id = t.id)
  ->  Seq Scan on cast_info ci  (cost=0.00..705507.15 rows=26875682 width=4) (actual time=0.025..49250.253 rows=26908979 loops=1)
        Filter: (person_id < 2768633)
        Rows Removed by Filter: 9335365
  ->  Hash  (cost=67604.59..67604.59 rows=1540800 width=4) (actual time=5271.244..5271.244 rows=1543264 loops=1)
        Buckets: 131072  Batches: 32  Memory Usage: 2722kB
        ->  Seq Scan on title t  (cost=0.00..67604.59 rows=1540800 width=4) (actual time=391.092..4238.980 rows=1543264 loops=1)
              Filter: (kind_id = 7)
              Rows Removed by Filter: 985048
Planning time: 7.976 ms
Execution time: 85375.179 ms
