Hash Join  (cost=67697.55..129007.53 rows=2633 width=0) (actual time=1009.274..2127.010 rows=1454 loops=1)
  Hash Cond: (mc.movie_id = t.id)
  ->  Seq Scan on movie_companies mc  (cost=0.00..57926.93 rows=895125 width=4) (actual time=0.016..1022.906 rows=574861 loops=1)
        Filter: ((company_id < 24309) AND (company_type_id > 1))
        Rows Removed by Filter: 2034268
  ->  Hash  (cost=67604.59..67604.59 rows=7437 width=4) (actual time=1003.637..1003.637 rows=4763 loops=1)
        Buckets: 8192  Batches: 1  Memory Usage: 232kB
        ->  Seq Scan on title t  (cost=0.00..67604.59 rows=7437 width=4) (actual time=8.173..1001.012 rows=4763 loops=1)
              Filter: (production_year = 1950)
              Rows Removed by Filter: 2523549
Planning time: 0.763 ms
Execution time: 2127.392 ms
