Seq Scan on movie_keyword mk  (cost=0.00..81003.12 rows=4083683 width=0) (actual time=0.016..1245.819 rows=4087381 loops=1)
  Filter: (keyword_id < 40248)
  Rows Removed by Filter: 436549
Planning time: 0.307 ms
Execution time: 1709.089 ms
