Hash Join  (cost=67697.55..94599.31 rows=1336 width=0) (actual time=997.247..1542.315 rows=5654 loops=1)
  Hash Cond: (mi_idx.movie_id = t.id)
  ->  Seq Scan on movie_info_idx mi_idx  (cost=0.00..25185.44 rows=454124 width=4) (actual time=0.011..430.239 rows=459925 loops=1)
        Filter: (info_type_id = 100)
        Rows Removed by Filter: 920110
  ->  Hash  (cost=67604.59..67604.59 rows=7437 width=4) (actual time=996.567..996.567 rows=23040 loops=1)
        Buckets: 32768 (originally 8192)  Batches: 1 (originally 1)  Memory Usage: 1066kB
        ->  Seq Scan on title t  (cost=0.00..67604.59 rows=7437 width=4) (actual time=0.071..986.223 rows=23040 loops=1)
              Filter: (production_year = 1990)
              Rows Removed by Filter: 2505272
Planning time: 0.913 ms
Execution time: 1543.645 ms
