Seq Scan on movie_companies mc  (cost=0.00..51404.11 rows=2348 width=0) (actual time=0.960..847.776 rows=2008 loops=1)
  Filter: (company_id = 11245)
  Rows Removed by Filter: 2607121
Planning time: 9.298 ms
Execution time: 848.347 ms
