Hash Join  (cost=74119.74..457577.10 rows=59899 width=0) (actual time=1181.911..9559.943 rows=88274 loops=1)
  Hash Cond: (mi.movie_id = t.id)
  ->  Seq Scan on movie_info mi  (cost=0.00..346232.03 rows=9767026 width=4) (actual time=0.019..6465.237 rows=9911754 loops=1)
        Filter: (info_type_id > 4)
        Rows Removed by Filter: 4923966
  ->  Hash  (cost=73925.90..73925.90 rows=15507 width=4) (actual time=1180.630..1180.630 rows=11835 loops=1)
        Buckets: 16384  Batches: 1  Memory Usage: 545kB
        ->  Seq Scan on title t  (cost=0.00..73925.90 rows=15507 width=4) (actual time=0.090..1175.086 rows=11835 loops=1)
              Filter: ((kind_id < 7) AND (production_year = 1995))
              Rows Removed by Filter: 2516477
Planning time: 0.868 ms
Execution time: 9574.454 ms
