Nested Loop  (cost=0.43..83072.29 rows=111 width=0) (actual time=0.681..1336.062 rows=811 loops=1)
  ->  Seq Scan on movie_keyword mk  (cost=0.00..81003.12 rows=246 width=4) (actual time=0.642..1265.934 rows=1251 loops=1)
        Filter: (keyword_id = 3040)
        Rows Removed by Filter: 4522679
  ->  Index Scan using title_pkey on title t  (cost=0.43..8.40 rows=1 width=4) (actual time=0.055..0.055 rows=1 loops=1251)
        Index Cond: (id = mk.movie_id)
        Filter: (production_year < 2002)
        Rows Removed by Filter: 0
Planning time: 0.517 ms
Execution time: 1336.503 ms
