Hash Join  (cost=83073.54..137740.09 rows=103 width=0) (actual time=1346.996..2224.154 rows=2671 loops=1)
  Hash Cond: (mc.movie_id = t.id)
  ->  Seq Scan on movie_companies mc  (cost=0.00..44881.29 rows=2609129 width=4) (actual time=0.015..502.289 rows=2609129 loops=1)
  ->  Hash  (cost=83072.29..83072.29 rows=100 width=8) (actual time=1344.683..1344.683 rows=413 loops=1)
        Buckets: 1024  Batches: 1  Memory Usage: 25kB
        ->  Nested Loop  (cost=0.43..83072.29 rows=100 width=8) (actual time=5.480..1344.280 rows=413 loops=1)
              ->  Seq Scan on movie_keyword mk  (cost=0.00..81003.12 rows=246 width=4) (actual time=0.594..1306.978 rows=923 loops=1)
                    Filter: (keyword_id = 687)
                    Rows Removed by Filter: 4523007
              ->  Index Scan using title_pkey on title t  (cost=0.43..8.40 rows=1 width=4) (actual time=0.039..0.039 rows=0 loops=923)
                    Index Cond: (id = mk.movie_id)
                    Filter: (production_year < 2000)
                    Rows Removed by Filter: 1
Planning time: 0.848 ms
Execution time: 2224.755 ms
