Nested Loop  (cost=0.43..799380.35 rows=396 width=0) (actual time=339.945..14263.509 rows=114 loops=1)
  ->  Seq Scan on cast_info ci  (cost=0.00..796071.18 rows=396 width=4) (actual time=339.851..14260.468 rows=114 loops=1)
        Filter: ((role_id < 8) AND (person_id = 330567))
        Rows Removed by Filter: 36244230
  ->  Index Only Scan using title_pkey on title t  (cost=0.43..8.35 rows=1 width=4) (actual time=0.026..0.026 rows=1 loops=114)
        Index Cond: (id = ci.movie_id)
        Heap Fetches: 114
Planning time: 0.694 ms
Execution time: 14263.618 ms
