Seq Scan on movie_keyword mk  (cost=0.00..81003.12 rows=246 width=0) (actual time=5.149..3849.125 rows=1426 loops=1)
  Filter: (keyword_id = 520)
  Rows Removed by Filter: 4522504
Planning time: 0.368 ms
Execution time: 3849.781 ms
