Hash Join  (cost=58358.90..145017.85 rows=91 width=0) (actual time=817.920..2707.873 rows=4626 loops=1)
  Hash Cond: (mk.movie_id = t.id)
  ->  Seq Scan on movie_keyword mk  (cost=0.00..69693.30 rows=4523930 width=4) (actual time=0.011..1079.073 rows=4523930 loops=1)
  ->  Hash  (cost=58358.27..58358.27 rows=51 width=8) (actual time=816.803..816.803 rows=1621 loops=1)
        Buckets: 2048 (originally 1024)  Batches: 1 (originally 1)  Memory Usage: 80kB
        ->  Nested Loop  (cost=0.43..58358.27 rows=51 width=8) (actual time=372.812..815.967 rows=1621 loops=1)
              ->  Seq Scan on movie_companies mc  (cost=0.00..57926.93 rows=51 width=4) (actual time=372.730..771.712 rows=1621 loops=1)
                    Filter: ((company_id = 466) AND (company_type_id = 1))
                    Rows Removed by Filter: 2607508
              ->  Index Only Scan using title_pkey on title t  (cost=0.43..8.45 rows=1 width=4) (actual time=0.026..0.026 rows=1 loops=1621)
                    Index Cond: (id = mc.movie_id)
                    Heap Fetches: 1621
Planning time: 1.148 ms
Execution time: 2708.614 ms
