Hash Join  (cost=131333.61..1210739.83 rows=4439209 width=0) (actual time=2867.296..36999.263 rows=18602353 loops=1)
  Hash Cond: (ci.movie_id = t.id)
  ->  Seq Scan on cast_info ci  (cost=0.00..614943.12 rows=36225612 width=4) (actual time=0.015..13448.808 rows=36244344 loops=1)
  ->  Hash  (cost=126249.44..126249.44 rows=309854 width=8) (actual time=2866.406..2866.406 rows=676045 loops=1)
        Buckets: 131072 (originally 131072)  Batches: 16 (originally 8)  Memory Usage: 3073kB
        ->  Hash Join  (cost=83240.42..126249.44 rows=309854 width=8) (actual time=1351.134..2659.801 rows=676045 loops=1)
              Hash Cond: (mi_idx.movie_id = t.id)
              ->  Seq Scan on movie_info_idx mi_idx  (cost=0.00..21735.35 rows=1380035 width=4) (actual time=0.017..425.163 rows=1380035 loops=1)
              ->  Hash  (cost=73925.90..73925.90 rows=567721 width=4) (actual time=1350.410..1350.410 rows=620439 loops=1)
                    Buckets: 131072  Batches: 8  Memory Usage: 3764kB
                    ->  Seq Scan on title t  (cost=0.00..73925.90 rows=567721 width=4) (actual time=0.014..1159.905 rows=620439 loops=1)
                          Filter: ((kind_id < 4) AND (production_year < 2008))
                          Rows Removed by Filter: 1907873
Planning time: 1.060 ms
Execution time: 39019.365 ms
