Hash Join  (cost=83075.00..833895.25 rows=3103 width=0) (actual time=1324.640..16421.253 rows=4356 loops=1)
  Hash Cond: (ci.movie_id = t.id)
  ->  Seq Scan on cast_info ci  (cost=0.00..614943.12 rows=36225612 width=4) (actual time=0.018..8522.969 rows=36244344 loops=1)
  ->  Hash  (cost=83072.29..83072.29 rows=217 width=8) (actual time=1309.295..1309.295 rows=132 loops=1)
        Buckets: 1024  Batches: 1  Memory Usage: 14kB
        ->  Nested Loop  (cost=0.43..83072.29 rows=217 width=8) (actual time=5.254..1309.137 rows=132 loops=1)
              ->  Seq Scan on movie_keyword mk  (cost=0.00..81003.12 rows=246 width=4) (actual time=5.209..1296.304 rows=134 loops=1)
                    Filter: (keyword_id = 779)
                    Rows Removed by Filter: 4523796
              ->  Index Scan using title_pkey on title t  (cost=0.43..8.40 rows=1 width=4) (actual time=0.092..0.092 rows=1 loops=134)
                    Index Cond: (id = mk.movie_id)
                    Filter: (production_year < 2012)
                    Rows Removed by Filter: 0
Planning time: 2.147 ms
Execution time: 16423.498 ms
