Seq Scan on movie_companies mc  (cost=0.00..51404.11 rows=104 width=0) (actual time=272.296..711.291 rows=1034 loops=1)
  Filter: (company_id = 74784)
  Rows Removed by Filter: 2608095
Planning time: 0.352 ms
Execution time: 711.503 ms
