Seq Scan on movie_keyword mk  (cost=0.00..81003.12 rows=110970 width=0) (actual time=830.532..3678.383 rows=110719 loops=1)
  Filter: (keyword_id > 79991)
  Rows Removed by Filter: 4413211
Planning time: 0.292 ms
Execution time: 3706.151 ms
