Hash Join  (cost=83075.10..829201.04 rows=962 width=0) (actual time=1252.101..14583.424 rows=2996 loops=1)
  Hash Cond: (ci.movie_id = t.id)
  ->  Seq Scan on cast_info ci  (cost=0.00..705507.15 rows=10829108 width=4) (actual time=0.035..11573.354 rows=10700491 loops=1)
        Filter: (person_id < 1049640)
        Rows Removed by Filter: 25543853
  ->  Hash  (cost=83072.29..83072.29 rows=225 width=8) (actual time=1241.359..1241.359 rows=165 loops=1)
        Buckets: 1024  Batches: 1  Memory Usage: 15kB
        ->  Nested Loop  (cost=0.43..83072.29 rows=225 width=8) (actual time=8.138..1241.136 rows=165 loops=1)
              ->  Seq Scan on movie_keyword mk  (cost=0.00..81003.12 rows=246 width=4) (actual time=8.084..1233.309 rows=208 loops=1)
                    Filter: (keyword_id = 9088)
                    Rows Removed by Filter: 4523722
              ->  Index Scan using title_pkey on title t  (cost=0.43..8.40 rows=1 width=4) (actual time=0.034..0.034 rows=1 loops=208)
                    Index Cond: (id = mk.movie_id)
                    Filter: (production_year > 1946)
                    Rows Removed by Filter: 0
Planning time: 1.141 ms
Execution time: 14584.809 ms
