Seq Scan on movie_companies mc  (cost=0.00..57926.93 rows=453485 width=0) (actual time=563.051..902.843 rows=139967 loops=1)
  Filter: ((company_id > 19344) AND (company_type_id = 1))
  Rows Removed by Filter: 2469162
Planning time: 0.387 ms
Execution time: 920.104 ms
