Hash Join  (cost=70241.71..158614.58 rows=35130 width=0) (actual time=1157.171..3028.757 rows=14444 loops=1)
  Hash Cond: (mk.movie_id = t.id)
  ->  Seq Scan on movie_keyword mk  (cost=0.00..81003.12 rows=552650 width=4) (actual time=0.030..1297.656 rows=551723 loops=1)
        Filter: (keyword_id < 395)
        Rows Removed by Filter: 3972207
  ->  Hash  (cost=67604.59..67604.59 rows=160730 width=4) (actual time=1153.959..1153.959 rows=160017 loops=1)
        Buckets: 131072  Batches: 4  Memory Usage: 2442kB
        ->  Seq Scan on title t  (cost=0.00..67604.59 rows=160730 width=4) (actual time=0.018..1087.448 rows=160017 loops=1)
              Filter: (production_year = 2011)
              Rows Removed by Filter: 2368295
Planning time: 0.902 ms
Execution time: 3031.014 ms
