Hash Join  (cost=83810.17..155206.96 rows=242699 width=0) (actual time=1404.312..3237.898 rows=533007 loops=1)
  Hash Cond: (mc.movie_id = t.id)
  ->  Seq Scan on movie_companies mc  (cost=0.00..57926.93 rows=621297 width=4) (actual time=0.022..1106.357 rows=849846 loops=1)
        Filter: ((company_id < 11174) AND (company_type_id = 1))
        Rows Removed by Filter: 1759283
  ->  Hash  (cost=67604.59..67604.59 rows=987727 width=4) (actual time=1403.332..1403.332 rows=985048 loops=1)
        Buckets: 131072  Batches: 16  Memory Usage: 3188kB
        ->  Seq Scan on title t  (cost=0.00..67604.59 rows=987727 width=4) (actual time=0.013..1116.525 rows=985048 loops=1)
              Filter: (kind_id < 7)
              Rows Removed by Filter: 1543264
Planning time: 2.730 ms
Execution time: 3301.207 ms
