Hash Join  (cost=185736.22..1255992.77 rows=3548535 width=0) (actual time=3574.974..34282.048 rows=3711960 loops=1)
  Hash Cond: (ci.movie_id = t.id)
  ->  Seq Scan on cast_info ci  (cost=0.00..614943.12 rows=36225612 width=4) (actual time=0.019..13137.840 rows=36244344 loops=1)
  ->  Hash  (cost=181672.14..181672.14 rows=247686 width=8) (actual time=3573.908..3573.908 rows=98948 loops=1)
        Buckets: 131072  Batches: 4  Memory Usage: 2000kB
        ->  Hash Join  (cost=83462.78..181672.14 rows=247686 width=8) (actual time=1578.207..3546.877 rows=98948 loops=1)
              Hash Cond: (mk.movie_id = t.id)
              ->  Seq Scan on movie_keyword mk  (cost=0.00..81003.12 rows=1077434 width=4) (actual time=0.016..1434.495 rows=1088237 loops=1)
                    Filter: (keyword_id > 16264)
                    Rows Removed by Filter: 3435693
              ->  Hash  (cost=73925.90..73925.90 rows=581270 width=4) (actual time=1576.246..1576.246 rows=602533 loops=1)
                    Buckets: 131072  Batches: 8  Memory Usage: 3675kB
                    ->  Seq Scan on title t  (cost=0.00..73925.90 rows=581270 width=4) (actual time=0.023..1372.761 rows=602533 loops=1)
                          Filter: ((kind_id > 1) AND (production_year > 2007))
                          Rows Removed by Filter: 1925779
Planning time: 1.166 ms
Execution time: 34734.964 ms
