Seq Scan on movie_keyword mk  (cost=0.00..81003.12 rows=450702 width=0) (actual time=0.035..1296.898 rows=449758 loops=1)
  Filter: (keyword_id > 39501)
  Rows Removed by Filter: 4074172
Planning time: 0.342 ms
Execution time: 1355.078 ms
