Hash Join  (cost=188291.71..1175108.33 rows=4743830 width=0) (actual time=9126.583..32137.949 rows=9126507 loops=1)
  Hash Cond: (ci.movie_id = t.id)
  ->  Seq Scan on cast_info ci  (cost=0.00..705507.15 rows=20024311 width=4) (actual time=5213.810..15260.613 rows=20122661 loops=1)
        Filter: (role_id < 3)
        Rows Removed by Filter: 16121683
  ->  Hash  (cost=178464.00..178464.00 rows=599017 width=8) (actual time=3911.817..3911.817 rows=595912 loops=1)
        Buckets: 131072  Batches: 8  Memory Usage: 3935kB
        ->  Hash Join  (cost=102767.86..178464.00 rows=599017 width=8) (actual time=1900.279..3728.588 rows=595912 loops=1)
              Hash Cond: (mc.movie_id = t.id)
              ->  Seq Scan on movie_companies mc  (cost=0.00..51404.11 rows=599017 width=4) (actual time=0.034..916.980 rows=595912 loops=1)
                    Filter: (company_id < 687)
                    Rows Removed by Filter: 2013217
              ->  Hash  (cost=61283.27..61283.27 rows=2528527 width=4) (actual time=1898.707..1898.707 rows=2528312 loops=1)
                    Buckets: 131072  Batches: 64  Memory Usage: 2415kB
                    ->  Seq Scan on title t  (cost=0.00..61283.27 rows=2528527 width=4) (actual time=0.017..1052.775 rows=2528312 loops=1)
Planning time: 1.132 ms
Execution time: 33063.740 ms
