Seq Scan on movie_keyword mk  (cost=0.00..81003.12 rows=306997 width=0) (actual time=0.023..1223.201 rows=326928 loops=1)
  Filter: (keyword_id < 264)
  Rows Removed by Filter: 4197002
Planning time: 0.381 ms
Execution time: 1263.560 ms
