Hash Join  (cost=284307.39..394485.31 rows=2311599 width=0) (actual time=6335.828..12699.365 rows=17892439 loops=1)
  Hash Cond: (mc.movie_id = t.id)
  ->  Seq Scan on movie_companies mc  (cost=0.00..44881.29 rows=2609129 width=4) (actual time=0.019..916.177 rows=2609129 loops=1)
  ->  Hash  (cost=247554.04..247554.04 rows=2240188 width=8) (actual time=6334.543..6334.543 rows=2236801 loops=1)
        Buckets: 131072  Batches: 32  Memory Usage: 3736kB
        ->  Hash Join  (cost=102767.86..247554.04 rows=2240188 width=8) (actual time=2019.406..5713.964 rows=2236801 loops=1)
              Hash Cond: (mk.movie_id = t.id)
              ->  Seq Scan on movie_keyword mk  (cost=0.00..81003.12 rows=2240188 width=4) (actual time=0.020..1647.878 rows=2236801 loops=1)
                    Filter: (keyword_id > 4853)
                    Rows Removed by Filter: 2287129
              ->  Hash  (cost=61283.27..61283.27 rows=2528527 width=4) (actual time=2017.604..2017.604 rows=2528312 loops=1)
                    Buckets: 131072  Batches: 64  Memory Usage: 2425kB
                    ->  Seq Scan on title t  (cost=0.00..61283.27 rows=2528527 width=4) (actual time=0.023..1158.022 rows=2528312 loops=1)
Planning time: 1.171 ms
Execution time: 14667.575 ms
