Hash Join  (cost=1018504.83..3839962.61 rows=131312301 width=0) (actual time=24867.548..126374.554 rows=263295273 loops=1)
  Hash Cond: (ci.movie_id = t.id)
  ->  Seq Scan on cast_info ci  (cost=0.00..796071.18 rows=22526898 width=4) (actual time=319.650..19042.333 rows=22067020 loops=1)
        Filter: ((person_id < 3765125) AND (role_id > 1))
        Rows Removed by Filter: 14177324
  ->  Hash  (cost=776690.81..776690.81 rows=14739122 width=8) (actual time=24546.425..24546.425 rows=14835720 loops=1)
        Buckets: 131072  Batches: 256  Memory Usage: 3268kB
        ->  Hash Join  (cost=102767.86..776690.81 rows=14739122 width=8) (actual time=1954.041..20529.275 rows=14835720 loops=1)
              Hash Cond: (mi.movie_id = t.id)
              ->  Seq Scan on movie_info mi  (cost=0.00..309384.22 rows=14739122 width=4) (actual time=0.029..6247.366 rows=14835720 loops=1)
              ->  Hash  (cost=61283.27..61283.27 rows=2528527 width=4) (actual time=1952.331..1952.331 rows=2528312 loops=1)
                    Buckets: 131072  Batches: 64  Memory Usage: 2425kB
                    ->  Seq Scan on title t  (cost=0.00..61283.27 rows=2528527 width=4) (actual time=0.016..1070.724 rows=2528312 loops=1)
Planning time: 1.151 ms
Execution time: 155501.763 ms
