Seq Scan on movie_keyword mk  (cost=0.00..81003.12 rows=246 width=0) (actual time=106.808..3622.118 rows=34 loops=1)
  Filter: (keyword_id = 19204)
  Rows Removed by Filter: 4523896
Planning time: 0.301 ms
Execution time: 3622.268 ms
