Hash Join  (cost=102767.86..206692.14 rows=1772072 width=0) (actual time=1891.079..4672.124 rows=1775816 loops=1)
  Hash Cond: (mc.movie_id = t.id)
  ->  Seq Scan on movie_companies mc  (cost=0.00..51404.11 rows=1772072 width=4) (actual time=0.026..1047.511 rows=1775816 loops=1)
        Filter: (company_id > 2090)
        Rows Removed by Filter: 833313
  ->  Hash  (cost=61283.27..61283.27 rows=2528527 width=4) (actual time=1889.996..1889.996 rows=2528312 loops=1)
        Buckets: 131072  Batches: 64  Memory Usage: 2415kB
        ->  Seq Scan on title t  (cost=0.00..61283.27 rows=2528527 width=4) (actual time=0.023..1095.047 rows=2528312 loops=1)
Planning time: 0.701 ms
Execution time: 4863.455 ms
