Nested Loop  (cost=0.43..65685.63 rows=60 width=0) (actual time=185.024..856.301 rows=45 loops=1)
  ->  Seq Scan on movie_companies mc  (cost=0.00..57926.93 rows=945 width=4) (actual time=184.595..838.482 rows=743 loops=1)
        Filter: ((company_id < 6) AND (company_type_id > 1))
        Rows Removed by Filter: 2608386
  ->  Index Scan using title_pkey on title t  (cost=0.43..8.20 rows=1 width=4) (actual time=0.023..0.023 rows=0 loops=743)
        Index Cond: (id = mc.movie_id)
        Filter: (production_year = 2011)
        Rows Removed by Filter: 1
Planning time: 0.782 ms
Execution time: 856.426 ms
