Hash Join  (cost=74325.39..456582.33 rows=117463 width=0) (actual time=1728.549..9175.664 rows=76332 loops=1)
  Hash Cond: (mi.movie_id = t.id)
  ->  Seq Scan on movie_info mi  (cost=0.00..346232.03 rows=9293409 width=4) (actual time=405.646..6128.114 rows=9425200 loops=1)
        Filter: (info_type_id > 5)
        Rows Removed by Filter: 5410520
  ->  Hash  (cost=73925.90..73925.90 rows=31959 width=4) (actual time=1106.087..1106.087 rows=18823 loops=1)
        Buckets: 32768  Batches: 1  Memory Usage: 918kB
        ->  Seq Scan on title t  (cost=0.00..73925.90 rows=31959 width=4) (actual time=509.767..1098.327 rows=18823 loops=1)
              Filter: ((production_year > 2007) AND (kind_id = 3))
              Rows Removed by Filter: 2509489
Planning time: 0.785 ms
Execution time: 9188.190 ms
