Seq Scan on cast_info ci  (cost=0.00..705507.15 rows=5601733 width=0) (actual time=294.175..11186.031 rows=5671686 loops=1)
  Filter: (person_id > 3082672)
  Rows Removed by Filter: 30572658
Planning time: 0.340 ms
Execution time: 11883.922 ms
