Hash Join  (cost=58375.85..145034.83 rows=95 width=146) (actual time=1384.645..2913.443 rows=46 loops=1)
  Hash Cond: (mk.movie_id = t.id)
  ->  Seq Scan on movie_keyword mk  (cost=0.00..69693.30 rows=4523930 width=12) (actual time=0.024..1055.493 rows=4523930 loops=1)
  ->  Hash  (cost=58375.18..58375.18 rows=53 width=134) (actual time=1105.372..1105.372 rows=255 loops=1)
        Buckets: 1024  Batches: 1  Memory Usage: 41kB
        ->  Nested Loop  (cost=0.43..58375.18 rows=53 width=134) (actual time=302.012..1105.040 rows=255 loops=1)
              ->  Seq Scan on movie_companies mc  (cost=0.00..57926.93 rows=53 width=40) (actual time=301.929..1081.985 rows=255 loops=1)
                    Filter: ((company_id = 11204) AND (company_type_id = 2))
                    Rows Removed by Filter: 2608874
              ->  Index Scan using title_pkey on title t  (cost=0.43..8.45 rows=1 width=94) (actual time=0.088..0.088 rows=1 loops=255)
                    Index Cond: (id = mc.movie_id)
Planning time: 1.429 ms
Execution time: 2913.583 ms
