Hash Join  (cost=162016.70..526936.04 rows=26342 width=0) (actual time=2502.219..9335.581 rows=14827 loops=1)
  Hash Cond: (mi.movie_id = t.id)
  ->  Seq Scan on movie_info mi  (cost=0.00..309384.22 rows=14739122 width=4) (actual time=0.007..4071.698 rows=14835720 loops=1)
  ->  Hash  (cost=161960.21..161960.21 rows=4519 width=8) (actual time=2494.241..2494.241 rows=1670 loops=1)
        Buckets: 8192  Batches: 1  Memory Usage: 130kB
        ->  Hash Join  (cost=79238.57..161960.21 rows=4519 width=8) (actual time=1273.633..2493.527 rows=1670 loops=1)
              Hash Cond: (mk.movie_id = t.id)
              ->  Seq Scan on movie_keyword mk  (cost=0.00..81003.12 rows=35287 width=4) (actual time=0.026..1185.700 rows=29440 loops=1)
                    Filter: (keyword_id = 359)
                    Rows Removed by Filter: 4494490
              ->  Hash  (cost=73925.90..73925.90 rows=323813 width=4) (actual time=1266.124..1266.124 rows=189305 loops=1)
                    Buckets: 131072  Batches: 8  Memory Usage: 1860kB
                    ->  Seq Scan on title t  (cost=0.00..73925.90 rows=323813 width=4) (actual time=0.018..1196.694 rows=189305 loops=1)
                          Filter: ((kind_id > 1) AND (production_year < 1975))
                          Rows Removed by Filter: 2339007
Planning time: 1.166 ms
Execution time: 9339.173 ms
