Hash Join  (cost=173813.41..1147572.91 rows=4586129 width=0) (actual time=8628.027..30853.180 rows=12534234 loops=1)
  Hash Cond: (ci.movie_id = t.id)
  ->  Seq Scan on cast_info ci  (cost=0.00..796071.18 rows=11046407 width=4) (actual time=4614.623..16864.223 rows=12670688 loops=1)
        Filter: ((person_id < 3194618) AND (role_id = 1))
        Rows Removed by Filter: 23573656
  ->  Hash  (cost=156590.32..156590.32 rows=1049767 width=8) (actual time=4012.315..4012.315 rows=1187646 loops=1)
        Buckets: 131072  Batches: 16  Memory Usage: 3930kB
        ->  Hash Join  (cost=99161.12..156590.32 rows=1049767 width=8) (actual time=1994.596..3716.818 rows=1187646 loops=1)
              Hash Cond: (mi_idx.movie_id = t.id)
              ->  Seq Scan on movie_info_idx mi_idx  (cost=0.00..21735.35 rows=1380035 width=4) (actual time=0.025..496.645 rows=1380035 loops=1)
              ->  Hash  (cost=67604.59..67604.59 rows=1923403 width=4) (actual time=1993.157..1993.157 rows=1922849 loops=1)
                    Buckets: 131072  Batches: 32  Memory Usage: 3132kB
                    ->  Seq Scan on title t  (cost=0.00..67604.59 rows=1923403 width=4) (actual time=0.024..1371.559 rows=1922849 loops=1)
                          Filter: (production_year < 2010)
                          Rows Removed by Filter: 605463
Planning time: 1.252 ms
Execution time: 32282.291 ms
