Hash Join  (cost=105876.77..167139.04 rows=1273174 width=0) (actual time=2079.315..3934.356 rows=1337618 loops=1)
  Hash Cond: (mi_idx.movie_id = t.id)
  ->  Seq Scan on movie_info_idx mi_idx  (cost=0.00..21735.35 rows=1380035 width=4) (actual time=0.015..465.933 rows=1380035 loops=1)
  ->  Hash  (cost=67604.59..67604.59 rows=2332735 width=4) (actual time=2077.954..2077.954 rows=2325893 loops=1)
        Buckets: 131072  Batches: 32  Memory Usage: 3582kB
        ->  Seq Scan on title t  (cost=0.00..67604.59 rows=2332735 width=4) (actual time=0.019..1344.997 rows=2325893 loops=1)
              Filter: (production_year > 1935)
              Rows Removed by Filter: 202419
Planning time: 0.778 ms
Execution time: 4083.128 ms
