Seq Scan on cast_info ci  (cost=0.00..796071.18 rows=25420665 width=0) (actual time=1039.768..15902.940 rows=24927683 loops=1)
  Filter: ((person_id > 674674) AND (role_id < 10))
  Rows Removed by Filter: 11316661
Planning time: 0.261 ms
Execution time: 18762.748 ms
