Hash Join  (cost=183332.30..1058449.64 rows=727831 width=0) (actual time=3853.966..24350.186 rows=11576099 loops=1)
  Hash Cond: (ci.movie_id = t.id)
  ->  Seq Scan on cast_info ci  (cost=0.00..796071.18 rows=6105030 width=4) (actual time=0.015..13242.523 rows=9403917 loops=1)
        Filter: ((person_id > 2764020) AND (role_id > 1))
        Rows Removed by Filter: 26840427
  ->  Hash  (cost=178386.22..178386.22 rows=301446 width=8) (actual time=3852.859..3852.859 rows=706678 loops=1)
        Buckets: 131072 (originally 131072)  Batches: 16 (originally 4)  Memory Usage: 3073kB
        ->  Hash Join  (cost=78556.72..178386.22 rows=301446 width=8) (actual time=1409.897..3653.450 rows=706678 loops=1)
              Hash Cond: (mk.movie_id = t.id)
              ->  Seq Scan on movie_keyword mk  (cost=0.00..81003.12 rows=1141843 width=4) (actual time=0.022..1441.737 rows=1150161 loops=1)
                    Filter: (keyword_id > 16186)
                    Rows Removed by Filter: 3373769
              ->  Hash  (cost=67604.59..67604.59 rows=667531 width=4) (actual time=1408.943..1408.943 rows=662825 loops=1)
                    Buckets: 131072  Batches: 16  Memory Usage: 2486kB
                    ->  Seq Scan on title t  (cost=0.00..67604.59 rows=667531 width=4) (actual time=14.676..1185.009 rows=662825 loops=1)
                          Filter: (kind_id = 1)
                          Rows Removed by Filter: 1865487
Planning time: 1.163 ms
Execution time: 25493.296 ms
