Seq Scan on cast_info ci  (cost=0.00..705507.15 rows=31606773 width=0) (actual time=0.010..13208.420 rows=31735297 loops=1)
  Filter: (person_id > 435443)
  Rows Removed by Filter: 4509047
Planning time: 0.286 ms
Execution time: 17119.050 ms
