Hash Join  (cost=160605.14..512059.33 rows=297 width=0) (actual time=3086.123..8654.928 rows=1 loops=1)
  Hash Cond: (mi.movie_id = t.id)
  ->  Seq Scan on movie_info mi  (cost=0.00..346232.03 rows=1043839 width=4) (actual time=0.014..5600.847 rows=1095784 loops=1)
        Filter: (info_type_id > 66)
        Rows Removed by Filter: 13739936
  ->  Hash  (cost=160596.16..160596.16 rows=719 width=8) (actual time=2906.880..2906.880 rows=1 loops=1)
        Buckets: 1024  Batches: 1  Memory Usage: 9kB
        ->  Hash Join  (cost=73930.93..160596.16 rows=719 width=8) (actual time=2636.235..2906.823 rows=1 loops=1)
              Hash Cond: (mk.movie_id = t.id)
              ->  Seq Scan on movie_keyword mk  (cost=0.00..69693.30 rows=4523930 width=4) (actual time=0.011..1111.579 rows=4523930 loops=1)
              ->  Hash  (cost=73925.90..73925.90 rows=402 width=4) (actual time=996.828..996.828 rows=137 loops=1)
                    Buckets: 1024  Batches: 1  Memory Usage: 13kB
                    ->  Seq Scan on title t  (cost=0.00..73925.90 rows=402 width=4) (actual time=25.727..996.669 rows=137 loops=1)
                          Filter: ((production_year > 2013) AND (kind_id = 7))
                          Rows Removed by Filter: 2528175
Planning time: 1.161 ms
Execution time: 8655.070 ms
