Hash Join  (cost=79508.92..159399.31 rows=351087 width=0) (actual time=1276.313..3313.182 rows=227857 loops=1)
  Hash Cond: (mc.movie_id = t.id)
  ->  Seq Scan on movie_companies mc  (cost=0.00..44881.29 rows=2609129 width=4) (actual time=0.021..894.136 rows=2609129 loops=1)
  ->  Hash  (cost=73925.90..73925.90 rows=340241 width=4) (actual time=1271.720..1271.720 rows=227059 loops=1)
        Buckets: 131072  Batches: 8  Memory Usage: 2011kB
        ->  Seq Scan on title t  (cost=0.00..73925.90 rows=340241 width=4) (actual time=0.024..1196.093 rows=227059 loops=1)
              Filter: ((kind_id > 4) AND (production_year < 1983))
              Rows Removed by Filter: 2301253
Planning time: 0.822 ms
Execution time: 3339.341 ms
