Seq Scan on movie_keyword mk  (cost=0.00..81003.12 rows=4158120 width=0) (actual time=0.048..1503.500 rows=4160535 loops=1)
  Filter: (keyword_id < 46067)
  Rows Removed by Filter: 363395
Planning time: 0.202 ms
Execution time: 2011.363 ms
