Hash Join  (cost=158933.42..963149.53 rows=1261451 width=0) (actual time=3620.115..21590.141 rows=2350325 loops=1)
  Hash Cond: (ci.movie_id = t.id)
  ->  Seq Scan on cast_info ci  (cost=0.00..705507.15 rows=7298253 width=4) (actual time=0.025..13484.850 rows=7451973 loops=1)
        Filter: (role_id = 2)
        Rows Removed by Filter: 28792371
  ->  Hash  (cost=151762.44..151762.44 rows=437038 width=8) (actual time=3619.234..3619.234 rows=455304 loops=1)
        Buckets: 131072  Batches: 8  Memory Usage: 3253kB
        ->  Hash Join  (cost=106934.74..151762.44 rows=437038 width=8) (actual time=2131.205..3476.037 rows=455304 loops=1)
              Hash Cond: (mi_idx.movie_id = t.id)
              ->  Seq Scan on movie_info_idx mi_idx  (cost=0.00..25185.44 rows=460978 width=4) (actual time=0.028..501.453 rows=459925 loops=1)
                    Filter: (info_type_id = 99)
                    Rows Removed by Filter: 920110
              ->  Hash  (cost=67604.59..67604.59 rows=2397212 width=4) (actual time=2130.001..2130.001 rows=2388701 loops=1)
                    Buckets: 131072  Batches: 32  Memory Usage: 3650kB
                    ->  Seq Scan on title t  (cost=0.00..67604.59 rows=2397212 width=4) (actual time=0.013..1338.371 rows=2388701 loops=1)
                          Filter: (production_year > 1915)
                          Rows Removed by Filter: 139611
Planning time: 1.216 ms
Execution time: 21847.488 ms
