Hash Join  (cost=86421.94..131247.14 rows=415672 width=0) (actual time=1491.233..2865.503 rows=708361 loops=1)
  Hash Cond: (mi_idx.movie_id = t.id)
  ->  Seq Scan on movie_info_idx mi_idx  (cost=0.00..21735.35 rows=1380035 width=4) (actual time=0.024..483.329 rows=1380035 loops=1)
  ->  Hash  (cost=73925.90..73925.90 rows=761603 width=4) (actual time=1490.108..1490.108 rows=670584 loops=1)
        Buckets: 131072  Batches: 16  Memory Usage: 2498kB
        ->  Seq Scan on title t  (cost=0.00..73925.90 rows=761603 width=4) (actual time=0.031..1237.420 rows=670584 loops=1)
              Filter: ((kind_id < 7) AND (production_year > 1979))
              Rows Removed by Filter: 1857728
Planning time: 0.759 ms
Execution time: 2945.083 ms
