Seq Scan on cast_info ci  (cost=0.00..796071.18 rows=1545559 width=0) (actual time=11699.054..14262.022 rows=1522010 loops=1)
  Filter: ((person_id > 369652) AND (role_id = 8))
  Rows Removed by Filter: 34722334
Planning time: 0.439 ms
Execution time: 14456.459 ms
