Hash Join  (cost=94699.36..181430.02 rows=7262 width=0) (actual time=1551.089..3251.212 rows=5222 loops=1)
  Hash Cond: (mk.movie_id = t.id)
  ->  Seq Scan on movie_keyword mk  (cost=0.00..69693.30 rows=4523930 width=4) (actual time=0.017..957.136 rows=4523930 loops=1)
  ->  Hash  (cost=94648.62..94648.62 rows=4059 width=8) (actual time=1549.505..1549.505 rows=697 loops=1)
        Buckets: 4096  Batches: 1  Memory Usage: 60kB
        ->  Hash Join  (cost=67697.55..94648.62 rows=4059 width=8) (actual time=995.810..1549.155 rows=697 loops=1)
              Hash Cond: (mi_idx.movie_id = t.id)
              ->  Seq Scan on movie_info_idx mi_idx  (cost=0.00..21735.35 rows=1380035 width=4) (actual time=0.014..286.296 rows=1380035 loops=1)
              ->  Hash  (cost=67604.59..67604.59 rows=7437 width=4) (actual time=995.344..995.344 rows=3066 loops=1)
                    Buckets: 8192  Batches: 1  Memory Usage: 172kB
                    ->  Seq Scan on title t  (cost=0.00..67604.59 rows=7437 width=4) (actual time=159.152..993.814 rows=3066 loops=1)
                          Filter: (production_year = 1922)
                          Rows Removed by Filter: 2525246
Planning time: 0.911 ms
Execution time: 3252.062 ms
