Seq Scan on title t  (cost=0.00..73925.90 rows=55313 width=0) (actual time=6.512..1125.405 rows=143299 loops=1)
  Filter: ((kind_id < 7) AND (production_year < 1941))
  Rows Removed by Filter: 2385013
Planning time: 0.337 ms
Execution time: 1143.637 ms
