Hash Join  (cost=70241.71..1127700.29 rows=2302741 width=0) (actual time=3047.149..68720.032 rows=2478571 loops=1)
  Hash Cond: (ci.movie_id = t.id)
  ->  Seq Scan on cast_info ci  (cost=0.00..614943.12 rows=36225612 width=4) (actual time=0.015..44731.645 rows=36244344 loops=1)
  ->  Hash  (cost=67604.59..67604.59 rows=160730 width=4) (actual time=3046.336..3046.336 rows=160017 loops=1)
        Buckets: 131072  Batches: 4  Memory Usage: 2436kB
        ->  Seq Scan on title t  (cost=0.00..67604.59 rows=160730 width=4) (actual time=0.027..2978.462 rows=160017 loops=1)
              Filter: (production_year = 2011)
              Rows Removed by Filter: 2368295
Planning time: 0.702 ms
Execution time: 69092.768 ms
