Hash Join  (cost=132440.67..208984.95 rows=240176 width=0) (actual time=3010.947..5529.536 rows=1818465 loops=1)
  Hash Cond: (mc.movie_id = t.id)
  ->  Seq Scan on movie_companies mc  (cost=0.00..51404.11 rows=1855842 width=4) (actual time=0.010..1061.863 rows=1861412 loops=1)
        Filter: (company_id > 1451)
        Rows Removed by Filter: 747717
  ->  Hash  (cost=127071.25..127071.25 rows=327233 width=8) (actual time=3009.877..3009.877 rows=707712 loops=1)
        Buckets: 131072 (originally 131072)  Batches: 16 (originally 8)  Memory Usage: 3073kB
        ->  Hash Join  (cost=83763.44..127071.25 rows=327233 width=8) (actual time=1344.360..2791.142 rows=707712 loops=1)
              Hash Cond: (mi_idx.movie_id = t.id)
              ->  Seq Scan on movie_info_idx mi_idx  (cost=0.00..21735.35 rows=1380035 width=4) (actual time=0.030..443.584 rows=1380035 loops=1)
              ->  Hash  (cost=73925.90..73925.90 rows=599563 width=4) (actual time=1343.435..1343.435 rows=665943 loops=1)
                    Buckets: 131072  Batches: 8  Memory Usage: 3968kB
                    ->  Seq Scan on title t  (cost=0.00..73925.90 rows=599563 width=4) (actual time=0.023..1131.650 rows=665943 loops=1)
                          Filter: ((kind_id < 6) AND (production_year < 2007))
                          Rows Removed by Filter: 1862369
Planning time: 1.230 ms
Execution time: 5732.593 ms
