Hash Join  (cost=74432.12..136753.64 rows=18000 width=0) (actual time=1843.322..2655.915 rows=70725 loops=1)
  Hash Cond: (mc.movie_id = t.id)
  ->  Seq Scan on movie_companies mc  (cost=0.00..57926.93 rows=1123889 width=4) (actual time=338.784..1097.383 rows=927372 loops=1)
        Filter: ((company_id < 81316) AND (company_type_id = 2))
        Rows Removed by Filter: 1681757
  ->  Hash  (cost=73925.90..73925.90 rows=40497 width=4) (actual time=1182.952..1182.952 rows=103977 loops=1)
        Buckets: 131072 (originally 65536)  Batches: 2 (originally 1)  Memory Usage: 3073kB
        ->  Seq Scan on title t  (cost=0.00..73925.90 rows=40497 width=4) (actual time=453.613..1138.003 rows=103977 loops=1)
              Filter: ((kind_id < 7) AND (production_year < 1926))
              Rows Removed by Filter: 2424335
Planning time: 0.792 ms
Execution time: 2664.999 ms
