Hash Join  (cost=450246.79..590430.13 rows=478920 width=0) (actual time=16460.503..23689.729 rows=16979095 loops=1)
  Hash Cond: (mk.movie_id = t.id)
  ->  Seq Scan on movie_keyword mk  (cost=0.00..81003.12 rows=2963901 width=4) (actual time=0.020..1680.854 rows=2948292 loops=1)
        Filter: (keyword_id < 9920)
        Rows Removed by Filter: 1575638
  ->  Hash  (cost=443543.67..443543.67 rows=408570 width=8) (actual time=16067.887..16067.887 rows=2344240 loops=1)
        Buckets: 131072 (originally 131072)  Batches: 32 (originally 8)  Memory Usage: 3882kB
        ->  Hash Join  (cost=74802.04..443543.67 rows=408570 width=8) (actual time=1308.158..14961.113 rows=2344240 loops=1)
              Hash Cond: (mi.movie_id = t.id)
              ->  Seq Scan on movie_info mi  (cost=0.00..309384.22 rows=14739122 width=4) (actual time=0.017..5124.887 rows=14835720 loops=1)
              ->  Hash  (cost=73925.90..73925.90 rows=70091 width=4) (actual time=1180.280..1180.280 rows=195608 loops=1)
                    Buckets: 131072 (originally 131072)  Batches: 4 (originally 1)  Memory Usage: 3073kB
                    ->  Seq Scan on title t  (cost=0.00..73925.90 rows=70091 width=4) (actual time=0.026..1104.944 rows=195608 loops=1)
                          Filter: ((production_year < 1962) AND (kind_id = 1))
                          Rows Removed by Filter: 2332704
Planning time: 1.210 ms
Execution time: 25709.940 ms
