Hash Join  (cost=146088.43..968847.86 rows=26247 width=0) (actual time=2417.046..19051.987 rows=7733 loops=1)
  Hash Cond: (ci.movie_id = t.id)
  ->  Seq Scan on cast_info ci  (cost=0.00..796071.18 rows=7046875 width=4) (actual time=0.020..14781.898 rows=12670688 loops=1)
        Filter: ((person_id < 2000975) AND (role_id < 2))
        Rows Removed by Filter: 23573656
  ->  Hash  (cost=145970.70..145970.70 rows=9418 width=8) (actual time=2413.728..2413.728 rows=865 loops=1)
        Buckets: 16384  Batches: 1  Memory Usage: 162kB
        ->  Hash Join  (cost=83810.17..145970.70 rows=9418 width=8) (actual time=1731.610..2413.188 rows=865 loops=1)
              Hash Cond: (mc.movie_id = t.id)
              ->  Seq Scan on movie_companies mc  (cost=0.00..57926.93 rows=24110 width=4) (actual time=285.780..808.357 rows=5188 loops=1)
                    Filter: ((company_id = 19) AND (company_type_id = 2))
                    Rows Removed by Filter: 2603941
              ->  Hash  (cost=67604.59..67604.59 rows=987727 width=4) (actual time=1432.405..1432.405 rows=985048 loops=1)
                    Buckets: 131072  Batches: 16  Memory Usage: 3188kB
                    ->  Seq Scan on title t  (cost=0.00..67604.59 rows=987727 width=4) (actual time=0.030..1136.509 rows=985048 loops=1)
                          Filter: (kind_id < 7)
                          Rows Removed by Filter: 1543264
Planning time: 4.961 ms
Execution time: 19054.490 ms
