Nested Loop  (cost=0.43..83072.29 rows=131 width=0) (actual time=1.750..1377.632 rows=953 loops=1)
  ->  Seq Scan on movie_keyword mk  (cost=0.00..81003.12 rows=246 width=4) (actual time=1.709..1331.532 rows=1055 loops=1)
        Filter: (keyword_id = 87)
        Rows Removed by Filter: 4522875
  ->  Index Scan using title_pkey on title t  (cost=0.43..8.40 rows=1 width=4) (actual time=0.042..0.042 rows=1 loops=1055)
        Index Cond: (id = mk.movie_id)
        Filter: (production_year < 2005)
        Rows Removed by Filter: 0
Planning time: 4.215 ms
Execution time: 1378.143 ms
