Hash Join  (cost=74235.99..469205.20 rows=124257 width=0) (actual time=1647.626..10269.777 rows=62546 loops=1)
  Hash Cond: (mi.movie_id = t.id)
  ->  Seq Scan on movie_info mi  (cost=0.00..346232.03 rows=12665229 width=4) (actual time=0.026..6357.569 rows=12744652 loops=1)
        Filter: (info_type_id > 2)
        Rows Removed by Filter: 2091068
  ->  Hash  (cost=73925.90..73925.90 rows=24807 width=4) (actual time=1108.069..1108.069 rows=25986 loops=1)
        Buckets: 32768  Batches: 1  Memory Usage: 1170kB
        ->  Seq Scan on title t  (cost=0.00..73925.90 rows=24807 width=4) (actual time=209.234..1096.949 rows=25986 loops=1)
              Filter: ((kind_id = 7) AND (production_year = 1997))
              Rows Removed by Filter: 2502326
Planning time: 0.735 ms
Execution time: 10278.736 ms
