Seq Scan on movie_companies mc  (cost=0.00..57926.93 rows=1194999 width=0) (actual time=0.027..1178.297 rows=1274246 loops=1)
  Filter: ((company_id < 123211) AND (company_type_id = 1))
  Rows Removed by Filter: 1334883
Planning time: 0.349 ms
Execution time: 1329.996 ms
