Hash Join  (cost=198041.27..667280.04 rows=1850431 width=0) (actual time=4726.380..17518.573 rows=12901763 loops=1)
  Hash Cond: (mi.movie_id = t.id)
  ->  Seq Scan on movie_info mi  (cost=0.00..346232.03 rows=8859586 width=4) (actual time=0.019..6435.846 rows=8966694 loops=1)
        Filter: (info_type_id < 15)
        Rows Removed by Filter: 5869026
  ->  Hash  (cost=189376.86..189376.86 rows=528113 width=8) (actual time=4725.329..4725.329 rows=725631 loops=1)
        Buckets: 131072 (originally 131072)  Batches: 16 (originally 8)  Memory Usage: 3073kB
        ->  Hash Join  (cost=82805.75..189376.86 rows=528113 width=8) (actual time=1542.245..4495.654 rows=725631 loops=1)
              Hash Cond: (mk.movie_id = t.id)
              ->  Seq Scan on movie_keyword mk  (cost=0.00..81003.12 rows=1441294 width=4) (actual time=0.019..1600.526 rows=1458981 loops=1)
                    Filter: (keyword_id < 2064)
                    Rows Removed by Filter: 3064949
              ->  Hash  (cost=67604.59..67604.59 rows=926493 width=4) (actual time=1540.088..1540.088 rows=924605 loops=1)
                    Buckets: 131072  Batches: 16  Memory Usage: 3063kB
                    ->  Seq Scan on title t  (cost=0.00..67604.59 rows=926493 width=4) (actual time=0.014..1224.364 rows=924605 loops=1)
                          Filter: (production_year < 1998)
                          Rows Removed by Filter: 1603707
Planning time: 1.140 ms
Execution time: 18704.318 ms
