Seq Scan on movie_companies mc  (cost=0.00..51404.11 rows=1658598 width=0) (actual time=0.012..985.972 rows=1650344 loops=1)
  Filter: (company_id < 18168)
  Rows Removed by Filter: 958785
Planning time: 0.331 ms
Execution time: 1216.307 ms
