Hash Join  (cost=100338.29..281890.57 rows=3535200 width=0) (actual time=2024.984..6891.808 rows=3292811 loops=1)
  Hash Cond: (mk.movie_id = t.id)
  ->  Seq Scan on movie_keyword mk  (cost=0.00..81003.12 rows=4480231 width=4) (actual time=0.019..1778.669 rows=4483576 loops=1)
        Filter: (keyword_id < 104427)
        Rows Removed by Filter: 40354
  ->  Hash  (cost=67604.59..67604.59 rows=1995176 width=4) (actual time=2023.368..2023.368 rows=1990655 loops=1)
        Buckets: 131072  Batches: 32  Memory Usage: 3227kB
        ->  Seq Scan on title t  (cost=0.00..67604.59 rows=1995176 width=4) (actual time=0.017..1348.327 rows=1990655 loops=1)
              Filter: (production_year > 1976)
              Rows Removed by Filter: 537657
Planning time: 0.741 ms
Execution time: 7264.658 ms
