Hash Join  (cost=102767.86..845815.34 rows=1149559 width=0) (actual time=13619.290..46967.124 rows=1093558 loops=1)
  Hash Cond: (ci.movie_id = t.id)
  ->  Seq Scan on cast_info ci  (cost=0.00..705507.15 rows=1149559 width=4) (actual time=7496.265..38775.687 rows=1093558 loops=1)
        Filter: (role_id = 9)
        Rows Removed by Filter: 35150786
  ->  Hash  (cost=61283.27..61283.27 rows=2528527 width=4) (actual time=6121.548..6121.548 rows=2528312 loops=1)
        Buckets: 131072  Batches: 64  Memory Usage: 2415kB
        ->  Seq Scan on title t  (cost=0.00..61283.27 rows=2528527 width=4) (actual time=0.032..4614.198 rows=2528312 loops=1)
Planning time: 0.684 ms
Execution time: 47109.940 ms
