Hash Join  (cost=98098.54..183573.25 rows=977354 width=0) (actual time=1907.350..4050.198 rows=852378 loops=1)
  Hash Cond: (mc.movie_id = t.id)
  ->  Seq Scan on movie_companies mc  (cost=0.00..51404.11 rows=1329612 width=4) (actual time=0.028..950.174 rows=1334883 loops=1)
        Filter: (company_type_id > 1)
        Rows Removed by Filter: 1274246
  ->  Hash  (cost=67604.59..67604.59 rows=1858636 width=4) (actual time=1905.952..1905.952 rows=1852807 loops=1)
        Buckets: 131072  Batches: 32  Memory Usage: 3067kB
        ->  Seq Scan on title t  (cost=0.00..67604.59 rows=1858636 width=4) (actual time=0.027..1310.234 rows=1852807 loops=1)
              Filter: (production_year > 1985)
              Rows Removed by Filter: 675505
Planning time: 0.700 ms
Execution time: 4146.956 ms
