Nested Loop  (cost=0.43..709671.90 rows=500 width=0) (actual time=8251.187..10278.265 rows=2 loops=1)
  ->  Seq Scan on cast_info ci  (cost=0.00..705507.15 rows=500 width=4) (actual time=8251.085..10278.126 rows=2 loops=1)
        Filter: (person_id = 3594420)
        Rows Removed by Filter: 36244342
  ->  Index Only Scan using title_pkey on title t  (cost=0.43..8.32 rows=1 width=4) (actual time=0.052..0.053 rows=1 loops=2)
        Index Cond: (id = ci.movie_id)
        Heap Fetches: 2
Planning time: 0.757 ms
Execution time: 10278.339 ms
