Hash Join  (cost=73962.22..160672.23 rows=5197 width=0) (actual time=672.626..2298.658 rows=4217 loops=1)
  Hash Cond: (mk.movie_id = t.id)
  ->  Seq Scan on movie_keyword mk  (cost=0.00..69693.30 rows=4523930 width=4) (actual time=0.007..912.411 rows=4523930 loops=1)
  ->  Hash  (cost=73925.90..73925.90 rows=2905 width=4) (actual time=670.859..670.859 rows=3065 loops=1)
        Buckets: 4096  Batches: 1  Memory Usage: 140kB
        ->  Seq Scan on title t  (cost=0.00..73925.90 rows=2905 width=4) (actual time=439.788..669.865 rows=3065 loops=1)
              Filter: ((kind_id < 7) AND (production_year = 1922))
              Rows Removed by Filter: 2525247
Planning time: 0.542 ms
Execution time: 2299.362 ms
