Hash Join  (cost=164361.86..191440.20 rows=16785 width=0) (actual time=3233.981..3920.870 rows=375176 loops=1)
  Hash Cond: (mi_idx.movie_id = t.id)
  ->  Seq Scan on movie_info_idx mi_idx  (cost=0.00..21735.35 rows=1380035 width=4) (actual time=0.020..334.665 rows=1380035 loops=1)
  ->  Hash  (cost=163977.44..163977.44 rows=30754 width=8) (actual time=2976.723..2976.723 rows=147959 loops=1)
        Buckets: 131072 (originally 32768)  Batches: 2 (originally 1)  Memory Usage: 3952kB
        ->  Hash Join  (cost=76718.65..163977.44 rows=30754 width=8) (actual time=1319.813..2928.017 rows=147959 loops=1)
              Hash Cond: (mk.movie_id = t.id)
              ->  Seq Scan on movie_keyword mk  (cost=0.00..81003.12 rows=456832 width=4) (actual time=0.022..1329.483 rows=453214 loops=1)
                    Filter: (keyword_id > 39063)
                    Rows Removed by Filter: 4070716
              ->  Hash  (cost=73925.90..73925.90 rows=170220 width=4) (actual time=1318.992..1318.992 rows=305766 loops=1)
                    Buckets: 131072  Batches: 4  Memory Usage: 3720kB
                    ->  Seq Scan on title t  (cost=0.00..73925.90 rows=170220 width=4) (actual time=134.042..1217.070 rows=305766 loops=1)
                          Filter: ((production_year < 1988) AND (kind_id = 1))
                          Rows Removed by Filter: 2222546
Planning time: 1.243 ms
Execution time: 3967.568 ms
