Hash Join  (cost=156487.41..221587.36 rows=73146 width=0) (actual time=4039.241..4836.889 rows=41353 loops=1)
  Hash Cond: (mc.movie_id = t.id)
  ->  Seq Scan on movie_companies mc  (cost=0.00..57926.93 rows=401215 width=4) (actual time=324.213..1000.108 rows=82705 loops=1)
        Filter: ((company_id > 27729) AND (company_type_id = 1))
        Rows Removed by Filter: 2526424
  ->  Hash  (cost=148924.19..148924.19 rows=460978 width=8) (actual time=3713.917..3713.917 rows=459925 loops=1)
        Buckets: 131072  Batches: 8  Memory Usage: 3275kB
        ->  Hash Join  (cost=102767.86..148924.19 rows=460978 width=8) (actual time=2332.157..3588.752 rows=459925 loops=1)
              Hash Cond: (mi_idx.movie_id = t.id)
              ->  Seq Scan on movie_info_idx mi_idx  (cost=0.00..25185.44 rows=460978 width=4) (actual time=0.023..516.272 rows=459925 loops=1)
                    Filter: (info_type_id = 99)
                    Rows Removed by Filter: 920110
              ->  Hash  (cost=61283.27..61283.27 rows=2528527 width=4) (actual time=2331.138..2331.138 rows=2528312 loops=1)
                    Buckets: 131072  Batches: 64  Memory Usage: 2415kB
                    ->  Seq Scan on title t  (cost=0.00..61283.27 rows=2528527 width=4) (actual time=0.020..1143.799 rows=2528312 loops=1)
Planning time: 1.124 ms
Execution time: 4842.677 ms
