Seq Scan on movie_keyword mk  (cost=0.00..81003.12 rows=2029985 width=0) (actual time=0.025..1452.853 rows=2036123 loops=1)
  Filter: (keyword_id > 6050)
  Rows Removed by Filter: 2487807
Planning time: 0.320 ms
Execution time: 1702.379 ms
