Hash Join  (cost=122676.31..200273.43 rows=184760 width=0) (actual time=2552.920..4575.963 rows=656893 loops=1)
  Hash Cond: (mc.movie_id = t.id)
  ->  Seq Scan on movie_companies mc  (cost=0.00..44881.29 rows=2609129 width=4) (actual time=0.016..825.752 rows=2609129 loops=1)
  ->  Hash  (cost=119738.16..119738.16 rows=179052 width=8) (actual time=2552.224..2552.224 rows=216741 loops=1)
        Buckets: 131072  Batches: 4  Memory Usage: 3145kB
        ->  Hash Join  (cost=83580.70..119738.16 rows=179052 width=8) (actual time=1635.063..2494.754 rows=216741 loops=1)
              Hash Cond: (mi_idx.movie_id = t.id)
              ->  Seq Scan on movie_info_idx mi_idx  (cost=0.00..25185.44 rows=464934 width=4) (actual time=0.027..434.778 rows=460185 loops=1)
                    Filter: (info_type_id > 100)
                    Rows Removed by Filter: 919850
              ->  Hash  (cost=67604.59..67604.59 rows=973769 width=4) (actual time=1633.648..1633.648 rows=971188 loops=1)
                    Buckets: 131072  Batches: 16  Memory Usage: 3161kB
                    ->  Seq Scan on title t  (cost=0.00..67604.59 rows=973769 width=4) (actual time=0.019..1320.372 rows=971188 loops=1)
                          Filter: (production_year < 1999)
                          Rows Removed by Filter: 1557124
Planning time: 2.525 ms
Execution time: 4640.351 ms
