Seq Scan on movie_companies mc  (cost=0.00..51404.11 rows=482454 width=0) (actual time=0.025..897.257 rows=477152 loops=1)
  Filter: (company_id < 424)
  Rows Removed by Filter: 2131977
Planning time: 0.338 ms
Execution time: 959.954 ms
