Seq Scan on movie_keyword mk  (cost=0.00..81003.12 rows=3697956 width=0) (actual time=0.021..1547.684 rows=3689469 loops=1)
  Filter: (keyword_id < 22057)
  Rows Removed by Filter: 834461
Planning time: 0.351 ms
Execution time: 2009.238 ms
