Hash Join  (cost=83074.31..109988.63 rows=21 width=0) (actual time=1359.262..1849.374 rows=11 loops=1)
  Hash Cond: (mi_idx.movie_id = t.id)
  ->  Seq Scan on movie_info_idx mi_idx  (cost=0.00..25185.44 rows=460978 width=4) (actual time=0.025..443.782 rows=459925 loops=1)
        Filter: (info_type_id < 100)
        Rows Removed by Filter: 920110
  ->  Hash  (cost=83072.90..83072.90 rows=113 width=8) (actual time=1344.846..1344.846 rows=13 loops=1)
        Buckets: 1024  Batches: 1  Memory Usage: 9kB
        ->  Nested Loop  (cost=0.43..83072.90 rows=113 width=8) (actual time=865.295..1344.819 rows=13 loops=1)
              ->  Seq Scan on movie_keyword mk  (cost=0.00..81003.12 rows=246 width=4) (actual time=0.498..1269.460 rows=2290 loops=1)
                    Filter: (keyword_id = 20342)
                    Rows Removed by Filter: 4521640
              ->  Index Scan using title_pkey on title t  (cost=0.43..8.40 rows=1 width=4) (actual time=0.032..0.032 rows=0 loops=2290)
                    Index Cond: (id = mk.movie_id)
                    Filter: ((production_year > 1982) AND (kind_id = 7))
                    Rows Removed by Filter: 1
Planning time: 0.986 ms
Execution time: 1849.511 ms
