Hash Join  (cost=139282.13..504193.43 rows=25537 width=0) (actual time=2242.967..9403.753 rows=27599 loops=1)
  Hash Cond: (mi.movie_id = t.id)
  ->  Seq Scan on movie_info mi  (cost=0.00..309384.22 rows=14739122 width=4) (actual time=0.011..4393.651 rows=14835720 loops=1)
  ->  Hash  (cost=139227.37..139227.37 rows=4381 width=8) (actual time=2231.831..2231.831 rows=1870 loops=1)
        Buckets: 8192  Batches: 1  Memory Usage: 138kB
        ->  Hash Join  (cost=78473.92..139227.37 rows=4381 width=8) (actual time=1297.018..2231.234 rows=1870 loops=1)
              Hash Cond: (mc.movie_id = t.id)
              ->  Seq Scan on movie_companies mc  (cost=0.00..57926.93 rows=16719 width=4) (actual time=0.137..843.743 rows=35517 loops=1)
                    Filter: ((company_type_id < 2) AND (company_id = 160))
                    Rows Removed by Filter: 2573612
              ->  Hash  (cost=67604.59..67604.59 rows=662507 width=4) (actual time=1295.848..1295.848 rows=662065 loops=1)
                    Buckets: 131072  Batches: 16  Memory Usage: 2481kB
                    ->  Seq Scan on title t  (cost=0.00..67604.59 rows=662507 width=4) (actual time=0.015..1084.698 rows=662065 loops=1)
                          Filter: (production_year > 2008)
                          Rows Removed by Filter: 1866247
Planning time: 1.178 ms
Execution time: 9408.346 ms
