Hash Join  (cost=263115.61..1355578.39 rows=12112632 width=0) (actual time=6583.658..38125.904 rows=27322258 loops=1)
  Hash Cond: (ci.movie_id = t.id)
  ->  Seq Scan on cast_info ci  (cost=0.00..796071.18 rows=11738445 width=4) (actual time=511.795..16691.854 rows=12670688 loops=1)
        Filter: ((person_id < 3523095) AND (role_id = 1))
        Rows Removed by Filter: 23573656
  ->  Hash  (cost=220309.49..220309.49 rows=2609129 width=8) (actual time=6070.677..6070.677 rows=2609129 loops=1)
        Buckets: 131072  Batches: 64  Memory Usage: 2610kB
        ->  Hash Join  (cost=102767.86..220309.49 rows=2609129 width=8) (actual time=1926.787..5302.248 rows=2609129 loops=1)
              Hash Cond: (mc.movie_id = t.id)
              ->  Seq Scan on movie_companies mc  (cost=0.00..44881.29 rows=2609129 width=4) (actual time=0.027..893.730 rows=2609129 loops=1)
              ->  Hash  (cost=61283.27..61283.27 rows=2528527 width=4) (actual time=1925.514..1925.514 rows=2528312 loops=1)
                    Buckets: 131072  Batches: 64  Memory Usage: 2415kB
                    ->  Seq Scan on title t  (cost=0.00..61283.27 rows=2528527 width=4) (actual time=0.017..1096.805 rows=2528312 loops=1)
Planning time: 1.194 ms
Execution time: 41304.423 ms
