Seq Scan on cast_info ci  (cost=0.00..705507.15 rows=500 width=0) (actual time=3559.098..11357.817 rows=40 loops=1)
  Filter: (person_id = 1643083)
  Rows Removed by Filter: 36244304
Planning time: 0.420 ms
Execution time: 11357.955 ms
