Seq Scan on movie_companies mc  (cost=0.00..57926.93 rows=755037 width=0) (actual time=239.449..1027.939 rows=1037213 loops=1)
  Filter: ((company_id < 14353) AND (company_type_id = 1))
  Rows Removed by Filter: 1571916
Planning time: 0.498 ms
Execution time: 1160.698 ms
