Hash Join  (cost=121174.83..245421.75 rows=208436 width=0) (actual time=2757.962..6939.287 rows=3457892 loops=1)
  Hash Cond: (mk.movie_id = t.id)
  ->  Seq Scan on movie_keyword mk  (cost=0.00..81003.12 rows=3508918 width=4) (actual time=0.015..1764.451 rows=3503148 loops=1)
        Filter: (keyword_id > 992)
        Rows Removed by Filter: 1020782
  ->  Hash  (cost=118710.34..118710.34 rows=150199 width=8) (actual time=2757.170..2757.170 rows=385673 loops=1)
        Buckets: 131072 (originally 131072)  Batches: 8 (originally 2)  Memory Usage: 3073kB
        ->  Hash Join  (cost=78440.87..118710.34 rows=150199 width=8) (actual time=1418.055..2642.510 rows=385673 loops=1)
              Hash Cond: (mi_idx.movie_id = t.id)
              ->  Seq Scan on movie_info_idx mi_idx  (cost=0.00..21735.35 rows=1380035 width=4) (actual time=0.010..450.851 rows=1380035 loops=1)
              ->  Hash  (cost=73925.90..73925.90 rows=275197 width=4) (actual time=1416.890..1416.890 rows=414389 loops=1)
                    Buckets: 131072 (originally 131072)  Batches: 8 (originally 4)  Memory Usage: 3073kB
                    ->  Seq Scan on title t  (cost=0.00..73925.90 rows=275197 width=4) (actual time=0.010..1281.250 rows=414389 loops=1)
                          Filter: ((kind_id < 4) AND (production_year < 1995))
                          Rows Removed by Filter: 2113923
Planning time: 0.760 ms
Execution time: 7326.296 ms
