Seq Scan on movie_keyword mk  (cost=0.00..81003.12 rows=1389234 width=0) (actual time=0.015..1410.197 rows=1404459 loops=1)
  Filter: (keyword_id > 11917)
  Rows Removed by Filter: 3119471
Planning time: 0.307 ms
Execution time: 1578.530 ms
