Hash Join  (cost=77184.65..155059.69 rows=204951 width=0) (actual time=1244.764..3375.637 rows=271600 loops=1)
  Hash Cond: (mc.movie_id = t.id)
  ->  Seq Scan on movie_companies mc  (cost=0.00..44881.29 rows=2609129 width=4) (actual time=0.016..927.552 rows=2609129 loops=1)
  ->  Hash  (cost=73925.90..73925.90 rows=198620 width=4) (actual time=1243.939..1243.939 rows=182023 loops=1)
        Buckets: 131072  Batches: 4  Memory Usage: 2629kB
        ->  Seq Scan on title t  (cost=0.00..73925.90 rows=198620 width=4) (actual time=0.032..1186.608 rows=182023 loops=1)
              Filter: ((kind_id < 3) AND (production_year > 2008))
              Rows Removed by Filter: 2346289
Planning time: 0.699 ms
Execution time: 3410.365 ms
