Hash Join  (cost=102767.86..229319.61 rows=1482377 width=0) (actual time=1989.236..5072.725 rows=1494592 loops=1)
  Hash Cond: (mk.movie_id = t.id)
  ->  Seq Scan on movie_keyword mk  (cost=0.00..81003.12 rows=1482377 width=4) (actual time=0.020..1520.808 rows=1494592 loops=1)
        Filter: (keyword_id > 10864)
        Rows Removed by Filter: 3029338
  ->  Hash  (cost=61283.27..61283.27 rows=2528527 width=4) (actual time=1987.544..1987.544 rows=2528312 loops=1)
        Buckets: 131072  Batches: 64  Memory Usage: 2425kB
        ->  Seq Scan on title t  (cost=0.00..61283.27 rows=2528527 width=4) (actual time=0.014..1100.959 rows=2528312 loops=1)
Planning time: 0.722 ms
Execution time: 5254.919 ms
