Nested Loop  (cost=44377.22..139936.09 rows=2552 width=0) (actual time=860.163..2558.497 rows=13353 loops=1)
  ->  Hash Join  (cost=44376.79..131766.01 rows=13897 width=8) (actual time=860.078..2317.521 rows=13353 loops=1)
        Hash Cond: (mk.movie_id = mi_idx.movie_id)
        ->  Seq Scan on movie_keyword mk  (cost=0.00..81003.12 rows=4675 width=4) (actual time=0.803..1243.158 rows=4910 loops=1)
              Filter: (keyword_id = 1116)
              Rows Removed by Filter: 4519020
        ->  Hash  (cost=21735.35..21735.35 rows=1380035 width=4) (actual time=842.670..842.670 rows=1380035 loops=1)
              Buckets: 131072  Batches: 32  Memory Usage: 2556kB
              ->  Seq Scan on movie_info_idx mi_idx  (cost=0.00..21735.35 rows=1380035 width=4) (actual time=0.018..430.623 rows=1380035 loops=1)
  ->  Index Only Scan using title_pkey on title t  (cost=0.43..0.58 rows=1 width=4) (actual time=0.017..0.018 rows=1 loops=13353)
        Index Cond: (id = mi_idx.movie_id)
        Heap Fetches: 13353
Planning time: 1.128 ms
Execution time: 2561.135 ms
