Hash Join  (cost=73980.27..132538.11 rows=3266 width=0) (actual time=1123.858..2349.923 rows=9703 loops=1)
  Hash Cond: (mc.movie_id = t.id)
  ->  Seq Scan on movie_companies mc  (cost=0.00..51404.11 rows=1898951 width=4) (actual time=0.015..925.991 rows=1892851 loops=1)
        Filter: (company_id < 43110)
        Rows Removed by Filter: 716278
  ->  Hash  (cost=73925.90..73925.90 rows=4349 width=4) (actual time=1123.661..1123.661 rows=8831 loops=1)
        Buckets: 16384 (originally 8192)  Batches: 1 (originally 1)  Memory Usage: 439kB
        ->  Seq Scan on title t  (cost=0.00..73925.90 rows=4349 width=4) (actual time=689.297..1119.646 rows=8831 loops=1)
              Filter: ((kind_id = 4) AND (production_year = 2005))
              Rows Removed by Filter: 2519481
Planning time: 2.271 ms
Execution time: 2351.684 ms
