Seq Scan on movie_keyword mk  (cost=0.00..81003.12 rows=246 width=0) (actual time=0.132..1259.018 rows=2822 loops=1)
  Filter: (keyword_id = 62)
  Rows Removed by Filter: 4521108
Planning time: 0.357 ms
Execution time: 1259.775 ms
