Seq Scan on movie_keyword mk  (cost=0.00..81003.12 rows=246 width=0) (actual time=104.994..1438.678 rows=4 loops=1)
  Filter: (keyword_id = 74684)
  Rows Removed by Filter: 4523926
Planning time: 0.395 ms
Execution time: 1438.762 ms
