Seq Scan on movie_companies mc  (cost=0.00..51404.11 rows=2500517 width=0) (actual time=0.026..1163.142 rows=2500210 loops=1)
  Filter: (company_id < 152475)
  Rows Removed by Filter: 108919
Planning time: 0.257 ms
Execution time: 1472.951 ms
