Seq Scan on movie_companies mc  (cost=0.00..51404.11 rows=104 width=0) (actual time=136.616..2270.574 rows=1854 loops=1)
  Filter: (company_id = 226)
  Rows Removed by Filter: 2607275
Planning time: 0.390 ms
Execution time: 2271.076 ms
