Hash Join  (cost=83810.17..163355.52 rows=448444 width=0) (actual time=3106.735..6473.349 rows=900768 loops=1)
  Hash Cond: (mc.movie_id = t.id)
  ->  Seq Scan on movie_companies mc  (cost=0.00..57926.93 rows=1147991 width=4) (actual time=0.028..2256.913 rows=1257392 loops=1)
        Filter: ((company_id > 166) AND (company_type_id = 2))
        Rows Removed by Filter: 1351737
  ->  Hash  (cost=67604.59..67604.59 rows=987727 width=4) (actual time=3105.718..3105.718 rows=985048 loops=1)
        Buckets: 131072  Batches: 16  Memory Usage: 3188kB
        ->  Seq Scan on title t  (cost=0.00..67604.59 rows=987727 width=4) (actual time=0.018..2484.344 rows=985048 loops=1)
              Filter: (kind_id < 7)
              Rows Removed by Filter: 1543264
Planning time: 3.774 ms
Execution time: 6579.178 ms
