Hash Join  (cost=169991.58..1260007.53 rows=5472079 width=0) (actual time=3500.813..32975.799 rows=4510339 loops=1)
  Hash Cond: (ci.movie_id = t.id)
  ->  Seq Scan on cast_info ci  (cost=0.00..614943.12 rows=36225612 width=4) (actual time=0.018..13426.905 rows=36244344 loops=1)
  ->  Hash  (cost=163725.23..163725.23 rows=381948 width=8) (actual time=3499.952..3499.952 rows=183388 loops=1)
        Buckets: 131072  Batches: 8  Memory Usage: 1923kB
        ->  Hash Join  (cost=94744.57..163725.23 rows=381948 width=8) (actual time=2020.318..3443.127 rows=183388 loops=1)
              Hash Cond: (mc.movie_id = t.id)
              ->  Seq Scan on movie_companies mc  (cost=0.00..51404.11 rows=761084 width=4) (actual time=182.260..941.933 rows=766682 loops=1)
                    Filter: (company_id > 34438)
                    Rows Removed by Filter: 1842447
              ->  Hash  (cost=73925.90..73925.90 rows=1268933 width=4) (actual time=1835.215..1835.215 rows=1236795 loops=1)
                    Buckets: 131072  Batches: 32  Memory Usage: 2383kB
                    ->  Seq Scan on title t  (cost=0.00..73925.90 rows=1268933 width=4) (actual time=0.016..1436.959 rows=1236795 loops=1)
                          Filter: ((kind_id > 3) AND (production_year < 2010))
                          Rows Removed by Filter: 1291517
Planning time: 0.936 ms
Execution time: 33453.478 ms
