Hash Join  (cost=115571.60..886126.17 rows=424444 width=0) (actual time=6324.248..50183.753 rows=582123 loops=1)
  Hash Cond: (ci.movie_id = t.id)
  ->  Seq Scan on cast_info ci  (cost=0.00..705507.15 rows=16214134 width=4) (actual time=0.021..37870.489 rows=16368727 loops=1)
        Filter: (person_id > 1995669)
        Rows Removed by Filter: 19875617
  ->  Hash  (cost=114744.22..114744.22 rows=66190 width=8) (actual time=6322.686..6322.686 rows=32265 loops=1)
        Buckets: 131072  Batches: 1  Memory Usage: 2285kB
        ->  Hash Join  (cost=75915.84..114744.22 rows=66190 width=8) (actual time=3823.492..6304.856 rows=32265 loops=1)
              Hash Cond: (mi_idx.movie_id = t.id)
              ->  Seq Scan on movie_info_idx mi_idx  (cost=0.00..21735.35 rows=1380035 width=4) (actual time=0.016..1671.823 rows=1380035 loops=1)
              ->  Hash  (cost=73925.90..73925.90 rows=121275 width=4) (actual time=3822.681..3822.681 rows=124747 loops=1)
                    Buckets: 131072  Batches: 2  Memory Usage: 3219kB
                    ->  Seq Scan on title t  (cost=0.00..73925.90 rows=121275 width=4) (actual time=0.019..3760.345 rows=124747 loops=1)
                          Filter: ((kind_id > 1) AND (production_year = 2012))
                          Rows Removed by Filter: 2403565
Planning time: 1.325 ms
Execution time: 50286.506 ms
