Hash Join  (cost=83816.22..454021.48 rows=369550 width=0) (actual time=3142.517..7795.381 rows=832097 loops=1)
  Hash Cond: (mi.movie_id = t.id)
  ->  Seq Scan on movie_info mi  (cost=0.00..346232.03 rows=1550064 width=4) (actual time=1668.603..5423.626 rows=1533909 loops=1)
        Filter: (info_type_id = 3)
        Rows Removed by Filter: 13301811
  ->  Hash  (cost=73925.90..73925.90 rows=602825 width=4) (actual time=1387.198..1387.198 rows=487361 loops=1)
        Buckets: 131072  Batches: 8  Memory Usage: 3188kB
        ->  Seq Scan on title t  (cost=0.00..73925.90 rows=602825 width=4) (actual time=0.064..1240.799 rows=487361 loops=1)
              Filter: ((production_year > 1952) AND (kind_id = 1))
              Rows Removed by Filter: 2040951
Planning time: 0.895 ms
Execution time: 7884.224 ms
