Hash Join  (cost=74251.74..167756.37 rows=33448 width=0) (actual time=3467.761..8522.880 rows=25012 loops=1)
  Hash Cond: (mk.movie_id = t.id)
  ->  Seq Scan on movie_keyword mk  (cost=0.00..81003.12 rows=3244540 width=4) (actual time=0.019..4350.892 rows=3235040 loops=1)
        Filter: (keyword_id < 13716)
        Rows Removed by Filter: 1288890
  ->  Hash  (cost=73925.90..73925.90 rows=26067 width=4) (actual time=3467.427..3467.427 rows=27085 loops=1)
        Buckets: 32768  Batches: 1  Memory Usage: 1209kB
        ->  Seq Scan on title t  (cost=0.00..73925.90 rows=26067 width=4) (actual time=0.016..3455.592 rows=27085 loops=1)
              Filter: ((kind_id < 7) AND (production_year > 2012))
              Rows Removed by Filter: 2501227
Planning time: 2.032 ms
Execution time: 8535.323 ms
