Hash Join  (cost=205177.53..756835.27 rows=5196403 width=0) (actual time=8591.863..42550.518 rows=21414799 loops=1)
  Hash Cond: (mi.movie_id = t.id)
  ->  Seq Scan on movie_info mi  (cost=0.00..346232.03 rows=12928982 width=4) (actual time=0.020..20842.699 rows=12970088 loops=1)
        Filter: (info_type_id < 18)
        Rows Removed by Filter: 1865632
  ->  Hash  (cost=188504.24..188504.24 rows=1016263 width=8) (actual time=8590.741..8590.741 rows=1016126 loops=1)
        Buckets: 131072  Batches: 16  Memory Usage: 3532kB
        ->  Hash Join  (cost=102767.86..188504.24 rows=1016263 width=8) (actual time=4817.667..8277.904 rows=1016126 loops=1)
              Hash Cond: (mc.movie_id = t.id)
              ->  Seq Scan on movie_companies mc  (cost=0.00..51404.11 rows=1016263 width=4) (actual time=0.014..2120.637 rows=1016126 loops=1)
                    Filter: (company_id < 5242)
                    Rows Removed by Filter: 1593003
              ->  Hash  (cost=61283.27..61283.27 rows=2528527 width=4) (actual time=4816.564..4816.564 rows=2528312 loops=1)
                    Buckets: 131072  Batches: 64  Memory Usage: 2415kB
                    ->  Seq Scan on title t  (cost=0.00..61283.27 rows=2528527 width=4) (actual time=0.022..3825.352 rows=2528312 loops=1)
Planning time: 10.751 ms
Execution time: 45147.627 ms
