Seq Scan on movie_keyword mk  (cost=0.00..81003.12 rows=2960374 width=0) (actual time=0.025..4532.580 rows=2952039 loops=1)
  Filter: (keyword_id > 2369)
  Rows Removed by Filter: 1571891
Planning time: 0.382 ms
Execution time: 5009.751 ms
