Hash Join  (cost=83074.74..833899.15 rows=3524 width=0) (actual time=3836.010..48292.391 rows=12747 loops=1)
  Hash Cond: (ci.movie_id = t.id)
  ->  Seq Scan on cast_info ci  (cost=0.00..614943.12 rows=36225612 width=4) (actual time=0.024..34840.737 rows=36244344 loops=1)
  ->  Hash  (cost=83071.67..83071.67 rows=246 width=8) (actual time=3815.599..3815.599 rows=1462 loops=1)
        Buckets: 2048 (originally 1024)  Batches: 1 (originally 1)  Memory Usage: 74kB
        ->  Nested Loop  (cost=0.43..83071.67 rows=246 width=8) (actual time=9.581..3814.460 rows=1462 loops=1)
              ->  Seq Scan on movie_keyword mk  (cost=0.00..81003.12 rows=246 width=4) (actual time=9.511..3644.129 rows=1462 loops=1)
                    Filter: (keyword_id = 71605)
                    Rows Removed by Filter: 4522468
              ->  Index Only Scan using title_pkey on title t  (cost=0.43..8.40 rows=1 width=4) (actual time=0.115..0.115 rows=1 loops=1462)
                    Index Cond: (id = mk.movie_id)
                    Heap Fetches: 1462
Planning time: 4.723 ms
Execution time: 48295.005 ms
