Hash Join  (cost=75389.57..560742.51 rows=519801 width=0) (actual time=3701.150..30604.723 rows=295749 loops=1)
  Hash Cond: (mi.movie_id = t.id)
  ->  Seq Scan on movie_info mi  (cost=0.00..309384.22 rows=14739122 width=4) (actual time=0.017..19396.910 rows=14835720 loops=1)
  ->  Hash  (cost=73925.90..73925.90 rows=89173 width=4) (actual time=3700.297..3700.297 rows=96478 loops=1)
        Buckets: 131072  Batches: 2  Memory Usage: 2724kB
        ->  Seq Scan on title t  (cost=0.00..73925.90 rows=89173 width=4) (actual time=0.018..3653.245 rows=96478 loops=1)
              Filter: ((kind_id > 2) AND (production_year = 2009))
              Rows Removed by Filter: 2431834
Planning time: 0.760 ms
Execution time: 30668.199 ms
