Seq Scan on movie_companies mc  (cost=0.00..57926.93 rows=159145 width=0) (actual time=248.138..1796.214 rows=311948 loops=1)
  Filter: ((company_id > 92396) AND (company_type_id = 2))
  Rows Removed by Filter: 2297181
Planning time: 0.414 ms
Execution time: 1835.818 ms
