Nested Loop  (cost=0.43..83071.67 rows=246 width=0) (actual time=123.038..2443.991 rows=1 loops=1)
  ->  Seq Scan on movie_keyword mk  (cost=0.00..81003.12 rows=246 width=4) (actual time=122.940..2443.890 rows=1 loops=1)
        Filter: (keyword_id = 82050)
        Rows Removed by Filter: 4523929
  ->  Index Only Scan using title_pkey on title t  (cost=0.43..8.40 rows=1 width=4) (actual time=0.082..0.083 rows=1 loops=1)
        Index Cond: (id = mk.movie_id)
        Heap Fetches: 1
Planning time: 0.766 ms
Execution time: 2444.063 ms
