Seq Scan on movie_info mi  (cost=0.00..346232.03 rows=13594802 width=0) (actual time=0.020..19798.851 rows=13635350 loops=1)
  Filter: (info_type_id < 40)
  Rows Removed by Filter: 1200370
Planning time: 0.338 ms
Execution time: 22068.814 ms
