Seq Scan on movie_keyword mk  (cost=0.00..81003.12 rows=2258783 width=0) (actual time=0.023..2830.161 rows=2262036 loops=1)
  Filter: (keyword_id < 4704)
  Rows Removed by Filter: 2261894
Planning time: 0.339 ms
Execution time: 3149.368 ms
