Hash Join  (cost=82370.79..1153894.12 rows=5449071 width=0) (actual time=7842.939..71663.242 rows=5290846 loops=1)
  Hash Cond: (ci.movie_id = t.id)
  ->  Seq Scan on cast_info ci  (cost=0.00..705507.15 rows=26768657 width=4) (actual time=3587.842..46580.778 rows=26955432 loops=1)
        Filter: (person_id > 914696)
        Rows Removed by Filter: 9288912
  ->  Hash  (cost=73925.90..73925.90 rows=514711 width=4) (actual time=4254.258..4254.258 rows=386575 loops=1)
        Buckets: 131072  Batches: 8  Memory Usage: 2730kB
        ->  Seq Scan on title t  (cost=0.00..73925.90 rows=514711 width=4) (actual time=94.502..4089.889 rows=386575 loops=1)
              Filter: ((production_year > 1979) AND (kind_id = 1))
              Rows Removed by Filter: 2141737
Planning time: 0.778 ms
Execution time: 72396.233 ms
