Hash Join  (cost=52284.01..79194.53 rows=3 width=0) (actual time=2657.313..4155.414 rows=30 loops=1)
  Hash Cond: (mi_idx.movie_id = t.id)
  ->  Seq Scan on movie_info_idx mi_idx  (cost=0.00..21735.35 rows=1380035 width=4) (actual time=0.015..1216.354 rows=1380035 loops=1)
  ->  Hash  (cost=52283.95..52283.95 rows=5 width=8) (actual time=2539.889..2539.889 rows=12 loops=1)
        Buckets: 1024  Batches: 1  Memory Usage: 9kB
        ->  Nested Loop  (cost=0.43..52283.95 rows=5 width=8) (actual time=293.362..2539.871 rows=12 loops=1)
              ->  Seq Scan on movie_companies mc  (cost=0.00..51404.11 rows=104 width=4) (actual time=2.212..2502.071 rows=145 loops=1)
                    Filter: (company_id = 2948)
                    Rows Removed by Filter: 2608984
              ->  Index Scan using title_pkey on title t  (cost=0.43..8.45 rows=1 width=4) (actual time=0.258..0.258 rows=0 loops=145)
                    Index Cond: (id = mc.movie_id)
                    Filter: (kind_id = 4)
                    Rows Removed by Filter: 1
Planning time: 5.962 ms
Execution time: 4155.562 ms
