Seq Scan on cast_info ci  (cost=0.00..705507.15 rows=14743966 width=0) (actual time=0.014..37150.280 rows=14905959 loops=1)
  Filter: (person_id > 2159668)
  Rows Removed by Filter: 21338385
Planning time: 0.340 ms
Execution time: 39541.844 ms
