Hash Join  (cost=75666.39..112232.23 rows=38377 width=0) (actual time=3331.640..4620.300 rows=17706 loops=1)
  Hash Cond: (mi_idx.movie_id = t.id)
  ->  Seq Scan on movie_info_idx mi_idx  (cost=0.00..25185.44 rows=915101 width=4) (actual time=0.016..716.759 rows=919850 loops=1)
        Filter: (info_type_id < 101)
        Rows Removed by Filter: 460185
  ->  Hash  (cost=73925.90..73925.90 rows=106039 width=4) (actual time=3302.185..3302.185 rows=113673 loops=1)
        Buckets: 131072  Batches: 2  Memory Usage: 3022kB
        ->  Seq Scan on title t  (cost=0.00..73925.90 rows=106039 width=4) (actual time=0.021..3254.787 rows=113673 loops=1)
              Filter: ((kind_id > 3) AND (production_year = 2011))
              Rows Removed by Filter: 2414639
Planning time: 0.757 ms
Execution time: 4623.118 ms
