Hash Join  (cost=194193.35..1107505.93 rows=1929955 width=0) (actual time=9853.100..56535.124 rows=1178482 loops=1)
  Hash Cond: (ci.movie_id = t.id)
  ->  Seq Scan on cast_info ci  (cost=0.00..705507.15 rows=16201301 width=4) (actual time=0.017..38707.248 rows=16121683 loops=1)
        Filter: (role_id > 2)
        Rows Removed by Filter: 20122661
  ->  Hash  (cost=189251.26..189251.26 rows=301207 width=8) (actual time=9845.918..9845.918 rows=59523 loops=1)
        Buckets: 131072  Batches: 4  Memory Usage: 1615kB
        ->  Hash Join  (cost=92883.59..189251.26 rows=301207 width=8) (actual time=7915.368..9828.515 rows=59523 loops=1)
              Hash Cond: (mk.movie_id = t.id)
              ->  Seq Scan on movie_keyword mk  (cost=0.00..81003.12 rows=494295 width=4) (actual time=0.029..4086.833 rows=488770 loops=1)
                    Filter: (keyword_id > 36802)
                    Rows Removed by Filter: 4035160
              ->  Hash  (cost=67604.59..67604.59 rows=1540800 width=4) (actual time=5217.593..5217.593 rows=1543264 loops=1)
                    Buckets: 131072  Batches: 32  Memory Usage: 2728kB
                    ->  Seq Scan on title t  (cost=0.00..67604.59 rows=1540800 width=4) (actual time=455.060..4292.445 rows=1543264 loops=1)
                          Filter: (kind_id = 7)
                          Rows Removed by Filter: 985048
Planning time: 1.124 ms
Execution time: 56694.597 ms
