Hash Join  (cost=950239.28..1094606.53 rows=1835721 width=0) (actual time=46588.709..55299.718 rows=3105993 loops=1)
  Hash Cond: (mk.movie_id = t.id)
  ->  Seq Scan on movie_keyword mk  (cost=0.00..69693.30 rows=4523930 width=4) (actual time=0.011..4947.242 rows=4523930 loops=1)
  ->  Hash  (cost=933405.96..933405.96 rows=1026026 width=8) (actual time=46586.830..46586.830 rows=831824 loops=1)
        Buckets: 131072  Batches: 16  Memory Usage: 3056kB
        ->  Hash Join  (cost=102767.86..933405.96 rows=1026026 width=8) (actual time=38410.095..46307.120 rows=831824 loops=1)
              Hash Cond: (ci.movie_id = t.id)
              ->  Seq Scan on cast_info ci  (cost=0.00..796071.18 rows=1026026 width=4) (actual time=32674.926..39056.535 rows=831824 loops=1)
                    Filter: ((person_id < 2149970) AND (role_id = 8))
                    Rows Removed by Filter: 35412520
              ->  Hash  (cost=61283.27..61283.27 rows=2528527 width=4) (actual time=5733.919..5733.919 rows=2528312 loops=1)
                    Buckets: 131072  Batches: 64  Memory Usage: 2415kB
                    ->  Seq Scan on title t  (cost=0.00..61283.27 rows=2528527 width=4) (actual time=0.016..4301.791 rows=2528312 loops=1)
Planning time: 1.093 ms
Execution time: 55732.081 ms
