Nested Loop  (cost=0.43..124109.85 rows=2356 width=0) (actual time=0.316..3284.392 rows=5950 loops=1)
  ->  Seq Scan on movie_keyword mk  (cost=0.00..81003.12 rows=6032 width=4) (actual time=0.266..2602.389 rows=6525 loops=1)
        Filter: (keyword_id = 70)
        Rows Removed by Filter: 4517405
  ->  Index Scan using title_pkey on title t  (cost=0.43..7.14 rows=1 width=4) (actual time=0.103..0.104 rows=1 loops=6525)
        Index Cond: (id = mk.movie_id)
        Filter: (kind_id < 7)
        Rows Removed by Filter: 0
Planning time: 0.712 ms
Execution time: 3286.351 ms
