Seq Scan on movie_keyword mk  (cost=0.00..81003.12 rows=576406 width=0) (actual time=0.023..3447.832 rows=578266 loops=1)
  Filter: (keyword_id < 410)
  Rows Removed by Filter: 3945664
Planning time: 0.326 ms
Execution time: 3547.465 ms
