Hash Join  (cost=73950.44..128636.23 rows=2026 width=0) (actual time=2689.105..4601.303 rows=10723 loops=1)
  Hash Cond: (mc.movie_id = t.id)
  ->  Seq Scan on movie_companies mc  (cost=0.00..44881.29 rows=2609129 width=4) (actual time=0.010..1343.380 rows=2609129 loops=1)
  ->  Hash  (cost=73925.90..73925.90 rows=1963 width=4) (actual time=2688.890..2688.890 rows=5006 loops=1)
        Buckets: 8192 (originally 2048)  Batches: 1 (originally 1)  Memory Usage: 240kB
        ->  Seq Scan on title t  (cost=0.00..73925.90 rows=1963 width=4) (actual time=234.359..2686.259 rows=5006 loops=1)
              Filter: ((kind_id = 1) AND (production_year = 1991))
              Rows Removed by Filter: 2523306
Planning time: 0.701 ms
Execution time: 4603.255 ms
