Hash Join  (cost=190230.21..316918.35 rows=1292054 width=0) (actual time=8813.252..16019.644 rows=5520972 loops=1)
  Hash Cond: (mk.movie_id = t.id)
  ->  Seq Scan on movie_keyword mk  (cost=0.00..81003.12 rows=2367326 width=4) (actual time=0.026..4320.707 rows=2361686 loops=1)
        Filter: (keyword_id > 4134)
        Rows Removed by Filter: 2162244
  ->  Hash  (cost=167588.78..167588.78 rows=1380035 width=8) (actual time=8811.825..8811.825 rows=1380035 loops=1)
        Buckets: 131072  Batches: 32  Memory Usage: 2726kB
        ->  Hash Join  (cost=102767.86..167588.78 rows=1380035 width=8) (actual time=5301.811..8377.183 rows=1380035 loops=1)
              Hash Cond: (mi_idx.movie_id = t.id)
              ->  Seq Scan on movie_info_idx mi_idx  (cost=0.00..21735.35 rows=1380035 width=4) (actual time=0.016..1362.109 rows=1380035 loops=1)
              ->  Hash  (cost=61283.27..61283.27 rows=2528527 width=4) (actual time=5300.428..5300.428 rows=2528312 loops=1)
                    Buckets: 131072  Batches: 64  Memory Usage: 2415kB
                    ->  Seq Scan on title t  (cost=0.00..61283.27 rows=2528527 width=4) (actual time=0.010..4195.494 rows=2528312 loops=1)
Planning time: 1.079 ms
Execution time: 16699.036 ms
