Seq Scan on movie_keyword mk  (cost=0.00..81003.12 rows=676602 width=0) (actual time=0.017..2844.444 rows=674918 loops=1)
  Filter: (keyword_id < 545)
  Rows Removed by Filter: 3849012
Planning time: 0.297 ms
Execution time: 2951.857 ms
