Seq Scan on movie_keyword mk  (cost=0.00..81003.12 rows=246 width=0) (actual time=0.798..3027.082 rows=86 loops=1)
  Filter: (keyword_id = 5179)
  Rows Removed by Filter: 4523844
Planning time: 3.227 ms
Execution time: 3027.275 ms
