Hash Join  (cost=74730.49..887424.71 rows=105670 width=0) (actual time=3510.865..37741.002 rows=45040 loops=1)
  Hash Cond: (ci.movie_id = t.id)
  ->  Seq Scan on cast_info ci  (cost=0.00..796071.18 rows=4151024 width=4) (actual time=30.611..33484.399 rows=1764454 loops=1)
        Filter: ((person_id < 608246) AND (role_id > 1))
        Rows Removed by Filter: 34479890
  ->  Hash  (cost=73925.90..73925.90 rows=64367 width=4) (actual time=3479.850..3479.850 rows=53905 loops=1)
        Buckets: 65536  Batches: 1  Memory Usage: 2408kB
        ->  Seq Scan on title t  (cost=0.00..73925.90 rows=64367 width=4) (actual time=0.218..3456.028 rows=53905 loops=1)
              Filter: ((kind_id < 7) AND (production_year = 2012))
              Rows Removed by Filter: 2474407
Planning time: 0.895 ms
Execution time: 37749.173 ms
