Hash Join  (cost=83568.99..196022.00 rows=487976 width=0) (actual time=2944.698..8321.470 rows=1283548 loops=1)
  Hash Cond: (mk.movie_id = t.id)
  ->  Seq Scan on movie_keyword mk  (cost=0.00..81003.12 rows=2099233 width=4) (actual time=0.025..3847.146 rows=2108112 loops=1)
        Filter: (keyword_id < 3811)
        Rows Removed by Filter: 2415818
  ->  Hash  (cost=73925.90..73925.90 rows=587767 width=4) (actual time=2943.679..2943.679 rows=594730 loops=1)
        Buckets: 131072  Batches: 8  Memory Usage: 3657kB
        ->  Seq Scan on title t  (cost=0.00..73925.90 rows=587767 width=4) (actual time=0.020..2735.513 rows=594730 loops=1)
              Filter: ((kind_id < 2) AND (production_year < 2012))
              Rows Removed by Filter: 1933582
Planning time: 0.777 ms
Execution time: 8505.590 ms
