Seq Scan on movie_keyword mk  (cost=0.00..81003.12 rows=2760899 width=0) (actual time=0.021..4387.774 rows=2753099 loops=1)
  Filter: (keyword_id > 2870)
  Rows Removed by Filter: 1770831
Planning time: 0.320 ms
Execution time: 4799.181 ms
