Seq Scan on cast_info ci  (cost=0.00..796071.18 rows=3746917 width=0) (actual time=11678.530..39361.433 rows=1748395 loops=1)
  Filter: ((person_id < 1697212) AND (role_id > 6))
  Rows Removed by Filter: 34495949
Planning time: 0.367 ms
Execution time: 39648.055 ms
