Seq Scan on movie_keyword mk  (cost=0.00..81003.12 rows=2381254 width=0) (actual time=0.025..3808.235 rows=2372897 loops=1)
  Filter: (keyword_id > 4040)
  Rows Removed by Filter: 2151033
Planning time: 0.318 ms
Execution time: 4198.360 ms
