Seq Scan on cast_info ci  (cost=0.00..796071.18 rows=14361604 width=0) (actual time=0.020..43635.598 rows=11967648 loops=1)
  Filter: ((person_id < 3297021) AND (role_id > 2))
  Rows Removed by Filter: 24276696
Planning time: 0.335 ms
Execution time: 45533.356 ms
