Hash Join  (cost=83810.17..210362.96 rows=1052800 width=0) (actual time=4453.002..9745.518 rows=2326911 loops=1)
  Hash Cond: (mk.movie_id = t.id)
  ->  Seq Scan on movie_keyword mk  (cost=0.00..81003.12 rows=2695110 width=4) (actual time=0.009..3364.159 rows=2689693 loops=1)
        Filter: (keyword_id < 7601)
        Rows Removed by Filter: 1834237
  ->  Hash  (cost=67604.59..67604.59 rows=987727 width=4) (actual time=4451.945..4451.945 rows=985048 loops=1)
        Buckets: 131072  Batches: 16  Memory Usage: 3197kB
        ->  Seq Scan on title t  (cost=0.00..67604.59 rows=987727 width=4) (actual time=0.019..3691.489 rows=985048 loops=1)
              Filter: (kind_id < 7)
              Rows Removed by Filter: 1543264
Planning time: 0.683 ms
Execution time: 9994.995 ms
