Seq Scan on movie_keyword mk  (cost=0.00..81003.12 rows=531191 width=0) (actual time=0.031..2513.811 rows=520016 loops=1)
  Filter: (keyword_id > 34795)
  Rows Removed by Filter: 4003914
Planning time: 0.326 ms
Execution time: 2585.327 ms
