Seq Scan on cast_info ci  (cost=0.00..705507.15 rows=2351059 width=0) (actual time=5233.337..33878.187 rows=2395975 loops=1)
  Filter: (person_id > 3594491)
  Rows Removed by Filter: 33848369
Planning time: 0.344 ms
Execution time: 34210.339 ms
