Hash Join  (cost=102767.86..169442.54 rows=224035 width=0) (actual time=6200.556..9322.437 rows=223883 loops=1)
  Hash Cond: (mc.movie_id = t.id)
  ->  Seq Scan on movie_companies mc  (cost=0.00..51404.11 rows=224035 width=4) (actual time=0.095..2446.367 rows=223883 loops=1)
        Filter: (company_id < 82)
        Rows Removed by Filter: 2385246
  ->  Hash  (cost=61283.27..61283.27 rows=2528527 width=4) (actual time=6199.576..6199.576 rows=2528312 loops=1)
        Buckets: 131072  Batches: 64  Memory Usage: 2415kB
        ->  Seq Scan on title t  (cost=0.00..61283.27 rows=2528527 width=4) (actual time=0.013..4756.649 rows=2528312 loops=1)
Planning time: 0.812 ms
Execution time: 9351.790 ms
