Seq Scan on movie_keyword mk  (cost=0.00..81003.12 rows=4422187 width=0) (actual time=24.112..4653.479 rows=4407784 loops=1)
  Filter: (keyword_id > 110)
  Rows Removed by Filter: 116146
Planning time: 0.300 ms
Execution time: 5348.483 ms
