Seq Scan on movie_keyword mk  (cost=0.00..81003.12 rows=246 width=0) (actual time=19.241..3709.252 rows=167 loops=1)
  Filter: (keyword_id = 11990)
  Rows Removed by Filter: 4523763
Planning time: 0.373 ms
Execution time: 3709.486 ms
