Hash Join  (cost=165053.61..255607.44 rows=26820 width=0) (actual time=6668.045..11043.609 rows=56033 loops=1)
  Hash Cond: (mk.movie_id = t.id)
  ->  Seq Scan on movie_keyword mk  (cost=0.00..81003.12 rows=2475335 width=4) (actual time=0.012..3821.265 rows=2471482 loops=1)
        Filter: (keyword_id < 5960)
        Rows Removed by Filter: 2052448
  ->  Hash  (cost=164711.16..164711.16 rows=27396 width=8) (actual time=6667.626..6667.626 rows=27303 loops=1)
        Buckets: 32768  Batches: 1  Memory Usage: 1323kB
        ->  Hash Join  (cost=102767.86..164711.16 rows=27396 width=8) (actual time=4305.125..6657.754 rows=27303 loops=1)
              Hash Cond: (mc.movie_id = t.id)
              ->  Seq Scan on movie_companies mc  (cost=0.00..51404.11 rows=27396 width=4) (actual time=0.048..1933.666 rows=27303 loops=1)
                    Filter: (company_id = 27)
                    Rows Removed by Filter: 2581826
              ->  Hash  (cost=61283.27..61283.27 rows=2528527 width=4) (actual time=4279.198..4279.198 rows=2528312 loops=1)
                    Buckets: 131072  Batches: 64  Memory Usage: 2415kB
                    ->  Seq Scan on title t  (cost=0.00..61283.27 rows=2528527 width=4) (actual time=0.011..3014.312 rows=2528312 loops=1)
Planning time: 3.099 ms
Execution time: 11052.119 ms
