Hash Join  (cost=137708.86..1012603.72 rows=2063898 width=0) (actual time=18001.278..56539.964 rows=9015255 loops=1)
  Hash Cond: (ci.movie_id = t.id)
  ->  Seq Scan on cast_info ci  (cost=0.00..705507.15 rows=12726058 width=4) (actual time=11421.580..37933.481 rows=12670688 loops=1)
        Filter: (role_id = 1)
        Rows Removed by Filter: 23573656
  ->  Hash  (cost=130980.94..130980.94 rows=410074 width=8) (actual time=6578.430..6578.430 rows=838326 loops=1)
        Buckets: 131072 (originally 131072)  Batches: 16 (originally 8)  Memory Usage: 3076kB
        ->  Hash Join  (cost=86252.72..130980.94 rows=410074 width=8) (actual time=4008.385..6323.805 rows=838326 loops=1)
              Hash Cond: (mi_idx.movie_id = t.id)
              ->  Seq Scan on movie_info_idx mi_idx  (cost=0.00..21735.35 rows=1380035 width=4) (actual time=0.033..1257.869 rows=1380035 loops=1)
              ->  Hash  (cost=73925.90..73925.90 rows=751345 width=4) (actual time=4007.690..4007.690 rows=793943 loops=1)
                    Buckets: 131072  Batches: 16  Memory Usage: 2771kB
                    ->  Seq Scan on title t  (cost=0.00..73925.90 rows=751345 width=4) (actual time=0.029..3684.462 rows=793943 loops=1)
                          Filter: ((kind_id < 7) AND (production_year < 2010))
                          Rows Removed by Filter: 1734369
Planning time: 1.135 ms
Execution time: 57650.864 ms
