Hash Join  (cost=102702.86..162153.40 rows=1167601 width=0) (actual time=3840.744..6170.787 rows=1190205 loops=1)
  Hash Cond: (mi_idx.movie_id = t.id)
  ->  Seq Scan on movie_info_idx mi_idx  (cost=0.00..21735.35 rows=1380035 width=4) (actual time=0.021..1012.327 rows=1380035 loops=1)
  ->  Hash  (cost=67604.59..67604.59 rows=2139302 width=4) (actual time=3839.259..3839.259 rows=2132973 loops=1)
        Buckets: 131072  Batches: 32  Memory Usage: 3371kB
        ->  Seq Scan on title t  (cost=0.00..67604.59 rows=2139302 width=4) (actual time=0.020..3056.513 rows=2132973 loops=1)
              Filter: (production_year > 1966)
              Rows Removed by Filter: 395339
Planning time: 0.835 ms
Execution time: 6304.135 ms
