Hash Join  (cost=121102.39..1191465.10 rows=3558860 width=0) (actual time=6363.165..70801.765 rows=6604400 loops=1)
  Hash Cond: (ci.movie_id = t.id)
  ->  Seq Scan on cast_info ci  (cost=0.00..614943.12 rows=36225612 width=4) (actual time=0.010..41311.600 rows=36244344 loops=1)
  ->  Hash  (cost=117026.32..117026.32 rows=248406 width=8) (actual time=6362.392..6362.392 rows=275248 loops=1)
        Buckets: 131072  Batches: 4  Memory Usage: 3721kB
        ->  Hash Join  (cost=75071.77..117026.32 rows=248406 width=8) (actual time=3680.538..6244.509 rows=275248 loops=1)
              Hash Cond: (mi_idx.movie_id = t.id)
              ->  Seq Scan on movie_info_idx mi_idx  (cost=0.00..21735.35 rows=1380035 width=4) (actual time=0.014..1626.106 rows=1380035 loops=1)
              ->  Hash  (cost=67604.59..67604.59 rows=455135 width=4) (actual time=3679.491..3679.491 rows=451569 loops=1)
                    Buckets: 131072  Batches: 8  Memory Usage: 3003kB
                    ->  Seq Scan on title t  (cost=0.00..67604.59 rows=455135 width=4) (actual time=0.024..3487.267 rows=451569 loops=1)
                          Filter: (production_year < 1976)
                          Rows Removed by Filter: 2076743
Planning time: 1.153 ms
Execution time: 71722.134 ms
