Hash Join  (cost=359549.25..2132526.44 rows=58731398 width=0) (actual time=15654.136..148748.629 rows=198961383 loops=1)
  Hash Cond: (ci.movie_id = t.id)
  ->  Seq Scan on cast_info ci  (cost=0.00..614943.12 rows=36225612 width=4) (actual time=0.022..46788.026 rows=36244344 loops=1)
  ->  Hash  (cost=292292.53..292292.53 rows=4099418 width=8) (actual time=15652.293..15652.293 rows=4087742 loops=1)
        Buckets: 131072  Batches: 64  Memory Usage: 3546kB
        ->  Hash Join  (cost=102767.86..292292.53 rows=4099418 width=8) (actual time=4772.878..14293.569 rows=4087742 loops=1)
              Hash Cond: (mk.movie_id = t.id)
              ->  Seq Scan on movie_keyword mk  (cost=0.00..81003.12 rows=4099418 width=4) (actual time=0.025..5293.406 rows=4087742 loops=1)
                    Filter: (keyword_id > 335)
                    Rows Removed by Filter: 436188
              ->  Hash  (cost=61283.27..61283.27 rows=2528527 width=4) (actual time=4769.666..4769.666 rows=2528312 loops=1)
                    Buckets: 131072  Batches: 64  Memory Usage: 2425kB
                    ->  Seq Scan on title t  (cost=0.00..61283.27 rows=2528527 width=4) (actual time=0.014..3385.217 rows=2528312 loops=1)
Planning time: 1.082 ms
Execution time: 176262.872 ms
