Seq Scan on cast_info ci  (cost=0.00..705507.15 rows=17548913 width=0) (actual time=0.029..37048.166 rows=17670398 loops=1)
  Filter: (person_id > 1848511)
  Rows Removed by Filter: 18573946
Planning time: 0.382 ms
Execution time: 39838.999 ms
