Seq Scan on movie_keyword mk  (cost=0.00..81003.12 rows=1478216 width=0) (actual time=0.026..4296.747 rows=1489357 loops=1)
  Filter: (keyword_id > 10928)
  Rows Removed by Filter: 3034573
Planning time: 0.367 ms
Execution time: 4536.533 ms
