Nested Loop  (cost=0.43..83071.67 rows=246 width=0) (actual time=1192.734..3007.811 rows=1 loops=1)
  ->  Seq Scan on movie_keyword mk  (cost=0.00..81003.12 rows=246 width=4) (actual time=1192.663..3007.738 rows=1 loops=1)
        Filter: (keyword_id = 86421)
        Rows Removed by Filter: 4523929
  ->  Index Only Scan using title_pkey on title t  (cost=0.43..8.40 rows=1 width=4) (actual time=0.059..0.060 rows=1 loops=1)
        Index Cond: (id = mk.movie_id)
        Heap Fetches: 1
Planning time: 0.683 ms
Execution time: 3007.875 ms
