Hash Join  (cost=250270.07..1277803.56 rows=1878094 width=176) (actual time=5846.717..33886.812 rows=4314652 loops=1)
  Hash Cond: (ci.movie_id = t.id)
  ->  Seq Scan on cast_info ci  (cost=0.00..796071.18 rows=9514766 width=42) (actual time=0.020..19263.020 rows=10533551 loops=1)
        Filter: ((person_id > 766186) AND (role_id > 3))
        Rows Removed by Filter: 25710793
  ->  Hash  (cost=234282.33..234282.33 rows=499099 width=134) (actual time=5845.893..5845.893 rows=500861 loops=1)
        Buckets: 32768  Batches: 32  Memory Usage: 2309kB
        ->  Hash Join  (cost=129928.86..234282.33 rows=499099 width=134) (actual time=2889.539..5475.534 rows=500861 loops=1)
              Hash Cond: (mc.movie_id = t.id)
              ->  Seq Scan on movie_companies mc  (cost=0.00..51404.11 rows=499099 width=40) (actual time=256.115..1016.026 rows=500861 loops=1)
                    Filter: (company_id > 74156)
                    Rows Removed by Filter: 2108268
              ->  Hash  (cost=61283.27..61283.27 rows=2528527 width=94) (actual time=2631.900..2631.900 rows=2528312 loops=1)
                    Buckets: 32768  Batches: 128  Memory Usage: 2453kB
                    ->  Seq Scan on title t  (cost=0.00..61283.27 rows=2528527 width=94) (actual time=0.025..1316.103 rows=2528312 loops=1)
Planning time: 0.964 ms
Execution time: 34111.124 ms
