Nested Loop  (cost=0.43..709671.90 rows=500 width=0) (actual time=13048.651..32742.718 rows=79 loops=1)
  ->  Seq Scan on cast_info ci  (cost=0.00..705507.15 rows=500 width=4) (actual time=13048.485..32741.154 rows=79 loops=1)
        Filter: (person_id = 3304141)
        Rows Removed by Filter: 36244265
  ->  Index Only Scan using title_pkey on title t  (cost=0.43..8.32 rows=1 width=4) (actual time=0.018..0.018 rows=1 loops=79)
        Index Cond: (id = ci.movie_id)
        Heap Fetches: 79
Planning time: 8.187 ms
Execution time: 32742.814 ms
