Hash Join  (cost=101489.21..249168.02 rows=2281673 width=0) (actual time=5960.216..13818.548 rows=2576489 loops=1)
  Hash Cond: (mk.movie_id = t.id)
  ->  Seq Scan on movie_keyword mk  (cost=0.00..81003.12 rows=2793390 width=4) (actual time=0.016..5054.020 rows=2783080 loops=1)
        Filter: (keyword_id > 2843)
        Rows Removed by Filter: 1740850
  ->  Hash  (cost=67604.59..67604.59 rows=2065330 width=4) (actual time=5959.232..5959.232 rows=2064552 loops=1)
        Buckets: 131072  Batches: 32  Memory Usage: 3298kB
        ->  Seq Scan on title t  (cost=0.00..67604.59 rows=2065330 width=4) (actual time=0.018..5047.462 rows=2064552 loops=1)
              Filter: (production_year < 2011)
              Rows Removed by Filter: 463760
Planning time: 0.818 ms
Execution time: 14119.809 ms
