Hash Join  (cost=263115.61..835548.08 rows=9142004 width=0) (actual time=12213.622..47233.514 rows=29061726 loops=1)
  Hash Cond: (mi.movie_id = t.id)
  ->  Seq Scan on movie_info mi  (cost=0.00..346232.03 rows=8859586 width=4) (actual time=0.020..19644.628 rows=8966694 loops=1)
        Filter: (info_type_id < 15)
        Rows Removed by Filter: 5869026
  ->  Hash  (cost=220309.49..220309.49 rows=2609129 width=8) (actual time=12212.725..12212.725 rows=2609129 loops=1)
        Buckets: 131072  Batches: 64  Memory Usage: 2692kB
        ->  Hash Join  (cost=102767.86..220309.49 rows=2609129 width=8) (actual time=5427.526..11098.637 rows=2609129 loops=1)
              Hash Cond: (mc.movie_id = t.id)
              ->  Seq Scan on movie_companies mc  (cost=0.00..44881.29 rows=2609129 width=4) (actual time=0.023..2753.418 rows=2609129 loops=1)
              ->  Hash  (cost=61283.27..61283.27 rows=2528527 width=4) (actual time=5425.760..5425.760 rows=2528312 loops=1)
                    Buckets: 131072  Batches: 64  Memory Usage: 2415kB
                    ->  Seq Scan on title t  (cost=0.00..61283.27 rows=2528527 width=4) (actual time=0.019..4296.526 rows=2528312 loops=1)
Planning time: 1.156 ms
Execution time: 51184.158 ms
