Nested Loop  (cost=0.43..58375.18 rows=53 width=0) (actual time=706.042..2757.293 rows=2 loops=1)
  ->  Seq Scan on movie_companies mc  (cost=0.00..57926.93 rows=53 width=4) (actual time=705.950..2757.156 rows=2 loops=1)
        Filter: ((company_type_id > 1) AND (company_id = 65467))
        Rows Removed by Filter: 2609127
  ->  Index Only Scan using title_pkey on title t  (cost=0.43..8.45 rows=1 width=4) (actual time=0.056..0.057 rows=1 loops=2)
        Index Cond: (id = mc.movie_id)
        Heap Fetches: 2
Planning time: 0.696 ms
Execution time: 2757.366 ms
