Hash Join  (cost=851652.75..1368689.05 rows=2055545 width=0) (actual time=64551.245..88462.886 rows=2728724 loops=1)
  Hash Cond: (mi.movie_id = t.id)
  ->  Seq Scan on movie_info mi  (cost=0.00..346232.03 rows=5263441 width=4) (actual time=1374.141..19393.124 rows=5270569 loops=1)
        Filter: (info_type_id > 15)
        Rows Removed by Filter: 9565151
  ->  Hash  (cost=835451.35..835451.35 rows=987472 width=8) (actual time=63174.895..63174.895 rows=1292350 loops=1)
        Buckets: 131072 (originally 131072)  Batches: 32 (originally 16)  Memory Usage: 3073kB
        ->  Hash Join  (cost=74787.47..835451.35 rows=987472 width=8) (actual time=4058.409..61181.814 rows=1292350 loops=1)
              Hash Cond: (ci.movie_id = t.id)
              ->  Seq Scan on cast_info ci  (cost=0.00..614943.12 rows=36225612 width=4) (actual time=0.023..40381.343 rows=36244344 loops=1)
              ->  Hash  (cost=73925.90..73925.90 rows=68925 width=4) (actual time=4057.631..4057.631 rows=84076 loops=1)
                    Buckets: 131072  Batches: 1  Memory Usage: 3980kB
                    ->  Seq Scan on title t  (cost=0.00..73925.90 rows=68925 width=4) (actual time=8.487..4017.603 rows=84076 loops=1)
                          Filter: ((kind_id = 7) AND (production_year = 2007))
                          Rows Removed by Filter: 2444236
Planning time: 0.858 ms
Execution time: 88800.069 ms
