Seq Scan on title t  (cost=0.00..73925.90 rows=69505 width=0) (actual time=0.115..3784.395 rows=69431 loops=1)
  Filter: ((kind_id < 3) AND (production_year > 2011))
  Rows Removed by Filter: 2458881
Planning time: 0.331 ms
Execution time: 3795.157 ms
