Seq Scan on cast_info ci  (cost=0.00..796071.18 rows=324 width=0) (actual time=6438.265..40124.186 rows=113 loops=1)
  Filter: ((role_id > 1) AND (person_id = 832893))
  Rows Removed by Filter: 36244231
Planning time: 0.370 ms
Execution time: 40124.328 ms
