Hash Join  (cost=102767.86..223974.08 rows=2490345 width=0) (actual time=5763.401..12092.645 rows=2490567 loops=1)
  Hash Cond: (mc.movie_id = t.id)
  ->  Seq Scan on movie_companies mc  (cost=0.00..51404.11 rows=2490345 width=4) (actual time=0.015..3582.835 rows=2490567 loops=1)
        Filter: (company_id < 147145)
        Rows Removed by Filter: 118562
  ->  Hash  (cost=61283.27..61283.27 rows=2528527 width=4) (actual time=5761.972..5761.972 rows=2528312 loops=1)
        Buckets: 131072  Batches: 64  Memory Usage: 2415kB
        ->  Seq Scan on title t  (cost=0.00..61283.27 rows=2528527 width=4) (actual time=0.013..4449.671 rows=2528312 loops=1)
Planning time: 0.725 ms
Execution time: 12382.578 ms
