Seq Scan on cast_info ci  (cost=0.00..796071.18 rows=10938985 width=0) (actual time=20939.060..35293.783 rows=9072317 loops=1)
  Filter: ((person_id > 482125) AND (role_id = 1))
  Rows Removed by Filter: 27172027
Planning time: 0.385 ms
Execution time: 36532.816 ms
