Seq Scan on movie_companies mc  (cost=0.00..57926.93 rows=185658 width=0) (actual time=0.044..2379.567 rows=82220 loops=1)
  Filter: ((company_id < 184) AND (company_type_id > 1))
  Rows Removed by Filter: 2526909
Planning time: 0.351 ms
Execution time: 2394.486 ms
