Seq Scan on title t  (cost=0.00..73925.90 rows=16065 width=0) (actual time=1963.388..3411.742 rows=9704 loops=1)
  Filter: ((kind_id = 1) AND (production_year = 2002))
  Rows Removed by Filter: 2518608
Planning time: 0.392 ms
Execution time: 3414.820 ms
