Seq Scan on cast_info ci  (cost=0.00..796071.18 rows=276 width=0) (actual time=18314.443..41522.247 rows=11 loops=1)
  Filter: ((role_id < 3) AND (person_id = 376753))
  Rows Removed by Filter: 36244333
Planning time: 0.400 ms
Execution time: 41522.351 ms
