Hash Join  (cost=102767.86..195969.22 rows=1055411 width=0) (actual time=1992.338..4233.755 rows=793179 loops=1)
  Hash Cond: (mc.movie_id = t.id)
  ->  Seq Scan on movie_companies mc  (cost=0.00..57926.93 rows=1055411 width=4) (actual time=85.424..1115.370 rows=793179 loops=1)
        Filter: ((company_id < 72133) AND (company_type_id = 2))
        Rows Removed by Filter: 1815950
  ->  Hash  (cost=61283.27..61283.27 rows=2528527 width=4) (actual time=1905.501..1905.501 rows=2528312 loops=1)
        Buckets: 131072  Batches: 64  Memory Usage: 2415kB
        ->  Seq Scan on title t  (cost=0.00..61283.27 rows=2528527 width=4) (actual time=0.025..1047.281 rows=2528312 loops=1)
Planning time: 0.745 ms
Execution time: 4330.802 ms
