Hash Join  (cost=74303.89..101379.41 rows=16504 width=0) (actual time=3274.447..4788.539 rows=5145 loops=1)
  Hash Cond: (mi_idx.movie_id = t.id)
  ->  Seq Scan on movie_info_idx mi_idx  (cost=0.00..21735.35 rows=1380035 width=4) (actual time=0.021..1125.578 rows=1380035 loops=1)
  ->  Hash  (cost=73925.90..73925.90 rows=30239 width=4) (actual time=3270.722..3270.722 rows=4015 loops=1)
        Buckets: 32768  Batches: 1  Memory Usage: 398kB
        ->  Seq Scan on title t  (cost=0.00..73925.90 rows=30239 width=4) (actual time=0.119..3268.584 rows=4015 loops=1)
              Filter: ((production_year < 1989) AND (kind_id = 4))
              Rows Removed by Filter: 2524297
Planning time: 0.722 ms
Execution time: 4790.138 ms
