Hash Join  (cost=217683.37..721659.55 rows=4362598 width=0) (actual time=8871.842..44498.447 rows=23716100 loops=1)
  Hash Cond: (mi.movie_id = t.id)
  ->  Seq Scan on movie_info mi  (cost=0.00..346232.03 rows=9476311 width=4) (actual time=0.024..20465.656 rows=9565151 loops=1)
        Filter: (info_type_id < 16)
        Rows Removed by Filter: 5270569
  ->  Hash  (cost=198584.69..198584.69 rows=1164055 width=8) (actual time=8870.814..8870.814 rows=1274246 loops=1)
        Buckets: 131072 (originally 131072)  Batches: 32 (originally 16)  Memory Usage: 3073kB
        ->  Hash Join  (cost=102767.86..198584.69 rows=1164055 width=8) (actual time=4399.260..8498.713 rows=1274246 loops=1)
              Hash Cond: (mc.movie_id = t.id)
              ->  Seq Scan on movie_companies mc  (cost=0.00..57926.93 rows=1164055 width=4) (actual time=0.025..2650.146 rows=1274246 loops=1)
                    Filter: ((company_id < 103677) AND (company_type_id = 1))
                    Rows Removed by Filter: 1334883
              ->  Hash  (cost=61283.27..61283.27 rows=2528527 width=4) (actual time=4395.554..4395.554 rows=2528312 loops=1)
                    Buckets: 131072  Batches: 64  Memory Usage: 2415kB
                    ->  Seq Scan on title t  (cost=0.00..61283.27 rows=2528527 width=4) (actual time=5.582..3147.662 rows=2528312 loops=1)
Planning time: 10.101 ms
Execution time: 47490.580 ms
