Hash Join  (cost=52285.00..803083.20 rows=903 width=0) (actual time=866.729..16341.002 rows=4166 loops=1)
  Hash Cond: (ci.movie_id = t.id)
  ->  Seq Scan on cast_info ci  (cost=0.00..614943.12 rows=36225612 width=4) (actual time=0.013..8568.530 rows=36244344 loops=1)
  ->  Hash  (cost=52284.21..52284.21 rows=63 width=8) (actual time=858.399..858.399 rows=196 loops=1)
        Buckets: 1024  Batches: 1  Memory Usage: 16kB
        ->  Nested Loop  (cost=0.43..52284.21 rows=63 width=8) (actual time=0.367..858.213 rows=196 loops=1)
              ->  Seq Scan on movie_companies mc  (cost=0.00..51404.11 rows=104 width=4) (actual time=0.335..818.424 rows=1140 loops=1)
                    Filter: (company_id = 6012)
                    Rows Removed by Filter: 2607989
              ->  Index Scan using title_pkey on title t  (cost=0.43..8.45 rows=1 width=4) (actual time=0.034..0.034 rows=0 loops=1140)
                    Index Cond: (id = mc.movie_id)
                    Filter: ((kind_id > 1) AND (production_year < 2011))
                    Rows Removed by Filter: 1
Planning time: 1.144 ms
Execution time: 16343.217 ms
