Hash Join  (cost=102767.86..207321.18 rows=568135 width=0) (actual time=1970.573..4345.769 rows=570298 loops=1)
  Hash Cond: (mk.movie_id = t.id)
  ->  Seq Scan on movie_keyword mk  (cost=0.00..81003.12 rows=568135 width=4) (actual time=0.017..1276.905 rows=570298 loops=1)
        Filter: (keyword_id < 405)
        Rows Removed by Filter: 3953632
  ->  Hash  (cost=61283.27..61283.27 rows=2528527 width=4) (actual time=1968.145..1968.145 rows=2528312 loops=1)
        Buckets: 131072  Batches: 64  Memory Usage: 2425kB
        ->  Seq Scan on title t  (cost=0.00..61283.27 rows=2528527 width=4) (actual time=0.026..1092.468 rows=2528312 loops=1)
Planning time: 0.746 ms
Execution time: 4414.226 ms
