Seq Scan on movie_keyword mk  (cost=0.00..81003.12 rows=2974314 width=0) (actual time=0.026..4196.021 rows=2959795 loops=1)
  Filter: (keyword_id < 10035)
  Rows Removed by Filter: 1564135
Planning time: 0.344 ms
Execution time: 4640.082 ms
