Hash Join  (cost=173174.24..936916.39 rows=962712 width=0) (actual time=10430.685..20880.716 rows=2605100 loops=1)
  Hash Cond: (ci.movie_id = t.id)
  ->  Seq Scan on cast_info ci  (cost=0.00..705507.15 rows=3998100 width=4) (actual time=5473.770..12636.579 rows=4008037 loops=1)
        Filter: (role_id = 3)
        Rows Removed by Filter: 32236307
  ->  Hash  (cost=163184.62..163184.62 rows=608850 width=8) (actual time=4955.872..4955.872 rows=1029027 loops=1)
        Buckets: 131072 (originally 131072)  Batches: 16 (originally 8)  Memory Usage: 3522kB
        ->  Hash Join  (cost=83810.17..163184.62 rows=608850 width=8) (actual time=1598.684..4654.287 rows=1029027 loops=1)
              Hash Cond: (mc.movie_id = t.id)
              ->  Seq Scan on movie_companies mc  (cost=0.00..51404.11 rows=1558622 width=4) (actual time=0.039..1216.298 rows=1548626 loops=1)
                    Filter: (company_id < 14724)
                    Rows Removed by Filter: 1060503
              ->  Hash  (cost=67604.59..67604.59 rows=987727 width=4) (actual time=1597.621..1597.621 rows=985048 loops=1)
                    Buckets: 131072  Batches: 16  Memory Usage: 3188kB
                    ->  Seq Scan on title t  (cost=0.00..67604.59 rows=987727 width=4) (actual time=0.020..1289.634 rows=985048 loops=1)
                          Filter: (kind_id < 7)
                          Rows Removed by Filter: 1543264
Planning time: 1.192 ms
Execution time: 21147.749 ms
