Hash Join  (cost=83074.74..878751.21 rows=2339 width=0) (actual time=1315.126..18391.895 rows=7017 loops=1)
  Hash Cond: (ci.movie_id = t.id)
  ->  Seq Scan on cast_info ci  (cost=0.00..705507.15 rows=24038913 width=4) (actual time=0.024..12991.140 rows=24157607 loops=1)
        Filter: (person_id > 1190484)
        Rows Removed by Filter: 12086737
  ->  Hash  (cost=83071.67..83071.67 rows=246 width=8) (actual time=1308.789..1308.789 rows=258 loops=1)
        Buckets: 1024  Batches: 1  Memory Usage: 19kB
        ->  Nested Loop  (cost=0.43..83071.67 rows=246 width=8) (actual time=4.362..1308.469 rows=258 loops=1)
              ->  Seq Scan on movie_keyword mk  (cost=0.00..81003.12 rows=246 width=4) (actual time=4.305..1297.355 rows=258 loops=1)
                    Filter: (keyword_id = 4413)
                    Rows Removed by Filter: 4523672
              ->  Index Only Scan using title_pkey on title t  (cost=0.43..8.40 rows=1 width=4) (actual time=0.039..0.040 rows=1 loops=258)
                    Index Cond: (id = mk.movie_id)
                    Heap Fetches: 258
Planning time: 1.211 ms
Execution time: 18394.836 ms
