Seq Scan on movie_keyword mk  (cost=0.00..81003.12 rows=877429 width=0) (actual time=0.018..1345.657 rows=885573 loops=1)
  Filter: (keyword_id < 837)
  Rows Removed by Filter: 3638357
Planning time: 1.175 ms
Execution time: 1459.936 ms
