Hash Join  (cost=100338.29..170604.54 rows=173189 width=0) (actual time=2088.724..3534.454 rows=308986 loops=1)
  Hash Cond: (mc.movie_id = t.id)
  ->  Seq Scan on movie_companies mc  (cost=0.00..57926.93 rows=219486 width=4) (actual time=56.976..914.576 rows=435549 loops=1)
        Filter: ((company_id > 78660) AND (company_type_id > 1))
        Rows Removed by Filter: 2173580
  ->  Hash  (cost=67604.59..67604.59 rows=1995176 width=4) (actual time=2030.260..2030.260 rows=1990655 loops=1)
        Buckets: 131072  Batches: 32  Memory Usage: 3218kB
        ->  Seq Scan on title t  (cost=0.00..67604.59 rows=1995176 width=4) (actual time=0.023..1390.361 rows=1990655 loops=1)
              Filter: (production_year > 1976)
              Rows Removed by Filter: 537657
Planning time: 0.742 ms
Execution time: 3564.028 ms
