Hash Join  (cost=92883.59..895268.47 rows=2928428 width=0) (actual time=1808.018..17690.244 rows=2840662 loops=1)
  Hash Cond: (ci.movie_id = t.id)
  ->  Seq Scan on cast_info ci  (cost=0.00..705507.15 rows=4805691 width=4) (actual time=0.028..12499.850 rows=4839820 loops=1)
        Filter: (person_id > 3191309)
        Rows Removed by Filter: 31404524
  ->  Hash  (cost=67604.59..67604.59 rows=1540800 width=4) (actual time=1806.430..1806.430 rows=1543264 loops=1)
        Buckets: 131072  Batches: 32  Memory Usage: 2722kB
        ->  Seq Scan on title t  (cost=0.00..67604.59 rows=1540800 width=4) (actual time=0.018..1288.668 rows=1543264 loops=1)
              Filter: (kind_id = 7)
              Rows Removed by Filter: 985048
Planning time: 6.822 ms
Execution time: 18008.883 ms
