Hash Join  (cost=144743.13..877007.32 rows=425748 width=0) (actual time=12840.577..17602.713 rows=763693 loops=1)
  Hash Cond: (ci.movie_id = t.id)
  ->  Seq Scan on cast_info ci  (cost=0.00..705507.15 rows=1736414 width=4) (actual time=9443.347..13084.421 rows=1703543 loops=1)
        Filter: (role_id = 8)
        Rows Removed by Filter: 34540801
  ->  Hash  (cost=134571.58..134571.58 rows=619964 width=8) (actual time=3395.882..3395.882 rows=753294 loops=1)
        Buckets: 131072  Batches: 16  Memory Usage: 2867kB
        ->  Hash Join  (cost=86241.46..134571.58 rows=619964 width=8) (actual time=1613.939..3172.609 rows=753294 loops=1)
              Hash Cond: (mi_idx.movie_id = t.id)
              ->  Seq Scan on movie_info_idx mi_idx  (cost=0.00..21735.35 rows=1380035 width=4) (actual time=0.032..470.264 rows=1380035 loops=1)
              ->  Hash  (cost=67604.59..67604.59 rows=1135910 width=4) (actual time=1612.782..1612.782 rows=1133355 loops=1)
                    Buckets: 131072  Batches: 16  Memory Usage: 3516kB
                    ->  Seq Scan on title t  (cost=0.00..67604.59 rows=1135910 width=4) (actual time=0.027..1248.439 rows=1133355 loops=1)
                          Filter: (production_year < 2002)
                          Rows Removed by Filter: 1394957
Planning time: 1.818 ms
Execution time: 17689.351 ms
