Hash Join  (cost=92883.59..1112224.61 rows=7002206 width=0) (actual time=3173.713..28041.385 rows=7230604 loops=1)
  Hash Cond: (ci.movie_id = t.id)
  ->  Seq Scan on cast_info ci  (cost=0.00..796071.18 rows=11490957 width=4) (actual time=1105.295..17048.683 rows=12670688 loops=1)
        Filter: ((person_id < 3422354) AND (role_id = 1))
        Rows Removed by Filter: 23573656
  ->  Hash  (cost=67604.59..67604.59 rows=1540800 width=4) (actual time=2067.266..2067.266 rows=1543264 loops=1)
        Buckets: 131072  Batches: 32  Memory Usage: 2722kB
        ->  Seq Scan on title t  (cost=0.00..67604.59 rows=1540800 width=4) (actual time=0.028..1386.493 rows=1543264 loops=1)
              Filter: (kind_id = 7)
              Rows Removed by Filter: 985048
Planning time: 0.806 ms
Execution time: 28873.589 ms
