Hash Join  (cost=74592.62..101794.21 rows=29111 width=0) (actual time=1218.894..2088.845 rows=51871 loops=1)
  Hash Cond: (mi_idx.movie_id = t.id)
  ->  Seq Scan on movie_info_idx mi_idx  (cost=0.00..21735.35 rows=1380035 width=4) (actual time=0.021..330.530 rows=1380035 loops=1)
  ->  Hash  (cost=73925.90..73925.90 rows=53337 width=4) (actual time=1218.383..1218.383 rows=138620 loops=1)
        Buckets: 131072 (originally 65536)  Batches: 2 (originally 1)  Memory Usage: 3458kB
        ->  Seq Scan on title t  (cost=0.00..73925.90 rows=53337 width=4) (actual time=45.502..1168.449 rows=138620 loops=1)
              Filter: ((kind_id < 7) AND (production_year < 1939))
              Rows Removed by Filter: 2389692
Planning time: 0.780 ms
Execution time: 2095.580 ms
