Seq Scan on movie_companies mc  (cost=0.00..51404.11 rows=1079629 width=0) (actual time=0.019..939.162 rows=1092399 loops=1)
  Filter: (company_id > 14183)
  Rows Removed by Filter: 1516730
Planning time: 0.318 ms
Execution time: 1076.954 ms
