Hash Join  (cost=74547.79..101729.80 rows=27153 width=0) (actual time=1269.977..1985.282 rows=29040 loops=1)
  Hash Cond: (mi_idx.movie_id = t.id)
  ->  Seq Scan on movie_info_idx mi_idx  (cost=0.00..21735.35 rows=1380035 width=4) (actual time=0.020..352.217 rows=1380035 loops=1)
  ->  Hash  (cost=73925.90..73925.90 rows=49751 width=4) (actual time=1269.559..1269.559 rows=56995 loops=1)
        Buckets: 65536  Batches: 1  Memory Usage: 2516kB
        ->  Seq Scan on title t  (cost=0.00..73925.90 rows=49751 width=4) (actual time=0.053..1245.544 rows=56995 loops=1)
              Filter: ((kind_id > 1) AND (production_year = 2003))
              Rows Removed by Filter: 2471317
Planning time: 0.974 ms
Execution time: 1989.468 ms
