Seq Scan on movie_keyword mk  (cost=0.00..81003.12 rows=246 width=0) (actual time=2.403..1307.606 rows=94 loops=1)
  Filter: (keyword_id = 34629)
  Rows Removed by Filter: 4523836
Planning time: 0.328 ms
Execution time: 1307.749 ms
