Hash Join  (cost=177839.98..216799.70 rows=73824 width=0) (actual time=3584.827..4830.161 rows=827357 loops=1)
  Hash Cond: (mi_idx.movie_id = t.id)
  ->  Seq Scan on movie_info_idx mi_idx  (cost=0.00..21735.35 rows=1380035 width=4) (actual time=0.020..454.728 rows=1380035 loops=1)
  ->  Hash  (cost=175620.20..175620.20 rows=135262 width=8) (actual time=3583.934..3583.934 rows=341936 loops=1)
        Buckets: 131072 (originally 131072)  Batches: 8 (originally 2)  Memory Usage: 3073kB
        ->  Hash Join  (cost=84663.78..175620.20 rows=135262 width=8) (actual time=1506.393..3473.220 rows=341936 loops=1)
              Hash Cond: (mk.movie_id = t.id)
              ->  Seq Scan on movie_keyword mk  (cost=0.00..81003.12 rows=522581 width=4) (actual time=0.034..1485.044 rows=520878 loops=1)
                    Filter: (keyword_id < 382)
                    Rows Removed by Filter: 4003052
              ->  Hash  (cost=73925.90..73925.90 rows=654470 width=4) (actual time=1505.463..1505.463 rows=686054 loops=1)
                    Buckets: 131072  Batches: 16  Memory Usage: 2540kB
                    ->  Seq Scan on title t  (cost=0.00..73925.90 rows=654470 width=4) (actual time=0.028..1280.129 rows=686054 loops=1)
                          Filter: ((kind_id < 4) AND (production_year < 2010))
                          Rows Removed by Filter: 1842258
Planning time: 1.126 ms
Execution time: 4912.934 ms
