Hash Join  (cost=657122.42..2426396.56 rows=49554888 width=0) (actual time=15380.237..55204.628 rows=33954270 loops=1)
  Hash Cond: (ci.movie_id = t.id)
  ->  Seq Scan on cast_info ci  (cost=0.00..614943.12 rows=36225612 width=4) (actual time=0.007..13800.681 rows=36244344 loops=1)
  ->  Hash  (cost=600374.14..600374.14 rows=3458903 width=8) (actual time=15378.120..15378.120 rows=1772536 loops=1)
        Buckets: 131072  Batches: 64  Memory Usage: 2070kB
        ->  Hash Join  (cost=83661.18..600374.14 rows=3458903 width=8) (actual time=1630.113..14847.862 rows=1772536 loops=1)
              Hash Cond: (mi.movie_id = t.id)
              ->  Seq Scan on movie_info mi  (cost=0.00..309384.22 rows=14739122 width=4) (actual time=0.017..5914.601 rows=14835720 loops=1)
              ->  Hash  (cost=73925.90..73925.90 rows=593382 width=4) (actual time=1458.832..1458.832 rows=486368 loops=1)
                    Buckets: 131072  Batches: 8  Memory Usage: 3153kB
                    ->  Seq Scan on title t  (cost=0.00..73925.90 rows=593382 width=4) (actual time=59.103..1299.479 rows=486368 loops=1)
                          Filter: ((production_year < 1999) AND (kind_id = 7))
                          Rows Removed by Filter: 2041944
Planning time: 1.191 ms
Execution time: 58879.608 ms
