Hash Join  (cost=91342.70..466530.64 rows=771440 width=0) (actual time=6112.638..9243.883 rows=849154 loops=1)
  Hash Cond: (mi.movie_id = t.id)
  ->  Seq Scan on movie_info mi  (cost=0.00..346232.03 rows=1348138 width=4) (actual time=4324.096..6106.841 rows=1298989 loops=1)
        Filter: (info_type_id = 4)
        Rows Removed by Filter: 13536731
  ->  Hash  (cost=67604.59..67604.59 rows=1446889 width=4) (actual time=1787.182..1787.182 rows=1443298 loops=1)
        Buckets: 131072  Batches: 32  Memory Usage: 2617kB
        ->  Seq Scan on title t  (cost=0.00..67604.59 rows=1446889 width=4) (actual time=0.033..1312.685 rows=1443298 loops=1)
              Filter: (production_year < 2006)
              Rows Removed by Filter: 1085014
Planning time: 0.676 ms
Execution time: 9331.152 ms
