Hash Join  (cost=705932.49..2715527.67 rows=72949201 width=0) (actual time=16475.409..66429.193 rows=54164257 loops=1)
  Hash Cond: (ci.movie_id = t.id)
  ->  Seq Scan on cast_info ci  (cost=0.00..614943.12 rows=36225612 width=4) (actual time=0.025..14269.439 rows=36244344 loops=1)
  ->  Hash  (cost=622394.84..622394.84 rows=5091812 width=8) (actual time=16472.885..16472.885 rows=2072652 loops=1)
        Buckets: 131072  Batches: 128  Memory Usage: 1654kB
        ->  Hash Join  (cost=88257.79..622394.84 rows=5091812 width=8) (actual time=1913.040..15541.753 rows=2072652 loops=1)
              Hash Cond: (mi.movie_id = t.id)
              ->  Seq Scan on movie_info mi  (cost=0.00..309384.22 rows=14739122 width=4) (actual time=0.019..6098.210 rows=14835720 loops=1)
              ->  Hash  (cost=73925.90..73925.90 rows=873511 width=4) (actual time=1648.237..1648.237 rows=957299 loops=1)
                    Buckets: 131072  Batches: 16  Memory Usage: 3140kB
                    ->  Seq Scan on title t  (cost=0.00..73925.90 rows=873511 width=4) (actual time=0.026..1357.538 rows=957299 loops=1)
                          Filter: ((production_year > 1999) AND (kind_id = 7))
                          Rows Removed by Filter: 1571013
Planning time: 1.166 ms
Execution time: 72531.296 ms
