Seq Scan on movie_companies mc  (cost=0.00..57926.93 rows=689210 width=0) (actual time=462.130..1016.279 rows=473945 loops=1)
  Filter: ((company_id > 10709) AND (company_type_id = 1))
  Rows Removed by Filter: 2135184
Planning time: 6.945 ms
Execution time: 1071.379 ms
