Hash Join  (cost=296969.79..1791363.52 rows=36020447 width=0) (actual time=6176.712..47746.404 rows=34827905 loops=1)
  Hash Cond: (ci.movie_id = t.id)
  ->  Seq Scan on cast_info ci  (cost=0.00..614943.12 rows=36225612 width=4) (actual time=0.015..13727.104 rows=36244344 loops=1)
  ->  Hash  (cost=255720.20..255720.20 rows=2514207 width=8) (actual time=6174.598..6174.598 rows=1148507 loops=1)
        Buckets: 131072  Batches: 64  Memory Usage: 1722kB
        ->  Hash Join  (cost=96651.52..255720.20 rows=2514207 width=8) (actual time=1922.754..5845.102 rows=1148507 loops=1)
              Hash Cond: (mk.movie_id = t.id)
              ->  Seq Scan on movie_keyword mk  (cost=0.00..81003.12 rows=3590697 width=4) (actual time=0.024..1788.024 rows=3583986 loops=1)
                    Filter: (keyword_id < 20170)
                    Rows Removed by Filter: 939944
              ->  Hash  (cost=67604.59..67604.59 rows=1770475 width=4) (actual time=1921.887..1921.887 rows=1774635 loops=1)
                    Buckets: 131072  Batches: 32  Memory Usage: 2984kB
                    ->  Seq Scan on title t  (cost=0.00..67604.59 rows=1770475 width=4) (actual time=0.016..1335.981 rows=1774635 loops=1)
                          Filter: (kind_id > 2)
                          Rows Removed by Filter: 753677
Planning time: 1.117 ms
Execution time: 51583.993 ms
