Hash Join  (cost=102767.86..183185.27 rows=795157 width=0) (actual time=1977.303..3896.331 rows=783881 loops=1)
  Hash Cond: (mc.movie_id = t.id)
  ->  Seq Scan on movie_companies mc  (cost=0.00..51404.11 rows=795157 width=4) (actual time=0.029..858.517 rows=783881 loops=1)
        Filter: (company_id < 1705)
        Rows Removed by Filter: 1825248
  ->  Hash  (cost=61283.27..61283.27 rows=2528527 width=4) (actual time=1975.685..1975.685 rows=2528312 loops=1)
        Buckets: 131072  Batches: 64  Memory Usage: 2415kB
        ->  Seq Scan on title t  (cost=0.00..61283.27 rows=2528527 width=4) (actual time=0.015..1147.419 rows=2528312 loops=1)
Planning time: 0.720 ms
Execution time: 3992.706 ms
