Hash Join  (cost=195293.75..684895.69 rows=918000 width=0) (actual time=3989.677..16902.179 rows=3972302 loops=1)
  Hash Cond: (mi.movie_id = t.id)
  ->  Seq Scan on movie_info mi  (cost=0.00..309384.22 rows=14739122 width=4) (actual time=0.015..5988.055 rows=14835720 loops=1)
  ->  Hash  (cost=192709.19..192709.19 rows=157485 width=8) (actual time=3834.732..3834.732 rows=377565 loops=1)
        Buckets: 131072 (originally 131072)  Batches: 8 (originally 4)  Memory Usage: 3073kB
        ->  Hash Join  (cost=69484.36..192709.19 rows=157485 width=8) (actual time=1015.699..3710.412 rows=377565 loops=1)
              Hash Cond: (mk.movie_id = t.id)
              ->  Seq Scan on movie_keyword mk  (cost=0.00..81003.12 rows=3476493 width=4) (actual time=0.010..1570.343 rows=3465867 loops=1)
                    Filter: (keyword_id < 16682)
                    Rows Removed by Filter: 1058063
              ->  Hash  (cost=67604.59..67604.59 rows=114542 width=4) (actual time=1015.022..1015.022 rows=118234 loops=1)
                    Buckets: 131072  Batches: 2  Memory Usage: 3107kB
                    ->  Seq Scan on title t  (cost=0.00..67604.59 rows=114542 width=4) (actual time=37.890..973.000 rows=118234 loops=1)
                          Filter: (kind_id = 4)
                          Rows Removed by Filter: 2410078
Planning time: 0.759 ms
Execution time: 17341.099 ms
