Seq Scan on movie_keyword mk  (cost=0.00..81003.12 rows=4246460 width=0) (actual time=0.025..4407.808 rows=4247421 loops=1)
  Filter: (keyword_id < 57362)
  Rows Removed by Filter: 276509
Planning time: 2.296 ms
Execution time: 5149.620 ms
