Hash Join  (cost=92883.59..948046.27 rows=1710524 width=0) (actual time=6724.791..18764.295 rows=2106428 loops=1)
  Hash Cond: (ci.movie_id = t.id)
  ->  Seq Scan on cast_info ci  (cost=0.00..796071.18 rows=2807052 width=4) (actual time=5029.661..14919.190 rows=3179220 loops=1)
        Filter: ((person_id > 1044752) AND (role_id = 3))
        Rows Removed by Filter: 33065124
  ->  Hash  (cost=67604.59..67604.59 rows=1540800 width=4) (actual time=1693.257..1693.257 rows=1543264 loops=1)
        Buckets: 131072  Batches: 32  Memory Usage: 2722kB
        ->  Seq Scan on title t  (cost=0.00..67604.59 rows=1540800 width=4) (actual time=232.210..1210.603 rows=1543264 loops=1)
              Filter: (kind_id = 7)
              Rows Removed by Filter: 985048
Planning time: 1.781 ms
Execution time: 18962.602 ms
