Seq Scan on cast_info ci  (cost=0.00..796071.18 rows=11654833 width=0) (actual time=1347.554..13839.331 rows=5145368 loops=1)
  Filter: ((person_id < 1764985) AND (role_id > 1))
  Rows Removed by Filter: 31098976
Planning time: 0.353 ms
Execution time: 14487.363 ms
