Hash Join  (cost=126155.06..962523.35 rows=660581 width=0) (actual time=2655.879..21182.811 rows=2236665 loops=1)
  Hash Cond: (ci.movie_id = t.id)
  ->  Seq Scan on cast_info ci  (cost=0.00..705507.15 rows=10693416 width=4) (actual time=0.024..12865.746 rows=10700078 loops=1)
        Filter: (person_id > 2638075)
        Rows Removed by Filter: 25544266
  ->  Hash  (cost=123591.57..123591.57 rows=156199 width=8) (actual time=2655.125..2655.125 rows=305141 loops=1)
        Buckets: 131072  Batches: 4  Memory Usage: 4008kB
        ->  Hash Join  (cost=88195.18..123591.57 rows=156199 width=8) (actual time=1581.719..2557.191 rows=305141 loops=1)
              Hash Cond: (mi_idx.movie_id = t.id)
              ->  Seq Scan on movie_info_idx mi_idx  (cost=0.00..25185.44 rows=454124 width=4) (actual time=0.014..490.492 rows=459925 loops=1)
                    Filter: (info_type_id = 100)
                    Rows Removed by Filter: 920110
              ->  Hash  (cost=73925.90..73925.90 rows=869702 width=4) (actual time=1580.518..1580.518 rows=896788 loops=1)
                    Buckets: 131072  Batches: 16  Memory Usage: 2998kB
                    ->  Seq Scan on title t  (cost=0.00..73925.90 rows=869702 width=4) (actual time=0.024..1281.983 rows=896788 loops=1)
                          Filter: ((kind_id < 7) AND (production_year < 2012))
                          Rows Removed by Filter: 1631524
Planning time: 1.207 ms
Execution time: 21462.320 ms
