Seq Scan on cast_info ci  (cost=0.00..705507.15 rows=33739140 width=0) (actual time=0.022..14155.800 rows=33813654 loops=1)
  Filter: (person_id > 236085)
  Rows Removed by Filter: 2430690
Planning time: 0.229 ms
Execution time: 18390.160 ms
