Seq Scan on cast_info ci  (cost=0.00..705507.15 rows=500 width=0) (actual time=591.415..9663.640 rows=8 loops=1)
  Filter: (person_id = 1593497)
  Rows Removed by Filter: 36244336
Planning time: 0.365 ms
Execution time: 9663.720 ms
