Seq Scan on movie_companies mc  (cost=0.00..51404.11 rows=507700 width=0) (actual time=86.459..929.114 rows=510982 loops=1)
  Filter: (company_id > 73705)
  Rows Removed by Filter: 2098147
Planning time: 0.299 ms
Execution time: 991.048 ms
