Hash Join  (cost=193255.18..301671.38 rows=405700 width=0) (actual time=4633.919..7881.407 rows=2349881 loops=1)
  Hash Cond: (mk.movie_id = t.id)
  ->  Seq Scan on movie_keyword mk  (cost=0.00..81003.12 rows=1830418 width=4) (actual time=0.022..1741.158 rows=1836523 loops=1)
        Filter: (keyword_id > 7590)
        Rows Removed by Filter: 2687407
  ->  Hash  (cost=184059.80..184059.80 rows=560431 width=8) (actual time=4632.637..4632.637 rows=857428 loops=1)
        Buckets: 131072 (originally 131072)  Batches: 16 (originally 8)  Memory Usage: 3136kB
        ->  Hash Join  (cost=102767.86..184059.80 rows=560431 width=8) (actual time=1921.309..4363.957 rows=857428 loops=1)
              Hash Cond: (mc.movie_id = t.id)
              ->  Seq Scan on movie_companies mc  (cost=0.00..57926.93 rows=560431 width=4) (actual time=0.015..1034.355 rows=857428 loops=1)
                    Filter: ((company_id > 13918) AND (company_type_id = 2))
                    Rows Removed by Filter: 1751701
              ->  Hash  (cost=61283.27..61283.27 rows=2528527 width=4) (actual time=1920.040..1920.040 rows=2528312 loops=1)
                    Buckets: 131072  Batches: 64  Memory Usage: 2415kB
                    ->  Seq Scan on title t  (cost=0.00..61283.27 rows=2528527 width=4) (actual time=0.022..1077.995 rows=2528312 loops=1)
Planning time: 1.263 ms
Execution time: 8135.677 ms
