Hash Join  (cost=175027.18..254238.25 rows=423148 width=0) (actual time=4041.333..6500.042 rows=1375492 loops=1)
  Hash Cond: (mc.movie_id = t.id)
  ->  Seq Scan on movie_companies mc  (cost=0.00..57926.93 rows=1164174 width=4) (actual time=213.505..1169.666 rows=1095971 loops=1)
        Filter: ((company_id > 92) AND (company_type_id = 1))
        Rows Removed by Filter: 1513158
  ->  Hash  (cost=159947.97..159947.97 rows=919057 width=8) (actual time=3826.990..3826.990 rows=920110 loops=1)
        Buckets: 131072  Batches: 16  Memory Usage: 3269kB
        ->  Hash Join  (cost=102767.86..159947.97 rows=919057 width=8) (actual time=1944.218..3575.568 rows=920110 loops=1)
              Hash Cond: (mi_idx.movie_id = t.id)
              ->  Seq Scan on movie_info_idx mi_idx  (cost=0.00..25185.44 rows=919057 width=4) (actual time=0.021..512.987 rows=920110 loops=1)
                    Filter: (info_type_id > 99)
                    Rows Removed by Filter: 459925
              ->  Hash  (cost=61283.27..61283.27 rows=2528527 width=4) (actual time=1942.400..1942.400 rows=2528312 loops=1)
                    Buckets: 131072  Batches: 64  Memory Usage: 2415kB
                    ->  Seq Scan on title t  (cost=0.00..61283.27 rows=2528527 width=4) (actual time=0.019..1123.373 rows=2528312 loops=1)
Planning time: 1.134 ms
Execution time: 6667.027 ms
