Seq Scan on cast_info ci  (cost=0.00..796071.18 rows=10128797 width=0) (actual time=0.016..14397.205 rows=15728107 loops=1)
  Filter: ((person_id > 2063977) AND (role_id > 1))
  Rows Removed by Filter: 20516237
Planning time: 0.238 ms
Execution time: 16339.076 ms
