Hash Join  (cost=65418.63..152092.95 rows=1628 width=0) (actual time=895.685..2663.306 rows=14816 loops=1)
  Hash Cond: (mk.movie_id = t.id)
  ->  Seq Scan on movie_keyword mk  (cost=0.00..69693.30 rows=4523930 width=4) (actual time=0.019..961.074 rows=4523930 loops=1)
  ->  Hash  (cost=65407.26..65407.26 rows=910 width=8) (actual time=895.166..895.166 rows=3969 loops=1)
        Buckets: 4096 (originally 1024)  Batches: 1 (originally 1)  Memory Usage: 188kB
        ->  Nested Loop  (cost=0.43..65407.26 rows=910 width=8) (actual time=22.754..893.015 rows=3969 loops=1)
              ->  Seq Scan on movie_companies mc  (cost=0.00..57926.93 rows=910 width=4) (actual time=22.672..751.483 rows=3969 loops=1)
                    Filter: ((company_id < 6) AND (company_type_id = 1))
                    Rows Removed by Filter: 2605160
              ->  Index Only Scan using title_pkey on title t  (cost=0.43..8.21 rows=1 width=4) (actual time=0.035..0.035 rows=1 loops=3969)
                    Index Cond: (id = mc.movie_id)
                    Heap Fetches: 3969
Planning time: 1.192 ms
Execution time: 2665.385 ms
