Hash Join  (cost=190230.21..1056095.53 rows=2065171 width=0) (actual time=14054.921..23970.412 rows=4386863 loops=1)
  Hash Cond: (ci.movie_id = t.id)
  ->  Seq Scan on cast_info ci  (cost=0.00..796071.18 rows=3783847 width=4) (actual time=9303.272..15927.316 rows=3859451 loops=1)
        Filter: ((person_id > 185578) AND (role_id = 3))
        Rows Removed by Filter: 32384893
  ->  Hash  (cost=167588.78..167588.78 rows=1380035 width=8) (actual time=4750.697..4750.697 rows=1380035 loops=1)
        Buckets: 131072  Batches: 32  Memory Usage: 2708kB
        ->  Hash Join  (cost=102767.86..167588.78 rows=1380035 width=8) (actual time=1969.810..4343.112 rows=1380035 loops=1)
              Hash Cond: (mi_idx.movie_id = t.id)
              ->  Seq Scan on movie_info_idx mi_idx  (cost=0.00..21735.35 rows=1380035 width=4) (actual time=0.026..485.092 rows=1380035 loops=1)
              ->  Hash  (cost=61283.27..61283.27 rows=2528527 width=4) (actual time=1967.404..1967.404 rows=2528312 loops=1)
                    Buckets: 131072  Batches: 64  Memory Usage: 2415kB
                    ->  Seq Scan on title t  (cost=0.00..61283.27 rows=2528527 width=4) (actual time=0.019..1133.893 rows=2528312 loops=1)
Planning time: 1.182 ms
Execution time: 24494.707 ms
