Hash Join  (cost=79601.51..890644.98 rows=144074 width=0) (actual time=1723.761..13288.013 rows=160 loops=1)
  Hash Cond: (ci.movie_id = t.id)
  ->  Seq Scan on cast_info ci  (cost=0.00..796071.18 rows=1053216 width=4) (actual time=47.840..11845.196 rows=1286 loops=1)
        Filter: ((person_id < 496121) AND (role_id = 2))
        Rows Removed by Filter: 36243058
  ->  Hash  (cost=73925.90..73925.90 rows=345888 width=4) (actual time=1373.519..1373.519 rows=457402 loops=1)
        Buckets: 131072  Batches: 8  Memory Usage: 3047kB
        ->  Seq Scan on title t  (cost=0.00..73925.90 rows=345888 width=4) (actual time=0.019..1229.863 rows=457402 loops=1)
              Filter: ((kind_id < 7) AND (production_year < 1997))
              Rows Removed by Filter: 2070910
Planning time: 0.781 ms
Execution time: 13288.136 ms
