Seq Scan on movie_companies mc  (cost=0.00..51404.11 rows=1869907 width=0) (actual time=0.022..978.118 rows=1865133 loops=1)
  Filter: (company_id < 38089)
  Rows Removed by Filter: 743996
Planning time: 0.320 ms
Execution time: 1211.356 ms
