Seq Scan on cast_info ci  (cost=0.00..705507.15 rows=11532905 width=0) (actual time=497.266..12006.790 rows=11449061 loops=1)
  Filter: (person_id < 1124728)
  Rows Removed by Filter: 24795283
Planning time: 0.314 ms
Execution time: 13443.272 ms
