Nested Loop  (cost=0.43..709673.15 rows=484 width=0) (actual time=5651.472..29453.197 rows=147 loops=1)
  ->  Seq Scan on cast_info ci  (cost=0.00..705507.15 rows=500 width=4) (actual time=5651.308..29440.821 rows=147 loops=1)
        Filter: (person_id = 462671)
        Rows Removed by Filter: 36244197
  ->  Index Scan using title_pkey on title t  (cost=0.43..8.32 rows=1 width=4) (actual time=0.083..0.083 rows=1 loops=147)
        Index Cond: (id = ci.movie_id)
        Filter: (production_year > 1901)
Planning time: 0.751 ms
Execution time: 29453.347 ms
