Nested Loop  (cost=0.43..833372.38 rows=1 width=0) (actual time=9644.148..14133.826 rows=4 loops=1)
  Join Filter: (t.id = mi_idx.movie_id)
  Rows Removed by Join Filter: 1839696
  ->  Nested Loop  (cost=0.43..796748.18 rows=1 width=8) (actual time=9149.170..12959.612 rows=2 loops=1)
        ->  Seq Scan on cast_info ci  (cost=0.00..796071.18 rows=80 width=4) (actual time=9148.788..12957.415 rows=132 loops=1)
              Filter: ((role_id > 8) AND (person_id = 140182))
              Rows Removed by Filter: 36244212
        ->  Index Scan using title_pkey on title t  (cost=0.43..8.45 rows=1 width=4) (actual time=0.016..0.016 rows=0 loops=132)
              Index Cond: (id = ci.movie_id)
              Filter: ((kind_id = 1) AND (production_year = 2012))
              Rows Removed by Filter: 1
  ->  Seq Scan on movie_info_idx mi_idx  (cost=0.00..25185.44 rows=915101 width=4) (actual time=0.015..455.111 rows=919850 loops=2)
        Filter: (info_type_id < 101)
        Rows Removed by Filter: 460185
Planning time: 1.161 ms
Execution time: 14133.983 ms
