Seq Scan on cast_info ci  (cost=0.00..705507.15 rows=9059262 width=0) (actual time=4519.619..11711.265 rows=9063764 loops=1)
  Filter: (person_id > 2790916)
  Rows Removed by Filter: 27180580
Planning time: 0.305 ms
Execution time: 12860.866 ms
