Seq Scan on movie_keyword mk  (cost=0.00..81003.12 rows=246 width=0) (actual time=4.597..1373.293 rows=608 loops=1)
  Filter: (keyword_id = 6510)
  Rows Removed by Filter: 4523322
Planning time: 0.346 ms
Execution time: 1373.629 ms
