Hash Join  (cost=190230.21..1077483.98 rows=2750997 width=0) (actual time=5016.280..23005.297 rows=7437651 loops=1)
  Hash Cond: (ci.movie_id = t.id)
  ->  Seq Scan on cast_info ci  (cost=0.00..796071.18 rows=5040431 width=4) (actual time=701.434..12730.110 rows=6478841 loops=1)
        Filter: ((person_id < 883819) AND (role_id < 3))
        Rows Removed by Filter: 29765503
  ->  Hash  (cost=167588.78..167588.78 rows=1380035 width=8) (actual time=4313.202..4313.202 rows=1380035 loops=1)
        Buckets: 131072  Batches: 32  Memory Usage: 2708kB
        ->  Hash Join  (cost=102767.86..167588.78 rows=1380035 width=8) (actual time=1885.869..3919.515 rows=1380035 loops=1)
              Hash Cond: (mi_idx.movie_id = t.id)
              ->  Seq Scan on movie_info_idx mi_idx  (cost=0.00..21735.35 rows=1380035 width=4) (actual time=0.038..479.802 rows=1380035 loops=1)
              ->  Hash  (cost=61283.27..61283.27 rows=2528527 width=4) (actual time=1884.214..1884.214 rows=2528312 loops=1)
                    Buckets: 131072  Batches: 64  Memory Usage: 2415kB
                    ->  Seq Scan on title t  (cost=0.00..61283.27 rows=2528527 width=4) (actual time=0.028..1027.128 rows=2528312 loops=1)
Planning time: 1.270 ms
Execution time: 23868.398 ms
