Hash Join  (cost=154301.06..252812.58 rows=191585 width=0) (actual time=3300.058..5508.556 rows=755204 loops=1)
  Hash Cond: (mk.movie_id = t.id)
  ->  Seq Scan on movie_keyword mk  (cost=0.00..81003.12 rows=1213479 width=4) (actual time=0.963..1415.307 rows=1218357 loops=1)
        Filter: (keyword_id < 1535)
        Rows Removed by Filter: 3305573
  ->  Hash  (cost=147750.99..147750.99 rows=399205 width=8) (actual time=3293.665..3293.665 rows=415710 loops=1)
        Buckets: 131072  Batches: 8  Memory Usage: 3069kB
        ->  Hash Join  (cost=104071.89..147750.99 rows=399205 width=8) (actual time=1990.715..3178.694 rows=415710 loops=1)
              Hash Cond: (mi_idx.movie_id = t.id)
              ->  Seq Scan on movie_info_idx mi_idx  (cost=0.00..25185.44 rows=454124 width=4) (actual time=0.026..441.058 rows=459925 loops=1)
                    Filter: (info_type_id = 100)
                    Rows Removed by Filter: 920110
              ->  Hash  (cost=67604.59..67604.59 rows=2222744 width=4) (actual time=1989.372..1989.372 rows=2214818 loops=1)
                    Buckets: 131072  Batches: 32  Memory Usage: 3459kB
                    ->  Seq Scan on title t  (cost=0.00..67604.59 rows=2222744 width=4) (actual time=0.016..1286.083 rows=2214818 loops=1)
                          Filter: (production_year > 1959)
                          Rows Removed by Filter: 313494
Planning time: 1.202 ms
Execution time: 5602.172 ms
