Hash Join  (cost=102767.86..1049958.57 rows=9633450 width=0) (actual time=1980.534..23622.876 rows=9449291 loops=1)
  Hash Cond: (ci.movie_id = t.id)
  ->  Seq Scan on cast_info ci  (cost=0.00..705507.15 rows=9633450 width=4) (actual time=0.021..12408.108 rows=9449291 loops=1)
        Filter: (person_id < 930021)
        Rows Removed by Filter: 26795053
  ->  Hash  (cost=61283.27..61283.27 rows=2528527 width=4) (actual time=1978.448..1978.448 rows=2528312 loops=1)
        Buckets: 131072  Batches: 64  Memory Usage: 2415kB
        ->  Seq Scan on title t  (cost=0.00..61283.27 rows=2528527 width=4) (actual time=0.021..1131.664 rows=2528312 loops=1)
Planning time: 0.813 ms
Execution time: 24713.698 ms
