Hash Join  (cost=86935.43..132053.57 rows=432766 width=0) (actual time=4578.318..7634.103 rows=345732 loops=1)
  Hash Cond: (mi_idx.movie_id = t.id)
  ->  Seq Scan on movie_info_idx mi_idx  (cost=0.00..21735.35 rows=1380035 width=4) (actual time=0.020..1664.752 rows=1380035 loops=1)
  ->  Hash  (cost=73925.90..73925.90 rows=792922 width=4) (actual time=4577.299..4577.299 rows=692469 loops=1)
        Buckets: 131072  Batches: 16  Memory Usage: 2548kB
        ->  Seq Scan on title t  (cost=0.00..73925.90 rows=792922 width=4) (actual time=0.020..4271.949 rows=692469 loops=1)
              Filter: ((kind_id > 1) AND (production_year < 2001))
              Rows Removed by Filter: 1835843
Planning time: 0.714 ms
Execution time: 7696.406 ms
