Hash Join  (cost=78204.40..161112.98 rows=7257 width=0) (actual time=1355.075..2684.914 rows=21103 loops=1)
  Hash Cond: (mk.movie_id = t.id)
  ->  Seq Scan on movie_keyword mk  (cost=0.00..81003.12 rows=70367 width=4) (actual time=0.018..1192.851 rows=72592 loops=1)
        Filter: (keyword_id < 66)
        Rows Removed by Filter: 4451338
  ->  Hash  (cost=73925.90..73925.90 rows=260760 width=4) (actual time=1354.509..1354.509 rows=373942 loops=1)
        Buckets: 131072 (originally 131072)  Batches: 8 (originally 4)  Memory Usage: 3073kB
        ->  Seq Scan on title t  (cost=0.00..73925.90 rows=260760 width=4) (actual time=0.013..1223.520 rows=373942 loops=1)
              Filter: ((kind_id < 7) AND (production_year < 1989))
              Rows Removed by Filter: 2154370
Planning time: 0.844 ms
Execution time: 2687.970 ms
