Hash Join  (cost=83810.17..232428.28 rows=1610016 width=0) (actual time=1417.764..5802.814 rows=3523939 loops=1)
  Hash Cond: (mk.movie_id = t.id)
  ->  Seq Scan on movie_keyword mk  (cost=0.00..81003.12 rows=4121552 width=4) (actual time=0.025..1774.776 rows=4127153 loops=1)
        Filter: (keyword_id < 43580)
        Rows Removed by Filter: 396777
  ->  Hash  (cost=67604.59..67604.59 rows=987727 width=4) (actual time=1416.876..1416.876 rows=985048 loops=1)
        Buckets: 131072  Batches: 16  Memory Usage: 3197kB
        ->  Seq Scan on title t  (cost=0.00..67604.59 rows=987727 width=4) (actual time=0.025..1113.102 rows=985048 loops=1)
              Filter: (kind_id < 7)
              Rows Removed by Filter: 1543264
Planning time: 0.750 ms
Execution time: 6159.674 ms
