Seq Scan on movie_companies mc  (cost=0.00..57926.93 rows=646726 width=0) (actual time=1.600..986.873 rows=899606 loops=1)
  Filter: ((company_id > 11387) AND (company_type_id = 2))
  Rows Removed by Filter: 1709523
Planning time: 0.422 ms
Execution time: 1101.484 ms
