Hash Join  (cost=95087.33..188484.94 rows=1330909 width=0) (actual time=1878.586..4577.208 rows=882902 loops=1)
  Hash Cond: (mc.movie_id = t.id)
  ->  Seq Scan on movie_companies mc  (cost=0.00..44881.29 rows=2609129 width=4) (actual time=0.031..941.522 rows=2609129 loops=1)
  ->  Hash  (cost=73925.90..73925.90 rows=1289794 width=4) (actual time=1877.467..1877.467 rows=1413747 loops=1)
        Buckets: 131072  Batches: 32  Memory Usage: 2586kB
        ->  Seq Scan on title t  (cost=0.00..73925.90 rows=1289794 width=4) (actual time=0.027..1422.019 rows=1413747 loops=1)
              Filter: ((kind_id > 1) AND (production_year > 1990))
              Rows Removed by Filter: 1114565
Planning time: 3.025 ms
Execution time: 4680.541 ms
