Hash Join  (cost=124000.08..1201065.34 rows=4211314 width=0) (actual time=2421.737..32626.490 rows=8323979 loops=1)
  Hash Cond: (ci.movie_id = t.id)
  ->  Seq Scan on cast_info ci  (cost=0.00..614943.12 rows=36225612 width=4) (actual time=0.022..12840.395 rows=36244344 loops=1)
  ->  Hash  (cost=119176.74..119176.74 rows=293947 width=8) (actual time=2420.853..2420.853 rows=339445 loops=1)
        Buckets: 131072 (originally 131072)  Batches: 8 (originally 4)  Memory Usage: 3073kB
        ->  Hash Join  (cost=76440.79..119176.74 rows=293947 width=8) (actual time=1217.828..2331.892 rows=339445 loops=1)
              Hash Cond: (mi_idx.movie_id = t.id)
              ->  Seq Scan on movie_info_idx mi_idx  (cost=0.00..21735.35 rows=1380035 width=4) (actual time=0.023..398.851 rows=1380035 loops=1)
              ->  Hash  (cost=67604.59..67604.59 rows=538576 width=4) (actual time=1217.052..1217.052 rows=538190 loops=1)
                    Buckets: 131072  Batches: 8  Memory Usage: 3380kB
                    ->  Seq Scan on title t  (cost=0.00..67604.59 rows=538576 width=4) (actual time=0.013..1043.567 rows=538190 loops=1)
                          Filter: (production_year < 1982)
                          Rows Removed by Filter: 1990122
Planning time: 1.213 ms
Execution time: 33515.663 ms
