Seq Scan on movie_companies mc  (cost=0.00..57926.93 rows=259921 width=0) (actual time=125.843..795.381 rows=136432 loops=1)
  Filter: ((company_id < 464) AND (company_type_id = 2))
  Rows Removed by Filter: 2472697
Planning time: 0.474 ms
Execution time: 812.703 ms
