Hash Join  (cost=74228.29..828483.25 rows=346579 width=0) (actual time=1257.134..20598.981 rows=308894 loops=1)
  Hash Cond: (ci.movie_id = t.id)
  ->  Seq Scan on cast_info ci  (cost=0.00..614943.12 rows=36225612 width=4) (actual time=0.012..9184.045 rows=36244344 loops=1)
  ->  Hash  (cost=73925.90..73925.90 rows=24191 width=4) (actual time=1256.611..1256.611 rows=24602 loops=1)
        Buckets: 32768  Batches: 1  Memory Usage: 1121kB
        ->  Seq Scan on title t  (cost=0.00..73925.90 rows=24191 width=4) (actual time=0.028..1246.048 rows=24602 loops=1)
              Filter: ((kind_id = 7) AND (production_year = 1995))
              Rows Removed by Filter: 2503710
Planning time: 1.212 ms
Execution time: 20649.554 ms
