Seq Scan on movie_keyword mk  (cost=0.00..81003.12 rows=246 width=0) (actual time=3.566..1240.149 rows=250 loops=1)
  Filter: (keyword_id = 11748)
  Rows Removed by Filter: 4523680
Planning time: 0.255 ms
Execution time: 1240.387 ms
