Hash Join  (cost=102767.86..201795.46 rows=338491 width=0) (actual time=2340.745..4184.761 rows=335502 loops=1)
  Hash Cond: (mk.movie_id = t.id)
  ->  Seq Scan on movie_keyword mk  (cost=0.00..81003.12 rows=338491 width=4) (actual time=0.056..1280.974 rows=335502 loops=1)
        Filter: (keyword_id > 49167)
        Rows Removed by Filter: 4188428
  ->  Hash  (cost=61283.27..61283.27 rows=2528527 width=4) (actual time=2339.352..2339.352 rows=2528312 loops=1)
        Buckets: 131072  Batches: 64  Memory Usage: 2425kB
        ->  Seq Scan on title t  (cost=0.00..61283.27 rows=2528527 width=4) (actual time=0.071..1188.688 rows=2528312 loops=1)
Planning time: 0.756 ms
Execution time: 4218.154 ms
