Hash Join  (cost=73962.22..431735.22 rows=3525 width=0) (actual time=4113.690..6622.212 rows=3468 loops=1)
  Hash Cond: (mi.movie_id = t.id)
  ->  Seq Scan on movie_info mi  (cost=0.00..346232.03 rows=3068194 width=4) (actual time=2138.677..5182.447 rows=3036719 loops=1)
        Filter: (info_type_id = 16)
        Rows Removed by Filter: 11799001
  ->  Hash  (cost=73925.90..73925.90 rows=2905 width=4) (actual time=1032.638..1032.638 rows=2847 loops=1)
        Buckets: 4096  Batches: 1  Memory Usage: 133kB
        ->  Seq Scan on title t  (cost=0.00..73925.90 rows=2905 width=4) (actual time=0.731..1031.158 rows=2847 loops=1)
              Filter: ((kind_id < 7) AND (production_year = 1926))
              Rows Removed by Filter: 2525465
Planning time: 0.793 ms
Execution time: 6622.857 ms
