Hash Join  (cost=1018504.83..3176333.53 rows=93071581 width=0) (actual time=25201.780..105128.683 rows=202676324 loops=1)
  Hash Cond: (ci.movie_id = t.id)
  ->  Seq Scan on cast_info ci  (cost=0.00..705507.15 rows=15966623 width=4) (actual time=0.025..14046.679 rows=16097604 loops=1)
        Filter: (person_id > 2023889)
        Rows Removed by Filter: 20146740
  ->  Hash  (cost=776690.81..776690.81 rows=14739122 width=8) (actual time=25200.210..25200.210 rows=14835720 loops=1)
        Buckets: 131072  Batches: 256  Memory Usage: 3268kB
        ->  Hash Join  (cost=102767.86..776690.81 rows=14739122 width=8) (actual time=1895.231..20896.071 rows=14835720 loops=1)
              Hash Cond: (mi.movie_id = t.id)
              ->  Seq Scan on movie_info mi  (cost=0.00..309384.22 rows=14739122 width=4) (actual time=0.018..6214.560 rows=14835720 loops=1)
              ->  Hash  (cost=61283.27..61283.27 rows=2528527 width=4) (actual time=1893.341..1893.341 rows=2528312 loops=1)
                    Buckets: 131072  Batches: 64  Memory Usage: 2425kB
                    ->  Seq Scan on title t  (cost=0.00..61283.27 rows=2528527 width=4) (actual time=0.017..1049.106 rows=2528312 loops=1)
Planning time: 1.423 ms
Execution time: 127829.032 ms
