Hash Join  (cost=131092.40..958733.75 rows=1146058 width=0) (actual time=3079.368..22428.483 rows=4562850 loops=1)
  Hash Cond: (ci.movie_id = t.id)
  ->  Seq Scan on cast_info ci  (cost=0.00..705507.15 rows=9468168 width=4) (actual time=216.556..14250.854 rows=9384703 loops=1)
        Filter: (role_id > 4)
        Rows Removed by Filter: 26859641
  ->  Hash  (cost=126070.63..126070.63 rows=306061 width=8) (actual time=2861.479..2861.479 rows=479659 loops=1)
        Buckets: 131072 (originally 131072)  Batches: 8 (originally 4)  Memory Usage: 3375kB
        ->  Hash Join  (cost=83126.54..126070.63 rows=306061 width=8) (actual time=1433.520..2714.212 rows=479659 loops=1)
              Hash Cond: (mi_idx.movie_id = t.id)
              ->  Seq Scan on movie_info_idx mi_idx  (cost=0.00..21735.35 rows=1380035 width=4) (actual time=0.016..491.800 rows=1380035 loops=1)
              ->  Hash  (cost=73925.90..73925.90 rows=560771 width=4) (actual time=1432.670..1432.670 rows=438714 loops=1)
                    Buckets: 131072  Batches: 8  Memory Usage: 2965kB
                    ->  Seq Scan on title t  (cost=0.00..73925.90 rows=560771 width=4) (actual time=588.819..1273.470 rows=438714 loops=1)
                          Filter: ((production_year > 1967) AND (kind_id = 1))
                          Rows Removed by Filter: 2089598
Planning time: 1.127 ms
Execution time: 22939.867 ms
