Hash Join  (cost=156276.23..281730.76 rows=283349 width=0) (actual time=9274.669..17544.850 rows=1886004 loops=1)
  Hash Cond: (mk.movie_id = t.id)
  ->  Seq Scan on movie_keyword mk  (cost=0.00..69693.30 rows=4523930 width=4) (actual time=0.012..5093.188 rows=4523930 loops=1)
  ->  Hash  (cost=153677.60..153677.60 rows=158370 width=8) (actual time=9273.841..9273.841 rows=188630 loops=1)
        Buckets: 131072  Batches: 4  Memory Usage: 2871kB
        ->  Hash Join  (cost=76444.38..153677.60 rows=158370 width=8) (actual time=4260.914..9123.193 rows=188630 loops=1)
              Hash Cond: (mc.movie_id = t.id)
              ->  Seq Scan on movie_companies mc  (cost=0.00..44881.29 rows=2609129 width=4) (actual time=0.025..3213.423 rows=2609129 loops=1)
              ->  Hash  (cost=73925.90..73925.90 rows=153478 width=4) (actual time=4260.093..4260.093 rows=134760 loops=1)
                    Buckets: 131072  Batches: 4  Memory Usage: 2216kB
                    ->  Seq Scan on title t  (cost=0.00..73925.90 rows=153478 width=4) (actual time=0.025..3867.630 rows=134760 loops=1)
                          Filter: ((kind_id < 7) AND (production_year > 2010))
                          Rows Removed by Filter: 2393552
Planning time: 1.064 ms
Execution time: 17933.551 ms
