Hash Join  (cost=98137.04..211618.57 rows=919667 width=0) (actual time=1952.757..5377.687 rows=481591 loops=1)
  Hash Cond: (mk.movie_id = t.id)
  ->  Seq Scan on movie_keyword mk  (cost=0.00..81003.12 rows=1249548 width=4) (actual time=0.026..1699.707 rows=1265640 loops=1)
        Filter: (keyword_id < 1617)
        Rows Removed by Filter: 3258290
  ->  Hash  (cost=67604.59..67604.59 rows=1860996 width=4) (actual time=1951.453..1951.453 rows=1865487 loops=1)
        Buckets: 131072  Batches: 32  Memory Usage: 3085kB
        ->  Seq Scan on title t  (cost=0.00..67604.59 rows=1860996 width=4) (actual time=0.026..1333.038 rows=1865487 loops=1)
              Filter: (kind_id > 1)
              Rows Removed by Filter: 662825
Planning time: 0.692 ms
Execution time: 5436.522 ms
