Hash Join  (cost=74050.79..204419.42 rows=566613 width=0) (actual time=1980.011..5424.958 rows=248804 loops=1)
  Hash Cond: (mk.movie_id = t.id)
  ->  Seq Scan on movie_keyword mk  (cost=0.00..81003.12 rows=3646501 width=4) (actual time=0.024..1867.229 rows=3636915 loops=1)
        Filter: (keyword_id > 837)
        Rows Removed by Filter: 887015
  ->  Hash  (cost=67604.59..67604.59 rows=392896 width=4) (actual time=1978.813..1978.813 rows=391666 loops=1)
        Buckets: 131072  Batches: 8  Memory Usage: 2759kB
        ->  Seq Scan on title t  (cost=0.00..67604.59 rows=392896 width=4) (actual time=0.013..1166.749 rows=391666 loops=1)
              Filter: (production_year > 2010)
              Rows Removed by Filter: 2136646
Planning time: 0.690 ms
Execution time: 5457.523 ms
