Seq Scan on cast_info ci  (cost=0.00..796071.18 rows=13120609 width=0) (actual time=1115.790..15299.806 rows=17977882 loops=1)
  Filter: ((person_id < 2422220) AND (role_id < 3))
  Rows Removed by Filter: 18266462
Planning time: 13.377 ms
Execution time: 17391.983 ms
