Hash Join  (cost=102767.86..982839.93 rows=6844118 width=0) (actual time=4242.606..21285.447 rows=6777197 loops=1)
  Hash Cond: (ci.movie_id = t.id)
  ->  Seq Scan on cast_info ci  (cost=0.00..705507.15 rows=6844118 width=4) (actual time=2232.332..12163.960 rows=6777197 loops=1)
        Filter: (person_id < 654937)
        Rows Removed by Filter: 29467147
  ->  Hash  (cost=61283.27..61283.27 rows=2528527 width=4) (actual time=1985.252..1985.252 rows=2528312 loops=1)
        Buckets: 131072  Batches: 64  Memory Usage: 2415kB
        ->  Seq Scan on title t  (cost=0.00..61283.27 rows=2528527 width=4) (actual time=0.020..1104.111 rows=2528312 loops=1)
Planning time: 0.575 ms
Execution time: 22083.757 ms
