Hash Join  (cost=204820.16..600104.45 rows=1026853 width=0) (actual time=8566.511..12710.867 rows=4541640 loops=1)
  Hash Cond: (mi.movie_id = t.id)
  ->  Seq Scan on movie_info mi  (cost=0.00..346232.03 rows=3068194 width=4) (actual time=4146.263..5891.914 rows=3036719 loops=1)
        Filter: (info_type_id = 16)
        Rows Removed by Filter: 11799001
  ->  Hash  (cost=190936.18..190936.18 rows=846239 width=8) (actual time=4309.870..4309.870 rows=651281 loops=1)
        Buckets: 131072  Batches: 16  Memory Usage: 2653kB
        ->  Hash Join  (cost=102767.86..190936.18 rows=846239 width=8) (actual time=2460.060..4108.690 rows=651281 loops=1)
              Hash Cond: (mc.movie_id = t.id)
              ->  Seq Scan on movie_companies mc  (cost=0.00..57926.93 rows=846239 width=4) (actual time=368.455..1066.464 rows=651281 loops=1)
                    Filter: ((company_id > 2609) AND (company_type_id = 1))
                    Rows Removed by Filter: 1957848
              ->  Hash  (cost=61283.27..61283.27 rows=2528527 width=4) (actual time=2090.026..2090.026 rows=2528312 loops=1)
                    Buckets: 131072  Batches: 64  Memory Usage: 2415kB
                    ->  Seq Scan on title t  (cost=0.00..61283.27 rows=2528527 width=4) (actual time=0.029..1213.103 rows=2528312 loops=1)
Planning time: 1.126 ms
Execution time: 13233.473 ms
