Seq Scan on cast_info ci  (cost=0.00..705507.15 rows=500 width=0) (actual time=1103.721..30422.459 rows=81 loops=1)
  Filter: (person_id = 1421336)
  Rows Removed by Filter: 36244263
Planning time: 0.293 ms
Execution time: 30422.567 ms
