Hash Join  (cost=73929.67..438603.14 rows=1755 width=0) (actual time=1148.194..7840.035 rows=4514 loops=1)
  Hash Cond: (mi.movie_id = t.id)
  ->  Seq Scan on movie_info mi  (cost=0.00..309384.22 rows=14739122 width=4) (actual time=0.009..4109.337 rows=14835720 loops=1)
  ->  Hash  (cost=73925.90..73925.90 rows=301 width=4) (actual time=974.757..974.757 rows=715 loops=1)
        Buckets: 1024  Batches: 1  Memory Usage: 34kB
        ->  Seq Scan on title t  (cost=0.00..73925.90 rows=301 width=4) (actual time=1.180..974.282 rows=715 loops=1)
              Filter: ((kind_id = 3) AND (production_year = 1962))
              Rows Removed by Filter: 2527597
Planning time: 3.496 ms
Execution time: 7841.448 ms
