Hash Join  (cost=83074.74..833899.15 rows=3524 width=0) (actual time=1285.802..17994.056 rows=58651 loops=1)
  Hash Cond: (ci.movie_id = t.id)
  ->  Seq Scan on cast_info ci  (cost=0.00..614943.12 rows=36225612 width=4) (actual time=0.017..9526.354 rows=36244344 loops=1)
  ->  Hash  (cost=83071.67..83071.67 rows=246 width=8) (actual time=1285.595..1285.595 rows=1042 loops=1)
        Buckets: 2048 (originally 1024)  Batches: 1 (originally 1)  Memory Usage: 57kB
        ->  Nested Loop  (cost=0.43..83071.67 rows=246 width=8) (actual time=7.746..1284.821 rows=1042 loops=1)
              ->  Seq Scan on movie_keyword mk  (cost=0.00..81003.12 rows=246 width=4) (actual time=7.653..1251.385 rows=1042 loops=1)
                    Filter: (keyword_id = 6271)
                    Rows Removed by Filter: 4522888
              ->  Index Only Scan using title_pkey on title t  (cost=0.43..8.40 rows=1 width=4) (actual time=0.030..0.031 rows=1 loops=1042)
                    Index Cond: (id = mk.movie_id)
                    Heap Fetches: 1042
Planning time: 1.164 ms
Execution time: 18006.742 ms
