Hash Join  (cost=52284.99..145705.67 rows=136 width=0) (actual time=1460.161..2719.824 rows=27 loops=1)
  Hash Cond: (mk.movie_id = t.id)
  ->  Seq Scan on movie_keyword mk  (cost=0.00..81003.12 rows=3310986 width=4) (actual time=0.026..1517.710 rows=3302069 loops=1)
        Filter: (keyword_id < 14897)
        Rows Removed by Filter: 1221861
  ->  Hash  (cost=52283.69..52283.69 rows=104 width=8) (actual time=759.638..759.638 rows=8 loops=1)
        Buckets: 1024  Batches: 1  Memory Usage: 9kB
        ->  Nested Loop  (cost=0.43..52283.69 rows=104 width=8) (actual time=69.933..759.625 rows=8 loops=1)
              ->  Seq Scan on movie_companies mc  (cost=0.00..51404.11 rows=104 width=4) (actual time=69.827..759.223 rows=8 loops=1)
                    Filter: (company_id = 79576)
                    Rows Removed by Filter: 2609121
              ->  Index Only Scan using title_pkey on title t  (cost=0.43..8.45 rows=1 width=4) (actual time=0.043..0.044 rows=1 loops=8)
                    Index Cond: (id = mc.movie_id)
                    Heap Fetches: 8
Planning time: 1.136 ms
Execution time: 2719.942 ms
