Hash Join  (cost=89649.84..486733.06 rows=1162947 width=0) (actual time=1965.236..10021.468 rows=1192211 loops=1)
  Hash Cond: (mi.movie_id = t.id)
  ->  Seq Scan on movie_info mi  (cost=0.00..346232.03 rows=3068194 width=4) (actual time=0.021..6039.747 rows=3036719 loops=1)
        Filter: (info_type_id = 16)
        Rows Removed by Filter: 11799001
  ->  Hash  (cost=73925.90..73925.90 rows=958395 width=4) (actual time=1964.159..1964.159 rows=1050192 loops=1)
        Buckets: 131072  Batches: 16  Memory Usage: 3346kB
        ->  Seq Scan on title t  (cost=0.00..73925.90 rows=958395 width=4) (actual time=0.022..1418.238 rows=1050192 loops=1)
              Filter: ((production_year > 1996) AND (kind_id = 7))
              Rows Removed by Filter: 1478120
Planning time: 0.756 ms
Execution time: 10168.311 ms
