Hash Join  (cost=70241.71..1114714.37 rows=1763123 width=0) (actual time=1146.170..29644.463 rows=1979040 loops=1)
  Hash Cond: (ci.movie_id = t.id)
  ->  Seq Scan on cast_info ci  (cost=0.00..705507.15 rows=27736607 width=4) (actual time=0.021..16051.443 rows=27867290 loops=1)
        Filter: (person_id > 820952)
        Rows Removed by Filter: 8377054
  ->  Hash  (cost=67604.59..67604.59 rows=160730 width=4) (actual time=1145.018..1145.018 rows=160017 loops=1)
        Buckets: 131072  Batches: 4  Memory Usage: 2436kB
        ->  Seq Scan on title t  (cost=0.00..67604.59 rows=160730 width=4) (actual time=0.029..1089.100 rows=160017 loops=1)
              Filter: (production_year = 2011)
              Rows Removed by Filter: 2368295
Planning time: 0.817 ms
Execution time: 29886.987 ms
