Hash Join  (cost=76444.38..141467.56 rows=64935 width=0) (actual time=1273.001..2794.948 rows=111792 loops=1)
  Hash Cond: (mc.movie_id = t.id)
  ->  Seq Scan on movie_companies mc  (cost=0.00..51404.11 rows=1069792 width=4) (actual time=0.023..1017.021 rows=1080950 loops=1)
        Filter: (company_id > 14348)
        Rows Removed by Filter: 1528179
  ->  Hash  (cost=73925.90..73925.90 rows=153478 width=4) (actual time=1272.189..1272.189 rows=134760 loops=1)
        Buckets: 131072  Batches: 4  Memory Usage: 2216kB
        ->  Seq Scan on title t  (cost=0.00..73925.90 rows=153478 width=4) (actual time=0.028..1226.021 rows=134760 loops=1)
              Filter: ((kind_id < 7) AND (production_year > 2010))
              Rows Removed by Filter: 2393552
Planning time: 0.747 ms
Execution time: 2813.149 ms
