Seq Scan on movie_keyword mk  (cost=0.00..81003.12 rows=3312166 width=0) (actual time=0.016..1391.998 rows=3309229 loops=1)
  Filter: (keyword_id > 1529)
  Rows Removed by Filter: 1214701
Planning time: 0.342 ms
Execution time: 1748.237 ms
