Seq Scan on movie_keyword mk  (cost=0.00..81003.12 rows=4413463 width=0) (actual time=0.023..1580.040 rows=4413717 loops=1)
  Filter: (keyword_id < 80072)
  Rows Removed by Filter: 110213
Planning time: 0.325 ms
Execution time: 2156.678 ms
