Seq Scan on movie_companies mc  (cost=0.00..57926.93 rows=978919 width=0) (actual time=324.055..1154.234 rows=672835 loops=1)
  Filter: ((company_id < 46481) AND (company_type_id > 1))
  Rows Removed by Filter: 1936294
Planning time: 0.239 ms
Execution time: 1235.118 ms
