Hash Join  (cost=754969.76..3051293.13 rows=96452909 width=0) (actual time=18350.902..79766.272 rows=93483752 loops=1)
  Hash Cond: (ci.movie_id = t.id)
  ->  Seq Scan on cast_info ci  (cost=0.00..614943.12 rows=36225612 width=4) (actual time=0.011..13338.814 rows=36244344 loops=1)
  ->  Hash  (cost=644516.29..644516.29 rows=6732358 width=8) (actual time=18347.527..18347.527 rows=3800935 loops=1)
        Buckets: 131072  Batches: 128  Memory Usage: 2197kB
        ->  Hash Join  (cost=92874.78..644516.29 rows=6732358 width=8) (actual time=2162.439..17237.074 rows=3800935 loops=1)
              Hash Cond: (mi.movie_id = t.id)
              ->  Seq Scan on movie_info mi  (cost=0.00..309384.22 rows=14739122 width=4) (actual time=0.016..5911.587 rows=14835720 loops=1)
              ->  Hash  (cost=73925.90..73925.90 rows=1154950 width=4) (actual time=2160.629..2160.629 rows=1267884 loops=1)
                    Buckets: 131072  Batches: 16  Memory Usage: 3825kB
                    ->  Seq Scan on title t  (cost=0.00..73925.90 rows=1154950 width=4) (actual time=0.019..1468.655 rows=1267884 loops=1)
                          Filter: ((kind_id > 2) AND (production_year > 1994))
                          Rows Removed by Filter: 1260428
Planning time: 1.142 ms
Execution time: 90821.281 ms
