Seq Scan on cast_info ci  (cost=0.00..705507.15 rows=17284166 width=0) (actual time=0.020..12748.548 rows=17166169 loops=1)
  Filter: (person_id < 1695724)
  Rows Removed by Filter: 19078175
Planning time: 0.324 ms
Execution time: 14953.632 ms
