Seq Scan on movie_keyword mk  (cost=0.00..81003.12 rows=936632 width=0) (actual time=0.028..1384.562 rows=945894 loops=1)
  Filter: (keyword_id > 20071)
  Rows Removed by Filter: 3578036
Planning time: 0.520 ms
Execution time: 1507.409 ms
