Hash Join  (cost=102767.86..169913.77 rows=243680 width=0) (actual time=2563.422..3777.953 rows=246141 loops=1)
  Hash Cond: (mc.movie_id = t.id)
  ->  Seq Scan on movie_companies mc  (cost=0.00..51404.11 rows=243680 width=4) (actual time=310.132..890.771 rows=246141 loops=1)
        Filter: (company_id > 101818)
        Rows Removed by Filter: 2362988
  ->  Hash  (cost=61283.27..61283.27 rows=2528527 width=4) (actual time=2251.929..2251.929 rows=2528312 loops=1)
        Buckets: 131072  Batches: 64  Memory Usage: 2415kB
        ->  Seq Scan on title t  (cost=0.00..61283.27 rows=2528527 width=4) (actual time=0.028..1186.250 rows=2528312 loops=1)
Planning time: 0.774 ms
Execution time: 3810.147 ms
