Hash Join  (cost=71214.36..899061.37 rows=216329 width=0) (actual time=34083.427..50353.776 rows=206234 loops=1)
  Hash Cond: (ci.movie_id = t.id)
  ->  Seq Scan on cast_info ci  (cost=0.00..796071.18 rows=2486543 width=4) (actual time=30585.095..44835.488 rows=2728943 loops=1)
        Filter: ((person_id < 3452125) AND (role_id = 4))
        Rows Removed by Filter: 33515401
  ->  Hash  (cost=67604.59..67604.59 rows=219982 width=4) (actual time=3497.443..3497.443 rows=221115 loops=1)
        Buckets: 131072  Batches: 4  Memory Usage: 2967kB
        ->  Seq Scan on title t  (cost=0.00..67604.59 rows=219982 width=4) (actual time=0.018..3401.689 rows=221115 loops=1)
              Filter: (production_year < 1958)
              Rows Removed by Filter: 2307197
Planning time: 0.795 ms
Execution time: 50416.191 ms
