Seq Scan on cast_info ci  (cost=0.00..705507.15 rows=22018110 width=0) (actual time=2313.102..12547.302 rows=22083321 loops=1)
  Filter: (person_id > 1394295)
  Rows Removed by Filter: 14161023
Planning time: 0.314 ms
Execution time: 15183.241 ms
