Hash Join  (cost=73994.33..100918.42 rows=998 width=0) (actual time=1228.289..1797.495 rows=984 loops=1)
  Hash Cond: (mi_idx.movie_id = t.id)
  ->  Seq Scan on movie_info_idx mi_idx  (cost=0.00..25185.44 rows=460978 width=4) (actual time=0.022..487.007 rows=459925 loops=1)
        Filter: (info_type_id = 99)
        Rows Removed by Filter: 920110
  ->  Hash  (cost=73925.90..73925.90 rows=5474 width=4) (actual time=1212.193..1212.193 rows=7556 loops=1)
        Buckets: 8192  Batches: 1  Memory Usage: 330kB
        ->  Seq Scan on title t  (cost=0.00..73925.90 rows=5474 width=4) (actual time=2.055..1208.315 rows=7556 loops=1)
              Filter: ((kind_id > 1) AND (production_year = 1959))
              Rows Removed by Filter: 2520756
Planning time: 0.727 ms
Execution time: 1797.789 ms
