Hash Join  (cost=298141.72..1831227.54 rows=13040465 width=148) (actual time=6283.590..65328.413 rows=37964481 loops=1)
  Hash Cond: (ci.movie_id = t.id)
  ->  Seq Scan on cast_info ci  (cost=0.00..614943.12 rows=36225612 width=42) (actual time=0.014..13040.633 rows=36244344 loops=1)
  ->  Hash  (cost=271652.01..271652.01 rows=910217 width=106) (actual time=6282.298..6282.298 rows=914351 loops=1)
        Buckets: 32768  Batches: 64  Memory Usage: 2074kB
        ->  Hash Join  (cost=129928.86..271652.01 rows=910217 width=106) (actual time=2575.904..5766.805 rows=914351 loops=1)
              Hash Cond: (mk.movie_id = t.id)
              ->  Seq Scan on movie_keyword mk  (cost=0.00..81003.12 rows=910217 width=12) (actual time=0.015..1662.797 rows=914351 loops=1)
                    Filter: (keyword_id < 866)
                    Rows Removed by Filter: 3609579
              ->  Hash  (cost=61283.27..61283.27 rows=2528527 width=94) (actual time=2573.515..2573.515 rows=2528312 loops=1)
                    Buckets: 32768  Batches: 128  Memory Usage: 2470kB
                    ->  Seq Scan on title t  (cost=0.00..61283.27 rows=2528527 width=94) (actual time=0.013..1231.950 rows=2528312 loops=1)
Planning time: 4.025 ms
Execution time: 67455.544 ms
