Hash Join  (cost=28270.40..805260.70 rows=2773 width=0) (actual time=427.094..15420.633 rows=17862 loops=1)
  Hash Cond: (ci.movie_id = t.id)
  ->  Seq Scan on cast_info ci  (cost=0.00..705507.15 rows=19054779 width=4) (actual time=0.045..11886.073 rows=18950894 loops=1)
        Filter: (person_id < 1889797)
        Rows Removed by Filter: 17293450
  ->  Hash  (cost=28265.80..28265.80 rows=368 width=8) (actual time=426.954..426.954 rows=260 loops=1)
        Buckets: 1024  Batches: 1  Memory Usage: 19kB
        ->  Nested Loop  (cost=0.43..28265.80 rows=368 width=8) (actual time=97.622..426.880 rows=260 loops=1)
              ->  Seq Scan on movie_info_idx mi_idx  (cost=0.00..25185.44 rows=368 width=4) (actual time=97.538..423.640 rows=260 loops=1)
                    Filter: (info_type_id > 101)
                    Rows Removed by Filter: 1379775
              ->  Index Only Scan using title_pkey on title t  (cost=0.43..8.36 rows=1 width=4) (actual time=0.012..0.012 rows=1 loops=260)
                    Index Cond: (id = mi_idx.movie_id)
                    Heap Fetches: 260
Planning time: 2.532 ms
Execution time: 15425.794 ms
