Hash Join  (cost=83386.85..123493.83 rows=208691 width=0) (actual time=1496.131..2705.414 rows=430498 loops=1)
  Hash Cond: (mi_idx.movie_id = t.id)
  ->  Seq Scan on movie_info_idx mi_idx  (cost=0.00..25185.44 rows=915101 width=4) (actual time=0.025..541.088 rows=919850 loops=1)
        Filter: (info_type_id < 101)
        Rows Removed by Filter: 460185
  ->  Hash  (cost=73925.90..73925.90 rows=576636 width=4) (actual time=1495.325..1495.325 rows=597161 loops=1)
        Buckets: 131072  Batches: 8  Memory Usage: 3662kB
        ->  Seq Scan on title t  (cost=0.00..73925.90 rows=576636 width=4) (actual time=0.025..1303.425 rows=597161 loops=1)
              Filter: ((kind_id < 3) AND (production_year < 2010))
              Rows Removed by Filter: 1931151
Planning time: 0.833 ms
Execution time: 2757.859 ms
