Hash Join  (cost=1168054.89..2138562.17 rows=37354884 width=0) (actual time=64066.777..129283.140 rows=75873465 loops=1)
  Hash Cond: (mi.movie_id = t.id)
  ->  Seq Scan on movie_info mi  (cost=0.00..309384.22 rows=14739122 width=4) (actual time=0.022..23978.981 rows=14835720 loops=1)
  ->  Hash  (cost=1062918.04..1062918.04 rows=6408308 width=8) (actual time=64064.508..64064.508 rows=7450809 loops=1)
        Buckets: 131072  Batches: 128  Memory Usage: 3316kB
        ->  Hash Join  (cost=102767.86..1062918.04 rows=6408308 width=8) (actual time=6616.660..61215.021 rows=7450809 loops=1)
              Hash Cond: (ci.movie_id = t.id)
              ->  Seq Scan on cast_info ci  (cost=0.00..796071.18 rows=6408308 width=4) (actual time=0.027..45504.566 rows=7450809 loops=1)
                    Filter: ((person_id > 413335) AND (role_id = 2))
                    Rows Removed by Filter: 28793535
              ->  Hash  (cost=61283.27..61283.27 rows=2528527 width=4) (actual time=6615.155..6615.155 rows=2528312 loops=1)
                    Buckets: 131072  Batches: 64  Memory Usage: 2415kB
                    ->  Seq Scan on title t  (cost=0.00..61283.27 rows=2528527 width=4) (actual time=0.023..4789.678 rows=2528312 loops=1)
Planning time: 14.187 ms
Execution time: 140422.973 ms
