Hash Join  (cost=70241.71..194257.35 rows=220870 width=0) (actual time=1172.954..4947.311 rows=117110 loops=1)
  Hash Cond: (mk.movie_id = t.id)
  ->  Seq Scan on movie_keyword mk  (cost=0.00..81003.12 rows=3474618 width=4) (actual time=0.024..1719.232 rows=3466287 loops=1)
        Filter: (keyword_id > 1050)
        Rows Removed by Filter: 1057643
  ->  Hash  (cost=67604.59..67604.59 rows=160730 width=4) (actual time=1171.913..1171.913 rows=160017 loops=1)
        Buckets: 131072  Batches: 4  Memory Usage: 2442kB
        ->  Seq Scan on title t  (cost=0.00..67604.59 rows=160730 width=4) (actual time=0.019..1113.726 rows=160017 loops=1)
              Filter: (production_year = 2011)
              Rows Removed by Filter: 2368295
Planning time: 0.709 ms
Execution time: 4962.498 ms
