Hash Join  (cost=456199.37..585635.63 rows=610122 width=0) (actual time=8129.888..12275.527 rows=3920635 loops=1)
  Hash Cond: (mk.movie_id = t.id)
  ->  Seq Scan on movie_keyword mk  (cost=0.00..69693.30 rows=4523930 width=4) (actual time=0.023..1462.967 rows=4523930 loops=1)
  ->  Hash  (cost=450603.74..450603.74 rows=341011 width=8) (actual time=8128.932..8128.932 rows=248948 loops=1)
        Buckets: 131072  Batches: 8  Memory Usage: 2266kB
        ->  Hash Join  (cost=74050.79..450603.74 rows=341011 width=8) (actual time=2836.152..8043.664 rows=248948 loops=1)
              Hash Cond: (mi.movie_id = t.id)
              ->  Seq Scan on movie_info mi  (cost=0.00..346232.03 rows=2194617 width=4) (actual time=1557.661..5639.685 rows=2233850 loops=1)
                    Filter: (info_type_id > 16)
                    Rows Removed by Filter: 12601870
              ->  Hash  (cost=67604.59..67604.59 rows=392896 width=4) (actual time=1268.018..1268.018 rows=391666 loops=1)
                    Buckets: 131072  Batches: 8  Memory Usage: 2759kB
                    ->  Seq Scan on title t  (cost=0.00..67604.59 rows=392896 width=4) (actual time=0.034..1134.812 rows=391666 loops=1)
                          Filter: (production_year > 2010)
                          Rows Removed by Filter: 2136646
Planning time: 1.204 ms
Execution time: 12729.129 ms
