Hash Join  (cost=457281.72..1459302.00 rows=2379680 width=0) (actual time=10521.656..33069.967 rows=107485 loops=1)
  Hash Cond: (ci.movie_id = t.id)
  ->  Seq Scan on cast_info ci  (cost=0.00..705507.15 rows=23499554 width=4) (actual time=2970.588..16100.665 rows=23573656 loops=1)
        Filter: (role_id > 1)
        Rows Removed by Filter: 12670688
  ->  Hash  (cost=453080.08..453080.08 rows=256051 width=8) (actual time=7549.395..7549.395 rows=5541 loops=1)
        Buckets: 131072  Batches: 4  Memory Usage: 1076kB
        ->  Hash Join  (cost=92883.59..453080.08 rows=256051 width=8) (actual time=4172.206..7546.905 rows=5541 loops=1)
              Hash Cond: (mi.movie_id = t.id)
              ->  Seq Scan on movie_info mi  (cost=0.00..346232.03 rows=420192 width=4) (actual time=2257.795..5288.995 rows=465636 loops=1)
                    Filter: (info_type_id > 103)
                    Rows Removed by Filter: 14370084
              ->  Hash  (cost=67604.59..67604.59 rows=1540800 width=4) (actual time=1805.492..1805.492 rows=1543264 loops=1)
                    Buckets: 131072  Batches: 32  Memory Usage: 2728kB
                    ->  Seq Scan on title t  (cost=0.00..67604.59 rows=1540800 width=4) (actual time=0.019..1304.040 rows=1543264 loops=1)
                          Filter: (kind_id = 7)
                          Rows Removed by Filter: 985048
Planning time: 1.236 ms
Execution time: 33087.540 ms
