Hash Join  (cost=199641.04..238720.29 rows=80777 width=0) (actual time=3942.743..4942.545 rows=361256 loops=1)
  Hash Cond: (mi_idx.movie_id = t.id)
  ->  Seq Scan on movie_info_idx mi_idx  (cost=0.00..21735.35 rows=1380035 width=4) (actual time=0.015..430.575 rows=1380035 loops=1)
  ->  Hash  (cost=197212.02..197212.02 rows=148002 width=8) (actual time=3942.006..3942.006 rows=147233 loops=1)
        Buckets: 131072  Batches: 2  Memory Usage: 3902kB
        ->  Hash Join  (cost=102767.86..197212.02 rows=148002 width=8) (actual time=2061.497..3899.053 rows=147233 loops=1)
              Hash Cond: (mk.movie_id = t.id)
              ->  Seq Scan on movie_keyword mk  (cost=0.00..81003.12 rows=148002 width=4) (actual time=0.013..1309.608 rows=147233 loops=1)
                    Filter: (keyword_id > 74164)
                    Rows Removed by Filter: 4376697
              ->  Hash  (cost=61283.27..61283.27 rows=2528527 width=4) (actual time=2057.062..2057.062 rows=2528312 loops=1)
                    Buckets: 131072  Batches: 64  Memory Usage: 2425kB
                    ->  Seq Scan on title t  (cost=0.00..61283.27 rows=2528527 width=4) (actual time=0.015..1163.779 rows=2528312 loops=1)
Planning time: 1.133 ms
Execution time: 4988.408 ms
