Hash Join  (cost=916183.92..955604.28 rows=100688 width=0) (actual time=16845.724..17961.406 rows=329060 loops=1)
  Hash Cond: (mi_idx.movie_id = t.id)
  ->  Seq Scan on movie_info_idx mi_idx  (cost=0.00..21735.35 rows=1380035 width=4) (actual time=0.021..464.809 rows=1380035 loops=1)
  ->  Hash  (cost=913156.89..913156.89 rows=184483 width=8) (actual time=16844.778..16844.778 rows=249151 loops=1)
        Buckets: 131072  Batches: 4  Memory Usage: 3456kB
        ->  Hash Join  (cost=102767.86..913156.89 rows=184483 width=8) (actual time=9978.394..16776.655 rows=249151 loops=1)
              Hash Cond: (ci.movie_id = t.id)
              ->  Seq Scan on cast_info ci  (cost=0.00..796071.18 rows=184483 width=4) (actual time=8001.975..14254.570 rows=249151 loops=1)
                    Filter: ((person_id > 1681415) AND (role_id > 10))
                    Rows Removed by Filter: 35995193
              ->  Hash  (cost=61283.27..61283.27 rows=2528527 width=4) (actual time=1975.414..1975.414 rows=2528312 loops=1)
                    Buckets: 131072  Batches: 64  Memory Usage: 2415kB
                    ->  Seq Scan on title t  (cost=0.00..61283.27 rows=2528527 width=4) (actual time=0.016..1079.657 rows=2528312 loops=1)
Planning time: 1.160 ms
Execution time: 17998.576 ms
