Nested Loop  (cost=0.43..799703.28 rows=115 width=0) (actual time=5781.914..13660.507 rows=4 loops=1)
  ->  Seq Scan on cast_info ci  (cost=0.00..796071.18 rows=435 width=4) (actual time=5781.842..13657.797 rows=131 loops=1)
        Filter: ((role_id < 10) AND (person_id = 155187))
        Rows Removed by Filter: 36244213
  ->  Index Scan using title_pkey on title t  (cost=0.43..8.34 rows=1 width=4) (actual time=0.020..0.020 rows=0 loops=131)
        Index Cond: (id = ci.movie_id)
        Filter: (kind_id = 1)
        Rows Removed by Filter: 1
Planning time: 3.201 ms
Execution time: 13660.613 ms
