Nested Loop  (cost=0.43..83072.29 rows=150 width=0) (actual time=238.545..1344.108 rows=14 loops=1)
  ->  Seq Scan on movie_keyword mk  (cost=0.00..81003.12 rows=246 width=4) (actual time=1.410..1326.102 rows=281 loops=1)
        Filter: (keyword_id = 1089)
        Rows Removed by Filter: 4523649
  ->  Index Scan using title_pkey on title t  (cost=0.43..8.40 rows=1 width=4) (actual time=0.062..0.062 rows=0 loops=281)
        Index Cond: (id = mk.movie_id)
        Filter: (kind_id = 7)
        Rows Removed by Filter: 1
Planning time: 0.731 ms
Execution time: 1344.225 ms
