Hash Join  (cost=102767.86..790510.39 rows=13782062 width=0) (actual time=1902.282..20573.985 rows=13822547 loops=1)
  Hash Cond: (mi.movie_id = t.id)
  ->  Seq Scan on movie_info mi  (cost=0.00..346232.03 rows=13782062 width=4) (actual time=0.020..7331.578 rows=13822547 loops=1)
        Filter: (info_type_id < 87)
        Rows Removed by Filter: 1013173
  ->  Hash  (cost=61283.27..61283.27 rows=2528527 width=4) (actual time=1901.181..1901.181 rows=2528312 loops=1)
        Buckets: 131072  Batches: 64  Memory Usage: 2425kB
        ->  Seq Scan on title t  (cost=0.00..61283.27 rows=2528527 width=4) (actual time=0.042..1025.247 rows=2528312 loops=1)
Planning time: 0.823 ms
Execution time: 22132.535 ms
