Hash Join  (cost=134575.89..888391.05 rows=58529 width=0) (actual time=2223.453..17456.068 rows=139240 loops=1)
  Hash Cond: (ci.movie_id = t.id)
  ->  Seq Scan on cast_info ci  (cost=0.00..705507.15 rows=12726058 width=4) (actual time=0.016..12985.534 rows=12670688 loops=1)
        Filter: (role_id < 2)
        Rows Removed by Filter: 23573656
  ->  Hash  (cost=134430.52..134430.52 rows=11629 width=8) (actual time=2222.996..2222.996 rows=12809 loops=1)
        Buckets: 16384  Batches: 1  Memory Usage: 629kB
        ->  Hash Join  (cost=74787.47..134430.52 rows=11629 width=8) (actual time=1463.497..2218.463 rows=12809 loops=1)
              Hash Cond: (mc.movie_id = t.id)
              ->  Seq Scan on movie_companies mc  (cost=0.00..57926.93 rows=426622 width=4) (actual time=308.840..900.667 rows=611506 loops=1)
                    Filter: ((company_id < 2561) AND (company_type_id < 2))
                    Rows Removed by Filter: 1997623
              ->  Hash  (cost=73925.90..73925.90 rows=68925 width=4) (actual time=1153.896..1153.896 rows=84076 loops=1)
                    Buckets: 131072  Batches: 1  Memory Usage: 3980kB
                    ->  Seq Scan on title t  (cost=0.00..73925.90 rows=68925 width=4) (actual time=0.024..1121.226 rows=84076 loops=1)
                          Filter: ((kind_id = 7) AND (production_year = 2007))
                          Rows Removed by Filter: 2444236
Planning time: 0.811 ms
Execution time: 17475.437 ms
