Hash Join  (cost=365418.15..2044018.39 rows=49613744 width=0) (actual time=9921.417..77960.575 rows=159594404 loops=1)
  Hash Cond: (ci.movie_id = t.id)
  ->  Seq Scan on cast_info ci  (cost=0.00..705507.15 rows=27730246 width=4) (actual time=0.022..16503.121 rows=27769595 loops=1)
        Filter: (person_id < 2838294)
        Rows Removed by Filter: 8474749
  ->  Hash  (cost=291197.02..291197.02 rows=4523930 width=8) (actual time=9920.671..9920.671 rows=4523930 loops=1)
        Buckets: 131072  Batches: 64  Memory Usage: 3816kB
        ->  Hash Join  (cost=102767.86..291197.02 rows=4523930 width=8) (actual time=2035.507..8612.586 rows=4523930 loops=1)
              Hash Cond: (mk.movie_id = t.id)
              ->  Seq Scan on movie_keyword mk  (cost=0.00..69693.30 rows=4523930 width=4) (actual time=0.022..1501.451 rows=4523930 loops=1)
              ->  Hash  (cost=61283.27..61283.27 rows=2528527 width=4) (actual time=2034.830..2034.830 rows=2528312 loops=1)
                    Buckets: 131072  Batches: 64  Memory Usage: 2425kB
                    ->  Seq Scan on title t  (cost=0.00..61283.27 rows=2528527 width=4) (actual time=0.023..1191.713 rows=2528312 loops=1)
Planning time: 1.091 ms
Execution time: 94986.635 ms
