Seq Scan on movie_companies mc  (cost=0.00..57926.93 rows=771330 width=0) (actual time=92.169..397.835 rows=478113 loops=1)
  Filter: ((company_id < 14002) AND (company_type_id = 2))
  Rows Removed by Filter: 2131016
Planning time: 0.267 ms
Execution time: 428.732 ms
