Hash Join  (cost=102767.86..1056261.03 rows=9895386 width=0) (actual time=4651.253..23438.754 rows=9875726 loops=1)
  Hash Cond: (ci.movie_id = t.id)
  ->  Seq Scan on cast_info ci  (cost=0.00..705507.15 rows=9895386 width=4) (actual time=2536.776..12160.765 rows=9875726 loops=1)
        Filter: (person_id > 2724870)
        Rows Removed by Filter: 26368618
  ->  Hash  (cost=61283.27..61283.27 rows=2528527 width=4) (actual time=2112.674..2112.674 rows=2528312 loops=1)
        Buckets: 131072  Batches: 64  Memory Usage: 2415kB
        ->  Seq Scan on title t  (cost=0.00..61283.27 rows=2528527 width=4) (actual time=0.027..1154.144 rows=2528312 loops=1)
Planning time: 7.299 ms
Execution time: 24596.123 ms
