Hash Join  (cost=906988.98..1271150.97 rows=135045 width=0) (actual time=51764.907..58268.847 rows=88398 loops=1)
  Hash Cond: (mi.movie_id = t.id)
  ->  Seq Scan on movie_info mi  (cost=0.00..346232.03 rows=1348138 width=4) (actual time=10677.906..16436.926 rows=1298989 loops=1)
        Filter: (info_type_id = 4)
        Rows Removed by Filter: 13536731
  ->  Hash  (cost=902832.90..902832.90 rows=253286 width=8) (actual time=41085.941..41085.941 rows=188580 loops=1)
        Buckets: 131072  Batches: 4  Memory Usage: 2874kB
        ->  Hash Join  (cost=92883.59..902832.90 rows=253286 width=8) (actual time=22472.920..41017.725 rows=188580 loops=1)
              Hash Cond: (ci.movie_id = t.id)
              ->  Seq Scan on cast_info ci  (cost=0.00..796071.18 rows=415655 width=4) (actual time=17583.138..35623.835 rows=281704 loops=1)
                    Filter: ((person_id < 349834) AND (role_id = 3))
                    Rows Removed by Filter: 35962640
              ->  Hash  (cost=67604.59..67604.59 rows=1540800 width=4) (actual time=4884.218..4884.218 rows=1543264 loops=1)
                    Buckets: 131072  Batches: 32  Memory Usage: 2722kB
                    ->  Seq Scan on title t  (cost=0.00..67604.59 rows=1540800 width=4) (actual time=0.021..4276.164 rows=1543264 loops=1)
                          Filter: (kind_id = 7)
                          Rows Removed by Filter: 985048
Planning time: 1.246 ms
Execution time: 58280.830 ms
