Hash Join  (cost=73990.12..100913.59 rows=937 width=0) (actual time=1049.458..1606.633 rows=1440 loops=1)
  Hash Cond: (mi_idx.movie_id = t.id)
  ->  Seq Scan on movie_info_idx mi_idx  (cost=0.00..25185.44 rows=460978 width=4) (actual time=0.020..478.669 rows=459925 loops=1)
        Filter: (info_type_id < 100)
        Rows Removed by Filter: 920110
  ->  Hash  (cost=73925.90..73925.90 rows=5137 width=4) (actual time=1049.320..1049.320 rows=3640 loops=1)
        Buckets: 8192  Batches: 1  Memory Usage: 192kB
        ->  Seq Scan on title t  (cost=0.00..73925.90 rows=5137 width=4) (actual time=0.024..1047.486 rows=3640 loops=1)
              Filter: ((kind_id = 3) AND (production_year = 2008))
              Rows Removed by Filter: 2524672
Planning time: 1.206 ms
Execution time: 1607.080 ms
