Hash Join  (cost=102767.86..1417384.81 rows=21139432 width=0) (actual time=1934.896..37061.342 rows=19915583 loops=1)
  Hash Cond: (ci.movie_id = t.id)
  ->  Seq Scan on cast_info ci  (cost=0.00..796071.18 rows=21139432 width=4) (actual time=0.018..17891.630 rows=19915583 loops=1)
        Filter: ((person_id < 3398024) AND (role_id > 1))
        Rows Removed by Filter: 16328761
  ->  Hash  (cost=61283.27..61283.27 rows=2528527 width=4) (actual time=1932.170..1932.170 rows=2528312 loops=1)
        Buckets: 131072  Batches: 64  Memory Usage: 2415kB
        ->  Seq Scan on title t  (cost=0.00..61283.27 rows=2528527 width=4) (actual time=0.018..1105.041 rows=2528312 loops=1)
Planning time: 0.762 ms
Execution time: 39289.227 ms
