Seq Scan on movie_keyword mk  (cost=0.00..81003.12 rows=3643823 width=0) (actual time=0.024..4276.253 rows=3635518 loops=1)
  Filter: (keyword_id > 840)
  Rows Removed by Filter: 888412
Planning time: 0.278 ms
Execution time: 4916.455 ms
