Hash Join  (cost=74434.21..878585.30 rows=405644 width=0) (actual time=1142.281..20530.434 rows=349565 loops=1)
  Hash Cond: (ci.movie_id = t.id)
  ->  Seq Scan on cast_info ci  (cost=0.00..705507.15 rows=25223336 width=4) (actual time=0.021..12272.261 rows=25245509 loops=1)
        Filter: (person_id < 2604625)
        Rows Removed by Filter: 10998835
  ->  Hash  (cost=73925.90..73925.90 rows=40664 width=4) (actual time=1141.808..1141.808 rows=40257 loops=1)
        Buckets: 65536  Batches: 1  Memory Usage: 1928kB
        ->  Seq Scan on title t  (cost=0.00..73925.90 rows=40664 width=4) (actual time=0.013..1124.696 rows=40257 loops=1)
              Filter: ((production_year > 2012) AND (kind_id = 7))
              Rows Removed by Filter: 2488055
Planning time: 0.735 ms
Execution time: 20581.280 ms
