Hash Join  (cost=145674.12..220187.62 rows=325260 width=0) (actual time=3167.242..5029.184 rows=426354 loops=1)
  Hash Cond: (mc.movie_id = t.id)
  ->  Seq Scan on movie_companies mc  (cost=0.00..51404.11 rows=1536475 width=4) (actual time=0.017..1051.824 rows=1523152 loops=1)
        Filter: (company_id < 14300)
        Rows Removed by Filter: 1085977
  ->  Hash  (cost=136892.25..136892.25 rows=535270 width=8) (actual time=3157.211..3157.211 rows=276246 loops=1)
        Buckets: 131072  Batches: 8  Memory Usage: 2370kB
        ->  Hash Join  (cost=90016.07..136892.25 rows=535270 width=8) (actual time=2136.770..3074.664 rows=276246 loops=1)
              Hash Cond: (mi_idx.movie_id = t.id)
              ->  Seq Scan on movie_info_idx mi_idx  (cost=0.00..21735.35 rows=1380035 width=4) (actual time=0.022..456.970 rows=1380035 loops=1)
              ->  Hash  (cost=73925.90..73925.90 rows=980733 width=4) (actual time=1746.706..1746.706 rows=1074493 loops=1)
                    Buckets: 131072  Batches: 16  Memory Usage: 3394kB
                    ->  Seq Scan on title t  (cost=0.00..73925.90 rows=980733 width=4) (actual time=0.017..1408.213 rows=1074493 loops=1)
                          Filter: ((production_year > 1995) AND (kind_id = 7))
                          Rows Removed by Filter: 1453819
Planning time: 1.168 ms
Execution time: 5078.831 ms
