Seq Scan on title t  (cost=0.00..73925.90 rows=304181 width=0) (actual time=0.018..1096.391 rows=422218 loops=1)
  Filter: ((kind_id < 7) AND (production_year < 1994))
  Rows Removed by Filter: 2106094
Planning time: 0.360 ms
Execution time: 1151.175 ms
