Hash Join  (cost=67697.55..161635.29 rows=10066 width=0) (actual time=1125.192..3197.555 rows=27953 loops=1)
  Hash Cond: (mk.movie_id = t.id)
  ->  Seq Scan on movie_keyword mk  (cost=0.00..81003.12 rows=3422388 width=4) (actual time=0.025..1527.543 rows=3414464 loops=1)
        Filter: (keyword_id > 1135)
        Rows Removed by Filter: 1109466
  ->  Hash  (cost=67604.59..67604.59 rows=7437 width=4) (actual time=1124.616..1124.616 rows=14456 loops=1)
        Buckets: 16384 (originally 8192)  Batches: 1 (originally 1)  Memory Usage: 637kB
        ->  Seq Scan on title t  (cost=0.00..67604.59 rows=7437 width=4) (actual time=0.025..1117.458 rows=14456 loops=1)
              Filter: (production_year = 1981)
              Rows Removed by Filter: 2513856
Planning time: 0.799 ms
Execution time: 3201.493 ms
