Hash Join  (cost=87161.12..226747.51 rows=1443235 width=0) (actual time=1404.275..6202.662 rows=3265024 loops=1)
  Hash Cond: (mk.movie_id = t.id)
  ->  Seq Scan on movie_keyword mk  (cost=0.00..69693.30 rows=4523930 width=4) (actual time=0.017..1343.943 rows=4523930 loops=1)
  ->  Hash  (cost=73925.90..73925.90 rows=806657 width=4) (actual time=1403.009..1403.009 rows=758154 loops=1)
        Buckets: 131072  Batches: 16  Memory Usage: 2695kB
        ->  Seq Scan on title t  (cost=0.00..73925.90 rows=806657 width=4) (actual time=0.021..1151.128 rows=758154 loops=1)
              Filter: ((kind_id < 4) AND (production_year > 1920))
              Rows Removed by Filter: 1770158
Planning time: 1.280 ms
Execution time: 6546.750 ms
