Hash Join  (cost=252136.38..426683.78 rows=3848745 width=0) (actual time=6507.126..16789.249 rows=29370178 loops=1)
  Hash Cond: (mk.movie_id = t.id)
  ->  Seq Scan on movie_keyword mk  (cost=0.00..69693.30 rows=4523930 width=4) (actual time=0.021..1428.359 rows=4523930 loops=1)
  ->  Hash  (cost=216843.99..216843.99 rows=2151151 width=8) (actual time=6505.827..6505.827 rows=1961271 loops=1)
        Buckets: 131072  Batches: 32  Memory Usage: 3460kB
        ->  Hash Join  (cost=103574.60..216843.99 rows=2151151 width=8) (actual time=2382.318..5893.855 rows=1961271 loops=1)
              Hash Cond: (mc.movie_id = t.id)
              ->  Seq Scan on movie_companies mc  (cost=0.00..51404.11 rows=2480953 width=4) (actual time=0.019..1154.652 rows=2477806 loops=1)
                    Filter: (company_id > 19)
                    Rows Removed by Filter: 131323
              ->  Hash  (cost=67604.59..67604.59 rows=2192401 width=4) (actual time=2381.553..2381.553 rows=2182316 loops=1)
                    Buckets: 131072  Batches: 32  Memory Usage: 3425kB
                    ->  Seq Scan on title t  (cost=0.00..67604.59 rows=2192401 width=4) (actual time=0.010..1419.512 rows=2182316 loops=1)
                          Filter: (production_year > 1962)
                          Rows Removed by Filter: 345996
Planning time: 1.138 ms
Execution time: 20151.706 ms
