Hash Join  (cost=460440.31..538180.70 rows=338939 width=0) (actual time=7787.847..11035.923 rows=6309057 loops=1)
  Hash Cond: (mc.movie_id = t.id)
  ->  Seq Scan on movie_companies mc  (cost=0.00..51404.11 rows=1825835 width=4) (actual time=0.017..1005.142 rows=1817063 loops=1)
        Filter: (company_id < 31575)
        Rows Removed by Filter: 792066
  ->  Hash  (cost=452739.03..452739.03 rows=469383 width=8) (actual time=7786.572..7786.572 rows=571146 loops=1)
        Buckets: 131072  Batches: 8  Memory Usage: 3719kB
        ->  Hash Join  (cost=84417.00..452739.03 rows=469383 width=8) (actual time=5121.510..7620.376 rows=571146 loops=1)
              Hash Cond: (mi.movie_id = t.id)
              ->  Seq Scan on movie_info mi  (cost=0.00..346232.03 rows=1158179 width=4) (actual time=3503.362..5108.560 rows=1204709 loops=1)
                    Filter: (info_type_id > 18)
                    Rows Removed by Filter: 13631011
              ->  Hash  (cost=67604.59..67604.59 rows=1024753 width=4) (actual time=1615.625..1615.625 rows=1021752 loops=1)
                    Buckets: 131072  Batches: 16  Memory Usage: 3282kB
                    ->  Seq Scan on title t  (cost=0.00..67604.59 rows=1024753 width=4) (actual time=0.025..1280.685 rows=1021752 loops=1)
                          Filter: (production_year < 2000)
                          Rows Removed by Filter: 1506560
Planning time: 1.193 ms
Execution time: 11723.783 ms
