Hash Join  (cost=156487.41..271629.19 rows=440431 width=0) (actual time=3904.085..7363.020 rows=1842569 loops=1)
  Hash Cond: (mk.movie_id = t.id)
  ->  Seq Scan on movie_keyword mk  (cost=0.00..81003.12 rows=2415825 width=4) (actual time=0.025..1599.080 rows=2416492 loops=1)
        Filter: (keyword_id < 5688)
        Rows Removed by Filter: 2107438
  ->  Hash  (cost=148924.19..148924.19 rows=460978 width=8) (actual time=3902.982..3902.982 rows=459925 loops=1)
        Buckets: 131072  Batches: 8  Memory Usage: 3284kB
        ->  Hash Join  (cost=102767.86..148924.19 rows=460978 width=8) (actual time=2405.245..3764.493 rows=459925 loops=1)
              Hash Cond: (mi_idx.movie_id = t.id)
              ->  Seq Scan on movie_info_idx mi_idx  (cost=0.00..25185.44 rows=460978 width=4) (actual time=0.018..513.648 rows=459925 loops=1)
                    Filter: (info_type_id = 99)
                    Rows Removed by Filter: 920110
              ->  Hash  (cost=61283.27..61283.27 rows=2528527 width=4) (actual time=2403.875..2403.875 rows=2528312 loops=1)
                    Buckets: 131072  Batches: 64  Memory Usage: 2415kB
                    ->  Seq Scan on title t  (cost=0.00..61283.27 rows=2528527 width=4) (actual time=0.024..1027.553 rows=2528312 loops=1)
Planning time: 1.182 ms
Execution time: 7592.501 ms
