Hash Join  (cost=149673.65..902941.27 rows=3774 width=0) (actual time=2324.493..17540.240 rows=27108 loops=1)
  Hash Cond: (ci.movie_id = t.id)
  ->  Seq Scan on cast_info ci  (cost=0.00..705507.15 rows=12726058 width=4) (actual time=0.022..13213.169 rows=12670688 loops=1)
        Filter: (role_id = 1)
        Rows Removed by Filter: 23573656
  ->  Hash  (cost=149664.28..149664.28 rows=750 width=8) (actual time=2320.176..2320.176 rows=2006 loops=1)
        Buckets: 2048 (originally 1024)  Batches: 1 (originally 1)  Memory Usage: 95kB
        ->  Hash Join  (cost=67697.55..149664.28 rows=750 width=8) (actual time=1030.276..2318.970 rows=2006 loops=1)
              Hash Cond: (mk.movie_id = t.id)
              ->  Seq Scan on movie_keyword mk  (cost=0.00..81003.12 rows=254961 width=4) (actual time=0.016..1215.217 rows=272446 loops=1)
                    Filter: (keyword_id < 231)
                    Rows Removed by Filter: 4251484
              ->  Hash  (cost=67604.59..67604.59 rows=7437 width=4) (actual time=1028.734..1028.734 rows=14038 loops=1)
                    Buckets: 16384 (originally 8192)  Batches: 1 (originally 1)  Memory Usage: 622kB
                    ->  Seq Scan on title t  (cost=0.00..67604.59 rows=7437 width=4) (actual time=0.071..1022.054 rows=14038 loops=1)
                          Filter: (production_year = 1977)
                          Rows Removed by Filter: 2514274
Planning time: 1.176 ms
Execution time: 17545.547 ms
