Seq Scan on cast_info ci  (cost=0.00..705507.15 rows=24544654 width=0) (actual time=0.023..10996.002 rows=24511906 loops=1)
  Filter: (person_id < 2519225)
  Rows Removed by Filter: 11732438
Planning time: 0.330 ms
Execution time: 13906.512 ms
