Nested Loop  (cost=0.43..83071.67 rows=246 width=0) (actual time=8.422..1221.789 rows=303 loops=1)
  ->  Seq Scan on movie_keyword mk  (cost=0.00..81003.12 rows=246 width=4) (actual time=8.348..1212.848 rows=303 loops=1)
        Filter: (keyword_id = 24675)
        Rows Removed by Filter: 4523627
  ->  Index Only Scan using title_pkey on title t  (cost=0.43..8.40 rows=1 width=4) (actual time=0.027..0.027 rows=1 loops=303)
        Index Cond: (id = mk.movie_id)
        Heap Fetches: 303
Planning time: 0.721 ms
Execution time: 1221.992 ms
