Seq Scan on movie_keyword mk  (cost=0.00..81003.12 rows=2742376 width=0) (actual time=0.019..1405.462 rows=2734818 loops=1)
  Filter: (keyword_id < 7771)
  Rows Removed by Filter: 1789112
Planning time: 0.337 ms
Execution time: 1741.224 ms
