Seq Scan on movie_keyword mk  (cost=0.00..81003.12 rows=246 width=0) (actual time=10.697..1282.000 rows=253 loops=1)
  Filter: (keyword_id = 225)
  Rows Removed by Filter: 4523677
Planning time: 3.327 ms
Execution time: 1282.244 ms
