Hash Join  (cost=104445.35..217453.49 rows=2162737 width=0) (actual time=2197.898..5968.825 rows=1985320 loops=1)
  Hash Cond: (mc.movie_id = t.id)
  ->  Seq Scan on movie_companies mc  (cost=0.00..51404.11 rows=2435331 width=4) (actual time=0.021..1175.661 rows=2435750 loops=1)
        Filter: (company_id < 122593)
        Rows Removed by Filter: 173379
  ->  Hash  (cost=67604.59..67604.59 rows=2245501 width=4) (actual time=2196.575..2196.575 rows=2235103 loops=1)
        Buckets: 131072  Batches: 32  Memory Usage: 3482kB
        ->  Seq Scan on title t  (cost=0.00..67604.59 rows=2245501 width=4) (actual time=0.009..1470.951 rows=2235103 loops=1)
              Filter: (production_year > 1957)
              Rows Removed by Filter: 293209
Planning time: 0.503 ms
Execution time: 6229.099 ms
