Seq Scan on movie_keyword mk  (cost=0.00..81003.12 rows=246 width=0) (actual time=3.062..1136.204 rows=443 loops=1)
  Filter: (keyword_id = 15351)
  Rows Removed by Filter: 4523487
Planning time: 0.384 ms
Execution time: 1136.468 ms
