Hash Join  (cost=82042.47..592617.24 rows=2883585 width=0) (actual time=1397.219..15230.993 rows=4815515 loops=1)
  Hash Cond: (mi.movie_id = t.id)
  ->  Seq Scan on movie_info mi  (cost=0.00..309384.22 rows=14739122 width=4) (actual time=0.010..5909.885 rows=14835720 loops=1)
  ->  Hash  (cost=73925.90..73925.90 rows=494685 width=4) (actual time=1396.325..1396.325 rows=364663 loops=1)
        Buckets: 131072  Batches: 8  Memory Usage: 2641kB
        ->  Seq Scan on title t  (cost=0.00..73925.90 rows=494685 width=4) (actual time=0.029..1282.559 rows=364663 loops=1)
              Filter: ((production_year > 1984) AND (kind_id = 1))
              Rows Removed by Filter: 2163649
Planning time: 0.857 ms
Execution time: 15781.041 ms
