Seq Scan on movie_companies mc  (cost=0.00..51404.11 rows=1693287 width=0) (actual time=0.024..1002.542 rows=1691621 loops=1)
  Filter: (company_id > 3121)
  Rows Removed by Filter: 917508
Planning time: 0.328 ms
Execution time: 1213.778 ms
