Seq Scan on movie_keyword mk  (cost=0.00..81003.12 rows=2300673 width=0) (actual time=0.025..1438.094 rows=2306442 loops=1)
  Filter: (keyword_id < 4952)
  Rows Removed by Filter: 2217488
Planning time: 3.366 ms
Execution time: 1740.507 ms
