Hash Join  (cost=101715.84..188720.43 rows=34656 width=0) (actual time=3139.902..3734.974 rows=23127 loops=1)
  Hash Cond: (mk.movie_id = t.id)
  ->  Seq Scan on movie_keyword mk  (cost=0.00..69693.30 rows=4523930 width=4) (actual time=0.024..1070.611 rows=4523930 loops=1)
  ->  Hash  (cost=101473.71..101473.71 rows=19370 width=8) (actual time=1839.380..1839.380 rows=11868 loops=1)
        Buckets: 32768  Batches: 1  Memory Usage: 720kB
        ->  Hash Join  (cost=74369.53..101473.71 rows=19370 width=8) (actual time=1151.893..1834.980 rows=11868 loops=1)
              Hash Cond: (mi_idx.movie_id = t.id)
              ->  Seq Scan on movie_info_idx mi_idx  (cost=0.00..21735.35 rows=1380035 width=4) (actual time=0.012..350.472 rows=1380035 loops=1)
              ->  Hash  (cost=73925.90..73925.90 rows=35490 width=4) (actual time=1150.497..1150.497 rows=39698 loops=1)
                    Buckets: 65536  Batches: 1  Memory Usage: 1908kB
                    ->  Seq Scan on title t  (cost=0.00..73925.90 rows=35490 width=4) (actual time=0.066..1133.541 rows=39698 loops=1)
                          Filter: ((kind_id = 7) AND (production_year = 2001))
                          Rows Removed by Filter: 2488614
Planning time: 1.115 ms
Execution time: 3738.075 ms
