Hash Join  (cost=69484.36..108249.99 rows=62515 width=0) (actual time=3854.801..6565.270 rows=83550 loops=1)
  Hash Cond: (mi_idx.movie_id = t.id)
  ->  Seq Scan on movie_info_idx mi_idx  (cost=0.00..21735.35 rows=1380035 width=4) (actual time=0.020..1843.375 rows=1380035 loops=1)
  ->  Hash  (cost=67604.59..67604.59 rows=114542 width=4) (actual time=3604.889..3604.889 rows=118234 loops=1)
        Buckets: 131072  Batches: 2  Memory Usage: 3101kB
        ->  Seq Scan on title t  (cost=0.00..67604.59 rows=114542 width=4) (actual time=0.015..3550.814 rows=118234 loops=1)
              Filter: (kind_id = 4)
              Rows Removed by Filter: 2410078
Planning time: 5.301 ms
Execution time: 6581.322 ms
