Hash Join  (cost=75915.84..107127.05 rows=22110 width=0) (actual time=1232.315..1967.700 rows=10755 loops=1)
  Hash Cond: (mi_idx.movie_id = t.id)
  ->  Seq Scan on movie_info_idx mi_idx  (cost=0.00..25185.44 rows=460978 width=4) (actual time=0.013..515.808 rows=459925 loops=1)
        Filter: (info_type_id < 100)
        Rows Removed by Filter: 920110
  ->  Hash  (cost=73925.90..73925.90 rows=121275 width=4) (actual time=1231.571..1231.571 rows=124747 loops=1)
        Buckets: 131072  Batches: 2  Memory Usage: 3219kB
        ->  Seq Scan on title t  (cost=0.00..73925.90 rows=121275 width=4) (actual time=0.021..1185.057 rows=124747 loops=1)
              Filter: ((kind_id > 1) AND (production_year = 2012))
              Rows Removed by Filter: 2403565
Planning time: 0.721 ms
Execution time: 1969.665 ms
