Hash Join  (cost=74313.05..129298.17 rows=31959 width=0) (actual time=1235.412..2507.339 rows=14660 loops=1)
  Hash Cond: (mc.movie_id = t.id)
  ->  Seq Scan on movie_companies mc  (cost=0.00..44881.29 rows=2609129 width=4) (actual time=5.942..625.063 rows=2609129 loops=1)
  ->  Hash  (cost=73925.90..73925.90 rows=30972 width=4) (actual time=1229.081..1229.081 rows=35195 loops=1)
        Buckets: 65536 (originally 32768)  Batches: 1 (originally 1)  Memory Usage: 1750kB
        ->  Seq Scan on title t  (cost=0.00..73925.90 rows=30972 width=4) (actual time=0.060..1213.260 rows=35195 loops=1)
              Filter: ((kind_id > 3) AND (production_year = 1998))
              Rows Removed by Filter: 2493117
Planning time: 0.768 ms
Execution time: 2509.751 ms
