Hash Join  (cost=136357.09..223392.19 rows=37706 width=0) (actual time=2133.187..3893.725 rows=435404 loops=1)
  Hash Cond: (mk.movie_id = t.id)
  ->  Seq Scan on movie_keyword mk  (cost=0.00..69693.30 rows=4523930 width=4) (actual time=0.024..832.726 rows=4523930 loops=1)
  ->  Hash  (cost=136093.65..136093.65 rows=21075 width=8) (actual time=2132.692..2132.692 rows=22983 loops=1)
        Buckets: 32768  Batches: 1  Memory Usage: 1154kB
        ->  Hash Join  (cost=74690.97..136093.65 rows=21075 width=8) (actual time=1371.615..2124.099 rows=22983 loops=1)
              Hash Cond: (mc.movie_id = t.id)
              ->  Seq Scan on movie_companies mc  (cost=0.00..57926.93 rows=870667 width=4) (actual time=296.125..1001.849 rows=687246 loops=1)
                    Filter: ((company_id > 2042) AND (company_type_id < 2))
                    Rows Removed by Filter: 1921883
              ->  Hash  (cost=73925.90..73925.90 rows=61205 width=4) (actual time=942.445..942.445 rows=61581 loops=1)
                    Buckets: 65536  Batches: 1  Memory Usage: 2677kB
                    ->  Seq Scan on title t  (cost=0.00..73925.90 rows=61205 width=4) (actual time=0.016..921.653 rows=61581 loops=1)
                          Filter: ((production_year > 2011) AND (kind_id = 1))
                          Rows Removed by Filter: 2466731
Planning time: 1.221 ms
Execution time: 3945.031 ms
