Hash Join  (cost=205316.32..939974.11 rows=585538 width=0) (actual time=7193.072..16931.450 rows=2018402 loops=1)
  Hash Cond: (ci.movie_id = t.id)
  ->  Seq Scan on cast_info ci  (cost=0.00..705507.15 rows=1724601 width=4) (actual time=2332.940..10008.204 rows=1649995 loops=1)
        Filter: (person_id < 164507)
        Rows Removed by Filter: 34594349
  ->  Hash  (cost=191231.22..191231.22 rows=858488 width=8) (actual time=4842.495..4842.495 rows=1172262 loops=1)
        Buckets: 131072  Batches: 16  Memory Usage: 3859kB
        ->  Hash Join  (cost=102767.86..191231.22 rows=858488 width=8) (actual time=2422.805..4511.100 rows=1172262 loops=1)
              Hash Cond: (mc.movie_id = t.id)
              ->  Seq Scan on movie_companies mc  (cost=0.00..57926.93 rows=858488 width=4) (actual time=350.263..1125.749 rows=1172262 loops=1)
                    Filter: ((company_id < 23930) AND (company_type_id = 1))
                    Rows Removed by Filter: 1436867
              ->  Hash  (cost=61283.27..61283.27 rows=2528527 width=4) (actual time=2071.275..2071.275 rows=2528312 loops=1)
                    Buckets: 131072  Batches: 64  Memory Usage: 2415kB
                    ->  Seq Scan on title t  (cost=0.00..61283.27 rows=2528527 width=4) (actual time=0.034..1213.971 rows=2528312 loops=1)
Planning time: 6.365 ms
Execution time: 17166.268 ms
