Hash Join  (cost=797557.90..1162224.09 rows=1026 width=0) (actual time=10939.561..18217.700 rows=14084 loops=1)
  Hash Cond: (mi.movie_id = t.id)
  ->  Seq Scan on movie_info mi  (cost=0.00..309384.22 rows=14739122 width=4) (actual time=0.015..4428.991 rows=14835720 loops=1)
  ->  Hash  (cost=797555.70..797555.70 rows=176 width=8) (actual time=10938.833..10938.833 rows=930 loops=1)
        Buckets: 1024  Batches: 1  Memory Usage: 45kB
        ->  Nested Loop  (cost=0.43..797555.70 rows=176 width=8) (actual time=5338.822..10938.357 rows=930 loops=1)
              ->  Seq Scan on cast_info ci  (cost=0.00..796071.18 rows=176 width=4) (actual time=5338.713..10908.724 rows=930 loops=1)
                    Filter: ((person_id = 195192) AND (role_id = 1))
                    Rows Removed by Filter: 36243414
              ->  Index Only Scan using title_pkey on title t  (cost=0.43..8.42 rows=1 width=4) (actual time=0.031..0.031 rows=1 loops=930)
                    Index Cond: (id = ci.movie_id)
                    Heap Fetches: 930
Planning time: 1.509 ms
Execution time: 18220.406 ms
