Seq Scan on cast_info ci  (cost=0.00..705507.15 rows=16528036 width=0) (actual time=0.024..12623.094 rows=16662322 loops=1)
  Filter: (person_id > 1961914)
  Rows Removed by Filter: 19582022
Planning time: 0.328 ms
Execution time: 14688.857 ms
