Hash Join  (cost=82436.85..193800.57 rows=426935 width=0) (actual time=1378.140..3961.886 rows=811205 loops=1)
  Hash Cond: (mk.movie_id = t.id)
  ->  Seq Scan on movie_keyword mk  (cost=0.00..81003.12 rows=2081130 width=4) (actual time=0.020..1518.065 rows=2079122 loops=1)
        Filter: (keyword_id > 5819)
        Rows Removed by Filter: 2444808
  ->  Hash  (cost=73925.90..73925.90 rows=518716 width=4) (actual time=1377.441..1377.441 rows=390957 loops=1)
        Buckets: 131072  Batches: 8  Memory Usage: 2757kB
        ->  Seq Scan on title t  (cost=0.00..73925.90 rows=518716 width=4) (actual time=11.985..1252.333 rows=390957 loops=1)
              Filter: ((kind_id < 2) AND (production_year > 1978))
              Rows Removed by Filter: 2137355
Planning time: 0.849 ms
Execution time: 4051.326 ms
