Hash Join  (cost=187631.75..280704.79 rows=1307351 width=0) (actual time=4317.913..7620.849 rows=3880373 loops=1)
  Hash Cond: (mc.movie_id = t.id)
  ->  Seq Scan on movie_companies mc  (cost=0.00..44881.29 rows=2609129 width=4) (actual time=0.026..986.573 rows=2609129 loops=1)
  ->  Hash  (cost=166844.70..166844.70 rows=1266964 width=8) (actual time=4316.985..4316.985 rows=1324999 loops=1)
        Buckets: 131072  Batches: 32  Memory Usage: 2644kB
        ->  Hash Join  (cost=105689.54..166844.70 rows=1266964 width=8) (actual time=2125.634..3971.501 rows=1324999 loops=1)
              Hash Cond: (mi_idx.movie_id = t.id)
              ->  Seq Scan on movie_info_idx mi_idx  (cost=0.00..21735.35 rows=1380035 width=4) (actual time=0.018..485.942 rows=1380035 loops=1)
              ->  Hash  (cost=67604.59..67604.59 rows=2321356 width=4) (actual time=2123.060..2123.060 rows=2315087 loops=1)
                    Buckets: 131072  Batches: 32  Memory Usage: 3571kB
                    ->  Seq Scan on title t  (cost=0.00..67604.59 rows=2321356 width=4) (actual time=0.021..1406.775 rows=2315087 loops=1)
                          Filter: (production_year > 1939)
                          Rows Removed by Filter: 213225
Planning time: 1.399 ms
Execution time: 8018.588 ms
