Hash Join  (cost=147555.17..515601.38 rows=139276 width=0) (actual time=5290.749..11515.183 rows=1060858 loops=1)
  Hash Cond: (mi.movie_id = t.id)
  ->  Seq Scan on movie_info mi  (cost=0.00..346232.03 rows=5445713 width=4) (actual time=2173.200..5914.607 rows=5410520 loops=1)
        Filter: (info_type_id < 6)
        Rows Removed by Filter: 9425200
  ->  Hash  (cost=146746.82..146746.82 rows=64668 width=8) (actual time=3090.522..3090.522 rows=237833 loops=1)
        Buckets: 131072 (originally 65536)  Batches: 4 (originally 1)  Memory Usage: 3354kB
        ->  Hash Join  (cost=76843.29..146746.82 rows=64668 width=8) (actual time=1713.178..3011.801 rows=237833 loops=1)
              Hash Cond: (mc.movie_id = t.id)
              ->  Seq Scan on movie_companies mc  (cost=0.00..57926.93 rows=919709 width=4) (actual time=454.955..1161.835 rows=1102754 loops=1)
                    Filter: ((company_id > 1741) AND (company_type_id > 1))
                    Rows Removed by Filter: 1506375
              ->  Hash  (cost=73925.90..73925.90 rows=177791 width=4) (actual time=1256.517..1256.517 rows=282025 loops=1)
                    Buckets: 131072  Batches: 4  Memory Usage: 3508kB
                    ->  Seq Scan on title t  (cost=0.00..73925.90 rows=177791 width=4) (actual time=0.021..1168.056 rows=282025 loops=1)
                          Filter: ((kind_id < 7) AND (production_year < 1976))
                          Rows Removed by Filter: 2246287
Planning time: 3.854 ms
Execution time: 11640.225 ms
