Hash Join  (cost=75292.52..139566.73 rows=16669 width=0) (actual time=4061.593..7823.534 rows=24129 loops=1)
  Hash Cond: (mc.movie_id = t.id)
  ->  Seq Scan on movie_companies mc  (cost=0.00..57926.93 rows=506291 width=4) (actual time=0.034..3337.020 rows=715459 loops=1)
        Filter: ((company_id < 5706) AND (company_type_id = 1))
        Rows Removed by Filter: 1893670
  ->  Hash  (cost=73925.90..73925.90 rows=83249 width=4) (actual time=4056.210..4056.210 rows=101793 loops=1)
        Buckets: 131072  Batches: 2  Memory Usage: 2803kB
        ->  Seq Scan on title t  (cost=0.00..73925.90 rows=83249 width=4) (actual time=0.021..4011.372 rows=101793 loops=1)
              Filter: ((kind_id > 1) AND (production_year = 2007))
              Rows Removed by Filter: 2426519
Planning time: 3.744 ms
Execution time: 7828.642 ms
