Seq Scan on movie_keyword mk  (cost=0.00..81003.12 rows=753560 width=0) (actual time=0.013..1323.584 rows=761442 loops=1)
  Filter: (keyword_id > 24621)
  Rows Removed by Filter: 3762488
Planning time: 0.338 ms
Execution time: 1421.008 ms
