Nested Loop  (cost=32749.09..119610.72 rows=715 width=0) (actual time=617.128..1980.766 rows=3380 loops=1)
  ->  Hash Join  (cost=32748.66..116309.89 rows=3893 width=8) (actual time=617.058..1894.754 rows=3380 loops=1)
        Hash Cond: (mk.movie_id = mi_idx.movie_id)
        ->  Seq Scan on movie_keyword mk  (cost=0.00..81003.12 rows=3921 width=4) (actual time=1.330..1198.722 rows=4189 loops=1)
              Filter: (keyword_id = 613)
              Rows Removed by Filter: 4519741
        ->  Hash  (cost=25185.44..25185.44 rows=460978 width=4) (actual time=614.086..614.086 rows=459925 loops=1)
              Buckets: 131072  Batches: 8  Memory Usage: 3059kB
              ->  Seq Scan on movie_info_idx mi_idx  (cost=0.00..25185.44 rows=460978 width=4) (actual time=0.019..464.287 rows=459925 loops=1)
                    Filter: (info_type_id = 99)
                    Rows Removed by Filter: 920110
  ->  Index Only Scan using title_pkey on title t  (cost=0.43..0.84 rows=1 width=4) (actual time=0.024..0.025 rows=1 loops=3380)
        Index Cond: (id = mi_idx.movie_id)
        Heap Fetches: 3380
Planning time: 1.176 ms
Execution time: 1981.861 ms
