Seq Scan on movie_keyword mk  (cost=0.00..81003.12 rows=3553430 width=0) (actual time=0.016..1668.414 rows=3550164 loops=1)
  Filter: (keyword_id > 910)
  Rows Removed by Filter: 973766
Planning time: 0.333 ms
Execution time: 2113.240 ms
