Hash Join  (cost=102767.86..181874.04 rows=469615 width=0) (actual time=2061.379..3600.193 rows=268216 loops=1)
  Hash Cond: (mc.movie_id = t.id)
  ->  Seq Scan on movie_companies mc  (cost=0.00..57926.93 rows=469615 width=4) (actual time=234.323..950.349 rows=268216 loops=1)
        Filter: ((company_id < 3175) AND (company_type_id > 1))
        Rows Removed by Filter: 2340913
  ->  Hash  (cost=61283.27..61283.27 rows=2528527 width=4) (actual time=1825.757..1825.757 rows=2528312 loops=1)
        Buckets: 131072  Batches: 64  Memory Usage: 2415kB
        ->  Seq Scan on title t  (cost=0.00..61283.27 rows=2528527 width=4) (actual time=0.025..995.690 rows=2528312 loops=1)
Planning time: 0.561 ms
Execution time: 3626.347 ms
