Nested Loop  (cost=0.43..69888.19 rows=486 width=0) (actual time=148.614..997.576 rows=2599 loops=1)
  ->  Seq Scan on movie_companies mc  (cost=0.00..51404.11 rows=2348 width=4) (actual time=66.226..905.974 rows=2910 loops=1)
        Filter: (company_id = 28339)
        Rows Removed by Filter: 2606219
  ->  Index Scan using title_pkey on title t  (cost=0.43..7.86 rows=1 width=4) (actual time=0.030..0.031 rows=1 loops=2910)
        Index Cond: (id = mc.movie_id)
        Filter: (production_year < 1981)
        Rows Removed by Filter: 0
Planning time: 0.781 ms
Execution time: 998.347 ms
