Seq Scan on cast_info ci  (cost=0.00..705507.15 rows=14510786 width=0) (actual time=396.201..12182.653 rows=14433640 loops=1)
  Filter: (person_id < 1421818)
  Rows Removed by Filter: 21810704
Planning time: 0.374 ms
Execution time: 13954.708 ms
