Hash Join  (cost=83073.21..109983.83 rows=14 width=0) (actual time=1359.935..1875.388 rows=438 loops=1)
  Hash Cond: (mi_idx.movie_id = t.id)
  ->  Seq Scan on movie_info_idx mi_idx  (cost=0.00..21735.35 rows=1380035 width=4) (actual time=0.016..279.389 rows=1380035 loops=1)
  ->  Hash  (cost=83072.90..83072.90 rows=25 width=8) (actual time=1359.707..1359.707 rows=203 loops=1)
        Buckets: 1024  Batches: 1  Memory Usage: 16kB
        ->  Nested Loop  (cost=0.43..83072.90 rows=25 width=8) (actual time=0.777..1359.465 rows=203 loops=1)
              ->  Seq Scan on movie_keyword mk  (cost=0.00..81003.12 rows=246 width=4) (actual time=0.039..1287.649 rows=1577 loops=1)
                    Filter: (keyword_id = 270)
                    Rows Removed by Filter: 4522353
              ->  Index Scan using title_pkey on title t  (cost=0.43..8.40 rows=1 width=4) (actual time=0.045..0.045 rows=0 loops=1577)
                    Index Cond: (id = mk.movie_id)
                    Filter: ((kind_id < 7) AND (production_year > 2008))
                    Rows Removed by Filter: 1
Planning time: 1.108 ms
Execution time: 1875.606 ms
