Seq Scan on movie_companies mc  (cost=0.00..51404.11 rows=104 width=0) (actual time=0.128..2096.539 rows=1758 loops=1)
  Filter: (company_id = 11428)
  Rows Removed by Filter: 2607371
Planning time: 0.341 ms
Execution time: 2097.093 ms
