Hash Join  (cost=126341.52..1183330.93 rows=2257030 width=0) (actual time=2499.130..34583.886 rows=7638400 loops=1)
  Hash Cond: (ci.movie_id = t.id)
  ->  Seq Scan on cast_info ci  (cost=0.00..614943.12 rows=36225612 width=4) (actual time=0.013..13427.853 rows=36244344 loops=1)
  ->  Hash  (cost=123756.28..123756.28 rows=157539 width=8) (actual time=2498.356..2498.356 rows=280547 loops=1)
        Buckets: 131072  Batches: 4  Memory Usage: 3767kB
        ->  Hash Join  (cost=88317.49..123756.28 rows=157539 width=8) (actual time=1523.394..2425.504 rows=280547 loops=1)
              Hash Cond: (mi_idx.movie_id = t.id)
              ->  Seq Scan on movie_info_idx mi_idx  (cost=0.00..25185.44 rows=454124 width=4) (actual time=0.059..502.548 rows=459925 loops=1)
                    Filter: (info_type_id = 100)
                    Rows Removed by Filter: 920110
              ->  Hash  (cost=73925.90..73925.90 rows=877167 width=4) (actual time=1522.266..1522.266 rows=790316 loops=1)
                    Buckets: 131072  Batches: 16  Memory Usage: 2762kB
                    ->  Seq Scan on title t  (cost=0.00..73925.90 rows=877167 width=4) (actual time=0.018..1281.136 rows=790316 loops=1)
                          Filter: ((kind_id < 7) AND (production_year > 1957))
                          Rows Removed by Filter: 1737996
Planning time: 1.203 ms
Execution time: 35487.211 ms
