Hash Join  (cost=69484.36..138238.90 rows=63724 width=0) (actual time=998.866..2607.947 rows=127359 loops=1)
  Hash Cond: (mc.movie_id = t.id)
  ->  Seq Scan on movie_companies mc  (cost=0.00..51404.11 rows=1406715 width=4) (actual time=0.021..1021.851 rows=1413996 loops=1)
        Filter: (company_id > 10672)
        Rows Removed by Filter: 1195133
  ->  Hash  (cost=67604.59..67604.59 rows=114542 width=4) (actual time=998.156..998.156 rows=118234 loops=1)
        Buckets: 131072  Batches: 2  Memory Usage: 3101kB
        ->  Seq Scan on title t  (cost=0.00..67604.59 rows=114542 width=4) (actual time=452.188..958.035 rows=118234 loops=1)
              Filter: (kind_id = 4)
              Rows Removed by Filter: 2410078
Planning time: 0.589 ms
Execution time: 2624.791 ms
