Hash Join  (cost=75220.98..198943.41 rows=141139 width=0) (actual time=1130.345..3940.269 rows=98779 loops=1)
  Hash Cond: (mk.movie_id = t.id)
  ->  Seq Scan on movie_keyword mk  (cost=0.00..69693.30 rows=4523930 width=4) (actual time=0.022..1434.239 rows=4523930 loops=1)
  ->  Hash  (cost=73925.90..73925.90 rows=78886 width=4) (actual time=1129.533..1129.533 rows=74127 loops=1)
        Buckets: 131072  Batches: 2  Memory Usage: 2334kB
        ->  Seq Scan on title t  (cost=0.00..73925.90 rows=78886 width=4) (actual time=0.096..1100.594 rows=74127 loops=1)
              Filter: ((kind_id < 4) AND (production_year > 2011))
              Rows Removed by Filter: 2454185
Planning time: 1.025 ms
Execution time: 3953.043 ms
