Nested Loop  (cost=57928.00..139347.45 rows=1 width=0) (actual time=724.618..1644.669 rows=2 loops=1)
  Join Filter: (mc.movie_id = t.id)
  ->  Hash Join  (cost=57927.57..139340.33 rows=1 width=8) (actual time=724.527..1644.500 rows=2 loops=1)
        Hash Cond: (mk.movie_id = mc.movie_id)
        ->  Seq Scan on movie_keyword mk  (cost=0.00..81003.12 rows=6183 width=4) (actual time=0.011..1080.136 rows=6790 loops=1)
              Filter: (keyword_id = 495)
              Rows Removed by Filter: 4517140
        ->  Hash  (cost=57926.93..57926.93 rows=51 width=4) (actual time=562.685..562.685 rows=46 loops=1)
              Buckets: 1024  Batches: 1  Memory Usage: 10kB
              ->  Seq Scan on movie_companies mc  (cost=0.00..57926.93 rows=51 width=4) (actual time=22.817..562.628 rows=46 loops=1)
                    Filter: ((company_id = 15282) AND (company_type_id = 1))
                    Rows Removed by Filter: 2609083
  ->  Index Only Scan using title_pkey on title t  (cost=0.43..7.11 rows=1 width=4) (actual time=0.066..0.067 rows=1 loops=2)
        Index Cond: (id = mk.movie_id)
        Heap Fetches: 2
Planning time: 1.024 ms
Execution time: 1644.741 ms
