Hash Join  (cost=232585.09..279287.34 rows=525077 width=0) (actual time=4822.865..6605.184 rows=2081692 loops=1)
  Hash Cond: (mi_idx.movie_id = t.id)
  ->  Seq Scan on movie_info_idx mi_idx  (cost=0.00..21735.35 rows=1380035 width=4) (actual time=0.024..467.042 rows=1380035 loops=1)
  ->  Hash  (cost=216800.39..216800.39 rows=962056 width=8) (actual time=4821.821..4821.821 rows=966214 loops=1)
        Buckets: 131072  Batches: 16  Memory Usage: 3411kB
        ->  Hash Join  (cost=102767.86..216800.39 rows=962056 width=8) (actual time=1947.840..4523.162 rows=966214 loops=1)
              Hash Cond: (mk.movie_id = t.id)
              ->  Seq Scan on movie_keyword mk  (cost=0.00..81003.12 rows=962056 width=4) (actual time=0.028..1368.960 rows=966214 loops=1)
                    Filter: (keyword_id < 910)
                    Rows Removed by Filter: 3557716
              ->  Hash  (cost=61283.27..61283.27 rows=2528527 width=4) (actual time=1946.208..1946.208 rows=2528312 loops=1)
                    Buckets: 131072  Batches: 64  Memory Usage: 2425kB
                    ->  Seq Scan on title t  (cost=0.00..61283.27 rows=2528527 width=4) (actual time=0.020..1105.232 rows=2528312 loops=1)
Planning time: 1.221 ms
Execution time: 6867.326 ms
