Hash Join  (cost=92883.59..205092.71 rows=811799 width=0) (actual time=1830.455..4071.005 rows=166251 loops=1)
  Hash Cond: (mk.movie_id = t.id)
  ->  Seq Scan on movie_keyword mk  (cost=0.00..81003.12 rows=1332202 width=4) (actual time=0.011..1485.527 rows=1351172 loops=1)
        Filter: (keyword_id < 1758)
        Rows Removed by Filter: 3172758
  ->  Hash  (cost=67604.59..67604.59 rows=1540800 width=4) (actual time=1686.356..1686.356 rows=1543264 loops=1)
        Buckets: 131072  Batches: 32  Memory Usage: 2728kB
        ->  Seq Scan on title t  (cost=0.00..67604.59 rows=1540800 width=4) (actual time=0.014..1189.635 rows=1543264 loops=1)
              Filter: (kind_id = 7)
              Rows Removed by Filter: 985048
Planning time: 0.796 ms
Execution time: 4088.753 ms
