Hash Join  (cost=103459.29..158288.33 rows=16351 width=0) (actual time=2240.166..3376.916 rows=102388 loops=1)
  Hash Cond: (mc.movie_id = t.id)
  ->  Seq Scan on movie_companies mc  (cost=0.00..44881.29 rows=2609129 width=4) (actual time=0.015..686.700 rows=2609129 loops=1)
  ->  Hash  (cost=103261.22..103261.22 rows=15846 width=8) (actual time=2028.791..2028.791 rows=38516 loops=1)
        Buckets: 65536 (originally 16384)  Batches: 1 (originally 1)  Memory Usage: 2017kB
        ->  Hash Join  (cost=74470.85..103261.22 rows=15846 width=8) (actual time=1239.046..2014.207 rows=38516 loops=1)
              Hash Cond: (mi_idx.movie_id = t.id)
              ->  Seq Scan on movie_info_idx mi_idx  (cost=0.00..25185.44 rows=919057 width=4) (actual time=0.014..530.057 rows=920110 loops=1)
                    Filter: (info_type_id > 99)
                    Rows Removed by Filter: 459925
              ->  Hash  (cost=73925.90..73925.90 rows=43596 width=4) (actual time=1238.625..1238.625 rows=56579 loops=1)
                    Buckets: 65536  Batches: 1  Memory Usage: 2502kB
                    ->  Seq Scan on title t  (cost=0.00..73925.90 rows=43596 width=4) (actual time=39.643..1217.096 rows=56579 loops=1)
                          Filter: ((production_year < 2001) AND (kind_id = 3))
                          Rows Removed by Filter: 2471733
Planning time: 0.747 ms
Execution time: 3390.222 ms
