Seq Scan on movie_keyword mk  (cost=0.00..81003.12 rows=3475094 width=0) (actual time=0.019..5105.280 rows=3468321 loops=1)
  Filter: (keyword_id > 1049)
  Rows Removed by Filter: 1055609
Planning time: 0.274 ms
Execution time: 5743.614 ms
