Hash Join  (cost=136662.72..262867.57 rows=624382 width=0) (actual time=2956.644..6900.782 rows=1580543 loops=1)
  Hash Cond: (mk.movie_id = t.id)
  ->  Seq Scan on movie_keyword mk  (cost=0.00..81003.12 rows=3202641 width=4) (actual time=0.009..1675.172 rows=3187594 loops=1)
        Filter: (keyword_id > 1741)
        Rows Removed by Filter: 1336336
  ->  Hash  (cost=128574.75..128574.75 rows=492958 width=8) (actual time=2955.279..2955.279 rows=369173 loops=1)
        Buckets: 131072  Batches: 8  Memory Usage: 2820kB
        ->  Hash Join  (cost=82423.69..128574.75 rows=492958 width=8) (actual time=1596.830..2843.404 rows=369173 loops=1)
              Hash Cond: (mi_idx.movie_id = t.id)
              ->  Seq Scan on movie_info_idx mi_idx  (cost=0.00..21735.35 rows=1380035 width=4) (actual time=0.014..389.080 rows=1380035 loops=1)
              ->  Hash  (cost=67604.59..67604.59 rows=903208 width=4) (actual time=1595.647..1595.647 rows=904491 loops=1)
                    Buckets: 131072  Batches: 16  Memory Usage: 3010kB
                    ->  Seq Scan on title t  (cost=0.00..67604.59 rows=903208 width=4) (actual time=0.024..1301.319 rows=904491 loops=1)
                          Filter: (production_year > 2006)
                          Rows Removed by Filter: 1623821
Planning time: 3.062 ms
Execution time: 7089.888 ms
