Hash Join  (cost=172766.33..1282533.95 rows=7394745 width=0) (actual time=4432.530..45683.467 rows=36911556 loops=1)
  Hash Cond: (ci.movie_id = t.id)
  ->  Seq Scan on cast_info ci  (cost=0.00..614943.12 rows=36225612 width=4) (actual time=0.015..13947.707 rows=36244344 loops=1)
  ->  Hash  (cost=164297.47..164297.47 rows=516149 width=8) (actual time=4431.434..4431.434 rows=1163974 loops=1)
        Buckets: 131072 (originally 131072)  Batches: 16 (originally 8)  Memory Usage: 3871kB
        ->  Hash Join  (cost=82132.46..164297.47 rows=516149 width=8) (actual time=1336.430..4050.751 rows=1163974 loops=1)
              Hash Cond: (mc.movie_id = t.id)
              ->  Seq Scan on movie_companies mc  (cost=0.00..44881.29 rows=2609129 width=4) (actual time=0.011..989.967 rows=2609129 loops=1)
              ->  Hash  (cost=73925.90..73925.90 rows=500204 width=4) (actual time=1335.500..1335.500 rows=538804 loops=1)
                    Buckets: 131072  Batches: 8  Memory Usage: 3404kB
                    ->  Seq Scan on title t  (cost=0.00..73925.90 rows=500204 width=4) (actual time=0.034..1174.154 rows=538804 loops=1)
                          Filter: ((kind_id < 3) AND (production_year < 2008))
                          Rows Removed by Filter: 1989508
Planning time: 1.202 ms
Execution time: 49765.483 ms
