Hash Join  (cost=101257.31..852683.73 rows=63727 width=0) (actual time=1895.408..18649.877 rows=91514 loops=1)
  Hash Cond: (ci.movie_id = t.id)
  ->  Seq Scan on cast_info ci  (cost=0.00..614943.12 rows=36225612 width=4) (actual time=0.017..9424.695 rows=36244344 loops=1)
  ->  Hash  (cost=101201.71..101201.71 rows=4448 width=8) (actual time=1895.189..1895.189 rows=2677 loops=1)
        Buckets: 8192  Batches: 1  Memory Usage: 169kB
        ->  Hash Join  (cost=74228.29..101201.71 rows=4448 width=8) (actual time=1457.236..1893.851 rows=2677 loops=1)
              Hash Cond: (mi_idx.movie_id = t.id)
              ->  Seq Scan on movie_info_idx mi_idx  (cost=0.00..25185.44 rows=464934 width=4) (actual time=0.024..485.064 rows=460185 loops=1)
                    Filter: (info_type_id > 100)
                    Rows Removed by Filter: 919850
              ->  Hash  (cost=73925.90..73925.90 rows=24191 width=4) (actual time=1286.102..1286.102 rows=24602 loops=1)
                    Buckets: 32768  Batches: 1  Memory Usage: 1121kB
                    ->  Seq Scan on title t  (cost=0.00..73925.90 rows=24191 width=4) (actual time=18.731..1275.778 rows=24602 loops=1)
                          Filter: ((kind_id = 7) AND (production_year = 1995))
                          Rows Removed by Filter: 2503710
Planning time: 1.159 ms
Execution time: 18665.968 ms
