Hash Join  (cost=79366.51..208596.81 rows=593227 width=0) (actual time=1333.349..5420.850 rows=1872457 loops=1)
  Hash Cond: (mk.movie_id = t.id)
  ->  Seq Scan on movie_keyword mk  (cost=0.00..69693.30 rows=4523930 width=4) (actual time=0.013..1315.381 rows=4523930 loops=1)
  ->  Hash  (cost=73925.90..73925.90 rows=331568 width=4) (actual time=1327.735..1327.735 rows=445194 loops=1)
        Buckets: 131072  Batches: 8  Memory Usage: 2999kB
        ->  Seq Scan on title t  (cost=0.00..73925.90 rows=331568 width=4) (actual time=0.030..1180.122 rows=445194 loops=1)
              Filter: ((kind_id < 7) AND (production_year < 1996))
              Rows Removed by Filter: 2083118
Planning time: 0.809 ms
Execution time: 5658.465 ms
