Seq Scan on title t  (cost=0.00..73925.90 rows=2531 width=0) (actual time=0.122..1108.431 rows=6521 loops=1)
  Filter: ((kind_id < 4) AND (production_year = 1980))
  Rows Removed by Filter: 2521791
Planning time: 0.377 ms
Execution time: 1109.975 ms
