Seq Scan on title t  (cost=0.00..73925.90 rows=20413 width=0) (actual time=0.163..2955.182 rows=17357 loops=1)
  Filter: ((kind_id < 7) AND (production_year = 2000))
  Rows Removed by Filter: 2510955
Planning time: 8.424 ms
Execution time: 2958.793 ms
