Seq Scan on movie_companies mc  (cost=0.00..57926.93 rows=51 width=0) (actual time=3216.796..3322.927 rows=3 loops=1)
  Filter: ((company_id = 65648) AND (company_type_id = 1))
  Rows Removed by Filter: 2609126
Planning time: 0.417 ms
Execution time: 3323.008 ms
