Hash Join  (cost=73962.22..100896.50 rows=534 width=0) (actual time=1227.874..1755.804 rows=2316 loops=1)
  Hash Cond: (mi_idx.movie_id = t.id)
  ->  Seq Scan on movie_info_idx mi_idx  (cost=0.00..25185.44 rows=464934 width=4) (actual time=0.020..436.213 rows=460185 loops=1)
        Filter: (info_type_id > 100)
        Rows Removed by Filter: 919850
  ->  Hash  (cost=73925.90..73925.90 rows=2905 width=4) (actual time=1227.667..1227.667 rows=6093 loops=1)
        Buckets: 8192 (originally 4096)  Batches: 1 (originally 1)  Memory Usage: 279kB
        ->  Seq Scan on title t  (cost=0.00..73925.90 rows=2905 width=4) (actual time=0.848..1224.635 rows=6093 loops=1)
              Filter: ((kind_id < 7) AND (production_year = 1977))
              Rows Removed by Filter: 2522219
Planning time: 1.640 ms
Execution time: 1756.480 ms
