Seq Scan on title t  (cost=0.00..73925.90 rows=136176 width=0) (actual time=138.452..560.128 rows=269736 loops=1)
  Filter: ((production_year < 1980) AND (kind_id = 1))
  Rows Removed by Filter: 2258576
Planning time: 0.432 ms
Execution time: 581.033 ms
