Seq Scan on movie_keyword mk  (cost=0.00..81003.12 rows=246 width=0) (actual time=74.252..1323.666 rows=43 loops=1)
  Filter: (keyword_id = 22374)
  Rows Removed by Filter: 4523887
Planning time: 0.388 ms
Execution time: 1323.800 ms
