Seq Scan on movie_keyword mk  (cost=0.00..81003.12 rows=246 width=0) (actual time=207.773..1245.383 rows=9 loops=1)
  Filter: (keyword_id = 1501)
  Rows Removed by Filter: 4523921
Planning time: 0.400 ms
Execution time: 1245.468 ms
