Seq Scan on movie_keyword mk  (cost=0.00..81003.12 rows=246 width=0) (actual time=2.766..1248.674 rows=75 loops=1)
  Filter: (keyword_id = 3620)
  Rows Removed by Filter: 4523855
Planning time: 9.216 ms
Execution time: 1248.841 ms
