Hash Join  (cost=205944.53..719666.33 rows=2079751 width=0) (actual time=5647.545..27496.287 rows=40680807 loops=1)
  Hash Cond: (mi.movie_id = t.id)
  ->  Seq Scan on movie_info mi  (cost=0.00..346232.03 rows=12545135 width=4) (actual time=626.927..7158.095 rows=12601870 loops=1)
        Filter: (info_type_id < 17)
        Rows Removed by Filter: 2233850
  ->  Hash  (cost=199066.75..199066.75 rows=419183 width=8) (actual time=5013.218..5013.218 rows=1308906 loops=1)
        Buckets: 131072 (originally 131072)  Batches: 32 (originally 8)  Memory Usage: 3073kB
        ->  Hash Join  (cost=80166.74..199066.75 rows=419183 width=8) (actual time=1315.243..4608.227 rows=1308906 loops=1)
              Hash Cond: (mk.movie_id = t.id)
              ->  Seq Scan on movie_keyword mk  (cost=0.00..81003.12 rows=2786413 width=4) (actual time=0.027..1699.590 rows=2776413 loops=1)
                    Filter: (keyword_id < 7989)
                    Rows Removed by Filter: 1747517
              ->  Hash  (cost=73925.90..73925.90 rows=380387 width=4) (actual time=1314.294..1314.294 rows=484820 loops=1)
                    Buckets: 131072  Batches: 8  Memory Usage: 3173kB
                    ->  Seq Scan on title t  (cost=0.00..73925.90 rows=380387 width=4) (actual time=0.026..1159.495 rows=484820 loops=1)
                          Filter: ((kind_id < 7) AND (production_year < 1999))
                          Rows Removed by Filter: 2043492
Planning time: 1.571 ms
Execution time: 31899.199 ms
