Hash Join  (cost=77354.40..501600.57 rows=514847 width=0) (actual time=2078.310..10777.464 rows=573609 loops=1)
  Hash Cond: (mi.movie_id = t.id)
  ->  Seq Scan on movie_info mi  (cost=0.00..346232.03 rows=6231111 width=4) (actual time=818.206..6522.307 rows=6223494 loops=1)
        Filter: (info_type_id > 8)
        Rows Removed by Filter: 8612226
  ->  Hash  (cost=73925.90..73925.90 rows=208920 width=4) (actual time=1259.082..1259.082 rows=183835 loops=1)
        Buckets: 131072  Batches: 4  Memory Usage: 2655kB
        ->  Seq Scan on title t  (cost=0.00..73925.90 rows=208920 width=4) (actual time=0.035..1192.179 rows=183835 loops=1)
              Filter: ((kind_id < 7) AND (production_year > 2009))
              Rows Removed by Filter: 2344477
Planning time: 0.727 ms
Execution time: 10842.940 ms
