Nested Loop  (cost=0.43..709671.90 rows=500 width=0) (actual time=6699.610..11624.070 rows=64 loops=1)
  ->  Seq Scan on cast_info ci  (cost=0.00..705507.15 rows=500 width=4) (actual time=6699.444..11619.961 rows=64 loops=1)
        Filter: (person_id = 2717289)
        Rows Removed by Filter: 36244280
  ->  Index Only Scan using title_pkey on title t  (cost=0.43..8.32 rows=1 width=4) (actual time=0.061..0.061 rows=1 loops=64)
        Index Cond: (id = ci.movie_id)
        Heap Fetches: 64
Planning time: 0.756 ms
Execution time: 11624.151 ms
