Seq Scan on movie_keyword mk  (cost=0.00..81003.12 rows=1500341 width=0) (actual time=0.017..1490.549 rows=1508941 loops=1)
  Filter: (keyword_id < 2185)
  Rows Removed by Filter: 3014989
Planning time: 0.355 ms
Execution time: 1676.784 ms
