Seq Scan on cast_info ci  (cost=0.00..705507.15 rows=500 width=0) (actual time=5607.955..9424.486 rows=93 loops=1)
  Filter: (person_id = 2722957)
  Rows Removed by Filter: 36244251
Planning time: 0.392 ms
Execution time: 9424.572 ms
