Hash Join  (cost=99217.91..1092357.89 rows=10446635 width=0) (actual time=3638.304..26335.858 rows=11842102 loops=1)
  Hash Cond: (ci.movie_id = t.id)
  ->  Seq Scan on cast_info ci  (cost=0.00..705507.15 rows=13708296 width=4) (actual time=1051.960..13344.280 rows=13869753 loops=1)
        Filter: (person_id > 2280653)
        Rows Removed by Filter: 22374591
  ->  Hash  (cost=67604.59..67604.59 rows=1926906 width=4) (actual time=2585.241..2585.241 rows=1918028 loops=1)
        Buckets: 131072  Batches: 32  Memory Usage: 3139kB
        ->  Seq Scan on title t  (cost=0.00..67604.59 rows=1926906 width=4) (actual time=0.029..1363.314 rows=1918028 loops=1)
              Filter: (production_year > 1981)
              Rows Removed by Filter: 610284
Planning time: 0.599 ms
Execution time: 27599.950 ms
