Seq Scan on cast_info ci  (cost=0.00..705507.15 rows=28433282 width=0) (actual time=0.022..12887.458 rows=28450168 loops=1)
  Filter: (person_id < 2898291)
  Rows Removed by Filter: 7794176
Planning time: 0.325 ms
Execution time: 16391.007 ms
