Hash Join  (cost=204824.60..1315941.27 rows=7526045 width=0) (actual time=3795.501..33093.770 rows=4470171 loops=1)
  Hash Cond: (ci.movie_id = t.id)
  ->  Seq Scan on cast_info ci  (cost=0.00..614943.12 rows=36225612 width=4) (actual time=0.023..13275.165 rows=36244344 loops=1)
  ->  Hash  (cost=196205.18..196205.18 rows=525314 width=8) (actual time=3794.495..3794.495 rows=143719 loops=1)
        Buckets: 131072  Batches: 8  Memory Usage: 1731kB
        ->  Hash Join  (cost=92883.59..196205.18 rows=525314 width=8) (actual time=1895.477..3751.211 rows=143719 loops=1)
              Hash Cond: (mk.movie_id = t.id)
              ->  Seq Scan on movie_keyword mk  (cost=0.00..81003.12 rows=862065 width=4) (actual time=0.010..1326.020 rows=869171 loops=1)
                    Filter: (keyword_id > 21183)
                    Rows Removed by Filter: 3654759
              ->  Hash  (cost=67604.59..67604.59 rows=1540800 width=4) (actual time=1700.013..1700.013 rows=1543264 loops=1)
                    Buckets: 131072  Batches: 32  Memory Usage: 2728kB
                    ->  Seq Scan on title t  (cost=0.00..67604.59 rows=1540800 width=4) (actual time=0.019..1207.436 rows=1543264 loops=1)
                          Filter: (kind_id = 7)
                          Rows Removed by Filter: 985048
Planning time: 1.022 ms
Execution time: 33603.077 ms
