Hash Join  (cost=162910.07..697351.33 rows=5120335 width=0) (actual time=3737.696..20272.383 rows=11571793 loops=1)
  Hash Cond: (mi.movie_id = t.id)
  ->  Seq Scan on movie_info mi  (cost=0.00..309384.22 rows=14739122 width=4) (actual time=0.019..6131.597 rows=14835720 loops=1)
  ->  Hash  (cost=148498.02..148498.02 rows=878404 width=8) (actual time=3736.689..3736.689 rows=810457 loops=1)
        Buckets: 131072  Batches: 16  Memory Usage: 3014kB
        ->  Hash Join  (cost=94009.45..148498.02 rows=878404 width=8) (actual time=1871.772..3486.337 rows=810457 loops=1)
              Hash Cond: (mi_idx.movie_id = t.id)
              ->  Seq Scan on movie_info_idx mi_idx  (cost=0.00..21735.35 rows=1380035 width=4) (actual time=0.010..394.258 rows=1380035 loops=1)
              ->  Hash  (cost=67604.59..67604.59 rows=1609429 width=4) (actual time=1871.028..1871.028 rows=1607077 loops=1)
                    Buckets: 131072  Batches: 32  Memory Usage: 2791kB
                    ->  Seq Scan on title t  (cost=0.00..67604.59 rows=1609429 width=4) (actual time=0.016..1313.977 rows=1607077 loops=1)
                          Filter: (production_year > 1995)
                          Rows Removed by Filter: 921235
Planning time: 1.087 ms
Execution time: 21547.740 ms
