Seq Scan on title t  (cost=0.00..73925.90 rows=648730 width=0) (actual time=0.014..4048.623 rows=530222 loops=1)
  Filter: ((kind_id > 2) AND (production_year < 1998))
  Rows Removed by Filter: 1998090
Planning time: 3.099 ms
Execution time: 4148.394 ms
