Hash Join  (cost=71449.56..906426.99 rows=325935 width=136) (actual time=1470.865..19584.400 rows=448163 loops=1)
  Hash Cond: (ci.movie_id = t.id)
  ->  Seq Scan on cast_info ci  (cost=0.00..705507.15 rows=5820248 width=42) (actual time=0.014..14871.576 rows=5732694 loops=1)
        Filter: (role_id > 8)
        Rows Removed by Filter: 30511650
  ->  Hash  (cost=67604.59..67604.59 rows=141598 width=94) (actual time=1470.502..1470.502 rows=141703 loops=1)
        Buckets: 32768  Batches: 8  Memory Usage: 2249kB
        ->  Seq Scan on title t  (cost=0.00..67604.59 rows=141598 width=94) (actual time=0.478..1406.739 rows=141703 loops=1)
              Filter: (production_year = 2010)
              Rows Removed by Filter: 2386609
Planning time: 0.953 ms
Execution time: 19611.043 ms
