Seq Scan on movie_companies mc  (cost=0.00..57926.93 rows=51 width=0) (actual time=109.317..839.708 rows=2 loops=1)
  Filter: ((company_id = 9296) AND (company_type_id = 1))
  Rows Removed by Filter: 2609127
Planning time: 0.408 ms
Execution time: 839.797 ms
