Hash Join  (cost=903171.89..981014.02 rows=202560 width=0) (actual time=14957.058..17262.194 rows=390904 loops=1)
  Hash Cond: (mc.movie_id = t.id)
  ->  Seq Scan on movie_companies mc  (cost=0.00..44881.29 rows=2609129 width=4) (actual time=0.021..966.035 rows=2609129 loops=1)
  ->  Hash  (cost=899951.12..899951.12 rows=196302 width=8) (actual time=14956.046..14956.046 rows=385006 loops=1)
        Buckets: 131072 (originally 131072)  Batches: 8 (originally 4)  Memory Usage: 3073kB
        ->  Hash Join  (cost=92421.85..899951.12 rows=196302 width=8) (actual time=3936.090..14841.213 rows=385006 loops=1)
              Hash Cond: (ci.movie_id = t.id)
              ->  Seq Scan on cast_info ci  (cost=0.00..796071.18 rows=440283 width=4) (actual time=2105.171..12277.358 rows=842954 loops=1)
                    Filter: ((person_id < 118307) AND (role_id = 1))
                    Rows Removed by Filter: 35401390
              ->  Hash  (cost=73925.90..73925.90 rows=1127356 width=4) (actual time=1829.905..1829.905 rows=1234845 loops=1)
                    Buckets: 131072  Batches: 16  Memory Usage: 3745kB
                    ->  Seq Scan on title t  (cost=0.00..73925.90 rows=1127356 width=4) (actual time=0.028..1444.165 rows=1234845 loops=1)
                          Filter: ((kind_id > 1) AND (production_year > 1997))
                          Rows Removed by Filter: 1293467
Planning time: 1.352 ms
Execution time: 17308.963 ms
