Hash Join  (cost=102767.86..989928.88 rows=3375006 width=0) (actual time=3730.249..15618.147 rows=2782 loops=1)
  Hash Cond: (ci.movie_id = t.id)
  ->  Seq Scan on cast_info ci  (cost=0.00..796071.18 rows=3375006 width=4) (actual time=1481.689..13049.301 rows=2782 loops=1)
        Filter: ((person_id < 1644224) AND (role_id = 2))
        Rows Removed by Filter: 36241562
  ->  Hash  (cost=61283.27..61283.27 rows=2528527 width=4) (actual time=2215.061..2215.061 rows=2528312 loops=1)
        Buckets: 131072  Batches: 64  Memory Usage: 2415kB
        ->  Seq Scan on title t  (cost=0.00..61283.27 rows=2528527 width=4) (actual time=0.024..1072.391 rows=2528312 loops=1)
Planning time: 2.099 ms
Execution time: 15618.627 ms
