Hash Join  (cost=107556.84..152691.57 rows=447762 width=0) (actual time=2739.948..4079.392 rows=457066 loops=1)
  Hash Cond: (mi_idx.movie_id = t.id)
  ->  Seq Scan on movie_info_idx mi_idx  (cost=0.00..25185.44 rows=464934 width=4) (actual time=0.017..492.015 rows=460185 loops=1)
        Filter: (info_type_id > 100)
        Rows Removed by Filter: 919850
  ->  Hash  (cost=67604.59..67604.59 rows=2435140 width=4) (actual time=2738.991..2738.991 rows=2431710 loops=1)
        Buckets: 131072  Batches: 32  Memory Usage: 3696kB
        ->  Seq Scan on title t  (cost=0.00..67604.59 rows=2435140 width=4) (actual time=0.010..1284.892 rows=2431710 loops=1)
              Filter: (production_year > 1909)
              Rows Removed by Filter: 96602
Planning time: 2.641 ms
Execution time: 4133.552 ms
