Hash Join  (cost=851507.30..1014818.30 rows=605649 width=0) (actual time=22943.767..27689.115 rows=3410630 loops=1)
  Hash Cond: (mk.movie_id = t.id)
  ->  Seq Scan on movie_keyword mk  (cost=0.00..69693.30 rows=4523930 width=4) (actual time=0.029..1475.218 rows=4523930 loops=1)
  ->  Hash  (cost=845952.91..845952.91 rows=338511 width=8) (actual time=22940.380..22940.380 rows=487655 loops=1)
        Buckets: 131072  Batches: 8  Memory Usage: 3388kB
        ->  Hash Join  (cost=74567.93..845952.91 rows=338511 width=8) (actual time=1136.395..22022.413 rows=487655 loops=1)
              Hash Cond: (ci.movie_id = t.id)
              ->  Seq Scan on cast_info ci  (cost=0.00..705507.15 rows=16664726 width=4) (actual time=0.023..12808.923 rows=16518941 loops=1)
                    Filter: (person_id < 1635599)
                    Rows Removed by Filter: 19725403
              ->  Hash  (cost=73925.90..73925.90 rows=51362 width=4) (actual time=1135.908..1135.908 rows=133108 loops=1)
                    Buckets: 131072 (originally 65536)  Batches: 2 (originally 1)  Memory Usage: 3361kB
                    ->  Seq Scan on title t  (cost=0.00..73925.90 rows=51362 width=4) (actual time=0.016..1082.984 rows=133108 loops=1)
                          Filter: ((kind_id < 7) AND (production_year < 1937))
                          Rows Removed by Filter: 2395204
Planning time: 1.269 ms
Execution time: 28077.629 ms
