Hash Join  (cost=227997.06..1286013.88 rows=7252445 width=0) (actual time=5513.089..45377.797 rows=64380846 loops=1)
  Hash Cond: (ci.movie_id = t.id)
  ->  Seq Scan on cast_info ci  (cost=0.00..705507.15 rows=21593449 width=4) (actual time=0.057..14426.697 rows=21447582 loops=1)
        Filter: (person_id < 2173857)
        Rows Removed by Filter: 14796762
  ->  Hash  (cost=214063.57..214063.57 rows=849239 width=8) (actual time=5511.031..5511.031 rows=1533763 loops=1)
        Buckets: 131072 (originally 131072)  Batches: 32 (originally 16)  Memory Usage: 3073kB
        ->  Hash Join  (cost=81714.14..214063.57 rows=849239 width=8) (actual time=1391.862..5046.641 rows=1533763 loops=1)
              Hash Cond: (mk.movie_id = t.id)
              ->  Seq Scan on movie_keyword mk  (cost=0.00..69693.30 rows=4523930 width=4) (actual time=0.023..1367.965 rows=4523930 loops=1)
              ->  Hash  (cost=73925.90..73925.90 rows=474659 width=4) (actual time=1391.157..1391.157 rows=345685 loops=1)
                    Buckets: 131072  Batches: 8  Memory Usage: 2556kB
                    ->  Seq Scan on title t  (cost=0.00..73925.90 rows=474659 width=4) (actual time=409.608..1280.844 rows=345685 loops=1)
                          Filter: ((production_year > 1988) AND (kind_id = 1))
                          Rows Removed by Filter: 2182627
Planning time: 1.201 ms
Execution time: 52084.607 ms
