Seq Scan on movie_keyword mk  (cost=0.00..81003.12 rows=1227740 width=0) (actual time=0.024..1410.884 rows=1235008 loops=1)
  Filter: (keyword_id < 1568)
  Rows Removed by Filter: 3288922
Planning time: 0.333 ms
Execution time: 1572.300 ms
