Hash Join  (cost=102767.86..257320.99 rows=2646031 width=0) (actual time=2047.381..6498.464 rows=2637124 loops=1)
  Hash Cond: (mk.movie_id = t.id)
  ->  Seq Scan on movie_keyword mk  (cost=0.00..81003.12 rows=2646031 width=4) (actual time=0.020..1716.878 rows=2637124 loops=1)
        Filter: (keyword_id < 7267)
        Rows Removed by Filter: 1886806
  ->  Hash  (cost=61283.27..61283.27 rows=2528527 width=4) (actual time=2046.394..2046.394 rows=2528312 loops=1)
        Buckets: 131072  Batches: 64  Memory Usage: 2425kB
        ->  Seq Scan on title t  (cost=0.00..61283.27 rows=2528527 width=4) (actual time=0.019..1163.813 rows=2528312 loops=1)
Planning time: 0.755 ms
Execution time: 6814.878 ms
