Hash Join  (cost=75300.67..113778.20 rows=45705 width=0) (actual time=4425.968..6943.127 rows=24054 loops=1)
  Hash Cond: (mi_idx.movie_id = t.id)
  ->  Seq Scan on movie_info_idx mi_idx  (cost=0.00..21735.35 rows=1380035 width=4) (actual time=0.016..1521.867 rows=1380035 loops=1)
  ->  Hash  (cost=73925.90..73925.90 rows=83741 width=4) (actual time=4425.019..4425.019 rows=93082 loops=1)
        Buckets: 131072  Batches: 2  Memory Usage: 2666kB
        ->  Seq Scan on title t  (cost=0.00..73925.90 rows=83741 width=4) (actual time=0.035..3898.459 rows=93082 loops=1)
              Filter: ((kind_id > 3) AND (production_year = 2008))
              Rows Removed by Filter: 2435230
Planning time: 0.735 ms
Execution time: 6947.168 ms
