Hash Join  (cost=79653.55..455655.31 rows=302992 width=0) (actual time=1965.832..9198.478 rows=704923 loops=1)
  Hash Cond: (mi.movie_id = t.id)
  ->  Seq Scan on movie_info mi  (cost=0.00..346232.03 rows=2194617 width=4) (actual time=445.670..5932.602 rows=2233850 loops=1)
        Filter: (info_type_id > 16)
        Rows Removed by Filter: 12601870
  ->  Hash  (cost=73925.90..73925.90 rows=349092 width=4) (actual time=1318.100..1318.100 rows=265275 loops=1)
        Buckets: 131072  Batches: 8  Memory Usage: 2197kB
        ->  Seq Scan on title t  (cost=0.00..73925.90 rows=349092 width=4) (actual time=264.556..1232.547 rows=265275 loops=1)
              Filter: ((production_year > 2001) AND (kind_id = 1))
              Rows Removed by Filter: 2263037
Planning time: 0.845 ms
Execution time: 9288.298 ms
