Hash Join  (cost=328084.88..1047830.22 rows=19033660 width=0) (actual time=7848.958..56737.319 rows=172806876 loops=1)
  Hash Cond: (mi.movie_id = t.id)
  ->  Seq Scan on movie_info mi  (cost=0.00..309384.22 rows=14739122 width=4) (actual time=0.025..6456.555 rows=14835720 loops=1)
  ->  Hash  (cost=274514.08..274514.08 rows=3265264 width=8) (actual time=7845.938..7845.938 rows=3102513 loops=1)
        Buckets: 131072  Batches: 64  Memory Usage: 2953kB
        ->  Hash Join  (cost=101210.02..274514.08 rows=3265264 width=8) (actual time=2363.090..7041.238 rows=3102513 loops=1)
              Hash Cond: (mk.movie_id = t.id)
              ->  Seq Scan on movie_keyword mk  (cost=0.00..81003.12 rows=4030859 width=4) (actual time=0.030..1877.123 rows=4036731 loops=1)
                    Filter: (keyword_id < 36862)
                    Rows Removed by Filter: 487199
              ->  Hash  (cost=67604.59..67604.59 rows=2048275 width=4) (actual time=2362.144..2362.144 rows=2046723 loops=1)
                    Buckets: 131072  Batches: 32  Memory Usage: 3285kB
                    ->  Seq Scan on title t  (cost=0.00..67604.59 rows=2048275 width=4) (actual time=0.019..1439.583 rows=2046723 loops=1)
                          Filter: (production_year > 1972)
                          Rows Removed by Filter: 481589
Planning time: 1.105 ms
Execution time: 74281.881 ms
