Nested Loop  (cost=0.43..83071.67 rows=246 width=0) (actual time=5.898..1437.363 rows=413 loops=1)
  ->  Seq Scan on movie_keyword mk  (cost=0.00..81003.12 rows=246 width=4) (actual time=5.826..1420.964 rows=413 loops=1)
        Filter: (keyword_id = 21415)
        Rows Removed by Filter: 4523517
  ->  Index Only Scan using title_pkey on title t  (cost=0.43..8.40 rows=1 width=4) (actual time=0.037..0.038 rows=1 loops=413)
        Index Cond: (id = mk.movie_id)
        Heap Fetches: 413
Planning time: 0.757 ms
Execution time: 1437.620 ms
