Hash Join  (cost=270674.48..1606174.87 rows=24960916 width=0) (actual time=6255.612..40855.308 rows=17345332 loops=1)
  Hash Cond: (ci.movie_id = t.id)
  ->  Seq Scan on cast_info ci  (cost=0.00..614943.12 rows=36225612 width=4) (actual time=0.018..13661.029 rows=36244344 loops=1)
  ->  Hash  (cost=242090.25..242090.25 rows=1742258 width=8) (actual time=6254.347..6254.347 rows=449435 loops=1)
        Buckets: 131072  Batches: 32  Memory Usage: 1582kB
        ->  Hash Join  (cost=91219.03..242090.25 rows=1742258 width=8) (actual time=1752.407..5660.206 rows=449435 loops=1)
              Hash Cond: (mk.movie_id = t.id)
              ->  Seq Scan on movie_keyword mk  (cost=0.00..81003.12 rows=4179605 width=4) (actual time=0.012..1791.024 rows=4181254 loops=1)
                    Filter: (keyword_id < 48505)
                    Rows Removed by Filter: 342676
              ->  Hash  (cost=73925.90..73925.90 rows=1054010 width=4) (actual time=1751.762..1751.762 rows=1148948 loops=1)
                    Buckets: 131072  Batches: 16  Memory Usage: 3562kB
                    ->  Seq Scan on title t  (cost=0.00..73925.90 rows=1054010 width=4) (actual time=242.333..1388.655 rows=1148948 loops=1)
                          Filter: ((production_year > 1991) AND (kind_id = 7))
                          Rows Removed by Filter: 1379364
Planning time: 0.809 ms
Execution time: 42704.358 ms
