Hash Join  (cost=163197.73..218023.46 rows=16021 width=0) (actual time=2514.603..3601.418 rows=11318 loops=1)
  Hash Cond: (mc.movie_id = t.id)
  ->  Seq Scan on movie_companies mc  (cost=0.00..44881.29 rows=2609129 width=4) (actual time=0.014..552.901 rows=2609129 loops=1)
  ->  Hash  (cost=163003.65..163003.65 rows=15526 width=8) (actual time=2513.682..2513.682 rows=7346 loops=1)
        Buckets: 16384  Batches: 1  Memory Usage: 415kB
        ->  Hash Join  (cost=78556.72..163003.65 rows=15526 width=8) (actual time=1060.803..2510.779 rows=7346 loops=1)
              Hash Cond: (mk.movie_id = t.id)
              ->  Seq Scan on movie_keyword mk  (cost=0.00..81003.12 rows=58811 width=4) (actual time=0.131..1316.173 rows=58448 loops=1)
                    Filter: (keyword_id = 16264)
                    Rows Removed by Filter: 4465482
              ->  Hash  (cost=67604.59..67604.59 rows=667531 width=4) (actual time=1059.066..1059.066 rows=662825 loops=1)
                    Buckets: 131072  Batches: 16  Memory Usage: 2486kB
                    ->  Seq Scan on title t  (cost=0.00..67604.59 rows=667531 width=4) (actual time=0.012..840.824 rows=662825 loops=1)
                          Filter: (kind_id = 1)
                          Rows Removed by Filter: 1865487
Planning time: 1.179 ms
Execution time: 3603.405 ms
