Nested Loop  (cost=0.43..83071.67 rows=246 width=0) (actual time=2.223..1416.619 rows=1285 loops=1)
  ->  Seq Scan on movie_keyword mk  (cost=0.00..81003.12 rows=246 width=4) (actual time=2.148..1343.742 rows=1285 loops=1)
        Filter: (keyword_id = 1302)
        Rows Removed by Filter: 4522645
  ->  Index Only Scan using title_pkey on title t  (cost=0.43..8.40 rows=1 width=4) (actual time=0.055..0.055 rows=1 loops=1285)
        Index Cond: (id = mk.movie_id)
        Heap Fetches: 1285
Planning time: 0.692 ms
Execution time: 1417.138 ms
