Hash Join  (cost=136761.68..501476.25 rows=5864 width=0) (actual time=3269.186..9771.431 rows=70572 loops=1)
  Hash Cond: (mi.movie_id = t.id)
  ->  Seq Scan on movie_info mi  (cost=0.00..309384.22 rows=14739122 width=4) (actual time=0.022..4193.752 rows=14835720 loops=1)
  ->  Hash  (cost=136749.11..136749.11 rows=1006 width=8) (actual time=2538.717..2538.717 rows=3946 loops=1)
        Buckets: 4096 (originally 1024)  Batches: 1 (originally 1)  Memory Usage: 187kB
        ->  Hash Join  (cost=73950.44..136749.11 rows=1006 width=8) (actual time=1813.351..2536.876 rows=3946 loops=1)
              Hash Cond: (mc.movie_id = t.id)
              ->  Seq Scan on movie_companies mc  (cost=0.00..57926.93 rows=1296446 width=4) (actual time=310.970..1143.106 rows=1327562 loops=1)
                    Filter: ((company_id > 6) AND (company_type_id = 2))
                    Rows Removed by Filter: 1281567
              ->  Hash  (cost=73925.90..73925.90 rows=1963 width=4) (actual time=1186.240..1186.240 rows=4382 loops=1)
                    Buckets: 8192 (originally 2048)  Batches: 1 (originally 1)  Memory Usage: 219kB
                    ->  Seq Scan on title t  (cost=0.00..73925.90 rows=1963 width=4) (actual time=470.472..1184.092 rows=4382 loops=1)
                          Filter: ((kind_id = 1) AND (production_year = 1979))
                          Rows Removed by Filter: 2523930
Planning time: 1.247 ms
Execution time: 9782.675 ms
