Seq Scan on movie_companies mc  (cost=0.00..57926.93 rows=103173 width=0) (actual time=97.948..809.266 rows=41129 loops=1)
  Filter: ((company_id < 64) AND (company_type_id = 2))
  Rows Removed by Filter: 2568000
Planning time: 0.348 ms
Execution time: 814.932 ms
