Hash Join  (cost=136267.25..223266.07 rows=34078 width=0) (actual time=2444.823..4402.685 rows=229745 loops=1)
  Hash Cond: (mk.movie_id = t.id)
  ->  Seq Scan on movie_keyword mk  (cost=0.00..69693.30 rows=4523930 width=4) (actual time=0.011..1030.620 rows=4523930 loops=1)
  ->  Hash  (cost=136029.16..136029.16 rows=19047 width=8) (actual time=2444.496..2444.496 rows=35135 loops=1)
        Buckets: 65536 (originally 32768)  Batches: 1 (originally 1)  Memory Usage: 1885kB
        ->  Hash Join  (cost=74609.54..136029.16 rows=19047 width=8) (actual time=1210.037..2430.785 rows=35135 loops=1)
              Hash Cond: (mc.movie_id = t.id)
              ->  Seq Scan on movie_companies mc  (cost=0.00..57926.93 rows=880591 width=4) (actual time=0.025..953.357 rows=1078539 loops=1)
                    Filter: ((company_id > 2576) AND (company_type_id > 1))
                    Rows Removed by Filter: 1530590
              ->  Hash  (cost=73925.90..73925.90 rows=54691 width=4) (actual time=1209.664..1209.664 rows=46344 loops=1)
                    Buckets: 65536  Batches: 1  Memory Usage: 2142kB
                    ->  Seq Scan on title t  (cost=0.00..73925.90 rows=54691 width=4) (actual time=0.181..1189.890 rows=46344 loops=1)
                          Filter: ((kind_id < 4) AND (production_year = 2011))
                          Rows Removed by Filter: 2481968
Planning time: 1.156 ms
Execution time: 4432.436 ms
