Hash Join  (cost=494564.88..1669173.64 rows=13706767 width=0) (actual time=10465.235..53315.649 rows=39089633 loops=1)
  Hash Cond: (ci.movie_id = t.id)
  ->  Seq Scan on cast_info ci  (cost=0.00..614943.12 rows=36225612 width=4) (actual time=0.023..13201.183 rows=36244344 loops=1)
  ->  Hash  (cost=478867.83..478867.83 rows=956724 width=8) (actual time=10463.048..10463.048 rows=2178007 loops=1)
        Buckets: 131072 (originally 131072)  Batches: 32 (originally 16)  Memory Usage: 3659kB
        ->  Hash Join  (cost=78556.72..478867.83 rows=956724 width=8) (actual time=2040.575..9864.612 rows=2178007 loops=1)
              Hash Cond: (mi.movie_id = t.id)
              ->  Seq Scan on movie_info mi  (cost=0.00..346232.03 rows=3623957 width=4) (actual time=290.724..5909.765 rows=3624977 loops=1)
                    Filter: (info_type_id < 4)
                    Rows Removed by Filter: 11210743
              ->  Hash  (cost=67604.59..67604.59 rows=667531 width=4) (actual time=1433.960..1433.960 rows=662825 loops=1)
                    Buckets: 131072  Batches: 16  Memory Usage: 2485kB
                    ->  Seq Scan on title t  (cost=0.00..67604.59 rows=667531 width=4) (actual time=481.503..1216.333 rows=662825 loops=1)
                          Filter: (kind_id = 1)
                          Rows Removed by Filter: 1865487
Planning time: 1.122 ms
Execution time: 57825.881 ms
