Hash Join  (cost=953748.83..4226746.81 rows=169488058 width=0) (actual time=48735.543..240760.344 rows=379793190 loops=1)
  Hash Cond: (ci.movie_id = t.id)
  ->  Seq Scan on cast_info ci  (cost=0.00..614943.12 rows=36225612 width=4) (actual time=0.008..46053.995 rows=36244344 loops=1)
  ->  Hash  (cost=759659.70..759659.70 rows=11830170 width=8) (actual time=48734.188..48734.188 rows=12771310 loops=1)
        Buckets: 131072  Batches: 256  Memory Usage: 2962kB
        ->  Hash Join  (cost=101489.21..759659.70 rows=11830170 width=8) (actual time=4856.939..43320.531 rows=12771310 loops=1)
              Hash Cond: (mi.movie_id = t.id)
              ->  Seq Scan on movie_info mi  (cost=0.00..346232.03 rows=14483353 width=4) (actual time=0.012..22983.377 rows=14528932 loops=1)
                    Filter: (info_type_id < 106)
                    Rows Removed by Filter: 306788
              ->  Hash  (cost=67604.59..67604.59 rows=2065330 width=4) (actual time=4855.603..4855.603 rows=2064552 loops=1)
                    Buckets: 131072  Batches: 32  Memory Usage: 3298kB
                    ->  Seq Scan on title t  (cost=0.00..67604.59 rows=2065330 width=4) (actual time=0.019..3933.564 rows=2064552 loops=1)
                          Filter: (production_year < 2011)
                          Rows Removed by Filter: 463760
Planning time: 1.141 ms
Execution time: 292821.821 ms
