Seq Scan on movie_companies mc  (cost=0.00..57926.93 rows=53 width=0) (actual time=813.176..962.026 rows=1 loops=1)
  Filter: ((company_type_id > 1) AND (company_id = 18084))
  Rows Removed by Filter: 2609128
Planning time: 0.264 ms
Execution time: 962.122 ms
