Hash Join  (cost=193735.93..1329654.77 rows=9940468 width=0) (actual time=4286.760..40294.432 rows=12102638 loops=1)
  Hash Cond: (ci.movie_id = t.id)
  ->  Seq Scan on cast_info ci  (cost=0.00..614943.12 rows=36225612 width=4) (actual time=0.022..13630.581 rows=36244344 loops=1)
  ->  Hash  (cost=182351.94..182351.94 rows=693839 width=8) (actual time=4285.721..4285.721 rows=506196 loops=1)
        Buckets: 131072  Batches: 16  Memory Usage: 2254kB
        ->  Hash Join  (cost=98137.04..182351.94 rows=693839 width=8) (actual time=1898.780..4132.388 rows=506196 loops=1)
              Hash Cond: (mc.movie_id = t.id)
              ->  Seq Scan on movie_companies mc  (cost=0.00..57926.93 rows=942716 width=4) (actual time=0.026..1118.058 rows=1111026 loops=1)
                    Filter: ((company_id > 1479) AND (company_type_id = 2))
                    Rows Removed by Filter: 1498103
              ->  Hash  (cost=67604.59..67604.59 rows=1860996 width=4) (actual time=1897.480..1897.480 rows=1865487 loops=1)
                    Buckets: 131072  Batches: 32  Memory Usage: 3079kB
                    ->  Seq Scan on title t  (cost=0.00..67604.59 rows=1860996 width=4) (actual time=0.021..1281.378 rows=1865487 loops=1)
                          Filter: (kind_id > 1)
                          Rows Removed by Filter: 662825
Planning time: 1.138 ms
Execution time: 41663.399 ms
