Seq Scan on movie_keyword mk  (cost=0.00..81003.12 rows=2579568 width=0) (actual time=0.016..1528.650 rows=2567539 loops=1)
  Filter: (keyword_id > 3403)
  Rows Removed by Filter: 1956391
Planning time: 0.315 ms
Execution time: 1844.059 ms
