Hash Join  (cost=102767.86..1089912.30 rows=7530170 width=0) (actual time=3842.600..16040.584 rows=2076276 loops=1)
  Hash Cond: (ci.movie_id = t.id)
  ->  Seq Scan on cast_info ci  (cost=0.00..796071.18 rows=7530170 width=4) (actual time=1896.893..12074.253 rows=2076276 loops=1)
        Filter: ((person_id > 1448710) AND (role_id = 1))
        Rows Removed by Filter: 34168068
  ->  Hash  (cost=61283.27..61283.27 rows=2528527 width=4) (actual time=1943.837..1943.837 rows=2528312 loops=1)
        Buckets: 131072  Batches: 64  Memory Usage: 2415kB
        ->  Seq Scan on title t  (cost=0.00..61283.27 rows=2528527 width=4) (actual time=0.070..1096.475 rows=2528312 loops=1)
Planning time: 0.758 ms
Execution time: 16268.882 ms
