Seq Scan on cast_info ci  (cost=0.00..705507.15 rows=500 width=0) (actual time=4870.552..10222.600 rows=52 loops=1)
  Filter: (person_id = 3733198)
  Rows Removed by Filter: 36244292
Planning time: 0.280 ms
Execution time: 10222.675 ms
