Hash Join  (cost=102767.86..992688.96 rows=3489718 width=0) (actual time=1920.229..18230.563 rows=1511091 loops=1)
  Hash Cond: (ci.movie_id = t.id)
  ->  Seq Scan on cast_info ci  (cost=0.00..796071.18 rows=3489718 width=4) (actual time=0.040..14722.510 rows=1511091 loops=1)
        Filter: ((person_id < 2961888) AND (role_id = 10))
        Rows Removed by Filter: 34733253
  ->  Hash  (cost=61283.27..61283.27 rows=2528527 width=4) (actual time=1919.224..1919.224 rows=2528312 loops=1)
        Buckets: 131072  Batches: 64  Memory Usage: 2415kB
        ->  Seq Scan on title t  (cost=0.00..61283.27 rows=2528527 width=4) (actual time=0.015..1063.193 rows=2528312 loops=1)
Planning time: 0.770 ms
Execution time: 18405.630 ms
