Hash Join  (cost=147489.38..272099.18 rows=213976 width=0) (actual time=2828.342..5909.961 rows=834202 loops=1)
  Hash Cond: (mk.movie_id = t.id)
  ->  Seq Scan on movie_keyword mk  (cost=0.00..69693.30 rows=4523930 width=4) (actual time=0.020..1537.773 rows=4523930 loops=1)
  ->  Hash  (cost=145526.43..145526.43 rows=119596 width=8) (actual time=2827.389..2827.389 rows=43776 loops=1)
        Buckets: 131072  Batches: 2  Memory Usage: 1889kB
        ->  Hash Join  (cost=78556.72..145526.43 rows=119596 width=8) (actual time=1743.119..2810.717 rows=43776 loops=1)
              Hash Cond: (mc.movie_id = t.id)
              ->  Seq Scan on movie_companies mc  (cost=0.00..57926.93 rows=453016 width=4) (actual time=0.033..828.181 rows=258256 loops=1)
                    Filter: ((company_id < 2684) AND (company_type_id > 1))
                    Rows Removed by Filter: 2350873
              ->  Hash  (cost=67604.59..67604.59 rows=667531 width=4) (actual time=1742.207..1742.207 rows=662825 loops=1)
                    Buckets: 131072  Batches: 16  Memory Usage: 2476kB
                    ->  Seq Scan on title t  (cost=0.00..67604.59 rows=667531 width=4) (actual time=0.026..1192.739 rows=662825 loops=1)
                          Filter: (kind_id = 1)
                          Rows Removed by Filter: 1865487
Planning time: 1.190 ms
Execution time: 6012.924 ms
