Hash Join  (cost=301806.60..1804407.94 rows=36819517 width=0) (actual time=6276.101..42910.277 rows=20466642 loops=1)
  Hash Cond: (ci.movie_id = t.id)
  ->  Seq Scan on cast_info ci  (cost=0.00..614943.12 rows=36225612 width=4) (actual time=0.018..13837.893 rows=36244344 loops=1)
  ->  Hash  (cost=259642.84..259642.84 rows=2569981 width=8) (actual time=6273.686..6273.686 rows=597912 loops=1)
        Buckets: 131072  Batches: 64  Memory Usage: 1373kB
        ->  Hash Join  (cost=92883.59..259642.84 rows=2569981 width=8) (actual time=4134.707..6118.258 rows=597912 loops=1)
              Hash Cond: (mk.movie_id = t.id)
              ->  Seq Scan on movie_keyword mk  (cost=0.00..81003.12 rows=4217463 width=4) (actual time=0.032..1877.677 rows=4197002 loops=1)
                    Filter: (keyword_id > 263)
                    Rows Removed by Filter: 326928
              ->  Hash  (cost=67604.59..67604.59 rows=1540800 width=4) (actual time=2111.504..2111.504 rows=1543264 loops=1)
                    Buckets: 131072  Batches: 32  Memory Usage: 2728kB
                    ->  Seq Scan on title t  (cost=0.00..67604.59 rows=1540800 width=4) (actual time=0.025..1298.245 rows=1543264 loops=1)
                          Filter: (kind_id = 7)
                          Rows Removed by Filter: 985048
Planning time: 1.162 ms
Execution time: 45174.632 ms
