Hash Join  (cost=106311.64..489937.12 rows=1187307 width=0) (actual time=12000.220..22712.371 rows=1212962 loops=1)
  Hash Cond: (mi.movie_id = t.id)
  ->  Seq Scan on movie_info mi  (cost=0.00..346232.03 rows=1272478 width=4) (actual time=5755.459..14638.069 rows=1325361 loops=1)
        Filter: (info_type_id = 8)
        Rows Removed by Filter: 13510359
  ->  Hash  (cost=67604.59..67604.59 rows=2359284 width=4) (actual time=6243.821..6243.821 rows=2355024 loops=1)
        Buckets: 131072  Batches: 32  Memory Usage: 3624kB
        ->  Seq Scan on title t  (cost=0.00..67604.59 rows=2359284 width=4) (actual time=0.028..4913.144 rows=2355024 loops=1)
              Filter: (production_year > 1924)
              Rows Removed by Filter: 173288
Planning time: 0.694 ms
Execution time: 22925.445 ms
