Hash Join  (cost=68552.79..95605.18 rows=13829 width=0) (actual time=999.734..1603.293 rows=4791 loops=1)
  Hash Cond: (mi_idx.movie_id = t.id)
  ->  Seq Scan on movie_info_idx mi_idx  (cost=0.00..25185.44 rows=460978 width=4) (actual time=0.031..463.615 rows=459925 loops=1)
        Filter: (info_type_id < 100)
        Rows Removed by Filter: 920110
  ->  Hash  (cost=67604.59..67604.59 rows=75856 width=4) (actual time=998.963..998.963 rows=73352 loops=1)
        Buckets: 131072  Batches: 1  Memory Usage: 3603kB
        ->  Seq Scan on title t  (cost=0.00..67604.59 rows=75856 width=4) (actual time=0.013..971.935 rows=73352 loops=1)
              Filter: (production_year < 1917)
              Rows Removed by Filter: 2454960
Planning time: 0.745 ms
Execution time: 1604.333 ms
