Hash Join  (cost=76796.18..146636.11 rows=100195 width=0) (actual time=1150.512..2841.823 rows=68304 loops=1)
  Hash Cond: (mc.movie_id = t.id)
  ->  Seq Scan on movie_companies mc  (cost=0.00..51404.11 rows=1448498 width=4) (actual time=0.027..1015.675 rows=1439481 loops=1)
        Filter: (company_id < 12823)
        Rows Removed by Filter: 1169648
  ->  Hash  (cost=73925.90..73925.90 rows=174902 width=4) (actual time=1149.730..1149.730 rows=160286 loops=1)
        Buckets: 131072  Batches: 4  Memory Usage: 2435kB
        ->  Seq Scan on title t  (cost=0.00..73925.90 rows=174902 width=4) (actual time=0.024..1097.325 rows=160286 loops=1)
              Filter: ((production_year > 2008) AND (kind_id = 1))
              Rows Removed by Filter: 2368026
Planning time: 0.731 ms
Execution time: 2851.548 ms
