Hash Join  (cost=169105.31..920432.15 rows=53769 width=0) (actual time=2824.363..19527.617 rows=488523 loops=1)
  Hash Cond: (ci.movie_id = t.id)
  ->  Seq Scan on cast_info ci  (cost=0.00..614943.12 rows=36225612 width=4) (actual time=0.023..8848.107 rows=36244344 loops=1)
  ->  Hash  (cost=169058.39..169058.39 rows=3753 width=8) (actual time=2824.220..2824.220 rows=14565 loops=1)
        Buckets: 16384 (originally 4096)  Batches: 1 (originally 1)  Memory Usage: 697kB
        ->  Hash Join  (cost=73957.54..169058.39 rows=3753 width=8) (actual time=967.795..2819.586 rows=14565 loops=1)
              Hash Cond: (mk.movie_id = t.id)
              ->  Seq Scan on movie_keyword mk  (cost=0.00..81003.12 rows=3749386 width=4) (actual time=0.013..1352.007 rows=3746419 loops=1)
                    Filter: (keyword_id > 738)
                    Rows Removed by Filter: 777511
              ->  Hash  (cost=73925.90..73925.90 rows=2531 width=4) (actual time=967.345..967.345 rows=5237 loops=1)
                    Buckets: 8192 (originally 4096)  Batches: 1 (originally 1)  Memory Usage: 249kB
                    ->  Seq Scan on title t  (cost=0.00..73925.90 rows=2531 width=4) (actual time=0.057..964.921 rows=5237 loops=1)
                          Filter: ((kind_id < 4) AND (production_year = 1965))
                          Rows Removed by Filter: 2523075
Planning time: 1.191 ms
Execution time: 19592.384 ms
