Hash Join  (cost=797557.90..884219.09 rows=315 width=0) (actual time=10856.101..12509.367 rows=2263 loops=1)
  Hash Cond: (mk.movie_id = t.id)
  ->  Seq Scan on movie_keyword mk  (cost=0.00..69693.30 rows=4523930 width=4) (actual time=0.027..923.107 rows=4523930 loops=1)
  ->  Hash  (cost=797555.70..797555.70 rows=176 width=8) (actual time=10804.849..10804.849 rows=176 loops=1)
        Buckets: 1024  Batches: 1  Memory Usage: 15kB
        ->  Nested Loop  (cost=0.43..797555.70 rows=176 width=8) (actual time=8252.439..10804.739 rows=176 loops=1)
              ->  Seq Scan on cast_info ci  (cost=0.00..796071.18 rows=176 width=4) (actual time=8252.272..10787.832 rows=176 loops=1)
                    Filter: ((person_id = 7046) AND (role_id = 1))
                    Rows Removed by Filter: 36244168
              ->  Index Only Scan using title_pkey on title t  (cost=0.43..8.42 rows=1 width=4) (actual time=0.095..0.095 rows=1 loops=176)
                    Index Cond: (id = ci.movie_id)
                    Heap Fetches: 176
Planning time: 1.227 ms
Execution time: 12509.822 ms
