Seq Scan on movie_companies mc  (cost=0.00..57926.93 rows=728514 width=0) (actual time=0.015..914.147 rows=1003993 loops=1)
  Filter: ((company_id < 13485) AND (company_type_id < 2))
  Rows Removed by Filter: 1605136
Planning time: 0.365 ms
Execution time: 1028.381 ms
