Hash Join  (cost=67697.55..94648.62 rows=4059 width=0) (actual time=949.214..1515.586 rows=690 loops=1)
  Hash Cond: (mi_idx.movie_id = t.id)
  ->  Seq Scan on movie_info_idx mi_idx  (cost=0.00..21735.35 rows=1380035 width=4) (actual time=0.021..313.618 rows=1380035 loops=1)
  ->  Hash  (cost=67604.59..67604.59 rows=7437 width=4) (actual time=946.038..946.038 rows=5835 loops=1)
        Buckets: 8192  Batches: 1  Memory Usage: 270kB
        ->  Seq Scan on title t  (cost=0.00..67604.59 rows=7437 width=4) (actual time=0.027..943.467 rows=5835 loops=1)
              Filter: (production_year = 1916)
              Rows Removed by Filter: 2522477
Planning time: 0.851 ms
Execution time: 1515.863 ms
