Seq Scan on movie_companies mc  (cost=0.00..57926.93 rows=871888 width=0) (actual time=0.143..1018.359 rows=552118 loops=1)
  Filter: ((company_id < 21025) AND (company_type_id = 2))
  Rows Removed by Filter: 2057011
Planning time: 7.259 ms
Execution time: 1088.955 ms
