Seq Scan on cast_info ci  (cost=0.00..796071.18 rows=14850721 width=0) (actual time=1035.783..14604.039 rows=10104605 loops=1)
  Filter: ((person_id < 2325417) AND (role_id > 1))
  Rows Removed by Filter: 26139739
Planning time: 0.364 ms
Execution time: 15878.336 ms
