Hash Join  (cost=468948.29..539150.48 rows=245230 width=0) (actual time=8132.452..10324.910 rows=728335 loops=1)
  Hash Cond: (mc.movie_id = t.id)
  ->  Seq Scan on movie_companies mc  (cost=0.00..51404.11 rows=1245275 width=4) (actual time=0.026..1038.942 rows=1234155 loops=1)
        Filter: (company_id < 11145)
        Rows Removed by Filter: 1374974
  ->  Hash  (cost=460778.06..460778.06 rows=497938 width=8) (actual time=8131.486..8131.486 rows=534553 loops=1)
        Buckets: 131072  Batches: 8  Memory Usage: 3648kB
        ->  Hash Join  (cost=93117.31..460778.06 rows=497938 width=8) (actual time=6576.588..7967.967 rows=534553 loops=1)
              Hash Cond: (mi.movie_id = t.id)
              ->  Seq Scan on movie_info mi  (cost=0.00..346232.03 rows=809669 width=4) (actual time=4761.859..5281.506 rows=802140 loops=1)
                    Filter: (info_type_id = 1)
                    Rows Removed by Filter: 14033580
              ->  Hash  (cost=67604.59..67604.59 rows=1555018 width=4) (actual time=1813.619..1813.619 rows=1551727 loops=1)
                    Buckets: 131072  Batches: 32  Memory Usage: 2737kB
                    ->  Seq Scan on title t  (cost=0.00..67604.59 rows=1555018 width=4) (actual time=0.033..1297.384 rows=1551727 loops=1)
                          Filter: (production_year < 2007)
                          Rows Removed by Filter: 976585
Planning time: 1.121 ms
Execution time: 10415.925 ms
