Seq Scan on movie_keyword mk  (cost=0.00..81003.12 rows=1177800 width=0) (actual time=0.020..1382.123 rows=1183570 loops=1)
  Filter: (keyword_id < 1404)
  Rows Removed by Filter: 3340360
Planning time: 0.358 ms
Execution time: 1532.061 ms
