Seq Scan on cast_info ci  (cost=0.00..705507.15 rows=10590498 width=0) (actual time=1.432..11550.085 rows=10427850 loops=1)
  Filter: (person_id < 1023910)
  Rows Removed by Filter: 25816494
Planning time: 2.148 ms
Execution time: 12818.847 ms
