Seq Scan on cast_info ci  (cost=0.00..705507.15 rows=3517651 width=0) (actual time=0.069..11060.329 rows=3393830 loops=1)
  Filter: (person_id < 326280)
  Rows Removed by Filter: 32850514
Planning time: 0.307 ms
Execution time: 11487.270 ms
