Seq Scan on movie_keyword mk  (cost=0.00..81003.12 rows=578559 width=0) (actual time=0.024..1226.259 rows=583452 loops=1)
  Filter: (keyword_id < 414)
  Rows Removed by Filter: 3940478
Planning time: 0.323 ms
Execution time: 1297.588 ms
