Hash Join  (cost=52284.99..450757.83 rows=573 width=0) (actual time=788.044..9054.804 rows=2914 loops=1)
  Hash Cond: (mi.movie_id = t.id)
  ->  Seq Scan on movie_info mi  (cost=0.00..346232.03 rows=13929354 width=4) (actual time=11.923..6308.312 rows=14033580 loops=1)
        Filter: (info_type_id > 1)
        Rows Removed by Filter: 802140
  ->  Hash  (cost=52283.69..52283.69 rows=104 width=8) (actual time=772.032..772.032 rows=328 loops=1)
        Buckets: 1024  Batches: 1  Memory Usage: 21kB
        ->  Nested Loop  (cost=0.43..52283.69 rows=104 width=8) (actual time=19.722..771.779 rows=328 loops=1)
              ->  Seq Scan on movie_companies mc  (cost=0.00..51404.11 rows=104 width=4) (actual time=19.625..759.929 rows=328 loops=1)
                    Filter: (company_id = 2936)
                    Rows Removed by Filter: 2608801
              ->  Index Only Scan using title_pkey on title t  (cost=0.43..8.45 rows=1 width=4) (actual time=0.034..0.034 rows=1 loops=328)
                    Index Cond: (id = mc.movie_id)
                    Heap Fetches: 328
Planning time: 0.862 ms
Execution time: 9055.898 ms
