Hash Join  (cost=150729.99..596476.21 rows=1126976 width=0) (actual time=7063.314..31756.397 rows=3795664 loops=1)
  Hash Cond: (mi.movie_id = t.id)
  ->  Seq Scan on movie_info mi  (cost=0.00..346232.03 rows=7503588 width=4) (actual time=0.018..17910.583 rows=7548855 loops=1)
        Filter: (info_type_id > 7)
        Rows Removed by Filter: 7286865
  ->  Hash  (cost=144498.95..144498.95 rows=379763 width=8) (actual time=7062.622..7062.622 rows=416275 loops=1)
        Buckets: 131072  Batches: 8  Memory Usage: 3072kB
        ->  Hash Join  (cost=101489.21..144498.95 rows=379763 width=8) (actual time=4690.426..6918.558 rows=416275 loops=1)
              Hash Cond: (mi_idx.movie_id = t.id)
              ->  Seq Scan on movie_info_idx mi_idx  (cost=0.00..25185.44 rows=464934 width=4) (actual time=0.016..1433.589 rows=460185 loops=1)
                    Filter: (info_type_id > 100)
                    Rows Removed by Filter: 919850
              ->  Hash  (cost=67604.59..67604.59 rows=2065330 width=4) (actual time=4689.660..4689.660 rows=2064552 loops=1)
                    Buckets: 131072  Batches: 32  Memory Usage: 3289kB
                    ->  Seq Scan on title t  (cost=0.00..67604.59 rows=2065330 width=4) (actual time=0.013..3599.548 rows=2064552 loops=1)
                          Filter: (production_year < 2011)
                          Rows Removed by Filter: 463760
Planning time: 1.231 ms
Execution time: 32448.828 ms
