Hash Join  (cost=167068.47..299966.11 rows=894260 width=0) (actual time=4511.649..12967.836 rows=25548231 loops=1)
  Hash Cond: (mk.movie_id = t.id)
  ->  Seq Scan on movie_keyword mk  (cost=0.00..69693.30 rows=4523930 width=4) (actual time=0.013..1454.386 rows=4523930 loops=1)
  ->  Hash  (cost=158867.70..158867.70 rows=499822 width=8) (actual time=4510.933..4510.933 rows=957407 loops=1)
        Buckets: 131072 (originally 131072)  Batches: 16 (originally 8)  Memory Usage: 3430kB
        ->  Hash Join  (cost=83810.17..158867.70 rows=499822 width=8) (actual time=2534.372..4218.747 rows=957407 loops=1)
              Hash Cond: (mc.movie_id = t.id)
              ->  Seq Scan on movie_companies mc  (cost=0.00..51404.11 rows=1279517 width=4) (actual time=348.264..939.157 rows=1274246 loops=1)
                    Filter: (company_type_id = 1)
                    Rows Removed by Filter: 1334883
              ->  Hash  (cost=67604.59..67604.59 rows=987727 width=4) (actual time=2185.251..2185.251 rows=985048 loops=1)
                    Buckets: 131072  Batches: 16  Memory Usage: 3188kB
                    ->  Seq Scan on title t  (cost=0.00..67604.59 rows=987727 width=4) (actual time=0.021..1196.707 rows=985048 loops=1)
                          Filter: (kind_id < 7)
                          Rows Removed by Filter: 1543264
Planning time: 1.148 ms
Execution time: 15510.014 ms
