Hash Join  (cost=979013.01..1136117.33 rows=2419254 width=0) (actual time=18344.233..23448.673 rows=4027801 loops=1)
  Hash Cond: (mk.movie_id = t.id)
  ->  Seq Scan on movie_keyword mk  (cost=0.00..81003.12 rows=3521730 width=4) (actual time=0.032..1897.570 rows=3515245 loops=1)
        Filter: (keyword_id > 969)
        Rows Removed by Filter: 1008685
  ->  Hash  (cost=950514.85..950514.85 rows=1736973 width=8) (actual time=18343.303..18343.303 rows=1358375 loops=1)
        Buckets: 131072  Batches: 32  Memory Usage: 2688kB
        ->  Hash Join  (cost=102767.86..950514.85 rows=1736973 width=8) (actual time=5626.778..17934.994 rows=1358375 loops=1)
              Hash Cond: (ci.movie_id = t.id)
              ->  Seq Scan on cast_info ci  (cost=0.00..796071.18 rows=1736973 width=4) (actual time=3659.073..14125.638 rows=1358375 loops=1)
                    Filter: ((person_id < 2337671) AND (role_id = 4))
                    Rows Removed by Filter: 34885969
              ->  Hash  (cost=61283.27..61283.27 rows=2528527 width=4) (actual time=1965.785..1965.785 rows=2528312 loops=1)
                    Buckets: 131072  Batches: 64  Memory Usage: 2415kB
                    ->  Seq Scan on title t  (cost=0.00..61283.27 rows=2528527 width=4) (actual time=0.020..1123.646 rows=2528312 loops=1)
Planning time: 1.155 ms
Execution time: 23934.895 ms
