Hash Join  (cost=185898.83..1028295.96 rows=2554097 width=0) (actual time=4513.713..24188.211 rows=9636238 loops=1)
  Hash Cond: (ci.movie_id = t.id)
  ->  Seq Scan on cast_info ci  (cost=0.00..705507.15 rows=9397871 width=4) (actual time=0.006..11987.937 rows=9241008 loops=1)
        Filter: (person_id < 909363)
        Rows Removed by Filter: 27003336
  ->  Hash  (cost=174623.98..174623.98 rows=687188 width=8) (actual time=4512.887..4512.887 rows=1006660 loops=1)
        Buckets: 131072  Batches: 16  Memory Usage: 3456kB
        ->  Hash Join  (cost=85838.47..174623.98 rows=687188 width=8) (actual time=1569.763..4223.850 rows=1006660 loops=1)
              Hash Cond: (mc.movie_id = t.id)
              ->  Seq Scan on movie_companies mc  (cost=0.00..51404.11 rows=2393204 width=4) (actual time=0.016..1114.514 rows=2391823 loops=1)
                    Filter: (company_id < 108658)
                    Rows Removed by Filter: 217306
              ->  Hash  (cost=73925.90..73925.90 rows=726045 width=4) (actual time=1568.743..1568.743 rows=628133 loops=1)
                    Buckets: 131072  Batches: 16  Memory Usage: 2403kB
                    ->  Seq Scan on title t  (cost=0.00..73925.90 rows=726045 width=4) (actual time=0.015..1368.085 rows=628133 loops=1)
                          Filter: ((kind_id < 7) AND (production_year > 1985))
                          Rows Removed by Filter: 1900179
Planning time: 0.785 ms
Execution time: 25234.372 ms
