Seq Scan on movie_companies mc  (cost=0.00..57926.93 rows=1128412 width=0) (actual time=0.026..1071.615 rows=934978 loops=1)
  Filter: ((company_id < 82239) AND (company_type_id > 1))
  Rows Removed by Filter: 1674151
Planning time: 0.320 ms
Execution time: 1188.612 ms
