Seq Scan on movie_companies mc  (cost=0.00..57926.93 rows=554852 width=0) (actual time=0.026..1018.722 rows=763173 loops=1)
  Filter: ((company_id < 8142) AND (company_type_id < 2))
  Rows Removed by Filter: 1845956
Planning time: 0.346 ms
Execution time: 1121.842 ms
