Hash Join  (cost=83440.39..903372.18 rows=357420 width=0) (actual time=1416.921..15975.229 rows=221046 loops=1)
  Hash Cond: (ci.movie_id = t.id)
  ->  Seq Scan on cast_info ci  (cost=0.00..796071.18 rows=1558508 width=4) (actual time=0.024..13851.895 rows=1298289 loops=1)
        Filter: ((person_id < 2067160) AND (role_id = 4))
        Rows Removed by Filter: 34946055
  ->  Hash  (cost=73925.90..73925.90 rows=579879 width=4) (actual time=1415.945..1415.945 rows=492958 loops=1)
        Buckets: 131072  Batches: 8  Memory Usage: 3188kB
        ->  Seq Scan on title t  (cost=0.00..73925.90 rows=579879 width=4) (actual time=0.013..1257.948 rows=492958 loops=1)
              Filter: ((kind_id < 7) AND (production_year > 1998))
              Rows Removed by Filter: 2035354
Planning time: 0.781 ms
Execution time: 16000.742 ms
