Hash Join  (cost=78171.87..140397.21 rows=79767 width=0) (actual time=3298.874..6045.179 rows=54260 loops=1)
  Hash Cond: (mc.movie_id = t.id)
  ->  Seq Scan on movie_companies mc  (cost=0.00..51404.11 rows=779350 width=4) (actual time=0.024..2221.487 rows=769550 loops=1)
        Filter: (company_id < 1627)
        Rows Removed by Filter: 1839579
  ->  Hash  (cost=73925.90..73925.90 rows=258797 width=4) (actual time=3297.939..3297.939 rows=227847 loops=1)
        Buckets: 131072  Batches: 4  Memory Usage: 3032kB
        ->  Seq Scan on title t  (cost=0.00..73925.90 rows=258797 width=4) (actual time=0.020..3184.198 rows=227847 loops=1)
              Filter: ((kind_id < 7) AND (production_year > 2008))
              Rows Removed by Filter: 2300465
Planning time: 0.757 ms
Execution time: 6054.197 ms
