Hash Join  (cost=156487.41..1054278.91 rows=1360887 width=0) (actual time=3740.599..18604.429 rows=1360230 loops=1)
  Hash Cond: (ci.movie_id = t.id)
  ->  Seq Scan on cast_info ci  (cost=0.00..796071.18 rows=7464652 width=4) (actual time=9.885..12926.936 rows=3185549 loops=1)
        Filter: ((person_id < 1121975) AND (role_id > 1))
        Rows Removed by Filter: 33058795
  ->  Hash  (cost=148924.19..148924.19 rows=460978 width=8) (actual time=3729.656..3729.656 rows=459925 loops=1)
        Buckets: 131072  Batches: 8  Memory Usage: 3275kB
        ->  Hash Join  (cost=102767.86..148924.19 rows=460978 width=8) (actual time=2265.732..3590.935 rows=459925 loops=1)
              Hash Cond: (mi_idx.movie_id = t.id)
              ->  Seq Scan on movie_info_idx mi_idx  (cost=0.00..25185.44 rows=460978 width=4) (actual time=0.023..489.185 rows=459925 loops=1)
                    Filter: (info_type_id = 99)
                    Rows Removed by Filter: 920110
              ->  Hash  (cost=61283.27..61283.27 rows=2528527 width=4) (actual time=2264.064..2264.064 rows=2528312 loops=1)
                    Buckets: 131072  Batches: 64  Memory Usage: 2415kB
                    ->  Seq Scan on title t  (cost=0.00..61283.27 rows=2528527 width=4) (actual time=0.021..1076.819 rows=2528312 loops=1)
Planning time: 1.192 ms
Execution time: 18755.040 ms
