Hash Join  (cost=931007.07..1065947.97 rows=1061986 width=0) (actual time=12947.696..17370.131 rows=4543248 loops=1)
  Hash Cond: (mk.movie_id = t.id)
  ->  Seq Scan on movie_keyword mk  (cost=0.00..69693.30 rows=4523930 width=4) (actual time=0.020..1443.860 rows=4523930 loops=1)
  ->  Hash  (cost=921268.47..921268.47 rows=593568 width=8) (actual time=12946.877..12946.877 rows=258284 loops=1)
        Buckets: 131072  Batches: 8  Memory Usage: 2312kB
        ->  Hash Join  (cost=81976.40..921268.47 rows=593568 width=8) (actual time=2749.761..12863.549 rows=258284 loops=1)
              Hash Cond: (ci.movie_id = t.id)
              ->  Seq Scan on cast_info ci  (cost=0.00..796071.18 rows=3058721 width=4) (actual time=1350.631..10747.426 rows=1281143 loops=1)
                    Filter: ((person_id < 446041) AND (role_id > 1))
                    Rows Removed by Filter: 34963201
              ->  Hash  (cost=73925.90..73925.90 rows=490680 width=4) (actual time=1398.036..1398.036 rows=359870 loops=1)
                    Buckets: 131072  Batches: 8  Memory Usage: 2611kB
                    ->  Seq Scan on title t  (cost=0.00..73925.90 rows=490680 width=4) (actual time=228.481..1283.562 rows=359870 loops=1)
                          Filter: ((production_year > 1985) AND (kind_id = 1))
                          Rows Removed by Filter: 2168442
Planning time: 1.148 ms
Execution time: 17923.568 ms
