Nested Loop  (cost=44377.22..140822.17 rows=2798 width=0) (actual time=954.163..3137.546 rows=6073 loops=1)
  ->  Hash Join  (cost=44376.79..131862.54 rows=15240 width=8) (actual time=954.067..3068.536 rows=6073 loops=1)
        Hash Cond: (mk.movie_id = mi_idx.movie_id)
        ->  Seq Scan on movie_keyword mk  (cost=0.00..81003.12 rows=5127 width=4) (actual time=0.151..1164.612 rows=4676 loops=1)
              Filter: (keyword_id = 2849)
              Rows Removed by Filter: 4519254
        ->  Hash  (cost=21735.35..21735.35 rows=1380035 width=4) (actual time=888.650..888.650 rows=1380035 loops=1)
              Buckets: 131072  Batches: 32  Memory Usage: 2556kB
              ->  Seq Scan on movie_info_idx mi_idx  (cost=0.00..21735.35 rows=1380035 width=4) (actual time=0.028..448.265 rows=1380035 loops=1)
  ->  Index Only Scan using title_pkey on title t  (cost=0.43..0.58 rows=1 width=4) (actual time=0.011..0.011 rows=1 loops=6073)
        Index Cond: (id = mi_idx.movie_id)
        Heap Fetches: 6073
Planning time: 9.590 ms
Execution time: 3138.844 ms
