Hash Join  (cost=204820.49..251947.18 rows=549821 width=0) (actual time=4891.141..6461.772 rows=1449866 loops=1)
  Hash Cond: (mi_idx.movie_id = t.id)
  ->  Seq Scan on movie_info_idx mi_idx  (cost=0.00..21735.35 rows=1380035 width=4) (actual time=0.026..443.995 rows=1380035 loops=1)
  ->  Hash  (cost=188292.09..188292.09 rows=1007392 width=8) (actual time=4890.097..4890.097 rows=1015949 loops=1)
        Buckets: 131072  Batches: 16  Memory Usage: 3512kB
        ->  Hash Join  (cost=102767.86..188292.09 rows=1007392 width=8) (actual time=1883.631..4222.421 rows=1015949 loops=1)
              Hash Cond: (mc.movie_id = t.id)
              ->  Seq Scan on movie_companies mc  (cost=0.00..51404.11 rows=1007392 width=4) (actual time=0.014..898.224 rows=1015949 loops=1)
                    Filter: (company_id > 16138)
                    Rows Removed by Filter: 1593180
              ->  Hash  (cost=61283.27..61283.27 rows=2528527 width=4) (actual time=1882.722..1882.722 rows=2528312 loops=1)
                    Buckets: 131072  Batches: 64  Memory Usage: 2415kB
                    ->  Seq Scan on title t  (cost=0.00..61283.27 rows=2528527 width=4) (actual time=0.020..1045.494 rows=2528312 loops=1)
Planning time: 1.063 ms
Execution time: 6624.963 ms
