Hash Join  (cost=218767.82..815305.66 rows=9213301 width=0) (actual time=5231.761..29382.170 rows=36177749 loops=1)
  Hash Cond: (mi.movie_id = t.id)
  ->  Seq Scan on movie_info mi  (cost=0.00..309384.22 rows=14739122 width=4) (actual time=0.024..6386.314 rows=14835720 loops=1)
  ->  Hash  (cost=192835.81..192835.81 rows=1580561 width=8) (actual time=5230.146..5230.146 rows=1298117 loops=1)
        Buckets: 131072  Batches: 32  Memory Usage: 2643kB
        ->  Hash Join  (cost=92735.26..192835.81 rows=1580561 width=8) (actual time=1770.736..4803.987 rows=1298117 loops=1)
              Hash Cond: (mc.movie_id = t.id)
              ->  Seq Scan on movie_companies mc  (cost=0.00..44881.29 rows=2609129 width=4) (actual time=0.024..918.340 rows=2609129 loops=1)
              ->  Hash  (cost=67604.59..67604.59 rows=1531734 width=4) (actual time=1769.219..1769.219 rows=1531613 loops=1)
                    Buckets: 131072  Batches: 32  Memory Usage: 2708kB
                    ->  Seq Scan on title t  (cost=0.00..67604.59 rows=1531734 width=4) (actual time=0.014..1271.924 rows=1531613 loops=1)
                          Filter: (production_year > 1997)
                          Rows Removed by Filter: 996699
Planning time: 1.173 ms
Execution time: 33347.977 ms
