Seq Scan on movie_keyword mk  (cost=0.00..81003.12 rows=246 width=0) (actual time=69.259..1325.898 rows=318 loops=1)
  Filter: (keyword_id = 53103)
  Rows Removed by Filter: 4523612
Planning time: 0.352 ms
Execution time: 1326.133 ms
