Seq Scan on movie_companies mc  (cost=0.00..51404.11 rows=2036862 width=0) (actual time=0.027..1027.603 rows=2036772 loops=1)
  Filter: (company_id > 601)
  Rows Removed by Filter: 572357
Planning time: 0.315 ms
Execution time: 1288.629 ms
