Seq Scan on movie_keyword mk  (cost=0.00..81003.12 rows=689255 width=0) (actual time=0.023..1215.597 rows=695031 loops=1)
  Filter: (keyword_id > 27122)
  Rows Removed by Filter: 3828899
Planning time: 0.308 ms
Execution time: 1297.647 ms
