Hash Join  (cost=162093.18..888400.15 rows=80932 width=0) (actual time=3257.150..17088.145 rows=62254 loops=1)
  Hash Cond: (ci.movie_id = t.id)
  ->  Seq Scan on cast_info ci  (cost=0.00..705507.15 rows=3998100 width=4) (actual time=0.012..13073.826 rows=4008037 loops=1)
        Filter: (role_id = 3)
        Rows Removed by Filter: 32236307
  ->  Hash  (cost=161453.38..161453.38 rows=51184 width=8) (actual time=3253.574..3253.574 rows=11342 loops=1)
        Buckets: 65536  Batches: 1  Memory Usage: 956kB
        ->  Hash Join  (cost=74283.51..161453.38 rows=51184 width=8) (actual time=1541.719..3249.232 rows=11342 loops=1)
              Hash Cond: (mk.movie_id = t.id)
              ->  Seq Scan on movie_keyword mk  (cost=0.00..69693.30 rows=4523930 width=4) (actual time=0.021..1059.206 rows=4523930 loops=1)
              ->  Hash  (cost=73925.90..73925.90 rows=28608 width=4) (actual time=1281.221..1281.221 rows=32134 loops=1)
                    Buckets: 32768  Batches: 1  Memory Usage: 1386kB
                    ->  Seq Scan on title t  (cost=0.00..73925.90 rows=28608 width=4) (actual time=0.018..1267.631 rows=32134 loops=1)
                          Filter: ((kind_id = 7) AND (production_year = 1998))
                          Rows Removed by Filter: 2496178
Planning time: 1.163 ms
Execution time: 17096.468 ms
