Seq Scan on cast_info ci  (cost=0.00..796071.18 rows=19596703 width=0) (actual time=0.028..16295.650 rows=21408762 loops=1)
  Filter: ((person_id < 2278296) AND (role_id < 10))
  Rows Removed by Filter: 14835582
Planning time: 0.359 ms
Execution time: 18954.985 ms
