Hash Join  (cost=157491.49..909585.40 rows=130469 width=0) (actual time=2574.145..19898.410 rows=758759 loops=1)
  Hash Cond: (ci.movie_id = t.id)
  ->  Seq Scan on cast_info ci  (cost=0.00..614943.12 rows=36225612 width=4) (actual time=0.024..8654.493 rows=36244344 loops=1)
  ->  Hash  (cost=157377.65..157377.65 rows=9107 width=8) (actual time=2573.826..2573.826 rows=15270 loops=1)
        Buckets: 16384  Batches: 1  Memory Usage: 725kB
        ->  Hash Join  (cost=74547.77..157377.65 rows=9107 width=8) (actual time=1122.758..2567.501 rows=15270 loops=1)
              Hash Cond: (mk.movie_id = t.id)
              ->  Seq Scan on movie_keyword mk  (cost=0.00..81003.12 rows=462851 width=4) (actual time=0.026..1321.148 rows=472545 loops=1)
                    Filter: (keyword_id < 359)
                    Rows Removed by Filter: 4051385
              ->  Hash  (cost=73925.90..73925.90 rows=49749 width=4) (actual time=1122.380..1122.380 rows=44012 loops=1)
                    Buckets: 65536  Batches: 1  Memory Usage: 2060kB
                    ->  Seq Scan on title t  (cost=0.00..73925.90 rows=49749 width=4) (actual time=0.150..1103.835 rows=44012 loops=1)
                          Filter: ((kind_id < 7) AND (production_year = 2009))
                          Rows Removed by Filter: 2484300
Planning time: 2.540 ms
Execution time: 20001.689 ms
