Hash Join  (cost=83074.74..137742.81 rows=254 width=0) (actual time=1288.604..2364.660 rows=157 loops=1)
  Hash Cond: (mc.movie_id = t.id)
  ->  Seq Scan on movie_companies mc  (cost=0.00..44881.29 rows=2609129 width=4) (actual time=0.027..643.056 rows=2609129 loops=1)
  ->  Hash  (cost=83071.67..83071.67 rows=246 width=8) (actual time=1275.496..1275.496 rows=19 loops=1)
        Buckets: 1024  Batches: 1  Memory Usage: 9kB
        ->  Nested Loop  (cost=0.43..83071.67 rows=246 width=8) (actual time=185.409..1275.468 rows=19 loops=1)
              ->  Seq Scan on movie_keyword mk  (cost=0.00..81003.12 rows=246 width=4) (actual time=185.339..1274.634 rows=19 loops=1)
                    Filter: (keyword_id = 12379)
                    Rows Removed by Filter: 4523911
              ->  Index Only Scan using title_pkey on title t  (cost=0.43..8.40 rows=1 width=4) (actual time=0.038..0.039 rows=1 loops=19)
                    Index Cond: (id = mk.movie_id)
                    Heap Fetches: 19
Planning time: 2.466 ms
Execution time: 2364.786 ms
