Hash Join  (cost=74434.21..166266.03 rows=44530 width=0) (actual time=1487.104..3362.320 rows=4673 loops=1)
  Hash Cond: (mk.movie_id = t.id)
  ->  Seq Scan on movie_keyword mk  (cost=0.00..81003.12 rows=2768906 width=4) (actual time=0.018..1642.016 rows=2766419 loops=1)
        Filter: (keyword_id < 7883)
        Rows Removed by Filter: 1757511
  ->  Hash  (cost=73925.90..73925.90 rows=40664 width=4) (actual time=1243.952..1243.952 rows=40257 loops=1)
        Buckets: 65536  Batches: 1  Memory Usage: 1928kB
        ->  Seq Scan on title t  (cost=0.00..73925.90 rows=40664 width=4) (actual time=286.511..1226.844 rows=40257 loops=1)
              Filter: ((production_year > 2012) AND (kind_id = 7))
              Rows Removed by Filter: 2488055
Planning time: 0.798 ms
Execution time: 3363.087 ms
