Hash Join  (cost=78852.26..454239.24 rows=260615 width=0) (actual time=3066.451..7996.792 rows=92698 loops=1)
  Hash Cond: (mi.movie_id = t.id)
  ->  Seq Scan on movie_info mi  (cost=0.00..346232.03 rows=2194617 width=4) (actual time=1796.326..5783.370 rows=2233850 loops=1)
        Filter: (info_type_id > 16)
        Rows Removed by Filter: 12601870
  ->  Hash  (cost=73925.90..73925.90 rows=300268 width=4) (actual time=1257.103..1257.103 rows=169878 loops=1)
        Buckets: 131072  Batches: 4  Memory Usage: 2522kB
        ->  Seq Scan on title t  (cost=0.00..73925.90 rows=300268 width=4) (actual time=0.816..1198.917 rows=169878 loops=1)
              Filter: ((kind_id > 3) AND (production_year < 1976))
              Rows Removed by Filter: 2358434
Planning time: 0.789 ms
Execution time: 8009.006 ms
