Hash Join  (cost=940112.97..1555349.01 rows=2332370 width=0) (actual time=24882.630..39848.520 rows=8736366 loops=1)
  Hash Cond: (mi.movie_id = t.id)
  ->  Seq Scan on movie_info mi  (cost=0.00..309384.22 rows=14739122 width=4) (actual time=0.015..5927.826 rows=14835720 loops=1)
  ->  Hash  (cost=933548.43..933548.43 rows=400123 width=8) (actual time=24881.465..24881.465 rows=500803 loops=1)
        Buckets: 131072  Batches: 8  Memory Usage: 3462kB
        ->  Hash Join  (cost=68332.59..933548.43 rows=400123 width=8) (actual time=3663.549..23715.589 rows=500803 loops=1)
              Hash Cond: (ci.movie_id = t.id)
              ->  Seq Scan on cast_info ci  (cost=0.00..796071.18 rows=17371583 width=4) (actual time=2655.337..16295.147 rows=20967144 loops=1)
                    Filter: ((person_id > 913756) AND (role_id > 1))
                    Rows Removed by Filter: 15277200
              ->  Hash  (cost=67604.59..67604.59 rows=58240 width=4) (actual time=1007.688..1007.688 rows=58590 loops=1)
                    Buckets: 65536  Batches: 1  Memory Usage: 2572kB
                    ->  Seq Scan on title t  (cost=0.00..67604.59 rows=58240 width=4) (actual time=0.024..984.529 rows=58590 loops=1)
                          Filter: (production_year = 2001)
                          Rows Removed by Filter: 2469722
Planning time: 1.311 ms
Execution time: 40815.715 ms
