Hash Join  (cost=365418.15..1374823.03 rows=10160368 width=0) (actual time=19902.534..38343.954 rows=35805959 loops=1)
  Hash Cond: (ci.movie_id = t.id)
  ->  Seq Scan on cast_info ci  (cost=0.00..796071.18 rows=5678860 width=4) (actual time=10183.566..15606.221 rows=7451973 loops=1)
        Filter: ((person_id < 2879315) AND (role_id = 2))
        Rows Removed by Filter: 28792371
  ->  Hash  (cost=291197.02..291197.02 rows=4523930 width=8) (actual time=9717.613..9717.613 rows=4523930 loops=1)
        Buckets: 131072  Batches: 64  Memory Usage: 3816kB
        ->  Hash Join  (cost=102767.86..291197.02 rows=4523930 width=8) (actual time=2057.694..8423.675 rows=4523930 loops=1)
              Hash Cond: (mk.movie_id = t.id)
              ->  Seq Scan on movie_keyword mk  (cost=0.00..69693.30 rows=4523930 width=4) (actual time=0.028..1378.321 rows=4523930 loops=1)
              ->  Hash  (cost=61283.27..61283.27 rows=2528527 width=4) (actual time=2056.258..2056.258 rows=2528312 loops=1)
                    Buckets: 131072  Batches: 64  Memory Usage: 2425kB
                    ->  Seq Scan on title t  (cost=0.00..61283.27 rows=2528527 width=4) (actual time=0.020..1193.611 rows=2528312 loops=1)
Planning time: 1.175 ms
Execution time: 42408.578 ms
