Seq Scan on movie_keyword mk  (cost=0.00..81003.12 rows=983363 width=0) (actual time=0.019..1437.153 rows=992704 loops=1)
  Filter: (keyword_id < 934)
  Rows Removed by Filter: 3531226
Planning time: 0.707 ms
Execution time: 1563.304 ms
