Seq Scan on movie_companies mc  (cost=0.00..57926.93 rows=51 width=0) (actual time=24.950..850.609 rows=370 loops=1)
  Filter: ((company_id = 684) AND (company_type_id = 1))
  Rows Removed by Filter: 2608759
Planning time: 0.410 ms
Execution time: 850.851 ms
