Nested Loop  (cost=0.43..65411.81 rows=96 width=0) (actual time=256.753..1137.395 rows=469 loops=1)
  ->  Seq Scan on movie_companies mc  (cost=0.00..57926.93 rows=910 width=4) (actual time=27.813..989.364 rows=3969 loops=1)
        Filter: ((company_id < 6) AND (company_type_id < 2))
        Rows Removed by Filter: 2605160
  ->  Index Scan using title_pkey on title t  (cost=0.43..8.22 rows=1 width=4) (actual time=0.037..0.037 rows=0 loops=3969)
        Index Cond: (id = mc.movie_id)
        Filter: ((production_year > 2005) AND (kind_id = 1))
        Rows Removed by Filter: 1
Planning time: 1.019 ms
Execution time: 1137.681 ms
