Hash Join  (cost=262421.69..911838.49 rows=14169097 width=0) (actual time=6215.306..36201.764 rows=64242750 loops=1)
  Hash Cond: (mi.movie_id = t.id)
  ->  Seq Scan on movie_info mi  (cost=0.00..309384.22 rows=14739122 width=4) (actual time=0.012..6253.614 rows=14835720 loops=1)
  ->  Hash  (cost=222541.46..222541.46 rows=2430738 width=8) (actual time=6214.343..6214.343 rows=2429989 loops=1)
        Buckets: 131072  Batches: 32  Memory Usage: 4031kB
        ->  Hash Join  (cost=102767.86..222541.46 rows=2430738 width=8) (actual time=1916.508..5509.260 rows=2429989 loops=1)
              Hash Cond: (mc.movie_id = t.id)
              ->  Seq Scan on movie_companies mc  (cost=0.00..51404.11 rows=2430738 width=4) (actual time=0.020..1199.207 rows=2429989 loops=1)
                    Filter: (company_id < 120642)
                    Rows Removed by Filter: 179140
              ->  Hash  (cost=61283.27..61283.27 rows=2528527 width=4) (actual time=1914.405..1914.405 rows=2528312 loops=1)
                    Buckets: 131072  Batches: 64  Memory Usage: 2415kB
                    ->  Seq Scan on title t  (cost=0.00..61283.27 rows=2528527 width=4) (actual time=0.029..1064.106 rows=2528312 loops=1)
Planning time: 1.121 ms
Execution time: 43253.232 ms
