Hash Join  (cost=585495.18..1646989.66 rows=10676345 width=0) (actual time=15083.108..64364.231 rows=104746275 loops=1)
  Hash Cond: (ci.movie_id = t.id)
  ->  Seq Scan on cast_info ci  (cost=0.00..796071.18 rows=10573093 width=4) (actual time=0.016..16127.256 rows=16438162 loops=1)
        Filter: ((person_id > 1987090) AND (role_id > 1))
        Rows Removed by Filter: 19806182
  ->  Hash  (cost=543605.93..543605.93 rows=2553220 width=8) (actual time=15080.956..15080.956 rows=4583996 loops=1)
        Buckets: 131072  Batches: 64  Memory Usage: 3795kB
        ->  Hash Join  (cost=81720.25..543605.93 rows=2553220 width=8) (actual time=1861.462..13733.553 rows=4583996 loops=1)
              Hash Cond: (mi.movie_id = t.id)
              ->  Seq Scan on movie_info mi  (cost=0.00..346232.03 rows=7503588 width=4) (actual time=0.024..6686.741 rows=7548855 loops=1)
                    Filter: (info_type_id > 7)
                    Rows Removed by Filter: 7286865
              ->  Hash  (cost=67604.59..67604.59 rows=860373 width=4) (actual time=1860.372..1860.372 rows=854214 loops=1)
                    Buckets: 131072  Batches: 16  Memory Usage: 2906kB
                    ->  Seq Scan on title t  (cost=0.00..67604.59 rows=860373 width=4) (actual time=0.011..1317.406 rows=854214 loops=1)
                          Filter: (kind_id < 4)
                          Rows Removed by Filter: 1674098
Planning time: 3.097 ms
Execution time: 74994.354 ms
