Seq Scan on movie_keyword mk  (cost=0.00..81003.12 rows=246 width=0) (actual time=267.913..1283.676 rows=25 loops=1)
  Filter: (keyword_id = 25373)
  Rows Removed by Filter: 4523905
Planning time: 0.274 ms
Execution time: 1283.773 ms
