Hash Join  (cost=137021.19..224803.79 rows=112456 width=0) (actual time=2965.750..5149.801 rows=1077104 loops=1)
  Hash Cond: (mk.movie_id = t.id)
  ->  Seq Scan on movie_keyword mk  (cost=0.00..69693.30 rows=4523930 width=4) (actual time=0.007..786.657 rows=4523930 loops=1)
  ->  Hash  (cost=136235.52..136235.52 rows=62854 width=8) (actual time=2965.110..2965.110 rows=78946 loops=1)
        Buckets: 131072 (originally 65536)  Batches: 2 (originally 1)  Memory Usage: 3073kB
        ->  Hash Join  (cost=74710.74..136235.52 rows=62854 width=8) (actual time=1231.788..2929.957 rows=78946 loops=1)
              Hash Cond: (mc.movie_id = t.id)
              ->  Seq Scan on movie_companies mc  (cost=0.00..51404.11 rows=2531233 width=4) (actual time=0.025..1006.201 rows=2528534 loops=1)
                    Filter: (company_id > 11)
                    Rows Removed by Filter: 80595
              ->  Hash  (cost=73925.90..73925.90 rows=62787 width=4) (actual time=1231.123..1231.123 rows=53770 loops=1)
                    Buckets: 65536  Batches: 1  Memory Usage: 2403kB
                    ->  Seq Scan on title t  (cost=0.00..73925.90 rows=62787 width=4) (actual time=0.052..1208.633 rows=53770 loops=1)
                          Filter: ((kind_id < 7) AND (production_year = 2011))
                          Rows Removed by Filter: 2474542
Planning time: 1.176 ms
Execution time: 5264.603 ms
