Seq Scan on cast_info ci  (cost=0.00..705507.15 rows=1767774 width=0) (actual time=209.138..11682.617 rows=1697297 loops=1)
  Filter: (person_id < 168747)
  Rows Removed by Filter: 34547047
Planning time: 0.326 ms
Execution time: 11896.078 ms
