Nested Loop  (cost=0.43..83072.29 rows=86 width=0) (actual time=0.153..1315.979 rows=1227 loops=1)
  ->  Seq Scan on movie_keyword mk  (cost=0.00..81003.12 rows=246 width=4) (actual time=0.063..1209.968 rows=2295 loops=1)
        Filter: (keyword_id = 5300)
        Rows Removed by Filter: 4521635
  ->  Index Scan using title_pkey on title t  (cost=0.43..8.40 rows=1 width=4) (actual time=0.045..0.045 rows=1 loops=2295)
        Index Cond: (id = mk.movie_id)
        Filter: (production_year < 1997)
        Rows Removed by Filter: 0
Planning time: 0.775 ms
Execution time: 1316.571 ms
