Nested Loop  (cost=0.43..83072.29 rows=123 width=0) (actual time=23.666..1170.469 rows=11 loops=1)
  ->  Seq Scan on movie_keyword mk  (cost=0.00..81003.12 rows=246 width=4) (actual time=19.849..1168.473 rows=36 loops=1)
        Filter: (keyword_id = 37812)
        Rows Removed by Filter: 4523894
  ->  Index Scan using title_pkey on title t  (cost=0.43..8.40 rows=1 width=4) (actual time=0.049..0.050 rows=0 loops=36)
        Index Cond: (id = mk.movie_id)
        Filter: (production_year > 2002)
        Rows Removed by Filter: 1
Planning time: 0.719 ms
Execution time: 1170.591 ms
