Seq Scan on cast_info ci  (cost=0.00..796071.18 rows=24 width=0) (actual time=10347.239..10770.321 rows=1 loops=1)
  Filter: ((person_id = 520046) AND (role_id = 8))
  Rows Removed by Filter: 36244343
Planning time: 1.971 ms
Execution time: 10770.464 ms
