Hash Join  (cost=83073.21..434361.14 rows=39 width=0) (actual time=16901.999..21314.625 rows=1813 loops=1)
  Hash Cond: (mi.movie_id = t.id)
  ->  Seq Scan on movie_info mi  (cost=0.00..346232.03 rows=1348138 width=4) (actual time=12843.341..16963.801 rows=1298989 loops=1)
        Filter: (info_type_id = 4)
        Rows Removed by Filter: 13536731
  ->  Hash  (cost=83072.29..83072.29 rows=74 width=8) (actual time=4052.927..4052.927 rows=2080 loops=1)
        Buckets: 4096 (originally 1024)  Batches: 1 (originally 1)  Memory Usage: 114kB
        ->  Nested Loop  (cost=0.43..83072.29 rows=74 width=8) (actual time=0.876..4051.495 rows=2080 loops=1)
              ->  Seq Scan on movie_keyword mk  (cost=0.00..81003.12 rows=246 width=4) (actual time=0.764..3723.819 rows=2216 loops=1)
                    Filter: (keyword_id = 8717)
                    Rows Removed by Filter: 4521714
              ->  Index Scan using title_pkey on title t  (cost=0.43..8.40 rows=1 width=4) (actual time=0.146..0.147 rows=1 loops=2216)
                    Index Cond: (id = mk.movie_id)
                    Filter: (kind_id < 3)
                    Rows Removed by Filter: 0
Planning time: 2.325 ms
Execution time: 21315.191 ms
