Hash Join  (cost=116625.88..245227.39 rows=269204 width=0) (actual time=2451.675..5957.547 rows=1782874 loops=1)
  Hash Cond: (mk.movie_id = t.id)
  ->  Seq Scan on movie_keyword mk  (cost=0.00..81003.12 rows=3823558 width=4) (actual time=0.021..1719.120 rows=3824547 loops=1)
        Filter: (keyword_id > 583)
        Rows Removed by Filter: 699383
  ->  Hash  (cost=113704.57..113704.57 rows=178025 width=8) (actual time=2450.970..2450.970 rows=189650 loops=1)
        Buckets: 131072  Batches: 4  Memory Usage: 2879kB
        ->  Hash Join  (cost=72956.84..113704.57 rows=178025 width=8) (actual time=1253.874..2393.864 rows=189650 loops=1)
              Hash Cond: (mi_idx.movie_id = t.id)
              ->  Seq Scan on movie_info_idx mi_idx  (cost=0.00..21735.35 rows=1380035 width=4) (actual time=0.016..465.035 rows=1380035 loops=1)
              ->  Hash  (cost=67604.59..67604.59 rows=326180 width=4) (actual time=1250.399..1250.399 rows=323245 loops=1)
                    Buckets: 131072  Batches: 8  Memory Usage: 2437kB
                    ->  Seq Scan on title t  (cost=0.00..67604.59 rows=326180 width=4) (actual time=0.022..1144.205 rows=323245 loops=1)
                          Filter: (production_year < 1967)
                          Rows Removed by Filter: 2205067
Planning time: 2.163 ms
Execution time: 6157.227 ms
