Hash Join  (cost=58358.64..151511.37 rows=26 width=0) (actual time=891.350..2908.449 rows=58379 loops=1)
  Hash Cond: (mk.movie_id = t.id)
  ->  Seq Scan on movie_keyword mk  (cost=0.00..81003.12 rows=3239825 width=4) (actual time=0.009..1534.477 rows=3224947 loops=1)
        Filter: (keyword_id > 1684)
        Rows Removed by Filter: 1298983
  ->  Hash  (cost=58358.39..58358.39 rows=20 width=8) (actual time=890.155..890.155 rows=714 loops=1)
        Buckets: 1024  Batches: 1  Memory Usage: 36kB
        ->  Nested Loop  (cost=0.43..58358.39 rows=20 width=8) (actual time=0.134..889.669 rows=714 loops=1)
              ->  Seq Scan on movie_companies mc  (cost=0.00..57926.93 rows=51 width=4) (actual time=0.096..840.973 rows=714 loops=1)
                    Filter: ((company_id = 12199) AND (company_type_id = 1))
                    Rows Removed by Filter: 2608415
              ->  Index Scan using title_pkey on title t  (cost=0.43..8.45 rows=1 width=4) (actual time=0.067..0.067 rows=1 loops=714)
                    Index Cond: (id = mc.movie_id)
                    Filter: (kind_id < 7)
Planning time: 1.130 ms
Execution time: 2915.994 ms
