Hash Join  (cost=797490.14..824401.54 rows=92 width=0) (actual time=13697.765..14124.034 rows=39 loops=1)
  Hash Cond: (mi_idx.movie_id = t.id)
  ->  Seq Scan on movie_info_idx mi_idx  (cost=0.00..21735.35 rows=1380035 width=4) (actual time=0.012..315.757 rows=1380035 loops=1)
  ->  Hash  (cost=797488.04..797488.04 rows=168 width=8) (actual time=13568.323..13568.323 rows=13 loops=1)
        Buckets: 1024  Batches: 1  Memory Usage: 9kB
        ->  Nested Loop  (cost=0.43..797488.04 rows=168 width=8) (actual time=8693.099..13568.276 rows=13 loops=1)
              ->  Seq Scan on cast_info ci  (cost=0.00..796071.18 rows=168 width=4) (actual time=8692.922..13567.747 rows=13 loops=1)
                    Filter: ((role_id > 3) AND (person_id = 2909982))
                    Rows Removed by Filter: 36244331
              ->  Index Only Scan using title_pkey on title t  (cost=0.43..8.42 rows=1 width=4) (actual time=0.033..0.034 rows=1 loops=13)
                    Index Cond: (id = ci.movie_id)
                    Heap Fetches: 13
Planning time: 1.196 ms
Execution time: 14124.180 ms
