Seq Scan on movie_companies mc  (cost=0.00..57926.93 rows=2792 width=0) (actual time=82.784..759.979 rows=10 loops=1)
  Filter: ((company_id = 49) AND (company_type_id = 2))
  Rows Removed by Filter: 2609119
Planning time: 4.527 ms
Execution time: 760.080 ms
