Hash Join  (cost=102767.86..234729.55 rows=1707235 width=0) (actual time=1969.181..5141.012 rows=1713900 loops=1)
  Hash Cond: (mk.movie_id = t.id)
  ->  Seq Scan on movie_keyword mk  (cost=0.00..81003.12 rows=1707235 width=4) (actual time=0.026..1539.277 rows=1713900 loops=1)
        Filter: (keyword_id > 8315)
        Rows Removed by Filter: 2810030
  ->  Hash  (cost=61283.27..61283.27 rows=2528527 width=4) (actual time=1967.493..1967.493 rows=2528312 loops=1)
        Buckets: 131072  Batches: 64  Memory Usage: 2425kB
        ->  Seq Scan on title t  (cost=0.00..61283.27 rows=2528527 width=4) (actual time=0.027..1102.626 rows=2528312 loops=1)
Planning time: 19.898 ms
Execution time: 5333.433 ms
