Hash Join  (cost=73950.44..167011.87 rows=2491 width=0) (actual time=998.132..2872.133 rows=19293 loops=1)
  Hash Cond: (mk.movie_id = t.id)
  ->  Seq Scan on movie_keyword mk  (cost=0.00..81003.12 rows=3208905 width=4) (actual time=0.027..1400.746 rows=3196621 loops=1)
        Filter: (keyword_id < 13009)
        Rows Removed by Filter: 1327309
  ->  Hash  (cost=73925.90..73925.90 rows=1963 width=4) (actual time=997.399..997.399 rows=4455 loops=1)
        Buckets: 8192 (originally 2048)  Batches: 1 (originally 1)  Memory Usage: 221kB
        ->  Seq Scan on title t  (cost=0.00..73925.90 rows=1963 width=4) (actual time=55.563..995.234 rows=4455 loops=1)
              Filter: ((kind_id = 1) AND (production_year = 1983))
              Rows Removed by Filter: 2523857
Planning time: 0.798 ms
Execution time: 2874.828 ms
