Seq Scan on cast_info ci  (cost=0.00..796071.18 rows=176 width=0) (actual time=9385.487..11100.795 rows=21 loops=1)
  Filter: ((person_id = 437231) AND (role_id = 1))
  Rows Removed by Filter: 36244323
Planning time: 0.361 ms
Execution time: 11100.923 ms
