Seq Scan on cast_info ci  (cost=0.00..796071.18 rows=176 width=0) (actual time=1862.458..40624.937 rows=278 loops=1)
  Filter: ((role_id < 2) AND (person_id = 1357752))
  Rows Removed by Filter: 36244066
Planning time: 0.448 ms
Execution time: 40625.094 ms
