Nested Loop  (cost=0.43..709673.15 rows=305 width=0) (actual time=1767.397..10647.778 rows=1 loops=1)
  ->  Seq Scan on cast_info ci  (cost=0.00..705507.15 rows=500 width=4) (actual time=1767.350..10647.521 rows=6 loops=1)
        Filter: (person_id = 499234)
        Rows Removed by Filter: 36244338
  ->  Index Scan using title_pkey on title t  (cost=0.43..8.32 rows=1 width=4) (actual time=0.035..0.036 rows=0 loops=6)
        Index Cond: (id = ci.movie_id)
        Filter: (kind_id = 7)
        Rows Removed by Filter: 1
Planning time: 0.710 ms
Execution time: 10647.905 ms
