Hash Join  (cost=709678.15..765882.98 rows=253 width=0) (actual time=10717.062..11819.742 rows=227 loops=1)
  Hash Cond: (mc.movie_id = t.id)
  ->  Seq Scan on movie_companies mc  (cost=0.00..51404.11 rows=1279517 width=4) (actual time=0.017..927.376 rows=1274246 loops=1)
        Filter: (company_type_id = 1)
        Rows Removed by Filter: 1334883
  ->  Hash  (cost=709671.90..709671.90 rows=500 width=8) (actual time=10715.886..10715.886 rows=118 loops=1)
        Buckets: 1024  Batches: 1  Memory Usage: 13kB
        ->  Nested Loop  (cost=0.43..709671.90 rows=500 width=8) (actual time=7052.391..10715.792 rows=118 loops=1)
              ->  Seq Scan on cast_info ci  (cost=0.00..705507.15 rows=500 width=4) (actual time=7052.285..10713.006 rows=118 loops=1)
                    Filter: (person_id = 2846790)
                    Rows Removed by Filter: 36244226
              ->  Index Only Scan using title_pkey on title t  (cost=0.43..8.32 rows=1 width=4) (actual time=0.022..0.022 rows=1 loops=118)
                    Index Cond: (id = ci.movie_id)
                    Heap Fetches: 118
Planning time: 0.770 ms
Execution time: 11819.900 ms
