Seq Scan on movie_companies mc  (cost=0.00..51404.11 rows=104 width=0) (actual time=236.272..883.282 rows=14 loops=1)
  Filter: (company_id = 46035)
  Rows Removed by Filter: 2609115
Planning time: 0.355 ms
Execution time: 883.369 ms
