Seq Scan on cast_info ci  (cost=0.00..796071.18 rows=435 width=0) (actual time=7187.287..13714.335 rows=357 loops=1)
  Filter: ((role_id < 10) AND (person_id = 1794893))
  Rows Removed by Filter: 36243987
Planning time: 0.342 ms
Execution time: 13714.478 ms
