Hash Join  (cost=58358.90..922186.17 rows=364 width=176) (actual time=1515.223..21817.900 rows=58 loops=1)
  Hash Cond: (ci.movie_id = t.id)
  ->  Seq Scan on cast_info ci  (cost=0.00..796071.18 rows=18067319 width=42) (actual time=0.028..18534.712 rows=17060949 loops=1)
        Filter: ((person_id > 871358) AND (role_id < 4))
        Rows Removed by Filter: 19183395
  ->  Hash  (cost=58358.27..58358.27 rows=51 width=134) (actual time=1116.458..1116.458 rows=7 loops=1)
        Buckets: 1024  Batches: 1  Memory Usage: 10kB
        ->  Nested Loop  (cost=0.43..58358.27 rows=51 width=134) (actual time=731.143..1116.436 rows=7 loops=1)
              ->  Seq Scan on movie_companies mc  (cost=0.00..57926.93 rows=51 width=40) (actual time=731.089..1114.967 rows=7 loops=1)
                    Filter: ((company_type_id < 2) AND (company_id = 13745))
                    Rows Removed by Filter: 2609122
              ->  Index Scan using title_pkey on title t  (cost=0.43..8.45 rows=1 width=94) (actual time=0.199..0.200 rows=1 loops=7)
                    Index Cond: (id = mc.movie_id)
Planning time: 6.333 ms
Execution time: 21818.077 ms
