Seq Scan on movie_companies mc  (cost=0.00..57926.93 rows=53 width=0) (actual time=445.997..819.832 rows=231 loops=1)
  Filter: ((company_id = 78405) AND (company_type_id = 2))
  Rows Removed by Filter: 2608898
Planning time: 0.342 ms
Execution time: 819.941 ms
