Seq Scan on cast_info ci  (cost=0.00..796071.18 rows=16804 width=0) (actual time=8251.726..10476.044 rows=174649 loops=1)
  Filter: ((person_id > 3711522) AND (role_id > 10))
  Rows Removed by Filter: 36069695
Planning time: 0.313 ms
Execution time: 10497.193 ms
