Hash Join  (cost=75903.53..114724.85 rows=65784 width=0) (actual time=1203.508..2161.003 rows=180259 loops=1)
  Hash Cond: (mi_idx.movie_id = t.id)
  ->  Seq Scan on movie_info_idx mi_idx  (cost=0.00..21735.35 rows=1380035 width=4) (actual time=0.023..408.078 rows=1380035 loops=1)
  ->  Hash  (cost=73925.90..73925.90 rows=120530 width=4) (actual time=1202.335..1202.335 rows=244583 loops=1)
        Buckets: 131072 (originally 131072)  Batches: 4 (originally 2)  Memory Usage: 3177kB
        ->  Seq Scan on title t  (cost=0.00..73925.90 rows=120530 width=4) (actual time=0.038..1114.316 rows=244583 loops=1)
              Filter: ((kind_id < 3) AND (production_year < 1972))
              Rows Removed by Filter: 2283729
Planning time: 1.445 ms
Execution time: 2177.724 ms
