Hash Join  (cost=162540.23..1019186.43 rows=302033 width=0) (actual time=3051.896..18525.148 rows=92570 loops=1)
  Hash Cond: (ci.movie_id = t.id)
  ->  Seq Scan on cast_info ci  (cost=0.00..796071.18 rows=11510942 width=4) (actual time=0.022..14250.686 rows=4927630 loops=1)
        Filter: ((person_id < 1741807) AND (role_id > 1))
        Rows Removed by Filter: 31316714
  ->  Hash  (cost=161710.92..161710.92 rows=66345 width=8) (actual time=3050.995..3050.995 rows=15604 loops=1)
        Buckets: 131072  Batches: 1  Memory Usage: 1634kB
        ->  Hash Join  (cost=74389.43..161710.92 rows=66345 width=8) (actual time=2039.538..3044.965 rows=15604 loops=1)
              Hash Cond: (mk.movie_id = t.id)
              ->  Seq Scan on movie_keyword mk  (cost=0.00..69693.30 rows=4523930 width=4) (actual time=0.013..928.744 rows=4523930 loops=1)
              ->  Hash  (cost=73925.90..73925.90 rows=37082 width=4) (actual time=1254.058..1254.058 rows=41935 loops=1)
                    Buckets: 65536  Batches: 1  Memory Usage: 1987kB
                    ->  Seq Scan on title t  (cost=0.00..73925.90 rows=37082 width=4) (actual time=0.034..1235.667 rows=41935 loops=1)
                          Filter: ((kind_id = 7) AND (production_year = 2002))
                          Rows Removed by Filter: 2486377
Planning time: 1.233 ms
Execution time: 18537.709 ms
