Hash Join  (cost=100885.02..833791.53 rows=3092 width=0) (actual time=1643.277..15808.669 rows=25378 loops=1)
  Hash Cond: (ci.movie_id = t.id)
  ->  Seq Scan on cast_info ci  (cost=0.00..705507.15 rows=7298253 width=4) (actual time=0.015..12945.235 rows=7451973 loops=1)
        Filter: (role_id = 2)
        Rows Removed by Filter: 28792371
  ->  Hash  (cost=100871.63..100871.63 rows=1071 width=8) (actual time=1642.852..1642.852 rows=5217 loops=1)
        Buckets: 8192 (originally 2048)  Batches: 1 (originally 1)  Memory Usage: 268kB
        ->  Hash Join  (cost=73950.44..100871.63 rows=1071 width=8) (actual time=1221.349..1640.676 rows=5217 loops=1)
              Hash Cond: (mi_idx.movie_id = t.id)
              ->  Seq Scan on movie_info_idx mi_idx  (cost=0.00..21735.35 rows=1380035 width=4) (actual time=0.020..273.721 rows=1380035 loops=1)
              ->  Hash  (cost=73925.90..73925.90 rows=1963 width=4) (actual time=1082.890..1082.890 rows=4557 loops=1)
                    Buckets: 8192 (originally 2048)  Batches: 1 (originally 1)  Memory Usage: 225kB
                    ->  Seq Scan on title t  (cost=0.00..73925.90 rows=1963 width=4) (actual time=0.060..1080.745 rows=4557 loops=1)
                          Filter: ((kind_id < 2) AND (production_year = 1968))
                          Rows Removed by Filter: 2523755
Planning time: 2.148 ms
Execution time: 15813.137 ms
