Hash Join  (cost=84005.63..196211.55 rows=500160 width=0) (actual time=1446.655..4267.155 rows=908294 loops=1)
  Hash Cond: (mk.movie_id = t.id)
  ->  Seq Scan on movie_keyword mk  (cost=0.00..81003.12 rows=2058452 width=4) (actual time=0.016..1613.002 rows=2074120 loops=1)
        Filter: (keyword_id < 3668)
        Rows Removed by Filter: 2449810
  ->  Hash  (cost=73925.90..73925.90 rows=614378 width=4) (actual time=1445.992..1445.992 rows=520376 loops=1)
        Buckets: 131072  Batches: 16  Memory Usage: 2170kB
        ->  Seq Scan on title t  (cost=0.00..73925.90 rows=614378 width=4) (actual time=0.013..1271.245 rows=520376 loops=1)
              Filter: ((kind_id < 7) AND (production_year > 1996))
              Rows Removed by Filter: 2007936
Planning time: 0.553 ms
Execution time: 4371.693 ms
