Hash Join  (cost=74574.97..984956.99 rows=593486 width=0) (actual time=969.503..26301.592 rows=550108 loops=1)
  Hash Cond: (ci.movie_id = t.id)
  ->  Seq Scan on cast_info ci  (cost=0.00..796071.18 rows=28900262 width=4) (actual time=0.024..17103.966 rows=28767861 loops=1)
        Filter: ((person_id > 288493) AND (role_id < 10))
        Rows Removed by Filter: 7476483
  ->  Hash  (cost=73925.90..73925.90 rows=51925 width=4) (actual time=968.166..968.166 rows=56480 loops=1)
        Buckets: 65536  Batches: 1  Memory Usage: 2498kB
        ->  Seq Scan on title t  (cost=0.00..73925.90 rows=51925 width=4) (actual time=0.303..946.601 rows=56480 loops=1)
              Filter: ((kind_id = 7) AND (production_year = 2004))
              Rows Removed by Filter: 2471832
Planning time: 0.713 ms
Execution time: 26374.721 ms
