Seq Scan on title t  (cost=0.00..67604.59 rows=141598 width=0) (actual time=0.015..3304.875 rows=141703 loops=1)
  Filter: (production_year = 2010)
  Rows Removed by Filter: 2386609
Planning time: 0.327 ms
Execution time: 3333.651 ms
