Seq Scan on movie_keyword mk  (cost=0.00..81003.12 rows=246 width=0) (actual time=2.045..1352.864 rows=585 loops=1)
  Filter: (keyword_id = 1934)
  Rows Removed by Filter: 4523345
Planning time: 0.301 ms
Execution time: 1353.159 ms
