Seq Scan on movie_companies mc  (cost=0.00..57926.93 rows=1152 width=0) (actual time=225.742..807.828 rows=927 loops=1)
  Filter: ((company_id = 448) AND (company_type_id = 2))
  Rows Removed by Filter: 2608202
Planning time: 0.360 ms
Execution time: 808.067 ms
