Hash Join  (cost=709678.15..738297.03 rows=181 width=0) (actual time=11142.711..11711.112 rows=6 loops=1)
  Hash Cond: (mi_idx.movie_id = t.id)
  ->  Seq Scan on movie_info_idx mi_idx  (cost=0.00..25185.44 rows=915101 width=4) (actual time=0.024..502.142 rows=919850 loops=1)
        Filter: (info_type_id < 101)
        Rows Removed by Filter: 460185
  ->  Hash  (cost=709671.90..709671.90 rows=500 width=8) (actual time=11082.208..11082.208 rows=216 loops=1)
        Buckets: 1024  Batches: 1  Memory Usage: 17kB
        ->  Nested Loop  (cost=0.43..709671.90 rows=500 width=8) (actual time=5891.983..11082.082 rows=216 loops=1)
              ->  Seq Scan on cast_info ci  (cost=0.00..705507.15 rows=500 width=4) (actual time=5891.884..11079.322 rows=216 loops=1)
                    Filter: (person_id = 2967667)
                    Rows Removed by Filter: 36244128
              ->  Index Only Scan using title_pkey on title t  (cost=0.43..8.32 rows=1 width=4) (actual time=0.012..0.012 rows=1 loops=216)
                    Index Cond: (id = ci.movie_id)
                    Heap Fetches: 216
Planning time: 1.176 ms
Execution time: 11711.202 ms
