Hash Join  (cost=620092.21..2332939.25 rows=52877986 width=0) (actual time=14456.312..62767.049 rows=52487912 loops=1)
  Hash Cond: (ci.movie_id = t.id)
  ->  Seq Scan on cast_info ci  (cost=0.00..614943.12 rows=36225612 width=4) (actual time=0.019..13703.680 rows=36244344 loops=1)
  ->  Hash  (cost=559538.55..559538.55 rows=3690853 width=8) (actual time=14455.294..14455.294 rows=2281236 loops=1)
        Buckets: 131072  Batches: 64  Memory Usage: 2388kB
        ->  Hash Join  (cost=98498.33..559538.55 rows=3690853 width=8) (actual time=2130.529..13252.816 rows=2281236 loops=1)
              Hash Cond: (mi.movie_id = t.id)
              ->  Seq Scan on movie_info mi  (cost=0.00..346232.03 rows=6231111 width=4) (actual time=0.027..6473.321 rows=6223494 loops=1)
                    Filter: (info_type_id > 8)
                    Rows Removed by Filter: 8612226
              ->  Hash  (cost=73925.90..73925.90 rows=1497714 width=4) (actual time=2128.840..2128.840 rows=1478440 loops=1)
                    Buckets: 131072  Batches: 32  Memory Usage: 2656kB
                    ->  Seq Scan on title t  (cost=0.00..73925.90 rows=1497714 width=4) (actual time=0.015..1640.287 rows=1478440 loops=1)
                          Filter: ((production_year > 0) AND (kind_id = 7))
                          Rows Removed by Filter: 1049872
Planning time: 1.183 ms
Execution time: 68488.558 ms
