Seq Scan on cast_info ci  (cost=0.00..796071.18 rows=919345 width=0) (actual time=183.043..10292.500 rows=934896 loops=1)
  Filter: ((person_id < 100852) AND (role_id < 9))
  Rows Removed by Filter: 35309448
Planning time: 0.343 ms
Execution time: 10405.441 ms
