Seq Scan on cast_info ci  (cost=0.00..796071.18 rows=276 width=0) (actual time=11938.027..14551.303 rows=1 loops=1)
  Filter: ((role_id < 3) AND (person_id = 1449009))
  Rows Removed by Filter: 36244343
Planning time: 0.376 ms
Execution time: 14551.417 ms
