Hash Join  (cost=510374.62..1606340.47 rows=11690039 width=0) (actual time=10035.763..41870.852 rows=14699865 loops=1)
  Hash Cond: (ci.movie_id = t.id)
  ->  Seq Scan on cast_info ci  (cost=0.00..705507.15 rows=23229148 width=4) (actual time=0.027..15089.169 rows=23290858 loops=1)
        Filter: (person_id > 1279699)
        Rows Removed by Filter: 12953486
  ->  Hash  (cost=489497.65..489497.65 rows=1272478 width=8) (actual time=10034.420..10034.420 rows=1325361 loops=1)
        Buckets: 131072  Batches: 32  Memory Usage: 2635kB
        ->  Hash Join  (cost=102767.86..489497.65 rows=1272478 width=8) (actual time=6342.272..9636.112 rows=1325361 loops=1)
              Hash Cond: (mi.movie_id = t.id)
              ->  Seq Scan on movie_info mi  (cost=0.00..346232.03 rows=1272478 width=4) (actual time=3858.235..5590.631 rows=1325361 loops=1)
                    Filter: (info_type_id = 8)
                    Rows Removed by Filter: 13510359
              ->  Hash  (cost=61283.27..61283.27 rows=2528527 width=4) (actual time=2482.679..2482.679 rows=2528312 loops=1)
                    Buckets: 131072  Batches: 64  Memory Usage: 2425kB
                    ->  Seq Scan on title t  (cost=0.00..61283.27 rows=2528527 width=4) (actual time=0.018..1145.726 rows=2528312 loops=1)
Planning time: 1.107 ms
Execution time: 43472.512 ms
