Seq Scan on cast_info ci  (cost=0.00..796071.18 rows=8230531 width=0) (actual time=1910.070..14792.696 rows=3447690 loops=1)
  Filter: ((person_id > 1258642) AND (role_id < 2))
  Rows Removed by Filter: 32796654
Planning time: 0.402 ms
Execution time: 15226.478 ms
