Hash Join  (cost=75867.62..177721.80 rows=79287 width=0) (actual time=1396.910..3477.976 rows=28978 loops=1)
  Hash Cond: (mk.movie_id = t.id)
  ->  Seq Scan on movie_keyword mk  (cost=0.00..81003.12 rows=1694718 width=4) (actual time=0.021..1517.476 rows=1706335 loops=1)
        Filter: (keyword_id > 8430)
        Rows Removed by Filter: 2817595
  ->  Hash  (cost=73925.90..73925.90 rows=118297 width=4) (actual time=1394.901..1394.901 rows=122606 loops=1)
        Buckets: 131072  Batches: 2  Memory Usage: 3185kB
        ->  Seq Scan on title t  (cost=0.00..73925.90 rows=118297 width=4) (actual time=0.030..1346.319 rows=122606 loops=1)
              Filter: ((kind_id > 1) AND (production_year = 2011))
              Rows Removed by Filter: 2405706
Planning time: 0.749 ms
Execution time: 3482.165 ms
