Seq Scan on cast_info ci  (cost=0.00..796071.18 rows=5757992 width=0) (actual time=14655.780..38728.584 rows=7375664 loops=1)
  Filter: ((person_id < 1007198) AND (role_id < 3))
  Rows Removed by Filter: 28868680
Planning time: 0.351 ms
Execution time: 40074.212 ms
