Hash Join  (cost=74547.79..903986.88 rows=617841 width=0) (actual time=1452.945..23473.830 rows=710624 loops=1)
  Hash Cond: (ci.movie_id = t.id)
  ->  Seq Scan on cast_info ci  (cost=0.00..705507.15 rows=31400940 width=4) (actual time=0.015..12593.649 rows=31385819 loops=1)
        Filter: (person_id < 3188740)
        Rows Removed by Filter: 4858525
  ->  Hash  (cost=73925.90..73925.90 rows=49751 width=4) (actual time=1452.569..1452.569 rows=56995 loops=1)
        Buckets: 65536  Batches: 1  Memory Usage: 2516kB
        ->  Seq Scan on title t  (cost=0.00..73925.90 rows=49751 width=4) (actual time=0.026..1425.978 rows=56995 loops=1)
              Filter: ((kind_id > 1) AND (production_year = 2003))
              Rows Removed by Filter: 2471317
Planning time: 0.860 ms
Execution time: 23570.446 ms
