Hash Join  (cost=74173.62..827801.92 rows=283914 width=0) (actual time=1153.629..19542.779 rows=272965 loops=1)
  Hash Cond: (ci.movie_id = t.id)
  ->  Seq Scan on cast_info ci  (cost=0.00..614943.12 rows=36225612 width=4) (actual time=0.015..9621.973 rows=36244344 loops=1)
  ->  Hash  (cost=73925.90..73925.90 rows=19817 width=4) (actual time=1153.312..1153.312 rows=14357 loops=1)
        Buckets: 32768  Batches: 1  Memory Usage: 761kB
        ->  Seq Scan on title t  (cost=0.00..73925.90 rows=19817 width=4) (actual time=0.122..1146.568 rows=14357 loops=1)
              Filter: ((kind_id < 4) AND (production_year = 2001))
              Rows Removed by Filter: 2513955
Planning time: 0.739 ms
Execution time: 19592.215 ms
