Hash Join  (cost=100627.61..451979.25 rows=10095 width=0) (actual time=5774.047..7517.978 rows=25438 loops=1)
  Hash Cond: (mi.movie_id = t.id)
  ->  Seq Scan on movie_info mi  (cost=0.00..346232.03 rows=1338312 width=4) (actual time=3471.688..5142.096 rows=1401902 loops=1)
        Filter: (info_type_id = 7)
        Rows Removed by Filter: 13433818
  ->  Hash  (cost=100389.20..100389.20 rows=19073 width=8) (actual time=2131.339..2131.339 rows=7424 loops=1)
        Buckets: 32768  Batches: 1  Memory Usage: 546kB
        ->  Hash Join  (cost=69347.06..100389.20 rows=19073 width=8) (actual time=1437.234..2128.248 rows=7424 loops=1)
              Hash Cond: (mi_idx.movie_id = t.id)
              ->  Seq Scan on movie_info_idx mi_idx  (cost=0.00..25185.44 rows=454124 width=4) (actual time=0.039..492.383 rows=459925 loops=1)
                    Filter: (info_type_id = 100)
                    Rows Removed by Filter: 920110
              ->  Hash  (cost=67604.59..67604.59 rows=106198 width=4) (actual time=1436.264..1436.264 rows=106827 loops=1)
                    Buckets: 131072  Batches: 2  Memory Usage: 2897kB
                    ->  Seq Scan on title t  (cost=0.00..67604.59 rows=106198 width=4) (actual time=227.070..1073.608 rows=106827 loops=1)
                          Filter: (production_year < 1927)
                          Rows Removed by Filter: 2421485
Planning time: 0.748 ms
Execution time: 7521.819 ms
