Hash Join  (cost=175027.18..317705.26 rows=1389174 width=0) (actual time=4034.267..9185.549 rows=5875215 loops=1)
  Hash Cond: (mk.movie_id = t.id)
  ->  Seq Scan on movie_keyword mk  (cost=0.00..81003.12 rows=3821922 width=4) (actual time=0.027..1825.301 rows=3816183 loops=1)
        Filter: (keyword_id < 26683)
        Rows Removed by Filter: 707747
  ->  Hash  (cost=159947.97..159947.97 rows=919057 width=8) (actual time=4032.783..4032.783 rows=920110 loops=1)
        Buckets: 131072  Batches: 16  Memory Usage: 3283kB
        ->  Hash Join  (cost=102767.86..159947.97 rows=919057 width=8) (actual time=1947.720..3737.920 rows=920110 loops=1)
              Hash Cond: (mi_idx.movie_id = t.id)
              ->  Seq Scan on movie_info_idx mi_idx  (cost=0.00..25185.44 rows=919057 width=4) (actual time=0.021..557.181 rows=920110 loops=1)
                    Filter: (info_type_id > 99)
                    Rows Removed by Filter: 459925
              ->  Hash  (cost=61283.27..61283.27 rows=2528527 width=4) (actual time=1946.779..1946.779 rows=2528312 loops=1)
                    Buckets: 131072  Batches: 64  Memory Usage: 2415kB
                    ->  Seq Scan on title t  (cost=0.00..61283.27 rows=2528527 width=4) (actual time=0.011..1106.893 rows=2528312 loops=1)
Planning time: 1.122 ms
Execution time: 9908.902 ms
