Hash Join  (cost=190230.21..1356551.20 rows=14603842 width=0) (actual time=4277.174..42479.082 rows=28679632 loops=1)
  Hash Cond: (ci.movie_id = t.id)
  ->  Seq Scan on cast_info ci  (cost=0.00..705507.15 rows=26757444 width=4) (actual time=0.009..16320.836 rows=26859641 loops=1)
        Filter: (role_id < 5)
        Rows Removed by Filter: 9384703
  ->  Hash  (cost=167588.78..167588.78 rows=1380035 width=8) (actual time=4275.271..4275.271 rows=1380035 loops=1)
        Buckets: 131072  Batches: 32  Memory Usage: 2708kB
        ->  Hash Join  (cost=102767.86..167588.78 rows=1380035 width=8) (actual time=1974.252..3880.586 rows=1380035 loops=1)
              Hash Cond: (mi_idx.movie_id = t.id)
              ->  Seq Scan on movie_info_idx mi_idx  (cost=0.00..21735.35 rows=1380035 width=4) (actual time=0.009..437.403 rows=1380035 loops=1)
              ->  Hash  (cost=61283.27..61283.27 rows=2528527 width=4) (actual time=1973.316..1973.316 rows=2528312 loops=1)
                    Buckets: 131072  Batches: 64  Memory Usage: 2415kB
                    ->  Seq Scan on title t  (cost=0.00..61283.27 rows=2528527 width=4) (actual time=0.013..1127.955 rows=2528312 loops=1)
Planning time: 0.735 ms
Execution time: 45992.428 ms
