Seq Scan on movie_keyword mk  (cost=0.00..81003.12 rows=2260120 width=0) (actual time=0.021..1511.250 rows=2263192 loops=1)
  Filter: (keyword_id < 4712)
  Rows Removed by Filter: 2260738
Planning time: 0.316 ms
Execution time: 1800.672 ms
