Hash Join  (cost=90979.62..134569.44 rows=376176 width=0) (actual time=1705.651..2773.916 rows=252032 loops=1)
  Hash Cond: (mi_idx.movie_id = t.id)
  ->  Seq Scan on movie_info_idx mi_idx  (cost=0.00..25185.44 rows=915101 width=4) (actual time=0.022..491.893 rows=919850 loops=1)
        Filter: (info_type_id < 101)
        Rows Removed by Filter: 460185
  ->  Hash  (cost=73925.90..73925.90 rows=1039417 width=4) (actual time=1704.342..1704.342 rows=1141540 loops=1)
        Buckets: 131072  Batches: 16  Memory Usage: 3540kB
        ->  Seq Scan on title t  (cost=0.00..73925.90 rows=1039417 width=4) (actual time=0.015..1337.310 rows=1141540 loops=1)
              Filter: ((kind_id > 2) AND (production_year > 1998))
              Rows Removed by Filter: 1386772
Planning time: 0.805 ms
Execution time: 2798.722 ms
