Hash Join  (cost=190230.21..1127286.98 rows=4348015 width=0) (actual time=4484.583..21603.017 rows=4336885 loops=1)
  Hash Cond: (ci.movie_id = t.id)
  ->  Seq Scan on cast_info ci  (cost=0.00..796071.18 rows=7966517 width=4) (actual time=0.015..13705.279 rows=3385911 loops=1)
        Filter: ((person_id < 1200952) AND (role_id > 1))
        Rows Removed by Filter: 32858433
  ->  Hash  (cost=167588.78..167588.78 rows=1380035 width=8) (actual time=4483.784..4483.784 rows=1380035 loops=1)
        Buckets: 131072  Batches: 32  Memory Usage: 2708kB
        ->  Hash Join  (cost=102767.86..167588.78 rows=1380035 width=8) (actual time=2107.277..4088.015 rows=1380035 loops=1)
              Hash Cond: (mi_idx.movie_id = t.id)
              ->  Seq Scan on movie_info_idx mi_idx  (cost=0.00..21735.35 rows=1380035 width=4) (actual time=0.020..490.887 rows=1380035 loops=1)
              ->  Hash  (cost=61283.27..61283.27 rows=2528527 width=4) (actual time=2106.361..2106.361 rows=2528312 loops=1)
                    Buckets: 131072  Batches: 64  Memory Usage: 2415kB
                    ->  Seq Scan on title t  (cost=0.00..61283.27 rows=2528527 width=4) (actual time=0.011..1258.911 rows=2528312 loops=1)
Planning time: 1.212 ms
Execution time: 22108.579 ms
