Hash Join  (cost=162449.81..1213687.17 rows=1697120 width=0) (actual time=3105.037..28061.117 rows=939151 loops=1)
  Hash Cond: (ci.movie_id = t.id)
  ->  Seq Scan on cast_info ci  (cost=0.00..614943.12 rows=36225612 width=4) (actual time=0.013..12657.681 rows=36244344 loops=1)
  ->  Hash  (cost=160506.08..160506.08 rows=118458 width=8) (actual time=3104.009..3104.009 rows=36046 loops=1)
        Buckets: 131072  Batches: 2  Memory Usage: 1730kB
        ->  Hash Join  (cost=92883.59..160506.08 rows=118458 width=8) (actual time=2195.341..3091.662 rows=36046 loops=1)
              Hash Cond: (mc.movie_id = t.id)
              ->  Seq Scan on movie_companies mc  (cost=0.00..57926.93 rows=194396 width=4) (actual time=437.365..860.369 rows=385013 loops=1)
                    Filter: ((company_id > 83684) AND (company_type_id = 2))
                    Rows Removed by Filter: 2224116
              ->  Hash  (cost=67604.59..67604.59 rows=1540800 width=4) (actual time=1756.641..1756.641 rows=1543264 loops=1)
                    Buckets: 131072  Batches: 32  Memory Usage: 2722kB
                    ->  Seq Scan on title t  (cost=0.00..67604.59 rows=1540800 width=4) (actual time=0.023..1252.072 rows=1543264 loops=1)
                          Filter: (kind_id = 7)
                          Rows Removed by Filter: 985048
Planning time: 1.566 ms
Execution time: 28176.769 ms
