Hash Join  (cost=73946.48..160633.97 rows=2945 width=0) (actual time=1063.171..2825.979 rows=11182 loops=1)
  Hash Cond: (mk.movie_id = t.id)
  ->  Seq Scan on movie_keyword mk  (cost=0.00..69693.30 rows=4523930 width=4) (actual time=0.014..965.417 rows=4523930 loops=1)
  ->  Hash  (cost=73925.90..73925.90 rows=1646 width=4) (actual time=1059.144..1059.144 rows=2267 loops=1)
        Buckets: 4096 (originally 2048)  Batches: 1 (originally 1)  Memory Usage: 112kB
        ->  Seq Scan on title t  (cost=0.00..73925.90 rows=1646 width=4) (actual time=0.249..1057.931 rows=2267 loops=1)
              Filter: ((kind_id = 4) AND (production_year = 1996))
              Rows Removed by Filter: 2526045
Planning time: 0.767 ms
Execution time: 2827.734 ms
