Seq Scan on movie_companies mc  (cost=0.00..51404.11 rows=771394 width=0) (actual time=0.021..878.898 rows=762434 loops=1)
  Filter: (company_id < 1571)
  Rows Removed by Filter: 1846695
Planning time: 0.251 ms
Execution time: 971.884 ms
