Hash Join  (cost=127518.22..206123.10 rows=257836 width=0) (actual time=2582.416..4606.966 rows=283365 loops=1)
  Hash Cond: (mc.movie_id = t.id)
  ->  Seq Scan on movie_companies mc  (cost=0.00..44881.29 rows=2609129 width=4) (actual time=0.015..895.653 rows=2609129 loops=1)
  ->  Hash  (cost=123417.83..123417.83 rows=249871 width=8) (actual time=2581.590..2581.590 rows=127518 loops=1)
        Buckets: 131072  Batches: 4  Memory Usage: 2283kB
        ->  Hash Join  (cost=81437.64..123417.83 rows=249871 width=8) (actual time=1343.652..2539.468 rows=127518 loops=1)
              Hash Cond: (mi_idx.movie_id = t.id)
              ->  Seq Scan on movie_info_idx mi_idx  (cost=0.00..21735.35 rows=1380035 width=4) (actual time=0.017..487.711 rows=1380035 loops=1)
              ->  Hash  (cost=73925.90..73925.90 rows=457819 width=4) (actual time=1342.710..1342.710 rows=344212 loops=1)
                    Buckets: 131072  Batches: 8  Memory Usage: 2523kB
                    ->  Seq Scan on title t  (cost=0.00..73925.90 rows=457819 width=4) (actual time=0.026..1230.766 rows=344212 loops=1)
                          Filter: ((production_year < 1993) AND (kind_id = 7))
                          Rows Removed by Filter: 2184100
Planning time: 1.260 ms
Execution time: 4644.033 ms
