Seq Scan on cast_info ci  (cost=0.00..796071.18 rows=659249 width=0) (actual time=4937.969..11324.798 rows=1996299 loops=1)
  Filter: ((person_id > 3669842) AND (role_id > 3))
  Rows Removed by Filter: 34248045
Planning time: 0.365 ms
Execution time: 11572.740 ms
