Hash Join  (cost=88359.31..237936.50 rows=2263315 width=0) (actual time=5278.544..15635.750 rows=2917498 loops=1)
  Hash Cond: (mk.movie_id = t.id)
  ->  Seq Scan on movie_keyword mk  (cost=0.00..69693.30 rows=4523930 width=4) (actual time=0.018..5688.273 rows=4523930 loops=1)
  ->  Hash  (cost=67604.59..67604.59 rows=1265018 width=4) (actual time=5276.958..5276.958 rows=1263700 loops=1)
        Buckets: 131072  Batches: 32  Memory Usage: 2418kB
        ->  Seq Scan on title t  (cost=0.00..67604.59 rows=1265018 width=4) (actual time=0.015..4354.634 rows=1263700 loops=1)
              Filter: (production_year < 2004)
              Rows Removed by Filter: 1264612
Planning time: 0.805 ms
Execution time: 16095.570 ms
