Hash Join  (cost=145574.53..1266786.62 rows=4338678 width=0) (actual time=3104.226..36091.100 rows=6612777 loops=1)
  Hash Cond: (ci.movie_id = t.id)
  ->  Seq Scan on cast_info ci  (cost=0.00..705507.15 rows=32084829 width=4) (actual time=0.015..16556.244 rows=32235398 loops=1)
        Filter: (person_id > 384516)
        Rows Removed by Filter: 4008946
  ->  Hash  (cost=139964.51..139964.51 rows=341921 width=8) (actual time=3102.828..3102.828 rows=250045 loops=1)
        Buckets: 131072  Batches: 8  Memory Usage: 2248kB
        ->  Hash Join  (cost=98137.04..139964.51 rows=341921 width=8) (actual time=1854.862..3025.338 rows=250045 loops=1)
              Hash Cond: (mi_idx.movie_id = t.id)
              ->  Seq Scan on movie_info_idx mi_idx  (cost=0.00..25185.44 rows=464566 width=4) (actual time=0.023..493.420 rows=459925 loops=1)
                    Filter: (info_type_id = 101)
                    Rows Removed by Filter: 920110
              ->  Hash  (cost=67604.59..67604.59 rows=1860996 width=4) (actual time=1853.198..1853.198 rows=1865487 loops=1)
                    Buckets: 131072  Batches: 32  Memory Usage: 3079kB
                    ->  Seq Scan on title t  (cost=0.00..67604.59 rows=1860996 width=4) (actual time=0.029..1274.878 rows=1865487 loops=1)
                          Filter: (kind_id > 1)
                          Rows Removed by Filter: 662825
Planning time: 1.226 ms
Execution time: 36846.927 ms
