Seq Scan on movie_companies mc  (cost=0.00..57926.93 rows=378932 width=0) (actual time=204.333..991.003 rows=217752 loops=1)
  Filter: ((company_id < 1446) AND (company_type_id > 1))
  Rows Removed by Filter: 2391377
Planning time: 0.272 ms
Execution time: 1017.348 ms
