Hash Join  (cost=69283.60..148739.48 rows=93502 width=0) (actual time=1157.294..3206.059 rows=164094 loops=1)
  Hash Cond: (mc.movie_id = t.id)
  ->  Seq Scan on movie_companies mc  (cost=0.00..51404.11 rows=2310598 width=4) (actual time=0.025..1046.396 rows=2316252 loops=1)
        Filter: (company_id > 159)
        Rows Removed by Filter: 292877
  ->  Hash  (cost=67604.59..67604.59 rows=102321 width=4) (actual time=1156.529..1156.529 rows=100537 loops=1)
        Buckets: 131072  Batches: 2  Memory Usage: 2797kB
        ->  Seq Scan on title t  (cost=0.00..67604.59 rows=102321 width=4) (actual time=457.866..1120.247 rows=100537 loops=1)
              Filter: (kind_id = 3)
              Rows Removed by Filter: 2427775
Planning time: 0.732 ms
Execution time: 3228.163 ms
