Seq Scan on cast_info ci  (cost=0.00..705507.15 rows=13186406 width=0) (actual time=32.993..12039.626 rows=13141422 loops=1)
  Filter: (person_id < 1297731)
  Rows Removed by Filter: 23102922
Planning time: 0.310 ms
Execution time: 13666.517 ms
