Seq Scan on cast_info ci  (cost=0.00..796071.18 rows=7312002 width=0) (actual time=0.026..14018.913 rows=10948916 loops=1)
  Filter: ((person_id > 1981499) AND (role_id > 2))
  Rows Removed by Filter: 25295428
Planning time: 0.373 ms
Execution time: 15398.304 ms
