Hash Join  (cost=79775.76..581758.34 rows=2078366 width=0) (actual time=4523.247..38762.409 rows=5453941 loops=1)
  Hash Cond: (mi.movie_id = t.id)
  ->  Seq Scan on movie_info mi  (cost=0.00..309384.22 rows=14739122 width=4) (actual time=3.252..21653.478 rows=14835720 loops=1)
  ->  Hash  (cost=73925.90..73925.90 rows=356548 width=4) (actual time=3914.463..3914.463 rows=424572 loops=1)
        Buckets: 131072  Batches: 8  Memory Usage: 2906kB
        ->  Seq Scan on title t  (cost=0.00..73925.90 rows=356548 width=4) (actual time=0.016..3716.545 rows=424572 loops=1)
              Filter: ((production_year < 2005) AND (kind_id = 1))
              Rows Removed by Filter: 2103740
Planning time: 0.770 ms
Execution time: 39539.541 ms
