Seq Scan on cast_info ci  (cost=0.00..796071.18 rows=6528012 width=0) (actual time=4438.550..11725.426 rows=6458391 loops=1)
  Filter: ((person_id > 2992173) AND (role_id < 11))
  Rows Removed by Filter: 29785953
Planning time: 0.332 ms
Execution time: 12541.864 ms
