Seq Scan on movie_keyword mk  (cost=0.00..81003.12 rows=1680588 width=0) (actual time=0.014..1424.441 rows=1690871 loops=1)
  Filter: (keyword_id > 8552)
  Rows Removed by Filter: 2833059
Planning time: 0.272 ms
Execution time: 1632.315 ms
