Nested Loop  (cost=0.43..52284.21 rows=34 width=0) (actual time=80.521..883.730 rows=9 loops=1)
  ->  Seq Scan on movie_companies mc  (cost=0.00..51404.11 rows=104 width=4) (actual time=67.175..880.047 rows=188 loops=1)
        Filter: (company_id = 456)
        Rows Removed by Filter: 2608941
  ->  Index Scan using title_pkey on title t  (cost=0.43..8.45 rows=1 width=4) (actual time=0.019..0.019 rows=0 loops=188)
        Index Cond: (id = mc.movie_id)
        Filter: ((production_year < 2005) AND (kind_id = 7))
        Rows Removed by Filter: 1
Planning time: 0.811 ms
Execution time: 883.826 ms
