Seq Scan on movie_companies mc  (cost=0.00..51404.11 rows=1289103 width=0) (actual time=0.026..885.071 rows=1281042 loops=1)
  Filter: (company_id < 11222)
  Rows Removed by Filter: 1328087
Planning time: 0.335 ms
Execution time: 1040.576 ms
