Hash Join  (cost=697533.99..1796680.01 rows=15877468 width=0) (actual time=21398.545..33471.404 rows=10458959 loops=1)
  Hash Cond: (ci.movie_id = t.id)
  ->  Seq Scan on cast_info ci  (cost=0.00..796071.18 rows=6807716 width=4) (actual time=6239.702..12671.109 rows=3446241 loops=1)
        Filter: ((person_id > 2801872) AND (role_id < 6))
        Rows Removed by Filter: 32798103
  ->  Hash  (cost=600781.72..600781.72 rows=5897221 width=8) (actual time=15157.829..15157.829 rows=5884963 loops=1)
        Buckets: 131072  Batches: 128  Memory Usage: 2812kB
        ->  Hash Join  (cost=102767.86..600781.72 rows=5897221 width=8) (actual time=3220.543..13447.251 rows=5884963 loops=1)
              Hash Cond: (mi.movie_id = t.id)
              ->  Seq Scan on movie_info mi  (cost=0.00..346232.03 rows=5897221 width=4) (actual time=1354.091..6244.249 rows=5884963 loops=1)
                    Filter: (info_type_id < 7)
                    Rows Removed by Filter: 8950757
              ->  Hash  (cost=61283.27..61283.27 rows=2528527 width=4) (actual time=1865.545..1865.545 rows=2528312 loops=1)
                    Buckets: 131072  Batches: 64  Memory Usage: 2425kB
                    ->  Seq Scan on title t  (cost=0.00..61283.27 rows=2528527 width=4) (actual time=0.017..992.765 rows=2528312 loops=1)
Planning time: 1.200 ms
Execution time: 34691.799 ms
