Hash Join  (cost=92703.08..169165.89 rows=579151 width=0) (actual time=1792.238..3719.589 rows=410780 loops=1)
  Hash Cond: (mc.movie_id = t.id)
  ->  Seq Scan on movie_companies mc  (cost=0.00..51404.11 rows=1279517 width=4) (actual time=127.649..1106.894 rows=1274246 loops=1)
        Filter: (company_type_id < 2)
        Rows Removed by Filter: 1334883
  ->  Hash  (cost=73925.90..73925.90 rows=1144494 width=4) (actual time=1663.401..1663.401 rows=1095581 loops=1)
        Buckets: 131072  Batches: 16  Memory Usage: 3437kB
        ->  Seq Scan on title t  (cost=0.00..73925.90 rows=1144494 width=4) (actual time=0.031..1304.306 rows=1095581 loops=1)
              Filter: ((kind_id > 1) AND (production_year < 2007))
              Rows Removed by Filter: 1432731
Planning time: 0.782 ms
Execution time: 3770.129 ms
