Hash Join  (cost=74142.85..439810.48 rows=101170 width=0) (actual time=972.699..8687.179 rows=174238 loops=1)
  Hash Cond: (mi.movie_id = t.id)
  ->  Seq Scan on movie_info mi  (cost=0.00..309384.22 rows=14739122 width=4) (actual time=0.017..4156.000 rows=14835720 loops=1)
  ->  Hash  (cost=73925.90..73925.90 rows=17356 width=4) (actual time=972.453..972.453 rows=18804 loops=1)
        Buckets: 32768  Batches: 1  Memory Usage: 918kB
        ->  Seq Scan on title t  (cost=0.00..73925.90 rows=17356 width=4) (actual time=332.162..965.264 rows=18804 loops=1)
              Filter: ((kind_id = 1) AND (production_year = 2013))
              Rows Removed by Filter: 2509508
Planning time: 0.779 ms
Execution time: 8714.189 ms
