Hash Join  (cost=178558.48..670636.93 rows=1150152 width=0) (actual time=3755.276..18936.928 rows=6705998 loops=1)
  Hash Cond: (mi.movie_id = t.id)
  ->  Seq Scan on movie_info mi  (cost=0.00..309384.22 rows=14739122 width=4) (actual time=0.011..6294.795 rows=14835720 loops=1)
  ->  Hash  (cost=175321.10..175321.10 rows=197311 width=8) (actual time=3754.387..3754.387 rows=392717 loops=1)
        Buckets: 131072 (originally 131072)  Batches: 8 (originally 4)  Memory Usage: 3073kB
        ->  Hash Join  (cost=102767.86..175321.10 rows=197311 width=8) (actual time=2461.781..3631.132 rows=392717 loops=1)
              Hash Cond: (mc.movie_id = t.id)
              ->  Seq Scan on movie_companies mc  (cost=0.00..57926.93 rows=197311 width=4) (actual time=524.829..962.349 rows=392717 loops=1)
                    Filter: ((company_id > 83065) AND (company_type_id > 1))
                    Rows Removed by Filter: 2216412
              ->  Hash  (cost=61283.27..61283.27 rows=2528527 width=4) (actual time=1934.872..1934.872 rows=2528312 loops=1)
                    Buckets: 131072  Batches: 64  Memory Usage: 2415kB
                    ->  Seq Scan on title t  (cost=0.00..61283.27 rows=2528527 width=4) (actual time=0.022..1097.692 rows=2528312 loops=1)
Planning time: 1.116 ms
Execution time: 19753.707 ms
