Seq Scan on movie_companies mc  (cost=0.00..51404.11 rows=787448 width=0) (actual time=0.023..934.581 rows=775555 loops=1)
  Filter: (company_id < 1684)
  Rows Removed by Filter: 1833574
Planning time: 0.326 ms
Execution time: 1034.361 ms
