Seq Scan on movie_companies mc  (cost=0.00..51404.11 rows=104 width=0) (actual time=207.992..809.039 rows=73 loops=1)
  Filter: (company_id = 12387)
  Rows Removed by Filter: 2609056
Planning time: 0.360 ms
Execution time: 809.165 ms
