Hash Join  (cost=70308.29..560363.22 rows=960501 width=0) (actual time=3810.369..34259.883 rows=693106 loops=1)
  Hash Cond: (mi.movie_id = t.id)
  ->  Seq Scan on movie_info mi  (cost=0.00..309384.22 rows=14739122 width=4) (actual time=0.017..21651.967 rows=14835720 loops=1)
  ->  Hash  (cost=67604.59..67604.59 rows=164776 width=4) (actual time=3809.426..3809.426 rows=164307 loops=1)
        Buckets: 131072  Batches: 4  Memory Usage: 2488kB
        ->  Seq Scan on title t  (cost=0.00..67604.59 rows=164776 width=4) (actual time=0.012..3728.288 rows=164307 loops=1)
              Filter: (production_year = 2012)
              Rows Removed by Filter: 2364005
Planning time: 0.695 ms
Execution time: 34368.851 ms
