Hash Join  (cost=102205.59..657130.92 rows=7903875 width=0) (actual time=2119.818..16331.594 rows=6943292 loops=1)
  Hash Cond: (mi.movie_id = t.id)
  ->  Seq Scan on movie_info mi  (cost=0.00..346232.03 rows=9476311 width=4) (actual time=0.010..6404.275 rows=9565151 loops=1)
        Filter: (info_type_id < 16)
        Rows Removed by Filter: 5270569
  ->  Hash  (cost=67604.59..67604.59 rows=2108960 width=4) (actual time=2118.344..2118.344 rows=2104137 loops=1)
        Buckets: 131072  Batches: 32  Memory Usage: 3350kB
        ->  Seq Scan on title t  (cost=0.00..67604.59 rows=2108960 width=4) (actual time=0.023..1429.741 rows=2104137 loops=1)
              Filter: (production_year > 1968)
              Rows Removed by Filter: 424175
Planning time: 0.494 ms
Execution time: 17138.666 ms
