Hash Join  (cost=81530.55..1325594.20 rows=12042963 width=0) (actual time=1534.765..41191.169 rows=11102019 loops=1)
  Hash Cond: (ci.movie_id = t.id)
  ->  Seq Scan on cast_info ci  (cost=0.00..705507.15 rows=35875431 width=4) (actual time=0.013..17718.048 rows=35928226 loops=1)
        Filter: (role_id < 11)
        Rows Removed by Filter: 316118
  ->  Hash  (cost=67604.59..67604.59 rows=848797 width=4) (actual time=1533.764..1533.764 rows=849141 loops=1)
        Buckets: 131072  Batches: 16  Memory Usage: 2892kB
        ->  Seq Scan on title t  (cost=0.00..67604.59 rows=848797 width=4) (actual time=0.016..1256.350 rows=849141 loops=1)
              Filter: (production_year < 1996)
              Rows Removed by Filter: 1679171
Planning time: 8.062 ms
Execution time: 42469.413 ms
