Seq Scan on title t  (cost=0.00..73925.90 rows=2905 width=0) (actual time=285.717..1147.203 rows=1724 loops=1)
  Filter: ((kind_id < 7) AND (production_year = 1945))
  Rows Removed by Filter: 2526588
Planning time: 0.369 ms
Execution time: 1147.810 ms
