Seq Scan on movie_keyword mk  (cost=0.00..81003.12 rows=246 width=0) (actual time=19.543..1219.694 rows=340 loops=1)
  Filter: (keyword_id = 7989)
  Rows Removed by Filter: 4523590
Planning time: 0.337 ms
Execution time: 1219.966 ms
