Hash Join  (cost=262811.09..937208.50 rows=14783668 width=0) (actual time=6488.177..36669.644 rows=67298685 loops=1)
  Hash Cond: (mi.movie_id = t.id)
  ->  Seq Scan on movie_info mi  (cost=0.00..309384.22 rows=14739122 width=4) (actual time=0.003..6590.667 rows=14835720 loops=1)
  ->  Hash  (cost=221201.97..221201.97 rows=2536169 width=8) (actual time=6486.542..6486.542 rows=2584553 loops=1)
        Buckets: 131072  Batches: 64  Memory Usage: 2676kB
        ->  Hash Join  (cost=107928.35..221201.97 rows=2536169 width=8) (actual time=2243.598..5726.220 rows=2584553 loops=1)
              Hash Cond: (mc.movie_id = t.id)
              ->  Seq Scan on movie_companies mc  (cost=0.00..44881.29 rows=2609129 width=4) (actual time=0.017..953.309 rows=2609129 loops=1)
              ->  Hash  (cost=67604.59..67604.59 rows=2457821 width=4) (actual time=2241.767..2241.767 rows=2456218 loops=1)
                    Buckets: 131072  Batches: 64  Memory Usage: 2375kB
                    ->  Seq Scan on title t  (cost=0.00..67604.59 rows=2457821 width=4) (actual time=0.012..1410.050 rows=2456218 loops=1)
                          Filter: (production_year > 0)
                          Rows Removed by Filter: 72094
Planning time: 3.666 ms
Execution time: 43589.114 ms
