Hash Join  (cost=74045.78..132122.92 rows=150 width=0) (actual time=1297.392..2033.929 rows=10 loops=1)
  Hash Cond: (mc.movie_id = t.id)
  ->  Seq Scan on movie_companies mc  (cost=0.00..57926.93 rows=39655 width=4) (actual time=0.079..818.075 rows=66520 loops=1)
        Filter: ((company_id < 19) AND (company_type_id < 2))
        Rows Removed by Filter: 2542609
  ->  Hash  (cost=73925.90..73925.90 rows=9590 width=4) (actual time=1200.965..1200.965 rows=5862 loops=1)
        Buckets: 16384  Batches: 1  Memory Usage: 335kB
        ->  Seq Scan on title t  (cost=0.00..73925.90 rows=9590 width=4) (actual time=1.165..1198.083 rows=5862 loops=1)
              Filter: ((kind_id = 1) AND (production_year = 1996))
              Rows Removed by Filter: 2522450
Planning time: 0.824 ms
Execution time: 2034.067 ms
