Hash Join  (cost=152744.21..282601.38 rows=131975 width=0) (actual time=3106.666..5995.980 rows=176660 loops=1)
  Hash Cond: (mk.movie_id = t.id)
  ->  Seq Scan on movie_keyword mk  (cost=0.00..81003.12 rows=4083280 width=4) (actual time=0.026..1671.825 rows=4070600 loops=1)
        Filter: (keyword_id > 347)
        Rows Removed by Filter: 453330
  ->  Hash  (cost=151402.66..151402.66 rows=81724 width=8) (actual time=3105.729..3105.729 rows=51067 loops=1)
        Buckets: 131072  Batches: 2  Memory Usage: 2032kB
        ->  Hash Join  (cost=75225.89..151402.66 rows=81724 width=8) (actual time=1329.105..3087.889 rows=51067 loops=1)
              Hash Cond: (mc.movie_id = t.id)
              ->  Seq Scan on movie_companies mc  (cost=0.00..44881.29 rows=2609129 width=4) (actual time=0.010..887.986 rows=2609129 loops=1)
              ->  Hash  (cost=73925.90..73925.90 rows=79199 width=4) (actual time=1328.040..1328.040 rows=97735 loops=1)
                    Buckets: 131072  Batches: 2  Memory Usage: 2733kB
                    ->  Seq Scan on title t  (cost=0.00..73925.90 rows=79199 width=4) (actual time=0.038..1290.404 rows=97735 loops=1)
                          Filter: ((kind_id > 2) AND (production_year = 2007))
                          Rows Removed by Filter: 2430577
Planning time: 5.035 ms
Execution time: 6017.063 ms
