Hash Join  (cost=477150.74..1663293.94 rows=6406119 width=0) (actual time=9045.997..48978.067 rows=10252518 loops=1)
  Hash Cond: (ci.movie_id = t.id)
  ->  Seq Scan on cast_info ci  (cost=0.00..705507.15 rows=35875431 width=4) (actual time=83.689..17705.526 rows=35928226 loops=1)
        Filter: (role_id < 11)
        Rows Removed by Filter: 316118
  ->  Hash  (cost=469742.89..469742.89 rows=451508 width=8) (actual time=8961.444..8961.444 rows=474443 loops=1)
        Buckets: 131072  Batches: 8  Memory Usage: 3338kB
        ->  Hash Join  (cost=102767.86..469742.89 rows=451508 width=8) (actual time=3840.145..8822.680 rows=474443 loops=1)
              Hash Cond: (mi.movie_id = t.id)
              ->  Seq Scan on movie_info mi  (cost=0.00..346232.03 rows=451508 width=4) (actual time=1217.350..5415.405 rows=474443 loops=1)
                    Filter: (info_type_id = 6)
                    Rows Removed by Filter: 14361277
              ->  Hash  (cost=61283.27..61283.27 rows=2528527 width=4) (actual time=2621.394..2621.394 rows=2528312 loops=1)
                    Buckets: 131072  Batches: 64  Memory Usage: 2425kB
                    ->  Seq Scan on title t  (cost=0.00..61283.27 rows=2528527 width=4) (actual time=0.015..1011.962 rows=2528312 loops=1)
Planning time: 1.169 ms
Execution time: 50163.588 ms
