Seq Scan on movie_keyword mk  (cost=0.00..81003.12 rows=2886933 width=0) (actual time=0.024..1449.325 rows=2878539 loops=1)
  Filter: (keyword_id < 8940)
  Rows Removed by Filter: 1645391
Planning time: 0.327 ms
Execution time: 1802.743 ms
