Hash Join  (cost=102767.86..206577.85 rows=1767377 width=0) (actual time=2050.429..4839.762 rows=1757904 loops=1)
  Hash Cond: (mc.movie_id = t.id)
  ->  Seq Scan on movie_companies mc  (cost=0.00..51404.11 rows=1767377 width=4) (actual time=0.013..1068.939 rows=1757904 loops=1)
        Filter: (company_id < 25088)
        Rows Removed by Filter: 851225
  ->  Hash  (cost=61283.27..61283.27 rows=2528527 width=4) (actual time=2048.857..2048.857 rows=2528312 loops=1)
        Buckets: 131072  Batches: 64  Memory Usage: 2415kB
        ->  Seq Scan on title t  (cost=0.00..61283.27 rows=2528527 width=4) (actual time=0.013..1202.163 rows=2528312 loops=1)
Planning time: 0.742 ms
Execution time: 5033.039 ms
