Hash Join  (cost=477978.59..556150.08 rows=346397 width=0) (actual time=8589.836..12434.101 rows=5935234 loops=1)
  Hash Cond: (mc.movie_id = t.id)
  ->  Seq Scan on movie_companies mc  (cost=0.00..51404.11 rows=1855842 width=4) (actual time=0.020..1232.575 rows=1861412 loops=1)
        Filter: (company_id > 1451)
        Rows Removed by Filter: 747717
  ->  Hash  (cost=470235.15..470235.15 rows=471955 width=8) (actual time=8589.077..8589.077 rows=543367 loops=1)
        Buckets: 131072  Batches: 8  Memory Usage: 3673kB
        ->  Hash Join  (cost=102767.86..470235.15 rows=471955 width=8) (actual time=3285.704..8431.247 rows=543367 loops=1)
              Hash Cond: (mi.movie_id = t.id)
              ->  Seq Scan on movie_info mi  (cost=0.00..346232.03 rows=471955 width=4) (actual time=1337.437..5650.473 rows=543367 loops=1)
                    Filter: (info_type_id > 98)
                    Rows Removed by Filter: 14292353
              ->  Hash  (cost=61283.27..61283.27 rows=2528527 width=4) (actual time=1946.398..1946.398 rows=2528312 loops=1)
                    Buckets: 131072  Batches: 64  Memory Usage: 2425kB
                    ->  Seq Scan on title t  (cost=0.00..61283.27 rows=2528527 width=4) (actual time=0.017..1082.035 rows=2528312 loops=1)
Planning time: 1.155 ms
Execution time: 13148.242 ms
