Hash Join  (cost=234427.15..852096.94 rows=11193796 width=0) (actual time=11885.955..48486.488 rows=13656904 loops=1)
  Hash Cond: (mi.movie_id = t.id)
  ->  Seq Scan on movie_info mi  (cost=0.00..309384.22 rows=14739122 width=4) (actual time=0.019..21036.066 rows=14835720 loops=1)
  ->  Hash  (cost=202921.16..202921.16 rows=1920319 width=8) (actual time=11884.988..11884.988 rows=1301439 loops=1)
        Buckets: 131072  Batches: 32  Memory Usage: 2596kB
        ->  Hash Join  (cost=98137.04..202921.16 rows=1920319 width=8) (actual time=5441.161..11420.435 rows=1301439 loops=1)
              Hash Cond: (mc.movie_id = t.id)
              ->  Seq Scan on movie_companies mc  (cost=0.00..44881.29 rows=2609129 width=4) (actual time=0.026..3494.209 rows=2609129 loops=1)
              ->  Hash  (cost=67604.59..67604.59 rows=1860996 width=4) (actual time=5439.512..5439.512 rows=1865487 loops=1)
                    Buckets: 131072  Batches: 32  Memory Usage: 3079kB
                    ->  Seq Scan on title t  (cost=0.00..67604.59 rows=1860996 width=4) (actual time=0.021..4376.083 rows=1865487 loops=1)
                          Filter: (kind_id > 1)
                          Rows Removed by Filter: 662825
Planning time: 1.079 ms
Execution time: 50495.521 ms
