Nested Loop  (cost=0.43..83072.90 rows=8 width=0) (actual time=946.927..1280.472 rows=12 loops=1)
  ->  Seq Scan on movie_keyword mk  (cost=0.00..81003.12 rows=246 width=4) (actual time=0.901..1203.033 rows=2038 loops=1)
        Filter: (keyword_id = 430)
        Rows Removed by Filter: 4521892
  ->  Index Scan using title_pkey on title t  (cost=0.43..8.40 rows=1 width=4) (actual time=0.037..0.037 rows=0 loops=2038)
        Index Cond: (id = mk.movie_id)
        Filter: ((kind_id = 7) AND (production_year = 2010))
        Rows Removed by Filter: 1
Planning time: 3.066 ms
Execution time: 1280.580 ms
