Hash Join  (cost=143761.26..661169.16 rows=3523999 width=0) (actual time=3484.055..17986.464 rows=6681100 loops=1)
  Hash Cond: (mi.movie_id = t.id)
  ->  Seq Scan on movie_info mi  (cost=0.00..309384.22 rows=14739122 width=4) (actual time=0.017..6392.844 rows=14835720 loops=1)
  ->  Hash  (cost=133842.40..133842.40 rows=604549 width=8) (actual time=3483.384..3483.384 rows=488617 loops=1)
        Buckets: 131072  Batches: 8  Memory Usage: 3411kB
        ->  Hash Join  (cost=85777.42..133842.40 rows=604549 width=8) (actual time=1661.709..3339.558 rows=488617 loops=1)
              Hash Cond: (mi_idx.movie_id = t.id)
              ->  Seq Scan on movie_info_idx mi_idx  (cost=0.00..21735.35 rows=1380035 width=4) (actual time=0.021..459.733 rows=1380035 loops=1)
              ->  Hash  (cost=67604.59..67604.59 rows=1107667 width=4) (actual time=1660.492..1660.492 rows=1107925 loops=1)
                    Buckets: 131072  Batches: 16  Memory Usage: 3460kB
                    ->  Seq Scan on title t  (cost=0.00..67604.59 rows=1107667 width=4) (actual time=0.019..1309.143 rows=1107925 loops=1)
                          Filter: (production_year > 2004)
                          Rows Removed by Filter: 1420387
Planning time: 0.759 ms
Execution time: 18714.265 ms
