Hash Join  (cost=190002.51..1171500.54 rows=8356702 width=0) (actual time=5314.747..33815.990 rows=19400643 loops=1)
  Hash Cond: (ci.movie_id = t.id)
  ->  Seq Scan on cast_info ci  (cost=0.00..705507.15 rows=16201301 width=4) (actual time=0.027..14223.072 rows=16121683 loops=1)
        Filter: (role_id > 2)
        Rows Removed by Filter: 20122661
  ->  Hash  (cost=168604.70..168604.70 rows=1304225 width=8) (actual time=5313.623..5313.623 rows=1365482 loops=1)
        Buckets: 131072  Batches: 32  Memory Usage: 2691kB
        ->  Hash Join  (cost=106809.92..168604.70 rows=1304225 width=8) (actual time=2315.696..4238.494 rows=1365482 loops=1)
              Hash Cond: (mi_idx.movie_id = t.id)
              ->  Seq Scan on movie_info_idx mi_idx  (cost=0.00..21735.35 rows=1380035 width=4) (actual time=0.014..481.905 rows=1380035 loops=1)
              ->  Hash  (cost=67604.59..67604.59 rows=2389627 width=4) (actual time=2314.606..2314.606 rows=2382866 loops=1)
                    Buckets: 131072  Batches: 32  Memory Usage: 3644kB
                    ->  Seq Scan on title t  (cost=0.00..67604.59 rows=2389627 width=4) (actual time=0.022..1547.300 rows=2382866 loops=1)
                          Filter: (production_year > 1916)
                          Rows Removed by Filter: 145446
Planning time: 1.155 ms
Execution time: 36053.091 ms
