Hash Join  (cost=441255.66..1492925.26 rows=519865 width=0) (actual time=8967.591..29374.949 rows=2605964 loops=1)
  Hash Cond: (ci.movie_id = t.id)
  ->  Seq Scan on cast_info ci  (cost=0.00..796071.18 rows=14036977 width=4) (actual time=0.018..15892.381 rows=8832054 loops=1)
        Filter: ((person_id < 2179550) AND (role_id > 1))
        Rows Removed by Filter: 27412290
  ->  Hash  (cost=439719.09..439719.09 rows=93645 width=8) (actual time=8966.577..8966.577 rows=166700 loops=1)
        Buckets: 131072 (originally 131072)  Batches: 4 (originally 2)  Memory Usage: 3073kB
        ->  Hash Join  (cost=74126.72..439719.09 rows=93645 width=8) (actual time=1119.529..8894.537 rows=166700 loops=1)
              Hash Cond: (mi.movie_id = t.id)
              ->  Seq Scan on movie_info mi  (cost=0.00..309384.22 rows=14739122 width=4) (actual time=0.017..4494.002 rows=14835720 loops=1)
              ->  Hash  (cost=73925.90..73925.90 rows=16065 width=4) (actual time=1119.338..1119.338 rows=9704 loops=1)
                    Buckets: 16384  Batches: 1  Memory Usage: 470kB
                    ->  Seq Scan on title t  (cost=0.00..73925.90 rows=16065 width=4) (actual time=0.047..1115.239 rows=9704 loops=1)
                          Filter: ((kind_id = 1) AND (production_year = 2002))
                          Rows Removed by Filter: 2518608
Planning time: 1.159 ms
Execution time: 29684.774 ms
