Nested Loop  (cost=0.43..52283.95 rows=64 width=0) (actual time=0.565..897.946 rows=119 loops=1)
  ->  Seq Scan on movie_companies mc  (cost=0.00..51404.11 rows=104 width=4) (actual time=0.505..893.121 rows=120 loops=1)
        Filter: (company_id = 81343)
        Rows Removed by Filter: 2609009
  ->  Index Scan using title_pkey on title t  (cost=0.43..8.45 rows=1 width=4) (actual time=0.038..0.038 rows=1 loops=120)
        Index Cond: (id = mc.movie_id)
        Filter: (production_year < 2007)
        Rows Removed by Filter: 0
Planning time: 0.762 ms
Execution time: 898.106 ms
