Hash Join  (cost=189632.99..334229.03 rows=1540929 width=0) (actual time=5275.235..14802.502 rows=27934540 loops=1)
  Hash Cond: (mk.movie_id = t.id)
  ->  Seq Scan on movie_keyword mk  (cost=0.00..81003.12 rows=3822833 width=4) (actual time=0.020..1816.481 rows=3817209 loops=1)
        Filter: (keyword_id < 26722)
        Rows Removed by Filter: 706721
  ->  Hash  (cost=172910.83..172910.83 rows=1019213 width=8) (actual time=5274.171..5274.171 rows=1891821 loops=1)
        Buckets: 131072 (originally 131072)  Batches: 32 (originally 16)  Memory Usage: 3402kB
        ->  Hash Join  (cost=83810.17..172910.83 rows=1019213 width=8) (actual time=1616.513..4705.265 rows=1891821 loops=1)
              Hash Cond: (mc.movie_id = t.id)
              ->  Seq Scan on movie_companies mc  (cost=0.00..44881.29 rows=2609129 width=4) (actual time=0.012..971.420 rows=2609129 loops=1)
              ->  Hash  (cost=67604.59..67604.59 rows=987727 width=4) (actual time=1615.723..1615.723 rows=985048 loops=1)
                    Buckets: 131072  Batches: 16  Memory Usage: 3188kB
                    ->  Seq Scan on title t  (cost=0.00..67604.59 rows=987727 width=4) (actual time=0.046..1176.661 rows=985048 loops=1)
                          Filter: (kind_id < 7)
                          Rows Removed by Filter: 1543264
Planning time: 1.113 ms
Execution time: 17562.762 ms
