Seq Scan on movie_companies mc  (cost=0.00..51404.11 rows=104 width=0) (actual time=342.513..742.422 rows=1 loops=1)
  Filter: (company_id = 142274)
  Rows Removed by Filter: 2609128
Planning time: 0.401 ms
Execution time: 742.492 ms
