Hash Join  (cost=74210.29..155819.68 rows=1421 width=0) (actual time=1400.380..2723.286 rows=3717 loops=1)
  Hash Cond: (mk.movie_id = t.id)
  ->  Seq Scan on movie_keyword mk  (cost=0.00..81003.12 rows=157880 width=4) (actual time=0.032..1289.913 rows=154012 loops=1)
        Filter: (keyword_id > 73408)
        Rows Removed by Filter: 4369918
  ->  Hash  (cost=73925.90..73925.90 rows=22751 width=4) (actual time=1397.236..1397.236 rows=18892 loops=1)
        Buckets: 32768  Batches: 1  Memory Usage: 921kB
        ->  Seq Scan on title t  (cost=0.00..73925.90 rows=22751 width=4) (actual time=0.316..1388.933 rows=18892 loops=1)
              Filter: ((kind_id < 7) AND (production_year = 2001))
              Rows Removed by Filter: 2509420
Planning time: 0.798 ms
Execution time: 2724.134 ms
