Hash Join  (cost=84243.64..1210598.96 rows=9009515 width=0) (actual time=1470.834..35101.342 rows=10083936 loops=1)
  Hash Cond: (ci.movie_id = t.id)
  ->  Seq Scan on cast_info ci  (cost=0.00..614943.12 rows=36225612 width=4) (actual time=0.013..13031.253 rows=36244344 loops=1)
  ->  Hash  (cost=73925.90..73925.90 rows=628859 width=4) (actual time=1469.790..1469.790 rows=578447 loops=1)
        Buckets: 131072  Batches: 16  Memory Usage: 2292kB
        ->  Seq Scan on title t  (cost=0.00..73925.90 rows=628859 width=4) (actual time=289.312..1285.011 rows=578447 loops=1)
              Filter: ((production_year > 1917) AND (kind_id = 1))
              Rows Removed by Filter: 1949865
Planning time: 0.502 ms
Execution time: 36258.936 ms
