Seq Scan on movie_keyword mk  (cost=0.00..81003.12 rows=2665293 width=0) (actual time=0.031..1493.477 rows=2654186 loops=1)
  Filter: (keyword_id > 3154)
  Rows Removed by Filter: 1869744
Planning time: 0.379 ms
Execution time: 1816.685 ms
