Hash Join  (cost=94403.79..143784.51 rows=681224 width=0) (actual time=2498.952..4005.487 rows=375447 loops=1)
  Hash Cond: (mi_idx.movie_id = t.id)
  ->  Seq Scan on movie_info_idx mi_idx  (cost=0.00..21735.35 rows=1380035 width=4) (actual time=0.008..519.420 rows=1380035 loops=1)
  ->  Hash  (cost=73925.90..73925.90 rows=1248151 width=4) (actual time=2497.873..2497.873 rows=1332982 loops=1)
        Buckets: 131072  Batches: 32  Memory Usage: 2493kB
        ->  Seq Scan on title t  (cost=0.00..73925.90 rows=1248151 width=4) (actual time=128.405..1422.739 rows=1332982 loops=1)
              Filter: ((production_year > 1972) AND (kind_id = 7))
              Rows Removed by Filter: 1195330
Planning time: 0.625 ms
Execution time: 4055.559 ms
