Seq Scan on cast_info ci  (cost=0.00..705507.15 rows=13833878 width=0) (actual time=0.031..36347.454 rows=14006518 loops=1)
  Filter: (person_id > 2265818)
  Rows Removed by Filter: 22237826
Planning time: 0.363 ms
Execution time: 38752.322 ms
