Hash Join  (cost=534563.74..703351.42 rows=3375973 width=0) (actual time=10700.862..20125.200 rows=25204638 loops=1)
  Hash Cond: (mk.movie_id = t.id)
  ->  Seq Scan on movie_keyword mk  (cost=0.00..69693.30 rows=4523930 width=4) (actual time=0.027..1600.223 rows=4523930 loops=1)
  ->  Hash  (cost=503606.39..503606.39 rows=1886908 width=8) (actual time=10699.955..10699.955 rows=1907546 loops=1)
        Buckets: 131072  Batches: 32  Memory Usage: 3420kB
        ->  Hash Join  (cost=93117.31..503606.39 rows=1886908 width=8) (actual time=3898.914..10177.974 rows=1907546 loops=1)
              Hash Cond: (mi.movie_id = t.id)
              ->  Seq Scan on movie_info mi  (cost=0.00..346232.03 rows=3068194 width=4) (actual time=1862.250..5765.602 rows=3036719 loops=1)
                    Filter: (info_type_id = 16)
                    Rows Removed by Filter: 11799001
              ->  Hash  (cost=67604.59..67604.59 rows=1555018 width=4) (actual time=2035.131..2035.131 rows=1551727 loops=1)
                    Buckets: 131072  Batches: 32  Memory Usage: 2737kB
                    ->  Seq Scan on title t  (cost=0.00..67604.59 rows=1555018 width=4) (actual time=0.028..1262.617 rows=1551727 loops=1)
                          Filter: (production_year < 2007)
                          Rows Removed by Filter: 976585
Planning time: 1.189 ms
Execution time: 22893.447 ms
