Hash Join  (cost=132723.69..256126.94 rows=523167 width=0) (actual time=3344.723..6430.065 rows=1134857 loops=1)
  Hash Cond: (mk.movie_id = t.id)
  ->  Seq Scan on movie_keyword mk  (cost=0.00..81003.12 rows=3068921 width=4) (actual time=0.015..1614.143 rows=3058324 loops=1)
        Filter: (keyword_id < 11285)
        Rows Removed by Filter: 1465606
  ->  Hash  (cost=125651.63..125651.63 rows=431045 width=8) (actual time=3342.825..3342.825 rows=311149 loops=1)
        Buckets: 131072  Batches: 8  Memory Usage: 2541kB
        ->  Hash Join  (cost=80562.70..125651.63 rows=431045 width=8) (actual time=1465.887..3256.491 rows=311149 loops=1)
              Hash Cond: (mi_idx.movie_id = t.id)
              ->  Seq Scan on movie_info_idx mi_idx  (cost=0.00..21735.35 rows=1380035 width=4) (actual time=0.014..484.677 rows=1380035 loops=1)
              ->  Hash  (cost=67604.59..67604.59 rows=789769 width=4) (actual time=1464.775..1464.775 rows=784926 loops=1)
                    Buckets: 131072  Batches: 16  Memory Usage: 2749kB
                    ->  Seq Scan on title t  (cost=0.00..67604.59 rows=789769 width=4) (actual time=0.020..1210.813 rows=784926 loops=1)
                          Filter: (production_year > 2007)
                          Rows Removed by Filter: 1743386
Planning time: 3.273 ms
Execution time: 6555.462 ms
