Hash Join  (cost=102767.86..1004477.85 rows=3979619 width=0) (actual time=1887.778..15977.151 rows=1287318 loops=1)
  Hash Cond: (ci.movie_id = t.id)
  ->  Seq Scan on cast_info ci  (cost=0.00..796071.18 rows=3979619 width=4) (actual time=0.025..12626.152 rows=1287318 loops=1)
        Filter: ((person_id < 2552330) AND (role_id > 8))
        Rows Removed by Filter: 34957026
  ->  Hash  (cost=61283.27..61283.27 rows=2528527 width=4) (actual time=1885.311..1885.311 rows=2528312 loops=1)
        Buckets: 131072  Batches: 64  Memory Usage: 2415kB
        ->  Seq Scan on title t  (cost=0.00..61283.27 rows=2528527 width=4) (actual time=0.017..1032.601 rows=2528312 loops=1)
Planning time: 2.675 ms
Execution time: 16123.625 ms
