Hash Join  (cost=177902.11..255102.20 rows=155957 width=0) (actual time=3543.109..6898.032 rows=3767939 loops=1)
  Hash Cond: (mc.movie_id = t.id)
  ->  Seq Scan on movie_companies mc  (cost=0.00..44881.29 rows=2609129 width=4) (actual time=0.020..1018.251 rows=2609129 loops=1)
  ->  Hash  (cost=175421.87..175421.87 rows=151139 width=8) (actual time=3542.259..3542.259 rows=437704 loops=1)
        Buckets: 131072 (originally 131072)  Batches: 8 (originally 2)  Memory Usage: 3221kB
        ->  Hash Join  (cost=81152.82..175421.87 rows=151139 width=8) (actual time=1335.569..3406.055 rows=437704 loops=1)
              Hash Cond: (mk.movie_id = t.id)
              ->  Seq Scan on movie_keyword mk  (cost=0.00..81003.12 rows=867610 width=4) (actual time=0.019..1461.932 rows=869017 loops=1)
                    Filter: (keyword_id < 826)
                    Rows Removed by Filter: 3654913
              ->  Hash  (cost=73925.90..73925.90 rows=440473 width=4) (actual time=1334.653..1334.653 rows=473918 loops=1)
                    Buckets: 131072  Batches: 8  Memory Usage: 3125kB
                    ->  Seq Scan on title t  (cost=0.00..73925.90 rows=440473 width=4) (actual time=363.413..1187.746 rows=473918 loops=1)
                          Filter: ((production_year < 2008) AND (kind_id = 1))
                          Rows Removed by Filter: 2054394
Planning time: 1.242 ms
Execution time: 7303.419 ms
