Nested Loop  (cost=32636.42..123130.49 rows=4 width=0) (actual time=676.022..2081.538 rows=31 loops=1)
  Join Filter: (mc.movie_id = t.id)
  ->  Hash Join  (cost=32635.99..98295.50 rows=28835 width=8) (actual time=609.448..1625.609 rows=19525 loops=1)
        Hash Cond: (mc.movie_id = mi_idx.movie_id)
        ->  Seq Scan on movie_companies mc  (cost=0.00..57926.93 rows=31007 width=4) (actual time=0.384..903.019 rows=55497 loops=1)
              Filter: ((company_type_id < 2) AND (company_id = 6))
              Rows Removed by Filter: 2553632
        ->  Hash  (cost=25185.44..25185.44 rows=454124 width=4) (actual time=607.260..607.260 rows=459925 loops=1)
              Buckets: 131072  Batches: 8  Memory Usage: 3050kB
              ->  Seq Scan on movie_info_idx mi_idx  (cost=0.00..25185.44 rows=454124 width=4) (actual time=0.019..469.033 rows=459925 loops=1)
                    Filter: (info_type_id = 100)
                    Rows Removed by Filter: 920110
  ->  Index Scan using title_pkey on title t  (cost=0.43..0.85 rows=1 width=4) (actual time=0.023..0.023 rows=0 loops=19525)
        Index Cond: (id = mi_idx.movie_id)
        Filter: ((kind_id = 1) AND (production_year = 1966))
        Rows Removed by Filter: 1
Planning time: 1.222 ms
Execution time: 2081.716 ms
