Nested Loop  (cost=32636.42..93434.13 rows=199 width=0) (actual time=590.414..1434.879 rows=1225 loops=1)
  Join Filter: (mc.movie_id = t.id)
  ->  Hash Join  (cost=32635.99..92551.31 rows=1031 width=8) (actual time=590.373..1392.125 rows=1225 loops=1)
        Hash Cond: (mc.movie_id = mi_idx.movie_id)
        ->  Seq Scan on movie_companies mc  (cost=0.00..57926.93 rows=1109 width=4) (actual time=0.185..724.057 rows=1448 loops=1)
              Filter: ((company_id = 554) AND (company_type_id = 1))
              Rows Removed by Filter: 2607681
        ->  Hash  (cost=25185.44..25185.44 rows=454124 width=4) (actual time=589.415..589.415 rows=459925 loops=1)
              Buckets: 131072  Batches: 8  Memory Usage: 3050kB
              ->  Seq Scan on movie_info_idx mi_idx  (cost=0.00..25185.44 rows=454124 width=4) (actual time=0.020..446.108 rows=459925 loops=1)
                    Filter: (info_type_id = 100)
                    Rows Removed by Filter: 920110
  ->  Index Only Scan using title_pkey on title t  (cost=0.43..0.84 rows=1 width=4) (actual time=0.034..0.034 rows=1 loops=1225)
        Index Cond: (id = mi_idx.movie_id)
        Heap Fetches: 1225
Planning time: 1.205 ms
Execution time: 1435.399 ms
