Seq Scan on movie_keyword mk  (cost=0.00..81003.12 rows=246 width=0) (actual time=0.615..1144.661 rows=223 loops=1)
  Filter: (keyword_id = 3577)
  Rows Removed by Filter: 4523707
Planning time: 0.329 ms
Execution time: 1144.869 ms
