Hash Join  (cost=96603.40..142841.26 rows=502395 width=0) (actual time=6236.216..8134.552 rows=281626 loops=1)
  Hash Cond: (mi_idx.movie_id = t.id)
  ->  Seq Scan on movie_info_idx mi_idx  (cost=0.00..25185.44 rows=919057 width=4) (actual time=0.031..1419.065 rows=920110 loops=1)
        Filter: (info_type_id > 99)
        Rows Removed by Filter: 459925
  ->  Hash  (cost=73925.90..73925.90 rows=1382200 width=4) (actual time=5125.597..5125.597 rows=1460524 loops=1)
        Buckets: 131072  Batches: 32  Memory Usage: 2630kB
        ->  Seq Scan on title t  (cost=0.00..73925.90 rows=1382200 width=4) (actual time=0.016..4476.308 rows=1460524 loops=1)
              Filter: ((production_year > 1954) AND (kind_id = 7))
              Rows Removed by Filter: 1067788
Planning time: 4.670 ms
Execution time: 8174.078 ms
