Hash Join  (cost=217858.32..1001234.52 rows=2271915 width=0) (actual time=7881.257..22438.146 rows=5805636 loops=1)
  Hash Cond: (ci.movie_id = t.id)
  ->  Seq Scan on cast_info ci  (cost=0.00..705507.15 rows=4320508 width=4) (actual time=2966.994..13403.429 rows=4323018 loops=1)
        Filter: (role_id = 10)
        Rows Removed by Filter: 31921326
  ->  Hash  (cost=196044.17..196044.17 rows=1329612 width=8) (actual time=4912.876..4912.876 rows=1334883 loops=1)
        Buckets: 131072  Batches: 32  Memory Usage: 2639kB
        ->  Hash Join  (cost=102767.86..196044.17 rows=1329612 width=8) (actual time=1992.187..4549.666 rows=1334883 loops=1)
              Hash Cond: (mc.movie_id = t.id)
              ->  Seq Scan on movie_companies mc  (cost=0.00..51404.11 rows=1329612 width=4) (actual time=0.032..1003.976 rows=1334883 loops=1)
                    Filter: (company_type_id > 1)
                    Rows Removed by Filter: 1274246
              ->  Hash  (cost=61283.27..61283.27 rows=2528527 width=4) (actual time=1991.152..1991.152 rows=2528312 loops=1)
                    Buckets: 131072  Batches: 64  Memory Usage: 2415kB
                    ->  Seq Scan on title t  (cost=0.00..61283.27 rows=2528527 width=4) (actual time=0.029..1150.072 rows=2528312 loops=1)
Planning time: 1.187 ms
Execution time: 23089.285 ms
