Hash Join  (cost=190230.21..320401.01 rows=1403765 width=0) (actual time=4237.721..9768.840 rows=5896687 loops=1)
  Hash Cond: (mk.movie_id = t.id)
  ->  Seq Scan on movie_keyword mk  (cost=0.00..81003.12 rows=2572005 width=4) (actual time=0.017..1622.080 rows=2563203 loops=1)
        Filter: (keyword_id < 6503)
        Rows Removed by Filter: 1960727
  ->  Hash  (cost=167588.78..167588.78 rows=1380035 width=8) (actual time=4236.844..4236.844 rows=1380035 loops=1)
        Buckets: 131072  Batches: 32  Memory Usage: 2726kB
        ->  Hash Join  (cost=102767.86..167588.78 rows=1380035 width=8) (actual time=1883.119..3823.713 rows=1380035 loops=1)
              Hash Cond: (mi_idx.movie_id = t.id)
              ->  Seq Scan on movie_info_idx mi_idx  (cost=0.00..21735.35 rows=1380035 width=4) (actual time=0.018..414.281 rows=1380035 loops=1)
              ->  Hash  (cost=61283.27..61283.27 rows=2528527 width=4) (actual time=1882.352..1882.352 rows=2528312 loops=1)
                    Buckets: 131072  Batches: 64  Memory Usage: 2415kB
                    ->  Seq Scan on title t  (cost=0.00..61283.27 rows=2528527 width=4) (actual time=0.017..1059.585 rows=2528312 loops=1)
Planning time: 0.808 ms
Execution time: 10479.462 ms
