Seq Scan on cast_info ci  (cost=0.00..796071.18 rows=5269247 width=0) (actual time=409.416..12597.254 rows=3254864 loops=1)
  Filter: ((person_id < 1148321) AND (role_id > 2))
  Rows Removed by Filter: 32989480
Planning time: 0.235 ms
Execution time: 13011.290 ms
