Hash Join  (cost=107026.53..464995.71 rows=23143 width=0) (actual time=3641.922..7579.128 rows=66745 loops=1)
  Hash Cond: (mi.movie_id = t.id)
  ->  Seq Scan on movie_info mi  (cost=0.00..346232.03 rows=3068194 width=4) (actual time=692.458..5093.832 rows=3036719 loops=1)
        Filter: (info_type_id = 16)
        Rows Removed by Filter: 11799001
  ->  Hash  (cost=106788.13..106788.13 rows=19072 width=8) (actual time=1854.327..1854.327 rows=17538 loops=1)
        Buckets: 32768  Batches: 1  Memory Usage: 942kB
        ->  Hash Join  (cost=75628.47..106788.13 rows=19072 width=8) (actual time=1381.657..1847.416 rows=17538 loops=1)
              Hash Cond: (mi_idx.movie_id = t.id)
              ->  Seq Scan on movie_info_idx mi_idx  (cost=0.00..25185.44 rows=464934 width=4) (actual time=0.021..472.942 rows=460185 loops=1)
                    Filter: (info_type_id > 100)
                    Rows Removed by Filter: 919850
              ->  Hash  (cost=73925.90..73925.90 rows=103725 width=4) (actual time=1168.787..1168.787 rows=98992 loops=1)
                    Buckets: 131072  Batches: 2  Memory Usage: 2760kB
                    ->  Seq Scan on title t  (cost=0.00..73925.90 rows=103725 width=4) (actual time=262.064..1133.440 rows=98992 loops=1)
                          Filter: ((production_year > 2010) AND (kind_id = 1))
                          Rows Removed by Filter: 2429320
Planning time: 1.160 ms
Execution time: 7588.684 ms
