Hash Join  (cost=195838.96..561261.98 rows=207847 width=0) (actual time=6934.470..10162.624 rows=191997 loops=1)
  Hash Cond: (mi.movie_id = t.id)
  ->  Seq Scan on movie_info mi  (cost=0.00..346232.03 rows=1348138 width=4) (actual time=2749.765..5357.085 rows=1298989 loops=1)
        Filter: (info_type_id = 4)
        Rows Removed by Filter: 13536731
  ->  Hash  (cost=189443.06..189443.06 rows=389832 width=8) (actual time=4161.433..4161.433 rows=206316 loops=1)
        Buckets: 131072  Batches: 8  Memory Usage: 2016kB
        ->  Hash Join  (cost=87642.27..189443.06 rows=389832 width=8) (actual time=1885.528..4104.342 rows=206316 loops=1)
              Hash Cond: (mk.movie_id = t.id)
              ->  Seq Scan on movie_keyword mk  (cost=0.00..81003.12 rows=1179027 width=4) (actual time=0.028..1545.014 rows=1189013 loops=1)
                    Filter: (keyword_id > 15565)
                    Rows Removed by Filter: 3334917
              ->  Hash  (cost=73925.90..73925.90 rows=836029 width=4) (actual time=1883.705..1883.705 rows=742319 loops=1)
                    Buckets: 131072  Batches: 16  Memory Usage: 2663kB
                    ->  Seq Scan on title t  (cost=0.00..73925.90 rows=836029 width=4) (actual time=0.016..1488.171 rows=742319 loops=1)
                          Filter: ((kind_id > 1) AND (production_year < 2002))
                          Rows Removed by Filter: 1785993
Planning time: 1.198 ms
Execution time: 10187.802 ms
