Nested Loop  (cost=0.43..83813.78 rows=4349 width=0) (actual time=162.543..861.522 rows=4285 loops=1)
  ->  Seq Scan on movie_companies mc  (cost=0.00..51404.11 rows=4349 width=4) (actual time=162.460..803.347 rows=4285 loops=1)
        Filter: (company_id = 258)
        Rows Removed by Filter: 2604844
  ->  Index Only Scan using title_pkey on title t  (cost=0.43..7.44 rows=1 width=4) (actual time=0.013..0.013 rows=1 loops=4285)
        Index Cond: (id = mc.movie_id)
        Heap Fetches: 4285
Planning time: 0.733 ms
Execution time: 862.628 ms
