Nested Loop  (cost=0.43..69882.32 rows=2348 width=0) (actual time=0.181..878.752 rows=2436 loops=1)
  ->  Seq Scan on movie_companies mc  (cost=0.00..51404.11 rows=2348 width=4) (actual time=0.117..826.695 rows=2436 loops=1)
        Filter: (company_id = 252)
        Rows Removed by Filter: 2606693
  ->  Index Only Scan using title_pkey on title t  (cost=0.43..7.86 rows=1 width=4) (actual time=0.020..0.021 rows=1 loops=2436)
        Index Cond: (id = mc.movie_id)
        Heap Fetches: 2436
Planning time: 4.772 ms
Execution time: 879.425 ms
