Seq Scan on cast_info ci  (cost=0.00..796071.18 rows=3986507 width=0) (actual time=0.017..13497.121 rows=1289602 loops=1)
  Filter: ((person_id < 2558551) AND (role_id > 8))
  Rows Removed by Filter: 34954742
Planning time: 0.333 ms
Execution time: 13660.944 ms
