Hash Join  (cost=91620.84..878052.44 rows=3799167 width=169) (actual time=1714.373..24872.855 rows=8130874 loops=1)
  Hash Cond: (mi.movie_id = t.id)
  ->  Seq Scan on movie_info mi  (cost=0.00..309384.22 rows=14739122 width=75) (actual time=0.018..6310.703 rows=14835720 loops=1)
  ->  Hash  (cost=73925.90..73925.90 rows=651755 width=94) (actual time=1713.915..1713.915 rows=711179 loops=1)
        Buckets: 32768  Batches: 32  Memory Usage: 2724kB
        ->  Seq Scan on title t  (cost=0.00..73925.90 rows=651755 width=94) (actual time=0.018..1425.388 rows=711179 loops=1)
              Filter: ((kind_id < 7) AND (production_year < 2008))
              Rows Removed by Filter: 1817133
Planning time: 4.853 ms
Execution time: 25319.568 ms
