Hash Join  (cost=102767.86..245333.74 rows=2147862 width=0) (actual time=1909.825..5546.135 rows=2154779 loops=1)
  Hash Cond: (mk.movie_id = t.id)
  ->  Seq Scan on movie_keyword mk  (cost=0.00..81003.12 rows=2147862 width=4) (actual time=0.019..1626.838 rows=2154779 loops=1)
        Filter: (keyword_id < 4075)
        Rows Removed by Filter: 2369151
  ->  Hash  (cost=61283.27..61283.27 rows=2528527 width=4) (actual time=1908.799..1908.799 rows=2528312 loops=1)
        Buckets: 131072  Batches: 64  Memory Usage: 2425kB
        ->  Seq Scan on title t  (cost=0.00..61283.27 rows=2528527 width=4) (actual time=0.014..1027.810 rows=2528312 loops=1)
Planning time: 4.176 ms
Execution time: 5794.252 ms
