Hash Join  (cost=153905.10..237483.11 rows=618648 width=0) (actual time=3407.856..6020.314 rows=1596825 loops=1)
  Hash Cond: (mc.movie_id = t.id)
  ->  Seq Scan on movie_companies mc  (cost=0.00..44881.29 rows=2609129 width=4) (actual time=0.019..896.357 rows=2609129 loops=1)
  ->  Hash  (cost=144068.89..144068.89 rows=599537 width=8) (actual time=3406.946..3406.946 rows=555977 loops=1)
        Buckets: 131072  Batches: 8  Memory Usage: 3739kB
        ->  Hash Join  (cost=94666.80..144068.89 rows=599537 width=8) (actual time=1850.123..3256.731 rows=555977 loops=1)
              Hash Cond: (mi_idx.movie_id = t.id)
              ->  Seq Scan on movie_info_idx mi_idx  (cost=0.00..25185.44 rows=919057 width=4) (actual time=0.020..535.574 rows=920110 loops=1)
                    Filter: (info_type_id > 99)
                    Rows Removed by Filter: 459925
              ->  Hash  (cost=67604.59..67604.59 rows=1649457 width=4) (actual time=1848.925..1848.925 rows=1643514 loops=1)
                    Buckets: 131072  Batches: 32  Memory Usage: 2831kB
                    ->  Seq Scan on title t  (cost=0.00..67604.59 rows=1649457 width=4) (actual time=0.017..1318.550 rows=1643514 loops=1)
                          Filter: (production_year > 1994)
                          Rows Removed by Filter: 884798
Planning time: 1.106 ms
Execution time: 6215.497 ms
