Hash Join  (cost=102767.86..201260.04 rows=1546343 width=0) (actual time=1896.806..4552.031 rows=1535721 loops=1)
  Hash Cond: (mc.movie_id = t.id)
  ->  Seq Scan on movie_companies mc  (cost=0.00..51404.11 rows=1546343 width=4) (actual time=0.020..939.335 rows=1535721 loops=1)
        Filter: (company_id < 14490)
        Rows Removed by Filter: 1073408
  ->  Hash  (cost=61283.27..61283.27 rows=2528527 width=4) (actual time=1894.877..1894.877 rows=2528312 loops=1)
        Buckets: 131072  Batches: 64  Memory Usage: 2415kB
        ->  Seq Scan on title t  (cost=0.00..61283.27 rows=2528527 width=4) (actual time=0.013..1001.339 rows=2528312 loops=1)
Planning time: 0.694 ms
Execution time: 4749.596 ms
