Hash Join  (cost=81575.34..222857.00 rows=803931 width=0) (actual time=1622.833..6045.704 rows=2325136 loops=1)
  Hash Cond: (mk.movie_id = t.id)
  ->  Seq Scan on movie_keyword mk  (cost=0.00..81003.12 rows=4360326 width=4) (actual time=0.024..1778.349 rows=4346368 loops=1)
        Filter: (keyword_id > 121)
        Rows Removed by Filter: 177562
  ->  Hash  (cost=73925.90..73925.90 rows=466195 width=4) (actual time=1617.405..1617.405 rows=516974 loops=1)
        Buckets: 131072  Batches: 8  Memory Usage: 3318kB
        ->  Seq Scan on title t  (cost=0.00..73925.90 rows=466195 width=4) (actual time=0.016..1200.086 rows=516974 loops=1)
              Filter: ((kind_id < 3) AND (production_year < 2007))
              Rows Removed by Filter: 2011338
Planning time: 0.729 ms
Execution time: 6313.698 ms
