Seq Scan on movie_companies mc  (cost=0.00..51404.11 rows=2249247 width=0) (actual time=0.045..972.145 rows=2253071 loops=1)
  Filter: (company_id > 178)
  Rows Removed by Filter: 356058
Planning time: 0.422 ms
Execution time: 1259.551 ms
