Hash Join  (cost=152359.02..207072.38 rows=4784 width=0) (actual time=7209.941..10420.385 rows=26900 loops=1)
  Hash Cond: (mc.movie_id = t.id)
  ->  Seq Scan on movie_companies mc  (cost=0.00..44881.29 rows=2609129 width=4) (actual time=0.025..2521.556 rows=2609129 loops=1)
  ->  Hash  (cost=152301.07..152301.07 rows=4636 width=8) (actual time=7207.199..7207.199 rows=4121 loops=1)
        Buckets: 8192  Batches: 1  Memory Usage: 225kB
        ->  Hash Join  (cost=69687.24..152301.07 rows=4636 width=8) (actual time=2988.051..7205.181 rows=4121 loops=1)
              Hash Cond: (mk.movie_id = t.id)
              ->  Seq Scan on movie_keyword mk  (cost=0.00..81003.12 rows=92359 width=4) (actual time=0.048..3947.079 rows=101761 loops=1)
                    Filter: (keyword_id < 99)
                    Rows Removed by Filter: 4422169
              ->  Hash  (cost=67604.59..67604.59 rows=126932 width=4) (actual time=2986.930..2986.930 rows=122861 loops=1)
                    Buckets: 131072  Batches: 2  Memory Usage: 3197kB
                    ->  Seq Scan on title t  (cost=0.00..67604.59 rows=126932 width=4) (actual time=0.015..2934.444 rows=122861 loops=1)
                          Filter: (production_year = 2008)
                          Rows Removed by Filter: 2405451
Planning time: 3.185 ms
Execution time: 10424.450 ms
