Hash Join  (cost=420042.13..507148.00 rows=44783 width=0) (actual time=6803.683..8730.322 rows=107533 loops=1)
  Hash Cond: (mk.movie_id = t.id)
  ->  Seq Scan on movie_keyword mk  (cost=0.00..69693.30 rows=4523930 width=4) (actual time=0.021..1043.297 rows=4523930 loops=1)
  ->  Hash  (cost=419729.25..419729.25 rows=25030 width=8) (actual time=6802.804..6802.804 rows=23302 loops=1)
        Buckets: 32768  Batches: 1  Memory Usage: 1167kB
        ->  Hash Join  (cost=68191.41..419729.25 rows=25030 width=8) (actual time=1680.527..6792.783 rows=23302 loops=1)
              Hash Cond: (mi.movie_id = t.id)
              ->  Seq Scan on movie_info mi  (cost=0.00..346232.03 rows=1348138 width=4) (actual time=562.727..5312.914 rows=1298989 loops=1)
                    Filter: (info_type_id = 4)
                    Rows Removed by Filter: 13536731
              ->  Hash  (cost=67604.59..67604.59 rows=46946 width=4) (actual time=1116.942..1116.942 rows=46583 loops=1)
                    Buckets: 65536  Batches: 1  Memory Usage: 2150kB
                    ->  Seq Scan on title t  (cost=0.00..67604.59 rows=46946 width=4) (actual time=0.024..1097.038 rows=46583 loops=1)
                          Filter: (production_year = 1998)
                          Rows Removed by Filter: 2481729
Planning time: 1.126 ms
Execution time: 8745.019 ms
