Hash Join  (cost=94537.60..160549.63 rows=95460 width=0) (actual time=2428.393..3397.840 rows=44966 loops=1)
  Hash Cond: (mc.movie_id = t.id)
  ->  Seq Scan on movie_companies mc  (cost=0.00..57926.93 rows=192130 width=4) (actual time=116.769..785.819 rows=87034 loops=1)
        Filter: ((company_id < 225) AND (company_type_id = 2))
        Rows Removed by Filter: 2522095
  ->  Hash  (cost=73925.90..73925.90 rows=1256296 width=4) (actual time=2310.758..2310.758 rows=1375227 loops=1)
        Buckets: 131072  Batches: 32  Memory Usage: 2542kB
        ->  Seq Scan on title t  (cost=0.00..73925.90 rows=1256296 width=4) (actual time=0.026..1455.012 rows=1375227 loops=1)
              Filter: ((kind_id > 1) AND (production_year > 1992))
              Rows Removed by Filter: 1153085
Planning time: 0.565 ms
Execution time: 3403.679 ms
