Hash Join  (cost=83074.74..447745.01 rows=1434 width=0) (actual time=1345.262..7638.334 rows=1053 loops=1)
  Hash Cond: (mi.movie_id = t.id)
  ->  Seq Scan on movie_info mi  (cost=0.00..309384.22 rows=14739122 width=4) (actual time=0.016..3901.076 rows=14835720 loops=1)
  ->  Hash  (cost=83071.67..83071.67 rows=246 width=8) (actual time=1301.199..1301.199 rows=47 loops=1)
        Buckets: 1024  Batches: 1  Memory Usage: 10kB
        ->  Nested Loop  (cost=0.43..83071.67 rows=246 width=8) (actual time=9.669..1301.123 rows=47 loops=1)
              ->  Seq Scan on movie_keyword mk  (cost=0.00..81003.12 rows=246 width=4) (actual time=9.566..1298.913 rows=47 loops=1)
                    Filter: (keyword_id = 64917)
                    Rows Removed by Filter: 4523883
              ->  Index Only Scan using title_pkey on title t  (cost=0.43..8.40 rows=1 width=4) (actual time=0.040..0.041 rows=1 loops=47)
                    Index Cond: (id = mk.movie_id)
                    Heap Fetches: 47
Planning time: 1.114 ms
Execution time: 7638.861 ms
