Hash Join  (cost=158800.20..909702.98 rows=11356 width=0) (actual time=7789.500..50403.322 rows=380484 loops=1)
  Hash Cond: (ci.movie_id = t.id)
  ->  Seq Scan on cast_info ci  (cost=0.00..614943.12 rows=36225612 width=4) (actual time=0.013..32755.633 rows=36244344 loops=1)
  ->  Hash  (cost=158790.29..158790.29 rows=793 width=8) (actual time=7789.284..7789.284 rows=7246 loops=1)
        Buckets: 8192 (originally 1024)  Batches: 1 (originally 1)  Memory Usage: 348kB
        ->  Hash Join  (cost=73950.44..158790.29 rows=793 width=8) (actual time=3640.946..7786.113 rows=7246 loops=1)
              Hash Cond: (mk.movie_id = t.id)
              ->  Seq Scan on movie_keyword mk  (cost=0.00..81003.12 rows=1021011 width=4) (actual time=0.016..3921.639 rows=1024156 loops=1)
                    Filter: (keyword_id < 1002)
                    Rows Removed by Filter: 3499774
              ->  Hash  (cost=73925.90..73925.90 rows=1963 width=4) (actual time=3640.750..3640.750 rows=4939 loops=1)
                    Buckets: 8192 (originally 2048)  Batches: 1 (originally 1)  Memory Usage: 238kB
                    ->  Seq Scan on title t  (cost=0.00..73925.90 rows=1963 width=4) (actual time=1279.020..3638.203 rows=4939 loops=1)
                          Filter: ((kind_id = 1) AND (production_year = 1989))
                          Rows Removed by Filter: 2523373
Planning time: 1.107 ms
Execution time: 50470.575 ms
