Seq Scan on movie_keyword mk  (cost=0.00..81003.12 rows=2266972 width=0) (actual time=0.019..1524.889 rows=2268473 loops=1)
  Filter: (keyword_id < 4753)
  Rows Removed by Filter: 2255457
Planning time: 0.295 ms
Execution time: 1808.524 ms
