Hash Join  (cost=117726.73..1172165.22 rows=1119795 width=0) (actual time=2110.696..28734.995 rows=3014374 loops=1)
  Hash Cond: (ci.movie_id = t.id)
  ->  Seq Scan on cast_info ci  (cost=0.00..705507.15 rows=29176381 width=4) (actual time=0.019..15577.564 rows=29256666 loops=1)
        Filter: (person_id > 675380)
        Rows Removed by Filter: 6987678
  ->  Hash  (cost=116133.67..116133.67 rows=97045 width=8) (actual time=2109.703..2109.703 rows=116094 loops=1)
        Buckets: 131072  Batches: 2  Memory Usage: 3285kB
        ->  Hash Join  (cost=78306.32..116133.67 rows=97045 width=8) (actual time=1168.011..2073.775 rows=116094 loops=1)
              Hash Cond: (mi_idx.movie_id = t.id)
              ->  Seq Scan on movie_info_idx mi_idx  (cost=0.00..25185.44 rows=919057 width=4) (actual time=0.030..476.800 rows=920110 loops=1)
                    Filter: (info_type_id > 99)
                    Rows Removed by Filter: 459925
              ->  Hash  (cost=73925.90..73925.90 rows=266993 width=4) (actual time=1167.242..1167.242 rows=216282 loops=1)
                    Buckets: 131072  Batches: 4  Memory Usage: 2928kB
                    ->  Seq Scan on title t  (cost=0.00..73925.90 rows=266993 width=4) (actual time=0.022..1097.778 rows=216282 loops=1)
                          Filter: ((production_year > 2005) AND (kind_id = 1))
                          Rows Removed by Filter: 2312030
Planning time: 1.193 ms
Execution time: 29080.047 ms
