Hash Join  (cost=73962.22..438787.48 rows=16934 width=0) (actual time=1113.439..8590.126 rows=37591 loops=1)
  Hash Cond: (mi.movie_id = t.id)
  ->  Seq Scan on movie_info mi  (cost=0.00..309384.22 rows=14739122 width=4) (actual time=0.023..4509.109 rows=14835720 loops=1)
  ->  Hash  (cost=73925.90..73925.90 rows=2905 width=4) (actual time=1103.885..1103.885 rows=2720 loops=1)
        Buckets: 4096  Batches: 1  Memory Usage: 128kB
        ->  Seq Scan on title t  (cost=0.00..73925.90 rows=2905 width=4) (actual time=0.284..1102.316 rows=2720 loops=1)
              Filter: ((kind_id < 7) AND (production_year = 1950))
              Rows Removed by Filter: 2525592
Planning time: 2.651 ms
Execution time: 8597.659 ms
