Seq Scan on movie_keyword mk  (cost=0.00..81003.12 rows=246 width=0) (actual time=12.350..1371.461 rows=150 loops=1)
  Filter: (keyword_id = 3730)
  Rows Removed by Filter: 4523780
Planning time: 0.322 ms
Execution time: 1371.657 ms
