Hash Join  (cost=92703.08..559817.75 rows=3275039 width=0) (actual time=1784.868..13077.390 rows=2106129 loops=1)
  Hash Cond: (mi.movie_id = t.id)
  ->  Seq Scan on movie_info mi  (cost=0.00..346232.03 rows=7235534 width=4) (actual time=0.024..6133.470 rows=7286865 loops=1)
        Filter: (info_type_id < 8)
        Rows Removed by Filter: 7548855
  ->  Hash  (cost=73925.90..73925.90 rows=1144494 width=4) (actual time=1783.840..1783.840 rows=1095581 loops=1)
        Buckets: 131072  Batches: 16  Memory Usage: 3444kB
        ->  Seq Scan on title t  (cost=0.00..73925.90 rows=1144494 width=4) (actual time=0.017..1449.294 rows=1095581 loops=1)
              Filter: ((kind_id > 1) AND (production_year < 2007))
              Rows Removed by Filter: 1432731
Planning time: 0.718 ms
Execution time: 13339.720 ms
