Hash Join  (cost=245475.78..647727.96 rows=1553943 width=0) (actual time=9058.105..15049.511 rows=9141403 loops=1)
  Hash Cond: (mi.movie_id = t.id)
  ->  Seq Scan on movie_info mi  (cost=0.00..346232.03 rows=3068194 width=4) (actual time=3607.204..5851.665 rows=3036719 loops=1)
        Filter: (info_type_id = 16)
        Rows Removed by Filter: 11799001
  ->  Hash  (cost=224465.04..224465.04 rows=1280619 width=8) (actual time=5449.345..5449.345 rows=1291892 loops=1)
        Buckets: 131072  Batches: 32  Memory Usage: 2679kB
        ->  Hash Join  (cost=102767.86..224465.04 rows=1280619 width=8) (actual time=2003.394..5044.490 rows=1291892 loops=1)
              Hash Cond: (mk.movie_id = t.id)
              ->  Seq Scan on movie_keyword mk  (cost=0.00..81003.12 rows=1280619 width=4) (actual time=0.028..1584.890 rows=1291892 loops=1)
                    Filter: (keyword_id < 1678)
                    Rows Removed by Filter: 3232038
              ->  Hash  (cost=61283.27..61283.27 rows=2528527 width=4) (actual time=2001.010..2001.010 rows=2528312 loops=1)
                    Buckets: 131072  Batches: 64  Memory Usage: 2425kB
                    ->  Seq Scan on title t  (cost=0.00..61283.27 rows=2528527 width=4) (actual time=0.016..1124.601 rows=2528312 loops=1)
Planning time: 1.378 ms
Execution time: 16045.064 ms
