Seq Scan on movie_keyword mk  (cost=0.00..81003.12 rows=4377567 width=0) (actual time=0.024..1767.704 rows=4378199 loops=1)
  Filter: (keyword_id < 74292)
  Rows Removed by Filter: 145731
Planning time: 0.281 ms
Execution time: 2303.374 ms
