Hash Join  (cost=81437.64..1005397.00 rows=2933433 width=0) (actual time=1267.241..23707.358 rows=1689276 loops=1)
  Hash Cond: (ci.movie_id = t.id)
  ->  Seq Scan on cast_info ci  (cost=0.00..705507.15 rows=16201301 width=4) (actual time=0.016..14379.598 rows=16121683 loops=1)
        Filter: (role_id > 2)
        Rows Removed by Filter: 20122661
  ->  Hash  (cost=73925.90..73925.90 rows=457819 width=4) (actual time=1265.578..1265.578 rows=344212 loops=1)
        Buckets: 131072  Batches: 8  Memory Usage: 2523kB
        ->  Seq Scan on title t  (cost=0.00..73925.90 rows=457819 width=4) (actual time=0.020..1152.080 rows=344212 loops=1)
              Filter: ((production_year < 1993) AND (kind_id = 7))
              Rows Removed by Filter: 2184100
Planning time: 0.658 ms
Execution time: 23911.362 ms
