Hash Join  (cost=83074.74..110004.13 rows=45 width=0) (actual time=1336.903..1884.519 rows=587 loops=1)
  Hash Cond: (mi_idx.movie_id = t.id)
  ->  Seq Scan on movie_info_idx mi_idx  (cost=0.00..25185.44 rows=464934 width=4) (actual time=0.021..478.247 rows=460185 loops=1)
        Filter: (info_type_id > 100)
        Rows Removed by Filter: 919850
  ->  Hash  (cost=83071.67..83071.67 rows=246 width=8) (actual time=1336.281..1336.281 rows=728 loops=1)
        Buckets: 1024  Batches: 1  Memory Usage: 37kB
        ->  Nested Loop  (cost=0.43..83071.67 rows=246 width=8) (actual time=1.263..1335.706 rows=728 loops=1)
              ->  Seq Scan on movie_keyword mk  (cost=0.00..81003.12 rows=246 width=4) (actual time=1.181..1279.881 rows=728 loops=1)
                    Filter: (keyword_id = 1644)
                    Rows Removed by Filter: 4523202
              ->  Index Only Scan using title_pkey on title t  (cost=0.43..8.40 rows=1 width=4) (actual time=0.074..0.075 rows=1 loops=728)
                    Index Cond: (id = mk.movie_id)
                    Heap Fetches: 728
Planning time: 1.140 ms
Execution time: 1884.833 ms
