Hash Join  (cost=102767.86..1286636.82 rows=15705710 width=0) (actual time=2060.029..37817.669 rows=20255867 loops=1)
  Hash Cond: (ci.movie_id = t.id)
  ->  Seq Scan on cast_info ci  (cost=0.00..796071.18 rows=15705710 width=4) (actual time=0.025..16995.277 rows=20255867 loops=1)
        Filter: ((person_id > 1173274) AND (role_id > 1))
        Rows Removed by Filter: 15988477
  ->  Hash  (cost=61283.27..61283.27 rows=2528527 width=4) (actual time=2059.024..2059.024 rows=2528312 loops=1)
        Buckets: 131072  Batches: 64  Memory Usage: 2415kB
        ->  Seq Scan on title t  (cost=0.00..61283.27 rows=2528527 width=4) (actual time=0.020..1218.678 rows=2528312 loops=1)
Planning time: 0.748 ms
Execution time: 40130.998 ms
