Hash Join  (cost=481988.85..523992.98 rows=251265 width=0) (actual time=8310.899..9759.665 rows=1249758 loops=1)
  Hash Cond: (mi_idx.movie_id = t.id)
  ->  Seq Scan on movie_info_idx mi_idx  (cost=0.00..21735.35 rows=1380035 width=4) (actual time=0.023..426.181 rows=1380035 loops=1)
  ->  Hash  (cost=474435.19..474435.19 rows=460373 width=8) (actual time=8310.073..8310.073 rows=485513 loops=1)
        Buckets: 131072  Batches: 8  Memory Usage: 3376kB
        ->  Hash Join  (cost=107928.35..474435.19 rows=460373 width=8) (actual time=4714.110..8169.757 rows=485513 loops=1)
              Hash Cond: (mi.movie_id = t.id)
              ->  Seq Scan on movie_info mi  (cost=0.00..346232.03 rows=473617 width=4) (actual time=2549.982..4963.145 rows=486554 loops=1)
                    Filter: (info_type_id = 5)
                    Rows Removed by Filter: 14349166
              ->  Hash  (cost=67604.59..67604.59 rows=2457821 width=4) (actual time=2162.565..2162.565 rows=2456218 loops=1)
                    Buckets: 131072  Batches: 64  Memory Usage: 2385kB
                    ->  Seq Scan on title t  (cost=0.00..67604.59 rows=2457821 width=4) (actual time=0.023..1341.571 rows=2456218 loops=1)
                          Filter: (production_year > 0)
                          Rows Removed by Filter: 72094
Planning time: 1.088 ms
Execution time: 9919.349 ms
