Seq Scan on movie_keyword mk  (cost=0.00..81003.12 rows=246 width=0) (actual time=14.233..3064.269 rows=2822 loops=1)
  Filter: (keyword_id = 1662)
  Rows Removed by Filter: 4521108
Planning time: 0.392 ms
Execution time: 3065.342 ms
