Seq Scan on cast_info ci  (cost=0.00..796071.18 rows=31021758 width=0) (actual time=0.020..18464.738 rows=31605208 loops=1)
  Filter: ((person_id < 3938458) AND (role_id < 10))
  Rows Removed by Filter: 4639136
Planning time: 0.523 ms
Execution time: 22299.018 ms
