Seq Scan on movie_keyword mk  (cost=0.00..81003.12 rows=3696349 width=0) (actual time=0.028..1702.854 rows=3693939 loops=1)
  Filter: (keyword_id > 795)
  Rows Removed by Filter: 829991
Planning time: 0.285 ms
Execution time: 2155.232 ms
