Seq Scan on movie_keyword mk  (cost=0.00..81003.12 rows=2207433 width=0) (actual time=0.026..1512.153 rows=2207478 loops=1)
  Filter: (keyword_id < 4456)
  Rows Removed by Filter: 2316452
Planning time: 0.269 ms
Execution time: 1788.675 ms
