Seq Scan on movie_keyword mk  (cost=0.00..81003.12 rows=1276704 width=0) (actual time=0.030..1379.619 rows=1284275 loops=1)
  Filter: (keyword_id > 13759)
  Rows Removed by Filter: 3239655
Planning time: 0.301 ms
Execution time: 1538.409 ms
