Hash Join  (cost=88767.14..166490.42 rows=384253 width=0) (actual time=1834.907..3318.753 rows=73990 loops=1)
  Hash Cond: (mc.movie_id = t.id)
  ->  Seq Scan on movie_companies mc  (cost=0.00..57926.93 rows=1074083 width=4) (actual time=308.323..1189.275 rows=953140 loops=1)
        Filter: ((company_id > 292) AND (company_type_id < 2))
        Rows Removed by Filter: 1655989
  ->  Hash  (cost=73925.90..73925.90 rows=904579 width=4) (actual time=1525.761..1525.761 rows=992072 loops=1)
        Buckets: 131072  Batches: 16  Memory Usage: 3212kB
        ->  Seq Scan on title t  (cost=0.00..73925.90 rows=904579 width=4) (actual time=0.034..1223.883 rows=992072 loops=1)
              Filter: ((production_year > 1998) AND (kind_id = 7))
              Rows Removed by Filter: 1536240
Planning time: 0.740 ms
Execution time: 3327.325 ms
