Seq Scan on movie_companies mc  (cost=0.00..51404.11 rows=2424224 width=0) (actual time=0.029..2272.411 rows=2423226 loops=1)
  Filter: (company_id < 118224)
  Rows Removed by Filter: 185903
Planning time: 0.311 ms
Execution time: 2597.576 ms
