Hash Join  (cost=197271.77..697279.77 rows=1893307 width=0) (actual time=3754.998..16302.098 rows=865614 loops=1)
  Hash Cond: (mi.movie_id = t.id)
  ->  Seq Scan on movie_info mi  (cost=0.00..309384.22 rows=14739122 width=4) (actual time=0.024..6260.938 rows=14835720 loops=1)
  ->  Hash  (cost=191942.75..191942.75 rows=324801 width=8) (actual time=3749.427..3749.427 rows=85614 loops=1)
        Buckets: 131072  Batches: 8  Memory Usage: 1452kB
        ->  Hash Join  (cost=95314.15..191942.75 rows=324801 width=8) (actual time=2146.938..3721.102 rows=85614 loops=1)
              Hash Cond: (mk.movie_id = t.id)
              ->  Seq Scan on movie_keyword mk  (cost=0.00..81003.12 rows=629990 width=4) (actual time=0.029..1391.423 rows=640368 loops=1)
                    Filter: (keyword_id > 29029)
                    Rows Removed by Filter: 3883562
              ->  Hash  (cost=73925.90..73925.90 rows=1303620 width=4) (actual time=1789.286..1789.286 rows=1383104 loops=1)
                    Buckets: 131072  Batches: 32  Memory Usage: 2552kB
                    ->  Seq Scan on title t  (cost=0.00..73925.90 rows=1303620 width=4) (actual time=0.016..1333.643 rows=1383104 loops=1)
                          Filter: ((production_year > 1966) AND (kind_id = 7))
                          Rows Removed by Filter: 1145208
Planning time: 1.120 ms
Execution time: 16390.692 ms
