Hash Join  (cost=269333.59..748795.56 rows=4608639 width=0) (actual time=6538.069..34369.510 rows=75441073 loops=1)
  Hash Cond: (mi.movie_id = t.id)
  ->  Seq Scan on movie_info mi  (cost=0.00..346232.03 rows=6231111 width=4) (actual time=715.651..6365.565 rows=6223494 loops=1)
        Filter: (info_type_id > 8)
        Rows Removed by Filter: 8612226
  ->  Hash  (cost=238650.81..238650.81 rows=1870143 width=8) (actual time=5815.706..5815.706 rows=1878221 loops=1)
        Buckets: 131072  Batches: 32  Memory Usage: 3382kB
        ->  Hash Join  (cost=102767.86..238650.81 rows=1870143 width=8) (actual time=1949.126..5272.176 rows=1878221 loops=1)
              Hash Cond: (mk.movie_id = t.id)
              ->  Seq Scan on movie_keyword mk  (cost=0.00..81003.12 rows=1870143 width=4) (actual time=0.038..1529.892 rows=1878221 loops=1)
                    Filter: (keyword_id > 7300)
                    Rows Removed by Filter: 2645709
              ->  Hash  (cost=61283.27..61283.27 rows=2528527 width=4) (actual time=1948.200..1948.200 rows=2528312 loops=1)
                    Buckets: 131072  Batches: 64  Memory Usage: 2425kB
                    ->  Seq Scan on title t  (cost=0.00..61283.27 rows=2528527 width=4) (actual time=0.020..1067.192 rows=2528312 loops=1)
Planning time: 1.138 ms
Execution time: 42946.433 ms
