Seq Scan on cast_info ci  (cost=0.00..705507.15 rows=500 width=0) (actual time=8574.063..11015.276 rows=573 loops=1)
  Filter: (person_id = 2283808)
  Rows Removed by Filter: 36243771
Planning time: 1.246 ms
Execution time: 11015.928 ms
