Seq Scan on movie_keyword mk  (cost=0.00..81003.12 rows=246 width=0) (actual time=103.857..1250.572 rows=2 loops=1)
  Filter: (keyword_id = 111960)
  Rows Removed by Filter: 4523928
Planning time: 0.314 ms
Execution time: 1250.651 ms
