Hash Join  (cost=217858.32..1050832.54 rows=991224 width=0) (actual time=15365.137..22037.203 rows=4733645 loops=1)
  Hash Cond: (ci.movie_id = t.id)
  ->  Seq Scan on cast_info ci  (cost=0.00..796071.18 rows=1885014 width=4) (actual time=10536.049..13858.746 rows=3539137 loops=1)
        Filter: ((person_id > 2043001) AND (role_id = 10))
        Rows Removed by Filter: 32705207
  ->  Hash  (cost=196044.17..196044.17 rows=1329612 width=8) (actual time=4827.740..4827.740 rows=1334883 loops=1)
        Buckets: 131072  Batches: 32  Memory Usage: 2639kB
        ->  Hash Join  (cost=102767.86..196044.17 rows=1329612 width=8) (actual time=2183.002..4441.026 rows=1334883 loops=1)
              Hash Cond: (mc.movie_id = t.id)
              ->  Seq Scan on movie_companies mc  (cost=0.00..51404.11 rows=1329612 width=4) (actual time=322.537..1042.964 rows=1334883 loops=1)
                    Filter: (company_type_id = 2)
                    Rows Removed by Filter: 1274246
              ->  Hash  (cost=61283.27..61283.27 rows=2528527 width=4) (actual time=1859.128..1859.128 rows=2528312 loops=1)
                    Buckets: 131072  Batches: 64  Memory Usage: 2415kB
                    ->  Seq Scan on title t  (cost=0.00..61283.27 rows=2528527 width=4) (actual time=0.081..1030.044 rows=2528312 loops=1)
Planning time: 1.145 ms
Execution time: 22591.137 ms
