Seq Scan on movie_keyword mk  (cost=0.00..81003.12 rows=2818925 width=0) (actual time=0.025..1429.133 rows=2811166 loops=1)
  Filter: (keyword_id < 8339)
  Rows Removed by Filter: 1712764
Planning time: 0.312 ms
Execution time: 1775.350 ms
