Hash Join  (cost=990358.56..1164341.97 rows=3265589 width=0) (actual time=21740.369..35897.588 rows=41534955 loops=1)
  Hash Cond: (mk.movie_id = t.id)
  ->  Seq Scan on movie_keyword mk  (cost=0.00..81003.12 rows=4093078 width=4) (actual time=0.022..1764.027 rows=4098197 loops=1)
        Filter: (keyword_id < 41062)
        Rows Removed by Filter: 425733
  ->  Hash  (cost=957260.81..957260.81 rows=2017340 width=8) (actual time=21738.619..21738.619 rows=5050778 loops=1)
        Buckets: 131072 (originally 131072)  Batches: 128 (originally 32)  Memory Usage: 4136kB
        ->  Hash Join  (cost=102767.86..957260.81 rows=2017340 width=8) (actual time=6624.682..20381.991 rows=5050778 loops=1)
              Hash Cond: (ci.movie_id = t.id)
              ->  Seq Scan on cast_info ci  (cost=0.00..796071.18 rows=2017340 width=4) (actual time=4057.374..13281.495 rows=5050778 loops=1)
                    Filter: ((person_id > 2744089) AND (role_id > 7))
                    Rows Removed by Filter: 31193566
              ->  Hash  (cost=61283.27..61283.27 rows=2528527 width=4) (actual time=2566.129..2566.129 rows=2528312 loops=1)
                    Buckets: 131072  Batches: 64  Memory Usage: 2415kB
                    ->  Seq Scan on title t  (cost=0.00..61283.27 rows=2528527 width=4) (actual time=0.047..1029.018 rows=2528312 loops=1)
Planning time: 1.067 ms
Execution time: 40278.874 ms
