Seq Scan on movie_keyword mk  (cost=0.00..81003.12 rows=3061762 width=0) (actual time=0.024..1518.962 rows=3042681 loops=1)
  Filter: (keyword_id > 2113)
  Rows Removed by Filter: 1481249
Planning time: 0.319 ms
Execution time: 1902.531 ms
