Seq Scan on movie_keyword mk  (cost=0.00..81003.12 rows=2419741 width=0) (actual time=0.027..3164.041 rows=2420736 loops=1)
  Filter: (keyword_id < 5711)
  Rows Removed by Filter: 2103194
Planning time: 1.426 ms
Execution time: 3526.768 ms
