Hash Join  (cost=119907.02..206570.92 rows=587 width=0) (actual time=1778.616..3576.475 rows=5544 loops=1)
  Hash Cond: (mk.movie_id = t.id)
  ->  Seq Scan on movie_keyword mk  (cost=0.00..69693.30 rows=4523930 width=4) (actual time=0.024..1076.745 rows=4523930 loops=1)
  ->  Hash  (cost=119902.92..119902.92 rows=328 width=8) (actual time=1726.822..1726.822 rows=80 loops=1)
        Buckets: 1024  Batches: 1  Memory Usage: 12kB
        ->  Hash Join  (cost=68449.54..119902.92 rows=328 width=8) (actual time=1039.563..1726.665 rows=80 loops=1)
              Hash Cond: (mc.movie_id = t.id)
              ->  Seq Scan on movie_companies mc  (cost=0.00..51404.11 rows=12263 width=4) (actual time=0.218..681.228 rows=10163 loops=1)
                    Filter: (company_id = 846)
                    Rows Removed by Filter: 2598966
              ->  Hash  (cost=67604.59..67604.59 rows=67596 width=4) (actual time=1038.168..1038.168 rows=67777 loops=1)
                    Buckets: 131072  Batches: 1  Memory Usage: 3407kB
                    ->  Seq Scan on title t  (cost=0.00..67604.59 rows=67596 width=4) (actual time=0.021..1009.728 rows=67777 loops=1)
                          Filter: (production_year = 2003)
                          Rows Removed by Filter: 2460535
Planning time: 1.092 ms
Execution time: 3577.425 ms
