Seq Scan on cast_info ci  (cost=0.00..796071.18 rows=11919804 width=0) (actual time=2441.550..15037.893 rows=13482567 loops=1)
  Filter: ((person_id > 924649) AND (role_id > 2))
  Rows Removed by Filter: 22761777
Planning time: 0.329 ms
Execution time: 16638.302 ms
