Seq Scan on movie_keyword mk  (cost=0.00..81003.12 rows=2219665 width=0) (actual time=0.025..1450.613 rows=2210768 loops=1)
  Filter: (keyword_id > 4973)
  Rows Removed by Filter: 2313162
Planning time: 0.297 ms
Execution time: 1719.418 ms
