Hash Join  (cost=102614.81..158822.18 rows=507 width=0) (actual time=1676.480..2858.918 rows=3654 loops=1)
  Hash Cond: (mc.movie_id = t.id)
  ->  Seq Scan on movie_companies mc  (cost=0.00..51404.11 rows=1279517 width=4) (actual time=0.021..1011.208 rows=1274246 loops=1)
        Filter: (company_type_id = 1)
        Rows Removed by Filter: 1334883
  ->  Hash  (cost=102602.29..102602.29 rows=1002 width=8) (actual time=1645.623..1645.623 rows=3126 loops=1)
        Buckets: 4096 (originally 1024)  Batches: 1 (originally 1)  Memory Usage: 155kB
        ->  Hash Join  (cost=73960.37..102602.29 rows=1002 width=8) (actual time=1008.796..1644.191 rows=3126 loops=1)
              Hash Cond: (mi_idx.movie_id = t.id)
              ->  Seq Scan on movie_info_idx mi_idx  (cost=0.00..25185.44 rows=919057 width=4) (actual time=0.036..481.406 rows=920110 loops=1)
                    Filter: (info_type_id > 99)
                    Rows Removed by Filter: 459925
              ->  Hash  (cost=73925.90..73925.90 rows=2757 width=4) (actual time=1008.637..1008.637 rows=4737 loops=1)
                    Buckets: 8192 (originally 4096)  Batches: 1 (originally 1)  Memory Usage: 231kB
                    ->  Seq Scan on title t  (cost=0.00..73925.90 rows=2757 width=4) (actual time=0.027..1006.237 rows=4737 loops=1)
                          Filter: ((kind_id = 4) AND (production_year = 2002))
                          Rows Removed by Filter: 2523575
Planning time: 1.213 ms
Execution time: 2859.664 ms
