Seq Scan on movie_companies mc  (cost=0.00..51404.11 rows=2148461 width=0) (actual time=0.022..841.121 rows=2151520 loops=1)
  Filter: (company_id > 390)
  Rows Removed by Filter: 457609
Planning time: 0.307 ms
Execution time: 1107.455 ms
