Hash Join  (cost=73982.55..100917.78 rows=2474 width=0) (actual time=1230.020..1814.678 rows=5505 loops=1)
  Hash Cond: (mi_idx.movie_id = t.id)
  ->  Seq Scan on movie_info_idx mi_idx  (cost=0.00..21735.35 rows=1380035 width=4) (actual time=0.029..300.854 rows=1380035 loops=1)
  ->  Hash  (cost=73925.90..73925.90 rows=4532 width=4) (actual time=1229.520..1229.520 rows=13632 loops=1)
        Buckets: 16384 (originally 8192)  Batches: 1 (originally 1)  Memory Usage: 608kB
        ->  Seq Scan on title t  (cost=0.00..73925.90 rows=4532 width=4) (actual time=0.025..1222.899 rows=13632 loops=1)
              Filter: ((kind_id = 7) AND (production_year = 1990))
              Rows Removed by Filter: 2514680
Planning time: 1.418 ms
Execution time: 1815.481 ms
