Hash Join  (cost=142704.60..508174.34 rows=81381 width=0) (actual time=1374.547..8165.476 rows=130869 loops=1)
  Hash Cond: (mi.movie_id = t.id)
  ->  Seq Scan on movie_info mi  (cost=0.00..309384.22 rows=14739122 width=4) (actual time=0.017..3620.186 rows=14835720 loops=1)
  ->  Hash  (cost=142530.09..142530.09 rows=13961 width=8) (actual time=1374.086..1374.086 rows=14470 loops=1)
        Buckets: 16384  Batches: 1  Memory Usage: 694kB
        ->  Nested Loop  (cost=0.43..142530.09 rows=13961 width=8) (actual time=206.297..1366.756 rows=14470 loops=1)
              ->  Seq Scan on movie_companies mc  (cost=0.00..57926.93 rows=13961 width=4) (actual time=206.194..899.116 rows=14470 loops=1)
                    Filter: ((company_id = 27) AND (company_type_id = 2))
                    Rows Removed by Filter: 2594659
              ->  Index Only Scan using title_pkey on title t  (cost=0.43..6.05 rows=1 width=4) (actual time=0.031..0.032 rows=1 loops=14470)
                    Index Cond: (id = mc.movie_id)
                    Heap Fetches: 14470
Planning time: 6.664 ms
Execution time: 8184.169 ms
