Hash Join  (cost=88025.26..188466.21 rows=365268 width=0) (actual time=1586.990..3829.900 rows=726370 loops=1)
  Hash Cond: (mk.movie_id = t.id)
  ->  Seq Scan on movie_keyword mk  (cost=0.00..81003.12 rows=1074707 width=4) (actual time=0.025..1498.275 rows=1084514 loops=1)
        Filter: (keyword_id > 16302)
        Rows Removed by Filter: 3439416
  ->  Hash  (cost=73925.90..73925.90 rows=859388 width=4) (actual time=1585.855..1585.855 rows=774344 loops=1)
        Buckets: 131072  Batches: 16  Memory Usage: 2737kB
        ->  Seq Scan on title t  (cost=0.00..73925.90 rows=859388 width=4) (actual time=0.015..1329.361 rows=774344 loops=1)
              Filter: ((kind_id < 7) AND (production_year > 1961))
              Rows Removed by Filter: 1753968
Planning time: 0.730 ms
Execution time: 3905.638 ms
