Hash Join  (cost=175027.18..244486.85 rows=345943 width=0) (actual time=9168.306..12615.550 rows=906340 loops=1)
  Hash Cond: (mc.movie_id = t.id)
  ->  Seq Scan on movie_companies mc  (cost=0.00..51404.11 rows=951766 width=4) (actual time=417.207..2840.165 rows=960143 loops=1)
        Filter: (company_id > 18111)
        Rows Removed by Filter: 1648986
  ->  Hash  (cost=159947.97..159947.97 rows=919057 width=8) (actual time=8749.866..8749.866 rows=920110 loops=1)
        Buckets: 131072  Batches: 16  Memory Usage: 3269kB
        ->  Hash Join  (cost=102767.86..159947.97 rows=919057 width=8) (actual time=5321.113..8449.623 rows=920110 loops=1)
              Hash Cond: (mi_idx.movie_id = t.id)
              ->  Seq Scan on movie_info_idx mi_idx  (cost=0.00..25185.44 rows=919057 width=4) (actual time=0.032..1686.743 rows=920110 loops=1)
                    Filter: (info_type_id > 99)
                    Rows Removed by Filter: 459925
              ->  Hash  (cost=61283.27..61283.27 rows=2528527 width=4) (actual time=5320.145..5320.145 rows=2528312 loops=1)
                    Buckets: 131072  Batches: 64  Memory Usage: 2415kB
                    ->  Seq Scan on title t  (cost=0.00..61283.27 rows=2528527 width=4) (actual time=0.015..3898.921 rows=2528312 loops=1)
Planning time: 1.140 ms
Execution time: 12743.902 ms
