Hash Join  (cost=74445.07..939894.11 rows=291137 width=0) (actual time=3769.369..56883.915 rows=354013 loops=1)
  Hash Cond: (ci.movie_id = t.id)
  ->  Seq Scan on cast_info ci  (cost=0.00..796071.18 rows=17724399 width=4) (actual time=0.018..44802.009 rows=20122661 loops=1)
        Filter: ((person_id < 3288772) AND (role_id < 3))
        Rows Removed by Filter: 16121683
  ->  Hash  (cost=73925.90..73925.90 rows=41533 width=4) (actual time=3768.873..3768.873 rows=44260 loops=1)
        Buckets: 65536  Batches: 1  Memory Usage: 2069kB
        ->  Seq Scan on title t  (cost=0.00..73925.90 rows=41533 width=4) (actual time=0.025..3745.162 rows=44260 loops=1)
              Filter: ((kind_id > 4) AND (production_year = 2003))
              Rows Removed by Filter: 2484052
Planning time: 0.740 ms
Execution time: 56958.530 ms
