Hash Join  (cost=101141.00..854537.21 rows=16636 width=0) (actual time=22472.862..46456.893 rows=25599 loops=1)
  Hash Cond: (ci.movie_id = t.id)
  ->  Seq Scan on cast_info ci  (cost=0.00..705507.15 rows=12726058 width=4) (actual time=17179.671..38316.767 rows=12670688 loops=1)
        Filter: (role_id < 2)
        Rows Removed by Filter: 23573656
  ->  Hash  (cost=101099.68..101099.68 rows=3305 width=8) (actual time=5292.566..5292.566 rows=2407 loops=1)
        Buckets: 4096  Batches: 1  Memory Usage: 127kB
        ->  Hash Join  (cost=74152.53..101099.68 rows=3305 width=8) (actual time=3555.228..5291.341 rows=2407 loops=1)
              Hash Cond: (mi_idx.movie_id = t.id)
              ->  Seq Scan on movie_info_idx mi_idx  (cost=0.00..25185.44 rows=460978 width=4) (actual time=0.026..1494.392 rows=459925 loops=1)
                    Filter: (info_type_id < 100)
                    Rows Removed by Filter: 920110
              ->  Hash  (cost=73925.90..73925.90 rows=18130 width=4) (actual time=3547.865..3547.865 rows=18886 loops=1)
                    Buckets: 32768  Batches: 1  Memory Usage: 920kB
                    ->  Seq Scan on title t  (cost=0.00..73925.90 rows=18130 width=4) (actual time=136.350..3520.048 rows=18886 loops=1)
                          Filter: ((kind_id = 7) AND (production_year = 1994))
                          Rows Removed by Filter: 2509426
Planning time: 1.110 ms
Execution time: 46462.424 ms
