Hash Join  (cost=174865.45..1393866.57 rows=12155828 width=0) (actual time=6431.822..70279.910 rows=24571598 loops=1)
  Hash Cond: (ci.movie_id = t.id)
  ->  Seq Scan on cast_info ci  (cost=0.00..705507.15 rows=33587919 width=4) (actual time=0.018..36909.182 rows=33565172 loops=1)
        Filter: (person_id < 3546808)
        Rows Removed by Filter: 2679172
  ->  Hash  (cost=159851.69..159851.69 rows=915101 width=8) (actual time=6431.032..6431.032 rows=919850 loops=1)
        Buckets: 131072  Batches: 16  Memory Usage: 3269kB
        ->  Hash Join  (cost=102767.86..159851.69 rows=915101 width=8) (actual time=3741.396..6154.031 rows=919850 loops=1)
              Hash Cond: (mi_idx.movie_id = t.id)
              ->  Seq Scan on movie_info_idx mi_idx  (cost=0.00..25185.44 rows=915101 width=4) (actual time=0.011..1161.851 rows=919850 loops=1)
                    Filter: (info_type_id < 101)
                    Rows Removed by Filter: 460185
              ->  Hash  (cost=61283.27..61283.27 rows=2528527 width=4) (actual time=3739.998..3739.998 rows=2528312 loops=1)
                    Buckets: 131072  Batches: 64  Memory Usage: 2415kB
                    ->  Seq Scan on title t  (cost=0.00..61283.27 rows=2528527 width=4) (actual time=0.009..2793.016 rows=2528312 loops=1)
Planning time: 0.896 ms
Execution time: 73550.571 ms
