Hash Join  (cost=94973.51..473891.35 rows=889412 width=0) (actual time=14719.361..20295.025 rows=485737 loops=1)
  Hash Cond: (mi.movie_id = t.id)
  ->  Seq Scan on movie_info mi  (cost=0.00..346232.03 rows=1348138 width=4) (actual time=9071.118..13371.144 rows=1298989 loops=1)
        Filter: (info_type_id = 4)
        Rows Removed by Filter: 13536731
  ->  Hash  (cost=67604.59..67604.59 rows=1668154 width=4) (actual time=5646.286..5646.286 rows=1674098 loops=1)
        Buckets: 131072  Batches: 32  Memory Usage: 2875kB
        ->  Seq Scan on title t  (cost=0.00..67604.59 rows=1668154 width=4) (actual time=0.032..4284.233 rows=1674098 loops=1)
              Filter: (kind_id > 3)
              Rows Removed by Filter: 854214
Planning time: 5.173 ms
Execution time: 20359.892 ms
