Seq Scan on movie_keyword mk  (cost=0.00..81003.12 rows=2063936 width=0) (actual time=0.024..4239.870 rows=2066610 loops=1)
  Filter: (keyword_id > 5889)
  Rows Removed by Filter: 2457320
Planning time: 0.279 ms
Execution time: 4647.645 ms
