Seq Scan on movie_keyword mk  (cost=0.00..81003.12 rows=3642038 width=0) (actual time=0.024..4379.281 rows=3633704 loops=1)
  Filter: (keyword_id > 842)
  Rows Removed by Filter: 890226
Planning time: 0.293 ms
Execution time: 5066.329 ms
