Hash Join  (cost=100836.57..1478026.10 rows=29019135 width=0) (actual time=6410.471..90263.353 rows=30915914 loops=1)
  Hash Cond: (ci.movie_id = t.id)
  ->  Seq Scan on cast_info ci  (cost=0.00..614943.12 rows=36225612 width=4) (actual time=4.526..46372.188 rows=36244344 loops=1)
  ->  Hash  (cost=67604.59..67604.59 rows=2025519 width=4) (actual time=6405.058..6405.058 rows=2018703 loops=1)
        Buckets: 131072  Batches: 32  Memory Usage: 3247kB
        ->  Seq Scan on title t  (cost=0.00..67604.59 rows=2025519 width=4) (actual time=0.016..5140.397 rows=2018703 loops=1)
              Filter: (production_year > 1974)
              Rows Removed by Filter: 509609
Planning time: 5.245 ms
Execution time: 94684.512 ms
