Hash Join  (cost=441714.91..518635.04 rows=135660 width=0) (actual time=21095.536..24997.984 rows=189051 loops=1)
  Hash Cond: (mc.movie_id = t.id)
  ->  Seq Scan on movie_companies mc  (cost=0.00..44881.29 rows=2609129 width=4) (actual time=0.017..3233.598 rows=2609129 loops=1)
  ->  Hash  (cost=439557.55..439557.55 rows=131469 width=8) (actual time=20474.756..20474.756 rows=86111 loops=1)
        Buckets: 131072  Batches: 2  Memory Usage: 2708kB
        ->  Hash Join  (cost=82778.48..439557.55 rows=131469 width=8) (actual time=12123.483..20438.382 rows=86111 loops=1)
              Hash Cond: (mi.movie_id = t.id)
              ->  Seq Scan on movie_info mi  (cost=0.00..346232.03 rows=616095 width=4) (actual time=7731.486..15595.636 rows=598457 loops=1)
                    Filter: (info_type_id = 15)
                    Rows Removed by Filter: 14237263
              ->  Hash  (cost=73925.90..73925.90 rows=539566 width=4) (actual time=4253.691..4253.691 rows=428248 loops=1)
                    Buckets: 131072  Batches: 8  Memory Usage: 2896kB
                    ->  Seq Scan on title t  (cost=0.00..73925.90 rows=539566 width=4) (actual time=0.033..4063.604 rows=428248 loops=1)
                          Filter: ((production_year < 1997) AND (kind_id = 7))
                          Rows Removed by Filter: 2100064
Planning time: 1.094 ms
Execution time: 25032.746 ms
