Seq Scan on movie_keyword mk  (cost=0.00..81003.12 rows=3447883 width=0) (actual time=0.027..4010.070 rows=3438630 loops=1)
  Filter: (keyword_id > 1098)
  Rows Removed by Filter: 1085300
Planning time: 0.300 ms
Execution time: 4619.460 ms
