Nested Loop  (cost=0.43..75144.87 rows=694 width=0) (actual time=654.877..3648.595 rows=212 loops=1)
  ->  Seq Scan on movie_companies mc  (cost=0.00..57926.93 rows=2175 width=4) (actual time=654.816..2678.256 rows=3995 loops=1)
        Filter: ((company_type_id < 2) AND (company_id = 150))
        Rows Removed by Filter: 2605134
  ->  Index Scan using title_pkey on title t  (cost=0.43..7.91 rows=1 width=4) (actual time=0.242..0.242 rows=0 loops=3995)
        Index Cond: (id = mc.movie_id)
        Filter: ((kind_id < 7) AND (production_year < 2011))
        Rows Removed by Filter: 1
Planning time: 5.300 ms
Execution time: 3648.828 ms
