Hash Join  (cost=280847.79..1521454.98 rows=22457127 width=0) (actual time=17385.147..110582.539 rows=78200842 loops=1)
  Hash Cond: (ci.movie_id = t.id)
  ->  Seq Scan on cast_info ci  (cost=0.00..705507.15 rows=23499554 width=4) (actual time=2166.370..50313.969 rows=23573656 loops=1)
        Filter: (role_id > 1)
        Rows Removed by Filter: 12670688
  ->  Hash  (cost=241204.26..241204.26 rows=2416363 width=8) (actual time=15216.883..15216.883 rows=3071682 loops=1)
        Buckets: 131072 (originally 131072)  Batches: 64 (originally 32)  Memory Usage: 3073kB
        ->  Hash Join  (cost=89762.59..241204.26 rows=2416363 width=8) (actual time=4970.801..14141.410 rows=3071682 loops=1)
              Hash Cond: (mk.movie_id = t.id)
              ->  Seq Scan on movie_keyword mk  (cost=0.00..69693.30 rows=4523930 width=4) (actual time=0.022..5029.506 rows=4523930 loops=1)
              ->  Hash  (cost=67604.59..67604.59 rows=1350560 width=4) (actual time=4969.514..4969.514 rows=1348293 loops=1)
                    Buckets: 131072  Batches: 32  Memory Usage: 2513kB
                    ->  Seq Scan on title t  (cost=0.00..67604.59 rows=1350560 width=4) (actual time=4.993..4246.843 rows=1348293 loops=1)
                          Filter: (production_year < 2005)
                          Rows Removed by Filter: 1180019
Planning time: 1.149 ms
Execution time: 121758.511 ms
