Hash Join  (cost=98137.04..237410.93 rows=1860768 width=0) (actual time=5866.493..12991.846 rows=904960 loops=1)
  Hash Cond: (mk.movie_id = t.id)
  ->  Seq Scan on movie_keyword mk  (cost=0.00..81003.12 rows=2528217 width=4) (actual time=0.012..4897.477 rows=2517091 loops=1)
        Filter: (keyword_id < 6239)
        Rows Removed by Filter: 2006839
  ->  Hash  (cost=67604.59..67604.59 rows=1860996 width=4) (actual time=5863.817..5863.817 rows=1865487 loops=1)
        Buckets: 131072  Batches: 32  Memory Usage: 3085kB
        ->  Seq Scan on title t  (cost=0.00..67604.59 rows=1860996 width=4) (actual time=0.011..4999.646 rows=1865487 loops=1)
              Filter: (kind_id > 1)
              Rows Removed by Filter: 662825
Planning time: 0.645 ms
Execution time: 13133.873 ms
