Hash Join  (cost=446756.33..603274.14 rows=512221 width=0) (actual time=25569.337..31814.133 rows=105796 loops=1)
  Hash Cond: (mk.movie_id = t.id)
  ->  Seq Scan on movie_keyword mk  (cost=0.00..69693.30 rows=4523930 width=4) (actual time=0.034..3823.680 rows=4523930 loops=1)
  ->  Hash  (cost=442058.68..442058.68 rows=286292 width=8) (actual time=25552.705..25552.705 rows=95311 loops=1)
        Buckets: 131072  Batches: 4  Memory Usage: 1970kB
        ->  Hash Join  (cost=74539.83..442058.68 rows=286292 width=8) (actual time=3369.011..25237.973 rows=95311 loops=1)
              Hash Cond: (mi.movie_id = t.id)
              ->  Seq Scan on movie_info mi  (cost=0.00..309384.22 rows=14739122 width=4) (actual time=0.012..15861.326 rows=14835720 loops=1)
              ->  Hash  (cost=73925.90..73925.90 rows=49114 width=4) (actual time=3368.625..3368.625 rows=45321 loops=1)
                    Buckets: 65536  Batches: 1  Memory Usage: 2106kB
                    ->  Seq Scan on title t  (cost=0.00..73925.90 rows=49114 width=4) (actual time=0.066..3348.713 rows=45321 loops=1)
                          Filter: ((kind_id > 1) AND (production_year > 2012))
                          Rows Removed by Filter: 2482991
Planning time: 1.225 ms
Execution time: 31829.057 ms
