Hash Join  (cost=69002.72..441683.14 rows=73958 width=0) (actual time=3664.724..21694.617 rows=76292 loops=1)
  Hash Cond: (mi.movie_id = t.id)
  ->  Seq Scan on movie_info mi  (cost=0.00..346232.03 rows=2194617 width=4) (actual time=246.850..17346.484 rows=2233850 loops=1)
        Filter: (info_type_id > 16)
        Rows Removed by Filter: 12601870
  ->  Hash  (cost=67604.59..67604.59 rows=85211 width=4) (actual time=3417.057..3417.057 rows=84593 loops=1)
        Buckets: 131072  Batches: 2  Memory Usage: 2524kB
        ->  Seq Scan on title t  (cost=0.00..67604.59 rows=85211 width=4) (actual time=0.026..3376.169 rows=84593 loops=1)
              Filter: (production_year = 2004)
              Rows Removed by Filter: 2443719
Planning time: 0.721 ms
Execution time: 21709.187 ms
