Seq Scan on movie_keyword mk  (cost=0.00..81003.12 rows=2044666 width=0) (actual time=0.029..4562.491 rows=2048323 loops=1)
  Filter: (keyword_id > 5979)
  Rows Removed by Filter: 2475607
Planning time: 0.375 ms
Execution time: 4929.933 ms
