Hash Join  (cost=211381.85..728890.82 rows=3533502 width=0) (actual time=12048.326..45999.390 rows=4843931 loops=1)
  Hash Cond: (mi.movie_id = t.id)
  ->  Seq Scan on movie_info mi  (cost=0.00..309384.22 rows=14739122 width=4) (actual time=0.016..22299.329 rows=14835720 loops=1)
  ->  Hash  (cost=201436.60..201436.60 rows=606180 width=8) (actual time=12047.570..12047.570 rows=366720 loops=1)
        Buckets: 131072  Batches: 8  Memory Usage: 2841kB
        ->  Hash Join  (cost=95911.42..201436.60 rows=606180 width=8) (actual time=6336.980..11922.920 rows=366720 loops=1)
              Hash Cond: (mk.movie_id = t.id)
              ->  Seq Scan on movie_keyword mk  (cost=0.00..81003.12 rows=1143802 width=4) (actual time=0.019..4483.214 rows=1153772 loops=1)
                    Filter: (keyword_id > 16155)
                    Rows Removed by Filter: 3370158
              ->  Hash  (cost=73925.90..73925.90 rows=1340041 width=4) (actual time=6335.493..6335.493 rows=1462700 loops=1)
                    Buckets: 131072  Batches: 32  Memory Usage: 2646kB
                    ->  Seq Scan on title t  (cost=0.00..73925.90 rows=1340041 width=4) (actual time=0.015..5334.948 rows=1462700 loops=1)
                          Filter: ((kind_id > 1) AND (production_year > 1987))
                          Rows Removed by Filter: 1065612
Planning time: 1.110 ms
Execution time: 46719.247 ms
