Hash Join  (cost=83072.42..833863.17 rows=158 width=0) (actual time=3760.223..45774.413 rows=2405 loops=1)
  Hash Cond: (ci.movie_id = t.id)
  ->  Seq Scan on cast_info ci  (cost=0.00..614943.12 rows=36225612 width=4) (actual time=0.024..32152.948 rows=36244344 loops=1)
  ->  Hash  (cost=83072.29..83072.29 rows=11 width=8) (actual time=3759.217..3759.217 rows=22 loops=1)
        Buckets: 1024  Batches: 1  Memory Usage: 9kB
        ->  Nested Loop  (cost=0.43..83072.29 rows=11 width=8) (actual time=16.535..3759.171 rows=22 loops=1)
              ->  Seq Scan on movie_keyword mk  (cost=0.00..81003.12 rows=246 width=4) (actual time=0.736..3643.027 rows=587 loops=1)
                    Filter: (keyword_id = 12169)
                    Rows Removed by Filter: 4523343
              ->  Index Scan using title_pkey on title t  (cost=0.43..8.40 rows=1 width=4) (actual time=0.196..0.196 rows=0 loops=587)
                    Index Cond: (id = mk.movie_id)
                    Filter: (production_year = 2007)
                    Rows Removed by Filter: 1
Planning time: 1.150 ms
Execution time: 45776.063 ms
