Hash Join  (cost=95678.39..850138.35 rows=367087 width=0) (actual time=5079.754..48976.438 rows=892617 loops=1)
  Hash Cond: (ci.movie_id = t.id)
  ->  Seq Scan on cast_info ci  (cost=0.00..614943.12 rows=36225612 width=4) (actual time=0.009..31387.787 rows=36244344 loops=1)
  ->  Hash  (cost=95358.11..95358.11 rows=25622 width=8) (actual time=5079.528..5079.528 rows=28786 loops=1)
        Buckets: 32768  Batches: 1  Memory Usage: 1381kB
        ->  Hash Join  (cost=68191.41..95358.11 rows=25622 width=8) (actual time=3157.002..5069.006 rows=28786 loops=1)
              Hash Cond: (mi_idx.movie_id = t.id)
              ->  Seq Scan on movie_info_idx mi_idx  (cost=0.00..21735.35 rows=1380035 width=4) (actual time=0.014..1453.485 rows=1380035 loops=1)
              ->  Hash  (cost=67604.59..67604.59 rows=46946 width=4) (actual time=3156.726..3156.726 rows=46583 loops=1)
                    Buckets: 65536  Batches: 1  Memory Usage: 2150kB
                    ->  Seq Scan on title t  (cost=0.00..67604.59 rows=46946 width=4) (actual time=0.011..3134.268 rows=46583 loops=1)
                          Filter: (production_year = 1998)
                          Rows Removed by Filter: 2481729
Planning time: 0.954 ms
Execution time: 49128.516 ms
