Seq Scan on movie_keyword mk  (cost=0.00..81003.12 rows=2261638 width=0) (actual time=0.028..5041.142 rows=2258149 loops=1)
  Filter: (keyword_id > 4725)
  Rows Removed by Filter: 2265781
Planning time: 0.290 ms
Execution time: 5466.274 ms
