Seq Scan on movie_keyword mk  (cost=0.00..81003.12 rows=1618100 width=0) (actual time=0.022..3899.966 rows=1627506 loops=1)
  Filter: (keyword_id > 9161)
  Rows Removed by Filter: 2896424
Planning time: 1.325 ms
Execution time: 4145.224 ms
