Hash Join  (cost=178026.93..304043.59 rows=329462 width=0) (actual time=10154.540..18184.597 rows=2933371 loops=1)
  Hash Cond: (mk.movie_id = t.id)
  ->  Seq Scan on movie_keyword mk  (cost=0.00..69693.30 rows=4523930 width=4) (actual time=0.023..4521.435 rows=4523930 loops=1)
  ->  Hash  (cost=175005.13..175005.13 rows=184144 width=8) (actual time=10153.490..10153.490 rows=364051 loops=1)
        Buckets: 131072 (originally 131072)  Batches: 8 (originally 4)  Memory Usage: 3073kB
        ->  Hash Join  (cost=102767.86..175005.13 rows=184144 width=8) (actual time=6614.953..10023.244 rows=364051 loops=1)
              Hash Cond: (mc.movie_id = t.id)
              ->  Seq Scan on movie_companies mc  (cost=0.00..57926.93 rows=184144 width=4) (actual time=390.168..3006.301 rows=364051 loops=1)
                    Filter: ((company_id > 86267) AND (company_type_id = 2))
                    Rows Removed by Filter: 2245078
              ->  Hash  (cost=61283.27..61283.27 rows=2528527 width=4) (actual time=6224.079..6224.079 rows=2528312 loops=1)
                    Buckets: 131072  Batches: 64  Memory Usage: 2415kB
                    ->  Seq Scan on title t  (cost=0.00..61283.27 rows=2528527 width=4) (actual time=0.024..4409.916 rows=2528312 loops=1)
Planning time: 1.198 ms
Execution time: 18611.654 ms
