Hash Join  (cost=156487.41..292860.50 rows=729588 width=0) (actual time=8139.210..16178.018 rows=3111188 loops=1)
  Hash Cond: (mk.movie_id = t.id)
  ->  Seq Scan on movie_keyword mk  (cost=0.00..81003.12 rows=4001888 width=4) (actual time=0.015..4955.631 rows=4003052 loops=1)
        Filter: (keyword_id > 381)
        Rows Removed by Filter: 520878
  ->  Hash  (cost=148924.19..148924.19 rows=460978 width=8) (actual time=8138.209..8138.209 rows=459925 loops=1)
        Buckets: 131072  Batches: 8  Memory Usage: 3284kB
        ->  Hash Join  (cost=102767.86..148924.19 rows=460978 width=8) (actual time=5673.042..7993.249 rows=459925 loops=1)
              Hash Cond: (mi_idx.movie_id = t.id)
              ->  Seq Scan on movie_info_idx mi_idx  (cost=0.00..25185.44 rows=460978 width=4) (actual time=0.012..1404.345 rows=459925 loops=1)
                    Filter: (info_type_id = 99)
                    Rows Removed by Filter: 920110
              ->  Hash  (cost=61283.27..61283.27 rows=2528527 width=4) (actual time=5671.647..5671.647 rows=2528312 loops=1)
                    Buckets: 131072  Batches: 64  Memory Usage: 2415kB
                    ->  Seq Scan on title t  (cost=0.00..61283.27 rows=2528527 width=4) (actual time=0.016..4528.452 rows=2528312 loops=1)
Planning time: 2.568 ms
Execution time: 16575.040 ms
