Hash Join  (cost=83074.17..462468.61 rows=529 width=0) (actual time=1380.971..8515.875 rows=2116 loops=1)
  Hash Cond: (mi.movie_id = t.id)
  ->  Seq Scan on movie_info mi  (cost=0.00..346232.03 rows=8841901 width=4) (actual time=0.022..5897.505 rows=8950757 loops=1)
        Filter: (info_type_id > 6)
        Rows Removed by Filter: 5884963
  ->  Hash  (cost=83072.29..83072.29 rows=151 width=8) (actual time=1375.812..1375.812 rows=108 loops=1)
        Buckets: 1024  Batches: 1  Memory Usage: 13kB
        ->  Nested Loop  (cost=0.43..83072.29 rows=151 width=8) (actual time=77.208..1375.666 rows=108 loops=1)
              ->  Seq Scan on movie_keyword mk  (cost=0.00..81003.12 rows=246 width=4) (actual time=77.128..1356.552 rows=119 loops=1)
                    Filter: (keyword_id = 24689)
                    Rows Removed by Filter: 4523811
              ->  Index Scan using title_pkey on title t  (cost=0.43..8.40 rows=1 width=4) (actual time=0.155..0.156 rows=1 loops=119)
                    Index Cond: (id = mk.movie_id)
                    Filter: (production_year < 2007)
                    Rows Removed by Filter: 0
Planning time: 1.207 ms
Execution time: 8516.551 ms
