Nested Loop  (cost=0.43..83072.90 rows=41 width=0) (actual time=128.354..1219.350 rows=44 loops=1)
  ->  Seq Scan on movie_keyword mk  (cost=0.00..81003.12 rows=246 width=4) (actual time=22.211..1213.472 rows=108 loops=1)
        Filter: (keyword_id = 29084)
        Rows Removed by Filter: 4523822
  ->  Index Scan using title_pkey on title t  (cost=0.43..8.40 rows=1 width=4) (actual time=0.050..0.050 rows=0 loops=108)
        Index Cond: (id = mk.movie_id)
        Filter: ((kind_id < 7) AND (production_year < 2001))
        Rows Removed by Filter: 1
Planning time: 3.692 ms
Execution time: 1219.496 ms
