Hash Join  (cost=67697.55..427626.00 rows=10659 width=0) (actual time=2571.113..7024.203 rows=19239 loops=1)
  Hash Cond: (mi.movie_id = t.id)
  ->  Seq Scan on movie_info mi  (cost=0.00..346232.03 rows=3623957 width=4) (actual time=1597.319..5364.708 rows=3624977 loops=1)
        Filter: (info_type_id < 4)
        Rows Removed by Filter: 11210743
  ->  Hash  (cost=67604.59..67604.59 rows=7437 width=4) (actual time=973.113..973.113 rows=11416 loops=1)
        Buckets: 16384 (originally 8192)  Batches: 1 (originally 1)  Memory Usage: 530kB
        ->  Seq Scan on title t  (cost=0.00..67604.59 rows=7437 width=4) (actual time=0.155..967.489 rows=11416 loops=1)
              Filter: (production_year = 1964)
              Rows Removed by Filter: 2516896
Planning time: 0.752 ms
Execution time: 7027.584 ms
