Hash Join  (cost=190230.21..1016688.63 rows=801516 width=0) (actual time=4442.088..17658.762 rows=3297082 loops=1)
  Hash Cond: (ci.movie_id = t.id)
  ->  Seq Scan on cast_info ci  (cost=0.00..796071.18 rows=1468553 width=4) (actual time=0.025..10713.455 rows=2922928 loops=1)
        Filter: ((person_id < 388749) AND (role_id = 1))
        Rows Removed by Filter: 33321416
  ->  Hash  (cost=167588.78..167588.78 rows=1380035 width=8) (actual time=4440.779..4440.779 rows=1380035 loops=1)
        Buckets: 131072  Batches: 32  Memory Usage: 2708kB
        ->  Hash Join  (cost=102767.86..167588.78 rows=1380035 width=8) (actual time=2035.635..4034.823 rows=1380035 loops=1)
              Hash Cond: (mi_idx.movie_id = t.id)
              ->  Seq Scan on movie_info_idx mi_idx  (cost=0.00..21735.35 rows=1380035 width=4) (actual time=0.014..468.838 rows=1380035 loops=1)
              ->  Hash  (cost=61283.27..61283.27 rows=2528527 width=4) (actual time=2034.839..2034.839 rows=2528312 loops=1)
                    Buckets: 131072  Batches: 64  Memory Usage: 2415kB
                    ->  Seq Scan on title t  (cost=0.00..61283.27 rows=2528527 width=4) (actual time=0.019..1184.943 rows=2528312 loops=1)
Planning time: 1.172 ms
Execution time: 18024.247 ms
