Seq Scan on cast_info ci  (cost=0.00..796071.18 rows=224 width=0) (actual time=3023.926..13690.558 rows=330 loops=1)
  Filter: ((role_id > 2) AND (person_id = 3069509))
  Rows Removed by Filter: 36244014
Planning time: 0.473 ms
Execution time: 13690.719 ms
