Nested Loop  (cost=44377.22..145364.14 rows=1522 width=0) (actual time=898.998..2714.066 rows=16709 loops=1)
  ->  Hash Join  (cost=44376.79..132341.63 rows=21964 width=8) (actual time=898.934..2482.123 rows=18527 loops=1)
        Hash Cond: (mk.movie_id = mi_idx.movie_id)
        ->  Seq Scan on movie_keyword mk  (cost=0.00..81003.12 rows=7389 width=4) (actual time=0.072..1323.155 rows=7704 loops=1)
              Filter: (keyword_id = 797)
              Rows Removed by Filter: 4516226
        ->  Hash  (cost=21735.35..21735.35 rows=1380035 width=4) (actual time=898.058..898.058 rows=1380035 loops=1)
              Buckets: 131072  Batches: 32  Memory Usage: 2556kB
              ->  Seq Scan on movie_info_idx mi_idx  (cost=0.00..21735.35 rows=1380035 width=4) (actual time=0.011..454.628 rows=1380035 loops=1)
  ->  Index Scan using title_pkey on title t  (cost=0.43..0.58 rows=1 width=4) (actual time=0.012..0.012 rows=1 loops=18527)
        Index Cond: (id = mi_idx.movie_id)
        Filter: ((kind_id < 7) AND (production_year > 1905))
        Rows Removed by Filter: 0
Planning time: 1.147 ms
Execution time: 2717.272 ms
