Hash Join  (cost=119614.08..196373.74 rows=124014 width=0) (actual time=2384.914..4402.297 rows=569482 loops=1)
  Hash Cond: (mc.movie_id = t.id)
  ->  Seq Scan on movie_companies mc  (cost=0.00..44881.29 rows=2609129 width=4) (actual time=0.020..839.358 rows=2609129 loops=1)
  ->  Hash  (cost=117641.79..117641.79 rows=120183 width=8) (actual time=2384.087..2384.087 rows=161302 loops=1)
        Buckets: 131072 (originally 131072)  Batches: 4 (originally 2)  Memory Usage: 3073kB
        ->  Hash Join  (cost=79374.89..117641.79 rows=120183 width=8) (actual time=1273.876..2327.815 rows=161302 loops=1)
              Hash Cond: (mi_idx.movie_id = t.id)
              ->  Seq Scan on movie_info_idx mi_idx  (cost=0.00..25185.44 rows=915101 width=4) (actual time=0.023..554.371 rows=919850 loops=1)
                    Filter: (info_type_id < 101)
                    Rows Removed by Filter: 460185
              ->  Hash  (cost=73925.90..73925.90 rows=332079 width=4) (actual time=1273.096..1273.096 rows=269283 loops=1)
                    Buckets: 131072  Batches: 8  Memory Usage: 2207kB
                    ->  Seq Scan on title t  (cost=0.00..73925.90 rows=332079 width=4) (actual time=0.020..1185.419 rows=269283 loops=1)
                          Filter: ((kind_id < 3) AND (production_year > 2004))
                          Rows Removed by Filter: 2259029
Planning time: 1.268 ms
Execution time: 4464.443 ms
