Hash Join  (cost=365418.15..1623775.77 rows=23088194 width=0) (actual time=8876.459..51270.753 rows=82126498 loops=1)
  Hash Cond: (ci.movie_id = t.id)
  ->  Seq Scan on cast_info ci  (cost=0.00..796071.18 rows=12904515 width=4) (actual time=633.389..15134.069 rows=14084447 loops=1)
        Filter: ((person_id < 1451146) AND (role_id < 10))
        Rows Removed by Filter: 22159897
  ->  Hash  (cost=291197.02..291197.02 rows=4523930 width=8) (actual time=8238.876..8238.876 rows=4523930 loops=1)
        Buckets: 131072  Batches: 64  Memory Usage: 3816kB
        ->  Hash Join  (cost=102767.86..291197.02 rows=4523930 width=8) (actual time=1898.592..6934.633 rows=4523930 loops=1)
              Hash Cond: (mk.movie_id = t.id)
              ->  Seq Scan on movie_keyword mk  (cost=0.00..69693.30 rows=4523930 width=4) (actual time=0.019..1376.971 rows=4523930 loops=1)
              ->  Hash  (cost=61283.27..61283.27 rows=2528527 width=4) (actual time=1896.674..1896.674 rows=2528312 loops=1)
                    Buckets: 131072  Batches: 64  Memory Usage: 2425kB
                    ->  Seq Scan on title t  (cost=0.00..61283.27 rows=2528527 width=4) (actual time=0.016..1052.738 rows=2528312 loops=1)
Planning time: 7.180 ms
Execution time: 59473.746 ms
