Seq Scan on movie_companies mc  (cost=0.00..51404.11 rows=104 width=0) (actual time=142.123..782.527 rows=710 loops=1)
  Filter: (company_id = 11393)
  Rows Removed by Filter: 2608419
Planning time: 0.354 ms
Execution time: 782.805 ms
