Hash Join  (cost=52284.29..832884.75 rows=214 width=0) (actual time=953.135..17971.730 rows=101 loops=1)
  Hash Cond: (ci.movie_id = t.id)
  ->  Seq Scan on cast_info ci  (cost=0.00..705507.15 rows=20024311 width=4) (actual time=0.022..14348.782 rows=20122661 loops=1)
        Filter: (role_id < 3)
        Rows Removed by Filter: 16121683
  ->  Hash  (cost=52283.95..52283.95 rows=27 width=8) (actual time=860.347..860.347 rows=32 loops=1)
        Buckets: 1024  Batches: 1  Memory Usage: 10kB
        ->  Nested Loop  (cost=0.43..52283.95 rows=27 width=8) (actual time=35.460..860.303 rows=32 loops=1)
              ->  Seq Scan on movie_companies mc  (cost=0.00..51404.11 rows=104 width=4) (actual time=35.414..854.110 rows=156 loops=1)
                    Filter: (company_id = 12296)
                    Rows Removed by Filter: 2608973
              ->  Index Scan using title_pkey on title t  (cost=0.43..8.45 rows=1 width=4) (actual time=0.038..0.038 rows=0 loops=156)
                    Index Cond: (id = mc.movie_id)
                    Filter: (production_year > 2008)
                    Rows Removed by Filter: 1
Planning time: 1.831 ms
Execution time: 17971.974 ms
