Hash Join  (cost=154654.97..954871.18 rows=4317 width=0) (actual time=6523.448..16156.504 rows=26289 loops=1)
  Hash Cond: (ci.movie_id = t.id)
  ->  Seq Scan on cast_info ci  (cost=0.00..796071.18 rows=820372 width=4) (actual time=3683.925..13145.726 rows=764538 loops=1)
        Filter: ((person_id < 1678792) AND (role_id = 8))
        Rows Removed by Filter: 35479806
  ->  Hash  (cost=154488.65..154488.65 rows=13306 width=8) (actual time=2838.747..2838.747 rows=35550 loops=1)
        Buckets: 65536 (originally 16384)  Batches: 1 (originally 1)  Memory Usage: 1901kB
        ->  Hash Join  (cost=67697.55..154488.65 rows=13306 width=8) (actual time=1060.579..2828.231 rows=35550 loops=1)
              Hash Cond: (mk.movie_id = t.id)
              ->  Seq Scan on movie_keyword mk  (cost=0.00..69693.30 rows=4523930 width=4) (actual time=0.030..969.652 rows=4523930 loops=1)
              ->  Hash  (cost=67604.59..67604.59 rows=7437 width=4) (actual time=1058.441..1058.441 rows=14442 loops=1)
                    Buckets: 16384 (originally 8192)  Batches: 1 (originally 1)  Memory Usage: 636kB
                    ->  Seq Scan on title t  (cost=0.00..67604.59 rows=7437 width=4) (actual time=0.111..1051.300 rows=14442 loops=1)
                          Filter: (production_year = 1971)
                          Rows Removed by Filter: 2513870
Planning time: 1.083 ms
Execution time: 16160.392 ms
