Seq Scan on movie_companies mc  (cost=0.00..51404.11 rows=104 width=0) (actual time=140.236..801.459 rows=475 loops=1)
  Filter: (company_id = 11418)
  Rows Removed by Filter: 2608654
Planning time: 0.374 ms
Execution time: 801.654 ms
