Hash Join  (cost=89253.38..864329.12 rows=1596269 width=0) (actual time=12515.025..17799.589 rows=1367487 loops=1)
  Hash Cond: (ci.movie_id = t.id)
  ->  Seq Scan on cast_info ci  (cost=0.00..705507.15 rows=4320508 width=4) (actual time=10866.811..13508.544 rows=4323018 loops=1)
        Filter: (role_id = 10)
        Rows Removed by Filter: 31921326
  ->  Hash  (cost=73925.90..73925.90 rows=934198 width=4) (actual time=1647.324..1647.324 rows=950693 loops=1)
        Buckets: 131072  Batches: 16  Memory Usage: 3114kB
        ->  Seq Scan on title t  (cost=0.00..73925.90 rows=934198 width=4) (actual time=0.025..1335.395 rows=950693 loops=1)
              Filter: ((kind_id < 7) AND (production_year < 2013))
              Rows Removed by Filter: 1577619
Planning time: 0.786 ms
Execution time: 17966.076 ms
