Hash Join  (cost=156487.41..259446.24 rows=274482 width=0) (actual time=6819.593..12187.542 rows=1139555 loops=1)
  Hash Cond: (mk.movie_id = t.id)
  ->  Seq Scan on movie_keyword mk  (cost=0.00..81003.12 rows=1505570 width=4) (actual time=0.017..4298.159 rows=1514488 loops=1)
        Filter: (keyword_id < 2197)
        Rows Removed by Filter: 3009442
  ->  Hash  (cost=148924.19..148924.19 rows=460978 width=8) (actual time=6818.226..6818.226 rows=459925 loops=1)
        Buckets: 131072  Batches: 8  Memory Usage: 3284kB
        ->  Hash Join  (cost=102767.86..148924.19 rows=460978 width=8) (actual time=4692.859..6681.356 rows=459925 loops=1)
              Hash Cond: (mi_idx.movie_id = t.id)
              ->  Seq Scan on movie_info_idx mi_idx  (cost=0.00..25185.44 rows=460978 width=4) (actual time=0.026..1197.535 rows=459925 loops=1)
                    Filter: (info_type_id < 100)
                    Rows Removed by Filter: 920110
              ->  Hash  (cost=61283.27..61283.27 rows=2528527 width=4) (actual time=4692.047..4692.047 rows=2528312 loops=1)
                    Buckets: 131072  Batches: 64  Memory Usage: 2415kB
                    ->  Seq Scan on title t  (cost=0.00..61283.27 rows=2528527 width=4) (actual time=0.013..3733.725 rows=2528312 loops=1)
Planning time: 3.527 ms
Execution time: 12313.193 ms
