Hash Join  (cost=446099.65..583045.26 rows=298175 width=0) (actual time=8928.105..12324.515 rows=1758805 loops=1)
  Hash Cond: (mk.movie_id = t.id)
  ->  Seq Scan on movie_keyword mk  (cost=0.00..69693.30 rows=4523930 width=4) (actual time=0.022..1458.629 rows=4523930 loops=1)
  ->  Hash  (cost=443364.44..443364.44 rows=166657 width=8) (actual time=8925.594..8925.594 rows=135262 loops=1)
        Buckets: 131072  Batches: 4  Memory Usage: 2329kB
        ->  Hash Join  (cost=68332.59..443364.44 rows=166657 width=8) (actual time=2269.037..8590.906 rows=135262 loops=1)
              Hash Cond: (mi.movie_id = t.id)
              ->  Seq Scan on movie_info mi  (cost=0.00..346232.03 rows=7235534 width=4) (actual time=1156.353..5513.683 rows=7286865 loops=1)
                    Filter: (info_type_id < 8)
                    Rows Removed by Filter: 7548855
              ->  Hash  (cost=67604.59..67604.59 rows=58240 width=4) (actual time=1112.110..1112.110 rows=58590 loops=1)
                    Buckets: 65536  Batches: 1  Memory Usage: 2572kB
                    ->  Seq Scan on title t  (cost=0.00..67604.59 rows=58240 width=4) (actual time=0.041..1083.682 rows=58590 loops=1)
                          Filter: (production_year = 2001)
                          Rows Removed by Filter: 2469722
Planning time: 1.178 ms
Execution time: 12514.894 ms
