Hash Join  (cost=109435.59..171419.77 rows=283091 width=144) (actual time=2326.281..3662.406 rows=141906 loops=1)
  Hash Cond: (mi_idx.movie_id = t.id)
  ->  Seq Scan on movie_info_idx mi_idx  (cost=0.00..25185.44 rows=464566 width=50) (actual time=0.015..629.522 rows=459925 loops=1)
        Filter: (info_type_id = 101)
        Rows Removed by Filter: 920110
  ->  Hash  (cost=67604.59..67604.59 rows=1540800 width=94) (actual time=2325.134..2325.134 rows=1543264 loops=1)
        Buckets: 32768  Batches: 64  Memory Usage: 3011kB
        ->  Seq Scan on title t  (cost=0.00..67604.59 rows=1540800 width=94) (actual time=0.019..1652.319 rows=1543264 loops=1)
              Filter: (kind_id = 7)
              Rows Removed by Filter: 985048
Planning time: 0.934 ms
Execution time: 3670.189 ms
