Seq Scan on cast_info ci  (cost=0.00..796071.18 rows=1084643 width=0) (actual time=1578.998..12948.126 rows=2148698 loops=1)
  Filter: ((person_id > 2730669) AND (role_id = 3))
  Rows Removed by Filter: 34095646
Planning time: 0.390 ms
Execution time: 13209.522 ms
