Seq Scan on cast_info ci  (cost=0.00..796071.18 rows=2733075 width=0) (actual time=2394.120..29985.742 rows=6184491 loops=1)
  Filter: ((person_id > 3032449) AND (role_id > 2))
  Rows Removed by Filter: 30059853
Planning time: 0.220 ms
Execution time: 30829.613 ms
