Hash Join  (cost=114668.79..169861.23 rows=52691 width=0) (actual time=2221.453..4041.844 rows=164769 loops=1)
  Hash Cond: (mc.movie_id = t.id)
  ->  Seq Scan on movie_companies mc  (cost=0.00..44881.29 rows=2609129 width=4) (actual time=0.024..770.073 rows=2609129 loops=1)
  ->  Hash  (cost=114030.50..114030.50 rows=51063 width=8) (actual time=2220.993..2220.993 rows=80094 loops=1)
        Buckets: 131072 (originally 65536)  Batches: 2 (originally 1)  Memory Usage: 3073kB
        ->  Hash Join  (cost=75461.39..114030.50 rows=51063 width=8) (actual time=1233.658..2189.383 rows=80094 loops=1)
              Hash Cond: (mi_idx.movie_id = t.id)
              ->  Seq Scan on movie_info_idx mi_idx  (cost=0.00..21735.35 rows=1380035 width=4) (actual time=0.015..459.550 rows=1380035 loops=1)
              ->  Hash  (cost=73925.90..73925.90 rows=93559 width=4) (actual time=1232.990..1232.990 rows=104574 loops=1)
                    Buckets: 131072  Batches: 2  Memory Usage: 2857kB
                    ->  Seq Scan on title t  (cost=0.00..73925.90 rows=93559 width=4) (actual time=360.051..1196.157 rows=104574 loops=1)
                          Filter: ((production_year < 2011) AND (kind_id = 4))
                          Rows Removed by Filter: 2423738
Planning time: 1.233 ms
Execution time: 4063.057 ms
