Seq Scan on movie_keyword mk  (cost=0.00..81003.12 rows=4318859 width=0) (actual time=0.030..1684.052 rows=4317417 loops=1)
  Filter: (keyword_id < 67265)
  Rows Removed by Filter: 206513
Planning time: 0.346 ms
Execution time: 2219.455 ms
