Seq Scan on cast_info ci  (cost=0.00..705507.15 rows=25418016 width=0) (actual time=0.027..13147.494 rows=25431275 loops=1)
  Filter: (person_id < 2625723)
  Rows Removed by Filter: 10813069
Planning time: 0.377 ms
Execution time: 16229.255 ms
