Hash Join  (cost=178725.13..932845.70 rows=333146 width=0) (actual time=3368.395..20842.676 rows=396779 loops=1)
  Hash Cond: (ci.movie_id = t.id)
  ->  Seq Scan on cast_info ci  (cost=0.00..614943.12 rows=36225612 width=4) (actual time=0.011..9047.598 rows=36244344 loops=1)
  ->  Hash  (cost=178434.47..178434.47 rows=23253 width=8) (actual time=3368.146..3368.146 rows=11508 loops=1)
        Buckets: 32768  Batches: 1  Memory Usage: 706kB
        ->  Hash Join  (cost=91123.00..178434.47 rows=23253 width=8) (actual time=1862.681..3363.539 rows=11508 loops=1)
              Hash Cond: (mk.movie_id = t.id)
              ->  Seq Scan on movie_keyword mk  (cost=0.00..81003.12 rows=41017 width=4) (actual time=0.072..1246.519 rows=41840 loops=1)
                    Filter: (keyword_id = 117)
                    Rows Removed by Filter: 4482090
              ->  Hash  (cost=67604.59..67604.59 rows=1433473 width=4) (actual time=1859.482..1859.482 rows=1434466 loops=1)
                    Buckets: 131072  Batches: 32  Memory Usage: 2608kB
                    ->  Seq Scan on title t  (cost=0.00..67604.59 rows=1433473 width=4) (actual time=0.020..1388.504 rows=1434466 loops=1)
                          Filter: (production_year > 1999)
                          Rows Removed by Filter: 1093846
Planning time: 1.181 ms
Execution time: 20913.747 ms
