Nested Loop  (cost=0.43..796274.16 rows=24 width=0) (actual time=147.263..11105.838 rows=4 loops=1)
  ->  Seq Scan on cast_info ci  (cost=0.00..796071.18 rows=24 width=4) (actual time=147.158..11105.648 rows=4 loops=1)
        Filter: ((person_id = 3032913) AND (role_id = 8))
        Rows Removed by Filter: 36244340
  ->  Index Only Scan using title_pkey on title t  (cost=0.43..8.45 rows=1 width=4) (actual time=0.040..0.041 rows=1 loops=4)
        Index Cond: (id = ci.movie_id)
        Heap Fetches: 4
Planning time: 0.755 ms
Execution time: 11105.938 ms
