Hash Join  (cost=73948.96..126205.68 rows=165 width=0) (actual time=1095.542..1886.853 rows=254 loops=1)
  Hash Cond: (mc.movie_id = t.id)
  ->  Seq Scan on movie_companies mc  (cost=0.00..51404.11 rows=226924 width=4) (actual time=0.024..764.179 rows=228416 loops=1)
        Filter: (company_id > 105819)
        Rows Removed by Filter: 2380713
  ->  Hash  (cost=73925.90..73925.90 rows=1844 width=4) (actual time=1094.043..1094.043 rows=2300 loops=1)
        Buckets: 4096 (originally 2048)  Batches: 1 (originally 1)  Memory Usage: 113kB
        ->  Seq Scan on title t  (cost=0.00..73925.90 rows=1844 width=4) (actual time=258.470..1092.815 rows=2300 loops=1)
              Filter: ((kind_id = 4) AND (production_year = 1997))
              Rows Removed by Filter: 2526012
Planning time: 2.061 ms
Execution time: 1887.044 ms
