Hash Join  (cost=79907.83..177360.13 rows=166571 width=0) (actual time=1855.163..3984.429 rows=264527 loops=1)
  Hash Cond: (mk.movie_id = t.id)
  ->  Seq Scan on movie_keyword mk  (cost=0.00..81003.12 rows=1155325 width=4) (actual time=0.019..1539.874 rows=1170075 loops=1)
        Filter: (keyword_id > 15962)
        Rows Removed by Filter: 3353855
  ->  Hash  (cost=73925.90..73925.90 rows=364554 width=4) (actual time=1854.327..1854.327 rows=274015 loops=1)
        Buckets: 131072  Batches: 8  Memory Usage: 2237kB
        ->  Seq Scan on title t  (cost=0.00..73925.90 rows=364554 width=4) (actual time=0.021..1127.603 rows=274015 loops=1)
              Filter: ((production_year > 2000) AND (kind_id = 1))
              Rows Removed by Filter: 2254297
Planning time: 0.783 ms
Execution time: 4015.434 ms
