Hash Join  (cost=140274.38..980978.38 rows=105812 width=0) (actual time=8889.083..22732.712 rows=463757 loops=1)
  Hash Cond: (ci.movie_id = t.id)
  ->  Seq Scan on cast_info ci  (cost=0.00..796071.18 rows=11619920 width=4) (actual time=6393.198..17028.644 rows=10352448 loops=1)
        Filter: ((person_id < 3713067) AND (role_id > 3))
        Rows Removed by Filter: 25891896
  ->  Hash  (cost=139986.57..139986.57 rows=23025 width=8) (actual time=2495.460..2495.460 rows=57923 loops=1)
        Buckets: 65536 (originally 32768)  Batches: 1 (originally 1)  Memory Usage: 2775kB
        ->  Hash Join  (cost=83810.17..139986.57 rows=23025 width=8) (actual time=1649.754..2476.180 rows=57923 loops=1)
              Hash Cond: (mc.movie_id = t.id)
              ->  Seq Scan on movie_companies mc  (cost=0.00..51404.11 rows=58942 width=4) (actual time=241.008..871.033 rows=57923 loops=1)
                    Filter: (company_id > 185362)
                    Rows Removed by Filter: 2551206
              ->  Hash  (cost=67604.59..67604.59 rows=987727 width=4) (actual time=1407.930..1407.930 rows=985048 loops=1)
                    Buckets: 131072  Batches: 16  Memory Usage: 3188kB
                    ->  Seq Scan on title t  (cost=0.00..67604.59 rows=987727 width=4) (actual time=0.046..1096.416 rows=985048 loops=1)
                          Filter: (kind_id < 7)
                          Rows Removed by Filter: 1543264
Planning time: 0.775 ms
Execution time: 22795.057 ms
