Seq Scan on movie_companies mc  (cost=0.00..57926.93 rows=500859 width=0) (actual time=0.017..933.319 rows=200815 loops=1)
  Filter: ((company_id > 15555) AND (company_type_id < 2))
  Rows Removed by Filter: 2408314
Planning time: 0.335 ms
Execution time: 957.824 ms
