Hash Join  (cost=91397.28..461862.25 rows=535915 width=0) (actual time=5281.540..8257.352 rows=395683 loops=1)
  Hash Cond: (mi.movie_id = t.id)
  ->  Seq Scan on movie_info mi  (cost=0.00..346232.03 rows=1272478 width=4) (actual time=3585.636..5639.551 rows=1325361 loops=1)
        Filter: (info_type_id = 8)
        Rows Removed by Filter: 13510359
  ->  Hash  (cost=73925.90..73925.90 rows=1064910 width=4) (actual time=1694.726..1694.726 rows=1003269 loops=1)
        Buckets: 131072  Batches: 16  Memory Usage: 3239kB
        ->  Seq Scan on title t  (cost=0.00..73925.90 rows=1064910 width=4) (actual time=0.018..1376.326 rows=1003269 loops=1)
              Filter: ((kind_id > 1) AND (production_year < 2006))
              Rows Removed by Filter: 1525043
Planning time: 0.768 ms
Execution time: 8300.562 ms
