Seq Scan on cast_info ci  (cost=0.00..705507.15 rows=500 width=0) (actual time=7633.970..11100.641 rows=28 loops=1)
  Filter: (person_id = 3050263)
  Rows Removed by Filter: 36244316
Planning time: 0.394 ms
Execution time: 11100.757 ms
