Hash Join  (cost=52284.34..79194.99 rows=17 width=0) (actual time=1025.960..1476.694 rows=535 loops=1)
  Hash Cond: (mi_idx.movie_id = t.id)
  ->  Seq Scan on movie_info_idx mi_idx  (cost=0.00..21735.35 rows=1380035 width=4) (actual time=0.017..393.155 rows=1380035 loops=1)
  ->  Hash  (cost=52283.95..52283.95 rows=31 width=8) (actual time=834.015..834.015 rows=171 loops=1)
        Buckets: 1024  Batches: 1  Memory Usage: 15kB
        ->  Nested Loop  (cost=0.43..52283.95 rows=31 width=8) (actual time=2.186..833.889 rows=171 loops=1)
              ->  Seq Scan on movie_companies mc  (cost=0.00..51404.11 rows=104 width=4) (actual time=2.143..823.947 rows=252 loops=1)
                    Filter: (company_id = 4352)
                    Rows Removed by Filter: 2608877
              ->  Index Scan using title_pkey on title t  (cost=0.43..8.45 rows=1 width=4) (actual time=0.038..0.038 rows=1 loops=252)
                    Index Cond: (id = mc.movie_id)
                    Filter: (kind_id < 3)
                    Rows Removed by Filter: 0
Planning time: 1.175 ms
Execution time: 1476.933 ms
