Seq Scan on movie_companies mc  (cost=0.00..57926.93 rows=53 width=0) (actual time=313.942..929.595 rows=183 loops=1)
  Filter: ((company_type_id > 1) AND (company_id = 14206))
  Rows Removed by Filter: 2608946
Planning time: 0.296 ms
Execution time: 929.737 ms
