Hash Join  (cost=74529.47..832236.31 rows=691768 width=0) (actual time=1165.655..19396.249 rows=762568 loops=1)
  Hash Cond: (ci.movie_id = t.id)
  ->  Seq Scan on cast_info ci  (cost=0.00..614943.12 rows=36225612 width=4) (actual time=0.011..8521.785 rows=36244344 loops=1)
  ->  Hash  (cost=73925.90..73925.90 rows=48285 width=4) (actual time=1165.122..1165.122 rows=34476 loops=1)
        Buckets: 65536  Batches: 1  Memory Usage: 1725kB
        ->  Seq Scan on title t  (cost=0.00..73925.90 rows=48285 width=4) (actual time=376.849..1151.803 rows=34476 loops=1)
              Filter: ((production_year > 2003) AND (kind_id = 3))
              Rows Removed by Filter: 2493836
Planning time: 0.564 ms
Execution time: 19502.643 ms
