Hash Join  (cost=74057.18..128831.07 rows=10837 width=0) (actual time=1112.832..2261.564 rows=7472 loops=1)
  Hash Cond: (mc.movie_id = t.id)
  ->  Seq Scan on movie_companies mc  (cost=0.00..44881.29 rows=2609129 width=4) (actual time=0.018..635.754 rows=2609129 loops=1)
  ->  Hash  (cost=73925.90..73925.90 rows=10502 width=4) (actual time=1112.471..1112.471 rows=6334 loops=1)
        Buckets: 16384  Batches: 1  Memory Usage: 351kB
        ->  Seq Scan on title t  (cost=0.00..73925.90 rows=10502 width=4) (actual time=449.678..1109.600 rows=6334 loops=1)
              Filter: ((production_year > 2011) AND (kind_id = 4))
              Rows Removed by Filter: 2521978
Planning time: 4.717 ms
Execution time: 2263.038 ms
