Seq Scan on movie_companies mc  (cost=0.00..57926.93 rows=53 width=0) (actual time=578.186..922.371 rows=5 loops=1)
  Filter: ((company_type_id > 1) AND (company_id = 167608))
  Rows Removed by Filter: 2609124
Planning time: 0.381 ms
Execution time: 922.476 ms
