Hash Join  (cost=102767.86..210690.94 rows=1938275 width=0) (actual time=1899.635..4957.977 rows=1933314 loops=1)
  Hash Cond: (mc.movie_id = t.id)
  ->  Seq Scan on movie_companies mc  (cost=0.00..51404.11 rows=1938275 width=4) (actual time=0.022..1096.144 rows=1933314 loops=1)
        Filter: (company_id < 49462)
        Rows Removed by Filter: 675815
  ->  Hash  (cost=61283.27..61283.27 rows=2528527 width=4) (actual time=1898.294..1898.294 rows=2528312 loops=1)
        Buckets: 131072  Batches: 64  Memory Usage: 2415kB
        ->  Seq Scan on title t  (cost=0.00..61283.27 rows=2528527 width=4) (actual time=0.010..1079.885 rows=2528312 loops=1)
Planning time: 0.712 ms
Execution time: 5187.459 ms
