Hash Join  (cost=709678.15..1074363.23 rows=2915 width=0) (actual time=11122.987..18264.580 rows=2128 loops=1)
  Hash Cond: (mi.movie_id = t.id)
  ->  Seq Scan on movie_info mi  (cost=0.00..309384.22 rows=14739122 width=4) (actual time=0.018..4336.539 rows=14835720 loops=1)
  ->  Hash  (cost=709671.90..709671.90 rows=500 width=8) (actual time=11080.851..11080.851 rows=2046 loops=1)
        Buckets: 2048 (originally 1024)  Batches: 1 (originally 1)  Memory Usage: 96kB
        ->  Nested Loop  (cost=0.43..709671.90 rows=500 width=8) (actual time=2612.798..11080.107 rows=2046 loops=1)
              ->  Seq Scan on cast_info ci  (cost=0.00..705507.15 rows=500 width=4) (actual time=2612.716..11062.569 rows=2046 loops=1)
                    Filter: (person_id = 528075)
                    Rows Removed by Filter: 36242298
              ->  Index Only Scan using title_pkey on title t  (cost=0.43..8.32 rows=1 width=4) (actual time=0.008..0.008 rows=1 loops=2046)
                    Index Cond: (id = ci.movie_id)
                    Heap Fetches: 2046
Planning time: 1.730 ms
Execution time: 18264.994 ms
