Hash Join  (cost=124789.35..251303.77 rows=370339 width=0) (actual time=2765.491..7438.962 rows=5705664 loops=1)
  Hash Cond: (mk.movie_id = t.id)
  ->  Seq Scan on movie_keyword mk  (cost=0.00..69693.30 rows=4523930 width=4) (actual time=0.019..1441.671 rows=4523930 loops=1)
  ->  Hash  (cost=121392.96..121392.96 rows=206991 width=8) (actual time=2764.567..2764.567 rows=476728 loops=1)
        Buckets: 131072 (originally 131072)  Batches: 8 (originally 4)  Memory Usage: 3377kB
        ->  Hash Join  (cost=80148.57..121392.96 rows=206991 width=8) (actual time=1348.067..2611.828 rows=476728 loops=1)
              Hash Cond: (mi_idx.movie_id = t.id)
              ->  Seq Scan on movie_info_idx mi_idx  (cost=0.00..21735.35 rows=1380035 width=4) (actual time=0.023..430.589 rows=1380035 loops=1)
              ->  Hash  (cost=73925.90..73925.90 rows=379253 width=4) (actual time=1347.265..1347.265 rows=461364 loops=1)
                    Buckets: 131072  Batches: 8  Memory Usage: 3063kB
                    ->  Seq Scan on title t  (cost=0.00..73925.90 rows=379253 width=4) (actual time=0.024..1201.069 rows=461364 loops=1)
                          Filter: ((kind_id < 3) AND (production_year < 2004))
                          Rows Removed by Filter: 2066948
Planning time: 1.913 ms
Execution time: 8009.118 ms
