Seq Scan on movie_companies mc  (cost=0.00..51404.11 rows=2517357 width=0) (actual time=0.028..2851.574 rows=2517057 loops=1)
  Filter: (company_id < 162392)
  Rows Removed by Filter: 92072
Planning time: 0.297 ms
Execution time: 3282.179 ms
