Seq Scan on movie_keyword mk  (cost=0.00..81003.12 rows=643458 width=0) (actual time=0.029..1384.557 rows=654671 loops=1)
  Filter: (keyword_id > 28716)
  Rows Removed by Filter: 3869259
Planning time: 0.337 ms
Execution time: 1465.673 ms
