Hash Join  (cost=75260.73..106243.13 rows=14830 width=0) (actual time=1410.976..1877.740 rows=24579 loops=1)
  Hash Cond: (mi_idx.movie_id = t.id)
  ->  Seq Scan on movie_info_idx mi_idx  (cost=0.00..25185.44 rows=460978 width=4) (actual time=0.023..486.233 rows=459925 loops=1)
        Filter: (info_type_id = 99)
        Rows Removed by Filter: 920110
  ->  Hash  (cost=73925.90..73925.90 rows=81346 width=4) (actual time=1209.107..1209.107 rows=89089 loops=1)
        Buckets: 131072  Batches: 2  Memory Usage: 2584kB
        ->  Seq Scan on title t  (cost=0.00..73925.90 rows=81346 width=4) (actual time=0.020..1168.635 rows=89089 loops=1)
              Filter: ((production_year < 2009) AND (kind_id = 4))
              Rows Removed by Filter: 2439223
Planning time: 0.794 ms
Execution time: 1880.694 ms
