Hash Join  (cost=74617.32..161591.81 rows=32914 width=0) (actual time=1229.382..2831.548 rows=47199 loops=1)
  Hash Cond: (mk.movie_id = t.id)
  ->  Seq Scan on movie_keyword mk  (cost=0.00..81003.12 rows=1504594 width=4) (actual time=0.022..1319.861 rows=1522717 loops=1)
        Filter: (keyword_id > 10557)
        Rows Removed by Filter: 3001213
  ->  Hash  (cost=73925.90..73925.90 rows=55313 width=4) (actual time=1228.749..1228.749 rows=49075 loops=1)
        Buckets: 65536  Batches: 1  Memory Usage: 2238kB
        ->  Seq Scan on title t  (cost=0.00..73925.90 rows=55313 width=4) (actual time=0.019..1208.562 rows=49075 loops=1)
              Filter: ((kind_id < 7) AND (production_year = 2010))
              Rows Removed by Filter: 2479237
Planning time: 0.758 ms
Execution time: 2838.254 ms
