Hash Join  (cost=102767.86..218464.16 rows=1031211 width=0) (actual time=1959.748..4499.751 rows=1033111 loops=1)
  Hash Cond: (mk.movie_id = t.id)
  ->  Seq Scan on movie_keyword mk  (cost=0.00..81003.12 rows=1031211 width=4) (actual time=0.016..1350.777 rows=1033111 loops=1)
        Filter: (keyword_id < 1019)
        Rows Removed by Filter: 3490819
  ->  Hash  (cost=61283.27..61283.27 rows=2528527 width=4) (actual time=1958.953..1958.953 rows=2528312 loops=1)
        Buckets: 131072  Batches: 64  Memory Usage: 2425kB
        ->  Seq Scan on title t  (cost=0.00..61283.27 rows=2528527 width=4) (actual time=0.012..1087.175 rows=2528312 loops=1)
Planning time: 0.700 ms
Execution time: 4618.391 ms
