Hash Join  (cost=115373.82..181152.03 rows=19960 width=0) (actual time=2355.035..3556.543 rows=72243 loops=1)
  Hash Cond: (mc.movie_id = t.id)
  ->  Seq Scan on movie_companies mc  (cost=0.00..57926.93 rows=634846 width=4) (actual time=0.014..1015.493 rows=394246 loops=1)
        Filter: ((company_id > 11319) AND (company_type_id < 2))
        Rows Removed by Filter: 2214883
  ->  Hash  (cost=114069.10..114069.10 rows=79498 width=8) (actual time=2354.413..2354.413 rows=104907 loops=1)
        Buckets: 131072  Batches: 2  Memory Usage: 3074kB
        ->  Hash Join  (cost=81025.55..114069.10 rows=79498 width=8) (actual time=1650.425..2327.305 rows=104907 loops=1)
              Hash Cond: (mi_idx.movie_id = t.id)
              ->  Seq Scan on movie_info_idx mi_idx  (cost=0.00..25185.44 rows=464566 width=4) (actual time=0.010..418.499 rows=459925 loops=1)
                    Filter: (info_type_id = 101)
                    Rows Removed by Filter: 920110
              ->  Hash  (cost=73925.90..73925.90 rows=432692 width=4) (actual time=1649.709..1649.709 rows=368246 loops=1)
                    Buckets: 131072  Batches: 8  Memory Usage: 2639kB
                    ->  Seq Scan on title t  (cost=0.00..73925.90 rows=432692 width=4) (actual time=0.011..1253.522 rows=368246 loops=1)
                          Filter: ((kind_id < 7) AND (production_year > 2004))
                          Rows Removed by Filter: 2160066
Planning time: 2.692 ms
Execution time: 3566.583 ms
