Hash Join  (cost=207074.42..1289700.77 rows=4752718 width=0) (actual time=4096.327..37445.821 rows=14827807 loops=1)
  Hash Cond: (ci.movie_id = t.id)
  ->  Seq Scan on cast_info ci  (cost=0.00..614943.12 rows=36225612 width=4) (actual time=0.016..12898.271 rows=36244344 loops=1)
  ->  Hash  (cost=201631.71..201631.71 rows=331737 width=8) (actual time=4095.252..4095.252 rows=347324 loops=1)
        Buckets: 131072  Batches: 8  Memory Usage: 2747kB
        ->  Hash Join  (cost=102767.86..201631.71 rows=331737 width=8) (actual time=1953.284..3994.475 rows=347324 loops=1)
              Hash Cond: (mk.movie_id = t.id)
              ->  Seq Scan on movie_keyword mk  (cost=0.00..81003.12 rows=331737 width=4) (actual time=0.021..1328.848 rows=347324 loops=1)
                    Filter: (keyword_id < 301)
                    Rows Removed by Filter: 4176606
              ->  Hash  (cost=61283.27..61283.27 rows=2528527 width=4) (actual time=1950.787..1950.787 rows=2528312 loops=1)
                    Buckets: 131072  Batches: 64  Memory Usage: 2425kB
                    ->  Seq Scan on title t  (cost=0.00..61283.27 rows=2528527 width=4) (actual time=0.024..1096.398 rows=2528312 loops=1)
Planning time: 1.176 ms
Execution time: 39177.319 ms
