Seq Scan on movie_keyword mk  (cost=0.00..81003.12 rows=3207869 width=0) (actual time=0.017..1613.352 rows=3197475 loops=1)
  Filter: (keyword_id > 1732)
  Rows Removed by Filter: 1326455
Planning time: 0.223 ms
Execution time: 2011.941 ms
