Hash Join  (cost=263115.61..955365.25 rows=14212911 width=0) (actual time=6130.490..36814.489 rows=56762068 loops=1)
  Hash Cond: (mi.movie_id = t.id)
  ->  Seq Scan on movie_info mi  (cost=0.00..346232.03 rows=13773841 width=4) (actual time=0.013..7261.152 rows=13809504 loops=1)
        Filter: (info_type_id < 85)
        Rows Removed by Filter: 1026216
  ->  Hash  (cost=220309.49..220309.49 rows=2609129 width=8) (actual time=6128.422..6128.422 rows=2609129 loops=1)
        Buckets: 131072  Batches: 64  Memory Usage: 2692kB
        ->  Hash Join  (cost=102767.86..220309.49 rows=2609129 width=8) (actual time=1816.128..5343.078 rows=2609129 loops=1)
              Hash Cond: (mc.movie_id = t.id)
              ->  Seq Scan on movie_companies mc  (cost=0.00..44881.29 rows=2609129 width=4) (actual time=0.012..871.961 rows=2609129 loops=1)
              ->  Hash  (cost=61283.27..61283.27 rows=2528527 width=4) (actual time=1815.001..1815.001 rows=2528312 loops=1)
                    Buckets: 131072  Batches: 64  Memory Usage: 2415kB
                    ->  Seq Scan on title t  (cost=0.00..61283.27 rows=2528527 width=4) (actual time=0.008..968.299 rows=2528312 loops=1)
Planning time: 1.168 ms
Execution time: 43287.556 ms
