Nested Loop  (cost=0.43..83072.29 rows=150 width=0) (actual time=411.948..2622.264 rows=21 loops=1)
  ->  Seq Scan on movie_keyword mk  (cost=0.00..81003.12 rows=246 width=4) (actual time=8.625..2592.613 rows=164 loops=1)
        Filter: (keyword_id = 18734)
        Rows Removed by Filter: 4523766
  ->  Index Scan using title_pkey on title t  (cost=0.43..8.40 rows=1 width=4) (actual time=0.177..0.177 rows=0 loops=164)
        Index Cond: (id = mk.movie_id)
        Filter: (kind_id = 7)
        Rows Removed by Filter: 1
Planning time: 0.746 ms
Execution time: 2622.399 ms
