Seq Scan on title t  (cost=0.00..73925.90 rows=1963 width=0) (actual time=0.153..952.669 rows=4288 loops=1)
  Filter: ((kind_id = 1) AND (production_year = 1982))
  Rows Removed by Filter: 2524024
Planning time: 0.406 ms
Execution time: 953.705 ms
