Hash Join  (cost=225987.73..312404.48 rows=824523 width=0) (actual time=4618.266..8525.940 rows=6484872 loops=1)
  Hash Cond: (mc.movie_id = t.id)
  ->  Seq Scan on movie_companies mc  (cost=0.00..44881.29 rows=2609129 width=4) (actual time=0.019..889.011 rows=2609129 loops=1)
  ->  Hash  (cost=212877.58..212877.58 rows=799052 width=8) (actual time=4617.319..4617.319 rows=804428 loops=1)
        Buckets: 131072  Batches: 16  Memory Usage: 3027kB
        ->  Hash Join  (cost=102767.86..212877.58 rows=799052 width=8) (actual time=2031.962..4393.536 rows=804428 loops=1)
              Hash Cond: (mk.movie_id = t.id)
              ->  Seq Scan on movie_keyword mk  (cost=0.00..81003.12 rows=799052 width=4) (actual time=0.021..1304.672 rows=804428 loops=1)
                    Filter: (keyword_id > 23032)
                    Rows Removed by Filter: 3719502
              ->  Hash  (cost=61283.27..61283.27 rows=2528527 width=4) (actual time=2030.066..2030.066 rows=2528312 loops=1)
                    Buckets: 131072  Batches: 64  Memory Usage: 2425kB
                    ->  Seq Scan on title t  (cost=0.00..61283.27 rows=2528527 width=4) (actual time=0.015..1155.627 rows=2528312 loops=1)
Planning time: 1.218 ms
Execution time: 9232.431 ms
