Hash Join  (cost=28270.40..922419.13 rows=3805 width=0) (actual time=401.775..21666.664 rows=18828 loops=1)
  Hash Cond: (ci.movie_id = t.id)
  ->  Seq Scan on cast_info ci  (cost=0.00..796071.18 rows=26143868 width=4) (actual time=0.019..17240.695 rows=28232646 loops=1)
        Filter: ((person_id < 3023732) AND (role_id < 10))
        Rows Removed by Filter: 8011698
  ->  Hash  (cost=28265.80..28265.80 rows=368 width=8) (actual time=400.419..400.419 rows=260 loops=1)
        Buckets: 1024  Batches: 1  Memory Usage: 19kB
        ->  Nested Loop  (cost=0.43..28265.80 rows=368 width=8) (actual time=106.755..400.313 rows=260 loops=1)
              ->  Seq Scan on movie_info_idx mi_idx  (cost=0.00..25185.44 rows=368 width=4) (actual time=106.646..395.367 rows=260 loops=1)
                    Filter: (info_type_id > 101)
                    Rows Removed by Filter: 1379775
              ->  Index Only Scan using title_pkey on title t  (cost=0.43..8.36 rows=1 width=4) (actual time=0.018..0.018 rows=1 loops=260)
                    Index Cond: (id = mi_idx.movie_id)
                    Heap Fetches: 260
Planning time: 1.126 ms
Execution time: 21672.295 ms
