Hash Join  (cost=69969.16..1124983.92 rows=2064859 width=0) (actual time=1128.487..28244.433 rows=1128445 loops=1)
  Hash Cond: (ci.movie_id = t.id)
  ->  Seq Scan on cast_info ci  (cost=0.00..614943.12 rows=36225612 width=4) (actual time=0.010..12882.044 rows=36244344 loops=1)
  ->  Hash  (cost=67604.59..67604.59 rows=144126 width=4) (actual time=1127.385..1127.385 rows=145539 loops=1)
        Buckets: 131072  Batches: 2  Memory Usage: 3580kB
        ->  Seq Scan on title t  (cost=0.00..67604.59 rows=144126 width=4) (actual time=11.455..1078.390 rows=145539 loops=1)
              Filter: (production_year < 1942)
              Rows Removed by Filter: 2382773
Planning time: 0.771 ms
Execution time: 28390.331 ms
