Hash Join  (cost=91342.70..505867.79 rows=2073723 width=0) (actual time=2510.923..10110.048 rows=2243203 loops=1)
  Hash Cond: (mi.movie_id = t.id)
  ->  Seq Scan on movie_info mi  (cost=0.00..346232.03 rows=3623957 width=4) (actual time=563.572..5402.614 rows=3624977 loops=1)
        Filter: (info_type_id < 4)
        Rows Removed by Filter: 11210743
  ->  Hash  (cost=67604.59..67604.59 rows=1446889 width=4) (actual time=1946.289..1946.289 rows=1443298 loops=1)
        Buckets: 131072  Batches: 32  Memory Usage: 2617kB
        ->  Seq Scan on title t  (cost=0.00..67604.59 rows=1446889 width=4) (actual time=0.022..1369.011 rows=1443298 loops=1)
              Filter: (production_year < 2006)
              Rows Removed by Filter: 1085014
Planning time: 5.234 ms
Execution time: 10356.569 ms
