Nested Loop  (cost=0.43..797957.66 rows=224 width=0) (actual time=2174.728..13582.260 rows=43 loops=1)
  ->  Seq Scan on cast_info ci  (cost=0.00..796071.18 rows=224 width=4) (actual time=2174.612..13581.509 rows=43 loops=1)
        Filter: ((role_id > 2) AND (person_id = 3652002))
        Rows Removed by Filter: 36244301
  ->  Index Only Scan using title_pkey on title t  (cost=0.43..8.41 rows=1 width=4) (actual time=0.016..0.016 rows=1 loops=43)
        Index Cond: (id = ci.movie_id)
        Heap Fetches: 43
Planning time: 0.796 ms
Execution time: 13582.355 ms
