Hash Join  (cost=73454.11..142851.53 rows=180412 width=0) (actual time=3457.718..7995.944 rows=333352 loops=1)
  Hash Cond: (mc.movie_id = t.id)
  ->  Seq Scan on movie_companies mc  (cost=0.00..51404.11 rows=1279517 width=4) (actual time=0.019..2994.421 rows=1274246 loops=1)
        Filter: (company_type_id < 2)
        Rows Removed by Filter: 1334883
  ->  Hash  (cost=67604.59..67604.59 rows=356522 width=4) (actual time=3456.547..3456.547 rows=352081 loops=1)
        Buckets: 131072  Batches: 8  Memory Usage: 2565kB
        ->  Seq Scan on title t  (cost=0.00..67604.59 rows=356522 width=4) (actual time=0.015..3298.866 rows=352081 loops=1)
              Filter: (production_year < 1969)
              Rows Removed by Filter: 2176231
Planning time: 0.498 ms
Execution time: 8050.938 ms
