Hash Join  (cost=67697.55..819552.20 rows=106548 width=0) (actual time=1009.742..17663.381 rows=196713 loops=1)
  Hash Cond: (ci.movie_id = t.id)
  ->  Seq Scan on cast_info ci  (cost=0.00..614943.12 rows=36225612 width=4) (actual time=0.011..8157.573 rows=36244344 loops=1)
  ->  Hash  (cost=67604.59..67604.59 rows=7437 width=4) (actual time=1009.298..1009.298 rows=14284 loops=1)
        Buckets: 16384 (originally 8192)  Batches: 1 (originally 1)  Memory Usage: 631kB
        ->  Seq Scan on title t  (cost=0.00..67604.59 rows=7437 width=4) (actual time=0.105..1002.367 rows=14284 loops=1)
              Filter: (production_year = 1973)
              Rows Removed by Filter: 2514028
Planning time: 7.271 ms
Execution time: 17696.034 ms
