Nested Loop  (cost=0.43..52283.69 rows=104 width=0) (actual time=303.224..816.302 rows=99 loops=1)
  ->  Seq Scan on movie_companies mc  (cost=0.00..51404.11 rows=104 width=4) (actual time=303.156..810.008 rows=99 loops=1)
        Filter: (company_id = 71700)
        Rows Removed by Filter: 2609030
  ->  Index Only Scan using title_pkey on title t  (cost=0.43..8.45 rows=1 width=4) (actual time=0.062..0.062 rows=1 loops=99)
        Index Cond: (id = mc.movie_id)
        Heap Fetches: 99
Planning time: 0.784 ms
Execution time: 816.408 ms
