Hash Join  (cost=102767.86..896307.84 rows=3247928 width=0) (actual time=3013.504..17194.879 rows=3137107 loops=1)
  Hash Cond: (ci.movie_id = t.id)
  ->  Seq Scan on cast_info ci  (cost=0.00..705507.15 rows=3247928 width=4) (actual time=919.218..11865.197 rows=3137107 loops=1)
        Filter: (person_id < 303816)
        Rows Removed by Filter: 33107237
  ->  Hash  (cost=61283.27..61283.27 rows=2528527 width=4) (actual time=2052.242..2052.242 rows=2528312 loops=1)
        Buckets: 131072  Batches: 64  Memory Usage: 2415kB
        ->  Seq Scan on title t  (cost=0.00..61283.27 rows=2528527 width=4) (actual time=0.020..1199.067 rows=2528312 loops=1)
Planning time: 0.836 ms
Execution time: 17563.251 ms
