Seq Scan on movie_keyword mk  (cost=0.00..81003.12 rows=246 width=0) (actual time=1.357..1079.254 rows=378 loops=1)
  Filter: (keyword_id = 7569)
  Rows Removed by Filter: 4523552
Planning time: 0.362 ms
Execution time: 1079.520 ms
