Seq Scan on movie_keyword mk  (cost=0.00..81003.12 rows=246 width=0) (actual time=414.066..1291.005 rows=3 loops=1)
  Filter: (keyword_id = 104230)
  Rows Removed by Filter: 4523927
Planning time: 0.377 ms
Execution time: 1291.088 ms
