Hash Join  (cost=481673.35..620467.54 rows=1378216 width=0) (actual time=14234.284..16745.594 rows=406623 loops=1)
  Hash Cond: (mk.movie_id = t.id)
  ->  Seq Scan on movie_keyword mk  (cost=0.00..69693.30 rows=4523930 width=4) (actual time=0.023..1479.172 rows=4523930 loops=1)
  ->  Hash  (cost=469034.40..469034.40 rows=770316 width=8) (actual time=13205.401..13205.401 rows=352003 loops=1)
        Buckets: 131072  Batches: 16  Memory Usage: 1887kB
        ->  Hash Join  (cost=92883.59..469034.40 rows=770316 width=8) (actual time=5739.377..13095.748 rows=352003 loops=1)
              Hash Cond: (mi.movie_id = t.id)
              ->  Seq Scan on movie_info mi  (cost=0.00..346232.03 rows=1264125 width=4) (actual time=1156.848..7381.597 rows=1288928 loops=1)
                    Filter: (info_type_id = 2)
                    Rows Removed by Filter: 13546792
              ->  Hash  (cost=67604.59..67604.59 rows=1540800 width=4) (actual time=4581.309..4581.309 rows=1543264 loops=1)
                    Buckets: 131072  Batches: 32  Memory Usage: 2728kB
                    ->  Seq Scan on title t  (cost=0.00..67604.59 rows=1540800 width=4) (actual time=0.024..3964.728 rows=1543264 loops=1)
                          Filter: (kind_id = 7)
                          Rows Removed by Filter: 985048
Planning time: 2.433 ms
Execution time: 16796.302 ms
