Seq Scan on cast_info ci  (cost=0.00..796071.18 rows=4556972 width=0) (actual time=0.026..15102.197 rows=1848533 loops=1)
  Filter: ((person_id < 2893165) AND (role_id > 8))
  Rows Removed by Filter: 34395811
Planning time: 0.431 ms
Execution time: 15332.100 ms
