Hash Join  (cost=52284.99..133343.94 rows=1 width=0) (actual time=1066.505..2163.439 rows=9 loops=1)
  Hash Cond: (mk.movie_id = t.id)
  ->  Seq Scan on movie_keyword mk  (cost=0.00..81003.12 rows=14884 width=4) (actual time=1.615..1198.672 rows=12004 loops=1)
        Filter: (keyword_id > 123467)
        Rows Removed by Filter: 4511926
  ->  Hash  (cost=52283.69..52283.69 rows=104 width=8) (actual time=962.527..962.527 rows=369 loops=1)
        Buckets: 1024  Batches: 1  Memory Usage: 23kB
        ->  Nested Loop  (cost=0.43..52283.69 rows=104 width=8) (actual time=1.008..962.246 rows=369 loops=1)
              ->  Seq Scan on movie_companies mc  (cost=0.00..51404.11 rows=104 width=4) (actual time=0.946..944.505 rows=369 loops=1)
                    Filter: (company_id = 11647)
                    Rows Removed by Filter: 2608760
              ->  Index Only Scan using title_pkey on title t  (cost=0.43..8.45 rows=1 width=4) (actual time=0.046..0.046 rows=1 loops=369)
                    Index Cond: (id = mc.movie_id)
                    Heap Fetches: 369
Planning time: 3.285 ms
Execution time: 2163.573 ms
