Seq Scan on cast_info ci  (cost=0.00..796071.18 rows=10120768 width=0) (actual time=24.988..15075.486 rows=15715854 loops=1)
  Filter: ((person_id > 2065253) AND (role_id > 1))
  Rows Removed by Filter: 20528490
Planning time: 0.373 ms
Execution time: 17030.641 ms
