Seq Scan on movie_keyword mk  (cost=0.00..81003.12 rows=1922674 width=0) (actual time=0.029..1367.678 rows=1941569 loops=1)
  Filter: (keyword_id < 3339)
  Rows Removed by Filter: 2582361
Planning time: 0.984 ms
Execution time: 1604.359 ms
