Hash Join  (cost=156209.36..228279.04 rows=166282 width=0) (actual time=3978.721..5808.747 rows=485008 loops=1)
  Hash Cond: (mc.movie_id = t.id)
  ->  Seq Scan on movie_companies mc  (cost=0.00..57926.93 rows=925847 width=4) (actual time=100.219..1206.765 rows=1104696 loops=1)
        Filter: ((company_id > 1684) AND (company_type_id = 2))
        Rows Removed by Filter: 1504433
  ->  Hash  (cost=148758.81..148758.81 rows=454124 width=8) (actual time=3877.632..3877.632 rows=459925 loops=1)
        Buckets: 131072  Batches: 8  Memory Usage: 3275kB
        ->  Hash Join  (cost=102767.86..148758.81 rows=454124 width=8) (actual time=1816.678..3744.255 rows=459925 loops=1)
              Hash Cond: (mi_idx.movie_id = t.id)
              ->  Seq Scan on movie_info_idx mi_idx  (cost=0.00..25185.44 rows=454124 width=4) (actual time=0.029..453.764 rows=459925 loops=1)
                    Filter: (info_type_id = 100)
                    Rows Removed by Filter: 920110
              ->  Hash  (cost=61283.27..61283.27 rows=2528527 width=4) (actual time=1814.570..1814.570 rows=2528312 loops=1)
                    Buckets: 131072  Batches: 64  Memory Usage: 2415kB
                    ->  Seq Scan on title t  (cost=0.00..61283.27 rows=2528527 width=4) (actual time=0.012..1016.056 rows=2528312 loops=1)
Planning time: 1.269 ms
Execution time: 5867.142 ms
