Seq Scan on movie_keyword mk  (cost=0.00..81003.12 rows=175519 width=0) (actual time=0.510..1092.138 rows=172057 loops=1)
  Filter: (keyword_id > 72058)
  Rows Removed by Filter: 4351873
Planning time: 0.234 ms
Execution time: 1112.428 ms
