Hash Join  (cost=102767.86..267437.87 rows=3066516 width=0) (actual time=1994.308..6234.604 rows=3055811 loops=1)
  Hash Cond: (mk.movie_id = t.id)
  ->  Seq Scan on movie_keyword mk  (cost=0.00..81003.12 rows=3066516 width=4) (actual time=0.023..1693.447 rows=3055811 loops=1)
        Filter: (keyword_id < 11248)
        Rows Removed by Filter: 1468119
  ->  Hash  (cost=61283.27..61283.27 rows=2528527 width=4) (actual time=1993.346..1993.346 rows=2528312 loops=1)
        Buckets: 131072  Batches: 64  Memory Usage: 2425kB
        ->  Seq Scan on title t  (cost=0.00..61283.27 rows=2528527 width=4) (actual time=0.028..1125.169 rows=2528312 loops=1)
Planning time: 2.630 ms
Execution time: 6576.934 ms
