Hash Join  (cost=583046.46..1654252.77 rows=12188964 width=0) (actual time=18442.223..43644.425 rows=28500533 loops=1)
  Hash Cond: (ci.movie_id = t.id)
  ->  Seq Scan on cast_info ci  (cost=0.00..796071.18 rows=10045038 width=4) (actual time=6320.724..17005.393 rows=12670688 loops=1)
        Filter: ((person_id < 2909345) AND (role_id = 1))
        Rows Removed by Filter: 23573656
  ->  Hash  (cost=532708.04..532708.04 rows=3068194 width=8) (actual time=12120.297..12120.297 rows=3036719 loops=1)
        Buckets: 131072  Batches: 64  Memory Usage: 2881kB
        ->  Hash Join  (cost=102767.86..532708.04 rows=3068194 width=8) (actual time=3892.145..11235.529 rows=3036719 loops=1)
              Hash Cond: (mi.movie_id = t.id)
              ->  Seq Scan on movie_info mi  (cost=0.00..346232.03 rows=3068194 width=4) (actual time=1930.463..6209.019 rows=3036719 loops=1)
                    Filter: (info_type_id = 16)
                    Rows Removed by Filter: 11799001
              ->  Hash  (cost=61283.27..61283.27 rows=2528527 width=4) (actual time=1960.114..1960.114 rows=2528312 loops=1)
                    Buckets: 131072  Batches: 64  Memory Usage: 2425kB
                    ->  Seq Scan on title t  (cost=0.00..61283.27 rows=2528527 width=4) (actual time=0.024..1080.426 rows=2528312 loops=1)
Planning time: 0.784 ms
Execution time: 46868.816 ms
