Seq Scan on movie_keyword mk  (cost=0.00..81003.12 rows=2016300 width=0) (actual time=0.015..1390.165 rows=2020487 loops=1)
  Filter: (keyword_id > 6122)
  Rows Removed by Filter: 2503443
Planning time: 0.357 ms
Execution time: 1630.359 ms
