Hash Join  (cost=114834.19..209264.48 rows=72126 width=0) (actual time=2204.071..4739.901 rows=434997 loops=1)
  Hash Cond: (mk.movie_id = t.id)
  ->  Seq Scan on movie_keyword mk  (cost=0.00..81003.12 rows=3388243 width=4) (actual time=0.016..1498.933 rows=3378865 loops=1)
        Filter: (keyword_id > 1302)
        Rows Removed by Filter: 1145065
  ->  Hash  (cost=114161.37..114161.37 rows=53825 width=8) (actual time=2203.550..2203.550 rows=111147 loops=1)
        Buckets: 131072 (originally 65536)  Batches: 2 (originally 1)  Memory Usage: 3195kB
        ->  Hash Join  (cost=75544.64..114161.37 rows=53825 width=8) (actual time=1248.585..2164.865 rows=111147 loops=1)
              Hash Cond: (mi_idx.movie_id = t.id)
              ->  Seq Scan on movie_info_idx mi_idx  (cost=0.00..21735.35 rows=1380035 width=4) (actual time=0.020..434.715 rows=1380035 loops=1)
              ->  Hash  (cost=73925.90..73925.90 rows=98619 width=4) (actual time=1247.800..1247.800 rows=100458 loops=1)
                    Buckets: 131072  Batches: 2  Memory Usage: 2795kB
                    ->  Seq Scan on title t  (cost=0.00..73925.90 rows=98619 width=4) (actual time=0.011..1213.010 rows=100458 loops=1)
                          Filter: ((production_year > 1908) AND (kind_id = 3))
                          Rows Removed by Filter: 2427854
Planning time: 1.132 ms
Execution time: 4793.330 ms
