Seq Scan on title t  (cost=0.00..67604.59 rows=2374455 width=0) (actual time=0.016..1348.826 rows=2370958 loops=1)
  Filter: (production_year > 1919)
  Rows Removed by Filter: 157354
Planning time: 0.308 ms
Execution time: 1653.701 ms
