Hash Join  (cost=192399.13..232225.03 rows=195184 width=0) (actual time=3575.388..4619.784 rows=281710 loops=1)
  Hash Cond: (mi_idx.movie_id = t.id)
  ->  Seq Scan on movie_info_idx mi_idx  (cost=0.00..25185.44 rows=915101 width=4) (actual time=0.026..562.793 rows=919850 loops=1)
        Filter: (info_type_id < 101)
        Rows Removed by Filter: 460185
  ->  Hash  (cost=183550.68..183550.68 rows=539316 width=8) (actual time=3574.610..3574.610 rows=254744 loops=1)
        Buckets: 131072  Batches: 8  Memory Usage: 2275kB
        ->  Hash Join  (cost=102767.86..183550.68 rows=539316 width=8) (actual time=1939.230..3498.905 rows=254744 loops=1)
              Hash Cond: (mc.movie_id = t.id)
              ->  Seq Scan on movie_companies mc  (cost=0.00..57926.93 rows=539316 width=4) (actual time=0.020..953.941 rows=254744 loops=1)
                    Filter: ((company_id > 13918) AND (company_type_id < 2))
                    Rows Removed by Filter: 2354385
              ->  Hash  (cost=61283.27..61283.27 rows=2528527 width=4) (actual time=1938.245..1938.245 rows=2528312 loops=1)
                    Buckets: 131072  Batches: 64  Memory Usage: 2415kB
                    ->  Seq Scan on title t  (cost=0.00..61283.27 rows=2528527 width=4) (actual time=0.020..1105.700 rows=2528312 loops=1)
Planning time: 1.590 ms
Execution time: 4653.126 ms
