Seq Scan on movie_companies mc  (cost=0.00..51404.11 rows=571476 width=0) (actual time=0.012..984.655 rows=570546 loops=1)
  Filter: (company_id < 598)
  Rows Removed by Filter: 2038583
Planning time: 0.337 ms
Execution time: 1058.066 ms
