Hash Join  (cost=106332.13..471810.03 rows=82199 width=0) (actual time=2016.030..9112.445 rows=51850 loops=1)
  Hash Cond: (mi.movie_id = t.id)
  ->  Seq Scan on movie_info mi  (cost=0.00..309384.22 rows=14739122 width=4) (actual time=0.022..4215.881 rows=14835720 loops=1)
  ->  Hash  (cost=106155.87..106155.87 rows=14101 width=8) (actual time=1937.182..1937.182 rows=6329 loops=1)
        Buckets: 16384  Batches: 1  Memory Usage: 376kB
        ->  Hash Join  (cost=75195.76..106155.87 rows=14101 width=8) (actual time=1272.103..1934.760 rows=6329 loops=1)
              Hash Cond: (mi_idx.movie_id = t.id)
              ->  Seq Scan on movie_info_idx mi_idx  (cost=0.00..25185.44 rows=460978 width=4) (actual time=0.019..486.032 rows=459925 loops=1)
                    Filter: (info_type_id < 100)
                    Rows Removed by Filter: 920110
              ->  Hash  (cost=73925.90..73925.90 rows=77348 width=4) (actual time=1271.282..1271.282 rows=84109 loops=1)
                    Buckets: 131072  Batches: 2  Memory Usage: 2509kB
                    ->  Seq Scan on title t  (cost=0.00..73925.90 rows=77348 width=4) (actual time=0.020..1237.229 rows=84109 loops=1)
                          Filter: ((kind_id = 7) AND (production_year = 2008))
                          Rows Removed by Filter: 2444203
Planning time: 2.208 ms
Execution time: 9119.965 ms
