Hash Join  (cost=273693.34..1286720.94 rows=8119154 width=0) (actual time=11503.687..52718.943 rows=3860569 loops=1)
  Hash Cond: (ci.movie_id = t.id)
  ->  Seq Scan on cast_info ci  (cost=0.00..796071.18 rows=9968379 width=4) (actual time=2.717..36485.236 rows=5480431 loops=1)
        Filter: ((person_id < 2253821) AND (role_id > 2))
        Rows Removed by Filter: 30763913
  ->  Hash  (cost=239905.06..239905.06 rows=2059462 width=8) (actual time=11497.407..11497.407 rows=515460 loops=1)
        Buckets: 131072  Batches: 32  Memory Usage: 1663kB
        ->  Hash Join  (cost=92811.40..239905.06 rows=2059462 width=8) (actual time=8073.428..11339.202 rows=515460 loops=1)
              Hash Cond: (mk.movie_id = t.id)
              ->  Seq Scan on movie_keyword mk  (cost=0.00..69693.30 rows=4523930 width=4) (actual time=0.035..3955.086 rows=4523930 loops=1)
              ->  Hash  (cost=73925.90..73925.90 rows=1151080 width=4) (actual time=4709.122..4709.122 rows=1244530 loops=1)
                    Buckets: 131072  Batches: 16  Memory Usage: 3777kB
                    ->  Seq Scan on title t  (cost=0.00..73925.90 rows=1151080 width=4) (actual time=0.019..3926.569 rows=1244530 loops=1)
                          Filter: ((production_year > 1983) AND (kind_id = 7))
                          Rows Removed by Filter: 1283782
Planning time: 1.158 ms
Execution time: 53142.981 ms
