Hash Join  (cost=87273.01..882106.19 rows=45644 width=0) (actual time=2732.357..50183.112 rows=50473 loops=1)
  Hash Cond: (ci.movie_id = t.id)
  ->  Seq Scan on cast_info ci  (cost=0.00..705507.15 rows=23698556 width=4) (actual time=0.020..40914.318 rows=23791691 loops=1)
        Filter: (person_id > 1228392)
        Rows Removed by Filter: 12452653
  ->  Hash  (cost=87212.14..87212.14 rows=4870 width=8) (actual time=2732.156..2732.156 rows=5148 loops=1)
        Buckets: 8192  Batches: 1  Memory Usage: 266kB
        ->  Nested Loop  (cost=0.43..87212.14 rows=4870 width=8) (actual time=1.221..2729.256 rows=5148 loops=1)
              ->  Seq Scan on movie_companies mc  (cost=0.00..51404.11 rows=4870 width=4) (actual time=1.169..2166.489 rows=5148 loops=1)
                    Filter: (company_id = 1427)
                    Rows Removed by Filter: 2603981
              ->  Index Only Scan using title_pkey on title t  (cost=0.43..7.34 rows=1 width=4) (actual time=0.107..0.108 rows=1 loops=5148)
                    Index Cond: (id = mc.movie_id)
                    Heap Fetches: 5148
Planning time: 1.134 ms
Execution time: 50198.655 ms
