Hash Join  (cost=146880.82..1203035.32 rows=2175734 width=0) (actual time=7616.789..65699.198 rows=3699671 loops=1)
  Hash Cond: (ci.movie_id = t.id)
  ->  Seq Scan on cast_info ci  (cost=0.00..614943.12 rows=36225612 width=4) (actual time=0.021..39488.234 rows=36244344 loops=1)
  ->  Hash  (cost=144388.51..144388.51 rows=151865 width=8) (actual time=7615.814..7615.814 rows=114084 loops=1)
        Buckets: 131072  Batches: 2  Memory Usage: 3259kB
        ->  Hash Join  (cost=71408.55..144388.51 rows=151865 width=8) (actual time=3295.123..7567.891 rows=114084 loops=1)
              Hash Cond: (mc.movie_id = t.id)
              ->  Seq Scan on movie_companies mc  (cost=0.00..51404.11 rows=1656318 width=4) (actual time=0.018..3325.542 rows=1657062 loops=1)
                    Filter: (company_id > 3755)
                    Rows Removed by Filter: 952067
              ->  Hash  (cost=67604.59..67604.59 rows=231837 width=4) (actual time=3294.293..3294.293 rows=231649 loops=1)
                    Buckets: 131072  Batches: 4  Memory Usage: 3076kB
                    ->  Seq Scan on title t  (cost=0.00..67604.59 rows=231837 width=4) (actual time=0.015..3205.050 rows=231649 loops=1)
                          Filter: (production_year > 2011)
                          Rows Removed by Filter: 2296663
Planning time: 1.216 ms
Execution time: 66288.427 ms
