Hash Join  (cost=885253.95..1477907.97 rows=8849319 width=0) (actual time=44635.395..83000.603 rows=25650368 loops=1)
  Hash Cond: (mi.movie_id = t.id)
  ->  Seq Scan on movie_info mi  (cost=0.00..309384.22 rows=14739122 width=4) (actual time=0.011..21069.559 rows=14835720 loops=1)
  ->  Hash  (cost=860346.46..860346.46 rows=1518119 width=8) (actual time=44633.177..44633.177 rows=1337979 loops=1)
        Buckets: 131072  Batches: 32  Memory Usage: 2680kB
        ->  Hash Join  (cost=89678.24..860346.46 rows=1518119 width=8) (actual time=15154.147..44146.217 rows=1337979 loops=1)
              Hash Cond: (ci.movie_id = t.id)
              ->  Seq Scan on cast_info ci  (cost=0.00..705507.15 rows=3998100 width=4) (actual time=10567.613..36157.123 rows=4008037 loops=1)
                    Filter: (role_id = 3)
                    Rows Removed by Filter: 32236307
              ->  Hash  (cost=73925.90..73925.90 rows=960107 width=4) (actual time=4585.428..4585.428 rows=977778 loops=1)
                    Buckets: 131072  Batches: 16  Memory Usage: 3172kB
                    ->  Seq Scan on title t  (cost=0.00..73925.90 rows=960107 width=4) (actual time=0.037..3842.005 rows=977778 loops=1)
                          Filter: ((kind_id < 7) AND (production_year > 0))
                          Rows Removed by Filter: 1550534
Planning time: 1.255 ms
Execution time: 86455.280 ms
