Nested Loop  (cost=0.43..797488.46 rows=95 width=0) (actual time=1893.596..13643.187 rows=84 loops=1)
  ->  Seq Scan on cast_info ci  (cost=0.00..796071.18 rows=168 width=4) (actual time=1893.508..13641.594 rows=84 loops=1)
        Filter: ((role_id > 3) AND (person_id = 3455538))
        Rows Removed by Filter: 36244260
  ->  Index Scan using title_pkey on title t  (cost=0.43..8.43 rows=1 width=4) (actual time=0.018..0.018 rows=1 loops=84)
        Index Cond: (id = ci.movie_id)
        Filter: (production_year > 1999)
Planning time: 0.864 ms
Execution time: 13643.341 ms
