Hash Join  (cost=77642.13..1093346.23 rows=2223995 width=0) (actual time=3557.448..64243.999 rows=708023 loops=1)
  Hash Cond: (ci.movie_id = t.id)
  ->  Seq Scan on cast_info ci  (cost=0.00..705507.15 rows=24827732 width=4) (actual time=0.016..44684.443 rows=24931583 loops=1)
        Filter: (person_id > 1110984)
        Rows Removed by Filter: 11312761
  ->  Hash  (cost=73925.90..73925.90 rows=226498 width=4) (actual time=3556.327..3556.327 rows=120787 loops=1)
        Buckets: 131072  Batches: 4  Memory Usage: 2083kB
        ->  Seq Scan on title t  (cost=0.00..73925.90 rows=226498 width=4) (actual time=293.702..3501.742 rows=120787 loops=1)
              Filter: ((production_year < 1970) AND (kind_id = 7))
              Rows Removed by Filter: 2407525
Planning time: 7.144 ms
Execution time: 64352.191 ms
