Hash Join  (cost=190230.21..289811.27 rows=1371951 width=0) (actual time=6981.442..12373.679 rows=3933965 loops=1)
  Hash Cond: (mc.movie_id = t.id)
  ->  Seq Scan on movie_companies mc  (cost=0.00..51404.11 rows=2513716 width=4) (actual time=0.017..2634.956 rows=2513179 loops=1)
        Filter: (company_id < 160010)
        Rows Removed by Filter: 95950
  ->  Hash  (cost=167588.78..167588.78 rows=1380035 width=8) (actual time=6980.430..6980.430 rows=1380035 loops=1)
        Buckets: 131072  Batches: 32  Memory Usage: 2708kB
        ->  Hash Join  (cost=102767.86..167588.78 rows=1380035 width=8) (actual time=4151.475..6617.395 rows=1380035 loops=1)
              Hash Cond: (mi_idx.movie_id = t.id)
              ->  Seq Scan on movie_info_idx mi_idx  (cost=0.00..21735.35 rows=1380035 width=4) (actual time=0.021..1020.452 rows=1380035 loops=1)
              ->  Hash  (cost=61283.27..61283.27 rows=2528527 width=4) (actual time=4150.467..4150.467 rows=2528312 loops=1)
                    Buckets: 131072  Batches: 64  Memory Usage: 2415kB
                    ->  Seq Scan on title t  (cost=0.00..61283.27 rows=2528527 width=4) (actual time=0.011..2938.276 rows=2528312 loops=1)
Planning time: 1.186 ms
Execution time: 12901.524 ms
