Hash Join  (cost=171946.80..1219020.11 rows=1291722 width=0) (actual time=8473.779..79527.585 rows=11172509 loops=1)
  Hash Cond: (ci.movie_id = t.id)
  ->  Seq Scan on cast_info ci  (cost=0.00..614943.12 rows=36225612 width=4) (actual time=0.012..45213.599 rows=36244344 loops=1)
  ->  Hash  (cost=170466.78..170466.78 rows=90161 width=8) (actual time=8472.970..8472.970 rows=287895 loops=1)
        Buckets: 131072 (originally 131072)  Batches: 4 (originally 2)  Memory Usage: 3853kB
        ->  Hash Join  (cost=79863.89..170466.78 rows=90161 width=8) (actual time=4049.147..8386.370 rows=287895 loops=1)
              Hash Cond: (mk.movie_id = t.id)
              ->  Seq Scan on movie_keyword mk  (cost=0.00..81003.12 rows=629908 width=4) (actual time=0.022..3194.141 rows=635903 loops=1)
                    Filter: (keyword_id > 29032)
                    Rows Removed by Filter: 3888027
              ->  Hash  (cost=73925.90..73925.90 rows=361919 width=4) (actual time=4048.145..4048.145 rows=470371 loops=1)
                    Buckets: 131072  Batches: 8  Memory Usage: 3110kB
                    ->  Seq Scan on title t  (cost=0.00..73925.90 rows=361919 width=4) (actual time=0.033..3207.243 rows=470371 loops=1)
                          Filter: ((kind_id < 7) AND (production_year < 1998))
                          Rows Removed by Filter: 2057941
Planning time: 1.154 ms
Execution time: 81076.142 ms
