Hash Join  (cost=660094.64..1704439.98 rows=12422159 width=0) (actual time=42940.481..83387.842 rows=16328086 loops=1)
  Hash Cond: (ci.movie_id = t.id)
  ->  Seq Scan on cast_info ci  (cost=0.00..796071.18 rows=6317208 width=4) (actual time=10649.379..39291.432 rows=7451973 loops=1)
        Filter: ((person_id < 3182670) AND (role_id = 2))
        Rows Removed by Filter: 28792371
  ->  Hash  (cost=578520.44..578520.44 rows=4972096 width=8) (actual time=32289.597..32289.597 rows=4923966 loops=1)
        Buckets: 131072  Batches: 128  Memory Usage: 2524kB
        ->  Hash Join  (cost=102767.86..578520.44 rows=4972096 width=8) (actual time=14436.930..30670.940 rows=4923966 loops=1)
              Hash Cond: (mi.movie_id = t.id)
              ->  Seq Scan on movie_info mi  (cost=0.00..346232.03 rows=4972096 width=4) (actual time=8822.151..19409.468 rows=4923966 loops=1)
                    Filter: (info_type_id < 5)
                    Rows Removed by Filter: 9911754
              ->  Hash  (cost=61283.27..61283.27 rows=2528527 width=4) (actual time=5613.521..5613.521 rows=2528312 loops=1)
                    Buckets: 131072  Batches: 64  Memory Usage: 2425kB
                    ->  Seq Scan on title t  (cost=0.00..61283.27 rows=2528527 width=4) (actual time=0.026..4254.073 rows=2528312 loops=1)
Planning time: 1.909 ms
Execution time: 85516.237 ms
