Hash Join  (cost=85113.64..509064.14 rows=1419457 width=0) (actual time=4319.592..26541.916 rows=862642 loops=1)
  Hash Cond: (mi.movie_id = t.id)
  ->  Seq Scan on movie_info mi  (cost=0.00..346232.03 rows=5263441 width=4) (actual time=0.021..18784.143 rows=5270569 loops=1)
        Filter: (info_type_id > 15)
        Rows Removed by Filter: 9565151
  ->  Hash  (cost=73925.90..73925.90 rows=681899 width=4) (actual time=4318.495..4318.495 rows=565062 loops=1)
        Buckets: 131072  Batches: 16  Memory Usage: 2272kB
        ->  Seq Scan on title t  (cost=0.00..73925.90 rows=681899 width=4) (actual time=0.016..4057.237 rows=565062 loops=1)
              Filter: ((kind_id > 1) AND (production_year < 1998))
              Rows Removed by Filter: 1963250
Planning time: 0.745 ms
Execution time: 26643.686 ms
