Seq Scan on movie_keyword mk  (cost=0.00..81003.12 rows=246 width=0) (actual time=0.860..1394.196 rows=974 loops=1)
  Filter: (keyword_id = 7467)
  Rows Removed by Filter: 4522956
Planning time: 0.329 ms
Execution time: 1394.805 ms
