Hash Join  (cost=478047.37..599746.36 rows=541528 width=0) (actual time=23733.203..33417.293 rows=13804863 loops=1)
  Hash Cond: (mk.movie_id = t.id)
  ->  Seq Scan on movie_keyword mk  (cost=0.00..81003.12 rows=2891088 width=4) (actual time=0.023..4655.503 rows=2880920 loops=1)
        Filter: (keyword_id > 2489)
        Rows Removed by Filter: 1643010
  ->  Hash  (cost=470276.16..470276.16 rows=473617 width=8) (actual time=23732.328..23732.328 rows=486554 loops=1)
        Buckets: 131072  Batches: 8  Memory Usage: 3450kB
        ->  Hash Join  (cost=102767.86..470276.16 rows=473617 width=8) (actual time=12065.930..23150.802 rows=486554 loops=1)
              Hash Cond: (mi.movie_id = t.id)
              ->  Seq Scan on movie_info mi  (cost=0.00..346232.03 rows=473617 width=4) (actual time=6796.291..16995.412 rows=486554 loops=1)
                    Filter: (info_type_id = 5)
                    Rows Removed by Filter: 14349166
              ->  Hash  (cost=61283.27..61283.27 rows=2528527 width=4) (actual time=5268.706..5268.706 rows=2528312 loops=1)
                    Buckets: 131072  Batches: 64  Memory Usage: 2425kB
                    ->  Seq Scan on title t  (cost=0.00..61283.27 rows=2528527 width=4) (actual time=0.020..4265.623 rows=2528312 loops=1)
Planning time: 1.036 ms
Execution time: 35182.703 ms
