Seq Scan on movie_keyword mk  (cost=0.00..81003.12 rows=3213474 width=0) (actual time=0.025..4487.443 rows=3202468 loops=1)
  Filter: (keyword_id < 13106)
  Rows Removed by Filter: 1321462
Planning time: 0.353 ms
Execution time: 5061.067 ms
