Seq Scan on movie_companies mc  (cost=0.00..51404.11 rows=104 width=0) (actual time=277.395..1840.428 rows=35 loops=1)
  Filter: (company_id = 17078)
  Rows Removed by Filter: 2609094
Planning time: 0.366 ms
Execution time: 1840.538 ms
