Hash Join  (cost=191926.57..1081939.75 rows=3466831 width=0) (actual time=9953.498..63282.435 rows=6957087 loops=1)
  Hash Cond: (ci.movie_id = t.id)
  ->  Seq Scan on cast_info ci  (cost=0.00..705507.15 rows=12726058 width=4) (actual time=0.021..42465.533 rows=12670688 loops=1)
        Filter: (role_id = 1)
        Rows Removed by Filter: 23573656
  ->  Hash  (cost=180625.31..180625.31 rows=688821 width=8) (actual time=9951.794..9951.794 rows=681853 loops=1)
        Buckets: 131072  Batches: 16  Memory Usage: 2687kB
        ->  Hash Join  (cost=102767.86..180625.31 rows=688821 width=8) (actual time=5773.525..9749.379 rows=681853 loops=1)
              Hash Cond: (mc.movie_id = t.id)
              ->  Seq Scan on movie_companies mc  (cost=0.00..51404.11 rows=688821 width=4) (actual time=0.031..2929.565 rows=681853 loops=1)
                    Filter: (company_id < 1162)
                    Rows Removed by Filter: 1927276
              ->  Hash  (cost=61283.27..61283.27 rows=2528527 width=4) (actual time=5771.607..5771.607 rows=2528312 loops=1)
                    Buckets: 131072  Batches: 64  Memory Usage: 2415kB
                    ->  Seq Scan on title t  (cost=0.00..61283.27 rows=2528527 width=4) (actual time=0.017..4463.906 rows=2528312 loops=1)
Planning time: 1.142 ms
Execution time: 64267.305 ms
