Hash Join  (cost=95314.15..656202.83 rows=7598975 width=0) (actual time=4994.359..37576.444 rows=3411476 loops=1)
  Hash Cond: (mi.movie_id = t.id)
  ->  Seq Scan on movie_info mi  (cost=0.00..309384.22 rows=14739122 width=4) (actual time=0.008..22471.600 rows=14835720 loops=1)
  ->  Hash  (cost=73925.90..73925.90 rows=1303620 width=4) (actual time=4993.315..4993.315 rows=1383104 loops=1)
        Buckets: 131072  Batches: 32  Memory Usage: 2552kB
        ->  Seq Scan on title t  (cost=0.00..73925.90 rows=1303620 width=4) (actual time=0.021..4410.360 rows=1383104 loops=1)
              Filter: ((production_year > 1966) AND (kind_id = 7))
              Rows Removed by Filter: 1145208
Planning time: 0.755 ms
Execution time: 37990.996 ms
