Seq Scan on movie_keyword mk  (cost=0.00..81003.12 rows=246 width=0) (actual time=0.022..2442.809 rows=1042 loops=1)
  Filter: (keyword_id = 6933)
  Rows Removed by Filter: 4522888
Planning time: 3.289 ms
Execution time: 2443.364 ms
