Hash Join  (cost=73994.33..100918.42 rows=998 width=0) (actual time=3354.262..4762.236 rows=1355 loops=1)
  Hash Cond: (mi_idx.movie_id = t.id)
  ->  Seq Scan on movie_info_idx mi_idx  (cost=0.00..25185.44 rows=460978 width=4) (actual time=0.016..1273.503 rows=459925 loops=1)
        Filter: (info_type_id < 100)
        Rows Removed by Filter: 920110
  ->  Hash  (cost=73925.90..73925.90 rows=5474 width=4) (actual time=3352.242..3352.242 rows=10047 loops=1)
        Buckets: 16384 (originally 8192)  Batches: 1 (originally 1)  Memory Usage: 482kB
        ->  Seq Scan on title t  (cost=0.00..73925.90 rows=5474 width=4) (actual time=0.034..3346.641 rows=10047 loops=1)
              Filter: ((kind_id > 1) AND (production_year = 1969))
              Rows Removed by Filter: 2518265
Planning time: 6.932 ms
Execution time: 4767.453 ms
