Seq Scan on cast_info ci  (cost=0.00..796071.18 rows=7671999 width=0) (actual time=7594.027..38892.924 rows=8482922 loops=1)
  Filter: ((person_id > 657726) AND (role_id > 4))
  Rows Removed by Filter: 27761422
Planning time: 0.330 ms
Execution time: 40242.750 ms
