Nested Loop  (cost=0.43..709673.15 rows=195 width=0) (actual time=405.997..11288.762 rows=50 loops=1)
  ->  Seq Scan on cast_info ci  (cost=0.00..705507.15 rows=500 width=4) (actual time=405.918..11287.640 rows=50 loops=1)
        Filter: (person_id = 688582)
        Rows Removed by Filter: 36244294
  ->  Index Scan using title_pkey on title t  (cost=0.43..8.32 rows=1 width=4) (actual time=0.021..0.022 rows=1 loops=50)
        Index Cond: (id = ci.movie_id)
        Filter: (kind_id < 7)
Planning time: 0.763 ms
Execution time: 11288.896 ms
