Nested Loop  (cost=0.43..83071.67 rows=246 width=0) (actual time=8.343..3452.870 rows=405 loops=1)
  ->  Seq Scan on movie_keyword mk  (cost=0.00..81003.12 rows=246 width=4) (actual time=8.287..3384.095 rows=405 loops=1)
        Filter: (keyword_id = 1987)
        Rows Removed by Filter: 4523525
  ->  Index Only Scan using title_pkey on title t  (cost=0.43..8.40 rows=1 width=4) (actual time=0.166..0.167 rows=1 loops=405)
        Index Cond: (id = mk.movie_id)
        Heap Fetches: 405
Planning time: 0.621 ms
Execution time: 3453.222 ms
