Hash Join  (cost=102767.86..1203589.35 rows=12254419 width=0) (actual time=7924.239..50600.793 rows=6117477 loops=1)
  Hash Cond: (ci.movie_id = t.id)
  ->  Seq Scan on cast_info ci  (cost=0.00..796071.18 rows=12254419 width=4) (actual time=2447.667..38864.152 rows=6117477 loops=1)
        Filter: ((person_id < 1872430) AND (role_id > 1))
        Rows Removed by Filter: 30126867
  ->  Hash  (cost=61283.27..61283.27 rows=2528527 width=4) (actual time=5475.226..5475.226 rows=2528312 loops=1)
        Buckets: 131072  Batches: 64  Memory Usage: 2415kB
        ->  Seq Scan on title t  (cost=0.00..61283.27 rows=2528527 width=4) (actual time=0.017..4396.748 rows=2528312 loops=1)
Planning time: 0.761 ms
Execution time: 51350.445 ms
