Hash Join  (cost=427736.27..515338.45 rows=94414 width=0) (actual time=19789.825..24515.804 rows=69949 loops=1)
  Hash Cond: (mk.movie_id = t.id)
  ->  Seq Scan on movie_keyword mk  (cost=0.00..69693.30 rows=4523930 width=4) (actual time=0.027..3627.120 rows=4523930 loops=1)
  ->  Hash  (cost=427076.64..427076.64 rows=52770 width=8) (actual time=19789.239..19789.239 rows=46257 loops=1)
        Buckets: 65536  Batches: 1  Memory Usage: 2319kB
        ->  Hash Join  (cost=70308.29..427076.64 rows=52770 width=8) (actual time=15997.423..19768.953 rows=46257 loops=1)
              Hash Cond: (mi.movie_id = t.id)
              ->  Seq Scan on movie_info mi  (cost=0.00..346232.03 rows=809768 width=4) (actual time=12296.600..15649.933 rows=802140 loops=1)
                    Filter: (info_type_id < 2)
                    Rows Removed by Filter: 14033580
              ->  Hash  (cost=67604.59..67604.59 rows=164776 width=4) (actual time=3699.708..3699.708 rows=164307 loops=1)
                    Buckets: 131072  Batches: 4  Memory Usage: 2488kB
                    ->  Seq Scan on title t  (cost=0.00..67604.59 rows=164776 width=4) (actual time=0.030..3623.443 rows=164307 loops=1)
                          Filter: (production_year = 2012)
                          Rows Removed by Filter: 2364005
Planning time: 1.131 ms
Execution time: 24526.397 ms
