Hash Join  (cost=102767.86..293518.61 rows=4150377 width=0) (actual time=4940.558..13073.950 rows=4152334 loops=1)
  Hash Cond: (mk.movie_id = t.id)
  ->  Seq Scan on movie_keyword mk  (cost=0.00..81003.12 rows=4150377 width=4) (actual time=0.013..3887.265 rows=4152334 loops=1)
        Filter: (keyword_id < 45534)
        Rows Removed by Filter: 371596
  ->  Hash  (cost=61283.27..61283.27 rows=2528527 width=4) (actual time=4938.518..4938.518 rows=2528312 loops=1)
        Buckets: 131072  Batches: 64  Memory Usage: 2425kB
        ->  Seq Scan on title t  (cost=0.00..61283.27 rows=2528527 width=4) (actual time=0.011..3367.421 rows=2528312 loops=1)
Planning time: 0.709 ms
Execution time: 13549.748 ms
