Seq Scan on movie_keyword mk  (cost=0.00..81003.12 rows=769274 width=0) (actual time=0.015..3998.484 rows=777495 loops=1)
  Filter: (keyword_id > 24250)
  Rows Removed by Filter: 3746435
Planning time: 5.569 ms
Execution time: 4116.542 ms
