Seq Scan on movie_keyword mk  (cost=0.00..81003.12 rows=246 width=12) (actual time=0.574..1434.728 rows=2830 loops=1)
  Filter: (keyword_id = 2837)
  Rows Removed by Filter: 4521100
Planning time: 0.340 ms
Execution time: 1434.991 ms
