Hash Join  (cost=78556.72..147227.78 rows=272467 width=0) (actual time=3225.615..6077.294 rows=641258 loops=1)
  Hash Cond: (mc.movie_id = t.id)
  ->  Seq Scan on movie_companies mc  (cost=0.00..51404.11 rows=1032072 width=4) (actual time=98.833..2075.737 rows=1040198 loops=1)
        Filter: (company_id > 15215)
        Rows Removed by Filter: 1568931
  ->  Hash  (cost=67604.59..67604.59 rows=667531 width=4) (actual time=3122.482..3122.482 rows=662825 loops=1)
        Buckets: 131072  Batches: 16  Memory Usage: 2476kB
        ->  Seq Scan on title t  (cost=0.00..67604.59 rows=667531 width=4) (actual time=0.031..2861.951 rows=662825 loops=1)
              Filter: (kind_id = 1)
              Rows Removed by Filter: 1865487
Planning time: 0.686 ms
Execution time: 6164.944 ms
