Seq Scan on cast_info ci  (cost=0.00..796071.18 rows=7034487 width=0) (actual time=2824.164..38223.406 rows=1080176 loops=1)
  Filter: ((person_id > 1592304) AND (role_id < 2))
  Rows Removed by Filter: 35164168
Planning time: 7.680 ms
Execution time: 38385.953 ms
