Seq Scan on cast_info ci  (cost=0.00..705507.15 rows=500 width=0) (actual time=5817.412..29295.469 rows=19 loops=1)
  Filter: (person_id = 2771945)
  Rows Removed by Filter: 36244325
Planning time: 2.668 ms
Execution time: 29295.582 ms
