Hash Join  (cost=102767.86..212281.24 rows=774293 width=0) (actual time=4434.756..9001.673 rows=782683 loops=1)
  Hash Cond: (mk.movie_id = t.id)
  ->  Seq Scan on movie_keyword mk  (cost=0.00..81003.12 rows=774293 width=4) (actual time=0.021..3433.272 rows=782683 loops=1)
        Filter: (keyword_id > 24079)
        Rows Removed by Filter: 3741247
  ->  Hash  (cost=61283.27..61283.27 rows=2528527 width=4) (actual time=4432.833..4432.833 rows=2528312 loops=1)
        Buckets: 131072  Batches: 64  Memory Usage: 2425kB
        ->  Seq Scan on title t  (cost=0.00..61283.27 rows=2528527 width=4) (actual time=0.004..3386.558 rows=2528312 loops=1)
Planning time: 0.701 ms
Execution time: 9087.189 ms
