Hash Join  (cost=263115.61..1298882.77 rows=13546058 width=0) (actual time=6609.178..33976.084 rows=29247136 loops=1)
  Hash Cond: (ci.movie_id = t.id)
  ->  Seq Scan on cast_info ci  (cost=0.00..705507.15 rows=13127589 width=4) (actual time=0.020..13497.307 rows=13082749 loops=1)
        Filter: (person_id < 1291964)
        Rows Removed by Filter: 23161595
  ->  Hash  (cost=220309.49..220309.49 rows=2609129 width=8) (actual time=6607.283..6607.283 rows=2609129 loops=1)
        Buckets: 131072  Batches: 64  Memory Usage: 2610kB
        ->  Hash Join  (cost=102767.86..220309.49 rows=2609129 width=8) (actual time=2129.790..5571.838 rows=2609129 loops=1)
              Hash Cond: (mc.movie_id = t.id)
              ->  Seq Scan on movie_companies mc  (cost=0.00..44881.29 rows=2609129 width=4) (actual time=0.013..941.425 rows=2609129 loops=1)
              ->  Hash  (cost=61283.27..61283.27 rows=2528527 width=4) (actual time=2127.803..2127.803 rows=2528312 loops=1)
                    Buckets: 131072  Batches: 64  Memory Usage: 2415kB
                    ->  Seq Scan on title t  (cost=0.00..61283.27 rows=2528527 width=4) (actual time=0.027..1276.371 rows=2528312 loops=1)
Planning time: 1.146 ms
Execution time: 37022.642 ms
