Hash Join  (cost=83810.17..188779.92 rows=507741 width=0) (actual time=4637.317..10479.427 rows=1144803 loops=1)
  Hash Cond: (mk.movie_id = t.id)
  ->  Seq Scan on movie_keyword mk  (cost=0.00..81003.12 rows=1299790 width=4) (actual time=0.018..4525.194 rows=1304686 loops=1)
        Filter: (keyword_id < 1711)
        Rows Removed by Filter: 3219244
  ->  Hash  (cost=67604.59..67604.59 rows=987727 width=4) (actual time=4636.265..4636.265 rows=985048 loops=1)
        Buckets: 131072  Batches: 16  Memory Usage: 3197kB
        ->  Seq Scan on title t  (cost=0.00..67604.59 rows=987727 width=4) (actual time=0.013..3893.350 rows=985048 loops=1)
              Filter: (kind_id < 7)
              Rows Removed by Filter: 1543264
Planning time: 0.685 ms
Execution time: 10630.960 ms
