Hash Join  (cost=117169.86..239094.99 rows=182267 width=0) (actual time=5069.996..10096.325 rows=1969186 loops=1)
  Hash Cond: (mk.movie_id = t.id)
  ->  Seq Scan on movie_keyword mk  (cost=0.00..81003.12 rows=3334755 width=4) (actual time=0.027..3113.627 rows=3326264 loops=1)
        Filter: (keyword_id > 1450)
        Rows Removed by Filter: 1197666
  ->  Hash  (cost=114902.35..114902.35 rows=138201 width=8) (actual time=5069.255..5069.255 rows=247566 loops=1)
        Buckets: 131072 (originally 131072)  Batches: 4 (originally 2)  Memory Usage: 3457kB
        ->  Hash Join  (cost=80042.24..114902.35 rows=138201 width=8) (actual time=3324.831..4977.606 rows=247566 loops=1)
              Hash Cond: (mi_idx.movie_id = t.id)
              ->  Seq Scan on movie_info_idx mi_idx  (cost=0.00..25185.44 rows=460978 width=4) (actual time=0.020..1169.975 rows=459925 loops=1)
                    Filter: (info_type_id < 100)
                    Rows Removed by Filter: 920110
              ->  Hash  (cost=67604.59..67604.59 rows=758052 width=4) (actual time=3323.766..3323.766 rows=753677 loops=1)
                    Buckets: 131072  Batches: 16  Memory Usage: 2677kB
                    ->  Seq Scan on title t  (cost=0.00..67604.59 rows=758052 width=4) (actual time=0.013..2772.898 rows=753677 loops=1)
                          Filter: (kind_id < 3)
                          Rows Removed by Filter: 1774635
Planning time: 1.017 ms
Execution time: 10355.570 ms
