Hash Join  (cost=125637.39..203821.54 rows=227363 width=0) (actual time=4742.092..8163.739 rows=232167 loops=1)
  Hash Cond: (mc.movie_id = t.id)
  ->  Seq Scan on movie_companies mc  (cost=0.00..44881.29 rows=2609129 width=4) (actual time=0.014..2296.187 rows=2609129 loops=1)
  ->  Hash  (cost=122022.15..122022.15 rows=220339 width=8) (actual time=4741.247..4741.247 rows=96867 loops=1)
        Buckets: 131072  Batches: 4  Memory Usage: 1961kB
        ->  Hash Join  (cost=80549.28..122022.15 rows=220339 width=8) (actual time=3127.896..4709.493 rows=96867 loops=1)
              Hash Cond: (mi_idx.movie_id = t.id)
              ->  Seq Scan on movie_info_idx mi_idx  (cost=0.00..21735.35 rows=1380035 width=4) (actual time=0.019..911.483 rows=1380035 loops=1)
              ->  Hash  (cost=73925.90..73925.90 rows=403710 width=4) (actual time=3077.844..3077.844 rows=434218 loops=1)
                    Buckets: 131072  Batches: 8  Memory Usage: 2935kB
                    ->  Seq Scan on title t  (cost=0.00..73925.90 rows=403710 width=4) (actual time=149.020..2931.378 rows=434218 loops=1)
                          Filter: ((production_year > 2008) AND (kind_id = 7))
                          Rows Removed by Filter: 2094094
Planning time: 5.314 ms
Execution time: 8191.131 ms
