Seq Scan on movie_keyword mk  (cost=0.00..81003.12 rows=2692894 width=0) (actual time=0.024..2987.435 rows=2683318 loops=1)
  Filter: (keyword_id > 3040)
  Rows Removed by Filter: 1840612
Planning time: 0.423 ms
Execution time: 3373.271 ms
