Hash Join  (cost=89240.26..231589.06 rows=1669977 width=0) (actual time=5073.344..12305.036 rows=414497 loops=1)
  Hash Cond: (mk.movie_id = t.id)
  ->  Seq Scan on movie_keyword mk  (cost=0.00..69693.30 rows=4523930 width=4) (actual time=0.015..4528.946 rows=4523930 loops=1)
  ->  Hash  (cost=73925.90..73925.90 rows=933388 width=4) (actual time=4973.784..4973.784 rows=1024206 loops=1)
        Buckets: 131072  Batches: 16  Memory Usage: 3291kB
        ->  Seq Scan on title t  (cost=0.00..73925.90 rows=933388 width=4) (actual time=0.014..4272.397 rows=1024206 loops=1)
              Filter: ((production_year > 1997) AND (kind_id = 7))
              Rows Removed by Filter: 1504106
Planning time: 0.692 ms
Execution time: 12359.332 ms
