Hash Join  (cost=73982.55..129278.23 rows=1851 width=0) (actual time=5745.884..7438.467 rows=1445 loops=1)
  Hash Cond: (mc.movie_id = t.id)
  ->  Seq Scan on movie_companies mc  (cost=0.00..51404.11 rows=1032814 width=4) (actual time=435.355..2979.519 rows=1041061 loops=1)
        Filter: (company_id > 15194)
        Rows Removed by Filter: 1568068
  ->  Hash  (cost=73925.90..73925.90 rows=4532 width=4) (actual time=4178.253..4178.253 rows=8378 loops=1)
        Buckets: 16384 (originally 8192)  Batches: 1 (originally 1)  Memory Usage: 423kB
        ->  Seq Scan on title t  (cost=0.00..73925.90 rows=4532 width=4) (actual time=0.037..4173.590 rows=8378 loops=1)
              Filter: ((kind_id = 7) AND (production_year = 1979))
              Rows Removed by Filter: 2519934
Planning time: 0.551 ms
Execution time: 7438.879 ms
