Hash Join  (cost=28270.40..90785.58 rows=178 width=0) (actual time=2334.947..4840.986 rows=575 loops=1)
  Hash Cond: (mc.movie_id = t.id)
  ->  Seq Scan on movie_companies mc  (cost=0.00..57926.93 rows=1223059 width=4) (actual time=222.330..3280.366 rows=1124757 loops=1)
        Filter: ((company_id < 110490) AND (company_type_id > 1))
        Rows Removed by Filter: 1484372
  ->  Hash  (cost=28265.80..28265.80 rows=368 width=8) (actual time=1334.992..1334.992 rows=260 loops=1)
        Buckets: 1024  Batches: 1  Memory Usage: 19kB
        ->  Nested Loop  (cost=0.43..28265.80 rows=368 width=8) (actual time=681.201..1334.875 rows=260 loops=1)
              ->  Seq Scan on movie_info_idx mi_idx  (cost=0.00..25185.44 rows=368 width=4) (actual time=681.111..1321.870 rows=260 loops=1)
                    Filter: (info_type_id > 101)
                    Rows Removed by Filter: 1379775
              ->  Index Only Scan using title_pkey on title t  (cost=0.43..8.36 rows=1 width=4) (actual time=0.049..0.049 rows=1 loops=260)
                    Index Cond: (id = mi_idx.movie_id)
                    Heap Fetches: 260
Planning time: 1.050 ms
Execution time: 4841.280 ms
