Hash Join  (cost=78097.80..451390.14 rows=208521 width=0) (actual time=5110.802..21596.465 rows=120363 loops=1)
  Hash Cond: (mi.movie_id = t.id)
  ->  Seq Scan on movie_info mi  (cost=0.00..346232.03 rows=2073893 width=4) (actual time=1373.394..16792.734 rows=2091068 loops=1)
        Filter: (info_type_id < 3)
        Rows Removed by Filter: 12744652
  ->  Hash  (cost=73925.90..73925.90 rows=254232 width=4) (actual time=3736.181..3736.181 rows=145458 loops=1)
        Buckets: 131072  Batches: 4  Memory Usage: 2307kB
        ->  Seq Scan on title t  (cost=0.00..73925.90 rows=254232 width=4) (actual time=450.675..3675.757 rows=145458 loops=1)
              Filter: ((production_year < 1973) AND (kind_id = 7))
              Rows Removed by Filter: 2382854
Planning time: 0.749 ms
Execution time: 21612.565 ms
