Hash Join  (cost=1003599.44..1594682.50 rows=9407721 width=0) (actual time=58020.613..105227.816 rows=50495776 loops=1)
  Hash Cond: (mi.movie_id = t.id)
  ->  Seq Scan on movie_info mi  (cost=0.00..346232.03 rows=11115165 width=4) (actual time=0.024..23985.230 rows=11210743 loops=1)
        Filter: (info_type_id > 3)
        Rows Removed by Filter: 3624977
  ->  Hash  (cost=968488.07..968488.07 rows=2140110 width=8) (actual time=58018.962..58018.962 rows=2849527 loops=1)
        Buckets: 131072 (originally 131072)  Batches: 64 (originally 32)  Memory Usage: 3073kB
        ->  Hash Join  (cost=83810.17..968488.07 rows=2140110 width=8) (actual time=33426.181..57076.359 rows=2849527 loops=1)
              Hash Cond: (ci.movie_id = t.id)
              ->  Seq Scan on cast_info ci  (cost=0.00..796071.18 rows=5478564 width=4) (actual time=28805.599..46464.897 rows=7450394 loops=1)
                    Filter: ((person_id > 875738) AND (role_id = 2))
                    Rows Removed by Filter: 28793950
              ->  Hash  (cost=67604.59..67604.59 rows=987727 width=4) (actual time=4619.280..4619.280 rows=985048 loops=1)
                    Buckets: 131072  Batches: 16  Memory Usage: 3188kB
                    ->  Seq Scan on title t  (cost=0.00..67604.59 rows=987727 width=4) (actual time=0.035..3906.106 rows=985048 loops=1)
                          Filter: (kind_id < 7)
                          Rows Removed by Filter: 1543264
Planning time: 1.213 ms
Execution time: 111404.926 ms
