Nested Loop  (cost=0.43..83071.67 rows=246 width=0) (actual time=1.148..3917.587 rows=935 loops=1)
  ->  Seq Scan on movie_keyword mk  (cost=0.00..81003.12 rows=246 width=4) (actual time=1.093..3635.279 rows=935 loops=1)
        Filter: (keyword_id = 5443)
        Rows Removed by Filter: 4522995
  ->  Index Only Scan using title_pkey on title t  (cost=0.43..8.40 rows=1 width=4) (actual time=0.298..0.298 rows=1 loops=935)
        Index Cond: (id = mk.movie_id)
        Heap Fetches: 935
Planning time: 0.685 ms
Execution time: 3918.151 ms
