Hash Join  (cost=52284.23..785160.47 rows=64 width=0) (actual time=2506.158..41493.616 rows=124 loops=1)
  Hash Cond: (ci.movie_id = t.id)
  ->  Seq Scan on cast_info ci  (cost=0.00..705507.15 rows=7298253 width=4) (actual time=0.018..37670.900 rows=7451973 loops=1)
        Filter: (role_id = 2)
        Rows Removed by Filter: 28792371
  ->  Hash  (cost=52283.95..52283.95 rows=22 width=8) (actual time=2452.864..2452.864 rows=8 loops=1)
        Buckets: 1024  Batches: 1  Memory Usage: 9kB
        ->  Nested Loop  (cost=0.43..52283.95 rows=22 width=8) (actual time=166.616..2452.844 rows=8 loops=1)
              ->  Seq Scan on movie_companies mc  (cost=0.00..51404.11 rows=104 width=4) (actual time=142.516..2428.958 rows=97 loops=1)
                    Filter: (company_id = 11445)
                    Rows Removed by Filter: 2609032
              ->  Index Scan using title_pkey on title t  (cost=0.43..8.45 rows=1 width=4) (actual time=0.243..0.243 rows=0 loops=97)
                    Index Cond: (id = mc.movie_id)
                    Filter: (production_year > 2009)
                    Rows Removed by Filter: 1
Planning time: 3.427 ms
Execution time: 41493.918 ms
