Hash Join  (cost=132719.82..260803.27 rows=499142 width=0) (actual time=2544.580..5698.279 rows=360670 loops=1)
  Hash Cond: (mk.movie_id = t.id)
  ->  Seq Scan on movie_keyword mk  (cost=0.00..69693.30 rows=4523930 width=4) (actual time=0.023..1464.693 rows=4523930 loops=1)
  ->  Hash  (cost=128142.54..128142.54 rows=278982 width=8) (actual time=2542.610..2542.610 rows=157734 loops=1)
        Buckets: 131072  Batches: 4  Memory Usage: 2582kB
        ->  Hash Join  (cost=86573.65..128142.54 rows=278982 width=8) (actual time=1585.818..2500.657 rows=157734 loops=1)
              Hash Cond: (mi_idx.movie_id = t.id)
              ->  Seq Scan on movie_info_idx mi_idx  (cost=0.00..25185.44 rows=915101 width=4) (actual time=0.028..531.430 rows=919850 loops=1)
                    Filter: (info_type_id < 101)
                    Rows Removed by Filter: 460185
              ->  Hash  (cost=73925.90..73925.90 rows=770860 width=4) (actual time=1439.018..1439.018 rows=682281 loops=1)
                    Buckets: 131072  Batches: 16  Memory Usage: 2522kB
                    ->  Seq Scan on title t  (cost=0.00..73925.90 rows=770860 width=4) (actual time=0.013..1220.721 rows=682281 loops=1)
                          Filter: ((production_year < 2004) AND (kind_id = 7))
                          Rows Removed by Filter: 1846031
Planning time: 1.086 ms
Execution time: 5736.562 ms
