Seq Scan on cast_info ci  (cost=0.00..705507.15 rows=5622042 width=0) (actual time=505.531..27561.865 rows=5545509 loops=1)
  Filter: (person_id < 535540)
  Rows Removed by Filter: 30698835
Planning time: 4.678 ms
Execution time: 28331.810 ms
