Seq Scan on cast_info ci  (cost=0.00..796071.18 rows=324 width=0) (actual time=19116.924..32422.459 rows=90 loops=1)
  Filter: ((role_id > 1) AND (person_id = 3704186))
  Rows Removed by Filter: 36244254
Planning time: 7.896 ms
Execution time: 32422.691 ms
