Hash Join  (cost=83073.01..109983.54 rows=5 width=0) (actual time=4158.122..5526.741 rows=934 loops=1)
  Hash Cond: (mi_idx.movie_id = t.id)
  ->  Seq Scan on movie_info_idx mi_idx  (cost=0.00..21735.35 rows=1380035 width=4) (actual time=0.014..1028.280 rows=1380035 loops=1)
  ->  Hash  (cost=83072.90..83072.90 rows=9 width=8) (actual time=4157.971..4157.971 rows=334 loops=1)
        Buckets: 1024  Batches: 1  Memory Usage: 22kB
        ->  Nested Loop  (cost=0.43..83072.90 rows=9 width=8) (actual time=16.543..4157.508 rows=334 loops=1)
              ->  Seq Scan on movie_keyword mk  (cost=0.00..81003.12 rows=246 width=4) (actual time=16.492..3488.103 rows=3420 loops=1)
                    Filter: (keyword_id = 679)
                    Rows Removed by Filter: 4520510
              ->  Index Scan using title_pkey on title t  (cost=0.43..8.40 rows=1 width=4) (actual time=0.194..0.195 rows=0 loops=3420)
                    Index Cond: (id = mk.movie_id)
                    Filter: ((kind_id < 7) AND (production_year < 1959))
                    Rows Removed by Filter: 1
Planning time: 1.260 ms
Execution time: 5527.081 ms
