Seq Scan on cast_info ci  (cost=0.00..796071.18 rows=9341562 width=0) (actual time=3897.160..14447.456 rows=11861765 loops=1)
  Filter: ((person_id > 1499598) AND (role_id > 2))
  Rows Removed by Filter: 24382579
Planning time: 0.354 ms
Execution time: 15906.605 ms
