Seq Scan on movie_keyword mk  (cost=0.00..81003.12 rows=246 width=0) (actual time=0.245..1286.740 rows=1961 loops=1)
  Filter: (keyword_id = 4514)
  Rows Removed by Filter: 4521969
Planning time: 0.384 ms
Execution time: 1287.429 ms
