Hash Join  (cost=102767.86..193331.02 rows=945737 width=0) (actual time=5215.320..8200.314 rows=1113041 loops=1)
  Hash Cond: (mc.movie_id = t.id)
  ->  Seq Scan on movie_companies mc  (cost=0.00..57926.93 rows=945737 width=4) (actual time=0.021..1645.446 rows=1113041 loops=1)
        Filter: ((company_id > 1451) AND (company_type_id > 1))
        Rows Removed by Filter: 1496088
  ->  Hash  (cost=61283.27..61283.27 rows=2528527 width=4) (actual time=5213.444..5213.444 rows=2528312 loops=1)
        Buckets: 131072  Batches: 64  Memory Usage: 2415kB
        ->  Seq Scan on title t  (cost=0.00..61283.27 rows=2528527 width=4) (actual time=0.022..4189.943 rows=2528312 loops=1)
Planning time: 0.703 ms
Execution time: 8325.401 ms
