Seq Scan on cast_info ci  (cost=0.00..796071.18 rows=435 width=0) (actual time=2925.213..14108.414 rows=32 loops=1)
  Filter: ((role_id < 10) AND (person_id = 3442468))
  Rows Removed by Filter: 36244312
Planning time: 0.445 ms
Execution time: 14108.542 ms
