Seq Scan on movie_keyword mk  (cost=0.00..81003.12 rows=3569665 width=0) (actual time=0.009..1496.116 rows=3556426 loops=1)
  Filter: (keyword_id < 19676)
  Rows Removed by Filter: 967504
Planning time: 0.257 ms
Execution time: 1941.294 ms
