Seq Scan on movie_keyword mk  (cost=0.00..81003.12 rows=2122902 width=0) (actual time=0.018..643.128 rows=2124879 loops=1)
  Filter: (keyword_id < 3919)
  Rows Removed by Filter: 2399051
Planning time: 0.208 ms
Execution time: 785.522 ms
