Seq Scan on movie_companies mc  (cost=0.00..57926.93 rows=164096 width=0) (actual time=629.386..929.751 rows=327356 loops=1)
  Filter: ((company_id > 91234) AND (company_type_id = 2))
  Rows Removed by Filter: 2281773
Planning time: 0.360 ms
Execution time: 969.155 ms
