Hash Join  (cost=139306.19..226701.58 rows=73735 width=0) (actual time=2783.327..4670.631 rows=206185 loops=1)
  Hash Cond: (mk.movie_id = t.id)
  ->  Seq Scan on movie_keyword mk  (cost=0.00..69693.30 rows=4523930 width=4) (actual time=0.023..1004.495 rows=4523930 loops=1)
  ->  Hash  (cost=138791.04..138791.04 rows=41212 width=8) (actual time=2782.835..2782.835 rows=30697 loops=1)
        Buckets: 65536  Batches: 1  Memory Usage: 1712kB
        ->  Hash Join  (cost=69484.36..138791.04 rows=41212 width=8) (actual time=2226.892..2770.649 rows=30697 loops=1)
              Hash Cond: (mc.movie_id = t.id)
              ->  Seq Scan on movie_companies mc  (cost=0.00..57926.93 rows=909766 width=4) (actual time=468.492..1063.058 rows=587710 loops=1)
                    Filter: ((company_id < 27022) AND (company_type_id = 2))
                    Rows Removed by Filter: 2021419
              ->  Hash  (cost=67604.59..67604.59 rows=114542 width=4) (actual time=973.415..973.415 rows=118234 loops=1)
                    Buckets: 131072  Batches: 2  Memory Usage: 3101kB
                    ->  Seq Scan on title t  (cost=0.00..67604.59 rows=114542 width=4) (actual time=234.397..932.187 rows=118234 loops=1)
                          Filter: (kind_id = 4)
                          Rows Removed by Filter: 2410078
Planning time: 1.192 ms
Execution time: 4697.037 ms
