Hash Join  (cost=166818.09..535377.15 rows=390311 width=0) (actual time=3139.561..11756.667 rows=2498992 loops=1)
  Hash Cond: (mi.movie_id = t.id)
  ->  Seq Scan on movie_info mi  (cost=0.00..309384.22 rows=14739122 width=4) (actual time=0.016..4439.030 rows=14835720 loops=1)
  ->  Hash  (cost=165981.10..165981.10 rows=66959 width=8) (actual time=3138.863..3138.863 rows=51296 loops=1)
        Buckets: 131072  Batches: 1  Memory Usage: 3028kB
        ->  Hash Join  (cost=69928.56..165981.10 rows=66959 width=8) (actual time=1228.875..3121.921 rows=51296 loops=1)
              Hash Cond: (mk.movie_id = t.id)
              ->  Seq Scan on movie_keyword mk  (cost=0.00..81003.12 rows=1195686 width=4) (actual time=0.031..1486.553 rows=1204640 loops=1)
                    Filter: (keyword_id > 15237)
                    Rows Removed by Filter: 3319290
              ->  Hash  (cost=67604.59..67604.59 rows=141598 width=4) (actual time=1228.114..1228.114 rows=141703 loops=1)
                    Buckets: 131072  Batches: 2  Memory Usage: 3517kB
                    ->  Seq Scan on title t  (cost=0.00..67604.59 rows=141598 width=4) (actual time=0.020..1174.653 rows=141703 loops=1)
                          Filter: (production_year = 2010)
                          Rows Removed by Filter: 2386609
Planning time: 1.086 ms
Execution time: 12066.304 ms
