Hash Join  (cost=227417.89..1429237.41 rows=11947637 width=0) (actual time=5545.977..54070.204 rows=78528128 loops=1)
  Hash Cond: (ci.movie_id = t.id)
  ->  Seq Scan on cast_info ci  (cost=0.00..614943.12 rows=36225612 width=4) (actual time=0.020..13807.993 rows=36244344 loops=1)
  ->  Hash  (cost=213735.66..213735.66 rows=833938 width=8) (actual time=5544.426..5544.426 rows=1253802 loops=1)
        Buckets: 131072 (originally 131072)  Batches: 32 (originally 16)  Memory Usage: 3073kB
        ->  Hash Join  (cost=81573.24..213735.66 rows=833938 width=8) (actual time=1325.556..5178.246 rows=1253802 loops=1)
              Hash Cond: (mk.movie_id = t.id)
              ->  Seq Scan on movie_keyword mk  (cost=0.00..69693.30 rows=4523930 width=4) (actual time=0.016..1432.272 rows=4523930 loops=1)
              ->  Hash  (cost=73925.90..73925.90 rows=466107 width=4) (actual time=1324.692..1324.692 rows=396359 loops=1)
                    Buckets: 131072  Batches: 8  Memory Usage: 2769kB
                    ->  Seq Scan on title t  (cost=0.00..73925.90 rows=466107 width=4) (actual time=0.026..1188.288 rows=396359 loops=1)
                          Filter: ((kind_id < 7) AND (production_year > 2003))
                          Rows Removed by Filter: 2131953
Planning time: 1.117 ms
Execution time: 62733.259 ms
