Seq Scan on movie_keyword mk  (cost=0.00..81003.12 rows=2136897 width=0) (actual time=0.026..1370.711 rows=2142233 loops=1)
  Filter: (keyword_id < 4001)
  Rows Removed by Filter: 2381697
Planning time: 0.323 ms
Execution time: 1626.571 ms
