Seq Scan on movie_keyword mk  (cost=0.00..81003.12 rows=1926448 width=0) (actual time=0.015..1391.297 rows=1937730 loops=1)
  Filter: (keyword_id > 6826)
  Rows Removed by Filter: 2586200
Planning time: 0.312 ms
Execution time: 1629.676 ms
