Seq Scan on title t  (cost=0.00..73925.90 rows=559980 width=0) (actual time=0.030..1165.321 rows=425594 loops=1)
  Filter: ((kind_id > 3) AND (production_year < 1996))
  Rows Removed by Filter: 2102718
Planning time: 0.319 ms
Execution time: 1226.807 ms
