Hash Join  (cost=174403.47..1195225.98 rows=5961034 width=0) (actual time=4382.894..38111.931 rows=27818760 loops=1)
  Hash Cond: (ci.movie_id = t.id)
  ->  Seq Scan on cast_info ci  (cost=0.00..705507.15 rows=21882139 width=4) (actual time=0.018..14727.219 rows=21969199 loops=1)
        Filter: (person_id > 1405484)
        Rows Removed by Filter: 14275145
  ->  Hash  (cost=163102.35..163102.35 rows=688810 width=8) (actual time=4381.159..4381.159 rows=1307690 loops=1)
        Buckets: 131072 (originally 131072)  Batches: 32 (originally 16)  Memory Usage: 3073kB
        ->  Hash Join  (cost=78556.72..163102.35 rows=688810 width=8) (actual time=1372.033..4031.733 rows=1307690 loops=1)
              Hash Cond: (mc.movie_id = t.id)
              ->  Seq Scan on movie_companies mc  (cost=0.00..44881.29 rows=2609129 width=4) (actual time=0.015..938.408 rows=2609129 loops=1)
              ->  Hash  (cost=67604.59..67604.59 rows=667531 width=4) (actual time=1370.952..1370.952 rows=662825 loops=1)
                    Buckets: 131072  Batches: 16  Memory Usage: 2476kB
                    ->  Seq Scan on title t  (cost=0.00..67604.59 rows=667531 width=4) (actual time=477.444..1163.907 rows=662825 loops=1)
                          Filter: (kind_id = 1)
                          Rows Removed by Filter: 1865487
Planning time: 1.129 ms
Execution time: 41347.652 ms
