Hash Join  (cost=316710.39..1022498.27 rows=17725515 width=0) (actual time=7218.573..59514.997 rows=163200416 loops=1)
  Hash Cond: (mi.movie_id = t.id)
  ->  Seq Scan on movie_info mi  (cost=0.00..309384.22 rows=14739122 width=4) (actual time=0.018..6327.167 rows=14835720 loops=1)
  ->  Hash  (cost=266820.78..266820.78 rows=3040849 width=8) (actual time=7216.268..7216.268 rows=3027371 loops=1)
        Buckets: 131072  Batches: 64  Memory Usage: 2980kB
        ->  Hash Join  (cost=102767.86..266820.78 rows=3040849 width=8) (actual time=1999.449..6357.046 rows=3027371 loops=1)
              Hash Cond: (mk.movie_id = t.id)
              ->  Seq Scan on movie_keyword mk  (cost=0.00..81003.12 rows=3040849 width=4) (actual time=0.031..1697.685 rows=3027371 loops=1)
                    Filter: (keyword_id > 2146)
                    Rows Removed by Filter: 1496559
              ->  Hash  (cost=61283.27..61283.27 rows=2528527 width=4) (actual time=1998.504..1998.504 rows=2528312 loops=1)
                    Buckets: 131072  Batches: 64  Memory Usage: 2425kB
                    ->  Seq Scan on title t  (cost=0.00..61283.27 rows=2528527 width=4) (actual time=0.004..1134.476 rows=2528312 loops=1)
Planning time: 1.123 ms
Execution time: 78172.258 ms
