Hash Join  (cost=118875.47..195547.60 rows=117661 width=0) (actual time=2442.209..4286.357 rows=373956 loops=1)
  Hash Cond: (mc.movie_id = t.id)
  ->  Seq Scan on movie_companies mc  (cost=0.00..44881.29 rows=2609129 width=4) (actual time=0.026..854.151 rows=2609129 loops=1)
  ->  Hash  (cost=117004.15..117004.15 rows=114026 width=8) (actual time=2441.126..2441.126 rows=115961 loops=1)
        Buckets: 131072  Batches: 2  Memory Usage: 3275kB
        ->  Hash Join  (cost=77354.40..117004.15 rows=114026 width=8) (actual time=1356.271..2405.210 rows=115961 loops=1)
              Hash Cond: (mi_idx.movie_id = t.id)
              ->  Seq Scan on movie_info_idx mi_idx  (cost=0.00..21735.35 rows=1380035 width=4) (actual time=0.012..475.209 rows=1380035 loops=1)
              ->  Hash  (cost=73925.90..73925.90 rows=208920 width=4) (actual time=1355.269..1355.269 rows=183835 loops=1)
                    Buckets: 131072  Batches: 4  Memory Usage: 2649kB
                    ->  Seq Scan on title t  (cost=0.00..73925.90 rows=208920 width=4) (actual time=0.063..1283.559 rows=183835 loops=1)
                          Filter: ((kind_id < 7) AND (production_year > 2009))
                          Rows Removed by Filter: 2344477
Planning time: 6.011 ms
Execution time: 4330.964 ms
