Hash Join  (cost=235460.86..1447010.23 rows=12894818 width=0) (actual time=5934.062..66028.982 rows=123858232 loops=1)
  Hash Cond: (ci.movie_id = t.id)
  ->  Seq Scan on cast_info ci  (cost=0.00..614943.12 rows=36225612 width=4) (actual time=0.020..13311.289 rows=36244344 loops=1)
  ->  Hash  (cost=220694.22..220694.22 rows=900051 width=8) (actual time=5932.757..5932.757 rows=1869224 loops=1)
        Buckets: 131072 (originally 131072)  Batches: 32 (originally 16)  Memory Usage: 3225kB
        ->  Hash Join  (cost=83553.96..220694.22 rows=900051 width=8) (actual time=1433.294..5393.262 rows=1869224 loops=1)
              Hash Cond: (mk.movie_id = t.id)
              ->  Seq Scan on movie_keyword mk  (cost=0.00..81003.12 rows=3878302 width=4) (actual time=0.021..1804.804 rows=3867906 loops=1)
                    Filter: (keyword_id < 28636)
                    Rows Removed by Filter: 656024
              ->  Hash  (cost=73925.90..73925.90 rows=586804 width=4) (actual time=1432.437..1432.437 rows=467141 loops=1)
                    Buckets: 131072  Batches: 8  Memory Usage: 3100kB
                    ->  Seq Scan on title t  (cost=0.00..73925.90 rows=586804 width=4) (actual time=520.846..1284.980 rows=467141 loops=1)
                          Filter: ((production_year > 1959) AND (kind_id = 1))
                          Rows Removed by Filter: 2061171
Planning time: 1.164 ms
Execution time: 79518.187 ms
