Nested Loop  (cost=0.43..58375.45 rows=10 width=0) (actual time=231.766..863.792 rows=12 loops=1)
  ->  Seq Scan on movie_companies mc  (cost=0.00..57926.93 rows=53 width=4) (actual time=231.692..855.259 rows=649 loops=1)
        Filter: ((company_type_id > 1) AND (company_id = 9873))
        Rows Removed by Filter: 2608480
  ->  Index Scan using title_pkey on title t  (cost=0.43..8.45 rows=1 width=4) (actual time=0.013..0.013 rows=0 loops=649)
        Index Cond: (id = mc.movie_id)
        Filter: ((kind_id < 7) AND (production_year < 2003))
        Rows Removed by Filter: 1
Planning time: 0.933 ms
Execution time: 863.895 ms
