Hash Join  (cost=206935.70..254693.72 rows=586654 width=0) (actual time=4874.367..6440.536 rows=1865527 loops=1)
  Hash Cond: (mi_idx.movie_id = t.id)
  ->  Seq Scan on movie_info_idx mi_idx  (cost=0.00..21735.35 rows=1380035 width=4) (actual time=0.024..447.562 rows=1380035 loops=1)
  ->  Hash  (cost=189300.71..189300.71 rows=1074879 width=8) (actual time=4873.489..4873.489 rows=945447 loops=1)
        Buckets: 131072  Batches: 16  Memory Usage: 3302kB
        ->  Hash Join  (cost=102454.22..189300.71 rows=1074879 width=8) (actual time=2670.194..4617.515 rows=945447 loops=1)
              Hash Cond: (mc.movie_id = t.id)
              ->  Seq Scan on movie_companies mc  (cost=0.00..51404.11 rows=1279517 width=4) (actual time=295.581..986.304 rows=1274246 loops=1)
                    Filter: (company_type_id = 1)
                    Rows Removed by Filter: 1334883
              ->  Hash  (cost=67604.59..67604.59 rows=2124131 width=4) (actual time=2373.782..2373.782 rows=2118372 loops=1)
                    Buckets: 131072  Batches: 32  Memory Usage: 3356kB
                    ->  Seq Scan on title t  (cost=0.00..67604.59 rows=2124131 width=4) (actual time=0.013..1436.547 rows=2118372 loops=1)
                          Filter: (production_year > 1967)
                          Rows Removed by Filter: 409940
Planning time: 1.239 ms
Execution time: 6630.050 ms
