Hash Join  (cost=70308.29..972438.85 rows=1045611 width=0) (actual time=1105.619..21254.100 rows=948392 loops=1)
  Hash Cond: (ci.movie_id = t.id)
  ->  Seq Scan on cast_info ci  (cost=0.00..705507.15 rows=16045147 width=4) (actual time=0.027..13816.629 rows=15937680 loops=1)
        Filter: (person_id < 1575453)
        Rows Removed by Filter: 20306664
  ->  Hash  (cost=67604.59..67604.59 rows=164776 width=4) (actual time=1104.822..1104.822 rows=164307 loops=1)
        Buckets: 131072  Batches: 4  Memory Usage: 2482kB
        ->  Seq Scan on title t  (cost=0.00..67604.59 rows=164776 width=4) (actual time=0.026..1048.270 rows=164307 loops=1)
              Filter: (production_year = 2012)
              Rows Removed by Filter: 2364005
Planning time: 2.157 ms
Execution time: 21360.536 ms
