Seq Scan on cast_info ci  (cost=0.00..796071.18 rows=12194643 width=0) (actual time=0.014..15074.000 rows=9916739 loops=1)
  Filter: ((person_id > 1390757) AND (role_id < 3))
  Rows Removed by Filter: 26327605
Planning time: 0.355 ms
Execution time: 16318.042 ms
