Hash Join  (cost=78306.32..441532.63 rows=133482 width=0) (actual time=3058.567..7537.603 rows=216941 loops=1)
  Hash Cond: (mi.movie_id = t.id)
  ->  Seq Scan on movie_info mi  (cost=0.00..346232.03 rows=1264125 width=4) (actual time=1075.449..4765.315 rows=1288928 loops=1)
        Filter: (info_type_id = 2)
        Rows Removed by Filter: 13546792
  ->  Hash  (cost=73925.90..73925.90 rows=266993 width=4) (actual time=1942.997..1942.997 rows=216282 loops=1)
        Buckets: 131072  Batches: 4  Memory Usage: 2934kB
        ->  Seq Scan on title t  (cost=0.00..73925.90 rows=266993 width=4) (actual time=34.737..1240.928 rows=216282 loops=1)
              Filter: ((production_year > 2005) AND (kind_id = 1))
              Rows Removed by Filter: 2312030
Planning time: 0.778 ms
Execution time: 7565.823 ms
