Hash Join  (cost=92883.59..209823.99 rows=964243 width=0) (actual time=2737.212..4543.061 rows=250078 loops=1)
  Hash Cond: (mk.movie_id = t.id)
  ->  Seq Scan on movie_keyword mk  (cost=0.00..81003.12 rows=1582369 width=4) (actual time=0.010..1643.403 rows=1596871 loops=1)
        Filter: (keyword_id > 9627)
        Rows Removed by Filter: 2927059
  ->  Hash  (cost=67604.59..67604.59 rows=1540800 width=4) (actual time=1827.517..1827.517 rows=1543264 loops=1)
        Buckets: 131072  Batches: 32  Memory Usage: 2728kB
        ->  Seq Scan on title t  (cost=0.00..67604.59 rows=1540800 width=4) (actual time=0.027..1313.943 rows=1543264 loops=1)
              Filter: (kind_id = 7)
              Rows Removed by Filter: 985048
Planning time: 0.737 ms
Execution time: 4575.334 ms
