Seq Scan on movie_keyword mk  (cost=0.00..81003.12 rows=2556973 width=0) (actual time=0.031..1464.753 rows=2547629 loops=1)
  Filter: (keyword_id < 6411)
  Rows Removed by Filter: 1976301
Planning time: 1.202 ms
Execution time: 1803.099 ms
