Hash Join  (cost=527556.71..692674.87 rows=3074721 width=0) (actual time=9944.740..28435.941 rows=69375295 loops=1)
  Hash Cond: (mk.movie_id = t.id)
  ->  Seq Scan on movie_keyword mk  (cost=0.00..69693.30 rows=4523930 width=4) (actual time=0.013..1630.466 rows=4523930 loops=1)
  ->  Hash  (cost=499361.07..499361.07 rows=1718531 width=8) (actual time=9943.743..9943.743 rows=1719372 loops=1)
        Buckets: 131072  Batches: 32  Memory Usage: 3074kB
        ->  Hash Join  (cost=100089.65..499361.07 rows=1718531 width=8) (actual time=2708.409..9460.807 rows=1719372 loops=1)
              Hash Cond: (mi.movie_id = t.id)
              ->  Seq Scan on movie_info mi  (cost=0.00..346232.03 rows=2194617 width=4) (actual time=840.990..5650.432 rows=2233850 loops=1)
                    Filter: (info_type_id > 16)
                    Rows Removed by Filter: 12601870
              ->  Hash  (cost=67604.59..67604.59 rows=1980005 width=4) (actual time=1866.525..1866.525 rows=1976617 loops=1)
                    Buckets: 131072  Batches: 32  Memory Usage: 3212kB
                    ->  Seq Scan on title t  (cost=0.00..67604.59 rows=1980005 width=4) (actual time=0.022..1144.896 rows=1976617 loops=1)
                          Filter: (production_year > 1977)
                          Rows Removed by Filter: 551695
Planning time: 1.213 ms
Execution time: 35801.970 ms
