Hash Join  (cost=356825.28..953005.08 rows=12243928 width=0) (actual time=8257.279..33143.483 rows=59867998 loops=1)
  Hash Cond: (mi.movie_id = t.id)
  ->  Seq Scan on movie_info mi  (cost=0.00..346232.03 rows=7235534 width=4) (actual time=0.013..6039.614 rows=7286865 loops=1)
        Filter: (info_type_id < 8)
        Rows Removed by Filter: 7548855
  ->  Hash  (cost=286626.81..286626.81 rows=4278758 width=8) (actual time=8255.894..8255.894 rows=4455749 loops=1)
        Buckets: 131072  Batches: 64  Memory Usage: 3851kB
        ->  Hash Join  (cost=106840.27..286626.81 rows=4278758 width=8) (actual time=2124.902..7023.016 rows=4455749 loops=1)
              Hash Cond: (mk.movie_id = t.id)
              ->  Seq Scan on movie_keyword mk  (cost=0.00..69693.30 rows=4523930 width=4) (actual time=0.014..1422.354 rows=4523930 loops=1)
              ->  Hash  (cost=67604.59..67604.59 rows=2391495 width=4) (actual time=2123.394..2123.394 rows=2388876 loops=1)
                    Buckets: 131072  Batches: 32  Memory Usage: 3656kB
                    ->  Seq Scan on title t  (cost=0.00..67604.59 rows=2391495 width=4) (actual time=0.010..1358.359 rows=2388876 loops=1)
                          Filter: (production_year < 2013)
                          Rows Removed by Filter: 139436
Planning time: 1.142 ms
Execution time: 39807.087 ms
