Hash Join  (cost=68449.54..123812.57 rows=69751 width=0) (actual time=1004.313..2373.451 rows=65578 loops=1)
  Hash Cond: (mc.movie_id = t.id)
  ->  Seq Scan on movie_companies mc  (cost=0.00..44881.29 rows=2609129 width=4) (actual time=0.017..643.499 rows=2609129 loops=1)
  ->  Hash  (cost=67604.59..67604.59 rows=67596 width=4) (actual time=1003.554..1003.554 rows=67777 loops=1)
        Buckets: 131072  Batches: 1  Memory Usage: 3407kB
        ->  Seq Scan on title t  (cost=0.00..67604.59 rows=67596 width=4) (actual time=0.053..975.111 rows=67777 loops=1)
              Filter: (production_year = 2003)
              Rows Removed by Filter: 2460535
Planning time: 0.855 ms
Execution time: 2383.655 ms
