Hash Join  (cost=183574.25..718599.17 rows=5175099 width=0) (actual time=4881.562..35590.542 rows=59267623 loops=1)
  Hash Cond: (mi.movie_id = t.id)
  ->  Seq Scan on movie_info mi  (cost=0.00..309384.22 rows=14739122 width=4) (actual time=0.023..6395.924 rows=14835720 loops=1)
  ->  Hash  (cost=169008.76..169008.76 rows=887799 width=8) (actual time=4879.908..4879.908 rows=1702315 loops=1)
        Buckets: 131072 (originally 131072)  Batches: 32 (originally 16)  Memory Usage: 3169kB
        ->  Hash Join  (cost=81720.25..169008.76 rows=887799 width=8) (actual time=1517.111..4340.623 rows=1702315 loops=1)
              Hash Cond: (mc.movie_id = t.id)
              ->  Seq Scan on movie_companies mc  (cost=0.00..44881.29 rows=2609129 width=4) (actual time=0.022..854.331 rows=2609129 loops=1)
              ->  Hash  (cost=67604.59..67604.59 rows=860373 width=4) (actual time=1516.201..1516.201 rows=854214 loops=1)
                    Buckets: 131072  Batches: 16  Memory Usage: 2897kB
                    ->  Seq Scan on title t  (cost=0.00..67604.59 rows=860373 width=4) (actual time=0.036..1239.600 rows=854214 loops=1)
                          Filter: (kind_id < 4)
                          Rows Removed by Filter: 1674098
Planning time: 1.212 ms
Execution time: 41999.678 ms
