Hash Join  (cost=83074.74..933983.39 rows=1422 width=0) (actual time=1385.279..18690.557 rows=46475 loops=1)
  Hash Cond: (ci.movie_id = t.id)
  ->  Seq Scan on cast_info ci  (cost=0.00..796071.18 rows=14619533 width=4) (actual time=0.016..15280.838 rows=13225493 loops=1)
        Filter: ((person_id > 942902) AND (role_id < 3))
        Rows Removed by Filter: 23018851
  ->  Hash  (cost=83071.67..83071.67 rows=246 width=8) (actual time=1385.194..1385.194 rows=2237 loops=1)
        Buckets: 4096 (originally 1024)  Batches: 1 (originally 1)  Memory Usage: 120kB
        ->  Nested Loop  (cost=0.43..83071.67 rows=246 width=8) (actual time=0.431..1383.569 rows=2237 loops=1)
              ->  Seq Scan on movie_keyword mk  (cost=0.00..81003.12 rows=246 width=4) (actual time=0.387..1294.298 rows=2237 loops=1)
                    Filter: (keyword_id = 1941)
                    Rows Removed by Filter: 4521693
              ->  Index Only Scan using title_pkey on title t  (cost=0.43..8.40 rows=1 width=4) (actual time=0.038..0.039 rows=1 loops=2237)
                    Index Cond: (id = mk.movie_id)
                    Heap Fetches: 2237
Planning time: 0.756 ms
Execution time: 18699.725 ms
