Seq Scan on cast_info ci  (cost=0.00..796071.18 rows=176 width=0) (actual time=2663.656..13499.495 rows=17 loops=1)
  Filter: ((role_id < 2) AND (person_id = 596374))
  Rows Removed by Filter: 36244327
Planning time: 0.377 ms
Execution time: 13499.637 ms
