Hash Join  (cost=102454.22..195145.83 rows=1048067 width=0) (actual time=2490.605..4454.715 rows=907424 loops=1)
  Hash Cond: (mc.movie_id = t.id)
  ->  Seq Scan on movie_companies mc  (cost=0.00..57926.93 rows=1247600 width=4) (actual time=402.966..1232.212 rows=1214780 loops=1)
        Filter: ((company_id > 6) AND (company_type_id = 1))
        Rows Removed by Filter: 1394349
  ->  Hash  (cost=67604.59..67604.59 rows=2124131 width=4) (actual time=2086.916..2086.916 rows=2118372 loops=1)
        Buckets: 131072  Batches: 32  Memory Usage: 3356kB
        ->  Seq Scan on title t  (cost=0.00..67604.59 rows=2124131 width=4) (actual time=0.018..1409.056 rows=2118372 loops=1)
              Filter: (production_year > 1967)
              Rows Removed by Filter: 409940
Planning time: 0.738 ms
Execution time: 4552.743 ms
