Seq Scan on movie_keyword mk  (cost=0.00..81003.12 rows=2296740 width=0) (actual time=0.026..1527.669 rows=2301714 loops=1)
  Filter: (keyword_id < 4929)
  Rows Removed by Filter: 2222216
Planning time: 0.298 ms
Execution time: 1816.327 ms
