Seq Scan on cast_info ci  (cost=0.00..796071.18 rows=8847926 width=0) (actual time=8565.696..15999.516 rows=6965291 loops=1)
  Filter: ((person_id < 3590127) AND (role_id > 4))
  Rows Removed by Filter: 29279053
Planning time: 0.301 ms
Execution time: 16865.510 ms
