Seq Scan on movie_companies mc  (cost=0.00..57926.93 rows=53 width=0) (actual time=1.904..806.283 rows=470 loops=1)
  Filter: ((company_type_id > 1) AND (company_id = 115))
  Rows Removed by Filter: 2608659
Planning time: 0.360 ms
Execution time: 806.516 ms
