Seq Scan on movie_keyword mk  (cost=0.00..81003.12 rows=246 width=0) (actual time=0.802..1257.689 rows=136 loops=1)
  Filter: (keyword_id = 5804)
  Rows Removed by Filter: 4523794
Planning time: 0.318 ms
Execution time: 1257.894 ms
