Hash Join  (cost=100842.78..161208.97 rows=36 width=0) (actual time=2619.252..2832.141 rows=3 loops=1)
  Hash Cond: (mc.movie_id = t.id)
  ->  Seq Scan on movie_companies mc  (cost=0.00..57926.93 rows=650371 width=4) (actual time=0.040..1046.626 rows=902986 loops=1)
        Filter: ((company_id > 11373) AND (company_type_id = 2))
        Rows Removed by Filter: 1706143
  ->  Hash  (cost=100841.02..100841.02 rows=141 width=8) (actual time=1671.567..1671.567 rows=3 loops=1)
        Buckets: 1024  Batches: 1  Memory Usage: 9kB
        ->  Hash Join  (cost=73929.13..100841.02 rows=141 width=8) (actual time=1213.752..1671.551 rows=3 loops=1)
              Hash Cond: (mi_idx.movie_id = t.id)
              ->  Seq Scan on movie_info_idx mi_idx  (cost=0.00..21735.35 rows=1380035 width=4) (actual time=0.018..293.614 rows=1380035 loops=1)
              ->  Hash  (cost=73925.90..73925.90 rows=258 width=4) (actual time=1104.176..1104.176 rows=3378 loops=1)
                    Buckets: 4096 (originally 1024)  Batches: 1 (originally 1)  Memory Usage: 151kB
                    ->  Seq Scan on title t  (cost=0.00..73925.90 rows=258 width=4) (actual time=11.868..1102.304 rows=3378 loops=1)
                          Filter: ((kind_id < 7) AND (production_year > 2013))
                          Rows Removed by Filter: 2524934
Planning time: 1.185 ms
Execution time: 2832.254 ms
