Seq Scan on cast_info ci  (cost=0.00..796071.18 rows=15548155 width=0) (actual time=0.023..16347.848 rows=20193114 loops=1)
  Filter: ((person_id > 1198358) AND (role_id > 1))
  Rows Removed by Filter: 16051230
Planning time: 0.345 ms
Execution time: 18824.458 ms
