Hash Join  (cost=73982.55..171579.35 rows=7893 width=0) (actual time=1245.948..3601.468 rows=6904 loops=1)
  Hash Cond: (mk.movie_id = t.id)
  ->  Seq Scan on movie_keyword mk  (cost=0.00..81003.12 rows=4403930 width=4) (actual time=0.027..1659.735 rows=4405997 loops=1)
        Filter: (keyword_id < 78537)
        Rows Removed by Filter: 117933
  ->  Hash  (cost=73925.90..73925.90 rows=4532 width=4) (actual time=1243.779..1243.779 rows=14325 loops=1)
        Buckets: 16384 (originally 8192)  Batches: 1 (originally 1)  Memory Usage: 632kB
        ->  Seq Scan on title t  (cost=0.00..73925.90 rows=4532 width=4) (actual time=0.059..1237.039 rows=14325 loops=1)
              Filter: ((kind_id = 7) AND (production_year = 1991))
              Rows Removed by Filter: 2513987
Planning time: 0.700 ms
Execution time: 3602.521 ms
