Hash Join  (cost=797959.92..1179733.21 rows=510 width=0) (actual time=13203.798..20592.808 rows=128 loops=1)
  Hash Cond: (mi.movie_id = t.id)
  ->  Seq Scan on movie_info mi  (cost=0.00..346232.03 rows=9476311 width=4) (actual time=0.013..6125.716 rows=9565151 loops=1)
        Filter: (info_type_id < 16)
        Rows Removed by Filter: 5270569
  ->  Hash  (cost=797958.22..797958.22 rows=136 width=8) (actual time=13166.476..13166.476 rows=84 loops=1)
        Buckets: 1024  Batches: 1  Memory Usage: 12kB
        ->  Nested Loop  (cost=0.43..797958.22 rows=136 width=8) (actual time=9705.394..13166.377 rows=84 loops=1)
              ->  Seq Scan on cast_info ci  (cost=0.00..796071.18 rows=224 width=4) (actual time=9705.242..13164.537 rows=84 loops=1)
                    Filter: ((role_id > 2) AND (person_id = 3882873))
                    Rows Removed by Filter: 36244260
              ->  Index Scan using title_pkey on title t  (cost=0.43..8.41 rows=1 width=4) (actual time=0.020..0.020 rows=1 loops=84)
                    Index Cond: (id = ci.movie_id)
                    Filter: (kind_id = 7)
Planning time: 1.265 ms
Execution time: 20592.961 ms
