Seq Scan on movie_companies mc  (cost=0.00..57926.93 rows=871420 width=0) (actual time=0.035..1012.734 rows=688658 loops=1)
  Filter: ((company_id > 2020) AND (company_type_id = 1))
  Rows Removed by Filter: 1920471
Planning time: 0.369 ms
Execution time: 1091.017 ms
