Seq Scan on movie_keyword mk  (cost=0.00..81003.12 rows=584196 width=0) (actual time=0.027..1324.720 rows=581837 loops=1)
  Filter: (keyword_id > 31491)
  Rows Removed by Filter: 3942093
Planning time: 0.327 ms
Execution time: 1400.152 ms
