Seq Scan on movie_companies mc  (cost=0.00..57926.93 rows=1141440 width=0) (actual time=0.027..1072.574 rows=962770 loops=1)
  Filter: ((company_id < 85245) AND (company_type_id > 1))
  Rows Removed by Filter: 1646359
Planning time: 0.336 ms
Execution time: 1188.535 ms
