Hash Join  (cost=58358.64..765179.00 rows=3 width=0) (actual time=1740.914..13480.786 rows=38 loops=1)
  Hash Cond: (ci.movie_id = t.id)
  ->  Seq Scan on cast_info ci  (cost=0.00..705507.15 rows=350181 width=4) (actual time=1003.843..12697.794 rows=316118 loops=1)
        Filter: (role_id > 10)
        Rows Removed by Filter: 35928226
  ->  Hash  (cost=58358.39..58358.39 rows=20 width=8) (actual time=735.875..735.875 rows=487 loops=1)
        Buckets: 1024  Batches: 1  Memory Usage: 28kB
        ->  Nested Loop  (cost=0.43..58358.39 rows=20 width=8) (actual time=196.141..735.582 rows=487 loops=1)
              ->  Seq Scan on movie_companies mc  (cost=0.00..57926.93 rows=51 width=4) (actual time=196.068..718.743 rows=487 loops=1)
                    Filter: ((company_id = 7457) AND (company_type_id = 1))
                    Rows Removed by Filter: 2608642
              ->  Index Scan using title_pkey on title t  (cost=0.43..8.45 rows=1 width=4) (actual time=0.033..0.034 rows=1 loops=487)
                    Index Cond: (id = mc.movie_id)
                    Filter: (kind_id < 7)
Planning time: 1.249 ms
Execution time: 13480.933 ms
