Hash Join  (cost=513437.85..1745652.58 rows=19314456 width=0) (actual time=9671.779..48643.469 rows=24004753 loops=1)
  Hash Cond: (ci.movie_id = t.id)
  ->  Seq Scan on cast_info ci  (cost=0.00..614943.12 rows=36225612 width=4) (actual time=0.021..13303.179 rows=36244344 loops=1)
  ->  Hash  (cost=491319.12..491319.12 rows=1348138 width=8) (actual time=9670.889..9670.889 rows=1298989 loops=1)
        Buckets: 131072  Batches: 32  Memory Usage: 2598kB
        ->  Hash Join  (cost=102767.86..491319.12 rows=1348138 width=8) (actual time=5554.831..9279.984 rows=1298989 loops=1)
              Hash Cond: (mi.movie_id = t.id)
              ->  Seq Scan on movie_info mi  (cost=0.00..346232.03 rows=1348138 width=4) (actual time=3342.660..5529.833 rows=1298989 loops=1)
                    Filter: (info_type_id = 4)
                    Rows Removed by Filter: 13536731
              ->  Hash  (cost=61283.27..61283.27 rows=2528527 width=4) (actual time=2210.049..2210.049 rows=2528312 loops=1)
                    Buckets: 131072  Batches: 64  Memory Usage: 2425kB
                    ->  Seq Scan on title t  (cost=0.00..61283.27 rows=2528527 width=4) (actual time=0.023..1211.196 rows=2528312 loops=1)
Planning time: 1.047 ms
Execution time: 51444.445 ms
