Seq Scan on movie_keyword mk  (cost=0.00..81003.12 rows=391005 width=0) (actual time=0.035..1258.246 rows=387793 loops=1)
  Filter: (keyword_id > 44351)
  Rows Removed by Filter: 4136137
Planning time: 1.260 ms
Execution time: 1309.044 ms
