Seq Scan on movie_keyword mk  (cost=0.00..81003.12 rows=1945039 width=0) (actual time=0.025..1387.892 rows=1957104 loops=1)
  Filter: (keyword_id < 3405)
  Rows Removed by Filter: 2566826
Planning time: 0.332 ms
Execution time: 1629.122 ms
