Hash Join  (cost=102767.86..1157915.87 rows=10356236 width=0) (actual time=8138.413..30065.140 rows=12670688 loops=1)
  Hash Cond: (ci.movie_id = t.id)
  ->  Seq Scan on cast_info ci  (cost=0.00..796071.18 rows=10356236 width=4) (actual time=6027.943..16248.102 rows=12670688 loops=1)
        Filter: ((person_id < 2979910) AND (role_id < 2))
        Rows Removed by Filter: 23573656
  ->  Hash  (cost=61283.27..61283.27 rows=2528527 width=4) (actual time=2109.269..2109.269 rows=2528312 loops=1)
        Buckets: 131072  Batches: 64  Memory Usage: 2415kB
        ->  Seq Scan on title t  (cost=0.00..61283.27 rows=2528527 width=4) (actual time=0.018..1034.416 rows=2528312 loops=1)
Planning time: 1.109 ms
Execution time: 31479.407 ms
