Hash Join  (cost=96441.70..183106.97 rows=723 width=0) (actual time=1028.337..2706.821 rows=592 loops=1)
  Hash Cond: (mk.movie_id = t.id)
  ->  Seq Scan on movie_keyword mk  (cost=0.00..69693.30 rows=4523930 width=4) (actual time=0.018..951.444 rows=4523930 loops=1)
  ->  Hash  (cost=96436.65..96436.65 rows=404 width=8) (actual time=998.637..998.637 rows=171 loops=1)
        Buckets: 1024  Batches: 1  Memory Usage: 15kB
        ->  Nested Loop  (cost=0.43..96436.65 rows=404 width=8) (actual time=67.568..998.486 rows=171 loops=1)
              ->  Seq Scan on movie_companies mc  (cost=0.00..51404.11 rows=6349 width=4) (actual time=7.170..840.895 rows=6067 loops=1)
                    Filter: (company_id = 93)
                    Rows Removed by Filter: 2603062
              ->  Index Scan using title_pkey on title t  (cost=0.43..7.08 rows=1 width=4) (actual time=0.025..0.025 rows=0 loops=6067)
                    Index Cond: (id = mc.movie_id)
                    Filter: (production_year = 2011)
                    Rows Removed by Filter: 1
Planning time: 3.065 ms
Execution time: 2707.104 ms
