Hash Join  (cost=102767.86..1358642.38 rows=18698175 width=0) (actual time=5449.609..32020.260 rows=16114048 loops=1)
  Hash Cond: (ci.movie_id = t.id)
  ->  Seq Scan on cast_info ci  (cost=0.00..796071.18 rows=18698175 width=4) (actual time=3626.460..17529.074 rows=16114048 loops=1)
        Filter: ((person_id < 2925733) AND (role_id > 1))
        Rows Removed by Filter: 20130296
  ->  Hash  (cost=61283.27..61283.27 rows=2528527 width=4) (actual time=1821.572..1821.572 rows=2528312 loops=1)
        Buckets: 131072  Batches: 64  Memory Usage: 2415kB
        ->  Seq Scan on title t  (cost=0.00..61283.27 rows=2528527 width=4) (actual time=0.026..1007.016 rows=2528312 loops=1)
Planning time: 0.753 ms
Execution time: 33785.890 ms
