Seq Scan on movie_keyword mk  (cost=0.00..81003.12 rows=3476044 width=0) (actual time=0.024..1575.483 rows=3471074 loops=1)
  Filter: (keyword_id > 1047)
  Rows Removed by Filter: 1052856
Planning time: 0.306 ms
Execution time: 1995.893 ms
