Hash Join  (cost=213631.73..295705.30 rows=509505 width=0) (actual time=4250.248..7297.108 rows=3995739 loops=1)
  Hash Cond: (mc.movie_id = t.id)
  ->  Seq Scan on movie_companies mc  (cost=0.00..44881.29 rows=2609129 width=4) (actual time=0.028..896.906 rows=2609129 loops=1)
  ->  Hash  (cost=205530.66..205530.66 rows=493765 width=8) (actual time=4249.239..4249.239 rows=487780 loops=1)
        Buckets: 131072  Batches: 8  Memory Usage: 3433kB
        ->  Hash Join  (cost=102767.86..205530.66 rows=493765 width=8) (actual time=2033.091..4110.978 rows=487780 loops=1)
              Hash Cond: (mk.movie_id = t.id)
              ->  Seq Scan on movie_keyword mk  (cost=0.00..81003.12 rows=493765 width=4) (actual time=0.016..1292.032 rows=487780 loops=1)
                    Filter: (keyword_id > 36828)
                    Rows Removed by Filter: 4036150
              ->  Hash  (cost=61283.27..61283.27 rows=2528527 width=4) (actual time=2031.093..2031.093 rows=2528312 loops=1)
                    Buckets: 131072  Batches: 64  Memory Usage: 2425kB
                    ->  Seq Scan on title t  (cost=0.00..61283.27 rows=2528527 width=4) (actual time=0.017..1140.106 rows=2528312 loops=1)
Planning time: 2.634 ms
Execution time: 7742.993 ms
