Hash Join  (cost=102767.86..879006.41 rows=2528948 width=0) (actual time=10693.024..15680.662 rows=2573148 loops=1)
  Hash Cond: (ci.movie_id = t.id)
  ->  Seq Scan on cast_info ci  (cost=0.00..705507.15 rows=2528948 width=4) (actual time=8546.016..11055.580 rows=2573148 loops=1)
        Filter: (person_id > 3561661)
        Rows Removed by Filter: 33671196
  ->  Hash  (cost=61283.27..61283.27 rows=2528527 width=4) (actual time=2144.487..2144.487 rows=2528312 loops=1)
        Buckets: 131072  Batches: 64  Memory Usage: 2415kB
        ->  Seq Scan on title t  (cost=0.00..61283.27 rows=2528527 width=4) (actual time=0.024..1027.466 rows=2528312 loops=1)
Planning time: 0.772 ms
Execution time: 15981.058 ms
