Hash Join  (cost=102767.86..301305.47 rows=4473999 width=0) (actual time=1985.755..7403.540 rows=4477692 loops=1)
  Hash Cond: (mk.movie_id = t.id)
  ->  Seq Scan on movie_keyword mk  (cost=0.00..81003.12 rows=4473999 width=4) (actual time=0.026..1936.775 rows=4477692 loops=1)
        Filter: (keyword_id < 101388)
        Rows Removed by Filter: 46238
  ->  Hash  (cost=61283.27..61283.27 rows=2528527 width=4) (actual time=1984.250..1984.250 rows=2528312 loops=1)
        Buckets: 131072  Batches: 64  Memory Usage: 2425kB
        ->  Seq Scan on title t  (cost=0.00..61283.27 rows=2528527 width=4) (actual time=0.024..1103.389 rows=2528312 loops=1)
Planning time: 11.635 ms
Execution time: 7891.931 ms
