Hash Join  (cost=480334.56..565199.90 rows=711982 width=0) (actual time=8522.601..10572.369 rows=487356 loops=1)
  Hash Cond: (mc.movie_id = t.id)
  ->  Seq Scan on movie_companies mc  (cost=0.00..44881.29 rows=2609129 width=4) (actual time=0.013..939.412 rows=2609129 loops=1)
  ->  Hash  (cost=469013.72..469013.72 rows=689987 width=8) (actual time=8521.314..8521.314 rows=167544 loops=1)
        Buckets: 131072  Batches: 16  Memory Usage: 1429kB
        ->  Hash Join  (cost=95314.15..469013.72 rows=689987 width=8) (actual time=6328.978..8471.179 rows=167544 loops=1)
              Hash Cond: (mi.movie_id = t.id)
              ->  Seq Scan on movie_info mi  (cost=0.00..346232.03 rows=1338312 width=4) (actual time=4282.996..5514.577 rows=1401902 loops=1)
                    Filter: (info_type_id = 7)
                    Rows Removed by Filter: 13433818
              ->  Hash  (cost=73925.90..73925.90 rows=1303620 width=4) (actual time=2044.688..2044.688 rows=1383104 loops=1)
                    Buckets: 131072  Batches: 32  Memory Usage: 2552kB
                    ->  Seq Scan on title t  (cost=0.00..73925.90 rows=1303620 width=4) (actual time=146.457..1346.642 rows=1383104 loops=1)
                          Filter: ((production_year > 1966) AND (kind_id = 7))
                          Rows Removed by Filter: 1145208
Planning time: 4.803 ms
Execution time: 10616.274 ms
