Hash Join  (cost=102767.86..194076.36 rows=976712 width=0) (actual time=2095.573..4277.622 rows=831059 loops=1)
  Hash Cond: (mc.movie_id = t.id)
  ->  Seq Scan on movie_companies mc  (cost=0.00..57926.93 rows=976712 width=4) (actual time=0.020..1191.776 rows=831059 loops=1)
        Filter: ((company_id > 742) AND (company_type_id < 2))
        Rows Removed by Filter: 1778070
  ->  Hash  (cost=61283.27..61283.27 rows=2528527 width=4) (actual time=2094.088..2094.088 rows=2528312 loops=1)
        Buckets: 131072  Batches: 64  Memory Usage: 2415kB
        ->  Seq Scan on title t  (cost=0.00..61283.27 rows=2528527 width=4) (actual time=0.009..1229.551 rows=2528312 loops=1)
Planning time: 0.739 ms
Execution time: 4370.012 ms
