Seq Scan on movie_keyword mk  (cost=0.00..81003.12 rows=383614 width=0) (actual time=0.030..1320.876 rows=381051 loops=1)
  Filter: (keyword_id > 44852)
  Rows Removed by Filter: 4142879
Planning time: 0.340 ms
Execution time: 1369.326 ms
