Seq Scan on movie_keyword mk  (cost=0.00..81003.12 rows=3709870 width=0) (actual time=0.020..1417.865 rows=3703998 loops=1)
  Filter: (keyword_id < 22373)
  Rows Removed by Filter: 819932
Planning time: 0.238 ms
Execution time: 1861.965 ms
