Hash Join  (cost=115466.85..192306.96 rows=129859 width=0) (actual time=2178.059..4281.726 rows=475323 loops=1)
  Hash Cond: (mc.movie_id = t.id)
  ->  Seq Scan on movie_companies mc  (cost=0.00..44881.29 rows=2609129 width=4) (actual time=0.022..950.212 rows=2609129 loops=1)
  ->  Hash  (cost=113401.76..113401.76 rows=125847 width=8) (actual time=2177.319..2177.319 rows=150725 loops=1)
        Buckets: 131072  Batches: 2  Memory Usage: 3973kB
        ->  Hash Join  (cost=78930.19..113401.76 rows=125847 width=8) (actual time=1258.781..2124.515 rows=150725 loops=1)
              Hash Cond: (mi_idx.movie_id = t.id)
              ->  Seq Scan on movie_info_idx mi_idx  (cost=0.00..25185.44 rows=460978 width=4) (actual time=0.027..476.661 rows=459925 loops=1)
                    Filter: (info_type_id = 99)
                    Rows Removed by Filter: 920110
              ->  Hash  (cost=67604.59..67604.59 rows=690288 width=4) (actual time=1257.822..1257.822 rows=684146 loops=1)
                    Buckets: 131072  Batches: 16  Memory Usage: 2525kB
                    ->  Seq Scan on title t  (cost=0.00..67604.59 rows=690288 width=4) (actual time=0.025..1040.322 rows=684146 loops=1)
                          Filter: (production_year < 1990)
                          Rows Removed by Filter: 1844166
Planning time: 1.262 ms
Execution time: 4344.955 ms
