Hash Join  (cost=88366.54..222073.84 rows=1139881 width=0) (actual time=1469.873..5349.703 rows=2333810 loops=1)
  Hash Cond: (mk.movie_id = t.id)
  ->  Seq Scan on movie_keyword mk  (cost=0.00..81003.12 rows=3274762 width=4) (actual time=0.018..1702.642 rows=3262505 loops=1)
        Filter: (keyword_id < 14209)
        Rows Removed by Filter: 1261425
  ->  Hash  (cost=73925.90..73925.90 rows=880131 width=4) (actual time=1469.179..1469.179 rows=793962 loops=1)
        Buckets: 131072  Batches: 16  Memory Usage: 2779kB
        ->  Seq Scan on title t  (cost=0.00..73925.90 rows=880131 width=4) (actual time=0.026..1206.076 rows=793962 loops=1)
              Filter: ((kind_id < 7) AND (production_year > 1956))
              Rows Removed by Filter: 1734350
Planning time: 0.743 ms
Execution time: 5632.006 ms
