Seq Scan on movie_keyword mk  (cost=0.00..81003.12 rows=3911060 width=0) (actual time=0.031..1515.536 rows=3910108 loops=1)
  Filter: (keyword_id > 463)
  Rows Removed by Filter: 613822
Planning time: 0.334 ms
Execution time: 2004.219 ms
