Seq Scan on movie_info mi  (cost=0.00..346232.03 rows=13711268 width=0) (actual time=0.022..6026.810 rows=13746208 loops=1)
  Filter: (info_type_id < 70)
  Rows Removed by Filter: 1089512
Planning time: 0.369 ms
Execution time: 7717.976 ms
