Nested Loop  (cost=0.43..133869.76 rows=7691 width=0) (actual time=0.368..1601.568 rows=6501 loops=1)
  ->  Seq Scan on movie_keyword mk  (cost=0.00..81003.12 rows=7691 width=4) (actual time=0.295..1364.503 rows=6501 loops=1)
        Filter: (keyword_id = 355)
        Rows Removed by Filter: 4517429
  ->  Index Only Scan using title_pkey on title t  (cost=0.43..6.86 rows=1 width=4) (actual time=0.035..0.036 rows=1 loops=6501)
        Index Cond: (id = mk.movie_id)
        Heap Fetches: 6501
Planning time: 0.771 ms
Execution time: 1603.529 ms
