Seq Scan on cast_info ci  (cost=0.00..796071.18 rows=154431 width=0) (actual time=7182.438..13023.502 rows=63143 loops=1)
  Filter: ((person_id < 1569339) AND (role_id > 10))
  Rows Removed by Filter: 36181201
Planning time: 0.438 ms
Execution time: 13031.455 ms
