Seq Scan on cast_info ci  (cost=0.00..796071.18 rows=245667 width=0) (actual time=6457.100..14857.879 rows=273669 loops=1)
  Filter: ((person_id > 1047372) AND (role_id > 10))
  Rows Removed by Filter: 35970675
Planning time: 0.232 ms
Execution time: 14894.356 ms
