Hash Join  (cost=180783.47..272324.77 rows=1196277 width=0) (actual time=4828.199..8093.561 rows=3382766 loops=1)
  Hash Cond: (mc.movie_id = t.id)
  ->  Seq Scan on movie_companies mc  (cost=0.00..44881.29 rows=2609129 width=4) (actual time=0.015..958.055 rows=2609129 loops=1)
  ->  Hash  (cost=161762.96..161762.96 rows=1159321 width=8) (actual time=4827.203..4827.203 rows=1179682 loops=1)
        Buckets: 131072  Batches: 16  Memory Usage: 3909kB
        ->  Hash Join  (cost=102454.22..161762.96 rows=1159321 width=8) (actual time=2755.493..4529.128 rows=1179682 loops=1)
              Hash Cond: (mi_idx.movie_id = t.id)
              ->  Seq Scan on movie_info_idx mi_idx  (cost=0.00..21735.35 rows=1380035 width=4) (actual time=0.021..490.691 rows=1380035 loops=1)
              ->  Hash  (cost=67604.59..67604.59 rows=2124131 width=4) (actual time=2754.524..2754.524 rows=2118372 loops=1)
                    Buckets: 131072  Batches: 32  Memory Usage: 3356kB
                    ->  Seq Scan on title t  (cost=0.00..67604.59 rows=2124131 width=4) (actual time=0.028..1396.612 rows=2118372 loops=1)
                          Filter: (production_year > 1967)
                          Rows Removed by Filter: 409940
Planning time: 1.126 ms
Execution time: 8480.709 ms
