Hash Join  (cost=213965.43..1363354.42 rows=6843784 width=0) (actual time=5288.514..46393.543 rows=53765709 loops=1)
  Hash Cond: (ci.movie_id = t.id)
  ->  Seq Scan on cast_info ci  (cost=0.00..614943.12 rows=36225612 width=4) (actual time=0.012..13182.460 rows=36244344 loops=1)
  ->  Hash  (cost=206128.28..206128.28 rows=477692 width=8) (actual time=5287.629..5287.629 rows=682355 loops=1)
        Buckets: 131072 (originally 131072)  Batches: 16 (originally 8)  Memory Usage: 3073kB
        ->  Hash Join  (cost=78306.32..206128.28 rows=477692 width=8) (actual time=1192.500..5096.539 rows=682355 loops=1)
              Hash Cond: (mk.movie_id = t.id)
              ->  Seq Scan on movie_keyword mk  (cost=0.00..69693.30 rows=4523930 width=4) (actual time=0.011..1355.705 rows=4523930 loops=1)
              ->  Hash  (cost=73925.90..73925.90 rows=266993 width=4) (actual time=1191.714..1191.714 rows=216282 loops=1)
                    Buckets: 131072  Batches: 4  Memory Usage: 2935kB
                    ->  Seq Scan on title t  (cost=0.00..73925.90 rows=266993 width=4) (actual time=102.944..1117.887 rows=216282 loops=1)
                          Filter: ((production_year > 2005) AND (kind_id = 1))
                          Rows Removed by Filter: 2312030
Planning time: 1.100 ms
Execution time: 52000.697 ms
