Hash Join  (cost=209357.89..691723.18 rows=1332771 width=0) (actual time=5449.878..15227.632 rows=495877 loops=1)
  Hash Cond: (mi.movie_id = t.id)
  ->  Seq Scan on movie_info mi  (cost=0.00..346232.03 rows=9476311 width=4) (actual time=0.018..6651.926 rows=9565151 loops=1)
        Filter: (info_type_id < 16)
        Rows Removed by Filter: 5270569
  ->  Hash  (cost=203522.66..203522.66 rows=355618 width=8) (actual time=4292.435..4292.435 rows=57714 loops=1)
        Buckets: 131072  Batches: 8  Memory Usage: 1293kB
        ->  Hash Join  (cost=77187.44..203522.66 rows=355618 width=8) (actual time=3128.009..4273.487 rows=57714 loops=1)
              Hash Cond: (mk.movie_id = t.id)
              ->  Seq Scan on movie_keyword mk  (cost=0.00..69693.30 rows=4523930 width=4) (actual time=0.024..1476.156 rows=4523930 loops=1)
              ->  Hash  (cost=73925.90..73925.90 rows=198763 width=4) (actual time=1167.772..1167.772 rows=95336 loops=1)
                    Buckets: 131072  Batches: 4  Memory Usage: 1866kB
                    ->  Seq Scan on title t  (cost=0.00..73925.90 rows=198763 width=4) (actual time=286.650..1129.775 rows=95336 loops=1)
                          Filter: ((production_year < 1967) AND (kind_id = 7))
                          Rows Removed by Filter: 2432976
Planning time: 1.204 ms
Execution time: 15286.337 ms
