Hash Join  (cost=83072.96..110000.62 rows=10 width=0) (actual time=1456.282..1901.654 rows=2 loops=1)
  Hash Cond: (mi_idx.movie_id = t.id)
  ->  Seq Scan on movie_info_idx mi_idx  (cost=0.00..25185.44 rows=464566 width=4) (actual time=0.026..493.015 rows=459925 loops=1)
        Filter: (info_type_id = 101)
        Rows Removed by Filter: 920110
  ->  Hash  (cost=83072.29..83072.29 rows=54 width=8) (actual time=1345.265..1345.265 rows=8 loops=1)
        Buckets: 1024  Batches: 1  Memory Usage: 9kB
        ->  Nested Loop  (cost=0.43..83072.29 rows=54 width=8) (actual time=866.598..1345.245 rows=8 loops=1)
              ->  Seq Scan on movie_keyword mk  (cost=0.00..81003.12 rows=246 width=4) (actual time=64.861..1331.092 rows=84 loops=1)
                    Filter: (keyword_id = 2644)
                    Rows Removed by Filter: 4523846
              ->  Index Scan using title_pkey on title t  (cost=0.43..8.40 rows=1 width=4) (actual time=0.166..0.166 rows=0 loops=84)
                    Index Cond: (id = mk.movie_id)
                    Filter: (production_year < 1983)
                    Rows Removed by Filter: 1
Planning time: 1.194 ms
Execution time: 1901.832 ms
