Hash Join  (cost=102767.86..279154.22 rows=3553430 width=0) (actual time=1911.413..6540.846 rows=3550164 loops=1)
  Hash Cond: (mk.movie_id = t.id)
  ->  Seq Scan on movie_keyword mk  (cost=0.00..81003.12 rows=3553430 width=4) (actual time=0.025..1714.922 rows=3550164 loops=1)
        Filter: (keyword_id > 910)
        Rows Removed by Filter: 973766
  ->  Hash  (cost=61283.27..61283.27 rows=2528527 width=4) (actual time=1909.972..1909.972 rows=2528312 loops=1)
        Buckets: 131072  Batches: 64  Memory Usage: 2425kB
        ->  Seq Scan on title t  (cost=0.00..61283.27 rows=2528527 width=4) (actual time=0.025..1083.010 rows=2528312 loops=1)
Planning time: 6.274 ms
Execution time: 6957.878 ms
