Hash Join  (cost=275468.73..1652105.43 rows=28965352 width=0) (actual time=6180.149..62733.288 rows=94936932 loops=1)
  Hash Cond: (ci.movie_id = t.id)
  ->  Seq Scan on cast_info ci  (cost=0.00..614943.12 rows=36225612 width=4) (actual time=0.024..13630.771 rows=36244344 loops=1)
  ->  Hash  (cost=242298.66..242298.66 rows=2021765 width=8) (actual time=6178.823..6178.823 rows=2027533 loops=1)
        Buckets: 131072  Batches: 32  Memory Usage: 3483kB
        ->  Hash Join  (cost=102767.86..242298.66 rows=2021765 width=8) (actual time=2016.929..5612.819 rows=2027533 loops=1)
              Hash Cond: (mk.movie_id = t.id)
              ->  Seq Scan on movie_keyword mk  (cost=0.00..81003.12 rows=2021765 width=4) (actual time=0.028..1647.565 rows=2027533 loops=1)
                    Filter: (keyword_id < 3636)
                    Rows Removed by Filter: 2496397
              ->  Hash  (cost=61283.27..61283.27 rows=2528527 width=4) (actual time=2014.673..2014.673 rows=2528312 loops=1)
                    Buckets: 131072  Batches: 64  Memory Usage: 2425kB
                    ->  Seq Scan on title t  (cost=0.00..61283.27 rows=2528527 width=4) (actual time=0.039..1122.468 rows=2528312 loops=1)
Planning time: 1.154 ms
Execution time: 72962.385 ms
