Seq Scan on movie_keyword mk  (cost=0.00..81003.12 rows=337408 width=0) (actual time=0.020..1175.107 rows=353319 loops=1)
  Filter: (keyword_id < 312)
  Rows Removed by Filter: 4170611
Planning time: 0.359 ms
Execution time: 1219.541 ms
