Hash Join  (cost=92883.59..917295.06 rows=719424 width=0) (actual time=1691.637..16127.152 rows=858685 loops=1)
  Hash Cond: (ci.movie_id = t.id)
  ->  Seq Scan on cast_info ci  (cost=0.00..796071.18 rows=1180610 width=4) (actual time=0.014..13348.356 rows=1431797 loops=1)
        Filter: ((person_id > 2061582) AND (role_id = 4))
        Rows Removed by Filter: 34812547
  ->  Hash  (cost=67604.59..67604.59 rows=1540800 width=4) (actual time=1690.776..1690.776 rows=1543264 loops=1)
        Buckets: 131072  Batches: 32  Memory Usage: 2722kB
        ->  Seq Scan on title t  (cost=0.00..67604.59 rows=1540800 width=4) (actual time=0.022..1188.346 rows=1543264 loops=1)
              Filter: (kind_id = 7)
              Rows Removed by Filter: 985048
Planning time: 0.753 ms
Execution time: 16208.482 ms
