Hash Join  (cost=102767.86..266194.70 rows=3014875 width=0) (actual time=1920.288..6415.660 rows=3001532 loops=1)
  Hash Cond: (mk.movie_id = t.id)
  ->  Seq Scan on movie_keyword mk  (cost=0.00..81003.12 rows=3014875 width=4) (actual time=0.019..1699.662 rows=3001532 loops=1)
        Filter: (keyword_id > 2205)
        Rows Removed by Filter: 1522398
  ->  Hash  (cost=61283.27..61283.27 rows=2528527 width=4) (actual time=1918.091..1918.091 rows=2528312 loops=1)
        Buckets: 131072  Batches: 64  Memory Usage: 2425kB
        ->  Seq Scan on title t  (cost=0.00..61283.27 rows=2528527 width=4) (actual time=0.008..1048.723 rows=2528312 loops=1)
Planning time: 0.524 ms
Execution time: 6751.690 ms
