Hash Join  (cost=486009.15..1637407.61 rows=26370593 width=181) (actual time=4187.649..51859.678 rows=235420417 loops=1)
  Hash Cond: (mi.movie_id = t.id)
  ->  Seq Scan on movie_info mi  (cost=0.00..309384.22 rows=14739122 width=75) (actual time=0.024..1281.932 rows=14835720 loops=1)
  ->  Hash  (cost=354355.02..354355.02 rows=4523930 width=106) (actual time=4186.204..4186.204 rows=4523930 loops=1)
        Buckets: 32768  Batches: 256  Memory Usage: 2616kB
        ->  Hash Join  (cost=129928.86..354355.02 rows=4523930 width=106) (actual time=716.131..3026.532 rows=4523930 loops=1)
              Hash Cond: (mk.movie_id = t.id)
              ->  Seq Scan on movie_keyword mk  (cost=0.00..69693.30 rows=4523930 width=12) (actual time=0.012..312.629 rows=4523930 loops=1)
              ->  Hash  (cost=61283.27..61283.27 rows=2528527 width=94) (actual time=715.739..715.739 rows=2528312 loops=1)
                    Buckets: 32768  Batches: 128  Memory Usage: 2470kB
                    ->  Seq Scan on title t  (cost=0.00..61283.27 rows=2528527 width=94) (actual time=0.009..260.681 rows=2528312 loops=1)
Planning time: 0.838 ms
Execution time: 57854.400 ms
