Hash Join  (cost=83073.49..144129.80 rows=98 width=146) (actual time=1585.917..3158.386 rows=711 loops=1)
  Hash Cond: (mc.movie_id = t.id)
  ->  Seq Scan on movie_companies mc  (cost=0.00..51404.11 rows=2573658 width=40) (actual time=0.018..1223.667 rows=2574756 loops=1)
        Filter: (company_id < 204051)
        Rows Removed by Filter: 34373
  ->  Hash  (cost=83072.29..83072.29 rows=96 width=106) (actual time=1585.060..1585.060 rows=71 loops=1)
        Buckets: 1024  Batches: 1  Memory Usage: 17kB
        ->  Nested Loop  (cost=0.43..83072.29 rows=96 width=106) (actual time=20.040..1584.870 rows=71 loops=1)
              ->  Seq Scan on movie_keyword mk  (cost=0.00..81003.12 rows=246 width=12) (actual time=19.972..1580.798 rows=80 loops=1)
                    Filter: (keyword_id = 6807)
                    Rows Removed by Filter: 4523850
              ->  Index Scan using title_pkey on title t  (cost=0.43..8.40 rows=1 width=94) (actual time=0.045..0.045 rows=1 loops=80)
                    Index Cond: (id = mk.movie_id)
                    Filter: (kind_id < 7)
                    Rows Removed by Filter: 0
Planning time: 3.322 ms
Execution time: 3158.579 ms
