Hash Join  (cost=116916.34..193150.94 rows=85907 width=0) (actual time=1911.374..3493.223 rows=34749 loops=1)
  Hash Cond: (mc.movie_id = t.id)
  ->  Seq Scan on movie_companies mc  (cost=0.00..44881.29 rows=2609129 width=4) (actual time=0.017..783.567 rows=2609129 loops=1)
  ->  Hash  (cost=115549.66..115549.66 rows=83254 width=8) (actual time=1910.528..1910.528 rows=14517 loops=1)
        Buckets: 131072  Batches: 2  Memory Usage: 1313kB
        ->  Hash Join  (cost=76428.64..115549.66 rows=83254 width=8) (actual time=1028.917..1905.132 rows=14517 loops=1)
              Hash Cond: (mi_idx.movie_id = t.id)
              ->  Seq Scan on movie_info_idx mi_idx  (cost=0.00..21735.35 rows=1380035 width=4) (actual time=0.025..455.708 rows=1380035 loops=1)
              ->  Hash  (cost=73925.90..73925.90 rows=152539 width=4) (actual time=1027.909..1027.909 rows=53426 loops=1)
                    Buckets: 131072  Batches: 2  Memory Usage: 1963kB
                    ->  Seq Scan on title t  (cost=0.00..73925.90 rows=152539 width=4) (actual time=26.021..1007.903 rows=53426 loops=1)
                          Filter: ((production_year < 1961) AND (kind_id = 7))
                          Rows Removed by Filter: 2474886
Planning time: 1.176 ms
Execution time: 3497.319 ms
