Seq Scan on movie_keyword mk  (cost=0.00..81003.12 rows=4281738 width=0) (actual time=0.014..1528.413 rows=4282929 loops=1)
  Filter: (keyword_id < 61704)
  Rows Removed by Filter: 241001
Planning time: 1.885 ms
Execution time: 2059.143 ms
