Seq Scan on movie_companies mc  (cost=0.00..57926.93 rows=53 width=0) (actual time=121.901..845.585 rows=8 loops=1)
  Filter: ((company_id = 11220) AND (company_type_id = 2))
  Rows Removed by Filter: 2609121
Planning time: 0.388 ms
Execution time: 845.684 ms
