Hash Join  (cost=842111.27..1615504.57 rows=5067965 width=0) (actual time=22715.999..35870.209 rows=1908569 loops=1)
  Hash Cond: (mi.movie_id = t.id)
  ->  Seq Scan on movie_info mi  (cost=0.00..309384.22 rows=14739122 width=4) (actual time=0.008..6054.645 rows=14835720 loops=1)
  ->  Hash  (cost=827846.52..827846.52 rows=869420 width=8) (actual time=22639.085..22639.085 rows=161000 loops=1)
        Buckets: 131072  Batches: 16  Memory Usage: 1410kB
        ->  Hash Join  (cost=68363.15..827846.52 rows=869420 width=8) (actual time=987.489..21868.997 rows=161000 loops=1)
              Hash Cond: (ci.movie_id = t.id)
              ->  Seq Scan on cast_info ci  (cost=0.00..614943.12 rows=36225612 width=4) (actual time=0.009..9049.008 rows=36244344 loops=1)
              ->  Hash  (cost=67604.59..67604.59 rows=60685 width=4) (actual time=986.608..986.608 rows=59847 loops=1)
                    Buckets: 65536  Batches: 1  Memory Usage: 2616kB
                    ->  Seq Scan on title t  (cost=0.00..67604.59 rows=60685 width=4) (actual time=0.015..964.846 rows=59847 loops=1)
                          Filter: (production_year < 1915)
                          Rows Removed by Filter: 2468465
Planning time: 0.803 ms
Execution time: 36094.933 ms
