Seq Scan on movie_keyword mk  (cost=0.00..81003.12 rows=790975 width=0) (actual time=0.029..1157.041 rows=790470 loops=1)
  Filter: (keyword_id < 757)
  Rows Removed by Filter: 3733460
Planning time: 0.296 ms
Execution time: 1242.615 ms
