Hash Join  (cost=83386.85..207020.95 rows=665188 width=0) (actual time=2444.636..6665.623 rows=1836363 loops=1)
  Hash Cond: (mk.movie_id = t.id)
  ->  Seq Scan on movie_keyword mk  (cost=0.00..81003.12 rows=2916825 width=4) (actual time=0.024..1638.548 rows=2904800 loops=1)
        Filter: (keyword_id < 9304)
        Rows Removed by Filter: 1619130
  ->  Hash  (cost=73925.90..73925.90 rows=576636 width=4) (actual time=2443.751..2443.751 rows=597161 loops=1)
        Buckets: 131072  Batches: 8  Memory Usage: 3671kB
        ->  Seq Scan on title t  (cost=0.00..73925.90 rows=576636 width=4) (actual time=0.026..1265.561 rows=597161 loops=1)
              Filter: ((kind_id < 3) AND (production_year < 2010))
              Rows Removed by Filter: 1931151
Planning time: 0.842 ms
Execution time: 6889.909 ms
