Seq Scan on movie_keyword mk  (cost=0.00..81003.12 rows=2203746 width=0) (actual time=0.022..1399.663 rows=2203143 loops=1)
  Filter: (keyword_id < 4429)
  Rows Removed by Filter: 2320787
Planning time: 0.215 ms
Execution time: 1663.591 ms
