Hash Join  (cost=501028.05..1533332.85 rows=6732496 width=0) (actual time=9585.065..33521.667 rows=13405870 loops=1)
  Hash Cond: (ci.movie_id = t.id)
  ->  Seq Scan on cast_info ci  (cost=0.00..796071.18 rows=14203374 width=4) (actual time=0.011..16045.104 rows=9088336 loops=1)
        Filter: ((person_id < 2211874) AND (role_id > 1))
        Rows Removed by Filter: 27156008
  ->  Hash  (cost=481364.32..481364.32 rows=1198539 width=8) (actual time=9583.902..9583.902 rows=1394915 loops=1)
        Buckets: 131072 (originally 131072)  Batches: 32 (originally 16)  Memory Usage: 3073kB
        ->  Hash Join  (cost=83810.17..481364.32 rows=1198539 width=8) (actual time=4753.209..9196.370 rows=1394915 loops=1)
              Hash Cond: (mi.movie_id = t.id)
              ->  Seq Scan on movie_info mi  (cost=0.00..346232.03 rows=3068194 width=4) (actual time=3186.470..5630.769 rows=3036719 loops=1)
                    Filter: (info_type_id = 16)
                    Rows Removed by Filter: 11799001
              ->  Hash  (cost=67604.59..67604.59 rows=987727 width=4) (actual time=1565.442..1565.442 rows=985048 loops=1)
                    Buckets: 131072  Batches: 16  Memory Usage: 3197kB
                    ->  Seq Scan on title t  (cost=0.00..67604.59 rows=987727 width=4) (actual time=0.027..1241.608 rows=985048 loops=1)
                          Filter: (kind_id < 7)
                          Rows Removed by Filter: 1543264
Planning time: 1.221 ms
Execution time: 34937.849 ms
