Hash Join  (cost=94978.31..459688.14 rows=406533 width=0) (actual time=5314.375..8382.896 rows=498032 loops=1)
  Hash Cond: (mi.movie_id = t.id)
  ->  Seq Scan on movie_info mi  (cost=0.00..346232.03 rows=616095 width=4) (actual time=2715.785..5125.603 rows=598457 loops=1)
        Filter: (info_type_id = 15)
        Rows Removed by Filter: 14237263
  ->  Hash  (cost=67604.59..67604.59 rows=1668458 width=4) (actual time=2557.657..2557.657 rows=1671292 loops=1)
        Buckets: 131072  Batches: 32  Memory Usage: 2867kB
        ->  Seq Scan on title t  (cost=0.00..67604.59 rows=1668458 width=4) (actual time=0.038..1315.307 rows=1671292 loops=1)
              Filter: (production_year < 2008)
              Rows Removed by Filter: 857020
Planning time: 0.516 ms
Execution time: 8443.941 ms
