Seq Scan on movie_keyword mk  (cost=0.00..81003.12 rows=3908930 width=0) (actual time=0.028..1601.667 rows=3908682 loops=1)
  Filter: (keyword_id < 29726)
  Rows Removed by Filter: 615248
Planning time: 1.930 ms
Execution time: 2093.121 ms
