Hash Join  (cost=95609.14..189790.51 rows=224641 width=0) (actual time=1772.807..3527.562 rows=192112 loops=1)
  Hash Cond: (mk.movie_id = t.id)
  ->  Seq Scan on movie_keyword mk  (cost=0.00..81003.12 rows=332768 width=4) (actual time=0.022..1228.407 rows=348056 loops=1)
        Filter: (keyword_id < 303)
        Rows Removed by Filter: 4175874
  ->  Hash  (cost=67604.59..67604.59 rows=1706924 width=4) (actual time=1771.198..1771.198 rows=1700316 loops=1)
        Buckets: 131072  Batches: 32  Memory Usage: 2903kB
        ->  Seq Scan on title t  (cost=0.00..67604.59 rows=1706924 width=4) (actual time=0.016..1208.177 rows=1700316 loops=1)
              Filter: (production_year > 1992)
              Rows Removed by Filter: 827996
Planning time: 0.769 ms
Execution time: 3551.133 ms
