Seq Scan on cast_info ci  (cost=0.00..796071.18 rows=7089278 width=0) (actual time=5320.297..13591.740 rows=12670688 loops=1)
  Filter: ((person_id < 2014561) AND (role_id = 1))
  Rows Removed by Filter: 23573656
Planning time: 0.260 ms
Execution time: 15172.690 ms
