Hash Join  (cost=131245.22..259971.45 rows=551919 width=0) (actual time=2913.064..7896.983 rows=7243548 loops=1)
  Hash Cond: (mk.movie_id = t.id)
  ->  Seq Scan on movie_keyword mk  (cost=0.00..69693.30 rows=4523930 width=4) (actual time=0.018..1404.049 rows=4523930 loops=1)
  ->  Hash  (cost=126184.22..126184.22 rows=308480 width=8) (actual time=2911.039..2911.039 rows=679177 loops=1)
        Buckets: 131072 (originally 131072)  Batches: 16 (originally 8)  Memory Usage: 3073kB
        ->  Hash Join  (cost=83198.94..126184.22 rows=308480 width=8) (actual time=1384.978..2730.720 rows=679177 loops=1)
              Hash Cond: (mi_idx.movie_id = t.id)
              ->  Seq Scan on movie_info_idx mi_idx  (cost=0.00..21735.35 rows=1380035 width=4) (actual time=0.021..473.036 rows=1380035 loops=1)
              ->  Hash  (cost=73925.90..73925.90 rows=565203 width=4) (actual time=1384.162..1384.162 rows=641785 loops=1)
                    Buckets: 131072  Batches: 8  Memory Usage: 3862kB
                    ->  Seq Scan on title t  (cost=0.00..73925.90 rows=565203 width=4) (actual time=0.055..1187.044 rows=641785 loops=1)
                          Filter: ((kind_id < 7) AND (production_year < 2006))
                          Rows Removed by Filter: 1886527
Planning time: 7.128 ms
Execution time: 8716.783 ms
