Seq Scan on movie_companies mc  (cost=0.00..57926.93 rows=51 width=0) (actual time=28.848..933.150 rows=13 loops=1)
  Filter: ((company_type_id < 2) AND (company_id = 19556))
  Rows Removed by Filter: 2609116
Planning time: 0.398 ms
Execution time: 933.249 ms
