Seq Scan on cast_info ci  (cost=0.00..796071.18 rows=176 width=0) (actual time=8440.871..11326.538 rows=303 loops=1)
  Filter: ((person_id = 1682103) AND (role_id = 1))
  Rows Removed by Filter: 36244041
Planning time: 0.390 ms
Execution time: 11326.672 ms
