Hash Join  (cost=73963.69..169579.63 rows=4644 width=0) (actual time=1093.237..3211.394 rows=1900 loops=1)
  Hash Cond: (mk.movie_id = t.id)
  ->  Seq Scan on movie_keyword mk  (cost=0.00..81003.12 rows=3884367 width=4) (actual time=0.023..1557.540 rows=3882448 loops=1)
        Filter: (keyword_id > 496)
        Rows Removed by Filter: 641482
  ->  Hash  (cost=73925.90..73925.90 rows=3023 width=4) (actual time=1092.721..1092.721 rows=1148 loops=1)
        Buckets: 4096  Batches: 1  Memory Usage: 73kB
        ->  Seq Scan on title t  (cost=0.00..73925.90 rows=3023 width=4) (actual time=700.324..1091.940 rows=1148 loops=1)
              Filter: ((production_year > 2012) AND (kind_id = 4))
              Rows Removed by Filter: 2527164
Planning time: 11.070 ms
Execution time: 3211.884 ms
