Hash Join  (cost=155705.98..281204.52 rows=286950 width=0) (actual time=3118.894..9702.396 rows=14980265 loops=1)
  Hash Cond: (mk.movie_id = t.id)
  ->  Seq Scan on movie_keyword mk  (cost=0.00..69693.30 rows=4523930 width=4) (actual time=0.018..1488.625 rows=4523930 loops=1)
  ->  Hash  (cost=153074.19..153074.19 rows=160383 width=8) (actual time=3118.096..3118.096 rows=267132 loops=1)
        Buckets: 131072  Batches: 4  Memory Usage: 3640kB
        ->  Hash Join  (cost=82634.05..153074.19 rows=160383 width=8) (actual time=1737.612..3035.502 rows=267132 loops=1)
              Hash Cond: (mc.movie_id = t.id)
              ->  Seq Scan on movie_companies mc  (cost=0.00..57926.93 rows=764099 width=4) (actual time=131.312..1150.534 rows=1050996 loops=1)
                    Filter: ((company_id < 14712) AND (company_type_id < 2))
                    Rows Removed by Filter: 1558133
              ->  Hash  (cost=73925.90..73925.90 rows=530732 width=4) (actual time=1295.411..1295.411 rows=403730 loops=1)
                    Buckets: 131072  Batches: 8  Memory Usage: 2807kB
                    ->  Seq Scan on title t  (cost=0.00..73925.90 rows=530732 width=4) (actual time=370.294..1169.108 rows=403730 loops=1)
                          Filter: ((kind_id < 2) AND (production_year > 1975))
                          Rows Removed by Filter: 2124582
Planning time: 1.137 ms
Execution time: 11371.110 ms
