Hash Join  (cost=170444.14..967190.11 rows=67476 width=0) (actual time=3485.794..19963.125 rows=419485 loops=1)
  Hash Cond: (ci.movie_id = t.id)
  ->  Seq Scan on cast_info ci  (cost=0.00..614943.12 rows=36225612 width=4) (actual time=0.022..8912.729 rows=36244344 loops=1)
  ->  Hash  (cost=170385.26..170385.26 rows=4710 width=8) (actual time=3485.404..3485.404 rows=12769 loops=1)
        Buckets: 16384 (originally 8192)  Batches: 1 (originally 1)  Memory Usage: 627kB
        ->  Hash Join  (cost=73962.22..170385.26 rows=4710 width=8) (actual time=1259.098..3480.387 rows=12769 loops=1)
              Hash Cond: (mk.movie_id = t.id)
              ->  Seq Scan on movie_keyword mk  (cost=0.00..81003.12 rows=4099418 width=4) (actual time=0.018..1615.732 rows=4087742 loops=1)
                    Filter: (keyword_id > 335)
                    Rows Removed by Filter: 436188
              ->  Hash  (cost=73925.90..73925.90 rows=2905 width=4) (actual time=1258.755..1258.755 rows=4339 loops=1)
                    Buckets: 8192 (originally 4096)  Batches: 1 (originally 1)  Memory Usage: 217kB
                    ->  Seq Scan on title t  (cost=0.00..73925.90 rows=2905 width=4) (actual time=1.067..1256.368 rows=4339 loops=1)
                          Filter: ((kind_id < 7) AND (production_year = 1961))
                          Rows Removed by Filter: 2523973
Planning time: 1.127 ms
Execution time: 20017.423 ms
