Seq Scan on movie_keyword mk  (cost=0.00..81003.12 rows=246 width=0) (actual time=0.381..1196.305 rows=1366 loops=1)
  Filter: (keyword_id = 1301)
  Rows Removed by Filter: 4522564
Planning time: 0.391 ms
Execution time: 1196.863 ms
