Seq Scan on cast_info ci  (cost=0.00..796071.18 rows=276 width=0) (actual time=7583.384..13358.224 rows=40 loops=1)
  Filter: ((role_id < 3) AND (person_id = 441315))
  Rows Removed by Filter: 36244304
Planning time: 0.381 ms
Execution time: 13358.367 ms
