Nested Loop  (cost=0.43..52283.69 rows=104 width=0) (actual time=370.854..806.312 rows=15 loops=1)
  ->  Seq Scan on movie_companies mc  (cost=0.00..51404.11 rows=104 width=4) (actual time=370.759..805.563 rows=15 loops=1)
        Filter: (company_id = 62798)
        Rows Removed by Filter: 2609114
  ->  Index Only Scan using title_pkey on title t  (cost=0.43..8.45 rows=1 width=4) (actual time=0.044..0.045 rows=1 loops=15)
        Index Cond: (id = mc.movie_id)
        Heap Fetches: 15
Planning time: 0.804 ms
Execution time: 806.388 ms
