Seq Scan on movie_companies mc  (cost=0.00..51404.11 rows=1348511 width=0) (actual time=0.029..922.718 rows=1336305 loops=1)
  Filter: (company_id < 11428)
  Rows Removed by Filter: 1272824
Planning time: 0.350 ms
Execution time: 1097.793 ms
