Seq Scan on cast_info ci  (cost=0.00..796071.18 rows=420 width=0) (actual time=5113.819..14603.995 rows=158 loops=1)
  Filter: ((role_id < 9) AND (person_id = 2476335))
  Rows Removed by Filter: 36244186
Planning time: 0.430 ms
Execution time: 14604.140 ms
