Hash Join  (cost=106498.88..1565821.38 rows=27634489 width=0) (actual time=4761.124..48105.403 rows=28729541 loops=1)
  Hash Cond: (ci.movie_id = t.id)
  ->  Seq Scan on cast_info ci  (cost=0.00..796071.18 rows=29474688 width=4) (actual time=2599.358..20454.902 rows=29375528 loops=1)
        Filter: ((person_id > 226677) AND (role_id < 10))
        Rows Removed by Filter: 6868816
  ->  Hash  (cost=67604.59..67604.59 rows=2370663 width=4) (actual time=2160.715..2160.715 rows=2366946 loops=1)
        Buckets: 131072  Batches: 32  Memory Usage: 3627kB
        ->  Seq Scan on title t  (cost=0.00..67604.59 rows=2370663 width=4) (actual time=0.026..1406.594 rows=2366946 loops=1)
              Filter: (production_year > 1920)
              Rows Removed by Filter: 161366
Planning time: 0.517 ms
Execution time: 51446.697 ms
