Seq Scan on movie_companies mc  (cost=0.00..51404.11 rows=104 width=0) (actual time=78.301..793.999 rows=3 loops=1)
  Filter: (company_id = 71937)
  Rows Removed by Filter: 2609126
Planning time: 0.397 ms
Execution time: 794.078 ms
