Hash Join  (cost=166925.39..671551.76 rows=2326145 width=0) (actual time=3622.508..21054.380 rows=19241010 loops=1)
  Hash Cond: (mi.movie_id = t.id)
  ->  Seq Scan on movie_info mi  (cost=0.00..309384.22 rows=14739122 width=4) (actual time=0.022..5981.645 rows=14835720 loops=1)
  ->  Hash  (cost=160378.20..160378.20 rows=399055 width=8) (actual time=3621.569..3621.569 rows=563263 loops=1)
        Buckets: 131072  Batches: 8  Memory Usage: 3823kB
        ->  Hash Join  (cost=80874.21..160378.20 rows=399055 width=8) (actual time=1374.490..3440.324 rows=563263 loops=1)
              Hash Cond: (mc.movie_id = t.id)
              ->  Seq Scan on movie_companies mc  (cost=0.00..57926.93 rows=1247600 width=4) (actual time=0.023..1151.032 rows=1214780 loops=1)
                    Filter: ((company_id > 6) AND (company_type_id = 1))
                    Rows Removed by Filter: 1394349
              ->  Hash  (cost=67604.59..67604.59 rows=808770 width=4) (actual time=1373.010..1373.010 rows=812704 loops=1)
                    Buckets: 131072  Batches: 16  Memory Usage: 2812kB
                    ->  Seq Scan on title t  (cost=0.00..67604.59 rows=808770 width=4) (actual time=0.025..1104.098 rows=812704 loops=1)
                          Filter: (production_year < 1995)
                          Rows Removed by Filter: 1715608
Planning time: 1.153 ms
Execution time: 23157.761 ms
