Seq Scan on movie_keyword mk  (cost=0.00..81003.12 rows=1387302 width=0) (actual time=0.026..1383.324 rows=1400969 loops=1)
  Filter: (keyword_id < 1902)
  Rows Removed by Filter: 3122961
Planning time: 0.297 ms
Execution time: 1567.515 ms
