Seq Scan on movie_companies mc  (cost=0.00..51404.11 rows=1798401 width=0) (actual time=0.018..1027.694 rows=1790663 loops=1)
  Filter: (company_id < 28356)
  Rows Removed by Filter: 818466
Planning time: 0.316 ms
Execution time: 1272.379 ms
