Seq Scan on movie_companies mc  (cost=0.00..51404.11 rows=1805445 width=0) (actual time=0.011..941.194 rows=1811961 loops=1)
  Filter: (company_id > 1735)
  Rows Removed by Filter: 797168
Planning time: 0.225 ms
Execution time: 1163.217 ms
