Hash Join  (cost=102767.86..183199.96 rows=524749 width=0) (actual time=2188.702..3500.723 rows=314588 loops=1)
  Hash Cond: (mc.movie_id = t.id)
  ->  Seq Scan on movie_companies mc  (cost=0.00..57926.93 rows=524749 width=4) (actual time=315.333..979.764 rows=314588 loops=1)
        Filter: ((company_id < 5636) AND (company_type_id > 1))
        Rows Removed by Filter: 2294541
  ->  Hash  (cost=61283.27..61283.27 rows=2528527 width=4) (actual time=1871.962..1871.962 rows=2528312 loops=1)
        Buckets: 131072  Batches: 64  Memory Usage: 2415kB
        ->  Seq Scan on title t  (cost=0.00..61283.27 rows=2528527 width=4) (actual time=0.025..1049.523 rows=2528312 loops=1)
Planning time: 0.755 ms
Execution time: 3535.141 ms
