Seq Scan on cast_info ci  (cost=0.00..705507.15 rows=19075863 width=0) (actual time=1705.611..12937.318 rows=19226239 loops=1)
  Filter: (person_id > 1682271)
  Rows Removed by Filter: 17018105
Planning time: 0.335 ms
Execution time: 15357.027 ms
