Nested Loop  (cost=0.43..52283.69 rows=104 width=0) (actual time=94.936..941.434 rows=8 loops=1)
  ->  Seq Scan on movie_companies mc  (cost=0.00..51404.11 rows=104 width=4) (actual time=94.849..941.019 rows=8 loops=1)
        Filter: (company_id = 5053)
        Rows Removed by Filter: 2609121
  ->  Index Only Scan using title_pkey on title t  (cost=0.43..8.45 rows=1 width=4) (actual time=0.044..0.045 rows=1 loops=8)
        Index Cond: (id = mc.movie_id)
        Heap Fetches: 8
Planning time: 0.753 ms
Execution time: 941.506 ms
