Hash Join  (cost=215282.04..361365.59 rows=1976551 width=0) (actual time=4528.484..13484.680 rows=24448909 loops=1)
  Hash Cond: (mk.movie_id = t.id)
  ->  Seq Scan on movie_keyword mk  (cost=0.00..69693.30 rows=4523930 width=4) (actual time=0.024..1457.600 rows=4523930 loops=1)
  ->  Hash  (cost=197156.80..197156.80 rows=1104739 width=8) (actual time=4527.565..4527.565 rows=1001060 loops=1)
        Buckets: 131072  Batches: 16  Memory Usage: 3523kB
        ->  Hash Join  (cost=102767.86..197156.80 rows=1104739 width=8) (actual time=2011.221..4233.084 rows=1001060 loops=1)
              Hash Cond: (mc.movie_id = t.id)
              ->  Seq Scan on movie_companies mc  (cost=0.00..57926.93 rows=1104739 width=4) (actual time=0.016..1032.054 rows=1001060 loops=1)
                    Filter: ((company_id > 166) AND (company_type_id < 2))
                    Rows Removed by Filter: 1608069
              ->  Hash  (cost=61283.27..61283.27 rows=2528527 width=4) (actual time=1861.853..1861.853 rows=2528312 loops=1)
                    Buckets: 131072  Batches: 64  Memory Usage: 2415kB
                    ->  Seq Scan on title t  (cost=0.00..61283.27 rows=2528527 width=4) (actual time=0.029..1012.804 rows=2528312 loops=1)
Planning time: 10.612 ms
Execution time: 16096.453 ms
