Hash Join  (cost=158139.34..285022.91 rows=400653 width=0) (actual time=3331.508..9569.357 rows=14420580 loops=1)
  Hash Cond: (mk.movie_id = t.id)
  ->  Seq Scan on movie_keyword mk  (cost=0.00..69693.30 rows=4523930 width=4) (actual time=0.017..1496.701 rows=4523930 loops=1)
  ->  Hash  (cost=154465.17..154465.17 rows=223934 width=8) (actual time=3330.666..3330.666 rows=467345 loops=1)
        Buckets: 131072 (originally 131072)  Batches: 8 (originally 4)  Memory Usage: 3347kB
        ->  Hash Join  (cost=83810.17..154465.17 rows=223934 width=8) (actual time=1654.793..3184.947 rows=467345 loops=1)
              Hash Cond: (mc.movie_id = t.id)
              ->  Seq Scan on movie_companies mc  (cost=0.00..57926.93 rows=573258 width=4) (actual time=168.724..1009.440 rows=782883 loops=1)
                    Filter: ((company_id < 9638) AND (company_type_id = 1))
                    Rows Removed by Filter: 1826246
              ->  Hash  (cost=67604.59..67604.59 rows=987727 width=4) (actual time=1485.256..1485.256 rows=985048 loops=1)
                    Buckets: 131072  Batches: 16  Memory Usage: 3188kB
                    ->  Seq Scan on title t  (cost=0.00..67604.59 rows=987727 width=4) (actual time=0.026..1181.666 rows=985048 loops=1)
                          Filter: (kind_id < 7)
                          Rows Removed by Filter: 1543264
Planning time: 1.201 ms
Execution time: 11063.250 ms
