Hash Join  (cost=372945.74..1101445.37 rows=19475887 width=0) (actual time=8289.733..67461.262 rows=214018012 loops=1)
  Hash Cond: (mi.movie_id = t.id)
  ->  Seq Scan on movie_info mi  (cost=0.00..346232.03 rows=11115165 width=4) (actual time=0.018..7176.097 rows=11210743 loops=1)
        Filter: (info_type_id > 3)
        Rows Removed by Filter: 3624977
  ->  Hash  (cost=300257.97..300257.97 rows=4430461 width=8) (actual time=8285.945..8285.945 rows=4419636 loops=1)
        Buckets: 131072  Batches: 64  Memory Usage: 3826kB
        ->  Hash Join  (cost=102767.86..300257.97 rows=4430461 width=8) (actual time=1937.985..7132.928 rows=4419636 loops=1)
              Hash Cond: (mk.movie_id = t.id)
              ->  Seq Scan on movie_keyword mk  (cost=0.00..81003.12 rows=4430461 width=4) (actual time=0.034..1776.099 rows=4419636 loops=1)
                    Filter: (keyword_id > 103)
                    Rows Removed by Filter: 104294
              ->  Hash  (cost=61283.27..61283.27 rows=2528527 width=4) (actual time=1936.263..1936.263 rows=2528312 loops=1)
                    Buckets: 131072  Batches: 64  Memory Usage: 2425kB
                    ->  Seq Scan on title t  (cost=0.00..61283.27 rows=2528527 width=4) (actual time=0.019..1053.144 rows=2528312 loops=1)
Planning time: 1.082 ms
Execution time: 90170.889 ms
