Hash Join  (cost=92883.59..1051168.97 rows=5034331 width=0) (actual time=1828.741..17777.118 rows=2030848 loops=1)
  Hash Cond: (ci.movie_id = t.id)
  ->  Seq Scan on cast_info ci  (cost=0.00..796071.18 rows=8261579 width=4) (actual time=3.959..13603.074 rows=3520458 loops=1)
        Filter: ((person_id < 1251586) AND (role_id > 1))
        Rows Removed by Filter: 32723886
  ->  Hash  (cost=67604.59..67604.59 rows=1540800 width=4) (actual time=1712.263..1712.263 rows=1543264 loops=1)
        Buckets: 131072  Batches: 32  Memory Usage: 2722kB
        ->  Seq Scan on title t  (cost=0.00..67604.59 rows=1540800 width=4) (actual time=0.024..1204.829 rows=1543264 loops=1)
              Filter: (kind_id = 7)
              Rows Removed by Filter: 985048
Planning time: 0.740 ms
Execution time: 17985.495 ms
