Hash Join  (cost=96356.06..492763.33 rows=1521016 width=0) (actual time=1871.143..9021.790 rows=1455288 loops=1)
  Hash Cond: (mi.movie_id = t.id)
  ->  Seq Scan on movie_info mi  (cost=0.00..346232.03 rows=2194617 width=4) (actual time=0.022..5605.459 rows=2233850 loops=1)
        Filter: (info_type_id > 16)
        Rows Removed by Filter: 12601870
  ->  Hash  (cost=67604.59..67604.59 rows=1752438 width=4) (actual time=1870.000..1870.000 rows=1749032 loops=1)
        Buckets: 131072  Batches: 32  Memory Usage: 2958kB
        ->  Seq Scan on title t  (cost=0.00..67604.59 rows=1752438 width=4) (actual time=0.022..1297.382 rows=1749032 loops=1)
              Filter: (production_year > 1990)
              Rows Removed by Filter: 779280
Planning time: 0.739 ms
Execution time: 9158.444 ms
