Hash Join  (cost=131505.86..218414.02 rows=25012 width=0) (actual time=2653.483..4601.693 rows=28348 loops=1)
  Hash Cond: (mk.movie_id = t.id)
  ->  Seq Scan on movie_keyword mk  (cost=0.00..69693.30 rows=4523930 width=4) (actual time=0.024..1116.140 rows=4523930 loops=1)
  ->  Hash  (cost=131331.11..131331.11 rows=13980 width=8) (actual time=2652.443..2652.443 rows=8741 loops=1)
        Buckets: 16384  Batches: 1  Memory Usage: 470kB
        ->  Hash Join  (cost=75867.62..131331.11 rows=13980 width=8) (actual time=1311.366..2648.748 rows=8741 loops=1)
              Hash Cond: (mc.movie_id = t.id)
              ->  Seq Scan on movie_companies mc  (cost=0.00..51404.11 rows=298821 width=4) (actual time=0.034..908.971 rows=292877 loops=1)
                    Filter: (company_id < 160)
                    Rows Removed by Filter: 2316252
              ->  Hash  (cost=73925.90..73925.90 rows=118297 width=4) (actual time=1308.048..1308.048 rows=122606 loops=1)
                    Buckets: 131072  Batches: 2  Memory Usage: 3179kB
                    ->  Seq Scan on title t  (cost=0.00..73925.90 rows=118297 width=4) (actual time=0.016..1263.288 rows=122606 loops=1)
                          Filter: ((kind_id > 1) AND (production_year = 2011))
                          Rows Removed by Filter: 2405706
Planning time: 1.209 ms
Execution time: 4605.321 ms
