Seq Scan on movie_keyword mk  (cost=0.00..81003.12 rows=246 width=0) (actual time=255.928..1335.460 rows=20 loops=1)
  Filter: (keyword_id = 32854)
  Rows Removed by Filter: 4523910
Planning time: 0.347 ms
Execution time: 1335.566 ms
