Hash Join  (cost=149390.61..277629.39 rows=222106 width=0) (actual time=3219.198..6504.538 rows=1389914 loops=1)
  Hash Cond: (mk.movie_id = t.id)
  ->  Seq Scan on movie_keyword mk  (cost=0.00..81003.12 rows=3843627 width=4) (actual time=0.015..1771.587 rows=3845355 loops=1)
        Filter: (keyword_id > 554)
        Rows Removed by Filter: 678575
  ->  Hash  (cost=146993.21..146993.21 rows=146112 width=8) (actual time=3218.268..3218.268 rows=114616 loops=1)
        Buckets: 131072  Batches: 2  Memory Usage: 3251kB
        ->  Hash Join  (cost=69928.56..146993.21 rows=146112 width=8) (actual time=1169.578..3173.271 rows=114616 loops=1)
              Hash Cond: (mc.movie_id = t.id)
              ->  Seq Scan on movie_companies mc  (cost=0.00..44881.29 rows=2609129 width=4) (actual time=0.039..926.348 rows=2609129 loops=1)
              ->  Hash  (cost=67604.59..67604.59 rows=141598 width=4) (actual time=1168.808..1168.808 rows=141703 loops=1)
                    Buckets: 131072  Batches: 2  Memory Usage: 3511kB
                    ->  Seq Scan on title t  (cost=0.00..67604.59 rows=141598 width=4) (actual time=0.021..1116.752 rows=141703 loops=1)
                          Filter: (production_year = 2010)
                          Rows Removed by Filter: 2386609
Planning time: 1.800 ms
Execution time: 6680.862 ms
