Hash Join  (cost=74228.76..469168.95 rows=121356 width=0) (actual time=1139.929..9955.106 rows=127698 loops=1)
  Hash Cond: (mi.movie_id = t.id)
  ->  Seq Scan on movie_info mi  (cost=0.00..346232.03 rows=12665229 width=4) (actual time=0.023..6248.212 rows=12744652 loops=1)
        Filter: (info_type_id > 2)
        Rows Removed by Filter: 2091068
  ->  Hash  (cost=73925.90..73925.90 rows=24228 width=4) (actual time=1138.293..1138.293 rows=21082 loops=1)
        Buckets: 32768  Batches: 1  Memory Usage: 998kB
        ->  Seq Scan on title t  (cost=0.00..73925.90 rows=24228 width=4) (actual time=0.032..1130.136 rows=21082 loops=1)
              Filter: ((production_year > 2009) AND (kind_id = 4))
              Rows Removed by Filter: 2507230
Planning time: 0.754 ms
Execution time: 9974.473 ms
