Seq Scan on movie_companies mc  (cost=0.00..57926.93 rows=53 width=0) (actual time=312.709..576.996 rows=27 loops=1)
  Filter: ((company_type_id > 1) AND (company_id = 71097))
  Rows Removed by Filter: 2609102
Planning time: 0.307 ms
Execution time: 577.081 ms
