Hash Join  (cost=773213.96..2726697.31 rows=71833460 width=0) (actual time=18718.197..67682.008 rows=53992461 loops=1)
  Hash Cond: (ci.movie_id = t.id)
  ->  Seq Scan on cast_info ci  (cost=0.00..705507.15 rows=28328162 width=4) (actual time=0.015..16385.721 rows=28468413 loops=1)
        Filter: (person_id > 757154)
        Rows Removed by Filter: 7775931
  ->  Hash  (cost=668021.20..668021.20 rows=6411741 width=8) (actual time=18716.586..18716.586 rows=3173275 loops=1)
        Buckets: 131072  Batches: 128  Memory Usage: 1960kB
        ->  Hash Join  (cost=93155.63..668021.20 rows=6411741 width=8) (actual time=1823.223..17774.518 rows=3173275 loops=1)
              Hash Cond: (mi.movie_id = t.id)
              ->  Seq Scan on movie_info mi  (cost=0.00..346232.03 rows=13832302 width=4) (actual time=0.018..7677.114 rows=13867355 loops=1)
                    Filter: (info_type_id < 94)
                    Rows Removed by Filter: 968365
              ->  Hash  (cost=73925.90..73925.90 rows=1172058 width=4) (actual time=1782.838..1782.838 rows=1128906 loops=1)
                    Buckets: 131072  Batches: 16  Memory Usage: 3509kB
                    ->  Seq Scan on title t  (cost=0.00..73925.90 rows=1172058 width=4) (actual time=0.018..1419.707 rows=1128906 loops=1)
                          Filter: ((production_year < 2010) AND (kind_id = 7))
                          Rows Removed by Filter: 1399406
Planning time: 2.336 ms
Execution time: 74053.725 ms
