Hash Join  (cost=74628.62..162292.46 rows=100581 width=0) (actual time=1310.265..2675.722 rows=55383 loops=1)
  Hash Cond: (mk.movie_id = t.id)
  ->  Seq Scan on movie_keyword mk  (cost=0.00..69693.30 rows=4523930 width=4) (actual time=0.020..694.694 rows=4523930 loops=1)
  ->  Hash  (cost=73925.90..73925.90 rows=56217 width=4) (actual time=1309.885..1309.885 rows=64637 loops=1)
        Buckets: 65536  Batches: 1  Memory Usage: 2785kB
        ->  Seq Scan on title t  (cost=0.00..73925.90 rows=56217 width=4) (actual time=0.030..1283.184 rows=64637 loops=1)
              Filter: ((kind_id > 3) AND (production_year = 2004))
              Rows Removed by Filter: 2463675
Planning time: 0.671 ms
Execution time: 2681.534 ms
