Hash Join  (cost=28268.71..89543.74 rows=30 width=0) (actual time=950.071..1629.868 rows=305 loops=1)
  Hash Cond: (mc.movie_id = t.id)
  ->  Seq Scan on movie_companies mc  (cost=0.00..57926.93 rows=892746 width=4) (actual time=281.749..1118.593 rows=572387 loops=1)
        Filter: ((company_id < 24011) AND (company_type_id = 2))
        Rows Removed by Filter: 2036742
  ->  Hash  (cost=28267.64..28267.64 rows=86 width=8) (actual time=432.096..432.096 rows=254 loops=1)
        Buckets: 1024  Batches: 1  Memory Usage: 18kB
        ->  Nested Loop  (cost=0.43..28267.64 rows=86 width=8) (actual time=345.793..431.976 rows=254 loops=1)
              ->  Seq Scan on movie_info_idx mi_idx  (cost=0.00..25185.44 rows=368 width=4) (actual time=345.754..425.477 rows=260 loops=1)
                    Filter: (info_type_id > 101)
                    Rows Removed by Filter: 1379775
              ->  Index Scan using title_pkey on title t  (cost=0.43..8.37 rows=1 width=4) (actual time=0.024..0.024 rows=1 loops=260)
                    Index Cond: (id = mi_idx.movie_id)
                    Filter: ((production_year < 2012) AND (kind_id = 1))
                    Rows Removed by Filter: 0
Planning time: 1.250 ms
Execution time: 1630.117 ms
