Hash Join  (cost=68237.77..156733.34 rows=37997 width=0) (actual time=1037.749..2827.689 rows=39836 loops=1)
  Hash Cond: (mk.movie_id = t.id)
  ->  Seq Scan on movie_keyword mk  (cost=0.00..81003.12 rows=1896660 width=4) (actual time=0.025..1430.892 rows=1906383 loops=1)
        Filter: (keyword_id > 7084)
        Rows Removed by Filter: 2617547
  ->  Hash  (cost=67604.59..67604.59 rows=50655 width=4) (actual time=1037.061..1037.061 rows=50564 loops=1)
        Buckets: 65536  Batches: 1  Memory Usage: 2290kB
        ->  Seq Scan on title t  (cost=0.00..67604.59 rows=50655 width=4) (actual time=0.024..1014.138 rows=50564 loops=1)
              Filter: (production_year = 1999)
              Rows Removed by Filter: 2477748
Planning time: 0.727 ms
Execution time: 2833.519 ms
