Hash Join  (cost=327620.45..1939200.17 rows=47428053 width=0) (actual time=7516.222..76404.553 rows=162546563 loops=1)
  Hash Cond: (ci.movie_id = t.id)
  ->  Seq Scan on cast_info ci  (cost=0.00..614943.12 rows=36225612 width=4) (actual time=0.022..14031.763 rows=36244344 loops=1)
  ->  Hash  (cost=273307.81..273307.81 rows=3310451 width=8) (actual time=7514.169..7514.169 rows=3302650 loops=1)
        Buckets: 131072  Batches: 64  Memory Usage: 3061kB
        ->  Hash Join  (cost=102767.86..273307.81 rows=3310451 width=8) (actual time=1994.120..6553.738 rows=3302650 loops=1)
              Hash Cond: (mk.movie_id = t.id)
              ->  Seq Scan on movie_keyword mk  (cost=0.00..81003.12 rows=3310451 width=4) (actual time=0.011..1692.399 rows=3302650 loops=1)
                    Filter: (keyword_id > 1535)
                    Rows Removed by Filter: 1221280
              ->  Hash  (cost=61283.27..61283.27 rows=2528527 width=4) (actual time=1991.980..1991.980 rows=2528312 loops=1)
                    Buckets: 131072  Batches: 64  Memory Usage: 2425kB
                    ->  Seq Scan on title t  (cost=0.00..61283.27 rows=2528527 width=4) (actual time=0.017..1114.525 rows=2528312 loops=1)
Planning time: 2.478 ms
Execution time: 93013.021 ms
