Hash Join  (cost=80372.21..113192.60 rows=72245 width=0) (actual time=1331.502..1880.742 rows=33656 loops=1)
  Hash Cond: (mi_idx.movie_id = t.id)
  ->  Seq Scan on movie_info_idx mi_idx  (cost=0.00..25185.44 rows=464934 width=4) (actual time=0.027..497.808 rows=460185 loops=1)
        Filter: (info_type_id > 100)
        Rows Removed by Filter: 919850
  ->  Hash  (cost=73925.90..73925.90 rows=392904 width=4) (actual time=1130.290..1130.290 rows=277350 loops=1)
        Buckets: 131072  Batches: 8  Memory Usage: 2231kB
        ->  Seq Scan on title t  (cost=0.00..73925.90 rows=392904 width=4) (actual time=0.020..1037.869 rows=277350 loops=1)
              Filter: ((production_year < 1988) AND (kind_id = 7))
              Rows Removed by Filter: 2250962
Planning time: 1.205 ms
Execution time: 1885.127 ms
