Hash Join  (cost=83074.74..803578.66 rows=389 width=0) (actual time=4161.230..14529.375 rows=522 loops=1)
  Hash Cond: (ci.movie_id = t.id)
  ->  Seq Scan on cast_info ci  (cost=0.00..705507.15 rows=3998100 width=4) (actual time=3258.359..13057.079 rows=4008037 loops=1)
        Filter: (role_id = 3)
        Rows Removed by Filter: 32236307
  ->  Hash  (cost=83071.67..83071.67 rows=246 width=8) (actual time=895.959..895.959 rows=168 loops=1)
        Buckets: 1024  Batches: 1  Memory Usage: 15kB
        ->  Nested Loop  (cost=0.43..83071.67 rows=246 width=8) (actual time=0.700..895.804 rows=168 loops=1)
              ->  Seq Scan on movie_keyword mk  (cost=0.00..81003.12 rows=246 width=4) (actual time=0.576..885.094 rows=168 loops=1)
                    Filter: (keyword_id = 26613)
                    Rows Removed by Filter: 4523762
              ->  Index Only Scan using title_pkey on title t  (cost=0.43..8.40 rows=1 width=4) (actual time=0.061..0.062 rows=1 loops=168)
                    Index Cond: (id = mk.movie_id)
                    Heap Fetches: 168
Planning time: 1.166 ms
Execution time: 14529.710 ms
