Hash Join  (cost=128753.29..493681.79 rows=27257 width=0) (actual time=2461.088..9071.941 rows=56933 loops=1)
  Hash Cond: (mi.movie_id = t.id)
  ->  Seq Scan on movie_info mi  (cost=0.00..309384.22 rows=14739122 width=4) (actual time=0.030..3829.287 rows=14835720 loops=1)
  ->  Hash  (cost=128694.84..128694.84 rows=4676 width=8) (actual time=2371.346..2371.346 rows=6318 loops=1)
        Buckets: 8192  Batches: 1  Memory Usage: 311kB
        ->  Hash Join  (cost=73982.55..128694.84 rows=4676 width=8) (actual time=1343.763..2368.814 rows=6318 loops=1)
              Hash Cond: (mc.movie_id = t.id)
              ->  Seq Scan on movie_companies mc  (cost=0.00..44881.29 rows=2609129 width=4) (actual time=0.020..649.932 rows=2609129 loops=1)
              ->  Hash  (cost=73925.90..73925.90 rows=4532 width=4) (actual time=1180.596..1180.596 rows=7796 loops=1)
                    Buckets: 8192  Batches: 1  Memory Usage: 339kB
                    ->  Seq Scan on title t  (cost=0.00..73925.90 rows=4532 width=4) (actual time=28.486..1176.623 rows=7796 loops=1)
                          Filter: ((kind_id = 7) AND (production_year = 1976))
                          Rows Removed by Filter: 2520516
Planning time: 1.115 ms
Execution time: 9079.651 ms
