Seq Scan on cast_info ci  (cost=0.00..705507.15 rows=6978626 width=0) (actual time=0.018..10706.349 rows=6912622 loops=1)
  Filter: (person_id < 668288)
  Rows Removed by Filter: 29331722
Planning time: 0.363 ms
Execution time: 11584.550 ms
