Hash Join  (cost=82423.69..1208553.99 rows=7706766 width=0) (actual time=2083.300..33095.258 rows=8477835 loops=1)
  Hash Cond: (ci.movie_id = t.id)
  ->  Seq Scan on cast_info ci  (cost=0.00..796071.18 rows=21575058 width=4) (actual time=508.139..18613.673 rows=20539010 loops=1)
        Filter: ((person_id < 3500112) AND (role_id > 1))
        Rows Removed by Filter: 15705334
  ->  Hash  (cost=67604.59..67604.59 rows=903208 width=4) (actual time=1574.152..1574.152 rows=904491 loops=1)
        Buckets: 131072  Batches: 16  Memory Usage: 3010kB
        ->  Seq Scan on title t  (cost=0.00..67604.59 rows=903208 width=4) (actual time=0.025..1274.608 rows=904491 loops=1)
              Filter: (production_year > 2006)
              Rows Removed by Filter: 1623821
Planning time: 0.746 ms
Execution time: 34062.531 ms
