Hash Join  (cost=208688.07..355038.31 rows=1998421 width=0) (actual time=4821.748..10106.721 rows=7336250 loops=1)
  Hash Cond: (mk.movie_id = t.id)
  ->  Seq Scan on movie_keyword mk  (cost=0.00..69693.30 rows=4523930 width=4) (actual time=1.265..1415.515 rows=4523930 loops=1)
  ->  Hash  (cost=190362.03..190362.03 rows=1116963 width=8) (actual time=4818.917..4818.917 rows=1019389 loops=1)
        Buckets: 131072  Batches: 16  Memory Usage: 3531kB
        ->  Hash Join  (cost=102454.22..190362.03 rows=1116963 width=8) (actual time=2341.590..4477.832 rows=1019389 loops=1)
              Hash Cond: (mc.movie_id = t.id)
              ->  Seq Scan on movie_companies mc  (cost=0.00..51404.11 rows=1329612 width=4) (actual time=296.355..1013.466 rows=1334883 loops=1)
                    Filter: (company_type_id = 2)
                    Rows Removed by Filter: 1274246
              ->  Hash  (cost=67604.59..67604.59 rows=2124131 width=4) (actual time=2044.358..2044.358 rows=2118372 loops=1)
                    Buckets: 131072  Batches: 32  Memory Usage: 3356kB
                    ->  Seq Scan on title t  (cost=0.00..67604.59 rows=2124131 width=4) (actual time=0.029..1354.009 rows=2118372 loops=1)
                          Filter: (production_year > 1967)
                          Rows Removed by Filter: 409940
Planning time: 1.168 ms
Execution time: 10976.957 ms
