Hash Join  (cost=869597.78..1227476.05 rows=14052 width=0) (actual time=17401.728..21697.255 rows=341871 loops=1)
  Hash Cond: (mi.movie_id = t.id)
  ->  Seq Scan on movie_info mi  (cost=0.00..346232.03 rows=3068194 width=4) (actual time=2414.160..5276.909 rows=3036719 loops=1)
        Filter: (info_type_id = 16)
        Rows Removed by Filter: 11799001
  ->  Hash  (cost=869453.03..869453.03 rows=11580 width=8) (actual time=14987.159..14987.159 rows=167962 loops=1)
        Buckets: 131072 (originally 16384)  Batches: 4 (originally 1)  Memory Usage: 3073kB
        ->  Nested Loop  (cost=0.43..869453.03 rows=11580 width=8) (actual time=7420.111..14892.171 rows=167962 loops=1)
              ->  Seq Scan on cast_info ci  (cost=0.00..796071.18 rows=11580 width=4) (actual time=7419.988..11113.065 rows=167962 loops=1)
                    Filter: ((person_id > 3824932) AND (role_id > 10))
                    Rows Removed by Filter: 36076382
              ->  Index Only Scan using title_pkey on title t  (cost=0.43..6.33 rows=1 width=4) (actual time=0.022..0.022 rows=1 loops=167962)
                    Index Cond: (id = ci.movie_id)
                    Heap Fetches: 167962
Planning time: 1.233 ms
Execution time: 21742.977 ms
