Hash Join  (cost=114161.01..169265.76 rows=43923 width=0) (actual time=2122.423..3348.867 rows=43878 loops=1)
  Hash Cond: (mc.movie_id = t.id)
  ->  Seq Scan on movie_companies mc  (cost=0.00..44881.29 rows=2609129 width=4) (actual time=0.013..595.505 rows=2609129 loops=1)
  ->  Hash  (cost=113628.93..113628.93 rows=42566 width=8) (actual time=2121.648..2121.648 rows=19695 loops=1)
        Buckets: 65536  Batches: 1  Memory Usage: 1282kB
        ->  Hash Join  (cost=75205.79..113628.93 rows=42566 width=8) (actual time=1253.410..2109.517 rows=19695 loops=1)
              Hash Cond: (mi_idx.movie_id = t.id)
              ->  Seq Scan on movie_info_idx mi_idx  (cost=0.00..21735.35 rows=1380035 width=4) (actual time=0.014..400.832 rows=1380035 loops=1)
              ->  Hash  (cost=73925.90..73925.90 rows=77991 width=4) (actual time=1252.747..1252.747 rows=84556 loops=1)
                    Buckets: 131072  Batches: 2  Memory Usage: 2517kB
                    ->  Seq Scan on title t  (cost=0.00..73925.90 rows=77991 width=4) (actual time=0.020..1220.263 rows=84556 loops=1)
                          Filter: ((kind_id > 4) AND (production_year = 2008))
                          Rows Removed by Filter: 2443756
Planning time: 0.758 ms
Execution time: 3355.272 ms
