Seq Scan on cast_info ci  (cost=0.00..796071.18 rows=1696302 width=0) (actual time=675.233..11497.570 rows=1992734 loops=1)
  Filter: ((person_id < 242930) AND (role_id < 4))
  Rows Removed by Filter: 34251610
Planning time: 0.378 ms
Execution time: 11749.645 ms
