Hash Join  (cost=709679.22..806047.58 rows=787 width=0) (actual time=11980.582..13208.467 rows=41 loops=1)
  Hash Cond: (mk.movie_id = t.id)
  ->  Seq Scan on movie_keyword mk  (cost=0.00..81003.12 rows=4095295 width=4) (actual time=0.020..1635.793 rows=4081664 loops=1)
        Filter: (keyword_id > 343)
        Rows Removed by Filter: 442266
  ->  Hash  (cost=709673.15..709673.15 rows=486 width=8) (actual time=11005.924..11005.924 rows=28 loops=1)
        Buckets: 1024  Batches: 1  Memory Usage: 10kB
        ->  Nested Loop  (cost=0.43..709673.15 rows=486 width=8) (actual time=10549.528..11005.862 rows=28 loops=1)
              ->  Seq Scan on cast_info ci  (cost=0.00..705507.15 rows=500 width=4) (actual time=10549.388..11005.209 rows=28 loops=1)
                    Filter: (person_id = 1522690)
                    Rows Removed by Filter: 36244316
              ->  Index Scan using title_pkey on title t  (cost=0.43..8.32 rows=1 width=4) (actual time=0.019..0.020 rows=1 loops=28)
                    Index Cond: (id = ci.movie_id)
                    Filter: (production_year > 0)
Planning time: 1.177 ms
Execution time: 13208.613 ms
