Hash Join  (cost=513038.35..1712545.79 rows=15348193 width=0) (actual time=9482.043..48765.887 rows=25249769 loops=1)
  Hash Cond: (ci.movie_id = t.id)
  ->  Seq Scan on cast_info ci  (cost=0.00..705507.15 rows=28997961 width=4) (actual time=0.018..15807.307 rows=29069535 loops=1)
        Filter: (person_id > 693390)
        Rows Removed by Filter: 7174809
  ->  Hash  (cost=491081.45..491081.45 rows=1338312 width=8) (actual time=9480.684..9480.684 rows=1401902 loops=1)
        Buckets: 131072  Batches: 32  Memory Usage: 2687kB
        ->  Hash Join  (cost=102767.86..491081.45 rows=1338312 width=8) (actual time=5586.608..9065.752 rows=1401902 loops=1)
              Hash Cond: (mi.movie_id = t.id)
              ->  Seq Scan on movie_info mi  (cost=0.00..346232.03 rows=1338312 width=4) (actual time=3457.222..5408.594 rows=1401902 loops=1)
                    Filter: (info_type_id = 7)
                    Rows Removed by Filter: 13433818
              ->  Hash  (cost=61283.27..61283.27 rows=2528527 width=4) (actual time=2127.817..2127.817 rows=2528312 loops=1)
                    Buckets: 131072  Batches: 64  Memory Usage: 2425kB
                    ->  Seq Scan on title t  (cost=0.00..61283.27 rows=2528527 width=4) (actual time=0.026..1075.386 rows=2528312 loops=1)
Planning time: 2.047 ms
Execution time: 51777.105 ms
