Hash Join  (cost=69484.36..152599.01 rows=6268 width=0) (actual time=1055.758..2327.753 rows=8379 loops=1)
  Hash Cond: (mk.movie_id = t.id)
  ->  Seq Scan on movie_keyword mk  (cost=0.00..81003.12 rows=138358 width=4) (actual time=0.033..1203.408 rows=135589 loops=1)
        Filter: (keyword_id > 75581)
        Rows Removed by Filter: 4388341
  ->  Hash  (cost=67604.59..67604.59 rows=114542 width=4) (actual time=1054.578..1054.578 rows=118234 loops=1)
        Buckets: 131072  Batches: 2  Memory Usage: 3107kB
        ->  Seq Scan on title t  (cost=0.00..67604.59 rows=114542 width=4) (actual time=307.042..1013.987 rows=118234 loops=1)
              Filter: (kind_id = 4)
              Rows Removed by Filter: 2410078
Planning time: 0.747 ms
Execution time: 2329.198 ms
