Hash Join  (cost=102767.86..208078.35 rows=1829685 width=0) (actual time=2075.590..5259.481 rows=1823426 loops=1)
  Hash Cond: (mc.movie_id = t.id)
  ->  Seq Scan on movie_companies mc  (cost=0.00..51404.11 rows=1829685 width=4) (actual time=0.017..1143.893 rows=1823426 loops=1)
        Filter: (company_id < 32043)
        Rows Removed by Filter: 785703
  ->  Hash  (cost=61283.27..61283.27 rows=2528527 width=4) (actual time=2073.958..2073.958 rows=2528312 loops=1)
        Buckets: 131072  Batches: 64  Memory Usage: 2415kB
        ->  Seq Scan on title t  (cost=0.00..61283.27 rows=2528527 width=4) (actual time=0.017..1211.780 rows=2528312 loops=1)
Planning time: 0.734 ms
Execution time: 5461.796 ms
