Seq Scan on movie_companies mc  (cost=0.00..57926.93 rows=685629 width=0) (actual time=0.019..1026.844 rows=939319 loops=1)
  Filter: ((company_id < 12008) AND (company_type_id = 1))
  Rows Removed by Filter: 1669810
Planning time: 0.425 ms
Execution time: 1143.475 ms
