Hash Join  (cost=74016.92..167032.07 rows=9153 width=0) (actual time=953.154..2992.461 rows=7898 loops=1)
  Hash Cond: (mk.movie_id = t.id)
  ->  Seq Scan on movie_keyword mk  (cost=0.00..81003.12 rows=3178800 width=4) (actual time=0.016..1537.911 rows=3168424 loops=1)
        Filter: (keyword_id < 12423)
        Rows Removed by Filter: 1355506
  ->  Hash  (cost=73925.90..73925.90 rows=7281 width=4) (actual time=952.195..952.195 rows=7012 loops=1)
        Buckets: 8192  Batches: 1  Memory Usage: 311kB
        ->  Seq Scan on title t  (cost=0.00..73925.90 rows=7281 width=4) (actual time=0.164..949.060 rows=7012 loops=1)
              Filter: ((kind_id = 4) AND (production_year = 2011))
              Rows Removed by Filter: 2521300
Planning time: 0.736 ms
Execution time: 2993.826 ms
