Hash Join  (cost=1010196.87..1190264.78 rows=3691796 width=0) (actual time=22968.898..36847.057 rows=39811771 loops=1)
  Hash Cond: (mk.movie_id = t.id)
  ->  Seq Scan on movie_keyword mk  (cost=0.00..81003.12 rows=3722692 width=4) (actual time=0.020..1793.523 rows=3716606 loops=1)
        Filter: (keyword_id < 22936)
        Rows Removed by Filter: 807324
  ->  Hash  (cost=969056.59..969056.59 rows=2507542 width=8) (actual time=22966.902..22966.902 rows=6580989 loops=1)
        Buckets: 131072 (originally 131072)  Batches: 128 (originally 64)  Memory Usage: 3073kB
        ->  Hash Join  (cost=102767.86..969056.59 rows=2507542 width=8) (actual time=8869.333..21096.764 rows=6580989 loops=1)
              Hash Cond: (ci.movie_id = t.id)
              ->  Seq Scan on cast_info ci  (cost=0.00..796071.18 rows=2507542 width=4) (actual time=7012.217..13083.764 rows=6580989 loops=1)
                    Filter: ((person_id > 2922214) AND (role_id > 3))
                    Rows Removed by Filter: 29663355
              ->  Hash  (cost=61283.27..61283.27 rows=2528527 width=4) (actual time=1854.983..1854.983 rows=2528312 loops=1)
                    Buckets: 131072  Batches: 64  Memory Usage: 2415kB
                    ->  Seq Scan on title t  (cost=0.00..61283.27 rows=2528527 width=4) (actual time=0.015..1002.760 rows=2528312 loops=1)
Planning time: 1.137 ms
Execution time: 41417.352 ms
