Hash Join  (cost=102583.48..853474.37 rows=10178 width=0) (actual time=1677.990..18376.682 rows=130710 loops=1)
  Hash Cond: (ci.movie_id = t.id)
  ->  Seq Scan on cast_info ci  (cost=0.00..614943.12 rows=36225612 width=4) (actual time=0.011..9235.884 rows=36244344 loops=1)
  ->  Hash  (cost=102574.61..102574.61 rows=710 width=8) (actual time=1677.887..1677.887 rows=4294 loops=1)
        Buckets: 8192 (originally 1024)  Batches: 1 (originally 1)  Memory Usage: 232kB
        ->  Hash Join  (cost=73950.44..102574.61 rows=710 width=8) (actual time=1063.020..1676.067 rows=4294 loops=1)
              Hash Cond: (mi_idx.movie_id = t.id)
              ->  Seq Scan on movie_info_idx mi_idx  (cost=0.00..25185.44 rows=915101 width=4) (actual time=0.021..504.154 rows=919850 loops=1)
                    Filter: (info_type_id < 101)
                    Rows Removed by Filter: 460185
              ->  Hash  (cost=73925.90..73925.90 rows=1963 width=4) (actual time=1019.713..1019.713 rows=4643 loops=1)
                    Buckets: 8192 (originally 2048)  Batches: 1 (originally 1)  Memory Usage: 228kB
                    ->  Seq Scan on title t  (cost=0.00..73925.90 rows=1963 width=4) (actual time=0.014..1017.524 rows=4643 loops=1)
                          Filter: ((kind_id = 1) AND (production_year = 1986))
                          Rows Removed by Filter: 2523669
Planning time: 1.073 ms
Execution time: 18400.081 ms
