Seq Scan on movie_keyword mk  (cost=0.00..81003.12 rows=3251729 width=0) (actual time=0.025..1590.413 rows=3243844 loops=1)
  Filter: (keyword_id > 1655)
  Rows Removed by Filter: 1280086
Planning time: 0.348 ms
Execution time: 1998.045 ms
