Hash Join  (cost=81530.55..176019.28 rows=228784 width=0) (actual time=1371.582..3928.322 rows=309378 loops=1)
  Hash Cond: (mk.movie_id = t.id)
  ->  Seq Scan on movie_keyword mk  (cost=0.00..81003.12 rows=681537 width=4) (actual time=0.026..1322.460 rows=679742 loops=1)
        Filter: (keyword_id < 557)
        Rows Removed by Filter: 3844188
  ->  Hash  (cost=67604.59..67604.59 rows=848797 width=4) (actual time=1370.600..1370.600 rows=849141 loops=1)
        Buckets: 131072  Batches: 16  Memory Usage: 2899kB
        ->  Seq Scan on title t  (cost=0.00..67604.59 rows=848797 width=4) (actual time=0.023..1100.827 rows=849141 loops=1)
              Filter: (production_year < 1996)
              Rows Removed by Filter: 1679171
Planning time: 0.753 ms
Execution time: 3963.004 ms
