Hash Join  (cost=99841.01..720279.64 rows=11453280 width=0) (actual time=2132.777..19670.633 rows=10481108 loops=1)
  Hash Cond: (mi.movie_id = t.id)
  ->  Seq Scan on movie_info mi  (cost=0.00..309384.22 rows=14739122 width=4) (actual time=0.019..6267.466 rows=14835720 loops=1)
  ->  Hash  (cost=67604.59..67604.59 rows=1964834 width=4) (actual time=2131.540..2131.540 rows=1962189 loops=1)
        Buckets: 131072  Batches: 32  Memory Usage: 3196kB
        ->  Seq Scan on title t  (cost=0.00..67604.59 rows=1964834 width=4) (actual time=0.022..1455.089 rows=1962189 loops=1)
              Filter: (production_year > 1978)
              Rows Removed by Filter: 566123
Planning time: 0.743 ms
Execution time: 20941.962 ms
