Seq Scan on movie_keyword mk  (cost=0.00..81003.12 rows=246 width=0) (actual time=4.658..1291.890 rows=259 loops=1)
  Filter: (keyword_id = 10706)
  Rows Removed by Filter: 4523671
Planning time: 0.411 ms
Execution time: 1292.125 ms
