Seq Scan on movie_keyword mk  (cost=0.00..81003.12 rows=246 width=0) (actual time=19.975..1327.441 rows=27 loops=1)
  Filter: (keyword_id = 34663)
  Rows Removed by Filter: 4523903
Planning time: 0.269 ms
Execution time: 1327.549 ms
