Hash Join  (cost=78556.72..905795.00 rows=530855 width=0) (actual time=8842.856..16827.738 rows=787606 loops=1)
  Hash Cond: (ci.movie_id = t.id)
  ->  Seq Scan on cast_info ci  (cost=0.00..796071.18 rows=2010813 width=4) (actual time=7431.030..13494.601 rows=3576996 loops=1)
        Filter: ((person_id > 1926619) AND (role_id = 10))
        Rows Removed by Filter: 32667348
  ->  Hash  (cost=67604.59..67604.59 rows=667531 width=4) (actual time=1276.566..1276.566 rows=662825 loops=1)
        Buckets: 131072  Batches: 16  Memory Usage: 2476kB
        ->  Seq Scan on title t  (cost=0.00..67604.59 rows=667531 width=4) (actual time=75.103..1066.799 rows=662825 loops=1)
              Filter: (kind_id = 1)
              Rows Removed by Filter: 1865487
Planning time: 0.825 ms
Execution time: 16920.469 ms
