Seq Scan on cast_info ci  (cost=0.00..796071.18 rows=1359594 width=0) (actual time=12083.943..13756.212 rows=1231191 loops=1)
  Filter: ((person_id < 1769945) AND (role_id = 4))
  Rows Removed by Filter: 35013153
Planning time: 0.267 ms
Execution time: 13906.161 ms
