Hash Join  (cost=120901.38..976172.81 rows=801526 width=0) (actual time=3140.809..22621.006 rows=1650920 loops=1)
  Hash Cond: (ci.movie_id = t.id)
  ->  Seq Scan on cast_info ci  (cost=0.00..705507.15 rows=12203201 width=4) (actual time=0.027..14111.434 rows=12113646 loops=1)
        Filter: (role_id > 3)
        Rows Removed by Filter: 24130698
  ->  Hash  (cost=118176.41..118176.41 rows=166078 width=8) (actual time=3140.009..3140.009 rows=123085 loops=1)
        Buckets: 131072  Batches: 4  Memory Usage: 2218kB
        ->  Hash Join  (cost=82423.69..118176.41 rows=166078 width=8) (actual time=2193.986..3103.996 rows=123085 loops=1)
              Hash Cond: (mi_idx.movie_id = t.id)
              ->  Seq Scan on movie_info_idx mi_idx  (cost=0.00..25185.44 rows=464934 width=4) (actual time=0.016..498.096 rows=460185 loops=1)
                    Filter: (info_type_id > 100)
                    Rows Removed by Filter: 919850
              ->  Hash  (cost=67604.59..67604.59 rows=903208 width=4) (actual time=2192.901..2192.901 rows=904491 loops=1)
                    Buckets: 131072  Batches: 16  Memory Usage: 3010kB
                    ->  Seq Scan on title t  (cost=0.00..67604.59 rows=903208 width=4) (actual time=0.022..1192.847 rows=904491 loops=1)
                          Filter: (production_year > 2006)
                          Rows Removed by Filter: 1623821
Planning time: 1.208 ms
Execution time: 22822.351 ms
