Seq Scan on movie_companies mc  (cost=0.00..51404.11 rows=2021047 width=0) (actual time=0.019..978.467 rows=2025160 loops=1)
  Filter: (company_id > 661)
  Rows Removed by Filter: 583969
Planning time: 0.340 ms
Execution time: 1229.164 ms
