Seq Scan on cast_info ci  (cost=0.00..705507.15 rows=500 width=0) (actual time=2927.858..11138.038 rows=1176 loops=1)
  Filter: (person_id = 777652)
  Rows Removed by Filter: 36243168
Planning time: 0.297 ms
Execution time: 11138.262 ms
