Seq Scan on movie_keyword mk  (cost=0.00..81003.12 rows=246 width=0) (actual time=37.479..1382.764 rows=79 loops=1)
  Filter: (keyword_id = 15530)
  Rows Removed by Filter: 4523851
Planning time: 0.752 ms
Execution time: 1382.911 ms
