Hash Join  (cost=124443.62..214428.01 rows=55783 width=0) (actual time=2630.452..4620.000 rows=586864 loops=1)
  Hash Cond: (mk.movie_id = t.id)
  ->  Seq Scan on movie_keyword mk  (cost=0.00..81003.12 rows=2246249 width=4) (actual time=0.015..1467.962 rows=2245871 loops=1)
        Filter: (keyword_id < 4629)
        Rows Removed by Filter: 2278059
  ->  Hash  (cost=123658.70..123658.70 rows=62793 width=8) (actual time=2630.015..2630.015 rows=58957 loops=1)
        Buckets: 65536  Batches: 1  Memory Usage: 2816kB
        ->  Hash Join  (cost=68365.25..123658.70 rows=62793 width=8) (actual time=1212.860..2608.735 rows=58957 loops=1)
              Hash Cond: (mc.movie_id = t.id)
              ->  Seq Scan on movie_companies mc  (cost=0.00..44881.29 rows=2609129 width=4) (actual time=0.024..648.525 rows=2609129 loops=1)
              ->  Hash  (cost=67604.59..67604.59 rows=60853 width=4) (actual time=1212.476..1212.476 rows=62568 loops=1)
                    Buckets: 65536  Batches: 1  Memory Usage: 2712kB
                    ->  Seq Scan on title t  (cost=0.00..67604.59 rows=60853 width=4) (actual time=0.024..1186.167 rows=62568 loops=1)
                          Filter: (production_year = 2002)
                          Rows Removed by Filter: 2465744
Planning time: 2.627 ms
Execution time: 4691.719 ms
