Seq Scan on movie_keyword mk  (cost=0.00..81003.12 rows=4374334 width=0) (actual time=0.022..1587.848 rows=4375406 loops=1)
  Filter: (keyword_id < 74042)
  Rows Removed by Filter: 148524
Planning time: 0.329 ms
Execution time: 2127.265 ms
