Hash Join  (cost=535285.28..1811092.60 rows=19150009 width=0) (actual time=10834.449..44129.072 rows=13673134 loops=1)
  Hash Cond: (ci.movie_id = t.id)
  ->  Seq Scan on cast_info ci  (cost=0.00..614943.12 rows=36225612 width=4) (actual time=0.013..13349.750 rows=36244344 loops=1)
  ->  Hash  (cost=513355.03..513355.03 rows=1336660 width=8) (actual time=10833.197..10833.197 rows=818702 loops=1)
        Buckets: 131072  Batches: 32  Memory Usage: 1996kB
        ->  Hash Join  (cost=83328.83..513355.03 rows=1336660 width=8) (actual time=1501.826..10579.075 rows=818702 loops=1)
              Hash Cond: (mi.movie_id = t.id)
              ->  Seq Scan on movie_info mi  (cost=0.00..346232.03 rows=5897221 width=4) (actual time=0.023..6037.744 rows=5884963 loops=1)
                    Filter: (info_type_id < 7)
                    Rows Removed by Filter: 8950757
              ->  Hash  (cost=73925.90..73925.90 rows=573114 width=4) (actual time=1500.309..1500.309 rows=446387 loops=1)
                    Buckets: 131072  Batches: 8  Memory Usage: 2983kB
                    ->  Seq Scan on title t  (cost=0.00..73925.90 rows=573114 width=4) (actual time=0.021..1343.960 rows=446387 loops=1)
                          Filter: ((kind_id > 1) AND (production_year < 1994))
                          Rows Removed by Filter: 2081925
Planning time: 10.755 ms
Execution time: 45684.536 ms
