Hash Join  (cost=102767.86..300813.38 rows=4453563 width=0) (actual time=2093.791..7339.294 rows=4449218 loops=1)
  Hash Cond: (mk.movie_id = t.id)
  ->  Seq Scan on movie_keyword mk  (cost=0.00..81003.12 rows=4453563 width=4) (actual time=0.014..1876.284 rows=4449218 loops=1)
        Filter: (keyword_id > 66)
        Rows Removed by Filter: 74712
  ->  Hash  (cost=61283.27..61283.27 rows=2528527 width=4) (actual time=2091.445..2091.445 rows=2528312 loops=1)
        Buckets: 131072  Batches: 64  Memory Usage: 2425kB
        ->  Seq Scan on title t  (cost=0.00..61283.27 rows=2528527 width=4) (actual time=0.023..1206.175 rows=2528312 loops=1)
Planning time: 0.689 ms
Execution time: 7811.883 ms
