Hash Join  (cost=178826.41..663949.71 rows=498340 width=0) (actual time=3454.627..14033.358 rows=60589 loops=1)
  Hash Cond: (mi.movie_id = t.id)
  ->  Seq Scan on movie_info mi  (cost=0.00..309384.22 rows=14739122 width=4) (actual time=0.012..6030.041 rows=14835720 loops=1)
  ->  Hash  (cost=177423.77..177423.77 rows=85491 width=8) (actual time=3451.744..3451.744 rows=5817 loops=1)
        Buckets: 131072  Batches: 2  Memory Usage: 1144kB
        ->  Hash Join  (cost=89240.26..177423.77 rows=85491 width=8) (actual time=3055.269..3449.668 rows=5817 loops=1)
              Hash Cond: (mk.movie_id = t.id)
              ->  Seq Scan on movie_keyword mk  (cost=0.00..81003.12 rows=231594 width=4) (actual time=0.030..1258.234 rows=232108 loops=1)
                    Filter: (keyword_id > 63010)
                    Rows Removed by Filter: 4291822
              ->  Hash  (cost=73925.90..73925.90 rows=933388 width=4) (actual time=1680.825..1680.825 rows=1024206 loops=1)
                    Buckets: 131072  Batches: 16  Memory Usage: 3291kB
                    ->  Seq Scan on title t  (cost=0.00..73925.90 rows=933388 width=4) (actual time=0.006..1356.054 rows=1024206 loops=1)
                          Filter: ((production_year > 1997) AND (kind_id = 7))
                          Rows Removed by Filter: 1504106
Planning time: 1.139 ms
Execution time: 14041.214 ms
