Seq Scan on movie_companies mc  (cost=0.00..57926.93 rows=331396 width=0) (actual time=289.255..917.106 rows=478469 loops=1)
  Filter: ((company_id < 1043) AND (company_type_id < 2))
  Rows Removed by Filter: 2130660
Planning time: 0.368 ms
Execution time: 983.956 ms
