Hash Join  (cost=84571.72..604735.85 rows=3782321 width=0) (actual time=1551.865..18252.693 rows=8274318 loops=1)
  Hash Cond: (mi.movie_id = t.id)
  ->  Seq Scan on movie_info mi  (cost=0.00..309384.22 rows=14739122 width=4) (actual time=0.022..6452.418 rows=14835720 loops=1)
  ->  Hash  (cost=73925.90..73925.90 rows=648865 width=4) (actual time=1550.975..1550.975 rows=656311 loops=1)
        Buckets: 131072  Batches: 16  Memory Usage: 2471kB
        ->  Seq Scan on title t  (cost=0.00..73925.90 rows=648865 width=4) (actual time=111.017..1346.218 rows=656311 loops=1)
              Filter: ((production_year > 0) AND (kind_id = 1))
              Rows Removed by Filter: 1872001
Planning time: 0.822 ms
Execution time: 19245.674 ms
