Hash Join  (cost=137516.40..258081.54 rows=339492 width=0) (actual time=2802.492..5757.198 rows=233423 loops=1)
  Hash Cond: (mk.movie_id = t.id)
  ->  Seq Scan on movie_keyword mk  (cost=0.00..81003.12 rows=3032292 width=4) (actual time=0.020..1794.852 rows=3014517 loops=1)
        Filter: (keyword_id < 10734)
        Rows Removed by Filter: 1509413
  ->  Hash  (cost=132871.77..132871.77 rows=283091 width=8) (actual time=2801.736..2801.736 rows=141906 loops=1)
        Buckets: 131072  Batches: 4  Memory Usage: 2413kB
        ->  Hash Join  (cost=92883.59..132871.77 rows=283091 width=8) (actual time=1781.517..2754.274 rows=141906 loops=1)
              Hash Cond: (mi_idx.movie_id = t.id)
              ->  Seq Scan on movie_info_idx mi_idx  (cost=0.00..25185.44 rows=464566 width=4) (actual time=0.025..453.267 rows=459925 loops=1)
                    Filter: (info_type_id = 101)
                    Rows Removed by Filter: 920110
              ->  Hash  (cost=67604.59..67604.59 rows=1540800 width=4) (actual time=1780.483..1780.483 rows=1543264 loops=1)
                    Buckets: 131072  Batches: 32  Memory Usage: 2722kB
                    ->  Seq Scan on title t  (cost=0.00..67604.59 rows=1540800 width=4) (actual time=0.012..1276.450 rows=1543264 loops=1)
                          Filter: (kind_id = 7)
                          Rows Removed by Filter: 985048
Planning time: 1.202 ms
Execution time: 5785.681 ms
