Hash Join  (cost=135637.84..222556.33 rows=26045 width=0) (actual time=2371.251..4186.831 rows=6402 loops=1)
  Hash Cond: (mk.movie_id = t.id)
  ->  Seq Scan on movie_keyword mk  (cost=0.00..69693.30 rows=4523930 width=4) (actual time=0.022..994.706 rows=4523930 loops=1)
  ->  Hash  (cost=135455.88..135455.88 rows=14557 width=8) (actual time=2371.078..2371.078 rows=6014 loops=1)
        Buckets: 16384  Batches: 1  Memory Usage: 363kB
        ->  Hash Join  (cost=74530.73..135455.88 rows=14557 width=8) (actual time=1276.296..2368.241 rows=6014 loops=1)
              Hash Cond: (mc.movie_id = t.id)
              ->  Seq Scan on movie_companies mc  (cost=0.00..57926.93 rows=760704 width=4) (actual time=0.011..945.698 rows=473765 loops=1)
                    Filter: ((company_id < 13580) AND (company_type_id = 2))
                    Rows Removed by Filter: 2135364
              ->  Hash  (cost=73925.90..73925.90 rows=48386 width=4) (actual time=1275.804..1275.804 rows=45023 loops=1)
                    Buckets: 65536  Batches: 1  Memory Usage: 2095kB
                    ->  Seq Scan on title t  (cost=0.00..73925.90 rows=48386 width=4) (actual time=0.055..1256.718 rows=45023 loops=1)
                          Filter: ((kind_id > 1) AND (production_year = 2013))
                          Rows Removed by Filter: 2483289
Planning time: 1.148 ms
Execution time: 4188.063 ms
