Hash Join  (cost=156649.15..217931.37 rows=110584 width=0) (actual time=3787.174..4768.650 rows=280040 loops=1)
  Hash Cond: (mc.movie_id = t.id)
  ->  Seq Scan on movie_companies mc  (cost=0.00..51404.11 rows=601405 width=4) (actual time=401.145..918.210 rows=606545 loops=1)
        Filter: (company_id > 65735)
        Rows Removed by Filter: 2002584
  ->  Hash  (cost=149020.47..149020.47 rows=464934 width=8) (actual time=3385.000..3385.000 rows=460185 loops=1)
        Buckets: 131072  Batches: 8  Memory Usage: 3276kB
        ->  Hash Join  (cost=102767.86..149020.47 rows=464934 width=8) (actual time=1895.184..3243.615 rows=460185 loops=1)
              Hash Cond: (mi_idx.movie_id = t.id)
              ->  Seq Scan on movie_info_idx mi_idx  (cost=0.00..25185.44 rows=464934 width=4) (actual time=0.022..515.091 rows=460185 loops=1)
                    Filter: (info_type_id > 100)
                    Rows Removed by Filter: 919850
              ->  Hash  (cost=61283.27..61283.27 rows=2528527 width=4) (actual time=1893.338..1893.338 rows=2528312 loops=1)
                    Buckets: 131072  Batches: 64  Memory Usage: 2415kB
                    ->  Seq Scan on title t  (cost=0.00..61283.27 rows=2528527 width=4) (actual time=0.024..1046.281 rows=2528312 loops=1)
Planning time: 5.962 ms
Execution time: 4805.818 ms
