Hash Join  (cost=102767.86..301508.47 rows=4482430 width=0) (actual time=2134.659..7721.846 rows=4485181 loops=1)
  Hash Cond: (mk.movie_id = t.id)
  ->  Seq Scan on movie_keyword mk  (cost=0.00..81003.12 rows=4482430 width=4) (actual time=0.013..1925.704 rows=4485181 loops=1)
        Filter: (keyword_id > 43)
        Rows Removed by Filter: 38749
  ->  Hash  (cost=61283.27..61283.27 rows=2528527 width=4) (actual time=2133.587..2133.587 rows=2528312 loops=1)
        Buckets: 131072  Batches: 64  Memory Usage: 2425kB
        ->  Seq Scan on title t  (cost=0.00..61283.27 rows=2528527 width=4) (actual time=0.010..1063.272 rows=2528312 loops=1)
Planning time: 0.744 ms
Execution time: 8256.913 ms
