Hash Join  (cost=102767.86..1434285.96 rows=25605474 width=0) (actual time=1938.284..40237.391 rows=25793401 loops=1)
  Hash Cond: (ci.movie_id = t.id)
  ->  Seq Scan on cast_info ci  (cost=0.00..705507.15 rows=25605474 width=4) (actual time=0.020..15644.177 rows=25793401 loops=1)
        Filter: (person_id > 1025831)
        Rows Removed by Filter: 10450943
  ->  Hash  (cost=61283.27..61283.27 rows=2528527 width=4) (actual time=1937.471..1937.471 rows=2528312 loops=1)
        Buckets: 131072  Batches: 64  Memory Usage: 2415kB
        ->  Seq Scan on title t  (cost=0.00..61283.27 rows=2528527 width=4) (actual time=0.010..1088.688 rows=2528312 loops=1)
Planning time: 0.716 ms
Execution time: 42937.858 ms
