Hash Join  (cost=102767.86..190469.49 rows=826874 width=0) (actual time=2520.877..4597.520 rows=1039584 loops=1)
  Hash Cond: (mc.movie_id = t.id)
  ->  Seq Scan on movie_companies mc  (cost=0.00..57926.93 rows=826874 width=4) (actual time=542.379..1211.337 rows=1039584 loops=1)
        Filter: ((company_id > 4548) AND (company_type_id = 2))
        Rows Removed by Filter: 1569545
  ->  Hash  (cost=61283.27..61283.27 rows=2528527 width=4) (actual time=1977.150..1977.150 rows=2528312 loops=1)
        Buckets: 131072  Batches: 64  Memory Usage: 2415kB
        ->  Seq Scan on title t  (cost=0.00..61283.27 rows=2528527 width=4) (actual time=0.024..1141.531 rows=2528312 loops=1)
Planning time: 0.715 ms
Execution time: 4711.613 ms
