Hash Join  (cost=76243.83..193821.27 rows=166036 width=0) (actual time=2871.435..3927.904 rows=23251 loops=1)
  Hash Cond: (mk.movie_id = t.id)
  ->  Seq Scan on movie_keyword mk  (cost=0.00..81003.12 rows=2971720 width=4) (actual time=0.019..1606.656 rows=2957072 loops=1)
        Filter: (keyword_id < 10008)
        Rows Removed by Filter: 1566858
  ->  Hash  (cost=73925.90..73925.90 rows=141274 width=4) (actual time=1378.833..1378.833 rows=150659 loops=1)
        Buckets: 131072  Batches: 2  Memory Usage: 3679kB
        ->  Seq Scan on title t  (cost=0.00..73925.90 rows=141274 width=4) (actual time=211.933..1135.123 rows=150659 loops=1)
              Filter: ((production_year > 2011) AND (kind_id = 7))
              Rows Removed by Filter: 2377653
Planning time: 0.746 ms
Execution time: 3931.042 ms
