Seq Scan on movie_companies mc  (cost=0.00..57926.93 rows=267236 width=0) (actual time=73.842..918.743 rows=528686 loops=1)
  Filter: ((company_id > 72818) AND (company_type_id = 2))
  Rows Removed by Filter: 2080443
Planning time: 0.401 ms
Execution time: 983.774 ms
