Hash Join  (cost=190230.21..1058944.91 rows=2156535 width=0) (actual time=4419.273..22368.351 rows=3101835 loops=1)
  Hash Cond: (ci.movie_id = t.id)
  ->  Seq Scan on cast_info ci  (cost=0.00..796071.18 rows=3951245 width=4) (actual time=0.016..15921.957 rows=1915373 loops=1)
        Filter: ((person_id < 3480580) AND (role_id = 10))
        Rows Removed by Filter: 34328971
  ->  Hash  (cost=167588.78..167588.78 rows=1380035 width=8) (actual time=4417.975..4417.975 rows=1380035 loops=1)
        Buckets: 131072  Batches: 32  Memory Usage: 2708kB
        ->  Hash Join  (cost=102767.86..167588.78 rows=1380035 width=8) (actual time=2045.882..4036.722 rows=1380035 loops=1)
              Hash Cond: (mi_idx.movie_id = t.id)
              ->  Seq Scan on movie_info_idx mi_idx  (cost=0.00..21735.35 rows=1380035 width=4) (actual time=0.024..509.010 rows=1380035 loops=1)
              ->  Hash  (cost=61283.27..61283.27 rows=2528527 width=4) (actual time=2043.854..2043.854 rows=2528312 loops=1)
                    Buckets: 131072  Batches: 64  Memory Usage: 2415kB
                    ->  Seq Scan on title t  (cost=0.00..61283.27 rows=2528527 width=4) (actual time=0.015..1222.695 rows=2528312 loops=1)
Planning time: 2.321 ms
Execution time: 22727.357 ms
