Hash Join  (cost=74547.77..871240.32 rows=3098 width=0) (actual time=4481.588..14421.407 rows=1495 loops=1)
  Hash Cond: (ci.movie_id = t.id)
  ->  Seq Scan on cast_info ci  (cost=0.00..796071.18 rows=157438 width=4) (actual time=3353.568..13278.252 rows=64029 loops=1)
        Filter: ((person_id < 1600365) AND (role_id > 10))
        Rows Removed by Filter: 36180315
  ->  Hash  (cost=73925.90..73925.90 rows=49749 width=4) (actual time=1127.407..1127.407 rows=44012 loops=1)
        Buckets: 65536  Batches: 1  Memory Usage: 2060kB
        ->  Seq Scan on title t  (cost=0.00..73925.90 rows=49749 width=4) (actual time=0.041..1109.666 rows=44012 loops=1)
              Filter: ((kind_id < 7) AND (production_year = 2009))
              Rows Removed by Filter: 2484300
Planning time: 0.552 ms
Execution time: 14421.909 ms
