Seq Scan on movie_keyword mk  (cost=0.00..81003.12 rows=2001990 width=0) (actual time=0.023..1576.442 rows=2005086 loops=1)
  Filter: (keyword_id < 3569)
  Rows Removed by Filter: 2518844
Planning time: 0.318 ms
Execution time: 1826.424 ms
