Nested Loop  (cost=0.43..28267.64 rows=88 width=0) (actual time=292.936..422.637 rows=223 loops=1)
  ->  Seq Scan on movie_info_idx mi_idx  (cost=0.00..25185.44 rows=368 width=4) (actual time=292.867..418.555 rows=260 loops=1)
        Filter: (info_type_id > 101)
        Rows Removed by Filter: 1379775
  ->  Index Scan using title_pkey on title t  (cost=0.43..8.37 rows=1 width=4) (actual time=0.015..0.015 rows=1 loops=260)
        Index Cond: (id = mi_idx.movie_id)
        Filter: ((production_year > 1952) AND (kind_id = 1))
        Rows Removed by Filter: 0
Planning time: 0.456 ms
Execution time: 422.752 ms
