Hash Join  (cost=412075.28..1504472.24 rows=11803162 width=148) (actual time=9141.218..36004.593 rows=11270024 loops=1)
  Hash Cond: (ci.movie_id = t.id)
  ->  Seq Scan on cast_info ci  (cost=0.00..705507.15 rows=8963389 width=42) (actual time=0.018..14990.296 rows=8836610 loops=1)
        Filter: (person_id < 869663)
        Rows Removed by Filter: 27407734
  ->  Hash  (cost=315178.12..315178.12 rows=3329613 width=106) (actual time=9135.260..9135.260 rows=1637255 loops=1)
        Buckets: 32768  Batches: 128  Memory Usage: 1956kB
        ->  Hash Join  (cost=118128.04..315178.12 rows=3329613 width=106) (actual time=2713.245..7576.879 rows=1637255 loops=1)
              Hash Cond: (mk.movie_id = t.id)
              ->  Seq Scan on movie_keyword mk  (cost=0.00..69693.30 rows=4523930 width=12) (actual time=0.014..1467.576 rows=4523930 loops=1)
              ->  Hash  (cost=67604.59..67604.59 rows=1860996 width=94) (actual time=2705.131..2705.131 rows=1865487 loops=1)
                    Buckets: 32768  Batches: 64  Memory Usage: 3605kB
                    ->  Seq Scan on title t  (cost=0.00..67604.59 rows=1860996 width=94) (actual time=0.012..1347.002 rows=1865487 loops=1)
                          Filter: (kind_id > 1)
                          Rows Removed by Filter: 662825
Planning time: 6.870 ms
Execution time: 36651.215 ms
