Seq Scan on movie_keyword mk  (cost=0.00..81003.12 rows=3280254 width=0) (actual time=0.023..1593.264 rows=3267410 loops=1)
  Filter: (keyword_id < 14313)
  Rows Removed by Filter: 1256520
Planning time: 0.362 ms
Execution time: 1995.040 ms
