Seq Scan on cast_info ci  (cost=0.00..796071.18 rows=5524610 width=0) (actual time=803.727..12230.562 rows=2338433 loops=1)
  Filter: ((person_id < 824003) AND (role_id > 1))
  Rows Removed by Filter: 33905911
Planning time: 0.413 ms
Execution time: 12535.385 ms
