Hash Join  (cost=156209.36..230408.88 rows=194904 width=0) (actual time=3900.010..5580.598 rows=361963 loops=1)
  Hash Cond: (mc.movie_id = t.id)
  ->  Seq Scan on movie_companies mc  (cost=0.00..57926.93 rows=1085211 width=4) (actual time=437.187..1250.436 rows=852293 loops=1)
        Filter: ((company_id < 75085) AND (company_type_id = 2))
        Rows Removed by Filter: 1756836
  ->  Hash  (cost=148758.81..148758.81 rows=454124 width=8) (actual time=3461.995..3461.995 rows=459925 loops=1)
        Buckets: 131072  Batches: 8  Memory Usage: 3275kB
        ->  Hash Join  (cost=102767.86..148758.81 rows=454124 width=8) (actual time=1937.927..3319.928 rows=459925 loops=1)
              Hash Cond: (mi_idx.movie_id = t.id)
              ->  Seq Scan on movie_info_idx mi_idx  (cost=0.00..25185.44 rows=454124 width=4) (actual time=0.026..568.545 rows=459925 loops=1)
                    Filter: (info_type_id = 100)
                    Rows Removed by Filter: 920110
              ->  Hash  (cost=61283.27..61283.27 rows=2528527 width=4) (actual time=1936.105..1936.105 rows=2528312 loops=1)
                    Buckets: 131072  Batches: 64  Memory Usage: 2415kB
                    ->  Seq Scan on title t  (cost=0.00..61283.27 rows=2528527 width=4) (actual time=0.013..1101.996 rows=2528312 loops=1)
Planning time: 1.060 ms
Execution time: 5627.236 ms
