Seq Scan on cast_info ci  (cost=0.00..705507.15 rows=24898172 width=0) (actual time=0.031..12909.631 rows=24995485 loops=1)
  Filter: (person_id > 1104060)
  Rows Removed by Filter: 11248859
Planning time: 0.344 ms
Execution time: 15981.778 ms
