Seq Scan on cast_info ci  (cost=0.00..705507.15 rows=500 width=0) (actual time=1584.764..11062.844 rows=1 loops=1)
  Filter: (person_id = 1295536)
  Rows Removed by Filter: 36244343
Planning time: 0.362 ms
Execution time: 11062.925 ms
