Seq Scan on cast_info ci  (cost=0.00..796071.18 rows=17869363 width=0) (actual time=5831.043..16402.210 rows=20122661 loops=1)
  Filter: ((person_id < 3335953) AND (role_id < 3))
  Rows Removed by Filter: 16121683
Planning time: 0.377 ms
Execution time: 18754.220 ms
