Hash Join  (cost=102767.86..223284.19 rows=1231582 width=0) (actual time=2023.031..4880.502 rows=1243024 loops=1)
  Hash Cond: (mk.movie_id = t.id)
  ->  Seq Scan on movie_keyword mk  (cost=0.00..81003.12 rows=1231582 width=4) (actual time=0.016..1456.767 rows=1243024 loops=1)
        Filter: (keyword_id > 14542)
        Rows Removed by Filter: 3280906
  ->  Hash  (cost=61283.27..61283.27 rows=2528527 width=4) (actual time=2021.489..2021.489 rows=2528312 loops=1)
        Buckets: 131072  Batches: 64  Memory Usage: 2425kB
        ->  Seq Scan on title t  (cost=0.00..61283.27 rows=2528527 width=4) (actual time=0.010..1183.123 rows=2528312 loops=1)
Planning time: 4.105 ms
Execution time: 5034.779 ms
