Hash Join  (cost=74545.71..167783.69 rows=60800 width=0) (actual time=1259.734..3341.980 rows=109947 loops=1)
  Hash Cond: (mk.movie_id = t.id)
  ->  Seq Scan on movie_keyword mk  (cost=0.00..81003.12 rows=3100496 width=4) (actual time=0.012..1561.001 rows=3084333 loops=1)
        Filter: (keyword_id > 2003)
        Rows Removed by Filter: 1439597
  ->  Hash  (cost=73925.90..73925.90 rows=49584 width=4) (actual time=1259.370..1259.370 rows=38752 loops=1)
        Buckets: 65536  Batches: 1  Memory Usage: 1875kB
        ->  Seq Scan on title t  (cost=0.00..73925.90 rows=49584 width=4) (actual time=0.295..1243.459 rows=38752 loops=1)
              Filter: ((kind_id < 7) AND (production_year = 2008))
              Rows Removed by Filter: 2489560
Planning time: 0.757 ms
Execution time: 3356.385 ms
