Seq Scan on cast_info ci  (cost=0.00..705507.15 rows=500 width=0) (actual time=2407.770..11189.195 rows=575 loops=1)
  Filter: (person_id = 2624951)
  Rows Removed by Filter: 36243769
Planning time: 0.375 ms
Execution time: 11189.386 ms
