Nested Loop  (cost=0.43..52283.69 rows=104 width=0) (actual time=54.932..944.029 rows=6 loops=1)
  ->  Seq Scan on movie_companies mc  (cost=0.00..51404.11 rows=104 width=4) (actual time=54.822..943.607 rows=6 loops=1)
        Filter: (company_id = 96471)
        Rows Removed by Filter: 2609123
  ->  Index Only Scan using title_pkey on title t  (cost=0.43..8.45 rows=1 width=4) (actual time=0.061..0.062 rows=1 loops=6)
        Index Cond: (id = mc.movie_id)
        Heap Fetches: 6
Planning time: 0.733 ms
Execution time: 944.101 ms
