Hash Join  (cost=160309.28..1011125.45 rows=638141 width=0) (actual time=13062.347..22303.780 rows=2821274 loops=1)
  Hash Cond: (ci.movie_id = t.id)
  ->  Seq Scan on cast_info ci  (cost=0.00..796071.18 rows=4047888 width=4) (actual time=9310.995..15712.200 rows=4436870 loops=1)
        Filter: ((person_id > 457609) AND (role_id > 9))
        Rows Removed by Filter: 31807474
  ->  Hash  (cost=153768.57..153768.57 rows=398617 width=8) (actual time=3750.333..3750.333 rows=738901 loops=1)
        Buckets: 131072 (originally 131072)  Batches: 16 (originally 8)  Memory Usage: 3073kB
        ->  Hash Join  (cost=80042.24..153768.57 rows=398617 width=8) (actual time=1412.800..3512.584 rows=738901 loops=1)
              Hash Cond: (mc.movie_id = t.id)
              ->  Seq Scan on movie_companies mc  (cost=0.00..51404.11 rows=1329612 width=4) (actual time=0.031..1071.858 rows=1334883 loops=1)
                    Filter: (company_type_id > 1)
                    Rows Removed by Filter: 1274246
              ->  Hash  (cost=67604.59..67604.59 rows=758052 width=4) (actual time=1411.626..1411.626 rows=753677 loops=1)
                    Buckets: 131072  Batches: 16  Memory Usage: 2677kB
                    ->  Seq Scan on title t  (cost=0.00..67604.59 rows=758052 width=4) (actual time=0.024..1173.138 rows=753677 loops=1)
                          Filter: (kind_id < 3)
                          Rows Removed by Filter: 1774635
Planning time: 1.253 ms
Execution time: 22623.040 ms
