Seq Scan on movie_keyword mk  (cost=0.00..81003.12 rows=1942328 width=0) (actual time=0.021..841.816 rows=1952240 loops=1)
  Filter: (keyword_id < 3397)
  Rows Removed by Filter: 2571690
Planning time: 0.368 ms
Execution time: 1008.730 ms
