Hash Join  (cost=85894.26..189252.13 rows=389450 width=0) (actual time=2917.717..3781.345 rows=102583 loops=1)
  Hash Cond: (mk.movie_id = t.id)
  ->  Seq Scan on movie_keyword mk  (cost=0.00..81003.12 rows=1349934 width=4) (actual time=0.019..1531.828 rows=1360662 loops=1)
        Filter: (keyword_id > 12334)
        Rows Removed by Filter: 3163268
  ->  Hash  (cost=73925.90..73925.90 rows=729468 width=4) (actual time=1611.029..1611.029 rows=638430 loops=1)
        Buckets: 131072  Batches: 16  Memory Usage: 2431kB
        ->  Seq Scan on title t  (cost=0.00..73925.90 rows=729468 width=4) (actual time=0.021..1398.174 rows=638430 loops=1)
              Filter: ((production_year < 2003) AND (kind_id = 7))
              Rows Removed by Filter: 1889882
Planning time: 0.594 ms
Execution time: 3791.222 ms
