Seq Scan on movie_keyword mk  (cost=0.00..81003.12 rows=246 width=0) (actual time=4.308..1270.169 rows=141 loops=1)
  Filter: (keyword_id = 4743)
  Rows Removed by Filter: 4523789
Planning time: 0.606 ms
Execution time: 1270.372 ms
