Seq Scan on cast_info ci  (cost=0.00..705507.15 rows=28211323 width=0) (actual time=0.022..13920.863 rows=28258140 loops=1)
  Filter: (person_id < 2881190)
  Rows Removed by Filter: 7986204
Planning time: 0.366 ms
Execution time: 17463.763 ms
