Hash Join  (cost=96479.77..183176.81 rows=3900 width=0) (actual time=967.317..2627.355 rows=14488 loops=1)
  Hash Cond: (mk.movie_id = t.id)
  ->  Seq Scan on movie_keyword mk  (cost=0.00..69693.30 rows=4523930 width=4) (actual time=0.010..834.646 rows=4523930 loops=1)
  ->  Hash  (cost=96452.52..96452.52 rows=2180 width=8) (actual time=965.348..965.348 rows=3218 loops=1)
        Buckets: 4096  Batches: 1  Memory Usage: 158kB
        ->  Nested Loop  (cost=0.43..96452.52 rows=2180 width=8) (actual time=3.876..963.596 rows=3218 loops=1)
              ->  Seq Scan on movie_companies mc  (cost=0.00..51404.11 rows=6349 width=4) (actual time=3.835..796.698 rows=6067 loops=1)
                    Filter: (company_id = 93)
                    Rows Removed by Filter: 2603062
              ->  Index Scan using title_pkey on title t  (cost=0.43..7.09 rows=1 width=4) (actual time=0.027..0.027 rows=1 loops=6067)
                    Index Cond: (id = mc.movie_id)
                    Filter: ((kind_id < 7) AND (production_year > 1959))
                    Rows Removed by Filter: 0
Planning time: 5.557 ms
Execution time: 2629.410 ms
