Hash Join  (cost=78556.72..879689.05 rows=45576 width=0) (actual time=4702.000..12611.152 rows=187242 loops=1)
  Hash Cond: (ci.movie_id = t.id)
  ->  Seq Scan on cast_info ci  (cost=0.00..796071.18 rows=172635 width=4) (actual time=3183.643..10619.489 rows=600902 loops=1)
        Filter: ((person_id > 3102771) AND (role_id = 9))
        Rows Removed by Filter: 35643442
  ->  Hash  (cost=67604.59..67604.59 rows=667531 width=4) (actual time=1517.081..1517.081 rows=662825 loops=1)
        Buckets: 131072  Batches: 16  Memory Usage: 2476kB
        ->  Seq Scan on title t  (cost=0.00..67604.59 rows=667531 width=4) (actual time=532.929..1305.778 rows=662825 loops=1)
              Filter: (kind_id = 1)
              Rows Removed by Filter: 1865487
Planning time: 0.793 ms
Execution time: 12635.403 ms
