Hash Join  (cost=80042.24..606998.02 rows=4418786 width=0) (actual time=1484.912..17178.709 rows=9070626 loops=1)
  Hash Cond: (mi.movie_id = t.id)
  ->  Seq Scan on movie_info mi  (cost=0.00..309384.22 rows=14739122 width=4) (actual time=0.026..6119.585 rows=14835720 loops=1)
  ->  Hash  (cost=67604.59..67604.59 rows=758052 width=4) (actual time=1483.563..1483.563 rows=753677 loops=1)
        Buckets: 131072  Batches: 16  Memory Usage: 2686kB
        ->  Seq Scan on title t  (cost=0.00..67604.59 rows=758052 width=4) (actual time=0.027..1238.451 rows=753677 loops=1)
              Filter: (kind_id < 3)
              Rows Removed by Filter: 1774635
Planning time: 5.357 ms
Execution time: 18219.205 ms
