Seq Scan on movie_keyword mk  (cost=0.00..81003.12 rows=246 width=0) (actual time=1.502..1229.634 rows=424 loops=1)
  Filter: (keyword_id = 630)
  Rows Removed by Filter: 4523506
Planning time: 0.362 ms
Execution time: 1229.922 ms
