Seq Scan on movie_companies mc  (cost=0.00..51404.11 rows=1150263 width=0) (actual time=0.026..809.514 rows=1158271 loops=1)
  Filter: (company_id > 13009)
  Rows Removed by Filter: 1450858
Planning time: 0.334 ms
Execution time: 954.231 ms
