Seq Scan on movie_keyword mk  (cost=0.00..81003.12 rows=727793 width=0) (actual time=0.021..1310.518 rows=736254 loops=1)
  Filter: (keyword_id > 25579)
  Rows Removed by Filter: 3787676
Planning time: 0.351 ms
Execution time: 1401.806 ms
