Hash Join  (cost=574345.85..1966136.87 rows=9076363 width=0) (actual time=13377.140..47033.603 rows=6968011 loops=1)
  Hash Cond: (ci.movie_id = t.id)
  ->  Seq Scan on cast_info ci  (cost=0.00..705507.15 rows=33281421 width=4) (actual time=0.020..16764.817 rows=33364689 loops=1)
        Filter: (person_id > 279851)
        Rows Removed by Filter: 2879655
  ->  Hash  (cost=563032.23..563032.23 rows=689569 width=8) (actual time=13376.061..13376.061 rows=333654 loops=1)
        Buckets: 131072  Batches: 16  Memory Usage: 1836kB
        ->  Hash Join  (cost=75867.62..563032.23 rows=689569 width=8) (actual time=1198.511..12962.532 rows=333654 loops=1)
              Hash Cond: (mi.movie_id = t.id)
              ->  Seq Scan on movie_info mi  (cost=0.00..309384.22 rows=14739122 width=4) (actual time=0.014..6370.709 rows=14835720 loops=1)
              ->  Hash  (cost=73925.90..73925.90 rows=118297 width=4) (actual time=1197.753..1197.753 rows=122606 loops=1)
                    Buckets: 131072  Batches: 2  Memory Usage: 3185kB
                    ->  Seq Scan on title t  (cost=0.00..73925.90 rows=118297 width=4) (actual time=0.024..1151.392 rows=122606 loops=1)
                          Filter: ((kind_id > 1) AND (production_year = 2011))
                          Rows Removed by Filter: 2405706
Planning time: 9.507 ms
Execution time: 47868.870 ms
