Seq Scan on movie_keyword mk  (cost=0.00..81003.12 rows=246 width=0) (actual time=1.429..1333.524 rows=774 loops=1)
  Filter: (keyword_id = 3168)
  Rows Removed by Filter: 4523156
Planning time: 0.392 ms
Execution time: 1333.907 ms
