Hash Join  (cost=83074.74..888136.66 rows=233 width=0) (actual time=1204.115..16783.702 rows=2286 loops=1)
  Hash Cond: (ci.movie_id = t.id)
  ->  Seq Scan on cast_info ci  (cost=0.00..796071.18 rows=2396907 width=4) (actual time=0.022..15171.066 rows=2728943 loops=1)
        Filter: ((person_id < 3238011) AND (role_id = 4))
        Rows Removed by Filter: 33515401
  ->  Hash  (cost=83071.67..83071.67 rows=246 width=8) (actual time=1203.810..1203.810 rows=1068 loops=1)
        Buckets: 2048 (originally 1024)  Batches: 1 (originally 1)  Memory Usage: 58kB
        ->  Nested Loop  (cost=0.43..83071.67 rows=246 width=8) (actual time=1.574..1203.058 rows=1068 loops=1)
              ->  Seq Scan on movie_keyword mk  (cost=0.00..81003.12 rows=246 width=4) (actual time=1.522..1160.561 rows=1068 loops=1)
                    Filter: (keyword_id = 4964)
                    Rows Removed by Filter: 4522862
              ->  Index Only Scan using title_pkey on title t  (cost=0.43..8.40 rows=1 width=4) (actual time=0.038..0.038 rows=1 loops=1068)
                    Index Cond: (id = mk.movie_id)
                    Heap Fetches: 1068
Planning time: 1.195 ms
Execution time: 16784.419 ms
