Hash Join  (cost=167548.70..1280839.28 rows=7737742 width=0) (actual time=4668.667..41252.810 rows=16212190 loops=1)
  Hash Cond: (ci.movie_id = t.id)
  ->  Seq Scan on cast_info ci  (cost=0.00..614943.12 rows=36225612 width=4) (actual time=0.012..12745.424 rows=36244344 loops=1)
  ->  Hash  (cost=158687.57..158687.57 rows=540090 width=8) (actual time=4667.573..4667.573 rows=857905 loops=1)
        Buckets: 131072 (originally 131072)  Batches: 16 (originally 8)  Memory Usage: 3125kB
        ->  Hash Join  (cost=76192.15..158687.57 rows=540090 width=8) (actual time=1234.557..4393.696 rows=857905 loops=1)
              Hash Cond: (mc.movie_id = t.id)
              ->  Seq Scan on movie_companies mc  (cost=0.00..44881.29 rows=2609129 width=4) (actual time=0.007..819.460 rows=2609129 loops=1)
              ->  Hash  (cost=67604.59..67604.59 rows=523405 width=4) (actual time=1233.820..1233.820 rows=523734 loops=1)
                    Buckets: 131072  Batches: 8  Memory Usage: 3319kB
                    ->  Seq Scan on title t  (cost=0.00..67604.59 rows=523405 width=4) (actual time=0.018..1071.269 rows=523734 loops=1)
                          Filter: (production_year < 1981)
                          Rows Removed by Filter: 2004578
Planning time: 1.235 ms
Execution time: 43085.098 ms
