Nested Loop  (cost=0.43..58358.39 rows=13 width=0) (actual time=1.112..901.194 rows=17 loops=1)
  ->  Seq Scan on movie_companies mc  (cost=0.00..57926.93 rows=51 width=4) (actual time=1.053..899.902 rows=34 loops=1)
        Filter: ((company_type_id < 2) AND (company_id = 905))
        Rows Removed by Filter: 2609095
  ->  Index Scan using title_pkey on title t  (cost=0.43..8.45 rows=1 width=4) (actual time=0.034..0.035 rows=0 loops=34)
        Index Cond: (id = mc.movie_id)
        Filter: (kind_id = 1)
        Rows Removed by Filter: 0
Planning time: 0.819 ms
Execution time: 901.378 ms
