Hash Join  (cost=84005.63..179468.73 rows=209408 width=0) (actual time=1340.134..3235.999 rows=350284 loops=1)
  Hash Cond: (mk.movie_id = t.id)
  ->  Seq Scan on movie_keyword mk  (cost=0.00..81003.12 rows=861839 width=4) (actual time=0.025..1357.313 rows=868966 loops=1)
        Filter: (keyword_id > 21188)
        Rows Removed by Filter: 3654964
  ->  Hash  (cost=73925.90..73925.90 rows=614378 width=4) (actual time=1338.917..1338.917 rows=520376 loops=1)
        Buckets: 131072  Batches: 16  Memory Usage: 2170kB
        ->  Seq Scan on title t  (cost=0.00..73925.90 rows=614378 width=4) (actual time=0.021..1161.624 rows=520376 loops=1)
              Filter: ((kind_id < 7) AND (production_year > 1996))
              Rows Removed by Filter: 2007936
Planning time: 0.683 ms
Execution time: 3273.226 ms
