Seq Scan on movie_companies mc  (cost=0.00..51404.11 rows=972642 width=0) (actual time=0.023..887.739 rows=971613 loops=1)
  Filter: (company_id < 4224)
  Rows Removed by Filter: 1637516
Planning time: 0.327 ms
Execution time: 1016.071 ms
