Seq Scan on movie_keyword mk  (cost=0.00..81003.12 rows=4183430 width=0) (actual time=0.020..1610.434 rows=4166038 loops=1)
  Filter: (keyword_id > 318)
  Rows Removed by Filter: 357892
Planning time: 0.510 ms
Execution time: 2112.825 ms
