Seq Scan on movie_keyword mk  (cost=0.00..81003.12 rows=246 width=0) (actual time=13.040..1179.505 rows=477 loops=1)
  Filter: (keyword_id = 5712)
  Rows Removed by Filter: 4523453
Planning time: 0.367 ms
Execution time: 1179.842 ms
