Seq Scan on movie_companies mc  (cost=0.00..57926.93 rows=1230364 width=0) (actual time=0.022..1241.660 rows=1274246 loops=1)
  Filter: ((company_id < 156867) AND (company_type_id = 1))
  Rows Removed by Filter: 1334883
Planning time: 0.388 ms
Execution time: 1407.417 ms
