Hash Join  (cost=86241.46..470209.30 rows=931671 width=0) (actual time=1547.529..9062.427 rows=1112069 loops=1)
  Hash Cond: (mi.movie_id = t.id)
  ->  Seq Scan on movie_info mi  (cost=0.00..346232.03 rows=2073893 width=4) (actual time=0.016..5456.875 rows=2091068 loops=1)
        Filter: (info_type_id < 3)
        Rows Removed by Filter: 12744652
  ->  Hash  (cost=67604.59..67604.59 rows=1135910 width=4) (actual time=1546.399..1546.399 rows=1133355 loops=1)
        Buckets: 131072  Batches: 16  Memory Usage: 3524kB
        ->  Seq Scan on title t  (cost=0.00..67604.59 rows=1135910 width=4) (actual time=0.019..1178.129 rows=1133355 loops=1)
              Filter: (production_year < 2002)
              Rows Removed by Filter: 1394957
Planning time: 0.599 ms
Execution time: 9182.032 ms
