Seq Scan on movie_keyword mk  (cost=0.00..81003.12 rows=2482779 width=0) (actual time=0.031..1428.258 rows=2477883 loops=1)
  Filter: (keyword_id < 5996)
  Rows Removed by Filter: 2046047
Planning time: 3.248 ms
Execution time: 1744.345 ms
