Seq Scan on movie_keyword mk  (cost=0.00..81003.12 rows=251581 width=0) (actual time=0.031..1303.566 rows=249189 loops=1)
  Filter: (keyword_id > 60547)
  Rows Removed by Filter: 4274741
Planning time: 0.499 ms
Execution time: 1337.004 ms
