Hash Join  (cost=102767.86..1006026.07 rows=4044002 width=0) (actual time=5367.487..18297.668 rows=2072205 loops=1)
  Hash Cond: (ci.movie_id = t.id)
  ->  Seq Scan on cast_info ci  (cost=0.00..796071.18 rows=4044002 width=4) (actual time=3402.931..14273.361 rows=2072205 loops=1)
        Filter: ((person_id < 2002457) AND (role_id = 2))
        Rows Removed by Filter: 34172139
  ->  Hash  (cost=61283.27..61283.27 rows=2528527 width=4) (actual time=1963.074..1963.074 rows=2528312 loops=1)
        Buckets: 131072  Batches: 64  Memory Usage: 2415kB
        ->  Seq Scan on title t  (cost=0.00..61283.27 rows=2528527 width=4) (actual time=0.017..1145.579 rows=2528312 loops=1)
Planning time: 0.835 ms
Execution time: 18547.736 ms
