Seq Scan on movie_keyword mk  (cost=0.00..81003.12 rows=4333792 width=0) (actual time=0.032..1597.107 rows=4331121 loops=1)
  Filter: (keyword_id < 70120)
  Rows Removed by Filter: 192809
Planning time: 0.349 ms
Execution time: 2128.498 ms
