Seq Scan on movie_companies mc  (cost=0.00..57926.93 rows=235114 width=0) (actual time=12.781..886.490 rows=465909 loops=1)
  Filter: ((company_id > 76295) AND (company_type_id > 1))
  Rows Removed by Filter: 2143220
Planning time: 0.344 ms
Execution time: 939.960 ms
