Hash Join  (cost=71089.54..198226.78 rows=306831 width=0) (actual time=1212.916..4500.346 rows=536019 loops=1)
  Hash Cond: (mk.movie_id = t.id)
  ->  Seq Scan on movie_keyword mk  (cost=0.00..81003.12 rows=3652749 width=4) (actual time=0.024..1744.518 rows=3647864 loops=1)
        Filter: (keyword_id > 830)
        Rows Removed by Filter: 876066
  ->  Hash  (cost=67604.59..67604.59 rows=212396 width=4) (actual time=1212.224..1212.224 rows=211624 loops=1)
        Buckets: 131072  Batches: 4  Memory Usage: 2890kB
        ->  Seq Scan on title t  (cost=0.00..67604.59 rows=212396 width=4) (actual time=0.019..1138.949 rows=211624 loops=1)
              Filter: (production_year < 1957)
              Rows Removed by Filter: 2316688
Planning time: 0.726 ms
Execution time: 4568.261 ms
