Hash Join  (cost=82581.58..1118631.93 rows=3636969 width=0) (actual time=1761.395..31318.242 rows=4671615 loops=1)
  Hash Cond: (ci.movie_id = t.id)
  ->  Seq Scan on cast_info ci  (cost=0.00..796071.18 rows=17431062 width=4) (actual time=0.020..18003.220 rows=20984966 loops=1)
        Filter: ((person_id > 905480) AND (role_id > 1))
        Rows Removed by Filter: 15259378
  ->  Hash  (cost=73925.90..73925.90 rows=527574 width=4) (actual time=1760.397..1760.397 rows=609532 loops=1)
        Buckets: 131072  Batches: 8  Memory Usage: 3715kB
        ->  Seq Scan on title t  (cost=0.00..73925.90 rows=527574 width=4) (actual time=0.043..1297.837 rows=609532 loops=1)
              Filter: ((kind_id < 7) AND (production_year < 2005))
              Rows Removed by Filter: 1918780
Planning time: 0.751 ms
Execution time: 31873.200 ms
