Hash Join  (cost=28267.70..82933.27 rows=6 width=0) (actual time=552.180..1567.118 rows=125 loops=1)
  Hash Cond: (mc.movie_id = t.id)
  ->  Seq Scan on movie_companies mc  (cost=0.00..44881.29 rows=2609129 width=4) (actual time=0.013..772.634 rows=2609129 loops=1)
  ->  Hash  (cost=28267.64..28267.64 rows=5 width=8) (actual time=327.428..327.428 rows=3 loops=1)
        Buckets: 1024  Batches: 1  Memory Usage: 9kB
        ->  Nested Loop  (cost=0.43..28267.64 rows=5 width=8) (actual time=280.161..327.421 rows=3 loops=1)
              ->  Seq Scan on movie_info_idx mi_idx  (cost=0.00..25185.44 rows=368 width=4) (actual time=278.244..323.010 rows=260 loops=1)
                    Filter: (info_type_id > 101)
                    Rows Removed by Filter: 1379775
              ->  Index Scan using title_pkey on title t  (cost=0.43..8.37 rows=1 width=4) (actual time=0.016..0.016 rows=0 loops=260)
                    Index Cond: (id = mi_idx.movie_id)
                    Filter: ((kind_id < 6) AND (production_year = 2005))
                    Rows Removed by Filter: 1
Planning time: 1.284 ms
Execution time: 1567.301 ms
