Hash Join  (cost=162225.07..1028020.54 rows=1424681 width=0) (actual time=5518.429..25805.496 rows=7766121 loops=1)
  Hash Cond: (ci.movie_id = t.id)
  ->  Seq Scan on cast_info ci  (cost=0.00..705507.15 rows=12533469 width=4) (actual time=818.487..13166.773 rows=12462342 loops=1)
        Filter: (person_id < 1229131)
        Rows Removed by Filter: 23782002
  ->  Hash  (cost=157509.35..157509.35 rows=287418 width=8) (actual time=4355.943..4355.943 rows=800670 loops=1)
        Buckets: 131072 (originally 131072)  Batches: 8 (originally 4)  Memory Usage: 4953kB
        ->  Hash Join  (cost=78496.64..157509.35 rows=287418 width=8) (actual time=1863.682..4141.432 rows=800670 loops=1)
              Hash Cond: (mc.movie_id = t.id)
              ->  Seq Scan on movie_companies mc  (cost=0.00..44881.29 rows=2609129 width=4) (actual time=0.020..885.602 rows=2609129 loops=1)
              ->  Hash  (cost=73925.90..73925.90 rows=278539 width=4) (actual time=1862.768..1862.768 rows=392019 loops=1)
                    Buckets: 131072 (originally 131072)  Batches: 8 (originally 4)  Memory Usage: 3073kB
                    ->  Seq Scan on title t  (cost=0.00..73925.90 rows=278539 width=4) (actual time=0.065..1265.001 rows=392019 loops=1)
                          Filter: ((kind_id < 7) AND (production_year < 1991))
                          Rows Removed by Filter: 2136293
Planning time: 1.288 ms
Execution time: 26609.756 ms
