Hash Join  (cost=97835.13..248387.53 rows=2124144 width=0) (actual time=1908.853..6174.215 rows=491990 loops=1)
  Hash Cond: (mk.movie_id = t.id)
  ->  Seq Scan on movie_keyword mk  (cost=0.00..81003.12 rows=3685557 width=4) (actual time=0.023..1758.897 rows=3680448 loops=1)
        Filter: (keyword_id < 21746)
        Rows Removed by Filter: 843482
  ->  Hash  (cost=73925.90..73925.90 rows=1457298 width=4) (actual time=1906.974..1906.974 rows=1438183 loops=1)
        Buckets: 131072  Batches: 32  Memory Usage: 2610kB
        ->  Seq Scan on title t  (cost=0.00..73925.90 rows=1457298 width=4) (actual time=0.022..1419.777 rows=1438183 loops=1)
              Filter: ((production_year < 2013) AND (kind_id = 7))
              Rows Removed by Filter: 1090129
Planning time: 0.752 ms
Execution time: 6233.440 ms
