Hash Join  (cost=128753.29..493681.79 rows=27257 width=0) (actual time=2378.554..9068.474 rows=35964 loops=1)
  Hash Cond: (mi.movie_id = t.id)
  ->  Seq Scan on movie_info mi  (cost=0.00..309384.22 rows=14739122 width=4) (actual time=0.018..4065.665 rows=14835720 loops=1)
  ->  Hash  (cost=128694.84..128694.84 rows=4676 width=8) (actual time=2286.367..2286.367 rows=4639 loops=1)
        Buckets: 8192  Batches: 1  Memory Usage: 246kB
        ->  Hash Join  (cost=73982.55..128694.84 rows=4676 width=8) (actual time=1450.607..2284.354 rows=4639 loops=1)
              Hash Cond: (mc.movie_id = t.id)
              ->  Seq Scan on movie_companies mc  (cost=0.00..44881.29 rows=2609129 width=4) (actual time=0.014..642.231 rows=2609129 loops=1)
              ->  Hash  (cost=73925.90..73925.90 rows=4532 width=4) (actual time=1139.725..1139.725 rows=3662 loops=1)
                    Buckets: 8192  Batches: 1  Memory Usage: 193kB
                    ->  Seq Scan on title t  (cost=0.00..73925.90 rows=4532 width=4) (actual time=0.079..1137.705 rows=3662 loops=1)
                          Filter: ((kind_id = 7) AND (production_year = 1953))
                          Rows Removed by Filter: 2524650
Planning time: 1.705 ms
Execution time: 9073.592 ms
