Hash Join  (cost=240962.79..699076.11 rows=2765875 width=0) (actual time=6751.997..49144.706 rows=149000464 loops=1)
  Hash Cond: (mi.movie_id = t.id)
  ->  Seq Scan on movie_info mi  (cost=0.00..346232.03 rows=6231111 width=4) (actual time=0.025..6499.351 rows=6223494 loops=1)
        Filter: (info_type_id > 8)
        Rows Removed by Filter: 8612226
  ->  Hash  (cost=222548.21..222548.21 rows=1122366 width=8) (actual time=6629.885..6629.885 rows=2713777 loops=1)
        Buckets: 131072 (originally 131072)  Batches: 64 (originally 16)  Memory Usage: 3073kB
        ->  Hash Join  (cost=78556.72..222548.21 rows=1122366 width=8) (actual time=1529.865..5893.279 rows=2713777 loops=1)
              Hash Cond: (mk.movie_id = t.id)
              ->  Seq Scan on movie_keyword mk  (cost=0.00..81003.12 rows=4251388 width=4) (actual time=0.030..1867.502 rows=4230445 loops=1)
                    Filter: (keyword_id > 236)
                    Rows Removed by Filter: 293485
              ->  Hash  (cost=67604.59..67604.59 rows=667531 width=4) (actual time=1528.777..1528.777 rows=662825 loops=1)
                    Buckets: 131072  Batches: 16  Memory Usage: 2486kB
                    ->  Seq Scan on title t  (cost=0.00..67604.59 rows=667531 width=4) (actual time=0.023..1318.991 rows=662825 loops=1)
                          Filter: (kind_id = 1)
                          Rows Removed by Filter: 1865487
Planning time: 1.139 ms
Execution time: 65556.577 ms
