Hash Join  (cost=165780.19..515827.02 rows=18130 width=0) (actual time=7949.862..9200.646 rows=40323 loops=1)
  Hash Cond: (mi.movie_id = t.id)
  ->  Seq Scan on movie_info mi  (cost=0.00..346232.03 rows=968935 width=4) (actual time=4460.713..5494.680 rows=1026216 loops=1)
        Filter: (info_type_id > 84)
        Rows Removed by Filter: 13809504
  ->  Hash  (cost=165188.79..165188.79 rows=47312 width=8) (actual time=3450.143..3450.143 rows=47252 loops=1)
        Buckets: 65536  Batches: 1  Memory Usage: 2358kB
        ->  Hash Join  (cost=102767.86..165188.79 rows=47312 width=8) (actual time=2187.209..3431.876 rows=47252 loops=1)
              Hash Cond: (mc.movie_id = t.id)
              ->  Seq Scan on movie_companies mc  (cost=0.00..51404.11 rows=47312 width=4) (actual time=0.050..804.485 rows=47252 loops=1)
                    Filter: (company_id = 19)
                    Rows Removed by Filter: 2561877
              ->  Hash  (cost=61283.27..61283.27 rows=2528527 width=4) (actual time=2185.596..2185.596 rows=2528312 loops=1)
                    Buckets: 131072  Batches: 64  Memory Usage: 2415kB
                    ->  Seq Scan on title t  (cost=0.00..61283.27 rows=2528527 width=4) (actual time=0.019..1127.387 rows=2528312 loops=1)
Planning time: 0.680 ms
Execution time: 9206.833 ms
