Seq Scan on movie_keyword mk  (cost=0.00..81003.12 rows=246 width=0) (actual time=25.766..1262.690 rows=31 loops=1)
  Filter: (keyword_id = 31650)
  Rows Removed by Filter: 4523899
Planning time: 0.348 ms
Execution time: 1262.797 ms
