Hash Join  (cost=156487.41..957651.43 rows=44811 width=0) (actual time=15809.238..17125.229 rows=48253 loops=1)
  Hash Cond: (ci.movie_id = t.id)
  ->  Seq Scan on cast_info ci  (cost=0.00..796071.18 rows=245793 width=4) (actual time=12464.006..13647.898 rows=83027 loops=1)
        Filter: ((person_id < 2626679) AND (role_id > 10))
        Rows Removed by Filter: 36161317
  ->  Hash  (cost=148924.19..148924.19 rows=460978 width=8) (actual time=3344.163..3344.163 rows=459925 loops=1)
        Buckets: 131072  Batches: 8  Memory Usage: 3275kB
        ->  Hash Join  (cost=102767.86..148924.19 rows=460978 width=8) (actual time=1921.746..3206.914 rows=459925 loops=1)
              Hash Cond: (mi_idx.movie_id = t.id)
              ->  Seq Scan on movie_info_idx mi_idx  (cost=0.00..25185.44 rows=460978 width=4) (actual time=0.059..459.727 rows=459925 loops=1)
                    Filter: (info_type_id < 100)
                    Rows Removed by Filter: 920110
              ->  Hash  (cost=61283.27..61283.27 rows=2528527 width=4) (actual time=1920.433..1920.433 rows=2528312 loops=1)
                    Buckets: 131072  Batches: 64  Memory Usage: 2415kB
                    ->  Seq Scan on title t  (cost=0.00..61283.27 rows=2528527 width=4) (actual time=0.016..1099.890 rows=2528312 loops=1)
Planning time: 1.204 ms
Execution time: 17131.938 ms
