Hash Join  (cost=101458.67..1235000.14 rows=16341176 width=0) (actual time=2157.799..34263.678 rows=17091880 loops=1)
  Hash Cond: (ci.movie_id = t.id)
  ->  Seq Scan on cast_info ci  (cost=0.00..705507.15 rows=20024311 width=4) (actual time=0.026..15989.549 rows=20122661 loops=1)
        Filter: (role_id < 3)
        Rows Removed by Filter: 16121683
  ->  Hash  (cost=67604.59..67604.59 rows=2063447 width=4) (actual time=2156.903..2156.903 rows=2060346 loops=1)
        Buckets: 131072  Batches: 32  Memory Usage: 3293kB
        ->  Seq Scan on title t  (cost=0.00..67604.59 rows=2063447 width=4) (actual time=0.025..1481.756 rows=2060346 loops=1)
              Filter: (production_year > 1971)
              Rows Removed by Filter: 467966
Planning time: 1.564 ms
Execution time: 36177.937 ms
