Seq Scan on cast_info ci  (cost=0.00..705507.15 rows=33762175 width=0) (actual time=0.020..13390.122 rows=33838784 loops=1)
  Filter: (person_id > 233881)
  Rows Removed by Filter: 2405560
Planning time: 0.287 ms
Execution time: 17567.347 ms
