Hash Join  (cost=127636.95..972020.85 rows=36525 width=0) (actual time=2098.749..21496.608 rows=259120 loops=1)
  Hash Cond: (ci.movie_id = t.id)
  ->  Seq Scan on cast_info ci  (cost=0.00..796071.18 rows=12785993 width=4) (actual time=0.016..15164.153 rows=19014047 loops=1)
        Filter: ((person_id > 1620962) AND (role_id > 1))
        Rows Removed by Filter: 17230297
  ->  Hash  (cost=127546.66..127546.66 rows=7223 width=8) (actual time=2098.223..2098.223 rows=15481 loops=1)
        Buckets: 16384 (originally 8192)  Batches: 1 (originally 1)  Memory Usage: 733kB
        ->  Hash Join  (cost=74456.32..127546.66 rows=7223 width=8) (actual time=1114.734..2092.032 rows=15481 loops=1)
              Hash Cond: (mc.movie_id = t.id)
              ->  Seq Scan on movie_companies mc  (cost=0.00..51404.11 rows=430401 width=4) (actual time=0.015..860.050 rows=435146 loops=1)
                    Filter: (company_id > 78691)
                    Rows Removed by Filter: 2173983
              ->  Hash  (cost=73925.90..73925.90 rows=42433 width=4) (actual time=1114.375..1114.375 rows=37411 loops=1)
                    Buckets: 65536  Batches: 1  Memory Usage: 1828kB
                    ->  Seq Scan on title t  (cost=0.00..73925.90 rows=42433 width=4) (actual time=461.238..1099.944 rows=37411 loops=1)
                          Filter: ((kind_id = 1) AND (production_year = 2011))
                          Rows Removed by Filter: 2490901
Planning time: 1.133 ms
Execution time: 21537.922 ms
