Seq Scan on cast_info ci  (cost=0.00..705507.15 rows=4683312 width=0) (actual time=0.026..11707.039 rows=4722257 loops=1)
  Filter: (person_id > 3207873)
  Rows Removed by Filter: 31522087
Planning time: 0.310 ms
Execution time: 12303.716 ms
