Seq Scan on cast_info ci  (cost=0.00..796071.18 rows=8460748 width=0) (actual time=2131.719..14659.491 rows=3967585 loops=1)
  Filter: ((person_id > 1187339) AND (role_id < 2))
  Rows Removed by Filter: 32276759
Planning time: 0.351 ms
Execution time: 15151.685 ms
