Hash Join  (cost=71296.13..435971.00 rows=1894 width=0) (actual time=833.667..8254.442 rows=101099 loops=1)
  Hash Cond: (mi.movie_id = t.id)
  ->  Seq Scan on movie_info mi  (cost=0.00..309384.22 rows=14739122 width=4) (actual time=0.013..4425.909 rows=14835720 loops=1)
  ->  Hash  (cost=71292.07..71292.07 rows=325 width=8) (actual time=833.543..833.543 rows=3368 loops=1)
        Buckets: 4096 (originally 1024)  Batches: 1 (originally 1)  Memory Usage: 164kB
        ->  Nested Loop  (cost=0.43..71292.07 rows=325 width=8) (actual time=0.347..832.002 rows=3368 loops=1)
              ->  Seq Scan on movie_companies mc  (cost=0.00..57926.93 rows=1663 width=4) (actual time=0.285..742.145 rows=3417 loops=1)
                    Filter: ((company_id = 483) AND (company_type_id = 1))
                    Rows Removed by Filter: 2605712
              ->  Index Scan using title_pkey on title t  (cost=0.43..8.03 rows=1 width=4) (actual time=0.025..0.026 rows=1 loops=3417)
                    Index Cond: (id = mc.movie_id)
                    Filter: ((kind_id < 7) AND (production_year < 2004))
                    Rows Removed by Filter: 0
Planning time: 1.309 ms
Execution time: 8272.903 ms
