Seq Scan on cast_info ci  (cost=0.00..796071.18 rows=4046607 width=0) (actual time=79.069..12533.151 rows=2486507 loops=1)
  Filter: ((person_id < 877336) AND (role_id > 2))
  Rows Removed by Filter: 33757837
Planning time: 0.297 ms
Execution time: 12846.951 ms
