Hash Join  (cost=28268.52..88802.38 rows=40 width=0) (actual time=752.387..1485.938 rows=520 loops=1)
  Hash Cond: (mc.movie_id = t.id)
  ->  Seq Scan on movie_companies mc  (cost=0.00..57926.93 rows=695074 width=4) (actual time=137.522..944.274 rows=933304 loops=1)
        Filter: ((company_id > 11142) AND (company_type_id > 1))
        Rows Removed by Filter: 1675825
  ->  Hash  (cost=28266.72..28266.72 rows=144 width=8) (actual time=408.337..408.337 rows=260 loops=1)
        Buckets: 1024  Batches: 1  Memory Usage: 19kB
        ->  Nested Loop  (cost=0.43..28266.72 rows=144 width=8) (actual time=352.858..408.227 rows=260 loops=1)
              ->  Seq Scan on movie_info_idx mi_idx  (cost=0.00..25185.44 rows=368 width=4) (actual time=352.799..403.422 rows=260 loops=1)
                    Filter: (info_type_id > 101)
                    Rows Removed by Filter: 1379775
              ->  Index Scan using title_pkey on title t  (cost=0.43..8.36 rows=1 width=4) (actual time=0.017..0.018 rows=1 loops=260)
                    Index Cond: (id = mi_idx.movie_id)
                    Filter: (kind_id < 7)
Planning time: 1.162 ms
Execution time: 1486.212 ms
