Hash Join  (cost=157212.79..1158404.41 rows=3154814 width=0) (actual time=3562.849..33946.803 rows=10205105 loops=1)
  Hash Cond: (ci.movie_id = t.id)
  ->  Seq Scan on cast_info ci  (cost=0.00..705507.15 rows=22725421 width=4) (actual time=0.031..14572.162 rows=22596798 loops=1)
        Filter: (person_id < 2305348)
        Rows Removed by Filter: 13647546
  ->  Hash  (cost=151453.06..151453.06 rows=351018 width=8) (actual time=3562.168..3562.168 rows=640620 loops=1)
        Buckets: 131072 (originally 131072)  Batches: 16 (originally 8)  Memory Usage: 3073kB
        ->  Hash Join  (cost=78556.72..151453.06 rows=351018 width=8) (actual time=2150.306..3360.217 rows=640620 loops=1)
              Hash Cond: (mc.movie_id = t.id)
              ->  Seq Scan on movie_companies mc  (cost=0.00..51404.11 rows=1329612 width=4) (actual time=445.596..1021.834 rows=1334883 loops=1)
                    Filter: (company_type_id > 1)
                    Rows Removed by Filter: 1274246
              ->  Hash  (cost=67604.59..67604.59 rows=667531 width=4) (actual time=1357.182..1357.182 rows=662825 loops=1)
                    Buckets: 131072  Batches: 16  Memory Usage: 2476kB
                    ->  Seq Scan on title t  (cost=0.00..67604.59 rows=667531 width=4) (actual time=306.220..1148.619 rows=662825 loops=1)
                          Filter: (kind_id = 1)
                          Rows Removed by Filter: 1865487
Planning time: 1.653 ms
Execution time: 35113.967 ms
