Seq Scan on movie_keyword mk  (cost=0.00..81003.12 rows=246 width=0) (actual time=2.186..1341.898 rows=74 loops=1)
  Filter: (keyword_id = 41222)
  Rows Removed by Filter: 4523856
Planning time: 0.347 ms
Execution time: 1342.051 ms
