Hash Join  (cost=1078128.97..1820727.72 rows=19448712 width=0) (actual time=26950.654..53813.932 rows=40762007 loops=1)
  Hash Cond: (mi.movie_id = t.id)
  ->  Seq Scan on movie_info mi  (cost=0.00..309384.22 rows=14739122 width=4) (actual time=0.022..6156.402 rows=14835720 loops=1)
  ->  Hash  (cost=1023389.13..1023389.13 rows=3336467 width=8) (actual time=26946.501..26946.501 rows=4331507 loops=1)
        Buckets: 131072  Batches: 64  Memory Usage: 3720kB
        ->  Hash Join  (cost=82423.69..1023389.13 rows=3336467 width=8) (actual time=1867.724..25612.078 rows=4331507 loops=1)
              Hash Cond: (ci.movie_id = t.id)
              ->  Seq Scan on cast_info ci  (cost=0.00..796071.18 rows=9340425 width=4) (actual time=0.021..16039.829 rows=12670688 loops=1)
                    Filter: ((person_id < 2746949) AND (role_id = 1))
                    Rows Removed by Filter: 23573656
              ->  Hash  (cost=67604.59..67604.59 rows=903208 width=4) (actual time=1866.281..1866.281 rows=904491 loops=1)
                    Buckets: 131072  Batches: 16  Memory Usage: 3010kB
                    ->  Seq Scan on title t  (cost=0.00..67604.59 rows=903208 width=4) (actual time=0.020..1231.900 rows=904491 loops=1)
                          Filter: (production_year > 2006)
                          Rows Removed by Filter: 1623821
Planning time: 1.249 ms
Execution time: 58412.784 ms
