Seq Scan on cast_info ci  (cost=0.00..796071.18 rows=39741 width=0) (actual time=3557.327..11837.219 rows=14476 loops=1)
  Filter: ((person_id < 382114) AND (role_id > 10))
  Rows Removed by Filter: 36229868
Planning time: 0.358 ms
Execution time: 11839.297 ms
