Seq Scan on movie_companies mc  (cost=0.00..57926.93 rows=29080 width=0) (actual time=426.709..773.469 rows=55971 loops=1)
  Filter: ((company_id > 186821) AND (company_type_id = 2))
  Rows Removed by Filter: 2553158
Planning time: 0.382 ms
Execution time: 780.730 ms
