Seq Scan on movie_companies mc  (cost=0.00..57926.93 rows=1182178 width=0) (actual time=198.425..1060.279 rows=1040528 loops=1)
  Filter: ((company_id < 94773) AND (company_type_id > 1))
  Rows Removed by Filter: 1568601
Planning time: 0.363 ms
Execution time: 1188.487 ms
