Seq Scan on movie_companies mc  (cost=0.00..57926.93 rows=668903 width=0) (actual time=498.523..738.810 rows=443036 loops=1)
  Filter: ((company_id > 11141) AND (company_type_id = 1))
  Rows Removed by Filter: 2166093
Planning time: 0.288 ms
Execution time: 777.632 ms
