Seq Scan on cast_info ci  (cost=0.00..705507.15 rows=500 width=0) (actual time=2052.623..10832.205 rows=6 loops=1)
  Filter: (person_id = 2678306)
  Rows Removed by Filter: 36244338
Planning time: 0.365 ms
Execution time: 10832.290 ms
