Hash Join  (cost=67697.55..94599.31 rows=1336 width=0) (actual time=1073.646..1761.877 rows=4127 loops=1)
  Hash Cond: (mi_idx.movie_id = t.id)
  ->  Seq Scan on movie_info_idx mi_idx  (cost=0.00..25185.44 rows=454124 width=4) (actual time=0.014..565.210 rows=459925 loops=1)
        Filter: (info_type_id = 100)
        Rows Removed by Filter: 920110
  ->  Hash  (cost=67604.59..67604.59 rows=7437 width=4) (actual time=1073.330..1073.330 rows=16571 loops=1)
        Buckets: 32768 (originally 8192)  Batches: 1 (originally 1)  Memory Usage: 839kB
        ->  Seq Scan on title t  (cost=0.00..67604.59 rows=7437 width=4) (actual time=0.088..1065.272 rows=16571 loops=1)
              Filter: (production_year = 1984)
              Rows Removed by Filter: 2511741
Planning time: 0.733 ms
Execution time: 1762.960 ms
