Nested Loop  (cost=0.43..52283.69 rows=104 width=0) (actual time=34.990..784.894 rows=103 loops=1)
  ->  Seq Scan on movie_companies mc  (cost=0.00..51404.11 rows=104 width=4) (actual time=34.885..782.538 rows=103 loops=1)
        Filter: (company_id = 71844)
        Rows Removed by Filter: 2609026
  ->  Index Only Scan using title_pkey on title t  (cost=0.43..8.45 rows=1 width=4) (actual time=0.020..0.021 rows=1 loops=103)
        Index Cond: (id = mc.movie_id)
        Heap Fetches: 103
Planning time: 0.662 ms
Execution time: 784.986 ms
