Hash Join  (cost=102767.86..248823.86 rows=2292977 width=0) (actual time=1924.838..5512.500 rows=2294378 loops=1)
  Hash Cond: (mk.movie_id = t.id)
  ->  Seq Scan on movie_keyword mk  (cost=0.00..81003.12 rows=2292977 width=4) (actual time=0.027..1550.519 rows=2294378 loops=1)
        Filter: (keyword_id < 4907)
        Rows Removed by Filter: 2229552
  ->  Hash  (cost=61283.27..61283.27 rows=2528527 width=4) (actual time=1923.445..1923.445 rows=2528312 loops=1)
        Buckets: 131072  Batches: 64  Memory Usage: 2425kB
        ->  Seq Scan on title t  (cost=0.00..61283.27 rows=2528527 width=4) (actual time=0.022..1072.347 rows=2528312 loops=1)
Planning time: 0.742 ms
Execution time: 5759.034 ms
