Seq Scan on movie_companies mc  (cost=0.00..51404.11 rows=104 width=0) (actual time=10.443..838.270 rows=58 loops=1)
  Filter: (company_id = 12510)
  Rows Removed by Filter: 2609071
Planning time: 0.358 ms
Execution time: 838.389 ms
