Hash Join  (cost=139597.14..265532.79 rows=666736 width=0) (actual time=3495.660..8302.418 rows=6424452 loops=1)
  Hash Cond: (mk.movie_id = t.id)
  ->  Seq Scan on movie_keyword mk  (cost=0.00..81003.12 rows=3127244 width=4) (actual time=0.022..1716.323 rows=3112942 loops=1)
        Filter: (keyword_id > 1932)
        Rows Removed by Filter: 1410988
  ->  Hash  (cost=130752.54..130752.54 rows=539088 width=8) (actual time=3494.869..3494.869 rows=954317 loops=1)
        Buckets: 131072 (originally 131072)  Batches: 16 (originally 8)  Memory Usage: 3370kB
        ->  Hash Join  (cost=83810.17..130752.54 rows=539088 width=8) (actual time=1777.820..3227.343 rows=954317 loops=1)
              Hash Cond: (mi_idx.movie_id = t.id)
              ->  Seq Scan on movie_info_idx mi_idx  (cost=0.00..21735.35 rows=1380035 width=4) (actual time=0.011..437.811 rows=1380035 loops=1)
              ->  Hash  (cost=67604.59..67604.59 rows=987727 width=4) (actual time=1776.835..1776.835 rows=985048 loops=1)
                    Buckets: 131072  Batches: 16  Memory Usage: 3188kB
                    ->  Seq Scan on title t  (cost=0.00..67604.59 rows=987727 width=4) (actual time=0.018..1086.552 rows=985048 loops=1)
                          Filter: (kind_id < 7)
                          Rows Removed by Filter: 1543264
Planning time: 0.706 ms
Execution time: 9097.345 ms
