Hash Join  (cost=74470.85..129586.24 rows=44986 width=0) (actual time=1208.901..2185.453 rows=102271 loops=1)
  Hash Cond: (mc.movie_id = t.id)
  ->  Seq Scan on movie_companies mc  (cost=0.00..44881.29 rows=2609129 width=4) (actual time=0.021..430.476 rows=2609129 loops=1)
  ->  Hash  (cost=73925.90..73925.90 rows=43596 width=4) (actual time=1102.672..1102.672 rows=56579 loops=1)
        Buckets: 65536  Batches: 1  Memory Usage: 2502kB
        ->  Seq Scan on title t  (cost=0.00..73925.90 rows=43596 width=4) (actual time=45.529..1080.991 rows=56579 loops=1)
              Filter: ((production_year < 2001) AND (kind_id = 3))
              Rows Removed by Filter: 2471733
Planning time: 1.938 ms
Execution time: 2198.014 ms
