Hash Join  (cost=191430.97..1337852.40 rows=10962826 width=0) (actual time=3953.798..41830.291 rows=27734534 loops=1)
  Hash Cond: (ci.movie_id = t.id)
  ->  Seq Scan on cast_info ci  (cost=0.00..614943.12 rows=36225612 width=4) (actual time=0.020..13245.465 rows=36244344 loops=1)
  ->  Hash  (cost=178875.99..178875.99 rows=765199 width=8) (actual time=3952.964..3952.964 rows=680841 loops=1)
        Buckets: 131072  Batches: 16  Memory Usage: 2655kB
        ->  Hash Join  (cost=99467.55..178875.99 rows=765199 width=8) (actual time=1778.729..3765.513 rows=680841 loops=1)
              Hash Cond: (mc.movie_id = t.id)
              ->  Seq Scan on movie_companies mc  (cost=0.00..51404.11 rows=996267 width=4) (actual time=0.022..987.703 rows=1000729 loops=1)
                    Filter: (company_id < 4651)
                    Rows Removed by Filter: 1608400
              ->  Hash  (cost=67604.59..67604.59 rows=1942077 width=4) (actual time=1777.786..1777.786 rows=1932484 loops=1)
                    Buckets: 131072  Batches: 32  Memory Usage: 3155kB
                    ->  Seq Scan on title t  (cost=0.00..67604.59 rows=1942077 width=4) (actual time=0.023..1198.614 rows=1932484 loops=1)
                          Filter: (production_year > 1980)
                          Rows Removed by Filter: 595828
Planning time: 6.600 ms
Execution time: 44872.759 ms
