Hash Join  (cost=102767.86..193970.54 rows=972292 width=0) (actual time=1826.206..4034.855 rows=825225 loops=1)
  Hash Cond: (mc.movie_id = t.id)
  ->  Seq Scan on movie_companies mc  (cost=0.00..57926.93 rows=972292 width=4) (actual time=0.028..1169.731 rows=825225 loops=1)
        Filter: ((company_id > 777) AND (company_type_id < 2))
        Rows Removed by Filter: 1783904
  ->  Hash  (cost=61283.27..61283.27 rows=2528527 width=4) (actual time=1824.750..1824.750 rows=2528312 loops=1)
        Buckets: 131072  Batches: 64  Memory Usage: 2415kB
        ->  Seq Scan on title t  (cost=0.00..61283.27 rows=2528527 width=4) (actual time=0.018..1005.425 rows=2528312 loops=1)
Planning time: 0.776 ms
Execution time: 4131.254 ms
