Hash Join  (cost=101955.95..262596.79 rows=2805229 width=0) (actual time=2020.306..6606.196 rows=2649278 loops=1)
  Hash Cond: (mk.movie_id = t.id)
  ->  Seq Scan on movie_keyword mk  (cost=0.00..81003.12 rows=3387685 width=4) (actual time=0.015..1686.578 rows=3377245 loops=1)
        Filter: (keyword_id < 16264)
        Rows Removed by Filter: 1146685
  ->  Hash  (cost=67604.59..67604.59 rows=2093789 width=4) (actual time=2018.980..2018.980 rows=2089788 loops=1)
        Buckets: 131072  Batches: 32  Memory Usage: 3334kB
        ->  Seq Scan on title t  (cost=0.00..67604.59 rows=2093789 width=4) (actual time=0.004..1316.960 rows=2089788 loops=1)
              Filter: (production_year > 1969)
              Rows Removed by Filter: 438524
Planning time: 4.663 ms
Execution time: 6942.046 ms
