Hash Join  (cost=365418.15..1424125.45 rows=12720674 width=0) (actual time=16192.911..25381.398 rows=7443121 loops=1)
  Hash Cond: (ci.movie_id = t.id)
  ->  Seq Scan on cast_info ci  (cost=0.00..796071.18 rows=7109873 width=4) (actual time=7801.874..13634.539 rows=1224503 loops=1)
        Filter: ((person_id > 1570592) AND (role_id = 1))
        Rows Removed by Filter: 35019841
  ->  Hash  (cost=291197.02..291197.02 rows=4523930 width=8) (actual time=8389.542..8389.542 rows=4523930 loops=1)
        Buckets: 131072  Batches: 64  Memory Usage: 3816kB
        ->  Hash Join  (cost=102767.86..291197.02 rows=4523930 width=8) (actual time=1870.834..7141.438 rows=4523930 loops=1)
              Hash Cond: (mk.movie_id = t.id)
              ->  Seq Scan on movie_keyword mk  (cost=0.00..69693.30 rows=4523930 width=4) (actual time=0.044..1623.677 rows=4523930 loops=1)
              ->  Hash  (cost=61283.27..61283.27 rows=2528527 width=4) (actual time=1869.071..1869.071 rows=2528312 loops=1)
                    Buckets: 131072  Batches: 64  Memory Usage: 2425kB
                    ->  Seq Scan on title t  (cost=0.00..61283.27 rows=2528527 width=4) (actual time=0.027..993.228 rows=2528312 loops=1)
Planning time: 1.193 ms
Execution time: 26257.439 ms
