Hash Join  (cost=448165.28..488242.75 rows=138999 width=0) (actual time=7435.772..8821.017 rows=895377 loops=1)
  Hash Cond: (mi_idx.movie_id = t.id)
  ->  Seq Scan on movie_info_idx mi_idx  (cost=0.00..21735.35 rows=1380035 width=4) (actual time=0.029..491.511 rows=1380035 loops=1)
  ->  Hash  (cost=443986.82..443986.82 rows=254677 width=8) (actual time=7434.935..7434.935 rows=493595 loops=1)
        Buckets: 131072 (originally 131072)  Batches: 8 (originally 4)  Memory Usage: 3429kB
        ->  Hash Join  (cost=83810.17..443986.82 rows=254677 width=8) (actual time=3205.367..7269.887 rows=493595 loops=1)
              Hash Cond: (mi.movie_id = t.id)
              ->  Seq Scan on movie_info mi  (cost=0.00..346232.03 rows=651960 width=4) (actual time=1685.929..5115.326 rows=660923 loops=1)
                    Filter: (info_type_id = 18)
                    Rows Removed by Filter: 14174797
              ->  Hash  (cost=67604.59..67604.59 rows=987727 width=4) (actual time=1518.499..1518.499 rows=985048 loops=1)
                    Buckets: 131072  Batches: 16  Memory Usage: 3197kB
                    ->  Seq Scan on title t  (cost=0.00..67604.59 rows=987727 width=4) (actual time=0.045..1200.761 rows=985048 loops=1)
                          Filter: (kind_id < 7)
                          Rows Removed by Filter: 1543264
Planning time: 1.141 ms
Execution time: 8927.327 ms
