Seq Scan on movie_companies mc  (cost=0.00..57926.93 rows=1109 width=0) (actual time=304.138..952.886 rows=1448 loops=1)
  Filter: ((company_type_id < 2) AND (company_id = 554))
  Rows Removed by Filter: 2607681
Planning time: 9.859 ms
Execution time: 953.334 ms
