Seq Scan on movie_keyword mk  (cost=0.00..81003.12 rows=996447 width=0) (actual time=0.012..1302.421 rows=1005928 loops=1)
  Filter: (keyword_id > 18301)
  Rows Removed by Filter: 3518002
Planning time: 0.592 ms
Execution time: 1429.555 ms
