Hash Join  (cost=173606.29..212124.44 rows=48067 width=0) (actual time=3233.700..4371.097 rows=515706 loops=1)
  Hash Cond: (mi_idx.movie_id = t.id)
  ->  Seq Scan on movie_info_idx mi_idx  (cost=0.00..21735.35 rows=1380035 width=4) (actual time=0.026..486.217 rows=1380035 loops=1)
  ->  Hash  (cost=172160.43..172160.43 rows=88069 width=8) (actual time=3232.977..3232.977 rows=219106 loops=1)
        Buckets: 131072 (originally 131072)  Batches: 4 (originally 2)  Memory Usage: 3169kB
        ->  Hash Join  (cost=83810.17..172160.43 rows=88069 width=8) (actual time=1453.436..3166.573 rows=219106 loops=1)
              Hash Cond: (mk.movie_id = t.id)
              ->  Seq Scan on movie_keyword mk  (cost=0.00..81003.12 rows=225451 width=4) (actual time=0.018..1396.736 rows=227580 loops=1)
                    Filter: (keyword_id > 63767)
                    Rows Removed by Filter: 4296350
              ->  Hash  (cost=67604.59..67604.59 rows=987727 width=4) (actual time=1452.618..1452.618 rows=985048 loops=1)
                    Buckets: 131072  Batches: 16  Memory Usage: 3197kB
                    ->  Seq Scan on title t  (cost=0.00..67604.59 rows=987727 width=4) (actual time=0.009..1150.610 rows=985048 loops=1)
                          Filter: (kind_id < 7)
                          Rows Removed by Filter: 1543264
Planning time: 1.124 ms
Execution time: 4424.843 ms
