Hash Join  (cost=309314.93..1854323.26 rows=40947613 width=0) (actual time=7977.878..71143.758 rows=138400638 loops=1)
  Hash Cond: (ci.movie_id = t.id)
  ->  Seq Scan on cast_info ci  (cost=0.00..614943.12 rows=36225612 width=4) (actual time=0.014..13379.951 rows=36244344 loops=1)
  ->  Hash  (cost=262423.43..262423.43 rows=2858120 width=8) (actual time=7976.005..7976.005 rows=2845491 loops=1)
        Buckets: 131072  Batches: 64  Memory Usage: 2787kB
        ->  Hash Join  (cost=102767.86..262423.43 rows=2858120 width=8) (actual time=2701.179..7102.369 rows=2845491 loops=1)
              Hash Cond: (mk.movie_id = t.id)
              ->  Seq Scan on movie_keyword mk  (cost=0.00..81003.12 rows=2858120 width=4) (actual time=0.021..1648.191 rows=2845491 loops=1)
                    Filter: (keyword_id > 2583)
                    Rows Removed by Filter: 1678439
              ->  Hash  (cost=61283.27..61283.27 rows=2528527 width=4) (actual time=2698.345..2698.345 rows=2528312 loops=1)
                    Buckets: 131072  Batches: 64  Memory Usage: 2425kB
                    ->  Seq Scan on title t  (cost=0.00..61283.27 rows=2528527 width=4) (actual time=0.020..1043.563 rows=2528312 loops=1)
Planning time: 1.148 ms
Execution time: 86346.035 ms
