Hash Join  (cost=156487.41..585729.30 rows=1106041 width=0) (actual time=3914.320..13396.195 rows=3473901 loops=1)
  Hash Cond: (mi.movie_id = t.id)
  ->  Seq Scan on movie_info mi  (cost=0.00..346232.03 rows=6066786 width=4) (actual time=597.531..6390.277 rows=6065224 loops=1)
        Filter: (info_type_id > 11)
        Rows Removed by Filter: 8770496
  ->  Hash  (cost=148924.19..148924.19 rows=460978 width=8) (actual time=3315.936..3315.936 rows=459925 loops=1)
        Buckets: 131072  Batches: 8  Memory Usage: 3284kB
        ->  Hash Join  (cost=102767.86..148924.19 rows=460978 width=8) (actual time=1945.760..3186.417 rows=459925 loops=1)
              Hash Cond: (mi_idx.movie_id = t.id)
              ->  Seq Scan on movie_info_idx mi_idx  (cost=0.00..25185.44 rows=460978 width=4) (actual time=0.037..521.230 rows=459925 loops=1)
                    Filter: (info_type_id < 100)
                    Rows Removed by Filter: 920110
              ->  Hash  (cost=61283.27..61283.27 rows=2528527 width=4) (actual time=1943.178..1943.178 rows=2528312 loops=1)
                    Buckets: 131072  Batches: 64  Memory Usage: 2415kB
                    ->  Seq Scan on title t  (cost=0.00..61283.27 rows=2528527 width=4) (actual time=0.016..1118.780 rows=2528312 loops=1)
Planning time: 1.097 ms
Execution time: 13805.139 ms
