Hash Join  (cost=291738.69..1789543.35 rows=36352545 width=0) (actual time=6424.052..48790.822 rows=42948275 loops=1)
  Hash Cond: (ci.movie_id = t.id)
  ->  Seq Scan on cast_info ci  (cost=0.00..614943.12 rows=36225612 width=4) (actual time=0.025..13678.316 rows=36244344 loops=1)
  ->  Hash  (cost=250109.35..250109.35 rows=2537387 width=8) (actual time=6420.703..6420.703 rows=1426600 loops=1)
        Buckets: 131072  Batches: 64  Memory Usage: 1881kB
        ->  Hash Join  (cost=97193.44..250109.35 rows=2537387 width=8) (actual time=1843.305..5977.272 rows=1426600 loops=1)
              Hash Cond: (mk.movie_id = t.id)
              ->  Seq Scan on movie_keyword mk  (cost=0.00..69693.30 rows=4523930 width=4) (actual time=0.023..1500.283 rows=4523930 loops=1)
              ->  Hash  (cost=73925.90..73925.90 rows=1418203 width=4) (actual time=1841.645..1841.645 rows=1540108 loops=1)
                    Buckets: 131072  Batches: 32  Memory Usage: 2733kB
                    ->  Seq Scan on title t  (cost=0.00..73925.90 rows=1418203 width=4) (actual time=0.048..1348.418 rows=1540108 loops=1)
                          Filter: ((kind_id > 1) AND (production_year > 1981))
                          Rows Removed by Filter: 988204
Planning time: 1.144 ms
Execution time: 53315.530 ms
