Hash Join  (cost=438945.43..1418258.44 rows=211370 width=0) (actual time=8493.627..34080.041 rows=3842187 loops=1)
  Hash Cond: (ci.movie_id = t.id)
  ->  Seq Scan on cast_info ci  (cost=0.00..614943.12 rows=36225612 width=4) (actual time=0.023..10243.582 rows=36244344 loops=1)
  ->  Hash  (cost=438761.01..438761.01 rows=14754 width=8) (actual time=8493.323..8493.323 rows=86739 loops=1)
        Buckets: 131072 (originally 16384)  Batches: 2 (originally 1)  Memory Usage: 3073kB
        ->  Hash Join  (cost=73957.54..438761.01 rows=14754 width=8) (actual time=1057.902..8450.749 rows=86739 loops=1)
              Hash Cond: (mi.movie_id = t.id)
              ->  Seq Scan on movie_info mi  (cost=0.00..309384.22 rows=14739122 width=4) (actual time=0.014..4236.018 rows=14835720 loops=1)
              ->  Hash  (cost=73925.90..73925.90 rows=2531 width=4) (actual time=1057.844..1057.844 rows=7406 loops=1)
                    Buckets: 8192 (originally 4096)  Batches: 1 (originally 1)  Memory Usage: 325kB
                    ->  Seq Scan on title t  (cost=0.00..73925.90 rows=2531 width=4) (actual time=0.020..1054.196 rows=7406 loops=1)
                          Filter: ((kind_id < 4) AND (production_year = 1989))
                          Rows Removed by Filter: 2520906
Planning time: 1.157 ms
Execution time: 34556.947 ms
