Hash Join  (cost=84471.35..904117.37 rows=379598 width=0) (actual time=4645.448..14773.536 rows=409156 loops=1)
  Hash Cond: (ci.movie_id = t.id)
  ->  Seq Scan on cast_info ci  (cost=0.00..796071.18 rows=1493294 width=4) (actual time=2755.498..11876.193 rows=1739801 loops=1)
        Filter: ((person_id < 214216) AND (role_id < 4))
        Rows Removed by Filter: 34504543
  ->  Hash  (cost=73925.90..73925.90 rows=642756 width=4) (actual time=1856.991..1856.991 rows=515262 loops=1)
        Buckets: 131072  Batches: 16  Memory Usage: 2152kB
        ->  Seq Scan on title t  (cost=0.00..73925.90 rows=642756 width=4) (actual time=0.035..1222.010 rows=515262 loops=1)
              Filter: ((kind_id < 4) AND (production_year > 1983))
              Rows Removed by Filter: 2013050
Planning time: 0.804 ms
Execution time: 14823.187 ms
