Hash Join  (cost=78846.40..207385.76 rows=536532 width=0) (actual time=1449.035..5151.967 rows=1887315 loops=1)
  Hash Cond: (mk.movie_id = t.id)
  ->  Seq Scan on movie_keyword mk  (cost=0.00..69693.30 rows=4523930 width=4) (actual time=0.021..1510.176 rows=4523930 loops=1)
  ->  Hash  (cost=73925.90..73925.90 rows=299880 width=4) (actual time=1448.202..1448.202 rows=391036 loops=1)
        Buckets: 131072 (originally 131072)  Batches: 8 (originally 4)  Memory Usage: 3073kB
        ->  Seq Scan on title t  (cost=0.00..73925.90 rows=299880 width=4) (actual time=0.024..1310.360 rows=391036 loops=1)
              Filter: ((production_year < 2002) AND (kind_id = 1))
              Rows Removed by Filter: 2137276
Planning time: 0.841 ms
Execution time: 5340.887 ms
