Hash Join  (cost=102767.86..297720.49 rows=4325016 width=0) (actual time=1924.855..8577.188 rows=4306027 loops=1)
  Hash Cond: (mk.movie_id = t.id)
  ->  Seq Scan on movie_keyword mk  (cost=0.00..81003.12 rows=4325016 width=4) (actual time=0.029..1855.050 rows=4306027 loops=1)
        Filter: (keyword_id > 151)
        Rows Removed by Filter: 217903
  ->  Hash  (cost=61283.27..61283.27 rows=2528527 width=4) (actual time=1923.794..1923.794 rows=2528312 loops=1)
        Buckets: 131072  Batches: 64  Memory Usage: 2425kB
        ->  Seq Scan on title t  (cost=0.00..61283.27 rows=2528527 width=4) (actual time=0.018..1066.753 rows=2528312 loops=1)
Planning time: 0.709 ms
Execution time: 9081.973 ms
