Hash Join  (cost=118617.50..1168606.39 rows=1575568 width=0) (actual time=2670.224..32106.999 rows=6081996 loops=1)
  Hash Cond: (ci.movie_id = t.id)
  ->  Seq Scan on cast_info ci  (cost=0.00..614943.12 rows=36225612 width=4) (actual time=0.012..13119.465 rows=36244344 loops=1)
  ->  Hash  (cost=116812.83..116812.83 rows=109974 width=8) (actual time=2669.297..2669.297 rows=245926 loops=1)
        Buckets: 131072 (originally 131072)  Batches: 4 (originally 2)  Memory Usage: 3431kB
        ->  Hash Join  (cost=77232.60..116812.83 rows=109974 width=8) (actual time=1456.771..2586.138 rows=245926 loops=1)
              Hash Cond: (mi_idx.movie_id = t.id)
              ->  Seq Scan on movie_info_idx mi_idx  (cost=0.00..21735.35 rows=1380035 width=4) (actual time=0.013..425.022 rows=1380035 loops=1)
              ->  Hash  (cost=73925.90..73925.90 rows=201496 width=4) (actual time=1455.999..1455.999 rows=307194 loops=1)
                    Buckets: 131072  Batches: 4  Memory Usage: 3727kB
                    ->  Seq Scan on title t  (cost=0.00..73925.90 rows=201496 width=4) (actual time=0.025..1354.146 rows=307194 loops=1)
                          Filter: ((kind_id < 7) AND (production_year < 1980))
                          Rows Removed by Filter: 2221118
Planning time: 1.145 ms
Execution time: 32799.200 ms
