Seq Scan on cast_info ci  (cost=0.00..796071.18 rows=435 width=0) (actual time=8821.271..14979.502 rows=107 loops=1)
  Filter: ((role_id < 10) AND (person_id = 1549436))
  Rows Removed by Filter: 36244237
Planning time: 0.362 ms
Execution time: 14979.676 ms
