Hash Join  (cost=83074.74..447745.01 rows=1434 width=0) (actual time=1269.538..8227.712 rows=74652 loops=1)
  Hash Cond: (mi.movie_id = t.id)
  ->  Seq Scan on movie_info mi  (cost=0.00..309384.22 rows=14739122 width=4) (actual time=0.024..4160.167 rows=14835720 loops=1)
  ->  Hash  (cost=83071.67..83071.67 rows=246 width=8) (actual time=1260.741..1260.741 rows=1350 loops=1)
        Buckets: 2048 (originally 1024)  Batches: 1 (originally 1)  Memory Usage: 69kB
        ->  Nested Loop  (cost=0.43..83071.67 rows=246 width=8) (actual time=0.880..1259.640 rows=1350 loops=1)
              ->  Seq Scan on movie_keyword mk  (cost=0.00..81003.12 rows=246 width=4) (actual time=0.786..1214.423 rows=1350 loops=1)
                    Filter: (keyword_id = 3784)
                    Rows Removed by Filter: 4522580
              ->  Index Only Scan using title_pkey on title t  (cost=0.43..8.40 rows=1 width=4) (actual time=0.032..0.032 rows=1 loops=1350)
                    Index Cond: (id = mk.movie_id)
                    Heap Fetches: 1350
Planning time: 1.096 ms
Execution time: 8239.090 ms
