Hash Join  (cost=74671.72..101907.84 rows=32564 width=0) (actual time=1224.112..1876.525 rows=26901 loops=1)
  Hash Cond: (mi_idx.movie_id = t.id)
  ->  Seq Scan on movie_info_idx mi_idx  (cost=0.00..21735.35 rows=1380035 width=4) (actual time=0.014..334.669 rows=1380035 loops=1)
  ->  Hash  (cost=73925.90..73925.90 rows=59665 width=4) (actual time=1223.548..1223.548 rows=68274 loops=1)
        Buckets: 131072 (originally 65536)  Batches: 1 (originally 1)  Memory Usage: 3425kB
        ->  Seq Scan on title t  (cost=0.00..73925.90 rows=59665 width=4) (actual time=0.031..1193.964 rows=68274 loops=1)
              Filter: ((kind_id > 2) AND (production_year = 2004))
              Rows Removed by Filter: 2460038
Planning time: 0.691 ms
Execution time: 1880.148 ms
