Nested Loop  (cost=32814.54..132166.19 rows=7292 width=0) (actual time=895.448..2086.396 rows=26093 loops=1)
  Join Filter: (mc.movie_id = t.id)
  ->  Hash Join  (cost=32814.11..100185.22 rows=37755 width=8) (actual time=895.397..1626.968 rows=26093 loops=1)
        Hash Cond: (mc.movie_id = mi_idx.movie_id)
        ->  Seq Scan on movie_companies mc  (cost=0.00..57926.93 rows=39655 width=4) (actual time=216.952..815.929 rows=66520 loops=1)
              Filter: ((company_id < 19) AND (company_type_id < 2))
              Rows Removed by Filter: 2542609
        ->  Hash  (cost=25185.44..25185.44 rows=464934 width=4) (actual time=677.573..677.573 rows=460185 loops=1)
              Buckets: 131072  Batches: 8  Memory Usage: 3051kB
              ->  Seq Scan on movie_info_idx mi_idx  (cost=0.00..25185.44 rows=464934 width=4) (actual time=0.034..536.952 rows=460185 loops=1)
                    Filter: (info_type_id > 100)
                    Rows Removed by Filter: 919850
  ->  Index Only Scan using title_pkey on title t  (cost=0.43..0.83 rows=1 width=4) (actual time=0.017..0.017 rows=1 loops=26093)
        Index Cond: (id = mi_idx.movie_id)
        Heap Fetches: 26093
Planning time: 1.185 ms
Execution time: 2092.966 ms
