Nested Loop  (cost=0.43..709671.90 rows=500 width=0) (actual time=4166.027..11240.694 rows=75 loops=1)
  ->  Seq Scan on cast_info ci  (cost=0.00..705507.15 rows=500 width=4) (actual time=4165.830..11238.778 rows=75 loops=1)
        Filter: (person_id = 1725807)
        Rows Removed by Filter: 36244269
  ->  Index Only Scan using title_pkey on title t  (cost=0.43..8.32 rows=1 width=4) (actual time=0.023..0.023 rows=1 loops=75)
        Index Cond: (id = ci.movie_id)
        Heap Fetches: 75
Planning time: 0.792 ms
Execution time: 11240.792 ms
