Seq Scan on movie_keyword mk  (cost=0.00..81003.12 rows=2161938 width=0) (actual time=0.033..1459.557 rows=2165226 loops=1)
  Filter: (keyword_id < 4170)
  Rows Removed by Filter: 2358704
Planning time: 0.362 ms
Execution time: 1716.313 ms
