Hash Join  (cost=255103.45..378746.69 rows=944272 width=184) (actual time=5750.985..9855.661 rows=2709766 loops=1)
  Hash Cond: (mc.movie_id = t.id)
  ->  Seq Scan on movie_companies mc  (cost=0.00..44881.29 rows=2609129 width=40) (actual time=0.024..977.812 rows=2609129 loops=1)
  ->  Hash  (cost=224897.69..224897.69 rows=915101 width=144) (actual time=5749.674..5749.674 rows=919850 loops=1)
        Buckets: 32768  Batches: 64  Memory Usage: 2161kB
        ->  Hash Join  (cost=129928.86..224897.69 rows=915101 width=144) (actual time=2919.672..5159.622 rows=919850 loops=1)
              Hash Cond: (mi_idx.movie_id = t.id)
              ->  Seq Scan on movie_info_idx mi_idx  (cost=0.00..25185.44 rows=915101 width=50) (actual time=0.018..609.970 rows=919850 loops=1)
                    Filter: (info_type_id < 101)
                    Rows Removed by Filter: 460185
              ->  Hash  (cost=61283.27..61283.27 rows=2528527 width=94) (actual time=2919.467..2919.467 rows=2528312 loops=1)
                    Buckets: 32768  Batches: 128  Memory Usage: 2453kB
                    ->  Seq Scan on title t  (cost=0.00..61283.27 rows=2528527 width=94) (actual time=0.021..1355.962 rows=2528312 loops=1)
Planning time: 1.393 ms
Execution time: 10010.011 ms
