Seq Scan on movie_companies mc  (cost=0.00..51404.11 rows=104 width=0) (actual time=395.885..790.673 rows=3 loops=1)
  Filter: (company_id = 35964)
  Rows Removed by Filter: 2609126
Planning time: 0.404 ms
Execution time: 790.745 ms
