Seq Scan on title t  (cost=0.00..67604.59 rows=7437 width=0) (actual time=0.143..1013.961 rows=3613 loops=1)
  Filter: (production_year = 1919)
  Rows Removed by Filter: 2524699
Planning time: 0.368 ms
Execution time: 1014.987 ms
