Hash Join  (cost=174865.45..1299520.71 rows=9906707 width=0) (actual time=3640.090..38776.529 rows=20297890 loops=1)
  Hash Cond: (ci.movie_id = t.id)
  ->  Seq Scan on cast_info ci  (cost=0.00..705507.15 rows=27373345 width=4) (actual time=0.020..15486.636 rows=27380188 loops=1)
        Filter: (person_id < 2806607)
        Rows Removed by Filter: 8864156
  ->  Hash  (cost=159851.69..159851.69 rows=915101 width=8) (actual time=3639.275..3639.275 rows=919850 loops=1)
        Buckets: 131072  Batches: 16  Memory Usage: 3269kB
        ->  Hash Join  (cost=102767.86..159851.69 rows=915101 width=8) (actual time=1724.604..3391.689 rows=919850 loops=1)
              Hash Cond: (mi_idx.movie_id = t.id)
              ->  Seq Scan on movie_info_idx mi_idx  (cost=0.00..25185.44 rows=915101 width=4) (actual time=0.020..550.148 rows=919850 loops=1)
                    Filter: (info_type_id < 101)
                    Rows Removed by Filter: 460185
              ->  Hash  (cost=61283.27..61283.27 rows=2528527 width=4) (actual time=1722.078..1722.078 rows=2528312 loops=1)
                    Buckets: 131072  Batches: 64  Memory Usage: 2415kB
                    ->  Seq Scan on title t  (cost=0.00..61283.27 rows=2528527 width=4) (actual time=0.021..938.440 rows=2528312 loops=1)
Planning time: 1.206 ms
Execution time: 40962.049 ms
