Hash Join  (cost=422855.21..509528.67 rows=1542 width=0) (actual time=6442.990..8328.299 rows=90795 loops=1)
  Hash Cond: (mk.movie_id = t.id)
  ->  Seq Scan on movie_keyword mk  (cost=0.00..69693.30 rows=4523930 width=4) (actual time=0.020..1047.499 rows=4523930 loops=1)
  ->  Hash  (cost=422844.44..422844.44 rows=862 width=8) (actual time=6442.925..6442.925 rows=2651 loops=1)
        Buckets: 4096 (originally 1024)  Batches: 1 (originally 1)  Memory Usage: 136kB
        ->  Hash Join  (cost=75919.53..422844.44 rows=862 width=8) (actual time=2896.118..6441.913 rows=2651 loops=1)
              Hash Cond: (mi.movie_id = t.id)
              ->  Seq Scan on movie_info mi  (cost=0.00..346232.03 rows=17937 width=4) (actual time=1690.461..5146.521 rows=121863 loops=1)
                    Filter: (info_type_id = 105)
                    Rows Removed by Filter: 14713857
              ->  Hash  (cost=73925.90..73925.90 rows=121490 width=4) (actual time=1202.851..1202.851 rows=222618 loops=1)
                    Buckets: 131072 (originally 131072)  Batches: 4 (originally 2)  Memory Usage: 3073kB
                    ->  Seq Scan on title t  (cost=0.00..73925.90 rows=121490 width=4) (actual time=0.088..1116.887 rows=222618 loops=1)
                          Filter: ((kind_id < 7) AND (production_year < 1966))
                          Rows Removed by Filter: 2305694
Planning time: 1.166 ms
Execution time: 8343.819 ms
