Hash Join  (cost=447984.93..542181.23 rows=15172 width=0) (actual time=5037.984..7261.933 rows=419283 loops=1)
  Hash Cond: (mk.movie_id = t.id)
  ->  Seq Scan on movie_keyword mk  (cost=0.00..81003.12 rows=3477720 width=4) (actual time=0.034..1599.988 rows=3475695 loops=1)
        Filter: (keyword_id > 1044)
        Rows Removed by Filter: 1048235
  ->  Hash  (cost=447847.04..447847.04 rows=11031 width=8) (actual time=5036.308..5036.308 rows=6613 loops=1)
        Buckets: 16384  Batches: 1  Memory Usage: 387kB
        ->  Nested Loop  (cost=0.43..447847.04 rows=11031 width=8) (actual time=3341.764..5033.112 rows=6613 loops=1)
              ->  Seq Scan on movie_info mi  (cost=0.00..346232.03 rows=17937 width=4) (actual time=3341.613..4881.016 rows=6614 loops=1)
                    Filter: (info_type_id = 41)
                    Rows Removed by Filter: 14829106
              ->  Index Scan using title_pkey on title t  (cost=0.43..5.66 rows=1 width=4) (actual time=0.022..0.022 rows=1 loops=6614)
                    Index Cond: (id = mi.movie_id)
                    Filter: (production_year < 2007)
                    Rows Removed by Filter: 0
Planning time: 1.152 ms
Execution time: 7316.429 ms
