Seq Scan on movie_companies mc  (cost=0.00..57926.93 rows=953916 width=0) (actual time=0.016..1088.013 rows=802094 loops=1)
  Filter: ((company_id > 938) AND (company_type_id < 2))
  Rows Removed by Filter: 1807035
Planning time: 0.237 ms
Execution time: 1192.971 ms
