Seq Scan on movie_keyword mk  (cost=0.00..81003.12 rows=1309749 width=0) (actual time=0.022..1516.965 rows=1320934 loops=1)
  Filter: (keyword_id > 13121)
  Rows Removed by Filter: 3202996
Planning time: 0.322 ms
Execution time: 1684.445 ms
