Hash Join  (cost=100157.97..853126.53 rows=217942 width=0) (actual time=1694.190..18323.460 rows=33837 loops=1)
  Hash Cond: (ci.movie_id = t.id)
  ->  Seq Scan on cast_info ci  (cost=0.00..614943.12 rows=36225612 width=4) (actual time=0.005..8938.017 rows=36244344 loops=1)
  ->  Hash  (cost=99967.82..99967.82 rows=15212 width=8) (actual time=1693.819..1693.819 rows=5173 loops=1)
        Buckets: 16384  Batches: 1  Memory Usage: 331kB
        ->  Hash Join  (cost=68973.60..99967.82 rows=15212 width=8) (actual time=1061.092..1691.576 rows=5173 loops=1)
              Hash Cond: (mi_idx.movie_id = t.id)
              ->  Seq Scan on movie_info_idx mi_idx  (cost=0.00..25185.44 rows=460978 width=4) (actual time=0.031..442.499 rows=459925 loops=1)
                    Filter: (info_type_id = 99)
                    Rows Removed by Filter: 920110
              ->  Hash  (cost=67604.59..67604.59 rows=83441 width=4) (actual time=1060.264..1060.264 rows=81647 loops=1)
                    Buckets: 131072  Batches: 2  Memory Usage: 2455kB
                    ->  Seq Scan on title t  (cost=0.00..67604.59 rows=83441 width=4) (actual time=0.022..1032.854 rows=81647 loops=1)
                          Filter: (production_year < 1919)
                          Rows Removed by Filter: 2446665
Planning time: 1.104 ms
Execution time: 18330.497 ms
