Hash Join  (cost=136662.72..1161625.59 rows=4581443 width=0) (actual time=2647.277..32566.996 rows=8721798 loops=1)
  Hash Cond: (ci.movie_id = t.id)
  ->  Seq Scan on cast_info ci  (cost=0.00..705507.15 rows=23499554 width=4) (actual time=0.015..16206.488 rows=23573656 loops=1)
        Filter: (role_id > 1)
        Rows Removed by Filter: 12670688
  ->  Hash  (cost=128574.75..128574.75 rows=492958 width=8) (actual time=2646.240..2646.240 rows=369173 loops=1)
        Buckets: 131072  Batches: 8  Memory Usage: 2811kB
        ->  Hash Join  (cost=82423.69..128574.75 rows=492958 width=8) (actual time=1406.757..2555.368 rows=369173 loops=1)
              Hash Cond: (mi_idx.movie_id = t.id)
              ->  Seq Scan on movie_info_idx mi_idx  (cost=0.00..21735.35 rows=1380035 width=4) (actual time=0.031..376.535 rows=1380035 loops=1)
              ->  Hash  (cost=67604.59..67604.59 rows=903208 width=4) (actual time=1405.358..1405.358 rows=904491 loops=1)
                    Buckets: 131072  Batches: 16  Memory Usage: 3010kB
                    ->  Seq Scan on title t  (cost=0.00..67604.59 rows=903208 width=4) (actual time=0.019..1121.124 rows=904491 loops=1)
                          Filter: (production_year > 2006)
                          Rows Removed by Filter: 1623821
Planning time: 1.190 ms
Execution time: 33664.164 ms
