Hash Join  (cost=91342.70..142584.10 rows=789692 width=0) (actual time=1677.617..3746.123 rows=949108 loops=1)
  Hash Cond: (mi_idx.movie_id = t.id)
  ->  Seq Scan on movie_info_idx mi_idx  (cost=0.00..21735.35 rows=1380035 width=4) (actual time=0.018..482.407 rows=1380035 loops=1)
  ->  Hash  (cost=67604.59..67604.59 rows=1446889 width=4) (actual time=1676.170..1676.170 rows=1443298 loops=1)
        Buckets: 131072  Batches: 32  Memory Usage: 2608kB
        ->  Seq Scan on title t  (cost=0.00..67604.59 rows=1446889 width=4) (actual time=0.016..1203.920 rows=1443298 loops=1)
              Filter: (production_year < 2006)
              Rows Removed by Filter: 1085014
Planning time: 0.504 ms
Execution time: 3856.513 ms
