Seq Scan on title t  (cost=0.00..73925.90 rows=4532 width=0) (actual time=34.119..1149.058 rows=28 loops=1)
  Filter: ((kind_id = 7) AND (production_year = 1946))
  Rows Removed by Filter: 2528284
Planning time: 0.300 ms
Execution time: 1149.184 ms
