Hash Join  (cost=83074.74..110002.76 rows=45 width=0) (actual time=1299.351..1838.006 rows=326 loops=1)
  Hash Cond: (mi_idx.movie_id = t.id)
  ->  Seq Scan on movie_info_idx mi_idx  (cost=0.00..25185.44 rows=464566 width=4) (actual time=0.028..472.776 rows=459925 loops=1)
        Filter: (info_type_id = 101)
        Rows Removed by Filter: 920110
  ->  Hash  (cost=83071.67..83071.67 rows=246 width=8) (actual time=1298.388..1298.388 rows=342 loops=1)
        Buckets: 1024  Batches: 1  Memory Usage: 22kB
        ->  Nested Loop  (cost=0.43..83071.67 rows=246 width=8) (actual time=0.928..1298.029 rows=342 loops=1)
              ->  Seq Scan on movie_keyword mk  (cost=0.00..81003.12 rows=246 width=4) (actual time=0.845..1281.153 rows=342 loops=1)
                    Filter: (keyword_id = 10631)
                    Rows Removed by Filter: 4523588
              ->  Index Only Scan using title_pkey on title t  (cost=0.43..8.40 rows=1 width=4) (actual time=0.046..0.047 rows=1 loops=342)
                    Index Cond: (id = mk.movie_id)
                    Heap Fetches: 342
Planning time: 4.471 ms
Execution time: 1838.233 ms
