Seq Scan on cast_info ci  (cost=0.00..705507.15 rows=500 width=0) (actual time=6063.891..10279.676 rows=5 loops=1)
  Filter: (person_id = 1347237)
  Rows Removed by Filter: 36244339
Planning time: 0.371 ms
Execution time: 10279.771 ms
