Hash Join  (cost=174888.40..542124.95 rows=58310 width=0) (actual time=3000.048..10147.512 rows=344317 loops=1)
  Hash Cond: (mi.movie_id = t.id)
  ->  Seq Scan on movie_info mi  (cost=0.00..346232.03 rows=5445713 width=4) (actual time=0.015..5653.009 rows=5410520 loops=1)
        Filter: (info_type_id < 6)
        Rows Removed by Filter: 9425200
  ->  Hash  (cost=174549.97..174549.97 rows=27074 width=8) (actual time=2999.780..2999.780 rows=71159 loops=1)
        Buckets: 131072 (originally 32768)  Batches: 1 (originally 1)  Memory Usage: 3804kB
        ->  Hash Join  (cost=88851.93..174549.97 rows=27074 width=8) (actual time=1609.631..2975.326 rows=71159 loops=1)
              Hash Cond: (mk.movie_id = t.id)
              ->  Seq Scan on movie_keyword mk  (cost=0.00..81003.12 rows=75248 width=4) (actual time=0.056..1169.869 rows=72496 loops=1)
                    Filter: (keyword_id = 335)
                    Rows Removed by Filter: 4451434
              ->  Hash  (cost=73925.90..73925.90 rows=909762 width=4) (actual time=1607.927..1607.927 rows=844670 loops=1)
                    Buckets: 131072  Batches: 16  Memory Usage: 2890kB
                    ->  Seq Scan on title t  (cost=0.00..73925.90 rows=909762 width=4) (actual time=0.015..1331.667 rows=844670 loops=1)
                          Filter: ((kind_id < 7) AND (production_year > 1936))
                          Rows Removed by Filter: 1683642
Planning time: 1.142 ms
Execution time: 10190.325 ms
