Hash Join  (cost=102767.86..885419.66 rows=2795486 width=0) (actual time=2248.970..16101.396 rows=2754698 loops=1)
  Hash Cond: (ci.movie_id = t.id)
  ->  Seq Scan on cast_info ci  (cost=0.00..705507.15 rows=2795486 width=4) (actual time=339.068..10945.299 rows=2754698 loops=1)
        Filter: (person_id < 264692)
        Rows Removed by Filter: 33489646
  ->  Hash  (cost=61283.27..61283.27 rows=2528527 width=4) (actual time=1908.343..1908.343 rows=2528312 loops=1)
        Buckets: 131072  Batches: 64  Memory Usage: 2415kB
        ->  Seq Scan on title t  (cost=0.00..61283.27 rows=2528527 width=4) (actual time=0.020..1063.338 rows=2528312 loops=1)
Planning time: 0.719 ms
Execution time: 16421.572 ms
