Seq Scan on cast_info ci  (cost=0.00..796071.18 rows=324 width=0) (actual time=216.638..13005.357 rows=263 loops=1)
  Filter: ((role_id > 1) AND (person_id = 2051263))
  Rows Removed by Filter: 36244081
Planning time: 0.243 ms
Execution time: 13005.502 ms
