Hash Join  (cost=175027.18..1026742.88 rows=1244939 width=0) (actual time=6206.888..17387.654 rows=1724 loops=1)
  Hash Cond: (ci.movie_id = t.id)
  ->  Seq Scan on cast_info ci  (cost=0.00..796071.18 rows=3425101 width=4) (actual time=2256.482..13296.815 rows=2788 loops=1)
        Filter: ((person_id < 1668144) AND (role_id = 2))
        Rows Removed by Filter: 36241556
  ->  Hash  (cost=159947.97..159947.97 rows=919057 width=8) (actual time=3935.124..3935.124 rows=920110 loops=1)
        Buckets: 131072  Batches: 16  Memory Usage: 3269kB
        ->  Hash Join  (cost=102767.86..159947.97 rows=919057 width=8) (actual time=2030.595..3684.513 rows=920110 loops=1)
              Hash Cond: (mi_idx.movie_id = t.id)
              ->  Seq Scan on movie_info_idx mi_idx  (cost=0.00..25185.44 rows=919057 width=4) (actual time=0.055..535.157 rows=920110 loops=1)
                    Filter: (info_type_id > 99)
                    Rows Removed by Filter: 459925
              ->  Hash  (cost=61283.27..61283.27 rows=2528527 width=4) (actual time=2029.660..2029.660 rows=2528312 loops=1)
                    Buckets: 131072  Batches: 64  Memory Usage: 2415kB
                    ->  Seq Scan on title t  (cost=0.00..61283.27 rows=2528527 width=4) (actual time=0.022..1194.294 rows=2528312 loops=1)
Planning time: 1.194 ms
Execution time: 17388.473 ms
