Nested Loop  (cost=0.43..709671.90 rows=500 width=0) (actual time=5956.020..10055.866 rows=7 loops=1)
  ->  Seq Scan on cast_info ci  (cost=0.00..705507.15 rows=500 width=4) (actual time=5955.893..10055.619 rows=7 loops=1)
        Filter: (person_id = 1540794)
        Rows Removed by Filter: 36244337
  ->  Index Only Scan using title_pkey on title t  (cost=0.43..8.32 rows=1 width=4) (actual time=0.028..0.029 rows=1 loops=7)
        Index Cond: (id = ci.movie_id)
        Heap Fetches: 7
Planning time: 0.724 ms
Execution time: 10055.950 ms
