Hash Join  (cost=108248.19..475784.00 rows=287989 width=0) (actual time=1986.554..13112.915 rows=1315977 loops=1)
  Hash Cond: (mi.movie_id = t.id)
  ->  Seq Scan on movie_info mi  (cost=0.00..309384.22 rows=14739122 width=4) (actual time=0.013..4641.516 rows=14835720 loops=1)
  ->  Hash  (cost=107630.63..107630.63 rows=49405 width=8) (actual time=1986.178..1986.178 rows=113058 loops=1)
        Buckets: 131072 (originally 65536)  Batches: 2 (originally 1)  Memory Usage: 3246kB
        ->  Hash Join  (cost=69090.10..107630.63 rows=49405 width=8) (actual time=1196.138..1945.746 rows=113058 loops=1)
              Hash Cond: (mi_idx.movie_id = t.id)
              ->  Seq Scan on movie_info_idx mi_idx  (cost=0.00..21735.35 rows=1380035 width=4) (actual time=0.015..405.209 rows=1380035 loops=1)
              ->  Hash  (cost=67604.59..67604.59 rows=90521 width=4) (actual time=1044.108..1044.108 rows=90852 loops=1)
                    Buckets: 131072  Batches: 2  Memory Usage: 2626kB
                    ->  Seq Scan on title t  (cost=0.00..67604.59 rows=90521 width=4) (actual time=114.161..1009.998 rows=90852 loops=1)
                          Filter: (kind_id = 2)
                          Rows Removed by Filter: 2437460
Planning time: 0.742 ms
Execution time: 13280.795 ms
