Seq Scan on movie_keyword mk  (cost=0.00..81003.12 rows=2648276 width=0) (actual time=0.023..1459.578 rows=2635801 loops=1)
  Filter: (keyword_id > 3227)
  Rows Removed by Filter: 1888129
Planning time: 0.284 ms
Execution time: 1792.007 ms
