Hash Join  (cost=128753.29..215494.99 rows=8366 width=0) (actual time=2313.730..4181.090 rows=8462 loops=1)
  Hash Cond: (mk.movie_id = t.id)
  ->  Seq Scan on movie_keyword mk  (cost=0.00..69693.30 rows=4523930 width=4) (actual time=0.012..1046.326 rows=4523930 loops=1)
  ->  Hash  (cost=128694.84..128694.84 rows=4676 width=8) (actual time=2311.676..2311.676 rows=7451 loops=1)
        Buckets: 8192  Batches: 1  Memory Usage: 356kB
        ->  Hash Join  (cost=73982.55..128694.84 rows=4676 width=8) (actual time=1152.329..2308.835 rows=7451 loops=1)
              Hash Cond: (mc.movie_id = t.id)
              ->  Seq Scan on movie_companies mc  (cost=0.00..44881.29 rows=2609129 width=4) (actual time=0.021..628.932 rows=2609129 loops=1)
              ->  Hash  (cost=73925.90..73925.90 rows=4532 width=4) (actual time=1148.015..1148.015 rows=5201 loops=1)
                    Buckets: 8192  Batches: 1  Memory Usage: 247kB
                    ->  Seq Scan on title t  (cost=0.00..73925.90 rows=4532 width=4) (actual time=218.723..1145.334 rows=5201 loops=1)
                          Filter: ((kind_id = 7) AND (production_year = 1956))
                          Rows Removed by Filter: 2523111
Planning time: 1.167 ms
Execution time: 4182.312 ms
