Hash Join  (cost=111510.53..199113.41 rows=94484 width=0) (actual time=2262.045..5069.949 rows=1380456 loops=1)
  Hash Cond: (mk.movie_id = t.id)
  ->  Seq Scan on movie_keyword mk  (cost=0.00..69693.30 rows=4523930 width=4) (actual time=0.018..1110.592 rows=4523930 loops=1)
  ->  Hash  (cost=110850.42..110850.42 rows=52809 width=8) (actual time=2261.490..2261.490 rows=121545 loops=1)
        Buckets: 131072 (originally 65536)  Batches: 2 (originally 1)  Memory Usage: 3403kB
        ->  Hash Join  (cost=78641.77..110850.42 rows=52809 width=8) (actual time=1329.144..2212.947 rows=121545 loops=1)
              Hash Cond: (mi_idx.movie_id = t.id)
              ->  Seq Scan on movie_info_idx mi_idx  (cost=0.00..25185.44 rows=464566 width=4) (actual time=0.024..508.919 rows=459925 loops=1)
                    Filter: (info_type_id = 101)
                    Rows Removed by Filter: 920110
              ->  Hash  (cost=73925.90..73925.90 rows=287429 width=4) (actual time=1328.419..1328.419 rows=401493 loops=1)
                    Buckets: 131072 (originally 131072)  Batches: 8 (originally 4)  Memory Usage: 3073kB
                    ->  Seq Scan on title t  (cost=0.00..73925.90 rows=287429 width=4) (actual time=0.035..1194.775 rows=401493 loops=1)
                          Filter: ((kind_id < 7) AND (production_year < 1992))
                          Rows Removed by Filter: 2126819
Planning time: 1.088 ms
Execution time: 5225.518 ms
