Hash Join  (cost=224872.20..1418076.23 rows=9705795 width=0) (actual time=4921.740..53585.901 rows=60835951 loops=1)
  Hash Cond: (ci.movie_id = t.id)
  ->  Seq Scan on cast_info ci  (cost=0.00..705507.15 rows=33537584 width=4) (actual time=0.020..16490.118 rows=33514155 loops=1)
        Filter: (person_id < 3539933)
        Rows Removed by Filter: 2730189
  ->  Hash  (cost=212866.23..212866.23 rows=731757 width=8) (actual time=4920.554..4920.554 rows=1200973 loops=1)
        Buckets: 131072  Batches: 16  Memory Usage: 4008kB
        ->  Hash Join  (cost=82776.67..212866.23 rows=731757 width=8) (actual time=1261.524..4620.822 rows=1200973 loops=1)
              Hash Cond: (mk.movie_id = t.id)
              ->  Seq Scan on movie_keyword mk  (cost=0.00..81003.12 rows=3430099 width=4) (actual time=0.014..1694.484 rows=3423354 loops=1)
                    Filter: (keyword_id > 1129)
                    Rows Removed by Filter: 1100576
              ->  Hash  (cost=73925.90..73925.90 rows=539421 width=4) (actual time=1258.766..1258.766 rows=459810 loops=1)
                    Buckets: 131072  Batches: 8  Memory Usage: 3049kB
                    ->  Seq Scan on title t  (cost=0.00..73925.90 rows=539421 width=4) (actual time=0.011..1109.742 rows=459810 loops=1)
                          Filter: ((kind_id < 7) AND (production_year > 2000))
                          Rows Removed by Filter: 2068502
Planning time: 1.136 ms
Execution time: 60478.202 ms
