Hash Join  (cost=83073.20..109983.81 rows=13 width=0) (actual time=1410.516..1792.168 rows=18 loops=1)
  Hash Cond: (mi_idx.movie_id = t.id)
  ->  Seq Scan on movie_info_idx mi_idx  (cost=0.00..21735.35 rows=1380035 width=4) (actual time=0.017..286.483 rows=1380035 loops=1)
  ->  Hash  (cost=83072.90..83072.90 rows=24 width=8) (actual time=1257.016..1257.016 rows=6 loops=1)
        Buckets: 1024  Batches: 1  Memory Usage: 9kB
        ->  Nested Loop  (cost=0.43..83072.90 rows=24 width=8) (actual time=380.254..1257.007 rows=6 loops=1)
              ->  Seq Scan on movie_keyword mk  (cost=0.00..81003.12 rows=246 width=4) (actual time=0.040..1228.698 rows=981 loops=1)
                    Filter: (keyword_id = 10557)
                    Rows Removed by Filter: 4522949
              ->  Index Scan using title_pkey on title t  (cost=0.43..8.40 rows=1 width=4) (actual time=0.028..0.028 rows=0 loops=981)
                    Index Cond: (id = mk.movie_id)
                    Filter: ((production_year < 1972) AND (kind_id = 7))
                    Rows Removed by Filter: 1
Planning time: 1.100 ms
Execution time: 1792.301 ms
