Seq Scan on movie_keyword mk  (cost=0.00..81003.12 rows=246 width=0) (actual time=18.402..1238.900 rows=176 loops=1)
  Filter: (keyword_id = 25825)
  Rows Removed by Filter: 4523754
Planning time: 2.199 ms
Execution time: 1239.127 ms
