Hash Join  (cost=102767.86..984403.98 rows=3145412 width=0) (actual time=3513.179..20136.916 rows=4875478 loops=1)
  Hash Cond: (ci.movie_id = t.id)
  ->  Seq Scan on cast_info ci  (cost=0.00..796071.18 rows=3145412 width=4) (actual time=1566.550..13901.605 rows=4875478 loops=1)
        Filter: ((person_id > 2064124) AND (role_id = 2))
        Rows Removed by Filter: 31368866
  ->  Hash  (cost=61283.27..61283.27 rows=2528527 width=4) (actual time=1945.021..1945.021 rows=2528312 loops=1)
        Buckets: 131072  Batches: 64  Memory Usage: 2415kB
        ->  Seq Scan on title t  (cost=0.00..61283.27 rows=2528527 width=4) (actual time=0.019..1109.446 rows=2528312 loops=1)
Planning time: 0.653 ms
Execution time: 20708.146 ms
