Seq Scan on movie_companies mc  (cost=0.00..57926.93 rows=622166 width=0) (actual time=0.035..994.048 rows=889840 loops=1)
  Filter: ((company_id > 11865) AND (company_type_id = 2))
  Rows Removed by Filter: 1719289
Planning time: 0.376 ms
Execution time: 1100.290 ms
