Seq Scan on movie_companies mc  (cost=0.00..57926.93 rows=53 width=0) (actual time=266.296..738.243 rows=12 loops=1)
  Filter: ((company_id = 27803) AND (company_type_id = 2))
  Rows Removed by Filter: 2609117
Planning time: 0.328 ms
Execution time: 738.340 ms
