Seq Scan on movie_companies mc  (cost=0.00..57926.93 rows=41891 width=0) (actual time=191.878..829.628 rows=82175 loops=1)
  Filter: ((company_id > 168652) AND (company_type_id = 2))
  Rows Removed by Filter: 2526954
Planning time: 0.323 ms
Execution time: 840.244 ms
