Hash Join  (cost=92883.59..201443.05 rows=694159 width=0) (actual time=1775.628..4085.033 rows=142669 loops=1)
  Hash Cond: (mk.movie_id = t.id)
  ->  Seq Scan on movie_keyword mk  (cost=0.00..81003.12 rows=1139149 width=4) (actual time=0.029..1470.559 rows=1147395 loops=1)
        Filter: (keyword_id < 1316)
        Rows Removed by Filter: 3376535
  ->  Hash  (cost=67604.59..67604.59 rows=1540800 width=4) (actual time=1774.437..1774.437 rows=1543264 loops=1)
        Buckets: 131072  Batches: 32  Memory Usage: 2728kB
        ->  Seq Scan on title t  (cost=0.00..67604.59 rows=1540800 width=4) (actual time=83.403..1277.477 rows=1543264 loops=1)
              Filter: (kind_id = 7)
              Rows Removed by Filter: 985048
Planning time: 0.704 ms
Execution time: 4102.490 ms
