Hash Join  (cost=95693.05..969558.11 rows=2266471 width=0) (actual time=10105.830..22278.781 rows=2817592 loops=1)
  Hash Cond: (ci.movie_id = t.id)
  ->  Seq Scan on cast_info ci  (cost=0.00..796071.18 rows=4319510 width=4) (actual time=8215.974..17018.007 rows=4322087 loops=1)
        Filter: ((person_id > 1225) AND (role_id = 10))
        Rows Removed by Filter: 31922257
  ->  Hash  (cost=73925.90..73925.90 rows=1326732 width=4) (actual time=1888.296..1888.296 rows=1405802 loops=1)
        Buckets: 131072  Batches: 32  Memory Usage: 2570kB
        ->  Seq Scan on title t  (cost=0.00..73925.90 rows=1326732 width=4) (actual time=0.029..1449.417 rows=1405802 loops=1)
              Filter: ((production_year > 1963) AND (kind_id = 7))
              Rows Removed by Filter: 1122510
Planning time: 0.850 ms
Execution time: 22583.057 ms
