Hash Join  (cost=106561.27..1535105.04 rows=34018259 width=0) (actual time=2168.353..44990.241 rows=35509369 loops=1)
  Hash Cond: (ci.movie_id = t.id)
  ->  Seq Scan on cast_info ci  (cost=0.00..614943.12 rows=36225612 width=4) (actual time=0.009..13381.568 rows=36244344 loops=1)
  ->  Hash  (cost=67604.59..67604.59 rows=2374455 width=4) (actual time=2167.336..2167.336 rows=2370958 loops=1)
        Buckets: 131072  Batches: 32  Memory Usage: 3631kB
        ->  Seq Scan on title t  (cost=0.00..67604.59 rows=2374455 width=4) (actual time=0.019..1404.945 rows=2370958 loops=1)
              Filter: (production_year > 1919)
              Rows Removed by Filter: 157354
Planning time: 0.776 ms
Execution time: 48843.357 ms
