Hash Join  (cost=445405.99..1293594.62 rows=714285 width=0) (actual time=9970.155..26283.259 rows=319816 loops=1)
  Hash Cond: (ci.movie_id = t.id)
  ->  Seq Scan on cast_info ci  (cost=0.00..705507.15 rows=7556663 width=4) (actual time=0.017..13314.521 rows=7436237 loops=1)
        Filter: (role_id > 7)
        Rows Removed by Filter: 28808107
  ->  Hash  (cost=441484.42..441484.42 rows=239006 width=8) (actual time=9969.229..9969.229 rows=61354 loops=1)
        Buckets: 131072  Batches: 4  Memory Usage: 1620kB
        ->  Hash Join  (cost=74438.43..441484.42 rows=239006 width=8) (actual time=1302.730..9939.790 rows=61354 loops=1)
              Hash Cond: (mi.movie_id = t.id)
              ->  Seq Scan on movie_info mi  (cost=0.00..309384.22 rows=14739122 width=4) (actual time=0.017..4652.107 rows=14835720 loops=1)
              ->  Hash  (cost=73925.90..73925.90 rows=41002 width=4) (actual time=1298.513..1298.513 rows=40409 loops=1)
                    Buckets: 65536  Batches: 1  Memory Usage: 1933kB
                    ->  Seq Scan on title t  (cost=0.00..73925.90 rows=41002 width=4) (actual time=0.022..1281.723 rows=40409 loops=1)
                          Filter: ((kind_id > 4) AND (production_year > 2012))
                          Rows Removed by Filter: 2487903
Planning time: 0.991 ms
Execution time: 26325.400 ms
