Hash Join  (cost=84570.03..128338.19 rows=354068 width=0) (actual time=1375.051..3522.682 rows=242709 loops=1)
  Hash Cond: (mi_idx.movie_id = t.id)
  ->  Seq Scan on movie_info_idx mi_idx  (cost=0.00..21735.35 rows=1380035 width=4) (actual time=0.012..485.587 rows=1380035 loops=1)
  ->  Hash  (cost=73925.90..73925.90 rows=648730 width=4) (actual time=1374.226..1374.226 rows=530222 loops=1)
        Buckets: 131072  Batches: 16  Memory Usage: 2187kB
        ->  Seq Scan on title t  (cost=0.00..73925.90 rows=648730 width=4) (actual time=0.016..1206.934 rows=530222 loops=1)
              Filter: ((kind_id > 2) AND (production_year < 1998))
              Rows Removed by Filter: 1998090
Planning time: 18.721 ms
Execution time: 3554.030 ms
