Seq Scan on cast_info ci  (cost=0.00..705507.15 rows=10984806 width=0) (actual time=0.017..11812.853 rows=10890809 loops=1)
  Filter: (person_id < 1070005)
  Rows Removed by Filter: 25353535
Planning time: 0.341 ms
Execution time: 13165.948 ms
