Hash Join  (cost=104131.46..1534263.18 rows=29160476 width=0) (actual time=2142.751..45402.793 rows=29669244 loops=1)
  Hash Cond: (ci.movie_id = t.id)
  ->  Seq Scan on cast_info ci  (cost=0.00..705507.15 rows=33117761 width=4) (actual time=0.018..16646.686 rows=33078338 loops=1)
        Filter: (person_id < 3478808)
        Rows Removed by Filter: 3166006
  ->  Hash  (cost=67604.59..67604.59 rows=2226390 width=4) (actual time=2141.616..2141.616 rows=2224569 loops=1)
        Buckets: 131072  Batches: 32  Memory Usage: 3463kB
        ->  Seq Scan on title t  (cost=0.00..67604.59 rows=2226390 width=4) (actual time=0.023..1423.027 rows=2224569 loops=1)
              Filter: (production_year < 2012)
              Rows Removed by Filter: 303743
Planning time: 0.749 ms
Execution time: 48612.347 ms
