Hash Join  (cost=88317.49..134224.43 rows=478746 width=0) (actual time=2113.535..3594.945 rows=841849 loops=1)
  Hash Cond: (mi_idx.movie_id = t.id)
  ->  Seq Scan on movie_info_idx mi_idx  (cost=0.00..21735.35 rows=1380035 width=4) (actual time=0.017..480.603 rows=1380035 loops=1)
  ->  Hash  (cost=73925.90..73925.90 rows=877167 width=4) (actual time=2112.767..2112.767 rows=790316 loops=1)
        Buckets: 131072  Batches: 16  Memory Usage: 2762kB
        ->  Seq Scan on title t  (cost=0.00..73925.90 rows=877167 width=4) (actual time=0.024..1167.968 rows=790316 loops=1)
              Filter: ((kind_id < 7) AND (production_year > 1957))
              Rows Removed by Filter: 1737996
Planning time: 0.724 ms
Execution time: 3696.695 ms
