Hash Join  (cost=319290.19..1040242.96 rows=19146806 width=0) (actual time=7370.774..63191.605 rows=168566839 loops=1)
  Hash Cond: (mi.movie_id = t.id)
  ->  Seq Scan on movie_info mi  (cost=0.00..309384.22 rows=14739122 width=4) (actual time=0.023..6593.483 rows=14835720 loops=1)
  ->  Hash  (cost=265400.77..265400.77 rows=3284674 width=8) (actual time=7369.672..7369.672 rows=2946979 loops=1)
        Buckets: 131072  Batches: 64  Memory Usage: 2878kB
        ->  Hash Join  (cost=97725.07..265400.77 rows=3284674 width=8) (actual time=1946.281..6536.460 rows=2946979 loops=1)
              Hash Cond: (mk.movie_id = t.id)
              ->  Seq Scan on movie_keyword mk  (cost=0.00..69693.30 rows=4523930 width=4) (actual time=0.018..1546.678 rows=4523930 loops=1)
              ->  Hash  (cost=67604.59..67604.59 rows=1835879 width=4) (actual time=1944.316..1944.316 rows=1833367 loops=1)
                    Buckets: 131072  Batches: 32  Memory Usage: 3053kB
                    ->  Seq Scan on title t  (cost=0.00..67604.59 rows=1835879 width=4) (actual time=0.019..1339.063 rows=1833367 loops=1)
                          Filter: (production_year > 1986)
                          Rows Removed by Filter: 694945
Planning time: 8.002 ms
Execution time: 82452.425 ms
