Hash Join  (cost=227808.94..1399217.78 rows=13395271 width=0) (actual time=6395.622..71739.702 rows=131463386 loops=1)
  Hash Cond: (ci.movie_id = t.id)
  ->  Seq Scan on cast_info ci  (cost=0.00..614943.12 rows=36225612 width=4) (actual time=0.019..13526.240 rows=36244344 loops=1)
  ->  Hash  (cost=212468.67..212468.67 rows=934982 width=8) (actual time=6393.911..6393.911 rows=2248785 loops=1)
        Buckets: 131072 (originally 131072)  Batches: 32 (originally 16)  Memory Usage: 3759kB
        ->  Hash Join  (cost=78556.72..212468.67 rows=934982 width=8) (actual time=1453.553..5462.753 rows=2248785 loops=1)
              Hash Cond: (mk.movie_id = t.id)
              ->  Seq Scan on movie_keyword mk  (cost=0.00..81003.12 rows=3541600 width=4) (actual time=0.026..1818.205 rows=3534280 loops=1)
                    Filter: (keyword_id < 18703)
                    Rows Removed by Filter: 989650
              ->  Hash  (cost=67604.59..67604.59 rows=667531 width=4) (actual time=1452.702..1452.702 rows=662825 loops=1)
                    Buckets: 131072  Batches: 16  Memory Usage: 2486kB
                    ->  Seq Scan on title t  (cost=0.00..67604.59 rows=667531 width=4) (actual time=0.011..1241.273 rows=662825 loops=1)
                          Filter: (kind_id = 1)
                          Rows Removed by Filter: 1865487
Planning time: 1.744 ms
Execution time: 86092.493 ms
