Hash Join  (cost=157091.93..273052.87 rows=194663 width=0) (actual time=3407.618..6270.818 rows=92296 loops=1)
  Hash Cond: (mk.movie_id = t.id)
  ->  Seq Scan on movie_keyword mk  (cost=0.00..81003.12 rows=2795517 width=4) (actual time=0.022..1818.743 rows=2785194 loops=1)
        Filter: (keyword_id < 8087)
        Rows Removed by Filter: 1738736
  ->  Hash  (cost=154203.04..154203.04 rows=176071 width=8) (actual time=3396.687..3396.687 rows=92024 loops=1)
        Buckets: 131072  Batches: 4  Memory Usage: 1947kB
        ->  Hash Join  (cost=76725.80..154203.04 rows=176071 width=8) (actual time=1338.580..3366.825 rows=92024 loops=1)
              Hash Cond: (mc.movie_id = t.id)
              ->  Seq Scan on movie_companies mc  (cost=0.00..44881.29 rows=2609129 width=4) (actual time=0.016..943.410 rows=2609129 loops=1)
              ->  Hash  (cost=73925.90..73925.90 rows=170632 width=4) (actual time=1337.750..1337.750 rows=170068 loops=1)
                    Buckets: 131072  Batches: 4  Memory Usage: 2534kB
                    ->  Seq Scan on title t  (cost=0.00..73925.90 rows=170632 width=4) (actual time=0.023..1279.776 rows=170068 loops=1)
                          Filter: ((kind_id > 1) AND (production_year > 2011))
                          Rows Removed by Filter: 2358244
Planning time: 1.137 ms
Execution time: 6283.133 ms
