Hash Join  (cost=470989.55..1537167.15 rows=3151444 width=0) (actual time=8354.689..39468.103 rows=7888063 loops=1)
  Hash Cond: (ci.movie_id = t.id)
  ->  Seq Scan on cast_info ci  (cost=0.00..614943.12 rows=36225612 width=4) (actual time=0.015..12955.125 rows=36244344 loops=1)
  ->  Hash  (cost=467379.93..467379.93 rows=219969 width=8) (actual time=8353.551..8353.551 rows=501379 loops=1)
        Buckets: 131072 (originally 131072)  Batches: 8 (originally 4)  Memory Usage: 3464kB
        ->  Hash Join  (cost=76444.38..467379.93 rows=219969 width=8) (actual time=1176.169..8200.825 rows=501379 loops=1)
              Hash Cond: (mi.movie_id = t.id)
              ->  Seq Scan on movie_info mi  (cost=0.00..346232.03 rows=3623957 width=4) (actual time=0.025..5375.192 rows=3624977 loops=1)
                    Filter: (info_type_id < 4)
                    Rows Removed by Filter: 11210743
              ->  Hash  (cost=73925.90..73925.90 rows=153478 width=4) (actual time=1175.389..1175.389 rows=134760 loops=1)
                    Buckets: 131072  Batches: 4  Memory Usage: 2222kB
                    ->  Seq Scan on title t  (cost=0.00..73925.90 rows=153478 width=4) (actual time=0.023..1126.725 rows=134760 loops=1)
                          Filter: ((kind_id < 7) AND (production_year > 2010))
                          Rows Removed by Filter: 2393552
Planning time: 0.984 ms
Execution time: 40370.410 ms
