Hash Join  (cost=85777.42..998507.09 rows=5574880 width=0) (actual time=6861.605..24455.456 rows=5320095 loops=1)
  Hash Cond: (ci.movie_id = t.id)
  ->  Seq Scan on cast_info ci  (cost=0.00..705507.15 rows=12726058 width=4) (actual time=4822.675..14433.843 rows=12670688 loops=1)
        Filter: (role_id = 1)
        Rows Removed by Filter: 23573656
  ->  Hash  (cost=67604.59..67604.59 rows=1107667 width=4) (actual time=2037.777..2037.777 rows=1107925 loops=1)
        Buckets: 131072  Batches: 16  Memory Usage: 3460kB
        ->  Seq Scan on title t  (cost=0.00..67604.59 rows=1107667 width=4) (actual time=0.033..1383.843 rows=1107925 loops=1)
              Filter: (production_year > 2004)
              Rows Removed by Filter: 1420387
Planning time: 0.739 ms
Execution time: 25043.328 ms
