Hash Join  (cost=944104.09..1478296.08 rows=5097006 width=0) (actual time=15514.733..38104.769 rows=33025558 loops=1)
  Hash Cond: (mi.movie_id = t.id)
  ->  Seq Scan on movie_info mi  (cost=0.00..309384.22 rows=14739122 width=4) (actual time=0.016..6316.561 rows=14835720 loops=1)
  ->  Hash  (cost=929758.07..929758.07 rows=874402 width=8) (actual time=15513.752..15513.752 rows=1367139 loops=1)
        Buckets: 131072 (originally 131072)  Batches: 32 (originally 16)  Memory Usage: 3073kB
        ->  Hash Join  (cost=102767.86..929758.07 rows=874402 width=8) (actual time=3412.349..15109.947 rows=1367139 loops=1)
              Hash Cond: (ci.movie_id = t.id)
              ->  Seq Scan on cast_info ci  (cost=0.00..796071.18 rows=874402 width=4) (actual time=771.600..10985.095 rows=1367139 loops=1)
                    Filter: ((person_id > 3796435) AND (role_id > 1))
                    Rows Removed by Filter: 34877205
              ->  Hash  (cost=61283.27..61283.27 rows=2528527 width=4) (actual time=2638.732..2638.732 rows=2528312 loops=1)
                    Buckets: 131072  Batches: 64  Memory Usage: 2415kB
                    ->  Seq Scan on title t  (cost=0.00..61283.27 rows=2528527 width=4) (actual time=0.023..1100.106 rows=2528312 loops=1)
Planning time: 1.163 ms
Execution time: 41942.066 ms
