Hash Join  (cost=109991.40..933040.58 rows=492998 width=0) (actual time=2237.011..29287.474 rows=2074540 loops=1)
  Hash Cond: (ci.movie_id = t.id)
  ->  Seq Scan on cast_info ci  (cost=0.00..705507.15 rows=30029867 width=4) (actual time=0.013..14054.708 rows=29975366 loops=1)
        Filter: (person_id < 3025135)
        Rows Removed by Filter: 6268978
  ->  Hash  (cost=109472.52..109472.52 rows=41511 width=8) (actual time=2236.575..2236.575 rows=95904 loops=1)
        Buckets: 131072 (originally 65536)  Batches: 2 (originally 1)  Memory Usage: 3073kB
        ->  Hash Join  (cost=77718.01..109472.52 rows=41511 width=8) (actual time=1337.731..2196.651 rows=95904 loops=1)
              Hash Cond: (mi_idx.movie_id = t.id)
              ->  Seq Scan on movie_info_idx mi_idx  (cost=0.00..25185.44 rows=454124 width=4) (actual time=0.015..531.923 rows=459925 loops=1)
                    Filter: (info_type_id = 100)
                    Rows Removed by Filter: 920110
              ->  Hash  (cost=73925.90..73925.90 rows=231128 width=4) (actual time=1336.566..1336.566 rows=341868 loops=1)
                    Buckets: 131072  Batches: 4  Memory Usage: 4031kB
                    ->  Seq Scan on title t  (cost=0.00..73925.90 rows=231128 width=4) (actual time=0.012..1228.036 rows=341868 loops=1)
                          Filter: ((kind_id < 7) AND (production_year < 1985))
                          Rows Removed by Filter: 2186444
Planning time: 1.195 ms
Execution time: 29554.890 ms
