Seq Scan on movie_companies mc  (cost=0.00..51404.11 rows=350599 width=0) (actual time=139.839..898.865 rows=355474 loops=1)
  Filter: (company_id > 87657)
  Rows Removed by Filter: 2253655
Planning time: 0.230 ms
Execution time: 942.293 ms
