Hash Join  (cost=102767.86..992344.14 rows=3475391 width=0) (actual time=12281.173..17153.801 rows=1147454 loops=1)
  Hash Cond: (ci.movie_id = t.id)
  ->  Seq Scan on cast_info ci  (cost=0.00..796071.18 rows=3475391 width=4) (actual time=10289.674..13887.629 rows=1147454 loops=1)
        Filter: ((person_id < 2178597) AND (role_id > 8))
        Rows Removed by Filter: 35096890
  ->  Hash  (cost=61283.27..61283.27 rows=2528527 width=4) (actual time=1990.001..1990.001 rows=2528312 loops=1)
        Buckets: 131072  Batches: 64  Memory Usage: 2415kB
        ->  Seq Scan on title t  (cost=0.00..61283.27 rows=2528527 width=4) (actual time=0.016..1136.508 rows=2528312 loops=1)
Planning time: 0.774 ms
Execution time: 17287.968 ms
