Hash Join  (cost=83073.30..447731.10 rows=185 width=0) (actual time=1287.346..8228.897 rows=79 loops=1)
  Hash Cond: (mi.movie_id = t.id)
  ->  Seq Scan on movie_info mi  (cost=0.00..309384.22 rows=14739122 width=4) (actual time=0.014..4356.604 rows=14835720 loops=1)
  ->  Hash  (cost=83072.90..83072.90 rows=32 width=8) (actual time=1245.603..1245.603 rows=9 loops=1)
        Buckets: 1024  Batches: 1  Memory Usage: 9kB
        ->  Nested Loop  (cost=0.43..83072.90 rows=32 width=8) (actual time=764.837..1245.585 rows=9 loops=1)
              ->  Seq Scan on movie_keyword mk  (cost=0.00..81003.12 rows=246 width=4) (actual time=2.755..1216.331 rows=673 loops=1)
                    Filter: (keyword_id = 4416)
                    Rows Removed by Filter: 4523257
              ->  Index Scan using title_pkey on title t  (cost=0.43..8.40 rows=1 width=4) (actual time=0.042..0.042 rows=0 loops=673)
                    Index Cond: (id = mk.movie_id)
                    Filter: ((production_year > 2009) AND (kind_id = 7))
                    Rows Removed by Filter: 1
Planning time: 1.147 ms
Execution time: 8229.061 ms
