Hash Join  (cost=90416.96..632739.90 rows=5859002 width=0) (actual time=1658.509..15219.260 rows=2455675 loops=1)
  Hash Cond: (mi.movie_id = t.id)
  ->  Seq Scan on movie_info mi  (cost=0.00..309384.22 rows=14739122 width=4) (actual time=0.010..5926.223 rows=14835720 loops=1)
  ->  Hash  (cost=73925.90..73925.90 rows=1005124 width=4) (actual time=1657.330..1657.330 rows=1099095 loops=1)
        Buckets: 131072  Batches: 16  Memory Usage: 3453kB
        ->  Seq Scan on title t  (cost=0.00..73925.90 rows=1005124 width=4) (actual time=0.015..1294.164 rows=1099095 loops=1)
              Filter: ((production_year > 1994) AND (kind_id = 7))
              Rows Removed by Filter: 1429217
Planning time: 0.776 ms
Execution time: 15494.267 ms
