Hash Join  (cost=138217.09..249511.83 rows=260527 width=0) (actual time=3188.131..5899.683 rows=874445 loops=1)
  Hash Cond: (mk.movie_id = t.id)
  ->  Seq Scan on movie_keyword mk  (cost=0.00..81003.12 rows=2297424 width=4) (actual time=0.019..1622.126 rows=2302955 loops=1)
        Filter: (keyword_id < 4933)
        Rows Removed by Filter: 2220975
  ->  Hash  (cost=133511.92..133511.92 rows=286734 width=8) (actual time=3187.181..3187.181 rows=261891 loops=1)
        Buckets: 131072  Batches: 4  Memory Usage: 3582kB
        ->  Hash Join  (cost=93408.25..133511.92 rows=286734 width=8) (actual time=1948.260..3101.533 rows=261891 loops=1)
              Hash Cond: (mi_idx.movie_id = t.id)
              ->  Seq Scan on movie_info_idx mi_idx  (cost=0.00..25185.44 rows=460978 width=4) (actual time=0.019..533.782 rows=459925 loops=1)
                    Filter: (info_type_id = 99)
                    Rows Removed by Filter: 920110
              ->  Hash  (cost=67604.59..67604.59 rows=1572773 width=4) (actual time=1947.218..1947.218 rows=1570568 loops=1)
                    Buckets: 131072  Batches: 32  Memory Usage: 2751kB
                    ->  Seq Scan on title t  (cost=0.00..67604.59 rows=1572773 width=4) (actual time=0.023..1435.312 rows=1570568 loops=1)
                          Filter: (production_year > 1996)
                          Rows Removed by Filter: 957744
Planning time: 1.213 ms
Execution time: 5994.678 ms
