Hash Join  (cost=115580.45..844649.51 rows=4529 width=0) (actual time=1387.498..13853.391 rows=17137 loops=1)
  Hash Cond: (ci.movie_id = t.id)
  ->  Seq Scan on cast_info ci  (cost=0.00..705507.15 rows=6271099 width=4) (actual time=0.011..11258.494 rows=6348505 loops=1)
        Filter: (person_id > 3018626)
        Rows Removed by Filter: 29895839
  ->  Hash  (cost=115557.62..115557.62 rows=1826 width=8) (actual time=1386.974..1386.974 rows=1538 loops=1)
        Buckets: 2048  Batches: 1  Memory Usage: 77kB
        ->  Nested Loop  (cost=0.43..115557.62 rows=1826 width=8) (actual time=20.347..1385.789 rows=1538 loops=1)
              ->  Seq Scan on movie_keyword mk  (cost=0.00..81003.12 rows=4675 width=4) (actual time=0.279..1235.220 rows=4057 loops=1)
                    Filter: (keyword_id = 2862)
                    Rows Removed by Filter: 4519873
              ->  Index Scan using title_pkey on title t  (cost=0.43..7.38 rows=1 width=4) (actual time=0.036..0.036 rows=0 loops=4057)
                    Index Cond: (id = mk.movie_id)
                    Filter: (kind_id < 7)
                    Rows Removed by Filter: 1
Planning time: 1.239 ms
Execution time: 13857.187 ms
