Nested Loop  (cost=0.43..58358.27 rows=51 width=0) (actual time=289.054..822.872 rows=139 loops=1)
  ->  Seq Scan on movie_companies mc  (cost=0.00..57926.93 rows=51 width=4) (actual time=288.962..817.692 rows=139 loops=1)
        Filter: ((company_id = 8943) AND (company_type_id = 1))
        Rows Removed by Filter: 2608990
  ->  Index Only Scan using title_pkey on title t  (cost=0.43..8.45 rows=1 width=4) (actual time=0.035..0.035 rows=1 loops=139)
        Index Cond: (id = mc.movie_id)
        Heap Fetches: 139
Planning time: 0.754 ms
Execution time: 823.020 ms
