Nested Loop  (cost=0.43..133908.21 rows=2682 width=0) (actual time=6.625..1498.919 rows=15 loops=1)
  ->  Seq Scan on movie_keyword mk  (cost=0.00..81003.12 rows=7691 width=4) (actual time=0.975..1278.635 rows=7640 loops=1)
        Filter: (keyword_id = 3660)
        Rows Removed by Filter: 4516290
  ->  Index Scan using title_pkey on title t  (cost=0.43..6.87 rows=1 width=4) (actual time=0.028..0.028 rows=0 loops=7640)
        Index Cond: (id = mk.movie_id)
        Filter: ((kind_id > 6) AND (production_year < 2006))
        Rows Removed by Filter: 1
Planning time: 0.773 ms
Execution time: 1499.025 ms
