Hash Join  (cost=102767.86..1127846.10 rows=9106650 width=0) (actual time=9035.525..22232.095 rows=5367217 loops=1)
  Hash Cond: (ci.movie_id = t.id)
  ->  Seq Scan on cast_info ci  (cost=0.00..796071.18 rows=9106650 width=4) (actual time=7071.787..15629.141 rows=5367217 loops=1)
        Filter: ((person_id > 996839) AND (role_id = 1))
        Rows Removed by Filter: 30877127
  ->  Hash  (cost=61283.27..61283.27 rows=2528527 width=4) (actual time=1962.007..1962.007 rows=2528312 loops=1)
        Buckets: 131072  Batches: 64  Memory Usage: 2415kB
        ->  Seq Scan on title t  (cost=0.00..61283.27 rows=2528527 width=4) (actual time=0.014..1131.768 rows=2528312 loops=1)
Planning time: 0.768 ms
Execution time: 22849.568 ms
