Hash Join  (cost=176569.11..1318660.03 rows=10541275 width=0) (actual time=4416.266..42487.193 rows=23057793 loops=1)
  Hash Cond: (ci.movie_id = t.id)
  ->  Seq Scan on cast_info ci  (cost=0.00..614943.12 rows=36225612 width=4) (actual time=0.024..13714.503 rows=36244344 loops=1)
  ->  Hash  (cost=164496.92..164496.92 rows=735775 width=8) (actual time=4414.890..4414.890 rows=1076426 loops=1)
        Buckets: 131072  Batches: 16  Memory Usage: 3668kB
        ->  Hash Join  (cost=79303.65..164496.92 rows=735775 width=8) (actual time=1412.369..4091.794 rows=1076426 loops=1)
              Hash Cond: (mc.movie_id = t.id)
              ->  Seq Scan on movie_companies mc  (cost=0.00..44881.29 rows=2609129 width=4) (actual time=0.021..994.357 rows=2609129 loops=1)
              ->  Hash  (cost=67604.59..67604.59 rows=713045 width=4) (actual time=1411.451..1411.451 rows=707186 loops=1)
                    Buckets: 131072  Batches: 16  Memory Usage: 2578kB
                    ->  Seq Scan on title t  (cost=0.00..67604.59 rows=713045 width=4) (actual time=0.018..1180.099 rows=707186 loops=1)
                          Filter: (production_year < 1991)
                          Rows Removed by Filter: 1821126
Planning time: 1.145 ms
Execution time: 45118.562 ms
