Hash Join  (cost=261245.71..908857.59 rows=14000005 width=0) (actual time=6838.214..37071.564 rows=63673953 loops=1)
  Hash Cond: (mi.movie_id = t.id)
  ->  Seq Scan on movie_info mi  (cost=0.00..309384.22 rows=14739122 width=4) (actual time=0.009..6279.090 rows=14835720 loops=1)
  ->  Hash  (cost=221842.08..221842.08 rows=2401730 width=8) (actual time=6836.082..6836.082 rows=2400607 loops=1)
        Buckets: 131072  Batches: 32  Memory Usage: 3993kB
        ->  Hash Join  (cost=102767.86..221842.08 rows=2401730 width=8) (actual time=1950.511..6015.127 rows=2400607 loops=1)
              Hash Cond: (mc.movie_id = t.id)
              ->  Seq Scan on movie_companies mc  (cost=0.00..51404.11 rows=2401730 width=4) (actual time=0.018..1158.820 rows=2400607 loops=1)
                    Filter: (company_id < 110944)
                    Rows Removed by Filter: 208522
              ->  Hash  (cost=61283.27..61283.27 rows=2528527 width=4) (actual time=1949.330..1949.330 rows=2528312 loops=1)
                    Buckets: 131072  Batches: 64  Memory Usage: 2415kB
                    ->  Seq Scan on title t  (cost=0.00..61283.27 rows=2528527 width=4) (actual time=0.009..1100.589 rows=2528312 loops=1)
Planning time: 1.147 ms
Execution time: 44074.343 ms
