Hash Join  (cost=76857.10..942587.19 rows=397136 width=0) (actual time=5310.019..16140.136 rows=40596 loops=1)
  Hash Cond: (ci.movie_id = t.id)
  ->  Seq Scan on cast_info ci  (cost=0.00..796071.18 rows=5620678 width=4) (actual time=4144.179..13338.687 rows=3461356 loops=1)
        Filter: ((person_id < 1233071) AND (role_id > 2))
        Rows Removed by Filter: 32782988
  ->  Hash  (cost=73925.90..73925.90 rows=178656 width=4) (actual time=1161.678..1161.678 rows=52230 loops=1)
        Buckets: 131072  Batches: 4  Memory Usage: 1486kB
        ->  Seq Scan on title t  (cost=0.00..73925.90 rows=178656 width=4) (actual time=0.040..1140.969 rows=52230 loops=1)
              Filter: ((kind_id > 1) AND (production_year < 1960))
              Rows Removed by Filter: 2476082
Planning time: 0.773 ms
Execution time: 16145.705 ms
