Hash Join  (cost=88560.69..176299.39 rows=920417 width=0) (actual time=1444.584..4206.204 rows=1514745 loops=1)
  Hash Cond: (mc.movie_id = t.id)
  ->  Seq Scan on movie_companies mc  (cost=0.00..44881.29 rows=2609129 width=4) (actual time=0.020..969.604 rows=2609129 loops=1)
  ->  Hash  (cost=73925.90..73925.90 rows=891983 width=4) (actual time=1443.134..1443.134 rows=807055 loops=1)
        Buckets: 131072  Batches: 16  Memory Usage: 2799kB
        ->  Seq Scan on title t  (cost=0.00..73925.90 rows=891983 width=4) (actual time=0.022..1182.575 rows=807055 loops=1)
              Filter: ((kind_id < 7) AND (production_year > 1952))
              Rows Removed by Filter: 1721257
Planning time: 3.258 ms
Execution time: 4387.551 ms
