Hash Join  (cost=58375.69..809169.16 rows=430 width=0) (actual time=903.602..16301.730 rows=13903 loops=1)
  Hash Cond: (ci.movie_id = t.id)
  ->  Seq Scan on cast_info ci  (cost=0.00..614943.12 rows=36225612 width=4) (actual time=0.019..8490.520 rows=36244344 loops=1)
  ->  Hash  (cost=58375.31..58375.31 rows=30 width=8) (actual time=889.969..889.969 rows=690 loops=1)
        Buckets: 1024  Batches: 1  Memory Usage: 35kB
        ->  Nested Loop  (cost=0.43..58375.31 rows=30 width=8) (actual time=1.052..889.507 rows=690 loops=1)
              ->  Seq Scan on movie_companies mc  (cost=0.00..57926.93 rows=53 width=4) (actual time=1.002..863.912 rows=690 loops=1)
                    Filter: ((company_id = 50752) AND (company_type_id = 2))
                    Rows Removed by Filter: 2608439
              ->  Index Scan using title_pkey on title t  (cost=0.43..8.45 rows=1 width=4) (actual time=0.036..0.036 rows=1 loops=690)
                    Index Cond: (id = mc.movie_id)
                    Filter: (production_year < 2006)
Planning time: 1.202 ms
Execution time: 16304.866 ms
