Nested Loop  (cost=0.43..799265.94 rows=382 width=0) (actual time=5431.025..13548.163 rows=216 loops=1)
  ->  Seq Scan on cast_info ci  (cost=0.00..796071.18 rows=382 width=4) (actual time=5430.891..13544.844 rows=216 loops=1)
        Filter: ((role_id < 6) AND (person_id = 803049))
        Rows Removed by Filter: 36244128
  ->  Index Only Scan using title_pkey on title t  (cost=0.43..8.35 rows=1 width=4) (actual time=0.014..0.014 rows=1 loops=216)
        Index Cond: (id = ci.movie_id)
        Heap Fetches: 216
Planning time: 0.785 ms
Execution time: 13548.293 ms
