Hash Join  (cost=69409.47..556056.92 rows=641152 width=0) (actual time=1101.839..11982.283 rows=1215994 loops=1)
  Hash Cond: (mi.movie_id = t.id)
  ->  Seq Scan on movie_info mi  (cost=0.00..309384.22 rows=14739122 width=4) (actual time=0.018..5528.898 rows=14835720 loops=1)
  ->  Hash  (cost=67604.59..67604.59 rows=109991 width=4) (actual time=1101.046..1101.046 rows=112515 loops=1)
        Buckets: 131072  Batches: 2  Memory Usage: 3002kB
        ->  Seq Scan on title t  (cost=0.00..67604.59 rows=109991 width=4) (actual time=0.022..1060.176 rows=112515 loops=1)
              Filter: (production_year < 1929)
              Rows Removed by Filter: 2415797
Planning time: 0.728 ms
Execution time: 12114.461 ms
