Hash Join  (cost=121102.39..1117018.76 rows=1557407 width=0) (actual time=3165.903..27302.214 rows=2187693 loops=1)
  Hash Cond: (ci.movie_id = t.id)
  ->  Seq Scan on cast_info ci  (cost=0.00..796071.18 rows=15852836 width=4) (actual time=0.017..17051.088 rows=15951461 loops=1)
        Filter: ((person_id > 71269) AND (role_id > 2))
        Rows Removed by Filter: 20292883
  ->  Hash  (cost=117026.32..117026.32 rows=248406 width=8) (actual time=3164.795..3164.795 rows=275248 loops=1)
        Buckets: 131072  Batches: 4  Memory Usage: 3721kB
        ->  Hash Join  (cost=75071.77..117026.32 rows=248406 width=8) (actual time=1882.128..3077.746 rows=275248 loops=1)
              Hash Cond: (mi_idx.movie_id = t.id)
              ->  Seq Scan on movie_info_idx mi_idx  (cost=0.00..21735.35 rows=1380035 width=4) (actual time=0.023..432.353 rows=1380035 loops=1)
              ->  Hash  (cost=67604.59..67604.59 rows=455135 width=4) (actual time=1881.236..1881.236 rows=451569 loops=1)
                    Buckets: 131072  Batches: 8  Memory Usage: 3003kB
                    ->  Seq Scan on title t  (cost=0.00..67604.59 rows=455135 width=4) (actual time=0.012..1056.090 rows=451569 loops=1)
                          Filter: (production_year < 1976)
                          Rows Removed by Filter: 2076743
Planning time: 1.221 ms
Execution time: 27560.326 ms
