Hash Join  (cost=199688.57..693167.36 rows=3596748 width=0) (actual time=4409.689..16632.171 rows=3940812 loops=1)
  Hash Cond: (mi.movie_id = t.id)
  ->  Seq Scan on movie_info mi  (cost=0.00..346232.03 rows=9293409 width=4) (actual time=227.327..6882.504 rows=9425200 loops=1)
        Filter: (info_type_id > 5)
        Rows Removed by Filter: 5410520
  ->  Hash  (cost=183633.15..183633.15 rows=978594 width=8) (actual time=4181.525..4181.525 rows=694263 loops=1)
        Buckets: 131072  Batches: 16  Memory Usage: 2722kB
        ->  Hash Join  (cost=98137.04..183633.15 rows=978594 width=8) (actual time=1950.705..3982.549 rows=694263 loops=1)
              Hash Cond: (mc.movie_id = t.id)
              ->  Seq Scan on movie_companies mc  (cost=0.00..51404.11 rows=1329612 width=4) (actual time=68.523..976.944 rows=1334883 loops=1)
                    Filter: (company_type_id > 1)
                    Rows Removed by Filter: 1274246
              ->  Hash  (cost=67604.59..67604.59 rows=1860996 width=4) (actual time=1881.304..1881.304 rows=1865487 loops=1)
                    Buckets: 131072  Batches: 32  Memory Usage: 3079kB
                    ->  Seq Scan on title t  (cost=0.00..67604.59 rows=1860996 width=4) (actual time=0.021..1290.668 rows=1865487 loops=1)
                          Filter: (kind_id > 1)
                          Rows Removed by Filter: 662825
Planning time: 1.165 ms
Execution time: 17033.504 ms
