Hash Join  (cost=78779.83..207230.80 rows=529293 width=0) (actual time=3109.134..4038.642 rows=100524 loops=1)
  Hash Cond: (mk.movie_id = t.id)
  ->  Seq Scan on movie_keyword mk  (cost=0.00..69693.30 rows=4523930 width=4) (actual time=0.013..1391.038 rows=4523930 loops=1)
  ->  Hash  (cost=73925.90..73925.90 rows=295834 width=4) (actual time=1088.242..1088.242 rows=185285 loops=1)
        Buckets: 131072  Batches: 4  Memory Usage: 2654kB
        ->  Seq Scan on title t  (cost=0.00..73925.90 rows=295834 width=4) (actual time=0.026..1020.463 rows=185285 loops=1)
              Filter: ((production_year < 1978) AND (kind_id = 7))
              Rows Removed by Filter: 2343027
Planning time: 0.725 ms
Execution time: 4047.745 ms
