Seq Scan on movie_companies mc  (cost=0.00..57926.93 rows=53 width=0) (actual time=44.241..930.176 rows=36 loops=1)
  Filter: ((company_id = 88098) AND (company_type_id = 2))
  Rows Removed by Filter: 2609093
Planning time: 0.369 ms
Execution time: 930.265 ms
