Seq Scan on movie_companies mc  (cost=0.00..57926.93 rows=51 width=0) (actual time=453.118..863.568 rows=26 loops=1)
  Filter: ((company_id = 18982) AND (company_type_id = 1))
  Rows Removed by Filter: 2609103
Planning time: 0.359 ms
Execution time: 863.683 ms
