Seq Scan on cast_info ci  (cost=0.00..796071.18 rows=43042 width=0) (actual time=1849.414..11494.720 rows=18130 loops=1)
  Filter: ((person_id < 6971) AND (role_id > 1))
  Rows Removed by Filter: 36226214
Planning time: 0.228 ms
Execution time: 11497.180 ms
