Seq Scan on movie_keyword mk  (cost=0.00..81003.12 rows=2353411 width=0) (actual time=0.019..1471.993 rows=2352034 loops=1)
  Filter: (keyword_id < 5274)
  Rows Removed by Filter: 2171896
Planning time: 0.328 ms
Execution time: 1768.409 ms
