Hash Join  (cost=102767.86..194527.65 rows=995499 width=0) (actual time=1944.881..5075.555 rows=1151862 loops=1)
  Hash Cond: (mc.movie_id = t.id)
  ->  Seq Scan on movie_companies mc  (cost=0.00..57926.93 rows=995499 width=4) (actual time=0.027..1121.810 rows=1151862 loops=1)
        Filter: ((company_id > 874) AND (company_type_id > 1))
        Rows Removed by Filter: 1457267
  ->  Hash  (cost=61283.27..61283.27 rows=2528527 width=4) (actual time=1943.451..1943.451 rows=2528312 loops=1)
        Buckets: 131072  Batches: 64  Memory Usage: 2415kB
        ->  Seq Scan on title t  (cost=0.00..61283.27 rows=2528527 width=4) (actual time=0.013..1124.463 rows=2528312 loops=1)
Planning time: 1.773 ms
Execution time: 5218.427 ms
