Hash Join  (cost=82799.38..447643.88 rows=18857 width=0) (actual time=967.700..7455.377 rows=3889 loops=1)
  Hash Cond: (mi.movie_id = t.id)
  ->  Seq Scan on movie_info mi  (cost=0.00..309384.22 rows=14739122 width=4) (actual time=0.013..4082.042 rows=14835720 loops=1)
  ->  Hash  (cost=82758.95..82758.95 rows=3235 width=8) (actual time=931.070..931.070 rows=478 loops=1)
        Buckets: 4096  Batches: 1  Memory Usage: 51kB
        ->  Nested Loop  (cost=0.43..82758.95 rows=3235 width=8) (actual time=398.256..930.769 rows=478 loops=1)
              ->  Seq Scan on movie_companies mc  (cost=0.00..57926.93 rows=3235 width=4) (actual time=398.182..915.853 rows=478 loops=1)
                    Filter: ((company_type_id > 1) AND (company_id = 93))
                    Rows Removed by Filter: 2608651
              ->  Index Only Scan using title_pkey on title t  (cost=0.43..7.67 rows=1 width=4) (actual time=0.030..0.030 rows=1 loops=478)
                    Index Cond: (id = mc.movie_id)
                    Heap Fetches: 478
Planning time: 1.188 ms
Execution time: 7456.454 ms
