Seq Scan on title t  (cost=0.00..73925.90 rows=357724 width=0) (actual time=0.022..1233.118 rows=285602 loops=1)
  Filter: ((kind_id < 3) AND (production_year > 2003))
  Rows Removed by Filter: 2242710
Planning time: 0.334 ms
Execution time: 1270.754 ms
