Seq Scan on movie_keyword mk  (cost=0.00..81003.12 rows=2004056 width=0) (actual time=0.024..1547.383 rows=2008924 loops=1)
  Filter: (keyword_id < 3576)
  Rows Removed by Filter: 2515006
Planning time: 0.318 ms
Execution time: 1800.134 ms
