Hash Join  (cost=181191.03..213527.35 rows=56876 width=0) (actual time=3972.531..4817.541 rows=148149 loops=1)
  Hash Cond: (mi_idx.movie_id = t.id)
  ->  Seq Scan on movie_info_idx mi_idx  (cost=0.00..25185.44 rows=464566 width=4) (actual time=0.023..576.681 rows=459925 loops=1)
        Filter: (info_type_id = 101)
        Rows Removed by Filter: 920110
  ->  Hash  (cost=176111.47..176111.47 rows=309565 width=8) (actual time=3971.734..3971.734 rows=314591 loops=1)
        Buckets: 131072  Batches: 8  Memory Usage: 2567kB
        ->  Hash Join  (cost=107928.35..176111.47 rows=309565 width=8) (actual time=2691.683..3875.242 rows=314591 loops=1)
              Hash Cond: (mc.movie_id = t.id)
              ->  Seq Scan on movie_companies mc  (cost=0.00..51404.11 rows=318471 width=4) (actual time=436.094..884.600 rows=318459 loops=1)
                    Filter: (company_id > 91661)
                    Rows Removed by Filter: 2290670
              ->  Hash  (cost=67604.59..67604.59 rows=2457821 width=4) (actual time=2254.653..2254.653 rows=2456218 loops=1)
                    Buckets: 131072  Batches: 64  Memory Usage: 2375kB
                    ->  Seq Scan on title t  (cost=0.00..67604.59 rows=2457821 width=4) (actual time=0.029..1448.419 rows=2456218 loops=1)
                          Filter: (production_year > 0)
                          Rows Removed by Filter: 72094
Planning time: 1.175 ms
Execution time: 4833.033 ms
