Seq Scan on movie_companies mc  (cost=0.00..51404.11 rows=160560 width=0) (actual time=0.027..837.281 rows=159028 loops=1)
  Filter: (company_id > 128217)
  Rows Removed by Filter: 2450101
Planning time: 2.058 ms
Execution time: 856.214 ms
