Hash Join  (cost=115307.01..604898.57 rows=917062 width=0) (actual time=2425.129..15468.880 rows=3024582 loops=1)
  Hash Cond: (mi.movie_id = t.id)
  ->  Seq Scan on movie_info mi  (cost=0.00..309384.22 rows=14739122 width=4) (actual time=0.017..6233.905 rows=14835720 loops=1)
  ->  Hash  (cost=112725.46..112725.46 rows=157324 width=8) (actual time=2421.638..2421.638 rows=161776 loops=1)
        Buckets: 131072  Batches: 4  Memory Usage: 2610kB
        ->  Hash Join  (cost=72333.74..112725.46 rows=157324 width=8) (actual time=1223.479..2366.542 rows=161776 loops=1)
              Hash Cond: (mi_idx.movie_id = t.id)
              ->  Seq Scan on movie_info_idx mi_idx  (cost=0.00..21735.35 rows=1380035 width=4) (actual time=0.022..485.901 rows=1380035 loops=1)
              ->  Hash  (cost=67604.59..67604.59 rows=288252 width=4) (actual time=1222.722..1222.722 rows=285055 loops=1)
                    Buckets: 131072  Batches: 4  Memory Usage: 3527kB
                    ->  Seq Scan on title t  (cost=0.00..67604.59 rows=288252 width=4) (actual time=0.031..1132.934 rows=285055 loops=1)
                          Filter: (production_year < 1964)
                          Rows Removed by Filter: 2243257
Planning time: 1.119 ms
Execution time: 15810.057 ms
