Seq Scan on cast_info ci  (cost=0.00..796071.18 rows=11636228 width=0) (actual time=2733.469..14325.112 rows=5113837 loops=1)
  Filter: ((person_id < 1761988) AND (role_id > 1))
  Rows Removed by Filter: 31130507
Planning time: 0.349 ms
Execution time: 14979.021 ms
