Hash Join  (cost=73982.55..165558.19 rows=5029 width=0) (actual time=1556.422..3047.036 rows=2665 loops=1)
  Hash Cond: (mk.movie_id = t.id)
  ->  Seq Scan on movie_keyword mk  (cost=0.00..81003.12 rows=2805926 width=4) (actual time=0.018..1467.327 rows=2800737 loops=1)
        Filter: (keyword_id > 2770)
        Rows Removed by Filter: 1723193
  ->  Hash  (cost=73925.90..73925.90 rows=4532 width=4) (actual time=1143.416..1143.416 rows=11542 loops=1)
        Buckets: 16384 (originally 8192)  Batches: 1 (originally 1)  Memory Usage: 534kB
        ->  Seq Scan on title t  (cost=0.00..73925.90 rows=4532 width=4) (actual time=0.112..1137.829 rows=11542 loops=1)
              Filter: ((kind_id = 7) AND (production_year = 1988))
              Rows Removed by Filter: 2516770
Planning time: 0.728 ms
Execution time: 3047.595 ms
