Hash Join  (cost=52284.92..79195.82 rows=42 width=0) (actual time=775.806..1266.434 rows=30 loops=1)
  Hash Cond: (mi_idx.movie_id = t.id)
  ->  Seq Scan on movie_info_idx mi_idx  (cost=0.00..21735.35 rows=1380035 width=4) (actual time=0.018..284.178 rows=1380035 loops=1)
  ->  Hash  (cost=52283.95..52283.95 rows=77 width=8) (actual time=737.873..737.873 rows=49 loops=1)
        Buckets: 1024  Batches: 1  Memory Usage: 10kB
        ->  Nested Loop  (cost=0.43..52283.95 rows=77 width=8) (actual time=18.237..737.791 rows=49 loops=1)
              ->  Seq Scan on movie_companies mc  (cost=0.00..51404.11 rows=104 width=4) (actual time=18.138..734.984 rows=57 loops=1)
                    Filter: (company_id = 15384)
                    Rows Removed by Filter: 2609072
              ->  Index Scan using title_pkey on title t  (cost=0.43..8.45 rows=1 width=4) (actual time=0.045..0.046 rows=1 loops=57)
                    Index Cond: (id = mc.movie_id)
                    Filter: (kind_id > 1)
                    Rows Removed by Filter: 0
Planning time: 1.163 ms
Execution time: 1266.582 ms
