Hash Join  (cost=225672.62..1362425.36 rows=10021653 width=0) (actual time=4664.320..35443.782 rows=7302569 loops=1)
  Hash Cond: (ci.movie_id = t.id)
  ->  Seq Scan on cast_info ci  (cost=0.00..614943.12 rows=36225612 width=4) (actual time=0.019..13223.699 rows=36244344 loops=1)
  ->  Hash  (cost=214195.79..214195.79 rows=699506 width=8) (actual time=4662.858..4662.858 rows=171765 loops=1)
        Buckets: 131072  Batches: 16  Memory Usage: 1446kB
        ->  Hash Join  (cost=81821.64..214195.79 rows=699506 width=8) (actual time=2494.061..4611.830 rows=171765 loops=1)
              Hash Cond: (mk.movie_id = t.id)
              ->  Seq Scan on movie_keyword mk  (cost=0.00..81003.12 rows=3675191 width=4) (actual time=0.020..1726.229 rows=3668668 loops=1)
                    Filter: (keyword_id < 21486)
                    Rows Removed by Filter: 855262
              ->  Hash  (cost=73925.90..73925.90 rows=481259 width=4) (actual time=1299.436..1299.436 rows=518327 loops=1)
                    Buckets: 131072  Batches: 8  Memory Usage: 3307kB
                    ->  Seq Scan on title t  (cost=0.00..73925.90 rows=481259 width=4) (actual time=0.019..1130.873 rows=518327 loops=1)
                          Filter: ((production_year > 2007) AND (kind_id = 7))
                          Rows Removed by Filter: 2009985
Planning time: 1.169 ms
Execution time: 36292.611 ms
