Hash Join  (cost=83074.74..833899.15 rows=3524 width=0) (actual time=1482.777..18080.746 rows=172210 loops=1)
  Hash Cond: (ci.movie_id = t.id)
  ->  Seq Scan on cast_info ci  (cost=0.00..614943.12 rows=36225612 width=4) (actual time=0.013..8878.737 rows=36244344 loops=1)
  ->  Hash  (cost=83071.67..83071.67 rows=246 width=8) (actual time=1482.678..1482.678 rows=4000 loops=1)
        Buckets: 4096 (originally 1024)  Batches: 1 (originally 1)  Memory Usage: 189kB
        ->  Nested Loop  (cost=0.43..83071.67 rows=246 width=8) (actual time=1.352..1479.982 rows=4000 loops=1)
              ->  Seq Scan on movie_keyword mk  (cost=0.00..81003.12 rows=246 width=4) (actual time=1.268..1340.081 rows=4000 loops=1)
                    Filter: (keyword_id = 917)
                    Rows Removed by Filter: 4519930
              ->  Index Only Scan using title_pkey on title t  (cost=0.43..8.40 rows=1 width=4) (actual time=0.034..0.034 rows=1 loops=4000)
                    Index Cond: (id = mk.movie_id)
                    Heap Fetches: 4000
Planning time: 1.482 ms
Execution time: 18111.542 ms
