Hash Join  (cost=87539.85..150986.02 rows=194520 width=0) (actual time=1497.455..2861.997 rows=342305 loops=1)
  Hash Cond: (mc.movie_id = t.id)
  ->  Seq Scan on movie_companies mc  (cost=0.00..51404.11 rows=592762 width=4) (actual time=0.025..896.854 rows=599627 loops=1)
        Filter: (company_id > 67921)
        Rows Removed by Filter: 2009502
  ->  Hash  (cost=73925.90..73925.90 rows=829756 width=4) (actual time=1496.515..1496.515 rows=744086 loops=1)
        Buckets: 131072  Batches: 16  Memory Usage: 2662kB
        ->  Seq Scan on title t  (cost=0.00..73925.90 rows=829756 width=4) (actual time=0.024..1273.832 rows=744086 loops=1)
              Filter: ((kind_id < 7) AND (production_year > 1967))
              Rows Removed by Filter: 1784226
Planning time: 0.775 ms
Execution time: 2896.432 ms
