Seq Scan on movie_keyword mk  (cost=0.00..81003.12 rows=246 width=0) (actual time=1.347..1218.811 rows=594 loops=1)
  Filter: (keyword_id = 5161)
  Rows Removed by Filter: 4523336
Planning time: 0.362 ms
Execution time: 1219.138 ms
