Hash Join  (cost=172263.98..977640.40 rows=930518 width=0) (actual time=2886.579..19013.258 rows=346173 loops=1)
  Hash Cond: (ci.movie_id = t.id)
  ->  Seq Scan on cast_info ci  (cost=0.00..614943.12 rows=36225612 width=4) (actual time=0.013..8246.246 rows=36244344 loops=1)
  ->  Hash  (cost=171452.11..171452.11 rows=64950 width=8) (actual time=2886.090..2886.090 rows=8357 loops=1)
        Buckets: 65536  Batches: 1  Memory Usage: 839kB
        ->  Hash Join  (cost=74426.67..171452.11 rows=64950 width=8) (actual time=1699.060..2884.526 rows=8357 loops=1)
              Hash Cond: (mk.movie_id = t.id)
              ->  Seq Scan on movie_keyword mk  (cost=0.00..81003.12 rows=4099418 width=4) (actual time=0.024..1197.053 rows=4087742 loops=1)
                    Filter: (keyword_id > 335)
                    Rows Removed by Filter: 436188
              ->  Hash  (cost=73925.90..73925.90 rows=40061 width=4) (actual time=1127.093..1127.093 rows=40120 loops=1)
                    Buckets: 65536  Batches: 1  Memory Usage: 1923kB
                    ->  Seq Scan on title t  (cost=0.00..73925.90 rows=40061 width=4) (actual time=220.077..1110.421 rows=40120 loops=1)
                          Filter: ((kind_id = 7) AND (production_year = 2013))
                          Rows Removed by Filter: 2488192
Planning time: 1.236 ms
Execution time: 19057.171 ms
