Hash Join  (cost=83810.17..919565.55 rows=904662 width=0) (actual time=1526.345..14947.451 rows=613404 loops=1)
  Hash Cond: (ci.movie_id = t.id)
  ->  Seq Scan on cast_info ci  (cost=0.00..796071.18 rows=2315886 width=4) (actual time=64.317..12344.322 rows=1376972 loops=1)
        Filter: ((person_id < 657981) AND (role_id > 3))
        Rows Removed by Filter: 34867372
  ->  Hash  (cost=67604.59..67604.59 rows=987727 width=4) (actual time=1460.842..1460.842 rows=985048 loops=1)
        Buckets: 131072  Batches: 16  Memory Usage: 3188kB
        ->  Seq Scan on title t  (cost=0.00..67604.59 rows=987727 width=4) (actual time=0.028..1158.935 rows=985048 loops=1)
              Filter: (kind_id < 7)
              Rows Removed by Filter: 1543264
Planning time: 1.990 ms
Execution time: 15007.033 ms
