Seq Scan on movie_keyword mk  (cost=0.00..81003.12 rows=2141194 width=0) (actual time=0.018..1189.341 rows=2144947 loops=1)
  Filter: (keyword_id < 4030)
  Rows Removed by Filter: 2378983
Planning time: 0.308 ms
Execution time: 1427.340 ms
