Seq Scan on movie_keyword mk  (cost=0.00..81003.12 rows=246 width=0) (actual time=6.486..1203.425 rows=47 loops=1)
  Filter: (keyword_id = 293)
  Rows Removed by Filter: 4523883
Planning time: 0.355 ms
Execution time: 1203.549 ms
