Hash Join  (cost=156547.19..907958.27 rows=62190 width=0) (actual time=2558.089..18279.419 rows=13050 loops=1)
  Hash Cond: (ci.movie_id = t.id)
  ->  Seq Scan on cast_info ci  (cost=0.00..614943.12 rows=36225612 width=4) (actual time=0.010..8746.873 rows=36244344 loops=1)
  ->  Hash  (cost=156492.92..156492.92 rows=4341 width=8) (actual time=2550.613..2550.613 rows=287 loops=1)
        Buckets: 8192  Batches: 1  Memory Usage: 76kB
        ->  Hash Join  (cost=74434.21..156492.92 rows=4341 width=8) (actual time=1315.658..2550.494 rows=287 loops=1)
              Hash Cond: (mk.movie_id = t.id)
              ->  Seq Scan on movie_keyword mk  (cost=0.00..81003.12 rows=269916 width=4) (actual time=92.337..1264.324 rows=270051 loops=1)
                    Filter: (keyword_id > 58291)
                    Rows Removed by Filter: 4253879
              ->  Hash  (cost=73925.90..73925.90 rows=40664 width=4) (actual time=1222.654..1222.654 rows=40257 loops=1)
                    Buckets: 65536  Batches: 1  Memory Usage: 1928kB
                    ->  Seq Scan on title t  (cost=0.00..73925.90 rows=40664 width=4) (actual time=0.059..1206.024 rows=40257 loops=1)
                          Filter: ((production_year > 2012) AND (kind_id = 7))
                          Rows Removed by Filter: 2488055
Planning time: 1.177 ms
Execution time: 18282.508 ms
