Hash Join  (cost=58358.90..416097.28 rows=62 width=0) (actual time=1447.638..6516.388 rows=49 loops=1)
  Hash Cond: (mi.movie_id = t.id)
  ->  Seq Scan on movie_info mi  (cost=0.00..346232.03 rows=3068194 width=4) (actual time=0.012..5417.881 rows=3036719 loops=1)
        Filter: (info_type_id = 16)
        Rows Removed by Filter: 11799001
  ->  Hash  (cost=58358.27..58358.27 rows=51 width=8) (actual time=717.539..717.539 rows=5 loops=1)
        Buckets: 1024  Batches: 1  Memory Usage: 9kB
        ->  Nested Loop  (cost=0.43..58358.27 rows=51 width=8) (actual time=182.905..717.526 rows=5 loops=1)
              ->  Seq Scan on movie_companies mc  (cost=0.00..57926.93 rows=51 width=4) (actual time=182.826..717.249 rows=5 loops=1)
                    Filter: ((company_id = 16198) AND (company_type_id = 1))
                    Rows Removed by Filter: 2609124
              ->  Index Only Scan using title_pkey on title t  (cost=0.43..8.45 rows=1 width=4) (actual time=0.045..0.046 rows=1 loops=5)
                    Index Cond: (id = mc.movie_id)
                    Heap Fetches: 5
Planning time: 0.793 ms
Execution time: 6516.508 ms
