Hash Join  (cost=303764.99..989658.97 rows=15861125 width=0) (actual time=6699.471..53102.005 rows=137171774 loops=1)
  Hash Cond: (mi.movie_id = t.id)
  ->  Seq Scan on movie_info mi  (cost=0.00..309384.22 rows=14739122 width=4) (actual time=0.009..6094.864 rows=14835720 loops=1)
  ->  Hash  (cost=259123.38..259123.38 rows=2721009 width=8) (actual time=6697.825..6697.825 rows=2721300 loops=1)
        Buckets: 131072  Batches: 64  Memory Usage: 2782kB
        ->  Hash Join  (cost=102767.86..259123.38 rows=2721009 width=8) (actual time=1901.865..5957.299 rows=2721300 loops=1)
              Hash Cond: (mk.movie_id = t.id)
              ->  Seq Scan on movie_keyword mk  (cost=0.00..81003.12 rows=2721009 width=4) (actual time=0.024..1695.704 rows=2721300 loops=1)
                    Filter: (keyword_id < 7698)
                    Rows Removed by Filter: 1802630
              ->  Hash  (cost=61283.27..61283.27 rows=2528527 width=4) (actual time=1899.887..1899.887 rows=2528312 loops=1)
                    Buckets: 131072  Batches: 64  Memory Usage: 2425kB
                    ->  Seq Scan on title t  (cost=0.00..61283.27 rows=2528527 width=4) (actual time=0.799..1024.959 rows=2528312 loops=1)
Planning time: 3.241 ms
Execution time: 68509.326 ms
