Hash Join  (cost=75342.47..137227.32 rows=10375 width=0) (actual time=1814.602..2297.782 rows=12317 loops=1)
  Hash Cond: (mc.movie_id = t.id)
  ->  Seq Scan on movie_companies mc  (cost=0.00..57926.93 rows=304044 width=4) (actual time=0.028..910.841 rows=444346 loops=1)
        Filter: ((company_id < 756) AND (company_type_id = 1))
        Rows Removed by Filter: 2164783
  ->  Hash  (cost=73925.90..73925.90 rows=86285 width=4) (actual time=1212.498..1212.498 rows=92628 loops=1)
        Buckets: 131072  Batches: 2  Memory Usage: 2653kB
        ->  Seq Scan on title t  (cost=0.00..73925.90 rows=86285 width=4) (actual time=94.483..1172.916 rows=92628 loops=1)
              Filter: ((kind_id = 7) AND (production_year = 2010))
              Rows Removed by Filter: 2435684
Planning time: 0.782 ms
Execution time: 2299.525 ms
