Hash Join  (cost=119738.00..1180021.61 rows=1481373 width=0) (actual time=2676.467..33960.020 rows=7694531 loops=1)
  Hash Cond: (ci.movie_id = t.id)
  ->  Seq Scan on cast_info ci  (cost=0.00..705507.15 rows=29358861 width=4) (actual time=0.017..15984.615 rows=29298274 loops=1)
        Filter: (person_id < 2970026)
        Rows Removed by Filter: 6946070
  ->  Hash  (cost=117644.22..117644.22 rows=127583 width=8) (actual time=2675.304..2675.304 rows=327111 loops=1)
        Buckets: 131072 (originally 131072)  Batches: 8 (originally 2)  Memory Usage: 3073kB
        ->  Hash Join  (cost=77761.90..117644.22 rows=127583 width=8) (actual time=1309.609..2571.721 rows=327111 loops=1)
              Hash Cond: (mi_idx.movie_id = t.id)
              ->  Seq Scan on movie_info_idx mi_idx  (cost=0.00..21735.35 rows=1380035 width=4) (actual time=0.021..500.340 rows=1380035 loops=1)
              ->  Hash  (cost=73925.90..73925.90 rows=233760 width=4) (actual time=1308.771..1308.771 rows=353075 loops=1)
                    Buckets: 131072 (originally 131072)  Batches: 8 (originally 4)  Memory Usage: 3073kB
                    ->  Seq Scan on title t  (cost=0.00..73925.90 rows=233760 width=4) (actual time=15.204..1192.584 rows=353075 loops=1)
                          Filter: ((production_year < 1997) AND (kind_id = 1))
                          Rows Removed by Filter: 2175237
Planning time: 1.282 ms
Execution time: 34859.396 ms
