Hash Join  (cost=95873.94..146093.75 rows=730133 width=0) (actual time=1904.765..3456.211 rows=419448 loops=1)
  Hash Cond: (mi_idx.movie_id = t.id)
  ->  Seq Scan on movie_info_idx mi_idx  (cost=0.00..21735.35 rows=1380035 width=4) (actual time=0.020..511.930 rows=1380035 loops=1)
  ->  Hash  (cost=73925.90..73925.90 rows=1337763 width=4) (actual time=1902.979..1902.979 rows=1418234 loops=1)
        Buckets: 131072  Batches: 32  Memory Usage: 2583kB
        ->  Seq Scan on title t  (cost=0.00..73925.90 rows=1337763 width=4) (actual time=0.105..1431.779 rows=1418234 loops=1)
              Filter: ((kind_id > 4) AND (production_year > 1963))
              Rows Removed by Filter: 1110078
Planning time: 0.752 ms
Execution time: 3508.827 ms
