Seq Scan on movie_keyword mk  (cost=0.00..81003.12 rows=1759376 width=0) (actual time=0.026..1413.842 rows=1763593 loops=1)
  Filter: (keyword_id > 7861)
  Rows Removed by Filter: 2760337
Planning time: 0.330 ms
Execution time: 1637.960 ms
