Hash Join  (cost=83074.74..447745.01 rows=1434 width=0) (actual time=1325.287..7672.819 rows=687 loops=1)
  Hash Cond: (mi.movie_id = t.id)
  ->  Seq Scan on movie_info mi  (cost=0.00..309384.22 rows=14739122 width=4) (actual time=0.018..3847.377 rows=14835720 loops=1)
  ->  Hash  (cost=83071.67..83071.67 rows=246 width=8) (actual time=1320.535..1320.535 rows=21 loops=1)
        Buckets: 1024  Batches: 1  Memory Usage: 9kB
        ->  Nested Loop  (cost=0.43..83071.67 rows=246 width=8) (actual time=52.397..1320.493 rows=21 loops=1)
              ->  Seq Scan on movie_keyword mk  (cost=0.00..81003.12 rows=246 width=4) (actual time=52.295..1319.448 rows=21 loops=1)
                    Filter: (keyword_id = 11123)
                    Rows Removed by Filter: 4523909
              ->  Index Only Scan using title_pkey on title t  (cost=0.43..8.40 rows=1 width=4) (actual time=0.041..0.042 rows=1 loops=21)
                    Index Cond: (id = mk.movie_id)
                    Heap Fetches: 21
Planning time: 3.611 ms
Execution time: 7673.167 ms
