Hash Join  (cost=105647.94..1526004.16 rows=33221304 width=0) (actual time=2129.820..48229.175 rows=34753885 loops=1)
  Hash Cond: (ci.movie_id = t.id)
  ->  Seq Scan on cast_info ci  (cost=0.00..614943.12 rows=36225612 width=4) (actual time=0.023..13330.423 rows=36244344 loops=1)
  ->  Hash  (cost=67604.59..67604.59 rows=2318828 width=4) (actual time=2128.598..2128.598 rows=2312885 loops=1)
        Buckets: 131072  Batches: 32  Memory Usage: 3569kB
        ->  Seq Scan on title t  (cost=0.00..67604.59 rows=2318828 width=4) (actual time=0.017..1382.401 rows=2312885 loops=1)
              Filter: (production_year > 1940)
              Rows Removed by Filter: 215427
Planning time: 0.729 ms
Execution time: 52268.086 ms
