Hash Join  (cost=83074.74..447745.01 rows=1434 width=0) (actual time=1092.425..7969.583 rows=3935 loops=1)
  Hash Cond: (mi.movie_id = t.id)
  ->  Seq Scan on movie_info mi  (cost=0.00..309384.22 rows=14739122 width=4) (actual time=0.019..4167.275 rows=14835720 loops=1)
  ->  Hash  (cost=83071.67..83071.67 rows=246 width=8) (actual time=1067.067..1067.067 rows=54 loops=1)
        Buckets: 1024  Batches: 1  Memory Usage: 11kB
        ->  Nested Loop  (cost=0.43..83071.67 rows=246 width=8) (actual time=63.532..1066.972 rows=54 loops=1)
              ->  Seq Scan on movie_keyword mk  (cost=0.00..81003.12 rows=246 width=4) (actual time=63.426..1063.529 rows=54 loops=1)
                    Filter: (keyword_id = 9414)
                    Rows Removed by Filter: 4523876
              ->  Index Only Scan using title_pkey on title t  (cost=0.43..8.40 rows=1 width=4) (actual time=0.054..0.055 rows=1 loops=54)
                    Index Cond: (id = mk.movie_id)
                    Heap Fetches: 54
Planning time: 6.243 ms
Execution time: 7970.654 ms
