Seq Scan on movie_keyword mk  (cost=0.00..81003.12 rows=4432372 width=0) (actual time=0.013..1313.039 rows=4434635 loops=1)
  Filter: (keyword_id < 85094)
  Rows Removed by Filter: 89295
Planning time: 0.368 ms
Execution time: 1825.291 ms
