Hash Join  (cost=92125.69..184407.58 rows=328809 width=134) (actual time=1901.026..3959.875 rows=187580 loops=1)
  Hash Cond: (mc.movie_id = t.id)
  ->  Seq Scan on movie_companies mc  (cost=0.00..57926.93 rows=920499 width=40) (actual time=0.064..1314.505 rows=758352 loops=1)
        Filter: ((company_id > 1412) AND (company_type_id < 2))
        Rows Removed by Filter: 1850777
  ->  Hash  (cost=67604.59..67604.59 rows=903208 width=94) (actual time=1900.623..1900.623 rows=904491 loops=1)
        Buckets: 32768  Batches: 32  Memory Usage: 3445kB
        ->  Seq Scan on title t  (cost=0.00..67604.59 rows=903208 width=94) (actual time=0.018..1506.121 rows=904491 loops=1)
              Filter: (production_year > 2006)
              Rows Removed by Filter: 1623821
Planning time: 0.925 ms
Execution time: 3970.132 ms
