Seq Scan on movie_keyword mk  (cost=0.00..81003.12 rows=103768 width=0) (actual time=188.800..1206.985 rows=102023 loops=1)
  Filter: (keyword_id > 81804)
  Rows Removed by Filter: 4421907
Planning time: 0.314 ms
Execution time: 1221.288 ms
