Hash Join  (cost=88359.31..447352.35 rows=236118 width=0) (actual time=2989.732..6673.564 rows=255235 loops=1)
  Hash Cond: (mi.movie_id = t.id)
  ->  Seq Scan on movie_info mi  (cost=0.00..346232.03 rows=471955 width=4) (actual time=1592.056..4737.113 rows=543367 loops=1)
        Filter: (info_type_id > 98)
        Rows Removed by Filter: 14292353
  ->  Hash  (cost=67604.59..67604.59 rows=1265018 width=4) (actual time=1395.551..1395.551 rows=1263700 loops=1)
        Buckets: 131072  Batches: 32  Memory Usage: 2419kB
        ->  Seq Scan on title t  (cost=0.00..67604.59 rows=1265018 width=4) (actual time=0.026..1020.097 rows=1263700 loops=1)
              Filter: (production_year < 2004)
              Rows Removed by Filter: 1264612
Planning time: 0.754 ms
Execution time: 6705.995 ms
