Hash Join  (cost=137131.65..227575.34 rows=13713 width=0) (actual time=2388.259..4250.469 rows=131943 loops=1)
  Hash Cond: (mk.movie_id = t.id)
  ->  Seq Scan on movie_keyword mk  (cost=0.00..81003.12 rows=2480918 width=4) (actual time=0.022..1420.912 rows=2476408 loops=1)
        Filter: (keyword_id < 5987)
        Rows Removed by Filter: 2047522
  ->  Hash  (cost=136956.95..136956.95 rows=13976 width=8) (actual time=2384.775..2384.775 rows=15831 loops=1)
        Buckets: 16384  Batches: 1  Memory Usage: 747kB
        ->  Hash Join  (cost=74285.67..136956.95 rows=13976 width=8) (actual time=1363.399..2378.417 rows=15831 loops=1)
              Hash Cond: (mc.movie_id = t.id)
              ->  Seq Scan on movie_companies mc  (cost=0.00..57926.93 rows=1227889 width=4) (actual time=360.750..1131.744 rows=1133692 loops=1)
                    Filter: ((company_id < 113089) AND (company_type_id > 1))
                    Rows Removed by Filter: 1475437
              ->  Hash  (cost=73925.90..73925.90 rows=28781 width=4) (actual time=1001.847..1001.847 rows=19082 loops=1)
                    Buckets: 32768  Batches: 1  Memory Usage: 927kB
                    ->  Seq Scan on title t  (cost=0.00..73925.90 rows=28781 width=4) (actual time=0.072..993.075 rows=19082 loops=1)
                          Filter: ((kind_id < 3) AND (production_year = 2005))
                          Rows Removed by Filter: 2509230
Planning time: 1.158 ms
Execution time: 4267.885 ms
