Hash Join  (cost=83072.43..109982.99 rows=7 width=0) (actual time=1397.502..1886.085 rows=39 loops=1)
  Hash Cond: (mi_idx.movie_id = t.id)
  ->  Seq Scan on movie_info_idx mi_idx  (cost=0.00..21735.35 rows=1380035 width=4) (actual time=0.018..284.104 rows=1380035 loops=1)
  ->  Hash  (cost=83072.29..83072.29 rows=12 width=8) (actual time=1344.817..1344.817 rows=15 loops=1)
        Buckets: 1024  Batches: 1  Memory Usage: 9kB
        ->  Nested Loop  (cost=0.43..83072.29 rows=12 width=8) (actual time=226.954..1344.777 rows=15 loops=1)
              ->  Seq Scan on movie_keyword mk  (cost=0.00..81003.12 rows=246 width=4) (actual time=2.578..1325.144 rows=232 loops=1)
                    Filter: (keyword_id = 7085)
                    Rows Removed by Filter: 4523698
              ->  Index Scan using title_pkey on title t  (cost=0.43..8.40 rows=1 width=4) (actual time=0.082..0.082 rows=0 loops=232)
                    Index Cond: (id = mk.movie_id)
                    Filter: (production_year = 2009)
                    Rows Removed by Filter: 1
Planning time: 1.174 ms
Execution time: 1886.245 ms
