Hash Join  (cost=144766.58..227228.05 rows=537594 width=0) (actual time=3159.300..5381.605 rows=674481 loops=1)
  Hash Cond: (mc.movie_id = t.id)
  ->  Seq Scan on movie_companies mc  (cost=0.00..44881.29 rows=2609129 width=4) (actual time=0.014..897.156 rows=2609129 loops=1)
  ->  Hash  (cost=136218.26..136218.26 rows=520986 width=8) (actual time=3158.377..3158.377 rows=339984 loops=1)
        Buckets: 131072  Batches: 8  Memory Usage: 2695kB
        ->  Hash Join  (cost=89586.92..136218.26 rows=520986 width=8) (actual time=1684.795..3060.381 rows=339984 loops=1)
              Hash Cond: (mi_idx.movie_id = t.id)
              ->  Seq Scan on movie_info_idx mi_idx  (cost=0.00..21735.35 rows=1380035 width=4) (actual time=0.024..483.161 rows=1380035 loops=1)
              ->  Hash  (cost=73925.90..73925.90 rows=954561 width=4) (actual time=1684.112..1684.112 rows=873022 loops=1)
                    Buckets: 131072  Batches: 16  Memory Usage: 2945kB
                    ->  Seq Scan on title t  (cost=0.00..73925.90 rows=954561 width=4) (actual time=0.028..1405.846 rows=873022 loops=1)
                          Filter: ((kind_id > 3) AND (production_year < 2006))
                          Rows Removed by Filter: 1655290
Planning time: 1.102 ms
Execution time: 5462.719 ms
