Hash Join  (cost=153989.50..519969.80 rows=111453 width=0) (actual time=3815.778..8617.015 rows=233961 loops=1)
  Hash Cond: (mi.movie_id = t.id)
  ->  Seq Scan on movie_info mi  (cost=0.00..346232.03 rows=1550064 width=4) (actual time=1033.049..5090.419 rows=1533909 loops=1)
        Filter: (info_type_id = 3)
        Rows Removed by Filter: 13301811
  ->  Hash  (cost=151005.91..151005.91 rows=181807 width=8) (actual time=2781.852..2781.852 rows=154691 loops=1)
        Buckets: 131072  Batches: 4  Memory Usage: 2546kB
        ->  Hash Join  (cost=81720.25..151005.91 rows=181807 width=8) (actual time=1474.169..2731.401 rows=154691 loops=1)
              Hash Cond: (mc.movie_id = t.id)
              ->  Seq Scan on movie_companies mc  (cost=0.00..57926.93 rows=534309 width=4) (actual time=0.043..883.373 rows=319650 loops=1)
                    Filter: ((company_id < 6083) AND (company_type_id > 1))
                    Rows Removed by Filter: 2289479
              ->  Hash  (cost=67604.59..67604.59 rows=860373 width=4) (actual time=1473.106..1473.106 rows=854214 loops=1)
                    Buckets: 131072  Batches: 16  Memory Usage: 2897kB
                    ->  Seq Scan on title t  (cost=0.00..67604.59 rows=860373 width=4) (actual time=0.010..1192.787 rows=854214 loops=1)
                          Filter: (kind_id < 4)
                          Rows Removed by Filter: 1674098
Planning time: 1.254 ms
Execution time: 8646.507 ms
