Hash Join  (cost=73982.55..875692.04 rows=2682 width=0) (actual time=6115.704..15007.659 rows=3039 loops=1)
  Hash Cond: (ci.movie_id = t.id)
  ->  Seq Scan on cast_info ci  (cost=0.00..796071.18 rows=1496395 width=4) (actual time=4839.767..13260.322 rows=2461344 loops=1)
        Filter: ((person_id > 2298379) AND (role_id = 3))
        Rows Removed by Filter: 33783000
  ->  Hash  (cost=73925.90..73925.90 rows=4532 width=4) (actual time=1271.903..1271.903 rows=8406 loops=1)
        Buckets: 16384 (originally 8192)  Batches: 1 (originally 1)  Memory Usage: 424kB
        ->  Seq Scan on title t  (cost=0.00..73925.90 rows=4532 width=4) (actual time=0.071..1267.768 rows=8406 loops=1)
              Filter: ((kind_id = 7) AND (production_year = 1973))
              Rows Removed by Filter: 2519906
Planning time: 0.780 ms
Execution time: 15008.447 ms
