Hash Join  (cost=102767.86..165188.79 rows=47312 width=0) (actual time=1897.172..3143.344 rows=47252 loops=1)
  Hash Cond: (mc.movie_id = t.id)
  ->  Seq Scan on movie_companies mc  (cost=0.00..51404.11 rows=47312 width=4) (actual time=0.088..863.314 rows=47252 loops=1)
        Filter: (company_id = 19)
        Rows Removed by Filter: 2561877
  ->  Hash  (cost=61283.27..61283.27 rows=2528527 width=4) (actual time=1887.720..1887.720 rows=2528312 loops=1)
        Buckets: 131072  Batches: 64  Memory Usage: 2415kB
        ->  Seq Scan on title t  (cost=0.00..61283.27 rows=2528527 width=4) (actual time=0.019..1065.617 rows=2528312 loops=1)
Planning time: 0.762 ms
Execution time: 3148.680 ms
