Hash Join  (cost=75867.62..187776.29 rows=118381 width=0) (actual time=1214.315..3840.028 rows=36818 loops=1)
  Hash Cond: (mk.movie_id = t.id)
  ->  Seq Scan on movie_keyword mk  (cost=0.00..81003.12 rows=2530329 width=4) (actual time=0.023..1522.209 rows=2522704 loops=1)
        Filter: (keyword_id < 6251)
        Rows Removed by Filter: 2001226
  ->  Hash  (cost=73925.90..73925.90 rows=118297 width=4) (actual time=1213.530..1213.530 rows=122606 loops=1)
        Buckets: 131072  Batches: 2  Memory Usage: 3185kB
        ->  Seq Scan on title t  (cost=0.00..73925.90 rows=118297 width=4) (actual time=0.020..1165.565 rows=122606 loops=1)
              Filter: ((kind_id > 1) AND (production_year = 2011))
              Rows Removed by Filter: 2405706
Planning time: 0.712 ms
Execution time: 3845.210 ms
