Seq Scan on movie_companies mc  (cost=0.00..57926.93 rows=192454 width=0) (actual time=0.021..836.699 rows=298736 loops=1)
  Filter: ((company_id < 239) AND (company_type_id < 2))
  Rows Removed by Filter: 2310393
Planning time: 0.209 ms
Execution time: 876.105 ms
