Seq Scan on cast_info ci  (cost=0.00..705507.15 rows=22357105 width=0) (actual time=0.023..12270.123 rows=22389708 loops=1)
  Filter: (person_id > 1364555)
  Rows Removed by Filter: 13854636
Planning time: 0.284 ms
Execution time: 14976.030 ms
