Seq Scan on cast_info ci  (cost=0.00..705507.15 rows=31236035 width=0) (actual time=0.028..14016.175 rows=31375032 loops=1)
  Filter: (person_id > 472815)
  Rows Removed by Filter: 4869312
Planning time: 1.678 ms
Execution time: 17845.758 ms
