Seq Scan on movie_keyword mk  (cost=0.00..81003.12 rows=246 width=0) (actual time=559.160..1268.033 rows=1 loops=1)
  Filter: (keyword_id = 123643)
  Rows Removed by Filter: 4523929
Planning time: 0.322 ms
Execution time: 1268.121 ms
