Hash Join  (cost=264425.62..367772.13 rows=1816058 width=0) (actual time=6426.459..11927.221 rows=13734706 loops=1)
  Hash Cond: (mc.movie_id = t.id)
  ->  Seq Scan on movie_companies mc  (cost=0.00..44881.29 rows=2609129 width=4) (actual time=0.018..871.384 rows=2609129 loops=1)
  ->  Hash  (cost=235551.17..235551.17 rows=1759956 width=8) (actual time=6425.103..6425.103 rows=1642585 loops=1)
        Buckets: 131072  Batches: 32  Memory Usage: 3005kB
        ->  Hash Join  (cost=100960.39..235551.17 rows=1759956 width=8) (actual time=2100.380..6007.638 rows=1642585 loops=1)
              Hash Cond: (mk.movie_id = t.id)
              ->  Seq Scan on movie_keyword mk  (cost=0.00..81003.12 rows=2188819 width=4) (actual time=0.015..1576.265 rows=2188915 loops=1)
                    Filter: (keyword_id > 5160)
                    Rows Removed by Filter: 2335015
              ->  Hash  (cost=67604.59..67604.59 rows=2033104 width=4) (actual time=2099.167..2099.167 rows=2032439 loops=1)
                    Buckets: 131072  Batches: 32  Memory Usage: 3269kB
                    ->  Seq Scan on title t  (cost=0.00..67604.59 rows=2033104 width=4) (actual time=0.021..1440.126 rows=2032439 loops=1)
                          Filter: (production_year > 1973)
                          Rows Removed by Filter: 495873
Planning time: 1.110 ms
Execution time: 13318.759 ms
