Hash Join  (cost=191165.61..982294.61 rows=727812 width=0) (actual time=4200.721..21624.487 rows=5786033 loops=1)
  Hash Cond: (ci.movie_id = t.id)
  ->  Seq Scan on cast_info ci  (cost=0.00..705507.15 rows=6682600 width=4) (actual time=7.583..12996.818 rows=6618880 loops=1)
        Filter: (person_id < 638905)
        Rows Removed by Filter: 29625464
  ->  Hash  (cost=186647.30..186647.30 rows=275385 width=8) (actual time=4073.288..4073.288 rows=455006 loops=1)
        Buckets: 131072 (originally 131072)  Batches: 8 (originally 4)  Memory Usage: 3263kB
        ->  Hash Join  (cost=80135.37..186647.30 rows=275385 width=8) (actual time=1677.193..3934.685 rows=455006 loops=1)
              Hash Cond: (mk.movie_id = t.id)
              ->  Seq Scan on movie_keyword mk  (cost=0.00..81003.12 rows=1839988 width=4) (actual time=0.036..1674.833 rows=1848441 loops=1)
                    Filter: (keyword_id < 3074)
                    Rows Removed by Filter: 2675489
              ->  Hash  (cost=73925.90..73925.90 rows=378437 width=4) (actual time=1313.201..1313.201 rows=282115 loops=1)
                    Buckets: 131072  Batches: 8  Memory Usage: 2273kB
                    ->  Seq Scan on title t  (cost=0.00..73925.90 rows=378437 width=4) (actual time=0.024..1214.264 rows=282115 loops=1)
                          Filter: ((production_year > 1999) AND (kind_id = 1))
                          Rows Removed by Filter: 2246197
Planning time: 0.705 ms
Execution time: 22279.533 ms
