Nested Loop  (cost=0.43..798787.41 rows=324 width=0) (actual time=9611.682..13487.104 rows=284 loops=1)
  ->  Seq Scan on cast_info ci  (cost=0.00..796071.18 rows=324 width=4) (actual time=9611.593..13484.068 rows=284 loops=1)
        Filter: ((role_id > 1) AND (person_id = 1801916))
        Rows Removed by Filter: 36244060
  ->  Index Only Scan using title_pkey on title t  (cost=0.43..8.37 rows=1 width=4) (actual time=0.010..0.010 rows=1 loops=284)
        Index Cond: (id = ci.movie_id)
        Heap Fetches: 284
Planning time: 0.715 ms
Execution time: 13487.234 ms
