Seq Scan on cast_info ci  (cost=0.00..796071.18 rows=4399342 width=0) (actual time=0.026..13292.861 rows=2616633 loops=1)
  Filter: ((person_id < 1285889) AND (role_id > 3))
  Rows Removed by Filter: 33627711
Planning time: 0.338 ms
Execution time: 13629.706 ms
