Hash Join  (cost=102767.86..915436.49 rows=4042922 width=0) (actual time=4390.452..18673.962 rows=3922936 loops=1)
  Hash Cond: (ci.movie_id = t.id)
  ->  Seq Scan on cast_info ci  (cost=0.00..705507.15 rows=4042922 width=4) (actual time=1962.126..12130.358 rows=3922936 loops=1)
        Filter: (person_id < 375652)
        Rows Removed by Filter: 32321408
  ->  Hash  (cost=61283.27..61283.27 rows=2528527 width=4) (actual time=2363.367..2363.367 rows=2528312 loops=1)
        Buckets: 131072  Batches: 64  Memory Usage: 2415kB
        ->  Seq Scan on title t  (cost=0.00..61283.27 rows=2528527 width=4) (actual time=0.020..1084.752 rows=2528312 loops=1)
Planning time: 0.660 ms
Execution time: 19173.209 ms
