Seq Scan on movie_keyword mk  (cost=0.00..81003.12 rows=4182914 width=0) (actual time=0.021..1457.486 rows=4164812 loops=1)
  Filter: (keyword_id > 319)
  Rows Removed by Filter: 359118
Planning time: 1.699 ms
Execution time: 1917.903 ms
