Nested Loop  (cost=0.43..709673.15 rows=33 width=0) (actual time=9381.551..10650.292 rows=1 loops=1)
  ->  Seq Scan on cast_info ci  (cost=0.00..705507.15 rows=500 width=4) (actual time=9381.487..10650.227 rows=1 loops=1)
        Filter: (person_id = 552167)
        Rows Removed by Filter: 36244343
  ->  Index Scan using title_pkey on title t  (cost=0.43..8.32 rows=1 width=4) (actual time=0.046..0.047 rows=1 loops=1)
        Index Cond: (id = ci.movie_id)
        Filter: (production_year = 2012)
Planning time: 0.671 ms
Execution time: 10650.385 ms
