Hash Join  (cost=491650.71..1548171.66 rows=5580496 width=0) (actual time=11995.337..36653.548 rows=6841607 loops=1)
  Hash Cond: (ci.movie_id = t.id)
  ->  Seq Scan on cast_info ci  (cost=0.00..796071.18 rows=17425281 width=4) (actual time=3121.794..17162.551 rows=16359671 loops=1)
        Filter: ((person_id > 958024) AND (role_id < 4))
        Rows Removed by Filter: 19884673
  ->  Hash  (cost=478364.61..478364.61 rows=809768 width=8) (actual time=8872.498..8872.498 rows=802140 loops=1)
        Buckets: 131072  Batches: 16  Memory Usage: 2973kB
        ->  Hash Join  (cost=102767.86..478364.61 rows=809768 width=8) (actual time=2609.369..8635.973 rows=802140 loops=1)
              Hash Cond: (mi.movie_id = t.id)
              ->  Seq Scan on movie_info mi  (cost=0.00..346232.03 rows=809768 width=4) (actual time=673.815..5597.657 rows=802140 loops=1)
                    Filter: (info_type_id < 2)
                    Rows Removed by Filter: 14033580
              ->  Hash  (cost=61283.27..61283.27 rows=2528527 width=4) (actual time=1934.500..1934.500 rows=2528312 loops=1)
                    Buckets: 131072  Batches: 64  Memory Usage: 2425kB
                    ->  Seq Scan on title t  (cost=0.00..61283.27 rows=2528527 width=4) (actual time=0.027..1068.038 rows=2528312 loops=1)
Planning time: 1.118 ms
Execution time: 37494.720 ms
