Hash Join  (cost=122850.65..248327.82 rows=285213 width=0) (actual time=2828.110..7394.946 rows=4256434 loops=1)
  Hash Cond: (mk.movie_id = t.id)
  ->  Seq Scan on movie_keyword mk  (cost=0.00..69693.30 rows=4523930 width=4) (actual time=0.015..1386.556 rows=4523930 loops=1)
  ->  Hash  (cost=120235.00..120235.00 rows=159412 width=8) (actual time=2827.208..2827.208 rows=333370 loops=1)
        Buckets: 131072 (originally 131072)  Batches: 8 (originally 4)  Memory Usage: 3073kB
        ->  Hash Join  (cost=81152.82..120235.00 rows=159412 width=8) (actual time=1547.767..2713.149 rows=333370 loops=1)
              Hash Cond: (mi_idx.movie_id = t.id)
              ->  Seq Scan on movie_info_idx mi_idx  (cost=0.00..25185.44 rows=915101 width=4) (actual time=0.017..528.194 rows=919850 loops=1)
                    Filter: (info_type_id < 101)
                    Rows Removed by Filter: 460185
              ->  Hash  (cost=73925.90..73925.90 rows=440473 width=4) (actual time=1546.897..1546.897 rows=473918 loops=1)
                    Buckets: 131072  Batches: 8  Memory Usage: 3117kB
                    ->  Seq Scan on title t  (cost=0.00..73925.90 rows=440473 width=4) (actual time=0.019..1288.829 rows=473918 loops=1)
                          Filter: ((production_year < 2008) AND (kind_id = 1))
                          Rows Removed by Filter: 2054394
Planning time: 1.096 ms
Execution time: 7890.912 ms
