Hash Join  (cost=141820.76..1245483.92 rows=6800504 width=0) (actual time=3403.245..39647.673 rows=24614701 loops=1)
  Hash Cond: (ci.movie_id = t.id)
  ->  Seq Scan on cast_info ci  (cost=0.00..614943.12 rows=36225612 width=4) (actual time=0.019..13074.034 rows=36244344 loops=1)
  ->  Hash  (cost=134032.37..134032.37 rows=474671 width=8) (actual time=3402.343..3402.343 rows=915677 loops=1)
        Buckets: 131072 (originally 131072)  Batches: 16 (originally 8)  Memory Usage: 3265kB
        ->  Hash Join  (cost=88195.18..134032.37 rows=474671 width=8) (actual time=1612.924..3133.323 rows=915677 loops=1)
              Hash Cond: (mi_idx.movie_id = t.id)
              ->  Seq Scan on movie_info_idx mi_idx  (cost=0.00..21735.35 rows=1380035 width=4) (actual time=0.023..479.840 rows=1380035 loops=1)
              ->  Hash  (cost=73925.90..73925.90 rows=869702 width=4) (actual time=1612.238..1612.238 rows=896788 loops=1)
                    Buckets: 131072  Batches: 16  Memory Usage: 2998kB
                    ->  Seq Scan on title t  (cost=0.00..73925.90 rows=869702 width=4) (actual time=0.025..1337.686 rows=896788 loops=1)
                          Filter: ((kind_id < 7) AND (production_year < 2012))
                          Rows Removed by Filter: 1631524
Planning time: 1.098 ms
Execution time: 42308.359 ms
