Hash Join  (cost=110878.98..596141.46 rows=511356 width=0) (actual time=2302.467..14128.278 rows=769660 loops=1)
  Hash Cond: (mi.movie_id = t.id)
  ->  Seq Scan on movie_info mi  (cost=0.00..309384.22 rows=14739122 width=4) (actual time=0.010..6005.036 rows=14835720 loops=1)
  ->  Hash  (cost=109439.43..109439.43 rows=87724 width=8) (actual time=2301.794..2301.794 rows=62055 loops=1)
        Buckets: 131072  Batches: 2  Memory Usage: 2236kB
        ->  Hash Join  (cost=70241.71..109439.43 rows=87724 width=8) (actual time=1241.692..2281.074 rows=62055 loops=1)
              Hash Cond: (mi_idx.movie_id = t.id)
              ->  Seq Scan on movie_info_idx mi_idx  (cost=0.00..21735.35 rows=1380035 width=4) (actual time=0.018..487.215 rows=1380035 loops=1)
              ->  Hash  (cost=67604.59..67604.59 rows=160730 width=4) (actual time=1239.986..1239.986 rows=160017 loops=1)
                    Buckets: 131072  Batches: 4  Memory Usage: 2436kB
                    ->  Seq Scan on title t  (cost=0.00..67604.59 rows=160730 width=4) (actual time=0.010..1183.441 rows=160017 loops=1)
                          Filter: (production_year = 2011)
                          Rows Removed by Filter: 2368295
Planning time: 0.692 ms
Execution time: 14228.607 ms
