Nested Loop  (cost=0.43..73575.65 rows=2858 width=0) (actual time=207.161..941.713 rows=2601 loops=1)
  ->  Seq Scan on movie_companies mc  (cost=0.00..51404.11 rows=2858 width=4) (actual time=207.088..925.072 rows=2601 loops=1)
        Filter: (company_id > 232476)
        Rows Removed by Filter: 2606528
  ->  Index Only Scan using title_pkey on title t  (cost=0.43..7.75 rows=1 width=4) (actual time=0.006..0.006 rows=1 loops=2601)
        Index Cond: (id = mc.movie_id)
        Heap Fetches: 2601
Planning time: 0.667 ms
Execution time: 942.219 ms
