Seq Scan on cast_info ci  (cost=0.00..796071.18 rows=1669375 width=0) (actual time=12213.641..15949.823 rows=1643881 loops=1)
  Filter: ((person_id > 131925) AND (role_id = 8))
  Rows Removed by Filter: 34600463
Planning time: 0.375 ms
Execution time: 16158.318 ms
