Nested Loop  (cost=0.43..67327.73 rows=453 width=0) (actual time=755.893..1027.923 rows=85 loops=1)
  ->  Seq Scan on movie_companies mc  (cost=0.00..57926.93 rows=1152 width=4) (actual time=8.692..987.411 rows=927 loops=1)
        Filter: ((company_type_id > 1) AND (company_id = 448))
        Rows Removed by Filter: 2608202
  ->  Index Scan using title_pkey on title t  (cost=0.43..8.15 rows=1 width=4) (actual time=0.043..0.043 rows=0 loops=927)
        Index Cond: (id = mc.movie_id)
        Filter: ((kind_id > 1) AND (production_year < 2005))
        Rows Removed by Filter: 1
Planning time: 0.750 ms
Execution time: 1028.064 ms
