Seq Scan on title t  (cost=0.00..73925.90 rows=316032 width=0) (actual time=225.193..1108.451 rows=400740 loops=1)
  Filter: ((production_year < 2003) AND (kind_id = 1))
  Rows Removed by Filter: 2127572
Planning time: 0.372 ms
Execution time: 1158.420 ms
