Seq Scan on title t  (cost=0.00..67604.59 rows=87234 width=0) (actual time=18.488..1121.935 rows=85260 loops=1)
  Filter: (production_year < 1920)
  Rows Removed by Filter: 2443052
Planning time: 0.291 ms
Execution time: 1134.133 ms
