Hash Join  (cost=75574.02..465541.97 rows=143909 width=0) (actual time=2238.795..8481.645 rows=14732 loops=1)
  Hash Cond: (mi.movie_id = t.id)
  ->  Seq Scan on movie_info mi  (cost=0.00..346232.03 rows=3623957 width=4) (actual time=922.773..5777.300 rows=3624977 loops=1)
        Filter: (info_type_id < 4)
        Rows Removed by Filter: 11210743
  ->  Hash  (cost=73925.90..73925.90 rows=100409 width=4) (actual time=1314.645..1314.645 rows=110402 loops=1)
        Buckets: 131072  Batches: 2  Memory Usage: 2970kB
        ->  Seq Scan on title t  (cost=0.00..73925.90 rows=100409 width=4) (actual time=40.817..1265.940 rows=110402 loops=1)
              Filter: ((kind_id = 7) AND (production_year = 2012))
              Rows Removed by Filter: 2417910
Planning time: 0.737 ms
Execution time: 8483.818 ms
