Seq Scan on movie_companies mc  (cost=0.00..57926.93 rows=1115367 width=0) (actual time=0.028..1028.948 rows=1236145 loops=1)
  Filter: ((company_id > 299) AND (company_type_id = 2))
  Rows Removed by Filter: 1372984
Planning time: 0.357 ms
Execution time: 1185.406 ms
