Seq Scan on cast_info ci  (cost=0.00..796071.18 rows=11773668 width=0) (actual time=4887.359..16218.016 rows=10751101 loops=1)
  Filter: ((person_id > 256084) AND (role_id = 1))
  Rows Removed by Filter: 25493243
Planning time: 0.349 ms
Execution time: 17544.675 ms
