Hash Join  (cost=365418.15..1421231.99 rows=12570414 width=0) (actual time=13636.584..32890.710 rows=26394056 loops=1)
  Hash Cond: (ci.movie_id = t.id)
  ->  Seq Scan on cast_info ci  (cost=0.00..796071.18 rows=7025889 width=4) (actual time=4317.970..15037.476 rows=3153759 loops=1)
        Filter: ((person_id < 2769060) AND (role_id > 4))
        Rows Removed by Filter: 33090585
  ->  Hash  (cost=291197.02..291197.02 rows=4523930 width=8) (actual time=9317.257..9317.257 rows=4523930 loops=1)
        Buckets: 131072  Batches: 64  Memory Usage: 3816kB
        ->  Hash Join  (cost=102767.86..291197.02 rows=4523930 width=8) (actual time=1962.681..7668.271 rows=4523930 loops=1)
              Hash Cond: (mk.movie_id = t.id)
              ->  Seq Scan on movie_keyword mk  (cost=0.00..69693.30 rows=4523930 width=4) (actual time=0.048..1499.822 rows=4523930 loops=1)
              ->  Hash  (cost=61283.27..61283.27 rows=2528527 width=4) (actual time=1961.307..1961.307 rows=2528312 loops=1)
                    Buckets: 131072  Batches: 64  Memory Usage: 2425kB
                    ->  Seq Scan on title t  (cost=0.00..61283.27 rows=2528527 width=4) (actual time=0.021..1120.478 rows=2528312 loops=1)
Planning time: 1.098 ms
Execution time: 35930.087 ms
