Hash Join  (cost=156632.57..238892.50 rows=398180 width=0) (actual time=3308.962..5720.180 rows=1149596 loops=1)
  Hash Cond: (mc.movie_id = t.id)
  ->  Seq Scan on movie_companies mc  (cost=0.00..51404.11 rows=2167205 width=4) (actual time=0.024..1108.187 rows=2162617 loops=1)
        Filter: (company_id < 77556)
        Rows Removed by Filter: 446512
  ->  Hash  (cost=149010.49..149010.49 rows=464566 width=8) (actual time=3308.181..3308.181 rows=459925 loops=1)
        Buckets: 131072  Batches: 8  Memory Usage: 3275kB
        ->  Hash Join  (cost=102767.86..149010.49 rows=464566 width=8) (actual time=1864.092..3169.022 rows=459925 loops=1)
              Hash Cond: (mi_idx.movie_id = t.id)
              ->  Seq Scan on movie_info_idx mi_idx  (cost=0.00..25185.44 rows=464566 width=4) (actual time=0.016..485.402 rows=459925 loops=1)
                    Filter: (info_type_id = 101)
                    Rows Removed by Filter: 920110
              ->  Hash  (cost=61283.27..61283.27 rows=2528527 width=4) (actual time=1863.070..1863.070 rows=2528312 loops=1)
                    Buckets: 131072  Batches: 64  Memory Usage: 2415kB
                    ->  Seq Scan on title t  (cost=0.00..61283.27 rows=2528527 width=4) (actual time=0.013..1013.652 rows=2528312 loops=1)
Planning time: 1.073 ms
Execution time: 5835.311 ms
