Seq Scan on cast_info ci  (cost=0.00..796071.18 rows=5694672 width=0) (actual time=9375.022..15641.520 rows=5696386 loops=1)
  Filter: ((person_id > 71519) AND (role_id > 8))
  Rows Removed by Filter: 30547958
Planning time: 0.300 ms
Execution time: 16319.616 ms
