Seq Scan on cast_info ci  (cost=0.00..796071.18 rows=55 width=0) (actual time=1784.917..9586.620 rows=18 loops=1)
  Filter: ((person_id = 2833207) AND (role_id = 3))
  Rows Removed by Filter: 36244326
Planning time: 0.274 ms
Execution time: 9586.702 ms
