Seq Scan on movie_keyword mk  (cost=0.00..81003.12 rows=4224889 width=0) (actual time=0.019..1709.133 rows=4206711 loops=1)
  Filter: (keyword_id > 249)
  Rows Removed by Filter: 317219
Planning time: 0.408 ms
Execution time: 2234.124 ms
