Seq Scan on cast_info ci  (cost=0.00..705507.15 rows=5984958 width=0) (actual time=1257.294..11782.086 rows=5890322 loops=1)
  Filter: (person_id < 570411)
  Rows Removed by Filter: 30354022
Planning time: 0.332 ms
Execution time: 12517.749 ms
