Seq Scan on movie_companies mc  (cost=0.00..57926.93 rows=62640 width=0) (actual time=381.673..827.138 rows=122339 loops=1)
  Filter: ((company_id > 145082) AND (company_type_id = 2))
  Rows Removed by Filter: 2486790
Planning time: 0.411 ms
Execution time: 842.672 ms
