Hash Join  (cost=101490.70..157956.63 rows=7578 width=0) (actual time=1315.049..2548.568 rows=45924 loops=1)
  Hash Cond: (mc.movie_id = t.id)
  ->  Seq Scan on movie_companies mc  (cost=0.00..51404.11 rows=1329612 width=4) (actual time=0.278..953.712 rows=1334883 loops=1)
        Filter: (company_type_id > 1)
        Rows Removed by Filter: 1274246
  ->  Hash  (cost=101310.56..101310.56 rows=14411 width=8) (actual time=1314.591..1314.591 rows=31800 loops=1)
        Buckets: 32768 (originally 16384)  Batches: 1 (originally 1)  Memory Usage: 1499kB
        ->  Hash Join  (cost=74255.97..101310.56 rows=14411 width=8) (actual time=851.691..1304.188 rows=31800 loops=1)
              Hash Cond: (mi_idx.movie_id = t.id)
              ->  Seq Scan on movie_info_idx mi_idx  (cost=0.00..21735.35 rows=1380035 width=4) (actual time=0.015..208.676 rows=1380035 loops=1)
              ->  Hash  (cost=73925.90..73925.90 rows=26405 width=4) (actual time=851.444..851.444 rows=23926 loops=1)
                    Buckets: 32768  Batches: 1  Memory Usage: 1098kB
                    ->  Seq Scan on title t  (cost=0.00..73925.90 rows=26405 width=4) (actual time=0.039..842.526 rows=23926 loops=1)
                          Filter: ((kind_id < 7) AND (production_year = 2003))
                          Rows Removed by Filter: 2504386
Planning time: 1.095 ms
Execution time: 2554.776 ms
