Hash Join  (cost=83074.74..431000.37 rows=44 width=0) (actual time=4529.262..5754.087 rows=57 loops=1)
  Hash Cond: (mi.movie_id = t.id)
  ->  Seq Scan on movie_info mi  (cost=0.00..346232.03 rows=451508 width=4) (actual time=3274.516..4435.950 rows=474443 loops=1)
        Filter: (info_type_id = 6)
        Rows Removed by Filter: 14361277
  ->  Hash  (cost=83071.67..83071.67 rows=246 width=8) (actual time=1253.582..1253.582 rows=85 loops=1)
        Buckets: 1024  Batches: 1  Memory Usage: 12kB
        ->  Nested Loop  (cost=0.43..83071.67 rows=246 width=8) (actual time=16.454..1253.416 rows=85 loops=1)
              ->  Seq Scan on movie_keyword mk  (cost=0.00..81003.12 rows=246 width=4) (actual time=16.332..1241.005 rows=85 loops=1)
                    Filter: (keyword_id = 7033)
                    Rows Removed by Filter: 4523845
              ->  Index Only Scan using title_pkey on title t  (cost=0.43..8.40 rows=1 width=4) (actual time=0.139..0.140 rows=1 loops=85)
                    Index Cond: (id = mk.movie_id)
                    Heap Fetches: 85
Planning time: 1.428 ms
Execution time: 5754.221 ms
