Seq Scan on movie_companies mc  (cost=0.00..51404.11 rows=412497 width=0) (actual time=187.060..850.896 rows=415352 loops=1)
  Filter: (company_id > 80472)
  Rows Removed by Filter: 2193777
Planning time: 0.313 ms
Execution time: 903.961 ms
