Hash Join  (cost=139152.68..652054.20 rows=3101657 width=0) (actual time=3312.319..20244.785 rows=17024078 loops=1)
  Hash Cond: (mi.movie_id = t.id)
  ->  Seq Scan on movie_info mi  (cost=0.00..309384.22 rows=14739122 width=4) (actual time=0.022..5820.080 rows=14835720 loops=1)
  ->  Hash  (cost=130422.48..130422.48 rows=532096 width=8) (actual time=3311.413..3311.413 rows=937655 loops=1)
        Buckets: 131072 (originally 131072)  Batches: 16 (originally 8)  Memory Usage: 3329kB
        ->  Hash Join  (cost=83600.04..130422.48 rows=532096 width=8) (actual time=1392.092..3011.786 rows=937655 loops=1)
              Hash Cond: (mi_idx.movie_id = t.id)
              ->  Seq Scan on movie_info_idx mi_idx  (cost=0.00..21735.35 rows=1380035 width=4) (actual time=0.016..473.575 rows=1380035 loops=1)
              ->  Hash  (cost=67604.59..67604.59 rows=974916 width=4) (actual time=1391.143..1391.143 rows=972448 loops=1)
                    Buckets: 131072  Batches: 16  Memory Usage: 3160kB
                    ->  Seq Scan on title t  (cost=0.00..67604.59 rows=974916 width=4) (actual time=0.024..1087.832 rows=972448 loops=1)
                          Filter: (kind_id < 6)
                          Rows Removed by Filter: 1555864
Planning time: 1.093 ms
Execution time: 22045.639 ms
