Hash Join  (cost=52284.99..412108.35 rows=149 width=0) (actual time=2364.030..7030.247 rows=491 loops=1)
  Hash Cond: (mi.movie_id = t.id)
  ->  Seq Scan on movie_info mi  (cost=0.00..346232.03 rows=3623957 width=4) (actual time=1415.843..5622.907 rows=3624977 loops=1)
        Filter: (info_type_id < 4)
        Rows Removed by Filter: 11210743
  ->  Hash  (cost=52283.69..52283.69 rows=104 width=8) (actual time=943.509..943.509 rows=229 loops=1)
        Buckets: 1024  Batches: 1  Memory Usage: 17kB
        ->  Nested Loop  (cost=0.43..52283.69 rows=104 width=8) (actual time=1.032..943.331 rows=229 loops=1)
              ->  Seq Scan on movie_companies mc  (cost=0.00..51404.11 rows=104 width=4) (actual time=0.956..937.891 rows=229 loops=1)
                    Filter: (company_id = 1211)
                    Rows Removed by Filter: 2608900
              ->  Index Only Scan using title_pkey on title t  (cost=0.43..8.45 rows=1 width=4) (actual time=0.022..0.022 rows=1 loops=229)
                    Index Cond: (id = mc.movie_id)
                    Heap Fetches: 229
Planning time: 0.726 ms
Execution time: 7030.425 ms
