Hash Join  (cost=78900.89..207512.63 rows=542470 width=0) (actual time=1320.206..4507.376 rows=733277 loops=1)
  Hash Cond: (mk.movie_id = t.id)
  ->  Seq Scan on movie_keyword mk  (cost=0.00..69693.30 rows=4523930 width=4) (actual time=0.020..1340.225 rows=4523930 loops=1)
  ->  Hash  (cost=73925.90..73925.90 rows=303199 width=4) (actual time=1319.410..1319.410 rows=250201 loops=1)
        Buckets: 131072  Batches: 4  Memory Usage: 3232kB
        ->  Seq Scan on title t  (cost=0.00..73925.90 rows=303199 width=4) (actual time=0.023..1226.137 rows=250201 loops=1)
              Filter: ((kind_id < 3) AND (production_year > 2005))
              Rows Removed by Filter: 2278111
Planning time: 0.683 ms
Execution time: 4594.038 ms
