Seq Scan on cast_info ci  (cost=0.00..796071.18 rows=324 width=0) (actual time=573.214..11984.985 rows=3 loops=1)
  Filter: ((role_id > 1) AND (person_id = 122339))
  Rows Removed by Filter: 36244341
Planning time: 0.352 ms
Execution time: 11985.099 ms
