Hash Join  (cost=168983.46..300447.28 rows=776578 width=0) (actual time=4666.569..8066.678 rows=332947 loops=1)
  Hash Cond: (mk.movie_id = t.id)
  ->  Seq Scan on movie_keyword mk  (cost=0.00..69693.30 rows=4523930 width=4) (actual time=0.013..1374.404 rows=4523930 loops=1)
  ->  Hash  (cost=161861.87..161861.87 rows=434047 width=8) (actual time=4026.586..4026.586 rows=269535 loops=1)
        Buckets: 131072  Batches: 8  Memory Usage: 2349kB
        ->  Hash Join  (cost=80827.88..161861.87 rows=434047 width=8) (actual time=1854.777..3951.452 rows=269535 loops=1)
              Hash Cond: (mc.movie_id = t.id)
              ->  Seq Scan on movie_companies mc  (cost=0.00..44881.29 rows=2609129 width=4) (actual time=0.021..886.256 rows=2609129 loops=1)
              ->  Hash  (cost=73925.90..73925.90 rows=420638 width=4) (actual time=1854.100..1854.100 rows=301535 loops=1)
                    Buckets: 131072  Batches: 8  Memory Usage: 2337kB
                    ->  Seq Scan on title t  (cost=0.00..73925.90 rows=420638 width=4) (actual time=349.165..1108.152 rows=301535 loops=1)
                          Filter: ((production_year < 1990) AND (kind_id = 7))
                          Rows Removed by Filter: 2226777
Planning time: 2.064 ms
Execution time: 8109.554 ms
