Seq Scan on cast_info ci  (cost=0.00..705507.15 rows=500 width=0) (actual time=1813.644..10945.074 rows=138 loops=1)
  Filter: (person_id = 744771)
  Rows Removed by Filter: 36244206
Planning time: 0.225 ms
Execution time: 10945.160 ms
