Seq Scan on cast_info ci  (cost=0.00..796071.18 rows=6530373 width=0) (actual time=0.018..13746.216 rows=10719009 loops=1)
  Filter: ((person_id > 2177694) AND (role_id > 2))
  Rows Removed by Filter: 25525335
Planning time: 0.288 ms
Execution time: 15083.930 ms
