Hash Join  (cost=206138.89..285578.66 rows=318425 width=0) (actual time=4887.279..7550.478 rows=2152401 loops=1)
  Hash Cond: (mc.movie_id = t.id)
  ->  Seq Scan on movie_companies mc  (cost=0.00..44881.29 rows=2609129 width=4) (actual time=0.012..942.095 rows=2609129 loops=1)
  ->  Hash  (cost=201075.54..201075.54 rows=308588 width=8) (actual time=4886.444..4886.444 rows=331308 loops=1)
        Buckets: 131072  Batches: 8  Memory Usage: 2666kB
        ->  Hash Join  (cost=102767.86..201075.54 rows=308588 width=8) (actual time=1987.838..4784.735 rows=331308 loops=1)
              Hash Cond: (mk.movie_id = t.id)
              ->  Seq Scan on movie_keyword mk  (cost=0.00..81003.12 rows=308588 width=4) (actual time=0.019..1383.697 rows=331308 loops=1)
                    Filter: (keyword_id < 267)
                    Rows Removed by Filter: 4192622
              ->  Hash  (cost=61283.27..61283.27 rows=2528527 width=4) (actual time=1986.695..1986.695 rows=2528312 loops=1)
                    Buckets: 131072  Batches: 64  Memory Usage: 2425kB
                    ->  Seq Scan on title t  (cost=0.00..61283.27 rows=2528527 width=4) (actual time=0.004..1128.184 rows=2528312 loops=1)
Planning time: 0.934 ms
Execution time: 7795.168 ms
