Hash Join  (cost=102767.86..217442.09 rows=988745 width=0) (actual time=2041.127..4652.480 rows=995203 loops=1)
  Hash Cond: (mk.movie_id = t.id)
  ->  Seq Scan on movie_keyword mk  (cost=0.00..81003.12 rows=988745 width=4) (actual time=0.025..1450.589 rows=995203 loops=1)
        Filter: (keyword_id < 944)
        Rows Removed by Filter: 3528727
  ->  Hash  (cost=61283.27..61283.27 rows=2528527 width=4) (actual time=2039.970..2039.970 rows=2528312 loops=1)
        Buckets: 131072  Batches: 64  Memory Usage: 2425kB
        ->  Seq Scan on title t  (cost=0.00..61283.27 rows=2528527 width=4) (actual time=0.008..1176.639 rows=2528312 loops=1)
Planning time: 0.701 ms
Execution time: 4764.943 ms
