Hash Join  (cost=84497.07..220544.23 rows=1152812 width=0) (actual time=1564.083..6054.807 rows=2055307 loops=1)
  Hash Cond: (mk.movie_id = t.id)
  ->  Seq Scan on movie_keyword mk  (cost=0.00..69693.30 rows=4523930 width=4) (actual time=0.014..1414.761 rows=4523930 loops=1)
  ->  Hash  (cost=73925.90..73925.90 rows=644333 width=4) (actual time=1563.034..1563.034 rows=544419 loops=1)
        Buckets: 131072  Batches: 16  Memory Usage: 2223kB
        ->  Seq Scan on title t  (cost=0.00..73925.90 rows=644333 width=4) (actual time=0.023..1358.339 rows=544419 loops=1)
              Filter: ((kind_id < 7) AND (production_year > 1994))
              Rows Removed by Filter: 1983893
Planning time: 0.697 ms
Execution time: 6313.304 ms
