Hash Join  (cost=75849.44..200407.14 rows=209766 width=0) (actual time=1205.597..3713.379 rows=1759 loops=1)
  Hash Cond: (mk.movie_id = t.id)
  ->  Seq Scan on movie_keyword mk  (cost=0.00..69693.30 rows=4523930 width=4) (actual time=0.015..1304.584 rows=4523930 loops=1)
  ->  Hash  (cost=73925.90..73925.90 rows=117243 width=4) (actual time=1162.293..1162.293 rows=2818 loops=1)
        Buckets: 131072  Batches: 2  Memory Usage: 1079kB
        ->  Seq Scan on title t  (cost=0.00..73925.90 rows=117243 width=4) (actual time=6.468..1160.205 rows=2818 loops=1)
              Filter: ((kind_id > 1) AND (production_year < 1950))
              Rows Removed by Filter: 2525494
Planning time: 0.744 ms
Execution time: 3713.785 ms
