Hash Join  (cost=83074.80..110004.11 rows=37 width=0) (actual time=1196.960..1717.625 rows=16 loops=1)
  Hash Cond: (mi_idx.movie_id = t.id)
  ->  Seq Scan on movie_info_idx mi_idx  (cost=0.00..25185.44 rows=464934 width=4) (actual time=0.031..461.672 rows=460185 loops=1)
        Filter: (info_type_id > 100)
        Rows Removed by Filter: 919850
  ->  Hash  (cost=83072.29..83072.29 rows=201 width=8) (actual time=1193.670..1193.670 rows=18 loops=1)
        Buckets: 1024  Batches: 1  Memory Usage: 9kB
        ->  Nested Loop  (cost=0.43..83072.29 rows=201 width=8) (actual time=9.586..1193.634 rows=18 loops=1)
              ->  Seq Scan on movie_keyword mk  (cost=0.00..81003.12 rows=246 width=4) (actual time=9.518..1190.713 rows=21 loops=1)
                    Filter: (keyword_id = 31900)
                    Rows Removed by Filter: 4523909
              ->  Index Scan using title_pkey on title t  (cost=0.43..8.40 rows=1 width=4) (actual time=0.132..0.132 rows=1 loops=21)
                    Index Cond: (id = mk.movie_id)
                    Filter: (production_year < 2011)
                    Rows Removed by Filter: 0
Planning time: 1.148 ms
Execution time: 1717.798 ms
