Hash Join  (cost=425638.34..1158774.41 rows=26048 width=0) (actual time=9982.593..21205.230 rows=39491 loops=1)
  Hash Cond: (ci.movie_id = t.id)
  ->  Seq Scan on cast_info ci  (cost=0.00..705507.15 rows=7298253 width=4) (actual time=2945.731..12766.686 rows=7451973 loops=1)
        Filter: (role_id = 2)
        Rows Removed by Filter: 28792371
  ->  Hash  (cost=425525.54..425525.54 rows=9024 width=8) (actual time=7035.664..7035.664 rows=11340 loops=1)
        Buckets: 16384  Batches: 1  Memory Usage: 571kB
        ->  Hash Join  (cost=67697.55..425525.54 rows=9024 width=8) (actual time=1117.864..7030.546 rows=11340 loops=1)
              Hash Cond: (mi.movie_id = t.id)
              ->  Seq Scan on movie_info mi  (cost=0.00..346232.03 rows=3068194 width=4) (actual time=142.144..5488.243 rows=3036719 loops=1)
                    Filter: (info_type_id = 16)
                    Rows Removed by Filter: 11799001
              ->  Hash  (cost=67604.59..67604.59 rows=7437 width=4) (actual time=971.487..971.487 rows=9768 loops=1)
                    Buckets: 16384 (originally 8192)  Batches: 1 (originally 1)  Memory Usage: 472kB
                    ->  Seq Scan on title t  (cost=0.00..67604.59 rows=7437 width=4) (actual time=0.427..966.184 rows=9768 loops=1)
                          Filter: (production_year = 1958)
                          Rows Removed by Filter: 2518544
Planning time: 1.116 ms
Execution time: 21211.521 ms
