Seq Scan on movie_companies mc  (cost=0.00..57926.93 rows=782608 width=0) (actual time=0.024..1060.490 rows=1079149 loops=1)
  Filter: ((company_id < 15892) AND (company_type_id = 1))
  Rows Removed by Filter: 1529980
Planning time: 0.343 ms
Execution time: 1194.975 ms
