Hash Join  (cost=83074.16..456443.73 rows=429 width=0) (actual time=2322.532..8083.252 rows=3 loops=1)
  Hash Cond: (mi.movie_id = t.id)
  ->  Seq Scan on movie_info mi  (cost=0.00..346232.03 rows=7235534 width=4) (actual time=759.591..5934.672 rows=7286865 loops=1)
        Filter: (info_type_id < 8)
        Rows Removed by Filter: 7548855
  ->  Hash  (cost=83072.29..83072.29 rows=150 width=8) (actual time=1166.194..1166.194 rows=1 loops=1)
        Buckets: 1024  Batches: 1  Memory Usage: 9kB
        ->  Nested Loop  (cost=0.43..83072.29 rows=150 width=8) (actual time=1140.954..1166.167 rows=1 loops=1)
              ->  Seq Scan on movie_keyword mk  (cost=0.00..81003.12 rows=246 width=4) (actual time=526.840..1165.925 rows=4 loops=1)
                    Filter: (keyword_id = 46745)
                    Rows Removed by Filter: 4523926
              ->  Index Scan using title_pkey on title t  (cost=0.43..8.40 rows=1 width=4) (actual time=0.044..0.044 rows=0 loops=4)
                    Index Cond: (id = mk.movie_id)
                    Filter: (kind_id = 7)
                    Rows Removed by Filter: 1
Planning time: 1.441 ms
Execution time: 8083.408 ms
