Hash Join  (cost=73949.65..165597.11 rows=2129 width=0) (actual time=1124.595..3182.002 rows=4161 loops=1)
  Hash Cond: (mk.movie_id = t.id)
  ->  Seq Scan on movie_keyword mk  (cost=0.00..81003.12 rows=2832810 width=4) (actual time=0.025..1639.222 rows=2825947 loops=1)
        Filter: (keyword_id > 2641)
        Rows Removed by Filter: 1697983
  ->  Hash  (cost=73925.90..73925.90 rows=1900 width=4) (actual time=1123.900..1123.900 rows=2295 loops=1)
        Buckets: 4096 (originally 2048)  Batches: 1 (originally 1)  Memory Usage: 113kB
        ->  Seq Scan on title t  (cost=0.00..73925.90 rows=1900 width=4) (actual time=227.539..1122.667 rows=2295 loops=1)
              Filter: ((kind_id = 3) AND (production_year = 1998))
              Rows Removed by Filter: 2526017
Planning time: 3.332 ms
Execution time: 3182.775 ms
