Seq Scan on cast_info ci  (cost=0.00..705507.15 rows=11621661 width=0) (actual time=0.021..11144.569 rows=11657733 loops=1)
  Filter: (person_id > 2527959)
  Rows Removed by Filter: 24586611
Planning time: 0.347 ms
Execution time: 12561.383 ms
