Hash Join  (cost=148908.31..520764.24 rows=111280 width=0) (actual time=6401.303..9896.487 rows=348391 loops=1)
  Hash Cond: (mi.movie_id = t.id)
  ->  Seq Scan on movie_info mi  (cost=0.00..346232.03 rows=2073893 width=4) (actual time=2901.743..5644.159 rows=2091068 loops=1)
        Filter: (info_type_id < 3)
        Rows Removed by Filter: 12744652
  ->  Hash  (cost=146682.39..146682.39 rows=135674 width=8) (actual time=3149.815..3149.815 rows=263364 loops=1)
        Buckets: 131072 (originally 131072)  Batches: 4 (originally 2)  Memory Usage: 3595kB
        ->  Hash Join  (cost=69762.12..146682.39 rows=135674 width=8) (actual time=1128.683..3052.968 rows=263364 loops=1)
              Hash Cond: (mc.movie_id = t.id)
              ->  Seq Scan on movie_companies mc  (cost=0.00..44881.29 rows=2609129 width=4) (actual time=0.050..963.524 rows=2609129 loops=1)
              ->  Hash  (cost=67604.59..67604.59 rows=131483 width=4) (actual time=1011.343..1011.343 rows=133123 loops=1)
                    Buckets: 131072  Batches: 2  Memory Usage: 3361kB
                    ->  Seq Scan on title t  (cost=0.00..67604.59 rows=131483 width=4) (actual time=0.272..965.965 rows=133123 loops=1)
                          Filter: (production_year < 1937)
                          Rows Removed by Filter: 2395189
Planning time: 1.156 ms
Execution time: 9940.795 ms
