Seq Scan on cast_info ci  (cost=0.00..705507.15 rows=500 width=0) (actual time=1597.612..10963.334 rows=17 loops=1)
  Filter: (person_id = 3523662)
  Rows Removed by Filter: 36244327
Planning time: 0.346 ms
Execution time: 10963.432 ms
