Hash Join  (cost=371513.84..1098319.10 rows=19320250 width=0) (actual time=8675.996..66530.445 rows=209518926 loops=1)
  Hash Cond: (mi.movie_id = t.id)
  ->  Seq Scan on movie_info mi  (cost=0.00..346232.03 rows=11115165 width=4) (actual time=0.014..7063.493 rows=11210743 loops=1)
        Filter: (info_type_id > 3)
        Rows Removed by Filter: 3624977
  ->  Hash  (cost=299406.64..299406.64 rows=4395056 width=8) (actual time=8673.904..8673.904 rows=4398531 loops=1)
        Buckets: 131072  Batches: 64  Memory Usage: 3810kB
        ->  Hash Join  (cost=102767.86..299406.64 rows=4395056 width=8) (actual time=1914.953..7426.279 rows=4398531 loops=1)
              Hash Cond: (mk.movie_id = t.id)
              ->  Seq Scan on movie_keyword mk  (cost=0.00..81003.12 rows=4395056 width=4) (actual time=0.022..1852.779 rows=4398531 loops=1)
                    Filter: (keyword_id < 77108)
                    Rows Removed by Filter: 125399
              ->  Hash  (cost=61283.27..61283.27 rows=2528527 width=4) (actual time=1913.558..1913.558 rows=2528312 loops=1)
                    Buckets: 131072  Batches: 64  Memory Usage: 2425kB
                    ->  Seq Scan on title t  (cost=0.00..61283.27 rows=2528527 width=4) (actual time=0.020..1070.217 rows=2528312 loops=1)
Planning time: 1.145 ms
Execution time: 88986.835 ms
