Hash Join  (cost=136950.75..641520.44 rows=2320774 width=0) (actual time=2710.765..15368.264 rows=2058606 loops=1)
  Hash Cond: (mi.movie_id = t.id)
  ->  Seq Scan on movie_info mi  (cost=0.00..309384.22 rows=14739122 width=4) (actual time=0.013..5897.046 rows=14835720 loops=1)
  ->  Hash  (cost=130418.08..130418.08 rows=398134 width=8) (actual time=2705.177..2705.177 rows=223092 loops=1)
        Buckets: 131072  Batches: 8  Memory Usage: 2128kB
        ->  Hash Join  (cost=85894.26..130418.08 rows=398134 width=8) (actual time=1439.917..2633.783 rows=223092 loops=1)
              Hash Cond: (mi_idx.movie_id = t.id)
              ->  Seq Scan on movie_info_idx mi_idx  (cost=0.00..21735.35 rows=1380035 width=4) (actual time=0.018..419.775 rows=1380035 loops=1)
              ->  Hash  (cost=73925.90..73925.90 rows=729468 width=4) (actual time=1438.581..1438.581 rows=638430 loops=1)
                    Buckets: 131072  Batches: 16  Memory Usage: 2425kB
                    ->  Seq Scan on title t  (cost=0.00..73925.90 rows=729468 width=4) (actual time=0.030..1237.479 rows=638430 loops=1)
                          Filter: ((production_year < 2003) AND (kind_id = 7))
                          Rows Removed by Filter: 1889882
Planning time: 1.187 ms
Execution time: 15603.974 ms
