Seq Scan on movie_keyword mk  (cost=0.00..81003.12 rows=1323220 width=0) (actual time=0.024..1505.517 rows=1338220 loops=1)
  Filter: (keyword_id > 12835)
  Rows Removed by Filter: 3185710
Planning time: 0.310 ms
Execution time: 1672.621 ms
