Hash Join  (cost=52284.32..864216.51 rows=325 width=0) (actual time=448.218..18759.567 rows=6442 loops=1)
  Hash Cond: (ci.movie_id = t.id)
  ->  Seq Scan on cast_info ci  (cost=0.00..705507.15 rows=28379144 width=4) (actual time=0.025..14469.693 rows=28531704 loops=1)
        Filter: (role_id < 7)
        Rows Removed by Filter: 7712640
  ->  Hash  (cost=52283.95..52283.95 rows=29 width=8) (actual time=446.518..446.518 rows=233 loops=1)
        Buckets: 1024  Batches: 1  Memory Usage: 18kB
        ->  Nested Loop  (cost=0.43..52283.95 rows=29 width=8) (actual time=87.337..446.360 rows=233 loops=1)
              ->  Seq Scan on movie_companies mc  (cost=0.00..51404.11 rows=104 width=4) (actual time=87.242..440.485 rows=233 loops=1)
                    Filter: (company_id = 18722)
                    Rows Removed by Filter: 2608896
              ->  Index Scan using title_pkey on title t  (cost=0.43..8.45 rows=1 width=4) (actual time=0.024..0.024 rows=1 loops=233)
                    Index Cond: (id = mc.movie_id)
                    Filter: (production_year < 1991)
Planning time: 1.120 ms
Execution time: 18761.302 ms
