Seq Scan on cast_info ci  (cost=0.00..796071.18 rows=8897703 width=0) (actual time=5046.384..44016.046 rows=4910809 loops=1)
  Filter: ((person_id > 1058609) AND (role_id < 2))
  Rows Removed by Filter: 31333535
Planning time: 0.297 ms
Execution time: 44923.234 ms
