Hash Join  (cost=94978.31..259004.58 rows=2985132 width=0) (actual time=2205.640..7020.523 rows=3613802 loops=1)
  Hash Cond: (mk.movie_id = t.id)
  ->  Seq Scan on movie_keyword mk  (cost=0.00..69693.30 rows=4523930 width=4) (actual time=0.021..1460.906 rows=4523930 loops=1)
  ->  Hash  (cost=67604.59..67604.59 rows=1668458 width=4) (actual time=2204.776..2204.776 rows=1671292 loops=1)
        Buckets: 131072  Batches: 32  Memory Usage: 2866kB
        ->  Seq Scan on title t  (cost=0.00..67604.59 rows=1668458 width=4) (actual time=0.023..1347.688 rows=1671292 loops=1)
              Filter: (production_year < 2008)
              Rows Removed by Filter: 857020
Planning time: 0.750 ms
Execution time: 7470.284 ms
