Hash Join  (cost=102767.86..1087504.18 rows=7430101 width=0) (actual time=5727.646..55265.376 rows=5750576 loops=1)
  Hash Cond: (ci.movie_id = t.id)
  ->  Seq Scan on cast_info ci  (cost=0.00..796071.18 rows=7430101 width=4) (actual time=0.013..42925.023 rows=5750576 loops=1)
        Filter: ((person_id < 3676184) AND (role_id > 6))
        Rows Removed by Filter: 30493768
  ->  Hash  (cost=61283.27..61283.27 rows=2528527 width=4) (actual time=5726.484..5726.484 rows=2528312 loops=1)
        Buckets: 131072  Batches: 64  Memory Usage: 2415kB
        ->  Seq Scan on title t  (cost=0.00..61283.27 rows=2528527 width=4) (actual time=0.022..4577.798 rows=2528312 loops=1)
Planning time: 0.747 ms
Execution time: 56078.089 ms
