Hash Join  (cost=100845.01..474211.86 rows=157 width=0) (actual time=2016.240..8926.348 rows=3266 loops=1)
  Hash Cond: (mi.movie_id = t.id)
  ->  Seq Scan on movie_info mi  (cost=0.00..346232.03 rows=7235534 width=4) (actual time=265.968..6236.198 rows=7286865 loops=1)
        Filter: (info_type_id < 8)
        Rows Removed by Filter: 7548855
  ->  Hash  (cost=100844.32..100844.32 rows=55 width=8) (actual time=1605.701..1605.701 rows=455 loops=1)
        Buckets: 1024  Batches: 1  Memory Usage: 26kB
        ->  Hash Join  (cost=73929.67..100844.32 rows=55 width=8) (actual time=1057.192..1605.412 rows=455 loops=1)
              Hash Cond: (mi_idx.movie_id = t.id)
              ->  Seq Scan on movie_info_idx mi_idx  (cost=0.00..25185.44 rows=460978 width=4) (actual time=0.036..470.042 rows=459925 loops=1)
                    Filter: (info_type_id < 100)
                    Rows Removed by Filter: 920110
              ->  Hash  (cost=73925.90..73925.90 rows=301 width=4) (actual time=1057.125..1057.125 rows=1248 loops=1)
                    Buckets: 2048 (originally 1024)  Batches: 1 (originally 1)  Memory Usage: 60kB
                    ->  Seq Scan on title t  (cost=0.00..73925.90 rows=301 width=4) (actual time=0.020..1056.466 rows=1248 loops=1)
                          Filter: ((kind_id = 3) AND (production_year = 1985))
                          Rows Removed by Filter: 2527064
Planning time: 1.008 ms
Execution time: 8927.316 ms
