Hash Join  (cost=298328.43..1308358.95 rows=12296238 width=0) (actual time=16712.128..84613.620 rows=54645376 loops=1)
  Hash Cond: (ci.movie_id = t.id)
  ->  Seq Scan on cast_info ci  (cost=0.00..705507.15 rows=12203201 width=4) (actual time=450.924..42300.508 rows=12113646 loops=1)
        Filter: (role_id > 3)
        Rows Removed by Filter: 24130698
  ->  Hash  (cost=256527.88..256527.88 rows=2547804 width=8) (actual time=16259.220..16259.220 rows=3004824 loops=1)
        Buckets: 131072  Batches: 64  Memory Usage: 2866kB
        ->  Hash Join  (cost=97066.09..256527.88 rows=2547804 width=8) (actual time=5800.923..14779.049 rows=3004824 loops=1)
              Hash Cond: (mk.movie_id = t.id)
              ->  Seq Scan on movie_keyword mk  (cost=0.00..81003.12 rows=3587526 width=4) (actual time=0.031..5144.336 rows=3580349 loops=1)
                    Filter: (keyword_id > 875)
                    Rows Removed by Filter: 943581
              ->  Hash  (cost=67604.59..67604.59 rows=1795720 width=4) (actual time=5799.883..5799.883 rows=1794153 loops=1)
                    Buckets: 131072  Batches: 32  Memory Usage: 3001kB
                    ->  Seq Scan on title t  (cost=0.00..67604.59 rows=1795720 width=4) (actual time=0.029..4747.877 rows=1794153 loops=1)
                          Filter: (production_year < 2009)
                          Rows Removed by Filter: 734159
Planning time: 1.111 ms
Execution time: 92269.139 ms
