Hash Join  (cost=971425.22..3262073.77 rows=94432517 width=0) (actual time=28337.314..94985.341 rows=155566434 loops=1)
  Hash Cond: (ci.movie_id = t.id)
  ->  Seq Scan on cast_info ci  (cost=0.00..796071.18 rows=18852811 width=4) (actual time=4629.968..17135.091 rows=17719588 loops=1)
        Filter: ((person_id > 1428805) AND (role_id < 10))
        Rows Removed by Filter: 18524756
  ->  Hash  (cost=763635.85..763635.85 rows=12665229 width=8) (actual time=23706.098..23706.098 rows=12744652 loops=1)
        Buckets: 131072  Batches: 256  Memory Usage: 2954kB
        ->  Hash Join  (cost=102767.86..763635.85 rows=12665229 width=8) (actual time=1939.390..20232.057 rows=12744652 loops=1)
              Hash Cond: (mi.movie_id = t.id)
              ->  Seq Scan on movie_info mi  (cost=0.00..346232.03 rows=12665229 width=4) (actual time=0.033..7602.169 rows=12744652 loops=1)
                    Filter: (info_type_id > 2)
                    Rows Removed by Filter: 2091068
              ->  Hash  (cost=61283.27..61283.27 rows=2528527 width=4) (actual time=1937.591..1937.591 rows=2528312 loops=1)
                    Buckets: 131072  Batches: 64  Memory Usage: 2425kB
                    ->  Seq Scan on title t  (cost=0.00..61283.27 rows=2528527 width=4) (actual time=0.021..1050.197 rows=2528312 loops=1)
Planning time: 1.153 ms
Execution time: 112902.688 ms
