Nested Loop  (cost=0.43..83071.67 rows=246 width=0) (actual time=1.895..1401.475 rows=989 loops=1)
  ->  Seq Scan on movie_keyword mk  (cost=0.00..81003.12 rows=246 width=4) (actual time=1.836..1347.065 rows=989 loops=1)
        Filter: (keyword_id = 1086)
        Rows Removed by Filter: 4522941
  ->  Index Only Scan using title_pkey on title t  (cost=0.43..8.40 rows=1 width=4) (actual time=0.053..0.054 rows=1 loops=989)
        Index Cond: (id = mk.movie_id)
        Heap Fetches: 989
Planning time: 5.048 ms
Execution time: 1401.952 ms
