Seq Scan on title t  (cost=0.00..73925.90 rows=734148 width=0) (actual time=0.015..3345.276 rows=737532 loops=1)
  Filter: ((kind_id < 3) AND (production_year > 1901))
  Rows Removed by Filter: 1790780
Planning time: 0.303 ms
Execution time: 3461.005 ms
