Seq Scan on cast_info ci  (cost=0.00..796071.18 rows=2478309 width=0) (actual time=15477.654..37908.105 rows=5616385 loops=1)
  Filter: ((person_id > 3090175) AND (role_id > 2))
  Rows Removed by Filter: 30627959
Planning time: 0.276 ms
Execution time: 38923.868 ms
