Hash Join  (cost=102028.76..854677.83 rows=185985 width=0) (actual time=4833.836..45088.822 rows=374652 loops=1)
  Hash Cond: (ci.movie_id = t.id)
  ->  Seq Scan on cast_info ci  (cost=0.00..614943.12 rows=36225612 width=4) (actual time=0.012..28545.508 rows=36244344 loops=1)
  ->  Hash  (cost=101866.49..101866.49 rows=12982 width=8) (actual time=4833.576..4833.576 rows=12120 loops=1)
        Buckets: 16384  Batches: 1  Memory Usage: 602kB
        ->  Hash Join  (cost=74809.10..101866.49 rows=12982 width=8) (actual time=3412.484..4823.793 rows=12120 loops=1)
              Hash Cond: (mi_idx.movie_id = t.id)
              ->  Seq Scan on movie_info_idx mi_idx  (cost=0.00..25185.44 rows=464566 width=4) (actual time=0.033..1199.901 rows=459925 loops=1)
                    Filter: (info_type_id = 101)
                    Rows Removed by Filter: 920110
              ->  Hash  (cost=73925.90..73925.90 rows=70656 width=4) (actual time=3411.717..3411.717 rows=79548 loops=1)
                    Buckets: 131072  Batches: 1  Memory Usage: 3821kB
                    ->  Seq Scan on title t  (cost=0.00..73925.90 rows=70656 width=4) (actual time=0.069..3375.326 rows=79548 loops=1)
                          Filter: ((kind_id > 1) AND (production_year = 2005))
                          Rows Removed by Filter: 2448764
Planning time: 2.651 ms
Execution time: 45166.228 ms
