Hash Join  (cost=251307.68..819728.44 rows=8304883 width=0) (actual time=12509.395..73823.594 rows=76022688 loops=1)
  Hash Cond: (mi.movie_id = t.id)
  ->  Seq Scan on movie_info mi  (cost=0.00..309384.22 rows=14739122 width=4) (actual time=0.017..24325.558 rows=14835720 loops=1)
  ->  Hash  (cost=227932.68..227932.68 rows=1424720 width=8) (actual time=12507.955..12507.955 rows=1437953 loops=1)
        Buckets: 131072  Batches: 32  Memory Usage: 2847kB
        ->  Hash Join  (cost=102767.86..227932.68 rows=1424720 width=8) (actual time=5164.050..12032.756 rows=1437953 loops=1)
              Hash Cond: (mk.movie_id = t.id)
              ->  Seq Scan on movie_keyword mk  (cost=0.00..81003.12 rows=1424720 width=4) (actual time=0.026..4804.271 rows=1437953 loops=1)
                    Filter: (keyword_id > 11628)
                    Rows Removed by Filter: 3085977
              ->  Hash  (cost=61283.27..61283.27 rows=2528527 width=4) (actual time=5162.984..5162.984 rows=2528312 loops=1)
                    Buckets: 131072  Batches: 64  Memory Usage: 2425kB
                    ->  Seq Scan on title t  (cost=0.00..61283.27 rows=2528527 width=4) (actual time=0.011..3927.546 rows=2528312 loops=1)
Planning time: 1.185 ms
Execution time: 84758.462 ms
