Hash Join  (cost=68113.45..435142.36 rows=237298 width=0) (actual time=1160.284..9505.819 rows=227196 loops=1)
  Hash Cond: (mi.movie_id = t.id)
  ->  Seq Scan on movie_info mi  (cost=0.00..309384.22 rows=14739122 width=4) (actual time=0.009..4357.521 rows=14835720 loops=1)
  ->  Hash  (cost=67604.59..67604.59 rows=40709 width=4) (actual time=1159.710..1159.710 rows=38955 loops=1)
        Buckets: 65536  Batches: 1  Memory Usage: 1882kB
        ->  Seq Scan on title t  (cost=0.00..67604.59 rows=40709 width=4) (actual time=0.016..1141.597 rows=38955 loops=1)
              Filter: (production_year = 1997)
              Rows Removed by Filter: 2489357
Planning time: 0.751 ms
Execution time: 9540.724 ms
