Hash Join  (cost=78556.72..1073119.31 rows=3641109 width=0) (actual time=23849.229..64581.319 rows=4282878 loops=1)
  Hash Cond: (ci.movie_id = t.id)
  ->  Seq Scan on cast_info ci  (cost=0.00..796071.18 rows=13792083 width=4) (actual time=20210.936..49133.429 rows=14653943 loops=1)
        Filter: ((person_id > 512522) AND (role_id > 2))
        Rows Removed by Filter: 21590401
  ->  Hash  (cost=67604.59..67604.59 rows=667531 width=4) (actual time=3637.322..3637.322 rows=662825 loops=1)
        Buckets: 131072  Batches: 16  Memory Usage: 2476kB
        ->  Seq Scan on title t  (cost=0.00..67604.59 rows=667531 width=4) (actual time=0.033..3339.101 rows=662825 loops=1)
              Filter: (kind_id = 1)
              Rows Removed by Filter: 1865487
Planning time: 26.863 ms
Execution time: 65162.346 ms
