Hash Join  (cost=709673.50..1108052.24 rows=154 width=0) (actual time=30012.867..43739.528 rows=76 loops=1)
  Hash Cond: (mi.movie_id = t.id)
  ->  Seq Scan on movie_info mi  (cost=0.00..346232.03 rows=13905379 width=4) (actual time=408.107..13192.565 rows=13949798 loops=1)
        Filter: (info_type_id < 97)
        Rows Removed by Filter: 885922
  ->  Hash  (cost=709673.15..709673.15 rows=28 width=8) (actual time=28295.403..28295.403 rows=64 loops=1)
        Buckets: 1024  Batches: 1  Memory Usage: 11kB
        ->  Nested Loop  (cost=0.43..709673.15 rows=28 width=8) (actual time=26438.098..28295.328 rows=64 loops=1)
              ->  Seq Scan on cast_info ci  (cost=0.00..705507.15 rows=500 width=4) (actual time=26437.998..28279.703 rows=180 loops=1)
                    Filter: (person_id = 1063404)
                    Rows Removed by Filter: 36244164
              ->  Index Scan using title_pkey on title t  (cost=0.43..8.32 rows=1 width=4) (actual time=0.086..0.086 rows=0 loops=180)
                    Index Cond: (id = ci.movie_id)
                    Filter: (production_year = 2010)
                    Rows Removed by Filter: 1
Planning time: 5.238 ms
Execution time: 43739.699 ms
