Hash Join  (cost=108632.59..195398.64 rows=32053 width=0) (actual time=6077.466..10420.416 rows=171267 loops=1)
  Hash Cond: (mk.movie_id = t.id)
  ->  Seq Scan on movie_keyword mk  (cost=0.00..81003.12 rows=1451304 width=4) (actual time=0.028..3821.688 rows=1462099 loops=1)
        Filter: (keyword_id > 11342)
        Rows Removed by Filter: 3061831
  ->  Hash  (cost=107934.53..107934.53 rows=55845 width=8) (actual time=6076.775..6076.775 rows=111147 loops=1)
        Buckets: 131072 (originally 65536)  Batches: 2 (originally 1)  Memory Usage: 3195kB
        ->  Hash Join  (cost=69283.60..107934.53 rows=55845 width=8) (actual time=4028.762..6034.671 rows=111147 loops=1)
              Hash Cond: (mi_idx.movie_id = t.id)
              ->  Seq Scan on movie_info_idx mi_idx  (cost=0.00..21735.35 rows=1380035 width=4) (actual time=0.022..1117.949 rows=1380035 loops=1)
              ->  Hash  (cost=67604.59..67604.59 rows=102321 width=4) (actual time=3486.658..3486.658 rows=100537 loops=1)
                    Buckets: 131072  Batches: 2  Memory Usage: 2797kB
                    ->  Seq Scan on title t  (cost=0.00..67604.59 rows=102321 width=4) (actual time=14.436..3447.025 rows=100537 loops=1)
                          Filter: (kind_id = 3)
                          Rows Removed by Filter: 2427775
Planning time: 1.182 ms
Execution time: 10441.334 ms
