Hash Join  (cost=102767.86..192684.67 rows=918885 width=0) (actual time=2417.733..3892.736 rows=599504 loops=1)
  Hash Cond: (mc.movie_id = t.id)
  ->  Seq Scan on movie_companies mc  (cost=0.00..57926.93 rows=918885 width=4) (actual time=505.175..1084.725 rows=599504 loops=1)
        Filter: ((company_id < 28944) AND (company_type_id > 1))
        Rows Removed by Filter: 2009625
  ->  Hash  (cost=61283.27..61283.27 rows=2528527 width=4) (actual time=1910.915..1910.915 rows=2528312 loops=1)
        Buckets: 131072  Batches: 64  Memory Usage: 2415kB
        ->  Seq Scan on title t  (cost=0.00..61283.27 rows=2528527 width=4) (actual time=0.028..1092.357 rows=2528312 loops=1)
Planning time: 0.700 ms
Execution time: 3962.195 ms
