Hash Join  (cost=340735.84..1101873.32 rows=21186185 width=0) (actual time=8511.658..60785.833 rows=198055230 loops=1)
  Hash Cond: (mi.movie_id = t.id)
  ->  Seq Scan on movie_info mi  (cost=0.00..309384.22 rows=14739122 width=4) (actual time=0.023..6002.658 rows=14835720 loops=1)
  ->  Hash  (cost=281106.16..281106.16 rows=3634534 width=8) (actual time=8508.895..8508.895 rows=3627913 loops=1)
        Buckets: 131072  Batches: 64  Memory Usage: 3336kB
        ->  Hash Join  (cost=102767.86..281106.16 rows=3634534 width=8) (actual time=2708.251..7460.057 rows=3627913 loops=1)
              Hash Cond: (mk.movie_id = t.id)
              ->  Seq Scan on movie_keyword mk  (cost=0.00..81003.12 rows=3634534 width=4) (actual time=0.029..1704.551 rows=3627913 loops=1)
                    Filter: (keyword_id > 845)
                    Rows Removed by Filter: 896017
              ->  Hash  (cost=61283.27..61283.27 rows=2528527 width=4) (actual time=2707.062..2707.062 rows=2528312 loops=1)
                    Buckets: 131072  Batches: 64  Memory Usage: 2425kB
                    ->  Seq Scan on title t  (cost=0.00..61283.27 rows=2528527 width=4) (actual time=0.014..1182.529 rows=2528312 loops=1)
Planning time: 1.130 ms
Execution time: 80482.823 ms
