Hash Join  (cost=695828.41..2518776.41 rows=54779884 width=0) (actual time=19810.156..128030.241 rows=285229573 loops=1)
  Hash Cond: (ci.movie_id = t.id)
  ->  Seq Scan on cast_info ci  (cost=0.00..614943.12 rows=36225612 width=4) (actual time=0.012..13632.979 rows=36244344 loops=1)
  ->  Hash  (cost=633097.36..633097.36 rows=3823604 width=8) (actual time=19809.138..19809.138 rows=7995612 loops=1)
        Buckets: 131072 (originally 131072)  Batches: 128 (originally 64)  Memory Usage: 3478kB
        ->  Hash Join  (cost=78556.72..633097.36 rows=3823604 width=8) (actual time=1187.585..17639.643 rows=7995612 loops=1)
              Hash Cond: (mi.movie_id = t.id)
              ->  Seq Scan on movie_info mi  (cost=0.00..346232.03 rows=14483353 width=4) (actual time=0.015..7509.279 rows=14528932 loops=1)
                    Filter: (info_type_id < 106)
                    Rows Removed by Filter: 306788
              ->  Hash  (cost=67604.59..67604.59 rows=667531 width=4) (actual time=1186.791..1186.791 rows=662825 loops=1)
                    Buckets: 131072  Batches: 16  Memory Usage: 2485kB
                    ->  Seq Scan on title t  (cost=0.00..67604.59 rows=667531 width=4) (actual time=0.012..858.286 rows=662825 loops=1)
                          Filter: (kind_id = 1)
                          Rows Removed by Filter: 1865487
Planning time: 3.435 ms
Execution time: 159369.876 ms
