Nested Loop  (cost=0.43..447802.20 rows=17937 width=0) (actual time=4342.745..5543.671 rows=4339 loops=1)
  ->  Seq Scan on movie_info mi  (cost=0.00..346232.03 rows=17937 width=4) (actual time=4342.640..5444.225 rows=4339 loops=1)
        Filter: (info_type_id = 35)
        Rows Removed by Filter: 14831381
  ->  Index Only Scan using title_pkey on title t  (cost=0.43..5.65 rows=1 width=4) (actual time=0.022..0.022 rows=1 loops=4339)
        Index Cond: (id = mi.movie_id)
        Heap Fetches: 4339
Planning time: 0.724 ms
Execution time: 5544.705 ms
