Hash Join  (cost=470598.55..606513.99 rows=1141940 width=0) (actual time=8618.431..12640.458 rows=3138005 loops=1)
  Hash Cond: (mk.movie_id = t.id)
  ->  Seq Scan on movie_keyword mk  (cost=0.00..69693.30 rows=4523930 width=4) (actual time=0.015..1459.158 rows=4523930 loops=1)
  ->  Hash  (cost=460126.35..460126.35 rows=638256 width=8) (actual time=8616.954..8616.954 rows=723718 loops=1)
        Buckets: 131072  Batches: 16  Memory Usage: 2799kB
        ->  Hash Join  (cost=87245.25..460126.35 rows=638256 width=8) (actual time=3581.921..8379.888 rows=723718 loops=1)
              Hash Cond: (mi.movie_id = t.id)
              ->  Seq Scan on movie_info mi  (cost=0.00..346232.03 rows=1348138 width=4) (actual time=1547.289..5198.187 rows=1298989 loops=1)
                    Filter: (info_type_id = 4)
                    Rows Removed by Filter: 13536731
              ->  Hash  (cost=67604.59..67604.59 rows=1197093 width=4) (actual time=2033.513..2033.513 rows=1195923 loops=1)
                    Buckets: 131072  Batches: 16  Memory Usage: 3662kB
                    ->  Seq Scan on title t  (cost=0.00..67604.59 rows=1197093 width=4) (actual time=0.031..1165.833 rows=1195923 loops=1)
                          Filter: (production_year < 2003)
                          Rows Removed by Filter: 1332389
Planning time: 1.209 ms
Execution time: 12954.866 ms
