Hash Join  (cost=100888.25..197085.67 rows=849 width=0) (actual time=1529.503..3736.014 rows=31353 loops=1)
  Hash Cond: (mk.movie_id = t.id)
  ->  Seq Scan on movie_keyword mk  (cost=0.00..81003.12 rows=4049548 width=4) (actual time=0.025..1591.274 rows=4053517 loops=1)
        Filter: (keyword_id < 37809)
        Rows Removed by Filter: 470413
  ->  Hash  (cost=100881.62..100881.62 rows=530 width=8) (actual time=1525.768..1525.768 rows=3386 loops=1)
        Buckets: 4096 (originally 1024)  Batches: 1 (originally 1)  Memory Usage: 165kB
        ->  Hash Join  (cost=73962.22..100881.62 rows=530 width=8) (actual time=1007.957..1524.016 rows=3386 loops=1)
              Hash Cond: (mi_idx.movie_id = t.id)
              ->  Seq Scan on movie_info_idx mi_idx  (cost=0.00..25185.44 rows=460978 width=4) (actual time=0.031..414.512 rows=459925 loops=1)
                    Filter: (info_type_id < 100)
                    Rows Removed by Filter: 920110
              ->  Hash  (cost=73925.90..73925.90 rows=2905 width=4) (actual time=1007.338..1007.338 rows=7852 loops=1)
                    Buckets: 8192 (originally 4096)  Batches: 1 (originally 1)  Memory Usage: 341kB
                    ->  Seq Scan on title t  (cost=0.00..73925.90 rows=2905 width=4) (actual time=0.135..1003.443 rows=7852 loops=1)
                          Filter: ((kind_id < 7) AND (production_year = 1986))
                          Rows Removed by Filter: 2520460
Planning time: 1.097 ms
Execution time: 3740.806 ms
