Seq Scan on cast_info ci  (cost=0.00..705507.15 rows=500 width=0) (actual time=3810.349..10771.839 rows=1 loops=1)
  Filter: (person_id = 2906066)
  Rows Removed by Filter: 36244343
Planning time: 0.387 ms
Execution time: 10771.943 ms
