Hash Join  (cost=102767.86..1152089.13 rows=10114098 width=0) (actual time=2085.332..29402.270 rows=13206603 loops=1)
  Hash Cond: (ci.movie_id = t.id)
  ->  Seq Scan on cast_info ci  (cost=0.00..796071.18 rows=10114098 width=4) (actual time=0.015..15586.389 rows=13206603 loops=1)
        Filter: ((person_id < 1805907) AND (role_id < 3))
        Rows Removed by Filter: 23037741
  ->  Hash  (cost=61283.27..61283.27 rows=2528527 width=4) (actual time=2084.644..2084.644 rows=2528312 loops=1)
        Buckets: 131072  Batches: 64  Memory Usage: 2415kB
        ->  Seq Scan on title t  (cost=0.00..61283.27 rows=2528527 width=4) (actual time=0.018..1245.953 rows=2528312 loops=1)
Planning time: 0.858 ms
Execution time: 30941.130 ms
