Seq Scan on movie_keyword mk  (cost=0.00..81003.12 rows=246 width=0) (actual time=35.348..1214.285 rows=79 loops=1)
  Filter: (keyword_id = 33161)
  Rows Removed by Filter: 4523851
Planning time: 0.359 ms
Execution time: 1214.404 ms
