Hash Join  (cost=100067.03..157268.73 rows=8745 width=0) (actual time=2115.066..3137.594 rows=7866 loops=1)
  Hash Cond: (mc.movie_id = t.id)
  ->  Seq Scan on movie_companies mc  (cost=0.00..51404.11 rows=1522703 width=4) (actual time=0.032..974.067 rows=1509514 loops=1)
        Filter: (company_id < 14069)
        Rows Removed by Filter: 1099615
  ->  Hash  (cost=99885.51..99885.51 rows=14521 width=8) (actual time=1902.523..1902.523 rows=4987 loops=1)
        Buckets: 16384  Batches: 1  Memory Usage: 323kB
        ->  Hash Join  (cost=68912.20..99885.51 rows=14521 width=8) (actual time=1057.284..1900.438 rows=4987 loops=1)
              Hash Cond: (mi_idx.movie_id = t.id)
              ->  Seq Scan on movie_info_idx mi_idx  (cost=0.00..25185.44 rows=460978 width=4) (actual time=0.015..264.195 rows=459925 loops=1)
                    Filter: (info_type_id = 99)
                    Rows Removed by Filter: 920110
              ->  Hash  (cost=67604.59..67604.59 rows=79649 width=4) (actual time=1041.700..1041.700 rows=77866 loops=1)
                    Buckets: 131072  Batches: 2  Memory Usage: 2389kB
                    ->  Seq Scan on title t  (cost=0.00..67604.59 rows=79649 width=4) (actual time=5.835..1013.643 rows=77866 loops=1)
                          Filter: (production_year < 1918)
                          Rows Removed by Filter: 2450446
Planning time: 1.142 ms
Execution time: 3139.252 ms
