Seq Scan on movie_companies mc  (cost=0.00..51404.11 rows=883520 width=40) (actual time=0.028..1092.086 rows=877826 loops=1)
  Filter: (company_id < 2609)
  Rows Removed by Filter: 1731303
Planning time: 0.451 ms
Execution time: 1144.200 ms
