Hash Join  (cost=83074.16..447738.83 rows=874 width=0) (actual time=1495.655..8386.735 rows=465 loops=1)
  Hash Cond: (mi.movie_id = t.id)
  ->  Seq Scan on movie_info mi  (cost=0.00..309384.22 rows=14739122 width=4) (actual time=0.018..4298.311 rows=14835720 loops=1)
  ->  Hash  (cost=83072.29..83072.29 rows=150 width=8) (actual time=1437.165..1437.165 rows=51 loops=1)
        Buckets: 1024  Batches: 1  Memory Usage: 10kB
        ->  Nested Loop  (cost=0.43..83072.29 rows=150 width=8) (actual time=159.492..1437.104 rows=51 loops=1)
              ->  Seq Scan on movie_keyword mk  (cost=0.00..81003.12 rows=246 width=4) (actual time=7.867..1413.960 rows=199 loops=1)
                    Filter: (keyword_id = 10883)
                    Rows Removed by Filter: 4523731
              ->  Index Scan using title_pkey on title t  (cost=0.43..8.40 rows=1 width=4) (actual time=0.113..0.113 rows=0 loops=199)
                    Index Cond: (id = mk.movie_id)
                    Filter: (kind_id = 7)
                    Rows Removed by Filter: 1
Planning time: 2.815 ms
Execution time: 8387.040 ms
