Hash Join  (cost=242846.96..335189.86 rows=1254438 width=0) (actual time=5212.276..9761.194 rows=9314326 loops=1)
  Hash Cond: (mc.movie_id = t.id)
  ->  Seq Scan on movie_companies mc  (cost=0.00..44881.29 rows=2609129 width=4) (actual time=0.017..917.315 rows=2609129 loops=1)
  ->  Hash  (cost=222901.88..222901.88 rows=1215686 width=8) (actual time=5211.373..5211.373 rows=1224495 loops=1)
        Buckets: 131072  Batches: 16  Memory Usage: 4080kB
        ->  Hash Join  (cost=102767.86..222901.88 rows=1215686 width=8) (actual time=2023.965..4872.602 rows=1224495 loops=1)
              Hash Cond: (mk.movie_id = t.id)
              ->  Seq Scan on movie_keyword mk  (cost=0.00..81003.12 rows=1215686 width=4) (actual time=0.009..1499.491 rows=1224495 loops=1)
                    Filter: (keyword_id > 14843)
                    Rows Removed by Filter: 3299435
              ->  Hash  (cost=61283.27..61283.27 rows=2528527 width=4) (actual time=2023.099..2023.099 rows=2528312 loops=1)
                    Buckets: 131072  Batches: 64  Memory Usage: 2425kB
                    ->  Seq Scan on title t  (cost=0.00..61283.27 rows=2528527 width=4) (actual time=0.017..1162.367 rows=2528312 loops=1)
Planning time: 0.730 ms
Execution time: 10590.815 ms
