Nested Loop  (cost=0.43..52283.69 rows=104 width=0) (actual time=6.770..826.616 rows=377 loops=1)
  ->  Seq Scan on movie_companies mc  (cost=0.00..51404.11 rows=104 width=4) (actual time=6.698..817.794 rows=377 loops=1)
        Filter: (company_id = 38236)
        Rows Removed by Filter: 2608752
  ->  Index Only Scan using title_pkey on title t  (cost=0.43..8.45 rows=1 width=4) (actual time=0.022..0.022 rows=1 loops=377)
        Index Cond: (id = mc.movie_id)
        Heap Fetches: 377
Planning time: 0.739 ms
Execution time: 826.814 ms
