Hash Join  (cost=69555.10..1007289.63 rows=551531 width=0) (actual time=6032.997..19873.121 rows=185072 loops=1)
  Hash Cond: (ci.movie_id = t.id)
  ->  Seq Scan on cast_info ci  (cost=0.00..796071.18 rows=11734678 width=4) (actual time=4914.885..15276.169 rows=9391672 loops=1)
        Filter: ((person_id > 1469501) AND (role_id < 3))
        Rows Removed by Filter: 26852672
  ->  Hash  (cost=67604.59..67604.59 rows=118841 width=4) (actual time=1116.297..1116.297 rows=122932 loops=1)
        Buckets: 131072  Batches: 2  Memory Usage: 3181kB
        ->  Seq Scan on title t  (cost=0.00..67604.59 rows=118841 width=4) (actual time=14.653..1072.024 rows=122932 loops=1)
              Filter: (production_year < 1933)
              Rows Removed by Filter: 2405380
Planning time: 0.811 ms
Execution time: 19896.286 ms
