Seq Scan on movie_keyword mk  (cost=0.00..81003.12 rows=1690445 width=0) (actual time=0.019..1387.888 rows=1697264 loops=1)
  Filter: (keyword_id < 2637)
  Rows Removed by Filter: 2826666
Planning time: 0.338 ms
Execution time: 1590.395 ms
