Hash Join  (cost=220117.72..269274.75 rows=668155 width=0) (actual time=5141.409..6904.486 rows=2319675 loops=1)
  Hash Cond: (mi_idx.movie_id = t.id)
  ->  Seq Scan on movie_info_idx mi_idx  (cost=0.00..21735.35 rows=1380035 width=4) (actual time=0.015..455.300 rows=1380035 loops=1)
  ->  Hash  (cost=200032.14..200032.14 rows=1224206 width=8) (actual time=5140.383..5140.383 rows=1274246 loops=1)
        Buckets: 131072 (originally 131072)  Batches: 32 (originally 16)  Memory Usage: 3073kB
        ->  Hash Join  (cost=102767.86..200032.14 rows=1224206 width=8) (actual time=2415.707..4782.428 rows=1274246 loops=1)
              Hash Cond: (mc.movie_id = t.id)
              ->  Seq Scan on movie_companies mc  (cost=0.00..57926.93 rows=1224206 width=4) (actual time=285.090..1265.259 rows=1274246 loops=1)
                    Filter: ((company_id < 150287) AND (company_type_id = 1))
                    Rows Removed by Filter: 1334883
              ->  Hash  (cost=61283.27..61283.27 rows=2528527 width=4) (actual time=2129.335..2129.335 rows=2528312 loops=1)
                    Buckets: 131072  Batches: 64  Memory Usage: 2415kB
                    ->  Seq Scan on title t  (cost=0.00..61283.27 rows=2528527 width=4) (actual time=0.012..1141.826 rows=2528312 loops=1)
Planning time: 1.143 ms
Execution time: 7131.628 ms
