Seq Scan on movie_companies mc  (cost=0.00..51404.11 rows=809569 width=0) (actual time=0.021..883.803 rows=803947 loops=1)
  Filter: (company_id < 1787)
  Rows Removed by Filter: 1805182
Planning time: 0.326 ms
Execution time: 991.405 ms
