Nested Loop  (cost=0.43..120366.89 rows=5429 width=0) (actual time=0.104..1500.728 rows=4239 loops=1)
  ->  Seq Scan on movie_keyword mk  (cost=0.00..81003.12 rows=5429 width=4) (actual time=0.044..1367.688 rows=4239 loops=1)
        Filter: (keyword_id = 2130)
        Rows Removed by Filter: 4519691
  ->  Index Only Scan using title_pkey on title t  (cost=0.43..7.24 rows=1 width=4) (actual time=0.030..0.030 rows=1 loops=4239)
        Index Cond: (id = mk.movie_id)
        Heap Fetches: 4239
Planning time: 0.755 ms
Execution time: 1502.547 ms
