Seq Scan on cast_info ci  (cost=0.00..705507.15 rows=23053678 width=0) (actual time=0.021..13115.486 rows=23116399 loops=1)
  Filter: (person_id > 1296312)
  Rows Removed by Filter: 13127945
Planning time: 0.332 ms
Execution time: 16025.821 ms
