Hash Join  (cost=102065.08..856731.36 rows=387714 width=0) (actual time=1863.926..19447.347 rows=1086111 loops=1)
  Hash Cond: (ci.movie_id = t.id)
  ->  Seq Scan on cast_info ci  (cost=0.00..614943.12 rows=36225612 width=4) (actual time=0.014..7922.902 rows=36244344 loops=1)
  ->  Hash  (cost=101726.81..101726.81 rows=27062 width=8) (actual time=1863.697..1863.697 rows=39613 loops=1)
        Buckets: 65536 (originally 32768)  Batches: 1 (originally 1)  Memory Usage: 2060kB
        ->  Hash Join  (cost=74545.71..101726.81 rows=27062 width=8) (actual time=1178.414..1848.403 rows=39613 loops=1)
              Hash Cond: (mi_idx.movie_id = t.id)
              ->  Seq Scan on movie_info_idx mi_idx  (cost=0.00..21735.35 rows=1380035 width=4) (actual time=0.014..328.569 rows=1380035 loops=1)
              ->  Hash  (cost=73925.90..73925.90 rows=49584 width=4) (actual time=1178.051..1178.051 rows=38752 loops=1)
                    Buckets: 65536  Batches: 1  Memory Usage: 1875kB
                    ->  Seq Scan on title t  (cost=0.00..73925.90 rows=49584 width=4) (actual time=0.627..1161.704 rows=38752 loops=1)
                          Filter: ((kind_id < 7) AND (production_year = 2008))
                          Rows Removed by Filter: 2489560
Planning time: 1.143 ms
Execution time: 19593.062 ms
