Hash Join  (cost=200061.47..620959.35 rows=1432749 width=0) (actual time=6884.837..13461.194 rows=2473442 loops=1)
  Hash Cond: (mi.movie_id = t.id)
  ->  Seq Scan on movie_info mi  (cost=0.00..346232.03 rows=4972096 width=4) (actual time=2747.167..6235.860 rows=4923966 loops=1)
        Filter: (info_type_id < 5)
        Rows Removed by Filter: 9911754
  ->  Hash  (cost=188106.79..188106.79 rows=728615 width=8) (actual time=3995.550..3995.550 rows=513533 loops=1)
        Buckets: 131072  Batches: 16  Memory Usage: 2311kB
        ->  Hash Join  (cost=102767.86..188106.79 rows=728615 width=8) (actual time=1944.153..3848.826 rows=513533 loops=1)
              Hash Cond: (mc.movie_id = t.id)
              ->  Seq Scan on movie_companies mc  (cost=0.00..57926.93 rows=728615 width=4) (actual time=0.039..1125.503 rows=513533 loops=1)
                    Filter: ((company_id > 7867) AND (company_type_id < 2))
                    Rows Removed by Filter: 2095596
              ->  Hash  (cost=61283.27..61283.27 rows=2528527 width=4) (actual time=1943.075..1943.075 rows=2528312 loops=1)
                    Buckets: 131072  Batches: 64  Memory Usage: 2415kB
                    ->  Seq Scan on title t  (cost=0.00..61283.27 rows=2528527 width=4) (actual time=0.021..1110.521 rows=2528312 loops=1)
Planning time: 1.150 ms
Execution time: 13758.286 ms
