Seq Scan on movie_keyword mk  (cost=0.00..81003.12 rows=2242920 width=0) (actual time=0.024..1474.902 rows=2241635 loops=1)
  Filter: (keyword_id > 4837)
  Rows Removed by Filter: 2282295
Planning time: 0.328 ms
Execution time: 1756.834 ms
