Hash Join  (cost=102767.86..251119.15 rows=2388318 width=0) (actual time=2002.953..5817.095 rows=2386597 loops=1)
  Hash Cond: (mk.movie_id = t.id)
  ->  Seq Scan on movie_keyword mk  (cost=0.00..81003.12 rows=2388318 width=4) (actual time=0.040..1643.626 rows=2386597 loops=1)
        Filter: (keyword_id < 5523)
        Rows Removed by Filter: 2137333
  ->  Hash  (cost=61283.27..61283.27 rows=2528527 width=4) (actual time=2000.202..2000.202 rows=2528312 loops=1)
        Buckets: 131072  Batches: 64  Memory Usage: 2425kB
        ->  Seq Scan on title t  (cost=0.00..61283.27 rows=2528527 width=4) (actual time=0.027..1100.477 rows=2528312 loops=1)
Planning time: 0.847 ms
Execution time: 6093.645 ms
