Seq Scan on movie_companies mc  (cost=0.00..51404.11 rows=1801696 width=0) (actual time=0.030..1099.846 rows=1794987 loops=1)
  Filter: (company_id < 28764)
  Rows Removed by Filter: 814142
Planning time: 0.361 ms
Execution time: 1330.430 ms
