Hash Join  (cost=83074.74..876728.08 rows=2286 width=0) (actual time=1261.334..19227.336 rows=11870 loops=1)
  Hash Cond: (ci.movie_id = t.id)
  ->  Seq Scan on cast_info ci  (cost=0.00..705507.15 rows=23499554 width=4) (actual time=0.024..14579.916 rows=23573656 loops=1)
        Filter: (role_id > 1)
        Rows Removed by Filter: 12670688
  ->  Hash  (cost=83071.67..83071.67 rows=246 width=8) (actual time=1260.340..1260.340 rows=428 loops=1)
        Buckets: 1024  Batches: 1  Memory Usage: 25kB
        ->  Nested Loop  (cost=0.43..83071.67 rows=246 width=8) (actual time=5.168..1259.957 rows=428 loops=1)
              ->  Seq Scan on movie_keyword mk  (cost=0.00..81003.12 rows=246 width=4) (actual time=5.105..1241.050 rows=428 loops=1)
                    Filter: (keyword_id = 16486)
                    Rows Removed by Filter: 4523502
              ->  Index Only Scan using title_pkey on title t  (cost=0.43..8.40 rows=1 width=4) (actual time=0.041..0.042 rows=1 loops=428)
                    Index Cond: (id = mk.movie_id)
                    Heap Fetches: 428
Planning time: 1.207 ms
Execution time: 19231.121 ms
