Hash Join  (cost=83580.70..154438.44 rows=228034 width=0) (actual time=1828.265..3655.329 rows=402066 loops=1)
  Hash Cond: (mc.movie_id = t.id)
  ->  Seq Scan on movie_companies mc  (cost=0.00..57926.93 rows=592123 width=4) (actual time=0.029..1081.405 rows=875361 loops=1)
        Filter: ((company_id > 12800) AND (company_type_id > 1))
        Rows Removed by Filter: 1733768
  ->  Hash  (cost=67604.59..67604.59 rows=973769 width=4) (actual time=1827.134..1827.134 rows=971188 loops=1)
        Buckets: 131072  Batches: 16  Memory Usage: 3161kB
        ->  Seq Scan on title t  (cost=0.00..67604.59 rows=973769 width=4) (actual time=0.012..1231.464 rows=971188 loops=1)
              Filter: (production_year < 1999)
              Rows Removed by Filter: 1557124
Planning time: 4.180 ms
Execution time: 3704.436 ms
