Hash Join  (cost=791144.08..2412168.74 rows=48214683 width=0) (actual time=18027.512..56954.622 rows=46256698 loops=1)
  Hash Cond: (ci.movie_id = t.id)
  ->  Seq Scan on cast_info ci  (cost=0.00..796071.18 rows=15349174 width=4) (actual time=0.022..16365.206 rows=17743206 loops=1)
        Filter: ((person_id < 2006264) AND (role_id < 6))
        Rows Removed by Filter: 18501138
  ->  Hash  (cost=660835.77..660835.77 rows=7942585 width=8) (actual time=18025.422..18025.422 rows=4372183 loops=1)
        Buckets: 131072  Batches: 128  Memory Usage: 2348kB
        ->  Hash Join  (cost=96280.99..660835.77 rows=7942585 width=8) (actual time=1890.093..16784.257 rows=4372183 loops=1)
              Hash Cond: (mi.movie_id = t.id)
              ->  Seq Scan on movie_info mi  (cost=0.00..309384.22 rows=14739122 width=4) (actual time=0.016..5860.274 rows=14835720 loops=1)
              ->  Hash  (cost=73925.90..73925.90 rows=1362567 width=4) (actual time=1888.855..1888.855 rows=1337599 loops=1)
                    Buckets: 131072  Batches: 32  Memory Usage: 2500kB
                    ->  Seq Scan on title t  (cost=0.00..73925.90 rows=1362567 width=4) (actual time=0.019..1442.296 rows=1337599 loops=1)
                          Filter: ((kind_id > 3) AND (production_year < 2011))
                          Rows Removed by Filter: 1190713
Planning time: 1.184 ms
Execution time: 61721.645 ms
