Hash Join  (cost=120605.43..1023974.84 rows=491951 width=0) (actual time=2493.851..17168.622 rows=444717 loops=1)
  Hash Cond: (ci.movie_id = t.id)
  ->  Seq Scan on cast_info ci  (cost=0.00..796071.18 rows=8806590 width=4) (actual time=0.033..12922.936 rows=3743145 loops=1)
        Filter: ((person_id < 1333722) AND (role_id > 1))
        Rows Removed by Filter: 32501199
  ->  Hash  (cost=118287.83..118287.83 rows=141248 width=8) (actual time=2492.921..2492.921 rows=155682 loops=1)
        Buckets: 131072  Batches: 2  Memory Usage: 4052kB
        ->  Hash Join  (cost=78171.87..118287.83 rows=141248 width=8) (actual time=1111.334..2445.441 rows=155682 loops=1)
              Hash Cond: (mi_idx.movie_id = t.id)
              ->  Seq Scan on movie_info_idx mi_idx  (cost=0.00..21735.35 rows=1380035 width=4) (actual time=0.021..411.469 rows=1380035 loops=1)
              ->  Hash  (cost=73925.90..73925.90 rows=258797 width=4) (actual time=1110.280..1110.280 rows=227847 loops=1)
                    Buckets: 131072  Batches: 4  Memory Usage: 3032kB
                    ->  Seq Scan on title t  (cost=0.00..73925.90 rows=258797 width=4) (actual time=0.068..1037.326 rows=227847 loops=1)
                          Filter: ((kind_id < 7) AND (production_year > 2008))
                          Rows Removed by Filter: 2300465
Planning time: 1.394 ms
Execution time: 17228.432 ms
