Seq Scan on movie_keyword mk  (cost=0.00..81003.12 rows=246 width=0) (actual time=16.755..1267.514 rows=408 loops=1)
  Filter: (keyword_id = 15008)
  Rows Removed by Filter: 4523522
Planning time: 0.373 ms
Execution time: 1267.737 ms
