Seq Scan on movie_companies mc  (cost=0.00..51404.11 rows=104 width=0) (actual time=0.535..752.379 rows=84 loops=1)
  Filter: (company_id = 99720)
  Rows Removed by Filter: 2609045
Planning time: 0.410 ms
Execution time: 752.475 ms
