Seq Scan on movie_keyword mk  (cost=0.00..81003.12 rows=508094 width=0) (actual time=0.017..1345.733 rows=499246 loops=1)
  Filter: (keyword_id > 36126)
  Rows Removed by Filter: 4024684
Planning time: 0.357 ms
Execution time: 1410.052 ms
