Hash Join  (cost=131064.36..200005.20 rows=154653 width=0) (actual time=2992.030..4464.439 rows=818940 loops=1)
  Hash Cond: (mc.movie_id = t.id)
  ->  Seq Scan on movie_companies mc  (cost=0.00..51404.11 rows=1279517 width=4) (actual time=386.577..1022.143 rows=1274246 loops=1)
        Filter: (company_type_id < 2)
        Rows Removed by Filter: 1334883
  ->  Hash  (cost=126050.11..126050.11 rows=305620 width=8) (actual time=2604.652..2604.652 rows=460642 loops=1)
        Buckets: 131072 (originally 131072)  Batches: 8 (originally 4)  Memory Usage: 3282kB
        ->  Hash Join  (cost=83113.43..126050.11 rows=305620 width=8) (actual time=1244.379..2472.133 rows=460642 loops=1)
              Hash Cond: (mi_idx.movie_id = t.id)
              ->  Seq Scan on movie_info_idx mi_idx  (cost=0.00..21735.35 rows=1380035 width=4) (actual time=0.034..429.717 rows=1380035 loops=1)
              ->  Hash  (cost=73925.90..73925.90 rows=559962 width=4) (actual time=1243.048..1243.048 rows=477167 loops=1)
                    Buckets: 131072  Batches: 8  Memory Usage: 3118kB
                    ->  Seq Scan on title t  (cost=0.00..73925.90 rows=559962 width=4) (actual time=0.027..1095.700 rows=477167 loops=1)
                          Filter: ((kind_id < 7) AND (production_year > 1999))
                          Rows Removed by Filter: 2051145
Planning time: 1.247 ms
Execution time: 4563.069 ms
