Hash Join  (cost=372644.78..1973208.62 rows=46805386 width=0) (actual time=8428.108..70765.413 rows=136281971 loops=1)
  Hash Cond: (ci.movie_id = t.id)
  ->  Seq Scan on cast_info ci  (cost=0.00..705507.15 rows=26757444 width=4) (actual time=0.019..15905.024 rows=26859641 loops=1)
        Filter: (role_id < 5)
        Rows Removed by Filter: 9384703
  ->  Hash  (cost=300079.04..300079.04 rows=4423019 width=8) (actual time=8426.532..8426.532 rows=4414069 loops=1)
        Buckets: 131072  Batches: 64  Memory Usage: 3747kB
        ->  Hash Join  (cost=102767.86..300079.04 rows=4423019 width=8) (actual time=1943.238..7246.251 rows=4414069 loops=1)
              Hash Cond: (mk.movie_id = t.id)
              ->  Seq Scan on movie_keyword mk  (cost=0.00..81003.12 rows=4423019 width=4) (actual time=0.022..1815.162 rows=4414069 loops=1)
                    Filter: (keyword_id > 107)
                    Rows Removed by Filter: 109861
              ->  Hash  (cost=61283.27..61283.27 rows=2528527 width=4) (actual time=1941.964..1941.964 rows=2528312 loops=1)
                    Buckets: 131072  Batches: 64  Memory Usage: 2425kB
                    ->  Seq Scan on title t  (cost=0.00..61283.27 rows=2528527 width=4) (actual time=0.022..1093.869 rows=2528312 loops=1)
Planning time: 1.159 ms
Execution time: 85268.687 ms
