Seq Scan on cast_info ci  (cost=0.00..796071.18 rows=8481379 width=0) (actual time=0.071..13445.372 rows=9498897 loops=1)
  Filter: ((person_id < 1036231) AND (role_id < 8))
  Rows Removed by Filter: 26745447
Planning time: 2.342 ms
Execution time: 14623.633 ms
