Hash Join  (cost=111630.50..1159907.74 rows=1408908 width=0) (actual time=1975.520..29176.745 rows=2170394 loops=1)
  Hash Cond: (ci.movie_id = t.id)
  ->  Seq Scan on cast_info ci  (cost=0.00..614943.12 rows=36225612 width=4) (actual time=0.016..12832.133 rows=36244344 loops=1)
  ->  Hash  (cost=110016.24..110016.24 rows=98341 width=8) (actual time=1974.790..1974.790 rows=64083 loops=1)
        Buckets: 131072  Batches: 2  Memory Usage: 2272kB
        ->  Hash Join  (cost=76379.89..110016.24 rows=98341 width=8) (actual time=1221.340..1957.697 rows=64083 loops=1)
              Hash Cond: (mi_idx.movie_id = t.id)
              ->  Seq Scan on movie_info_idx mi_idx  (cost=0.00..25185.44 rows=464934 width=4) (actual time=0.019..466.790 rows=460185 loops=1)
                    Filter: (info_type_id > 100)
                    Rows Removed by Filter: 919850
              ->  Hash  (cost=67604.59..67604.59 rows=534824 width=4) (actual time=1220.605..1220.605 rows=533369 loops=1)
                    Buckets: 131072  Batches: 8  Memory Usage: 3369kB
                    ->  Seq Scan on title t  (cost=0.00..67604.59 rows=534824 width=4) (actual time=0.016..1038.085 rows=533369 loops=1)
                          Filter: (production_year > 2009)
                          Rows Removed by Filter: 1994943
Planning time: 0.796 ms
Execution time: 29458.685 ms
