Hash Join  (cost=709676.69..796337.99 rows=327 width=0) (actual time=10887.318..12267.682 rows=313 loops=1)
  Hash Cond: (mk.movie_id = t.id)
  ->  Seq Scan on movie_keyword mk  (cost=0.00..69693.30 rows=4523930 width=4) (actual time=0.021..954.197 rows=4523930 loops=1)
  ->  Hash  (cost=709674.40..709674.40 rows=183 width=8) (actual time=10557.215..10557.215 rows=12 loops=1)
        Buckets: 1024  Batches: 1  Memory Usage: 9kB
        ->  Nested Loop  (cost=0.43..709674.40 rows=183 width=8) (actual time=4307.334..10557.180 rows=12 loops=1)
              ->  Seq Scan on cast_info ci  (cost=0.00..705507.15 rows=500 width=4) (actual time=4307.248..10553.023 rows=68 loops=1)
                    Filter: (person_id = 2807497)
                    Rows Removed by Filter: 36244276
              ->  Index Scan using title_pkey on title t  (cost=0.43..8.32 rows=1 width=4) (actual time=0.060..0.060 rows=0 loops=68)
                    Index Cond: (id = ci.movie_id)
                    Filter: ((kind_id < 7) AND (production_year > 1921))
                    Rows Removed by Filter: 1
Planning time: 1.194 ms
Execution time: 12267.862 ms
