Hash Join  (cost=116523.17..537004.89 rows=189904 width=0) (actual time=2201.079..10667.762 rows=767785 loops=1)
  Hash Cond: (mi.movie_id = t.id)
  ->  Seq Scan on movie_info mi  (cost=0.00..346232.03 rows=6231111 width=4) (actual time=0.016..5961.557 rows=6223494 loops=1)
        Filter: (info_type_id > 8)
        Rows Removed by Filter: 8612226
  ->  Hash  (cost=115257.91..115257.91 rows=77061 width=8) (actual time=2200.035..2200.035 rows=79121 loops=1)
        Buckets: 131072  Batches: 2  Memory Usage: 2571kB
        ->  Hash Join  (cost=76242.82..115257.91 rows=77061 width=8) (actual time=1209.172..2171.639 rows=79121 loops=1)
              Hash Cond: (mi_idx.movie_id = t.id)
              ->  Seq Scan on movie_info_idx mi_idx  (cost=0.00..21735.35 rows=1380035 width=4) (actual time=0.012..467.643 rows=1380035 loops=1)
              ->  Hash  (cost=73925.90..73925.90 rows=141193 width=4) (actual time=1208.621..1208.621 rows=132182 loops=1)
                    Buckets: 131072  Batches: 2  Memory Usage: 3340kB
                    ->  Seq Scan on title t  (cost=0.00..73925.90 rows=141193 width=4) (actual time=0.015..1162.435 rows=132182 loops=1)
                          Filter: ((production_year > 2009) AND (kind_id = 1))
                          Rows Removed by Filter: 2396130
Planning time: 1.202 ms
Execution time: 10772.804 ms
