Seq Scan on cast_info ci  (cost=0.00..796071.18 rows=4757587 width=0) (actual time=1554.368..10698.993 rows=2745807 loops=1)
  Filter: ((person_id > 3100081) AND (role_id < 10))
  Rows Removed by Filter: 33498537
Planning time: 0.278 ms
Execution time: 11007.018 ms
