Hash Join  (cost=153487.73..192080.45 rows=52423 width=0) (actual time=2944.829..4040.026 rows=389953 loops=1)
  Hash Cond: (mi_idx.movie_id = t.id)
  ->  Seq Scan on movie_info_idx mi_idx  (cost=0.00..21735.35 rows=1380035 width=4) (actual time=0.023..423.503 rows=1380035 loops=1)
  ->  Hash  (cost=151911.11..151911.11 rows=96050 width=8) (actual time=2943.908..2943.908 rows=186061 loops=1)
        Buckets: 131072 (originally 131072)  Batches: 4 (originally 2)  Memory Usage: 3073kB
        ->  Hash Join  (cost=86355.48..151911.11 rows=96050 width=8) (actual time=1540.406..2885.938 rows=186061 loops=1)
              Hash Cond: (mc.movie_id = t.id)
              ->  Seq Scan on movie_companies mc  (cost=0.00..57926.93 rows=320585 width=4) (actual time=0.016..966.926 rows=462193 loops=1)
                    Filter: ((company_id < 863) AND (company_type_id < 2))
                    Rows Removed by Filter: 2146936
              ->  Hash  (cost=73925.90..73925.90 rows=757566 width=4) (actual time=1539.277..1539.277 rows=773297 loops=1)
                    Buckets: 131072  Batches: 16  Memory Usage: 2723kB
                    ->  Seq Scan on title t  (cost=0.00..73925.90 rows=757566 width=4) (actual time=0.015..1295.566 rows=773297 loops=1)
                          Filter: ((kind_id < 4) AND (production_year < 2012))
                          Rows Removed by Filter: 1755015
Planning time: 1.222 ms
Execution time: 4088.525 ms
