Seq Scan on cast_info ci  (cost=0.00..796071.18 rows=9105895 width=0) (actual time=0.021..14841.149 rows=12670688 loops=1)
  Filter: ((person_id < 2680126) AND (role_id = 1))
  Rows Removed by Filter: 23573656
Planning time: 0.425 ms
Execution time: 16383.730 ms
