Seq Scan on movie_keyword mk  (cost=0.00..81003.12 rows=246 width=0) (actual time=6.916..1299.618 rows=337 loops=1)
  Filter: (keyword_id = 2405)
  Rows Removed by Filter: 4523593
Planning time: 0.395 ms
Execution time: 1299.875 ms
