Hash Join  (cost=156649.15..230770.83 rows=197266 width=0) (actual time=3475.416..5398.806 rows=778353 loops=1)
  Hash Cond: (mc.movie_id = t.id)
  ->  Seq Scan on movie_companies mc  (cost=0.00..57926.93 rows=1072822 width=4) (actual time=99.192..1185.400 rows=1274246 loops=1)
        Filter: ((company_id < 79605) AND (company_type_id < 2))
        Rows Removed by Filter: 1334883
  ->  Hash  (cost=149020.47..149020.47 rows=464934 width=8) (actual time=3375.402..3375.402 rows=460185 loops=1)
        Buckets: 131072  Batches: 8  Memory Usage: 3276kB
        ->  Hash Join  (cost=102767.86..149020.47 rows=464934 width=8) (actual time=1856.310..3225.696 rows=460185 loops=1)
              Hash Cond: (mi_idx.movie_id = t.id)
              ->  Seq Scan on movie_info_idx mi_idx  (cost=0.00..25185.44 rows=464934 width=4) (actual time=0.025..536.206 rows=460185 loops=1)
                    Filter: (info_type_id > 100)
                    Rows Removed by Filter: 919850
              ->  Hash  (cost=61283.27..61283.27 rows=2528527 width=4) (actual time=1855.546..1855.546 rows=2528312 loops=1)
                    Buckets: 131072  Batches: 64  Memory Usage: 2415kB
                    ->  Seq Scan on title t  (cost=0.00..61283.27 rows=2528527 width=4) (actual time=0.015..1033.797 rows=2528312 loops=1)
Planning time: 1.140 ms
Execution time: 5489.137 ms
