Hash Join  (cost=102767.86..273789.06 rows=3330466 width=0) (actual time=1932.097..6313.883 rows=3324239 loops=1)
  Hash Cond: (mk.movie_id = t.id)
  ->  Seq Scan on movie_keyword mk  (cost=0.00..81003.12 rows=3330466 width=4) (actual time=0.032..1680.079 rows=3324239 loops=1)
        Filter: (keyword_id > 1465)
        Rows Removed by Filter: 1199691
  ->  Hash  (cost=61283.27..61283.27 rows=2528527 width=4) (actual time=1929.522..1929.522 rows=2528312 loops=1)
        Buckets: 131072  Batches: 64  Memory Usage: 2425kB
        ->  Seq Scan on title t  (cost=0.00..61283.27 rows=2528527 width=4) (actual time=0.037..1071.844 rows=2528312 loops=1)
Planning time: 5.012 ms
Execution time: 6688.431 ms
