Hash Join  (cost=67612.84..94526.92 rows=360 width=0) (actual time=1100.514..1666.094 rows=3 loops=1)
  Hash Cond: (mi_idx.movie_id = t.id)
  ->  Seq Scan on movie_info_idx mi_idx  (cost=0.00..21735.35 rows=1380035 width=4) (actual time=0.019..361.802 rows=1380035 loops=1)
  ->  Hash  (cost=67604.59..67604.59 rows=660 width=4) (actual time=1040.366..1040.366 rows=3515 loops=1)
        Buckets: 4096 (originally 1024)  Batches: 1 (originally 1)  Memory Usage: 156kB
        ->  Seq Scan on title t  (cost=0.00..67604.59 rows=660 width=4) (actual time=3.388..1038.605 rows=3515 loops=1)
              Filter: (production_year > 2013)
              Rows Removed by Filter: 2524797
Planning time: 0.710 ms
Execution time: 1666.225 ms
