Seq Scan on title t  (cost=0.00..73925.90 rows=1037611 width=0) (actual time=0.014..1229.810 rows=1156310 loops=1)
  Filter: ((kind_id > 3) AND (production_year > 1996))
  Rows Removed by Filter: 1372002
Planning time: 0.358 ms
Execution time: 1375.373 ms
