Seq Scan on movie_companies mc  (cost=0.00..51404.11 rows=104 width=0) (actual time=0.473..852.136 rows=1650 loops=1)
  Filter: (company_id = 12)
  Rows Removed by Filter: 2607479
Planning time: 0.375 ms
Execution time: 852.584 ms
