Seq Scan on movie_companies mc  (cost=0.00..57926.93 rows=891611 width=0) (actual time=0.027..1116.379 rows=1084665 loops=1)
  Filter: ((company_id > 2415) AND (company_type_id = 2))
  Rows Removed by Filter: 1524464
Planning time: 0.394 ms
Execution time: 1248.307 ms
