Seq Scan on movie_keyword mk  (cost=0.00..81003.12 rows=246 width=0) (actual time=35.106..1223.281 rows=32 loops=1)
  Filter: (keyword_id = 22363)
  Rows Removed by Filter: 4523898
Planning time: 0.432 ms
Execution time: 1223.397 ms
