Hash Join  (cost=97968.46..251913.86 rows=2621837 width=0) (actual time=2667.301..5716.010 rows=635485 loops=1)
  Hash Cond: (mk.movie_id = t.id)
  ->  Seq Scan on movie_keyword mk  (cost=0.00..69693.30 rows=4523930 width=4) (actual time=0.018..1462.071 rows=4523930 loops=1)
  ->  Hash  (cost=73925.90..73925.90 rows=1465404 width=4) (actual time=1907.170..1907.170 rows=1478439 loops=1)
        Buckets: 131072  Batches: 32  Memory Usage: 2656kB
        ->  Seq Scan on title t  (cost=0.00..73925.90 rows=1465404 width=4) (actual time=192.121..1411.905 rows=1478439 loops=1)
              Filter: ((kind_id > 6) AND (production_year > 1914))
              Rows Removed by Filter: 1049873
Planning time: 0.719 ms
Execution time: 5786.230 ms
