Hash Join  (cost=300322.28..745593.60 rows=3777856 width=0) (actual time=9847.060..17026.234 rows=10407192 loops=1)
  Hash Cond: (mi.movie_id = t.id)
  ->  Seq Scan on movie_info mi  (cost=0.00..346232.03 rows=3623957 width=4) (actual time=3095.696..5786.532 rows=3624977 loops=1)
        Filter: (info_type_id < 4)
        Rows Removed by Filter: 11210743
  ->  Hash  (cost=257076.46..257076.46 rows=2635906 width=8) (actual time=6744.966..6744.966 rows=2623167 loops=1)
        Buckets: 131072  Batches: 64  Memory Usage: 2727kB
        ->  Hash Join  (cost=102767.86..257076.46 rows=2635906 width=8) (actual time=2023.716..5983.946 rows=2623167 loops=1)
              Hash Cond: (mk.movie_id = t.id)
              ->  Seq Scan on movie_keyword mk  (cost=0.00..81003.12 rows=2635906 width=4) (actual time=0.020..1570.936 rows=2623167 loops=1)
                    Filter: (keyword_id > 3256)
                    Rows Removed by Filter: 1900763
              ->  Hash  (cost=61283.27..61283.27 rows=2528527 width=4) (actual time=2020.856..2020.856 rows=2528312 loops=1)
                    Buckets: 131072  Batches: 64  Memory Usage: 2425kB
                    ->  Seq Scan on title t  (cost=0.00..61283.27 rows=2528527 width=4) (actual time=0.017..1177.292 rows=2528312 loops=1)
Planning time: 1.121 ms
Execution time: 18164.016 ms
