Hash Join  (cost=85684.58..158311.59 rows=362671 width=0) (actual time=1789.539..3460.095 rows=252104 loops=1)
  Hash Cond: (mc.movie_id = t.id)
  ->  Seq Scan on movie_companies mc  (cost=0.00..51404.11 rows=1279517 width=4) (actual time=29.005..977.156 rows=1274246 loops=1)
        Filter: (company_type_id = 1)
        Rows Removed by Filter: 1334883
  ->  Hash  (cost=73925.90..73925.90 rows=716694 width=4) (actual time=1759.379..1759.379 rows=604570 loops=1)
        Buckets: 131072  Batches: 16  Memory Usage: 2356kB
        ->  Seq Scan on title t  (cost=0.00..73925.90 rows=716694 width=4) (actual time=0.026..1554.869 rows=604570 loops=1)
              Filter: ((kind_id > 1) AND (production_year < 1999))
              Rows Removed by Filter: 1923742
Planning time: 0.773 ms
Execution time: 3490.791 ms
