Hash Join  (cost=83074.74..137742.81 rows=254 width=0) (actual time=1276.205..2373.071 rows=231 loops=1)
  Hash Cond: (mc.movie_id = t.id)
  ->  Seq Scan on movie_companies mc  (cost=0.00..44881.29 rows=2609129 width=4) (actual time=0.024..638.193 rows=2609129 loops=1)
  ->  Hash  (cost=83071.67..83071.67 rows=246 width=8) (actual time=1274.237..1274.237 rows=132 loops=1)
        Buckets: 1024  Batches: 1  Memory Usage: 14kB
        ->  Nested Loop  (cost=0.43..83071.67 rows=246 width=8) (actual time=29.732..1274.087 rows=132 loops=1)
              ->  Seq Scan on movie_keyword mk  (cost=0.00..81003.12 rows=246 width=4) (actual time=29.627..1269.736 rows=132 loops=1)
                    Filter: (keyword_id = 2398)
                    Rows Removed by Filter: 4523798
              ->  Index Only Scan using title_pkey on title t  (cost=0.43..8.40 rows=1 width=4) (actual time=0.029..0.030 rows=1 loops=132)
                    Index Cond: (id = mk.movie_id)
                    Heap Fetches: 132
Planning time: 1.158 ms
Execution time: 2373.264 ms
