Seq Scan on cast_info ci  (cost=0.00..705507.15 rows=500 width=0) (actual time=10094.940..11338.946 rows=26 loops=1)
  Filter: (person_id = 2586476)
  Rows Removed by Filter: 36244318
Planning time: 0.379 ms
Execution time: 11339.032 ms
