Hash Join  (cost=151867.49..277021.11 rows=258658 width=0) (actual time=3856.906..5513.526 rows=56298 loops=1)
  Hash Cond: (mk.movie_id = t.id)
  ->  Seq Scan on movie_keyword mk  (cost=0.00..69693.30 rows=4523930 width=4) (actual time=0.012..1467.387 rows=4523930 loops=1)
  ->  Hash  (cost=149495.37..149495.37 rows=144570 width=8) (actual time=2772.232..2772.232 rows=50984 loops=1)
        Buckets: 131072  Batches: 2  Memory Usage: 2022kB
        ->  Hash Join  (cost=77793.68..149495.37 rows=144570 width=8) (actual time=1052.873..2754.046 rows=50984 loops=1)
              Hash Cond: (mc.movie_id = t.id)
              ->  Seq Scan on movie_companies mc  (cost=0.00..51404.11 rows=1550634 width=4) (actual time=1.783..1019.523 rows=1554103 loops=1)
                    Filter: (company_id > 6224)
                    Rows Removed by Filter: 1055026
              ->  Hash  (cost=73925.90..73925.90 rows=235742 width=4) (actual time=1050.354..1050.354 rows=129555 loops=1)
                    Buckets: 131072  Batches: 4  Memory Usage: 2160kB
                    ->  Seq Scan on title t  (cost=0.00..73925.90 rows=235742 width=4) (actual time=0.016..1004.921 rows=129555 loops=1)
                          Filter: ((production_year < 1971) AND (kind_id = 7))
                          Rows Removed by Filter: 2398757
Planning time: 0.776 ms
Execution time: 5519.430 ms
