Hash Join  (cost=70241.71..129339.97 rows=2831 width=0) (actual time=1210.748..1976.015 rows=5712 loops=1)
  Hash Cond: (mc.movie_id = t.id)
  ->  Seq Scan on movie_companies mc  (cost=0.00..57926.93 rows=44536 width=4) (actual time=126.793..817.888 rows=87543 loops=1)
        Filter: ((company_id > 165256) AND (company_type_id = 2))
        Rows Removed by Filter: 2521586
  ->  Hash  (cost=67604.59..67604.59 rows=160730 width=4) (actual time=1080.723..1080.723 rows=160017 loops=1)
        Buckets: 131072  Batches: 4  Memory Usage: 2436kB
        ->  Seq Scan on title t  (cost=0.00..67604.59 rows=160730 width=4) (actual time=0.022..1025.104 rows=160017 loops=1)
              Filter: (production_year = 2011)
              Rows Removed by Filter: 2368295
Planning time: 0.805 ms
Execution time: 1977.257 ms
