Hash Join  (cost=292787.50..1729194.77 rows=34783805 width=0) (actual time=6058.510..43260.645 rows=34698730 loops=1)
  Hash Cond: (ci.movie_id = t.id)
  ->  Seq Scan on cast_info ci  (cost=0.00..614943.12 rows=36225612 width=4) (actual time=0.030..13420.054 rows=36244344 loops=1)
  ->  Hash  (cost=252954.88..252954.88 rows=2427890 width=8) (actual time=6056.657..6056.657 rows=1169144 loops=1)
        Buckets: 131072  Batches: 32  Memory Usage: 2441kB
        ->  Hash Join  (cost=98137.04..252954.88 rows=2427890 width=8) (actual time=2010.545..5730.260 rows=1169144 loops=1)
              Hash Cond: (mk.movie_id = t.id)
              ->  Seq Scan on movie_keyword mk  (cost=0.00..81003.12 rows=3298763 width=4) (actual time=0.022..1680.995 rows=3289605 loops=1)
                    Filter: (keyword_id > 1559)
                    Rows Removed by Filter: 1234325
              ->  Hash  (cost=67604.59..67604.59 rows=1860996 width=4) (actual time=2007.252..2007.252 rows=1865487 loops=1)
                    Buckets: 131072  Batches: 32  Memory Usage: 3085kB
                    ->  Seq Scan on title t  (cost=0.00..67604.59 rows=1860996 width=4) (actual time=0.013..1387.403 rows=1865487 loops=1)
                          Filter: (kind_id > 1)
                          Rows Removed by Filter: 662825
Planning time: 14.768 ms
Execution time: 46770.831 ms
