Hash Join  (cost=709677.75..802733.44 rows=468 width=0) (actual time=9579.049..11157.067 rows=42 loops=1)
  Hash Cond: (mk.movie_id = t.id)
  ->  Seq Scan on movie_keyword mk  (cost=0.00..81003.12 rows=3212768 width=4) (actual time=0.024..1299.437 rows=3200867 loops=1)
        Filter: (keyword_id < 13091)
        Rows Removed by Filter: 1323063
  ->  Hash  (cost=709673.15..709673.15 rows=368 width=8) (actual time=9456.574..9456.574 rows=149 loops=1)
        Buckets: 1024  Batches: 1  Memory Usage: 14kB
        ->  Nested Loop  (cost=0.43..709673.15 rows=368 width=8) (actual time=5734.011..9456.476 rows=149 loops=1)
              ->  Seq Scan on cast_info ci  (cost=0.00..705507.15 rows=500 width=4) (actual time=5733.918..9453.868 rows=158 loops=1)
                    Filter: (person_id = 790101)
                    Rows Removed by Filter: 36244186
              ->  Index Scan using title_pkey on title t  (cost=0.43..8.32 rows=1 width=4) (actual time=0.015..0.016 rows=1 loops=158)
                    Index Cond: (id = ci.movie_id)
                    Filter: (kind_id > 1)
                    Rows Removed by Filter: 0
Planning time: 1.206 ms
Execution time: 11157.226 ms
