Hash Join  (cost=180674.96..694355.52 rows=3174663 width=0) (actual time=3919.187..18526.380 rows=6789674 loops=1)
  Hash Cond: (mi.movie_id = t.id)
  ->  Seq Scan on movie_info mi  (cost=0.00..309384.22 rows=14739122 width=4) (actual time=0.026..6048.585 rows=14835720 loops=1)
  ->  Hash  (cost=171739.21..171739.21 rows=544620 width=8) (actual time=3917.969..3917.969 rows=600764 loops=1)
        Buckets: 131072  Batches: 8  Memory Usage: 3964kB
        ->  Hash Join  (cost=98137.04..171739.21 rows=544620 width=8) (actual time=1923.779..3729.751 rows=600764 loops=1)
              Hash Cond: (mc.movie_id = t.id)
              ->  Seq Scan on movie_companies mc  (cost=0.00..51404.11 rows=739973 width=4) (actual time=0.022..880.752 rows=735082 loops=1)
                    Filter: (company_id < 1435)
                    Rows Removed by Filter: 1874047
              ->  Hash  (cost=67604.59..67604.59 rows=1860996 width=4) (actual time=1922.022..1922.022 rows=1865487 loops=1)
                    Buckets: 131072  Batches: 32  Memory Usage: 3079kB
                    ->  Seq Scan on title t  (cost=0.00..67604.59 rows=1860996 width=4) (actual time=0.011..1351.528 rows=1865487 loops=1)
                          Filter: (kind_id > 1)
                          Rows Removed by Filter: 662825
Planning time: 1.541 ms
Execution time: 19299.994 ms
