Seq Scan on cast_info ci  (cost=0.00..796071.18 rows=435 width=0) (actual time=11113.553..15142.679 rows=4145 loops=1)
  Filter: ((role_id < 10) AND (person_id = 83129))
  Rows Removed by Filter: 36240199
Planning time: 0.428 ms
Execution time: 15143.296 ms
