Hash Join  (cost=100899.10..904671.71 rows=1120 width=0) (actual time=2103.882..18461.339 rows=2568 loops=1)
  Hash Cond: (ci.movie_id = t.id)
  ->  Seq Scan on cast_info ci  (cost=0.00..796071.18 rows=2050728 width=4) (actual time=233.733..16402.369 rows=859621 loops=1)
        Filter: ((person_id < 297312) AND (role_id > 1))
        Rows Removed by Filter: 35384723
  ->  Hash  (cost=100881.83..100881.83 rows=1381 width=8) (actual time=1866.757..1866.757 rows=4631 loops=1)
        Buckets: 8192 (originally 2048)  Batches: 1 (originally 1)  Memory Usage: 245kB
        ->  Hash Join  (cost=73957.54..100881.83 rows=1381 width=8) (actual time=1269.345..1859.597 rows=4631 loops=1)
              Hash Cond: (mi_idx.movie_id = t.id)
              ->  Seq Scan on movie_info_idx mi_idx  (cost=0.00..21735.35 rows=1380035 width=4) (actual time=0.018..331.159 rows=1380035 loops=1)
              ->  Hash  (cost=73925.90..73925.90 rows=2531 width=4) (actual time=1269.017..1269.017 rows=4593 loops=1)
                    Buckets: 8192 (originally 4096)  Batches: 1 (originally 1)  Memory Usage: 226kB
                    ->  Seq Scan on title t  (cost=0.00..73925.90 rows=2531 width=4) (actual time=0.034..1266.615 rows=4593 loops=1)
                          Filter: ((kind_id < 4) AND (production_year = 1963))
                          Rows Removed by Filter: 2523719
Planning time: 3.964 ms
Execution time: 18462.122 ms
