Seq Scan on cast_info ci  (cost=0.00..705507.15 rows=4460524 width=0) (actual time=241.097..11310.099 rows=4333799 loops=1)
  Filter: (person_id < 418023)
  Rows Removed by Filter: 31910545
Planning time: 0.358 ms
Execution time: 11840.543 ms
