Hash Join  (cost=594557.11..1926061.20 rows=6939783 width=0) (actual time=37345.472..102959.518 rows=15787656 loops=1)
  Hash Cond: (ci.movie_id = t.id)
  ->  Seq Scan on cast_info ci  (cost=0.00..614943.12 rows=36225612 width=4) (actual time=0.023..40075.808 rows=36244344 loops=1)
  ->  Hash  (cost=586609.19..586609.19 rows=484393 width=8) (actual time=37344.390..37344.390 rows=442460 loops=1)
        Buckets: 131072  Batches: 8  Memory Usage: 3125kB
        ->  Hash Join  (cost=69002.72..586609.19 rows=484393 width=8) (actual time=3462.433..36558.569 rows=442460 loops=1)
              Hash Cond: (mi.movie_id = t.id)
              ->  Seq Scan on movie_info mi  (cost=0.00..346232.03 rows=14373737 width=4) (actual time=0.019..24971.704 rows=14407069 loops=1)
                    Filter: (info_type_id < 105)
                    Rows Removed by Filter: 428651
              ->  Hash  (cost=67604.59..67604.59 rows=85211 width=4) (actual time=3461.559..3461.559 rows=84593 loops=1)
                    Buckets: 131072  Batches: 2  Memory Usage: 2524kB
                    ->  Seq Scan on title t  (cost=0.00..67604.59 rows=85211 width=4) (actual time=0.021..3423.748 rows=84593 loops=1)
                          Filter: (production_year = 2004)
                          Rows Removed by Filter: 2443719
Planning time: 1.107 ms
Execution time: 105080.130 ms
