Hash Join  (cost=79310.28..1161414.46 rows=4701901 width=0) (actual time=1224.709..29168.682 rows=2461204 loops=1)
  Hash Cond: (ci.movie_id = t.id)
  ->  Seq Scan on cast_info ci  (cost=0.00..614943.12 rows=36225612 width=4) (actual time=0.016..12273.705 rows=36244344 loops=1)
  ->  Hash  (cost=73925.90..73925.90 rows=328190 width=4) (actual time=1223.727..1223.727 rows=217611 loops=1)
        Buckets: 131072  Batches: 8  Memory Usage: 1969kB
        ->  Seq Scan on title t  (cost=0.00..73925.90 rows=328190 width=4) (actual time=0.014..1151.700 rows=217611 loops=1)
              Filter: ((production_year < 1982) AND (kind_id = 7))
              Rows Removed by Filter: 2310701
Planning time: 0.511 ms
Execution time: 29441.960 ms
