Seq Scan on movie_keyword mk  (cost=0.00..81003.12 rows=4381113 width=0) (actual time=0.023..3350.009 rows=4382613 loops=1)
  Filter: (keyword_id < 74863)
  Rows Removed by Filter: 141317
Planning time: 0.319 ms
Execution time: 3990.501 ms
