Hash Join  (cost=102767.86..1202763.66 rows=12220100 width=0) (actual time=3835.202..48862.924 rows=11689172 loops=1)
  Hash Cond: (ci.movie_id = t.id)
  ->  Seq Scan on cast_info ci  (cost=0.00..796071.18 rows=12220100 width=4) (actual time=0.020..32985.456 rows=11689172 loops=1)
        Filter: ((person_id > 136559) AND (role_id = 1))
        Rows Removed by Filter: 24555172
  ->  Hash  (cost=61283.27..61283.27 rows=2528527 width=4) (actual time=3833.801..3833.801 rows=2528312 loops=1)
        Buckets: 131072  Batches: 64  Memory Usage: 2415kB
        ->  Seq Scan on title t  (cost=0.00..61283.27 rows=2528527 width=4) (actual time=0.011..2884.957 rows=2528312 loops=1)
Planning time: 8.182 ms
Execution time: 50390.840 ms
