Hash Join  (cost=700373.59..2299570.90 rows=45593863 width=0) (actual time=41348.552..158957.507 rows=214143030 loops=1)
  Hash Cond: (ci.movie_id = t.id)
  ->  Seq Scan on cast_info ci  (cost=0.00..705507.15 rows=23499554 width=4) (actual time=0.010..40445.850 rows=23573656 loops=1)
        Filter: (role_id > 1)
        Rows Removed by Filter: 12670688
  ->  Hash  (cost=619886.45..619886.45 rows=4905851 width=8) (actual time=41345.285..41345.285 rows=8237561 loops=1)
        Buckets: 131072  Batches: 128  Memory Usage: 3540kB
        ->  Hash Join  (cost=87734.02..619886.45 rows=4905851 width=8) (actual time=4837.106..38752.118 rows=8237561 loops=1)
              Hash Cond: (mi.movie_id = t.id)
              ->  Seq Scan on movie_info mi  (cost=0.00..309384.22 rows=14739122 width=4) (actual time=3.139..20334.022 rows=14835720 loops=1)
              ->  Hash  (cost=73925.90..73925.90 rows=841609 width=4) (actual time=4832.896..4832.896 rows=755160 loops=1)
                    Buckets: 131072  Batches: 16  Memory Usage: 2695kB
                    ->  Seq Scan on title t  (cost=0.00..73925.90 rows=841609 width=4) (actual time=0.009..3778.383 rows=755160 loops=1)
                          Filter: ((kind_id < 7) AND (production_year > 1965))
                          Rows Removed by Filter: 1773152
Planning time: 1.127 ms
Execution time: 185626.918 ms
