Seq Scan on cast_info ci  (cost=0.00..705507.15 rows=2974257 width=0) (actual time=13096.352..30892.256 rows=3044442 loops=1)
  Filter: (person_id > 3498971)
  Rows Removed by Filter: 33199902
Planning time: 0.430 ms
Execution time: 31342.656 ms
