Hash Join  (cost=102767.86..1582033.15 rows=31745609 width=0) (actual time=5363.114..90927.002 rows=31730477 loops=1)
  Hash Cond: (ci.movie_id = t.id)
  ->  Seq Scan on cast_info ci  (cost=0.00..705507.15 rows=31745609 width=4) (actual time=0.015..52362.388 rows=31730477 loops=1)
        Filter: (person_id < 3237784)
        Rows Removed by Filter: 4513867
  ->  Hash  (cost=61283.27..61283.27 rows=2528527 width=4) (actual time=5361.502..5361.502 rows=2528312 loops=1)
        Buckets: 131072  Batches: 64  Memory Usage: 2415kB
        ->  Seq Scan on title t  (cost=0.00..61283.27 rows=2528527 width=4) (actual time=0.011..4292.352 rows=2528312 loops=1)
Planning time: 0.769 ms
Execution time: 94931.647 ms
