Hash Join  (cost=92735.26..163069.84 rows=206184 width=0) (actual time=5138.881..8715.096 rows=246967 loops=1)
  Hash Cond: (mc.movie_id = t.id)
  ->  Seq Scan on movie_companies mc  (cost=0.00..57926.93 rows=340360 width=4) (actual time=0.024..2729.203 rows=489577 loops=1)
        Filter: ((company_id < 1210) AND (company_type_id < 2))
        Rows Removed by Filter: 2119552
  ->  Hash  (cost=67604.59..67604.59 rows=1531734 width=4) (actual time=5137.678..5137.678 rows=1531613 loops=1)
        Buckets: 131072  Batches: 32  Memory Usage: 2708kB
        ->  Seq Scan on title t  (cost=0.00..67604.59 rows=1531734 width=4) (actual time=0.021..4503.392 rows=1531613 loops=1)
              Filter: (production_year > 1997)
              Rows Removed by Filter: 996699
Planning time: 0.730 ms
Execution time: 8746.757 ms
