Hash Join  (cost=132712.90..623334.68 rows=1457389 width=0) (actual time=7570.710..36197.217 rows=10814698 loops=1)
  Hash Cond: (mi.movie_id = t.id)
  ->  Seq Scan on movie_info mi  (cost=0.00..346232.03 rows=11115165 width=4) (actual time=0.020..19213.783 rows=11210743 loops=1)
        Filter: (info_type_id > 3)
        Rows Removed by Filter: 3624977
  ->  Hash  (cost=127272.74..127272.74 rows=331533 width=8) (actual time=7569.654..7569.654 rows=720537 loops=1)
        Buckets: 131072 (originally 131072)  Batches: 16 (originally 8)  Memory Usage: 3073kB
        ->  Hash Join  (cost=83891.93..127272.74 rows=331533 width=8) (actual time=4447.221..7310.916 rows=720537 loops=1)
              Hash Cond: (mi_idx.movie_id = t.id)
              ->  Seq Scan on movie_info_idx mi_idx  (cost=0.00..21735.35 rows=1380035 width=4) (actual time=0.012..1742.403 rows=1380035 loops=1)
              ->  Hash  (cost=73925.90..73925.90 rows=607442 width=4) (actual time=4446.282..4446.282 rows=675690 loops=1)
                    Buckets: 131072  Batches: 8  Memory Usage: 4012kB
                    ->  Seq Scan on title t  (cost=0.00..73925.90 rows=607442 width=4) (actual time=0.031..4167.685 rows=675690 loops=1)
                          Filter: ((kind_id < 7) AND (production_year < 2007))
                          Rows Removed by Filter: 1852622
Planning time: 1.203 ms
Execution time: 37605.691 ms
