Nested Loop  (cost=0.43..709673.15 rows=195 width=0) (actual time=13584.029..28314.387 rows=5 loops=1)
  ->  Seq Scan on cast_info ci  (cost=0.00..705507.15 rows=500 width=4) (actual time=13583.928..28314.128 rows=5 loops=1)
        Filter: (person_id = 2989437)
        Rows Removed by Filter: 36244339
  ->  Index Scan using title_pkey on title t  (cost=0.43..8.32 rows=1 width=4) (actual time=0.041..0.042 rows=1 loops=5)
        Index Cond: (id = ci.movie_id)
        Filter: (kind_id < 7)
Planning time: 3.576 ms
Execution time: 28314.536 ms
