Hash Join  (cost=92917.42..1319350.47 rows=12078267 width=0) (actual time=5316.900..76457.179 rows=13149374 loops=1)
  Hash Cond: (ci.movie_id = t.id)
  ->  Seq Scan on cast_info ci  (cost=0.00..796071.18 rows=26383253 width=4) (actual time=0.020..49700.146 rows=26010771 loops=1)
        Filter: ((person_id > 566556) AND (role_id < 10))
        Rows Removed by Filter: 10233573
  ->  Hash  (cost=73925.90..73925.90 rows=1157561 width=4) (actual time=5315.878..5315.878 rows=1267332 loops=1)
        Buckets: 131072  Batches: 16  Memory Usage: 3815kB
        ->  Seq Scan on title t  (cost=0.00..73925.90 rows=1157561 width=4) (actual time=0.014..4781.289 rows=1267332 loops=1)
              Filter: ((kind_id > 1) AND (production_year > 1996))
              Rows Removed by Filter: 1260980
Planning time: 0.815 ms
Execution time: 78085.379 ms
