Hash Join  (cost=832688.58..914807.67 rows=512756 width=0) (actual time=37653.001..42941.065 rows=982364 loops=1)
  Hash Cond: (mc.movie_id = t.id)
  ->  Seq Scan on movie_companies mc  (cost=0.00..44881.29 rows=2609129 width=4) (actual time=0.021..3345.171 rows=2609129 loops=1)
  ->  Hash  (cost=824535.13..824535.13 rows=496916 width=8) (actual time=37649.821..37649.821 rows=521402 loops=1)
        Buckets: 131072  Batches: 8  Memory Usage: 3543kB
        ->  Hash Join  (cost=98137.04..824535.13 rows=496916 width=8) (actual time=33391.112..37484.912 rows=521402 loops=1)
              Hash Cond: (ci.movie_id = t.id)
              ->  Seq Scan on cast_info ci  (cost=0.00..705507.15 rows=675157 width=4) (actual time=27366.933..30305.268 rows=697241 loops=1)
                    Filter: (person_id > 3927051)
                    Rows Removed by Filter: 35547103
              ->  Hash  (cost=67604.59..67604.59 rows=1860996 width=4) (actual time=6022.743..6022.743 rows=1865487 loops=1)
                    Buckets: 131072  Batches: 32  Memory Usage: 3079kB
                    ->  Seq Scan on title t  (cost=0.00..67604.59 rows=1860996 width=4) (actual time=0.020..4497.186 rows=1865487 loops=1)
                          Filter: (kind_id > 1)
                          Rows Removed by Filter: 662825
Planning time: 10.886 ms
Execution time: 43063.296 ms
