Seq Scan on movie_companies mc  (cost=0.00..57926.93 rows=1055170 width=0) (actual time=0.025..1063.690 rows=1193869 loops=1)
  Filter: ((company_id > 521) AND (company_type_id = 2))
  Rows Removed by Filter: 1415260
Planning time: 0.382 ms
Execution time: 1211.391 ms
