Hash Join  (cost=150610.83..639038.10 rows=807935 width=0) (actual time=8791.977..31974.840 rows=1606165 loops=1)
  Hash Cond: (mi.movie_id = t.id)
  ->  Seq Scan on movie_info mi  (cost=0.00..309384.22 rows=14739122 width=4) (actual time=0.009..16736.356 rows=14835720 loops=1)
  ->  Hash  (cost=148336.29..148336.29 rows=138603 width=8) (actual time=8699.816..8699.816 rows=86894 loops=1)
        Buckets: 131072  Batches: 2  Memory Usage: 2730kB
        ->  Hash Join  (cost=70308.29..148336.29 rows=138603 width=8) (actual time=4099.516..8665.112 rows=86894 loops=1)
              Hash Cond: (mc.movie_id = t.id)
              ->  Seq Scan on movie_companies mc  (cost=0.00..51404.11 rows=2126896 width=4) (actual time=0.023..3438.835 rows=2123387 loops=1)
                    Filter: (company_id < 74939)
                    Rows Removed by Filter: 485742
              ->  Hash  (cost=67604.59..67604.59 rows=164776 width=4) (actual time=4098.834..4098.834 rows=164307 loops=1)
                    Buckets: 131072  Batches: 4  Memory Usage: 2482kB
                    ->  Seq Scan on title t  (cost=0.00..67604.59 rows=164776 width=4) (actual time=0.024..4029.662 rows=164307 loops=1)
                          Filter: (production_year = 2012)
                          Rows Removed by Filter: 2364005
Planning time: 1.199 ms
Execution time: 32187.675 ms
