Hash Join  (cost=83074.74..109986.57 rows=134 width=0) (actual time=1757.858..2344.477 rows=482 loops=1)
  Hash Cond: (mi_idx.movie_id = t.id)
  ->  Seq Scan on movie_info_idx mi_idx  (cost=0.00..21735.35 rows=1380035 width=4) (actual time=0.046..383.170 rows=1380035 loops=1)
  ->  Hash  (cost=83071.67..83071.67 rows=246 width=8) (actual time=1756.904..1756.904 rows=173 loops=1)
        Buckets: 1024  Batches: 1  Memory Usage: 15kB
        ->  Nested Loop  (cost=0.43..83071.67 rows=246 width=8) (actual time=4.832..1756.674 rows=173 loops=1)
              ->  Seq Scan on movie_keyword mk  (cost=0.00..81003.12 rows=246 width=4) (actual time=4.729..1738.734 rows=173 loops=1)
                    Filter: (keyword_id = 16225)
                    Rows Removed by Filter: 4523757
              ->  Index Only Scan using title_pkey on title t  (cost=0.43..8.40 rows=1 width=4) (actual time=0.099..0.100 rows=1 loops=173)
                    Index Cond: (id = mk.movie_id)
                    Heap Fetches: 173
Planning time: 3.274 ms
Execution time: 2344.712 ms
