Seq Scan on cast_info ci  (cost=0.00..796071.18 rows=168 width=0) (actual time=28022.226..34567.679 rows=1 loops=1)
  Filter: ((role_id > 3) AND (person_id = 682502))
  Rows Removed by Filter: 36244343
Planning time: 0.374 ms
Execution time: 34567.818 ms
