Hash Join  (cost=83580.70..1260697.47 rows=13950960 width=0) (actual time=3204.238..76205.870 rows=13037568 loops=1)
  Hash Cond: (ci.movie_id = t.id)
  ->  Seq Scan on cast_info ci  (cost=0.00..614943.12 rows=36225612 width=4) (actual time=0.018..44508.152 rows=36244344 loops=1)
  ->  Hash  (cost=67604.59..67604.59 rows=973769 width=4) (actual time=3201.975..3201.975 rows=971188 loops=1)
        Buckets: 131072  Batches: 16  Memory Usage: 3161kB
        ->  Seq Scan on title t  (cost=0.00..67604.59 rows=973769 width=4) (actual time=0.014..2840.358 rows=971188 loops=1)
              Filter: (production_year < 1999)
              Rows Removed by Filter: 1557124
Planning time: 11.782 ms
Execution time: 78059.677 ms
