Seq Scan on movie_keyword mk  (cost=0.00..81003.12 rows=4221586 width=0) (actual time=0.020..4733.033 rows=4225463 loops=1)
  Filter: (keyword_id < 54100)
  Rows Removed by Filter: 298467
Planning time: 0.293 ms
Execution time: 5553.217 ms
