Seq Scan on cast_info ci  (cost=0.00..796071.18 rows=2859438 width=0) (actual time=3507.705..33208.746 rows=5784939 loops=1)
  Filter: ((person_id < 782809) AND (role_id = 1))
  Rows Removed by Filter: 30459405
Planning time: 0.424 ms
Execution time: 34193.009 ms
