Seq Scan on movie_keyword mk  (cost=0.00..81003.12 rows=4097571 width=0) (actual time=0.025..5093.960 rows=4103264 loops=1)
  Filter: (keyword_id < 41460)
  Rows Removed by Filter: 420666
Planning time: 0.299 ms
Execution time: 5816.740 ms
