Seq Scan on cast_info ci  (cost=0.00..796071.18 rows=1698977 width=0) (actual time=1675.562..35762.903 rows=1029835 loops=1)
  Filter: ((person_id < 352331) AND (role_id > 2))
  Rows Removed by Filter: 35214509
Planning time: 10.490 ms
Execution time: 35934.692 ms
