Nested Loop  (cost=0.43..83071.67 rows=246 width=0) (actual time=14.425..3876.852 rows=1710 loops=1)
  ->  Seq Scan on movie_keyword mk  (cost=0.00..81003.12 rows=246 width=4) (actual time=14.345..3485.873 rows=1710 loops=1)
        Filter: (keyword_id = 2529)
        Rows Removed by Filter: 4522220
  ->  Index Only Scan using title_pkey on title t  (cost=0.43..8.40 rows=1 width=4) (actual time=0.226..0.226 rows=1 loops=1710)
        Index Cond: (id = mk.movie_id)
        Heap Fetches: 1710
Planning time: 0.750 ms
Execution time: 3877.571 ms
