Seq Scan on movie_keyword mk  (cost=0.00..81003.12 rows=246 width=0) (actual time=366.724..3749.144 rows=21 loops=1)
  Filter: (keyword_id = 32073)
  Rows Removed by Filter: 4523909
Planning time: 0.322 ms
Execution time: 3749.235 ms
