Seq Scan on cast_info ci  (cost=0.00..705507.15 rows=500 width=0) (actual time=2522.987..10572.852 rows=1118 loops=1)
  Filter: (person_id = 989701)
  Rows Removed by Filter: 36243226
Planning time: 0.257 ms
Execution time: 10573.065 ms
