Seq Scan on movie_keyword mk  (cost=0.00..81003.12 rows=3718661 width=0) (actual time=0.023..5017.249 rows=3713534 loops=1)
  Filter: (keyword_id < 22759)
  Rows Removed by Filter: 810396
Planning time: 0.326 ms
Execution time: 5680.112 ms
