Seq Scan on movie_info mi  (cost=0.00..346232.03 rows=961628 width=0) (actual time=0.016..16336.153 rows=1013173 loops=1)
  Filter: (info_type_id > 86)
  Rows Removed by Filter: 13822547
Planning time: 0.305 ms
Execution time: 16484.927 ms
