Hash Join  (cost=81925.97..1079437.35 rows=2852175 width=0) (actual time=17893.906..59743.162 rows=2844909 loops=1)
  Hash Cond: (ci.movie_id = t.id)
  ->  Seq Scan on cast_info ci  (cost=0.00..796071.18 rows=14790254 width=4) (actual time=13190.682..46087.922 rows=12916225 loops=1)
        Filter: ((person_id < 3471683) AND (role_id > 2))
        Rows Removed by Filter: 23328119
  ->  Hash  (cost=73925.90..73925.90 rows=487605 width=4) (actual time=4702.162..4702.162 rows=501779 loops=1)
        Buckets: 131072  Batches: 8  Memory Usage: 3231kB
        ->  Seq Scan on title t  (cost=0.00..73925.90 rows=487605 width=4) (actual time=0.043..4188.930 rows=501779 loops=1)
              Filter: ((kind_id > 1) AND (production_year > 2008))
              Rows Removed by Filter: 2026533
Planning time: 0.793 ms
Execution time: 60102.669 ms
