Hash Join  (cost=102592.92..157657.65 rows=39921 width=0) (actual time=5645.036..10034.754 rows=289869 loops=1)
  Hash Cond: (mc.movie_id = t.id)
  ->  Seq Scan on movie_companies mc  (cost=0.00..44881.29 rows=2609129 width=4) (actual time=0.014..3057.860 rows=2609129 loops=1)
  ->  Hash  (cost=102109.32..102109.32 rows=38688 width=8) (actual time=5644.422..5644.422 rows=99570 loops=1)
        Buckets: 131072 (originally 65536)  Batches: 2 (originally 1)  Memory Usage: 3073kB
        ->  Hash Join  (cost=74811.96..102109.32 rows=38688 width=8) (actual time=4061.994..5599.278 rows=99570 loops=1)
              Hash Cond: (mi_idx.movie_id = t.id)
              ->  Seq Scan on movie_info_idx mi_idx  (cost=0.00..21735.35 rows=1380035 width=4) (actual time=0.020..1144.254 rows=1380035 loops=1)
              ->  Hash  (cost=73925.90..73925.90 rows=70884 width=4) (actual time=4061.257..4061.257 rows=77795 loops=1)
                    Buckets: 131072  Batches: 1  Memory Usage: 3759kB
                    ->  Seq Scan on title t  (cost=0.00..73925.90 rows=70884 width=4) (actual time=0.016..4028.848 rows=77795 loops=1)
                          Filter: ((production_year > 1977) AND (kind_id = 2))
                          Rows Removed by Filter: 2450517
Planning time: 5.553 ms
Execution time: 10073.303 ms
