Seq Scan on movie_keyword mk  (cost=0.00..81003.12 rows=246 width=0) (actual time=0.119..3988.047 rows=1573 loops=1)
  Filter: (keyword_id = 2905)
  Rows Removed by Filter: 4522357
Planning time: 0.358 ms
Execution time: 3988.648 ms
