Hash Join  (cost=94699.36..899624.57 rows=42377 width=0) (actual time=5133.002..51180.000 rows=6965 loops=1)
  Hash Cond: (ci.movie_id = t.id)
  ->  Seq Scan on cast_info ci  (cost=0.00..705507.15 rows=26398478 width=4) (actual time=0.018..40056.310 rows=26616388 loops=1)
        Filter: (person_id > 946779)
        Rows Removed by Filter: 9627956
  ->  Hash  (cost=94648.62..94648.62 rows=4059 width=8) (actual time=5128.566..5128.566 rows=697 loops=1)
        Buckets: 4096  Batches: 1  Memory Usage: 60kB
        ->  Hash Join  (cost=67697.55..94648.62 rows=4059 width=8) (actual time=3919.358..5128.161 rows=697 loops=1)
              Hash Cond: (mi_idx.movie_id = t.id)
              ->  Seq Scan on movie_info_idx mi_idx  (cost=0.00..21735.35 rows=1380035 width=4) (actual time=0.017..1203.618 rows=1380035 loops=1)
              ->  Hash  (cost=67604.59..67604.59 rows=7437 width=4) (actual time=3583.129..3583.129 rows=3066 loops=1)
                    Buckets: 8192  Batches: 1  Memory Usage: 172kB
                    ->  Seq Scan on title t  (cost=0.00..67604.59 rows=7437 width=4) (actual time=0.336..3581.379 rows=3066 loops=1)
                          Filter: (production_year = 1922)
                          Rows Removed by Filter: 2525246
Planning time: 1.544 ms
Execution time: 51182.014 ms
