Hash Join  (cost=195691.47..333790.98 rows=1321247 width=0) (actual time=3803.360..7617.717 rows=1727673 loops=1)
  Hash Cond: (mk.movie_id = t.id)
  ->  Seq Scan on movie_keyword mk  (cost=0.00..69693.30 rows=4523930 width=4) (actual time=0.030..1433.767 rows=4523930 loops=1)
  ->  Hash  (cost=183575.54..183575.54 rows=738475 width=8) (actual time=3802.486..3802.486 rows=256695 loops=1)
        Buckets: 131072  Batches: 16  Memory Usage: 1650kB
        ->  Hash Join  (cost=98137.04..183575.54 rows=738475 width=8) (actual time=1816.222..3723.907 rows=256695 loops=1)
              Hash Cond: (mc.movie_id = t.id)
              ->  Seq Scan on movie_companies mc  (cost=0.00..57926.93 rows=1003363 width=4) (actual time=0.019..1120.321 rows=858636 loops=1)
                    Filter: ((company_id > 595) AND (company_type_id < 2))
                    Rows Removed by Filter: 1750493
              ->  Hash  (cost=67604.59..67604.59 rows=1860996 width=4) (actual time=1815.215..1815.215 rows=1865487 loops=1)
                    Buckets: 131072  Batches: 32  Memory Usage: 3079kB
                    ->  Seq Scan on title t  (cost=0.00..67604.59 rows=1860996 width=4) (actual time=0.034..1217.008 rows=1865487 loops=1)
                          Filter: (kind_id > 1)
                          Rows Removed by Filter: 662825
Planning time: 1.082 ms
Execution time: 7829.370 ms
