Seq Scan on movie_keyword mk  (cost=0.00..81003.12 rows=246 width=0) (actual time=0.424..3753.828 rows=316 loops=1)
  Filter: (keyword_id = 23110)
  Rows Removed by Filter: 4523614
Planning time: 0.394 ms
Execution time: 3754.125 ms
