Hash Join  (cost=190230.21..1114944.41 rows=3952268 width=0) (actual time=7286.692..59129.375 rows=12827743 loops=1)
  Hash Cond: (ci.movie_id = t.id)
  ->  Seq Scan on cast_info ci  (cost=0.00..796071.18 rows=7241422 width=4) (actual time=0.021..39943.778 rows=11154317 loops=1)
        Filter: ((person_id > 2586769) AND (role_id > 1))
        Rows Removed by Filter: 25090027
  ->  Hash  (cost=167588.78..167588.78 rows=1380035 width=8) (actual time=7285.949..7285.949 rows=1380035 loops=1)
        Buckets: 131072  Batches: 32  Memory Usage: 2708kB
        ->  Hash Join  (cost=102767.86..167588.78 rows=1380035 width=8) (actual time=4295.687..6930.543 rows=1380035 loops=1)
              Hash Cond: (mi_idx.movie_id = t.id)
              ->  Seq Scan on movie_info_idx mi_idx  (cost=0.00..21735.35 rows=1380035 width=4) (actual time=0.015..914.342 rows=1380035 loops=1)
              ->  Hash  (cost=61283.27..61283.27 rows=2528527 width=4) (actual time=4294.456..4294.456 rows=2528312 loops=1)
                    Buckets: 131072  Batches: 64  Memory Usage: 2415kB
                    ->  Seq Scan on title t  (cost=0.00..61283.27 rows=2528527 width=4) (actual time=0.009..3370.977 rows=2528312 loops=1)
Planning time: 1.616 ms
Execution time: 60757.369 ms
