Hash Join  (cost=74323.94..130881.54 rows=16744 width=0) (actual time=4555.062..6623.858 rows=6160 loops=1)
  Hash Cond: (mc.movie_id = t.id)
  ->  Seq Scan on movie_companies mc  (cost=0.00..51404.11 rows=1329612 width=4) (actual time=740.065..2458.940 rows=1334883 loops=1)
        Filter: (company_type_id > 1)
        Rows Removed by Filter: 1274246
  ->  Hash  (cost=73925.90..73925.90 rows=31843 width=4) (actual time=3814.231..3814.231 rows=35656 loops=1)
        Buckets: 65536 (originally 32768)  Batches: 1 (originally 1)  Memory Usage: 1766kB
        ->  Seq Scan on title t  (cost=0.00..73925.90 rows=31843 width=4) (actual time=0.020..3784.895 rows=35656 loops=1)
              Filter: ((kind_id = 7) AND (production_year = 2000))
              Rows Removed by Filter: 2492656
Planning time: 0.809 ms
Execution time: 6624.877 ms
