Hash Join  (cost=67697.55..153309.61 rows=3587 width=0) (actual time=3586.028..7491.974 rows=4975 loops=1)
  Hash Cond: (mk.movie_id = t.id)
  ->  Seq Scan on movie_keyword mk  (cost=0.00..81003.12 rows=1219484 width=4) (actual time=0.022..3646.104 rows=1225753 loops=1)
        Filter: (keyword_id < 1556)
        Rows Removed by Filter: 3298177
  ->  Hash  (cost=67604.59..67604.59 rows=7437 width=4) (actual time=3583.120..3583.120 rows=7199 loops=1)
        Buckets: 8192  Batches: 1  Memory Usage: 318kB
        ->  Seq Scan on title t  (cost=0.00..67604.59 rows=7437 width=4) (actual time=0.130..3578.750 rows=7199 loops=1)
              Filter: (production_year = 1954)
              Rows Removed by Filter: 2521113
Planning time: 0.674 ms
Execution time: 7493.061 ms
