Seq Scan on movie_keyword mk  (cost=0.00..81003.12 rows=1588850 width=0) (actual time=0.019..4048.727 rows=1601822 loops=1)
  Filter: (keyword_id > 9542)
  Rows Removed by Filter: 2922108
Planning time: 7.575 ms
Execution time: 4307.013 ms
