Seq Scan on movie_keyword mk  (cost=0.00..81003.12 rows=246 width=12) (actual time=0.128..1266.647 rows=992 loops=1)
  Filter: (keyword_id = 1114)
  Rows Removed by Filter: 4522938
Planning time: 0.242 ms
Execution time: 1266.791 ms
