Hash Join  (cost=82008.92..1097862.76 rows=3141619 width=0) (actual time=4015.700..24948.773 rows=2744109 loops=1)
  Hash Cond: (ci.movie_id = t.id)
  ->  Seq Scan on cast_info ci  (cost=0.00..796071.18 rows=16124660 width=4) (actual time=2738.600..15515.191 rows=14647735 loops=1)
        Filter: ((person_id > 1555485) AND (role_id < 8))
        Rows Removed by Filter: 21596609
  ->  Hash  (cost=73925.90..73925.90 rows=492641 width=4) (actual time=1276.321..1276.321 rows=420285 loops=1)
        Buckets: 131072  Batches: 8  Memory Usage: 2868kB
        ->  Seq Scan on title t  (cost=0.00..73925.90 rows=492641 width=4) (actual time=0.024..1140.679 rows=420285 loops=1)
              Filter: ((kind_id < 7) AND (production_year > 2002))
              Rows Removed by Filter: 2108027
Planning time: 0.813 ms
Execution time: 25301.339 ms
