Hash Join  (cost=256337.17..1378443.69 rows=14460333 width=0) (actual time=13511.902..90503.778 rows=107094775 loops=1)
  Hash Cond: (ci.movie_id = t.id)
  ->  Seq Scan on cast_info ci  (cost=0.00..705507.15 rows=20690009 width=4) (actual time=0.014..36301.250 rows=20833141 loops=1)
        Filter: (person_id > 1519299)
        Rows Removed by Filter: 15411203
  ->  Hash  (cost=227343.19..227343.19 rows=1767198 width=8) (actual time=13508.699..13508.699 rows=3878469 loops=1)
        Buckets: 131072 (originally 131072)  Batches: 64 (originally 32)  Memory Usage: 3438kB
        ->  Hash Join  (cost=83810.17..227343.19 rows=1767198 width=8) (actual time=4399.578..12349.866 rows=3878469 loops=1)
              Hash Cond: (mk.movie_id = t.id)
              ->  Seq Scan on movie_keyword mk  (cost=0.00..69693.30 rows=4523930 width=4) (actual time=0.013..4431.250 rows=4523930 loops=1)
              ->  Hash  (cost=67604.59..67604.59 rows=987727 width=4) (actual time=4398.129..4398.129 rows=985048 loops=1)
                    Buckets: 131072  Batches: 16  Memory Usage: 3197kB
                    ->  Seq Scan on title t  (cost=0.00..67604.59 rows=987727 width=4) (actual time=0.019..3794.040 rows=985048 loops=1)
                          Filter: (kind_id < 7)
                          Rows Removed by Filter: 1543264
Planning time: 1.103 ms
Execution time: 103368.296 ms
