Hash Join  (cost=73932.73..100846.19 rows=298 width=0) (actual time=2996.960..4479.919 rows=891 loops=1)
  Hash Cond: (mi_idx.movie_id = t.id)
  ->  Seq Scan on movie_info_idx mi_idx  (cost=0.00..21735.35 rows=1380035 width=4) (actual time=0.023..1148.151 rows=1380035 loops=1)
  ->  Hash  (cost=73925.90..73925.90 rows=546 width=4) (actual time=2993.469..2993.469 rows=447 loops=1)
        Buckets: 1024  Batches: 1  Memory Usage: 24kB
        ->  Seq Scan on title t  (cost=0.00..73925.90 rows=546 width=4) (actual time=30.919..2993.072 rows=447 loops=1)
              Filter: ((kind_id = 6) AND (production_year = 2006))
              Rows Removed by Filter: 2527865
Planning time: 0.749 ms
Execution time: 4480.183 ms
