Hash Join  (cost=83810.17..152987.62 rows=351347 width=0) (actual time=1499.487..3264.762 rows=712940 loops=1)
  Hash Cond: (mc.movie_id = t.id)
  ->  Seq Scan on movie_companies mc  (cost=0.00..51404.11 rows=899430 width=4) (actual time=28.995..937.750 rows=907943 loops=1)
        Filter: (company_id > 20936)
        Rows Removed by Filter: 1701186
  ->  Hash  (cost=67604.59..67604.59 rows=987727 width=4) (actual time=1469.618..1469.618 rows=985048 loops=1)
        Buckets: 131072  Batches: 16  Memory Usage: 3188kB
        ->  Seq Scan on title t  (cost=0.00..67604.59 rows=987727 width=4) (actual time=0.032..1169.986 rows=985048 loops=1)
              Filter: (kind_id < 7)
              Rows Removed by Filter: 1543264
Planning time: 0.840 ms
Execution time: 3343.448 ms
