Hash Join  (cost=164019.30..579957.05 rows=5897 width=0) (actual time=3282.437..12061.366 rows=54854 loops=1)
  Hash Cond: (mi.movie_id = t.id)
  ->  Seq Scan on movie_info mi  (cost=0.00..346232.03 rows=13929354 width=4) (actual time=0.020..6695.998 rows=14033580 loops=1)
        Filter: (info_type_id > 1)
        Rows Removed by Filter: 802140
  ->  Hash  (cost=164005.93..164005.93 rows=1070 width=8) (actual time=3189.334..3189.334 rows=4927 loops=1)
        Buckets: 8192 (originally 2048)  Batches: 1 (originally 1)  Memory Usage: 257kB
        ->  Hash Join  (cost=67612.84..164005.93 rows=1070 width=8) (actual time=1001.408..3187.103 rows=4927 loops=1)
              Hash Cond: (mk.movie_id = t.id)
              ->  Seq Scan on movie_keyword mk  (cost=0.00..81003.12 rows=4101138 width=4) (actual time=0.015..1572.493 rows=4107491 loops=1)
                    Filter: (keyword_id < 41776)
                    Rows Removed by Filter: 416439
              ->  Hash  (cost=67604.59..67604.59 rows=660 width=4) (actual time=996.119..996.119 rows=3515 loops=1)
                    Buckets: 4096 (originally 1024)  Batches: 1 (originally 1)  Memory Usage: 156kB
                    ->  Seq Scan on title t  (cost=0.00..67604.59 rows=660 width=4) (actual time=0.933..994.238 rows=3515 loops=1)
                          Filter: (production_year > 2013)
                          Rows Removed by Filter: 2524797
Planning time: 1.159 ms
Execution time: 12070.563 ms
