Seq Scan on cast_info ci  (cost=0.00..705507.15 rows=4982920 width=0) (actual time=1154.041..20265.498 rows=4863479 loops=1)
  Filter: (person_id < 472179)
  Rows Removed by Filter: 31380865
Planning time: 0.313 ms
Execution time: 21003.972 ms
