Hash Join  (cost=87053.47..967280.50 rows=3687030 width=0) (actual time=3801.125..21526.736 rows=3957640 loops=1)
  Hash Cond: (ci.movie_id = t.id)
  ->  Seq Scan on cast_info ci  (cost=0.00..705507.15 rows=11651622 width=4) (actual time=2337.026..12915.199 rows=11689181 loops=1)
        Filter: (person_id > 2523546)
        Rows Removed by Filter: 24555163
  ->  Hash  (cost=73925.90..73925.90 rows=800125 width=4) (actual time=1462.798..1462.798 rows=713741 loops=1)
        Buckets: 131072  Batches: 16  Memory Usage: 2592kB
        ->  Seq Scan on title t  (cost=0.00..73925.90 rows=800125 width=4) (actual time=0.037..1237.312 rows=713741 loops=1)
              Filter: ((kind_id < 7) AND (production_year > 1972))
              Rows Removed by Filter: 1814571
Planning time: 0.644 ms
Execution time: 21991.637 ms
