Hash Join  (cost=129496.65..225238.33 rows=39559 width=0) (actual time=2475.948..4846.703 rows=1050180 loops=1)
  Hash Cond: (mk.movie_id = t.id)
  ->  Seq Scan on movie_keyword mk  (cost=0.00..81003.12 rows=3824792 width=4) (actual time=0.019..1540.107 rows=3824777 loops=1)
        Filter: (keyword_id > 580)
        Rows Removed by Filter: 699153
  ->  Hash  (cost=129169.75..129169.75 rows=26152 width=8) (actual time=2475.100..2475.100 rows=33733 loops=1)
        Buckets: 65536 (originally 32768)  Batches: 1 (originally 1)  Memory Usage: 1830kB
        ->  Hash Join  (cost=74242.71..129169.75 rows=26152 width=8) (actual time=1233.535..2461.682 rows=33733 loops=1)
              Hash Cond: (mc.movie_id = t.id)
              ->  Seq Scan on movie_companies mc  (cost=0.00..44881.29 rows=2609129 width=4) (actual time=0.021..641.542 rows=2609129 loops=1)
              ->  Hash  (cost=73925.90..73925.90 rows=25344 width=4) (actual time=1233.320..1233.320 rows=15457 loops=1)
                    Buckets: 32768  Batches: 1  Memory Usage: 800kB
                    ->  Seq Scan on title t  (cost=0.00..73925.90 rows=25344 width=4) (actual time=200.811..1226.700 rows=15457 loops=1)
                          Filter: ((kind_id < 2) AND (production_year = 2005))
                          Rows Removed by Filter: 2512855
Planning time: 1.218 ms
Execution time: 4975.796 ms
