Hash Join  (cost=365418.15..1720237.48 rows=32800227 width=0) (actual time=9204.404..58575.803 rows=112393291 loops=1)
  Hash Cond: (ci.movie_id = t.id)
  ->  Seq Scan on cast_info ci  (cost=0.00..705507.15 rows=18332790 width=4) (actual time=0.033..14640.751 rows=18227323 loops=1)
        Filter: (person_id < 1810440)
        Rows Removed by Filter: 18017021
  ->  Hash  (cost=291197.02..291197.02 rows=4523930 width=8) (actual time=9202.878..9202.878 rows=4523930 loops=1)
        Buckets: 131072  Batches: 64  Memory Usage: 3816kB
        ->  Hash Join  (cost=102767.86..291197.02 rows=4523930 width=8) (actual time=2538.221..7918.504 rows=4523930 loops=1)
              Hash Cond: (mk.movie_id = t.id)
              ->  Seq Scan on movie_keyword mk  (cost=0.00..69693.30 rows=4523930 width=4) (actual time=0.015..1451.375 rows=4523930 loops=1)
              ->  Hash  (cost=61283.27..61283.27 rows=2528527 width=4) (actual time=2536.504..2536.504 rows=2528312 loops=1)
                    Buckets: 131072  Batches: 64  Memory Usage: 2425kB
                    ->  Seq Scan on title t  (cost=0.00..61283.27 rows=2528527 width=4) (actual time=0.008..982.087 rows=2528312 loops=1)
Planning time: 1.115 ms
Execution time: 69980.667 ms
