Hash Join  (cost=192154.21..996318.60 rows=997674 width=0) (actual time=6241.966..24686.209 rows=13847971 loops=1)
  Hash Cond: (ci.movie_id = t.id)
  ->  Seq Scan on cast_info ci  (cost=0.00..705507.15 rows=7556663 width=4) (actual time=2365.879..13240.687 rows=7436237 loops=1)
        Filter: (role_id > 7)
        Rows Removed by Filter: 28808107
  ->  Hash  (cost=186676.33..186676.33 rows=333831 width=8) (actual time=3874.727..3874.727 rows=648596 loops=1)
        Buckets: 131072 (originally 131072)  Batches: 16 (originally 8)  Memory Usage: 3073kB
        ->  Hash Join  (cost=86907.34..186676.33 rows=333831 width=8) (actual time=1395.145..3682.272 rows=648596 loops=1)
              Hash Cond: (mk.movie_id = t.id)
              ->  Seq Scan on movie_keyword mk  (cost=0.00..81003.12 rows=1066813 width=4) (actual time=0.043..1479.344 rows=1077018 loops=1)
                    Filter: (keyword_id > 16412)
                    Rows Removed by Filter: 3446912
              ->  Hash  (cost=73925.90..73925.90 rows=791235 width=4) (actual time=1394.186..1394.186 rows=701949 loops=1)
                    Buckets: 131072  Batches: 16  Memory Usage: 2575kB
                    ->  Seq Scan on title t  (cost=0.00..73925.90 rows=791235 width=4) (actual time=0.023..1168.165 rows=701949 loops=1)
                          Filter: ((kind_id < 7) AND (production_year > 1974))
                          Rows Removed by Filter: 1826363
Planning time: 1.094 ms
Execution time: 26263.746 ms
