Hash Join  (cost=97066.09..182041.55 rows=714391 width=0) (actual time=1904.707..3960.932 rows=709255 loops=1)
  Hash Cond: (mc.movie_id = t.id)
  ->  Seq Scan on movie_companies mc  (cost=0.00..57926.93 rows=1005923 width=4) (actual time=0.023..1105.261 rows=863379 loops=1)
        Filter: ((company_id > 575) AND (company_type_id = 1))
        Rows Removed by Filter: 1745750
  ->  Hash  (cost=67604.59..67604.59 rows=1795720 width=4) (actual time=1903.427..1903.427 rows=1794153 loops=1)
        Buckets: 131072  Batches: 32  Memory Usage: 2992kB
        ->  Seq Scan on title t  (cost=0.00..67604.59 rows=1795720 width=4) (actual time=0.020..1302.465 rows=1794153 loops=1)
              Filter: (production_year < 2009)
              Rows Removed by Filter: 734159
Planning time: 0.803 ms
Execution time: 4047.522 ms
