Nested Loop  (cost=0.43..52283.95 rows=41 width=0) (actual time=569.368..730.250 rows=1 loops=1)
  ->  Seq Scan on movie_companies mc  (cost=0.00..51404.11 rows=104 width=4) (actual time=550.920..725.485 rows=128 loops=1)
        Filter: (company_id = 72874)
        Rows Removed by Filter: 2609001
  ->  Index Scan using title_pkey on title t  (cost=0.43..8.45 rows=1 width=4) (actual time=0.037..0.037 rows=0 loops=128)
        Index Cond: (id = mc.movie_id)
        Filter: (kind_id < 7)
        Rows Removed by Filter: 1
Planning time: 12.797 ms
Execution time: 730.410 ms
