Seq Scan on movie_companies mc  (cost=0.00..51404.11 rows=1518511 width=0) (actual time=0.015..937.025 rows=1502418 loops=1)
  Filter: (company_id < 14034)
  Rows Removed by Filter: 1106711
Planning time: 0.336 ms
Execution time: 1125.186 ms
