Hash Join  (cost=80549.28..210214.14 rows=571287 width=0) (actual time=2456.557..4884.408 rows=134976 loops=1)
  Hash Cond: (mk.movie_id = t.id)
  ->  Seq Scan on movie_keyword mk  (cost=0.00..81003.12 rows=3578097 width=4) (actual time=0.025..1689.433 rows=3564466 loops=1)
        Filter: (keyword_id < 19803)
        Rows Removed by Filter: 959464
  ->  Hash  (cost=73925.90..73925.90 rows=403710 width=4) (actual time=1691.475..1691.475 rows=434218 loops=1)
        Buckets: 131072  Batches: 8  Memory Usage: 2941kB
        ->  Seq Scan on title t  (cost=0.00..73925.90 rows=403710 width=4) (actual time=0.021..1266.356 rows=434218 loops=1)
              Filter: ((production_year > 2008) AND (kind_id = 7))
              Rows Removed by Filter: 2094094
Planning time: 4.246 ms
Execution time: 4901.554 ms
