Seq Scan on cast_info ci  (cost=0.00..705507.15 rows=10794299 width=0) (actual time=1060.311..11973.020 rows=10796993 loops=1)
  Filter: (person_id > 2627164)
  Rows Removed by Filter: 25447351
Planning time: 0.338 ms
Execution time: 13316.999 ms
