Hash Join  (cost=83074.39..447737.26 rows=696 width=0) (actual time=1666.726..8516.476 rows=61 loops=1)
  Hash Cond: (mi.movie_id = t.id)
  ->  Seq Scan on movie_info mi  (cost=0.00..309384.22 rows=14739122 width=4) (actual time=0.018..4669.961 rows=14835720 loops=1)
  ->  Hash  (cost=83072.90..83072.90 rows=119 width=8) (actual time=1210.730..1210.730 rows=3 loops=1)
        Buckets: 1024  Batches: 1  Memory Usage: 9kB
        ->  Nested Loop  (cost=0.43..83072.90 rows=119 width=8) (actual time=97.406..1210.716 rows=3 loops=1)
              ->  Seq Scan on movie_keyword mk  (cost=0.00..81003.12 rows=246 width=4) (actual time=97.306..1209.371 rows=32 loops=1)
                    Filter: (keyword_id = 22214)
                    Rows Removed by Filter: 4523898
              ->  Index Scan using title_pkey on title t  (cost=0.43..8.40 rows=1 width=4) (actual time=0.037..0.037 rows=0 loops=32)
                    Index Cond: (id = mk.movie_id)
                    Filter: ((kind_id > 1) AND (production_year < 2008))
                    Rows Removed by Filter: 1
Planning time: 3.129 ms
Execution time: 8516.661 ms
