Hash Join  (cost=156679.60..520690.83 rows=132553 width=0) (actual time=5154.392..10397.169 rows=1790779 loops=1)
  Hash Cond: (mi.movie_id = t.id)
  ->  Seq Scan on movie_info mi  (cost=0.00..346232.03 rows=1338312 width=4) (actual time=1356.089..5630.832 rows=1401902 loops=1)
        Filter: (info_type_id = 7)
        Rows Removed by Filter: 13433818
  ->  Hash  (cost=152570.14..152570.14 rows=250437 width=8) (actual time=3550.717..3550.717 rows=672831 loops=1)
        Buckets: 131072 (originally 131072)  Batches: 8 (originally 4)  Memory Usage: 4354kB
        ->  Hash Join  (cost=82257.13..152570.14 rows=250437 width=8) (actual time=1483.504..3352.196 rows=672831 loops=1)
              Hash Cond: (mc.movie_id = t.id)
              ->  Seq Scan on movie_companies mc  (cost=0.00..51404.11 rows=1247074 width=4) (actual time=0.020..1030.764 rows=1261439 loops=1)
                    Filter: (company_id > 11559)
                    Rows Removed by Filter: 1347690
              ->  Hash  (cost=73925.90..73925.90 rows=507778 width=4) (actual time=1482.717..1482.717 rows=524129 loops=1)
                    Buckets: 131072  Batches: 8  Memory Usage: 3340kB
                    ->  Seq Scan on title t  (cost=0.00..73925.90 rows=507778 width=4) (actual time=114.569..1310.921 rows=524129 loops=1)
                          Filter: ((production_year < 2010) AND (kind_id = 1))
                          Rows Removed by Filter: 2004183
Planning time: 1.046 ms
Execution time: 10611.487 ms
