Hash Join  (cost=246950.76..1549539.49 rows=21757062 width=0) (actual time=6075.115..58532.606 rows=77060266 loops=1)
  Hash Cond: (ci.movie_id = t.id)
  ->  Seq Scan on cast_info ci  (cost=0.00..614943.12 rows=36225612 width=4) (actual time=0.027..13754.261 rows=36244344 loops=1)
  ->  Hash  (cost=222034.89..222034.89 rows=1518630 width=8) (actual time=6073.899..6073.899 rows=2071883 loops=1)
        Buckets: 131072  Batches: 32  Memory Usage: 3501kB
        ->  Hash Join  (cost=81530.55..222034.89 rows=1518630 width=8) (actual time=1483.264..5503.427 rows=2071883 loops=1)
              Hash Cond: (mk.movie_id = t.id)
              ->  Seq Scan on movie_keyword mk  (cost=0.00..69693.30 rows=4523930 width=4) (actual time=0.014..1447.751 rows=4523930 loops=1)
              ->  Hash  (cost=67604.59..67604.59 rows=848797 width=4) (actual time=1482.370..1482.370 rows=849141 loops=1)
                    Buckets: 131072  Batches: 16  Memory Usage: 2899kB
                    ->  Seq Scan on title t  (cost=0.00..67604.59 rows=848797 width=4) (actual time=0.035..1194.374 rows=849141 loops=1)
                          Filter: (production_year < 1996)
                          Rows Removed by Filter: 1679171
Planning time: 1.152 ms
Execution time: 66775.775 ms
