Seq Scan on title t  (cost=0.00..73925.90 rows=10263 width=0) (actual time=746.352..1125.442 rows=12302 loops=1)
  Filter: ((production_year > 1974) AND (kind_id = 6))
  Rows Removed by Filter: 2516010
Planning time: 0.652 ms
Execution time: 1127.748 ms
