Seq Scan on movie_keyword mk  (cost=0.00..81003.12 rows=246 width=0) (actual time=142.407..1165.825 rows=12 loops=1)
  Filter: (keyword_id = 9675)
  Rows Removed by Filter: 4523918
Planning time: 0.322 ms
Execution time: 1165.931 ms
