Hash Join  (cost=206259.45..1295529.33 rows=5399369 width=0) (actual time=4489.052..43733.578 rows=43987128 loops=1)
  Hash Cond: (ci.movie_id = t.id)
  ->  Seq Scan on cast_info ci  (cost=0.00..614943.12 rows=36225612 width=4) (actual time=0.015..13234.613 rows=36244344 loops=1)
  ->  Hash  (cost=200075.54..200075.54 rows=376873 width=8) (actual time=4487.604..4487.604 rows=559646 loops=1)
        Buckets: 131072  Batches: 8  Memory Usage: 3734kB
        ->  Hash Join  (cost=79094.49..200075.54 rows=376873 width=8) (actual time=1306.127..4324.008 rows=559646 loops=1)
              Hash Cond: (mk.movie_id = t.id)
              ->  Seq Scan on movie_keyword mk  (cost=0.00..81003.12 rows=3025118 width=4) (actual time=0.026..1640.108 rows=3003889 loops=1)
                    Filter: (keyword_id < 10636)
                    Rows Removed by Filter: 1520041
              ->  Hash  (cost=73925.90..73925.90 rows=315007 width=4) (actual time=1304.136..1304.136 rows=244789 loops=1)
                    Buckets: 131072  Batches: 8  Memory Usage: 2106kB
                    ->  Seq Scan on title t  (cost=0.00..73925.90 rows=315007 width=4) (actual time=224.129..1227.374 rows=244789 loops=1)
                          Filter: ((production_year > 2003) AND (kind_id = 1))
                          Rows Removed by Filter: 2283523
Planning time: 1.169 ms
Execution time: 48197.672 ms
