Seq Scan on movie_info mi  (cost=0.00..346232.03 rows=14592968 width=0) (actual time=0.012..6377.608 rows=14637966 loops=1)
  Filter: (info_type_id < 107)
  Rows Removed by Filter: 197754
Planning time: 0.340 ms
Execution time: 8152.787 ms
