Hash Join  (cost=128890.89..493667.42 rows=12060 width=0) (actual time=2088.615..9196.846 rows=1661 loops=1)
  Hash Cond: (mi.movie_id = t.id)
  ->  Seq Scan on movie_info mi  (cost=0.00..309384.22 rows=14739122 width=4) (actual time=0.016..4430.599 rows=14835720 loops=1)
  ->  Hash  (cost=128865.03..128865.03 rows=2069 width=8) (actual time=2088.061..2088.061 rows=170 loops=1)
        Buckets: 4096  Batches: 1  Memory Usage: 39kB
        ->  Hash Join  (cost=76444.38..128865.03 rows=2069 width=8) (actual time=1222.917..2087.905 rows=170 loops=1)
              Hash Cond: (mc.movie_id = t.id)
              ->  Seq Scan on movie_companies mc  (cost=0.00..51404.11 rows=34093 width=4) (actual time=0.023..828.967 rows=36136 loops=1)
                    Filter: (company_id = 160)
                    Rows Removed by Filter: 2572993
              ->  Hash  (cost=73925.90..73925.90 rows=153478 width=4) (actual time=1219.695..1219.695 rows=134760 loops=1)
                    Buckets: 131072  Batches: 4  Memory Usage: 2216kB
                    ->  Seq Scan on title t  (cost=0.00..73925.90 rows=153478 width=4) (actual time=0.028..1172.931 rows=134760 loops=1)
                          Filter: ((kind_id < 7) AND (production_year > 2010))
                          Rows Removed by Filter: 2393552
Planning time: 1.182 ms
Execution time: 9198.142 ms
