Hash Join  (cost=73929.67..130321.40 rows=158 width=0) (actual time=1398.028..2007.276 rows=1288 loops=1)
  Hash Cond: (mc.movie_id = t.id)
  ->  Seq Scan on movie_companies mc  (cost=0.00..51404.11 rows=1329612 width=4) (actual time=238.087..899.241 rows=1334883 loops=1)
        Filter: (company_type_id = 2)
        Rows Removed by Filter: 1274246
  ->  Hash  (cost=73925.90..73925.90 rows=301 width=4) (actual time=907.457..907.457 rows=1276 loops=1)
        Buckets: 2048 (originally 1024)  Batches: 1 (originally 1)  Memory Usage: 61kB
        ->  Seq Scan on title t  (cost=0.00..73925.90 rows=301 width=4) (actual time=460.325..906.717 rows=1276 loops=1)
              Filter: ((kind_id = 3) AND (production_year = 1984))
              Rows Removed by Filter: 2527036
Planning time: 0.765 ms
Execution time: 2007.656 ms
