Hash Join  (cost=156487.41..1180300.12 rows=4310754 width=0) (actual time=3424.056..32103.837 rows=8844632 loops=1)
  Hash Cond: (ci.movie_id = t.id)
  ->  Seq Scan on cast_info ci  (cost=0.00..705507.15 rows=23645071 width=4) (actual time=0.026..15106.460 rows=23557223 loops=1)
        Filter: (person_id < 2411663)
        Rows Removed by Filter: 12687121
  ->  Hash  (cost=148924.19..148924.19 rows=460978 width=8) (actual time=3423.041..3423.041 rows=459925 loops=1)
        Buckets: 131072  Batches: 8  Memory Usage: 3275kB
        ->  Hash Join  (cost=102767.86..148924.19 rows=460978 width=8) (actual time=1965.395..3275.446 rows=459925 loops=1)
              Hash Cond: (mi_idx.movie_id = t.id)
              ->  Seq Scan on movie_info_idx mi_idx  (cost=0.00..25185.44 rows=460978 width=4) (actual time=0.032..455.736 rows=459925 loops=1)
                    Filter: (info_type_id = 99)
                    Rows Removed by Filter: 920110
              ->  Hash  (cost=61283.27..61283.27 rows=2528527 width=4) (actual time=1964.475..1964.475 rows=2528312 loops=1)
                    Buckets: 131072  Batches: 64  Memory Usage: 2415kB
                    ->  Seq Scan on title t  (cost=0.00..61283.27 rows=2528527 width=4) (actual time=0.019..1146.795 rows=2528312 loops=1)
Planning time: 1.198 ms
Execution time: 33054.364 ms
