Hash Join  (cost=102767.86..194847.16 rows=1008761 width=0) (actual time=2341.861..4896.474 rows=1160668 loops=1)
  Hash Cond: (mc.movie_id = t.id)
  ->  Seq Scan on movie_companies mc  (cost=0.00..57926.93 rows=1008761 width=4) (actual time=0.024..1133.058 rows=1160668 loops=1)
        Filter: ((company_id > 795) AND (company_type_id > 1))
        Rows Removed by Filter: 1448461
  ->  Hash  (cost=61283.27..61283.27 rows=2528527 width=4) (actual time=2340.578..2340.578 rows=2528312 loops=1)
        Buckets: 131072  Batches: 64  Memory Usage: 2415kB
        ->  Seq Scan on title t  (cost=0.00..61283.27 rows=2528527 width=4) (actual time=0.016..1140.731 rows=2528312 loops=1)
Planning time: 0.497 ms
Execution time: 5040.768 ms
