Hash Join  (cost=263115.61..1243843.25 rows=7383760 width=0) (actual time=6248.210..29674.532 rows=17842344 loops=1)
  Hash Cond: (ci.movie_id = t.id)
  ->  Seq Scan on cast_info ci  (cost=0.00..796071.18 rows=7155659 width=4) (actual time=6.488..13514.240 rows=8244722 loops=1)
        Filter: ((person_id < 934866) AND (role_id < 5))
        Rows Removed by Filter: 27999622
  ->  Hash  (cost=220309.49..220309.49 rows=2609129 width=8) (actual time=6196.479..6196.479 rows=2609129 loops=1)
        Buckets: 131072  Batches: 64  Memory Usage: 2610kB
        ->  Hash Join  (cost=102767.86..220309.49 rows=2609129 width=8) (actual time=1913.893..5421.918 rows=2609129 loops=1)
              Hash Cond: (mc.movie_id = t.id)
              ->  Seq Scan on movie_companies mc  (cost=0.00..44881.29 rows=2609129 width=4) (actual time=0.019..837.051 rows=2609129 loops=1)
              ->  Hash  (cost=61283.27..61283.27 rows=2528527 width=4) (actual time=1913.080..1913.080 rows=2528312 loops=1)
                    Buckets: 131072  Batches: 64  Memory Usage: 2415kB
                    ->  Seq Scan on title t  (cost=0.00..61283.27 rows=2528527 width=4) (actual time=0.017..1059.890 rows=2528312 loops=1)
Planning time: 1.101 ms
Execution time: 31606.065 ms
