Hash Join  (cost=83072.37..109982.89 rows=4 width=0) (actual time=1551.532..2012.099 rows=12 loops=1)
  Hash Cond: (mi_idx.movie_id = t.id)
  ->  Seq Scan on movie_info_idx mi_idx  (cost=0.00..21735.35 rows=1380035 width=4) (actual time=0.029..386.127 rows=1380035 loops=1)
  ->  Hash  (cost=83072.29..83072.29 rows=7 width=8) (actual time=1376.913..1376.913 rows=4 loops=1)
        Buckets: 1024  Batches: 1  Memory Usage: 9kB
        ->  Nested Loop  (cost=0.43..83072.29 rows=7 width=8) (actual time=429.328..1376.888 rows=4 loops=1)
              ->  Seq Scan on movie_keyword mk  (cost=0.00..81003.12 rows=246 width=4) (actual time=0.071..1362.659 rows=165 loops=1)
                    Filter: (keyword_id = 18701)
                    Rows Removed by Filter: 4523765
              ->  Index Scan using title_pkey on title t  (cost=0.43..8.40 rows=1 width=4) (actual time=0.083..0.083 rows=0 loops=165)
                    Index Cond: (id = mk.movie_id)
                    Filter: (production_year = 2003)
                    Rows Removed by Filter: 1
Planning time: 1.201 ms
Execution time: 2012.234 ms
