Hash Join  (cost=101272.77..852742.74 rows=68085 width=0) (actual time=1846.931..18335.860 rows=69968 loops=1)
  Hash Cond: (ci.movie_id = t.id)
  ->  Seq Scan on cast_info ci  (cost=0.00..614943.12 rows=36225612 width=4) (actual time=0.026..9199.587 rows=36244344 loops=1)
  ->  Hash  (cost=101213.37..101213.37 rows=4752 width=8) (actual time=1845.595..1845.595 rows=2181 loops=1)
        Buckets: 8192  Batches: 1  Memory Usage: 150kB
        ->  Hash Join  (cost=74251.74..101213.37 rows=4752 width=8) (actual time=1287.482..1844.563 rows=2181 loops=1)
              Hash Cond: (mi_idx.movie_id = t.id)
              ->  Seq Scan on movie_info_idx mi_idx  (cost=0.00..25185.44 rows=460978 width=4) (actual time=0.022..429.604 rows=459925 loops=1)
                    Filter: (info_type_id = 99)
                    Rows Removed by Filter: 920110
              ->  Hash  (cost=73925.90..73925.90 rows=26067 width=4) (actual time=1286.546..1286.546 rows=27085 loops=1)
                    Buckets: 32768  Batches: 1  Memory Usage: 1209kB
                    ->  Seq Scan on title t  (cost=0.00..73925.90 rows=26067 width=4) (actual time=0.195..1274.969 rows=27085 loops=1)
                          Filter: ((kind_id < 7) AND (production_year > 2012))
                          Rows Removed by Filter: 2501227
Planning time: 4.265 ms
Execution time: 18351.744 ms
