Seq Scan on movie_companies mc  (cost=0.00..51404.11 rows=1613958 width=0) (actual time=0.028..873.275 rows=1609048 loops=1)
  Filter: (company_id > 4626)
  Rows Removed by Filter: 1000081
Planning time: 0.287 ms
Execution time: 1066.731 ms
