Seq Scan on movie_companies mc  (cost=0.00..57926.93 rows=53 width=0) (actual time=441.679..953.078 rows=1405 loops=1)
  Filter: ((company_type_id > 1) AND (company_id = 3232))
  Rows Removed by Filter: 2607724
Planning time: 0.366 ms
Execution time: 953.407 ms
