Hash Join  (cost=67697.55..879781.17 rows=12461 width=0) (actual time=1128.845..15874.811 rows=55493 loops=1)
  Hash Cond: (ci.movie_id = t.id)
  ->  Seq Scan on cast_info ci  (cost=0.00..796071.18 rows=4236755 width=4) (actual time=0.026..12974.717 rows=8645425 loops=1)
        Filter: ((person_id < 1178333) AND (role_id = 1))
        Rows Removed by Filter: 27598919
  ->  Hash  (cost=67604.59..67604.59 rows=7437 width=4) (actual time=1128.382..1128.382 rows=14601 loops=1)
        Buckets: 16384 (originally 8192)  Batches: 1 (originally 1)  Memory Usage: 642kB
        ->  Seq Scan on title t  (cost=0.00..67604.59 rows=7437 width=4) (actual time=0.029..1121.206 rows=14601 loops=1)
              Filter: (production_year = 1967)
              Rows Removed by Filter: 2513711
Planning time: 7.552 ms
Execution time: 15884.380 ms
