Seq Scan on cast_info ci  (cost=0.00..796071.18 rows=8788097 width=0) (actual time=10928.839..16193.846 rows=9045874 loops=1)
  Filter: ((person_id > 246566) AND (role_id > 4))
  Rows Removed by Filter: 27198470
Planning time: 0.346 ms
Execution time: 17331.400 ms
