Seq Scan on movie_companies mc  (cost=0.00..51404.11 rows=104 width=0) (actual time=18.523..830.717 rows=1396 loops=1)
  Filter: (company_id = 11205)
  Rows Removed by Filter: 2607733
Planning time: 0.334 ms
Execution time: 831.138 ms
