Hash Join  (cost=164960.81..548030.32 rows=790367 width=0) (actual time=5624.913..11667.148 rows=3990507 loops=1)
  Hash Cond: (mi.movie_id = t.id)
  ->  Seq Scan on movie_info mi  (cost=0.00..346232.03 rows=2194617 width=4) (actual time=1682.660..5593.896 rows=2233850 loops=1)
        Filter: (info_type_id > 16)
        Rows Removed by Filter: 12601870
  ->  Hash  (cost=150020.05..150020.05 rows=910621 width=8) (actual time=3941.403..3941.403 rows=1068706 loops=1)
        Buckets: 131072  Batches: 16  Memory Usage: 3662kB
        ->  Hash Join  (cost=94978.31..150020.05 rows=910621 width=8) (actual time=1894.123..3634.127 rows=1068706 loops=1)
              Hash Cond: (mi_idx.movie_id = t.id)
              ->  Seq Scan on movie_info_idx mi_idx  (cost=0.00..21735.35 rows=1380035 width=4) (actual time=0.017..471.327 rows=1380035 loops=1)
              ->  Hash  (cost=67604.59..67604.59 rows=1668458 width=4) (actual time=1892.863..1892.863 rows=1671292 loops=1)
                    Buckets: 131072  Batches: 32  Memory Usage: 2858kB
                    ->  Seq Scan on title t  (cost=0.00..67604.59 rows=1668458 width=4) (actual time=0.039..1351.753 rows=1671292 loops=1)
                          Filter: (production_year < 2008)
                          Rows Removed by Filter: 857020
Planning time: 1.231 ms
Execution time: 12102.087 ms
