Seq Scan on title t  (cost=0.00..67604.59 rows=1446889 width=0) (actual time=0.017..1212.797 rows=1443298 loops=1)
  Filter: (production_year < 2006)
  Rows Removed by Filter: 1085014
Planning time: 0.341 ms
Execution time: 1392.332 ms
