Hash Join  (cost=68438.72..167434.20 rows=118299 width=0) (actual time=1040.941..3400.342 rows=43676 loops=1)
  Hash Cond: (mk.movie_id = t.id)
  ->  Seq Scan on movie_keyword mk  (cost=0.00..81003.12 rows=4482496 width=4) (actual time=0.025..1658.080 rows=4485564 loops=1)
        Filter: (keyword_id < 105532)
        Rows Removed by Filter: 38366
  ->  Hash  (cost=67604.59..67604.59 rows=66731 width=4) (actual time=1040.132..1040.132 rows=67342 loops=1)
        Buckets: 131072  Batches: 1  Memory Usage: 3392kB
        ->  Seq Scan on title t  (cost=0.00..67604.59 rows=66731 width=4) (actual time=0.024..1011.814 rows=67342 loops=1)
              Filter: (production_year > 2012)
              Rows Removed by Filter: 2460970
Planning time: 0.738 ms
Execution time: 3406.577 ms
