Hash Join  (cost=263115.61..1275900.37 rows=8740503 width=0) (actual time=12015.918..34020.427 rows=25196188 loops=1)
  Hash Cond: (ci.movie_id = t.id)
  ->  Seq Scan on cast_info ci  (cost=0.00..796071.18 rows=8470489 width=4) (actual time=6014.786..17135.861 rows=8444542 loops=1)
        Filter: ((person_id > 41465) AND (role_id > 5))
        Rows Removed by Filter: 27799802
  ->  Hash  (cost=220309.49..220309.49 rows=2609129 width=8) (actual time=5999.294..5999.294 rows=2609129 loops=1)
        Buckets: 131072  Batches: 64  Memory Usage: 2610kB
        ->  Hash Join  (cost=102767.86..220309.49 rows=2609129 width=8) (actual time=2029.706..5316.607 rows=2609129 loops=1)
              Hash Cond: (mc.movie_id = t.id)
              ->  Seq Scan on movie_companies mc  (cost=0.00..44881.29 rows=2609129 width=4) (actual time=0.024..887.152 rows=2609129 loops=1)
              ->  Hash  (cost=61283.27..61283.27 rows=2528527 width=4) (actual time=2028.265..2028.265 rows=2528312 loops=1)
                    Buckets: 131072  Batches: 64  Memory Usage: 2415kB
                    ->  Seq Scan on title t  (cost=0.00..61283.27 rows=2528527 width=4) (actual time=0.018..1187.433 rows=2528312 loops=1)
Planning time: 1.383 ms
Execution time: 36752.543 ms
