Hash Join  (cost=111560.83..244909.07 rows=167707 width=0) (actual time=2139.508..5258.604 rows=292701 loops=1)
  Hash Cond: (mk.movie_id = t.id)
  ->  Seq Scan on movie_keyword mk  (cost=0.00..81003.12 rows=4349077 width=4) (actual time=0.017..1771.034 rows=4353410 loops=1)
        Filter: (keyword_id < 72109)
        Rows Removed by Filter: 170520
  ->  Hash  (cost=109961.03..109961.03 rows=97504 width=8) (actual time=2138.257..2138.257 rows=64063 loops=1)
        Buckets: 131072  Batches: 2  Memory Usage: 2278kB
        ->  Hash Join  (cost=76379.89..109961.03 rows=97504 width=8) (actual time=1260.616..2114.424 rows=64063 loops=1)
              Hash Cond: (mi_idx.movie_id = t.id)
              ->  Seq Scan on movie_info_idx mi_idx  (cost=0.00..25185.44 rows=460978 width=4) (actual time=0.028..510.674 rows=459925 loops=1)
                    Filter: (info_type_id < 100)
                    Rows Removed by Filter: 920110
              ->  Hash  (cost=67604.59..67604.59 rows=534824 width=4) (actual time=1259.417..1259.417 rows=533369 loops=1)
                    Buckets: 131072  Batches: 8  Memory Usage: 3369kB
                    ->  Seq Scan on title t  (cost=0.00..67604.59 rows=534824 width=4) (actual time=0.017..1088.378 rows=533369 loops=1)
                          Filter: (production_year > 2009)
                          Rows Removed by Filter: 1994943
Planning time: 1.262 ms
Execution time: 5295.759 ms
