Seq Scan on movie_keyword mk  (cost=0.00..81003.12 rows=246 width=0) (actual time=6.803..1252.551 rows=101 loops=1)
  Filter: (keyword_id = 1183)
  Rows Removed by Filter: 4523829
Planning time: 1.805 ms
Execution time: 1252.716 ms
