Seq Scan on movie_keyword mk  (cost=0.00..81003.12 rows=446055 width=0) (actual time=0.026..1361.506 rows=444480 loops=1)
  Filter: (keyword_id > 39833)
  Rows Removed by Filter: 4079450
Planning time: 0.310 ms
Execution time: 1419.269 ms
