Hash Join  (cost=83810.17..927810.24 rows=1112863 width=0) (actual time=4240.069..17790.701 rows=2447528 loops=1)
  Hash Cond: (ci.movie_id = t.id)
  ->  Seq Scan on cast_info ci  (cost=0.00..796071.18 rows=2848869 width=4) (actual time=2855.685..12852.515 rows=5767435 loops=1)
        Filter: ((person_id < 780339) AND (role_id = 1))
        Rows Removed by Filter: 30476909
  ->  Hash  (cost=67604.59..67604.59 rows=987727 width=4) (actual time=1383.344..1383.344 rows=985048 loops=1)
        Buckets: 131072  Batches: 16  Memory Usage: 3188kB
        ->  Seq Scan on title t  (cost=0.00..67604.59 rows=987727 width=4) (actual time=0.047..1074.435 rows=985048 loops=1)
              Filter: (kind_id < 7)
              Rows Removed by Filter: 1543264
Planning time: 0.817 ms
Execution time: 18050.707 ms
