Hash Join  (cost=73982.55..128694.84 rows=4676 width=0) (actual time=1103.889..2343.382 rows=5140 loops=1)
  Hash Cond: (mc.movie_id = t.id)
  ->  Seq Scan on movie_companies mc  (cost=0.00..44881.29 rows=2609129 width=4) (actual time=0.025..681.277 rows=2609129 loops=1)
  ->  Hash  (cost=73925.90..73925.90 rows=4532 width=4) (actual time=1100.978..1100.978 rows=8044 loops=1)
        Buckets: 8192  Batches: 1  Memory Usage: 347kB
        ->  Seq Scan on title t  (cost=0.00..73925.90 rows=4532 width=4) (actual time=0.154..1097.070 rows=8044 loops=1)
              Filter: ((kind_id = 7) AND (production_year = 1980))
              Rows Removed by Filter: 2520268
Planning time: 1.173 ms
Execution time: 2344.256 ms
