Seq Scan on movie_companies mc  (cost=0.00..51404.11 rows=574621 width=0) (actual time=61.159..900.406 rows=577207 loops=1)
  Filter: (company_id > 71105)
  Rows Removed by Filter: 2031922
Planning time: 0.315 ms
Execution time: 970.303 ms
