Hash Join  (cost=150539.25..516470.35 rows=280628 width=0) (actual time=3425.469..9634.892 rows=139472 loops=1)
  Hash Cond: (mi.movie_id = t.id)
  ->  Seq Scan on movie_info mi  (cost=0.00..346232.03 rows=1272478 width=4) (actual time=307.650..5451.499 rows=1325361 loops=1)
        Filter: (info_type_id = 8)
        Rows Removed by Filter: 13510359
  ->  Hash  (cost=141389.85..141389.85 rows=557632 width=8) (actual time=3117.001..3117.001 rows=283812 loops=1)
        Buckets: 131072  Batches: 8  Memory Usage: 2415kB
        ->  Hash Join  (cost=92883.59..141389.85 rows=557632 width=8) (actual time=2074.858..3033.501 rows=283812 loops=1)
              Hash Cond: (mi_idx.movie_id = t.id)
              ->  Seq Scan on movie_info_idx mi_idx  (cost=0.00..25185.44 rows=915101 width=4) (actual time=0.018..537.951 rows=919850 loops=1)
                    Filter: (info_type_id < 101)
                    Rows Removed by Filter: 460185
              ->  Hash  (cost=67604.59..67604.59 rows=1540800 width=4) (actual time=1747.333..1747.333 rows=1543264 loops=1)
                    Buckets: 131072  Batches: 32  Memory Usage: 2722kB
                    ->  Seq Scan on title t  (cost=0.00..67604.59 rows=1540800 width=4) (actual time=0.021..1281.104 rows=1543264 loops=1)
                          Filter: (kind_id = 7)
                          Rows Removed by Filter: 985048
Planning time: 1.169 ms
Execution time: 9649.288 ms
