Hash Join  (cost=137672.37..896170.06 rows=770852 width=0) (actual time=2584.930..29113.672 rows=2832898 loops=1)
  Hash Cond: (ci.movie_id = t.id)
  ->  Seq Scan on cast_info ci  (cost=0.00..614943.12 rows=36225612 width=4) (actual time=0.020..9633.897 rows=36244344 loops=1)
  ->  Hash  (cost=136999.81..136999.81 rows=53805 width=8) (actual time=2584.197..2584.197 rows=112278 loops=1)
        Buckets: 131072 (originally 65536)  Batches: 2 (originally 1)  Memory Usage: 3220kB
        ->  Hash Join  (cost=69283.60..136999.81 rows=53805 width=8) (actual time=1009.336..2542.316 rows=112278 loops=1)
              Hash Cond: (mc.movie_id = t.id)
              ->  Seq Scan on movie_companies mc  (cost=0.00..51404.11 rows=1329612 width=4) (actual time=0.022..990.016 rows=1334883 loops=1)
                    Filter: (company_type_id > 1)
                    Rows Removed by Filter: 1274246
              ->  Hash  (cost=67604.59..67604.59 rows=102321 width=4) (actual time=1008.605..1008.605 rows=100537 loops=1)
                    Buckets: 131072  Batches: 2  Memory Usage: 2797kB
                    ->  Seq Scan on title t  (cost=0.00..67604.59 rows=102321 width=4) (actual time=0.021..972.964 rows=100537 loops=1)
                          Filter: (kind_id = 3)
                          Rows Removed by Filter: 2427775
Planning time: 1.217 ms
Execution time: 29462.861 ms
