Hash Join  (cost=102767.86..288598.02 rows=3945910 width=0) (actual time=1988.888..7128.838 rows=3940478 loops=1)
  Hash Cond: (mk.movie_id = t.id)
  ->  Seq Scan on movie_keyword mk  (cost=0.00..81003.12 rows=3945910 width=4) (actual time=0.023..1822.017 rows=3940478 loops=1)
        Filter: (keyword_id > 413)
        Rows Removed by Filter: 583452
  ->  Hash  (cost=61283.27..61283.27 rows=2528527 width=4) (actual time=1987.146..1987.146 rows=2528312 loops=1)
        Buckets: 131072  Batches: 64  Memory Usage: 2425kB
        ->  Seq Scan on title t  (cost=0.00..61283.27 rows=2528527 width=4) (actual time=0.011..1143.500 rows=2528312 loops=1)
Planning time: 0.960 ms
Execution time: 7604.694 ms
