Hash Join  (cost=89678.24..445547.44 rows=145511 width=0) (actual time=6190.702..7180.408 rows=310182 loops=1)
  Hash Cond: (mi.movie_id = t.id)
  ->  Seq Scan on movie_info mi  (cost=0.00..346232.03 rows=383217 width=4) (actual time=4509.240..5185.767 rows=368218 loops=1)
        Filter: (info_type_id = 17)
        Rows Removed by Filter: 14467502
  ->  Hash  (cost=73925.90..73925.90 rows=960107 width=4) (actual time=1610.300..1610.300 rows=977778 loops=1)
        Buckets: 131072  Batches: 16  Memory Usage: 3181kB
        ->  Seq Scan on title t  (cost=0.00..73925.90 rows=960107 width=4) (actual time=0.047..1298.325 rows=977778 loops=1)
              Filter: ((kind_id < 7) AND (production_year > 0))
              Rows Removed by Filter: 1550534
Planning time: 0.651 ms
Execution time: 7211.595 ms
