Seq Scan on cast_info ci  (cost=0.00..705507.15 rows=500 width=0) (actual time=810.689..10738.703 rows=23 loops=1)
  Filter: (person_id = 2849588)
  Rows Removed by Filter: 36244321
Planning time: 0.437 ms
Execution time: 10738.784 ms
