Seq Scan on title t  (cost=0.00..67604.59 rows=7586 width=0) (actual time=559.317..982.221 rows=5872 loops=1)
  Filter: (production_year < 1900)
  Rows Removed by Filter: 2522440
Planning time: 0.334 ms
Execution time: 983.408 ms
