Hash Join  (cost=67697.55..432786.99 rows=43351 width=0) (actual time=963.432..8231.570 rows=11167 loops=1)
  Hash Cond: (mi.movie_id = t.id)
  ->  Seq Scan on movie_info mi  (cost=0.00..309384.22 rows=14739122 width=4) (actual time=0.020..4485.930 rows=14835720 loops=1)
  ->  Hash  (cost=67604.59..67604.59 rows=7437 width=4) (actual time=963.174..963.174 rows=1104 loops=1)
        Buckets: 8192  Batches: 1  Memory Usage: 103kB
        ->  Seq Scan on title t  (cost=0.00..67604.59 rows=7437 width=4) (actual time=201.502..962.526 rows=1104 loops=1)
              Filter: (production_year = 1906)
              Rows Removed by Filter: 2527208
Planning time: 0.533 ms
Execution time: 8234.085 ms
