Hash Join  (cost=156125.51..1104625.45 rows=1092262 width=0) (actual time=5729.137..29115.933 rows=6269127 loops=1)
  Hash Cond: (ci.movie_id = t.id)
  ->  Seq Scan on cast_info ci  (cost=0.00..705507.15 rows=20024311 width=4) (actual time=2509.382..15169.474 rows=20122661 loops=1)
        Filter: (role_id < 3)
        Rows Removed by Filter: 16121683
  ->  Hash  (cost=153862.47..153862.47 rows=137923 width=8) (actual time=3218.938..3218.938 rows=471881 loops=1)
        Buckets: 131072 (originally 131072)  Batches: 8 (originally 2)  Memory Usage: 3343kB
        ->  Hash Join  (cost=86252.72..153862.47 rows=137923 width=8) (actual time=1413.519..3063.325 rows=471881 loops=1)
              Hash Cond: (mc.movie_id = t.id)
              ->  Seq Scan on movie_companies mc  (cost=0.00..57926.93 rows=464158 width=4) (actual time=0.033..965.597 rows=788060 loops=1)
                    Filter: ((company_id > 20186) AND (company_type_id > 1))
                    Rows Removed by Filter: 1821069
              ->  Hash  (cost=73925.90..73925.90 rows=751345 width=4) (actual time=1412.393..1412.393 rows=793943 loops=1)
                    Buckets: 131072  Batches: 16  Memory Usage: 2771kB
                    ->  Seq Scan on title t  (cost=0.00..73925.90 rows=751345 width=4) (actual time=0.023..1176.869 rows=793943 loops=1)
                          Filter: ((kind_id < 7) AND (production_year < 2010))
                          Rows Removed by Filter: 1734369
Planning time: 6.470 ms
Execution time: 29770.034 ms
