Hash Join  (cost=73990.12..130407.29 rows=2701 width=0) (actual time=1146.808..2294.888 rows=4468 loops=1)
  Hash Cond: (mc.movie_id = t.id)
  ->  Seq Scan on movie_companies mc  (cost=0.00..51404.11 rows=1329612 width=4) (actual time=0.018..940.134 rows=1334883 loops=1)
        Filter: (company_type_id > 1)
        Rows Removed by Filter: 1274246
  ->  Hash  (cost=73925.90..73925.90 rows=5137 width=4) (actual time=1146.454..1146.454 rows=3640 loops=1)
        Buckets: 8192  Batches: 1  Memory Usage: 192kB
        ->  Seq Scan on title t  (cost=0.00..73925.90 rows=5137 width=4) (actual time=0.009..1144.675 rows=3640 loops=1)
              Filter: ((kind_id = 3) AND (production_year = 2008))
              Rows Removed by Filter: 2524672
Planning time: 0.784 ms
Execution time: 2295.733 ms
