Hash Join  (cost=188846.45..1289104.12 rows=6469050 width=0) (actual time=3533.747..36477.446 rows=6649459 loops=1)
  Hash Cond: (ci.movie_id = t.id)
  ->  Seq Scan on cast_info ci  (cost=0.00..614943.12 rows=36225612 width=4) (actual time=0.024..13293.419 rows=36244344 loops=1)
  ->  Hash  (cost=181438.25..181438.25 rows=451536 width=8) (actual time=3532.868..3532.868 rows=257556 loops=1)
        Buckets: 131072  Batches: 8  Memory Usage: 2287kB
        ->  Hash Join  (cost=102767.86..181438.25 rows=451536 width=8) (actual time=2047.340..3455.009 rows=257556 loops=1)
              Hash Cond: (mc.movie_id = t.id)
              ->  Seq Scan on movie_companies mc  (cost=0.00..57926.93 rows=451536 width=4) (actual time=131.563..901.698 rows=257556 loops=1)
                    Filter: ((company_id < 2644) AND (company_type_id > 1))
                    Rows Removed by Filter: 2351573
              ->  Hash  (cost=61283.27..61283.27 rows=2528527 width=4) (actual time=1914.464..1914.464 rows=2528312 loops=1)
                    Buckets: 131072  Batches: 64  Memory Usage: 2415kB
                    ->  Seq Scan on title t  (cost=0.00..61283.27 rows=2528527 width=4) (actual time=0.024..1070.095 rows=2528312 loops=1)
Planning time: 1.182 ms
Execution time: 37279.787 ms
