Hash Join  (cost=169845.08..307251.64 rows=721320 width=0) (actual time=3704.655..9063.239 rows=6209368 loops=1)
  Hash Cond: (mk.movie_id = t.id)
  ->  Seq Scan on movie_keyword mk  (cost=0.00..81003.12 rows=4104062 width=4) (actual time=0.024..1765.681 rows=4112461 loops=1)
        Filter: (keyword_id < 42035)
        Rows Removed by Filter: 411469
  ->  Hash  (cost=162553.98..162553.98 rows=444408 width=8) (actual time=3703.916..3703.916 rows=810110 loops=1)
        Buckets: 131072 (originally 131072)  Batches: 16 (originally 8)  Memory Usage: 3073kB
        ->  Hash Join  (cost=81720.25..162553.98 rows=444408 width=8) (actual time=1402.805..3463.922 rows=810110 loops=1)
              Hash Cond: (mc.movie_id = t.id)
              ->  Seq Scan on movie_companies mc  (cost=0.00..57926.93 rows=1306058 width=4) (actual time=128.930..1188.778 rows=1289682 loops=1)
                    Filter: ((company_id < 195249) AND (company_type_id = 2))
                    Rows Removed by Filter: 1319447
              ->  Hash  (cost=67604.59..67604.59 rows=860373 width=4) (actual time=1273.119..1273.119 rows=854214 loops=1)
                    Buckets: 131072  Batches: 16  Memory Usage: 2897kB
                    ->  Seq Scan on title t  (cost=0.00..67604.59 rows=860373 width=4) (actual time=0.022..1018.539 rows=854214 loops=1)
                          Filter: (kind_id < 4)
                          Rows Removed by Filter: 1674098
Planning time: 1.243 ms
Execution time: 9725.723 ms
