Seq Scan on movie_companies mc  (cost=0.00..51404.11 rows=104 width=0) (actual time=0.096..513.867 rows=823 loops=1)
  Filter: (company_id = 5593)
  Rows Removed by Filter: 2608306
Planning time: 0.404 ms
Execution time: 514.068 ms
