Hash Join  (cost=149029.65..1139644.93 rows=1285180 width=0) (actual time=2991.489..29441.272 rows=1364441 loops=1)
  Hash Cond: (ci.movie_id = t.id)
  ->  Seq Scan on cast_info ci  (cost=0.00..705507.15 rows=23499554 width=4) (actual time=0.014..16154.811 rows=23573656 loops=1)
        Filter: (role_id > 1)
        Rows Removed by Filter: 12670688
  ->  Hash  (cost=146760.10..146760.10 rows=138284 width=8) (actual time=2990.312..2990.312 rows=271361 loops=1)
        Buckets: 131072 (originally 131072)  Batches: 4 (originally 2)  Memory Usage: 3667kB
        ->  Hash Join  (cost=69803.74..146760.10 rows=138284 width=8) (actual time=1099.402..2906.408 rows=271361 loops=1)
              Hash Cond: (mc.movie_id = t.id)
              ->  Seq Scan on movie_companies mc  (cost=0.00..44881.29 rows=2609129 width=4) (actual time=0.018..870.242 rows=2609129 loops=1)
              ->  Hash  (cost=67604.59..67604.59 rows=134012 width=4) (actual time=1022.739..1022.739 rows=135918 loops=1)
                    Buckets: 131072  Batches: 2  Memory Usage: 3410kB
                    ->  Seq Scan on title t  (cost=0.00..67604.59 rows=134012 width=4) (actual time=6.183..979.823 rows=135918 loops=1)
                          Filter: (production_year < 1938)
                          Rows Removed by Filter: 2392394
Planning time: 1.161 ms
Execution time: 29604.141 ms
