Hash Join  (cost=162822.53..550327.78 rows=442544 width=0) (actual time=2623.791..11017.564 rows=5733954 loops=1)
  Hash Cond: (mi.movie_id = t.id)
  ->  Seq Scan on movie_info mi  (cost=0.00..309384.22 rows=14739122 width=4) (actual time=0.022..3726.763 rows=14835720 loops=1)
  ->  Hash  (cost=161873.55..161873.55 rows=75919 width=8) (actual time=2622.987..2622.987 rows=78010 loops=1)
        Buckets: 131072  Batches: 1  Memory Usage: 4072kB
        ->  Hash Join  (cost=74456.32..161873.55 rows=75919 width=8) (actual time=1021.047..2600.298 rows=78010 loops=1)
              Hash Cond: (mk.movie_id = t.id)
              ->  Seq Scan on movie_keyword mk  (cost=0.00..69693.30 rows=4523930 width=4) (actual time=0.024..758.917 rows=4523930 loops=1)
              ->  Hash  (cost=73925.90..73925.90 rows=42433 width=4) (actual time=1019.792..1019.792 rows=37411 loops=1)
                    Buckets: 65536  Batches: 1  Memory Usage: 1828kB
                    ->  Seq Scan on title t  (cost=0.00..73925.90 rows=42433 width=4) (actual time=81.246..1005.974 rows=37411 loops=1)
                          Filter: ((kind_id < 2) AND (production_year = 2011))
                          Rows Removed by Filter: 2490901
Planning time: 1.192 ms
Execution time: 11634.887 ms
