Hash Join  (cost=92421.85..140671.29 rows=615295 width=0) (actual time=1865.851..3510.678 rows=465249 loops=1)
  Hash Cond: (mi_idx.movie_id = t.id)
  ->  Seq Scan on movie_info_idx mi_idx  (cost=0.00..21735.35 rows=1380035 width=4) (actual time=0.016..462.760 rows=1380035 loops=1)
  ->  Hash  (cost=73925.90..73925.90 rows=1127356 width=4) (actual time=1864.593..1864.593 rows=1234845 loops=1)
        Buckets: 131072  Batches: 16  Memory Usage: 3745kB
        ->  Seq Scan on title t  (cost=0.00..73925.90 rows=1127356 width=4) (actual time=0.017..1475.005 rows=1234845 loops=1)
              Filter: ((kind_id > 1) AND (production_year > 1997))
              Rows Removed by Filter: 1293467
Planning time: 0.754 ms
Execution time: 3569.794 ms
