Hash Join  (cost=483321.03..1597497.95 rows=3415977 width=0) (actual time=9436.604..38350.766 rows=3299707 loops=1)
  Hash Cond: (ci.movie_id = t.id)
  ->  Seq Scan on cast_info ci  (cost=0.00..614943.12 rows=36225612 width=4) (actual time=0.024..13468.295 rows=36244344 loops=1)
  ->  Hash  (cost=479408.62..479408.62 rows=238433 width=8) (actual time=9435.748..9435.748 rows=178124 loops=1)
        Buckets: 131072  Batches: 4  Memory Usage: 2749kB
        ->  Hash Join  (cost=69484.36..479408.62 rows=238433 width=8) (actual time=2711.648..9370.435 rows=178124 loops=1)
              Hash Cond: (mi.movie_id = t.id)
              ->  Seq Scan on movie_info mi  (cost=0.00..346232.03 rows=5263441 width=4) (actual time=301.986..6327.847 rows=5270569 loops=1)
                    Filter: (info_type_id > 15)
                    Rows Removed by Filter: 9565151
              ->  Hash  (cost=67604.59..67604.59 rows=114542 width=4) (actual time=1091.385..1091.385 rows=118234 loops=1)
                    Buckets: 131072  Batches: 2  Memory Usage: 3107kB
                    ->  Seq Scan on title t  (cost=0.00..67604.59 rows=114542 width=4) (actual time=407.357..1047.013 rows=118234 loops=1)
                          Filter: (kind_id = 4)
                          Rows Removed by Filter: 2410078
Planning time: 1.167 ms
Execution time: 38727.010 ms
