Seq Scan on cast_info ci  (cost=0.00..796071.18 rows=11187686 width=0) (actual time=0.027..16124.621 rows=9610187 loops=1)
  Filter: ((person_id > 409242) AND (role_id = 1))
  Rows Removed by Filter: 26634157
Planning time: 0.377 ms
Execution time: 17317.069 ms
