Hash Join  (cost=439277.30..546521.72 rows=78585 width=0) (actual time=6938.493..10316.707 rows=5335443 loops=1)
  Hash Cond: (mk.movie_id = t.id)
  ->  Seq Scan on movie_keyword mk  (cost=0.00..81003.12 rows=2170519 width=4) (actual time=0.024..1520.155 rows=2170065 loops=1)
        Filter: (keyword_id > 5274)
        Rows Removed by Filter: 2353865
  ->  Hash  (cost=437774.96..437774.96 rows=91547 width=8) (actual time=6937.412..6937.412 rows=149943 loops=1)
        Buckets: 131072  Batches: 2  Memory Usage: 3975kB
        ->  Hash Join  (cost=83836.40..437774.96 rows=91547 width=8) (actual time=2911.589..6889.354 rows=149943 loops=1)
              Hash Cond: (mi.movie_id = t.id)
              ->  Seq Scan on movie_info mi  (cost=0.00..346232.03 rows=383217 width=4) (actual time=1547.622..5311.452 rows=368218 loops=1)
                    Filter: (info_type_id = 17)
                    Rows Removed by Filter: 14467502
              ->  Hash  (cost=73925.90..73925.90 rows=604040 width=4) (actual time=1285.132..1285.132 rows=473357 loops=1)
                    Buckets: 131072  Batches: 8  Memory Usage: 3114kB
                    ->  Seq Scan on title t  (cost=0.00..73925.90 rows=604040 width=4) (actual time=0.026..1132.612 rows=473357 loops=1)
                          Filter: ((kind_id < 4) AND (production_year > 1989))
                          Rows Removed by Filter: 2054955
Planning time: 2.001 ms
Execution time: 10934.114 ms
