Hash Join  (cost=127685.80..262205.93 rows=417609 width=0) (actual time=2587.105..6885.658 rows=3572846 loops=1)
  Hash Cond: (mk.movie_id = t.id)
  ->  Seq Scan on movie_keyword mk  (cost=0.00..81003.12 rows=4181844 width=4) (actual time=0.023..1740.708 rows=4184167 loops=1)
        Filter: (keyword_id < 48759)
        Rows Removed by Filter: 339763
  ->  Hash  (cost=123542.49..123542.49 rows=252505 width=8) (actual time=2585.747..2585.747 rows=346068 loops=1)
        Buckets: 131072 (originally 131072)  Batches: 8 (originally 4)  Memory Usage: 3073kB
        ->  Hash Join  (cost=81516.96..123542.49 rows=252505 width=8) (actual time=1567.686..2500.379 rows=346068 loops=1)
              Hash Cond: (mi_idx.movie_id = t.id)
              ->  Seq Scan on movie_info_idx mi_idx  (cost=0.00..21735.35 rows=1380035 width=4) (actual time=0.010..491.778 rows=1380035 loops=1)
              ->  Hash  (cost=73925.90..73925.90 rows=462644 width=4) (actual time=1361.751..1361.751 rows=335285 loops=1)
                    Buckets: 131072  Batches: 8  Memory Usage: 2503kB
                    ->  Seq Scan on title t  (cost=0.00..73925.90 rows=462644 width=4) (actual time=0.012..1252.428 rows=335285 loops=1)
                          Filter: ((production_year > 1990) AND (kind_id = 1))
                          Rows Removed by Filter: 2193027
Planning time: 1.221 ms
Execution time: 7243.243 ms
