Hash Join  (cost=425638.34..1177720.36 rows=129289 width=0) (actual time=7110.662..22081.174 rows=76430 loops=1)
  Hash Cond: (ci.movie_id = t.id)
  ->  Seq Scan on cast_info ci  (cost=0.00..614943.12 rows=36225612 width=4) (actual time=0.011..8259.160 rows=36244344 loops=1)
  ->  Hash  (cost=425525.54..425525.54 rows=9024 width=8) (actual time=7110.249..7110.249 rows=3148 loops=1)
        Buckets: 16384  Batches: 1  Memory Usage: 251kB
        ->  Hash Join  (cost=67697.55..425525.54 rows=9024 width=8) (actual time=2442.907..7108.642 rows=3148 loops=1)
              Hash Cond: (mi.movie_id = t.id)
              ->  Seq Scan on movie_info mi  (cost=0.00..346232.03 rows=3068194 width=4) (actual time=379.044..5552.877 rows=3036719 loops=1)
                    Filter: (info_type_id = 16)
                    Rows Removed by Filter: 11799001
              ->  Hash  (cost=67604.59..67604.59 rows=7437 width=4) (actual time=1094.356..1094.356 rows=2567 loops=1)
                    Buckets: 8192  Batches: 1  Memory Usage: 155kB
                    ->  Seq Scan on title t  (cost=0.00..67604.59 rows=7437 width=4) (actual time=21.757..1092.973 rows=2567 loops=1)
                          Filter: (production_year = 1932)
                          Rows Removed by Filter: 2525745
Planning time: 1.699 ms
Execution time: 22093.218 ms
