Hash Join  (cost=351840.72..2096783.14 rows=56002321 width=0) (actual time=8384.213..87902.274 rows=185783830 loops=1)
  Hash Cond: (ci.movie_id = t.id)
  ->  Seq Scan on cast_info ci  (cost=0.00..614943.12 rows=36225612 width=4) (actual time=0.012..13804.430 rows=36244344 loops=1)
  ->  Hash  (cost=287709.09..287709.09 rows=3908930 width=8) (actual time=8382.035..8382.035 rows=3908682 loops=1)
        Buckets: 131072  Batches: 64  Memory Usage: 3431kB
        ->  Hash Join  (cost=102767.86..287709.09 rows=3908930 width=8) (actual time=1965.167..7163.192 rows=3908682 loops=1)
              Hash Cond: (mk.movie_id = t.id)
              ->  Seq Scan on movie_keyword mk  (cost=0.00..81003.12 rows=3908930 width=4) (actual time=0.032..1743.111 rows=3908682 loops=1)
                    Filter: (keyword_id < 29726)
                    Rows Removed by Filter: 615248
              ->  Hash  (cost=61283.27..61283.27 rows=2528527 width=4) (actual time=1962.256..1962.256 rows=2528312 loops=1)
                    Buckets: 131072  Batches: 64  Memory Usage: 2425kB
                    ->  Seq Scan on title t  (cost=0.00..61283.27 rows=2528527 width=4) (actual time=0.027..1094.231 rows=2528312 loops=1)
Planning time: 1.174 ms
Execution time: 109040.820 ms
