Hash Join  (cost=150654.28..272497.10 rows=621359 width=0) (actual time=3292.470..5951.582 rows=419662 loops=1)
  Hash Cond: (mk.movie_id = t.id)
  ->  Seq Scan on movie_keyword mk  (cost=0.00..81003.12 rows=2805363 width=4) (actual time=0.017..1702.669 rows=2795409 loops=1)
        Filter: (keyword_id < 8193)
        Rows Removed by Filter: 1728521
  ->  Hash  (cost=141465.74..141465.74 rows=560043 width=8) (actual time=3044.665..3044.665 rows=283812 loops=1)
        Buckets: 131072  Batches: 8  Memory Usage: 2415kB
        ->  Hash Join  (cost=92883.59..141465.74 rows=560043 width=8) (actual time=1895.171..2962.339 rows=283812 loops=1)
              Hash Cond: (mi_idx.movie_id = t.id)
              ->  Seq Scan on movie_info_idx mi_idx  (cost=0.00..25185.44 rows=919057 width=4) (actual time=0.019..491.007 rows=920110 loops=1)
                    Filter: (info_type_id > 99)
                    Rows Removed by Filter: 459925
              ->  Hash  (cost=67604.59..67604.59 rows=1540800 width=4) (actual time=1725.504..1725.504 rows=1543264 loops=1)
                    Buckets: 131072  Batches: 32  Memory Usage: 2722kB
                    ->  Seq Scan on title t  (cost=0.00..67604.59 rows=1540800 width=4) (actual time=131.721..1236.489 rows=1543264 loops=1)
                          Filter: (kind_id = 7)
                          Rows Removed by Filter: 985048
Planning time: 1.264 ms
Execution time: 6001.583 ms
