Seq Scan on movie_companies mc  (cost=0.00..57926.93 rows=943250 width=0) (actual time=2.772..1079.236 rows=1111718 loops=1)
  Filter: ((company_id > 1471) AND (company_type_id > 1))
  Rows Removed by Filter: 1497411
Planning time: 0.330 ms
Execution time: 1224.722 ms
