Hash Join  (cost=102767.86..189468.85 rows=785234 width=0) (actual time=2174.986..4646.948 rows=1082773 loops=1)
  Hash Cond: (mc.movie_id = t.id)
  ->  Seq Scan on movie_companies mc  (cost=0.00..57926.93 rows=785234 width=4) (actual time=206.374..1069.992 rows=1082773 loops=1)
        Filter: ((company_id < 16116) AND (company_type_id < 2))
        Rows Removed by Filter: 1526356
  ->  Hash  (cost=61283.27..61283.27 rows=2528527 width=4) (actual time=1967.280..1967.280 rows=2528312 loops=1)
        Buckets: 131072  Batches: 64  Memory Usage: 2415kB
        ->  Seq Scan on title t  (cost=0.00..61283.27 rows=2528527 width=4) (actual time=0.030..1088.974 rows=2528312 loops=1)
Planning time: 0.869 ms
Execution time: 4766.802 ms
