Seq Scan on movie_companies mc  (cost=0.00..51404.11 rows=579647 width=0) (actual time=0.051..784.681 rows=576320 loops=1)
  Filter: (company_id < 629)
  Rows Removed by Filter: 2032809
Planning time: 0.331 ms
Execution time: 854.861 ms
