Seq Scan on movie_companies mc  (cost=0.00..51404.11 rows=2241824 width=0) (actual time=0.023..693.433 rows=2239005 loops=1)
  Filter: (company_id < 85497)
  Rows Removed by Filter: 370124
Planning time: 0.325 ms
Execution time: 904.487 ms
