Hash Join  (cost=92883.59..1117470.55 rows=7171275 width=0) (actual time=3174.317..28768.384 rows=7230604 loops=1)
  Hash Cond: (ci.movie_id = t.id)
  ->  Seq Scan on cast_info ci  (cost=0.00..796071.18 rows=11768407 width=4) (actual time=1440.924..17691.368 rows=12670688 loops=1)
        Filter: ((person_id < 3534744) AND (role_id = 1))
        Rows Removed by Filter: 23573656
  ->  Hash  (cost=67604.59..67604.59 rows=1540800 width=4) (actual time=1732.200..1732.200 rows=1543264 loops=1)
        Buckets: 131072  Batches: 32  Memory Usage: 2722kB
        ->  Seq Scan on title t  (cost=0.00..67604.59 rows=1540800 width=4) (actual time=0.029..1243.729 rows=1543264 loops=1)
              Filter: (kind_id = 7)
              Rows Removed by Filter: 985048
Planning time: 2.758 ms
Execution time: 29594.268 ms
