Hash Join  (cost=489758.94..1621824.84 rows=9016176 width=0) (actual time=10112.194..49086.395 rows=30106238 loops=1)
  Hash Cond: (ci.movie_id = t.id)
  ->  Seq Scan on cast_info ci  (cost=0.00..705507.15 rows=28826397 width=4) (actual time=0.022..15962.922 rows=28788778 loops=1)
        Filter: (person_id < 2925927)
        Rows Removed by Filter: 7455566
  ->  Hash  (cost=476783.19..476783.19 rows=790860 width=8) (actual time=10110.845..10110.845 rows=1029998 loops=1)
        Buckets: 131072  Batches: 16  Memory Usage: 3574kB
        ->  Hash Join  (cost=84618.84..476783.19 rows=790860 width=8) (actual time=5587.423..9827.392 rows=1029998 loops=1)
              Hash Cond: (mi.movie_id = t.id)
              ->  Seq Scan on movie_info mi  (cost=0.00..346232.03 rows=3068194 width=4) (actual time=3341.035..5808.379 rows=3036719 loops=1)
                    Filter: (info_type_id = 16)
                    Rows Removed by Filter: 11799001
              ->  Hash  (cost=73925.90..73925.90 rows=651755 width=4) (actual time=2245.018..2245.018 rows=711179 loops=1)
                    Buckets: 131072  Batches: 16  Memory Usage: 2599kB
                    ->  Seq Scan on title t  (cost=0.00..73925.90 rows=651755 width=4) (actual time=0.045..1331.740 rows=711179 loops=1)
                          Filter: ((kind_id < 7) AND (production_year < 2008))
                          Rows Removed by Filter: 1817133
Planning time: 1.096 ms
Execution time: 52256.947 ms
