Hash Join  (cost=81282.57..123174.21 rows=244716 width=0) (actual time=1527.607..2322.927 rows=121617 loops=1)
  Hash Cond: (mi_idx.movie_id = t.id)
  ->  Seq Scan on movie_info_idx mi_idx  (cost=0.00..21735.35 rows=1380035 width=4) (actual time=0.017..440.824 rows=1380035 loops=1)
  ->  Hash  (cost=73925.90..73925.90 rows=448373 width=4) (actual time=1236.821..1236.821 rows=329492 loops=1)
        Buckets: 131072  Batches: 8  Memory Usage: 2461kB
        ->  Seq Scan on title t  (cost=0.00..73925.90 rows=448373 width=4) (actual time=251.226..1134.540 rows=329492 loops=1)
              Filter: ((production_year < 1992) AND (kind_id = 7))
              Rows Removed by Filter: 2198820
Planning time: 0.773 ms
Execution time: 2338.224 ms
