Hash Join  (cost=94009.45..897407.67 rows=34502 width=0) (actual time=3574.339..12816.044 rows=4447 loops=1)
  Hash Cond: (ci.movie_id = t.id)
  ->  Seq Scan on cast_info ci  (cost=0.00..796071.18 rows=54205 width=4) (actual time=1831.694..10765.659 rows=8320 loops=1)
        Filter: ((person_id < 648144) AND (role_id = 7))
        Rows Removed by Filter: 36236024
  ->  Hash  (cost=67604.59..67604.59 rows=1609429 width=4) (actual time=1740.949..1740.949 rows=1607077 loops=1)
        Buckets: 131072  Batches: 32  Memory Usage: 2791kB
        ->  Seq Scan on title t  (cost=0.00..67604.59 rows=1609429 width=4) (actual time=0.035..1218.685 rows=1607077 loops=1)
              Filter: (production_year > 1995)
              Rows Removed by Filter: 921235
Planning time: 0.959 ms
Execution time: 12816.707 ms
