Seq Scan on movie_companies mc  (cost=0.00..57926.93 rows=51 width=0) (actual time=374.189..848.845 rows=1 loops=1)
  Filter: ((company_type_id < 2) AND (company_id = 40819))
  Rows Removed by Filter: 2609128
Planning time: 4.789 ms
Execution time: 848.947 ms
