Hash Join  (cost=71408.55..111272.36 rows=126533 width=0) (actual time=1195.077..2209.441 rows=69471 loops=1)
  Hash Cond: (mi_idx.movie_id = t.id)
  ->  Seq Scan on movie_info_idx mi_idx  (cost=0.00..21735.35 rows=1380035 width=4) (actual time=0.024..420.693 rows=1380035 loops=1)
  ->  Hash  (cost=67604.59..67604.59 rows=231837 width=4) (actual time=1194.282..1194.282 rows=231649 loops=1)
        Buckets: 131072  Batches: 4  Memory Usage: 3076kB
        ->  Seq Scan on title t  (cost=0.00..67604.59 rows=231837 width=4) (actual time=0.014..1115.305 rows=231649 loops=1)
              Filter: (production_year > 2011)
              Rows Removed by Filter: 2296663
Planning time: 0.716 ms
Execution time: 2219.224 ms
