Hash Join  (cost=149253.78..634167.83 rows=478712 width=0) (actual time=3146.027..15661.007 rows=5213025 loops=1)
  Hash Cond: (mi.movie_id = t.id)
  ->  Seq Scan on movie_info mi  (cost=0.00..309384.22 rows=14739122 width=4) (actual time=0.015..5979.316 rows=14835720 loops=1)
  ->  Hash  (cost=147906.23..147906.23 rows=82124 width=8) (actual time=3145.232..3145.232 rows=97389 loops=1)
        Buckets: 131072  Batches: 2  Memory Usage: 2912kB
        ->  Hash Join  (cost=77624.77..147906.23 rows=82124 width=8) (actual time=1605.017..3112.381 rows=97389 loops=1)
              Hash Cond: (mc.movie_id = t.id)
              ->  Seq Scan on movie_companies mc  (cost=0.00..57926.93 rows=921143 width=4) (actual time=0.024..1136.478 rows=761679 loops=1)
                    Filter: ((company_id > 1402) AND (company_type_id = 1))
                    Rows Removed by Filter: 1847450
              ->  Hash  (cost=73925.90..73925.90 rows=225429 width=4) (actual time=1604.189..1604.189 rows=197206 loops=1)
                    Buckets: 131072  Batches: 4  Memory Usage: 2762kB
                    ->  Seq Scan on title t  (cost=0.00..73925.90 rows=225429 width=4) (actual time=0.085..1049.477 rows=197206 loops=1)
                          Filter: ((kind_id < 4) AND (production_year > 2008))
                          Rows Removed by Filter: 2331106
Planning time: 1.223 ms
Execution time: 16308.268 ms
