Hash Join  (cost=92883.59..181845.65 rows=62506 width=0) (actual time=2802.706..3739.787 rows=18668 loops=1)
  Hash Cond: (mk.movie_id = t.id)
  ->  Seq Scan on movie_keyword mk  (cost=0.00..81003.12 rows=102575 width=4) (actual time=0.023..1315.769 rows=116602 loops=1)
        Filter: (keyword_id < 113)
        Rows Removed by Filter: 4407328
  ->  Hash  (cost=67604.59..67604.59 rows=1540800 width=4) (actual time=1852.854..1852.854 rows=1543264 loops=1)
        Buckets: 131072  Batches: 32  Memory Usage: 2728kB
        ->  Seq Scan on title t  (cost=0.00..67604.59 rows=1540800 width=4) (actual time=0.017..1339.547 rows=1543264 loops=1)
              Filter: (kind_id = 7)
              Rows Removed by Filter: 985048
Planning time: 10.142 ms
Execution time: 3742.161 ms
