Hash Join  (cost=102767.86..169159.91 rows=212304 width=0) (actual time=2107.837..3359.244 rows=213748 loops=1)
  Hash Cond: (mc.movie_id = t.id)
  ->  Seq Scan on movie_companies mc  (cost=0.00..51404.11 rows=212304 width=4) (actual time=110.629..836.876 rows=213748 loops=1)
        Filter: (company_id > 109629)
        Rows Removed by Filter: 2395381
  ->  Hash  (cost=61283.27..61283.27 rows=2528527 width=4) (actual time=1996.280..1996.280 rows=2528312 loops=1)
        Buckets: 131072  Batches: 64  Memory Usage: 2415kB
        ->  Seq Scan on title t  (cost=0.00..61283.27 rows=2528527 width=4) (actual time=0.025..1144.862 rows=2528312 loops=1)
Planning time: 0.716 ms
Execution time: 3383.796 ms
