Hash Join  (cost=80355.62..438735.81 rows=125491 width=0) (actual time=4968.232..7330.649 rows=244579 loops=1)
  Hash Cond: (mi.movie_id = t.id)
  ->  Seq Scan on movie_info mi  (cost=0.00..346232.03 rows=809669 width=4) (actual time=3244.639..5310.327 rows=802140 loops=1)
        Filter: (info_type_id = 1)
        Rows Removed by Filter: 14033580
  ->  Hash  (cost=73925.90..73925.90 rows=391897 width=4) (actual time=1185.703..1185.703 rows=289693 loops=1)
        Buckets: 131072  Batches: 8  Memory Usage: 2308kB
        ->  Seq Scan on title t  (cost=0.00..73925.90 rows=391897 width=4) (actual time=1.413..1092.304 rows=289693 loops=1)
              Filter: ((production_year > 1998) AND (kind_id = 1))
              Rows Removed by Filter: 2238619
Planning time: 0.767 ms
Execution time: 7362.286 ms
