Seq Scan on movie_companies mc  (cost=0.00..57926.93 rows=1201840 width=0) (actual time=394.231..1132.667 rows=1274246 loops=1)
  Filter: ((company_id < 129120) AND (company_type_id < 2))
  Rows Removed by Filter: 1334883
Planning time: 0.353 ms
Execution time: 1294.396 ms
