Nested Loop  (cost=0.43..83072.90 rows=47 width=0) (actual time=238.646..1250.656 rows=16 loops=1)
  ->  Seq Scan on movie_keyword mk  (cost=0.00..81003.12 rows=246 width=4) (actual time=25.403..1217.117 rows=284 loops=1)
        Filter: (keyword_id = 4557)
        Rows Removed by Filter: 4523646
  ->  Index Scan using title_pkey on title t  (cost=0.43..8.40 rows=1 width=4) (actual time=0.116..0.116 rows=0 loops=284)
        Index Cond: (id = mk.movie_id)
        Filter: ((production_year > 2007) AND (kind_id = 7))
        Rows Removed by Filter: 1
Planning time: 0.790 ms
Execution time: 1250.768 ms
