Hash Join  (cost=93408.25..626143.58 rows=5894375 width=0) (actual time=1621.117..14806.848 rows=4750146 loops=1)
  Hash Cond: (mi.movie_id = t.id)
  ->  Seq Scan on movie_info mi  (cost=0.00..346232.03 rows=9476311 width=4) (actual time=0.019..6648.457 rows=9565151 loops=1)
        Filter: (info_type_id < 16)
        Rows Removed by Filter: 5270569
  ->  Hash  (cost=67604.59..67604.59 rows=1572773 width=4) (actual time=1620.162..1620.162 rows=1570568 loops=1)
        Buckets: 131072  Batches: 32  Memory Usage: 2759kB
        ->  Seq Scan on title t  (cost=0.00..67604.59 rows=1572773 width=4) (actual time=0.029..1127.188 rows=1570568 loops=1)
              Filter: (production_year > 1996)
              Rows Removed by Filter: 957744
Planning time: 0.812 ms
Execution time: 15348.649 ms
