Hash Join  (cost=101384.93..466745.14 rows=70425 width=0) (actual time=1950.102..9019.565 rows=64248 loops=1)
  Hash Cond: (mi.movie_id = t.id)
  ->  Seq Scan on movie_info mi  (cost=0.00..309384.22 rows=14739122 width=4) (actual time=0.020..4171.405 rows=14835720 loops=1)
  ->  Hash  (cost=101233.91..101233.91 rows=12082 width=8) (actual time=1766.596..1766.596 rows=8544 loops=1)
        Buckets: 16384  Batches: 1  Memory Usage: 462kB
        ->  Hash Join  (cost=74202.60..101233.91 rows=12082 width=8) (actual time=1350.469..1763.556 rows=8544 loops=1)
              Hash Cond: (mi_idx.movie_id = t.id)
              ->  Seq Scan on movie_info_idx mi_idx  (cost=0.00..21735.35 rows=1380035 width=4) (actual time=0.018..327.384 rows=1380035 loops=1)
              ->  Hash  (cost=73925.90..73925.90 rows=22136 width=4) (actual time=1110.234..1110.234 rows=24301 loops=1)
                    Buckets: 32768  Batches: 1  Memory Usage: 1111kB
                    ->  Seq Scan on title t  (cost=0.00..73925.90 rows=22136 width=4) (actual time=0.092..1099.755 rows=24301 loops=1)
                          Filter: ((kind_id = 7) AND (production_year = 1996))
                          Rows Removed by Filter: 2504011
Planning time: 1.226 ms
Execution time: 9028.458 ms
