Seq Scan on cast_info ci  (cost=0.00..796071.18 rows=176 width=0) (actual time=4777.698..10571.536 rows=16 loops=1)
  Filter: ((person_id = 937472) AND (role_id = 1))
  Rows Removed by Filter: 36244328
Planning time: 2.237 ms
Execution time: 10571.634 ms
