Seq Scan on movie_keyword mk  (cost=0.00..81003.12 rows=246 width=0) (actual time=0.462..1155.710 rows=1922 loops=1)
  Filter: (keyword_id = 832)
  Rows Removed by Filter: 4522008
Planning time: 0.361 ms
Execution time: 1156.366 ms
