Seq Scan on cast_info ci  (cost=0.00..796071.18 rows=650410 width=0) (actual time=7787.415..12466.966 rows=860586 loops=1)
  Filter: ((person_id > 2297103) AND (role_id = 8))
  Rows Removed by Filter: 35383758
Planning time: 0.652 ms
Execution time: 12574.850 ms
