Hash Join  (cost=67942.77..153485.81 rows=12594 width=0) (actual time=1013.547..2533.701 rows=16789 loops=1)
  Hash Cond: (mk.movie_id = t.id)
  ->  Seq Scan on movie_keyword mk  (cost=0.00..81003.12 rows=1177058 width=4) (actual time=0.018..1280.090 rows=1181859 loops=1)
        Filter: (keyword_id < 1401)
        Rows Removed by Filter: 3342071
  ->  Hash  (cost=67604.59..67604.59 rows=27055 width=4) (actual time=1012.429..1012.429 rows=26775 loops=1)
        Buckets: 32768  Batches: 1  Memory Usage: 1198kB
        ->  Seq Scan on title t  (cost=0.00..67604.59 rows=27055 width=4) (actual time=0.039..1001.165 rows=26775 loops=1)
              Filter: (production_year = 1993)
              Rows Removed by Filter: 2501537
Planning time: 0.713 ms
Execution time: 2536.525 ms
