Hash Join  (cost=90601.07..1000814.34 rows=2841916 width=0) (actual time=6228.932..23239.801 rows=3621431 loops=1)
  Hash Cond: (ci.movie_id = t.id)
  ->  Seq Scan on cast_info ci  (cost=0.00..796071.18 rows=7070382 width=4) (actual time=4482.953..16582.930 rows=7451973 loops=1)
        Filter: ((person_id < 3837648) AND (role_id = 2))
        Rows Removed by Filter: 28792371
  ->  Hash  (cost=73925.90..73925.90 rows=1016333 width=4) (actual time=1744.840..1744.840 rows=1107438 loops=1)
        Buckets: 131072  Batches: 16  Memory Usage: 3463kB
        ->  Seq Scan on title t  (cost=0.00..73925.90 rows=1016333 width=4) (actual time=0.044..1397.971 rows=1107438 loops=1)
              Filter: ((kind_id > 1) AND (production_year > 2000))
              Rows Removed by Filter: 1420874
Planning time: 0.729 ms
Execution time: 23638.040 ms
