Hash Join  (cost=73982.55..159417.02 rows=2108 width=0) (actual time=1337.727..2573.451 rows=722 loops=1)
  Hash Cond: (mk.movie_id = t.id)
  ->  Seq Scan on movie_keyword mk  (cost=0.00..81003.12 rows=1176069 width=4) (actual time=0.019..1316.102 rows=1179854 loops=1)
        Filter: (keyword_id < 1397)
        Rows Removed by Filter: 3344076
  ->  Hash  (cost=73925.90..73925.90 rows=4532 width=4) (actual time=1050.226..1050.226 rows=5845 loops=1)
        Buckets: 8192  Batches: 1  Memory Usage: 270kB
        ->  Seq Scan on title t  (cost=0.00..73925.90 rows=4532 width=4) (actual time=259.478..1047.348 rows=5845 loops=1)
              Filter: ((kind_id = 7) AND (production_year = 1957))
              Rows Removed by Filter: 2522467
Planning time: 0.733 ms
Execution time: 2573.661 ms
