Seq Scan on movie_keyword mk  (cost=0.00..81003.12 rows=2775390 width=0) (actual time=0.015..1498.481 rows=2766259 loops=1)
  Filter: (keyword_id > 2860)
  Rows Removed by Filter: 1757671
Planning time: 0.313 ms
Execution time: 1851.342 ms
