Hash Join  (cost=85727.72..132734.73 rows=122645 width=144) (actual time=1290.421..2297.980 rows=209880 loops=1)
  Hash Cond: (mi_idx.movie_id = t.id)
  ->  Seq Scan on movie_info_idx mi_idx  (cost=0.00..25185.44 rows=464566 width=50) (actual time=0.024..532.462 rows=459925 loops=1)
        Filter: (info_type_id = 101)
        Rows Removed by Filter: 920110
  ->  Hash  (cost=67604.59..67604.59 rows=667531 width=94) (actual time=1222.604..1222.604 rows=662825 loops=1)
        Buckets: 32768  Batches: 32  Memory Usage: 2489kB
        ->  Seq Scan on title t  (cost=0.00..67604.59 rows=667531 width=94) (actual time=0.012..981.738 rows=662825 loops=1)
              Filter: (kind_id < 2)
              Rows Removed by Filter: 1865487
Planning time: 0.972 ms
Execution time: 2309.839 ms
