Hash Join  (cost=102767.86..1005574.93 rows=4025224 width=0) (actual time=10914.845..16057.315 rows=1976140 loops=1)
  Hash Cond: (ci.movie_id = t.id)
  ->  Seq Scan on cast_info ci  (cost=0.00..796071.18 rows=4025224 width=4) (actual time=8683.415..11841.614 rows=1976140 loops=1)
        Filter: ((person_id > 3216433) AND (role_id < 10))
        Rows Removed by Filter: 34268204
  ->  Hash  (cost=61283.27..61283.27 rows=2528527 width=4) (actual time=2229.317..2229.317 rows=2528312 loops=1)
        Buckets: 131072  Batches: 64  Memory Usage: 2415kB
        ->  Seq Scan on title t  (cost=0.00..61283.27 rows=2528527 width=4) (actual time=0.014..1111.105 rows=2528312 loops=1)
Planning time: 0.747 ms
Execution time: 16284.011 ms
