Hash Join  (cost=102767.86..479381.08 rows=852012 width=0) (actual time=6074.295..8456.578 rows=900340 loops=1)
  Hash Cond: (mi.movie_id = t.id)
  ->  Seq Scan on movie_info mi  (cost=0.00..346232.03 rows=852012 width=4) (actual time=4122.029..5383.802 rows=900340 loops=1)
        Filter: (info_type_id > 94)
        Rows Removed by Filter: 13935380
  ->  Hash  (cost=61283.27..61283.27 rows=2528527 width=4) (actual time=1949.799..1949.799 rows=2528312 loops=1)
        Buckets: 131072  Batches: 64  Memory Usage: 2425kB
        ->  Seq Scan on title t  (cost=0.00..61283.27 rows=2528527 width=4) (actual time=0.026..1063.565 rows=2528312 loops=1)
Planning time: 0.773 ms
Execution time: 8559.136 ms
