Hash Join  (cost=425911.01..1241277.02 rows=235033 width=0) (actual time=6863.780..25333.131 rows=173193 loops=1)
  Hash Cond: (ci.movie_id = t.id)
  ->  Seq Scan on cast_info ci  (cost=0.00..705507.15 rows=28668949 width=4) (actual time=0.042..13589.951 rows=28808107 loops=1)
        Filter: (role_id < 8)
        Rows Removed by Filter: 7436237
  ->  Hash  (cost=425651.90..425651.90 rows=20729 width=8) (actual time=6863.389..6863.389 rows=9948 loops=1)
        Buckets: 32768  Batches: 1  Memory Usage: 645kB
        ->  Hash Join  (cost=74440.79..425651.90 rows=20729 width=8) (actual time=2046.298..6861.086 rows=9948 loops=1)
              Hash Cond: (mi.movie_id = t.id)
              ->  Seq Scan on movie_info mi  (cost=0.00..346232.03 rows=1272478 width=4) (actual time=943.425..5545.646 rows=1325361 loops=1)
                    Filter: (info_type_id = 8)
                    Rows Removed by Filter: 13510359
              ->  Hash  (cost=73925.90..73925.90 rows=41191 width=4) (actual time=1102.227..1102.227 rows=43851 loops=1)
                    Buckets: 65536  Batches: 1  Memory Usage: 2054kB
                    ->  Seq Scan on title t  (cost=0.00..73925.90 rows=41191 width=4) (actual time=0.030..1084.852 rows=43851 loops=1)
                          Filter: ((kind_id = 7) AND (production_year = 2003))
                          Rows Removed by Filter: 2484461
Planning time: 3.604 ms
Execution time: 25357.778 ms
