Hash Join  (cost=136662.72..1075897.53 rows=2037830 width=0) (actual time=2898.965..22794.635 rows=2564101 loops=1)
  Hash Cond: (ci.movie_id = t.id)
  ->  Seq Scan on cast_info ci  (cost=0.00..796071.18 rows=10452624 width=4) (actual time=0.025..16238.768 rows=6856966 loops=1)
        Filter: ((person_id < 3136126) AND (role_id > 3))
        Rows Removed by Filter: 29387378
  ->  Hash  (cost=128574.75..128574.75 rows=492958 width=8) (actual time=2898.124..2898.124 rows=369173 loops=1)
        Buckets: 131072  Batches: 8  Memory Usage: 2811kB
        ->  Hash Join  (cost=82423.69..128574.75 rows=492958 width=8) (actual time=1505.979..2782.262 rows=369173 loops=1)
              Hash Cond: (mi_idx.movie_id = t.id)
              ->  Seq Scan on movie_info_idx mi_idx  (cost=0.00..21735.35 rows=1380035 width=4) (actual time=0.017..387.596 rows=1380035 loops=1)
              ->  Hash  (cost=67604.59..67604.59 rows=903208 width=4) (actual time=1504.884..1504.884 rows=904491 loops=1)
                    Buckets: 131072  Batches: 16  Memory Usage: 3010kB
                    ->  Seq Scan on title t  (cost=0.00..67604.59 rows=903208 width=4) (actual time=0.016..1213.092 rows=904491 loops=1)
                          Filter: (production_year > 2006)
                          Rows Removed by Filter: 1623821
Planning time: 1.232 ms
Execution time: 23080.932 ms
