Seq Scan on movie_keyword mk  (cost=0.00..81003.12 rows=2634534 width=0) (actual time=0.025..1536.496 rows=2622654 loops=1)
  Filter: (keyword_id > 3259)
  Rows Removed by Filter: 1901276
Planning time: 0.349 ms
Execution time: 1869.062 ms
