Nested Loop  (cost=0.43..709673.15 rows=355 width=0) (actual time=4879.002..10606.694 rows=285 loops=1)
  ->  Seq Scan on cast_info ci  (cost=0.00..705507.15 rows=500 width=4) (actual time=4878.910..10603.029 rows=302 loops=1)
        Filter: (person_id = 2722118)
        Rows Removed by Filter: 36244042
  ->  Index Scan using title_pkey on title t  (cost=0.43..8.32 rows=1 width=4) (actual time=0.011..0.011 rows=1 loops=302)
        Index Cond: (id = ci.movie_id)
        Filter: (production_year < 2009)
        Rows Removed by Filter: 0
Planning time: 7.167 ms
Execution time: 10606.890 ms
