Seq Scan on movie_companies mc  (cost=0.00..57926.93 rows=53 width=0) (actual time=51.929..994.364 rows=30 loops=1)
  Filter: ((company_type_id > 1) AND (company_id = 396))
  Rows Removed by Filter: 2609099
Planning time: 1.351 ms
Execution time: 994.495 ms
