Hash Join  (cost=124175.70..478671.49 rows=3395 width=0) (actual time=2006.036..7814.506 rows=6593 loops=1)
  Hash Cond: (mi.movie_id = t.id)
  ->  Seq Scan on movie_info mi  (cost=0.00..346232.03 rows=2194617 width=4) (actual time=0.020..5446.884 rows=2233850 loops=1)
        Filter: (info_type_id > 16)
        Rows Removed by Filter: 12601870
  ->  Hash  (cost=124126.82..124126.82 rows=3911 width=8) (actual time=2005.807..2005.807 rows=2519 loops=1)
        Buckets: 4096  Batches: 1  Memory Usage: 131kB
        ->  Hash Join  (cost=67697.55..124126.82 rows=3911 width=8) (actual time=1175.804..2004.540 rows=2519 loops=1)
              Hash Cond: (mc.movie_id = t.id)
              ->  Seq Scan on movie_companies mc  (cost=0.00..51404.11 rows=1329612 width=4) (actual time=196.071..859.556 rows=1334883 loops=1)
                    Filter: (company_type_id > 1)
                    Rows Removed by Filter: 1274246
              ->  Hash  (cost=67604.59..67604.59 rows=7437 width=4) (actual time=951.616..951.616 rows=2730 loops=1)
                    Buckets: 8192  Batches: 1  Memory Usage: 160kB
                    ->  Seq Scan on title t  (cost=0.00..67604.59 rows=7437 width=4) (actual time=0.028..950.183 rows=2730 loops=1)
                          Filter: (production_year = 1938)
                          Rows Removed by Filter: 2525582
Planning time: 1.128 ms
Execution time: 7815.760 ms
