Seq Scan on movie_companies mc  (cost=0.00..51404.11 rows=104 width=0) (actual time=417.513..767.915 rows=1 loops=1)
  Filter: (company_id = 231837)
  Rows Removed by Filter: 2609128
Planning time: 0.246 ms
Execution time: 767.984 ms
