Hash Join  (cost=102767.86..184067.21 rows=560764 width=0) (actual time=2303.472..4177.944 rows=857524 loops=1)
  Hash Cond: (mc.movie_id = t.id)
  ->  Seq Scan on movie_companies mc  (cost=0.00..57926.93 rows=560764 width=4) (actual time=158.795..1048.386 rows=857524 loops=1)
        Filter: ((company_id > 13905) AND (company_type_id > 1))
        Rows Removed by Filter: 1751605
  ->  Hash  (cost=61283.27..61283.27 rows=2528527 width=4) (actual time=2143.390..2143.390 rows=2528312 loops=1)
        Buckets: 131072  Batches: 64  Memory Usage: 2415kB
        ->  Seq Scan on title t  (cost=0.00..61283.27 rows=2528527 width=4) (actual time=0.012..1298.689 rows=2528312 loops=1)
Planning time: 0.725 ms
Execution time: 4268.712 ms
