Hash Join  (cost=359549.25..1465778.91 rows=19784650 width=0) (actual time=12998.748..48670.654 rows=79094375 loops=1)
  Hash Cond: (ci.movie_id = t.id)
  ->  Seq Scan on cast_info ci  (cost=0.00..705507.15 rows=12203201 width=4) (actual time=4615.669..14583.686 rows=12113646 loops=1)
        Filter: (role_id > 3)
        Rows Removed by Filter: 24130698
  ->  Hash  (cost=292292.53..292292.53 rows=4099418 width=8) (actual time=8381.370..8381.370 rows=4087742 loops=1)
        Buckets: 131072  Batches: 64  Memory Usage: 3546kB
        ->  Hash Join  (cost=102767.86..292292.53 rows=4099418 width=8) (actual time=1958.658..7215.168 rows=4087742 loops=1)
              Hash Cond: (mk.movie_id = t.id)
              ->  Seq Scan on movie_keyword mk  (cost=0.00..81003.12 rows=4099418 width=4) (actual time=0.036..1795.359 rows=4087742 loops=1)
                    Filter: (keyword_id > 335)
                    Rows Removed by Filter: 436188
              ->  Hash  (cost=61283.27..61283.27 rows=2528527 width=4) (actual time=1956.414..1956.414 rows=2528312 loops=1)
                    Buckets: 131072  Batches: 64  Memory Usage: 2425kB
                    ->  Seq Scan on title t  (cost=0.00..61283.27 rows=2528527 width=4) (actual time=0.021..1094.978 rows=2528312 loops=1)
Planning time: 1.126 ms
Execution time: 57050.265 ms
