Seq Scan on cast_info ci  (cost=0.00..705507.15 rows=3478526 width=0) (actual time=8682.325..11694.594 rows=3476445 loops=1)
  Filter: (person_id > 3427577)
  Rows Removed by Filter: 32767899
Planning time: 0.314 ms
Execution time: 12123.186 ms
