Seq Scan on cast_info ci  (cost=0.00..796071.18 rows=4534720 width=0) (actual time=0.018..13938.880 rows=8119463 loops=1)
  Filter: ((person_id > 2309984) AND (role_id > 3))
  Rows Removed by Filter: 28124881
Planning time: 0.334 ms
Execution time: 14951.856 ms
