Hash Join  (cost=134583.70..211011.04 rows=200026 width=0) (actual time=3071.760..5153.772 rows=725522 loops=1)
  Hash Cond: (mc.movie_id = t.id)
  ->  Seq Scan on movie_companies mc  (cost=0.00..51404.11 rows=1901059 width=4) (actual time=0.030..1022.904 rows=1894685 loops=1)
        Filter: (company_id < 43431)
        Rows Removed by Filter: 714444
  ->  Hash  (cost=130218.11..130218.11 rows=266047 width=8) (actual time=3070.680..3070.680 rows=316512 loops=1)
        Buckets: 131072 (originally 131072)  Batches: 8 (originally 4)  Memory Usage: 3073kB
        ->  Hash Join  (cost=91342.70..130218.11 rows=266047 width=8) (actual time=1909.001..2977.202 rows=316512 loops=1)
              Hash Cond: (mi_idx.movie_id = t.id)
              ->  Seq Scan on movie_info_idx mi_idx  (cost=0.00..25185.44 rows=464934 width=4) (actual time=0.016..509.076 rows=460185 loops=1)
                    Filter: (info_type_id > 100)
                    Rows Removed by Filter: 919850
              ->  Hash  (cost=67604.59..67604.59 rows=1446889 width=4) (actual time=1907.877..1907.877 rows=1443298 loops=1)
                    Buckets: 131072  Batches: 32  Memory Usage: 2608kB
                    ->  Seq Scan on title t  (cost=0.00..67604.59 rows=1446889 width=4) (actual time=0.017..1369.972 rows=1443298 loops=1)
                          Filter: (production_year < 2006)
                          Rows Removed by Filter: 1085014
Planning time: 1.171 ms
Execution time: 5238.874 ms
