Hash Join  (cost=908740.71..1040472.98 rows=798624 width=0) (actual time=13432.707..17438.321 rows=2483687 loops=1)
  Hash Cond: (mk.movie_id = t.id)
  ->  Seq Scan on movie_keyword mk  (cost=0.00..69693.30 rows=4523930 width=4) (actual time=0.025..1573.753 rows=4523930 loops=1)
  ->  Hash  (cost=901417.09..901417.09 rows=446369 width=8) (actual time=13431.359..13431.359 rows=192755 loops=1)
        Buckets: 131072  Batches: 8  Memory Usage: 1970kB
        ->  Hash Join  (cost=83810.17..901417.09 rows=446369 width=8) (actual time=2220.808..13364.456 rows=192755 loops=1)
              Hash Cond: (ci.movie_id = t.id)
              ->  Seq Scan on cast_info ci  (cost=0.00..796071.18 rows=1142680 width=4) (actual time=318.977..10995.796 rows=477320 loops=1)
                    Filter: ((person_id < 168130) AND (role_id > 1))
                    Rows Removed by Filter: 35767024
              ->  Hash  (cost=67604.59..67604.59 rows=987727 width=4) (actual time=1885.515..1885.515 rows=985048 loops=1)
                    Buckets: 131072  Batches: 16  Memory Usage: 3188kB
                    ->  Seq Scan on title t  (cost=0.00..67604.59 rows=987727 width=4) (actual time=0.028..1228.847 rows=985048 loops=1)
                          Filter: (kind_id < 7)
                          Rows Removed by Filter: 1543264
Planning time: 5.370 ms
Execution time: 17731.989 ms
