Hash Join  (cost=73950.44..161144.61 rows=1279 width=0) (actual time=972.119..2603.461 rows=5348 loops=1)
  Hash Cond: (mk.movie_id = t.id)
  ->  Seq Scan on movie_keyword mk  (cost=0.00..81003.12 rows=1647533 width=4) (actual time=0.015..1366.684 rows=1652780 loops=1)
        Filter: (keyword_id > 8845)
        Rows Removed by Filter: 2871150
  ->  Hash  (cost=73925.90..73925.90 rows=1963 width=4) (actual time=971.757..971.757 rows=3338 loops=1)
        Buckets: 4096 (originally 2048)  Batches: 1 (originally 1)  Memory Usage: 150kB
        ->  Seq Scan on title t  (cost=0.00..73925.90 rows=1963 width=4) (actual time=0.049..970.389 rows=3338 loops=1)
              Filter: ((kind_id = 1) AND (production_year = 1962))
              Rows Removed by Filter: 2524974
Planning time: 3.373 ms
Execution time: 2604.410 ms
