Seq Scan on movie_companies mc  (cost=0.00..51404.11 rows=966636 width=0) (actual time=75.650..954.847 rows=976779 loops=1)
  Filter: (company_id > 17460)
  Rows Removed by Filter: 1632350
Planning time: 0.314 ms
Execution time: 1089.289 ms
