Hash Join  (cost=96369.51..134784.43 rows=251337 width=0) (actual time=1905.054..2931.644 rows=136939 loops=1)
  Hash Cond: (mi_idx.movie_id = t.id)
  ->  Seq Scan on movie_info_idx mi_idx  (cost=0.00..25185.44 rows=464566 width=4) (actual time=0.021..526.719 rows=459925 loops=1)
        Filter: (info_type_id = 101)
        Rows Removed by Filter: 920110
  ->  Hash  (cost=73925.90..73925.90 rows=1367968 width=4) (actual time=1904.033..1904.033 rows=1339686 loops=1)
        Buckets: 131072  Batches: 32  Memory Usage: 2491kB
        ->  Seq Scan on title t  (cost=0.00..73925.90 rows=1367968 width=4) (actual time=0.021..1477.161 rows=1339686 loops=1)
              Filter: ((kind_id > 4) AND (production_year < 2012))
              Rows Removed by Filter: 1188626
Planning time: 0.737 ms
Execution time: 2948.680 ms
