Hash Join  (cost=121661.12..1178692.65 rows=2261137 width=0) (actual time=2673.595..30978.046 rows=2741724 loops=1)
  Hash Cond: (ci.movie_id = t.id)
  ->  Seq Scan on cast_info ci  (cost=0.00..614943.12 rows=36225612 width=4) (actual time=0.013..13143.473 rows=36244344 loops=1)
  ->  Hash  (cost=119071.30..119071.30 rows=157826 width=8) (actual time=2672.779..2672.779 rows=78936 loops=1)
        Buckets: 131072  Batches: 4  Memory Usage: 1797kB
        ->  Hash Join  (cost=78670.55..119071.30 rows=157826 width=8) (actual time=1596.304..2645.643 rows=78936 loops=1)
              Hash Cond: (mi_idx.movie_id = t.id)
              ->  Seq Scan on movie_info_idx mi_idx  (cost=0.00..21735.35 rows=1380035 width=4) (actual time=0.022..445.262 rows=1380035 loops=1)
              ->  Hash  (cost=73925.90..73925.90 rows=289172 width=4) (actual time=1595.388..1595.388 rows=292674 loops=1)
                    Buckets: 131072  Batches: 4  Memory Usage: 3617kB
                    ->  Seq Scan on title t  (cost=0.00..73925.90 rows=289172 width=4) (actual time=0.020..1274.545 rows=292674 loops=1)
                          Filter: ((kind_id > 1) AND (production_year > 2010))
                          Rows Removed by Filter: 2235638
Planning time: 4.299 ms
Execution time: 31323.179 ms
