Hash Join  (cost=111003.50..868811.78 rows=701908 width=0) (actual time=2033.205..24040.124 rows=1668332 loops=1)
  Hash Cond: (ci.movie_id = t.id)
  ->  Seq Scan on cast_info ci  (cost=0.00..614943.12 rows=36225612 width=4) (actual time=0.013..9330.710 rows=36244344 loops=1)
  ->  Hash  (cost=110391.09..110391.09 rows=48993 width=8) (actual time=2032.822..2032.822 rows=59335 loops=1)
        Buckets: 65536  Batches: 1  Memory Usage: 2830kB
        ->  Hash Join  (cost=78335.05..110391.09 rows=48993 width=8) (actual time=1283.086..2009.165 rows=59335 loops=1)
              Hash Cond: (mi_idx.movie_id = t.id)
              ->  Seq Scan on movie_info_idx mi_idx  (cost=0.00..25185.44 rows=460978 width=4) (actual time=0.016..459.919 rows=459925 loops=1)
                    Filter: (info_type_id = 99)
                    Rows Removed by Filter: 920110
              ->  Hash  (cost=73925.90..73925.90 rows=268732 width=4) (actual time=1282.276..1282.276 rows=226985 loops=1)
                    Buckets: 131072  Batches: 4  Memory Usage: 3022kB
                    ->  Seq Scan on title t  (cost=0.00..73925.90 rows=268732 width=4) (actual time=0.021..1204.855 rows=226985 loops=1)
                          Filter: ((kind_id < 4) AND (production_year > 2007))
                          Rows Removed by Filter: 2301327
Planning time: 1.199 ms
Execution time: 24261.306 ms
