Hash Join  (cost=119670.02..196439.73 rows=124718 width=0) (actual time=2744.004..5095.825 rows=1020742 loops=1)
  Hash Cond: (mc.movie_id = t.id)
  ->  Seq Scan on movie_companies mc  (cost=0.00..44881.29 rows=2609129 width=4) (actual time=0.018..911.255 rows=2609129 loops=1)
  ->  Hash  (cost=117686.19..117686.19 rows=120866 width=8) (actual time=2743.295..2743.295 rows=276376 loops=1)
        Buckets: 131072 (originally 131072)  Batches: 4 (originally 2)  Memory Usage: 3726kB
        ->  Hash Join  (cost=79405.47..117686.19 rows=120866 width=8) (actual time=1761.137..2669.830 rows=276376 loops=1)
              Hash Cond: (mi_idx.movie_id = t.id)
              ->  Seq Scan on movie_info_idx mi_idx  (cost=0.00..25185.44 rows=915101 width=4) (actual time=0.004..499.197 rows=919850 loops=1)
                    Filter: (info_type_id < 101)
                    Rows Removed by Filter: 460185
              ->  Hash  (cost=73925.90..73925.90 rows=333965 width=4) (actual time=1665.900..1665.900 rows=411522 loops=1)
                    Buckets: 131072  Batches: 8  Memory Usage: 2841kB
                    ->  Seq Scan on title t  (cost=0.00..73925.90 rows=333965 width=4) (actual time=284.340..1208.321 rows=411522 loops=1)
                          Filter: ((production_year < 2004) AND (kind_id = 1))
                          Rows Removed by Filter: 2116790
Planning time: 1.057 ms
Execution time: 5222.687 ms
