Hash Join  (cost=83073.63..435118.75 rows=36 width=0) (actual time=2990.447..6980.084 rows=101 loops=1)
  Hash Cond: (mi.movie_id = t.id)
  ->  Seq Scan on movie_info mi  (cost=0.00..346232.03 rows=1550064 width=4) (actual time=1639.871..5512.254 rows=1533909 loops=1)
        Filter: (info_type_id = 3)
        Rows Removed by Filter: 13301811
  ->  Hash  (cost=83072.90..83072.90 rows=58 width=8) (actual time=1265.822..1265.822 rows=39 loops=1)
        Buckets: 1024  Batches: 1  Memory Usage: 10kB
        ->  Nested Loop  (cost=0.43..83072.90 rows=58 width=8) (actual time=138.215..1265.759 rows=39 loops=1)
              ->  Seq Scan on movie_keyword mk  (cost=0.00..81003.12 rows=246 width=4) (actual time=11.752..1236.853 rows=917 loops=1)
                    Filter: (keyword_id = 18649)
                    Rows Removed by Filter: 4523013
              ->  Index Scan using title_pkey on title t  (cost=0.43..8.40 rows=1 width=4) (actual time=0.030..0.030 rows=0 loops=917)
                    Index Cond: (id = mk.movie_id)
                    Filter: ((kind_id < 7) AND (production_year > 1997))
                    Rows Removed by Filter: 1
Planning time: 1.138 ms
Execution time: 6980.267 ms
