Hash Join  (cost=102767.86..199830.24 rows=256816 width=0) (actual time=1994.588..3897.750 rows=256492 loops=1)
  Hash Cond: (mk.movie_id = t.id)
  ->  Seq Scan on movie_keyword mk  (cost=0.00..81003.12 rows=256816 width=4) (actual time=55.325..1371.746 rows=256492 loops=1)
        Filter: (keyword_id > 59902)
        Rows Removed by Filter: 4267438
  ->  Hash  (cost=61283.27..61283.27 rows=2528527 width=4) (actual time=1938.000..1938.000 rows=2528312 loops=1)
        Buckets: 131072  Batches: 64  Memory Usage: 2425kB
        ->  Seq Scan on title t  (cost=0.00..61283.27 rows=2528527 width=4) (actual time=0.025..1055.872 rows=2528312 loops=1)
Planning time: 0.688 ms
Execution time: 3926.886 ms
