Seq Scan on cast_info ci  (cost=0.00..705507.15 rows=500 width=0) (actual time=1168.559..10434.102 rows=276 loops=1)
  Filter: (person_id = 2858421)
  Rows Removed by Filter: 36244068
Planning time: 0.380 ms
Execution time: 10434.273 ms
