Hash Join  (cost=83661.18..218597.75 rows=1061653 width=0) (actual time=2274.258..4704.565 rows=232330 loops=1)
  Hash Cond: (mk.movie_id = t.id)
  ->  Seq Scan on movie_keyword mk  (cost=0.00..69693.30 rows=4523930 width=4) (actual time=0.018..1451.741 rows=4523930 loops=1)
  ->  Hash  (cost=73925.90..73925.90 rows=593382 width=4) (actual time=1345.626..1345.626 rows=486368 loops=1)
        Buckets: 131072  Batches: 8  Memory Usage: 3153kB
        ->  Seq Scan on title t  (cost=0.00..73925.90 rows=593382 width=4) (actual time=0.023..1187.904 rows=486368 loops=1)
              Filter: ((production_year < 1999) AND (kind_id = 7))
              Rows Removed by Filter: 2041944
Planning time: 0.779 ms
Execution time: 4732.905 ms
