Hash Join  (cost=155695.34..914219.29 rows=249090 width=0) (actual time=10498.201..18013.161 rows=681592 loops=1)
  Hash Cond: (ci.movie_id = t.id)
  ->  Seq Scan on cast_info ci  (cost=0.00..705507.15 rows=4320508 width=4) (actual time=7391.056..13146.553 rows=4323018 loops=1)
        Filter: (role_id = 10)
        Rows Removed by Filter: 31921326
  ->  Hash  (cost=153303.12..153303.12 rows=145777 width=8) (actual time=3105.502..3105.502 rows=58891 loops=1)
        Buckets: 131072  Batches: 2  Memory Usage: 2174kB
        ->  Hash Join  (cost=76243.83..153303.12 rows=145777 width=8) (actual time=1604.180..3084.934 rows=58891 loops=1)
              Hash Cond: (mc.movie_id = t.id)
              ->  Seq Scan on movie_companies mc  (cost=0.00..44881.29 rows=2609129 width=4) (actual time=0.031..890.724 rows=2609129 loops=1)
              ->  Hash  (cost=73925.90..73925.90 rows=141274 width=4) (actual time=1181.020..1181.020 rows=150659 loops=1)
                    Buckets: 131072  Batches: 2  Memory Usage: 3673kB
                    ->  Seq Scan on title t  (cost=0.00..73925.90 rows=141274 width=4) (actual time=225.375..1126.231 rows=150659 loops=1)
                          Filter: ((production_year > 2011) AND (kind_id = 7))
                          Rows Removed by Filter: 2377653
Planning time: 1.105 ms
Execution time: 18101.886 ms
