Hash Join  (cost=255378.73..1558950.92 rows=21852801 width=0) (actual time=5636.330..54165.678 rows=73427881 loops=1)
  Hash Cond: (ci.movie_id = t.id)
  ->  Seq Scan on cast_info ci  (cost=0.00..614943.12 rows=36225612 width=4) (actual time=0.021..13185.863 rows=36244344 loops=1)
  ->  Hash  (cost=230353.32..230353.32 rows=1525313 width=8) (actual time=5634.932..5634.932 rows=1540671 loops=1)
        Buckets: 131072  Batches: 32  Memory Usage: 2892kB
        ->  Hash Join  (cost=102767.86..230353.32 rows=1525313 width=8) (actual time=2140.564..5192.460 rows=1540671 loops=1)
              Hash Cond: (mk.movie_id = t.id)
              ->  Seq Scan on movie_keyword mk  (cost=0.00..81003.12 rows=1525313 width=4) (actual time=0.022..1503.601 rows=1540671 loops=1)
                    Filter: (keyword_id > 10288)
                    Rows Removed by Filter: 2983259
              ->  Hash  (cost=61283.27..61283.27 rows=2528527 width=4) (actual time=2139.686..2139.686 rows=2528312 loops=1)
                    Buckets: 131072  Batches: 64  Memory Usage: 2425kB
                    ->  Seq Scan on title t  (cost=0.00..61283.27 rows=2528527 width=4) (actual time=0.012..1282.741 rows=2528312 loops=1)
Planning time: 1.072 ms
Execution time: 61943.855 ms
