Hash Join  (cost=280251.41..946317.67 rows=12694556 width=0) (actual time=5962.902..22041.430 rows=5595842 loops=1)
  Hash Cond: (mi.movie_id = t.id)
  ->  Seq Scan on movie_info mi  (cost=0.00..346232.03 rows=14373737 width=4) (actual time=0.028..7746.822 rows=14407069 loops=1)
        Filter: (info_type_id < 105)
        Rows Removed by Filter: 428651
  ->  Hash  (cost=243613.20..243613.20 rows=2233137 width=8) (actual time=5959.745..5959.745 rows=555823 loops=1)
        Buckets: 131072  Batches: 32  Memory Usage: 1717kB
        ->  Hash Join  (cost=94403.79..243613.20 rows=2233137 width=8) (actual time=2169.021..5795.257 rows=555823 loops=1)
              Hash Cond: (mk.movie_id = t.id)
              ->  Seq Scan on movie_keyword mk  (cost=0.00..69693.30 rows=4523930 width=4) (actual time=0.016..1400.269 rows=4523930 loops=1)
              ->  Hash  (cost=73925.90..73925.90 rows=1248151 width=4) (actual time=2006.567..2006.567 rows=1332982 loops=1)
                    Buckets: 131072  Batches: 32  Memory Usage: 2499kB
                    ->  Seq Scan on title t  (cost=0.00..73925.90 rows=1248151 width=4) (actual time=127.703..1193.352 rows=1332982 loops=1)
                          Filter: ((production_year > 1972) AND (kind_id = 7))
                          Rows Removed by Filter: 1195330
Planning time: 1.167 ms
Execution time: 22710.465 ms
