Hash Join  (cost=160737.19..544119.96 rows=30298 width=0) (actual time=3057.331..10708.188 rows=998603 loops=1)
  Hash Cond: (mi.movie_id = t.id)
  ->  Seq Scan on movie_info mi  (cost=0.00..309384.22 rows=14739122 width=4) (actual time=0.017..4390.454 rows=14835720 loops=1)
  ->  Hash  (cost=160672.23..160672.23 rows=5197 width=8) (actual time=3054.014..3054.014 rows=18779 loops=1)
        Buckets: 32768 (originally 8192)  Batches: 1 (originally 1)  Memory Usage: 990kB
        ->  Hash Join  (cost=73962.22..160672.23 rows=5197 width=8) (actual time=1291.927..3047.099 rows=18779 loops=1)
              Hash Cond: (mk.movie_id = t.id)
              ->  Seq Scan on movie_keyword mk  (cost=0.00..69693.30 rows=4523930 width=4) (actual time=0.024..933.992 rows=4523930 loops=1)
              ->  Hash  (cost=73925.90..73925.90 rows=2905 width=4) (actual time=1289.321..1289.321 rows=5291 loops=1)
                    Buckets: 8192 (originally 4096)  Batches: 1 (originally 1)  Memory Usage: 251kB
                    ->  Seq Scan on title t  (cost=0.00..73925.90 rows=2905 width=4) (actual time=0.669..1286.575 rows=5291 loops=1)
                          Filter: ((kind_id < 7) AND (production_year = 1966))
                          Rows Removed by Filter: 2523021
Planning time: 1.429 ms
Execution time: 10821.166 ms
