Seq Scan on movie_keyword mk  (cost=0.00..81003.12 rows=4467428 width=0) (actual time=0.021..1616.539 rows=4470872 loops=1)
  Filter: (keyword_id < 98183)
  Rows Removed by Filter: 53058
Planning time: 0.314 ms
Execution time: 2170.468 ms
