Hash Join  (cost=98456.80..212017.94 rows=904010 width=0) (actual time=2034.031..4350.928 rows=192967 loops=1)
  Hash Cond: (mk.movie_id = t.id)
  ->  Seq Scan on movie_keyword mk  (cost=0.00..81003.12 rows=1528776 width=4) (actual time=0.026..1383.823 rows=1539553 loops=1)
        Filter: (keyword_id < 2258)
        Rows Removed by Filter: 2984377
  ->  Hash  (cost=73925.90..73925.90 rows=1495192 width=4) (actual time=1943.278..1943.278 rows=1478440 loops=1)
        Buckets: 131072  Batches: 32  Memory Usage: 2656kB
        ->  Seq Scan on title t  (cost=0.00..73925.90 rows=1495192 width=4) (actual time=0.028..1454.907 rows=1478440 loops=1)
              Filter: ((production_year > 1896) AND (kind_id = 7))
              Rows Removed by Filter: 1049872
Planning time: 0.730 ms
Execution time: 4374.767 ms
