Hash Join  (cost=100995.33..475469.70 rows=10388 width=0) (actual time=1347.792..7940.643 rows=14604 loops=1)
  Hash Cond: (mi.movie_id = t.id)
  ->  Seq Scan on movie_info mi  (cost=0.00..346232.03 rows=7503588 width=4) (actual time=0.015..5454.903 rows=7548855 loops=1)
        Filter: (info_type_id > 7)
        Rows Removed by Filter: 7286865
  ->  Hash  (cost=100951.57..100951.57 rows=3501 width=8) (actual time=1336.380..1336.380 rows=2919 loops=1)
        Buckets: 4096  Batches: 1  Memory Usage: 147kB
        ->  Hash Join  (cost=74006.08..100951.57 rows=3501 width=8) (actual time=852.575..1335.218 rows=2919 loops=1)
              Hash Cond: (mi_idx.movie_id = t.id)
              ->  Seq Scan on movie_info_idx mi_idx  (cost=0.00..21735.35 rows=1380035 width=4) (actual time=0.014..206.091 rows=1380035 loops=1)
              ->  Hash  (cost=73925.90..73925.90 rows=6414 width=4) (actual time=852.414..852.414 rows=7736 loops=1)
                    Buckets: 8192  Batches: 1  Memory Usage: 336kB
                    ->  Seq Scan on title t  (cost=0.00..73925.90 rows=6414 width=4) (actual time=9.208..848.969 rows=7736 loops=1)
                          Filter: ((kind_id = 4) AND (production_year = 2010))
                          Rows Removed by Filter: 2520576
Planning time: 1.141 ms
Execution time: 7943.160 ms
