Hash Join  (cost=263115.61..420167.93 rows=2787159 width=0) (actual time=6722.746..15311.704 rows=21552945 loops=1)
  Hash Cond: (mk.movie_id = t.id)
  ->  Seq Scan on movie_keyword mk  (cost=0.00..81003.12 rows=2701057 width=4) (actual time=0.023..1696.562 rows=2692831 loops=1)
        Filter: (keyword_id > 3009)
        Rows Removed by Filter: 1831099
  ->  Hash  (cost=220309.49..220309.49 rows=2609129 width=8) (actual time=6720.950..6720.950 rows=2609129 loops=1)
        Buckets: 131072  Batches: 64  Memory Usage: 2691kB
        ->  Hash Join  (cost=102767.86..220309.49 rows=2609129 width=8) (actual time=2253.730..5859.125 rows=2609129 loops=1)
              Hash Cond: (mc.movie_id = t.id)
              ->  Seq Scan on movie_companies mc  (cost=0.00..44881.29 rows=2609129 width=4) (actual time=0.016..902.683 rows=2609129 loops=1)
              ->  Hash  (cost=61283.27..61283.27 rows=2528527 width=4) (actual time=2252.223..2252.223 rows=2528312 loops=1)
                    Buckets: 131072  Batches: 64  Memory Usage: 2415kB
                    ->  Seq Scan on title t  (cost=0.00..61283.27 rows=2528527 width=4) (actual time=0.010..1172.325 rows=2528312 loops=1)
Planning time: 1.076 ms
Execution time: 17873.287 ms
