Seq Scan on movie_keyword mk  (cost=0.00..81003.12 rows=3548459 width=0) (actual time=0.016..1516.906 rows=3543981 loops=1)
  Filter: (keyword_id < 18986)
  Rows Removed by Filter: 979949
Planning time: 0.328 ms
Execution time: 1951.434 ms
