Hash Join  (cost=925531.67..1448125.31 rows=4009972 width=0) (actual time=15408.490..32855.215 rows=20106056 loops=1)
  Hash Cond: (mi.movie_id = t.id)
  ->  Seq Scan on movie_info mi  (cost=0.00..309384.22 rows=14739122 width=4) (actual time=0.016..6054.627 rows=14835720 loops=1)
  ->  Hash  (cost=914244.68..914244.68 rows=687919 width=8) (actual time=15399.005..15399.005 rows=221745 loops=1)
        Buckets: 131072  Batches: 16  Memory Usage: 1620kB
        ->  Hash Join  (cost=78556.72..914244.68 rows=687919 width=8) (actual time=5731.289..15330.363 rows=221745 loops=1)
              Hash Cond: (ci.movie_id = t.id)
              ->  Seq Scan on cast_info ci  (cost=0.00..796071.18 rows=2605756 width=4) (actual time=4441.349..13472.523 rows=835939 loops=1)
                    Filter: ((person_id < 2205953) AND (role_id = 10))
                    Rows Removed by Filter: 35408405
              ->  Hash  (cost=67604.59..67604.59 rows=667531 width=4) (actual time=1288.670..1288.670 rows=662825 loops=1)
                    Buckets: 131072  Batches: 16  Memory Usage: 2476kB
                    ->  Seq Scan on title t  (cost=0.00..67604.59 rows=667531 width=4) (actual time=7.921..1082.953 rows=662825 loops=1)
                          Filter: (kind_id = 1)
                          Rows Removed by Filter: 1865487
Planning time: 0.877 ms
Execution time: 35153.783 ms
