Hash Join  (cost=98137.04..1206145.99 rows=14420110 width=0) (actual time=2409.238..34530.941 rows=13661945 loops=1)
  Hash Cond: (ci.movie_id = t.id)
  ->  Seq Scan on cast_info ci  (cost=0.00..705507.15 rows=19592540 width=4) (actual time=1.370..13663.133 rows=19481760 loops=1)
        Filter: (person_id < 1950502)
        Rows Removed by Filter: 16762584
  ->  Hash  (cost=67604.59..67604.59 rows=1860996 width=4) (actual time=2401.028..2401.028 rows=1865487 loops=1)
        Buckets: 131072  Batches: 32  Memory Usage: 3079kB
        ->  Seq Scan on title t  (cost=0.00..67604.59 rows=1860996 width=4) (actual time=0.019..1230.686 rows=1865487 loops=1)
              Filter: (kind_id > 1)
              Rows Removed by Filter: 662825
Planning time: 0.735 ms
Execution time: 36170.957 ms
