Seq Scan on movie_keyword mk  (cost=0.00..81003.12 rows=1355012 width=0) (actual time=0.025..1453.346 rows=1369460 loops=1)
  Filter: (keyword_id < 1806)
  Rows Removed by Filter: 3154470
Planning time: 0.328 ms
Execution time: 1630.432 ms
