Seq Scan on movie_companies mc  (cost=0.00..51404.11 rows=104 width=0) (actual time=2.429..808.906 rows=61 loops=1)
  Filter: (company_id = 73867)
  Rows Removed by Filter: 2609068
Planning time: 0.395 ms
Execution time: 808.995 ms
