Hash Join  (cost=182865.20..223402.24 rows=165756 width=0) (actual time=3485.691..4573.157 rows=209604 loops=1)
  Hash Cond: (mi_idx.movie_id = t.id)
  ->  Seq Scan on movie_info_idx mi_idx  (cost=0.00..21735.35 rows=1380035 width=4) (actual time=0.016..451.077 rows=1380035 loops=1)
  ->  Hash  (cost=177881.93..177881.93 rows=303701 width=8) (actual time=3484.832..3484.832 rows=165296 loops=1)
        Buckets: 131072  Batches: 4  Memory Usage: 2643kB
        ->  Hash Join  (cost=102767.86..177881.93 rows=303701 width=8) (actual time=2237.771..3433.276 rows=165296 loops=1)
              Hash Cond: (mc.movie_id = t.id)
              ->  Seq Scan on movie_companies mc  (cost=0.00..57926.93 rows=303701 width=4) (actual time=305.776..943.531 rows=165296 loops=1)
                    Filter: ((company_id < 685) AND (company_type_id > 1))
                    Rows Removed by Filter: 2443833
              ->  Hash  (cost=61283.27..61283.27 rows=2528527 width=4) (actual time=1930.815..1930.815 rows=2528312 loops=1)
                    Buckets: 131072  Batches: 64  Memory Usage: 2415kB
                    ->  Seq Scan on title t  (cost=0.00..61283.27 rows=2528527 width=4) (actual time=0.024..1078.362 rows=2528312 loops=1)
Planning time: 1.177 ms
Execution time: 4599.961 ms
