Hash Join  (cost=58358.92..85269.63 rows=23 width=0) (actual time=1072.891..1571.619 rows=716 loops=1)
  Hash Cond: (mi_idx.movie_id = t.id)
  ->  Seq Scan on movie_info_idx mi_idx  (cost=0.00..21735.35 rows=1380035 width=4) (actual time=0.014..306.174 rows=1380035 loops=1)
  ->  Hash  (cost=58358.39..58358.39 rows=42 width=8) (actual time=1002.832..1002.832 rows=258 loops=1)
        Buckets: 1024  Batches: 1  Memory Usage: 19kB
        ->  Nested Loop  (cost=0.43..58358.39 rows=42 width=8) (actual time=8.844..1002.617 rows=258 loops=1)
              ->  Seq Scan on movie_companies mc  (cost=0.00..57926.93 rows=51 width=4) (actual time=8.775..991.849 rows=258 loops=1)
                    Filter: ((company_type_id < 2) AND (company_id = 946))
                    Rows Removed by Filter: 2608871
              ->  Index Scan using title_pkey on title t  (cost=0.43..8.45 rows=1 width=4) (actual time=0.039..0.040 rows=1 loops=258)
                    Index Cond: (id = mc.movie_id)
                    Filter: (production_year < 2011)
Planning time: 1.214 ms
Execution time: 1571.923 ms
