Hash Join  (cost=106683.01..165190.41 rows=29877 width=0) (actual time=1874.755..3332.828 rows=96932 loops=1)
  Hash Cond: (mc.movie_id = t.id)
  ->  Seq Scan on movie_companies mc  (cost=0.00..51404.11 rows=1814538 width=4) (actual time=0.026..982.706 rows=1825415 loops=1)
        Filter: (company_id > 1700)
        Rows Removed by Filter: 783714
  ->  Hash  (cost=106162.59..106162.59 rows=41633 width=8) (actual time=1874.326..1874.326 rows=55700 loops=1)
        Buckets: 65536  Batches: 1  Memory Usage: 2688kB
        ->  Hash Join  (cost=69484.36..106162.59 rows=41633 width=8) (actual time=1194.583..1855.542 rows=55700 loops=1)
              Hash Cond: (mi_idx.movie_id = t.id)
              ->  Seq Scan on movie_info_idx mi_idx  (cost=0.00..25185.44 rows=919057 width=4) (actual time=0.019..471.189 rows=920110 loops=1)
                    Filter: (info_type_id > 99)
                    Rows Removed by Filter: 459925
              ->  Hash  (cost=67604.59..67604.59 rows=114542 width=4) (actual time=1043.263..1043.263 rows=118234 loops=1)
                    Buckets: 131072  Batches: 2  Memory Usage: 3101kB
                    ->  Seq Scan on title t  (cost=0.00..67604.59 rows=114542 width=4) (actual time=0.023..1002.796 rows=118234 loops=1)
                          Filter: (kind_id = 4)
                          Rows Removed by Filter: 2410078
Planning time: 1.213 ms
Execution time: 3346.700 ms
