Hash Join  (cost=86504.03..541330.47 rows=2193816 width=0) (actual time=1501.290..12450.138 rows=3792447 loops=1)
  Hash Cond: (mi.movie_id = t.id)
  ->  Seq Scan on movie_info mi  (cost=0.00..346232.03 rows=7235534 width=4) (actual time=172.803..6279.219 rows=7286865 loops=1)
        Filter: (info_type_id < 8)
        Rows Removed by Filter: 7548855
  ->  Hash  (cost=73925.90..73925.90 rows=766650 width=4) (actual time=1327.440..1327.440 rows=663610 loops=1)
        Buckets: 131072  Batches: 16  Memory Usage: 2489kB
        ->  Seq Scan on title t  (cost=0.00..73925.90 rows=766650 width=4) (actual time=0.027..1111.848 rows=663610 loops=1)
              Filter: ((kind_id < 4) AND (production_year > 1956))
              Rows Removed by Filter: 1864702
Planning time: 0.750 ms
Execution time: 12850.865 ms
