Nested Loop  (cost=0.43..799703.28 rows=115 width=0) (actual time=7192.939..14729.583 rows=1 loops=1)
  ->  Seq Scan on cast_info ci  (cost=0.00..796071.18 rows=435 width=4) (actual time=7192.896..14729.373 rows=13 loops=1)
        Filter: ((role_id < 10) AND (person_id = 1052010))
        Rows Removed by Filter: 36244331
  ->  Index Scan using title_pkey on title t  (cost=0.43..8.34 rows=1 width=4) (actual time=0.014..0.014 rows=0 loops=13)
        Index Cond: (id = ci.movie_id)
        Filter: (kind_id = 1)
        Rows Removed by Filter: 1
Planning time: 3.700 ms
Execution time: 14729.694 ms
