Hash Join  (cost=136339.04..896170.25 rows=904205 width=0) (actual time=2484.790..23965.492 rows=1636795 loops=1)
  Hash Cond: (ci.movie_id = t.id)
  ->  Seq Scan on cast_info ci  (cost=0.00..614943.12 rows=36225612 width=4) (actual time=0.019..9654.411 rows=36244344 loops=1)
  ->  Hash  (cost=135550.13..135550.13 rows=63113 width=8) (actual time=2484.347..2484.347 rows=53255 loops=1)
        Buckets: 65536  Batches: 1  Memory Usage: 2593kB
        ->  Hash Join  (cost=69928.56..135550.13 rows=63113 width=8) (actual time=1084.178..2465.256 rows=53255 loops=1)
              Hash Cond: (mc.movie_id = t.id)
              ->  Seq Scan on movie_companies mc  (cost=0.00..51404.11 rows=1127019 width=4) (actual time=0.379..931.832 rows=1137945 loops=1)
                    Filter: (company_id > 13411)
                    Rows Removed by Filter: 1471184
              ->  Hash  (cost=67604.59..67604.59 rows=141598 width=4) (actual time=1083.057..1083.057 rows=141703 loops=1)
                    Buckets: 131072  Batches: 2  Memory Usage: 3511kB
                    ->  Seq Scan on title t  (cost=0.00..67604.59 rows=141598 width=4) (actual time=0.026..1027.528 rows=141703 loops=1)
                          Filter: (production_year = 2010)
                          Rows Removed by Filter: 2386609
Planning time: 1.785 ms
Execution time: 24186.133 ms
