Hash Join  (cost=260849.62..793672.44 rows=6103075 width=0) (actual time=6592.371..32359.067 rows=74016814 loops=1)
  Hash Cond: (mi.movie_id = t.id)
  ->  Seq Scan on movie_info mi  (cost=0.00..346232.03 rows=9293409 width=4) (actual time=761.670..6740.967 rows=9425200 loops=1)
        Filter: (info_type_id > 5)
        Rows Removed by Filter: 5410520
  ->  Hash  (cost=233606.25..233606.25 rows=1660509 width=8) (actual time=5826.886..5826.886 rows=1666584 loops=1)
        Buckets: 131072  Batches: 32  Memory Usage: 3130kB
        ->  Hash Join  (cost=102767.86..233606.25 rows=1660509 width=8) (actual time=2118.989..5349.784 rows=1666584 loops=1)
              Hash Cond: (mk.movie_id = t.id)
              ->  Seq Scan on movie_keyword mk  (cost=0.00..81003.12 rows=1660509 width=4) (actual time=0.034..1552.155 rows=1666584 loops=1)
                    Filter: (keyword_id > 8728)
                    Rows Removed by Filter: 2857346
              ->  Hash  (cost=61283.27..61283.27 rows=2528527 width=4) (actual time=2117.903..2117.903 rows=2528312 loops=1)
                    Buckets: 131072  Batches: 64  Memory Usage: 2425kB
                    ->  Seq Scan on title t  (cost=0.00..61283.27 rows=2528527 width=4) (actual time=0.025..996.243 rows=2528312 loops=1)
Planning time: 4.524 ms
Execution time: 40013.098 ms
