Hash Join  (cost=290076.64..1167175.53 rows=6877447 width=0) (actual time=10630.056..27928.127 rows=18750392 loops=1)
  Hash Cond: (ci.movie_id = t.id)
  ->  Seq Scan on cast_info ci  (cost=0.00..705507.15 rows=7298253 width=4) (actual time=4264.253..13627.465 rows=7451973 loops=1)
        Filter: (role_id = 2)
        Rows Removed by Filter: 28792371
  ->  Hash  (cost=250984.44..250984.44 rows=2382736 width=8) (actual time=6364.832..6364.832 rows=2377076 loops=1)
        Buckets: 131072  Batches: 32  Memory Usage: 3908kB
        ->  Hash Join  (cost=102767.86..250984.44 rows=2382736 width=8) (actual time=1983.074..5708.069 rows=2377076 loops=1)
              Hash Cond: (mk.movie_id = t.id)
              ->  Seq Scan on movie_keyword mk  (cost=0.00..81003.12 rows=2382736 width=4) (actual time=0.026..1598.379 rows=2377076 loops=1)
                    Filter: (keyword_id > 4030)
                    Rows Removed by Filter: 2146854
              ->  Hash  (cost=61283.27..61283.27 rows=2528527 width=4) (actual time=1981.402..1981.402 rows=2528312 loops=1)
                    Buckets: 131072  Batches: 64  Memory Usage: 2425kB
                    ->  Seq Scan on title t  (cost=0.00..61283.27 rows=2528527 width=4) (actual time=0.013..1120.292 rows=2528312 loops=1)
Planning time: 1.198 ms
Execution time: 29855.965 ms
