Hash Join  (cost=81243.51..167955.48 rows=5393 width=0) (actual time=493.776..2158.867 rows=12317 loops=1)
  Hash Cond: (mk.movie_id = t.id)
  ->  Seq Scan on movie_keyword mk  (cost=0.00..69693.30 rows=4523930 width=4) (actual time=1.789..936.463 rows=4523930 loops=1)
  ->  Hash  (cost=81205.84..81205.84 rows=3014 width=8) (actual time=482.744..482.744 rows=2423 loops=1)
        Buckets: 4096  Batches: 1  Memory Usage: 127kB
        ->  Nested Loop  (cost=0.43..81205.84 rows=3014 width=8) (actual time=18.906..481.594 rows=2423 loops=1)
              ->  Seq Scan on movie_companies mc  (cost=0.00..57926.93 rows=3014 width=4) (actual time=18.837..444.711 rows=2423 loops=1)
                    Filter: ((company_id = 73) AND (company_type_id = 2))
                    Rows Removed by Filter: 2606706
              ->  Index Only Scan using title_pkey on title t  (cost=0.43..7.71 rows=1 width=4) (actual time=0.014..0.015 rows=1 loops=2423)
                    Index Cond: (id = mc.movie_id)
                    Heap Fetches: 2423
Planning time: 1.094 ms
Execution time: 2160.586 ms
