Hash Join  (cost=127518.22..193341.87 rows=105836 width=0) (actual time=2809.807..3992.802 rows=70506 loops=1)
  Hash Cond: (mc.movie_id = t.id)
  ->  Seq Scan on movie_companies mc  (cost=0.00..51404.11 rows=1070984 width=4) (actual time=0.026..992.337 rows=1082778 loops=1)
        Filter: (company_id > 14328)
        Rows Removed by Filter: 1526351
  ->  Hash  (cost=123417.83..123417.83 rows=249871 width=8) (actual time=2514.037..2514.037 rows=127518 loops=1)
        Buckets: 131072  Batches: 4  Memory Usage: 2283kB
        ->  Hash Join  (cost=81437.64..123417.83 rows=249871 width=8) (actual time=1673.605..2477.225 rows=127518 loops=1)
              Hash Cond: (mi_idx.movie_id = t.id)
              ->  Seq Scan on movie_info_idx mi_idx  (cost=0.00..21735.35 rows=1380035 width=4) (actual time=0.024..494.572 rows=1380035 loops=1)
              ->  Hash  (cost=73925.90..73925.90 rows=457819 width=4) (actual time=1326.683..1326.683 rows=344212 loops=1)
                    Buckets: 131072  Batches: 8  Memory Usage: 2523kB
                    ->  Seq Scan on title t  (cost=0.00..73925.90 rows=457819 width=4) (actual time=110.464..1206.003 rows=344212 loops=1)
                          Filter: ((production_year < 1993) AND (kind_id = 7))
                          Rows Removed by Filter: 2184100
Planning time: 4.977 ms
Execution time: 4002.511 ms
