Seq Scan on movie_keyword mk  (cost=0.00..81003.12 rows=856410 width=0) (actual time=0.024..1398.512 rows=863682 loops=1)
  Filter: (keyword_id > 21308)
  Rows Removed by Filter: 3660248
Planning time: 0.349 ms
Execution time: 1508.979 ms
