Hash Join  (cost=69036.01..196357.57 rows=133210 width=0) (actual time=1140.270..3984.852 rows=36405 loops=1)
  Hash Cond: (mk.movie_id = t.id)
  ->  Seq Scan on movie_keyword mk  (cost=0.00..81003.12 rows=3861156 width=4) (actual time=0.025..1730.431 rows=3854992 loops=1)
        Filter: (keyword_id < 28004)
        Rows Removed by Filter: 668938
  ->  Hash  (cost=67604.59..67604.59 rows=87234 width=4) (actual time=1139.498..1139.498 rows=85260 loops=1)
        Buckets: 131072  Batches: 2  Memory Usage: 2526kB
        ->  Seq Scan on title t  (cost=0.00..67604.59 rows=87234 width=4) (actual time=14.628..1108.042 rows=85260 loops=1)
              Filter: (production_year < 1920)
              Rows Removed by Filter: 2443052
Planning time: 0.768 ms
Execution time: 3991.020 ms
