Hash Join  (cost=205709.09..742032.67 rows=5296765 width=0) (actual time=4625.300..26707.865 rows=38826875 loops=1)
  Hash Cond: (mi.movie_id = t.id)
  ->  Seq Scan on movie_info mi  (cost=0.00..309384.22 rows=14739122 width=4) (actual time=0.022..5991.888 rows=14835720 loops=1)
  ->  Hash  (cost=190800.70..190800.70 rows=908671 width=8) (actual time=4624.264..4624.264 rows=909484 loops=1)
        Buckets: 131072  Batches: 16  Memory Usage: 3288kB
        ->  Hash Join  (cost=101458.67..190800.70 rows=908671 width=8) (actual time=2055.972..4395.606 rows=909484 loops=1)
              Hash Cond: (mc.movie_id = t.id)
              ->  Seq Scan on movie_companies mc  (cost=0.00..57926.93 rows=1113476 width=4) (actual time=0.028..1216.076 rows=1274246 loops=1)
                    Filter: ((company_id < 89198) AND (company_type_id = 1))
                    Rows Removed by Filter: 1334883
              ->  Hash  (cost=67604.59..67604.59 rows=2063447 width=4) (actual time=2055.075..2055.075 rows=2060346 loops=1)
                    Buckets: 131072  Batches: 32  Memory Usage: 3293kB
                    ->  Seq Scan on title t  (cost=0.00..67604.59 rows=2063447 width=4) (actual time=0.016..1405.993 rows=2060346 loops=1)
                          Filter: (production_year > 1971)
                          Rows Removed by Filter: 467966
Planning time: 5.637 ms
Execution time: 30749.893 ms
