Hash Join  (cost=109544.49..166134.93 rows=20028 width=0) (actual time=1925.065..3111.078 rows=60454 loops=1)
  Hash Cond: (mc.movie_id = t.id)
  ->  Seq Scan on movie_companies mc  (cost=0.00..51404.11 rows=1329612 width=4) (actual time=0.010..873.278 rows=1334883 loops=1)
        Filter: (company_type_id = 2)
        Rows Removed by Filter: 1274246
  ->  Hash  (cost=109068.39..109068.39 rows=38088 width=8) (actual time=1924.701..1924.701 rows=38647 loops=1)
        Buckets: 65536  Batches: 1  Memory Usage: 2022kB
        ->  Hash Join  (cost=77354.40..109068.39 rows=38088 width=8) (actual time=1222.119..1910.174 rows=38647 loops=1)
              Hash Cond: (mi_idx.movie_id = t.id)
              ->  Seq Scan on movie_info_idx mi_idx  (cost=0.00..25185.44 rows=460978 width=4) (actual time=0.015..438.864 rows=459925 loops=1)
                    Filter: (info_type_id < 100)
                    Rows Removed by Filter: 920110
              ->  Hash  (cost=73925.90..73925.90 rows=208920 width=4) (actual time=1221.478..1221.478 rows=183835 loops=1)
                    Buckets: 131072  Batches: 4  Memory Usage: 2649kB
                    ->  Seq Scan on title t  (cost=0.00..73925.90 rows=208920 width=4) (actual time=0.020..1162.542 rows=183835 loops=1)
                          Filter: ((kind_id < 7) AND (production_year > 2009))
                          Rows Removed by Filter: 2344477
Planning time: 0.761 ms
Execution time: 3119.084 ms
