Seq Scan on movie_keyword mk  (cost=0.00..81003.12 rows=246 width=0) (actual time=864.736..1266.986 rows=1 loops=1)
  Filter: (keyword_id = 636)
  Rows Removed by Filter: 4523929
Planning time: 0.368 ms
Execution time: 1267.074 ms
