Seq Scan on movie_keyword mk  (cost=0.00..81003.12 rows=2873181 width=0) (actual time=0.025..1603.428 rows=2865809 loops=1)
  Filter: (keyword_id < 8816)
  Rows Removed by Filter: 1658121
Planning time: 0.336 ms
Execution time: 1951.608 ms
