Hash Join  (cost=102767.86..1235041.39 rows=17325193 width=0) (actual time=4921.869..30915.782 rows=17445276 loops=1)
  Hash Cond: (ci.movie_id = t.id)
  ->  Seq Scan on cast_info ci  (cost=0.00..705507.15 rows=17325193 width=4) (actual time=2893.957..14544.402 rows=17445276 loops=1)
        Filter: (person_id > 1873511)
        Rows Removed by Filter: 18799068
  ->  Hash  (cost=61283.27..61283.27 rows=2528527 width=4) (actual time=2026.572..2026.572 rows=2528312 loops=1)
        Buckets: 131072  Batches: 64  Memory Usage: 2415kB
        ->  Seq Scan on title t  (cost=0.00..61283.27 rows=2528527 width=4) (actual time=0.022..1159.351 rows=2528312 loops=1)
Planning time: 0.752 ms
Execution time: 32919.707 ms
