Seq Scan on movie_companies mc  (cost=0.00..57926.93 rows=53 width=0) (actual time=266.351..808.484 rows=155 loops=1)
  Filter: ((company_id = 80934) AND (company_type_id = 2))
  Rows Removed by Filter: 2608974
Planning time: 0.326 ms
Execution time: 808.574 ms
