Hash Join  (cost=113939.97..865908.52 rows=117938 width=0) (actual time=989.389..16777.222 rows=498987 loops=1)
  Hash Cond: (ci.movie_id = t.id)
  ->  Seq Scan on cast_info ci  (cost=0.00..614943.12 rows=36225612 width=4) (actual time=0.009..8192.038 rows=36244344 loops=1)
  ->  Hash  (cost=113837.07..113837.07 rows=8232 width=8) (actual time=986.226..986.226 rows=8081 loops=1)
        Buckets: 16384  Batches: 1  Memory Usage: 444kB
        ->  Nested Loop  (cost=0.43..113837.07 rows=8232 width=8) (actual time=26.806..982.156 rows=8081 loops=1)
              ->  Seq Scan on movie_companies mc  (cost=0.00..57926.93 rows=8232 width=4) (actual time=26.730..862.601 rows=8081 loops=1)
                    Filter: ((company_type_id < 2) AND (company_id = 166))
                    Rows Removed by Filter: 2601048
              ->  Index Only Scan using title_pkey on title t  (cost=0.43..6.78 rows=1 width=4) (actual time=0.014..0.014 rows=1 loops=8081)
                    Index Cond: (id = mc.movie_id)
                    Heap Fetches: 8081
Planning time: 1.280 ms
Execution time: 16838.353 ms
