Hash Join  (cost=448648.14..575291.15 rows=380897 width=0) (actual time=8244.715..11208.782 rows=251295 loops=1)
  Hash Cond: (mk.movie_id = t.id)
  ->  Seq Scan on movie_keyword mk  (cost=0.00..69693.30 rows=4523930 width=4) (actual time=0.013..1354.744 rows=4523930 loops=1)
  ->  Hash  (cost=445154.99..445154.99 rows=212892 width=8) (actual time=8243.456..8243.456 rows=100398 loops=1)
        Buckets: 131072  Batches: 4  Memory Usage: 2008kB
        ->  Hash Join  (cost=84832.42..445154.99 rows=212892 width=8) (actual time=4683.559..8216.180 rows=100398 loops=1)
              Hash Cond: (mi.movie_id = t.id)
              ->  Seq Scan on movie_info mi  (cost=0.00..346232.03 rows=809768 width=4) (actual time=2695.201..5099.925 rows=802140 loops=1)
                    Filter: (info_type_id < 2)
                    Rows Removed by Filter: 14033580
              ->  Hash  (cost=73925.90..73925.90 rows=664761 width=4) (actual time=1987.635..1987.635 rows=704326 loops=1)
                    Buckets: 131072  Batches: 16  Memory Usage: 2581kB
                    ->  Seq Scan on title t  (cost=0.00..73925.90 rows=664761 width=4) (actual time=0.016..1296.713 rows=704326 loops=1)
                          Filter: ((kind_id > 1) AND (production_year > 2006))
                          Rows Removed by Filter: 1823986
Planning time: 1.559 ms
Execution time: 11237.290 ms
