Hash Join  (cost=102767.86..195259.85 rows=1025911 width=0) (actual time=1858.106..4554.729 rows=1169587 loops=1)
  Hash Cond: (mc.movie_id = t.id)
  ->  Seq Scan on movie_companies mc  (cost=0.00..57926.93 rows=1025911 width=4) (actual time=21.690..1197.656 rows=1169587 loops=1)
        Filter: ((company_id > 685) AND (company_type_id = 2))
        Rows Removed by Filter: 1439542
  ->  Hash  (cost=61283.27..61283.27 rows=2528527 width=4) (actual time=1835.097..1835.097 rows=2528312 loops=1)
        Buckets: 131072  Batches: 64  Memory Usage: 2415kB
        ->  Seq Scan on title t  (cost=0.00..61283.27 rows=2528527 width=4) (actual time=0.014..961.541 rows=2528312 loops=1)
Planning time: 0.737 ms
Execution time: 4686.055 ms
