Seq Scan on movie_keyword mk  (cost=0.00..81003.12 rows=246 width=0) (actual time=13.799..1348.026 rows=112 loops=1)
  Filter: (keyword_id = 11365)
  Rows Removed by Filter: 4523818
Planning time: 0.320 ms
Execution time: 1348.199 ms
