Seq Scan on title t  (cost=0.00..73925.90 rows=1497714 width=0) (actual time=326.158..1279.977 rows=1478440 loops=1)
  Filter: ((production_year > 0) AND (kind_id = 7))
  Rows Removed by Filter: 1049872
Planning time: 0.389 ms
Execution time: 1459.157 ms
