Seq Scan on movie_keyword mk  (cost=0.00..81003.12 rows=3181985 width=0) (actual time=0.026..1709.608 rows=3171091 loops=1)
  Filter: (keyword_id < 12482)
  Rows Removed by Filter: 1352839
Planning time: 0.691 ms
Execution time: 2101.766 ms
