Seq Scan on cast_info ci  (cost=0.00..705507.15 rows=500 width=0) (actual time=4948.619..10962.381 rows=120 loops=1)
  Filter: (person_id = 2902494)
  Rows Removed by Filter: 36244224
Planning time: 0.407 ms
Execution time: 10962.490 ms
