Hash Join  (cost=190960.70..568909.13 rows=437259 width=0) (actual time=3919.838..10875.425 rows=833611 loops=1)
  Hash Cond: (mi.movie_id = t.id)
  ->  Seq Scan on movie_info mi  (cost=0.00..346232.03 rows=2194617 width=4) (actual time=257.928..5775.647 rows=2233850 loops=1)
        Filter: (info_type_id > 16)
        Rows Removed by Filter: 12601870
  ->  Hash  (cost=182695.35..182695.35 rows=503788 width=8) (actual time=3661.038..3661.038 rows=296567 loops=1)
        Buckets: 131072  Batches: 8  Memory Usage: 2481kB
        ->  Hash Join  (cost=102767.86..182695.35 rows=503788 width=8) (actual time=2362.200..3571.338 rows=296567 loops=1)
              Hash Cond: (mc.movie_id = t.id)
              ->  Seq Scan on movie_companies mc  (cost=0.00..57926.93 rows=503788 width=4) (actual time=404.391..997.852 rows=296567 loops=1)
                    Filter: ((company_id < 4595) AND (company_type_id > 1))
                    Rows Removed by Filter: 2312562
              ->  Hash  (cost=61283.27..61283.27 rows=2528527 width=4) (actual time=1956.491..1956.491 rows=2528312 loops=1)
                    Buckets: 131072  Batches: 64  Memory Usage: 2415kB
                    ->  Seq Scan on title t  (cost=0.00..61283.27 rows=2528527 width=4) (actual time=0.012..1109.499 rows=2528312 loops=1)
Planning time: 0.989 ms
Execution time: 10962.857 ms
