Seq Scan on movie_companies mc  (cost=0.00..51404.11 rows=104 width=0) (actual time=96.548..791.927 rows=19 loops=1)
  Filter: (company_id = 46861)
  Rows Removed by Filter: 2609110
Planning time: 0.367 ms
Execution time: 792.013 ms
