Hash Join  (cost=229706.38..733526.62 rows=4055386 width=0) (actual time=4629.707..16365.312 rows=1768068 loops=1)
  Hash Cond: (mi.movie_id = t.id)
  ->  Seq Scan on movie_info mi  (cost=0.00..346232.03 rows=9767026 width=4) (actual time=0.011..6737.283 rows=9911754 loops=1)
        Filter: (info_type_id > 4)
        Rows Removed by Filter: 4923966
  ->  Hash  (cost=212480.94..212480.94 rows=1049875 width=8) (actual time=4628.660..4628.660 rows=215909 loops=1)
        Buckets: 131072  Batches: 16  Memory Usage: 1553kB
        ->  Hash Join  (cost=92883.59..212480.94 rows=1049875 width=8) (actual time=3346.130..4564.239 rows=215909 loops=1)
              Hash Cond: (mk.movie_id = t.id)
              ->  Seq Scan on movie_keyword mk  (cost=0.00..81003.12 rows=1722895 width=4) (actual time=0.021..1536.193 rows=1725755 loops=1)
                    Filter: (keyword_id < 2799)
                    Rows Removed by Filter: 2798175
              ->  Hash  (cost=67604.59..67604.59 rows=1540800 width=4) (actual time=1891.883..1891.883 rows=1543264 loops=1)
                    Buckets: 131072  Batches: 32  Memory Usage: 2728kB
                    ->  Seq Scan on title t  (cost=0.00..67604.59 rows=1540800 width=4) (actual time=126.199..1375.993 rows=1543264 loops=1)
                          Filter: (kind_id = 7)
                          Rows Removed by Filter: 985048
Planning time: 1.459 ms
Execution time: 16575.568 ms
