Hash Join  (cost=111304.25..1092716.25 rows=588547 width=0) (actual time=8754.916..24281.900 rows=807382 loops=1)
  Hash Cond: (ci.movie_id = t.id)
  ->  Seq Scan on cast_info ci  (cost=0.00..796071.18 rows=15487834 width=4) (actual time=6502.995..16576.316 rows=13873751 loops=1)
        Filter: ((person_id > 1267082) AND (role_id < 4))
        Rows Removed by Filter: 22370593
  ->  Hash  (cost=109727.19..109727.19 rows=96085 width=8) (actual time=2250.498..2250.498 rows=97984 loops=1)
        Buckets: 131072  Batches: 2  Memory Usage: 2939kB
        ->  Hash Join  (cost=71961.27..109727.19 rows=96085 width=8) (actual time=1220.560..2218.131 rows=97984 loops=1)
              Hash Cond: (mi_idx.movie_id = t.id)
              ->  Seq Scan on movie_info_idx mi_idx  (cost=0.00..25185.44 rows=915101 width=4) (actual time=0.039..561.364 rows=919850 loops=1)
                    Filter: (info_type_id < 101)
                    Rows Removed by Filter: 460185
              ->  Hash  (cost=67604.59..67604.59 rows=265495 width=4) (actual time=1218.646..1218.646 rows=263594 loops=1)
                    Buckets: 131072  Batches: 4  Memory Usage: 3340kB
                    ->  Seq Scan on title t  (cost=0.00..67604.59 rows=265495 width=4) (actual time=0.029..1127.852 rows=263594 loops=1)
                          Filter: (production_year < 1962)
                          Rows Removed by Filter: 2264718
Planning time: 1.296 ms
Execution time: 24383.554 ms
