Hash Join  (cost=915965.70..1279442.06 rows=95482 width=0) (actual time=13709.660..19799.493 rows=52476 loops=1)
  Hash Cond: (mi.movie_id = t.id)
  ->  Seq Scan on movie_info mi  (cost=0.00..346232.03 rows=1348138 width=4) (actual time=98.035..5622.972 rows=1298989 loops=1)
        Filter: (info_type_id = 4)
        Rows Removed by Filter: 13536731
  ->  Hash  (cost=913027.15..913027.15 rows=179084 width=8) (actual time=13610.641..13610.641 rows=72323 loops=1)
        Buckets: 131072  Batches: 4  Memory Usage: 1727kB
        ->  Hash Join  (cost=102767.86..913027.15 rows=179084 width=8) (actual time=6889.892..13583.769 rows=72323 loops=1)
              Hash Cond: (ci.movie_id = t.id)
              ->  Seq Scan on cast_info ci  (cost=0.00..796071.18 rows=179084 width=4) (actual time=4864.605..11103.819 rows=72323 loops=1)
                    Filter: ((person_id < 77798) AND (role_id > 7))
                    Rows Removed by Filter: 36172021
              ->  Hash  (cost=61283.27..61283.27 rows=2528527 width=4) (actual time=2024.080..2024.080 rows=2528312 loops=1)
                    Buckets: 131072  Batches: 64  Memory Usage: 2415kB
                    ->  Seq Scan on title t  (cost=0.00..61283.27 rows=2528527 width=4) (actual time=0.025..1181.640 rows=2528312 loops=1)
Planning time: 1.278 ms
Execution time: 19806.915 ms
