Nested Loop  (cost=0.43..142530.09 rows=13961 width=0) (actual time=211.617..1378.307 rows=14470 loops=1)
  ->  Seq Scan on movie_companies mc  (cost=0.00..57926.93 rows=13961 width=4) (actual time=211.543..960.771 rows=14470 loops=1)
        Filter: ((company_type_id > 1) AND (company_id = 27))
        Rows Removed by Filter: 2594659
  ->  Index Only Scan using title_pkey on title t  (cost=0.43..6.05 rows=1 width=4) (actual time=0.028..0.028 rows=1 loops=14470)
        Index Cond: (id = mc.movie_id)
        Heap Fetches: 14470
Planning time: 0.782 ms
Execution time: 1381.869 ms
