Hash Join  (cost=639555.56..2346309.18 rows=52284842 width=0) (actual time=16173.902..84281.065 rows=113950089 loops=1)
  Hash Cond: (ci.movie_id = t.id)
  ->  Seq Scan on cast_info ci  (cost=0.00..614943.12 rows=36225612 width=4) (actual time=0.023..13913.424 rows=36244344 loops=1)
  ->  Hash  (cost=579681.41..579681.41 rows=3649452 width=8) (actual time=16172.869..16172.869 rows=5061754 loops=1)
        Buckets: 131072 (originally 131072)  Batches: 128 (originally 64)  Memory Usage: 4089kB
        ->  Hash Join  (cost=83580.70..579681.41 rows=3649452 width=8) (actual time=2560.800..14834.092 rows=5061754 loops=1)
              Hash Cond: (mi.movie_id = t.id)
              ->  Seq Scan on movie_info mi  (cost=0.00..346232.03 rows=9476311 width=4) (actual time=890.023..6831.696 rows=9565151 loops=1)
                    Filter: (info_type_id < 16)
                    Rows Removed by Filter: 5270569
              ->  Hash  (cost=67604.59..67604.59 rows=973769 width=4) (actual time=1669.928..1669.928 rows=971188 loops=1)
                    Buckets: 131072  Batches: 16  Memory Usage: 3169kB
                    ->  Seq Scan on title t  (cost=0.00..67604.59 rows=973769 width=4) (actual time=0.028..1331.495 rows=971188 loops=1)
                          Filter: (production_year < 1999)
                          Rows Removed by Filter: 1557124
Planning time: 1.201 ms
Execution time: 96644.044 ms
