Hash Join  (cost=67697.55..94625.21 rows=1356 width=0) (actual time=1248.553..1648.410 rows=980 loops=1)
  Hash Cond: (mi_idx.movie_id = t.id)
  ->  Seq Scan on movie_info_idx mi_idx  (cost=0.00..25185.44 rows=460978 width=4) (actual time=0.025..456.704 rows=459925 loops=1)
        Filter: (info_type_id < 100)
        Rows Removed by Filter: 920110
  ->  Hash  (cost=67604.59..67604.59 rows=7437 width=4) (actual time=1106.520..1106.520 rows=2493 loops=1)
        Buckets: 8192  Batches: 1  Memory Usage: 152kB
        ->  Seq Scan on title t  (cost=0.00..67604.59 rows=7437 width=4) (actual time=375.629..1105.210 rows=2493 loops=1)
              Filter: (production_year = 1934)
              Rows Removed by Filter: 2525819
Planning time: 0.751 ms
Execution time: 1648.726 ms
