Seq Scan on movie_keyword mk  (cost=0.00..81003.12 rows=246 width=0) (actual time=56.033..1170.561 rows=45 loops=1)
  Filter: (keyword_id = 12449)
  Rows Removed by Filter: 4523885
Planning time: 0.341 ms
Execution time: 1170.695 ms
