Hash Join  (cost=129159.41..494771.83 rows=95650 width=0) (actual time=2392.449..10868.115 rows=1350495 loops=1)
  Hash Cond: (mi.movie_id = t.id)
  ->  Seq Scan on movie_info mi  (cost=0.00..309384.22 rows=14739122 width=4) (actual time=0.018..4516.548 rows=14835720 loops=1)
  ->  Hash  (cost=128954.29..128954.29 rows=16409 width=8) (actual time=2392.066..2392.066 rows=27286 loops=1)
        Buckets: 32768  Batches: 1  Memory Usage: 1322kB
        ->  Hash Join  (cost=74124.68..128954.29 rows=16409 width=8) (actual time=1200.662..2381.701 rows=27286 loops=1)
              Hash Cond: (mc.movie_id = t.id)
              ->  Seq Scan on movie_companies mc  (cost=0.00..44881.29 rows=2609129 width=4) (actual time=0.018..604.359 rows=2609129 loops=1)
              ->  Hash  (cost=73925.90..73925.90 rows=15902 width=4) (actual time=1200.555..1200.555 rows=12969 loops=1)
                    Buckets: 16384  Batches: 1  Memory Usage: 584kB
                    ->  Seq Scan on title t  (cost=0.00..73925.90 rows=15902 width=4) (actual time=0.019..1194.425 rows=12969 loops=1)
                          Filter: ((kind_id < 7) AND (production_year = 1997))
                          Rows Removed by Filter: 2515343
Planning time: 1.986 ms
Execution time: 11041.819 ms
