Hash Join  (cost=69694.50..126649.99 rows=21093 width=0) (actual time=1235.839..2228.435 rows=20564 loops=1)
  Hash Cond: (mc.movie_id = t.id)
  ->  Seq Scan on movie_companies mc  (cost=0.00..51404.11 rows=418785 width=4) (actual time=26.724..827.634 rows=422202 loops=1)
        Filter: (company_id > 79869)
        Rows Removed by Filter: 2186927
  ->  Hash  (cost=67604.59..67604.59 rows=127353 width=4) (actual time=1208.186..1208.186 rows=128696 loops=1)
        Buckets: 131072  Batches: 2  Memory Usage: 3284kB
        ->  Seq Scan on title t  (cost=0.00..67604.59 rows=127353 width=4) (actual time=0.029..1159.945 rows=128696 loops=1)
              Filter: (production_year = 2009)
              Rows Removed by Filter: 2399616
Planning time: 0.567 ms
Execution time: 2231.838 ms
