Hash Join  (cost=200176.18..740519.36 rows=5673525 width=0) (actual time=4600.536..28926.140 rows=42754788 loops=1)
  Hash Cond: (mi.movie_id = t.id)
  ->  Seq Scan on movie_info mi  (cost=0.00..309384.22 rows=14739122 width=4) (actual time=0.024..5734.796 rows=14835720 loops=1)
  ->  Hash  (cost=184207.87..184207.87 rows=973305 width=8) (actual time=4599.641..4599.641 rows=1099193 loops=1)
        Buckets: 131072  Batches: 16  Memory Usage: 3772kB
        ->  Hash Join  (cost=99161.12..184207.87 rows=973305 width=8) (actual time=1995.316..4270.877 rows=1099193 loops=1)
              Hash Cond: (mc.movie_id = t.id)
              ->  Seq Scan on movie_companies mc  (cost=0.00..51404.11 rows=1279517 width=4) (actual time=0.022..1003.307 rows=1274246 loops=1)
                    Filter: (company_type_id < 2)
                    Rows Removed by Filter: 1334883
              ->  Hash  (cost=67604.59..67604.59 rows=1923403 width=4) (actual time=1994.296..1994.296 rows=1922849 loops=1)
                    Buckets: 131072  Batches: 32  Memory Usage: 3132kB
                    ->  Seq Scan on title t  (cost=0.00..67604.59 rows=1923403 width=4) (actual time=0.016..1363.931 rows=1922849 loops=1)
                          Filter: (production_year < 2010)
                          Rows Removed by Filter: 605463
Planning time: 1.156 ms
Execution time: 33547.527 ms
