Hash Join  (cost=231570.64..788510.36 rows=5502191 width=0) (actual time=6114.878..54678.879 rows=158460751 loops=1)
  Hash Cond: (mi.movie_id = t.id)
  ->  Seq Scan on movie_info mi  (cost=0.00..309384.22 rows=14739122 width=4) (actual time=0.014..6305.737 rows=14835720 loops=1)
  ->  Hash  (cost=216083.74..216083.74 rows=943912 width=8) (actual time=6112.467..6112.467 rows=2745381 loops=1)
        Buckets: 131072 (originally 131072)  Batches: 64 (originally 16)  Memory Usage: 3073kB
        ->  Hash Join  (cost=82581.58..216083.74 rows=943912 width=8) (actual time=1418.909..5374.331 rows=2745381 loops=1)
              Hash Cond: (mk.movie_id = t.id)
              ->  Seq Scan on movie_keyword mk  (cost=0.00..69693.30 rows=4523930 width=4) (actual time=0.013..1429.345 rows=4523930 loops=1)
              ->  Hash  (cost=73925.90..73925.90 rows=527574 width=4) (actual time=1417.894..1417.894 rows=609532 loops=1)
                    Buckets: 131072  Batches: 8  Memory Usage: 3723kB
                    ->  Seq Scan on title t  (cost=0.00..73925.90 rows=527574 width=4) (actual time=0.024..1215.954 rows=609532 loops=1)
                          Filter: ((kind_id < 7) AND (production_year < 2005))
                          Rows Removed by Filter: 1918780
Planning time: 1.196 ms
Execution time: 71064.512 ms
