Hash Join  (cost=122940.92..1027644.64 rows=626188 width=0) (actual time=2728.653..21849.290 rows=2418242 loops=1)
  Hash Cond: (ci.movie_id = t.id)
  ->  Seq Scan on cast_info ci  (cost=0.00..796071.18 rows=8792711 width=4) (actual time=0.015..13681.845 rows=9464171 loops=1)
        Filter: ((person_id < 973577) AND (role_id < 10))
        Rows Removed by Filter: 26780173
  ->  Hash  (cost=119986.01..119986.01 rows=180073 width=8) (actual time=2727.793..2727.793 rows=318019 loops=1)
        Buckets: 131072 (originally 131072)  Batches: 8 (originally 4)  Memory Usage: 3073kB
        ->  Hash Join  (cost=83810.17..119986.01 rows=180073 width=8) (actual time=1607.002..2624.988 rows=318019 loops=1)
              Hash Cond: (mi_idx.movie_id = t.id)
              ->  Seq Scan on movie_info_idx mi_idx  (cost=0.00..25185.44 rows=460978 width=4) (actual time=0.018..499.096 rows=459925 loops=1)
                    Filter: (info_type_id < 100)
                    Rows Removed by Filter: 920110
              ->  Hash  (cost=67604.59..67604.59 rows=987727 width=4) (actual time=1605.983..1605.983 rows=985048 loops=1)
                    Buckets: 131072  Batches: 16  Memory Usage: 3188kB
                    ->  Seq Scan on title t  (cost=0.00..67604.59 rows=987727 width=4) (actual time=0.020..1093.698 rows=985048 loops=1)
                          Filter: (kind_id < 7)
                          Rows Removed by Filter: 1543264
Planning time: 1.246 ms
Execution time: 22143.241 ms
