Nested Loop  (cost=0.43..28267.64 rows=2 width=0) (actual time=366.827..396.955 rows=4 loops=1)
  ->  Seq Scan on movie_info_idx mi_idx  (cost=0.00..25185.44 rows=368 width=4) (actual time=366.575..390.637 rows=260 loops=1)
        Filter: (info_type_id > 101)
        Rows Removed by Filter: 1379775
  ->  Index Scan using title_pkey on title t  (cost=0.43..8.37 rows=1 width=4) (actual time=0.024..0.024 rows=0 loops=260)
        Index Cond: (id = mi_idx.movie_id)
        Filter: ((kind_id < 7) AND (production_year = 1993))
        Rows Removed by Filter: 1
Planning time: 7.707 ms
Execution time: 397.057 ms
