Seq Scan on cast_info ci  (cost=0.00..796071.18 rows=21710450 width=0) (actual time=4585.361..17294.988 rows=22808729 loops=1)
  Filter: ((person_id > 260869) AND (role_id > 1))
  Rows Removed by Filter: 13435615
Planning time: 0.386 ms
Execution time: 20075.712 ms
