Hash Join  (cost=75199.97..160632.76 rows=10665 width=0) (actual time=1701.682..2703.993 rows=2419 loops=1)
  Hash Cond: (mk.movie_id = t.id)
  ->  Seq Scan on movie_keyword mk  (cost=0.00..81003.12 rows=347471 width=4) (actual time=0.034..1378.765 rows=346079 loops=1)
        Filter: (keyword_id > 48148)
        Rows Removed by Filter: 4177851
  ->  Hash  (cost=73925.90..73925.90 rows=77605 width=4) (actual time=1199.950..1199.950 rows=84684 loops=1)
        Buckets: 131072  Batches: 2  Memory Usage: 2518kB
        ->  Seq Scan on title t  (cost=0.00..73925.90 rows=77605 width=4) (actual time=0.020..1163.727 rows=84684 loops=1)
              Filter: ((kind_id = 7) AND (production_year = 2009))
              Rows Removed by Filter: 2443628
Planning time: 1.370 ms
Execution time: 2704.400 ms
