Hash Join  (cost=183061.46..651633.17 rows=1156352 width=0) (actual time=3538.103..15310.264 rows=1188998 loops=1)
  Hash Cond: (mi.movie_id = t.id)
  ->  Seq Scan on movie_info mi  (cost=0.00..346232.03 rows=9476311 width=4) (actual time=0.008..6910.152 rows=9565151 loops=1)
        Filter: (info_type_id < 16)
        Rows Removed by Filter: 5270569
  ->  Hash  (cost=177998.65..177998.65 rows=308545 width=8) (actual time=3537.155..3537.155 rows=169381 loops=1)
        Buckets: 131072  Batches: 8  Memory Usage: 1868kB
        ->  Hash Join  (cost=102767.86..177998.65 rows=308545 width=8) (actual time=2330.556..3483.916 rows=169381 loops=1)
              Hash Cond: (mc.movie_id = t.id)
              ->  Seq Scan on movie_companies mc  (cost=0.00..57926.93 rows=308545 width=4) (actual time=350.942..964.897 rows=169381 loops=1)
                    Filter: ((company_id < 689) AND (company_type_id = 2))
                    Rows Removed by Filter: 2439748
              ->  Hash  (cost=61283.27..61283.27 rows=2528527 width=4) (actual time=1978.328..1978.328 rows=2528312 loops=1)
                    Buckets: 131072  Batches: 64  Memory Usage: 2415kB
                    ->  Seq Scan on title t  (cost=0.00..61283.27 rows=2528527 width=4) (actual time=0.035..1128.004 rows=2528312 loops=1)
Planning time: 10.895 ms
Execution time: 15469.247 ms
