Nested Loop  (cost=0.43..799380.35 rows=396 width=0) (actual time=10699.769..13693.057 rows=1211 loops=1)
  ->  Seq Scan on cast_info ci  (cost=0.00..796071.18 rows=396 width=4) (actual time=10699.667..13672.904 rows=1211 loops=1)
        Filter: ((role_id < 8) AND (person_id = 3417514))
        Rows Removed by Filter: 36243133
  ->  Index Only Scan using title_pkey on title t  (cost=0.43..8.35 rows=1 width=4) (actual time=0.016..0.016 rows=1 loops=1211)
        Index Cond: (id = ci.movie_id)
        Heap Fetches: 1211
Planning time: 8.120 ms
Execution time: 13693.407 ms
