Hash Join  (cost=190230.21..279375.77 rows=1037320 width=0) (actual time=4155.721..7021.843 rows=2959863 loops=1)
  Hash Cond: (mc.movie_id = t.id)
  ->  Seq Scan on movie_companies mc  (cost=0.00..51404.11 rows=1900598 width=4) (actual time=0.018..1152.044 rows=1910049 loops=1)
        Filter: (company_id > 1284)
        Rows Removed by Filter: 699080
  ->  Hash  (cost=167588.78..167588.78 rows=1380035 width=8) (actual time=4154.571..4154.571 rows=1380035 loops=1)
        Buckets: 131072  Batches: 32  Memory Usage: 2708kB
        ->  Hash Join  (cost=102767.86..167588.78 rows=1380035 width=8) (actual time=1909.309..3782.125 rows=1380035 loops=1)
              Hash Cond: (mi_idx.movie_id = t.id)
              ->  Seq Scan on movie_info_idx mi_idx  (cost=0.00..21735.35 rows=1380035 width=4) (actual time=0.024..432.982 rows=1380035 loops=1)
              ->  Hash  (cost=61283.27..61283.27 rows=2528527 width=4) (actual time=1907.586..1907.586 rows=2528312 loops=1)
                    Buckets: 131072  Batches: 64  Memory Usage: 2415kB
                    ->  Seq Scan on title t  (cost=0.00..61283.27 rows=2528527 width=4) (actual time=0.025..1011.605 rows=2528312 loops=1)
Planning time: 1.597 ms
Execution time: 7317.633 ms
