Hash Join  (cost=73982.55..438902.66 rows=26418 width=0) (actual time=1006.756..7867.858 rows=34019 loops=1)
  Hash Cond: (mi.movie_id = t.id)
  ->  Seq Scan on movie_info mi  (cost=0.00..309384.22 rows=14739122 width=4) (actual time=0.017..4182.082 rows=14835720 loops=1)
  ->  Hash  (cost=73925.90..73925.90 rows=4532 width=4) (actual time=582.560..582.560 rows=5918 loops=1)
        Buckets: 8192  Batches: 1  Memory Usage: 273kB
        ->  Seq Scan on title t  (cost=0.00..73925.90 rows=4532 width=4) (actual time=0.113..580.629 rows=5918 loops=1)
              Filter: ((kind_id = 7) AND (production_year = 1962))
              Rows Removed by Filter: 2522394
Planning time: 0.646 ms
Execution time: 7872.828 ms
