Hash Join  (cost=102767.86..200397.86 rows=1510516 width=0) (actual time=1964.753..4886.564 rows=1518040 loops=1)
  Hash Cond: (mc.movie_id = t.id)
  ->  Seq Scan on movie_companies mc  (cost=0.00..51404.11 rows=1510516 width=4) (actual time=0.022..1053.455 rows=1518040 loops=1)
        Filter: (company_id > 7280)
        Rows Removed by Filter: 1091089
  ->  Hash  (cost=61283.27..61283.27 rows=2528527 width=4) (actual time=1963.449..1963.449 rows=2528312 loops=1)
        Buckets: 131072  Batches: 64  Memory Usage: 2415kB
        ->  Seq Scan on title t  (cost=0.00..61283.27 rows=2528527 width=4) (actual time=0.013..1115.123 rows=2528312 loops=1)
Planning time: 0.710 ms
Execution time: 5065.457 ms
