Hash Join  (cost=68332.59..827465.66 rows=834391 width=0) (actual time=1154.584..22653.044 rows=847191 loops=1)
  Hash Cond: (ci.movie_id = t.id)
  ->  Seq Scan on cast_info ci  (cost=0.00..614943.12 rows=36225612 width=4) (actual time=3.819..9575.116 rows=36244344 loops=1)
  ->  Hash  (cost=67604.59..67604.59 rows=58240 width=4) (actual time=1150.344..1150.344 rows=58590 loops=1)
        Buckets: 65536  Batches: 1  Memory Usage: 2572kB
        ->  Seq Scan on title t  (cost=0.00..67604.59 rows=58240 width=4) (actual time=0.050..1126.417 rows=58590 loops=1)
              Filter: (production_year = 2001)
              Rows Removed by Filter: 2469722
Planning time: 0.680 ms
Execution time: 22775.861 ms
