Hash Join  (cost=185787.94..742593.55 rows=7216370 width=0) (actual time=4635.607..22399.374 rows=18836753 loops=1)
  Hash Cond: (mi.movie_id = t.id)
  ->  Seq Scan on movie_info mi  (cost=0.00..309384.22 rows=14739122 width=4) (actual time=0.026..6155.485 rows=14835720 loops=1)
  ->  Hash  (cost=165477.15..165477.15 rows=1237983 width=8) (actual time=4634.106..4634.106 rows=1276530 loops=1)
        Buckets: 131072  Batches: 32  Memory Usage: 2600kB
        ->  Hash Join  (cost=104818.80..165477.15 rows=1237983 width=8) (actual time=2361.281..4233.309 rows=1276530 loops=1)
              Hash Cond: (mi_idx.movie_id = t.id)
              ->  Seq Scan on movie_info_idx mi_idx  (cost=0.00..21735.35 rows=1380035 width=4) (actual time=0.018..431.888 rows=1380035 loops=1)
              ->  Hash  (cost=67604.59..67604.59 rows=2268257 width=4) (actual time=2359.832..2359.832 rows=2261229 loops=1)
                    Buckets: 131072  Batches: 32  Memory Usage: 3511kB
                    ->  Seq Scan on title t  (cost=0.00..67604.59 rows=2268257 width=4) (actual time=0.016..1456.342 rows=2261229 loops=1)
                          Filter: (production_year > 1954)
                          Rows Removed by Filter: 267083
Planning time: 1.198 ms
Execution time: 24466.688 ms
