Hash Join  (cost=74136.94..439777.00 rows=98413 width=0) (actual time=764.825..8346.956 rows=96622 loops=1)
  Hash Cond: (mi.movie_id = t.id)
  ->  Seq Scan on movie_info mi  (cost=0.00..309384.22 rows=14739122 width=4) (actual time=0.015..4272.506 rows=14835720 loops=1)
  ->  Hash  (cost=73925.90..73925.90 rows=16883 width=4) (actual time=764.483..764.483 rows=14478 loops=1)
        Buckets: 32768  Batches: 1  Memory Usage: 765kB
        ->  Seq Scan on title t  (cost=0.00..73925.90 rows=16883 width=4) (actual time=0.056..759.648 rows=14478 loops=1)
              Filter: ((production_year < 1973) AND (kind_id = 3))
              Rows Removed by Filter: 2513834
Planning time: 0.803 ms
Execution time: 8361.998 ms
