Hash Join  (cost=256167.15..1106669.28 rows=1879163 width=0) (actual time=13788.137..27376.438 rows=13362229 loops=1)
  Hash Cond: (ci.movie_id = t.id)
  ->  Seq Scan on cast_info ci  (cost=0.00..796071.18 rows=2087463 width=4) (actual time=6938.294..13468.327 rows=3796733 loops=1)
        Filter: ((person_id > 1998312) AND (role_id > 9))
        Rows Removed by Filter: 32447611
  ->  Hash  (cost=218822.46..218822.46 rows=2276215 width=8) (actual time=6848.259..6848.259 rows=2280116 loops=1)
        Buckets: 131072  Batches: 32  Memory Usage: 3780kB
        ->  Hash Join  (cost=102767.86..218822.46 rows=2276215 width=8) (actual time=2716.624..6170.143 rows=2280116 loops=1)
              Hash Cond: (mc.movie_id = t.id)
              ->  Seq Scan on movie_companies mc  (cost=0.00..51404.11 rows=2276215 width=4) (actual time=0.060..1153.160 rows=2280116 loops=1)
                    Filter: (company_id > 160)
                    Rows Removed by Filter: 329013
              ->  Hash  (cost=61283.27..61283.27 rows=2528527 width=4) (actual time=2712.178..2712.178 rows=2528312 loops=1)
                    Buckets: 131072  Batches: 64  Memory Usage: 2415kB
                    ->  Seq Scan on title t  (cost=0.00..61283.27 rows=2528527 width=4) (actual time=0.022..1089.690 rows=2528312 loops=1)
Planning time: 4.657 ms
Execution time: 28997.653 ms
