Seq Scan on movie_keyword mk  (cost=0.00..81003.12 rows=3281258 width=0) (actual time=0.026..1519.926 rows=3267901 loops=1)
  Filter: (keyword_id < 14332)
  Rows Removed by Filter: 1256029
Planning time: 0.301 ms
Execution time: 1931.172 ms
