Hash Join  (cost=91749.09..889589.84 rows=3615862 width=169) (actual time=2447.080..21035.448 rows=1897688 loops=1)
  Hash Cond: (mi.movie_id = t.id)
  ->  Seq Scan on movie_info mi  (cost=0.00..346232.03 rows=13926693 width=75) (actual time=0.017..8883.912 rows=13963496 loops=1)
        Filter: (info_type_id < 98)
        Rows Removed by Filter: 872224
  ->  Hash  (cost=73925.90..73925.90 rows=656495 width=94) (actual time=1610.356..1610.356 rows=556797 loops=1)
        Buckets: 32768  Batches: 32  Memory Usage: 2246kB
        ->  Seq Scan on title t  (cost=0.00..73925.90 rows=656495 width=94) (actual time=0.022..1382.018 rows=556797 loops=1)
              Filter: ((production_year < 2001) AND (kind_id = 7))
              Rows Removed by Filter: 1971515
Planning time: 1.133 ms
Execution time: 21136.295 ms
