Hash Join  (cost=294125.88..1297344.41 rows=12495809 width=0) (actual time=13242.268..39192.266 rows=42599676 loops=1)
  Hash Cond: (ci.movie_id = t.id)
  ->  Seq Scan on cast_info ci  (cost=0.00..705507.15 rows=12726058 width=4) (actual time=6456.607..15131.535 rows=12670688 loops=1)
        Filter: (role_id = 1)
        Rows Removed by Filter: 23573656
  ->  Hash  (cost=253392.14..253392.14 rows=2482779 width=8) (actual time=6783.527..6783.527 rows=2477883 loops=1)
        Buckets: 131072  Batches: 64  Memory Usage: 2553kB
        ->  Hash Join  (cost=102767.86..253392.14 rows=2482779 width=8) (actual time=2122.432..6081.221 rows=2477883 loops=1)
              Hash Cond: (mk.movie_id = t.id)
              ->  Seq Scan on movie_keyword mk  (cost=0.00..81003.12 rows=2482779 width=4) (actual time=0.032..1663.102 rows=2477883 loops=1)
                    Filter: (keyword_id < 5996)
                    Rows Removed by Filter: 2046047
              ->  Hash  (cost=61283.27..61283.27 rows=2528527 width=4) (actual time=2121.260..2121.260 rows=2528312 loops=1)
                    Buckets: 131072  Batches: 64  Memory Usage: 2425kB
                    ->  Seq Scan on title t  (cost=0.00..61283.27 rows=2528527 width=4) (actual time=0.026..1252.249 rows=2528312 loops=1)
Planning time: 0.804 ms
Execution time: 43696.218 ms
