Seq Scan on movie_keyword mk  (cost=0.00..81003.12 rows=246 width=0) (actual time=14.754..1272.244 rows=59 loops=1)
  Filter: (keyword_id = 35673)
  Rows Removed by Filter: 4523871
Planning time: 0.405 ms
Execution time: 1272.376 ms
