Hash Join  (cost=83290.71..166460.02 rows=588979 width=0) (actual time=1325.066..3751.362 rows=857782 loops=1)
  Hash Cond: (mc.movie_id = t.id)
  ->  Seq Scan on movie_companies mc  (cost=0.00..44881.29 rows=2609129 width=4) (actual time=0.023..943.478 rows=2609129 loops=1)
  ->  Hash  (cost=73925.90..73925.90 rows=570784 width=4) (actual time=1324.101..1324.101 rows=450312 loops=1)
        Buckets: 131072  Batches: 8  Memory Usage: 3016kB
        ->  Seq Scan on title t  (cost=0.00..73925.90 rows=570784 width=4) (actual time=603.099..1194.412 rows=450312 loops=1)
              Filter: ((production_year > 1964) AND (kind_id = 1))
              Rows Removed by Filter: 2078000
Planning time: 0.782 ms
Execution time: 3861.030 ms
