Nested Loop  (cost=0.43..709671.90 rows=500 width=0) (actual time=1169.367..11633.886 rows=657 loops=1)
  ->  Seq Scan on cast_info ci  (cost=0.00..705507.15 rows=500 width=4) (actual time=1169.275..11603.022 rows=657 loops=1)
        Filter: (person_id = 43631)
        Rows Removed by Filter: 36243687
  ->  Index Only Scan using title_pkey on title t  (cost=0.43..8.32 rows=1 width=4) (actual time=0.046..0.046 rows=1 loops=657)
        Index Cond: (id = ci.movie_id)
        Heap Fetches: 657
Planning time: 0.683 ms
Execution time: 11634.111 ms
