Hash Join  (cost=131177.75..261013.18 rows=391179 width=0) (actual time=2755.931..6873.652 rows=645828 loops=1)
  Hash Cond: (mk.movie_id = t.id)
  ->  Seq Scan on movie_keyword mk  (cost=0.00..81003.12 rows=3796936 width=4) (actual time=0.027..1850.477 rows=3803398 loops=1)
        Filter: (keyword_id > 640)
        Rows Removed by Filter: 720532
  ->  Hash  (cost=126903.49..126903.49 rows=260501 width=8) (actual time=2754.714..2754.714 rows=202354 loops=1)
        Buckets: 131072  Batches: 4  Memory Usage: 3012kB
        ->  Hash Join  (cost=85684.58..126903.49 rows=260501 width=8) (actual time=1553.303..2693.958 rows=202354 loops=1)
              Hash Cond: (mi_idx.movie_id = t.id)
              ->  Seq Scan on movie_info_idx mi_idx  (cost=0.00..25185.44 rows=919057 width=4) (actual time=0.031..588.323 rows=920110 loops=1)
                    Filter: (info_type_id > 99)
                    Rows Removed by Filter: 459925
              ->  Hash  (cost=73925.90..73925.90 rows=716694 width=4) (actual time=1551.855..1551.855 rows=604570 loops=1)
                    Buckets: 131072  Batches: 16  Memory Usage: 2356kB
                    ->  Seq Scan on title t  (cost=0.00..73925.90 rows=716694 width=4) (actual time=0.028..1350.278 rows=604570 loops=1)
                          Filter: ((kind_id > 1) AND (production_year < 1999))
                          Rows Removed by Filter: 1923742
Planning time: 1.204 ms
Execution time: 6948.387 ms
