Seq Scan on cast_info ci  (cost=0.00..796071.18 rows=2502736 width=0) (actual time=0.022..13615.046 rows=1546890 loops=1)
  Filter: ((person_id < 2299498) AND (role_id = 3))
  Rows Removed by Filter: 34697454
Planning time: 0.408 ms
Execution time: 13811.411 ms
