Hash Join  (cost=75461.39..114030.50 rows=51063 width=0) (actual time=1177.347..2156.115 rows=80094 loops=1)
  Hash Cond: (mi_idx.movie_id = t.id)
  ->  Seq Scan on movie_info_idx mi_idx  (cost=0.00..21735.35 rows=1380035 width=4) (actual time=0.024..502.751 rows=1380035 loops=1)
  ->  Hash  (cost=73925.90..73925.90 rows=93559 width=4) (actual time=1176.471..1176.471 rows=104574 loops=1)
        Buckets: 131072  Batches: 2  Memory Usage: 2857kB
        ->  Seq Scan on title t  (cost=0.00..73925.90 rows=93559 width=4) (actual time=0.023..1140.990 rows=104574 loops=1)
              Filter: ((production_year < 2011) AND (kind_id = 4))
              Rows Removed by Filter: 2423738
Planning time: 0.832 ms
Execution time: 2166.763 ms
