Hash Join  (cost=675617.37..2567072.31 rows=61448676 width=0) (actual time=18023.605..86637.000 rows=135467272 loops=1)
  Hash Cond: (ci.movie_id = t.id)
  ->  Seq Scan on cast_info ci  (cost=0.00..614943.12 rows=36225612 width=4) (actual time=0.018..13559.141 rows=36244344 loops=1)
  ->  Hash  (cost=605248.85..605248.85 rows=4289082 width=8) (actual time=18020.354..18020.354 rows=5831987 loops=1)
        Buckets: 131072 (originally 131072)  Batches: 128 (originally 64)  Memory Usage: 3073kB
        ->  Hash Join  (cost=79677.10..605248.85 rows=4289082 width=8) (actual time=1468.157..16266.862 rows=5831987 loops=1)
              Hash Cond: (mi.movie_id = t.id)
              ->  Seq Scan on movie_info mi  (cost=0.00..309384.22 rows=14739122 width=4) (actual time=0.021..5913.581 rows=14835720 loops=1)
              ->  Hash  (cost=67604.59..67604.59 rows=735801 width=4) (actual time=1467.575..1467.575 rows=730985 loops=1)
                    Buckets: 131072  Batches: 16  Memory Usage: 2638kB
                    ->  Seq Scan on title t  (cost=0.00..67604.59 rows=735801 width=4) (actual time=0.015..1225.226 rows=730985 loops=1)
                          Filter: (production_year < 1992)
                          Rows Removed by Filter: 1797327
Planning time: 0.776 ms
Execution time: 101489.567 ms
