Seq Scan on movie_companies mc  (cost=0.00..51404.11 rows=104 width=0) (actual time=2.504..867.267 rows=504 loops=1)
  Filter: (company_id = 2455)
  Rows Removed by Filter: 2608625
Planning time: 0.361 ms
Execution time: 867.494 ms
