Hash Join  (cost=271446.40..881298.79 rows=10461158 width=0) (actual time=7082.077..23469.591 rows=14756666 loops=1)
  Hash Cond: (mi.movie_id = t.id)
  ->  Seq Scan on movie_info mi  (cost=0.00..309384.22 rows=14739122 width=4) (actual time=0.019..6216.650 rows=14835720 loops=1)
  ->  Hash  (cost=242002.49..242002.49 rows=1794633 width=8) (actual time=7080.555..7080.555 rows=965690 loops=1)
        Buckets: 131072  Batches: 32  Memory Usage: 2210kB
        ->  Hash Join  (cost=98864.94..242002.49 rows=1794633 width=8) (actual time=2797.680..6777.561 rows=965690 loops=1)
              Hash Cond: (mk.movie_id = t.id)
              ->  Seq Scan on movie_keyword mk  (cost=0.00..81003.12 rows=2985218 width=4) (actual time=0.047..1765.544 rows=2973501 loops=1)
                    Filter: (keyword_id > 2276)
                    Rows Removed by Filter: 1550429
              ->  Hash  (cost=73925.90..73925.90 rows=1520083 width=4) (actual time=2795.639..2795.639 rows=1507233 loops=1)
                    Buckets: 131072  Batches: 32  Memory Usage: 2686kB
                    ->  Seq Scan on title t  (cost=0.00..73925.90 rows=1520083 width=4) (actual time=0.012..1460.387 rows=1507233 loops=1)
                          Filter: ((kind_id > 1) AND (production_year < 2011))
                          Rows Removed by Filter: 1021079
Planning time: 1.089 ms
Execution time: 25025.605 ms
