Seq Scan on title t  (cost=0.00..73925.90 rows=897910 width=0) (actual time=0.060..1150.684 rows=812846 loops=1)
  Filter: ((kind_id < 7) AND (production_year > 1950))
  Rows Removed by Filter: 1715466
Planning time: 0.318 ms
Execution time: 1256.100 ms
