Hash Join  (cost=322025.08..1381106.44 rows=15855173 width=0) (actual time=7895.652..42008.143 rows=58278600 loops=1)
  Hash Cond: (ci.movie_id = t.id)
  ->  Seq Scan on cast_info ci  (cost=0.00..705507.15 rows=13012397 width=4) (actual time=0.025..13001.159 rows=13148400 loops=1)
        Filter: (person_id > 2361204)
        Rows Removed by Filter: 23095944
  ->  Hash  (cost=271478.51..271478.51 rows=3080926 width=8) (actual time=7892.798..7892.798 rows=3657255 loops=1)
        Buckets: 131072  Batches: 64  Memory Usage: 3269kB
        ->  Hash Join  (cost=97066.09..271478.51 rows=3080926 width=8) (actual time=2158.122..6970.878 rows=3657255 loops=1)
              Hash Cond: (mk.movie_id = t.id)
              ->  Seq Scan on movie_keyword mk  (cost=0.00..81003.12 rows=4338207 width=4) (actual time=0.015..1825.308 rows=4334015 loops=1)
                    Filter: (keyword_id < 70964)
                    Rows Removed by Filter: 189915
              ->  Hash  (cost=67604.59..67604.59 rows=1795720 width=4) (actual time=2156.789..2156.789 rows=1794153 loops=1)
                    Buckets: 131072  Batches: 32  Memory Usage: 3001kB
                    ->  Seq Scan on title t  (cost=0.00..67604.59 rows=1795720 width=4) (actual time=0.020..1296.538 rows=1794153 loops=1)
                          Filter: (production_year < 2009)
                          Rows Removed by Filter: 734159
Planning time: 1.166 ms
Execution time: 48127.521 ms
