Hash Join  (cost=105192.26..1220881.22 rows=16620432 width=0) (actual time=5782.980..32923.296 rows=17651823 loops=1)
  Hash Cond: (ci.movie_id = t.id)
  ->  Seq Scan on cast_info ci  (cost=0.00..705507.15 rows=18343498 width=4) (actual time=3302.546..14756.722 rows=18510706 loops=1)
        Filter: (person_id > 1756173)
        Rows Removed by Filter: 17733638
  ->  Hash  (cost=67604.59..67604.59 rows=2291014 width=4) (actual time=2479.200..2479.200 rows=2281608 loops=1)
        Buckets: 131072  Batches: 32  Memory Usage: 3535kB
        ->  Seq Scan on title t  (cost=0.00..67604.59 rows=2291014 width=4) (actual time=0.023..1493.374 rows=2281608 loops=1)
              Filter: (production_year > 1951)
              Rows Removed by Filter: 246704
Planning time: 2.865 ms
Execution time: 34979.154 ms
