Hash Join  (cost=93362.60..241188.70 rows=2119606 width=0) (actual time=1608.254..5303.310 rows=934921 loops=1)
  Hash Cond: (mk.movie_id = t.id)
  ->  Seq Scan on movie_keyword mk  (cost=0.00..69693.30 rows=4523930 width=4) (actual time=0.028..1367.625 rows=4523930 loops=1)
  ->  Hash  (cost=73925.90..73925.90 rows=1184696 width=4) (actual time=1606.043..1606.043 rows=1143935 loops=1)
        Buckets: 131072  Batches: 16  Memory Usage: 3547kB
        ->  Seq Scan on title t  (cost=0.00..73925.90 rows=1184696 width=4) (actual time=0.026..1242.282 rows=1143935 loops=1)
              Filter: ((kind_id > 3) AND (production_year < 2009))
              Rows Removed by Filter: 1384377
Planning time: 0.783 ms
Execution time: 5412.549 ms
