Hash Join  (cost=181801.48..678864.34 rows=1617293 width=0) (actual time=4612.090..20458.118 rows=8571688 loops=1)
  Hash Cond: (mi.movie_id = t.id)
  ->  Seq Scan on movie_info mi  (cost=0.00..309384.22 rows=14739122 width=4) (actual time=0.023..6106.701 rows=14835720 loops=1)
  ->  Hash  (cost=177249.36..177249.36 rows=277450 width=8) (actual time=4611.305..4611.305 rows=548624 loops=1)
        Buckets: 131072 (originally 131072)  Batches: 8 (originally 4)  Memory Usage: 3725kB
        ->  Hash Join  (cost=102767.86..177249.36 rows=277450 width=8) (actual time=2674.854..4450.744 rows=548624 loops=1)
              Hash Cond: (mc.movie_id = t.id)
              ->  Seq Scan on movie_companies mc  (cost=0.00..57926.93 rows=277450 width=4) (actual time=0.023..957.896 rows=548624 loops=1)
                    Filter: ((company_id > 71905) AND (company_type_id = 2))
                    Rows Removed by Filter: 2060505
              ->  Hash  (cost=61283.27..61283.27 rows=2528527 width=4) (actual time=2674.139..2674.139 rows=2528312 loops=1)
                    Buckets: 131072  Batches: 64  Memory Usage: 2415kB
                    ->  Seq Scan on title t  (cost=0.00..61283.27 rows=2528527 width=4) (actual time=0.023..1172.734 rows=2528312 loops=1)
Planning time: 1.136 ms
Execution time: 21432.861 ms
