Hash Join  (cost=76423.37..201743.45 rows=272304 width=0) (actual time=1046.029..4527.001 rows=1200260 loops=1)
  Hash Cond: (mk.movie_id = t.id)
  ->  Seq Scan on movie_keyword mk  (cost=0.00..69693.30 rows=4523930 width=4) (actual time=0.018..1419.138 rows=4523930 loops=1)
  ->  Hash  (cost=73925.90..73925.90 rows=152197 width=4) (actual time=1045.222..1045.222 rows=287134 loops=1)
        Buckets: 131072 (originally 131072)  Batches: 4 (originally 2)  Memory Usage: 3555kB
        ->  Seq Scan on title t  (cost=0.00..73925.90 rows=152197 width=4) (actual time=419.015..949.827 rows=287134 loops=1)
              Filter: ((production_year < 1984) AND (kind_id = 1))
              Rows Removed by Filter: 2241178
Planning time: 0.806 ms
Execution time: 4673.439 ms
