Seq Scan on movie_companies mc  (cost=0.00..57926.93 rows=53 width=0) (actual time=22.079..806.136 rows=9 loops=1)
  Filter: ((company_id = 112287) AND (company_type_id = 2))
  Rows Removed by Filter: 2609120
Planning time: 0.387 ms
Execution time: 806.238 ms
