Hash Join  (cost=281639.55..915101.05 rows=12673767 width=0) (actual time=6609.107..45997.404 rows=119267255 loops=1)
  Hash Cond: (mi.movie_id = t.id)
  ->  Seq Scan on movie_info mi  (cost=0.00..309384.22 rows=14739122 width=4) (actual time=0.022..6213.141 rows=14835720 loops=1)
  ->  Hash  (cost=245967.91..245967.91 rows=2174211 width=8) (actual time=6607.796..6607.796 rows=2175184 loops=1)
        Buckets: 131072  Batches: 32  Memory Usage: 3745kB
        ->  Hash Join  (cost=102767.86..245967.91 rows=2174211 width=8) (actual time=2237.752..5939.807 rows=2175184 loops=1)
              Hash Cond: (mk.movie_id = t.id)
              ->  Seq Scan on movie_keyword mk  (cost=0.00..81003.12 rows=2174211 width=4) (actual time=0.037..1571.240 rows=2175184 loops=1)
                    Filter: (keyword_id > 5251)
                    Rows Removed by Filter: 2348746
              ->  Hash  (cost=61283.27..61283.27 rows=2528527 width=4) (actual time=2236.533..2236.533 rows=2528312 loops=1)
                    Buckets: 131072  Batches: 64  Memory Usage: 2425kB
                    ->  Seq Scan on title t  (cost=0.00..61283.27 rows=2528527 width=4) (actual time=0.021..1120.311 rows=2528312 loops=1)
Planning time: 0.985 ms
Execution time: 58714.563 ms
