Hash Join  (cost=1043271.51..1835186.01 rows=22343897 width=0) (actual time=24420.674..64838.900 rows=96591766 loops=1)
  Hash Cond: (mi.movie_id = t.id)
  ->  Seq Scan on movie_info mi  (cost=0.00..309384.22 rows=14739122 width=4) (actual time=0.017..6356.990 rows=14835720 loops=1)
  ->  Hash  (cost=980383.23..980383.23 rows=3833142 width=8) (actual time=24417.231..24417.231 rows=3745933 loops=1)
        Buckets: 131072  Batches: 64  Memory Usage: 3481kB
        ->  Hash Join  (cost=86421.94..980383.23 rows=3833142 width=8) (actual time=1521.758..23277.241 rows=3745933 loops=1)
              Hash Cond: (ci.movie_id = t.id)
              ->  Seq Scan on cast_info ci  (cost=0.00..705507.15 rows=12726058 width=4) (actual time=0.024..14283.526 rows=12670688 loops=1)
                    Filter: (role_id < 2)
                    Rows Removed by Filter: 23573656
              ->  Hash  (cost=73925.90..73925.90 rows=761603 width=4) (actual time=1520.687..1520.687 rows=670584 loops=1)
                    Buckets: 131072  Batches: 16  Memory Usage: 2498kB
                    ->  Seq Scan on title t  (cost=0.00..73925.90 rows=761603 width=4) (actual time=0.016..1308.892 rows=670584 loops=1)
                          Filter: ((kind_id < 7) AND (production_year > 1979))
                          Rows Removed by Filter: 1857728
Planning time: 1.178 ms
Execution time: 75508.622 ms
