Seq Scan on movie_companies mc  (cost=0.00..57926.93 rows=127327 width=0) (actual time=321.975..884.530 rows=195779 loops=1)
  Filter: ((company_id < 123) AND (company_type_id < 2))
  Rows Removed by Filter: 2413350
Planning time: 0.342 ms
Execution time: 909.764 ms
