Seq Scan on movie_companies mc  (cost=0.00..57926.93 rows=809379 width=0) (actual time=265.535..1089.704 rows=1111677 loops=1)
  Filter: ((company_id < 17792) AND (company_type_id = 1))
  Rows Removed by Filter: 1497452
Planning time: 0.359 ms
Execution time: 1233.582 ms
