Seq Scan on cast_info ci  (cost=0.00..796071.18 rows=9160582 width=0) (actual time=66.545..14384.724 rows=11852744 loops=1)
  Filter: ((person_id < 1626478) AND (role_id < 3))
  Rows Removed by Filter: 24391600
Planning time: 0.591 ms
Execution time: 15883.007 ms
