Hash Join  (cost=180218.49..575001.04 rows=988880 width=0) (actual time=5173.442..12110.812 rows=3279874 loops=1)
  Hash Cond: (mi.movie_id = t.id)
  ->  Seq Scan on movie_info mi  (cost=0.00..346232.03 rows=3068194 width=4) (actual time=957.337..5709.891 rows=3036719 loops=1)
        Filter: (info_type_id = 16)
        Rows Removed by Filter: 11799001
  ->  Hash  (cost=166847.67..166847.67 rows=814945 width=8) (actual time=4214.867..4214.867 rows=630339 loops=1)
        Buckets: 131072  Batches: 16  Memory Usage: 2547kB
        ->  Hash Join  (cost=80562.70..166847.67 rows=814945 width=8) (actual time=1521.632..4014.008 rows=630339 loops=1)
              Hash Cond: (mc.movie_id = t.id)
              ->  Seq Scan on movie_companies mc  (cost=0.00..44881.29 rows=2609129 width=4) (actual time=0.034..953.868 rows=2609129 loops=1)
              ->  Hash  (cost=67604.59..67604.59 rows=789769 width=4) (actual time=1520.415..1520.415 rows=784926 loops=1)
                    Buckets: 131072  Batches: 16  Memory Usage: 2749kB
                    ->  Seq Scan on title t  (cost=0.00..67604.59 rows=789769 width=4) (actual time=0.026..1261.112 rows=784926 loops=1)
                          Filter: (production_year > 2007)
                          Rows Removed by Filter: 1743386
Planning time: 1.169 ms
Execution time: 12472.785 ms
