Hash Join  (cost=102951.51..972569.92 rows=6218599 width=0) (actual time=9752.798..21406.250 rows=6756862 loops=1)
  Hash Cond: (ci.movie_id = t.id)
  ->  Seq Scan on cast_info ci  (cost=0.00..705507.15 rows=7298253 width=4) (actual time=7708.427..13069.360 rows=7451973 loops=1)
        Filter: (role_id = 2)
        Rows Removed by Filter: 28792371
  ->  Hash  (cost=67604.59..67604.59 rows=2154474 width=4) (actual time=2043.203..2043.203 rows=2146684 loops=1)
        Buckets: 131072  Batches: 32  Memory Usage: 3385kB
        ->  Seq Scan on title t  (cost=0.00..67604.59 rows=2154474 width=4) (actual time=0.024..1358.285 rows=2146684 loops=1)
              Filter: (production_year > 1965)
              Rows Removed by Filter: 381628
Planning time: 0.772 ms
Execution time: 22232.133 ms
