Seq Scan on movie_keyword mk  (cost=0.00..81003.12 rows=4478231 width=0) (actual time=0.015..1553.699 rows=4481653 loops=1)
  Filter: (keyword_id < 103452)
  Rows Removed by Filter: 42277
Planning time: 0.332 ms
Execution time: 2102.418 ms
