Seq Scan on movie_companies mc  (cost=0.00..51404.11 rows=226792 width=0) (actual time=171.315..836.502 rows=228266 loops=1)
  Filter: (company_id > 105852)
  Rows Removed by Filter: 2380863
Planning time: 0.347 ms
Execution time: 865.211 ms
