Hash Join  (cost=230051.61..1161510.77 rows=3102711 width=0) (actual time=10393.377..29417.176 rows=12149822 loops=1)
  Hash Cond: (ci.movie_id = t.id)
  ->  Seq Scan on cast_info ci  (cost=0.00..796071.18 rows=8721833 width=4) (actual time=5402.759..15820.499 rows=11511287 loops=1)
        Filter: ((person_id > 1641431) AND (role_id > 2))
        Rows Removed by Filter: 24733057
  ->  Hash  (cost=215293.86..215293.86 rows=899500 width=8) (actual time=4989.467..4989.467 rows=905310 loops=1)
        Buckets: 131072  Batches: 16  Memory Usage: 3262kB
        ->  Hash Join  (cost=102767.86..215293.86 rows=899500 width=8) (actual time=2081.244..4726.142 rows=905310 loops=1)
              Hash Cond: (mk.movie_id = t.id)
              ->  Seq Scan on movie_keyword mk  (cost=0.00..81003.12 rows=899500 width=4) (actual time=0.028..1525.137 rows=905310 loops=1)
                    Filter: (keyword_id < 862)
                    Rows Removed by Filter: 3618620
              ->  Hash  (cost=61283.27..61283.27 rows=2528527 width=4) (actual time=2070.641..2070.641 rows=2528312 loops=1)
                    Buckets: 131072  Batches: 64  Memory Usage: 2425kB
                    ->  Seq Scan on title t  (cost=0.00..61283.27 rows=2528527 width=4) (actual time=0.013..1227.489 rows=2528312 loops=1)
Planning time: 1.150 ms
Execution time: 30737.120 ms
