Hash Join  (cost=102767.86..982543.37 rows=3068082 width=0) (actual time=6366.251..18072.655 rows=1900327 loops=1)
  Hash Cond: (ci.movie_id = t.id)
  ->  Seq Scan on cast_info ci  (cost=0.00..796071.18 rows=3068082 width=4) (actual time=4395.628..12766.135 rows=1900327 loops=1)
        Filter: ((person_id < 656527) AND (role_id > 2))
        Rows Removed by Filter: 34344017
  ->  Hash  (cost=61283.27..61283.27 rows=2528527 width=4) (actual time=1969.370..1969.370 rows=2528312 loops=1)
        Buckets: 131072  Batches: 64  Memory Usage: 2415kB
        ->  Seq Scan on title t  (cost=0.00..61283.27 rows=2528527 width=4) (actual time=0.024..1141.780 rows=2528312 loops=1)
Planning time: 5.698 ms
Execution time: 18293.676 ms
