Hash Join  (cost=102767.86..172091.21 rows=63041 width=0) (actual time=1904.964..3242.373 rows=123158 loops=1)
  Hash Cond: (mc.movie_id = t.id)
  ->  Seq Scan on movie_companies mc  (cost=0.00..57926.93 rows=63041 width=4) (actual time=0.021..824.220 rows=123158 loops=1)
        Filter: ((company_id > 144700) AND (company_type_id = 2))
        Rows Removed by Filter: 2485971
  ->  Hash  (cost=61283.27..61283.27 rows=2528527 width=4) (actual time=1904.047..1904.047 rows=2528312 loops=1)
        Buckets: 131072  Batches: 64  Memory Usage: 2415kB
        ->  Seq Scan on title t  (cost=0.00..61283.27 rows=2528527 width=4) (actual time=0.021..1074.636 rows=2528312 loops=1)
Planning time: 0.756 ms
Execution time: 3256.241 ms
