Hash Join  (cost=178677.10..698561.46 rows=3756043 width=0) (actual time=4757.022..18989.625 rows=3036918 loops=1)
  Hash Cond: (mi.movie_id = t.id)
  ->  Seq Scan on movie_info mi  (cost=0.00..309384.22 rows=14739122 width=4) (actual time=0.022..6488.300 rows=14835720 loops=1)
  ->  Hash  (cost=168104.64..168104.64 rows=644357 width=8) (actual time=4517.503..4517.503 rows=350975 loops=1)
        Buckets: 131072  Batches: 16  Memory Usage: 1880kB
        ->  Hash Join  (cost=84171.54..168104.64 rows=644357 width=8) (actual time=2511.327..4408.157 rows=350975 loops=1)
              Hash Cond: (mc.movie_id = t.id)
              ->  Seq Scan on movie_companies mc  (cost=0.00..44881.29 rows=2609129 width=4) (actual time=0.018..916.500 rows=2609129 loops=1)
              ->  Hash  (cost=73925.90..73925.90 rows=624451 width=4) (actual time=2139.733..2139.733 rows=521141 loops=1)
                    Buckets: 131072  Batches: 16  Memory Usage: 2168kB
                    ->  Seq Scan on title t  (cost=0.00..73925.90 rows=624451 width=4) (actual time=0.025..1331.642 rows=521141 loops=1)
                          Filter: ((production_year < 2000) AND (kind_id = 7))
                          Rows Removed by Filter: 2007171
Planning time: 1.159 ms
Execution time: 19335.288 ms
