Seq Scan on cast_info ci  (cost=0.00..796071.18 rows=17888532 width=0) (actual time=4303.136..16126.756 rows=14923604 loops=1)
  Filter: ((person_id < 2824089) AND (role_id > 1))
  Rows Removed by Filter: 21320740
Planning time: 0.356 ms
Execution time: 17973.169 ms
