Hash Join  (cost=195514.63..560109.72 rows=160055 width=0) (actual time=7927.347..9693.223 rows=40897 loops=1)
  Hash Cond: (mi.movie_id = t.id)
  ->  Seq Scan on movie_info mi  (cost=0.00..346232.03 rows=1348138 width=4) (actual time=3904.311..5194.702 rows=1298989 loops=1)
        Filter: (info_type_id = 4)
        Rows Removed by Filter: 13536731
  ->  Hash  (cost=190589.20..190589.20 rows=300194 width=8) (actual time=3974.335..3974.335 rows=69415 loops=1)
        Buckets: 131072  Batches: 4  Memory Usage: 1723kB
        ->  Hash Join  (cost=94706.90..190589.20 rows=300194 width=8) (actual time=3110.138..3956.134 rows=69415 loops=1)
              Hash Cond: (mk.movie_id = t.id)
              ->  Seq Scan on movie_keyword mk  (cost=0.00..81003.12 rows=599262 width=4) (actual time=0.020..1483.941 rows=600621 loops=1)
                    Filter: (keyword_id > 30623)
                    Rows Removed by Filter: 3923309
              ->  Hash  (cost=73925.90..73925.90 rows=1266640 width=4) (actual time=2007.765..2007.765 rows=1348885 loops=1)
                    Buckets: 131072  Batches: 32  Memory Usage: 2517kB
                    ->  Seq Scan on title t  (cost=0.00..73925.90 rows=1266640 width=4) (actual time=0.014..1557.262 rows=1348885 loops=1)
                          Filter: ((production_year > 1970) AND (kind_id = 7))
                          Rows Removed by Filter: 1179427
Planning time: 1.159 ms
Execution time: 9698.640 ms
