Seq Scan on movie_keyword mk  (cost=0.00..81003.12 rows=2583644 width=0) (actual time=0.030..1399.699 rows=2574841 loops=1)
  Filter: (keyword_id < 6643)
  Rows Removed by Filter: 1949089
Planning time: 0.264 ms
Execution time: 1720.119 ms
