Hash Join  (cost=75636.60..422493.28 rows=739 width=0) (actual time=4774.295..6782.373 rows=1888 loops=1)
  Hash Cond: (mi.movie_id = t.id)
  ->  Seq Scan on movie_info mi  (cost=0.00..346232.03 rows=17937 width=4) (actual time=3265.022..5485.355 rows=61128 loops=1)
        Filter: (info_type_id = 103)
        Rows Removed by Filter: 14774592
  ->  Hash  (cost=73925.90..73925.90 rows=104216 width=4) (actual time=1258.757..1258.757 rows=108513 loops=1)
        Buckets: 131072  Batches: 2  Memory Usage: 2937kB
        ->  Seq Scan on title t  (cost=0.00..73925.90 rows=104216 width=4) (actual time=0.075..1214.330 rows=108513 loops=1)
              Filter: ((kind_id > 1) AND (production_year = 2010))
              Rows Removed by Filter: 2419799
Planning time: 0.804 ms
Execution time: 6782.744 ms
