Hash Join  (cost=315828.45..1627628.70 rows=27097854 width=0) (actual time=7290.062..55115.279 rows=88683414 loops=1)
  Hash Cond: (ci.movie_id = t.id)
  ->  Seq Scan on cast_info ci  (cost=0.00..705507.15 rows=23017695 width=4) (actual time=0.014..14921.941 rows=22908194 loops=1)
        Filter: (person_id < 2339039)
        Rows Removed by Filter: 13336150
  ->  Hash  (cost=266991.22..266991.22 rows=2976738 width=8) (actual time=7288.093..7288.093 rows=2839909 loops=1)
        Buckets: 131072  Batches: 64  Memory Usage: 2736kB
        ->  Hash Join  (cost=105067.44..266991.22 rows=2976738 width=8) (actual time=2081.638..6500.070 rows=2839909 loops=1)
              Hash Cond: (mk.movie_id = t.id)
              ->  Seq Scan on movie_keyword mk  (cost=0.00..81003.12 rows=3296256 width=4) (actual time=0.018..1792.931 rows=3285693 loops=1)
                    Filter: (keyword_id < 14616)
                    Rows Removed by Filter: 1238237
              ->  Hash  (cost=67604.59..67604.59 rows=2283428 width=4) (actual time=2079.553..2079.553 rows=2275262 loops=1)
                    Buckets: 131072  Batches: 32  Memory Usage: 3536kB
                    ->  Seq Scan on title t  (cost=0.00..67604.59 rows=2283428 width=4) (actual time=0.007..1319.075 rows=2275262 loops=1)
                          Filter: (production_year > 1952)
                          Rows Removed by Filter: 253050
Planning time: 0.758 ms
Execution time: 64521.369 ms
