Hash Join  (cost=94699.36..459591.89 rows=23660 width=0) (actual time=1600.120..8881.796 rows=112355 loops=1)
  Hash Cond: (mi.movie_id = t.id)
  ->  Seq Scan on movie_info mi  (cost=0.00..309384.22 rows=14739122 width=4) (actual time=0.020..4294.380 rows=14835720 loops=1)
  ->  Hash  (cost=94648.62..94648.62 rows=4059 width=8) (actual time=1599.366..1599.366 rows=6594 loops=1)
        Buckets: 8192 (originally 4096)  Batches: 1 (originally 1)  Memory Usage: 322kB
        ->  Hash Join  (cost=67697.55..94648.62 rows=4059 width=8) (actual time=1010.267..1596.630 rows=6594 loops=1)
              Hash Cond: (mi_idx.movie_id = t.id)
              ->  Seq Scan on movie_info_idx mi_idx  (cost=0.00..21735.35 rows=1380035 width=4) (actual time=0.017..305.137 rows=1380035 loops=1)
              ->  Hash  (cost=67604.59..67604.59 rows=7437 width=4) (actual time=1007.995..1007.995 rows=10517 loops=1)
                    Buckets: 16384 (originally 8192)  Batches: 1 (originally 1)  Memory Usage: 498kB
                    ->  Seq Scan on title t  (cost=0.00..67604.59 rows=7437 width=4) (actual time=0.457..1002.513 rows=10517 loops=1)
                          Filter: (production_year = 1959)
                          Rows Removed by Filter: 2517795
Planning time: 1.537 ms
Execution time: 8898.072 ms
