Seq Scan on movie_companies mc  (cost=0.00..51404.11 rows=139594 width=0) (actual time=130.864..817.844 rows=138641 loops=1)
  Filter: (company_id > 136984)
  Rows Removed by Filter: 2470488
Planning time: 0.308 ms
Execution time: 835.581 ms
