Hash Join  (cost=606504.28..2080424.04 rows=29619451 width=0) (actual time=15959.858..65563.420 rows=64391195 loops=1)
  Hash Cond: (ci.movie_id = t.id)
  ->  Seq Scan on cast_info ci  (cost=0.00..614943.12 rows=36225612 width=4) (actual time=0.029..13411.069 rows=36244344 loops=1)
  ->  Hash  (cost=572585.52..572585.52 rows=2067421 width=8) (actual time=15957.634..15957.634 rows=3147654 loops=1)
        Buckets: 131072 (originally 131072)  Batches: 64 (originally 32)  Memory Usage: 3073kB
        ->  Hash Join  (cost=75321.41..572585.52 rows=2067421 width=8) (actual time=1284.604..14931.456 rows=3147654 loops=1)
              Hash Cond: (mi.movie_id = t.id)
              ->  Seq Scan on movie_info mi  (cost=0.00..346232.03 rows=11115165 width=4) (actual time=0.025..6779.143 rows=11210743 loops=1)
                    Filter: (info_type_id > 3)
                    Rows Removed by Filter: 3624977
              ->  Hash  (cost=67604.59..67604.59 rows=470306 width=4) (actual time=1283.390..1283.390 rows=465563 loops=1)
                    Buckets: 131072  Batches: 8  Memory Usage: 3070kB
                    ->  Seq Scan on title t  (cost=0.00..67604.59 rows=470306 width=4) (actual time=0.020..1124.911 rows=465563 loops=1)
                          Filter: (production_year < 1977)
                          Rows Removed by Filter: 2062749
Planning time: 1.664 ms
Execution time: 73061.730 ms
