Seq Scan on movie_keyword mk  (cost=0.00..81003.12 rows=2300844 width=0) (actual time=0.020..1338.628 rows=2307059 loops=1)
  Filter: (keyword_id < 4953)
  Rows Removed by Filter: 2216871
Planning time: 0.298 ms
Execution time: 1611.150 ms
