Hash Join  (cost=206810.35..1219299.51 rows=4992198 width=0) (actual time=4145.718..31294.792 rows=6048440 loops=1)
  Hash Cond: (ci.movie_id = t.id)
  ->  Seq Scan on cast_info ci  (cost=0.00..796071.18 rows=14097067 width=4) (actual time=0.025..17606.871 rows=14843522 loops=1)
        Filter: ((person_id > 444924) AND (role_id > 2))
        Rows Removed by Filter: 21400822
  ->  Hash  (cost=192119.50..192119.50 rows=895428 width=8) (actual time=4144.218..4144.218 rows=574997 loops=1)
        Buckets: 131072  Batches: 16  Memory Usage: 2417kB
        ->  Hash Join  (cost=102767.86..192119.50 rows=895428 width=8) (actual time=2261.798..3977.163 rows=574997 loops=1)
              Hash Cond: (mc.movie_id = t.id)
              ->  Seq Scan on movie_companies mc  (cost=0.00..57926.93 rows=895428 width=4) (actual time=289.320..1090.548 rows=574997 loops=1)
                    Filter: ((company_id < 24347) AND (company_type_id > 1))
                    Rows Removed by Filter: 2034132
              ->  Hash  (cost=61283.27..61283.27 rows=2528527 width=4) (actual time=1971.201..1971.201 rows=2528312 loops=1)
                    Buckets: 131072  Batches: 64  Memory Usage: 2415kB
                    ->  Seq Scan on title t  (cost=0.00..61283.27 rows=2528527 width=4) (actual time=0.024..1155.173 rows=2528312 loops=1)
Planning time: 1.187 ms
Execution time: 32024.086 ms
