Hash Join  (cost=58375.75..85286.42 rows=19 width=0) (actual time=810.428..1328.414 rows=48 loops=1)
  Hash Cond: (mi_idx.movie_id = t.id)
  ->  Seq Scan on movie_info_idx mi_idx  (cost=0.00..21735.35 rows=1380035 width=4) (actual time=0.019..263.945 rows=1380035 loops=1)
  ->  Hash  (cost=58375.31..58375.31 rows=35 width=8) (actual time=802.502..802.502 rows=66 loops=1)
        Buckets: 1024  Batches: 1  Memory Usage: 11kB
        ->  Nested Loop  (cost=0.43..58375.31 rows=35 width=8) (actual time=202.690..802.421 rows=66 loops=1)
              ->  Seq Scan on movie_companies mc  (cost=0.00..57926.93 rows=53 width=4) (actual time=202.619..799.988 rows=77 loops=1)
                    Filter: ((company_type_id > 1) AND (company_id = 32))
                    Rows Removed by Filter: 2609052
              ->  Index Scan using title_pkey on title t  (cost=0.43..8.45 rows=1 width=4) (actual time=0.028..0.029 rows=1 loops=77)
                    Index Cond: (id = mc.movie_id)
                    Filter: (production_year < 2008)
                    Rows Removed by Filter: 0
Planning time: 1.156 ms
Execution time: 1328.577 ms
