Hash Join  (cost=193062.18..1260784.23 rows=3301792 width=0) (actual time=4299.177..36574.632 rows=12501744 loops=1)
  Hash Cond: (ci.movie_id = t.id)
  ->  Seq Scan on cast_info ci  (cost=0.00..614943.12 rows=36225612 width=4) (actual time=0.013..13262.883 rows=36244344 loops=1)
  ->  Hash  (cost=189280.39..189280.39 rows=230463 width=8) (actual time=4298.335..4298.335 rows=302403 loops=1)
        Buckets: 131072  Batches: 4  Memory Usage: 4002kB
        ->  Hash Join  (cost=94978.31..189280.39 rows=230463 width=8) (actual time=2419.554..4200.044 rows=302403 loops=1)
              Hash Cond: (mk.movie_id = t.id)
              ->  Seq Scan on movie_keyword mk  (cost=0.00..81003.12 rows=349264 width=4) (actual time=0.022..1192.505 rows=363692 loops=1)
                    Filter: (keyword_id < 335)
                    Rows Removed by Filter: 4160238
              ->  Hash  (cost=67604.59..67604.59 rows=1668458 width=4) (actual time=2417.895..2417.895 rows=1671292 loops=1)
                    Buckets: 131072  Batches: 32  Memory Usage: 2866kB
                    ->  Seq Scan on title t  (cost=0.00..67604.59 rows=1668458 width=4) (actual time=0.020..1304.032 rows=1671292 loops=1)
                          Filter: (production_year < 2008)
                          Rows Removed by Filter: 857020
Planning time: 1.137 ms
Execution time: 37942.585 ms
