Seq Scan on movie_keyword mk  (cost=0.00..81003.12 rows=1609488 width=0) (actual time=0.024..1492.625 rows=1621567 loops=1)
  Filter: (keyword_id > 9273)
  Rows Removed by Filter: 2902363
Planning time: 0.273 ms
Execution time: 1698.374 ms
