Hash Join  (cost=207476.53..277386.26 rows=179657 width=0) (actual time=5145.176..6346.290 rows=669717 loops=1)
  Hash Cond: (mc.movie_id = t.id)
  ->  Seq Scan on movie_companies mc  (cost=0.00..51404.11 rows=1329612 width=4) (actual time=398.261..936.111 rows=1334883 loops=1)
        Filter: (company_type_id = 2)
        Rows Removed by Filter: 1274246
  ->  Hash  (cost=201870.86..201870.86 rows=341654 width=8) (actual time=4588.625..4588.625 rows=339095 loops=1)
        Buckets: 131072  Batches: 8  Memory Usage: 2704kB
        ->  Hash Join  (cost=102767.86..201870.86 rows=341654 width=8) (actual time=2549.306..4486.729 rows=339095 loops=1)
              Hash Cond: (mk.movie_id = t.id)
              ->  Seq Scan on movie_keyword mk  (cost=0.00..81003.12 rows=341654 width=4) (actual time=0.037..1259.005 rows=339095 loops=1)
                    Filter: (keyword_id > 48808)
                    Rows Removed by Filter: 4184835
              ->  Hash  (cost=61283.27..61283.27 rows=2528527 width=4) (actual time=2547.585..2547.585 rows=2528312 loops=1)
                    Buckets: 131072  Batches: 64  Memory Usage: 2425kB
                    ->  Seq Scan on title t  (cost=0.00..61283.27 rows=2528527 width=4) (actual time=0.017..1022.550 rows=2528312 loops=1)
Planning time: 1.123 ms
Execution time: 6425.438 ms
