Hash Join  (cost=262390.74..880508.75 rows=11235817 width=0) (actual time=6026.835..48292.282 rows=124205219 loops=1)
  Hash Cond: (mi.movie_id = t.id)
  ->  Seq Scan on movie_info mi  (cost=0.00..309384.22 rows=14739122 width=4) (actual time=0.023..6027.392 rows=14835720 loops=1)
  ->  Hash  (cost=230766.64..230766.64 rows=1927528 width=8) (actual time=6025.549..6025.549 rows=2529592 loops=1)
        Buckets: 131072 (originally 131072)  Batches: 64 (originally 32)  Memory Usage: 4107kB
        ->  Hash Join  (cost=85280.32..230766.64 rows=1927528 width=8) (actual time=1533.734..5408.583 rows=2529592 loops=1)
              Hash Cond: (mk.movie_id = t.id)
              ->  Seq Scan on movie_keyword mk  (cost=0.00..69693.30 rows=4523930 width=4) (actual time=0.026..1346.148 rows=4523930 loops=1)
              ->  Hash  (cost=67604.59..67604.59 rows=1077339 width=4) (actual time=1532.630..1532.630 rows=1074765 loops=1)
                    Buckets: 131072  Batches: 16  Memory Usage: 3396kB
                    ->  Seq Scan on title t  (cost=0.00..67604.59 rows=1077339 width=4) (actual time=0.012..1177.475 rows=1074765 loops=1)
                          Filter: (production_year < 2001)
                          Rows Removed by Filter: 1453547
Planning time: 1.098 ms
Execution time: 61987.967 ms
