Nested Loop  (cost=0.43..83071.67 rows=246 width=0) (actual time=443.693..1240.081 rows=5 loops=1)
  ->  Seq Scan on movie_keyword mk  (cost=0.00..81003.12 rows=246 width=4) (actual time=443.597..1239.775 rows=5 loops=1)
        Filter: (keyword_id = 16641)
        Rows Removed by Filter: 4523925
  ->  Index Only Scan using title_pkey on title t  (cost=0.43..8.40 rows=1 width=4) (actual time=0.052..0.054 rows=1 loops=5)
        Index Cond: (id = mk.movie_id)
        Heap Fetches: 5
Planning time: 0.691 ms
Execution time: 1240.145 ms
