Hash Join  (cost=836533.19..3565429.83 rows=129746141 width=0) (actual time=17947.232..75202.008 rows=95511515 loops=1)
  Hash Cond: (ci.movie_id = t.id)
  ->  Seq Scan on cast_info ci  (cost=0.00..614943.12 rows=36225612 width=4) (actual time=0.015..13851.790 rows=36244344 loops=1)
  ->  Hash  (cost=687954.61..687954.61 rows=9056206 width=8) (actual time=17946.264..17946.264 rows=4078471 loops=1)
        Buckets: 131072  Batches: 128  Memory Usage: 2234kB
        ->  Hash Join  (cost=93093.72..687954.61 rows=9056206 width=8) (actual time=1921.256..16605.602 rows=4078471 loops=1)
              Hash Cond: (mi.movie_id = t.id)
              ->  Seq Scan on movie_info mi  (cost=0.00..309384.22 rows=14739122 width=4) (actual time=0.024..6331.504 rows=14835720 loops=1)
              ->  Hash  (cost=67604.59..67604.59 rows=1553611 width=4) (actual time=1919.916..1919.916 rows=1555864 loops=1)
                    Buckets: 131072  Batches: 32  Memory Usage: 2740kB
                    ->  Seq Scan on title t  (cost=0.00..67604.59 rows=1553611 width=4) (actual time=0.018..1392.349 rows=1555864 loops=1)
                          Filter: (kind_id > 4)
                          Rows Removed by Filter: 972448
Planning time: 4.423 ms
Execution time: 85445.080 ms
