Hash Join  (cost=74357.80..161634.03 rows=61819 width=0) (actual time=1296.111..3238.832 rows=40706 loops=1)
  Hash Cond: (mk.movie_id = t.id)
  ->  Seq Scan on movie_keyword mk  (cost=0.00..69693.30 rows=4523930 width=4) (actual time=0.018..1055.740 rows=4523930 loops=1)
  ->  Hash  (cost=73925.90..73925.90 rows=34552 width=4) (actual time=1295.223..1295.223 rows=39508 loops=1)
        Buckets: 65536  Batches: 1  Memory Usage: 1901kB
        ->  Seq Scan on title t  (cost=0.00..73925.90 rows=34552 width=4) (actual time=0.092..1277.952 rows=39508 loops=1)
              Filter: ((kind_id > 1) AND (production_year = 1998))
              Rows Removed by Filter: 2488804
Planning time: 0.879 ms
Execution time: 3244.644 ms
