Nested Loop  (cost=0.43..83072.90 rows=4 width=0) (actual time=18.996..1302.011 rows=53 loops=1)
  ->  Seq Scan on movie_keyword mk  (cost=0.00..81003.12 rows=246 width=4) (actual time=0.151..1238.503 rows=1677 loops=1)
        Filter: (keyword_id = 2185)
        Rows Removed by Filter: 4522253
  ->  Index Scan using title_pkey on title t  (cost=0.43..8.40 rows=1 width=4) (actual time=0.037..0.037 rows=0 loops=1677)
        Index Cond: (id = mk.movie_id)
        Filter: ((kind_id < 7) AND (production_year = 2006))
        Rows Removed by Filter: 1
Planning time: 0.649 ms
Execution time: 1302.151 ms
