Seq Scan on movie_companies mc  (cost=0.00..51404.11 rows=1099245 width=0) (actual time=0.025..959.717 rows=1111956 loops=1)
  Filter: (company_id > 13928)
  Rows Removed by Filter: 1497173
Planning time: 0.270 ms
Execution time: 1096.836 ms
