Hash Join  (cost=74456.32..168353.30 rows=55230 width=0) (actual time=1126.064..3181.307 rows=54634 loops=1)
  Hash Cond: (mk.movie_id = t.id)
  ->  Seq Scan on movie_keyword mk  (cost=0.00..81003.12 rows=3291081 width=4) (actual time=0.021..1490.938 rows=3278712 loops=1)
        Filter: (keyword_id < 14518)
        Rows Removed by Filter: 1245218
  ->  Hash  (cost=73925.90..73925.90 rows=42433 width=4) (actual time=1125.404..1125.404 rows=37411 loops=1)
        Buckets: 65536  Batches: 1  Memory Usage: 1828kB
        ->  Seq Scan on title t  (cost=0.00..73925.90 rows=42433 width=4) (actual time=416.613..1112.631 rows=37411 loops=1)
              Filter: ((kind_id = 1) AND (production_year = 2011))
              Rows Removed by Filter: 2490901
Planning time: 1.399 ms
Execution time: 3188.726 ms
