Seq Scan on movie_keyword mk  (cost=0.00..81003.12 rows=3641010 width=0) (actual time=0.024..1602.826 rows=3634026 loops=1)
  Filter: (keyword_id < 20722)
  Rows Removed by Filter: 889904
Planning time: 0.285 ms
Execution time: 2062.665 ms
