Hash Join  (cost=216234.32..370345.10 rows=1912929 width=0) (actual time=4865.941..10228.520 rows=4999076 loops=1)
  Hash Cond: (mk.movie_id = t.id)
  ->  Seq Scan on movie_keyword mk  (cost=0.00..81003.12 rows=4287029 width=4) (actual time=0.027..1993.374 rows=4286468 loops=1)
        Filter: (keyword_id < 62356)
        Rows Removed by Filter: 237462
  ->  Hash  (cost=197723.05..197723.05 rows=1128262 width=8) (actual time=4864.691..4864.691 rows=934097 loops=1)
        Buckets: 131072  Batches: 16  Memory Usage: 3304kB
        ->  Hash Join  (cost=102767.86..197723.05 rows=1128262 width=8) (actual time=2202.926..4584.310 rows=934097 loops=1)
              Hash Cond: (mc.movie_id = t.id)
              ->  Seq Scan on movie_companies mc  (cost=0.00..57926.93 rows=1128262 width=4) (actual time=162.558..1166.105 rows=934097 loops=1)
                    Filter: ((company_id < 82207) AND (company_type_id > 1))
                    Rows Removed by Filter: 1675032
              ->  Hash  (cost=61283.27..61283.27 rows=2528527 width=4) (actual time=2039.043..2039.043 rows=2528312 loops=1)
                    Buckets: 131072  Batches: 64  Memory Usage: 2415kB
                    ->  Seq Scan on title t  (cost=0.00..61283.27 rows=2528527 width=4) (actual time=0.016..1196.136 rows=2528312 loops=1)
Planning time: 3.564 ms
Execution time: 10771.471 ms
