Hash Join  (cost=856440.44..1323910.50 rows=2217810 width=0) (actual time=16033.345..28354.829 rows=3653013 loops=1)
  Hash Cond: (mi.movie_id = t.id)
  ->  Seq Scan on movie_info mi  (cost=0.00..346232.03 rows=7503588 width=4) (actual time=188.959..6558.123 rows=7548855 loops=1)
        Filter: (info_type_id > 7)
        Rows Removed by Filter: 7286865
  ->  Hash  (cost=844178.59..844178.59 rows=747348 width=8) (actual time=15843.033..15843.033 rows=681483 loops=1)
        Buckets: 131072  Batches: 16  Memory Usage: 2686kB
        ->  Hash Join  (cost=74050.79..844178.59 rows=747348 width=8) (actual time=1708.497..15631.327 rows=681483 loops=1)
              Hash Cond: (ci.movie_id = t.id)
              ->  Seq Scan on cast_info ci  (cost=0.00..705507.15 rows=4809646 width=4) (actual time=449.596..11434.300 rows=4703014 loops=1)
                    Filter: (person_id < 456202)
                    Rows Removed by Filter: 31541330
              ->  Hash  (cost=67604.59..67604.59 rows=392896 width=4) (actual time=1257.955..1257.955 rows=391666 loops=1)
                    Buckets: 131072  Batches: 8  Memory Usage: 2753kB
                    ->  Seq Scan on title t  (cost=0.00..67604.59 rows=392896 width=4) (actual time=0.026..1129.346 rows=391666 loops=1)
                          Filter: (production_year > 2010)
                          Rows Removed by Filter: 2136646
Planning time: 1.032 ms
Execution time: 28764.483 ms
