Hash Join  (cost=178211.84..244709.77 rows=42737 width=0) (actual time=3575.783..5422.438 rows=823051 loops=1)
  Hash Cond: (mc.movie_id = t.id)
  ->  Seq Scan on movie_companies mc  (cost=0.00..51404.11 rows=1238788 width=4) (actual time=0.012..1074.294 rows=1252695 loops=1)
        Filter: (company_id > 11650)
        Rows Removed by Filter: 1356434
  ->  Hash  (cost=176780.44..176780.44 rows=87232 width=8) (actual time=3575.035..3575.035 rows=192082 loops=1)
        Buckets: 131072 (originally 131072)  Batches: 4 (originally 2)  Memory Usage: 3073kB
        ->  Hash Join  (cost=88560.69..176780.44 rows=87232 width=8) (actual time=1888.319..3520.385 rows=192082 loops=1)
              Hash Cond: (mk.movie_id = t.id)
              ->  Seq Scan on movie_keyword mk  (cost=0.00..81003.12 rows=247280 width=4) (actual time=0.023..1349.939 rows=245597 loops=1)
                    Filter: (keyword_id > 61077)
                    Rows Removed by Filter: 4278333
              ->  Hash  (cost=73925.90..73925.90 rows=891983 width=4) (actual time=1887.166..1887.166 rows=807055 loops=1)
                    Buckets: 131072  Batches: 16  Memory Usage: 2808kB
                    ->  Seq Scan on title t  (cost=0.00..73925.90 rows=891983 width=4) (actual time=0.040..1292.999 rows=807055 loops=1)
                          Filter: ((kind_id < 7) AND (production_year > 1952))
                          Rows Removed by Filter: 1721257
Planning time: 4.623 ms
Execution time: 5522.495 ms
