Nested Loop  (cost=0.43..58375.18 rows=53 width=0) (actual time=0.381..854.235 rows=598 loops=1)
  ->  Seq Scan on movie_companies mc  (cost=0.00..57926.93 rows=53 width=4) (actual time=0.317..839.789 rows=598 loops=1)
        Filter: ((company_id = 11856) AND (company_type_id = 2))
        Rows Removed by Filter: 2608531
  ->  Index Only Scan using title_pkey on title t  (cost=0.43..8.45 rows=1 width=4) (actual time=0.023..0.023 rows=1 loops=598)
        Index Cond: (id = mc.movie_id)
        Heap Fetches: 598
Planning time: 0.704 ms
Execution time: 854.475 ms
