Hash Join  (cost=80560.63..122040.15 rows=220704 width=0) (actual time=1332.622..2467.752 rows=293521 loops=1)
  Hash Cond: (mi_idx.movie_id = t.id)
  ->  Seq Scan on movie_info_idx mi_idx  (cost=0.00..21735.35 rows=1380035 width=4) (actual time=0.022..404.943 rows=1380035 loops=1)
  ->  Hash  (cost=73925.90..73925.90 rows=404378 width=4) (actual time=1331.650..1331.650 rows=296768 loops=1)
        Buckets: 131072  Batches: 8  Memory Usage: 2332kB
        ->  Seq Scan on title t  (cost=0.00..73925.90 rows=404378 width=4) (actual time=243.655..1234.238 rows=296768 loops=1)
              Filter: ((production_year > 1997) AND (kind_id = 1))
              Rows Removed by Filter: 2231544
Planning time: 0.678 ms
Execution time: 2505.935 ms
