Nested Loop  (cost=0.43..798788.22 rows=13 width=0) (actual time=4160.889..14583.226 rows=1 loops=1)
  ->  Seq Scan on cast_info ci  (cost=0.00..796071.18 rows=324 width=4) (actual time=2545.314..14579.190 rows=231 loops=1)
        Filter: ((role_id > 1) AND (person_id = 2790269))
        Rows Removed by Filter: 36244113
  ->  Index Scan using title_pkey on title t  (cost=0.43..8.38 rows=1 width=4) (actual time=0.017..0.017 rows=0 loops=231)
        Index Cond: (id = ci.movie_id)
        Filter: (kind_id = 3)
        Rows Removed by Filter: 1
Planning time: 0.753 ms
Execution time: 14583.337 ms
