Seq Scan on cast_info ci  (cost=0.00..796071.18 rows=12084474 width=0) (actual time=0.028..14137.059 rows=12670688 loops=1)
  Filter: ((person_id < 3693716) AND (role_id = 1))
  Rows Removed by Filter: 23573656
Planning time: 0.364 ms
Execution time: 15499.923 ms
