Hash Join  (cost=275111.06..1662819.77 rows=30043153 width=0) (actual time=5935.489..40520.253 rows=15967340 loops=1)
  Hash Cond: (ci.movie_id = t.id)
  ->  Seq Scan on cast_info ci  (cost=0.00..614943.12 rows=36225612 width=4) (actual time=0.018..13807.020 rows=36244344 loops=1)
  ->  Hash  (cost=240706.62..240706.62 rows=2096995 width=8) (actual time=5933.964..5933.964 rows=502304 loops=1)
        Buckets: 131072  Batches: 32  Memory Usage: 1618kB
        ->  Hash Join  (cost=93155.63..240706.62 rows=2096995 width=8) (actual time=3470.636..5379.496 rows=502304 loops=1)
              Hash Cond: (mk.movie_id = t.id)
              ->  Seq Scan on movie_keyword mk  (cost=0.00..69693.30 rows=4523930 width=4) (actual time=0.023..1407.170 rows=4523930 loops=1)
              ->  Hash  (cost=73925.90..73925.90 rows=1172058 width=4) (actual time=1740.947..1740.947 rows=1128906 loops=1)
                    Buckets: 131072  Batches: 16  Memory Usage: 3509kB
                    ->  Seq Scan on title t  (cost=0.00..73925.90 rows=1172058 width=4) (actual time=0.023..1384.883 rows=1128906 loops=1)
                          Filter: ((production_year < 2010) AND (kind_id = 7))
                          Rows Removed by Filter: 1399406
Planning time: 1.191 ms
Execution time: 42261.203 ms
