Hash Join  (cost=100881.32..465594.96 rows=5768 width=0) (actual time=1987.725..9005.885 rows=41706 loops=1)
  Hash Cond: (mi.movie_id = t.id)
  ->  Seq Scan on movie_info mi  (cost=0.00..309384.22 rows=14739122 width=4) (actual time=0.017..4473.975 rows=14835720 loops=1)
  ->  Hash  (cost=100868.95..100868.95 rows=990 width=8) (actual time=1736.168..1736.168 rows=2865 loops=1)
        Buckets: 4096 (originally 1024)  Batches: 1 (originally 1)  Memory Usage: 144kB
        ->  Hash Join  (cost=73948.57..100868.95 rows=990 width=8) (actual time=1449.301..1735.100 rows=2865 loops=1)
              Hash Cond: (mi_idx.movie_id = t.id)
              ->  Seq Scan on movie_info_idx mi_idx  (cost=0.00..21735.35 rows=1380035 width=4) (actual time=0.018..303.283 rows=1380035 loops=1)
              ->  Hash  (cost=73925.90..73925.90 rows=1813 width=4) (actual time=1174.018..1174.018 rows=2267 loops=1)
                    Buckets: 4096 (originally 2048)  Batches: 1 (originally 1)  Memory Usage: 112kB
                    ->  Seq Scan on title t  (cost=0.00..73925.90 rows=1813 width=4) (actual time=0.096..1172.532 rows=2267 loops=1)
                          Filter: ((kind_id = 2) AND (production_year = 1999))
                          Rows Removed by Filter: 2526045
Planning time: 1.169 ms
Execution time: 9011.921 ms
