Hash Join  (cost=76503.02..182117.35 rows=122332 width=0) (actual time=1335.260..3761.059 rows=411836 loops=1)
  Hash Cond: (mk.movie_id = t.id)
  ->  Seq Scan on movie_keyword mk  (cost=0.00..81003.12 rows=1969571 width=4) (actual time=0.018..1525.182 rows=1978035 loops=1)
        Filter: (keyword_id > 6395)
        Rows Removed by Filter: 2545895
  ->  Hash  (cost=73925.90..73925.90 rows=157049 width=4) (actual time=1334.239..1334.239 rows=258048 loops=1)
        Buckets: 131072  Batches: 4  Memory Usage: 3301kB
        ->  Seq Scan on title t  (cost=0.00..73925.90 rows=157049 width=4) (actual time=0.021..1225.488 rows=258048 loops=1)
              Filter: ((kind_id < 7) AND (production_year < 1972))
              Rows Removed by Filter: 2270264
Planning time: 0.698 ms
Execution time: 3808.524 ms
