Seq Scan on cast_info ci  (cost=0.00..705507.15 rows=500 width=0) (actual time=350.706..10979.581 rows=122 loops=1)
  Filter: (person_id = 154574)
  Rows Removed by Filter: 36244222
Planning time: 1.231 ms
Execution time: 10979.702 ms
