Hash Join  (cost=67697.55..128478.21 rows=7297 width=0) (actual time=1261.989..2567.620 rows=15735 loops=1)
  Hash Cond: (mc.movie_id = t.id)
  ->  Seq Scan on movie_companies mc  (cost=0.00..51404.11 rows=2480953 width=4) (actual time=0.022..1050.815 rows=2477806 loops=1)
        Filter: (company_id > 19)
        Rows Removed by Filter: 131323
  ->  Hash  (cost=67604.59..67604.59 rows=7437 width=4) (actual time=1075.686..1075.686 rows=8125 loops=1)
        Buckets: 8192  Batches: 1  Memory Usage: 350kB
        ->  Seq Scan on title t  (cost=0.00..67604.59 rows=7437 width=4) (actual time=0.020..1072.265 rows=8125 loops=1)
              Filter: (production_year = 1914)
              Rows Removed by Filter: 2520187
Planning time: 0.511 ms
Execution time: 2570.259 ms
