Seq Scan on movie_keyword mk  (cost=0.00..81003.12 rows=314195 width=0) (actual time=0.034..1415.394 rows=311548 loops=1)
  Filter: (keyword_id > 52391)
  Rows Removed by Filter: 4212382
Planning time: 0.311 ms
Execution time: 1456.932 ms
