Hash Join  (cost=87180.69..194346.81 rows=623181 width=0) (actual time=1526.802..4073.282 rows=482637 loops=1)
  Hash Cond: (mk.movie_id = t.id)
  ->  Seq Scan on movie_keyword mk  (cost=0.00..81003.12 rows=1320583 width=4) (actual time=0.022..1588.991 rows=1334327 loops=1)
        Filter: (keyword_id > 12891)
        Rows Removed by Filter: 3189603
  ->  Hash  (cost=67604.59..67604.59 rows=1193208 width=4) (actual time=1524.081..1524.081 rows=1192518 loops=1)
        Buckets: 131072  Batches: 16  Memory Usage: 3654kB
        ->  Seq Scan on title t  (cost=0.00..67604.59 rows=1193208 width=4) (actual time=0.024..1138.285 rows=1192518 loops=1)
              Filter: (production_year > 2003)
              Rows Removed by Filter: 1335794
Planning time: 0.735 ms
Execution time: 4133.641 ms
