Seq Scan on cast_info ci  (cost=0.00..796071.18 rows=219064 width=0) (actual time=2566.031..14681.944 rows=266147 loops=1)
  Filter: ((person_id > 859330) AND (role_id = 7))
  Rows Removed by Filter: 35978197
Planning time: 0.381 ms
Execution time: 14709.482 ms
