Hash Join  (cost=798388.24..885049.29 rows=301 width=0) (actual time=14404.082..16212.251 rows=77 loops=1)
  Hash Cond: (mk.movie_id = t.id)
  ->  Seq Scan on movie_keyword mk  (cost=0.00..69693.30 rows=4523930 width=4) (actual time=0.012..1111.547 rows=4523930 loops=1)
  ->  Hash  (cost=798386.14..798386.14 rows=168 width=8) (actual time=14364.198..14364.198 rows=113 loops=1)
        Buckets: 1024  Batches: 1  Memory Usage: 13kB
        ->  Nested Loop  (cost=0.43..798386.14 rows=168 width=8) (actual time=8910.092..14364.161 rows=113 loops=1)
              ->  Seq Scan on cast_info ci  (cost=0.00..796071.18 rows=276 width=4) (actual time=8909.750..14362.313 rows=127 loops=1)
                    Filter: ((role_id < 3) AND (person_id = 1711694))
                    Rows Removed by Filter: 36244217
              ->  Index Scan using title_pkey on title t  (cost=0.43..8.38 rows=1 width=4) (actual time=0.014..0.014 rows=1 loops=127)
                    Index Cond: (id = ci.movie_id)
                    Filter: (kind_id = 7)
                    Rows Removed by Filter: 0
Planning time: 1.180 ms
Execution time: 16212.421 ms
