Hash Join  (cost=67697.55..153286.91 rows=3569 width=0) (actual time=1062.021..2634.369 rows=1821 loops=1)
  Hash Cond: (mk.movie_id = t.id)
  ->  Seq Scan on movie_keyword mk  (cost=0.00..81003.12 rows=1213479 width=4) (actual time=0.019..1381.981 rows=1218357 loops=1)
        Filter: (keyword_id < 1535)
        Rows Removed by Filter: 3305573
  ->  Hash  (cost=67604.59..67604.59 rows=7437 width=4) (actual time=1054.956..1054.956 rows=2786 loops=1)
        Buckets: 8192  Batches: 1  Memory Usage: 162kB
        ->  Seq Scan on title t  (cost=0.00..67604.59 rows=7437 width=4) (actual time=470.131..1053.622 rows=2786 loops=1)
              Filter: (production_year = 1925)
              Rows Removed by Filter: 2525526
Planning time: 0.689 ms
Execution time: 2634.827 ms
