Nested Loop  (cost=0.43..83072.90 rows=41 width=0) (actual time=0.173..1472.688 rows=875 loops=1)
  ->  Seq Scan on movie_keyword mk  (cost=0.00..81003.12 rows=246 width=4) (actual time=0.070..1361.497 rows=2563 loops=1)
        Filter: (keyword_id = 2830)
        Rows Removed by Filter: 4521367
  ->  Index Scan using title_pkey on title t  (cost=0.43..8.40 rows=1 width=4) (actual time=0.042..0.042 rows=0 loops=2563)
        Index Cond: (id = mk.movie_id)
        Filter: ((production_year > 1995) AND (kind_id = 1))
        Rows Removed by Filter: 1
Planning time: 10.578 ms
Execution time: 1473.178 ms
