Hash Join  (cost=160195.59..187309.09 rows=20302 width=0) (actual time=2802.731..3414.502 rows=32978 loops=1)
  Hash Cond: (mi_idx.movie_id = t.id)
  ->  Seq Scan on movie_info_idx mi_idx  (cost=0.00..21735.35 rows=1380035 width=4) (actual time=0.021..316.987 rows=1380035 loops=1)
  ->  Hash  (cost=159730.61..159730.61 rows=37198 width=8) (actual time=2802.279..2802.279 rows=18270 loops=1)
        Buckets: 65536  Batches: 1  Memory Usage: 1226kB
        ->  Hash Join  (cost=74050.79..159730.61 rows=37198 width=8) (actual time=1265.462..2795.792 rows=18270 loops=1)
              Hash Cond: (mk.movie_id = t.id)
              ->  Seq Scan on movie_keyword mk  (cost=0.00..81003.12 rows=239392 width=4) (actual time=0.025..1349.059 rows=238898 loops=1)
                    Filter: (keyword_id > 62049)
                    Rows Removed by Filter: 4285032
              ->  Hash  (cost=67604.59..67604.59 rows=392896 width=4) (actual time=1263.739..1263.739 rows=391666 loops=1)
                    Buckets: 131072  Batches: 8  Memory Usage: 2759kB
                    ->  Seq Scan on title t  (cost=0.00..67604.59 rows=392896 width=4) (actual time=0.011..1131.678 rows=391666 loops=1)
                          Filter: (production_year > 2010)
                          Rows Removed by Filter: 2136646
Planning time: 1.051 ms
Execution time: 3419.294 ms
