Hash Join  (cost=80110.18..118767.03 rows=136995 width=0) (actual time=1340.612..2414.195 rows=184839 loops=1)
  Hash Cond: (mi_idx.movie_id = t.id)
  ->  Seq Scan on movie_info_idx mi_idx  (cost=0.00..25185.44 rows=919057 width=4) (actual time=0.025..594.078 rows=920110 loops=1)
        Filter: (info_type_id > 99)
        Rows Removed by Filter: 459925
  ->  Hash  (cost=73925.90..73925.90 rows=376902 width=4) (actual time=1339.360..1339.360 rows=300122 loops=1)
        Buckets: 131072  Batches: 8  Memory Usage: 2339kB
        ->  Seq Scan on title t  (cost=0.00..73925.90 rows=376902 width=4) (actual time=0.026..1241.812 rows=300122 loops=1)
              Filter: ((kind_id < 4) AND (production_year > 2004))
              Rows Removed by Filter: 2228190
Planning time: 0.751 ms
Execution time: 2435.242 ms
