Hash Join  (cost=100724.17..641571.48 rows=6309316 width=0) (actual time=2759.901..16001.648 rows=3963259 loops=1)
  Hash Cond: (mi.movie_id = t.id)
  ->  Seq Scan on movie_info mi  (cost=0.00..346232.03 rows=9767026 width=4) (actual time=0.016..7051.755 rows=9911754 loops=1)
        Filter: (info_type_id > 4)
        Rows Removed by Filter: 4923966
  ->  Hash  (cost=73925.90..73925.90 rows=1633381 width=4) (actual time=2758.360..2758.360 rows=1709242 loops=1)
        Buckets: 131072  Batches: 32  Memory Usage: 2912kB
        ->  Seq Scan on title t  (cost=0.00..73925.90 rows=1633381 width=4) (actual time=0.012..1433.547 rows=1709242 loops=1)
              Filter: ((kind_id > 2) AND (production_year > 1935))
              Rows Removed by Filter: 819070
Planning time: 0.740 ms
Execution time: 16466.416 ms
