Hash Join  (cost=76808.54..567540.40 rows=1023893 width=0) (actual time=1580.627..13537.860 rows=414308 loops=1)
  Hash Cond: (mi.movie_id = t.id)
  ->  Seq Scan on movie_info mi  (cost=0.00..309384.22 rows=14739122 width=4) (actual time=0.015..6036.983 rows=14835720 loops=1)
  ->  Hash  (cost=73925.90..73925.90 rows=175651 width=4) (actual time=1102.479..1102.479 rows=72638 loops=1)
        Buckets: 131072  Batches: 4  Memory Usage: 1667kB
        ->  Seq Scan on title t  (cost=0.00..73925.90 rows=175651 width=4) (actual time=0.019..1075.356 rows=72638 loops=1)
              Filter: ((production_year < 1964) AND (kind_id = 7))
              Rows Removed by Filter: 2455674
Planning time: 0.785 ms
Execution time: 13591.026 ms
