Seq Scan on movie_companies mc  (cost=0.00..57926.93 rows=1087431 width=0) (actual time=0.014..1152.556 rows=975539 loops=1)
  Filter: ((company_id > 236) AND (company_type_id = 1))
  Rows Removed by Filter: 1633590
Planning time: 0.359 ms
Execution time: 1275.169 ms
