Seq Scan on movie_keyword mk  (cost=0.00..81003.12 rows=1484262 width=0) (actual time=0.023..1409.380 rows=1496581 loops=1)
  Filter: (keyword_id > 10835)
  Rows Removed by Filter: 3027349
Planning time: 0.308 ms
Execution time: 1595.133 ms
