Hash Join  (cost=365418.15..1635368.55 rows=23690238 width=0) (actual time=9966.689..55160.416 rows=89103679 loops=1)
  Hash Cond: (ci.movie_id = t.id)
  ->  Seq Scan on cast_info ci  (cost=0.00..796071.18 rows=13241011 width=4) (actual time=0.020..15483.113 rows=15064792 loops=1)
        Filter: ((person_id < 1659009) AND (role_id < 7))
        Rows Removed by Filter: 21179552
  ->  Hash  (cost=291197.02..291197.02 rows=4523930 width=8) (actual time=9964.894..9964.894 rows=4523930 loops=1)
        Buckets: 131072  Batches: 64  Memory Usage: 3816kB
        ->  Hash Join  (cost=102767.86..291197.02 rows=4523930 width=8) (actual time=1984.317..8603.826 rows=4523930 loops=1)
              Hash Cond: (mk.movie_id = t.id)
              ->  Seq Scan on movie_keyword mk  (cost=0.00..69693.30 rows=4523930 width=4) (actual time=0.012..1449.002 rows=4523930 loops=1)
              ->  Hash  (cost=61283.27..61283.27 rows=2528527 width=4) (actual time=1979.093..1979.093 rows=2528312 loops=1)
                    Buckets: 131072  Batches: 64  Memory Usage: 2425kB
                    ->  Seq Scan on title t  (cost=0.00..61283.27 rows=2528527 width=4) (actual time=0.012..1158.210 rows=2528312 loops=1)
Planning time: 1.125 ms
Execution time: 64791.776 ms
