Hash Join  (cost=86252.72..178248.31 rows=164698 width=0) (actual time=1553.316..3352.368 rows=450286 loops=1)
  Hash Cond: (mk.movie_id = t.id)
  ->  Seq Scan on movie_keyword mk  (cost=0.00..81003.12 rows=554264 width=4) (actual time=1.465..1269.104 rows=555726 loops=1)
        Filter: (keyword_id < 398)
        Rows Removed by Filter: 3968204
  ->  Hash  (cost=73925.90..73925.90 rows=751345 width=4) (actual time=1550.777..1550.777 rows=793943 loops=1)
        Buckets: 131072  Batches: 16  Memory Usage: 2779kB
        ->  Seq Scan on title t  (cost=0.00..73925.90 rows=751345 width=4) (actual time=0.020..1294.409 rows=793943 loops=1)
              Filter: ((kind_id < 7) AND (production_year < 2010))
              Rows Removed by Filter: 1734369
Planning time: 0.792 ms
Execution time: 3405.180 ms
