Hash Join  (cost=248745.29..425032.94 rows=3991570 width=0) (actual time=5912.139..16345.530 rows=29451397 loops=1)
  Hash Cond: (mk.movie_id = t.id)
  ->  Seq Scan on movie_keyword mk  (cost=0.00..69693.30 rows=4523930 width=4) (actual time=0.025..1474.190 rows=4523930 loops=1)
  ->  Hash  (cost=212143.05..212143.05 rows=2230979 width=8) (actual time=5910.807..5910.807 rows=2022814 loops=1)
        Buckets: 131072  Batches: 32  Memory Usage: 3533kB
        ->  Hash Join  (cost=103076.32..212143.05 rows=2230979 width=8) (actual time=1978.803..5286.161 rows=2022814 loops=1)
              Hash Cond: (mc.movie_id = t.id)
              ->  Seq Scan on movie_companies mc  (cost=0.00..44881.29 rows=2609129 width=4) (actual time=0.024..884.519 rows=2609129 loops=1)
              ->  Hash  (cost=67604.59..67604.59 rows=2162059 width=4) (actual time=1978.051..1978.051 rows=2159747 loops=1)
                    Buckets: 131072  Batches: 32  Memory Usage: 3400kB
                    ->  Seq Scan on title t  (cost=0.00..67604.59 rows=2162059 width=4) (actual time=0.026..1286.383 rows=2159747 loops=1)
                          Filter: (production_year > 1964)
                          Rows Removed by Filter: 368565
Planning time: 1.248 ms
Execution time: 19726.499 ms
