Hash Join  (cost=263115.61..1400931.06 rows=17864961 width=0) (actual time=6825.674..42255.300 rows=38381632 loops=1)
  Hash Cond: (ci.movie_id = t.id)
  ->  Seq Scan on cast_info ci  (cost=0.00..705507.15 rows=17313071 width=4) (actual time=0.012..13717.858 rows=17197269 loops=1)
        Filter: (person_id < 1698666)
        Rows Removed by Filter: 19047075
  ->  Hash  (cost=220309.49..220309.49 rows=2609129 width=8) (actual time=6824.348..6824.348 rows=2609129 loops=1)
        Buckets: 131072  Batches: 64  Memory Usage: 2610kB
        ->  Hash Join  (cost=102767.86..220309.49 rows=2609129 width=8) (actual time=1976.675..6038.207 rows=2609129 loops=1)
              Hash Cond: (mc.movie_id = t.id)
              ->  Seq Scan on movie_companies mc  (cost=0.00..44881.29 rows=2609129 width=4) (actual time=0.022..1011.813 rows=2609129 loops=1)
              ->  Hash  (cost=61283.27..61283.27 rows=2528527 width=4) (actual time=1974.656..1974.656 rows=2528312 loops=1)
                    Buckets: 131072  Batches: 64  Memory Usage: 2415kB
                    ->  Seq Scan on title t  (cost=0.00..61283.27 rows=2528527 width=4) (actual time=0.015..1140.534 rows=2528312 loops=1)
Planning time: 3.368 ms
Execution time: 46715.691 ms
