Hash Join  (cost=74341.98..155427.24 rows=279 width=0) (actual time=1184.308..2505.034 rows=648 loops=1)
  Hash Cond: (mk.movie_id = t.id)
  ->  Seq Scan on movie_keyword mk  (cost=0.00..81003.12 rows=21160 width=4) (actual time=0.079..1314.941 rows=17782 loops=1)
        Filter: (keyword_id > 118965)
        Rows Removed by Filter: 4506148
  ->  Hash  (cost=73925.90..73925.90 rows=33286 width=4) (actual time=1183.457..1183.457 rows=28113 loops=1)
        Buckets: 65536  Batches: 1  Memory Usage: 1501kB
        ->  Seq Scan on title t  (cost=0.00..73925.90 rows=33286 width=4) (actual time=0.022..1171.786 rows=28113 loops=1)
              Filter: ((kind_id < 7) AND (production_year = 2004))
              Rows Removed by Filter: 2500199
Planning time: 0.736 ms
Execution time: 2505.416 ms
