Hash Join  (cost=123533.92..249555.77 rows=329881 width=0) (actual time=2444.496..5685.908 rows=850677 loops=1)
  Hash Cond: (mk.movie_id = t.id)
  ->  Seq Scan on movie_keyword mk  (cost=0.00..69693.30 rows=4523930 width=4) (actual time=0.015..1390.616 rows=4523930 loops=1)
  ->  Hash  (cost=120508.20..120508.20 rows=184378 width=8) (actual time=2443.614..2443.614 rows=143567 loops=1)
        Buckets: 131072  Batches: 4  Memory Usage: 2425kB
        ->  Hash Join  (cost=84197.31..120508.20 rows=184378 width=8) (actual time=1491.157..2397.067 rows=143567 loops=1)
              Hash Cond: (mi_idx.movie_id = t.id)
              ->  Seq Scan on movie_info_idx mi_idx  (cost=0.00..25185.44 rows=460978 width=4) (actual time=0.016..451.349 rows=459925 loops=1)
                    Filter: (info_type_id < 100)
                    Rows Removed by Filter: 920110
              ->  Hash  (cost=67604.59..67604.59 rows=1011338 width=4) (actual time=1489.932..1489.932 rows=1012920 loops=1)
                    Buckets: 131072  Batches: 16  Memory Usage: 3250kB
                    ->  Seq Scan on title t  (cost=0.00..67604.59 rows=1011338 width=4) (actual time=0.028..1159.696 rows=1012920 loops=1)
                          Filter: (production_year > 2005)
                          Rows Removed by Filter: 1515392
Planning time: 1.132 ms
Execution time: 5789.911 ms
