Hash Join  (cost=72583.38..201200.12 rows=542871 width=0) (actual time=1114.563..5424.290 rows=817910 loops=1)
  Hash Cond: (mk.movie_id = t.id)
  ->  Seq Scan on movie_keyword mk  (cost=0.00..69693.30 rows=4523930 width=4) (actual time=0.018..1514.268 rows=4523930 loops=1)
  ->  Hash  (cost=67604.59..67604.59 rows=303423 width=4) (actual time=1113.702..1113.702 rows=296471 loops=1)
        Buckets: 131072  Batches: 4  Memory Usage: 3632kB
        ->  Seq Scan on title t  (cost=0.00..67604.59 rows=303423 width=4) (actual time=0.023..1011.719 rows=296471 loops=1)
              Filter: (production_year < 1965)
              Rows Removed by Filter: 2231841
Planning time: 0.675 ms
Execution time: 5527.737 ms
