Seq Scan on movie_companies mc  (cost=0.00..51404.11 rows=516147 width=0) (actual time=0.023..752.606 rows=516728 loops=1)
  Filter: (company_id < 475)
  Rows Removed by Filter: 2092401
Planning time: 0.356 ms
Execution time: 822.936 ms
