Seq Scan on cast_info ci  (cost=0.00..796071.18 rows=7845477 width=0) (actual time=0.024..12462.284 rows=3337708 loops=1)
  Filter: ((person_id < 1182093) AND (role_id > 1))
  Rows Removed by Filter: 32906636
Planning time: 0.344 ms
Execution time: 12876.846 ms
