Hash Join  (cost=87899.79..190018.38 rows=410474 width=134) (actual time=1721.675..4350.219 rows=519610 loops=1)
  Hash Cond: (mc.movie_id = t.id)
  ->  Seq Scan on movie_companies mc  (cost=0.00..51404.11 rows=2016462 width=40) (actual time=0.028..1319.738 rows=2009612 loops=1)
        Filter: (company_id < 67945)
        Rows Removed by Filter: 599517
  ->  Hash  (cost=73925.90..73925.90 rows=514711 width=94) (actual time=1720.872..1720.872 rows=386575 loops=1)
        Buckets: 32768  Batches: 32  Memory Usage: 1550kB
        ->  Seq Scan on title t  (cost=0.00..73925.90 rows=514711 width=94) (actual time=0.021..1556.190 rows=386575 loops=1)
              Filter: ((production_year > 1979) AND (kind_id = 1))
              Rows Removed by Filter: 2141737
Planning time: 4.433 ms
Execution time: 4377.383 ms
