Hash Join  (cost=190230.21..1358198.60 rows=14656679 width=0) (actual time=5475.935..42420.770 rows=29950555 loops=1)
  Hash Cond: (ci.movie_id = t.id)
  ->  Seq Scan on cast_info ci  (cost=0.00..705507.15 rows=26854252 width=4) (actual time=922.186..15514.304 rows=27022221 loops=1)
        Filter: (person_id > 906970)
        Rows Removed by Filter: 9222123
  ->  Hash  (cost=167588.78..167588.78 rows=1380035 width=8) (actual time=4552.943..4552.943 rows=1380035 loops=1)
        Buckets: 131072  Batches: 32  Memory Usage: 2708kB
        ->  Hash Join  (cost=102767.86..167588.78 rows=1380035 width=8) (actual time=2300.360..4204.641 rows=1380035 loops=1)
              Hash Cond: (mi_idx.movie_id = t.id)
              ->  Seq Scan on movie_info_idx mi_idx  (cost=0.00..21735.35 rows=1380035 width=4) (actual time=0.015..484.094 rows=1380035 loops=1)
              ->  Hash  (cost=61283.27..61283.27 rows=2528527 width=4) (actual time=2299.150..2299.150 rows=2528312 loops=1)
                    Buckets: 131072  Batches: 64  Memory Usage: 2415kB
                    ->  Seq Scan on title t  (cost=0.00..61283.27 rows=2528527 width=4) (actual time=0.016..1128.005 rows=2528312 loops=1)
Planning time: 1.138 ms
Execution time: 45858.759 ms
