Seq Scan on cast_info ci  (cost=0.00..796071.18 rows=7916856 width=0) (actual time=0.019..13846.868 rows=12290016 loops=1)
  Filter: ((person_id > 2457703) AND (role_id > 1))
  Rows Removed by Filter: 23954328
Planning time: 0.335 ms
Execution time: 15369.988 ms
