Hash Join  (cost=84210.60..127773.38 rows=342129 width=0) (actual time=1679.155..2818.045 rows=613775 loops=1)
  Hash Cond: (mi_idx.movie_id = t.id)
  ->  Seq Scan on movie_info_idx mi_idx  (cost=0.00..21735.35 rows=1380035 width=4) (actual time=0.019..438.018 rows=1380035 loops=1)
  ->  Hash  (cost=73925.90..73925.90 rows=626856 width=4) (actual time=1481.419..1481.419 rows=571053 loops=1)
        Buckets: 131072  Batches: 16  Memory Usage: 2276kB
        ->  Seq Scan on title t  (cost=0.00..73925.90 rows=626856 width=4) (actual time=0.019..1308.585 rows=571053 loops=1)
              Filter: ((production_year > 1919) AND (kind_id = 1))
              Rows Removed by Filter: 1957259
Planning time: 0.744 ms
Execution time: 2896.241 ms
