Hash Join  (cost=116558.65..171243.62 rows=1945 width=0) (actual time=1390.066..2489.622 rows=26074 loops=1)
  Hash Cond: (mc.movie_id = t.id)
  ->  Seq Scan on movie_companies mc  (cost=0.00..44881.29 rows=2609129 width=4) (actual time=0.019..554.712 rows=2609129 loops=1)
  ->  Hash  (cost=116535.08..116535.08 rows=1885 width=8) (actual time=1389.721..1389.721 rows=4460 loops=1)
        Buckets: 8192 (originally 2048)  Batches: 1 (originally 1)  Memory Usage: 239kB
        ->  Nested Loop  (cost=0.43..116535.08 rows=1885 width=8) (actual time=0.383..1386.621 rows=4460 loops=1)
              ->  Seq Scan on movie_keyword mk  (cost=0.00..81003.12 rows=4826 width=4) (actual time=0.346..1194.800 rows=4626 loops=1)
                    Filter: (keyword_id = 465)
                    Rows Removed by Filter: 4519304
              ->  Index Scan using title_pkey on title t  (cost=0.43..7.35 rows=1 width=4) (actual time=0.040..0.041 rows=1 loops=4626)
                    Index Cond: (id = mk.movie_id)
                    Filter: (kind_id < 7)
                    Rows Removed by Filter: 0
Planning time: 1.190 ms
Execution time: 2493.729 ms
