Hash Join  (cost=74323.94..425455.64 rows=15920 width=0) (actual time=4751.591..6750.389 rows=10640 loops=1)
  Hash Cond: (mi.movie_id = t.id)
  ->  Seq Scan on movie_info mi  (cost=0.00..346232.03 rows=1264125 width=4) (actual time=3530.596..5183.015 rows=1288928 loops=1)
        Filter: (info_type_id = 2)
        Rows Removed by Filter: 13546792
  ->  Hash  (cost=73925.90..73925.90 rows=31843 width=4) (actual time=1220.545..1220.545 rows=35656 loops=1)
        Buckets: 65536 (originally 32768)  Batches: 1 (originally 1)  Memory Usage: 1766kB
        ->  Seq Scan on title t  (cost=0.00..73925.90 rows=31843 width=4) (actual time=0.056..1204.582 rows=35656 loops=1)
              Filter: ((kind_id = 7) AND (production_year = 2000))
              Rows Removed by Filter: 2492656
Planning time: 0.788 ms
Execution time: 6751.961 ms
