Hash Join  (cost=102767.86..272949.13 rows=3295517 width=0) (actual time=2001.599..6688.590 rows=3284934 loops=1)
  Hash Cond: (mk.movie_id = t.id)
  ->  Seq Scan on movie_keyword mk  (cost=0.00..81003.12 rows=3295517 width=4) (actual time=0.013..1875.019 rows=3284934 loops=1)
        Filter: (keyword_id < 14602)
        Rows Removed by Filter: 1238996
  ->  Hash  (cost=61283.27..61283.27 rows=2528527 width=4) (actual time=2000.893..2000.893 rows=2528312 loops=1)
        Buckets: 131072  Batches: 64  Memory Usage: 2425kB
        ->  Seq Scan on title t  (cost=0.00..61283.27 rows=2528527 width=4) (actual time=0.025..1092.531 rows=2528312 loops=1)
Planning time: 0.763 ms
Execution time: 7078.292 ms
