Hash Join  (cost=75418.98..850673.95 rows=209389 width=0) (actual time=2001.506..16241.734 rows=118927 loops=1)
  Hash Cond: (ci.movie_id = t.id)
  ->  Seq Scan on cast_info ci  (cost=0.00..705507.15 rows=5820248 width=4) (actual time=839.028..12374.193 rows=5732694 loops=1)
        Filter: (role_id > 8)
        Rows Removed by Filter: 30511650
  ->  Hash  (cost=73925.90..73925.90 rows=90966 width=4) (actual time=1161.532..1161.532 rows=211129 loops=1)
        Buckets: 131072 (originally 131072)  Batches: 4 (originally 2)  Memory Usage: 3073kB
        ->  Seq Scan on title t  (cost=0.00..73925.90 rows=90966 width=4) (actual time=0.018..1085.252 rows=211129 loops=1)
              Filter: ((kind_id < 3) AND (production_year < 1965))
              Rows Removed by Filter: 2317183
Planning time: 0.740 ms
Execution time: 16258.288 ms
