Seq Scan on cast_info ci  (cost=0.00..705507.15 rows=32583973 width=0) (actual time=0.018..13465.199 rows=32714227 loops=1)
  Filter: (person_id > 337877)
  Rows Removed by Filter: 3530117
Planning time: 0.322 ms
Execution time: 17525.983 ms
