Seq Scan on cast_info ci  (cost=0.00..796071.18 rows=6699357 width=0) (actual time=0.030..11724.271 rows=10337173 loops=1)
  Filter: ((person_id > 2677461) AND (role_id > 1))
  Rows Removed by Filter: 25907171
Planning time: 0.288 ms
Execution time: 12899.111 ms
