Hash Join  (cost=103888.80..934765.34 rows=83811 width=0) (actual time=12257.301..16770.763 rows=83002 loops=1)
  Hash Cond: (ci.movie_id = t.id)
  ->  Seq Scan on cast_info ci  (cost=0.00..796071.18 rows=9057933 width=4) (actual time=10355.493..13661.963 rows=5567080 loops=1)
        Filter: ((person_id > 1977390) AND (role_id < 3))
        Rows Removed by Filter: 30677264
  ->  Hash  (cost=103596.35..103596.35 rows=23396 width=8) (actual time=1901.384..1901.384 rows=21380 loops=1)
        Buckets: 32768  Batches: 1  Memory Usage: 1092kB
        ->  Hash Join  (cost=74730.49..103596.35 rows=23396 width=8) (actual time=1163.806..1893.409 rows=21380 loops=1)
              Hash Cond: (mi_idx.movie_id = t.id)
              ->  Seq Scan on movie_info_idx mi_idx  (cost=0.00..25185.44 rows=919057 width=4) (actual time=0.031..498.695 rows=920110 loops=1)
                    Filter: (info_type_id > 99)
                    Rows Removed by Filter: 459925
              ->  Hash  (cost=73925.90..73925.90 rows=64367 width=4) (actual time=1162.205..1162.205 rows=53905 loops=1)
                    Buckets: 65536  Batches: 1  Memory Usage: 2408kB
                    ->  Seq Scan on title t  (cost=0.00..73925.90 rows=64367 width=4) (actual time=0.101..1140.330 rows=53905 loops=1)
                          Filter: ((kind_id < 7) AND (production_year = 2012))
                          Rows Removed by Filter: 2474407
Planning time: 1.256 ms
Execution time: 16783.104 ms
