Seq Scan on cast_info ci  (cost=0.00..796071.18 rows=283636 width=0) (actual time=7720.439..14946.327 rows=288759 loops=1)
  Filter: ((person_id > 658891) AND (role_id > 10))
  Rows Removed by Filter: 35955585
Planning time: 0.360 ms
Execution time: 14985.418 ms
