Hash Join  (cost=97066.09..1181837.25 rows=13275079 width=0) (actual time=1948.953..30664.164 rows=13612742 loops=1)
  Hash Cond: (ci.movie_id = t.id)
  ->  Seq Scan on cast_info ci  (cost=0.00..705507.15 rows=18692444 width=4) (actual time=0.020..14176.876 rows=18589067 loops=1)
        Filter: (person_id < 1850285)
        Rows Removed by Filter: 17655277
  ->  Hash  (cost=67604.59..67604.59 rows=1795720 width=4) (actual time=1947.612..1947.612 rows=1794153 loops=1)
        Buckets: 131072  Batches: 32  Memory Usage: 2992kB
        ->  Seq Scan on title t  (cost=0.00..67604.59 rows=1795720 width=4) (actual time=0.010..1364.475 rows=1794153 loops=1)
              Filter: (production_year < 2009)
              Rows Removed by Filter: 734159
Planning time: 2.707 ms
Execution time: 32255.000 ms
