Hash Join  (cost=122535.74..487639.00 rows=44733 width=0) (actual time=2293.703..10301.793 rows=258891 loops=1)
  Hash Cond: (mi.movie_id = t.id)
  ->  Seq Scan on movie_info mi  (cost=0.00..309384.22 rows=14739122 width=4) (actual time=0.014..4678.668 rows=14835720 loops=1)
  ->  Hash  (cost=122439.81..122439.81 rows=7674 width=8) (actual time=2293.301..2293.301 rows=12442 loops=1)
        Buckets: 16384 (originally 8192)  Batches: 1 (originally 1)  Memory Usage: 615kB
        ->  Hash Join  (cost=67697.55..122439.81 rows=7674 width=8) (actual time=1050.387..2287.656 rows=12442 loops=1)
              Hash Cond: (mc.movie_id = t.id)
              ->  Seq Scan on movie_companies mc  (cost=0.00..44881.29 rows=2609129 width=4) (actual time=0.014..666.293 rows=2609129 loops=1)
              ->  Hash  (cost=67604.59..67604.59 rows=7437 width=4) (actual time=1050.269..1050.269 rows=7199 loops=1)
                    Buckets: 8192  Batches: 1  Memory Usage: 318kB
                    ->  Seq Scan on title t  (cost=0.00..67604.59 rows=7437 width=4) (actual time=2.383..1046.696 rows=7199 loops=1)
                          Filter: (production_year = 1954)
                          Rows Removed by Filter: 2521113
Planning time: 5.158 ms
Execution time: 10337.880 ms
