Hash Join  (cost=85692.35..998489.71 rows=4027976 width=0) (actual time=1478.365..23127.586 rows=3876576 loops=1)
  Hash Cond: (ci.movie_id = t.id)
  ->  Seq Scan on cast_info ci  (cost=0.00..705507.15 rows=14201718 width=4) (actual time=2.117..13582.121 rows=14155530 loops=1)
        Filter: (person_id < 1393819)
        Rows Removed by Filter: 22088814
  ->  Hash  (cost=73925.90..73925.90 rows=717156 width=4) (actual time=1436.746..1436.746 rows=620281 loops=1)
        Buckets: 131072  Batches: 16  Memory Usage: 2386kB
        ->  Seq Scan on title t  (cost=0.00..73925.90 rows=717156 width=4) (actual time=0.018..1241.532 rows=620281 loops=1)
              Filter: ((kind_id < 7) AND (production_year > 1986))
              Rows Removed by Filter: 1908031
Planning time: 0.741 ms
Execution time: 23554.072 ms
