Nested Loop  (cost=0.43..798787.41 rows=324 width=0) (actual time=169.395..13210.122 rows=3 loops=1)
  ->  Seq Scan on cast_info ci  (cost=0.00..796071.18 rows=324 width=4) (actual time=169.300..13209.959 rows=3 loops=1)
        Filter: ((role_id > 1) AND (person_id = 252566))
        Rows Removed by Filter: 36244341
  ->  Index Only Scan using title_pkey on title t  (cost=0.43..8.37 rows=1 width=4) (actual time=0.042..0.043 rows=1 loops=3)
        Index Cond: (id = ci.movie_id)
        Heap Fetches: 3
Planning time: 0.807 ms
Execution time: 13210.201 ms
