Hash Join  (cost=83074.74..431083.29 rows=46 width=0) (actual time=3107.031..6178.618 rows=748 loops=1)
  Hash Cond: (mi.movie_id = t.id)
  ->  Seq Scan on movie_info mi  (cost=0.00..346232.03 rows=473617 width=4) (actual time=1768.147..4824.794 rows=486554 loops=1)
        Filter: (info_type_id = 5)
        Rows Removed by Filter: 14349166
  ->  Hash  (cost=83071.67..83071.67 rows=246 width=8) (actual time=1295.691..1295.691 rows=146 loops=1)
        Buckets: 1024  Batches: 1  Memory Usage: 14kB
        ->  Nested Loop  (cost=0.43..83071.67 rows=246 width=8) (actual time=36.700..1295.462 rows=146 loops=1)
              ->  Seq Scan on movie_keyword mk  (cost=0.00..81003.12 rows=246 width=4) (actual time=36.615..1286.499 rows=146 loops=1)
                    Filter: (keyword_id = 3355)
                    Rows Removed by Filter: 4523784
              ->  Index Only Scan using title_pkey on title t  (cost=0.43..8.40 rows=1 width=4) (actual time=0.056..0.057 rows=1 loops=146)
                    Index Cond: (id = mk.movie_id)
                    Heap Fetches: 146
Planning time: 1.170 ms
Execution time: 6178.821 ms
