Hash Join  (cost=118718.92..605465.64 rows=650478 width=0) (actual time=2505.345..15451.823 rows=4803412 loops=1)
  Hash Cond: (mi.movie_id = t.id)
  ->  Seq Scan on movie_info mi  (cost=0.00..309384.22 rows=14739122 width=4) (actual time=0.015..5800.299 rows=14835720 loops=1)
  ->  Hash  (cost=116888.03..116888.03 rows=111591 width=8) (actual time=2504.596..2504.596 rows=253634 loops=1)
        Buckets: 131072 (originally 131072)  Batches: 4 (originally 2)  Memory Usage: 3517kB
        ->  Hash Join  (cost=77280.64..116888.03 rows=111591 width=8) (actual time=1340.929..2428.406 rows=253634 loops=1)
              Hash Cond: (mi_idx.movie_id = t.id)
              ->  Seq Scan on movie_info_idx mi_idx  (cost=0.00..21735.35 rows=1380035 width=4) (actual time=0.026..445.690 rows=1380035 loops=1)
              ->  Hash  (cost=73925.90..73925.90 rows=204459 width=4) (actual time=1339.790..1339.790 rows=313929 loops=1)
                    Buckets: 131072  Batches: 4  Memory Usage: 3786kB
                    ->  Seq Scan on title t  (cost=0.00..73925.90 rows=204459 width=4) (actual time=0.008..1241.866 rows=313929 loops=1)
                          Filter: ((kind_id < 7) AND (production_year < 1981))
                          Rows Removed by Filter: 2214383
Planning time: 1.090 ms
Execution time: 16003.355 ms
