Hash Join  (cost=92917.42..538857.53 rows=2699751 width=0) (actual time=1893.123..11373.979 rows=1475260 loops=1)
  Hash Cond: (mi.movie_id = t.id)
  ->  Seq Scan on movie_info mi  (cost=0.00..346232.03 rows=5897221 width=4) (actual time=99.867..6023.183 rows=5884963 loops=1)
        Filter: (info_type_id < 7)
        Rows Removed by Filter: 8950757
  ->  Hash  (cost=73925.90..73925.90 rows=1157561 width=4) (actual time=1792.087..1792.087 rows=1267332 loops=1)
        Buckets: 131072  Batches: 16  Memory Usage: 3821kB
        ->  Seq Scan on title t  (cost=0.00..73925.90 rows=1157561 width=4) (actual time=0.031..1378.323 rows=1267332 loops=1)
              Filter: ((kind_id > 1) AND (production_year > 1996))
              Rows Removed by Filter: 1260980
Planning time: 0.755 ms
Execution time: 11545.765 ms
