Seq Scan on movie_companies mc  (cost=0.00..57926.93 rows=51 width=0) (actual time=280.603..888.717 rows=132 loops=1)
  Filter: ((company_id = 14348) AND (company_type_id = 1))
  Rows Removed by Filter: 2608997
Planning time: 0.378 ms
Execution time: 888.834 ms
