Hash Join  (cost=231093.16..394861.24 rows=2963913 width=0) (actual time=5372.515..14708.732 rows=21592764 loops=1)
  Hash Cond: (mk.movie_id = t.id)
  ->  Seq Scan on movie_keyword mk  (cost=0.00..69693.30 rows=4523930 width=4) (actual time=0.025..1491.489 rows=4523930 loops=1)
  ->  Hash  (cost=203913.69..203913.69 rows=1656598 width=8) (actual time=5370.709..5370.709 rows=1657818 loops=1)
        Buckets: 131072  Batches: 32  Memory Usage: 3100kB
        ->  Hash Join  (cost=102767.86..203913.69 rows=1656598 width=8) (actual time=1927.437..4863.330 rows=1657818 loops=1)
              Hash Cond: (mc.movie_id = t.id)
              ->  Seq Scan on movie_companies mc  (cost=0.00..51404.11 rows=1656598 width=4) (actual time=0.021..1094.788 rows=1657818 loops=1)
                    Filter: (company_id > 3749)
                    Rows Removed by Filter: 951311
              ->  Hash  (cost=61283.27..61283.27 rows=2528527 width=4) (actual time=1926.443..1926.443 rows=2528312 loops=1)
                    Buckets: 131072  Batches: 64  Memory Usage: 2415kB
                    ->  Seq Scan on title t  (cost=0.00..61283.27 rows=2528527 width=4) (actual time=0.011..1087.123 rows=2528312 loops=1)
Planning time: 1.090 ms
Execution time: 17011.012 ms
