Seq Scan on cast_info ci  (cost=0.00..796071.18 rows=15941015 width=0) (actual time=0.010..14558.633 rows=11883218 loops=1)
  Filter: ((person_id < 2523516) AND (role_id > 1))
  Rows Removed by Filter: 24361126
Planning time: 0.258 ms
Execution time: 16028.216 ms
