Seq Scan on movie_keyword mk  (cost=0.00..81003.12 rows=3066923 width=0) (actual time=0.024..1103.732 rows=3050091 loops=1)
  Filter: (keyword_id > 2102)
  Rows Removed by Filter: 1473839
Planning time: 0.310 ms
Execution time: 1393.479 ms
