Nested Loop  (cost=0.43..83072.29 rows=65 width=0) (actual time=0.320..1369.808 rows=1733 loops=1)
  ->  Seq Scan on movie_keyword mk  (cost=0.00..81003.12 rows=246 width=4) (actual time=0.035..1273.886 rows=2535 loops=1)
        Filter: (keyword_id = 1078)
        Rows Removed by Filter: 4521395
  ->  Index Scan using title_pkey on title t  (cost=0.43..8.40 rows=1 width=4) (actual time=0.037..0.037 rows=1 loops=2535)
        Index Cond: (id = mk.movie_id)
        Filter: (kind_id = 1)
        Rows Removed by Filter: 0
Planning time: 0.739 ms
Execution time: 1370.484 ms
