Hash Join  (cost=483811.61..1608288.26 rows=8826648 width=0) (actual time=8311.283..48987.168 rows=43657507 loops=1)
  Hash Cond: (ci.movie_id = t.id)
  ->  Seq Scan on cast_info ci  (cost=0.00..614943.12 rows=36225612 width=4) (actual time=0.026..13734.771 rows=36244344 loops=1)
  ->  Hash  (cost=473703.43..473703.43 rows=616095 width=8) (actual time=8310.409..8310.409 rows=598457 loops=1)
        Buckets: 131072  Batches: 16  Memory Usage: 2474kB
        ->  Hash Join  (cost=102767.86..473703.43 rows=616095 width=8) (actual time=5900.187..7882.270 rows=598457 loops=1)
              Hash Cond: (mi.movie_id = t.id)
              ->  Seq Scan on movie_info mi  (cost=0.00..346232.03 rows=616095 width=4) (actual time=3522.054..4696.219 rows=598457 loops=1)
                    Filter: (info_type_id = 15)
                    Rows Removed by Filter: 14237263
              ->  Hash  (cost=61283.27..61283.27 rows=2528527 width=4) (actual time=2318.610..2318.610 rows=2528312 loops=1)
                    Buckets: 131072  Batches: 64  Memory Usage: 2425kB
                    ->  Seq Scan on title t  (cost=0.00..61283.27 rows=2528527 width=4) (actual time=0.023..1165.505 rows=2528312 loops=1)
Planning time: 2.260 ms
Execution time: 53670.320 ms
