Hash Join  (cost=218364.10..753548.20 rows=3463329 width=0) (actual time=5325.050..32641.707 rows=66099962 loops=1)
  Hash Cond: (mi.movie_id = t.id)
  ->  Seq Scan on movie_info mi  (cost=0.00..309384.22 rows=14739122 width=4) (actual time=0.018..6334.048 rows=14835720 loops=1)
  ->  Hash  (cost=208616.34..208616.34 rows=594141 width=8) (actual time=5323.817..5323.817 rows=828577 loops=1)
        Buckets: 131072 (originally 131072)  Batches: 16 (originally 8)  Memory Usage: 3231kB
        ->  Hash Join  (cost=79374.89..208616.34 rows=594141 width=8) (actual time=1557.904..5089.348 rows=828577 loops=1)
              Hash Cond: (mk.movie_id = t.id)
              ->  Seq Scan on movie_keyword mk  (cost=0.00..69693.30 rows=4523930 width=4) (actual time=0.018..1503.519 rows=4523930 loops=1)
              ->  Hash  (cost=73925.90..73925.90 rows=332079 width=4) (actual time=1556.911..1556.911 rows=269283 loops=1)
                    Buckets: 131072  Batches: 8  Memory Usage: 2215kB
                    ->  Seq Scan on title t  (cost=0.00..73925.90 rows=332079 width=4) (actual time=0.019..1181.736 rows=269283 loops=1)
                          Filter: ((kind_id < 3) AND (production_year > 2004))
                          Rows Removed by Filter: 2259029
Planning time: 1.145 ms
Execution time: 39454.070 ms
