Hash Join  (cost=73929.23..128597.49 rows=274 width=0) (actual time=1359.540..2080.903 rows=1347 loops=1)
  Hash Cond: (mc.movie_id = t.id)
  ->  Seq Scan on movie_companies mc  (cost=0.00..44881.29 rows=2609129 width=4) (actual time=0.027..542.609 rows=2609129 loops=1)
  ->  Hash  (cost=73925.90..73925.90 rows=266 width=4) (actual time=1137.487..1137.487 rows=661 loops=1)
        Buckets: 1024  Batches: 1  Memory Usage: 32kB
        ->  Seq Scan on title t  (cost=0.00..73925.90 rows=266 width=4) (actual time=1.679..1136.948 rows=661 loops=1)
              Filter: ((kind_id = 2) AND (production_year = 1972))
              Rows Removed by Filter: 2527651
Planning time: 1.227 ms
Execution time: 2081.215 ms
