Hash Join  (cost=74148.46..101095.02 rows=3246 width=0) (actual time=1025.314..1571.335 rows=3621 loops=1)
  Hash Cond: (mi_idx.movie_id = t.id)
  ->  Seq Scan on movie_info_idx mi_idx  (cost=0.00..25185.44 rows=460978 width=4) (actual time=0.028..433.819 rows=459925 loops=1)
        Filter: (info_type_id = 99)
        Rows Removed by Filter: 920110
  ->  Hash  (cost=73925.90..73925.90 rows=17804 width=4) (actual time=1024.521..1024.521 rows=16608 loops=1)
        Buckets: 32768  Batches: 1  Memory Usage: 840kB
        ->  Seq Scan on title t  (cost=0.00..73925.90 rows=17804 width=4) (actual time=0.023..1017.621 rows=16608 loops=1)
              Filter: ((production_year < 1975) AND (kind_id = 3))
              Rows Removed by Filter: 2511704
Planning time: 1.125 ms
Execution time: 1572.174 ms
