Hash Join  (cost=167068.47..677962.69 rows=2913529 width=0) (actual time=3766.485..27567.213 rows=44723189 loops=1)
  Hash Cond: (mi.movie_id = t.id)
  ->  Seq Scan on movie_info mi  (cost=0.00..309384.22 rows=14739122 width=4) (actual time=0.022..5539.462 rows=14835720 loops=1)
  ->  Hash  (cost=158867.70..158867.70 rows=499822 width=8) (actual time=3765.420..3765.420 rows=957407 loops=1)
        Buckets: 131072 (originally 131072)  Batches: 16 (originally 8)  Memory Usage: 3432kB
        ->  Hash Join  (cost=83810.17..158867.70 rows=499822 width=8) (actual time=1582.498..3477.886 rows=957407 loops=1)
              Hash Cond: (mc.movie_id = t.id)
              ->  Seq Scan on movie_companies mc  (cost=0.00..51404.11 rows=1279517 width=4) (actual time=129.735..968.947 rows=1274246 loops=1)
                    Filter: (company_type_id < 2)
                    Rows Removed by Filter: 1334883
              ->  Hash  (cost=67604.59..67604.59 rows=987727 width=4) (actual time=1451.948..1451.948 rows=985048 loops=1)
                    Buckets: 131072  Batches: 16  Memory Usage: 3188kB
                    ->  Seq Scan on title t  (cost=0.00..67604.59 rows=987727 width=4) (actual time=0.030..1148.742 rows=985048 loops=1)
                          Filter: (kind_id < 7)
                          Rows Removed by Filter: 1543264
Planning time: 0.926 ms
Execution time: 32471.771 ms
