Hash Join  (cost=87245.25..438448.46 rows=8492 width=0) (actual time=3216.479..6991.325 rows=15999 loops=1)
  Hash Cond: (mi.movie_id = t.id)
  ->  Seq Scan on movie_info mi  (cost=0.00..346232.03 rows=17937 width=4) (actual time=1599.844..5171.890 rows=18205 loops=1)
        Filter: (info_type_id = 11)
        Rows Removed by Filter: 14817515
  ->  Hash  (cost=67604.59..67604.59 rows=1197093 width=4) (actual time=1610.560..1610.560 rows=1195923 loops=1)
        Buckets: 131072  Batches: 16  Memory Usage: 3662kB
        ->  Seq Scan on title t  (cost=0.00..67604.59 rows=1197093 width=4) (actual time=0.056..1226.917 rows=1195923 loops=1)
              Filter: (production_year < 2003)
              Rows Removed by Filter: 1332389
Planning time: 1.053 ms
Execution time: 6993.355 ms
