Hash Join  (cost=124884.90..1189371.37 rows=2986827 width=0) (actual time=3374.607..37266.847 rows=13112065 loops=1)
  Hash Cond: (ci.movie_id = t.id)
  ->  Seq Scan on cast_info ci  (cost=0.00..614943.12 rows=36225612 width=4) (actual time=0.013..13308.273 rows=36244344 loops=1)
  ->  Hash  (cost=121463.91..121463.91 rows=208479 width=8) (actual time=3373.314..3373.314 rows=455779 loops=1)
        Buckets: 131072 (originally 131072)  Batches: 8 (originally 4)  Memory Usage: 3263kB
        ->  Hash Join  (cost=80193.64..121463.91 rows=208479 width=8) (actual time=1398.878..3245.128 rows=455779 loops=1)
              Hash Cond: (mi_idx.movie_id = t.id)
              ->  Seq Scan on movie_info_idx mi_idx  (cost=0.00..21735.35 rows=1380035 width=4) (actual time=0.018..467.466 rows=1380035 loops=1)
              ->  Hash  (cost=73925.90..73925.90 rows=381979 width=4) (actual time=1398.008..1398.008 rows=440029 loops=1)
                    Buckets: 131072  Batches: 8  Memory Usage: 2968kB
                    ->  Seq Scan on title t  (cost=0.00..73925.90 rows=381979 width=4) (actual time=183.004..1261.708 rows=440029 loops=1)
                          Filter: ((production_year < 2006) AND (kind_id = 1))
                          Rows Removed by Filter: 2088283
Planning time: 1.207 ms
Execution time: 38898.345 ms
