Hash Join  (cost=96184.51..170288.32 rows=344744 width=0) (actual time=1806.201..3777.265 rows=173411 loops=1)
  Hash Cond: (mc.movie_id = t.id)
  ->  Seq Scan on movie_companies mc  (cost=0.00..57926.93 rows=642516 width=4) (actual time=61.784..1042.997 rows=898298 loops=1)
        Filter: ((company_id > 11427) AND (company_type_id > 1))
        Rows Removed by Filter: 1710831
  ->  Hash  (cost=73925.90..73925.90 rows=1356688 width=4) (actual time=1743.372..1743.372 rows=1327781 loops=1)
        Buckets: 131072  Batches: 32  Memory Usage: 2479kB
        ->  Seq Scan on title t  (cost=0.00..73925.90 rows=1356688 width=4) (actual time=0.019..1311.749 rows=1327781 loops=1)
              Filter: ((production_year < 2012) AND (kind_id = 7))
              Rows Removed by Filter: 1200531
Planning time: 0.808 ms
Execution time: 3798.686 ms
