Hash Join  (cost=75915.84..114744.22 rows=66190 width=0) (actual time=1345.099..2546.545 rows=32265 loops=1)
  Hash Cond: (mi_idx.movie_id = t.id)
  ->  Seq Scan on movie_info_idx mi_idx  (cost=0.00..21735.35 rows=1380035 width=4) (actual time=0.017..474.379 rows=1380035 loops=1)
  ->  Hash  (cost=73925.90..73925.90 rows=121275 width=4) (actual time=1344.169..1344.169 rows=124747 loops=1)
        Buckets: 131072  Batches: 2  Memory Usage: 3219kB
        ->  Seq Scan on title t  (cost=0.00..73925.90 rows=121275 width=4) (actual time=0.023..1299.357 rows=124747 loops=1)
              Filter: ((kind_id > 1) AND (production_year = 2012))
              Rows Removed by Filter: 2403565
Planning time: 0.891 ms
Execution time: 2551.550 ms
