Hash Join  (cost=362387.55..1156801.83 rows=24304865 width=0) (actual time=8265.901..70642.628 rows=215457572 loops=1)
  Hash Cond: (mi.movie_id = t.id)
  ->  Seq Scan on movie_info mi  (cost=0.00..309384.22 rows=14739122 width=4) (actual time=0.023..6285.865 rows=14835720 loops=1)
  ->  Hash  (cost=293980.17..293980.17 rows=4169550 width=8) (actual time=8264.993..8264.993 rows=4172449 loops=1)
        Buckets: 131072  Batches: 64  Memory Usage: 3671kB
        ->  Hash Join  (cost=102767.86..293980.17 rows=4169550 width=8) (actual time=1949.411..7061.904 rows=4172449 loops=1)
              Hash Cond: (mk.movie_id = t.id)
              ->  Seq Scan on movie_keyword mk  (cost=0.00..81003.12 rows=4169550 width=4) (actual time=0.019..1747.563 rows=4172449 loops=1)
                    Filter: (keyword_id < 47364)
                    Rows Removed by Filter: 351481
              ->  Hash  (cost=61283.27..61283.27 rows=2528527 width=4) (actual time=1947.311..1947.311 rows=2528312 loops=1)
                    Buckets: 131072  Batches: 64  Memory Usage: 2425kB
                    ->  Seq Scan on title t  (cost=0.00..61283.27 rows=2528527 width=4) (actual time=0.016..1087.434 rows=2528312 loops=1)
Planning time: 1.129 ms
Execution time: 94333.770 ms
