Seq Scan on cast_info ci  (cost=0.00..705507.15 rows=500 width=0) (actual time=130.427..10378.534 rows=16 loops=1)
  Filter: (person_id = 953544)
  Rows Removed by Filter: 36244328
Planning time: 0.364 ms
Execution time: 10378.618 ms
