Hash Join  (cost=263115.61..969099.40 rows=14794227 width=0) (actual time=6575.745..38590.387 rows=60330946 loops=1)
  Hash Cond: (mi.movie_id = t.id)
  ->  Seq Scan on movie_info mi  (cost=0.00..346232.03 rows=14337199 width=4) (actual time=0.006..7742.396 rows=14370084 loops=1)
        Filter: (info_type_id < 104)
        Rows Removed by Filter: 465636
  ->  Hash  (cost=220309.49..220309.49 rows=2609129 width=8) (actual time=6574.856..6574.856 rows=2609129 loops=1)
        Buckets: 131072  Batches: 64  Memory Usage: 2692kB
        ->  Hash Join  (cost=102767.86..220309.49 rows=2609129 width=8) (actual time=1977.139..5796.411 rows=2609129 loops=1)
              Hash Cond: (mc.movie_id = t.id)
              ->  Seq Scan on movie_companies mc  (cost=0.00..44881.29 rows=2609129 width=4) (actual time=0.023..962.470 rows=2609129 loops=1)
              ->  Hash  (cost=61283.27..61283.27 rows=2528527 width=4) (actual time=1975.273..1975.273 rows=2528312 loops=1)
                    Buckets: 131072  Batches: 64  Memory Usage: 2415kB
                    ->  Seq Scan on title t  (cost=0.00..61283.27 rows=2528527 width=4) (actual time=0.012..1129.028 rows=2528312 loops=1)
Planning time: 1.149 ms
Execution time: 45634.575 ms
