Hash Join  (cost=449294.51..607750.10 rows=671299 width=0) (actual time=10668.715..15147.732 rows=4350049 loops=1)
  Hash Cond: (mk.movie_id = t.id)
  ->  Seq Scan on movie_keyword mk  (cost=0.00..69693.30 rows=4523930 width=4) (actual time=0.014..1285.560 rows=4523930 loops=1)
  ->  Hash  (cost=443138.46..443138.46 rows=375204 width=8) (actual time=10667.389..10667.389 rows=511682 loops=1)
        Buckets: 131072  Batches: 8  Memory Usage: 3510kB
        ->  Hash Join  (cost=74730.49..443138.46 rows=375204 width=8) (actual time=1193.255..10164.740 rows=511682 loops=1)
              Hash Cond: (mi.movie_id = t.id)
              ->  Seq Scan on movie_info mi  (cost=0.00..309384.22 rows=14739122 width=4) (actual time=0.011..4668.777 rows=14835720 loops=1)
              ->  Hash  (cost=73925.90..73925.90 rows=64367 width=4) (actual time=1192.505..1192.505 rows=53905 loops=1)
                    Buckets: 65536  Batches: 1  Memory Usage: 2408kB
                    ->  Seq Scan on title t  (cost=0.00..73925.90 rows=64367 width=4) (actual time=0.146..1170.242 rows=53905 loops=1)
                          Filter: ((kind_id < 7) AND (production_year = 2012))
                          Rows Removed by Filter: 2474407
Planning time: 0.765 ms
Execution time: 15638.959 ms
