Seq Scan on movie_companies mc  (cost=0.00..51404.11 rows=2050594 width=0) (actual time=0.023..1008.470 rows=2045089 loops=1)
  Filter: (company_id < 71559)
  Rows Removed by Filter: 564040
Planning time: 0.235 ms
Execution time: 1271.037 ms
