Hash Join  (cost=799707.63..893681.43 rows=595 width=0) (actual time=16031.304..17064.593 rows=16 loops=1)
  Hash Cond: (mk.movie_id = t.id)
  ->  Seq Scan on movie_keyword mk  (cost=0.00..81003.12 rows=3457260 width=4) (actual time=0.014..1532.789 rows=3447129 loops=1)
        Filter: (keyword_id < 16414)
        Rows Removed by Filter: 1076801
  ->  Hash  (cost=799702.19..799702.19 rows=435 width=8) (actual time=15077.597..15077.597 rows=2 loops=1)
        Buckets: 1024  Batches: 1  Memory Usage: 9kB
        ->  Nested Loop  (cost=0.43..799702.19 rows=435 width=8) (actual time=13829.248..15077.589 rows=2 loops=1)
              ->  Seq Scan on cast_info ci  (cost=0.00..796071.18 rows=435 width=4) (actual time=13829.174..15077.488 rows=2 loops=1)
                    Filter: ((role_id < 10) AND (person_id = 1476441))
                    Rows Removed by Filter: 36244342
              ->  Index Only Scan using title_pkey on title t  (cost=0.43..8.34 rows=1 width=4) (actual time=0.036..0.036 rows=1 loops=2)
                    Index Cond: (id = ci.movie_id)
                    Heap Fetches: 2
Planning time: 1.127 ms
Execution time: 17064.706 ms
