Seq Scan on movie_keyword mk  (cost=0.00..81003.12 rows=2112701 width=0) (actual time=0.026..1185.868 rows=2111348 loops=1)
  Filter: (keyword_id > 5661)
  Rows Removed by Filter: 2412582
Planning time: 0.281 ms
Execution time: 1432.562 ms
