Hash Join  (cost=655012.48..2413895.64 rows=48543388 width=0) (actual time=17038.051..57418.974 rows=39186881 loops=1)
  Hash Cond: (ci.movie_id = t.id)
  ->  Seq Scan on cast_info ci  (cost=0.00..614943.12 rows=36225612 width=4) (actual time=0.021..13504.817 rows=36244344 loops=1)
  ->  Hash  (cost=599422.72..599422.72 rows=3388301 width=8) (actual time=17036.290..17036.290 rows=1691697 loops=1)
        Buckets: 131072  Batches: 64  Memory Usage: 2047kB
        ->  Hash Join  (cost=83462.78..599422.72 rows=3388301 width=8) (actual time=2071.749..15752.621 rows=1691697 loops=1)
              Hash Cond: (mi.movie_id = t.id)
              ->  Seq Scan on movie_info mi  (cost=0.00..309384.22 rows=14739122 width=4) (actual time=0.018..6156.987 rows=14835720 loops=1)
              ->  Hash  (cost=73925.90..73925.90 rows=581270 width=4) (actual time=2067.760..2067.760 rows=602533 loops=1)
                    Buckets: 131072  Batches: 8  Memory Usage: 3675kB
                    ->  Seq Scan on title t  (cost=0.00..73925.90 rows=581270 width=4) (actual time=0.018..1208.812 rows=602533 loops=1)
                          Filter: ((kind_id > 1) AND (production_year > 2007))
                          Rows Removed by Filter: 1925779
Planning time: 1.133 ms
Execution time: 61713.448 ms
