Hash Join  (cost=230346.58..1144022.19 rows=7260429 width=0) (actual time=5613.774..28719.509 rows=20155740 loops=1)
  Hash Cond: (ci.movie_id = t.id)
  ->  Seq Scan on cast_info ci  (cost=0.00..705507.15 rows=10022034 width=4) (actual time=0.022..12062.111 rows=10024731 loops=1)
        Filter: (person_id > 2712918)
        Rows Removed by Filter: 26219613
  ->  Hash  (cost=200293.29..200293.29 rows=1831783 width=8) (actual time=5612.642..5612.642 rows=1532853 loops=1)
        Buckets: 131072  Batches: 32  Memory Usage: 2865kB
        ->  Hash Join  (cost=96729.52..200293.29 rows=1831783 width=8) (actual time=2129.691..5166.742 rows=1532853 loops=1)
              Hash Cond: (mc.movie_id = t.id)
              ->  Seq Scan on movie_companies mc  (cost=0.00..44881.29 rows=2609129 width=4) (actual time=0.021..956.423 rows=2609129 loops=1)
              ->  Hash  (cost=67604.59..67604.59 rows=1775195 width=4) (actual time=2128.194..2128.194 rows=1772072 loops=1)
                    Buckets: 131072  Batches: 32  Memory Usage: 2976kB
                    ->  Seq Scan on title t  (cost=0.00..67604.59 rows=1775195 width=4) (actual time=0.020..1293.028 rows=1772072 loops=1)
                          Filter: (production_year > 1989)
                          Rows Removed by Filter: 756240
Planning time: 1.148 ms
Execution time: 31101.993 ms
