Hash Join  (cost=80560.63..143604.60 rows=122214 width=0) (actual time=1157.038..2436.915 rows=50355 loops=1)
  Hash Cond: (mc.movie_id = t.id)
  ->  Seq Scan on movie_companies mc  (cost=0.00..51404.11 rows=764190 width=4) (actual time=0.017..894.903 rows=757638 loops=1)
        Filter: (company_id < 1517)
        Rows Removed by Filter: 1851491
  ->  Hash  (cost=73925.90..73925.90 rows=404378 width=4) (actual time=1155.771..1155.771 rows=296768 loops=1)
        Buckets: 131072  Batches: 8  Memory Usage: 2332kB
        ->  Seq Scan on title t  (cost=0.00..73925.90 rows=404378 width=4) (actual time=38.792..1068.601 rows=296768 loops=1)
              Filter: ((production_year > 1997) AND (kind_id = 1))
              Rows Removed by Filter: 2231544
Planning time: 0.874 ms
Execution time: 2443.610 ms
