Seq Scan on movie_companies mc  (cost=0.00..57926.93 rows=634285 width=0) (actual time=450.096..910.478 rows=393714 loops=1)
  Filter: ((company_id > 11325) AND (company_type_id < 2))
  Rows Removed by Filter: 2215415
Planning time: 0.324 ms
Execution time: 959.716 ms
