Hash Join  (cost=155680.30..503636.89 rows=40 width=0) (actual time=5633.534..7348.913 rows=1868 loops=1)
  Hash Cond: (mi.movie_id = t.id)
  ->  Seq Scan on movie_info mi  (cost=0.00..346232.03 rows=459776 width=4) (actual time=3329.470..5121.373 rows=526764 loops=1)
        Filter: (info_type_id > 102)
        Rows Removed by Filter: 14308956
  ->  Hash  (cost=155677.58..155677.58 rows=218 width=8) (actual time=2147.491..2147.491 rows=1174 loops=1)
        Buckets: 2048 (originally 1024)  Batches: 1 (originally 1)  Memory Usage: 62kB
        ->  Hash Join  (cost=73962.22..155677.58 rows=218 width=8) (actual time=778.369..2146.865 rows=1174 loops=1)
              Hash Cond: (mk.movie_id = t.id)
              ->  Seq Scan on movie_keyword mk  (cost=0.00..81003.12 rows=189348 width=4) (actual time=0.040..1333.080 rows=192430 loops=1)
                    Filter: (keyword_id > 70271)
                    Rows Removed by Filter: 4331500
              ->  Hash  (cost=73925.90..73925.90 rows=2905 width=4) (actual time=773.684..773.684 rows=6232 loops=1)
                    Buckets: 8192 (originally 4096)  Batches: 1 (originally 1)  Memory Usage: 284kB
                    ->  Seq Scan on title t  (cost=0.00..73925.90 rows=2905 width=4) (actual time=1.813..770.869 rows=6232 loops=1)
                          Filter: ((kind_id < 7) AND (production_year = 1970))
                          Rows Removed by Filter: 2522080
Planning time: 9.716 ms
Execution time: 7349.274 ms
