Hash Join  (cost=83073.49..139464.14 rows=51 width=0) (actual time=1278.621..2392.963 rows=249 loops=1)
  Hash Cond: (mc.movie_id = t.id)
  ->  Seq Scan on movie_companies mc  (cost=0.00..51404.11 rows=1329612 width=4) (actual time=0.028..924.672 rows=1334883 loops=1)
        Filter: (company_type_id > 1)
        Rows Removed by Filter: 1274246
  ->  Hash  (cost=83072.29..83072.29 rows=96 width=8) (actual time=1278.157..1278.157 rows=100 loops=1)
        Buckets: 1024  Batches: 1  Memory Usage: 12kB
        ->  Nested Loop  (cost=0.43..83072.29 rows=96 width=8) (actual time=12.885..1278.022 rows=100 loops=1)
              ->  Seq Scan on movie_keyword mk  (cost=0.00..81003.12 rows=246 width=4) (actual time=12.841..1265.943 rows=108 loops=1)
                    Filter: (keyword_id = 37993)
                    Rows Removed by Filter: 4523822
              ->  Index Scan using title_pkey on title t  (cost=0.43..8.40 rows=1 width=4) (actual time=0.107..0.108 rows=1 loops=108)
                    Index Cond: (id = mk.movie_id)
                    Filter: (kind_id < 7)
                    Rows Removed by Filter: 0
Planning time: 1.055 ms
Execution time: 2393.162 ms
