Hash Join  (cost=470888.01..512005.71 rows=199622 width=0) (actual time=8214.072..9388.180 rows=387120 loops=1)
  Hash Cond: (mi_idx.movie_id = t.id)
  ->  Seq Scan on movie_info_idx mi_idx  (cost=0.00..21735.35 rows=1380035 width=4) (actual time=0.028..478.875 rows=1380035 loops=1)
  ->  Hash  (cost=464887.11..464887.11 rows=365752 width=8) (actual time=8213.236..8213.236 rows=208938 loops=1)
        Buckets: 131072  Batches: 8  Memory Usage: 2047kB
        ->  Hash Join  (cost=101210.02..464887.11 rows=365752 width=8) (actual time=5251.247..8149.972 rows=208938 loops=1)
              Hash Cond: (mi.movie_id = t.id)
              ->  Seq Scan on movie_info mi  (cost=0.00..346232.03 rows=451508 width=4) (actual time=3296.267..5485.374 rows=474443 loops=1)
                    Filter: (info_type_id = 6)
                    Rows Removed by Filter: 14361277
              ->  Hash  (cost=67604.59..67604.59 rows=2048275 width=4) (actual time=1954.176..1954.176 rows=2046723 loops=1)
                    Buckets: 131072  Batches: 32  Memory Usage: 3285kB
                    ->  Seq Scan on title t  (cost=0.00..67604.59 rows=2048275 width=4) (actual time=0.034..1270.466 rows=2046723 loops=1)
                          Filter: (production_year > 1972)
                          Rows Removed by Filter: 481589
Planning time: 1.748 ms
Execution time: 9436.925 ms
