Seq Scan on cast_info ci  (cost=0.00..796071.18 rows=396 width=0) (actual time=2731.872..14366.274 rows=2 loops=1)
  Filter: ((role_id < 8) AND (person_id = 1065160))
  Rows Removed by Filter: 36244342
Planning time: 0.352 ms
Execution time: 14366.404 ms
