Hash Join  (cost=128695.20..493525.88 rows=17476 width=0) (actual time=1875.279..8373.409 rows=262581 loops=1)
  Hash Cond: (mi.movie_id = t.id)
  ->  Seq Scan on movie_info mi  (cost=0.00..309384.22 rows=14739122 width=4) (actual time=0.021..3675.636 rows=14835720 loops=1)
  ->  Hash  (cost=128657.72..128657.72 rows=2998 width=8) (actual time=1875.128..1875.128 rows=7815 loops=1)
        Buckets: 8192 (originally 4096)  Batches: 1 (originally 1)  Memory Usage: 370kB
        ->  Hash Join  (cost=73962.22..128657.72 rows=2998 width=8) (actual time=1065.816..1872.389 rows=7815 loops=1)
              Hash Cond: (mc.movie_id = t.id)
              ->  Seq Scan on movie_companies mc  (cost=0.00..44881.29 rows=2609129 width=4) (actual time=0.017..384.460 rows=2609129 loops=1)
              ->  Hash  (cost=73925.90..73925.90 rows=2905 width=4) (actual time=1065.756..1065.756 rows=3835 loops=1)
                    Buckets: 4096  Batches: 1  Memory Usage: 167kB
                    ->  Seq Scan on title t  (cost=0.00..73925.90 rows=2905 width=4) (actual time=0.284..1063.752 rows=3835 loops=1)
                          Filter: ((kind_id < 7) AND (production_year = 1959))
                          Rows Removed by Filter: 2524477
Planning time: 1.074 ms
Execution time: 8416.833 ms
