Seq Scan on cast_info ci  (cost=0.00..705507.15 rows=6303481 width=0) (actual time=0.034..11123.854 rows=6203341 loops=1)
  Filter: (person_id < 598206)
  Rows Removed by Filter: 30041003
Planning time: 0.372 ms
Execution time: 11829.240 ms
