Hash Join  (cost=425310.21..1176514.42 rows=41509 width=0) (actual time=6208.390..22480.609 rows=143532 loops=1)
  Hash Cond: (ci.movie_id = t.id)
  ->  Seq Scan on cast_info ci  (cost=0.00..614943.12 rows=36225612 width=4) (actual time=0.015..8983.052 rows=36244344 loops=1)
  ->  Hash  (cost=425274.00..425274.00 rows=2897 width=8) (actual time=6204.995..6204.995 rows=5356 loops=1)
        Buckets: 8192 (originally 4096)  Batches: 1 (originally 1)  Memory Usage: 274kB
        ->  Hash Join  (cost=73994.33..425274.00 rows=2897 width=8) (actual time=1962.438..6202.649 rows=5356 loops=1)
              Hash Cond: (mi.movie_id = t.id)
              ->  Seq Scan on movie_info mi  (cost=0.00..346232.03 rows=1338312 width=4) (actual time=754.866..4756.093 rows=1401902 loops=1)
                    Filter: (info_type_id = 7)
                    Rows Removed by Filter: 13433818
              ->  Hash  (cost=73925.90..73925.90 rows=5474 width=4) (actual time=1207.465..1207.465 rows=10482 loops=1)
                    Buckets: 16384 (originally 8192)  Batches: 1 (originally 1)  Memory Usage: 497kB
                    ->  Seq Scan on title t  (cost=0.00..73925.90 rows=5474 width=4) (actual time=0.070..1201.933 rows=10482 loops=1)
                          Filter: ((kind_id > 1) AND (production_year = 1982))
                          Rows Removed by Filter: 2517830
Planning time: 1.104 ms
Execution time: 22502.985 ms
