Seq Scan on movie_keyword mk  (cost=0.00..81003.12 rows=246 width=0) (actual time=17.152..1255.239 rows=16 loops=1)
  Filter: (keyword_id = 11346)
  Rows Removed by Filter: 4523914
Planning time: 0.349 ms
Execution time: 1255.339 ms
