Hash Join  (cost=97246.13..640033.45 rows=6248243 width=0) (actual time=2055.004..16480.451 rows=3614731 loops=1)
  Hash Cond: (mi.movie_id = t.id)
  ->  Seq Scan on movie_info mi  (cost=0.00..346232.03 rows=11115165 width=4) (actual time=0.017..7492.428 rows=11210743 loops=1)
        Filter: (info_type_id > 3)
        Rows Removed by Filter: 3624977
  ->  Hash  (cost=73925.90..73925.90 rows=1421378 width=4) (actual time=2052.974..2052.974 rows=1521871 loops=1)
        Buckets: 131072  Batches: 32  Memory Usage: 2707kB
        ->  Seq Scan on title t  (cost=0.00..73925.90 rows=1421378 width=4) (actual time=0.031..1519.410 rows=1521871 loops=1)
              Filter: ((kind_id > 3) AND (production_year > 1965))
              Rows Removed by Filter: 1006441
Planning time: 0.753 ms
Execution time: 16899.261 ms
