Hash Join  (cost=74009.26..100949.07 rows=1225 width=0) (actual time=1050.073..1608.948 rows=960 loops=1)
  Hash Cond: (mi_idx.movie_id = t.id)
  ->  Seq Scan on movie_info_idx mi_idx  (cost=0.00..25185.44 rows=464566 width=4) (actual time=0.019..481.677 rows=459925 loops=1)
        Filter: (info_type_id = 101)
        Rows Removed by Filter: 920110
  ->  Hash  (cost=73925.90..73925.90 rows=6668 width=4) (actual time=1049.370..1049.370 rows=3242 loops=1)
        Buckets: 8192  Batches: 1  Memory Usage: 178kB
        ->  Seq Scan on title t  (cost=0.00..73925.90 rows=6668 width=4) (actual time=252.386..1047.778 rows=3242 loops=1)
              Filter: ((kind_id = 3) AND (production_year = 2012))
              Rows Removed by Filter: 2525070
Planning time: 0.727 ms
Execution time: 1609.238 ms
