Hash Join  (cost=191566.52..236116.89 rows=399689 width=0) (actual time=3896.179..5056.163 rows=359016 loops=1)
  Hash Cond: (mi_idx.movie_id = t.id)
  ->  Seq Scan on movie_info_idx mi_idx  (cost=0.00..21735.35 rows=1380035 width=4) (actual time=0.020..464.576 rows=1380035 loops=1)
  ->  Hash  (cost=179551.55..179551.55 rows=732318 width=8) (actual time=3894.584..3894.584 rows=216938 loops=1)
        Buckets: 131072  Batches: 16  Memory Usage: 1538kB
        ->  Hash Join  (cost=92883.59..179551.55 rows=732318 width=8) (actual time=2463.370..3830.265 rows=216938 loops=1)
              Hash Cond: (mc.movie_id = t.id)
              ->  Seq Scan on movie_companies mc  (cost=0.00..57926.93 rows=1201769 width=4) (actual time=0.024..1204.550 rows=1150147 loops=1)
                    Filter: ((company_id > 27) AND (company_type_id < 2))
                    Rows Removed by Filter: 1458982
              ->  Hash  (cost=67604.59..67604.59 rows=1540800 width=4) (actual time=1745.330..1745.330 rows=1543264 loops=1)
                    Buckets: 131072  Batches: 32  Memory Usage: 2722kB
                    ->  Seq Scan on title t  (cost=0.00..67604.59 rows=1540800 width=4) (actual time=0.023..1260.266 rows=1543264 loops=1)
                          Filter: (kind_id = 7)
                          Rows Removed by Filter: 985048
Planning time: 1.205 ms
Execution time: 5099.797 ms
