Hash Join  (cost=356825.28..1465121.47 rows=15513250 width=0) (actual time=8449.922..34164.335 rows=32541643 loops=1)
  Hash Cond: (ci.movie_id = t.id)
  ->  Seq Scan on cast_info ci  (cost=0.00..796071.18 rows=9167536 width=4) (actual time=0.035..14764.649 rows=5257298 loops=1)
        Filter: ((person_id < 2052198) AND (role_id > 2))
        Rows Removed by Filter: 30987046
  ->  Hash  (cost=286626.81..286626.81 rows=4278758 width=8) (actual time=8448.329..8448.329 rows=4455749 loops=1)
        Buckets: 131072  Batches: 64  Memory Usage: 3773kB
        ->  Hash Join  (cost=106840.27..286626.81 rows=4278758 width=8) (actual time=2170.479..7248.568 rows=4455749 loops=1)
              Hash Cond: (mk.movie_id = t.id)
              ->  Seq Scan on movie_keyword mk  (cost=0.00..69693.30 rows=4523930 width=4) (actual time=0.018..1395.387 rows=4523930 loops=1)
              ->  Hash  (cost=67604.59..67604.59 rows=2391495 width=4) (actual time=2169.148..2169.148 rows=2388876 loops=1)
                    Buckets: 131072  Batches: 32  Memory Usage: 3656kB
                    ->  Seq Scan on title t  (cost=0.00..67604.59 rows=2391495 width=4) (actual time=0.017..1394.787 rows=2388876 loops=1)
                          Filter: (production_year < 2013)
                          Rows Removed by Filter: 139436
Planning time: 1.119 ms
Execution time: 37613.753 ms
