Nested Loop  (cost=0.43..121728.79 rows=2893 width=0) (actual time=5.762..1024.041 rows=163 loops=1)
  ->  Seq Scan on movie_companies mc  (cost=0.00..51404.11 rows=10958 width=4) (actual time=1.165..780.795 rows=10667 loops=1)
        Filter: (company_id = 11)
        Rows Removed by Filter: 2598462
  ->  Index Scan using title_pkey on title t  (cost=0.43..6.41 rows=1 width=4) (actual time=0.022..0.022 rows=0 loops=10667)
        Index Cond: (id = mc.movie_id)
        Filter: (kind_id = 1)
        Rows Removed by Filter: 1
Planning time: 0.681 ms
Execution time: 1024.223 ms
