Hash Join  (cost=160775.12..898487.91 rows=5993 width=0) (actual time=8507.695..17468.552 rows=72636 loops=1)
  Hash Cond: (ci.movie_id = t.id)
  ->  Seq Scan on cast_info ci  (cost=0.00..705507.15 rows=8572187 width=4) (actual time=5788.033..13376.822 rows=8486314 loops=1)
        Filter: (role_id > 5)
        Rows Removed by Filter: 27758030
  ->  Hash  (cost=160753.02..160753.02 rows=1768 width=8) (actual time=2718.618..2718.618 rows=11148 loops=1)
        Buckets: 16384 (originally 2048)  Batches: 1 (originally 1)  Memory Usage: 564kB
        ->  Hash Join  (cost=73962.22..160753.02 rows=1768 width=8) (actual time=1062.722..2714.527 rows=11148 loops=1)
              Hash Cond: (mk.movie_id = t.id)
              ->  Seq Scan on movie_keyword mk  (cost=0.00..81003.12 rows=1538665 width=4) (actual time=0.019..1400.579 rows=1552636 loops=1)
                    Filter: (keyword_id > 10149)
                    Rows Removed by Filter: 2971294
              ->  Hash  (cost=73925.90..73925.90 rows=2905 width=4) (actual time=1062.616..1062.616 rows=6173 loops=1)
                    Buckets: 8192 (originally 4096)  Batches: 1 (originally 1)  Memory Usage: 282kB
                    ->  Seq Scan on title t  (cost=0.00..73925.90 rows=2905 width=4) (actual time=0.958..1059.523 rows=6173 loops=1)
                          Filter: ((kind_id < 7) AND (production_year = 1971))
                          Rows Removed by Filter: 2522139
Planning time: 1.570 ms
Execution time: 17478.511 ms
