Seq Scan on movie_companies mc  (cost=0.00..57926.93 rows=253119 width=0) (actual time=0.014..868.865 rows=378019 loops=1)
  Filter: ((company_id < 475) AND (company_type_id < 2))
  Rows Removed by Filter: 2231110
Planning time: 0.192 ms
Execution time: 912.166 ms
