Hash Join  (cost=107890.10..483024.45 rows=76388 width=0) (actual time=3285.063..8712.719 rows=285018 loops=1)
  Hash Cond: (mi.movie_id = t.id)
  ->  Seq Scan on movie_info mi  (cost=0.00..346232.03 rows=7503588 width=4) (actual time=249.918..5155.112 rows=7548855 loops=1)
        Filter: (info_type_id > 7)
        Rows Removed by Filter: 7286865
  ->  Hash  (cost=107568.33..107568.33 rows=25741 width=8) (actual time=1983.788..1983.788 rows=26367 loops=1)
        Buckets: 32768  Batches: 1  Memory Usage: 1286kB
        ->  Hash Join  (cost=76242.82..107568.33 rows=25741 width=8) (actual time=1227.336..1974.953 rows=26367 loops=1)
              Hash Cond: (mi_idx.movie_id = t.id)
              ->  Seq Scan on movie_info_idx mi_idx  (cost=0.00..25185.44 rows=460978 width=4) (actual time=0.030..549.233 rows=459925 loops=1)
                    Filter: (info_type_id < 100)
                    Rows Removed by Filter: 920110
              ->  Hash  (cost=73925.90..73925.90 rows=141193 width=4) (actual time=811.945..811.945 rows=132182 loops=1)
                    Buckets: 131072  Batches: 2  Memory Usage: 3340kB
                    ->  Seq Scan on title t  (cost=0.00..73925.90 rows=141193 width=4) (actual time=33.314..720.478 rows=132182 loops=1)
                          Filter: ((production_year > 2009) AND (kind_id = 1))
                          Rows Removed by Filter: 2396130
Planning time: 1.135 ms
Execution time: 8749.857 ms
