Seq Scan on cast_info ci  (cost=0.00..796071.18 rows=15793116 width=0) (actual time=0.027..14895.054 rows=14272201 loops=1)
  Filter: ((person_id > 1215308) AND (role_id < 4))
  Rows Removed by Filter: 21972143
Planning time: 0.430 ms
Execution time: 16611.607 ms
