Seq Scan on movie_keyword mk  (cost=0.00..81003.12 rows=3258281 width=0) (actual time=0.028..1526.035 rows=3248789 loops=1)
  Filter: (keyword_id < 13936)
  Rows Removed by Filter: 1275141
Planning time: 0.301 ms
Execution time: 1940.161 ms
