Hash Join  (cost=197299.57..663281.56 rows=619060 width=0) (actual time=5119.312..22129.150 rows=28806832 loops=1)
  Hash Cond: (mi.movie_id = t.id)
  ->  Seq Scan on movie_info mi  (cost=0.00..346232.03 rows=9767026 width=4) (actual time=257.393..6710.969 rows=9911754 loops=1)
        Filter: (info_type_id > 4)
        Rows Removed by Filter: 4923966
  ->  Hash  (cost=194669.26..194669.26 rows=160265 width=8) (actual time=4558.922..4558.922 rows=730786 loops=1)
        Buckets: 131072 (originally 131072)  Batches: 16 (originally 4)  Memory Usage: 3073kB
        ->  Hash Join  (cost=76095.04..194669.26 rows=160265 width=8) (actual time=1246.278..4339.169 rows=730786 loops=1)
              Hash Cond: (mk.movie_id = t.id)
              ->  Seq Scan on movie_keyword mk  (cost=0.00..81003.12 rows=3065985 width=4) (actual time=0.026..1759.849 rows=3048524 loops=1)
                    Filter: (keyword_id > 2104)
                    Rows Removed by Filter: 1475406
              ->  Hash  (cost=73925.90..73925.90 rows=132171 width=4) (actual time=1245.696..1245.696 rows=265354 loops=1)
                    Buckets: 131072 (originally 131072)  Batches: 4 (originally 2)  Memory Usage: 3363kB
                    ->  Seq Scan on title t  (cost=0.00..73925.90 rows=132171 width=4) (actual time=0.012..1151.124 rows=265354 loops=1)
                          Filter: ((production_year < 1979) AND (kind_id = 1))
                          Rows Removed by Filter: 2262958
Planning time: 1.198 ms
Execution time: 25314.972 ms
