Seq Scan on cast_info ci  (cost=0.00..796071.18 rows=224 width=0) (actual time=3404.572..13066.386 rows=890 loops=1)
  Filter: ((role_id > 2) AND (person_id = 1910188))
  Rows Removed by Filter: 36243454
Planning time: 0.951 ms
Execution time: 13066.577 ms
