Hash Join  (cost=74050.79..422054.95 rows=2787 width=0) (actual time=1582.185..6631.925 rows=31158 loops=1)
  Hash Cond: (mi.movie_id = t.id)
  ->  Seq Scan on movie_info mi  (cost=0.00..346232.03 rows=17937 width=4) (actual time=162.160..5280.476 rows=121863 loops=1)
        Filter: (info_type_id = 105)
        Rows Removed by Filter: 14713857
  ->  Hash  (cost=67604.59..67604.59 rows=392896 width=4) (actual time=1215.754..1215.754 rows=391666 loops=1)
        Buckets: 131072  Batches: 8  Memory Usage: 2759kB
        ->  Seq Scan on title t  (cost=0.00..67604.59 rows=392896 width=4) (actual time=0.024..1087.248 rows=391666 loops=1)
              Filter: (production_year > 2010)
              Rows Removed by Filter: 2136646
Planning time: 0.717 ms
Execution time: 6636.278 ms
