Hash Join  (cost=102767.86..850619.57 rows=1349204 width=0) (actual time=10266.249..14306.887 rows=1368213 loops=1)
  Hash Cond: (ci.movie_id = t.id)
  ->  Seq Scan on cast_info ci  (cost=0.00..705507.15 rows=1349204 width=4) (actual time=8259.749..10875.793 rows=1368213 loops=1)
        Filter: (person_id > 3796193)
        Rows Removed by Filter: 34876131
  ->  Hash  (cost=61283.27..61283.27 rows=2528527 width=4) (actual time=2005.633..2005.633 rows=2528312 loops=1)
        Buckets: 131072  Batches: 64  Memory Usage: 2415kB
        ->  Seq Scan on title t  (cost=0.00..61283.27 rows=2528527 width=4) (actual time=0.015..1001.487 rows=2528312 loops=1)
Planning time: 0.728 ms
Execution time: 14455.769 ms
