Hash Join  (cost=70308.29..139435.20 rows=56318 width=0) (actual time=1592.595..2803.513 rows=24231 loops=1)
  Hash Cond: (mc.movie_id = t.id)
  ->  Seq Scan on movie_companies mc  (cost=0.00..57926.93 rows=864214 width=4) (actual time=476.638..1117.194 rows=546022 loops=1)
        Filter: ((company_id < 20036) AND (company_type_id = 2))
        Rows Removed by Filter: 2063107
  ->  Hash  (cost=67604.59..67604.59 rows=164776 width=4) (actual time=1115.009..1115.009 rows=164307 loops=1)
        Buckets: 131072  Batches: 4  Memory Usage: 2482kB
        ->  Seq Scan on title t  (cost=0.00..67604.59 rows=164776 width=4) (actual time=0.027..1057.675 rows=164307 loops=1)
              Filter: (production_year = 2012)
              Rows Removed by Filter: 2364005
Planning time: 0.697 ms
Execution time: 2806.790 ms
