Hash Join  (cost=195738.30..236556.47 rows=182169 width=0) (actual time=3685.924..4590.902 rows=89460 loops=1)
  Hash Cond: (mi_idx.movie_id = t.id)
  ->  Seq Scan on movie_info_idx mi_idx  (cost=0.00..21735.35 rows=1380035 width=4) (actual time=0.026..455.598 rows=1380035 loops=1)
  ->  Hash  (cost=190262.13..190262.13 rows=333773 width=8) (actual time=3592.801..3592.801 rows=64412 loops=1)
        Buckets: 131072  Batches: 8  Memory Usage: 1346kB
        ->  Hash Join  (cost=92883.59..190262.13 rows=333773 width=8) (actual time=2349.949..3574.314 rows=64412 loops=1)
              Hash Cond: (mk.movie_id = t.id)
              ->  Seq Scan on movie_keyword mk  (cost=0.00..81003.12 rows=547738 width=4) (actual time=0.025..1363.543 rows=547506 loops=1)
                    Filter: (keyword_id < 394)
                    Rows Removed by Filter: 3976424
              ->  Hash  (cost=67604.59..67604.59 rows=1540800 width=4) (actual time=1709.059..1709.059 rows=1543264 loops=1)
                    Buckets: 131072  Batches: 32  Memory Usage: 2728kB
                    ->  Seq Scan on title t  (cost=0.00..67604.59 rows=1540800 width=4) (actual time=0.016..1206.258 rows=1543264 loops=1)
                          Filter: (kind_id = 7)
                          Rows Removed by Filter: 985048
Planning time: 1.009 ms
Execution time: 4601.289 ms
