Hash Join  (cost=449514.42..608137.88 rows=685086 width=0) (actual time=10347.369..13627.561 rows=374849 loops=1)
  Hash Cond: (mk.movie_id = t.id)
  ->  Seq Scan on movie_keyword mk  (cost=0.00..69693.30 rows=4523930 width=4) (actual time=0.007..1469.875 rows=4523930 loops=1)
  ->  Hash  (cost=443232.04..443232.04 rows=382910 width=8) (actual time=10275.124..10275.124 rows=174766 loops=1)
        Buckets: 131072  Batches: 8  Memory Usage: 1883kB
        ->  Hash Join  (cost=74747.02..443232.04 rows=382910 width=8) (actual time=1191.433..9934.592 rows=174766 loops=1)
              Hash Cond: (mi.movie_id = t.id)
              ->  Seq Scan on movie_info mi  (cost=0.00..309384.22 rows=14739122 width=4) (actual time=0.026..4402.384 rows=14835720 loops=1)
              ->  Hash  (cost=73925.90..73925.90 rows=65689 width=4) (actual time=1190.742..1190.742 rows=74524 loops=1)
                    Buckets: 131072  Batches: 1  Memory Usage: 3644kB
                    ->  Seq Scan on title t  (cost=0.00..73925.90 rows=65689 width=4) (actual time=98.982..1153.294 rows=74524 loops=1)
                          Filter: ((kind_id = 7) AND (production_year = 2006))
                          Rows Removed by Filter: 2453788
Planning time: 1.177 ms
Execution time: 13671.279 ms
