Hash Join  (cost=128883.17..510689.59 rows=3823 width=0) (actual time=1949.629..9400.010 rows=2305 loops=1)
  Hash Cond: (mi.movie_id = t.id)
  ->  Seq Scan on movie_info mi  (cost=0.00..346232.03 rows=9476311 width=4) (actual time=0.017..6157.249 rows=9565151 loops=1)
        Filter: (info_type_id < 16)
        Rows Removed by Filter: 5270569
  ->  Hash  (cost=128870.42..128870.42 rows=1020 width=8) (actual time=1948.502..1948.502 rows=68 loops=1)
        Buckets: 1024  Batches: 1  Memory Usage: 11kB
        ->  Hash Join  (cost=70135.59..128870.42 rows=1020 width=8) (actual time=1158.512..1948.447 rows=68 loops=1)
              Hash Cond: (mc.movie_id = t.id)
              ->  Seq Scan on movie_companies mc  (cost=0.00..57926.93 rows=16719 width=4) (actual time=0.053..910.403 rows=35517 loops=1)
                    Filter: ((company_type_id < 2) AND (company_id = 160))
                    Rows Removed by Filter: 2573612
              ->  Hash  (cost=67604.59..67604.59 rows=154240 width=4) (actual time=999.612..999.612 rows=157497 loops=1)
                    Buckets: 131072  Batches: 4  Memory Usage: 2405kB
                    ->  Seq Scan on title t  (cost=0.00..67604.59 rows=154240 width=4) (actual time=5.168..948.641 rows=157497 loops=1)
                          Filter: (production_year < 1948)
                          Rows Removed by Filter: 2370815
Planning time: 0.781 ms
Execution time: 9400.775 ms
