Hash Join  (cost=155827.62..1224351.05 rows=3379827 width=0) (actual time=3493.861..38395.260 rows=23160550 loops=1)
  Hash Cond: (ci.movie_id = t.id)
  ->  Seq Scan on cast_info ci  (cost=0.00..614943.12 rows=36225612 width=4) (actual time=0.022..13178.554 rows=36244344 loops=1)
  ->  Hash  (cost=151956.74..151956.74 rows=235910 width=8) (actual time=3493.008..3493.008 rows=593444 loops=1)
        Buckets: 131072 (originally 131072)  Batches: 8 (originally 4)  Memory Usage: 3941kB
        ->  Hash Join  (cost=81575.34..151956.74 rows=235910 width=8) (actual time=1450.214..3298.274 rows=593444 loops=1)
              Hash Cond: (mc.movie_id = t.id)
              ->  Seq Scan on movie_companies mc  (cost=0.00..51404.11 rows=1279517 width=4) (actual time=74.854..1056.373 rows=1274246 loops=1)
                    Filter: (company_type_id = 1)
                    Rows Removed by Filter: 1334883
              ->  Hash  (cost=73925.90..73925.90 rows=466195 width=4) (actual time=1374.380..1374.380 rows=516974 loops=1)
                    Buckets: 131072  Batches: 8  Memory Usage: 3310kB
                    ->  Seq Scan on title t  (cost=0.00..73925.90 rows=466195 width=4) (actual time=0.062..1208.296 rows=516974 loops=1)
                          Filter: ((kind_id < 3) AND (production_year < 2007))
                          Rows Removed by Filter: 2011338
Planning time: 1.772 ms
Execution time: 40855.243 ms
