Hash Join  (cost=67942.77..822608.05 rows=387611 width=0) (actual time=1124.840..20465.446 rows=426371 loops=1)
  Hash Cond: (ci.movie_id = t.id)
  ->  Seq Scan on cast_info ci  (cost=0.00..614943.12 rows=36225612 width=4) (actual time=0.016..8762.881 rows=36244344 loops=1)
  ->  Hash  (cost=67604.59..67604.59 rows=27055 width=4) (actual time=1124.416..1124.416 rows=26775 loops=1)
        Buckets: 32768  Batches: 1  Memory Usage: 1198kB
        ->  Seq Scan on title t  (cost=0.00..67604.59 rows=27055 width=4) (actual time=0.053..1112.097 rows=26775 loops=1)
              Filter: (production_year = 1993)
              Rows Removed by Filter: 2501537
Planning time: 4.514 ms
Execution time: 20532.105 ms
