Hash Join  (cost=83073.36..137739.77 rows=89 width=0) (actual time=1382.013..2489.720 rows=9374 loops=1)
  Hash Cond: (mc.movie_id = t.id)
  ->  Seq Scan on movie_companies mc  (cost=0.00..44881.29 rows=2609129 width=4) (actual time=0.014..654.703 rows=2609129 loops=1)
  ->  Hash  (cost=83072.29..83072.29 rows=86 width=8) (actual time=1380.784..1380.784 rows=1220 loops=1)
        Buckets: 2048 (originally 1024)  Batches: 1 (originally 1)  Memory Usage: 64kB
        ->  Nested Loop  (cost=0.43..83072.29 rows=86 width=8) (actual time=0.437..1379.778 rows=1220 loops=1)
              ->  Seq Scan on movie_keyword mk  (cost=0.00..81003.12 rows=246 width=4) (actual time=0.334..1284.188 rows=2267 loops=1)
                    Filter: (keyword_id = 1697)
                    Rows Removed by Filter: 4521663
              ->  Index Scan using title_pkey on title t  (cost=0.43..8.40 rows=1 width=4) (actual time=0.041..0.041 rows=1 loops=2267)
                    Index Cond: (id = mk.movie_id)
                    Filter: (production_year < 1997)
                    Rows Removed by Filter: 0
Planning time: 2.171 ms
Execution time: 2491.256 ms
