Hash Join  (cost=99161.12..208584.80 rows=778767 width=0) (actual time=1984.104..4403.759 rows=901389 loops=1)
  Hash Cond: (mk.movie_id = t.id)
  ->  Seq Scan on movie_keyword mk  (cost=0.00..81003.12 rows=1023776 width=4) (actual time=0.031..1395.555 rows=1027689 loops=1)
        Filter: (keyword_id > 17346)
        Rows Removed by Filter: 3496241
  ->  Hash  (cost=67604.59..67604.59 rows=1923403 width=4) (actual time=1982.928..1982.928 rows=1922849 loops=1)
        Buckets: 131072  Batches: 32  Memory Usage: 3141kB
        ->  Seq Scan on title t  (cost=0.00..67604.59 rows=1923403 width=4) (actual time=0.017..1317.361 rows=1922849 loops=1)
              Filter: (production_year < 2010)
              Rows Removed by Filter: 605463
Planning time: 0.711 ms
Execution time: 4507.837 ms
