Hash Join  (cost=300466.97..977714.30 rows=15050760 width=0) (actual time=6916.290..53171.183 rows=133380168 loops=1)
  Hash Cond: (mi.movie_id = t.id)
  ->  Seq Scan on movie_info mi  (cost=0.00..309384.22 rows=14739122 width=4) (actual time=0.021..6098.148 rows=14835720 loops=1)
  ->  Hash  (cost=258106.11..258106.11 rows=2581989 width=8) (actual time=6913.804..6913.804 rows=2219561 loops=1)
        Buckets: 131072  Batches: 64  Memory Usage: 2456kB
        ->  Hash Join  (cost=95609.14..258106.11 rows=2581989 width=8) (actual time=1878.877..6243.591 rows=2219561 loops=1)
              Hash Cond: (mk.movie_id = t.id)
              ->  Seq Scan on movie_keyword mk  (cost=0.00..81003.12 rows=3824792 width=4) (actual time=0.025..1740.009 rows=3824777 loops=1)
                    Filter: (keyword_id > 580)
                    Rows Removed by Filter: 699153
              ->  Hash  (cost=67604.59..67604.59 rows=1706924 width=4) (actual time=1877.813..1877.813 rows=1700316 loops=1)
                    Buckets: 131072  Batches: 32  Memory Usage: 2903kB
                    ->  Seq Scan on title t  (cost=0.00..67604.59 rows=1706924 width=4) (actual time=0.020..1307.512 rows=1700316 loops=1)
                          Filter: (production_year > 1992)
                          Rows Removed by Filter: 827996
Planning time: 1.150 ms
Execution time: 66696.273 ms
