Hash Join  (cost=174109.90..580418.91 rows=215664 width=0) (actual time=5729.727..11508.912 rows=1113684 loops=1)
  Hash Cond: (mi.movie_id = t.id)
  ->  Seq Scan on movie_info mi  (cost=0.00..346232.03 rows=4972096 width=4) (actual time=2269.095..5865.337 rows=4923966 loops=1)
        Filter: (info_type_id < 5)
        Rows Removed by Filter: 9911754
  ->  Hash  (cost=172309.97..172309.97 rows=109674 width=8) (actual time=3432.147..3432.147 rows=189796 loops=1)
        Buckets: 131072 (originally 131072)  Batches: 4 (originally 2)  Memory Usage: 3073kB
        ->  Hash Join  (cost=70342.62..172309.97 rows=109674 width=8) (actual time=1173.785..3372.587 rows=189796 loops=1)
              Hash Cond: (mk.movie_id = t.id)
              ->  Seq Scan on movie_keyword mk  (cost=0.00..81003.12 rows=1661729 width=4) (actual time=0.031..1521.327 rows=1667627 loops=1)
                    Filter: (keyword_id > 8717)
                    Rows Removed by Filter: 2856303
              ->  Hash  (cost=67604.59..67604.59 rows=166883 width=4) (actual time=1172.799..1172.799 rows=168947 loops=1)
                    Buckets: 131072  Batches: 4  Memory Usage: 2513kB
                    ->  Seq Scan on title t  (cost=0.00..67604.59 rows=166883 width=4) (actual time=0.012..1115.933 rows=168947 loops=1)
                          Filter: (production_year < 1951)
                          Rows Removed by Filter: 2359365
Planning time: 1.506 ms
Execution time: 11631.445 ms
