Hash Join  (cost=98864.94..1351820.28 rows=17293716 width=0) (actual time=2025.220..38078.055 rows=17115366 loops=1)
  Hash Cond: (ci.movie_id = t.id)
  ->  Seq Scan on cast_info ci  (cost=0.00..705507.15 rows=28766606 width=4) (actual time=0.023..16075.293 rows=28730573 loops=1)
        Filter: (person_id < 2920939)
        Rows Removed by Filter: 7513771
  ->  Hash  (cost=73925.90..73925.90 rows=1520083 width=4) (actual time=2024.193..2024.193 rows=1507233 loops=1)
        Buckets: 131072  Batches: 32  Memory Usage: 2679kB
        ->  Seq Scan on title t  (cost=0.00..73925.90 rows=1520083 width=4) (actual time=0.016..1515.469 rows=1507233 loops=1)
              Filter: ((kind_id > 1) AND (production_year < 2011))
              Rows Removed by Filter: 1021079
Planning time: 0.694 ms
Execution time: 40003.688 ms
