Hash Join  (cost=166573.01..532824.20 rows=159527 width=0) (actual time=2975.724..11579.941 rows=2857382 loops=1)
  Hash Cond: (mi.movie_id = t.id)
  ->  Seq Scan on movie_info mi  (cost=0.00..309384.22 rows=14739122 width=4) (actual time=0.018..4280.758 rows=14835720 loops=1)
  ->  Hash  (cost=166230.92..166230.92 rows=27367 width=8) (actual time=2975.406..2975.406 rows=36450 loops=1)
        Buckets: 65536 (originally 32768)  Batches: 1 (originally 1)  Memory Usage: 1936kB
        ->  Hash Join  (cost=81417.85..166230.92 rows=27367 width=8) (actual time=1422.222..2960.290 rows=36450 loops=1)
              Hash Cond: (mk.movie_id = t.id)
              ->  Seq Scan on movie_keyword mk  (cost=0.00..81003.12 rows=151540 width=4) (actual time=0.035..1409.995 rows=163809 loops=1)
                    Filter: (keyword_id < 121)
                    Rows Removed by Filter: 4360121
              ->  Hash  (cost=73925.90..73925.90 rows=456636 width=4) (actual time=1420.310..1420.310 rows=330279 loops=1)
                    Buckets: 131072  Batches: 8  Memory Usage: 2490kB
                    ->  Seq Scan on title t  (cost=0.00..73925.90 rows=456636 width=4) (actual time=4.867..1311.014 rows=330279 loops=1)
                          Filter: ((production_year > 1991) AND (kind_id = 1))
                          Rows Removed by Filter: 2198033
Planning time: 1.866 ms
Execution time: 11928.980 ms
