Seq Scan on movie_keyword mk  (cost=0.00..81003.12 rows=246 width=0) (actual time=0.681..1314.232 rows=1454 loops=1)
  Filter: (keyword_id = 651)
  Rows Removed by Filter: 4522476
Planning time: 0.446 ms
Execution time: 1314.823 ms
