Hash Join  (cost=83810.17..1266658.95 rows=11956790 width=0) (actual time=1417.662..38713.783 rows=12446846 loops=1)
  Hash Cond: (ci.movie_id = t.id)
  ->  Seq Scan on cast_info ci  (cost=0.00..705507.15 rows=30608727 width=4) (actual time=0.058..16319.477 rows=30561317 loops=1)
        Filter: (person_id < 3080787)
        Rows Removed by Filter: 5683027
  ->  Hash  (cost=67604.59..67604.59 rows=987727 width=4) (actual time=1416.511..1416.511 rows=985048 loops=1)
        Buckets: 131072  Batches: 16  Memory Usage: 3188kB
        ->  Seq Scan on title t  (cost=0.00..67604.59 rows=987727 width=4) (actual time=0.021..1118.359 rows=985048 loops=1)
              Filter: (kind_id < 7)
              Rows Removed by Filter: 1543264
Planning time: 0.524 ms
Execution time: 40124.782 ms
