Seq Scan on movie_keyword mk  (cost=0.00..81003.12 rows=246 width=0) (actual time=0.686..1312.814 rows=853 loops=1)
  Filter: (keyword_id = 1607)
  Rows Removed by Filter: 4523077
Planning time: 0.587 ms
Execution time: 1313.224 ms
