Hash Join  (cost=52284.53..79195.15 rows=14 width=0) (actual time=984.843..1383.713 rows=414 loops=1)
  Hash Cond: (mi_idx.movie_id = t.id)
  ->  Seq Scan on movie_info_idx mi_idx  (cost=0.00..21735.35 rows=1380035 width=4) (actual time=0.022..307.237 rows=1380035 loops=1)
  ->  Hash  (cost=52284.21..52284.21 rows=25 width=8) (actual time=829.527..829.527 rows=305 loops=1)
        Buckets: 1024  Batches: 1  Memory Usage: 20kB
        ->  Nested Loop  (cost=0.43..52284.21 rows=25 width=8) (actual time=173.449..829.312 rows=305 loops=1)
              ->  Seq Scan on movie_companies mc  (cost=0.00..51404.11 rows=104 width=4) (actual time=170.502..811.510 rows=315 loops=1)
                    Filter: (company_id = 11322)
                    Rows Removed by Filter: 2608814
              ->  Index Scan using title_pkey on title t  (cost=0.43..8.45 rows=1 width=4) (actual time=0.054..0.055 rows=1 loops=315)
                    Index Cond: (id = mc.movie_id)
                    Filter: ((kind_id < 7) AND (production_year < 2007))
                    Rows Removed by Filter: 0
Planning time: 1.148 ms
Execution time: 1383.944 ms
