Seq Scan on movie_keyword mk  (cost=0.00..81003.12 rows=2645514 width=0) (actual time=0.015..1725.410 rows=2630758 loops=1)
  Filter: (keyword_id > 3235)
  Rows Removed by Filter: 1893172
Planning time: 0.206 ms
Execution time: 2048.404 ms
