Hash Join  (cost=185442.51..698126.82 rows=3081338 width=0) (actual time=3899.296..19400.307 rows=9994857 loops=1)
  Hash Cond: (mi.movie_id = t.id)
  ->  Seq Scan on movie_info mi  (cost=0.00..309384.22 rows=14739122 width=4) (actual time=0.019..5904.261 rows=14835720 loops=1)
  ->  Hash  (cost=176769.88..176769.88 rows=528610 width=8) (actual time=3898.296..3898.296 rows=528291 loops=1)
        Buckets: 131072  Batches: 8  Memory Usage: 3627kB
        ->  Hash Join  (cost=102767.86..176769.88 rows=528610 width=8) (actual time=1913.721..3740.067 rows=528291 loops=1)
              Hash Cond: (mc.movie_id = t.id)
              ->  Seq Scan on movie_companies mc  (cost=0.00..51404.11 rows=528610 width=4) (actual time=0.022..987.444 rows=528291 loops=1)
                    Filter: (company_id < 494)
                    Rows Removed by Filter: 2080838
              ->  Hash  (cost=61283.27..61283.27 rows=2528527 width=4) (actual time=1912.779..1912.779 rows=2528312 loops=1)
                    Buckets: 131072  Batches: 64  Memory Usage: 2415kB
                    ->  Seq Scan on title t  (cost=0.00..61283.27 rows=2528527 width=4) (actual time=0.007..1067.252 rows=2528312 loops=1)
Planning time: 1.129 ms
Execution time: 20577.304 ms
