Hash Join  (cost=102767.86..250460.24 rows=2360939 width=0) (actual time=1919.663..5589.894 rows=2363664 loops=1)
  Hash Cond: (mk.movie_id = t.id)
  ->  Seq Scan on movie_keyword mk  (cost=0.00..81003.12 rows=2360939 width=4) (actual time=0.022..1601.997 rows=2363664 loops=1)
        Filter: (keyword_id < 5327)
        Rows Removed by Filter: 2160266
  ->  Hash  (cost=61283.27..61283.27 rows=2528527 width=4) (actual time=1918.533..1918.533 rows=2528312 loops=1)
        Buckets: 131072  Batches: 64  Memory Usage: 2425kB
        ->  Seq Scan on title t  (cost=0.00..61283.27 rows=2528527 width=4) (actual time=0.019..1051.690 rows=2528312 loops=1)
Planning time: 0.689 ms
Execution time: 5853.397 ms
