Hash Join  (cost=83568.99..117452.66 rows=107156 width=0) (actual time=1507.249..2322.884 rows=200928 loops=1)
  Hash Cond: (mi_idx.movie_id = t.id)
  ->  Seq Scan on movie_info_idx mi_idx  (cost=0.00..25185.44 rows=460978 width=4) (actual time=0.024..440.773 rows=459925 loops=1)
        Filter: (info_type_id < 100)
        Rows Removed by Filter: 920110
  ->  Hash  (cost=73925.90..73925.90 rows=587767 width=4) (actual time=1506.565..1506.565 rows=594730 loops=1)
        Buckets: 131072  Batches: 8  Memory Usage: 3648kB
        ->  Seq Scan on title t  (cost=0.00..73925.90 rows=587767 width=4) (actual time=0.022..1319.390 rows=594730 loops=1)
              Filter: ((production_year < 2012) AND (kind_id = 1))
              Rows Removed by Filter: 1933582
Planning time: 0.764 ms
Execution time: 2348.047 ms
