Hash Join  (cost=798791.46..825703.71 rows=177 width=0) (actual time=14280.321..14771.469 rows=42 loops=1)
  Hash Cond: (mi_idx.movie_id = t.id)
  ->  Seq Scan on movie_info_idx mi_idx  (cost=0.00..21735.35 rows=1380035 width=4) (actual time=0.018..320.165 rows=1380035 loops=1)
  ->  Hash  (cost=798787.41..798787.41 rows=324 width=8) (actual time=14202.338..14202.338 rows=484 loops=1)
        Buckets: 1024  Batches: 1  Memory Usage: 27kB
        ->  Nested Loop  (cost=0.43..798787.41 rows=324 width=8) (actual time=3984.781..14202.122 rows=484 loops=1)
              ->  Seq Scan on cast_info ci  (cost=0.00..796071.18 rows=324 width=4) (actual time=3984.678..14189.924 rows=484 loops=1)
                    Filter: ((role_id > 1) AND (person_id = 2024372))
                    Rows Removed by Filter: 36243860
              ->  Index Only Scan using title_pkey on title t  (cost=0.43..8.37 rows=1 width=4) (actual time=0.024..0.024 rows=1 loops=484)
                    Index Cond: (id = ci.movie_id)
                    Heap Fetches: 484
Planning time: 1.173 ms
Execution time: 14771.568 ms
