Hash Join  (cost=94699.36..156994.76 rows=1862 width=0) (actual time=1689.244..2973.648 rows=3130 loops=1)
  Hash Cond: (mc.movie_id = t.id)
  ->  Seq Scan on movie_companies mc  (cost=0.00..57926.93 rows=1159959 width=4) (actual time=0.031..1091.348 rows=1265771 loops=1)
        Filter: ((company_id > 160) AND (company_type_id = 2))
        Rows Removed by Filter: 1343358
  ->  Hash  (cost=94648.62..94648.62 rows=4059 width=8) (actual time=1688.102..1688.102 rows=3160 loops=1)
        Buckets: 4096  Batches: 1  Memory Usage: 156kB
        ->  Hash Join  (cost=67697.55..94648.62 rows=4059 width=8) (actual time=1298.671..1686.827 rows=3160 loops=1)
              Hash Cond: (mi_idx.movie_id = t.id)
              ->  Seq Scan on movie_info_idx mi_idx  (cost=0.00..21735.35 rows=1380035 width=4) (actual time=0.017..308.600 rows=1380035 loops=1)
              ->  Hash  (cost=67604.59..67604.59 rows=7437 width=4) (actual time=1114.218..1114.218 rows=2798 loops=1)
                    Buckets: 8192  Batches: 1  Memory Usage: 163kB
                    ->  Seq Scan on title t  (cost=0.00..67604.59 rows=7437 width=4) (actual time=12.934..1112.684 rows=2798 loops=1)
                          Filter: (production_year = 1936)
                          Rows Removed by Filter: 2525514
Planning time: 1.170 ms
Execution time: 2974.258 ms
