Hash Join  (cost=170133.20..211928.80 rows=239112 width=0) (actual time=3934.816..6294.020 rows=1248868 loops=1)
  Hash Cond: (mi_idx.movie_id = t.id)
  ->  Seq Scan on movie_info_idx mi_idx  (cost=0.00..21735.35 rows=1380035 width=4) (actual time=0.014..546.626 rows=1380035 loops=1)
  ->  Hash  (cost=162944.88..162944.88 rows=438105 width=8) (actual time=3929.156..3929.156 rows=888375 loops=1)
        Buckets: 131072 (originally 131072)  Batches: 16 (originally 8)  Memory Usage: 3197kB
        ->  Hash Join  (cost=83810.17..162944.88 rows=438105 width=8) (actual time=1851.479..3673.261 rows=888375 loops=1)
              Hash Cond: (mc.movie_id = t.id)
              ->  Seq Scan on movie_companies mc  (cost=0.00..57926.93 rows=1121526 width=4) (actual time=415.196..1215.702 rows=1240074 loops=1)
                    Filter: ((company_id > 258) AND (company_type_id = 2))
                    Rows Removed by Filter: 1369055
              ->  Hash  (cost=67604.59..67604.59 rows=987727 width=4) (actual time=1435.437..1435.437 rows=985048 loops=1)
                    Buckets: 131072  Batches: 16  Memory Usage: 3188kB
                    ->  Seq Scan on title t  (cost=0.00..67604.59 rows=987727 width=4) (actual time=0.022..1128.701 rows=985048 loops=1)
                          Filter: (kind_id < 7)
                          Rows Removed by Filter: 1543264
Planning time: 1.095 ms
Execution time: 6450.381 ms
