Seq Scan on cast_info ci  (cost=0.00..796071.18 rows=7624311 width=0) (actual time=322.109..14068.326 rows=11030364 loops=1)
  Filter: ((person_id > 1904319) AND (role_id > 2))
  Rows Removed by Filter: 25213980
Planning time: 0.357 ms
Execution time: 15465.508 ms
