Hash Join  (cost=594936.23..2108876.48 rows=37923299 width=0) (actual time=15035.607..104041.985 rows=226331618 loops=1)
  Hash Cond: (ci.movie_id = t.id)
  ->  Seq Scan on cast_info ci  (cost=0.00..614943.12 rows=36225612 width=4) (actual time=0.025..14120.160 rows=36244344 loops=1)
  ->  Hash  (cost=551508.42..551508.42 rows=2647025 width=8) (actual time=15034.288..15034.288 rows=4329208 loops=1)
        Buckets: 131072  Batches: 64  Memory Usage: 3616kB
        ->  Hash Join  (cost=88560.69..551508.42 rows=2647025 width=8) (actual time=1526.448..13452.767 rows=4329208 loops=1)
              Hash Cond: (mi.movie_id = t.id)
              ->  Seq Scan on movie_info mi  (cost=0.00..346232.03 rows=7503588 width=4) (actual time=0.021..6435.544 rows=7548855 loops=1)
                    Filter: (info_type_id > 7)
                    Rows Removed by Filter: 7286865
              ->  Hash  (cost=73925.90..73925.90 rows=891983 width=4) (actual time=1525.284..1525.284 rows=807055 loops=1)
                    Buckets: 131072  Batches: 16  Memory Usage: 2808kB
                    ->  Seq Scan on title t  (cost=0.00..73925.90 rows=891983 width=4) (actual time=0.023..1258.128 rows=807055 loops=1)
                          Filter: ((kind_id < 7) AND (production_year > 1952))
                          Rows Removed by Filter: 1721257
Planning time: 0.941 ms
Execution time: 127887.408 ms
