Hash Join  (cost=842176.52..1488048.75 rows=3267398 width=0) (actual time=24282.633..37398.327 rows=7648111 loops=1)
  Hash Cond: (mi.movie_id = t.id)
  ->  Seq Scan on movie_info mi  (cost=0.00..346232.03 rows=9476311 width=4) (actual time=704.321..6851.059 rows=9565151 loops=1)
        Filter: (info_type_id < 16)
        Rows Removed by Filter: 5270569
  ->  Hash  (cost=827872.69..827872.69 rows=871827 width=8) (actual time=23577.057..23577.057 rows=929303 loops=1)
        Buckets: 131072  Batches: 16  Memory Usage: 3403kB
        ->  Hash Join  (cost=68365.25..827872.69 rows=871827 width=8) (actual time=1093.802..22932.927 rows=929303 loops=1)
              Hash Cond: (ci.movie_id = t.id)
              ->  Seq Scan on cast_info ci  (cost=0.00..614943.12 rows=36225612 width=4) (actual time=0.027..9407.697 rows=36244344 loops=1)
              ->  Hash  (cost=67604.59..67604.59 rows=60853 width=4) (actual time=1093.427..1093.427 rows=62568 loops=1)
                    Buckets: 65536  Batches: 1  Memory Usage: 2712kB
                    ->  Seq Scan on title t  (cost=0.00..67604.59 rows=60853 width=4) (actual time=0.021..1068.880 rows=62568 loops=1)
                          Filter: (production_year = 2002)
                          Rows Removed by Filter: 2465744
Planning time: 1.150 ms
Execution time: 38332.663 ms
