Hash Join  (cost=893618.28..1259543.15 rows=108110 width=0) (actual time=16616.008..18115.067 rows=247459 loops=1)
  Hash Cond: (mi.movie_id = t.id)
  ->  Seq Scan on movie_info mi  (cost=0.00..346232.03 rows=1550064 width=4) (actual time=3182.692..3979.317 rows=1533909 loops=1)
        Filter: (info_type_id = 3)
        Rows Removed by Filter: 13301811
  ->  Hash  (cost=890724.86..890724.86 rows=176354 width=8) (actual time=13432.439..13432.439 rows=141835 loops=1)
        Buckets: 131072  Batches: 4  Memory Usage: 2426kB
        ->  Hash Join  (cost=83810.17..890724.86 rows=176354 width=8) (actual time=5197.737..13393.368 rows=141835 loops=1)
              Hash Cond: (ci.movie_id = t.id)
              ->  Seq Scan on cast_info ci  (cost=0.00..796071.18 rows=451457 width=4) (actual time=3744.091..11589.224 rows=402137 loops=1)
                    Filter: ((person_id < 569913) AND (role_id = 4))
                    Rows Removed by Filter: 35842207
              ->  Hash  (cost=67604.59..67604.59 rows=987727 width=4) (actual time=1452.598..1452.598 rows=985048 loops=1)
                    Buckets: 131072  Batches: 16  Memory Usage: 3188kB
                    ->  Seq Scan on title t  (cost=0.00..67604.59 rows=987727 width=4) (actual time=0.024..1140.279 rows=985048 loops=1)
                          Filter: (kind_id < 7)
                          Rows Removed by Filter: 1543264
Planning time: 1.160 ms
Execution time: 18146.153 ms
