Hash Join  (cost=116745.18..240682.11 rows=158789 width=0) (actual time=2386.140..5959.185 rows=2186106 loops=1)
  Hash Cond: (mk.movie_id = t.id)
  ->  Seq Scan on movie_keyword mk  (cost=0.00..69693.30 rows=4523930 width=4) (actual time=0.027..1340.127 rows=4523930 loops=1)
  ->  Hash  (cost=115288.79..115288.79 rows=88751 width=8) (actual time=2385.318..2385.318 rows=201108 loops=1)
        Buckets: 131072 (originally 131072)  Batches: 4 (originally 2)  Memory Usage: 3073kB
        ->  Hash Join  (cost=82033.88..115288.79 rows=88751 width=8) (actual time=1412.094..2317.780 rows=201108 loops=1)
              Hash Cond: (mi_idx.movie_id = t.id)
              ->  Seq Scan on movie_info_idx mi_idx  (cost=0.00..25185.44 rows=454124 width=4) (actual time=0.030..494.355 rows=459925 loops=1)
                    Filter: (info_type_id = 100)
                    Rows Removed by Filter: 920110
              ->  Hash  (cost=73925.90..73925.90 rows=494158 width=4) (actual time=1411.256..1411.256 rows=581419 loops=1)
                    Buckets: 131072  Batches: 8  Memory Usage: 3592kB
                    ->  Seq Scan on title t  (cost=0.00..73925.90 rows=494158 width=4) (actual time=0.020..1226.320 rows=581419 loops=1)
                          Filter: ((kind_id < 7) AND (production_year < 2004))
                          Rows Removed by Filter: 1946893
Planning time: 1.134 ms
Execution time: 6225.841 ms
