Nested Loop  (cost=0.43..83071.67 rows=246 width=0) (actual time=0.511..1247.894 rows=798 loops=1)
  ->  Seq Scan on movie_keyword mk  (cost=0.00..81003.12 rows=246 width=4) (actual time=0.438..1221.940 rows=798 loops=1)
        Filter: (keyword_id = 5817)
        Rows Removed by Filter: 4523132
  ->  Index Only Scan using title_pkey on title t  (cost=0.43..8.40 rows=1 width=4) (actual time=0.030..0.031 rows=1 loops=798)
        Index Cond: (id = mk.movie_id)
        Heap Fetches: 798
Planning time: 0.788 ms
Execution time: 1248.303 ms
