Hash Join  (cost=160971.88..529497.93 rows=426725 width=0) (actual time=4693.259..9576.107 rows=227130 loops=1)
  Hash Cond: (mi.movie_id = t.id)
  ->  Seq Scan on movie_info mi  (cost=0.00..346232.03 rows=1272478 width=4) (actual time=1252.233..5426.423 rows=1325361 loops=1)
        Filter: (info_type_id = 8)
        Rows Removed by Filter: 13510359
  ->  Hash  (cost=147059.64..147059.64 rows=847939 width=8) (actual time=3439.969..3439.969 rows=442380 loops=1)
        Buckets: 131072  Batches: 16  Memory Usage: 2111kB
        ->  Hash Join  (cost=93093.72..147059.64 rows=847939 width=8) (actual time=1820.573..3299.059 rows=442380 loops=1)
              Hash Cond: (mi_idx.movie_id = t.id)
              ->  Seq Scan on movie_info_idx mi_idx  (cost=0.00..21735.35 rows=1380035 width=4) (actual time=0.018..449.187 rows=1380035 loops=1)
              ->  Hash  (cost=67604.59..67604.59 rows=1553611 width=4) (actual time=1819.168..1819.168 rows=1555864 loops=1)
                    Buckets: 131072  Batches: 32  Memory Usage: 2734kB
                    ->  Seq Scan on title t  (cost=0.00..67604.59 rows=1553611 width=4) (actual time=0.030..1323.787 rows=1555864 loops=1)
                          Filter: (kind_id > 4)
                          Rows Removed by Filter: 972448
Planning time: 1.166 ms
Execution time: 9603.339 ms
