Seq Scan on cast_info ci  (cost=0.00..796071.18 rows=7908011 width=0) (actual time=0.023..14909.351 rows=12670688 loops=1)
  Filter: ((person_id < 2279872) AND (role_id = 1))
  Rows Removed by Filter: 23573656
Planning time: 0.387 ms
Execution time: 16472.376 ms
