Seq Scan on movie_keyword mk  (cost=0.00..81003.12 rows=3253222 width=0) (actual time=0.015..1531.734 rows=3245022 loops=1)
  Filter: (keyword_id < 13855)
  Rows Removed by Filter: 1278908
Planning time: 0.311 ms
Execution time: 1955.792 ms
