Seq Scan on movie_keyword mk  (cost=0.00..81003.12 rows=117720 width=0) (actual time=0.067..1439.966 rows=115900 loops=1)
  Filter: (keyword_id > 78904)
  Rows Removed by Filter: 4408030
Planning time: 3.030 ms
Execution time: 1456.286 ms
