Hash Join  (cost=128553.02..622571.17 rows=1331923 width=0) (actual time=2783.813..17814.478 rows=8980880 loops=1)
  Hash Cond: (mi.movie_id = t.id)
  ->  Seq Scan on movie_info mi  (cost=0.00..309384.22 rows=14739122 width=4) (actual time=0.015..6097.504 rows=14835720 loops=1)
  ->  Hash  (cost=124803.85..124803.85 rows=228494 width=8) (actual time=2783.080..2783.080 rows=416782 loops=1)
        Buckets: 131072 (originally 131072)  Batches: 8 (originally 4)  Memory Usage: 3076kB
        ->  Hash Join  (cost=84284.84..124803.85 rows=228494 width=8) (actual time=1475.161..2657.699 rows=416782 loops=1)
              Hash Cond: (mi_idx.movie_id = t.id)
              ->  Seq Scan on movie_info_idx mi_idx  (cost=0.00..25185.44 rows=915101 width=4) (actual time=0.017..532.169 rows=919850 loops=1)
                    Filter: (info_type_id < 101)
                    Rows Removed by Filter: 460185
              ->  Hash  (cost=73925.90..73925.90 rows=631355 width=4) (actual time=1474.336..1474.336 rows=634290 loops=1)
                    Buckets: 131072  Batches: 16  Memory Usage: 2416kB
                    ->  Seq Scan on title t  (cost=0.00..73925.90 rows=631355 width=4) (actual time=0.019..1274.119 rows=634290 loops=1)
                          Filter: ((production_year < 2013) AND (kind_id = 1))
                          Rows Removed by Filter: 1894022
Planning time: 1.062 ms
Execution time: 18862.100 ms
