Hash Join  (cost=80220.64..1170488.73 rows=5496592 width=0) (actual time=1218.871..30588.776 rows=3196169 loops=1)
  Hash Cond: (ci.movie_id = t.id)
  ->  Seq Scan on cast_info ci  (cost=0.00..614943.12 rows=36225612 width=4) (actual time=0.021..12640.560 rows=36244344 loops=1)
  ->  Hash  (cost=73925.90..73925.90 rows=383659 width=4) (actual time=1217.862..1217.862 rows=265354 loops=1)
        Buckets: 131072  Batches: 8  Memory Usage: 2178kB
        ->  Seq Scan on title t  (cost=0.00..73925.90 rows=383659 width=4) (actual time=0.028..1127.518 rows=265354 loops=1)
              Filter: ((production_year < 1987) AND (kind_id = 7))
              Rows Removed by Filter: 2262958
Planning time: 0.716 ms
Execution time: 30972.365 ms
