Hash Join  (cost=156632.57..217105.93 rows=99448 width=0) (actual time=3540.957..4882.167 rows=251555 loops=1)
  Hash Cond: (mc.movie_id = t.id)
  ->  Seq Scan on movie_companies mc  (cost=0.00..51404.11 rows=541272 width=4) (actual time=0.021..980.754 rows=545951 loops=1)
        Filter: (company_id > 71983)
        Rows Removed by Filter: 2063178
  ->  Hash  (cost=149010.49..149010.49 rows=464566 width=8) (actual time=3540.049..3540.049 rows=459925 loops=1)
        Buckets: 131072  Batches: 8  Memory Usage: 3275kB
        ->  Hash Join  (cost=102767.86..149010.49 rows=464566 width=8) (actual time=2045.273..3391.182 rows=459925 loops=1)
              Hash Cond: (mi_idx.movie_id = t.id)
              ->  Seq Scan on movie_info_idx mi_idx  (cost=0.00..25185.44 rows=464566 width=4) (actual time=0.026..497.218 rows=459925 loops=1)
                    Filter: (info_type_id = 101)
                    Rows Removed by Filter: 920110
              ->  Hash  (cost=61283.27..61283.27 rows=2528527 width=4) (actual time=2044.346..2044.346 rows=2528312 loops=1)
                    Buckets: 131072  Batches: 64  Memory Usage: 2415kB
                    ->  Seq Scan on title t  (cost=0.00..61283.27 rows=2528527 width=4) (actual time=0.011..1200.330 rows=2528312 loops=1)
Planning time: 1.185 ms
Execution time: 4909.154 ms
