Seq Scan on movie_keyword mk  (cost=0.00..81003.12 rows=3159516 width=0) (actual time=0.019..1312.439 rows=3142087 loops=1)
  Filter: (keyword_id < 12087)
  Rows Removed by Filter: 1381843
Planning time: 0.275 ms
Execution time: 1668.649 ms
