Seq Scan on cast_info ci  (cost=0.00..705507.15 rows=500 width=0) (actual time=2114.936..10242.261 rows=1778 loops=1)
  Filter: (person_id = 1847661)
  Rows Removed by Filter: 36242566
Planning time: 0.386 ms
Execution time: 10242.590 ms
