Seq Scan on cast_info ci  (cost=0.00..705507.15 rows=22936007 width=0) (actual time=0.009..12433.969 rows=22815295 loops=1)
  Filter: (person_id < 2329259)
  Rows Removed by Filter: 13429049
Planning time: 0.288 ms
Execution time: 15233.251 ms
