Hash Join  (cost=180107.08..549537.41 rows=146190 width=0) (actual time=3580.624..11666.374 rows=5398325 loops=1)
  Hash Cond: (mi.movie_id = t.id)
  ->  Seq Scan on movie_info mi  (cost=0.00..346232.03 rows=1810770 width=4) (actual time=0.434..5998.645 rows=1865632 loops=1)
        Filter: (info_type_id > 17)
        Rows Removed by Filter: 12970088
  ->  Hash  (cost=176757.36..176757.36 rows=204138 width=8) (actual time=3552.324..3552.324 rows=457157 loops=1)
        Buckets: 131072 (originally 131072)  Batches: 8 (originally 4)  Memory Usage: 3317kB
        ->  Hash Join  (cost=83810.17..176757.36 rows=204138 width=8) (actual time=1445.741..3407.656 rows=457157 loops=1)
              Hash Cond: (mk.movie_id = t.id)
              ->  Seq Scan on movie_keyword mk  (cost=0.00..81003.12 rows=522581 width=4) (actual time=0.015..1390.613 rows=520878 loops=1)
                    Filter: (keyword_id < 382)
                    Rows Removed by Filter: 4003052
              ->  Hash  (cost=67604.59..67604.59 rows=987727 width=4) (actual time=1444.473..1444.473 rows=985048 loops=1)
                    Buckets: 131072  Batches: 16  Memory Usage: 3197kB
                    ->  Seq Scan on title t  (cost=0.00..67604.59 rows=987727 width=4) (actual time=0.017..1126.983 rows=985048 loops=1)
                          Filter: (kind_id < 7)
                          Rows Removed by Filter: 1543264
Planning time: 1.093 ms
Execution time: 12169.086 ms
