Hash Join  (cost=73950.44..438720.80 rows=11443 width=0) (actual time=1085.015..8774.259 rows=51178 loops=1)
  Hash Cond: (mi.movie_id = t.id)
  ->  Seq Scan on movie_info mi  (cost=0.00..309384.22 rows=14739122 width=4) (actual time=0.014..4687.182 rows=14835720 loops=1)
  ->  Hash  (cost=73925.90..73925.90 rows=1963 width=4) (actual time=1060.583..1060.583 rows=4189 loops=1)
        Buckets: 8192 (originally 2048)  Batches: 1 (originally 1)  Memory Usage: 212kB
        ->  Seq Scan on title t  (cost=0.00..73925.90 rows=1963 width=4) (actual time=382.251..1058.611 rows=4189 loops=1)
              Filter: ((kind_id < 2) AND (production_year = 1981))
              Rows Removed by Filter: 2524123
Planning time: 0.805 ms
Execution time: 8783.557 ms
