Seq Scan on movie_keyword mk  (cost=0.00..81003.12 rows=246 width=0) (actual time=6.217..1241.038 rows=713 loops=1)
  Filter: (keyword_id = 2403)
  Rows Removed by Filter: 4523217
Planning time: 0.344 ms
Execution time: 1241.422 ms
