Hash Join  (cost=806061.08..3475632.24 rows=123970991 width=0) (actual time=20168.358..121815.392 rows=267811217 loops=1)
  Hash Cond: (ci.movie_id = t.id)
  ->  Seq Scan on cast_info ci  (cost=0.00..614943.12 rows=36225612 width=4) (actual time=0.011..13424.521 rows=36244344 loops=1)
  ->  Hash  (cost=664095.28..664095.28 rows=8653104 width=8) (actual time=20166.923..20166.923 rows=7566531 loops=1)
        Buckets: 131072  Batches: 128  Memory Usage: 3329kB
        ->  Hash Join  (cost=91959.31..664095.28 rows=8653104 width=8) (actual time=1780.611..17869.471 rows=7566531 loops=1)
              Hash Cond: (mi.movie_id = t.id)
              ->  Seq Scan on movie_info mi  (cost=0.00..309384.22 rows=14739122 width=4) (actual time=0.013..5873.397 rows=14835720 loops=1)
              ->  Hash  (cost=67604.59..67604.59 rows=1484458 width=4) (actual time=1779.513..1779.513 rows=1485030 loops=1)
                    Buckets: 131072  Batches: 32  Memory Usage: 2663kB
                    ->  Seq Scan on title t  (cost=0.00..67604.59 rows=1484458 width=4) (actual time=0.026..1284.520 rows=1485030 loops=1)
                          Filter: (production_year > 1998)
                          Rows Removed by Filter: 1043282
Planning time: 0.760 ms
Execution time: 151835.514 ms
