Hash Join  (cost=52284.99..803089.06 rows=1490 width=0) (actual time=861.396..17055.954 rows=666 loops=1)
  Hash Cond: (ci.movie_id = t.id)
  ->  Seq Scan on cast_info ci  (cost=0.00..614943.12 rows=36225612 width=4) (actual time=0.022..9261.302 rows=36244344 loops=1)
  ->  Hash  (cost=52283.69..52283.69 rows=104 width=8) (actual time=847.229..847.229 rows=64 loops=1)
        Buckets: 1024  Batches: 1  Memory Usage: 11kB
        ->  Nested Loop  (cost=0.43..52283.69 rows=104 width=8) (actual time=28.337..847.139 rows=64 loops=1)
              ->  Seq Scan on movie_companies mc  (cost=0.00..51404.11 rows=104 width=4) (actual time=28.230..844.828 rows=64 loops=1)
                    Filter: (company_id = 22644)
                    Rows Removed by Filter: 2609065
              ->  Index Only Scan using title_pkey on title t  (cost=0.43..8.45 rows=1 width=4) (actual time=0.032..0.032 rows=1 loops=64)
                    Index Cond: (id = mc.movie_id)
                    Heap Fetches: 64
Planning time: 6.938 ms
Execution time: 17056.568 ms
