Hash Join  (cost=73962.22..102589.79 rows=1051 width=0) (actual time=1244.870..1857.711 rows=4294 loops=1)
  Hash Cond: (mi_idx.movie_id = t.id)
  ->  Seq Scan on movie_info_idx mi_idx  (cost=0.00..25185.44 rows=915101 width=4) (actual time=0.030..454.481 rows=919850 loops=1)
        Filter: (info_type_id < 101)
        Rows Removed by Filter: 460185
  ->  Hash  (cost=73925.90..73925.90 rows=2905 width=4) (actual time=1244.638..1244.638 rows=6090 loops=1)
        Buckets: 8192 (originally 4096)  Batches: 1 (originally 1)  Memory Usage: 279kB
        ->  Seq Scan on title t  (cost=0.00..73925.90 rows=2905 width=4) (actual time=0.129..1241.552 rows=6090 loops=1)
              Filter: ((kind_id < 7) AND (production_year = 1968))
              Rows Removed by Filter: 2522222
Planning time: 0.744 ms
Execution time: 1858.615 ms
