Hash Join  (cost=101645.86..854989.35 rows=255427 width=0) (actual time=1841.178..19739.686 rows=898778 loops=1)
  Hash Cond: (ci.movie_id = t.id)
  ->  Seq Scan on cast_info ci  (cost=0.00..614943.12 rows=36225612 width=4) (actual time=0.010..8591.395 rows=36244344 loops=1)
  ->  Hash  (cost=101423.00..101423.00 rows=17829 width=8) (actual time=1840.873..1840.873 rows=32274 loops=1)
        Buckets: 32768  Batches: 1  Memory Usage: 1517kB
        ->  Hash Join  (cost=74334.23..101423.00 rows=17829 width=8) (actual time=1194.733..1830.417 rows=32274 loops=1)
              Hash Cond: (mi_idx.movie_id = t.id)
              ->  Seq Scan on movie_info_idx mi_idx  (cost=0.00..21735.35 rows=1380035 width=4) (actual time=0.021..319.630 rows=1380035 loops=1)
              ->  Hash  (cost=73925.90..73925.90 rows=32666 width=4) (actual time=1194.441..1194.441 rows=22974 loops=1)
                    Buckets: 32768  Batches: 1  Memory Usage: 1064kB
                    ->  Seq Scan on title t  (cost=0.00..73925.90 rows=32666 width=4) (actual time=0.383..1183.165 rows=22974 loops=1)
                          Filter: ((kind_id < 4) AND (production_year = 2005))
                          Rows Removed by Filter: 2505338
Planning time: 1.216 ms
Execution time: 19861.908 ms
