Hash Join  (cost=202636.32..717151.80 rows=5026710 width=0) (actual time=5102.512..22454.286 rows=23076878 loops=1)
  Hash Cond: (mi.movie_id = t.id)
  ->  Seq Scan on movie_info mi  (cost=0.00..346232.03 rows=9767026 width=4) (actual time=0.014..6770.770 rows=9911754 loops=1)
        Filter: (info_type_id > 4)
        Rows Removed by Filter: 4923966
  ->  Hash  (cost=181285.64..181285.64 rows=1301335 width=8) (actual time=5100.838..5100.838 rows=1058433 loops=1)
        Buckets: 131072  Batches: 32  Memory Usage: 2339kB
        ->  Hash Join  (cost=88295.76..181285.64 rows=1301335 width=8) (actual time=1880.108..4807.785 rows=1058433 loops=1)
              Hash Cond: (mc.movie_id = t.id)
              ->  Seq Scan on movie_companies mc  (cost=0.00..44881.29 rows=2609129 width=4) (actual time=0.021..959.956 rows=2609129 loops=1)
              ->  Hash  (cost=67604.59..67604.59 rows=1261134 width=4) (actual time=1878.755..1878.755 rows=1260295 loops=1)
                    Buckets: 131072  Batches: 32  Memory Usage: 2413kB
                    ->  Seq Scan on title t  (cost=0.00..67604.59 rows=1261134 width=4) (actual time=0.028..1460.098 rows=1260295 loops=1)
                          Filter: (production_year > 2002)
                          Rows Removed by Filter: 1268017
Planning time: 1.203 ms
Execution time: 25047.804 ms
