Hash Join  (cost=88334.42..622762.85 rows=5119151 width=0) (actual time=2573.463..17293.190 rows=2878067 loops=1)
  Hash Cond: (mi.movie_id = t.id)
  ->  Seq Scan on movie_info mi  (cost=0.00..309384.22 rows=14739122 width=4) (actual time=0.018..5924.237 rows=14835720 loops=1)
  ->  Hash  (cost=73925.90..73925.90 rows=878201 width=4) (actual time=2572.563..2572.563 rows=947729 loops=1)
        Buckets: 131072  Batches: 16  Memory Usage: 3119kB
        ->  Seq Scan on title t  (cost=0.00..73925.90 rows=878201 width=4) (actual time=0.027..1464.393 rows=947729 loops=1)
              Filter: ((kind_id > 1) AND (production_year > 2003))
              Rows Removed by Filter: 1580583
Planning time: 0.818 ms
Execution time: 17639.823 ms
