Seq Scan on cast_info ci  (cost=0.00..796071.18 rows=276 width=0) (actual time=5839.101..14768.745 rows=14 loops=1)
  Filter: ((role_id < 3) AND (person_id = 620878))
  Rows Removed by Filter: 36244330
Planning time: 0.452 ms
Execution time: 14768.844 ms
