Hash Join  (cost=83074.53..109985.72 rows=71 width=0) (actual time=1064.875..1549.550 rows=393 loops=1)
  Hash Cond: (mi_idx.movie_id = t.id)
  ->  Seq Scan on movie_info_idx mi_idx  (cost=0.00..21735.35 rows=1380035 width=4) (actual time=0.022..322.904 rows=1380035 loops=1)
  ->  Hash  (cost=83072.90..83072.90 rows=130 width=8) (actual time=981.607..981.607 rows=173 loops=1)
        Buckets: 1024  Batches: 1  Memory Usage: 15kB
        ->  Nested Loop  (cost=0.43..83072.90 rows=130 width=8) (actual time=513.266..981.516 rows=173 loops=1)
              ->  Seq Scan on movie_keyword mk  (cost=0.00..81003.12 rows=246 width=4) (actual time=0.037..928.629 rows=2590 loops=1)
                    Filter: (keyword_id = 3617)
                    Rows Removed by Filter: 4521340
              ->  Index Scan using title_pkey on title t  (cost=0.43..8.40 rows=1 width=4) (actual time=0.020..0.020 rows=0 loops=2590)
                    Index Cond: (id = mk.movie_id)
                    Filter: ((production_year > 1962) AND (kind_id = 7))
                    Rows Removed by Filter: 1
Planning time: 1.231 ms
Execution time: 1549.795 ms
