Hash Join  (cost=461557.37..1568036.39 rows=7074691 width=0) (actual time=8407.105..44149.064 rows=14801258 loops=1)
  Hash Cond: (ci.movie_id = t.id)
  ->  Seq Scan on cast_info ci  (cost=0.00..614943.12 rows=36225612 width=4) (actual time=0.016..13672.120 rows=36244344 loops=1)
  ->  Hash  (cost=453455.76..453455.76 rows=493809 width=8) (actual time=8406.048..8406.048 rows=936925 loops=1)
        Buckets: 131072 (originally 131072)  Batches: 16 (originally 8)  Memory Usage: 3305kB
        ->  Hash Join  (cost=83810.17..453455.76 rows=493809 width=8) (actual time=2958.700..8113.227 rows=936925 loops=1)
              Hash Cond: (mi.movie_id = t.id)
              ->  Seq Scan on movie_info mi  (cost=0.00..346232.03 rows=1264125 width=4) (actual time=1102.034..5125.626 rows=1288928 loops=1)
                    Filter: (info_type_id = 2)
                    Rows Removed by Filter: 13546792
              ->  Hash  (cost=67604.59..67604.59 rows=987727 width=4) (actual time=1855.761..1855.761 rows=985048 loops=1)
                    Buckets: 131072  Batches: 16  Memory Usage: 3197kB
                    ->  Seq Scan on title t  (cost=0.00..67604.59 rows=987727 width=4) (actual time=0.029..1204.165 rows=985048 loops=1)
                          Filter: (kind_id < 7)
                          Rows Removed by Filter: 1543264
Planning time: 1.241 ms
Execution time: 45863.986 ms
