Hash Join  (cost=174403.47..312708.01 rows=1041264 width=0) (actual time=4290.058..12905.686 rows=26395227 loops=1)
  Hash Cond: (mk.movie_id = t.id)
  ->  Seq Scan on movie_keyword mk  (cost=0.00..81003.12 rows=3822338 width=4) (actual time=0.024..1775.323 rows=3818977 loops=1)
        Filter: (keyword_id > 586)
        Rows Removed by Filter: 704953
  ->  Hash  (cost=163102.35..163102.35 rows=688810 width=8) (actual time=4288.493..4288.493 rows=1307690 loops=1)
        Buckets: 131072 (originally 131072)  Batches: 32 (originally 16)  Memory Usage: 3073kB
        ->  Hash Join  (cost=78556.72..163102.35 rows=688810 width=8) (actual time=1634.420..3950.770 rows=1307690 loops=1)
              Hash Cond: (mc.movie_id = t.id)
              ->  Seq Scan on movie_companies mc  (cost=0.00..44881.29 rows=2609129 width=4) (actual time=0.017..947.101 rows=2609129 loops=1)
              ->  Hash  (cost=67604.59..67604.59 rows=667531 width=4) (actual time=1379.790..1379.790 rows=662825 loops=1)
                    Buckets: 131072  Batches: 16  Memory Usage: 2476kB
                    ->  Seq Scan on title t  (cost=0.00..67604.59 rows=667531 width=4) (actual time=127.838..1184.784 rows=662825 loops=1)
                          Filter: (kind_id = 1)
                          Rows Removed by Filter: 1865487
Planning time: 1.132 ms
Execution time: 15496.402 ms
