Seq Scan on movie_companies mc  (cost=0.00..51404.11 rows=104 width=0) (actual time=43.794..753.365 rows=63 loops=1)
  Filter: (company_id = 2284)
  Rows Removed by Filter: 2609066
Planning time: 0.373 ms
Execution time: 753.477 ms
