Hash Join  (cost=124653.55..213261.96 rows=51490 width=0) (actual time=2716.351..4526.896 rows=66924 loops=1)
  Hash Cond: (mk.movie_id = t.id)
  ->  Seq Scan on movie_keyword mk  (cost=0.00..81003.12 rows=1890768 width=4) (actual time=0.020..1464.106 rows=1901968 loops=1)
        Filter: (keyword_id < 3262)
        Rows Removed by Filter: 2621962
  ->  Hash  (cost=123792.83..123792.83 rows=68858 width=8) (actual time=2715.411..2715.411 rows=53637 loops=1)
        Buckets: 131072  Batches: 1  Memory Usage: 3120kB
        ->  Hash Join  (cost=68438.72..123792.83 rows=68858 width=8) (actual time=1213.651..2693.906 rows=53637 loops=1)
              Hash Cond: (mc.movie_id = t.id)
              ->  Seq Scan on movie_companies mc  (cost=0.00..44881.29 rows=2609129 width=4) (actual time=0.024..722.075 rows=2609129 loops=1)
              ->  Hash  (cost=67604.59..67604.59 rows=66731 width=4) (actual time=1212.988..1212.988 rows=67342 loops=1)
                    Buckets: 131072  Batches: 1  Memory Usage: 3392kB
                    ->  Seq Scan on title t  (cost=0.00..67604.59 rows=66731 width=4) (actual time=0.045..1183.931 rows=67342 loops=1)
                          Filter: (production_year > 2012)
                          Rows Removed by Filter: 2460970
Planning time: 1.115 ms
Execution time: 4535.874 ms
