Hash Join  (cost=83074.36..447737.11 rows=684 width=0) (actual time=1362.265..8477.788 rows=1813 loops=1)
  Hash Cond: (mi.movie_id = t.id)
  ->  Seq Scan on movie_info mi  (cost=0.00..309384.22 rows=14739122 width=4) (actual time=0.025..4485.557 rows=14835720 loops=1)
  ->  Hash  (cost=83072.90..83072.90 rows=117 width=8) (actual time=1349.806..1349.806 rows=143 loops=1)
        Buckets: 1024  Batches: 1  Memory Usage: 14kB
        ->  Nested Loop  (cost=0.43..83072.90 rows=117 width=8) (actual time=452.662..1349.698 rows=143 loops=1)
              ->  Seq Scan on movie_keyword mk  (cost=0.00..81003.12 rows=246 width=4) (actual time=0.328..1218.601 rows=2620 loops=1)
                    Filter: (keyword_id = 1013)
                    Rows Removed by Filter: 4521310
              ->  Index Scan using title_pkey on title t  (cost=0.43..8.40 rows=1 width=4) (actual time=0.049..0.049 rows=0 loops=2620)
                    Index Cond: (id = mk.movie_id)
                    Filter: ((production_year > 1977) AND (kind_id = 7))
                    Rows Removed by Filter: 1
Planning time: 1.206 ms
Execution time: 8478.435 ms
