Nested Loop  (cost=0.43..83072.29 rows=96 width=0) (actual time=350.840..1352.692 rows=4 loops=1)
  ->  Seq Scan on movie_keyword mk  (cost=0.00..81003.12 rows=246 width=4) (actual time=350.764..1352.517 rows=4 loops=1)
        Filter: (keyword_id = 88904)
        Rows Removed by Filter: 4523926
  ->  Index Scan using title_pkey on title t  (cost=0.43..8.40 rows=1 width=4) (actual time=0.039..0.040 rows=1 loops=4)
        Index Cond: (id = mk.movie_id)
        Filter: (kind_id < 7)
Planning time: 2.300 ms
Execution time: 1352.804 ms
