Hash Join  (cost=79310.28..455048.62 rows=284850 width=0) (actual time=1822.472..8730.733 rows=112293 loops=1)
  Hash Cond: (mi.movie_id = t.id)
  ->  Seq Scan on movie_info mi  (cost=0.00..346232.03 rows=2194617 width=4) (actual time=0.654..5860.185 rows=2233850 loops=1)
        Filter: (info_type_id > 16)
        Rows Removed by Filter: 12601870
  ->  Hash  (cost=73925.90..73925.90 rows=328190 width=4) (actual time=1820.779..1820.779 rows=217611 loops=1)
        Buckets: 131072  Batches: 8  Memory Usage: 1975kB
        ->  Seq Scan on title t  (cost=0.00..73925.90 rows=328190 width=4) (actual time=0.022..1181.217 rows=217611 loops=1)
              Filter: ((production_year < 1982) AND (kind_id = 7))
              Rows Removed by Filter: 2310701
Planning time: 0.861 ms
Execution time: 8744.521 ms
