Seq Scan on movie_keyword mk  (cost=0.00..81003.12 rows=801967 width=0) (actual time=0.012..1302.418 rows=807998 loops=1)
  Filter: (keyword_id > 22904)
  Rows Removed by Filter: 3715932
Planning time: 0.273 ms
Execution time: 1401.235 ms
