Hash Join  (cost=73982.55..160721.67 rows=8108 width=0) (actual time=2141.525..2955.817 rows=3795 loops=1)
  Hash Cond: (mk.movie_id = t.id)
  ->  Seq Scan on movie_keyword mk  (cost=0.00..69693.30 rows=4523930 width=4) (actual time=0.019..992.586 rows=4523930 loops=1)
  ->  Hash  (cost=73925.90..73925.90 rows=4532 width=4) (actual time=1110.123..1110.123 rows=7806 loops=1)
        Buckets: 8192  Batches: 1  Memory Usage: 339kB
        ->  Seq Scan on title t  (cost=0.00..73925.90 rows=4532 width=4) (actual time=0.083..1106.371 rows=7806 loops=1)
              Filter: ((kind_id = 7) AND (production_year = 1981))
              Rows Removed by Filter: 2520506
Planning time: 0.807 ms
Execution time: 2956.407 ms
