Hash Join  (cost=88391.98..229613.76 rows=1577474 width=0) (actual time=4125.547..5632.847 rows=355231 loops=1)
  Hash Cond: (mk.movie_id = t.id)
  ->  Seq Scan on movie_keyword mk  (cost=0.00..69693.30 rows=4523930 width=4) (actual time=0.017..1580.817 rows=4523930 loops=1)
  ->  Hash  (cost=73925.90..73925.90 rows=881686 width=4) (actual time=1641.361..1641.361 rows=801513 loops=1)
        Buckets: 131072  Batches: 16  Memory Usage: 2792kB
        ->  Seq Scan on title t  (cost=0.00..73925.90 rows=881686 width=4) (actual time=0.012..1381.554 rows=801513 loops=1)
              Filter: ((production_year < 2006) AND (kind_id = 7))
              Rows Removed by Filter: 1726799
Planning time: 0.541 ms
Execution time: 5677.792 ms
