Seq Scan on cast_info ci  (cost=0.00..796071.18 rows=1379503 width=0) (actual time=5351.684..11396.526 rows=2167840 loops=1)
  Filter: ((person_id > 3638867) AND (role_id > 1))
  Rows Removed by Filter: 34076504
Planning time: 0.358 ms
Execution time: 11666.758 ms
