Hash Join  (cost=79930.86..557604.99 rows=2627197 width=0) (actual time=1842.030..14078.266 rows=3574992 loops=1)
  Hash Cond: (mi.movie_id = t.id)
  ->  Seq Scan on movie_info mi  (cost=0.00..346232.03 rows=8841901 width=4) (actual time=361.667..6595.705 rows=8950757 loops=1)
        Filter: (info_type_id > 6)
        Rows Removed by Filter: 5884963
  ->  Hash  (cost=67604.59..67604.59 rows=751302 width=4) (actual time=1479.160..1479.160 rows=755902 loops=1)
        Buckets: 131072  Batches: 16  Memory Usage: 2692kB
        ->  Seq Scan on title t  (cost=0.00..67604.59 rows=751302 width=4) (actual time=0.013..1230.841 rows=755902 loops=1)
              Filter: (production_year < 1993)
              Rows Removed by Filter: 1772410
Planning time: 0.751 ms
Execution time: 14452.408 ms
