Hash Join  (cost=798791.46..886522.48 rows=230 width=0) (actual time=14659.345..15071.988 rows=52 loops=1)
  Hash Cond: (mk.movie_id = t.id)
  ->  Seq Scan on movie_keyword mk  (cost=0.00..81003.12 rows=1793491 width=4) (actual time=0.026..1293.066 rows=1798964 loops=1)
        Filter: (keyword_id > 7740)
        Rows Removed by Filter: 2724966
  ->  Hash  (cost=798787.41..798787.41 rows=324 width=8) (actual time=13537.733..13537.733 rows=5 loops=1)
        Buckets: 1024  Batches: 1  Memory Usage: 9kB
        ->  Nested Loop  (cost=0.43..798787.41 rows=324 width=8) (actual time=6141.087..13537.680 rows=5 loops=1)
              ->  Seq Scan on cast_info ci  (cost=0.00..796071.18 rows=324 width=4) (actual time=6140.897..13537.351 rows=5 loops=1)
                    Filter: ((role_id > 1) AND (person_id = 1347987))
                    Rows Removed by Filter: 36244339
              ->  Index Only Scan using title_pkey on title t  (cost=0.43..8.37 rows=1 width=4) (actual time=0.040..0.041 rows=1 loops=5)
                    Index Cond: (id = ci.movie_id)
                    Heap Fetches: 5
Planning time: 1.204 ms
Execution time: 15072.096 ms
