Hash Join  (cost=93408.25..186258.60 rows=186337 width=0) (actual time=1891.791..3660.734 rows=154074 loops=1)
  Hash Cond: (mk.movie_id = t.id)
  ->  Seq Scan on movie_keyword mk  (cost=0.00..81003.12 rows=299571 width=4) (actual time=0.017..1313.688 rows=317219 loops=1)
        Filter: (keyword_id < 250)
        Rows Removed by Filter: 4206711
  ->  Hash  (cost=67604.59..67604.59 rows=1572773 width=4) (actual time=1889.498..1889.498 rows=1570568 loops=1)
        Buckets: 131072  Batches: 32  Memory Usage: 2759kB
        ->  Seq Scan on title t  (cost=0.00..67604.59 rows=1572773 width=4) (actual time=0.013..1347.874 rows=1570568 loops=1)
              Filter: (production_year > 1996)
              Rows Removed by Filter: 957744
Planning time: 0.766 ms
Execution time: 3678.625 ms
