Seq Scan on movie_companies mc  (cost=0.00..57926.93 rows=1116136 width=0) (actual time=85.584..1015.404 rows=1236180 loops=1)
  Filter: ((company_id > 292) AND (company_type_id > 1))
  Rows Removed by Filter: 1372949
Planning time: 0.832 ms
Execution time: 1172.283 ms
