Seq Scan on movie_keyword mk  (cost=0.00..81003.12 rows=2805926 width=0) (actual time=0.018..1570.137 rows=2800737 loops=1)
  Filter: (keyword_id > 2770)
  Rows Removed by Filter: 1723193
Planning time: 0.220 ms
Execution time: 1924.065 ms
