Hash Join  (cost=454885.93..1317723.04 rows=944927 width=0) (actual time=13680.270..32560.310 rows=9662042 loops=1)
  Hash Cond: (ci.movie_id = t.id)
  ->  Seq Scan on cast_info ci  (cost=0.00..705507.15 rows=12726058 width=4) (actual time=5732.606..13645.008 rows=12670688 loops=1)
        Filter: (role_id < 2)
        Rows Removed by Filter: 23573656
  ->  Hash  (cost=451805.10..451805.10 rows=187746 width=8) (actual time=7946.680..7946.680 rows=472461 loops=1)
        Buckets: 131072 (originally 131072)  Batches: 8 (originally 4)  Memory Usage: 3339kB
        ->  Hash Join  (cost=77474.80..451805.10 rows=187746 width=8) (actual time=1393.491..7787.328 rows=472461 loops=1)
              Hash Cond: (mi.movie_id = t.id)
              ->  Seq Scan on movie_info mi  (cost=0.00..346232.03 rows=2194617 width=4) (actual time=0.024..5215.222 rows=2233850 loops=1)
                    Filter: (info_type_id > 16)
                    Rows Removed by Filter: 12601870
              ->  Hash  (cost=73925.90..73925.90 rows=216312 width=4) (actual time=1392.748..1392.748 rows=327454 loops=1)
                    Buckets: 131072  Batches: 4  Memory Usage: 3908kB
                    ->  Seq Scan on title t  (cost=0.00..73925.90 rows=216312 width=4) (actual time=0.033..1285.490 rows=327454 loops=1)
                          Filter: ((kind_id < 7) AND (production_year < 1983))
                          Rows Removed by Filter: 2200858
Planning time: 4.059 ms
Execution time: 33664.337 ms
