Nested Loop  (cost=0.43..58375.18 rows=53 width=0) (actual time=107.595..899.540 rows=201 loops=1)
  ->  Seq Scan on movie_companies mc  (cost=0.00..57926.93 rows=53 width=4) (actual time=107.509..893.696 rows=201 loops=1)
        Filter: ((company_type_id > 1) AND (company_id = 23694))
        Rows Removed by Filter: 2608928
  ->  Index Only Scan using title_pkey on title t  (cost=0.43..8.45 rows=1 width=4) (actual time=0.027..0.028 rows=1 loops=201)
        Index Cond: (id = mc.movie_id)
        Heap Fetches: 201
Planning time: 0.758 ms
Execution time: 899.692 ms
