Seq Scan on cast_info ci  (cost=0.00..705507.15 rows=23934619 width=0) (actual time=1.051..12731.449 rows=23862915 loops=1)
  Filter: (person_id < 2446896)
  Rows Removed by Filter: 12381429
Planning time: 1.145 ms
Execution time: 15621.634 ms
