Hash Join  (cost=84013.42..439277.17 rows=115166 width=0) (actual time=3982.074..7349.643 rows=332824 loops=1)
  Hash Cond: (mi.movie_id = t.id)
  ->  Seq Scan on movie_info mi  (cost=0.00..346232.03 rows=473617 width=4) (actual time=2546.446..5583.177 rows=486554 loops=1)
        Filter: (info_type_id = 5)
        Rows Removed by Filter: 14349166
  ->  Hash  (cost=73925.90..73925.90 rows=614841 width=4) (actual time=1350.311..1350.311 rows=523219 loops=1)
        Buckets: 131072  Batches: 16  Memory Usage: 2180kB
        ->  Seq Scan on title t  (cost=0.00..73925.90 rows=614841 width=4) (actual time=414.380..1114.947 rows=523219 loops=1)
              Filter: ((production_year > 1936) AND (kind_id = 1))
              Rows Removed by Filter: 2005093
Planning time: 0.763 ms
Execution time: 7391.973 ms
