Hash Join  (cost=102767.86..182667.96 rows=502595 width=0) (actual time=2007.752..3992.015 rows=816393 loops=1)
  Hash Cond: (mc.movie_id = t.id)
  ->  Seq Scan on movie_companies mc  (cost=0.00..57926.93 rows=502595 width=4) (actual time=0.021..982.888 rows=816393 loops=1)
        Filter: ((company_id > 16812) AND (company_type_id > 1))
        Rows Removed by Filter: 1792736
  ->  Hash  (cost=61283.27..61283.27 rows=2528527 width=4) (actual time=2006.179..2006.179 rows=2528312 loops=1)
        Buckets: 131072  Batches: 64  Memory Usage: 2415kB
        ->  Seq Scan on title t  (cost=0.00..61283.27 rows=2528527 width=4) (actual time=0.009..1135.009 rows=2528312 loops=1)
Planning time: 0.794 ms
Execution time: 4084.153 ms
