Hash Join  (cost=167876.85..564929.54 rows=1160594 width=0) (actual time=6212.955..11747.390 rows=2427615 loops=1)
  Hash Cond: (mi.movie_id = t.id)
  ->  Seq Scan on movie_info mi  (cost=0.00..346232.03 rows=3068194 width=4) (actual time=2377.712..5887.974 rows=3036719 loops=1)
        Filter: (info_type_id = 16)
        Rows Removed by Filter: 11799001
  ->  Hash  (cost=152184.15..152184.15 rows=956456 width=8) (actual time=3834.154..3834.154 rows=910578 loops=1)
        Buckets: 131072  Batches: 16  Memory Usage: 3262kB
        ->  Hash Join  (cost=96356.06..152184.15 rows=956456 width=8) (actual time=1875.528..3562.674 rows=910578 loops=1)
              Hash Cond: (mi_idx.movie_id = t.id)
              ->  Seq Scan on movie_info_idx mi_idx  (cost=0.00..21735.35 rows=1380035 width=4) (actual time=0.038..484.335 rows=1380035 loops=1)
              ->  Hash  (cost=67604.59..67604.59 rows=1752438 width=4) (actual time=1874.529..1874.529 rows=1749032 loops=1)
                    Buckets: 131072  Batches: 32  Memory Usage: 2950kB
                    ->  Seq Scan on title t  (cost=0.00..67604.59 rows=1752438 width=4) (actual time=0.021..1314.115 rows=1749032 loops=1)
                          Filter: (production_year > 1990)
                          Rows Removed by Filter: 779280
Planning time: 1.393 ms
Execution time: 11999.963 ms
