Seq Scan on movie_keyword mk  (cost=0.00..81003.12 rows=246 width=0) (actual time=1.682..1121.750 rows=813 loops=1)
  Filter: (keyword_id = 554)
  Rows Removed by Filter: 4523117
Planning time: 0.398 ms
Execution time: 1122.149 ms
