Seq Scan on movie_keyword mk  (cost=0.00..81003.12 rows=4046189 width=0) (actual time=0.025..1596.130 rows=4049780 loops=1)
  Filter: (keyword_id < 37613)
  Rows Removed by Filter: 474150
Planning time: 0.345 ms
Execution time: 2086.250 ms
