Seq Scan on movie_keyword mk  (cost=0.00..81003.12 rows=1742358 width=0) (actual time=0.019..1410.886 rows=1751800 loops=1)
  Filter: (keyword_id < 2860)
  Rows Removed by Filter: 2772130
Planning time: 0.336 ms
Execution time: 1655.157 ms
