Hash Join  (cost=94699.36..910079.83 rows=8230 width=0) (actual time=3953.483..14563.900 rows=15252 loops=1)
  Hash Cond: (ci.movie_id = t.id)
  ->  Seq Scan on cast_info ci  (cost=0.00..796071.18 rows=5127194 width=4) (actual time=2362.576..12399.821 rows=3171672 loops=1)
        Filter: ((person_id < 1117405) AND (role_id > 2))
        Rows Removed by Filter: 33072672
  ->  Hash  (cost=94648.62..94648.62 rows=4059 width=8) (actual time=1588.572..1588.572 rows=7031 loops=1)
        Buckets: 8192 (originally 4096)  Batches: 1 (originally 1)  Memory Usage: 339kB
        ->  Hash Join  (cost=67697.55..94648.62 rows=4059 width=8) (actual time=972.012..1585.788 rows=7031 loops=1)
              Hash Cond: (mi_idx.movie_id = t.id)
              ->  Seq Scan on movie_info_idx mi_idx  (cost=0.00..21735.35 rows=1380035 width=4) (actual time=0.027..310.120 rows=1380035 loops=1)
              ->  Hash  (cost=67604.59..67604.59 rows=7437 width=4) (actual time=968.149..968.149 rows=11121 loops=1)
                    Buckets: 16384 (originally 8192)  Batches: 1 (originally 1)  Memory Usage: 519kB
                    ->  Seq Scan on title t  (cost=0.00..67604.59 rows=7437 width=4) (actual time=0.034..962.666 rows=11121 loops=1)
                          Filter: (production_year = 1960)
                          Rows Removed by Filter: 2517191
Planning time: 2.019 ms
Execution time: 14566.745 ms
