Hash Join  (cost=128656.89..881425.44 rows=197939 width=0) (actual time=1976.565..19582.266 rows=317512 loops=1)
  Hash Cond: (ci.movie_id = t.id)
  ->  Seq Scan on cast_info ci  (cost=0.00..614943.12 rows=36225612 width=4) (actual time=0.020..9199.846 rows=36244344 loops=1)
  ->  Hash  (cost=128484.19..128484.19 rows=13816 width=8) (actual time=1976.141..1976.141 rows=8972 loops=1)
        Buckets: 16384  Batches: 1  Memory Usage: 479kB
        ->  Hash Join  (cost=68426.36..128484.19 rows=13816 width=8) (actual time=1003.761..1972.597 rows=8972 loops=1)
              Hash Cond: (mc.movie_id = t.id)
              ->  Seq Scan on movie_companies mc  (cost=0.00..57926.93 rows=531395 width=4) (actual time=19.006..821.454 rows=741128 loops=1)
                    Filter: ((company_id < 6893) AND (company_type_id = 1))
                    Rows Removed by Filter: 1868001
              ->  Hash  (cost=67604.59..67604.59 rows=65742 width=4) (actual time=983.944..983.944 rows=63827 loops=1)
                    Buckets: 131072  Batches: 1  Memory Usage: 3268kB
                    ->  Seq Scan on title t  (cost=0.00..67604.59 rows=65742 width=4) (actual time=0.074..957.577 rows=63827 loops=1)
                          Filter: (production_year = 2013)
                          Rows Removed by Filter: 2464485
Planning time: 1.202 ms
Execution time: 19633.854 ms
