Hash Join  (cost=215450.35..743353.58 rows=2780937 width=0) (actual time=5223.628..23923.737 rows=26053490 loops=1)
  Hash Cond: (mi.movie_id = t.id)
  ->  Seq Scan on movie_info mi  (cost=0.00..309384.22 rows=14739122 width=4) (actual time=0.020..6114.417 rows=14835720 loops=1)
  ->  Hash  (cost=207622.90..207622.90 rows=477076 width=8) (actual time=5220.234..5220.234 rows=726880 loops=1)
        Buckets: 131072 (originally 131072)  Batches: 16 (originally 8)  Memory Usage: 3073kB
        ->  Hash Join  (cost=72333.74..207622.90 rows=477076 width=8) (actual time=1127.263..4617.806 rows=726880 loops=1)
              Hash Cond: (mk.movie_id = t.id)
              ->  Seq Scan on movie_keyword mk  (cost=0.00..81003.12 rows=4184875 width=4) (actual time=0.021..1711.759 rows=4187784 loops=1)
                    Filter: (keyword_id < 49103)
                    Rows Removed by Filter: 336146
              ->  Hash  (cost=67604.59..67604.59 rows=288252 width=4) (actual time=1126.247..1126.247 rows=285055 loops=1)
                    Buckets: 131072  Batches: 4  Memory Usage: 3533kB
                    ->  Seq Scan on title t  (cost=0.00..67604.59 rows=288252 width=4) (actual time=0.019..1022.717 rows=285055 loops=1)
                          Filter: (production_year < 1964)
                          Rows Removed by Filter: 2243257
Planning time: 1.200 ms
Execution time: 26709.792 ms
