Hash Join  (cost=114602.18..874276.94 rows=888553 width=0) (actual time=2164.645..21339.259 rows=974540 loops=1)
  Hash Cond: (ci.movie_id = t.id)
  ->  Seq Scan on cast_info ci  (cost=0.00..614943.12 rows=36225612 width=4) (actual time=0.020..9121.479 rows=36244344 loops=1)
  ->  Hash  (cost=113826.92..113826.92 rows=62021 width=8) (actual time=2164.150..2164.150 rows=28408 loops=1)
        Buckets: 65536  Batches: 1  Memory Usage: 1622kB
        ->  Hash Join  (cost=76725.80..113826.92 rows=62021 width=8) (actual time=1268.404..2154.487 rows=28408 loops=1)
              Hash Cond: (mi_idx.movie_id = t.id)
              ->  Seq Scan on movie_info_idx mi_idx  (cost=0.00..25185.44 rows=919057 width=4) (actual time=0.018..507.191 rows=920110 loops=1)
                    Filter: (info_type_id > 99)
                    Rows Removed by Filter: 459925
              ->  Hash  (cost=73925.90..73925.90 rows=170632 width=4) (actual time=1265.908..1265.908 rows=170068 loops=1)
                    Buckets: 131072  Batches: 4  Memory Usage: 2534kB
                    ->  Seq Scan on title t  (cost=0.00..73925.90 rows=170632 width=4) (actual time=0.021..1207.338 rows=170068 loops=1)
                          Filter: ((kind_id > 1) AND (production_year > 2011))
                          Rows Removed by Filter: 2358244
Planning time: 1.264 ms
Execution time: 21474.170 ms
