Hash Join  (cost=101857.10..910397.01 rows=28878 width=0) (actual time=8751.367..15183.906 rows=30864 loops=1)
  Hash Cond: (ci.movie_id = t.id)
  ->  Seq Scan on cast_info ci  (cost=0.00..796071.18 rows=3247987 width=4) (actual time=6923.682..12927.700 rows=1920971 loops=1)
        Filter: ((person_id < 930763) AND (role_id > 3))
        Rows Removed by Filter: 34323373
  ->  Hash  (cost=101576.08..101576.08 rows=22481 width=8) (actual time=1826.697..1826.697 rows=13509 loops=1)
        Buckets: 32768  Batches: 1  Memory Usage: 784kB
        ->  Hash Join  (cost=74440.79..101576.08 rows=22481 width=8) (actual time=1564.441..1822.171 rows=13509 loops=1)
              Hash Cond: (mi_idx.movie_id = t.id)
              ->  Seq Scan on movie_info_idx mi_idx  (cost=0.00..21735.35 rows=1380035 width=4) (actual time=0.034..312.262 rows=1380035 loops=1)
              ->  Hash  (cost=73925.90..73925.90 rows=41191 width=4) (actual time=1180.979..1180.979 rows=43851 loops=1)
                    Buckets: 65536  Batches: 1  Memory Usage: 2054kB
                    ->  Seq Scan on title t  (cost=0.00..73925.90 rows=41191 width=4) (actual time=0.053..1162.846 rows=43851 loops=1)
                          Filter: ((kind_id = 7) AND (production_year = 2003))
                          Rows Removed by Filter: 2484461
Planning time: 1.168 ms
Execution time: 15188.345 ms
