Hash Join  (cost=217858.32..379278.15 rows=2351515 width=0) (actual time=5158.629..11151.575 rows=8359377 loops=1)
  Hash Cond: (mk.movie_id = t.id)
  ->  Seq Scan on movie_keyword mk  (cost=0.00..81003.12 rows=4471882 width=4) (actual time=0.014..1881.427 rows=4475978 loops=1)
        Filter: (keyword_id > 47)
        Rows Removed by Filter: 47952
  ->  Hash  (cost=196044.17..196044.17 rows=1329612 width=8) (actual time=5155.810..5155.810 rows=1334883 loops=1)
        Buckets: 131072  Batches: 32  Memory Usage: 2660kB
        ->  Hash Join  (cost=102767.86..196044.17 rows=1329612 width=8) (actual time=2117.143..4739.385 rows=1334883 loops=1)
              Hash Cond: (mc.movie_id = t.id)
              ->  Seq Scan on movie_companies mc  (cost=0.00..51404.11 rows=1329612 width=4) (actual time=0.023..1071.751 rows=1334883 loops=1)
                    Filter: (company_type_id > 1)
                    Rows Removed by Filter: 1274246
              ->  Hash  (cost=61283.27..61283.27 rows=2528527 width=4) (actual time=2115.428..2115.428 rows=2528312 loops=1)
                    Buckets: 131072  Batches: 64  Memory Usage: 2415kB
                    ->  Seq Scan on title t  (cost=0.00..61283.27 rows=2528527 width=4) (actual time=0.012..1244.576 rows=2528312 loops=1)
Planning time: 6.329 ms
Execution time: 12035.770 ms
