Hash Join  (cost=156209.36..223261.40 rows=186528 width=0) (actual time=3411.492..5659.180 rows=501434 loops=1)
  Hash Cond: (mc.movie_id = t.id)
  ->  Seq Scan on movie_companies mc  (cost=0.00..51404.11 rows=1038573 width=4) (actual time=113.454..958.165 rows=1047505 loops=1)
        Filter: (company_id > 15031)
        Rows Removed by Filter: 1561624
  ->  Hash  (cost=148758.81..148758.81 rows=454124 width=8) (actual time=3297.095..3297.095 rows=459925 loops=1)
        Buckets: 131072  Batches: 8  Memory Usage: 3275kB
        ->  Hash Join  (cost=102767.86..148758.81 rows=454124 width=8) (actual time=1906.233..3175.754 rows=459925 loops=1)
              Hash Cond: (mi_idx.movie_id = t.id)
              ->  Seq Scan on movie_info_idx mi_idx  (cost=0.00..25185.44 rows=454124 width=4) (actual time=0.034..524.699 rows=459925 loops=1)
                    Filter: (info_type_id = 100)
                    Rows Removed by Filter: 920110
              ->  Hash  (cost=61283.27..61283.27 rows=2528527 width=4) (actual time=1904.641..1904.641 rows=2528312 loops=1)
                    Buckets: 131072  Batches: 64  Memory Usage: 2415kB
                    ->  Seq Scan on title t  (cost=0.00..61283.27 rows=2528527 width=4) (actual time=0.010..1097.153 rows=2528312 loops=1)
Planning time: 1.225 ms
Execution time: 5726.448 ms
