Hash Join  (cost=190230.21..339245.88 rows=2008055 width=0) (actual time=4378.213..10202.519 rows=8621264 loops=1)
  Hash Cond: (mk.movie_id = t.id)
  ->  Seq Scan on movie_keyword mk  (cost=0.00..81003.12 rows=3679198 width=4) (actual time=0.022..1814.273 rows=3675016 loops=1)
        Filter: (keyword_id > 810)
        Rows Removed by Filter: 848914
  ->  Hash  (cost=167588.78..167588.78 rows=1380035 width=8) (actual time=4376.958..4376.958 rows=1380035 loops=1)
        Buckets: 131072  Batches: 32  Memory Usage: 2726kB
        ->  Hash Join  (cost=102767.86..167588.78 rows=1380035 width=8) (actual time=1894.476..3931.471 rows=1380035 loops=1)
              Hash Cond: (mi_idx.movie_id = t.id)
              ->  Seq Scan on movie_info_idx mi_idx  (cost=0.00..21735.35 rows=1380035 width=4) (actual time=0.021..478.232 rows=1380035 loops=1)
              ->  Hash  (cost=61283.27..61283.27 rows=2528527 width=4) (actual time=1892.954..1892.954 rows=2528312 loops=1)
                    Buckets: 131072  Batches: 64  Memory Usage: 2415kB
                    ->  Seq Scan on title t  (cost=0.00..61283.27 rows=2528527 width=4) (actual time=0.020..1056.857 rows=2528312 loops=1)
Planning time: 1.068 ms
Execution time: 11246.608 ms
