Seq Scan on movie_keyword mk  (cost=0.00..81003.12 rows=1850024 width=0) (actual time=0.024..1421.310 rows=1855309 loops=1)
  Filter: (keyword_id > 7455)
  Rows Removed by Filter: 2668621
Planning time: 0.329 ms
Execution time: 1654.897 ms
