Hash Join  (cost=102767.86..938105.52 rows=1221322 width=0) (actual time=2170.904..18164.552 rows=3835939 loops=1)
  Hash Cond: (ci.movie_id = t.id)
  ->  Seq Scan on cast_info ci  (cost=0.00..796071.18 rows=1221322 width=4) (actual time=0.017..12515.355 rows=3835939 loops=1)
        Filter: ((person_id > 2911418) AND (role_id > 8))
        Rows Removed by Filter: 32408405
  ->  Hash  (cost=61283.27..61283.27 rows=2528527 width=4) (actual time=2169.304..2169.304 rows=2528312 loops=1)
        Buckets: 131072  Batches: 64  Memory Usage: 2415kB
        ->  Seq Scan on title t  (cost=0.00..61283.27 rows=2528527 width=4) (actual time=0.019..1062.717 rows=2528312 loops=1)
Planning time: 0.823 ms
Execution time: 18557.463 ms
