Seq Scan on movie_companies mc  (cost=0.00..57926.93 rows=962497 width=0) (actual time=0.022..1002.852 rows=1127999 loops=1)
  Filter: ((company_id > 1347) AND (company_type_id = 2))
  Rows Removed by Filter: 1481130
Planning time: 0.427 ms
Execution time: 1141.731 ms
