Seq Scan on cast_info ci  (cost=0.00..705507.15 rows=500 width=0) (actual time=2158.624..10223.998 rows=310 loops=1)
  Filter: (person_id = 946208)
  Rows Removed by Filter: 36244034
Planning time: 0.373 ms
Execution time: 10224.139 ms
