Seq Scan on movie_keyword mk  (cost=0.00..81003.12 rows=3612652 width=0) (actual time=0.017..1638.341 rows=3606212 loops=1)
  Filter: (keyword_id > 868)
  Rows Removed by Filter: 917718
Planning time: 0.335 ms
Execution time: 2124.731 ms
