Hash Join  (cost=88463.62..989174.67 rows=4459518 width=0) (actual time=7567.313..23342.765 rows=4623285 loops=1)
  Hash Cond: (ci.movie_id = t.id)
  ->  Seq Scan on cast_info ci  (cost=0.00..705507.15 rows=12726058 width=4) (actual time=6073.637..14492.146 rows=12670688 loops=1)
        Filter: (role_id = 1)
        Rows Removed by Filter: 23573656
  ->  Hash  (cost=73925.90..73925.90 rows=886057 width=4) (actual time=1492.552..1492.552 rows=800705 loops=1)
        Buckets: 131072  Batches: 16  Memory Usage: 2785kB
        ->  Seq Scan on title t  (cost=0.00..73925.90 rows=886057 width=4) (actual time=0.030..1233.801 rows=800705 loops=1)
              Filter: ((kind_id < 7) AND (production_year > 1954))
              Rows Removed by Filter: 1727607
Planning time: 0.763 ms
Execution time: 23845.330 ms
