Hash Join  (cost=76911.69..202880.69 rows=325596 width=0) (actual time=1701.773..4964.998 rows=295308 loops=1)
  Hash Cond: (mk.movie_id = t.id)
  ->  Seq Scan on movie_keyword mk  (cost=0.00..69693.30 rows=4523930 width=4) (actual time=0.016..1542.020 rows=4523930 loops=1)
  ->  Hash  (cost=73925.90..73925.90 rows=181983 width=4) (actual time=1700.821..1700.821 rows=161370 loops=1)
        Buckets: 131072  Batches: 4  Memory Usage: 2456kB
        ->  Seq Scan on title t  (cost=0.00..73925.90 rows=181983 width=4) (actual time=0.021..1112.293 rows=161370 loops=1)
              Filter: ((kind_id < 4) AND (production_year > 2009))
              Rows Removed by Filter: 2366942
Planning time: 0.708 ms
Execution time: 5004.203 ms
