Seq Scan on movie_keyword mk  (cost=0.00..81003.12 rows=246 width=0) (actual time=0.478..1204.006 rows=51 loops=1)
  Filter: (keyword_id = 31292)
  Rows Removed by Filter: 4523879
Planning time: 0.366 ms
Execution time: 1204.136 ms
