Nested Loop  (cost=0.43..83072.90 rows=35 width=0) (actual time=420.712..1193.083 rows=2 loops=1)
  ->  Seq Scan on movie_keyword mk  (cost=0.00..81003.12 rows=246 width=4) (actual time=9.421..1183.865 rows=159 loops=1)
        Filter: (keyword_id = 10030)
        Rows Removed by Filter: 4523771
  ->  Index Scan using title_pkey on title t  (cost=0.43..8.40 rows=1 width=4) (actual time=0.055..0.055 rows=0 loops=159)
        Index Cond: (id = mk.movie_id)
        Filter: ((kind_id > 2) AND (production_year < 1980))
        Rows Removed by Filter: 1
Planning time: 0.649 ms
Execution time: 1193.152 ms
