Hash Join  (cost=218848.70..744662.34 rows=2585079 width=0) (actual time=5874.111..32036.245 rows=70012000 loops=1)
  Hash Cond: (mi.movie_id = t.id)
  ->  Seq Scan on movie_info mi  (cost=0.00..309384.22 rows=14739122 width=4) (actual time=0.015..5951.586 rows=14835720 loops=1)
  ->  Hash  (cost=211572.25..211572.25 rows=443476 width=8) (actual time=5873.084..5873.084 rows=1420267 loops=1)
        Buckets: 131072 (originally 131072)  Batches: 32 (originally 8)  Memory Usage: 3073kB
        ->  Hash Join  (cost=78496.64..211572.25 rows=443476 width=8) (actual time=1389.014..5316.352 rows=1420267 loops=1)
              Hash Cond: (mk.movie_id = t.id)
              ->  Seq Scan on movie_keyword mk  (cost=0.00..81003.12 rows=4025792 width=4) (actual time=0.016..1822.162 rows=4021945 loops=1)
                    Filter: (keyword_id > 359)
                    Rows Removed by Filter: 501985
              ->  Hash  (cost=73925.90..73925.90 rows=278539 width=4) (actual time=1388.078..1388.078 rows=392019 loops=1)
                    Buckets: 131072 (originally 131072)  Batches: 8 (originally 4)  Memory Usage: 3073kB
                    ->  Seq Scan on title t  (cost=0.00..73925.90 rows=278539 width=4) (actual time=0.094..1253.195 rows=392019 loops=1)
                          Filter: ((kind_id < 7) AND (production_year < 1991))
                          Rows Removed by Filter: 2136293
Planning time: 1.210 ms
Execution time: 38822.430 ms
