Seq Scan on movie_keyword mk  (cost=0.00..81003.12 rows=246 width=0) (actual time=25.544..1245.977 rows=29 loops=1)
  Filter: (keyword_id = 75664)
  Rows Removed by Filter: 4523901
Planning time: 0.686 ms
Execution time: 1246.087 ms
