Hash Join  (cost=52284.26..146268.69 rows=5 width=0) (actual time=1368.415..2865.725 rows=77 loops=1)
  Hash Cond: (mk.movie_id = t.id)
  ->  Seq Scan on movie_keyword mk  (cost=0.00..81003.12 rows=3461667 width=4) (actual time=0.019..1552.386 rows=3456153 loops=1)
        Filter: (keyword_id > 1069)
        Rows Removed by Filter: 1067777
  ->  Hash  (cost=52284.21..52284.21 rows=4 width=8) (actual time=851.588..851.588 rows=16 loops=1)
        Buckets: 1024  Batches: 1  Memory Usage: 9kB
        ->  Nested Loop  (cost=0.43..52284.21 rows=4 width=8) (actual time=31.013..851.544 rows=16 loops=1)
              ->  Seq Scan on movie_companies mc  (cost=0.00..51404.11 rows=104 width=4) (actual time=0.311..816.955 rows=750 loops=1)
                    Filter: (company_id = 1627)
                    Rows Removed by Filter: 2608379
              ->  Index Scan using title_pkey on title t  (cost=0.43..8.45 rows=1 width=4) (actual time=0.045..0.045 rows=0 loops=750)
                    Index Cond: (id = mc.movie_id)
                    Filter: ((kind_id > 1) AND (production_year = 2008))
                    Rows Removed by Filter: 1
Planning time: 1.188 ms
Execution time: 2865.876 ms
