Hash Join  (cost=73962.22..438787.48 rows=16934 width=0) (actual time=1208.278..9093.175 rows=105964 loops=1)
  Hash Cond: (mi.movie_id = t.id)
  ->  Seq Scan on movie_info mi  (cost=0.00..309384.22 rows=14739122 width=4) (actual time=0.010..4606.264 rows=14835720 loops=1)
  ->  Hash  (cost=73925.90..73925.90 rows=2905 width=4) (actual time=1199.539..1199.539 rows=10197 loops=1)
        Buckets: 16384 (originally 4096)  Batches: 1 (originally 1)  Memory Usage: 487kB
        ->  Seq Scan on title t  (cost=0.00..73925.90 rows=2905 width=4) (actual time=0.017..1194.587 rows=10197 loops=1)
              Filter: ((kind_id < 7) AND (production_year = 1992))
              Rows Removed by Filter: 2518115
Planning time: 0.727 ms
Execution time: 9111.198 ms
