Hash Join  (cost=178075.36..319549.31 rows=1598191 width=0) (actual time=4220.191..9406.207 rows=6962552 loops=1)
  Hash Cond: (mk.movie_id = t.id)
  ->  Seq Scan on movie_keyword mk  (cost=0.00..69693.30 rows=4523930 width=4) (actual time=0.035..1496.630 rows=4523930 loops=1)
  ->  Hash  (cost=163419.55..163419.55 rows=893265 width=8) (actual time=4219.162..4219.162 rows=919988 loops=1)
        Buckets: 131072  Batches: 16  Memory Usage: 3283kB
        ->  Hash Join  (cost=107924.17..163419.55 rows=893265 width=8) (actual time=2256.264..3936.074 rows=919988 loops=1)
              Hash Cond: (mi_idx.movie_id = t.id)
              ->  Seq Scan on movie_info_idx mi_idx  (cost=0.00..25185.44 rows=919057 width=4) (actual time=0.024..531.548 rows=920110 loops=1)
                    Filter: (info_type_id > 99)
                    Rows Removed by Filter: 459925
              ->  Hash  (cost=67604.59..67604.59 rows=2457567 width=4) (actual time=2255.056..2255.056 rows=2452703 loops=1)
                    Buckets: 131072  Batches: 64  Memory Usage: 2374kB
                    ->  Seq Scan on title t  (cost=0.00..67604.59 rows=2457567 width=4) (actual time=0.020..1469.153 rows=2452703 loops=1)
                          Filter: (production_year < 2014)
                          Rows Removed by Filter: 75609
Planning time: 1.235 ms
Execution time: 10202.103 ms
