Seq Scan on cast_info ci  (cost=0.00..796071.18 rows=10405688 width=0) (actual time=1187.112..15778.805 rows=12670688 loops=1)
  Filter: ((person_id < 2991110) AND (role_id = 1))
  Rows Removed by Filter: 23573656
Planning time: 0.398 ms
Execution time: 17302.482 ms
