Hash Join  (cost=83074.74..110004.13 rows=45 width=0) (actual time=1377.199..1873.550 rows=27 loops=1)
  Hash Cond: (mi_idx.movie_id = t.id)
  ->  Seq Scan on movie_info_idx mi_idx  (cost=0.00..25185.44 rows=464934 width=4) (actual time=0.021..446.355 rows=460185 loops=1)
        Filter: (info_type_id > 100)
        Rows Removed by Filter: 919850
  ->  Hash  (cost=83071.67..83071.67 rows=246 width=8) (actual time=1364.972..1364.972 rows=31 loops=1)
        Buckets: 1024  Batches: 1  Memory Usage: 10kB
        ->  Nested Loop  (cost=0.43..83071.67 rows=246 width=8) (actual time=22.155..1364.913 rows=31 loops=1)
              ->  Seq Scan on movie_keyword mk  (cost=0.00..81003.12 rows=246 width=4) (actual time=22.071..1363.437 rows=31 loops=1)
                    Filter: (keyword_id = 34371)
                    Rows Removed by Filter: 4523899
              ->  Index Only Scan using title_pkey on title t  (cost=0.43..8.40 rows=1 width=4) (actual time=0.040..0.041 rows=1 loops=31)
                    Index Cond: (id = mk.movie_id)
                    Heap Fetches: 31
Planning time: 0.927 ms
Execution time: 1873.676 ms
