Hash Join  (cost=156649.15..255503.92 rows=219997 width=0) (actual time=3106.042..5549.452 rows=899827 loops=1)
  Hash Cond: (mk.movie_id = t.id)
  ->  Seq Scan on movie_keyword mk  (cost=0.00..81003.12 rows=1196447 width=4) (actual time=0.033..1464.820 rows=1205666 loops=1)
        Filter: (keyword_id > 15222)
        Rows Removed by Filter: 3318264
  ->  Hash  (cost=149020.47..149020.47 rows=464934 width=8) (actual time=3104.799..3104.799 rows=460185 loops=1)
        Buckets: 131072  Batches: 8  Memory Usage: 3286kB
        ->  Hash Join  (cost=102767.86..149020.47 rows=464934 width=8) (actual time=1748.275..2972.718 rows=460185 loops=1)
              Hash Cond: (mi_idx.movie_id = t.id)
              ->  Seq Scan on movie_info_idx mi_idx  (cost=0.00..25185.44 rows=464934 width=4) (actual time=0.012..464.798 rows=460185 loops=1)
                    Filter: (info_type_id > 100)
                    Rows Removed by Filter: 919850
              ->  Hash  (cost=61283.27..61283.27 rows=2528527 width=4) (actual time=1747.102..1747.102 rows=2528312 loops=1)
                    Buckets: 131072  Batches: 64  Memory Usage: 2415kB
                    ->  Seq Scan on title t  (cost=0.00..61283.27 rows=2528527 width=4) (actual time=0.015..958.936 rows=2528312 loops=1)
Planning time: 1.134 ms
Execution time: 5660.095 ms
