Hash Join  (cost=88025.26..456652.93 rows=432486 width=0) (actual time=5987.915..8356.274 rows=825738 loops=1)
  Hash Cond: (mi.movie_id = t.id)
  ->  Seq Scan on movie_info mi  (cost=0.00..346232.03 rows=1272478 width=4) (actual time=4407.289..5800.856 rows=1325361 loops=1)
        Filter: (info_type_id = 8)
        Rows Removed by Filter: 13510359
  ->  Hash  (cost=73925.90..73925.90 rows=859388 width=4) (actual time=1579.637..1579.637 rows=774344 loops=1)
        Buckets: 131072  Batches: 16  Memory Usage: 2737kB
        ->  Seq Scan on title t  (cost=0.00..73925.90 rows=859388 width=4) (actual time=0.033..1334.304 rows=774344 loops=1)
              Filter: ((kind_id < 7) AND (production_year > 1961))
              Rows Removed by Filter: 1753968
Planning time: 0.782 ms
Execution time: 8452.962 ms
