Seq Scan on movie_companies mc  (cost=0.00..51404.11 rows=2020257 width=0) (actual time=0.026..1028.092 rows=2022784 loops=1)
  Filter: (company_id > 664)
  Rows Removed by Filter: 586345
Planning time: 0.314 ms
Execution time: 1279.855 ms
