Seq Scan on movie_info mi  (cost=0.00..346232.03 rows=1338312 width=75) (actual time=1402.866..2012.885 rows=1401902 loops=1)
  Filter: (info_type_id = 7)
  Rows Removed by Filter: 13433818
Planning time: 0.457 ms
Execution time: 2058.860 ms
