Hash Join  (cost=69416.72..124623.42 rows=36421 width=144) (actual time=1412.121..3231.477 rows=14811 loops=1)
  Hash Cond: (mi_idx.movie_id = t.id)
  ->  Seq Scan on movie_info_idx mi_idx  (cost=0.00..21735.35 rows=1380035 width=50) (actual time=0.025..429.019 rows=1380035 loops=1)
  ->  Hash  (cost=67604.59..67604.59 rows=66731 width=94) (actual time=1411.474..1411.474 rows=67342 loops=1)
        Buckets: 32768  Batches: 4  Memory Usage: 2132kB
        ->  Seq Scan on title t  (cost=0.00..67604.59 rows=66731 width=94) (actual time=0.021..1380.885 rows=67342 loops=1)
              Filter: (production_year > 2012)
              Rows Removed by Filter: 2460970
Planning time: 0.925 ms
Execution time: 3232.391 ms
