Seq Scan on cast_info ci  (cost=0.00..705507.15 rows=35009059 width=0) (actual time=0.017..39981.566 rows=35128201 loops=1)
  Filter: (person_id > 114218)
  Rows Removed by Filter: 1116143
Planning time: 0.250 ms
Execution time: 46256.169 ms
