Hash Join  (cost=123188.31..251914.14 rows=208214 width=0) (actual time=6249.597..14473.174 rows=2498206 loops=1)
  Hash Cond: (mk.movie_id = t.id)
  ->  Seq Scan on movie_keyword mk  (cost=0.00..81003.12 rows=3901482 width=4) (actual time=0.024..5273.138 rows=3904774 loops=1)
        Filter: (keyword_id > 473)
        Rows Removed by Filter: 619156
  ->  Hash  (cost=120973.54..120973.54 rows=134942 width=8) (actual time=6248.754..6248.754 rows=279362 loops=1)
        Buckets: 131072 (originally 131072)  Batches: 4 (originally 2)  Memory Usage: 3765kB
        ->  Hash Join  (cost=86252.72..120973.54 rows=134942 width=8) (actual time=4187.115..6145.257 rows=279362 loops=1)
              Hash Cond: (mi_idx.movie_id = t.id)
              ->  Seq Scan on movie_info_idx mi_idx  (cost=0.00..25185.44 rows=454124 width=4) (actual time=0.023..1422.456 rows=459925 loops=1)
                    Filter: (info_type_id = 100)
                    Rows Removed by Filter: 920110
              ->  Hash  (cost=73925.90..73925.90 rows=751345 width=4) (actual time=4186.427..4186.427 rows=793943 loops=1)
                    Buckets: 131072  Batches: 16  Memory Usage: 2771kB
                    ->  Seq Scan on title t  (cost=0.00..73925.90 rows=751345 width=4) (actual time=0.029..3838.402 rows=793943 loops=1)
                          Filter: ((kind_id < 7) AND (production_year < 2010))
                          Rows Removed by Filter: 1734369
Planning time: 1.185 ms
Execution time: 14812.850 ms
