Seq Scan on movie_keyword mk  (cost=0.00..81003.12 rows=2738445 width=0) (actual time=0.023..4649.535 rows=2728123 loops=1)
  Filter: (keyword_id > 2901)
  Rows Removed by Filter: 1795807
Planning time: 0.285 ms
Execution time: 5156.764 ms
