Seq Scan on movie_keyword mk  (cost=0.00..81003.12 rows=3588294 width=0) (actual time=0.017..1480.949 rows=3580282 loops=1)
  Filter: (keyword_id < 20100)
  Rows Removed by Filter: 943648
Planning time: 0.327 ms
Execution time: 1903.485 ms
