Hash Join  (cost=657983.22..2431489.88 rows=49966944 width=0) (actual time=36840.526..116922.776 rows=34561828 loops=1)
  Hash Cond: (ci.movie_id = t.id)
  ->  Seq Scan on cast_info ci  (cost=0.00..614943.12 rows=36225612 width=4) (actual time=0.013..43570.680 rows=36244344 loops=1)
  ->  Hash  (cost=600763.42..600763.42 rows=3487664 width=8) (actual time=36838.445..36838.445 rows=1818916 loops=1)
        Buckets: 131072  Batches: 64  Memory Usage: 2089kB
        ->  Hash Join  (cost=83742.85..600763.42 rows=3487664 width=8) (actual time=4326.386..36103.581 rows=1818916 loops=1)
              Hash Cond: (mi.movie_id = t.id)
              ->  Seq Scan on movie_info mi  (cost=0.00..309384.22 rows=14739122 width=4) (actual time=0.015..21248.881 rows=14835720 loops=1)
              ->  Hash  (cost=73925.90..73925.90 rows=598316 width=4) (actual time=4324.359..4324.359 rows=492663 loops=1)
                    Buckets: 131072  Batches: 8  Memory Usage: 3181kB
                    ->  Seq Scan on title t  (cost=0.00..73925.90 rows=598316 width=4) (actual time=0.061..4115.013 rows=492663 loops=1)
                          Filter: ((kind_id > 4) AND (production_year < 1999))
                          Rows Removed by Filter: 2035649
Planning time: 3.818 ms
Execution time: 121694.801 ms
