Hash Join  (cost=164330.42..219030.17 rows=3422 width=0) (actual time=7397.541..10102.533 rows=69 loops=1)
  Hash Cond: (mc.movie_id = t.id)
  ->  Seq Scan on movie_companies mc  (cost=0.00..44881.29 rows=2609129 width=4) (actual time=0.023..2278.829 rows=2609129 loops=1)
  ->  Hash  (cost=164288.97..164288.97 rows=3316 width=8) (actual time=7225.524..7225.524 rows=29 loops=1)
        Buckets: 4096  Batches: 1  Memory Usage: 34kB
        ->  Hash Join  (cost=81282.57..164288.97 rows=3316 width=8) (actual time=6480.303..7222.526 rows=29 loops=1)
              Hash Cond: (mk.movie_id = t.id)
              ->  Seq Scan on movie_keyword mk  (cost=0.00..81003.12 rows=18699 width=4) (actual time=0.221..3232.857 rows=20522 loops=1)
                    Filter: (keyword_id = 382)
                    Rows Removed by Filter: 4503408
              ->  Hash  (cost=73925.90..73925.90 rows=448373 width=4) (actual time=3835.919..3835.919 rows=329492 loops=1)
                    Buckets: 131072  Batches: 8  Memory Usage: 2467kB
                    ->  Seq Scan on title t  (cost=0.00..73925.90 rows=448373 width=4) (actual time=847.878..3697.623 rows=329492 loops=1)
                          Filter: ((production_year < 1992) AND (kind_id = 7))
                          Rows Removed by Filter: 2198820
Planning time: 1.177 ms
Execution time: 10102.669 ms
