Nested Loop  (cost=0.43..83072.29 rows=96 width=0) (actual time=498.812..3466.984 rows=267 loops=1)
  ->  Seq Scan on movie_keyword mk  (cost=0.00..81003.12 rows=246 width=4) (actual time=22.667..3370.463 rows=333 loops=1)
        Filter: (keyword_id = 15470)
        Rows Removed by Filter: 4523597
  ->  Index Scan using title_pkey on title t  (cost=0.43..8.40 rows=1 width=4) (actual time=0.286..0.287 rows=1 loops=333)
        Index Cond: (id = mk.movie_id)
        Filter: (kind_id < 7)
        Rows Removed by Filter: 0
Planning time: 0.704 ms
Execution time: 3467.318 ms
