Hash Join  (cost=106550.52..161378.36 rows=16232 width=0) (actual time=5020.563..7841.923 rows=18518 loops=1)
  Hash Cond: (mc.movie_id = t.id)
  ->  Seq Scan on movie_companies mc  (cost=0.00..44881.29 rows=2609129 width=4) (actual time=0.017..2113.184 rows=2609129 loops=1)
  ->  Hash  (cost=106353.88..106353.88 rows=15731 width=8) (actual time=5019.965..5019.965 rows=7101 loops=1)
        Buckets: 16384  Batches: 1  Memory Usage: 406kB
        ->  Hash Join  (cost=75342.47..106353.88 rows=15731 width=8) (actual time=3677.787..5016.944 rows=7101 loops=1)
              Hash Cond: (mi_idx.movie_id = t.id)
              ->  Seq Scan on movie_info_idx mi_idx  (cost=0.00..25185.44 rows=460978 width=4) (actual time=0.013..1128.931 rows=459925 loops=1)
                    Filter: (info_type_id = 99)
                    Rows Removed by Filter: 920110
              ->  Hash  (cost=73925.90..73925.90 rows=86285 width=4) (actual time=3676.141..3676.141 rows=92628 loops=1)
                    Buckets: 131072  Batches: 2  Memory Usage: 2653kB
                    ->  Seq Scan on title t  (cost=0.00..73925.90 rows=86285 width=4) (actual time=0.020..3639.309 rows=92628 loops=1)
                          Filter: ((kind_id = 7) AND (production_year = 2010))
                          Rows Removed by Filter: 2435684
Planning time: 5.335 ms
Execution time: 7845.285 ms
