Hash Join  (cost=674557.75..2529679.35 rows=57911831 width=0) (actual time=40418.120..194869.332 rows=266851227 loops=1)
  Hash Cond: (ci.movie_id = t.id)
  ->  Seq Scan on cast_info ci  (cost=0.00..614943.12 rows=36225612 width=4) (actual time=0.015..43866.360 rows=36244344 loops=1)
  ->  Hash  (cost=608240.09..608240.09 rows=4042213 width=8) (actual time=40415.965..40415.965 rows=6543970 loops=1)
        Buckets: 131072 (originally 131072)  Batches: 128 (originally 64)  Memory Usage: 3073kB
        ->  Hash Join  (cost=85303.03..608240.09 rows=4042213 width=8) (actual time=4174.870..37616.677 rows=6543970 loops=1)
              Hash Cond: (mi.movie_id = t.id)
              ->  Seq Scan on movie_info mi  (cost=0.00..309384.22 rows=14739122 width=4) (actual time=0.020..19927.914 rows=14835720 loops=1)
              ->  Hash  (cost=73925.90..73925.90 rows=693450 width=4) (actual time=3527.879..3527.879 rows=595167 loops=1)
                    Buckets: 131072  Batches: 16  Memory Usage: 2338kB
                    ->  Seq Scan on title t  (cost=0.00..73925.90 rows=693450 width=4) (actual time=0.033..3256.382 rows=595167 loops=1)
                          Filter: ((kind_id < 7) AND (production_year > 1989))
                          Rows Removed by Filter: 1933145
Planning time: 7.962 ms
Execution time: 232360.253 ms
