Hash Join  (cost=100885.02..187562.22 rows=1916 width=0) (actual time=4826.918..9445.858 rows=5715 loops=1)
  Hash Cond: (mk.movie_id = t.id)
  ->  Seq Scan on movie_keyword mk  (cost=0.00..69693.30 rows=4523930 width=4) (actual time=0.023..3692.047 rows=4523930 loops=1)
  ->  Hash  (cost=100871.63..100871.63 rows=1071 width=8) (actual time=4691.880..4691.880 rows=777 loops=1)
        Buckets: 2048  Batches: 1  Memory Usage: 47kB
        ->  Hash Join  (cost=73950.44..100871.63 rows=1071 width=8) (actual time=3065.696..4691.415 rows=777 loops=1)
              Hash Cond: (mi_idx.movie_id = t.id)
              ->  Seq Scan on movie_info_idx mi_idx  (cost=0.00..21735.35 rows=1380035 width=4) (actual time=0.019..1238.772 rows=1380035 loops=1)
              ->  Hash  (cost=73925.90..73925.90 rows=1963 width=4) (actual time=3064.327..3064.327 rows=7670 loops=1)
                    Buckets: 8192 (originally 2048)  Batches: 1 (originally 1)  Memory Usage: 334kB
                    ->  Seq Scan on title t  (cost=0.00..73925.90 rows=1963 width=4) (actual time=1828.382..3060.771 rows=7670 loops=1)
                          Filter: ((kind_id = 1) AND (production_year = 1915))
                          Rows Removed by Filter: 2520642
Planning time: 1.783 ms
Execution time: 9446.899 ms
