Seq Scan on movie_companies mc  (cost=0.00..57926.93 rows=709936 width=0) (actual time=0.022..3013.554 rows=445937 loops=1)
  Filter: ((company_id < 11930) AND (company_type_id > 1))
  Rows Removed by Filter: 2163192
Planning time: 3.497 ms
Execution time: 3120.602 ms
