Hash Join  (cost=531918.23..1750533.02 rows=4766558 width=0) (actual time=31096.437..101187.201 rows=6592350 loops=1)
  Hash Cond: (ci.movie_id = t.id)
  ->  Seq Scan on cast_info ci  (cost=0.00..614943.12 rows=36225612 width=4) (actual time=0.012..44621.523 rows=36244344 loops=1)
  ->  Hash  (cost=526459.44..526459.44 rows=332703 width=8) (actual time=31095.086..31095.086 rows=409948 loops=1)
        Buckets: 131072  Batches: 8  Memory Usage: 3020kB
        ->  Hash Join  (cost=69090.10..526459.44 rows=332703 width=8) (actual time=3986.355..30902.242 rows=409948 loops=1)
              Hash Cond: (mi.movie_id = t.id)
              ->  Seq Scan on movie_info mi  (cost=0.00..346232.03 rows=9293409 width=4) (actual time=388.910..22173.561 rows=9425200 loops=1)
                    Filter: (info_type_id > 5)
                    Rows Removed by Filter: 5410520
              ->  Hash  (cost=67604.59..67604.59 rows=90521 width=4) (actual time=3596.679..3596.679 rows=90852 loops=1)
                    Buckets: 131072  Batches: 2  Memory Usage: 2632kB
                    ->  Seq Scan on title t  (cost=0.00..67604.59 rows=90521 width=4) (actual time=0.028..3555.235 rows=90852 loops=1)
                          Filter: (kind_id = 2)
                          Rows Removed by Filter: 2437460
Planning time: 3.120 ms
Execution time: 102059.583 ms
