Seq Scan on movie_companies mc  (cost=0.00..57926.93 rows=381566 width=0) (actual time=270.055..2708.119 rows=539370 loops=1)
  Filter: ((company_id < 1618) AND (company_type_id = 1))
  Rows Removed by Filter: 2069759
Planning time: 2.509 ms
Execution time: 2790.769 ms
