Nested Loop  (cost=0.43..83071.67 rows=246 width=0) (actual time=18.742..3467.960 rows=361 loops=1)
  ->  Seq Scan on movie_keyword mk  (cost=0.00..81003.12 rows=246 width=4) (actual time=18.644..3409.305 rows=361 loops=1)
        Filter: (keyword_id = 596)
        Rows Removed by Filter: 4523569
  ->  Index Only Scan using title_pkey on title t  (cost=0.43..8.40 rows=1 width=4) (actual time=0.158..0.159 rows=1 loops=361)
        Index Cond: (id = mk.movie_id)
        Heap Fetches: 361
Planning time: 0.774 ms
Execution time: 3468.295 ms
