Nested Loop  (cost=0.43..796925.39 rows=101 width=0) (actual time=23844.333..34760.008 rows=80 loops=1)
  ->  Seq Scan on cast_info ci  (cost=0.00..796071.18 rows=101 width=4) (actual time=23844.237..34754.535 rows=80 loops=1)
        Filter: ((person_id = 2500936) AND (role_id = 2))
        Rows Removed by Filter: 36244264
  ->  Index Only Scan using title_pkey on title t  (cost=0.43..8.45 rows=1 width=4) (actual time=0.067..0.067 rows=1 loops=80)
        Index Cond: (id = ci.movie_id)
        Heap Fetches: 80
Planning time: 0.734 ms
Execution time: 34760.091 ms
