Seq Scan on cast_info ci  (cost=0.00..796071.18 rows=432685 width=0) (actual time=9747.547..13134.267 rows=170811 loops=1)
  Filter: ((person_id < 1339029) AND (role_id = 9))
  Rows Removed by Filter: 36073533
Planning time: 3.366 ms
Execution time: 13154.815 ms
