Hash Join  (cost=78556.72..837507.67 rows=944938 width=0) (actual time=28968.352..44164.740 rows=892564 loops=1)
  Hash Cond: (ci.movie_id = t.id)
  ->  Seq Scan on cast_info ci  (cost=0.00..705507.15 rows=3579311 width=4) (actual time=25047.822..36974.381 rows=3587228 loops=1)
        Filter: (person_id > 3412078)
        Rows Removed by Filter: 32657116
  ->  Hash  (cost=67604.59..67604.59 rows=667531 width=4) (actual time=3915.338..3915.338 rows=662825 loops=1)
        Buckets: 131072  Batches: 16  Memory Usage: 2476kB
        ->  Seq Scan on title t  (cost=0.00..67604.59 rows=667531 width=4) (actual time=0.028..3429.541 rows=662825 loops=1)
              Filter: (kind_id = 1)
              Rows Removed by Filter: 1865487
Planning time: 0.679 ms
Execution time: 44285.705 ms
