Hash Join  (cost=100948.70..880157.98 rows=19176 width=0) (actual time=5202.034..49556.503 rows=22857 loops=1)
  Hash Cond: (ci.movie_id = t.id)
  ->  Seq Scan on cast_info ci  (cost=0.00..705507.15 rows=19602753 width=4) (actual time=0.018..39245.893 rows=19767827 loops=1)
        Filter: (person_id > 1631470)
        Rows Removed by Filter: 16476517
  ->  Hash  (cost=100917.78..100917.78 rows=2474 width=8) (actual time=5196.487..5196.487 rows=2865 loops=1)
        Buckets: 4096  Batches: 1  Memory Usage: 144kB
        ->  Hash Join  (cost=73982.55..100917.78 rows=2474 width=8) (actual time=3737.323..5195.384 rows=2865 loops=1)
              Hash Cond: (mi_idx.movie_id = t.id)
              ->  Seq Scan on movie_info_idx mi_idx  (cost=0.00..21735.35 rows=1380035 width=4) (actual time=0.012..1374.034 rows=1380035 loops=1)
              ->  Hash  (cost=73925.90..73925.90 rows=4532 width=4) (actual time=3366.300..3366.300 rows=6734 loops=1)
                    Buckets: 8192  Batches: 1  Memory Usage: 301kB
                    ->  Seq Scan on title t  (cost=0.00..73925.90 rows=4532 width=4) (actual time=761.642..3362.680 rows=6734 loops=1)
                          Filter: ((kind_id = 7) AND (production_year = 1961))
                          Rows Removed by Filter: 2521578
Planning time: 1.100 ms
Execution time: 49572.633 ms
