Hash Join  (cost=157643.39..649145.71 rows=1096139 width=0) (actual time=8679.310..43337.111 rows=18808694 loops=1)
  Hash Cond: (mi.movie_id = t.id)
  ->  Seq Scan on movie_info mi  (cost=0.00..309384.22 rows=14739122 width=4) (actual time=0.016..20700.302 rows=14835720 loops=1)
  ->  Hash  (cost=154557.83..154557.83 rows=188045 width=8) (actual time=8678.532..8678.532 rows=661092 loops=1)
        Buckets: 131072 (originally 131072)  Batches: 16 (originally 4)  Memory Usage: 3073kB
        ->  Hash Join  (cost=76915.85..154557.83 rows=188045 width=8) (actual time=3818.858..8439.991 rows=661092 loops=1)
              Hash Cond: (mc.movie_id = t.id)
              ->  Seq Scan on movie_companies mc  (cost=0.00..44881.29 rows=2609129 width=4) (actual time=0.020..3053.330 rows=2609129 loops=1)
              ->  Hash  (cost=73925.90..73925.90 rows=182236 width=4) (actual time=3818.191..3818.191 rows=315565 loops=1)
                    Buckets: 131072  Batches: 4  Memory Usage: 3798kB
                    ->  Seq Scan on title t  (cost=0.00..73925.90 rows=182236 width=4) (actual time=1188.909..3692.767 rows=315565 loops=1)
                          Filter: ((production_year < 1990) AND (kind_id = 1))
                          Rows Removed by Filter: 2212747
Planning time: 34.892 ms
Execution time: 45546.099 ms
