Seq Scan on movie_companies mc  (cost=0.00..57926.93 rows=434424 width=0) (actual time=0.037..2381.907 rows=759966 loops=1)
  Filter: ((company_id > 24317) AND (company_type_id > 1))
  Rows Removed by Filter: 1849163
Planning time: 0.320 ms
Execution time: 2485.639 ms
