Seq Scan on cast_info ci  (cost=0.00..796071.18 rows=1566422 width=0) (actual time=9829.299..12735.344 rows=3635588 loops=1)
  Filter: ((person_id > 2464563) AND (role_id > 9))
  Rows Removed by Filter: 32608756
Planning time: 0.345 ms
Execution time: 13180.102 ms
