Seq Scan on cast_info ci  (cost=0.00..796071.18 rows=7910548 width=0) (actual time=0.021..15048.951 rows=8606340 loops=1)
  Filter: ((person_id > 568062) AND (role_id > 4))
  Rows Removed by Filter: 27638004
Planning time: 0.350 ms
Execution time: 16095.698 ms
