Hash Join  (cost=69374.09..156504.74 rows=20289 width=0) (actual time=1215.785..2851.763 rows=17574 loops=1)
  Hash Cond: (mk.movie_id = t.id)
  ->  Seq Scan on movie_keyword mk  (cost=0.00..81003.12 rows=475904 width=4) (actual time=0.022..1454.554 rows=472325 loops=1)
        Filter: (keyword_id > 37703)
        Rows Removed by Filter: 4051605
  ->  Hash  (cost=67604.59..67604.59 rows=107800 width=4) (actual time=1214.939..1214.939 rows=108429 loops=1)
        Buckets: 131072  Batches: 2  Memory Usage: 2938kB
        ->  Seq Scan on title t  (cost=0.00..67604.59 rows=107800 width=4) (actual time=0.027..1171.859 rows=108429 loops=1)
              Filter: (production_year = 2006)
              Rows Removed by Filter: 2419883
Planning time: 0.761 ms
Execution time: 2854.557 ms
