Hash Join  (cost=74456.54..101462.10 rows=7800 width=0) (actual time=1153.321..1725.545 rows=10711 loops=1)
  Hash Cond: (mi_idx.movie_id = t.id)
  ->  Seq Scan on movie_info_idx mi_idx  (cost=0.00..25185.44 rows=464566 width=4) (actual time=0.015..435.406 rows=459925 loops=1)
        Filter: (info_type_id = 101)
        Rows Removed by Filter: 920110
  ->  Hash  (cost=73925.90..73925.90 rows=42451 width=4) (actual time=1152.948..1152.948 rows=37610 loops=1)
        Buckets: 65536  Batches: 1  Memory Usage: 1835kB
        ->  Seq Scan on title t  (cost=0.00..73925.90 rows=42451 width=4) (actual time=0.308..1137.466 rows=37610 loops=1)
              Filter: ((kind_id < 3) AND (production_year = 2010))
              Rows Removed by Filter: 2490702
Planning time: 0.778 ms
Execution time: 1727.448 ms
