Hash Join  (cost=83073.01..109983.54 rows=5 width=0) (actual time=1549.205..1919.118 rows=64 loops=1)
  Hash Cond: (mi_idx.movie_id = t.id)
  ->  Seq Scan on movie_info_idx mi_idx  (cost=0.00..21735.35 rows=1380035 width=4) (actual time=0.017..297.806 rows=1380035 loops=1)
  ->  Hash  (cost=83072.90..83072.90 rows=9 width=8) (actual time=1366.661..1366.661 rows=59 loops=1)
        Buckets: 1024  Batches: 1  Memory Usage: 11kB
        ->  Nested Loop  (cost=0.43..83072.90 rows=9 width=8) (actual time=2.808..1366.511 rows=59 loops=1)
              ->  Seq Scan on movie_keyword mk  (cost=0.00..81003.12 rows=246 width=4) (actual time=1.487..1302.676 rows=1677 loops=1)
                    Filter: (keyword_id = 5683)
                    Rows Removed by Filter: 4522253
              ->  Index Scan using title_pkey on title t  (cost=0.43..8.40 rows=1 width=4) (actual time=0.037..0.037 rows=0 loops=1677)
                    Index Cond: (id = mk.movie_id)
                    Filter: ((kind_id < 7) AND (production_year > 2011))
                    Rows Removed by Filter: 1
Planning time: 1.089 ms
Execution time: 1919.261 ms
