Hash Join  (cost=74080.42..160959.61 rows=22116 width=0) (actual time=1094.931..2413.137 rows=53174 loops=1)
  Hash Cond: (mk.movie_id = t.id)
  ->  Seq Scan on movie_keyword mk  (cost=0.00..69693.30 rows=4523930 width=4) (actual time=0.016..703.293 rows=4523930 loops=1)
  ->  Hash  (cost=73925.90..73925.90 rows=12361 width=4) (actual time=1093.964..1093.964 rows=9619 loops=1)
        Buckets: 16384  Batches: 1  Memory Usage: 467kB
        ->  Seq Scan on title t  (cost=0.00..73925.90 rows=12361 width=4) (actual time=0.878..1089.144 rows=9619 loops=1)
              Filter: ((kind_id < 4) AND (production_year = 1996))
              Rows Removed by Filter: 2518693
Planning time: 1.711 ms
Execution time: 2418.285 ms
