Hash Join  (cost=79690.18..112130.52 rows=63094 width=0) (actual time=1418.353..1853.594 rows=28186 loops=1)
  Hash Cond: (mi_idx.movie_id = t.id)
  ->  Seq Scan on movie_info_idx mi_idx  (cost=0.00..25185.44 rows=454124 width=4) (actual time=0.015..458.029 rows=459925 loops=1)
        Filter: (info_type_id = 100)
        Rows Removed by Filter: 920110
  ->  Hash  (cost=73925.90..73925.90 rows=351302 width=4) (actual time=1156.064..1156.064 rows=233910 loops=1)
        Buckets: 131072  Batches: 8  Memory Usage: 2039kB
        ->  Seq Scan on title t  (cost=0.00..73925.90 rows=351302 width=4) (actual time=225.731..1084.424 rows=233910 loops=1)
              Filter: ((production_year < 1984) AND (kind_id = 7))
              Rows Removed by Filter: 2294402
Planning time: 0.779 ms
Execution time: 1857.745 ms
