Nested Loop  (cost=0.43..83072.90 rows=23 width=0) (actual time=76.203..1236.546 rows=3 loops=1)
  ->  Seq Scan on movie_keyword mk  (cost=0.00..81003.12 rows=246 width=4) (actual time=7.278..1235.400 rows=16 loops=1)
        Filter: (keyword_id = 16779)
        Rows Removed by Filter: 4523914
  ->  Index Scan using title_pkey on title t  (cost=0.43..8.40 rows=1 width=4) (actual time=0.065..0.065 rows=0 loops=16)
        Index Cond: (id = mk.movie_id)
        Filter: ((kind_id < 6) AND (production_year < 1986))
        Rows Removed by Filter: 1
Planning time: 0.671 ms
Execution time: 1236.657 ms
