Seq Scan on movie_keyword mk  (cost=0.00..81003.12 rows=1062579 width=0) (actual time=0.026..1324.722 rows=1072239 loops=1)
  Filter: (keyword_id > 16471)
  Rows Removed by Filter: 3451691
Planning time: 0.294 ms
Execution time: 1457.041 ms
