Seq Scan on movie_keyword mk  (cost=0.00..81003.12 rows=2491050 width=0) (actual time=0.024..1333.641 rows=2484273 loops=1)
  Filter: (keyword_id < 6036)
  Rows Removed by Filter: 2039657
Planning time: 0.238 ms
Execution time: 1617.604 ms
