Hash Join  (cost=573736.33..1556954.93 rows=4738469 width=0) (actual time=14597.537..40097.762 rows=14643149 loops=1)
  Hash Cond: (ci.movie_id = t.id)
  ->  Seq Scan on cast_info ci  (cost=0.00..705507.15 rows=14835697 width=4) (actual time=0.029..13951.006 rows=14999520 loops=1)
        Filter: (person_id > 2148019)
        Rows Removed by Filter: 21244824
  ->  Hash  (cost=560486.29..560486.29 rows=807603 width=8) (actual time=14594.874..14594.874 rows=2457812 loops=1)
        Buckets: 131072 (originally 131072)  Batches: 64 (originally 16)  Memory Usage: 3980kB
        ->  Hash Join  (cost=76940.37..560486.29 rows=807603 width=8) (actual time=1327.694..13896.248 rows=2457812 loops=1)
              Hash Cond: (mi.movie_id = t.id)
              ->  Seq Scan on movie_info mi  (cost=0.00..346232.03 rows=11115165 width=4) (actual time=0.013..7108.094 rows=11210743 loops=1)
                    Filter: (info_type_id > 3)
                    Rows Removed by Filter: 3624977
              ->  Hash  (cost=73925.90..73925.90 rows=183717 width=4) (actual time=1326.841..1326.841 rows=288223 loops=1)
                    Buckets: 131072  Batches: 4  Memory Usage: 3568kB
                    ->  Seq Scan on title t  (cost=0.00..73925.90 rows=183717 width=4) (actual time=0.039..1221.539 rows=288223 loops=1)
                          Filter: ((kind_id < 7) AND (production_year < 1977))
                          Rows Removed by Filter: 2240089
Planning time: 1.202 ms
Execution time: 41680.686 ms
