Seq Scan on cast_info ci  (cost=0.00..796071.18 rows=7625021 width=0) (actual time=0.024..12895.287 rows=3245111 loops=1)
  Filter: ((person_id < 1145381) AND (role_id > 1))
  Rows Removed by Filter: 32999233
Planning time: 0.372 ms
Execution time: 13301.369 ms
