Hash Join  (cost=82997.89..845637.29 rows=874337 width=0) (actual time=8673.476..16426.611 rows=454949 loops=1)
  Hash Cond: (ci.movie_id = t.id)
  ->  Seq Scan on cast_info ci  (cost=0.00..705507.15 rows=3998100 width=4) (actual time=7210.269..13056.000 rows=4008037 loops=1)
        Filter: (role_id = 3)
        Rows Removed by Filter: 32236307
  ->  Hash  (cost=73925.90..73925.90 rows=552959 width=4) (actual time=1462.011..1462.011 rows=424680 loops=1)
        Buckets: 131072  Batches: 8  Memory Usage: 2881kB
        ->  Seq Scan on title t  (cost=0.00..73925.90 rows=552959 width=4) (actual time=0.031..1321.820 rows=424680 loops=1)
              Filter: ((kind_id > 1) AND (production_year < 1993))
              Rows Removed by Filter: 2103632
Planning time: 0.737 ms
Execution time: 16477.415 ms
