Hash Join  (cost=854138.88..2660981.12 rows=61148609 width=0) (actual time=20161.091..98320.518 rows=174628724 loops=1)
  Hash Cond: (ci.movie_id = t.id)
  ->  Seq Scan on cast_info ci  (cost=0.00..796071.18 rows=15830398 width=4) (actual time=0.016..16665.890 rows=17974344 loops=1)
        Filter: ((person_id < 1994734) AND (role_id < 8))
        Rows Removed by Filter: 18270000
  ->  Hash  (cost=693898.06..693898.06 rows=9767026 width=8) (actual time=20159.783..20159.783 rows=9911754 loops=1)
        Buckets: 131072 (originally 131072)  Batches: 256 (originally 128)  Memory Usage: 4036kB
        ->  Hash Join  (cost=102767.86..693898.06 rows=9767026 width=8) (actual time=2927.724..17394.402 rows=9911754 loops=1)
              Hash Cond: (mi.movie_id = t.id)
              ->  Seq Scan on movie_info mi  (cost=0.00..346232.03 rows=9767026 width=4) (actual time=717.904..6975.466 rows=9911754 loops=1)
                    Filter: (info_type_id > 4)
                    Rows Removed by Filter: 4923966
              ->  Hash  (cost=61283.27..61283.27 rows=2528527 width=4) (actual time=2208.914..2208.914 rows=2528312 loops=1)
                    Buckets: 131072  Batches: 64  Memory Usage: 2425kB
                    ->  Seq Scan on title t  (cost=0.00..61283.27 rows=2528527 width=4) (actual time=0.026..1119.873 rows=2528312 loops=1)
Planning time: 1.170 ms
Execution time: 117867.718 ms
