Hash Join  (cost=146730.98..1276379.19 rows=9330111 width=0) (actual time=3152.400..39122.594 rows=17513970 loops=1)
  Hash Cond: (ci.movie_id = t.id)
  ->  Seq Scan on cast_info ci  (cost=0.00..614943.12 rows=36225612 width=4) (actual time=0.021..13191.714 rows=36244344 loops=1)
  ->  Hash  (cost=136046.53..136046.53 rows=651236 width=8) (actual time=3151.325..3151.325 rows=539725 loops=1)
        Buckets: 131072  Batches: 16  Memory Usage: 2333kB
        ->  Hash Join  (cost=87180.69..136046.53 rows=651236 width=8) (actual time=1609.105..2990.198 rows=539725 loops=1)
              Hash Cond: (mi_idx.movie_id = t.id)
              ->  Seq Scan on movie_info_idx mi_idx  (cost=0.00..21735.35 rows=1380035 width=4) (actual time=0.025..407.604 rows=1380035 loops=1)
              ->  Hash  (cost=67604.59..67604.59 rows=1193208 width=4) (actual time=1608.010..1608.010 rows=1192518 loops=1)
                    Buckets: 131072  Batches: 16  Memory Usage: 3646kB
                    ->  Seq Scan on title t  (cost=0.00..67604.59 rows=1193208 width=4) (actual time=0.016..1232.558 rows=1192518 loops=1)
                          Filter: (production_year > 2003)
                          Rows Removed by Filter: 1335794
Planning time: 1.155 ms
Execution time: 41104.171 ms
