Hash Join  (cost=67865.34..154232.05 rows=11546 width=0) (actual time=1160.456..2856.486 rows=2106 loops=1)
  Hash Cond: (mk.movie_id = t.id)
  ->  Seq Scan on movie_keyword mk  (cost=0.00..81003.12 rows=1399501 width=4) (actual time=0.014..1436.487 rows=1414150 loops=1)
        Filter: (keyword_id < 1941)
        Rows Removed by Filter: 3109780
  ->  Hash  (cost=67604.59..67604.59 rows=20860 width=4) (actual time=1156.658..1156.658 rows=18379 loops=1)
        Buckets: 32768  Batches: 1  Memory Usage: 903kB
        ->  Seq Scan on title t  (cost=0.00..67604.59 rows=20860 width=4) (actual time=299.037..1148.977 rows=18379 loops=1)
              Filter: (production_year < 1908)
              Rows Removed by Filter: 2509933
Planning time: 0.740 ms
Execution time: 2857.101 ms
