Seq Scan on movie_keyword mk  (cost=0.00..81003.12 rows=246 width=0) (actual time=138.710..1331.151 rows=1 loops=1)
  Filter: (keyword_id = 130029)
  Rows Removed by Filter: 4523929
Planning time: 0.316 ms
Execution time: 1331.221 ms
