Hash Join  (cost=190230.21..1083969.33 rows=2959010 width=0) (actual time=6384.172..28003.804 rows=12537695 loops=1)
  Hash Cond: (ci.movie_id = t.id)
  ->  Seq Scan on cast_info ci  (cost=0.00..796071.18 rows=5421556 width=4) (actual time=1939.395..14900.602 rows=11020168 loops=1)
        Filter: ((person_id < 1507753) AND (role_id < 2))
        Rows Removed by Filter: 25224176
  ->  Hash  (cost=167588.78..167588.78 rows=1380035 width=8) (actual time=4442.945..4442.945 rows=1380035 loops=1)
        Buckets: 131072  Batches: 32  Memory Usage: 2708kB
        ->  Hash Join  (cost=102767.86..167588.78 rows=1380035 width=8) (actual time=2033.394..4042.340 rows=1380035 loops=1)
              Hash Cond: (mi_idx.movie_id = t.id)
              ->  Seq Scan on movie_info_idx mi_idx  (cost=0.00..21735.35 rows=1380035 width=4) (actual time=0.036..518.224 rows=1380035 loops=1)
              ->  Hash  (cost=61283.27..61283.27 rows=2528527 width=4) (actual time=2032.513..2032.513 rows=2528312 loops=1)
                    Buckets: 131072  Batches: 64  Memory Usage: 2415kB
                    ->  Seq Scan on title t  (cost=0.00..61283.27 rows=2528527 width=4) (actual time=0.024..1186.313 rows=2528312 loops=1)
Planning time: 1.158 ms
Execution time: 29419.810 ms
