Seq Scan on movie_keyword mk  (cost=0.00..81003.12 rows=3440278 width=0) (actual time=0.029..1540.877 rows=3434742 loops=1)
  Filter: (keyword_id > 1114)
  Rows Removed by Filter: 1089188
Planning time: 0.303 ms
Execution time: 1980.156 ms
