Seq Scan on movie_companies mc  (cost=0.00..57926.93 rows=1069105 width=0) (actual time=0.022..1222.243 rows=1197980 loops=1)
  Filter: ((company_id > 469) AND (company_type_id > 1))
  Rows Removed by Filter: 1411149
Planning time: 0.323 ms
Execution time: 1371.731 ms
