Hash Join  (cost=337739.86..1769845.55 rows=30664192 width=0) (actual time=7700.432..65948.585 rows=107330425 loops=1)
  Hash Cond: (ci.movie_id = t.id)
  ->  Seq Scan on cast_info ci  (cost=0.00..796071.18 rows=20548612 width=4) (actual time=0.022..19112.454 rows=24130698 loops=1)
        Filter: ((person_id < 3130021) AND (role_id < 4))
        Rows Removed by Filter: 12113646
  ->  Hash  (cost=275834.13..275834.13 rows=3773259 width=8) (actual time=7698.423..7698.423 rows=3583850 loops=1)
        Buckets: 131072  Batches: 64  Memory Usage: 3161kB
        ->  Hash Join  (cost=102205.59..275834.13 rows=3773259 width=8) (actual time=1963.052..6719.471 rows=3583850 loops=1)
              Hash Cond: (mk.movie_id = t.id)
              ->  Seq Scan on movie_keyword mk  (cost=0.00..69693.30 rows=4523930 width=4) (actual time=0.025..1533.477 rows=4523930 loops=1)
              ->  Hash  (cost=67604.59..67604.59 rows=2108960 width=4) (actual time=1961.852..1961.852 rows=2104137 loops=1)
                    Buckets: 131072  Batches: 32  Memory Usage: 3350kB
                    ->  Seq Scan on title t  (cost=0.00..67604.59 rows=2108960 width=4) (actual time=0.018..1288.841 rows=2104137 loops=1)
                          Filter: (production_year > 1968)
                          Rows Removed by Filter: 424175
Planning time: 1.184 ms
Execution time: 77608.847 ms
