Seq Scan on movie_keyword mk  (cost=0.00..81003.12 rows=246 width=0) (actual time=5.951..1111.627 rows=290 loops=1)
  Filter: (keyword_id = 62431)
  Rows Removed by Filter: 4523640
Planning time: 0.374 ms
Execution time: 1111.852 ms
