Seq Scan on movie_keyword mk  (cost=0.00..81003.12 rows=759312 width=0) (actual time=0.019..1318.049 rows=765347 loops=1)
  Filter: (keyword_id > 24425)
  Rows Removed by Filter: 3758583
Planning time: 0.292 ms
Execution time: 1413.560 ms
