Nested Loop  (cost=0.43..83072.90 rows=61 width=0) (actual time=9.261..1335.060 rows=51 loops=1)
  ->  Seq Scan on movie_keyword mk  (cost=0.00..81003.12 rows=246 width=4) (actual time=8.599..1290.032 rows=691 loops=1)
        Filter: (keyword_id = 15267)
        Rows Removed by Filter: 4523239
  ->  Index Scan using title_pkey on title t  (cost=0.43..8.40 rows=1 width=4) (actual time=0.064..0.064 rows=0 loops=691)
        Index Cond: (id = mk.movie_id)
        Filter: ((kind_id > 1) AND (production_year < 1996))
        Rows Removed by Filter: 1
Planning time: 0.732 ms
Execution time: 1335.237 ms
