Nested Loop  (cost=0.43..709673.15 rows=200 width=0) (actual time=3217.515..11543.933 rows=23 loops=1)
  ->  Seq Scan on cast_info ci  (cost=0.00..705507.15 rows=500 width=4) (actual time=3217.428..11541.091 rows=24 loops=1)
        Filter: (person_id = 885776)
        Rows Removed by Filter: 36244320
  ->  Index Scan using title_pkey on title t  (cost=0.43..8.32 rows=1 width=4) (actual time=0.115..0.115 rows=1 loops=24)
        Index Cond: (id = ci.movie_id)
        Filter: (production_year > 2005)
        Rows Removed by Filter: 0
Planning time: 0.798 ms
Execution time: 11544.040 ms
