Seq Scan on movie_keyword mk  (cost=0.00..81003.12 rows=1293028 width=0) (actual time=0.020..1335.813 rows=1304238 loops=1)
  Filter: (keyword_id > 13476)
  Rows Removed by Filter: 3219692
Planning time: 0.325 ms
Execution time: 1496.641 ms
