Seq Scan on movie_keyword mk  (cost=0.00..81003.12 rows=246 width=0) (actual time=19.801..1201.273 rows=88 loops=1)
  Filter: (keyword_id = 21864)
  Rows Removed by Filter: 4523842
Planning time: 0.373 ms
Execution time: 1201.426 ms
