Seq Scan on movie_keyword mk  (cost=0.00..81003.12 rows=1701551 width=0) (actual time=0.016..1449.900 rows=1711869 loops=1)
  Filter: (keyword_id > 8371)
  Rows Removed by Filter: 2812061
Planning time: 0.339 ms
Execution time: 1667.019 ms
