Seq Scan on movie_companies mc  (cost=0.00..51404.11 rows=1446171 width=0) (actual time=0.042..941.253 rows=1450700 loops=1)
  Filter: (company_id > 9368)
  Rows Removed by Filter: 1158429
Planning time: 0.336 ms
Execution time: 1137.543 ms
