Seq Scan on cast_info ci  (cost=0.00..796071.18 rows=382 width=0) (actual time=1394.944..14957.657 rows=66 loops=1)
  Filter: ((role_id < 6) AND (person_id = 1114979))
  Rows Removed by Filter: 36244278
Planning time: 0.403 ms
Execution time: 14957.800 ms
