Seq Scan on movie_companies mc  (cost=0.00..57926.93 rows=1030744 width=0) (actual time=361.834..1062.309 rows=906025 loops=1)
  Filter: ((company_id > 452) AND (company_type_id < 2))
  Rows Removed by Filter: 1703104
Planning time: 0.361 ms
Execution time: 1174.532 ms
