Seq Scan on movie_companies mc  (cost=0.00..57926.93 rows=309741 width=0) (actual time=272.365..890.096 rows=169566 loops=1)
  Filter: ((company_id < 702) AND (company_type_id = 2))
  Rows Removed by Filter: 2439563
Planning time: 0.383 ms
Execution time: 911.533 ms
