Hash Join  (cost=174164.03..1010983.08 rows=721608 width=0) (actual time=9317.283..16428.259 rows=1550 loops=1)
  Hash Cond: (ci.movie_id = t.id)
  ->  Seq Scan on cast_info ci  (cost=0.00..796071.18 rows=2669010 width=4) (actual time=5291.133..12331.851 rows=2240 loops=1)
        Filter: ((person_id < 1303755) AND (role_id = 2))
        Rows Removed by Filter: 36242104
  ->  Hash  (cost=162947.71..162947.71 rows=683626 width=8) (actual time=4020.575..4020.575 rows=524576 loops=1)
        Buckets: 131072  Batches: 16  Memory Usage: 2280kB
        ->  Hash Join  (cost=78473.92..162947.71 rows=683626 width=8) (actual time=1417.844..3854.589 rows=524576 loops=1)
              Hash Cond: (mc.movie_id = t.id)
              ->  Seq Scan on movie_companies mc  (cost=0.00..44881.29 rows=2609129 width=4) (actual time=0.026..901.249 rows=2609129 loops=1)
              ->  Hash  (cost=67604.59..67604.59 rows=662507 width=4) (actual time=1417.097..1417.097 rows=662065 loops=1)
                    Buckets: 131072  Batches: 16  Memory Usage: 2481kB
                    ->  Seq Scan on title t  (cost=0.00..67604.59 rows=662507 width=4) (actual time=0.028..1141.886 rows=662065 loops=1)
                          Filter: (production_year > 2008)
                          Rows Removed by Filter: 1866247
Planning time: 1.145 ms
Execution time: 16428.946 ms
