Hash Join  (cost=77134.53..108815.41 rows=35932 width=0) (actual time=1246.192..1985.483 rows=79321 loops=1)
  Hash Cond: (mi_idx.movie_id = t.id)
  ->  Seq Scan on movie_info_idx mi_idx  (cost=0.00..25185.44 rows=464566 width=4) (actual time=0.023..475.771 rows=459925 loops=1)
        Filter: (info_type_id = 101)
        Rows Removed by Filter: 920110
  ->  Hash  (cost=73925.90..73925.90 rows=195570 width=4) (actual time=1245.260..1245.260 rows=300646 loops=1)
        Buckets: 131072  Batches: 4  Memory Usage: 3670kB
        ->  Seq Scan on title t  (cost=0.00..73925.90 rows=195570 width=4) (actual time=0.050..1143.168 rows=300646 loops=1)
              Filter: ((kind_id < 7) AND (production_year < 1979))
              Rows Removed by Filter: 2227666
Planning time: 0.890 ms
Execution time: 1995.672 ms
