Hash Join  (cost=83074.74..137369.60 rows=75 width=0) (actual time=1454.337..2321.920 rows=735 loops=1)
  Hash Cond: (mc.movie_id = t.id)
  ->  Seq Scan on movie_companies mc  (cost=0.00..51404.11 rows=770664 width=4) (actual time=93.394..850.620 rows=775591 loops=1)
        Filter: (company_id > 33186)
        Rows Removed by Filter: 1833538
  ->  Hash  (cost=83071.67..83071.67 rows=246 width=8) (actual time=1357.839..1357.839 rows=582 loops=1)
        Buckets: 1024  Batches: 1  Memory Usage: 31kB
        ->  Nested Loop  (cost=0.43..83071.67 rows=246 width=8) (actual time=2.700..1357.334 rows=582 loops=1)
              ->  Seq Scan on movie_keyword mk  (cost=0.00..81003.12 rows=246 width=4) (actual time=2.633..1341.390 rows=582 loops=1)
                    Filter: (keyword_id = 2967)
                    Rows Removed by Filter: 4523348
              ->  Index Only Scan using title_pkey on title t  (cost=0.43..8.40 rows=1 width=4) (actual time=0.024..0.025 rows=1 loops=582)
                    Index Cond: (id = mk.movie_id)
                    Heap Fetches: 582
Planning time: 1.200 ms
Execution time: 2322.218 ms
