Seq Scan on movie_keyword mk  (cost=0.00..81003.12 rows=246 width=0) (actual time=63.843..1324.116 rows=34 loops=1)
  Filter: (keyword_id = 30062)
  Rows Removed by Filter: 4523896
Planning time: 0.377 ms
Execution time: 1324.235 ms
