Seq Scan on movie_companies mc  (cost=0.00..51404.11 rows=104 width=0) (actual time=1.934..838.867 rows=34 loops=1)
  Filter: (company_id = 12690)
  Rows Removed by Filter: 2609095
Planning time: 0.381 ms
Execution time: 838.955 ms
