Seq Scan on movie_companies mc  (cost=0.00..51404.11 rows=1216004 width=0) (actual time=62.931..1013.750 rows=1228829 loops=1)
  Filter: (company_id > 11930)
  Rows Removed by Filter: 1380300
Planning time: 0.322 ms
Execution time: 1166.291 ms
