Hash Join  (cost=192337.83..643391.21 rows=1595990 width=0) (actual time=4251.203..18886.772 rows=19779434 loops=1)
  Hash Cond: (mi.movie_id = t.id)
  ->  Seq Scan on movie_info mi  (cost=0.00..346232.03 rows=7503588 width=4) (actual time=87.722..6805.326 rows=7548855 loops=1)
        Filter: (info_type_id > 7)
        Rows Removed by Filter: 7286865
  ->  Hash  (cost=183514.21..183514.21 rows=537810 width=8) (actual time=4162.653..4162.653 rows=746299 loops=1)
        Buckets: 131072 (originally 131072)  Batches: 16 (originally 8)  Memory Usage: 3073kB
        ->  Hash Join  (cost=102767.86..183514.21 rows=537810 width=8) (actual time=1972.447..3955.688 rows=746299 loops=1)
              Hash Cond: (mc.movie_id = t.id)
              ->  Seq Scan on movie_companies mc  (cost=0.00..57926.93 rows=537810 width=4) (actual time=0.023..1020.183 rows=746299 loops=1)
                    Filter: ((company_id < 7221) AND (company_type_id < 2))
                    Rows Removed by Filter: 1862830
              ->  Hash  (cost=61283.27..61283.27 rows=2528527 width=4) (actual time=1970.132..1970.132 rows=2528312 loops=1)
                    Buckets: 131072  Batches: 64  Memory Usage: 2415kB
                    ->  Seq Scan on title t  (cost=0.00..61283.27 rows=2528527 width=4) (actual time=0.019..1145.337 rows=2528312 loops=1)
Planning time: 1.203 ms
Execution time: 20997.218 ms
