Hash Join  (cost=166188.40..222764.52 rows=18597 width=0) (actual time=3220.151..4739.999 rows=162542 loops=1)
  Hash Cond: (mc.movie_id = t.id)
  ->  Seq Scan on movie_companies mc  (cost=0.00..51404.11 rows=1329612 width=4) (actual time=0.024..984.273 rows=1334883 loops=1)
        Filter: (company_type_id = 2)
        Rows Removed by Filter: 1274246
  ->  Hash  (cost=165746.32..165746.32 rows=35366 width=8) (actual time=3219.640..3219.640 rows=136280 loops=1)
        Buckets: 131072 (originally 65536)  Batches: 2 (originally 1)  Memory Usage: 3713kB
        ->  Hash Join  (cost=76113.69..165746.32 rows=35366 width=8) (actual time=1332.895..3166.860 rows=136280 loops=1)
              Hash Cond: (mk.movie_id = t.id)
              ->  Seq Scan on movie_keyword mk  (cost=0.00..81003.12 rows=670625 width=4) (actual time=0.015..1465.864 rows=675568 loops=1)
                    Filter: (keyword_id > 27740)
                    Rows Removed by Filter: 3848362
              ->  Hash  (cost=73925.90..73925.90 rows=133343 width=4) (actual time=1332.012..1332.012 rows=233692 loops=1)
                    Buckets: 131072 (originally 131072)  Batches: 4 (originally 2)  Memory Usage: 3085kB
                    ->  Seq Scan on title t  (cost=0.00..73925.90 rows=133343 width=4) (actual time=0.012..1243.917 rows=233692 loops=1)
                          Filter: ((kind_id < 7) AND (production_year < 1968))
                          Rows Removed by Filter: 2294620
Planning time: 1.183 ms
Execution time: 4759.751 ms
