Hash Join  (cost=498413.15..1660681.21 rows=8097494 width=0) (actual time=11534.924..48645.419 rows=23176921 loops=1)
  Hash Cond: (ci.movie_id = t.id)
  ->  Seq Scan on cast_info ci  (cost=0.00..614943.12 rows=36225612 width=4) (actual time=0.022..12881.458 rows=36244344 loops=1)
  ->  Hash  (cost=489140.15..489140.15 rows=565200 width=8) (actual time=11533.365..11533.365 rows=1490998 loops=1)
        Buckets: 131072 (originally 131072)  Batches: 32 (originally 8)  Memory Usage: 3073kB
        ->  Hash Join  (cost=78641.77..489140.15 rows=565200 width=8) (actual time=1659.005..11057.977 rows=1490998 loops=1)
              Hash Cond: (mi.movie_id = t.id)
              ->  Seq Scan on movie_info mi  (cost=0.00..346232.03 rows=4972096 width=4) (actual time=394.986..6220.069 rows=4923966 loops=1)
                    Filter: (info_type_id < 5)
                    Rows Removed by Filter: 9911754
              ->  Hash  (cost=73925.90..73925.90 rows=287429 width=4) (actual time=1263.065..1263.065 rows=401493 loops=1)
                    Buckets: 131072 (originally 131072)  Batches: 8 (originally 4)  Memory Usage: 3073kB
                    ->  Seq Scan on title t  (cost=0.00..73925.90 rows=287429 width=4) (actual time=0.033..1127.367 rows=401493 loops=1)
                          Filter: ((kind_id < 7) AND (production_year < 1992))
                          Rows Removed by Filter: 2126819
Planning time: 1.273 ms
Execution time: 51198.191 ms
