Hash Join  (cost=169064.06..228491.79 rows=7907 width=0) (actual time=3034.180..4247.207 rows=258570 loops=1)
  Hash Cond: (mc.movie_id = t.id)
  ->  Seq Scan on movie_companies mc  (cost=0.00..57926.93 rows=379127 width=4) (actual time=0.018..927.487 rows=537327 loops=1)
        Filter: ((company_id < 1583) AND (company_type_id = 1))
        Rows Removed by Filter: 2071802
  ->  Hash  (cost=168404.89..168404.89 rows=52734 width=8) (actual time=3033.503..3033.503 rows=137922 loops=1)
        Buckets: 131072 (originally 65536)  Batches: 2 (originally 1)  Memory Usage: 3728kB
        ->  Hash Join  (cost=81720.25..168404.89 rows=52734 width=8) (actual time=1442.136..2983.634 rows=137922 loops=1)
              Hash Cond: (mk.movie_id = t.id)
              ->  Seq Scan on movie_keyword mk  (cost=0.00..81003.12 rows=154979 width=4) (actual time=1.436..1272.823 rows=152386 loops=1)
                    Filter: (keyword_id > 73630)
                    Rows Removed by Filter: 4371544
              ->  Hash  (cost=67604.59..67604.59 rows=860373 width=4) (actual time=1433.744..1433.744 rows=854214 loops=1)
                    Buckets: 131072  Batches: 16  Memory Usage: 2906kB
                    ->  Seq Scan on title t  (cost=0.00..67604.59 rows=860373 width=4) (actual time=0.016..1153.462 rows=854214 loops=1)
                          Filter: (kind_id < 4)
                          Rows Removed by Filter: 1674098
Planning time: 1.211 ms
Execution time: 4277.333 ms
