Hash Join  (cost=206250.02..586302.15 rows=582330 width=0) (actual time=5416.794..20492.641 rows=33994685 loops=1)
  Hash Cond: (mi.movie_id = t.id)
  ->  Seq Scan on movie_info mi  (cost=0.00..346232.03 rows=2194617 width=4) (actual time=0.024..5958.173 rows=2233850 loops=1)
        Filter: (info_type_id > 16)
        Rows Removed by Filter: 12601870
  ->  Hash  (cost=195242.39..195242.39 rows=670930 width=8) (actual time=5415.412..5415.412 rows=1455334 loops=1)
        Buckets: 131072 (originally 131072)  Batches: 32 (originally 16)  Memory Usage: 3073kB
        ->  Hash Join  (cost=83810.17..195242.39 rows=670930 width=8) (actual time=1667.894..4453.526 rows=1455334 loops=1)
              Hash Cond: (mk.movie_id = t.id)
              ->  Seq Scan on movie_keyword mk  (cost=0.00..81003.12 rows=1717545 width=4) (actual time=0.019..1528.153 rows=1725986 loops=1)
                    Filter: (keyword_id > 8204)
                    Rows Removed by Filter: 2797944
              ->  Hash  (cost=67604.59..67604.59 rows=987727 width=4) (actual time=1666.520..1666.520 rows=985048 loops=1)
                    Buckets: 131072  Batches: 16  Memory Usage: 3197kB
                    ->  Seq Scan on title t  (cost=0.00..67604.59 rows=987727 width=4) (actual time=0.022..1352.698 rows=985048 loops=1)
                          Filter: (kind_id < 7)
                          Rows Removed by Filter: 1543264
Planning time: 1.166 ms
Execution time: 24171.652 ms
