Hash Join  (cost=452385.20..532692.48 rows=298573 width=0) (actual time=7893.982..10370.339 rows=1122096 loops=1)
  Hash Cond: (mc.movie_id = t.id)
  ->  Seq Scan on movie_companies mc  (cost=0.00..51404.11 rows=2121188 width=4) (actual time=0.023..1102.195 rows=2118015 loops=1)
        Filter: (company_id < 74674)
        Rows Removed by Filter: 491114
  ->  Hash  (cost=446545.35..446545.35 rows=355908 width=8) (actual time=7893.055..7893.055 rows=618967 loops=1)
        Buckets: 131072  Batches: 8  Memory Usage: 4049kB
        ->  Hash Join  (cost=78556.72..446545.35 rows=355908 width=8) (actual time=4316.603..7707.103 rows=618967 loops=1)
              Hash Cond: (mi.movie_id = t.id)
              ->  Seq Scan on movie_info mi  (cost=0.00..346232.03 rows=1348138 width=4) (actual time=2648.252..5411.060 rows=1298989 loops=1)
                    Filter: (info_type_id = 4)
                    Rows Removed by Filter: 13536731
              ->  Hash  (cost=67604.59..67604.59 rows=667531 width=4) (actual time=1344.429..1344.429 rows=662825 loops=1)
                    Buckets: 131072  Batches: 16  Memory Usage: 2485kB
                    ->  Seq Scan on title t  (cost=0.00..67604.59 rows=667531 width=4) (actual time=271.237..1128.460 rows=662825 loops=1)
                          Filter: (kind_id = 1)
                          Rows Removed by Filter: 1865487
Planning time: 1.246 ms
Execution time: 10506.745 ms
