Seq Scan on cast_info ci  (cost=0.00..796071.18 rows=3896154 width=0) (actual time=3543.548..14509.529 rows=1883845 loops=1)
  Filter: ((person_id < 3416437) AND (role_id = 10))
  Rows Removed by Filter: 34360499
Planning time: 0.464 ms
Execution time: 14738.483 ms
