Hash Join  (cost=85838.47..1226497.39 rows=10401876 width=0) (actual time=1507.523..35198.562 rows=10378138 loops=1)
  Hash Cond: (ci.movie_id = t.id)
  ->  Seq Scan on cast_info ci  (cost=0.00..614943.12 rows=36225612 width=4) (actual time=0.022..13126.198 rows=36244344 loops=1)
  ->  Hash  (cost=73925.90..73925.90 rows=726045 width=4) (actual time=1505.992..1505.992 rows=628133 loops=1)
        Buckets: 131072  Batches: 16  Memory Usage: 2403kB
        ->  Seq Scan on title t  (cost=0.00..73925.90 rows=726045 width=4) (actual time=0.011..1303.636 rows=628133 loops=1)
              Filter: ((kind_id < 7) AND (production_year > 1985))
              Rows Removed by Filter: 1900179
Planning time: 0.791 ms
Execution time: 36457.624 ms
