Hash Join  (cost=145459.16..1175959.19 rows=3365527 width=0) (actual time=3034.647..30636.256 rows=5149995 loops=1)
  Hash Cond: (ci.movie_id = t.id)
  ->  Seq Scan on cast_info ci  (cost=0.00..705507.15 rows=25082024 width=4) (actual time=0.013..14841.356 rows=25176796 loops=1)
        Filter: (person_id > 1085988)
        Rows Removed by Filter: 11067548
  ->  Hash  (cost=139892.16..139892.16 rows=339280 width=8) (actual time=3033.988..3033.988 rows=250045 loops=1)
        Buckets: 131072  Batches: 8  Memory Usage: 2248kB
        ->  Hash Join  (cost=98137.04..139892.16 rows=339280 width=8) (actual time=1830.411..2953.727 rows=250045 loops=1)
              Hash Cond: (mi_idx.movie_id = t.id)
              ->  Seq Scan on movie_info_idx mi_idx  (cost=0.00..25185.44 rows=460978 width=4) (actual time=0.018..462.396 rows=459925 loops=1)
                    Filter: (info_type_id < 100)
                    Rows Removed by Filter: 920110
              ->  Hash  (cost=67604.59..67604.59 rows=1860996 width=4) (actual time=1829.502..1829.502 rows=1865487 loops=1)
                    Buckets: 131072  Batches: 32  Memory Usage: 3079kB
                    ->  Seq Scan on title t  (cost=0.00..67604.59 rows=1860996 width=4) (actual time=0.024..1223.803 rows=1865487 loops=1)
                          Filter: (kind_id > 1)
                          Rows Removed by Filter: 662825
Planning time: 1.196 ms
Execution time: 31228.453 ms
