Hash Join  (cost=190230.21..338778.56 rows=1993040 width=0) (actual time=4438.210..10732.478 rows=8375977 loops=1)
  Hash Cond: (mk.movie_id = t.id)
  ->  Seq Scan on movie_keyword mk  (cost=0.00..81003.12 rows=3651686 width=4) (actual time=0.015..1831.051 rows=3643629 loops=1)
        Filter: (keyword_id < 20958)
        Rows Removed by Filter: 880301
  ->  Hash  (cost=167588.78..167588.78 rows=1380035 width=8) (actual time=4436.818..4436.818 rows=1380035 loops=1)
        Buckets: 131072  Batches: 32  Memory Usage: 2726kB
        ->  Hash Join  (cost=102767.86..167588.78 rows=1380035 width=8) (actual time=1952.533..4002.367 rows=1380035 loops=1)
              Hash Cond: (mi_idx.movie_id = t.id)
              ->  Seq Scan on movie_info_idx mi_idx  (cost=0.00..21735.35 rows=1380035 width=4) (actual time=0.024..507.539 rows=1380035 loops=1)
              ->  Hash  (cost=61283.27..61283.27 rows=2528527 width=4) (actual time=1950.470..1950.470 rows=2528312 loops=1)
                    Buckets: 131072  Batches: 64  Memory Usage: 2415kB
                    ->  Seq Scan on title t  (cost=0.00..61283.27 rows=2528527 width=4) (actual time=0.021..1134.798 rows=2528312 loops=1)
Planning time: 1.340 ms
Execution time: 11747.297 ms
