Seq Scan on movie_keyword mk  (cost=0.00..81003.12 rows=246 width=0) (actual time=18.018..1366.503 rows=103 loops=1)
  Filter: (keyword_id = 30294)
  Rows Removed by Filter: 4523827
Planning time: 1.434 ms
Execution time: 1366.678 ms
