Seq Scan on title t  (cost=0.00..73925.90 rows=231128 width=0) (actual time=0.013..1086.435 rows=341868 loops=1)
  Filter: ((kind_id < 7) AND (production_year < 1985))
  Rows Removed by Filter: 2186444
Planning time: 0.359 ms
Execution time: 1129.695 ms
