Seq Scan on movie_companies mc  (cost=0.00..57926.93 rows=51 width=0) (actual time=108.709..982.454 rows=1854 loops=1)
  Filter: ((company_type_id < 2) AND (company_id = 226))
  Rows Removed by Filter: 2607275
Planning time: 1.305 ms
Execution time: 982.946 ms
