Seq Scan on movie_companies mc  (cost=0.00..57926.93 rows=427540 width=0) (actual time=279.424..874.744 rows=108934 loops=1)
  Filter: ((company_id > 22982) AND (company_type_id < 2))
  Rows Removed by Filter: 2500195
Planning time: 0.380 ms
Execution time: 888.534 ms
