Hash Join  (cost=179837.09..1312180.97 rows=9592471 width=0) (actual time=4402.956..48132.208 rows=47479506 loops=1)
  Hash Cond: (ci.movie_id = t.id)
  ->  Seq Scan on cast_info ci  (cost=0.00..614943.12 rows=36225612 width=4) (actual time=0.021..13616.889 rows=36244344 loops=1)
  ->  Hash  (cost=168851.73..168851.73 rows=669549 width=8) (actual time=4400.628..4400.628 rows=1297289 loops=1)
        Buckets: 131072 (originally 131072)  Batches: 32 (originally 16)  Memory Usage: 3073kB
        ->  Hash Join  (cost=84571.72..168851.73 rows=669549 width=8) (actual time=1416.484..4023.533 rows=1297289 loops=1)
              Hash Cond: (mc.movie_id = t.id)
              ->  Seq Scan on movie_companies mc  (cost=0.00..44881.29 rows=2609129 width=4) (actual time=0.010..901.625 rows=2609129 loops=1)
              ->  Hash  (cost=73925.90..73925.90 rows=648865 width=4) (actual time=1415.711..1415.711 rows=656311 loops=1)
                    Buckets: 131072  Batches: 16  Memory Usage: 2462kB
                    ->  Seq Scan on title t  (cost=0.00..73925.90 rows=648865 width=4) (actual time=336.043..1218.104 rows=656311 loops=1)
                          Filter: ((kind_id < 2) AND (production_year > 0))
                          Rows Removed by Filter: 1872001
Planning time: 1.151 ms
Execution time: 53162.793 ms
