Hash Join  (cost=220316.65..1435018.25 rows=17609643 width=0) (actual time=5189.044..47907.604 rows=47470011 loops=1)
  Hash Cond: (ci.movie_id = t.id)
  ->  Seq Scan on cast_info ci  (cost=0.00..614943.12 rows=36225612 width=4) (actual time=0.015..13815.446 rows=36244344 loops=1)
  ->  Hash  (cost=200150.37..200150.37 rows=1229143 width=8) (actual time=5187.797..5187.797 rows=1274246 loops=1)
        Buckets: 131072  Batches: 32  Memory Usage: 2553kB
        ->  Hash Join  (cost=102767.86..200150.37 rows=1229143 width=8) (actual time=2252.473..4840.104 rows=1274246 loops=1)
              Hash Cond: (mc.movie_id = t.id)
              ->  Seq Scan on movie_companies mc  (cost=0.00..57926.93 rows=1229143 width=4) (actual time=0.015..1218.874 rows=1274246 loops=1)
                    Filter: ((company_id < 155563) AND (company_type_id < 2))
                    Rows Removed by Filter: 1334883
              ->  Hash  (cost=61283.27..61283.27 rows=2528527 width=4) (actual time=2251.509..2251.509 rows=2528312 loops=1)
                    Buckets: 131072  Batches: 64  Memory Usage: 2415kB
                    ->  Seq Scan on title t  (cost=0.00..61283.27 rows=2528527 width=4) (actual time=0.014..1096.015 rows=2528312 loops=1)
Planning time: 1.134 ms
Execution time: 52758.692 ms
