Seq Scan on movie_companies mc  (cost=0.00..51404.11 rows=104 width=0) (actual time=7.789..780.552 rows=67 loops=1)
  Filter: (company_id = 22484)
  Rows Removed by Filter: 2609062
Planning time: 0.364 ms
Execution time: 780.664 ms
