Seq Scan on cast_info ci  (cost=0.00..705507.15 rows=32708709 width=0) (actual time=0.026..14031.669 rows=32851316 loops=1)
  Filter: (person_id > 326210)
  Rows Removed by Filter: 3393028
Planning time: 0.394 ms
Execution time: 18156.502 ms
