Seq Scan on movie_companies mc  (cost=0.00..51404.11 rows=1409833 width=0) (actual time=0.016..966.911 rows=1418210 loops=1)
  Filter: (company_id > 10583)
  Rows Removed by Filter: 1190919
Planning time: 1.723 ms
Execution time: 1145.762 ms
