Hash Join  (cost=95415.26..156896.69 rows=7280 width=0) (actual time=1809.507..2932.701 rows=14094 loops=1)
  Hash Cond: (mc.movie_id = t.id)
  ->  Seq Scan on movie_companies mc  (cost=0.00..57926.93 rows=928450 width=4) (actual time=106.272..1092.517 rows=609175 loops=1)
        Filter: ((company_id < 31129) AND (company_type_id = 2))
        Rows Removed by Filter: 1999954
  ->  Hash  (cost=95167.43..95167.43 rows=19827 width=8) (actual time=1700.039..1700.039 rows=24689 loops=1)
        Buckets: 32768  Batches: 1  Memory Usage: 1221kB
        ->  Hash Join  (cost=68058.67..95167.43 rows=19827 width=8) (actual time=1057.992..1691.117 rows=24689 loops=1)
              Hash Cond: (mi_idx.movie_id = t.id)
              ->  Seq Scan on movie_info_idx mi_idx  (cost=0.00..21735.35 rows=1380035 width=4) (actual time=0.024..301.593 rows=1380035 loops=1)
              ->  Hash  (cost=67604.59..67604.59 rows=36327 width=4) (actual time=1057.598..1057.598 rows=36509 loops=1)
                    Buckets: 65536  Batches: 1  Memory Usage: 1796kB
                    ->  Seq Scan on title t  (cost=0.00..67604.59 rows=36327 width=4) (actual time=0.051..1041.996 rows=36509 loops=1)
                          Filter: (production_year = 1996)
                          Rows Removed by Filter: 2491803
Planning time: 1.122 ms
Execution time: 2934.939 ms
