Hash Join  (cost=190230.21..1134870.45 rows=7495312 width=0) (actual time=7510.563..28387.877 rows=15500900 loops=1)
  Hash Cond: (ci.movie_id = t.id)
  ->  Seq Scan on cast_info ci  (cost=0.00..705507.15 rows=13733057 width=4) (actual time=3323.277..13496.805 rows=13898415 loops=1)
        Filter: (person_id > 2277728)
        Rows Removed by Filter: 22345929
  ->  Hash  (cost=167588.78..167588.78 rows=1380035 width=8) (actual time=4185.780..4185.780 rows=1380035 loops=1)
        Buckets: 131072  Batches: 32  Memory Usage: 2708kB
        ->  Hash Join  (cost=102767.86..167588.78 rows=1380035 width=8) (actual time=2010.112..3838.741 rows=1380035 loops=1)
              Hash Cond: (mi_idx.movie_id = t.id)
              ->  Seq Scan on movie_info_idx mi_idx  (cost=0.00..21735.35 rows=1380035 width=4) (actual time=0.021..461.021 rows=1380035 loops=1)
              ->  Hash  (cost=61283.27..61283.27 rows=2528527 width=4) (actual time=2008.640..2008.640 rows=2528312 loops=1)
                    Buckets: 131072  Batches: 64  Memory Usage: 2415kB
                    ->  Seq Scan on title t  (cost=0.00..61283.27 rows=2528527 width=4) (actual time=0.020..1172.763 rows=2528312 loops=1)
Planning time: 1.249 ms
Execution time: 30035.658 ms
