Hash Join  (cost=58375.71..809169.46 rows=458 width=0) (actual time=861.613..16601.526 rows=403 loops=1)
  Hash Cond: (ci.movie_id = t.id)
  ->  Seq Scan on cast_info ci  (cost=0.00..614943.12 rows=36225612 width=4) (actual time=0.029..9034.660 rows=36244344 loops=1)
  ->  Hash  (cost=58375.31..58375.31 rows=32 width=8) (actual time=849.333..849.333 rows=26 loops=1)
        Buckets: 1024  Batches: 1  Memory Usage: 10kB
        ->  Nested Loop  (cost=0.43..58375.31 rows=32 width=8) (actual time=429.588..849.315 rows=26 loops=1)
              ->  Seq Scan on movie_companies mc  (cost=0.00..57926.93 rows=53 width=4) (actual time=429.507..848.621 rows=31 loops=1)
                    Filter: ((company_id = 4651) AND (company_type_id = 2))
                    Rows Removed by Filter: 2609098
              ->  Index Scan using title_pkey on title t  (cost=0.43..8.45 rows=1 width=4) (actual time=0.021..0.021 rows=1 loops=31)
                    Index Cond: (id = mc.movie_id)
                    Filter: (kind_id = 7)
                    Rows Removed by Filter: 0
Planning time: 1.219 ms
Execution time: 16601.913 ms
