Seq Scan on cast_info ci  (cost=0.00..796071.18 rows=16504628 width=0) (actual time=0.014..16266.312 rows=20591548 loops=1)
  Filter: ((person_id > 1043608) AND (role_id > 1))
  Rows Removed by Filter: 15652796
Planning time: 0.382 ms
Execution time: 18812.543 ms
