Hash Join  (cost=101955.95..484805.14 rows=1116348 width=0) (actual time=5566.476..9481.179 rows=1031268 loops=1)
  Hash Cond: (mi.movie_id = t.id)
  ->  Seq Scan on movie_info mi  (cost=0.00..346232.03 rows=1348138 width=4) (actual time=3483.804..5819.060 rows=1298989 loops=1)
        Filter: (info_type_id = 4)
        Rows Removed by Filter: 13536731
  ->  Hash  (cost=67604.59..67604.59 rows=2093789 width=4) (actual time=2081.721..2081.721 rows=2089788 loops=1)
        Buckets: 131072  Batches: 32  Memory Usage: 3333kB
        ->  Seq Scan on title t  (cost=0.00..67604.59 rows=2093789 width=4) (actual time=0.026..1408.943 rows=2089788 loops=1)
              Filter: (production_year > 1969)
              Rows Removed by Filter: 438524
Planning time: 0.577 ms
Execution time: 9597.661 ms
