Hash Join  (cost=83074.74..109986.57 rows=134 width=0) (actual time=1234.449..1803.622 rows=1556 loops=1)
  Hash Cond: (mi_idx.movie_id = t.id)
  ->  Seq Scan on movie_info_idx mi_idx  (cost=0.00..21735.35 rows=1380035 width=4) (actual time=0.022..325.469 rows=1380035 loops=1)
  ->  Hash  (cost=83071.67..83071.67 rows=246 width=8) (actual time=1229.952..1229.952 rows=602 loops=1)
        Buckets: 1024  Batches: 1  Memory Usage: 32kB
        ->  Nested Loop  (cost=0.43..83071.67 rows=246 width=8) (actual time=1.064..1229.422 rows=602 loops=1)
              ->  Seq Scan on movie_keyword mk  (cost=0.00..81003.12 rows=246 width=4) (actual time=1.011..1204.021 rows=602 loops=1)
                    Filter: (keyword_id = 7794)
                    Rows Removed by Filter: 4523328
              ->  Index Only Scan using title_pkey on title t  (cost=0.43..8.40 rows=1 width=4) (actual time=0.040..0.040 rows=1 loops=602)
                    Index Cond: (id = mk.movie_id)
                    Heap Fetches: 602
Planning time: 1.313 ms
Execution time: 1804.004 ms
