Seq Scan on cast_info ci  (cost=0.00..705507.15 rows=26196335 width=0) (actual time=0.015..13419.107 rows=26208138 loops=1)
  Filter: (person_id < 2712053)
  Rows Removed by Filter: 10036206
Planning time: 1.965 ms
Execution time: 16648.005 ms
