Hash Join  (cost=83074.16..833884.82 rows=2148 width=0) (actual time=1257.990..25895.365 rows=14430 loops=1)
  Hash Cond: (ci.movie_id = t.id)
  ->  Seq Scan on cast_info ci  (cost=0.00..614943.12 rows=36225612 width=4) (actual time=0.016..16821.823 rows=36244344 loops=1)
  ->  Hash  (cost=83072.29..83072.29 rows=150 width=8) (actual time=1255.693..1255.693 rows=291 loops=1)
        Buckets: 1024  Batches: 1  Memory Usage: 20kB
        ->  Nested Loop  (cost=0.43..83072.29 rows=150 width=8) (actual time=729.742..1255.494 rows=291 loops=1)
              ->  Seq Scan on movie_keyword mk  (cost=0.00..81003.12 rows=246 width=4) (actual time=0.486..1195.242 rows=2029 loops=1)
                    Filter: (keyword_id = 4801)
                    Rows Removed by Filter: 4521901
              ->  Index Scan using title_pkey on title t  (cost=0.43..8.40 rows=1 width=4) (actual time=0.029..0.029 rows=0 loops=2029)
                    Index Cond: (id = mk.movie_id)
                    Filter: (kind_id = 7)
                    Rows Removed by Filter: 1
Planning time: 1.080 ms
Execution time: 25899.306 ms
