Seq Scan on movie_info mi  (cost=0.00..346232.03 rows=616095 width=75) (actual time=3946.165..5674.251 rows=598457 loops=1)
  Filter: (info_type_id = 15)
  Rows Removed by Filter: 14237263
Planning time: 0.488 ms
Execution time: 5701.194 ms
