Hash Join  (cost=102767.86..967856.14 rows=2457668 width=0) (actual time=4064.652..19388.537 rows=4990898 loops=1)
  Hash Cond: (ci.movie_id = t.id)
  ->  Seq Scan on cast_info ci  (cost=0.00..796071.18 rows=2457668 width=4) (actual time=2210.667..13047.639 rows=4990898 loops=1)
        Filter: ((person_id < 670005) AND (role_id = 1))
        Rows Removed by Filter: 31253446
  ->  Hash  (cost=61283.27..61283.27 rows=2528527 width=4) (actual time=1852.589..1852.589 rows=2528312 loops=1)
        Buckets: 131072  Batches: 64  Memory Usage: 2415kB
        ->  Seq Scan on title t  (cost=0.00..61283.27 rows=2528527 width=4) (actual time=0.030..1012.046 rows=2528312 loops=1)
Planning time: 0.847 ms
Execution time: 19925.075 ms
