Seq Scan on movie_keyword mk  (cost=0.00..81003.12 rows=947790 width=0) (actual time=0.032..3308.211 rows=962020 loops=1)
  Filter: (keyword_id > 19746)
  Rows Removed by Filter: 3561910
Planning time: 0.315 ms
Execution time: 3463.616 ms
