Hash Join  (cost=92735.26..1114837.20 rows=7063993 width=0) (actual time=13981.725..69259.274 rows=12568847 loops=1)
  Hash Cond: (ci.movie_id = t.id)
  ->  Seq Scan on cast_info ci  (cost=0.00..796071.18 rows=11660965 width=4) (actual time=8969.123..45747.392 rows=18109525 loops=1)
        Filter: ((person_id > 1799850) AND (role_id > 1))
        Rows Removed by Filter: 18134819
  ->  Hash  (cost=67604.59..67604.59 rows=1531734 width=4) (actual time=5011.781..5011.781 rows=1531613 loops=1)
        Buckets: 131072  Batches: 32  Memory Usage: 2708kB
        ->  Seq Scan on title t  (cost=0.00..67604.59 rows=1531734 width=4) (actual time=0.021..4384.314 rows=1531613 loops=1)
              Filter: (production_year > 1997)
              Rows Removed by Filter: 996699
Planning time: 3.121 ms
Execution time: 70823.455 ms
