Nested Loop  (cost=0.43..83072.29 rows=88 width=0) (actual time=4.090..3336.563 rows=181 loops=1)
  ->  Seq Scan on movie_keyword mk  (cost=0.00..81003.12 rows=246 width=4) (actual time=2.668..3182.716 rows=932 loops=1)
        Filter: (keyword_id = 235)
        Rows Removed by Filter: 4522998
  ->  Index Scan using title_pkey on title t  (cost=0.43..8.40 rows=1 width=4) (actual time=0.163..0.163 rows=0 loops=932)
        Index Cond: (id = mk.movie_id)
        Filter: (production_year > 2006)
        Rows Removed by Filter: 1
Planning time: 0.755 ms
Execution time: 3336.868 ms
