Hash Join  (cost=187839.18..1056705.69 rows=905747 width=0) (actual time=9175.834..52483.773 rows=6447994 loops=1)
  Hash Cond: (ci.movie_id = t.id)
  ->  Seq Scan on cast_info ci  (cost=0.00..796071.18 rows=5368230 width=4) (actual time=0.014..34265.519 rows=10917282 loops=1)
        Filter: ((person_id < 1495058) AND (role_id = 1))
        Rows Removed by Filter: 25327062
  ->  Hash  (cost=180839.40..180839.40 rows=426622 width=8) (actual time=9175.041..9175.041 rows=611506 loops=1)
        Buckets: 131072  Batches: 8  Memory Usage: 3988kB
        ->  Hash Join  (cost=102767.86..180839.40 rows=426622 width=8) (actual time=5446.385..8983.061 rows=611506 loops=1)
              Hash Cond: (mc.movie_id = t.id)
              ->  Seq Scan on movie_companies mc  (cost=0.00..57926.93 rows=426622 width=4) (actual time=335.421..2866.295 rows=611506 loops=1)
                    Filter: ((company_id < 2561) AND (company_type_id = 1))
                    Rows Removed by Filter: 1997623
              ->  Hash  (cost=61283.27..61283.27 rows=2528527 width=4) (actual time=5109.619..5109.619 rows=2528312 loops=1)
                    Buckets: 131072  Batches: 64  Memory Usage: 2415kB
                    ->  Seq Scan on title t  (cost=0.00..61283.27 rows=2528527 width=4) (actual time=0.928..4044.816 rows=2528312 loops=1)
Planning time: 12.439 ms
Execution time: 53342.909 ms
