Hash Join  (cost=74242.71..129169.75 rows=26152 width=0) (actual time=2813.978..6043.034 rows=33733 loops=1)
  Hash Cond: (mc.movie_id = t.id)
  ->  Seq Scan on movie_companies mc  (cost=0.00..44881.29 rows=2609129 width=4) (actual time=0.028..2402.843 rows=2609129 loops=1)
  ->  Hash  (cost=73925.90..73925.90 rows=25344 width=4) (actual time=2813.673..2813.673 rows=15457 loops=1)
        Buckets: 32768  Batches: 1  Memory Usage: 800kB
        ->  Seq Scan on title t  (cost=0.00..73925.90 rows=25344 width=4) (actual time=1031.599..2807.235 rows=15457 loops=1)
              Filter: ((kind_id = 1) AND (production_year = 2005))
              Rows Removed by Filter: 2512855
Planning time: 17.517 ms
Execution time: 6048.612 ms
