Seq Scan on movie_companies mc  (cost=0.00..57926.93 rows=611126 width=0) (actual time=97.689..3306.803 rows=884380 loops=1)
  Filter: ((company_id > 12193) AND (company_type_id = 2))
  Rows Removed by Filter: 1724749
Planning time: 0.337 ms
Execution time: 3440.995 ms
