Seq Scan on movie_companies mc  (cost=0.00..57926.93 rows=459387 width=0) (actual time=971.960..2275.344 rows=261848 loops=1)
  Filter: ((company_id < 2853) AND (company_type_id = 2))
  Rows Removed by Filter: 2347281
Planning time: 0.370 ms
Execution time: 2314.394 ms
