Hash Join  (cost=128811.81..882165.34 rows=12366 width=0) (actual time=26644.342..43673.692 rows=56406 loops=1)
  Hash Cond: (ci.movie_id = t.id)
  ->  Seq Scan on cast_info ci  (cost=0.00..705507.15 rows=12726058 width=4) (actual time=20652.228..35060.645 rows=12670688 loops=1)
        Filter: (role_id = 1)
        Rows Removed by Filter: 23573656
  ->  Hash  (cost=128781.10..128781.10 rows=2457 width=8) (actual time=5991.687..5991.687 rows=6214 loops=1)
        Buckets: 8192 (originally 4096)  Batches: 1 (originally 1)  Memory Usage: 307kB
        ->  Hash Join  (cost=67697.55..128781.10 rows=2457 width=8) (actual time=3437.531..5988.385 rows=6214 loops=1)
              Hash Cond: (mc.movie_id = t.id)
              ->  Seq Scan on movie_companies mc  (cost=0.00..57926.93 rows=835211 width=4) (actual time=28.045..2306.266 rows=1046506 loops=1)
                    Filter: ((company_id > 4164) AND (company_type_id > 1))
                    Rows Removed by Filter: 1562623
              ->  Hash  (cost=67604.59..67604.59 rows=7437 width=4) (actual time=3409.175..3409.175 rows=13994 loops=1)
                    Buckets: 16384 (originally 8192)  Batches: 1 (originally 1)  Memory Usage: 620kB
                    ->  Seq Scan on title t  (cost=0.00..67604.59 rows=7437 width=4) (actual time=0.048..3398.933 rows=13994 loops=1)
                          Filter: (production_year = 1976)
                          Rows Removed by Filter: 2514318
Planning time: 23.347 ms
Execution time: 43684.426 ms
