Hash Join  (cost=102767.86..933700.94 rows=1038271 width=0) (actual time=13181.809..49290.891 rows=561218 loops=1)
  Hash Cond: (ci.movie_id = t.id)
  ->  Seq Scan on cast_info ci  (cost=0.00..796071.18 rows=1038271 width=4) (actual time=7814.524..43041.370 rows=561218 loops=1)
        Filter: ((person_id < 3423589) AND (role_id = 9))
        Rows Removed by Filter: 35683126
  ->  Hash  (cost=61283.27..61283.27 rows=2528527 width=4) (actual time=5365.867..5365.867 rows=2528312 loops=1)
        Buckets: 131072  Batches: 64  Memory Usage: 2415kB
        ->  Seq Scan on title t  (cost=0.00..61283.27 rows=2528527 width=4) (actual time=0.025..4078.126 rows=2528312 loops=1)
Planning time: 0.725 ms
Execution time: 49358.197 ms
