Seq Scan on movie_companies mc  (cost=0.00..57926.93 rows=808484 width=0) (actual time=0.021..2698.937 rows=596145 loops=1)
  Filter: ((company_id > 3929) AND (company_type_id < 2))
  Rows Removed by Filter: 2012984
Planning time: 3.292 ms
Execution time: 2798.399 ms
