Hash Join  (cost=69687.24..922916.39 rows=612600 width=0) (actual time=3288.979..54536.021 rows=700423 loops=1)
  Hash Cond: (ci.movie_id = t.id)
  ->  Seq Scan on cast_info ci  (cost=0.00..705507.15 rows=12203201 width=4) (actual time=0.026..43403.804 rows=12113646 loops=1)
        Filter: (role_id > 3)
        Rows Removed by Filter: 24130698
  ->  Hash  (cost=67604.59..67604.59 rows=126932 width=4) (actual time=3288.222..3288.222 rows=122861 loops=1)
        Buckets: 131072  Batches: 2  Memory Usage: 3191kB
        ->  Seq Scan on title t  (cost=0.00..67604.59 rows=126932 width=4) (actual time=0.037..2526.943 rows=122861 loops=1)
              Filter: (production_year = 2008)
              Rows Removed by Filter: 2405451
Planning time: 3.289 ms
Execution time: 54645.089 ms
