Hash Join  (cost=129926.62..519536.19 rows=169568 width=0) (actual time=2546.302..11662.136 rows=1837578 loops=1)
  Hash Cond: (mi.movie_id = t.id)
  ->  Seq Scan on movie_info mi  (cost=0.00..346232.03 rows=11115165 width=4) (actual time=0.011..6182.147 rows=11210743 loops=1)
        Filter: (info_type_id > 3)
        Rows Removed by Filter: 3624977
  ->  Hash  (cost=129444.44..129444.44 rows=38574 width=8) (actual time=2545.824..2545.824 rows=48213 loops=1)
        Buckets: 65536  Batches: 1  Memory Usage: 2396kB
        ->  Hash Join  (cost=74393.18..129444.44 rows=38574 width=8) (actual time=1206.366..2527.855 rows=48213 loops=1)
              Hash Cond: (mc.movie_id = t.id)
              ->  Seq Scan on movie_companies mc  (cost=0.00..44881.29 rows=2609129 width=4) (actual time=0.013..626.361 rows=2609129 loops=1)
              ->  Hash  (cost=73925.90..73925.90 rows=37382 width=4) (actual time=1206.014..1206.014 rows=33190 loops=1)
                    Buckets: 65536  Batches: 1  Memory Usage: 1679kB
                    ->  Seq Scan on title t  (cost=0.00..73925.90 rows=37382 width=4) (actual time=35.761..1192.367 rows=33190 loops=1)
                          Filter: ((kind_id = 1) AND (production_year = 2010))
                          Rows Removed by Filter: 2495122
Planning time: 1.211 ms
Execution time: 11894.588 ms
