Seq Scan on cast_info ci  (cost=0.00..705507.15 rows=7234717 width=0) (actual time=0.022..32382.191 rows=7297800 loops=1)
  Filter: (person_id > 2939650)
  Rows Removed by Filter: 28946544
Planning time: 0.320 ms
Execution time: 33444.197 ms
