Seq Scan on cast_info ci  (cost=0.00..705507.15 rows=500 width=0) (actual time=23344.434..32017.413 rows=18 loops=1)
  Filter: (person_id = 4010117)
  Rows Removed by Filter: 36244326
Planning time: 4.572 ms
Execution time: 32017.496 ms
