Hash Join  (cost=85935.55..856765.86 rows=1250725 width=0) (actual time=10170.862..44971.600 rows=1272083 loops=1)
  Hash Cond: (ci.movie_id = t.id)
  ->  Seq Scan on cast_info ci  (cost=0.00..705507.15 rows=4320508 width=4) (actual time=5901.038..37566.313 rows=4323018 loops=1)
        Filter: (role_id = 10)
        Rows Removed by Filter: 31921326
  ->  Hash  (cost=73925.90..73925.90 rows=731972 width=4) (actual time=4268.774..4268.774 rows=635910 loops=1)
        Buckets: 131072  Batches: 16  Memory Usage: 2421kB
        ->  Seq Scan on title t  (cost=0.00..73925.90 rows=731972 width=4) (actual time=0.040..4017.686 rows=635910 loops=1)
              Filter: ((kind_id < 7) AND (production_year > 1984))
              Rows Removed by Filter: 1892402
Planning time: 0.799 ms
Execution time: 45128.592 ms
