Hash Join  (cost=83074.74..139466.19 rows=129 width=0) (actual time=4198.994..6239.065 rows=913 loops=1)
  Hash Cond: (mc.movie_id = t.id)
  ->  Seq Scan on movie_companies mc  (cost=0.00..51404.11 rows=1329612 width=4) (actual time=576.099..2395.021 rows=1334883 loops=1)
        Filter: (company_type_id = 2)
        Rows Removed by Filter: 1274246
  ->  Hash  (cost=83071.67..83071.67 rows=246 width=8) (actual time=3604.256..3604.256 rows=385 loops=1)
        Buckets: 1024  Batches: 1  Memory Usage: 24kB
        ->  Nested Loop  (cost=0.43..83071.67 rows=246 width=8) (actual time=1.788..3603.781 rows=385 loops=1)
              ->  Seq Scan on movie_keyword mk  (cost=0.00..81003.12 rows=246 width=4) (actual time=1.712..3521.471 rows=385 loops=1)
                    Filter: (keyword_id = 9037)
                    Rows Removed by Filter: 4523545
              ->  Index Only Scan using title_pkey on title t  (cost=0.43..8.40 rows=1 width=4) (actual time=0.210..0.210 rows=1 loops=385)
                    Index Cond: (id = mk.movie_id)
                    Heap Fetches: 385
Planning time: 1.156 ms
Execution time: 6239.357 ms
