Seq Scan on movie_keyword mk  (cost=0.00..81003.12 rows=3679198 width=0) (actual time=0.014..4498.298 rows=3675016 loops=1)
  Filter: (keyword_id > 810)
  Rows Removed by Filter: 848914
Planning time: 0.306 ms
Execution time: 5063.970 ms
