Seq Scan on cast_info ci  (cost=0.00..796071.18 rows=8379805 width=0) (actual time=0.017..30283.484 rows=12670688 loops=1)
  Filter: ((person_id < 2436822) AND (role_id = 1))
  Rows Removed by Filter: 23573656
Planning time: 0.488 ms
Execution time: 32060.062 ms
