Hash Join  (cost=85777.42..231924.35 rows=1981789 width=0) (actual time=1599.275..5416.231 rows=1428290 loops=1)
  Hash Cond: (mk.movie_id = t.id)
  ->  Seq Scan on movie_keyword mk  (cost=0.00..69693.30 rows=4523930 width=4) (actual time=0.014..1356.372 rows=4523930 loops=1)
  ->  Hash  (cost=67604.59..67604.59 rows=1107667 width=4) (actual time=1598.471..1598.471 rows=1107925 loops=1)
        Buckets: 131072  Batches: 16  Memory Usage: 3467kB
        ->  Seq Scan on title t  (cost=0.00..67604.59 rows=1107667 width=4) (actual time=0.032..1243.958 rows=1107925 loops=1)
              Filter: (production_year > 2004)
              Rows Removed by Filter: 1420387
Planning time: 0.607 ms
Execution time: 5587.906 ms
