Seq Scan on movie_companies mc  (cost=0.00..57926.93 rows=503788 width=0) (actual time=0.024..2700.946 rows=296567 loops=1)
  Filter: ((company_id < 4595) AND (company_type_id > 1))
  Rows Removed by Filter: 2312562
Planning time: 0.311 ms
Execution time: 2762.389 ms
