Hash Join  (cost=190440.51..299959.44 rows=382391 width=0) (actual time=9721.813..15442.614 rows=1442452 loops=1)
  Hash Cond: (mk.movie_id = t.id)
  ->  Seq Scan on movie_keyword mk  (cost=0.00..81003.12 rows=1969571 width=4) (actual time=0.026..4556.798 rows=1978035 loops=1)
        Filter: (keyword_id > 6395)
        Rows Removed by Filter: 2545895
  ->  Hash  (cost=182386.11..182386.11 rows=490912 width=8) (actual time=9370.470..9370.470 rows=187458 loops=1)
        Buckets: 131072  Batches: 8  Memory Usage: 1961kB
        ->  Hash Join  (cost=102767.86..182386.11 rows=490912 width=8) (actual time=5721.085..9308.002 rows=187458 loops=1)
              Hash Cond: (mc.movie_id = t.id)
              ->  Seq Scan on movie_companies mc  (cost=0.00..57926.93 rows=490912 width=4) (actual time=186.674..2842.508 rows=187458 loops=1)
                    Filter: ((company_id > 16369) AND (company_type_id < 2))
                    Rows Removed by Filter: 2421671
              ->  Hash  (cost=61283.27..61283.27 rows=2528527 width=4) (actual time=5527.621..5527.621 rows=2528312 loops=1)
                    Buckets: 131072  Batches: 64  Memory Usage: 2415kB
                    ->  Seq Scan on title t  (cost=0.00..61283.27 rows=2528527 width=4) (actual time=0.008..4504.262 rows=2528312 loops=1)
Planning time: 10.708 ms
Execution time: 15647.359 ms
