Seq Scan on cast_info ci  (cost=0.00..796071.18 rows=224 width=0) (actual time=38259.376..40175.958 rows=514 loops=1)
  Filter: ((role_id > 2) AND (person_id = 3124204))
  Rows Removed by Filter: 36243830
Planning time: 3.339 ms
Execution time: 40176.125 ms
