Hash Join  (cost=83074.31..141706.66 rows=124 width=0) (actual time=3622.562..7044.615 rows=576 loops=1)
  Hash Cond: (mc.movie_id = t.id)
  ->  Seq Scan on movie_companies mc  (cost=0.00..51404.11 rows=1927202 width=4) (actual time=0.015..3040.625 rows=1921489 loops=1)
        Filter: (company_id < 47442)
        Rows Removed by Filter: 687640
  ->  Hash  (cost=83072.29..83072.29 rows=162 width=8) (actual time=3620.260..3620.260 rows=181 loops=1)
        Buckets: 1024  Batches: 1  Memory Usage: 16kB
        ->  Nested Loop  (cost=0.43..83072.29 rows=162 width=8) (actual time=4.029..3620.023 rows=181 loops=1)
              ->  Seq Scan on movie_keyword mk  (cost=0.00..81003.12 rows=246 width=4) (actual time=3.982..3281.057 rows=1685 loops=1)
                    Filter: (keyword_id = 434)
                    Rows Removed by Filter: 4522245
              ->  Index Scan using title_pkey on title t  (cost=0.43..8.40 rows=1 width=4) (actual time=0.200..0.200 rows=0 loops=1685)
                    Index Cond: (id = mk.movie_id)
                    Filter: (kind_id > 3)
                    Rows Removed by Filter: 1
Planning time: 1.115 ms
Execution time: 7044.890 ms
