Hash Join  (cost=86907.34..230993.30 rows=1277753 width=0) (actual time=3359.397..9751.459 rows=2545739 loops=1)
  Hash Cond: (mk.movie_id = t.id)
  ->  Seq Scan on movie_keyword mk  (cost=0.00..81003.12 rows=4083280 width=4) (actual time=0.019..3541.607 rows=4070600 loops=1)
        Filter: (keyword_id > 347)
        Rows Removed by Filter: 453330
  ->  Hash  (cost=73925.90..73925.90 rows=791235 width=4) (actual time=3356.982..3356.982 rows=701949 loops=1)
        Buckets: 131072  Batches: 16  Memory Usage: 2575kB
        ->  Seq Scan on title t  (cost=0.00..73925.90 rows=791235 width=4) (actual time=0.033..2920.629 rows=701949 loops=1)
              Filter: ((kind_id < 7) AND (production_year > 1974))
              Rows Removed by Filter: 1826363
Planning time: 0.878 ms
Execution time: 10076.953 ms
