Seq Scan on movie_companies mc  (cost=0.00..51404.11 rows=2530603 width=0) (actual time=0.025..2932.427 rows=2530906 loops=1)
  Filter: (company_id < 171166)
  Rows Removed by Filter: 78223
Planning time: 1.322 ms
Execution time: 3335.734 ms
