Nested Loop  (cost=0.43..799382.33 rows=150 width=0) (actual time=28957.037..35790.355 rows=2 loops=1)
  ->  Seq Scan on cast_info ci  (cost=0.00..796071.18 rows=396 width=4) (actual time=28956.896..35790.159 rows=2 loops=1)
        Filter: ((role_id < 8) AND (person_id = 2755355))
        Rows Removed by Filter: 36244342
  ->  Index Scan using title_pkey on title t  (cost=0.43..8.35 rows=1 width=4) (actual time=0.067..0.068 rows=1 loops=2)
        Index Cond: (id = ci.movie_id)
        Filter: ((kind_id < 7) AND (production_year > 0))
Planning time: 0.737 ms
Execution time: 35790.491 ms
