Seq Scan on movie_companies mc  (cost=0.00..51404.11 rows=104 width=0) (actual time=387.977..2632.411 rows=159 loops=1)
  Filter: (company_id = 71404)
  Rows Removed by Filter: 2608970
Planning time: 0.344 ms
Execution time: 2632.530 ms
