Hash Join  (cost=83074.74..833899.15 rows=3524 width=0) (actual time=3576.910..47433.051 rows=44417 loops=1)
  Hash Cond: (ci.movie_id = t.id)
  ->  Seq Scan on cast_info ci  (cost=0.00..614943.12 rows=36225612 width=4) (actual time=0.012..34302.692 rows=36244344 loops=1)
  ->  Hash  (cost=83071.67..83071.67 rows=246 width=8) (actual time=3576.150..3576.150 rows=759 loops=1)
        Buckets: 1024  Batches: 1  Memory Usage: 38kB
        ->  Nested Loop  (cost=0.43..83071.67 rows=246 width=8) (actual time=0.866..3575.339 rows=759 loops=1)
              ->  Seq Scan on movie_keyword mk  (cost=0.00..81003.12 rows=246 width=4) (actual time=0.816..3435.046 rows=759 loops=1)
                    Filter: (keyword_id = 4509)
                    Rows Removed by Filter: 4523171
              ->  Index Only Scan using title_pkey on title t  (cost=0.43..8.40 rows=1 width=4) (actual time=0.182..0.182 rows=1 loops=759)
                    Index Cond: (id = mk.movie_id)
                    Heap Fetches: 759
Planning time: 1.181 ms
Execution time: 47445.555 ms
