Seq Scan on cast_info ci  (cost=0.00..705507.15 rows=5658507 width=0) (actual time=0.020..30546.806 rows=5720291 loops=1)
  Filter: (person_id > 3075609)
  Rows Removed by Filter: 30524053
Planning time: 0.329 ms
Execution time: 31465.698 ms
