Hash Join  (cost=87180.69..438367.62 rows=8464 width=0) (actual time=13129.445..20344.579 rows=1853 loops=1)
  Hash Cond: (mi.movie_id = t.id)
  ->  Seq Scan on movie_info mi  (cost=0.00..346232.03 rows=17937 width=4) (actual time=7975.003..14770.785 rows=18205 loops=1)
        Filter: (info_type_id = 11)
        Rows Removed by Filter: 14817515
  ->  Hash  (cost=67604.59..67604.59 rows=1193208 width=4) (actual time=5127.758..5127.758 rows=1192518 loops=1)
        Buckets: 131072  Batches: 16  Memory Usage: 3653kB
        ->  Seq Scan on title t  (cost=0.00..67604.59 rows=1193208 width=4) (actual time=0.018..4458.288 rows=1192518 loops=1)
              Filter: (production_year > 2003)
              Rows Removed by Filter: 1335794
Planning time: 0.728 ms
Execution time: 20344.926 ms
