Seq Scan on movie_companies mc  (cost=0.00..57926.93 rows=51 width=0) (actual time=24.311..2380.318 rows=58 loops=1)
  Filter: ((company_type_id < 2) AND (company_id = 25460))
  Rows Removed by Filter: 2609071
Planning time: 0.368 ms
Execution time: 2380.456 ms
