Seq Scan on cast_info ci  (cost=0.00..796071.18 rows=3343437 width=0) (actual time=42.676..33620.341 rows=2063312 loops=1)
  Filter: ((person_id < 716515) AND (role_id > 2))
  Rows Removed by Filter: 34181032
Planning time: 9.130 ms
Execution time: 33941.158 ms
