Seq Scan on cast_info ci  (cost=0.00..796071.18 rows=2220579 width=0) (actual time=1966.697..40032.398 rows=1801592 loops=1)
  Filter: ((person_id < 2974362) AND (role_id = 4))
  Rows Removed by Filter: 34442752
Planning time: 0.437 ms
Execution time: 40290.410 ms
