Hash Join  (cost=218623.66..811435.33 rows=7617068 width=0) (actual time=4827.039..29310.713 rows=34546518 loops=1)
  Hash Cond: (mi.movie_id = t.id)
  ->  Seq Scan on movie_info mi  (cost=0.00..346232.03 rows=14282391 width=4) (actual time=0.021..7303.547 rows=14308956 loops=1)
        Filter: (info_type_id < 103)
        Rows Removed by Filter: 526764
  ->  Hash  (cost=196499.27..196499.27 rows=1348511 width=8) (actual time=4825.927..4825.927 rows=1336305 loops=1)
        Buckets: 131072  Batches: 32  Memory Usage: 2687kB
        ->  Hash Join  (cost=102767.86..196499.27 rows=1348511 width=8) (actual time=1914.530..4456.446 rows=1336305 loops=1)
              Hash Cond: (mc.movie_id = t.id)
              ->  Seq Scan on movie_companies mc  (cost=0.00..51404.11 rows=1348511 width=4) (actual time=0.027..1014.499 rows=1336305 loops=1)
                    Filter: (company_id < 11428)
                    Rows Removed by Filter: 1272824
              ->  Hash  (cost=61283.27..61283.27 rows=2528527 width=4) (actual time=1913.164..1913.164 rows=2528312 loops=1)
                    Buckets: 131072  Batches: 64  Memory Usage: 2415kB
                    ->  Seq Scan on title t  (cost=0.00..61283.27 rows=2528527 width=4) (actual time=0.032..1083.658 rows=2528312 loops=1)
Planning time: 1.205 ms
Execution time: 33262.605 ms
