Hash Join  (cost=76259.21..1130988.74 rows=2037037 width=0) (actual time=3572.459..73328.791 rows=3429863 loops=1)
  Hash Cond: (ci.movie_id = t.id)
  ->  Seq Scan on cast_info ci  (cost=0.00..614943.12 rows=36225612 width=4) (actual time=0.014..44562.013 rows=36244344 loops=1)
  ->  Hash  (cost=73925.90..73925.90 rows=142184 width=4) (actual time=3571.475..3571.475 rows=278391 loops=1)
        Buckets: 131072 (originally 131072)  Batches: 4 (originally 2)  Memory Usage: 3470kB
        ->  Seq Scan on title t  (cost=0.00..73925.90 rows=142184 width=4) (actual time=130.380..3414.809 rows=278391 loops=1)
              Filter: ((production_year < 1982) AND (kind_id = 1))
              Rows Removed by Filter: 2249921
Planning time: 0.782 ms
Execution time: 73834.746 ms
