Hash Join  (cost=915081.49..1385962.02 rows=423159 width=0) (actual time=49306.902..67743.843 rows=752310 loops=1)
  Hash Cond: (mi.movie_id = t.id)
  ->  Seq Scan on movie_info mi  (cost=0.00..346232.03 rows=7235534 width=4) (actual time=0.014..14434.884 rows=7286865 loops=1)
        Filter: (info_type_id < 8)
        Rows Removed by Filter: 7548855
  ->  Hash  (cost=912655.02..912655.02 rows=147877 width=8) (actual time=49306.164..49306.164 rows=170961 loops=1)
        Buckets: 131072 (originally 131072)  Batches: 4 (originally 2)  Memory Usage: 3073kB
        ->  Hash Join  (cost=67976.49..912655.02 rows=147877 width=8) (actual time=26478.455..48876.444 rows=170961 loops=1)
              Hash Cond: (ci.movie_id = t.id)
              ->  Seq Scan on cast_info ci  (cost=0.00..796071.18 rows=12567623 width=4) (actual time=24221.188..41899.903 rows=12670688 loops=1)
                    Filter: ((person_id < 3971371) AND (role_id = 1))
                    Rows Removed by Filter: 23573656
              ->  Hash  (cost=67604.59..67604.59 rows=29752 width=4) (actual time=2256.831..2256.831 rows=30027 loops=1)
                    Buckets: 32768  Batches: 1  Memory Usage: 1312kB
                    ->  Seq Scan on title t  (cost=0.00..67604.59 rows=29752 width=4) (actual time=0.045..2242.582 rows=30027 loops=1)
                          Filter: (production_year = 1994)
                          Rows Removed by Filter: 2498285
Planning time: 15.314 ms
Execution time: 67849.103 ms
