Nested Loop  (cost=0.43..28267.64 rows=6 width=0) (actual time=994.265..1307.274 rows=5 loops=1)
  ->  Seq Scan on movie_info_idx mi_idx  (cost=0.00..25185.44 rows=368 width=4) (actual time=992.960..1279.460 rows=260 loops=1)
        Filter: (info_type_id > 101)
        Rows Removed by Filter: 1379775
  ->  Index Scan using title_pkey on title t  (cost=0.43..8.37 rows=1 width=4) (actual time=0.107..0.107 rows=0 loops=260)
        Index Cond: (id = mi_idx.movie_id)
        Filter: ((kind_id < 7) AND (production_year = 2006))
        Rows Removed by Filter: 1
Planning time: 3.709 ms
Execution time: 1307.363 ms
