Hash Join  (cost=102767.86..928943.94 rows=840548 width=0) (actual time=28061.539..39013.860 rows=578992 loops=1)
  Hash Cond: (ci.movie_id = t.id)
  ->  Seq Scan on cast_info ci  (cost=0.00..796071.18 rows=840548 width=4) (actual time=22771.409..32495.698 rows=578992 loops=1)
        Filter: ((person_id < 729199) AND (role_id = 3))
        Rows Removed by Filter: 35665352
  ->  Hash  (cost=61283.27..61283.27 rows=2528527 width=4) (actual time=5288.814..5288.814 rows=2528312 loops=1)
        Buckets: 131072  Batches: 64  Memory Usage: 2415kB
        ->  Seq Scan on title t  (cost=0.00..61283.27 rows=2528527 width=4) (actual time=0.026..4237.714 rows=2528312 loops=1)
Planning time: 1.949 ms
Execution time: 39087.057 ms
