Hash Join  (cost=190230.21..315346.16 rows=1241660 width=0) (actual time=9807.733..19066.111 rows=5191861 loops=1)
  Hash Cond: (mk.movie_id = t.id)
  ->  Seq Scan on movie_keyword mk  (cost=0.00..81003.12 rows=2274993 width=4) (actual time=0.019..5063.050 rows=2274770 loops=1)
        Filter: (keyword_id < 4801)
        Rows Removed by Filter: 2249160
  ->  Hash  (cost=167588.78..167588.78 rows=1380035 width=8) (actual time=9789.064..9789.064 rows=1380035 loops=1)
        Buckets: 131072  Batches: 32  Memory Usage: 2726kB
        ->  Hash Join  (cost=102767.86..167588.78 rows=1380035 width=8) (actual time=6128.558..9378.423 rows=1380035 loops=1)
              Hash Cond: (mi_idx.movie_id = t.id)
              ->  Seq Scan on movie_info_idx mi_idx  (cost=0.00..21735.35 rows=1380035 width=4) (actual time=0.036..1663.453 rows=1380035 loops=1)
              ->  Hash  (cost=61283.27..61283.27 rows=2528527 width=4) (actual time=6126.828..6126.828 rows=2528312 loops=1)
                    Buckets: 131072  Batches: 64  Memory Usage: 2415kB
                    ->  Seq Scan on title t  (cost=0.00..61283.27 rows=2528527 width=4) (actual time=0.015..4299.441 rows=2528312 loops=1)
Planning time: 3.246 ms
Execution time: 19764.485 ms
