Seq Scan on movie_companies mc  (cost=0.00..57926.93 rows=1182078 width=0) (actual time=280.999..2016.674 rows=1038559 loops=1)
  Filter: ((company_id < 94756) AND (company_type_id > 1))
  Rows Removed by Filter: 1570570
Planning time: 0.303 ms
Execution time: 2144.232 ms
