Hash Join  (cost=460165.69..1406133.21 rows=2741204 width=0) (actual time=23471.502..82712.328 rows=6065801 loops=1)
  Hash Cond: (ci.movie_id = t.id)
  ->  Seq Scan on cast_info ci  (cost=0.00..705507.15 rows=18297692 width=4) (actual time=126.734..45395.990 rows=18189738 loops=1)
        Filter: (person_id < 1805966)
        Rows Removed by Filter: 18054606
  ->  Hash  (cost=453950.67..453950.67 rows=378802 width=8) (actual time=23162.013..23162.013 rows=700757 loops=1)
        Buckets: 131072 (originally 131072)  Batches: 16 (originally 8)  Memory Usage: 3073kB
        ->  Hash Join  (cost=86275.83..453950.67 rows=378802 width=8) (actual time=18807.252..22926.983 rows=700757 loops=1)
              Hash Cond: (mi.movie_id = t.id)
              ->  Seq Scan on movie_info mi  (cost=0.00..346232.03 rows=1272478 width=4) (actual time=14385.677..17001.736 rows=1325361 loops=1)
                    Filter: (info_type_id = 8)
                    Rows Removed by Filter: 13510359
              ->  Hash  (cost=73925.90..73925.90 rows=752714 width=4) (actual time=4420.727..4420.727 rows=657199 loops=1)
                    Buckets: 131072  Batches: 16  Memory Usage: 2477kB
                    ->  Seq Scan on title t  (cost=0.00..73925.90 rows=752714 width=4) (actual time=0.020..4139.289 rows=657199 loops=1)
                          Filter: ((kind_id < 7) AND (production_year > 1981))
                          Rows Removed by Filter: 1871113
Planning time: 5.751 ms
Execution time: 83463.096 ms
