Hash Join  (cost=134703.28..264614.68 rows=649136 width=0) (actual time=5157.813..10048.248 rows=755046 loops=1)
  Hash Cond: (mk.movie_id = t.id)
  ->  Seq Scan on movie_keyword mk  (cost=0.00..69693.30 rows=4523930 width=4) (actual time=0.019..2812.762 rows=4523930 loops=1)
  ->  Hash  (cost=128750.07..128750.07 rows=362817 width=8) (actual time=5155.546..5155.546 rows=217557 loops=1)
        Buckets: 131072  Batches: 8  Memory Usage: 2085kB
        ->  Hash Join  (cost=84832.42..128750.07 rows=362817 width=8) (actual time=3199.134..5074.722 rows=217557 loops=1)
              Hash Cond: (mi_idx.movie_id = t.id)
              ->  Seq Scan on movie_info_idx mi_idx  (cost=0.00..21735.35 rows=1380035 width=4) (actual time=0.023..1045.770 rows=1380035 loops=1)
              ->  Hash  (cost=73925.90..73925.90 rows=664761 width=4) (actual time=3196.545..3196.545 rows=704326 loops=1)
                    Buckets: 131072  Batches: 16  Memory Usage: 2575kB
                    ->  Seq Scan on title t  (cost=0.00..73925.90 rows=664761 width=4) (actual time=0.015..2935.750 rows=704326 loops=1)
                          Filter: ((kind_id > 1) AND (production_year > 2006))
                          Rows Removed by Filter: 1823986
Planning time: 1.192 ms
Execution time: 10131.338 ms
