Hash Join  (cost=102767.86..1320136.45 rows=17097933 width=0) (actual time=5209.947..79376.189 rows=20858663 loops=1)
  Hash Cond: (ci.movie_id = t.id)
  ->  Seq Scan on cast_info ci  (cost=0.00..796071.18 rows=17097933 width=4) (actual time=0.014..52373.339 rows=20858663 loops=1)
        Filter: ((person_id > 950463) AND (role_id > 1))
        Rows Removed by Filter: 15385681
  ->  Hash  (cost=61283.27..61283.27 rows=2528527 width=4) (actual time=5209.126..5209.126 rows=2528312 loops=1)
        Buckets: 131072  Batches: 64  Memory Usage: 2415kB
        ->  Seq Scan on title t  (cost=0.00..61283.27 rows=2528527 width=4) (actual time=0.024..3566.021 rows=2528312 loops=1)
Planning time: 0.781 ms
Execution time: 82099.591 ms
