Hash Join  (cost=510374.62..666142.99 rows=2116498 width=0) (actual time=9297.330..14448.695 rows=4706277 loops=1)
  Hash Cond: (mk.movie_id = t.id)
  ->  Seq Scan on movie_keyword mk  (cost=0.00..81003.12 rows=4205670 width=4) (actual time=0.025..1891.228 rows=4185086 loops=1)
        Filter: (keyword_id > 275)
        Rows Removed by Filter: 338844
  ->  Hash  (cost=489497.65..489497.65 rows=1272478 width=8) (actual time=9295.697..9295.697 rows=1325361 loops=1)
        Buckets: 131072  Batches: 32  Memory Usage: 2648kB
        ->  Hash Join  (cost=102767.86..489497.65 rows=1272478 width=8) (actual time=4708.926..8903.557 rows=1325361 loops=1)
              Hash Cond: (mi.movie_id = t.id)
              ->  Seq Scan on movie_info mi  (cost=0.00..346232.03 rows=1272478 width=4) (actual time=2742.173..5423.778 rows=1325361 loops=1)
                    Filter: (info_type_id = 8)
                    Rows Removed by Filter: 13510359
              ->  Hash  (cost=61283.27..61283.27 rows=2528527 width=4) (actual time=1965.350..1965.350 rows=2528312 loops=1)
                    Buckets: 131072  Batches: 64  Memory Usage: 2425kB
                    ->  Seq Scan on title t  (cost=0.00..61283.27 rows=2528527 width=4) (actual time=0.027..1092.958 rows=2528312 loops=1)
Planning time: 1.127 ms
Execution time: 14998.305 ms
