Hash Join  (cost=131449.39..218608.21 rows=50078 width=0) (actual time=4897.904..9421.865 rows=1045977 loops=1)
  Hash Cond: (mk.movie_id = t.id)
  ->  Seq Scan on movie_keyword mk  (cost=0.00..69693.30 rows=4523930 width=4) (actual time=0.014..3215.575 rows=4523930 loops=1)
  ->  Hash  (cost=131099.52..131099.52 rows=27990 width=8) (actual time=4897.577..4897.577 rows=34794 loops=1)
        Buckets: 65536 (originally 32768)  Batches: 1 (originally 1)  Memory Usage: 1872kB
        ->  Hash Join  (cost=74617.32..131099.52 rows=27990 width=8) (actual time=2667.719..4883.117 rows=34794 loops=1)
              Hash Cond: (mc.movie_id = t.id)
              ->  Seq Scan on movie_companies mc  (cost=0.00..51404.11 rows=1279517 width=4) (actual time=0.025..1871.898 rows=1274246 loops=1)
                    Filter: (company_type_id < 2)
                    Rows Removed by Filter: 1334883
              ->  Hash  (cost=73925.90..73925.90 rows=55313 width=4) (actual time=2667.363..2667.363 rows=49075 loops=1)
                    Buckets: 65536  Batches: 1  Memory Usage: 2238kB
                    ->  Seq Scan on title t  (cost=0.00..73925.90 rows=55313 width=4) (actual time=0.351..2646.266 rows=49075 loops=1)
                          Filter: ((kind_id < 7) AND (production_year = 2010))
                          Rows Removed by Filter: 2479237
Planning time: 1.240 ms
Execution time: 9573.409 ms
