Seq Scan on movie_keyword mk  (cost=0.00..81003.12 rows=246 width=0) (actual time=0.047..3495.036 rows=2278 loops=1)
  Filter: (keyword_id = 720)
  Rows Removed by Filter: 4521652
Planning time: 10.626 ms
Execution time: 3495.998 ms
