Seq Scan on cast_info ci  (cost=0.00..705507.15 rows=24932989 width=0) (actual time=0.017..35966.843 rows=24959867 loops=1)
  Filter: (person_id < 2572156)
  Rows Removed by Filter: 11284477
Planning time: 0.336 ms
Execution time: 39848.128 ms
