Hash Join  (cost=430558.41..527475.51 rows=81725 width=0) (actual time=20690.987..26479.315 rows=2165980 loops=1)
  Hash Cond: (mk.movie_id = t.id)
  ->  Seq Scan on movie_keyword mk  (cost=0.00..81003.12 rows=4025792 width=4) (actual time=0.013..4401.349 rows=4021945 loops=1)
        Filter: (keyword_id > 359)
        Rows Removed by Filter: 501985
  ->  Hash  (cost=429916.79..429916.79 rows=51330 width=8) (actual time=20690.024..20690.024 rows=49819 loops=1)
        Buckets: 65536  Batches: 1  Memory Usage: 2459kB
        ->  Hash Join  (cost=69460.45..429916.79 rows=51330 width=8) (actual time=13051.179..20670.260 rows=49819 loops=1)
              Hash Cond: (mi.movie_id = t.id)
              ->  Seq Scan on movie_info mi  (cost=0.00..346232.03 rows=1147470 width=4) (actual time=8924.657..16501.185 rows=1200370 loops=1)
                    Filter: (info_type_id > 35)
                    Rows Removed by Filter: 13635350
              ->  Hash  (cost=67604.59..67604.59 rows=113109 width=4) (actual time=3624.025..3624.025 rows=119565 loops=1)
                    Buckets: 131072  Batches: 2  Memory Usage: 3121kB
                    ->  Seq Scan on title t  (cost=0.00..67604.59 rows=113109 width=4) (actual time=0.028..3302.591 rows=119565 loops=1)
                          Filter: (production_year = 2007)
                          Rows Removed by Filter: 2408747
Planning time: 6.798 ms
Execution time: 26794.209 ms
