Hash Join  (cost=443366.79..1545130.01 rows=2418129 width=0) (actual time=27451.182..89715.981 rows=3813167 loops=1)
  Hash Cond: (ci.movie_id = t.id)
  ->  Seq Scan on cast_info ci  (cost=0.00..796071.18 rows=15718672 width=4) (actual time=0.014..50492.991 rows=15865247 loops=1)
        Filter: ((person_id > 99192) AND (role_id > 2))
        Rows Removed by Filter: 20379097
  ->  Hash  (cost=436984.49..436984.49 rows=388984 width=8) (actual time=27450.135..27450.135 rows=291483 loops=1)
        Buckets: 131072  Batches: 8  Memory Usage: 2443kB
        ->  Hash Join  (cost=68438.72..436984.49 rows=388984 width=8) (actual time=2508.570..26747.968 rows=291483 loops=1)
              Hash Cond: (mi.movie_id = t.id)
              ->  Seq Scan on movie_info mi  (cost=0.00..309384.22 rows=14739122 width=4) (actual time=0.015..18709.965 rows=14835720 loops=1)
              ->  Hash  (cost=67604.59..67604.59 rows=66731 width=4) (actual time=2504.588..2504.588 rows=67342 loops=1)
                    Buckets: 131072  Batches: 1  Memory Usage: 3392kB
                    ->  Seq Scan on title t  (cost=0.00..67604.59 rows=66731 width=4) (actual time=0.045..2473.993 rows=67342 loops=1)
                          Filter: (production_year > 2012)
                          Rows Removed by Filter: 2460970
Planning time: 1.214 ms
Execution time: 90184.359 ms
