Seq Scan on movie_keyword mk  (cost=0.00..81003.12 rows=3039172 width=0) (actual time=8.127..3299.955 rows=3023188 loops=1)
  Filter: (keyword_id < 10828)
  Rows Removed by Filter: 1500742
Planning time: 0.351 ms
Execution time: 3702.402 ms
