Seq Scan on movie_info mi  (cost=0.00..346232.03 rows=13591652 width=0) (actual time=0.022..17361.273 rows=13631011 loops=1)
  Filter: (info_type_id < 35)
  Rows Removed by Filter: 1204709
Planning time: 0.324 ms
Execution time: 19461.834 ms
