Hash Join  (cost=143939.25..231793.13 rows=119584 width=0) (actual time=3227.297..5355.426 rows=421194 loops=1)
  Hash Cond: (mk.movie_id = t.id)
  ->  Seq Scan on movie_keyword mk  (cost=0.00..69693.30 rows=4523930 width=4) (actual time=0.021..1160.152 rows=4523930 loops=1)
  ->  Hash  (cost=143103.77..143103.77 rows=66838 width=8) (actual time=2676.434..2676.434 rows=92683 loops=1)
        Buckets: 131072 (originally 131072)  Batches: 2 (originally 1)  Memory Usage: 3073kB
        ->  Hash Join  (cost=69090.10..143103.77 rows=66838 width=8) (actual time=1517.555..2645.719 rows=92683 loops=1)
              Hash Cond: (mc.movie_id = t.id)
              ->  Seq Scan on movie_companies mc  (cost=0.00..51404.11 rows=1866982 width=4) (actual time=0.023..1065.160 rows=1871752 loops=1)
                    Filter: (company_id > 1435)
                    Rows Removed by Filter: 737377
              ->  Hash  (cost=67604.59..67604.59 rows=90521 width=4) (actual time=967.481..967.481 rows=90852 loops=1)
                    Buckets: 131072  Batches: 2  Memory Usage: 2626kB
                    ->  Seq Scan on title t  (cost=0.00..67604.59 rows=90521 width=4) (actual time=0.040..930.912 rows=90852 loops=1)
                          Filter: (kind_id = 2)
                          Rows Removed by Filter: 2437460
Planning time: 1.129 ms
Execution time: 5408.630 ms
