Seq Scan on movie_keyword mk  (cost=0.00..81003.12 rows=1944023 width=0) (actual time=0.023..3893.967 rows=1955127 loops=1)
  Filter: (keyword_id < 3402)
  Rows Removed by Filter: 2568803
Planning time: 2.533 ms
Execution time: 4180.794 ms
