Seq Scan on cast_info ci  (cost=0.00..796071.18 rows=60 width=0) (actual time=18214.850..29964.628 rows=58 loops=1)
  Filter: ((person_id = 3192065) AND (role_id = 10))
  Rows Removed by Filter: 36244286
Planning time: 2.881 ms
Execution time: 29964.788 ms
