Hash Join  (cost=58375.85..85286.56 rows=23 width=0) (actual time=1854.380..2937.320 rows=195 loops=1)
  Hash Cond: (mi_idx.movie_id = t.id)
  ->  Seq Scan on movie_info_idx mi_idx  (cost=0.00..21735.35 rows=1380035 width=4) (actual time=0.018..827.423 rows=1380035 loops=1)
  ->  Hash  (cost=58375.31..58375.31 rows=43 width=8) (actual time=1848.291..1848.291 rows=104 loops=1)
        Buckets: 1024  Batches: 1  Memory Usage: 13kB
        ->  Nested Loop  (cost=0.43..58375.31 rows=43 width=8) (actual time=369.517..1848.182 rows=104 loops=1)
              ->  Seq Scan on movie_companies mc  (cost=0.00..57926.93 rows=53 width=4) (actual time=369.449..1842.130 rows=104 loops=1)
                    Filter: ((company_type_id > 1) AND (company_id = 2285))
                    Rows Removed by Filter: 2609025
              ->  Index Scan using title_pkey on title t  (cost=0.43..8.45 rows=1 width=4) (actual time=0.055..0.056 rows=1 loops=104)
                    Index Cond: (id = mc.movie_id)
                    Filter: (production_year < 2011)
Planning time: 0.989 ms
Execution time: 2937.490 ms
