Hash Join  (cost=123724.13..507066.64 rows=157432 width=0) (actual time=2377.100..10828.430 rows=673723 loops=1)
  Hash Cond: (mi.movie_id = t.id)
  ->  Seq Scan on movie_info mi  (cost=0.00..346232.03 rows=9476311 width=4) (actual time=0.022..6221.813 rows=9565151 loops=1)
        Filter: (info_type_id < 16)
        Rows Removed by Filter: 5270569
  ->  Hash  (cost=123199.04..123199.04 rows=42007 width=8) (actual time=2376.678..2376.678 rows=37830 loops=1)
        Buckets: 65536  Batches: 1  Memory Usage: 1990kB
        ->  Hash Join  (cost=68113.45..123199.04 rows=42007 width=8) (actual time=1085.644..2362.142 rows=37830 loops=1)
              Hash Cond: (mc.movie_id = t.id)
              ->  Seq Scan on movie_companies mc  (cost=0.00..44881.29 rows=2609129 width=4) (actual time=0.013..609.084 rows=2609129 loops=1)
              ->  Hash  (cost=67604.59..67604.59 rows=40709 width=4) (actual time=1085.286..1085.286 rows=38955 loops=1)
                    Buckets: 65536  Batches: 1  Memory Usage: 1882kB
                    ->  Seq Scan on title t  (cost=0.00..67604.59 rows=40709 width=4) (actual time=0.021..1067.701 rows=38955 loops=1)
                          Filter: (production_year = 1997)
                          Rows Removed by Filter: 2489357
Planning time: 1.189 ms
Execution time: 10917.398 ms
