Seq Scan on movie_keyword mk  (cost=0.00..81003.12 rows=246 width=0) (actual time=0.787..1235.809 rows=936 loops=1)
  Filter: (keyword_id = 59979)
  Rows Removed by Filter: 4522994
Planning time: 0.383 ms
Execution time: 1236.154 ms
