Seq Scan on title t  (cost=0.00..73925.90 rows=316032 width=0) (actual time=372.168..1112.978 rows=400740 loops=1)
  Filter: ((kind_id < 2) AND (production_year < 2003))
  Rows Removed by Filter: 2127572
Planning time: 0.322 ms
Execution time: 1159.927 ms
