Hash Join  (cost=94537.60..187458.56 rows=1296343 width=0) (actual time=1866.305..4663.569 rows=854295 loops=1)
  Hash Cond: (mc.movie_id = t.id)
  ->  Seq Scan on movie_companies mc  (cost=0.00..44881.29 rows=2609129 width=4) (actual time=0.013..974.320 rows=2609129 loops=1)
  ->  Hash  (cost=73925.90..73925.90 rows=1256296 width=4) (actual time=1864.823..1864.823 rows=1375227 loops=1)
        Buckets: 131072  Batches: 32  Memory Usage: 2542kB
        ->  Seq Scan on title t  (cost=0.00..73925.90 rows=1256296 width=4) (actual time=0.019..1422.428 rows=1375227 loops=1)
              Filter: ((kind_id > 1) AND (production_year > 1992))
              Rows Removed by Filter: 1153085
Planning time: 0.747 ms
Execution time: 4774.759 ms
