Hash Join  (cost=226694.82..757288.60 rows=4759785 width=0) (actual time=4629.057..26765.582 rows=33880950 loops=1)
  Hash Cond: (mi.movie_id = t.id)
  ->  Seq Scan on movie_info mi  (cost=0.00..309384.22 rows=14739122 width=4) (actual time=0.007..5936.054 rows=14835720 loops=1)
  ->  Hash  (cost=213297.94..213297.94 rows=816551 width=8) (actual time=4628.021..4628.021 rows=819059 loops=1)
        Buckets: 131072  Batches: 16  Memory Usage: 3109kB
        ->  Hash Join  (cost=102767.86..213297.94 rows=816551 width=8) (actual time=2003.549..4383.505 rows=819059 loops=1)
              Hash Cond: (mk.movie_id = t.id)
              ->  Seq Scan on movie_keyword mk  (cost=0.00..81003.12 rows=816551 width=4) (actual time=0.011..1319.498 rows=819059 loops=1)
                    Filter: (keyword_id < 785)
                    Rows Removed by Filter: 3704871
              ->  Hash  (cost=61283.27..61283.27 rows=2528527 width=4) (actual time=2000.836..2000.836 rows=2528312 loops=1)
                    Buckets: 131072  Batches: 64  Memory Usage: 2425kB
                    ->  Seq Scan on title t  (cost=0.00..61283.27 rows=2528527 width=4) (actual time=0.021..1113.658 rows=2528312 loops=1)
Planning time: 1.233 ms
Execution time: 30899.956 ms
