Hash Join  (cost=84786.32..221217.73 rows=1184337 width=0) (actual time=1357.293..4793.175 rows=312793 loops=1)
  Hash Cond: (mk.movie_id = t.id)
  ->  Seq Scan on movie_keyword mk  (cost=0.00..69693.30 rows=4523930 width=4) (actual time=0.021..1424.682 rows=4523930 loops=1)
  ->  Hash  (cost=73925.90..73925.90 rows=661953 width=4) (actual time=1354.611..1354.611 rows=563917 loops=1)
        Buckets: 131072  Batches: 16  Memory Usage: 2267kB
        ->  Seq Scan on title t  (cost=0.00..73925.90 rows=661953 width=4) (actual time=0.016..1171.975 rows=563917 loops=1)
              Filter: ((kind_id > 4) AND (production_year < 2001))
              Rows Removed by Filter: 1964395
Planning time: 0.750 ms
Execution time: 4830.681 ms
