Hash Join  (cost=79374.89..149197.27 rows=174622 width=0) (actual time=1456.869..3422.407 rows=254746 loops=1)
  Hash Cond: (mc.movie_id = t.id)
  ->  Seq Scan on movie_companies mc  (cost=0.00..51404.11 rows=1329612 width=4) (actual time=0.028..1031.241 rows=1334883 loops=1)
        Filter: (company_type_id > 1)
        Rows Removed by Filter: 1274246
  ->  Hash  (cost=73925.90..73925.90 rows=332079 width=4) (actual time=1455.931..1455.931 rows=269283 loops=1)
        Buckets: 131072  Batches: 8  Memory Usage: 2207kB
        ->  Seq Scan on title t  (cost=0.00..73925.90 rows=332079 width=4) (actual time=0.029..1370.010 rows=269283 loops=1)
              Filter: ((kind_id < 3) AND (production_year > 2004))
              Rows Removed by Filter: 2259029
Planning time: 0.764 ms
Execution time: 3450.338 ms
