Nested Loop  (cost=0.43..709673.15 rows=46 width=0) (actual time=3843.411..11162.331 rows=117 loops=1)
  ->  Seq Scan on cast_info ci  (cost=0.00..705507.15 rows=500 width=4) (actual time=3842.864..11141.449 rows=708 loops=1)
        Filter: (person_id = 580588)
        Rows Removed by Filter: 36243636
  ->  Index Scan using title_pkey on title t  (cost=0.43..8.32 rows=1 width=4) (actual time=0.029..0.029 rows=0 loops=708)
        Index Cond: (id = ci.movie_id)
        Filter: (production_year > 2011)
        Rows Removed by Filter: 1
Planning time: 0.827 ms
Execution time: 11162.477 ms
