Nested Loop  (cost=25190.47..106244.59 rows=1 width=0) (actual time=421.948..1762.345 rows=18 loops=1)
  ->  Hash Join  (cost=25190.04..106236.22 rows=1 width=8) (actual time=421.856..1756.887 rows=18 loops=1)
        Hash Cond: (mk.movie_id = mi_idx.movie_id)
        ->  Seq Scan on movie_keyword mk  (cost=0.00..81003.12 rows=246 width=4) (actual time=0.272..1380.627 rows=315 loops=1)
              Filter: (keyword_id = 16409)
              Rows Removed by Filter: 4523615
        ->  Hash  (cost=25185.44..25185.44 rows=368 width=4) (actual time=375.871..375.871 rows=260 loops=1)
              Buckets: 1024  Batches: 1  Memory Usage: 18kB
              ->  Seq Scan on movie_info_idx mi_idx  (cost=0.00..25185.44 rows=368 width=4) (actual time=151.892..375.776 rows=260 loops=1)
                    Filter: (info_type_id > 101)
                    Rows Removed by Filter: 1379775
  ->  Index Only Scan using title_pkey on title t  (cost=0.43..8.36 rows=1 width=4) (actual time=0.294..0.295 rows=1 loops=18)
        Index Cond: (id = mi_idx.movie_id)
        Heap Fetches: 18
Planning time: 1.216 ms
Execution time: 1762.455 ms
