Seq Scan on movie_companies mc  (cost=0.00..51404.11 rows=104 width=0) (actual time=7.051..657.736 rows=650 loops=1)
  Filter: (company_id = 10822)
  Rows Removed by Filter: 2608479
Planning time: 0.383 ms
Execution time: 658.098 ms
