Seq Scan on movie_keyword mk  (cost=0.00..81003.12 rows=2311618 width=0) (actual time=0.023..1572.235 rows=2316518 loops=1)
  Filter: (keyword_id < 5016)
  Rows Removed by Filter: 2207412
Planning time: 0.301 ms
Execution time: 1865.718 ms
