Hash Join  (cost=67697.55..96356.48 rows=2703 width=0) (actual time=1068.697..1705.925 rows=2740 loops=1)
  Hash Cond: (mi_idx.movie_id = t.id)
  ->  Seq Scan on movie_info_idx mi_idx  (cost=0.00..25185.44 rows=919057 width=4) (actual time=0.026..479.584 rows=920110 loops=1)
        Filter: (info_type_id > 99)
        Rows Removed by Filter: 459925
  ->  Hash  (cost=67604.59..67604.59 rows=7437 width=4) (actual time=1068.421..1068.421 rows=6346 loops=1)
        Buckets: 8192  Batches: 1  Memory Usage: 288kB
        ->  Seq Scan on title t  (cost=0.00..67604.59 rows=7437 width=4) (actual time=0.050..1064.993 rows=6346 loops=1)
              Filter: (production_year = 1952)
              Rows Removed by Filter: 2521966
Planning time: 0.725 ms
Execution time: 1706.479 ms
