Nested Loop  (cost=44377.22..139970.83 rows=816 width=0) (actual time=901.999..2135.414 rows=3000 loops=1)
  ->  Hash Join  (cost=44376.79..131766.01 rows=13897 width=8) (actual time=860.628..1987.077 rows=9641 loops=1)
        Hash Cond: (mk.movie_id = mi_idx.movie_id)
        ->  Seq Scan on movie_keyword mk  (cost=0.00..81003.12 rows=4675 width=4) (actual time=0.641..939.681 rows=3660 loops=1)
              Filter: (keyword_id = 2554)
              Rows Removed by Filter: 4520270
        ->  Hash  (cost=21735.35..21735.35 rows=1380035 width=4) (actual time=824.038..824.038 rows=1380035 loops=1)
              Buckets: 131072  Batches: 32  Memory Usage: 2556kB
              ->  Seq Scan on movie_info_idx mi_idx  (cost=0.00..21735.35 rows=1380035 width=4) (actual time=0.022..416.824 rows=1380035 loops=1)
  ->  Index Scan using title_pkey on title t  (cost=0.43..0.58 rows=1 width=4) (actual time=0.015..0.015 rows=0 loops=9641)
        Index Cond: (id = mi_idx.movie_id)
        Filter: (production_year < 1995)
        Rows Removed by Filter: 1
Planning time: 4.348 ms
Execution time: 2136.118 ms
