Hash Join  (cost=65418.63..152396.08 rows=573 width=0) (actual time=889.936..2678.024 rows=5338 loops=1)
  Hash Cond: (mk.movie_id = t.id)
  ->  Seq Scan on movie_keyword mk  (cost=0.00..81003.12 rows=1591623 width=4) (actual time=0.025..1540.409 rows=1599118 loops=1)
        Filter: (keyword_id < 2469)
        Rows Removed by Filter: 2924812
  ->  Hash  (cost=65407.26..65407.26 rows=910 width=8) (actual time=873.542..873.542 rows=3969 loops=1)
        Buckets: 4096 (originally 1024)  Batches: 1 (originally 1)  Memory Usage: 188kB
        ->  Nested Loop  (cost=0.43..65407.26 rows=910 width=8) (actual time=0.101..871.489 rows=3969 loops=1)
              ->  Seq Scan on movie_companies mc  (cost=0.00..57926.93 rows=910 width=4) (actual time=0.029..768.974 rows=3969 loops=1)
                    Filter: ((company_id < 6) AND (company_type_id < 2))
                    Rows Removed by Filter: 2605160
              ->  Index Only Scan using title_pkey on title t  (cost=0.43..8.21 rows=1 width=4) (actual time=0.025..0.025 rows=1 loops=3969)
                    Index Cond: (id = mc.movie_id)
                    Heap Fetches: 3969
Planning time: 5.979 ms
Execution time: 2678.954 ms
