Seq Scan on movie_companies mc  (cost=0.00..57926.93 rows=422288 width=0) (actual time=542.143..1116.199 rows=103273 loops=1)
  Filter: ((company_id > 23766) AND (company_type_id < 2))
  Rows Removed by Filter: 2505856
Planning time: 0.281 ms
Execution time: 1130.334 ms
