Hash Join  (cost=102767.86..1051006.01 rows=9676985 width=0) (actual time=8159.960..23930.114 rows=9644908 loops=1)
  Hash Cond: (ci.movie_id = t.id)
  ->  Seq Scan on cast_info ci  (cost=0.00..705507.15 rows=9676985 width=4) (actual time=5693.629..13113.767 rows=9644908 loops=1)
        Filter: (person_id > 2743564)
        Rows Removed by Filter: 26599436
  ->  Hash  (cost=61283.27..61283.27 rows=2528527 width=4) (actual time=2464.366..2464.366 rows=2528312 loops=1)
        Buckets: 131072  Batches: 64  Memory Usage: 2415kB
        ->  Seq Scan on title t  (cost=0.00..61283.27 rows=2528527 width=4) (actual time=0.024..1309.304 rows=2528312 loops=1)
Planning time: 0.715 ms
Execution time: 25021.239 ms
