Hash Join  (cost=84663.78..118930.05 rows=119317 width=0) (actual time=1494.873..2506.396 rows=248644 loops=1)
  Hash Cond: (mi_idx.movie_id = t.id)
  ->  Seq Scan on movie_info_idx mi_idx  (cost=0.00..25185.44 rows=460978 width=4) (actual time=0.027..574.595 rows=459925 loops=1)
        Filter: (info_type_id = 99)
        Rows Removed by Filter: 920110
  ->  Hash  (cost=73925.90..73925.90 rows=654470 width=4) (actual time=1494.068..1494.068 rows=686054 loops=1)
        Buckets: 131072  Batches: 16  Memory Usage: 2531kB
        ->  Seq Scan on title t  (cost=0.00..73925.90 rows=654470 width=4) (actual time=0.021..1267.677 rows=686054 loops=1)
              Filter: ((kind_id < 4) AND (production_year < 2010))
              Rows Removed by Filter: 1842258
Planning time: 0.752 ms
Execution time: 2537.381 ms
