Seq Scan on cast_info ci  (cost=0.00..705507.15 rows=30985677 width=0) (actual time=0.014..12395.019 rows=30934354 loops=1)
  Filter: (person_id < 3129806)
  Rows Removed by Filter: 5309990
Planning time: 0.215 ms
Execution time: 15930.966 ms
