Hash Join  (cost=194419.56..322460.77 rows=1014045 width=0) (actual time=4986.520..11055.538 rows=10993495 loops=1)
  Hash Cond: (mk.movie_id = t.id)
  ->  Seq Scan on movie_keyword mk  (cost=0.00..81003.12 rows=2891370 width=4) (actual time=0.025..1679.907 rows=2883031 loops=1)
        Filter: (keyword_id > 2488)
        Rows Removed by Filter: 1640899
  ->  Hash  (cost=179869.67..179869.67 rows=886791 width=8) (actual time=4985.243..4985.243 rows=713340 loops=1)
        Buckets: 131072  Batches: 16  Memory Usage: 2799kB
        ->  Hash Join  (cost=96356.06..179869.67 rows=886791 width=8) (actual time=1990.065..4775.962 rows=713340 loops=1)
              Hash Cond: (mc.movie_id = t.id)
              ->  Seq Scan on movie_companies mc  (cost=0.00..51404.11 rows=1279517 width=4) (actual time=31.471..993.876 rows=1274246 loops=1)
                    Filter: (company_type_id = 1)
                    Rows Removed by Filter: 1334883
              ->  Hash  (cost=67604.59..67604.59 rows=1752438 width=4) (actual time=1957.741..1957.741 rows=1749032 loops=1)
                    Buckets: 131072  Batches: 32  Memory Usage: 2950kB
                    ->  Seq Scan on title t  (cost=0.00..67604.59 rows=1752438 width=4) (actual time=0.029..1383.965 rows=1749032 loops=1)
                          Filter: (production_year > 1990)
                          Rows Removed by Filter: 779280
Planning time: 1.335 ms
Execution time: 12314.258 ms
