Hash Join  (cost=73982.55..100919.82 rows=833 width=0) (actual time=1469.169..1762.021 rows=936 loops=1)
  Hash Cond: (mi_idx.movie_id = t.id)
  ->  Seq Scan on movie_info_idx mi_idx  (cost=0.00..25185.44 rows=464934 width=4) (actual time=0.013..469.102 rows=460185 loops=1)
        Filter: (info_type_id > 100)
        Rows Removed by Filter: 919850
  ->  Hash  (cost=73925.90..73925.90 rows=4532 width=4) (actual time=1196.299..1196.299 rows=6999 loops=1)
        Buckets: 8192  Batches: 1  Memory Usage: 311kB
        ->  Seq Scan on title t  (cost=0.00..73925.90 rows=4532 width=4) (actual time=0.015..1192.891 rows=6999 loops=1)
              Filter: ((kind_id = 7) AND (production_year = 1960))
              Rows Removed by Filter: 2521313
Planning time: 0.845 ms
Execution time: 1762.249 ms
