Hash Join  (cost=463032.67..1190746.28 rows=119280 width=0) (actual time=14215.888..20982.544 rows=232988 loops=1)
  Hash Cond: (ci.movie_id = t.id)
  ->  Seq Scan on cast_info ci  (cost=0.00..705507.15 rows=1759377 width=4) (actual time=5370.673..11292.937 rows=1796569 loops=1)
        Filter: (person_id > 3706812)
        Rows Removed by Filter: 34447775
  ->  Hash  (cost=460219.84..460219.84 rows=171426 width=8) (actual time=8844.365..8844.365 rows=160341 loops=1)
        Buckets: 131072  Batches: 4  Memory Usage: 2603kB
        ->  Hash Join  (cost=76243.83..460219.84 rows=171426 width=8) (actual time=5588.433..8790.310 rows=160341 loops=1)
              Hash Cond: (mi.movie_id = t.id)
              ->  Seq Scan on movie_info mi  (cost=0.00..346232.03 rows=3068194 width=4) (actual time=4364.852..6086.201 rows=3036719 loops=1)
                    Filter: (info_type_id = 16)
                    Rows Removed by Filter: 11799001
              ->  Hash  (cost=73925.90..73925.90 rows=141274 width=4) (actual time=1222.651..1222.651 rows=150659 loops=1)
                    Buckets: 131072  Batches: 2  Memory Usage: 3679kB
                    ->  Seq Scan on title t  (cost=0.00..73925.90 rows=141274 width=4) (actual time=323.847..1165.422 rows=150659 loops=1)
                          Filter: ((production_year > 2011) AND (kind_id = 7))
                          Rows Removed by Filter: 2377653
Planning time: 1.184 ms
Execution time: 21013.639 ms
