Nested Loop  (cost=0.43..52284.21 rows=44 width=0) (actual time=332.879..918.453 rows=81 loops=1)
  ->  Seq Scan on movie_companies mc  (cost=0.00..51404.11 rows=104 width=4) (actual time=331.060..907.738 rows=159 loops=1)
        Filter: (company_id = 564)
        Rows Removed by Filter: 2608970
  ->  Index Scan using title_pkey on title t  (cost=0.43..8.45 rows=1 width=4) (actual time=0.065..0.065 rows=1 loops=159)
        Index Cond: (id = mc.movie_id)
        Filter: ((kind_id > 1) AND (production_year < 2006))
        Rows Removed by Filter: 0
Planning time: 0.754 ms
Execution time: 918.616 ms
