Nested Loop  (cost=0.43..709671.90 rows=500 width=0) (actual time=8672.499..10898.546 rows=87 loops=1)
  ->  Seq Scan on cast_info ci  (cost=0.00..705507.15 rows=500 width=4) (actual time=8672.403..10896.833 rows=87 loops=1)
        Filter: (person_id = 3336751)
        Rows Removed by Filter: 36244257
  ->  Index Only Scan using title_pkey on title t  (cost=0.43..8.32 rows=1 width=4) (actual time=0.018..0.018 rows=1 loops=87)
        Index Cond: (id = ci.movie_id)
        Heap Fetches: 87
Planning time: 6.144 ms
Execution time: 10898.642 ms
