Seq Scan on cast_info ci  (cost=0.00..796071.18 rows=5569114 width=0) (actual time=3295.886..12468.242 rows=3429148 loops=1)
  Filter: ((person_id < 1220056) AND (role_id > 2))
  Rows Removed by Filter: 32815196
Planning time: 0.311 ms
Execution time: 12864.628 ms
