Hash Join  (cost=78183.26..427189.29 rows=4574 width=0) (actual time=2386.731..7198.974 rows=43265 loops=1)
  Hash Cond: (mi.movie_id = t.id)
  ->  Seq Scan on movie_info mi  (cost=0.00..346232.03 rows=17937 width=4) (actual time=957.458..5587.432 rows=140065 loops=1)
        Filter: (info_type_id = 9)
        Rows Removed by Filter: 14695655
  ->  Hash  (cost=67604.59..67604.59 rows=644774 width=4) (actual time=1427.159..1427.159 rows=642973 loops=1)
        Buckets: 131072  Batches: 16  Memory Usage: 2439kB
        ->  Seq Scan on title t  (cost=0.00..67604.59 rows=644774 width=4) (actual time=0.029..1203.716 rows=642973 loops=1)
              Filter: (production_year < 1988)
              Rows Removed by Filter: 1885339
Planning time: 0.723 ms
Execution time: 7204.541 ms
