Seq Scan on movie_companies mc  (cost=0.00..57926.93 rows=223344 width=0) (actual time=77.884..555.811 rows=105173 loops=1)
  Filter: ((company_id < 329) AND (company_type_id > 1))
  Rows Removed by Filter: 2503956
Planning time: 0.325 ms
Execution time: 569.102 ms
