Hash Join  (cost=847522.46..1228264.14 rows=629884 width=0) (actual time=17440.918..24469.834 rows=1818213 loops=1)
  Hash Cond: (mi.movie_id = t.id)
  ->  Seq Scan on movie_info mi  (cost=0.00..346232.03 rows=2194617 width=4) (actual time=290.406..5654.237 rows=2233850 loops=1)
        Filter: (info_type_id > 16)
        Rows Removed by Filter: 12601870
  ->  Hash  (cost=835615.96..835615.96 rows=725720 width=8) (actual time=17113.716..17113.716 rows=773674 loops=1)
        Buckets: 131072  Batches: 16  Memory Usage: 2911kB
        ->  Hash Join  (cost=102767.86..835615.96 rows=725720 width=8) (actual time=5886.187..16861.259 rows=773674 loops=1)
              Hash Cond: (ci.movie_id = t.id)
              ->  Seq Scan on cast_info ci  (cost=0.00..705507.15 rows=725720 width=4) (actual time=3679.005..13550.959 rows=773674 loops=1)
                    Filter: (role_id = 6)
                    Rows Removed by Filter: 35470670
              ->  Hash  (cost=61283.27..61283.27 rows=2528527 width=4) (actual time=2205.394..2205.394 rows=2528312 loops=1)
                    Buckets: 131072  Batches: 64  Memory Usage: 2415kB
                    ->  Seq Scan on title t  (cost=0.00..61283.27 rows=2528527 width=4) (actual time=0.020..1113.815 rows=2528312 loops=1)
Planning time: 1.144 ms
Execution time: 24679.631 ms
