Hash Join  (cost=161150.91..878063.86 rows=17086 width=0) (actual time=5153.242..12999.906 rows=192588 loops=1)
  Hash Cond: (ci.movie_id = t.id)
  ->  Seq Scan on cast_info ci  (cost=0.00..705507.15 rows=2246985 width=4) (actual time=340.784..10137.729 rows=2186311 loops=1)
        Filter: (person_id < 213748)
        Rows Removed by Filter: 34058033
  ->  Hash  (cost=160910.56..160910.56 rows=19228 width=8) (actual time=2310.539..2310.539 rows=45324 loops=1)
        Buckets: 65536 (originally 32768)  Batches: 1 (originally 1)  Memory Usage: 2283kB
        ->  Hash Join  (cost=74060.24..160910.56 rows=19228 width=8) (actual time=1296.948..2299.721 rows=45324 loops=1)
              Hash Cond: (mk.movie_id = t.id)
              ->  Seq Scan on movie_keyword mk  (cost=0.00..69693.30 rows=4523930 width=4) (actual time=0.018..652.481 rows=4523930 loops=1)
              ->  Hash  (cost=73925.90..73925.90 rows=10747 width=4) (actual time=1054.913..1054.913 rows=6468 loops=1)
                    Buckets: 16384  Batches: 1  Memory Usage: 356kB
                    ->  Seq Scan on title t  (cost=0.00..73925.90 rows=10747 width=4) (actual time=453.378..1052.053 rows=6468 loops=1)
                          Filter: ((kind_id = 1) AND (production_year = 1997))
                          Rows Removed by Filter: 2521844
Planning time: 0.762 ms
Execution time: 13024.059 ms
