Hash Join  (cost=119934.21..239693.69 rows=163623 width=0) (actual time=4383.337..5067.431 rows=91284 loops=1)
  Hash Cond: (mk.movie_id = t.id)
  ->  Seq Scan on movie_keyword mk  (cost=0.00..81003.12 rows=3166168 width=4) (actual time=0.028..1686.421 rows=3153170 loops=1)
        Filter: (keyword_id < 12189)
        Rows Removed by Filter: 1370760
  ->  Hash  (cost=117789.82..117789.82 rows=130671 width=8) (actual time=2418.834..2418.834 rows=54945 loops=1)
        Buckets: 131072  Batches: 2  Memory Usage: 2102kB
        ->  Hash Join  (cost=77854.63..117789.82 rows=130671 width=8) (actual time=1487.788..2401.404 rows=54945 loops=1)
              Hash Cond: (mi_idx.movie_id = t.id)
              ->  Seq Scan on movie_info_idx mi_idx  (cost=0.00..21735.35 rows=1380035 width=4) (actual time=0.020..506.113 rows=1380035 loops=1)
              ->  Hash  (cost=73925.90..73925.90 rows=239418 width=4) (actual time=1316.295..1316.295 rows=256906 loops=1)
                    Buckets: 131072  Batches: 4  Memory Usage: 3296kB
                    ->  Seq Scan on title t  (cost=0.00..73925.90 rows=239418 width=4) (actual time=0.017..1229.759 rows=256906 loops=1)
                          Filter: ((production_year > 2010) AND (kind_id = 7))
                          Rows Removed by Filter: 2271406
Planning time: 1.136 ms
Execution time: 5079.749 ms
