Seq Scan on movie_companies mc  (cost=0.00..57926.93 rows=517569 width=0) (actual time=0.024..998.421 rows=828808 loops=1)
  Filter: ((company_id > 15793) AND (company_type_id > 1))
  Rows Removed by Filter: 1780321
Planning time: 0.327 ms
Execution time: 1099.704 ms
