Seq Scan on cast_info ci  (cost=0.00..705507.15 rows=21644435 width=0) (actual time=0.020..12959.791 rows=21509095 loops=1)
  Filter: (person_id < 2180282)
  Rows Removed by Filter: 14735249
Planning time: 0.224 ms
Execution time: 15659.387 ms
