Seq Scan on movie_keyword mk  (cost=0.00..81003.12 rows=246 width=0) (actual time=0.163..1314.989 rows=152 loops=1)
  Filter: (keyword_id = 36813)
  Rows Removed by Filter: 4523778
Planning time: 0.387 ms
Execution time: 1315.182 ms
