Hash Join  (cost=74528.17..134441.13 rows=9604 width=0) (actual time=1280.874..2293.366 rows=7167 loops=1)
  Hash Cond: (mc.movie_id = t.id)
  ->  Seq Scan on movie_companies mc  (cost=0.00..57926.93 rows=503997 width=4) (actual time=0.019..945.321 rows=204676 loops=1)
        Filter: ((company_id > 15338) AND (company_type_id = 1))
        Rows Removed by Filter: 2404453
  ->  Hash  (cost=73925.90..73925.90 rows=48181 width=4) (actual time=1280.314..1280.314 rows=40899 loops=1)
        Buckets: 65536  Batches: 1  Memory Usage: 1950kB
        ->  Seq Scan on title t  (cost=0.00..73925.90 rows=48181 width=4) (actual time=0.031..1262.900 rows=40899 loops=1)
              Filter: ((kind_id < 4) AND (production_year = 2010))
              Rows Removed by Filter: 2487413
Planning time: 0.759 ms
Execution time: 2294.838 ms
