Seq Scan on movie_keyword mk  (cost=0.00..81003.12 rows=1807636 width=0) (actual time=0.030..1364.362 rows=1806753 loops=1)
  Filter: (keyword_id > 7677)
  Rows Removed by Filter: 2717177
Planning time: 0.325 ms
Execution time: 1589.267 ms
