Seq Scan on movie_keyword mk  (cost=0.00..81003.12 rows=1128122 width=0) (actual time=0.034..1361.395 rows=1135898 loops=1)
  Filter: (keyword_id < 1265)
  Rows Removed by Filter: 3388032
Planning time: 0.230 ms
Execution time: 1505.475 ms
