Nested Loop  (cost=0.43..709671.90 rows=500 width=0) (actual time=8805.331..11086.013 rows=39 loops=1)
  ->  Seq Scan on cast_info ci  (cost=0.00..705507.15 rows=500 width=4) (actual time=8805.172..11085.231 rows=39 loops=1)
        Filter: (person_id = 3007111)
        Rows Removed by Filter: 36244305
  ->  Index Only Scan using title_pkey on title t  (cost=0.43..8.32 rows=1 width=4) (actual time=0.016..0.017 rows=1 loops=39)
        Index Cond: (id = ci.movie_id)
        Heap Fetches: 39
Planning time: 7.061 ms
Execution time: 11086.086 ms
