Hash Join  (cost=199088.43..612988.03 rows=127476 width=181) (actual time=4684.185..14661.469 rows=2038596 loops=1)
  Hash Cond: (mi.movie_id = t.id)
  ->  Seq Scan on movie_info mi  (cost=0.00..346232.03 rows=2194617 width=75) (actual time=0.009..7223.764 rows=2233850 loops=1)
        Filter: (info_type_id > 16)
        Rows Removed by Filter: 12601870
  ->  Hash  (cost=194813.55..194813.55 rows=146871 width=106) (actual time=4683.401..4683.401 rows=128881 loops=1)
        Buckets: 32768  Batches: 8  Memory Usage: 2366kB
        ->  Hash Join  (cost=71062.50..194813.55 rows=146871 width=106) (actual time=1383.824..4607.209 rows=128881 loops=1)
              Hash Cond: (mk.movie_id = t.id)
              ->  Seq Scan on movie_keyword mk  (cost=0.00..81003.12 rows=2916056 width=12) (actual time=0.016..1776.614 rows=2903582 loops=1)
                    Filter: (keyword_id < 9294)
                    Rows Removed by Filter: 1620348
              ->  Hash  (cost=67604.59..67604.59 rows=127353 width=94) (actual time=1383.537..1383.537 rows=128696 loops=1)
                    Buckets: 32768  Batches: 8  Memory Usage: 2096kB
                    ->  Seq Scan on title t  (cost=0.00..67604.59 rows=127353 width=94) (actual time=0.009..1319.765 rows=128696 loops=1)
                          Filter: (production_year = 2009)
                          Rows Removed by Filter: 2399616
Planning time: 1.396 ms
Execution time: 14783.080 ms
