Hash Join  (cost=237839.68..330247.25 rows=1259105 width=0) (actual time=5875.968..11055.241 rows=11654949 loops=1)
  Hash Cond: (mc.movie_id = t.id)
  ->  Seq Scan on movie_companies mc  (cost=0.00..44881.29 rows=2609129 width=4) (actual time=0.009..938.256 rows=2609129 loops=1)
  ->  Hash  (cost=217820.08..217820.08 rows=1220208 width=8) (actual time=5874.878..5874.878 rows=1492305 loops=1)
        Buckets: 131072 (originally 131072)  Batches: 32 (originally 16)  Memory Usage: 3073kB
        ->  Hash Join  (cost=93117.31..217820.08 rows=1220208 width=8) (actual time=1910.348..5372.637 rows=1492305 loops=1)
              Hash Cond: (mk.movie_id = t.id)
              ->  Seq Scan on movie_keyword mk  (cost=0.00..81003.12 rows=1984112 width=4) (actual time=0.017..1651.819 rows=1990452 loops=1)
                    Filter: (keyword_id > 6306)
                    Rows Removed by Filter: 2533478
              ->  Hash  (cost=67604.59..67604.59 rows=1555018 width=4) (actual time=1909.136..1909.136 rows=1551727 loops=1)
                    Buckets: 131072  Batches: 32  Memory Usage: 2736kB
                    ->  Seq Scan on title t  (cost=0.00..67604.59 rows=1555018 width=4) (actual time=0.010..1376.750 rows=1551727 loops=1)
                          Filter: (production_year < 2007)
                          Rows Removed by Filter: 976585
Planning time: 1.097 ms
Execution time: 12451.756 ms
