Seq Scan on cast_info ci  (cost=0.00..796071.18 rows=7113941 width=0) (actual time=10489.188..16985.479 rows=7451973 loops=1)
  Filter: ((person_id < 3879694) AND (role_id = 2))
  Rows Removed by Filter: 28792371
Planning time: 0.402 ms
Execution time: 17943.847 ms
