Hash Join  (cost=219933.16..368521.91 rows=2182171 width=0) (actual time=5100.650..14351.772 rows=26443187 loops=1)
  Hash Cond: (mk.movie_id = t.id)
  ->  Seq Scan on movie_keyword mk  (cost=0.00..69693.30 rows=4523930 width=4) (actual time=0.022..1415.070 rows=4523930 loops=1)
  ->  Hash  (cost=199922.35..199922.35 rows=1219665 width=8) (actual time=5099.539..5099.539 rows=1274246 loops=1)
        Buckets: 131072 (originally 131072)  Batches: 32 (originally 16)  Memory Usage: 3073kB
        ->  Hash Join  (cost=102767.86..199922.35 rows=1219665 width=8) (actual time=2111.451..4675.142 rows=1274246 loops=1)
              Hash Cond: (mc.movie_id = t.id)
              ->  Seq Scan on movie_companies mc  (cost=0.00..57926.93 rows=1219665 width=4) (actual time=208.907..1211.033 rows=1274246 loops=1)
                    Filter: ((company_id < 145506) AND (company_type_id = 1))
                    Rows Removed by Filter: 1334883
              ->  Hash  (cost=61283.27..61283.27 rows=2528527 width=4) (actual time=1901.163..1901.163 rows=2528312 loops=1)
                    Buckets: 131072  Batches: 64  Memory Usage: 2415kB
                    ->  Seq Scan on title t  (cost=0.00..61283.27 rows=2528527 width=4) (actual time=0.018..1065.141 rows=2528312 loops=1)
Planning time: 1.166 ms
Execution time: 17151.687 ms
