Seq Scan on movie_keyword mk  (cost=0.00..81003.12 rows=246 width=0) (actual time=0.863..1309.498 rows=845 loops=1)
  Filter: (keyword_id = 4609)
  Rows Removed by Filter: 4523085
Planning time: 0.369 ms
Execution time: 1309.911 ms
