Seq Scan on movie_keyword mk  (cost=0.00..81003.12 rows=87091 width=0) (actual time=0.058..1198.188 rows=92474 loops=1)
  Filter: (keyword_id < 80)
  Rows Removed by Filter: 4431456
Planning time: 4.794 ms
Execution time: 1211.868 ms
