Hash Join  (cost=219765.47..1128165.79 rows=1791581 width=0) (actual time=12451.846..28012.932 rows=8090334 loops=1)
  Hash Cond: (ci.movie_id = t.id)
  ->  Seq Scan on cast_info ci  (cost=0.00..796071.18 rows=7176270 width=4) (actual time=6738.718..15907.355 rows=7451827 loops=1)
        Filter: ((person_id > 56018) AND (role_id = 2))
        Rows Removed by Filter: 28792517
  ->  Hash  (cost=209408.78..209408.78 rows=631255 width=8) (actual time=5711.363..5711.363 rows=821807 loops=1)
        Buckets: 131072  Batches: 16  Memory Usage: 3076kB
        ->  Hash Join  (cost=79715.19..209408.78 rows=631255 width=8) (actual time=2108.687..5479.000 rows=821807 loops=1)
              Hash Cond: (mk.movie_id = t.id)
              ->  Seq Scan on movie_keyword mk  (cost=0.00..69693.30 rows=4523930 width=4) (actual time=0.036..1404.343 rows=4523930 loops=1)
              ->  Hash  (cost=73925.90..73925.90 rows=352823 width=4) (actual time=2107.864..2107.864 rows=302088 loops=1)
                    Buckets: 131072  Batches: 8  Memory Usage: 2349kB
                    ->  Seq Scan on title t  (cost=0.00..73925.90 rows=352823 width=4) (actual time=0.030..1276.835 rows=302088 loops=1)
                          Filter: ((kind_id < 7) AND (production_year > 2006))
                          Rows Removed by Filter: 2226224
Planning time: 1.148 ms
Execution time: 28909.419 ms
