Hash Join  (cost=83891.93..168018.73 rows=12912 width=0) (actual time=1516.692..2897.177 rows=36413 loops=1)
  Hash Cond: (mk.movie_id = t.id)
  ->  Seq Scan on movie_keyword mk  (cost=0.00..81003.12 rows=53749 width=4) (actual time=0.020..1226.106 rows=50073 loops=1)
        Filter: (keyword_id > 99526)
        Rows Removed by Filter: 4473857
  ->  Hash  (cost=73925.90..73925.90 rows=607442 width=4) (actual time=1516.096..1516.096 rows=675690 loops=1)
        Buckets: 131072  Batches: 8  Memory Usage: 4020kB
        ->  Seq Scan on title t  (cost=0.00..73925.90 rows=607442 width=4) (actual time=0.026..1292.731 rows=675690 loops=1)
              Filter: ((kind_id < 7) AND (production_year < 2007))
              Rows Removed by Filter: 1852622
Planning time: 0.507 ms
Execution time: 2902.768 ms
