Hash Join  (cost=236016.41..1471350.12 rows=15210054 width=0) (actual time=4973.846..37081.420 rows=5626119 loops=1)
  Hash Cond: (ci.movie_id = t.id)
  ->  Seq Scan on cast_info ci  (cost=0.00..614943.12 rows=36225612 width=4) (actual time=0.023..13373.604 rows=36244344 loops=1)
  ->  Hash  (cost=218597.75..218597.75 rows=1061653 width=8) (actual time=4972.666..4972.666 rows=232330 loops=1)
        Buckets: 131072  Batches: 16  Memory Usage: 1565kB
        ->  Hash Join  (cost=83661.18..218597.75 rows=1061653 width=8) (actual time=1488.150..4899.746 rows=232330 loops=1)
              Hash Cond: (mk.movie_id = t.id)
              ->  Seq Scan on movie_keyword mk  (cost=0.00..69693.30 rows=4523930 width=4) (actual time=0.024..1480.334 rows=4523930 loops=1)
              ->  Hash  (cost=73925.90..73925.90 rows=593382 width=4) (actual time=1487.438..1487.438 rows=486368 loops=1)
                    Buckets: 131072  Batches: 8  Memory Usage: 3153kB
                    ->  Seq Scan on title t  (cost=0.00..73925.90 rows=593382 width=4) (actual time=0.019..1072.955 rows=486368 loops=1)
                          Filter: ((production_year < 1999) AND (kind_id = 7))
                          Rows Removed by Filter: 2041944
Planning time: 1.147 ms
Execution time: 37750.297 ms
