Seq Scan on cast_info ci  (cost=0.00..796071.18 rows=5883022 width=0) (actual time=0.025..14771.452 rows=11982342 loops=1)
  Filter: ((person_id < 1643657) AND (role_id < 2))
  Rows Removed by Filter: 24262002
Planning time: 0.317 ms
Execution time: 16245.155 ms
