Hash Join  (cost=263115.61..462798.84 rows=4591422 width=0) (actual time=6294.527..17906.890 rows=34101948 loops=1)
  Hash Cond: (mk.movie_id = t.id)
  ->  Seq Scan on movie_keyword mk  (cost=0.00..81003.12 rows=4449582 width=4) (actual time=0.024..1757.449 rows=4449936 loops=1)
        Filter: (keyword_id < 89731)
        Rows Removed by Filter: 73994
  ->  Hash  (cost=220309.49..220309.49 rows=2609129 width=8) (actual time=6292.867..6292.867 rows=2609129 loops=1)
        Buckets: 131072  Batches: 64  Memory Usage: 2691kB
        ->  Hash Join  (cost=102767.86..220309.49 rows=2609129 width=8) (actual time=1995.064..5539.040 rows=2609129 loops=1)
              Hash Cond: (mc.movie_id = t.id)
              ->  Seq Scan on movie_companies mc  (cost=0.00..44881.29 rows=2609129 width=4) (actual time=0.021..897.059 rows=2609129 loops=1)
              ->  Hash  (cost=61283.27..61283.27 rows=2528527 width=4) (actual time=1992.980..1992.980 rows=2528312 loops=1)
                    Buckets: 131072  Batches: 64  Memory Usage: 2415kB
                    ->  Seq Scan on title t  (cost=0.00..61283.27 rows=2528527 width=4) (actual time=0.020..1148.726 rows=2528312 loops=1)
Planning time: 1.137 ms
Execution time: 21524.651 ms
