Hash Join  (cost=929265.30..1463728.93 rows=2537253 width=0) (actual time=18402.972..42763.347 rows=40821460 loops=1)
  Hash Cond: (mi.movie_id = t.id)
  ->  Seq Scan on movie_info mi  (cost=0.00..346232.03 rows=13929354 width=4) (actual time=0.022..7720.050 rows=14033580 loops=1)
        Filter: (info_type_id > 1)
        Rows Removed by Filter: 802140
  ->  Hash  (cost=921708.11..921708.11 rows=460575 width=8) (actual time=18401.815..18401.815 rows=1380894 loops=1)
        Buckets: 131072 (originally 131072)  Batches: 32 (originally 8)  Memory Usage: 3073kB
        ->  Hash Join  (cost=79405.47..921708.11 rows=460575 width=8) (actual time=9871.475..17919.167 rows=1380894 loops=1)
              Hash Cond: (ci.movie_id = t.id)
              ->  Seq Scan on cast_info ci  (cost=0.00..796071.18 rows=3487124 width=4) (actual time=8596.762..12918.924 rows=6993663 loops=1)
                    Filter: ((person_id < 955639) AND (role_id = 1))
                    Rows Removed by Filter: 29250681
              ->  Hash  (cost=73925.90..73925.90 rows=333965 width=4) (actual time=1274.002..1274.002 rows=411522 loops=1)
                    Buckets: 131072  Batches: 8  Memory Usage: 2841kB
                    ->  Seq Scan on title t  (cost=0.00..73925.90 rows=333965 width=4) (actual time=1.060..1143.977 rows=411522 loops=1)
                          Filter: ((production_year < 2004) AND (kind_id = 1))
                          Rows Removed by Filter: 2116790
Planning time: 1.236 ms
Execution time: 47228.051 ms
