Hash Join  (cost=78556.72..906834.42 rows=550166 width=0) (actual time=6035.054..14867.256 rows=179756 loops=1)
  Hash Cond: (ci.movie_id = t.id)
  ->  Seq Scan on cast_info ci  (cost=0.00..796071.18 rows=2083961 width=4) (actual time=4652.126..13013.831 rows=675151 loops=1)
        Filter: ((person_id < 1714956) AND (role_id = 10))
        Rows Removed by Filter: 35569193
  ->  Hash  (cost=67604.59..67604.59 rows=667531 width=4) (actual time=1381.416..1381.416 rows=662825 loops=1)
        Buckets: 131072  Batches: 16  Memory Usage: 2476kB
        ->  Seq Scan on title t  (cost=0.00..67604.59 rows=667531 width=4) (actual time=331.319..1181.872 rows=662825 loops=1)
              Filter: (kind_id = 1)
              Rows Removed by Filter: 1865487
Planning time: 0.728 ms
Execution time: 14890.691 ms
