Hash Join  (cost=106247.95..161056.84 rows=14337 width=0) (actual time=1959.430..3268.126 rows=86524 loops=1)
  Hash Cond: (mc.movie_id = t.id)
  ->  Seq Scan on movie_companies mc  (cost=0.00..44881.29 rows=2609129 width=4) (actual time=0.031..614.662 rows=2609129 loops=1)
  ->  Hash  (cost=106074.27..106074.27 rows=13894 width=8) (actual time=1959.237..1959.237 rows=30525 loops=1)
        Buckets: 32768 (originally 16384)  Batches: 1 (originally 1)  Memory Usage: 1449kB
        ->  Hash Join  (cost=75195.93..106074.27 rows=13894 width=8) (actual time=1430.367..1947.427 rows=30525 loops=1)
              Hash Cond: (mi_idx.movie_id = t.id)
              ->  Seq Scan on movie_info_idx mi_idx  (cost=0.00..25185.44 rows=454124 width=4) (actual time=0.024..508.923 rows=459925 loops=1)
                    Filter: (info_type_id = 100)
                    Rows Removed by Filter: 920110
              ->  Hash  (cost=73925.90..73925.90 rows=77362 width=4) (actual time=1254.141..1254.141 rows=74255 loops=1)
                    Buckets: 131072  Batches: 2  Memory Usage: 2332kB
                    ->  Seq Scan on title t  (cost=0.00..73925.90 rows=77362 width=4) (actual time=0.017..1227.548 rows=74255 loops=1)
                          Filter: ((production_year > 1982) AND (kind_id = 3))
                          Rows Removed by Filter: 2454057
Planning time: 4.223 ms
Execution time: 3281.236 ms
