Seq Scan on movie_companies mc  (cost=0.00..51404.11 rows=306824 width=0) (actual time=492.063..796.657 rows=307218 loops=1)
  Filter: (company_id > 93047)
  Rows Removed by Filter: 2301911
Planning time: 0.305 ms
Execution time: 833.816 ms
