Hash Join  (cost=83074.74..833899.15 rows=3524 width=0) (actual time=1460.850..18372.942 rows=330579 loops=1)
  Hash Cond: (ci.movie_id = t.id)
  ->  Seq Scan on cast_info ci  (cost=0.00..614943.12 rows=36225612 width=4) (actual time=0.009..9055.901 rows=36244344 loops=1)
  ->  Hash  (cost=83071.67..83071.67 rows=246 width=8) (actual time=1460.795..1460.795 rows=4600 loops=1)
        Buckets: 8192 (originally 1024)  Batches: 1 (originally 1)  Memory Usage: 244kB
        ->  Nested Loop  (cost=0.43..83071.67 rows=246 width=8) (actual time=0.140..1457.736 rows=4600 loops=1)
              ->  Seq Scan on movie_keyword mk  (cost=0.00..81003.12 rows=246 width=4) (actual time=0.095..1285.292 rows=4600 loops=1)
                    Filter: (keyword_id = 110)
                    Rows Removed by Filter: 4519330
              ->  Index Only Scan using title_pkey on title t  (cost=0.43..8.40 rows=1 width=4) (actual time=0.034..0.036 rows=1 loops=4600)
                    Index Cond: (id = mk.movie_id)
                    Heap Fetches: 4600
Planning time: 2.466 ms
Execution time: 18428.325 ms
