Seq Scan on cast_info ci  (cost=0.00..705507.15 rows=5521486 width=0) (actual time=0.022..11485.878 rows=5439736 loops=1)
  Filter: (person_id < 524891)
  Rows Removed by Filter: 30804608
Planning time: 10.830 ms
Execution time: 12201.204 ms
