Hash Join  (cost=278328.60..386404.94 rows=2159140 width=0) (actual time=5796.334..11933.205 rows=15257413 loops=1)
  Hash Cond: (mc.movie_id = t.id)
  ->  Seq Scan on movie_companies mc  (cost=0.00..44881.29 rows=2609129 width=4) (actual time=0.024..888.593 rows=2609129 loops=1)
  ->  Hash  (cost=243999.12..243999.12 rows=2092439 width=8) (actual time=5795.122..5795.122 rows=2100564 loops=1)
        Buckets: 131072  Batches: 32  Memory Usage: 3574kB
        ->  Hash Join  (cost=102767.86..243999.12 rows=2092439 width=8) (actual time=1881.738..5291.565 rows=2100564 loops=1)
              Hash Cond: (mk.movie_id = t.id)
              ->  Seq Scan on movie_keyword mk  (cost=0.00..81003.12 rows=2092439 width=4) (actual time=0.024..1552.141 rows=2100564 loops=1)
                    Filter: (keyword_id < 3780)
                    Rows Removed by Filter: 2423366
              ->  Hash  (cost=61283.27..61283.27 rows=2528527 width=4) (actual time=1880.580..1880.580 rows=2528312 loops=1)
                    Buckets: 131072  Batches: 64  Memory Usage: 2425kB
                    ->  Seq Scan on title t  (cost=0.00..61283.27 rows=2528527 width=4) (actual time=0.016..1038.060 rows=2528312 loops=1)
Planning time: 1.182 ms
Execution time: 13606.308 ms
