Hash Join  (cost=74213.42..161282.98 rows=41152 width=0) (actual time=1205.157..3059.608 rows=91787 loops=1)
  Hash Cond: (mk.movie_id = t.id)
  ->  Seq Scan on movie_keyword mk  (cost=0.00..69693.30 rows=4523930 width=4) (actual time=0.012..979.204 rows=4523930 loops=1)
  ->  Hash  (cost=73925.90..73925.90 rows=23001 width=4) (actual time=1204.812..1204.812 rows=17208 loops=1)
        Buckets: 32768  Batches: 1  Memory Usage: 861kB
        ->  Seq Scan on title t  (cost=0.00..73925.90 rows=23001 width=4) (actual time=0.109..1195.892 rows=17208 loops=1)
              Filter: ((kind_id < 4) AND (production_year = 2003))
              Rows Removed by Filter: 2511104
Planning time: 2.479 ms
Execution time: 3071.600 ms
