Seq Scan on movie_companies mc  (cost=0.00..57926.93 rows=1206348 width=0) (actual time=465.474..1184.772 rows=1280015 loops=1)
  Filter: ((company_id > 93) AND (company_type_id > 1))
  Rows Removed by Filter: 1329114
Planning time: 0.328 ms
Execution time: 1351.266 ms
