Seq Scan on movie_keyword mk  (cost=0.00..81003.12 rows=3208905 width=0) (actual time=0.024..1568.082 rows=3196621 loops=1)
  Filter: (keyword_id < 13009)
  Rows Removed by Filter: 1327309
Planning time: 0.350 ms
Execution time: 1968.273 ms
