Hash Join  (cost=102767.86..182223.71 rows=484118 width=0) (actual time=2800.777..3678.307 rows=179843 loops=1)
  Hash Cond: (mc.movie_id = t.id)
  ->  Seq Scan on movie_companies mc  (cost=0.00..57926.93 rows=484118 width=4) (actual time=779.134..1074.540 rows=179843 loops=1)
        Filter: ((company_id > 16784) AND (company_type_id = 1))
        Rows Removed by Filter: 2429286
  ->  Hash  (cost=61283.27..61283.27 rows=2528527 width=4) (actual time=2020.733..2020.733 rows=2528312 loops=1)
        Buckets: 131072  Batches: 64  Memory Usage: 2415kB
        ->  Seq Scan on title t  (cost=0.00..61283.27 rows=2528527 width=4) (actual time=0.025..1159.263 rows=2528312 loops=1)
Planning time: 0.566 ms
Execution time: 3699.548 ms
