Hash Join  (cost=510374.62..653776.46 rows=1741487 width=0) (actual time=8866.802..13372.065 rows=3878001 loops=1)
  Hash Cond: (mk.movie_id = t.id)
  ->  Seq Scan on movie_keyword mk  (cost=0.00..81003.12 rows=3460490 width=4) (actual time=0.025..1748.904 rows=3450385 loops=1)
        Filter: (keyword_id < 16459)
        Rows Removed by Filter: 1073545
  ->  Hash  (cost=489497.65..489497.65 rows=1272478 width=8) (actual time=8865.529..8865.529 rows=1325361 loops=1)
        Buckets: 131072  Batches: 32  Memory Usage: 2648kB
        ->  Hash Join  (cost=102767.86..489497.65 rows=1272478 width=8) (actual time=4946.145..8542.254 rows=1325361 loops=1)
              Hash Cond: (mi.movie_id = t.id)
              ->  Seq Scan on movie_info mi  (cost=0.00..346232.03 rows=1272478 width=4) (actual time=3141.954..5440.366 rows=1325361 loops=1)
                    Filter: (info_type_id = 8)
                    Rows Removed by Filter: 13510359
              ->  Hash  (cost=61283.27..61283.27 rows=2528527 width=4) (actual time=1802.902..1802.902 rows=2528312 loops=1)
                    Buckets: 131072  Batches: 64  Memory Usage: 2425kB
                    ->  Seq Scan on title t  (cost=0.00..61283.27 rows=2528527 width=4) (actual time=0.031..924.741 rows=2528312 loops=1)
Planning time: 1.846 ms
Execution time: 13846.421 ms
