Hash Join  (cost=101790.14..896381.32 rows=96069 width=0) (actual time=1875.199..19699.857 rows=166691 loops=1)
  Hash Cond: (ci.movie_id = t.id)
  ->  Seq Scan on cast_info ci  (cost=0.00..705507.15 rows=23499554 width=4) (actual time=0.016..13793.470 rows=23573656 loops=1)
        Filter: (role_id > 1)
        Rows Removed by Filter: 12670688
  ->  Hash  (cost=101660.93..101660.93 rows=10337 width=8) (actual time=1875.044..1875.044 rows=7341 loops=1)
        Buckets: 16384  Batches: 1  Memory Usage: 415kB
        ->  Hash Join  (cost=74628.62..101660.93 rows=10337 width=8) (actual time=1247.023..1871.713 rows=7341 loops=1)
              Hash Cond: (mi_idx.movie_id = t.id)
              ->  Seq Scan on movie_info_idx mi_idx  (cost=0.00..25185.44 rows=464934 width=4) (actual time=0.021..463.982 rows=460185 loops=1)
                    Filter: (info_type_id > 100)
                    Rows Removed by Filter: 919850
              ->  Hash  (cost=73925.90..73925.90 rows=56217 width=4) (actual time=1244.196..1244.196 rows=64637 loops=1)
                    Buckets: 65536  Batches: 1  Memory Usage: 2785kB
                    ->  Seq Scan on title t  (cost=0.00..73925.90 rows=56217 width=4) (actual time=0.023..1217.390 rows=64637 loops=1)
                          Filter: ((kind_id > 3) AND (production_year = 2004))
                          Rows Removed by Filter: 2463675
Planning time: 1.252 ms
Execution time: 19726.250 ms
