Hash Join  (cost=109345.32..164387.69 rows=37685 width=0) (actual time=2180.337..3670.073 rows=148187 loops=1)
  Hash Cond: (mc.movie_id = t.id)
  ->  Seq Scan on movie_companies mc  (cost=0.00..44881.29 rows=2609129 width=4) (actual time=0.016..730.757 rows=2609129 loops=1)
  ->  Hash  (cost=108888.80..108888.80 rows=36521 width=8) (actual time=2179.933..2179.933 rows=42826 loops=1)
        Buckets: 65536  Batches: 1  Memory Usage: 2185kB
        ->  Hash Join  (cost=77184.65..108888.80 rows=36521 width=8) (actual time=1458.816..2163.575 rows=42826 loops=1)
              Hash Cond: (mi_idx.movie_id = t.id)
              ->  Seq Scan on movie_info_idx mi_idx  (cost=0.00..25185.44 rows=464934 width=4) (actual time=0.024..465.951 rows=460185 loops=1)
                    Filter: (info_type_id > 100)
                    Rows Removed by Filter: 919850
              ->  Hash  (cost=73925.90..73925.90 rows=198620 width=4) (actual time=1457.973..1457.973 rows=182023 loops=1)
                    Buckets: 131072  Batches: 4  Memory Usage: 2629kB
                    ->  Seq Scan on title t  (cost=0.00..73925.90 rows=198620 width=4) (actual time=0.016..1134.425 rows=182023 loops=1)
                          Filter: ((kind_id < 3) AND (production_year > 2008))
                          Rows Removed by Filter: 2346289
Planning time: 1.138 ms
Execution time: 3690.604 ms
