Seq Scan on movie_keyword mk  (cost=0.00..81003.12 rows=71022 width=0) (actual time=96.337..1343.784 rows=70295 loops=1)
  Filter: (keyword_id > 91102)
  Rows Removed by Filter: 4453635
Planning time: 0.312 ms
Execution time: 1354.150 ms
