Seq Scan on movie_keyword mk  (cost=0.00..81003.12 rows=4491702 width=0) (actual time=0.025..1559.005 rows=4496526 loops=1)
  Filter: (keyword_id > 24)
  Rows Removed by Filter: 27404
Planning time: 0.340 ms
Execution time: 2096.023 ms
