Seq Scan on cast_info ci  (cost=0.00..796071.18 rows=732649 width=0) (actual time=11860.286..14435.987 rows=813994 loops=1)
  Filter: ((person_id > 630538) AND (role_id = 5))
  Rows Removed by Filter: 35430350
Planning time: 0.424 ms
Execution time: 14514.371 ms
