Hash Join  (cost=233498.87..280412.47 rows=537412 width=0) (actual time=5402.601..7158.791 rows=2289239 loops=1)
  Hash Cond: (mi_idx.movie_id = t.id)
  ->  Seq Scan on movie_info_idx mi_idx  (cost=0.00..21735.35 rows=1380035 width=4) (actual time=0.030..420.772 rows=1380035 loops=1)
  ->  Hash  (cost=217343.66..217343.66 rows=984657 width=8) (actual time=5401.570..5401.570 rows=994054 loops=1)
        Buckets: 131072  Batches: 16  Memory Usage: 3505kB
        ->  Hash Join  (cost=102767.86..217343.66 rows=984657 width=8) (actual time=1997.079..5119.306 rows=994054 loops=1)
              Hash Cond: (mk.movie_id = t.id)
              ->  Seq Scan on movie_keyword mk  (cost=0.00..81003.12 rows=984657 width=4) (actual time=0.023..1471.424 rows=994054 loops=1)
                    Filter: (keyword_id > 18607)
                    Rows Removed by Filter: 3529876
              ->  Hash  (cost=61283.27..61283.27 rows=2528527 width=4) (actual time=1994.570..1994.570 rows=2528312 loops=1)
                    Buckets: 131072  Batches: 64  Memory Usage: 2425kB
                    ->  Seq Scan on title t  (cost=0.00..61283.27 rows=2528527 width=4) (actual time=0.020..1112.282 rows=2528312 loops=1)
Planning time: 1.065 ms
Execution time: 7443.913 ms
