Hash Join  (cost=190230.21..1323231.51 rows=10631320 width=0) (actual time=4272.351..35295.164 rows=19047712 loops=1)
  Hash Cond: (ci.movie_id = t.id)
  ->  Seq Scan on cast_info ci  (cost=0.00..796071.18 rows=19478911 width=4) (actual time=0.026..16912.406 rows=18449595 loops=1)
        Filter: ((person_id > 1133205) AND (role_id < 8))
        Rows Removed by Filter: 17794749
  ->  Hash  (cost=167588.78..167588.78 rows=1380035 width=8) (actual time=4271.250..4271.250 rows=1380035 loops=1)
        Buckets: 131072  Batches: 32  Memory Usage: 2708kB
        ->  Hash Join  (cost=102767.86..167588.78 rows=1380035 width=8) (actual time=1863.654..3863.977 rows=1380035 loops=1)
              Hash Cond: (mi_idx.movie_id = t.id)
              ->  Seq Scan on movie_info_idx mi_idx  (cost=0.00..21735.35 rows=1380035 width=4) (actual time=0.025..489.637 rows=1380035 loops=1)
              ->  Hash  (cost=61283.27..61283.27 rows=2528527 width=4) (actual time=1862.035..1862.035 rows=2528312 loops=1)
                    Buckets: 131072  Batches: 64  Memory Usage: 2415kB
                    ->  Seq Scan on title t  (cost=0.00..61283.27 rows=2528527 width=4) (actual time=0.037..997.402 rows=2528312 loops=1)
Planning time: 14.385 ms
Execution time: 37345.862 ms
