Seq Scan on cast_info ci  (cost=0.00..796071.18 rows=643890 width=0) (actual time=1415.173..10463.566 rows=601114 loops=1)
  Filter: ((person_id < 67170) AND (role_id < 10))
  Rows Removed by Filter: 35643230
Planning time: 0.402 ms
Execution time: 10539.995 ms
