Hash Join  (cost=82370.79..149616.02 rows=207027 width=0) (actual time=1516.225..3073.050 rows=398918 loops=1)
  Hash Cond: (mc.movie_id = t.id)
  ->  Seq Scan on movie_companies mc  (cost=0.00..51404.11 rows=1017025 width=4) (actual time=0.024..900.345 rows=1026486 loops=1)
        Filter: (company_id > 15735)
        Rows Removed by Filter: 1582643
  ->  Hash  (cost=73925.90..73925.90 rows=514711 width=4) (actual time=1515.265..1515.265 rows=386575 loops=1)
        Buckets: 131072  Batches: 8  Memory Usage: 2730kB
        ->  Seq Scan on title t  (cost=0.00..73925.90 rows=514711 width=4) (actual time=584.573..1396.090 rows=386575 loops=1)
              Filter: ((production_year > 1979) AND (kind_id = 1))
              Rows Removed by Filter: 2141737
Planning time: 0.733 ms
Execution time: 3118.263 ms
