Hash Join  (cost=483811.61..1300965.33 rows=1901328 width=0) (actual time=8588.883..26192.858 rows=9672150 loops=1)
  Hash Cond: (ci.movie_id = t.id)
  ->  Seq Scan on cast_info ci  (cost=0.00..705507.15 rows=7803276 width=4) (actual time=0.033..12264.149 rows=7699721 loops=1)
        Filter: (person_id < 747724)
        Rows Removed by Filter: 28544623
  ->  Hash  (cost=473703.43..473703.43 rows=616095 width=8) (actual time=8581.373..8581.373 rows=598457 loops=1)
        Buckets: 131072  Batches: 16  Memory Usage: 2474kB
        ->  Hash Join  (cost=102767.86..473703.43 rows=616095 width=8) (actual time=5225.507..8400.208 rows=598457 loops=1)
              Hash Cond: (mi.movie_id = t.id)
              ->  Seq Scan on movie_info mi  (cost=0.00..346232.03 rows=616095 width=4) (actual time=3288.400..5612.021 rows=598457 loops=1)
                    Filter: (info_type_id = 15)
                    Rows Removed by Filter: 14237263
              ->  Hash  (cost=61283.27..61283.27 rows=2528527 width=4) (actual time=1886.669..1886.669 rows=2528312 loops=1)
                    Buckets: 131072  Batches: 64  Memory Usage: 2425kB
                    ->  Seq Scan on title t  (cost=0.00..61283.27 rows=2528527 width=4) (actual time=0.023..1005.809 rows=2528312 loops=1)
Planning time: 1.200 ms
Execution time: 27083.153 ms
