Nested Loop  (cost=0.43..118469.54 rows=287 width=0) (actual time=5.899..1434.655 rows=172 loops=1)
  ->  Seq Scan on movie_keyword mk  (cost=0.00..81003.12 rows=5127 width=4) (actual time=0.052..1257.453 rows=4958 loops=1)
        Filter: (keyword_id = 2632)
        Rows Removed by Filter: 4518972
  ->  Index Scan using title_pkey on title t  (cost=0.43..7.30 rows=1 width=4) (actual time=0.035..0.035 rows=0 loops=4958)
        Index Cond: (id = mk.movie_id)
        Filter: (production_year = 2010)
        Rows Removed by Filter: 1
Planning time: 0.772 ms
Execution time: 1434.878 ms
