Seq Scan on title t  (cost=0.00..73925.90 rows=789762 width=0) (actual time=0.023..1287.412 rows=685785 loops=1)
  Filter: ((kind_id > 3) AND (production_year < 2003))
  Rows Removed by Filter: 1842527
Planning time: 0.355 ms
Execution time: 1377.656 ms
