Hash Join  (cost=76325.27..153455.28 rows=150849 width=0) (actual time=1454.284..4124.928 rows=593067 loops=1)
  Hash Cond: (mc.movie_id = t.id)
  ->  Seq Scan on movie_companies mc  (cost=0.00..44881.29 rows=2609129 width=4) (actual time=0.030..932.674 rows=2609129 loops=1)
  ->  Hash  (cost=73925.90..73925.90 rows=146189 width=4) (actual time=1315.173..1315.173 rows=282679 loops=1)
        Buckets: 131072 (originally 131072)  Batches: 4 (originally 2)  Memory Usage: 3507kB
        ->  Seq Scan on title t  (cost=0.00..73925.90 rows=146189 width=4) (actual time=0.026..1219.803 rows=282679 loops=1)
              Filter: ((production_year < 1983) AND (kind_id = 1))
              Rows Removed by Filter: 2245633
Planning time: 0.749 ms
Execution time: 4199.803 ms
