Hash Join  (cost=154866.51..194567.40 rows=117041 width=0) (actual time=3665.967..5190.524 rows=1165360 loops=1)
  Hash Cond: (mi_idx.movie_id = t.id)
  ->  Seq Scan on movie_info_idx mi_idx  (cost=0.00..21735.35 rows=1380035 width=4) (actual time=0.008..519.885 rows=1380035 loops=1)
  ->  Hash  (cost=151347.96..151347.96 rows=214444 width=8) (actual time=3665.190..3665.190 rows=533360 loops=1)
        Buckets: 131072 (originally 131072)  Batches: 8 (originally 4)  Memory Usage: 3627kB
        ->  Hash Join  (cost=80042.24..151347.96 rows=214444 width=8) (actual time=1496.199..3493.404 rows=533360 loops=1)
              Hash Cond: (mc.movie_id = t.id)
              ->  Seq Scan on movie_companies mc  (cost=0.00..57926.93 rows=715292 width=4) (actual time=0.013..1228.334 rows=986784 loops=1)
                    Filter: ((company_id < 13004) AND (company_type_id = 1))
                    Rows Removed by Filter: 1622345
              ->  Hash  (cost=67604.59..67604.59 rows=758052 width=4) (actual time=1495.249..1495.249 rows=753677 loops=1)
                    Buckets: 131072  Batches: 16  Memory Usage: 2677kB
                    ->  Seq Scan on title t  (cost=0.00..67604.59 rows=758052 width=4) (actual time=0.016..1256.076 rows=753677 loops=1)
                          Filter: (kind_id < 3)
                          Rows Removed by Filter: 1774635
Planning time: 1.191 ms
Execution time: 5333.578 ms
