Hash Join  (cost=100586.94..222589.63 rows=1269252 width=0) (actual time=2286.293..5189.980 rows=1189814 loops=1)
  Hash Cond: (mk.movie_id = t.id)
  ->  Seq Scan on movie_keyword mk  (cost=0.00..81003.12 rows=1596409 width=4) (actual time=1.063..1450.849 rows=1603641 loops=1)
        Filter: (keyword_id < 2486)
        Rows Removed by Filter: 2920289
  ->  Hash  (cost=67604.59..67604.59 rows=2010348 width=4) (actual time=2284.281..2284.281 rows=2004649 loops=1)
        Buckets: 131072  Batches: 32  Memory Usage: 3241kB
        ->  Seq Scan on title t  (cost=0.00..67604.59 rows=2010348 width=4) (actual time=0.017..1369.572 rows=2004649 loops=1)
              Filter: (production_year > 1975)
              Rows Removed by Filter: 523663
Planning time: 0.767 ms
Execution time: 5338.415 ms
