Seq Scan on movie_keyword mk  (cost=0.00..81003.12 rows=1148794 width=0) (actual time=0.026..773.310 rows=1155461 loops=1)
  Filter: (keyword_id < 1355)
  Rows Removed by Filter: 3368469
Planning time: 3.461 ms
Execution time: 868.869 ms
