Seq Scan on cast_info ci  (cost=0.00..796071.18 rows=66068 width=0) (actual time=2583.135..10034.160 rows=27322 loops=1)
  Filter: ((person_id < 653995) AND (role_id > 10))
  Rows Removed by Filter: 36217022
Planning time: 0.357 ms
Execution time: 10037.893 ms
