Seq Scan on cast_info ci  (cost=0.00..796071.18 rows=3050705 width=0) (actual time=5041.289..15119.940 rows=3356009 loops=1)
  Filter: ((person_id > 831527) AND (role_id = 3))
  Rows Removed by Filter: 32888335
Planning time: 0.414 ms
Execution time: 15533.630 ms
