Hash Join  (cost=102767.86..224731.25 rows=1291709 width=0) (actual time=1832.902..4603.250 rows=1303122 loops=1)
  Hash Cond: (mk.movie_id = t.id)
  ->  Seq Scan on movie_keyword mk  (cost=0.00..81003.12 rows=1291709 width=4) (actual time=0.010..1481.360 rows=1303122 loops=1)
        Filter: (keyword_id > 13504)
        Rows Removed by Filter: 3220808
  ->  Hash  (cost=61283.27..61283.27 rows=2528527 width=4) (actual time=1831.377..1831.377 rows=2528312 loops=1)
        Buckets: 131072  Batches: 64  Memory Usage: 2425kB
        ->  Seq Scan on title t  (cost=0.00..61283.27 rows=2528527 width=4) (actual time=0.021..983.217 rows=2528312 loops=1)
Planning time: 0.538 ms
Execution time: 4748.449 ms
