Hash Join  (cost=164960.81..306813.28 rows=1629243 width=0) (actual time=3797.478..9276.708 rows=8667268 loops=1)
  Hash Cond: (mk.movie_id = t.id)
  ->  Seq Scan on movie_keyword mk  (cost=0.00..69693.30 rows=4523930 width=4) (actual time=0.028..1504.758 rows=4523930 loops=1)
  ->  Hash  (cost=150020.05..150020.05 rows=910621 width=8) (actual time=3796.388..3796.388 rows=1068706 loops=1)
        Buckets: 131072  Batches: 16  Memory Usage: 3660kB
        ->  Hash Join  (cost=94978.31..150020.05 rows=910621 width=8) (actual time=1896.063..3506.743 rows=1068706 loops=1)
              Hash Cond: (mi_idx.movie_id = t.id)
              ->  Seq Scan on movie_info_idx mi_idx  (cost=0.00..21735.35 rows=1380035 width=4) (actual time=0.029..474.514 rows=1380035 loops=1)
              ->  Hash  (cost=67604.59..67604.59 rows=1668458 width=4) (actual time=1894.881..1894.881 rows=1671292 loops=1)
                    Buckets: 131072  Batches: 32  Memory Usage: 2858kB
                    ->  Seq Scan on title t  (cost=0.00..67604.59 rows=1668458 width=4) (actual time=0.025..1350.604 rows=1671292 loops=1)
                          Filter: (production_year < 2008)
                          Rows Removed by Filter: 857020
Planning time: 1.127 ms
Execution time: 10235.008 ms
