Hash Join  (cost=83073.88..447734.35 rows=457 width=0) (actual time=1746.268..8217.681 rows=11 loops=1)
  Hash Cond: (mi.movie_id = t.id)
  ->  Seq Scan on movie_info mi  (cost=0.00..309384.22 rows=14739122 width=4) (actual time=0.014..4298.819 rows=14835720 loops=1)
  ->  Hash  (cost=83072.90..83072.90 rows=78 width=8) (actual time=1244.465..1244.465 rows=3 loops=1)
        Buckets: 1024  Batches: 1  Memory Usage: 9kB
        ->  Nested Loop  (cost=0.43..83072.90 rows=78 width=8) (actual time=1122.022..1244.455 rows=3 loops=1)
              ->  Seq Scan on movie_keyword mk  (cost=0.00..81003.12 rows=246 width=4) (actual time=1121.962..1244.332 rows=3 loops=1)
                    Filter: (keyword_id = 54740)
                    Rows Removed by Filter: 4523927
              ->  Index Scan using title_pkey on title t  (cost=0.43..8.40 rows=1 width=4) (actual time=0.036..0.036 rows=1 loops=3)
                    Index Cond: (id = mk.movie_id)
                    Filter: ((production_year > 2001) AND (kind_id = 7))
Planning time: 1.226 ms
Execution time: 8217.823 ms
