Hash Join  (cost=73994.33..807027.93 rows=15800 width=0) (actual time=5772.620..16333.235 rows=24692 loops=1)
  Hash Cond: (ci.movie_id = t.id)
  ->  Seq Scan on cast_info ci  (cost=0.00..705507.15 rows=7298253 width=4) (actual time=4547.449..13732.772 rows=7451973 loops=1)
        Filter: (role_id = 2)
        Rows Removed by Filter: 28792371
  ->  Hash  (cost=73925.90..73925.90 rows=5474 width=4) (actual time=1224.321..1224.321 rows=10142 loops=1)
        Buckets: 16384 (originally 8192)  Batches: 1 (originally 1)  Memory Usage: 485kB
        ->  Seq Scan on title t  (cost=0.00..73925.90 rows=5474 width=4) (actual time=0.159..1219.296 rows=10142 loops=1)
              Filter: ((kind_id > 1) AND (production_year = 1973))
              Rows Removed by Filter: 2518170
Planning time: 0.799 ms
Execution time: 16337.826 ms
