Hash Join  (cost=75818.69..465559.46 rows=607502 width=0) (actual time=3327.924..8831.570 rows=581701 loops=1)
  Hash Cond: (mi.movie_id = t.id)
  ->  Seq Scan on movie_info mi  (cost=0.00..346232.03 rows=3068194 width=4) (actual time=2058.039..5921.395 rows=3036719 loops=1)
        Filter: (info_type_id = 16)
        Rows Removed by Filter: 11799001
  ->  Hash  (cost=67604.59..67604.59 rows=500648 width=4) (actual time=1268.154..1268.154 rows=494029 loops=1)
        Buckets: 131072  Batches: 8  Memory Usage: 3194kB
        ->  Seq Scan on title t  (cost=0.00..67604.59 rows=500648 width=4) (actual time=0.016..1102.128 rows=494029 loops=1)
              Filter: (production_year < 1979)
              Rows Removed by Filter: 2034283
Planning time: 0.737 ms
Execution time: 8907.207 ms
