Seq Scan on movie_companies mc  (cost=0.00..51404.11 rows=1077006 width=0) (actual time=0.028..981.811 rows=1089687 loops=1)
  Filter: (company_id > 14227)
  Rows Removed by Filter: 1519442
Planning time: 0.352 ms
Execution time: 1116.083 ms
