Nested Loop  (cost=0.43..58375.45 rows=13 width=0) (actual time=291.817..896.715 rows=1 loops=1)
  ->  Seq Scan on movie_companies mc  (cost=0.00..57926.93 rows=53 width=4) (actual time=291.754..896.650 rows=1 loops=1)
        Filter: ((company_type_id > 1) AND (company_id = 201773))
        Rows Removed by Filter: 2609128
  ->  Index Scan using title_pkey on title t  (cost=0.43..8.45 rows=1 width=4) (actual time=0.055..0.056 rows=1 loops=1)
        Index Cond: (id = mc.movie_id)
        Filter: ((kind_id < 7) AND (production_year < 2007))
Planning time: 0.595 ms
Execution time: 896.825 ms
