Seq Scan on cast_info ci  (cost=0.00..705507.15 rows=26019236 width=0) (actual time=0.025..13162.843 rows=26013383 loops=1)
  Filter: (person_id < 2690901)
  Rows Removed by Filter: 10230961
Planning time: 2.947 ms
Execution time: 16356.128 ms
