Hash Join  (cost=190230.21..1017381.62 rows=823743 width=0) (actual time=9448.417..17563.072 rows=852448 loops=1)
  Hash Cond: (ci.movie_id = t.id)
  ->  Seq Scan on cast_info ci  (cost=0.00..796071.18 rows=1509278 width=4) (actual time=5284.418..12342.287 rows=491674 loops=1)
        Filter: ((person_id < 1243094) AND (role_id = 10))
        Rows Removed by Filter: 35752670
  ->  Hash  (cost=167588.78..167588.78 rows=1380035 width=8) (actual time=4162.320..4162.320 rows=1380035 loops=1)
        Buckets: 131072  Batches: 32  Memory Usage: 2708kB
        ->  Hash Join  (cost=102767.86..167588.78 rows=1380035 width=8) (actual time=1929.796..3798.609 rows=1380035 loops=1)
              Hash Cond: (mi_idx.movie_id = t.id)
              ->  Seq Scan on movie_info_idx mi_idx  (cost=0.00..21735.35 rows=1380035 width=4) (actual time=0.018..482.921 rows=1380035 loops=1)
              ->  Hash  (cost=61283.27..61283.27 rows=2528527 width=4) (actual time=1928.021..1928.021 rows=2528312 loops=1)
                    Buckets: 131072  Batches: 64  Memory Usage: 2415kB
                    ->  Seq Scan on title t  (cost=0.00..61283.27 rows=2528527 width=4) (actual time=0.009..1086.617 rows=2528312 loops=1)
Planning time: 2.299 ms
Execution time: 17662.785 ms
