Hash Join  (cost=73962.22..134935.73 rows=2923 width=0) (actual time=1158.464..2433.306 rows=7973 loops=1)
  Hash Cond: (mc.movie_id = t.id)
  ->  Seq Scan on movie_companies mc  (cost=0.00..51404.11 rows=2544046 width=4) (actual time=0.025..918.045 rows=2542342 loops=1)
        Filter: (company_id > 6)
        Rows Removed by Filter: 66787
  ->  Hash  (cost=73925.90..73925.90 rows=2905 width=4) (actual time=1149.165..1149.165 rows=2787 loops=1)
        Buckets: 4096  Batches: 1  Memory Usage: 130kB
        ->  Seq Scan on title t  (cost=0.00..73925.90 rows=2905 width=4) (actual time=53.817..1147.726 rows=2787 loops=1)
              Filter: ((kind_id < 7) AND (production_year = 1936))
              Rows Removed by Filter: 2525525
Planning time: 0.801 ms
Execution time: 2434.739 ms
