Hash Join  (cost=83073.29..447731.03 rows=180 width=0) (actual time=2392.667..8436.047 rows=10 loops=1)
  Hash Cond: (mi.movie_id = t.id)
  ->  Seq Scan on movie_info mi  (cost=0.00..309384.22 rows=14739122 width=4) (actual time=0.012..4596.714 rows=14835720 loops=1)
  ->  Hash  (cost=83072.90..83072.90 rows=31 width=8) (actual time=1208.989..1208.989 rows=1 loops=1)
        Buckets: 1024  Batches: 1  Memory Usage: 9kB
        ->  Nested Loop  (cost=0.43..83072.90 rows=31 width=8) (actual time=798.442..1208.983 rows=1 loops=1)
              ->  Seq Scan on movie_keyword mk  (cost=0.00..81003.12 rows=246 width=4) (actual time=7.189..1205.949 rows=67 loops=1)
                    Filter: (keyword_id = 6193)
                    Rows Removed by Filter: 4523863
              ->  Index Scan using title_pkey on title t  (cost=0.43..8.40 rows=1 width=4) (actual time=0.041..0.041 rows=0 loops=67)
                    Index Cond: (id = mk.movie_id)
                    Filter: ((kind_id > 1) AND (production_year < 1974))
                    Rows Removed by Filter: 1
Planning time: 1.252 ms
Execution time: 8436.235 ms
