Hash Join  (cost=69928.56..1003314.95 rows=631765 width=0) (actual time=5662.008..22654.414 rows=681416 loops=1)
  Hash Cond: (ci.movie_id = t.id)
  ->  Seq Scan on cast_info ci  (cost=0.00..796071.18 rows=11281482 width=4) (actual time=4560.194..16130.280 rows=12670688 loops=1)
        Filter: ((person_id < 3297269) AND (role_id = 1))
        Rows Removed by Filter: 23573656
  ->  Hash  (cost=67604.59..67604.59 rows=141598 width=4) (actual time=1100.782..1100.782 rows=141703 loops=1)
        Buckets: 131072  Batches: 2  Memory Usage: 3511kB
        ->  Seq Scan on title t  (cost=0.00..67604.59 rows=141598 width=4) (actual time=0.076..1049.704 rows=141703 loops=1)
              Filter: (production_year = 2010)
              Rows Removed by Filter: 2386609
Planning time: 0.781 ms
Execution time: 22743.170 ms
