Hash Join  (cost=102767.86..243137.69 rows=2056659 width=0) (actual time=2042.213..6242.130 rows=2059522 loops=1)
  Hash Cond: (mk.movie_id = t.id)
  ->  Seq Scan on movie_keyword mk  (cost=0.00..81003.12 rows=2056659 width=4) (actual time=0.024..1670.192 rows=2059522 loops=1)
        Filter: (keyword_id > 5921)
        Rows Removed by Filter: 2464408
  ->  Hash  (cost=61283.27..61283.27 rows=2528527 width=4) (actual time=2041.293..2041.293 rows=2528312 loops=1)
        Buckets: 131072  Batches: 64  Memory Usage: 2425kB
        ->  Seq Scan on title t  (cost=0.00..61283.27 rows=2528527 width=4) (actual time=0.009..1158.559 rows=2528312 loops=1)
Planning time: 0.709 ms
Execution time: 6467.177 ms
