Hash Join  (cost=112531.11..479262.20 rows=207519 width=0) (actual time=2197.224..10137.875 rows=115152 loops=1)
  Hash Cond: (mi.movie_id = t.id)
  ->  Seq Scan on movie_info mi  (cost=0.00..309384.22 rows=14739122 width=4) (actual time=0.010..4564.178 rows=14835720 loops=1)
  ->  Hash  (cost=112086.11..112086.11 rows=35600 width=8) (actual time=2189.213..2189.213 rows=16056 loops=1)
        Buckets: 65536  Batches: 1  Memory Usage: 1140kB
        ->  Hash Join  (cost=75533.21..112086.11 rows=35600 width=8) (actual time=1687.032..2183.502 rows=16056 loops=1)
              Hash Cond: (mi_idx.movie_id = t.id)
              ->  Seq Scan on movie_info_idx mi_idx  (cost=0.00..25185.44 rows=919057 width=4) (actual time=0.019..536.755 rows=920110 loops=1)
                    Filter: (info_type_id > 99)
                    Rows Removed by Filter: 459925
              ->  Hash  (cost=73925.90..73925.90 rows=97944 width=4) (actual time=1313.002..1313.002 rows=106247 loops=1)
                    Buckets: 131072  Batches: 2  Memory Usage: 2890kB
                    ->  Seq Scan on title t  (cost=0.00..73925.90 rows=97944 width=4) (actual time=0.017..1272.883 rows=106247 loops=1)
                          Filter: ((kind_id = 7) AND (production_year = 2011))
                          Rows Removed by Filter: 2422065
Planning time: 2.152 ms
Execution time: 10155.349 ms
