Hash Join  (cost=125618.41..219784.19 rows=46973 width=0) (actual time=2373.855..4563.003 rows=54879 loops=1)
  Hash Cond: (mk.movie_id = t.id)
  ->  Seq Scan on movie_keyword mk  (cost=0.00..81003.12 rows=3384781 width=4) (actual time=0.018..1642.653 rows=3375358 loops=1)
        Filter: (keyword_id > 1316)
        Rows Removed by Filter: 1148572
  ->  Hash  (cost=125179.78..125179.78 rows=35090 width=8) (actual time=2372.701..2372.701 rows=36330 loops=1)
        Buckets: 65536  Batches: 1  Memory Usage: 1932kB
        ->  Hash Join  (cost=68438.72..125179.78 rows=35090 width=8) (actual time=1164.835..2359.745 rows=36330 loops=1)
              Hash Cond: (mc.movie_id = t.id)
              ->  Seq Scan on movie_companies mc  (cost=0.00..51404.11 rows=1329612 width=4) (actual time=0.020..874.765 rows=1334883 loops=1)
                    Filter: (company_type_id > 1)
                    Rows Removed by Filter: 1274246
              ->  Hash  (cost=67604.59..67604.59 rows=66731 width=4) (actual time=1164.153..1164.153 rows=67342 loops=1)
                    Buckets: 131072  Batches: 1  Memory Usage: 3392kB
                    ->  Seq Scan on title t  (cost=0.00..67604.59 rows=66731 width=4) (actual time=0.042..1136.564 rows=67342 loops=1)
                          Filter: (production_year > 2012)
                          Rows Removed by Filter: 2460970
Planning time: 1.132 ms
Execution time: 4570.743 ms
