Seq Scan on title t  (cost=0.00..73925.90 rows=1548992 width=0) (actual time=0.014..1046.693 rows=1608791 loops=1)
  Filter: ((kind_id > 3) AND (production_year > 1929))
  Rows Removed by Filter: 919521
Planning time: 0.339 ms
Execution time: 1203.581 ms
