Hash Join  (cost=84618.84..1063171.69 rows=3280041 width=0) (actual time=1987.966..21781.654 rows=2159289 loops=1)
  Hash Cond: (ci.movie_id = t.id)
  ->  Seq Scan on cast_info ci  (cost=0.00..796071.18 rows=12725136 width=4) (actual time=537.424..15930.759 rows=8343129 loops=1)
        Filter: ((person_id < 2899649) AND (role_id > 2))
        Rows Removed by Filter: 27901215
  ->  Hash  (cost=73925.90..73925.90 rows=651755 width=4) (actual time=1449.588..1449.588 rows=711179 loops=1)
        Buckets: 131072  Batches: 16  Memory Usage: 2590kB
        ->  Seq Scan on title t  (cost=0.00..73925.90 rows=651755 width=4) (actual time=0.037..1230.521 rows=711179 loops=1)
              Filter: ((kind_id < 7) AND (production_year < 2008))
              Rows Removed by Filter: 1817133
Planning time: 0.789 ms
Execution time: 22015.708 ms
