Hash Join  (cost=78576.13..443439.93 rows=20787 width=0) (actual time=884.278..7885.144 rows=51650 loops=1)
  Hash Cond: (mi.movie_id = t.id)
  ->  Seq Scan on movie_info mi  (cost=0.00..309384.22 rows=14739122 width=4) (actual time=0.021..3877.812 rows=14835720 loops=1)
  ->  Hash  (cost=78531.56..78531.56 rows=3566 width=8) (actual time=883.792..883.792 rows=3982 loops=1)
        Buckets: 4096  Batches: 1  Memory Usage: 188kB
        ->  Nested Loop  (cost=0.43..78531.56 rows=3566 width=8) (actual time=0.227..881.433 rows=3982 loops=1)
              ->  Seq Scan on movie_companies mc  (cost=0.00..51404.11 rows=3566 width=4) (actual time=0.173..767.230 rows=3982 loops=1)
                    Filter: (company_id = 312)
                    Rows Removed by Filter: 2605147
              ->  Index Only Scan using title_pkey on title t  (cost=0.43..7.60 rows=1 width=4) (actual time=0.028..0.028 rows=1 loops=3982)
                    Index Cond: (id = mc.movie_id)
                    Heap Fetches: 3982
Planning time: 1.113 ms
Execution time: 7896.815 ms
