Seq Scan on movie_keyword mk  (cost=0.00..81003.12 rows=246 width=0) (actual time=264.098..1244.177 rows=1 loops=1)
  Filter: (keyword_id = 90739)
  Rows Removed by Filter: 4523929
Planning time: 0.377 ms
Execution time: 1244.263 ms
