Hash Join  (cost=709675.34..764105.71 rows=56 width=0) (actual time=10108.215..10477.595 rows=1 loops=1)
  Hash Cond: (mc.movie_id = t.id)
  ->  Seq Scan on movie_companies mc  (cost=0.00..51404.11 rows=806852 width=4) (actual time=0.030..942.811 rows=801506 loops=1)
        Filter: (company_id < 1763)
        Rows Removed by Filter: 1807623
  ->  Hash  (cost=709673.15..709673.15 rows=175 width=8) (actual time=9422.671..9422.671 rows=18 loops=1)
        Buckets: 1024  Batches: 1  Memory Usage: 9kB
        ->  Nested Loop  (cost=0.43..709673.15 rows=175 width=8) (actual time=222.413..9422.655 rows=18 loops=1)
              ->  Seq Scan on cast_info ci  (cost=0.00..705507.15 rows=500 width=4) (actual time=222.327..9416.083 rows=590 loops=1)
                    Filter: (person_id = 824062)
                    Rows Removed by Filter: 36243754
              ->  Index Scan using title_pkey on title t  (cost=0.43..8.32 rows=1 width=4) (actual time=0.011..0.011 rows=0 loops=590)
                    Index Cond: (id = ci.movie_id)
                    Filter: (production_year < 1997)
                    Rows Removed by Filter: 1
Planning time: 1.366 ms
Execution time: 10477.730 ms
