Hash Join  (cost=202636.32..353005.28 rows=2328292 width=0) (actual time=4788.833..12215.129 rows=14459502 loops=1)
  Hash Cond: (mk.movie_id = t.id)
  ->  Seq Scan on movie_keyword mk  (cost=0.00..69693.30 rows=4523930 width=4) (actual time=0.012..1501.228 rows=4523930 loops=1)
  ->  Hash  (cost=181285.64..181285.64 rows=1301335 width=8) (actual time=4785.022..4785.022 rows=1058433 loops=1)
        Buckets: 131072  Batches: 32  Memory Usage: 2366kB
        ->  Hash Join  (cost=88295.76..181285.64 rows=1301335 width=8) (actual time=1753.121..4452.576 rows=1058433 loops=1)
              Hash Cond: (mc.movie_id = t.id)
              ->  Seq Scan on movie_companies mc  (cost=0.00..44881.29 rows=2609129 width=4) (actual time=0.022..898.653 rows=2609129 loops=1)
              ->  Hash  (cost=67604.59..67604.59 rows=1261134 width=4) (actual time=1752.166..1752.166 rows=1260295 loops=1)
                    Buckets: 131072  Batches: 32  Memory Usage: 2413kB
                    ->  Seq Scan on title t  (cost=0.00..67604.59 rows=1261134 width=4) (actual time=0.019..1330.865 rows=1260295 loops=1)
                          Filter: (production_year > 2002)
                          Rows Removed by Filter: 1268017
Planning time: 1.133 ms
Execution time: 13760.687 ms
