Hash Join  (cost=351062.66..2127970.10 rows=59114028 width=0) (actual time=10273.856..93144.269 rows=200175744 loops=1)
  Hash Cond: (ci.movie_id = t.id)
  ->  Seq Scan on cast_info ci  (cost=0.00..614943.12 rows=36225612 width=4) (actual time=0.022..14158.380 rows=36244344 loops=1)
  ->  Hash  (cost=283368.10..283368.10 rows=4126125 width=8) (actual time=10271.698..10271.698 rows=4023495 loops=1)
        Buckets: 131072  Batches: 64  Memory Usage: 3479kB
        ->  Hash Join  (cost=105440.90..283368.10 rows=4126125 width=8) (actual time=2593.929..8501.444 rows=4023495 loops=1)
              Hash Cond: (mk.movie_id = t.id)
              ->  Seq Scan on movie_keyword mk  (cost=0.00..69693.30 rows=4523930 width=4) (actual time=0.014..1499.087 rows=4523930 loops=1)
              ->  Hash  (cost=67604.59..67604.59 rows=2306185 width=4) (actual time=2187.956..2187.956 rows=2298721 loops=1)
                    Buckets: 131072  Batches: 32  Memory Usage: 3562kB
                    ->  Seq Scan on title t  (cost=0.00..67604.59 rows=2306185 width=4) (actual time=0.020..1435.620 rows=2298721 loops=1)
                          Filter: (production_year > 1947)
                          Rows Removed by Filter: 229591
Planning time: 5.432 ms
Execution time: 115788.603 ms
