Hash Join  (cost=92883.59..941426.12 rows=1497171 width=0) (actual time=1669.755..19688.837 rows=3777688 loops=1)
  Hash Cond: (ci.movie_id = t.id)
  ->  Seq Scan on cast_info ci  (cost=0.00..796071.18 rows=2456929 width=4) (actual time=0.008..13093.032 rows=6517666 loops=1)
        Filter: ((person_id > 2934748) AND (role_id > 3))
        Rows Removed by Filter: 29726678
  ->  Hash  (cost=67604.59..67604.59 rows=1540800 width=4) (actual time=1668.648..1668.648 rows=1543264 loops=1)
        Buckets: 131072  Batches: 32  Memory Usage: 2722kB
        ->  Seq Scan on title t  (cost=0.00..67604.59 rows=1540800 width=4) (actual time=137.964..1179.659 rows=1543264 loops=1)
              Filter: (kind_id = 7)
              Rows Removed by Filter: 985048
Planning time: 0.610 ms
Execution time: 20151.746 ms
