Nested Loop  (cost=0.43..58358.27 rows=51 width=0) (actual time=1.330..838.279 rows=1678 loops=1)
  ->  Seq Scan on movie_companies mc  (cost=0.00..57926.93 rows=51 width=4) (actual time=1.284..805.929 rows=1678 loops=1)
        Filter: ((company_id = 868) AND (company_type_id = 1))
        Rows Removed by Filter: 2607451
  ->  Index Only Scan using title_pkey on title t  (cost=0.43..8.45 rows=1 width=4) (actual time=0.018..0.019 rows=1 loops=1678)
        Index Cond: (id = mc.movie_id)
        Heap Fetches: 1678
Planning time: 0.563 ms
Execution time: 838.784 ms
