Hash Join  (cost=68237.77..131286.10 rows=25972 width=0) (actual time=1179.388..2533.672 rows=21500 loops=1)
  Hash Cond: (mc.movie_id = t.id)
  ->  Seq Scan on movie_companies mc  (cost=0.00..57926.93 rows=1296446 width=4) (actual time=180.063..1222.925 rows=1327562 loops=1)
        Filter: ((company_id > 6) AND (company_type_id = 2))
        Rows Removed by Filter: 1281567
  ->  Hash  (cost=67604.59..67604.59 rows=50655 width=4) (actual time=998.702..998.702 rows=50564 loops=1)
        Buckets: 65536  Batches: 1  Memory Usage: 2290kB
        ->  Seq Scan on title t  (cost=0.00..67604.59 rows=50655 width=4) (actual time=0.048..978.482 rows=50564 loops=1)
              Filter: (production_year = 1999)
              Rows Removed by Filter: 2477748
Planning time: 0.735 ms
Execution time: 2536.923 ms
