Hash Join  (cost=67697.55..123937.48 rows=3763 width=0) (actual time=960.636..1989.461 rows=2995 loops=1)
  Hash Cond: (mc.movie_id = t.id)
  ->  Seq Scan on movie_companies mc  (cost=0.00..51404.11 rows=1279517 width=4) (actual time=0.029..830.934 rows=1274246 loops=1)
        Filter: (company_type_id = 1)
        Rows Removed by Filter: 1334883
  ->  Hash  (cost=67604.59..67604.59 rows=7437 width=4) (actual time=960.485..960.485 rows=3613 loops=1)
        Buckets: 8192  Batches: 1  Memory Usage: 192kB
        ->  Seq Scan on title t  (cost=0.00..67604.59 rows=7437 width=4) (actual time=447.829..958.856 rows=3613 loops=1)
              Filter: (production_year = 1919)
              Rows Removed by Filter: 2524699
Planning time: 0.744 ms
Execution time: 1990.152 ms
