Seq Scan on title t  (cost=0.00..73925.90 rows=64714 width=0) (actual time=544.001..1210.436 rows=3 loops=1)
  Filter: ((production_year < 1927) AND (kind_id = 7))
  Rows Removed by Filter: 2528309
Planning time: 0.365 ms
Execution time: 1210.564 ms
