Hash Join  (cost=83072.98..139463.16 rows=3 width=0) (actual time=1838.826..2381.992 rows=6 loops=1)
  Hash Cond: (mc.movie_id = t.id)
  ->  Seq Scan on movie_companies mc  (cost=0.00..51404.11 rows=1329612 width=4) (actual time=218.202..932.399 rows=1334883 loops=1)
        Filter: (company_type_id = 2)
        Rows Removed by Filter: 1274246
  ->  Hash  (cost=83072.90..83072.90 rows=6 width=8) (actual time=1269.641..1269.641 rows=6 loops=1)
        Buckets: 1024  Batches: 1  Memory Usage: 9kB
        ->  Nested Loop  (cost=0.43..83072.90 rows=6 width=8) (actual time=184.601..1269.613 rows=6 loops=1)
              ->  Seq Scan on movie_keyword mk  (cost=0.00..81003.12 rows=246 width=4) (actual time=0.463..1227.400 rows=1083 loops=1)
                    Filter: (keyword_id = 32586)
                    Rows Removed by Filter: 4522847
              ->  Index Scan using title_pkey on title t  (cost=0.43..8.40 rows=1 width=4) (actual time=0.038..0.038 rows=0 loops=1083)
                    Index Cond: (id = mk.movie_id)
                    Filter: ((production_year > 2011) AND (kind_id = 1))
                    Rows Removed by Filter: 1
Planning time: 1.195 ms
Execution time: 2382.143 ms
