Hash Join  (cost=117726.73..241845.06 rows=173629 width=0) (actual time=2245.723..5288.968 rows=1102343 loops=1)
  Hash Cond: (mk.movie_id = t.id)
  ->  Seq Scan on movie_keyword mk  (cost=0.00..69693.30 rows=4523930 width=4) (actual time=0.020..1395.219 rows=4523930 loops=1)
  ->  Hash  (cost=116133.67..116133.67 rows=97045 width=8) (actual time=2244.695..2244.695 rows=116094 loops=1)
        Buckets: 131072  Batches: 2  Memory Usage: 3293kB
        ->  Hash Join  (cost=78306.32..116133.67 rows=97045 width=8) (actual time=1159.129..2204.871 rows=116094 loops=1)
              Hash Cond: (mi_idx.movie_id = t.id)
              ->  Seq Scan on movie_info_idx mi_idx  (cost=0.00..25185.44 rows=919057 width=4) (actual time=0.018..549.628 rows=920110 loops=1)
                    Filter: (info_type_id > 99)
                    Rows Removed by Filter: 459925
              ->  Hash  (cost=73925.90..73925.90 rows=266993 width=4) (actual time=1158.309..1158.309 rows=216282 loops=1)
                    Buckets: 131072  Batches: 4  Memory Usage: 2928kB
                    ->  Seq Scan on title t  (cost=0.00..73925.90 rows=266993 width=4) (actual time=0.034..1089.032 rows=216282 loops=1)
                          Filter: ((production_year > 2005) AND (kind_id = 1))
                          Rows Removed by Filter: 2312030
Planning time: 1.202 ms
Execution time: 5428.295 ms
