Hash Join  (cost=102767.86..1118408.80 rows=12478141 width=0) (actual time=6974.945..25095.536 rows=12585165 loops=1)
  Hash Cond: (ci.movie_id = t.id)
  ->  Seq Scan on cast_info ci  (cost=0.00..705507.15 rows=12478141 width=4) (actual time=4874.354..12766.433 rows=12585165 loops=1)
        Filter: (person_id > 2423597)
        Rows Removed by Filter: 23659179
  ->  Hash  (cost=61283.27..61283.27 rows=2528527 width=4) (actual time=2098.935..2098.935 rows=2528312 loops=1)
        Buckets: 131072  Batches: 64  Memory Usage: 2415kB
        ->  Seq Scan on title t  (cost=0.00..61283.27 rows=2528527 width=4) (actual time=0.025..1226.895 rows=2528312 loops=1)
Planning time: 0.730 ms
Execution time: 26546.418 ms
