Hash Join  (cost=450642.20..477722.44 rows=16976 width=0) (actual time=7334.530..7891.331 rows=666 loops=1)
  Hash Cond: (mi_idx.movie_id = t.id)
  ->  Seq Scan on movie_info_idx mi_idx  (cost=0.00..21735.35 rows=1380035 width=4) (actual time=0.015..283.525 rows=1380035 loops=1)
  ->  Hash  (cost=450253.40..450253.40 rows=31104 width=8) (actual time=7333.452..7333.452 rows=295 loops=1)
        Buckets: 32768  Batches: 1  Memory Usage: 268kB
        ->  Hash Join  (cost=97468.80..450253.40 rows=31104 width=8) (actual time=3734.798..7333.180 rows=295 loops=1)
              Hash Cond: (mi.movie_id = t.id)
              ->  Seq Scan on movie_info mi  (cost=0.00..346232.03 rows=54808 width=4) (actual time=1689.309..5099.314 rows=50267 loops=1)
                    Filter: (info_type_id > 107)
                    Rows Removed by Filter: 14785453
              ->  Hash  (cost=73925.90..73925.90 rows=1434952 width=4) (actual time=1961.179..1961.179 rows=1560688 loops=1)
                    Buckets: 131072  Batches: 32  Memory Usage: 2756kB
                    ->  Seq Scan on title t  (cost=0.00..73925.90 rows=1434952 width=4) (actual time=0.052..1451.181 rows=1560688 loops=1)
                          Filter: ((kind_id > 1) AND (production_year > 1979))
                          Rows Removed by Filter: 967624
Planning time: 1.239 ms
Execution time: 7891.591 ms
