Seq Scan on cast_info ci  (cost=0.00..796071.18 rows=2813824 width=0) (actual time=0.034..14382.457 rows=1650002 loops=1)
  Filter: ((person_id < 2634091) AND (role_id = 3))
  Rows Removed by Filter: 34594342
Planning time: 0.418 ms
Execution time: 14587.615 ms
