Seq Scan on movie_keyword mk  (cost=0.00..81003.12 rows=319180 width=0) (actual time=0.017..1354.136 rows=315486 loops=1)
  Filter: (keyword_id > 51672)
  Rows Removed by Filter: 4208444
Planning time: 0.321 ms
Execution time: 1395.614 ms
