Hash Join  (cost=189632.99..1038577.25 rows=3604842 width=0) (actual time=5405.762..26804.374 rows=14944491 loops=1)
  Hash Cond: (ci.movie_id = t.id)
  ->  Seq Scan on cast_info ci  (cost=0.00..705507.15 rows=8943117 width=4) (actual time=24.836..12421.561 rows=8809596 loops=1)
        Filter: (person_id < 867623)
        Rows Removed by Filter: 27434748
  ->  Hash  (cost=172910.83..172910.83 rows=1019213 width=8) (actual time=5150.737..5150.737 rows=1891821 loops=1)
        Buckets: 131072 (originally 131072)  Batches: 32 (originally 16)  Memory Usage: 3321kB
        ->  Hash Join  (cost=83810.17..172910.83 rows=1019213 width=8) (actual time=1553.215..4587.038 rows=1891821 loops=1)
              Hash Cond: (mc.movie_id = t.id)
              ->  Seq Scan on movie_companies mc  (cost=0.00..44881.29 rows=2609129 width=4) (actual time=0.018..961.219 rows=2609129 loops=1)
              ->  Hash  (cost=67604.59..67604.59 rows=987727 width=4) (actual time=1552.498..1552.498 rows=985048 loops=1)
                    Buckets: 131072  Batches: 16  Memory Usage: 3188kB
                    ->  Seq Scan on title t  (cost=0.00..67604.59 rows=987727 width=4) (actual time=0.081..1244.158 rows=985048 loops=1)
                          Filter: (kind_id < 7)
                          Rows Removed by Filter: 1543264
Planning time: 2.305 ms
Execution time: 28571.267 ms
