Hash Join  (cost=102644.26..157328.11 rows=1832 width=0) (actual time=1856.266..2968.881 rows=5158 loops=1)
  Hash Cond: (mc.movie_id = t.id)
  ->  Seq Scan on movie_companies mc  (cost=0.00..44881.29 rows=2609129 width=4) (actual time=0.028..617.710 rows=2609129 loops=1)
  ->  Hash  (cost=102622.06..102622.06 rows=1776 width=8) (actual time=1850.197..1850.197 rows=1986 loops=1)
        Buckets: 2048  Batches: 1  Memory Usage: 94kB
        ->  Hash Join  (cost=73987.23..102622.06 rows=1776 width=8) (actual time=1275.469..1849.339 rows=1986 loops=1)
              Hash Cond: (mi_idx.movie_id = t.id)
              ->  Seq Scan on movie_info_idx mi_idx  (cost=0.00..25185.44 rows=915101 width=4) (actual time=0.019..494.586 rows=919850 loops=1)
                    Filter: (info_type_id < 101)
                    Rows Removed by Filter: 460185
              ->  Hash  (cost=73925.90..73925.90 rows=4906 width=4) (actual time=1186.834..1186.834 rows=7867 loops=1)
                    Buckets: 8192  Batches: 1  Memory Usage: 341kB
                    ->  Seq Scan on title t  (cost=0.00..73925.90 rows=4906 width=4) (actual time=30.180..1182.875 rows=7867 loops=1)
                          Filter: ((kind_id > 3) AND (production_year = 1974))
                          Rows Removed by Filter: 2520445
Planning time: 6.527 ms
Execution time: 2969.744 ms
