Hash Join  (cost=190230.21..310888.98 rows=1098740 width=0) (actual time=4842.856..8679.100 rows=4663809 loops=1)
  Hash Cond: (mk.movie_id = t.id)
  ->  Seq Scan on movie_keyword mk  (cost=0.00..81003.12 rows=2013132 width=4) (actual time=0.016..1655.466 rows=2018948 loops=1)
        Filter: (keyword_id > 6140)
        Rows Removed by Filter: 2504982
  ->  Hash  (cost=167588.78..167588.78 rows=1380035 width=8) (actual time=4840.816..4840.816 rows=1380035 loops=1)
        Buckets: 131072  Batches: 32  Memory Usage: 2726kB
        ->  Hash Join  (cost=102767.86..167588.78 rows=1380035 width=8) (actual time=2393.500..4418.949 rows=1380035 loops=1)
              Hash Cond: (mi_idx.movie_id = t.id)
              ->  Seq Scan on movie_info_idx mi_idx  (cost=0.00..21735.35 rows=1380035 width=4) (actual time=0.018..509.466 rows=1380035 loops=1)
              ->  Hash  (cost=61283.27..61283.27 rows=2528527 width=4) (actual time=2391.410..2391.410 rows=2528312 loops=1)
                    Buckets: 131072  Batches: 64  Memory Usage: 2415kB
                    ->  Seq Scan on title t  (cost=0.00..61283.27 rows=2528527 width=4) (actual time=0.008..1283.305 rows=2528312 loops=1)
Planning time: 1.202 ms
Execution time: 9204.652 ms
