Hash Join  (cost=102951.51..277571.37 rows=3854691 width=0) (actual time=2398.851..7103.493 rows=3660520 loops=1)
  Hash Cond: (mk.movie_id = t.id)
  ->  Seq Scan on movie_keyword mk  (cost=0.00..69693.30 rows=4523930 width=4) (actual time=0.021..1412.959 rows=4523930 loops=1)
  ->  Hash  (cost=67604.59..67604.59 rows=2154474 width=4) (actual time=2397.770..2397.770 rows=2146684 loops=1)
        Buckets: 131072  Batches: 32  Memory Usage: 3394kB
        ->  Seq Scan on title t  (cost=0.00..67604.59 rows=2154474 width=4) (actual time=0.020..1352.179 rows=2146684 loops=1)
              Filter: (production_year > 1965)
              Rows Removed by Filter: 381628
Planning time: 0.755 ms
Execution time: 7527.867 ms
