Hash Join  (cost=457420.74..586786.51 rows=604373 width=0) (actual time=8001.114..12230.957 rows=2302882 loops=1)
  Hash Cond: (mk.movie_id = t.id)
  ->  Seq Scan on movie_keyword mk  (cost=0.00..69693.30 rows=4523930 width=4) (actual time=0.023..1383.739 rows=4523930 loops=1)
  ->  Hash  (cost=451878.27..451878.27 rows=337798 width=8) (actual time=8000.235..8000.235 rows=565492 loops=1)
        Buckets: 131072  Batches: 8  Memory Usage: 3792kB
        ->  Hash Join  (cost=85011.79..451878.27 rows=337798 width=8) (actual time=3436.131..7820.877 rows=565492 loops=1)
              Hash Cond: (mi.movie_id = t.id)
              ->  Seq Scan on movie_info mi  (cost=0.00..346232.03 rows=1264125 width=4) (actual time=2149.447..5642.828 rows=1288928 loops=1)
                    Filter: (info_type_id = 2)
                    Rows Removed by Filter: 13546792
              ->  Hash  (cost=73925.90..73925.90 rows=675671 width=4) (actual time=1285.822..1285.822 rows=576285 loops=1)
                    Buckets: 131072  Batches: 16  Memory Usage: 2295kB
                    ->  Seq Scan on title t  (cost=0.00..73925.90 rows=675671 width=4) (actual time=0.064..1100.098 rows=576285 loops=1)
                          Filter: ((kind_id < 7) AND (production_year > 1991))
                          Rows Removed by Filter: 1952027
Planning time: 1.196 ms
Execution time: 12514.476 ms
