Hash Join  (cost=73982.55..134458.80 rows=1213 width=0) (actual time=1394.827..2110.976 rows=2676 loops=1)
  Hash Cond: (mc.movie_id = t.id)
  ->  Seq Scan on movie_companies mc  (cost=0.00..57926.93 rows=676582 width=4) (actual time=304.476..930.292 rows=429708 loops=1)
        Filter: ((company_id < 11373) AND (company_type_id > 1))
        Rows Removed by Filter: 2179421
  ->  Hash  (cost=73925.90..73925.90 rows=4532 width=4) (actual time=1089.649..1089.649 rows=8818 loops=1)
        Buckets: 16384 (originally 8192)  Batches: 1 (originally 1)  Memory Usage: 439kB
        ->  Seq Scan on title t  (cost=0.00..73925.90 rows=4532 width=4) (actual time=0.039..1084.998 rows=8818 loops=1)
              Filter: ((kind_id = 7) AND (production_year = 1967))
              Rows Removed by Filter: 2519494
Planning time: 2.817 ms
Execution time: 2111.587 ms
