Hash Join  (cost=422146.40..1176182.87 rows=324726 width=0) (actual time=6331.303..23454.869 rows=347278 loops=1)
  Hash Cond: (ci.movie_id = t.id)
  ->  Seq Scan on cast_info ci  (cost=0.00..614943.12 rows=36225612 width=4) (actual time=0.022..8582.842 rows=36244344 loops=1)
  ->  Hash  (cost=421863.08..421863.08 rows=22666 width=8) (actual time=6330.911..6330.911 rows=10188 loops=1)
        Buckets: 32768  Batches: 1  Memory Usage: 654kB
        ->  Hash Join  (cost=69687.24..421863.08 rows=22666 width=8) (actual time=5221.731..6326.566 rows=10188 loops=1)
              Hash Cond: (mi.movie_id = t.id)
              ->  Seq Scan on movie_info mi  (cost=0.00..346232.03 rows=451508 width=4) (actual time=4166.055..5064.293 rows=474443 loops=1)
                    Filter: (info_type_id = 6)
                    Rows Removed by Filter: 14361277
              ->  Hash  (cost=67604.59..67604.59 rows=126932 width=4) (actual time=1054.555..1054.555 rows=122861 loops=1)
                    Buckets: 131072  Batches: 2  Memory Usage: 3197kB
                    ->  Seq Scan on title t  (cost=0.00..67604.59 rows=126932 width=4) (actual time=0.039..1006.982 rows=122861 loops=1)
                          Filter: (production_year = 2008)
                          Rows Removed by Filter: 2405451
Planning time: 1.199 ms
Execution time: 23511.269 ms
