Hash Join  (cost=162778.53..669664.17 rows=2537871 width=0) (actual time=3887.957..26619.960 rows=43600879 loops=1)
  Hash Cond: (mi.movie_id = t.id)
  ->  Seq Scan on movie_info mi  (cost=0.00..309384.22 rows=14739122 width=4) (actual time=0.019..5748.507 rows=14835720 loops=1)
  ->  Hash  (cost=155635.32..155635.32 rows=435377 width=8) (actual time=3886.874..3886.874 rows=851136 loops=1)
        Buckets: 131072 (originally 131072)  Batches: 16 (originally 8)  Memory Usage: 3169kB
        ->  Hash Join  (cost=81720.25..155635.32 rows=435377 width=8) (actual time=1374.001..3603.395 rows=851136 loops=1)
              Hash Cond: (mc.movie_id = t.id)
              ->  Seq Scan on movie_companies mc  (cost=0.00..51404.11 rows=1279517 width=4) (actual time=0.019..991.826 rows=1274246 loops=1)
                    Filter: (company_type_id < 2)
                    Rows Removed by Filter: 1334883
              ->  Hash  (cost=67604.59..67604.59 rows=860373 width=4) (actual time=1372.397..1372.397 rows=854214 loops=1)
                    Buckets: 131072  Batches: 16  Memory Usage: 2897kB
                    ->  Seq Scan on title t  (cost=0.00..67604.59 rows=860373 width=4) (actual time=0.019..1105.888 rows=854214 loops=1)
                          Filter: (kind_id < 4)
                          Rows Removed by Filter: 1674098
Planning time: 1.120 ms
Execution time: 31383.867 ms
