Seq Scan on movie_keyword mk  (cost=0.00..81003.12 rows=3369449 width=0) (actual time=0.017..1505.368 rows=3364813 loops=1)
  Filter: (keyword_id > 1378)
  Rows Removed by Filter: 1159117
Planning time: 0.304 ms
Execution time: 1916.451 ms
