Hash Join  (cost=83810.17..231216.76 rows=1579428 width=0) (actual time=1423.661..5995.305 rows=3459108 loops=1)
  Hash Cond: (mk.movie_id = t.id)
  ->  Seq Scan on movie_keyword mk  (cost=0.00..81003.12 rows=4043249 width=4) (actual time=0.020..1821.314 rows=4047037 loops=1)
        Filter: (keyword_id < 37469)
        Rows Removed by Filter: 476893
  ->  Hash  (cost=67604.59..67604.59 rows=987727 width=4) (actual time=1422.619..1422.619 rows=985048 loops=1)
        Buckets: 131072  Batches: 16  Memory Usage: 3197kB
        ->  Seq Scan on title t  (cost=0.00..67604.59 rows=987727 width=4) (actual time=0.026..1147.723 rows=985048 loops=1)
              Filter: (kind_id < 7)
              Rows Removed by Filter: 1543264
Planning time: 0.727 ms
Execution time: 6395.480 ms
