Hash Join  (cost=463979.28..1434031.86 rows=3146224 width=0) (actual time=7688.873..32126.070 rows=2249018 loops=1)
  Hash Cond: (ci.movie_id = t.id)
  ->  Seq Scan on cast_info ci  (cost=0.00..705507.15 rows=20024311 width=4) (actual time=0.014..15548.365 rows=20122661 loops=1)
        Filter: (role_id < 3)
        Rows Removed by Filter: 16121683
  ->  Hash  (cost=457461.24..457461.24 rows=397283 width=8) (actual time=7687.738..7687.738 rows=167328 loops=1)
        Buckets: 131072  Batches: 8  Memory Usage: 1844kB
        ->  Hash Join  (cost=92883.59..457461.24 rows=397283 width=8) (actual time=2877.200..7636.109 rows=167328 loops=1)
              Hash Cond: (mi.movie_id = t.id)
              ->  Seq Scan on movie_info mi  (cost=0.00..346232.03 rows=651960 width=4) (actual time=1131.424..5074.148 rows=660923 loops=1)
                    Filter: (info_type_id = 18)
                    Rows Removed by Filter: 14174797
              ->  Hash  (cost=67604.59..67604.59 rows=1540800 width=4) (actual time=1744.868..1744.868 rows=1543264 loops=1)
                    Buckets: 131072  Batches: 32  Memory Usage: 2728kB
                    ->  Seq Scan on title t  (cost=0.00..67604.59 rows=1540800 width=4) (actual time=251.934..1222.211 rows=1543264 loops=1)
                          Filter: (kind_id = 7)
                          Rows Removed by Filter: 985048
Planning time: 0.859 ms
Execution time: 32400.251 ms
