Hash Join  (cost=168761.25..1011382.56 rows=549424 width=0) (actual time=3179.331..25985.553 rows=5938538 loops=1)
  Hash Cond: (ci.movie_id = t.id)
  ->  Seq Scan on cast_info ci  (cost=0.00..705507.15 rows=35098639 width=4) (actual time=0.017..12894.311 rows=35092129 loops=1)
        Filter: (person_id < 3838425)
        Rows Removed by Filter: 1152215
  ->  Hash  (cost=168266.49..168266.49 rows=39581 width=8) (actual time=3178.919..3178.919 rows=75228 loops=1)
        Buckets: 131072 (originally 65536)  Batches: 1 (originally 1)  Memory Usage: 3963kB
        ->  Hash Join  (cost=74299.17..168266.49 rows=39581 width=8) (actual time=1061.370..3154.165 rows=75228 loops=1)
              Hash Cond: (mk.movie_id = t.id)
              ->  Seq Scan on movie_keyword mk  (cost=0.00..81003.12 rows=3351570 width=4) (actual time=0.013..1550.915 rows=3349949 loops=1)
                    Filter: (keyword_id > 1382)
                    Rows Removed by Filter: 1173981
              ->  Hash  (cost=73925.90..73925.90 rows=29861 width=4) (actual time=1060.727..1060.727 rows=17772 loops=1)
                    Buckets: 32768  Batches: 1  Memory Usage: 881kB
                    ->  Seq Scan on title t  (cost=0.00..73925.90 rows=29861 width=4) (actual time=0.017..1053.510 rows=17772 loops=1)
                          Filter: ((kind_id < 2) AND (production_year = 2007))
                          Rows Removed by Filter: 2510540
Planning time: 1.139 ms
Execution time: 26688.986 ms
