Seq Scan on cast_info ci  (cost=0.00..796071.18 rows=6358321 width=0) (actual time=0.022..15664.267 rows=7451973 loops=1)
  Filter: ((person_id < 3210291) AND (role_id = 2))
  Rows Removed by Filter: 28792371
Planning time: 0.422 ms
Execution time: 16604.170 ms
