Hash Join  (cost=199590.97..340212.67 rows=1627424 width=0) (actual time=4952.329..12474.363 rows=15112682 loops=1)
  Hash Cond: (mk.movie_id = t.id)
  ->  Seq Scan on movie_keyword mk  (cost=0.00..81003.12 rows=3331290 width=4) (actual time=0.023..1815.900 rows=3322373 loops=1)
        Filter: (keyword_id < 15297)
        Rows Removed by Filter: 1201557
  ->  Hash  (cost=179324.30..179324.30 rows=1235253 width=8) (actual time=4950.504..4950.504 rows=1526120 loops=1)
        Buckets: 131072  Batches: 32  Memory Usage: 2900kB
        ->  Hash Join  (cost=87245.25..179324.30 rows=1235253 width=8) (actual time=1596.874..4476.338 rows=1526120 loops=1)
              Hash Cond: (mc.movie_id = t.id)
              ->  Seq Scan on movie_companies mc  (cost=0.00..44881.29 rows=2609129 width=4) (actual time=0.005..886.756 rows=2609129 loops=1)
              ->  Hash  (cost=67604.59..67604.59 rows=1197093 width=4) (actual time=1596.001..1596.001 rows=1195923 loops=1)
                    Buckets: 131072  Batches: 16  Memory Usage: 3653kB
                    ->  Seq Scan on title t  (cost=0.00..67604.59 rows=1197093 width=4) (actual time=0.027..1218.811 rows=1195923 loops=1)
                          Filter: (production_year < 2003)
                          Rows Removed by Filter: 1332389
Planning time: 3.038 ms
Execution time: 14340.472 ms
