Hash Join  (cost=171645.95..256762.06 rows=766885 width=0) (actual time=3763.587..6274.240 rows=941061 loops=1)
  Hash Cond: (mc.movie_id = t.id)
  ->  Seq Scan on movie_companies mc  (cost=0.00..51404.11 rows=1909106 width=4) (actual time=0.029..1201.296 rows=1918272 loops=1)
        Filter: (company_id > 1263)
        Rows Removed by Filter: 690857
  ->  Hash  (cost=154981.62..154981.62 rows=1015706 width=8) (actual time=3762.619..3762.619 rows=750135 loops=1)
        Buckets: 131072  Batches: 16  Memory Usage: 2867kB
        ->  Hash Join  (cost=98137.04..154981.62 rows=1015706 width=8) (actual time=1886.748..3533.601 rows=750135 loops=1)
              Hash Cond: (mi_idx.movie_id = t.id)
              ->  Seq Scan on movie_info_idx mi_idx  (cost=0.00..21735.35 rows=1380035 width=4) (actual time=0.019..436.395 rows=1380035 loops=1)
              ->  Hash  (cost=67604.59..67604.59 rows=1860996 width=4) (actual time=1885.262..1885.262 rows=1865487 loops=1)
                    Buckets: 131072  Batches: 32  Memory Usage: 3079kB
                    ->  Seq Scan on title t  (cost=0.00..67604.59 rows=1860996 width=4) (actual time=0.028..1288.697 rows=1865487 loops=1)
                          Filter: (kind_id > 1)
                          Rows Removed by Filter: 662825
Planning time: 1.144 ms
Execution time: 6394.419 ms
