Hash Join  (cost=76090.67..166218.63 rows=37159 width=0) (actual time=1265.266..3666.927 rows=151627 loops=1)
  Hash Cond: (mk.movie_id = t.id)
  ->  Seq Scan on movie_keyword mk  (cost=0.00..81003.12 rows=712333 width=4) (actual time=0.022..1320.427 rows=711658 loops=1)
        Filter: (keyword_id < 613)
        Rows Removed by Filter: 3812272
  ->  Hash  (cost=73925.90..73925.90 rows=131901 width=4) (actual time=1264.550..1264.550 rows=259059 loops=1)
        Buckets: 131072 (originally 131072)  Batches: 4 (originally 2)  Memory Usage: 3312kB
        ->  Seq Scan on title t  (cost=0.00..73925.90 rows=131901 width=4) (actual time=0.059..1172.535 rows=259059 loops=1)
              Filter: ((kind_id < 3) AND (production_year < 1975))
              Rows Removed by Filter: 2269253
Planning time: 0.574 ms
Execution time: 3685.017 ms
