Nested Loop  (cost=44377.22..171857.20 rows=11440 width=0) (actual time=1348.142..4292.597 rows=49537 loops=1)
  ->  Hash Join  (cost=44376.79..135226.17 rows=62308 width=8) (actual time=1348.053..2915.863 rows=49537 loops=1)
        Hash Cond: (mk.movie_id = mi_idx.movie_id)
        ->  Seq Scan on movie_keyword mk  (cost=0.00..81003.12 rows=20961 width=4) (actual time=0.038..1313.495 rows=19528 loops=1)
              Filter: (keyword_id = 137)
              Rows Removed by Filter: 4504402
        ->  Hash  (cost=21735.35..21735.35 rows=1380035 width=4) (actual time=1341.890..1341.890 rows=1380035 loops=1)
              Buckets: 131072  Batches: 32  Memory Usage: 2556kB
              ->  Seq Scan on movie_info_idx mi_idx  (cost=0.00..21735.35 rows=1380035 width=4) (actual time=0.017..458.822 rows=1380035 loops=1)
  ->  Index Only Scan using title_pkey on title t  (cost=0.43..0.58 rows=1 width=4) (actual time=0.027..0.027 rows=1 loops=49537)
        Index Cond: (id = mi_idx.movie_id)
        Heap Fetches: 49537
Planning time: 2.820 ms
Execution time: 4301.965 ms
