Hash Join  (cost=88687.11..840062.82 rows=58654 width=0) (actual time=1028.232..17826.937 rows=94157 loops=1)
  Hash Cond: (ci.movie_id = t.id)
  ->  Seq Scan on cast_info ci  (cost=0.00..614943.12 rows=36225612 width=4) (actual time=0.015..9222.044 rows=36244344 loops=1)
  ->  Hash  (cost=88635.94..88635.94 rows=4094 width=8) (actual time=1028.156..1028.156 rows=4350 loops=1)
        Buckets: 8192 (originally 4096)  Batches: 1 (originally 1)  Memory Usage: 234kB
        ->  Nested Loop  (cost=0.43..88635.94 rows=4094 width=8) (actual time=19.677..1025.767 rows=4350 loops=1)
              ->  Seq Scan on movie_companies mc  (cost=0.00..57926.93 rows=4094 width=4) (actual time=19.617..871.659 rows=4350 loops=1)
                    Filter: ((company_id = 225) AND (company_type_id = 1))
                    Rows Removed by Filter: 2604779
              ->  Index Only Scan using title_pkey on title t  (cost=0.43..7.49 rows=1 width=4) (actual time=0.034..0.035 rows=1 loops=4350)
                    Index Cond: (id = mc.movie_id)
                    Heap Fetches: 4350
Planning time: 1.443 ms
Execution time: 17851.793 ms
