Seq Scan on movie_companies mc  (cost=0.00..51404.11 rows=607270 width=0) (actual time=0.109..926.222 rows=603880 loops=1)
  Filter: (company_id < 699)
  Rows Removed by Filter: 2005249
Planning time: 0.333 ms
Execution time: 1003.087 ms
