Seq Scan on cast_info ci  (cost=0.00..796071.18 rows=332 width=0) (actual time=3565.399..14064.636 rows=1984 loops=1)
  Filter: ((role_id < 4) AND (person_id = 93260))
  Rows Removed by Filter: 36242360
Planning time: 10.864 ms
Execution time: 14064.994 ms
