Hash Join  (cost=440073.58..596315.30 rows=489612 width=0) (actual time=9945.313..14313.409 rows=5449625 loops=1)
  Hash Cond: (mk.movie_id = t.id)
  ->  Seq Scan on movie_keyword mk  (cost=0.00..69693.30 rows=4523930 width=4) (actual time=0.015..1479.635 rows=4523930 loops=1)
  ->  Hash  (cost=435583.89..435583.89 rows=273655 width=8) (actual time=9938.881..9938.881 rows=250661 loops=1)
        Buckets: 131072  Batches: 4  Memory Usage: 3465kB
        ->  Hash Join  (cost=68191.41..435583.89 rows=273655 width=8) (actual time=1125.813..9827.011 rows=250661 loops=1)
              Hash Cond: (mi.movie_id = t.id)
              ->  Seq Scan on movie_info mi  (cost=0.00..309384.22 rows=14739122 width=4) (actual time=0.017..4626.010 rows=14835720 loops=1)
              ->  Hash  (cost=67604.59..67604.59 rows=46946 width=4) (actual time=1125.081..1125.081 rows=46583 loops=1)
                    Buckets: 65536  Batches: 1  Memory Usage: 2150kB
                    ->  Seq Scan on title t  (cost=0.00..67604.59 rows=46946 width=4) (actual time=0.067..1106.112 rows=46583 loops=1)
                          Filter: (production_year = 1998)
                          Rows Removed by Filter: 2481729
Planning time: 1.148 ms
Execution time: 14946.924 ms
