Seq Scan on title t  (cost=0.00..67604.59 rows=102321 width=94) (actual time=0.025..1364.466 rows=100537 loops=1)
  Filter: (kind_id = 3)
  Rows Removed by Filter: 2427775
Planning time: 0.546 ms
Execution time: 1374.441 ms
