Seq Scan on movie_keyword mk  (cost=0.00..81003.12 rows=3857608 width=0) (actual time=0.021..1588.757 rows=3856689 loops=1)
  Filter: (keyword_id > 520)
  Rows Removed by Filter: 667241
Planning time: 0.305 ms
Execution time: 2060.012 ms
