Hash Join  (cost=79405.47..590113.19 rows=1672809 width=0) (actual time=1279.833..15734.287 rows=4627410 loops=1)
  Hash Cond: (mi.movie_id = t.id)
  ->  Seq Scan on movie_info mi  (cost=0.00..346232.03 rows=12665229 width=4) (actual time=0.019..7243.681 rows=12744652 loops=1)
        Filter: (info_type_id > 2)
        Rows Removed by Filter: 2091068
  ->  Hash  (cost=73925.90..73925.90 rows=333965 width=4) (actual time=1278.896..1278.896 rows=411522 loops=1)
        Buckets: 131072  Batches: 8  Memory Usage: 2850kB
        ->  Seq Scan on title t  (cost=0.00..73925.90 rows=333965 width=4) (actual time=385.121..1144.128 rows=411522 loops=1)
              Filter: ((production_year < 2004) AND (kind_id = 1))
              Rows Removed by Filter: 2116790
Planning time: 0.728 ms
Execution time: 16246.887 ms
