Hash Join  (cost=174289.78..213290.85 rows=76259 width=0) (actual time=3824.517..4603.223 rows=207068 loops=1)
  Hash Cond: (mi_idx.movie_id = t.id)
  ->  Seq Scan on movie_info_idx mi_idx  (cost=0.00..21735.35 rows=1380035 width=4) (actual time=0.053..453.604 rows=1380035 loops=1)
  ->  Hash  (cost=171997.23..171997.23 rows=139724 width=8) (actual time=3627.525..3627.525 rows=141650 loops=1)
        Buckets: 131072  Batches: 2  Memory Usage: 3801kB
        ->  Hash Join  (cost=107780.51..171997.23 rows=139724 width=8) (actual time=2345.842..3579.468 rows=141650 loops=1)
              Hash Cond: (mc.movie_id = t.id)
              ->  Seq Scan on movie_companies mc  (cost=0.00..51404.11 rows=144273 width=4) (actual time=122.768..817.015 rows=143281 loops=1)
                    Filter: (company_id > 134994)
                    Rows Removed by Filter: 2465848
              ->  Hash  (cost=67604.59..67604.59 rows=2448794 width=4) (actual time=2222.376..2222.376 rows=2446783 loops=1)
                    Buckets: 131072  Batches: 32  Memory Usage: 3711kB
                    ->  Seq Scan on title t  (cost=0.00..67604.59 rows=2448794 width=4) (actual time=0.027..1463.608 rows=2446783 loops=1)
                          Filter: (production_year > 1901)
                          Rows Removed by Filter: 81529
Planning time: 1.169 ms
Execution time: 4629.327 ms
