Hash Join  (cost=102767.86..183205.20 rows=524948 width=0) (actual time=2586.154..3461.805 rows=237699 loops=1)
  Hash Cond: (mc.movie_id = t.id)
  ->  Seq Scan on movie_companies mc  (cost=0.00..57926.93 rows=524948 width=4) (actual time=628.308..968.144 rows=237699 loops=1)
        Filter: ((company_id > 14337) AND (company_type_id = 1))
        Rows Removed by Filter: 2371430
  ->  Hash  (cost=61283.27..61283.27 rows=2528527 width=4) (actual time=1957.025..1957.025 rows=2528312 loops=1)
        Buckets: 131072  Batches: 64  Memory Usage: 2415kB
        ->  Seq Scan on title t  (cost=0.00..61283.27 rows=2528527 width=4) (actual time=0.013..1113.340 rows=2528312 loops=1)
Planning time: 8.740 ms
Execution time: 3488.013 ms
