Hash Join  (cost=130698.20..212525.01 rows=4968 width=0) (actual time=2674.997..4049.175 rows=3795 loops=1)
  Hash Cond: (mk.movie_id = t.id)
  ->  Seq Scan on movie_keyword mk  (cost=0.00..81003.12 rows=206401 width=4) (actual time=0.031..1319.548 rows=222109 loops=1)
        Filter: (keyword_id < 178)
        Rows Removed by Filter: 4301821
  ->  Hash  (cost=129937.39..129937.39 rows=60865 width=8) (actual time=2674.506..2674.506 rows=22642 loops=1)
        Buckets: 65536  Batches: 1  Memory Usage: 1397kB
        ->  Hash Join  (cost=74663.22..129937.39 rows=60865 width=8) (actual time=1202.396..2665.710 rows=22642 loops=1)
              Hash Cond: (mc.movie_id = t.id)
              ->  Seq Scan on movie_companies mc  (cost=0.00..44881.29 rows=2609129 width=4) (actual time=0.021..684.156 rows=2609129 loops=1)
              ->  Hash  (cost=73925.90..73925.90 rows=58985 width=4) (actual time=1201.821..1201.821 rows=63200 loops=1)
                    Buckets: 65536  Batches: 1  Memory Usage: 2734kB
                    ->  Seq Scan on title t  (cost=0.00..73925.90 rows=58985 width=4) (actual time=0.480..1175.883 rows=63200 loops=1)
                          Filter: ((kind_id > 4) AND (production_year = 2005))
                          Rows Removed by Filter: 2465112
Planning time: 1.118 ms
Execution time: 4050.128 ms
