Hash Join  (cost=140042.55..528684.31 rows=72787 width=0) (actual time=2548.656..10825.586 rows=50405 loops=1)
  Hash Cond: (mi.movie_id = t.id)
  ->  Seq Scan on movie_info mi  (cost=0.00..346232.03 rows=11115165 width=4) (actual time=208.971..6586.381 rows=11210743 loops=1)
        Filter: (info_type_id > 3)
        Rows Removed by Filter: 3624977
  ->  Hash  (cost=139835.57..139835.57 rows=16558 width=8) (actual time=2339.281..2339.281 rows=7179 loops=1)
        Buckets: 32768  Batches: 1  Memory Usage: 537kB
        ->  Hash Join  (cost=75199.97..139835.57 rows=16558 width=8) (actual time=1552.098..2336.141 rows=7179 loops=1)
              Hash Cond: (mc.movie_id = t.id)
              ->  Seq Scan on movie_companies mc  (cost=0.00..57926.93 rows=539491 width=4) (actual time=252.758..903.311 rows=327169 loops=1)
                    Filter: ((company_id < 6227) AND (company_type_id > 1))
                    Rows Removed by Filter: 2281960
              ->  Hash  (cost=73925.90..73925.90 rows=77605 width=4) (actual time=1298.561..1298.561 rows=84684 loops=1)
                    Buckets: 131072  Batches: 2  Memory Usage: 2512kB
                    ->  Seq Scan on title t  (cost=0.00..73925.90 rows=77605 width=4) (actual time=307.259..1261.370 rows=84684 loops=1)
                          Filter: ((kind_id = 7) AND (production_year = 2009))
                          Rows Removed by Filter: 2443628
Planning time: 1.096 ms
Execution time: 10832.736 ms
