Seq Scan on cast_info ci  (cost=0.00..705507.15 rows=500 width=0) (actual time=6377.759..10250.471 rows=11 loops=1)
  Filter: (person_id = 2550781)
  Rows Removed by Filter: 36244333
Planning time: 0.280 ms
Execution time: 10250.540 ms
