Hash Join  (cost=81043.12..173520.00 rows=126330 width=0) (actual time=1246.578..3088.561 rows=380188 loops=1)
  Hash Cond: (mk.movie_id = t.id)
  ->  Seq Scan on movie_keyword mk  (cost=0.00..81003.12 rows=736388 width=4) (actual time=0.017..1329.390 rows=744337 loops=1)
        Filter: (keyword_id > 25211)
        Rows Removed by Filter: 3779593
  ->  Hash  (cost=73925.90..73925.90 rows=433777 width=4) (actual time=1245.770..1245.770 rows=496765 loops=1)
        Buckets: 131072  Batches: 8  Memory Usage: 3228kB
        ->  Seq Scan on title t  (cost=0.00..73925.90 rows=433777 width=4) (actual time=0.013..1080.375 rows=496765 loops=1)
              Filter: ((kind_id < 3) AND (production_year < 2006))
              Rows Removed by Filter: 2031547
Planning time: 0.492 ms
Execution time: 3132.338 ms
