Seq Scan on movie_keyword mk  (cost=0.00..81003.12 rows=1140623 width=0) (actual time=0.026..1472.861 rows=1148865 loops=1)
  Filter: (keyword_id > 16203)
  Rows Removed by Filter: 3375065
Planning time: 0.326 ms
Execution time: 1621.621 ms
