Seq Scan on movie_keyword mk  (cost=0.00..81003.12 rows=743328 width=0) (actual time=0.024..1455.257 rows=748177 loops=1)
  Filter: (keyword_id < 680)
  Rows Removed by Filter: 3775753
Planning time: 0.326 ms
Execution time: 1552.321 ms
