Hash Join  (cost=483811.61..1387992.27 rows=1839766 width=0) (actual time=16545.839..23819.492 rows=2352466 loops=1)
  Hash Cond: (ci.movie_id = t.id)
  ->  Seq Scan on cast_info ci  (cost=0.00..796071.18 rows=7550618 width=4) (actual time=8061.729..13639.031 rows=2111170 loops=1)
        Filter: ((person_id > 1442840) AND (role_id = 1))
        Rows Removed by Filter: 34133174
  ->  Hash  (cost=473703.43..473703.43 rows=616095 width=8) (actual time=8483.139..8483.139 rows=598457 loops=1)
        Buckets: 131072  Batches: 16  Memory Usage: 2474kB
        ->  Hash Join  (cost=102767.86..473703.43 rows=616095 width=8) (actual time=5565.724..8321.571 rows=598457 loops=1)
              Hash Cond: (mi.movie_id = t.id)
              ->  Seq Scan on movie_info mi  (cost=0.00..346232.03 rows=616095 width=4) (actual time=3542.059..5524.124 rows=598457 loops=1)
                    Filter: (info_type_id = 15)
                    Rows Removed by Filter: 14237263
              ->  Hash  (cost=61283.27..61283.27 rows=2528527 width=4) (actual time=1962.270..1962.270 rows=2528312 loops=1)
                    Buckets: 131072  Batches: 64  Memory Usage: 2425kB
                    ->  Seq Scan on title t  (cost=0.00..61283.27 rows=2528527 width=4) (actual time=0.009..1110.960 rows=2528312 loops=1)
Planning time: 1.242 ms
Execution time: 24114.660 ms
