Seq Scan on title t  (cost=0.00..73925.90 rows=4532 width=0) (actual time=166.506..1277.488 rows=6682 loops=1)
  Filter: ((kind_id = 7) AND (production_year = 1959))
  Rows Removed by Filter: 2521630
Planning time: 0.403 ms
Execution time: 1279.314 ms
