Hash Join  (cost=100860.01..452111.87 rows=116 width=0) (actual time=5039.578..7343.855 rows=890 loops=1)
  Hash Cond: (mi.movie_id = t.id)
  ->  Seq Scan on movie_info mi  (cost=0.00..346232.03 rows=1338312 width=4) (actual time=3192.924..5519.094 rows=1401902 loops=1)
        Filter: (info_type_id = 7)
        Rows Removed by Filter: 13433818
  ->  Hash  (cost=100857.26..100857.26 rows=220 width=8) (actual time=1605.830..1605.830 rows=748 loops=1)
        Buckets: 1024  Batches: 1  Memory Usage: 38kB
        ->  Hash Join  (cost=73940.96..100857.26 rows=220 width=8) (actual time=1110.490..1605.439 rows=748 loops=1)
              Hash Cond: (mi_idx.movie_id = t.id)
              ->  Seq Scan on movie_info_idx mi_idx  (cost=0.00..25185.44 rows=460978 width=4) (actual time=0.015..423.934 rows=459925 loops=1)
                    Filter: (info_type_id = 99)
                    Rows Removed by Filter: 920110
              ->  Hash  (cost=73925.90..73925.90 rows=1204 width=4) (actual time=1109.859..1109.859 rows=1696 loops=1)
                    Buckets: 2048  Batches: 1  Memory Usage: 76kB
                    ->  Seq Scan on title t  (cost=0.00..73925.90 rows=1204 width=4) (actual time=0.174..1108.932 rows=1696 loops=1)
                          Filter: ((kind_id = 3) AND (production_year = 1994))
                          Rows Removed by Filter: 2526616
Planning time: 0.793 ms
Execution time: 7344.123 ms
