Hash Join  (cost=442403.45..520770.66 rows=178002 width=0) (actual time=7566.832..9822.662 rows=931088 loops=1)
  Hash Cond: (mc.movie_id = t.id)
  ->  Seq Scan on movie_companies mc  (cost=0.00..51404.11 rows=2105620 width=4) (actual time=0.031..1064.727 rows=2102470 loops=1)
        Filter: (company_id < 73931)
        Rows Removed by Filter: 506659
  ->  Hash  (cost=438896.54..438896.54 rows=213753 width=8) (actual time=7446.063..7446.063 rows=443040 loops=1)
        Buckets: 131072 (originally 131072)  Batches: 8 (originally 4)  Memory Usage: 3204kB
        ->  Hash Join  (cost=78556.72..438896.54 rows=213753 width=8) (actual time=5084.413..7311.562 rows=443040 loops=1)
              Hash Cond: (mi.movie_id = t.id)
              ->  Seq Scan on movie_info mi  (cost=0.00..346232.03 rows=809669 width=4) (actual time=3675.948..5377.031 rows=802140 loops=1)
                    Filter: (info_type_id = 1)
                    Rows Removed by Filter: 14033580
              ->  Hash  (cost=67604.59..67604.59 rows=667531 width=4) (actual time=1264.215..1264.215 rows=662825 loops=1)
                    Buckets: 131072  Batches: 16  Memory Usage: 2485kB
                    ->  Seq Scan on title t  (cost=0.00..67604.59 rows=667531 width=4) (actual time=444.123..1047.102 rows=662825 loops=1)
                          Filter: (kind_id = 1)
                          Rows Removed by Filter: 1865487
Planning time: 4.720 ms
Execution time: 9934.203 ms
