Hash Join  (cost=137214.02..943205.39 rows=76431 width=0) (actual time=8933.557..14294.840 rows=155790 loops=1)
  Hash Cond: (ci.movie_id = t.id)
  ->  Seq Scan on cast_info ci  (cost=0.00..796071.18 rows=698366 width=4) (actual time=5672.370..10475.830 rows=1382223 loops=1)
        Filter: ((person_id < 189477) AND (role_id = 1))
        Rows Removed by Filter: 34862121
  ->  Hash  (cost=132673.92..132673.92 rows=276728 width=8) (actual time=3260.393..3260.393 rows=141906 loops=1)
        Buckets: 131072  Batches: 4  Memory Usage: 2407kB
        ->  Hash Join  (cost=92883.59..132673.92 rows=276728 width=8) (actual time=2314.468..3221.191 rows=141906 loops=1)
              Hash Cond: (mi_idx.movie_id = t.id)
              ->  Seq Scan on movie_info_idx mi_idx  (cost=0.00..25185.44 rows=454124 width=4) (actual time=0.019..518.989 rows=459925 loops=1)
                    Filter: (info_type_id = 100)
                    Rows Removed by Filter: 920110
              ->  Hash  (cost=67604.59..67604.59 rows=1540800 width=4) (actual time=2207.717..2207.717 rows=1543264 loops=1)
                    Buckets: 131072  Batches: 32  Memory Usage: 2722kB
                    ->  Seq Scan on title t  (cost=0.00..67604.59 rows=1540800 width=4) (actual time=156.415..1216.848 rows=1543264 loops=1)
                          Filter: (kind_id = 7)
                          Rows Removed by Filter: 985048
Planning time: 1.214 ms
Execution time: 14310.088 ms
