Nested Loop  (cost=0.43..121321.93 rows=312 width=0) (actual time=0.115..1542.258 rows=350 loops=1)
  ->  Seq Scan on movie_keyword mk  (cost=0.00..81003.12 rows=5580 width=4) (actual time=0.066..1333.235 rows=5762 loops=1)
        Filter: (keyword_id = 750)
        Rows Removed by Filter: 4518168
  ->  Index Scan using title_pkey on title t  (cost=0.43..7.22 rows=1 width=4) (actual time=0.036..0.036 rows=0 loops=5762)
        Index Cond: (id = mk.movie_id)
        Filter: (production_year = 2010)
        Rows Removed by Filter: 1
Planning time: 0.685 ms
Execution time: 1542.525 ms
