Hash Join  (cost=219810.74..1432674.78 rows=17430788 width=0) (actual time=5176.741..48125.564 rows=44884068 loops=1)
  Hash Cond: (ci.movie_id = t.id)
  ->  Seq Scan on cast_info ci  (cost=0.00..614943.12 rows=36225612 width=4) (actual time=0.026..13672.898 rows=36244344 loops=1)
  ->  Hash  (cost=199849.50..199849.50 rows=1216659 width=8) (actual time=5175.846..5175.846 rows=1165662 loops=1)
        Buckets: 131072  Batches: 16  Memory Usage: 3844kB
        ->  Hash Join  (cost=102767.86..199849.50 rows=1216659 width=8) (actual time=2248.862..4849.636 rows=1165662 loops=1)
              Hash Cond: (mc.movie_id = t.id)
              ->  Seq Scan on movie_companies mc  (cost=0.00..57926.93 rows=1216659 width=4) (actual time=0.019..1228.244 rows=1165662 loops=1)
                    Filter: ((company_id > 19) AND (company_type_id = 1))
                    Rows Removed by Filter: 1443467
              ->  Hash  (cost=61283.27..61283.27 rows=2528527 width=4) (actual time=2246.933..2246.933 rows=2528312 loops=1)
                    Buckets: 131072  Batches: 64  Memory Usage: 2415kB
                    ->  Seq Scan on title t  (cost=0.00..61283.27 rows=2528527 width=4) (actual time=0.008..1137.677 rows=2528312 loops=1)
Planning time: 1.168 ms
Execution time: 52823.775 ms
