Seq Scan on movie_keyword mk  (cost=0.00..81003.12 rows=402754 width=0) (actual time=0.027..1072.187 rows=397383 loops=1)
  Filter: (keyword_id > 43551)
  Rows Removed by Filter: 4126547
Planning time: 0.303 ms
Execution time: 1119.868 ms
