Seq Scan on movie_keyword mk  (cost=0.00..81003.12 rows=2192138 width=0) (actual time=0.016..1406.357 rows=2192863 loops=1)
  Filter: (keyword_id < 4344)
  Rows Removed by Filter: 2331067
Planning time: 0.311 ms
Execution time: 1676.846 ms
