Seq Scan on cast_info ci  (cost=0.00..796071.18 rows=435 width=0) (actual time=13631.516..14424.659 rows=8 loops=1)
  Filter: ((role_id < 10) AND (person_id = 716871))
  Rows Removed by Filter: 36244336
Planning time: 0.272 ms
Execution time: 14424.749 ms
