Hash Join  (cost=83810.17..155442.89 rows=248614 width=0) (actual time=1540.184..2976.043 rows=397742 loops=1)
  Hash Cond: (mc.movie_id = t.id)
  ->  Seq Scan on movie_companies mc  (cost=0.00..57926.93 rows=636437 width=4) (actual time=0.032..945.616 rows=397742 loops=1)
        Filter: ((company_id > 11302) AND (company_type_id = 1))
        Rows Removed by Filter: 2211387
  ->  Hash  (cost=67604.59..67604.59 rows=987727 width=4) (actual time=1539.213..1539.213 rows=985048 loops=1)
        Buckets: 131072  Batches: 16  Memory Usage: 3188kB
        ->  Seq Scan on title t  (cost=0.00..67604.59 rows=987727 width=4) (actual time=0.027..1240.543 rows=985048 loops=1)
              Filter: (kind_id < 7)
              Rows Removed by Filter: 1543264
Planning time: 6.487 ms
Execution time: 3028.417 ms
