Seq Scan on movie_keyword mk  (cost=0.00..81003.12 rows=4074622 width=0) (actual time=0.014..1490.282 rows=4062203 loops=1)
  Filter: (keyword_id > 348)
  Rows Removed by Filter: 461727
Planning time: 0.329 ms
Execution time: 1987.805 ms
