Hash Join  (cost=58358.53..85246.95 rows=1 width=0) (actual time=1378.142..1494.448 rows=10 loops=1)
  Hash Cond: (mi_idx.movie_id = t.id)
  ->  Seq Scan on movie_info_idx mi_idx  (cost=0.00..25185.44 rows=454124 width=4) (actual time=0.013..473.951 rows=459925 loops=1)
        Filter: (info_type_id = 100)
        Rows Removed by Filter: 920110
  ->  Hash  (cost=58358.52..58358.52 rows=1 width=8) (actual time=958.236..958.236 rows=20 loops=1)
        Buckets: 1024  Batches: 1  Memory Usage: 9kB
        ->  Nested Loop  (cost=0.43..58358.52 rows=1 width=8) (actual time=13.084..958.209 rows=20 loops=1)
              ->  Seq Scan on movie_companies mc  (cost=0.00..57926.93 rows=51 width=4) (actual time=1.531..936.298 rows=570 loops=1)
                    Filter: ((company_type_id = 1) AND (company_id = 11456))
                    Rows Removed by Filter: 2608559
              ->  Index Scan using title_pkey on title t  (cost=0.43..8.45 rows=1 width=4) (actual time=0.038..0.038 rows=0 loops=570)
                    Index Cond: (id = mc.movie_id)
                    Filter: ((kind_id = 1) AND (production_year = 1999))
                    Rows Removed by Filter: 1
Planning time: 1.216 ms
Execution time: 1494.648 ms
