Seq Scan on movie_companies mc  (cost=0.00..57926.93 rows=51 width=0) (actual time=661.891..795.285 rows=1 loops=1)
  Filter: ((company_id = 10089) AND (company_type_id = 1))
  Rows Removed by Filter: 2609128
Planning time: 2.808 ms
Execution time: 795.377 ms
