Nested Loop  (cost=0.43..709673.15 rows=175 width=0) (actual time=1001.782..10633.864 rows=106 loops=1)
  ->  Seq Scan on cast_info ci  (cost=0.00..705507.15 rows=500 width=4) (actual time=1001.719..10632.029 rows=109 loops=1)
        Filter: (person_id = 439932)
        Rows Removed by Filter: 36244235
  ->  Index Scan using title_pkey on title t  (cost=0.43..8.32 rows=1 width=4) (actual time=0.015..0.015 rows=1 loops=109)
        Index Cond: (id = ci.movie_id)
        Filter: (production_year < 1997)
        Rows Removed by Filter: 0
Planning time: 0.836 ms
Execution time: 10634.071 ms
