Hash Join  (cost=102767.86..237147.07 rows=1807636 width=0) (actual time=1991.105..5341.135 rows=1806753 loops=1)
  Hash Cond: (mk.movie_id = t.id)
  ->  Seq Scan on movie_keyword mk  (cost=0.00..81003.12 rows=1807636 width=4) (actual time=0.021..1605.147 rows=1806753 loops=1)
        Filter: (keyword_id > 7677)
        Rows Removed by Filter: 2717177
  ->  Hash  (cost=61283.27..61283.27 rows=2528527 width=4) (actual time=1990.035..1990.035 rows=2528312 loops=1)
        Buckets: 131072  Batches: 64  Memory Usage: 2425kB
        ->  Seq Scan on title t  (cost=0.00..61283.27 rows=2528527 width=4) (actual time=0.019..1118.625 rows=2528312 loops=1)
Planning time: 0.736 ms
Execution time: 5551.147 ms
