Hash Join  (cost=102767.86..269216.19 rows=3140382 width=0) (actual time=2061.309..7015.791 rows=3125146 loops=1)
  Hash Cond: (mk.movie_id = t.id)
  ->  Seq Scan on movie_keyword mk  (cost=0.00..81003.12 rows=3140382 width=4) (actual time=0.026..1606.488 rows=3125146 loops=1)
        Filter: (keyword_id > 1890)
        Rows Removed by Filter: 1398784
  ->  Hash  (cost=61283.27..61283.27 rows=2528527 width=4) (actual time=2056.516..2056.516 rows=2528312 loops=1)
        Buckets: 131072  Batches: 64  Memory Usage: 2425kB
        ->  Seq Scan on title t  (cost=0.00..61283.27 rows=2528527 width=4) (actual time=0.018..1177.773 rows=2528312 loops=1)
Planning time: 0.752 ms
Execution time: 7384.735 ms
