Seq Scan on movie_keyword mk  (cost=0.00..81003.12 rows=3118665 width=0) (actual time=0.023..1445.761 rows=3100034 loops=1)
  Filter: (keyword_id > 1960)
  Rows Removed by Filter: 1423896
Planning time: 0.298 ms
Execution time: 1833.209 ms
