Hash Join  (cost=93093.72..1005640.60 rows=3578465 width=0) (actual time=1985.692..23988.076 rows=6401006 loops=1)
  Hash Cond: (ci.movie_id = t.id)
  ->  Seq Scan on cast_info ci  (cost=0.00..796071.18 rows=5824010 width=4) (actual time=0.019..14404.274 rows=10520279 loops=1)
        Filter: ((person_id > 2360030) AND (role_id > 2))
        Rows Removed by Filter: 25724065
  ->  Hash  (cost=67604.59..67604.59 rows=1553611 width=4) (actual time=1984.675..1984.675 rows=1555864 loops=1)
        Buckets: 131072  Batches: 32  Memory Usage: 2734kB
        ->  Seq Scan on title t  (cost=0.00..67604.59 rows=1553611 width=4) (actual time=0.024..1169.169 rows=1555864 loops=1)
              Filter: (kind_id > 4)
              Rows Removed by Filter: 972448
Planning time: 0.763 ms
Execution time: 24739.499 ms
