Hash Join  (cost=128478.61..1130372.20 rows=2264885 width=0) (actual time=2860.166..32297.300 rows=9519002 loops=1)
  Hash Cond: (ci.movie_id = t.id)
  ->  Seq Scan on cast_info ci  (cost=0.00..796071.18 rows=15718819 width=4) (actual time=0.013..17051.632 rows=20259976 loops=1)
        Filter: ((person_id > 1171035) AND (role_id > 1))
        Rows Removed by Filter: 15984368
  ->  Hash  (cost=122500.50..122500.50 rows=364329 width=8) (actual time=2858.887..2858.887 rows=629900 loops=1)
        Buckets: 131072 (originally 131072)  Batches: 16 (originally 8)  Memory Usage: 3073kB
        ->  Hash Join  (cost=78556.72..122500.50 rows=364329 width=8) (actual time=1402.006..2703.021 rows=629900 loops=1)
              Hash Cond: (mi_idx.movie_id = t.id)
              ->  Seq Scan on movie_info_idx mi_idx  (cost=0.00..21735.35 rows=1380035 width=4) (actual time=0.020..459.055 rows=1380035 loops=1)
              ->  Hash  (cost=67604.59..67604.59 rows=667531 width=4) (actual time=1401.157..1401.157 rows=662825 loops=1)
                    Buckets: 131072  Batches: 16  Memory Usage: 2476kB
                    ->  Seq Scan on title t  (cost=0.00..67604.59 rows=667531 width=4) (actual time=432.026..1189.694 rows=662825 loops=1)
                          Filter: (kind_id = 1)
                          Rows Removed by Filter: 1865487
Planning time: 1.127 ms
Execution time: 33408.059 ms
