Seq Scan on cast_info ci  (cost=0.00..796071.18 rows=15157930 width=0) (actual time=0.014..14966.733 rows=10597534 loops=1)
  Filter: ((person_id < 2379378) AND (role_id > 1))
  Rows Removed by Filter: 25646810
Planning time: 0.330 ms
Execution time: 16280.212 ms
