Hash Join  (cost=102767.86..999628.69 rows=3778071 width=0) (actual time=1945.130..22029.517 rows=7904952 loops=1)
  Hash Cond: (ci.movie_id = t.id)
  ->  Seq Scan on cast_info ci  (cost=0.00..796071.18 rows=3778071 width=4) (actual time=0.021..12602.462 rows=7904952 loops=1)
        Filter: ((person_id > 2580868) AND (role_id > 3))
        Rows Removed by Filter: 28339392
  ->  Hash  (cost=61283.27..61283.27 rows=2528527 width=4) (actual time=1944.257..1944.257 rows=2528312 loops=1)
        Buckets: 131072  Batches: 64  Memory Usage: 2415kB
        ->  Seq Scan on title t  (cost=0.00..61283.27 rows=2528527 width=4) (actual time=0.024..1106.560 rows=2528312 loops=1)
Planning time: 0.941 ms
Execution time: 22942.574 ms
