Nested Loop  (cost=0.43..58375.18 rows=53 width=0) (actual time=382.970..705.560 rows=1 loops=1)
  ->  Seq Scan on movie_companies mc  (cost=0.00..57926.93 rows=53 width=4) (actual time=382.873..705.460 rows=1 loops=1)
        Filter: ((company_id = 9735) AND (company_type_id = 2))
        Rows Removed by Filter: 2609128
  ->  Index Only Scan using title_pkey on title t  (cost=0.43..8.45 rows=1 width=4) (actual time=0.082..0.083 rows=1 loops=1)
        Index Cond: (id = mc.movie_id)
        Heap Fetches: 1
Planning time: 0.767 ms
Execution time: 705.630 ms
