Hash Join  (cost=102767.86..787322.05 rows=13649610 width=0) (actual time=1910.280..21034.721 rows=13681409 loops=1)
  Hash Cond: (mi.movie_id = t.id)
  ->  Seq Scan on movie_info mi  (cost=0.00..346232.03 rows=13649610 width=4) (actual time=0.007..7223.973 rows=13681409 loops=1)
        Filter: (info_type_id < 51)
        Rows Removed by Filter: 1154311
  ->  Hash  (cost=61283.27..61283.27 rows=2528527 width=4) (actual time=1908.286..1908.286 rows=2528312 loops=1)
        Buckets: 131072  Batches: 64  Memory Usage: 2425kB
        ->  Seq Scan on title t  (cost=0.00..61283.27 rows=2528527 width=4) (actual time=0.018..1084.083 rows=2528312 loops=1)
Planning time: 0.702 ms
Execution time: 22596.516 ms
