Hash Join  (cost=84417.00..989297.37 rows=2720114 width=0) (actual time=3227.003..18065.679 rows=1524200 loops=1)
  Hash Cond: (ci.movie_id = t.id)
  ->  Seq Scan on cast_info ci  (cost=0.00..796071.18 rows=6711746 width=4) (actual time=1605.386..13927.191 rows=3741120 loops=1)
        Filter: ((person_id < 1986794) AND (role_id > 3))
        Rows Removed by Filter: 32503224
  ->  Hash  (cost=67604.59..67604.59 rows=1024753 width=4) (actual time=1620.455..1620.455 rows=1021752 loops=1)
        Buckets: 131072  Batches: 16  Memory Usage: 3274kB
        ->  Seq Scan on title t  (cost=0.00..67604.59 rows=1024753 width=4) (actual time=0.025..1295.451 rows=1021752 loops=1)
              Filter: (production_year < 2000)
              Rows Removed by Filter: 1506560
Planning time: 0.815 ms
Execution time: 18250.737 ms
