Seq Scan on movie_companies mc  (cost=0.00..51404.11 rows=1705856 width=0) (actual time=0.022..641.445 rows=1708318 loops=1)
  Filter: (company_id > 2887)
  Rows Removed by Filter: 900811
Planning time: 2.138 ms
Execution time: 786.209 ms
