Hash Join  (cost=156487.41..978873.10 rows=333849 width=0) (actual time=3677.791..18242.446 rows=1392600 loops=1)
  Hash Cond: (ci.movie_id = t.id)
  ->  Seq Scan on cast_info ci  (cost=0.00..796071.18 rows=1831205 width=4) (actual time=0.014..12250.685 rows=3696149 loops=1)
        Filter: ((person_id < 494566) AND (role_id = 1))
        Rows Removed by Filter: 32548195
  ->  Hash  (cost=148924.19..148924.19 rows=460978 width=8) (actual time=3677.055..3677.055 rows=459925 loops=1)
        Buckets: 131072  Batches: 8  Memory Usage: 3275kB
        ->  Hash Join  (cost=102767.86..148924.19 rows=460978 width=8) (actual time=1904.238..3531.304 rows=459925 loops=1)
              Hash Cond: (mi_idx.movie_id = t.id)
              ->  Seq Scan on movie_info_idx mi_idx  (cost=0.00..25185.44 rows=460978 width=4) (actual time=0.020..513.190 rows=459925 loops=1)
                    Filter: (info_type_id < 100)
                    Rows Removed by Filter: 920110
              ->  Hash  (cost=61283.27..61283.27 rows=2528527 width=4) (actual time=1902.657..1902.657 rows=2528312 loops=1)
                    Buckets: 131072  Batches: 64  Memory Usage: 2415kB
                    ->  Seq Scan on title t  (cost=0.00..61283.27 rows=2528527 width=4) (actual time=0.016..1072.811 rows=2528312 loops=1)
Planning time: 2.645 ms
Execution time: 18422.547 ms
