Hash Join  (cost=147027.23..1158208.97 rows=3258929 width=0) (actual time=3502.812..33920.557 rows=7285349 loops=1)
  Hash Cond: (ci.movie_id = t.id)
  ->  Seq Scan on cast_info ci  (cost=0.00..705507.15 rows=23499554 width=4) (actual time=0.015..16774.853 rows=23573656 loops=1)
        Filter: (role_id > 1)
        Rows Removed by Filter: 12670688
  ->  Hash  (cost=141274.02..141274.02 rows=350657 width=8) (actual time=3501.672..3501.672 rows=395802 loops=1)
        Buckets: 131072  Batches: 8  Memory Usage: 2963kB
        ->  Hash Join  (cost=99161.12..141274.02 rows=350657 width=8) (actual time=1976.268..3383.423 rows=395802 loops=1)
              Hash Cond: (mi_idx.movie_id = t.id)
              ->  Seq Scan on movie_info_idx mi_idx  (cost=0.00..25185.44 rows=460978 width=4) (actual time=0.023..471.746 rows=459925 loops=1)
                    Filter: (info_type_id < 100)
                    Rows Removed by Filter: 920110
              ->  Hash  (cost=67604.59..67604.59 rows=1923403 width=4) (actual time=1975.011..1975.011 rows=1922849 loops=1)
                    Buckets: 131072  Batches: 32  Memory Usage: 3132kB
                    ->  Seq Scan on title t  (cost=0.00..67604.59 rows=1923403 width=4) (actual time=0.014..1348.955 rows=1922849 loops=1)
                          Filter: (production_year < 2010)
                          Rows Removed by Filter: 605463
Planning time: 1.206 ms
Execution time: 34809.083 ms
