Seq Scan on cast_info ci  (cost=0.00..796071.18 rows=25044414 width=0) (actual time=0.016..14917.845 rows=24831818 loops=1)
  Filter: ((person_id > 396925) AND (role_id < 7))
  Rows Removed by Filter: 11412526
Planning time: 0.320 ms
Execution time: 17711.972 ms
