Seq Scan on movie_keyword mk  (cost=0.00..81003.12 rows=246 width=0) (actual time=177.697..1230.057 rows=5 loops=1)
  Filter: (keyword_id = 64185)
  Rows Removed by Filter: 4523925
Planning time: 0.360 ms
Execution time: 1230.143 ms
