Seq Scan on cast_info ci  (cost=0.00..796071.18 rows=369 width=0) (actual time=380.107..14419.907 rows=502 loops=1)
  Filter: ((role_id < 5) AND (person_id = 356029))
  Rows Removed by Filter: 36243842
Planning time: 0.400 ms
Execution time: 14420.093 ms
