Hash Join  (cost=83074.74..447745.01 rows=1434 width=0) (actual time=1027.803..8028.008 rows=8456 loops=1)
  Hash Cond: (mi.movie_id = t.id)
  ->  Seq Scan on movie_info mi  (cost=0.00..309384.22 rows=14739122 width=4) (actual time=0.019..4303.731 rows=14835720 loops=1)
  ->  Hash  (cost=83071.67..83071.67 rows=246 width=8) (actual time=1019.279..1019.279 rows=109 loops=1)
        Buckets: 1024  Batches: 1  Memory Usage: 13kB
        ->  Nested Loop  (cost=0.43..83071.67 rows=246 width=8) (actual time=34.308..1019.153 rows=109 loops=1)
              ->  Seq Scan on movie_keyword mk  (cost=0.00..81003.12 rows=246 width=4) (actual time=34.239..1007.706 rows=109 loops=1)
                    Filter: (keyword_id = 16285)
                    Rows Removed by Filter: 4523821
              ->  Index Only Scan using title_pkey on title t  (cost=0.43..8.40 rows=1 width=4) (actual time=0.101..0.102 rows=1 loops=109)
                    Index Cond: (id = mk.movie_id)
                    Heap Fetches: 109
Planning time: 1.202 ms
Execution time: 8029.727 ms
