Seq Scan on movie_companies mc  (cost=0.00..51404.11 rows=827155 width=0) (actual time=0.020..745.077 rows=836060 loops=1)
  Filter: (company_id > 26667)
  Rows Removed by Filter: 1773069
Planning time: 0.254 ms
Execution time: 851.350 ms
