Hash Join  (cost=102767.86..915104.47 rows=265442 width=0) (actual time=5125.822..13765.689 rows=299122 loops=1)
  Hash Cond: (ci.movie_id = t.id)
  ->  Seq Scan on cast_info ci  (cost=0.00..796071.18 rows=265442 width=4) (actual time=3092.905..11096.044 rows=299122 loops=1)
        Filter: ((person_id < 45791) AND (role_id < 3))
        Rows Removed by Filter: 35945222
  ->  Hash  (cost=61283.27..61283.27 rows=2528527 width=4) (actual time=2005.696..2005.696 rows=2528312 loops=1)
        Buckets: 131072  Batches: 64  Memory Usage: 2415kB
        ->  Seq Scan on title t  (cost=0.00..61283.27 rows=2528527 width=4) (actual time=0.029..1154.875 rows=2528312 loops=1)
Planning time: 0.778 ms
Execution time: 13802.906 ms
