Nested Loop  (cost=0.43..798788.22 rows=197 width=0) (actual time=3161.334..14148.272 rows=178 loops=1)
  ->  Seq Scan on cast_info ci  (cost=0.00..796071.18 rows=324 width=4) (actual time=677.795..14141.205 rows=213 loops=1)
        Filter: ((role_id > 1) AND (person_id = 324588))
        Rows Removed by Filter: 36244131
  ->  Index Scan using title_pkey on title t  (cost=0.43..8.38 rows=1 width=4) (actual time=0.032..0.032 rows=1 loops=213)
        Index Cond: (id = ci.movie_id)
        Filter: (kind_id = 7)
        Rows Removed by Filter: 0
Planning time: 0.805 ms
Execution time: 14148.427 ms
