Hash Join  (cost=215144.70..745025.13 rows=2966262 width=0) (actual time=5318.339..43767.856 rows=112833368 loops=1)
  Hash Cond: (mi.movie_id = t.id)
  ->  Seq Scan on movie_info mi  (cost=0.00..309384.22 rows=14739122 width=4) (actual time=0.015..6309.517 rows=14835720 loops=1)
  ->  Hash  (cost=206795.85..206795.85 rows=508868 width=8) (actual time=5317.229..5317.229 rows=1825104 loops=1)
        Buckets: 131072 (originally 131072)  Batches: 32 (originally 8)  Memory Usage: 3304kB
        ->  Hash Join  (cost=78593.13..206795.85 rows=508868 width=8) (actual time=1404.235..4837.034 rows=1825104 loops=1)
              Hash Cond: (mk.movie_id = t.id)
              ->  Seq Scan on movie_keyword mk  (cost=0.00..69693.30 rows=4523930 width=4) (actual time=0.017..1310.463 rows=4523930 loops=1)
              ->  Hash  (cost=73925.90..73925.90 rows=284418 width=4) (actual time=1334.660..1334.660 rows=382296 loops=1)
                    Buckets: 131072 (originally 131072)  Batches: 8 (originally 4)  Memory Usage: 3073kB
                    ->  Seq Scan on title t  (cost=0.00..73925.90 rows=284418 width=4) (actual time=606.925..1206.461 rows=382296 loops=1)
                          Filter: ((production_year < 2001) AND (kind_id = 1))
                          Rows Removed by Filter: 2146016
Planning time: 1.181 ms
Execution time: 55758.293 ms
