Hash Join  (cost=73982.55..132504.75 rows=3386 width=0) (actual time=1595.270..2526.384 rows=3672 loops=1)
  Hash Cond: (mc.movie_id = t.id)
  ->  Seq Scan on movie_companies mc  (cost=0.00..51404.11 rows=1889125 width=4) (actual time=0.024..974.717 rows=1902471 loops=1)
        Filter: (company_id > 1344)
        Rows Removed by Filter: 706658
  ->  Hash  (cost=73925.90..73925.90 rows=4532 width=4) (actual time=1224.886..1224.886 rows=6092 loops=1)
        Buckets: 8192  Batches: 1  Memory Usage: 279kB
        ->  Seq Scan on title t  (cost=0.00..73925.90 rows=4532 width=4) (actual time=0.025..1221.757 rows=6092 loops=1)
              Filter: ((kind_id = 7) AND (production_year = 1958))
              Rows Removed by Filter: 2522220
Planning time: 0.804 ms
Execution time: 2527.004 ms
