Hash Join  (cost=188429.15..1340774.81 rows=11539550 width=0) (actual time=4197.671..40868.363 rows=20410726 loops=1)
  Hash Cond: (ci.movie_id = t.id)
  ->  Seq Scan on cast_info ci  (cost=0.00..614943.12 rows=36225612 width=4) (actual time=0.012..13332.806 rows=36244344 loops=1)
  ->  Hash  (cost=175213.97..175213.97 rows=805454 width=8) (actual time=4195.365..4195.365 rows=686207 loops=1)
        Buckets: 131072  Batches: 16  Memory Usage: 2685kB
        ->  Hash Join  (cost=92735.26..175213.97 rows=805454 width=8) (actual time=2101.039..4009.630 rows=686207 loops=1)
              Hash Cond: (mc.movie_id = t.id)
              ->  Seq Scan on movie_companies mc  (cost=0.00..51404.11 rows=1329612 width=4) (actual time=209.265..1029.202 rows=1334883 loops=1)
                    Filter: (company_type_id > 1)
                    Rows Removed by Filter: 1274246
              ->  Hash  (cost=67604.59..67604.59 rows=1531734 width=4) (actual time=1890.935..1890.935 rows=1531613 loops=1)
                    Buckets: 131072  Batches: 32  Memory Usage: 2708kB
                    ->  Seq Scan on title t  (cost=0.00..67604.59 rows=1531734 width=4) (actual time=0.022..1391.198 rows=1531613 loops=1)
                          Filter: (production_year > 1997)
                          Rows Removed by Filter: 996699
Planning time: 1.108 ms
Execution time: 43094.445 ms
