Hash Join  (cost=114892.54..873533.06 rows=785133 width=0) (actual time=2184.116..18534.541 rows=919779 loops=1)
  Hash Cond: (ci.movie_id = t.id)
  ->  Seq Scan on cast_info ci  (cost=0.00..614943.12 rows=36225612 width=4) (actual time=0.011..7975.010 rows=36244344 loops=1)
  ->  Hash  (cost=114207.52..114207.52 rows=54802 width=8) (actual time=2183.638..2183.638 rows=22593 loops=1)
        Buckets: 65536  Batches: 1  Memory Usage: 1395kB
        ->  Hash Join  (cost=75574.02..114207.52 rows=54802 width=8) (actual time=1121.478..2175.884 rows=22593 loops=1)
              Hash Cond: (mi_idx.movie_id = t.id)
              ->  Seq Scan on movie_info_idx mi_idx  (cost=0.00..21735.35 rows=1380035 width=4) (actual time=0.014..363.125 rows=1380035 loops=1)
              ->  Hash  (cost=73925.90..73925.90 rows=100409 width=4) (actual time=1120.813..1120.813 rows=110402 loops=1)
                    Buckets: 131072  Batches: 2  Memory Usage: 2964kB
                    ->  Seq Scan on title t  (cost=0.00..73925.90 rows=100409 width=4) (actual time=0.027..1080.619 rows=110402 loops=1)
                          Filter: ((kind_id = 7) AND (production_year = 2012))
                          Rows Removed by Filter: 2417910
Planning time: 1.231 ms
Execution time: 18642.827 ms
