Hash Join  (cost=83074.74..137742.81 rows=254 width=0) (actual time=1333.294..2543.080 rows=7457 loops=1)
  Hash Cond: (mc.movie_id = t.id)
  ->  Seq Scan on movie_companies mc  (cost=0.00..44881.29 rows=2609129 width=4) (actual time=0.032..705.557 rows=2609129 loops=1)
  ->  Hash  (cost=83071.67..83071.67 rows=246 width=8) (actual time=1332.413..1332.413 rows=730 loops=1)
        Buckets: 1024  Batches: 1  Memory Usage: 37kB
        ->  Nested Loop  (cost=0.43..83071.67 rows=246 width=8) (actual time=0.739..1331.846 rows=730 loops=1)
              ->  Seq Scan on movie_keyword mk  (cost=0.00..81003.12 rows=246 width=4) (actual time=0.686..1289.390 rows=730 loops=1)
                    Filter: (keyword_id = 1770)
                    Rows Removed by Filter: 4523200
              ->  Index Only Scan using title_pkey on title t  (cost=0.43..8.40 rows=1 width=4) (actual time=0.056..0.056 rows=1 loops=730)
                    Index Cond: (id = mk.movie_id)
                    Heap Fetches: 730
Planning time: 1.174 ms
Execution time: 2544.369 ms
