Hash Join  (cost=258836.51..721492.14 rows=3948704 width=0) (actual time=7566.005..19895.993 rows=23188736 loops=1)
  Hash Cond: (mi.movie_id = t.id)
  ->  Seq Scan on movie_info mi  (cost=0.00..346232.03 rows=5445713 width=4) (actual time=1396.419..6000.646 rows=5410520 loops=1)
        Filter: (info_type_id < 6)
        Rows Removed by Filter: 9425200
  ->  Hash  (cost=228756.47..228756.47 rows=1833443 width=8) (actual time=6150.127..6150.127 rows=2420800 loops=1)
        Buckets: 131072 (originally 131072)  Batches: 64 (originally 32)  Memory Usage: 3996kB
        ->  Hash Join  (cost=84417.00..228756.47 rows=1833443 width=8) (actual time=1575.360..5531.492 rows=2420800 loops=1)
              Hash Cond: (mk.movie_id = t.id)
              ->  Seq Scan on movie_keyword mk  (cost=0.00..69693.30 rows=4523930 width=4) (actual time=0.025..1389.668 rows=4523930 loops=1)
              ->  Hash  (cost=67604.59..67604.59 rows=1024753 width=4) (actual time=1574.573..1574.573 rows=1021752 loops=1)
                    Buckets: 131072  Batches: 16  Memory Usage: 3281kB
                    ->  Seq Scan on title t  (cost=0.00..67604.59 rows=1024753 width=4) (actual time=0.025..1243.151 rows=1021752 loops=1)
                          Filter: (production_year < 2000)
                          Rows Removed by Filter: 1506560
Planning time: 1.368 ms
Execution time: 22219.235 ms
