Hash Join  (cost=75667.62..112282.30 rows=38578 width=0) (actual time=1299.376..2228.704 rows=114413 loops=1)
  Hash Cond: (mi_idx.movie_id = t.id)
  ->  Seq Scan on movie_info_idx mi_idx  (cost=0.00..25185.44 rows=919057 width=4) (actual time=0.019..522.593 rows=920110 loops=1)
        Filter: (info_type_id > 99)
        Rows Removed by Filter: 459925
  ->  Hash  (cost=73925.90..73925.90 rows=106137 width=4) (actual time=1281.573..1281.573 rows=235647 loops=1)
        Buckets: 131072 (originally 131072)  Batches: 4 (originally 2)  Memory Usage: 3096kB
        ->  Seq Scan on title t  (cost=0.00..73925.90 rows=106137 width=4) (actual time=0.012..1199.098 rows=235647 loops=1)
              Filter: ((kind_id < 2) AND (production_year < 1972))
              Rows Removed by Filter: 2292665
Planning time: 0.530 ms
Execution time: 2240.865 ms
