Hash Join  (cost=188738.07..1187236.79 rows=6598804 width=0) (actual time=4321.878..30133.848 rows=7409105 loops=1)
  Hash Cond: (ci.movie_id = t.id)
  ->  Seq Scan on cast_info ci  (cost=0.00..705507.15 rows=19341207 width=4) (actual time=0.022..14859.527 rows=19250851 loops=1)
        Filter: (person_id < 1923700)
        Rows Removed by Filter: 16993493
  ->  Hash  (cost=174584.58..174584.58 rows=862679 width=8) (actual time=4310.992..4310.992 rows=633430 loops=1)
        Buckets: 131072  Batches: 16  Memory Usage: 2578kB
        ->  Hash Join  (cost=87642.27..174584.58 rows=862679 width=8) (actual time=1711.859..4123.708 rows=633430 loops=1)
              Hash Cond: (mc.movie_id = t.id)
              ->  Seq Scan on movie_companies mc  (cost=0.00..44881.29 rows=2609129 width=4) (actual time=0.015..868.291 rows=2609129 loops=1)
              ->  Hash  (cost=73925.90..73925.90 rows=836029 width=4) (actual time=1710.742..1710.742 rows=742319 loops=1)
                    Buckets: 131072  Batches: 16  Memory Usage: 2657kB
                    ->  Seq Scan on title t  (cost=0.00..73925.90 rows=836029 width=4) (actual time=0.032..1471.399 rows=742319 loops=1)
                          Filter: ((kind_id > 1) AND (production_year < 2002))
                          Rows Removed by Filter: 1785993
Planning time: 4.257 ms
Execution time: 30977.839 ms
