Seq Scan on movie_keyword mk  (cost=0.00..81003.12 rows=3903666 width=0) (actual time=0.028..1662.248 rows=3903973 loops=1)
  Filter: (keyword_id < 29426)
  Rows Removed by Filter: 619957
Planning time: 0.338 ms
Execution time: 2142.847 ms
