Hash Join  (cost=796579.38..851245.52 rows=62 width=0) (actual time=11325.978..12482.746 rows=46 loops=1)
  Hash Cond: (mc.movie_id = t.id)
  ->  Seq Scan on movie_companies mc  (cost=0.00..44881.29 rows=2609129 width=4) (actual time=0.015..722.475 rows=2609129 loops=1)
  ->  Hash  (cost=796578.63..796578.63 rows=60 width=8) (actual time=11275.134..11275.134 rows=7 loops=1)
        Buckets: 1024  Batches: 1  Memory Usage: 9kB
        ->  Nested Loop  (cost=0.43..796578.63 rows=60 width=8) (actual time=11107.465..11275.118 rows=7 loops=1)
              ->  Seq Scan on cast_info ci  (cost=0.00..796071.18 rows=60 width=4) (actual time=11107.371..11274.840 rows=7 loops=1)
                    Filter: ((person_id = 3797896) AND (role_id = 10))
                    Rows Removed by Filter: 36244337
              ->  Index Only Scan using title_pkey on title t  (cost=0.43..8.45 rows=1 width=4) (actual time=0.035..0.036 rows=1 loops=7)
                    Index Cond: (id = ci.movie_id)
                    Heap Fetches: 7
Planning time: 1.265 ms
Execution time: 12482.851 ms
