Hash Join  (cost=962229.72..1524277.37 rows=7707572 width=0) (actual time=16903.029..33099.159 rows=10876037 loops=1)
  Hash Cond: (mi.movie_id = t.id)
  ->  Seq Scan on movie_info mi  (cost=0.00..309384.22 rows=14739122 width=4) (actual time=0.015..6155.620 rows=14835720 loops=1)
  ->  Hash  (cost=940535.60..940535.60 rows=1322250 width=8) (actual time=16902.000..16902.000 rows=912744 loops=1)
        Buckets: 131072  Batches: 32  Memory Usage: 2134kB
        ->  Hash Join  (cost=102767.86..940535.60 rows=1322250 width=8) (actual time=5300.309..16624.472 rows=912744 loops=1)
              Hash Cond: (ci.movie_id = t.id)
              ->  Seq Scan on cast_info ci  (cost=0.00..796071.18 rows=1322250 width=4) (actual time=3013.526..13135.181 rows=912744 loops=1)
                    Filter: ((person_id < 1169503) AND (role_id = 3))
                    Rows Removed by Filter: 35331600
              ->  Hash  (cost=61283.27..61283.27 rows=2528527 width=4) (actual time=2285.587..2285.587 rows=2528312 loops=1)
                    Buckets: 131072  Batches: 64  Memory Usage: 2415kB
                    ->  Seq Scan on title t  (cost=0.00..61283.27 rows=2528527 width=4) (actual time=0.025..1167.660 rows=2528312 loops=1)
Planning time: 1.245 ms
Execution time: 34268.013 ms
