Seq Scan on movie_keyword mk  (cost=0.00..81003.12 rows=246 width=0) (actual time=85.763..1307.255 rows=30 loops=1)
  Filter: (keyword_id = 38680)
  Rows Removed by Filter: 4523900
Planning time: 0.252 ms
Execution time: 1307.353 ms
