Seq Scan on movie_keyword mk  (cost=0.00..81003.12 rows=246 width=0) (actual time=4.450..1198.487 rows=1675 loops=1)
  Filter: (keyword_id = 108)
  Rows Removed by Filter: 4522255
Planning time: 0.366 ms
Execution time: 1199.047 ms
