Hash Join  (cost=286143.04..1706684.20 rows=33239293 width=0) (actual time=7254.769..67130.282 rows=127983821 loops=1)
  Hash Cond: (ci.movie_id = t.id)
  ->  Seq Scan on cast_info ci  (cost=0.00..614943.12 rows=36225612 width=4) (actual time=0.018..13492.866 rows=36244344 loops=1)
  ->  Hash  (cost=248078.99..248078.99 rows=2320084 width=8) (actual time=7253.450..7253.450 rows=2919897 loops=1)
        Buckets: 131072 (originally 131072)  Batches: 64 (originally 32)  Memory Usage: 3073kB
        ->  Hash Join  (cost=91342.70..248078.99 rows=2320084 width=8) (actual time=1961.236..6487.944 rows=2919897 loops=1)
              Hash Cond: (mk.movie_id = t.id)
              ->  Seq Scan on movie_keyword mk  (cost=0.00..81003.12 rows=4054488 width=4) (actual time=0.018..1824.055 rows=4057221 loops=1)
                    Filter: (keyword_id < 38162)
                    Rows Removed by Filter: 466709
              ->  Hash  (cost=67604.59..67604.59 rows=1446889 width=4) (actual time=1959.318..1959.318 rows=1443298 loops=1)
                    Buckets: 131072  Batches: 32  Memory Usage: 2616kB
                    ->  Seq Scan on title t  (cost=0.00..67604.59 rows=1446889 width=4) (actual time=0.021..1303.667 rows=1443298 loops=1)
                          Filter: (production_year < 2006)
                          Rows Removed by Filter: 1085014
Planning time: 1.181 ms
Execution time: 80437.023 ms
