Hash Join  (cost=73962.22..100855.84 rows=522 width=0) (actual time=1183.176..1741.025 rows=806 loops=1)
  Hash Cond: (mi_idx.movie_id = t.id)
  ->  Seq Scan on movie_info_idx mi_idx  (cost=0.00..25185.44 rows=454124 width=4) (actual time=0.014..487.780 rows=459925 loops=1)
        Filter: (info_type_id = 100)
        Rows Removed by Filter: 920110
  ->  Hash  (cost=73925.90..73925.90 rows=2905 width=4) (actual time=1175.460..1175.460 rows=2507 loops=1)
        Buckets: 4096  Batches: 1  Memory Usage: 121kB
        ->  Seq Scan on title t  (cost=0.00..73925.90 rows=2905 width=4) (actual time=0.211..1174.156 rows=2507 loops=1)
              Filter: ((kind_id < 7) AND (production_year = 1931))
              Rows Removed by Filter: 2525805
Planning time: 0.800 ms
Execution time: 1741.308 ms
