Seq Scan on movie_keyword mk  (cost=0.00..81003.12 rows=3950215 width=0) (actual time=0.025..1610.944 rows=3947775 loops=1)
  Filter: (keyword_id > 405)
  Rows Removed by Filter: 576155
Planning time: 0.313 ms
Execution time: 2089.445 ms
