Hash Join  (cost=164367.57..296243.31 rows=810370 width=0) (actual time=3968.714..13233.195 rows=24072624 loops=1)
  Hash Cond: (mk.movie_id = t.id)
  ->  Seq Scan on movie_keyword mk  (cost=0.00..69693.30 rows=4523930 width=4) (actual time=0.025..1516.789 rows=4523930 loops=1)
  ->  Hash  (cost=156935.90..156935.90 rows=452934 width=8) (actual time=3967.925..3967.925 rows=774391 loops=1)
        Buckets: 131072 (originally 131072)  Batches: 16 (originally 8)  Memory Usage: 3073kB
        ->  Hash Join  (cost=78556.72..156935.90 rows=452934 width=8) (actual time=1410.629..3710.295 rows=774391 loops=1)
              Hash Cond: (mc.movie_id = t.id)
              ->  Seq Scan on movie_companies mc  (cost=0.00..51404.11 rows=1715659 width=4) (actual time=0.028..1063.019 rows=1708039 loops=1)
                    Filter: (company_id < 21368)
                    Rows Removed by Filter: 901090
              ->  Hash  (cost=67604.59..67604.59 rows=667531 width=4) (actual time=1409.536..1409.536 rows=662825 loops=1)
                    Buckets: 131072  Batches: 16  Memory Usage: 2476kB
                    ->  Seq Scan on title t  (cost=0.00..67604.59 rows=667531 width=4) (actual time=0.017..1201.490 rows=662825 loops=1)
                          Filter: (kind_id = 1)
                          Rows Removed by Filter: 1865487
Planning time: 14.637 ms
Execution time: 16009.927 ms
