Nested Loop  (cost=32807.94..96533.25 rows=733 width=0) (actual time=763.707..1611.337 rows=608 loops=1)
  Join Filter: (mc.movie_id = t.id)
  ->  Hash Join  (cost=32807.51..93317.47 rows=3795 width=8) (actual time=763.617..1580.992 rows=608 loops=1)
        Hash Cond: (mc.movie_id = mi_idx.movie_id)
        ->  Seq Scan on movie_companies mc  (cost=0.00..57926.93 rows=3989 width=4) (actual time=85.214..862.323 rows=2708 loops=1)
              Filter: ((company_id = 302) AND (company_type_id = 2))
              Rows Removed by Filter: 2606421
        ->  Hash  (cost=25185.44..25185.44 rows=464566 width=4) (actual time=633.512..633.512 rows=459925 loops=1)
              Buckets: 131072  Batches: 8  Memory Usage: 3050kB
              ->  Seq Scan on movie_info_idx mi_idx  (cost=0.00..25185.44 rows=464566 width=4) (actual time=0.024..486.992 rows=459925 loops=1)
                    Filter: (info_type_id = 101)
                    Rows Removed by Filter: 920110
  ->  Index Only Scan using title_pkey on title t  (cost=0.43..0.83 rows=1 width=4) (actual time=0.049..0.049 rows=1 loops=608)
        Index Cond: (id = mi_idx.movie_id)
        Heap Fetches: 608
Planning time: 1.197 ms
Execution time: 1611.631 ms
