Hash Join  (cost=83074.74..880009.47 rows=22 width=0) (actual time=10394.524..15877.603 rows=1520 loops=1)
  Hash Cond: (ci.movie_id = t.id)
  ->  Seq Scan on cast_info ci  (cost=0.00..796071.18 rows=230221 width=4) (actual time=8933.223..14370.860 rows=267717 loops=1)
        Filter: ((person_id > 1215307) AND (role_id > 10))
        Rows Removed by Filter: 35976627
  ->  Hash  (cost=83071.67..83071.67 rows=246 width=8) (actual time=1461.086..1461.086 rows=3797 loops=1)
        Buckets: 4096 (originally 1024)  Batches: 1 (originally 1)  Memory Usage: 181kB
        ->  Nested Loop  (cost=0.43..83071.67 rows=246 width=8) (actual time=0.557..1458.613 rows=3797 loops=1)
              ->  Seq Scan on movie_keyword mk  (cost=0.00..81003.12 rows=246 width=4) (actual time=0.484..1275.598 rows=3797 loops=1)
                    Filter: (keyword_id = 992)
                    Rows Removed by Filter: 4520133
              ->  Index Only Scan using title_pkey on title t  (cost=0.43..8.40 rows=1 width=4) (actual time=0.047..0.047 rows=1 loops=3797)
                    Index Cond: (id = mk.movie_id)
                    Heap Fetches: 3797
Planning time: 5.690 ms
Execution time: 15878.024 ms
