Seq Scan on movie_companies mc  (cost=0.00..57926.93 rows=685046 width=0) (actual time=95.060..1098.553 rows=925288 loops=1)
  Filter: ((company_id > 11165) AND (company_type_id = 2))
  Rows Removed by Filter: 1683841
Planning time: 0.386 ms
Execution time: 1229.626 ms
