Seq Scan on cast_info ci  (cost=0.00..796071.18 rows=6312406 width=0) (actual time=8436.938..15601.236 rows=7450695 loops=1)
  Filter: ((person_id > 463622) AND (role_id = 2))
  Rows Removed by Filter: 28793649
Planning time: 0.385 ms
Execution time: 16513.842 ms
