Hash Join  (cost=796748.78..1191468.58 rows=409 width=0) (actual time=12364.455..19167.491 rows=149 loops=1)
  Hash Cond: (mi.movie_id = t.id)
  ->  Seq Scan on movie_info mi  (cost=0.00..346232.03 rows=12928982 width=4) (actual time=0.026..5652.546 rows=12970088 loops=1)
        Filter: (info_type_id < 18)
        Rows Removed by Filter: 1865632
  ->  Hash  (cost=796747.78..796747.78 rows=80 width=8) (actual time=11779.436..11779.436 rows=9 loops=1)
        Buckets: 1024  Batches: 1  Memory Usage: 9kB
        ->  Nested Loop  (cost=0.43..796747.78 rows=80 width=8) (actual time=154.893..11779.410 rows=9 loops=1)
              ->  Seq Scan on cast_info ci  (cost=0.00..796071.18 rows=80 width=4) (actual time=154.815..11779.123 rows=9 loops=1)
                    Filter: ((role_id > 8) AND (person_id = 2910756))
                    Rows Removed by Filter: 36244335
              ->  Index Only Scan using title_pkey on title t  (cost=0.43..8.45 rows=1 width=4) (actual time=0.028..0.028 rows=1 loops=9)
                    Index Cond: (id = ci.movie_id)
                    Heap Fetches: 9
Planning time: 1.065 ms
Execution time: 19167.731 ms
