Hash Join  (cost=101098.28..155823.32 rows=5952 width=0) (actual time=1653.880..2932.290 rows=41110 loops=1)
  Hash Cond: (mc.movie_id = t.id)
  ->  Seq Scan on movie_companies mc  (cost=0.00..44881.29 rows=2609129 width=4) (actual time=0.023..709.357 rows=2609129 loops=1)
  ->  Hash  (cost=101026.18..101026.18 rows=5768 width=8) (actual time=1653.658..1653.658 rows=13129 loops=1)
        Buckets: 16384 (originally 8192)  Batches: 1 (originally 1)  Memory Usage: 641kB
        ->  Hash Join  (cost=74058.02..101026.18 rows=5768 width=8) (actual time=993.555..1648.463 rows=13129 loops=1)
              Hash Cond: (mi_idx.movie_id = t.id)
              ->  Seq Scan on movie_info_idx mi_idx  (cost=0.00..21735.35 rows=1380035 width=4) (actual time=0.026..347.219 rows=1380035 loops=1)
              ->  Hash  (cost=73925.90..73925.90 rows=10569 width=4) (actual time=993.424..993.424 rows=10528 loops=1)
                    Buckets: 16384  Batches: 1  Memory Usage: 499kB
                    ->  Seq Scan on title t  (cost=0.00..73925.90 rows=10569 width=4) (actual time=0.063..988.702 rows=10528 loops=1)
                          Filter: ((kind_id < 7) AND (production_year = 1993))
                          Rows Removed by Filter: 2517784
Planning time: 1.431 ms
Execution time: 2938.440 ms
