Hash Join  (cost=205044.46..345613.55 rows=1523905 width=0) (actual time=4720.629..10011.669 rows=7025811 loops=1)
  Hash Cond: (mk.movie_id = t.id)
  ->  Seq Scan on movie_keyword mk  (cost=0.00..69693.30 rows=4523930 width=4) (actual time=0.025..1487.652 rows=4523930 loops=1)
  ->  Hash  (cost=191069.65..191069.65 rows=851745 width=8) (actual time=4719.970..4719.970 rows=1059708 loops=1)
        Buckets: 131072  Batches: 16  Memory Usage: 3628kB
        ->  Hash Join  (cost=102767.86..191069.65 rows=851745 width=8) (actual time=1896.840..4397.556 rows=1059708 loops=1)
              Hash Cond: (mc.movie_id = t.id)
              ->  Seq Scan on movie_companies mc  (cost=0.00..57926.93 rows=851745 width=4) (actual time=0.009..1150.392 rows=1059708 loops=1)
                    Filter: ((company_id > 3432) AND (company_type_id = 2))
                    Rows Removed by Filter: 1549421
              ->  Hash  (cost=61283.27..61283.27 rows=2528527 width=4) (actual time=1895.324..1895.324 rows=2528312 loops=1)
                    Buckets: 131072  Batches: 64  Memory Usage: 2415kB
                    ->  Seq Scan on title t  (cost=0.00..61283.27 rows=2528527 width=4) (actual time=0.010..1060.005 rows=2528312 loops=1)
Planning time: 0.921 ms
Execution time: 10839.848 ms
