Hash Join  (cost=1076329.95..1869015.96 rows=24142937 width=0) (actual time=24146.143..66633.699 rows=112914533 loops=1)
  Hash Cond: (mi.movie_id = t.id)
  ->  Seq Scan on movie_info mi  (cost=0.00..309384.22 rows=14739122 width=4) (actual time=0.015..6502.742 rows=14835720 loops=1)
  ->  Hash  (cost=1008378.82..1008378.82 rows=4141771 width=8) (actual time=24144.208..24144.208 rows=6336322 loops=1)
        Buckets: 131072 (originally 131072)  Batches: 128 (originally 64)  Memory Usage: 3073kB
        ->  Hash Join  (cost=102767.86..1008378.82 rows=4141771 width=8) (actual time=5770.903..21585.619 rows=6336322 loops=1)
              Hash Cond: (ci.movie_id = t.id)
              ->  Seq Scan on cast_info ci  (cost=0.00..796071.18 rows=4141771 width=4) (actual time=3808.013..13103.362 rows=6336322 loops=1)
                    Filter: ((person_id > 1853675) AND (role_id > 5))
                    Rows Removed by Filter: 29908022
              ->  Hash  (cost=61283.27..61283.27 rows=2528527 width=4) (actual time=1961.110..1961.110 rows=2528312 loops=1)
                    Buckets: 131072  Batches: 64  Memory Usage: 2415kB
                    ->  Seq Scan on title t  (cost=0.00..61283.27 rows=2528527 width=4) (actual time=0.019..1159.130 rows=2528312 loops=1)
Planning time: 1.233 ms
Execution time: 78790.117 ms
