Hash Join  (cost=427500.27..522905.06 rows=23249 width=0) (actual time=6406.120..8580.671 rows=60901 loops=1)
  Hash Cond: (mk.movie_id = t.id)
  ->  Seq Scan on movie_keyword mk  (cost=0.00..81003.12 rows=3778449 width=4) (actual time=0.016..1574.238 rows=3769983 loops=1)
        Filter: (keyword_id > 684)
        Rows Removed by Filter: 753947
  ->  Hash  (cost=427305.79..427305.79 rows=15558 width=8) (actual time=6405.891..6405.891 rows=10795 loops=1)
        Buckets: 16384  Batches: 1  Memory Usage: 550kB
        ->  Hash Join  (cost=75356.03..427305.79 rows=15558 width=8) (actual time=4073.703..6401.436 rows=10795 loops=1)
              Hash Cond: (mi.movie_id = t.id)
              ->  Seq Scan on movie_info mi  (cost=0.00..346232.03 rows=451508 width=4) (actual time=2741.215..4983.746 rows=474443 loops=1)
                    Filter: (info_type_id = 6)
                    Rows Removed by Filter: 14361277
              ->  Hash  (cost=73925.90..73925.90 rows=87130 width=4) (actual time=1217.490..1217.490 rows=96838 loops=1)
                    Buckets: 131072  Batches: 2  Memory Usage: 2726kB
                    ->  Seq Scan on title t  (cost=0.00..73925.90 rows=87130 width=4) (actual time=0.039..1181.872 rows=96838 loops=1)
                          Filter: ((production_year < 2010) AND (kind_id = 4))
                          Rows Removed by Filter: 2431474
Planning time: 1.201 ms
Execution time: 8589.202 ms
