Seq Scan on movie_companies mc  (cost=0.00..57926.93 rows=53 width=0) (actual time=592.750..769.246 rows=1 loops=1)
  Filter: ((company_id = 49802) AND (company_type_id = 2))
  Rows Removed by Filter: 2609128
Planning time: 0.409 ms
Execution time: 769.322 ms
