Hash Join  (cost=219197.63..1341392.67 rows=10531604 width=0) (actual time=4659.263..35844.558 rows=13454950 loops=1)
  Hash Cond: (ci.movie_id = t.id)
  ->  Seq Scan on cast_info ci  (cost=0.00..796071.18 rows=16748963 width=4) (actual time=0.023..17493.703 rows=20710915 loops=1)
        Filter: ((person_id > 1006204) AND (role_id > 1))
        Rows Removed by Filter: 15533429
  ->  Hash  (cost=193112.68..193112.68 rows=1589916 width=8) (actual time=4657.915..4657.915 rows=717308 loops=1)
        Buckets: 131072  Batches: 32  Memory Usage: 1871kB
        ->  Hash Join  (cost=92883.59..193112.68 rows=1589916 width=8) (actual time=1971.870..4444.941 rows=717308 loops=1)
              Hash Cond: (mc.movie_id = t.id)
              ->  Seq Scan on movie_companies mc  (cost=0.00..44881.29 rows=2609129 width=4) (actual time=0.018..880.938 rows=2609129 loops=1)
              ->  Hash  (cost=67604.59..67604.59 rows=1540800 width=4) (actual time=1810.699..1810.699 rows=1543264 loops=1)
                    Buckets: 131072  Batches: 32  Memory Usage: 2722kB
                    ->  Seq Scan on title t  (cost=0.00..67604.59 rows=1540800 width=4) (actual time=40.529..1309.096 rows=1543264 loops=1)
                          Filter: (kind_id = 7)
                          Rows Removed by Filter: 985048
Planning time: 1.195 ms
Execution time: 37387.386 ms
