Hash Join  (cost=795061.04..822345.04 rows=37352 width=0) (actual time=12831.392..13691.929 rows=173822 loops=1)
  Hash Cond: (mi_idx.movie_id = t.id)
  ->  Seq Scan on movie_info_idx mi_idx  (cost=0.00..21735.35 rows=1380035 width=4) (actual time=0.022..322.297 rows=1380035 loops=1)
  ->  Hash  (cost=794205.58..794205.58 rows=68437 width=8) (actual time=12830.605..12830.605 rows=79754 loops=1)
        Buckets: 131072 (originally 131072)  Batches: 2 (originally 1)  Memory Usage: 3073kB
        ->  Hash Join  (cost=82033.88..794205.58 rows=68437 width=8) (actual time=7680.377..12798.147 rows=79754 loops=1)
              Hash Cond: (ci.movie_id = t.id)
              ->  Seq Scan on cast_info ci  (cost=0.00..705507.15 rows=350181 width=4) (actual time=6283.648..10823.082 rows=316118 loops=1)
                    Filter: (role_id > 10)
                    Rows Removed by Filter: 35928226
              ->  Hash  (cost=73925.90..73925.90 rows=494158 width=4) (actual time=1395.533..1395.533 rows=581419 loops=1)
                    Buckets: 131072  Batches: 8  Memory Usage: 3592kB
                    ->  Seq Scan on title t  (cost=0.00..73925.90 rows=494158 width=4) (actual time=0.044..1211.759 rows=581419 loops=1)
                          Filter: ((kind_id < 7) AND (production_year < 2004))
                          Rows Removed by Filter: 1946893
Planning time: 1.166 ms
Execution time: 13712.044 ms
