Hash Join  (cost=102767.86..209059.26 rows=640386 width=0) (actual time=2010.841..4417.379 rows=641726 loops=1)
  Hash Cond: (mk.movie_id = t.id)
  ->  Seq Scan on movie_keyword mk  (cost=0.00..81003.12 rows=640386 width=4) (actual time=0.019..1454.094 rows=641726 loops=1)
        Filter: (keyword_id < 498)
        Rows Removed by Filter: 3882204
  ->  Hash  (cost=61283.27..61283.27 rows=2528527 width=4) (actual time=2009.882..2009.882 rows=2528312 loops=1)
        Buckets: 131072  Batches: 64  Memory Usage: 2425kB
        ->  Seq Scan on title t  (cost=0.00..61283.27 rows=2528527 width=4) (actual time=0.020..1146.869 rows=2528312 loops=1)
Planning time: 0.833 ms
Execution time: 4498.636 ms
