Seq Scan on movie_companies mc  (cost=0.00..57926.93 rows=53 width=0) (actual time=346.658..906.705 rows=1 loops=1)
  Filter: ((company_type_id > 1) AND (company_id = 294))
  Rows Removed by Filter: 2609128
Planning time: 0.383 ms
Execution time: 906.798 ms
