Seq Scan on movie_keyword mk  (cost=0.00..81003.12 rows=4035187 width=0) (actual time=0.025..1555.722 rows=4040037 loops=1)
  Filter: (keyword_id < 37074)
  Rows Removed by Filter: 483893
Planning time: 0.342 ms
Execution time: 2022.813 ms
