Hash Join  (cost=67697.55..94648.62 rows=4059 width=0) (actual time=1174.541..1670.866 rows=11718 loops=1)
  Hash Cond: (mi_idx.movie_id = t.id)
  ->  Seq Scan on movie_info_idx mi_idx  (cost=0.00..21735.35 rows=1380035 width=4) (actual time=0.023..251.193 rows=1380035 loops=1)
  ->  Hash  (cost=67604.59..67604.59 rows=7437 width=4) (actual time=1174.447..1174.447 rows=14770 loops=1)
        Buckets: 16384 (originally 8192)  Batches: 1 (originally 1)  Memory Usage: 648kB
        ->  Seq Scan on title t  (cost=0.00..67604.59 rows=7437 width=4) (actual time=0.024..1167.316 rows=14770 loops=1)
              Filter: (production_year = 1982)
              Rows Removed by Filter: 2513542
Planning time: 0.773 ms
Execution time: 1672.495 ms
