Seq Scan on movie_companies mc  (cost=0.00..51404.11 rows=115171 width=0) (actual time=297.052..821.835 rows=115096 loops=1)
  Filter: (company_id > 149038)
  Rows Removed by Filter: 2494033
Planning time: 0.314 ms
Execution time: 835.835 ms
