Hash Join  (cost=102767.86..278328.31 rows=3519097 width=0) (actual time=2007.082..6937.834 rows=3512732 loops=1)
  Hash Cond: (mk.movie_id = t.id)
  ->  Seq Scan on movie_keyword mk  (cost=0.00..81003.12 rows=3519097 width=4) (actual time=0.021..1739.346 rows=3512732 loops=1)
        Filter: (keyword_id < 17955)
        Rows Removed by Filter: 1011198
  ->  Hash  (cost=61283.27..61283.27 rows=2528527 width=4) (actual time=2004.696..2004.696 rows=2528312 loops=1)
        Buckets: 131072  Batches: 64  Memory Usage: 2425kB
        ->  Seq Scan on title t  (cost=0.00..61283.27 rows=2528527 width=4) (actual time=0.013..1139.108 rows=2528312 loops=1)
Planning time: 0.794 ms
Execution time: 7357.172 ms
