Hash Join  (cost=73987.23..438929.14 rows=28598 width=0) (actual time=1294.590..9123.187 rows=27893 loops=1)
  Hash Cond: (mi.movie_id = t.id)
  ->  Seq Scan on movie_info mi  (cost=0.00..309384.22 rows=14739122 width=4) (actual time=0.014..4553.927 rows=14835720 loops=1)
  ->  Hash  (cost=73925.90..73925.90 rows=4906 width=4) (actual time=1267.721..1267.721 rows=8100 loops=1)
        Buckets: 8192  Batches: 1  Memory Usage: 349kB
        ->  Seq Scan on title t  (cost=0.00..73925.90 rows=4906 width=4) (actual time=0.028..1263.538 rows=8100 loops=1)
              Filter: ((kind_id > 3) AND (production_year = 1981))
              Rows Removed by Filter: 2520212
Planning time: 0.849 ms
Execution time: 9127.950 ms
