Seq Scan on cast_info ci  (cost=0.00..796071.18 rows=8674762 width=0) (actual time=1498.355..15942.342 rows=6278930 loops=1)
  Filter: ((person_id < 3489712) AND (role_id > 4))
  Rows Removed by Filter: 29965414
Planning time: 0.427 ms
Execution time: 16734.084 ms
