Hash Join  (cost=95640.91..907426.79 rows=20162 width=0) (actual time=4561.327..15412.154 rows=91388 loops=1)
  Hash Cond: (ci.movie_id = t.id)
  ->  Seq Scan on cast_info ci  (cost=0.00..796071.18 rows=4136823 width=4) (actual time=2961.332..12333.537 rows=6468209 loops=1)
        Filter: ((person_id > 3009470) AND (role_id > 1))
        Rows Removed by Filter: 29776135
  ->  Hash  (cost=95486.87..95486.87 rows=12323 width=8) (actual time=1599.643..1599.643 rows=15100 loops=1)
        Buckets: 16384  Batches: 1  Memory Usage: 718kB
        ->  Hash Join  (cost=68449.54..95486.87 rows=12323 width=8) (actual time=992.747..1593.308 rows=15100 loops=1)
              Hash Cond: (mi_idx.movie_id = t.id)
              ->  Seq Scan on movie_info_idx mi_idx  (cost=0.00..25185.44 rows=460978 width=4) (actual time=0.026..466.667 rows=459925 loops=1)
                    Filter: (info_type_id = 99)
                    Rows Removed by Filter: 920110
              ->  Hash  (cost=67604.59..67604.59 rows=67596 width=4) (actual time=992.032..992.032 rows=67777 loops=1)
                    Buckets: 131072  Batches: 1  Memory Usage: 3407kB
                    ->  Seq Scan on title t  (cost=0.00..67604.59 rows=67596 width=4) (actual time=0.029..962.818 rows=67777 loops=1)
                          Filter: (production_year = 2003)
                          Rows Removed by Filter: 2460535
Planning time: 0.840 ms
Execution time: 15427.552 ms
