Hash Join  (cost=102767.86..960521.56 rows=2152894 width=0) (actual time=4749.640..18436.574 rows=4358869 loops=1)
  Hash Cond: (ci.movie_id = t.id)
  ->  Seq Scan on cast_info ci  (cost=0.00..796071.18 rows=2152894 width=4) (actual time=2821.782..11414.942 rows=4358869 loops=1)
        Filter: ((person_id < 582983) AND (role_id < 2))
        Rows Removed by Filter: 31885475
  ->  Hash  (cost=61283.27..61283.27 rows=2528527 width=4) (actual time=1926.400..1926.400 rows=2528312 loops=1)
        Buckets: 131072  Batches: 64  Memory Usage: 2415kB
        ->  Seq Scan on title t  (cost=0.00..61283.27 rows=2528527 width=4) (actual time=0.016..1103.312 rows=2528312 loops=1)
Planning time: 0.851 ms
Execution time: 18919.564 ms
