Hash Join  (cost=181078.66..1317387.46 rows=9978463 width=0) (actual time=3980.997..36371.502 rows=11598599 loops=1)
  Hash Cond: (ci.movie_id = t.id)
  ->  Seq Scan on cast_info ci  (cost=0.00..614943.12 rows=36225612 width=4) (actual time=0.015..13378.456 rows=36244344 loops=1)
  ->  Hash  (cost=169651.53..169651.53 rows=696491 width=8) (actual time=3979.723..3979.723 rows=287550 loops=1)
        Buckets: 131072  Batches: 16  Memory Usage: 1708kB
        ->  Hash Join  (cost=85000.09..169651.53 rows=696491 width=8) (actual time=1586.868..3894.997 rows=287550 loops=1)
              Hash Cond: (mc.movie_id = t.id)
              ->  Seq Scan on movie_companies mc  (cost=0.00..44881.29 rows=2609129 width=4) (actual time=0.011..930.742 rows=2609129 loops=1)
              ->  Hash  (cost=73925.90..73925.90 rows=674975 width=4) (actual time=1585.777..1585.777 rows=739679 loops=1)
                    Buckets: 131072  Batches: 16  Memory Usage: 2654kB
                    ->  Seq Scan on title t  (cost=0.00..73925.90 rows=674975 width=4) (actual time=0.022..1350.380 rows=739679 loops=1)
                          Filter: ((production_year > 2004) AND (kind_id = 7))
                          Rows Removed by Filter: 1788633
Planning time: 2.409 ms
Execution time: 37653.053 ms
