Hash Join  (cost=263115.61..1246335.14 rows=11322118 width=0) (actual time=6491.817..33254.745 rows=24466979 loops=1)
  Hash Cond: (ci.movie_id = t.id)
  ->  Seq Scan on cast_info ci  (cost=0.00..705507.15 rows=10972352 width=4) (actual time=2.460..12909.508 rows=10877591 loops=1)
        Filter: (person_id < 1068376)
        Rows Removed by Filter: 25366753
  ->  Hash  (cost=220309.49..220309.49 rows=2609129 width=8) (actual time=6383.983..6383.983 rows=2609129 loops=1)
        Buckets: 131072  Batches: 64  Memory Usage: 2610kB
        ->  Hash Join  (cost=102767.86..220309.49 rows=2609129 width=8) (actual time=2102.005..5663.335 rows=2609129 loops=1)
              Hash Cond: (mc.movie_id = t.id)
              ->  Seq Scan on movie_companies mc  (cost=0.00..44881.29 rows=2609129 width=4) (actual time=0.013..963.587 rows=2609129 loops=1)
              ->  Hash  (cost=61283.27..61283.27 rows=2528527 width=4) (actual time=2100.294..2100.294 rows=2528312 loops=1)
                    Buckets: 131072  Batches: 64  Memory Usage: 2415kB
                    ->  Seq Scan on title t  (cost=0.00..61283.27 rows=2528527 width=4) (actual time=0.021..1255.514 rows=2528312 loops=1)
Planning time: 1.115 ms
Execution time: 36110.659 ms
