Hash Join  (cost=71089.54..528033.05 rows=744204 width=0) (actual time=1201.236..12866.223 rows=1811874 loops=1)
  Hash Cond: (mi.movie_id = t.id)
  ->  Seq Scan on movie_info mi  (cost=0.00..346232.03 rows=8859586 width=4) (actual time=41.892..6949.505 rows=8966694 loops=1)
        Filter: (info_type_id < 15)
        Rows Removed by Filter: 5869026
  ->  Hash  (cost=67604.59..67604.59 rows=212396 width=4) (actual time=1157.262..1157.262 rows=211624 loops=1)
        Buckets: 131072  Batches: 4  Memory Usage: 2890kB
        ->  Seq Scan on title t  (cost=0.00..67604.59 rows=212396 width=4) (actual time=0.030..1086.535 rows=211624 loops=1)
              Filter: (production_year < 1957)
              Rows Removed by Filter: 2316688
Planning time: 0.745 ms
Execution time: 13083.212 ms
