Hash Join  (cost=76600.09..566543.05 rows=950003 width=0) (actual time=1254.776..14627.978 rows=3030957 loops=1)
  Hash Cond: (mi.movie_id = t.id)
  ->  Seq Scan on movie_info mi  (cost=0.00..309384.22 rows=14739122 width=4) (actual time=0.022..6266.927 rows=14835720 loops=1)
  ->  Hash  (cost=73925.90..73925.90 rows=162975 width=4) (actual time=1254.077..1254.077 rows=264037 loops=1)
        Buckets: 131072  Batches: 4  Memory Usage: 3354kB
        ->  Seq Scan on title t  (cost=0.00..73925.90 rows=162975 width=4) (actual time=0.023..1167.960 rows=264037 loops=1)
              Filter: ((kind_id < 7) AND (production_year < 1973))
              Rows Removed by Filter: 2264275
Planning time: 0.830 ms
Execution time: 14970.571 ms
