Hash Join  (cost=128673.40..493467.35 rows=13803 width=0) (actual time=2479.922..9866.775 rows=41063 loops=1)
  Hash Cond: (mi.movie_id = t.id)
  ->  Seq Scan on movie_info mi  (cost=0.00..309384.22 rows=14739122 width=4) (actual time=0.026..4586.475 rows=14835720 loops=1)
  ->  Hash  (cost=128643.80..128643.80 rows=2368 width=8) (actual time=2341.621..2341.621 rows=4270 loops=1)
        Buckets: 8192 (originally 4096)  Batches: 1 (originally 1)  Memory Usage: 231kB
        ->  Hash Join  (cost=73954.59..128643.80 rows=2368 width=8) (actual time=1084.689..2339.345 rows=4270 loops=1)
              Hash Cond: (mc.movie_id = t.id)
              ->  Seq Scan on movie_companies mc  (cost=0.00..44881.29 rows=2609129 width=4) (actual time=0.029..732.743 rows=2609129 loops=1)
              ->  Hash  (cost=73925.90..73925.90 rows=2295 width=4) (actual time=1083.919..1083.919 rows=3114 loops=1)
                    Buckets: 4096  Batches: 1  Memory Usage: 142kB
                    ->  Seq Scan on title t  (cost=0.00..73925.90 rows=2295 width=4) (actual time=334.279..1082.406 rows=3114 loops=1)
                          Filter: ((kind_id = 4) AND (production_year = 1999))
                          Rows Removed by Filter: 2525198
Planning time: 1.152 ms
Execution time: 9873.581 ms
