Hash Join  (cost=177793.33..685361.06 rows=2601781 width=0) (actual time=4082.259..17038.914 rows=2349588 loops=1)
  Hash Cond: (mi.movie_id = t.id)
  ->  Seq Scan on movie_info mi  (cost=0.00..309384.22 rows=14739122 width=4) (actual time=0.022..6244.154 rows=14835720 loops=1)
  ->  Hash  (cost=170470.06..170470.06 rows=446341 width=8) (actual time=3912.704..3912.704 rows=238698 loops=1)
        Buckets: 131072  Batches: 8  Memory Usage: 2188kB
        ->  Hash Join  (cost=91879.05..170470.06 rows=446341 width=8) (actual time=2654.270..3833.175 rows=238698 loops=1)
              Hash Cond: (mc.movie_id = t.id)
              ->  Seq Scan on movie_companies mc  (cost=0.00..57926.93 rows=1031377 width=4) (actual time=0.008..1257.604 rows=1274246 loops=1)
                    Filter: ((company_id < 73797) AND (company_type_id < 2))
                    Rows Removed by Filter: 1334883
              ->  Hash  (cost=73925.90..73925.90 rows=1094252 width=4) (actual time=1715.824..1715.824 rows=1044222 loops=1)
                    Buckets: 131072  Batches: 16  Memory Usage: 3319kB
                    ->  Seq Scan on title t  (cost=0.00..73925.90 rows=1094252 width=4) (actual time=0.022..1374.970 rows=1044222 loops=1)
                          Filter: ((production_year < 2009) AND (kind_id = 7))
                          Rows Removed by Filter: 1484090
Planning time: 1.194 ms
Execution time: 17298.374 ms
