Seq Scan on movie_companies mc  (cost=0.00..51404.11 rows=2335103 width=0) (actual time=0.021..1048.172 rows=2333792 loops=1)
  Filter: (company_id < 96551)
  Rows Removed by Filter: 275337
Planning time: 6.010 ms
Execution time: 1329.372 ms
