Hash Join  (cost=661112.12..2450025.76 rows=51466745 width=0) (actual time=16132.477..58437.936 rows=38300325 loops=1)
  Hash Cond: (ci.movie_id = t.id)
  ->  Seq Scan on cast_info ci  (cost=0.00..614943.12 rows=36225612 width=4) (actual time=0.017..13879.511 rows=36244344 loops=1)
  ->  Hash  (cost=602174.76..602174.76 rows=3592349 width=8) (actual time=16130.511..16130.511 rows=1408633 loops=1)
        Buckets: 131072  Batches: 64  Memory Usage: 1879kB
        ->  Hash Join  (cost=84037.34..602174.76 rows=3592349 width=8) (actual time=1644.771..15694.224 rows=1408633 loops=1)
              Hash Cond: (mi.movie_id = t.id)
              ->  Seq Scan on movie_info mi  (cost=0.00..309384.22 rows=14739122 width=4) (actual time=0.024..6164.368 rows=14835720 loops=1)
              ->  Hash  (cost=73925.90..73925.90 rows=616275 width=4) (actual time=1643.556..1643.556 rows=676927 loops=1)
                    Buckets: 131072  Batches: 16  Memory Usage: 2522kB
                    ->  Seq Scan on title t  (cost=0.00..73925.90 rows=616275 width=4) (actual time=0.017..1412.681 rows=676927 loops=1)
                          Filter: ((production_year > 2005) AND (kind_id = 7))
                          Rows Removed by Filter: 1851385
Planning time: 1.599 ms
Execution time: 62731.328 ms
