Seq Scan on movie_keyword mk  (cost=0.00..81003.12 rows=3707379 width=0) (actual time=0.026..1492.879 rows=3704299 loops=1)
  Filter: (keyword_id > 785)
  Rows Removed by Filter: 819631
Planning time: 0.321 ms
Execution time: 1943.142 ms
