Seq Scan on movie_keyword mk  (cost=0.00..81003.12 rows=246 width=0) (actual time=257.713..1252.414 rows=10 loops=1)
  Filter: (keyword_id = 41053)
  Rows Removed by Filter: 4523920
Planning time: 0.247 ms
Execution time: 1252.503 ms
