Seq Scan on movie_keyword mk  (cost=0.00..81003.12 rows=4056980 width=12) (actual time=0.010..1787.625 rows=4060230 loops=1)
  Filter: (keyword_id < 38340)
  Rows Removed by Filter: 463700
Planning time: 0.228 ms
Execution time: 2029.914 ms
