Seq Scan on cast_info ci  (cost=0.00..796071.18 rows=3448514 width=0) (actual time=9656.352..15452.571 rows=4008037 loops=1)
  Filter: ((person_id < 3167765) AND (role_id = 3))
  Rows Removed by Filter: 32236307
Planning time: 0.389 ms
Execution time: 15948.654 ms
