Nested Loop  (cost=0.43..83072.90 rows=4 width=0) (actual time=1.079..1318.805 rows=27 loops=1)
  ->  Seq Scan on movie_keyword mk  (cost=0.00..81003.12 rows=246 width=4) (actual time=1.029..1285.699 rows=478 loops=1)
        Filter: (keyword_id = 1572)
        Rows Removed by Filter: 4523452
  ->  Index Scan using title_pkey on title t  (cost=0.43..8.40 rows=1 width=4) (actual time=0.068..0.068 rows=0 loops=478)
        Index Cond: (id = mk.movie_id)
        Filter: ((kind_id < 7) AND (production_year = 2007))
        Rows Removed by Filter: 1
Planning time: 0.793 ms
Execution time: 1318.935 ms
