Seq Scan on movie_keyword mk  (cost=0.00..81003.12 rows=1749327 width=0) (actual time=0.023..1533.519 rows=1757686 loops=1)
  Filter: (keyword_id < 2862)
  Rows Removed by Filter: 2766244
Planning time: 1.169 ms
Execution time: 1756.668 ms
