Seq Scan on movie_info mi  (cost=0.00..346232.03 rows=17937 width=0) (actual time=974.679..5150.929 rows=6620 loops=1)
  Filter: (info_type_id = 81)
  Rows Removed by Filter: 14829100
Planning time: 0.343 ms
Execution time: 5151.917 ms
