Hash Join  (cost=158891.40..289030.91 rows=667847 width=0) (actual time=3496.407..8461.220 rows=7196156 loops=1)
  Hash Cond: (mk.movie_id = t.id)
  ->  Seq Scan on movie_keyword mk  (cost=0.00..69693.30 rows=4523930 width=4) (actual time=0.027..1503.394 rows=4523930 loops=1)
  ->  Hash  (cost=152766.46..152766.46 rows=373275 width=8) (actual time=3495.459..3495.459 rows=581241 loops=1)
        Buckets: 131072  Batches: 8  Memory Usage: 3892kB
        ->  Hash Join  (cost=78183.26..152766.46 rows=373275 width=8) (actual time=1409.531..3337.877 rows=581241 loops=1)
              Hash Cond: (mc.movie_id = t.id)
              ->  Seq Scan on movie_companies mc  (cost=0.00..51404.11 rows=1463823 width=4) (actual time=0.015..974.709 rows=1454392 loops=1)
                    Filter: (company_id < 13053)
                    Rows Removed by Filter: 1154737
              ->  Hash  (cost=67604.59..67604.59 rows=644774 width=4) (actual time=1408.703..1408.703 rows=642973 loops=1)
                    Buckets: 131072  Batches: 16  Memory Usage: 2432kB
                    ->  Seq Scan on title t  (cost=0.00..67604.59 rows=644774 width=4) (actual time=0.009..1202.154 rows=642973 loops=1)
                          Filter: (production_year < 1988)
                          Rows Removed by Filter: 1885339
Planning time: 2.020 ms
Execution time: 9260.670 ms
