Hash Join  (cost=798789.30..825700.25 rows=47 width=0) (actual time=12891.657..13129.649 rows=30 loops=1)
  Hash Cond: (mi_idx.movie_id = t.id)
  ->  Seq Scan on movie_info_idx mi_idx  (cost=0.00..21735.35 rows=1380035 width=4) (actual time=0.022..120.984 rows=1380035 loops=1)
  ->  Hash  (cost=798788.22..798788.22 rows=86 width=8) (actual time=12890.597..12890.597 rows=20 loops=1)
        Buckets: 1024  Batches: 1  Memory Usage: 9kB
        ->  Nested Loop  (cost=0.43..798788.22 rows=86 width=8) (actual time=3616.232..12890.530 rows=20 loops=1)
              ->  Seq Scan on cast_info ci  (cost=0.00..796071.18 rows=324 width=4) (actual time=3616.005..12889.042 rows=74 loops=1)
                    Filter: ((role_id > 1) AND (person_id = 2209581))
                    Rows Removed by Filter: 36244270
              ->  Index Scan using title_pkey on title t  (cost=0.43..8.38 rows=1 width=4) (actual time=0.018..0.019 rows=0 loops=74)
                    Index Cond: (id = ci.movie_id)
                    Filter: (kind_id < 2)
                    Rows Removed by Filter: 1
Planning time: 1.154 ms
Execution time: 13129.797 ms
