Hash Join  (cost=82811.28..143172.91 rows=4969 width=0) (actual time=1737.762..2365.721 rows=29399 loops=1)
  Hash Cond: (mc.movie_id = t.id)
  ->  Seq Scan on movie_companies mc  (cost=0.00..57926.93 rows=23202 width=4) (actual time=293.530..831.352 rows=42064 loops=1)
        Filter: ((company_id = 19) AND (company_type_id = 1))
        Rows Removed by Filter: 2567065
  ->  Hash  (cost=73925.90..73925.90 rows=541550 width=4) (actual time=1443.462..1443.462 rows=404953 loops=1)
        Buckets: 131072  Batches: 8  Memory Usage: 2796kB
        ->  Seq Scan on title t  (cost=0.00..73925.90 rows=541550 width=4) (actual time=0.034..1312.543 rows=404953 loops=1)
              Filter: ((kind_id > 1) AND (production_year < 1992))
              Rows Removed by Filter: 2123359
Planning time: 0.820 ms
Execution time: 2369.654 ms
