Hash Join  (cost=179941.89..310503.82 rows=702589 width=0) (actual time=3568.005..7848.307 rows=2515941 loops=1)
  Hash Cond: (mk.movie_id = t.id)
  ->  Seq Scan on movie_keyword mk  (cost=0.00..69693.30 rows=4523930 width=4) (actual time=0.025..1474.862 rows=4523930 loops=1)
  ->  Hash  (cost=173499.23..173499.23 rows=392693 width=8) (actual time=3566.580..3566.580 rows=393040 loops=1)
        Buckets: 131072  Batches: 8  Memory Usage: 2960kB
        ->  Hash Join  (cost=102767.86..173499.23 rows=392693 width=8) (actual time=1811.683..3448.041 rows=393040 loops=1)
              Hash Cond: (mc.movie_id = t.id)
              ->  Seq Scan on movie_companies mc  (cost=0.00..51404.11 rows=392693 width=4) (actual time=0.032..923.570 rows=393040 loops=1)
                    Filter: (company_id < 240)
                    Rows Removed by Filter: 2216089
              ->  Hash  (cost=61283.27..61283.27 rows=2528527 width=4) (actual time=1809.819..1809.819 rows=2528312 loops=1)
                    Buckets: 131072  Batches: 64  Memory Usage: 2415kB
                    ->  Seq Scan on title t  (cost=0.00..61283.27 rows=2528527 width=4) (actual time=0.016..1014.390 rows=2528312 loops=1)
Planning time: 1.064 ms
Execution time: 8132.157 ms
