Hash Join  (cost=263115.61..1418878.93 rows=18624625 width=0) (actual time=6331.623..41776.201 rows=39791040 loops=1)
  Hash Cond: (ci.movie_id = t.id)
  ->  Seq Scan on cast_info ci  (cost=0.00..705507.15 rows=18049267 width=4) (actual time=9.763..13821.728 rows=17910785 loops=1)
        Filter: (person_id < 1775222)
        Rows Removed by Filter: 18333559
  ->  Hash  (cost=220309.49..220309.49 rows=2609129 width=8) (actual time=6187.381..6187.381 rows=2609129 loops=1)
        Buckets: 131072  Batches: 64  Memory Usage: 2610kB
        ->  Hash Join  (cost=102767.86..220309.49 rows=2609129 width=8) (actual time=1901.099..5408.421 rows=2609129 loops=1)
              Hash Cond: (mc.movie_id = t.id)
              ->  Seq Scan on movie_companies mc  (cost=0.00..44881.29 rows=2609129 width=4) (actual time=0.025..897.783 rows=2609129 loops=1)
              ->  Hash  (cost=61283.27..61283.27 rows=2528527 width=4) (actual time=1899.848..1899.848 rows=2528312 loops=1)
                    Buckets: 131072  Batches: 64  Memory Usage: 2415kB
                    ->  Seq Scan on title t  (cost=0.00..61283.27 rows=2528527 width=4) (actual time=0.019..1057.028 rows=2528312 loops=1)
Planning time: 1.096 ms
Execution time: 46232.541 ms
