Hash Join  (cost=709678.15..736591.36 rows=273 width=0) (actual time=10362.802..10842.205 rows=51 loops=1)
  Hash Cond: (mi_idx.movie_id = t.id)
  ->  Seq Scan on movie_info_idx mi_idx  (cost=0.00..21735.35 rows=1380035 width=4) (actual time=0.025..308.610 rows=1380035 loops=1)
  ->  Hash  (cost=709671.90..709671.90 rows=500 width=8) (actual time=10278.229..10278.229 rows=122 loops=1)
        Buckets: 1024  Batches: 1  Memory Usage: 13kB
        ->  Nested Loop  (cost=0.43..709671.90 rows=500 width=8) (actual time=840.072..10278.152 rows=122 loops=1)
              ->  Seq Scan on cast_info ci  (cost=0.00..705507.15 rows=500 width=4) (actual time=839.969..10276.717 rows=122 loops=1)
                    Filter: (person_id = 81864)
                    Rows Removed by Filter: 36244222
              ->  Index Only Scan using title_pkey on title t  (cost=0.43..8.32 rows=1 width=4) (actual time=0.010..0.011 rows=1 loops=122)
                    Index Cond: (id = ci.movie_id)
                    Heap Fetches: 122
Planning time: 1.182 ms
Execution time: 10842.311 ms
