Hash Join  (cost=102767.86..199374.48 rows=1196904 width=0) (actual time=2246.923..4537.241 rows=1070461 loops=1)
  Hash Cond: (mc.movie_id = t.id)
  ->  Seq Scan on movie_companies mc  (cost=0.00..57926.93 rows=1196904 width=4) (actual time=179.571..1135.134 rows=1070461 loops=1)
        Filter: ((company_id < 98685) AND (company_type_id > 1))
        Rows Removed by Filter: 1538668
  ->  Hash  (cost=61283.27..61283.27 rows=2528527 width=4) (actual time=2065.987..2065.987 rows=2528312 loops=1)
        Buckets: 131072  Batches: 64  Memory Usage: 2415kB
        ->  Seq Scan on title t  (cost=0.00..61283.27 rows=2528527 width=4) (actual time=0.022..1200.838 rows=2528312 loops=1)
Planning time: 0.708 ms
Execution time: 4673.796 ms
