Seq Scan on title t  (cost=0.00..73925.90 rows=624715 width=0) (actual time=0.027..1340.989 rows=501928 loops=1)
  Filter: ((kind_id > 1) AND (production_year < 1996))
  Rows Removed by Filter: 2026384
Planning time: 1.945 ms
Execution time: 1405.767 ms
