Hash Join  (cost=83074.74..447745.01 rows=1434 width=0) (actual time=1133.383..7845.780 rows=4759 loops=1)
  Hash Cond: (mi.movie_id = t.id)
  ->  Seq Scan on movie_info mi  (cost=0.00..309384.22 rows=14739122 width=4) (actual time=0.020..4086.556 rows=14835720 loops=1)
  ->  Hash  (cost=83071.67..83071.67 rows=246 width=8) (actual time=1131.453..1131.453 rows=75 loops=1)
        Buckets: 1024  Batches: 1  Memory Usage: 11kB
        ->  Nested Loop  (cost=0.43..83071.67 rows=246 width=8) (actual time=0.568..1131.338 rows=75 loops=1)
              ->  Seq Scan on movie_keyword mk  (cost=0.00..81003.12 rows=246 width=4) (actual time=0.480..1125.563 rows=75 loops=1)
                    Filter: (keyword_id = 9892)
                    Rows Removed by Filter: 4523855
              ->  Index Only Scan using title_pkey on title t  (cost=0.43..8.40 rows=1 width=4) (actual time=0.071..0.072 rows=1 loops=75)
                    Index Cond: (id = mk.movie_id)
                    Heap Fetches: 75
Planning time: 1.134 ms
Execution time: 7846.965 ms
