Seq Scan on title t  (cost=0.00..73925.90 rows=37501 width=0) (actual time=0.309..1019.913 rows=32253 loops=1)
  Filter: ((kind_id < 7) AND (production_year = 2005))
  Rows Removed by Filter: 2496059
Planning time: 0.466 ms
Execution time: 1025.265 ms
