Hash Join  (cost=130368.74..198001.92 rows=68865 width=0) (actual time=3371.779..4129.537 rows=72546 loops=1)
  Hash Cond: (mc.movie_id = t.id)
  ->  Seq Scan on movie_companies mc  (cost=0.00..57926.93 rows=695092 width=4) (actual time=0.032..1072.593 rows=933304 loops=1)
        Filter: ((company_id > 11141) AND (company_type_id > 1))
        Rows Removed by Filter: 1675825
  ->  Hash  (cost=126258.37..126258.37 rows=250509 width=8) (actual time=2654.420..2654.420 rows=140262 loops=1)
        Buckets: 131072  Batches: 4  Memory Usage: 2403kB
        ->  Hash Join  (cost=85282.22..126258.37 rows=250509 width=8) (actual time=1904.281..2608.253 rows=140262 loops=1)
              Hash Cond: (mi_idx.movie_id = t.id)
              ->  Seq Scan on movie_info_idx mi_idx  (cost=0.00..25185.44 rows=915101 width=4) (actual time=0.015..563.402 rows=919850 loops=1)
                    Filter: (info_type_id < 101)
                    Rows Removed by Filter: 460185
              ->  Hash  (cost=73925.90..73925.90 rows=692185 width=4) (actual time=1487.496..1487.496 rows=596495 loops=1)
                    Buckets: 131072  Batches: 16  Memory Usage: 2332kB
                    ->  Seq Scan on title t  (cost=0.00..73925.90 rows=692185 width=4) (actual time=0.016..1283.521 rows=596495 loops=1)
                          Filter: ((production_year < 2002) AND (kind_id = 7))
                          Rows Removed by Filter: 1931817
Planning time: 1.184 ms
Execution time: 4139.536 ms
