Hash Join  (cost=76405.93..137115.03 rows=10766 width=0) (actual time=1540.579..2479.974 rows=17461 loops=1)
  Hash Cond: (mc.movie_id = t.id)
  ->  Seq Scan on movie_companies mc  (cost=0.00..57926.93 rows=180136 width=4) (actual time=153.083..931.402 rows=282818 loops=1)
        Filter: ((company_id < 196) AND (company_type_id = 1))
        Rows Removed by Filter: 2326311
  ->  Hash  (cost=73925.90..73925.90 rows=151122 width=4) (actual time=1384.814..1384.814 rows=251875 loops=1)
        Buckets: 131072 (originally 131072)  Batches: 4 (originally 2)  Memory Usage: 3239kB
        ->  Seq Scan on title t  (cost=0.00..73925.90 rows=151122 width=4) (actual time=0.040..1083.994 rows=251875 loops=1)
              Filter: ((kind_id < 7) AND (production_year < 1971))
              Rows Removed by Filter: 2276437
Planning time: 0.744 ms
Execution time: 2482.296 ms
