Nested Loop  (cost=0.43..83072.90 rows=4 width=0) (actual time=10.916..1336.491 rows=36 loops=1)
  ->  Seq Scan on movie_keyword mk  (cost=0.00..81003.12 rows=246 width=4) (actual time=1.061..1270.369 rows=1146 loops=1)
        Filter: (keyword_id = 1095)
        Rows Removed by Filter: 4522784
  ->  Index Scan using title_pkey on title t  (cost=0.43..8.40 rows=1 width=4) (actual time=0.057..0.057 rows=0 loops=1146)
        Index Cond: (id = mk.movie_id)
        Filter: ((kind_id < 7) AND (production_year = 2005))
        Rows Removed by Filter: 1
Planning time: 0.755 ms
Execution time: 1336.633 ms
