Hash Join  (cost=94403.79..172621.28 rows=656333 width=0) (actual time=1983.892..4260.672 rows=298737 loops=1)
  Hash Cond: (mc.movie_id = t.id)
  ->  Seq Scan on movie_companies mc  (cost=0.00..51404.11 rows=1329612 width=4) (actual time=0.026..1066.527 rows=1334883 loops=1)
        Filter: (company_type_id > 1)
        Rows Removed by Filter: 1274246
  ->  Hash  (cost=73925.90..73925.90 rows=1248151 width=4) (actual time=1982.472..1982.472 rows=1332982 loops=1)
        Buckets: 131072  Batches: 32  Memory Usage: 2493kB
        ->  Seq Scan on title t  (cost=0.00..73925.90 rows=1248151 width=4) (actual time=152.598..1537.647 rows=1332982 loops=1)
              Filter: ((production_year > 1972) AND (kind_id = 7))
              Rows Removed by Filter: 1195330
Planning time: 0.751 ms
Execution time: 4295.731 ms
