Nested Loop  (cost=0.43..83072.90 rows=40 width=0) (actual time=755.064..1240.931 rows=2 loops=1)
  ->  Seq Scan on movie_keyword mk  (cost=0.00..81003.12 rows=246 width=4) (actual time=1.567..1198.295 rows=1043 loops=1)
        Filter: (keyword_id = 11078)
        Rows Removed by Filter: 4522887
  ->  Index Scan using title_pkey on title t  (cost=0.43..8.40 rows=1 width=4) (actual time=0.040..0.040 rows=0 loops=1043)
        Index Cond: (id = mk.movie_id)
        Filter: ((production_year < 1989) AND (kind_id = 7))
        Rows Removed by Filter: 1
Planning time: 0.776 ms
Execution time: 1241.038 ms
