Hash Join  (cost=102767.86..236594.33 rows=1784698 width=0) (actual time=1951.033..5320.901 rows=1793872 loops=1)
  Hash Cond: (mk.movie_id = t.id)
  ->  Seq Scan on movie_keyword mk  (cost=0.00..81003.12 rows=1784698 width=4) (actual time=0.028..1621.214 rows=1793872 loops=1)
        Filter: (keyword_id < 2899)
        Rows Removed by Filter: 2730058
  ->  Hash  (cost=61283.27..61283.27 rows=2528527 width=4) (actual time=1949.054..1949.054 rows=2528312 loops=1)
        Buckets: 131072  Batches: 64  Memory Usage: 2425kB
        ->  Seq Scan on title t  (cost=0.00..61283.27 rows=2528527 width=4) (actual time=0.022..1071.558 rows=2528312 loops=1)
Planning time: 0.763 ms
Execution time: 5521.197 ms
