Seq Scan on cast_info ci  (cost=0.00..705507.15 rows=35568190 width=0) (actual time=0.024..14050.855 rows=35695663 loops=1)
  Filter: (person_id > 59956)
  Rows Removed by Filter: 548681
Planning time: 4.662 ms
Execution time: 18383.372 ms
