Nested Loop  (cost=0.43..83072.29 rows=123 width=0) (actual time=0.798..1297.570 rows=2049 loops=1)
  ->  Seq Scan on movie_keyword mk  (cost=0.00..81003.12 rows=246 width=4) (actual time=0.756..1217.313 rows=3714 loops=1)
        Filter: (keyword_id = 3673)
        Rows Removed by Filter: 4520216
  ->  Index Scan using title_pkey on title t  (cost=0.43..8.40 rows=1 width=4) (actual time=0.021..0.021 rows=1 loops=3714)
        Index Cond: (id = mk.movie_id)
        Filter: (production_year > 2002)
        Rows Removed by Filter: 0
Planning time: 0.749 ms
Execution time: 1298.282 ms
