Hash Join  (cost=141815.83..502391.62 rows=75392 width=0) (actual time=5938.301..9833.326 rows=468664 loops=1)
  Hash Cond: (mi.movie_id = t.id)
  ->  Seq Scan on movie_info mi  (cost=0.00..346232.03 rows=3623957 width=4) (actual time=2828.041..5688.392 rows=3624977 loops=1)
        Filter: (info_type_id < 4)
        Rows Removed by Filter: 11210743
  ->  Hash  (cost=141158.30..141158.30 rows=52603 width=8) (actual time=2635.806..2635.806 rows=133784 loops=1)
        Buckets: 131072 (originally 65536)  Batches: 2 (originally 1)  Memory Usage: 3645kB
        ->  Hash Join  (cost=83810.17..141158.30 rows=52603 width=8) (actual time=1538.690..2589.229 rows=133784 loops=1)
              Hash Cond: (mc.movie_id = t.id)
              ->  Seq Scan on movie_companies mc  (cost=0.00..51404.11 rows=134661 width=4) (actual time=77.421..840.274 rows=133784 loops=1)
                    Filter: (company_id > 139380)
                    Rows Removed by Filter: 2475345
              ->  Hash  (cost=67604.59..67604.59 rows=987727 width=4) (actual time=1460.413..1460.413 rows=985048 loops=1)
                    Buckets: 131072  Batches: 16  Memory Usage: 3188kB
                    ->  Seq Scan on title t  (cost=0.00..67604.59 rows=987727 width=4) (actual time=0.034..1153.861 rows=985048 loops=1)
                          Filter: (kind_id < 7)
                          Rows Removed by Filter: 1543264
Planning time: 1.127 ms
Execution time: 9889.638 ms
