Seq Scan on cast_info ci  (cost=0.00..705507.15 rows=27311711 width=0) (actual time=0.012..12714.516 rows=27319675 loops=1)
  Filter: (person_id < 2802227)
  Rows Removed by Filter: 8924669
Planning time: 0.319 ms
Execution time: 16015.028 ms
