Hash Join  (cost=73962.22..160672.23 rows=5197 width=0) (actual time=1250.997..2890.524 rows=4754 loops=1)
  Hash Cond: (mk.movie_id = t.id)
  ->  Seq Scan on movie_keyword mk  (cost=0.00..69693.30 rows=4523930 width=4) (actual time=0.018..946.026 rows=4523930 loops=1)
  ->  Hash  (cost=73925.90..73925.90 rows=2905 width=4) (actual time=1126.139..1126.139 rows=5835 loops=1)
        Buckets: 8192 (originally 4096)  Batches: 1 (originally 1)  Memory Usage: 270kB
        ->  Seq Scan on title t  (cost=0.00..73925.90 rows=2905 width=4) (actual time=128.712..1123.269 rows=5835 loops=1)
              Filter: ((kind_id < 7) AND (production_year = 1916))
              Rows Removed by Filter: 2522477
Planning time: 0.765 ms
Execution time: 2891.503 ms
