Seq Scan on cast_info ci  (cost=0.00..796071.18 rows=10610621 width=0) (actual time=0.013..15233.506 rows=7348156 loops=1)
  Filter: ((person_id < 3201875) AND (role_id > 3))
  Rows Removed by Filter: 28896188
Planning time: 0.324 ms
Execution time: 16154.335 ms
