Hash Join  (cost=69378.77..555908.70 rows=630100 width=0) (actual time=1138.086..12035.889 rows=1184193 loops=1)
  Hash Cond: (mi.movie_id = t.id)
  ->  Seq Scan on movie_info mi  (cost=0.00..309384.22 rows=14739122 width=4) (actual time=0.007..5520.335 rows=14835720 loops=1)
  ->  Hash  (cost=67604.59..67604.59 rows=108095 width=4) (actual time=985.577..985.577 rows=109742 loops=1)
        Buckets: 131072  Batches: 2  Memory Usage: 2954kB
        ->  Seq Scan on title t  (cost=0.00..67604.59 rows=108095 width=4) (actual time=85.363..944.323 rows=109742 loops=1)
              Filter: (production_year < 1928)
              Rows Removed by Filter: 2418570
Planning time: 1.144 ms
Execution time: 12179.048 ms
