Seq Scan on title t  (cost=0.00..73925.90 rows=392904 width=0) (actual time=0.025..1079.286 rows=277350 loops=1)
  Filter: ((production_year < 1988) AND (kind_id = 7))
  Rows Removed by Filter: 2250962
Planning time: 0.380 ms
Execution time: 1115.615 ms
