Seq Scan on movie_keyword mk  (cost=0.00..81003.12 rows=1221600 width=0) (actual time=0.021..1064.855 rows=1230707 loops=1)
  Filter: (keyword_id > 14731)
  Rows Removed by Filter: 3293223
Planning time: 0.330 ms
Execution time: 1186.946 ms
