Hash Join  (cost=82805.75..1195121.70 rows=7523019 width=0) (actual time=5785.296..31975.074 rows=6721154 loops=1)
  Hash Cond: (ci.movie_id = t.id)
  ->  Seq Scan on cast_info ci  (cost=0.00..796071.18 rows=20531356 width=4) (actual time=4338.183..17361.872 rows=19668329 loops=1)
        Filter: ((person_id > 903220) AND (role_id < 6))
        Rows Removed by Filter: 16576015
  ->  Hash  (cost=67604.59..67604.59 rows=926493 width=4) (actual time=1445.915..1445.915 rows=924605 loops=1)
        Buckets: 131072  Batches: 16  Memory Usage: 3056kB
        ->  Seq Scan on title t  (cost=0.00..67604.59 rows=926493 width=4) (actual time=0.048..1151.287 rows=924605 loops=1)
              Filter: (production_year < 1998)
              Rows Removed by Filter: 1603707
Planning time: 0.831 ms
Execution time: 32717.321 ms
