Seq Scan on movie_keyword mk  (cost=0.00..81003.12 rows=4512010 width=0) (actual time=0.016..1650.131 rows=4514505 loops=1)
  Filter: (keyword_id < 125593)
  Rows Removed by Filter: 9425
Planning time: 0.312 ms
Execution time: 2202.552 ms
