Hash Join  (cost=87428.23..448875.53 rows=263564 width=0) (actual time=1641.414..6801.645 rows=115082 loops=1)
  Hash Cond: (mi.movie_id = t.id)
  ->  Seq Scan on movie_info mi  (cost=0.00..346232.03 rows=809768 width=4) (actual time=225.034..4823.081 rows=802140 loops=1)
        Filter: (info_type_id < 2)
        Rows Removed by Filter: 14033580
  ->  Hash  (cost=73925.90..73925.90 rows=822986 width=4) (actual time=1415.294..1415.294 rows=738761 loops=1)
        Buckets: 131072  Batches: 16  Memory Usage: 2654kB
        ->  Seq Scan on title t  (cost=0.00..73925.90 rows=822986 width=4) (actual time=0.029..1173.370 rows=738761 loops=1)
              Filter: ((production_year < 2005) AND (kind_id = 7))
              Rows Removed by Filter: 1789551
Planning time: 0.756 ms
Execution time: 6816.044 ms
