Seq Scan on movie_companies mc  (cost=0.00..57926.93 rows=1098780 width=0) (actual time=447.841..1039.698 rows=1274246 loops=1)
  Filter: ((company_id < 85336) AND (company_type_id = 1))
  Rows Removed by Filter: 1334883
Planning time: 0.407 ms
Execution time: 1181.713 ms
