Hash Join  (cost=796985.32..1165332.79 rows=86 width=0) (actual time=13230.382..19693.181 rows=15 loops=1)
  Hash Cond: (mi.movie_id = t.id)
  ->  Seq Scan on movie_info mi  (cost=0.00..346232.03 rows=5897221 width=4) (actual time=0.019..5755.935 rows=5884963 loops=1)
        Filter: (info_type_id < 7)
        Rows Removed by Filter: 8950757
  ->  Hash  (cost=796984.86..796984.86 rows=37 width=8) (actual time=13156.509..13156.509 rows=3 loops=1)
        Buckets: 1024  Batches: 1  Memory Usage: 9kB
        ->  Nested Loop  (cost=0.43..796984.86 rows=37 width=8) (actual time=11401.158..13156.489 rows=3 loops=1)
              ->  Seq Scan on cast_info ci  (cost=0.00..796071.18 rows=108 width=4) (actual time=11401.089..13156.337 rows=3 loops=1)
                    Filter: ((role_id > 6) AND (person_id = 2768986))
                    Rows Removed by Filter: 36244341
              ->  Index Scan using title_pkey on title t  (cost=0.43..8.45 rows=1 width=4) (actual time=0.037..0.038 rows=1 loops=3)
                    Index Cond: (id = ci.movie_id)
                    Filter: (kind_id < 4)
Planning time: 1.217 ms
Execution time: 19693.360 ms
