Hash Join  (cost=72583.38..914924.20 rows=423894 width=0) (actual time=1933.614..19149.039 rows=502169 loops=1)
  Hash Cond: (ci.movie_id = t.id)
  ->  Seq Scan on cast_info ci  (cost=0.00..796071.18 rows=3532454 width=4) (actual time=714.184..13817.263 rows=7879146 loops=1)
        Filter: ((person_id > 2890341) AND (role_id > 2))
        Rows Removed by Filter: 28365198
  ->  Hash  (cost=67604.59..67604.59 rows=303423 width=4) (actual time=1218.261..1218.261 rows=296471 loops=1)
        Buckets: 131072  Batches: 4  Memory Usage: 3625kB
        ->  Seq Scan on title t  (cost=0.00..67604.59 rows=303423 width=4) (actual time=0.018..1118.382 rows=296471 loops=1)
              Filter: (production_year < 1965)
              Rows Removed by Filter: 2231841
Planning time: 0.737 ms
Execution time: 19212.283 ms
