Hash Join  (cost=102767.86..258660.26 rows=2701740 width=0) (actual time=1992.395..6132.162 rows=2695187 loops=1)
  Hash Cond: (mk.movie_id = t.id)
  ->  Seq Scan on movie_keyword mk  (cost=0.00..81003.12 rows=2701740 width=4) (actual time=0.024..1672.405 rows=2695187 loops=1)
        Filter: (keyword_id < 7633)
        Rows Removed by Filter: 1828743
  ->  Hash  (cost=61283.27..61283.27 rows=2528527 width=4) (actual time=1990.955..1990.955 rows=2528312 loops=1)
        Buckets: 131072  Batches: 64  Memory Usage: 2425kB
        ->  Seq Scan on title t  (cost=0.00..61283.27 rows=2528527 width=4) (actual time=0.025..1130.656 rows=2528312 loops=1)
Planning time: 0.705 ms
Execution time: 6461.034 ms
