Hash Join  (cost=183511.35..261614.95 rows=221508 width=0) (actual time=3515.978..7148.298 rows=4830050 loops=1)
  Hash Cond: (mc.movie_id = t.id)
  ->  Seq Scan on movie_companies mc  (cost=0.00..44881.29 rows=2609129 width=4) (actual time=0.032..860.099 rows=2609129 loops=1)
  ->  Hash  (cost=179989.03..179989.03 rows=214665 width=8) (actual time=3473.275..3473.275 rows=367128 loops=1)
        Buckets: 131072 (originally 131072)  Batches: 8 (originally 4)  Memory Usage: 3073kB
        ->  Hash Join  (cost=81615.04..179989.03 rows=214665 width=8) (actual time=1247.210..3368.257 rows=367128 loops=1)
              Hash Cond: (mk.movie_id = t.id)
              ->  Seq Scan on movie_keyword mk  (cost=0.00..81003.12 rows=1158191 width=4) (actual time=0.023..1472.998 rows=1171654 loops=1)
                    Filter: (keyword_id > 15914)
                    Rows Removed by Filter: 3352276
              ->  Hash  (cost=73925.90..73925.90 rows=468651 width=4) (actual time=1246.198..1246.198 rows=340746 loops=1)
                    Buckets: 131072  Batches: 8  Memory Usage: 2535kB
                    ->  Seq Scan on title t  (cost=0.00..73925.90 rows=468651 width=4) (actual time=0.023..1141.046 rows=340746 loops=1)
                          Filter: ((production_year > 1989) AND (kind_id = 1))
                          Rows Removed by Filter: 2187566
Planning time: 1.208 ms
Execution time: 7684.508 ms
