Seq Scan on movie_companies mc  (cost=0.00..57926.93 rows=275137 width=0) (actual time=0.016..916.757 rows=544750 loops=1)
  Filter: ((company_id > 72041) AND (company_type_id = 2))
  Rows Removed by Filter: 2064379
Planning time: 0.398 ms
Execution time: 985.123 ms
