Hash Join  (cost=83074.74..110002.76 rows=45 width=0) (actual time=1319.949..1813.021 rows=145 loops=1)
  Hash Cond: (mi_idx.movie_id = t.id)
  ->  Seq Scan on movie_info_idx mi_idx  (cost=0.00..25185.44 rows=464566 width=4) (actual time=0.023..433.877 rows=459925 loops=1)
        Filter: (info_type_id = 101)
        Rows Removed by Filter: 920110
  ->  Hash  (cost=83071.67..83071.67 rows=246 width=8) (actual time=1317.009..1317.009 rows=198 loops=1)
        Buckets: 1024  Batches: 1  Memory Usage: 16kB
        ->  Nested Loop  (cost=0.43..83071.67 rows=246 width=8) (actual time=51.913..1316.777 rows=198 loops=1)
              ->  Seq Scan on movie_keyword mk  (cost=0.00..81003.12 rows=246 width=4) (actual time=51.833..1310.708 rows=198 loops=1)
                    Filter: (keyword_id = 20059)
                    Rows Removed by Filter: 4523732
              ->  Index Only Scan using title_pkey on title t  (cost=0.43..8.40 rows=1 width=4) (actual time=0.027..0.028 rows=1 loops=198)
                    Index Cond: (id = mk.movie_id)
                    Heap Fetches: 198
Planning time: 2.722 ms
Execution time: 1813.186 ms
