Seq Scan on movie_companies mc  (cost=0.00..57926.93 rows=53 width=0) (actual time=4.250..860.454 rows=68 loops=1)
  Filter: ((company_id = 71183) AND (company_type_id = 2))
  Rows Removed by Filter: 2609061
Planning time: 0.375 ms
Execution time: 860.569 ms
