Seq Scan on movie_keyword mk  (cost=0.00..81003.12 rows=246 width=0) (actual time=0.449..1269.390 rows=818 loops=1)
  Filter: (keyword_id = 3688)
  Rows Removed by Filter: 4523112
Planning time: 0.281 ms
Execution time: 1269.798 ms
