Seq Scan on movie_companies mc  (cost=0.00..51404.11 rows=2430971 width=0) (actual time=0.019..1014.427 rows=2430304 loops=1)
  Filter: (company_id < 120741)
  Rows Removed by Filter: 178825
Planning time: 0.346 ms
Execution time: 1312.257 ms
