Hash Join  (cost=189212.60..1413136.64 rows=18507384 width=0) (actual time=4468.487..47809.139 rows=40775760 loops=1)
  Hash Cond: (ci.movie_id = t.id)
  ->  Seq Scan on cast_info ci  (cost=0.00..614943.12 rows=36225612 width=4) (actual time=0.020..13568.522 rows=36244344 loops=1)
  ->  Hash  (cost=168018.04..168018.04 rows=1291805 width=8) (actual time=4467.506..4467.506 rows=1362247 loops=1)
        Buckets: 131072  Batches: 32  Memory Usage: 2688kB
        ->  Hash Join  (cost=106436.46..168018.04 rows=1291805 width=8) (actual time=2067.930..4065.646 rows=1362247 loops=1)
              Hash Cond: (mi_idx.movie_id = t.id)
              ->  Seq Scan on movie_info_idx mi_idx  (cost=0.00..21735.35 rows=1380035 width=4) (actual time=0.015..500.711 rows=1380035 loops=1)
              ->  Hash  (cost=67604.59..67604.59 rows=2366870 width=4) (actual time=2066.402..2066.402 rows=2363319 loops=1)
                    Buckets: 131072  Batches: 32  Memory Usage: 3623kB
                    ->  Seq Scan on title t  (cost=0.00..67604.59 rows=2366870 width=4) (actual time=0.026..1354.034 rows=2363319 loops=1)
                          Filter: (production_year > 1921)
                          Rows Removed by Filter: 164993
Planning time: 1.212 ms
Execution time: 52475.490 ms
