Hash Join  (cost=98137.04..459379.02 rows=282369 width=0) (actual time=3606.595..8166.140 rows=29075 loops=1)
  Hash Cond: (mi.movie_id = t.id)
  ->  Seq Scan on movie_info mi  (cost=0.00..346232.03 rows=383654 width=4) (actual time=1533.374..5661.019 rows=428651 loops=1)
        Filter: (info_type_id > 104)
        Rows Removed by Filter: 14407069
  ->  Hash  (cost=67604.59..67604.59 rows=1860996 width=4) (actual time=1995.879..1995.879 rows=1865487 loops=1)
        Buckets: 131072  Batches: 32  Memory Usage: 3085kB
        ->  Seq Scan on title t  (cost=0.00..67604.59 rows=1860996 width=4) (actual time=0.019..1366.054 rows=1865487 loops=1)
              Filter: (kind_id > 1)
              Rows Removed by Filter: 662825
Planning time: 0.763 ms
Execution time: 8170.329 ms
