Nested Loop  (cost=0.43..709671.90 rows=500 width=0) (actual time=5883.225..10706.911 rows=32 loops=1)
  ->  Seq Scan on cast_info ci  (cost=0.00..705507.15 rows=500 width=4) (actual time=5882.656..10705.728 rows=32 loops=1)
        Filter: (person_id = 579059)
        Rows Removed by Filter: 36244312
  ->  Index Only Scan using title_pkey on title t  (cost=0.43..8.32 rows=1 width=4) (actual time=0.034..0.034 rows=1 loops=32)
        Index Cond: (id = ci.movie_id)
        Heap Fetches: 32
Planning time: 0.795 ms
Execution time: 10706.994 ms
