Hash Join  (cost=67697.55..154488.65 rows=13306 width=0) (actual time=1069.827..3046.681 rows=950 loops=1)
  Hash Cond: (mk.movie_id = t.id)
  ->  Seq Scan on movie_keyword mk  (cost=0.00..69693.30 rows=4523930 width=4) (actual time=0.019..1143.221 rows=4523930 loops=1)
  ->  Hash  (cost=67604.59..67604.59 rows=7437 width=4) (actual time=1063.275..1063.275 rows=4597 loops=1)
        Buckets: 8192  Batches: 1  Memory Usage: 226kB
        ->  Seq Scan on title t  (cost=0.00..67604.59 rows=7437 width=4) (actual time=187.191..1061.183 rows=4597 loops=1)
              Filter: (production_year = 1910)
              Rows Removed by Filter: 2523715
Planning time: 0.681 ms
Execution time: 3047.078 ms
