Hash Join  (cost=155323.31..240144.74 rows=708792 width=0) (actual time=3107.278..5668.258 rows=767853 loops=1)
  Hash Cond: (mc.movie_id = t.id)
  ->  Seq Scan on movie_companies mc  (cost=0.00..44881.29 rows=2609129 width=4) (actual time=0.021..936.251 rows=2609129 loops=1)
  ->  Hash  (cost=144053.12..144053.12 rows=686895 width=8) (actual time=3104.722..3104.722 rows=370623 loops=1)
        Buckets: 131072  Batches: 16  Memory Usage: 1929kB
        ->  Hash Join  (cost=94574.69..144053.12 rows=686895 width=8) (actual time=1736.506..3004.793 rows=370623 loops=1)
              Hash Cond: (mi_idx.movie_id = t.id)
              ->  Seq Scan on movie_info_idx mi_idx  (cost=0.00..21735.35 rows=1380035 width=4) (actual time=0.012..413.366 rows=1380035 loops=1)
              ->  Hash  (cost=73925.90..73925.90 rows=1258543 width=4) (actual time=1735.234..1735.234 rows=1221534 loops=1)
                    Buckets: 131072  Batches: 32  Memory Usage: 2363kB
                    ->  Seq Scan on title t  (cost=0.00..73925.90 rows=1258543 width=4) (actual time=235.885..1348.548 rows=1221534 loops=1)
                          Filter: ((production_year < 2011) AND (kind_id = 7))
                          Rows Removed by Filter: 1306778
Planning time: 1.183 ms
Execution time: 5750.806 ms
