Hash Join  (cost=102767.86..1096100.40 rows=7787284 width=0) (actual time=9583.013..18738.848 rows=2532364 loops=1)
  Hash Cond: (ci.movie_id = t.id)
  ->  Seq Scan on cast_info ci  (cost=0.00..796071.18 rows=7787284 width=4) (actual time=7673.574..13520.913 rows=2532364 loops=1)
        Filter: ((person_id > 1382039) AND (role_id < 2))
        Rows Removed by Filter: 33711980
  ->  Hash  (cost=61283.27..61283.27 rows=2528527 width=4) (actual time=1908.125..1908.125 rows=2528312 loops=1)
        Buckets: 131072  Batches: 64  Memory Usage: 2415kB
        ->  Seq Scan on title t  (cost=0.00..61283.27 rows=2528527 width=4) (actual time=0.017..1055.122 rows=2528312 loops=1)
Planning time: 0.532 ms
Execution time: 19043.076 ms
