Seq Scan on movie_keyword mk  (cost=0.00..81003.12 rows=246 width=0) (actual time=0.788..1299.277 rows=106 loops=1)
  Filter: (keyword_id = 3788)
  Rows Removed by Filter: 4523824
Planning time: 0.385 ms
Execution time: 1299.451 ms
