Seq Scan on movie_keyword mk  (cost=0.00..81003.12 rows=1385203 width=0) (actual time=0.009..1305.922 rows=1400902 loops=1)
  Filter: (keyword_id > 11955)
  Rows Removed by Filter: 3123028
Planning time: 0.329 ms
Execution time: 1475.739 ms
