Seq Scan on movie_companies mc  (cost=0.00..51404.11 rows=104 width=0) (actual time=284.825..834.477 rows=179 loops=1)
  Filter: (company_id = 1559)
  Rows Removed by Filter: 2608950
Planning time: 1.856 ms
Execution time: 834.596 ms
