Hash Join  (cost=86275.83..131017.52 rows=410821 width=0) (actual time=1489.990..2842.156 rows=692782 loops=1)
  Hash Cond: (mi_idx.movie_id = t.id)
  ->  Seq Scan on movie_info_idx mi_idx  (cost=0.00..21735.35 rows=1380035 width=4) (actual time=0.021..508.156 rows=1380035 loops=1)
  ->  Hash  (cost=73925.90..73925.90 rows=752714 width=4) (actual time=1489.090..1489.090 rows=657199 loops=1)
        Buckets: 131072  Batches: 16  Memory Usage: 2469kB
        ->  Seq Scan on title t  (cost=0.00..73925.90 rows=752714 width=4) (actual time=0.026..1275.958 rows=657199 loops=1)
              Filter: ((kind_id < 7) AND (production_year > 1981))
              Rows Removed by Filter: 1871113
Planning time: 0.757 ms
Execution time: 2915.111 ms
