Hash Join  (cost=80549.28..218153.55 rows=667605 width=0) (actual time=3649.000..4788.567 rows=166713 loops=1)
  Hash Cond: (mk.movie_id = t.id)
  ->  Seq Scan on movie_keyword mk  (cost=0.00..81003.12 rows=4181359 width=4) (actual time=0.014..1733.522 rows=4183482 loops=1)
        Filter: (keyword_id < 48704)
        Rows Removed by Filter: 340448
  ->  Hash  (cost=73925.90..73925.90 rows=403710 width=4) (actual time=1328.079..1328.079 rows=434218 loops=1)
        Buckets: 131072  Batches: 8  Memory Usage: 2941kB
        ->  Seq Scan on title t  (cost=0.00..73925.90 rows=403710 width=4) (actual time=85.957..1182.917 rows=434218 loops=1)
              Filter: ((production_year > 2008) AND (kind_id = 7))
              Rows Removed by Filter: 2094094
Planning time: 0.758 ms
Execution time: 4809.447 ms
