Seq Scan on movie_keyword mk  (cost=0.00..81003.12 rows=246 width=0) (actual time=2.242..1254.750 rows=448 loops=1)
  Filter: (keyword_id = 5338)
  Rows Removed by Filter: 4523482
Planning time: 0.358 ms
Execution time: 1255.078 ms
