Seq Scan on movie_keyword mk  (cost=0.00..81003.12 rows=246 width=0) (actual time=5.395..1347.538 rows=171 loops=1)
  Filter: (keyword_id = 6284)
  Rows Removed by Filter: 4523759
Planning time: 0.321 ms
Execution time: 1347.725 ms
