Hash Join  (cost=171960.21..211483.25 rows=106656 width=0) (actual time=3718.177..4801.365 rows=286713 loops=1)
  Hash Cond: (mi_idx.movie_id = t.id)
  ->  Seq Scan on movie_info_idx mi_idx  (cost=0.00..21735.35 rows=1380035 width=4) (actual time=0.019..459.930 rows=1380035 loops=1)
  ->  Hash  (cost=168753.50..168753.50 rows=195417 width=8) (actual time=3717.328..3717.328 rows=196590 loops=1)
        Buckets: 131072  Batches: 4  Memory Usage: 2952kB
        ->  Hash Join  (cost=102767.86..168753.50 rows=195417 width=8) (actual time=2455.931..3657.636 rows=196590 loops=1)
              Hash Cond: (mc.movie_id = t.id)
              ->  Seq Scan on movie_companies mc  (cost=0.00..51404.11 rows=195417 width=4) (actual time=458.438..860.652 rows=196590 loops=1)
                    Filter: (company_id > 114554)
                    Rows Removed by Filter: 2412539
              ->  Hash  (cost=61283.27..61283.27 rows=2528527 width=4) (actual time=1996.288..1996.288 rows=2528312 loops=1)
                    Buckets: 131072  Batches: 64  Memory Usage: 2415kB
                    ->  Seq Scan on title t  (cost=0.00..61283.27 rows=2528527 width=4) (actual time=0.021..1141.722 rows=2528312 loops=1)
Planning time: 5.012 ms
Execution time: 4835.848 ms
