Hash Join  (cost=894451.58..1303649.76 rows=456679 width=0) (actual time=18339.895..26606.301 rows=2423476 loops=1)
  Hash Cond: (mi.movie_id = t.id)
  ->  Seq Scan on movie_info mi  (cost=0.00..346232.03 rows=4972096 width=4) (actual time=2443.337..5750.578 rows=4923966 loops=1)
        Filter: (info_type_id < 5)
        Rows Removed by Filter: 9911754
  ->  Hash  (cost=890640.57..890640.57 rows=232241 width=8) (actual time=15895.069..15895.069 rows=1287819 loops=1)
        Buckets: 131072 (originally 131072)  Batches: 32 (originally 4)  Memory Usage: 4085kB
        ->  Hash Join  (cost=80562.70..890640.57 rows=232241 width=8) (actual time=9970.131..15480.265 rows=1287819 loops=1)
              Hash Cond: (ci.movie_id = t.id)
              ->  Seq Scan on cast_info ci  (cost=0.00..796071.18 rows=743542 width=4) (actual time=8553.872..12160.733 rows=2895070 loops=1)
                    Filter: ((person_id > 3518506) AND (role_id > 4))
                    Rows Removed by Filter: 33349274
              ->  Hash  (cost=67604.59..67604.59 rows=789769 width=4) (actual time=1415.412..1415.412 rows=784926 loops=1)
                    Buckets: 131072  Batches: 16  Memory Usage: 2749kB
                    ->  Seq Scan on title t  (cost=0.00..67604.59 rows=789769 width=4) (actual time=0.027..1174.063 rows=784926 loops=1)
                          Filter: (production_year > 2007)
                          Rows Removed by Filter: 1743386
Planning time: 1.182 ms
Execution time: 26899.128 ms
