Nested Loop  (cost=0.43..71283.76 rows=1663 width=0) (actual time=0.153..1022.836 rows=3417 loops=1)
  ->  Seq Scan on movie_companies mc  (cost=0.00..57926.93 rows=1663 width=4) (actual time=0.099..932.538 rows=3417 loops=1)
        Filter: ((company_type_id < 2) AND (company_id = 483))
        Rows Removed by Filter: 2605712
  ->  Index Only Scan using title_pkey on title t  (cost=0.43..8.02 rows=1 width=4) (actual time=0.025..0.026 rows=1 loops=3417)
        Index Cond: (id = mc.movie_id)
        Heap Fetches: 3417
Planning time: 1.480 ms
Execution time: 1023.931 ms
