Hash Join  (cost=52284.99..434057.08 rows=390 width=0) (actual time=902.420..8392.420 rows=18491 loops=1)
  Hash Cond: (mi.movie_id = t.id)
  ->  Seq Scan on movie_info mi  (cost=0.00..346232.03 rows=9476311 width=4) (actual time=0.024..6076.646 rows=9565151 loops=1)
        Filter: (info_type_id < 16)
        Rows Removed by Filter: 5270569
  ->  Hash  (cost=52283.69..52283.69 rows=104 width=8) (actual time=901.766..901.766 rows=2018 loops=1)
        Buckets: 2048 (originally 1024)  Batches: 1 (originally 1)  Memory Usage: 95kB
        ->  Nested Loop  (cost=0.43..52283.69 rows=104 width=8) (actual time=3.015..900.623 rows=2018 loops=1)
              ->  Seq Scan on movie_companies mc  (cost=0.00..51404.11 rows=104 width=4) (actual time=2.966..839.732 rows=2018 loops=1)
                    Filter: (company_id = 436)
                    Rows Removed by Filter: 2607111
              ->  Index Only Scan using title_pkey on title t  (cost=0.43..8.45 rows=1 width=4) (actual time=0.029..0.029 rows=1 loops=2018)
                    Index Cond: (id = mc.movie_id)
                    Heap Fetches: 2018
Planning time: 3.127 ms
Execution time: 8395.342 ms
