Hash Join  (cost=156285.35..289706.04 rows=529218 width=0) (actual time=3503.004..8519.884 rows=8016370 loops=1)
  Hash Cond: (mk.movie_id = t.id)
  ->  Seq Scan on movie_keyword mk  (cost=0.00..81003.12 rows=3961438 width=4) (actual time=0.019..1812.253 rows=3964192 loops=1)
        Filter: (keyword_id < 32874)
        Rows Removed by Filter: 559738
  ->  Hash  (cost=150742.95..150742.95 rows=337792 width=8) (actual time=3501.995..3501.995 rows=531708 loops=1)
        Buckets: 131072  Batches: 8  Memory Usage: 3668kB
        ->  Hash Join  (cost=78556.72..150742.95 rows=337792 width=8) (actual time=1518.175..3340.405 rows=531708 loops=1)
              Hash Cond: (mc.movie_id = t.id)
              ->  Seq Scan on movie_companies mc  (cost=0.00..51404.11 rows=1279517 width=4) (actual time=0.017..975.378 rows=1274246 loops=1)
                    Filter: (company_type_id < 2)
                    Rows Removed by Filter: 1334883
              ->  Hash  (cost=67604.59..67604.59 rows=667531 width=4) (actual time=1358.935..1358.935 rows=662834 loops=1)
                    Buckets: 131072  Batches: 16  Memory Usage: 2478kB
                    ->  Seq Scan on title t  (cost=0.00..67604.59 rows=667531 width=4) (actual time=0.021..1145.251 rows=662834 loops=1)
                          Filter: (production_year < 1989)
                          Rows Removed by Filter: 1865478
Planning time: 1.166 ms
Execution time: 9361.853 ms
