Hash Join  (cost=955491.74..1541338.88 rows=9631517 width=0) (actual time=21503.114..47179.835 rows=56893915 loops=1)
  Hash Cond: (mi.movie_id = t.id)
  ->  Seq Scan on movie_info mi  (cost=0.00..346232.03 rows=9476311 width=4) (actual time=0.022..6937.753 rows=9565151 loops=1)
        Filter: (info_type_id < 16)
        Rows Removed by Filter: 5270569
  ->  Hash  (cost=913328.49..913328.49 rows=2569940 width=8) (actual time=21499.952..21499.952 rows=2780351 loops=1)
        Buckets: 131072  Batches: 64  Memory Usage: 2787kB
        ->  Hash Join  (cost=80042.24..913328.49 rows=2569940 width=8) (actual time=2131.633..20657.061 rows=2780351 loops=1)
              Hash Cond: (ci.movie_id = t.id)
              ->  Seq Scan on cast_info ci  (cost=0.00..705507.15 rows=8572187 width=4) (actual time=548.294..13997.437 rows=8486314 loops=1)
                    Filter: (role_id > 5)
                    Rows Removed by Filter: 27758030
              ->  Hash  (cost=67604.59..67604.59 rows=758052 width=4) (actual time=1582.541..1582.541 rows=753677 loops=1)
                    Buckets: 131072  Batches: 16  Memory Usage: 2677kB
                    ->  Seq Scan on title t  (cost=0.00..67604.59 rows=758052 width=4) (actual time=0.033..1342.437 rows=753677 loops=1)
                          Filter: (kind_id < 3)
                          Rows Removed by Filter: 1774635
Planning time: 1.153 ms
Execution time: 53080.522 ms
