Seq Scan on movie_keyword mk  (cost=0.00..81003.12 rows=3280518 width=0) (actual time=0.018..1460.511 rows=3267626 loops=1)
  Filter: (keyword_id < 14318)
  Rows Removed by Filter: 1256304
Planning time: 0.330 ms
Execution time: 1862.359 ms
