Seq Scan on title t  (cost=0.00..73925.90 rows=885766 width=0) (actual time=0.024..1265.877 rows=802336 loops=1)
  Filter: ((kind_id > 2) AND (production_year < 2004))
  Rows Removed by Filter: 1725976
Planning time: 0.309 ms
Execution time: 1371.469 ms
