Hash Join  (cost=439780.70..527629.28 rows=119054 width=0) (actual time=6484.849..7917.469 rows=9355 loops=1)
  Hash Cond: (mk.movie_id = t.id)
  ->  Seq Scan on movie_keyword mk  (cost=0.00..69693.30 rows=4523930 width=4) (actual time=0.016..1027.308 rows=4523930 loops=1)
  ->  Hash  (cost=438948.93..438948.93 rows=66542 width=8) (actual time=6052.946..6052.946 rows=13793 loops=1)
        Buckets: 131072  Batches: 1  Memory Usage: 1563kB
        ->  Hash Join  (cost=75973.97..438948.93 rows=66542 width=8) (actual time=3180.732..6046.102 rows=13793 loops=1)
              Hash Cond: (mi.movie_id = t.id)
              ->  Seq Scan on movie_info mi  (cost=0.00..346232.03 rows=1348138 width=4) (actual time=2239.767..4643.350 rows=1298989 loops=1)
                    Filter: (info_type_id = 4)
                    Rows Removed by Filter: 13536731
              ->  Hash  (cost=73925.90..73925.90 rows=124805 width=4) (actual time=939.043..939.043 rows=22607 loops=1)
                    Buckets: 131072  Batches: 2  Memory Usage: 1427kB
                    ->  Seq Scan on title t  (cost=0.00..73925.90 rows=124805 width=4) (actual time=0.089..929.114 rows=22607 loops=1)
                          Filter: ((production_year < 1956) AND (kind_id = 7))
                          Rows Removed by Filter: 2505705
Planning time: 0.867 ms
Execution time: 7919.016 ms
