Hash Join  (cost=79690.18..118153.98 rows=127690 width=0) (actual time=1867.123..2671.620 rows=56372 loops=1)
  Hash Cond: (mi_idx.movie_id = t.id)
  ->  Seq Scan on movie_info_idx mi_idx  (cost=0.00..25185.44 rows=919057 width=4) (actual time=0.024..569.712 rows=920110 loops=1)
        Filter: (info_type_id > 99)
        Rows Removed by Filter: 459925
  ->  Hash  (cost=73925.90..73925.90 rows=351302 width=4) (actual time=1194.229..1194.229 rows=233910 loops=1)
        Buckets: 131072  Batches: 8  Memory Usage: 2039kB
        ->  Seq Scan on title t  (cost=0.00..73925.90 rows=351302 width=4) (actual time=52.311..1116.381 rows=233910 loops=1)
              Filter: ((production_year < 1984) AND (kind_id = 7))
              Rows Removed by Filter: 2294402
Planning time: 0.790 ms
Execution time: 2678.524 ms
