Hash Join  (cost=81333.29..446315.13 rows=227202 width=0) (actual time=4482.286..7887.437 rows=89170 loops=1)
  Hash Cond: (mi.movie_id = t.id)
  ->  Seq Scan on movie_info mi  (cost=0.00..346232.03 rows=1272478 width=4) (actual time=3001.088..5756.585 rows=1325361 loops=1)
        Filter: (info_type_id = 8)
        Rows Removed by Filter: 13510359
  ->  Hash  (cost=73925.90..73925.90 rows=451471 width=4) (actual time=1480.191..1480.191 rows=316001 loops=1)
        Buckets: 131072  Batches: 8  Memory Usage: 2408kB
        ->  Seq Scan on title t  (cost=0.00..73925.90 rows=451471 width=4) (actual time=0.038..1372.089 rows=316001 loops=1)
              Filter: ((kind_id > 2) AND (production_year < 1988))
              Rows Removed by Filter: 2212311
Planning time: 0.895 ms
Execution time: 7898.728 ms
