Hash Join  (cost=102767.86..1105053.66 rows=8159423 width=0) (actual time=1885.725..27198.942 rows=12685091 loops=1)
  Hash Cond: (ci.movie_id = t.id)
  ->  Seq Scan on cast_info ci  (cost=0.00..796071.18 rows=8159423 width=4) (actual time=0.026..14393.457 rows=12685091 loops=1)
        Filter: ((person_id > 2411944) AND (role_id > 1))
        Rows Removed by Filter: 23559253
  ->  Hash  (cost=61283.27..61283.27 rows=2528527 width=4) (actual time=1884.791..1884.791 rows=2528312 loops=1)
        Buckets: 131072  Batches: 64  Memory Usage: 2415kB
        ->  Seq Scan on title t  (cost=0.00..61283.27 rows=2528527 width=4) (actual time=0.017..1042.053 rows=2528312 loops=1)
Planning time: 0.859 ms
Execution time: 28698.855 ms
