Hash Join  (cost=365418.15..2032948.91 rows=49038919 width=0) (actual time=9043.632..78093.500 rows=161217366 loops=1)
  Hash Cond: (ci.movie_id = t.id)
  ->  Seq Scan on cast_info ci  (cost=0.00..705507.15 rows=27408963 width=4) (actual time=0.029..15969.448 rows=27542811 loops=1)
        Filter: (person_id > 856719)
        Rows Removed by Filter: 8701533
  ->  Hash  (cost=291197.02..291197.02 rows=4523930 width=8) (actual time=9041.841..9041.841 rows=4523930 loops=1)
        Buckets: 131072  Batches: 64  Memory Usage: 3816kB
        ->  Hash Join  (cost=102767.86..291197.02 rows=4523930 width=8) (actual time=2048.931..7638.190 rows=4523930 loops=1)
              Hash Cond: (mk.movie_id = t.id)
              ->  Seq Scan on movie_keyword mk  (cost=0.00..69693.30 rows=4523930 width=4) (actual time=0.014..1416.595 rows=4523930 loops=1)
              ->  Hash  (cost=61283.27..61283.27 rows=2528527 width=4) (actual time=2046.486..2046.486 rows=2528312 loops=1)
                    Buckets: 131072  Batches: 64  Memory Usage: 2425kB
                    ->  Seq Scan on title t  (cost=0.00..61283.27 rows=2528527 width=4) (actual time=0.018..1163.061 rows=2528312 loops=1)
Planning time: 1.154 ms
Execution time: 96193.406 ms
