Nested Loop  (cost=0.43..116547.15 rows=6 width=0) (actual time=1258.150..1368.460 rows=1 loops=1)
  ->  Seq Scan on movie_keyword mk  (cost=0.00..81003.12 rows=4826 width=4) (actual time=0.076..1222.560 rows=4883 loops=1)
        Filter: (keyword_id = 508)
        Rows Removed by Filter: 4519047
  ->  Index Scan using title_pkey on title t  (cost=0.43..7.36 rows=1 width=4) (actual time=0.029..0.029 rows=0 loops=4883)
        Index Cond: (id = mk.movie_id)
        Filter: ((kind_id < 7) AND (production_year = 1955))
        Rows Removed by Filter: 1
Planning time: 0.738 ms
Execution time: 1368.563 ms
