Hash Join  (cost=76911.69..898391.16 rows=144714 width=0) (actual time=4038.061..16186.606 rows=229458 loops=1)
  Hash Cond: (ci.movie_id = t.id)
  ->  Seq Scan on cast_info ci  (cost=0.00..796071.18 rows=2010705 width=4) (actual time=2906.864..13479.348 rows=3576983 loops=1)
        Filter: ((person_id > 1926726) AND (role_id = 10))
        Rows Removed by Filter: 32667361
  ->  Hash  (cost=73925.90..73925.90 rows=181983 width=4) (actual time=1130.289..1130.289 rows=161370 loops=1)
        Buckets: 131072  Batches: 4  Memory Usage: 2449kB
        ->  Seq Scan on title t  (cost=0.00..73925.90 rows=181983 width=4) (actual time=0.045..1074.496 rows=161370 loops=1)
              Filter: ((kind_id < 4) AND (production_year > 2009))
              Rows Removed by Filter: 2366942
Planning time: 1.021 ms
Execution time: 16217.496 ms
