Seq Scan on cast_info ci  (cost=0.00..796071.18 rows=18055281 width=0) (actual time=0.026..15864.642 rows=15216697 loops=1)
  Filter: ((person_id < 2847739) AND (role_id > 1))
  Rows Removed by Filter: 21027647
Planning time: 1.281 ms
Execution time: 17757.410 ms
