Hash Join  (cost=175707.36..305255.21 rows=199779 width=0) (actual time=3000.063..5987.855 rows=153217 loops=1)
  Hash Cond: (mk.movie_id = t.id)
  ->  Seq Scan on movie_keyword mk  (cost=0.00..81003.12 rows=3982650 width=4) (actual time=0.026..1777.709 rows=3982530 loops=1)
        Filter: (keyword_id > 382)
        Rows Removed by Filter: 541400
  ->  Hash  (cost=173625.89..173625.89 rows=126837 width=8) (actual time=2999.081..2999.081 rows=56757 loops=1)
        Buckets: 131072  Batches: 2  Memory Usage: 2144kB
        ->  Hash Join  (cost=102767.86..173625.89 rows=126837 width=8) (actual time=1795.858..2977.391 rows=56757 loops=1)
              Hash Cond: (mc.movie_id = t.id)
              ->  Seq Scan on movie_companies mc  (cost=0.00..57926.93 rows=126837 width=4) (actual time=54.013..792.163 rows=56757 loops=1)
                    Filter: ((company_id < 114) AND (company_type_id = 2))
                    Rows Removed by Filter: 2552372
              ->  Hash  (cost=61283.27..61283.27 rows=2528527 width=4) (actual time=1740.570..1740.570 rows=2528312 loops=1)
                    Buckets: 131072  Batches: 64  Memory Usage: 2415kB
                    ->  Seq Scan on title t  (cost=0.00..61283.27 rows=2528527 width=4) (actual time=0.005..966.108 rows=2528312 loops=1)
Planning time: 3.679 ms
Execution time: 6007.803 ms
