Seq Scan on movie_keyword mk  (cost=0.00..81003.12 rows=246 width=0) (actual time=0.377..1212.400 rows=679 loops=1)
  Filter: (keyword_id = 1590)
  Rows Removed by Filter: 4523251
Planning time: 0.269 ms
Execution time: 1212.723 ms
