Hash Join  (cost=443657.97..1240422.14 rows=69304 width=0) (actual time=8267.956..26065.386 rows=1525760 loops=1)
  Hash Cond: (ci.movie_id = t.id)
  ->  Seq Scan on cast_info ci  (cost=0.00..614943.12 rows=36225612 width=4) (actual time=0.027..8947.121 rows=36244344 loops=1)
  ->  Hash  (cost=443597.50..443597.50 rows=4837 width=8) (actual time=8267.850..8267.850 rows=23060 loops=1)
        Buckets: 32768 (originally 8192)  Batches: 1 (originally 1)  Memory Usage: 1157kB
        ->  Hash Join  (cost=73950.44..443597.50 rows=4837 width=8) (actual time=2830.995..8257.668 rows=23060 loops=1)
              Hash Cond: (mi.movie_id = t.id)
              ->  Seq Scan on movie_info mi  (cost=0.00..346232.03 rows=6231111 width=4) (actual time=612.809..6098.820 rows=6223494 loops=1)
                    Filter: (info_type_id > 8)
                    Rows Removed by Filter: 8612226
              ->  Hash  (cost=73925.90..73925.90 rows=1963 width=4) (actual time=1126.352..1126.352 rows=4455 loops=1)
                    Buckets: 8192 (originally 2048)  Batches: 1 (originally 1)  Memory Usage: 221kB
                    ->  Seq Scan on title t  (cost=0.00..73925.90 rows=1963 width=4) (actual time=0.240..1123.895 rows=4455 loops=1)
                          Filter: ((kind_id = 1) AND (production_year = 1983))
                          Rows Removed by Filter: 2523857
Planning time: 5.197 ms
Execution time: 26261.831 ms
