Seq Scan on movie_companies mc  (cost=0.00..57926.93 rows=931331 width=0) (actual time=518.420..1020.883 rows=614516 loops=1)
  Filter: ((company_id < 31773) AND (company_type_id = 2))
  Rows Removed by Filter: 1994613
Planning time: 0.352 ms
Execution time: 1092.892 ms
