Hash Join  (cost=69374.09..416245.03 rows=765 width=0) (actual time=1352.018..6457.330 rows=313 loops=1)
  Hash Cond: (mi.movie_id = t.id)
  ->  Seq Scan on movie_info mi  (cost=0.00..346232.03 rows=17937 width=4) (actual time=236.452..5329.070 rows=4339 loops=1)
        Filter: (info_type_id = 35)
        Rows Removed by Filter: 14831381
  ->  Hash  (cost=67604.59..67604.59 rows=107800 width=4) (actual time=1112.153..1112.153 rows=108429 loops=1)
        Buckets: 131072  Batches: 2  Memory Usage: 2938kB
        ->  Seq Scan on title t  (cost=0.00..67604.59 rows=107800 width=4) (actual time=0.033..1070.006 rows=108429 loops=1)
              Filter: (production_year = 2006)
              Rows Removed by Filter: 2419883
Planning time: 0.827 ms
Execution time: 6457.477 ms
