Seq Scan on movie_keyword mk  (cost=0.00..81003.12 rows=246 width=0) (actual time=41.723..1320.646 rows=56 loops=1)
  Filter: (keyword_id = 4980)
  Rows Removed by Filter: 4523874
Planning time: 0.837 ms
Execution time: 1320.791 ms
