Seq Scan on movie_keyword mk  (cost=0.00..81003.12 rows=3680983 width=0) (actual time=0.017..1376.952 rows=3675899 loops=1)
  Filter: (keyword_id > 808)
  Rows Removed by Filter: 848031
Planning time: 0.287 ms
Execution time: 1786.259 ms
