Seq Scan on movie_keyword mk  (cost=0.00..81003.12 rows=3064577 width=0) (actual time=0.024..1441.486 rows=3046991 loops=1)
  Filter: (keyword_id > 2107)
  Rows Removed by Filter: 1476939
Planning time: 0.313 ms
Execution time: 1819.145 ms
