Seq Scan on cast_info ci  (cost=0.00..796071.18 rows=8366531 width=0) (actual time=0.158..12576.104 rows=5340178 loops=1)
  Filter: ((person_id > 2651054) AND (role_id < 8))
  Rows Removed by Filter: 30904166
Planning time: 0.295 ms
Execution time: 13241.585 ms
