Seq Scan on movie_companies mc  (cost=0.00..57926.93 rows=566509 width=0) (actual time=0.016..860.406 rows=776309 loops=1)
  Filter: ((company_id < 9019) AND (company_type_id < 2))
  Rows Removed by Filter: 1832820
Planning time: 0.201 ms
Execution time: 952.746 ms
