Seq Scan on movie_keyword mk  (cost=0.00..81003.12 rows=3697716 width=0) (actual time=0.020..1559.520 rows=3689286 loops=1)
  Filter: (keyword_id < 22051)
  Rows Removed by Filter: 834644
Planning time: 0.264 ms
Execution time: 2017.886 ms
