Nested Loop  (cost=0.43..799702.19 rows=435 width=0) (actual time=6698.382..13481.062 rows=1 loops=1)
  ->  Seq Scan on cast_info ci  (cost=0.00..796071.18 rows=435 width=4) (actual time=6698.208..13480.883 rows=1 loops=1)
        Filter: ((role_id < 10) AND (person_id = 1092951))
        Rows Removed by Filter: 36244343
  ->  Index Only Scan using title_pkey on title t  (cost=0.43..8.34 rows=1 width=4) (actual time=0.093..0.094 rows=1 loops=1)
        Index Cond: (id = ci.movie_id)
        Heap Fetches: 1
Planning time: 0.667 ms
Execution time: 13481.132 ms
