Hash Join  (cost=1165451.43..2131955.85 rows=36979698 width=0) (actual time=23438.413..61579.746 rows=86391078 loops=1)
  Hash Cond: (mi.movie_id = t.id)
  ->  Seq Scan on movie_info mi  (cost=0.00..309384.22 rows=14739122 width=4) (actual time=0.007..5815.869 rows=14835720 loops=1)
  ->  Hash  (cost=1061370.13..1061370.13 rows=6343944 width=8) (actual time=23435.983..23435.983 rows=6924061 loops=1)
        Buckets: 131072  Batches: 128  Memory Usage: 3199kB
        ->  Hash Join  (cost=102767.86..1061370.13 rows=6343944 width=8) (actual time=1839.571..20808.150 rows=6924061 loops=1)
              Hash Cond: (ci.movie_id = t.id)
              ->  Seq Scan on cast_info ci  (cost=0.00..796071.18 rows=6343944 width=4) (actual time=0.015..12296.943 rows=6924061 loops=1)
                    Filter: ((person_id < 698973) AND (role_id < 10))
                    Rows Removed by Filter: 29320283
              ->  Hash  (cost=61283.27..61283.27 rows=2528527 width=4) (actual time=1838.721..1838.721 rows=2528312 loops=1)
                    Buckets: 131072  Batches: 64  Memory Usage: 2415kB
                    ->  Seq Scan on title t  (cost=0.00..61283.27 rows=2528527 width=4) (actual time=0.008..994.603 rows=2528312 loops=1)
Planning time: 2.679 ms
Execution time: 71000.586 ms
