Hash Join  (cost=231322.67..646591.08 rows=2248442 width=0) (actual time=5834.912..16078.966 rows=8275249 loops=1)
  Hash Cond: (mi.movie_id = t.id)
  ->  Seq Scan on movie_info mi  (cost=0.00..346232.03 rows=3068194 width=4) (actual time=0.022..6063.436 rows=3036719 loops=1)
        Filter: (info_type_id = 16)
        Rows Removed by Filter: 11799001
  ->  Hash  (cost=200921.64..200921.64 rows=1852962 width=8) (actual time=5833.594..5833.594 rows=2059977 loops=1)
        Buckets: 131072  Batches: 32  Memory Usage: 3587kB
        ->  Hash Join  (cost=97066.09..200921.64 rows=1852962 width=8) (actual time=2176.963..5294.262 rows=2059977 loops=1)
              Hash Cond: (mc.movie_id = t.id)
              ->  Seq Scan on movie_companies mc  (cost=0.00..44881.29 rows=2609129 width=4) (actual time=0.024..931.768 rows=2609129 loops=1)
              ->  Hash  (cost=67604.59..67604.59 rows=1795720 width=4) (actual time=2175.564..2175.564 rows=1794153 loops=1)
                    Buckets: 131072  Batches: 32  Memory Usage: 2992kB
                    ->  Seq Scan on title t  (cost=0.00..67604.59 rows=1795720 width=4) (actual time=0.020..1320.981 rows=1794153 loops=1)
                          Filter: (production_year < 2009)
                          Rows Removed by Filter: 734159
Planning time: 1.132 ms
Execution time: 17037.300 ms
