Hash Join  (cost=136518.33..907330.44 rows=55606 width=0) (actual time=1502.855..17432.022 rows=156894 loops=1)
  Hash Cond: (ci.movie_id = t.id)
  ->  Seq Scan on cast_info ci  (cost=0.00..705507.15 rows=17266373 width=4) (actual time=0.012..12301.192 rows=17148120 loops=1)
        Filter: (person_id < 1693913)
        Rows Removed by Filter: 19096224
  ->  Hash  (cost=136416.55..136416.55 rows=8143 width=8) (actual time=1502.730..1502.730 rows=8397 loops=1)
        Buckets: 16384 (originally 8192)  Batches: 1 (originally 1)  Memory Usage: 457kB
        ->  Nested Loop  (cost=0.43..136416.55 rows=8143 width=8) (actual time=0.244..1497.743 rows=8397 loops=1)
              ->  Seq Scan on movie_keyword mk  (cost=0.00..81003.12 rows=8143 width=4) (actual time=0.182..1298.442 rows=8397 loops=1)
                    Filter: (keyword_id = 348)
                    Rows Removed by Filter: 4515533
              ->  Index Only Scan using title_pkey on title t  (cost=0.43..6.80 rows=1 width=4) (actual time=0.023..0.023 rows=1 loops=8397)
                    Index Cond: (id = mk.movie_id)
                    Heap Fetches: 8397
Planning time: 1.094 ms
Execution time: 17459.351 ms
