Hash Join  (cost=96376.07..248205.73 rows=2448162 width=0) (actual time=3275.121..6091.082 rows=613656 loops=1)
  Hash Cond: (mk.movie_id = t.id)
  ->  Seq Scan on movie_keyword mk  (cost=0.00..69693.30 rows=4523930 width=4) (actual time=0.027..1412.555 rows=4523930 loops=1)
  ->  Hash  (cost=73925.90..73925.90 rows=1368333 width=4) (actual time=1864.458..1864.458 rows=1444787 loops=1)
        Buckets: 131072  Batches: 32  Memory Usage: 2619kB
        ->  Seq Scan on title t  (cost=0.00..73925.90 rows=1368333 width=4) (actual time=0.016..1411.955 rows=1444787 loops=1)
              Filter: ((production_year > 1957) AND (kind_id = 7))
              Rows Removed by Filter: 1083525
Planning time: 0.664 ms
Execution time: 6168.221 ms
