Seq Scan on cast_info ci  (cost=0.00..796071.18 rows=324 width=0) (actual time=997.185..13922.887 rows=315 loops=1)
  Filter: ((role_id > 1) AND (person_id = 3010292))
  Rows Removed by Filter: 36244029
Planning time: 0.325 ms
Execution time: 13923.088 ms
