Seq Scan on movie_keyword mk  (cost=0.00..81003.12 rows=2056927 width=12) (actual time=0.020..829.184 rows=2063974 loops=1)
  Filter: (keyword_id < 3663)
  Rows Removed by Filter: 2459956
Planning time: 0.397 ms
Execution time: 908.291 ms
