Seq Scan on movie_companies mc  (cost=0.00..57926.93 rows=674297 width=0) (actual time=134.020..1019.397 rows=920646 loops=1)
  Filter: ((company_id < 11705) AND (company_type_id < 2))
  Rows Removed by Filter: 1688483
Planning time: 1.654 ms
Execution time: 1135.136 ms
