Hash Join  (cost=79388.64..579903.03 rows=1940746 width=0) (actual time=1649.666..16384.067 rows=3212389 loops=1)
  Hash Cond: (mi.movie_id = t.id)
  ->  Seq Scan on movie_info mi  (cost=0.00..309384.22 rows=14739122 width=4) (actual time=0.023..6428.842 rows=14835720 loops=1)
  ->  Hash  (cost=73925.90..73925.90 rows=332939 width=4) (actual time=1422.414..1422.414 rows=255571 loops=1)
        Buckets: 131072  Batches: 8  Memory Usage: 2153kB
        ->  Seq Scan on title t  (cost=0.00..73925.90 rows=332939 width=4) (actual time=0.018..887.182 rows=255571 loops=1)
              Filter: ((production_year > 2002) AND (kind_id = 1))
              Rows Removed by Filter: 2272741
Planning time: 0.704 ms
Execution time: 16772.820 ms
