Nested Loop  (cost=0.43..28266.72 rows=142 width=0) (actual time=15.937..466.881 rows=176 loops=1)
  ->  Seq Scan on movie_info_idx mi_idx  (cost=0.00..25185.44 rows=368 width=4) (actual time=15.870..458.306 rows=260 loops=1)
        Filter: (info_type_id > 101)
        Rows Removed by Filter: 1379775
  ->  Index Scan using title_pkey on title t  (cost=0.43..8.36 rows=1 width=4) (actual time=0.032..0.032 rows=1 loops=260)
        Index Cond: (id = mi_idx.movie_id)
        Filter: (production_year < 1999)
        Rows Removed by Filter: 0
Planning time: 1.936 ms
Execution time: 467.017 ms
