Seq Scan on title t  (cost=0.00..73925.90 rows=5207 width=0) (actual time=0.176..1252.657 rows=8959 loops=1)
  Filter: ((kind_id > 2) AND (production_year = 1976))
  Rows Removed by Filter: 2519353
Planning time: 0.352 ms
Execution time: 1254.856 ms
