Hash Join  (cost=77854.63..885784.93 rows=82677 width=0) (actual time=1300.903..13252.475 rows=52748 loops=1)
  Hash Cond: (ci.movie_id = t.id)
  ->  Seq Scan on cast_info ci  (cost=0.00..796071.18 rows=873160 width=4) (actual time=123.550..11586.876 rows=537402 loops=1)
        Filter: ((person_id < 186641) AND (role_id > 2))
        Rows Removed by Filter: 35706942
  ->  Hash  (cost=73925.90..73925.90 rows=239418 width=4) (actual time=1176.430..1176.430 rows=256906 loops=1)
        Buckets: 131072  Batches: 4  Memory Usage: 3296kB
        ->  Seq Scan on title t  (cost=0.00..73925.90 rows=239418 width=4) (actual time=0.029..1092.859 rows=256906 loops=1)
              Filter: ((production_year > 2010) AND (kind_id = 7))
              Rows Removed by Filter: 2271406
Planning time: 0.715 ms
Execution time: 13259.333 ms
