Hash Join  (cost=106283.86..198203.47 rows=41031 width=0) (actual time=2077.175..4212.569 rows=268198 loops=1)
  Hash Cond: (mk.movie_id = t.id)
  ->  Seq Scan on movie_keyword mk  (cost=0.00..81003.12 rows=2801647 width=4) (actual time=0.026..1606.423 rows=2790619 loops=1)
        Filter: (keyword_id < 8153)
        Rows Removed by Filter: 1733311
  ->  Hash  (cost=105820.98..105820.98 rows=37031 width=8) (actual time=2076.518..2076.518 rows=74098 loops=1)
        Buckets: 131072 (originally 65536)  Batches: 1 (originally 1)  Memory Usage: 3919kB
        ->  Hash Join  (cost=69283.60..105820.98 rows=37031 width=8) (actual time=1283.304..2053.701 rows=74098 loops=1)
              Hash Cond: (mi_idx.movie_id = t.id)
              ->  Seq Scan on movie_info_idx mi_idx  (cost=0.00..25185.44 rows=915101 width=4) (actual time=0.025..478.687 rows=919850 loops=1)
                    Filter: (info_type_id < 101)
                    Rows Removed by Filter: 460185
              ->  Hash  (cost=67604.59..67604.59 rows=102321 width=4) (actual time=1253.057..1253.057 rows=100537 loops=1)
                    Buckets: 131072  Batches: 2  Memory Usage: 2797kB
                    ->  Seq Scan on title t  (cost=0.00..67604.59 rows=102321 width=4) (actual time=0.026..1217.178 rows=100537 loops=1)
                          Filter: (kind_id = 3)
                          Rows Removed by Filter: 2427775
Planning time: 1.109 ms
Execution time: 4247.665 ms
