Hash Join  (cost=464919.55..595405.31 rows=696272 width=0) (actual time=7865.332..11198.411 rows=352126 loops=1)
  Hash Cond: (mk.movie_id = t.id)
  ->  Seq Scan on movie_keyword mk  (cost=0.00..69693.30 rows=4523930 width=4) (actual time=0.015..1446.361 rows=4523930 loops=1)
  ->  Hash  (cost=458534.03..458534.03 rows=389162 width=8) (actual time=7801.887..7801.887 rows=151490 loops=1)
        Buckets: 131072  Batches: 8  Memory Usage: 1775kB
        ->  Hash Join  (cost=81282.57..458534.03 rows=389162 width=8) (actual time=1403.796..7749.990 rows=151490 loops=1)
              Hash Cond: (mi.movie_id = t.id)
              ->  Seq Scan on movie_info mi  (cost=0.00..346232.03 rows=2194617 width=4) (actual time=9.765..4409.934 rows=2233850 loops=1)
                    Filter: (info_type_id > 16)
                    Rows Removed by Filter: 12601870
              ->  Hash  (cost=73925.90..73925.90 rows=448373 width=4) (actual time=1382.569..1382.569 rows=329492 loops=1)
                    Buckets: 131072  Batches: 8  Memory Usage: 2467kB
                    ->  Seq Scan on title t  (cost=0.00..73925.90 rows=448373 width=4) (actual time=0.025..1271.476 rows=329492 loops=1)
                          Filter: ((production_year < 1992) AND (kind_id = 7))
                          Rows Removed by Filter: 2198820
Planning time: 2.434 ms
Execution time: 11244.092 ms
