Hash Join  (cost=199174.77..1154803.72 rows=1806899 width=0) (actual time=4099.701..26896.502 rows=5768971 loops=1)
  Hash Cond: (ci.movie_id = t.id)
  ->  Seq Scan on cast_info ci  (cost=0.00..705507.15 rows=18034162 width=4) (actual time=0.014..14257.124 rows=18183721 loops=1)
        Filter: (person_id > 1792423)
        Rows Removed by Filter: 18060623
  ->  Hash  (cost=195018.01..195018.01 rows=253341 width=8) (actual time=4098.326..4098.326 rows=176344 loops=1)
        Buckets: 131072  Batches: 4  Memory Usage: 2694kB
        ->  Hash Join  (cost=69928.56..195018.01 rows=253341 width=8) (actual time=1153.086..4038.551 rows=176344 loops=1)
              Hash Cond: (mk.movie_id = t.id)
              ->  Seq Scan on movie_keyword mk  (cost=0.00..69693.30 rows=4523930 width=4) (actual time=0.021..1449.498 rows=4523930 loops=1)
              ->  Hash  (cost=67604.59..67604.59 rows=141598 width=4) (actual time=1151.587..1151.587 rows=141703 loops=1)
                    Buckets: 131072  Batches: 2  Memory Usage: 3517kB
                    ->  Seq Scan on title t  (cost=0.00..67604.59 rows=141598 width=4) (actual time=0.016..1097.627 rows=141703 loops=1)
                          Filter: (production_year = 2010)
                          Rows Removed by Filter: 2386609
Planning time: 1.160 ms
Execution time: 27540.079 ms
