Hash Join  (cost=156632.57..243937.95 rows=467349 width=0) (actual time=4065.685..7360.171 rows=1329706 loops=1)
  Hash Cond: (mc.movie_id = t.id)
  ->  Seq Scan on movie_companies mc  (cost=0.00..51404.11 rows=2543675 width=4) (actual time=0.015..1175.765 rows=2541052 loops=1)
        Filter: (company_id > 7)
        Rows Removed by Filter: 68077
  ->  Hash  (cost=149010.49..149010.49 rows=464566 width=8) (actual time=4065.014..4065.014 rows=459925 loops=1)
        Buckets: 131072  Batches: 8  Memory Usage: 3275kB
        ->  Hash Join  (cost=102767.86..149010.49 rows=464566 width=8) (actual time=2684.257..3929.435 rows=459925 loops=1)
              Hash Cond: (mi_idx.movie_id = t.id)
              ->  Seq Scan on movie_info_idx mi_idx  (cost=0.00..25185.44 rows=464566 width=4) (actual time=0.027..456.299 rows=459925 loops=1)
                    Filter: (info_type_id = 101)
                    Rows Removed by Filter: 920110
              ->  Hash  (cost=61283.27..61283.27 rows=2528527 width=4) (actual time=2682.291..2682.291 rows=2528312 loops=1)
                    Buckets: 131072  Batches: 64  Memory Usage: 2415kB
                    ->  Seq Scan on title t  (cost=0.00..61283.27 rows=2528527 width=4) (actual time=0.014..1160.671 rows=2528312 loops=1)
Planning time: 0.893 ms
Execution time: 7527.196 ms
