Seq Scan on cast_info ci  (cost=0.00..796071.18 rows=5066337 width=0) (actual time=0.020..12922.538 rows=6026710 loops=1)
  Filter: ((person_id < 731375) AND (role_id < 4))
  Rows Removed by Filter: 30217634
Planning time: 0.313 ms
Execution time: 13686.548 ms
