Hash Join  (cost=80493.69..113303.60 rows=72980 width=0) (actual time=1364.730..2145.024 rows=164488 loops=1)
  Hash Cond: (mi_idx.movie_id = t.id)
  ->  Seq Scan on movie_info_idx mi_idx  (cost=0.00..25185.44 rows=460978 width=4) (actual time=0.012..440.192 rows=459925 loops=1)
        Filter: (info_type_id = 99)
        Rows Removed by Filter: 920110
  ->  Hash  (cost=73925.90..73925.90 rows=400303 width=4) (actual time=1363.884..1363.884 rows=500611 loops=1)
        Buckets: 131072  Batches: 8  Memory Usage: 3236kB
        ->  Seq Scan on title t  (cost=0.00..73925.90 rows=400303 width=4) (actual time=0.019..1205.898 rows=500611 loops=1)
              Filter: ((kind_id < 7) AND (production_year < 2000))
              Rows Removed by Filter: 2027701
Planning time: 0.669 ms
Execution time: 2165.210 ms
