Hash Join  (cost=87731.24..133303.33 rows=459261 width=0) (actual time=1872.401..2881.150 rows=227043 loops=1)
  Hash Cond: (mi_idx.movie_id = t.id)
  ->  Seq Scan on movie_info_idx mi_idx  (cost=0.00..21735.35 rows=1380035 width=4) (actual time=0.024..443.613 rows=1380035 loops=1)
  ->  Hash  (cost=73925.90..73925.90 rows=841467 width=4) (actual time=1641.015..1641.015 rows=921643 loops=1)
        Buckets: 131072  Batches: 16  Memory Usage: 3057kB
        ->  Seq Scan on title t  (cost=0.00..73925.90 rows=841467 width=4) (actual time=0.023..1356.453 rows=921643 loops=1)
              Filter: ((production_year > 2000) AND (kind_id = 7))
              Rows Removed by Filter: 1606669
Planning time: 1.915 ms
Execution time: 2907.252 ms
