Hash Join  (cost=192616.57..706301.09 rows=3175059 width=0) (actual time=4283.913..25440.914 rows=27395184 loops=1)
  Hash Cond: (mi.movie_id = t.id)
  ->  Seq Scan on movie_info mi  (cost=0.00..309384.22 rows=14739122 width=4) (actual time=0.015..6662.275 rows=14835720 loops=1)
  ->  Hash  (cost=183679.97..183679.97 rows=544688 width=8) (actual time=4282.929..4282.929 rows=754641 loops=1)
        Buckets: 131072 (originally 131072)  Batches: 16 (originally 8)  Memory Usage: 3073kB
        ->  Hash Join  (cost=102767.86..183679.97 rows=544688 width=8) (actual time=1906.002..4028.303 rows=754641 loops=1)
              Hash Cond: (mc.movie_id = t.id)
              ->  Seq Scan on movie_companies mc  (cost=0.00..57926.93 rows=544688 width=4) (actual time=0.020..1064.485 rows=754641 loops=1)
                    Filter: ((company_id < 7660) AND (company_type_id < 2))
                    Rows Removed by Filter: 1854488
              ->  Hash  (cost=61283.27..61283.27 rows=2528527 width=4) (actual time=1904.804..1904.804 rows=2528312 loops=1)
                    Buckets: 131072  Batches: 64  Memory Usage: 2415kB
                    ->  Seq Scan on title t  (cost=0.00..61283.27 rows=2528527 width=4) (actual time=0.018..1098.979 rows=2528312 loops=1)
Planning time: 0.948 ms
Execution time: 28452.786 ms
