Seq Scan on cast_info ci  (cost=0.00..796071.18 rows=19412636 width=0) (actual time=1522.016..16146.380 rows=18633252 loops=1)
  Filter: ((person_id > 665596) AND (role_id < 4))
  Rows Removed by Filter: 17611092
Planning time: 0.329 ms
Execution time: 18340.445 ms
