Nested Loop  (cost=0.43..58358.27 rows=51 width=0) (actual time=491.794..955.071 rows=215 loops=1)
  ->  Seq Scan on movie_companies mc  (cost=0.00..57926.93 rows=51 width=4) (actual time=491.696..943.157 rows=215 loops=1)
        Filter: ((company_type_id < 2) AND (company_id = 17247))
        Rows Removed by Filter: 2608914
  ->  Index Only Scan using title_pkey on title t  (cost=0.43..8.45 rows=1 width=4) (actual time=0.053..0.054 rows=1 loops=215)
        Index Cond: (id = mc.movie_id)
        Heap Fetches: 215
Planning time: 0.697 ms
Execution time: 955.242 ms
