Hash Join  (cost=151816.50..276239.24 rows=198670 width=0) (actual time=3046.793..7173.774 rows=4051296 loops=1)
  Hash Cond: (mk.movie_id = t.id)
  ->  Seq Scan on movie_keyword mk  (cost=0.00..69693.30 rows=4523930 width=4) (actual time=0.014..1573.782 rows=4523930 loops=1)
  ->  Hash  (cost=149994.49..149994.49 rows=111041 width=8) (actual time=3045.955..3045.955 rows=175150 loops=1)
        Buckets: 131072 (originally 131072)  Batches: 4 (originally 2)  Memory Usage: 3073kB
        ->  Hash Join  (cost=83810.17..149994.49 rows=111041 width=8) (actual time=1622.154..2987.602 rows=175150 loops=1)
              Hash Cond: (mc.movie_id = t.id)
              ->  Seq Scan on movie_companies mc  (cost=0.00..57926.93 rows=284259 width=4) (actual time=0.020..947.790 rows=418230 loops=1)
                    Filter: ((company_id < 629) AND (company_type_id = 1))
                    Rows Removed by Filter: 2190899
              ->  Hash  (cost=67604.59..67604.59 rows=987727 width=4) (actual time=1621.482..1621.482 rows=985048 loops=1)
                    Buckets: 131072  Batches: 16  Memory Usage: 3188kB
                    ->  Seq Scan on title t  (cost=0.00..67604.59 rows=987727 width=4) (actual time=0.039..1291.989 rows=985048 loops=1)
                          Filter: (kind_id < 7)
                          Rows Removed by Filter: 1543264
Planning time: 1.337 ms
Execution time: 7629.636 ms
