Seq Scan on movie_companies mc  (cost=0.00..57926.93 rows=955075 width=0) (actual time=0.024..1114.984 rows=803165 loops=1)
  Filter: ((company_id > 917) AND (company_type_id < 2))
  Rows Removed by Filter: 1805964
Planning time: 0.342 ms
Execution time: 1219.221 ms
