Hash Join  (cost=78306.32..165920.65 rows=46584 width=0) (actual time=1436.793..3019.925 rows=52346 loops=1)
  Hash Cond: (mk.movie_id = t.id)
  ->  Seq Scan on movie_keyword mk  (cost=0.00..81003.12 rows=441165 width=4) (actual time=0.010..1325.140 rows=453330 loops=1)
        Filter: (keyword_id < 348)
        Rows Removed by Filter: 4070600
  ->  Hash  (cost=73925.90..73925.90 rows=266993 width=4) (actual time=1435.967..1435.967 rows=216282 loops=1)
        Buckets: 131072  Batches: 4  Memory Usage: 2935kB
        ->  Seq Scan on title t  (cost=0.00..73925.90 rows=266993 width=4) (actual time=0.013..1361.511 rows=216282 loops=1)
              Filter: ((production_year > 2005) AND (kind_id = 1))
              Rows Removed by Filter: 2312030
Planning time: 0.765 ms
Execution time: 3026.838 ms
