Hash Join  (cost=88171.38..203121.24 rows=699638 width=0) (actual time=1456.872..4320.405 rows=1406258 loops=1)
  Hash Cond: (mk.movie_id = t.id)
  ->  Seq Scan on movie_keyword mk  (cost=0.00..81003.12 rows=2037429 width=4) (actual time=0.018..1606.721 rows=2043011 loops=1)
        Filter: (keyword_id > 6014)
        Rows Removed by Filter: 2480919
  ->  Hash  (cost=73925.90..73925.90 rows=868278 width=4) (actual time=1455.880..1455.880 rows=782805 loops=1)
        Buckets: 131072  Batches: 16  Memory Usage: 2755kB
        ->  Seq Scan on title t  (cost=0.00..73925.90 rows=868278 width=4) (actual time=0.024..1198.185 rows=782805 loops=1)
              Filter: ((kind_id < 7) AND (production_year > 1959))
              Rows Removed by Filter: 1745507
Planning time: 0.737 ms
Execution time: 4461.176 ms
