Hash Join  (cost=102767.86..208879.69 rows=632905 width=0) (actual time=2014.630..4409.251 rows=632848 loops=1)
  Hash Cond: (mk.movie_id = t.id)
  ->  Seq Scan on movie_keyword mk  (cost=0.00..81003.12 rows=632905 width=4) (actual time=0.014..1456.847 rows=632848 loops=1)
        Filter: (keyword_id < 495)
        Rows Removed by Filter: 3891082
  ->  Hash  (cost=61283.27..61283.27 rows=2528527 width=4) (actual time=2013.285..2013.285 rows=2528312 loops=1)
        Buckets: 131072  Batches: 64  Memory Usage: 2425kB
        ->  Seq Scan on title t  (cost=0.00..61283.27 rows=2528527 width=4) (actual time=0.015..1150.621 rows=2528312 loops=1)
Planning time: 0.695 ms
Execution time: 4486.433 ms
