Hash Join  (cost=444176.21..1252708.44 rows=22866 width=0) (actual time=16711.178..21088.543 rows=593 loops=1)
  Hash Cond: (ci.movie_id = t.id)
  ->  Seq Scan on cast_info ci  (cost=0.00..796071.18 rows=2446477 width=4) (actual time=8209.255..12912.301 rows=1945 loops=1)
        Filter: ((person_id < 1187542) AND (role_id = 2))
        Rows Removed by Filter: 36242399
  ->  Hash  (cost=443880.80..443880.80 rows=23633 width=8) (actual time=8174.380..8174.380 rows=46917 loops=1)
        Buckets: 65536 (originally 32768)  Batches: 1 (originally 1)  Memory Usage: 2345kB
        ->  Hash Join  (cost=74045.78..443880.80 rows=23633 width=8) (actual time=2069.450..8155.430 rows=46917 loops=1)
              Hash Cond: (mi.movie_id = t.id)
              ->  Seq Scan on movie_info mi  (cost=0.00..346232.03 rows=6231111 width=4) (actual time=20.915..6082.263 rows=6223494 loops=1)
                    Filter: (info_type_id > 8)
                    Rows Removed by Filter: 8612226
              ->  Hash  (cost=73925.90..73925.90 rows=9590 width=4) (actual time=1036.575..1036.575 rows=5862 loops=1)
                    Buckets: 16384  Batches: 1  Memory Usage: 335kB
                    ->  Seq Scan on title t  (cost=0.00..73925.90 rows=9590 width=4) (actual time=0.129..1033.648 rows=5862 loops=1)
                          Filter: ((kind_id = 1) AND (production_year = 1996))
                          Rows Removed by Filter: 2522450
Planning time: 1.274 ms
Execution time: 21088.950 ms
