Seq Scan on cast_info ci  (cost=0.00..705507.15 rows=500 width=0) (actual time=964.325..10198.586 rows=70 loops=1)
  Filter: (person_id = 2892711)
  Rows Removed by Filter: 36244274
Planning time: 0.392 ms
Execution time: 10198.701 ms
