Seq Scan on cast_info ci  (cost=0.00..796071.18 rows=396 width=0) (actual time=11605.290..14609.128 rows=255 loops=1)
  Filter: ((role_id < 8) AND (person_id = 2478910))
  Rows Removed by Filter: 36244089
Planning time: 1.454 ms
Execution time: 14609.276 ms
