Nested Loop  (cost=0.43..709671.90 rows=500 width=0) (actual time=909.306..10676.902 rows=468 loops=1)
  ->  Seq Scan on cast_info ci  (cost=0.00..705507.15 rows=500 width=4) (actual time=908.967..10668.724 rows=468 loops=1)
        Filter: (person_id = 562415)
        Rows Removed by Filter: 36243876
  ->  Index Only Scan using title_pkey on title t  (cost=0.43..8.32 rows=1 width=4) (actual time=0.016..0.016 rows=1 loops=468)
        Index Cond: (id = ci.movie_id)
        Heap Fetches: 468
Planning time: 0.716 ms
Execution time: 10677.099 ms
