Seq Scan on movie_companies mc  (cost=0.00..57926.93 rows=423337 width=0) (actual time=0.027..1054.768 rows=750417 loops=1)
  Filter: ((company_id > 26281) AND (company_type_id > 1))
  Rows Removed by Filter: 1858712
Planning time: 0.346 ms
Execution time: 1149.121 ms
