Seq Scan on movie_keyword mk  (cost=0.00..81003.12 rows=4476083 width=0) (actual time=10.535..1539.859 rows=4479625 loops=1)
  Filter: (keyword_id < 102404)
  Rows Removed by Filter: 44305
Planning time: 0.343 ms
Execution time: 2098.150 ms
