Nested Loop  (cost=0.43..83072.29 rows=14 width=0) (actual time=766.753..1340.999 rows=3 loops=1)
  ->  Seq Scan on movie_keyword mk  (cost=0.00..81003.12 rows=246 width=4) (actual time=0.255..1332.053 rows=54 loops=1)
        Filter: (keyword_id = 54170)
        Rows Removed by Filter: 4523876
  ->  Index Scan using title_pkey on title t  (cost=0.43..8.40 rows=1 width=4) (actual time=0.161..0.161 rows=0 loops=54)
        Index Cond: (id = mk.movie_id)
        Filter: (production_year = 2010)
        Rows Removed by Filter: 1
Planning time: 0.792 ms
Execution time: 1341.104 ms
