Seq Scan on movie_keyword mk  (cost=0.00..81003.12 rows=246 width=0) (actual time=8.883..1275.938 rows=137 loops=1)
  Filter: (keyword_id = 21400)
  Rows Removed by Filter: 4523793
Planning time: 0.350 ms
Execution time: 1276.133 ms
