Hash Join  (cost=131661.91..886618.16 rows=416708 width=0) (actual time=2333.672..22663.081 rows=1064058 loops=1)
  Hash Cond: (ci.movie_id = t.id)
  ->  Seq Scan on cast_info ci  (cost=0.00..614943.12 rows=36225612 width=4) (actual time=0.012..9491.077 rows=36244344 loops=1)
  ->  Hash  (cost=131298.34..131298.34 rows=29086 width=8) (actual time=2332.960..2332.960 rows=40360 loops=1)
        Buckets: 65536 (originally 32768)  Batches: 1 (originally 1)  Memory Usage: 2089kB
        ->  Hash Join  (cost=74617.32..131298.34 rows=29086 width=8) (actual time=1114.016..2316.863 rows=40360 loops=1)
              Hash Cond: (mc.movie_id = t.id)
              ->  Seq Scan on movie_companies mc  (cost=0.00..51404.11 rows=1329612 width=4) (actual time=0.024..858.546 rows=1334883 loops=1)
                    Filter: (company_type_id > 1)
                    Rows Removed by Filter: 1274246
              ->  Hash  (cost=73925.90..73925.90 rows=55313 width=4) (actual time=1113.644..1113.644 rows=49075 loops=1)
                    Buckets: 65536  Batches: 1  Memory Usage: 2238kB
                    ->  Seq Scan on title t  (cost=0.00..73925.90 rows=55313 width=4) (actual time=0.024..1088.782 rows=49075 loops=1)
                          Filter: ((kind_id < 7) AND (production_year = 2010))
                          Rows Removed by Filter: 2479237
Planning time: 1.166 ms
Execution time: 22826.269 ms
