Seq Scan on movie_keyword mk  (cost=0.00..81003.12 rows=3166330 width=0) (actual time=0.026..1649.250 rows=3154707 loops=1)
  Filter: (keyword_id < 12192)
  Rows Removed by Filter: 1369223
Planning time: 0.368 ms
Execution time: 2049.330 ms
