Hash Join  (cost=91123.00..572254.84 rows=4253936 width=0) (actual time=2020.321..14482.265 rows=4131692 loops=1)
  Hash Cond: (mi.movie_id = t.id)
  ->  Seq Scan on movie_info mi  (cost=0.00..346232.03 rows=7503588 width=4) (actual time=83.453..6632.545 rows=7548855 loops=1)
        Filter: (info_type_id > 7)
        Rows Removed by Filter: 7286865
  ->  Hash  (cost=67604.59..67604.59 rows=1433473 width=4) (actual time=1934.841..1934.841 rows=1434466 loops=1)
        Buckets: 131072  Batches: 32  Memory Usage: 2607kB
        ->  Seq Scan on title t  (cost=0.00..67604.59 rows=1433473 width=4) (actual time=0.026..1454.744 rows=1434466 loops=1)
              Filter: (production_year > 1999)
              Rows Removed by Filter: 1093846
Planning time: 0.569 ms
Execution time: 15014.865 ms
