Seq Scan on movie_companies mc  (cost=0.00..57926.93 rows=53 width=0) (actual time=541.040..873.343 rows=22 loops=1)
  Filter: ((company_id = 41911) AND (company_type_id = 2))
  Rows Removed by Filter: 2609107
Planning time: 0.397 ms
Execution time: 873.448 ms
