Hash Join  (cost=122535.74..477064.19 rows=6661 width=0) (actual time=3006.663..8325.568 rows=261185 loops=1)
  Hash Cond: (mi.movie_id = t.id)
  ->  Seq Scan on movie_info mi  (cost=0.00..346232.03 rows=2194617 width=4) (actual time=798.845..5616.914 rows=2233850 loops=1)
        Filter: (info_type_id > 16)
        Rows Removed by Filter: 12601870
  ->  Hash  (cost=122439.81..122439.81 rows=7674 width=8) (actual time=2207.251..2207.251 rows=20576 loops=1)
        Buckets: 32768 (originally 8192)  Batches: 1 (originally 1)  Memory Usage: 1060kB
        ->  Hash Join  (cost=67697.55..122439.81 rows=7674 width=8) (actual time=1023.481..2198.621 rows=20576 loops=1)
              Hash Cond: (mc.movie_id = t.id)
              ->  Seq Scan on movie_companies mc  (cost=0.00..44881.29 rows=2609129 width=4) (actual time=0.030..583.403 rows=2609129 loops=1)
              ->  Hash  (cost=67604.59..67604.59 rows=7437 width=4) (actual time=1023.379..1023.379 rows=16571 loops=1)
                    Buckets: 32768 (originally 8192)  Batches: 1 (originally 1)  Memory Usage: 839kB
                    ->  Seq Scan on title t  (cost=0.00..67604.59 rows=7437 width=4) (actual time=0.078..1014.830 rows=16571 loops=1)
                          Filter: (production_year = 1984)
                          Rows Removed by Filter: 2511741
Planning time: 0.832 ms
Execution time: 8359.775 ms
