Hash Join  (cost=83073.49..110002.60 rows=18 width=0) (actual time=1317.761..1847.641 rows=459 loops=1)
  Hash Cond: (mi_idx.movie_id = t.id)
  ->  Seq Scan on movie_info_idx mi_idx  (cost=0.00..25185.44 rows=464934 width=4) (actual time=0.019..481.412 rows=460185 loops=1)
        Filter: (info_type_id > 100)
        Rows Removed by Filter: 919850
  ->  Hash  (cost=83072.29..83072.29 rows=96 width=8) (actual time=1296.038..1296.038 rows=544 loops=1)
        Buckets: 1024  Batches: 1  Memory Usage: 30kB
        ->  Nested Loop  (cost=0.43..83072.29 rows=96 width=8) (actual time=13.352..1295.575 rows=544 loops=1)
              ->  Seq Scan on movie_keyword mk  (cost=0.00..81003.12 rows=246 width=4) (actual time=13.280..1260.432 rows=621 loops=1)
                    Filter: (keyword_id = 7185)
                    Rows Removed by Filter: 4523309
              ->  Index Scan using title_pkey on title t  (cost=0.43..8.40 rows=1 width=4) (actual time=0.054..0.055 rows=1 loops=621)
                    Index Cond: (id = mk.movie_id)
                    Filter: (kind_id < 7)
                    Rows Removed by Filter: 0
Planning time: 2.664 ms
Execution time: 1847.909 ms
