Hash Join  (cost=263115.61..428428.30 rows=3136813 width=0) (actual time=8024.449..17205.305 rows=23967741 loops=1)
  Hash Cond: (mk.movie_id = t.id)
  ->  Seq Scan on movie_keyword mk  (cost=0.00..81003.12 rows=3039910 width=4) (actual time=0.018..1692.778 rows=3027126 loops=1)
        Filter: (keyword_id > 2148)
        Rows Removed by Filter: 1496804
  ->  Hash  (cost=220309.49..220309.49 rows=2609129 width=8) (actual time=8022.549..8022.549 rows=2609129 loops=1)
        Buckets: 131072  Batches: 64  Memory Usage: 2691kB
        ->  Hash Join  (cost=102767.86..220309.49 rows=2609129 width=8) (actual time=2070.888..7201.113 rows=2609129 loops=1)
              Hash Cond: (mc.movie_id = t.id)
              ->  Seq Scan on movie_companies mc  (cost=0.00..44881.29 rows=2609129 width=4) (actual time=0.012..1057.458 rows=2609129 loops=1)
              ->  Hash  (cost=61283.27..61283.27 rows=2528527 width=4) (actual time=2070.044..2070.044 rows=2528312 loops=1)
                    Buckets: 131072  Batches: 64  Memory Usage: 2415kB
                    ->  Seq Scan on title t  (cost=0.00..61283.27 rows=2528527 width=4) (actual time=0.022..1218.491 rows=2528312 loops=1)
Planning time: 1.122 ms
Execution time: 19940.675 ms
