Hash Join  (cost=595449.56..1854700.14 rows=12970382 width=0) (actual time=14795.295..42660.539 rows=8072303 loops=1)
  Hash Cond: (ci.movie_id = t.id)
  ->  Seq Scan on cast_info ci  (cost=0.00..705507.15 rows=23499554 width=4) (actual time=878.811..16129.274 rows=23573656 loops=1)
        Filter: (role_id > 1)
        Rows Removed by Filter: 12670688
  ->  Hash  (cost=572552.56..572552.56 rows=1395600 width=8) (actual time=13914.939..13914.939 rows=450268 loops=1)
        Buckets: 131072  Batches: 32  Memory Usage: 1572kB
        ->  Hash Join  (cost=77854.63..572552.56 rows=1395600 width=8) (actual time=1401.173..13766.403 rows=450268 loops=1)
              Hash Cond: (mi.movie_id = t.id)
              ->  Seq Scan on movie_info mi  (cost=0.00..309384.22 rows=14739122 width=4) (actual time=0.026..6239.645 rows=14835720 loops=1)
              ->  Hash  (cost=73925.90..73925.90 rows=239418 width=4) (actual time=1191.812..1191.812 rows=256906 loops=1)
                    Buckets: 131072  Batches: 4  Memory Usage: 3302kB
                    ->  Seq Scan on title t  (cost=0.00..73925.90 rows=239418 width=4) (actual time=0.020..1094.505 rows=256906 loops=1)
                          Filter: ((production_year > 2010) AND (kind_id = 7))
                          Rows Removed by Filter: 2271406
Planning time: 1.225 ms
Execution time: 43504.232 ms
