Nested Loop  (cost=0.43..83071.67 rows=246 width=0) (actual time=13.289..1274.937 rows=1213 loops=1)
  ->  Seq Scan on movie_keyword mk  (cost=0.00..81003.12 rows=246 width=4) (actual time=13.210..1244.249 rows=1213 loops=1)
        Filter: (keyword_id = 59190)
        Rows Removed by Filter: 4522717
  ->  Index Only Scan using title_pkey on title t  (cost=0.43..8.40 rows=1 width=4) (actual time=0.024..0.024 rows=1 loops=1213)
        Index Cond: (id = mk.movie_id)
        Heap Fetches: 1213
Planning time: 0.722 ms
Execution time: 1275.421 ms
