Seq Scan on movie_companies mc  (cost=0.00..57926.93 rows=289042 width=0) (actual time=0.023..889.520 rows=425019 loops=1)
  Filter: ((company_id < 666) AND (company_type_id = 1))
  Rows Removed by Filter: 2184110
Planning time: 0.395 ms
Execution time: 945.650 ms
