Hash Join  (cost=79366.51..466395.61 rows=402335 width=0) (actual time=1314.460..8641.510 rows=543022 loops=1)
  Hash Cond: (mi.movie_id = t.id)
  ->  Seq Scan on movie_info mi  (cost=0.00..346232.03 rows=3068194 width=4) (actual time=0.014..5676.165 rows=3036719 loops=1)
        Filter: (info_type_id = 16)
        Rows Removed by Filter: 11799001
  ->  Hash  (cost=73925.90..73925.90 rows=331568 width=4) (actual time=1313.685..1313.685 rows=445194 loops=1)
        Buckets: 131072  Batches: 8  Memory Usage: 3000kB
        ->  Seq Scan on title t  (cost=0.00..73925.90 rows=331568 width=4) (actual time=0.022..1166.939 rows=445194 loops=1)
              Filter: ((kind_id < 7) AND (production_year < 1996))
              Rows Removed by Filter: 2083118
Planning time: 0.815 ms
Execution time: 8705.165 ms
