Seq Scan on movie_companies mc  (cost=0.00..51404.11 rows=95466 width=0) (actual time=416.274..776.116 rows=96010 loops=1)
  Filter: (company_id > 159975)
  Rows Removed by Filter: 2513119
Planning time: 0.313 ms
Execution time: 787.499 ms
