Seq Scan on movie_companies mc  (cost=0.00..51404.11 rows=419880 width=0) (actual time=356.229..938.416 rows=424161 loops=1)
  Filter: (company_id > 79764)
  Rows Removed by Filter: 2184968
Planning time: 0.331 ms
Execution time: 988.787 ms
