Hash Join  (cost=426121.86..1132947.07 rows=488 width=0) (actual time=9894.036..19226.491 rows=882 loops=1)
  Hash Cond: (ci.movie_id = t.id)
  ->  Seq Scan on cast_info ci  (cost=0.00..705507.15 rows=350181 width=4) (actual time=3144.715..12420.117 rows=316118 loops=1)
        Filter: (role_id > 10)
        Rows Removed by Filter: 35928226
  ->  Hash  (cost=426077.80..426077.80 rows=3525 width=8) (actual time=6748.840..6748.840 rows=12692 loops=1)
        Buckets: 16384 (originally 4096)  Batches: 1 (originally 1)  Memory Usage: 624kB
        ->  Hash Join  (cost=73997.78..426077.80 rows=3525 width=8) (actual time=4114.921..6742.459 rows=12692 loops=1)
              Hash Cond: (mi.movie_id = t.id)
              ->  Seq Scan on movie_info mi  (cost=0.00..346232.03 rows=1550064 width=4) (actual time=3078.186..5491.960 rows=1533909 loops=1)
                    Filter: (info_type_id = 3)
                    Rows Removed by Filter: 13301811
              ->  Hash  (cost=73925.90..73925.90 rows=5750 width=4) (actual time=954.193..954.193 rows=8526 loops=1)
                    Buckets: 16384 (originally 8192)  Batches: 1 (originally 1)  Memory Usage: 428kB
                    ->  Seq Scan on title t  (cost=0.00..73925.90 rows=5750 width=4) (actual time=86.142..949.919 rows=8526 loops=1)
                          Filter: ((kind_id = 4) AND (production_year = 2008))
                          Rows Removed by Filter: 2519786
Planning time: 1.129 ms
Execution time: 19226.951 ms
