Hash Join  (cost=76557.15..115751.75 rows=87511 width=0) (actual time=1075.504..2063.089 rows=96950 loops=1)
  Hash Cond: (mi_idx.movie_id = t.id)
  ->  Seq Scan on movie_info_idx mi_idx  (cost=0.00..21735.35 rows=1380035 width=4) (actual time=0.017..439.648 rows=1380035 loops=1)
  ->  Hash  (cost=73925.90..73925.90 rows=160340 width=4) (actual time=1074.693..1074.693 rows=149805 loops=1)
        Buckets: 131072  Batches: 4  Memory Usage: 2348kB
        ->  Seq Scan on title t  (cost=0.00..73925.90 rows=160340 width=4) (actual time=0.021..1026.846 rows=149805 loops=1)
              Filter: ((kind_id < 3) AND (production_year > 2009))
              Rows Removed by Filter: 2378507
Planning time: 0.699 ms
Execution time: 2075.753 ms
