Hash Join  (cost=182339.93..1322672.38 rows=10370128 width=0) (actual time=5002.693..48847.506 rows=46320134 loops=1)
  Hash Cond: (ci.movie_id = t.id)
  ->  Seq Scan on cast_info ci  (cost=0.00..614943.12 rows=36225612 width=4) (actual time=0.014..13565.080 rows=36244344 loops=1)
  ->  Hash  (cost=170464.07..170464.07 rows=723829 width=8) (actual time=5001.852..5001.852 rows=1537006 loops=1)
        Buckets: 131072 (originally 131072)  Batches: 32 (originally 16)  Memory Usage: 3073kB
        ->  Hash Join  (cost=85435.26..170464.07 rows=723829 width=8) (actual time=1498.283..4549.036 rows=1537006 loops=1)
              Hash Cond: (mc.movie_id = t.id)
              ->  Seq Scan on movie_companies mc  (cost=0.00..44881.29 rows=2609129 width=4) (actual time=0.017..838.924 rows=2609129 loops=1)
              ->  Hash  (cost=73925.90..73925.90 rows=701468 width=4) (actual time=1497.277..1497.277 rows=749931 loops=1)
                    Buckets: 131072  Batches: 16  Memory Usage: 2673kB
                    ->  Seq Scan on title t  (cost=0.00..73925.90 rows=701468 width=4) (actual time=0.024..1258.084 rows=749931 loops=1)
                          Filter: ((kind_id < 7) AND (production_year < 2009))
                          Rows Removed by Filter: 1778381
Planning time: 1.208 ms
Execution time: 54173.103 ms
