Seq Scan on movie_companies mc  (cost=0.00..51404.11 rows=93864 width=0) (actual time=464.142..834.230 rows=94302 loops=1)
  Filter: (company_id > 161023)
  Rows Removed by Filter: 2514827
Planning time: 0.316 ms
Execution time: 846.396 ms
