Hash Join  (cost=98137.04..235182.74 rows=1779416 width=0) (actual time=1951.109..5112.227 rows=854698 loops=1)
  Hash Cond: (mk.movie_id = t.id)
  ->  Seq Scan on movie_keyword mk  (cost=0.00..81003.12 rows=2417684 width=4) (actual time=0.022..1692.268 rows=2409410 loops=1)
        Filter: (keyword_id > 3843)
        Rows Removed by Filter: 2114520
  ->  Hash  (cost=67604.59..67604.59 rows=1860996 width=4) (actual time=1949.719..1949.719 rows=1865487 loops=1)
        Buckets: 131072  Batches: 32  Memory Usage: 3085kB
        ->  Seq Scan on title t  (cost=0.00..67604.59 rows=1860996 width=4) (actual time=0.030..1321.015 rows=1865487 loops=1)
              Filter: (kind_id > 1)
              Rows Removed by Filter: 662825
Planning time: 0.710 ms
Execution time: 5193.911 ms
