Hash Join  (cost=107183.38..511896.59 rows=2093811 width=0) (actual time=2190.409..10468.282 rows=2199002 loops=1)
  Hash Cond: (mi.movie_id = t.id)
  ->  Seq Scan on movie_info mi  (cost=0.00..346232.03 rows=2194617 width=4) (actual time=0.019..5848.653 rows=2233850 loops=1)
        Filter: (info_type_id > 16)
        Rows Removed by Filter: 12601870
  ->  Hash  (cost=67604.59..67604.59 rows=2412383 width=4) (actual time=2188.821..2188.821 rows=2404496 loops=1)
        Buckets: 131072  Batches: 32  Memory Usage: 3675kB
        ->  Seq Scan on title t  (cost=0.00..67604.59 rows=2412383 width=4) (actual time=0.017..1393.675 rows=2404496 loops=1)
              Filter: (production_year > 1913)
              Rows Removed by Filter: 123816
Planning time: 11.711 ms
Execution time: 10722.259 ms
