Hash Join  (cost=159949.89..526842.69 rows=223687 width=0) (actual time=2684.715..11567.270 rows=1641600 loops=1)
  Hash Cond: (mi.movie_id = t.id)
  ->  Seq Scan on movie_info mi  (cost=0.00..309384.22 rows=14739122 width=4) (actual time=0.011..4252.322 rows=14835720 loops=1)
  ->  Hash  (cost=159470.21..159470.21 rows=38374 width=8) (actual time=2684.337..2684.337 rows=63319 loops=1)
        Buckets: 65536  Batches: 1  Memory Usage: 2986kB
        ->  Hash Join  (cost=70093.99..159470.21 rows=38374 width=8) (actual time=1077.751..2660.972 rows=63319 loops=1)
              Hash Cond: (mk.movie_id = t.id)
              ->  Seq Scan on movie_keyword mk  (cost=0.00..81003.12 rows=639563 width=4) (actual time=0.023..1310.674 rows=639638 loops=1)
                    Filter: (keyword_id < 496)
                    Rows Removed by Filter: 3884292
              ->  Hash  (cost=67604.59..67604.59 rows=151712 width=4) (actual time=1077.063..1077.063 rows=155206 loops=1)
                    Buckets: 131072  Batches: 2  Memory Usage: 3758kB
                    ->  Seq Scan on title t  (cost=0.00..67604.59 rows=151712 width=4) (actual time=1.448..1019.325 rows=155206 loops=1)
                          Filter: (production_year < 1947)
                          Rows Removed by Filter: 2373106
Planning time: 1.174 ms
Execution time: 11781.918 ms
