Nested Loop  (cost=0.43..87767.94 rows=4957 width=0) (actual time=24.505..880.377 rows=3722 loops=1)
  ->  Seq Scan on movie_companies mc  (cost=0.00..51404.11 rows=4957 width=4) (actual time=24.409..794.557 rows=3722 loops=1)
        Filter: (company_id = 164)
        Rows Removed by Filter: 2605407
  ->  Index Only Scan using title_pkey on title t  (cost=0.43..7.33 rows=1 width=4) (actual time=0.021..0.022 rows=1 loops=3722)
        Index Cond: (id = mc.movie_id)
        Heap Fetches: 3722
Planning time: 1.475 ms
Execution time: 881.313 ms
