Hash Join  (cost=466576.13..601255.78 rows=420387 width=0) (actual time=7685.936..11904.405 rows=3862753 loops=1)
  Hash Cond: (mk.movie_id = t.id)
  ->  Seq Scan on movie_keyword mk  (cost=0.00..81003.12 rows=4192974 width=4) (actual time=0.014..1794.216 rows=4193564 loops=1)
        Filter: (keyword_id < 50022)
        Rows Removed by Filter: 330366
  ->  Hash  (cost=462416.26..462416.26 rows=253510 width=8) (actual time=7684.950..7684.950 rows=221397 loops=1)
        Buckets: 131072  Batches: 4  Memory Usage: 3164kB
        ->  Hash Join  (cost=77354.40..462416.26 rows=253510 width=8) (actual time=1229.858..7605.368 rows=221397 loops=1)
              Hash Cond: (mi.movie_id = t.id)
              ->  Seq Scan on movie_info mi  (cost=0.00..346232.03 rows=3068194 width=4) (actual time=0.016..5007.746 rows=3036719 loops=1)
                    Filter: (info_type_id = 16)
                    Rows Removed by Filter: 11799001
              ->  Hash  (cost=73925.90..73925.90 rows=208920 width=4) (actual time=1228.192..1228.192 rows=183835 loops=1)
                    Buckets: 131072  Batches: 4  Memory Usage: 2655kB
                    ->  Seq Scan on title t  (cost=0.00..73925.90 rows=208920 width=4) (actual time=0.011..1163.449 rows=183835 loops=1)
                          Filter: ((kind_id < 7) AND (production_year > 2009))
                          Rows Removed by Filter: 2344477
Planning time: 3.693 ms
Execution time: 12365.528 ms
