Seq Scan on movie_companies mc  (cost=0.00..57926.93 rows=620281 width=0) (actual time=119.902..1022.477 rows=848415 loops=1)
  Filter: ((company_id < 11165) AND (company_type_id < 2))
  Rows Removed by Filter: 1760714
Planning time: 0.285 ms
Execution time: 1128.084 ms
