Hash Join  (cost=75574.02..939354.87 rows=223517 width=0) (actual time=5593.547..15282.663 rows=94139 loops=1)
  Hash Cond: (ci.movie_id = t.id)
  ->  Seq Scan on cast_info ci  (cost=0.00..796071.18 rows=5628667 width=4) (actual time=4261.879..12641.723 rows=2379674 loops=1)
        Filter: ((person_id < 841175) AND (role_id > 1))
        Rows Removed by Filter: 33864670
  ->  Hash  (cost=73925.90..73925.90 rows=100409 width=4) (actual time=1328.045..1328.045 rows=110402 loops=1)
        Buckets: 131072  Batches: 2  Memory Usage: 2964kB
        ->  Seq Scan on title t  (cost=0.00..73925.90 rows=100409 width=4) (actual time=0.042..1287.444 rows=110402 loops=1)
              Filter: ((kind_id = 7) AND (production_year = 2012))
              Rows Removed by Filter: 2417910
Planning time: 0.813 ms
Execution time: 15294.280 ms
