Hash Join  (cost=87247.62..132543.76 rows=443166 width=0) (actual time=1479.177..2788.899 rows=772463 loops=1)
  Hash Cond: (mi_idx.movie_id = t.id)
  ->  Seq Scan on movie_info_idx mi_idx  (cost=0.00..21735.35 rows=1380035 width=4) (actual time=0.017..409.763 rows=1380035 loops=1)
  ->  Hash  (cost=73925.90..73925.90 rows=811977 width=4) (actual time=1478.236..1478.236 rows=725903 loops=1)
        Buckets: 131072  Batches: 16  Memory Usage: 2621kB
        ->  Seq Scan on title t  (cost=0.00..73925.90 rows=811977 width=4) (actual time=0.031..1243.575 rows=725903 loops=1)
              Filter: ((kind_id < 7) AND (production_year > 1970))
              Rows Removed by Filter: 1802409
Planning time: 0.724 ms
Execution time: 2877.260 ms
