Hash Join  (cost=202970.97..712798.74 rows=1086893 width=0) (actual time=4060.028..16200.520 rows=1008667 loops=1)
  Hash Cond: (mi.movie_id = t.id)
  ->  Seq Scan on movie_info mi  (cost=0.00..309384.22 rows=14739122 width=4) (actual time=0.004..5970.495 rows=14835720 loops=1)
  ->  Hash  (cost=199911.23..199911.23 rows=186459 width=8) (actual time=4056.265..4056.265 rows=82065 loops=1)
        Buckets: 131072  Batches: 4  Memory Usage: 1804kB
        ->  Hash Join  (cost=75636.60..199911.23 rows=186459 width=8) (actual time=1326.825..4029.785 rows=82065 loops=1)
              Hash Cond: (mk.movie_id = t.id)
              ->  Seq Scan on movie_keyword mk  (cost=0.00..69693.30 rows=4523930 width=4) (actual time=0.005..1297.757 rows=4523930 loops=1)
              ->  Hash  (cost=73925.90..73925.90 rows=104216 width=4) (actual time=1326.035..1326.035 rows=108513 loops=1)
                    Buckets: 131072  Batches: 2  Memory Usage: 2937kB
                    ->  Seq Scan on title t  (cost=0.00..73925.90 rows=104216 width=4) (actual time=0.039..1282.020 rows=108513 loops=1)
                          Filter: ((kind_id > 1) AND (production_year = 2010))
                          Rows Removed by Filter: 2419799
Planning time: 0.796 ms
Execution time: 16324.651 ms
