Hash Join  (cost=178461.90..930739.19 rows=148806 width=0) (actual time=1259.840..18824.915 rows=387258 loops=1)
  Hash Cond: (ci.movie_id = t.id)
  ->  Seq Scan on cast_info ci  (cost=0.00..614943.12 rows=36225612 width=4) (actual time=0.011..9060.263 rows=36244344 loops=1)
  ->  Hash  (cost=178332.07..178332.07 rows=10387 width=8) (actual time=1259.605..1259.605 rows=11417 loops=1)
        Buckets: 16384  Batches: 1  Memory Usage: 574kB
        ->  Nested Loop  (cost=0.43..178332.07 rows=10387 width=8) (actual time=0.120..1254.254 rows=11417 loops=1)
              ->  Seq Scan on movie_keyword mk  (cost=0.00..81003.12 rows=16889 width=4) (actual time=0.066..1036.099 rows=14120 loops=1)
                    Filter: (keyword_id = 1382)
                    Rows Removed by Filter: 4509810
              ->  Index Scan using title_pkey on title t  (cost=0.43..5.75 rows=1 width=4) (actual time=0.015..0.015 rows=1 loops=14120)
                    Index Cond: (id = mk.movie_id)
                    Filter: (production_year < 2007)
                    Rows Removed by Filter: 0
Planning time: 1.178 ms
Execution time: 18886.916 ms
