Seq Scan on movie_keyword mk  (cost=0.00..81003.12 rows=1151761 width=0) (actual time=0.018..1378.340 rows=1156481 loops=1)
  Filter: (keyword_id < 1367)
  Rows Removed by Filter: 3367449
Planning time: 0.316 ms
Execution time: 1525.083 ms
