Hash Join  (cost=128695.20..493525.88 rows=17476 width=0) (actual time=2327.907..10532.756 rows=689689 loops=1)
  Hash Cond: (mi.movie_id = t.id)
  ->  Seq Scan on movie_info mi  (cost=0.00..309384.22 rows=14739122 width=4) (actual time=0.012..4653.871 rows=14835720 loops=1)
  ->  Hash  (cost=128657.72..128657.72 rows=2998 width=8) (actual time=2327.838..2327.838 rows=18051 loops=1)
        Buckets: 32768 (originally 4096)  Batches: 1 (originally 1)  Memory Usage: 962kB
        ->  Hash Join  (cost=73962.22..128657.72 rows=2998 width=8) (actual time=1059.595..2320.015 rows=18051 loops=1)
              Hash Cond: (mc.movie_id = t.id)
              ->  Seq Scan on movie_companies mc  (cost=0.00..44881.29 rows=2609129 width=4) (actual time=0.009..682.188 rows=2609129 loops=1)
              ->  Hash  (cost=73925.90..73925.90 rows=2905 width=4) (actual time=1059.380..1059.380 rows=8669 loops=1)
                    Buckets: 16384 (originally 4096)  Batches: 1 (originally 1)  Memory Usage: 433kB
                    ->  Seq Scan on title t  (cost=0.00..73925.90 rows=2905 width=4) (actual time=0.208..1055.188 rows=8669 loops=1)
                          Filter: ((kind_id < 7) AND (production_year = 1989))
                          Rows Removed by Filter: 2519643
Planning time: 1.200 ms
Execution time: 10627.174 ms
