Seq Scan on cast_info ci  (cost=0.00..705507.15 rows=29684117 width=0) (actual time=0.010..13834.860 rows=29787787 loops=1)
  Filter: (person_id > 623560)
  Rows Removed by Filter: 6456557
Planning time: 0.225 ms
Execution time: 17548.078 ms
