Seq Scan on cast_info ci  (cost=0.00..705507.15 rows=22391235 width=0) (actual time=0.028..13450.713 rows=22236074 loops=1)
  Filter: (person_id < 2265759)
  Rows Removed by Filter: 14008270
Planning time: 0.340 ms
Execution time: 16199.653 ms
