Hash Join  (cost=102767.86..1034959.30 rows=9010110 width=0) (actual time=6160.221..22872.736 rows=9018433 loops=1)
  Hash Cond: (ci.movie_id = t.id)
  ->  Seq Scan on cast_info ci  (cost=0.00..705507.15 rows=9010110 width=4) (actual time=4201.631..12813.680 rows=9018433 loops=1)
        Filter: (person_id > 2794705)
        Rows Removed by Filter: 27225911
  ->  Hash  (cost=61283.27..61283.27 rows=2528527 width=4) (actual time=1957.221..1957.221 rows=2528312 loops=1)
        Buckets: 131072  Batches: 64  Memory Usage: 2415kB
        ->  Seq Scan on title t  (cost=0.00..61283.27 rows=2528527 width=4) (actual time=0.014..1122.836 rows=2528312 loops=1)
Planning time: 0.746 ms
Execution time: 23973.759 ms
