Hash Join  (cost=102767.86..191134.35 rows=854496 width=0) (actual time=1947.007..3950.112 rows=664480 loops=1)
  Hash Cond: (mc.movie_id = t.id)
  ->  Seq Scan on movie_companies mc  (cost=0.00..57926.93 rows=854496 width=4) (actual time=0.041..1051.361 rows=664480 loops=1)
        Filter: ((company_id > 2516) AND (company_type_id < 2))
        Rows Removed by Filter: 1944649
  ->  Hash  (cost=61283.27..61283.27 rows=2528527 width=4) (actual time=1944.931..1944.931 rows=2528312 loops=1)
        Buckets: 131072  Batches: 64  Memory Usage: 2415kB
        ->  Seq Scan on title t  (cost=0.00..61283.27 rows=2528527 width=4) (actual time=0.015..1108.424 rows=2528312 loops=1)
Planning time: 4.482 ms
Execution time: 4030.269 ms
