Hash Join  (cost=126781.90..155479.05 rows=8009 width=0) (actual time=2226.329..2903.236 rows=9978 loops=1)
  Hash Cond: (mi_idx.movie_id = t.id)
  ->  Seq Scan on movie_info_idx mi_idx  (cost=0.00..25185.44 rows=915101 width=4) (actual time=0.028..519.216 rows=919850 loops=1)
        Filter: (info_type_id < 101)
        Rows Removed by Filter: 460185
  ->  Hash  (cost=126505.26..126505.26 rows=22131 width=8) (actual time=2225.850..2225.850 rows=8947 loops=1)
        Buckets: 32768  Batches: 1  Memory Usage: 606kB
        ->  Hash Join  (cost=70308.29..126505.26 rows=22131 width=8) (actual time=1153.118..2221.878 rows=8947 loops=1)
              Hash Cond: (mc.movie_id = t.id)
              ->  Seq Scan on movie_companies mc  (cost=0.00..51404.11 rows=339613 width=4) (actual time=0.013..878.966 rows=334457 loops=1)
                    Filter: (company_id < 166)
                    Rows Removed by Filter: 2274672
              ->  Hash  (cost=67604.59..67604.59 rows=164776 width=4) (actual time=1152.249..1152.249 rows=164307 loops=1)
                    Buckets: 131072  Batches: 4  Memory Usage: 2482kB
                    ->  Seq Scan on title t  (cost=0.00..67604.59 rows=164776 width=4) (actual time=0.020..1095.030 rows=164307 loops=1)
                          Filter: (production_year = 2012)
                          Rows Removed by Filter: 2364005
Planning time: 1.048 ms
Execution time: 2905.100 ms
