Seq Scan on movie_keyword mk  (cost=0.00..81003.12 rows=236041 width=0) (actual time=0.024..1244.846 rows=236332 loops=1)
  Filter: (keyword_id > 62462)
  Rows Removed by Filter: 4287598
Planning time: 0.341 ms
Execution time: 1275.936 ms
