Hash Join  (cost=74531.43..127113.37 rows=5725 width=0) (actual time=1402.945..2360.150 rows=22408 loops=1)
  Hash Cond: (mc.movie_id = t.id)
  ->  Seq Scan on movie_companies mc  (cost=0.00..51404.11 rows=298821 width=4) (actual time=0.037..937.069 rows=292877 loops=1)
        Filter: (company_id < 160)
        Rows Removed by Filter: 2316252
  ->  Hash  (cost=73925.90..73925.90 rows=48442 width=4) (actual time=1314.558..1314.558 rows=62614 loops=1)
        Buckets: 65536  Batches: 1  Memory Usage: 2714kB
        ->  Seq Scan on title t  (cost=0.00..73925.90 rows=48442 width=4) (actual time=670.893..1290.860 rows=62614 loops=1)
              Filter: ((production_year < 2003) AND (kind_id = 3))
              Rows Removed by Filter: 2465698
Planning time: 0.793 ms
Execution time: 2363.756 ms
