Hash Join  (cost=452816.50..580213.47 rows=442793 width=0) (actual time=7990.610..10123.385 rows=2321 loops=1)
  Hash Cond: (mk.movie_id = t.id)
  ->  Seq Scan on movie_keyword mk  (cost=0.00..69693.30 rows=4523930 width=4) (actual time=0.014..1258.611 rows=4523930 loops=1)
  ->  Hash  (cost=448755.92..448755.92 rows=247487 width=8) (actual time=6693.403..6693.403 rows=1445 loops=1)
        Buckets: 131072  Batches: 4  Memory Usage: 1045kB
        ->  Hash Join  (cost=80549.28..448755.92 rows=247487 width=8) (actual time=1666.905..6691.854 rows=1445 loops=1)
              Hash Cond: (mi.movie_id = t.id)
              ->  Seq Scan on movie_info mi  (cost=0.00..346232.03 rows=1550064 width=4) (actual time=310.475..4594.587 rows=1533909 loops=1)
                    Filter: (info_type_id = 3)
                    Rows Removed by Filter: 13301811
              ->  Hash  (cost=73925.90..73925.90 rows=403710 width=4) (actual time=1354.681..1354.681 rows=434218 loops=1)
                    Buckets: 131072  Batches: 8  Memory Usage: 2941kB
                    ->  Seq Scan on title t  (cost=0.00..73925.90 rows=403710 width=4) (actual time=259.525..1213.213 rows=434218 loops=1)
                          Filter: ((production_year > 2008) AND (kind_id = 7))
                          Rows Removed by Filter: 2094094
Planning time: 1.190 ms
Execution time: 10124.204 ms
