Hash Join  (cost=105192.26..149498.98 rows=421261 width=0) (actual time=2127.679..3357.528 rows=429934 loops=1)
  Hash Cond: (mi_idx.movie_id = t.id)
  ->  Seq Scan on movie_info_idx mi_idx  (cost=0.00..25185.44 rows=464934 width=4) (actual time=0.016..473.732 rows=460185 loops=1)
        Filter: (info_type_id > 100)
        Rows Removed by Filter: 919850
  ->  Hash  (cost=67604.59..67604.59 rows=2291014 width=4) (actual time=2126.764..2126.764 rows=2281608 loops=1)
        Buckets: 131072  Batches: 32  Memory Usage: 3535kB
        ->  Seq Scan on title t  (cost=0.00..67604.59 rows=2291014 width=4) (actual time=0.020..1422.361 rows=2281608 loops=1)
              Filter: (production_year > 1951)
              Rows Removed by Filter: 246704
Planning time: 0.531 ms
Execution time: 3407.506 ms
