Hash Join  (cost=75752.64..142951.35 rows=56341 width=0) (actual time=1869.171..2808.212 rows=89289 loops=1)
  Hash Cond: (mc.movie_id = t.id)
  ->  Seq Scan on movie_companies mc  (cost=0.00..51404.11 rows=1279517 width=4) (actual time=262.235..1007.660 rows=1274246 loops=1)
        Filter: (company_type_id = 1)
        Rows Removed by Filter: 1334883
  ->  Hash  (cost=73925.90..73925.90 rows=111339 width=4) (actual time=1299.711..1299.711 rows=117920 loops=1)
        Buckets: 131072  Batches: 2  Memory Usage: 3095kB
        ->  Seq Scan on title t  (cost=0.00..73925.90 rows=111339 width=4) (actual time=165.136..1258.097 rows=117920 loops=1)
              Filter: ((production_year > 0) AND (kind_id = 4))
              Rows Removed by Filter: 2410392
Planning time: 0.756 ms
Execution time: 2820.110 ms
