Hash Join  (cost=213379.35..768998.58 rows=7105131 width=0) (actual time=5327.327..28975.581 rows=35412516 loops=1)
  Hash Cond: (mi.movie_id = t.id)
  ->  Seq Scan on movie_info mi  (cost=0.00..309384.22 rows=14739122 width=4) (actual time=0.014..6169.021 rows=14835720 loops=1)
  ->  Hash  (cost=193381.10..193381.10 rows=1218900 width=8) (actual time=5326.364..5326.364 rows=1206226 loops=1)
        Buckets: 131072  Batches: 16  Memory Usage: 3999kB
        ->  Hash Join  (cost=102767.86..193381.10 rows=1218900 width=8) (actual time=1884.244..4969.329 rows=1206226 loops=1)
              Hash Cond: (mc.movie_id = t.id)
              ->  Seq Scan on movie_companies mc  (cost=0.00..51404.11 rows=1218900 width=4) (actual time=0.010..949.633 rows=1206226 loops=1)
                    Filter: (company_id < 11137)
                    Rows Removed by Filter: 1402903
              ->  Hash  (cost=61283.27..61283.27 rows=2528527 width=4) (actual time=1883.073..1883.073 rows=2528312 loops=1)
                    Buckets: 131072  Batches: 64  Memory Usage: 2415kB
                    ->  Seq Scan on title t  (cost=0.00..61283.27 rows=2528527 width=4) (actual time=0.017..1049.280 rows=2528312 loops=1)
Planning time: 1.154 ms
Execution time: 33210.773 ms
