Hash Join  (cost=74341.98..817059.31 rows=126194 width=0) (actual time=1777.060..15592.705 rows=116496 loops=1)
  Hash Cond: (ci.movie_id = t.id)
  ->  Seq Scan on cast_info ci  (cost=0.00..705507.15 rows=9586197 width=4) (actual time=491.282..11798.455 rows=9407484 loops=1)
        Filter: (person_id < 925801)
        Rows Removed by Filter: 26836860
  ->  Hash  (cost=73925.90..73925.90 rows=33286 width=4) (actual time=1221.759..1221.759 rows=28113 loops=1)
        Buckets: 65536  Batches: 1  Memory Usage: 1501kB
        ->  Seq Scan on title t  (cost=0.00..73925.90 rows=33286 width=4) (actual time=0.214..1209.697 rows=28113 loops=1)
              Filter: ((kind_id < 7) AND (production_year = 2004))
              Rows Removed by Filter: 2500199
Planning time: 0.765 ms
Execution time: 15612.109 ms
