Hash Join  (cost=174751.02..660975.03 rows=601409 width=0) (actual time=3369.533..15019.820 rows=455448 loops=1)
  Hash Cond: (mi.movie_id = t.id)
  ->  Seq Scan on movie_info mi  (cost=0.00..309384.22 rows=14739122 width=4) (actual time=0.010..6441.451 rows=14835720 loops=1)
  ->  Hash  (cost=173057.35..173057.35 rows=103173 width=8) (actual time=3368.758..3368.758 rows=41129 loops=1)
        Buckets: 131072  Batches: 2  Memory Usage: 1840kB
        ->  Hash Join  (cost=102767.86..173057.35 rows=103173 width=8) (actual time=2053.269..3352.717 rows=41129 loops=1)
              Hash Cond: (mc.movie_id = t.id)
              ->  Seq Scan on movie_companies mc  (cost=0.00..57926.93 rows=103173 width=4) (actual time=0.078..861.245 rows=41129 loops=1)
                    Filter: ((company_id < 64) AND (company_type_id = 2))
                    Rows Removed by Filter: 2568000
              ->  Hash  (cost=61283.27..61283.27 rows=2528527 width=4) (actual time=2051.410..2051.410 rows=2528312 loops=1)
                    Buckets: 131072  Batches: 64  Memory Usage: 2415kB
                    ->  Seq Scan on title t  (cost=0.00..61283.27 rows=2528527 width=4) (actual time=0.024..1205.062 rows=2528312 loops=1)
Planning time: 1.137 ms
Execution time: 15083.242 ms
