Hash Join  (cost=83810.17..238620.60 rows=1766360 width=0) (actual time=1575.093..6877.624 rows=3876865 loops=1)
  Hash Cond: (mk.movie_id = t.id)
  ->  Seq Scan on movie_keyword mk  (cost=0.00..81003.12 rows=4521786 width=4) (actual time=0.025..1816.049 rows=4522326 loops=1)
        Filter: (keyword_id < 132606)
        Rows Removed by Filter: 1604
  ->  Hash  (cost=67604.59..67604.59 rows=987727 width=4) (actual time=1574.032..1574.032 rows=985048 loops=1)
        Buckets: 131072  Batches: 16  Memory Usage: 3197kB
        ->  Seq Scan on title t  (cost=0.00..67604.59 rows=987727 width=4) (actual time=0.015..1245.449 rows=985048 loops=1)
              Filter: (kind_id < 7)
              Rows Removed by Filter: 1543264
Planning time: 0.765 ms
Execution time: 7274.012 ms
