Hash Join  (cost=96729.52..1190435.71 rows=10290373 width=0) (actual time=2198.887..28061.459 rows=9911727 loops=1)
  Hash Cond: (ci.movie_id = t.id)
  ->  Seq Scan on cast_info ci  (cost=0.00..796071.18 rows=14657255 width=4) (actual time=0.020..16043.384 rows=12888366 loops=1)
        Filter: ((person_id > 1387307) AND (role_id < 4))
        Rows Removed by Filter: 23355978
  ->  Hash  (cost=67604.59..67604.59 rows=1775195 width=4) (actual time=2197.619..2197.619 rows=1772072 loops=1)
        Buckets: 131072  Batches: 32  Memory Usage: 2976kB
        ->  Seq Scan on title t  (cost=0.00..67604.59 rows=1775195 width=4) (actual time=0.022..1371.548 rows=1772072 loops=1)
              Filter: (production_year > 1989)
              Rows Removed by Filter: 756240
Planning time: 0.762 ms
Execution time: 29180.048 ms
