Seq Scan on movie_keyword mk  (cost=0.00..81003.12 rows=6786 width=0) (actual time=0.186..1243.113 rows=5392 loops=1)
  Filter: (keyword_id = 460)
  Rows Removed by Filter: 4518538
Planning time: 0.260 ms
Execution time: 1244.494 ms
