Hash Join  (cost=101458.67..1484230.05 rows=29562520 width=0) (actual time=2240.264..45859.536 rows=31487763 loops=1)
  Hash Cond: (ci.movie_id = t.id)
  ->  Seq Scan on cast_info ci  (cost=0.00..614943.12 rows=36225612 width=4) (actual time=0.017..13104.543 rows=36244344 loops=1)
  ->  Hash  (cost=67604.59..67604.59 rows=2063447 width=4) (actual time=2239.291..2239.291 rows=2060346 loops=1)
        Buckets: 131072  Batches: 32  Memory Usage: 3293kB
        ->  Seq Scan on title t  (cost=0.00..67604.59 rows=2063447 width=4) (actual time=0.013..1318.024 rows=2060346 loops=1)
              Filter: (production_year > 1971)
              Rows Removed by Filter: 467966
Planning time: 3.103 ms
Execution time: 49377.010 ms
