Hash Join  (cost=78988.28..588321.98 rows=1545307 width=0) (actual time=1200.602..14581.436 rows=2249994 loops=1)
  Hash Cond: (mi.movie_id = t.id)
  ->  Seq Scan on movie_info mi  (cost=0.00..346232.03 rows=12665229 width=4) (actual time=0.021..6846.260 rows=12744652 loops=1)
        Filter: (info_type_id > 2)
        Rows Removed by Filter: 2091068
  ->  Hash  (cost=73925.90..73925.90 rows=308510 width=4) (actual time=1199.656..1199.656 rows=266599 loops=1)
        Buckets: 131072  Batches: 8  Memory Usage: 2197kB
        ->  Seq Scan on title t  (cost=0.00..73925.90 rows=308510 width=4) (actual time=0.054..1108.491 rows=266599 loops=1)
              Filter: ((kind_id < 7) AND (production_year > 2007))
              Rows Removed by Filter: 2261713
Planning time: 0.830 ms
Execution time: 14840.405 ms
