Hash Join  (cost=83073.54..465933.88 rows=198 width=0) (actual time=1468.150..9315.391 rows=111973 loops=1)
  Hash Cond: (mi.movie_id = t.id)
  ->  Seq Scan on movie_info mi  (cost=0.00..346232.03 rows=9767026 width=4) (actual time=0.011..6210.418 rows=9911754 loops=1)
        Filter: (info_type_id > 4)
        Rows Removed by Filter: 4923966
  ->  Hash  (cost=83072.90..83072.90 rows=51 width=8) (actual time=1466.362..1466.362 rows=3631 loops=1)
        Buckets: 4096 (originally 1024)  Batches: 1 (originally 1)  Memory Usage: 174kB
        ->  Nested Loop  (cost=0.43..83072.90 rows=51 width=8) (actual time=0.285..1463.842 rows=3631 loops=1)
              ->  Seq Scan on movie_keyword mk  (cost=0.00..81003.12 rows=246 width=4) (actual time=0.220..1314.546 rows=4200 loops=1)
                    Filter: (keyword_id = 1002)
                    Rows Removed by Filter: 4519730
              ->  Index Scan using title_pkey on title t  (cost=0.43..8.40 rows=1 width=4) (actual time=0.034..0.035 rows=1 loops=4200)
                    Index Cond: (id = mk.movie_id)
                    Filter: ((kind_id < 7) AND (production_year < 2005))
                    Rows Removed by Filter: 0
Planning time: 1.275 ms
Execution time: 9332.014 ms
