Seq Scan on cast_info ci  (cost=0.00..796071.18 rows=431772 width=0) (actual time=4164.130..11254.144 rows=271 loops=1)
  Filter: ((person_id < 204371) AND (role_id = 2))
  Rows Removed by Filter: 36244073
Planning time: 0.395 ms
Execution time: 11254.357 ms
