Seq Scan on title t  (cost=0.00..67604.59 rows=2382041 width=0) (actual time=0.007..1282.519 rows=2378352 loops=1)
  Filter: (production_year > 1917)
  Rows Removed by Filter: 149960
Planning time: 0.323 ms
Execution time: 1579.884 ms
