Hash Join  (cost=451217.03..580017.58 rows=557952 width=0) (actual time=7336.300..11043.597 rows=2515433 loops=1)
  Hash Cond: (mk.movie_id = t.id)
  ->  Seq Scan on movie_keyword mk  (cost=0.00..69693.30 rows=4523930 width=4) (actual time=0.023..1409.066 rows=4523930 loops=1)
  ->  Hash  (cost=446099.88..446099.88 rows=311852 width=8) (actual time=7335.307..7335.307 rows=367341 loops=1)
        Buckets: 131072  Batches: 8  Memory Usage: 2832kB
        ->  Hash Join  (cost=83580.70..446099.88 rows=311852 width=8) (actual time=2917.576..7238.443 rows=367341 loops=1)
              Hash Cond: (mi.movie_id = t.id)
              ->  Seq Scan on movie_info mi  (cost=0.00..346232.03 rows=809768 width=4) (actual time=1385.878..5097.696 rows=802140 loops=1)
                    Filter: (info_type_id < 2)
                    Rows Removed by Filter: 14033580
              ->  Hash  (cost=67604.59..67604.59 rows=973769 width=4) (actual time=1530.571..1530.571 rows=971188 loops=1)
                    Buckets: 131072  Batches: 16  Memory Usage: 3169kB
                    ->  Seq Scan on title t  (cost=0.00..67604.59 rows=973769 width=4) (actual time=0.027..1215.892 rows=971188 loops=1)
                          Filter: (production_year < 1999)
                          Rows Removed by Filter: 1557124
Planning time: 2.281 ms
Execution time: 11291.485 ms
