Seq Scan on cast_info ci  (cost=0.00..796071.18 rows=404546 width=0) (actual time=5377.580..10859.876 rows=764223 loops=1)
  Filter: ((person_id < 106986) AND (role_id = 1))
  Rows Removed by Filter: 35480121
Planning time: 0.389 ms
Execution time: 10949.434 ms
