Hash Join  (cost=125744.25..198009.97 rows=141105 width=0) (actual time=2575.411..4432.315 rows=188055 loops=1)
  Hash Cond: (mc.movie_id = t.id)
  ->  Seq Scan on movie_companies mc  (cost=0.00..51404.11 rows=1607083 width=4) (actual time=0.020..1060.134 rows=1597492 loops=1)
        Filter: (company_id < 16339)
        Rows Removed by Filter: 1011637
  ->  Hash  (cost=122101.12..122101.12 rows=222010 width=8) (actual time=2404.000..2404.000 rows=105045 loops=1)
        Buckets: 131072  Batches: 4  Memory Usage: 2060kB
        ->  Hash Join  (cost=80599.54..122101.12 rows=222010 width=8) (actual time=1278.915..2372.334 rows=105045 loops=1)
              Hash Cond: (mi_idx.movie_id = t.id)
              ->  Seq Scan on movie_info_idx mi_idx  (cost=0.00..21735.35 rows=1380035 width=4) (actual time=0.014..461.833 rows=1380035 loops=1)
              ->  Hash  (cost=73925.90..73925.90 rows=406771 width=4) (actual time=1277.863..1277.863 rows=288892 loops=1)
                    Buckets: 131072  Batches: 8  Memory Usage: 2281kB
                    ->  Seq Scan on title t  (cost=0.00..73925.90 rows=406771 width=4) (actual time=0.023..1182.480 rows=288892 loops=1)
                          Filter: ((production_year < 1989) AND (kind_id = 7))
                          Rows Removed by Filter: 2239420
Planning time: 1.117 ms
Execution time: 4458.384 ms
