Hash Join  (cost=129548.06..1189919.90 rows=2586275 width=0) (actual time=2876.091..31083.727 rows=3743246 loops=1)
  Hash Cond: (ci.movie_id = t.id)
  ->  Seq Scan on cast_info ci  (cost=0.00..614943.12 rows=36225612 width=4) (actual time=0.011..12599.786 rows=36244344 loops=1)
  ->  Hash  (cost=126585.56..126585.56 rows=180520 width=8) (actual time=2875.378..2875.378 rows=94759 loops=1)
        Buckets: 131072  Batches: 4  Memory Usage: 1943kB
        ->  Hash Join  (cost=90416.96..126585.56 rows=180520 width=8) (actual time=1919.802..2844.965 rows=94759 loops=1)
              Hash Cond: (mi_idx.movie_id = t.id)
              ->  Seq Scan on movie_info_idx mi_idx  (cost=0.00..25185.44 rows=454124 width=4) (actual time=0.013..513.868 rows=459925 loops=1)
                    Filter: (info_type_id = 100)
                    Rows Removed by Filter: 920110
              ->  Hash  (cost=73925.90..73925.90 rows=1005124 width=4) (actual time=1593.042..1593.042 rows=1099095 loops=1)
                    Buckets: 131072  Batches: 16  Memory Usage: 3447kB
                    ->  Seq Scan on title t  (cost=0.00..73925.90 rows=1005124 width=4) (actual time=62.826..1252.986 rows=1099095 loops=1)
                          Filter: ((production_year > 1994) AND (kind_id = 7))
                          Rows Removed by Filter: 1429217
Planning time: 0.851 ms
Execution time: 31535.330 ms
