Hash Join  (cost=97476.44..275845.80 rows=3247278 width=0) (actual time=2041.004..7456.145 rows=2889036 loops=1)
  Hash Cond: (mk.movie_id = t.id)
  ->  Seq Scan on movie_keyword mk  (cost=0.00..81003.12 rows=4509691 width=4) (actual time=0.016..1749.944 rows=4509566 loops=1)
        Filter: (keyword_id > 1)
        Rows Removed by Filter: 14364
  ->  Hash  (cost=67604.59..67604.59 rows=1820708 width=4) (actual time=2039.795..2039.795 rows=1813245 loops=1)
        Buckets: 131072  Batches: 32  Memory Usage: 3030kB
        ->  Seq Scan on title t  (cost=0.00..67604.59 rows=1820708 width=4) (actual time=0.014..1421.935 rows=1813245 loops=1)
              Filter: (production_year > 1987)
              Rows Removed by Filter: 715067
Planning time: 0.649 ms
Execution time: 7790.784 ms
