Seq Scan on cast_info ci  (cost=0.00..796071.18 rows=55 width=0) (actual time=5706.812..10241.121 rows=132 loops=1)
  Filter: ((person_id = 2937452) AND (role_id = 3))
  Rows Removed by Filter: 36244212
Planning time: 0.362 ms
Execution time: 10241.262 ms
