Hash Join  (cost=73950.44..421461.89 rows=264 width=0) (actual time=1938.754..6238.562 rows=622 loops=1)
  Hash Cond: (mi.movie_id = t.id)
  ->  Seq Scan on movie_info mi  (cost=0.00..346232.03 rows=340474 width=4) (actual time=691.786..5097.913 rows=328857 loops=1)
        Filter: (info_type_id = 98)
        Rows Removed by Filter: 14506863
  ->  Hash  (cost=73925.90..73925.90 rows=1963 width=4) (actual time=1077.621..1077.621 rows=3338 loops=1)
        Buckets: 4096 (originally 2048)  Batches: 1 (originally 1)  Memory Usage: 150kB
        ->  Seq Scan on title t  (cost=0.00..73925.90 rows=1963 width=4) (actual time=569.052..1075.899 rows=3338 loops=1)
              Filter: ((kind_id = 1) AND (production_year = 1962))
              Rows Removed by Filter: 2524974
Planning time: 0.909 ms
Execution time: 6238.869 ms
