Seq Scan on cast_info ci  (cost=0.00..796071.18 rows=8524344 width=0) (actual time=0.022..13331.405 rows=13263221 loops=1)
  Filter: ((person_id > 2347011) AND (role_id > 1))
  Rows Removed by Filter: 22981123
Planning time: 0.323 ms
Execution time: 14868.528 ms
