Hash Join  (cost=88458.98..176281.47 rows=78067 width=0) (actual time=1360.108..2792.977 rows=46549 loops=1)
  Hash Cond: (mk.movie_id = t.id)
  ->  Seq Scan on movie_keyword mk  (cost=0.00..81003.12 rows=222852 width=4) (actual time=0.029..1164.987 rows=235890 loops=1)
        Filter: (keyword_id < 196)
        Rows Removed by Filter: 4288040
  ->  Hash  (cost=73925.90..73925.90 rows=885766 width=4) (actual time=1357.613..1357.613 rows=802336 loops=1)
        Buckets: 131072  Batches: 16  Memory Usage: 2794kB
        ->  Seq Scan on title t  (cost=0.00..73925.90 rows=885766 width=4) (actual time=0.016..1113.636 rows=802336 loops=1)
              Filter: ((kind_id > 2) AND (production_year < 2004))
              Rows Removed by Filter: 1725976
Planning time: 0.729 ms
Execution time: 2799.180 ms
