Seq Scan on movie_keyword mk  (cost=0.00..81003.12 rows=3076236 width=0) (actual time=0.026..1438.782 rows=3064323 loops=1)
  Filter: (keyword_id < 11397)
  Rows Removed by Filter: 1459607
Planning time: 0.306 ms
Execution time: 1829.928 ms
