Seq Scan on cast_info ci  (cost=0.00..796071.18 rows=7190619 width=0) (actual time=5671.920..12198.522 rows=2972916 loops=1)
  Filter: ((person_id > 2621843) AND (role_id < 4))
  Rows Removed by Filter: 33271428
Planning time: 0.390 ms
Execution time: 12541.204 ms
