Hash Join  (cost=73987.23..160733.05 rows=8778 width=0) (actual time=1125.396..2757.864 rows=12158 loops=1)
  Hash Cond: (mk.movie_id = t.id)
  ->  Seq Scan on movie_keyword mk  (cost=0.00..69693.30 rows=4523930 width=4) (actual time=0.014..836.117 rows=4523930 loops=1)
  ->  Hash  (cost=73925.90..73925.90 rows=4906 width=4) (actual time=1120.171..1120.171 rows=11476 loops=1)
        Buckets: 16384 (originally 8192)  Batches: 1 (originally 1)  Memory Usage: 532kB
        ->  Seq Scan on title t  (cost=0.00..73925.90 rows=4906 width=4) (actual time=0.101..1114.445 rows=11476 loops=1)
              Filter: ((kind_id > 3) AND (production_year = 1985))
              Rows Removed by Filter: 2516836
Planning time: 1.474 ms
Execution time: 2759.795 ms
