Hash Join  (cost=437936.99..1276969.94 rows=132205 width=0) (actual time=7794.167..24885.107 rows=500306 loops=1)
  Hash Cond: (ci.movie_id = t.id)
  ->  Seq Scan on cast_info ci  (cost=0.00..796071.18 rows=3569523 width=4) (actual time=0.023..14069.618 rows=6720818 loops=1)
        Filter: ((person_id > 1830312) AND (role_id = 2))
        Rows Removed by Filter: 29523526
  ->  Hash  (cost=436400.36..436400.36 rows=93650 width=8) (actual time=7793.256..7793.256 rows=194057 loops=1)
        Buckets: 131072 (originally 131072)  Batches: 4 (originally 2)  Memory Usage: 3073kB
        ->  Hash Join  (cost=78724.21..436400.36 rows=93650 width=8) (actual time=2843.268..7719.362 rows=194057 loops=1)
              Hash Cond: (mi.movie_id = t.id)
              ->  Seq Scan on movie_info mi  (cost=0.00..346232.03 rows=809768 width=4) (actual time=907.982..5291.083 rows=802140 loops=1)
                    Filter: (info_type_id < 2)
                    Rows Removed by Filter: 14033580
              ->  Hash  (cost=73925.90..73925.90 rows=292424 width=4) (actual time=1919.499..1919.499 rows=231739 loops=1)
                    Buckets: 131072  Batches: 4  Memory Usage: 3073kB
                    ->  Seq Scan on title t  (cost=0.00..73925.90 rows=292424 width=4) (actual time=151.196..1236.270 rows=231739 loops=1)
                          Filter: ((production_year > 2004) AND (kind_id = 1))
                          Rows Removed by Filter: 2296573
Planning time: 1.237 ms
Execution time: 24951.614 ms
