Hash Join  (cost=129928.86..288482.00 rows=1557109 width=106) (actual time=2389.269..6833.096 rows=1573499 loops=1)
  Hash Cond: (mk.movie_id = t.id)
  ->  Seq Scan on movie_keyword mk  (cost=0.00..81003.12 rows=1557109 width=12) (actual time=0.020..1718.094 rows=1573499 loops=1)
        Filter: (keyword_id > 9957)
        Rows Removed by Filter: 2950431
  ->  Hash  (cost=61283.27..61283.27 rows=2528527 width=94) (actual time=2387.108..2387.108 rows=2528312 loops=1)
        Buckets: 32768  Batches: 128  Memory Usage: 2470kB
        ->  Seq Scan on title t  (cost=0.00..61283.27 rows=2528527 width=94) (actual time=0.021..1102.623 rows=2528312 loops=1)
Planning time: 6.238 ms
Execution time: 6923.020 ms
