Hash Join  (cost=88359.31..804031.64 rows=157708 width=0) (actual time=2551.724..13115.845 rows=130493 loops=1)
  Hash Cond: (ci.movie_id = t.id)
  ->  Seq Scan on cast_info ci  (cost=0.00..705507.15 rows=315227 width=4) (actual time=949.554..11195.521 rows=264251 loops=1)
        Filter: (person_id < 31035)
        Rows Removed by Filter: 35980093
  ->  Hash  (cost=67604.59..67604.59 rows=1265018 width=4) (actual time=1600.571..1600.571 rows=1263700 loops=1)
        Buckets: 131072  Batches: 32  Memory Usage: 2410kB
        ->  Seq Scan on title t  (cost=0.00..67604.59 rows=1265018 width=4) (actual time=0.025..1189.249 rows=1263700 loops=1)
              Filter: (production_year < 2004)
              Rows Removed by Filter: 1264612
Planning time: 0.746 ms
Execution time: 13128.898 ms
