Hash Join  (cost=984842.90..3119435.30 rows=91519434 width=0) (actual time=26601.043..104000.717 rows=207844827 loops=1)
  Hash Cond: (ci.movie_id = t.id)
  ->  Seq Scan on cast_info ci  (cost=0.00..705507.15 rows=16508146 width=4) (actual time=846.368..14207.576 rows=16641452 loops=1)
        Filter: (person_id > 1964075)
        Rows Removed by Filter: 19602892
  ->  Hash  (cost=754861.28..754861.28 rows=14017889 width=8) (actual time=25749.272..25749.272 rows=14123685 loops=1)
        Buckets: 131072  Batches: 256  Memory Usage: 3151kB
        ->  Hash Join  (cost=107058.56..754861.28 rows=14017889 width=8) (actual time=2192.019..21386.177 rows=14123685 loops=1)
              Hash Cond: (mi.movie_id = t.id)
              ->  Seq Scan on movie_info mi  (cost=0.00..309384.22 rows=14739122 width=4) (actual time=0.024..6309.029 rows=14835720 loops=1)
              ->  Hash  (cost=67604.59..67604.59 rows=2404798 width=4) (actual time=2191.187..2191.187 rows=2396371 loops=1)
                    Buckets: 131072  Batches: 32  Memory Usage: 3667kB
                    ->  Seq Scan on title t  (cost=0.00..67604.59 rows=2404798 width=4) (actual time=0.025..1392.078 rows=2396371 loops=1)
                          Filter: (production_year > 1914)
                          Rows Removed by Filter: 131941
Planning time: 1.130 ms
Execution time: 126016.169 ms
