Hash Join  (cost=80408.18..1102700.80 rows=2674592 width=0) (actual time=1588.946..30669.127 rows=3245705 loops=1)
  Hash Cond: (ci.movie_id = t.id)
  ->  Seq Scan on cast_info ci  (cost=0.00..796071.18 rows=17118271 width=4) (actual time=0.022..17267.185 rows=20866770 loops=1)
        Filter: ((person_id > 947663) AND (role_id > 1))
        Rows Removed by Filter: 15377574
  ->  Hash  (cost=73925.90..73925.90 rows=395062 width=4) (actual time=1588.065..1588.065 rows=335993 loops=1)
        Buckets: 131072  Batches: 8  Memory Usage: 2492kB
        ->  Seq Scan on title t  (cost=0.00..73925.90 rows=395062 width=4) (actual time=0.016..1184.818 rows=335993 loops=1)
              Filter: ((kind_id < 7) AND (production_year > 2005))
              Rows Removed by Filter: 2192319
Planning time: 0.790 ms
Execution time: 31058.891 ms
