Seq Scan on cast_info ci  (cost=0.00..796071.18 rows=6046415 width=0) (actual time=2866.647..14562.429 rows=12314798 loops=1)
  Filter: ((person_id < 1688433) AND (role_id < 2))
  Rows Removed by Filter: 23929546
Planning time: 0.330 ms
Execution time: 16019.258 ms
