Hash Join  (cost=178237.41..669822.44 rows=1103910 width=0) (actual time=4141.346..19727.094 rows=6507236 loops=1)
  Hash Cond: (mi.movie_id = t.id)
  ->  Seq Scan on movie_info mi  (cost=0.00..309384.22 rows=14739122 width=4) (actual time=0.018..6295.099 rows=14835720 loops=1)
  ->  Hash  (cost=175130.18..175130.18 rows=189378 width=8) (actual time=4140.435..4140.435 rows=375876 loops=1)
        Buckets: 131072 (originally 131072)  Batches: 8 (originally 4)  Memory Usage: 3073kB
        ->  Hash Join  (cost=102767.86..175130.18 rows=189378 width=8) (actual time=2415.223..4025.837 rows=375876 loops=1)
              Hash Cond: (mc.movie_id = t.id)
              ->  Seq Scan on movie_companies mc  (cost=0.00..57926.93 rows=189378 width=4) (actual time=50.342..938.779 rows=375876 loops=1)
                    Filter: ((company_id > 84939) AND (company_type_id > 1))
                    Rows Removed by Filter: 2233253
              ->  Hash  (cost=61283.27..61283.27 rows=2528527 width=4) (actual time=2363.934..2363.934 rows=2528312 loops=1)
                    Buckets: 131072  Batches: 64  Memory Usage: 2415kB
                    ->  Seq Scan on title t  (cost=0.00..61283.27 rows=2528527 width=4) (actual time=0.026..1165.065 rows=2528312 loops=1)
Planning time: 1.101 ms
Execution time: 20496.322 ms
