Seq Scan on movie_keyword mk  (cost=0.00..81003.12 rows=3745618 width=0) (actual time=0.029..1602.261 rows=3742364 loops=1)
  Filter: (keyword_id > 745)
  Rows Removed by Filter: 781566
Planning time: 0.347 ms
Execution time: 2069.533 ms
