Seq Scan on movie_keyword mk  (cost=0.00..81003.12 rows=6183 width=0) (actual time=0.094..1347.678 rows=6763 loops=1)
  Filter: (keyword_id = 4333)
  Rows Removed by Filter: 4517167
Planning time: 0.317 ms
Execution time: 1349.436 ms
