Hash Join  (cost=165693.34..696675.80 rows=4796150 width=0) (actual time=4126.053..19518.825 rows=6429810 loops=1)
  Hash Cond: (mi.movie_id = t.id)
  ->  Seq Scan on movie_info mi  (cost=0.00..309384.22 rows=14739122 width=4) (actual time=0.025..6242.197 rows=14835720 loops=1)
  ->  Hash  (cost=152193.47..152193.47 rows=822790 width=8) (actual time=4124.887..4124.887 rows=681171 loops=1)
        Buckets: 131072  Batches: 16  Memory Usage: 2709kB
        ->  Hash Join  (cost=98659.04..152193.47 rows=822790 width=8) (actual time=1963.809..3899.449 rows=681171 loops=1)
              Hash Cond: (mi_idx.movie_id = t.id)
              ->  Seq Scan on movie_info_idx mi_idx  (cost=0.00..21735.35 rows=1380035 width=4) (actual time=0.019..523.843 rows=1380035 loops=1)
              ->  Hash  (cost=73925.90..73925.90 rows=1507531 width=4) (actual time=1963.002..1963.002 rows=1630311 loops=1)
                    Buckets: 131072  Batches: 32  Memory Usage: 2822kB
                    ->  Seq Scan on title t  (cost=0.00..73925.90 rows=1507531 width=4) (actual time=0.026..1422.117 rows=1630311 loops=1)
                          Filter: ((kind_id > 1) AND (production_year > 1972))
                          Rows Removed by Filter: 898001
Planning time: 8.034 ms
Execution time: 20296.234 ms
