Hash Join  (cost=128478.61..256113.91 rows=500923 width=0) (actual time=2989.188..7733.727 rows=5932826 loops=1)
  Hash Cond: (mk.movie_id = t.id)
  ->  Seq Scan on movie_keyword mk  (cost=0.00..81003.12 rows=3476520 width=4) (actual time=0.024..1690.910 rows=3472791 loops=1)
        Filter: (keyword_id > 1046)
        Rows Removed by Filter: 1051139
  ->  Hash  (cost=122500.50..122500.50 rows=364329 width=8) (actual time=2988.122..2988.122 rows=629900 loops=1)
        Buckets: 131072 (originally 131072)  Batches: 16 (originally 8)  Memory Usage: 3073kB
        ->  Hash Join  (cost=78556.72..122500.50 rows=364329 width=8) (actual time=1385.265..2796.080 rows=629900 loops=1)
              Hash Cond: (mi_idx.movie_id = t.id)
              ->  Seq Scan on movie_info_idx mi_idx  (cost=0.00..21735.35 rows=1380035 width=4) (actual time=0.019..485.251 rows=1380035 loops=1)
              ->  Hash  (cost=67604.59..67604.59 rows=667531 width=4) (actual time=1384.509..1384.509 rows=662825 loops=1)
                    Buckets: 131072  Batches: 16  Memory Usage: 2476kB
                    ->  Seq Scan on title t  (cost=0.00..67604.59 rows=667531 width=4) (actual time=418.115..1184.081 rows=662825 loops=1)
                          Filter: (kind_id = 1)
                          Rows Removed by Filter: 1865487
Planning time: 1.101 ms
Execution time: 8372.198 ms
