Hash Join  (cost=73982.55..128694.84 rows=4676 width=0) (actual time=888.621..2029.596 rows=5695 loops=1)
  Hash Cond: (mc.movie_id = t.id)
  ->  Seq Scan on movie_companies mc  (cost=0.00..44881.29 rows=2609129 width=4) (actual time=0.023..594.571 rows=2609129 loops=1)
  ->  Hash  (cost=73925.90..73925.90 rows=4532 width=4) (actual time=884.591..884.591 rows=8269 loops=1)
        Buckets: 16384 (originally 8192)  Batches: 1 (originally 1)  Memory Usage: 419kB
        ->  Seq Scan on title t  (cost=0.00..73925.90 rows=4532 width=4) (actual time=0.073..881.329 rows=8269 loops=1)
              Filter: ((kind_id = 7) AND (production_year = 1971))
              Rows Removed by Filter: 2520043
Planning time: 0.806 ms
Execution time: 2030.626 ms
