Hash Join  (cost=150097.02..667518.04 rows=3525211 width=0) (actual time=3198.698..17065.218 rows=3181134 loops=1)
  Hash Cond: (mi.movie_id = t.id)
  ->  Seq Scan on movie_info mi  (cost=0.00..309384.22 rows=14739122 width=4) (actual time=0.013..6097.623 rows=14835720 loops=1)
  ->  Hash  (cost=140174.56..140174.56 rows=604757 width=8) (actual time=3197.762..3197.762 rows=375501 loops=1)
        Buckets: 131072  Batches: 8  Memory Usage: 2859kB
        ->  Hash Join  (cost=92105.51..140174.56 rows=604757 width=8) (actual time=1706.621..3080.787 rows=375501 loops=1)
              Hash Cond: (mi_idx.movie_id = t.id)
              ->  Seq Scan on movie_info_idx mi_idx  (cost=0.00..21735.35 rows=1380035 width=4) (actual time=0.016..447.627 rows=1380035 loops=1)
              ->  Hash  (cost=73925.90..73925.90 rows=1108048 width=4) (actual time=1705.755..1705.755 rows=1232022 loops=1)
                    Buckets: 131072  Batches: 16  Memory Usage: 3742kB
                    ->  Seq Scan on title t  (cost=0.00..73925.90 rows=1108048 width=4) (actual time=0.014..1327.756 rows=1232022 loops=1)
                          Filter: ((kind_id > 3) AND (production_year > 1993))
                          Rows Removed by Filter: 1296290
Planning time: 1.323 ms
Execution time: 17452.919 ms
