Seq Scan on cast_info ci  (cost=0.00..796071.18 rows=2925726 width=0) (actual time=0.033..11743.243 rows=1802641 loops=1)
  Filter: ((person_id < 623598) AND (role_id > 2))
  Rows Removed by Filter: 34441703
Planning time: 0.316 ms
Execution time: 11972.273 ms
