Seq Scan on movie_companies mc  (cost=0.00..51404.11 rows=104 width=0) (actual time=9.810..840.826 rows=116 loops=1)
  Filter: (company_id = 156)
  Rows Removed by Filter: 2609013
Planning time: 0.316 ms
Execution time: 840.953 ms
