Hash Join  (cost=155165.82..1184790.50 rows=1420812 width=0) (actual time=2891.175..28162.170 rows=142984 loops=1)
  Hash Cond: (ci.movie_id = t.id)
  ->  Seq Scan on cast_info ci  (cost=0.00..705507.15 rows=26757444 width=4) (actual time=0.026..16408.365 rows=26859641 loops=1)
        Filter: (role_id < 5)
        Rows Removed by Filter: 9384703
  ->  Hash  (cost=152962.52..152962.52 rows=134264 width=8) (actual time=2889.376..2889.376 rows=20053 loops=1)
        Buckets: 131072  Batches: 2  Memory Usage: 1417kB
        ->  Hash Join  (cost=76061.35..152962.52 rows=134264 width=8) (actual time=1599.203..2881.163 rows=20053 loops=1)
              Hash Cond: (mc.movie_id = t.id)
              ->  Seq Scan on movie_companies mc  (cost=0.00..44881.29 rows=2609129 width=4) (actual time=0.024..902.220 rows=2609129 loops=1)
              ->  Hash  (cost=73925.90..73925.90 rows=130116 width=4) (actual time=1164.269..1164.269 rows=17918 loops=1)
                    Buckets: 131072  Batches: 2  Memory Usage: 1340kB
                    ->  Seq Scan on title t  (cost=0.00..73925.90 rows=130116 width=4) (actual time=150.857..1156.433 rows=17918 loops=1)
                          Filter: ((kind_id > 3) AND (production_year < 1955))
                          Rows Removed by Filter: 2510394
Planning time: 1.059 ms
Execution time: 28182.925 ms
