Hash Join  (cost=193739.66..701383.05 rows=2608848 width=0) (actual time=4533.431..33374.481 rows=58719641 loops=1)
  Hash Cond: (mi.movie_id = t.id)
  ->  Seq Scan on movie_info mi  (cost=0.00..309384.22 rows=14739122 width=4) (actual time=0.010..6293.715 rows=14835720 loops=1)
  ->  Hash  (cost=186396.25..186396.25 rows=447553 width=8) (actual time=4532.614..4532.614 rows=981049 loops=1)
        Buckets: 131072 (originally 131072)  Batches: 16 (originally 8)  Memory Usage: 3550kB
        ->  Hash Join  (cost=83810.17..186396.25 rows=447553 width=8) (actual time=1838.982..4221.507 rows=981049 loops=1)
              Hash Cond: (mk.movie_id = t.id)
              ->  Seq Scan on movie_keyword mk  (cost=0.00..81003.12 rows=1145712 width=4) (actual time=0.021..1401.466 rows=1161673 loops=1)
                    Filter: (keyword_id > 16123)
                    Rows Removed by Filter: 3362257
              ->  Hash  (cost=67604.59..67604.59 rows=987727 width=4) (actual time=1837.645..1837.645 rows=985048 loops=1)
                    Buckets: 131072  Batches: 16  Memory Usage: 3197kB
                    ->  Seq Scan on title t  (cost=0.00..67604.59 rows=987727 width=4) (actual time=0.039..1109.092 rows=985048 loops=1)
                          Filter: (kind_id < 7)
                          Rows Removed by Filter: 1543264
Planning time: 1.074 ms
Execution time: 40289.599 ms
