Seq Scan on title t  (cost=0.00..73925.90 rows=508052 width=0) (actual time=0.019..1213.854 rows=368581 loops=1)
  Filter: ((kind_id > 1) AND (production_year < 1990))
  Rows Removed by Filter: 2159731
Planning time: 0.300 ms
Execution time: 1260.934 ms
