Hash Join  (cost=1155873.65..2069915.14 rows=32062905 width=0) (actual time=22058.128..39150.100 rows=11236666 loops=1)
  Hash Cond: (mi.movie_id = t.id)
  ->  Seq Scan on movie_info mi  (cost=0.00..309384.22 rows=14739122 width=4) (actual time=0.011..6664.609 rows=14835720 loops=1)
  ->  Hash  (cost=1065630.93..1065630.93 rows=5500458 width=8) (actual time=22054.394..22054.394 rows=2963258 loops=1)
        Buckets: 131072  Batches: 128  Memory Usage: 1920kB
        ->  Hash Join  (cost=92883.59..1065630.93 rows=5500458 width=8) (actual time=1676.553..21106.981 rows=2963258 loops=1)
              Hash Cond: (ci.movie_id = t.id)
              ->  Seq Scan on cast_info ci  (cost=0.00..796071.18 rows=9026516 width=4) (actual time=0.035..15291.608 rows=5208610 loops=1)
                    Filter: ((person_id > 1018190) AND (role_id = 1))
                    Rows Removed by Filter: 31035734
              ->  Hash  (cost=67604.59..67604.59 rows=1540800 width=4) (actual time=1675.110..1675.110 rows=1543264 loops=1)
                    Buckets: 131072  Batches: 32  Memory Usage: 2722kB
                    ->  Seq Scan on title t  (cost=0.00..67604.59 rows=1540800 width=4) (actual time=0.011..1189.848 rows=1543264 loops=1)
                          Filter: (kind_id = 7)
                          Rows Removed by Filter: 985048
Planning time: 2.730 ms
Execution time: 40393.240 ms
