Seq Scan on cast_info ci  (cost=0.00..796071.18 rows=991118 width=0) (actual time=2215.500..12231.500 rows=680538 loops=1)
  Filter: ((person_id < 871358) AND (role_id = 3))
  Rows Removed by Filter: 35563806
Planning time: 0.367 ms
Execution time: 12321.180 ms
