Hash Join  (cost=92883.59..193949.97 rows=452631 width=0) (actual time=1874.421..3628.803 rows=86376 loops=1)
  Hash Cond: (mk.movie_id = t.id)
  ->  Seq Scan on movie_keyword mk  (cost=0.00..81003.12 rows=742790 width=4) (actual time=0.031..1365.473 rows=744757 loops=1)
        Filter: (keyword_id < 679)
        Rows Removed by Filter: 3779173
  ->  Hash  (cost=67604.59..67604.59 rows=1540800 width=4) (actual time=1690.221..1690.221 rows=1543264 loops=1)
        Buckets: 131072  Batches: 32  Memory Usage: 2728kB
        ->  Seq Scan on title t  (cost=0.00..67604.59 rows=1540800 width=4) (actual time=0.023..1166.515 rows=1543264 loops=1)
              Filter: (kind_id = 7)
              Rows Removed by Filter: 985048
Planning time: 0.705 ms
Execution time: 3637.720 ms
