Hash Join  (cost=522878.45..686752.03 rows=2543707 width=0) (actual time=10350.117..16285.711 rows=5554705 loops=1)
  Hash Cond: (mk.movie_id = t.id)
  ->  Seq Scan on movie_keyword mk  (cost=0.00..81003.12 rows=3991077 width=4) (actual time=0.016..1834.280 rows=4002172 loops=1)
        Filter: (keyword_id < 34696)
        Rows Removed by Filter: 521758
  ->  Hash  (cost=496438.03..496438.03 rows=1611553 width=8) (actual time=10348.872..10348.872 rows=1509323 loops=1)
        Buckets: 131072  Batches: 32  Memory Usage: 2870kB
        ->  Hash Join  (cost=99841.01..496438.03 rows=1611553 width=8) (actual time=4665.260..9834.725 rows=1509323 loops=1)
              Hash Cond: (mi.movie_id = t.id)
              ->  Seq Scan on movie_info mi  (cost=0.00..346232.03 rows=2073893 width=4) (actual time=2604.052..5137.599 rows=2091068 loops=1)
                    Filter: (info_type_id < 3)
                    Rows Removed by Filter: 12744652
              ->  Hash  (cost=67604.59..67604.59 rows=1964834 width=4) (actual time=2060.297..2060.297 rows=1962189 loops=1)
                    Buckets: 131072  Batches: 32  Memory Usage: 3196kB
                    ->  Seq Scan on title t  (cost=0.00..67604.59 rows=1964834 width=4) (actual time=0.031..1425.471 rows=1962189 loops=1)
                          Filter: (production_year > 1978)
                          Rows Removed by Filter: 566123
Planning time: 1.130 ms
Execution time: 16955.389 ms
