Hash Join  (cost=165511.08..1246519.49 rows=4595224 width=0) (actual time=8747.435..79263.984 rows=3743046 loops=1)
  Hash Cond: (ci.movie_id = t.id)
  ->  Seq Scan on cast_info ci  (cost=0.00..614943.12 rows=36225612 width=4) (actual time=0.015..46126.986 rows=36244344 loops=1)
  ->  Hash  (cost=160248.78..160248.78 rows=320744 width=8) (actual time=8738.684..8738.684 rows=241027 loops=1)
        Buckets: 131072  Batches: 8  Memory Usage: 2205kB
        ->  Hash Join  (cost=80429.80..160248.78 rows=320744 width=8) (actual time=3722.597..8644.717 rows=241027 loops=1)
              Hash Cond: (mc.movie_id = t.id)
              ->  Seq Scan on movie_companies mc  (cost=0.00..51404.11 rows=2045980 width=4) (actual time=0.020..3548.854 rows=2041429 loops=1)
                    Filter: (company_id < 71436)
                    Rows Removed by Filter: 567700
              ->  Hash  (cost=73925.90..73925.90 rows=396392 width=4) (actual time=3721.319..3721.319 rows=259799 loops=1)
                    Buckets: 131072  Batches: 8  Memory Usage: 2157kB
                    ->  Seq Scan on title t  (cost=0.00..73925.90 rows=396392 width=4) (actual time=0.010..3574.935 rows=259799 loops=1)
                          Filter: ((kind_id > 1) AND (production_year < 1982))
                          Rows Removed by Filter: 2268513
Planning time: 1.087 ms
Execution time: 79798.175 ms
