Hash Join  (cost=175027.18..1157888.48 rows=4381592 width=0) (actual time=5841.703..27028.035 rows=6398524 loops=1)
  Hash Cond: (ci.movie_id = t.id)
  ->  Seq Scan on cast_info ci  (cost=0.00..796071.18 rows=12054719 width=4) (actual time=1482.267..14972.677 rows=9799430 loops=1)
        Filter: ((person_id > 1774957) AND (role_id < 4))
        Rows Removed by Filter: 26444914
  ->  Hash  (cost=159947.97..159947.97 rows=919057 width=8) (actual time=4358.129..4358.129 rows=920110 loops=1)
        Buckets: 131072  Batches: 16  Memory Usage: 3269kB
        ->  Hash Join  (cost=102767.86..159947.97 rows=919057 width=8) (actual time=2473.041..4107.934 rows=920110 loops=1)
              Hash Cond: (mi_idx.movie_id = t.id)
              ->  Seq Scan on movie_info_idx mi_idx  (cost=0.00..25185.44 rows=919057 width=4) (actual time=0.038..532.134 rows=920110 loops=1)
                    Filter: (info_type_id > 99)
                    Rows Removed by Filter: 459925
              ->  Hash  (cost=61283.27..61283.27 rows=2528527 width=4) (actual time=2471.998..2471.998 rows=2528312 loops=1)
                    Buckets: 131072  Batches: 64  Memory Usage: 2415kB
                    ->  Seq Scan on title t  (cost=0.00..61283.27 rows=2528527 width=4) (actual time=0.029..1027.902 rows=2528312 loops=1)
Planning time: 1.135 ms
Execution time: 27825.437 ms
