Hash Join  (cost=79111.30..208002.65 rows=565431 width=0) (actual time=1809.482..5162.136 rows=1956149 loops=1)
  Hash Cond: (mk.movie_id = t.id)
  ->  Seq Scan on movie_keyword mk  (cost=0.00..69693.30 rows=4523930 width=4) (actual time=0.030..1484.243 rows=4523930 loops=1)
  ->  Hash  (cost=73925.90..73925.90 rows=316032 width=4) (actual time=1325.281..1325.281 rows=400740 loops=1)
        Buckets: 131072  Batches: 8  Memory Usage: 2801kB
        ->  Seq Scan on title t  (cost=0.00..73925.90 rows=316032 width=4) (actual time=126.023..1191.345 rows=400740 loops=1)
              Filter: ((production_year < 2003) AND (kind_id = 1))
              Rows Removed by Filter: 2127572
Planning time: 0.777 ms
Execution time: 5392.390 ms
