Hash Join  (cost=102767.86..1364652.20 rows=22711581 width=0) (actual time=5830.998..75864.948 rows=22583212 loops=1)
  Hash Cond: (ci.movie_id = t.id)
  ->  Seq Scan on cast_info ci  (cost=0.00..705507.15 rows=22711581 width=4) (actual time=0.008..42810.524 rows=22583212 loops=1)
        Filter: (person_id < 2303691)
        Rows Removed by Filter: 13661132
  ->  Hash  (cost=61283.27..61283.27 rows=2528527 width=4) (actual time=5829.415..5829.415 rows=2528312 loops=1)
        Buckets: 131072  Batches: 64  Memory Usage: 2415kB
        ->  Seq Scan on title t  (cost=0.00..61283.27 rows=2528527 width=4) (actual time=0.010..4433.895 rows=2528312 loops=1)
Planning time: 0.708 ms
Execution time: 79042.788 ms
