Hash Join  (cost=98864.94..152516.87 rows=829640 width=0) (actual time=5127.582..8624.196 rows=671022 loops=1)
  Hash Cond: (mi_idx.movie_id = t.id)
  ->  Seq Scan on movie_info_idx mi_idx  (cost=0.00..21735.35 rows=1380035 width=4) (actual time=0.013..1855.975 rows=1380035 loops=1)
  ->  Hash  (cost=73925.90..73925.90 rows=1520083 width=4) (actual time=5126.512..5126.512 rows=1507233 loops=1)
        Buckets: 131072  Batches: 32  Memory Usage: 2679kB
        ->  Seq Scan on title t  (cost=0.00..73925.90 rows=1520083 width=4) (actual time=0.028..4459.653 rows=1507233 loops=1)
              Filter: ((kind_id > 1) AND (production_year < 2011))
              Rows Removed by Filter: 1021079
Planning time: 0.672 ms
Execution time: 8709.004 ms
