Hash Join  (cost=83072.42..833863.17 rows=158 width=0) (actual time=3854.215..47879.868 rows=8553 loops=1)
  Hash Cond: (ci.movie_id = t.id)
  ->  Seq Scan on cast_info ci  (cost=0.00..614943.12 rows=36225612 width=4) (actual time=0.019..34424.486 rows=36244344 loops=1)
  ->  Hash  (cost=83072.29..83072.29 rows=11 width=8) (actual time=3853.797..3853.797 rows=92 loops=1)
        Buckets: 1024  Batches: 1  Memory Usage: 12kB
        ->  Nested Loop  (cost=0.43..83072.29 rows=11 width=8) (actual time=50.169..3853.636 rows=92 loops=1)
              ->  Seq Scan on movie_keyword mk  (cost=0.00..81003.12 rows=246 width=4) (actual time=0.411..3238.431 rows=4326 loops=1)
                    Filter: (keyword_id = 585)
                    Rows Removed by Filter: 4519604
              ->  Index Scan using title_pkey on title t  (cost=0.43..8.40 rows=1 width=4) (actual time=0.141..0.141 rows=0 loops=4326)
                    Index Cond: (id = mk.movie_id)
                    Filter: (production_year = 2007)
                    Rows Removed by Filter: 1
Planning time: 2.453 ms
Execution time: 47883.842 ms
