Seq Scan on movie_keyword mk  (cost=0.00..81003.12 rows=4208425 width=0) (actual time=0.023..1514.353 rows=4211200 loops=1)
  Filter: (keyword_id < 52202)
  Rows Removed by Filter: 312730
Planning time: 0.284 ms
Execution time: 2012.506 ms
