Hash Join  (cost=74262.12..127838.85 rows=5993 width=0) (actual time=2805.096..5181.049 rows=25776 loops=1)
  Hash Cond: (mc.movie_id = t.id)
  ->  Seq Scan on movie_companies mc  (cost=0.00..51404.11 rows=563383 width=4) (actual time=0.025..2151.720 rows=561678 loops=1)
        Filter: (company_id < 596)
        Rows Removed by Filter: 2047451
  ->  Hash  (cost=73925.90..73925.90 rows=26897 width=4) (actual time=2804.841..2804.841 rows=26924 loops=1)
        Buckets: 32768  Batches: 1  Memory Usage: 1203kB
        ->  Seq Scan on title t  (cost=0.00..73925.90 rows=26897 width=4) (actual time=414.719..2789.835 rows=26924 loops=1)
              Filter: ((production_year < 1993) AND (kind_id = 2))
              Rows Removed by Filter: 2501388
Planning time: 5.498 ms
Execution time: 5188.885 ms
