Hash Join  (cost=217858.32..1133747.24 rows=3583233 width=0) (actual time=14601.661..70530.318 rows=10919456 loops=1)
  Hash Cond: (ci.movie_id = t.id)
  ->  Seq Scan on cast_info ci  (cost=0.00..796071.18 rows=6814244 width=4) (actual time=2915.429..44091.553 rows=12670688 loops=1)
        Filter: ((person_id < 1930347) AND (role_id < 2))
        Rows Removed by Filter: 23573656
  ->  Hash  (cost=196044.17..196044.17 rows=1329612 width=8) (actual time=11685.063..11685.063 rows=1334883 loops=1)
        Buckets: 131072  Batches: 32  Memory Usage: 2639kB
        ->  Hash Join  (cost=102767.86..196044.17 rows=1329612 width=8) (actual time=6059.821..11239.095 rows=1334883 loops=1)
              Hash Cond: (mc.movie_id = t.id)
              ->  Seq Scan on movie_companies mc  (cost=0.00..51404.11 rows=1329612 width=4) (actual time=0.031..3367.124 rows=1334883 loops=1)
                    Filter: (company_type_id > 1)
                    Rows Removed by Filter: 1274246
              ->  Hash  (cost=61283.27..61283.27 rows=2528527 width=4) (actual time=6058.927..6058.927 rows=2528312 loops=1)
                    Buckets: 131072  Batches: 64  Memory Usage: 2415kB
                    ->  Seq Scan on title t  (cost=0.00..61283.27 rows=2528527 width=4) (actual time=4.659..4479.605 rows=2528312 loops=1)
Planning time: 1.169 ms
Execution time: 72031.059 ms
