Hash Join  (cost=902020.05..1387697.86 rows=550288 width=0) (actual time=51201.820..81060.296 rows=238618 loops=1)
  Hash Cond: (mi.movie_id = t.id)
  ->  Seq Scan on movie_info mi  (cost=0.00..309384.22 rows=14739122 width=4) (actual time=0.015..22292.545 rows=14835720 loops=1)
  ->  Hash  (cost=900471.01..900471.01 rows=94403 width=8) (actual time=51126.462..51126.462 rows=94480 loops=1)
        Buckets: 131072  Batches: 2  Memory Usage: 2866kB
        ->  Hash Join  (cost=75574.02..900471.01 rows=94403 width=8) (actual time=30286.780..51047.808 rows=94480 loops=1)
              Hash Cond: (ci.movie_id = t.id)
              ->  Seq Scan on cast_info ci  (cost=0.00..796071.18 rows=2377276 width=4) (actual time=26112.336..45448.800 rows=2407715 loops=1)
                    Filter: ((person_id > 448611) AND (role_id = 4))
                    Rows Removed by Filter: 33836629
              ->  Hash  (cost=73925.90..73925.90 rows=100409 width=4) (actual time=4173.544..4173.544 rows=110402 loops=1)
                    Buckets: 131072  Batches: 2  Memory Usage: 2964kB
                    ->  Seq Scan on title t  (cost=0.00..73925.90 rows=100409 width=4) (actual time=0.027..4129.369 rows=110402 loops=1)
                          Filter: ((kind_id = 7) AND (production_year = 2012))
                          Rows Removed by Filter: 2417910
Planning time: 1.161 ms
Execution time: 81097.649 ms
