Hash Join  (cost=86956.38..226270.86 rows=1420944 width=0) (actual time=4476.818..12868.350 rows=2872213 loops=1)
  Hash Cond: (mk.movie_id = t.id)
  ->  Seq Scan on movie_keyword mk  (cost=0.00..69693.30 rows=4523930 width=4) (actual time=0.021..4647.723 rows=4523930 loops=1)
  ->  Hash  (cost=73925.90..73925.90 rows=794198 width=4) (actual time=4475.671..4475.671 rows=707863 loops=1)
        Buckets: 131072  Batches: 16  Memory Usage: 2588kB
        ->  Seq Scan on title t  (cost=0.00..73925.90 rows=794198 width=4) (actual time=0.015..4016.434 rows=707863 loops=1)
              Filter: ((kind_id < 7) AND (production_year > 1973))
              Rows Removed by Filter: 1820449
Planning time: 0.701 ms
Execution time: 13276.629 ms
