Nested Loop  (cost=40199.63..178128.79 rows=19314 width=0) (actual time=3432.103..8718.749 rows=101726 loops=1)
  Join Filter: (mc.movie_id = t.id)
  ->  Hash Join  (cost=40199.20..112458.60 rows=100007 width=8) (actual time=3432.042..5022.630 rows=101726 loops=1)
        Hash Cond: (mc.movie_id = mi_idx.movie_id)
        ->  Seq Scan on movie_companies mc  (cost=0.00..57926.93 rows=53368 width=4) (actual time=1318.419..2328.066 rows=105241 loops=1)
              Filter: ((company_id > 154512) AND (company_type_id = 2))
              Rows Removed by Filter: 2503888
        ->  Hash  (cost=25185.44..25185.44 rows=915101 width=4) (actual time=2112.357..2112.357 rows=919850 loops=1)
              Buckets: 131072  Batches: 16  Memory Usage: 3044kB
              ->  Seq Scan on movie_info_idx mi_idx  (cost=0.00..25185.44 rows=915101 width=4) (actual time=0.026..1571.443 rows=919850 loops=1)
                    Filter: (info_type_id < 101)
                    Rows Removed by Filter: 460185
  ->  Index Only Scan using title_pkey on title t  (cost=0.43..0.64 rows=1 width=4) (actual time=0.035..0.036 rows=1 loops=101726)
        Index Cond: (id = mi_idx.movie_id)
        Heap Fetches: 101726
Planning time: 1.055 ms
Execution time: 8736.667 ms
