Hash Join  (cost=263115.61..1240334.48 rows=7235240 width=0) (actual time=14159.474..73634.238 rows=23918949 loops=1)
  Hash Cond: (ci.movie_id = t.id)
  ->  Seq Scan on cast_info ci  (cost=0.00..796071.18 rows=7011727 width=4) (actual time=596.455..45505.103 rows=9012932 loops=1)
        Filter: ((person_id > 1505722) AND (role_id > 3))
        Rows Removed by Filter: 27231412
  ->  Hash  (cost=220309.49..220309.49 rows=2609129 width=8) (actual time=13561.324..13561.324 rows=2609129 loops=1)
        Buckets: 131072  Batches: 64  Memory Usage: 2610kB
        ->  Hash Join  (cost=102767.86..220309.49 rows=2609129 width=8) (actual time=5847.322..12343.809 rows=2609129 loops=1)
              Hash Cond: (mc.movie_id = t.id)
              ->  Seq Scan on movie_companies mc  (cost=0.00..44881.29 rows=2609129 width=4) (actual time=0.025..3155.903 rows=2609129 loops=1)
              ->  Hash  (cost=61283.27..61283.27 rows=2528527 width=4) (actual time=5846.201..5846.201 rows=2528312 loops=1)
                    Buckets: 131072  Batches: 64  Memory Usage: 2415kB
                    ->  Seq Scan on title t  (cost=0.00..61283.27 rows=2528527 width=4) (actual time=0.017..4658.403 rows=2528312 loops=1)
Planning time: 2.263 ms
Execution time: 77085.838 ms
