Hash Join  (cost=81043.12..162263.69 rows=447605 width=0) (actual time=4086.829..9864.725 rows=1066928 loops=1)
  Hash Cond: (mc.movie_id = t.id)
  ->  Seq Scan on movie_companies mc  (cost=0.00..44881.29 rows=2609129 width=4) (actual time=0.015..3577.682 rows=2609129 loops=1)
  ->  Hash  (cost=73925.90..73925.90 rows=433777 width=4) (actual time=4085.901..4085.901 rows=496765 loops=1)
        Buckets: 131072  Batches: 8  Memory Usage: 3221kB
        ->  Seq Scan on title t  (cost=0.00..73925.90 rows=433777 width=4) (actual time=0.013..3543.448 rows=496765 loops=1)
              Filter: ((kind_id < 3) AND (production_year < 2006))
              Rows Removed by Filter: 2031547
Planning time: 0.789 ms
Execution time: 10065.952 ms
