Seq Scan on movie_keyword mk  (cost=0.00..81003.12 rows=2701740 width=0) (actual time=0.033..5097.752 rows=2695187 loops=1)
  Filter: (keyword_id < 7633)
  Rows Removed by Filter: 1828743
Planning time: 23.269 ms
Execution time: 5659.946 ms
