Hash Join  (cost=365418.15..1474001.46 rows=15310635 width=0) (actual time=17866.342..72653.023 rows=25404033 loops=1)
  Hash Cond: (ci.movie_id = t.id)
  ->  Seq Scan on cast_info ci  (cost=0.00..796071.18 rows=8557461 width=4) (actual time=0.026..42194.207 rows=4170375 loops=1)
        Filter: ((person_id > 1157639) AND (role_id = 1))
        Rows Removed by Filter: 32073969
  ->  Hash  (cost=291197.02..291197.02 rows=4523930 width=8) (actual time=17863.981..17863.981 rows=4523930 loops=1)
        Buckets: 131072  Batches: 64  Memory Usage: 3816kB
        ->  Hash Join  (cost=102767.86..291197.02 rows=4523930 width=8) (actual time=5865.956..16203.041 rows=4523930 loops=1)
              Hash Cond: (mk.movie_id = t.id)
              ->  Seq Scan on movie_keyword mk  (cost=0.00..69693.30 rows=4523930 width=4) (actual time=0.026..5161.083 rows=4523930 loops=1)
              ->  Hash  (cost=61283.27..61283.27 rows=2528527 width=4) (actual time=5864.634..5864.634 rows=2528312 loops=1)
                    Buckets: 131072  Batches: 64  Memory Usage: 2425kB
                    ->  Seq Scan on title t  (cost=0.00..61283.27 rows=2528527 width=4) (actual time=0.018..4668.169 rows=2528312 loops=1)
Planning time: 3.275 ms
Execution time: 76263.979 ms
