Hash Join  (cost=102767.86..271035.10 rows=3216007 width=0) (actual time=2041.131..6597.868 rows=3207040 loops=1)
  Hash Cond: (mk.movie_id = t.id)
  ->  Seq Scan on movie_keyword mk  (cost=0.00..81003.12 rows=3216007 width=4) (actual time=0.025..1835.633 rows=3207040 loops=1)
        Filter: (keyword_id > 1725)
        Rows Removed by Filter: 1316890
  ->  Hash  (cost=61283.27..61283.27 rows=2528527 width=4) (actual time=2040.006..2040.006 rows=2528312 loops=1)
        Buckets: 131072  Batches: 64  Memory Usage: 2425kB
        ->  Seq Scan on title t  (cost=0.00..61283.27 rows=2528527 width=4) (actual time=0.018..1173.557 rows=2528312 loops=1)
Planning time: 3.104 ms
Execution time: 6968.283 ms
