Hash Join  (cost=109434.47..205999.29 rows=105957 width=0) (actual time=2061.085..4360.576 rows=345982 loops=1)
  Hash Cond: (mk.movie_id = t.id)
  ->  Seq Scan on movie_keyword mk  (cost=0.00..81003.12 rows=3867233 width=4) (actual time=0.011..1597.532 rows=3858966 loops=1)
        Filter: (keyword_id < 28228)
        Rows Removed by Filter: 664964
  ->  Hash  (cost=108568.50..108568.50 rows=69278 width=8) (actual time=2059.830..2059.830 rows=58600 loops=1)
        Buckets: 131072  Batches: 1  Memory Usage: 3314kB
        ->  Hash Join  (cost=69687.24..108568.50 rows=69278 width=8) (actual time=1094.994..2037.274 rows=58600 loops=1)
              Hash Cond: (mi_idx.movie_id = t.id)
              ->  Seq Scan on movie_info_idx mi_idx  (cost=0.00..21735.35 rows=1380035 width=4) (actual time=0.022..462.236 rows=1380035 loops=1)
              ->  Hash  (cost=67604.59..67604.59 rows=126932 width=4) (actual time=1094.259..1094.259 rows=122861 loops=1)
                    Buckets: 131072  Batches: 2  Memory Usage: 3191kB
                    ->  Seq Scan on title t  (cost=0.00..67604.59 rows=126932 width=4) (actual time=0.022..1047.864 rows=122861 loops=1)
                          Filter: (production_year = 2008)
                          Rows Removed by Filter: 2405451
Planning time: 1.220 ms
Execution time: 4405.533 ms
