Hash Join  (cost=117073.09..602210.45 rows=499645 width=0) (actual time=2297.097..15717.471 rows=3652161 loops=1)
  Hash Cond: (mi.movie_id = t.id)
  ->  Seq Scan on movie_info mi  (cost=0.00..309384.22 rows=14739122 width=4) (actual time=0.014..6202.398 rows=14835720 loops=1)
  ->  Hash  (cost=115666.65..115666.65 rows=85715 width=8) (actual time=2296.308..2296.308 rows=188737 loops=1)
        Buckets: 131072 (originally 131072)  Batches: 4 (originally 2)  Memory Usage: 3073kB
        ->  Hash Join  (cost=76503.02..115666.65 rows=85715 width=8) (actual time=1153.927..2230.321 rows=188737 loops=1)
              Hash Cond: (mi_idx.movie_id = t.id)
              ->  Seq Scan on movie_info_idx mi_idx  (cost=0.00..21735.35 rows=1380035 width=4) (actual time=0.015..454.554 rows=1380035 loops=1)
              ->  Hash  (cost=73925.90..73925.90 rows=157049 width=4) (actual time=1152.720..1152.720 rows=258048 loops=1)
                    Buckets: 131072  Batches: 4  Memory Usage: 3295kB
                    ->  Seq Scan on title t  (cost=0.00..73925.90 rows=157049 width=4) (actual time=0.020..1062.360 rows=258048 loops=1)
                          Filter: ((kind_id < 7) AND (production_year < 1972))
                          Rows Removed by Filter: 2270264
Planning time: 1.173 ms
Execution time: 16155.816 ms
