Hash Join  (cost=128478.61..1136350.15 rows=2331114 width=0) (actual time=6444.411..73754.686 rows=9612367 loops=1)
  Hash Cond: (ci.movie_id = t.id)
  ->  Seq Scan on cast_info ci  (cost=0.00..796071.18 rows=16178462 width=4) (actual time=0.016..49717.781 rows=20438457 loops=1)
        Filter: ((person_id > 1099966) AND (role_id > 1))
        Rows Removed by Filter: 15805887
  ->  Hash  (cost=122500.50..122500.50 rows=364329 width=8) (actual time=6443.054..6443.054 rows=629900 loops=1)
        Buckets: 131072 (originally 131072)  Batches: 16 (originally 8)  Memory Usage: 3073kB
        ->  Hash Join  (cost=78556.72..122500.50 rows=364329 width=8) (actual time=3267.531..6219.100 rows=629900 loops=1)
              Hash Cond: (mi_idx.movie_id = t.id)
              ->  Seq Scan on movie_info_idx mi_idx  (cost=0.00..21735.35 rows=1380035 width=4) (actual time=0.013..1681.607 rows=1380035 loops=1)
              ->  Hash  (cost=67604.59..67604.59 rows=667531 width=4) (actual time=3266.445..3266.445 rows=662825 loops=1)
                    Buckets: 131072  Batches: 16  Memory Usage: 2476kB
                    ->  Seq Scan on title t  (cost=0.00..67604.59 rows=667531 width=4) (actual time=0.014..2950.749 rows=662825 loops=1)
                          Filter: (kind_id < 2)
                          Rows Removed by Filter: 1865487
Planning time: 4.669 ms
Execution time: 75041.242 ms
