Seq Scan on cast_info ci  (cost=0.00..705507.15 rows=7932724 width=0) (actual time=5014.063..11393.203 rows=7915441 loops=1)
  Filter: (person_id > 2887634)
  Rows Removed by Filter: 28328903
Planning time: 0.340 ms
Execution time: 12361.529 ms
