Seq Scan on movie_companies mc  (cost=0.00..57926.93 rows=6249 width=0) (actual time=4.631..923.515 rows=4155 loops=1)
  Filter: ((company_type_id > 1) AND (company_id = 846))
  Rows Removed by Filter: 2604974
Planning time: 0.369 ms
Execution time: 924.457 ms
