Seq Scan on cast_info ci  (cost=0.00..796071.18 rows=10510697 width=0) (actual time=7083.518..16191.883 rows=11128323 loops=1)
  Filter: ((person_id > 476128) AND (role_id > 3))
  Rows Removed by Filter: 25116021
Planning time: 0.436 ms
Execution time: 17571.653 ms
