Hash Join  (cost=102767.86..1505211.63 rows=28553023 width=0) (actual time=4403.277..76513.551 rows=28665419 loops=1)
  Hash Cond: (ci.movie_id = t.id)
  ->  Seq Scan on cast_info ci  (cost=0.00..705507.15 rows=28553023 width=4) (actual time=0.015..41491.237 rows=28665419 loops=1)
        Filter: (person_id > 734325)
        Rows Removed by Filter: 7578925
  ->  Hash  (cost=61283.27..61283.27 rows=2528527 width=4) (actual time=4402.014..4402.014 rows=2528312 loops=1)
        Buckets: 131072  Batches: 64  Memory Usage: 2415kB
        ->  Seq Scan on title t  (cost=0.00..61283.27 rows=2528527 width=4) (actual time=0.020..3435.753 rows=2528312 loops=1)
Planning time: 0.780 ms
Execution time: 80043.557 ms
