Seq Scan on movie_companies mc  (cost=0.00..51404.11 rows=1733322 width=0) (actual time=0.022..1043.434 rows=1726399 loops=1)
  Filter: (company_id < 22678)
  Rows Removed by Filter: 882730
Planning time: 0.331 ms
Execution time: 1250.154 ms
