Hash Join  (cost=218767.82..1046007.06 rows=3789085 width=0) (actual time=5884.901..23950.487 rows=7233292 loops=1)
  Hash Cond: (ci.movie_id = t.id)
  ->  Seq Scan on cast_info ci  (cost=0.00..705507.15 rows=6061648 width=4) (actual time=0.152..12063.078 rows=5960574 loops=1)
        Filter: (person_id < 577492)
        Rows Removed by Filter: 30283770
  ->  Hash  (cost=192835.81..192835.81 rows=1580561 width=8) (actual time=5883.926..5883.926 rows=1298117 loops=1)
        Buckets: 131072  Batches: 32  Memory Usage: 2590kB
        ->  Hash Join  (cost=92735.26..192835.81 rows=1580561 width=8) (actual time=1839.868..5497.800 rows=1298117 loops=1)
              Hash Cond: (mc.movie_id = t.id)
              ->  Seq Scan on movie_companies mc  (cost=0.00..44881.29 rows=2609129 width=4) (actual time=0.017..890.423 rows=2609129 loops=1)
              ->  Hash  (cost=67604.59..67604.59 rows=1531734 width=4) (actual time=1839.065..1839.065 rows=1531613 loops=1)
                    Buckets: 131072  Batches: 32  Memory Usage: 2708kB
                    ->  Seq Scan on title t  (cost=0.00..67604.59 rows=1531734 width=4) (actual time=0.022..1341.940 rows=1531613 loops=1)
                          Filter: (production_year > 1997)
                          Rows Removed by Filter: 996699
Planning time: 1.213 ms
Execution time: 24761.434 ms
