Hash Join  (cost=185292.21..318735.50 rows=939026 width=0) (actual time=3765.546..7995.532 rows=3687668 loops=1)
  Hash Cond: (mk.movie_id = t.id)
  ->  Seq Scan on movie_keyword mk  (cost=0.00..69693.30 rows=4523930 width=4) (actual time=0.032..1342.403 rows=4523930 loops=1)
  ->  Hash  (cost=176680.67..176680.67 rows=524843 width=8) (actual time=3764.689..3764.689 rows=529104 loops=1)
        Buckets: 131072  Batches: 8  Memory Usage: 3628kB
        ->  Hash Join  (cost=102767.86..176680.67 rows=524843 width=8) (actual time=2255.417..3602.876 rows=529104 loops=1)
              Hash Cond: (mc.movie_id = t.id)
              ->  Seq Scan on movie_companies mc  (cost=0.00..51404.11 rows=524843 width=4) (actual time=373.201..873.231 rows=529104 loops=1)
                    Filter: (company_id > 72796)
                    Rows Removed by Filter: 2080025
              ->  Hash  (cost=61283.27..61283.27 rows=2528527 width=4) (actual time=1881.099..1881.099 rows=2528312 loops=1)
                    Buckets: 131072  Batches: 64  Memory Usage: 2415kB
                    ->  Seq Scan on title t  (cost=0.00..61283.27 rows=2528527 width=4) (actual time=0.022..1035.409 rows=2528312 loops=1)
Planning time: 1.098 ms
Execution time: 8449.491 ms
