Hash Join  (cost=144676.83..522824.34 rows=450967 width=0) (actual time=4432.486..11311.642 rows=4257058 loops=1)
  Hash Cond: (mi.movie_id = t.id)
  ->  Seq Scan on movie_info mi  (cost=0.00..346232.03 rows=2194617 width=4) (actual time=961.864..5735.274 rows=2233850 loops=1)
        Filter: (info_type_id > 16)
        Rows Removed by Filter: 12601870
  ->  Hash  (cost=136152.06..136152.06 rows=519582 width=8) (actual time=3404.142..3404.142 rows=946223 loops=1)
        Buckets: 131072 (originally 131072)  Batches: 16 (originally 8)  Memory Usage: 3350kB
        ->  Hash Join  (cost=89544.76..136152.06 rows=519582 width=8) (actual time=1660.518..3110.906 rows=946223 loops=1)
              Hash Cond: (mi_idx.movie_id = t.id)
              ->  Seq Scan on movie_info_idx mi_idx  (cost=0.00..21735.35 rows=1380035 width=4) (actual time=0.031..398.860 rows=1380035 loops=1)
              ->  Hash  (cost=73925.90..73925.90 rows=951988 width=4) (actual time=1659.823..1659.823 rows=956688 loops=1)
                    Buckets: 131072  Batches: 16  Memory Usage: 3126kB
                    ->  Seq Scan on title t  (cost=0.00..73925.90 rows=951988 width=4) (actual time=0.022..1353.314 rows=956688 loops=1)
                          Filter: ((kind_id < 7) AND (production_year > 1908))
                          Rows Removed by Filter: 1571624
Planning time: 1.144 ms
Execution time: 11774.843 ms
