Hash Join  (cost=83074.74..141525.59 rows=183 width=0) (actual time=1388.481..2685.116 rows=19523 loops=1)
  Hash Cond: (mc.movie_id = t.id)
  ->  Seq Scan on movie_companies mc  (cost=0.00..51404.11 rows=1878640 width=4) (actual time=0.014..1002.832 rows=1874185 loops=1)
        Filter: (company_id < 39708)
        Rows Removed by Filter: 734944
  ->  Hash  (cost=83071.67..83071.67 rows=246 width=8) (actual time=1387.962..1387.962 rows=2382 loops=1)
        Buckets: 4096 (originally 1024)  Batches: 1 (originally 1)  Memory Usage: 126kB
        ->  Nested Loop  (cost=0.43..83071.67 rows=246 width=8) (actual time=0.085..1386.288 rows=2382 loops=1)
              ->  Seq Scan on movie_keyword mk  (cost=0.00..81003.12 rows=246 width=4) (actual time=0.030..1280.731 rows=2382 loops=1)
                    Filter: (keyword_id = 927)
                    Rows Removed by Filter: 4521548
              ->  Index Only Scan using title_pkey on title t  (cost=0.43..8.40 rows=1 width=4) (actual time=0.043..0.043 rows=1 loops=2382)
                    Index Cond: (id = mk.movie_id)
                    Heap Fetches: 2382
Planning time: 1.157 ms
Execution time: 2687.979 ms
