Nested Loop  (cost=0.43..709671.90 rows=500 width=0) (actual time=9200.945..10905.001 rows=10 loops=1)
  ->  Seq Scan on cast_info ci  (cost=0.00..705507.15 rows=500 width=4) (actual time=9200.824..10904.603 rows=10 loops=1)
        Filter: (person_id = 2403360)
        Rows Removed by Filter: 36244334
  ->  Index Only Scan using title_pkey on title t  (cost=0.43..8.32 rows=1 width=4) (actual time=0.035..0.035 rows=1 loops=10)
        Index Cond: (id = ci.movie_id)
        Heap Fetches: 10
Planning time: 1.147 ms
Execution time: 10905.079 ms
