Seq Scan on movie_keyword mk  (cost=0.00..81003.12 rows=246 width=0) (actual time=8.738..1228.542 rows=228 loops=1)
  Filter: (keyword_id = 15357)
  Rows Removed by Filter: 4523702
Planning time: 0.362 ms
Execution time: 1228.772 ms
