Hash Join  (cost=175857.92..310573.67 rows=1043472 width=0) (actual time=4498.671..13774.833 rows=23775246 loops=1)
  Hash Cond: (mk.movie_id = t.id)
  ->  Seq Scan on movie_keyword mk  (cost=0.00..69693.30 rows=4523930 width=4) (actual time=0.016..1405.611 rows=4523930 loops=1)
  ->  Hash  (cost=166288.67..166288.67 rows=583220 width=8) (actual time=4497.242..4497.242 rows=1316697 loops=1)
        Buckets: 131072 (originally 131072)  Batches: 32 (originally 8)  Memory Usage: 3073kB
        ->  Hash Join  (cost=83198.94..166288.67 rows=583220 width=8) (actual time=1359.359..4094.395 rows=1316697 loops=1)
              Hash Cond: (mc.movie_id = t.id)
              ->  Seq Scan on movie_companies mc  (cost=0.00..44881.29 rows=2609129 width=4) (actual time=0.025..988.464 rows=2609129 loops=1)
              ->  Hash  (cost=73925.90..73925.90 rows=565203 width=4) (actual time=1358.538..1358.538 rows=641785 loops=1)
                    Buckets: 131072  Batches: 8  Memory Usage: 3862kB
                    ->  Seq Scan on title t  (cost=0.00..73925.90 rows=565203 width=4) (actual time=0.016..1160.366 rows=641785 loops=1)
                          Filter: ((kind_id < 7) AND (production_year < 2006))
                          Rows Removed by Filter: 1886527
Planning time: 0.827 ms
Execution time: 16519.653 ms
