Seq Scan on movie_companies mc  (cost=0.00..57926.93 rows=1077335 width=0) (actual time=0.017..1069.819 rows=837110 loops=1)
  Filter: ((company_id < 74344) AND (company_type_id > 1))
  Rows Removed by Filter: 1772019
Planning time: 0.308 ms
Execution time: 1172.583 ms
