Nested Loop  (cost=0.43..709671.90 rows=500 width=0) (actual time=3520.324..11609.082 rows=77 loops=1)
  ->  Seq Scan on cast_info ci  (cost=0.00..705507.15 rows=500 width=4) (actual time=3520.140..11607.560 rows=77 loops=1)
        Filter: (person_id = 993713)
        Rows Removed by Filter: 36244267
  ->  Index Only Scan using title_pkey on title t  (cost=0.43..8.32 rows=1 width=4) (actual time=0.017..0.017 rows=1 loops=77)
        Index Cond: (id = ci.movie_id)
        Heap Fetches: 77
Planning time: 0.752 ms
Execution time: 11609.175 ms
