Seq Scan on movie_companies mc  (cost=0.00..57926.93 rows=198007 width=0) (actual time=0.017..987.323 rows=393831 loops=1)
  Filter: ((company_id > 82917) AND (company_type_id > 1))
  Rows Removed by Filter: 2215298
Planning time: 0.337 ms
Execution time: 1042.075 ms
