Seq Scan on cast_info ci  (cost=0.00..796071.18 rows=837689 width=0) (actual time=8123.200..13437.207 rows=900363 loops=1)
  Filter: ((person_id > 1856664) AND (role_id = 8))
  Rows Removed by Filter: 35343981
Planning time: 0.422 ms
Execution time: 13562.486 ms
