Nested Loop  (cost=0.43..709671.90 rows=500 width=0) (actual time=1438.658..10625.198 rows=1161 loops=1)
  ->  Seq Scan on cast_info ci  (cost=0.00..705507.15 rows=500 width=4) (actual time=1438.552..10600.476 rows=1161 loops=1)
        Filter: (person_id = 291101)
        Rows Removed by Filter: 36243183
  ->  Index Only Scan using title_pkey on title t  (cost=0.43..8.32 rows=1 width=4) (actual time=0.020..0.021 rows=1 loops=1161)
        Index Cond: (id = ci.movie_id)
        Heap Fetches: 1161
Planning time: 0.778 ms
Execution time: 10625.520 ms
