Hash Join  (cost=76095.04..423062.71 rows=938 width=0) (actual time=1397.674..6331.202 rows=14742 loops=1)
  Hash Cond: (mi.movie_id = t.id)
  ->  Seq Scan on movie_info mi  (cost=0.00..346232.03 rows=17937 width=4) (actual time=234.064..5071.359 rows=61128 loops=1)
        Filter: (info_type_id = 103)
        Rows Removed by Filter: 14774592
  ->  Hash  (cost=73925.90..73925.90 rows=132171 width=4) (actual time=1162.850..1162.850 rows=265354 loops=1)
        Buckets: 131072 (originally 131072)  Batches: 4 (originally 2)  Memory Usage: 3363kB
        ->  Seq Scan on title t  (cost=0.00..73925.90 rows=132171 width=4) (actual time=336.538..1067.060 rows=265354 loops=1)
              Filter: ((production_year < 1979) AND (kind_id = 1))
              Rows Removed by Filter: 2262958
Planning time: 0.555 ms
Execution time: 6333.517 ms
