Hash Join  (cost=28270.40..831605.80 rows=3795 width=0) (actual time=429.847..16264.069 rows=22542 loops=1)
  Hash Cond: (ci.movie_id = t.id)
  ->  Seq Scan on cast_info ci  (cost=0.00..705507.15 rows=26077415 width=4) (actual time=0.016..11632.539 rows=26293545 loops=1)
        Filter: (person_id > 979641)
        Rows Removed by Filter: 9950799
  ->  Hash  (cost=28265.80..28265.80 rows=368 width=8) (actual time=428.296..428.296 rows=260 loops=1)
        Buckets: 1024  Batches: 1  Memory Usage: 19kB
        ->  Nested Loop  (cost=0.43..28265.80 rows=368 width=8) (actual time=266.382..428.187 rows=260 loops=1)
              ->  Seq Scan on movie_info_idx mi_idx  (cost=0.00..25185.44 rows=368 width=4) (actual time=266.295..421.652 rows=260 loops=1)
                    Filter: (info_type_id > 101)
                    Rows Removed by Filter: 1379775
              ->  Index Only Scan using title_pkey on title t  (cost=0.43..8.36 rows=1 width=4) (actual time=0.024..0.024 rows=1 loops=260)
                    Index Cond: (id = mi_idx.movie_id)
                    Heap Fetches: 260
Planning time: 1.176 ms
Execution time: 16269.650 ms
