Hash Join  (cost=126915.39..205385.58 rows=248067 width=0) (actual time=2636.446..5298.551 rows=1855922 loops=1)
  Hash Cond: (mc.movie_id = t.id)
  ->  Seq Scan on movie_companies mc  (cost=0.00..44881.29 rows=2609129 width=4) (actual time=0.020..984.777 rows=2609129 loops=1)
  ->  Hash  (cost=122970.34..122970.34 rows=240404 width=8) (actual time=2635.633..2635.633 rows=500281 loops=1)
        Buckets: 131072 (originally 131072)  Batches: 8 (originally 4)  Memory Usage: 3481kB
        ->  Hash Join  (cost=81152.82..122970.34 rows=240404 width=8) (actual time=1333.518..2518.159 rows=500281 loops=1)
              Hash Cond: (mi_idx.movie_id = t.id)
              ->  Seq Scan on movie_info_idx mi_idx  (cost=0.00..21735.35 rows=1380035 width=4) (actual time=0.014..462.795 rows=1380035 loops=1)
              ->  Hash  (cost=73925.90..73925.90 rows=440473 width=4) (actual time=1332.961..1332.961 rows=473918 loops=1)
                    Buckets: 131072  Batches: 8  Memory Usage: 3117kB
                    ->  Seq Scan on title t  (cost=0.00..73925.90 rows=440473 width=4) (actual time=9.218..1187.551 rows=473918 loops=1)
                          Filter: ((production_year < 2008) AND (kind_id = 1))
                          Rows Removed by Filter: 2054394
Planning time: 1.211 ms
Execution time: 5520.167 ms
