Hash Join  (cost=439481.23..565235.71 rows=307944 width=0) (actual time=7618.346..12871.600 rows=8554781 loops=1)
  Hash Cond: (mk.movie_id = t.id)
  ->  Seq Scan on movie_keyword mk  (cost=0.00..69693.30 rows=4523930 width=4) (actual time=0.020..1522.185 rows=4523930 loops=1)
  ->  Hash  (cost=436656.77..436656.77 rows=172117 width=8) (actual time=7617.561..7617.561 rows=363552 loops=1)
        Buckets: 131072 (originally 131072)  Batches: 8 (originally 4)  Memory Usage: 3073kB
        ->  Hash Join  (cost=78556.72..436656.77 rows=172117 width=8) (actual time=4247.322..7502.969 rows=363552 loops=1)
              Hash Cond: (mi.movie_id = t.id)
              ->  Seq Scan on movie_info mi  (cost=0.00..346232.03 rows=651960 width=4) (actual time=2793.226..5716.828 rows=660923 loops=1)
                    Filter: (info_type_id = 18)
                    Rows Removed by Filter: 14174797
              ->  Hash  (cost=67604.59..67604.59 rows=667531 width=4) (actual time=1252.997..1252.997 rows=662825 loops=1)
                    Buckets: 131072  Batches: 16  Memory Usage: 2485kB
                    ->  Seq Scan on title t  (cost=0.00..67604.59 rows=667531 width=4) (actual time=47.975..1062.709 rows=662825 loops=1)
                          Filter: (kind_id < 2)
                          Rows Removed by Filter: 1865487
Planning time: 1.554 ms
Execution time: 13846.256 ms
