Hash Join  (cost=844473.77..1493831.05 rows=3583004 width=0) (actual time=24119.970..37939.571 rows=4078674 loops=1)
  Hash Cond: (mi.movie_id = t.id)
  ->  Seq Scan on movie_info mi  (cost=0.00..346232.03 rows=9476311 width=4) (actual time=0.070..6687.895 rows=9565151 loops=1)
        Filter: (info_type_id < 16)
        Rows Removed by Filter: 5270569
  ->  Hash  (cost=828788.28..828788.28 rows=956039 width=8) (actual time=24117.881..24117.881 rows=986696 loops=1)
        Buckets: 131072  Batches: 16  Memory Usage: 3435kB
        ->  Hash Join  (cost=68438.72..828788.28 rows=956039 width=8) (actual time=1253.252..22853.266 rows=986696 loops=1)
              Hash Cond: (ci.movie_id = t.id)
              ->  Seq Scan on cast_info ci  (cost=0.00..614943.12 rows=36225612 width=4) (actual time=0.024..9505.886 rows=36244344 loops=1)
              ->  Hash  (cost=67604.59..67604.59 rows=66731 width=4) (actual time=1252.588..1252.588 rows=67342 loops=1)
                    Buckets: 131072  Batches: 1  Memory Usage: 3392kB
                    ->  Seq Scan on title t  (cost=0.00..67604.59 rows=66731 width=4) (actual time=0.032..1224.392 rows=67342 loops=1)
                          Filter: (production_year > 2012)
                          Rows Removed by Filter: 2460970
Planning time: 6.439 ms
Execution time: 38413.670 ms
