Hash Join  (cost=100399.99..201665.37 rows=1665044 width=0) (actual time=1903.169..4651.553 rows=1184445 loops=1)
  Hash Cond: (mc.movie_id = t.id)
  ->  Seq Scan on movie_companies mc  (cost=0.00..44881.29 rows=2609129 width=4) (actual time=0.018..883.723 rows=2609129 loops=1)
  ->  Hash  (cost=73925.90..73925.90 rows=1613607 width=4) (actual time=1901.707..1901.707 rows=1724951 loops=1)
        Buckets: 131072  Batches: 32  Memory Usage: 2924kB
        ->  Seq Scan on title t  (cost=0.00..73925.90 rows=1613607 width=4) (actual time=0.014..1362.830 rows=1724951 loops=1)
              Filter: ((kind_id > 1) AND (production_year > 1962))
              Rows Removed by Filter: 803361
Planning time: 0.755 ms
Execution time: 4791.251 ms
