Hash Join  (cost=161021.74..642746.66 rows=2973745 width=0) (actual time=4858.179..16895.411 rows=8530558 loops=1)
  Hash Cond: (mi.movie_id = t.id)
  ->  Seq Scan on movie_info mi  (cost=0.00..346232.03 rows=8859586 width=4) (actual time=1060.349..6442.780 rows=8966694 loops=1)
        Filter: (info_type_id < 15)
        Rows Removed by Filter: 5869026
  ->  Hash  (cost=147096.91..147096.91 rows=848707 width=8) (actual time=3796.969..3796.969 rows=1010682 loops=1)
        Buckets: 131072  Batches: 16  Memory Usage: 3521kB
        ->  Hash Join  (cost=93117.31..147096.91 rows=848707 width=8) (actual time=1851.126..3498.695 rows=1010682 loops=1)
              Hash Cond: (mi_idx.movie_id = t.id)
              ->  Seq Scan on movie_info_idx mi_idx  (cost=0.00..21735.35 rows=1380035 width=4) (actual time=0.031..462.279 rows=1380035 loops=1)
              ->  Hash  (cost=67604.59..67604.59 rows=1555018 width=4) (actual time=1850.073..1850.073 rows=1551727 loops=1)
                    Buckets: 131072  Batches: 32  Memory Usage: 2728kB
                    ->  Seq Scan on title t  (cost=0.00..67604.59 rows=1555018 width=4) (actual time=0.020..1349.547 rows=1551727 loops=1)
                          Filter: (production_year < 2007)
                          Rows Removed by Filter: 976585
Planning time: 1.127 ms
Execution time: 17859.125 ms
