Hash Join  (cost=157212.79..276032.91 rows=390649 width=0) (actual time=3621.415..7476.090 rows=4027963 loops=1)
  Hash Cond: (mk.movie_id = t.id)
  ->  Seq Scan on movie_keyword mk  (cost=0.00..81003.12 rows=2814002 width=4) (actual time=0.019..1685.777 rows=2807646 loops=1)
        Filter: (keyword_id < 8286)
        Rows Removed by Filter: 1716284
  ->  Hash  (cost=151453.06..151453.06 rows=351018 width=8) (actual time=3620.565..3620.565 rows=640620 loops=1)
        Buckets: 131072 (originally 131072)  Batches: 16 (originally 8)  Memory Usage: 3073kB
        ->  Hash Join  (cost=78556.72..151453.06 rows=351018 width=8) (actual time=1337.054..3413.587 rows=640620 loops=1)
              Hash Cond: (mc.movie_id = t.id)
              ->  Seq Scan on movie_companies mc  (cost=0.00..51404.11 rows=1329612 width=4) (actual time=0.017..1081.677 rows=1334883 loops=1)
                    Filter: (company_type_id = 2)
                    Rows Removed by Filter: 1274246
              ->  Hash  (cost=67604.59..67604.59 rows=667531 width=4) (actual time=1335.979..1335.979 rows=662825 loops=1)
                    Buckets: 131072  Batches: 16  Memory Usage: 2476kB
                    ->  Seq Scan on title t  (cost=0.00..67604.59 rows=667531 width=4) (actual time=0.019..1113.997 rows=662825 loops=1)
                          Filter: (kind_id = 1)
                          Rows Removed by Filter: 1865487
Planning time: 1.173 ms
Execution time: 7918.818 ms
