Hash Join  (cost=156209.36..223996.85 rows=108698 width=0) (actual time=3464.249..4714.828 rows=207156 loops=1)
  Hash Cond: (mc.movie_id = t.id)
  ->  Seq Scan on movie_companies mc  (cost=0.00..57926.93 rows=605220 width=4) (actual time=0.016..932.160 rows=353278 loops=1)
        Filter: ((company_id > 11705) AND (company_type_id = 1))
        Rows Removed by Filter: 2255851
  ->  Hash  (cost=148758.81..148758.81 rows=454124 width=8) (actual time=3463.367..3463.367 rows=459925 loops=1)
        Buckets: 131072  Batches: 8  Memory Usage: 3275kB
        ->  Hash Join  (cost=102767.86..148758.81 rows=454124 width=8) (actual time=2082.621..3321.056 rows=459925 loops=1)
              Hash Cond: (mi_idx.movie_id = t.id)
              ->  Seq Scan on movie_info_idx mi_idx  (cost=0.00..25185.44 rows=454124 width=4) (actual time=0.023..463.661 rows=459925 loops=1)
                    Filter: (info_type_id = 100)
                    Rows Removed by Filter: 920110
              ->  Hash  (cost=61283.27..61283.27 rows=2528527 width=4) (actual time=2080.692..2080.692 rows=2528312 loops=1)
                    Buckets: 131072  Batches: 64  Memory Usage: 2415kB
                    ->  Seq Scan on title t  (cost=0.00..61283.27 rows=2528527 width=4) (actual time=0.024..1230.386 rows=2528312 loops=1)
Planning time: 1.285 ms
Execution time: 4741.863 ms
