Hash Join  (cost=290706.88..938105.36 rows=13979965 width=0) (actual time=6473.347..45267.935 rows=119143440 loops=1)
  Hash Cond: (mi.movie_id = t.id)
  ->  Seq Scan on movie_info mi  (cost=0.00..309384.22 rows=14739122 width=4) (actual time=0.024..6257.896 rows=14835720 loops=1)
  ->  Hash  (cost=251359.23..251359.23 rows=2398292 width=8) (actual time=6472.061..6472.061 rows=2398433 loops=1)
        Buckets: 131072  Batches: 32  Memory Usage: 4017kB
        ->  Hash Join  (cost=102767.86..251359.23 rows=2398292 width=8) (actual time=1941.573..5803.217 rows=2398433 loops=1)
              Hash Cond: (mk.movie_id = t.id)
              ->  Seq Scan on movie_keyword mk  (cost=0.00..81003.12 rows=2398292 width=4) (actual time=0.022..1660.908 rows=2398433 loops=1)
                    Filter: (keyword_id < 5585)
                    Rows Removed by Filter: 2125497
              ->  Hash  (cost=61283.27..61283.27 rows=2528527 width=4) (actual time=1939.939..1939.939 rows=2528312 loops=1)
                    Buckets: 131072  Batches: 64  Memory Usage: 2425kB
                    ->  Seq Scan on title t  (cost=0.00..61283.27 rows=2528527 width=4) (actual time=0.027..1101.241 rows=2528312 loops=1)
Planning time: 1.067 ms
Execution time: 57615.767 ms
