Seq Scan on movie_companies mc  (cost=0.00..57926.93 rows=1535 width=0) (actual time=0.133..980.261 rows=340 loops=1)
  Filter: ((company_type_id < 2) AND (company_id = 677))
  Rows Removed by Filter: 2608789
Planning time: 0.348 ms
Execution time: 980.494 ms
