Seq Scan on movie_keyword mk  (cost=0.00..81003.12 rows=2121587 width=0) (actual time=0.025..722.236 rows=2124354 loops=1)
  Filter: (keyword_id < 3913)
  Rows Removed by Filter: 2399576
Planning time: 0.382 ms
Execution time: 878.084 ms
