Nested Loop  (cost=0.43..83072.90 rows=14 width=0) (actual time=295.894..1341.737 rows=1 loops=1)
  ->  Seq Scan on movie_keyword mk  (cost=0.00..81003.12 rows=246 width=4) (actual time=13.904..1307.275 rows=1624 loops=1)
        Filter: (keyword_id = 21304)
        Rows Removed by Filter: 4522306
  ->  Index Scan using title_pkey on title t  (cost=0.43..8.40 rows=1 width=4) (actual time=0.021..0.021 rows=0 loops=1624)
        Index Cond: (id = mk.movie_id)
        Filter: ((kind_id > 4) AND (production_year > 2011))
        Rows Removed by Filter: 1
Planning time: 0.762 ms
Execution time: 1341.841 ms
