Hash Join  (cost=80135.37..839334.23 rows=598384 width=0) (actual time=4356.749..17487.843 rows=638927 loops=1)
  Hash Cond: (ci.movie_id = t.id)
  ->  Seq Scan on cast_info ci  (cost=0.00..705507.15 rows=3998100 width=4) (actual time=3016.851..13531.256 rows=4008037 loops=1)
        Filter: (role_id = 3)
        Rows Removed by Filter: 32236307
  ->  Hash  (cost=73925.90..73925.90 rows=378437 width=4) (actual time=1339.272..1339.272 rows=282115 loops=1)
        Buckets: 131072  Batches: 8  Memory Usage: 2266kB
        ->  Seq Scan on title t  (cost=0.00..73925.90 rows=378437 width=4) (actual time=20.277..1244.894 rows=282115 loops=1)
              Filter: ((production_year > 1999) AND (kind_id = 1))
              Rows Removed by Filter: 2246197
Planning time: 0.496 ms
Execution time: 17563.654 ms
