Hash Join  (cost=122333.31..981054.88 rows=337588 width=0) (actual time=3064.837..16144.438 rows=314202 loops=1)
  Hash Cond: (ci.movie_id = t.id)
  ->  Seq Scan on cast_info ci  (cost=0.00..796071.18 rows=5069472 width=4) (actual time=617.331..12672.904 rows=2140715 loops=1)
        Filter: ((person_id < 748190) AND (role_id > 1))
        Rows Removed by Filter: 34103629
  ->  Hash  (cost=119570.56..119570.56 rows=168380 width=8) (actual time=2424.846..2424.846 rows=195295 loops=1)
        Buckets: 131072  Batches: 4  Memory Usage: 2921kB
        ->  Hash Join  (cost=78988.28..119570.56 rows=168380 width=8) (actual time=1251.475..2363.775 rows=195295 loops=1)
              Hash Cond: (mi_idx.movie_id = t.id)
              ->  Seq Scan on movie_info_idx mi_idx  (cost=0.00..21735.35 rows=1380035 width=4) (actual time=0.024..425.112 rows=1380035 loops=1)
              ->  Hash  (cost=73925.90..73925.90 rows=308510 width=4) (actual time=1250.568..1250.568 rows=266599 loops=1)
                    Buckets: 131072  Batches: 8  Memory Usage: 2191kB
                    ->  Seq Scan on title t  (cost=0.00..73925.90 rows=308510 width=4) (actual time=0.022..1147.108 rows=266599 loops=1)
                          Filter: ((kind_id < 7) AND (production_year > 2007))
                          Rows Removed by Filter: 2261713
Planning time: 1.238 ms
Execution time: 16187.295 ms
