Nested Loop  (cost=0.43..83071.67 rows=246 width=0) (actual time=0.352..1199.297 rows=636 loops=1)
  ->  Seq Scan on movie_keyword mk  (cost=0.00..81003.12 rows=246 width=4) (actual time=0.270..1170.282 rows=636 loops=1)
        Filter: (keyword_id = 23175)
        Rows Removed by Filter: 4523294
  ->  Index Only Scan using title_pkey on title t  (cost=0.43..8.40 rows=1 width=4) (actual time=0.043..0.044 rows=1 loops=636)
        Index Cond: (id = mk.movie_id)
        Heap Fetches: 636
Planning time: 0.724 ms
Execution time: 1199.646 ms
