Nested Loop  (cost=54217.59..136133.64 rows=4 width=0) (actual time=932.015..2237.000 rows=241 loops=1)
  ->  Hash Join  (cost=54217.16..136000.79 rows=88 width=8) (actual time=931.976..2217.567 rows=247 loops=1)
        Hash Cond: (mk.movie_id = mc.movie_id)
        ->  Seq Scan on movie_keyword mk  (cost=0.00..81003.12 rows=246 width=4) (actual time=0.393..1260.693 rows=566 loops=1)
              Filter: (keyword_id = 303)
              Rows Removed by Filter: 4523364
        ->  Hash  (cost=51404.11..51404.11 rows=171444 width=4) (actual time=930.918..930.918 rows=170735 loops=1)
              Buckets: 131072  Batches: 4  Memory Usage: 2536kB
              ->  Seq Scan on movie_companies mc  (cost=0.00..51404.11 rows=171444 width=4) (actual time=199.237..875.803 rows=170735 loops=1)
                    Filter: (company_id > 123593)
                    Rows Removed by Filter: 2438394
  ->  Index Scan using title_pkey on title t  (cost=0.43..1.50 rows=1 width=4) (actual time=0.077..0.077 rows=1 loops=247)
        Index Cond: (id = mc.movie_id)
        Filter: (kind_id = 1)
        Rows Removed by Filter: 0
Planning time: 1.476 ms
Execution time: 2237.203 ms
