Hash Join  (cost=301513.42..983945.21 rows=15536606 width=0) (actual time=7276.072..50450.448 rows=133104766 loops=1)
  Hash Cond: (mi.movie_id = t.id)
  ->  Seq Scan on movie_info mi  (cost=0.00..309384.22 rows=14739122 width=4) (actual time=0.014..6030.455 rows=14835720 loops=1)
  ->  Hash  (cost=257784.71..257784.71 rows=2665337 width=8) (actual time=7274.589..7274.589 rows=2659206 loops=1)
        Buckets: 131072  Batches: 64  Memory Usage: 2745kB
        ->  Hash Join  (cost=102767.86..257784.71 rows=2665337 width=8) (actual time=2006.253..6474.335 rows=2659206 loops=1)
              Hash Cond: (mk.movie_id = t.id)
              ->  Seq Scan on movie_keyword mk  (cost=0.00..81003.12 rows=2665337 width=4) (actual time=0.021..1699.136 rows=2659206 loops=1)
                    Filter: (keyword_id < 7396)
                    Rows Removed by Filter: 1864724
              ->  Hash  (cost=61283.27..61283.27 rows=2528527 width=4) (actual time=2005.353..2005.353 rows=2528312 loops=1)
                    Buckets: 131072  Batches: 64  Memory Usage: 2425kB
                    ->  Seq Scan on title t  (cost=0.00..61283.27 rows=2528527 width=4) (actual time=0.028..1136.455 rows=2528312 loops=1)
Planning time: 1.147 ms
Execution time: 64864.640 ms
