Seq Scan on movie_keyword mk  (cost=0.00..81003.12 rows=4201471 width=0) (actual time=0.022..1571.110 rows=4180076 loops=1)
  Filter: (keyword_id > 283)
  Rows Removed by Filter: 343854
Planning time: 1.729 ms
Execution time: 2105.025 ms
