Hash Join  (cost=140144.19..255135.83 rows=306021 width=0) (actual time=2992.963..5914.743 rows=1049181 loops=1)
  Hash Cond: (mk.movie_id = t.id)
  ->  Seq Scan on movie_keyword mk  (cost=0.00..81003.12 rows=2573148 width=4) (actual time=0.025..1648.030 rows=2564886 loops=1)
        Filter: (keyword_id < 6510)
        Rows Removed by Filter: 1959044
  ->  Hash  (cost=135210.27..135210.27 rows=300714 width=8) (actual time=2992.088..2992.088 rows=277936 loops=1)
        Buckets: 131072  Batches: 4  Memory Usage: 3738kB
        ->  Hash Join  (cost=94666.80..135210.27 rows=300714 width=8) (actual time=1799.024..2905.495 rows=277936 loops=1)
              Hash Cond: (mi_idx.movie_id = t.id)
              ->  Seq Scan on movie_info_idx mi_idx  (cost=0.00..25185.44 rows=460978 width=4) (actual time=0.023..527.586 rows=459925 loops=1)
                    Filter: (info_type_id < 100)
                    Rows Removed by Filter: 920110
              ->  Hash  (cost=67604.59..67604.59 rows=1649457 width=4) (actual time=1797.901..1797.901 rows=1643514 loops=1)
                    Buckets: 131072  Batches: 32  Memory Usage: 2831kB
                    ->  Seq Scan on title t  (cost=0.00..67604.59 rows=1649457 width=4) (actual time=0.008..1274.466 rows=1643514 loops=1)
                          Filter: (production_year > 1994)
                          Rows Removed by Filter: 884798
Planning time: 1.198 ms
Execution time: 6042.175 ms
