Hash Join  (cost=102767.86..202183.67 rows=354627 width=0) (actual time=1926.048..3948.728 rows=351833 loops=1)
  Hash Cond: (mk.movie_id = t.id)
  ->  Seq Scan on movie_keyword mk  (cost=0.00..81003.12 rows=354627 width=4) (actual time=0.025..1311.087 rows=351833 loops=1)
        Filter: (keyword_id > 47336)
        Rows Removed by Filter: 4172097
  ->  Hash  (cost=61283.27..61283.27 rows=2528527 width=4) (actual time=1924.387..1924.387 rows=2528312 loops=1)
        Buckets: 131072  Batches: 64  Memory Usage: 2425kB
        ->  Seq Scan on title t  (cost=0.00..61283.27 rows=2528527 width=4) (actual time=0.015..1064.539 rows=2528312 loops=1)
Planning time: 0.763 ms
Execution time: 3991.451 ms
