Seq Scan on movie_keyword mk  (cost=0.00..81003.12 rows=1948428 width=0) (actual time=0.016..1358.348 rows=1959415 loops=1)
  Filter: (keyword_id < 3415)
  Rows Removed by Filter: 2564515
Planning time: 0.353 ms
Execution time: 1598.803 ms
