Seq Scan on movie_companies mc  (cost=0.00..51404.11 rows=1950486 width=0) (actual time=0.021..1003.553 rows=1945220 loops=1)
  Filter: (company_id < 51792)
  Rows Removed by Filter: 663909
Planning time: 0.322 ms
Execution time: 1240.912 ms
