Seq Scan on cast_info ci  (cost=0.00..705507.15 rows=13559793 width=0) (actual time=126.078..12246.234 rows=13514734 loops=1)
  Filter: (person_id < 1332178)
  Rows Removed by Filter: 22729610
Planning time: 0.375 ms
Execution time: 13882.692 ms
