Seq Scan on cast_info ci  (cost=0.00..705507.15 rows=31474850 width=0) (actual time=0.014..12511.450 rows=31593017 loops=1)
  Filter: (person_id > 449959)
  Rows Removed by Filter: 4651327
Planning time: 0.252 ms
Execution time: 16288.467 ms
