Seq Scan on movie_keyword mk  (cost=0.00..81003.12 rows=246 width=0) (actual time=310.854..1209.292 rows=5 loops=1)
  Filter: (keyword_id = 90862)
  Rows Removed by Filter: 4523925
Planning time: 0.378 ms
Execution time: 1209.377 ms
