Seq Scan on movie_companies mc  (cost=0.00..51404.11 rows=1550856 width=40) (actual time=0.041..1170.056 rows=1541216 loops=1)
  Filter: (company_id < 14541)
  Rows Removed by Filter: 1067913
Planning time: 2.983 ms
Execution time: 1260.155 ms
