Hash Join  (cost=270657.04..1698847.28 rows=26314746 width=0) (actual time=6266.454..57968.052 rows=79035626 loops=1)
  Hash Cond: (ci.movie_id = t.id)
  ->  Seq Scan on cast_info ci  (cost=0.00..705507.15 rows=35291321 width=4) (actual time=0.014..16805.620 rows=35431654 loops=1)
        Filter: (person_id > 85572)
        Rows Removed by Filter: 812690
  ->  Hash  (cost=239724.79..239724.79 rows=1885380 width=8) (actual time=6265.415..6265.415 rows=1369886 loops=1)
        Buckets: 131072  Batches: 32  Memory Usage: 2746kB
        ->  Hash Join  (cost=85777.42..239724.79 rows=1885380 width=8) (actual time=1808.136..5873.092 rows=1369886 loops=1)
              Hash Cond: (mk.movie_id = t.id)
              ->  Seq Scan on movie_keyword mk  (cost=0.00..81003.12 rows=4303851 width=4) (actual time=0.025..1733.256 rows=4289311 loops=1)
                    Filter: (keyword_id > 186)
                    Rows Removed by Filter: 234619
              ->  Hash  (cost=67604.59..67604.59 rows=1107667 width=4) (actual time=1805.680..1805.680 rows=1107925 loops=1)
                    Buckets: 131072  Batches: 16  Memory Usage: 3467kB
                    ->  Seq Scan on title t  (cost=0.00..67604.59 rows=1107667 width=4) (actual time=0.020..1135.492 rows=1107925 loops=1)
                          Filter: (production_year > 2004)
                          Rows Removed by Filter: 1420387
Planning time: 1.289 ms
Execution time: 66358.259 ms
