Seq Scan on cast_info ci  (cost=0.00..705507.15 rows=2678437 width=0) (actual time=7502.426..10930.720 rows=2720076 loops=1)
  Filter: (person_id > 3541243)
  Rows Removed by Filter: 33524268
Planning time: 0.353 ms
Execution time: 11271.775 ms
