Hash Join  (cost=102767.86..176994.72 rows=537892 width=0) (actual time=2029.323..3699.514 rows=541272 loops=1)
  Hash Cond: (mc.movie_id = t.id)
  ->  Seq Scan on movie_companies mc  (cost=0.00..51404.11 rows=537892 width=4) (actual time=85.262..953.835 rows=541272 loops=1)
        Filter: (company_id > 72142)
        Rows Removed by Filter: 2067857
  ->  Hash  (cost=61283.27..61283.27 rows=2528527 width=4) (actual time=1942.471..1942.471 rows=2528312 loops=1)
        Buckets: 131072  Batches: 64  Memory Usage: 2415kB
        ->  Seq Scan on title t  (cost=0.00..61283.27 rows=2528527 width=4) (actual time=0.016..1095.174 rows=2528312 loops=1)
Planning time: 0.778 ms
Execution time: 3761.318 ms
