Hash Join  (cost=69283.60..416132.15 rows=726 width=0) (actual time=4409.134..6745.514 rows=188 loops=1)
  Hash Cond: (mi.movie_id = t.id)
  ->  Seq Scan on movie_info mi  (cost=0.00..346232.03 rows=17937 width=4) (actual time=3243.634..5358.340 rows=109034 loops=1)
        Filter: (info_type_id = 106)
        Rows Removed by Filter: 14726686
  ->  Hash  (cost=67604.59..67604.59 rows=102321 width=4) (actual time=1041.123..1041.123 rows=100537 loops=1)
        Buckets: 131072  Batches: 2  Memory Usage: 2803kB
        ->  Seq Scan on title t  (cost=0.00..67604.59 rows=102321 width=4) (actual time=389.939..1004.326 rows=100537 loops=1)
              Filter: (kind_id = 3)
              Rows Removed by Filter: 2427775
Planning time: 0.761 ms
Execution time: 6745.638 ms
