Hash Join  (cost=95958.28..154917.55 rows=3348 width=0) (actual time=2280.227..2724.791 rows=5869 loops=1)
  Hash Cond: (mc.movie_id = t.id)
  ->  Seq Scan on movie_companies mc  (cost=0.00..57926.93 rows=266361 width=4) (actual time=503.461..912.063 rows=140362 loops=1)
        Filter: ((company_id < 483) AND (company_type_id = 2))
        Rows Removed by Filter: 2468767
  ->  Hash  (cost=95560.94..95560.94 rows=31787 width=8) (actual time=1776.125..1776.125 rows=37455 loops=1)
        Buckets: 65536 (originally 32768)  Batches: 1 (originally 1)  Memory Usage: 1976kB
        ->  Hash Join  (cost=68332.59..95560.94 rows=31787 width=8) (actual time=1099.232..1762.954 rows=37455 loops=1)
              Hash Cond: (mi_idx.movie_id = t.id)
              ->  Seq Scan on movie_info_idx mi_idx  (cost=0.00..21735.35 rows=1380035 width=4) (actual time=0.033..309.120 rows=1380035 loops=1)
              ->  Hash  (cost=67604.59..67604.59 rows=58240 width=4) (actual time=1098.738..1098.738 rows=58590 loops=1)
                    Buckets: 65536  Batches: 1  Memory Usage: 2572kB
                    ->  Seq Scan on title t  (cost=0.00..67604.59 rows=58240 width=4) (actual time=0.028..1074.304 rows=58590 loops=1)
                          Filter: (production_year = 2001)
                          Rows Removed by Filter: 2469722
Planning time: 1.172 ms
Execution time: 2725.849 ms
