Seq Scan on cast_info ci  (cost=0.00..796071.18 rows=620365 width=0) (actual time=8171.873..12640.923 rows=854567 loops=1)
  Filter: ((person_id > 2369514) AND (role_id = 8))
  Rows Removed by Filter: 35389777
Planning time: 0.342 ms
Execution time: 12741.865 ms
