Seq Scan on movie_keyword mk  (cost=0.00..81003.12 rows=3975740 width=0) (actual time=0.026..1566.513 rows=3980007 loops=1)
  Filter: (keyword_id < 33782)
  Rows Removed by Filter: 543923
Planning time: 0.402 ms
Execution time: 2075.019 ms
