Hash Join  (cost=80408.18..914391.18 rows=432920 width=0) (actual time=6072.443..14802.766 rows=263789 loops=1)
  Hash Cond: (ci.movie_id = t.id)
  ->  Seq Scan on cast_info ci  (cost=0.00..796071.18 rows=2770831 width=4) (actual time=4682.345..12299.455 rows=1628398 loops=1)
        Filter: ((person_id < 792596) AND (role_id > 3))
        Rows Removed by Filter: 34615946
  ->  Hash  (cost=73925.90..73925.90 rows=395062 width=4) (actual time=1389.021..1389.021 rows=335993 loops=1)
        Buckets: 131072  Batches: 8  Memory Usage: 2492kB
        ->  Seq Scan on title t  (cost=0.00..73925.90 rows=395062 width=4) (actual time=0.023..1280.232 rows=335993 loops=1)
              Filter: ((kind_id < 7) AND (production_year > 2005))
              Rows Removed by Filter: 2192319
Planning time: 0.790 ms
Execution time: 14835.386 ms
