Seq Scan on movie_keyword mk  (cost=0.00..81003.12 rows=459757 width=0) (actual time=0.015..1371.446 rows=456248 loops=1)
  Filter: (keyword_id > 38854)
  Rows Removed by Filter: 4067682
Planning time: 0.328 ms
Execution time: 1428.855 ms
