Hash Join  (cost=201173.06..708039.47 rows=809361 width=0) (actual time=4241.289..14657.922 rows=522340 loops=1)
  Hash Cond: (mi.movie_id = t.id)
  ->  Seq Scan on movie_info mi  (cost=0.00..309384.22 rows=14739122 width=4) (actual time=0.012..5672.358 rows=14835720 loops=1)
  ->  Hash  (cost=198894.48..198894.48 rows=138847 width=8) (actual time=4136.061..4136.061 rows=43633 loops=1)
        Buckets: 131072  Batches: 2  Memory Usage: 1880kB
        ->  Hash Join  (cost=75199.97..198894.48 rows=138847 width=8) (actual time=2903.459..4119.708 rows=43633 loops=1)
              Hash Cond: (mk.movie_id = t.id)
              ->  Seq Scan on movie_keyword mk  (cost=0.00..69693.30 rows=4523930 width=4) (actual time=0.007..1430.312 rows=4523930 loops=1)
              ->  Hash  (cost=73925.90..73925.90 rows=77605 width=4) (actual time=1223.997..1223.997 rows=84684 loops=1)
                    Buckets: 131072  Batches: 2  Memory Usage: 2518kB
                    ->  Seq Scan on title t  (cost=0.00..73925.90 rows=77605 width=4) (actual time=0.046..1050.756 rows=84684 loops=1)
                          Filter: ((kind_id = 7) AND (production_year = 2009))
                          Rows Removed by Filter: 2443628
Planning time: 1.132 ms
Execution time: 14718.826 ms
