Hash Join  (cost=190230.21..1048678.35 rows=1827294 width=0) (actual time=9926.273..24138.576 rows=8976276 loops=1)
  Hash Cond: (ci.movie_id = t.id)
  ->  Seq Scan on cast_info ci  (cost=0.00..796071.18 rows=3348004 width=4) (actual time=5545.485..12979.990 rows=7545290 loops=1)
        Filter: ((person_id > 2918872) AND (role_id > 2))
        Rows Removed by Filter: 28699054
  ->  Hash  (cost=167588.78..167588.78 rows=1380035 width=8) (actual time=4379.644..4379.644 rows=1380035 loops=1)
        Buckets: 131072  Batches: 32  Memory Usage: 2708kB
        ->  Hash Join  (cost=102767.86..167588.78 rows=1380035 width=8) (actual time=2100.537..3997.735 rows=1380035 loops=1)
              Hash Cond: (mi_idx.movie_id = t.id)
              ->  Seq Scan on movie_info_idx mi_idx  (cost=0.00..21735.35 rows=1380035 width=4) (actual time=0.031..448.258 rows=1380035 loops=1)
              ->  Hash  (cost=61283.27..61283.27 rows=2528527 width=4) (actual time=2098.471..2098.471 rows=2528312 loops=1)
                    Buckets: 131072  Batches: 64  Memory Usage: 2415kB
                    ->  Seq Scan on title t  (cost=0.00..61283.27 rows=2528527 width=4) (actual time=0.020..1247.376 rows=2528312 loops=1)
Planning time: 1.229 ms
Execution time: 25198.282 ms
