Hash Join  (cost=73994.33..438969.35 rows=31909 width=0) (actual time=1143.672..8521.844 rows=41999 loops=1)
  Hash Cond: (mi.movie_id = t.id)
  ->  Seq Scan on movie_info mi  (cost=0.00..309384.22 rows=14739122 width=4) (actual time=0.004..4100.503 rows=14835720 loops=1)
  ->  Hash  (cost=73925.90..73925.90 rows=5474 width=4) (actual time=1143.588..1143.588 rows=10313 loops=1)
        Buckets: 16384 (originally 8192)  Batches: 1 (originally 1)  Memory Usage: 491kB
        ->  Seq Scan on title t  (cost=0.00..73925.90 rows=5474 width=4) (actual time=0.120..1137.969 rows=10313 loops=1)
              Filter: ((kind_id > 1) AND (production_year = 1980))
              Rows Removed by Filter: 2517999
Planning time: 0.715 ms
Execution time: 8530.061 ms
