Hash Join  (cost=75300.67..173749.19 rows=47662 width=0) (actual time=1203.716..3153.784 rows=26660 loops=1)
  Hash Cond: (mk.movie_id = t.id)
  ->  Seq Scan on movie_keyword mk  (cost=0.00..81003.12 rows=1439141 width=4) (actual time=0.020..1464.139 rows=1453368 loops=1)
        Filter: (keyword_id > 11483)
        Rows Removed by Filter: 3070562
  ->  Hash  (cost=73925.90..73925.90 rows=83741 width=4) (actual time=1202.909..1202.909 rows=93082 loops=1)
        Buckets: 131072  Batches: 2  Memory Usage: 2672kB
        ->  Seq Scan on title t  (cost=0.00..73925.90 rows=83741 width=4) (actual time=0.025..1165.306 rows=93082 loops=1)
              Filter: ((kind_id > 3) AND (production_year = 2008))
              Rows Removed by Filter: 2435230
Planning time: 0.788 ms
Execution time: 3157.688 ms
