Hash Join  (cost=74207.10..101135.91 rows=4040 width=0) (actual time=990.502..1549.178 rows=6498 loops=1)
  Hash Cond: (mi_idx.movie_id = t.id)
  ->  Seq Scan on movie_info_idx mi_idx  (cost=0.00..25185.44 rows=454124 width=4) (actual time=0.014..441.690 rows=459925 loops=1)
        Filter: (info_type_id = 100)
        Rows Removed by Filter: 920110
  ->  Hash  (cost=73925.90..73925.90 rows=22496 width=4) (actual time=990.322..990.322 rows=13050 loops=1)
        Buckets: 32768  Batches: 1  Memory Usage: 715kB
        ->  Seq Scan on title t  (cost=0.00..73925.90 rows=22496 width=4) (actual time=0.013..985.029 rows=13050 loops=1)
              Filter: ((kind_id = 1) AND (production_year = 2004))
              Rows Removed by Filter: 2515262
Planning time: 0.554 ms
Execution time: 1550.435 ms
