Seq Scan on movie_keyword mk  (cost=0.00..81003.12 rows=582878 width=0) (actual time=0.026..1291.905 rows=580646 loops=1)
  Filter: (keyword_id > 31575)
  Rows Removed by Filter: 3943284
Planning time: 3.561 ms
Execution time: 1363.764 ms
