Hash Join  (cost=281287.25..1271273.24 rows=11058259 width=0) (actual time=7253.407..36104.230 rows=39145864 loops=1)
  Hash Cond: (ci.movie_id = t.id)
  ->  Seq Scan on cast_info ci  (cost=0.00..705507.15 rows=12912049 width=4) (actual time=0.019..13164.519 rows=12879359 loops=1)
        Filter: (person_id < 1271422)
        Rows Removed by Filter: 23364985
  ->  Hash  (cost=245758.44..245758.44 rows=2165505 width=8) (actual time=7252.264..7252.264 rows=2161961 loops=1)
        Buckets: 131072  Batches: 32  Memory Usage: 3648kB
        ->  Hash Join  (cost=102767.86..245758.44 rows=2165505 width=8) (actual time=1835.545..5674.783 rows=2161961 loops=1)
              Hash Cond: (mk.movie_id = t.id)
              ->  Seq Scan on movie_keyword mk  (cost=0.00..81003.12 rows=2165505 width=4) (actual time=0.014..1654.901 rows=2161961 loops=1)
                    Filter: (keyword_id > 5309)
                    Rows Removed by Filter: 2361969
              ->  Hash  (cost=61283.27..61283.27 rows=2528527 width=4) (actual time=1833.092..1833.092 rows=2528312 loops=1)
                    Buckets: 131072  Batches: 64  Memory Usage: 2425kB
                    ->  Seq Scan on title t  (cost=0.00..61283.27 rows=2528527 width=4) (actual time=0.027..995.238 rows=2528312 loops=1)
Planning time: 1.412 ms
Execution time: 40248.548 ms
