Hash Join  (cost=156487.41..224564.05 rows=202541 width=0) (actual time=3401.127..5146.068 rows=638012 loops=1)
  Hash Cond: (mc.movie_id = t.id)
  ->  Seq Scan on movie_companies mc  (cost=0.00..51404.11 rows=1110965 width=4) (actual time=0.021..1041.381 rows=1106906 loops=1)
        Filter: (company_id < 7669)
        Rows Removed by Filter: 1502223
  ->  Hash  (cost=148924.19..148924.19 rows=460978 width=8) (actual time=3400.259..3400.259 rows=459925 loops=1)
        Buckets: 131072  Batches: 8  Memory Usage: 3275kB
        ->  Hash Join  (cost=102767.86..148924.19 rows=460978 width=8) (actual time=2031.078..3277.375 rows=459925 loops=1)
              Hash Cond: (mi_idx.movie_id = t.id)
              ->  Seq Scan on movie_info_idx mi_idx  (cost=0.00..25185.44 rows=460978 width=4) (actual time=0.028..501.823 rows=459925 loops=1)
                    Filter: (info_type_id = 99)
                    Rows Removed by Filter: 920110
              ->  Hash  (cost=61283.27..61283.27 rows=2528527 width=4) (actual time=2028.829..2028.829 rows=2528312 loops=1)
                    Buckets: 131072  Batches: 64  Memory Usage: 2415kB
                    ->  Seq Scan on title t  (cost=0.00..61283.27 rows=2528527 width=4) (actual time=0.015..1185.711 rows=2528312 loops=1)
Planning time: 1.159 ms
Execution time: 5214.368 ms
