Hash Join  (cost=234427.15..1579518.03 rows=23523207 width=0) (actual time=5043.694..45351.414 rows=28375340 loops=1)
  Hash Cond: (ci.movie_id = t.id)
  ->  Seq Scan on cast_info ci  (cost=0.00..705507.15 rows=30973533 width=4) (actual time=0.007..16123.424 rows=31088400 loops=1)
        Filter: (person_id > 498628)
        Rows Removed by Filter: 5155944
  ->  Hash  (cost=202921.16..202921.16 rows=1920319 width=8) (actual time=5042.269..5042.269 rows=1301439 loops=1)
        Buckets: 131072  Batches: 32  Memory Usage: 2584kB
        ->  Hash Join  (cost=98137.04..202921.16 rows=1920319 width=8) (actual time=1846.027..4692.680 rows=1301439 loops=1)
              Hash Cond: (mc.movie_id = t.id)
              ->  Seq Scan on movie_companies mc  (cost=0.00..44881.29 rows=2609129 width=4) (actual time=0.010..940.829 rows=2609129 loops=1)
              ->  Hash  (cost=67604.59..67604.59 rows=1860996 width=4) (actual time=1845.338..1845.338 rows=1865487 loops=1)
                    Buckets: 131072  Batches: 32  Memory Usage: 3079kB
                    ->  Seq Scan on title t  (cost=0.00..67604.59 rows=1860996 width=4) (actual time=0.021..1251.612 rows=1865487 loops=1)
                          Filter: (kind_id > 1)
                          Rows Removed by Filter: 662825
Planning time: 1.234 ms
Execution time: 48500.778 ms
