Hash Join  (cost=94699.36..149406.76 rows=4188 width=0) (actual time=1630.898..2769.025 rows=2664 loops=1)
  Hash Cond: (mc.movie_id = t.id)
  ->  Seq Scan on movie_companies mc  (cost=0.00..44881.29 rows=2609129 width=4) (actual time=0.018..662.896 rows=2609129 loops=1)
  ->  Hash  (cost=94648.62..94648.62 rows=4059 width=8) (actual time=1629.978..1629.978 rows=777 loops=1)
        Buckets: 4096  Batches: 1  Memory Usage: 63kB
        ->  Hash Join  (cost=67697.55..94648.62 rows=4059 width=8) (actual time=1264.929..1629.521 rows=777 loops=1)
              Hash Cond: (mi_idx.movie_id = t.id)
              ->  Seq Scan on movie_info_idx mi_idx  (cost=0.00..21735.35 rows=1380035 width=4) (actual time=0.014..304.100 rows=1380035 loops=1)
              ->  Hash  (cost=67604.59..67604.59 rows=7437 width=4) (actual time=1036.821..1036.821 rows=7670 loops=1)
                    Buckets: 8192  Batches: 1  Memory Usage: 334kB
                    ->  Seq Scan on title t  (cost=0.00..67604.59 rows=7437 width=4) (actual time=0.198..1033.599 rows=7670 loops=1)
                          Filter: (production_year = 1915)
                          Rows Removed by Filter: 2520642
Planning time: 1.197 ms
Execution time: 2769.590 ms
