Seq Scan on movie_keyword mk  (cost=0.00..81003.12 rows=397200 width=0) (actual time=0.020..1387.975 rows=392328 loops=1)
  Filter: (keyword_id > 43931)
  Rows Removed by Filter: 4131602
Planning time: 0.318 ms
Execution time: 1439.522 ms
