Hash Join  (cost=98498.33..907093.52 rows=226013 width=0) (actual time=5016.957..13836.548 rows=128 loops=1)
  Hash Cond: (ci.movie_id = t.id)
  ->  Seq Scan on cast_info ci  (cost=0.00..796071.18 rows=381569 width=4) (actual time=2992.052..11626.753 rows=228 loops=1)
        Filter: ((person_id < 181036) AND (role_id = 2))
        Rows Removed by Filter: 36244116
  ->  Hash  (cost=73925.90..73925.90 rows=1497714 width=4) (actual time=1994.553..1994.553 rows=1478440 loops=1)
        Buckets: 131072  Batches: 32  Memory Usage: 2651kB
        ->  Seq Scan on title t  (cost=0.00..73925.90 rows=1497714 width=4) (actual time=337.098..1520.672 rows=1478440 loops=1)
              Filter: ((production_year > 0) AND (kind_id = 7))
              Rows Removed by Filter: 1049872
Planning time: 1.049 ms
Execution time: 13836.667 ms
