Seq Scan on movie_companies mc  (cost=0.00..57926.93 rows=2260 width=0) (actual time=0.295..910.774 rows=2438 loops=1)
  Filter: ((company_type_id > 1) AND (company_id = 11146))
  Rows Removed by Filter: 2606691
Planning time: 0.390 ms
Execution time: 911.367 ms
