Hash Join  (cost=156391.20..282638.30 rows=348406 width=0) (actual time=3016.868..6217.590 rows=320307 loops=1)
  Hash Cond: (mk.movie_id = t.id)
  ->  Seq Scan on movie_keyword mk  (cost=0.00..69693.30 rows=4523930 width=4) (actual time=0.024..1470.455 rows=4523930 loops=1)
  ->  Hash  (cost=153196.05..153196.05 rows=194732 width=8) (actual time=3016.076..3016.076 rows=100584 loops=1)
        Buckets: 131072  Batches: 4  Memory Usage: 2018kB
        ->  Hash Join  (cost=90234.05..153196.05 rows=194732 width=8) (actual time=1866.702..2983.494 rows=100584 loops=1)
              Hash Cond: (mc.movie_id = t.id)
              ->  Seq Scan on movie_companies mc  (cost=0.00..51404.11 rows=495351 width=4) (actual time=243.834..942.653 rows=498112 loops=1)
                    Filter: (company_id > 74330)
                    Rows Removed by Filter: 2111017
              ->  Hash  (cost=73925.90..73925.90 rows=994012 width=4) (actual time=1621.855..1621.855 rows=923721 loops=1)
                    Buckets: 131072  Batches: 16  Memory Usage: 3057kB
                    ->  Seq Scan on title t  (cost=0.00..73925.90 rows=994012 width=4) (actual time=0.029..1335.735 rows=923721 loops=1)
                          Filter: ((kind_id > 1) AND (production_year < 2005))
                          Rows Removed by Filter: 1604591
Planning time: 1.130 ms
Execution time: 6258.988 ms
