Seq Scan on movie_keyword mk  (cost=0.00..81003.12 rows=246 width=0) (actual time=2.721..1305.491 rows=99 loops=1)
  Filter: (keyword_id = 5546)
  Rows Removed by Filter: 4523831
Planning time: 0.363 ms
Execution time: 1305.654 ms
