Seq Scan on movie_keyword mk  (cost=0.00..81003.12 rows=246 width=0) (actual time=0.365..1235.098 rows=623 loops=1)
  Filter: (keyword_id = 133)
  Rows Removed by Filter: 4523307
Planning time: 0.344 ms
Execution time: 1235.425 ms
