Hash Join  (cost=522411.00..1425236.94 rows=3341808 width=0) (actual time=8927.188..28443.214 rows=5064620 loops=1)
  Hash Cond: (ci.movie_id = t.id)
  ->  Seq Scan on cast_info ci  (cost=0.00..796071.18 rows=5231335 width=4) (actual time=0.036..13251.309 rows=8031765 loops=1)
        Filter: ((person_id > 2877236) AND (role_id > 1))
        Rows Removed by Filter: 28212579
  ->  Hash  (cost=495910.53..495910.53 rows=1615238 width=8) (actual time=8925.676..8925.676 rows=687938 loops=1)
        Buckets: 131072  Batches: 32  Memory Usage: 1827kB
        ->  Hash Join  (cost=98137.04..495910.53 rows=1615238 width=8) (actual time=2729.882..8719.868 rows=687938 loops=1)
              Hash Cond: (mi.movie_id = t.id)
              ->  Seq Scan on movie_info mi  (cost=0.00..346232.03 rows=2194617 width=4) (actual time=826.320..5141.896 rows=2233850 loops=1)
                    Filter: (info_type_id > 16)
                    Rows Removed by Filter: 12601870
              ->  Hash  (cost=67604.59..67604.59 rows=1860996 width=4) (actual time=1889.253..1889.253 rows=1865487 loops=1)
                    Buckets: 131072  Batches: 32  Memory Usage: 3085kB
                    ->  Seq Scan on title t  (cost=0.00..67604.59 rows=1860996 width=4) (actual time=0.022..1280.935 rows=1865487 loops=1)
                          Filter: (kind_id > 1)
                          Rows Removed by Filter: 662825
Planning time: 1.286 ms
Execution time: 29035.908 ms
