Nested Loop  (cost=0.43..52283.69 rows=104 width=0) (actual time=53.259..860.839 rows=48 loops=1)
  ->  Seq Scan on movie_companies mc  (cost=0.00..51404.11 rows=104 width=4) (actual time=53.183..859.624 rows=48 loops=1)
        Filter: (company_id = 71325)
        Rows Removed by Filter: 2609081
  ->  Index Only Scan using title_pkey on title t  (cost=0.43..8.45 rows=1 width=4) (actual time=0.023..0.023 rows=1 loops=48)
        Index Cond: (id = mc.movie_id)
        Heap Fetches: 48
Planning time: 0.612 ms
Execution time: 860.916 ms
