Hash Join  (cost=164547.37..531097.01 rows=189370 width=0) (actual time=2983.705..15381.262 rows=5564038 loops=1)
  Hash Cond: (mi.movie_id = t.id)
  ->  Seq Scan on movie_info mi  (cost=0.00..309384.22 rows=14739122 width=4) (actual time=0.016..4927.775 rows=14835720 loops=1)
  ->  Hash  (cost=164141.28..164141.28 rows=32487 width=8) (actual time=2979.532..2979.532 rows=118331 loops=1)
        Buckets: 131072 (originally 32768)  Batches: 2 (originally 1)  Memory Usage: 3361kB
        ->  Hash Join  (cost=78058.28..164141.28 rows=32487 width=8) (actual time=1339.196..2936.643 rows=118331 loops=1)
              Hash Cond: (mk.movie_id = t.id)
              ->  Seq Scan on movie_keyword mk  (cost=0.00..81003.12 rows=326135 width=4) (actual time=0.053..1317.469 rows=323322 loops=1)
                    Filter: (keyword_id > 50669)
                    Rows Removed by Filter: 4200608
              ->  Hash  (cost=73925.90..73925.90 rows=251870 width=4) (actual time=1338.167..1338.167 rows=365623 loops=1)
                    Buckets: 131072 (originally 131072)  Batches: 8 (originally 4)  Memory Usage: 3073kB
                    ->  Seq Scan on title t  (cost=0.00..73925.90 rows=251870 width=4) (actual time=0.022..1206.203 rows=365623 loops=1)
                          Filter: ((kind_id < 7) AND (production_year < 1988))
                          Rows Removed by Filter: 2162689
Planning time: 1.163 ms
Execution time: 16045.870 ms
