Hash Join  (cost=58375.85..85286.62 rows=29 width=0) (actual time=986.969..1559.392 rows=1833 loops=1)
  Hash Cond: (mi_idx.movie_id = t.id)
  ->  Seq Scan on movie_info_idx mi_idx  (cost=0.00..21735.35 rows=1380035 width=4) (actual time=0.011..329.662 rows=1380035 loops=1)
  ->  Hash  (cost=58375.18..58375.18 rows=53 width=8) (actual time=969.228..969.228 rows=1096 loops=1)
        Buckets: 2048 (originally 1024)  Batches: 1 (originally 1)  Memory Usage: 59kB
        ->  Nested Loop  (cost=0.43..58375.18 rows=53 width=8) (actual time=127.305..968.687 rows=1096 loops=1)
              ->  Seq Scan on movie_companies mc  (cost=0.00..57926.93 rows=53 width=4) (actual time=127.247..949.970 rows=1096 loops=1)
                    Filter: ((company_type_id > 1) AND (company_id = 71101))
                    Rows Removed by Filter: 2608033
              ->  Index Only Scan using title_pkey on title t  (cost=0.43..8.45 rows=1 width=4) (actual time=0.016..0.016 rows=1 loops=1096)
                    Index Cond: (id = mc.movie_id)
                    Heap Fetches: 1096
Planning time: 1.128 ms
Execution time: 1559.737 ms
