Hash Join  (cost=125844.89..228655.59 rows=204346 width=0) (actual time=3108.008..5524.425 rows=1267032 loops=1)
  Hash Cond: (mk.movie_id = t.id)
  ->  Seq Scan on movie_keyword mk  (cost=0.00..81003.12 rows=1600031 width=4) (actual time=0.022..1433.998 rows=1613252 loops=1)
        Filter: (keyword_id > 9396)
        Rows Removed by Filter: 2910678
  ->  Hash  (cost=120546.29..120546.29 rows=322928 width=8) (actual time=3107.353..3107.353 rows=375670 loops=1)
        Buckets: 131072  Batches: 8  Memory Usage: 2873kB
        ->  Hash Join  (cost=77312.52..120546.29 rows=322928 width=8) (actual time=1345.382..2994.565 rows=375670 loops=1)
              Hash Cond: (mi_idx.movie_id = t.id)
              ->  Seq Scan on movie_info_idx mi_idx  (cost=0.00..21735.35 rows=1380035 width=4) (actual time=0.010..463.990 rows=1380035 loops=1)
              ->  Hash  (cost=67604.59..67604.59 rows=591675 width=4) (actual time=1344.656..1344.656 rows=585020 loops=1)
                    Buckets: 131072  Batches: 8  Memory Usage: 3586kB
                    ->  Seq Scan on title t  (cost=0.00..67604.59 rows=591675 width=4) (actual time=0.019..1154.944 rows=585020 loops=1)
                          Filter: (production_year < 1985)
                          Rows Removed by Filter: 1943292
Planning time: 3.678 ms
Execution time: 5668.086 ms
