Seq Scan on movie_companies mc  (cost=0.00..57926.93 rows=1314519 width=0) (actual time=72.492..1042.086 rows=1306621 loops=1)
  Filter: ((company_id < 209170) AND (company_type_id > 1))
  Rows Removed by Filter: 1302508
Planning time: 0.347 ms
Execution time: 1196.821 ms
