Hash Join  (cost=102767.86..218815.75 rows=2275925 width=0) (actual time=1964.859..5274.109 rows=2279632 loops=1)
  Hash Cond: (mc.movie_id = t.id)
  ->  Seq Scan on movie_companies mc  (cost=0.00..51404.11 rows=2275925 width=4) (actual time=0.021..1157.364 rows=2279632 loops=1)
        Filter: (company_id > 161)
        Rows Removed by Filter: 329497
  ->  Hash  (cost=61283.27..61283.27 rows=2528527 width=4) (actual time=1963.632..1963.632 rows=2528312 loops=1)
        Buckets: 131072  Batches: 64  Memory Usage: 2415kB
        ->  Seq Scan on title t  (cost=0.00..61283.27 rows=2528527 width=4) (actual time=0.015..1094.811 rows=2528312 loops=1)
Planning time: 0.763 ms
Execution time: 5515.437 ms
