Hash Join  (cost=158728.96..981227.60 rows=162324 width=0) (actual time=8380.185..16003.681 rows=1344 loops=1)
  Hash Cond: (ci.movie_id = t.id)
  ->  Seq Scan on cast_info ci  (cost=0.00..796071.18 rows=2078459 width=4) (actual time=4864.668..12442.246 rows=1680 loops=1)
        Filter: ((person_id < 997580) AND (role_id = 2))
        Rows Removed by Filter: 36242664
  ->  Hash  (cost=155488.53..155488.53 rows=197474 width=8) (actual time=3508.974..3508.974 rows=349206 loops=1)
        Buckets: 131072 (originally 131072)  Batches: 8 (originally 4)  Memory Usage: 3073kB
        ->  Hash Join  (cost=82567.99..155488.53 rows=197474 width=8) (actual time=2084.769..3164.068 rows=349206 loops=1)
              Hash Cond: (mc.movie_id = t.id)
              ->  Seq Scan on movie_companies mc  (cost=0.00..57926.93 rows=947964 width=4) (actual time=401.041..1185.009 rows=1245456 loops=1)
                    Filter: ((company_id < 48495) AND (company_type_id = 1))
                    Rows Removed by Filter: 1363673
              ->  Hash  (cost=73925.90..73925.90 rows=526727 width=4) (actual time=1323.729..1323.729 rows=399363 loops=1)
                    Buckets: 131072  Batches: 8  Memory Usage: 2788kB
                    ->  Seq Scan on title t  (cost=0.00..73925.90 rows=526727 width=4) (actual time=288.808..1200.679 rows=399363 loops=1)
                          Filter: ((kind_id < 2) AND (production_year > 1976))
                          Rows Removed by Filter: 2128949
Planning time: 1.257 ms
Execution time: 16004.240 ms
