Nested Loop  (cost=0.43..83072.90 rows=4 width=0) (actual time=620.990..1217.062 rows=1 loops=1)
  ->  Seq Scan on movie_keyword mk  (cost=0.00..81003.12 rows=246 width=4) (actual time=6.540..1201.909 rows=183 loops=1)
        Filter: (keyword_id = 4652)
        Rows Removed by Filter: 4523747
  ->  Index Scan using title_pkey on title t  (cost=0.43..8.40 rows=1 width=4) (actual time=0.080..0.080 rows=0 loops=183)
        Index Cond: (id = mk.movie_id)
        Filter: ((kind_id = 7) AND (production_year = 2002))
        Rows Removed by Filter: 1
Planning time: 0.808 ms
Execution time: 1217.167 ms
