Hash Join  (cost=102286.00..158649.88 rows=16156 width=0) (actual time=1745.321..2943.563 rows=21834 loops=1)
  Hash Cond: (mc.movie_id = t.id)
  ->  Seq Scan on movie_companies mc  (cost=0.00..51404.11 rows=1279517 width=4) (actual time=0.017..965.770 rows=1274246 loops=1)
        Filter: (company_type_id = 1)
        Rows Removed by Filter: 1334883
  ->  Hash  (cost=101886.90..101886.90 rows=31928 width=8) (actual time=1743.032..1743.032 rows=18210 loops=1)
        Buckets: 32768  Batches: 1  Memory Usage: 968kB
        ->  Hash Join  (cost=74657.14..101886.90 rows=31928 width=8) (actual time=1085.959..1736.623 rows=18210 loops=1)
              Hash Cond: (mi_idx.movie_id = t.id)
              ->  Seq Scan on movie_info_idx mi_idx  (cost=0.00..21735.35 rows=1380035 width=4) (actual time=0.012..295.612 rows=1380035 loops=1)
              ->  Hash  (cost=73925.90..73925.90 rows=58499 width=4) (actual time=1085.513..1085.513 rows=62752 loops=1)
                    Buckets: 65536  Batches: 1  Memory Usage: 2719kB
                    ->  Seq Scan on title t  (cost=0.00..73925.90 rows=58499 width=4) (actual time=0.027..1060.149 rows=62752 loops=1)
                          Filter: ((kind_id = 7) AND (production_year = 2005))
                          Rows Removed by Filter: 2465560
Planning time: 1.157 ms
Execution time: 2946.715 ms
