Seq Scan on cast_info ci  (cost=0.00..796071.18 rows=19314276 width=0) (actual time=0.030..16896.842 rows=17029432 loops=1)
  Filter: ((person_id < 3003307) AND (role_id > 1))
  Rows Removed by Filter: 19214912
Planning time: 0.368 ms
Execution time: 19018.130 ms
