Hash Join  (cost=98137.04..1068356.82 rows=6088590 width=0) (actual time=4117.503..19426.654 rows=2478653 loops=1)
  Hash Cond: (ci.movie_id = t.id)
  ->  Seq Scan on cast_info ci  (cost=0.00..796071.18 rows=8272540 width=4) (actual time=2175.887..14653.213 rows=3544508 loops=1)
        Filter: ((person_id > 1245698) AND (role_id = 1))
        Rows Removed by Filter: 32699836
  ->  Hash  (cost=67604.59..67604.59 rows=1860996 width=4) (actual time=1940.219..1940.219 rows=1865487 loops=1)
        Buckets: 131072  Batches: 32  Memory Usage: 3079kB
        ->  Seq Scan on title t  (cost=0.00..67604.59 rows=1860996 width=4) (actual time=0.026..1351.874 rows=1865487 loops=1)
              Filter: (kind_id > 1)
              Rows Removed by Filter: 662825
Planning time: 1.033 ms
Execution time: 19703.041 ms
