Nested Loop  (cost=0.43..52283.95 rows=2 width=0) (actual time=33.162..781.836 rows=8 loops=1)
  ->  Seq Scan on movie_companies mc  (cost=0.00..51404.11 rows=104 width=4) (actual time=18.535..766.487 rows=227 loops=1)
        Filter: (company_id = 3262)
        Rows Removed by Filter: 2608902
  ->  Index Scan using title_pkey on title t  (cost=0.43..8.45 rows=1 width=4) (actual time=0.066..0.066 rows=0 loops=227)
        Index Cond: (id = mc.movie_id)
        Filter: (production_year = 2000)
        Rows Removed by Filter: 1
Planning time: 0.912 ms
Execution time: 781.931 ms
