Hash Join  (cost=69090.10..129166.56 rows=24979 width=0) (actual time=1190.914..2445.594 rows=97007 loops=1)
  Hash Cond: (mc.movie_id = t.id)
  ->  Seq Scan on movie_companies mc  (cost=0.00..51404.11 rows=697748 width=4) (actual time=0.026..952.996 rows=687970 loops=1)
        Filter: (company_id < 1244)
        Rows Removed by Filter: 1921159
  ->  Hash  (cost=67604.59..67604.59 rows=90521 width=4) (actual time=1190.157..1190.157 rows=90852 loops=1)
        Buckets: 131072  Batches: 2  Memory Usage: 2626kB
        ->  Seq Scan on title t  (cost=0.00..67604.59 rows=90521 width=4) (actual time=0.009..1157.487 rows=90852 loops=1)
              Filter: (kind_id = 2)
              Rows Removed by Filter: 2437460
Planning time: 0.825 ms
Execution time: 2458.363 ms
