Nested Loop  (cost=0.43..798851.90 rows=207 width=0) (actual time=6528.582..14522.986 rows=2 loops=1)
  ->  Seq Scan on cast_info ci  (cost=0.00..796071.18 rows=332 width=4) (actual time=6528.280..14517.165 rows=427 loops=1)
        Filter: ((role_id < 4) AND (person_id = 637716))
        Rows Removed by Filter: 36243917
  ->  Index Scan using title_pkey on title t  (cost=0.43..8.37 rows=1 width=4) (actual time=0.013..0.013 rows=0 loops=427)
        Index Cond: (id = ci.movie_id)
        Filter: (production_year > 1996)
        Rows Removed by Filter: 1
Planning time: 0.839 ms
Execution time: 14523.115 ms
