Seq Scan on movie_keyword mk  (cost=0.00..81003.12 rows=1662283 width=0) (actual time=0.016..1414.113 rows=1671530 loops=1)
  Filter: (keyword_id > 8712)
  Rows Removed by Filter: 2852400
Planning time: 0.335 ms
Execution time: 1617.554 ms
