Hash Join  (cost=83072.99..447729.32 rows=42 width=0) (actual time=1826.344..8051.914 rows=61 loops=1)
  Hash Cond: (mi.movie_id = t.id)
  ->  Seq Scan on movie_info mi  (cost=0.00..309384.22 rows=14739122 width=4) (actual time=0.018..4190.588 rows=14835720 loops=1)
  ->  Hash  (cost=83072.90..83072.90 rows=7 width=8) (actual time=1297.331..1297.331 rows=8 loops=1)
        Buckets: 1024  Batches: 1  Memory Usage: 9kB
        ->  Nested Loop  (cost=0.43..83072.90 rows=7 width=8) (actual time=28.103..1297.311 rows=8 loops=1)
              ->  Seq Scan on movie_keyword mk  (cost=0.00..81003.12 rows=246 width=4) (actual time=0.354..1272.825 rows=645 loops=1)
                    Filter: (keyword_id = 5168)
                    Rows Removed by Filter: 4523285
              ->  Index Scan using title_pkey on title t  (cost=0.43..8.40 rows=1 width=4) (actual time=0.036..0.036 rows=0 loops=645)
                    Index Cond: (id = mk.movie_id)
                    Filter: ((kind_id > 3) AND (production_year = 2007))
                    Rows Removed by Filter: 1
Planning time: 1.165 ms
Execution time: 8052.080 ms
