Hash Join  (cost=102767.86..209448.11 rows=656562 width=0) (actual time=2024.718..4516.436 rows=655932 loops=1)
  Hash Cond: (mk.movie_id = t.id)
  ->  Seq Scan on movie_keyword mk  (cost=0.00..81003.12 rows=656562 width=4) (actual time=0.009..1535.798 rows=655932 loops=1)
        Filter: (keyword_id < 508)
        Rows Removed by Filter: 3867998
  ->  Hash  (cost=61283.27..61283.27 rows=2528527 width=4) (actual time=2022.329..2022.329 rows=2528312 loops=1)
        Buckets: 131072  Batches: 64  Memory Usage: 2425kB
        ->  Seq Scan on title t  (cost=0.00..61283.27 rows=2528527 width=4) (actual time=0.012..1154.039 rows=2528312 loops=1)
Planning time: 0.581 ms
Execution time: 4599.274 ms
