Seq Scan on cast_info ci  (cost=0.00..705507.15 rows=500 width=0) (actual time=26199.202..28758.443 rows=28 loops=1)
  Filter: (person_id = 2877069)
  Rows Removed by Filter: 36244316
Planning time: 2.228 ms
Execution time: 28758.522 ms
