Hash Join  (cost=709678.15..1074363.23 rows=2915 width=0) (actual time=11091.334..18125.264 rows=1811 loops=1)
  Hash Cond: (mi.movie_id = t.id)
  ->  Seq Scan on movie_info mi  (cost=0.00..309384.22 rows=14739122 width=4) (actual time=0.014..4462.228 rows=14835720 loops=1)
  ->  Hash  (cost=709671.90..709671.90 rows=500 width=8) (actual time=11048.559..11048.559 rows=79 loops=1)
        Buckets: 1024  Batches: 1  Memory Usage: 12kB
        ->  Nested Loop  (cost=0.43..709671.90 rows=500 width=8) (actual time=468.157..11048.501 rows=79 loops=1)
              ->  Seq Scan on cast_info ci  (cost=0.00..705507.15 rows=500 width=4) (actual time=468.053..11046.809 rows=79 loops=1)
                    Filter: (person_id = 617559)
                    Rows Removed by Filter: 36244265
              ->  Index Only Scan using title_pkey on title t  (cost=0.43..8.32 rows=1 width=4) (actual time=0.020..0.020 rows=1 loops=79)
                    Index Cond: (id = ci.movie_id)
                    Heap Fetches: 79
Planning time: 1.176 ms
Execution time: 18125.907 ms
