Hash Join  (cost=156808.38..211506.77 rows=3286 width=0) (actual time=4883.199..8165.155 rows=30343 loops=1)
  Hash Cond: (mc.movie_id = t.id)
  ->  Seq Scan on movie_companies mc  (cost=0.00..44881.29 rows=2609129 width=4) (actual time=0.013..2527.221 rows=2609129 loops=1)
  ->  Hash  (cost=156768.57..156768.57 rows=3185 width=8) (actual time=4883.013..4883.013 rows=11588 loops=1)
        Buckets: 16384 (originally 4096)  Batches: 1 (originally 1)  Memory Usage: 581kB
        ->  Nested Loop  (cost=0.43..156768.57 rows=3185 width=8) (actual time=0.116..4875.741 rows=11588 loops=1)
              ->  Seq Scan on movie_keyword mk  (cost=0.00..81003.12 rows=12064 width=4) (actual time=0.071..3196.379 rows=13753 loops=1)
                    Filter: (keyword_id = 121)
                    Rows Removed by Filter: 4510177
              ->  Index Scan using title_pkey on title t  (cost=0.43..6.27 rows=1 width=4) (actual time=0.120..0.121 rows=1 loops=13753)
                    Index Cond: (id = mk.movie_id)
                    Filter: (production_year < 1989)
                    Rows Removed by Filter: 0
Planning time: 3.438 ms
Execution time: 8170.161 ms
