Hash Join  (cost=81530.55..172682.28 rows=153729 width=0) (actual time=4449.297..8930.224 rows=217837 loops=1)
  Hash Cond: (mk.movie_id = t.id)
  ->  Seq Scan on movie_keyword mk  (cost=0.00..81003.12 rows=457951 width=4) (actual time=0.023..4066.779 rows=454225 loops=1)
        Filter: (keyword_id > 38983)
        Rows Removed by Filter: 4069705
  ->  Hash  (cost=67604.59..67604.59 rows=848797 width=4) (actual time=4431.551..4431.551 rows=849141 loops=1)
        Buckets: 131072  Batches: 16  Memory Usage: 2899kB
        ->  Seq Scan on title t  (cost=0.00..67604.59 rows=848797 width=4) (actual time=0.014..4052.880 rows=849141 loops=1)
              Filter: (production_year < 1996)
              Rows Removed by Filter: 1679171
Planning time: 0.764 ms
Execution time: 8955.141 ms
