Hash Join  (cost=68332.59..153624.26 rows=24817 width=0) (actual time=3676.075..8016.578 rows=25863 loops=1)
  Hash Cond: (mk.movie_id = t.id)
  ->  Seq Scan on movie_keyword mk  (cost=0.00..81003.12 rows=1077434 width=4) (actual time=0.027..4071.209 rows=1088237 loops=1)
        Filter: (keyword_id > 16264)
        Rows Removed by Filter: 3435693
  ->  Hash  (cost=67604.59..67604.59 rows=58240 width=4) (actual time=3670.336..3670.336 rows=58590 loops=1)
        Buckets: 65536  Batches: 1  Memory Usage: 2572kB
        ->  Seq Scan on title t  (cost=0.00..67604.59 rows=58240 width=4) (actual time=0.016..3645.067 rows=58590 loops=1)
              Filter: (production_year = 2001)
              Rows Removed by Filter: 2469722
Planning time: 17.174 ms
Execution time: 8020.694 ms
