Hash Join  (cost=916776.80..994659.38 rows=205506 width=0) (actual time=36851.937..41415.917 rows=283246 loops=1)
  Hash Cond: (mc.movie_id = t.id)
  ->  Seq Scan on movie_companies mc  (cost=0.00..44881.29 rows=2609129 width=4) (actual time=0.012..3119.908 rows=2609129 loops=1)
  ->  Hash  (cost=913509.34..913509.34 rows=199157 width=8) (actual time=36851.124..36851.124 rows=75593 loops=1)
        Buckets: 131072  Batches: 4  Memory Usage: 1758kB
        ->  Hash Join  (cost=102767.86..913509.34 rows=199157 width=8) (actual time=5853.351..36827.434 rows=75593 loops=1)
              Hash Cond: (ci.movie_id = t.id)
              ->  Seq Scan on cast_info ci  (cost=0.00..796071.18 rows=199157 width=4) (actual time=2719.482..33279.543 rows=75593 loops=1)
                    Filter: ((person_id < 2063034) AND (role_id > 10))
                    Rows Removed by Filter: 36168751
              ->  Hash  (cost=61283.27..61283.27 rows=2528527 width=4) (actual time=3132.464..3132.464 rows=2528312 loops=1)
                    Buckets: 131072  Batches: 64  Memory Usage: 2415kB
                    ->  Seq Scan on title t  (cost=0.00..61283.27 rows=2528527 width=4) (actual time=0.022..2198.746 rows=2528312 loops=1)
Planning time: 1.209 ms
Execution time: 41459.329 ms
