Hash Join  (cost=79993.30..182567.74 rows=225982 width=0) (actual time=5964.812..8662.543 rows=47632 loops=1)
  Hash Cond: (mk.movie_id = t.id)
  ->  Seq Scan on movie_keyword mk  (cost=0.00..81003.12 rows=1545197 width=4) (actual time=0.014..4433.531 rows=1560178 loops=1)
        Filter: (keyword_id > 10081)
        Rows Removed by Filter: 2963752
  ->  Hash  (cost=73925.90..73925.90 rows=369792 width=4) (actual time=3404.757..3404.757 rows=253766 loops=1)
        Buckets: 131072  Batches: 8  Memory Usage: 2133kB
        ->  Seq Scan on title t  (cost=0.00..73925.90 rows=369792 width=4) (actual time=0.028..3305.542 rows=253766 loops=1)
              Filter: ((production_year < 1986) AND (kind_id = 7))
              Rows Removed by Filter: 2274546
Planning time: 0.736 ms
Execution time: 8669.075 ms
