Seq Scan on movie_companies mc  (cost=0.00..57926.93 rows=1005923 width=0) (actual time=0.037..2739.441 rows=863379 loops=1)
  Filter: ((company_id > 575) AND (company_type_id = 1))
  Rows Removed by Filter: 1745750
Planning time: 0.373 ms
Execution time: 2888.077 ms
