Hash Join  (cost=58375.85..456845.87 rows=292 width=0) (actual time=2382.751..25498.162 rows=1402 loops=1)
  Hash Cond: (mi.movie_id = t.id)
  ->  Seq Scan on movie_info mi  (cost=0.00..346232.03 rows=13929354 width=4) (actual time=0.022..20537.323 rows=14033580 loops=1)
        Filter: (info_type_id > 1)
        Rows Removed by Filter: 802140
  ->  Hash  (cost=58375.18..58375.18 rows=53 width=8) (actual time=2358.565..2358.565 rows=184 loops=1)
        Buckets: 1024  Batches: 1  Memory Usage: 16kB
        ->  Nested Loop  (cost=0.43..58375.18 rows=53 width=8) (actual time=57.534..2358.432 rows=184 loops=1)
              ->  Seq Scan on movie_companies mc  (cost=0.00..57926.93 rows=53 width=4) (actual time=56.010..2342.532 rows=184 loops=1)
                    Filter: ((company_id = 58197) AND (company_type_id = 2))
                    Rows Removed by Filter: 2608945
              ->  Index Only Scan using title_pkey on title t  (cost=0.43..8.45 rows=1 width=4) (actual time=0.084..0.085 rows=1 loops=184)
                    Index Cond: (id = mc.movie_id)
                    Heap Fetches: 184
Planning time: 7.242 ms
Execution time: 25500.250 ms
