Hash Join  (cost=81152.82..162468.48 rows=454514 width=0) (actual time=5265.480..9660.836 rows=1025508 loops=1)
  Hash Cond: (mc.movie_id = t.id)
  ->  Seq Scan on movie_companies mc  (cost=0.00..44881.29 rows=2609129 width=4) (actual time=0.015..3021.143 rows=2609129 loops=1)
  ->  Hash  (cost=73925.90..73925.90 rows=440473 width=4) (actual time=3994.862..3994.862 rows=473918 loops=1)
        Buckets: 131072  Batches: 8  Memory Usage: 3117kB
        ->  Seq Scan on title t  (cost=0.00..73925.90 rows=440473 width=4) (actual time=1750.527..3803.196 rows=473918 loops=1)
              Filter: ((production_year < 2008) AND (kind_id = 1))
              Rows Removed by Filter: 2054394
Planning time: 5.641 ms
Execution time: 9791.801 ms
