Nested Loop  (cost=0.43..52283.69 rows=104 width=0) (actual time=269.209..2431.695 rows=2 loops=1)
  ->  Seq Scan on movie_companies mc  (cost=0.00..51404.11 rows=104 width=4) (actual time=269.122..2431.551 rows=2 loops=1)
        Filter: (company_id = 136124)
        Rows Removed by Filter: 2609127
  ->  Index Only Scan using title_pkey on title t  (cost=0.43..8.45 rows=1 width=4) (actual time=0.062..0.063 rows=1 loops=2)
        Index Cond: (id = mc.movie_id)
        Heap Fetches: 2
Planning time: 0.723 ms
Execution time: 2431.763 ms
