Hash Join  (cost=173934.21..620232.00 rows=2538528 width=0) (actual time=7555.178..30890.839 rows=8076134 loops=1)
  Hash Cond: (mi.movie_id = t.id)
  ->  Seq Scan on movie_info mi  (cost=0.00..346232.03 rows=6103325 width=4) (actual time=0.020..16743.736 rows=6083429 loops=1)
        Filter: (info_type_id > 9)
        Rows Removed by Filter: 8752291
  ->  Hash  (cost=156679.23..156679.23 rows=1051679 width=8) (actual time=7553.759..7553.759 rows=1040410 loops=1)
        Buckets: 131072  Batches: 16  Memory Usage: 3590kB
        ->  Hash Join  (cost=99217.91..156679.23 rows=1051679 width=8) (actual time=4551.970..7205.256 rows=1040410 loops=1)
              Hash Cond: (mi_idx.movie_id = t.id)
              ->  Seq Scan on movie_info_idx mi_idx  (cost=0.00..21735.35 rows=1380035 width=4) (actual time=0.019..1015.521 rows=1380035 loops=1)
              ->  Hash  (cost=67604.59..67604.59 rows=1926906 width=4) (actual time=4550.607..4550.607 rows=1918028 loops=1)
                    Buckets: 131072  Batches: 32  Memory Usage: 3139kB
                    ->  Seq Scan on title t  (cost=0.00..67604.59 rows=1926906 width=4) (actual time=0.015..3742.578 rows=1918028 loops=1)
                          Filter: (production_year > 1981)
                          Rows Removed by Filter: 610284
Planning time: 2.213 ms
Execution time: 31941.772 ms
