Seq Scan on movie_keyword mk  (cost=0.00..81003.12 rows=4284700 width=0) (actual time=0.025..1640.774 rows=4285126 loops=1)
  Filter: (keyword_id < 62069)
  Rows Removed by Filter: 238804
Planning time: 0.338 ms
Execution time: 2190.075 ms
