Hash Join  (cost=226201.28..750119.63 rows=4515347 width=0) (actual time=11855.640..68234.356 rows=128864935 loops=1)
  Hash Cond: (mi.movie_id = t.id)
  ->  Seq Scan on movie_info mi  (cost=0.00..346232.03 rows=11115165 width=4) (actual time=0.010..19949.975 rows=11210743 loops=1)
        Filter: (info_type_id > 3)
        Rows Removed by Filter: 3624977
  ->  Hash  (cost=209348.64..209348.64 rows=1027171 width=8) (actual time=11854.049..11854.049 rows=2227511 loops=1)
        Buckets: 131072 (originally 131072)  Batches: 32 (originally 16)  Memory Usage: 3811kB
        ->  Hash Join  (cost=83810.17..209348.64 rows=1027171 width=8) (actual time=3885.664..11168.096 rows=2227511 loops=1)
              Hash Cond: (mk.movie_id = t.id)
              ->  Seq Scan on movie_keyword mk  (cost=0.00..81003.12 rows=2629502 width=4) (actual time=0.018..4819.626 rows=2616859 loops=1)
                    Filter: (keyword_id > 3270)
                    Rows Removed by Filter: 1907071
              ->  Hash  (cost=67604.59..67604.59 rows=987727 width=4) (actual time=3884.541..3884.541 rows=985048 loops=1)
                    Buckets: 131072  Batches: 16  Memory Usage: 3197kB
                    ->  Seq Scan on title t  (cost=0.00..67604.59 rows=987727 width=4) (actual time=0.032..3501.879 rows=985048 loops=1)
                          Filter: (kind_id < 7)
                          Rows Removed by Filter: 1543264
Planning time: 2.380 ms
Execution time: 83177.111 ms
