Seq Scan on movie_keyword mk  (cost=0.00..81003.12 rows=1624405 width=0) (actual time=0.024..3972.839 rows=1633674 loops=1)
  Filter: (keyword_id > 9079)
  Rows Removed by Filter: 2890256
Planning time: 0.344 ms
Execution time: 4254.503 ms
