Hash Join  (cost=245593.73..295305.79 rows=700557 width=0) (actual time=11513.103..14440.178 rows=2892809 loops=1)
  Hash Cond: (mi_idx.movie_id = t.id)
  ->  Seq Scan on movie_info_idx mi_idx  (cost=0.00..21735.35 rows=1380035 width=4) (actual time=0.007..1228.239 rows=1380035 loops=1)
  ->  Hash  (cost=224535.06..224535.06 rows=1283574 width=8) (actual time=11511.714..11511.714 rows=1293924 loops=1)
        Buckets: 131072  Batches: 32  Memory Usage: 2594kB
        ->  Hash Join  (cost=102767.86..224535.06 rows=1283574 width=8) (actual time=5522.713..11131.892 rows=1293924 loops=1)
              Hash Cond: (mk.movie_id = t.id)
              ->  Seq Scan on movie_keyword mk  (cost=0.00..81003.12 rows=1283574 width=4) (actual time=0.016..4039.161 rows=1293924 loops=1)
                    Filter: (keyword_id > 13649)
                    Rows Removed by Filter: 3230006
              ->  Hash  (cost=61283.27..61283.27 rows=2528527 width=4) (actual time=5521.901..5521.901 rows=2528312 loops=1)
                    Buckets: 131072  Batches: 64  Memory Usage: 2425kB
                    ->  Seq Scan on title t  (cost=0.00..61283.27 rows=2528527 width=4) (actual time=0.022..4023.513 rows=2528312 loops=1)
Planning time: 3.808 ms
Execution time: 14819.096 ms
