Hash Join  (cost=87344.71..910846.95 rows=529804 width=0) (actual time=36116.550..45428.342 rows=492486 loops=1)
  Hash Cond: (ci.movie_id = t.id)
  ->  Seq Scan on cast_info ci  (cost=0.00..796071.18 rows=1637873 width=4) (actual time=32211.456..40208.873 rows=1716450 loops=1)
        Filter: ((person_id > 1423885) AND (role_id = 4))
        Rows Removed by Filter: 34527894
  ->  Hash  (cost=73925.90..73925.90 rows=817904 width=4) (actual time=3903.953..3903.953 rows=732135 loops=1)
        Buckets: 131072  Batches: 16  Memory Usage: 2635kB
        ->  Seq Scan on title t  (cost=0.00..73925.90 rows=817904 width=4) (actual time=0.046..3607.424 rows=732135 loops=1)
              Filter: ((kind_id < 7) AND (production_year > 1969))
              Rows Removed by Filter: 1796177
Planning time: 4.141 ms
Execution time: 45487.868 ms
