Hash Join  (cost=217648.50..779829.54 rows=7720111 width=0) (actual time=10622.092..46363.576 rows=30929098 loops=1)
  Hash Cond: (mi.movie_id = t.id)
  ->  Seq Scan on movie_info mi  (cost=0.00..309384.22 rows=14739122 width=4) (actual time=0.014..18411.676 rows=14835720 loops=1)
  ->  Hash  (cost=195919.49..195919.49 rows=1324401 width=8) (actual time=10620.954..10620.954 rows=1333738 loops=1)
        Buckets: 131072  Batches: 32  Memory Usage: 2684kB
        ->  Hash Join  (cost=102767.86..195919.49 rows=1324401 width=8) (actual time=5616.614..10176.039 rows=1333738 loops=1)
              Hash Cond: (mc.movie_id = t.id)
              ->  Seq Scan on movie_companies mc  (cost=0.00..51404.11 rows=1324401 width=4) (actual time=0.015..2836.043 rows=1333738 loops=1)
                    Filter: (company_id > 11203)
                    Rows Removed by Filter: 1275391
              ->  Hash  (cost=61283.27..61283.27 rows=2528527 width=4) (actual time=5611.208..5611.208 rows=2528312 loops=1)
                    Buckets: 131072  Batches: 64  Memory Usage: 2415kB
                    ->  Seq Scan on title t  (cost=0.00..61283.27 rows=2528527 width=4) (actual time=0.019..4268.994 rows=2528312 loops=1)
Planning time: 1.032 ms
Execution time: 49998.409 ms
