Hash Join  (cost=102767.86..967092.97 rows=2425965 width=0) (actual time=11677.602..48958.914 rows=1524030 loops=1)
  Hash Cond: (ci.movie_id = t.id)
  ->  Seq Scan on cast_info ci  (cost=0.00..796071.18 rows=2425965 width=4) (actual time=5775.229..40548.430 rows=1524030 loops=1)
        Filter: ((person_id < 2221089) AND (role_id = 3))
        Rows Removed by Filter: 34720314
  ->  Hash  (cost=61283.27..61283.27 rows=2528527 width=4) (actual time=5901.081..5901.081 rows=2528312 loops=1)
        Buckets: 131072  Batches: 64  Memory Usage: 2415kB
        ->  Seq Scan on title t  (cost=0.00..61283.27 rows=2528527 width=4) (actual time=0.022..4304.745 rows=2528312 loops=1)
Planning time: 0.754 ms
Execution time: 49144.444 ms
