Hash Join  (cost=69484.36..134440.84 rows=24806 width=0) (actual time=4005.918..6259.870 rows=5272 loops=1)
  Hash Cond: (mc.movie_id = t.id)
  ->  Seq Scan on movie_companies mc  (cost=0.00..57926.93 rows=547596 width=4) (actual time=0.035..2539.915 rows=333155 loops=1)
        Filter: ((company_id < 6626) AND (company_type_id = 2))
        Rows Removed by Filter: 2275974
  ->  Hash  (cost=67604.59..67604.59 rows=114542 width=4) (actual time=3475.810..3475.810 rows=118234 loops=1)
        Buckets: 131072  Batches: 2  Memory Usage: 3101kB
        ->  Seq Scan on title t  (cost=0.00..67604.59 rows=114542 width=4) (actual time=1714.084..3429.163 rows=118234 loops=1)
              Filter: (kind_id = 4)
              Rows Removed by Filter: 2410078
Planning time: 0.733 ms
Execution time: 6260.979 ms
