Hash Join  (cost=83074.74..109986.57 rows=134 width=0) (actual time=1855.363..2984.766 rows=1372 loops=1)
  Hash Cond: (mi_idx.movie_id = t.id)
  ->  Seq Scan on movie_info_idx mi_idx  (cost=0.00..21735.35 rows=1380035 width=4) (actual time=0.017..824.380 rows=1380035 loops=1)
  ->  Hash  (cost=83071.67..83071.67 rows=246 width=8) (actual time=1855.224..1855.224 rows=700 loops=1)
        Buckets: 1024  Batches: 1  Memory Usage: 36kB
        ->  Nested Loop  (cost=0.43..83071.67 rows=246 width=8) (actual time=1.098..1854.559 rows=700 loops=1)
              ->  Seq Scan on movie_keyword mk  (cost=0.00..81003.12 rows=246 width=4) (actual time=1.040..1796.965 rows=700 loops=1)
                    Filter: (keyword_id = 3403)
                    Rows Removed by Filter: 4523230
              ->  Index Only Scan using title_pkey on title t  (cost=0.43..8.40 rows=1 width=4) (actual time=0.080..0.080 rows=1 loops=700)
                    Index Cond: (id = mk.movie_id)
                    Heap Fetches: 700
Planning time: 1.136 ms
Execution time: 2985.179 ms
