Hash Join  (cost=149791.57..640080.16 rows=982366 width=0) (actual time=8559.655..44461.400 rows=13099575 loops=1)
  Hash Cond: (mi.movie_id = t.id)
  ->  Seq Scan on movie_info mi  (cost=0.00..309384.22 rows=14739122 width=4) (actual time=0.021..23089.123 rows=14835720 loops=1)
  ->  Hash  (cost=147025.99..147025.99 rows=168527 width=8) (actual time=8558.696..8558.696 rows=287841 loops=1)
        Buckets: 131072  Batches: 4  Memory Usage: 3867kB
        ->  Hash Join  (cost=82033.88..147025.99 rows=168527 width=8) (actual time=4170.511..8459.912 rows=287841 loops=1)
              Hash Cond: (mc.movie_id = t.id)
              ->  Seq Scan on movie_companies mc  (cost=0.00..51404.11 rows=862326 width=4) (actual time=0.019..3294.574 rows=857979 loops=1)
                    Filter: (company_id < 2456)
                    Rows Removed by Filter: 1751150
              ->  Hash  (cost=73925.90..73925.90 rows=494158 width=4) (actual time=4169.601..4169.601 rows=581419 loops=1)
                    Buckets: 131072  Batches: 8  Memory Usage: 3592kB
                    ->  Seq Scan on title t  (cost=0.00..73925.90 rows=494158 width=4) (actual time=0.019..3898.634 rows=581419 loops=1)
                          Filter: ((kind_id < 7) AND (production_year < 2004))
                          Rows Removed by Filter: 1946893
Planning time: 1.270 ms
Execution time: 46327.286 ms
