Seq Scan on movie_companies mc  (cost=0.00..57926.93 rows=236026 width=0) (actual time=46.305..2677.736 rows=351482 loops=1)
  Filter: ((company_id < 420) AND (company_type_id < 2))
  Rows Removed by Filter: 2257647
Planning time: 4.052 ms
Execution time: 2739.585 ms
