Hash Join  (cost=161959.14..933443.87 rows=234728 width=0) (actual time=4666.607..47776.720 rows=531750 loops=1)
  Hash Cond: (ci.movie_id = t.id)
  ->  Seq Scan on cast_info ci  (cost=0.00..705507.15 rows=12726058 width=4) (actual time=0.025..39078.207 rows=12670688 loops=1)
        Filter: (role_id < 2)
        Rows Removed by Filter: 23573656
  ->  Hash  (cost=161376.16..161376.16 rows=46638 width=8) (actual time=4665.968..4665.968 rows=35418 loops=1)
        Buckets: 65536  Batches: 1  Memory Usage: 1896kB
        ->  Hash Join  (cost=74251.74..161376.16 rows=46638 width=8) (actual time=2472.273..4656.194 rows=35418 loops=1)
              Hash Cond: (mk.movie_id = t.id)
              ->  Seq Scan on movie_keyword mk  (cost=0.00..69693.30 rows=4523930 width=4) (actual time=0.024..1448.890 rows=4523930 loops=1)
              ->  Hash  (cost=73925.90..73925.90 rows=26067 width=4) (actual time=2472.004..2472.004 rows=27085 loops=1)
                    Buckets: 32768  Batches: 1  Memory Usage: 1209kB
                    ->  Seq Scan on title t  (cost=0.00..73925.90 rows=26067 width=4) (actual time=3.341..2458.538 rows=27085 loops=1)
                          Filter: ((kind_id < 7) AND (production_year > 2012))
                          Rows Removed by Filter: 2501227
Planning time: 13.950 ms
Execution time: 47870.458 ms
