Seq Scan on movie_keyword mk  (cost=0.00..81003.12 rows=246 width=0) (actual time=1.708..3695.630 rows=1403 loops=1)
  Filter: (keyword_id = 4720)
  Rows Removed by Filter: 4522527
Planning time: 0.976 ms
Execution time: 3696.300 ms
