Seq Scan on cast_info ci  (cost=0.00..705507.15 rows=894847 width=0) (actual time=5222.412..33380.722 rows=930427 loops=1)
  Filter: (person_id > 3883618)
  Rows Removed by Filter: 35313917
Planning time: 0.329 ms
Execution time: 33524.626 ms
