Hash Join  (cost=256082.32..1067123.40 rows=4084039 width=0) (actual time=23793.951..57654.350 rows=17598180 loops=1)
  Hash Cond: (ci.movie_id = t.id)
  ->  Seq Scan on cast_info ci  (cost=0.00..705507.15 rows=4320508 width=4) (actual time=11404.843..36856.203 rows=4323018 loops=1)
        Filter: (role_id = 10)
        Rows Removed by Filter: 31921326
  ->  Hash  (cost=216868.62..216868.62 rows=2390136 width=8) (actual time=12387.754..12387.754 rows=2285056 loops=1)
        Buckets: 131072  Batches: 32  Memory Usage: 3778kB
        ->  Hash Join  (cost=105607.32..216868.62 rows=2390136 width=8) (actual time=6073.455..11696.817 rows=2285056 loops=1)
              Hash Cond: (mc.movie_id = t.id)
              ->  Seq Scan on movie_companies mc  (cost=0.00..44881.29 rows=2609129 width=4) (actual time=0.025..2911.166 rows=2609129 loops=1)
              ->  Hash  (cost=67604.59..67604.59 rows=2316299 width=4) (actual time=6072.667..6072.667 rows=2310679 loops=1)
                    Buckets: 131072  Batches: 32  Memory Usage: 3566kB
                    ->  Seq Scan on title t  (cost=0.00..67604.59 rows=2316299 width=4) (actual time=0.019..4860.436 rows=2310679 loops=1)
                          Filter: (production_year > 1941)
                          Rows Removed by Filter: 217633
Planning time: 0.931 ms
Execution time: 59724.242 ms
