Hash Join  (cost=211855.42..719640.19 rows=2622084 width=0) (actual time=10322.242..40074.405 rows=17970290 loops=1)
  Hash Cond: (mi.movie_id = t.id)
  ->  Seq Scan on movie_info mi  (cost=0.00..309384.22 rows=14739122 width=4) (actual time=0.020..17158.151 rows=14835720 loops=1)
  ->  Hash  (cost=204474.62..204474.62 rows=449824 width=8) (actual time=10321.383..10321.383 rows=461727 loops=1)
        Buckets: 131072  Batches: 8  Memory Usage: 3344kB
        ->  Hash Join  (cost=102767.86..204474.62 rows=449824 width=8) (actual time=5158.905..10156.530 rows=461727 loops=1)
              Hash Cond: (mk.movie_id = t.id)
              ->  Seq Scan on movie_keyword mk  (cost=0.00..81003.12 rows=449824 width=4) (actual time=0.017..3781.098 rows=461727 loops=1)
                    Filter: (keyword_id < 349)
                    Rows Removed by Filter: 4062203
              ->  Hash  (cost=61283.27..61283.27 rows=2528527 width=4) (actual time=5157.688..5157.688 rows=2528312 loops=1)
                    Buckets: 131072  Batches: 64  Memory Usage: 2425kB
                    ->  Seq Scan on title t  (cost=0.00..61283.27 rows=2528527 width=4) (actual time=0.020..4106.293 rows=2528312 loops=1)
Planning time: 0.941 ms
Execution time: 42217.069 ms
