Hash Join  (cost=166189.18..298301.92 rows=562383 width=0) (actual time=9172.428..19934.114 rows=13388887 loops=1)
  Hash Cond: (mk.movie_id = t.id)
  ->  Seq Scan on movie_keyword mk  (cost=0.00..81003.12 rows=3807676 width=4) (actual time=0.009..4889.412 rows=3808083 loops=1)
        Filter: (keyword_id > 613)
        Rows Removed by Filter: 715847
  ->  Hash  (cost=160061.98..160061.98 rows=373456 width=8) (actual time=9171.781..9171.781 rows=955522 loops=1)
        Buckets: 131072 (originally 131072)  Batches: 16 (originally 8)  Memory Usage: 3405kB
        ->  Hash Join  (cost=79863.89..160061.98 rows=373456 width=8) (actual time=3976.573..8847.543 rows=955522 loops=1)
              Hash Cond: (mc.movie_id = t.id)
              ->  Seq Scan on movie_companies mc  (cost=0.00..44881.29 rows=2609129 width=4) (actual time=0.009..2977.128 rows=2609129 loops=1)
              ->  Hash  (cost=73925.90..73925.90 rows=361919 width=4) (actual time=3975.842..3975.842 rows=470371 loops=1)
                    Buckets: 131072  Batches: 8  Memory Usage: 3103kB
                    ->  Seq Scan on title t  (cost=0.00..73925.90 rows=361919 width=4) (actual time=0.008..3804.734 rows=470371 loops=1)
                          Filter: ((kind_id < 7) AND (production_year < 1998))
                          Rows Removed by Filter: 2057941
Planning time: 0.864 ms
Execution time: 21675.743 ms
