Seq Scan on cast_info ci  (cost=0.00..796071.18 rows=11919979 width=0) (actual time=25736.050..43201.555 rows=11074302 loops=1)
  Filter: ((person_id > 218300) AND (role_id < 2))
  Rows Removed by Filter: 25170042
Planning time: 0.512 ms
Execution time: 45003.093 ms
