Hash Join  (cost=245210.76..1516378.13 rows=18698324 width=0) (actual time=5015.583..39104.407 rows=7338815 loops=1)
  Hash Cond: (ci.movie_id = t.id)
  ->  Seq Scan on cast_info ci  (cost=0.00..614943.12 rows=36225612 width=4) (actual time=0.013..13584.700 rows=36244344 loops=1)
  ->  Hash  (cost=223797.61..223797.61 rows=1305132 width=8) (actual time=5009.506..5009.506 rows=286070 loops=1)
        Buckets: 131072  Batches: 32  Memory Usage: 1349kB
        ->  Hash Join  (cost=85894.26..223797.61 rows=1305132 width=8) (actual time=3374.387..4931.115 rows=286070 loops=1)
              Hash Cond: (mk.movie_id = t.id)
              ->  Seq Scan on movie_keyword mk  (cost=0.00..69693.30 rows=4523930 width=4) (actual time=0.012..1393.699 rows=4523930 loops=1)
              ->  Hash  (cost=73925.90..73925.90 rows=729468 width=4) (actual time=1534.221..1534.221 rows=638430 loops=1)
                    Buckets: 131072  Batches: 16  Memory Usage: 2431kB
                    ->  Seq Scan on title t  (cost=0.00..73925.90 rows=729468 width=4) (actual time=86.998..1222.250 rows=638430 loops=1)
                          Filter: ((production_year < 2003) AND (kind_id = 7))
                          Rows Removed by Filter: 1889882
Planning time: 1.149 ms
Execution time: 39947.955 ms
