Hash Join  (cost=365418.15..2148732.84 rows=55051443 width=0) (actual time=17138.328..131420.986 rows=182144848 loops=1)
  Hash Cond: (ci.movie_id = t.id)
  ->  Seq Scan on cast_info ci  (cost=0.00..705507.15 rows=30769499 width=4) (actual time=0.024..43870.389 rows=30866147 loops=1)
        Filter: (person_id > 518778)
        Rows Removed by Filter: 5378197
  ->  Hash  (cost=291197.02..291197.02 rows=4523930 width=8) (actual time=17137.431..17137.431 rows=4523930 loops=1)
        Buckets: 131072  Batches: 64  Memory Usage: 3816kB
        ->  Hash Join  (cost=102767.86..291197.02 rows=4523930 width=8) (actual time=5931.046..15205.730 rows=4523930 loops=1)
              Hash Cond: (mk.movie_id = t.id)
              ->  Seq Scan on movie_keyword mk  (cost=0.00..69693.30 rows=4523930 width=4) (actual time=0.012..4816.933 rows=4523930 loops=1)
              ->  Hash  (cost=61283.27..61283.27 rows=2528527 width=4) (actual time=5925.668..5925.668 rows=2528312 loops=1)
                    Buckets: 131072  Batches: 64  Memory Usage: 2425kB
                    ->  Seq Scan on title t  (cost=0.00..61283.27 rows=2528527 width=4) (actual time=0.014..4760.215 rows=2528312 loops=1)
Planning time: 1.149 ms
Execution time: 154292.746 ms
