Seq Scan on movie_companies mc  (cost=0.00..57926.93 rows=625158 width=0) (actual time=279.600..2674.836 rows=382751 loops=1)
  Filter: ((company_id > 11380) AND (company_type_id < 2))
  Rows Removed by Filter: 2226378
Planning time: 0.318 ms
Execution time: 2724.551 ms
