Hash Join  (cost=542808.31..705074.52 rows=2855420 width=0) (actual time=24908.747..31874.178 rows=6857563 loops=1)
  Hash Cond: (mk.movie_id = t.id)
  ->  Seq Scan on movie_keyword mk  (cost=0.00..81003.12 rows=3481378 width=4) (actual time=0.024..3377.204 rows=3471138 loops=1)
        Filter: (keyword_id < 16815)
        Rows Removed by Filter: 1052792
  ->  Hash  (cost=508782.64..508782.64 rows=2073893 width=8) (actual time=24903.877..24903.877 rows=2091068 loops=1)
        Buckets: 131072  Batches: 32  Memory Usage: 3569kB
        ->  Hash Join  (cost=102767.86..508782.64 rows=2073893 width=8) (actual time=9067.021..24269.001 rows=2091068 loops=1)
              Hash Cond: (mi.movie_id = t.id)
              ->  Seq Scan on movie_info mi  (cost=0.00..346232.03 rows=2073893 width=4) (actual time=3271.385..15751.587 rows=2091068 loops=1)
                    Filter: (info_type_id < 3)
                    Rows Removed by Filter: 12744652
              ->  Hash  (cost=61283.27..61283.27 rows=2528527 width=4) (actual time=5794.348..5794.348 rows=2528312 loops=1)
                    Buckets: 131072  Batches: 64  Memory Usage: 2425kB
                    ->  Seq Scan on title t  (cost=0.00..61283.27 rows=2528527 width=4) (actual time=0.019..4628.844 rows=2528312 loops=1)
Planning time: 1.086 ms
Execution time: 32636.009 ms
