Seq Scan on title t  (cost=0.00..73925.90 rows=301 width=0) (actual time=4.770..2442.431 rows=1492 loops=1)
  Filter: ((kind_id = 3) AND (production_year = 1990))
  Rows Removed by Filter: 2526820
Planning time: 0.394 ms
Execution time: 2443.045 ms
