Hash Join  (cost=73953.78..102578.92 rows=807 width=0) (actual time=3432.423..4929.758 rows=3972 loops=1)
  Hash Cond: (mi_idx.movie_id = t.id)
  ->  Seq Scan on movie_info_idx mi_idx  (cost=0.00..25185.44 rows=915101 width=4) (actual time=0.029..1311.670 rows=919850 loops=1)
        Filter: (info_type_id < 101)
        Rows Removed by Filter: 460185
  ->  Hash  (cost=73925.90..73925.90 rows=2230 width=4) (actual time=3432.340..3432.340 rows=4808 loops=1)
        Buckets: 8192 (originally 4096)  Batches: 1 (originally 1)  Memory Usage: 234kB
        ->  Seq Scan on title t  (cost=0.00..73925.90 rows=2230 width=4) (actual time=0.142..3429.243 rows=4808 loops=1)
              Filter: ((kind_id < 3) AND (production_year = 1977))
              Rows Removed by Filter: 2523504
Planning time: 0.974 ms
Execution time: 4930.646 ms
