Hash Join  (cost=81417.85..123386.60 rows=249226 width=0) (actual time=4938.376..6842.697 rows=339642 loops=1)
  Hash Cond: (mi_idx.movie_id = t.id)
  ->  Seq Scan on movie_info_idx mi_idx  (cost=0.00..21735.35 rows=1380035 width=4) (actual time=6.648..1653.449 rows=1380035 loops=1)
  ->  Hash  (cost=73925.90..73925.90 rows=456636 width=4) (actual time=4297.261..4297.261 rows=330279 loops=1)
        Buckets: 131072  Batches: 8  Memory Usage: 2482kB
        ->  Seq Scan on title t  (cost=0.00..73925.90 rows=456636 width=4) (actual time=0.027..4109.442 rows=330279 loops=1)
              Filter: ((production_year > 1991) AND (kind_id = 1))
              Rows Removed by Filter: 2198033
Planning time: 0.561 ms
Execution time: 6886.022 ms
