Hash Join  (cost=114053.05..482892.14 rows=418316 width=0) (actual time=5377.685..22862.952 rows=287120 loops=1)
  Hash Cond: (mi.movie_id = t.id)
  ->  Seq Scan on movie_info mi  (cost=0.00..309384.22 rows=14739122 width=4) (actual time=0.012..13107.143 rows=14835720 loops=1)
  ->  Hash  (cost=113156.01..113156.01 rows=71763 width=8) (actual time=5376.759..5376.759 rows=37696 loops=1)
        Buckets: 131072  Batches: 1  Memory Usage: 2497kB
        ->  Hash Join  (cost=80384.28..113156.01 rows=71763 width=8) (actual time=3904.536..5361.343 rows=37696 loops=1)
              Hash Cond: (mi_idx.movie_id = t.id)
              ->  Seq Scan on movie_info_idx mi_idx  (cost=0.00..25185.44 rows=460978 width=4) (actual time=0.016..1164.014 rows=459925 loops=1)
                    Filter: (info_type_id < 100)
                    Rows Removed by Filter: 920110
              ->  Hash  (cost=73925.90..73925.90 rows=393630 width=4) (actual time=3903.530..3903.530 rows=401187 loops=1)
                    Buckets: 131072  Batches: 8  Memory Usage: 2794kB
                    ->  Seq Scan on title t  (cost=0.00..73925.90 rows=393630 width=4) (actual time=0.020..3697.073 rows=401187 loops=1)
                          Filter: ((kind_id > 1) AND (production_year > 2009))
                          Rows Removed by Filter: 2127125
Planning time: 1.043 ms
Execution time: 22910.827 ms
