Hash Join  (cost=74126.72..439719.09 rows=93645 width=0) (actual time=2321.133..21777.451 rows=166700 loops=1)
  Hash Cond: (mi.movie_id = t.id)
  ->  Seq Scan on movie_info mi  (cost=0.00..309384.22 rows=14739122 width=4) (actual time=0.017..15347.250 rows=14835720 loops=1)
  ->  Hash  (cost=73925.90..73925.90 rows=16065 width=4) (actual time=2320.958..2320.958 rows=9704 loops=1)
        Buckets: 16384  Batches: 1  Memory Usage: 470kB
        ->  Seq Scan on title t  (cost=0.00..73925.90 rows=16065 width=4) (actual time=298.556..2316.694 rows=9704 loops=1)
              Filter: ((kind_id = 1) AND (production_year = 2002))
              Rows Removed by Filter: 2518608
Planning time: 1.752 ms
Execution time: 21823.589 ms
