Hash Join  (cost=83074.74..447745.01 rows=1434 width=0) (actual time=3729.178..21657.677 rows=14374 loops=1)
  Hash Cond: (mi.movie_id = t.id)
  ->  Seq Scan on movie_info mi  (cost=0.00..309384.22 rows=14739122 width=4) (actual time=0.015..14343.707 rows=14835720 loops=1)
  ->  Hash  (cost=83071.67..83071.67 rows=246 width=8) (actual time=3723.787..3723.787 rows=263 loops=1)
        Buckets: 1024  Batches: 1  Memory Usage: 19kB
        ->  Nested Loop  (cost=0.43..83071.67 rows=246 width=8) (actual time=38.603..3723.443 rows=263 loops=1)
              ->  Seq Scan on movie_keyword mk  (cost=0.00..81003.12 rows=246 width=4) (actual time=38.515..3701.695 rows=263 loops=1)
                    Filter: (keyword_id = 8819)
                    Rows Removed by Filter: 4523667
              ->  Index Only Scan using title_pkey on title t  (cost=0.43..8.40 rows=1 width=4) (actual time=0.078..0.079 rows=1 loops=263)
                    Index Cond: (id = mk.movie_id)
                    Heap Fetches: 263
Planning time: 1.062 ms
Execution time: 21660.758 ms
