Nested Loop  (cost=0.43..83071.67 rows=246 width=0) (actual time=1.852..4503.661 rows=3551 loops=1)
  ->  Seq Scan on movie_keyword mk  (cost=0.00..81003.12 rows=246 width=4) (actual time=1.786..3836.516 rows=3551 loops=1)
        Filter: (keyword_id = 7105)
        Rows Removed by Filter: 4520379
  ->  Index Only Scan using title_pkey on title t  (cost=0.43..8.40 rows=1 width=4) (actual time=0.186..0.187 rows=1 loops=3551)
        Index Cond: (id = mk.movie_id)
        Heap Fetches: 3551
Planning time: 0.728 ms
Execution time: 4505.021 ms
