Seq Scan on title t  (cost=0.00..73925.90 rows=1003718 width=0) (actual time=0.022..1364.269 rows=1100821 loops=1)
  Filter: ((kind_id > 2) AND (production_year > 1999))
  Rows Removed by Filter: 1427491
Planning time: 0.343 ms
Execution time: 1505.921 ms
