Hash Join  (cost=158346.70..1283207.24 rows=7614597 width=0) (actual time=9037.403..76224.623 rows=16402510 loops=1)
  Hash Cond: (ci.movie_id = t.id)
  ->  Seq Scan on cast_info ci  (cost=0.00..705507.15 rows=29461971 width=4) (actual time=0.018..44326.867 rows=29547330 loops=1)
        Filter: (person_id > 646949)
        Rows Removed by Filter: 6697014
  ->  Hash  (cost=147624.81..147624.81 rows=653511 width=8) (actual time=9035.426..9035.426 rows=629757 loops=1)
        Buckets: 131072  Batches: 16  Memory Usage: 2563kB
        ->  Hash Join  (cost=97102.97..147624.81 rows=653511 width=8) (actual time=5373.490..8811.884 rows=629757 loops=1)
              Hash Cond: (mi_idx.movie_id = t.id)
              ->  Seq Scan on movie_info_idx mi_idx  (cost=0.00..25185.44 rows=919057 width=4) (actual time=0.025..1671.618 rows=920110 loops=1)
                    Filter: (info_type_id > 99)
                    Rows Removed by Filter: 459925
              ->  Hash  (cost=67604.59..67604.59 rows=1797951 width=4) (actual time=5372.887..5372.887 rows=1793384 loops=1)
                    Buckets: 131072  Batches: 32  Memory Usage: 2998kB
                    ->  Seq Scan on title t  (cost=0.00..67604.59 rows=1797951 width=4) (actual time=0.018..4299.491 rows=1793384 loops=1)
                          Filter: (production_year > 1988)
                          Rows Removed by Filter: 734928
Planning time: 1.160 ms
Execution time: 78366.657 ms
