Hash Join  (cost=190230.21..331768.20 rows=1768252 width=0) (actual time=10317.450..19445.270 rows=7550879 loops=1)
  Hash Cond: (mk.movie_id = t.id)
  ->  Seq Scan on movie_keyword mk  (cost=0.00..81003.12 rows=3239825 width=4) (actual time=0.028..5145.001 rows=3224947 loops=1)
        Filter: (keyword_id > 1684)
        Rows Removed by Filter: 1298983
  ->  Hash  (cost=167588.78..167588.78 rows=1380035 width=8) (actual time=10316.105..10316.105 rows=1380035 loops=1)
        Buckets: 131072  Batches: 32  Memory Usage: 2726kB
        ->  Hash Join  (cost=102767.86..167588.78 rows=1380035 width=8) (actual time=5790.022..9858.517 rows=1380035 loops=1)
              Hash Cond: (mi_idx.movie_id = t.id)
              ->  Seq Scan on movie_info_idx mi_idx  (cost=0.00..21735.35 rows=1380035 width=4) (actual time=0.023..1552.893 rows=1380035 loops=1)
              ->  Hash  (cost=61283.27..61283.27 rows=2528527 width=4) (actual time=5788.372..5788.372 rows=2528312 loops=1)
                    Buckets: 131072  Batches: 64  Memory Usage: 2415kB
                    ->  Seq Scan on title t  (cost=0.00..61283.27 rows=2528527 width=4) (actual time=0.021..4146.881 rows=2528312 loops=1)
Planning time: 1.161 ms
Execution time: 20414.260 ms
