Hash Join  (cost=28270.26..821880.85 rows=2625 width=0) (actual time=5586.761..47283.655 rows=15571 loops=1)
  Hash Cond: (ci.movie_id = t.id)
  ->  Seq Scan on cast_info ci  (cost=0.00..705507.15 rows=23487242 width=4) (actual time=4466.556..41061.441 rows=23550280 loops=1)
        Filter: (person_id > 1251906)
        Rows Removed by Filter: 12694064
  ->  Hash  (cost=28266.72..28266.72 rows=283 width=8) (actual time=1097.034..1097.034 rows=147 loops=1)
        Buckets: 1024  Batches: 1  Memory Usage: 14kB
        ->  Nested Loop  (cost=0.43..28266.72 rows=283 width=8) (actual time=551.653..1094.299 rows=147 loops=1)
              ->  Seq Scan on movie_info_idx mi_idx  (cost=0.00..25185.44 rows=368 width=4) (actual time=551.496..1051.720 rows=260 loops=1)
                    Filter: (info_type_id > 101)
                    Rows Removed by Filter: 1379775
              ->  Index Scan using title_pkey on title t  (cost=0.43..8.36 rows=1 width=4) (actual time=0.163..0.163 rows=1 loops=260)
                    Index Cond: (id = mi_idx.movie_id)
                    Filter: (production_year > 1980)
                    Rows Removed by Filter: 0
Planning time: 1.112 ms
Execution time: 47293.388 ms
