Seq Scan on cast_info ci  (cost=0.00..705507.15 rows=35332890 width=0) (actual time=0.019..43205.449 rows=35316450 loops=1)
  Filter: (person_id < 3884035)
  Rows Removed by Filter: 927894
Planning time: 0.366 ms
Execution time: 48950.920 ms
