Seq Scan on cast_info ci  (cost=0.00..796071.18 rows=435 width=42) (actual time=1046.166..16603.415 rows=308 loops=1)
  Filter: ((role_id < 10) AND (person_id = 1224851))
  Rows Removed by Filter: 36244036
Planning time: 0.348 ms
Execution time: 16603.470 ms
