Hash Join  (cost=98137.04..178670.40 rows=797527 width=0) (actual time=1879.955..3869.423 rows=778106 loops=1)
  Hash Cond: (mc.movie_id = t.id)
  ->  Seq Scan on movie_companies mc  (cost=0.00..51404.11 rows=1083596 width=4) (actual time=0.021..1017.012 rows=1077651 loops=1)
        Filter: (company_id < 6893)
        Rows Removed by Filter: 1531478
  ->  Hash  (cost=67604.59..67604.59 rows=1860996 width=4) (actual time=1878.444..1878.444 rows=1865487 loops=1)
        Buckets: 131072  Batches: 32  Memory Usage: 3079kB
        ->  Seq Scan on title t  (cost=0.00..67604.59 rows=1860996 width=4) (actual time=0.012..1262.229 rows=1865487 loops=1)
              Filter: (kind_id > 1)
              Rows Removed by Filter: 662825
Planning time: 0.748 ms
Execution time: 3944.277 ms
