Hash Join  (cost=93350.34..1066672.18 rows=7586081 width=0) (actual time=17275.436..59334.609 rows=8622445 loops=1)
  Hash Cond: (ci.movie_id = t.id)
  ->  Seq Scan on cast_info ci  (cost=0.00..705507.15 rows=16201301 width=4) (actual time=12646.674..40938.206 rows=16121683 loops=1)
        Filter: (role_id > 2)
        Rows Removed by Filter: 20122661
  ->  Hash  (cost=73925.90..73925.90 rows=1183955 width=4) (actual time=4627.428..4627.428 rows=1272000 loops=1)
        Buckets: 131072  Batches: 16  Memory Usage: 3831kB
        ->  Seq Scan on title t  (cost=0.00..73925.90 rows=1183955 width=4) (actual time=0.093..4120.146 rows=1272000 loops=1)
              Filter: ((kind_id > 4) AND (production_year > 1981))
              Rows Removed by Filter: 1256312
Planning time: 0.843 ms
Execution time: 60417.066 ms
