Seq Scan on movie_keyword mk  (cost=0.00..81003.12 rows=776159 width=0) (actual time=0.025..3507.669 rows=777865 loops=1)
  Filter: (keyword_id < 741)
  Rows Removed by Filter: 3746065
Planning time: 0.305 ms
Execution time: 3644.304 ms
