Seq Scan on movie_keyword mk  (cost=0.00..81003.12 rows=4409750 width=0) (actual time=0.031..3342.435 rows=4410560 loops=1)
  Filter: (keyword_id < 79474)
  Rows Removed by Filter: 113370
Planning time: 0.417 ms
Execution time: 3995.805 ms
