Seq Scan on movie_companies mc  (cost=0.00..57926.93 rows=629548 width=0) (actual time=102.219..2435.295 rows=892756 loops=1)
  Filter: ((company_id > 11690) AND (company_type_id > 1))
  Rows Removed by Filter: 1716373
Planning time: 0.306 ms
Execution time: 2575.466 ms
