Nested Loop  (cost=0.43..86096.27 rows=168 width=0) (actual time=24.683..3275.935 rows=51 loops=1)
  ->  Seq Scan on movie_companies mc  (cost=0.00..51404.11 rows=4696 width=4) (actual time=23.979..2668.739 rows=5080 loops=1)
        Filter: (company_id = 475)
        Rows Removed by Filter: 2604049
  ->  Index Scan using title_pkey on title t  (cost=0.43..7.38 rows=1 width=4) (actual time=0.119..0.119 rows=0 loops=5080)
        Index Cond: (id = mc.movie_id)
        Filter: (kind_id = 2)
        Rows Removed by Filter: 1
Planning time: 4.224 ms
Execution time: 3276.099 ms
