Hash Join  (cost=99161.12..167711.82 rows=115836 width=0) (actual time=5762.700..7262.160 rows=60546 loops=1)
  Hash Cond: (mc.movie_id = t.id)
  ->  Seq Scan on movie_companies mc  (cost=0.00..57926.93 rows=152279 width=4) (actual time=908.541..2058.901 rows=68493 loops=1)
        Filter: ((company_id < 160) AND (company_type_id = 2))
        Rows Removed by Filter: 2540636
  ->  Hash  (cost=67604.59..67604.59 rows=1923403 width=4) (actual time=4852.921..4852.921 rows=1922849 loops=1)
        Buckets: 131072  Batches: 32  Memory Usage: 3132kB
        ->  Seq Scan on title t  (cost=0.00..67604.59 rows=1923403 width=4) (actual time=0.031..4041.877 rows=1922849 loops=1)
              Filter: (production_year < 2010)
              Rows Removed by Filter: 605463
Planning time: 0.781 ms
Execution time: 7270.110 ms
