Hash Join  (cost=202542.60..1050614.25 rows=263149 width=0) (actual time=44534.256..45229.517 rows=36 loops=1)
  Hash Cond: (ci.movie_id = t.id)
  ->  Seq Scan on cast_info ci  (cost=0.00..796071.18 rows=3799596 width=4) (actual time=0.025..34438.024 rows=1232513 loops=1)
        Filter: ((person_id < 2412111) AND (role_id > 8))
        Rows Removed by Filter: 35011831
  ->  Hash  (cost=199668.61..199668.61 rows=175119 width=8) (actual time=10017.858..10017.858 rows=429 loops=1)
        Buckets: 131072  Batches: 4  Memory Usage: 1028kB
        ->  Hash Join  (cost=75532.38..199668.61 rows=175119 width=8) (actual time=5285.014..10017.425 rows=429 loops=1)
              Hash Cond: (mk.movie_id = t.id)
              ->  Seq Scan on movie_keyword mk  (cost=0.00..69693.30 rows=4523930 width=4) (actual time=0.017..4672.452 rows=4523930 loops=1)
              ->  Hash  (cost=73925.90..73925.90 rows=97878 width=4) (actual time=3375.176..3375.176 rows=1972 loops=1)
                    Buckets: 131072  Batches: 2  Memory Usage: 1064kB
                    ->  Seq Scan on title t  (cost=0.00..73925.90 rows=97878 width=4) (actual time=588.609..3373.756 rows=1972 loops=1)
                          Filter: ((kind_id > 4) AND (production_year < 1950))
                          Rows Removed by Filter: 2526340
Planning time: 3.927 ms
Execution time: 45229.775 ms
