Hash Join  (cost=128478.61..208711.56 rows=375943 width=0) (actual time=6942.947..12178.809 rows=1384158 loops=1)
  Hash Cond: (mc.movie_id = t.id)
  ->  Seq Scan on movie_companies mc  (cost=0.00..44881.29 rows=2609129 width=4) (actual time=0.013..3335.305 rows=2609129 loops=1)
  ->  Hash  (cost=122500.50..122500.50 rows=364329 width=8) (actual time=6941.014..6941.014 rows=435281 loops=1)
        Buckets: 131072  Batches: 8  Memory Usage: 3158kB
        ->  Hash Join  (cost=78556.72..122500.50 rows=364329 width=8) (actual time=4453.677..6813.374 rows=435281 loops=1)
              Hash Cond: (mi_idx.movie_id = t.id)
              ->  Seq Scan on movie_info_idx mi_idx  (cost=0.00..21735.35 rows=1380035 width=4) (actual time=0.014..1340.634 rows=1380035 loops=1)
              ->  Hash  (cost=67604.59..67604.59 rows=667531 width=4) (actual time=4452.564..4452.564 rows=662834 loops=1)
                    Buckets: 131072  Batches: 16  Memory Usage: 2478kB
                    ->  Seq Scan on title t  (cost=0.00..67604.59 rows=667531 width=4) (actual time=0.020..4199.774 rows=662834 loops=1)
                          Filter: (production_year < 1989)
                          Rows Removed by Filter: 1865478
Planning time: 1.079 ms
Execution time: 12356.300 ms
