Hash Join  (cost=836779.32..3566883.04 rows=129863639 width=0) (actual time=22402.848..137724.357 rows=320225722 loops=1)
  Hash Cond: (ci.movie_id = t.id)
  ->  Seq Scan on cast_info ci  (cost=0.00..614943.12 rows=36225612 width=4) (actual time=0.021..13955.029 rows=36244344 loops=1)
  ->  Hash  (cost=688066.22..688066.22 rows=9064408 width=8) (actual time=22399.644..22399.644 rows=10427559 loops=1)
        Buckets: 131072 (originally 131072)  Batches: 256 (originally 128)  Memory Usage: 3073kB
        ->  Hash Join  (cost=93117.31..688066.22 rows=9064408 width=8) (actual time=1737.363..18970.237 rows=10427559 loops=1)
              Hash Cond: (mi.movie_id = t.id)
              ->  Seq Scan on movie_info mi  (cost=0.00..309384.22 rows=14739122 width=4) (actual time=0.011..6052.889 rows=14835720 loops=1)
              ->  Hash  (cost=67604.59..67604.59 rows=1555018 width=4) (actual time=1736.552..1736.552 rows=1551727 loops=1)
                    Buckets: 131072  Batches: 32  Memory Usage: 2737kB
                    ->  Seq Scan on title t  (cost=0.00..67604.59 rows=1555018 width=4) (actual time=0.024..1224.660 rows=1551727 loops=1)
                          Filter: (production_year < 2007)
                          Rows Removed by Filter: 976585
Planning time: 1.172 ms
Execution time: 172642.838 ms
