Seq Scan on movie_companies mc  (cost=0.00..57926.93 rows=53 width=0) (actual time=1584.381..2614.747 rows=5 loops=1)
  Filter: ((company_type_id > 1) AND (company_id = 3433))
  Rows Removed by Filter: 2609124
Planning time: 0.405 ms
Execution time: 2614.854 ms
