Hash Join  (cost=96795.94..462025.11 rows=57323 width=0) (actual time=1628.830..9658.218 rows=203808 loops=1)
  Hash Cond: (mi.movie_id = t.id)
  ->  Seq Scan on movie_info mi  (cost=0.00..309384.22 rows=14739122 width=4) (actual time=0.014..4691.479 rows=14835720 loops=1)
  ->  Hash  (cost=96673.02..96673.02 rows=9834 width=8) (actual time=1628.136..1628.136 rows=13122 loops=1)
        Buckets: 16384  Batches: 1  Memory Usage: 641kB
        ->  Hash Join  (cost=67942.77..96673.02 rows=9834 width=8) (actual time=1000.854..1623.221 rows=13122 loops=1)
              Hash Cond: (mi_idx.movie_id = t.id)
              ->  Seq Scan on movie_info_idx mi_idx  (cost=0.00..25185.44 rows=919057 width=4) (actual time=0.027..433.475 rows=920110 loops=1)
                    Filter: (info_type_id > 99)
                    Rows Removed by Filter: 459925
              ->  Hash  (cost=67604.59..67604.59 rows=27055 width=4) (actual time=999.537..999.537 rows=26775 loops=1)
                    Buckets: 32768  Batches: 1  Memory Usage: 1198kB
                    ->  Seq Scan on title t  (cost=0.00..67604.59 rows=27055 width=4) (actual time=0.029..988.032 rows=26775 loops=1)
                          Filter: (production_year = 1993)
                          Rows Removed by Filter: 2501537
Planning time: 1.236 ms
Execution time: 9687.516 ms
