Hash Join  (cost=881275.88..937617.88 rows=13970 width=0) (actual time=11397.809..12907.144 rows=438953 loops=1)
  Hash Cond: (mc.movie_id = t.id)
  ->  Seq Scan on movie_companies mc  (cost=0.00..51404.11 rows=1279517 width=4) (actual time=0.030..924.805 rows=1274246 loops=1)
        Filter: (company_type_id = 1)
        Rows Removed by Filter: 1334883
  ->  Hash  (cost=880930.79..880930.79 rows=27607 width=8) (actual time=11397.456..11397.456 rows=83007 loops=1)
        Buckets: 131072 (originally 32768)  Batches: 2 (originally 1)  Memory Usage: 3073kB
        ->  Hash Join  (cost=81025.55..880930.79 rows=27607 width=8) (actual time=9386.376..11365.009 rows=83007 loops=1)
              Hash Cond: (ci.movie_id = t.id)
              ->  Seq Scan on cast_info ci  (cost=0.00..796071.18 rows=161329 width=4) (actual time=7950.668..9611.266 rows=505475 loops=1)
                    Filter: ((person_id > 3965667) AND (role_id > 3))
                    Rows Removed by Filter: 35738869
              ->  Hash  (cost=73925.90..73925.90 rows=432692 width=4) (actual time=1434.599..1434.599 rows=368246 loops=1)
                    Buckets: 131072  Batches: 8  Memory Usage: 2639kB
                    ->  Seq Scan on title t  (cost=0.00..73925.90 rows=432692 width=4) (actual time=0.048..1318.191 rows=368246 loops=1)
                          Filter: ((kind_id < 7) AND (production_year > 2004))
                          Rows Removed by Filter: 2160066
Planning time: 1.505 ms
Execution time: 12961.788 ms
