Hash Join  (cost=83073.51..137740.04 rows=102 width=0) (actual time=1129.898..2211.443 rows=2797 loops=1)
  Hash Cond: (mc.movie_id = t.id)
  ->  Seq Scan on movie_companies mc  (cost=0.00..44881.29 rows=2609129 width=4) (actual time=0.011..623.983 rows=2609129 loops=1)
  ->  Hash  (cost=83072.29..83072.29 rows=98 width=8) (actual time=1126.146..1126.146 rows=137 loops=1)
        Buckets: 1024  Batches: 1  Memory Usage: 14kB
        ->  Nested Loop  (cost=0.43..83072.29 rows=98 width=8) (actual time=5.331..1125.973 rows=137 loops=1)
              ->  Seq Scan on movie_keyword mk  (cost=0.00..81003.12 rows=246 width=4) (actual time=1.501..1104.936 rows=386 loops=1)
                    Filter: (keyword_id = 14465)
                    Rows Removed by Filter: 4523544
              ->  Index Scan using title_pkey on title t  (cost=0.43..8.40 rows=1 width=4) (actual time=0.053..0.053 rows=0 loops=386)
                    Index Cond: (id = mk.movie_id)
                    Filter: (production_year > 2005)
                    Rows Removed by Filter: 1
Planning time: 1.015 ms
Execution time: 2212.020 ms
