Hash Join  (cost=583046.46..1473851.53 rows=3832823 width=0) (actual time=22989.721..29976.666 rows=5353788 loops=1)
  Hash Cond: (ci.movie_id = t.id)
  ->  Seq Scan on cast_info ci  (cost=0.00..796071.18 rows=3158665 width=4) (actual time=10525.273..15175.215 rows=1071102 loops=1)
        Filter: ((person_id < 2738037) AND (role_id = 10))
        Rows Removed by Filter: 35173242
  ->  Hash  (cost=532708.04..532708.04 rows=3068194 width=8) (actual time=12462.556..12462.556 rows=3036719 loops=1)
        Buckets: 131072  Batches: 64  Memory Usage: 2881kB
        ->  Hash Join  (cost=102767.86..532708.04 rows=3068194 width=8) (actual time=5820.595..11534.665 rows=3036719 loops=1)
              Hash Cond: (mi.movie_id = t.id)
              ->  Seq Scan on movie_info mi  (cost=0.00..346232.03 rows=3068194 width=4) (actual time=3639.727..6357.424 rows=3036719 loops=1)
                    Filter: (info_type_id = 16)
                    Rows Removed by Filter: 11799001
              ->  Hash  (cost=61283.27..61283.27 rows=2528527 width=4) (actual time=2179.041..2179.041 rows=2528312 loops=1)
                    Buckets: 131072  Batches: 64  Memory Usage: 2425kB
                    ->  Seq Scan on title t  (cost=0.00..61283.27 rows=2528527 width=4) (actual time=0.024..1306.007 rows=2528312 loops=1)
Planning time: 1.125 ms
Execution time: 30510.032 ms
