Hash Join  (cost=365418.15..1552808.12 rows=19402933 width=0) (actual time=15956.210..54258.622 rows=78775652 loops=1)
  Hash Cond: (ci.movie_id = t.id)
  ->  Seq Scan on cast_info ci  (cost=0.00..796071.18 rows=10844739 width=4) (actual time=7839.653..19241.500 rows=12670688 loops=1)
        Filter: ((person_id < 3113329) AND (role_id = 1))
        Rows Removed by Filter: 23573656
  ->  Hash  (cost=291197.02..291197.02 rows=4523930 width=8) (actual time=8114.743..8114.743 rows=4523930 loops=1)
        Buckets: 131072  Batches: 64  Memory Usage: 3816kB
        ->  Hash Join  (cost=102767.86..291197.02 rows=4523930 width=8) (actual time=1949.827..6938.108 rows=4523930 loops=1)
              Hash Cond: (mk.movie_id = t.id)
              ->  Seq Scan on movie_keyword mk  (cost=0.00..69693.30 rows=4523930 width=4) (actual time=0.033..1400.501 rows=4523930 loops=1)
              ->  Hash  (cost=61283.27..61283.27 rows=2528527 width=4) (actual time=1947.805..1947.805 rows=2528312 loops=1)
                    Buckets: 131072  Batches: 64  Memory Usage: 2425kB
                    ->  Seq Scan on title t  (cost=0.00..61283.27 rows=2528527 width=4) (actual time=0.021..1088.693 rows=2528312 loops=1)
Planning time: 1.132 ms
Execution time: 62964.520 ms
