Hash Join  (cost=75666.39..1100667.29 rows=1116788 width=0) (actual time=1177.612..26789.513 rows=1175482 loops=1)
  Hash Cond: (ci.movie_id = t.id)
  ->  Seq Scan on cast_info ci  (cost=0.00..705507.15 rows=26630098 width=4) (actual time=0.031..15383.859 rows=26681608 loops=1)
        Filter: (person_id < 2750136)
        Rows Removed by Filter: 9562736
  ->  Hash  (cost=73925.90..73925.90 rows=106039 width=4) (actual time=1176.605..1176.605 rows=113673 loops=1)
        Buckets: 131072  Batches: 2  Memory Usage: 3022kB
        ->  Seq Scan on title t  (cost=0.00..73925.90 rows=106039 width=4) (actual time=0.020..1135.448 rows=113673 loops=1)
              Filter: ((kind_id > 3) AND (production_year = 2011))
              Rows Removed by Filter: 2414639
Planning time: 2.535 ms
Execution time: 26934.426 ms
