Nested Loop  (cost=0.43..797555.70 rows=176 width=0) (actual time=7989.691..12809.894 rows=1 loops=1)
  ->  Seq Scan on cast_info ci  (cost=0.00..796071.18 rows=176 width=4) (actual time=7989.562..12809.760 rows=1 loops=1)
        Filter: ((role_id < 2) AND (person_id = 1614011))
        Rows Removed by Filter: 36244343
  ->  Index Only Scan using title_pkey on title t  (cost=0.43..8.42 rows=1 width=4) (actual time=0.072..0.073 rows=1 loops=1)
        Index Cond: (id = ci.movie_id)
        Heap Fetches: 1
Planning time: 2.728 ms
Execution time: 12809.981 ms
