Seq Scan on cast_info ci  (cost=0.00..796071.18 rows=11217276 width=0) (actual time=0.017..16035.286 rows=9122020 loops=1)
  Filter: ((person_id < 3506141) AND (role_id > 3))
  Rows Removed by Filter: 27122324
Planning time: 0.241 ms
Execution time: 17177.219 ms
