Hash Join  (cost=90757.62..127044.53 rows=184251 width=0) (actual time=1605.531..2459.832 rows=122508 loops=1)
  Hash Cond: (mi_idx.movie_id = t.id)
  ->  Seq Scan on movie_info_idx mi_idx  (cost=0.00..25185.44 rows=454124 width=4) (actual time=0.024..493.064 rows=459925 loops=1)
        Filter: (info_type_id = 100)
        Rows Removed by Filter: 920110
  ->  Hash  (cost=73925.90..73925.90 rows=1025897 width=4) (actual time=1604.153..1604.153 rows=957256 loops=1)
        Buckets: 131072  Batches: 16  Memory Usage: 3131kB
        ->  Seq Scan on title t  (cost=0.00..73925.90 rows=1025897 width=4) (actual time=0.021..1309.714 rows=957256 loops=1)
              Filter: ((kind_id > 3) AND (production_year < 2007))
              Rows Removed by Filter: 1571056
Planning time: 0.728 ms
Execution time: 2470.884 ms
