Seq Scan on movie_companies mc  (cost=0.00..51404.11 rows=2446411 width=0) (actual time=0.024..1007.367 rows=2447942 loops=1)
  Filter: (company_id < 127300)
  Rows Removed by Filter: 161187
Planning time: 0.315 ms
Execution time: 1303.525 ms
