Hash Join  (cost=74330.09..169030.52 rows=45170 width=0) (actual time=2253.387..3549.138 rows=34786 loops=1)
  Hash Cond: (mk.movie_id = t.id)
  ->  Seq Scan on movie_keyword mk  (cost=0.00..81003.12 rows=3532161 width=4) (actual time=0.035..2019.565 rows=3521859 loops=1)
        Filter: (keyword_id < 18494)
        Rows Removed by Filter: 1002071
  ->  Hash  (cost=73925.90..73925.90 rows=32335 width=4) (actual time=947.494..947.494 rows=29827 loops=1)
        Buckets: 32768  Batches: 1  Memory Usage: 1305kB
        ->  Seq Scan on title t  (cost=0.00..73925.90 rows=32335 width=4) (actual time=203.036..936.630 rows=29827 loops=1)
              Filter: ((production_year > 2006) AND (kind_id = 2))
              Rows Removed by Filter: 2498485
Planning time: 0.757 ms
Execution time: 3553.359 ms
