Seq Scan on movie_keyword mk  (cost=0.00..81003.12 rows=2889373 width=0) (actual time=0.027..1348.293 rows=2879346 loops=1)
  Filter: (keyword_id < 8962)
  Rows Removed by Filter: 1644584
Planning time: 0.334 ms
Execution time: 1673.688 ms
