Hash Join  (cost=88656.92..175315.69 rows=73 width=0) (actual time=1162.749..2785.771 rows=552 loops=1)
  Hash Cond: (mk.movie_id = t.id)
  ->  Seq Scan on movie_keyword mk  (cost=0.00..69693.30 rows=4523930 width=4) (actual time=0.016..956.143 rows=4523930 loops=1)
  ->  Hash  (cost=88656.41..88656.41 rows=41 width=8) (actual time=1093.254..1093.254 rows=4 loops=1)
        Buckets: 1024  Batches: 1  Memory Usage: 9kB
        ->  Nested Loop  (cost=0.43..88656.41 rows=41 width=8) (actual time=459.994..1093.234 rows=4 loops=1)
              ->  Seq Scan on movie_companies mc  (cost=0.00..57926.93 rows=4094 width=4) (actual time=222.266..990.653 rows=4350 loops=1)
                    Filter: ((company_type_id < 2) AND (company_id = 225))
                    Rows Removed by Filter: 2604779
              ->  Index Scan using title_pkey on title t  (cost=0.43..7.50 rows=1 width=4) (actual time=0.023..0.023 rows=0 loops=4350)
                    Index Cond: (id = mc.movie_id)
                    Filter: ((kind_id < 2) AND (production_year = 2005))
                    Rows Removed by Filter: 1
Planning time: 3.757 ms
Execution time: 2785.990 ms
