Hash Join  (cost=438863.84..1469170.65 rows=146323 width=0) (actual time=8785.745..29949.685 rows=1477429 loops=1)
  Hash Cond: (ci.movie_id = t.id)
  ->  Seq Scan on cast_info ci  (cost=0.00..705507.15 rows=32333638 width=4) (actual time=0.023..12673.604 rows=32478545 loops=1)
        Filter: (person_id > 361454)
        Rows Removed by Filter: 3765799
  ->  Hash  (cost=438720.80..438720.80 rows=11443 width=8) (actual time=8781.798..8781.798 rows=48815 loops=1)
        Buckets: 65536 (originally 16384)  Batches: 1 (originally 1)  Memory Usage: 2419kB
        ->  Hash Join  (cost=73950.44..438720.80 rows=11443 width=8) (actual time=1101.991..8759.051 rows=48815 loops=1)
              Hash Cond: (mi.movie_id = t.id)
              ->  Seq Scan on movie_info mi  (cost=0.00..309384.22 rows=14739122 width=4) (actual time=0.012..4655.916 rows=14835720 loops=1)
              ->  Hash  (cost=73925.90..73925.90 rows=1963 width=4) (actual time=1101.465..1101.465 rows=4281 loops=1)
                    Buckets: 8192 (originally 2048)  Batches: 1 (originally 1)  Memory Usage: 215kB
                    ->  Seq Scan on title t  (cost=0.00..73925.90 rows=1963 width=4) (actual time=45.800..1099.309 rows=4281 loops=1)
                          Filter: ((kind_id = 1) AND (production_year = 1978))
                          Rows Removed by Filter: 2524031
Planning time: 1.234 ms
Execution time: 30121.437 ms
