Hash Join  (cost=104131.46..194771.45 rows=38260 width=0) (actual time=1976.851..4281.544 rows=36643 loops=1)
  Hash Cond: (mk.movie_id = t.id)
  ->  Seq Scan on movie_keyword mk  (cost=0.00..81003.12 rows=43452 width=4) (actual time=0.180..1212.244 rows=38892 loops=1)
        Filter: (keyword_id < 47)
        Rows Removed by Filter: 4485038
  ->  Hash  (cost=67604.59..67604.59 rows=2226390 width=4) (actual time=1975.455..1975.455 rows=2224569 loops=1)
        Buckets: 131072  Batches: 32  Memory Usage: 3472kB
        ->  Seq Scan on title t  (cost=0.00..67604.59 rows=2226390 width=4) (actual time=0.012..1260.167 rows=2224569 loops=1)
              Filter: (production_year < 2012)
              Rows Removed by Filter: 303743
Planning time: 0.712 ms
Execution time: 4286.536 ms
