Hash Join  (cost=75464.55..831851.24 rows=156913 width=0) (actual time=1195.968..14667.030 rows=234524 loops=1)
  Hash Cond: (ci.movie_id = t.id)
  ->  Seq Scan on cast_info ci  (cost=0.00..705507.15 rows=4232908 width=4) (actual time=0.025..11856.515 rows=4285230 loops=1)
        Filter: (person_id > 3276163)
        Rows Removed by Filter: 31959114
  ->  Hash  (cost=73925.90..73925.90 rows=93732 width=4) (actual time=1195.127..1195.127 rows=100592 loops=1)
        Buckets: 131072  Batches: 2  Memory Usage: 2791kB
        ->  Seq Scan on title t  (cost=0.00..73925.90 rows=93732 width=4) (actual time=0.021..1157.474 rows=100592 loops=1)
              Filter: ((kind_id > 1) AND (production_year = 2009))
              Rows Removed by Filter: 2427720
Planning time: 0.822 ms
Execution time: 14695.906 ms
