Hash Join  (cost=74467.58..939371.28 rows=300826 width=0) (actual time=1132.590..23470.331 rows=291899 loops=1)
  Hash Cond: (ci.movie_id = t.id)
  ->  Seq Scan on cast_info ci  (cost=0.00..796071.18 rows=17553136 width=4) (actual time=0.022..17282.387 rows=20122661 loops=1)
        Filter: ((person_id < 3239214) AND (role_id < 3))
        Rows Removed by Filter: 16121683
  ->  Hash  (cost=73925.90..73925.90 rows=43334 width=4) (actual time=1131.588..1131.588 rows=35836 loops=1)
        Buckets: 65536  Batches: 1  Memory Usage: 1772kB
        ->  Seq Scan on title t  (cost=0.00..73925.90 rows=43334 width=4) (actual time=0.085..1116.891 rows=35836 loops=1)
              Filter: ((kind_id < 4) AND (production_year = 2009))
              Rows Removed by Filter: 2492476
Planning time: 0.771 ms
Execution time: 23519.807 ms
