Hash Join  (cost=108812.38..164085.02 rows=60711 width=0) (actual time=2181.054..3578.778 rows=181796 loops=1)
  Hash Cond: (mc.movie_id = t.id)
  ->  Seq Scan on movie_companies mc  (cost=0.00..44881.29 rows=2609129 width=4) (actual time=0.024..703.822 rows=2609129 loops=1)
  ->  Hash  (cost=108076.93..108076.93 rows=58836 width=8) (actual time=2180.650..2180.650 rows=61574 loops=1)
        Buckets: 65536  Batches: 1  Memory Usage: 2918kB
        ->  Hash Join  (cost=69374.09..108076.93 rows=58836 width=8) (actual time=1203.432..2160.525 rows=61574 loops=1)
              Hash Cond: (mi_idx.movie_id = t.id)
              ->  Seq Scan on movie_info_idx mi_idx  (cost=0.00..21735.35 rows=1380035 width=4) (actual time=0.018..478.042 rows=1380035 loops=1)
              ->  Hash  (cost=67604.59..67604.59 rows=107800 width=4) (actual time=1202.521..1202.521 rows=108429 loops=1)
                    Buckets: 131072  Batches: 2  Memory Usage: 2931kB
                    ->  Seq Scan on title t  (cost=0.00..67604.59 rows=107800 width=4) (actual time=0.021..1159.159 rows=108429 loops=1)
                          Filter: (production_year = 2006)
                          Rows Removed by Filter: 2419883
Planning time: 1.095 ms
Execution time: 3601.878 ms
