Hash Join  (cost=74148.97..827494.74 rows=255661 width=0) (actual time=1143.908..18707.612 rows=210571 loops=1)
  Hash Cond: (ci.movie_id = t.id)
  ->  Seq Scan on cast_info ci  (cost=0.00..614943.12 rows=36225612 width=4) (actual time=0.023..9150.330 rows=36244344 loops=1)
  ->  Hash  (cost=73925.90..73925.90 rows=17845 width=4) (actual time=1143.624..1143.624 rows=10782 loops=1)
        Buckets: 32768  Batches: 1  Memory Usage: 636kB
        ->  Seq Scan on title t  (cost=0.00..73925.90 rows=17845 width=4) (actual time=11.976..1138.767 rows=10782 loops=1)
              Filter: ((kind_id = 1) AND (production_year = 2003))
              Rows Removed by Filter: 2517530
Planning time: 0.765 ms
Execution time: 18746.228 ms
