Hash Join  (cost=305967.45..1505287.69 rows=17201968 width=0) (actual time=8142.551..39198.888 rows=39641087 loops=1)
  Hash Cond: (ci.movie_id = t.id)
  ->  Seq Scan on cast_info ci  (cost=0.00..796071.18 rows=15671902 width=4) (actual time=0.023..16030.876 rows=11448305 loops=1)
        Filter: ((person_id < 2473939) AND (role_id > 1))
        Rows Removed by Filter: 24796039
  ->  Hash  (cost=260433.07..260433.07 rows=2775390 width=8) (actual time=8141.045..8141.045 rows=2766259 loops=1)
        Buckets: 131072  Batches: 64  Memory Usage: 2735kB
        ->  Hash Join  (cost=102767.86..260433.07 rows=2775390 width=8) (actual time=2421.086..7226.665 rows=2766259 loops=1)
              Hash Cond: (mk.movie_id = t.id)
              ->  Seq Scan on movie_keyword mk  (cost=0.00..81003.12 rows=2775390 width=4) (actual time=0.017..1610.748 rows=2766259 loops=1)
                    Filter: (keyword_id > 2860)
                    Rows Removed by Filter: 1757671
              ->  Hash  (cost=61283.27..61283.27 rows=2528527 width=4) (actual time=2419.195..2419.195 rows=2528312 loops=1)
                    Buckets: 131072  Batches: 64  Memory Usage: 2425kB
                    ->  Seq Scan on title t  (cost=0.00..61283.27 rows=2528527 width=4) (actual time=0.016..1134.934 rows=2528312 loops=1)
Planning time: 1.198 ms
Execution time: 43129.496 ms
