Hash Join  (cost=122789.99..640546.62 rows=977253 width=0) (actual time=2784.484..17408.400 rows=5444282 loops=1)
  Hash Cond: (mi.movie_id = t.id)
  ->  Seq Scan on movie_info mi  (cost=0.00..346232.03 rows=13929354 width=4) (actual time=0.014..7186.983 rows=14033580 loops=1)
        Filter: (info_type_id > 1)
        Rows Removed by Filter: 802140
  ->  Hash  (cost=119879.54..119879.54 rows=177396 width=8) (actual time=2783.557..2783.557 rows=318019 loops=1)
        Buckets: 131072 (originally 131072)  Batches: 8 (originally 4)  Memory Usage: 3073kB
        ->  Hash Join  (cost=83810.17..119879.54 rows=177396 width=8) (actual time=1555.131..2670.449 rows=318019 loops=1)
              Hash Cond: (mi_idx.movie_id = t.id)
              ->  Seq Scan on movie_info_idx mi_idx  (cost=0.00..25185.44 rows=454124 width=4) (actual time=0.017..553.656 rows=459925 loops=1)
                    Filter: (info_type_id = 100)
                    Rows Removed by Filter: 920110
              ->  Hash  (cost=67604.59..67604.59 rows=987727 width=4) (actual time=1554.206..1554.206 rows=985048 loops=1)
                    Buckets: 131072  Batches: 16  Memory Usage: 3188kB
                    ->  Seq Scan on title t  (cost=0.00..67604.59 rows=987727 width=4) (actual time=0.021..1246.688 rows=985048 loops=1)
                          Filter: (kind_id < 7)
                          Rows Removed by Filter: 1543264
Planning time: 2.192 ms
Execution time: 17993.308 ms
