Hash Join  (cost=132338.09..263604.99 rows=760386 width=0) (actual time=3123.969..7693.672 rows=4736691 loops=1)
  Hash Cond: (mk.movie_id = t.id)
  ->  Seq Scan on movie_keyword mk  (cost=0.00..69693.30 rows=4523930 width=4) (actual time=0.014..1578.512 rows=4523930 loops=1)
  ->  Hash  (cost=125364.63..125364.63 rows=424997 width=8) (actual time=3116.623..3116.623 rows=524504 loops=1)
        Buckets: 131072  Batches: 8  Memory Usage: 3601kB
        ->  Hash Join  (cost=80380.17..125364.63 rows=424997 width=8) (actual time=1596.570..2956.271 rows=524504 loops=1)
              Hash Cond: (mi_idx.movie_id = t.id)
              ->  Seq Scan on movie_info_idx mi_idx  (cost=0.00..21735.35 rows=1380035 width=4) (actual time=0.018..444.936 rows=1380035 loops=1)
              ->  Hash  (cost=67604.59..67604.59 rows=778687 width=4) (actual time=1595.457..1595.457 rows=782677 loops=1)
                    Buckets: 131072  Batches: 16  Memory Usage: 2744kB
                    ->  Seq Scan on title t  (cost=0.00..67604.59 rows=778687 width=4) (actual time=0.031..1337.912 rows=782677 loops=1)
                          Filter: (production_year < 1994)
                          Rows Removed by Filter: 1745635
Planning time: 3.175 ms
Execution time: 8235.383 ms
