Seq Scan on movie_keyword mk  (cost=0.00..81003.12 rows=701592 width=0) (actual time=0.010..1453.308 rows=703798 loops=1)
  Filter: (keyword_id < 586)
  Rows Removed by Filter: 3820132
Planning time: 0.222 ms
Execution time: 1542.200 ms
