Seq Scan on movie_companies mc  (cost=0.00..51404.11 rows=104 width=0) (actual time=176.352..751.836 rows=130 loops=1)
  Filter: (company_id = 87752)
  Rows Removed by Filter: 2608999
Planning time: 0.998 ms
Execution time: 751.926 ms
