Hash Join  (cost=798789.99..853456.31 rows=79 width=0) (actual time=14310.921..15480.044 rows=685 loops=1)
  Hash Cond: (mc.movie_id = t.id)
  ->  Seq Scan on movie_companies mc  (cost=0.00..44881.29 rows=2609129 width=4) (actual time=0.023..720.667 rows=2609129 loops=1)
  ->  Hash  (cost=798789.03..798789.03 rows=77 width=8) (actual time=14289.117..14289.117 rows=55 loops=1)
        Buckets: 1024  Batches: 1  Memory Usage: 11kB
        ->  Nested Loop  (cost=0.43..798789.03 rows=77 width=8) (actual time=6273.938..14289.040 rows=55 loops=1)
              ->  Seq Scan on cast_info ci  (cost=0.00..796071.18 rows=324 width=4) (actual time=1275.906..14267.867 rows=1781 loops=1)
                    Filter: ((role_id > 1) AND (person_id = 2725919))
                    Rows Removed by Filter: 36242563
              ->  Index Scan using title_pkey on title t  (cost=0.43..8.38 rows=1 width=4) (actual time=0.012..0.012 rows=0 loops=1781)
                    Index Cond: (id = ci.movie_id)
                    Filter: ((kind_id < 7) AND (production_year > 1997))
                    Rows Removed by Filter: 1
Planning time: 1.172 ms
Execution time: 15480.354 ms
