Hash Join  (cost=101955.95..160980.08 rows=1142761 width=0) (actual time=2087.781..3781.299 rows=1161074 loops=1)
  Hash Cond: (mi_idx.movie_id = t.id)
  ->  Seq Scan on movie_info_idx mi_idx  (cost=0.00..21735.35 rows=1380035 width=4) (actual time=0.038..459.726 rows=1380035 loops=1)
  ->  Hash  (cost=67604.59..67604.59 rows=2093789 width=4) (actual time=2086.652..2086.652 rows=2089788 loops=1)
        Buckets: 131072  Batches: 32  Memory Usage: 3324kB
        ->  Seq Scan on title t  (cost=0.00..67604.59 rows=2093789 width=4) (actual time=0.018..1418.236 rows=2089788 loops=1)
              Filter: (production_year > 1969)
              Rows Removed by Filter: 438524
Planning time: 0.695 ms
Execution time: 3905.802 ms
