Hash Join  (cost=912233.92..1036129.80 rows=155385 width=0) (actual time=14823.849..18390.790 rows=955151 loops=1)
  Hash Cond: (mk.movie_id = t.id)
  ->  Seq Scan on movie_keyword mk  (cost=0.00..69693.30 rows=4523930 width=4) (actual time=0.022..1529.040 rows=4523930 loops=1)
  ->  Hash  (cost=910808.32..910808.32 rows=86848 width=8) (actual time=14822.673..14822.673 rows=226363 loops=1)
        Buckets: 131072 (originally 131072)  Batches: 4 (originally 2)  Memory Usage: 3240kB
        ->  Hash Join  (cost=102767.86..910808.32 rows=86848 width=8) (actual time=7654.946..14750.407 rows=226363 loops=1)
              Hash Cond: (ci.movie_id = t.id)
              ->  Seq Scan on cast_info ci  (cost=0.00..796071.18 rows=86848 width=4) (actual time=5653.891..12196.253 rows=226363 loops=1)
                    Filter: ((person_id > 2796698) AND (role_id > 10))
                    Rows Removed by Filter: 36017981
              ->  Hash  (cost=61283.27..61283.27 rows=2528527 width=4) (actual time=2000.065..2000.065 rows=2528312 loops=1)
                    Buckets: 131072  Batches: 64  Memory Usage: 2415kB
                    ->  Seq Scan on title t  (cost=0.00..61283.27 rows=2528527 width=4) (actual time=0.059..1161.281 rows=2528312 loops=1)
Planning time: 1.161 ms
Execution time: 18510.370 ms
