Hash Join  (cost=190230.21..1002999.62 rows=3266661 width=0) (actual time=5184.112..21400.387 rows=6878270 loops=1)
  Hash Cond: (ci.movie_id = t.id)
  ->  Seq Scan on cast_info ci  (cost=0.00..705507.15 rows=5985239 width=4) (actual time=470.972..11827.439 rows=5890725 loops=1)
        Filter: (person_id < 570437)
        Rows Removed by Filter: 30353619
  ->  Hash  (cost=167588.78..167588.78 rows=1380035 width=8) (actual time=4711.827..4711.827 rows=1380035 loops=1)
        Buckets: 131072  Batches: 32  Memory Usage: 2708kB
        ->  Hash Join  (cost=102767.86..167588.78 rows=1380035 width=8) (actual time=2317.413..4306.752 rows=1380035 loops=1)
              Hash Cond: (mi_idx.movie_id = t.id)
              ->  Seq Scan on movie_info_idx mi_idx  (cost=0.00..21735.35 rows=1380035 width=4) (actual time=0.019..474.105 rows=1380035 loops=1)
              ->  Hash  (cost=61283.27..61283.27 rows=2528527 width=4) (actual time=2315.867..2315.867 rows=2528312 loops=1)
                    Buckets: 131072  Batches: 64  Memory Usage: 2415kB
                    ->  Seq Scan on title t  (cost=0.00..61283.27 rows=2528527 width=4) (actual time=0.022..1226.295 rows=2528312 loops=1)
Planning time: 1.126 ms
Execution time: 22162.244 ms
