Seq Scan on cast_info ci  (cost=0.00..705507.15 rows=27784341 width=0) (actual time=0.022..12693.848 rows=27915240 loops=1)
  Filter: (person_id > 815601)
  Rows Removed by Filter: 8329104
Planning time: 0.357 ms
Execution time: 16086.859 ms
