Hash Join  (cost=176504.88..677092.70 rows=734019 width=0) (actual time=3428.939..16467.720 rows=4116045 loops=1)
  Hash Cond: (mi.movie_id = t.id)
  ->  Seq Scan on movie_info mi  (cost=0.00..346232.03 rows=12665229 width=4) (actual time=0.014..6928.579 rows=12744652 loops=1)
        Filter: (info_type_id > 2)
        Rows Removed by Filter: 2091068
  ->  Hash  (cost=174100.10..174100.10 rows=146542 width=8) (actual time=3428.004..3428.004 rows=224384 loops=1)
        Buckets: 131072 (originally 131072)  Batches: 4 (originally 2)  Memory Usage: 3224kB
        ->  Hash Join  (cost=102767.86..174100.10 rows=146542 width=8) (actual time=1981.838..3346.284 rows=224384 loops=1)
              Hash Cond: (mc.movie_id = t.id)
              ->  Seq Scan on movie_companies mc  (cost=0.00..57926.93 rows=146542 width=4) (actual time=116.493..880.157 rows=224384 loops=1)
                    Filter: ((company_id < 160) AND (company_type_id < 2))
                    Rows Removed by Filter: 2384745
              ->  Hash  (cost=61283.27..61283.27 rows=2528527 width=4) (actual time=1864.004..1864.004 rows=2528312 loops=1)
                    Buckets: 131072  Batches: 64  Memory Usage: 2415kB
                    ->  Seq Scan on title t  (cost=0.00..61283.27 rows=2528527 width=4) (actual time=0.014..1014.845 rows=2528312 loops=1)
Planning time: 1.174 ms
Execution time: 16903.237 ms
