Hash Join  (cost=204922.82..1363642.69 rows=12160071 width=0) (actual time=4728.104..49853.768 rows=44373399 loops=1)
  Hash Cond: (ci.movie_id = t.id)
  ->  Seq Scan on cast_info ci  (cost=0.00..614943.12 rows=36225612 width=4) (actual time=0.014..13094.198 rows=36244344 loops=1)
  ->  Hash  (cost=190997.24..190997.24 rows=848766 width=8) (actual time=4726.962..4726.962 rows=1161933 loops=1)
        Buckets: 131072  Batches: 16  Memory Usage: 3834kB
        ->  Hash Join  (cost=102767.86..190997.24 rows=848766 width=8) (actual time=1893.602..4381.738 rows=1161933 loops=1)
              Hash Cond: (mc.movie_id = t.id)
              ->  Seq Scan on movie_companies mc  (cost=0.00..57926.93 rows=848766 width=4) (actual time=39.715..1168.980 rows=1161933 loops=1)
                    Filter: ((company_id < 22483) AND (company_type_id = 1))
                    Rows Removed by Filter: 1447196
              ->  Hash  (cost=61283.27..61283.27 rows=2528527 width=4) (actual time=1852.517..1852.517 rows=2528312 loops=1)
                    Buckets: 131072  Batches: 64  Memory Usage: 2415kB
                    ->  Seq Scan on title t  (cost=0.00..61283.27 rows=2528527 width=4) (actual time=0.015..1002.483 rows=2528312 loops=1)
Planning time: 0.986 ms
Execution time: 54867.724 ms
