Hash Join  (cost=118204.69..487620.90 rows=145279 width=0) (actual time=4341.424..8774.257 rows=631072 loops=1)
  Hash Cond: (mi.movie_id = t.id)
  ->  Seq Scan on movie_info mi  (cost=0.00..346232.03 rows=1810770 width=4) (actual time=1870.955..5446.465 rows=1865632 loops=1)
        Filter: (info_type_id > 17)
        Rows Removed by Filter: 12970088
  ->  Hash  (cost=114875.88..114875.88 rows=202865 width=8) (actual time=2469.605..2469.605 rows=218781 loops=1)
        Buckets: 131072  Batches: 4  Memory Usage: 3173kB
        ->  Hash Join  (cost=73702.75..114875.88 rows=202865 width=8) (actual time=1273.365..2402.623 rows=218781 loops=1)
              Hash Cond: (mi_idx.movie_id = t.id)
              ->  Seq Scan on movie_info_idx mi_idx  (cost=0.00..21735.35 rows=1380035 width=4) (actual time=0.024..441.454 rows=1380035 loops=1)
              ->  Hash  (cost=67604.59..67604.59 rows=371693 width=4) (actual time=1272.461..1272.461 rows=366430 loops=1)
                    Buckets: 131072  Batches: 8  Memory Usage: 2627kB
                    ->  Seq Scan on title t  (cost=0.00..67604.59 rows=371693 width=4) (actual time=0.021..1154.542 rows=366430 loops=1)
                          Filter: (production_year < 1970)
                          Rows Removed by Filter: 2161882
Planning time: 1.136 ms
Execution time: 8834.329 ms
