Hash Join  (cost=76113.69..153060.16 rows=137594 width=0) (actual time=1264.165..3327.348 rows=489672 loops=1)
  Hash Cond: (mc.movie_id = t.id)
  ->  Seq Scan on movie_companies mc  (cost=0.00..44881.29 rows=2609129 width=4) (actual time=0.013..858.605 rows=2609129 loops=1)
  ->  Hash  (cost=73925.90..73925.90 rows=133343 width=4) (actual time=1263.513..1263.513 rows=233692 loops=1)
        Buckets: 131072 (originally 131072)  Batches: 4 (originally 2)  Memory Usage: 3079kB
        ->  Seq Scan on title t  (cost=0.00..73925.90 rows=133343 width=4) (actual time=0.034..1174.215 rows=233692 loops=1)
              Filter: ((kind_id < 7) AND (production_year < 1968))
              Rows Removed by Filter: 2294620
Planning time: 0.546 ms
Execution time: 3380.037 ms
