Hash Join  (cost=146924.46..281022.55 rows=992806 width=0) (actual time=4500.698..6596.497 rows=733245 loops=1)
  Hash Cond: (mk.movie_id = t.id)
  ->  Seq Scan on movie_keyword mk  (cost=0.00..69693.30 rows=4523930 width=4) (actual time=0.025..1487.252 rows=4523930 loops=1)
  ->  Hash  (cost=137820.18..137820.18 rows=554902 width=8) (actual time=3132.126..3132.126 rows=309714 loops=1)
        Buckets: 131072  Batches: 8  Memory Usage: 2543kB
        ->  Hash Join  (cost=90606.68..137820.18 rows=554902 width=8) (actual time=1623.318..3027.444 rows=309714 loops=1)
              Hash Cond: (mi_idx.movie_id = t.id)
              ->  Seq Scan on movie_info_idx mi_idx  (cost=0.00..21735.35 rows=1380035 width=4) (actual time=0.014..517.932 rows=1380035 loops=1)
              ->  Hash  (cost=73925.90..73925.90 rows=1016702 width=4) (actual time=1622.459..1622.459 rows=960113 loops=1)
                    Buckets: 131072  Batches: 16  Memory Usage: 3135kB
                    ->  Seq Scan on title t  (cost=0.00..73925.90 rows=1016702 width=4) (actual time=280.580..1319.039 rows=960113 loops=1)
                          Filter: ((production_year < 2008) AND (kind_id = 7))
                          Rows Removed by Filter: 1568199
Planning time: 1.154 ms
Execution time: 6680.424 ms
