Hash Join  (cost=206434.51..347752.48 rows=1585393 width=0) (actual time=4167.754..11579.997 rows=18162261 loops=1)
  Hash Cond: (mk.movie_id = t.id)
  ->  Seq Scan on movie_keyword mk  (cost=0.00..69693.30 rows=4523930 width=4) (actual time=0.018..1401.863 rows=4523930 loops=1)
  ->  Hash  (cost=191896.11..191896.11 rows=886112 width=8) (actual time=4167.037..4167.037 rows=709657 loops=1)
        Buckets: 131072  Batches: 16  Memory Usage: 2803kB
        ->  Hash Join  (cost=102767.86..191896.11 rows=886112 width=8) (actual time=2368.566..3961.858 rows=709657 loops=1)
              Hash Cond: (mc.movie_id = t.id)
              ->  Seq Scan on movie_companies mc  (cost=0.00..57926.93 rows=886112 width=4) (actual time=498.707..1115.176 rows=709657 loops=1)
                    Filter: ((company_id > 1722) AND (company_type_id = 1))
                    Rows Removed by Filter: 1899472
              ->  Hash  (cost=61283.27..61283.27 rows=2528527 width=4) (actual time=1868.507..1868.507 rows=2528312 loops=1)
                    Buckets: 131072  Batches: 64  Memory Usage: 2415kB
                    ->  Seq Scan on title t  (cost=0.00..61283.27 rows=2528527 width=4) (actual time=0.031..1017.913 rows=2528312 loops=1)
Planning time: 1.110 ms
Execution time: 13658.965 ms
