Seq Scan on title t  (cost=0.00..73925.90 rows=1064910 width=0) (actual time=0.028..1342.639 rows=1003269 loops=1)
  Filter: ((kind_id > 1) AND (production_year < 2006))
  Rows Removed by Filter: 1525043
Planning time: 0.351 ms
Execution time: 1469.184 ms
