Seq Scan on cast_info ci  (cost=0.00..705507.15 rows=500 width=0) (actual time=2868.145..10713.183 rows=331 loops=1)
  Filter: (person_id = 2735740)
  Rows Removed by Filter: 36244013
Planning time: 0.446 ms
Execution time: 10713.319 ms
