Hash Join  (cost=915155.24..1041740.98 rows=231945 width=0) (actual time=14752.619..17892.076 rows=581489 loops=1)
  Hash Cond: (mk.movie_id = t.id)
  ->  Seq Scan on movie_keyword mk  (cost=0.00..81003.12 rows=3687779 width=4) (actual time=0.016..1737.731 rows=3685986 loops=1)
        Filter: (keyword_id > 797)
        Rows Removed by Filter: 837944
  ->  Hash  (cost=912545.32..912545.32 rows=159033 width=8) (actual time=14751.767..14751.767 rows=64574 loops=1)
        Buckets: 131072  Batches: 4  Memory Usage: 1660kB
        ->  Hash Join  (cost=102767.86..912545.32 rows=159033 width=8) (actual time=1890.951..14728.010 rows=64574 loops=1)
              Hash Cond: (ci.movie_id = t.id)
              ->  Seq Scan on cast_info ci  (cost=0.00..796071.18 rows=159033 width=4) (actual time=26.529..12450.103 rows=64574 loops=1)
                    Filter: ((person_id < 1614935) AND (role_id > 10))
                    Rows Removed by Filter: 36179770
              ->  Hash  (cost=61283.27..61283.27 rows=2528527 width=4) (actual time=1862.634..1862.634 rows=2528312 loops=1)
                    Buckets: 131072  Batches: 64  Memory Usage: 2415kB
                    ->  Seq Scan on title t  (cost=0.00..61283.27 rows=2528527 width=4) (actual time=0.019..1038.647 rows=2528312 loops=1)
Planning time: 2.834 ms
Execution time: 17956.256 ms
