Hash Join  (cost=94699.36..181430.02 rows=7262 width=0) (actual time=1811.295..3554.161 rows=2334 loops=1)
  Hash Cond: (mk.movie_id = t.id)
  ->  Seq Scan on movie_keyword mk  (cost=0.00..69693.30 rows=4523930 width=4) (actual time=0.019..1081.693 rows=4523930 loops=1)
  ->  Hash  (cost=94648.62..94648.62 rows=4059 width=8) (actual time=1670.606..1670.606 rows=840 loops=1)
        Buckets: 4096  Batches: 1  Memory Usage: 65kB
        ->  Hash Join  (cost=67697.55..94648.62 rows=4059 width=8) (actual time=1257.420..1670.124 rows=840 loops=1)
              Hash Cond: (mi_idx.movie_id = t.id)
              ->  Seq Scan on movie_info_idx mi_idx  (cost=0.00..21735.35 rows=1380035 width=4) (actual time=0.013..359.532 rows=1380035 loops=1)
              ->  Hash  (cost=67604.59..67604.59 rows=7437 width=4) (actual time=1015.944..1015.944 rows=7770 loops=1)
                    Buckets: 8192  Batches: 1  Memory Usage: 338kB
                    ->  Seq Scan on title t  (cost=0.00..67604.59 rows=7437 width=4) (actual time=130.817..1012.587 rows=7770 loops=1)
                          Filter: (production_year = 1912)
                          Rows Removed by Filter: 2520542
Planning time: 6.059 ms
Execution time: 3554.644 ms
