Seq Scan on cast_info ci  (cost=0.00..705507.15 rows=23353296 width=0) (actual time=0.021..10590.801 rows=23401127 loops=1)
  Filter: (person_id > 1267340)
  Rows Removed by Filter: 12843217
Planning time: 0.344 ms
Execution time: 13183.832 ms
