Seq Scan on movie_keyword mk  (cost=0.00..81003.12 rows=246 width=0) (actual time=269.031..1256.590 rows=3 loops=1)
  Filter: (keyword_id = 54909)
  Rows Removed by Filter: 4523927
Planning time: 0.436 ms
Execution time: 1256.682 ms
