Hash Join  (cost=164020.14..1202885.75 rows=1401596 width=0) (actual time=3405.637..33121.948 rows=5331057 loops=1)
  Hash Cond: (ci.movie_id = t.id)
  ->  Seq Scan on cast_info ci  (cost=0.00..796071.18 rows=19725459 width=4) (actual time=0.028..18123.212 rows=21987672 loops=1)
        Filter: ((person_id > 555527) AND (role_id > 1))
        Rows Removed by Filter: 14256672
  ->  Hash  (cost=161072.33..161072.33 rows=179665 width=8) (actual time=3404.605..3404.605 rows=176997 loops=1)
        Buckets: 131072  Batches: 4  Memory Usage: 2735kB
        ->  Hash Join  (cost=92280.96..161072.33 rows=179665 width=8) (actual time=1800.339..3345.211 rows=176997 loops=1)
              Hash Cond: (mc.movie_id = t.id)
              ->  Seq Scan on movie_companies mc  (cost=0.00..57926.93 rows=406077 width=4) (actual time=0.019..987.566 rows=582134 loops=1)
                    Filter: ((company_id < 1961) AND (company_type_id = 1))
                    Rows Removed by Filter: 2026995
              ->  Hash  (cost=73925.90..73925.90 rows=1118724 width=4) (actual time=1799.017..1799.017 rows=1213086 loops=1)
                    Buckets: 131072  Batches: 16  Memory Usage: 3701kB
                    ->  Seq Scan on title t  (cost=0.00..73925.90 rows=1118724 width=4) (actual time=0.011..1411.067 rows=1213086 loops=1)
                          Filter: ((production_year > 1986) AND (kind_id = 7))
                          Rows Removed by Filter: 1315226
Planning time: 1.221 ms
Execution time: 33783.318 ms
