Hash Join  (cost=96440.87..183167.67 rows=6876 width=0) (actual time=1779.373..3310.224 rows=3672 loops=1)
  Hash Cond: (mk.movie_id = t.id)
  ->  Seq Scan on movie_keyword mk  (cost=0.00..69693.30 rows=4523930 width=4) (actual time=0.026..928.005 rows=4523930 loops=1)
  ->  Hash  (cost=96392.83..96392.83 rows=3843 width=8) (actual time=1585.209..1585.209 rows=3092 loops=1)
        Buckets: 4096  Batches: 1  Memory Usage: 153kB
        ->  Hash Join  (cost=67737.34..96392.83 rows=3843 width=8) (actual time=965.507..1584.090 rows=3092 loops=1)
              Hash Cond: (mi_idx.movie_id = t.id)
              ->  Seq Scan on movie_info_idx mi_idx  (cost=0.00..25185.44 rows=915101 width=4) (actual time=0.024..463.439 rows=919850 loops=1)
                    Filter: (info_type_id < 101)
                    Rows Removed by Filter: 460185
              ->  Hash  (cost=67604.59..67604.59 rows=10620 width=4) (actual time=964.675..964.675 rows=9435 loops=1)
                    Buckets: 16384  Batches: 1  Memory Usage: 460kB
                    ->  Seq Scan on title t  (cost=0.00..67604.59 rows=10620 width=4) (actual time=151.398..960.475 rows=9435 loops=1)
                          Filter: (production_year < 1902)
                          Rows Removed by Filter: 2518877
Planning time: 1.192 ms
Execution time: 3310.949 ms
