Hash Join  (cost=58358.56..423015.24 rows=76 width=0) (actual time=2511.971..7837.892 rows=10 loops=1)
  Hash Cond: (mi.movie_id = t.id)
  ->  Seq Scan on movie_info mi  (cost=0.00..309384.22 rows=14739122 width=4) (actual time=0.016..4337.593 rows=14835720 loops=1)
  ->  Hash  (cost=58358.39..58358.39 rows=13 width=8) (actual time=812.653..812.653 rows=1 loops=1)
        Buckets: 1024  Batches: 1  Memory Usage: 9kB
        ->  Nested Loop  (cost=0.43..58358.39 rows=13 width=8) (actual time=509.597..812.647 rows=1 loops=1)
              ->  Seq Scan on movie_companies mc  (cost=0.00..57926.93 rows=51 width=4) (actual time=302.632..812.513 rows=2 loops=1)
                    Filter: ((company_type_id = 1) AND (company_id = 41021))
                    Rows Removed by Filter: 2609127
              ->  Index Scan using title_pkey on title t  (cost=0.43..8.45 rows=1 width=4) (actual time=0.057..0.058 rows=0 loops=2)
                    Index Cond: (id = mc.movie_id)
                    Filter: (kind_id = 1)
                    Rows Removed by Filter: 0
Planning time: 1.308 ms
Execution time: 7838.103 ms
