Seq Scan on cast_info ci  (cost=0.00..705507.15 rows=500 width=0) (actual time=3446.918..11430.079 rows=120 loops=1)
  Filter: (person_id = 3976411)
  Rows Removed by Filter: 36244224
Planning time: 0.429 ms
Execution time: 11430.186 ms
