Hash Join  (cost=156487.41..268962.31 rows=404091 width=0) (actual time=3568.342..6760.301 rows=1674043 loops=1)
  Hash Cond: (mk.movie_id = t.id)
  ->  Seq Scan on movie_keyword mk  (cost=0.00..81003.12 rows=2216496 width=4) (actual time=0.028..1772.772 rows=2214150 loops=1)
        Filter: (keyword_id < 4497)
        Rows Removed by Filter: 2309780
  ->  Hash  (cost=148924.19..148924.19 rows=460978 width=8) (actual time=3567.358..3567.358 rows=459925 loops=1)
        Buckets: 131072  Batches: 8  Memory Usage: 3284kB
        ->  Hash Join  (cost=102767.86..148924.19 rows=460978 width=8) (actual time=2038.499..3418.641 rows=459925 loops=1)
              Hash Cond: (mi_idx.movie_id = t.id)
              ->  Seq Scan on movie_info_idx mi_idx  (cost=0.00..25185.44 rows=460978 width=4) (actual time=0.018..527.905 rows=459925 loops=1)
                    Filter: (info_type_id < 100)
                    Rows Removed by Filter: 920110
              ->  Hash  (cost=61283.27..61283.27 rows=2528527 width=4) (actual time=2037.374..2037.374 rows=2528312 loops=1)
                    Buckets: 131072  Batches: 64  Memory Usage: 2415kB
                    ->  Seq Scan on title t  (cost=0.00..61283.27 rows=2528527 width=4) (actual time=0.022..1187.849 rows=2528312 loops=1)
Planning time: 1.150 ms
Execution time: 6953.328 ms
