Hash Join  (cost=122940.92..204718.24 rows=172133 width=0) (actual time=2716.947..5659.278 rows=1023489 loops=1)
  Hash Cond: (mc.movie_id = t.id)
  ->  Seq Scan on movie_companies mc  (cost=0.00..51404.11 rows=2417033 width=4) (actual time=0.028..1203.314 rows=2417919 loops=1)
        Filter: (company_id > 49)
        Rows Removed by Filter: 191210
  ->  Hash  (cost=119986.01..119986.01 rows=180073 width=8) (actual time=2716.026..2716.026 rows=318019 loops=1)
        Buckets: 131072 (originally 131072)  Batches: 8 (originally 4)  Memory Usage: 3073kB
        ->  Hash Join  (cost=83810.17..119986.01 rows=180073 width=8) (actual time=1570.400..2602.866 rows=318019 loops=1)
              Hash Cond: (mi_idx.movie_id = t.id)
              ->  Seq Scan on movie_info_idx mi_idx  (cost=0.00..25185.44 rows=460978 width=4) (actual time=0.027..492.944 rows=459925 loops=1)
                    Filter: (info_type_id = 99)
                    Rows Removed by Filter: 920110
              ->  Hash  (cost=67604.59..67604.59 rows=987727 width=4) (actual time=1569.388..1569.388 rows=985048 loops=1)
                    Buckets: 131072  Batches: 16  Memory Usage: 3188kB
                    ->  Seq Scan on title t  (cost=0.00..67604.59 rows=987727 width=4) (actual time=0.020..1278.877 rows=985048 loops=1)
                          Filter: (kind_id < 7)
                          Rows Removed by Filter: 1543264
Planning time: 1.207 ms
Execution time: 5781.234 ms
