Hash Join  (cost=88381.15..936017.41 rows=1114395 width=0) (actual time=1681.460..15628.165 rows=602430 loops=1)
  Hash Cond: (ci.movie_id = t.id)
  ->  Seq Scan on cast_info ci  (cost=0.00..796071.18 rows=3198167 width=4) (actual time=0.200..12676.117 rows=1985519 loops=1)
        Filter: ((person_id < 685653) AND (role_id > 2))
        Rows Removed by Filter: 34258825
  ->  Hash  (cost=73925.90..73925.90 rows=881060 width=4) (actual time=1679.762..1679.762 rows=795183 loops=1)
        Buckets: 131072  Batches: 16  Memory Usage: 2773kB
        ->  Seq Scan on title t  (cost=0.00..73925.90 rows=881060 width=4) (actual time=0.010..1429.240 rows=795183 loops=1)
              Filter: ((kind_id > 1) AND (production_year < 2003))
              Rows Removed by Filter: 1733129
Planning time: 3.201 ms
Execution time: 15699.427 ms
