Hash Join  (cost=74709.85..135593.99 rows=58813 width=0) (actual time=1366.909..3083.134 rows=43031 loops=1)
  Hash Cond: (mc.movie_id = t.id)
  ->  Seq Scan on movie_companies mc  (cost=0.00..51404.11 rows=2371171 width=4) (actual time=0.024..1105.525 rows=2368908 loops=1)
        Filter: (company_id < 103045)
        Rows Removed by Filter: 240221
  ->  Hash  (cost=73925.90..73925.90 rows=62716 width=4) (actual time=1366.496..1366.496 rows=71543 loops=1)
        Buckets: 131072 (originally 65536)  Batches: 1 (originally 1)  Memory Usage: 3540kB
        ->  Seq Scan on title t  (cost=0.00..73925.90 rows=62716 width=4) (actual time=0.023..1335.944 rows=71543 loops=1)
              Filter: ((kind_id > 1) AND (production_year = 2004))
              Rows Removed by Filter: 2456769
Planning time: 2.167 ms
Execution time: 3089.775 ms
