Hash Join  (cost=93417.65..249512.87 rows=2035647 width=0) (actual time=1726.681..5639.451 rows=527154 loops=1)
  Hash Cond: (mk.movie_id = t.id)
  ->  Seq Scan on movie_keyword mk  (cost=0.00..81003.12 rows=4332432 width=4) (actual time=0.025..1792.475 rows=4329313 loops=1)
        Filter: (keyword_id < 69860)
        Rows Removed by Filter: 194617
  ->  Hash  (cost=73925.90..73925.90 rows=1188060 width=4) (actual time=1725.390..1725.390 rows=1276679 loops=1)
        Buckets: 131072  Batches: 16  Memory Usage: 3846kB
        ->  Seq Scan on title t  (cost=0.00..73925.90 rows=1188060 width=4) (actual time=0.023..1328.265 rows=1276679 loops=1)
              Filter: ((kind_id > 6) AND (production_year > 1979))
              Rows Removed by Filter: 1251633
Planning time: 0.707 ms
Execution time: 5704.186 ms
