Hash Join  (cost=156632.57..1045171.32 rows=1242949 width=0) (actual time=7835.498..24132.438 rows=2355544 loops=1)
  Hash Cond: (ci.movie_id = t.id)
  ->  Seq Scan on cast_info ci  (cost=0.00..796071.18 rows=6765088 width=4) (actual time=4059.366..15846.705 rows=7451973 loops=1)
        Filter: ((person_id < 3545616) AND (role_id = 2))
        Rows Removed by Filter: 28792371
  ->  Hash  (cost=149010.49..149010.49 rows=464566 width=8) (actual time=3775.056..3775.056 rows=459925 loops=1)
        Buckets: 131072  Batches: 8  Memory Usage: 3275kB
        ->  Hash Join  (cost=102767.86..149010.49 rows=464566 width=8) (actual time=2026.435..3621.196 rows=459925 loops=1)
              Hash Cond: (mi_idx.movie_id = t.id)
              ->  Seq Scan on movie_info_idx mi_idx  (cost=0.00..25185.44 rows=464566 width=4) (actual time=0.041..446.777 rows=459925 loops=1)
                    Filter: (info_type_id = 101)
                    Rows Removed by Filter: 920110
              ->  Hash  (cost=61283.27..61283.27 rows=2528527 width=4) (actual time=2025.118..2025.118 rows=2528312 loops=1)
                    Buckets: 131072  Batches: 64  Memory Usage: 2415kB
                    ->  Seq Scan on title t  (cost=0.00..61283.27 rows=2528527 width=4) (actual time=0.023..1173.574 rows=2528312 loops=1)
Planning time: 1.210 ms
Execution time: 24425.522 ms
