Hash Join  (cost=191385.74..233894.18 rows=280695 width=0) (actual time=3914.764..4993.834 rows=378827 loops=1)
  Hash Cond: (mi_idx.movie_id = t.id)
  ->  Seq Scan on movie_info_idx mi_idx  (cost=0.00..21735.35 rows=1380035 width=4) (actual time=0.024..505.705 rows=1380035 loops=1)
  ->  Hash  (cost=182948.07..182948.07 rows=514294 width=8) (actual time=3798.629..3798.629 rows=220988 loops=1)
        Buckets: 131072  Batches: 8  Memory Usage: 2113kB
        ->  Hash Join  (cost=102767.86..182948.07 rows=514294 width=8) (actual time=2324.091..3728.170 rows=220988 loops=1)
              Hash Cond: (mc.movie_id = t.id)
              ->  Seq Scan on movie_companies mc  (cost=0.00..57926.93 rows=514294 width=4) (actual time=240.945..1021.703 rows=220988 loops=1)
                    Filter: ((company_id > 14766) AND (company_type_id = 1))
                    Rows Removed by Filter: 2388141
              ->  Hash  (cost=61283.27..61283.27 rows=2528527 width=4) (actual time=2081.027..2081.027 rows=2528312 loops=1)
                    Buckets: 131072  Batches: 64  Memory Usage: 2415kB
                    ->  Seq Scan on title t  (cost=0.00..61283.27 rows=2528527 width=4) (actual time=0.025..1209.506 rows=2528312 loops=1)
Planning time: 1.147 ms
Execution time: 5034.871 ms
