Hash Join  (cost=102767.86..214554.28 rows=2098850 width=0) (actual time=2671.386..5617.981 rows=2099829 loops=1)
  Hash Cond: (mc.movie_id = t.id)
  ->  Seq Scan on movie_companies mc  (cost=0.00..51404.11 rows=2098850 width=4) (actual time=0.016..1013.161 rows=2099829 loops=1)
        Filter: (company_id > 465)
        Rows Removed by Filter: 509300
  ->  Hash  (cost=61283.27..61283.27 rows=2528527 width=4) (actual time=2669.138..2669.138 rows=2528312 loops=1)
        Buckets: 131072  Batches: 64  Memory Usage: 2415kB
        ->  Seq Scan on title t  (cost=0.00..61283.27 rows=2528527 width=4) (actual time=0.021..986.399 rows=2528312 loops=1)
Planning time: 0.764 ms
Execution time: 5838.576 ms
