Seq Scan on title t  (cost=0.00..73925.90 rows=1963 width=0) (actual time=0.069..1033.168 rows=4382 loops=1)
  Filter: ((kind_id = 1) AND (production_year = 1979))
  Rows Removed by Filter: 2523930
Planning time: 0.327 ms
Execution time: 1034.168 ms
