Seq Scan on movie_keyword mk  (cost=0.00..81003.12 rows=4452656 width=0) (actual time=0.024..1602.753 rows=4453297 loops=1)
  Filter: (keyword_id < 90979)
  Rows Removed by Filter: 70633
Planning time: 0.312 ms
Execution time: 2168.397 ms
