Hash Join  (cost=219253.83..1444434.53 rows=15011959 width=0) (actual time=4558.353..45174.696 rows=21155749 loops=1)
  Hash Cond: (ci.movie_id = t.id)
  ->  Seq Scan on cast_info ci  (cost=0.00..705507.15 rows=31554923 width=4) (actual time=0.021..17053.925 rows=31605208 loops=1)
        Filter: (role_id < 10)
        Rows Removed by Filter: 4639136
  ->  Hash  (cost=199518.29..199518.29 rows=1202923 width=8) (actual time=4557.487..4557.487 rows=1083186 loops=1)
        Buckets: 131072  Batches: 16  Memory Usage: 3655kB
        ->  Hash Join  (cost=102767.86..199518.29 rows=1202923 width=8) (actual time=2034.880..4258.313 rows=1083186 loops=1)
              Hash Cond: (mc.movie_id = t.id)
              ->  Seq Scan on movie_companies mc  (cost=0.00..57926.93 rows=1202923 width=4) (actual time=143.869..1158.561 rows=1083186 loops=1)
                    Filter: ((company_id < 100896) AND (company_type_id > 1))
                    Rows Removed by Filter: 1525943
              ->  Hash  (cost=61283.27..61283.27 rows=2528527 width=4) (actual time=1889.703..1889.703 rows=2528312 loops=1)
                    Buckets: 131072  Batches: 64  Memory Usage: 2415kB
                    ->  Seq Scan on title t  (cost=0.00..61283.27 rows=2528527 width=4) (actual time=0.024..1041.668 rows=2528312 loops=1)
Planning time: 1.145 ms
Execution time: 47573.869 ms
