Seq Scan on movie_keyword mk  (cost=0.00..81003.12 rows=246 width=0) (actual time=1.354..1266.546 rows=1251 loops=1)
  Filter: (keyword_id = 3040)
  Rows Removed by Filter: 4522679
Planning time: 0.380 ms
Execution time: 1267.063 ms
