Hash Join  (cost=697533.99..1726294.02 rows=17021535 width=0) (actual time=17444.607..40935.335 rows=22615131 loops=1)
  Hash Cond: (ci.movie_id = t.id)
  ->  Seq Scan on cast_info ci  (cost=0.00..705507.15 rows=7298253 width=4) (actual time=1874.209..13699.448 rows=7451973 loops=1)
        Filter: (role_id = 2)
        Rows Removed by Filter: 28792371
  ->  Hash  (cost=600781.72..600781.72 rows=5897221 width=8) (actual time=15568.737..15568.737 rows=5884963 loops=1)
        Buckets: 131072  Batches: 128  Memory Usage: 2812kB
        ->  Hash Join  (cost=102767.86..600781.72 rows=5897221 width=8) (actual time=2273.606..13647.585 rows=5884963 loops=1)
              Hash Cond: (mi.movie_id = t.id)
              ->  Seq Scan on movie_info mi  (cost=0.00..346232.03 rows=5897221 width=4) (actual time=212.947..6186.243 rows=5884963 loops=1)
                    Filter: (info_type_id < 7)
                    Rows Removed by Filter: 8950757
              ->  Hash  (cost=61283.27..61283.27 rows=2528527 width=4) (actual time=2059.795..2059.795 rows=2528312 loops=1)
                    Buckets: 131072  Batches: 64  Memory Usage: 2425kB
                    ->  Seq Scan on title t  (cost=0.00..61283.27 rows=2528527 width=4) (actual time=0.038..1185.239 rows=2528312 loops=1)
Planning time: 1.183 ms
Execution time: 43355.829 ms
