Hash Join  (cost=83074.74..447745.01 rows=1434 width=0) (actual time=1304.325..7464.519 rows=14794 loops=1)
  Hash Cond: (mi.movie_id = t.id)
  ->  Seq Scan on movie_info mi  (cost=0.00..309384.22 rows=14739122 width=4) (actual time=0.021..3689.417 rows=14835720 loops=1)
  ->  Hash  (cost=83071.67..83071.67 rows=246 width=8) (actual time=1298.832..1298.832 rows=176 loops=1)
        Buckets: 1024  Batches: 1  Memory Usage: 15kB
        ->  Nested Loop  (cost=0.43..83071.67 rows=246 width=8) (actual time=45.194..1298.612 rows=176 loops=1)
              ->  Seq Scan on movie_keyword mk  (cost=0.00..81003.12 rows=246 width=4) (actual time=45.107..1284.571 rows=176 loops=1)
                    Filter: (keyword_id = 11587)
                    Rows Removed by Filter: 4523754
              ->  Index Only Scan using title_pkey on title t  (cost=0.43..8.40 rows=1 width=4) (actual time=0.076..0.076 rows=1 loops=176)
                    Index Cond: (id = mk.movie_id)
                    Heap Fetches: 176
Planning time: 1.124 ms
Execution time: 7467.023 ms
