Hash Join  (cost=77838.49..205038.72 rows=426619 width=0) (actual time=1851.296..4998.186 rows=590835 loops=1)
  Hash Cond: (mk.movie_id = t.id)
  ->  Seq Scan on movie_keyword mk  (cost=0.00..69693.30 rows=4523930 width=4) (actual time=0.018..1369.794 rows=4523930 loops=1)
  ->  Hash  (cost=73925.90..73925.90 rows=238447 width=4) (actual time=1850.251..1850.251 rows=200165 loops=1)
        Buckets: 131072  Batches: 4  Memory Usage: 2790kB
        ->  Seq Scan on title t  (cost=0.00..73925.90 rows=238447 width=4) (actual time=0.025..1090.421 rows=200165 loops=1)
              Filter: ((kind_id < 2) AND (production_year > 2006))
              Rows Removed by Filter: 2328147
Planning time: 0.760 ms
Execution time: 5065.759 ms
