Hash Join  (cost=102767.86..1087950.59 rows=7448588 width=0) (actual time=2042.244..19831.399 rows=5263207 loops=1)
  Hash Cond: (ci.movie_id = t.id)
  ->  Seq Scan on cast_info ci  (cost=0.00..796071.18 rows=7448588 width=4) (actual time=0.023..13096.373 rows=5263207 loops=1)
        Filter: ((person_id > 2832712) AND (role_id < 10))
        Rows Removed by Filter: 30981137
  ->  Hash  (cost=61283.27..61283.27 rows=2528527 width=4) (actual time=2041.201..2041.201 rows=2528312 loops=1)
        Buckets: 131072  Batches: 64  Memory Usage: 2415kB
        ->  Seq Scan on title t  (cost=0.00..61283.27 rows=2528527 width=4) (actual time=0.011..1196.001 rows=2528312 loops=1)
Planning time: 0.738 ms
Execution time: 20439.266 ms
