Seq Scan on cast_info ci  (cost=0.00..796071.18 rows=10040957 width=0) (actual time=0.013..13166.173 rows=7448359 loops=1)
  Filter: ((person_id > 2399269) AND (role_id < 8))
  Rows Removed by Filter: 28795985
Planning time: 0.339 ms
Execution time: 14093.522 ms
