Seq Scan on movie_keyword mk  (cost=0.00..81003.12 rows=246 width=0) (actual time=2.283..1309.926 rows=2711 loops=1)
  Filter: (keyword_id = 2523)
  Rows Removed by Filter: 4521219
Planning time: 0.724 ms
Execution time: 1310.745 ms
