Hash Join  (cost=125658.37..251030.50 rows=276609 width=0) (actual time=3436.254..5489.893 rows=216665 loops=1)
  Hash Cond: (mk.movie_id = t.id)
  ->  Seq Scan on movie_keyword mk  (cost=0.00..69693.30 rows=4523930 width=4) (actual time=0.013..1444.538 rows=4523930 loops=1)
  ->  Hash  (cost=123121.83..123121.83 rows=154603 width=8) (actual time=2449.947..2449.947 rows=75681 loops=1)
        Buckets: 131072  Batches: 4  Memory Usage: 1761kB
        ->  Hash Join  (cost=87731.24..123121.83 rows=154603 width=8) (actual time=1668.051..2426.916 rows=75681 loops=1)
              Hash Cond: (mi_idx.movie_id = t.id)
              ->  Seq Scan on movie_info_idx mi_idx  (cost=0.00..25185.44 rows=464566 width=4) (actual time=0.017..519.941 rows=459925 loops=1)
                    Filter: (info_type_id = 101)
                    Rows Removed by Filter: 920110
              ->  Hash  (cost=73925.90..73925.90 rows=841467 width=4) (actual time=1532.813..1532.813 rows=921643 loops=1)
                    Buckets: 131072  Batches: 16  Memory Usage: 3057kB
                    ->  Seq Scan on title t  (cost=0.00..73925.90 rows=841467 width=4) (actual time=0.031..1247.057 rows=921643 loops=1)
                          Filter: ((production_year > 2000) AND (kind_id = 7))
                          Rows Removed by Filter: 1606669
Planning time: 1.138 ms
Execution time: 5513.017 ms
