Seq Scan on movie_keyword mk  (cost=0.00..81003.12 rows=2862090 width=0) (actual time=0.019..1122.849 rows=2852422 loops=1)
  Filter: (keyword_id < 8716)
  Rows Removed by Filter: 1671508
Planning time: 0.215 ms
Execution time: 1416.315 ms
