Hash Join  (cost=162590.22..668512.28 rows=2447513 width=0) (actual time=3611.714..21340.043 rows=18649536 loops=1)
  Hash Cond: (mi.movie_id = t.id)
  ->  Seq Scan on movie_info mi  (cost=0.00..309384.22 rows=14739122 width=4) (actual time=0.013..6171.178 rows=14835720 loops=1)
  ->  Hash  (cost=155700.77..155700.77 rows=419876 width=8) (actual time=3609.857..3609.857 rows=890050 loops=1)
        Buckets: 131072 (originally 131072)  Batches: 16 (originally 8)  Memory Usage: 3230kB
        ->  Hash Join  (cost=83810.17..155700.77 rows=419876 width=8) (actual time=1411.997..3314.832 rows=890050 loops=1)
              Hash Cond: (mc.movie_id = t.id)
              ->  Seq Scan on movie_companies mc  (cost=0.00..51404.11 rows=1074860 width=4) (actual time=0.016..841.353 rows=1087958 loops=1)
                    Filter: (company_id > 14263)
                    Rows Removed by Filter: 1521171
              ->  Hash  (cost=67604.59..67604.59 rows=987727 width=4) (actual time=1410.979..1410.979 rows=985048 loops=1)
                    Buckets: 131072  Batches: 16  Memory Usage: 3188kB
                    ->  Seq Scan on title t  (cost=0.00..67604.59 rows=987727 width=4) (actual time=0.031..1107.742 rows=985048 loops=1)
                          Filter: (kind_id < 7)
                          Rows Removed by Filter: 1543264
Planning time: 1.131 ms
Execution time: 23304.157 ms
