Hash Join  (cost=172037.75..290877.27 rows=506688 width=0) (actual time=5442.897..6465.719 rows=259262 loops=1)
  Hash Cond: (mk.movie_id = t.id)
  ->  Seq Scan on movie_keyword mk  (cost=0.00..81003.12 rows=2671873 width=4) (actual time=0.029..1666.490 rows=2666434 loops=1)
        Filter: (keyword_id < 7441)
        Rows Removed by Filter: 1857496
  ->  Hash  (cost=164169.95..164169.95 rows=479504 width=8) (actual time=3636.684..3636.684 rows=210662 loops=1)
        Buckets: 131072  Batches: 8  Memory Usage: 2055kB
        ->  Hash Join  (cost=89472.60..164169.95 rows=479504 width=8) (actual time=2326.239..3568.958 rows=210662 loops=1)
              Hash Cond: (mc.movie_id = t.id)
              ->  Seq Scan on movie_companies mc  (cost=0.00..51404.11 rows=1279517 width=4) (actual time=0.019..1041.715 rows=1274246 loops=1)
                    Filter: (company_type_id < 2)
                    Rows Removed by Filter: 1334883
              ->  Hash  (cost=73925.90..73925.90 rows=947576 width=4) (actual time=1694.439..1694.439 rows=876037 loops=1)
                    Buckets: 131072  Batches: 16  Memory Usage: 2949kB
                    ->  Seq Scan on title t  (cost=0.00..73925.90 rows=947576 width=4) (actual time=0.019..1415.977 rows=876037 loops=1)
                          Filter: ((production_year < 2007) AND (kind_id = 7))
                          Rows Removed by Filter: 1652275
Planning time: 1.415 ms
Execution time: 6496.923 ms
