Hash Join  (cost=58375.85..85286.62 rows=29 width=0) (actual time=865.150..1426.985 rows=96 loops=1)
  Hash Cond: (mi_idx.movie_id = t.id)
  ->  Seq Scan on movie_info_idx mi_idx  (cost=0.00..21735.35 rows=1380035 width=4) (actual time=0.020..334.970 rows=1380035 loops=1)
  ->  Hash  (cost=58375.18..58375.18 rows=53 width=8) (actual time=836.651..836.651 rows=37 loops=1)
        Buckets: 1024  Batches: 1  Memory Usage: 10kB
        ->  Nested Loop  (cost=0.43..58375.18 rows=53 width=8) (actual time=102.531..836.599 rows=37 loops=1)
              ->  Seq Scan on movie_companies mc  (cost=0.00..57926.93 rows=53 width=4) (actual time=102.453..835.021 rows=37 loops=1)
                    Filter: ((company_id = 20901) AND (company_type_id = 2))
                    Rows Removed by Filter: 2609092
              ->  Index Only Scan using title_pkey on title t  (cost=0.43..8.45 rows=1 width=4) (actual time=0.038..0.039 rows=1 loops=37)
                    Index Cond: (id = mc.movie_id)
                    Heap Fetches: 37
Planning time: 1.216 ms
Execution time: 1427.109 ms
