Hash Join  (cost=249382.35..1392802.31 rows=10394393 width=0) (actual time=6301.355..55565.486 rows=95964517 loops=1)
  Hash Cond: (ci.movie_id = t.id)
  ->  Seq Scan on cast_info ci  (cost=0.00..796071.18 rows=18565770 width=4) (actual time=0.011..17866.386 rows=21481098 loops=1)
        Filter: ((person_id > 728266) AND (role_id > 1))
        Rows Removed by Filter: 14763246
  ->  Hash  (cost=226156.81..226156.81 rows=1415643 width=8) (actual time=6300.552..6300.552 rows=2842356 loops=1)
        Buckets: 131072 (originally 131072)  Batches: 64 (originally 32)  Memory Usage: 3073kB
        ->  Hash Join  (cost=86907.34..226156.81 rows=1415643 width=8) (actual time=1416.224..5509.068 rows=2842356 loops=1)
              Hash Cond: (mk.movie_id = t.id)
              ->  Seq Scan on movie_keyword mk  (cost=0.00..69693.30 rows=4523930 width=4) (actual time=0.009..1358.098 rows=4523930 loops=1)
              ->  Hash  (cost=73925.90..73925.90 rows=791235 width=4) (actual time=1414.696..1414.696 rows=701949 loops=1)
                    Buckets: 131072  Batches: 16  Memory Usage: 2575kB
                    ->  Seq Scan on title t  (cost=0.00..73925.90 rows=791235 width=4) (actual time=0.010..1181.770 rows=701949 loops=1)
                          Filter: ((kind_id < 7) AND (production_year > 1974))
                          Rows Removed by Filter: 1826363
Planning time: 0.774 ms
Execution time: 65337.828 ms
