Hash Join  (cost=102767.86..1630776.99 rows=33771322 width=0) (actual time=2003.314..47731.422 rows=33737512 loops=1)
  Hash Cond: (ci.movie_id = t.id)
  ->  Seq Scan on cast_info ci  (cost=0.00..705507.15 rows=33771322 width=4) (actual time=0.028..16981.594 rows=33737512 loops=1)
        Filter: (person_id < 3574026)
        Rows Removed by Filter: 2506832
  ->  Hash  (cost=61283.27..61283.27 rows=2528527 width=4) (actual time=2001.946..2001.946 rows=2528312 loops=1)
        Buckets: 131072  Batches: 64  Memory Usage: 2415kB
        ->  Seq Scan on title t  (cost=0.00..61283.27 rows=2528527 width=4) (actual time=0.019..1159.319 rows=2528312 loops=1)
Planning time: 3.385 ms
Execution time: 51465.550 ms
