Hash Join  (cost=193127.86..237188.57 rows=371122 width=0) (actual time=4119.605..5404.824 rows=890679 loops=1)
  Hash Cond: (mi_idx.movie_id = t.id)
  ->  Seq Scan on movie_info_idx mi_idx  (cost=0.00..21735.35 rows=1380035 width=4) (actual time=0.018..425.374 rows=1380035 loops=1)
  ->  Hash  (cost=181971.15..181971.15 rows=679977 width=8) (actual time=4118.615..4118.615 rows=597143 loops=1)
        Buckets: 131072  Batches: 16  Memory Usage: 2463kB
        ->  Hash Join  (cost=98137.04..181971.15 rows=679977 width=8) (actual time=2185.239..3952.609 rows=597143 loops=1)
              Hash Cond: (mc.movie_id = t.id)
              ->  Seq Scan on movie_companies mc  (cost=0.00..57926.93 rows=923882 width=4) (actual time=425.246..1123.605 rows=1230694 loops=1)
                    Filter: ((company_id < 40690) AND (company_type_id = 1))
                    Rows Removed by Filter: 1378435
              ->  Hash  (cost=67604.59..67604.59 rows=1860996 width=4) (actual time=1759.186..1759.186 rows=1865487 loops=1)
                    Buckets: 131072  Batches: 32  Memory Usage: 3079kB
                    ->  Seq Scan on title t  (cost=0.00..67604.59 rows=1860996 width=4) (actual time=0.034..1170.290 rows=1865487 loops=1)
                          Filter: (kind_id > 1)
                          Rows Removed by Filter: 662825
Planning time: 1.175 ms
Execution time: 5495.460 ms
