Hash Join  (cost=158914.48..652129.86 rows=1256645 width=0) (actual time=3228.330..16918.493 rows=6852392 loops=1)
  Hash Cond: (mi.movie_id = t.id)
  ->  Seq Scan on movie_info mi  (cost=0.00..309384.22 rows=14739122 width=4) (actual time=0.009..6247.946 rows=14835720 loops=1)
  ->  Hash  (cost=155376.73..155376.73 rows=215580 width=8) (actual time=3227.566..3227.566 rows=263784 loops=1)
        Buckets: 131072  Batches: 4  Memory Usage: 3587kB
        ->  Hash Join  (cost=77354.40..155376.73 rows=215580 width=8) (actual time=1260.565..3153.987 rows=263784 loops=1)
              Hash Cond: (mc.movie_id = t.id)
              ->  Seq Scan on movie_companies mc  (cost=0.00..44881.29 rows=2609129 width=4) (actual time=0.043..798.900 rows=2609129 loops=1)
              ->  Hash  (cost=73925.90..73925.90 rows=208920 width=4) (actual time=1259.823..1259.823 rows=183835 loops=1)
                    Buckets: 131072  Batches: 4  Memory Usage: 2649kB
                    ->  Seq Scan on title t  (cost=0.00..73925.90 rows=208920 width=4) (actual time=0.022..1198.156 rows=183835 loops=1)
                          Filter: ((kind_id < 7) AND (production_year > 2009))
                          Rows Removed by Filter: 2344477
Planning time: 1.014 ms
Execution time: 17638.066 ms
