Seq Scan on movie_companies mc  (cost=0.00..57926.93 rows=53 width=0) (actual time=628.300..725.731 rows=1 loops=1)
  Filter: ((company_id = 12117) AND (company_type_id = 2))
  Rows Removed by Filter: 2609128
Planning time: 0.437 ms
Execution time: 725.805 ms
