Hash Join  (cost=102767.86..292809.14 rows=4120871 width=0) (actual time=1847.491..7225.318 rows=4125972 loops=1)
  Hash Cond: (mk.movie_id = t.id)
  ->  Seq Scan on movie_keyword mk  (cost=0.00..81003.12 rows=4120871 width=4) (actual time=0.043..1876.901 rows=4125972 loops=1)
        Filter: (keyword_id < 43524)
        Rows Removed by Filter: 397958
  ->  Hash  (cost=61283.27..61283.27 rows=2528527 width=4) (actual time=1841.261..1841.261 rows=2528312 loops=1)
        Buckets: 131072  Batches: 64  Memory Usage: 2425kB
        ->  Seq Scan on title t  (cost=0.00..61283.27 rows=2528527 width=4) (actual time=0.035..1012.051 rows=2528312 loops=1)
Planning time: 0.752 ms
Execution time: 7750.312 ms
