Seq Scan on cast_info ci  (cost=0.00..705507.15 rows=26357182 width=42) (actual time=0.023..14815.954 rows=26575758 loops=1)
  Filter: (person_id > 950467)
  Rows Removed by Filter: 9668586
Planning time: 0.442 ms
Execution time: 16346.792 ms
