Seq Scan on movie_companies mc  (cost=0.00..57926.93 rows=603780 width=0) (actual time=251.616..957.200 rows=819878 loops=1)
  Filter: ((company_id < 11138) AND (company_type_id < 2))
  Rows Removed by Filter: 1789251
Planning time: 0.246 ms
Execution time: 1055.436 ms
