Seq Scan on movie_keyword mk  (cost=0.00..81003.12 rows=1479776 width=0) (actual time=0.013..1494.594 rows=1491028 loops=1)
  Filter: (keyword_id > 10904)
  Rows Removed by Filter: 3032902
Planning time: 0.234 ms
Execution time: 1676.280 ms
