Seq Scan on cast_info ci  (cost=0.00..796071.18 rows=853088 width=0) (actual time=7617.117..11552.979 rows=1694045 loops=1)
  Filter: ((person_id < 230526) AND (role_id = 1))
  Rows Removed by Filter: 34550299
Planning time: 0.340 ms
Execution time: 11760.395 ms
