Nested Loop  (cost=0.43..709671.90 rows=500 width=0) (actual time=939.440..10505.953 rows=6 loops=1)
  ->  Seq Scan on cast_info ci  (cost=0.00..705507.15 rows=500 width=4) (actual time=939.355..10503.041 rows=6 loops=1)
        Filter: (person_id = 2002736)
        Rows Removed by Filter: 36244338
  ->  Index Only Scan using title_pkey on title t  (cost=0.43..8.32 rows=1 width=4) (actual time=0.475..0.476 rows=1 loops=6)
        Index Cond: (id = ci.movie_id)
        Heap Fetches: 6
Planning time: 0.793 ms
Execution time: 10506.030 ms
