Hash Join  (cost=212382.95..294017.52 rows=477605 width=0) (actual time=4182.641..6969.152 rows=2809964 loops=1)
  Hash Cond: (mc.movie_id = t.id)
  ->  Seq Scan on movie_companies mc  (cost=0.00..44881.29 rows=2609129 width=4) (actual time=0.008..960.071 rows=2609129 loops=1)
  ->  Hash  (cost=204788.31..204788.31 rows=462851 width=8) (actual time=4181.821..4181.821 rows=472545 loops=1)
        Buckets: 131072  Batches: 8  Memory Usage: 3361kB
        ->  Hash Join  (cost=102767.86..204788.31 rows=462851 width=8) (actual time=1947.796..4046.169 rows=472545 loops=1)
              Hash Cond: (mk.movie_id = t.id)
              ->  Seq Scan on movie_keyword mk  (cost=0.00..81003.12 rows=462851 width=4) (actual time=0.025..1300.893 rows=472545 loops=1)
                    Filter: (keyword_id < 359)
                    Rows Removed by Filter: 4051385
              ->  Hash  (cost=61283.27..61283.27 rows=2528527 width=4) (actual time=1946.867..1946.867 rows=2528312 loops=1)
                    Buckets: 131072  Batches: 64  Memory Usage: 2425kB
                    ->  Seq Scan on title t  (cost=0.00..61283.27 rows=2528527 width=4) (actual time=0.019..1086.322 rows=2528312 loops=1)
Planning time: 0.765 ms
Execution time: 7252.234 ms
