Hash Join  (cost=186840.85..279736.73 rows=1294535 width=0) (actual time=4494.738..7682.614 rows=3741667 loops=1)
  Hash Cond: (mc.movie_id = t.id)
  ->  Seq Scan on movie_companies mc  (cost=0.00..44881.29 rows=2609129 width=4) (actual time=0.021..909.228 rows=2609129 loops=1)
  ->  Hash  (cost=166258.05..166258.05 rows=1254544 width=8) (actual time=4493.524..4493.524 rows=1293197 loops=1)
        Buckets: 131072  Batches: 32  Memory Usage: 2606kB
        ->  Hash Join  (cost=105316.09..166258.05 rows=1254544 width=8) (actual time=2127.178..4093.880 rows=1293197 loops=1)
              Hash Cond: (mi_idx.movie_id = t.id)
              ->  Seq Scan on movie_info_idx mi_idx  (cost=0.00..21735.35 rows=1380035 width=4) (actual time=0.020..479.745 rows=1380035 loops=1)
              ->  Hash  (cost=67604.59..67604.59 rows=2298600 width=4) (actual time=2126.145..2126.145 rows=2287271 loops=1)
                    Buckets: 131072  Batches: 32  Memory Usage: 3541kB
                    ->  Seq Scan on title t  (cost=0.00..67604.59 rows=2298600 width=4) (actual time=0.028..1399.538 rows=2287271 loops=1)
                          Filter: (production_year > 1950)
                          Rows Removed by Filter: 241041
Planning time: 2.596 ms
Execution time: 8075.158 ms
