Seq Scan on movie_keyword mk  (cost=0.00..81003.12 rows=1783124 width=0) (actual time=0.027..1451.716 rows=1792468 loops=1)
  Filter: (keyword_id < 2895)
  Rows Removed by Filter: 2731462
Planning time: 0.400 ms
Execution time: 1677.688 ms
