Hash Join  (cost=104011.03..858536.28 rows=129537 width=0) (actual time=2272.429..19860.416 rows=801774 loops=1)
  Hash Cond: (ci.movie_id = t.id)
  ->  Seq Scan on cast_info ci  (cost=0.00..705507.15 rows=12726058 width=4) (actual time=0.015..13979.428 rows=12670688 loops=1)
        Filter: (role_id = 1)
        Rows Removed by Filter: 23573656
  ->  Hash  (cost=103689.30..103689.30 rows=25738 width=8) (actual time=2272.160..2272.160 rows=61914 loops=1)
        Buckets: 65536 (originally 32768)  Batches: 1 (originally 1)  Memory Usage: 2931kB
        ->  Hash Join  (cost=74814.85..103689.30 rows=25738 width=8) (actual time=1354.288..2249.732 rows=61914 loops=1)
              Hash Cond: (mi_idx.movie_id = t.id)
              ->  Seq Scan on movie_info_idx mi_idx  (cost=0.00..25185.44 rows=915101 width=4) (actual time=0.017..505.349 rows=919850 loops=1)
                    Filter: (info_type_id < 101)
                    Rows Removed by Filter: 460185
              ->  Hash  (cost=73925.90..73925.90 rows=71116 width=4) (actual time=1353.059..1353.059 rows=170723 loops=1)
                    Buckets: 131072 (originally 131072)  Batches: 2 (originally 1)  Memory Usage: 4028kB
                    ->  Seq Scan on title t  (cost=0.00..73925.90 rows=71116 width=4) (actual time=0.010..1286.378 rows=170723 loops=1)
                          Filter: ((kind_id < 7) AND (production_year < 1953))
                          Rows Removed by Filter: 2357589
Planning time: 1.100 ms
Execution time: 19962.947 ms
