Seq Scan on movie_keyword mk  (cost=0.00..81003.12 rows=246 width=0) (actual time=12.414..1335.484 rows=176 loops=1)
  Filter: (keyword_id = 2823)
  Rows Removed by Filter: 4523754
Planning time: 0.248 ms
Execution time: 1335.694 ms
