Hash Join  (cost=90606.68..137820.18 rows=554902 width=0) (actual time=2049.087..2925.416 rows=309714 loops=1)
  Hash Cond: (mi_idx.movie_id = t.id)
  ->  Seq Scan on movie_info_idx mi_idx  (cost=0.00..21735.35 rows=1380035 width=4) (actual time=0.023..468.984 rows=1380035 loops=1)
  ->  Hash  (cost=73925.90..73925.90 rows=1016702 width=4) (actual time=1531.644..1531.644 rows=960113 loops=1)
        Buckets: 131072  Batches: 16  Memory Usage: 3135kB
        ->  Seq Scan on title t  (cost=0.00..73925.90 rows=1016702 width=4) (actual time=0.027..1230.500 rows=960113 loops=1)
              Filter: ((production_year < 2008) AND (kind_id = 7))
              Rows Removed by Filter: 1568199
Planning time: 2.399 ms
Execution time: 2964.795 ms
