Seq Scan on movie_companies mc  (cost=0.00..57926.93 rows=496757 width=0) (actual time=111.823..1017.435 rows=812667 loops=1)
  Filter: ((company_id > 17187) AND (company_type_id > 1))
  Rows Removed by Filter: 1796462
Planning time: 0.356 ms
Execution time: 1117.113 ms
