Hash Join  (cost=184257.42..681370.56 rows=1622021 width=0) (actual time=4352.277..23446.745 rows=27487820 loops=1)
  Hash Cond: (mi.movie_id = t.id)
  ->  Seq Scan on movie_info mi  (cost=0.00..309384.22 rows=14739122 width=4) (actual time=0.024..6197.680 rows=14835720 loops=1)
  ->  Hash  (cost=179692.16..179692.16 rows=278261 width=8) (actual time=4351.235..4351.235 rows=631283 loops=1)
        Buckets: 131072 (originally 131072)  Batches: 16 (originally 4)  Memory Usage: 3073kB
        ->  Hash Join  (cost=83810.17..179692.16 rows=278261 width=8) (actual time=1571.775..4159.362 rows=631283 loops=1)
              Hash Cond: (mk.movie_id = t.id)
              ->  Seq Scan on movie_keyword mk  (cost=0.00..81003.12 rows=712333 width=4) (actual time=0.021..1528.294 rows=711658 loops=1)
                    Filter: (keyword_id < 613)
                    Rows Removed by Filter: 3812272
              ->  Hash  (cost=67604.59..67604.59 rows=987727 width=4) (actual time=1570.702..1570.702 rows=985048 loops=1)
                    Buckets: 131072  Batches: 16  Memory Usage: 3197kB
                    ->  Seq Scan on title t  (cost=0.00..67604.59 rows=987727 width=4) (actual time=0.029..1245.175 rows=985048 loops=1)
                          Filter: (kind_id < 7)
                          Rows Removed by Filter: 1543264
Planning time: 1.144 ms
Execution time: 26310.428 ms
