Hash Join  (cost=229358.55..1166607.96 rows=7669878 width=0) (actual time=5686.098..27539.770 rows=9446171 loops=1)
  Hash Cond: (ci.movie_id = t.id)
  ->  Seq Scan on cast_info ci  (cost=0.00..705507.15 rows=11590695 width=4) (actual time=0.029..11792.651 rows=11619529 loops=1)
        Filter: (person_id > 2532520)
        Rows Removed by Filter: 24624815
  ->  Hash  (cost=201907.61..201907.61 rows=1673195 width=8) (actual time=5684.239..5684.239 rows=893025 loops=1)
        Buckets: 131072  Batches: 32  Memory Usage: 2089kB
        ->  Hash Join  (cost=100529.73..201907.61 rows=1673195 width=8) (actual time=1999.901..5420.285 rows=893025 loops=1)
              Hash Cond: (mc.movie_id = t.id)
              ->  Seq Scan on movie_companies mc  (cost=0.00..44881.29 rows=2609129 width=4) (actual time=0.026..975.771 rows=2609129 loops=1)
              ->  Hash  (cost=73925.90..73925.90 rows=1621506 width=4) (actual time=1998.343..1998.343 rows=1608794 loops=1)
                    Buckets: 131072  Batches: 32  Memory Usage: 2797kB
                    ->  Seq Scan on title t  (cost=0.00..73925.90 rows=1621506 width=4) (actual time=0.020..1482.898 rows=1608794 loops=1)
                          Filter: ((kind_id > 3) AND (production_year > 0))
                          Rows Removed by Filter: 919518
Planning time: 1.357 ms
Execution time: 28782.918 ms
