Hash Join  (cost=161289.44..1030555.15 rows=304160 width=0) (actual time=2210.502..24171.993 rows=3216934 loops=1)
  Hash Cond: (ci.movie_id = t.id)
  ->  Seq Scan on cast_info ci  (cost=0.00..705507.15 rows=32143402 width=4) (actual time=0.023..13743.245 rows=32121548 loops=1)
        Filter: (person_id < 3302488)
        Rows Removed by Filter: 4122796
  ->  Hash  (cost=160990.36..160990.36 rows=23926 width=8) (actual time=2209.234..2209.234 rows=53789 loops=1)
        Buckets: 65536 (originally 32768)  Batches: 1 (originally 1)  Memory Usage: 2614kB
        ->  Hash Join  (cost=74093.07..160990.36 rows=23926 width=8) (actual time=996.474..2197.221 rows=53789 loops=1)
              Hash Cond: (mk.movie_id = t.id)
              ->  Seq Scan on movie_keyword mk  (cost=0.00..69693.30 rows=4523930 width=4) (actual time=0.022..617.663 rows=4523930 loops=1)
              ->  Hash  (cost=73925.90..73925.90 rows=13373 width=4) (actual time=996.298..996.298 rows=7578 loops=1)
                    Buckets: 16384  Batches: 1  Memory Usage: 395kB
                    ->  Seq Scan on title t  (cost=0.00..73925.90 rows=13373 width=4) (actual time=361.048..992.840 rows=7578 loops=1)
                          Filter: ((kind_id = 1) AND (production_year = 1999))
                          Rows Removed by Filter: 2520734
Planning time: 1.194 ms
Execution time: 24572.220 ms
