Hash Join  (cost=101758.31..853992.19 rows=144473 width=0) (actual time=1687.787..18328.519 rows=358715 loops=1)
  Hash Cond: (ci.movie_id = t.id)
  ->  Seq Scan on cast_info ci  (cost=0.00..614943.12 rows=36225612 width=4) (actual time=0.021..8142.201 rows=36244344 loops=1)
  ->  Hash  (cost=101632.26..101632.26 rows=10084 width=8) (actual time=1687.584..1687.584 rows=13124 loops=1)
        Buckets: 16384  Batches: 1  Memory Usage: 641kB
        ->  Hash Join  (cost=74617.32..101632.26 rows=10084 width=8) (actual time=1061.063..1682.056 rows=13124 loops=1)
              Hash Cond: (mi_idx.movie_id = t.id)
              ->  Seq Scan on movie_info_idx mi_idx  (cost=0.00..25185.44 rows=460978 width=4) (actual time=0.021..472.760 rows=459925 loops=1)
                    Filter: (info_type_id < 100)
                    Rows Removed by Filter: 920110
              ->  Hash  (cost=73925.90..73925.90 rows=55313 width=4) (actual time=1060.581..1060.581 rows=49075 loops=1)
                    Buckets: 65536  Batches: 1  Memory Usage: 2238kB
                    ->  Seq Scan on title t  (cost=0.00..73925.90 rows=55313 width=4) (actual time=0.029..1041.539 rows=49075 loops=1)
                          Filter: ((kind_id < 7) AND (production_year = 2010))
                          Rows Removed by Filter: 2479237
Planning time: 1.198 ms
Execution time: 18385.911 ms
