Seq Scan on movie_companies mc  (cost=0.00..51404.11 rows=1226272 width=0) (actual time=110.599..986.096 rows=1237686 loops=1)
  Filter: (company_id > 11800)
  Rows Removed by Filter: 1371443
Planning time: 0.349 ms
Execution time: 1140.769 ms
