Hash Join  (cost=52284.65..434054.94 rows=210 width=0) (actual time=1021.213..8250.065 rows=259 loops=1)
  Hash Cond: (mi.movie_id = t.id)
  ->  Seq Scan on movie_info mi  (cost=0.00..346232.03 rows=9476311 width=4) (actual time=109.157..6127.050 rows=9565151 loops=1)
        Filter: (info_type_id < 16)
        Rows Removed by Filter: 5270569
  ->  Hash  (cost=52283.95..52283.95 rows=56 width=8) (actual time=801.738..801.738 rows=23 loops=1)
        Buckets: 1024  Batches: 1  Memory Usage: 9kB
        ->  Nested Loop  (cost=0.43..52283.95 rows=56 width=8) (actual time=3.582..801.696 rows=23 loops=1)
              ->  Seq Scan on movie_companies mc  (cost=0.00..51404.11 rows=104 width=4) (actual time=3.523..800.678 rows=23 loops=1)
                    Filter: (company_id = 14544)
                    Rows Removed by Filter: 2609106
              ->  Index Scan using title_pkey on title t  (cost=0.43..8.45 rows=1 width=4) (actual time=0.039..0.040 rows=1 loops=23)
                    Index Cond: (id = mc.movie_id)
                    Filter: (production_year < 2005)
Planning time: 1.254 ms
Execution time: 8250.356 ms
