Seq Scan on movie_companies mc  (cost=0.00..51404.11 rows=1467199 width=0) (actual time=0.024..864.863 rows=1457527 loops=1)
  Filter: (company_id < 13114)
  Rows Removed by Filter: 1151602
Planning time: 0.336 ms
Execution time: 1046.623 ms
