Hash Join  (cost=115016.89..873955.11 rows=814901 width=0) (actual time=1760.417..21208.076 rows=1220772 loops=1)
  Hash Cond: (ci.movie_id = t.id)
  ->  Seq Scan on cast_info ci  (cost=0.00..614943.12 rows=36225612 width=4) (actual time=0.027..9422.184 rows=36244344 loops=1)
  ->  Hash  (cost=114305.89..114305.89 rows=56880 width=8) (actual time=1760.014..1760.014 rows=34152 loops=1)
        Buckets: 65536  Batches: 1  Memory Usage: 1847kB
        ->  Hash Join  (cost=75636.60..114305.89 rows=56880 width=8) (actual time=890.903..1747.902 rows=34152 loops=1)
              Hash Cond: (mi_idx.movie_id = t.id)
              ->  Seq Scan on movie_info_idx mi_idx  (cost=0.00..21735.35 rows=1380035 width=4) (actual time=0.021..395.396 rows=1380035 loops=1)
              ->  Hash  (cost=73925.90..73925.90 rows=104216 width=4) (actual time=887.263..887.263 rows=108513 loops=1)
                    Buckets: 131072  Batches: 2  Memory Usage: 2931kB
                    ->  Seq Scan on title t  (cost=0.00..73925.90 rows=104216 width=4) (actual time=0.025..845.238 rows=108513 loops=1)
                          Filter: ((kind_id > 1) AND (production_year = 2010))
                          Rows Removed by Filter: 2419799
Planning time: 2.055 ms
Execution time: 21383.055 ms
