Seq Scan on movie_keyword mk  (cost=0.00..81003.12 rows=529966 width=0) (actual time=0.025..1353.279 rows=518952 loops=1)
  Filter: (keyword_id > 34868)
  Rows Removed by Filter: 4004978
Planning time: 0.318 ms
Execution time: 1425.614 ms
