Hash Join  (cost=69002.72..929134.86 rows=180480 width=0) (actual time=1227.297..19681.605 rows=338015 loops=1)
  Hash Cond: (ci.movie_id = t.id)
  ->  Seq Scan on cast_info ci  (cost=0.00..796071.18 rows=5355509 width=4) (actual time=0.009..14448.994 rows=10887899 loops=1)
        Filter: ((person_id < 1491680) AND (role_id < 2))
        Rows Removed by Filter: 25356445
  ->  Hash  (cost=67604.59..67604.59 rows=85211 width=4) (actual time=1226.409..1226.409 rows=84593 loops=1)
        Buckets: 131072  Batches: 2  Memory Usage: 2518kB
        ->  Seq Scan on title t  (cost=0.00..67604.59 rows=85211 width=4) (actual time=0.016..1193.816 rows=84593 loops=1)
              Filter: (production_year = 2004)
              Rows Removed by Filter: 2443719
Planning time: 0.778 ms
Execution time: 19728.019 ms
