Hash Join  (cost=327146.42..1937005.63 rows=47260602 width=0) (actual time=7436.934..76786.880 rows=161907274 loops=1)
  Hash Cond: (ci.movie_id = t.id)
  ->  Seq Scan on cast_info ci  (cost=0.00..614943.12 rows=36225612 width=4) (actual time=0.018..13973.847 rows=36244344 loops=1)
  ->  Hash  (cost=273025.88..273025.88 rows=3298763 width=8) (actual time=7435.491..7435.491 rows=3289605 loops=1)
        Buckets: 131072  Batches: 64  Memory Usage: 3054kB
        ->  Hash Join  (cost=102767.86..273025.88 rows=3298763 width=8) (actual time=2000.804..6585.447 rows=3289605 loops=1)
              Hash Cond: (mk.movie_id = t.id)
              ->  Seq Scan on movie_keyword mk  (cost=0.00..81003.12 rows=3298763 width=4) (actual time=0.030..1715.108 rows=3289605 loops=1)
                    Filter: (keyword_id > 1559)
                    Rows Removed by Filter: 1234325
              ->  Hash  (cost=61283.27..61283.27 rows=2528527 width=4) (actual time=1998.917..1998.917 rows=2528312 loops=1)
                    Buckets: 131072  Batches: 64  Memory Usage: 2425kB
                    ->  Seq Scan on title t  (cost=0.00..61283.27 rows=2528527 width=4) (actual time=0.028..1113.033 rows=2528312 loops=1)
Planning time: 5.536 ms
Execution time: 93873.780 ms
