Seq Scan on movie_companies mc  (cost=0.00..51404.11 rows=663871 width=0) (actual time=164.837..619.906 rows=668923 loops=1)
  Filter: (company_id > 50752)
  Rows Removed by Filter: 1940206
Planning time: 0.332 ms
Execution time: 681.737 ms
