Hash Join  (cost=69484.36..1096202.64 rows=867877 width=0) (actual time=1183.881..28261.056 rows=811947 loops=1)
  Hash Cond: (ci.movie_id = t.id)
  ->  Seq Scan on cast_info ci  (cost=0.00..796071.18 rows=19158487 width=4) (actual time=0.011..18429.882 rows=21717134 loops=1)
        Filter: ((person_id > 639833) AND (role_id > 1))
        Rows Removed by Filter: 14527210
  ->  Hash  (cost=67604.59..67604.59 rows=114542 width=4) (actual time=1183.031..1183.031 rows=118234 loops=1)
        Buckets: 131072  Batches: 2  Memory Usage: 3101kB
        ->  Seq Scan on title t  (cost=0.00..67604.59 rows=114542 width=4) (actual time=286.958..1141.923 rows=118234 loops=1)
              Filter: (kind_id = 4)
              Rows Removed by Filter: 2410078
Planning time: 0.764 ms
Execution time: 28363.426 ms
