Hash Join  (cost=190230.21..1059240.21 rows=2165977 width=0) (actual time=9902.325..19876.025 rows=2991951 loops=1)
  Hash Cond: (ci.movie_id = t.id)
  ->  Seq Scan on cast_info ci  (cost=0.00..796071.18 rows=3968545 width=4) (actual time=4941.568..12804.070 rows=2356871 loops=1)
        Filter: ((person_id < 1148202) AND (role_id > 3))
        Rows Removed by Filter: 33887473
  ->  Hash  (cost=167588.78..167588.78 rows=1380035 width=8) (actual time=4959.333..4959.333 rows=1380035 loops=1)
        Buckets: 131072  Batches: 32  Memory Usage: 2708kB
        ->  Hash Join  (cost=102767.86..167588.78 rows=1380035 width=8) (actual time=2578.721..4558.171 rows=1380035 loops=1)
              Hash Cond: (mi_idx.movie_id = t.id)
              ->  Seq Scan on movie_info_idx mi_idx  (cost=0.00..21735.35 rows=1380035 width=4) (actual time=0.025..475.604 rows=1380035 loops=1)
              ->  Hash  (cost=61283.27..61283.27 rows=2528527 width=4) (actual time=2577.736..2577.736 rows=2528312 loops=1)
                    Buckets: 131072  Batches: 64  Memory Usage: 2415kB
                    ->  Seq Scan on title t  (cost=0.00..61283.27 rows=2528527 width=4) (actual time=0.018..1095.178 rows=2528312 loops=1)
Planning time: 1.218 ms
Execution time: 20212.773 ms
