Nested Loop  (cost=0.43..83072.29 rows=181 width=0) (actual time=79.564..1228.008 rows=128 loops=1)
  ->  Seq Scan on movie_keyword mk  (cost=0.00..81003.12 rows=246 width=4) (actual time=0.728..1176.830 rows=1033 loops=1)
        Filter: (keyword_id = 4452)
        Rows Removed by Filter: 4522897
  ->  Index Scan using title_pkey on title t  (cost=0.43..8.40 rows=1 width=4) (actual time=0.048..0.048 rows=0 loops=1033)
        Index Cond: (id = mk.movie_id)
        Filter: (kind_id > 1)
        Rows Removed by Filter: 1
Planning time: 0.716 ms
Execution time: 1228.190 ms
