Hash Join  (cost=137122.06..894330.77 rows=641954 width=0) (actual time=2654.002..20961.336 rows=1098675 loops=1)
  Hash Cond: (ci.movie_id = t.id)
  ->  Seq Scan on cast_info ci  (cost=0.00..614943.12 rows=36225612 width=4) (actual time=0.013..8297.025 rows=36244344 loops=1)
  ->  Hash  (cost=136561.96..136561.96 rows=44808 width=8) (actual time=2653.440..2653.440 rows=37215 loops=1)
        Buckets: 65536  Batches: 1  Memory Usage: 1966kB
        ->  Hash Join  (cost=69002.72..136561.96 rows=44808 width=8) (actual time=1295.239..2639.140 rows=37215 loops=1)
              Hash Cond: (mc.movie_id = t.id)
              ->  Seq Scan on movie_companies mc  (cost=0.00..51404.11 rows=1329612 width=4) (actual time=141.237..978.130 rows=1334883 loops=1)
                    Filter: (company_type_id > 1)
                    Rows Removed by Filter: 1274246
              ->  Hash  (cost=67604.59..67604.59 rows=85211 width=4) (actual time=1153.167..1153.167 rows=84593 loops=1)
                    Buckets: 131072  Batches: 2  Memory Usage: 2518kB
                    ->  Seq Scan on title t  (cost=0.00..67604.59 rows=85211 width=4) (actual time=0.031..1120.574 rows=84593 loops=1)
                          Filter: (production_year = 2004)
                          Rows Removed by Filter: 2443719
Planning time: 1.159 ms
Execution time: 21121.425 ms
