Hash Join  (cost=589414.73..1799903.78 rows=20355422 width=0) (actual time=13581.890..43522.213 rows=18223225 loops=1)
  Hash Cond: (ci.movie_id = t.id)
  ->  Seq Scan on cast_info ci  (cost=0.00..705507.15 rows=20745550 width=4) (actual time=1487.127..15186.014 rows=20893744 loops=1)
        Filter: (person_id > 1512883)
        Rows Removed by Filter: 15350600
  ->  Hash  (cost=548710.52..548710.52 rows=2480977 width=8) (actual time=12092.268..12092.268 rows=1621492 loops=1)
        Buckets: 131072  Batches: 64  Memory Usage: 1990kB
        ->  Hash Join  (cost=87642.27..548710.52 rows=2480977 width=8) (actual time=2343.879..11664.812 rows=1621492 loops=1)
              Hash Cond: (mi.movie_id = t.id)
              ->  Seq Scan on movie_info mi  (cost=0.00..346232.03 rows=7503588 width=4) (actual time=797.285..6218.348 rows=7548855 loops=1)
                    Filter: (info_type_id > 7)
                    Rows Removed by Filter: 7286865
              ->  Hash  (cost=73925.90..73925.90 rows=836029 width=4) (actual time=1545.500..1545.500 rows=742319 loops=1)
                    Buckets: 131072  Batches: 16  Memory Usage: 2663kB
                    ->  Seq Scan on title t  (cost=0.00..73925.90 rows=836029 width=4) (actual time=0.030..1299.542 rows=742319 loops=1)
                          Filter: ((kind_id > 1) AND (production_year < 2002))
                          Rows Removed by Filter: 1785993
Planning time: 0.809 ms
Execution time: 45735.561 ms
