Hash Join  (cost=89299.55..1286938.59 rows=12345187 width=0) (actual time=2650.927..36897.726 rows=13031665 loops=1)
  Hash Cond: (ci.movie_id = t.id)
  ->  Seq Scan on cast_info ci  (cost=0.00..796071.18 rows=23606396 width=4) (actual time=165.431..18035.049 rows=23000788 loops=1)
        Filter: ((person_id > 884473) AND (role_id < 10))
        Rows Removed by Filter: 13243556
  ->  Hash  (cost=67604.59..67604.59 rows=1322317 width=4) (actual time=2484.426..2484.426 rows=1322863 loops=1)
        Buckets: 131072  Batches: 32  Memory Usage: 2481kB
        ->  Seq Scan on title t  (cost=0.00..67604.59 rows=1322317 width=4) (actual time=0.014..1271.541 rows=1322863 loops=1)
              Filter: (production_year > 2001)
              Rows Removed by Filter: 1205449
Planning time: 0.750 ms
Execution time: 38309.823 ms
