Hash Join  (cost=67697.55..94599.31 rows=1336 width=0) (actual time=1173.045..1723.347 rows=2343 loops=1)
  Hash Cond: (mi_idx.movie_id = t.id)
  ->  Seq Scan on movie_info_idx mi_idx  (cost=0.00..25185.44 rows=454124 width=4) (actual time=0.024..446.356 rows=459925 loops=1)
        Filter: (info_type_id = 100)
        Rows Removed by Filter: 920110
  ->  Hash  (cost=67604.59..67604.59 rows=7437 width=4) (actual time=1170.696..1170.696 rows=11121 loops=1)
        Buckets: 16384 (originally 8192)  Batches: 1 (originally 1)  Memory Usage: 519kB
        ->  Seq Scan on title t  (cost=0.00..67604.59 rows=7437 width=4) (actual time=0.013..1163.621 rows=11121 loops=1)
              Filter: (production_year = 1960)
              Rows Removed by Filter: 2517191
Planning time: 0.733 ms
Execution time: 1724.010 ms
