Hash Join  (cost=132723.69..213905.07 rows=444786 width=0) (actual time=2782.228..5123.912 rows=926499 loops=1)
  Hash Cond: (mc.movie_id = t.id)
  ->  Seq Scan on movie_companies mc  (cost=0.00..44881.29 rows=2609129 width=4) (actual time=0.024..967.449 rows=2609129 loops=1)
  ->  Hash  (cost=125651.63..125651.63 rows=431045 width=8) (actual time=2781.115..2781.115 rows=311149 loops=1)
        Buckets: 131072  Batches: 8  Memory Usage: 2532kB
        ->  Hash Join  (cost=80562.70..125651.63 rows=431045 width=8) (actual time=1428.273..2688.445 rows=311149 loops=1)
              Hash Cond: (mi_idx.movie_id = t.id)
              ->  Seq Scan on movie_info_idx mi_idx  (cost=0.00..21735.35 rows=1380035 width=4) (actual time=0.020..425.784 rows=1380035 loops=1)
              ->  Hash  (cost=67604.59..67604.59 rows=789769 width=4) (actual time=1427.154..1427.154 rows=784926 loops=1)
                    Buckets: 131072  Batches: 16  Memory Usage: 2749kB
                    ->  Seq Scan on title t  (cost=0.00..67604.59 rows=789769 width=4) (actual time=0.024..1179.337 rows=784926 loops=1)
                          Filter: (production_year > 2007)
                          Rows Removed by Filter: 1743386
Planning time: 1.124 ms
Execution time: 5226.805 ms
