Seq Scan on movie_keyword mk  (cost=0.00..81003.12 rows=2664466 width=0) (actual time=0.019..1486.973 rows=2658464 loops=1)
  Filter: (keyword_id < 7390)
  Rows Removed by Filter: 1865466
Planning time: 0.324 ms
Execution time: 1813.226 ms
