Seq Scan on cast_info ci  (cost=0.00..796071.18 rows=176 width=0) (actual time=1764.845..10872.298 rows=2 loops=1)
  Filter: ((person_id = 988447) AND (role_id = 1))
  Rows Removed by Filter: 36244342
Planning time: 0.424 ms
Execution time: 10872.403 ms
