Hash Join  (cost=67697.55..163752.75 rows=11714 width=0) (actual time=981.598..3114.510 rows=22672 loops=1)
  Hash Cond: (mk.movie_id = t.id)
  ->  Seq Scan on movie_keyword mk  (cost=0.00..81003.12 rows=3982650 width=4) (actual time=0.018..1545.609 rows=3982530 loops=1)
        Filter: (keyword_id > 382)
        Rows Removed by Filter: 541400
  ->  Hash  (cost=67604.59..67604.59 rows=7437 width=4) (actual time=970.550..970.550 rows=2483 loops=1)
        Buckets: 8192  Batches: 1  Memory Usage: 152kB
        ->  Seq Scan on title t  (cost=0.00..67604.59 rows=7437 width=4) (actual time=28.971..969.226 rows=2483 loops=1)
              Filter: (production_year = 1939)
              Rows Removed by Filter: 2525829
Planning time: 0.744 ms
Execution time: 3121.847 ms
