Seq Scan on cast_info ci  (cost=0.00..796071.18 rows=176 width=0) (actual time=8753.175..10761.255 rows=385 loops=1)
  Filter: ((person_id = 1412540) AND (role_id = 1))
  Rows Removed by Filter: 36243959
Planning time: 0.399 ms
Execution time: 10761.412 ms
