Hash Join  (cost=121102.39..248519.80 rows=444437 width=0) (actual time=3248.053..7272.044 rows=2780885 loops=1)
  Hash Cond: (mk.movie_id = t.id)
  ->  Seq Scan on movie_keyword mk  (cost=0.00..69693.30 rows=4523930 width=4) (actual time=0.018..1287.285 rows=4523930 loops=1)
  ->  Hash  (cost=117026.32..117026.32 rows=248406 width=8) (actual time=3247.135..3247.135 rows=275248 loops=1)
        Buckets: 131072  Batches: 4  Memory Usage: 3729kB
        ->  Hash Join  (cost=75071.77..117026.32 rows=248406 width=8) (actual time=1227.452..3151.484 rows=275248 loops=1)
              Hash Cond: (mi_idx.movie_id = t.id)
              ->  Seq Scan on movie_info_idx mi_idx  (cost=0.00..21735.35 rows=1380035 width=4) (actual time=0.008..401.149 rows=1380035 loops=1)
              ->  Hash  (cost=67604.59..67604.59 rows=455135 width=4) (actual time=1226.633..1226.633 rows=451569 loops=1)
                    Buckets: 131072  Batches: 8  Memory Usage: 3003kB
                    ->  Seq Scan on title t  (cost=0.00..67604.59 rows=455135 width=4) (actual time=0.026..1079.038 rows=451569 loops=1)
                          Filter: (production_year < 1976)
                          Rows Removed by Filter: 2076743
Planning time: 1.172 ms
Execution time: 7617.813 ms
