Hash Join  (cost=95313.03..468925.12 rows=24682 width=0) (actual time=1792.066..9115.916 rows=53878 loops=1)
  Hash Cond: (mi.movie_id = t.id)
  ->  Seq Scan on movie_info mi  (cost=0.00..346232.03 rows=7235534 width=4) (actual time=0.022..5981.283 rows=7286865 loops=1)
        Filter: (info_type_id < 8)
        Rows Removed by Filter: 7548855
  ->  Hash  (cost=95205.22..95205.22 rows=8625 width=8) (actual time=1791.528..1791.528 rows=9593 loops=1)
        Buckets: 16384  Batches: 1  Memory Usage: 503kB
        ->  Hash Join  (cost=68191.41..95205.22 rows=8625 width=8) (actual time=1178.608..1787.394 rows=9593 loops=1)
              Hash Cond: (mi_idx.movie_id = t.id)
              ->  Seq Scan on movie_info_idx mi_idx  (cost=0.00..25185.44 rows=464566 width=4) (actual time=0.017..474.991 rows=459925 loops=1)
                    Filter: (info_type_id = 101)
                    Rows Removed by Filter: 920110
              ->  Hash  (cost=67604.59..67604.59 rows=46946 width=4) (actual time=1178.230..1178.230 rows=46583 loops=1)
                    Buckets: 65536  Batches: 1  Memory Usage: 2150kB
                    ->  Seq Scan on title t  (cost=0.00..67604.59 rows=46946 width=4) (actual time=0.011..1154.338 rows=46583 loops=1)
                          Filter: (production_year = 1998)
                          Rows Removed by Filter: 2481729
Planning time: 1.219 ms
Execution time: 9124.917 ms
