Hash Join  (cost=67697.55..432786.99 rows=43351 width=0) (actual time=1124.946..8365.423 rows=62950 loops=1)
  Hash Cond: (mi.movie_id = t.id)
  ->  Seq Scan on movie_info mi  (cost=0.00..309384.22 rows=14739122 width=4) (actual time=0.009..4057.559 rows=14835720 loops=1)
  ->  Hash  (cost=67604.59..67604.59 rows=7437 width=4) (actual time=1123.564..1123.564 rows=6834 loops=1)
        Buckets: 8192  Batches: 1  Memory Usage: 305kB
        ->  Seq Scan on title t  (cost=0.00..67604.59 rows=7437 width=4) (actual time=0.373..1120.071 rows=6834 loops=1)
              Filter: (production_year = 1953)
              Rows Removed by Filter: 2521478
Planning time: 0.769 ms
Execution time: 8376.234 ms
