Seq Scan on cast_info ci  (cost=0.00..796071.18 rows=8396836 width=0) (actual time=10089.926..13900.075 rows=3832356 loops=1)
  Filter: ((person_id > 1205704) AND (role_id = 1))
  Rows Removed by Filter: 32411988
Planning time: 0.369 ms
Execution time: 14356.871 ms
