Seq Scan on cast_info ci  (cost=0.00..796071.18 rows=3634692 width=0) (actual time=3203.563..9875.444 rows=1166490 loops=1)
  Filter: ((person_id > 3260426) AND (role_id < 9))
  Rows Removed by Filter: 35077854
Planning time: 0.389 ms
Execution time: 10024.657 ms
