Seq Scan on movie_keyword mk  (cost=0.00..81003.12 rows=2160012 width=0) (actual time=0.013..1442.322 rows=2164347 loops=1)
  Filter: (keyword_id < 4157)
  Rows Removed by Filter: 2359583
Planning time: 0.317 ms
Execution time: 1723.711 ms
