Hash Join  (cost=329285.62..893590.35 rows=9946028 width=0) (actual time=7979.852..48813.499 rows=137331372 loops=1)
  Hash Cond: (mi.movie_id = t.id)
  ->  Seq Scan on movie_info mi  (cost=0.00..346232.03 rows=7503588 width=4) (actual time=368.530..6812.940 rows=7548855 loops=1)
        Filter: (info_type_id > 7)
        Rows Removed by Filter: 7286865
  ->  Hash  (cost=274297.99..274297.99 rows=3351570 width=8) (actual time=7608.569..7608.569 rows=3349949 loops=1)
        Buckets: 131072  Batches: 64  Memory Usage: 3167kB
        ->  Hash Join  (cost=102767.86..274297.99 rows=3351570 width=8) (actual time=1801.712..6566.680 rows=3349949 loops=1)
              Hash Cond: (mk.movie_id = t.id)
              ->  Seq Scan on movie_keyword mk  (cost=0.00..81003.12 rows=3351570 width=4) (actual time=0.031..1693.567 rows=3349949 loops=1)
                    Filter: (keyword_id > 1382)
                    Rows Removed by Filter: 1173981
              ->  Hash  (cost=61283.27..61283.27 rows=2528527 width=4) (actual time=1800.118..1800.118 rows=2528312 loops=1)
                    Buckets: 131072  Batches: 64  Memory Usage: 2425kB
                    ->  Seq Scan on title t  (cost=0.00..61283.27 rows=2528527 width=4) (actual time=0.016..921.539 rows=2528312 loops=1)
Planning time: 1.079 ms
Execution time: 63879.579 ms
