Seq Scan on cast_info ci  (cost=0.00..796071.18 rows=9591682 width=0) (actual time=0.026..14830.353 rows=12030009 loops=1)
  Filter: ((person_id > 1447545) AND (role_id > 2))
  Rows Removed by Filter: 24214335
Planning time: 0.360 ms
Execution time: 16278.397 ms
