Hash Join  (cost=52284.82..417163.56 rows=136 width=0) (actual time=2038.514..7423.339 rows=102 loops=1)
  Hash Cond: (mi.movie_id = t.id)
  ->  Seq Scan on movie_info mi  (cost=0.00..346232.03 rows=4972096 width=4) (actual time=1039.654..5917.488 rows=4923966 loops=1)
        Filter: (info_type_id < 5)
        Rows Removed by Filter: 9911754
  ->  Hash  (cost=52283.95..52283.95 rows=69 width=8) (actual time=857.394..857.394 rows=21 loops=1)
        Buckets: 1024  Batches: 1  Memory Usage: 9kB
        ->  Nested Loop  (cost=0.43..52283.95 rows=69 width=8) (actual time=327.834..857.317 rows=21 loops=1)
              ->  Seq Scan on movie_companies mc  (cost=0.00..51404.11 rows=104 width=4) (actual time=327.791..856.492 rows=21 loops=1)
                    Filter: (company_id = 8510)
                    Rows Removed by Filter: 2609108
              ->  Index Scan using title_pkey on title t  (cost=0.43..8.45 rows=1 width=4) (actual time=0.031..0.031 rows=1 loops=21)
                    Index Cond: (id = mc.movie_id)
                    Filter: (production_year < 2008)
Planning time: 2.163 ms
Execution time: 7423.566 ms
