Hash Join  (cost=52284.01..138942.14 rows=9 width=0) (actual time=1169.205..2479.164 rows=269 loops=1)
  Hash Cond: (mk.movie_id = t.id)
  ->  Seq Scan on movie_keyword mk  (cost=0.00..69693.30 rows=4523930 width=4) (actual time=0.021..938.590 rows=4523930 loops=1)
  ->  Hash  (cost=52283.95..52283.95 rows=5 width=8) (actual time=735.225..735.225 rows=12 loops=1)
        Buckets: 1024  Batches: 1  Memory Usage: 9kB
        ->  Nested Loop  (cost=0.43..52283.95 rows=5 width=8) (actual time=124.455..735.189 rows=12 loops=1)
              ->  Seq Scan on movie_companies mc  (cost=0.00..51404.11 rows=104 width=4) (actual time=7.180..717.109 rows=617 loops=1)
                    Filter: (company_id = 2346)
                    Rows Removed by Filter: 2608512
              ->  Index Scan using title_pkey on title t  (cost=0.43..8.45 rows=1 width=4) (actual time=0.028..0.028 rows=0 loops=617)
                    Index Cond: (id = mc.movie_id)
                    Filter: (production_year = 2009)
                    Rows Removed by Filter: 1
Planning time: 3.179 ms
Execution time: 2479.359 ms
