Hash Join  (cost=81720.25..883144.46 rows=45290 width=0) (actual time=11927.279..13917.793 rows=99953 loops=1)
  Hash Cond: (ci.movie_id = t.id)
  ->  Seq Scan on cast_info ci  (cost=0.00..796071.18 rows=133102 width=4) (actual time=10526.943..12254.967 rows=237211 loops=1)
        Filter: ((person_id > 2273468) AND (role_id > 10))
        Rows Removed by Filter: 36007133
  ->  Hash  (cost=67604.59..67604.59 rows=860373 width=4) (actual time=1399.160..1399.160 rows=854214 loops=1)
        Buckets: 131072  Batches: 16  Memory Usage: 2897kB
        ->  Seq Scan on title t  (cost=0.00..67604.59 rows=860373 width=4) (actual time=0.056..1136.829 rows=854214 loops=1)
              Filter: (kind_id < 4)
              Rows Removed by Filter: 1674098
Planning time: 0.764 ms
Execution time: 13929.241 ms
