Hash Join  (cost=83073.39..138760.14 rows=40 width=0) (actual time=1483.500..2383.778 rows=51 loops=1)
  Hash Cond: (mc.movie_id = t.id)
  ->  Seq Scan on movie_companies mc  (cost=0.00..51404.11 rows=1141930 width=4) (actual time=0.020..954.468 rows=1149168 loops=1)
        Filter: (company_id > 13114)
        Rows Removed by Filter: 1459961
  ->  Hash  (cost=83072.29..83072.29 rows=88 width=8) (actual time=1272.843..1272.843 rows=24 loops=1)
        Buckets: 1024  Batches: 1  Memory Usage: 9kB
        ->  Nested Loop  (cost=0.43..83072.29 rows=88 width=8) (actual time=478.815..1272.807 rows=24 loops=1)
              ->  Seq Scan on movie_keyword mk  (cost=0.00..81003.12 rows=246 width=4) (actual time=1.130..1269.152 rows=48 loops=1)
                    Filter: (keyword_id = 11110)
                    Rows Removed by Filter: 4523882
              ->  Index Scan using title_pkey on title t  (cost=0.43..8.40 rows=1 width=4) (actual time=0.072..0.072 rows=0 loops=48)
                    Index Cond: (id = mk.movie_id)
                    Filter: (production_year > 2006)
                    Rows Removed by Filter: 0
Planning time: 1.212 ms
Execution time: 2383.943 ms
