Hash Join  (cost=97683.77..251251.03 rows=2590822 width=0) (actual time=1848.322..5663.647 rows=720140 loops=1)
  Hash Cond: (mk.movie_id = t.id)
  ->  Seq Scan on movie_keyword mk  (cost=0.00..69693.30 rows=4523930 width=4) (actual time=0.025..1436.178 rows=4523930 loops=1)
  ->  Hash  (cost=73925.90..73925.90 rows=1448069 width=4) (actual time=1847.259..1847.259 rows=1490871 loops=1)
        Buckets: 131072  Batches: 32  Memory Usage: 2669kB
        ->  Seq Scan on title t  (cost=0.00..73925.90 rows=1448069 width=4) (actual time=0.017..1349.167 rows=1490871 loops=1)
              Filter: ((kind_id > 4) AND (production_year > 1925))
              Rows Removed by Filter: 1037441
Planning time: 0.834 ms
Execution time: 5744.733 ms
