Hash Join  (cost=153752.77..278013.54 rows=185374 width=0) (actual time=3142.876..5780.457 rows=78892 loops=1)
  Hash Cond: (mk.movie_id = t.id)
  ->  Seq Scan on movie_keyword mk  (cost=0.00..69693.30 rows=4523930 width=4) (actual time=0.021..1276.930 rows=4523930 loops=1)
  ->  Hash  (cost=152052.64..152052.64 rows=103610 width=8) (actual time=3141.585..3141.585 rows=45572 loops=1)
        Buckets: 131072  Batches: 2  Memory Usage: 1917kB
        ->  Hash Join  (cost=75574.02..152052.64 rows=103610 width=8) (actual time=1180.762..3120.134 rows=45572 loops=1)
              Hash Cond: (mc.movie_id = t.id)
              ->  Seq Scan on movie_companies mc  (cost=0.00..44881.29 rows=2609129 width=4) (actual time=0.018..920.849 rows=2609129 loops=1)
              ->  Hash  (cost=73925.90..73925.90 rows=100409 width=4) (actual time=1179.877..1179.877 rows=110402 loops=1)
                    Buckets: 131072  Batches: 2  Memory Usage: 2964kB
                    ->  Seq Scan on title t  (cost=0.00..73925.90 rows=100409 width=4) (actual time=0.030..1141.129 rows=110402 loops=1)
                          Filter: ((kind_id = 7) AND (production_year = 2012))
                          Rows Removed by Filter: 2417910
Planning time: 1.140 ms
Execution time: 5790.938 ms
