Hash Join  (cost=263115.61..431622.42 rows=3271965 width=0) (actual time=6306.886..16426.614 rows=25184921 loops=1)
  Hash Cond: (mk.movie_id = t.id)
  ->  Seq Scan on movie_keyword mk  (cost=0.00..81003.12 rows=3170886 width=4) (actual time=0.013..1629.846 rows=3155309 loops=1)
        Filter: (keyword_id > 1801)
        Rows Removed by Filter: 1368621
  ->  Hash  (cost=220309.49..220309.49 rows=2609129 width=8) (actual time=6306.054..6306.054 rows=2609129 loops=1)
        Buckets: 131072  Batches: 64  Memory Usage: 2691kB
        ->  Hash Join  (cost=102767.86..220309.49 rows=2609129 width=8) (actual time=1926.593..5577.402 rows=2609129 loops=1)
              Hash Cond: (mc.movie_id = t.id)
              ->  Seq Scan on movie_companies mc  (cost=0.00..44881.29 rows=2609129 width=4) (actual time=0.012..997.766 rows=2609129 loops=1)
              ->  Hash  (cost=61283.27..61283.27 rows=2528527 width=4) (actual time=1924.648..1924.648 rows=2528312 loops=1)
                    Buckets: 131072  Batches: 64  Memory Usage: 2415kB
                    ->  Seq Scan on title t  (cost=0.00..61283.27 rows=2528527 width=4) (actual time=0.008..1079.490 rows=2528312 loops=1)
Planning time: 2.829 ms
Execution time: 19123.229 ms
