Seq Scan on movie_keyword mk  (cost=0.00..81003.12 rows=4467655 width=0) (actual time=0.016..1628.586 rows=4471099 loops=1)
  Filter: (keyword_id < 98294)
  Rows Removed by Filter: 52831
Planning time: 0.312 ms
Execution time: 2164.706 ms
