Seq Scan on movie_companies mc  (cost=0.00..51404.11 rows=1589410 width=0) (actual time=0.027..1006.521 rows=1590539 loops=1)
  Filter: (company_id > 5355)
  Rows Removed by Filter: 1018590
Planning time: 0.339 ms
Execution time: 1215.437 ms
