Hash Join  (cost=102767.86..879968.23 rows=2568937 width=0) (actual time=5425.248..16375.483 rows=2613093 loops=1)
  Hash Cond: (ci.movie_id = t.id)
  ->  Seq Scan on cast_info ci  (cost=0.00..705507.15 rows=2568937 width=4) (actual time=3171.888..11730.887 rows=2613093 loops=1)
        Filter: (person_id > 3556199)
        Rows Removed by Filter: 33631251
  ->  Hash  (cost=61283.27..61283.27 rows=2528527 width=4) (actual time=2251.447..2251.447 rows=2528312 loops=1)
        Buckets: 131072  Batches: 64  Memory Usage: 2415kB
        ->  Seq Scan on title t  (cost=0.00..61283.27 rows=2528527 width=4) (actual time=0.029..1119.573 rows=2528312 loops=1)
Planning time: 0.755 ms
Execution time: 16679.825 ms
