Seq Scan on title t  (cost=0.00..73925.90 rows=498690 width=0) (actual time=0.021..1290.018 rows=369177 loops=1)
  Filter: ((production_year > 1983) AND (kind_id = 1))
  Rows Removed by Filter: 2159135
Planning time: 0.776 ms
Execution time: 1334.881 ms
