Hash Join  (cost=102767.86..190265.30 rows=818370 width=0) (actual time=2147.630..4226.612 rows=1124335 loops=1)
  Hash Cond: (mc.movie_id = t.id)
  ->  Seq Scan on movie_companies mc  (cost=0.00..57926.93 rows=818370 width=4) (actual time=240.874..1106.083 rows=1124335 loops=1)
        Filter: ((company_id < 18635) AND (company_type_id < 2))
        Rows Removed by Filter: 1484794
  ->  Hash  (cost=61283.27..61283.27 rows=2528527 width=4) (actual time=1905.559..1905.559 rows=2528312 loops=1)
        Buckets: 131072  Batches: 64  Memory Usage: 2415kB
        ->  Seq Scan on title t  (cost=0.00..61283.27 rows=2528527 width=4) (actual time=0.038..1087.970 rows=2528312 loops=1)
Planning time: 0.627 ms
Execution time: 4346.800 ms
