Hash Join  (cost=86713.18..172849.96 rows=804226 width=0) (actual time=1410.816..4020.328 rows=1283552 loops=1)
  Hash Cond: (mc.movie_id = t.id)
  ->  Seq Scan on movie_companies mc  (cost=0.00..44881.29 rows=2609129 width=4) (actual time=0.026..943.585 rows=2609129 loops=1)
  ->  Hash  (cost=73925.90..73925.90 rows=779382 width=4) (actual time=1409.687..1409.687 rows=689555 loops=1)
        Buckets: 131072  Batches: 16  Memory Usage: 2540kB
        ->  Seq Scan on title t  (cost=0.00..73925.90 rows=779382 width=4) (actual time=0.019..1189.978 rows=689555 loops=1)
              Filter: ((kind_id < 7) AND (production_year > 1976))
              Rows Removed by Filter: 1838757
Planning time: 0.658 ms
Execution time: 4164.106 ms
