Hash Join  (cost=76960.10..108451.58 rows=33207 width=0) (actual time=1140.616..1876.537 rows=8603 loops=1)
  Hash Cond: (mi_idx.movie_id = t.id)
  ->  Seq Scan on movie_info_idx mi_idx  (cost=0.00..25185.44 rows=454124 width=4) (actual time=0.028..541.220 rows=459925 loops=1)
        Filter: (info_type_id = 100)
        Rows Removed by Filter: 920110
  ->  Hash  (cost=73925.90..73925.90 rows=184896 width=4) (actual time=1139.332..1139.332 rows=79092 loops=1)
        Buckets: 131072  Batches: 4  Memory Usage: 1718kB
        ->  Seq Scan on title t  (cost=0.00..73925.90 rows=184896 width=4) (actual time=0.021..1110.965 rows=79092 loops=1)
              Filter: ((production_year < 1965) AND (kind_id = 7))
              Rows Removed by Filter: 2449220
Planning time: 0.782 ms
Execution time: 1877.785 ms
