Hash Join  (cost=83074.74..447745.01 rows=1434 width=0) (actual time=1416.873..8620.232 rows=262041 loops=1)
  Hash Cond: (mi.movie_id = t.id)
  ->  Seq Scan on movie_info mi  (cost=0.00..309384.22 rows=14739122 width=4) (actual time=0.018..4209.209 rows=14835720 loops=1)
  ->  Hash  (cost=83071.67..83071.67 rows=246 width=8) (actual time=1416.238..1416.238 rows=2457 loops=1)
        Buckets: 4096 (originally 1024)  Batches: 1 (originally 1)  Memory Usage: 128kB
        ->  Nested Loop  (cost=0.43..83071.67 rows=246 width=8) (actual time=0.249..1414.460 rows=2457 loops=1)
              ->  Seq Scan on movie_keyword mk  (cost=0.00..81003.12 rows=246 width=4) (actual time=0.188..1340.976 rows=2457 loops=1)
                    Filter: (keyword_id = 2375)
                    Rows Removed by Filter: 4521473
              ->  Index Only Scan using title_pkey on title t  (cost=0.43..8.40 rows=1 width=4) (actual time=0.028..0.029 rows=1 loops=2457)
                    Index Cond: (id = mk.movie_id)
                    Heap Fetches: 2457
Planning time: 1.185 ms
Execution time: 8655.937 ms
