Hash Join  (cost=495653.00..639042.62 rows=1755458 width=0) (actual time=9964.900..14700.194 rows=3731742 loops=1)
  Hash Cond: (mk.movie_id = t.id)
  ->  Seq Scan on movie_keyword mk  (cost=0.00..69693.30 rows=4523930 width=4) (actual time=0.013..1334.163 rows=4523930 loops=1)
  ->  Hash  (cost=479555.44..479555.44 rows=981165 width=8) (actual time=9964.009..9964.009 rows=966613 loops=1)
        Buckets: 131072  Batches: 16  Memory Usage: 3396kB
        ->  Hash Join  (cost=99591.38..479555.44 rows=981165 width=8) (actual time=4976.337..9688.192 rows=966613 loops=1)
              Hash Cond: (mi.movie_id = t.id)
              ->  Seq Scan on movie_info mi  (cost=0.00..346232.03 rows=1272478 width=4) (actual time=2511.650..5501.549 rows=1325361 loops=1)
                    Filter: (info_type_id = 8)
                    Rows Removed by Filter: 13510359
              ->  Hash  (cost=67604.59..67604.59 rows=1949663 width=4) (actual time=2463.878..2463.878 rows=1947263 loops=1)
                    Buckets: 131072  Batches: 32  Memory Usage: 3180kB
                    ->  Seq Scan on title t  (cost=0.00..67604.59 rows=1949663 width=4) (actual time=0.037..1266.258 rows=1947263 loops=1)
                          Filter: (production_year > 1979)
                          Rows Removed by Filter: 581049
Planning time: 1.169 ms
Execution time: 15133.984 ms
