Hash Join  (cost=709678.15..796345.14 rows=895 width=0) (actual time=11320.039..12886.057 rows=686 loops=1)
  Hash Cond: (mk.movie_id = t.id)
  ->  Seq Scan on movie_keyword mk  (cost=0.00..69693.30 rows=4523930 width=4) (actual time=0.019..894.353 rows=4523930 loops=1)
  ->  Hash  (cost=709671.90..709671.90 rows=500 width=8) (actual time=11290.463..11290.463 rows=93 loops=1)
        Buckets: 1024  Batches: 1  Memory Usage: 12kB
        ->  Nested Loop  (cost=0.43..709671.90 rows=500 width=8) (actual time=5102.158..11290.384 rows=93 loops=1)
              ->  Seq Scan on cast_info ci  (cost=0.00..705507.15 rows=500 width=4) (actual time=5102.037..11287.299 rows=93 loops=1)
                    Filter: (person_id = 1287962)
                    Rows Removed by Filter: 36244251
              ->  Index Only Scan using title_pkey on title t  (cost=0.43..8.32 rows=1 width=4) (actual time=0.031..0.032 rows=1 loops=93)
                    Index Cond: (id = ci.movie_id)
                    Heap Fetches: 93
Planning time: 0.812 ms
Execution time: 12886.220 ms
