Hash Join  (cost=78556.72..1206212.55 rows=6115076 width=0) (actual time=1353.051..33401.033 rows=6445647 loops=1)
  Hash Cond: (ci.movie_id = t.id)
  ->  Seq Scan on cast_info ci  (cost=0.00..796071.18 rows=23163170 width=4) (actual time=0.029..19322.830 rows=23029690 loops=1)
        Filter: ((person_id < 3957568) AND (role_id > 1))
        Rows Removed by Filter: 13214654
  ->  Hash  (cost=67604.59..67604.59 rows=667531 width=4) (actual time=1352.009..1352.009 rows=662825 loops=1)
        Buckets: 131072  Batches: 16  Memory Usage: 2476kB
        ->  Seq Scan on title t  (cost=0.00..67604.59 rows=667531 width=4) (actual time=57.731..1149.374 rows=662825 loops=1)
              Filter: (kind_id = 1)
              Rows Removed by Filter: 1865487
Planning time: 0.844 ms
Execution time: 34124.412 ms
