Hash Join  (cost=799385.30..1167741.14 rows=924 width=0) (actual time=14593.247..21149.128 rows=364 loops=1)
  Hash Cond: (mi.movie_id = t.id)
  ->  Seq Scan on movie_info mi  (cost=0.00..346232.03 rows=5897221 width=4) (actual time=0.015..5751.752 rows=5884963 loops=1)
        Filter: (info_type_id < 7)
        Rows Removed by Filter: 8950757
  ->  Hash  (cost=799380.35..799380.35 rows=396 width=8) (actual time=14569.275..14569.275 rows=277 loops=1)
        Buckets: 1024  Batches: 1  Memory Usage: 19kB
        ->  Nested Loop  (cost=0.43..799380.35 rows=396 width=8) (actual time=2042.107..14569.145 rows=277 loops=1)
              ->  Seq Scan on cast_info ci  (cost=0.00..796071.18 rows=396 width=4) (actual time=2040.365..14562.944 rows=277 loops=1)
                    Filter: ((role_id < 8) AND (person_id = 2263341))
                    Rows Removed by Filter: 36244067
              ->  Index Only Scan using title_pkey on title t  (cost=0.43..8.35 rows=1 width=4) (actual time=0.021..0.022 rows=1 loops=277)
                    Index Cond: (id = ci.movie_id)
                    Heap Fetches: 277
Planning time: 1.241 ms
Execution time: 21149.412 ms
