Seq Scan on cast_info ci  (cost=0.00..796071.18 rows=102027 width=0) (actual time=12109.358..12503.768 rows=16159 loops=1)
  Filter: ((person_id < 1253631) AND (role_id = 7))
  Rows Removed by Filter: 36228185
Planning time: 0.401 ms
Execution time: 12505.886 ms
