Seq Scan on movie_keyword mk  (cost=0.00..81003.12 rows=2542105 width=0) (actual time=0.028..1572.714 rows=2535785 loops=1)
  Filter: (keyword_id < 6320)
  Rows Removed by Filter: 1988145
Planning time: 0.378 ms
Execution time: 1891.255 ms
