Seq Scan on movie_keyword mk  (cost=0.00..81003.12 rows=246 width=0) (actual time=25.482..1306.779 rows=45 loops=1)
  Filter: (keyword_id = 17333)
  Rows Removed by Filter: 4523885
Planning time: 0.399 ms
Execution time: 1306.894 ms
