Seq Scan on title t  (cost=0.00..73925.90 rows=329308 width=0) (actual time=0.020..1178.497 rows=196438 loops=1)
  Filter: ((kind_id > 2) AND (production_year < 1977))
  Rows Removed by Filter: 2331874
Planning time: 0.322 ms
Execution time: 1206.730 ms
