Seq Scan on title t  (cost=0.00..73925.90 rows=2905 width=0) (actual time=0.109..1190.252 rows=4962 loops=1)
  Filter: ((kind_id < 7) AND (production_year = 1964))
  Rows Removed by Filter: 2523350
Planning time: 1.487 ms
Execution time: 1191.465 ms
