Hash Join  (cost=160364.78..666379.99 rows=1237458 width=0) (actual time=4272.605..16213.078 rows=613060 loops=1)
  Hash Cond: (mi.movie_id = t.id)
  ->  Seq Scan on movie_info mi  (cost=0.00..346232.03 rows=12665229 width=4) (actual time=0.026..7432.743 rows=12744652 loops=1)
        Filter: (info_type_id > 2)
        Rows Removed by Filter: 2091068
  ->  Hash  (cost=156310.65..156310.65 rows=247050 width=8) (actual time=3631.677..3631.677 rows=106005 loops=1)
        Buckets: 131072  Batches: 4  Memory Usage: 2078kB
        ->  Hash Join  (cost=77854.63..156310.65 rows=247050 width=8) (actual time=1718.534..3598.998 rows=106005 loops=1)
              Hash Cond: (mc.movie_id = t.id)
              ->  Seq Scan on movie_companies mc  (cost=0.00..44881.29 rows=2609129 width=4) (actual time=0.027..993.900 rows=2609129 loops=1)
              ->  Hash  (cost=73925.90..73925.90 rows=239418 width=4) (actual time=1170.237..1170.237 rows=256906 loops=1)
                    Buckets: 131072  Batches: 4  Memory Usage: 3296kB
                    ->  Seq Scan on title t  (cost=0.00..73925.90 rows=239418 width=4) (actual time=165.831..1084.223 rows=256906 loops=1)
                          Filter: ((production_year > 2010) AND (kind_id = 7))
                          Rows Removed by Filter: 2271406
Planning time: 1.219 ms
Execution time: 16281.708 ms
