Hash Join  (cost=102767.86..175129.80 rows=189354 width=0) (actual time=2458.118..3961.600 rows=295917 loops=1)
  Hash Cond: (mc.movie_id = t.id)
  ->  Seq Scan on movie_companies mc  (cost=0.00..57926.93 rows=189354 width=4) (actual time=0.032..896.917 rows=295917 loops=1)
        Filter: ((company_id < 228) AND (company_type_id = 1))
        Rows Removed by Filter: 2313212
  ->  Hash  (cost=61283.27..61283.27 rows=2528527 width=4) (actual time=2457.122..2457.122 rows=2528312 loops=1)
        Buckets: 131072  Batches: 64  Memory Usage: 2415kB
        ->  Seq Scan on title t  (cost=0.00..61283.27 rows=2528527 width=4) (actual time=0.013..1099.054 rows=2528312 loops=1)
Planning time: 0.915 ms
Execution time: 3993.899 ms
