Hash Join  (cost=69179.59..146376.12 rows=80807 width=0) (actual time=1201.319..2966.502 rows=70956 loops=1)
  Hash Cond: (mc.movie_id = t.id)
  ->  Seq Scan on movie_companies mc  (cost=0.00..51404.11 rows=2128360 width=4) (actual time=0.021..990.068 rows=2124699 loops=1)
        Filter: (company_id < 75007)
        Rows Removed by Filter: 484430
  ->  Hash  (cost=67604.59..67604.59 rows=96000 width=4) (actual time=1200.436..1200.436 rows=95005 loops=1)
        Buckets: 131072  Batches: 2  Memory Usage: 2716kB
        ->  Seq Scan on title t  (cost=0.00..67604.59 rows=96000 width=4) (actual time=0.014..1164.377 rows=95005 loops=1)
              Filter: (production_year = 2005)
              Rows Removed by Filter: 2433307
Planning time: 0.784 ms
Execution time: 2976.558 ms
