Seq Scan on movie_keyword mk  (cost=0.00..81003.12 rows=246 width=0) (actual time=1.114..1286.709 rows=1840 loops=1)
  Filter: (keyword_id = 2172)
  Rows Removed by Filter: 4522090
Planning time: 0.274 ms
Execution time: 1287.365 ms
