Hash Join  (cost=190052.62..1294688.79 rows=6895200 width=0) (actual time=3680.350..34082.877 rows=5249670 loops=1)
  Hash Cond: (ci.movie_id = t.id)
  ->  Seq Scan on cast_info ci  (cost=0.00..614943.12 rows=36225612 width=4) (actual time=0.011..13345.255 rows=36244344 loops=1)
  ->  Hash  (cost=182155.61..182155.61 rows=481281 width=8) (actual time=3679.460..3679.460 rows=178043 loops=1)
        Buckets: 131072  Batches: 8  Memory Usage: 1905kB
        ->  Hash Join  (cost=102767.86..182155.61 rows=481281 width=8) (actual time=2627.534..3625.053 rows=178043 loops=1)
              Hash Cond: (mc.movie_id = t.id)
              ->  Seq Scan on movie_companies mc  (cost=0.00..57926.93 rows=481281 width=4) (actual time=572.180..1024.056 rows=178043 loops=1)
                    Filter: ((company_id > 16966) AND (company_type_id = 1))
                    Rows Removed by Filter: 2431086
              ->  Hash  (cost=61283.27..61283.27 rows=2528527 width=4) (actual time=2049.257..2049.257 rows=2528312 loops=1)
                    Buckets: 131072  Batches: 64  Memory Usage: 2415kB
                    ->  Seq Scan on title t  (cost=0.00..61283.27 rows=2528527 width=4) (actual time=0.028..1210.347 rows=2528312 loops=1)
Planning time: 2.585 ms
Execution time: 34741.695 ms
