Hash Join  (cost=78414.48..1038186.47 rows=2166467 width=0) (actual time=1345.163..26764.316 rows=939049 loops=1)
  Hash Cond: (ci.movie_id = t.id)
  ->  Seq Scan on cast_info ci  (cost=0.00..705507.15 rows=20024311 width=4) (actual time=0.015..15591.767 rows=20122661 loops=1)
        Filter: (role_id < 3)
        Rows Removed by Filter: 16121683
  ->  Hash  (cost=73925.90..73925.90 rows=273566 width=4) (actual time=1343.813..1343.813 rows=139974 loops=1)
        Buckets: 131072  Batches: 4  Memory Usage: 2253kB
        ->  Seq Scan on title t  (cost=0.00..73925.90 rows=273566 width=4) (actual time=0.027..1293.316 rows=139974 loops=1)
              Filter: ((kind_id > 1) AND (production_year < 1970))
              Rows Removed by Filter: 2388338
Planning time: 0.773 ms
Execution time: 26877.152 ms
