Hash Join  (cost=830775.62..1563910.57 rows=1295029 width=0) (actual time=19247.169..32255.888 rows=6398541 loops=1)
  Hash Cond: (mi.movie_id = t.id)
  ->  Seq Scan on movie_info mi  (cost=0.00..309384.22 rows=14739122 width=4) (actual time=0.015..5329.580 rows=14835720 loops=1)
  ->  Hash  (cost=827130.56..827130.56 rows=222165 width=8) (actual time=19246.282..19246.282 rows=202736 loops=1)
        Buckets: 131072  Batches: 4  Memory Usage: 3014kB
        ->  Hash Join  (cost=74119.74..827130.56 rows=222165 width=8) (actual time=1012.713..18833.078 rows=202736 loops=1)
              Hash Cond: (ci.movie_id = t.id)
              ->  Seq Scan on cast_info ci  (cost=0.00..614943.12 rows=36225612 width=4) (actual time=0.020..8865.605 rows=36244344 loops=1)
              ->  Hash  (cost=73925.90..73925.90 rows=15507 width=4) (actual time=1012.397..1012.397 rows=11835 loops=1)
                    Buckets: 16384  Batches: 1  Memory Usage: 545kB
                    ->  Seq Scan on title t  (cost=0.00..73925.90 rows=15507 width=4) (actual time=0.027..1006.847 rows=11835 loops=1)
                          Filter: ((kind_id < 7) AND (production_year = 1995))
                          Rows Removed by Filter: 2516477
Planning time: 1.216 ms
Execution time: 32925.017 ms
