Hash Join  (cost=1022582.81..4695089.98 rows=199562581 width=0) (actual time=26020.872..169465.345 rows=444139162 loops=1)
  Hash Cond: (ci.movie_id = t.id)
  ->  Seq Scan on cast_info ci  (cost=0.00..614943.12 rows=36225612 width=4) (actual time=0.014..13939.487 rows=36244344 loops=1)
  ->  Hash  (cost=794053.89..794053.89 rows=13929354 width=8) (actual time=26019.875..26019.875 rows=14033580 loops=1)
        Buckets: 131072  Batches: 256  Memory Usage: 3148kB
        ->  Hash Join  (cost=102767.86..794053.89 rows=13929354 width=8) (actual time=1920.049..21683.941 rows=14033580 loops=1)
              Hash Cond: (mi.movie_id = t.id)
              ->  Seq Scan on movie_info mi  (cost=0.00..346232.03 rows=13929354 width=4) (actual time=0.025..7522.979 rows=14033580 loops=1)
                    Filter: (info_type_id > 1)
                    Rows Removed by Filter: 802140
              ->  Hash  (cost=61283.27..61283.27 rows=2528527 width=4) (actual time=1918.151..1918.151 rows=2528312 loops=1)
                    Buckets: 131072  Batches: 64  Memory Usage: 2425kB
                    ->  Seq Scan on title t  (cost=0.00..61283.27 rows=2528527 width=4) (actual time=0.010..1039.932 rows=2528312 loops=1)
Planning time: 1.129 ms
Execution time: 216171.158 ms
