Hash Join  (cost=193477.06..708484.37 rows=3299039 width=0) (actual time=4471.698..24075.931 rows=28492161 loops=1)
  Hash Cond: (mi.movie_id = t.id)
  ->  Seq Scan on movie_info mi  (cost=0.00..309384.22 rows=14739122 width=4) (actual time=0.022..5991.778 rows=14835720 loops=1)
  ->  Hash  (cost=184191.59..184191.59 rows=565957 width=8) (actual time=4470.973..4470.973 rows=774958 loops=1)
        Buckets: 131072 (originally 131072)  Batches: 16 (originally 8)  Memory Usage: 3073kB
        ->  Hash Join  (cost=102767.86..184191.59 rows=565957 width=8) (actual time=2440.832..4239.843 rows=774958 loops=1)
              Hash Cond: (mc.movie_id = t.id)
              ->  Seq Scan on movie_companies mc  (cost=0.00..57926.93 rows=565957 width=4) (actual time=212.455..1003.737 rows=774958 loops=1)
                    Filter: ((company_id < 8969) AND (company_type_id < 2))
                    Rows Removed by Filter: 1834171
              ->  Hash  (cost=61283.27..61283.27 rows=2528527 width=4) (actual time=2227.124..2227.124 rows=2528312 loops=1)
                    Buckets: 131072  Batches: 64  Memory Usage: 2415kB
                    ->  Seq Scan on title t  (cost=0.00..61283.27 rows=2528527 width=4) (actual time=0.016..1108.024 rows=2528312 loops=1)
Planning time: 1.498 ms
Execution time: 27128.008 ms
