Hash Join  (cost=347476.38..2110402.11 rows=57752953 width=0) (actual time=8006.372..83691.308 rows=193383492 loops=1)
  Hash Cond: (ci.movie_id = t.id)
  ->  Seq Scan on cast_info ci  (cost=0.00..614943.12 rows=36225612 width=4) (actual time=0.023..13454.332 rows=36244344 loops=1)
  ->  Hash  (cost=281340.34..281340.34 rows=4031123 width=8) (actual time=8004.477..8004.477 rows=3835300 loops=1)
        Buckets: 131072  Batches: 64  Memory Usage: 3330kB
        ->  Hash Join  (cost=104570.16..281340.34 rows=4031123 width=8) (actual time=2127.885..6929.323 rows=3835300 loops=1)
              Hash Cond: (mk.movie_id = t.id)
              ->  Seq Scan on movie_keyword mk  (cost=0.00..69693.30 rows=4523930 width=4) (actual time=0.019..1389.509 rows=4523930 loops=1)
              ->  Hash  (cost=67604.59..67604.59 rows=2253086 width=4) (actual time=2126.472..2126.472 rows=2244594 loops=1)
                    Buckets: 131072  Batches: 32  Memory Usage: 3502kB
                    ->  Seq Scan on title t  (cost=0.00..67604.59 rows=2253086 width=4) (actual time=0.014..1386.800 rows=2244594 loops=1)
                          Filter: (production_year > 1956)
                          Rows Removed by Filter: 283718
Planning time: 1.197 ms
Execution time: 104038.465 ms
