Seq Scan on movie_companies mc  (cost=0.00..51404.11 rows=59264 width=0) (actual time=704.212..828.609 rows=58263 loops=1)
  Filter: (company_id > 185112)
  Rows Removed by Filter: 2550866
Planning time: 1.282 ms
Execution time: 835.876 ms
