Hash Join  (cost=322759.15..1039013.72 rows=18706484 width=0) (actual time=7039.398..27672.387 rows=24033749 loops=1)
  Hash Cond: (mi.movie_id = t.id)
  ->  Seq Scan on movie_info mi  (cost=0.00..309384.22 rows=14739122 width=4) (actual time=0.291..6209.483 rows=14835720 loops=1)
  ->  Hash  (cost=270108.95..270108.95 rows=3209136 width=8) (actual time=7037.498..7037.498 rows=1621697 loops=1)
        Buckets: 131072  Batches: 64  Memory Usage: 2020kB
        ->  Hash Join  (cost=103353.64..270108.95 rows=3209136 width=8) (actual time=1946.423..6633.443 rows=1621697 loops=1)
              Hash Cond: (mk.movie_id = t.id)
              ->  Seq Scan on movie_keyword mk  (cost=0.00..69693.30 rows=4523930 width=4) (actual time=0.031..1415.524 rows=4523930 loops=1)
              ->  Hash  (cost=73925.90..73925.90 rows=1793659 width=4) (actual time=1945.518..1945.518 rows=1799906 loops=1)
                    Buckets: 131072  Batches: 32  Memory Usage: 3013kB
                    ->  Seq Scan on title t  (cost=0.00..73925.90 rows=1793659 width=4) (actual time=0.019..1365.796 rows=1799906 loops=1)
                          Filter: ((kind_id > 1) AND (production_year > 1908))
                          Rows Removed by Filter: 728406
Planning time: 1.194 ms
Execution time: 30256.954 ms
