Hash Join  (cost=69460.45..556301.65 rows=659327 width=0) (actual time=1105.237..12135.997 rows=597410 loops=1)
  Hash Cond: (mi.movie_id = t.id)
  ->  Seq Scan on movie_info mi  (cost=0.00..309384.22 rows=14739122 width=4) (actual time=0.010..5663.608 rows=14835720 loops=1)
  ->  Hash  (cost=67604.59..67604.59 rows=113109 width=4) (actual time=1104.329..1104.329 rows=119565 loops=1)
        Buckets: 131072  Batches: 2  Memory Usage: 3121kB
        ->  Seq Scan on title t  (cost=0.00..67604.59 rows=113109 width=4) (actual time=0.025..1058.380 rows=119565 loops=1)
              Filter: (production_year = 2007)
              Rows Removed by Filter: 2408747
Planning time: 0.789 ms
Execution time: 12212.714 ms
