Hash Join  (cost=154297.45..556157.22 rows=5190 width=0) (actual time=2885.662..11556.277 rows=45614 loops=1)
  Hash Cond: (mi.movie_id = t.id)
  ->  Seq Scan on movie_info mi  (cost=0.00..346232.03 rows=11115165 width=4) (actual time=0.017..6961.935 rows=11210743 loops=1)
        Filter: (info_type_id > 3)
        Rows Removed by Filter: 3624977
  ->  Hash  (cost=154282.68..154282.68 rows=1181 width=8) (actual time=2861.864..2861.864 rows=5598 loops=1)
        Buckets: 8192 (originally 2048)  Batches: 1 (originally 1)  Memory Usage: 283kB
        ->  Hash Join  (cost=67612.84..154282.68 rows=1181 width=8) (actual time=1041.482..2859.360 rows=5598 loops=1)
              Hash Cond: (mk.movie_id = t.id)
              ->  Seq Scan on movie_keyword mk  (cost=0.00..69693.30 rows=4523930 width=4) (actual time=0.024..965.973 rows=4523930 loops=1)
              ->  Hash  (cost=67604.59..67604.59 rows=660 width=4) (actual time=1036.463..1036.463 rows=3515 loops=1)
                    Buckets: 4096 (originally 1024)  Batches: 1 (originally 1)  Memory Usage: 156kB
                    ->  Seq Scan on title t  (cost=0.00..67604.59 rows=660 width=4) (actual time=0.022..1034.616 rows=3515 loops=1)
                          Filter: (production_year > 2013)
                          Rows Removed by Filter: 2524797
Planning time: 1.306 ms
Execution time: 11562.947 ms
