Seq Scan on cast_info ci  (cost=0.00..796071.18 rows=1216992 width=0) (actual time=9796.988..12526.194 rows=850398 loops=1)
  Filter: ((person_id < 1074709) AND (role_id = 3))
  Rows Removed by Filter: 35393946
Planning time: 3.666 ms
Execution time: 12634.989 ms
