Hash Join  (cost=133968.36..221575.64 rows=94924 width=0) (actual time=3055.592..4331.089 rows=264689 loops=1)
  Hash Cond: (mk.movie_id = t.id)
  ->  Seq Scan on movie_keyword mk  (cost=0.00..69693.30 rows=4523930 width=4) (actual time=0.022..857.710 rows=4523930 loops=1)
  ->  Hash  (cost=133305.17..133305.17 rows=53055 width=8) (actual time=2668.107..2668.107 rows=53910 loops=1)
        Buckets: 65536  Batches: 1  Memory Usage: 2618kB
        ->  Hash Join  (cost=76379.89..133305.17 rows=53055 width=8) (actual time=1731.153..2648.168 rows=53910 loops=1)
              Hash Cond: (mc.movie_id = t.id)
              ->  Seq Scan on movie_companies mc  (cost=0.00..51404.11 rows=250833 width=4) (actual time=241.408..914.107 rows=253827 loops=1)
                    Filter: (company_id > 100479)
                    Rows Removed by Filter: 2355302
              ->  Hash  (cost=67604.59..67604.59 rows=534824 width=4) (actual time=1488.709..1488.709 rows=533369 loops=1)
                    Buckets: 131072  Batches: 8  Memory Usage: 3369kB
                    ->  Seq Scan on title t  (cost=0.00..67604.59 rows=534824 width=4) (actual time=0.041..1314.569 rows=533369 loops=1)
                          Filter: (production_year > 2009)
                          Rows Removed by Filter: 1994943
Planning time: 1.171 ms
Execution time: 4359.581 ms
