Seq Scan on movie_keyword mk  (cost=0.00..81003.12 rows=2497253 width=0) (actual time=0.032..1480.249 rows=2489984 loops=1)
  Filter: (keyword_id < 6066)
  Rows Removed by Filter: 2033946
Planning time: 1.308 ms
Execution time: 1804.237 ms
