Hash Join  (cost=151814.97..287588.56 rows=1130355 width=0) (actual time=3631.079..7792.033 rows=1860423 loops=1)
  Hash Cond: (mk.movie_id = t.id)
  ->  Seq Scan on movie_keyword mk  (cost=0.00..69693.30 rows=4523930 width=4) (actual time=0.091..1520.857 rows=4523930 loops=1)
  ->  Hash  (cost=141449.71..141449.71 rows=631781 width=8) (actual time=3627.068..3627.068 rows=482982 loops=1)
        Buckets: 131072  Batches: 16  Memory Usage: 2215kB
        ->  Hash Join  (cost=92917.42..141449.71 rows=631781 width=8) (actual time=1960.372..3476.579 rows=482982 loops=1)
              Hash Cond: (mi_idx.movie_id = t.id)
              ->  Seq Scan on movie_info_idx mi_idx  (cost=0.00..21735.35 rows=1380035 width=4) (actual time=0.026..501.975 rows=1380035 loops=1)
              ->  Hash  (cost=73925.90..73925.90 rows=1157561 width=4) (actual time=1959.289..1959.289 rows=1267332 loops=1)
                    Buckets: 131072  Batches: 16  Memory Usage: 3815kB
                    ->  Seq Scan on title t  (cost=0.00..73925.90 rows=1157561 width=4) (actual time=0.019..1549.248 rows=1267332 loops=1)
                          Filter: ((kind_id > 1) AND (production_year > 1996))
                          Rows Removed by Filter: 1260980
Planning time: 2.399 ms
Execution time: 8007.683 ms
