Hash Join  (cost=817062.73..1309016.83 rows=1138517 width=0) (actual time=13960.873..27861.605 rows=3984027 loops=1)
  Hash Cond: (mi.movie_id = t.id)
  ->  Seq Scan on movie_info mi  (cost=0.00..309384.22 rows=14739122 width=4) (actual time=0.014..6204.901 rows=14835720 loops=1)
  ->  Hash  (cost=813858.30..813858.30 rows=195315 width=8) (actual time=13960.030..13960.030 rows=293726 loops=1)
        Buckets: 131072  Batches: 4  Memory Usage: 3861kB
        ->  Hash Join  (cost=70241.71..813858.30 rows=195315 width=8) (actual time=5093.261..13857.798 rows=293726 loops=1)
              Hash Cond: (ci.movie_id = t.id)
              ->  Seq Scan on cast_info ci  (cost=0.00..705507.15 rows=3072609 width=4) (actual time=4031.255..11338.804 rows=3135551 loops=1)
                    Filter: (person_id > 3484127)
                    Rows Removed by Filter: 33108793
              ->  Hash  (cost=67604.59..67604.59 rows=160730 width=4) (actual time=1061.156..1061.156 rows=160017 loops=1)
                    Buckets: 131072  Batches: 4  Memory Usage: 2436kB
                    ->  Seq Scan on title t  (cost=0.00..67604.59 rows=160730 width=4) (actual time=0.019..1004.811 rows=160017 loops=1)
                          Filter: (production_year = 2011)
                          Rows Removed by Filter: 2368295
Planning time: 1.271 ms
Execution time: 28364.042 ms
