Seq Scan on movie_companies mc  (cost=0.00..51404.11 rows=104 width=0) (actual time=244.569..740.453 rows=8 loops=1)
  Filter: (company_id = 30764)
  Rows Removed by Filter: 2609121
Planning time: 0.363 ms
Execution time: 740.528 ms
