Seq Scan on movie_keyword mk  (cost=0.00..81003.12 rows=205767 width=0) (actual time=0.026..1361.376 rows=207295 loops=1)
  Filter: (keyword_id > 67132)
  Rows Removed by Filter: 4316635
Planning time: 0.309 ms
Execution time: 1388.975 ms
