Hash Join  (cost=303991.60..1160355.57 rows=6246821 width=0) (actual time=6936.303..26696.965 rows=19100338 loops=1)
  Hash Cond: (ci.movie_id = t.id)
  ->  Seq Scan on cast_info ci  (cost=0.00..705507.15 rows=5485378 width=4) (actual time=0.018..11729.281 rows=5406564 loops=1)
        Filter: (person_id < 521793)
        Rows Removed by Filter: 30837780
  ->  Hash  (cost=256748.60..256748.60 rows=2879520 width=8) (actual time=6933.949..6933.949 rows=2428089 loops=1)
        Buckets: 131072  Batches: 64  Memory Usage: 2487kB
        ->  Hash Join  (cost=94009.45..256748.60 rows=2879520 width=8) (actual time=1791.249..6187.851 rows=2428089 loops=1)
              Hash Cond: (mk.movie_id = t.id)
              ->  Seq Scan on movie_keyword mk  (cost=0.00..69693.30 rows=4523930 width=4) (actual time=0.021..1393.132 rows=4523930 loops=1)
              ->  Hash  (cost=67604.59..67604.59 rows=1609429 width=4) (actual time=1789.816..1789.816 rows=1607077 loops=1)
                    Buckets: 131072  Batches: 32  Memory Usage: 2799kB
                    ->  Seq Scan on title t  (cost=0.00..67604.59 rows=1609429 width=4) (actual time=0.024..1080.007 rows=1607077 loops=1)
                          Filter: (production_year > 1995)
                          Rows Removed by Filter: 921235
Planning time: 1.251 ms
Execution time: 28818.057 ms
