Nested Loop  (cost=0.43..58358.52 rows=16 width=0) (actual time=20.405..944.006 rows=29 loops=1)
  ->  Seq Scan on movie_companies mc  (cost=0.00..57926.93 rows=51 width=4) (actual time=20.336..942.847 rows=29 loops=1)
        Filter: ((company_type_id < 2) AND (company_id = 22658))
        Rows Removed by Filter: 2609100
  ->  Index Scan using title_pkey on title t  (cost=0.43..8.45 rows=1 width=4) (actual time=0.035..0.036 rows=1 loops=29)
        Index Cond: (id = mc.movie_id)
        Filter: ((kind_id < 4) AND (production_year < 2013))
Planning time: 0.814 ms
Execution time: 944.144 ms
