Hash Join  (cost=135174.28..257521.80 rows=546739 width=0) (actual time=3221.148..8024.602 rows=5673041 loops=1)
  Hash Cond: (mk.movie_id = t.id)
  ->  Seq Scan on movie_keyword mk  (cost=0.00..81003.12 rows=2944001 width=4) (actual time=0.020..1647.930 rows=2928909 loops=1)
        Filter: (keyword_id < 9659)
        Rows Removed by Filter: 1595021
  ->  Hash  (cost=127469.53..127469.53 rows=469580 width=8) (actual time=3220.260..3220.260 rows=854105 loops=1)
        Buckets: 131072 (originally 131072)  Batches: 16 (originally 8)  Memory Usage: 3120kB
        ->  Hash Join  (cost=81720.25..127469.53 rows=469580 width=8) (actual time=1441.665..2952.995 rows=854105 loops=1)
              Hash Cond: (mi_idx.movie_id = t.id)
              ->  Seq Scan on movie_info_idx mi_idx  (cost=0.00..21735.35 rows=1380035 width=4) (actual time=0.043..452.128 rows=1380035 loops=1)
              ->  Hash  (cost=67604.59..67604.59 rows=860373 width=4) (actual time=1440.824..1440.824 rows=854214 loops=1)
                    Buckets: 131072  Batches: 16  Memory Usage: 2897kB
                    ->  Seq Scan on title t  (cost=0.00..67604.59 rows=860373 width=4) (actual time=0.016..1167.626 rows=854214 loops=1)
                          Filter: (kind_id < 4)
                          Rows Removed by Filter: 1674098
Planning time: 0.966 ms
Execution time: 8624.090 ms
