Hash Join  (cost=130965.11..883879.66 rows=212538 width=0) (actual time=2554.577..20404.801 rows=409379 loops=1)
  Hash Cond: (ci.movie_id = t.id)
  ->  Seq Scan on cast_info ci  (cost=0.00..614943.12 rows=36225612 width=4) (actual time=0.014..9016.663 rows=36244344 loops=1)
  ->  Hash  (cost=130779.67..130779.67 rows=14835 width=8) (actual time=2554.354..2554.354 rows=13265 loops=1)
        Buckets: 16384  Batches: 1  Memory Usage: 647kB
        ->  Hash Join  (cost=67976.49..130779.67 rows=14835 width=8) (actual time=1481.394..2549.112 rows=13265 loops=1)
              Hash Cond: (mc.movie_id = t.id)
              ->  Seq Scan on movie_companies mc  (cost=0.00..57926.93 rows=1260774 width=4) (actual time=387.102..1178.718 rows=1200694 loops=1)
                    Filter: ((company_id < 139175) AND (company_type_id > 1))
                    Rows Removed by Filter: 1408435
              ->  Hash  (cost=67604.59..67604.59 rows=29752 width=4) (actual time=1093.540..1093.540 rows=30027 loops=1)
                    Buckets: 32768  Batches: 1  Memory Usage: 1312kB
                    ->  Seq Scan on title t  (cost=0.00..67604.59 rows=29752 width=4) (actual time=0.024..1080.480 rows=30027 loops=1)
                          Filter: (production_year = 1994)
                          Rows Removed by Filter: 2498285
Planning time: 1.252 ms
Execution time: 20466.383 ms
