Hash Join  (cost=94574.69..176602.74 rows=577282 width=0) (actual time=1996.180..4109.639 rows=292745 loops=1)
  Hash Cond: (mc.movie_id = t.id)
  ->  Seq Scan on movie_companies mc  (cost=0.00..57926.93 rows=1159811 width=4) (actual time=82.653..1244.291 rows=1265703 loops=1)
        Filter: ((company_id > 161) AND (company_type_id = 2))
        Rows Removed by Filter: 1343426
  ->  Hash  (cost=73925.90..73925.90 rows=1258543 width=4) (actual time=1912.443..1912.443 rows=1221534 loops=1)
        Buckets: 131072  Batches: 32  Memory Usage: 2363kB
        ->  Seq Scan on title t  (cost=0.00..73925.90 rows=1258543 width=4) (actual time=0.028..1484.545 rows=1221534 loops=1)
              Filter: ((production_year < 2011) AND (kind_id = 7))
              Rows Removed by Filter: 1306778
Planning time: 0.847 ms
Execution time: 4145.643 ms
