Hash Join  (cost=257321.96..773834.71 rows=5497957 width=0) (actual time=5710.655..16361.149 rows=2202060 loops=1)
  Hash Cond: (mi.movie_id = t.id)
  ->  Seq Scan on movie_info mi  (cost=0.00..346232.03 rows=9476311 width=4) (actual time=0.013..6523.209 rows=9565151 loops=1)
        Filter: (info_type_id < 16)
        Rows Removed by Filter: 5270569
  ->  Hash  (cost=233253.49..233253.49 rows=1466998 width=8) (actual time=5436.876..5436.876 rows=378739 loops=1)
        Buckets: 131072  Batches: 32  Memory Usage: 1505kB
        ->  Hash Join  (cost=90016.07..233253.49 rows=1466998 width=8) (actual time=2298.081..5341.848 rows=378739 loops=1)
              Hash Cond: (mk.movie_id = t.id)
              ->  Seq Scan on movie_keyword mk  (cost=0.00..81003.12 rows=3782217 width=4) (actual time=0.024..1771.193 rows=3779337 loops=1)
                    Filter: (keyword_id > 677)
                    Rows Removed by Filter: 744593
              ->  Hash  (cost=73925.90..73925.90 rows=980733 width=4) (actual time=1573.445..1573.445 rows=1074493 loops=1)
                    Buckets: 131072  Batches: 16  Memory Usage: 3400kB
                    ->  Seq Scan on title t  (cost=0.00..73925.90 rows=980733 width=4) (actual time=0.027..1252.531 rows=1074493 loops=1)
                          Filter: ((production_year > 1995) AND (kind_id = 7))
                          Rows Removed by Filter: 1453819
Planning time: 1.004 ms
Execution time: 16575.295 ms
