Seq Scan on movie_keyword mk  (cost=0.00..81003.12 rows=4483403 width=0) (actual time=0.015..1591.843 rows=4486324 loops=1)
  Filter: (keyword_id < 105974)
  Rows Removed by Filter: 37606
Planning time: 0.299 ms
Execution time: 2149.048 ms
