Seq Scan on movie_companies mc  (cost=0.00..51404.11 rows=2236614 width=0) (actual time=0.029..958.393 rows=2236084 loops=1)
  Filter: (company_id > 207)
  Rows Removed by Filter: 373045
Planning time: 0.346 ms
Execution time: 1234.049 ms
