Seq Scan on movie_keyword mk  (cost=0.00..81003.12 rows=2032905 width=12) (actual time=0.020..581.572 rows=2036196 loops=1)
  Filter: (keyword_id < 3639)
  Rows Removed by Filter: 2487734
Planning time: 0.283 ms
Execution time: 648.894 ms
