Hash Join  (cost=114563.60..204931.48 rows=944036 width=144) (actual time=2317.646..4388.403 rows=893460 loops=1)
  Hash Cond: (mi_idx.movie_id = t.id)
  ->  Seq Scan on movie_info_idx mi_idx  (cost=0.00..21735.35 rows=1380035 width=50) (actual time=0.016..406.358 rows=1380035 loops=1)
  ->  Hash  (cost=67604.59..67604.59 rows=1729681 width=94) (actual time=2316.211..2316.211 rows=1725233 loops=1)
        Buckets: 32768  Batches: 64  Memory Usage: 3290kB
        ->  Seq Scan on title t  (cost=0.00..67604.59 rows=1729681 width=94) (actual time=0.027..1538.318 rows=1725233 loops=1)
              Filter: (production_year > 1991)
              Rows Removed by Filter: 803079
Planning time: 0.990 ms
Execution time: 4439.539 ms
