Hash Join  (cost=258828.64..862398.09 rows=8517652 width=0) (actual time=6066.800..22651.710 rows=12225845 loops=1)
  Hash Cond: (mi.movie_id = t.id)
  ->  Seq Scan on movie_info mi  (cost=0.00..346232.03 rows=12928982 width=4) (actual time=359.412..7738.958 rows=12970088 loops=1)
        Filter: (info_type_id < 18)
        Rows Removed by Filter: 1865632
  ->  Hash  (cost=231498.13..231498.13 rows=1665801 width=8) (actual time=5706.173..5706.173 rows=888859 loops=1)
        Buckets: 131072  Batches: 32  Memory Usage: 2104kB
        ->  Hash Join  (cost=89201.08..231498.13 rows=1665801 width=8) (actual time=1753.171..5450.806 rows=888859 loops=1)
              Hash Cond: (mk.movie_id = t.id)
              ->  Seq Scan on movie_keyword mk  (cost=0.00..69693.30 rows=4523930 width=4) (actual time=0.023..1442.275 rows=4523930 loops=1)
              ->  Hash  (cost=73925.90..73925.90 rows=931054 width=4) (actual time=1751.652..1751.652 rows=852178 loops=1)
                    Buckets: 131072  Batches: 16  Memory Usage: 2905kB
                    ->  Seq Scan on title t  (cost=0.00..73925.90 rows=931054 width=4) (actual time=0.023..1478.027 rows=852178 loops=1)
                          Filter: ((kind_id > 1) AND (production_year < 2004))
                          Rows Removed by Filter: 1676134
Planning time: 1.197 ms
Execution time: 23985.323 ms
