Seq Scan on movie_keyword mk  (cost=0.00..81003.12 rows=246 width=0) (actual time=0.813..1258.904 rows=2855 loops=1)
  Filter: (keyword_id = 895)
  Rows Removed by Filter: 4521075
Planning time: 0.239 ms
Execution time: 1259.770 ms
