Hash Join  (cost=1018504.83..4694414.41 rows=194373309 width=0) (actual time=25268.183..173216.766 rows=423809661 loops=1)
  Hash Cond: (ci.movie_id = t.id)
  ->  Seq Scan on cast_info ci  (cost=0.00..705507.15 rows=33345145 width=4) (actual time=0.014..17184.076 rows=33414977 loops=1)
        Filter: (person_id > 273355)
        Rows Removed by Filter: 2829367
  ->  Hash  (cost=776690.81..776690.81 rows=14739122 width=8) (actual time=25266.849..25266.849 rows=14835720 loops=1)
        Buckets: 131072  Batches: 256  Memory Usage: 3268kB
        ->  Hash Join  (cost=102767.86..776690.81 rows=14739122 width=8) (actual time=2006.308..20970.446 rows=14835720 loops=1)
              Hash Cond: (mi.movie_id = t.id)
              ->  Seq Scan on movie_info mi  (cost=0.00..309384.22 rows=14739122 width=4) (actual time=0.028..6467.610 rows=14835720 loops=1)
              ->  Hash  (cost=61283.27..61283.27 rows=2528527 width=4) (actual time=2004.862..2004.862 rows=2528312 loops=1)
                    Buckets: 131072  Batches: 64  Memory Usage: 2425kB
                    ->  Seq Scan on title t  (cost=0.00..61283.27 rows=2528527 width=4) (actual time=0.010..1144.387 rows=2528312 loops=1)
Planning time: 1.165 ms
Execution time: 220351.579 ms
