Hash Join  (cost=263115.61..428903.49 rows=3156941 width=0) (actual time=6429.089..15100.935 rows=24088091 loops=1)
  Hash Cond: (mk.movie_id = t.id)
  ->  Seq Scan on movie_keyword mk  (cost=0.00..81003.12 rows=3059416 width=4) (actual time=0.026..1795.705 rows=3041615 loops=1)
        Filter: (keyword_id > 2118)
        Rows Removed by Filter: 1482315
  ->  Hash  (cost=220309.49..220309.49 rows=2609129 width=8) (actual time=6427.648..6427.648 rows=2609129 loops=1)
        Buckets: 131072  Batches: 64  Memory Usage: 2691kB
        ->  Hash Join  (cost=102767.86..220309.49 rows=2609129 width=8) (actual time=2155.170..5635.675 rows=2609129 loops=1)
              Hash Cond: (mc.movie_id = t.id)
              ->  Seq Scan on movie_companies mc  (cost=0.00..44881.29 rows=2609129 width=4) (actual time=0.016..933.797 rows=2609129 loops=1)
              ->  Hash  (cost=61283.27..61283.27 rows=2528527 width=4) (actual time=2154.276..2154.276 rows=2528312 loops=1)
                    Buckets: 131072  Batches: 64  Memory Usage: 2415kB
                    ->  Seq Scan on title t  (cost=0.00..61283.27 rows=2528527 width=4) (actual time=0.028..1168.426 rows=2528312 loops=1)
Planning time: 5.970 ms
Execution time: 17715.986 ms
