Hash Join  (cost=74344.78..161602.37 rows=59955 width=0) (actual time=1542.229..3086.958 rows=110659 loops=1)
  Hash Cond: (mk.movie_id = t.id)
  ->  Seq Scan on movie_keyword mk  (cost=0.00..69693.30 rows=4523930 width=4) (actual time=0.029..1009.165 rows=4523930 loops=1)
  ->  Hash  (cost=73925.90..73925.90 rows=33510 width=4) (actual time=1195.760..1195.760 rows=22107 loops=1)
        Buckets: 65536  Batches: 1  Memory Usage: 1290kB
        ->  Seq Scan on title t  (cost=0.00..73925.90 rows=33510 width=4) (actual time=0.035..1186.841 rows=22107 loops=1)
              Filter: ((kind_id = 1) AND (production_year = 2008))
              Rows Removed by Filter: 2506205
Planning time: 16.414 ms
Execution time: 3102.201 ms
