Hash Join  (cost=102767.86..257009.87 rows=2633162 width=0) (actual time=1940.044..5892.146 rows=2618687 loops=1)
  Hash Cond: (mk.movie_id = t.id)
  ->  Seq Scan on movie_keyword mk  (cost=0.00..81003.12 rows=2633162 width=4) (actual time=0.025..1648.344 rows=2618687 loops=1)
        Filter: (keyword_id > 3262)
        Rows Removed by Filter: 1905243
  ->  Hash  (cost=61283.27..61283.27 rows=2528527 width=4) (actual time=1937.696..1937.696 rows=2528312 loops=1)
        Buckets: 131072  Batches: 64  Memory Usage: 2425kB
        ->  Seq Scan on title t  (cost=0.00..61283.27 rows=2528527 width=4) (actual time=0.020..1081.574 rows=2528312 loops=1)
Planning time: 0.773 ms
Execution time: 6196.129 ms
