Seq Scan on movie_keyword mk  (cost=0.00..81003.12 rows=3006892 width=0) (actual time=0.017..1499.215 rows=2989156 loops=1)
  Filter: (keyword_id < 10387)
  Rows Removed by Filter: 1534774
Planning time: 3.081 ms
Execution time: 1876.292 ms
