Hash Join  (cost=170371.07..1060262.30 rows=3892894 width=0) (actual time=5537.642..25832.653 rows=8851723 loops=1)
  Hash Cond: (ci.movie_id = t.id)
  ->  Seq Scan on cast_info ci  (cost=0.00..705507.15 rows=12309636 width=4) (actual time=1487.514..13028.047 rows=12402295 loops=1)
        Filter: (person_id > 2444575)
        Rows Removed by Filter: 23842049
  ->  Hash  (cost=157251.56..157251.56 rows=799641 width=8) (actual time=4048.896..4048.896 rows=821942 loops=1)
        Buckets: 131072  Batches: 16  Memory Usage: 3035kB
        ->  Hash Join  (cost=103698.42..157251.56 rows=799641 width=8) (actual time=1934.373..3569.370 rows=821942 loops=1)
              Hash Cond: (mi_idx.movie_id = t.id)
              ->  Seq Scan on movie_info_idx mi_idx  (cost=0.00..25185.44 rows=919057 width=4) (actual time=0.038..532.836 rows=920110 loops=1)
                    Filter: (info_type_id > 99)
                    Rows Removed by Filter: 459925
              ->  Hash  (cost=67604.59..67604.59 rows=2199987 width=4) (actual time=1933.103..1933.103 rows=2192624 loops=1)
                    Buckets: 131072  Batches: 32  Memory Usage: 3436kB
                    ->  Seq Scan on title t  (cost=0.00..67604.59 rows=2199987 width=4) (actual time=0.016..1232.601 rows=2192624 loops=1)
                          Filter: (production_year > 1961)
                          Rows Removed by Filter: 335688
Planning time: 1.247 ms
Execution time: 26840.052 ms
