Hash Join  (cost=169379.39..1194956.90 rows=7939706 width=0) (actual time=3824.976..34245.709 rows=17317376 loops=1)
  Hash Cond: (ci.movie_id = t.id)
  ->  Seq Scan on cast_info ci  (cost=0.00..705507.15 rows=20483817 width=4) (actual time=0.025..14827.573 rows=20609929 loops=1)
        Filter: (person_id > 1543118)
        Rows Removed by Filter: 15634415
  ->  Hash  (cost=153299.40..153299.40 rows=980079 width=8) (actual time=3823.527..3823.527 rows=1127306 loops=1)
        Buckets: 131072  Batches: 16  Memory Usage: 3788kB
        ->  Hash Join  (cost=97066.09..153299.40 rows=980079 width=8) (actual time=1777.653..3498.960 rows=1127306 loops=1)
              Hash Cond: (mi_idx.movie_id = t.id)
              ->  Seq Scan on movie_info_idx mi_idx  (cost=0.00..21735.35 rows=1380035 width=4) (actual time=0.014..435.609 rows=1380035 loops=1)
              ->  Hash  (cost=67604.59..67604.59 rows=1795720 width=4) (actual time=1776.334..1776.334 rows=1794153 loops=1)
                    Buckets: 131072  Batches: 32  Memory Usage: 2992kB
                    ->  Seq Scan on title t  (cost=0.00..67604.59 rows=1795720 width=4) (actual time=0.017..1215.916 rows=1794153 loops=1)
                          Filter: (production_year < 2009)
                          Rows Removed by Filter: 734159
Planning time: 1.199 ms
Execution time: 36216.995 ms
