Hash Join  (cost=102767.86..281545.26 rows=3652817 width=0) (actual time=1920.106..7324.094 rows=3645009 loops=1)
  Hash Cond: (mk.movie_id = t.id)
  ->  Seq Scan on movie_keyword mk  (cost=0.00..81003.12 rows=3652817 width=4) (actual time=0.025..1700.816 rows=3645009 loops=1)
        Filter: (keyword_id < 20983)
        Rows Removed by Filter: 878921
  ->  Hash  (cost=61283.27..61283.27 rows=2528527 width=4) (actual time=1918.691..1918.691 rows=2528312 loops=1)
        Buckets: 131072  Batches: 64  Memory Usage: 2425kB
        ->  Seq Scan on title t  (cost=0.00..61283.27 rows=2528527 width=4) (actual time=0.017..1044.181 rows=2528312 loops=1)
Planning time: 0.783 ms
Execution time: 7756.452 ms
