Seq Scan on movie_companies mc  (cost=0.00..57926.93 rows=53 width=0) (actual time=13.466..940.130 rows=327 loops=1)
  Filter: ((company_type_id > 1) AND (company_id = 2096))
  Rows Removed by Filter: 2608802
Planning time: 0.378 ms
Execution time: 940.354 ms
