Nested Loop  (cost=32807.94..94727.15 rows=243 width=0) (actual time=646.456..1658.106 rows=1206 loops=1)
  Join Filter: (mc.movie_id = t.id)
  ->  Hash Join  (cost=32807.51..92968.76 rows=2069 width=8) (actual time=646.395..1602.619 rows=2410 loops=1)
        Hash Cond: (mc.movie_id = mi_idx.movie_id)
        ->  Seq Scan on movie_companies mc  (cost=0.00..57926.93 rows=2175 width=4) (actual time=0.518..882.047 rows=2763 loops=1)
              Filter: ((company_type_id < 2) AND (company_id = 240))
              Rows Removed by Filter: 2606366
        ->  Hash  (cost=25185.44..25185.44 rows=464566 width=4) (actual time=639.808..639.808 rows=459925 loops=1)
              Buckets: 131072  Batches: 8  Memory Usage: 3050kB
              ->  Seq Scan on movie_info_idx mi_idx  (cost=0.00..25185.44 rows=464566 width=4) (actual time=0.022..488.675 rows=459925 loops=1)
                    Filter: (info_type_id = 101)
                    Rows Removed by Filter: 920110
  ->  Index Scan using title_pkey on title t  (cost=0.43..0.84 rows=1 width=4) (actual time=0.022..0.022 rows=1 loops=2410)
        Index Cond: (id = mi_idx.movie_id)
        Filter: (kind_id = 7)
        Rows Removed by Filter: 0
Planning time: 1.218 ms
Execution time: 1658.597 ms
