Seq Scan on cast_info ci  (cost=0.00..796071.18 rows=20418547 width=0) (actual time=0.021..16737.204 rows=18788895 loops=1)
  Filter: ((person_id < 3198913) AND (role_id > 1))
  Rows Removed by Filter: 17455449
Planning time: 0.375 ms
Execution time: 19052.938 ms
