Hash Join  (cost=102951.51..1499119.12 rows=30866643 width=0) (actual time=2276.056..45806.536 rows=32550220 loops=1)
  Hash Cond: (ci.movie_id = t.id)
  ->  Seq Scan on cast_info ci  (cost=0.00..614943.12 rows=36225612 width=4) (actual time=0.016..13331.466 rows=36244344 loops=1)
  ->  Hash  (cost=67604.59..67604.59 rows=2154474 width=4) (actual time=2274.702..2274.702 rows=2146684 loops=1)
        Buckets: 131072  Batches: 32  Memory Usage: 3385kB
        ->  Seq Scan on title t  (cost=0.00..67604.59 rows=2154474 width=4) (actual time=0.025..1346.940 rows=2146684 loops=1)
              Filter: (production_year > 1965)
              Rows Removed by Filter: 381628
Planning time: 0.523 ms
Execution time: 49559.801 ms
