Hash Join  (cost=67697.55..120802.20 rows=1323 width=0) (actual time=1404.661..1898.285 rows=2331 loops=1)
  Hash Cond: (mc.movie_id = t.id)
  ->  Seq Scan on movie_companies mc  (cost=0.00..51404.11 rows=449949 width=4) (actual time=470.369..866.889 rows=452972 loops=1)
        Filter: (company_id > 77036)
        Rows Removed by Filter: 2156157
  ->  Hash  (cost=67604.59..67604.59 rows=7437 width=4) (actual time=932.999..932.999 rows=8007 loops=1)
        Buckets: 8192  Batches: 1  Memory Usage: 346kB
        ->  Seq Scan on title t  (cost=0.00..67604.59 rows=7437 width=4) (actual time=0.073..928.775 rows=8007 loops=1)
              Filter: (production_year = 1955)
              Rows Removed by Filter: 2520305
Planning time: 0.726 ms
Execution time: 1898.767 ms
