Hash Join  (cost=624074.01..2230629.14 rows=33714882 width=0) (actual time=13726.940..49899.438 rows=22797537 loops=1)
  Hash Cond: (ci.movie_id = t.id)
  ->  Seq Scan on cast_info ci  (cost=0.00..614943.12 rows=36225612 width=4) (actual time=0.016..12991.623 rows=36244344 loops=1)
  ->  Hash  (cost=585465.01..585465.01 rows=2353280 width=8) (actual time=13726.029..13726.029 rows=855757 loops=1)
        Buckets: 131072  Batches: 32  Memory Usage: 2051kB
        ->  Hash Join  (cost=80549.28..585465.01 rows=2353280 width=8) (actual time=1153.956..13466.139 rows=855757 loops=1)
              Hash Cond: (mi.movie_id = t.id)
              ->  Seq Scan on movie_info mi  (cost=0.00..309384.22 rows=14739122 width=4) (actual time=0.029..5470.770 rows=14835720 loops=1)
              ->  Hash  (cost=73925.90..73925.90 rows=403710 width=4) (actual time=1153.035..1153.035 rows=434218 loops=1)
                    Buckets: 131072  Batches: 8  Memory Usage: 2941kB
                    ->  Seq Scan on title t  (cost=0.00..73925.90 rows=403710 width=4) (actual time=0.021..1012.436 rows=434218 loops=1)
                          Filter: ((production_year > 2008) AND (kind_id = 7))
                          Rows Removed by Filter: 2094094
Planning time: 1.241 ms
Execution time: 52333.784 ms
