Hash Join  (cost=454976.12..1519314.46 rows=2972424 width=0) (actual time=7839.829..37897.398 rows=3683226 loops=1)
  Hash Cond: (ci.movie_id = t.id)
  ->  Seq Scan on cast_info ci  (cost=0.00..614943.12 rows=36225612 width=4) (actual time=0.020..13590.870 rows=36244344 loops=1)
  ->  Hash  (cost=451571.71..451571.71 rows=207473 width=8) (actual time=7839.034..7839.034 rows=114207 loops=1)
        Buckets: 131072  Batches: 4  Memory Usage: 2135kB
        ->  Hash Join  (cost=92883.59..451571.71 rows=207473 width=8) (actual time=5167.895..7802.609 rows=114207 loops=1)
              Hash Cond: (mi.movie_id = t.id)
              ->  Seq Scan on movie_info mi  (cost=0.00..346232.03 rows=340474 width=4) (actual time=3451.720..5618.230 rows=328857 loops=1)
                    Filter: (info_type_id = 98)
                    Rows Removed by Filter: 14506863
              ->  Hash  (cost=67604.59..67604.59 rows=1540800 width=4) (actual time=1713.639..1713.639 rows=1543264 loops=1)
                    Buckets: 131072  Batches: 32  Memory Usage: 2728kB
                    ->  Seq Scan on title t  (cost=0.00..67604.59 rows=1540800 width=4) (actual time=0.031..1222.013 rows=1543264 loops=1)
                          Filter: (kind_id = 7)
                          Rows Removed by Filter: 985048
Planning time: 1.203 ms
Execution time: 38346.439 ms
