Hash Join  (cost=83073.74..139464.24 rows=35 width=0) (actual time=1278.587..2281.501 rows=30 loops=1)
  Hash Cond: (mc.movie_id = t.id)
  ->  Seq Scan on movie_companies mc  (cost=0.00..51404.11 rows=1329612 width=4) (actual time=0.284..876.527 rows=1334883 loops=1)
        Filter: (company_type_id = 2)
        Rows Removed by Filter: 1274246
  ->  Hash  (cost=83072.90..83072.90 rows=67 width=8) (actual time=1215.281..1215.281 rows=199 loops=1)
        Buckets: 1024  Batches: 1  Memory Usage: 16kB
        ->  Nested Loop  (cost=0.43..83072.90 rows=67 width=8) (actual time=470.194..1215.179 rows=199 loops=1)
              ->  Seq Scan on movie_keyword mk  (cost=0.00..81003.12 rows=246 width=4) (actual time=0.053..1196.505 rows=441 loops=1)
                    Filter: (keyword_id = 1859)
                    Rows Removed by Filter: 4523489
              ->  Index Scan using title_pkey on title t  (cost=0.43..8.40 rows=1 width=4) (actual time=0.041..0.041 rows=0 loops=441)
                    Index Cond: (id = mk.movie_id)
                    Filter: ((production_year < 2002) AND (kind_id = 7))
                    Rows Removed by Filter: 1
Planning time: 1.219 ms
Execution time: 2281.664 ms
