Hash Join  (cost=265070.35..877191.67 rows=10673849 width=0) (actual time=5379.204..19122.927 rows=4546057 loops=1)
  Hash Cond: (mi.movie_id = t.id)
  ->  Seq Scan on movie_info mi  (cost=0.00..309384.22 rows=14739122 width=4) (actual time=0.012..5992.138 rows=14835720 loops=1)
  ->  Hash  (cost=235028.34..235028.34 rows=1831121 width=8) (actual time=5365.296..5365.296 rows=454977 loops=1)
        Buckets: 131072  Batches: 32  Memory Usage: 1598kB
        ->  Hash Join  (cost=90717.09..235028.34 rows=1831121 width=8) (actual time=2274.441..5243.899 rows=454977 loops=1)
              Hash Cond: (mk.movie_id = t.id)
              ->  Seq Scan on movie_keyword mk  (cost=0.00..69693.30 rows=4523930 width=4) (actual time=0.018..1460.361 rows=4523930 loops=1)
              ->  Hash  (cost=73925.90..73925.90 rows=1023455 width=4) (actual time=1699.378..1699.378 rows=1117981 loops=1)
                    Buckets: 131072  Batches: 16  Memory Usage: 3495kB
                    ->  Seq Scan on title t  (cost=0.00..73925.90 rows=1023455 width=4) (actual time=0.021..1347.650 rows=1117981 loops=1)
                          Filter: ((production_year > 1993) AND (kind_id = 7))
                          Rows Removed by Filter: 1410331
Planning time: 4.597 ms
Execution time: 19651.037 ms
