Seq Scan on movie_companies mc  (cost=0.00..51404.11 rows=97271 width=0) (actual time=339.672..762.820 rows=97889 loops=1)
  Filter: (company_id > 158794)
  Rows Removed by Filter: 2511240
Planning time: 0.302 ms
Execution time: 775.228 ms
