Hash Join  (cost=127837.40..198989.80 rows=86474 width=0) (actual time=3664.198..5830.629 rows=958178 loops=1)
  Hash Cond: (mc.movie_id = t.id)
  ->  Seq Scan on movie_companies mc  (cost=0.00..57926.93 rows=994595 width=4) (actual time=144.327..1054.380 rows=1274246 loops=1)
        Filter: ((company_id < 70905) AND (company_type_id < 2))
        Rows Removed by Filter: 1334883
  ->  Hash  (cost=124230.40..124230.40 rows=219840 width=8) (actual time=3519.023..3519.023 rows=480212 loops=1)
        Buckets: 131072 (originally 131072)  Batches: 8 (originally 4)  Memory Usage: 3387kB
        ->  Hash Join  (cost=83891.93..124230.40 rows=219840 width=8) (actual time=2117.895..3370.921 rows=480212 loops=1)
              Hash Cond: (mi_idx.movie_id = t.id)
              ->  Seq Scan on movie_info_idx mi_idx  (cost=0.00..25185.44 rows=915101 width=4) (actual time=0.026..577.952 rows=919850 loops=1)
                    Filter: (info_type_id < 101)
                    Rows Removed by Filter: 460185
              ->  Hash  (cost=73925.90..73925.90 rows=607442 width=4) (actual time=2117.092..2117.092 rows=675690 loops=1)
                    Buckets: 131072  Batches: 8  Memory Usage: 4012kB
                    ->  Seq Scan on title t  (cost=0.00..73925.90 rows=607442 width=4) (actual time=0.016..1196.668 rows=675690 loops=1)
                          Filter: ((kind_id < 7) AND (production_year < 2007))
                          Rows Removed by Filter: 1852622
Planning time: 1.160 ms
Execution time: 5947.339 ms
