Hash Join  (cost=97968.46..136943.40 rows=269239 width=0) (actual time=1976.066..2932.157 rows=141856 loops=1)
  Hash Cond: (mi_idx.movie_id = t.id)
  ->  Seq Scan on movie_info_idx mi_idx  (cost=0.00..25185.44 rows=464566 width=4) (actual time=0.030..479.580 rows=459925 loops=1)
        Filter: (info_type_id = 101)
        Rows Removed by Filter: 920110
  ->  Hash  (cost=73925.90..73925.90 rows=1465404 width=4) (actual time=1949.112..1949.112 rows=1478439 loops=1)
        Buckets: 131072  Batches: 32  Memory Usage: 2651kB
        ->  Seq Scan on title t  (cost=0.00..73925.90 rows=1465404 width=4) (actual time=143.542..1482.430 rows=1478439 loops=1)
              Filter: ((production_year > 1914) AND (kind_id = 7))
              Rows Removed by Filter: 1049873
Planning time: 0.748 ms
Execution time: 2949.660 ms
