Seq Scan on movie_keyword mk  (cost=0.00..81003.12 rows=1910898 width=0) (actual time=0.030..1478.785 rows=1918858 loops=1)
  Filter: (keyword_id < 3306)
  Rows Removed by Filter: 2605072
Planning time: 0.360 ms
Execution time: 1727.634 ms
