Hash Join  (cost=107321.88..861649.95 rows=109818 width=0) (actual time=9747.490..19889.678 rows=636574 loops=1)
  Hash Cond: (ci.movie_id = t.id)
  ->  Seq Scan on cast_info ci  (cost=0.00..705507.15 rows=12726058 width=4) (actual time=7710.100..14315.585 rows=12670688 loops=1)
        Filter: (role_id = 1)
        Rows Removed by Filter: 23573656
  ->  Hash  (cost=107049.13..107049.13 rows=21820 width=8) (actual time=2036.927..2036.927 rows=49930 loops=1)
        Buckets: 65536 (originally 32768)  Batches: 1 (originally 1)  Memory Usage: 2463kB
        ->  Hash Join  (cost=75919.53..107049.13 rows=21820 width=8) (actual time=1350.394..2018.860 rows=49930 loops=1)
              Hash Cond: (mi_idx.movie_id = t.id)
              ->  Seq Scan on movie_info_idx mi_idx  (cost=0.00..25185.44 rows=454124 width=4) (actual time=0.032..423.024 rows=459925 loops=1)
                    Filter: (info_type_id = 100)
                    Rows Removed by Filter: 920110
              ->  Hash  (cost=73925.90..73925.90 rows=121490 width=4) (actual time=1349.363..1349.363 rows=222618 loops=1)
                    Buckets: 131072 (originally 131072)  Batches: 4 (originally 2)  Memory Usage: 3073kB
                    ->  Seq Scan on title t  (cost=0.00..73925.90 rows=121490 width=4) (actual time=0.035..1269.273 rows=222618 loops=1)
                          Filter: ((kind_id < 7) AND (production_year < 1966))
                          Rows Removed by Filter: 2305694
Planning time: 1.168 ms
Execution time: 19969.376 ms
