Seq Scan on movie_keyword mk  (cost=0.00..81003.12 rows=9638 width=0) (actual time=307.053..1278.702 rows=7554 loops=1)
  Filter: (keyword_id > 127230)
  Rows Removed by Filter: 4516376
Planning time: 0.371 ms
Execution time: 1279.978 ms
