Seq Scan on movie_keyword mk  (cost=0.00..81003.12 rows=246 width=0) (actual time=13.108..966.075 rows=108 loops=1)
  Filter: (keyword_id = 34627)
  Rows Removed by Filter: 4523822
Planning time: 0.407 ms
Execution time: 966.241 ms
