Seq Scan on movie_keyword mk  (cost=0.00..81003.12 rows=1508767 width=0) (actual time=0.023..1409.971 rows=1526870 loops=1)
  Filter: (keyword_id > 10500)
  Rows Removed by Filter: 2997060
Planning time: 0.303 ms
Execution time: 1590.703 ms
