Hash Join  (cost=81206.46..114265.52 rows=80896 width=0) (actual time=1517.982..2368.893 rows=180903 loops=1)
  Hash Cond: (mi_idx.movie_id = t.id)
  ->  Seq Scan on movie_info_idx mi_idx  (cost=0.00..25185.44 rows=460978 width=4) (actual time=0.020..486.915 rows=459925 loops=1)
        Filter: (info_type_id < 100)
        Rows Removed by Filter: 920110
  ->  Hash  (cost=73925.90..73925.90 rows=443724 width=4) (actual time=1517.017..1517.017 rows=536860 loops=1)
        Buckets: 131072  Batches: 8  Memory Usage: 3395kB
        ->  Seq Scan on title t  (cost=0.00..73925.90 rows=443724 width=4) (actual time=0.027..1352.181 rows=536860 loops=1)
              Filter: ((kind_id < 7) AND (production_year < 2002))
              Rows Removed by Filter: 1991452
Planning time: 0.709 ms
Execution time: 2392.038 ms
