Seq Scan on cast_info ci  (cost=0.00..705507.15 rows=10028632 width=0) (actual time=0.014..11776.340 rows=10035798 loops=1)
  Filter: (person_id > 2712130)
  Rows Removed by Filter: 26208546
Planning time: 0.261 ms
Execution time: 13027.601 ms
