Hash Join  (cost=102767.86..198993.17 rows=222042 width=0) (actual time=2576.786..4555.266 rows=223264 loops=1)
  Hash Cond: (mk.movie_id = t.id)
  ->  Seq Scan on movie_keyword mk  (cost=0.00..81003.12 rows=222042 width=4) (actual time=0.033..1377.178 rows=223264 loops=1)
        Filter: (keyword_id > 64187)
        Rows Removed by Filter: 4300666
  ->  Hash  (cost=61283.27..61283.27 rows=2528527 width=4) (actual time=2574.215..2574.215 rows=2528312 loops=1)
        Buckets: 131072  Batches: 64  Memory Usage: 2425kB
        ->  Seq Scan on title t  (cost=0.00..61283.27 rows=2528527 width=4) (actual time=0.016..1156.446 rows=2528312 loops=1)
Planning time: 0.696 ms
Execution time: 4583.264 ms
