Seq Scan on movie_companies mc  (cost=0.00..51404.11 rows=1544093 width=0) (actual time=0.024..908.861 rows=1533587 loops=1)
  Filter: (company_id < 14437)
  Rows Removed by Filter: 1075542
Planning time: 0.357 ms
Execution time: 1093.470 ms
