Seq Scan on cast_info ci  (cost=0.00..705507.15 rows=500 width=0) (actual time=2745.721..11046.750 rows=109 loops=1)
  Filter: (person_id = 2362717)
  Rows Removed by Filter: 36244235
Planning time: 0.342 ms
Execution time: 11046.836 ms
