Hash Join  (cost=257921.10..900423.76 rows=13521183 width=0) (actual time=6288.111..37147.878 rows=62411092 loops=1)
  Hash Cond: (mi.movie_id = t.id)
  ->  Seq Scan on movie_info mi  (cost=0.00..309384.22 rows=14739122 width=4) (actual time=0.023..6342.318 rows=14835720 loops=1)
  ->  Hash  (cost=219865.26..219865.26 rows=2319587 width=8) (actual time=6286.902..6286.902 rows=2324920 loops=1)
        Buckets: 131072  Batches: 32  Memory Usage: 3911kB
        ->  Hash Join  (cost=102767.86..219865.26 rows=2319587 width=8) (actual time=1685.987..5584.468 rows=2324920 loops=1)
              Hash Cond: (mc.movie_id = t.id)
              ->  Seq Scan on movie_companies mc  (cost=0.00..51404.11 rows=2319587 width=4) (actual time=0.026..1121.157 rows=2324920 loops=1)
                    Filter: (company_id > 155)
                    Rows Removed by Filter: 284209
              ->  Hash  (cost=61283.27..61283.27 rows=2528527 width=4) (actual time=1684.098..1684.098 rows=2528312 loops=1)
                    Buckets: 131072  Batches: 64  Memory Usage: 2415kB
                    ->  Seq Scan on title t  (cost=0.00..61283.27 rows=2528527 width=4) (actual time=0.009..909.262 rows=2528312 loops=1)
Planning time: 1.185 ms
Execution time: 44303.980 ms
