Seq Scan on movie_companies mc  (cost=0.00..57926.93 rows=53 width=0) (actual time=469.492..773.337 rows=14 loops=1)
  Filter: ((company_id = 48955) AND (company_type_id = 2))
  Rows Removed by Filter: 2609115
Planning time: 0.399 ms
Execution time: 773.434 ms
