Hash Join  (cost=83074.74..109986.57 rows=134 width=0) (actual time=1305.149..1871.679 rows=162 loops=1)
  Hash Cond: (mi_idx.movie_id = t.id)
  ->  Seq Scan on movie_info_idx mi_idx  (cost=0.00..21735.35 rows=1380035 width=4) (actual time=0.017..316.772 rows=1380035 loops=1)
  ->  Hash  (cost=83071.67..83071.67 rows=246 width=8) (actual time=1297.311..1297.311 rows=65 loops=1)
        Buckets: 1024  Batches: 1  Memory Usage: 11kB
        ->  Nested Loop  (cost=0.43..83071.67 rows=246 width=8) (actual time=46.510..1297.224 rows=65 loops=1)
              ->  Seq Scan on movie_keyword mk  (cost=0.00..81003.12 rows=246 width=4) (actual time=46.433..1292.754 rows=65 loops=1)
                    Filter: (keyword_id = 7130)
                    Rows Removed by Filter: 4523865
              ->  Index Only Scan using title_pkey on title t  (cost=0.43..8.40 rows=1 width=4) (actual time=0.064..0.064 rows=1 loops=65)
                    Index Cond: (id = mk.movie_id)
                    Heap Fetches: 65
Planning time: 1.185 ms
Execution time: 1871.820 ms
