Hash Join  (cost=165618.41..205046.09 rows=101120 width=0) (actual time=3410.580..4579.387 rows=367749 loops=1)
  Hash Cond: (mi_idx.movie_id = t.id)
  ->  Seq Scan on movie_info_idx mi_idx  (cost=0.00..21735.35 rows=1380035 width=4) (actual time=0.019..494.033 rows=1380035 loops=1)
  ->  Hash  (cost=162578.48..162578.48 rows=185274 width=8) (actual time=3409.871..3409.871 rows=258076 loops=1)
        Buckets: 131072  Batches: 4  Memory Usage: 3534kB
        ->  Hash Join  (cost=92883.59..162578.48 rows=185274 width=8) (actual time=2338.196..3326.334 rows=258076 loops=1)
              Hash Cond: (mc.movie_id = t.id)
              ->  Seq Scan on movie_companies mc  (cost=0.00..57926.93 rows=304044 width=4) (actual time=0.013..855.071 rows=444346 loops=1)
                    Filter: ((company_id < 756) AND (company_type_id < 2))
                    Rows Removed by Filter: 2164783
              ->  Hash  (cost=67604.59..67604.59 rows=1540800 width=4) (actual time=1878.259..1878.259 rows=1543264 loops=1)
                    Buckets: 131072  Batches: 32  Memory Usage: 2722kB
                    ->  Seq Scan on title t  (cost=0.00..67604.59 rows=1540800 width=4) (actual time=0.029..1386.644 rows=1543264 loops=1)
                          Filter: (kind_id = 7)
                          Rows Removed by Filter: 985048
Planning time: 1.027 ms
Execution time: 4623.483 ms
