Seq Scan on movie_companies mc  (cost=0.00..57926.93 rows=611971 width=0) (actual time=0.011..934.318 rows=884591 loops=1)
  Filter: ((company_id > 12167) AND (company_type_id > 1))
  Rows Removed by Filter: 1724538
Planning time: 0.372 ms
Execution time: 1036.604 ms
