Hash Join  (cost=157467.54..1193229.53 rows=1014750 width=0) (actual time=3221.496..29518.616 rows=1025011 loops=1)
  Hash Cond: (ci.movie_id = t.id)
  ->  Seq Scan on cast_info ci  (cost=0.00..705507.15 rows=27653425 width=4) (actual time=0.009..16689.557 rows=27758030 loops=1)
        Filter: (role_id < 6)
        Rows Removed by Filter: 8486314
  ->  Hash  (cost=155944.72..155944.72 rows=92785 width=8) (actual time=3220.597..3220.597 rows=43025 loops=1)
        Buckets: 131072  Batches: 2  Memory Usage: 1859kB
        ->  Hash Join  (cost=75533.21..155944.72 rows=92785 width=8) (actual time=1299.043..3205.706 rows=43025 loops=1)
              Hash Cond: (mc.movie_id = t.id)
              ->  Seq Scan on movie_companies mc  (cost=0.00..51404.11 rows=2395348 width=4) (actual time=0.020..1084.235 rows=2394784 loops=1)
                    Filter: (company_id > 69)
                    Rows Removed by Filter: 214345
              ->  Hash  (cost=73925.90..73925.90 rows=97944 width=4) (actual time=1238.435..1238.435 rows=106247 loops=1)
                    Buckets: 131072  Batches: 2  Memory Usage: 2890kB
                    ->  Seq Scan on title t  (cost=0.00..73925.90 rows=97944 width=4) (actual time=0.039..1199.665 rows=106247 loops=1)
                          Filter: ((kind_id = 7) AND (production_year = 2011))
                          Rows Removed by Filter: 2422065
Planning time: 1.202 ms
Execution time: 29637.802 ms
