Nested Loop  (cost=0.43..58358.52 rows=3 width=0) (actual time=210.568..1052.947 rows=10 loops=1)
  ->  Seq Scan on movie_companies mc  (cost=0.00..57926.93 rows=51 width=4) (actual time=182.149..976.208 rows=2058 loops=1)
        Filter: ((company_type_id < 2) AND (company_id = 741))
        Rows Removed by Filter: 2607071
  ->  Index Scan using title_pkey on title t  (cost=0.43..8.45 rows=1 width=4) (actual time=0.037..0.037 rows=0 loops=2058)
        Index Cond: (id = mc.movie_id)
        Filter: ((kind_id < 7) AND (production_year > 2010))
        Rows Removed by Filter: 1
Planning time: 0.925 ms
Execution time: 1053.071 ms
