Hash Join  (cost=141008.19..640007.77 rows=1798763 width=0) (actual time=3011.515..16957.336 rows=4066567 loops=1)
  Hash Cond: (mi.movie_id = t.id)
  ->  Seq Scan on movie_info mi  (cost=0.00..309384.22 rows=14739122 width=4) (actual time=0.017..6327.861 rows=14835720 loops=1)
  ->  Hash  (cost=135944.91..135944.91 rows=308582 width=8) (actual time=3010.657..3010.657 rows=285080 loops=1)
        Buckets: 131072  Batches: 8  Memory Usage: 2427kB
        ->  Hash Join  (cost=95159.82..135944.91 rows=308582 width=8) (actual time=1833.550..2921.155 rows=285080 loops=1)
              Hash Cond: (mi_idx.movie_id = t.id)
              ->  Seq Scan on movie_info_idx mi_idx  (cost=0.00..25185.44 rows=464566 width=4) (actual time=0.030..495.785 rows=459925 loops=1)
                    Filter: (info_type_id = 101)
                    Rows Removed by Filter: 920110
              ->  Hash  (cost=67604.59..67604.59 rows=1679539 width=4) (actual time=1832.547..1832.547 rows=1673541 loops=1)
                    Buckets: 131072  Batches: 32  Memory Usage: 2866kB
                    ->  Seq Scan on title t  (cost=0.00..67604.59 rows=1679539 width=4) (actual time=0.018..1291.640 rows=1673541 loops=1)
                          Filter: (production_year > 1993)
                          Rows Removed by Filter: 854771
Planning time: 1.141 ms
Execution time: 17451.131 ms
