Hash Join  (cost=128753.73..931130.91 rows=47668 width=0) (actual time=2267.941..20077.604 rows=56371 loops=1)
  Hash Cond: (ci.movie_id = t.id)
  ->  Seq Scan on cast_info ci  (cost=0.00..705507.15 rows=25704894 width=4) (actual time=0.016..12655.291 rows=25888888 loops=1)
        Filter: (person_id > 1017201)
        Rows Removed by Filter: 10355456
  ->  Hash  (cost=128695.12..128695.12 rows=4689 width=8) (actual time=2267.205..2267.205 rows=9614 loops=1)
        Buckets: 16384 (originally 8192)  Batches: 1 (originally 1)  Memory Usage: 504kB
        ->  Hash Join  (cost=73982.71..128695.12 rows=4689 width=8) (actual time=1198.825..2263.060 rows=9614 loops=1)
              Hash Cond: (mc.movie_id = t.id)
              ->  Seq Scan on movie_companies mc  (cost=0.00..44881.29 rows=2609129 width=4) (actual time=0.015..655.894 rows=2609129 loops=1)
              ->  Hash  (cost=73925.90..73925.90 rows=4544 width=4) (actual time=1072.243..1072.243 rows=4032 loops=1)
                    Buckets: 8192  Batches: 1  Memory Usage: 206kB
                    ->  Seq Scan on title t  (cost=0.00..73925.90 rows=4544 width=4) (actual time=0.022..1069.934 rows=4032 loops=1)
                          Filter: ((kind_id = 2) AND (production_year = 2008))
                          Rows Removed by Filter: 2524280
Planning time: 1.295 ms
Execution time: 20087.992 ms
