Seq Scan on movie_companies mc  (cost=0.00..57926.93 rows=460456 width=0) (actual time=0.029..970.468 rows=148902 loops=1)
  Filter: ((company_id > 18699) AND (company_type_id < 2))
  Rows Removed by Filter: 2460227
Planning time: 0.342 ms
Execution time: 989.835 ms
