Hash Join  (cost=84197.31..1159362.24 rows=9399145 width=0) (actual time=1622.447..33217.648 rows=11117196 loops=1)
  Hash Cond: (ci.movie_id = t.id)
  ->  Seq Scan on cast_info ci  (cost=0.00..705507.15 rows=23499554 width=4) (actual time=0.026..16038.459 rows=23573656 loops=1)
        Filter: (role_id > 1)
        Rows Removed by Filter: 12670688
  ->  Hash  (cost=67604.59..67604.59 rows=1011338 width=4) (actual time=1621.453..1621.453 rows=1012920 loops=1)
        Buckets: 131072  Batches: 16  Memory Usage: 3250kB
        ->  Seq Scan on title t  (cost=0.00..67604.59 rows=1011338 width=4) (actual time=0.020..1301.509 rows=1012920 loops=1)
              Filter: (production_year > 2005)
              Rows Removed by Filter: 1515392
Planning time: 0.731 ms
Execution time: 34550.858 ms
