Seq Scan on cast_info ci  (cost=0.00..796071.18 rows=10215884 width=0) (actual time=1667.508..15151.552 rows=12425139 loops=1)
  Filter: ((person_id > 1316262) AND (role_id > 2))
  Rows Removed by Filter: 23819205
Planning time: 4.261 ms
Execution time: 16702.962 ms
