Seq Scan on movie_keyword mk  (cost=0.00..81003.12 rows=246 width=0) (actual time=6.915..1331.618 rows=343 loops=1)
  Filter: (keyword_id = 31252)
  Rows Removed by Filter: 4523587
Planning time: 0.350 ms
Execution time: 1331.915 ms
