Seq Scan on movie_info mi  (cost=0.00..346232.03 rows=17937 width=0) (actual time=5020.903..5406.759 rows=6509 loops=1)
  Filter: (info_type_id = 42)
  Rows Removed by Filter: 14829211
Planning time: 0.362 ms
Execution time: 5407.717 ms
