Hash Join  (cost=137964.44..225215.73 rows=59325 width=0) (actual time=2908.856..4672.027 rows=31133 loops=1)
  Hash Cond: (mk.movie_id = t.id)
  ->  Seq Scan on movie_keyword mk  (cost=0.00..69693.30 rows=4523930 width=4) (actual time=0.031..960.214 rows=4523930 loops=1)
  ->  Hash  (cost=137549.97..137549.97 rows=33158 width=8) (actual time=2908.155..2908.155 rows=13578 loops=1)
        Buckets: 65536  Batches: 1  Memory Usage: 1043kB
        ->  Hash Join  (cost=75533.21..137549.97 rows=33158 width=8) (actual time=2430.407..2903.113 rows=13578 loops=1)
              Hash Cond: (mc.movie_id = t.id)
              ->  Seq Scan on movie_companies mc  (cost=0.00..51404.11 rows=856019 width=4) (actual time=0.031..896.268 rows=862045 loops=1)
                    Filter: (company_id > 24091)
                    Rows Removed by Filter: 1747084
              ->  Hash  (cost=73925.90..73925.90 rows=97944 width=4) (actual time=1673.933..1673.933 rows=106247 loops=1)
                    Buckets: 131072  Batches: 2  Memory Usage: 2890kB
                    ->  Seq Scan on title t  (cost=0.00..73925.90 rows=97944 width=4) (actual time=0.021..1206.628 rows=106247 loops=1)
                          Filter: ((kind_id = 7) AND (production_year = 2011))
                          Rows Removed by Filter: 2422065
Planning time: 1.135 ms
Execution time: 4675.993 ms
