Hash Join  (cost=88376.58..134317.20 rows=480714 width=0) (actual time=1709.156..3086.528 rows=248055 loops=1)
  Hash Cond: (mi_idx.movie_id = t.id)
  ->  Seq Scan on movie_info_idx mi_idx  (cost=0.00..21735.35 rows=1380035 width=4) (actual time=0.025..475.759 rows=1380035 loops=1)
  ->  Hash  (cost=73925.90..73925.90 rows=880774 width=4) (actual time=1707.789..1707.789 rows=963042 loops=1)
        Buckets: 131072  Batches: 16  Memory Usage: 3147kB
        ->  Seq Scan on title t  (cost=0.00..73925.90 rows=880774 width=4) (actual time=0.014..1386.236 rows=963042 loops=1)
              Filter: ((kind_id > 4) AND (production_year > 1999))
              Rows Removed by Filter: 1565270
Planning time: 0.851 ms
Execution time: 3119.294 ms
