Seq Scan on cast_info ci  (cost=0.00..705507.15 rows=18118599 width=0) (actual time=0.025..11435.967 rows=17981496 loops=1)
  Filter: (person_id < 1784060)
  Rows Removed by Filter: 18262848
Planning time: 4.179 ms
Execution time: 13578.517 ms
