Hash Join  (cost=98969.27..156288.78 rows=1043398 width=0) (actual time=1960.760..3941.279 rows=1028692 loops=1)
  Hash Cond: (mi_idx.movie_id = t.id)
  ->  Seq Scan on movie_info_idx mi_idx  (cost=0.00..21735.35 rows=1380035 width=4) (actual time=0.024..448.066 rows=1380035 loops=1)
  ->  Hash  (cost=67604.59..67604.59 rows=1911735 width=4) (actual time=1959.895..1959.895 rows=1903258 loops=1)
        Buckets: 131072  Batches: 32  Memory Usage: 3122kB
        ->  Seq Scan on title t  (cost=0.00..67604.59 rows=1911735 width=4) (actual time=0.027..1349.957 rows=1903258 loops=1)
              Filter: (production_year > 1982)
              Rows Removed by Filter: 625054
Planning time: 0.723 ms
Execution time: 4062.937 ms
