Seq Scan on movie_keyword mk  (cost=0.00..81003.12 rows=1205889 width=0) (actual time=0.023..1314.713 rows=1214548 loops=1)
  Filter: (keyword_id > 15036)
  Rows Removed by Filter: 3309382
Planning time: 0.357 ms
Execution time: 1461.208 ms
