Seq Scan on movie_keyword mk  (cost=0.00..81003.12 rows=246 width=0) (actual time=141.816..1212.052 rows=16 loops=1)
  Filter: (keyword_id = 22721)
  Rows Removed by Filter: 4523914
Planning time: 0.373 ms
Execution time: 1212.156 ms
