Hash Join  (cost=91123.00..244372.11 rows=2564707 width=0) (actual time=1769.179..5904.595 rows=2079172 loops=1)
  Hash Cond: (mk.movie_id = t.id)
  ->  Seq Scan on movie_keyword mk  (cost=0.00..69693.30 rows=4523930 width=4) (actual time=0.013..1450.448 rows=4523930 loops=1)
  ->  Hash  (cost=67604.59..67604.59 rows=1433473 width=4) (actual time=1767.492..1767.492 rows=1434466 loops=1)
        Buckets: 131072  Batches: 32  Memory Usage: 2608kB
        ->  Seq Scan on title t  (cost=0.00..67604.59 rows=1433473 width=4) (actual time=0.010..1278.381 rows=1434466 loops=1)
              Filter: (production_year > 1999)
              Rows Removed by Filter: 1093846
Planning time: 0.760 ms
Execution time: 6136.988 ms
