Hash Join  (cost=74323.94..101408.21 rows=17379 width=0) (actual time=1522.692..1870.883 rows=10878 loops=1)
  Hash Cond: (mi_idx.movie_id = t.id)
  ->  Seq Scan on movie_info_idx mi_idx  (cost=0.00..21735.35 rows=1380035 width=4) (actual time=0.027..295.546 rows=1380035 loops=1)
  ->  Hash  (cost=73925.90..73925.90 rows=31843 width=4) (actual time=1241.099..1241.099 rows=35656 loops=1)
        Buckets: 65536 (originally 32768)  Batches: 1 (originally 1)  Memory Usage: 1766kB
        ->  Seq Scan on title t  (cost=0.00..73925.90 rows=31843 width=4) (actual time=0.052..1225.615 rows=35656 loops=1)
              Filter: ((kind_id = 7) AND (production_year = 2000))
              Rows Removed by Filter: 2492656
Planning time: 0.777 ms
Execution time: 1872.504 ms
