Seq Scan on cast_info ci  (cost=0.00..705507.15 rows=34434296 width=0) (actual time=0.022..12694.221 rows=34525261 loops=1)
  Filter: (person_id > 171059)
  Rows Removed by Filter: 1719083
Planning time: 0.342 ms
Execution time: 16677.852 ms
