Seq Scan on cast_info ci  (cost=0.00..705507.15 rows=27254830 width=0) (actual time=309.460..13293.875 rows=27398632 loops=1)
  Filter: (person_id > 870407)
  Rows Removed by Filter: 8845712
Planning time: 0.298 ms
Execution time: 16691.499 ms
