Seq Scan on movie_keyword mk  (cost=0.00..81003.12 rows=2264980 width=0) (actual time=0.014..1235.376 rows=2261052 loops=1)
  Filter: (keyword_id > 4705)
  Rows Removed by Filter: 2262878
Planning time: 0.396 ms
Execution time: 1486.044 ms
