Seq Scan on cast_info ci  (cost=0.00..705507.15 rows=500 width=0) (actual time=3315.409..10900.966 rows=494 loops=1)
  Filter: (person_id = 1241713)
  Rows Removed by Filter: 36243850
Planning time: 0.368 ms
Execution time: 10901.178 ms
