Hash Join  (cost=491644.87..1327090.06 rows=2749447 width=0) (actual time=13323.907..26522.111 rows=3972873 loops=1)
  Hash Cond: (ci.movie_id = t.id)
  ->  Seq Scan on cast_info ci  (cost=0.00..705507.15 rows=8586287 width=4) (actual time=4957.899..12562.482 rows=8584599 loops=1)
        Filter: (person_id > 2829555)
        Rows Removed by Filter: 27659745
  ->  Hash  (cost=478361.00..478361.00 rows=809669 width=8) (actual time=8364.658..8364.658 rows=802140 loops=1)
        Buckets: 131072  Batches: 16  Memory Usage: 2973kB
        ->  Hash Join  (cost=102767.86..478361.00 rows=809669 width=8) (actual time=4734.614..8132.477 rows=802140 loops=1)
              Hash Cond: (mi.movie_id = t.id)
              ->  Seq Scan on movie_info mi  (cost=0.00..346232.03 rows=809669 width=4) (actual time=2757.087..5067.508 rows=802140 loops=1)
                    Filter: (info_type_id = 1)
                    Rows Removed by Filter: 14033580
              ->  Hash  (cost=61283.27..61283.27 rows=2528527 width=4) (actual time=1976.518..1976.518 rows=2528312 loops=1)
                    Buckets: 131072  Batches: 64  Memory Usage: 2425kB
                    ->  Seq Scan on title t  (cost=0.00..61283.27 rows=2528527 width=4) (actual time=0.029..1109.620 rows=2528312 loops=1)
Planning time: 4.451 ms
Execution time: 26994.040 ms
