Seq Scan on cast_info ci  (cost=0.00..705507.15 rows=33521542 width=0) (actual time=0.042..13418.878 rows=33581797 loops=1)
  Filter: (person_id > 255373)
  Rows Removed by Filter: 2662547
Planning time: 0.344 ms
Execution time: 17525.633 ms
