Nested Loop  (cost=0.43..28266.72 rows=184 width=0) (actual time=277.804..464.611 rows=205 loops=1)
  ->  Seq Scan on movie_info_idx mi_idx  (cost=0.00..25185.44 rows=368 width=4) (actual time=277.729..460.213 rows=260 loops=1)
        Filter: (info_type_id > 101)
        Rows Removed by Filter: 1379775
  ->  Index Scan using title_pkey on title t  (cost=0.43..8.36 rows=1 width=4) (actual time=0.016..0.016 rows=1 loops=260)
        Index Cond: (id = mi_idx.movie_id)
        Filter: (production_year < 2004)
        Rows Removed by Filter: 0
Planning time: 0.714 ms
Execution time: 464.748 ms
