Hash Join  (cost=444728.91..572119.24 rows=442229 width=0) (actual time=7449.685..11915.543 rows=6421696 loops=1)
  Hash Cond: (mk.movie_id = t.id)
  ->  Seq Scan on movie_keyword mk  (cost=0.00..69693.30 rows=4523930 width=4) (actual time=0.023..1444.178 rows=4523930 loops=1)
  ->  Hash  (cost=440673.26..440673.26 rows=247172 width=8) (actual time=7448.856..7448.856 rows=243470 loops=1)
        Buckets: 131072  Batches: 4  Memory Usage: 3413kB
        ->  Hash Join  (cost=78473.92..440673.26 rows=247172 width=8) (actual time=5732.777..7387.793 rows=243470 loops=1)
              Hash Cond: (mi.movie_id = t.id)
              ->  Seq Scan on movie_info mi  (cost=0.00..346232.03 rows=943358 width=4) (actual time=4015.891..5329.370 rows=978723 loops=1)
                    Filter: (info_type_id > 90)
                    Rows Removed by Filter: 13856997
              ->  Hash  (cost=67604.59..67604.59 rows=662507 width=4) (actual time=1470.354..1470.354 rows=662065 loops=1)
                    Buckets: 131072  Batches: 16  Memory Usage: 2487kB
                    ->  Seq Scan on title t  (cost=0.00..67604.59 rows=662507 width=4) (actual time=0.040..1244.229 rows=662065 loops=1)
                          Filter: (production_year > 2008)
                          Rows Removed by Filter: 1866247
Planning time: 1.122 ms
Execution time: 12622.157 ms
