Hash Join  (cost=196680.66..1109692.83 rows=3215548 width=0) (actual time=4878.043..27443.055 rows=8602199 loops=1)
  Hash Cond: (ci.movie_id = t.id)
  ->  Seq Scan on cast_info ci  (cost=0.00..796071.18 rows=6936668 width=4) (actual time=0.043..15529.994 rows=7666938 loops=1)
        Filter: ((person_id > 661637) AND (role_id > 5))
        Rows Removed by Filter: 28577406
  ->  Hash  (cost=177450.18..177450.18 rows=1172119 width=8) (actual time=4876.789..4876.789 rows=1467163 loops=1)
        Buckets: 131072 (originally 131072)  Batches: 32 (originally 16)  Memory Usage: 3073kB
        ->  Hash Join  (cost=86241.46..177450.18 rows=1172119 width=8) (actual time=1566.464..4432.967 rows=1467163 loops=1)
              Hash Cond: (mc.movie_id = t.id)
              ->  Seq Scan on movie_companies mc  (cost=0.00..44881.29 rows=2609129 width=4) (actual time=0.024..918.345 rows=2609129 loops=1)
              ->  Hash  (cost=67604.59..67604.59 rows=1135910 width=4) (actual time=1565.753..1565.753 rows=1133355 loops=1)
                    Buckets: 131072  Batches: 16  Memory Usage: 3516kB
                    ->  Seq Scan on title t  (cost=0.00..67604.59 rows=1135910 width=4) (actual time=0.019..1202.324 rows=1133355 loops=1)
                          Filter: (production_year < 2002)
                          Rows Removed by Filter: 1394957
Planning time: 1.146 ms
Execution time: 28414.684 ms
