Seq Scan on movie_companies mc  (cost=0.00..57926.93 rows=803272 width=0) (actual time=0.027..970.755 rows=501646 loops=1)
  Filter: ((company_id < 15193) AND (company_type_id = 2))
  Rows Removed by Filter: 2107483
Planning time: 0.350 ms
Execution time: 1042.838 ms
