Seq Scan on cast_info ci  (cost=0.00..796071.18 rows=324 width=0) (actual time=348.122..13535.430 rows=3 loops=1)
  Filter: ((role_id > 1) AND (person_id = 1698532))
  Rows Removed by Filter: 36244341
Planning time: 1.641 ms
Execution time: 13535.560 ms
