Seq Scan on movie_keyword mk  (cost=0.00..81003.12 rows=1813921 width=0) (actual time=0.015..1506.987 rows=1817111 loops=1)
  Filter: (keyword_id < 2975)
  Rows Removed by Filter: 2706819
Planning time: 0.364 ms
Execution time: 1733.714 ms
