Nested Loop  (cost=0.43..105080.10 rows=1223 width=0) (actual time=37.059..978.368 rows=897 loops=1)
  ->  Seq Scan on movie_companies mc  (cost=0.00..51404.11 rows=7827 width=4) (actual time=0.550..807.541 rows=6686 loops=1)
        Filter: (company_id = 302)
        Rows Removed by Filter: 2602443
  ->  Index Scan using title_pkey on title t  (cost=0.43..6.85 rows=1 width=4) (actual time=0.025..0.025 rows=0 loops=6686)
        Index Cond: (id = mc.movie_id)
        Filter: ((kind_id < 7) AND (production_year > 2005))
        Rows Removed by Filter: 1
Planning time: 0.610 ms
Execution time: 978.823 ms
