Seq Scan on cast_info ci  (cost=0.00..796071.18 rows=108 width=0) (actual time=364.431..13179.388 rows=92 loops=1)
  Filter: ((role_id > 6) AND (person_id = 611892))
  Rows Removed by Filter: 36244252
Planning time: 0.357 ms
Execution time: 13179.523 ms
