Nested Loop  (cost=0.43..709673.15 rows=132 width=0) (actual time=2143.880..11022.630 rows=1 loops=1)
  ->  Seq Scan on cast_info ci  (cost=0.00..705507.15 rows=500 width=4) (actual time=2143.714..11022.458 rows=1 loops=1)
        Filter: (person_id = 284510)
        Rows Removed by Filter: 36244343
  ->  Index Scan using title_pkey on title t  (cost=0.43..8.32 rows=1 width=4) (actual time=0.095..0.096 rows=1 loops=1)
        Index Cond: (id = ci.movie_id)
        Filter: (kind_id = 1)
Planning time: 1.723 ms
Execution time: 11022.746 ms
