Hash Join  (cost=102767.86..260924.85 rows=2795807 width=0) (actual time=1864.965..6129.902 rows=2788641 loops=1)
  Hash Cond: (mk.movie_id = t.id)
  ->  Seq Scan on movie_keyword mk  (cost=0.00..81003.12 rows=2795807 width=4) (actual time=0.024..1696.684 rows=2788641 loops=1)
        Filter: (keyword_id > 2830)
        Rows Removed by Filter: 1735289
  ->  Hash  (cost=61283.27..61283.27 rows=2528527 width=4) (actual time=1864.079..1864.079 rows=2528312 loops=1)
        Buckets: 131072  Batches: 64  Memory Usage: 2425kB
        ->  Seq Scan on title t  (cost=0.00..61283.27 rows=2528527 width=4) (actual time=0.017..985.942 rows=2528312 loops=1)
Planning time: 0.643 ms
Execution time: 6477.903 ms
