Hash Join  (cost=82257.13..124704.99 rows=277138 width=0) (actual time=1529.720..3020.398 rows=550776 loops=1)
  Hash Cond: (mi_idx.movie_id = t.id)
  ->  Seq Scan on movie_info_idx mi_idx  (cost=0.00..21735.35 rows=1380035 width=4) (actual time=0.022..420.113 rows=1380035 loops=1)
  ->  Hash  (cost=73925.90..73925.90 rows=507778 width=4) (actual time=1528.796..1528.796 rows=524129 loops=1)
        Buckets: 131072  Batches: 8  Memory Usage: 3340kB
        ->  Seq Scan on title t  (cost=0.00..73925.90 rows=507778 width=4) (actual time=54.836..1356.213 rows=524129 loops=1)
              Filter: ((production_year < 2010) AND (kind_id = 1))
              Rows Removed by Filter: 2004183
Planning time: 1.366 ms
Execution time: 3084.694 ms
