Hash Join  (cost=568504.59..759956.42 rows=4772097 width=0) (actual time=10363.645..15085.254 rows=4336660 loops=1)
  Hash Cond: (mk.movie_id = t.id)
  ->  Seq Scan on movie_keyword mk  (cost=0.00..69693.30 rows=4523930 width=4) (actual time=0.013..1452.361 rows=4523930 loops=1)
  ->  Hash  (cost=524745.18..524745.18 rows=2667233 width=8) (actual time=10361.518..10361.518 rows=1446970 loops=1)
        Buckets: 131072  Batches: 64  Memory Usage: 1904kB
        ->  Hash Join  (cost=98137.04..524745.18 rows=2667233 width=8) (actual time=1853.154..9918.505 rows=1446970 loops=1)
              Hash Cond: (mi.movie_id = t.id)
              ->  Seq Scan on movie_info mi  (cost=0.00..346232.03 rows=3623957 width=4) (actual time=0.025..5471.416 rows=3624977 loops=1)
                    Filter: (info_type_id < 4)
                    Rows Removed by Filter: 11210743
              ->  Hash  (cost=67604.59..67604.59 rows=1860996 width=4) (actual time=1851.936..1851.936 rows=1865487 loops=1)
                    Buckets: 131072  Batches: 32  Memory Usage: 3085kB
                    ->  Seq Scan on title t  (cost=0.00..67604.59 rows=1860996 width=4) (actual time=0.022..1250.880 rows=1865487 loops=1)
                          Filter: (kind_id > 1)
                          Rows Removed by Filter: 662825
Planning time: 8.370 ms
Execution time: 15585.460 ms
