Hash Join  (cost=914553.29..1403325.80 rows=840258 width=0) (actual time=14168.715..25673.943 rows=1255461 loops=1)
  Hash Cond: (mi.movie_id = t.id)
  ->  Seq Scan on movie_info mi  (cost=0.00..309384.22 rows=14739122 width=4) (actual time=0.027..5959.401 rows=14835720 loops=1)
  ->  Hash  (cost=912187.44..912187.44 rows=144148 width=8) (actual time=14167.927..14167.927 rows=57120 loops=1)
        Buckets: 131072  Batches: 2  Memory Usage: 2148kB
        ->  Hash Join  (cost=102767.86..912187.44 rows=144148 width=8) (actual time=6799.880..14148.601 rows=57120 loops=1)
              Hash Cond: (ci.movie_id = t.id)
              ->  Seq Scan on cast_info ci  (cost=0.00..796071.18 rows=144148 width=4) (actual time=4704.286..11652.670 rows=57120 loops=1)
                    Filter: ((person_id < 1460957) AND (role_id > 10))
                    Rows Removed by Filter: 36187224
              ->  Hash  (cost=61283.27..61283.27 rows=2528527 width=4) (actual time=2093.497..2093.497 rows=2528312 loops=1)
                    Buckets: 131072  Batches: 64  Memory Usage: 2415kB
                    ->  Seq Scan on title t  (cost=0.00..61283.27 rows=2528527 width=4) (actual time=0.012..1021.441 rows=2528312 loops=1)
Planning time: 1.145 ms
Execution time: 25842.630 ms
