Nested Loop  (cost=0.43..796578.63 rows=60 width=0) (actual time=3531.914..11269.332 rows=3 loops=1)
  ->  Seq Scan on cast_info ci  (cost=0.00..796071.18 rows=60 width=4) (actual time=3531.811..11269.171 rows=3 loops=1)
        Filter: ((person_id = 1252592) AND (role_id = 10))
        Rows Removed by Filter: 36244341
  ->  Index Only Scan using title_pkey on title t  (cost=0.43..8.45 rows=1 width=4) (actual time=0.044..0.045 rows=1 loops=3)
        Index Cond: (id = ci.movie_id)
        Heap Fetches: 3
Planning time: 0.896 ms
Execution time: 11269.411 ms
