Hash Join  (cost=224054.96..765364.86 rows=5764099 width=0) (actual time=5614.739..45207.675 rows=122366981 loops=1)
  Hash Cond: (mi.movie_id = t.id)
  ->  Seq Scan on movie_info mi  (cost=0.00..309384.22 rows=14739122 width=4) (actual time=0.021..6018.379 rows=14835720 loops=1)
  ->  Hash  (cost=207831.42..207831.42 rows=988843 width=8) (actual time=5613.914..5613.914 rows=2184328 loops=1)
        Buckets: 131072 (originally 131072)  Batches: 32 (originally 16)  Memory Usage: 3761kB
        ->  Hash Join  (cost=83810.17..207831.42 rows=988843 width=8) (actual time=1518.495..5065.222 rows=2184328 loops=1)
              Hash Cond: (mk.movie_id = t.id)
              ->  Seq Scan on movie_keyword mk  (cost=0.00..81003.12 rows=2531384 width=4) (actual time=0.021..1655.674 rows=2524156 loops=1)
                    Filter: (keyword_id < 6257)
                    Rows Removed by Filter: 1999774
              ->  Hash  (cost=67604.59..67604.59 rows=987727 width=4) (actual time=1516.974..1516.974 rows=985048 loops=1)
                    Buckets: 131072  Batches: 16  Memory Usage: 3197kB
                    ->  Seq Scan on title t  (cost=0.00..67604.59 rows=987727 width=4) (actual time=0.018..1207.057 rows=985048 loops=1)
                          Filter: (kind_id < 7)
                          Rows Removed by Filter: 1543264
Planning time: 1.186 ms
Execution time: 57274.710 ms
