Seq Scan on movie_keyword mk  (cost=0.00..81003.12 rows=246 width=0) (actual time=15.603..1101.282 rows=11 loops=1)
  Filter: (keyword_id = 23677)
  Rows Removed by Filter: 4523919
Planning time: 0.323 ms
Execution time: 1101.372 ms
