Hash Join  (cost=94973.51..233562.95 rows=1735800 width=0) (actual time=1896.503..5370.283 rows=656086 loops=1)
  Hash Cond: (mk.movie_id = t.id)
  ->  Seq Scan on movie_keyword mk  (cost=0.00..81003.12 rows=2631063 width=4) (actual time=0.009..1795.456 rows=2624565 loops=1)
        Filter: (keyword_id < 7121)
        Rows Removed by Filter: 1899365
  ->  Hash  (cost=67604.59..67604.59 rows=1668154 width=4) (actual time=1891.524..1891.524 rows=1674098 loops=1)
        Buckets: 131072  Batches: 32  Memory Usage: 2875kB
        ->  Seq Scan on title t  (cost=0.00..67604.59 rows=1668154 width=4) (actual time=0.017..1336.844 rows=1674098 loops=1)
              Filter: (kind_id > 3)
              Rows Removed by Filter: 854214
Planning time: 0.672 ms
Execution time: 5450.856 ms
