Hash Join  (cost=160971.88..693518.30 rows=4942752 width=0) (actual time=3304.571..17631.387 rows=3860952 loops=1)
  Hash Cond: (mi.movie_id = t.id)
  ->  Seq Scan on movie_info mi  (cost=0.00..309384.22 rows=14739122 width=4) (actual time=0.020..6387.578 rows=14835720 loops=1)
  ->  Hash  (cost=147059.64..147059.64 rows=847939 width=8) (actual time=3303.539..3303.539 rows=442380 loops=1)
        Buckets: 131072  Batches: 16  Memory Usage: 2111kB
        ->  Hash Join  (cost=93093.72..147059.64 rows=847939 width=8) (actual time=1693.212..3171.369 rows=442380 loops=1)
              Hash Cond: (mi_idx.movie_id = t.id)
              ->  Seq Scan on movie_info_idx mi_idx  (cost=0.00..21735.35 rows=1380035 width=4) (actual time=0.027..474.813 rows=1380035 loops=1)
              ->  Hash  (cost=67604.59..67604.59 rows=1553611 width=4) (actual time=1687.537..1687.537 rows=1555864 loops=1)
                    Buckets: 131072  Batches: 32  Memory Usage: 2734kB
                    ->  Seq Scan on title t  (cost=0.00..67604.59 rows=1553611 width=4) (actual time=0.027..1193.307 rows=1555864 loops=1)
                          Filter: (kind_id > 4)
                          Rows Removed by Filter: 972448
Planning time: 3.192 ms
Execution time: 18094.308 ms
