Hash Join  (cost=58375.35..145033.44 rows=5 width=0) (actual time=1096.170..2505.548 rows=47 loops=1)
  Hash Cond: (mk.movie_id = t.id)
  ->  Seq Scan on movie_keyword mk  (cost=0.00..69693.30 rows=4523930 width=4) (actual time=0.011..888.324 rows=4523930 loops=1)
  ->  Hash  (cost=58375.31..58375.31 rows=3 width=8) (actual time=863.705..863.705 rows=4 loops=1)
        Buckets: 1024  Batches: 1  Memory Usage: 9kB
        ->  Nested Loop  (cost=0.43..58375.31 rows=3 width=8) (actual time=723.876..863.684 rows=4 loops=1)
              ->  Seq Scan on movie_companies mc  (cost=0.00..57926.93 rows=53 width=4) (actual time=376.860..833.444 rows=452 loops=1)
                    Filter: ((company_id = 11393) AND (company_type_id = 2))
                    Rows Removed by Filter: 2608677
              ->  Index Scan using title_pkey on title t  (cost=0.43..8.45 rows=1 width=4) (actual time=0.066..0.066 rows=0 loops=452)
                    Index Cond: (id = mc.movie_id)
                    Filter: (production_year = 2009)
                    Rows Removed by Filter: 1
Planning time: 1.118 ms
Execution time: 2505.716 ms
