Hash Join  (cost=104943.62..911868.69 rows=80930 width=0) (actual time=11064.166..14872.541 rows=568757 loops=1)
  Hash Cond: (ci.movie_id = t.id)
  ->  Seq Scan on cast_info ci  (cost=0.00..796071.18 rows=89916 width=4) (actual time=8354.889..10669.936 rows=583662 loops=1)
        Filter: ((person_id > 3949172) AND (role_id > 8))
        Rows Removed by Filter: 35660682
  ->  Hash  (cost=67604.59..67604.59 rows=2275843 width=4) (actual time=2707.951..2707.951 rows=2268428 loops=1)
        Buckets: 131072  Batches: 32  Memory Usage: 3520kB
        ->  Seq Scan on title t  (cost=0.00..67604.59 rows=2275843 width=4) (actual time=0.015..1362.807 rows=2268428 loops=1)
              Filter: (production_year > 1953)
              Rows Removed by Filter: 259884
Planning time: 0.717 ms
Execution time: 14943.694 ms
