Hash Join  (cost=125755.56..1052219.35 rows=914764 width=0) (actual time=2599.676..22311.358 rows=651336 loops=1)
  Hash Cond: (ci.movie_id = t.id)
  ->  Seq Scan on cast_info ci  (cost=0.00..796071.18 rows=10410925 width=4) (actual time=0.018..16617.718 rows=7975544 loops=1)
        Filter: ((person_id > 629024) AND (role_id = 1))
        Rows Removed by Filter: 28268800
  ->  Hash  (cost=122110.42..122110.42 rows=222171 width=8) (actual time=2598.544..2598.544 rows=99252 loops=1)
        Buckets: 131072  Batches: 4  Memory Usage: 1984kB
        ->  Hash Join  (cost=80605.23..122110.42 rows=222171 width=8) (actual time=1412.906..2570.325 rows=99252 loops=1)
              Hash Cond: (mi_idx.movie_id = t.id)
              ->  Seq Scan on movie_info_idx mi_idx  (cost=0.00..21735.35 rows=1380035 width=4) (actual time=0.013..500.154 rows=1380035 loops=1)
              ->  Hash  (cost=73925.90..73925.90 rows=407066 width=4) (actual time=1407.311..1407.311 rows=436028 loops=1)
                    Buckets: 131072  Batches: 8  Memory Usage: 2943kB
                    ->  Seq Scan on title t  (cost=0.00..73925.90 rows=407066 width=4) (actual time=0.028..1264.770 rows=436028 loops=1)
                          Filter: ((kind_id > 4) AND (production_year > 2008))
                          Rows Removed by Filter: 2092284
Planning time: 1.136 ms
Execution time: 22379.355 ms
