Hash Join  (cost=170244.82..258016.82 rows=922846 width=0) (actual time=3909.552..6474.630 rows=1650981 loops=1)
  Hash Cond: (mc.movie_id = t.id)
  ->  Seq Scan on movie_companies mc  (cost=0.00..44881.29 rows=2609129 width=4) (actual time=0.020..927.784 rows=2609129 loops=1)
  ->  Hash  (cost=155571.60..155571.60 rows=894338 width=8) (actual time=3908.355..3908.355 rows=707346 loops=1)
        Buckets: 131072  Batches: 16  Memory Usage: 2767kB
        ->  Hash Join  (cost=100809.69..155571.60 rows=894338 width=8) (actual time=2130.577..3701.004 rows=707346 loops=1)
              Hash Cond: (mi_idx.movie_id = t.id)
              ->  Seq Scan on movie_info_idx mi_idx  (cost=0.00..21735.35 rows=1380035 width=4) (actual time=0.013..445.469 rows=1380035 loops=1)
              ->  Hash  (cost=73925.90..73925.90 rows=1638623 width=4) (actual time=2129.399..2129.399 rows=1629839 loops=1)
                    Buckets: 131072  Batches: 32  Memory Usage: 2813kB
                    ->  Seq Scan on title t  (cost=0.00..73925.90 rows=1638623 width=4) (actual time=0.027..1592.534 rows=1629839 loops=1)
                          Filter: ((kind_id > 1) AND (production_year < 2012))
                          Rows Removed by Filter: 898473
Planning time: 1.030 ms
Execution time: 6658.683 ms
