Nested Loop  (cost=0.43..83072.90 rows=47 width=0) (actual time=944.453..1299.749 rows=5 loops=1)
  ->  Seq Scan on movie_keyword mk  (cost=0.00..81003.12 rows=246 width=4) (actual time=0.938..1291.882 rows=167 loops=1)
        Filter: (keyword_id = 11369)
        Rows Removed by Filter: 4523763
  ->  Index Scan using title_pkey on title t  (cost=0.43..8.40 rows=1 width=4) (actual time=0.044..0.044 rows=0 loops=167)
        Index Cond: (id = mk.movie_id)
        Filter: ((kind_id > 1) AND (production_year > 2008))
        Rows Removed by Filter: 1
Planning time: 0.698 ms
Execution time: 1299.861 ms
