Seq Scan on movie_keyword mk  (cost=0.00..81003.12 rows=246 width=0) (actual time=6.900..1249.786 rows=650 loops=1)
  Filter: (keyword_id = 22164)
  Rows Removed by Filter: 4523280
Planning time: 0.344 ms
Execution time: 1250.152 ms
