Hash Join  (cost=95314.15..1009929.74 rows=6291543 width=0) (actual time=1875.610..24053.566 rows=6546481 loops=1)
  Hash Cond: (ci.movie_id = t.id)
  ->  Seq Scan on cast_info ci  (cost=0.00..705507.15 rows=12203201 width=4) (actual time=0.015..13638.008 rows=12113646 loops=1)
        Filter: (role_id > 3)
        Rows Removed by Filter: 24130698
  ->  Hash  (cost=73925.90..73925.90 rows=1303620 width=4) (actual time=1874.561..1874.561 rows=1383104 loops=1)
        Buckets: 131072  Batches: 32  Memory Usage: 2546kB
        ->  Seq Scan on title t  (cost=0.00..73925.90 rows=1303620 width=4) (actual time=13.286..1450.395 rows=1383104 loops=1)
              Filter: ((production_year > 1966) AND (kind_id = 7))
              Rows Removed by Filter: 1145208
Planning time: 0.804 ms
Execution time: 24778.746 ms
