Hash Join  (cost=110586.20..910804.39 rows=281543 width=0) (actual time=2019.591..17567.338 rows=388073 loops=1)
  Hash Cond: (ci.movie_id = t.id)
  ->  Seq Scan on cast_info ci  (cost=0.00..705507.15 rows=7917231 width=4) (actual time=0.020..11688.039 rows=7896858 loops=1)
        Filter: (person_id > 2888858)
        Rows Removed by Filter: 28347486
  ->  Hash  (cost=109110.25..109110.25 rows=89916 width=8) (actual time=2018.829..2018.829 rows=102305 loops=1)
        Buckets: 131072  Batches: 2  Memory Usage: 3026kB
        ->  Hash Join  (cost=75818.69..109110.25 rows=89916 width=8) (actual time=1238.984..1986.718 rows=102305 loops=1)
              Hash Cond: (mi_idx.movie_id = t.id)
              ->  Seq Scan on movie_info_idx mi_idx  (cost=0.00..25185.44 rows=454124 width=4) (actual time=0.021..440.161 rows=459925 loops=1)
                    Filter: (info_type_id = 100)
                    Rows Removed by Filter: 920110
              ->  Hash  (cost=67604.59..67604.59 rows=500648 width=4) (actual time=1238.210..1238.210 rows=494029 loops=1)
                    Buckets: 131072  Batches: 8  Memory Usage: 3188kB
                    ->  Seq Scan on title t  (cost=0.00..67604.59 rows=500648 width=4) (actual time=0.017..1084.853 rows=494029 loops=1)
                          Filter: (production_year < 1979)
                          Rows Removed by Filter: 2034283
Planning time: 1.171 ms
Execution time: 17618.024 ms
