Nested Loop  (cost=0.43..83072.29 rows=193 width=0) (actual time=1.328..2042.262 rows=713 loops=1)
  ->  Seq Scan on movie_keyword mk  (cost=0.00..81003.12 rows=246 width=4) (actual time=0.338..1245.306 rows=993 loops=1)
        Filter: (keyword_id = 6741)
        Rows Removed by Filter: 4522937
  ->  Index Scan using title_pkey on title t  (cost=0.43..8.40 rows=1 width=4) (actual time=0.801..0.801 rows=1 loops=993)
        Index Cond: (id = mk.movie_id)
        Filter: (production_year > 1977)
        Rows Removed by Filter: 0
Planning time: 0.876 ms
Execution time: 2042.699 ms
