Hash Join  (cost=102767.86..1001606.54 rows=3860277 width=0) (actual time=4493.533..21385.280 rows=3920743 loops=1)
  Hash Cond: (ci.movie_id = t.id)
  ->  Seq Scan on cast_info ci  (cost=0.00..796071.18 rows=3860277 width=4) (actual time=2119.265..15478.910 rows=3920743 loops=1)
        Filter: ((person_id > 117804) AND (role_id = 3))
        Rows Removed by Filter: 32323601
  ->  Hash  (cost=61283.27..61283.27 rows=2528527 width=4) (actual time=2373.114..2373.114 rows=2528312 loops=1)
        Buckets: 131072  Batches: 64  Memory Usage: 2415kB
        ->  Seq Scan on title t  (cost=0.00..61283.27 rows=2528527 width=4) (actual time=0.030..1232.768 rows=2528312 loops=1)
Planning time: 0.732 ms
Execution time: 21844.388 ms
