Hash Join  (cost=73205.47..449110.04 rows=296273 width=0) (actual time=1235.201..7632.783 rows=369209 loops=1)
  Hash Cond: (mi.movie_id = t.id)
  ->  Seq Scan on movie_info mi  (cost=0.00..346232.03 rows=2194617 width=4) (actual time=0.017..5264.874 rows=2233850 loops=1)
        Filter: (info_type_id > 16)
        Rows Removed by Filter: 12601870
  ->  Hash  (cost=67604.59..67604.59 rows=341351 width=4) (actual time=1234.515..1234.515 rows=337846 loops=1)
        Buckets: 131072  Batches: 8  Memory Usage: 2507kB
        ->  Seq Scan on title t  (cost=0.00..67604.59 rows=341351 width=4) (actual time=0.012..1119.994 rows=337846 loops=1)
              Filter: (production_year < 1968)
              Rows Removed by Filter: 2190466
Planning time: 0.762 ms
Execution time: 7681.340 ms
