Hash Join  (cost=1095888.52..1830024.18 rows=16928912 width=0) (actual time=25276.836..53246.427 rows=50833911 loops=1)
  Hash Cond: (mi.movie_id = t.id)
  ->  Seq Scan on movie_info mi  (cost=0.00..309384.22 rows=14739122 width=4) (actual time=0.015..6615.600 rows=14835720 loops=1)
  ->  Hash  (cost=1048241.14..1048241.14 rows=2904190 width=8) (actual time=25274.826..25274.826 rows=3421949 loops=1)
        Buckets: 131072  Batches: 64  Memory Usage: 3139kB
        ->  Hash Join  (cost=77312.52..1048241.14 rows=2904190 width=8) (actual time=1314.113..24201.967 rows=3421949 loops=1)
              Hash Cond: (ci.movie_id = t.id)
              ->  Seq Scan on cast_info ci  (cost=0.00..796071.18 rows=12411077 width=4) (actual time=0.025..15004.217 rows=13871896 loops=1)
                    Filter: ((person_id < 1448344) AND (role_id < 9))
                    Rows Removed by Filter: 22372448
              ->  Hash  (cost=67604.59..67604.59 rows=591675 width=4) (actual time=1313.054..1313.054 rows=585020 loops=1)
                    Buckets: 131072  Batches: 8  Memory Usage: 3586kB
                    ->  Seq Scan on title t  (cost=0.00..67604.59 rows=591675 width=4) (actual time=0.007..1122.259 rows=585020 loops=1)
                          Filter: (production_year < 1985)
                          Rows Removed by Filter: 1943292
Planning time: 1.160 ms
Execution time: 59040.414 ms
