Hash Join  (cost=98024.21..137025.96 rows=270081 width=0) (actual time=1864.182..2906.288 rows=164294 loops=1)
  Hash Cond: (mi_idx.movie_id = t.id)
  ->  Seq Scan on movie_info_idx mi_idx  (cost=0.00..25185.44 rows=464934 width=4) (actual time=0.015..551.932 rows=460185 loops=1)
        Filter: (info_type_id > 100)
        Rows Removed by Filter: 919850
  ->  Hash  (cost=73925.90..73925.90 rows=1468824 width=4) (actual time=1863.261..1863.261 rows=1451272 loops=1)
        Buckets: 131072  Batches: 32  Memory Usage: 2618kB
        ->  Seq Scan on title t  (cost=0.00..73925.90 rows=1468824 width=4) (actual time=0.008..1395.850 rows=1451272 loops=1)
              Filter: ((kind_id > 3) AND (production_year < 2012))
              Rows Removed by Filter: 1077040
Planning time: 0.550 ms
Execution time: 2925.054 ms
