Hash Join  (cost=93093.72..1110237.75 rows=6968727 width=0) (actual time=4149.266..30991.868 rows=10810250 loops=1)
  Hash Cond: (ci.movie_id = t.id)
  ->  Seq Scan on cast_info ci  (cost=0.00..796071.18 rows=11341715 width=4) (actual time=2483.585..16271.488 rows=17607635 loops=1)
        Filter: ((person_id > 1855812) AND (role_id > 1))
        Rows Removed by Filter: 18636709
  ->  Hash  (cost=67604.59..67604.59 rows=1553611 width=4) (actual time=1664.131..1664.131 rows=1555864 loops=1)
        Buckets: 131072  Batches: 32  Memory Usage: 2734kB
        ->  Seq Scan on title t  (cost=0.00..67604.59 rows=1553611 width=4) (actual time=0.037..1162.676 rows=1555864 loops=1)
              Filter: (kind_id > 4)
              Rows Removed by Filter: 972448
Planning time: 0.752 ms
Execution time: 32228.637 ms
