Hash Join  (cost=229448.37..317081.56 rows=912767 width=0) (actual time=5002.874..8703.225 rows=5704102 loops=1)
  Hash Cond: (mc.movie_id = t.id)
  ->  Seq Scan on movie_companies mc  (cost=0.00..44881.29 rows=2609129 width=4) (actual time=0.023..943.333 rows=2609129 loops=1)
  ->  Hash  (cost=214935.24..214935.24 rows=884570 width=8) (actual time=5002.071..5002.071 rows=892828 loops=1)
        Buckets: 131072  Batches: 16  Memory Usage: 3231kB
        ->  Hash Join  (cost=102767.86..214935.24 rows=884570 width=8) (actual time=1860.752..4732.116 rows=892828 loops=1)
              Hash Cond: (mk.movie_id = t.id)
              ->  Seq Scan on movie_keyword mk  (cost=0.00..81003.12 rows=884570 width=4) (actual time=0.015..1398.691 rows=892828 loops=1)
                    Filter: (keyword_id < 845)
                    Rows Removed by Filter: 3631102
              ->  Hash  (cost=61283.27..61283.27 rows=2528527 width=4) (actual time=1859.401..1859.401 rows=2528312 loops=1)
                    Buckets: 131072  Batches: 64  Memory Usage: 2425kB
                    ->  Seq Scan on title t  (cost=0.00..61283.27 rows=2528527 width=4) (actual time=0.026..1027.864 rows=2528312 loops=1)
Planning time: 1.017 ms
Execution time: 9375.301 ms
