Hash Join  (cost=147364.46..284487.81 rows=292831 width=156) (actual time=3228.148..9041.135 rows=5024350 loops=1)
  Hash Cond: (mk.movie_id = t.id)
  ->  Seq Scan on movie_keyword mk  (cost=0.00..69693.30 rows=4523930 width=12) (actual time=0.012..1167.149 rows=4523930 loops=1)
  ->  Hash  (cost=141961.59..141961.59 rows=163670 width=144) (actual time=3066.554..3066.554 rows=383469 loops=1)
        Buckets: 32768 (originally 32768)  Batches: 16 (originally 8)  Memory Usage: 3841kB
        ->  Hash Join  (cost=82067.40..141961.59 rows=163670 width=144) (actual time=1476.233..2826.538 rows=383469 loops=1)
              Hash Cond: (mi_idx.movie_id = t.id)
              ->  Seq Scan on movie_info_idx mi_idx  (cost=0.00..21735.35 rows=1380035 width=50) (actual time=0.014..384.464 rows=1380035 loops=1)
              ->  Hash  (cost=73925.90..73925.90 rows=299880 width=94) (actual time=1475.668..1475.668 rows=391036 loops=1)
                    Buckets: 32768  Batches: 16  Memory Usage: 2900kB
                    ->  Seq Scan on title t  (cost=0.00..73925.90 rows=299880 width=94) (actual time=739.747..1343.099 rows=391036 loops=1)
                          Filter: ((kind_id < 2) AND (production_year < 2002))
                          Rows Removed by Filter: 2137276
Planning time: 1.420 ms
Execution time: 9340.011 ms
