Hash Join  (cost=85777.42..202714.07 rows=868440 width=0) (actual time=1515.770..4367.932 rows=623078 loops=1)
  Hash Cond: (mk.movie_id = t.id)
  ->  Seq Scan on movie_keyword mk  (cost=0.00..81003.12 rows=1982431 width=4) (actual time=0.025..1602.786 rows=1982648 loops=1)
        Filter: (keyword_id < 3505)
        Rows Removed by Filter: 2541282
  ->  Hash  (cost=67604.59..67604.59 rows=1107667 width=4) (actual time=1515.061..1515.061 rows=1107925 loops=1)
        Buckets: 131072  Batches: 16  Memory Usage: 3467kB
        ->  Seq Scan on title t  (cost=0.00..67604.59 rows=1107667 width=4) (actual time=0.011..1142.360 rows=1107925 loops=1)
              Filter: (production_year > 2004)
              Rows Removed by Filter: 1420387
Planning time: 0.710 ms
Execution time: 4446.616 ms
