Seq Scan on movie_keyword mk  (cost=0.00..81003.12 rows=246 width=0) (actual time=188.010..1267.759 rows=51 loops=1)
  Filter: (keyword_id = 64889)
  Rows Removed by Filter: 4523879
Planning time: 0.389 ms
Execution time: 1267.894 ms
