Hash Join  (cost=235264.35..1243499.02 rows=6089409 width=0) (actual time=11540.273..32752.295 rows=14771177 loops=1)
  Hash Cond: (ci.movie_id = t.id)
  ->  Seq Scan on cast_info ci  (cost=0.00..796071.18 rows=12672108 width=4) (actual time=6203.320..17325.296 rows=12670688 loops=1)
        Filter: ((person_id < 4031047) AND (role_id < 2))
        Rows Removed by Filter: 23573656
  ->  Hash  (cost=215329.24..215329.24 rows=1215049 width=8) (actual time=5336.021..5336.021 rows=852667 loops=1)
        Buckets: 131072  Batches: 16  Memory Usage: 3169kB
        ->  Hash Join  (cost=85777.42..215329.24 rows=1215049 width=8) (actual time=1920.023..5123.447 rows=852667 loops=1)
              Hash Cond: (mk.movie_id = t.id)
              ->  Seq Scan on movie_keyword mk  (cost=0.00..81003.12 rows=2773654 width=4) (actual time=0.033..1702.159 rows=2768779 loops=1)
                    Filter: (keyword_id < 7907)
                    Rows Removed by Filter: 1755151
              ->  Hash  (cost=67604.59..67604.59 rows=1107667 width=4) (actual time=1919.152..1919.152 rows=1107925 loops=1)
                    Buckets: 131072  Batches: 16  Memory Usage: 3467kB
                    ->  Seq Scan on title t  (cost=0.00..67604.59 rows=1107667 width=4) (actual time=0.026..1267.700 rows=1107925 loops=1)
                          Filter: (production_year > 2004)
                          Rows Removed by Filter: 1420387
Planning time: 0.759 ms
Execution time: 34435.455 ms
