Hash Join  (cost=136869.09..952937.26 rows=220454 width=0) (actual time=7344.995..16694.652 rows=213621 loops=1)
  Hash Cond: (ci.movie_id = t.id)
  ->  Seq Scan on cast_info ci  (cost=0.00..796071.18 rows=1404652 width=4) (actual time=4360.190..13459.145 rows=454204 loops=1)
        Filter: ((person_id < 1147844) AND (role_id = 10))
        Rows Removed by Filter: 35790140
  ->  Hash  (cost=130357.57..130357.57 rows=396842 width=8) (actual time=2982.841..2982.841 rows=188967 loops=1)
        Buckets: 131072  Batches: 8  Memory Usage: 1940kB
        ->  Hash Join  (cost=85855.67..130357.57 rows=396842 width=8) (actual time=2091.237..2924.367 rows=188967 loops=1)
              Hash Cond: (mi_idx.movie_id = t.id)
              ->  Seq Scan on movie_info_idx mi_idx  (cost=0.00..21735.35 rows=1380035 width=4) (actual time=0.033..476.475 rows=1380035 loops=1)
              ->  Hash  (cost=73925.90..73925.90 rows=727101 width=4) (actual time=1637.072..1637.072 rows=796159 loops=1)
                    Buckets: 131072  Batches: 16  Memory Usage: 2780kB
                    ->  Seq Scan on title t  (cost=0.00..73925.90 rows=727101 width=4) (actual time=0.023..1378.281 rows=796159 loops=1)
                          Filter: ((production_year > 2003) AND (kind_id = 7))
                          Rows Removed by Filter: 1732153
Planning time: 3.917 ms
Execution time: 16714.571 ms
