Seq Scan on movie_companies mc  (cost=0.00..51404.11 rows=1911219 width=0) (actual time=0.023..980.327 rows=1906276 loops=1)
  Filter: (company_id < 44983)
  Rows Removed by Filter: 702853
Planning time: 0.333 ms
Execution time: 1221.837 ms
