Hash Join  (cost=91132.79..134792.55 rows=379569 width=0) (actual time=1744.722..3703.401 rows=207994 loops=1)
  Hash Cond: (mi_idx.movie_id = t.id)
  ->  Seq Scan on movie_info_idx mi_idx  (cost=0.00..25185.44 rows=915101 width=4) (actual time=0.025..517.213 rows=919850 loops=1)
        Filter: (info_type_id < 101)
        Rows Removed by Filter: 460185
  ->  Hash  (cost=73925.90..73925.90 rows=1048791 width=4) (actual time=1743.834..1743.834 rows=1142131 loops=1)
        Buckets: 131072  Batches: 16  Memory Usage: 3543kB
        ->  Seq Scan on title t  (cost=0.00..73925.90 rows=1048791 width=4) (actual time=0.014..1381.994 rows=1142131 loops=1)
              Filter: ((kind_id > 4) AND (production_year > 1992))
              Rows Removed by Filter: 1386181
Planning time: 0.792 ms
Execution time: 3730.962 ms
