Hash Join  (cost=219191.01..773719.04 rows=7002911 width=0) (actual time=5110.854..24081.228 rows=18849329 loops=1)
  Hash Cond: (mi.movie_id = t.id)
  ->  Seq Scan on movie_info mi  (cost=0.00..309384.22 rows=14739122 width=4) (actual time=0.018..6031.320 rows=14835720 loops=1)
  ->  Hash  (cost=199480.96..199480.96 rows=1201364 width=8) (actual time=5109.500..5109.500 rows=1276713 loops=1)
        Buckets: 131072 (originally 131072)  Batches: 32 (originally 16)  Memory Usage: 3073kB
        ->  Hash Join  (cost=102767.86..199480.96 rows=1201364 width=8) (actual time=2393.181..4727.718 rows=1276713 loops=1)
              Hash Cond: (mc.movie_id = t.id)
              ->  Seq Scan on movie_companies mc  (cost=0.00..57926.93 rows=1201364 width=4) (actual time=491.571..1248.010 rows=1276713 loops=1)
                    Filter: ((company_id > 115) AND (company_type_id = 2))
                    Rows Removed by Filter: 1332416
              ->  Hash  (cost=61283.27..61283.27 rows=2528527 width=4) (actual time=1900.292..1900.292 rows=2528312 loops=1)
                    Buckets: 131072  Batches: 64  Memory Usage: 2415kB
                    ->  Seq Scan on title t  (cost=0.00..61283.27 rows=2528527 width=4) (actual time=0.020..1021.473 rows=2528312 loops=1)
Planning time: 2.535 ms
Execution time: 26247.481 ms
