Hash Join  (cost=305399.92..993805.71 rows=16096506 width=0) (actual time=7627.842..55969.332 rows=138840145 loops=1)
  Hash Cond: (mi.movie_id = t.id)
  ->  Seq Scan on movie_info mi  (cost=0.00..309384.22 rows=14739122 width=4) (actual time=0.014..6284.814 rows=14835720 loops=1)
  ->  Hash  (cost=260095.55..260095.55 rows=2761389 width=8) (actual time=7625.573..7625.573 rows=2755568 loops=1)
        Buckets: 131072  Batches: 64  Memory Usage: 2800kB
        ->  Hash Join  (cost=102767.86..260095.55 rows=2761389 width=8) (actual time=2624.121..6787.141 rows=2755568 loops=1)
              Hash Cond: (mk.movie_id = t.id)
              ->  Seq Scan on movie_keyword mk  (cost=0.00..81003.12 rows=2761389 width=4) (actual time=0.017..1652.237 rows=2755568 loops=1)
                    Filter: (keyword_id < 7845)
                    Rows Removed by Filter: 1768362
              ->  Hash  (cost=61283.27..61283.27 rows=2528527 width=4) (actual time=2622.976..2622.976 rows=2528312 loops=1)
                    Buckets: 131072  Batches: 64  Memory Usage: 2425kB
                    ->  Seq Scan on title t  (cost=0.00..61283.27 rows=2528527 width=4) (actual time=0.028..989.296 rows=2528312 loops=1)
Planning time: 1.131 ms
Execution time: 71995.556 ms
