Seq Scan on movie_companies mc  (cost=0.00..57926.93 rows=733781 width=0) (actual time=482.518..1065.765 rows=518025 loops=1)
  Filter: ((company_id > 7733) AND (company_type_id < 2))
  Rows Removed by Filter: 2091104
Planning time: 0.286 ms
Execution time: 1131.232 ms
