Hash Join  (cost=847041.84..891419.17 rows=389584 width=0) (actual time=14558.176..15930.715 rows=1109244 loops=1)
  Hash Cond: (mi_idx.movie_id = t.id)
  ->  Seq Scan on movie_info_idx mi_idx  (cost=0.00..21735.35 rows=1380035 width=4) (actual time=0.024..403.926 rows=1380035 loops=1)
  ->  Hash  (cost=835330.31..835330.31 rows=713803 width=8) (actual time=14557.274..14557.274 rows=745206 loops=1)
        Buckets: 131072  Batches: 16  Memory Usage: 2823kB
        ->  Hash Join  (cost=102767.86..835330.31 rows=713803 width=8) (actual time=5252.221..14345.416 rows=745206 loops=1)
              Hash Cond: (ci.movie_id = t.id)
              ->  Seq Scan on cast_info ci  (cost=0.00..705507.15 rows=713803 width=4) (actual time=2861.723..10922.487 rows=745206 loops=1)
                    Filter: (person_id > 3919155)
                    Rows Removed by Filter: 35499138
              ->  Hash  (cost=61283.27..61283.27 rows=2528527 width=4) (actual time=2388.776..2388.776 rows=2528312 loops=1)
                    Buckets: 131072  Batches: 64  Memory Usage: 2415kB
                    ->  Seq Scan on title t  (cost=0.00..61283.27 rows=2528527 width=4) (actual time=0.015..1094.559 rows=2528312 loops=1)
Planning time: 1.147 ms
Execution time: 16047.466 ms
