Hash Join  (cost=134331.76..499067.78 rows=8009 width=0) (actual time=2135.332..9628.820 rows=34189 loops=1)
  Hash Cond: (mi.movie_id = t.id)
  ->  Seq Scan on movie_info mi  (cost=0.00..309384.22 rows=14739122 width=4) (actual time=0.017..4420.293 rows=14835720 loops=1)
  ->  Hash  (cost=134314.59..134314.59 rows=1374 width=8) (actual time=2134.254..2134.254 rows=3748 loops=1)
        Buckets: 4096 (originally 2048)  Batches: 1 (originally 1)  Memory Usage: 179kB
        ->  Hash Join  (cost=73994.33..134314.59 rows=1374 width=8) (actual time=1303.890..2132.454 rows=3748 loops=1)
              Hash Cond: (mc.movie_id = t.id)
              ->  Seq Scan on movie_companies mc  (cost=0.00..57926.93 rows=634556 width=4) (actual time=187.825..918.605 rows=401579 loops=1)
                    Filter: ((company_id < 11143) AND (company_type_id = 2))
                    Rows Removed by Filter: 2207550
              ->  Hash  (cost=73925.90..73925.90 rows=5474 width=4) (actual time=1115.310..1115.310 rows=17579 loops=1)
                    Buckets: 32768 (originally 8192)  Batches: 1 (originally 1)  Memory Usage: 875kB
                    ->  Seq Scan on title t  (cost=0.00..73925.90 rows=5474 width=4) (actual time=0.036..1106.400 rows=17579 loops=1)
                          Filter: ((kind_id > 1) AND (production_year = 1990))
                          Rows Removed by Filter: 2510733
Planning time: 1.755 ms
Execution time: 9635.288 ms
