Hash Join  (cost=903323.95..1394811.99 rows=1537015 width=0) (actual time=12947.428..24100.630 rows=12868 loops=1)
  Hash Cond: (mi.movie_id = t.id)
  ->  Seq Scan on movie_info mi  (cost=0.00..346232.03 rows=11115165 width=4) (actual time=375.138..6986.738 rows=11210743 loops=1)
        Filter: (info_type_id > 3)
        Rows Removed by Filter: 3624977
  ->  Hash  (cost=897587.36..897587.36 rows=349647 width=8) (actual time=12521.166..12521.166 rows=547 loops=1)
        Buckets: 131072  Batches: 8  Memory Usage: 1033kB
        ->  Hash Join  (cost=83810.17..897587.36 rows=349647 width=8) (actual time=9144.957..12520.408 rows=547 loops=1)
              Hash Cond: (ci.movie_id = t.id)
              ->  Seq Scan on cast_info ci  (cost=0.00..796071.18 rows=895076 width=4) (actual time=7673.789..10912.049 rows=1164 loops=1)
                    Filter: ((person_id < 416073) AND (role_id = 2))
                    Rows Removed by Filter: 36243180
              ->  Hash  (cost=67604.59..67604.59 rows=987727 width=4) (actual time=1455.065..1455.065 rows=985048 loops=1)
                    Buckets: 131072  Batches: 16  Memory Usage: 3188kB
                    ->  Seq Scan on title t  (cost=0.00..67604.59 rows=987727 width=4) (actual time=0.030..1158.741 rows=985048 loops=1)
                          Filter: (kind_id < 7)
                          Rows Removed by Filter: 1543264
Planning time: 1.196 ms
Execution time: 24103.174 ms
