Hash Join  (cost=117967.42..1020592.03 rows=922561 width=0) (actual time=2797.612..24525.607 rows=1914316 loops=1)
  Hash Cond: (ci.movie_id = t.id)
  ->  Seq Scan on cast_info ci  (cost=0.00..705507.15 rows=16201301 width=4) (actual time=0.018..14891.133 rows=16121683 loops=1)
        Filter: (role_id > 2)
        Rows Removed by Filter: 20122661
  ->  Hash  (cost=115604.64..115604.64 rows=143983 width=8) (actual time=2796.832..2796.832 rows=103705 loops=1)
        Buckets: 131072  Batches: 2  Memory Usage: 3048kB
        ->  Hash Join  (cost=80562.70..115604.64 rows=143983 width=8) (actual time=1900.709..2760.605 rows=103705 loops=1)
              Hash Cond: (mi_idx.movie_id = t.id)
              ->  Seq Scan on movie_info_idx mi_idx  (cost=0.00..25185.44 rows=460978 width=4) (actual time=0.020..473.318 rows=459925 loops=1)
                    Filter: (info_type_id = 99)
                    Rows Removed by Filter: 920110
              ->  Hash  (cost=67604.59..67604.59 rows=789769 width=4) (actual time=1899.655..1899.655 rows=784926 loops=1)
                    Buckets: 131072  Batches: 16  Memory Usage: 2749kB
                    ->  Seq Scan on title t  (cost=0.00..67604.59 rows=789769 width=4) (actual time=0.019..1321.274 rows=784926 loops=1)
                          Filter: (production_year > 2007)
                          Rows Removed by Filter: 1743386
Planning time: 1.150 ms
Execution time: 24760.436 ms
