Nested Loop  (cost=0.43..83072.90 rows=130 width=0) (actual time=928.610..1506.220 rows=502 loops=1)
  ->  Seq Scan on movie_keyword mk  (cost=0.00..81003.12 rows=246 width=4) (actual time=9.566..1374.875 rows=2384 loops=1)
        Filter: (keyword_id = 3009)
        Rows Removed by Filter: 4521546
  ->  Index Scan using title_pkey on title t  (cost=0.43..8.40 rows=1 width=4) (actual time=0.054..0.054 rows=0 loops=2384)
        Index Cond: (id = mk.movie_id)
        Filter: ((production_year > 1962) AND (kind_id = 7))
        Rows Removed by Filter: 1
Planning time: 0.748 ms
Execution time: 1506.478 ms
