Hash Join  (cost=197877.84..241888.63 rows=368231 width=0) (actual time=4485.824..6089.863 rows=1213384 loops=1)
  Hash Cond: (mi_idx.movie_id = t.id)
  ->  Seq Scan on movie_info_idx mi_idx  (cost=0.00..21735.35 rows=1380035 width=4) (actual time=0.020..479.312 rows=1380035 loops=1)
  ->  Hash  (cost=186808.34..186808.34 rows=674680 width=8) (actual time=4484.977..4484.977 rows=918003 loops=1)
        Buckets: 131072  Batches: 16  Memory Usage: 3268kB
        ->  Hash Join  (cost=102767.86..186808.34 rows=674680 width=8) (actual time=2064.557..4239.180 rows=918003 loops=1)
              Hash Cond: (mc.movie_id = t.id)
              ->  Seq Scan on movie_companies mc  (cost=0.00..57926.93 rows=674680 width=4) (actual time=0.027..1049.098 rows=918003 loops=1)
                    Filter: ((company_id > 11205) AND (company_type_id = 2))
                    Rows Removed by Filter: 1691126
              ->  Hash  (cost=61283.27..61283.27 rows=2528527 width=4) (actual time=2063.528..2063.528 rows=2528312 loops=1)
                    Buckets: 131072  Batches: 64  Memory Usage: 2415kB
                    ->  Seq Scan on title t  (cost=0.00..61283.27 rows=2528527 width=4) (actual time=0.019..1222.144 rows=2528312 loops=1)
Planning time: 1.130 ms
Execution time: 6236.918 ms
