Seq Scan on cast_info ci  (cost=0.00..705507.15 rows=17673088 width=0) (actual time=0.026..11842.764 rows=17529201 loops=1)
  Filter: (person_id < 1735467)
  Rows Removed by Filter: 18715143
Planning time: 0.310 ms
Execution time: 13928.968 ms
