Seq Scan on title t  (cost=0.00..73925.90 rows=630861 width=0) (actual time=60.811..1358.257 rows=582960 loops=1)
  Filter: ((production_year > 1916) AND (kind_id = 1))
  Rows Removed by Filter: 1945352
Planning time: 0.353 ms
Execution time: 1430.667 ms
