Hash Join  (cost=74050.79..156236.21 rows=346472 width=0) (actual time=1295.765..3474.050 rows=238087 loops=1)
  Hash Cond: (mc.movie_id = t.id)
  ->  Seq Scan on movie_companies mc  (cost=0.00..51404.11 rows=2229758 width=4) (actual time=0.025..1160.682 rows=2226328 loops=1)
        Filter: (company_id < 83937)
        Rows Removed by Filter: 382801
  ->  Hash  (cost=67604.59..67604.59 rows=392896 width=4) (actual time=1294.770..1294.770 rows=391666 loops=1)
        Buckets: 131072  Batches: 8  Memory Usage: 2753kB
        ->  Seq Scan on title t  (cost=0.00..67604.59 rows=392896 width=4) (actual time=0.015..1169.656 rows=391666 loops=1)
              Filter: (production_year > 2010)
              Rows Removed by Filter: 2136646
Planning time: 0.796 ms
Execution time: 3497.281 ms
