Seq Scan on cast_info ci  (cost=0.00..705507.15 rows=500 width=0) (actual time=8054.824..10400.358 rows=241 loops=1)
  Filter: (person_id = 2633829)
  Rows Removed by Filter: 36244103
Planning time: 0.347 ms
Execution time: 10400.510 ms
