Seq Scan on cast_info ci  (cost=0.00..796071.18 rows=324 width=0) (actual time=2027.176..14312.049 rows=1 loops=1)
  Filter: ((role_id > 1) AND (person_id = 1877563))
  Rows Removed by Filter: 36244343
Planning time: 3.912 ms
Execution time: 14312.185 ms
