Seq Scan on movie_keyword mk  (cost=0.00..81003.12 rows=2636702 width=0) (actual time=0.008..1478.589 rows=2630307 loops=1)
  Filter: (keyword_id < 7176)
  Rows Removed by Filter: 1893623
Planning time: 0.295 ms
Execution time: 1794.560 ms
