Hash Join  (cost=84417.00..627960.15 rows=5973422 width=0) (actual time=1424.573..17291.756 rows=7490057 loops=1)
  Hash Cond: (mi.movie_id = t.id)
  ->  Seq Scan on movie_info mi  (cost=0.00..309384.22 rows=14739122 width=4) (actual time=0.008..6058.076 rows=14835720 loops=1)
  ->  Hash  (cost=67604.59..67604.59 rows=1024753 width=4) (actual time=1423.473..1423.473 rows=1021752 loops=1)
        Buckets: 131072  Batches: 16  Memory Usage: 3282kB
        ->  Seq Scan on title t  (cost=0.00..67604.59 rows=1024753 width=4) (actual time=0.024..1081.309 rows=1021752 loops=1)
              Filter: (production_year < 2000)
              Rows Removed by Filter: 1506560
Planning time: 0.775 ms
Execution time: 18180.865 ms
