Hash Join  (cost=979952.38..1645797.05 rows=15443595 width=0) (actual time=21055.037..43033.040 rows=29841366 loops=1)
  Hash Cond: (mi.movie_id = t.id)
  ->  Seq Scan on movie_info mi  (cost=0.00..346232.03 rows=9767026 width=4) (actual time=293.154..7042.302 rows=9911754 loops=1)
        Filter: (info_type_id > 4)
        Rows Removed by Filter: 4923966
  ->  Hash  (cost=914358.13..914358.13 rows=3998100 width=8) (actual time=20761.003..20761.003 rows=4008037 loops=1)
        Buckets: 131072  Batches: 64  Memory Usage: 3485kB
        ->  Hash Join  (cost=102767.86..914358.13 rows=3998100 width=8) (actual time=3423.896..19680.152 rows=4008037 loops=1)
              Hash Cond: (ci.movie_id = t.id)
              ->  Seq Scan on cast_info ci  (cost=0.00..705507.15 rows=3998100 width=4) (actual time=1532.296..13388.087 rows=4008037 loops=1)
                    Filter: (role_id = 3)
                    Rows Removed by Filter: 32236307
              ->  Hash  (cost=61283.27..61283.27 rows=2528527 width=4) (actual time=1890.307..1890.307 rows=2528312 loops=1)
                    Buckets: 131072  Batches: 64  Memory Usage: 2415kB
                    ->  Seq Scan on title t  (cost=0.00..61283.27 rows=2528527 width=4) (actual time=0.041..1070.939 rows=2528312 loops=1)
Planning time: 1.133 ms
Execution time: 46530.262 ms
