Hash Join  (cost=190230.21..1194881.59 rows=6515580 width=0) (actual time=5199.382..30477.245 rows=15034841 loops=1)
  Hash Cond: (ci.movie_id = t.id)
  ->  Seq Scan on cast_info ci  (cost=0.00..796071.18 rows=11937973 width=4) (actual time=0.022..14071.306 rows=13092971 loops=1)
        Filter: ((person_id < 1346680) AND (role_id < 10))
        Rows Removed by Filter: 23151373
  ->  Hash  (cost=167588.78..167588.78 rows=1380035 width=8) (actual time=5198.194..5198.194 rows=1380035 loops=1)
        Buckets: 131072  Batches: 32  Memory Usage: 2708kB
        ->  Hash Join  (cost=102767.86..167588.78 rows=1380035 width=8) (actual time=1989.053..4046.153 rows=1380035 loops=1)
              Hash Cond: (mi_idx.movie_id = t.id)
              ->  Seq Scan on movie_info_idx mi_idx  (cost=0.00..21735.35 rows=1380035 width=4) (actual time=0.021..482.232 rows=1380035 loops=1)
              ->  Hash  (cost=61283.27..61283.27 rows=2528527 width=4) (actual time=1987.631..1987.631 rows=2528312 loops=1)
                    Buckets: 131072  Batches: 64  Memory Usage: 2415kB
                    ->  Seq Scan on title t  (cost=0.00..61283.27 rows=2528527 width=4) (actual time=0.029..1157.958 rows=2528312 loops=1)
Planning time: 1.249 ms
Execution time: 32208.575 ms
