Hash Join  (cost=99161.12..580143.60 rows=4739889 width=0) (actual time=1936.959..13539.398 rows=5154062 loops=1)
  Hash Cond: (mi.movie_id = t.id)
  ->  Seq Scan on movie_info mi  (cost=0.00..346232.03 rows=6231111 width=4) (actual time=0.020..6668.141 rows=6223494 loops=1)
        Filter: (info_type_id > 8)
        Rows Removed by Filter: 8612226
  ->  Hash  (cost=67604.59..67604.59 rows=1923403 width=4) (actual time=1935.921..1935.921 rows=1922849 loops=1)
        Buckets: 131072  Batches: 32  Memory Usage: 3141kB
        ->  Seq Scan on title t  (cost=0.00..67604.59 rows=1923403 width=4) (actual time=0.026..1322.630 rows=1922849 loops=1)
              Filter: (production_year < 2010)
              Rows Removed by Filter: 605463
Planning time: 0.765 ms
Execution time: 14134.356 ms
