Hash Join  (cost=247092.74..809036.22 rows=7697855 width=0) (actual time=5285.672..33660.783 rows=70382092 loops=1)
  Hash Cond: (mi.movie_id = t.id)
  ->  Seq Scan on movie_info mi  (cost=0.00..309384.22 rows=14739122 width=4) (actual time=0.016..6305.583 rows=14835720 loops=1)
  ->  Hash  (cost=225426.46..225426.46 rows=1320583 width=8) (actual time=5284.126..5284.126 rows=1334327 loops=1)
        Buckets: 131072  Batches: 32  Memory Usage: 2724kB
        ->  Hash Join  (cost=102767.86..225426.46 rows=1320583 width=8) (actual time=1954.438..4900.793 rows=1334327 loops=1)
              Hash Cond: (mk.movie_id = t.id)
              ->  Seq Scan on movie_keyword mk  (cost=0.00..81003.12 rows=1320583 width=4) (actual time=0.018..1541.399 rows=1334327 loops=1)
                    Filter: (keyword_id > 12891)
                    Rows Removed by Filter: 3189603
              ->  Hash  (cost=61283.27..61283.27 rows=2528527 width=4) (actual time=1952.354..1952.354 rows=2528312 loops=1)
                    Buckets: 131072  Batches: 64  Memory Usage: 2425kB
                    ->  Seq Scan on title t  (cost=0.00..61283.27 rows=2528527 width=4) (actual time=0.023..1092.635 rows=2528312 loops=1)
Planning time: 1.072 ms
Execution time: 40672.687 ms
