Seq Scan on movie_keyword mk  (cost=0.00..81003.12 rows=3296731 width=0) (actual time=0.019..1591.625 rows=3286280 loops=1)
  Filter: (keyword_id < 14625)
  Rows Removed by Filter: 1237650
Planning time: 0.315 ms
Execution time: 2005.600 ms
