Seq Scan on movie_keyword mk  (cost=0.00..81003.12 rows=246 width=0) (actual time=0.052..1327.056 rows=239 loops=1)
  Filter: (keyword_id = 6663)
  Rows Removed by Filter: 4523691
Planning time: 0.343 ms
Execution time: 1327.293 ms
