Hash Join  (cost=215401.24..368183.81 rows=2022378 width=0) (actual time=4932.923..11907.358 rows=13670928 loops=1)
  Hash Cond: (mk.movie_id = t.id)
  ->  Seq Scan on movie_keyword mk  (cost=0.00..81003.12 rows=4030043 width=4) (actual time=0.014..1751.496 rows=4035679 loops=1)
        Filter: (keyword_id < 36822)
        Rows Removed by Filter: 488251
  ->  Hash  (cost=194583.25..194583.25 rows=1268879 width=8) (actual time=4931.745..4931.745 rows=1278410 loops=1)
        Buckets: 131072  Batches: 32  Memory Usage: 2623kB
        ->  Hash Join  (cost=102767.86..194583.25 rows=1268879 width=8) (actual time=1999.713..4541.154 rows=1278410 loops=1)
              Hash Cond: (mc.movie_id = t.id)
              ->  Seq Scan on movie_companies mc  (cost=0.00..51404.11 rows=1268879 width=4) (actual time=0.015..989.420 rows=1278410 loops=1)
                    Filter: (company_id > 11388)
                    Rows Removed by Filter: 1330719
              ->  Hash  (cost=61283.27..61283.27 rows=2528527 width=4) (actual time=1997.860..1997.860 rows=2528312 loops=1)
                    Buckets: 131072  Batches: 64  Memory Usage: 2415kB
                    ->  Seq Scan on title t  (cost=0.00..61283.27 rows=2528527 width=4) (actual time=0.019..1121.334 rows=2528312 loops=1)
Planning time: 1.164 ms
Execution time: 13430.421 ms
