Seq Scan on movie_keyword mk  (cost=0.00..81003.12 rows=2484226 width=0) (actual time=0.027..1544.788 rows=2478881 loops=1)
  Filter: (keyword_id < 6003)
  Rows Removed by Filter: 2045049
Planning time: 0.317 ms
Execution time: 1851.093 ms
