Hash Join  (cost=78724.21..207101.16 rows=523192 width=0) (actual time=1237.112..4436.290 rows=769466 loops=1)
  Hash Cond: (mk.movie_id = t.id)
  ->  Seq Scan on movie_keyword mk  (cost=0.00..69693.30 rows=4523930 width=4) (actual time=0.023..1403.621 rows=4523930 loops=1)
  ->  Hash  (cost=73925.90..73925.90 rows=292424 width=4) (actual time=1236.326..1236.326 rows=231739 loops=1)
        Buckets: 131072  Batches: 4  Memory Usage: 3074kB
        ->  Seq Scan on title t  (cost=0.00..73925.90 rows=292424 width=4) (actual time=47.635..1158.983 rows=231739 loops=1)
              Filter: ((kind_id < 2) AND (production_year > 2004))
              Rows Removed by Filter: 2296573
Planning time: 11.085 ms
Execution time: 4524.332 ms
