Seq Scan on movie_companies mc  (cost=0.00..51404.11 rows=104 width=0) (actual time=645.639..768.244 rows=6 loops=1)
  Filter: (company_id = 86290)
  Rows Removed by Filter: 2609123
Planning time: 0.379 ms
Execution time: 768.317 ms
