Hash Join  (cost=77411.55..828417.34 rows=21662 width=0) (actual time=895.448..18387.171 rows=61413 loops=1)
  Hash Cond: (ci.movie_id = t.id)
  ->  Seq Scan on cast_info ci  (cost=0.00..614943.12 rows=36225612 width=4) (actual time=0.013..9788.150 rows=36244344 loops=1)
  ->  Hash  (cost=77392.65..77392.65 rows=1512 width=8) (actual time=892.787..892.787 rows=4222 loops=1)
        Buckets: 8192 (originally 2048)  Batches: 1 (originally 1)  Memory Usage: 229kB
        ->  Nested Loop  (cost=0.43..77392.65 rows=1512 width=8) (actual time=4.820..890.224 rows=4222 loops=1)
              ->  Seq Scan on movie_companies mc  (cost=0.00..57926.93 rows=2482 width=4) (actual time=4.745..768.765 rows=4773 loops=1)
                    Filter: ((company_id = 1427) AND (company_type_id = 2))
                    Rows Removed by Filter: 2604356
              ->  Index Scan using title_pkey on title t  (cost=0.43..7.83 rows=1 width=4) (actual time=0.025..0.025 rows=1 loops=4773)
                    Index Cond: (id = mc.movie_id)
                    Filter: (kind_id = 7)
                    Rows Removed by Filter: 0
Planning time: 0.784 ms
Execution time: 18397.220 ms
