Seq Scan on cast_info ci  (cost=0.00..796071.18 rows=435 width=0) (actual time=10776.987..13798.234 rows=48 loops=1)
  Filter: ((role_id < 10) AND (person_id = 1508588))
  Rows Removed by Filter: 36244296
Planning time: 0.400 ms
Execution time: 13798.353 ms
