Hash Join  (cost=228523.38..391857.20 rows=2928287 width=0) (actual time=5015.736..10061.921 rows=3961234 loops=1)
  Hash Cond: (mk.movie_id = t.id)
  ->  Seq Scan on movie_keyword mk  (cost=0.00..69693.30 rows=4523930 width=4) (actual time=0.022..1450.787 rows=4523930 loops=1)
  ->  Hash  (cost=201670.80..201670.80 rows=1636686 width=8) (actual time=5014.020..5014.020 rows=950545 loops=1)
        Buckets: 131072  Batches: 32  Memory Usage: 2176kB
        ->  Hash Join  (cost=98137.04..201670.80 rows=1636686 width=8) (actual time=1982.139..4744.179 rows=950545 loops=1)
              Hash Cond: (mc.movie_id = t.id)
              ->  Seq Scan on movie_companies mc  (cost=0.00..51404.11 rows=2223758 width=4) (actual time=0.016..1127.473 rows=2223482 loops=1)
                    Filter: (company_id > 225)
                    Rows Removed by Filter: 385647
              ->  Hash  (cost=67604.59..67604.59 rows=1860996 width=4) (actual time=1980.839..1980.839 rows=1865487 loops=1)
                    Buckets: 131072  Batches: 32  Memory Usage: 3079kB
                    ->  Seq Scan on title t  (cost=0.00..67604.59 rows=1860996 width=4) (actual time=0.021..1379.698 rows=1865487 loops=1)
                          Filter: (kind_id > 1)
                          Rows Removed by Filter: 662825
Planning time: 1.186 ms
Execution time: 10482.338 ms
