Hash Join  (cost=249854.39..842170.47 rows=8817727 width=0) (actual time=5588.446..32504.935 rows=58440839 loops=1)
  Hash Cond: (mi.movie_id = t.id)
  ->  Seq Scan on movie_info mi  (cost=0.00..309384.22 rows=14739122 width=4) (actual time=0.019..5928.001 rows=14835720 loops=1)
  ->  Hash  (cost=225036.66..225036.66 rows=1512699 width=8) (actual time=5587.025..5587.025 rows=1100747 loops=1)
        Buckets: 131072  Batches: 32  Memory Usage: 2472kB
        ->  Hash Join  (cost=87180.69..225036.66 rows=1512699 width=8) (actual time=1651.432..5249.914 rows=1100747 loops=1)
              Hash Cond: (mk.movie_id = t.id)
              ->  Seq Scan on movie_keyword mk  (cost=0.00..81003.12 rows=3205561 width=4) (actual time=0.024..1687.946 rows=3192103 loops=1)
                    Filter: (keyword_id < 12938)
                    Rows Removed by Filter: 1331827
              ->  Hash  (cost=67604.59..67604.59 rows=1193208 width=4) (actual time=1650.223..1650.223 rows=1192518 loops=1)
                    Buckets: 131072  Batches: 16  Memory Usage: 3654kB
                    ->  Seq Scan on title t  (cost=0.00..67604.59 rows=1193208 width=4) (actual time=0.011..1249.836 rows=1192518 loops=1)
                          Filter: (production_year > 2003)
                          Rows Removed by Filter: 1335794
Planning time: 1.189 ms
Execution time: 39197.055 ms
