Hash Join  (cost=450865.33..535248.18 rows=313737 width=0) (actual time=7801.321..10562.609 rows=1113875 loops=1)
  Hash Cond: (mc.movie_id = t.id)
  ->  Seq Scan on movie_companies mc  (cost=0.00..51404.11 rows=2472366 width=4) (actual time=0.029..1184.157 rows=2473283 loops=1)
        Filter: (company_id < 138359)
        Rows Removed by Filter: 135846
  ->  Hash  (cost=445600.55..445600.55 rows=320863 width=8) (actual time=7800.543..7800.543 rows=450564 loops=1)
        Buckets: 131072  Batches: 8  Memory Usage: 3232kB
        ->  Hash Join  (cost=76192.15..445600.55 rows=320863 width=8) (actual time=5721.524..7669.285 rows=450564 loops=1)
              Hash Cond: (mi.movie_id = t.id)
              ->  Seq Scan on movie_info mi  (cost=0.00..346232.03 rows=1550064 width=4) (actual time=4357.883..5410.802 rows=1533909 loops=1)
                    Filter: (info_type_id = 3)
                    Rows Removed by Filter: 13301811
              ->  Hash  (cost=67604.59..67604.59 rows=523405 width=4) (actual time=1362.652..1362.652 rows=523734 loops=1)
                    Buckets: 131072  Batches: 8  Memory Usage: 3326kB
                    ->  Seq Scan on title t  (cost=0.00..67604.59 rows=523405 width=4) (actual time=0.024..1187.413 rows=523734 loops=1)
                          Filter: (production_year < 1981)
                          Rows Removed by Filter: 2004578
Planning time: 3.304 ms
Execution time: 10686.239 ms
