Hash Join  (cost=246687.92..825602.97 rows=6669533 width=0) (actual time=8158.590..49088.357 rows=131764842 loops=1)
  Hash Cond: (mi.movie_id = t.id)
  ->  Seq Scan on movie_info mi  (cost=0.00..346232.03 rows=12545135 width=4) (actual time=0.015..7142.676 rows=12601870 loops=1)
        Filter: (info_type_id < 17)
        Rows Removed by Filter: 2233850
  ->  Hash  (cost=224632.49..224632.49 rows=1344274 width=8) (actual time=8153.774..8153.774 rows=3521790 loops=1)
        Buckets: 131072 (originally 131072)  Batches: 64 (originally 32)  Memory Usage: 3281kB
        ->  Hash Join  (cost=86252.72..224632.49 rows=1344274 width=8) (actual time=2280.393..6876.888 rows=3521790 loops=1)
              Hash Cond: (mk.movie_id = t.id)
              ->  Seq Scan on movie_keyword mk  (cost=0.00..69693.30 rows=4523930 width=4) (actual time=0.018..1375.095 rows=4523930 loops=1)
              ->  Hash  (cost=73925.90..73925.90 rows=751345 width=4) (actual time=2279.062..2279.062 rows=793943 loops=1)
                    Buckets: 131072  Batches: 16  Memory Usage: 2779kB
                    ->  Seq Scan on title t  (cost=0.00..73925.90 rows=751345 width=4) (actual time=0.020..1293.181 rows=793943 loops=1)
                          Filter: ((kind_id < 7) AND (production_year < 2010))
                          Rows Removed by Filter: 1734369
Planning time: 3.362 ms
Execution time: 62869.488 ms
