Hash Join  (cost=74323.94..829675.18 rows=456207 width=0) (actual time=1130.645..20441.397 rows=457410 loops=1)
  Hash Cond: (ci.movie_id = t.id)
  ->  Seq Scan on cast_info ci  (cost=0.00..614943.12 rows=36225612 width=4) (actual time=0.019..9103.876 rows=36244344 loops=1)
  ->  Hash  (cost=73925.90..73925.90 rows=31843 width=4) (actual time=1130.351..1130.351 rows=35656 loops=1)
        Buckets: 65536 (originally 32768)  Batches: 1 (originally 1)  Memory Usage: 1766kB
        ->  Seq Scan on title t  (cost=0.00..73925.90 rows=31843 width=4) (actual time=0.035..1115.478 rows=35656 loops=1)
              Filter: ((kind_id = 7) AND (production_year = 2000))
              Rows Removed by Filter: 2492656
Planning time: 2.808 ms
Execution time: 20506.770 ms
