Seq Scan on movie_keyword mk  (cost=0.00..81003.12 rows=3911368 width=0) (actual time=0.027..1574.090 rows=3910164 loops=1)
  Filter: (keyword_id < 29865)
  Rows Removed by Filter: 613766
Planning time: 0.315 ms
Execution time: 2051.039 ms
