Hash Join  (cost=94642.16..459377.13 rows=7903 width=0) (actual time=1589.910..9193.839 rows=83331 loops=1)
  Hash Cond: (mi.movie_id = t.id)
  ->  Seq Scan on movie_info mi  (cost=0.00..309384.22 rows=14739122 width=4) (actual time=0.018..4474.061 rows=14835720 loops=1)
  ->  Hash  (cost=94625.21..94625.21 rows=1356 width=8) (actual time=1589.002..1589.002 rows=5654 loops=1)
        Buckets: 8192 (originally 2048)  Batches: 1 (originally 1)  Memory Usage: 285kB
        ->  Hash Join  (cost=67697.55..94625.21 rows=1356 width=8) (actual time=993.296..1586.368 rows=5654 loops=1)
              Hash Cond: (mi_idx.movie_id = t.id)
              ->  Seq Scan on movie_info_idx mi_idx  (cost=0.00..25185.44 rows=460978 width=4) (actual time=0.019..467.663 rows=459925 loops=1)
                    Filter: (info_type_id < 100)
                    Rows Removed by Filter: 920110
              ->  Hash  (cost=67604.59..67604.59 rows=7437 width=4) (actual time=993.188..993.188 rows=23040 loops=1)
                    Buckets: 32768 (originally 8192)  Batches: 1 (originally 1)  Memory Usage: 1066kB
                    ->  Seq Scan on title t  (cost=0.00..67604.59 rows=7437 width=4) (actual time=0.040..982.734 rows=23040 loops=1)
                          Filter: (production_year = 1990)
                          Rows Removed by Filter: 2505272
Planning time: 1.227 ms
Execution time: 9208.172 ms
