Hash Join  (cost=79863.89..433665.89 rows=67791 width=0) (actual time=3542.744..7373.763 rows=224226 loops=1)
  Hash Cond: (mi.movie_id = t.id)
  ->  Seq Scan on movie_info mi  (cost=0.00..346232.03 rows=473617 width=4) (actual time=1707.952..5165.666 rows=486554 loops=1)
        Filter: (info_type_id = 5)
        Rows Removed by Filter: 14349166
  ->  Hash  (cost=73925.90..73925.90 rows=361919 width=4) (actual time=1830.671..1830.671 rows=470371 loops=1)
        Buckets: 131072  Batches: 8  Memory Usage: 3111kB
        ->  Seq Scan on title t  (cost=0.00..73925.90 rows=361919 width=4) (actual time=0.030..1172.355 rows=470371 loops=1)
              Filter: ((kind_id < 7) AND (production_year < 1998))
              Rows Removed by Filter: 2057941
Planning time: 0.783 ms
Execution time: 7402.645 ms
