Hash Join  (cost=102767.86..1023335.34 rows=4763342 width=0) (actual time=11851.241..17289.647 rows=2042542 loops=1)
  Hash Cond: (ci.movie_id = t.id)
  ->  Seq Scan on cast_info ci  (cost=0.00..796071.18 rows=4763342 width=4) (actual time=9890.190..13227.164 rows=2042542 loops=1)
        Filter: ((person_id < 2222201) AND (role_id > 6))
        Rows Removed by Filter: 34201802
  ->  Hash  (cost=61283.27..61283.27 rows=2528527 width=4) (actual time=1959.982..1959.982 rows=2528312 loops=1)
        Buckets: 131072  Batches: 64  Memory Usage: 2415kB
        ->  Seq Scan on title t  (cost=0.00..61283.27 rows=2528527 width=4) (actual time=0.020..1106.425 rows=2528312 loops=1)
Planning time: 0.729 ms
Execution time: 17547.830 ms
