Seq Scan on cast_info ci  (cost=0.00..796071.18 rows=20702507 width=0) (actual time=0.021..17659.693 rows=22412177 loops=1)
  Filter: ((person_id > 402039) AND (role_id > 1))
  Rows Removed by Filter: 13832167
Planning time: 0.331 ms
Execution time: 20419.398 ms
