Seq Scan on cast_info ci  (cost=0.00..705507.15 rows=500 width=0) (actual time=10586.131..10643.252 rows=89 loops=1)
  Filter: (person_id = 2568669)
  Rows Removed by Filter: 36244255
Planning time: 0.400 ms
Execution time: 10643.351 ms
