Hash Join  (cost=936987.75..981221.90 rows=381267 width=0) (actual time=15491.862..17256.933 rows=1572747 loops=1)
  Hash Cond: (mi_idx.movie_id = t.id)
  ->  Seq Scan on movie_info_idx mi_idx  (cost=0.00..21735.35 rows=1380035 width=4) (actual time=0.024..487.138 rows=1380035 loops=1)
  ->  Hash  (cost=925526.70..925526.70 rows=698564 width=8) (actual time=15490.421..15490.421 rows=1383341 loops=1)
        Buckets: 131072 (originally 131072)  Batches: 32 (originally 16)  Memory Usage: 3073kB
        ->  Hash Join  (cost=102767.86..925526.70 rows=698564 width=8) (actual time=9788.269..15098.033 rows=1383341 loops=1)
              Hash Cond: (ci.movie_id = t.id)
              ->  Seq Scan on cast_info ci  (cost=0.00..796071.18 rows=698564 width=4) (actual time=7666.617..11403.346 rows=1383341 loops=1)
                    Filter: ((person_id < 189531) AND (role_id < 2))
                    Rows Removed by Filter: 34861003
              ->  Hash  (cost=61283.27..61283.27 rows=2528527 width=4) (actual time=2120.312..2120.312 rows=2528312 loops=1)
                    Buckets: 131072  Batches: 64  Memory Usage: 2415kB
                    ->  Seq Scan on title t  (cost=0.00..61283.27 rows=2528527 width=4) (actual time=0.018..1026.375 rows=2528312 loops=1)
Planning time: 1.466 ms
Execution time: 17425.245 ms
