Hash Join  (cost=132051.74..218766.16 rows=5639 width=0) (actual time=2708.818..4562.935 rows=4790 loops=1)
  Hash Cond: (mk.movie_id = t.id)
  ->  Seq Scan on movie_keyword mk  (cost=0.00..69693.30 rows=4523930 width=4) (actual time=0.020..1018.861 rows=4523930 loops=1)
  ->  Hash  (cost=132012.34..132012.34 rows=3152 width=8) (actual time=2707.671..2707.671 rows=2943 loops=1)
        Buckets: 4096  Batches: 1  Memory Usage: 147kB
        ->  Hash Join  (cost=73982.55..132012.34 rows=3152 width=8) (actual time=1388.214..2706.219 rows=2943 loops=1)
              Hash Cond: (mc.movie_id = t.id)
              ->  Seq Scan on movie_companies mc  (cost=0.00..51404.11 rows=1758440 width=4) (actual time=0.025..948.254 rows=1762537 loops=1)
                    Filter: (company_id > 2287)
                    Rows Removed by Filter: 846592
              ->  Hash  (cost=73925.90..73925.90 rows=4532 width=4) (actual time=1387.933..1387.933 rows=14720 loops=1)
                    Buckets: 16384 (originally 8192)  Batches: 1 (originally 1)  Memory Usage: 646kB
                    ->  Seq Scan on title t  (cost=0.00..73925.90 rows=4532 width=4) (actual time=0.058..1381.107 rows=14720 loops=1)
                          Filter: ((kind_id = 7) AND (production_year = 1992))
                          Rows Removed by Filter: 2513592
Planning time: 1.164 ms
Execution time: 4563.776 ms
