Seq Scan on cast_info ci  (cost=0.00..796071.18 rows=163869 width=0) (actual time=917.865..10524.282 rows=282992 loops=1)
  Filter: ((person_id > 4011350) AND (role_id > 1))
  Rows Removed by Filter: 35961352
Planning time: 0.331 ms
Execution time: 10560.531 ms
