Seq Scan on movie_companies mc  (cost=0.00..57926.93 rows=520039 width=0) (actual time=419.040..879.768 rows=230218 loops=1)
  Filter: ((company_id > 14490) AND (company_type_id = 1))
  Rows Removed by Filter: 2378911
Planning time: 0.360 ms
Execution time: 908.880 ms
