Nested Loop  (cost=0.43..58358.27 rows=51 width=0) (actual time=7.526..829.891 rows=45 loops=1)
  ->  Seq Scan on movie_companies mc  (cost=0.00..57926.93 rows=51 width=4) (actual time=7.450..828.111 rows=45 loops=1)
        Filter: ((company_id = 13089) AND (company_type_id = 1))
        Rows Removed by Filter: 2609084
  ->  Index Only Scan using title_pkey on title t  (cost=0.43..8.45 rows=1 width=4) (actual time=0.035..0.036 rows=1 loops=45)
        Index Cond: (id = mc.movie_id)
        Heap Fetches: 45
Planning time: 0.750 ms
Execution time: 830.001 ms
