Hash Join  (cost=52284.99..138944.89 rows=186 width=0) (actual time=1440.288..2608.686 rows=67 loops=1)
  Hash Cond: (mk.movie_id = t.id)
  ->  Seq Scan on movie_keyword mk  (cost=0.00..69693.30 rows=4523930 width=4) (actual time=0.019..978.914 rows=4523930 loops=1)
  ->  Hash  (cost=52283.69..52283.69 rows=104 width=8) (actual time=870.593..870.593 rows=85 loops=1)
        Buckets: 1024  Batches: 1  Memory Usage: 12kB
        ->  Nested Loop  (cost=0.43..52283.69 rows=104 width=8) (actual time=23.309..870.520 rows=85 loops=1)
              ->  Seq Scan on movie_companies mc  (cost=0.00..51404.11 rows=104 width=4) (actual time=23.219..868.960 rows=85 loops=1)
                    Filter: (company_id = 78816)
                    Rows Removed by Filter: 2609044
              ->  Index Only Scan using title_pkey on title t  (cost=0.43..8.45 rows=1 width=4) (actual time=0.017..0.017 rows=1 loops=85)
                    Index Cond: (id = mc.movie_id)
                    Heap Fetches: 85
Planning time: 1.168 ms
Execution time: 2608.808 ms
