Seq Scan on cast_info ci  (cost=0.00..705507.15 rows=34951383 width=0) (actual time=0.022..13856.046 rows=34942651 loops=1)
  Filter: (person_id < 3810441)
  Rows Removed by Filter: 1301693
Planning time: 0.319 ms
Execution time: 18230.666 ms
