Hash Join  (cost=73994.33..133520.72 rows=918 width=0) (actual time=1362.230..1887.465 rows=2547 loops=1)
  Hash Cond: (mc.movie_id = t.id)
  ->  Seq Scan on movie_companies mc  (cost=0.00..57926.93 rows=424074 width=4) (actual time=314.488..791.579 rows=240373 loops=1)
        Filter: ((company_id < 2020) AND (company_type_id = 2))
        Rows Removed by Filter: 2368756
  ->  Hash  (cost=73925.90..73925.90 rows=5474 width=4) (actual time=1047.498..1047.498 rows=9857 loops=1)
        Buckets: 16384 (originally 8192)  Batches: 1 (originally 1)  Memory Usage: 475kB
        ->  Seq Scan on title t  (cost=0.00..73925.90 rows=5474 width=4) (actual time=0.194..1042.242 rows=9857 loops=1)
              Filter: ((kind_id > 1) AND (production_year = 1971))
              Rows Removed by Filter: 2518455
Planning time: 2.060 ms
Execution time: 1888.076 ms
