Hash Join  (cost=1026645.33..1860826.82 rows=25805571 width=0) (actual time=21397.714..57862.434 rows=82645795 loops=1)
  Hash Cond: (mi.movie_id = t.id)
  ->  Seq Scan on movie_info mi  (cost=0.00..346232.03 rows=12665229 width=4) (actual time=0.016..7325.304 rows=12744652 loops=1)
        Filter: (info_type_id > 2)
        Rows Removed by Filter: 2091068
  ->  Hash  (cost=942121.50..942121.50 rows=5151907 width=8) (actual time=21395.690..21395.690 rows=5208672 loops=1)
        Buckets: 131072  Batches: 128  Memory Usage: 2649kB
        ->  Hash Join  (cost=102767.86..942121.50 rows=5151907 width=8) (actual time=9011.053..18972.458 rows=5208672 loops=1)
              Hash Cond: (ci.movie_id = t.id)
              ->  Seq Scan on cast_info ci  (cost=0.00..705507.15 rows=5151907 width=4) (actual time=7149.235..11777.294 rows=5208672 loops=1)
                    Filter: (person_id > 3142658)
                    Rows Removed by Filter: 31035672
              ->  Hash  (cost=61283.27..61283.27 rows=2528527 width=4) (actual time=1859.207..1859.207 rows=2528312 loops=1)
                    Buckets: 131072  Batches: 64  Memory Usage: 2415kB
                    ->  Seq Scan on title t  (cost=0.00..61283.27 rows=2528527 width=4) (actual time=0.021..998.807 rows=2528312 loops=1)
Planning time: 1.143 ms
Execution time: 66939.629 ms
