Hash Join  (cost=230121.00..1142378.32 rows=3932050 width=0) (actual time=4862.970..20290.016 rows=3229042 loops=1)
  Hash Cond: (ci.movie_id = t.id)
  ->  Seq Scan on cast_info ci  (cost=0.00..796071.18 rows=5442128 width=4) (actual time=0.028..12648.123 rows=3353378 loops=1)
        Filter: ((person_id < 1189526) AND (role_id > 2))
        Rows Removed by Filter: 32890966
  ->  Hash  (cost=200147.59..200147.59 rows=1826913 width=8) (actual time=4861.514..4861.514 rows=1107182 loops=1)
        Buckets: 131072  Batches: 32  Memory Usage: 2346kB
        ->  Hash Join  (cost=96651.52..200147.59 rows=1826913 width=8) (actual time=1850.494..4574.812 rows=1107182 loops=1)
              Hash Cond: (mc.movie_id = t.id)
              ->  Seq Scan on movie_companies mc  (cost=0.00..44881.29 rows=2609129 width=4) (actual time=0.021..900.660 rows=2609129 loops=1)
              ->  Hash  (cost=67604.59..67604.59 rows=1770475 width=4) (actual time=1849.133..1849.133 rows=1774635 loops=1)
                    Buckets: 131072  Batches: 32  Memory Usage: 2978kB
                    ->  Seq Scan on title t  (cost=0.00..67604.59 rows=1770475 width=4) (actual time=0.017..1283.183 rows=1774635 loops=1)
                          Filter: (kind_id > 2)
                          Rows Removed by Filter: 753677
Planning time: 1.181 ms
Execution time: 20674.406 ms
