Seq Scan on movie_keyword mk  (cost=0.00..81003.12 rows=246 width=0) (actual time=15.609..1247.286 rows=34 loops=1)
  Filter: (keyword_id = 10156)
  Rows Removed by Filter: 4523896
Planning time: 0.334 ms
Execution time: 1247.388 ms
