Hash Join  (cost=263115.61..1493970.15 rows=21802645 width=0) (actual time=5768.426..46008.430 rows=46817056 loops=1)
  Hash Cond: (ci.movie_id = t.id)
  ->  Seq Scan on cast_info ci  (cost=0.00..705507.15 rows=21129111 width=4) (actual time=0.019..14937.567 rows=21267913 loops=1)
        Filter: (person_id > 1477844)
        Rows Removed by Filter: 14976431
  ->  Hash  (cost=220309.49..220309.49 rows=2609129 width=8) (actual time=5766.484..5766.484 rows=2609129 loops=1)
        Buckets: 131072  Batches: 64  Memory Usage: 2610kB
        ->  Hash Join  (cost=102767.86..220309.49 rows=2609129 width=8) (actual time=1846.843..5120.712 rows=2609129 loops=1)
              Hash Cond: (mc.movie_id = t.id)
              ->  Seq Scan on movie_companies mc  (cost=0.00..44881.29 rows=2609129 width=4) (actual time=0.023..903.796 rows=2609129 loops=1)
              ->  Hash  (cost=61283.27..61283.27 rows=2528527 width=4) (actual time=1844.951..1844.951 rows=2528312 loops=1)
                    Buckets: 131072  Batches: 64  Memory Usage: 2415kB
                    ->  Seq Scan on title t  (cost=0.00..61283.27 rows=2528527 width=4) (actual time=0.018..996.510 rows=2528312 loops=1)
Planning time: 1.166 ms
Execution time: 51510.522 ms
