Hash Join  (cost=509121.87..603353.69 rows=1391430 width=0) (actual time=9089.617..11475.294 rows=935214 loops=1)
  Hash Cond: (mc.movie_id = t.id)
  ->  Seq Scan on movie_companies mc  (cost=0.00..44881.29 rows=2609129 width=4) (actual time=0.019..898.936 rows=2609129 loops=1)
  ->  Hash  (cost=486998.29..486998.29 rows=1348446 width=8) (actual time=9088.450..9088.450 rows=380120 loops=1)
        Buckets: 131072  Batches: 32  Memory Usage: 1474kB
        ->  Hash Join  (cost=93093.72..486998.29 rows=1348446 width=8) (actual time=1673.360..8972.818 rows=380120 loops=1)
              Hash Cond: (mi.movie_id = t.id)
              ->  Seq Scan on movie_info mi  (cost=0.00..346232.03 rows=2194617 width=4) (actual time=0.027..5568.061 rows=2233850 loops=1)
                    Filter: (info_type_id > 16)
                    Rows Removed by Filter: 12601870
              ->  Hash  (cost=67604.59..67604.59 rows=1553611 width=4) (actual time=1670.465..1670.465 rows=1555864 loops=1)
                    Buckets: 131072  Batches: 32  Memory Usage: 2740kB
                    ->  Seq Scan on title t  (cost=0.00..67604.59 rows=1553611 width=4) (actual time=0.016..1154.646 rows=1555864 loops=1)
                          Filter: (kind_id > 4)
                          Rows Removed by Filter: 972448
Planning time: 1.210 ms
Execution time: 11589.115 ms
