Seq Scan on movie_keyword mk  (cost=0.00..81003.12 rows=246 width=0) (actual time=34.588..1125.326 rows=11 loops=1)
  Filter: (keyword_id = 55517)
  Rows Removed by Filter: 4523919
Planning time: 0.383 ms
Execution time: 1125.425 ms
