Hash Join  (cost=159886.11..625612.67 rows=1552439 width=0) (actual time=3721.982..15484.403 rows=4593208 loops=1)
  Hash Cond: (mi.movie_id = t.id)
  ->  Seq Scan on movie_info mi  (cost=0.00..346232.03 rows=8841901 width=4) (actual time=0.014..6501.588 rows=8950757 loops=1)
        Filter: (info_type_id > 6)
        Rows Removed by Filter: 5884963
  ->  Hash  (cost=152601.70..152601.70 rows=443953 width=8) (actual time=3720.970..3720.970 rows=456806 loops=1)
        Buckets: 131072  Batches: 8  Memory Usage: 3270kB
        ->  Hash Join  (cost=107556.84..152601.70 rows=443953 width=8) (actual time=2192.804..3571.249 rows=456806 loops=1)
              Hash Cond: (mi_idx.movie_id = t.id)
              ->  Seq Scan on movie_info_idx mi_idx  (cost=0.00..25185.44 rows=460978 width=4) (actual time=0.035..469.614 rows=459925 loops=1)
                    Filter: (info_type_id = 99)
                    Rows Removed by Filter: 920110
              ->  Hash  (cost=67604.59..67604.59 rows=2435140 width=4) (actual time=2191.152..2191.152 rows=2431710 loops=1)
                    Buckets: 131072  Batches: 32  Memory Usage: 3696kB
                    ->  Seq Scan on title t  (cost=0.00..67604.59 rows=2435140 width=4) (actual time=0.022..1413.109 rows=2431710 loops=1)
                          Filter: (production_year > 1909)
                          Rows Removed by Filter: 96602
Planning time: 10.401 ms
Execution time: 16008.169 ms
