Seq Scan on cast_info ci  (cost=0.00..705507.15 rows=17706924 width=0) (actual time=0.027..10419.698 rows=17558819 loops=1)
  Filter: (person_id < 1737867)
  Rows Removed by Filter: 18685525
Planning time: 0.321 ms
Execution time: 12444.517 ms
