Seq Scan on movie_keyword mk  (cost=0.00..81003.12 rows=3319886 width=0) (actual time=0.019..1502.626 rows=3320964 loops=1)
  Filter: (keyword_id > 1502)
  Rows Removed by Filter: 1202966
Planning time: 0.256 ms
Execution time: 1894.614 ms
