Hash Join  (cost=205820.24..354705.70 rows=2206543 width=0) (actual time=4571.806..9092.862 rows=2959376 loops=1)
  Hash Cond: (mk.movie_id = t.id)
  ->  Seq Scan on movie_keyword mk  (cost=0.00..69693.30 rows=4523930 width=4) (actual time=0.025..1515.740 rows=4523930 loops=1)
  ->  Hash  (cost=185586.15..185586.15 rows=1233287 width=8) (actual time=4569.241..4569.241 rows=713857 loops=1)
        Buckets: 131072  Batches: 32  Memory Usage: 1885kB
        ->  Hash Join  (cost=93534.76..185586.15 rows=1233287 width=8) (actual time=1881.839..4363.785 rows=713857 loops=1)
              Hash Cond: (mc.movie_id = t.id)
              ->  Seq Scan on movie_companies mc  (cost=0.00..44881.29 rows=2609129 width=4) (actual time=0.010..840.666 rows=2609129 loops=1)
              ->  Hash  (cost=73925.90..73925.90 rows=1195188 width=4) (actual time=1880.755..1880.755 rows=1311496 loops=1)
                    Buckets: 131072  Batches: 16  Memory Usage: 3916kB
                    ->  Seq Scan on title t  (cost=0.00..73925.90 rows=1195188 width=4) (actual time=0.022..1472.906 rows=1311496 loops=1)
                          Filter: ((kind_id > 2) AND (production_year > 1992))
                          Rows Removed by Filter: 1216816
Planning time: 1.139 ms
Execution time: 9439.622 ms
