Seq Scan on movie_keyword mk  (cost=0.00..81003.12 rows=4288563 width=0) (actual time=0.019..1562.399 rows=4288064 loops=1)
  Filter: (keyword_id < 62545)
  Rows Removed by Filter: 235866
Planning time: 0.308 ms
Execution time: 2097.439 ms
