Seq Scan on title t  (cost=0.00..73925.90 rows=4906 width=0) (actual time=0.160..1161.421 rows=4022 loops=1)
  Filter: ((kind_id > 3) AND (production_year = 1954))
  Rows Removed by Filter: 2524290
Planning time: 0.313 ms
Execution time: 1162.518 ms
