Seq Scan on cast_info ci  (cost=0.00..796071.18 rows=62580 width=0) (actual time=8924.530..12397.254 rows=215959 loops=1)
  Filter: ((person_id > 3001555) AND (role_id > 10))
  Rows Removed by Filter: 36028385
Planning time: 0.364 ms
Execution time: 12423.947 ms
