Hash Join  (cost=438999.16..1418624.49 rows=242603 width=0) (actual time=7144.314..27668.384 rows=2337217 loops=1)
  Hash Cond: (ci.movie_id = t.id)
  ->  Seq Scan on cast_info ci  (cost=0.00..614943.12 rows=36225612 width=4) (actual time=0.016..9258.682 rows=36244344 loops=1)
  ->  Hash  (cost=438787.48..438787.48 rows=16934 width=8) (actual time=7143.754..7143.754 rows=68793 loops=1)
        Buckets: 131072 (originally 32768)  Batches: 1 (originally 1)  Memory Usage: 3712kB
        ->  Hash Join  (cost=73962.22..438787.48 rows=16934 width=8) (actual time=940.176..7115.391 rows=68793 loops=1)
              Hash Cond: (mi.movie_id = t.id)
              ->  Seq Scan on movie_info mi  (cost=0.00..309384.22 rows=14739122 width=4) (actual time=0.018..3440.222 rows=14835720 loops=1)
              ->  Hash  (cost=73925.90..73925.90 rows=2905 width=4) (actual time=939.856..939.856 rows=6548 loops=1)
                    Buckets: 8192 (originally 4096)  Batches: 1 (originally 1)  Memory Usage: 295kB
                    ->  Seq Scan on title t  (cost=0.00..73925.90 rows=2905 width=4) (actual time=0.022..936.788 rows=6548 loops=1)
                          Filter: ((kind_id < 7) AND (production_year = 1979))
                          Rows Removed by Filter: 2521764
Planning time: 1.205 ms
Execution time: 27958.358 ms
