Hash Join  (cost=107730.59..1546768.06 rows=35039829 width=0) (actual time=2185.079..46181.409 rows=35820248 loops=1)
  Hash Cond: (ci.movie_id = t.id)
  ->  Seq Scan on cast_info ci  (cost=0.00..614943.12 rows=36225612 width=4) (actual time=0.016..12671.618 rows=36244344 loops=1)
  ->  Hash  (cost=67604.59..67604.59 rows=2445760 width=4) (actual time=2184.131..2184.131 rows=2442366 loops=1)
        Buckets: 131072  Batches: 32  Memory Usage: 3707kB
        ->  Seq Scan on title t  (cost=0.00..67604.59 rows=2445760 width=4) (actual time=0.013..1394.018 rows=2442366 loops=1)
              Filter: (production_year > 1903)
              Rows Removed by Filter: 85946
Planning time: 0.749 ms
Execution time: 50237.170 ms
