Hash Join  (cost=128551.33..944761.28 rows=159344 width=0) (actual time=8860.436..16008.687 rows=142968 loops=1)
  Hash Cond: (ci.movie_id = t.id)
  ->  Seq Scan on cast_info ci  (cost=0.00..796071.18 rows=1513955 width=4) (actual time=6246.600..13118.282 rows=493334 loops=1)
        Filter: ((person_id < 1247613) AND (role_id = 10))
        Rows Removed by Filter: 35751010
  ->  Hash  (cost=124184.73..124184.73 rows=266128 width=8) (actual time=2611.751..2611.751 rows=147537 loops=1)
        Buckets: 131072  Batches: 4  Memory Usage: 2447kB
        ->  Hash Join  (cost=81925.97..124184.73 rows=266128 width=8) (actual time=1509.588..2559.774 rows=147537 loops=1)
              Hash Cond: (mi_idx.movie_id = t.id)
              ->  Seq Scan on movie_info_idx mi_idx  (cost=0.00..21735.35 rows=1380035 width=4) (actual time=0.040..373.926 rows=1380035 loops=1)
              ->  Hash  (cost=73925.90..73925.90 rows=487605 width=4) (actual time=1507.695..1507.695 rows=501779 loops=1)
                    Buckets: 131072  Batches: 8  Memory Usage: 3231kB
                    ->  Seq Scan on title t  (cost=0.00..73925.90 rows=487605 width=4) (actual time=0.025..1347.498 rows=501779 loops=1)
                          Filter: ((kind_id > 1) AND (production_year > 2008))
                          Rows Removed by Filter: 2026533
Planning time: 1.118 ms
Execution time: 16027.358 ms
