Hash Join  (cost=102767.86..296683.37 rows=4281870 width=0) (actual time=2275.984..7524.045 rows=4262997 loops=1)
  Hash Cond: (mk.movie_id = t.id)
  ->  Seq Scan on movie_keyword mk  (cost=0.00..81003.12 rows=4281870 width=4) (actual time=0.019..1820.559 rows=4262997 loops=1)
        Filter: (keyword_id > 228)
        Rows Removed by Filter: 260933
  ->  Hash  (cost=61283.27..61283.27 rows=2528527 width=4) (actual time=2275.128..2275.128 rows=2528312 loops=1)
        Buckets: 131072  Batches: 64  Memory Usage: 2425kB
        ->  Seq Scan on title t  (cost=0.00..61283.27 rows=2528527 width=4) (actual time=0.017..1118.218 rows=2528312 loops=1)
Planning time: 0.747 ms
Execution time: 8018.195 ms
