Seq Scan on cast_info ci  (cost=0.00..705507.15 rows=11088942 width=0) (actual time=0.024..11807.122 rows=11008966 loops=1)
  Filter: (person_id < 1081210)
  Rows Removed by Filter: 25235378
Planning time: 0.276 ms
Execution time: 13148.122 ms
