Hash Join  (cost=230149.89..829967.02 rows=9520631 width=0) (actual time=5110.715..30626.488 rows=50062355 loops=1)
  Hash Cond: (mi.movie_id = t.id)
  ->  Seq Scan on movie_info mi  (cost=0.00..309384.22 rows=14739122 width=4) (actual time=0.041..6530.421 rows=14835720 loops=1)
  ->  Hash  (cost=203352.84..203352.84 rows=1633284 width=8) (actual time=5109.548..5109.548 rows=1622628 loops=1)
        Buckets: 131072  Batches: 32  Memory Usage: 3045kB
        ->  Hash Join  (cost=102767.86..203352.84 rows=1633284 width=8) (actual time=1914.656..4646.484 rows=1622628 loops=1)
              Hash Cond: (mc.movie_id = t.id)
              ->  Seq Scan on movie_companies mc  (cost=0.00..51404.11 rows=1633284 width=4) (actual time=0.018..1030.921 rows=1622628 loops=1)
                    Filter: (company_id < 17152)
                    Rows Removed by Filter: 986501
              ->  Hash  (cost=61283.27..61283.27 rows=2528527 width=4) (actual time=1912.959..1912.959 rows=2528312 loops=1)
                    Buckets: 131072  Batches: 64  Memory Usage: 2415kB
                    ->  Seq Scan on title t  (cost=0.00..61283.27 rows=2528527 width=4) (actual time=0.012..1070.740 rows=2528312 loops=1)
Planning time: 1.186 ms
Execution time: 36015.920 ms
