Hash Join  (cost=73950.44..130350.92 rows=1032 width=0) (actual time=1397.655..2017.253 rows=5272 loops=1)
  Hash Cond: (mc.movie_id = t.id)
  ->  Seq Scan on movie_companies mc  (cost=0.00..51404.11 rows=1329612 width=4) (actual time=84.537..757.612 rows=1334883 loops=1)
        Filter: (company_type_id > 1)
        Rows Removed by Filter: 1274246
  ->  Hash  (cost=73925.90..73925.90 rows=1963 width=4) (actual time=1037.782..1037.782 rows=5006 loops=1)
        Buckets: 8192 (originally 2048)  Batches: 1 (originally 1)  Memory Usage: 240kB
        ->  Seq Scan on title t  (cost=0.00..73925.90 rows=1963 width=4) (actual time=0.101..1035.583 rows=5006 loops=1)
              Filter: ((kind_id = 1) AND (production_year = 1991))
              Rows Removed by Filter: 2523306
Planning time: 0.664 ms
Execution time: 2018.215 ms
