Seq Scan on movie_keyword mk  (cost=0.00..81003.12 rows=246 width=0) (actual time=4.138..1403.071 rows=265 loops=1)
  Filter: (keyword_id = 16411)
  Rows Removed by Filter: 4523665
Planning time: 0.226 ms
Execution time: 1403.310 ms
