Seq Scan on movie_keyword mk  (cost=0.00..81003.12 rows=246 width=0) (actual time=21.145..1411.860 rows=29 loops=1)
  Filter: (keyword_id = 15328)
  Rows Removed by Filter: 4523901
Planning time: 0.319 ms
Execution time: 1411.979 ms
