Hash Join  (cost=74710.74..134842.08 rows=13690 width=0) (actual time=1588.661..2376.835 rows=34005 loops=1)
  Hash Cond: (mc.movie_id = t.id)
  ->  Seq Scan on movie_companies mc  (cost=0.00..57926.93 rows=551333 width=4) (actual time=379.393..959.420 rows=848988 loops=1)
        Filter: ((company_id > 14145) AND (company_type_id = 2))
        Rows Removed by Filter: 1760141
  ->  Hash  (cost=73925.90..73925.90 rows=62787 width=4) (actual time=1208.808..1208.808 rows=53770 loops=1)
        Buckets: 65536  Batches: 1  Memory Usage: 2403kB
        ->  Seq Scan on title t  (cost=0.00..73925.90 rows=62787 width=4) (actual time=0.166..1182.706 rows=53770 loops=1)
              Filter: ((kind_id < 7) AND (production_year = 2011))
              Rows Removed by Filter: 2474542
Planning time: 4.173 ms
Execution time: 2381.078 ms
