Hash Join  (cost=190230.21..1130491.27 rows=4450813 width=0) (actual time=5355.761..24393.509 rows=6384875 loops=1)
  Hash Cond: (ci.movie_id = t.id)
  ->  Seq Scan on cast_info ci  (cost=0.00..796071.18 rows=8154867 width=4) (actual time=1135.898..13974.111 rows=4970672 loops=1)
        Filter: ((person_id < 1797851) AND (role_id > 2))
        Rows Removed by Filter: 31273672
  ->  Hash  (cost=167588.78..167588.78 rows=1380035 width=8) (actual time=4218.865..4218.865 rows=1380035 loops=1)
        Buckets: 131072  Batches: 32  Memory Usage: 2708kB
        ->  Hash Join  (cost=102767.86..167588.78 rows=1380035 width=8) (actual time=1955.745..3846.146 rows=1380035 loops=1)
              Hash Cond: (mi_idx.movie_id = t.id)
              ->  Seq Scan on movie_info_idx mi_idx  (cost=0.00..21735.35 rows=1380035 width=4) (actual time=0.026..438.637 rows=1380035 loops=1)
              ->  Hash  (cost=61283.27..61283.27 rows=2528527 width=4) (actual time=1953.692..1953.692 rows=2528312 loops=1)
                    Buckets: 131072  Batches: 64  Memory Usage: 2415kB
                    ->  Seq Scan on title t  (cost=0.00..61283.27 rows=2528527 width=4) (actual time=0.006..1110.633 rows=2528312 loops=1)
Planning time: 1.128 ms
Execution time: 25063.434 ms
