Hash Join  (cost=190040.14..673364.39 rows=787235 width=0) (actual time=3975.032..15263.014 rows=328175 loops=1)
  Hash Cond: (mi.movie_id = t.id)
  ->  Seq Scan on movie_info mi  (cost=0.00..346232.03 rows=11115165 width=4) (actual time=0.014..7373.024 rows=11210743 loops=1)
        Filter: (info_type_id > 3)
        Rows Removed by Filter: 3624977
  ->  Hash  (cost=187101.59..187101.59 rows=179084 width=8) (actual time=3566.261..3566.261 rows=32260 loops=1)
        Buckets: 131072  Batches: 4  Memory Usage: 1349kB
        ->  Hash Join  (cost=77187.44..187101.59 rows=179084 width=8) (actual time=1902.320..3556.371 rows=32260 loops=1)
              Hash Cond: (mk.movie_id = t.id)
              ->  Seq Scan on movie_keyword mk  (cost=0.00..81003.12 rows=2278182 width=4) (actual time=0.024..1567.943 rows=2278125 loops=1)
                    Filter: (keyword_id > 4626)
                    Rows Removed by Filter: 2245805
              ->  Hash  (cost=73925.90..73925.90 rows=198763 width=4) (actual time=1191.201..1191.201 rows=95336 loops=1)
                    Buckets: 131072  Batches: 4  Memory Usage: 1866kB
                    ->  Seq Scan on title t  (cost=0.00..73925.90 rows=198763 width=4) (actual time=0.023..1038.403 rows=95336 loops=1)
                          Filter: ((production_year < 1967) AND (kind_id = 7))
                          Rows Removed by Filter: 2432976
Planning time: 0.735 ms
Execution time: 15303.065 ms
