Seq Scan on cast_info ci  (cost=0.00..796071.18 rows=176 width=0) (actual time=388.947..11050.899 rows=1 loops=1)
  Filter: ((person_id = 268501) AND (role_id = 1))
  Rows Removed by Filter: 36244343
Planning time: 0.402 ms
Execution time: 11050.993 ms
