Hash Join  (cost=115604.38..173599.36 rows=3234 width=0) (actual time=1438.137..2674.742 rows=13619 loops=1)
  Hash Cond: (mc.movie_id = t.id)
  ->  Seq Scan on movie_companies mc  (cost=0.00..51404.11 rows=1748941 width=4) (actual time=0.021..953.122 rows=1753865 loops=1)
        Filter: (company_id > 2425)
        Rows Removed by Filter: 855264
  ->  Hash  (cost=115545.94..115545.94 rows=4675 width=8) (actual time=1437.973..1437.973 rows=4273 loops=1)
        Buckets: 8192  Batches: 1  Memory Usage: 231kB
        ->  Nested Loop  (cost=0.43..115545.94 rows=4675 width=8) (actual time=0.141..1435.485 rows=4273 loops=1)
              ->  Seq Scan on movie_keyword mk  (cost=0.00..81003.12 rows=4675 width=4) (actual time=0.081..1317.077 rows=4273 loops=1)
                    Filter: (keyword_id = 2629)
                    Rows Removed by Filter: 4519657
              ->  Index Only Scan using title_pkey on title t  (cost=0.43..7.38 rows=1 width=4) (actual time=0.027..0.027 rows=1 loops=4273)
                    Index Cond: (id = mk.movie_id)
                    Heap Fetches: 4273
Planning time: 1.103 ms
Execution time: 2677.106 ms
