Hash Join  (cost=74690.97..133014.12 rows=2402 width=0) (actual time=1310.541..2195.261 rows=19309 loops=1)
  Hash Cond: (mc.movie_id = t.id)
  ->  Seq Scan on movie_companies mc  (cost=0.00..57926.93 rows=99253 width=4) (actual time=134.495..946.467 rows=195889 loops=1)
        Filter: ((company_id > 114781) AND (company_type_id = 2))
        Rows Removed by Filter: 2413240
  ->  Hash  (cost=73925.90..73925.90 rows=61205 width=4) (actual time=1175.579..1175.579 rows=61581 loops=1)
        Buckets: 65536  Batches: 1  Memory Usage: 2677kB
        ->  Seq Scan on title t  (cost=0.00..73925.90 rows=61205 width=4) (actual time=0.028..1151.788 rows=61581 loops=1)
              Filter: ((kind_id < 2) AND (production_year > 2011))
              Rows Removed by Filter: 2466731
Planning time: 0.713 ms
Execution time: 2198.252 ms
