Seq Scan on title t  (cost=0.00..73925.90 rows=468651 width=0) (actual time=33.550..1245.414 rows=340746 loops=1)
  Filter: ((production_year > 1989) AND (kind_id = 1))
  Rows Removed by Filter: 2187566
Planning time: 0.308 ms
Execution time: 1297.779 ms
