Nested Loop  (cost=72397.51..168978.17 rows=2594 width=0) (actual time=1720.696..3141.579 rows=7016 loops=1)
  ->  Hash Join  (cost=72397.08..160820.64 rows=13638 width=8) (actual time=1720.599..3030.285 rows=7016 loops=1)
        Hash Cond: (mk.movie_id = mc.movie_id)
        ->  Seq Scan on movie_keyword mk  (cost=0.00..81003.12 rows=5127 width=4) (actual time=9.106..1332.000 rows=4540 loops=1)
              Filter: (keyword_id = 2762)
              Rows Removed by Filter: 4519390
        ->  Hash  (cost=51404.11..51404.11 rows=1279517 width=4) (actual time=1473.140..1473.140 rows=1274246 loops=1)
              Buckets: 131072  Batches: 32  Memory Usage: 2474kB
              ->  Seq Scan on movie_companies mc  (cost=0.00..51404.11 rows=1279517 width=4) (actual time=143.611..1054.188 rows=1274246 loops=1)
                    Filter: (company_type_id < 2)
                    Rows Removed by Filter: 1334883
  ->  Index Only Scan using title_pkey on title t  (cost=0.43..0.59 rows=1 width=4) (actual time=0.015..0.015 rows=1 loops=7016)
        Index Cond: (id = mc.movie_id)
        Heap Fetches: 7016
Planning time: 2.917 ms
Execution time: 3143.167 ms
