Nested Loop  (cost=0.43..709674.40 rows=5 width=0) (actual time=10178.660..10206.193 rows=5 loops=1)
  ->  Seq Scan on cast_info ci  (cost=0.00..705507.15 rows=500 width=4) (actual time=5607.693..10199.764 rows=133 loops=1)
        Filter: (person_id = 2461102)
        Rows Removed by Filter: 36244211
  ->  Index Scan using title_pkey on title t  (cost=0.43..8.32 rows=1 width=4) (actual time=0.047..0.047 rows=0 loops=133)
        Index Cond: (id = ci.movie_id)
        Filter: ((kind_id < 7) AND (production_year = 2003))
        Rows Removed by Filter: 1
Planning time: 0.700 ms
Execution time: 10206.329 ms
