Seq Scan on title t  (cost=0.00..73925.90 rows=5207 width=0) (actual time=0.205..1139.264 rows=4939 loops=1)
  Filter: ((kind_id > 2) AND (production_year = 1955))
  Rows Removed by Filter: 2523373
Planning time: 0.308 ms
Execution time: 1140.636 ms
