Hash Join  (cost=207375.09..248243.71 rows=185114 width=0) (actual time=4035.157..5335.444 rows=781984 loops=1)
  Hash Cond: (mi_idx.movie_id = t.id)
  ->  Seq Scan on movie_info_idx mi_idx  (cost=0.00..21735.35 rows=1380035 width=4) (actual time=0.020..464.323 rows=1380035 loops=1)
  ->  Hash  (cost=201810.48..201810.48 rows=339169 width=8) (actual time=4034.311..4034.311 rows=336221 loops=1)
        Buckets: 131072  Batches: 8  Memory Usage: 2688kB
        ->  Hash Join  (cost=102767.86..201810.48 rows=339169 width=8) (actual time=2035.958..3933.903 rows=336221 loops=1)
              Hash Cond: (mk.movie_id = t.id)
              ->  Seq Scan on movie_keyword mk  (cost=0.00..81003.12 rows=339169 width=4) (actual time=108.766..1295.590 rows=336221 loops=1)
                    Filter: (keyword_id > 49090)
                    Rows Removed by Filter: 4187709
              ->  Hash  (cost=61283.27..61283.27 rows=2528527 width=4) (actual time=1925.103..1925.103 rows=2528312 loops=1)
                    Buckets: 131072  Batches: 64  Memory Usage: 2425kB
                    ->  Seq Scan on title t  (cost=0.00..61283.27 rows=2528527 width=4) (actual time=0.023..1067.665 rows=2528312 loops=1)
Planning time: 1.089 ms
Execution time: 5429.782 ms
