Hash Join  (cost=102767.86..212359.23 rows=777492 width=0) (actual time=1861.313..4315.178 rows=785881 loops=1)
  Hash Cond: (mk.movie_id = t.id)
  ->  Seq Scan on movie_keyword mk  (cost=0.00..81003.12 rows=777492 width=4) (actual time=0.025..1408.485 rows=785881 loops=1)
        Filter: (keyword_id > 23970)
        Rows Removed by Filter: 3738049
  ->  Hash  (cost=61283.27..61283.27 rows=2528527 width=4) (actual time=1859.411..1859.411 rows=2528312 loops=1)
        Buckets: 131072  Batches: 64  Memory Usage: 2425kB
        ->  Seq Scan on title t  (cost=0.00..61283.27 rows=2528527 width=4) (actual time=0.024..1014.395 rows=2528312 loops=1)
Planning time: 0.698 ms
Execution time: 4413.603 ms
