Hash Join  (cost=559350.30..1902806.19 rows=24907839 width=0) (actual time=12986.610..93487.491 rows=163895399 loops=1)
  Hash Cond: (ci.movie_id = t.id)
  ->  Seq Scan on cast_info ci  (cost=0.00..705507.15 rows=29704277 width=4) (actual time=0.024..16966.727 rows=29633536 loops=1)
        Filter: (person_id < 2997774)
        Rows Removed by Filter: 6610808
  ->  Hash  (cost=524564.32..524564.32 rows=2120238 width=8) (actual time=12985.541..12985.541 rows=3679220 loops=1)
        Buckets: 131072 (originally 131072)  Batches: 64 (originally 32)  Memory Usage: 3242kB
        ->  Hash Join  (cost=81720.25..524564.32 rows=2120238 width=8) (actual time=1443.713..11795.565 rows=3679220 loops=1)
              Hash Cond: (mi.movie_id = t.id)
              ->  Seq Scan on movie_info mi  (cost=0.00..346232.03 rows=6231111 width=4) (actual time=90.308..6084.525 rows=6223494 loops=1)
                    Filter: (info_type_id > 8)
                    Rows Removed by Filter: 8612226
              ->  Hash  (cost=67604.59..67604.59 rows=860373 width=4) (actual time=1352.543..1352.543 rows=854214 loops=1)
                    Buckets: 131072  Batches: 16  Memory Usage: 2906kB
                    ->  Seq Scan on title t  (cost=0.00..67604.59 rows=860373 width=4) (actual time=0.025..1076.338 rows=854214 loops=1)
                          Filter: (kind_id < 4)
                          Rows Removed by Filter: 1674098
Planning time: 8.900 ms
Execution time: 111946.611 ms
