Hash Join  (cost=83074.74..803578.66 rows=389 width=0) (actual time=5031.337..14151.986 rows=9535 loops=1)
  Hash Cond: (ci.movie_id = t.id)
  ->  Seq Scan on cast_info ci  (cost=0.00..705507.15 rows=3998100 width=4) (actual time=3472.788..11952.994 rows=4008037 loops=1)
        Filter: (role_id = 3)
        Rows Removed by Filter: 32236307
  ->  Hash  (cost=83071.67..83071.67 rows=246 width=8) (actual time=1558.310..1558.310 rows=2620 loops=1)
        Buckets: 4096 (originally 1024)  Batches: 1 (originally 1)  Memory Usage: 135kB
        ->  Nested Loop  (cost=0.43..83071.67 rows=246 width=8) (actual time=0.560..1556.466 rows=2620 loops=1)
              ->  Seq Scan on movie_keyword mk  (cost=0.00..81003.12 rows=246 width=4) (actual time=0.478..1396.495 rows=2620 loops=1)
                    Filter: (keyword_id = 1556)
                    Rows Removed by Filter: 4521310
              ->  Index Only Scan using title_pkey on title t  (cost=0.43..8.40 rows=1 width=4) (actual time=0.060..0.060 rows=1 loops=2620)
                    Index Cond: (id = mk.movie_id)
                    Heap Fetches: 2620
Planning time: 1.152 ms
Execution time: 14154.103 ms
