Seq Scan on cast_info ci  (cost=0.00..796071.18 rows=176 width=0) (actual time=2324.641..13227.307 rows=3056 loops=1)
  Filter: ((role_id < 2) AND (person_id = 461148))
  Rows Removed by Filter: 36241288
Planning time: 0.895 ms
Execution time: 13227.860 ms
