Hash Join  (cost=197248.81..1025564.76 rows=184922 width=0) (actual time=4135.568..19473.322 rows=1196740 loops=1)
  Hash Cond: (ci.movie_id = t.id)
  ->  Seq Scan on cast_info ci  (cost=0.00..796071.18 rows=2310512 width=4) (actual time=0.050..13115.316 rows=4682751 loops=1)
        Filter: ((person_id < 627548) AND (role_id = 1))
        Rows Removed by Filter: 31561593
  ->  Hash  (cost=193928.19..193928.19 rows=202370 width=8) (actual time=4134.492..4134.492 rows=183280 loops=1)
        Buckets: 131072  Batches: 4  Memory Usage: 2773kB
        ->  Hash Join  (cost=69460.45..193928.19 rows=202370 width=8) (actual time=1103.781..3815.184 rows=183280 loops=1)
              Hash Cond: (mk.movie_id = t.id)
              ->  Seq Scan on movie_keyword mk  (cost=0.00..69693.30 rows=4523930 width=4) (actual time=0.016..1411.692 rows=4523930 loops=1)
              ->  Hash  (cost=67604.59..67604.59 rows=113109 width=4) (actual time=1103.002..1103.002 rows=119565 loops=1)
                    Buckets: 131072  Batches: 2  Memory Usage: 3121kB
                    ->  Seq Scan on title t  (cost=0.00..67604.59 rows=113109 width=4) (actual time=0.014..1046.912 rows=119565 loops=1)
                          Filter: (production_year = 2007)
                          Rows Removed by Filter: 2408747
Planning time: 1.209 ms
Execution time: 19611.229 ms
