Hash Join  (cost=878248.91..1656190.86 rows=2924902 width=211) (actual time=17678.790..37101.238 rows=1918540 loops=1)
  Hash Cond: (mi.movie_id = t.id)
  ->  Seq Scan on movie_info mi  (cost=0.00..309384.22 rows=14739122 width=75) (actual time=0.018..6982.077 rows=14835720 loops=1)
  ->  Hash  (cost=862175.75..862175.75 rows=501773 width=136) (actual time=17677.618..17677.618 rows=520691 loops=1)
        Buckets: 32768  Batches: 32  Memory Usage: 2662kB
        ->  Hash Join  (cost=86520.49..862175.75 rows=501773 width=136) (actual time=7049.022..17272.427 rows=520691 loops=1)
              Hash Cond: (ci.movie_id = t.id)
              ->  Seq Scan on cast_info ci  (cost=0.00..705507.15 rows=2735034 width=42) (actual time=4430.391..12732.718 rows=2728943 loops=1)
                    Filter: (role_id = 4)
                    Rows Removed by Filter: 33515401
              ->  Hash  (cost=73925.90..73925.90 rows=463887 width=94) (actual time=2617.988..2617.988 rows=480042 loops=1)
                    Buckets: 32768  Batches: 16  Memory Usage: 3700kB
                    ->  Seq Scan on title t  (cost=0.00..73925.90 rows=463887 width=94) (actual time=0.049..1650.311 rows=480042 loops=1)
                          Filter: ((kind_id > 2) AND (production_year > 2008))
                          Rows Removed by Filter: 2048270
Planning time: 1.486 ms
Execution time: 37208.572 ms
