Hash Join  (cost=73962.22..827338.30 rows=14621 width=0) (actual time=4663.815..16790.812 rows=2749 loops=1)
  Hash Cond: (ci.movie_id = t.id)
  ->  Seq Scan on cast_info ci  (cost=0.00..705507.15 rows=12726058 width=4) (actual time=3531.657..13553.723 rows=12670688 loops=1)
        Filter: (role_id = 1)
        Rows Removed by Filter: 23573656
  ->  Hash  (cost=73925.90..73925.90 rows=2905 width=4) (actual time=1108.337..1108.337 rows=3417 loops=1)
        Buckets: 4096  Batches: 1  Memory Usage: 153kB
        ->  Seq Scan on title t  (cost=0.00..73925.90 rows=2905 width=4) (actual time=0.122..1104.158 rows=3417 loops=1)
              Filter: ((kind_id < 7) AND (production_year = 1909))
              Rows Removed by Filter: 2524895
Planning time: 0.774 ms
Execution time: 16791.699 ms
