Seq Scan on movie_keyword mk  (cost=0.00..81003.12 rows=628362 width=0) (actual time=0.031..1284.323 rows=630714 loops=1)
  Filter: (keyword_id > 29089)
  Rows Removed by Filter: 3893216
Planning time: 0.331 ms
Execution time: 1365.488 ms
