Hash Join  (cost=365418.15..1398125.48 rows=16073403 width=0) (actual time=9274.126..41495.981 rows=58477089 loops=1)
  Hash Cond: (ci.movie_id = t.id)
  ->  Seq Scan on cast_info ci  (cost=0.00..705507.15 rows=8983789 width=4) (actual time=479.491..12459.111 rows=8998802 loops=1)
        Filter: (person_id > 2796734)
        Rows Removed by Filter: 27245542
  ->  Hash  (cost=291197.02..291197.02 rows=4523930 width=8) (actual time=8792.947..8792.947 rows=4523930 loops=1)
        Buckets: 131072  Batches: 64  Memory Usage: 3816kB
        ->  Hash Join  (cost=102767.86..291197.02 rows=4523930 width=8) (actual time=1881.638..7194.708 rows=4523930 loops=1)
              Hash Cond: (mk.movie_id = t.id)
              ->  Seq Scan on movie_keyword mk  (cost=0.00..69693.30 rows=4523930 width=4) (actual time=0.031..1421.458 rows=4523930 loops=1)
              ->  Hash  (cost=61283.27..61283.27 rows=2528527 width=4) (actual time=1880.327..1880.327 rows=2528312 loops=1)
                    Buckets: 131072  Batches: 64  Memory Usage: 2425kB
                    ->  Seq Scan on title t  (cost=0.00..61283.27 rows=2528527 width=4) (actual time=0.019..1034.394 rows=2528312 loops=1)
Planning time: 5.357 ms
Execution time: 47636.725 ms
