Hash Join  (cost=453799.34..1397969.39 rows=200095 width=0) (actual time=8588.444..29692.399 rows=431095 loops=1)
  Hash Cond: (ci.movie_id = t.id)
  ->  Seq Scan on cast_info ci  (cost=0.00..705507.15 rows=31554923 width=4) (actual time=0.019..14817.504 rows=31605208 loops=1)
        Filter: (role_id < 10)
        Rows Removed by Filter: 4639136
  ->  Hash  (cost=453598.92..453598.92 rows=16034 width=8) (actual time=8586.244..8586.244 rows=15093 loops=1)
        Buckets: 16384  Batches: 1  Memory Usage: 718kB
        ->  Hash Join  (cost=73983.10..453598.92 rows=16034 width=8) (actual time=1822.808..8578.444 rows=15093 loops=1)
              Hash Cond: (mi.movie_id = t.id)
              ->  Seq Scan on movie_info mi  (cost=0.00..346232.03 rows=8859586 width=4) (actual time=578.806..6051.253 rows=8966694 loops=1)
                    Filter: (info_type_id < 15)
                    Rows Removed by Filter: 5869026
              ->  Hash  (cost=73925.90..73925.90 rows=4576 width=4) (actual time=1146.817..1146.817 rows=2687 loops=1)
                    Buckets: 8192  Batches: 1  Memory Usage: 159kB
                    ->  Seq Scan on title t  (cost=0.00..73925.90 rows=4576 width=4) (actual time=252.110..1145.400 rows=2687 loops=1)
                          Filter: ((production_year > 2006) AND (kind_id = 6))
                          Rows Removed by Filter: 2525625
Planning time: 0.780 ms
Execution time: 29752.428 ms
