Seq Scan on title t  (cost=0.00..73925.90 rows=600823 width=0) (actual time=0.023..1039.541 rows=484625 loops=1)
  Filter: ((kind_id < 2) AND (production_year > 1953))
  Rows Removed by Filter: 2043687
Planning time: 0.298 ms
Execution time: 1116.605 ms
