Hash Join  (cost=102767.86..1677840.41 rows=35727225 width=0) (actual time=1849.016..48276.378 rows=35719544 loops=1)
  Hash Cond: (ci.movie_id = t.id)
  ->  Seq Scan on cast_info ci  (cost=0.00..705507.15 rows=35727225 width=4) (actual time=0.022..17684.153 rows=35719544 loops=1)
        Filter: (person_id < 3961688)
        Rows Removed by Filter: 524800
  ->  Hash  (cost=61283.27..61283.27 rows=2528527 width=4) (actual time=1848.398..1848.398 rows=2528312 loops=1)
        Buckets: 131072  Batches: 64  Memory Usage: 2415kB
        ->  Seq Scan on title t  (cost=0.00..61283.27 rows=2528527 width=4) (actual time=0.015..1016.661 rows=2528312 loops=1)
Planning time: 6.012 ms
Execution time: 52307.010 ms
