Hash Join  (cost=90016.07..1268157.54 rows=14050731 width=0) (actual time=1643.291..39501.853 rows=15844923 loops=1)
  Hash Cond: (ci.movie_id = t.id)
  ->  Seq Scan on cast_info ci  (cost=0.00..614943.12 rows=36225612 width=4) (actual time=0.022..13370.404 rows=36244344 loops=1)
  ->  Hash  (cost=73925.90..73925.90 rows=980733 width=4) (actual time=1642.017..1642.017 rows=1074493 loops=1)
        Buckets: 131072  Batches: 16  Memory Usage: 3394kB
        ->  Seq Scan on title t  (cost=0.00..73925.90 rows=980733 width=4) (actual time=0.019..1297.146 rows=1074493 loops=1)
              Filter: ((production_year > 1995) AND (kind_id = 7))
              Rows Removed by Filter: 1453819
Planning time: 0.696 ms
Execution time: 41285.017 ms
