Hash Join  (cost=547692.12..728059.06 rows=3666502 width=0) (actual time=10663.252..32546.481 rows=80605143 loops=1)
  Hash Cond: (mk.movie_id = t.id)
  ->  Seq Scan on movie_keyword mk  (cost=0.00..81003.12 rows=4224359 width=4) (actual time=0.016..2001.266 rows=4205019 loops=1)
        Filter: (keyword_id > 250)
        Rows Removed by Filter: 318911
  ->  Hash  (cost=511686.41..511686.41 rows=2194617 width=8) (actual time=10661.464..10661.464 rows=2233850 loops=1)
        Buckets: 131072  Batches: 32  Memory Usage: 3671kB
        ->  Hash Join  (cost=102767.86..511686.41 rows=2194617 width=8) (actual time=2760.228..10015.110 rows=2233850 loops=1)
              Hash Cond: (mi.movie_id = t.id)
              ->  Seq Scan on movie_info mi  (cost=0.00..346232.03 rows=2194617 width=4) (actual time=735.540..5792.776 rows=2233850 loops=1)
                    Filter: (info_type_id > 16)
                    Rows Removed by Filter: 12601870
              ->  Hash  (cost=61283.27..61283.27 rows=2528527 width=4) (actual time=2009.644..2009.644 rows=2528312 loops=1)
                    Buckets: 131072  Batches: 64  Memory Usage: 2425kB
                    ->  Seq Scan on title t  (cost=0.00..61283.27 rows=2528527 width=4) (actual time=0.020..1153.109 rows=2528312 loops=1)
Planning time: 2.705 ms
Execution time: 40909.922 ms
