Hash Join  (cost=208385.46..685342.77 rows=507113 width=0) (actual time=4650.149..14329.792 rows=850292 loops=1)
  Hash Cond: (mi.movie_id = t.id)
  ->  Seq Scan on movie_info mi  (cost=0.00..346232.03 rows=9767026 width=4) (actual time=189.164..6551.956 rows=9911754 loops=1)
        Filter: (info_type_id > 4)
        Rows Removed by Filter: 4923966
  ->  Hash  (cost=206231.41..206231.41 rows=131284 width=8) (actual time=4459.960..4459.960 rows=84718 loops=1)
        Buckets: 131072  Batches: 2  Memory Usage: 2692kB
        ->  Hash Join  (cost=75227.65..206231.41 rows=131284 width=8) (actual time=1263.577..4436.393 rows=84718 loops=1)
              Hash Cond: (mk.movie_id = t.id)
              ->  Seq Scan on movie_keyword mk  (cost=0.00..81003.12 rows=4183945 width=4) (actual time=0.032..1797.687 rows=4166207 loops=1)
                    Filter: (keyword_id > 317)
                    Rows Removed by Filter: 357723
              ->  Hash  (cost=73925.90..73925.90 rows=79340 width=4) (actual time=1262.461..1262.461 rows=92312 loops=1)
                    Buckets: 131072  Batches: 2  Memory Usage: 2654kB
                    ->  Seq Scan on title t  (cost=0.00..73925.90 rows=79340 width=4) (actual time=0.028..1225.129 rows=92312 loops=1)
                          Filter: ((kind_id > 1) AND (production_year = 2006))
                          Rows Removed by Filter: 2436000
Planning time: 1.250 ms
Execution time: 14421.690 ms
