Seq Scan on movie_keyword mk  (cost=0.00..81003.12 rows=246 width=0) (actual time=1.139..1338.796 rows=978 loops=1)
  Filter: (keyword_id = 1059)
  Rows Removed by Filter: 4522952
Planning time: 0.371 ms
Execution time: 1339.250 ms
