Hash Join  (cost=246581.77..1359218.91 rows=12425995 width=0) (actual time=5334.095..46263.745 rows=35725059 loops=1)
  Hash Cond: (ci.movie_id = t.id)
  ->  Seq Scan on cast_info ci  (cost=0.00..705507.15 rows=24022411 width=4) (actual time=0.013..15726.286 rows=24130698 loops=1)
        Filter: (role_id < 4)
        Rows Removed by Filter: 12113646
  ->  Hash  (cost=225122.73..225122.73 rows=1307923 width=8) (actual time=5332.766..5332.766 rows=1312996 loops=1)
        Buckets: 131072  Batches: 32  Memory Usage: 2623kB
        ->  Hash Join  (cost=102767.86..225122.73 rows=1307923 width=8) (actual time=1929.164..4940.931 rows=1312996 loops=1)
              Hash Cond: (mk.movie_id = t.id)
              ->  Seq Scan on movie_keyword mk  (cost=0.00..81003.12 rows=1307923 width=4) (actual time=0.019..1486.122 rows=1312996 loops=1)
                    Filter: (keyword_id < 1725)
                    Rows Removed by Filter: 3210934
              ->  Hash  (cost=61283.27..61283.27 rows=2528527 width=4) (actual time=1927.366..1927.366 rows=2528312 loops=1)
                    Buckets: 131072  Batches: 64  Memory Usage: 2425kB
                    ->  Seq Scan on title t  (cost=0.00..61283.27 rows=2528527 width=4) (actual time=0.017..1065.796 rows=2528312 loops=1)
Planning time: 1.108 ms
Execution time: 50388.641 ms
