Hash Join  (cost=106247.73..464154.05 rows=16857 width=0) (actual time=5855.241..7797.549 rows=16991 loops=1)
  Hash Cond: (mi.movie_id = t.id)
  ->  Seq Scan on movie_info mi  (cost=0.00..346232.03 rows=3068194 width=4) (actual time=3772.538..5213.639 rows=3036719 loops=1)
        Filter: (info_type_id = 16)
        Rows Removed by Filter: 11799001
  ->  Hash  (cost=106074.08..106074.08 rows=13892 width=8) (actual time=2081.132..2081.132 rows=6329 loops=1)
        Buckets: 16384  Batches: 1  Memory Usage: 376kB
        ->  Hash Join  (cost=75195.76..106074.08 rows=13892 width=8) (actual time=1518.190..2078.599 rows=6329 loops=1)
              Hash Cond: (mi_idx.movie_id = t.id)
              ->  Seq Scan on movie_info_idx mi_idx  (cost=0.00..25185.44 rows=454124 width=4) (actual time=0.039..511.077 rows=459925 loops=1)
                    Filter: (info_type_id = 100)
                    Rows Removed by Filter: 920110
              ->  Hash  (cost=73925.90..73925.90 rows=77348 width=4) (actual time=1377.066..1377.066 rows=84109 loops=1)
                    Buckets: 131072  Batches: 2  Memory Usage: 2509kB
                    ->  Seq Scan on title t  (cost=0.00..73925.90 rows=77348 width=4) (actual time=180.333..1345.157 rows=84109 loops=1)
                          Filter: ((kind_id = 7) AND (production_year = 2008))
                          Rows Removed by Filter: 2444203
Planning time: 1.226 ms
Execution time: 7800.130 ms
