Seq Scan on movie_keyword mk  (cost=0.00..81003.12 rows=3481319 width=0) (actual time=0.025..1519.633 rows=3479555 loops=1)
  Filter: (keyword_id > 1038)
  Rows Removed by Filter: 1044375
Planning time: 0.288 ms
Execution time: 1953.165 ms
