Seq Scan on cast_info ci  (cost=0.00..705507.15 rows=16433281 width=0) (actual time=154.832..11819.763 rows=16565987 loops=1)
  Filter: (person_id > 1972217)
  Rows Removed by Filter: 19678357
Planning time: 0.336 ms
Execution time: 13811.564 ms
