Hash Join  (cost=84134.21..127653.48 rows=339579 width=0) (actual time=1329.724..2543.300 rows=608771 loops=1)
  Hash Cond: (mi_idx.movie_id = t.id)
  ->  Seq Scan on movie_info_idx mi_idx  (cost=0.00..21735.35 rows=1380035 width=4) (actual time=0.023..388.849 rows=1380035 loops=1)
  ->  Hash  (cost=73925.90..73925.90 rows=622184 width=4) (actual time=1328.803..1328.803 rows=552334 loops=1)
        Buckets: 131072  Batches: 16  Memory Usage: 2236kB
        ->  Seq Scan on title t  (cost=0.00..73925.90 rows=622184 width=4) (actual time=0.016..1149.172 rows=552334 loops=1)
              Filter: ((kind_id < 2) AND (production_year > 1925))
              Rows Removed by Filter: 1975978
Planning time: 0.591 ms
Execution time: 2610.970 ms
