Seq Scan on movie_companies mc  (cost=0.00..57926.93 rows=936592 width=0) (actual time=29.532..1038.856 rows=621711 loops=1)
  Filter: ((company_id < 33112) AND (company_type_id > 1))
  Rows Removed by Filter: 1987418
Planning time: 0.309 ms
Execution time: 1114.942 ms
