Hash Join  (cost=76503.02..107919.44 rows=28632 width=0) (actual time=1248.771..2095.630 rows=62884 loops=1)
  Hash Cond: (mi_idx.movie_id = t.id)
  ->  Seq Scan on movie_info_idx mi_idx  (cost=0.00..25185.44 rows=460978 width=4) (actual time=0.026..556.524 rows=459925 loops=1)
        Filter: (info_type_id = 99)
        Rows Removed by Filter: 920110
  ->  Hash  (cost=73925.90..73925.90 rows=157049 width=4) (actual time=1247.714..1247.714 rows=258048 loops=1)
        Buckets: 131072  Batches: 4  Memory Usage: 3295kB
        ->  Seq Scan on title t  (cost=0.00..73925.90 rows=157049 width=4) (actual time=0.051..1161.649 rows=258048 loops=1)
              Filter: ((kind_id < 7) AND (production_year < 1972))
              Rows Removed by Filter: 2270264
Planning time: 0.742 ms
Execution time: 2104.024 ms
