Hash Join  (cost=74341.98..166278.50 rows=37079 width=0) (actual time=1086.522..3215.076 rows=84821 loops=1)
  Hash Cond: (mk.movie_id = t.id)
  ->  Seq Scan on movie_keyword mk  (cost=0.00..81003.12 rows=2816695 width=4) (actual time=0.024..1625.603 rows=2809314 loops=1)
        Filter: (keyword_id < 8315)
        Rows Removed by Filter: 1714616
  ->  Hash  (cost=73925.90..73925.90 rows=33286 width=4) (actual time=1086.092..1086.092 rows=28113 loops=1)
        Buckets: 65536  Batches: 1  Memory Usage: 1501kB
        ->  Seq Scan on title t  (cost=0.00..73925.90 rows=33286 width=4) (actual time=0.040..1074.143 rows=28113 loops=1)
              Filter: ((kind_id < 7) AND (production_year = 2004))
              Rows Removed by Filter: 2500199
Planning time: 1.067 ms
Execution time: 3226.758 ms
