Seq Scan on cast_info ci  (cost=0.00..796071.18 rows=11603072 width=0) (actual time=0.023..16122.305 rows=13290657 loops=1)
  Filter: ((person_id > 994608) AND (role_id > 2))
  Rows Removed by Filter: 22953687
Planning time: 0.347 ms
Execution time: 17755.711 ms
