Seq Scan on cast_info ci  (cost=0.00..796071.18 rows=3689777 width=0) (actual time=11973.572..15915.598 rows=3797679 loops=1)
  Filter: ((person_id > 264502) AND (role_id = 3))
  Rows Removed by Filter: 32446665
Planning time: 0.411 ms
Execution time: 16354.118 ms
