Seq Scan on title t  (cost=0.00..73925.90 rows=98629 width=0) (actual time=475.449..1289.771 rows=117917 loops=1)
  Filter: ((production_year > 1963) AND (kind_id = 4))
  Rows Removed by Filter: 2410395
Planning time: 0.358 ms
Execution time: 1306.229 ms
