Hash Join  (cost=186089.17..227372.12 rows=209247 width=0) (actual time=4049.033..5457.550 rows=970969 loops=1)
  Hash Cond: (mi_idx.movie_id = t.id)
  ->  Seq Scan on movie_info_idx mi_idx  (cost=0.00..21735.35 rows=1380035 width=4) (actual time=0.024..403.959 rows=1380035 loops=1)
  ->  Hash  (cost=179798.83..179798.83 rows=383387 width=8) (actual time=4048.060..4048.060 rows=702403 loops=1)
        Buckets: 131072 (originally 131072)  Batches: 16 (originally 8)  Memory Usage: 3073kB
        ->  Hash Join  (cost=102767.86..179798.83 rows=383387 width=8) (actual time=2129.747..3839.465 rows=702403 loops=1)
              Hash Cond: (mc.movie_id = t.id)
              ->  Seq Scan on movie_companies mc  (cost=0.00..57926.93 rows=383387 width=4) (actual time=227.403..949.066 rows=702403 loops=1)
                    Filter: ((company_id > 35884) AND (company_type_id = 2))
                    Rows Removed by Filter: 1906726
              ->  Hash  (cost=61283.27..61283.27 rows=2528527 width=4) (actual time=1901.090..1901.090 rows=2528312 loops=1)
                    Buckets: 131072  Batches: 64  Memory Usage: 2415kB
                    ->  Seq Scan on title t  (cost=0.00..61283.27 rows=2528527 width=4) (actual time=0.019..1087.077 rows=2528312 loops=1)
Planning time: 1.131 ms
Execution time: 5572.586 ms
