Hash Join  (cost=309276.80..1854150.89 rows=40934590 width=0) (actual time=7135.257..71327.597 rows=135108904 loops=1)
  Hash Cond: (ci.movie_id = t.id)
  ->  Seq Scan on cast_info ci  (cost=0.00..614943.12 rows=36225612 width=4) (actual time=0.020..13694.051 rows=36244344 loops=1)
  ->  Hash  (cost=262400.66..262400.66 rows=2857211 width=8) (actual time=7133.208..7133.208 rows=2846568 loops=1)
        Buckets: 131072  Batches: 64  Memory Usage: 2780kB
        ->  Hash Join  (cost=102767.86..262400.66 rows=2857211 width=8) (actual time=1943.191..6294.792 rows=2846568 loops=1)
              Hash Cond: (mk.movie_id = t.id)
              ->  Seq Scan on movie_keyword mk  (cost=0.00..81003.12 rows=2857211 width=4) (actual time=0.015..1788.508 rows=2846568 loops=1)
                    Filter: (keyword_id < 8672)
                    Rows Removed by Filter: 1677362
              ->  Hash  (cost=61283.27..61283.27 rows=2528527 width=4) (actual time=1939.991..1939.991 rows=2528312 loops=1)
                    Buckets: 131072  Batches: 64  Memory Usage: 2425kB
                    ->  Seq Scan on title t  (cost=0.00..61283.27 rows=2528527 width=4) (actual time=0.021..1119.488 rows=2528312 loops=1)
Planning time: 1.095 ms
Execution time: 85787.576 ms
