Nested Loop  (cost=0.43..83072.29 rows=181 width=0) (actual time=26.670..1366.843 rows=53 loops=1)
  ->  Seq Scan on movie_keyword mk  (cost=0.00..81003.12 rows=246 width=4) (actual time=26.611..1327.237 rows=539 loops=1)
        Filter: (keyword_id = 16182)
        Rows Removed by Filter: 4523391
  ->  Index Scan using title_pkey on title t  (cost=0.43..8.40 rows=1 width=4) (actual time=0.072..0.072 rows=0 loops=539)
        Index Cond: (id = mk.movie_id)
        Filter: (kind_id > 1)
        Rows Removed by Filter: 1
Planning time: 7.443 ms
Execution time: 1366.967 ms
