Hash Join  (cost=138388.45..1264931.15 rows=5276031 width=0) (actual time=2878.008..33210.454 rows=6354471 loops=1)
  Hash Cond: (ci.movie_id = t.id)
  ->  Seq Scan on cast_info ci  (cost=0.00..705507.15 rows=31708588 width=4) (actual time=0.029..16038.609 rows=31849872 loops=1)
        Filter: (person_id > 424240)
        Rows Removed by Filter: 4394472
  ->  Hash  (cost=131485.39..131485.39 rows=420725 width=8) (actual time=2876.978..2876.978 rows=236601 loops=1)
        Buckets: 131072  Batches: 8  Memory Usage: 2185kB
        ->  Hash Join  (cost=86573.65..131485.39 rows=420725 width=8) (actual time=1795.006..2822.302 rows=236601 loops=1)
              Hash Cond: (mi_idx.movie_id = t.id)
              ->  Seq Scan on movie_info_idx mi_idx  (cost=0.00..21735.35 rows=1380035 width=4) (actual time=0.008..436.551 rows=1380035 loops=1)
              ->  Hash  (cost=73925.90..73925.90 rows=770860 width=4) (actual time=1704.711..1704.711 rows=682281 loops=1)
                    Buckets: 131072  Batches: 16  Memory Usage: 2522kB
                    ->  Seq Scan on title t  (cost=0.00..73925.90 rows=770860 width=4) (actual time=0.042..1476.261 rows=682281 loops=1)
                          Filter: ((production_year < 2004) AND (kind_id = 7))
                          Rows Removed by Filter: 1846031
Planning time: 4.568 ms
Execution time: 33878.318 ms
