Hash Join  (cost=370639.08..1177737.81 rows=25493710 width=0) (actual time=8681.285..71038.045 rows=229578569 loops=1)
  Hash Cond: (mi.movie_id = t.id)
  ->  Seq Scan on movie_info mi  (cost=0.00..309384.22 rows=14739122 width=4) (actual time=0.022..6273.552 rows=14835720 loops=1)
  ->  Hash  (cost=298886.34..298886.34 rows=4373499 width=8) (actual time=8678.259..8678.259 rows=4360169 loops=1)
        Buckets: 131072  Batches: 64  Memory Usage: 3788kB
        ->  Hash Join  (cost=102767.86..298886.34 rows=4373499 width=8) (actual time=1961.723..7456.648 rows=4360169 loops=1)
              Hash Cond: (mk.movie_id = t.id)
              ->  Seq Scan on movie_keyword mk  (cost=0.00..81003.12 rows=4373499 width=4) (actual time=0.034..1789.522 rows=4360169 loops=1)
                    Filter: (keyword_id > 117)
                    Rows Removed by Filter: 163761
              ->  Hash  (cost=61283.27..61283.27 rows=2528527 width=4) (actual time=1959.815..1959.815 rows=2528312 loops=1)
                    Buckets: 131072  Batches: 64  Memory Usage: 2425kB
                    ->  Seq Scan on title t  (cost=0.00..61283.27 rows=2528527 width=4) (actual time=0.024..1093.540 rows=2528312 loops=1)
Planning time: 1.063 ms
Execution time: 94869.601 ms
