Seq Scan on movie_keyword mk  (cost=0.00..81003.12 rows=2243923 width=0) (actual time=0.025..1481.491 rows=2244490 loops=1)
  Filter: (keyword_id > 4831)
  Rows Removed by Filter: 2279440
Planning time: 0.311 ms
Execution time: 1765.379 ms
