Seq Scan on movie_companies mc  (cost=0.00..51404.11 rows=2374982 width=0) (actual time=0.031..974.153 rows=2373435 loops=1)
  Filter: (company_id < 104003)
  Rows Removed by Filter: 235694
Planning time: 0.344 ms
Execution time: 1259.951 ms
