Hash Join  (cost=152801.63..517641.81 rows=18424 width=0) (actual time=2457.803..9909.284 rows=152497 loops=1)
  Hash Cond: (mi.movie_id = t.id)
  ->  Seq Scan on movie_info mi  (cost=0.00..309384.22 rows=14739122 width=4) (actual time=0.017..4506.506 rows=14835720 loops=1)
  ->  Hash  (cost=152762.11..152762.11 rows=3161 width=8) (actual time=2457.260..2457.260 rows=4273 loops=1)
        Buckets: 8192 (originally 4096)  Batches: 1 (originally 1)  Memory Usage: 231kB
        ->  Hash Join  (cost=67697.55..152762.11 rows=3161 width=8) (actual time=1046.886..2455.346 rows=4273 loops=1)
              Hash Cond: (mk.movie_id = t.id)
              ->  Seq Scan on movie_keyword mk  (cost=0.00..81003.12 rows=1074621 width=4) (actual time=0.024..1218.691 rows=1083388 loops=1)
                    Filter: (keyword_id < 1095)
                    Rows Removed by Filter: 3440542
              ->  Hash  (cost=67604.59..67604.59 rows=7437 width=4) (actual time=1046.805..1046.805 rows=9768 loops=1)
                    Buckets: 16384 (originally 8192)  Batches: 1 (originally 1)  Memory Usage: 472kB
                    ->  Seq Scan on title t  (cost=0.00..67604.59 rows=7437 width=4) (actual time=0.132..1041.814 rows=9768 loops=1)
                          Filter: (production_year = 1958)
                          Rows Removed by Filter: 2518544
Planning time: 1.131 ms
Execution time: 9928.720 ms
