Hash Join  (cost=100795.92..854495.42 rows=291040 width=0) (actual time=1891.967..20948.471 rows=631671 loops=1)
  Hash Cond: (ci.movie_id = t.id)
  ->  Seq Scan on cast_info ci  (cost=0.00..614943.12 rows=36225612 width=4) (actual time=0.020..9344.549 rows=36244344 loops=1)
  ->  Hash  (cost=100541.99..100541.99 rows=20314 width=8) (actual time=1891.709..1891.709 rows=19339 loops=1)
        Buckets: 32768  Batches: 1  Memory Usage: 1012kB
        ->  Hash Join  (cost=69460.45..100541.99 rows=20314 width=8) (actual time=1165.213..1884.134 rows=19339 loops=1)
              Hash Cond: (mi_idx.movie_id = t.id)
              ->  Seq Scan on movie_info_idx mi_idx  (cost=0.00..25185.44 rows=454124 width=4) (actual time=0.036..520.251 rows=459925 loops=1)
                    Filter: (info_type_id = 100)
                    Rows Removed by Filter: 920110
              ->  Hash  (cost=67604.59..67604.59 rows=113109 width=4) (actual time=1164.506..1164.506 rows=119565 loops=1)
                    Buckets: 131072  Batches: 2  Memory Usage: 3115kB
                    ->  Seq Scan on title t  (cost=0.00..67604.59 rows=113109 width=4) (actual time=0.017..1119.222 rows=119565 loops=1)
                          Filter: (production_year = 2007)
                          Rows Removed by Filter: 2408747
Planning time: 1.528 ms
Execution time: 21048.448 ms
