Hash Join  (cost=161406.32..687575.19 rows=1765474 width=0) (actual time=3687.608..23821.654 rows=22028428 loops=1)
  Hash Cond: (mi.movie_id = t.id)
  ->  Seq Scan on movie_info mi  (cost=0.00..346232.03 rows=13926693 width=4) (actual time=0.019..7015.567 rows=13963496 loops=1)
        Filter: (info_type_id < 98)
        Rows Removed by Filter: 872224
  ->  Hash  (cost=156146.59..156146.59 rows=320539 width=8) (actual time=3686.714..3686.714 rows=542216 loops=1)
        Buckets: 131072  Batches: 8  Memory Usage: 3724kB
        ->  Hash Join  (cost=85435.26..156146.59 rows=320539 width=8) (actual time=1809.001..3517.491 rows=542216 loops=1)
              Hash Cond: (mc.movie_id = t.id)
              ->  Seq Scan on movie_companies mc  (cost=0.00..51404.11 rows=1155421 width=4) (actual time=0.036..872.494 rows=1151651 loops=1)
                    Filter: (company_id < 9029)
                    Rows Removed by Filter: 1457478
              ->  Hash  (cost=73925.90..73925.90 rows=701468 width=4) (actual time=1808.169..1808.169 rows=749931 loops=1)
                    Buckets: 131072  Batches: 16  Memory Usage: 2673kB
                    ->  Seq Scan on title t  (cost=0.00..73925.90 rows=701468 width=4) (actual time=0.017..1221.191 rows=749931 loops=1)
                          Filter: ((kind_id < 7) AND (production_year < 2009))
                          Rows Removed by Filter: 1778381
Planning time: 1.164 ms
Execution time: 26201.797 ms
