Seq Scan on movie_keyword mk  (cost=0.00..81003.12 rows=1152638 width=0) (actual time=0.018..1371.713 rows=1168625 loops=1)
  Filter: (keyword_id > 16007)
  Rows Removed by Filter: 3355305
Planning time: 0.234 ms
Execution time: 1523.435 ms
