Hash Join  (cost=83074.74..833899.15 rows=3524 width=0) (actual time=1213.716..16498.241 rows=350 loops=1)
  Hash Cond: (ci.movie_id = t.id)
  ->  Seq Scan on cast_info ci  (cost=0.00..614943.12 rows=36225612 width=4) (actual time=0.020..8579.380 rows=36244344 loops=1)
  ->  Hash  (cost=83071.67..83071.67 rows=246 width=8) (actual time=1202.014..1202.014 rows=10 loops=1)
        Buckets: 1024  Batches: 1  Memory Usage: 9kB
        ->  Nested Loop  (cost=0.43..83071.67 rows=246 width=8) (actual time=42.595..1201.992 rows=10 loops=1)
              ->  Seq Scan on movie_keyword mk  (cost=0.00..81003.12 rows=246 width=4) (actual time=42.483..1200.521 rows=10 loops=1)
                    Filter: (keyword_id = 60888)
                    Rows Removed by Filter: 4523920
              ->  Index Only Scan using title_pkey on title t  (cost=0.43..8.40 rows=1 width=4) (actual time=0.138..0.139 rows=1 loops=10)
                    Index Cond: (id = mk.movie_id)
                    Heap Fetches: 10
Planning time: 2.183 ms
Execution time: 16498.687 ms
