Hash Join  (cost=155645.47..520319.59 rows=1819 width=0) (actual time=2530.561..9305.063 rows=3020 loops=1)
  Hash Cond: (mi.movie_id = t.id)
  ->  Seq Scan on movie_info mi  (cost=0.00..309384.22 rows=14739122 width=4) (actual time=0.015..4064.478 rows=14835720 loops=1)
  ->  Hash  (cost=155641.57..155641.57 rows=312 width=8) (actual time=2528.823..2528.823 rows=355 loops=1)
        Buckets: 1024  Batches: 1  Memory Usage: 22kB
        ->  Hash Join  (cost=73982.55..155641.57 rows=312 width=8) (actual time=1697.030..2528.636 rows=355 loops=1)
              Hash Cond: (mk.movie_id = t.id)
              ->  Seq Scan on movie_keyword mk  (cost=0.00..81003.12 rows=174072 width=4) (actual time=0.026..1259.322 rows=188777 loops=1)
                    Filter: (keyword_id < 137)
                    Rows Removed by Filter: 4335153
              ->  Hash  (cost=73925.90..73925.90 rows=4532 width=4) (actual time=1214.122..1214.122 rows=13632 loops=1)
                    Buckets: 16384 (originally 8192)  Batches: 1 (originally 1)  Memory Usage: 608kB
                    ->  Seq Scan on title t  (cost=0.00..73925.90 rows=4532 width=4) (actual time=0.014..1207.595 rows=13632 loops=1)
                          Filter: ((kind_id = 7) AND (production_year = 1990))
                          Rows Removed by Filter: 2514680
Planning time: 2.097 ms
Execution time: 9305.918 ms
