Seq Scan on cast_info ci  (cost=0.00..796071.18 rows=7224226 width=0) (actual time=1646.162..12755.601 rows=3093016 loops=1)
  Filter: ((person_id < 1085288) AND (role_id > 1))
  Rows Removed by Filter: 33151328
Planning time: 0.309 ms
Execution time: 13150.320 ms
