Nested Loop  (cost=0.43..709673.15 rows=305 width=0) (actual time=1867.724..10669.771 rows=264 loops=1)
  ->  Seq Scan on cast_info ci  (cost=0.00..705507.15 rows=500 width=4) (actual time=1867.640..10652.455 rows=269 loops=1)
        Filter: (person_id = 1492697)
        Rows Removed by Filter: 36244075
  ->  Index Scan using title_pkey on title t  (cost=0.43..8.32 rows=1 width=4) (actual time=0.063..0.064 rows=1 loops=269)
        Index Cond: (id = ci.movie_id)
        Filter: (kind_id = 7)
        Rows Removed by Filter: 0
Planning time: 0.796 ms
Execution time: 10669.942 ms
