Seq Scan on movie_keyword mk  (cost=0.00..81003.12 rows=246 width=0) (actual time=1.403..1284.191 rows=224 loops=1)
  Filter: (keyword_id = 7709)
  Rows Removed by Filter: 4523706
Planning time: 0.339 ms
Execution time: 1284.419 ms
