Seq Scan on movie_keyword mk  (cost=0.00..81003.12 rows=246 width=0) (actual time=0.402..1111.290 rows=1057 loops=1)
  Filter: (keyword_id = 3736)
  Rows Removed by Filter: 4522873
Planning time: 0.381 ms
Execution time: 1111.645 ms
