Hash Join  (cost=78931.38..465535.04 rows=370191 width=0) (actual time=2991.989..8032.097 rows=199699 loops=1)
  Hash Cond: (mi.movie_id = t.id)
  ->  Seq Scan on movie_info mi  (cost=0.00..346232.03 rows=3068194 width=4) (actual time=1699.510..5346.799 rows=3036719 loops=1)
        Filter: (info_type_id = 16)
        Rows Removed by Filter: 11799001
  ->  Hash  (cost=73925.90..73925.90 rows=305078 width=4) (actual time=1290.971..1290.971 rows=193383 loops=1)
        Buckets: 131072  Batches: 4  Memory Usage: 2724kB
        ->  Seq Scan on title t  (cost=0.00..73925.90 rows=305078 width=4) (actual time=0.035..1222.691 rows=193383 loops=1)
              Filter: ((production_year < 1979) AND (kind_id = 7))
              Rows Removed by Filter: 2334929
Planning time: 0.731 ms
Execution time: 8058.194 ms
