Hash Join  (cost=102767.86..187644.95 rows=709425 width=0) (actual time=2473.605..4956.239 rows=978688 loops=1)
  Hash Cond: (mc.movie_id = t.id)
  ->  Seq Scan on movie_companies mc  (cost=0.00..57926.93 rows=709425 width=4) (actual time=442.646..1090.032 rows=978688 loops=1)
        Filter: ((company_id < 12790) AND (company_type_id < 2))
        Rows Removed by Filter: 1630441
  ->  Hash  (cost=61283.27..61283.27 rows=2528527 width=4) (actual time=2029.611..2029.611 rows=2528312 loops=1)
        Buckets: 131072  Batches: 64  Memory Usage: 2415kB
        ->  Seq Scan on title t  (cost=0.00..61283.27 rows=2528527 width=4) (actual time=0.024..1183.871 rows=2528312 loops=1)
Planning time: 0.773 ms
Execution time: 5070.363 ms
