Seq Scan on movie_companies mc  (cost=0.00..57926.93 rows=310201 width=0) (actual time=0.745..911.851 rows=169589 loops=1)
  Filter: ((company_id < 707) AND (company_type_id > 1))
  Rows Removed by Filter: 2439540
Planning time: 0.343 ms
Execution time: 934.968 ms
