Hash Join  (cost=330365.45..1951927.45 rows=48399781 width=0) (actual time=7676.780..77570.813 rows=161980869 loops=1)
  Hash Cond: (ci.movie_id = t.id)
  ->  Seq Scan on cast_info ci  (cost=0.00..614943.12 rows=36225612 width=4) (actual time=0.013..13228.027 rows=36244344 loops=1)
  ->  Hash  (cost=274939.98..274939.98 rows=3378277 width=8) (actual time=7674.086..7674.086 rows=3362257 loops=1)
        Buckets: 131072  Batches: 64  Memory Usage: 3098kB
        ->  Hash Join  (cost=102767.86..274939.98 rows=3378277 width=8) (actual time=1954.788..6615.602 rows=3362257 loops=1)
              Hash Cond: (mk.movie_id = t.id)
              ->  Seq Scan on movie_keyword mk  (cost=0.00..81003.12 rows=3378277 width=4) (actual time=0.022..1663.996 rows=3362257 loops=1)
                    Filter: (keyword_id < 16124)
                    Rows Removed by Filter: 1161673
              ->  Hash  (cost=61283.27..61283.27 rows=2528527 width=4) (actual time=1952.187..1952.187 rows=2528312 loops=1)
                    Buckets: 131072  Batches: 64  Memory Usage: 2425kB
                    ->  Seq Scan on title t  (cost=0.00..61283.27 rows=2528527 width=4) (actual time=0.017..1077.238 rows=2528312 loops=1)
Planning time: 1.213 ms
Execution time: 95695.897 ms
