Hash Join  (cost=345671.01..1001856.12 rows=14928674 width=0) (actual time=8370.917..45707.696 rows=111174647 loops=1)
  Hash Cond: (mi.movie_id = t.id)
  ->  Seq Scan on movie_info mi  (cost=0.00..346232.03 rows=9476311 width=4) (actual time=0.010..6728.271 rows=9565151 loops=1)
        Filter: (info_type_id < 16)
        Rows Removed by Filter: 5270569
  ->  Hash  (cost=280319.01..280319.01 rows=3983360 width=8) (actual time=8369.574..8369.574 rows=4348171 loops=1)
        Buckets: 131072  Batches: 64  Memory Usage: 3793kB
        ->  Hash Join  (cost=104131.46..280319.01 rows=3983360 width=8) (actual time=2106.695..7082.614 rows=4348171 loops=1)
              Hash Cond: (mk.movie_id = t.id)
              ->  Seq Scan on movie_keyword mk  (cost=0.00..69693.30 rows=4523930 width=4) (actual time=0.020..1388.737 rows=4523930 loops=1)
              ->  Hash  (cost=67604.59..67604.59 rows=2226390 width=4) (actual time=2104.704..2104.704 rows=2224569 loops=1)
                    Buckets: 131072  Batches: 32  Memory Usage: 3472kB
                    ->  Seq Scan on title t  (cost=0.00..67604.59 rows=2226390 width=4) (actual time=0.020..1382.916 rows=2224569 loops=1)
                          Filter: (production_year < 2012)
                          Rows Removed by Filter: 303743
Planning time: 1.056 ms
Execution time: 57988.541 ms
