Seq Scan on cast_info ci  (cost=0.00..796071.18 rows=16259048 width=0) (actual time=0.019..14043.522 rows=17768461 loops=1)
  Filter: ((person_id < 1847269) AND (role_id < 10))
  Rows Removed by Filter: 18475883
Planning time: 0.358 ms
Execution time: 16200.801 ms
