Hash Join  (cost=58358.90..423017.80 rows=297 width=0) (actual time=826.629..7460.631 rows=2036 loops=1)
  Hash Cond: (mi.movie_id = t.id)
  ->  Seq Scan on movie_info mi  (cost=0.00..309384.22 rows=14739122 width=4) (actual time=0.020..4107.501 rows=14835720 loops=1)
  ->  Hash  (cost=58358.27..58358.27 rows=51 width=8) (actual time=772.546..772.546 rows=106 loops=1)
        Buckets: 1024  Batches: 1  Memory Usage: 13kB
        ->  Nested Loop  (cost=0.43..58358.27 rows=51 width=8) (actual time=4.224..772.447 rows=106 loops=1)
              ->  Seq Scan on movie_companies mc  (cost=0.00..57926.93 rows=51 width=4) (actual time=4.162..769.807 rows=106 loops=1)
                    Filter: ((company_id = 1837) AND (company_type_id = 1))
                    Rows Removed by Filter: 2609023
              ->  Index Only Scan using title_pkey on title t  (cost=0.43..8.45 rows=1 width=4) (actual time=0.022..0.023 rows=1 loops=106)
                    Index Cond: (id = mc.movie_id)
                    Heap Fetches: 106
Planning time: 6.284 ms
Execution time: 7461.268 ms
