Hash Join  (cost=102767.86..296999.48 rows=4295046 width=0) (actual time=2062.626..7527.834 rows=4281524 loops=1)
  Hash Cond: (mk.movie_id = t.id)
  ->  Seq Scan on movie_keyword mk  (cost=0.00..81003.12 rows=4295046 width=4) (actual time=0.024..1670.928 rows=4281524 loops=1)
        Filter: (keyword_id > 196)
        Rows Removed by Filter: 242406
  ->  Hash  (cost=61283.27..61283.27 rows=2528527 width=4) (actual time=2061.886..2061.886 rows=2528312 loops=1)
        Buckets: 131072  Batches: 64  Memory Usage: 2425kB
        ->  Seq Scan on title t  (cost=0.00..61283.27 rows=2528527 width=4) (actual time=0.017..1211.262 rows=2528312 loops=1)
Planning time: 0.706 ms
Execution time: 8071.913 ms
