Seq Scan on cast_info ci  (cost=0.00..796071.18 rows=4186559 width=0) (actual time=8212.327..12859.885 rows=2704030 loops=1)
  Filter: ((person_id < 2080631) AND (role_id = 2))
  Rows Removed by Filter: 33540314
Planning time: 0.373 ms
Execution time: 13203.117 ms
