Seq Scan on title t  (cost=0.00..73925.90 rows=266 width=0) (actual time=129.689..1084.136 rows=949 loops=1)
  Filter: ((kind_id = 2) AND (production_year = 1987))
  Rows Removed by Filter: 2527363
Planning time: 0.411 ms
Execution time: 1084.591 ms
