Hash Join  (cost=513437.85..1410581.33 rows=3023550 width=0) (actual time=33940.252..70881.521 rows=1921865 loops=1)
  Hash Cond: (ci.movie_id = t.id)
  ->  Seq Scan on cast_info ci  (cost=0.00..796071.18 rows=5670879 width=4) (actual time=10086.477..42880.062 rows=2577333 loops=1)
        Filter: ((person_id < 2186909) AND (role_id > 4))
        Rows Removed by Filter: 33667011
  ->  Hash  (cost=491319.12..491319.12 rows=1348138 width=8) (actual time=23852.800..23852.800 rows=1298989 loops=1)
        Buckets: 131072  Batches: 32  Memory Usage: 2598kB
        ->  Hash Join  (cost=102767.86..491319.12 rows=1348138 width=8) (actual time=17364.236..23405.666 rows=1298989 loops=1)
              Hash Cond: (mi.movie_id = t.id)
              ->  Seq Scan on movie_info mi  (cost=0.00..346232.03 rows=1348138 width=4) (actual time=11999.434..16258.772 rows=1298989 loops=1)
                    Filter: (info_type_id = 4)
                    Rows Removed by Filter: 13536731
              ->  Hash  (cost=61283.27..61283.27 rows=2528527 width=4) (actual time=5363.430..5363.430 rows=2528312 loops=1)
                    Buckets: 131072  Batches: 64  Memory Usage: 2425kB
                    ->  Seq Scan on title t  (cost=0.00..61283.27 rows=2528527 width=4) (actual time=0.033..4070.989 rows=2528312 loops=1)
Planning time: 1.147 ms
Execution time: 71184.945 ms
