Hash Join  (cost=105540.76..1171370.75 rows=10858639 width=0) (actual time=5964.999..62727.889 rows=9646795 loops=1)
  Hash Cond: (ci.movie_id = t.id)
  ->  Seq Scan on cast_info ci  (cost=0.00..796071.18 rows=11874284 width=4) (actual time=0.065..44645.515 rows=10098838 loops=1)
        Filter: ((person_id > 2289679) AND (role_id < 10))
        Rows Removed by Filter: 26145506
  ->  Hash  (cost=67604.59..67604.59 rows=2312254 width=4) (actual time=5963.520..5963.520 rows=2306538 loops=1)
        Buckets: 131072  Batches: 32  Memory Usage: 3561kB
        ->  Seq Scan on title t  (cost=0.00..67604.59 rows=2312254 width=4) (actual time=0.016..4866.948 rows=2306538 loops=1)
              Filter: (production_year > 1943)
              Rows Removed by Filter: 221774
Planning time: 0.776 ms
Execution time: 64091.067 ms
