Hash Join  (cost=114851.27..482661.51 rows=315432 width=0) (actual time=6180.538..27786.970 rows=259047 loops=1)
  Hash Cond: (mi.movie_id = t.id)
  ->  Seq Scan on movie_info mi  (cost=0.00..309384.22 rows=14739122 width=4) (actual time=0.013..16659.806 rows=14835720 loops=1)
  ->  Hash  (cost=114174.85..114174.85 rows=54113 width=8) (actual time=6136.123..6136.123 rows=28542 loops=1)
        Buckets: 65536  Batches: 1  Memory Usage: 1627kB
        ->  Hash Join  (cost=75553.24..114174.85 rows=54113 width=8) (actual time=3814.725..6120.023 rows=28542 loops=1)
              Hash Cond: (mi_idx.movie_id = t.id)
              ->  Seq Scan on movie_info_idx mi_idx  (cost=0.00..21735.35 rows=1380035 width=4) (actual time=0.024..1668.491 rows=1380035 loops=1)
              ->  Hash  (cost=73925.90..73925.90 rows=99147 width=4) (actual time=3813.927..3813.927 rows=104093 loops=1)
                    Buckets: 131072  Batches: 2  Memory Usage: 2855kB
                    ->  Seq Scan on title t  (cost=0.00..73925.90 rows=99147 width=4) (actual time=0.017..3765.896 rows=104093 loops=1)
                          Filter: ((kind_id > 2) AND (production_year = 2010))
                          Rows Removed by Filter: 2424219
Planning time: 1.367 ms
Execution time: 27831.702 ms
