Hash Join  (cost=196247.76..1347144.09 rows=11398517 width=0) (actual time=9859.483..84841.142 rows=25674656 loops=1)
  Hash Cond: (ci.movie_id = t.id)
  ->  Seq Scan on cast_info ci  (cost=0.00..614943.12 rows=36225612 width=4) (actual time=0.023..40793.647 rows=36244344 loops=1)
  ->  Hash  (cost=183194.63..183194.63 rows=795610 width=8) (actual time=9858.463..9858.463 rows=785673 loops=1)
        Buckets: 131072  Batches: 16  Memory Usage: 2933kB
        ->  Hash Join  (cost=102767.86..183194.63 rows=795610 width=8) (actual time=5265.884..9607.365 rows=785673 loops=1)
              Hash Cond: (mc.movie_id = t.id)
              ->  Seq Scan on movie_companies mc  (cost=0.00..51404.11 rows=795610 width=4) (actual time=1.617..3131.278 rows=785673 loops=1)
                    Filter: (company_id < 1709)
                    Rows Removed by Filter: 1823456
              ->  Hash  (cost=61283.27..61283.27 rows=2528527 width=4) (actual time=5263.382..5263.382 rows=2528312 loops=1)
                    Buckets: 131072  Batches: 64  Memory Usage: 2415kB
                    ->  Seq Scan on title t  (cost=0.00..61283.27 rows=2528527 width=4) (actual time=0.010..3995.947 rows=2528312 loops=1)
Planning time: 1.575 ms
Execution time: 88396.966 ms
