Hash Join  (cost=365418.15..1796292.96 rows=36749671 width=0) (actual time=14811.741..111503.843 rows=118960552 loops=1)
  Hash Cond: (ci.movie_id = t.id)
  ->  Seq Scan on cast_info ci  (cost=0.00..705507.15 rows=20540224 width=4) (actual time=0.015..45821.068 rows=20670185 loops=1)
        Filter: (person_id > 1536602)
        Rows Removed by Filter: 15574159
  ->  Hash  (cost=291197.02..291197.02 rows=4523930 width=8) (actual time=14809.430..14809.430 rows=4523930 loops=1)
        Buckets: 131072  Batches: 64  Memory Usage: 3816kB
        ->  Hash Join  (cost=102767.86..291197.02 rows=4523930 width=8) (actual time=4896.398..13264.952 rows=4523930 loops=1)
              Hash Cond: (mk.movie_id = t.id)
              ->  Seq Scan on movie_keyword mk  (cost=0.00..69693.30 rows=4523930 width=4) (actual time=0.041..3719.640 rows=4523930 loops=1)
              ->  Hash  (cost=61283.27..61283.27 rows=2528527 width=4) (actual time=4895.053..4895.053 rows=2528312 loops=1)
                    Buckets: 131072  Batches: 64  Memory Usage: 2425kB
                    ->  Seq Scan on title t  (cost=0.00..61283.27 rows=2528527 width=4) (actual time=0.015..3514.776 rows=2528312 loops=1)
Planning time: 1.143 ms
Execution time: 127965.755 ms
