Seq Scan on movie_keyword mk  (cost=0.00..81003.12 rows=879437 width=0) (actual time=0.016..4017.288 rows=886644 loops=1)
  Filter: (keyword_id > 20799)
  Rows Removed by Filter: 3637286
Planning time: 0.266 ms
Execution time: 4182.231 ms
