Seq Scan on movie_companies mc  (cost=0.00..51404.11 rows=2223124 width=0) (actual time=0.026..2593.178 rows=2217982 loops=1)
  Filter: (company_id < 83193)
  Rows Removed by Filter: 391147
Planning time: 0.359 ms
Execution time: 2957.673 ms
