Hash Join  (cost=77815.08..572365.20 rows=1381819 width=0) (actual time=2943.557..37460.595 rows=3931356 loops=1)
  Hash Cond: (mi.movie_id = t.id)
  ->  Seq Scan on movie_info mi  (cost=0.00..309384.22 rows=14739122 width=4) (actual time=0.018..22670.426 rows=14835720 loops=1)
  ->  Hash  (cost=73925.90..73925.90 rows=237054 width=4) (actual time=2942.786..2942.786 rows=349645 loops=1)
        Buckets: 131072 (originally 131072)  Batches: 8 (originally 4)  Memory Usage: 3073kB
        ->  Seq Scan on title t  (cost=0.00..73925.90 rows=237054 width=4) (actual time=0.024..2794.902 rows=349645 loops=1)
              Filter: ((kind_id < 7) AND (production_year < 1986))
              Rows Removed by Filter: 2178667
Planning time: 0.781 ms
Execution time: 38024.154 ms
