Seq Scan on movie_keyword mk  (cost=0.00..81003.12 rows=246 width=0) (actual time=10.639..4075.501 rows=135 loops=1)
  Filter: (keyword_id = 5705)
  Rows Removed by Filter: 4523795
Planning time: 0.307 ms
Execution time: 4075.686 ms
