Hash Join  (cost=95162.59..188625.48 rows=1335636 width=0) (actual time=5118.611..10232.051 rows=574307 loops=1)
  Hash Cond: (mc.movie_id = t.id)
  ->  Seq Scan on movie_companies mc  (cost=0.00..44881.29 rows=2609129 width=4) (actual time=0.010..3096.494 rows=2609129 loops=1)
  ->  Hash  (cost=73925.90..73925.90 rows=1294375 width=4) (actual time=5072.721..5072.721 rows=1374286 loops=1)
        Buckets: 131072  Batches: 32  Memory Usage: 2537kB
        ->  Seq Scan on title t  (cost=0.00..73925.90 rows=1294375 width=4) (actual time=0.020..4388.120 rows=1374286 loops=1)
              Filter: ((production_year > 1967) AND (kind_id = 7))
              Rows Removed by Filter: 1154026
Planning time: 23.049 ms
Execution time: 10315.715 ms
