Seq Scan on movie_companies mc  (cost=0.00..51404.11 rows=1986249 width=0) (actual time=0.012..921.187 rows=1989803 loops=1)
  Filter: (company_id > 772)
  Rows Removed by Filter: 619326
Planning time: 0.330 ms
Execution time: 1165.509 ms
