Hash Join  (cost=190230.21..334132.90 rows=1844045 width=0) (actual time=9395.414..19924.231 rows=7850230 loops=1)
  Hash Cond: (mk.movie_id = t.id)
  ->  Seq Scan on movie_keyword mk  (cost=0.00..81003.12 rows=3378695 width=4) (actual time=0.022..5384.982 rows=3362793 loops=1)
        Filter: (keyword_id < 16131)
        Rows Removed by Filter: 1161137
  ->  Hash  (cost=167588.78..167588.78 rows=1380035 width=8) (actual time=9378.301..9378.301 rows=1380035 loops=1)
        Buckets: 131072  Batches: 32  Memory Usage: 2726kB
        ->  Hash Join  (cost=102767.86..167588.78 rows=1380035 width=8) (actual time=5413.635..8885.787 rows=1380035 loops=1)
              Hash Cond: (mi_idx.movie_id = t.id)
              ->  Seq Scan on movie_info_idx mi_idx  (cost=0.00..21735.35 rows=1380035 width=4) (actual time=0.017..1659.088 rows=1380035 loops=1)
              ->  Hash  (cost=61283.27..61283.27 rows=2528527 width=4) (actual time=5412.767..5412.767 rows=2528312 loops=1)
                    Buckets: 131072  Batches: 64  Memory Usage: 2415kB
                    ->  Seq Scan on title t  (cost=0.00..61283.27 rows=2528527 width=4) (actual time=0.019..4240.856 rows=2528312 loops=1)
Planning time: 1.102 ms
Execution time: 21046.788 ms
