Hash Join  (cost=513038.35..599529.54 rows=937609 width=0) (actual time=25121.976..30933.412 rows=3965505 loops=1)
  Hash Cond: (mc.movie_id = t.id)
  ->  Seq Scan on movie_companies mc  (cost=0.00..51404.11 rows=1771463 width=4) (actual time=0.023..3229.753 rows=1761906 loops=1)
        Filter: (company_id < 25530)
        Rows Removed by Filter: 847223
  ->  Hash  (cost=491081.45..491081.45 rows=1338312 width=8) (actual time=25120.412..25120.412 rows=1401902 loops=1)
        Buckets: 131072  Batches: 32  Memory Usage: 2687kB
        ->  Hash Join  (cost=102767.86..491081.45 rows=1338312 width=8) (actual time=18715.680..24625.238 rows=1401902 loops=1)
              Hash Cond: (mi.movie_id = t.id)
              ->  Seq Scan on movie_info mi  (cost=0.00..346232.03 rows=1338312 width=4) (actual time=12377.461..16378.937 rows=1401902 loops=1)
                    Filter: (info_type_id = 7)
                    Rows Removed by Filter: 13433818
              ->  Hash  (cost=61283.27..61283.27 rows=2528527 width=4) (actual time=6336.768..6336.768 rows=2528312 loops=1)
                    Buckets: 131072  Batches: 64  Memory Usage: 2425kB
                    ->  Seq Scan on title t  (cost=0.00..61283.27 rows=2528527 width=4) (actual time=0.025..4595.999 rows=2528312 loops=1)
Planning time: 1.116 ms
Execution time: 31479.752 ms
