Hash Join  (cost=85157.92..169946.27 rows=706383 width=0) (actual time=3626.520..9623.942 rows=1079531 loops=1)
  Hash Cond: (mc.movie_id = t.id)
  ->  Seq Scan on movie_companies mc  (cost=0.00..44881.29 rows=2609129 width=4) (actual time=0.012..3116.923 rows=2609129 loops=1)
  ->  Hash  (cost=73925.90..73925.90 rows=684561 width=4) (actual time=3625.358..3625.358 rows=585759 loops=1)
        Buckets: 131072  Batches: 16  Memory Usage: 2308kB
        ->  Seq Scan on title t  (cost=0.00..73925.90 rows=684561 width=4) (actual time=0.023..3348.479 rows=585759 loops=1)
              Filter: ((kind_id < 7) AND (production_year > 1990))
              Rows Removed by Filter: 1942553
Planning time: 0.692 ms
Execution time: 9781.001 ms
