Seq Scan on movie_companies mc  (cost=0.00..51404.11 rows=1229831 width=0) (actual time=0.017..1891.975 rows=1242511 loops=1)
  Filter: (company_id > 11757)
  Rows Removed by Filter: 1366618
Planning time: 7.737 ms
Execution time: 2112.046 ms
