Hash Join  (cost=314870.74..839164.52 rows=7806134 width=0) (actual time=17356.387..44012.318 rows=9620323 loops=1)
  Hash Cond: (mi.movie_id = t.id)
  ->  Seq Scan on movie_info mi  (cost=0.00..346232.03 rows=6231111 width=4) (actual time=2423.197..21862.633 rows=6223494 loops=1)
        Filter: (info_type_id > 8)
        Rows Removed by Filter: 8612226
  ->  Hash  (cost=262901.04..262901.04 rows=3167656 width=8) (actual time=14925.802..14925.802 rows=1454126 loops=1)
        Buckets: 131072  Batches: 64  Memory Usage: 1920kB
        ->  Hash Join  (cost=96651.52..262901.04 rows=3167656 width=8) (actual time=5145.866..14416.085 rows=1454126 loops=1)
              Hash Cond: (mk.movie_id = t.id)
              ->  Seq Scan on movie_keyword mk  (cost=0.00..69693.30 rows=4523930 width=4) (actual time=0.022..5299.144 rows=4523930 loops=1)
              ->  Hash  (cost=67604.59..67604.59 rows=1770475 width=4) (actual time=5144.421..5144.421 rows=1774635 loops=1)
                    Buckets: 131072  Batches: 32  Memory Usage: 2984kB
                    ->  Seq Scan on title t  (cost=0.00..67604.59 rows=1770475 width=4) (actual time=0.022..4343.587 rows=1774635 loops=1)
                          Filter: (kind_id > 2)
                          Rows Removed by Filter: 753677
Planning time: 1.110 ms
Execution time: 45307.828 ms
