Seq Scan on movie_companies mc  (cost=0.00..51404.11 rows=116870 width=0) (actual time=796.365..2283.133 rows=116757 loops=1)
  Filter: (company_id > 148148)
  Rows Removed by Filter: 2492372
Planning time: 0.341 ms
Execution time: 2300.725 ms
