Hash Join  (cost=145081.42..233020.62 rows=128116 width=0) (actual time=3093.434..6741.703 rows=1412407 loops=1)
  Hash Cond: (mk.movie_id = t.id)
  ->  Seq Scan on movie_keyword mk  (cost=0.00..69693.30 rows=4523930 width=4) (actual time=0.023..1074.551 rows=4523930 loops=1)
  ->  Hash  (cost=144186.33..144186.33 rows=71607 width=8) (actual time=3092.658..3092.658 rows=255141 loops=1)
        Buckets: 131072 (originally 131072)  Batches: 4 (originally 1)  Memory Usage: 3518kB
        ->  Hash Join  (cost=76160.10..144186.33 rows=71607 width=8) (actual time=2053.356..3001.140 rows=255141 loops=1)
              Hash Cond: (mc.movie_id = t.id)
              ->  Seq Scan on movie_companies mc  (cost=0.00..51404.11 rows=1329612 width=4) (actual time=508.507..1101.578 rows=1334883 loops=1)
                    Filter: (company_type_id > 1)
                    Rows Removed by Filter: 1274246
              ->  Hash  (cost=73925.90..73925.90 rows=136176 width=4) (actual time=1176.678..1176.678 rows=269736 loops=1)
                    Buckets: 131072 (originally 131072)  Batches: 4 (originally 2)  Memory Usage: 3395kB
                    ->  Seq Scan on title t  (cost=0.00..73925.90 rows=136176 width=4) (actual time=441.949..1075.012 rows=269736 loops=1)
                          Filter: ((production_year < 1980) AND (kind_id = 1))
                          Rows Removed by Filter: 2258576
Planning time: 1.086 ms
Execution time: 6920.993 ms
