Hash Join  (cost=102767.86..253067.74 rows=2469339 width=0) (actual time=1985.824..6151.325 rows=2466241 loops=1)
  Hash Cond: (mk.movie_id = t.id)
  ->  Seq Scan on movie_keyword mk  (cost=0.00..81003.12 rows=2469339 width=4) (actual time=0.026..1572.332 rows=2466241 loops=1)
        Filter: (keyword_id < 5931)
        Rows Removed by Filter: 2057689
  ->  Hash  (cost=61283.27..61283.27 rows=2528527 width=4) (actual time=1983.824..1983.824 rows=2528312 loops=1)
        Buckets: 131072  Batches: 64  Memory Usage: 2425kB
        ->  Seq Scan on title t  (cost=0.00..61283.27 rows=2528527 width=4) (actual time=0.037..1146.459 rows=2528312 loops=1)
Planning time: 2.564 ms
Execution time: 6453.015 ms
