Hash Join  (cost=101283.88..466223.91 rows=28413 width=0) (actual time=2986.997..10456.026 rows=51209 loops=1)
  Hash Cond: (mi.movie_id = t.id)
  ->  Seq Scan on movie_info mi  (cost=0.00..309384.22 rows=14739122 width=4) (actual time=0.017..5383.784 rows=14835720 loops=1)
  ->  Hash  (cost=101222.95..101222.95 rows=4874 width=8) (actual time=1863.325..1863.325 rows=5479 loops=1)
        Buckets: 8192  Batches: 1  Memory Usage: 279kB
        ->  Hash Join  (cost=74260.10..101222.95 rows=4874 width=8) (actual time=1258.983..1860.812 rows=5479 loops=1)
              Hash Cond: (mi_idx.movie_id = t.id)
              ->  Seq Scan on movie_info_idx mi_idx  (cost=0.00..25185.44 rows=460978 width=4) (actual time=0.022..457.605 rows=459925 loops=1)
                    Filter: (info_type_id < 100)
                    Rows Removed by Filter: 920110
              ->  Hash  (cost=73925.90..73925.90 rows=26736 width=4) (actual time=1258.757..1258.757 rows=30647 loops=1)
                    Buckets: 32768  Batches: 1  Memory Usage: 1334kB
                    ->  Seq Scan on title t  (cost=0.00..73925.90 rows=26736 width=4) (actual time=0.025..1244.620 rows=30647 loops=1)
                          Filter: ((kind_id > 1) AND (production_year = 1996))
                          Rows Removed by Filter: 2497665
Planning time: 1.231 ms
Execution time: 10472.714 ms
