Nested Loop  (cost=0.43..74896.74 rows=3044 width=0) (actual time=360.594..1624.262 rows=3053 loops=1)
  ->  Seq Scan on movie_companies mc  (cost=0.00..51404.11 rows=3044 width=4) (actual time=360.505..1458.288 rows=3053 loops=1)
        Filter: (company_id = 531)
        Rows Removed by Filter: 2606076
  ->  Index Only Scan using title_pkey on title t  (cost=0.43..7.71 rows=1 width=4) (actual time=0.053..0.054 rows=1 loops=3053)
        Index Cond: (id = mc.movie_id)
        Heap Fetches: 3053
Planning time: 0.509 ms
Execution time: 1625.095 ms
