Seq Scan on movie_keyword mk  (cost=0.00..81003.12 rows=3975287 width=0) (actual time=0.031..3577.756 rows=3979467 loops=1)
  Filter: (keyword_id < 33755)
  Rows Removed by Filter: 544463
Planning time: 0.276 ms
Execution time: 4149.200 ms
