Seq Scan on movie_companies mc  (cost=0.00..57926.93 rows=53 width=0) (actual time=727.279..866.702 rows=2 loops=1)
  Filter: ((company_id = 49239) AND (company_type_id = 2))
  Rows Removed by Filter: 2609127
Planning time: 0.352 ms
Execution time: 866.774 ms
