Seq Scan on title t  (cost=0.00..67604.59 rows=2303657 width=0) (actual time=0.023..1279.125 rows=2295881 loops=1)
  Filter: (production_year > 1948)
  Rows Removed by Filter: 232431
Planning time: 0.305 ms
Execution time: 1563.663 ms
