Hash Join  (cost=594987.57..1639444.71 rows=7823945 width=0) (actual time=15920.785..45230.047 rows=36709647 loops=1)
  Hash Cond: (ci.movie_id = t.id)
  ->  Seq Scan on cast_info ci  (cost=0.00..705507.15 rows=14333659 width=4) (actual time=1295.351..13566.687 rows=14488140 loops=1)
        Filter: (person_id > 2211473)
        Rows Removed by Filter: 21756204
  ->  Hash  (cost=572343.30..572343.30 rows=1380181 width=8) (actual time=14624.144..14624.144 rows=2252841 loops=1)
        Buckets: 131072  Batches: 32  Memory Usage: 3728kB
        ->  Hash Join  (cost=77810.57..572343.30 rows=1380181 width=8) (actual time=1058.937..13931.655 rows=2252841 loops=1)
              Hash Cond: (mi.movie_id = t.id)
              ->  Seq Scan on movie_info mi  (cost=0.00..309384.22 rows=14739122 width=4) (actual time=0.028..5619.815 rows=14835720 loops=1)
              ->  Hash  (cost=73925.90..73925.90 rows=236773 width=4) (actual time=1049.203..1049.203 rows=208162 loops=1)
                    Buckets: 131072  Batches: 4  Memory Usage: 2863kB
                    ->  Seq Scan on title t  (cost=0.00..73925.90 rows=236773 width=4) (actual time=0.030..979.382 rows=208162 loops=1)
                          Filter: ((kind_id < 3) AND (production_year > 2007))
                          Rows Removed by Filter: 2320150
Planning time: 1.241 ms
Execution time: 49107.964 ms
