Hash Join  (cost=102767.86..1662698.35 rows=35097929 width=0) (actual time=5254.230..85001.613 rows=35091170 loops=1)
  Hash Cond: (ci.movie_id = t.id)
  ->  Seq Scan on cast_info ci  (cost=0.00..705507.15 rows=35097929 width=4) (actual time=0.024..44216.866 rows=35091170 loops=1)
        Filter: (person_id < 3838290)
        Rows Removed by Filter: 1153174
  ->  Hash  (cost=61283.27..61283.27 rows=2528527 width=4) (actual time=5253.260..5253.260 rows=2528312 loops=1)
        Buckets: 131072  Batches: 64  Memory Usage: 2415kB
        ->  Seq Scan on title t  (cost=0.00..61283.27 rows=2528527 width=4) (actual time=0.013..4178.625 rows=2528312 loops=1)
Planning time: 0.776 ms
Execution time: 89724.342 ms
