Hash Join  (cost=78473.92..155958.56 rows=313492 width=0) (actual time=4046.338..7773.560 rows=225472 loops=1)
  Hash Cond: (mc.movie_id = t.id)
  ->  Seq Scan on movie_companies mc  (cost=0.00..57926.93 rows=1196475 width=4) (actual time=0.020..2847.089 rows=1274246 loops=1)
        Filter: ((company_id < 124489) AND (company_type_id = 1))
        Rows Removed by Filter: 1334883
  ->  Hash  (cost=67604.59..67604.59 rows=662507 width=4) (actual time=3868.411..3868.411 rows=662065 loops=1)
        Buckets: 131072  Batches: 16  Memory Usage: 2481kB
        ->  Seq Scan on title t  (cost=0.00..67604.59 rows=662507 width=4) (actual time=0.025..3343.296 rows=662065 loops=1)
              Filter: (production_year > 2008)
              Rows Removed by Filter: 1866247
Planning time: 0.778 ms
Execution time: 7803.118 ms
