Seq Scan on movie_companies mc  (cost=0.00..51404.11 rows=310975 width=0) (actual time=0.024..903.354 rows=310610 loops=1)
  Filter: (company_id > 92553)
  Rows Removed by Filter: 2298519
Planning time: 0.322 ms
Execution time: 943.819 ms
