Hash Join  (cost=82871.49..122797.23 rows=198184 width=0) (actual time=2114.114..3140.423 rows=384954 loops=1)
  Hash Cond: (mi_idx.movie_id = t.id)
  ->  Seq Scan on movie_info_idx mi_idx  (cost=0.00..25185.44 rows=919057 width=4) (actual time=0.014..590.713 rows=920110 loops=1)
        Filter: (info_type_id > 99)
        Rows Removed by Filter: 459925
  ->  Hash  (cost=73925.90..73925.90 rows=545247 width=4) (actual time=1902.679..1902.679 rows=557319 loops=1)
        Buckets: 131072  Batches: 8  Memory Usage: 3485kB
        ->  Seq Scan on title t  (cost=0.00..73925.90 rows=545247 width=4) (actual time=188.763..1293.059 rows=557319 loops=1)
              Filter: ((production_year < 2011) AND (kind_id = 1))
              Rows Removed by Filter: 1970993
Planning time: 0.767 ms
Execution time: 3188.476 ms
