Hash Join  (cost=169457.68..1154987.15 rows=4664684 width=0) (actual time=3830.527..29863.615 rows=9383408 loops=1)
  Hash Cond: (ci.movie_id = t.id)
  ->  Seq Scan on cast_info ci  (cost=0.00..796071.18 rows=12019584 width=4) (actual time=0.018..17343.937 rows=12670688 loops=1)
        Filter: ((person_id < 3659973) AND (role_id < 2))
        Rows Removed by Filter: 23573656
  ->  Hash  (cost=153357.47..153357.47 rows=981297 width=8) (actual time=3829.753..3829.753 rows=944574 loops=1)
        Buckets: 131072  Batches: 16  Memory Usage: 3332kB
        ->  Hash Join  (cost=97102.97..153357.47 rows=981297 width=8) (actual time=1951.476..3574.191 rows=944574 loops=1)
              Hash Cond: (mi_idx.movie_id = t.id)
              ->  Seq Scan on movie_info_idx mi_idx  (cost=0.00..21735.35 rows=1380035 width=4) (actual time=0.026..424.468 rows=1380035 loops=1)
              ->  Hash  (cost=67604.59..67604.59 rows=1797951 width=4) (actual time=1950.143..1950.143 rows=1793384 loops=1)
                    Buckets: 131072  Batches: 32  Memory Usage: 2998kB
                    ->  Seq Scan on title t  (cost=0.00..67604.59 rows=1797951 width=4) (actual time=0.014..1377.461 rows=1793384 loops=1)
                          Filter: (production_year > 1988)
                          Rows Removed by Filter: 734928
Planning time: 1.161 ms
Execution time: 30944.981 ms
