Hash Join  (cost=139880.55..624944.20 rows=492673 width=0) (actual time=2734.689..13976.731 rows=890196 loops=1)
  Hash Cond: (mi.movie_id = t.id)
  ->  Seq Scan on movie_info mi  (cost=0.00..309384.22 rows=14739122 width=4) (actual time=0.015..5905.579 rows=14835720 loops=1)
  ->  Hash  (cost=138493.06..138493.06 rows=84519 width=8) (actual time=2733.767..2733.767 rows=71191 loops=1)
        Buckets: 131072  Batches: 2  Memory Usage: 2419kB
        ->  Hash Join  (cost=70241.71..138493.06 rows=84519 width=8) (actual time=1134.023..2705.439 rows=71191 loops=1)
              Hash Cond: (mc.movie_id = t.id)
              ->  Seq Scan on movie_companies mc  (cost=0.00..51404.11 rows=1329612 width=4) (actual time=0.020..977.913 rows=1334883 loops=1)
                    Filter: (company_type_id = 2)
                    Rows Removed by Filter: 1274246
              ->  Hash  (cost=67604.59..67604.59 rows=160730 width=4) (actual time=1133.203..1133.203 rows=160017 loops=1)
                    Buckets: 131072  Batches: 4  Memory Usage: 2436kB
                    ->  Seq Scan on title t  (cost=0.00..67604.59 rows=160730 width=4) (actual time=0.051..1076.168 rows=160017 loops=1)
                          Filter: (production_year = 2011)
                          Rows Removed by Filter: 2368295
Planning time: 1.189 ms
Execution time: 14091.410 ms
