Seq Scan on cast_info ci  (cost=0.00..796071.18 rows=5588541 width=0) (actual time=0.096..11612.562 rows=3440235 loops=1)
  Filter: ((person_id < 1224891) AND (role_id > 2))
  Rows Removed by Filter: 32804109
Planning time: 0.391 ms
Execution time: 12043.014 ms
