Seq Scan on movie_keyword mk  (cost=0.00..81003.12 rows=3780496 width=0) (actual time=0.014..1474.482 rows=3774886 loops=1)
  Filter: (keyword_id < 24966)
  Rows Removed by Filter: 749044
Planning time: 0.236 ms
Execution time: 1920.976 ms
