Seq Scan on movie_keyword mk  (cost=0.00..81003.12 rows=246 width=0) (actual time=161.124..1298.961 rows=26 loops=1)
  Filter: (keyword_id = 43090)
  Rows Removed by Filter: 4523904
Planning time: 0.362 ms
Execution time: 1299.066 ms
