Seq Scan on movie_companies mc  (cost=0.00..51404.11 rows=1564616 width=0) (actual time=0.035..929.235 rows=1566927 loops=1)
  Filter: (company_id > 6009)
  Rows Removed by Filter: 1042202
Planning time: 0.336 ms
Execution time: 1125.806 ms
