Nested Loop  (cost=0.43..83072.29 rows=175 width=0) (actual time=0.751..1395.787 rows=3470 loops=1)
  ->  Seq Scan on movie_keyword mk  (cost=0.00..81003.12 rows=246 width=4) (actual time=0.693..1251.152 rows=3797 loops=1)
        Filter: (keyword_id = 992)
        Rows Removed by Filter: 4520133
  ->  Index Scan using title_pkey on title t  (cost=0.43..8.40 rows=1 width=4) (actual time=0.037..0.037 rows=1 loops=3797)
        Index Cond: (id = mk.movie_id)
        Filter: (production_year < 2009)
        Rows Removed by Filter: 0
Planning time: 0.747 ms
Execution time: 1396.890 ms
