Hash Join  (cost=218107.70..369226.97 rows=2389923 width=0) (actual time=4876.658..13075.201 rows=19389884 loops=1)
  Hash Cond: (mk.movie_id = t.id)
  ->  Seq Scan on movie_keyword mk  (cost=0.00..69693.30 rows=4523930 width=4) (actual time=0.007..1384.379 rows=4523930 loops=1)
  ->  Hash  (cost=196192.43..196192.43 rows=1335782 width=8) (actual time=4875.232..4875.232 rows=1325898 loops=1)
        Buckets: 131072  Batches: 32  Memory Usage: 2667kB
        ->  Hash Join  (cost=102767.86..196192.43 rows=1335782 width=8) (actual time=1883.450..4480.408 rows=1325898 loops=1)
              Hash Cond: (mc.movie_id = t.id)
              ->  Seq Scan on movie_companies mc  (cost=0.00..51404.11 rows=1335782 width=4) (actual time=0.013..1062.238 rows=1325898 loops=1)
                    Filter: (company_id < 11387)
                    Rows Removed by Filter: 1283231
              ->  Hash  (cost=61283.27..61283.27 rows=2528527 width=4) (actual time=1882.473..1882.473 rows=2528312 loops=1)
                    Buckets: 131072  Batches: 64  Memory Usage: 2415kB
                    ->  Seq Scan on title t  (cost=0.00..61283.27 rows=2528527 width=4) (actual time=0.027..1062.855 rows=2528312 loops=1)
Planning time: 2.845 ms
Execution time: 15154.662 ms
