Hash Join  (cost=165780.19..921391.27 rows=238121 width=0) (actual time=5996.732..20130.407 rows=418169 loops=1)
  Hash Cond: (ci.movie_id = t.id)
  ->  Seq Scan on cast_info ci  (cost=0.00..705507.15 rows=12726058 width=4) (actual time=2779.569..13305.641 rows=12670688 loops=1)
        Filter: (role_id < 2)
        Rows Removed by Filter: 23573656
  ->  Hash  (cost=165188.79..165188.79 rows=47312 width=8) (actual time=3215.410..3215.410 rows=47252 loops=1)
        Buckets: 65536  Batches: 1  Memory Usage: 2358kB
        ->  Hash Join  (cost=102767.86..165188.79 rows=47312 width=8) (actual time=2022.008..3198.817 rows=47252 loops=1)
              Hash Cond: (mc.movie_id = t.id)
              ->  Seq Scan on movie_companies mc  (cost=0.00..51404.11 rows=47312 width=4) (actual time=0.035..785.504 rows=47252 loops=1)
                    Filter: (company_id = 19)
                    Rows Removed by Filter: 2561877
              ->  Hash  (cost=61283.27..61283.27 rows=2528527 width=4) (actual time=1984.159..1984.159 rows=2528312 loops=1)
                    Buckets: 131072  Batches: 64  Memory Usage: 2415kB
                    ->  Seq Scan on title t  (cost=0.00..61283.27 rows=2528527 width=4) (actual time=0.014..1094.742 rows=2528312 loops=1)
Planning time: 1.545 ms
Execution time: 20186.220 ms
