Nested Loop  (cost=0.43..28266.72 rows=1 width=0) (actual time=294.171..463.489 rows=1 loops=1)
  ->  Seq Scan on movie_info_idx mi_idx  (cost=0.00..25185.44 rows=368 width=4) (actual time=276.350..443.141 rows=260 loops=1)
        Filter: (info_type_id > 101)
        Rows Removed by Filter: 1379775
  ->  Index Scan using title_pkey on title t  (cost=0.43..8.36 rows=1 width=4) (actual time=0.078..0.078 rows=0 loops=260)
        Index Cond: (id = mi_idx.movie_id)
        Filter: (production_year = 1956)
        Rows Removed by Filter: 1
Planning time: 0.792 ms
Execution time: 463.584 ms
