Hash Join  (cost=115380.62..239117.12 rows=142347 width=0) (actual time=2073.785..4878.788 rows=809944 loops=1)
  Hash Cond: (mk.movie_id = t.id)
  ->  Seq Scan on movie_keyword mk  (cost=0.00..69693.30 rows=4523930 width=4) (actual time=0.012..1392.700 rows=4523930 loops=1)
  ->  Hash  (cost=114075.10..114075.10 rows=79561 width=8) (actual time=2073.129..2073.129 rows=104956 loops=1)
        Buckets: 131072  Batches: 2  Memory Usage: 3082kB
        ->  Hash Join  (cost=81025.55..114075.10 rows=79561 width=8) (actual time=1224.117..2038.587 rows=104956 loops=1)
              Hash Cond: (mi_idx.movie_id = t.id)
              ->  Seq Scan on movie_info_idx mi_idx  (cost=0.00..25185.44 rows=464934 width=4) (actual time=0.016..513.329 rows=460185 loops=1)
                    Filter: (info_type_id > 100)
                    Rows Removed by Filter: 919850
              ->  Hash  (cost=73925.90..73925.90 rows=432692 width=4) (actual time=1223.293..1223.293 rows=368246 loops=1)
                    Buckets: 131072  Batches: 8  Memory Usage: 2639kB
                    ->  Seq Scan on title t  (cost=0.00..73925.90 rows=432692 width=4) (actual time=0.017..1109.484 rows=368246 loops=1)
                          Filter: ((kind_id < 7) AND (production_year > 2004))
                          Rows Removed by Filter: 2160066
Planning time: 0.760 ms
Execution time: 4969.683 ms
