Seq Scan on cast_info ci  (cost=0.00..796071.18 rows=4086863 width=0) (actual time=9917.805..13517.060 rows=2276750 loops=1)
  Filter: ((person_id < 2027031) AND (role_id = 2))
  Rows Removed by Filter: 33967594
Planning time: 0.367 ms
Execution time: 13782.888 ms
