Hash Join  (cost=798790.53..853457.97 rows=191 width=0) (actual time=14593.231..15810.019 rows=1765 loops=1)
  Hash Cond: (mc.movie_id = t.id)
  ->  Seq Scan on movie_companies mc  (cost=0.00..44881.29 rows=2609129 width=4) (actual time=0.026..736.102 rows=2609129 loops=1)
  ->  Hash  (cost=798788.22..798788.22 rows=185 width=8) (actual time=14591.156..14591.156 rows=1068 loops=1)
        Buckets: 2048 (originally 1024)  Batches: 1 (originally 1)  Memory Usage: 58kB
        ->  Nested Loop  (cost=0.43..798788.22 rows=185 width=8) (actual time=11362.309..14590.647 rows=1068 loops=1)
              ->  Seq Scan on cast_info ci  (cost=0.00..796071.18 rows=324 width=4) (actual time=11362.254..14573.059 rows=1321 loops=1)
                    Filter: ((role_id > 1) AND (person_id = 2592067))
                    Rows Removed by Filter: 36243023
              ->  Index Scan using title_pkey on title t  (cost=0.43..8.38 rows=1 width=4) (actual time=0.013..0.013 rows=1 loops=1321)
                    Index Cond: (id = ci.movie_id)
                    Filter: (production_year < 2006)
                    Rows Removed by Filter: 0
Planning time: 2.656 ms
Execution time: 15810.405 ms
