Hash Join  (cost=102767.86..1413373.44 rows=20972702 width=0) (actual time=4162.967..36920.677 rows=20061241 loops=1)
  Hash Cond: (ci.movie_id = t.id)
  ->  Seq Scan on cast_info ci  (cost=0.00..796071.18 rows=20972702 width=4) (actual time=1923.197..16116.636 rows=20061241 loops=1)
        Filter: ((person_id > 1188123) AND (role_id < 10))
        Rows Removed by Filter: 16183103
  ->  Hash  (cost=61283.27..61283.27 rows=2528527 width=4) (actual time=2238.495..2238.495 rows=2528312 loops=1)
        Buckets: 131072  Batches: 64  Memory Usage: 2415kB
        ->  Seq Scan on title t  (cost=0.00..61283.27 rows=2528527 width=4) (actual time=0.016..1212.029 rows=2528312 loops=1)
Planning time: 0.767 ms
Execution time: 39272.454 ms
