Seq Scan on cast_info ci  (cost=0.00..705507.15 rows=9970861 width=0) (actual time=0.010..11574.254 rows=9761288 loops=1)
  Filter: (person_id < 959730)
  Rows Removed by Filter: 26483056
Planning time: 0.328 ms
Execution time: 12800.053 ms
