Hash Join  (cost=1046792.24..1667481.82 rows=12786861 width=0) (actual time=19151.887..35184.133 rows=18389435 loops=1)
  Hash Cond: (mi.movie_id = t.id)
  ->  Seq Scan on movie_info mi  (cost=0.00..346232.03 rows=9476311 width=4) (actual time=0.014..6987.209 rows=9565151 loops=1)
        Filter: (info_type_id < 16)
        Rows Removed by Filter: 5270569
  ->  Hash  (cost=990815.89..990815.89 rows=3411868 width=8) (actual time=19149.393..19149.393 rows=1410813 loops=1)
        Buckets: 131072  Batches: 64  Memory Usage: 1947kB
        ->  Hash Join  (cost=102767.86..990815.89 rows=3411868 width=8) (actual time=1951.213..18715.688 rows=1410813 loops=1)
              Hash Cond: (ci.movie_id = t.id)
              ->  Seq Scan on cast_info ci  (cost=0.00..796071.18 rows=3411868 width=4) (actual time=0.025..14935.809 rows=1410813 loops=1)
                    Filter: ((person_id < 2910250) AND (role_id = 10))
                    Rows Removed by Filter: 34833531
              ->  Hash  (cost=61283.27..61283.27 rows=2528527 width=4) (actual time=1949.670..1949.670 rows=2528312 loops=1)
                    Buckets: 131072  Batches: 64  Memory Usage: 2415kB
                    ->  Seq Scan on title t  (cost=0.00..61283.27 rows=2528527 width=4) (actual time=0.018..1096.838 rows=2528312 loops=1)
Planning time: 1.176 ms
Execution time: 37176.327 ms
