Hash Join  (cost=95426.00..169895.44 rows=559296 width=144) (actual time=2350.675..4263.242 rows=681292 loops=1)
  Hash Cond: (mi_idx.movie_id = t.id)
  ->  Seq Scan on movie_info_idx mi_idx  (cost=0.00..21735.35 rows=1380035 width=50) (actual time=0.017..481.754 rows=1380035 loops=1)
  ->  Hash  (cost=67604.59..67604.59 rows=1024753 width=94) (actual time=2348.557..2348.557 rows=1021752 loops=1)
        Buckets: 32768  Batches: 64  Memory Usage: 2035kB
        ->  Seq Scan on title t  (cost=0.00..67604.59 rows=1024753 width=94) (actual time=0.013..1312.379 rows=1021752 loops=1)
              Filter: (production_year < 2000)
              Rows Removed by Filter: 1506560
Planning time: 1.053 ms
Execution time: 4303.281 ms
