Seq Scan on movie_companies mc  (cost=0.00..51404.11 rows=1669815 width=0) (actual time=0.023..951.428 rows=1661079 loops=1)
  Filter: (company_id < 18682)
  Rows Removed by Filter: 948050
Planning time: 3.369 ms
Execution time: 1161.319 ms
