Seq Scan on movie_keyword mk  (cost=0.00..81003.12 rows=246 width=0) (actual time=14.481..1325.281 rows=34 loops=1)
  Filter: (keyword_id = 14152)
  Rows Removed by Filter: 4523896
Planning time: 0.278 ms
Execution time: 1325.379 ms
