Hash Join  (cost=165758.29..293326.36 rows=499882 width=0) (actual time=3712.259..8182.100 rows=6551345 loops=1)
  Hash Cond: (mk.movie_id = t.id)
  ->  Seq Scan on movie_keyword mk  (cost=0.00..81003.12 rows=3471766 width=4) (actual time=0.020..1777.346 rows=3464210 loops=1)
        Filter: (keyword_id > 1056)
        Rows Removed by Filter: 1059720
  ->  Hash  (cost=159784.42..159784.42 rows=364070 width=8) (actual time=3710.773..3710.773 rows=492287 loops=1)
        Buckets: 131072  Batches: 8  Memory Usage: 3430kB
        ->  Hash Join  (cost=79715.19..159784.42 rows=364070 width=8) (actual time=1248.265..3568.947 rows=492287 loops=1)
              Hash Cond: (mc.movie_id = t.id)
              ->  Seq Scan on movie_companies mc  (cost=0.00..44881.29 rows=2609129 width=4) (actual time=0.020..969.540 rows=2609129 loops=1)
              ->  Hash  (cost=73925.90..73925.90 rows=352823 width=4) (actual time=1247.510..1247.510 rows=302088 loops=1)
                    Buckets: 131072  Batches: 8  Memory Usage: 2342kB
                    ->  Seq Scan on title t  (cost=0.00..73925.90 rows=352823 width=4) (actual time=0.082..1151.626 rows=302088 loops=1)
                          Filter: ((kind_id < 7) AND (production_year > 2006))
                          Rows Removed by Filter: 2226224
Planning time: 1.106 ms
Execution time: 8850.136 ms
