Seq Scan on movie_keyword mk  (cost=0.00..81003.12 rows=4144048 width=0) (actual time=0.016..1648.219 rows=4145914 loops=1)
  Filter: (keyword_id < 45105)
  Rows Removed by Filter: 378016
Planning time: 2.077 ms
Execution time: 2164.467 ms
