Hash Join  (cost=139600.31..507203.39 rows=294715 width=0) (actual time=2750.633..14561.059 rows=3417941 loops=1)
  Hash Cond: (mi.movie_id = t.id)
  ->  Seq Scan on movie_info mi  (cost=0.00..309384.22 rows=14739122 width=4) (actual time=0.012..4957.704 rows=14835720 loops=1)
  ->  Hash  (cost=138968.32..138968.32 rows=50559 width=8) (actual time=2750.151..2750.151 rows=102746 loops=1)
        Buckets: 131072 (originally 65536)  Batches: 2 (originally 1)  Memory Usage: 3073kB
        ->  Hash Join  (cost=76308.85..138968.32 rows=50559 width=8) (actual time=1336.383..2711.259 rows=102746 loops=1)
              Hash Cond: (mc.movie_id = t.id)
              ->  Seq Scan on movie_companies mc  (cost=0.00..51404.11 rows=880471 width=4) (actual time=0.021..932.337 rows=874891 loops=1)
                    Filter: (company_id < 2567)
                    Rows Removed by Filter: 1734238
              ->  Hash  (cost=73925.90..73925.90 rows=145196 width=4) (actual time=1335.586..1335.586 rows=245643 loops=1)
                    Buckets: 131072 (originally 131072)  Batches: 4 (originally 2)  Memory Usage: 3183kB
                    ->  Seq Scan on title t  (cost=0.00..73925.90 rows=145196 width=4) (actual time=0.020..1247.990 rows=245643 loops=1)
                          Filter: ((kind_id < 7) AND (production_year < 1970))
                          Rows Removed by Filter: 2282669
Planning time: 8.248 ms
Execution time: 14988.064 ms
