Hash Join  (cost=456125.87..1215931.43 rows=647052 width=0) (actual time=12529.137..25183.782 rows=1849284 loops=1)
  Hash Cond: (ci.movie_id = t.id)
  ->  Seq Scan on cast_info ci  (cost=0.00..705507.15 rows=3998100 width=4) (actual time=3489.856..13551.847 rows=4008037 loops=1)
        Filter: (role_id = 3)
        Rows Removed by Filter: 32236307
  ->  Hash  (cost=449411.66..449411.66 rows=409217 width=8) (actual time=9038.212..9038.212 rows=1109857 loops=1)
        Buckets: 131072 (originally 131072)  Batches: 16 (originally 8)  Memory Usage: 3731kB
        ->  Hash Join  (cost=78556.72..449411.66 rows=409217 width=8) (actual time=4082.361..8705.374 rows=1109857 loops=1)
              Hash Cond: (mi.movie_id = t.id)
              ->  Seq Scan on movie_info mi  (cost=0.00..346232.03 rows=1550064 width=4) (actual time=2485.757..5975.117 rows=1533909 loops=1)
                    Filter: (info_type_id = 3)
                    Rows Removed by Filter: 13301811
              ->  Hash  (cost=67604.59..67604.59 rows=667531 width=4) (actual time=1503.232..1503.232 rows=662825 loops=1)
                    Buckets: 131072  Batches: 16  Memory Usage: 2485kB
                    ->  Seq Scan on title t  (cost=0.00..67604.59 rows=667531 width=4) (actual time=130.443..1158.047 rows=662825 loops=1)
                          Filter: (kind_id = 1)
                          Rows Removed by Filter: 1865487
Planning time: 1.251 ms
Execution time: 25384.537 ms
