Seq Scan on movie_keyword mk  (cost=0.00..81003.12 rows=174853 width=0) (actual time=0.017..1299.739 rows=169740 loops=1)
  Filter: (keyword_id > 72109)
  Rows Removed by Filter: 4354190
Planning time: 0.329 ms
Execution time: 1322.529 ms
