Nested Loop  (cost=0.43..709671.90 rows=500 width=0) (actual time=5439.979..10105.899 rows=51 loops=1)
  ->  Seq Scan on cast_info ci  (cost=0.00..705507.15 rows=500 width=4) (actual time=5439.890..10103.394 rows=51 loops=1)
        Filter: (person_id = 2632463)
        Rows Removed by Filter: 36244293
  ->  Index Only Scan using title_pkey on title t  (cost=0.43..8.32 rows=1 width=4) (actual time=0.048..0.048 rows=1 loops=51)
        Index Cond: (id = ci.movie_id)
        Heap Fetches: 51
Planning time: 0.773 ms
Execution time: 10105.980 ms
