Hash Join  (cost=76725.80..202447.71 rows=305287 width=0) (actual time=1362.227..4411.925 rows=65472 loops=1)
  Hash Cond: (mk.movie_id = t.id)
  ->  Seq Scan on movie_keyword mk  (cost=0.00..69693.30 rows=4523930 width=4) (actual time=0.025..1366.904 rows=4523930 loops=1)
  ->  Hash  (cost=73925.90..73925.90 rows=170632 width=4) (actual time=1360.907..1360.907 rows=170068 loops=1)
        Buckets: 131072  Batches: 4  Memory Usage: 2540kB
        ->  Seq Scan on title t  (cost=0.00..73925.90 rows=170632 width=4) (actual time=0.037..1298.731 rows=170068 loops=1)
              Filter: ((kind_id > 1) AND (production_year > 2011))
              Rows Removed by Filter: 2358244
Planning time: 0.783 ms
Execution time: 4420.340 ms
