Nested Loop  (cost=0.43..799702.19 rows=435 width=0) (actual time=3318.899..15054.603 rows=22 loops=1)
  ->  Seq Scan on cast_info ci  (cost=0.00..796071.18 rows=435 width=4) (actual time=3318.713..15053.952 rows=22 loops=1)
        Filter: ((role_id < 10) AND (person_id = 911871))
        Rows Removed by Filter: 36244322
  ->  Index Only Scan using title_pkey on title t  (cost=0.43..8.34 rows=1 width=4) (actual time=0.023..0.023 rows=1 loops=22)
        Index Cond: (id = ci.movie_id)
        Heap Fetches: 22
Planning time: 3.037 ms
Execution time: 15054.712 ms
