Seq Scan on cast_info ci  (cost=0.00..796071.18 rows=30996777 width=0) (actual time=0.029..17821.744 rows=31094378 loops=1)
  Filter: ((person_id > 58527) AND (role_id < 10))
  Rows Removed by Filter: 5149966
Planning time: 0.351 ms
Execution time: 21643.341 ms
