Hash Join  (cost=101601.28..186831.99 rows=7380 width=0) (actual time=3050.306..3298.805 rows=4497 loops=1)
  Hash Cond: (mk.movie_id = t.id)
  ->  Seq Scan on movie_keyword mk  (cost=0.00..81003.12 rows=1107676 width=4) (actual time=0.022..1270.842 rows=1116347 loops=1)
        Filter: (keyword_id < 1165)
        Rows Removed by Filter: 3407583
  ->  Hash  (cost=101390.69..101390.69 rows=16847 width=8) (actual time=1838.591..1838.591 rows=10419 loops=1)
        Buckets: 32768  Batches: 1  Memory Usage: 663kB
        ->  Hash Join  (cost=74311.74..101390.69 rows=16847 width=8) (actual time=1250.322..1834.682 rows=10419 loops=1)
              Hash Cond: (mi_idx.movie_id = t.id)
              ->  Seq Scan on movie_info_idx mi_idx  (cost=0.00..21735.35 rows=1380035 width=4) (actual time=0.019..271.839 rows=1380035 loops=1)
              ->  Hash  (cost=73925.90..73925.90 rows=30867 width=4) (actual time=1247.682..1247.682 rows=34773 loops=1)
                    Buckets: 65536 (originally 32768)  Batches: 1 (originally 1)  Memory Usage: 1735kB
                    ->  Seq Scan on title t  (cost=0.00..73925.90 rows=30867 width=4) (actual time=0.021..1231.504 rows=34773 loops=1)
                          Filter: ((kind_id = 7) AND (production_year = 1999))
                          Rows Removed by Filter: 2493539
Planning time: 1.129 ms
Execution time: 3299.649 ms
