Hash Join  (cost=448099.21..574419.46 rows=354421 width=0) (actual time=7655.054..10800.592 rows=157108 loops=1)
  Hash Cond: (mk.movie_id = t.id)
  ->  Seq Scan on movie_keyword mk  (cost=0.00..69693.30 rows=4523930 width=4) (actual time=0.007..1437.958 rows=4523930 loops=1)
  ->  Hash  (cost=444849.04..444849.04 rows=198094 width=8) (actual time=7651.572..7651.572 rows=88548 loops=1)
        Buckets: 131072  Batches: 4  Memory Usage: 1901kB
        ->  Hash Join  (cost=80384.28..444849.04 rows=198094 width=8) (actual time=1873.399..7621.241 rows=88548 loops=1)
              Hash Cond: (mi.movie_id = t.id)
              ->  Seq Scan on movie_info mi  (cost=0.00..346232.03 rows=1272478 width=4) (actual time=466.471..5519.498 rows=1325361 loops=1)
                    Filter: (info_type_id = 8)
                    Rows Removed by Filter: 13510359
              ->  Hash  (cost=73925.90..73925.90 rows=393630 width=4) (actual time=1406.106..1406.106 rows=401187 loops=1)
                    Buckets: 131072  Batches: 8  Memory Usage: 2800kB
                    ->  Seq Scan on title t  (cost=0.00..73925.90 rows=393630 width=4) (actual time=0.023..1265.872 rows=401187 loops=1)
                          Filter: ((kind_id > 1) AND (production_year > 2009))
                          Rows Removed by Filter: 2127125
Planning time: 1.148 ms
Execution time: 10822.318 ms
