Seq Scan on movie_keyword mk  (cost=0.00..81003.12 rows=1984977 width=0) (actual time=0.025..1455.501 rows=1987941 loops=1)
  Filter: (keyword_id < 3513)
  Rows Removed by Filter: 2535989
Planning time: 0.328 ms
Execution time: 1699.003 ms
