Hash Join  (cost=174865.45..1231861.31 rows=8293804 width=0) (actual time=4453.660..35944.162 rows=17220578 loops=1)
  Hash Cond: (ci.movie_id = t.id)
  ->  Seq Scan on cast_info ci  (cost=0.00..705507.15 rows=22916713 width=4) (actual time=0.022..14963.057 rows=22792698 loops=1)
        Filter: (person_id < 2326949)
        Rows Removed by Filter: 13451646
  ->  Hash  (cost=159851.69..159851.69 rows=915101 width=8) (actual time=4452.339..4452.339 rows=919850 loops=1)
        Buckets: 131072  Batches: 16  Memory Usage: 3269kB
        ->  Hash Join  (cost=102767.86..159851.69 rows=915101 width=8) (actual time=2001.526..4039.295 rows=919850 loops=1)
              Hash Cond: (mi_idx.movie_id = t.id)
              ->  Seq Scan on movie_info_idx mi_idx  (cost=0.00..25185.44 rows=915101 width=4) (actual time=0.022..613.337 rows=919850 loops=1)
                    Filter: (info_type_id < 101)
                    Rows Removed by Filter: 460185
              ->  Hash  (cost=61283.27..61283.27 rows=2528527 width=4) (actual time=1999.547..1999.547 rows=2528312 loops=1)
                    Buckets: 131072  Batches: 64  Memory Usage: 2415kB
                    ->  Seq Scan on title t  (cost=0.00..61283.27 rows=2528527 width=4) (actual time=0.014..1160.149 rows=2528312 loops=1)
Planning time: 1.204 ms
Execution time: 37945.098 ms
