Hash Join  (cost=167876.85..279984.34 rows=674581 width=0) (actual time=3840.034..6842.549 rows=2396223 loops=1)
  Hash Cond: (mk.movie_id = t.id)
  ->  Seq Scan on movie_keyword mk  (cost=0.00..81003.12 rows=1783350 width=4) (actual time=0.009..1538.777 rows=1792776 loops=1)
        Filter: (keyword_id > 7763)
        Rows Removed by Filter: 2731154
  ->  Hash  (cost=152184.15..152184.15 rows=956456 width=8) (actual time=3838.739..3838.739 rows=910578 loops=1)
        Buckets: 131072  Batches: 16  Memory Usage: 3263kB
        ->  Hash Join  (cost=96356.06..152184.15 rows=956456 width=8) (actual time=1915.870..3561.534 rows=910578 loops=1)
              Hash Cond: (mi_idx.movie_id = t.id)
              ->  Seq Scan on movie_info_idx mi_idx  (cost=0.00..21735.35 rows=1380035 width=4) (actual time=0.013..434.486 rows=1380035 loops=1)
              ->  Hash  (cost=67604.59..67604.59 rows=1752438 width=4) (actual time=1914.570..1914.570 rows=1749032 loops=1)
                    Buckets: 131072  Batches: 32  Memory Usage: 2950kB
                    ->  Seq Scan on title t  (cost=0.00..67604.59 rows=1752438 width=4) (actual time=0.014..1342.269 rows=1749032 loops=1)
                          Filter: (production_year > 1990)
                          Rows Removed by Filter: 779280
Planning time: 1.191 ms
Execution time: 7120.449 ms
