Hash Join  (cost=709678.15..765255.41 rows=220 width=0) (actual time=9143.520..9880.496 rows=492 loops=1)
  Hash Cond: (mc.movie_id = t.id)
  ->  Seq Scan on movie_companies mc  (cost=0.00..51404.11 rows=1112253 width=4) (actual time=0.023..632.459 rows=1108844 loops=1)
        Filter: (company_id < 7713)
        Rows Removed by Filter: 1500285
  ->  Hash  (cost=709671.90..709671.90 rows=500 width=8) (actual time=9116.075..9116.075 rows=379 loops=1)
        Buckets: 1024  Batches: 1  Memory Usage: 23kB
        ->  Nested Loop  (cost=0.43..709671.90 rows=500 width=8) (actual time=2285.774..9115.865 rows=379 loops=1)
              ->  Seq Scan on cast_info ci  (cost=0.00..705507.15 rows=500 width=4) (actual time=2285.597..9105.677 rows=379 loops=1)
                    Filter: (person_id = 1680542)
                    Rows Removed by Filter: 36243965
              ->  Index Only Scan using title_pkey on title t  (cost=0.43..8.32 rows=1 width=4) (actual time=0.026..0.026 rows=1 loops=379)
                    Index Cond: (id = ci.movie_id)
                    Heap Fetches: 379
Planning time: 1.041 ms
Execution time: 9880.713 ms
