Hash Join  (cost=98498.33..1345128.15 rows=18132159 width=0) (actual time=1919.189..41206.049 rows=17900170 loops=1)
  Hash Cond: (ci.movie_id = t.id)
  ->  Seq Scan on cast_info ci  (cost=0.00..705507.15 rows=30611754 width=4) (actual time=0.022..16475.157 rows=30706627 loops=1)
        Filter: (person_id > 534673)
        Rows Removed by Filter: 5537717
  ->  Hash  (cost=73925.90..73925.90 rows=1497714 width=4) (actual time=1917.959..1917.959 rows=1478440 loops=1)
        Buckets: 131072  Batches: 32  Memory Usage: 2651kB
        ->  Seq Scan on title t  (cost=0.00..73925.90 rows=1497714 width=4) (actual time=0.013..1436.213 rows=1478440 loops=1)
              Filter: ((production_year > 0) AND (kind_id = 7))
              Rows Removed by Filter: 1049872
Planning time: 0.817 ms
Execution time: 43313.429 ms
