Hash Join  (cost=111654.12..210470.63 rows=56633 width=0) (actual time=2187.919..4516.990 rows=340141 loops=1)
  Hash Cond: (mk.movie_id = t.id)
  ->  Seq Scan on movie_keyword mk  (cost=0.00..81003.12 rows=1458415 width=4) (actual time=0.013..1520.705 rows=1475406 loops=1)
        Filter: (keyword_id < 2105)
        Rows Removed by Filter: 3048524
  ->  Hash  (cost=110042.77..110042.77 rows=98188 width=8) (actual time=2187.119..2187.119 rows=113110 loops=1)
        Buckets: 131072  Batches: 2  Memory Usage: 3244kB
        ->  Hash Join  (cost=76440.79..110042.77 rows=98188 width=8) (actual time=1309.120..2145.403 rows=113110 loops=1)
              Hash Cond: (mi_idx.movie_id = t.id)
              ->  Seq Scan on movie_info_idx mi_idx  (cost=0.00..25185.44 rows=460978 width=4) (actual time=0.024..464.197 rows=459925 loops=1)
                    Filter: (info_type_id = 99)
                    Rows Removed by Filter: 920110
              ->  Hash  (cost=67604.59..67604.59 rows=538576 width=4) (actual time=1308.195..1308.195 rows=538190 loops=1)
                    Buckets: 131072  Batches: 8  Memory Usage: 3380kB
                    ->  Seq Scan on title t  (cost=0.00..67604.59 rows=538576 width=4) (actual time=0.023..1141.237 rows=538190 loops=1)
                          Filter: (production_year < 1982)
                          Rows Removed by Filter: 1990122
Planning time: 1.209 ms
Execution time: 4558.234 ms
