Hash Join  (cost=154548.30..1183056.84 rows=1976951 width=0) (actual time=3254.768..35079.462 rows=10367700 loops=1)
  Hash Cond: (ci.movie_id = t.id)
  ->  Seq Scan on cast_info ci  (cost=0.00..705507.15 rows=26160768 width=4) (actual time=0.023..15258.059 rows=26163279 loops=1)
        Filter: (person_id < 2707805)
        Rows Removed by Filter: 10081065
  ->  Hash  (cost=151412.81..151412.81 rows=191079 width=8) (actual time=3253.887..3253.887 rows=598470 loops=1)
        Buckets: 131072 (originally 131072)  Batches: 8 (originally 4)  Memory Usage: 3959kB
        ->  Hash Join  (cost=81720.25..151412.81 rows=191079 width=8) (actual time=1711.089..3094.476 rows=598470 loops=1)
              Hash Cond: (mc.movie_id = t.id)
              ->  Seq Scan on movie_companies mc  (cost=0.00..57926.93 rows=561557 width=4) (actual time=403.226..1093.717 rows=857729 loops=1)
                    Filter: ((company_id > 13874) AND (company_type_id = 2))
                    Rows Removed by Filter: 1751400
              ->  Hash  (cost=67604.59..67604.59 rows=860373 width=4) (actual time=1306.996..1306.996 rows=854214 loops=1)
                    Buckets: 131072  Batches: 16  Memory Usage: 2897kB
                    ->  Seq Scan on title t  (cost=0.00..67604.59 rows=860373 width=4) (actual time=0.039..1036.831 rows=854214 loops=1)
                          Filter: (kind_id < 4)
                          Rows Removed by Filter: 1674098
Planning time: 1.302 ms
Execution time: 36332.765 ms
