Hash Join  (cost=175729.51..236152.31 rows=55785 width=0) (actual time=3681.584..5200.007 rows=48411 loops=1)
  Hash Cond: (mc.movie_id = t.id)
  ->  Seq Scan on movie_companies mc  (cost=0.00..51404.11 rows=2256225 width=4) (actual time=0.022..1088.217 rows=2251605 loops=1)
        Filter: (company_id < 87359)
        Rows Removed by Filter: 357524
  ->  Hash  (cost=174948.03..174948.03 rows=62518 width=8) (actual time=3680.909..3680.909 rows=17281 loops=1)
        Buckets: 65536  Batches: 1  Memory Usage: 1188kB
        ->  Hash Join  (cost=75666.39..174948.03 rows=62518 width=8) (actual time=1341.156..3674.609 rows=17281 loops=1)
              Hash Cond: (mk.movie_id = t.id)
              ->  Seq Scan on movie_keyword mk  (cost=0.00..81003.12 rows=1490756 width=4) (actual time=0.005..1596.319 rows=1500860 loops=1)
                    Filter: (keyword_id < 2163)
                    Rows Removed by Filter: 3023070
              ->  Hash  (cost=73925.90..73925.90 rows=106039 width=4) (actual time=1338.303..1338.303 rows=113673 loops=1)
                    Buckets: 131072  Batches: 2  Memory Usage: 3028kB
                    ->  Seq Scan on title t  (cost=0.00..73925.90 rows=106039 width=4) (actual time=0.015..1293.159 rows=113673 loops=1)
                          Filter: ((kind_id > 3) AND (production_year = 2011))
                          Rows Removed by Filter: 2414639
Planning time: 0.890 ms
Execution time: 5206.657 ms
