Hash Join  (cost=446432.91..572538.75 rows=336780 width=0) (actual time=7742.608..11833.600 rows=3400968 loops=1)
  Hash Cond: (mk.movie_id = t.id)
  ->  Seq Scan on movie_keyword mk  (cost=0.00..69693.30 rows=4523930 width=4) (actual time=0.010..1373.456 rows=4523930 loops=1)
  ->  Hash  (cost=443343.99..443343.99 rows=188234 width=8) (actual time=7638.801..7638.801 rows=398791 loops=1)
        Buckets: 131072 (originally 131072)  Batches: 8 (originally 4)  Memory Usage: 3073kB
        ->  Hash Join  (cost=83568.99..443343.99 rows=188234 width=8) (actual time=4181.861..7499.207 rows=398791 loops=1)
              Hash Cond: (mi.movie_id = t.id)
              ->  Seq Scan on movie_info mi  (cost=0.00..346232.03 rows=809768 width=4) (actual time=2560.981..5366.125 rows=802140 loops=1)
                    Filter: (info_type_id < 2)
                    Rows Removed by Filter: 14033580
              ->  Hash  (cost=73925.90..73925.90 rows=587767 width=4) (actual time=1459.269..1459.269 rows=594730 loops=1)
                    Buckets: 131072  Batches: 8  Memory Usage: 3657kB
                    ->  Seq Scan on title t  (cost=0.00..73925.90 rows=587767 width=4) (actual time=386.854..1269.026 rows=594730 loops=1)
                          Filter: ((production_year < 2012) AND (kind_id = 1))
                          Rows Removed by Filter: 1933582
Planning time: 0.768 ms
Execution time: 12223.885 ms
