Hash Join  (cost=1037985.01..1768543.54 rows=17596605 width=0) (actual time=23109.463..67864.355 rows=104628417 loops=1)
  Hash Cond: (mi.movie_id = t.id)
  ->  Seq Scan on movie_info mi  (cost=0.00..346232.03 rows=13929354 width=4) (actual time=0.020..7450.228 rows=14033580 loops=1)
        Filter: (info_type_id > 1)
        Rows Removed by Filter: 802140
  ->  Hash  (cost=985579.19..985579.19 rows=3194225 width=8) (actual time=23108.044..23108.044 rows=7207780 loops=1)
        Buckets: 131072 (originally 131072)  Batches: 128 (originally 64)  Memory Usage: 3244kB
        ->  Hash Join  (cost=102767.86..985579.19 rows=3194225 width=8) (actual time=1895.544..21087.960 rows=7207780 loops=1)
              Hash Cond: (ci.movie_id = t.id)
              ->  Seq Scan on cast_info ci  (cost=0.00..796071.18 rows=3194225 width=4) (actual time=0.018..12891.136 rows=7207780 loops=1)
                    Filter: ((person_id > 2947369) AND (role_id > 2))
                    Rows Removed by Filter: 29036564
              ->  Hash  (cost=61283.27..61283.27 rows=2528527 width=4) (actual time=1894.419..1894.419 rows=2528312 loops=1)
                    Buckets: 131072  Batches: 64  Memory Usage: 2415kB
                    ->  Seq Scan on title t  (cost=0.00..61283.27 rows=2528527 width=4) (actual time=0.025..1048.326 rows=2528312 loops=1)
Planning time: 3.269 ms
Execution time: 79250.214 ms
