Hash Join  (cost=83072.93..447728.97 rows=13 width=0) (actual time=1523.301..8511.010 rows=197 loops=1)
  Hash Cond: (mi.movie_id = t.id)
  ->  Seq Scan on movie_info mi  (cost=0.00..309384.22 rows=14739122 width=4) (actual time=0.009..4410.157 rows=14835720 loops=1)
  ->  Hash  (cost=83072.90..83072.90 rows=2 width=8) (actual time=1420.502..1420.502 rows=3 loops=1)
        Buckets: 1024  Batches: 1  Memory Usage: 9kB
        ->  Nested Loop  (cost=0.43..83072.90 rows=2 width=8) (actual time=209.024..1420.487 rows=3 loops=1)
              ->  Seq Scan on movie_keyword mk  (cost=0.00..81003.12 rows=246 width=4) (actual time=31.118..1410.945 rows=139 loops=1)
                    Filter: (keyword_id = 4884)
                    Rows Removed by Filter: 4523791
              ->  Index Scan using title_pkey on title t  (cost=0.43..8.40 rows=1 width=4) (actual time=0.065..0.065 rows=0 loops=139)
                    Index Cond: (id = mk.movie_id)
                    Filter: ((kind_id < 7) AND (production_year = 2001))
                    Rows Removed by Filter: 1
Planning time: 0.932 ms
Execution time: 8511.222 ms
