Nested Loop  (cost=0.43..709671.90 rows=500 width=0) (actual time=1477.611..10308.020 rows=273 loops=1)
  ->  Seq Scan on cast_info ci  (cost=0.00..705507.15 rows=500 width=4) (actual time=1477.443..10303.471 rows=273 loops=1)
        Filter: (person_id = 2877232)
        Rows Removed by Filter: 36244071
  ->  Index Only Scan using title_pkey on title t  (cost=0.43..8.32 rows=1 width=4) (actual time=0.015..0.016 rows=1 loops=273)
        Index Cond: (id = ci.movie_id)
        Heap Fetches: 273
Planning time: 0.856 ms
Execution time: 10308.149 ms
