Seq Scan on movie_keyword mk  (cost=0.00..81003.12 rows=2899449 width=0) (actual time=0.024..1542.180 rows=2888217 loops=1)
  Filter: (keyword_id < 9078)
  Rows Removed by Filter: 1635713
Planning time: 0.345 ms
Execution time: 1910.279 ms
