Hash Join  (cost=470357.01..611734.82 rows=414300 width=0) (actual time=10268.626..13348.912 rows=301841 loops=1)
  Hash Cond: (mk.movie_id = t.id)
  ->  Seq Scan on movie_keyword mk  (cost=0.00..81003.12 rows=3597825 width=4) (actual time=0.025..1742.066 rows=3592732 loops=1)
        Filter: (keyword_id < 20321)
        Rows Removed by Filter: 931198
  ->  Hash  (cost=465579.42..465579.42 rows=291167 width=8) (actual time=10217.012..10217.012 rows=159215 loops=1)
        Buckets: 131072  Batches: 4  Memory Usage: 2570kB
        ->  Hash Join  (cost=74753.85..465579.42 rows=291167 width=8) (actual time=1516.276..10147.041 rows=159215 loops=1)
              Hash Cond: (mi.movie_id = t.id)
              ->  Seq Scan on movie_info mi  (cost=0.00..346232.03 rows=11115165 width=4) (actual time=338.348..6141.164 rows=11210743 loops=1)
                    Filter: (info_type_id > 3)
                    Rows Removed by Filter: 3624977
              ->  Hash  (cost=73925.90..73925.90 rows=66236 width=4) (actual time=1176.958..1176.958 rows=74971 loops=1)
                    Buckets: 131072  Batches: 1  Memory Usage: 3660kB
                    ->  Seq Scan on title t  (cost=0.00..73925.90 rows=66236 width=4) (actual time=0.026..1145.228 rows=74971 loops=1)
                          Filter: ((kind_id > 4) AND (production_year = 2006))
                          Rows Removed by Filter: 2453341
Planning time: 1.324 ms
Execution time: 13382.596 ms
