Hash Join  (cost=226251.87..1089221.47 rows=3695101 width=0) (actual time=4387.190..21493.112 rows=1934530 loops=1)
  Hash Cond: (ci.movie_id = t.id)
  ->  Seq Scan on cast_info ci  (cost=0.00..705507.15 rows=10110249 width=4) (actual time=0.017..12357.472 rows=10135080 loops=1)
        Filter: (person_id > 2702382)
        Rows Removed by Filter: 26109264
  ->  Hash  (cost=211090.27..211090.27 rows=924128 width=8) (actual time=4384.597..4384.597 rows=200545 loops=1)
        Buckets: 131072  Batches: 16  Memory Usage: 1513kB
        ->  Hash Join  (cost=91879.05..211090.27 rows=924128 width=8) (actual time=1692.884..4335.027 rows=200545 loops=1)
              Hash Cond: (mk.movie_id = t.id)
              ->  Seq Scan on movie_keyword mk  (cost=0.00..81003.12 rows=2135415 width=4) (actual time=0.033..1546.192 rows=2139237 loops=1)
                    Filter: (keyword_id < 3991)
                    Rows Removed by Filter: 2384693
              ->  Hash  (cost=73925.90..73925.90 rows=1094252 width=4) (actual time=1691.900..1691.900 rows=1044222 loops=1)
                    Buckets: 131072  Batches: 16  Memory Usage: 3325kB
                    ->  Seq Scan on title t  (cost=0.00..73925.90 rows=1094252 width=4) (actual time=184.124..1359.402 rows=1044222 loops=1)
                          Filter: ((production_year < 2009) AND (kind_id = 7))
                          Rows Removed by Filter: 1484090
Planning time: 2.113 ms
Execution time: 21709.708 ms
