Hash Join  (cost=1053693.14..1809587.17 rows=21812890 width=0) (actual time=24957.296..53692.897 rows=61736582 loops=1)
  Hash Cond: (mi.movie_id = t.id)
  ->  Seq Scan on movie_info mi  (cost=0.00..346232.03 rows=9476311 width=4) (actual time=936.546..7043.041 rows=9565151 loops=1)
        Filter: (info_type_id < 16)
        Rows Removed by Filter: 5270569
  ->  Hash  (cost=958204.04..958204.04 rows=5820248 width=8) (actual time=24017.976..24017.976 rows=5732694 loops=1)
        Buckets: 131072  Batches: 128  Memory Usage: 2810kB
        ->  Hash Join  (cost=102767.86..958204.04 rows=5820248 width=8) (actual time=2463.552..21951.646 rows=5732694 loops=1)
              Hash Cond: (ci.movie_id = t.id)
              ->  Seq Scan on cast_info ci  (cost=0.00..705507.15 rows=5820248 width=4) (actual time=578.618..13619.566 rows=5732694 loops=1)
                    Filter: (role_id > 8)
                    Rows Removed by Filter: 30511650
              ->  Hash  (cost=61283.27..61283.27 rows=2528527 width=4) (actual time=1883.451..1883.451 rows=2528312 loops=1)
                    Buckets: 131072  Batches: 64  Memory Usage: 2415kB
                    ->  Seq Scan on title t  (cost=0.00..61283.27 rows=2528527 width=4) (actual time=0.008..1058.453 rows=2528312 loops=1)
Planning time: 1.254 ms
Execution time: 61000.176 ms
