Seq Scan on movie_keyword mk  (cost=0.00..81003.12 rows=3514195 width=0) (actual time=0.030..1694.675 rows=3509826 loops=1)
  Filter: (keyword_id > 983)
  Rows Removed by Filter: 1014104
Planning time: 0.356 ms
Execution time: 2136.198 ms
