Seq Scan on movie_keyword mk  (cost=0.00..81003.12 rows=2558934 width=0) (actual time=0.025..1556.540 rows=2549193 loops=1)
  Filter: (keyword_id < 6423)
  Rows Removed by Filter: 1974737
Planning time: 0.362 ms
Execution time: 1892.135 ms
