Hash Join  (cost=95087.33..178096.30 rows=813176 width=0) (actual time=1924.788..4221.024 rows=595193 loops=1)
  Hash Cond: (mc.movie_id = t.id)
  ->  Seq Scan on movie_companies mc  (cost=0.00..51404.11 rows=1594160 width=4) (actual time=0.022..1063.466 rows=1585620 loops=1)
        Filter: (company_id < 15821)
        Rows Removed by Filter: 1023509
  ->  Hash  (cost=73925.90..73925.90 rows=1289794 width=4) (actual time=1923.802..1923.802 rows=1413747 loops=1)
        Buckets: 131072  Batches: 32  Memory Usage: 2586kB
        ->  Seq Scan on title t  (cost=0.00..73925.90 rows=1289794 width=4) (actual time=0.020..1462.990 rows=1413747 loops=1)
              Filter: ((kind_id > 1) AND (production_year > 1990))
              Rows Removed by Filter: 1114565
Planning time: 0.801 ms
Execution time: 4289.618 ms
