Hash Join  (cost=82805.75..162957.06 rows=447675 width=0) (actual time=1724.147..3526.687 rows=549208 loops=1)
  Hash Cond: (mc.movie_id = t.id)
  ->  Seq Scan on movie_companies mc  (cost=0.00..57926.93 rows=1221766 width=4) (actual time=133.622..1189.237 rows=1121938 loops=1)
        Filter: ((company_id < 109810) AND (company_type_id = 2))
        Rows Removed by Filter: 1487191
  ->  Hash  (cost=67604.59..67604.59 rows=926493 width=4) (actual time=1589.340..1589.340 rows=924605 loops=1)
        Buckets: 131072  Batches: 16  Memory Usage: 3056kB
        ->  Seq Scan on title t  (cost=0.00..67604.59 rows=926493 width=4) (actual time=0.037..1293.501 rows=924605 loops=1)
              Filter: (production_year < 1998)
              Rows Removed by Filter: 1603707
Planning time: 0.838 ms
Execution time: 3574.657 ms
