Hash Join  (cost=219036.97..1274707.63 rows=7528320 width=0) (actual time=11729.507..86548.477 rows=73077040 loops=1)
  Hash Cond: (ci.movie_id = t.id)
  ->  Seq Scan on cast_info ci  (cost=0.00..705507.15 rows=23499554 width=4) (actual time=0.024..40064.036 rows=23573656 loops=1)
        Filter: (role_id > 1)
        Rows Removed by Filter: 12670688
  ->  Hash  (cost=205746.48..205746.48 rows=810039 width=8) (actual time=11728.088..11728.088 rows=1958688 loops=1)
        Buckets: 131072 (originally 131072)  Batches: 32 (originally 16)  Memory Usage: 3399kB
        ->  Hash Join  (cost=78556.72..205746.48 rows=810039 width=8) (actual time=3996.992..10934.198 rows=1958688 loops=1)
              Hash Cond: (mk.movie_id = t.id)
              ->  Seq Scan on movie_keyword mk  (cost=0.00..81003.12 rows=3068331 width=4) (actual time=0.014..4555.450 rows=3053127 loops=1)
                    Filter: (keyword_id > 2099)
                    Rows Removed by Filter: 1470803
              ->  Hash  (cost=67604.59..67604.59 rows=667531 width=4) (actual time=3995.939..3995.939 rows=662825 loops=1)
                    Buckets: 131072  Batches: 16  Memory Usage: 2486kB
                    ->  Seq Scan on title t  (cost=0.00..67604.59 rows=667531 width=4) (actual time=159.833..3426.007 rows=662825 loops=1)
                          Filter: (kind_id = 1)
                          Rows Removed by Filter: 1865487
Planning time: 1.163 ms
Execution time: 95522.652 ms
