Hash Join  (cost=74330.09..101417.05 rows=17648 width=0) (actual time=1299.010..1808.353 rows=34746 loops=1)
  Hash Cond: (mi_idx.movie_id = t.id)
  ->  Seq Scan on movie_info_idx mi_idx  (cost=0.00..21735.35 rows=1380035 width=4) (actual time=0.024..308.407 rows=1380035 loops=1)
  ->  Hash  (cost=73925.90..73925.90 rows=32335 width=4) (actual time=1163.451..1163.451 rows=29827 loops=1)
        Buckets: 32768  Batches: 1  Memory Usage: 1305kB
        ->  Seq Scan on title t  (cost=0.00..73925.90 rows=32335 width=4) (actual time=287.164..1151.047 rows=29827 loops=1)
              Filter: ((production_year > 2006) AND (kind_id = 2))
              Rows Removed by Filter: 2498485
Planning time: 0.762 ms
Execution time: 1813.047 ms
