Seq Scan on movie_keyword mk  (cost=0.00..81003.12 rows=920014 width=0) (actual time=0.024..3830.271 rows=912592 loops=1)
  Filter: (keyword_id > 20338)
  Rows Removed by Filter: 3611338
Planning time: 0.289 ms
Execution time: 3969.816 ms
