Hash Join  (cost=532159.52..1488486.23 rows=8739155 width=0) (actual time=11169.698..40307.939 rows=43099549 loops=1)
  Hash Cond: (ci.movie_id = t.id)
  ->  Seq Scan on cast_info ci  (cost=0.00..705507.15 rows=12203201 width=4) (actual time=1118.721..14281.693 rows=12113646 loops=1)
        Filter: (role_id > 3)
        Rows Removed by Filter: 24130698
  ->  Hash  (cost=502450.90..502450.90 rows=1810770 width=8) (actual time=10049.531..10049.531 rows=1865632 loops=1)
        Buckets: 131072  Batches: 32  Memory Usage: 3181kB
        ->  Hash Join  (cost=102767.86..502450.90 rows=1810770 width=8) (actual time=2400.467..9519.081 rows=1865632 loops=1)
              Hash Cond: (mi.movie_id = t.id)
              ->  Seq Scan on movie_info mi  (cost=0.00..346232.03 rows=1810770 width=4) (actual time=426.286..5652.110 rows=1865632 loops=1)
                    Filter: (info_type_id > 17)
                    Rows Removed by Filter: 12970088
              ->  Hash  (cost=61283.27..61283.27 rows=2528527 width=4) (actual time=1971.771..1971.771 rows=2528312 loops=1)
                    Buckets: 131072  Batches: 64  Memory Usage: 2425kB
                    ->  Seq Scan on title t  (cost=0.00..61283.27 rows=2528527 width=4) (actual time=0.022..1139.299 rows=2528312 loops=1)
Planning time: 2.198 ms
Execution time: 44745.916 ms
