Seq Scan on cast_info ci  (cost=0.00..796071.18 rows=324 width=0) (actual time=5741.541..14018.192 rows=49 loops=1)
  Filter: ((role_id > 1) AND (person_id = 580963))
  Rows Removed by Filter: 36244295
Planning time: 0.446 ms
Execution time: 14018.317 ms
