Hash Join  (cost=100876.19..898296.43 rows=124 width=0) (actual time=6698.227..31092.868 rows=1392 loops=1)
  Hash Cond: (ci.movie_id = t.id)
  ->  Seq Scan on cast_info ci  (cost=0.00..796071.18 rows=359414 width=4) (actual time=1827.625..26111.130 rows=661608 loops=1)
        Filter: ((person_id < 94062) AND (role_id = 1))
        Rows Removed by Filter: 35582736
  ->  Hash  (cost=100865.23..100865.23 rows=877 width=8) (actual time=4863.228..4863.228 rows=2640 loops=1)
        Buckets: 4096 (originally 1024)  Batches: 1 (originally 1)  Memory Usage: 136kB
        ->  Hash Join  (cost=73945.98..100865.23 rows=877 width=8) (actual time=3222.223..4862.007 rows=2640 loops=1)
              Hash Cond: (mi_idx.movie_id = t.id)
              ->  Seq Scan on movie_info_idx mi_idx  (cost=0.00..21735.35 rows=1380035 width=4) (actual time=0.027..1296.149 rows=1380035 loops=1)
              ->  Hash  (cost=73925.90..73925.90 rows=1606 width=4) (actual time=3221.695..3221.695 rows=1967 loops=1)
                    Buckets: 2048  Batches: 1  Memory Usage: 86kB
                    ->  Seq Scan on title t  (cost=0.00..73925.90 rows=1606 width=4) (actual time=4.713..3220.285 rows=1967 loops=1)
                          Filter: ((kind_id = 3) AND (production_year = 1995))
                          Rows Removed by Filter: 2526345
Planning time: 3.121 ms
Execution time: 31093.283 ms
