Hash Join  (cost=67697.55..883456.19 rows=15321 width=0) (actual time=3161.373..43815.228 rows=30938 loops=1)
  Hash Cond: (ci.movie_id = t.id)
  ->  Seq Scan on cast_info ci  (cost=0.00..796071.18 rows=5209133 width=4) (actual time=0.015..38203.031 rows=7999084 loops=1)
        Filter: ((person_id > 2879940) AND (role_id > 1))
        Rows Removed by Filter: 28245260
  ->  Hash  (cost=67604.59..67604.59 rows=7437 width=4) (actual time=3160.491..3160.491 rows=13736 loops=1)
        Buckets: 16384 (originally 8192)  Batches: 1 (originally 1)  Memory Usage: 611kB
        ->  Seq Scan on title t  (cost=0.00..67604.59 rows=7437 width=4) (actual time=0.034..3150.317 rows=13736 loops=1)
              Filter: (production_year = 1974)
              Rows Removed by Filter: 2514576
Planning time: 0.768 ms
Execution time: 43821.992 ms
