Hash Join  (cost=80193.64..210522.88 rows=683420 width=0) (actual time=4719.617..12260.557 rows=2195920 loops=1)
  Hash Cond: (mk.movie_id = t.id)
  ->  Seq Scan on movie_keyword mk  (cost=0.00..69693.30 rows=4523930 width=4) (actual time=0.019..4172.616 rows=4523930 loops=1)
  ->  Hash  (cost=73925.90..73925.90 rows=381979 width=4) (actual time=3875.317..3875.317 rows=440029 loops=1)
        Buckets: 131072  Batches: 8  Memory Usage: 2976kB
        ->  Seq Scan on title t  (cost=0.00..73925.90 rows=381979 width=4) (actual time=1612.022..3084.540 rows=440029 loops=1)
              Filter: ((kind_id < 2) AND (production_year < 2006))
              Rows Removed by Filter: 2088283
Planning time: 13.658 ms
Execution time: 12536.492 ms
