Hash Join  (cost=95544.38..460852.07 rows=65173 width=0) (actual time=4794.168..26495.495 rows=213933 loops=1)
  Hash Cond: (mi.movie_id = t.id)
  ->  Seq Scan on movie_info mi  (cost=0.00..309384.22 rows=14739122 width=4) (actual time=0.011..16941.285 rows=14835720 loops=1)
  ->  Hash  (cost=95404.62..95404.62 rows=11181 width=8) (actual time=4793.817..4793.817 rows=13841 loops=1)
        Buckets: 16384  Batches: 1  Memory Usage: 669kB
        ->  Hash Join  (cost=68365.25..95404.62 rows=11181 width=8) (actual time=3141.225..4787.414 rows=13841 loops=1)
              Hash Cond: (mi_idx.movie_id = t.id)
              ->  Seq Scan on movie_info_idx mi_idx  (cost=0.00..25185.44 rows=464566 width=4) (actual time=0.019..1405.266 rows=459925 loops=1)
                    Filter: (info_type_id = 101)
                    Rows Removed by Filter: 920110
              ->  Hash  (cost=67604.59..67604.59 rows=60853 width=4) (actual time=3140.848..3140.848 rows=62568 loops=1)
                    Buckets: 65536  Batches: 1  Memory Usage: 2712kB
                    ->  Seq Scan on title t  (cost=0.00..67604.59 rows=60853 width=4) (actual time=0.013..3094.841 rows=62568 loops=1)
                          Filter: (production_year = 2002)
                          Rows Removed by Filter: 2465744
Planning time: 1.153 ms
Execution time: 26532.996 ms
