Hash Join  (cost=144561.36..1121908.62 rows=1847772 width=0) (actual time=8409.757..59618.441 rows=2504847 loops=1)
  Hash Cond: (ci.movie_id = t.id)
  ->  Seq Scan on cast_info ci  (cost=0.00..796071.18 rows=13966769 width=4) (actual time=0.322..44544.998 rows=8709361 loops=1)
        Filter: ((person_id < 2165859) AND (role_id > 1))
        Rows Removed by Filter: 27534983
  ->  Hash  (cost=139072.89..139072.89 rows=334518 width=8) (actual time=8364.305..8364.305 rows=319881 loops=1)
        Buckets: 131072  Batches: 8  Memory Usage: 2589kB
        ->  Hash Join  (cost=97476.44..139072.89 rows=334518 width=8) (actual time=5928.634..8264.882 rows=319881 loops=1)
              Hash Cond: (mi_idx.movie_id = t.id)
              ->  Seq Scan on movie_info_idx mi_idx  (cost=0.00..25185.44 rows=464566 width=4) (actual time=0.020..1627.053 rows=459925 loops=1)
                    Filter: (info_type_id = 101)
                    Rows Removed by Filter: 920110
              ->  Hash  (cost=67604.59..67604.59 rows=1820708 width=4) (actual time=5927.587..5927.587 rows=1813245 loops=1)
                    Buckets: 131072  Batches: 32  Memory Usage: 3022kB
                    ->  Seq Scan on title t  (cost=0.00..67604.59 rows=1820708 width=4) (actual time=0.011..5161.828 rows=1813245 loops=1)
                          Filter: (production_year > 1987)
                          Rows Removed by Filter: 715067
Planning time: 9.304 ms
Execution time: 59951.151 ms
