Hash Join  (cost=149386.23..900251.05 rows=7570 width=0) (actual time=7321.733..51743.234 rows=8613 loops=1)
  Hash Cond: (ci.movie_id = t.id)
  ->  Seq Scan on cast_info ci  (cost=0.00..614943.12 rows=36225612 width=4) (actual time=0.015..35425.880 rows=36244344 loops=1)
  ->  Hash  (cost=149379.63..149379.63 rows=528 width=8) (actual time=7299.909..7299.909 rows=260 loops=1)
        Buckets: 1024  Batches: 1  Memory Usage: 19kB
        ->  Hash Join  (cost=67697.55..149379.63 rows=528 width=8) (actual time=3224.376..7299.659 rows=260 loops=1)
              Hash Cond: (mk.movie_id = t.id)
              ->  Seq Scan on movie_keyword mk  (cost=0.00..81003.12 rows=179648 width=4) (actual time=0.019..4043.752 rows=177066 loops=1)
                    Filter: (keyword_id > 71742)
                    Rows Removed by Filter: 4346864
              ->  Hash  (cost=67604.59..67604.59 rows=7437 width=4) (actual time=3212.957..3212.957 rows=2615 loops=1)
                    Buckets: 8192  Batches: 1  Memory Usage: 156kB
                    ->  Seq Scan on title t  (cost=0.00..67604.59 rows=7437 width=4) (actual time=558.300..3211.403 rows=2615 loops=1)
                          Filter: (production_year = 1924)
                          Rows Removed by Filter: 2525697
Planning time: 3.008 ms
Execution time: 51745.611 ms
