Hash Join  (cost=501798.70..1659182.31 rows=11993915 width=0) (actual time=25253.975..87922.208 rows=9723311 loops=1)
  Hash Cond: (ci.movie_id = t.id)
  ->  Seq Scan on cast_info ci  (cost=0.00..705507.15 rows=28346498 width=4) (actual time=389.241..43115.775 rows=28482382 loops=1)
        Filter: (person_id > 755165)
        Rows Removed by Filter: 7761962
  ->  Hash  (cost=484245.38..484245.38 rows=1069865 width=8) (actual time=24863.734..24863.734 rows=858152 loops=1)
        Buckets: 131072  Batches: 16  Memory Usage: 3119kB
        ->  Hash Join  (cost=88391.98..484245.38 rows=1069865 width=8) (actual time=11294.689..24595.488 rows=858152 loops=1)
              Hash Cond: (mi.movie_id = t.id)
              ->  Seq Scan on movie_info mi  (cost=0.00..346232.03 rows=3068194 width=4) (actual time=6500.199..17604.913 rows=3036719 loops=1)
                    Filter: (info_type_id = 16)
                    Rows Removed by Filter: 11799001
              ->  Hash  (cost=73925.90..73925.90 rows=881686 width=4) (actual time=4793.237..4793.237 rows=801513 loops=1)
                    Buckets: 131072  Batches: 16  Memory Usage: 2792kB
                    ->  Seq Scan on title t  (cost=0.00..73925.90 rows=881686 width=4) (actual time=118.582..4480.824 rows=801513 loops=1)
                          Filter: ((production_year < 2006) AND (kind_id = 7))
                          Rows Removed by Filter: 1726799
Planning time: 1.211 ms
Execution time: 89224.348 ms
