Hash Join  (cost=76690.42..175185.22 rows=244058 width=0) (actual time=4523.626..9786.698 rows=337910 loops=1)
  Hash Cond: (mk.movie_id = t.id)
  ->  Seq Scan on movie_keyword mk  (cost=0.00..81003.12 rows=1114423 width=4) (actual time=0.014..4427.658 rows=1120975 loops=1)
        Filter: (keyword_id < 1198)
        Rows Removed by Filter: 3402955
  ->  Hash  (cost=67604.59..67604.59 rows=553747 width=4) (actual time=4522.615..4522.615 rows=552960 loops=1)
        Buckets: 131072  Batches: 8  Memory Usage: 3452kB
        ->  Seq Scan on title t  (cost=0.00..67604.59 rows=553747 width=4) (actual time=0.025..3921.600 rows=552960 loops=1)
              Filter: (production_year < 1983)
              Rows Removed by Filter: 1975352
Planning time: 0.695 ms
Execution time: 9833.391 ms
