Hash Join  (cost=75458.68..141279.83 rows=23312 width=0) (actual time=4397.823..7621.176 rows=5048 loops=1)
  Hash Cond: (mc.movie_id = t.id)
  ->  Seq Scan on movie_companies mc  (cost=0.00..57926.93 rows=630958 width=4) (actual time=0.027..3006.379 rows=390194 loops=1)
        Filter: ((company_id > 11348) AND (company_type_id < 2))
        Rows Removed by Filter: 2218935
  ->  Hash  (cost=73925.90..73925.90 rows=93422 width=4) (actual time=4397.080..4397.080 rows=100754 loops=1)
        Buckets: 131072  Batches: 2  Memory Usage: 2802kB
        ->  Seq Scan on title t  (cost=0.00..73925.90 rows=93422 width=4) (actual time=0.053..3969.853 rows=100754 loops=1)
              Filter: ((kind_id > 1) AND (production_year = 2008))
              Rows Removed by Filter: 2427558
Planning time: 6.938 ms
Execution time: 7622.307 ms
