Hash Join  (cost=74119.74..163694.30 rows=13792 width=0) (actual time=1200.924..3065.004 rows=29379 loops=1)
  Hash Cond: (mk.movie_id = t.id)
  ->  Seq Scan on movie_keyword mk  (cost=0.00..81003.12 rows=2248937 width=4) (actual time=0.022..1488.971 rows=2247131 loops=1)
        Filter: (keyword_id > 4801)
        Rows Removed by Filter: 2276799
  ->  Hash  (cost=73925.90..73925.90 rows=15507 width=4) (actual time=1200.436..1200.436 rows=11835 loops=1)
        Buckets: 16384  Batches: 1  Memory Usage: 545kB
        ->  Seq Scan on title t  (cost=0.00..73925.90 rows=15507 width=4) (actual time=1.056..1195.038 rows=11835 loops=1)
              Filter: ((kind_id < 7) AND (production_year = 1995))
              Rows Removed by Filter: 2516477
Planning time: 0.733 ms
Execution time: 3069.323 ms
