Seq Scan on movie_keyword mk  (cost=0.00..81003.12 rows=2289710 width=0) (actual time=0.035..4028.150 rows=2296988 loops=1)
  Filter: (keyword_id > 4574)
  Rows Removed by Filter: 2226942
Planning time: 6.768 ms
Execution time: 4387.347 ms
