Hash Join  (cost=365418.15..1915280.09 rows=42928555 width=0) (actual time=21800.039..109649.194 rows=139913545 loops=1)
  Hash Cond: (ci.movie_id = t.id)
  ->  Seq Scan on cast_info ci  (cost=0.00..705507.15 rows=23993742 width=4) (actual time=5793.875..42421.242 rows=24105917 loops=1)
        Filter: (person_id > 1195512)
        Rows Removed by Filter: 12138427
  ->  Hash  (cost=291197.02..291197.02 rows=4523930 width=8) (actual time=16004.524..16004.524 rows=4523930 loops=1)
        Buckets: 131072  Batches: 64  Memory Usage: 3816kB
        ->  Hash Join  (cost=102767.86..291197.02 rows=4523930 width=8) (actual time=5426.291..14581.397 rows=4523930 loops=1)
              Hash Cond: (mk.movie_id = t.id)
              ->  Seq Scan on movie_keyword mk  (cost=0.00..69693.30 rows=4523930 width=4) (actual time=0.048..4662.591 rows=4523930 loops=1)
              ->  Hash  (cost=61283.27..61283.27 rows=2528527 width=4) (actual time=5419.983..5419.983 rows=2528312 loops=1)
                    Buckets: 131072  Batches: 64  Memory Usage: 2425kB
                    ->  Seq Scan on title t  (cost=0.00..61283.27 rows=2528527 width=4) (actual time=0.021..4257.970 rows=2528312 loops=1)
Planning time: 1.056 ms
Execution time: 126010.027 ms
