Hash Join  (cost=102207.05..919900.99 rows=66719 width=0) (actual time=31941.741..47748.925 rows=188817 loops=1)
  Hash Cond: (ci.movie_id = t.id)
  ->  Seq Scan on cast_info ci  (cost=0.00..796071.18 rows=5588152 width=4) (actual time=27492.527..41016.139 rows=7450425 loops=1)
        Filter: ((person_id > 820869) AND (role_id = 2))
        Rows Removed by Filter: 28793919
  ->  Hash  (cost=101829.69..101829.69 rows=30189 width=8) (actual time=4448.832..4448.832 rows=39380 loops=1)
        Buckets: 65536 (originally 32768)  Batches: 1 (originally 1)  Memory Usage: 2051kB
        ->  Hash Join  (cost=74617.32..101829.69 rows=30189 width=8) (actual time=3290.489..4426.668 rows=39380 loops=1)
              Hash Cond: (mi_idx.movie_id = t.id)
              ->  Seq Scan on movie_info_idx mi_idx  (cost=0.00..21735.35 rows=1380035 width=4) (actual time=0.016..709.206 rows=1380035 loops=1)
              ->  Hash  (cost=73925.90..73925.90 rows=55313 width=4) (actual time=3290.036..3290.036 rows=49075 loops=1)
                    Buckets: 65536  Batches: 1  Memory Usage: 2238kB
                    ->  Seq Scan on title t  (cost=0.00..73925.90 rows=55313 width=4) (actual time=2.899..3262.732 rows=49075 loops=1)
                          Filter: ((kind_id < 7) AND (production_year = 2010))
                          Rows Removed by Filter: 2479237
Planning time: 10.077 ms
Execution time: 47795.337 ms
