Hash Join  (cost=134411.43..221204.96 rows=13549 width=0) (actual time=6357.940..10856.720 rows=36241 loops=1)
  Hash Cond: (mk.movie_id = t.id)
  ->  Seq Scan on movie_keyword mk  (cost=0.00..69693.30 rows=4523930 width=4) (actual time=0.012..3899.352 rows=4523930 loops=1)
  ->  Hash  (cost=134316.77..134316.77 rows=7573 width=8) (actual time=5851.502..5851.502 rows=1906 loops=1)
        Buckets: 8192  Batches: 1  Memory Usage: 139kB
        ->  Hash Join  (cost=74393.18..134316.77 rows=7573 width=8) (actual time=2976.435..5850.378 rows=1906 loops=1)
              Hash Cond: (mc.movie_id = t.id)
              ->  Seq Scan on movie_companies mc  (cost=0.00..57926.93 rows=512246 width=4) (actual time=0.023..2766.207 rows=304703 loops=1)
                    Filter: ((company_id < 4880) AND (company_type_id = 2))
                    Rows Removed by Filter: 2304426
              ->  Hash  (cost=73925.90..73925.90 rows=37382 width=4) (actual time=2975.771..2975.771 rows=33190 loops=1)
                    Buckets: 65536  Batches: 1  Memory Usage: 1679kB
                    ->  Seq Scan on title t  (cost=0.00..73925.90 rows=37382 width=4) (actual time=871.598..2960.912 rows=33190 loops=1)
                          Filter: ((kind_id = 1) AND (production_year = 2010))
                          Rows Removed by Filter: 2495122
Planning time: 4.202 ms
Execution time: 10861.875 ms
