Hash Join  (cost=75870.49..1012808.96 rows=547035 width=0) (actual time=9360.041..44339.654 rows=337275 loops=1)
  Hash Cond: (ci.movie_id = t.id)
  ->  Seq Scan on cast_info ci  (cost=0.00..796071.18 rows=11669850 width=4) (actual time=5955.975..36695.611 rows=5970143 loops=1)
        Filter: ((person_id < 2699762) AND (role_id > 2))
        Rows Removed by Filter: 30274201
  ->  Hash  (cost=73925.90..73925.90 rows=118527 width=4) (actual time=3401.011..3401.011 rows=217379 loops=1)
        Buckets: 131072 (originally 131072)  Batches: 4 (originally 2)  Memory Usage: 3073kB
        ->  Seq Scan on title t  (cost=0.00..73925.90 rows=118527 width=4) (actual time=0.102..3006.942 rows=217379 loops=1)
              Filter: ((kind_id < 7) AND (production_year < 1965))
              Rows Removed by Filter: 2310933
Planning time: 0.632 ms
Execution time: 44395.585 ms
