Hash Join  (cost=52284.99..803089.06 rows=1490 width=0) (actual time=2531.932..46299.708 rows=19018 loops=1)
  Hash Cond: (ci.movie_id = t.id)
  ->  Seq Scan on cast_info ci  (cost=0.00..614943.12 rows=36225612 width=4) (actual time=0.018..34059.765 rows=36244344 loops=1)
  ->  Hash  (cost=52283.69..52283.69 rows=104 width=8) (actual time=2486.369..2486.369 rows=829 loops=1)
        Buckets: 1024  Batches: 1  Memory Usage: 41kB
        ->  Nested Loop  (cost=0.43..52283.69 rows=104 width=8) (actual time=3.539..2485.692 rows=829 loops=1)
              ->  Seq Scan on movie_companies mc  (cost=0.00..51404.11 rows=104 width=4) (actual time=3.455..2358.583 rows=829 loops=1)
                    Filter: (company_id = 20)
                    Rows Removed by Filter: 2608300
              ->  Index Only Scan using title_pkey on title t  (cost=0.43..8.45 rows=1 width=4) (actual time=0.151..0.151 rows=1 loops=829)
                    Index Cond: (id = mc.movie_id)
                    Heap Fetches: 829
Planning time: 1.061 ms
Execution time: 46306.196 ms
