Hash Join  (cost=200880.62..275977.85 rows=202845 width=0) (actual time=9699.998..14189.830 rows=95265 loops=1)
  Hash Cond: (mc.movie_id = t.id)
  ->  Seq Scan on movie_companies mc  (cost=0.00..57926.93 rows=1159959 width=4) (actual time=0.019..3595.314 rows=1265771 loops=1)
        Filter: ((company_id > 160) AND (company_type_id = 2))
        Rows Removed by Filter: 1343358
  ->  Hash  (cost=193625.51..193625.51 rows=442169 width=8) (actual time=9698.985..9698.985 rows=118001 loops=1)
        Buckets: 131072  Batches: 8  Memory Usage: 1603kB
        ->  Hash Join  (cost=92883.59..193625.51 rows=442169 width=8) (actual time=6564.264..9661.609 rows=118001 loops=1)
              Hash Cond: (mk.movie_id = t.id)
              ->  Seq Scan on movie_keyword mk  (cost=0.00..81003.12 rows=725621 width=4) (actual time=0.013..3851.459 rows=732971 loops=1)
                    Filter: (keyword_id > 25672)
                    Rows Removed by Filter: 3790959
              ->  Hash  (cost=67604.59..67604.59 rows=1540800 width=4) (actual time=5067.740..5067.740 rows=1543264 loops=1)
                    Buckets: 131072  Batches: 32  Memory Usage: 2728kB
                    ->  Seq Scan on title t  (cost=0.00..67604.59 rows=1540800 width=4) (actual time=0.019..4407.105 rows=1543264 loops=1)
                          Filter: (kind_id = 7)
                          Rows Removed by Filter: 985048
Planning time: 1.065 ms
Execution time: 14203.007 ms
