Hash Join  (cost=102767.86..210451.85 rows=698269 width=0) (actual time=5810.726..11676.743 rows=702927 loops=1)
  Hash Cond: (mk.movie_id = t.id)
  ->  Seq Scan on movie_keyword mk  (cost=0.00..81003.12 rows=698269 width=4) (actual time=0.027..4628.068 rows=702927 loops=1)
        Filter: (keyword_id > 26823)
        Rows Removed by Filter: 3821003
  ->  Hash  (cost=61283.27..61283.27 rows=2528527 width=4) (actual time=5807.537..5807.537 rows=2528312 loops=1)
        Buckets: 131072  Batches: 64  Memory Usage: 2425kB
        ->  Seq Scan on title t  (cost=0.00..61283.27 rows=2528527 width=4) (actual time=0.012..4616.876 rows=2528312 loops=1)
Planning time: 0.785 ms
Execution time: 11757.394 ms
