Seq Scan on movie_keyword mk  (cost=0.00..81003.12 rows=552541 width=0) (actual time=0.027..3634.255 rows=550045 loops=1)
  Filter: (keyword_id > 33508)
  Rows Removed by Filter: 3973885
Planning time: 0.309 ms
Execution time: 3715.884 ms
