Hash Join  (cost=87245.25..196019.64 rows=670854 width=0) (actual time=3388.509..7674.093 rows=886721 loops=1)
  Hash Cond: (mk.movie_id = t.id)
  ->  Seq Scan on movie_keyword mk  (cost=0.00..81003.12 rows=1416993 width=4) (actual time=0.022..3181.543 rows=1433452 loops=1)
        Filter: (keyword_id < 1981)
        Rows Removed by Filter: 3090478
  ->  Hash  (cost=67604.59..67604.59 rows=1197093 width=4) (actual time=3386.982..3386.982 rows=1195923 loops=1)
        Buckets: 131072  Batches: 16  Memory Usage: 3661kB
        ->  Seq Scan on title t  (cost=0.00..67604.59 rows=1197093 width=4) (actual time=0.023..2956.212 rows=1195923 loops=1)
              Filter: (production_year < 2003)
              Rows Removed by Filter: 1332389
Planning time: 0.786 ms
Execution time: 7769.584 ms
