Nested Loop  (cost=0.43..83071.67 rows=246 width=0) (actual time=0.179..3810.888 rows=1562 loops=1)
  ->  Seq Scan on movie_keyword mk  (cost=0.00..81003.12 rows=246 width=4) (actual time=0.142..3499.200 rows=1562 loops=1)
        Filter: (keyword_id = 2104)
        Rows Removed by Filter: 4522368
  ->  Index Only Scan using title_pkey on title t  (cost=0.43..8.40 rows=1 width=4) (actual time=0.197..0.198 rows=1 loops=1562)
        Index Cond: (id = mk.movie_id)
        Heap Fetches: 1562
Planning time: 0.681 ms
Execution time: 3814.700 ms
