Seq Scan on movie_companies mc  (cost=0.00..51404.11 rows=1127390 width=0) (actual time=0.014..2674.559 rows=1138391 loops=1)
  Filter: (company_id > 13403)
  Rows Removed by Filter: 1470738
Planning time: 0.274 ms
Execution time: 2875.950 ms
