Hash Join  (cost=73982.55..100904.92 rows=826 width=0) (actual time=4090.456..4916.912 rows=873 loops=1)
  Hash Cond: (mi_idx.movie_id = t.id)
  ->  Seq Scan on movie_info_idx mi_idx  (cost=0.00..25185.44 rows=460978 width=4) (actual time=0.024..1225.021 rows=459925 loops=1)
        Filter: (info_type_id < 100)
        Rows Removed by Filter: 920110
  ->  Hash  (cost=73925.90..73925.90 rows=4532 width=4) (actual time=3558.484..3558.484 rows=8044 loops=1)
        Buckets: 8192  Batches: 1  Memory Usage: 347kB
        ->  Seq Scan on title t  (cost=0.00..73925.90 rows=4532 width=4) (actual time=958.188..3554.091 rows=8044 loops=1)
              Filter: ((kind_id = 7) AND (production_year = 1980))
              Rows Removed by Filter: 2520268
Planning time: 0.740 ms
Execution time: 4917.156 ms
