Seq Scan on cast_info ci  (cost=0.00..705507.15 rows=15173961 width=0) (actual time=6881.802..30486.769 rows=15317568 loops=1)
  Filter: (person_id > 2109427)
  Rows Removed by Filter: 20926776
Planning time: 9.644 ms
Execution time: 32777.227 ms
