Seq Scan on cast_info ci  (cost=0.00..705507.15 rows=12391720 width=0) (actual time=4245.551..33352.402 rows=12488034 loops=1)
  Filter: (person_id > 2434356)
  Rows Removed by Filter: 23756310
Planning time: 0.352 ms
Execution time: 35302.947 ms
