Seq Scan on cast_info ci  (cost=0.00..705507.15 rows=25942308 width=0) (actual time=0.020..33775.403 rows=25945793 loops=1)
  Filter: (person_id < 2681713)
  Rows Removed by Filter: 10298551
Planning time: 1.154 ms
Execution time: 37512.166 ms
