Seq Scan on cast_info ci  (cost=0.00..705507.15 rows=26466706 width=0) (actual time=0.022..35120.883 rows=26671944 loops=1)
  Filter: (person_id > 941225)
  Rows Removed by Filter: 9572400
Planning time: 0.303 ms
Execution time: 39097.471 ms
