Seq Scan on cast_info ci  (cost=0.00..796071.18 rows=6722647 width=0) (actual time=20000.179..45715.471 rows=7451973 loops=1)
  Filter: ((person_id < 3516656) AND (role_id = 2))
  Rows Removed by Filter: 28792371
Planning time: 0.398 ms
Execution time: 46966.280 ms
