Seq Scan on title t  (cost=0.00..73925.90 rows=829829 width=0) (actual time=0.018..3960.515 rows=747613 loops=1)
  Filter: ((kind_id > 4) AND (production_year < 2005))
  Rows Removed by Filter: 1780699
Planning time: 0.337 ms
Execution time: 4099.985 ms
