Hash Join  (cost=100948.70..465748.84 rows=14419 width=0) (actual time=5336.606..25038.139 rows=31857 loops=1)
  Hash Cond: (mi.movie_id = t.id)
  ->  Seq Scan on movie_info mi  (cost=0.00..309384.22 rows=14739122 width=4) (actual time=0.012..16386.286 rows=14835720 loops=1)
  ->  Hash  (cost=100917.78..100917.78 rows=2474 width=8) (actual time=5144.982..5144.982 rows=3309 loops=1)
        Buckets: 4096  Batches: 1  Memory Usage: 162kB
        ->  Hash Join  (cost=73982.55..100917.78 rows=2474 width=8) (actual time=3996.014..5141.352 rows=3309 loops=1)
              Hash Cond: (mi_idx.movie_id = t.id)
              ->  Seq Scan on movie_info_idx mi_idx  (cost=0.00..21735.35 rows=1380035 width=4) (actual time=0.018..1135.767 rows=1380035 loops=1)
              ->  Hash  (cost=73925.90..73925.90 rows=4532 width=4) (actual time=3653.330..3653.330 rows=8404 loops=1)
                    Buckets: 16384 (originally 8192)  Batches: 1 (originally 1)  Memory Usage: 424kB
                    ->  Seq Scan on title t  (cost=0.00..73925.90 rows=4532 width=4) (actual time=0.041..3648.490 rows=8404 loops=1)
                          Filter: ((kind_id = 7) AND (production_year = 1983))
                          Rows Removed by Filter: 2519908
Planning time: 1.135 ms
Execution time: 25054.590 ms
