Hash Join  (cost=83810.17..893802.23 rows=254078 width=0) (actual time=2439.629..14467.197 rows=551453 loops=1)
  Hash Cond: (ci.movie_id = t.id)
  ->  Seq Scan on cast_info ci  (cost=0.00..796071.18 rows=650426 width=4) (actual time=895.879..12027.422 rows=1277682 loops=1)
        Filter: ((person_id < 176960) AND (role_id = 1))
        Rows Removed by Filter: 34966662
  ->  Hash  (cost=67604.59..67604.59 rows=987727 width=4) (actual time=1542.821..1542.821 rows=985048 loops=1)
        Buckets: 131072  Batches: 16  Memory Usage: 3188kB
        ->  Seq Scan on title t  (cost=0.00..67604.59 rows=987727 width=4) (actual time=0.020..1245.562 rows=985048 loops=1)
              Filter: (kind_id < 7)
              Rows Removed by Filter: 1543264
Planning time: 0.817 ms
Execution time: 14529.650 ms
