Nested Loop  (cost=0.43..83072.29 rows=1 width=0) (actual time=332.550..3408.532 rows=4 loops=1)
  ->  Seq Scan on movie_keyword mk  (cost=0.00..81003.12 rows=246 width=4) (actual time=14.558..3280.537 rows=509 loops=1)
        Filter: (keyword_id = 5939)
        Rows Removed by Filter: 4523421
  ->  Index Scan using title_pkey on title t  (cost=0.43..8.40 rows=1 width=4) (actual time=0.249..0.249 rows=0 loops=509)
        Index Cond: (id = mk.movie_id)
        Filter: (production_year = 1989)
        Rows Removed by Filter: 1
Planning time: 0.794 ms
Execution time: 3408.619 ms
