Hash Join  (cost=67612.84..125909.25 rows=26 width=0) (actual time=3378.896..5538.092 rows=7 loops=1)
  Hash Cond: (mc.movie_id = t.id)
  ->  Seq Scan on movie_companies mc  (cost=0.00..57926.93 rows=98459 width=4) (actual time=0.048..2345.036 rows=39124 loops=1)
        Filter: ((company_id < 52) AND (company_type_id = 2))
        Rows Removed by Filter: 2570005
  ->  Hash  (cost=67604.59..67604.59 rows=660 width=4) (actual time=3183.073..3183.073 rows=3515 loops=1)
        Buckets: 4096 (originally 1024)  Batches: 1 (originally 1)  Memory Usage: 156kB
        ->  Seq Scan on title t  (cost=0.00..67604.59 rows=660 width=4) (actual time=36.446..3180.882 rows=3515 loops=1)
              Filter: (production_year > 2013)
              Rows Removed by Filter: 2524797
Planning time: 11.980 ms
Execution time: 5538.192 ms
