Seq Scan on movie_keyword mk  (cost=0.00..81003.12 rows=1412426 width=0) (actual time=0.016..3678.267 rows=1424351 loops=1)
  Filter: (keyword_id > 11694)
  Rows Removed by Filter: 3099579
Planning time: 0.368 ms
Execution time: 3872.384 ms
