Hash Join  (cost=570799.04..1669356.54 rows=3377901 width=0) (actual time=33876.351..79112.874 rows=1592366 loops=1)
  Hash Cond: (ci.movie_id = t.id)
  ->  Seq Scan on cast_info ci  (cost=0.00..796071.18 rows=14960031 width=4) (actual time=0.024..38815.746 rows=10289692 loops=1)
        Filter: ((person_id < 2344239) AND (role_id > 1))
        Rows Removed by Filter: 25954652
  ->  Hash  (cost=561431.42..561431.42 rows=570929 width=8) (actual time=33875.410..33875.410 rows=208630 loops=1)
        Buckets: 131072  Batches: 8  Memory Usage: 2050kB
        ->  Hash Join  (cost=75533.21..561431.42 rows=570929 width=8) (actual time=5009.128..33789.414 rows=208630 loops=1)
              Hash Cond: (mi.movie_id = t.id)
              ->  Seq Scan on movie_info mi  (cost=0.00..309384.22 rows=14739122 width=4) (actual time=0.011..21854.202 rows=14835720 loops=1)
              ->  Hash  (cost=73925.90..73925.90 rows=97944 width=4) (actual time=3610.665..3610.665 rows=106247 loops=1)
                    Buckets: 131072  Batches: 2  Memory Usage: 2896kB
                    ->  Seq Scan on title t  (cost=0.00..73925.90 rows=97944 width=4) (actual time=0.032..3336.671 rows=106247 loops=1)
                          Filter: ((kind_id = 7) AND (production_year = 2011))
                          Rows Removed by Filter: 2422065
Planning time: 1.570 ms
Execution time: 79349.324 ms
