Hash Join  (cost=125639.46..881521.07 rows=509245 width=0) (actual time=6637.696..59152.892 rows=947841 loops=1)
  Hash Cond: (ci.movie_id = t.id)
  ->  Seq Scan on cast_info ci  (cost=0.00..614943.12 rows=36225612 width=4) (actual time=0.019..38793.654 rows=36244344 loops=1)
  ->  Hash  (cost=125195.14..125195.14 rows=35545 width=8) (actual time=6637.298..6637.298 rows=32554 loops=1)
        Buckets: 65536  Batches: 1  Memory Usage: 1784kB
        ->  Hash Join  (cost=68449.54..125195.14 rows=35545 width=8) (actual time=3438.687..6623.946 rows=32554 loops=1)
              Hash Cond: (mc.movie_id = t.id)
              ->  Seq Scan on movie_companies mc  (cost=0.00..51404.11 rows=1329612 width=4) (actual time=0.009..2752.649 rows=1334883 loops=1)
                    Filter: (company_type_id = 2)
                    Rows Removed by Filter: 1274246
              ->  Hash  (cost=67604.59..67604.59 rows=67596 width=4) (actual time=3437.972..3437.972 rows=67777 loops=1)
                    Buckets: 131072  Batches: 1  Memory Usage: 3407kB
                    ->  Seq Scan on title t  (cost=0.00..67604.59 rows=67596 width=4) (actual time=0.032..3398.599 rows=67777 loops=1)
                          Filter: (production_year = 2003)
                          Rows Removed by Filter: 2460535
Planning time: 6.657 ms
Execution time: 59301.722 ms
