Seq Scan on movie_keyword mk  (cost=0.00..81003.12 rows=174072 width=0) (actual time=0.013..1286.166 rows=188777 loops=1)
  Filter: (keyword_id < 137)
  Rows Removed by Filter: 4335153
Planning time: 0.324 ms
Execution time: 1312.181 ms
