Seq Scan on cast_info ci  (cost=0.00..705507.15 rows=15834174 width=0) (actual time=9718.606..38627.454 rows=15944435 loops=1)
  Filter: (person_id > 2039555)
  Rows Removed by Filter: 20299909
Planning time: 14.303 ms
Execution time: 41155.452 ms
