Hash Join  (cost=74201.04..491232.85 rows=836888 width=0) (actual time=4974.504..29207.281 rows=894224 loops=1)
  Hash Cond: (mi.movie_id = t.id)
  ->  Seq Scan on movie_info mi  (cost=0.00..346232.03 rows=5263441 width=4) (actual time=0.024..19980.616 rows=5270569 loops=1)
        Filter: (info_type_id > 15)
        Rows Removed by Filter: 9565151
  ->  Hash  (cost=67604.59..67604.59 rows=402036 width=4) (actual time=4969.955..4969.955 rows=395872 loops=1)
        Buckets: 131072  Batches: 8  Memory Usage: 2765kB
        ->  Seq Scan on title t  (cost=0.00..67604.59 rows=402036 width=4) (actual time=0.032..4176.184 rows=395872 loops=1)
              Filter: (production_year < 1972)
              Rows Removed by Filter: 2132440
Planning time: 0.724 ms
Execution time: 29326.795 ms
