Hash Join  (cost=174319.90..669906.46 rows=1478863 width=0) (actual time=9552.266..40367.327 rows=4565192 loops=1)
  Hash Cond: (mi.movie_id = t.id)
  ->  Seq Scan on movie_info mi  (cost=0.00..309384.22 rows=14739122 width=4) (actual time=0.018..21751.158 rows=14835720 loops=1)
  ->  Hash  (cost=170156.63..170156.63 rows=253702 width=8) (actual time=9175.946..9175.946 rows=257153 loops=1)
        Buckets: 131072  Batches: 4  Memory Usage: 3545kB
        ->  Hash Join  (cost=102767.86..170156.63 rows=253702 width=8) (actual time=6417.379..9090.719 rows=257153 loops=1)
              Hash Cond: (mc.movie_id = t.id)
              ->  Seq Scan on movie_companies mc  (cost=0.00..51404.11 rows=253702 width=4) (actual time=720.569..2748.880 rows=257153 loops=1)
                    Filter: (company_id > 99942)
                    Rows Removed by Filter: 2351976
              ->  Hash  (cost=61283.27..61283.27 rows=2528527 width=4) (actual time=5695.944..5695.944 rows=2528312 loops=1)
                    Buckets: 131072  Batches: 64  Memory Usage: 2415kB
                    ->  Seq Scan on title t  (cost=0.00..61283.27 rows=2528527 width=4) (actual time=0.015..4592.704 rows=2528312 loops=1)
Planning time: 1.201 ms
Execution time: 40996.141 ms
