Seq Scan on cast_info ci  (cost=0.00..796071.18 rows=603531 width=0) (actual time=0.034..28959.139 rows=406766 loops=1)
  Filter: ((person_id < 520046) AND (role_id = 3))
  Rows Removed by Filter: 35837578
Planning time: 1.013 ms
Execution time: 29010.770 ms
