Hash Join  (cost=90416.96..921768.14 rows=3119078 width=0) (actual time=12813.459..48315.108 rows=3631464 loops=1)
  Hash Cond: (ci.movie_id = t.id)
  ->  Seq Scan on cast_info ci  (cost=0.00..705507.15 rows=7846468 width=4) (actual time=7682.050..36334.484 rows=7712640 loops=1)
        Filter: (role_id > 6)
        Rows Removed by Filter: 28531704
  ->  Hash  (cost=73925.90..73925.90 rows=1005124 width=4) (actual time=5127.333..5127.333 rows=1099095 loops=1)
        Buckets: 131072  Batches: 16  Memory Usage: 3447kB
        ->  Seq Scan on title t  (cost=0.00..73925.90 rows=1005124 width=4) (actual time=0.036..4100.183 rows=1099095 loops=1)
              Filter: ((production_year > 1994) AND (kind_id = 7))
              Rows Removed by Filter: 1429217
Planning time: 3.592 ms
Execution time: 48803.217 ms
