Hash Join  (cost=83074.74..139466.19 rows=129 width=0) (actual time=3605.229..6507.926 rows=67 loops=1)
  Hash Cond: (mc.movie_id = t.id)
  ->  Seq Scan on movie_companies mc  (cost=0.00..51404.11 rows=1329612 width=4) (actual time=0.028..2655.200 rows=1334883 loops=1)
        Filter: (company_type_id > 1)
        Rows Removed by Filter: 1274246
  ->  Hash  (cost=83071.67..83071.67 rows=246 width=8) (actual time=3589.811..3589.811 rows=23 loops=1)
        Buckets: 1024  Batches: 1  Memory Usage: 9kB
        ->  Nested Loop  (cost=0.43..83071.67 rows=246 width=8) (actual time=329.713..3589.749 rows=23 loops=1)
              ->  Seq Scan on movie_keyword mk  (cost=0.00..81003.12 rows=246 width=4) (actual time=329.608..3584.189 rows=23 loops=1)
                    Filter: (keyword_id = 48771)
                    Rows Removed by Filter: 4523907
              ->  Index Only Scan using title_pkey on title t  (cost=0.43..8.40 rows=1 width=4) (actual time=0.232..0.233 rows=1 loops=23)
                    Index Cond: (id = mk.movie_id)
                    Heap Fetches: 23
Planning time: 4.401 ms
Execution time: 6508.085 ms
