Hash Join  (cost=190230.21..1206346.07 rows=9787294 width=0) (actual time=4372.946..33077.524 rows=19626883 loops=1)
  Hash Cond: (ci.movie_id = t.id)
  ->  Seq Scan on cast_info ci  (cost=0.00..705507.15 rows=17932470 width=4) (actual time=0.019..14642.732 rows=18060309 loops=1)
        Filter: (person_id > 1805386)
        Rows Removed by Filter: 18184035
  ->  Hash  (cost=167588.78..167588.78 rows=1380035 width=8) (actual time=4371.825..4371.825 rows=1380035 loops=1)
        Buckets: 131072  Batches: 32  Memory Usage: 2708kB
        ->  Hash Join  (cost=102767.86..167588.78 rows=1380035 width=8) (actual time=1976.758..3937.416 rows=1380035 loops=1)
              Hash Cond: (mi_idx.movie_id = t.id)
              ->  Seq Scan on movie_info_idx mi_idx  (cost=0.00..21735.35 rows=1380035 width=4) (actual time=0.023..407.914 rows=1380035 loops=1)
              ->  Hash  (cost=61283.27..61283.27 rows=2528527 width=4) (actual time=1975.277..1975.277 rows=2528312 loops=1)
                    Buckets: 131072  Batches: 64  Memory Usage: 2415kB
                    ->  Seq Scan on title t  (cost=0.00..61283.27 rows=2528527 width=4) (actual time=0.019..1131.983 rows=2528312 loops=1)
Planning time: 1.169 ms
Execution time: 35181.647 ms
