Hash Join  (cost=202546.07..1231293.57 rows=1655193 width=0) (actual time=4034.114..28207.316 rows=1125626 loops=1)
  Hash Cond: (ci.movie_id = t.id)
  ->  Seq Scan on cast_info ci  (cost=0.00..705507.15 rows=23883083 width=4) (actual time=0.056..14787.439 rows=23803732 loops=1)
        Filter: (person_id < 2440480)
        Rows Removed by Filter: 12440612
  ->  Hash  (cost=199670.61..199670.61 rows=175237 width=8) (actual time=4030.715..4030.715 rows=44705 loops=1)
        Buckets: 131072  Batches: 4  Memory Usage: 1491kB
        ->  Hash Join  (cost=75533.21..199670.61 rows=175237 width=8) (actual time=1440.311..4015.461 rows=44705 loops=1)
              Hash Cond: (mk.movie_id = t.id)
              ->  Seq Scan on movie_keyword mk  (cost=0.00..69693.30 rows=4523930 width=4) (actual time=0.017..1339.407 rows=4523930 loops=1)
              ->  Hash  (cost=73925.90..73925.90 rows=97944 width=4) (actual time=1322.955..1322.955 rows=106247 loops=1)
                    Buckets: 131072  Batches: 2  Memory Usage: 2896kB
                    ->  Seq Scan on title t  (cost=0.00..73925.90 rows=97944 width=4) (actual time=108.126..1281.777 rows=106247 loops=1)
                          Filter: ((kind_id = 7) AND (production_year = 2011))
                          Rows Removed by Filter: 2422065
Planning time: 3.423 ms
Execution time: 28336.025 ms
