Hash Join  (cost=320987.28..1283906.39 rows=11818905 width=0) (actual time=7890.373..26408.283 rows=12607283 loops=1)
  Hash Cond: (ci.movie_id = t.id)
  ->  Seq Scan on cast_info ci  (cost=0.00..705507.15 rows=8975344 width=4) (actual time=1289.107..12726.882 rows=8992544 loops=1)
        Filter: (person_id > 2797385)
        Rows Removed by Filter: 27251800
  ->  Hash  (cost=266360.12..266360.12 rows=3329613 width=8) (actual time=6598.382..6598.382 rows=1637255 loops=1)
        Buckets: 131072  Batches: 64  Memory Usage: 2002kB
        ->  Hash Join  (cost=98137.04..266360.12 rows=3329613 width=8) (actual time=1878.221..6107.189 rows=1637255 loops=1)
              Hash Cond: (mk.movie_id = t.id)
              ->  Seq Scan on movie_keyword mk  (cost=0.00..69693.30 rows=4523930 width=4) (actual time=0.029..1449.437 rows=4523930 loops=1)
              ->  Hash  (cost=67604.59..67604.59 rows=1860996 width=4) (actual time=1875.480..1875.480 rows=1865487 loops=1)
                    Buckets: 131072  Batches: 32  Memory Usage: 3085kB
                    ->  Seq Scan on title t  (cost=0.00..67604.59 rows=1860996 width=4) (actual time=0.021..1255.235 rows=1865487 loops=1)
                          Filter: (kind_id > 1)
                          Rows Removed by Filter: 662825
Planning time: 1.101 ms
Execution time: 27659.733 ms
