Hash Join  (cost=97651.71..176818.97 rows=731796 width=0) (actual time=1976.148..3886.741 rows=451489 loops=1)
  Hash Cond: (mc.movie_id = t.id)
  ->  Seq Scan on movie_companies mc  (cost=0.00..51404.11 rows=1279517 width=4) (actual time=0.043..880.875 rows=1274246 loops=1)
        Filter: (company_type_id = 1)
        Rows Removed by Filter: 1334883
  ->  Hash  (cost=73925.90..73925.90 rows=1446144 width=4) (actual time=1975.052..1975.052 rows=1429781 loops=1)
        Buckets: 131072  Batches: 32  Memory Usage: 2594kB
        ->  Seq Scan on title t  (cost=0.00..73925.90 rows=1446144 width=4) (actual time=0.013..1357.162 rows=1429781 loops=1)
              Filter: ((kind_id > 2) AND (production_year < 2011))
              Rows Removed by Filter: 1098531
Planning time: 0.763 ms
Execution time: 3942.750 ms
