Nested Loop  (cost=0.43..83072.90 rows=14 width=0) (actual time=93.456..1280.973 rows=46 loops=1)
  ->  Seq Scan on movie_keyword mk  (cost=0.00..81003.12 rows=246 width=4) (actual time=1.053..1267.531 rows=231 loops=1)
        Filter: (keyword_id = 11077)
        Rows Removed by Filter: 4523699
  ->  Index Scan using title_pkey on title t  (cost=0.43..8.40 rows=1 width=4) (actual time=0.056..0.056 rows=0 loops=231)
        Index Cond: (id = mk.movie_id)
        Filter: ((kind_id < 7) AND (production_year < 1970))
        Rows Removed by Filter: 1
Planning time: 0.792 ms
Execution time: 1281.127 ms
