Hash Join  (cost=174865.45..1007208.08 rows=779428 width=0) (actual time=6804.276..17309.505 rows=1774008 loops=1)
  Hash Cond: (ci.movie_id = t.id)
  ->  Seq Scan on cast_info ci  (cost=0.00..796071.18 rows=2153647 width=4) (actual time=2780.080..11508.158 rows=2312216 loops=1)
        Filter: ((person_id < 234741) AND (role_id < 10))
        Rows Removed by Filter: 33932128
  ->  Hash  (cost=159851.69..159851.69 rows=915101 width=8) (actual time=3985.815..3985.815 rows=919850 loops=1)
        Buckets: 131072  Batches: 16  Memory Usage: 3269kB
        ->  Hash Join  (cost=102767.86..159851.69 rows=915101 width=8) (actual time=1957.042..3711.142 rows=919850 loops=1)
              Hash Cond: (mi_idx.movie_id = t.id)
              ->  Seq Scan on movie_info_idx mi_idx  (cost=0.00..25185.44 rows=915101 width=4) (actual time=0.021..557.236 rows=919850 loops=1)
                    Filter: (info_type_id < 101)
                    Rows Removed by Filter: 460185
              ->  Hash  (cost=61283.27..61283.27 rows=2528527 width=4) (actual time=1956.087..1956.087 rows=2528312 loops=1)
                    Buckets: 131072  Batches: 64  Memory Usage: 2415kB
                    ->  Seq Scan on title t  (cost=0.00..61283.27 rows=2528527 width=4) (actual time=0.020..1111.931 rows=2528312 loops=1)
Planning time: 12.031 ms
Execution time: 17531.525 ms
