Hash Join  (cost=198411.04..684664.25 rows=1056230 width=0) (actual time=9543.556..27752.576 rows=9941050 loops=1)
  Hash Cond: (mi.movie_id = t.id)
  ->  Seq Scan on movie_info mi  (cost=0.00..346232.03 rows=11115165 width=4) (actual time=65.799..10839.096 rows=11210743 loops=1)
        Filter: (info_type_id > 3)
        Rows Removed by Filter: 3624977
  ->  Hash  (cost=194468.59..194468.59 rows=240276 width=8) (actual time=9477.047..9477.047 rows=224746 loops=1)
        Buckets: 131072  Batches: 4  Memory Usage: 3238kB
        ->  Hash Join  (cost=99467.55..194468.59 rows=240276 width=8) (actual time=5164.881..9408.013 rows=224746 loops=1)
              Hash Cond: (mk.movie_id = t.id)
              ->  Seq Scan on movie_keyword mk  (cost=0.00..81003.12 rows=312832 width=4) (actual time=0.026..3631.411 rows=334142 loops=1)
                    Filter: (keyword_id < 275)
                    Rows Removed by Filter: 4189788
              ->  Hash  (cost=67604.59..67604.59 rows=1942077 width=4) (actual time=5164.292..5164.292 rows=1932484 loops=1)
                    Buckets: 131072  Batches: 32  Memory Usage: 3163kB
                    ->  Seq Scan on title t  (cost=0.00..67604.59 rows=1942077 width=4) (actual time=0.019..4381.726 rows=1932484 loops=1)
                          Filter: (production_year > 1980)
                          Rows Removed by Filter: 595828
Planning time: 1.089 ms
Execution time: 28842.068 ms
