Hash Join  (cost=341708.67..877863.61 rows=8532776 width=0) (actual time=7646.484..25916.326 rows=37858928 loops=1)
  Hash Cond: (mi.movie_id = t.id)
  ->  Seq Scan on movie_info mi  (cost=0.00..346232.03 rows=5897221 width=4) (actual time=24.535..5970.668 rows=5884963 loops=1)
        Filter: (info_type_id < 7)
        Rows Removed by Filter: 8950757
  ->  Hash  (cost=281684.63..281684.63 rows=3658563 width=8) (actual time=7620.947..7620.947 rows=3648762 loops=1)
        Buckets: 131072  Batches: 64  Memory Usage: 3358kB
        ->  Hash Join  (cost=102767.86..281684.63 rows=3658563 width=8) (actual time=1842.187..6600.357 rows=3648762 loops=1)
              Hash Cond: (mk.movie_id = t.id)
              ->  Seq Scan on movie_keyword mk  (cost=0.00..81003.12 rows=3658563 width=4) (actual time=0.024..1764.793 rows=3648762 loops=1)
                    Filter: (keyword_id < 21110)
                    Rows Removed by Filter: 875168
              ->  Hash  (cost=61283.27..61283.27 rows=2528527 width=4) (actual time=1838.831..1838.831 rows=2528312 loops=1)
                    Buckets: 131072  Batches: 64  Memory Usage: 2425kB
                    ->  Seq Scan on title t  (cost=0.00..61283.27 rows=2528527 width=4) (actual time=0.013..1004.332 rows=2528312 loops=1)
Planning time: 0.778 ms
Execution time: 30122.667 ms
