Hash Join  (cost=83072.76..452672.39 rows=94 width=0) (actual time=1633.701..7336.855 rows=192 loops=1)
  Hash Cond: (mi.movie_id = t.id)
  ->  Seq Scan on movie_info mi  (cost=0.00..346232.03 rows=6231111 width=4) (actual time=0.016..5267.427 rows=6223494 loops=1)
        Filter: (info_type_id > 8)
        Rows Removed by Filter: 8612226
  ->  Hash  (cost=83072.29..83072.29 rows=38 width=8) (actual time=1214.053..1214.053 rows=4 loops=1)
        Buckets: 1024  Batches: 1  Memory Usage: 9kB
        ->  Nested Loop  (cost=0.43..83072.29 rows=38 width=8) (actual time=182.242..1214.040 rows=4 loops=1)
              ->  Seq Scan on movie_keyword mk  (cost=0.00..81003.12 rows=246 width=4) (actual time=182.155..1212.234 rows=37 loops=1)
                    Filter: (keyword_id = 30320)
                    Rows Removed by Filter: 4523893
              ->  Index Scan using title_pkey on title t  (cost=0.43..8.40 rows=1 width=4) (actual time=0.044..0.044 rows=0 loops=37)
                    Index Cond: (id = mk.movie_id)
                    Filter: (production_year > 2010)
                    Rows Removed by Filter: 1
Planning time: 1.236 ms
Execution time: 7337.023 ms
