Nested Loop  (cost=0.43..111580.24 rows=2481 width=0) (actual time=712.486..1235.012 rows=27 loops=1)
  ->  Seq Scan on movie_keyword mk  (cost=0.00..81003.12 rows=4072 width=4) (actual time=0.094..1115.916 rows=4211 loops=1)
        Filter: (keyword_id = 19735)
        Rows Removed by Filter: 4519719
  ->  Index Scan using title_pkey on title t  (cost=0.43..7.50 rows=1 width=4) (actual time=0.028..0.028 rows=0 loops=4211)
        Index Cond: (id = mk.movie_id)
        Filter: (kind_id = 7)
        Rows Removed by Filter: 1
Planning time: 0.816 ms
Execution time: 1235.121 ms
