Hash Join  (cost=79200.05..832261.19 rows=1132321 width=169) (actual time=1785.471..20852.302 rows=3906108 loops=1)
  Hash Cond: (mi.movie_id = t.id)
  ->  Seq Scan on movie_info mi  (cost=0.00..309384.22 rows=14739122 width=75) (actual time=0.016..7207.658 rows=14835720 loops=1)
  ->  Hash  (cost=73925.90..73925.90 rows=194252 width=94) (actual time=1325.967..1325.967 rows=326032 loops=1)
        Buckets: 32768 (originally 32768)  Batches: 16 (originally 8)  Memory Usage: 3841kB
        ->  Seq Scan on title t  (cost=0.00..73925.90 rows=194252 width=94) (actual time=59.306..1196.737 rows=326032 loops=1)
              Filter: ((production_year < 1992) AND (kind_id = 1))
              Rows Removed by Filter: 2202280
Planning time: 2.203 ms
Execution time: 21069.879 ms
