Seq Scan on cast_info ci  (cost=0.00..705507.15 rows=11968159 width=0) (actual time=0.024..12284.247 rows=11886421 loops=1)
  Filter: (person_id < 1168133)
  Rows Removed by Filter: 24357923
Planning time: 0.291 ms
Execution time: 13774.251 ms
