Nested Loop  (cost=0.43..83072.29 rows=98 width=0) (actual time=9.888..1296.476 rows=216 loops=1)
  ->  Seq Scan on movie_keyword mk  (cost=0.00..81003.12 rows=246 width=4) (actual time=5.089..1262.848 rows=755 loops=1)
        Filter: (keyword_id = 16388)
        Rows Removed by Filter: 4523175
  ->  Index Scan using title_pkey on title t  (cost=0.43..8.40 rows=1 width=4) (actual time=0.043..0.043 rows=0 loops=755)
        Index Cond: (id = mk.movie_id)
        Filter: (production_year > 2005)
        Rows Removed by Filter: 1
Planning time: 0.760 ms
Execution time: 1296.706 ms
