Hash Join  (cost=219566.08..306556.10 rows=594433 width=0) (actual time=5268.226..8305.431 rows=3604536 loops=1)
  Hash Cond: (mc.movie_id = t.id)
  ->  Seq Scan on movie_companies mc  (cost=0.00..51404.11 rows=2347086 width=4) (actual time=0.021..1172.022 rows=2342909 loops=1)
        Filter: (company_id < 98430)
        Rows Removed by Filter: 266220
  ->  Hash  (cost=209059.26..209059.26 rows=640386 width=8) (actual time=5267.435..5267.435 rows=641726 loops=1)
        Buckets: 131072  Batches: 16  Memory Usage: 2617kB
        ->  Hash Join  (cost=102767.86..209059.26 rows=640386 width=8) (actual time=2093.335..5026.020 rows=641726 loops=1)
              Hash Cond: (mk.movie_id = t.id)
              ->  Seq Scan on movie_keyword mk  (cost=0.00..81003.12 rows=640386 width=4) (actual time=0.045..1364.194 rows=641726 loops=1)
                    Filter: (keyword_id < 498)
                    Rows Removed by Filter: 3882204
              ->  Hash  (cost=61283.27..61283.27 rows=2528527 width=4) (actual time=2092.447..2092.447 rows=2528312 loops=1)
                    Buckets: 131072  Batches: 64  Memory Usage: 2425kB
                    ->  Seq Scan on title t  (cost=0.00..61283.27 rows=2528527 width=4) (actual time=0.012..1255.861 rows=2528312 loops=1)
Planning time: 1.164 ms
Execution time: 8661.283 ms
