Seq Scan on movie_keyword mk  (cost=0.00..81003.12 rows=4284522 width=0) (actual time=0.024..1629.924 rows=4269459 loops=1)
  Filter: (keyword_id > 223)
  Rows Removed by Filter: 254471
Planning time: 0.327 ms
Execution time: 2161.244 ms
