Hash Join  (cost=100338.29..609712.55 rows=5920830 width=0) (actual time=3134.362..15006.926 rows=5989173 loops=1)
  Hash Cond: (mi.movie_id = t.id)
  ->  Seq Scan on movie_info mi  (cost=0.00..346232.03 rows=7503588 width=4) (actual time=767.635..6906.945 rows=7548855 loops=1)
        Filter: (info_type_id > 7)
        Rows Removed by Filter: 7286865
  ->  Hash  (cost=67604.59..67604.59 rows=1995176 width=4) (actual time=2365.236..2365.236 rows=1990655 loops=1)
        Buckets: 131072  Batches: 32  Memory Usage: 3227kB
        ->  Seq Scan on title t  (cost=0.00..67604.59 rows=1995176 width=4) (actual time=0.034..1381.659 rows=1990655 loops=1)
              Filter: (production_year > 1976)
              Rows Removed by Filter: 537657
Planning time: 0.750 ms
Execution time: 15638.153 ms
