Seq Scan on cast_info ci  (cost=0.00..796071.18 rows=101 width=0) (actual time=9744.541..10844.039 rows=33 loops=1)
  Filter: ((person_id = 2295793) AND (role_id = 2))
  Rows Removed by Filter: 36244311
Planning time: 0.394 ms
Execution time: 10844.163 ms
