Nested Loop  (cost=0.43..709671.90 rows=500 width=0) (actual time=3830.327..10710.212 rows=191 loops=1)
  ->  Seq Scan on cast_info ci  (cost=0.00..705507.15 rows=500 width=4) (actual time=3830.146..10702.900 rows=191 loops=1)
        Filter: (person_id = 2825535)
        Rows Removed by Filter: 36244153
  ->  Index Only Scan using title_pkey on title t  (cost=0.43..8.32 rows=1 width=4) (actual time=0.037..0.037 rows=1 loops=191)
        Index Cond: (id = ci.movie_id)
        Heap Fetches: 191
Planning time: 0.768 ms
Execution time: 10710.338 ms
