Hash Join  (cost=73930.12..130322.04 rows=177 width=0) (actual time=1580.455..2079.273 rows=148 loops=1)
  Hash Cond: (mc.movie_id = t.id)
  ->  Seq Scan on movie_companies mc  (cost=0.00..51404.11 rows=1329612 width=4) (actual time=367.121..937.227 rows=1334883 loops=1)
        Filter: (company_type_id > 1)
        Rows Removed by Filter: 1274246
  ->  Hash  (cost=73925.90..73925.90 rows=337 width=4) (actual time=952.255..952.255 rows=303 loops=1)
        Buckets: 1024  Batches: 1  Memory Usage: 19kB
        ->  Seq Scan on title t  (cost=0.00..73925.90 rows=337 width=4) (actual time=316.231..951.997 rows=303 loops=1)
              Filter: ((kind_id = 4) AND (production_year = 1984))
              Rows Removed by Filter: 2528009
Planning time: 0.781 ms
Execution time: 2079.442 ms
