Seq Scan on cast_info ci  (cost=0.00..705507.15 rows=25487060 width=0) (actual time=0.019..12320.317 rows=25654934 loops=1)
  Filter: (person_id > 1039059)
  Rows Removed by Filter: 10589410
Planning time: 0.331 ms
Execution time: 15287.306 ms
