Hash Join  (cost=138868.91..225788.83 rows=26188 width=0) (actual time=2623.493..4262.541 rows=13963 loops=1)
  Hash Cond: (mk.movie_id = t.id)
  ->  Seq Scan on movie_keyword mk  (cost=0.00..69693.30 rows=4523930 width=4) (actual time=0.014..983.222 rows=4523930 loops=1)
  ->  Hash  (cost=138685.95..138685.95 rows=14637 width=8) (actual time=2456.259..2456.259 rows=6277 loops=1)
        Buckets: 16384  Batches: 1  Memory Usage: 374kB
        ->  Hash Join  (cost=75353.43..138685.95 rows=14637 width=8) (actual time=1746.918..2453.752 rows=6277 loops=1)
              Hash Cond: (mc.movie_id = t.id)
              ->  Seq Scan on movie_companies mc  (cost=0.00..57926.93 rows=425390 width=4) (actual time=381.559..985.594 rows=243136 loops=1)
                    Filter: ((company_id < 2057) AND (company_type_id = 2))
                    Rows Removed by Filter: 2365993
              ->  Hash  (cost=73925.90..73925.90 rows=87002 width=4) (actual time=1364.512..1364.512 rows=93068 loops=1)
                    Buckets: 131072  Batches: 2  Memory Usage: 2660kB
                    ->  Seq Scan on title t  (cost=0.00..73925.90 rows=87002 width=4) (actual time=1.369..1328.335 rows=93068 loops=1)
                          Filter: ((kind_id > 4) AND (production_year = 2010))
                          Rows Removed by Filter: 2435244
Planning time: 1.183 ms
Execution time: 4264.729 ms
