Hash Join  (cost=102767.86..217893.62 rows=1007547 width=0) (actual time=1935.306..5075.581 rows=1013420 loops=1)
  Hash Cond: (mk.movie_id = t.id)
  ->  Seq Scan on movie_keyword mk  (cost=0.00..81003.12 rows=1007547 width=4) (actual time=0.021..1398.922 rows=1013420 loops=1)
        Filter: (keyword_id > 17843)
        Rows Removed by Filter: 3510510
  ->  Hash  (cost=61283.27..61283.27 rows=2528527 width=4) (actual time=1933.539..1933.539 rows=2528312 loops=1)
        Buckets: 131072  Batches: 64  Memory Usage: 2425kB
        ->  Seq Scan on title t  (cost=0.00..61283.27 rows=2528527 width=4) (actual time=0.022..1063.008 rows=2528312 loops=1)
Planning time: 0.719 ms
Execution time: 5191.603 ms
