Hash Join  (cost=798388.60..885049.18 rows=254 width=0) (actual time=16243.970..16560.597 rows=40 loops=1)
  Hash Cond: (mk.movie_id = t.id)
  ->  Seq Scan on movie_keyword mk  (cost=0.00..69693.30 rows=4523930 width=4) (actual time=0.018..1089.137 rows=4523930 loops=1)
  ->  Hash  (cost=798386.83..798386.83 rows=142 width=8) (actual time=14708.052..14708.052 rows=23 loops=1)
        Buckets: 1024  Batches: 1  Memory Usage: 9kB
        ->  Nested Loop  (cost=0.43..798386.83 rows=142 width=8) (actual time=2130.393..14707.984 rows=23 loops=1)
              ->  Seq Scan on cast_info ci  (cost=0.00..796071.18 rows=276 width=4) (actual time=2129.089..14701.404 rows=47 loops=1)
                    Filter: ((role_id < 3) AND (person_id = 1951445))
                    Rows Removed by Filter: 36244297
              ->  Index Scan using title_pkey on title t  (cost=0.43..8.38 rows=1 width=4) (actual time=0.138..0.138 rows=0 loops=47)
                    Index Cond: (id = ci.movie_id)
                    Filter: ((production_year > 1966) AND (kind_id = 7))
                    Rows Removed by Filter: 1
Planning time: 1.167 ms
Execution time: 16560.752 ms
