Hash Join  (cost=102767.86..848906.96 rows=1278028 width=0) (actual time=8268.367..15684.919 rows=1305611 loops=1)
  Hash Cond: (ci.movie_id = t.id)
  ->  Seq Scan on cast_info ci  (cost=0.00..705507.15 rows=1278028 width=4) (actual time=6418.601..11421.949 rows=1305611 loops=1)
        Filter: (person_id > 3809719)
        Rows Removed by Filter: 34938733
  ->  Hash  (cost=61283.27..61283.27 rows=2528527 width=4) (actual time=1848.454..1848.454 rows=2528312 loops=1)
        Buckets: 131072  Batches: 64  Memory Usage: 2415kB
        ->  Seq Scan on title t  (cost=0.00..61283.27 rows=2528527 width=4) (actual time=0.022..1053.030 rows=2528312 loops=1)
Planning time: 0.746 ms
Execution time: 15818.131 ms
