Seq Scan on movie_companies mc  (cost=0.00..57926.93 rows=53 width=0) (actual time=105.657..858.790 rows=22 loops=1)
  Filter: ((company_id = 16398) AND (company_type_id = 2))
  Rows Removed by Filter: 2609107
Planning time: 0.386 ms
Execution time: 858.894 ms
