Hash Join  (cost=183157.29..682303.27 rows=1812505 width=0) (actual time=3253.537..14988.810 rows=313003 loops=1)
  Hash Cond: (mi.movie_id = t.id)
  ->  Seq Scan on movie_info mi  (cost=0.00..309384.22 rows=14739122 width=4) (actual time=0.018..6179.567 rows=14835720 loops=1)
  ->  Hash  (cost=178055.55..178055.55 rows=310939 width=8) (actual time=3252.387..3252.387 rows=15785 loops=1)
        Buckets: 131072  Batches: 8  Memory Usage: 1111kB
        ->  Hash Join  (cost=102767.86..178055.55 rows=310939 width=8) (actual time=1972.245..3244.802 rows=15785 loops=1)
              Hash Cond: (mc.movie_id = t.id)
              ->  Seq Scan on movie_companies mc  (cost=0.00..57926.93 rows=310939 width=4) (actual time=0.032..869.819 rows=15785 loops=1)
                    Filter: ((company_id > 57492) AND (company_type_id = 1))
                    Rows Removed by Filter: 2593344
              ->  Hash  (cost=61283.27..61283.27 rows=2528527 width=4) (actual time=1964.925..1964.925 rows=2528312 loops=1)
                    Buckets: 131072  Batches: 64  Memory Usage: 2415kB
                    ->  Seq Scan on title t  (cost=0.00..61283.27 rows=2528527 width=4) (actual time=0.017..1113.437 rows=2528312 loops=1)
Planning time: 2.580 ms
Execution time: 15018.443 ms
