Hash Join  (cost=101458.67..177352.48 rows=385434 width=0) (actual time=2113.334..4008.785 rows=608277 loops=1)
  Hash Cond: (mc.movie_id = t.id)
  ->  Seq Scan on movie_companies mc  (cost=0.00..57926.93 rows=472307 width=4) (actual time=0.025..984.673 rows=794133 loops=1)
        Filter: ((company_id > 19249) AND (company_type_id > 1))
        Rows Removed by Filter: 1814996
  ->  Hash  (cost=67604.59..67604.59 rows=2063447 width=4) (actual time=2112.606..2112.606 rows=2060346 loops=1)
        Buckets: 131072  Batches: 32  Memory Usage: 3293kB
        ->  Seq Scan on title t  (cost=0.00..67604.59 rows=2063447 width=4) (actual time=0.018..1431.355 rows=2060346 loops=1)
              Filter: (production_year > 1971)
              Rows Removed by Filter: 467966
Planning time: 0.751 ms
Execution time: 4076.312 ms
