Hash Join  (cost=166717.75..1035194.68 rows=1017928 width=0) (actual time=4566.977..20831.550 rows=2560347 loops=1)
  Hash Cond: (ci.movie_id = t.id)
  ->  Seq Scan on cast_info ci  (cost=0.00..796071.18 rows=5214790 width=4) (actual time=0.028..14317.534 rows=2349113 loops=1)
        Filter: ((person_id < 2227090) AND (role_id > 5))
        Rows Removed by Filter: 33895231
  ->  Hash  (cost=158619.14..158619.14 rows=493569 width=8) (actual time=4565.855..4565.855 rows=1076026 loops=1)
        Buckets: 131072 (originally 131072)  Batches: 16 (originally 8)  Memory Usage: 3663kB
        ->  Hash Join  (cost=83810.17..158619.14 rows=493569 width=8) (actual time=1489.142..4199.509 rows=1076026 loops=1)
              Hash Cond: (mc.movie_id = t.id)
              ->  Seq Scan on movie_companies mc  (cost=0.00..51404.11 rows=1263510 width=4) (actual time=0.020..1012.939 rows=1274651 loops=1)
                    Filter: (company_id > 11414)
                    Rows Removed by Filter: 1334478
              ->  Hash  (cost=67604.59..67604.59 rows=987727 width=4) (actual time=1488.119..1488.119 rows=985048 loops=1)
                    Buckets: 131072  Batches: 16  Memory Usage: 3188kB
                    ->  Seq Scan on title t  (cost=0.00..67604.59 rows=987727 width=4) (actual time=0.024..1192.310 rows=985048 loops=1)
                          Filter: (kind_id < 7)
                          Rows Removed by Filter: 1543264
Planning time: 1.133 ms
Execution time: 21101.481 ms
