Seq Scan on cast_info ci  (cost=0.00..796071.18 rows=2972707 width=0) (actual time=2869.416..12468.811 rows=6026915 loops=1)
  Filter: ((person_id < 817950) AND (role_id < 2))
  Rows Removed by Filter: 30217429
Planning time: 0.344 ms
Execution time: 13211.003 ms
