Seq Scan on movie_companies mc  (cost=0.00..51404.11 rows=1709548 width=0) (actual time=0.029..917.127 rows=1700459 loops=1)
  Filter: (company_id < 20925)
  Rows Removed by Filter: 908670
Planning time: 0.340 ms
Execution time: 1122.295 ms
