Seq Scan on movie_keyword mk  (cost=0.00..81003.12 rows=246 width=0) (actual time=11.406..1302.096 rows=144 loops=1)
  Filter: (keyword_id = 14635)
  Rows Removed by Filter: 4523786
Planning time: 0.351 ms
Execution time: 1302.273 ms
