Seq Scan on movie_companies mc  (cost=0.00..57926.93 rows=880221 width=0) (actual time=120.870..1107.551 rows=1078083 loops=1)
  Filter: ((company_id > 2586) AND (company_type_id > 1))
  Rows Removed by Filter: 1531046
Planning time: 0.992 ms
Execution time: 1247.386 ms
