Seq Scan on cast_info ci  (cost=0.00..796071.18 rows=8129859 width=0) (actual time=96.763..12977.936 rows=3454863 loops=1)
  Filter: ((person_id < 1229024) AND (role_id > 1))
  Rows Removed by Filter: 32789481
Planning time: 0.329 ms
Execution time: 13406.737 ms
