Hash Join  (cost=120434.75..890824.67 rows=36938 width=0) (actual time=1162.216..17017.857 rows=103652 loops=1)
  Hash Cond: (ci.movie_id = t.id)
  ->  Seq Scan on cast_info ci  (cost=0.00..705507.15 rows=17203570 width=4) (actual time=0.191..12538.490 rows=17319685 loops=1)
        Filter: (person_id > 1886143)
        Rows Removed by Filter: 18924659
  ->  Hash  (cost=120366.89..120366.89 rows=5429 width=8) (actual time=1161.898..1161.898 rows=4239 loops=1)
        Buckets: 8192  Batches: 1  Memory Usage: 230kB
        ->  Nested Loop  (cost=0.43..120366.89 rows=5429 width=8) (actual time=0.399..1159.559 rows=4239 loops=1)
              ->  Seq Scan on movie_keyword mk  (cost=0.00..81003.12 rows=5429 width=4) (actual time=0.332..1048.990 rows=4239 loops=1)
                    Filter: (keyword_id = 2130)
                    Rows Removed by Filter: 4519691
              ->  Index Only Scan using title_pkey on title t  (cost=0.43..7.24 rows=1 width=4) (actual time=0.025..0.025 rows=1 loops=4239)
                    Index Cond: (id = mk.movie_id)
                    Heap Fetches: 4239
Planning time: 2.194 ms
Execution time: 17037.539 ms
