Hash Join  (cost=475312.59..1415870.25 rows=4646743 width=0) (actual time=8425.887..31616.585 rows=5955738 loops=1)
  Hash Cond: (ci.movie_id = t.id)
  ->  Seq Scan on cast_info ci  (cost=0.00..705507.15 rows=16062683 width=4) (actual time=0.015..13966.903 rows=16201388 loops=1)
        Filter: (person_id > 2012527)
        Rows Removed by Filter: 20042956
  ->  Hash  (cost=463311.18..463311.18 rows=731473 width=8) (actual time=8425.047..8425.047 rows=723049 loops=1)
        Buckets: 131072  Batches: 16  Memory Usage: 2785kB
        ->  Hash Join  (cost=87180.69..463311.18 rows=731473 width=8) (actual time=2120.149..8226.929 rows=723049 loops=1)
              Hash Cond: (mi.movie_id = t.id)
              ->  Seq Scan on movie_info mi  (cost=0.00..346232.03 rows=1550064 width=4) (actual time=498.229..5490.069 rows=1533909 loops=1)
                    Filter: (info_type_id = 3)
                    Rows Removed by Filter: 13301811
              ->  Hash  (cost=67604.59..67604.59 rows=1193208 width=4) (actual time=1621.029..1621.029 rows=1192518 loops=1)
                    Buckets: 131072  Batches: 16  Memory Usage: 3653kB
                    ->  Seq Scan on title t  (cost=0.00..67604.59 rows=1193208 width=4) (actual time=0.028..1246.922 rows=1192518 loops=1)
                          Filter: (production_year > 2003)
                          Rows Removed by Filter: 1335794
Planning time: 0.838 ms
Execution time: 32254.528 ms
