Hash Join  (cost=78556.72..151379.76 rows=349642 width=0) (actual time=1487.525..3478.857 rows=881042 loops=1)
  Hash Cond: (mc.movie_id = t.id)
  ->  Seq Scan on movie_companies mc  (cost=0.00..51404.11 rows=1324401 width=4) (actual time=0.026..999.762 rows=1333738 loops=1)
        Filter: (company_id > 11203)
        Rows Removed by Filter: 1275391
  ->  Hash  (cost=67604.59..67604.59 rows=667531 width=4) (actual time=1486.767..1486.767 rows=662825 loops=1)
        Buckets: 131072  Batches: 16  Memory Usage: 2476kB
        ->  Seq Scan on title t  (cost=0.00..67604.59 rows=667531 width=4) (actual time=0.005..996.251 rows=662825 loops=1)
              Filter: (kind_id < 2)
              Rows Removed by Filter: 1865487
Planning time: 0.708 ms
Execution time: 3581.311 ms
