Hash Join  (cost=796392.77..1161048.75 rows=6 width=0) (actual time=10189.902..15572.316 rows=336 loops=1)
  Hash Cond: (mi.movie_id = t.id)
  ->  Seq Scan on movie_info mi  (cost=0.00..309384.22 rows=14739122 width=4) (actual time=0.029..3404.967 rows=14835720 loops=1)
  ->  Hash  (cost=796392.76..796392.76 rows=1 width=8) (actual time=9887.895..9887.895 rows=83 loops=1)
        Buckets: 1024  Batches: 1  Memory Usage: 12kB
        ->  Nested Loop  (cost=0.43..796392.76 rows=1 width=8) (actual time=7499.725..9887.818 rows=83 loops=1)
              ->  Seq Scan on cast_info ci  (cost=0.00..796071.18 rows=38 width=4) (actual time=7491.957..9869.836 rows=1309 loops=1)
                    Filter: ((person_id = 2536314) AND (role_id = 4))
                    Rows Removed by Filter: 36243035
              ->  Index Scan using title_pkey on title t  (cost=0.43..8.45 rows=1 width=4) (actual time=0.013..0.013 rows=0 loops=1309)
                    Index Cond: (id = ci.movie_id)
                    Filter: ((kind_id = 7) AND (production_year = 2009))
                    Rows Removed by Filter: 1
Planning time: 0.855 ms
Execution time: 15572.481 ms
