Seq Scan on movie_companies mc  (cost=0.00..51404.11 rows=2233609 width=0) (actual time=0.025..933.472 rows=2233450 loops=1)
  Filter: (company_id > 219)
  Rows Removed by Filter: 375679
Planning time: 0.289 ms
Execution time: 1209.378 ms
