Hash Join  (cost=75321.41..584380.11 rows=2741477 width=0) (actual time=1358.814..14825.602 rows=4112326 loops=1)
  Hash Cond: (mi.movie_id = t.id)
  ->  Seq Scan on movie_info mi  (cost=0.00..309384.22 rows=14739122 width=4) (actual time=0.018..5952.648 rows=14835720 loops=1)
  ->  Hash  (cost=67604.59..67604.59 rows=470306 width=4) (actual time=1358.013..1358.013 rows=465563 loops=1)
        Buckets: 131072  Batches: 8  Memory Usage: 3070kB
        ->  Seq Scan on title t  (cost=0.00..67604.59 rows=470306 width=4) (actual time=0.024..1200.191 rows=465563 loops=1)
              Filter: (production_year < 1977)
              Rows Removed by Filter: 2062749
Planning time: 0.788 ms
Execution time: 15219.794 ms
