Hash Join  (cost=160932.13..527839.33 rows=225130 width=0) (actual time=2698.423..11433.445 rows=2144951 loops=1)
  Hash Cond: (mi.movie_id = t.id)
  ->  Seq Scan on movie_info mi  (cost=0.00..309384.22 rows=14739122 width=4) (actual time=0.022..4595.895 rows=14835720 loops=1)
  ->  Hash  (cost=160449.37..160449.37 rows=38621 width=8) (actual time=2698.011..2698.011 rows=38106 loops=1)
        Buckets: 65536  Batches: 1  Memory Usage: 2001kB
        ->  Hash Join  (cost=69694.50..160449.37 rows=38621 width=8) (actual time=1105.358..2685.202 rows=38106 loops=1)
              Hash Cond: (mk.movie_id = t.id)
              ->  Seq Scan on movie_keyword mk  (cost=0.00..81003.12 rows=766809 width=4) (actual time=0.023..1301.107 rows=774905 loops=1)
                    Filter: (keyword_id > 24334)
                    Rows Removed by Filter: 3749025
              ->  Hash  (cost=67604.59..67604.59 rows=127353 width=4) (actual time=1104.576..1104.576 rows=128696 loops=1)
                    Buckets: 131072  Batches: 2  Memory Usage: 3290kB
                    ->  Seq Scan on title t  (cost=0.00..67604.59 rows=127353 width=4) (actual time=0.016..1055.625 rows=128696 loops=1)
                          Filter: (production_year = 2009)
                          Rows Removed by Filter: 2399616
Planning time: 1.126 ms
Execution time: 11702.809 ms
