Seq Scan on movie_companies mc  (cost=0.00..57926.93 rows=1114913 width=0) (actual time=0.014..1140.119 rows=1274246 loops=1)
  Filter: ((company_id < 89558) AND (company_type_id < 2))
  Rows Removed by Filter: 1334883
Planning time: 0.318 ms
Execution time: 1295.000 ms
