Hash Join  (cost=986690.75..1594374.29 rows=10257871 width=0) (actual time=22593.054..39880.796 rows=15593970 loops=1)
  Hash Cond: (mi.movie_id = t.id)
  ->  Seq Scan on movie_info mi  (cost=0.00..309384.22 rows=14739122 width=4) (actual time=0.015..6052.342 rows=14835720 loops=1)
  ->  Hash  (cost=957818.76..957818.76 rows=1759759 width=8) (actual time=22133.206..22133.206 rows=3331661 loops=1)
        Buckets: 131072 (originally 131072)  Batches: 64 (originally 32)  Memory Usage: 3073kB
        ->  Hash Join  (cost=91219.03..957818.76 rows=1759759 width=8) (actual time=4898.915..21140.504 rows=3331661 loops=1)
              Hash Cond: (ci.movie_id = t.id)
              ->  Seq Scan on cast_info ci  (cost=0.00..796071.18 rows=4221589 width=4) (actual time=3156.903..14734.105 rows=6912937 loops=1)
                    Filter: ((person_id > 2002548) AND (role_id > 4))
                    Rows Removed by Filter: 29331407
              ->  Hash  (cost=73925.90..73925.90 rows=1054010 width=4) (actual time=1740.908..1740.908 rows=1148948 loops=1)
                    Buckets: 131072  Batches: 16  Memory Usage: 3556kB
                    ->  Seq Scan on title t  (cost=0.00..73925.90 rows=1054010 width=4) (actual time=337.082..1373.772 rows=1148948 loops=1)
                          Filter: ((production_year > 1991) AND (kind_id = 7))
                          Rows Removed by Filter: 1379364
Planning time: 1.035 ms
Execution time: 41475.347 ms
