Hash Join  (cost=111092.45..230753.74 rows=115721 width=0) (actual time=2268.962..5893.775 rows=914994 loops=1)
  Hash Cond: (mk.movie_id = t.id)
  ->  Seq Scan on movie_keyword mk  (cost=0.00..81003.12 rows=3212522 width=4) (actual time=0.025..1752.564 rows=3203486 loops=1)
        Filter: (keyword_id > 1731)
        Rows Removed by Filter: 1320444
  ->  Hash  (cost=109597.93..109597.93 rows=91082 width=8) (actual time=2267.610..2267.610 rows=86658 loops=1)
        Buckets: 131072  Batches: 2  Memory Usage: 2712kB
        ->  Hash Join  (cost=70342.62..109597.93 rows=91082 width=8) (actual time=1114.390..2239.666 rows=86658 loops=1)
              Hash Cond: (mi_idx.movie_id = t.id)
              ->  Seq Scan on movie_info_idx mi_idx  (cost=0.00..21735.35 rows=1380035 width=4) (actual time=0.014..555.696 rows=1380035 loops=1)
              ->  Hash  (cost=67604.59..67604.59 rows=166883 width=4) (actual time=1113.343..1113.343 rows=168947 loops=1)
                    Buckets: 131072  Batches: 4  Memory Usage: 2507kB
                    ->  Seq Scan on title t  (cost=0.00..67604.59 rows=166883 width=4) (actual time=0.030..1056.110 rows=168947 loops=1)
                          Filter: (production_year < 1951)
                          Rows Removed by Filter: 2359365
Planning time: 1.135 ms
Execution time: 6002.485 ms
