Seq Scan on cast_info ci  (cost=0.00..796071.18 rows=16 width=0) (actual time=5583.712..10852.367 rows=8 loops=1)
  Filter: ((person_id = 3147582) AND (role_id = 9))
  Rows Removed by Filter: 36244336
Planning time: 0.416 ms
Execution time: 10852.473 ms
