Hash Join  (cost=125339.09..618556.74 rows=1256874 width=0) (actual time=2626.587..16135.054 rows=4617917 loops=1)
  Hash Cond: (mi.movie_id = t.id)
  ->  Seq Scan on movie_info mi  (cost=0.00..309384.22 rows=14739122 width=4) (actual time=0.016..6043.408 rows=14835720 loops=1)
  ->  Hash  (cost=121800.85..121800.85 rows=215619 width=8) (actual time=2625.683..2625.683 rows=275110 loops=1)
        Buckets: 131072  Batches: 4  Memory Usage: 3708kB
        ->  Hash Join  (cost=80408.18..121800.85 rows=215619 width=8) (actual time=1372.028..2542.486 rows=275110 loops=1)
              Hash Cond: (mi_idx.movie_id = t.id)
              ->  Seq Scan on movie_info_idx mi_idx  (cost=0.00..21735.35 rows=1380035 width=4) (actual time=0.015..469.220 rows=1380035 loops=1)
              ->  Hash  (cost=73925.90..73925.90 rows=395062 width=4) (actual time=1371.087..1371.087 rows=335993 loops=1)
                    Buckets: 131072  Batches: 8  Memory Usage: 2492kB
                    ->  Seq Scan on title t  (cost=0.00..73925.90 rows=395062 width=4) (actual time=0.038..1260.629 rows=335993 loops=1)
                          Filter: ((kind_id < 7) AND (production_year > 2005))
                          Rows Removed by Filter: 2192319
Planning time: 1.751 ms
Execution time: 16660.447 ms
