Hash Join  (cost=283507.52..1491696.89 rows=19899339 width=0) (actual time=5713.688..35149.165 rows=10168663 loops=1)
  Hash Cond: (ci.movie_id = t.id)
  ->  Seq Scan on cast_info ci  (cost=0.00..705507.15 rows=23036562 width=4) (actual time=0.047..15145.994 rows=22934711 loops=1)
        Filter: (person_id < 2341278)
        Rows Removed by Filter: 13309633
  ->  Hash  (cost=247673.25..247673.25 rows=2184181 width=8) (actual time=5707.261..5707.261 rows=493387 loops=1)
        Buckets: 131072  Batches: 32  Memory Usage: 1622kB
        ->  Hash Join  (cost=92883.59..247673.25 rows=2184181 width=8) (actual time=1764.475..5560.673 rows=493387 loops=1)
              Hash Cond: (mk.movie_id = t.id)
              ->  Seq Scan on movie_keyword mk  (cost=0.00..81003.12 rows=3584346 width=4) (actual time=0.016..1821.112 rows=3573753 loops=1)
                    Filter: (keyword_id < 19985)
                    Rows Removed by Filter: 950177
              ->  Hash  (cost=67604.59..67604.59 rows=1540800 width=4) (actual time=1763.580..1763.580 rows=1543264 loops=1)
                    Buckets: 131072  Batches: 32  Memory Usage: 2728kB
                    ->  Seq Scan on title t  (cost=0.00..67604.59 rows=1540800 width=4) (actual time=0.007..1243.997 rows=1543264 loops=1)
                          Filter: (kind_id = 7)
                          Rows Removed by Filter: 985048
Planning time: 1.156 ms
Execution time: 36324.240 ms
