Hash Join  (cost=424925.07..451859.05 rows=2350 width=0) (actual time=7315.927..7946.608 rows=16526 loops=1)
  Hash Cond: (mi_idx.movie_id = t.id)
  ->  Seq Scan on movie_info_idx mi_idx  (cost=0.00..21735.35 rows=1380035 width=4) (actual time=0.029..354.114 rows=1380035 loops=1)
  ->  Hash  (cost=424871.26..424871.26 rows=4305 width=8) (actual time=7315.773..7315.773 rows=5504 loops=1)
        Buckets: 8192  Batches: 1  Memory Usage: 279kB
        ->  Hash Join  (cost=77184.65..424871.26 rows=4305 width=8) (actual time=1854.463..7314.036 rows=5504 loops=1)
              Hash Cond: (mi.movie_id = t.id)
              ->  Seq Scan on movie_info mi  (cost=0.00..346232.03 rows=54808 width=4) (actual time=362.007..5645.891 rows=50267 loops=1)
                    Filter: (info_type_id > 107)
                    Rows Removed by Filter: 14785453
              ->  Hash  (cost=73925.90..73925.90 rows=198620 width=4) (actual time=1334.965..1334.965 rows=182023 loops=1)
                    Buckets: 131072  Batches: 4  Memory Usage: 2635kB
                    ->  Seq Scan on title t  (cost=0.00..73925.90 rows=198620 width=4) (actual time=0.043..1268.698 rows=182023 loops=1)
                          Filter: ((kind_id < 3) AND (production_year > 2008))
                          Rows Removed by Filter: 2346289
Planning time: 1.177 ms
Execution time: 7948.920 ms
