Seq Scan on cast_info ci  (cost=0.00..705507.15 rows=500 width=0) (actual time=10283.658..11061.641 rows=86 loops=1)
  Filter: (person_id = 3828391)
  Rows Removed by Filter: 36244258
Planning time: 0.403 ms
Execution time: 11061.735 ms
