Hash Join  (cost=74050.79..115422.64 rows=214437 width=0) (actual time=1835.252..2939.826 rows=131526 loops=1)
  Hash Cond: (mi_idx.movie_id = t.id)
  ->  Seq Scan on movie_info_idx mi_idx  (cost=0.00..21735.35 rows=1380035 width=4) (actual time=0.016..425.799 rows=1380035 loops=1)
  ->  Hash  (cost=67604.59..67604.59 rows=392896 width=4) (actual time=1834.455..1834.455 rows=391666 loops=1)
        Buckets: 131072  Batches: 8  Memory Usage: 2753kB
        ->  Seq Scan on title t  (cost=0.00..67604.59 rows=392896 width=4) (actual time=0.011..1109.328 rows=391666 loops=1)
              Filter: (production_year > 2010)
              Rows Removed by Filter: 2136646
Planning time: 0.530 ms
Execution time: 2955.737 ms
