Seq Scan on movie_keyword mk  (cost=0.00..81003.12 rows=3015163 width=0) (actual time=0.023..1549.071 rows=2996430 loops=1)
  Filter: (keyword_id < 10500)
  Rows Removed by Filter: 1527500
Planning time: 0.305 ms
Execution time: 1921.822 ms
