Hash Join  (cost=200498.65..1308774.68 rows=7249587 width=0) (actual time=4487.944..36274.540 rows=13461996 loops=1)
  Hash Cond: (ci.movie_id = t.id)
  ->  Seq Scan on cast_info ci  (cost=0.00..614943.12 rows=36225612 width=4) (actual time=0.020..13231.361 rows=36244344 loops=1)
  ->  Hash  (cost=192196.43..192196.43 rows=506017 width=8) (actual time=4487.030..4487.030 rows=238876 loops=1)
        Buckets: 131072  Batches: 8  Memory Usage: 2180kB
        ->  Hash Join  (cost=76379.89..192196.43 rows=506017 width=8) (actual time=1699.829..4415.833 rows=238876 loops=1)
              Hash Cond: (mk.movie_id = t.id)
              ->  Seq Scan on movie_keyword mk  (cost=0.00..81003.12 rows=2392334 width=4) (actual time=0.032..1582.870 rows=2392632 loops=1)
                    Filter: (keyword_id < 5550)
                    Rows Removed by Filter: 2131298
              ->  Hash  (cost=67604.59..67604.59 rows=534824 width=4) (actual time=1697.375..1697.375 rows=533369 loops=1)
                    Buckets: 131072  Batches: 8  Memory Usage: 3376kB
                    ->  Seq Scan on title t  (cost=0.00..67604.59 rows=534824 width=4) (actual time=0.021..1283.235 rows=533369 loops=1)
                          Filter: (production_year > 2009)
                          Rows Removed by Filter: 1994943
Planning time: 1.248 ms
Execution time: 37737.351 ms
