Hash Join  (cost=194500.27..582137.31 rows=448328 width=0) (actual time=8751.115..13645.306 rows=8068058 loops=1)
  Hash Cond: (mi.movie_id = t.id)
  ->  Seq Scan on movie_info mi  (cost=0.00..346232.03 rows=3068194 width=4) (actual time=4040.633..5505.834 rows=3036719 loops=1)
        Filter: (info_type_id = 16)
        Rows Removed by Filter: 11799001
  ->  Hash  (cost=188437.89..188437.89 rows=369471 width=8) (actual time=4709.344..4709.344 rows=1054129 loops=1)
        Buckets: 131072 (originally 131072)  Batches: 16 (originally 8)  Memory Usage: 3713kB
        ->  Hash Join  (cost=84618.84..188437.89 rows=369471 width=8) (actual time=1385.517..4368.656 rows=1054129 loops=1)
              Hash Cond: (mk.movie_id = t.id)
              ->  Seq Scan on movie_keyword mk  (cost=0.00..81003.12 rows=1433389 width=4) (actual time=0.043..1663.602 rows=1449342 loops=1)
                    Filter: (keyword_id < 2037)
                    Rows Removed by Filter: 3074588
              ->  Hash  (cost=73925.90..73925.90 rows=651755 width=4) (actual time=1384.411..1384.411 rows=711179 loops=1)
                    Buckets: 131072  Batches: 16  Memory Usage: 2598kB
                    ->  Seq Scan on title t  (cost=0.00..73925.90 rows=651755 width=4) (actual time=0.019..1167.647 rows=711179 loops=1)
                          Filter: ((kind_id < 7) AND (production_year < 2008))
                          Rows Removed by Filter: 1817133
Planning time: 1.194 ms
Execution time: 14613.981 ms
