Seq Scan on movie_keyword mk  (cost=0.00..81003.12 rows=246 width=0) (actual time=47.773..1293.799 rows=70 loops=1)
  Filter: (keyword_id = 2958)
  Rows Removed by Filter: 4523860
Planning time: 0.362 ms
Execution time: 1293.957 ms
