Hash Join  (cost=190230.21..336961.04 rows=1934743 width=0) (actual time=4229.290..9721.357 rows=8300726 loops=1)
  Hash Cond: (mk.movie_id = t.id)
  ->  Seq Scan on movie_keyword mk  (cost=0.00..81003.12 rows=3544873 width=4) (actual time=0.021..1733.776 rows=3537504 loops=1)
        Filter: (keyword_id > 926)
        Rows Removed by Filter: 986426
  ->  Hash  (cost=167588.78..167588.78 rows=1380035 width=8) (actual time=4228.156..4228.156 rows=1380035 loops=1)
        Buckets: 131072  Batches: 32  Memory Usage: 2726kB
        ->  Hash Join  (cost=102767.86..167588.78 rows=1380035 width=8) (actual time=1899.253..3838.041 rows=1380035 loops=1)
              Hash Cond: (mi_idx.movie_id = t.id)
              ->  Seq Scan on movie_info_idx mi_idx  (cost=0.00..21735.35 rows=1380035 width=4) (actual time=0.021..491.416 rows=1380035 loops=1)
              ->  Hash  (cost=61283.27..61283.27 rows=2528527 width=4) (actual time=1897.792..1897.792 rows=2528312 loops=1)
                    Buckets: 131072  Batches: 64  Memory Usage: 2415kB
                    ->  Seq Scan on title t  (cost=0.00..61283.27 rows=2528527 width=4) (actual time=0.013..1048.193 rows=2528312 loops=1)
Planning time: 1.109 ms
Execution time: 10685.035 ms
