Seq Scan on movie_keyword mk  (cost=0.00..81003.12 rows=2829096 width=0) (actual time=0.027..1509.770 rows=2817034 loops=1)
  Filter: (keyword_id < 8429)
  Rows Removed by Filter: 1706896
Planning time: 0.395 ms
Execution time: 1862.690 ms
