Hash Join  (cost=102767.86..1365766.96 rows=22757905 width=0) (actual time=3235.796..36698.351 rows=22815899 loops=1)
  Hash Cond: (ci.movie_id = t.id)
  ->  Seq Scan on cast_info ci  (cost=0.00..705507.15 rows=22757905 width=4) (actual time=1357.394..14874.577 rows=22815899 loops=1)
        Filter: (person_id > 1323853)
        Rows Removed by Filter: 13428445
  ->  Hash  (cost=61283.27..61283.27 rows=2528527 width=4) (actual time=1876.480..1876.480 rows=2528312 loops=1)
        Buckets: 131072  Batches: 64  Memory Usage: 2415kB
        ->  Seq Scan on title t  (cost=0.00..61283.27 rows=2528527 width=4) (actual time=0.019..1032.176 rows=2528312 loops=1)
Planning time: 0.766 ms
Execution time: 39331.775 ms
