Hash Join  (cost=122535.74..487639.00 rows=44733 width=0) (actual time=2314.240..9756.904 rows=165424 loops=1)
  Hash Cond: (mi.movie_id = t.id)
  ->  Seq Scan on movie_info mi  (cost=0.00..309384.22 rows=14739122 width=4) (actual time=0.010..4342.832 rows=14835720 loops=1)
  ->  Hash  (cost=122439.81..122439.81 rows=7674 width=8) (actual time=2264.577..2264.577 rows=7181 loops=1)
        Buckets: 8192  Batches: 1  Memory Usage: 345kB
        ->  Hash Join  (cost=67697.55..122439.81 rows=7674 width=8) (actual time=1077.562..2261.513 rows=7181 loops=1)
              Hash Cond: (mc.movie_id = t.id)
              ->  Seq Scan on movie_companies mc  (cost=0.00..44881.29 rows=2609129 width=4) (actual time=0.011..659.738 rows=2609129 loops=1)
              ->  Hash  (cost=67604.59..67604.59 rows=7437 width=4) (actual time=1077.453..1077.453 rows=2467 loops=1)
                    Buckets: 8192  Batches: 1  Memory Usage: 151kB
                    ->  Seq Scan on title t  (cost=0.00..67604.59 rows=7437 width=4) (actual time=133.799..1076.190 rows=2467 loops=1)
                          Filter: (production_year = 1935)
                          Rows Removed by Filter: 2525845
Planning time: 1.173 ms
Execution time: 9779.988 ms
