Hash Join  (cost=834410.75..1575833.38 rows=2071697 width=0) (actual time=21186.004..34312.899 rows=1671482 loops=1)
  Hash Cond: (mi.movie_id = t.id)
  ->  Seq Scan on movie_info mi  (cost=0.00..309384.22 rows=14739122 width=4) (actual time=0.023..5988.434 rows=14835720 loops=1)
  ->  Hash  (cost=828579.20..828579.20 rows=355404 width=8) (actual time=20955.552..20955.552 rows=370697 loops=1)
        Buckets: 131072  Batches: 8  Memory Usage: 2781kB
        ->  Hash Join  (cost=74235.99..828579.20 rows=355404 width=8) (actual time=1268.904..20562.781 rows=370697 loops=1)
              Hash Cond: (ci.movie_id = t.id)
              ->  Seq Scan on cast_info ci  (cost=0.00..614943.12 rows=36225612 width=4) (actual time=0.019..9179.468 rows=36244344 loops=1)
              ->  Hash  (cost=73925.90..73925.90 rows=24807 width=4) (actual time=1268.212..1268.212 rows=25986 loops=1)
                    Buckets: 32768  Batches: 1  Memory Usage: 1170kB
                    ->  Seq Scan on title t  (cost=0.00..73925.90 rows=24807 width=4) (actual time=140.445..1257.134 rows=25986 loops=1)
                          Filter: ((kind_id = 7) AND (production_year = 1997))
                          Rows Removed by Filter: 2502326
Planning time: 6.311 ms
Execution time: 34512.151 ms
