Hash Join  (cost=79677.10..1005180.84 rows=2544701 width=0) (actual time=1365.863..18611.057 rows=1440516 loops=1)
  Hash Cond: (ci.movie_id = t.id)
  ->  Seq Scan on cast_info ci  (cost=0.00..796071.18 rows=8744680 width=4) (actual time=0.023..14721.746 rows=4564198 loops=1)
        Filter: ((person_id > 1104633) AND (role_id < 2))
        Rows Removed by Filter: 31680146
  ->  Hash  (cost=67604.59..67604.59 rows=735801 width=4) (actual time=1364.803..1364.803 rows=730985 loops=1)
        Buckets: 131072  Batches: 16  Memory Usage: 2631kB
        ->  Seq Scan on title t  (cost=0.00..67604.59 rows=735801 width=4) (actual time=0.027..1125.823 rows=730985 loops=1)
              Filter: (production_year < 1992)
              Rows Removed by Filter: 1797327
Planning time: 0.783 ms
Execution time: 18749.706 ms
