Hash Join  (cost=92883.59..216668.74 rows=1184880 width=0) (actual time=2046.344..4373.280 rows=298995 loops=1)
  Hash Cond: (mk.movie_id = t.id)
  ->  Seq Scan on movie_keyword mk  (cost=0.00..81003.12 rows=1944445 width=4) (actual time=0.026..1469.373 rows=1953133 loops=1)
        Filter: (keyword_id > 6588)
        Rows Removed by Filter: 2570797
  ->  Hash  (cost=67604.59..67604.59 rows=1540800 width=4) (actual time=1718.210..1718.210 rows=1543264 loops=1)
        Buckets: 131072  Batches: 32  Memory Usage: 2728kB
        ->  Seq Scan on title t  (cost=0.00..67604.59 rows=1540800 width=4) (actual time=241.159..1207.530 rows=1543264 loops=1)
              Filter: (kind_id = 7)
              Rows Removed by Filter: 985048
Planning time: 0.776 ms
Execution time: 4406.714 ms
