Hash Join  (cost=83074.03..833876.08 rows=1294 width=0) (actual time=1246.615..16613.110 rows=1244 loops=1)
  Hash Cond: (ci.movie_id = t.id)
  ->  Seq Scan on cast_info ci  (cost=0.00..614943.12 rows=36225612 width=4) (actual time=0.017..8615.222 rows=36244344 loops=1)
  ->  Hash  (cost=83072.90..83072.90 rows=90 width=8) (actual time=1211.500..1211.500 rows=54 loops=1)
        Buckets: 1024  Batches: 1  Memory Usage: 11kB
        ->  Nested Loop  (cost=0.43..83072.90 rows=90 width=8) (actual time=97.690..1211.429 rows=54 loops=1)
              ->  Seq Scan on movie_keyword mk  (cost=0.00..81003.12 rows=246 width=4) (actual time=6.260..1192.334 rows=471 loops=1)
                    Filter: (keyword_id = 8679)
                    Rows Removed by Filter: 4523459
              ->  Index Scan using title_pkey on title t  (cost=0.43..8.40 rows=1 width=4) (actual time=0.039..0.039 rows=0 loops=471)
                    Index Cond: (id = mk.movie_id)
                    Filter: ((kind_id > 1) AND (production_year > 2002))
                    Rows Removed by Filter: 1
Planning time: 1.170 ms
Execution time: 16614.229 ms
