Hash Join  (cost=69374.09..193726.84 rows=192871 width=0) (actual time=1121.768..3795.615 rows=183641 loops=1)
  Hash Cond: (mk.movie_id = t.id)
  ->  Seq Scan on movie_keyword mk  (cost=0.00..69693.30 rows=4523930 width=4) (actual time=0.023..1331.020 rows=4523930 loops=1)
  ->  Hash  (cost=67604.59..67604.59 rows=107800 width=4) (actual time=1120.241..1120.241 rows=108429 loops=1)
        Buckets: 131072  Batches: 2  Memory Usage: 2938kB
        ->  Seq Scan on title t  (cost=0.00..67604.59 rows=107800 width=4) (actual time=0.029..1077.371 rows=108429 loops=1)
              Filter: (production_year = 2006)
              Rows Removed by Filter: 2419883
Planning time: 1.993 ms
Execution time: 3817.092 ms
