Seq Scan on movie_keyword mk  (cost=0.00..81003.12 rows=2969415 width=0) (actual time=0.035..1387.590 rows=2954106 loops=1)
  Filter: (keyword_id < 9984)
  Rows Removed by Filter: 1569824
Planning time: 0.377 ms
Execution time: 1747.437 ms
