Seq Scan on movie_keyword mk  (cost=0.00..81003.12 rows=2733134 width=0) (actual time=0.024..1487.977 rows=2725658 loops=1)
  Filter: (keyword_id < 7752)
  Rows Removed by Filter: 1798272
Planning time: 0.318 ms
Execution time: 1821.725 ms
