Seq Scan on movie_companies mc  (cost=0.00..51404.11 rows=104 width=0) (actual time=550.184..808.744 rows=1 loops=1)
  Filter: (company_id = 174749)
  Rows Removed by Filter: 2609128
Planning time: 0.385 ms
Execution time: 808.815 ms
