Hash Join  (cost=83810.17..158250.83 rows=484267 width=0) (actual time=1614.918..4163.594 rows=1055949 loops=1)
  Hash Cond: (mc.movie_id = t.id)
  ->  Seq Scan on movie_companies mc  (cost=0.00..51404.11 rows=1239698 width=4) (actual time=0.032..1022.734 rows=1254518 loops=1)
        Filter: (company_id > 11640)
        Rows Removed by Filter: 1354611
  ->  Hash  (cost=67604.59..67604.59 rows=987727 width=4) (actual time=1613.816..1613.816 rows=985048 loops=1)
        Buckets: 131072  Batches: 16  Memory Usage: 3188kB
        ->  Seq Scan on title t  (cost=0.00..67604.59 rows=987727 width=4) (actual time=0.045..1307.702 rows=985048 loops=1)
              Filter: (kind_id < 7)
              Rows Removed by Filter: 1543264
Planning time: 0.778 ms
Execution time: 4265.598 ms
