Hash Join  (cost=187274.10..230340.56 rows=313198 width=0) (actual time=4216.563..5614.181 rows=884200 loops=1)
  Hash Cond: (mi_idx.movie_id = t.id)
  ->  Seq Scan on movie_info_idx mi_idx  (cost=0.00..21735.35 rows=1380035 width=4) (actual time=0.020..526.123 rows=1380035 loops=1)
  ->  Hash  (cost=177859.00..177859.00 rows=573848 width=8) (actual time=4215.626..4215.626 rows=572637 loops=1)
        Buckets: 131072  Batches: 8  Memory Usage: 3821kB
        ->  Hash Join  (cost=102767.86..177859.00 rows=573848 width=8) (actual time=1951.461..4047.496 rows=572637 loops=1)
              Hash Cond: (mc.movie_id = t.id)
              ->  Seq Scan on movie_companies mc  (cost=0.00..51404.11 rows=573848 width=4) (actual time=0.023..928.219 rows=572637 loops=1)
                    Filter: (company_id < 607)
                    Rows Removed by Filter: 2036492
              ->  Hash  (cost=61283.27..61283.27 rows=2528527 width=4) (actual time=1950.684..1950.684 rows=2528312 loops=1)
                    Buckets: 131072  Batches: 64  Memory Usage: 2415kB
                    ->  Seq Scan on title t  (cost=0.00..61283.27 rows=2528527 width=4) (actual time=0.020..1080.185 rows=2528312 loops=1)
Planning time: 1.151 ms
Execution time: 5704.136 ms
