Hash Join  (cost=69484.36..165225.58 rows=53869 width=0) (actual time=1296.164..3194.575 rows=137969 loops=1)
  Hash Cond: (mk.movie_id = t.id)
  ->  Seq Scan on movie_keyword mk  (cost=0.00..81003.12 rows=1189175 width=4) (actual time=0.027..1516.501 rows=1194024 loops=1)
        Filter: (keyword_id < 1450)
        Rows Removed by Filter: 3329906
  ->  Hash  (cost=67604.59..67604.59 rows=114542 width=4) (actual time=1204.996..1204.996 rows=118234 loops=1)
        Buckets: 131072  Batches: 2  Memory Usage: 3107kB
        ->  Seq Scan on title t  (cost=0.00..67604.59 rows=114542 width=4) (actual time=560.410..1163.141 rows=118234 loops=1)
              Filter: (kind_id = 4)
              Rows Removed by Filter: 2410078
Planning time: 0.752 ms
Execution time: 3213.050 ms
