Seq Scan on movie_keyword mk  (cost=0.00..81003.12 rows=246 width=0) (actual time=11.890..935.823 rows=364 loops=1)
  Filter: (keyword_id = 2208)
  Rows Removed by Filter: 4523566
Planning time: 0.374 ms
Execution time: 936.075 ms
