Hash Join  (cost=448026.41..1201385.37 rows=256979 width=0) (actual time=6632.629..28559.904 rows=2554763 loops=1)
  Hash Cond: (ci.movie_id = t.id)
  ->  Seq Scan on cast_info ci  (cost=0.00..614943.12 rows=36225612 width=4) (actual time=0.018..9388.516 rows=36244344 loops=1)
  ->  Hash  (cost=447802.20..447802.20 rows=17937 width=8) (actual time=6632.437..6632.437 rows=61128 loops=1)
        Buckets: 65536 (originally 32768)  Batches: 1 (originally 1)  Memory Usage: 2900kB
        ->  Nested Loop  (cost=0.43..447802.20 rows=17937 width=8) (actual time=2433.285..6599.354 rows=61128 loops=1)
              ->  Seq Scan on movie_info mi  (cost=0.00..346232.03 rows=17937 width=4) (actual time=2433.181..5285.580 rows=61128 loops=1)
                    Filter: (info_type_id = 103)
                    Rows Removed by Filter: 14774592
              ->  Index Only Scan using title_pkey on title t  (cost=0.43..5.65 rows=1 width=4) (actual time=0.021..0.021 rows=1 loops=61128)
                    Index Cond: (id = mi.movie_id)
                    Heap Fetches: 61128
Planning time: 0.757 ms
Execution time: 28888.629 ms
