Hash Join  (cost=52284.46..80916.52 rows=15 width=0) (actual time=916.843..1425.552 rows=183 loops=1)
  Hash Cond: (mi_idx.movie_id = t.id)
  ->  Seq Scan on movie_info_idx mi_idx  (cost=0.00..25185.44 rows=919057 width=4) (actual time=0.021..532.451 rows=920110 loops=1)
        Filter: (info_type_id > 99)
        Rows Removed by Filter: 459925
  ->  Hash  (cost=52283.95..52283.95 rows=41 width=8) (actual time=762.688..762.688 rows=89 loops=1)
        Buckets: 1024  Batches: 1  Memory Usage: 12kB
        ->  Nested Loop  (cost=0.43..52283.95 rows=41 width=8) (actual time=366.597..762.603 rows=89 loops=1)
              ->  Seq Scan on movie_companies mc  (cost=0.00..51404.11 rows=104 width=4) (actual time=366.511..760.089 rows=89 loops=1)
                    Filter: (company_id = 11395)
                    Rows Removed by Filter: 2609040
              ->  Index Scan using title_pkey on title t  (cost=0.43..8.45 rows=1 width=4) (actual time=0.025..0.026 rows=1 loops=89)
                    Index Cond: (id = mc.movie_id)
                    Filter: (kind_id < 7)
Planning time: 1.170 ms
Execution time: 1425.751 ms
