Hash Join  (cost=83074.74..451427.09 rows=574 width=0) (actual time=1485.492..5903.808 rows=617 loops=1)
  Hash Cond: (mi.movie_id = t.id)
  ->  Seq Scan on movie_info mi  (cost=0.00..346232.03 rows=5897221 width=4) (actual time=707.730..4344.681 rows=5884963 loops=1)
        Filter: (info_type_id < 7)
        Rows Removed by Filter: 8950757
  ->  Hash  (cost=83071.67..83071.67 rows=246 width=8) (actual time=732.855..732.855 rows=63 loops=1)
        Buckets: 1024  Batches: 1  Memory Usage: 11kB
        ->  Nested Loop  (cost=0.43..83071.67 rows=246 width=8) (actual time=9.096..732.757 rows=63 loops=1)
              ->  Seq Scan on movie_keyword mk  (cost=0.00..81003.12 rows=246 width=4) (actual time=9.025..730.805 rows=63 loops=1)
                    Filter: (keyword_id = 2698)
                    Rows Removed by Filter: 4523867
              ->  Index Only Scan using title_pkey on title t  (cost=0.43..8.40 rows=1 width=4) (actual time=0.026..0.027 rows=1 loops=63)
                    Index Cond: (id = mk.movie_id)
                    Heap Fetches: 63
Planning time: 1.104 ms
Execution time: 5904.147 ms
