Hash Join  (cost=122940.92..196025.97 rows=83856 width=0) (actual time=3337.008..4835.197 rows=423052 loops=1)
  Hash Cond: (mc.movie_id = t.id)
  ->  Seq Scan on movie_companies mc  (cost=0.00..57926.93 rows=1177481 width=4) (actual time=449.083..1209.130 rows=1266390 loops=1)
        Filter: ((company_id > 159) AND (company_type_id > 1))
        Rows Removed by Filter: 1342739
  ->  Hash  (cost=119986.01..119986.01 rows=180073 width=8) (actual time=2887.088..2887.088 rows=318019 loops=1)
        Buckets: 131072 (originally 131072)  Batches: 8 (originally 4)  Memory Usage: 3073kB
        ->  Hash Join  (cost=83810.17..119986.01 rows=180073 width=8) (actual time=1771.025..2788.244 rows=318019 loops=1)
              Hash Cond: (mi_idx.movie_id = t.id)
              ->  Seq Scan on movie_info_idx mi_idx  (cost=0.00..25185.44 rows=460978 width=4) (actual time=0.026..514.380 rows=459925 loops=1)
                    Filter: (info_type_id = 99)
                    Rows Removed by Filter: 920110
              ->  Hash  (cost=67604.59..67604.59 rows=987727 width=4) (actual time=1769.884..1769.884 rows=985048 loops=1)
                    Buckets: 131072  Batches: 16  Memory Usage: 3188kB
                    ->  Seq Scan on title t  (cost=0.00..67604.59 rows=987727 width=4) (actual time=0.016..1179.712 rows=985048 loops=1)
                          Filter: (kind_id < 7)
                          Rows Removed by Filter: 1543264
Planning time: 1.146 ms
Execution time: 4883.828 ms
