Seq Scan on movie_companies mc  (cost=0.00..51404.11 rows=104 width=0) (actual time=160.191..768.120 rows=8 loops=1)
  Filter: (company_id = 20484)
  Rows Removed by Filter: 2609121
Planning time: 0.228 ms
Execution time: 768.179 ms
