Seq Scan on title t  (cost=0.00..73925.90 rows=1963 width=0) (actual time=523.745..1208.419 rows=4682 loops=1)
  Filter: ((kind_id < 2) AND (production_year = 1987))
  Rows Removed by Filter: 2523630
Planning time: 1.158 ms
Execution time: 1209.531 ms
