Seq Scan on cast_info ci  (cost=0.00..796071.18 rows=5386321 width=0) (actual time=13.595..14221.734 rows=2510448 loops=1)
  Filter: ((person_id < 2063634) AND (role_id > 4))
  Rows Removed by Filter: 33733896
Planning time: 0.972 ms
Execution time: 14544.487 ms
