Seq Scan on cast_info ci  (cost=0.00..796071.18 rows=5533672 width=0) (actual time=2691.451..12604.181 rows=2344111 loops=1)
  Filter: ((person_id < 825557) AND (role_id > 1))
  Rows Removed by Filter: 33900233
Planning time: 0.381 ms
Execution time: 12896.875 ms
