Hash Join  (cost=130636.89..1208429.61 rows=4282150 width=0) (actual time=2799.803..36149.621 rows=13087607 loops=1)
  Hash Cond: (ci.movie_id = t.id)
  ->  Seq Scan on cast_info ci  (cost=0.00..614943.12 rows=36225612 width=4) (actual time=0.016..13630.245 rows=36244344 loops=1)
  ->  Hash  (cost=125732.74..125732.74 rows=298892 width=8) (actual time=2798.989..2798.989 rows=456004 loops=1)
        Buckets: 131072 (originally 131072)  Batches: 8 (originally 4)  Memory Usage: 3261kB
        ->  Hash Join  (cost=82911.34..125732.74 rows=298892 width=8) (actual time=1306.269..2651.295 rows=456004 loops=1)
              Hash Cond: (mi_idx.movie_id = t.id)
              ->  Seq Scan on movie_info_idx mi_idx  (cost=0.00..21735.35 rows=1380035 width=4) (actual time=0.018..400.596 rows=1380035 loops=1)
              ->  Hash  (cost=73925.90..73925.90 rows=547635 width=4) (actual time=1304.870..1304.870 rows=423877 loops=1)
                    Buckets: 131072  Batches: 8  Memory Usage: 2886kB
                    ->  Seq Scan on title t  (cost=0.00..73925.90 rows=547635 width=4) (actual time=0.012..1171.811 rows=423877 loops=1)
                          Filter: ((kind_id < 4) AND (production_year > 1995))
                          Rows Removed by Filter: 2104435
Planning time: 1.204 ms
Execution time: 37619.552 ms
