Hash Join  (cost=74281.64..873716.38 rows=9801 width=0) (actual time=12199.790..13988.401 rows=10597 loops=1)
  Hash Cond: (ci.movie_id = t.id)
  ->  Seq Scan on cast_info ci  (cost=0.00..796071.18 rows=870814 width=4) (actual time=11103.622..12578.759 rows=1324415 loops=1)
        Filter: ((person_id > 2540876) AND (role_id = 4))
        Rows Removed by Filter: 34919929
  ->  Hash  (cost=73925.90..73925.90 rows=28459 width=4) (actual time=1095.595..1095.595 rows=16117 loops=1)
        Buckets: 32768  Batches: 1  Memory Usage: 823kB
        ->  Seq Scan on title t  (cost=0.00..73925.90 rows=28459 width=4) (actual time=0.035..1088.269 rows=16117 loops=1)
              Filter: ((kind_id = 1) AND (production_year = 2006))
              Rows Removed by Filter: 2512195
Planning time: 0.803 ms
Execution time: 13990.649 ms
