Hash Join  (cost=93117.31..1307544.49 rows=16308300 width=0) (actual time=1861.248..36602.877 rows=16475045 loops=1)
  Hash Cond: (ci.movie_id = t.id)
  ->  Seq Scan on cast_info ci  (cost=0.00..705507.15 rows=26518006 width=4) (actual time=0.062..15612.560 rows=26564327 loops=1)
        Filter: (person_id < 2740943)
        Rows Removed by Filter: 9680017
  ->  Hash  (cost=67604.59..67604.59 rows=1555018 width=4) (actual time=1859.688..1859.688 rows=1551727 loops=1)
        Buckets: 131072  Batches: 32  Memory Usage: 2728kB
        ->  Seq Scan on title t  (cost=0.00..67604.59 rows=1555018 width=4) (actual time=0.026..1362.183 rows=1551727 loops=1)
              Filter: (production_year < 2007)
              Rows Removed by Filter: 976585
Planning time: 0.802 ms
Execution time: 38464.432 ms
