Hash Join  (cost=171645.95..1354934.92 rows=14551779 width=0) (actual time=3777.411..39435.418 rows=22271223 loops=1)
  Hash Cond: (ci.movie_id = t.id)
  ->  Seq Scan on cast_info ci  (cost=0.00..614943.12 rows=36225612 width=4) (actual time=0.022..13317.297 rows=36244344 loops=1)
  ->  Hash  (cost=154981.62..154981.62 rows=1015706 width=8) (actual time=3776.493..3776.493 rows=750135 loops=1)
        Buckets: 131072  Batches: 16  Memory Usage: 2867kB
        ->  Hash Join  (cost=98137.04..154981.62 rows=1015706 width=8) (actual time=1901.360..3549.982 rows=750135 loops=1)
              Hash Cond: (mi_idx.movie_id = t.id)
              ->  Seq Scan on movie_info_idx mi_idx  (cost=0.00..21735.35 rows=1380035 width=4) (actual time=0.020..459.546 rows=1380035 loops=1)
              ->  Hash  (cost=67604.59..67604.59 rows=1860996 width=4) (actual time=1899.880..1899.880 rows=1865487 loops=1)
                    Buckets: 131072  Batches: 32  Memory Usage: 3079kB
                    ->  Seq Scan on title t  (cost=0.00..67604.59 rows=1860996 width=4) (actual time=0.014..1312.696 rows=1865487 loops=1)
                          Filter: (kind_id > 1)
                          Rows Removed by Filter: 662825
Planning time: 1.169 ms
Execution time: 41896.323 ms
