Hash Join  (cost=102767.86..835866.75 rows=736107 width=0) (actual time=2398.067..14061.030 rows=624508 loops=1)
  Hash Cond: (ci.movie_id = t.id)
  ->  Seq Scan on cast_info ci  (cost=0.00..705507.15 rows=736107 width=4) (actual time=378.858..10966.422 rows=624508 loops=1)
        Filter: (person_id < 66853)
        Rows Removed by Filter: 35619836
  ->  Hash  (cost=61283.27..61283.27 rows=2528527 width=4) (actual time=2017.137..2017.137 rows=2528312 loops=1)
        Buckets: 131072  Batches: 64  Memory Usage: 2415kB
        ->  Seq Scan on title t  (cost=0.00..61283.27 rows=2528527 width=4) (actual time=0.030..1195.228 rows=2528312 loops=1)
Planning time: 0.720 ms
Execution time: 14139.597 ms
