Seq Scan on movie_keyword mk  (cost=0.00..81003.12 rows=3276663 width=0) (actual time=0.025..1611.301 rows=3264342 loops=1)
  Filter: (keyword_id < 14245)
  Rows Removed by Filter: 1259588
Planning time: 0.302 ms
Execution time: 2017.083 ms
