Hash Join  (cost=199500.85..1304337.83 rows=3580695 width=0) (actual time=3906.464..33761.699 rows=1889840 loops=1)
  Hash Cond: (ci.movie_id = t.id)
  ->  Seq Scan on cast_info ci  (cost=0.00..796071.18 rows=23476760 width=4) (actual time=0.021..18478.116 rows=23566892 loops=1)
        Filter: ((person_id > 3878) AND (role_id > 1))
        Rows Removed by Filter: 12677452
  ->  Hash  (cost=193173.18..193173.18 rows=385653 width=8) (actual time=3905.496..3905.496 rows=79059 loops=1)
        Buckets: 131072  Batches: 8  Memory Usage: 1419kB
        ->  Hash Join  (cost=94403.79..193173.18 rows=385653 width=8) (actual time=2529.868..3871.830 rows=79059 loops=1)
              Hash Cond: (mk.movie_id = t.id)
              ->  Seq Scan on movie_keyword mk  (cost=0.00..81003.12 rows=781263 width=4) (actual time=0.023..1376.556 rows=784468 loops=1)
                    Filter: (keyword_id < 750)
                    Rows Removed by Filter: 3739462
              ->  Hash  (cost=73925.90..73925.90 rows=1248151 width=4) (actual time=1864.156..1864.156 rows=1332982 loops=1)
                    Buckets: 131072  Batches: 32  Memory Usage: 2499kB
                    ->  Seq Scan on title t  (cost=0.00..73925.90 rows=1248151 width=4) (actual time=0.022..1421.351 rows=1332982 loops=1)
                          Filter: ((production_year > 1972) AND (kind_id = 7))
                          Rows Removed by Filter: 1195330
Planning time: 1.152 ms
Execution time: 33977.371 ms
