Nested Loop  (cost=0.43..80404.93 rows=766 width=0) (actual time=345.953..1109.545 rows=134 loops=1)
  ->  Seq Scan on movie_companies mc  (cost=0.00..57926.93 rows=2900 width=4) (actual time=90.921..985.733 rows=3254 loops=1)
        Filter: ((company_type_id < 2) AND (company_id = 73))
        Rows Removed by Filter: 2605875
  ->  Index Scan using title_pkey on title t  (cost=0.43..7.74 rows=1 width=4) (actual time=0.037..0.037 rows=0 loops=3254)
        Index Cond: (id = mc.movie_id)
        Filter: (kind_id = 1)
        Rows Removed by Filter: 1
Planning time: 0.717 ms
Execution time: 1109.731 ms
