Seq Scan on movie_companies mc  (cost=0.00..57926.93 rows=2559 width=0) (actual time=0.544..907.669 rows=2292 loops=1)
  Filter: ((company_type_id < 2) AND (company_id = 11373))
  Rows Removed by Filter: 2606837
Planning time: 0.389 ms
Execution time: 908.185 ms
