Hash Join  (cost=175857.92..1360273.90 rows=7926804 width=0) (actual time=4494.927..50100.225 rows=36193718 loops=1)
  Hash Cond: (ci.movie_id = t.id)
  ->  Seq Scan on cast_info ci  (cost=0.00..705507.15 rows=34366344 width=4) (actual time=0.026..16438.089 rows=34455714 loops=1)
        Filter: (person_id > 177707)
        Rows Removed by Filter: 1788630
  ->  Hash  (cost=166288.67..166288.67 rows=583220 width=8) (actual time=4493.658..4493.658 rows=1316697 loops=1)
        Buckets: 131072 (originally 131072)  Batches: 32 (originally 8)  Memory Usage: 3073kB
        ->  Hash Join  (cost=83198.94..166288.67 rows=583220 width=8) (actual time=1432.192..4099.946 rows=1316697 loops=1)
              Hash Cond: (mc.movie_id = t.id)
              ->  Seq Scan on movie_companies mc  (cost=0.00..44881.29 rows=2609129 width=4) (actual time=0.021..916.224 rows=2609129 loops=1)
              ->  Hash  (cost=73925.90..73925.90 rows=565203 width=4) (actual time=1431.357..1431.357 rows=641785 loops=1)
                    Buckets: 131072  Batches: 8  Memory Usage: 3862kB
                    ->  Seq Scan on title t  (cost=0.00..73925.90 rows=565203 width=4) (actual time=2.676..1222.878 rows=641785 loops=1)
                          Filter: ((kind_id < 7) AND (production_year < 2006))
                          Rows Removed by Filter: 1886527
Planning time: 4.206 ms
Execution time: 54126.117 ms
