Hash Join  (cost=122069.77..198938.92 rows=131962 width=0) (actual time=2580.774..5101.153 rows=886765 loops=1)
  Hash Cond: (mc.movie_id = t.id)
  ->  Seq Scan on movie_companies mc  (cost=0.00..44881.29 rows=2609129 width=4) (actual time=0.024..987.861 rows=2609129 loops=1)
  ->  Hash  (cost=119971.21..119971.21 rows=127885 width=8) (actual time=2580.053..2580.053 rows=266124 loops=1)
        Buckets: 131072 (originally 131072)  Batches: 4 (originally 2)  Memory Usage: 3629kB
        ->  Hash Join  (cost=85435.26..119971.21 rows=127885 width=8) (actual time=1561.361..2485.607 rows=266124 loops=1)
              Hash Cond: (mi_idx.movie_id = t.id)
              ->  Seq Scan on movie_info_idx mi_idx  (cost=0.00..25185.44 rows=460978 width=4) (actual time=0.024..449.720 rows=459925 loops=1)
                    Filter: (info_type_id < 100)
                    Rows Removed by Filter: 920110
              ->  Hash  (cost=73925.90..73925.90 rows=701468 width=4) (actual time=1560.382..1560.382 rows=749931 loops=1)
                    Buckets: 131072  Batches: 16  Memory Usage: 2673kB
                    ->  Seq Scan on title t  (cost=0.00..73925.90 rows=701468 width=4) (actual time=0.013..1324.297 rows=749931 loops=1)
                          Filter: ((kind_id < 7) AND (production_year < 2009))
                          Rows Removed by Filter: 1778381
Planning time: 1.288 ms
Execution time: 5191.456 ms
