Seq Scan on cast_info ci  (cost=0.00..796071.18 rows=684294 width=0) (actual time=958.869..11517.892 rows=248547 loops=1)
  Filter: ((person_id < 96702) AND (role_id > 1))
  Rows Removed by Filter: 35995797
Planning time: 0.380 ms
Execution time: 11549.862 ms
