Hash Join  (cost=83074.74..109986.57 rows=134 width=0) (actual time=1163.888..1691.474 rows=638 loops=1)
  Hash Cond: (mi_idx.movie_id = t.id)
  ->  Seq Scan on movie_info_idx mi_idx  (cost=0.00..21735.35 rows=1380035 width=4) (actual time=0.046..301.054 rows=1380035 loops=1)
  ->  Hash  (cost=83071.67..83071.67 rows=246 width=8) (actual time=1163.330..1163.330 rows=223 loops=1)
        Buckets: 1024  Batches: 1  Memory Usage: 17kB
        ->  Nested Loop  (cost=0.43..83071.67 rows=246 width=8) (actual time=11.357..1163.088 rows=223 loops=1)
              ->  Seq Scan on movie_keyword mk  (cost=0.00..81003.12 rows=246 width=4) (actual time=11.226..1156.050 rows=223 loops=1)
                    Filter: (keyword_id = 2915)
                    Rows Removed by Filter: 4523707
              ->  Index Only Scan using title_pkey on title t  (cost=0.43..8.40 rows=1 width=4) (actual time=0.028..0.028 rows=1 loops=223)
                    Index Cond: (id = mk.movie_id)
                    Heap Fetches: 223
Planning time: 8.724 ms
Execution time: 1691.738 ms
