Seq Scan on movie_companies mc  (cost=0.00..51404.11 rows=104 width=0) (actual time=425.624..863.817 rows=190 loops=1)
  Filter: (company_id = 88504)
  Rows Removed by Filter: 2608939
Planning time: 2.555 ms
Execution time: 863.970 ms
