Hash Join  (cost=217858.32..1497971.10 rows=14969344 width=0) (actual time=5107.954..47277.559 rows=24261264 loops=1)
  Hash Cond: (ci.movie_id = t.id)
  ->  Seq Scan on cast_info ci  (cost=0.00..796071.18 rows=28467245 width=4) (actual time=0.021..19928.737 rows=28612942 loops=1)
        Filter: ((person_id > 25054) AND (role_id < 8))
        Rows Removed by Filter: 7631402
  ->  Hash  (cost=196044.17..196044.17 rows=1329612 width=8) (actual time=5106.952..5106.952 rows=1334883 loops=1)
        Buckets: 131072  Batches: 32  Memory Usage: 2639kB
        ->  Hash Join  (cost=102767.86..196044.17 rows=1329612 width=8) (actual time=2010.892..4745.017 rows=1334883 loops=1)
              Hash Cond: (mc.movie_id = t.id)
              ->  Seq Scan on movie_companies mc  (cost=0.00..51404.11 rows=1329612 width=4) (actual time=0.017..930.089 rows=1334883 loops=1)
                    Filter: (company_type_id = 2)
                    Rows Removed by Filter: 1274246
              ->  Hash  (cost=61283.27..61283.27 rows=2528527 width=4) (actual time=2009.996..2009.996 rows=2528312 loops=1)
                    Buckets: 131072  Batches: 64  Memory Usage: 2415kB
                    ->  Seq Scan on title t  (cost=0.00..61283.27 rows=2528527 width=4) (actual time=0.020..1173.583 rows=2528312 loops=1)
Planning time: 1.119 ms
Execution time: 50065.756 ms
