Hash Join  (cost=150945.64..283862.27 rows=895859 width=0) (actual time=5314.952..6601.887 rows=729472 loops=1)
  Hash Cond: (mk.movie_id = t.id)
  ->  Seq Scan on movie_keyword mk  (cost=0.00..69693.30 rows=4523930 width=4) (actual time=0.022..1522.967 rows=4523930 loops=1)
  ->  Hash  (cost=142730.69..142730.69 rows=500716 width=8) (actual time=3135.828..3135.828 rows=280770 loops=1)
        Buckets: 131072  Batches: 8  Memory Usage: 2401kB
        ->  Hash Join  (cost=96527.63..142730.69 rows=500716 width=8) (actual time=1815.221..3052.512 rows=280770 loops=1)
              Hash Cond: (mi_idx.movie_id = t.id)
              ->  Seq Scan on movie_info_idx mi_idx  (cost=0.00..25185.44 rows=919057 width=4) (actual time=0.022..520.138 rows=920110 loops=1)
                    Filter: (info_type_id > 99)
                    Rows Removed by Filter: 459925
              ->  Hash  (cost=73925.90..73925.90 rows=1377578 width=4) (actual time=1797.786..1797.786 rows=1455833 loops=1)
                    Buckets: 131072  Batches: 32  Memory Usage: 2626kB
                    ->  Seq Scan on title t  (cost=0.00..73925.90 rows=1377578 width=4) (actual time=323.013..1331.665 rows=1455833 loops=1)
                          Filter: ((production_year > 1955) AND (kind_id = 7))
                          Rows Removed by Filter: 1072479
Planning time: 1.176 ms
Execution time: 6675.449 ms
