Hash Join  (cost=133121.76..515886.70 rows=99675 width=0) (actual time=2422.008..10626.487 rows=916031 loops=1)
  Hash Cond: (mi.movie_id = t.id)
  ->  Seq Scan on movie_info mi  (cost=0.00..346232.03 rows=9476311 width=4) (actual time=0.020..5820.863 rows=9565151 loops=1)
        Filter: (info_type_id < 16)
        Rows Removed by Filter: 5270569
  ->  Hash  (cost=132789.31..132789.31 rows=26596 width=8) (actual time=2421.702..2421.702 rows=41979 loops=1)
        Buckets: 65536 (originally 32768)  Batches: 1 (originally 1)  Memory Usage: 2152kB
        ->  Hash Join  (cost=74394.67..132789.31 rows=26596 width=8) (actual time=1065.178..2404.157 rows=41979 loops=1)
              Hash Cond: (mc.movie_id = t.id)
              ->  Seq Scan on movie_companies mc  (cost=0.00..51404.11 rows=1793219 width=4) (actual time=0.016..924.105 rows=1784567 loops=1)
                    Filter: (company_id < 28005)
                    Rows Removed by Filter: 824562
              ->  Hash  (cost=73925.90..73925.90 rows=37501 width=4) (actual time=1064.831..1064.831 rows=32253 loops=1)
                    Buckets: 65536  Batches: 1  Memory Usage: 1646kB
                    ->  Seq Scan on title t  (cost=0.00..73925.90 rows=37501 width=4) (actual time=0.078..1051.563 rows=32253 loops=1)
                          Filter: ((kind_id < 7) AND (production_year = 2005))
                          Rows Removed by Filter: 2496059
Planning time: 1.193 ms
Execution time: 10746.278 ms
