Hash Join  (cost=102767.86..231310.82 rows=1565159 width=0) (actual time=1882.645..4928.966 rows=1572372 loops=1)
  Hash Cond: (mk.movie_id = t.id)
  ->  Seq Scan on movie_keyword mk  (cost=0.00..81003.12 rows=1565159 width=4) (actual time=0.011..1444.817 rows=1572372 loops=1)
        Filter: (keyword_id < 2375)
        Rows Removed by Filter: 2951558
  ->  Hash  (cost=61283.27..61283.27 rows=2528527 width=4) (actual time=1881.659..1881.659 rows=2528312 loops=1)
        Buckets: 131072  Batches: 64  Memory Usage: 2425kB
        ->  Seq Scan on title t  (cost=0.00..61283.27 rows=2528527 width=4) (actual time=0.020..1008.022 rows=2528312 loops=1)
Planning time: 0.686 ms
Execution time: 5114.570 ms
