Hash Join  (cost=160103.04..276401.29 rows=611591 width=0) (actual time=3913.722..6861.704 rows=968674 loops=1)
  Hash Cond: (mk.movie_id = t.id)
  ->  Seq Scan on movie_keyword mk  (cost=0.00..81003.12 rows=2296055 width=4) (actual time=0.013..1600.501 rows=2297513 loops=1)
        Filter: (keyword_id < 4925)
        Rows Removed by Filter: 2226417
  ->  Hash  (cost=149053.12..149053.12 rows=673514 width=8) (actual time=3911.846..3911.846 rows=500090 loops=1)
        Buckets: 131072  Batches: 16  Memory Usage: 2259kB
        ->  Hash Join  (cost=98137.04..149053.12 rows=673514 width=8) (actual time=1936.480..3749.496 rows=500090 loops=1)
              Hash Cond: (mi_idx.movie_id = t.id)
              ->  Seq Scan on movie_info_idx mi_idx  (cost=0.00..25185.44 rows=915101 width=4) (actual time=0.026..532.014 rows=919850 loops=1)
                    Filter: (info_type_id < 101)
                    Rows Removed by Filter: 460185
              ->  Hash  (cost=67604.59..67604.59 rows=1860996 width=4) (actual time=1935.419..1935.419 rows=1865487 loops=1)
                    Buckets: 131072  Batches: 32  Memory Usage: 3079kB
                    ->  Seq Scan on title t  (cost=0.00..67604.59 rows=1860996 width=4) (actual time=0.021..1340.369 rows=1865487 loops=1)
                          Filter: (kind_id > 1)
                          Rows Removed by Filter: 662825
Planning time: 1.217 ms
Execution time: 6982.033 ms
