Hash Join  (cost=102767.86..1204520.09 rows=12293111 width=0) (actual time=1882.577..28535.575 rows=11843043 loops=1)
  Hash Cond: (ci.movie_id = t.id)
  ->  Seq Scan on cast_info ci  (cost=0.00..796071.18 rows=12293111 width=4) (actual time=0.025..16965.569 rows=11843043 loops=1)
        Filter: ((person_id > 115983) AND (role_id = 1))
        Rows Removed by Filter: 24401301
  ->  Hash  (cost=61283.27..61283.27 rows=2528527 width=4) (actual time=1881.163..1881.163 rows=2528312 loops=1)
        Buckets: 131072  Batches: 64  Memory Usage: 2415kB
        ->  Seq Scan on title t  (cost=0.00..61283.27 rows=2528527 width=4) (actual time=0.025..1044.982 rows=2528312 loops=1)
Planning time: 0.764 ms
Execution time: 29894.843 ms
