Hash Join  (cost=108425.96..484351.30 rows=155487 width=0) (actual time=2158.498..9796.651 rows=529508 loops=1)
  Hash Cond: (mi.movie_id = t.id)
  ->  Seq Scan on movie_info mi  (cost=0.00..346232.03 rows=7503588 width=4) (actual time=106.160..5873.110 rows=7548855 loops=1)
        Filter: (info_type_id > 7)
        Rows Removed by Filter: 7286865
  ->  Hash  (cost=107771.02..107771.02 rows=52395 width=8) (actual time=2051.557..2051.557 rows=57870 loops=1)
        Buckets: 65536  Batches: 1  Memory Usage: 2773kB
        ->  Hash Join  (cost=69179.59..107771.02 rows=52395 width=8) (actual time=1068.494..2031.856 rows=57870 loops=1)
              Hash Cond: (mi_idx.movie_id = t.id)
              ->  Seq Scan on movie_info_idx mi_idx  (cost=0.00..21735.35 rows=1380035 width=4) (actual time=0.040..460.925 rows=1380035 loops=1)
              ->  Hash  (cost=67604.59..67604.59 rows=96000 width=4) (actual time=1067.642..1067.642 rows=95005 loops=1)
                    Buckets: 131072  Batches: 2  Memory Usage: 2716kB
                    ->  Seq Scan on title t  (cost=0.00..67604.59 rows=96000 width=4) (actual time=0.041..1030.510 rows=95005 loops=1)
                          Filter: (production_year = 2005)
                          Rows Removed by Filter: 2433307
Planning time: 1.140 ms
Execution time: 9867.955 ms
