Hash Join  (cost=89762.59..173935.76 rows=662616 width=0) (actual time=1690.311..4318.867 rows=846518 loops=1)
  Hash Cond: (mc.movie_id = t.id)
  ->  Seq Scan on movie_companies mc  (cost=0.00..57926.93 rows=1240554 width=4) (actual time=0.026..1245.256 rows=1274246 loops=1)
        Filter: ((company_id < 170498) AND (company_type_id = 1))
        Rows Removed by Filter: 1334883
  ->  Hash  (cost=67604.59..67604.59 rows=1350560 width=4) (actual time=1688.791..1688.791 rows=1348293 loops=1)
        Buckets: 131072  Batches: 32  Memory Usage: 2505kB
        ->  Seq Scan on title t  (cost=0.00..67604.59 rows=1350560 width=4) (actual time=0.018..1258.185 rows=1348293 loops=1)
              Filter: (production_year < 2005)
              Rows Removed by Filter: 1180019
Planning time: 0.752 ms
Execution time: 4411.822 ms
