Seq Scan on movie_companies mc  (cost=0.00..51404.11 rows=1214728 width=0) (actual time=0.031..871.913 rows=1227301 loops=1)
  Filter: (company_id > 11950)
  Rows Removed by Filter: 1381828
Planning time: 0.324 ms
Execution time: 1022.107 ms
