Hash Join  (cost=101715.84..456345.79 rows=16812 width=0) (actual time=2790.001..7630.554 rows=14484 loops=1)
  Hash Cond: (mi.movie_id = t.id)
  ->  Seq Scan on movie_info mi  (cost=0.00..346232.03 rows=2194617 width=4) (actual time=1002.730..5429.444 rows=2233850 loops=1)
        Filter: (info_type_id > 16)
        Rows Removed by Filter: 12601870
  ->  Hash  (cost=101473.71..101473.71 rows=19370 width=8) (actual time=1785.569..1785.569 rows=11868 loops=1)
        Buckets: 32768  Batches: 1  Memory Usage: 720kB
        ->  Hash Join  (cost=74369.53..101473.71 rows=19370 width=8) (actual time=1154.618..1781.133 rows=11868 loops=1)
              Hash Cond: (mi_idx.movie_id = t.id)
              ->  Seq Scan on movie_info_idx mi_idx  (cost=0.00..21735.35 rows=1380035 width=4) (actual time=0.030..297.211 rows=1380035 loops=1)
              ->  Hash  (cost=73925.90..73925.90 rows=35490 width=4) (actual time=1153.922..1153.922 rows=39698 loops=1)
                    Buckets: 65536  Batches: 1  Memory Usage: 1908kB
                    ->  Seq Scan on title t  (cost=0.00..73925.90 rows=35490 width=4) (actual time=0.137..1136.809 rows=39698 loops=1)
                          Filter: ((kind_id = 7) AND (production_year = 2001))
                          Rows Removed by Filter: 2488614
Planning time: 1.369 ms
Execution time: 7632.876 ms
