Seq Scan on movie_companies mc  (cost=0.00..57926.93 rows=53 width=0) (actual time=365.229..827.588 rows=8 loops=1)
  Filter: ((company_id = 36461) AND (company_type_id = 2))
  Rows Removed by Filter: 2609121
Planning time: 2.661 ms
Execution time: 827.677 ms
