Hash Join  (cost=89047.09..124844.40 rows=168020 width=0) (actual time=1560.941..2518.884 rows=311338 loops=1)
  Hash Cond: (mi_idx.movie_id = t.id)
  ->  Seq Scan on movie_info_idx mi_idx  (cost=0.00..25185.44 rows=460978 width=4) (actual time=0.015..479.511 rows=459925 loops=1)
        Filter: (info_type_id < 100)
        Rows Removed by Filter: 920110
  ->  Hash  (cost=73925.90..73925.90 rows=921615 width=4) (actual time=1559.664..1559.664 rows=876587 loops=1)
        Buckets: 131072  Batches: 16  Memory Usage: 2950kB
        ->  Seq Scan on title t  (cost=0.00..73925.90 rows=921615 width=4) (actual time=0.932..1282.697 rows=876587 loops=1)
              Filter: ((kind_id < 7) AND (production_year > 1924))
              Rows Removed by Filter: 1651725
Planning time: 0.592 ms
Execution time: 2551.938 ms
