Hash Join  (cost=78097.80..1077178.39 rows=2340666 width=0) (actual time=1155.305..25821.600 rows=1129905 loops=1)
  Hash Cond: (ci.movie_id = t.id)
  ->  Seq Scan on cast_info ci  (cost=0.00..705507.15 rows=23279673 width=4) (actual time=0.026..15219.366 rows=23165252 loops=1)
        Filter: (person_id < 2369077)
        Rows Removed by Filter: 13079092
  ->  Hash  (cost=73925.90..73925.90 rows=254232 width=4) (actual time=1154.231..1154.231 rows=145458 loops=1)
        Buckets: 131072  Batches: 4  Memory Usage: 2301kB
        ->  Seq Scan on title t  (cost=0.00..73925.90 rows=254232 width=4) (actual time=0.014..1105.148 rows=145458 loops=1)
              Filter: ((production_year < 1973) AND (kind_id = 7))
              Rows Removed by Filter: 2382854
Planning time: 0.787 ms
Execution time: 25954.077 ms
