Hash Join  (cost=102767.86..280858.82 rows=3624236 width=0) (actual time=1926.204..6643.949 rows=3624033 loops=1)
  Hash Cond: (mk.movie_id = t.id)
  ->  Seq Scan on movie_keyword mk  (cost=0.00..81003.12 rows=3624236 width=4) (actual time=0.022..1772.092 rows=3624033 loops=1)
        Filter: (keyword_id < 20509)
        Rows Removed by Filter: 899897
  ->  Hash  (cost=61283.27..61283.27 rows=2528527 width=4) (actual time=1924.400..1924.400 rows=2528312 loops=1)
        Buckets: 131072  Batches: 64  Memory Usage: 2425kB
        ->  Seq Scan on title t  (cost=0.00..61283.27 rows=2528527 width=4) (actual time=0.023..1081.604 rows=2528312 loops=1)
Planning time: 0.712 ms
Execution time: 7050.591 ms
