Hash Join  (cost=58375.85..85286.62 rows=29 width=0) (actual time=860.267..1464.866 rows=51 loops=1)
  Hash Cond: (mi_idx.movie_id = t.id)
  ->  Seq Scan on movie_info_idx mi_idx  (cost=0.00..21735.35 rows=1380035 width=4) (actual time=0.020..382.067 rows=1380035 loops=1)
  ->  Hash  (cost=58375.18..58375.18 rows=53 width=8) (actual time=833.896..833.896 rows=48 loops=1)
        Buckets: 1024  Batches: 1  Memory Usage: 10kB
        ->  Nested Loop  (cost=0.43..58375.18 rows=53 width=8) (actual time=275.254..833.858 rows=48 loops=1)
              ->  Seq Scan on movie_companies mc  (cost=0.00..57926.93 rows=53 width=4) (actual time=275.182..832.752 rows=48 loops=1)
                    Filter: ((company_id = 76195) AND (company_type_id = 2))
                    Rows Removed by Filter: 2609081
              ->  Index Only Scan using title_pkey on title t  (cost=0.43..8.45 rows=1 width=4) (actual time=0.021..0.021 rows=1 loops=48)
                    Index Cond: (id = mc.movie_id)
                    Heap Fetches: 48
Planning time: 1.315 ms
Execution time: 1465.005 ms
