Hash Join  (cost=92883.59..215932.38 rows=1161131 width=0) (actual time=3975.141..5162.897 rows=293059 loops=1)
  Hash Cond: (mk.movie_id = t.id)
  ->  Seq Scan on movie_keyword mk  (cost=0.00..81003.12 rows=1905472 width=4) (actual time=0.025..1598.704 rows=1915734 loops=1)
        Filter: (keyword_id > 7076)
        Rows Removed by Filter: 2608196
  ->  Hash  (cost=67604.59..67604.59 rows=1540800 width=4) (actual time=2393.740..2393.740 rows=1543264 loops=1)
        Buckets: 131072  Batches: 32  Memory Usage: 2728kB
        ->  Seq Scan on title t  (cost=0.00..67604.59 rows=1540800 width=4) (actual time=0.029..1266.333 rows=1543264 loops=1)
              Filter: (kind_id = 7)
              Rows Removed by Filter: 985048
Planning time: 0.778 ms
Execution time: 5197.828 ms
