Seq Scan on cast_info ci  (cost=0.00..705507.15 rows=17314535 width=0) (actual time=0.019..12477.006 rows=17200612 loops=1)
  Filter: (person_id < 1698815)
  Rows Removed by Filter: 19043732
Planning time: 0.340 ms
Execution time: 14585.853 ms
