Hash Join  (cost=851652.75..1068694.07 rows=1766742 width=0) (actual time=24880.534..28046.625 rows=1179205 loops=1)
  Hash Cond: (mk.movie_id = t.id)
  ->  Seq Scan on movie_keyword mk  (cost=0.00..69693.30 rows=4523930 width=4) (actual time=0.011..1391.081 rows=4523930 loops=1)
  ->  Hash  (cost=835451.35..835451.35 rows=987472 width=8) (actual time=24383.507..24383.507 rows=1292350 loops=1)
        Buckets: 131072 (originally 131072)  Batches: 32 (originally 16)  Memory Usage: 3073kB
        ->  Hash Join  (cost=74787.47..835451.35 rows=987472 width=8) (actual time=1250.723..23270.708 rows=1292350 loops=1)
              Hash Cond: (ci.movie_id = t.id)
              ->  Seq Scan on cast_info ci  (cost=0.00..614943.12 rows=36225612 width=4) (actual time=0.016..9349.576 rows=36244344 loops=1)
              ->  Hash  (cost=73925.90..73925.90 rows=68925 width=4) (actual time=1250.123..1250.123 rows=84076 loops=1)
                    Buckets: 131072  Batches: 1  Memory Usage: 3980kB
                    ->  Seq Scan on title t  (cost=0.00..73925.90 rows=68925 width=4) (actual time=0.025..1216.288 rows=84076 loops=1)
                          Filter: ((kind_id = 7) AND (production_year = 2007))
                          Rows Removed by Filter: 2444236
Planning time: 1.068 ms
Execution time: 28159.345 ms
