Nested Loop  (cost=0.43..709673.15 rows=195 width=0) (actual time=5801.474..11362.589 rows=342 loops=1)
  ->  Seq Scan on cast_info ci  (cost=0.00..705507.15 rows=500 width=4) (actual time=5801.322..11062.683 rows=343 loops=1)
        Filter: (person_id = 2154649)
        Rows Removed by Filter: 36244001
  ->  Index Scan using title_pkey on title t  (cost=0.43..8.32 rows=1 width=4) (actual time=0.873..0.873 rows=1 loops=343)
        Index Cond: (id = ci.movie_id)
        Filter: (kind_id < 7)
        Rows Removed by Filter: 0
Planning time: 1.409 ms
Execution time: 11362.787 ms
