Seq Scan on cast_info ci  (cost=0.00..705507.15 rows=21759697 width=0) (actual time=0.016..11725.529 rows=21848239 loops=1)
  Filter: (person_id > 1417431)
  Rows Removed by Filter: 14396105
Planning time: 0.337 ms
Execution time: 14263.432 ms
