Nested Loop  (cost=0.43..83072.90 rows=2 width=0) (actual time=89.042..1257.601 rows=10 loops=1)
  ->  Seq Scan on movie_keyword mk  (cost=0.00..81003.12 rows=246 width=4) (actual time=0.037..1228.398 rows=313 loops=1)
        Filter: (keyword_id = 1313)
        Rows Removed by Filter: 4523617
  ->  Index Scan using title_pkey on title t  (cost=0.43..8.40 rows=1 width=4) (actual time=0.091..0.091 rows=0 loops=313)
        Index Cond: (id = mk.movie_id)
        Filter: ((kind_id = 1) AND (production_year = 2004))
        Rows Removed by Filter: 1
Planning time: 0.832 ms
Execution time: 1257.723 ms
