Seq Scan on cast_info ci  (cost=0.00..796071.18 rows=43883 width=0) (actual time=961.911..11910.369 rows=16740 loops=1)
  Filter: ((person_id < 426725) AND (role_id > 10))
  Rows Removed by Filter: 36227604
Planning time: 0.323 ms
Execution time: 11912.220 ms
