Seq Scan on cast_info ci  (cost=0.00..705507.15 rows=30930039 width=0) (actual time=0.028..13927.443 rows=31042043 loops=1)
  Filter: (person_id > 503109)
  Rows Removed by Filter: 5202301
Planning time: 0.357 ms
Execution time: 17831.617 ms
