Hash Join  (cost=207637.89..1024608.19 rows=449325 width=0) (actual time=5516.378..19338.837 rows=1445255 loops=1)
  Hash Cond: (ci.movie_id = t.id)
  ->  Seq Scan on cast_info ci  (cost=0.00..796071.18 rows=1054898 width=4) (actual time=361.397..12619.777 rows=2003610 loops=1)
        Filter: ((person_id > 2752952) AND (role_id = 3))
        Rows Removed by Filter: 34240734
  ->  Hash  (cost=189967.32..189967.32 rows=1077006 width=8) (actual time=5153.881..5153.881 rows=1089687 loops=1)
        Buckets: 131072  Batches: 16  Memory Usage: 3690kB
        ->  Hash Join  (cost=102767.86..189967.32 rows=1077006 width=8) (actual time=2145.168..4841.741 rows=1089687 loops=1)
              Hash Cond: (mc.movie_id = t.id)
              ->  Seq Scan on movie_companies mc  (cost=0.00..51404.11 rows=1077006 width=4) (actual time=130.892..979.275 rows=1089687 loops=1)
                    Filter: (company_id > 14227)
                    Rows Removed by Filter: 1519442
              ->  Hash  (cost=61283.27..61283.27 rows=2528527 width=4) (actual time=2012.544..2012.544 rows=2528312 loops=1)
                    Buckets: 131072  Batches: 64  Memory Usage: 2415kB
                    ->  Seq Scan on title t  (cost=0.00..61283.27 rows=2528527 width=4) (actual time=0.023..1172.548 rows=2528312 loops=1)
Planning time: 9.619 ms
Execution time: 19502.597 ms
