Hash Join  (cost=69374.09..192803.08 rows=149367 width=0) (actual time=1121.628..3914.059 rows=141199 loops=1)
  Hash Cond: (mk.movie_id = t.id)
  ->  Seq Scan on movie_keyword mk  (cost=0.00..81003.12 rows=3503519 width=4) (actual time=0.021..1686.877 rows=3499774 loops=1)
        Filter: (keyword_id > 1001)
        Rows Removed by Filter: 1024156
  ->  Hash  (cost=67604.59..67604.59 rows=107800 width=4) (actual time=1120.321..1120.321 rows=108429 loops=1)
        Buckets: 131072  Batches: 2  Memory Usage: 2938kB
        ->  Seq Scan on title t  (cost=0.00..67604.59 rows=107800 width=4) (actual time=0.028..1077.309 rows=108429 loops=1)
              Filter: (production_year = 2006)
              Rows Removed by Filter: 2419883
Planning time: 0.760 ms
Execution time: 3932.335 ms
