Hash Join  (cost=72583.38..893840.38 rows=225644 width=0) (actual time=2458.380..14505.493 rows=99810 loops=1)
  Hash Cond: (ci.movie_id = t.id)
  ->  Seq Scan on cast_info ci  (cost=0.00..796071.18 rows=1880370 width=4) (actual time=871.728..12128.301 rows=944974 loops=1)
        Filter: ((person_id < 690031) AND (role_id > 4))
        Rows Removed by Filter: 35299370
  ->  Hash  (cost=67604.59..67604.59 rows=303423 width=4) (actual time=1585.832..1585.832 rows=296471 loops=1)
        Buckets: 131072  Batches: 4  Memory Usage: 3625kB
        ->  Seq Scan on title t  (cost=0.00..67604.59 rows=303423 width=4) (actual time=0.020..1110.435 rows=296471 loops=1)
              Filter: (production_year < 1965)
              Rows Removed by Filter: 2231841
Planning time: 1.320 ms
Execution time: 14518.059 ms
