Hash Join  (cost=102431.42..189777.00 rows=22659 width=0) (actual time=1986.150..3807.933 rows=60381 loops=1)
  Hash Cond: (mk.movie_id = t.id)
  ->  Seq Scan on movie_keyword mk  (cost=0.00..81003.12 rows=1630897 width=4) (actual time=0.021..1547.360 rows=1642708 loops=1)
        Filter: (keyword_id > 8995)
        Rows Removed by Filter: 2881222
  ->  Hash  (cost=101992.28..101992.28 rows=35131 width=8) (actual time=1985.086..1985.086 rows=32067 loops=1)
        Buckets: 65536  Batches: 1  Memory Usage: 1765kB
        ->  Hash Join  (cost=74730.49..101992.28 rows=35131 width=8) (actual time=1251.324..1973.869 rows=32067 loops=1)
              Hash Cond: (mi_idx.movie_id = t.id)
              ->  Seq Scan on movie_info_idx mi_idx  (cost=0.00..21735.35 rows=1380035 width=4) (actual time=0.019..385.693 rows=1380035 loops=1)
              ->  Hash  (cost=73925.90..73925.90 rows=64367 width=4) (actual time=1250.779..1250.779 rows=53905 loops=1)
                    Buckets: 65536  Batches: 1  Memory Usage: 2408kB
                    ->  Seq Scan on title t  (cost=0.00..73925.90 rows=64367 width=4) (actual time=0.040..1229.516 rows=53905 loops=1)
                          Filter: ((kind_id < 7) AND (production_year = 2012))
                          Rows Removed by Filter: 2474407
Planning time: 1.179 ms
Execution time: 3818.125 ms
