Hash Join  (cost=58359.01..145017.93 rows=88 width=0) (actual time=1113.884..2628.054 rows=861 loops=1)
  Hash Cond: (mk.movie_id = t.id)
  ->  Seq Scan on movie_keyword mk  (cost=0.00..69693.30 rows=4523930 width=4) (actual time=0.022..946.248 rows=4523930 loops=1)
  ->  Hash  (cost=58358.39..58358.39 rows=49 width=8) (actual time=898.276..898.276 rows=43 loops=1)
        Buckets: 1024  Batches: 1  Memory Usage: 10kB
        ->  Nested Loop  (cost=0.43..58358.39 rows=49 width=8) (actual time=3.579..898.218 rows=43 loops=1)
              ->  Seq Scan on movie_companies mc  (cost=0.00..57926.93 rows=51 width=4) (actual time=3.536..896.424 rows=44 loops=1)
                    Filter: ((company_id = 2293) AND (company_type_id = 1))
                    Rows Removed by Filter: 2609085
              ->  Index Scan using title_pkey on title t  (cost=0.43..8.45 rows=1 width=4) (actual time=0.036..0.036 rows=1 loops=44)
                    Index Cond: (id = mc.movie_id)
                    Filter: (production_year > 1912)
                    Rows Removed by Filter: 0
Planning time: 1.222 ms
Execution time: 2628.318 ms
