Hash Join  (cost=84005.63..151943.46 rows=245414 width=0) (actual time=1354.170..3655.704 rows=462397 loops=1)
  Hash Cond: (mc.movie_id = t.id)
  ->  Seq Scan on movie_companies mc  (cost=0.00..51404.11 rows=1010021 width=4) (actual time=0.033..876.865 rows=1019104 loops=1)
        Filter: (company_id > 16028)
        Rows Removed by Filter: 1590025
  ->  Hash  (cost=73925.90..73925.90 rows=614378 width=4) (actual time=1352.903..1352.903 rows=520376 loops=1)
        Buckets: 131072  Batches: 16  Memory Usage: 2162kB
        ->  Seq Scan on title t  (cost=0.00..73925.90 rows=614378 width=4) (actual time=0.052..1187.094 rows=520376 loops=1)
              Filter: ((kind_id < 7) AND (production_year > 1996))
              Rows Removed by Filter: 2007936
Planning time: 0.720 ms
Execution time: 3710.969 ms
