Hash Join  (cost=75464.55..199510.60 rows=167701 width=0) (actual time=1215.186..3913.415 rows=87088 loops=1)
  Hash Cond: (mk.movie_id = t.id)
  ->  Seq Scan on movie_keyword mk  (cost=0.00..69693.30 rows=4523930 width=4) (actual time=0.014..1300.101 rows=4523930 loops=1)
  ->  Hash  (cost=73925.90..73925.90 rows=93732 width=4) (actual time=1214.000..1214.000 rows=100592 loops=1)
        Buckets: 131072  Batches: 2  Memory Usage: 2797kB
        ->  Seq Scan on title t  (cost=0.00..73925.90 rows=93732 width=4) (actual time=0.031..1175.063 rows=100592 loops=1)
              Filter: ((kind_id > 1) AND (production_year = 2009))
              Rows Removed by Filter: 2427720
Planning time: 7.365 ms
Execution time: 3925.180 ms
