Hash Join  (cost=85435.26..1042873.89 rows=4821911 width=0) (actual time=1487.641..25944.191 rows=5717216 loops=1)
  Hash Cond: (ci.movie_id = t.id)
  ->  Seq Scan on cast_info ci  (cost=0.00..705507.15 rows=17381167 width=4) (actual time=0.013..14366.466 rows=17268919 loops=1)
        Filter: (person_id < 1705597)
        Rows Removed by Filter: 18975425
  ->  Hash  (cost=73925.90..73925.90 rows=701468 width=4) (actual time=1486.624..1486.624 rows=749931 loops=1)
        Buckets: 131072  Batches: 16  Memory Usage: 2673kB
        ->  Seq Scan on title t  (cost=0.00..73925.90 rows=701468 width=4) (actual time=0.022..1250.976 rows=749931 loops=1)
              Filter: ((kind_id < 7) AND (production_year < 2009))
              Rows Removed by Filter: 1778381
Planning time: 0.786 ms
Execution time: 26581.144 ms
