Hash Join  (cost=100948.70..852092.31 rows=35437 width=0) (actual time=1750.395..17988.502 rows=85536 loops=1)
  Hash Cond: (ci.movie_id = t.id)
  ->  Seq Scan on cast_info ci  (cost=0.00..614943.12 rows=36225612 width=4) (actual time=0.015..8714.651 rows=36244344 loops=1)
  ->  Hash  (cost=100917.78..100917.78 rows=2474 width=8) (actual time=1749.071..1749.071 rows=3795 loops=1)
        Buckets: 4096  Batches: 1  Memory Usage: 181kB
        ->  Hash Join  (cost=73982.55..100917.78 rows=2474 width=8) (actual time=1235.681..1747.771 rows=3795 loops=1)
              Hash Cond: (mi_idx.movie_id = t.id)
              ->  Seq Scan on movie_info_idx mi_idx  (cost=0.00..21735.35 rows=1380035 width=4) (actual time=0.017..286.777 rows=1380035 loops=1)
              ->  Hash  (cost=73925.90..73925.90 rows=4532 width=4) (actual time=1174.069..1174.069 rows=7824 loops=1)
                    Buckets: 8192  Batches: 1  Memory Usage: 340kB
                    ->  Seq Scan on title t  (cost=0.00..73925.90 rows=4532 width=4) (actual time=0.093..1170.393 rows=7824 loops=1)
                          Filter: ((kind_id = 7) AND (production_year = 1965))
                          Rows Removed by Filter: 2520488
Planning time: 4.062 ms
Execution time: 18003.519 ms
