Seq Scan on movie_keyword mk  (cost=0.00..81003.12 rows=246 width=0) (actual time=31.703..1365.608 rows=4 loops=1)
  Filter: (keyword_id = 62270)
  Rows Removed by Filter: 4523926
Planning time: 0.340 ms
Execution time: 1365.690 ms
