Seq Scan on movie_keyword mk  (cost=0.00..81003.12 rows=246 width=0) (actual time=5.891..885.024 rows=960 loops=1)
  Filter: (keyword_id = 1517)
  Rows Removed by Filter: 4522970
Planning time: 0.253 ms
Execution time: 885.360 ms
