Hash Join  (cost=102767.86..1333137.82 rows=21401896 width=0) (actual time=2017.003..34860.323 rows=21517087 loops=1)
  Hash Cond: (ci.movie_id = t.id)
  ->  Seq Scan on cast_info ci  (cost=0.00..705507.15 rows=21401896 width=4) (actual time=0.019..15249.211 rows=21517087 loops=1)
        Filter: (person_id > 1452064)
        Rows Removed by Filter: 14727257
  ->  Hash  (cost=61283.27..61283.27 rows=2528527 width=4) (actual time=2015.758..2015.758 rows=2528312 loops=1)
        Buckets: 131072  Batches: 64  Memory Usage: 2415kB
        ->  Seq Scan on title t  (cost=0.00..61283.27 rows=2528527 width=4) (actual time=0.019..1176.393 rows=2528312 loops=1)
Planning time: 0.774 ms
Execution time: 37219.415 ms
