Hash Join  (cost=52284.99..858872.37 rows=115 width=0) (actual time=6644.189..14960.330 rows=129 loops=1)
  Hash Cond: (ci.movie_id = t.id)
  ->  Seq Scan on cast_info ci  (cost=0.00..796071.18 rows=2804013 width=4) (actual time=5833.584..13770.389 rows=3177102 loops=1)
        Filter: ((person_id > 1048354) AND (role_id = 3))
        Rows Removed by Filter: 33067242
  ->  Hash  (cost=52283.69..52283.69 rows=104 width=8) (actual time=750.431..750.431 rows=391 loops=1)
        Buckets: 1024  Batches: 1  Memory Usage: 24kB
        ->  Nested Loop  (cost=0.43..52283.69 rows=104 width=8) (actual time=1.325..750.184 rows=391 loops=1)
              ->  Seq Scan on movie_companies mc  (cost=0.00..51404.11 rows=104 width=4) (actual time=1.260..741.024 rows=391 loops=1)
                    Filter: (company_id = 590)
                    Rows Removed by Filter: 2608738
              ->  Index Only Scan using title_pkey on title t  (cost=0.43..8.45 rows=1 width=4) (actual time=0.022..0.022 rows=1 loops=391)
                    Index Cond: (id = mc.movie_id)
                    Heap Fetches: 391
Planning time: 1.186 ms
Execution time: 14960.520 ms
