Hash Join  (cost=101930.58..155337.71 rows=2498 width=0) (actual time=1996.294..2953.622 rows=2419 loops=1)
  Hash Cond: (mc.movie_id = t.id)
  ->  Seq Scan on movie_companies mc  (cost=0.00..51404.11 rows=527477 width=4) (actual time=49.022..910.496 rows=531182 loops=1)
        Filter: (company_id > 72664)
        Rows Removed by Filter: 2077947
  ->  Hash  (cost=101780.88..101780.88 rows=11976 width=8) (actual time=1941.448..1941.448 rows=6738 loops=1)
        Buckets: 16384  Batches: 1  Memory Usage: 392kB
        ->  Hash Join  (cost=74747.02..101780.88 rows=11976 width=8) (actual time=1379.668..1938.612 rows=6738 loops=1)
              Hash Cond: (mi_idx.movie_id = t.id)
              ->  Seq Scan on movie_info_idx mi_idx  (cost=0.00..25185.44 rows=460978 width=4) (actual time=0.019..491.745 rows=459925 loops=1)
                    Filter: (info_type_id = 99)
                    Rows Removed by Filter: 920110
              ->  Hash  (cost=73925.90..73925.90 rows=65689 width=4) (actual time=1297.870..1297.870 rows=74524 loops=1)
                    Buckets: 131072  Batches: 1  Memory Usage: 3644kB
                    ->  Seq Scan on title t  (cost=0.00..73925.90 rows=65689 width=4) (actual time=12.442..1267.569 rows=74524 loops=1)
                          Filter: ((kind_id = 7) AND (production_year = 2006))
                          Rows Removed by Filter: 2453788
Planning time: 1.270 ms
Execution time: 2954.278 ms
