Seq Scan on movie_companies mc  (cost=0.00..57926.93 rows=53 width=0) (actual time=145.573..891.792 rows=2 loops=1)
  Filter: ((company_type_id > 1) AND (company_id = 28597))
  Rows Removed by Filter: 2609127
Planning time: 0.939 ms
Execution time: 891.891 ms
