Seq Scan on movie_keyword mk  (cost=0.00..81003.12 rows=246 width=0) (actual time=10.158..1142.580 rows=53 loops=1)
  Filter: (keyword_id = 4525)
  Rows Removed by Filter: 4523877
Planning time: 0.395 ms
Execution time: 1142.719 ms
