Hash Join  (cost=220796.76..342598.85 rows=1144889 width=0) (actual time=4921.153..9913.796 rows=9163637 loops=1)
  Hash Cond: (mk.movie_id = t.id)
  ->  Seq Scan on movie_keyword mk  (cost=0.00..81003.12 rows=2064552 width=4) (actual time=0.014..1576.792 rows=2081005 loops=1)
        Filter: (keyword_id < 3688)
        Rows Removed by Filter: 2442925
  ->  Hash  (cost=197791.46..197791.46 rows=1402184 width=8) (actual time=4920.101..4920.101 rows=1390507 loops=1)
        Buckets: 131072  Batches: 32  Memory Usage: 2750kB
        ->  Hash Join  (cost=102767.86..197791.46 rows=1402184 width=8) (actual time=1880.342..4508.010 rows=1390507 loops=1)
              Hash Cond: (mc.movie_id = t.id)
              ->  Seq Scan on movie_companies mc  (cost=0.00..51404.11 rows=1402184 width=4) (actual time=0.030..1052.526 rows=1390507 loops=1)
                    Filter: (company_id < 12072)
                    Rows Removed by Filter: 1218622
              ->  Hash  (cost=61283.27..61283.27 rows=2528527 width=4) (actual time=1878.410..1878.410 rows=2528312 loops=1)
                    Buckets: 131072  Batches: 64  Memory Usage: 2415kB
                    ->  Seq Scan on title t  (cost=0.00..61283.27 rows=2528527 width=4) (actual time=0.015..1024.231 rows=2528312 loops=1)
Planning time: 1.201 ms
Execution time: 11033.097 ms
