Seq Scan on movie_keyword mk  (cost=0.00..81003.12 rows=1572760 width=0) (actual time=0.022..1300.001 rows=1581809 loops=1)
  Filter: (keyword_id < 2402)
  Rows Removed by Filter: 2942121
Planning time: 4.210 ms
Execution time: 1488.846 ms
