Seq Scan on title t  (cost=0.00..73925.90 rows=1126115 width=0) (actual time=0.014..1420.071 rows=1250798 loops=1)
  Filter: ((kind_id > 3) AND (production_year > 1992))
  Rows Removed by Filter: 1277514
Planning time: 0.342 ms
Execution time: 1581.019 ms
