Hash Join  (cost=102767.86..1412351.56 rows=24693942 width=0) (actual time=1878.222..38970.078 rows=24692635 loops=1)
  Hash Cond: (ci.movie_id = t.id)
  ->  Seq Scan on cast_info ci  (cost=0.00..705507.15 rows=24693942 width=4) (actual time=0.057..15538.816 rows=24692635 loops=1)
        Filter: (person_id < 2541214)
        Rows Removed by Filter: 11551709
  ->  Hash  (cost=61283.27..61283.27 rows=2528527 width=4) (actual time=1876.892..1876.892 rows=2528312 loops=1)
        Buckets: 131072  Batches: 64  Memory Usage: 2415kB
        ->  Seq Scan on title t  (cost=0.00..61283.27 rows=2528527 width=4) (actual time=0.010..1033.473 rows=2528312 loops=1)
Planning time: 0.532 ms
Execution time: 41877.079 ms
