Seq Scan on cast_info ci  (cost=0.00..705507.15 rows=500 width=0) (actual time=8909.359..10712.698 rows=82 loops=1)
  Filter: (person_id = 1762317)
  Rows Removed by Filter: 36244262
Planning time: 0.377 ms
Execution time: 10712.800 ms
