Hash Join  (cost=126155.06..196656.94 rows=60674 width=0) (actual time=3323.243..4370.261 rows=198781 loops=1)
  Hash Cond: (mc.movie_id = t.id)
  ->  Seq Scan on movie_companies mc  (cost=0.00..57926.93 rows=982188 width=4) (actual time=444.156..1075.837 rows=677880 loops=1)
        Filter: ((company_id < 47468) AND (company_type_id = 2))
        Rows Removed by Filter: 1931249
  ->  Hash  (cost=123591.57..123591.57 rows=156199 width=8) (actual time=2878.270..2878.270 rows=305141 loops=1)
        Buckets: 131072  Batches: 4  Memory Usage: 4008kB
        ->  Hash Join  (cost=88195.18..123591.57 rows=156199 width=8) (actual time=1875.656..2795.582 rows=305141 loops=1)
              Hash Cond: (mi_idx.movie_id = t.id)
              ->  Seq Scan on movie_info_idx mi_idx  (cost=0.00..25185.44 rows=454124 width=4) (actual time=0.029..455.235 rows=459925 loops=1)
                    Filter: (info_type_id = 100)
                    Rows Removed by Filter: 920110
              ->  Hash  (cost=73925.90..73925.90 rows=869702 width=4) (actual time=1874.365..1874.365 rows=896788 loops=1)
                    Buckets: 131072  Batches: 16  Memory Usage: 2998kB
                    ->  Seq Scan on title t  (cost=0.00..73925.90 rows=869702 width=4) (actual time=0.023..1288.609 rows=896788 loops=1)
                          Filter: ((kind_id < 7) AND (production_year < 2012))
                          Rows Removed by Filter: 1631524
Planning time: 2.559 ms
Execution time: 4394.463 ms
