Hash Join  (cost=103076.32..278348.62 rows=3435064 width=0) (actual time=2388.340..7129.122 rows=3289799 loops=1)
  Hash Cond: (mk.movie_id = t.id)
  ->  Seq Scan on movie_keyword mk  (cost=0.00..81003.12 rows=4017306 width=4) (actual time=0.025..1804.073 rows=4025350 loops=1)
        Filter: (keyword_id < 36198)
        Rows Removed by Filter: 498580
  ->  Hash  (cost=67604.59..67604.59 rows=2162059 width=4) (actual time=2386.399..2386.399 rows=2159747 loops=1)
        Buckets: 131072  Batches: 32  Memory Usage: 3409kB
        ->  Seq Scan on title t  (cost=0.00..67604.59 rows=2162059 width=4) (actual time=0.011..1297.909 rows=2159747 loops=1)
              Filter: (production_year > 1964)
              Rows Removed by Filter: 368565
Planning time: 0.733 ms
Execution time: 7490.226 ms
