Hash Join  (cost=80874.21..211814.82 rows=1013604 width=0) (actual time=1944.767..5532.912 rows=1395956 loops=1)
  Hash Cond: (mk.movie_id = t.id)
  ->  Seq Scan on movie_keyword mk  (cost=0.00..81003.12 rows=3168918 width=4) (actual time=0.025..1707.234 rows=3151756 loops=1)
        Filter: (keyword_id > 1806)
        Rows Removed by Filter: 1372174
  ->  Hash  (cost=67604.59..67604.59 rows=808770 width=4) (actual time=1943.822..1943.822 rows=812704 loops=1)
        Buckets: 131072  Batches: 16  Memory Usage: 2819kB
        ->  Seq Scan on title t  (cost=0.00..67604.59 rows=808770 width=4) (actual time=0.012..1001.188 rows=812704 loops=1)
              Filter: (production_year < 1995)
              Rows Removed by Filter: 1715608
Planning time: 0.596 ms
Execution time: 5705.503 ms
