Hash Join  (cost=102767.86..259835.23 rows=2750538 width=0) (actual time=1767.482..5996.331 rows=2743526 loops=1)
  Hash Cond: (mk.movie_id = t.id)
  ->  Seq Scan on movie_keyword mk  (cost=0.00..81003.12 rows=2750538 width=4) (actual time=0.022..1608.539 rows=2743526 loops=1)
        Filter: (keyword_id > 2881)
        Rows Removed by Filter: 1780404
  ->  Hash  (cost=61283.27..61283.27 rows=2528527 width=4) (actual time=1765.168..1765.168 rows=2528312 loops=1)
        Buckets: 131072  Batches: 64  Memory Usage: 2425kB
        ->  Seq Scan on title t  (cost=0.00..61283.27 rows=2528527 width=4) (actual time=0.012..950.086 rows=2528312 loops=1)
Planning time: 0.697 ms
Execution time: 6305.372 ms
