Seq Scan on cast_info ci  (cost=0.00..796071.18 rows=9744623 width=0) (actual time=0.019..14153.939 rows=15190721 loops=1)
  Filter: ((person_id > 2124892) AND (role_id > 1))
  Rows Removed by Filter: 21053623
Planning time: 0.345 ms
Execution time: 15992.548 ms
