Seq Scan on movie_keyword mk  (cost=0.00..81003.12 rows=246 width=0) (actual time=0.559..1190.502 rows=773 loops=1)
  Filter: (keyword_id = 828)
  Rows Removed by Filter: 4523157
Planning time: 0.366 ms
Execution time: 1190.907 ms
