Hash Join  (cost=169857.04..931163.92 rows=1051775 width=0) (actual time=3247.842..29559.467 rows=5998079 loops=1)
  Hash Cond: (ci.movie_id = t.id)
  ->  Seq Scan on cast_info ci  (cost=0.00..614943.12 rows=36225612 width=4) (actual time=0.019..9590.881 rows=36244344 loops=1)
  ->  Hash  (cost=168939.38..168939.38 rows=73413 width=8) (actual time=3246.567..3246.567 rows=90513 loops=1)
        Buckets: 131072 (originally 131072)  Batches: 2 (originally 1)  Memory Usage: 3073kB
        ->  Hash Join  (cost=74617.32..168939.38 rows=73413 width=8) (actual time=1161.155..3207.231 rows=90513 loops=1)
              Hash Cond: (mk.movie_id = t.id)
              ->  Seq Scan on movie_keyword mk  (cost=0.00..81003.12 rows=3355948 width=4) (actual time=0.028..1473.502 rows=3341039 loops=1)
                    Filter: (keyword_id < 15750)
                    Rows Removed by Filter: 1182891
              ->  Hash  (cost=73925.90..73925.90 rows=55313 width=4) (actual time=1160.489..1160.489 rows=49075 loops=1)
                    Buckets: 65536  Batches: 1  Memory Usage: 2238kB
                    ->  Seq Scan on title t  (cost=0.00..73925.90 rows=55313 width=4) (actual time=0.118..1140.409 rows=49075 loops=1)
                          Filter: ((kind_id < 7) AND (production_year = 2010))
                          Rows Removed by Filter: 2479237
Planning time: 2.338 ms
Execution time: 30305.244 ms
