Seq Scan on movie_keyword mk  (cost=0.00..81003.12 rows=3457389 width=0) (actual time=0.021..1486.186 rows=3447985 loops=1)
  Filter: (keyword_id > 1078)
  Rows Removed by Filter: 1075945
Planning time: 0.312 ms
Execution time: 1936.603 ms
