Hash Join  (cost=102767.86..225600.64 rows=1327856 width=0) (actual time=1956.397..4777.969 rows=1342663 loops=1)
  Hash Cond: (mk.movie_id = t.id)
  ->  Seq Scan on movie_keyword mk  (cost=0.00..81003.12 rows=1327856 width=4) (actual time=0.020..1462.820 rows=1342663 loops=1)
        Filter: (keyword_id > 12743)
        Rows Removed by Filter: 3181267
  ->  Hash  (cost=61283.27..61283.27 rows=2528527 width=4) (actual time=1955.260..1955.260 rows=2528312 loops=1)
        Buckets: 131072  Batches: 64  Memory Usage: 2425kB
        ->  Seq Scan on title t  (cost=0.00..61283.27 rows=2528527 width=4) (actual time=0.014..1093.915 rows=2528312 loops=1)
Planning time: 0.819 ms
Execution time: 4927.474 ms
