Hash Join  (cost=102767.86..1364179.10 rows=18928250 width=0) (actual time=1947.705..35919.592 rows=20122661 loops=1)
  Hash Cond: (ci.movie_id = t.id)
  ->  Seq Scan on cast_info ci  (cost=0.00..796071.18 rows=18928250 width=4) (actual time=0.016..18561.574 rows=20122661 loops=1)
        Filter: ((person_id < 3665118) AND (role_id < 3))
        Rows Removed by Filter: 16121683
  ->  Hash  (cost=61283.27..61283.27 rows=2528527 width=4) (actual time=1946.279..1946.279 rows=2528312 loops=1)
        Buckets: 131072  Batches: 64  Memory Usage: 2415kB
        ->  Seq Scan on title t  (cost=0.00..61283.27 rows=2528527 width=4) (actual time=0.004..1075.371 rows=2528312 loops=1)
Planning time: 0.729 ms
Execution time: 37928.422 ms
