Hash Join  (cost=160823.02..958055.81 rows=116168 width=0) (actual time=3206.860..19847.322 rows=84786 loops=1)
  Hash Cond: (ci.movie_id = t.id)
  ->  Seq Scan on cast_info ci  (cost=0.00..614943.12 rows=36225612 width=4) (actual time=0.043..9368.779 rows=36244344 loops=1)
  ->  Hash  (cost=160721.67..160721.67 rows=8108 width=8) (actual time=3203.247..3203.247 rows=3661 loops=1)
        Buckets: 8192  Batches: 1  Memory Usage: 208kB
        ->  Hash Join  (cost=73982.55..160721.67 rows=8108 width=8) (actual time=2855.586..3201.890 rows=3661 loops=1)
              Hash Cond: (mk.movie_id = t.id)
              ->  Seq Scan on movie_keyword mk  (cost=0.00..69693.30 rows=4523930 width=4) (actual time=0.023..990.309 rows=4523930 loops=1)
              ->  Hash  (cost=73925.90..73925.90 rows=4532 width=4) (actual time=1378.247..1378.247 rows=8269 loops=1)
                    Buckets: 16384 (originally 8192)  Batches: 1 (originally 1)  Memory Usage: 419kB
                    ->  Seq Scan on title t  (cost=0.00..73925.90 rows=4532 width=4) (actual time=0.375..1374.166 rows=8269 loops=1)
                          Filter: ((kind_id = 7) AND (production_year = 1971))
                          Rows Removed by Filter: 2520043
Planning time: 1.243 ms
Execution time: 19859.985 ms
