Seq Scan on title t  (cost=0.00..73925.90 rows=135164 width=0) (actual time=0.025..1259.116 rows=33653 loops=1)
  Filter: ((kind_id > 4) AND (production_year < 1958))
  Rows Removed by Filter: 2494659
Planning time: 0.321 ms
Execution time: 1264.990 ms
