Hash Join  (cost=101930.58..854435.52 rows=171575 width=0) (actual time=1803.209..18426.877 rows=266058 loops=1)
  Hash Cond: (ci.movie_id = t.id)
  ->  Seq Scan on cast_info ci  (cost=0.00..614943.12 rows=36225612 width=4) (actual time=0.026..8640.997 rows=36244344 loops=1)
  ->  Hash  (cost=101780.88..101780.88 rows=11976 width=8) (actual time=1802.729..1802.729 rows=6738 loops=1)
        Buckets: 16384  Batches: 1  Memory Usage: 392kB
        ->  Hash Join  (cost=74747.02..101780.88 rows=11976 width=8) (actual time=1228.634..1799.811 rows=6738 loops=1)
              Hash Cond: (mi_idx.movie_id = t.id)
              ->  Seq Scan on movie_info_idx mi_idx  (cost=0.00..25185.44 rows=460978 width=4) (actual time=0.011..423.760 rows=459925 loops=1)
                    Filter: (info_type_id < 100)
                    Rows Removed by Filter: 920110
              ->  Hash  (cost=73925.90..73925.90 rows=65689 width=4) (actual time=1227.679..1227.679 rows=74524 loops=1)
                    Buckets: 131072  Batches: 1  Memory Usage: 3644kB
                    ->  Seq Scan on title t  (cost=0.00..73925.90 rows=65689 width=4) (actual time=104.178..1196.850 rows=74524 loops=1)
                          Filter: ((kind_id = 7) AND (production_year = 2006))
                          Rows Removed by Filter: 2453788
Planning time: 1.306 ms
Execution time: 18467.782 ms
