Hash Join  (cost=73950.44..128636.23 rows=2026 width=0) (actual time=1025.633..2228.600 rows=6404 loops=1)
  Hash Cond: (mc.movie_id = t.id)
  ->  Seq Scan on movie_companies mc  (cost=0.00..44881.29 rows=2609129 width=4) (actual time=0.023..691.762 rows=2609129 loops=1)
  ->  Hash  (cost=73925.90..73925.90 rows=1963 width=4) (actual time=1025.449..1025.449 rows=3613 loops=1)
        Buckets: 4096 (originally 2048)  Batches: 1 (originally 1)  Memory Usage: 160kB
        ->  Seq Scan on title t  (cost=0.00..73925.90 rows=1963 width=4) (actual time=0.105..1023.605 rows=3613 loops=1)
              Filter: ((kind_id = 1) AND (production_year = 1919))
              Rows Removed by Filter: 2524699
Planning time: 0.742 ms
Execution time: 2230.020 ms
