Seq Scan on movie_companies mc  (cost=0.00..51404.11 rows=104 width=0) (actual time=72.747..836.469 rows=20 loops=1)
  Filter: (company_id = 52470)
  Rows Removed by Filter: 2609109
Planning time: 0.473 ms
Execution time: 836.559 ms
