Hash Join  (cost=142470.97..530560.95 rows=482622 width=0) (actual time=6212.223..10259.898 rows=361072 loops=1)
  Hash Cond: (mi.movie_id = t.id)
  ->  Seq Scan on movie_info mi  (cost=0.00..346232.03 rows=3068194 width=4) (actual time=3310.674..6001.967 rows=3036719 loops=1)
        Filter: (info_type_id = 16)
        Rows Removed by Filter: 11799001
  ->  Hash  (cost=135945.30..135945.30 rows=397734 width=8) (actual time=2900.360..2900.360 rows=219134 loops=1)
        Buckets: 131072  Batches: 8  Memory Usage: 2103kB
        ->  Hash Join  (cost=91879.05..135945.30 rows=397734 width=8) (actual time=1622.665..2833.396 rows=219134 loops=1)
              Hash Cond: (mi_idx.movie_id = t.id)
              ->  Seq Scan on movie_info_idx mi_idx  (cost=0.00..25185.44 rows=919057 width=4) (actual time=0.031..554.114 rows=920110 loops=1)
                    Filter: (info_type_id > 99)
                    Rows Removed by Filter: 459925
              ->  Hash  (cost=73925.90..73925.90 rows=1094252 width=4) (actual time=1621.434..1621.434 rows=1044222 loops=1)
                    Buckets: 131072  Batches: 16  Memory Usage: 3319kB
                    ->  Seq Scan on title t  (cost=0.00..73925.90 rows=1094252 width=4) (actual time=96.109..1303.885 rows=1044222 loops=1)
                          Filter: ((production_year < 2009) AND (kind_id = 7))
                          Rows Removed by Filter: 1484090
Planning time: 1.253 ms
Execution time: 10300.072 ms
