Hash Join  (cost=74281.64..829148.06 rows=407725 width=0) (actual time=1098.455..18737.070 rows=319172 loops=1)
  Hash Cond: (ci.movie_id = t.id)
  ->  Seq Scan on cast_info ci  (cost=0.00..614943.12 rows=36225612 width=4) (actual time=0.023..8723.992 rows=36244344 loops=1)
  ->  Hash  (cost=73925.90..73925.90 rows=28459 width=4) (actual time=1098.233..1098.233 rows=16117 loops=1)
        Buckets: 32768  Batches: 1  Memory Usage: 823kB
        ->  Seq Scan on title t  (cost=0.00..73925.90 rows=28459 width=4) (actual time=16.031..1091.480 rows=16117 loops=1)
              Filter: ((kind_id = 1) AND (production_year = 2006))
              Rows Removed by Filter: 2512195
Planning time: 0.762 ms
Execution time: 18792.414 ms
