Hash Join  (cost=102767.86..952899.47 rows=1836088 width=0) (actual time=9840.810..18345.040 rows=4443967 loops=1)
  Hash Cond: (ci.movie_id = t.id)
  ->  Seq Scan on cast_info ci  (cost=0.00..796071.18 rows=1836088 width=4) (actual time=7842.213..12729.285 rows=4443967 loops=1)
        Filter: ((person_id > 2556494) AND (role_id > 8))
        Rows Removed by Filter: 31800377
  ->  Hash  (cost=61283.27..61283.27 rows=2528527 width=4) (actual time=1997.053..1997.053 rows=2528312 loops=1)
        Buckets: 131072  Batches: 64  Memory Usage: 2415kB
        ->  Seq Scan on title t  (cost=0.00..61283.27 rows=2528527 width=4) (actual time=0.027..1169.343 rows=2528312 loops=1)
Planning time: 0.770 ms
Execution time: 18812.326 ms
