Hash Join  (cost=175647.62..292887.97 rows=561357 width=0) (actual time=4209.220..9962.501 rows=13796654 loops=1)
  Hash Cond: (mk.movie_id = t.id)
  ->  Seq Scan on movie_keyword mk  (cost=0.00..81003.12 rows=2452973 width=4) (actual time=0.025..1673.559 rows=2440285 loops=1)
        Filter: (keyword_id > 3709)
        Rows Removed by Filter: 2083645
  ->  Hash  (cost=166153.54..166153.54 rows=578647 width=8) (actual time=4207.993..4207.993 rows=835185 loops=1)
        Buckets: 131072 (originally 131072)  Batches: 16 (originally 8)  Memory Usage: 3130kB
        ->  Hash Join  (cost=83126.54..166153.54 rows=578647 width=8) (actual time=1489.452..3959.074 rows=835185 loops=1)
              Hash Cond: (mc.movie_id = t.id)
              ->  Seq Scan on movie_companies mc  (cost=0.00..44881.29 rows=2609129 width=4) (actual time=0.021..943.054 rows=2609129 loops=1)
              ->  Hash  (cost=73925.90..73925.90 rows=560771 width=4) (actual time=1488.554..1488.554 rows=438714 loops=1)
                    Buckets: 131072  Batches: 8  Memory Usage: 2965kB
                    ->  Seq Scan on title t  (cost=0.00..73925.90 rows=560771 width=4) (actual time=0.023..1343.332 rows=438714 loops=1)
                          Filter: ((production_year > 1967) AND (kind_id = 1))
                          Rows Removed by Filter: 2089598
Planning time: 1.108 ms
Execution time: 11396.118 ms
