Hash Join  (cost=102767.86..1003739.49 rows=3948951 width=0) (actual time=4358.967..18328.662 rows=1277512 loops=1)
  Hash Cond: (ci.movie_id = t.id)
  ->  Seq Scan on cast_info ci  (cost=0.00..796071.18 rows=3948951 width=4) (actual time=2355.690..14122.627 rows=1277512 loops=1)
        Filter: ((person_id < 2524215) AND (role_id > 8))
        Rows Removed by Filter: 34966832
  ->  Hash  (cost=61283.27..61283.27 rows=2528527 width=4) (actual time=2001.868..2001.868 rows=2528312 loops=1)
        Buckets: 131072  Batches: 64  Memory Usage: 2415kB
        ->  Seq Scan on title t  (cost=0.00..61283.27 rows=2528527 width=4) (actual time=0.021..1007.012 rows=2528312 loops=1)
Planning time: 0.767 ms
Execution time: 18485.771 ms
