Seq Scan on movie_keyword mk  (cost=0.00..81003.12 rows=246 width=0) (actual time=4.753..1307.561 rows=217 loops=1)
  Filter: (keyword_id = 3693)
  Rows Removed by Filter: 4523713
Planning time: 0.361 ms
Execution time: 1307.790 ms
