Seq Scan on cast_info ci  (cost=0.00..796071.18 rows=1701989 width=0) (actual time=2033.627..12968.921 rows=2535726 loops=1)
  Filter: ((person_id > 2083104) AND (role_id = 3))
  Rows Removed by Filter: 33708618
Planning time: 0.310 ms
Execution time: 13283.241 ms
