Seq Scan on movie_keyword mk  (cost=0.00..81003.12 rows=246 width=0) (actual time=0.039..1315.671 rows=224 loops=1)
  Filter: (keyword_id = 65506)
  Rows Removed by Filter: 4523706
Planning time: 0.401 ms
Execution time: 1315.884 ms
