Hash Join  (cost=106840.27..231666.39 rows=1464363 width=0) (actual time=2131.069..5302.747 rows=1537426 loops=1)
  Hash Cond: (mk.movie_id = t.id)
  ->  Seq Scan on movie_keyword mk  (cost=0.00..81003.12 rows=1548271 width=4) (actual time=0.035..1613.295 rows=1562078 loops=1)
        Filter: (keyword_id > 10049)
        Rows Removed by Filter: 2961852
  ->  Hash  (cost=67604.59..67604.59 rows=2391495 width=4) (actual time=2129.913..2129.913 rows=2388876 loops=1)
        Buckets: 131072  Batches: 32  Memory Usage: 3656kB
        ->  Seq Scan on title t  (cost=0.00..67604.59 rows=2391495 width=4) (actual time=0.024..1363.513 rows=2388876 loops=1)
              Filter: (production_year < 2013)
              Rows Removed by Filter: 139436
Planning time: 0.844 ms
Execution time: 5483.872 ms
