Hash Join  (cost=79111.30..1159426.63 rows=4527716 width=0) (actual time=1191.073..32711.794 rows=5817504 loops=1)
  Hash Cond: (ci.movie_id = t.id)
  ->  Seq Scan on cast_info ci  (cost=0.00..614943.12 rows=36225612 width=4) (actual time=0.022..13145.231 rows=36244344 loops=1)
  ->  Hash  (cost=73925.90..73925.90 rows=316032 width=4) (actual time=1190.026..1190.026 rows=400740 loops=1)
        Buckets: 131072  Batches: 8  Memory Usage: 2793kB
        ->  Seq Scan on title t  (cost=0.00..73925.90 rows=316032 width=4) (actual time=0.129..1067.441 rows=400740 loops=1)
              Filter: ((kind_id < 2) AND (production_year < 2003))
              Rows Removed by Filter: 2127572
Planning time: 0.789 ms
Execution time: 33322.718 ms
