Hash Join  (cost=83810.17..226892.27 rows=1470218 width=0) (actual time=1453.831..5774.698 rows=3235159 loops=1)
  Hash Cond: (mk.movie_id = t.id)
  ->  Seq Scan on movie_keyword mk  (cost=0.00..81003.12 rows=3763678 width=4) (actual time=0.014..1766.506 rows=3756710 loops=1)
        Filter: (keyword_id < 24393)
        Rows Removed by Filter: 767220
  ->  Hash  (cost=67604.59..67604.59 rows=987727 width=4) (actual time=1452.734..1452.734 rows=985048 loops=1)
        Buckets: 131072  Batches: 16  Memory Usage: 3197kB
        ->  Seq Scan on title t  (cost=0.00..67604.59 rows=987727 width=4) (actual time=0.028..1135.173 rows=985048 loops=1)
              Filter: (kind_id < 7)
              Rows Removed by Filter: 1543264
Planning time: 0.695 ms
Execution time: 6140.418 ms
