Hash Join  (cost=58358.90..882203.38 rows=636 width=0) (actual time=892.937..20809.892 rows=10057 loops=1)
  Hash Cond: (ci.movie_id = t.id)
  ->  Seq Scan on cast_info ci  (cost=0.00..705507.15 rows=31554923 width=4) (actual time=0.018..15310.720 rows=31605208 loops=1)
        Filter: (role_id < 10)
        Rows Removed by Filter: 4639136
  ->  Hash  (cost=58358.27..58358.27 rows=51 width=8) (actual time=891.652..891.652 rows=643 loops=1)
        Buckets: 1024  Batches: 1  Memory Usage: 34kB
        ->  Nested Loop  (cost=0.43..58358.27 rows=51 width=8) (actual time=286.059..891.228 rows=643 loops=1)
              ->  Seq Scan on movie_companies mc  (cost=0.00..57926.93 rows=51 width=4) (actual time=276.740..855.589 rows=643 loops=1)
                    Filter: ((company_id = 305) AND (company_type_id = 1))
                    Rows Removed by Filter: 2608486
              ->  Index Only Scan using title_pkey on title t  (cost=0.43..8.45 rows=1 width=4) (actual time=0.054..0.054 rows=1 loops=643)
                    Index Cond: (id = mc.movie_id)
                    Heap Fetches: 643
Planning time: 1.174 ms
Execution time: 20813.220 ms
