Seq Scan on movie_keyword mk  (cost=0.00..81003.12 rows=510645 width=0) (actual time=0.019..1233.158 rows=502208 loops=1)
  Filter: (keyword_id > 36001)
  Rows Removed by Filter: 4021722
Planning time: 0.332 ms
Execution time: 1296.559 ms
