Hash Join  (cost=263115.61..1295058.91 rows=9551277 width=0) (actual time=6096.470..25284.568 rows=9531337 loops=1)
  Hash Cond: (ci.movie_id = t.id)
  ->  Seq Scan on cast_info ci  (cost=0.00..796071.18 rows=9256216 width=4) (actual time=0.012..13887.588 rows=3948945 loops=1)
        Filter: ((person_id < 1399345) AND (role_id > 1))
        Rows Removed by Filter: 32295399
  ->  Hash  (cost=220309.49..220309.49 rows=2609129 width=8) (actual time=6094.840..6094.840 rows=2609129 loops=1)
        Buckets: 131072  Batches: 64  Memory Usage: 2610kB
        ->  Hash Join  (cost=102767.86..220309.49 rows=2609129 width=8) (actual time=1863.620..5332.806 rows=2609129 loops=1)
              Hash Cond: (mc.movie_id = t.id)
              ->  Seq Scan on movie_companies mc  (cost=0.00..44881.29 rows=2609129 width=4) (actual time=0.014..902.794 rows=2609129 loops=1)
              ->  Hash  (cost=61283.27..61283.27 rows=2528527 width=4) (actual time=1861.144..1861.144 rows=2528312 loops=1)
                    Buckets: 131072  Batches: 64  Memory Usage: 2415kB
                    ->  Seq Scan on title t  (cost=0.00..61283.27 rows=2528527 width=4) (actual time=0.018..1030.833 rows=2528312 loops=1)
Planning time: 1.180 ms
Execution time: 26396.312 ms
