Hash Join  (cost=205091.71..737950.46 rows=4972082 width=0) (actual time=4029.219..19187.923 rows=7257253 loops=1)
  Hash Cond: (mi.movie_id = t.id)
  ->  Seq Scan on movie_info mi  (cost=0.00..309384.22 rows=14739122 width=4) (actual time=0.012..6148.109 rows=14835720 loops=1)
  ->  Hash  (cost=191097.57..191097.57 rows=852971 width=8) (actual time=4028.117..4028.117 rows=537768 loops=1)
        Buckets: 131072  Batches: 16  Memory Usage: 2335kB
        ->  Hash Join  (cost=102767.86..191097.57 rows=852971 width=8) (actual time=2026.040..3887.913 rows=537768 loops=1)
              Hash Cond: (mc.movie_id = t.id)
              ->  Seq Scan on movie_companies mc  (cost=0.00..57926.93 rows=852971 width=4) (actual time=0.021..1078.657 rows=537768 loops=1)
                    Filter: ((company_id < 18863) AND (company_type_id = 2))
                    Rows Removed by Filter: 2071361
              ->  Hash  (cost=61283.27..61283.27 rows=2528527 width=4) (actual time=2024.441..2024.441 rows=2528312 loops=1)
                    Buckets: 131072  Batches: 64  Memory Usage: 2415kB
                    ->  Seq Scan on title t  (cost=0.00..61283.27 rows=2528527 width=4) (actual time=0.022..1173.399 rows=2528312 loops=1)
Planning time: 1.186 ms
Execution time: 20027.888 ms
