Seq Scan on cast_info ci  (cost=0.00..796071.18 rows=1598032 width=0) (actual time=232.014..11213.909 rows=683641 loops=1)
  Filter: ((person_id < 233881) AND (role_id > 1))
  Rows Removed by Filter: 35560703
Planning time: 0.618 ms
Execution time: 11295.030 ms
