Seq Scan on movie_companies mc  (cost=0.00..57926.93 rows=714228 width=0) (actual time=0.010..1019.380 rows=448622 loops=1)
  Filter: ((company_id < 12062) AND (company_type_id > 1))
  Rows Removed by Filter: 2160507
Planning time: 0.324 ms
Execution time: 1081.974 ms
