Hash Join  (cost=125475.38..878288.88 rows=154434 width=0) (actual time=2522.350..19631.075 rows=371949 loops=1)
  Hash Cond: (ci.movie_id = t.id)
  ->  Seq Scan on cast_info ci  (cost=0.00..705507.15 rows=12203201 width=4) (actual time=190.034..14364.490 rows=12113646 loops=1)
        Filter: (role_id > 3)
        Rows Removed by Filter: 24130698
  ->  Hash  (cost=125075.40..125075.40 rows=31999 width=8) (actual time=2331.970..2331.970 rows=29480 loops=1)
        Buckets: 32768  Batches: 1  Memory Usage: 1408kB
        ->  Hash Join  (cost=68365.25..125075.40 rows=31999 width=8) (actual time=1461.894..2321.120 rows=29480 loops=1)
              Hash Cond: (mc.movie_id = t.id)
              ->  Seq Scan on movie_companies mc  (cost=0.00..51404.11 rows=1329612 width=4) (actual time=348.732..840.592 rows=1334883 loops=1)
                    Filter: (company_type_id = 2)
                    Rows Removed by Filter: 1274246
              ->  Hash  (cost=67604.59..67604.59 rows=60853 width=4) (actual time=1112.636..1112.636 rows=62568 loops=1)
                    Buckets: 65536  Batches: 1  Memory Usage: 2712kB
                    ->  Seq Scan on title t  (cost=0.00..67604.59 rows=60853 width=4) (actual time=0.033..1085.923 rows=62568 loops=1)
                          Filter: (production_year = 2002)
                          Rows Removed by Filter: 2465744
Planning time: 1.471 ms
Execution time: 19689.017 ms
