Seq Scan on cast_info ci  (cost=0.00..705507.15 rows=8572187 width=0) (actual time=88.261..12888.507 rows=8486314 loops=1)
  Filter: (role_id > 5)
  Rows Removed by Filter: 27758030
Planning time: 0.187 ms
Execution time: 13951.086 ms
