Seq Scan on cast_info ci  (cost=0.00..705507.15 rows=7705965 width=0) (actual time=289.616..10045.163 rows=7605707 loops=1)
  Filter: (person_id < 737346)
  Rows Removed by Filter: 28638637
Planning time: 0.348 ms
Execution time: 10908.547 ms
