Hash Join  (cost=72333.74..924450.46 rows=492870 width=0) (actual time=7058.781..19099.524 rows=334635 loops=1)
  Hash Cond: (ci.movie_id = t.id)
  ->  Seq Scan on cast_info ci  (cost=0.00..796071.18 rows=4323424 width=4) (actual time=5873.117..14747.263 rows=6936088 loops=1)
        Filter: ((person_id > 1960440) AND (role_id > 4))
        Rows Removed by Filter: 29308256
  ->  Hash  (cost=67604.59..67604.59 rows=288252 width=4) (actual time=1184.461..1184.461 rows=285055 loops=1)
        Buckets: 131072  Batches: 4  Memory Usage: 3527kB
        ->  Seq Scan on title t  (cost=0.00..67604.59 rows=288252 width=4) (actual time=0.040..1089.951 rows=285055 loops=1)
              Filter: (production_year < 1964)
              Rows Removed by Filter: 2243257
Planning time: 0.762 ms
Execution time: 19142.810 ms
