Seq Scan on movie_keyword mk  (cost=0.00..81003.12 rows=3726017 width=0) (actual time=0.028..1516.597 rows=3722237 loops=1)
  Filter: (keyword_id < 23082)
  Rows Removed by Filter: 801693
Planning time: 0.323 ms
Execution time: 1973.506 ms
