Hash Join  (cost=85280.32..519007.39 rows=2242614 width=0) (actual time=1671.740..10729.583 rows=2374111 loops=1)
  Hash Cond: (mi.movie_id = t.id)
  ->  Seq Scan on movie_info mi  (cost=0.00..346232.03 rows=5263441 width=4) (actual time=141.831..6048.559 rows=5270569 loops=1)
        Filter: (info_type_id > 15)
        Rows Removed by Filter: 9565151
  ->  Hash  (cost=67604.59..67604.59 rows=1077339 width=4) (actual time=1527.193..1527.193 rows=1074765 loops=1)
        Buckets: 131072  Batches: 16  Memory Usage: 3396kB
        ->  Seq Scan on title t  (cost=0.00..67604.59 rows=1077339 width=4) (actual time=0.030..1082.764 rows=1074765 loops=1)
              Filter: (production_year < 2001)
              Rows Removed by Filter: 1453547
Planning time: 0.782 ms
Execution time: 10964.420 ms
