Hash Join  (cost=799707.63..886373.45 rows=778 width=0) (actual time=14904.977..16544.194 rows=706 loops=1)
  Hash Cond: (mk.movie_id = t.id)
  ->  Seq Scan on movie_keyword mk  (cost=0.00..69693.30 rows=4523930 width=4) (actual time=0.011..985.592 rows=4523930 loops=1)
  ->  Hash  (cost=799702.19..799702.19 rows=435 width=8) (actual time=14800.540..14800.540 rows=99 loops=1)
        Buckets: 1024  Batches: 1  Memory Usage: 12kB
        ->  Nested Loop  (cost=0.43..799702.19 rows=435 width=8) (actual time=1795.103..14800.414 rows=99 loops=1)
              ->  Seq Scan on cast_info ci  (cost=0.00..796071.18 rows=435 width=4) (actual time=1794.905..14797.053 rows=99 loops=1)
                    Filter: ((role_id < 10) AND (person_id = 1653218))
                    Rows Removed by Filter: 36244245
              ->  Index Only Scan using title_pkey on title t  (cost=0.43..8.34 rows=1 width=4) (actual time=0.031..0.031 rows=1 loops=99)
                    Index Cond: (id = ci.movie_id)
                    Heap Fetches: 99
Planning time: 1.803 ms
Execution time: 16544.363 ms
