Hash Join  (cost=81530.55..920198.07 rows=883769 width=0) (actual time=1657.456..14948.001 rows=523938 loops=1)
  Hash Cond: (ci.movie_id = t.id)
  ->  Seq Scan on cast_info ci  (cost=0.00..796071.18 rows=2632708 width=4) (actual time=115.572..12333.787 rows=1602269 loops=1)
        Filter: ((person_id < 561784) AND (role_id > 2))
        Rows Removed by Filter: 34642075
  ->  Hash  (cost=67604.59..67604.59 rows=848797 width=4) (actual time=1540.619..1540.619 rows=849141 loops=1)
        Buckets: 131072  Batches: 16  Memory Usage: 2892kB
        ->  Seq Scan on title t  (cost=0.00..67604.59 rows=848797 width=4) (actual time=0.020..1271.050 rows=849141 loops=1)
              Filter: (production_year < 1996)
              Rows Removed by Filter: 1679171
Planning time: 0.569 ms
Execution time: 15011.060 ms
