Hash Join  (cost=287602.27..884927.59 rows=9980949 width=0) (actual time=5971.449..19846.075 rows=4729765 loops=1)
  Hash Cond: (mi.movie_id = t.id)
  ->  Seq Scan on movie_info mi  (cost=0.00..346232.03 rows=11115165 width=4) (actual time=0.020..6790.761 rows=11210743 loops=1)
        Filter: (info_type_id > 3)
        Rows Removed by Filter: 3624977
  ->  Hash  (cost=250350.90..250350.90 rows=2270510 width=8) (actual time=5970.293..5970.293 rows=515247 loops=1)
        Buckets: 131072  Batches: 32  Memory Usage: 1655kB
        ->  Hash Join  (cost=92883.59..250350.90 rows=2270510 width=8) (actual time=3307.576..5813.261 rows=515247 loops=1)
              Hash Cond: (mk.movie_id = t.id)
              ->  Seq Scan on movie_keyword mk  (cost=0.00..81003.12 rows=3726017 width=4) (actual time=0.013..1691.628 rows=3722237 loops=1)
                    Filter: (keyword_id < 23082)
                    Rows Removed by Filter: 801693
              ->  Hash  (cost=67604.59..67604.59 rows=1540800 width=4) (actual time=1648.453..1648.453 rows=1543264 loops=1)
                    Buckets: 131072  Batches: 32  Memory Usage: 2728kB
                    ->  Seq Scan on title t  (cost=0.00..67604.59 rows=1540800 width=4) (actual time=0.017..1160.219 rows=1543264 loops=1)
                          Filter: (kind_id = 7)
                          Rows Removed by Filter: 985048
Planning time: 1.166 ms
Execution time: 20377.363 ms
