Hash Join  (cost=73930.12..128599.12 rows=348 width=0) (actual time=955.298..1924.480 rows=2 loops=1)
  Hash Cond: (mc.movie_id = t.id)
  ->  Seq Scan on movie_companies mc  (cost=0.00..44881.29 rows=2609129 width=4) (actual time=0.015..551.330 rows=2609129 loops=1)
  ->  Hash  (cost=73925.90..73925.90 rows=337 width=4) (actual time=912.263..912.263 rows=1 loops=1)
        Buckets: 1024  Batches: 1  Memory Usage: 9kB
        ->  Seq Scan on title t  (cost=0.00..73925.90 rows=337 width=4) (actual time=470.357..912.252 rows=1 loops=1)
              Filter: ((kind_id = 4) AND (production_year = 1954))
              Rows Removed by Filter: 2528311
Planning time: 0.836 ms
Execution time: 1924.555 ms
