Seq Scan on movie_companies mc  (cost=0.00..51404.11 rows=885951 width=0) (actual time=0.030..815.173 rows=892433 loops=1)
  Filter: (company_id > 21913)
  Rows Removed by Filter: 1716696
Planning time: 0.332 ms
Execution time: 928.151 ms
