Hash Join  (cost=80384.28..161033.58 rows=406178 width=0) (actual time=1804.824..4025.188 rows=233886 loops=1)
  Hash Cond: (mc.movie_id = t.id)
  ->  Seq Scan on movie_companies mc  (cost=0.00..44881.29 rows=2609129 width=4) (actual time=0.015..892.251 rows=2609129 loops=1)
  ->  Hash  (cost=73925.90..73925.90 rows=393630 width=4) (actual time=1798.543..1798.543 rows=401187 loops=1)
        Buckets: 131072  Batches: 8  Memory Usage: 2794kB
        ->  Seq Scan on title t  (cost=0.00..73925.90 rows=393630 width=4) (actual time=0.019..1302.441 rows=401187 loops=1)
              Filter: ((kind_id > 1) AND (production_year > 2009))
              Rows Removed by Filter: 2127125
Planning time: 0.775 ms
Execution time: 4056.420 ms
