Nested Loop  (cost=0.43..83072.29 rows=65 width=0) (actual time=0.357..1310.206 rows=1581 loops=1)
  ->  Seq Scan on movie_keyword mk  (cost=0.00..81003.12 rows=246 width=4) (actual time=0.317..1241.981 rows=2044 loops=1)
        Filter: (keyword_id = 1969)
        Rows Removed by Filter: 4521886
  ->  Index Scan using title_pkey on title t  (cost=0.43..8.40 rows=1 width=4) (actual time=0.032..0.032 rows=1 loops=2044)
        Index Cond: (id = mk.movie_id)
        Filter: (kind_id = 1)
        Rows Removed by Filter: 0
Planning time: 0.553 ms
Execution time: 1310.810 ms
