Seq Scan on cast_info ci  (cost=0.00..705507.15 rows=20129735 width=0) (actual time=0.017..12666.362 rows=20002522 loops=1)
  Filter: (person_id < 2008757)
  Rows Removed by Filter: 16241822
Planning time: 0.272 ms
Execution time: 15135.234 ms
