Seq Scan on movie_keyword mk  (cost=0.00..81003.12 rows=1002200 width=0) (actual time=0.025..1431.523 rows=1008084 loops=1)
  Filter: (keyword_id < 969)
  Rows Removed by Filter: 3515846
Planning time: 0.347 ms
Execution time: 1564.095 ms
