Seq Scan on movie_companies mc  (cost=0.00..57926.93 rows=1263896 width=0) (actual time=445.905..783.459 rows=1274246 loops=1)
  Filter: ((company_id < 207214) AND (company_type_id = 1))
  Rows Removed by Filter: 1334883
Planning time: 0.384 ms
Execution time: 880.661 ms
