Hash Join  (cost=75205.79..198908.21 rows=139538 width=0) (actual time=1167.362..3925.642 rows=44015 loops=1)
  Hash Cond: (mk.movie_id = t.id)
  ->  Seq Scan on movie_keyword mk  (cost=0.00..69693.30 rows=4523930 width=4) (actual time=0.018..1380.753 rows=4523930 loops=1)
  ->  Hash  (cost=73925.90..73925.90 rows=77991 width=4) (actual time=1166.376..1166.376 rows=84556 loops=1)
        Buckets: 131072  Batches: 2  Memory Usage: 2523kB
        ->  Seq Scan on title t  (cost=0.00..73925.90 rows=77991 width=4) (actual time=0.010..1096.078 rows=84556 loops=1)
              Filter: ((kind_id > 4) AND (production_year = 2008))
              Rows Removed by Filter: 2443756
Planning time: 0.534 ms
Execution time: 3931.493 ms
