Seq Scan on movie_keyword mk  (cost=0.00..81003.12 rows=3311798 width=0) (actual time=0.013..1580.690 rows=3302445 loops=1)
  Filter: (keyword_id < 14913)
  Rows Removed by Filter: 1221485
Planning time: 0.229 ms
Execution time: 2003.739 ms
