Seq Scan on movie_companies mc  (cost=0.00..57926.93 rows=51 width=0) (actual time=435.270..754.497 rows=43 loops=1)
  Filter: ((company_id = 4538) AND (company_type_id = 1))
  Rows Removed by Filter: 2609086
Planning time: 0.372 ms
Execution time: 754.599 ms
