Hash Join  (cost=65686.41..882441.15 rows=727 width=0) (actual time=916.556..19569.462 rows=510 loops=1)
  Hash Cond: (ci.movie_id = t.id)
  ->  Seq Scan on cast_info ci  (cost=0.00..705507.15 rows=29664084 width=4) (actual time=0.020..13793.526 rows=29761505 loops=1)
        Filter: (person_id > 625808)
        Rows Removed by Filter: 6482839
  ->  Hash  (cost=65685.63..65685.63 rows=62 width=8) (actual time=895.400..895.400 rows=22 loops=1)
        Buckets: 1024  Batches: 1  Memory Usage: 9kB
        ->  Nested Loop  (cost=0.43..65685.63 rows=62 width=8) (actual time=51.366..895.367 rows=22 loops=1)
              ->  Seq Scan on movie_companies mc  (cost=0.00..57926.93 rows=945 width=4) (actual time=9.723..874.169 rows=743 loops=1)
                    Filter: ((company_id < 6) AND (company_type_id > 1))
                    Rows Removed by Filter: 2608386
              ->  Index Scan using title_pkey on title t  (cost=0.43..8.20 rows=1 width=4) (actual time=0.028..0.028 rows=0 loops=743)
                    Index Cond: (id = mc.movie_id)
                    Filter: (production_year = 2012)
                    Rows Removed by Filter: 1
Planning time: 1.305 ms
Execution time: 19569.857 ms
