Hash Join  (cost=102767.86..189031.89 rows=767083 width=0) (actual time=2001.502..3748.007 rows=476981 loops=1)
  Hash Cond: (mc.movie_id = t.id)
  ->  Seq Scan on movie_companies mc  (cost=0.00..57926.93 rows=767083 width=4) (actual time=0.029..910.562 rows=476981 loops=1)
        Filter: ((company_id < 13836) AND (company_type_id = 2))
        Rows Removed by Filter: 2132148
  ->  Hash  (cost=61283.27..61283.27 rows=2528527 width=4) (actual time=2000.703..2000.703 rows=2528312 loops=1)
        Buckets: 131072  Batches: 64  Memory Usage: 2415kB
        ->  Seq Scan on title t  (cost=0.00..61283.27 rows=2528527 width=4) (actual time=0.013..1156.659 rows=2528312 loops=1)
Planning time: 0.809 ms
Execution time: 3803.891 ms
