Hash Join  (cost=73982.55..102616.02 rows=1640 width=0) (actual time=1117.146..1759.448 rows=2752 loops=1)
  Hash Cond: (mi_idx.movie_id = t.id)
  ->  Seq Scan on movie_info_idx mi_idx  (cost=0.00..25185.44 rows=915101 width=4) (actual time=0.018..491.434 rows=919850 loops=1)
        Filter: (info_type_id < 101)
        Rows Removed by Filter: 460185
  ->  Hash  (cost=73925.90..73925.90 rows=4532 width=4) (actual time=1116.149..1116.149 rows=8818 loops=1)
        Buckets: 16384 (originally 8192)  Batches: 1 (originally 1)  Memory Usage: 439kB
        ->  Seq Scan on title t  (cost=0.00..73925.90 rows=4532 width=4) (actual time=220.168..1111.843 rows=8818 loops=1)
              Filter: ((kind_id = 7) AND (production_year = 1967))
              Rows Removed by Filter: 2519494
Planning time: 0.787 ms
Execution time: 1759.987 ms
