Hash Join  (cost=115719.31..498908.11 rows=33042 width=0) (actual time=1292.562..9050.279 rows=9481 loops=1)
  Hash Cond: (mi.movie_id = t.id)
  ->  Seq Scan on movie_info mi  (cost=0.00..346232.03 rows=9767026 width=4) (actual time=362.978..6384.186 rows=9911754 loops=1)
        Filter: (info_type_id > 4)
        Rows Removed by Filter: 4923966
  ->  Hash  (cost=115612.39..115612.39 rows=8554 width=8) (actual time=928.454..928.454 rows=8139 loops=1)
        Buckets: 16384  Batches: 1  Memory Usage: 446kB
        ->  Nested Loop  (cost=0.43..115612.39 rows=8554 width=8) (actual time=20.829..924.644 rows=8139 loops=1)
              ->  Seq Scan on movie_companies mc  (cost=0.00..57926.93 rows=8554 width=4) (actual time=20.722..747.290 rows=8139 loops=1)
                    Filter: ((company_id = 166) AND (company_type_id = 2))
                    Rows Removed by Filter: 2600990
              ->  Index Only Scan using title_pkey on title t  (cost=0.43..6.73 rows=1 width=4) (actual time=0.021..0.021 rows=1 loops=8139)
                    Index Cond: (id = mc.movie_id)
                    Heap Fetches: 8139
Planning time: 1.196 ms
Execution time: 9051.833 ms
