Hash Join  (cost=102767.86..194519.25 rows=995105 width=0) (actual time=2279.012..4510.326 rows=1274246 loops=1)
  Hash Cond: (mc.movie_id = t.id)
  ->  Seq Scan on movie_companies mc  (cost=0.00..57926.93 rows=995105 width=4) (actual time=292.913..1196.034 rows=1274246 loops=1)
        Filter: ((company_id < 70951) AND (company_type_id < 2))
        Rows Removed by Filter: 1334883
  ->  Hash  (cost=61283.27..61283.27 rows=2528527 width=4) (actual time=1984.707..1984.707 rows=2528312 loops=1)
        Buckets: 131072  Batches: 64  Memory Usage: 2415kB
        ->  Seq Scan on title t  (cost=0.00..61283.27 rows=2528527 width=4) (actual time=0.021..1149.899 rows=2528312 loops=1)
Planning time: 0.775 ms
Execution time: 4653.204 ms
