Hash Join  (cost=160687.50..543972.05 rows=20473 width=0) (actual time=2858.675..9472.864 rows=1872205 loops=1)
  Hash Cond: (mi.movie_id = t.id)
  ->  Seq Scan on movie_info mi  (cost=0.00..309384.22 rows=14739122 width=4) (actual time=0.017..3477.097 rows=14835720 loops=1)
  ->  Hash  (cost=160643.60..160643.60 rows=3512 width=8) (actual time=2858.580..2858.580 rows=24800 loops=1)
        Buckets: 32768 (originally 4096)  Batches: 1 (originally 1)  Memory Usage: 1225kB
        ->  Hash Join  (cost=73950.44..160643.60 rows=3512 width=8) (actual time=1115.875..2850.341 rows=24800 loops=1)
              Hash Cond: (mk.movie_id = t.id)
              ->  Seq Scan on movie_keyword mk  (cost=0.00..69693.30 rows=4523930 width=4) (actual time=0.022..1016.170 rows=4523930 loops=1)
              ->  Hash  (cost=73925.90..73925.90 rows=1963 width=4) (actual time=1022.681..1022.681 rows=4466 loops=1)
                    Buckets: 8192 (originally 2048)  Batches: 1 (originally 1)  Memory Usage: 222kB
                    ->  Seq Scan on title t  (cost=0.00..73925.90 rows=1963 width=4) (actual time=0.050..1020.704 rows=4466 loops=1)
                          Filter: ((kind_id = 1) AND (production_year = 1980))
                          Rows Removed by Filter: 2523846
Planning time: 1.079 ms
Execution time: 9684.591 ms
