Hash Join  (cost=74384.48..830429.57 rows=525592 width=0) (actual time=1230.031..21521.475 rows=420704 loops=1)
  Hash Cond: (ci.movie_id = t.id)
  ->  Seq Scan on cast_info ci  (cost=0.00..614943.12 rows=36225612 width=4) (actual time=0.017..9417.428 rows=36244344 loops=1)
  ->  Hash  (cost=73925.90..73925.90 rows=36686 width=4) (actual time=1229.343..1229.343 rows=39125 loops=1)
        Buckets: 65536  Batches: 1  Memory Usage: 1888kB
        ->  Seq Scan on title t  (cost=0.00..73925.90 rows=36686 width=4) (actual time=0.040..1213.292 rows=39125 loops=1)
              Filter: ((production_year < 2000) AND (kind_id = 2))
              Rows Removed by Filter: 2489187
Planning time: 0.558 ms
Execution time: 21589.092 ms
