Hash Join  (cost=797557.90..852225.24 rows=182 width=0) (actual time=10948.593..12105.288 rows=1574 loops=1)
  Hash Cond: (mc.movie_id = t.id)
  ->  Seq Scan on movie_companies mc  (cost=0.00..44881.29 rows=2609129 width=4) (actual time=0.023..674.703 rows=2609129 loops=1)
  ->  Hash  (cost=797555.70..797555.70 rows=176 width=8) (actual time=10946.799..10946.799 rows=736 loops=1)
        Buckets: 1024  Batches: 1  Memory Usage: 37kB
        ->  Nested Loop  (cost=0.43..797555.70 rows=176 width=8) (actual time=8577.921..10946.480 rows=736 loops=1)
              ->  Seq Scan on cast_info ci  (cost=0.00..796071.18 rows=176 width=4) (actual time=8577.703..10931.392 rows=736 loops=1)
                    Filter: ((person_id = 1116015) AND (role_id = 1))
                    Rows Removed by Filter: 36243608
              ->  Index Only Scan using title_pkey on title t  (cost=0.43..8.42 rows=1 width=4) (actual time=0.019..0.020 rows=1 loops=736)
                    Index Cond: (id = ci.movie_id)
                    Heap Fetches: 736
Planning time: 1.115 ms
Execution time: 12105.682 ms
