Hash Join  (cost=76033.02..200834.49 rows=229744 width=0) (actual time=1345.611..3952.233 rows=4729 loops=1)
  Hash Cond: (mk.movie_id = t.id)
  ->  Seq Scan on movie_keyword mk  (cost=0.00..69693.30 rows=4523930 width=4) (actual time=0.010..1305.778 rows=4523930 loops=1)
  ->  Hash  (cost=73925.90..73925.90 rows=128409 width=4) (actual time=1306.537..1306.537 rows=8317 loops=1)
        Buckets: 131072  Batches: 2  Memory Usage: 1178kB
        ->  Seq Scan on title t  (cost=0.00..73925.90 rows=128409 width=4) (actual time=0.568..1301.307 rows=8317 loops=1)
              Filter: ((kind_id > 1) AND (production_year < 1952))
              Rows Removed by Filter: 2519995
Planning time: 1.606 ms
Execution time: 3953.097 ms
