Hash Join  (cost=458723.99..595590.85 rows=455337 width=0) (actual time=10096.117..11529.412 rows=251362 loops=1)
  Hash Cond: (mk.movie_id = t.id)
  ->  Seq Scan on movie_keyword mk  (cost=0.00..81003.12 rows=4348097 width=4) (actual time=0.025..1806.715 rows=4350874 loops=1)
        Filter: (keyword_id < 72034)
        Rows Removed by Filter: 173056
  ->  Hash  (cost=454379.12..454379.12 rows=264790 width=8) (actual time=7990.007..7990.007 rows=103028 loops=1)
        Buckets: 131072  Batches: 4  Memory Usage: 2031kB
        ->  Hash Join  (cost=78931.38..454379.12 rows=264790 width=8) (actual time=2760.118..7955.586 rows=103028 loops=1)
              Hash Cond: (mi.movie_id = t.id)
              ->  Seq Scan on movie_info mi  (cost=0.00..346232.03 rows=2194617 width=4) (actual time=1589.865..5817.543 rows=2233850 loops=1)
                    Filter: (info_type_id > 16)
                    Rows Removed by Filter: 12601870
              ->  Hash  (cost=73925.90..73925.90 rows=305078 width=4) (actual time=1169.353..1169.353 rows=193383 loops=1)
                    Buckets: 131072  Batches: 4  Memory Usage: 2724kB
                    ->  Seq Scan on title t  (cost=0.00..73925.90 rows=305078 width=4) (actual time=0.029..1102.286 rows=193383 loops=1)
                          Filter: ((production_year < 1979) AND (kind_id = 7))
                          Rows Removed by Filter: 2334929
Planning time: 3.549 ms
Execution time: 11553.243 ms
