Hash Join  (cost=128753.29..215494.99 rows=8366 width=0) (actual time=3686.753..4122.665 rows=8979 loops=1)
  Hash Cond: (mk.movie_id = t.id)
  ->  Seq Scan on movie_keyword mk  (cost=0.00..69693.30 rows=4523930 width=4) (actual time=0.019..1018.750 rows=4523930 loops=1)
  ->  Hash  (cost=128694.84..128694.84 rows=4676 width=8) (actual time=2296.619..2296.619 rows=8636 loops=1)
        Buckets: 16384 (originally 8192)  Batches: 1 (originally 1)  Memory Usage: 466kB
        ->  Hash Join  (cost=73982.55..128694.84 rows=4676 width=8) (actual time=1152.918..2293.261 rows=8636 loops=1)
              Hash Cond: (mc.movie_id = t.id)
              ->  Seq Scan on movie_companies mc  (cost=0.00..44881.29 rows=2609129 width=4) (actual time=0.020..607.515 rows=2609129 loops=1)
              ->  Hash  (cost=73925.90..73925.90 rows=4532 width=4) (actual time=1134.618..1134.618 rows=7824 loops=1)
                    Buckets: 8192  Batches: 1  Memory Usage: 340kB
                    ->  Seq Scan on title t  (cost=0.00..73925.90 rows=4532 width=4) (actual time=0.198..1130.916 rows=7824 loops=1)
                          Filter: ((kind_id > 6) AND (production_year = 1965))
                          Rows Removed by Filter: 2520488
Planning time: 1.048 ms
Execution time: 4124.176 ms
