Hash Join  (cost=130352.35..628470.77 rows=1716146 width=0) (actual time=2604.289..17561.639 rows=7611613 loops=1)
  Hash Cond: (mi.movie_id = t.id)
  ->  Seq Scan on movie_info mi  (cost=0.00..309384.22 rows=14739122 width=4) (actual time=0.020..5990.986 rows=14835720 loops=1)
  ->  Hash  (cost=125521.24..125521.24 rows=294409 width=8) (actual time=2603.299..2603.299 rows=436973 loops=1)
        Buckets: 131072 (originally 131072)  Batches: 8 (originally 4)  Memory Usage: 3173kB
        ->  Hash Join  (cost=82776.67..125521.24 rows=294409 width=8) (actual time=1330.294..2472.512 rows=436973 loops=1)
              Hash Cond: (mi_idx.movie_id = t.id)
              ->  Seq Scan on movie_info_idx mi_idx  (cost=0.00..21735.35 rows=1380035 width=4) (actual time=0.033..385.729 rows=1380035 loops=1)
              ->  Hash  (cost=73925.90..73925.90 rows=539421 width=4) (actual time=1329.364..1329.364 rows=459810 loops=1)
                    Buckets: 131072  Batches: 8  Memory Usage: 3041kB
                    ->  Seq Scan on title t  (cost=0.00..73925.90 rows=539421 width=4) (actual time=0.020..1165.408 rows=459810 loops=1)
                          Filter: ((kind_id < 7) AND (production_year > 2000))
                          Rows Removed by Filter: 2068502
Planning time: 1.378 ms
Execution time: 18501.936 ms
