Hash Join  (cost=234704.89..1028380.48 rows=2249161 width=0) (actual time=6636.457..29080.404 rows=33662982 loops=1)
  Hash Cond: (ci.movie_id = t.id)
  ->  Seq Scan on cast_info ci  (cost=0.00..705507.15 rows=4761768 width=4) (actual time=0.024..12169.762 rows=4796769 loops=1)
        Filter: (person_id > 3197254)
        Rows Removed by Filter: 31447575
  ->  Hash  (cost=215109.93..215109.93 rows=1194317 width=8) (actual time=6633.987..6633.987 rows=2886675 loops=1)
        Buckets: 131072 (originally 131072)  Batches: 64 (originally 16)  Memory Usage: 3073kB
        ->  Hash Join  (cost=78556.72..215109.93 rows=1194317 width=8) (actual time=1321.573..5711.315 rows=2886675 loops=1)
              Hash Cond: (mk.movie_id = t.id)
              ->  Seq Scan on movie_keyword mk  (cost=0.00..69693.30 rows=4523930 width=4) (actual time=0.019..1436.495 rows=4523930 loops=1)
              ->  Hash  (cost=67604.59..67604.59 rows=667531 width=4) (actual time=1320.594..1320.594 rows=662825 loops=1)
                    Buckets: 131072  Batches: 16  Memory Usage: 2486kB
                    ->  Seq Scan on title t  (cost=0.00..67604.59 rows=667531 width=4) (actual time=0.024..1104.673 rows=662825 loops=1)
                          Filter: (kind_id = 1)
                          Rows Removed by Filter: 1865487
Planning time: 4.496 ms
Execution time: 32710.095 ms
