Seq Scan on movie_keyword mk  (cost=0.00..81003.12 rows=230547 width=0) (actual time=0.026..1325.069 rows=242674 loops=1)
  Filter: (keyword_id < 202)
  Rows Removed by Filter: 4281256
Planning time: 0.307 ms
Execution time: 1358.682 ms
