Seq Scan on movie_keyword mk  (cost=0.00..81003.12 rows=4470618 width=0) (actual time=0.023..1738.806 rows=4474282 loops=1)
  Filter: (keyword_id < 99739)
  Rows Removed by Filter: 49648
Planning time: 0.339 ms
Execution time: 2311.832 ms
