Hash Join  (cost=190230.21..1034601.03 rows=1375904 width=0) (actual time=7955.431..19712.440 rows=3215777 loops=1)
  Hash Cond: (ci.movie_id = t.id)
  ->  Seq Scan on cast_info ci  (cost=0.00..796071.18 rows=2520958 width=4) (actual time=2838.307..12273.838 rows=2764240 loops=1)
        Filter: ((person_id < 298697) AND (role_id < 8))
        Rows Removed by Filter: 33480104
  ->  Hash  (cost=167588.78..167588.78 rows=1380035 width=8) (actual time=4803.940..4803.940 rows=1380035 loops=1)
        Buckets: 131072  Batches: 32  Memory Usage: 2708kB
        ->  Hash Join  (cost=102767.86..167588.78 rows=1380035 width=8) (actual time=1932.788..4400.123 rows=1380035 loops=1)
              Hash Cond: (mi_idx.movie_id = t.id)
              ->  Seq Scan on movie_info_idx mi_idx  (cost=0.00..21735.35 rows=1380035 width=4) (actual time=0.041..521.978 rows=1380035 loops=1)
              ->  Hash  (cost=61283.27..61283.27 rows=2528527 width=4) (actual time=1931.287..1931.287 rows=2528312 loops=1)
                    Buckets: 131072  Batches: 64  Memory Usage: 2415kB
                    ->  Seq Scan on title t  (cost=0.00..61283.27 rows=2528527 width=4) (actual time=0.018..1095.688 rows=2528312 loops=1)
Planning time: 1.225 ms
Execution time: 20031.576 ms
