Hash Join  (cost=172462.29..540690.72 rows=357250 width=0) (actual time=2858.056..10610.515 rows=171907 loops=1)
  Hash Cond: (mi.movie_id = t.id)
  ->  Seq Scan on movie_info mi  (cost=0.00..309384.22 rows=14739122 width=4) (actual time=0.015..4309.311 rows=14835720 loops=1)
  ->  Hash  (cost=171696.20..171696.20 rows=61287 width=8) (actual time=2855.717..2855.717 rows=18747 loops=1)
        Buckets: 65536  Batches: 1  Memory Usage: 1245kB
        ->  Hash Join  (cost=84786.32..171696.20 rows=61287 width=8) (actual time=1378.764..2849.414 rows=18747 loops=1)
              Hash Cond: (mk.movie_id = t.id)
              ->  Seq Scan on movie_keyword mk  (cost=0.00..81003.12 rows=234104 width=4) (actual time=0.023..1281.980 rows=246484 loops=1)
                    Filter: (keyword_id < 213)
                    Rows Removed by Filter: 4277446
              ->  Hash  (cost=73925.90..73925.90 rows=661953 width=4) (actual time=1373.507..1373.507 rows=563917 loops=1)
                    Buckets: 131072  Batches: 16  Memory Usage: 2267kB
                    ->  Seq Scan on title t  (cost=0.00..73925.90 rows=661953 width=4) (actual time=0.014..1193.890 rows=563917 loops=1)
                          Filter: ((kind_id > 4) AND (production_year < 2001))
                          Rows Removed by Filter: 1964395
Planning time: 1.194 ms
Execution time: 10634.360 ms
