Hash Join  (cost=91342.70..182037.68 rows=133741 width=0) (actual time=1830.395..3394.406 rows=166372 loops=1)
  Hash Cond: (mk.movie_id = t.id)
  ->  Seq Scan on movie_keyword mk  (cost=0.00..81003.12 rows=233720 width=4) (actual time=14.233..1160.896 rows=234268 loops=1)
        Filter: (keyword_id > 62748)
        Rows Removed by Filter: 4289662
  ->  Hash  (cost=67604.59..67604.59 rows=1446889 width=4) (actual time=1814.898..1814.898 rows=1443298 loops=1)
        Buckets: 131072  Batches: 32  Memory Usage: 2616kB
        ->  Seq Scan on title t  (cost=0.00..67604.59 rows=1446889 width=4) (actual time=0.024..1327.633 rows=1443298 loops=1)
              Filter: (production_year < 2006)
              Rows Removed by Filter: 1085014
Planning time: 0.750 ms
Execution time: 3415.876 ms
