Seq Scan on movie_keyword mk  (cost=0.00..81003.12 rows=741316 width=0) (actual time=0.023..1344.565 rows=744235 loops=1)
  Filter: (keyword_id < 676)
  Rows Removed by Filter: 3779695
Planning time: 0.303 ms
Execution time: 1439.215 ms
