Hash Join  (cost=83810.17..174942.37 rows=905779 width=0) (actual time=2035.248..4663.191 rows=1593667 loops=1)
  Hash Cond: (mc.movie_id = t.id)
  ->  Seq Scan on movie_companies mc  (cost=0.00..51404.11 rows=2318745 width=4) (actual time=0.026..1024.827 rows=2310975 loops=1)
        Filter: (company_id < 94680)
        Rows Removed by Filter: 298154
  ->  Hash  (cost=67604.59..67604.59 rows=987727 width=4) (actual time=1428.722..1428.722 rows=985048 loops=1)
        Buckets: 131072  Batches: 16  Memory Usage: 3188kB
        ->  Seq Scan on title t  (cost=0.00..67604.59 rows=987727 width=4) (actual time=0.010..1124.440 rows=985048 loops=1)
              Filter: (kind_id < 7)
              Rows Removed by Filter: 1543264
Planning time: 0.776 ms
Execution time: 4832.909 ms
