Hash Join  (cost=75772.69..152423.53 rows=116131 width=0) (actual time=1206.787..3024.619 rows=63906 loops=1)
  Hash Cond: (mc.movie_id = t.id)
  ->  Seq Scan on movie_companies mc  (cost=0.00..44881.29 rows=2609129 width=4) (actual time=0.016..880.838 rows=2609129 loops=1)
  ->  Hash  (cost=73925.90..73925.90 rows=112543 width=4) (actual time=1205.931..1205.931 rows=117253 loops=1)
        Buckets: 131072  Batches: 2  Memory Usage: 3085kB
        ->  Seq Scan on title t  (cost=0.00..73925.90 rows=112543 width=4) (actual time=0.018..1162.101 rows=117253 loops=1)
              Filter: ((kind_id > 2) AND (production_year = 2011))
              Rows Removed by Filter: 2411059
Planning time: 0.744 ms
Execution time: 3034.119 ms
