Seq Scan on cast_info ci  (cost=0.00..796071.18 rows=32429 width=0) (actual time=2400.557..10891.095 rows=11296 loops=1)
  Filter: ((person_id < 312962) AND (role_id = 11))
  Rows Removed by Filter: 36233048
Planning time: 0.412 ms
Execution time: 10892.707 ms
