Seq Scan on movie_companies mc  (cost=0.00..51404.11 rows=2031562 width=0) (actual time=0.034..1014.203 rows=2027543 loops=1)
  Filter: (company_id < 71020)
  Rows Removed by Filter: 581586
Planning time: 0.358 ms
Execution time: 1264.120 ms
