Seq Scan on movie_keyword mk  (cost=0.00..81003.12 rows=4222 width=0) (actual time=0.612..1186.986 rows=3511 loops=1)
  Filter: (keyword_id = 365)
  Rows Removed by Filter: 4520419
Planning time: 0.450 ms
Execution time: 1187.764 ms
