Seq Scan on movie_keyword mk  (cost=0.00..81003.12 rows=4082396 width=0) (actual time=0.007..1663.953 rows=4085566 loops=1)
  Filter: (keyword_id < 40156)
  Rows Removed by Filter: 438364
Planning time: 0.233 ms
Execution time: 2181.091 ms
