Hash Join  (cost=73952.40..1164692.80 rows=5542524 width=0) (actual time=1266.043..32422.174 rows=4168352 loops=1)
  Hash Cond: (ci.movie_id = t.id)
  ->  Seq Scan on cast_info ci  (cost=0.00..614943.12 rows=36225612 width=4) (actual time=0.018..13617.607 rows=36244344 loops=1)
  ->  Hash  (cost=67604.59..67604.59 rows=386865 width=4) (actual time=1264.965..1264.965 rows=381430 loops=1)
        Buckets: 131072  Batches: 8  Memory Usage: 2693kB
        ->  Seq Scan on title t  (cost=0.00..67604.59 rows=386865 width=4) (actual time=0.062..1138.718 rows=381430 loops=1)
              Filter: (production_year < 1971)
              Rows Removed by Filter: 2146882
Planning time: 0.710 ms
Execution time: 32933.520 ms
