Hash Join  (cost=234647.17..796654.41 rows=5977138 width=0) (actual time=4786.506..19401.655 rows=6966805 loops=1)
  Hash Cond: (mi.movie_id = t.id)
  ->  Seq Scan on movie_info mi  (cost=0.00..309384.22 rows=14739122 width=4) (actual time=0.019..6279.736 rows=14835720 loops=1)
  ->  Hash  (cost=217823.78..217823.78 rows=1025391 width=8) (actual time=4785.262..4785.262 rows=432055 loops=1)
        Buckets: 131072  Batches: 16  Memory Usage: 2066kB
        ->  Hash Join  (cost=83328.83..217823.78 rows=1025391 width=8) (actual time=1361.928..4666.396 rows=432055 loops=1)
              Hash Cond: (mk.movie_id = t.id)
              ->  Seq Scan on movie_keyword mk  (cost=0.00..69693.30 rows=4523930 width=4) (actual time=0.019..1417.433 rows=4523930 loops=1)
              ->  Hash  (cost=73925.90..73925.90 rows=573114 width=4) (actual time=1361.074..1361.074 rows=446387 loops=1)
                    Buckets: 131072  Batches: 8  Memory Usage: 2982kB
                    ->  Seq Scan on title t  (cost=0.00..73925.90 rows=573114 width=4) (actual time=0.025..1214.552 rows=446387 loops=1)
                          Filter: ((kind_id > 1) AND (production_year < 1994))
                          Rows Removed by Filter: 2081925
Planning time: 1.339 ms
Execution time: 20230.304 ms
