Hash Join  (cost=102767.86..175620.91 rows=209730 width=0) (actual time=2338.706..3556.602 rows=96517 loops=1)
  Hash Cond: (mc.movie_id = t.id)
  ->  Seq Scan on movie_companies mc  (cost=0.00..57926.93 rows=209730 width=4) (actual time=125.967..850.950 rows=96517 loops=1)
        Filter: ((company_id < 272) AND (company_type_id = 2))
        Rows Removed by Filter: 2512612
  ->  Hash  (cost=61283.27..61283.27 rows=2528527 width=4) (actual time=2211.355..2211.355 rows=2528312 loops=1)
        Buckets: 131072  Batches: 64  Memory Usage: 2415kB
        ->  Seq Scan on title t  (cost=0.00..61283.27 rows=2528527 width=4) (actual time=0.017..1092.934 rows=2528312 loops=1)
Planning time: 0.741 ms
Execution time: 3567.965 ms
