Seq Scan on movie_companies mc  (cost=0.00..57926.93 rows=870577 width=0) (actual time=145.768..1086.705 rows=1073227 loops=1)
  Filter: ((company_id > 2840) AND (company_type_id > 1))
  Rows Removed by Filter: 1535902
Planning time: 0.324 ms
Execution time: 1220.103 ms
