Hash Join  (cost=102767.86..934456.82 rows=1069648 width=0) (actual time=1813.200..15269.559 rows=989805 loops=1)
  Hash Cond: (ci.movie_id = t.id)
  ->  Seq Scan on cast_info ci  (cost=0.00..796071.18 rows=1069648 width=4) (actual time=0.030..12239.096 rows=989805 loops=1)
        Filter: ((person_id < 1391005) AND (role_id = 4))
        Rows Removed by Filter: 35254539
  ->  Hash  (cost=61283.27..61283.27 rows=2528527 width=4) (actual time=1811.941..1811.941 rows=2528312 loops=1)
        Buckets: 131072  Batches: 64  Memory Usage: 2415kB
        ->  Seq Scan on title t  (cost=0.00..61283.27 rows=2528527 width=4) (actual time=0.009..975.374 rows=2528312 loops=1)
Planning time: 0.830 ms
Execution time: 15385.350 ms
