Seq Scan on cast_info ci  (cost=0.00..796071.18 rows=1285511 width=0) (actual time=4993.885..10837.968 rows=3853191 loops=1)
  Filter: ((person_id > 3355605) AND (role_id > 3))
  Rows Removed by Filter: 32391153
Planning time: 0.230 ms
Execution time: 11297.649 ms
