Hash Join  (cost=91346.33..138981.93 rows=579512 width=0) (actual time=1833.138..3243.410 rows=354453 loops=1)
  Hash Cond: (mi_idx.movie_id = t.id)
  ->  Seq Scan on movie_info_idx mi_idx  (cost=0.00..21735.35 rows=1380035 width=4) (actual time=0.014..447.378 rows=1380035 loops=1)
  ->  Hash  (cost=73925.90..73925.90 rows=1061794 width=4) (actual time=1830.562..1830.562 rows=1183200 loops=1)
        Buckets: 131072  Batches: 16  Memory Usage: 3634kB
        ->  Seq Scan on title t  (cost=0.00..73925.90 rows=1061794 width=4) (actual time=0.025..1463.697 rows=1183200 loops=1)
              Filter: ((kind_id > 3) AND (production_year > 1995))
              Rows Removed by Filter: 1345112
Planning time: 0.723 ms
Execution time: 3290.730 ms
