Hash Join  (cost=93093.72..168287.80 rows=362901 width=0) (actual time=1777.373..3293.355 rows=190455 loops=1)
  Hash Cond: (mc.movie_id = t.id)
  ->  Seq Scan on movie_companies mc  (cost=0.00..57926.93 rows=590627 width=4) (actual time=0.027..1018.980 rows=376484 loops=1)
        Filter: ((company_id < 9190) AND (company_type_id = 2))
        Rows Removed by Filter: 2232645
  ->  Hash  (cost=67604.59..67604.59 rows=1553611 width=4) (actual time=1774.404..1774.404 rows=1555864 loops=1)
        Buckets: 131072  Batches: 32  Memory Usage: 2734kB
        ->  Seq Scan on title t  (cost=0.00..67604.59 rows=1553611 width=4) (actual time=0.022..1282.516 rows=1555864 loops=1)
              Filter: (kind_id > 4)
              Rows Removed by Filter: 972448
Planning time: 0.775 ms
Execution time: 3317.259 ms
