Hash Join  (cost=82012.37..1188349.13 rows=7060760 width=0) (actual time=1205.702..33010.941 rows=4900117 loops=1)
  Hash Cond: (ci.movie_id = t.id)
  ->  Seq Scan on cast_info ci  (cost=0.00..614943.12 rows=36225612 width=4) (actual time=0.029..12662.675 rows=36244344 loops=1)
  ->  Hash  (cost=73925.90..73925.90 rows=492837 width=4) (actual time=1204.603..1204.603 rows=379345 loops=1)
        Buckets: 131072  Batches: 8  Memory Usage: 2677kB
        ->  Seq Scan on title t  (cost=0.00..73925.90 rows=492837 width=4) (actual time=0.021..1083.880 rows=379345 loops=1)
              Filter: ((production_year < 1995) AND (kind_id = 7))
              Rows Removed by Filter: 2148967
Planning time: 0.811 ms
Execution time: 33577.901 ms
