Seq Scan on movie_companies mc  (cost=0.00..57926.93 rows=51 width=0) (actual time=109.735..899.566 rows=12 loops=1)
  Filter: ((company_id = 7790) AND (company_type_id = 1))
  Rows Removed by Filter: 2609117
Planning time: 0.381 ms
Execution time: 899.660 ms
