Seq Scan on cast_info ci  (cost=0.00..796071.18 rows=1113292 width=0) (actual time=8115.152..11352.957 rows=2206437 loops=1)
  Filter: ((person_id < 297949) AND (role_id = 1))
  Rows Removed by Filter: 34037907
Planning time: 0.361 ms
Execution time: 11629.509 ms
