Seq Scan on movie_companies mc  (cost=0.00..57926.93 rows=51 width=0) (actual time=318.538..835.581 rows=49 loops=1)
  Filter: ((company_id = 3373) AND (company_type_id = 1))
  Rows Removed by Filter: 2609080
Planning time: 0.350 ms
Execution time: 835.720 ms
