Hash Join  (cost=79158.73..158745.38 rows=329113 width=0) (actual time=1146.709..3290.473 rows=211859 loops=1)
  Hash Cond: (mc.movie_id = t.id)
  ->  Seq Scan on movie_companies mc  (cost=0.00..44881.29 rows=2609129 width=4) (actual time=0.019..983.647 rows=2609129 loops=1)
  ->  Hash  (cost=73925.90..73925.90 rows=318946 width=4) (actual time=1145.952..1145.952 rows=209805 loops=1)
        Buckets: 131072  Batches: 8  Memory Usage: 1936kB
        ->  Seq Scan on title t  (cost=0.00..73925.90 rows=318946 width=4) (actual time=0.020..1075.570 rows=209805 loops=1)
              Filter: ((production_year < 1981) AND (kind_id = 7))
              Rows Removed by Filter: 2318507
Planning time: 0.531 ms
Execution time: 3317.376 ms
