Seq Scan on cast_info ci  (cost=0.00..705507.15 rows=2818598 width=0) (actual time=2606.537..10888.693 rows=2779045 loops=1)
  Filter: (person_id < 267048)
  Rows Removed by Filter: 33465299
Planning time: 0.294 ms
Execution time: 11239.892 ms
