Hash Join  (cost=98137.04..1103963.66 rows=10691977 width=0) (actual time=1811.157..27566.225 rows=10052870 loops=1)
  Hash Cond: (ci.movie_id = t.id)
  ->  Seq Scan on cast_info ci  (cost=0.00..705507.15 rows=14527141 width=4) (actual time=0.017..12905.571 rows=14453813 loops=1)
        Filter: (person_id < 1423417)
        Rows Removed by Filter: 21790531
  ->  Hash  (cost=67604.59..67604.59 rows=1860996 width=4) (actual time=1810.086..1810.086 rows=1865487 loops=1)
        Buckets: 131072  Batches: 32  Memory Usage: 3079kB
        ->  Seq Scan on title t  (cost=0.00..67604.59 rows=1860996 width=4) (actual time=0.018..1215.221 rows=1865487 loops=1)
              Filter: (kind_id > 1)
              Rows Removed by Filter: 662825
Planning time: 0.778 ms
Execution time: 28793.567 ms
