Seq Scan on movie_keyword mk  (cost=0.00..81003.12 rows=2740019 width=0) (actual time=0.031..1433.154 rows=2730124 loops=1)
  Filter: (keyword_id > 2897)
  Rows Removed by Filter: 1793806
Planning time: 0.227 ms
Execution time: 1771.646 ms
