Hash Join  (cost=300060.89..980259.21 rows=15327258 width=0) (actual time=7138.945..48047.507 rows=131011648 loops=1)
  Hash Cond: (mi.movie_id = t.id)
  ->  Seq Scan on movie_info mi  (cost=0.00..309384.22 rows=14739122 width=4) (actual time=0.023..6182.433 rows=14835720 loops=1)
  ->  Hash  (cost=256921.11..256921.11 rows=2629423 width=8) (actual time=7137.597..7137.597 rows=2619914 loops=1)
        Buckets: 131072  Batches: 64  Memory Usage: 2721kB
        ->  Hash Join  (cost=102767.86..256921.11 rows=2629423 width=8) (actual time=2252.882..6385.404 rows=2619914 loops=1)
              Hash Cond: (mk.movie_id = t.id)
              ->  Seq Scan on movie_keyword mk  (cost=0.00..81003.12 rows=2629423 width=4) (actual time=0.025..1751.295 rows=2619914 loops=1)
                    Filter: (keyword_id < 7105)
                    Rows Removed by Filter: 1904016
              ->  Hash  (cost=61283.27..61283.27 rows=2528527 width=4) (actual time=2251.958..2251.958 rows=2528312 loops=1)
                    Buckets: 131072  Batches: 64  Memory Usage: 2425kB
                    ->  Seq Scan on title t  (cost=0.00..61283.27 rows=2528527 width=4) (actual time=0.025..1114.488 rows=2528312 loops=1)
Planning time: 1.045 ms
Execution time: 61574.085 ms
