Hash Join  (cost=102767.86..1052643.32 rows=5981310 width=0) (actual time=4524.629..24386.354 rows=8496438 loops=1)
  Hash Cond: (ci.movie_id = t.id)
  ->  Seq Scan on cast_info ci  (cost=0.00..796071.18 rows=5981310 width=4) (actual time=2552.540..14860.822 rows=8496438 loops=1)
        Filter: ((person_id > 1826027) AND (role_id > 3))
        Rows Removed by Filter: 27747906
  ->  Hash  (cost=61283.27..61283.27 rows=2528527 width=4) (actual time=1969.279..1969.279 rows=2528312 loops=1)
        Buckets: 131072  Batches: 64  Memory Usage: 2415kB
        ->  Seq Scan on title t  (cost=0.00..61283.27 rows=2528527 width=4) (actual time=0.032..1118.859 rows=2528312 loops=1)
Planning time: 0.789 ms
Execution time: 25374.881 ms
