Hash Join  (cost=156632.57..1118135.92 rows=2243416 width=0) (actual time=3335.216..27238.556 rows=4421973 loops=1)
  Hash Cond: (ci.movie_id = t.id)
  ->  Seq Scan on cast_info ci  (cost=0.00..796071.18 rows=12210402 width=4) (actual time=0.023..17095.487 rows=11671517 loops=1)
        Filter: ((person_id > 139631) AND (role_id = 1))
        Rows Removed by Filter: 24572827
  ->  Hash  (cost=149010.49..149010.49 rows=464566 width=8) (actual time=3333.667..3333.667 rows=459925 loops=1)
        Buckets: 131072  Batches: 8  Memory Usage: 3275kB
        ->  Hash Join  (cost=102767.86..149010.49 rows=464566 width=8) (actual time=1895.659..3194.658 rows=459925 loops=1)
              Hash Cond: (mi_idx.movie_id = t.id)
              ->  Seq Scan on movie_info_idx mi_idx  (cost=0.00..25185.44 rows=464566 width=4) (actual time=0.022..448.747 rows=459925 loops=1)
                    Filter: (info_type_id = 101)
                    Rows Removed by Filter: 920110
              ->  Hash  (cost=61283.27..61283.27 rows=2528527 width=4) (actual time=1894.198..1894.198 rows=2528312 loops=1)
                    Buckets: 131072  Batches: 64  Memory Usage: 2415kB
                    ->  Seq Scan on title t  (cost=0.00..61283.27 rows=2528527 width=4) (actual time=0.010..1050.441 rows=2528312 loops=1)
Planning time: 2.446 ms
Execution time: 27765.065 ms
