Hash Join  (cost=174865.45..253909.51 rows=418145 width=0) (actual time=4037.044..5990.280 rows=852956 loops=1)
  Hash Cond: (mc.movie_id = t.id)
  ->  Seq Scan on movie_companies mc  (cost=0.00..57926.93 rows=1155381 width=4) (actual time=8.965..1099.199 rows=989786 loops=1)
        Filter: ((company_id < 88782) AND (company_type_id = 2))
        Rows Removed by Filter: 1619343
  ->  Hash  (cost=159851.69..159851.69 rows=915101 width=8) (actual time=4027.201..4027.201 rows=919850 loops=1)
        Buckets: 131072  Batches: 16  Memory Usage: 3269kB
        ->  Hash Join  (cost=102767.86..159851.69 rows=915101 width=8) (actual time=1849.746..3765.495 rows=919850 loops=1)
              Hash Cond: (mi_idx.movie_id = t.id)
              ->  Seq Scan on movie_info_idx mi_idx  (cost=0.00..25185.44 rows=915101 width=4) (actual time=0.026..535.829 rows=919850 loops=1)
                    Filter: (info_type_id < 101)
                    Rows Removed by Filter: 460185
              ->  Hash  (cost=61283.27..61283.27 rows=2528527 width=4) (actual time=1847.637..1847.637 rows=2528312 loops=1)
                    Buckets: 131072  Batches: 64  Memory Usage: 2415kB
                    ->  Seq Scan on title t  (cost=0.00..61283.27 rows=2528527 width=4) (actual time=0.019..990.855 rows=2528312 loops=1)
Planning time: 1.049 ms
Execution time: 6088.360 ms
