Hash Join  (cost=255215.96..1197935.59 rows=9368382 width=0) (actual time=11555.403..30349.198 rows=22229059 loops=1)
  Hash Cond: (ci.movie_id = t.id)
  ->  Seq Scan on cast_info ci  (cost=0.00..705507.15 rows=10515333 width=4) (actual time=5401.661..12512.047 rows=10522466 loops=1)
        Filter: (person_id > 2657082)
        Rows Removed by Filter: 25721878
  ->  Hash  (cost=218256.83..218256.83 rows=2252730 width=8) (actual time=6152.652..6152.652 rows=2258452 loops=1)
        Buckets: 131072  Batches: 32  Memory Usage: 3755kB
        ->  Hash Join  (cost=102767.86..218256.83 rows=2252730 width=8) (actual time=1995.621..5481.787 rows=2258452 loops=1)
              Hash Cond: (mc.movie_id = t.id)
              ->  Seq Scan on movie_companies mc  (cost=0.00..51404.11 rows=2252730 width=4) (actual time=0.033..1177.362 rows=2258452 loops=1)
                    Filter: (company_id > 166)
                    Rows Removed by Filter: 350677
              ->  Hash  (cost=61283.27..61283.27 rows=2528527 width=4) (actual time=1994.563..1994.563 rows=2528312 loops=1)
                    Buckets: 131072  Batches: 64  Memory Usage: 2415kB
                    ->  Seq Scan on title t  (cost=0.00..61283.27 rows=2528527 width=4) (actual time=0.017..1133.999 rows=2528312 loops=1)
Planning time: 1.220 ms
Execution time: 32924.853 ms
