Seq Scan on movie_keyword mk  (cost=0.00..81003.12 rows=3822319 width=0) (actual time=0.031..1599.691 rows=3816513 loops=1)
  Filter: (keyword_id < 26700)
  Rows Removed by Filter: 707417
Planning time: 0.325 ms
Execution time: 2066.422 ms
