Hash Join  (cost=79775.76..590144.96 rows=1768992 width=0) (actual time=1419.159..16236.995 rows=4476706 loops=1)
  Hash Cond: (mi.movie_id = t.id)
  ->  Seq Scan on movie_info mi  (cost=0.00..346232.03 rows=12545135 width=4) (actual time=0.019..7110.781 rows=12601870 loops=1)
        Filter: (info_type_id < 17)
        Rows Removed by Filter: 2233850
  ->  Hash  (cost=73925.90..73925.90 rows=356548 width=4) (actual time=1418.473..1418.473 rows=424572 loops=1)
        Buckets: 131072  Batches: 8  Memory Usage: 2906kB
        ->  Seq Scan on title t  (cost=0.00..73925.90 rows=356548 width=4) (actual time=319.280..1279.810 rows=424572 loops=1)
              Filter: ((production_year < 2005) AND (kind_id = 1))
              Rows Removed by Filter: 2103740
Planning time: 0.558 ms
Execution time: 16772.916 ms
