Seq Scan on movie_keyword mk  (cost=0.00..81003.12 rows=2366387 width=0) (actual time=0.028..1447.410 rows=2368727 loops=1)
  Filter: (keyword_id < 5366)
  Rows Removed by Filter: 2155203
Planning time: 0.322 ms
Execution time: 1751.873 ms
