Hash Join  (cost=191413.56..1260355.16 rows=3420537 width=0) (actual time=3730.238..30655.562 rows=683121 loops=1)
  Hash Cond: (ci.movie_id = t.id)
  ->  Seq Scan on cast_info ci  (cost=0.00..614943.12 rows=36225612 width=4) (actual time=0.018..12860.620 rows=36244344 loops=1)
  ->  Hash  (cost=187496.16..187496.16 rows=238752 width=8) (actual time=3729.296..3729.296 rows=37073 loops=1)
        Buckets: 131072  Batches: 4  Memory Usage: 1382kB
        ->  Hash Join  (cost=78628.27..187496.16 rows=238752 width=8) (actual time=2169.732..3719.162 rows=37073 loops=1)
              Hash Cond: (mk.movie_id = t.id)
              ->  Seq Scan on movie_keyword mk  (cost=0.00..81003.12 rows=2106465 width=4) (actual time=0.028..1540.879 rows=2114520 loops=1)
                    Filter: (keyword_id < 3844)
                    Rows Removed by Filter: 2409410
              ->  Hash  (cost=73925.90..73925.90 rows=286589 width=4) (actual time=1429.406..1429.406 rows=177340 loops=1)
                    Buckets: 131072  Batches: 4  Memory Usage: 2587kB
                    ->  Seq Scan on title t  (cost=0.00..73925.90 rows=286589 width=4) (actual time=0.019..1120.008 rows=177340 loops=1)
                          Filter: ((production_year < 1977) AND (kind_id = 7))
                          Rows Removed by Filter: 2350972
Planning time: 1.173 ms
Execution time: 30739.356 ms
