Seq Scan on movie_companies mc  (cost=0.00..51404.11 rows=1782542 width=0) (actual time=0.027..899.367 rows=1789398 loops=1)
  Filter: (company_id > 1940)
  Rows Removed by Filter: 819731
Planning time: 0.310 ms
Execution time: 1126.950 ms
