Seq Scan on movie_companies mc  (cost=0.00..51404.11 rows=823330 width=0) (actual time=0.032..927.475 rows=832534 loops=1)
  Filter: (company_id > 27086)
  Rows Removed by Filter: 1776595
Planning time: 0.356 ms
Execution time: 1033.020 ms
