Hash Join  (cost=877344.83..964915.29 rows=91242 width=0) (actual time=12874.428..14753.182 rows=74831 loops=1)
  Hash Cond: (mk.movie_id = t.id)
  ->  Seq Scan on movie_keyword mk  (cost=0.00..69693.30 rows=4523930 width=4) (actual time=0.022..1046.437 rows=4523930 loops=1)
  ->  Hash  (cost=876707.37..876707.37 rows=50997 width=8) (actual time=12873.287..12873.287 rows=6168 loops=1)
        Buckets: 65536  Batches: 1  Memory Usage: 753kB
        ->  Hash Join  (cost=75071.77..876707.37 rows=50997 width=8) (actual time=4502.806..12870.453 rows=6168 loops=1)
              Hash Cond: (ci.movie_id = t.id)
              ->  Seq Scan on cast_info ci  (cost=0.00..796071.18 rows=283319 width=4) (actual time=2781.884..11027.026 rows=90225 loops=1)
                    Filter: ((person_id < 225468) AND (role_id = 10))
                    Rows Removed by Filter: 36154119
              ->  Hash  (cost=67604.59..67604.59 rows=455135 width=4) (actual time=1718.411..1718.411 rows=451569 loops=1)
                    Buckets: 131072  Batches: 8  Memory Usage: 3003kB
                    ->  Seq Scan on title t  (cost=0.00..67604.59 rows=455135 width=4) (actual time=0.026..1050.647 rows=451569 loops=1)
                          Filter: (production_year < 1976)
                          Rows Removed by Filter: 2076743
Planning time: 1.210 ms
Execution time: 14763.248 ms
