Seq Scan on movie_keyword mk  (cost=0.00..81003.12 rows=246 width=0) (actual time=11.646..1376.195 rows=536 loops=1)
  Filter: (keyword_id = 2941)
  Rows Removed by Filter: 4523394
Planning time: 2.036 ms
Execution time: 1376.518 ms
