Seq Scan on cast_info ci  (cost=0.00..796071.18 rows=3922187 width=0) (actual time=494.103..11736.401 rows=1648958 loops=1)
  Filter: ((person_id < 576068) AND (role_id > 1))
  Rows Removed by Filter: 34595386
Planning time: 0.372 ms
Execution time: 11948.690 ms
