Hash Join  (cost=52284.99..79199.29 rows=19 width=0) (actual time=865.750..1201.256 rows=7 loops=1)
  Hash Cond: (mi_idx.movie_id = t.id)
  ->  Seq Scan on movie_info_idx mi_idx  (cost=0.00..25185.44 rows=460978 width=4) (actual time=0.027..412.281 rows=459925 loops=1)
        Filter: (info_type_id < 100)
        Rows Removed by Filter: 920110
  ->  Hash  (cost=52283.69..52283.69 rows=104 width=8) (actual time=725.323..725.323 rows=31 loops=1)
        Buckets: 1024  Batches: 1  Memory Usage: 10kB
        ->  Nested Loop  (cost=0.43..52283.69 rows=104 width=8) (actual time=138.286..725.294 rows=31 loops=1)
              ->  Seq Scan on movie_companies mc  (cost=0.00..51404.11 rows=104 width=4) (actual time=138.194..724.516 rows=31 loops=1)
                    Filter: (company_id = 50669)
                    Rows Removed by Filter: 2609098
              ->  Index Only Scan using title_pkey on title t  (cost=0.43..8.45 rows=1 width=4) (actual time=0.022..0.023 rows=1 loops=31)
                    Index Cond: (id = mc.movie_id)
                    Heap Fetches: 31
Planning time: 1.186 ms
Execution time: 1201.366 ms
