Hash Join  (cost=271458.86..1633512.02 rows=27545698 width=0) (actual time=6698.301..60150.293 rows=90563532 loops=1)
  Hash Cond: (ci.movie_id = t.id)
  ->  Seq Scan on cast_info ci  (cost=0.00..614943.12 rows=36225612 width=4) (actual time=0.021..13373.769 rows=36244344 loops=1)
  ->  Hash  (cost=239914.43..239914.43 rows=1922674 width=8) (actual time=6696.764..6696.764 rows=1941569 loops=1)
        Buckets: 131072  Batches: 32  Memory Usage: 3379kB
        ->  Hash Join  (cost=102767.86..239914.43 rows=1922674 width=8) (actual time=1979.897..6121.316 rows=1941569 loops=1)
              Hash Cond: (mk.movie_id = t.id)
              ->  Seq Scan on movie_keyword mk  (cost=0.00..81003.12 rows=1922674 width=4) (actual time=0.015..1556.983 rows=1941569 loops=1)
                    Filter: (keyword_id < 3339)
                    Rows Removed by Filter: 2582361
              ->  Hash  (cost=61283.27..61283.27 rows=2528527 width=4) (actual time=1978.716..1978.716 rows=2528312 loops=1)
                    Buckets: 131072  Batches: 64  Memory Usage: 2425kB
                    ->  Seq Scan on title t  (cost=0.00..61283.27 rows=2528527 width=4) (actual time=0.021..1108.666 rows=2528312 loops=1)
Planning time: 1.136 ms
Execution time: 70356.116 ms
