Seq Scan on movie_companies mc  (cost=0.00..51404.11 rows=2319619 width=0) (actual time=0.026..807.664 rows=2312805 loops=1)
  Filter: (company_id < 94756)
  Rows Removed by Filter: 296324
Planning time: 2.976 ms
Execution time: 1048.832 ms
