Hash Join  (cost=1343119.55..2674808.95 rows=62571344 width=0) (actual time=21522.836..51297.517 rows=64528051 loops=1)
  Hash Cond: (mi.movie_id = t.id)
  ->  Seq Scan on movie_info mi  (cost=0.00..309384.22 rows=14739122 width=4) (actual time=0.025..6257.035 rows=14835720 loops=1)
  ->  Hash  (cost=1167010.50..1167010.50 rows=10734244 width=8) (actual time=21517.443..21517.443 rows=4567077 loops=1)
        Buckets: 131072  Batches: 256  Memory Usage: 1793kB
        ->  Hash Join  (cost=102767.86..1167010.50 rows=10734244 width=8) (actual time=2008.835..19843.724 rows=4567077 loops=1)
              Hash Cond: (ci.movie_id = t.id)
              ->  Seq Scan on cast_info ci  (cost=0.00..796071.18 rows=10734244 width=4) (actual time=1.262..13169.916 rows=4567077 loops=1)
                    Filter: ((person_id < 1624020) AND (role_id > 1))
                    Rows Removed by Filter: 31677267
              ->  Hash  (cost=61283.27..61283.27 rows=2528527 width=4) (actual time=2006.816..2006.816 rows=2528312 loops=1)
                    Buckets: 131072  Batches: 64  Memory Usage: 2415kB
                    ->  Seq Scan on title t  (cost=0.00..61283.27 rows=2528527 width=4) (actual time=0.013..1159.345 rows=2528312 loops=1)
Planning time: 8.281 ms
Execution time: 58531.073 ms
