Nested Loop  (cost=0.43..83072.29 rows=181 width=0) (actual time=16.171..1225.102 rows=62 loops=1)
  ->  Seq Scan on movie_keyword mk  (cost=0.00..81003.12 rows=246 width=4) (actual time=16.091..1211.588 rows=219 loops=1)
        Filter: (keyword_id = 16936)
        Rows Removed by Filter: 4523711
  ->  Index Scan using title_pkey on title t  (cost=0.43..8.40 rows=1 width=4) (actual time=0.059..0.059 rows=0 loops=219)
        Index Cond: (id = mk.movie_id)
        Filter: (kind_id > 1)
        Rows Removed by Filter: 1
Planning time: 0.807 ms
Execution time: 1225.217 ms
