Hash Join  (cost=223996.68..1368156.66 rows=10742681 width=0) (actual time=4585.449..44085.813 rows=36484730 loops=1)
  Hash Cond: (ci.movie_id = t.id)
  ->  Seq Scan on cast_info ci  (cost=0.00..614943.12 rows=36225612 width=4) (actual time=0.021..13830.711 rows=36244344 loops=1)
  ->  Hash  (cost=211693.77..211693.77 rows=749833 width=8) (actual time=4584.537..4584.537 rows=755986 loops=1)
        Buckets: 131072  Batches: 16  Memory Usage: 2906kB
        ->  Hash Join  (cost=102767.86..211693.77 rows=749833 width=8) (actual time=1961.545..4373.417 rows=755986 loops=1)
              Hash Cond: (mk.movie_id = t.id)
              ->  Seq Scan on movie_keyword mk  (cost=0.00..81003.12 rows=749833 width=4) (actual time=0.016..1445.462 rows=755986 loops=1)
                    Filter: (keyword_id > 24748)
                    Rows Removed by Filter: 3767944
              ->  Hash  (cost=61283.27..61283.27 rows=2528527 width=4) (actual time=1959.936..1959.936 rows=2528312 loops=1)
                    Buckets: 131072  Batches: 64  Memory Usage: 2425kB
                    ->  Seq Scan on title t  (cost=0.00..61283.27 rows=2528527 width=4) (actual time=0.023..1109.671 rows=2528312 loops=1)
Planning time: 1.175 ms
Execution time: 48158.921 ms
