Hash Join  (cost=1022582.81..3688680.39 rows=126667565 width=0) (actual time=27806.697..130024.651 rows=277194235 loops=1)
  Hash Cond: (ci.movie_id = t.id)
  ->  Seq Scan on cast_info ci  (cost=0.00..705507.15 rows=22993339 width=4) (actual time=0.015..15751.247 rows=22879737 loops=1)
        Filter: (person_id < 2336123)
        Rows Removed by Filter: 13364607
  ->  Hash  (cost=794053.89..794053.89 rows=13929354 width=8) (actual time=27802.416..27802.416 rows=14033580 loops=1)
        Buckets: 131072  Batches: 256  Memory Usage: 3148kB
        ->  Hash Join  (cost=102767.86..794053.89 rows=13929354 width=8) (actual time=1973.390..22136.544 rows=14033580 loops=1)
              Hash Cond: (mi.movie_id = t.id)
              ->  Seq Scan on movie_info mi  (cost=0.00..346232.03 rows=13929354 width=4) (actual time=0.020..7799.804 rows=14033580 loops=1)
                    Filter: (info_type_id > 1)
                    Rows Removed by Filter: 802140
              ->  Hash  (cost=61283.27..61283.27 rows=2528527 width=4) (actual time=1971.113..1971.113 rows=2528312 loops=1)
                    Buckets: 131072  Batches: 64  Memory Usage: 2425kB
                    ->  Seq Scan on title t  (cost=0.00..61283.27 rows=2528527 width=4) (actual time=0.004..1088.476 rows=2528312 loops=1)
Planning time: 5.293 ms
Execution time: 161287.035 ms
