Seq Scan on movie_keyword mk  (cost=0.00..81003.12 rows=2792637 width=0) (actual time=0.025..1547.036 rows=2781779 loops=1)
  Filter: (keyword_id < 8056)
  Rows Removed by Filter: 1742151
Planning time: 0.341 ms
Execution time: 1896.567 ms
