Hash Join  (cost=81976.40..124263.95 rows=267806 width=0) (actual time=1439.133..2616.253 rows=379928 loops=1)
  Hash Cond: (mi_idx.movie_id = t.id)
  ->  Seq Scan on movie_info_idx mi_idx  (cost=0.00..21735.35 rows=1380035 width=4) (actual time=0.021..450.900 rows=1380035 loops=1)
  ->  Hash  (cost=73925.90..73925.90 rows=490680 width=4) (actual time=1369.894..1369.894 rows=359870 loops=1)
        Buckets: 131072  Batches: 8  Memory Usage: 2611kB
        ->  Seq Scan on title t  (cost=0.00..73925.90 rows=490680 width=4) (actual time=0.018..1255.743 rows=359870 loops=1)
              Filter: ((production_year > 1985) AND (kind_id = 1))
              Rows Removed by Filter: 2168442
Planning time: 0.626 ms
Execution time: 2667.033 ms
