Seq Scan on movie_keyword mk  (cost=0.00..81003.12 rows=3170886 width=0) (actual time=0.027..1053.458 rows=3155309 loops=1)
  Filter: (keyword_id > 1801)
  Rows Removed by Filter: 1368621
Planning time: 0.318 ms
Execution time: 1342.790 ms
