Seq Scan on movie_keyword mk  (cost=0.00..81003.12 rows=246 width=0) (actual time=2.681..1297.351 rows=743 loops=1)
  Filter: (keyword_id = 1762)
  Rows Removed by Filter: 4523187
Planning time: 0.349 ms
Execution time: 1297.747 ms
