Hash Join  (cost=297111.36..1815852.85 rows=38390635 width=0) (actual time=5806.971..41436.344 rows=21723076 loops=1)
  Hash Cond: (ci.movie_id = t.id)
  ->  Seq Scan on cast_info ci  (cost=0.00..614943.12 rows=36225612 width=4) (actual time=0.022..13353.604 rows=36244344 loops=1)
  ->  Hash  (cost=253147.81..253147.81 rows=2679644 width=8) (actual time=5803.574..5803.574 rows=635485 loops=1)
        Buckets: 131072  Batches: 64  Memory Usage: 1397kB
        ->  Hash Join  (cost=98498.33..253147.81 rows=2679644 width=8) (actual time=2065.800..5639.509 rows=635485 loops=1)
              Hash Cond: (mk.movie_id = t.id)
              ->  Seq Scan on movie_keyword mk  (cost=0.00..69693.30 rows=4523930 width=4) (actual time=0.017..1378.103 rows=4523930 loops=1)
              ->  Hash  (cost=73925.90..73925.90 rows=1497714 width=4) (actual time=2064.342..2064.342 rows=1478440 loops=1)
                    Buckets: 131072  Batches: 32  Memory Usage: 2656kB
                    ->  Seq Scan on title t  (cost=0.00..73925.90 rows=1497714 width=4) (actual time=0.031..1582.044 rows=1478440 loops=1)
                          Filter: ((production_year > 0) AND (kind_id = 7))
                          Rows Removed by Filter: 1049872
Planning time: 1.176 ms
Execution time: 43756.543 ms
