Hash Join  (cost=201061.93..284365.92 rows=598746 width=0) (actual time=4669.530..7567.671 rows=3480381 loops=1)
  Hash Cond: (mc.movie_id = t.id)
  ->  Seq Scan on movie_companies mc  (cost=0.00..44881.29 rows=2609129 width=4) (actual time=0.024..1008.213 rows=2609129 loops=1)
  ->  Hash  (cost=191541.82..191541.82 rows=580249 width=8) (actual time=4668.710..4668.710 rows=410631 loops=1)
        Buckets: 131072  Batches: 8  Memory Usage: 3009kB
        ->  Hash Join  (cost=82423.69..191541.82 rows=580249 width=8) (actual time=1552.741..4552.728 rows=410631 loops=1)
              Hash Cond: (mk.movie_id = t.id)
              ->  Seq Scan on movie_keyword mk  (cost=0.00..81003.12 rows=1624405 width=4) (actual time=0.025..1437.624 rows=1633674 loops=1)
                    Filter: (keyword_id > 9079)
                    Rows Removed by Filter: 2890256
              ->  Hash  (cost=67604.59..67604.59 rows=903208 width=4) (actual time=1550.668..1550.668 rows=904491 loops=1)
                    Buckets: 131072  Batches: 16  Memory Usage: 3017kB
                    ->  Seq Scan on title t  (cost=0.00..67604.59 rows=903208 width=4) (actual time=0.023..1249.972 rows=904491 loops=1)
                          Filter: (production_year > 2006)
                          Rows Removed by Filter: 1623821
Planning time: 1.177 ms
Execution time: 7938.420 ms
