Hash Join  (cost=214587.40..369965.98 rows=1901351 width=0) (actual time=5108.401..14687.794 rows=25660806 loops=1)
  Hash Cond: (mk.movie_id = t.id)
  ->  Seq Scan on movie_keyword mk  (cost=0.00..81003.12 rows=4420518 width=4) (actual time=0.014..1874.051 rows=4422284 loops=1)
        Filter: (keyword_id < 81900)
        Rows Removed by Filter: 101646
  ->  Hash  (cost=196743.79..196743.79 rows=1087569 width=8) (actual time=5107.383..5107.383 rows=1274246 loops=1)
        Buckets: 131072 (originally 131072)  Batches: 32 (originally 16)  Memory Usage: 3073kB
        ->  Hash Join  (cost=102767.86..196743.79 rows=1087569 width=8) (actual time=2050.293..4731.536 rows=1274246 loops=1)
              Hash Cond: (mc.movie_id = t.id)
              ->  Seq Scan on movie_companies mc  (cost=0.00..57926.93 rows=1087569 width=4) (actual time=0.016..1292.141 rows=1274246 loops=1)
                    Filter: ((company_id < 82608) AND (company_type_id < 2))
                    Rows Removed by Filter: 1334883
              ->  Hash  (cost=61283.27..61283.27 rows=2528527 width=4) (actual time=2049.197..2049.197 rows=2528312 loops=1)
                    Buckets: 131072  Batches: 64  Memory Usage: 2415kB
                    ->  Seq Scan on title t  (cost=0.00..61283.27 rows=2528527 width=4) (actual time=0.011..1209.525 rows=2528312 loops=1)
Planning time: 1.246 ms
Execution time: 17535.802 ms
