Hash Join  (cost=1150534.21..2094112.50 rows=34831085 width=0) (actual time=24679.679..65120.534 rows=98268982 loops=1)
  Hash Cond: (mi.movie_id = t.id)
  ->  Seq Scan on movie_info mi  (cost=0.00..309384.22 rows=14739122 width=4) (actual time=0.024..5859.297 rows=14835720 loops=1)
  ->  Hash  (cost=1052500.39..1052500.39 rows=5975345 width=8) (actual time=24677.944..24677.944 rows=7684693 loops=1)
        Buckets: 131072  Batches: 128  Memory Usage: 3436kB
        ->  Hash Join  (cost=102767.86..1052500.39 rows=5975345 width=8) (actual time=6150.200..22138.773 rows=7684693 loops=1)
              Hash Cond: (ci.movie_id = t.id)
              ->  Seq Scan on cast_info ci  (cost=0.00..796071.18 rows=5975345 width=4) (actual time=4155.043..13388.327 rows=7684693 loops=1)
                    Filter: ((person_id < 1047126) AND (role_id < 3))
                    Rows Removed by Filter: 28559651
              ->  Hash  (cost=61283.27..61283.27 rows=2528527 width=4) (actual time=1993.845..1993.845 rows=2528312 loops=1)
                    Buckets: 131072  Batches: 64  Memory Usage: 2415kB
                    ->  Seq Scan on title t  (cost=0.00..61283.27 rows=2528527 width=4) (actual time=0.026..1152.681 rows=2528312 loops=1)
Planning time: 2.580 ms
Execution time: 75762.975 ms
