Hash Join  (cost=199117.49..281295.16 rows=517015 width=0) (actual time=4348.260..7852.230 rows=4841934 loops=1)
  Hash Cond: (mc.movie_id = t.id)
  ->  Seq Scan on movie_companies mc  (cost=0.00..44881.29 rows=2609129 width=4) (actual time=0.019..917.436 rows=2609129 loops=1)
  ->  Hash  (cost=190896.45..190896.45 rows=501043 width=8) (actual time=4346.893..4346.893 rows=640560 loops=1)
        Buckets: 131072 (originally 131072)  Batches: 16 (originally 8)  Memory Usage: 3073kB
        ->  Hash Join  (cost=88359.31..190896.45 rows=501043 width=8) (actual time=1643.637..4149.119 rows=640560 loops=1)
              Hash Cond: (mk.movie_id = t.id)
              ->  Seq Scan on movie_keyword mk  (cost=0.00..81003.12 rows=1001488 width=4) (actual time=0.024..1472.172 rows=1010099 loops=1)
                    Filter: (keyword_id > 18093)
                    Rows Removed by Filter: 3513831
              ->  Hash  (cost=67604.59..67604.59 rows=1265018 width=4) (actual time=1642.339..1642.339 rows=1263700 loops=1)
                    Buckets: 131072  Batches: 32  Memory Usage: 2418kB
                    ->  Seq Scan on title t  (cost=0.00..67604.59 rows=1265018 width=4) (actual time=0.017..1216.878 rows=1263700 loops=1)
                          Filter: (production_year < 2004)
                          Rows Removed by Filter: 1264612
Planning time: 1.097 ms
Execution time: 8466.783 ms
