Hash Join  (cost=95314.15..145214.62 rows=711498 width=0) (actual time=2045.462..3242.336 rows=391776 loops=1)
  Hash Cond: (mi_idx.movie_id = t.id)
  ->  Seq Scan on movie_info_idx mi_idx  (cost=0.00..21735.35 rows=1380035 width=4) (actual time=0.018..476.948 rows=1380035 loops=1)
  ->  Hash  (cost=73925.90..73925.90 rows=1303620 width=4) (actual time=1842.689..1842.689 rows=1383104 loops=1)
        Buckets: 131072  Batches: 32  Memory Usage: 2546kB
        ->  Seq Scan on title t  (cost=0.00..73925.90 rows=1303620 width=4) (actual time=0.024..1388.647 rows=1383104 loops=1)
              Filter: ((production_year > 1966) AND (kind_id = 7))
              Rows Removed by Filter: 1145208
Planning time: 0.598 ms
Execution time: 3287.055 ms
