Seq Scan on movie_companies mc  (cost=0.00..51404.11 rows=104 width=0) (actual time=258.395..832.256 rows=12 loops=1)
  Filter: (company_id = 94494)
  Rows Removed by Filter: 2609117
Planning time: 0.425 ms
Execution time: 832.341 ms
