Seq Scan on movie_keyword mk  (cost=0.00..81003.12 rows=3204384 width=0) (actual time=0.010..1504.268 rows=3193459 loops=1)
  Filter: (keyword_id > 1738)
  Rows Removed by Filter: 1330471
Planning time: 0.308 ms
Execution time: 1897.787 ms
