Hash Join  (cost=78556.72..909382.49 rows=597515 width=0) (actual time=12278.890..16621.734 rows=640953 loops=1)
  Hash Cond: (ci.movie_id = t.id)
  ->  Seq Scan on cast_info ci  (cost=0.00..796071.18 rows=2263316 width=4) (actual time=10748.998..13195.053 rows=2807275 loops=1)
        Filter: ((person_id > 1540412) AND (role_id = 3))
        Rows Removed by Filter: 33437069
  ->  Hash  (cost=67604.59..67604.59 rows=667531 width=4) (actual time=1529.058..1529.058 rows=662825 loops=1)
        Buckets: 131072  Batches: 16  Memory Usage: 2476kB
        ->  Seq Scan on title t  (cost=0.00..67604.59 rows=667531 width=4) (actual time=0.029..1125.464 rows=662825 loops=1)
              Filter: (kind_id = 1)
              Rows Removed by Filter: 1865487
Planning time: 0.793 ms
Execution time: 16698.710 ms
