Seq Scan on movie_keyword mk  (cost=0.00..81003.12 rows=246 width=0) (actual time=0.076..1250.993 rows=225 loops=1)
  Filter: (keyword_id = 9109)
  Rows Removed by Filter: 4523705
Planning time: 0.337 ms
Execution time: 1251.238 ms
