Seq Scan on movie_keyword mk  (cost=0.00..81003.12 rows=2851681 width=0) (actual time=0.023..1618.051 rows=2840248 loops=1)
  Filter: (keyword_id < 8624)
  Rows Removed by Filter: 1683682
Planning time: 0.348 ms
Execution time: 1978.336 ms
