Seq Scan on cast_info ci  (cost=0.00..705507.15 rows=25545070 width=0) (actual time=0.025..12912.162 rows=25563914 loops=1)
  Filter: (person_id < 2639449)
  Rows Removed by Filter: 10680430
Planning time: 0.294 ms
Execution time: 16048.693 ms
