Hash Join  (cost=81925.97..157302.75 rows=222198 width=0) (actual time=1455.438..3707.441 rows=150805 loops=1)
  Hash Cond: (mc.movie_id = t.id)
  ->  Seq Scan on movie_companies mc  (cost=0.00..57926.93 rows=1152232 width=4) (actual time=0.018..1238.211 rows=981747 loops=1)
        Filter: ((company_id < 87983) AND (company_type_id > 1))
        Rows Removed by Filter: 1627382
  ->  Hash  (cost=73925.90..73925.90 rows=487605 width=4) (actual time=1454.526..1454.526 rows=501779 loops=1)
        Buckets: 131072  Batches: 8  Memory Usage: 3231kB
        ->  Seq Scan on title t  (cost=0.00..73925.90 rows=487605 width=4) (actual time=0.013..1295.297 rows=501779 loops=1)
              Filter: ((kind_id > 1) AND (production_year > 2008))
              Rows Removed by Filter: 2026533
Planning time: 0.722 ms
Execution time: 3727.428 ms
