Hash Join  (cost=168501.24..674655.02 rows=2469285 width=0) (actual time=4352.381..26477.157 rows=40691004 loops=1)
  Hash Cond: (mi.movie_id = t.id)
  ->  Seq Scan on movie_info mi  (cost=0.00..309384.22 rows=14739122 width=4) (actual time=0.021..5902.755 rows=14835720 loops=1)
  ->  Hash  (cost=161551.10..161551.10 rows=423611 width=8) (actual time=4351.465..4351.465 rows=985798 loops=1)
        Buckets: 131072 (originally 131072)  Batches: 16 (originally 8)  Memory Usage: 3509kB
        ->  Hash Join  (cost=80661.47..161551.10 rows=423611 width=8) (actual time=1423.132..4064.507 rows=985798 loops=1)
              Hash Cond: (mc.movie_id = t.id)
              ->  Seq Scan on movie_companies mc  (cost=0.00..44881.29 rows=2609129 width=4) (actual time=0.020..916.503 rows=2609129 loops=1)
              ->  Hash  (cost=73925.90..73925.90 rows=410525 width=4) (actual time=1382.710..1382.710 rows=456146 loops=1)
                    Buckets: 131072  Batches: 8  Memory Usage: 3040kB
                    ->  Seq Scan on title t  (cost=0.00..73925.90 rows=410525 width=4) (actual time=627.062..1241.976 rows=456146 loops=1)
                          Filter: ((production_year < 2007) AND (kind_id = 1))
                          Rows Removed by Filter: 2072166
Planning time: 1.186 ms
Execution time: 31003.082 ms
