Hash Join  (cost=52284.99..138944.89 rows=186 width=0) (actual time=837.056..2359.891 rows=4217 loops=1)
  Hash Cond: (mk.movie_id = t.id)
  ->  Seq Scan on movie_keyword mk  (cost=0.00..69693.30 rows=4523930 width=4) (actual time=0.024..821.819 rows=4523930 loops=1)
  ->  Hash  (cost=52283.69..52283.69 rows=104 width=8) (actual time=832.991..832.991 rows=326 loops=1)
        Buckets: 1024  Batches: 1  Memory Usage: 21kB
        ->  Nested Loop  (cost=0.43..52283.69 rows=104 width=8) (actual time=9.540..832.701 rows=326 loops=1)
              ->  Seq Scan on movie_companies mc  (cost=0.00..51404.11 rows=104 width=4) (actual time=9.440..814.616 rows=326 loops=1)
                    Filter: (company_id = 1465)
                    Rows Removed by Filter: 2608803
              ->  Index Only Scan using title_pkey on title t  (cost=0.43..8.45 rows=1 width=4) (actual time=0.053..0.054 rows=1 loops=326)
                    Index Cond: (id = mc.movie_id)
                    Heap Fetches: 326
Planning time: 0.914 ms
Execution time: 2360.591 ms
