Hash Join  (cost=69460.45..915684.61 rows=185153 width=0) (actual time=3033.900..17060.149 rows=404171 loops=1)
  Hash Cond: (ci.movie_id = t.id)
  ->  Seq Scan on cast_info ci  (cost=0.00..796071.18 rows=4139053 width=4) (actual time=1988.695..12913.713 rows=7449248 loops=1)
        Filter: ((person_id > 1536096) AND (role_id = 2))
        Rows Removed by Filter: 28795096
  ->  Hash  (cost=67604.59..67604.59 rows=113109 width=4) (actual time=1044.341..1044.341 rows=119565 loops=1)
        Buckets: 131072  Batches: 2  Memory Usage: 3115kB
        ->  Seq Scan on title t  (cost=0.00..67604.59 rows=113109 width=4) (actual time=0.030..999.943 rows=119565 loops=1)
              Filter: (production_year = 2007)
              Rows Removed by Filter: 2408747
Planning time: 1.249 ms
Execution time: 17114.977 ms
