Hash Join  (cost=799349.81..854017.25 rows=191 width=0) (actual time=13344.254..14364.018 rows=136 loops=1)
  Hash Cond: (mc.movie_id = t.id)
  ->  Seq Scan on movie_companies mc  (cost=0.00..44881.29 rows=2609129 width=4) (actual time=0.022..559.963 rows=2609129 loops=1)
  ->  Hash  (cost=799347.50..799347.50 rows=185 width=8) (actual time=13329.754..13329.754 rows=26 loops=1)
        Buckets: 1024  Batches: 1  Memory Usage: 10kB
        ->  Nested Loop  (cost=0.43..799347.50 rows=185 width=8) (actual time=3995.237..13329.682 rows=26 loops=1)
              ->  Seq Scan on cast_info ci  (cost=0.00..796071.18 rows=392 width=4) (actual time=3995.062..13327.205 rows=134 loops=1)
                    Filter: ((role_id < 7) AND (person_id = 1010702))
                    Rows Removed by Filter: 36244210
              ->  Index Scan using title_pkey on title t  (cost=0.43..8.35 rows=1 width=4) (actual time=0.017..0.017 rows=0 loops=134)
                    Index Cond: (id = ci.movie_id)
                    Filter: (production_year > 2003)
                    Rows Removed by Filter: 1
Planning time: 1.156 ms
Execution time: 14364.186 ms
