Hash Join  (cost=164216.81..531941.25 rows=306852 width=0) (actual time=3253.825..10689.888 rows=160984 loops=1)
  Hash Cond: (mi.movie_id = t.id)
  ->  Seq Scan on movie_info mi  (cost=0.00..309384.22 rows=14739122 width=4) (actual time=0.030..4315.950 rows=14835720 loops=1)
  ->  Hash  (cost=163558.80..163558.80 rows=52641 width=8) (actual time=3002.973..3002.973 rows=14423 loops=1)
        Buckets: 65536  Batches: 1  Memory Usage: 1076kB
        ->  Hash Join  (cost=74787.47..163558.80 rows=52641 width=8) (actual time=1252.804..2997.630 rows=14423 loops=1)
              Hash Cond: (mk.movie_id = t.id)
              ->  Seq Scan on movie_keyword mk  (cost=0.00..81003.12 rows=1931146 width=4) (actual time=0.025..1463.888 rows=1947084 loops=1)
                    Filter: (keyword_id < 3364)
                    Rows Removed by Filter: 2576846
              ->  Hash  (cost=73925.90..73925.90 rows=68925 width=4) (actual time=1162.534..1162.534 rows=84076 loops=1)
                    Buckets: 131072  Batches: 1  Memory Usage: 3980kB
                    ->  Seq Scan on title t  (cost=0.00..73925.90 rows=68925 width=4) (actual time=292.465..1129.997 rows=84076 loops=1)
                          Filter: ((kind_id = 7) AND (production_year = 2007))
                          Rows Removed by Filter: 2444236
Planning time: 4.674 ms
Execution time: 10711.165 ms
