Nested Loop  (cost=44377.22..115994.52 rows=239 width=0) (actual time=1011.959..1854.035 rows=261 loops=1)
  Join Filter: (mc.movie_id = t.id)
  ->  Hash Join  (cost=44376.79..102824.82 rows=22119 width=8) (actual time=834.278..1738.867 rows=8161 loops=1)
        Hash Cond: (mc.movie_id = mi_idx.movie_id)
        ->  Seq Scan on movie_companies mc  (cost=0.00..51404.11 rows=7827 width=4) (actual time=0.170..680.345 rows=6686 loops=1)
              Filter: (company_id = 302)
              Rows Removed by Filter: 2602443
        ->  Hash  (cost=21735.35..21735.35 rows=1380035 width=4) (actual time=831.084..831.084 rows=1380035 loops=1)
              Buckets: 131072  Batches: 32  Memory Usage: 2540kB
              ->  Seq Scan on movie_info_idx mi_idx  (cost=0.00..21735.35 rows=1380035 width=4) (actual time=0.022..424.344 rows=1380035 loops=1)
  ->  Index Scan using title_pkey on title t  (cost=0.43..0.58 rows=1 width=4) (actual time=0.014..0.014 rows=0 loops=8161)
        Index Cond: (id = mi_idx.movie_id)
        Filter: ((production_year > 2009) AND (kind_id = 1))
        Rows Removed by Filter: 1
Planning time: 1.131 ms
Execution time: 1854.236 ms
