Nested Loop  (cost=0.43..83072.90 rows=46 width=0) (actual time=272.769..1290.101 rows=73 loops=1)
  ->  Seq Scan on movie_keyword mk  (cost=0.00..81003.12 rows=246 width=4) (actual time=6.480..1279.721 rows=129 loops=1)
        Filter: (keyword_id = 6212)
        Rows Removed by Filter: 4523801
  ->  Index Scan using title_pkey on title t  (cost=0.43..8.40 rows=1 width=4) (actual time=0.077..0.077 rows=1 loops=129)
        Index Cond: (id = mk.movie_id)
        Filter: ((production_year < 2009) AND (kind_id = 1))
        Rows Removed by Filter: 0
Planning time: 0.667 ms
Execution time: 1290.280 ms
