Hash Join  (cost=160971.88..637423.47 rows=2853154 width=0) (actual time=3443.924..13861.673 rows=1657362 loops=1)
  Hash Cond: (mi.movie_id = t.id)
  ->  Seq Scan on movie_info mi  (cost=0.00..346232.03 rows=8508011 width=4) (actual time=0.025..6248.773 rows=8612226 loops=1)
        Filter: (info_type_id < 9)
        Rows Removed by Filter: 6223494
  ->  Hash  (cost=147059.64..147059.64 rows=847939 width=8) (actual time=3419.969..3419.969 rows=442380 loops=1)
        Buckets: 131072  Batches: 16  Memory Usage: 2111kB
        ->  Hash Join  (cost=93093.72..147059.64 rows=847939 width=8) (actual time=1793.682..3282.484 rows=442380 loops=1)
              Hash Cond: (mi_idx.movie_id = t.id)
              ->  Seq Scan on movie_info_idx mi_idx  (cost=0.00..21735.35 rows=1380035 width=4) (actual time=0.025..482.130 rows=1380035 loops=1)
              ->  Hash  (cost=67604.59..67604.59 rows=1553611 width=4) (actual time=1789.161..1789.161 rows=1555864 loops=1)
                    Buckets: 131072  Batches: 32  Memory Usage: 2734kB
                    ->  Seq Scan on title t  (cost=0.00..67604.59 rows=1553611 width=4) (actual time=0.048..1282.408 rows=1555864 loops=1)
                          Filter: (kind_id > 4)
                          Rows Removed by Filter: 972448
Planning time: 2.412 ms
Execution time: 14047.802 ms
