Hash Join  (cost=378589.61..1307208.90 rows=13068959 width=209) (actual time=8891.490..60879.468 rows=63034624 loops=1)
  Hash Cond: (mi.movie_id = t.id)
  ->  Seq Scan on movie_info mi  (cost=0.00..346232.03 rows=12665229 width=75) (actual time=0.020..9259.162 rows=12744652 loops=1)
        Filter: (info_type_id > 2)
        Rows Removed by Filter: 2091068
  ->  Hash  (cost=295015.49..295015.49 rows=2609129 width=134) (actual time=8888.343..8888.343 rows=2609129 loops=1)
        Buckets: 32768  Batches: 128  Memory Usage: 3165kB
        ->  Hash Join  (cost=129928.86..295015.49 rows=2609129 width=134) (actual time=2641.780..7220.389 rows=2609129 loops=1)
              Hash Cond: (mc.movie_id = t.id)
              ->  Seq Scan on movie_companies mc  (cost=0.00..44881.29 rows=2609129 width=40) (actual time=0.014..765.697 rows=2609129 loops=1)
              ->  Hash  (cost=61283.27..61283.27 rows=2528527 width=94) (actual time=2638.610..2638.610 rows=2528312 loops=1)
                    Buckets: 32768  Batches: 128  Memory Usage: 2453kB
                    ->  Seq Scan on title t  (cost=0.00..61283.27 rows=2528527 width=94) (actual time=0.015..1115.325 rows=2528312 loops=1)
Planning time: 1.393 ms
Execution time: 64219.281 ms
