Seq Scan on cast_info ci  (cost=0.00..705507.15 rows=10624704 width=0) (actual time=0.019..12200.495 rows=10454285 loops=1)
  Filter: (person_id < 1026270)
  Rows Removed by Filter: 25790059
Planning time: 0.250 ms
Execution time: 13530.712 ms
