Hash Join  (cost=94009.45..248973.85 rows=2246064 width=0) (actual time=1876.847..6669.655 rows=1891412 loops=1)
  Hash Cond: (mk.movie_id = t.id)
  ->  Seq Scan on movie_keyword mk  (cost=0.00..81003.12 rows=3528726 width=4) (actual time=0.021..1747.475 rows=3522906 loops=1)
        Filter: (keyword_id > 956)
        Rows Removed by Filter: 1001024
  ->  Hash  (cost=67604.59..67604.59 rows=1609429 width=4) (actual time=1875.568..1875.568 rows=1607077 loops=1)
        Buckets: 131072  Batches: 32  Memory Usage: 2799kB
        ->  Seq Scan on title t  (cost=0.00..67604.59 rows=1609429 width=4) (actual time=0.019..1336.082 rows=1607077 loops=1)
              Filter: (production_year > 1995)
              Rows Removed by Filter: 921235
Planning time: 0.679 ms
Execution time: 6900.079 ms
