Hash Join  (cost=70019.09..195229.04 rows=263292 width=0) (actual time=931.479..3490.698 rows=403306 loops=1)
  Hash Cond: (mk.movie_id = t.id)
  ->  Seq Scan on movie_keyword mk  (cost=0.00..69693.30 rows=4523930 width=4) (actual time=0.021..1117.467 rows=4523930 loops=1)
  ->  Hash  (cost=67604.59..67604.59 rows=147160 width=4) (actual time=930.332..930.332 rows=149680 loops=1)
        Buckets: 131072  Batches: 2  Memory Usage: 3659kB
        ->  Seq Scan on title t  (cost=0.00..67604.59 rows=147160 width=4) (actual time=10.676..875.024 rows=149680 loops=1)
              Filter: (production_year < 1944)
              Rows Removed by Filter: 2378632
Planning time: 0.675 ms
Execution time: 3537.062 ms
