Hash Join  (cost=154654.97..978896.52 rows=123663 width=0) (actual time=6270.458..22355.102 rows=348299 loops=1)
  Hash Cond: (ci.movie_id = t.id)
  ->  Seq Scan on cast_info ci  (cost=0.00..705507.15 rows=23499554 width=4) (actual time=3418.424..15227.344 rows=23573656 loops=1)
        Filter: (role_id > 1)
        Rows Removed by Filter: 12670688
  ->  Hash  (cost=154488.65..154488.65 rows=13306 width=8) (actual time=2851.499..2851.499 rows=22799 loops=1)
        Buckets: 32768 (originally 16384)  Batches: 1 (originally 1)  Memory Usage: 1147kB
        ->  Hash Join  (cost=67697.55..154488.65 rows=13306 width=8) (actual time=1195.771..2843.309 rows=22799 loops=1)
              Hash Cond: (mk.movie_id = t.id)
              ->  Seq Scan on movie_keyword mk  (cost=0.00..69693.30 rows=4523930 width=4) (actual time=0.045..898.124 rows=4523930 loops=1)
              ->  Hash  (cost=67604.59..67604.59 rows=7437 width=4) (actual time=1195.081..1195.081 rows=6346 loops=1)
                    Buckets: 8192  Batches: 1  Memory Usage: 288kB
                    ->  Seq Scan on title t  (cost=0.00..67604.59 rows=7437 width=4) (actual time=0.037..1191.579 rows=6346 loops=1)
                          Filter: (production_year = 1952)
                          Rows Removed by Filter: 2521966
Planning time: 9.747 ms
Execution time: 22402.555 ms
