Nested Loop  (cost=0.43..58358.27 rows=51 width=0) (actual time=484.384..766.641 rows=1 loops=1)
  ->  Seq Scan on movie_companies mc  (cost=0.00..57926.93 rows=51 width=4) (actual time=484.269..766.524 rows=1 loops=1)
        Filter: ((company_id = 1986) AND (company_type_id = 1))
        Rows Removed by Filter: 2609128
  ->  Index Only Scan using title_pkey on title t  (cost=0.43..8.45 rows=1 width=4) (actual time=0.098..0.099 rows=1 loops=1)
        Index Cond: (id = mc.movie_id)
        Heap Fetches: 1
Planning time: 0.884 ms
Execution time: 766.712 ms
