Hash Join  (cost=149225.45..961744.34 rows=1992831 width=0) (actual time=11934.611..22253.040 rows=4220832 loops=1)
  Hash Cond: (ci.movie_id = t.id)
  ->  Seq Scan on cast_info ci  (cost=0.00..705507.15 rows=7298253 width=4) (actual time=8501.919..13815.919 rows=7451973 loops=1)
        Filter: (role_id = 2)
        Rows Removed by Filter: 28792371
  ->  Hash  (cost=137898.08..137898.08 rows=690429 width=8) (actual time=3431.451..3431.451 rows=840130 loops=1)
        Buckets: 131072  Batches: 16  Memory Usage: 3083kB
        ->  Hash Join  (cost=88359.31..137898.08 rows=690429 width=8) (actual time=1656.027..3192.908 rows=840130 loops=1)
              Hash Cond: (mi_idx.movie_id = t.id)
              ->  Seq Scan on movie_info_idx mi_idx  (cost=0.00..21735.35 rows=1380035 width=4) (actual time=0.022..440.275 rows=1380035 loops=1)
              ->  Hash  (cost=67604.59..67604.59 rows=1265018 width=4) (actual time=1654.682..1654.682 rows=1263700 loops=1)
                    Buckets: 131072  Batches: 32  Memory Usage: 2410kB
                    ->  Seq Scan on title t  (cost=0.00..67604.59 rows=1265018 width=4) (actual time=0.025..1244.305 rows=1263700 loops=1)
                          Filter: (production_year < 2004)
                          Rows Removed by Filter: 1264612
Planning time: 8.682 ms
Execution time: 22726.514 ms
