Hash Join  (cost=94699.36..469190.29 rows=12046 width=0) (actual time=3462.128..9227.904 rows=38322 loops=1)
  Hash Cond: (mi.movie_id = t.id)
  ->  Seq Scan on movie_info mi  (cost=0.00..346232.03 rows=7503588 width=4) (actual time=733.599..6260.064 rows=7548855 loops=1)
        Filter: (info_type_id > 7)
        Rows Removed by Filter: 7286865
  ->  Hash  (cost=94648.62..94648.62 rows=4059 width=8) (actual time=1814.039..1814.039 rows=3124 loops=1)
        Buckets: 4096  Batches: 1  Memory Usage: 155kB
        ->  Hash Join  (cost=67697.55..94648.62 rows=4059 width=8) (actual time=1178.326..1812.736 rows=3124 loops=1)
              Hash Cond: (mi_idx.movie_id = t.id)
              ->  Seq Scan on movie_info_idx mi_idx  (cost=0.00..21735.35 rows=1380035 width=4) (actual time=0.021..369.969 rows=1380035 loops=1)
              ->  Hash  (cost=67604.59..67604.59 rows=7437 width=4) (actual time=1177.605..1177.605 rows=2181 loops=1)
                    Buckets: 8192  Batches: 1  Memory Usage: 141kB
                    ->  Seq Scan on title t  (cost=0.00..67604.59 rows=7437 width=4) (actual time=567.641..1176.340 rows=2181 loops=1)
                          Filter: (production_year = 1942)
                          Rows Removed by Filter: 2526131
Planning time: 1.124 ms
Execution time: 9233.460 ms
