Seq Scan on cast_info ci  (cost=0.00..796071.18 rows=1596292 width=0) (actual time=6307.490..12847.149 rows=2492927 loops=1)
  Filter: ((person_id > 2195107) AND (role_id = 3))
  Rows Removed by Filter: 33751417
Planning time: 0.347 ms
Execution time: 13166.266 ms
