Hash Join  (cost=102767.86..1080356.48 rows=7133012 width=0) (actual time=10094.432..30732.960 rows=12670688 loops=1)
  Hash Cond: (ci.movie_id = t.id)
  ->  Seq Scan on cast_info ci  (cost=0.00..796071.18 rows=7133012 width=4) (actual time=8094.080..15779.114 rows=12670688 loops=1)
        Filter: ((person_id < 2029286) AND (role_id = 1))
        Rows Removed by Filter: 23573656
  ->  Hash  (cost=61283.27..61283.27 rows=2528527 width=4) (actual time=1998.990..1998.990 rows=2528312 loops=1)
        Buckets: 131072  Batches: 64  Memory Usage: 2415kB
        ->  Seq Scan on title t  (cost=0.00..61283.27 rows=2528527 width=4) (actual time=0.026..1146.183 rows=2528312 loops=1)
Planning time: 0.733 ms
Execution time: 32242.062 ms
