Hash Join  (cost=75071.77..156595.73 rows=469643 width=0) (actual time=1142.317..3510.434 rows=764485 loops=1)
  Hash Cond: (mc.movie_id = t.id)
  ->  Seq Scan on movie_companies mc  (cost=0.00..44881.29 rows=2609129 width=4) (actual time=0.016..857.951 rows=2609129 loops=1)
  ->  Hash  (cost=67604.59..67604.59 rows=455135 width=4) (actual time=1141.424..1141.424 rows=451569 loops=1)
        Buckets: 131072  Batches: 8  Memory Usage: 3003kB
        ->  Seq Scan on title t  (cost=0.00..67604.59 rows=455135 width=4) (actual time=0.028..976.924 rows=451569 loops=1)
              Filter: (production_year < 1976)
              Rows Removed by Filter: 2076743
Planning time: 0.655 ms
Execution time: 3611.454 ms
