Seq Scan on cast_info ci  (cost=0.00..796071.18 rows=296665 width=0) (actual time=3999.308..11583.344 rows=915459 loops=1)
  Filter: ((person_id > 3886401) AND (role_id > 3))
  Rows Removed by Filter: 35328885
Planning time: 0.425 ms
Execution time: 11692.992 ms
