Hash Join  (cost=81720.25..221581.04 rows=1261831 width=0) (actual time=1421.442..5762.952 rows=2708495 loops=1)
  Hash Cond: (mk.movie_id = t.id)
  ->  Seq Scan on movie_keyword mk  (cost=0.00..81003.12 rows=3708361 width=4) (actual time=0.021..1844.823 rows=3700696 loops=1)
        Filter: (keyword_id < 22318)
        Rows Removed by Filter: 823234
  ->  Hash  (cost=67604.59..67604.59 rows=860373 width=4) (actual time=1420.516..1420.516 rows=854214 loops=1)
        Buckets: 131072  Batches: 16  Memory Usage: 2906kB
        ->  Seq Scan on title t  (cost=0.00..67604.59 rows=860373 width=4) (actual time=0.016..1145.862 rows=854214 loops=1)
              Filter: (kind_id < 4)
              Rows Removed by Filter: 1674098
Planning time: 0.718 ms
Execution time: 6079.179 ms
