Seq Scan on movie_companies mc  (cost=0.00..57926.93 rows=53 width=0) (actual time=60.504..943.458 rows=374 loops=1)
  Filter: ((company_type_id > 1) AND (company_id = 38236))
  Rows Removed by Filter: 2608755
Planning time: 2.941 ms
Execution time: 943.683 ms
