Hash Join  (cost=216118.41..302028.72 rows=787779 width=0) (actual time=5234.102..7625.275 rows=433480 loops=1)
  Hash Cond: (mc.movie_id = t.id)
  ->  Seq Scan on movie_companies mc  (cost=0.00..44881.29 rows=2609129 width=4) (actual time=0.020..903.514 rows=2609129 loops=1)
  ->  Hash  (cost=203592.37..203592.37 rows=763443 width=8) (actual time=4890.898..4890.898 rows=199157 loops=1)
        Buckets: 131072  Batches: 16  Memory Usage: 1520kB
        ->  Hash Join  (cost=92883.59..203592.37 rows=763443 width=8) (actual time=3279.459..4838.280 rows=199157 loops=1)
              Hash Cond: (mk.movie_id = t.id)
              ->  Seq Scan on movie_keyword mk  (cost=0.00..81003.12 rows=1252846 width=4) (actual time=0.025..1483.738 rows=1264677 loops=1)
                    Filter: (keyword_id > 14141)
                    Rows Removed by Filter: 3259253
              ->  Hash  (cost=67604.59..67604.59 rows=1540800 width=4) (actual time=2509.032..2509.032 rows=1543264 loops=1)
                    Buckets: 131072  Batches: 32  Memory Usage: 2728kB
                    ->  Seq Scan on title t  (cost=0.00..67604.59 rows=1540800 width=4) (actual time=0.016..1240.952 rows=1543264 loops=1)
                          Filter: (kind_id = 7)
                          Rows Removed by Filter: 985048
Planning time: 2.905 ms
Execution time: 7674.529 ms
