Hash Join  (cost=73982.55..166422.65 rows=5440 width=0) (actual time=1780.712..3194.902 rows=2328 loops=1)
  Hash Cond: (mk.movie_id = t.id)
  ->  Seq Scan on movie_keyword mk  (cost=0.00..81003.12 rows=3035352 width=4) (actual time=0.024..1581.418 rows=3023311 loops=1)
        Filter: (keyword_id > 2158)
        Rows Removed by Filter: 1500619
  ->  Hash  (cost=73925.90..73925.90 rows=4532 width=4) (actual time=1134.587..1134.587 rows=8145 loops=1)
        Buckets: 8192  Batches: 1  Memory Usage: 351kB
        ->  Seq Scan on title t  (cost=0.00..73925.90 rows=4532 width=4) (actual time=125.301..1130.753 rows=8145 loops=1)
              Filter: ((kind_id = 7) AND (production_year = 1968))
              Rows Removed by Filter: 2520167
Planning time: 0.690 ms
Execution time: 3195.343 ms
