Seq Scan on movie_keyword mk  (cost=0.00..81003.12 rows=201991 width=0) (actual time=0.011..950.148 rows=203840 loops=1)
  Filter: (keyword_id > 67854)
  Rows Removed by Filter: 4320090
Planning time: 0.268 ms
Execution time: 974.866 ms
