Hash Join  (cost=443201.72..1244101.21 rows=736255 width=0) (actual time=17050.719..25329.752 rows=1224888 loops=1)
  Hash Cond: (ci.movie_id = t.id)
  ->  Seq Scan on cast_info ci  (cost=0.00..705507.15 rows=4857882 width=4) (actual time=7339.743..12035.022 rows=4894538 loops=1)
        Filter: (person_id > 3184245)
        Rows Removed by Filter: 31349806
  ->  Hash  (cost=436914.48..436914.48 rows=383219 width=8) (actual time=9708.510..9708.510 rows=268350 loops=1)
        Buckets: 131072  Batches: 8  Memory Usage: 2334kB
        ->  Hash Join  (cost=68426.36..436914.48 rows=383219 width=8) (actual time=1014.535..9593.289 rows=268350 loops=1)
              Hash Cond: (mi.movie_id = t.id)
              ->  Seq Scan on movie_info mi  (cost=0.00..309384.22 rows=14739122 width=4) (actual time=0.029..4469.717 rows=14835720 loops=1)
              ->  Hash  (cost=67604.59..67604.59 rows=65742 width=4) (actual time=1013.780..1013.780 rows=63827 loops=1)
                    Buckets: 131072  Batches: 1  Memory Usage: 3268kB
                    ->  Seq Scan on title t  (cost=0.00..67604.59 rows=65742 width=4) (actual time=0.028..988.330 rows=63827 loops=1)
                          Filter: (production_year = 2013)
                          Rows Removed by Filter: 2464485
Planning time: 6.903 ms
Execution time: 25465.253 ms
