Seq Scan on movie_companies mc  (cost=0.00..51404.11 rows=120960 width=0) (actual time=117.768..814.537 rows=120561 loops=1)
  Filter: (company_id > 146034)
  Rows Removed by Filter: 2488568
Planning time: 0.306 ms
Execution time: 829.893 ms
