Seq Scan on cast_info ci  (cost=0.00..705507.15 rows=9324175 width=0) (actual time=657.564..10577.271 rows=9177853 loops=1)
  Filter: (person_id < 902711)
  Rows Removed by Filter: 27066491
Planning time: 0.324 ms
Execution time: 11533.018 ms
