Hash Join  (cost=799707.63..1166370.45 rows=937 width=0) (actual time=16194.498..20637.993 rows=55 loops=1)
  Hash Cond: (mi.movie_id = t.id)
  ->  Seq Scan on movie_info mi  (cost=0.00..346232.03 rows=5445713 width=4) (actual time=1768.607..5749.767 rows=5410520 loops=1)
        Filter: (info_type_id < 6)
        Rows Removed by Filter: 9425200
  ->  Hash  (cost=799702.19..799702.19 rows=435 width=8) (actual time=14167.063..14167.063 rows=33 loops=1)
        Buckets: 1024  Batches: 1  Memory Usage: 10kB
        ->  Nested Loop  (cost=0.43..799702.19 rows=435 width=8) (actual time=1010.617..14167.009 rows=33 loops=1)
              ->  Seq Scan on cast_info ci  (cost=0.00..796071.18 rows=435 width=4) (actual time=1010.513..14166.281 rows=33 loops=1)
                    Filter: ((role_id < 10) AND (person_id = 1922328))
                    Rows Removed by Filter: 36244311
              ->  Index Only Scan using title_pkey on title t  (cost=0.43..8.34 rows=1 width=4) (actual time=0.019..0.019 rows=1 loops=33)
                    Index Cond: (id = ci.movie_id)
                    Heap Fetches: 33
Planning time: 1.882 ms
Execution time: 20638.121 ms
