Seq Scan on cast_info ci  (cost=0.00..796071.18 rows=276 width=0) (actual time=8472.211..14191.686 rows=233 loops=1)
  Filter: ((role_id < 3) AND (person_id = 566732))
  Rows Removed by Filter: 36244111
Planning time: 0.366 ms
Execution time: 14191.837 ms
