Hash Join  (cost=180937.79..258933.27 rows=213696 width=0) (actual time=3701.041..6375.353 rows=2226760 loops=1)
  Hash Cond: (mc.movie_id = t.id)
  ->  Seq Scan on movie_companies mc  (cost=0.00..44881.29 rows=2609129 width=4) (actual time=0.016..976.718 rows=2609129 loops=1)
  ->  Hash  (cost=177540.12..177540.12 rows=207094 width=8) (actual time=3699.848..3699.848 rows=325848 loops=1)
        Buckets: 131072 (originally 131072)  Batches: 8 (originally 4)  Memory Usage: 3073kB
        ->  Hash Join  (cost=72333.74..177540.12 rows=207094 width=8) (actual time=1298.442..3605.535 rows=325848 loops=1)
              Hash Cond: (mk.movie_id = t.id)
              ->  Seq Scan on movie_keyword mk  (cost=0.00..81003.12 rows=1816617 width=4) (actual time=0.017..1524.157 rows=1818355 loops=1)
                    Filter: (keyword_id > 7637)
                    Rows Removed by Filter: 2705575
              ->  Hash  (cost=67604.59..67604.59 rows=288252 width=4) (actual time=1297.764..1297.764 rows=285055 loops=1)
                    Buckets: 131072  Batches: 4  Memory Usage: 3533kB
                    ->  Seq Scan on title t  (cost=0.00..67604.59 rows=288252 width=4) (actual time=0.024..1200.561 rows=285055 loops=1)
                          Filter: (production_year < 1964)
                          Rows Removed by Filter: 2243257
Planning time: 1.933 ms
Execution time: 6641.619 ms
