Hash Join  (cost=85280.32..1012305.62 rows=5851467 width=0) (actual time=1910.271..25721.922 rows=6195979 loops=1)
  Hash Cond: (ci.movie_id = t.id)
  ->  Seq Scan on cast_info ci  (cost=0.00..705507.15 rows=13733461 width=4) (actual time=375.387..13981.797 rows=13707426 loops=1)
        Filter: (person_id < 1349791)
        Rows Removed by Filter: 22536918
  ->  Hash  (cost=67604.59..67604.59 rows=1077339 width=4) (actual time=1533.662..1533.662 rows=1074765 loops=1)
        Buckets: 131072  Batches: 16  Memory Usage: 3388kB
        ->  Seq Scan on title t  (cost=0.00..67604.59 rows=1077339 width=4) (actual time=0.026..1197.238 rows=1074765 loops=1)
              Filter: (production_year < 2001)
              Rows Removed by Filter: 1453547
Planning time: 0.693 ms
Execution time: 26385.886 ms
