Seq Scan on movie_companies mc  (cost=0.00..51404.11 rows=2189573 width=0) (actual time=0.015..999.737 rows=2188054 loops=1)
  Filter: (company_id > 295)
  Rows Removed by Filter: 421075
Planning time: 0.212 ms
Execution time: 1281.983 ms
