Seq Scan on movie_keyword mk  (cost=0.00..81003.12 rows=3089077 width=0) (actual time=0.025..1527.301 rows=3071565 loops=1)
  Filter: (keyword_id > 2042)
  Rows Removed by Filter: 1452365
Planning time: 0.308 ms
Execution time: 1908.285 ms
