Hash Join  (cost=102767.86..250005.64 rows=2342071 width=0) (actual time=2097.815..5812.330 rows=2340818 loops=1)
  Hash Cond: (mk.movie_id = t.id)
  ->  Seq Scan on movie_keyword mk  (cost=0.00..81003.12 rows=2342071 width=4) (actual time=0.025..1607.897 rows=2340818 loops=1)
        Filter: (keyword_id > 4314)
        Rows Removed by Filter: 2183112
  ->  Hash  (cost=61283.27..61283.27 rows=2528527 width=4) (actual time=2096.996..2096.996 rows=2528312 loops=1)
        Buckets: 131072  Batches: 64  Memory Usage: 2425kB
        ->  Seq Scan on title t  (cost=0.00..61283.27 rows=2528527 width=4) (actual time=0.014..1210.157 rows=2528312 loops=1)
Planning time: 0.765 ms
Execution time: 6079.607 ms
