Hash Join  (cost=106590.21..900678.77 rows=45809 width=0) (actual time=2255.749..20513.459 rows=212597 loops=1)
  Hash Cond: (ci.movie_id = t.id)
  ->  Seq Scan on cast_info ci  (cost=0.00..705507.15 rows=23499554 width=4) (actual time=1174.547..15127.246 rows=23573656 loops=1)
        Filter: (role_id > 1)
        Rows Removed by Filter: 12670688
  ->  Hash  (cost=106528.59..106528.59 rows=4929 width=8) (actual time=1079.119..1079.119 rows=7310 loops=1)
        Buckets: 8192  Batches: 1  Memory Usage: 350kB
        ->  Nested Loop  (cost=0.43..106528.59 rows=4929 width=8) (actual time=276.768..1075.327 rows=7310 loops=1)
              ->  Seq Scan on movie_companies mc  (cost=0.00..51404.11 rows=8088 width=4) (actual time=4.503..876.920 rows=8235 loops=1)
                    Filter: (company_id = 424)
                    Rows Removed by Filter: 2600894
              ->  Index Scan using title_pkey on title t  (cost=0.43..6.81 rows=1 width=4) (actual time=0.023..0.023 rows=1 loops=8235)
                    Index Cond: (id = mc.movie_id)
                    Filter: (kind_id = 7)
                    Rows Removed by Filter: 0
Planning time: 1.107 ms
Execution time: 20542.908 ms
