Hash Join  (cost=161920.98..556286.63 rows=166660 width=0) (actual time=3045.675..14388.661 rows=7941993 loops=1)
  Hash Cond: (mi.movie_id = t.id)
  ->  Seq Scan on movie_info mi  (cost=0.00..346232.03 rows=9293409 width=4) (actual time=0.012..6547.308 rows=9425200 loops=1)
        Filter: (info_type_id > 5)
        Rows Removed by Filter: 5410520
  ->  Hash  (cost=161354.18..161354.18 rows=45344 width=8) (actual time=3045.091..3045.091 rows=87111 loops=1)
        Buckets: 131072 (originally 65536)  Batches: 2 (originally 1)  Memory Usage: 3073kB
        ->  Hash Join  (cost=74242.71..161354.18 rows=45344 width=8) (actual time=1457.962..3013.782 rows=87111 loops=1)
              Hash Cond: (mk.movie_id = t.id)
              ->  Seq Scan on movie_keyword mk  (cost=0.00..69693.30 rows=4523930 width=4) (actual time=0.007..994.002 rows=4523930 loops=1)
              ->  Hash  (cost=73925.90..73925.90 rows=25344 width=4) (actual time=1158.379..1158.379 rows=15457 loops=1)
                    Buckets: 32768  Batches: 1  Memory Usage: 800kB
                    ->  Seq Scan on title t  (cost=0.00..73925.90 rows=25344 width=4) (actual time=185.113..1152.126 rows=15457 loops=1)
                          Filter: ((kind_id = 1) AND (production_year = 2005))
                          Rows Removed by Filter: 2512855
Planning time: 1.173 ms
Execution time: 15208.720 ms
