Hash Join  (cost=181991.71..315398.01 rows=936026 width=0) (actual time=4520.104..7289.978 rows=615566 loops=1)
  Hash Cond: (mk.movie_id = t.id)
  ->  Seq Scan on movie_keyword mk  (cost=0.00..69693.30 rows=4523930 width=4) (actual time=0.023..1519.540 rows=4523930 loops=1)
  ->  Hash  (cost=173408.14..173408.14 rows=523166 width=8) (actual time=3754.167..3754.167 rows=155907 loops=1)
        Buckets: 131072  Batches: 8  Memory Usage: 1777kB
        ->  Hash Join  (cost=92128.39..173408.14 rows=523166 width=8) (actual time=2146.176..3709.919 rows=155907 loops=1)
              Hash Cond: (mc.movie_id = t.id)
              ->  Seq Scan on movie_companies mc  (cost=0.00..57926.93 rows=1192307 width=4) (actual time=393.565..1194.836 rows=1131906 loops=1)
                    Filter: ((company_id > 34) AND (company_type_id = 1))
                    Rows Removed by Filter: 1477223
              ->  Hash  (cost=73925.90..73925.90 rows=1109479 width=4) (actual time=1751.437..1751.437 rows=1201090 loops=1)
                    Buckets: 131072  Batches: 16  Memory Usage: 3674kB
                    ->  Seq Scan on title t  (cost=0.00..73925.90 rows=1109479 width=4) (actual time=148.305..1371.439 rows=1201090 loops=1)
                          Filter: ((production_year > 1987) AND (kind_id = 7))
                          Rows Removed by Filter: 1327222
Planning time: 1.971 ms
Execution time: 7351.365 ms
