Hash Join  (cost=73994.14..100934.41 rows=2979 width=0) (actual time=1342.894..1760.299 rows=7341 loops=1)
  Hash Cond: (mi_idx.movie_id = t.id)
  ->  Seq Scan on movie_info_idx mi_idx  (cost=0.00..21735.35 rows=1380035 width=4) (actual time=0.021..333.625 rows=1380035 loops=1)
  ->  Hash  (cost=73925.90..73925.90 rows=5459 width=4) (actual time=1137.649..1137.649 rows=7120 loops=1)
        Buckets: 8192  Batches: 1  Memory Usage: 315kB
        ->  Seq Scan on title t  (cost=0.00..73925.90 rows=5459 width=4) (actual time=0.020..1134.810 rows=7120 loops=1)
              Filter: ((production_year < 2001) AND (kind_id = 6))
              Rows Removed by Filter: 2521192
Planning time: 0.770 ms
Execution time: 1761.456 ms
