Seq Scan on movie_keyword mk  (cost=0.00..81003.12 rows=2786506 width=0) (actual time=0.020..1534.619 rows=2776753 loops=1)
  Filter: (keyword_id < 7990)
  Rows Removed by Filter: 1747177
Planning time: 0.315 ms
Execution time: 1873.795 ms
