Hash Join  (cost=73994.33..908949.88 rows=22319 width=0) (actual time=1184.206..19151.795 rows=23204 loops=1)
  Hash Cond: (ci.movie_id = t.id)
  ->  Seq Scan on cast_info ci  (cost=0.00..796071.18 rows=10309647 width=4) (actual time=0.021..15019.630 rows=16018075 loops=1)
        Filter: ((person_id > 2032623) AND (role_id > 1))
        Rows Removed by Filter: 20226269
  ->  Hash  (cost=73925.90..73925.90 rows=5474 width=4) (actual time=1179.667..1179.667 rows=6970 loops=1)
        Buckets: 8192  Batches: 1  Memory Usage: 310kB
        ->  Seq Scan on title t  (cost=0.00..73925.90 rows=5474 width=4) (actual time=0.036..1176.111 rows=6970 loops=1)
              Filter: ((kind_id > 1) AND (production_year = 1962))
              Rows Removed by Filter: 2521342
Planning time: 1.823 ms
Execution time: 19156.547 ms
