Hash Join  (cost=76435.78..201772.33 rows=273651 width=0) (actual time=1236.195..3982.523 rows=53022 loops=1)
  Hash Cond: (mk.movie_id = t.id)
  ->  Seq Scan on movie_keyword mk  (cost=0.00..69693.30 rows=4523930 width=4) (actual time=0.008..1300.624 rows=4523930 loops=1)
  ->  Hash  (cost=73925.90..73925.90 rows=152950 width=4) (actual time=1235.630..1235.630 rows=157522 loops=1)
        Buckets: 131072  Batches: 2  Memory Usage: 3801kB
        ->  Seq Scan on title t  (cost=0.00..73925.90 rows=152950 width=4) (actual time=0.021..1176.469 rows=157522 loops=1)
              Filter: ((kind_id > 3) AND (production_year > 2011))
              Rows Removed by Filter: 2370790
Planning time: 0.502 ms
Execution time: 3988.582 ms
