Seq Scan on movie_companies mc  (cost=0.00..51404.11 rows=104 width=0) (actual time=78.205..849.823 rows=14 loops=1)
  Filter: (company_id = 71017)
  Rows Removed by Filter: 2609115
Planning time: 0.360 ms
Execution time: 849.903 ms
