Seq Scan on movie_companies mc  (cost=0.00..57926.93 rows=999523 width=0) (actual time=0.026..1132.474 rows=858540 loops=1)
  Filter: ((company_id > 596) AND (company_type_id < 2))
  Rows Removed by Filter: 1750589
Planning time: 0.327 ms
Execution time: 1240.370 ms
