Hash Join  (cost=102767.86..197429.99 rows=1116135 width=0) (actual time=1958.191..4424.336 rows=1236180 loops=1)
  Hash Cond: (mc.movie_id = t.id)
  ->  Seq Scan on movie_companies mc  (cost=0.00..57926.93 rows=1116135 width=4) (actual time=0.029..1249.615 rows=1236180 loops=1)
        Filter: ((company_id > 292) AND (company_type_id = 2))
        Rows Removed by Filter: 1372949
  ->  Hash  (cost=61283.27..61283.27 rows=2528527 width=4) (actual time=1957.464..1957.464 rows=2528312 loops=1)
        Buckets: 131072  Batches: 64  Memory Usage: 2415kB
        ->  Seq Scan on title t  (cost=0.00..61283.27 rows=2528527 width=4) (actual time=0.016..1112.401 rows=2528312 loops=1)
Planning time: 0.782 ms
Execution time: 4542.291 ms
