Hash Join  (cost=73980.27..825392.50 rows=62307 width=0) (actual time=1219.185..17153.326 rows=108084 loops=1)
  Hash Cond: (ci.movie_id = t.id)
  ->  Seq Scan on cast_info ci  (cost=0.00..614943.12 rows=36225612 width=4) (actual time=0.019..8342.395 rows=36244344 loops=1)
  ->  Hash  (cost=73925.90..73925.90 rows=4349 width=4) (actual time=1218.923..1218.923 rows=8831 loops=1)
        Buckets: 16384 (originally 8192)  Batches: 1 (originally 1)  Memory Usage: 439kB
        ->  Seq Scan on title t  (cost=0.00..73925.90 rows=4349 width=4) (actual time=0.056..1215.024 rows=8831 loops=1)
              Filter: ((kind_id = 4) AND (production_year = 2005))
              Rows Removed by Filter: 2519481
Planning time: 0.734 ms
Execution time: 17171.743 ms
