Hash Join  (cost=83072.98..447729.25 rows=38 width=0) (actual time=1280.976..8383.156 rows=40 loops=1)
  Hash Cond: (mi.movie_id = t.id)
  ->  Seq Scan on movie_info mi  (cost=0.00..309384.22 rows=14739122 width=4) (actual time=0.019..4470.099 rows=14835720 loops=1)
  ->  Hash  (cost=83072.90..83072.90 rows=6 width=8) (actual time=1258.332..1258.332 rows=3 loops=1)
        Buckets: 1024  Batches: 1  Memory Usage: 9kB
        ->  Nested Loop  (cost=0.43..83072.90 rows=6 width=8) (actual time=1002.849..1258.320 rows=3 loops=1)
              ->  Seq Scan on movie_keyword mk  (cost=0.00..81003.12 rows=246 width=4) (actual time=9.764..1254.709 rows=111 loops=1)
                    Filter: (keyword_id = 2456)
                    Rows Removed by Filter: 4523819
              ->  Index Scan using title_pkey on title t  (cost=0.43..8.40 rows=1 width=4) (actual time=0.030..0.030 rows=0 loops=111)
                    Index Cond: (id = mk.movie_id)
                    Filter: ((kind_id > 4) AND (production_year = 2006))
                    Rows Removed by Filter: 1
Planning time: 1.152 ms
Execution time: 8383.324 ms
