Hash Join  (cost=802165.11..878750.43 rows=111379 width=0) (actual time=14586.180..16383.532 rows=466686 loops=1)
  Hash Cond: (mc.movie_id = t.id)
  ->  Seq Scan on movie_companies mc  (cost=0.00..44881.29 rows=2609129 width=4) (actual time=0.014..837.074 rows=2609129 loops=1)
  ->  Hash  (cost=800393.89..800393.89 rows=107938 width=8) (actual time=14585.414..14585.414 rows=112553 loops=1)
        Buckets: 131072  Batches: 2  Memory Usage: 3223kB
        ->  Hash Join  (cost=86713.18..800393.89 rows=107938 width=8) (actual time=11060.931..14556.741 rows=112553 loops=1)
              Hash Cond: (ci.movie_id = t.id)
              ->  Seq Scan on cast_info ci  (cost=0.00..705507.15 rows=350181 width=4) (actual time=9610.898..12860.907 rows=316118 loops=1)
                    Filter: (role_id > 10)
                    Rows Removed by Filter: 35928226
              ->  Hash  (cost=73925.90..73925.90 rows=779382 width=4) (actual time=1448.882..1448.882 rows=689555 loops=1)
                    Buckets: 131072  Batches: 16  Memory Usage: 2540kB
                    ->  Seq Scan on title t  (cost=0.00..73925.90 rows=779382 width=4) (actual time=0.030..1233.935 rows=689555 loops=1)
                          Filter: ((kind_id < 7) AND (production_year > 1976))
                          Rows Removed by Filter: 1838757
Planning time: 1.153 ms
Execution time: 16432.405 ms
