Seq Scan on movie_companies mc  (cost=0.00..57926.93 rows=315410 width=0) (actual time=0.015..948.448 rows=612460 loops=1)
  Filter: ((company_id > 61549) AND (company_type_id = 2))
  Rows Removed by Filter: 1996669
Planning time: 0.416 ms
Execution time: 1025.505 ms
