Hash Join  (cost=263223.43..737479.72 rows=5101206 width=0) (actual time=7311.339..23035.626 rows=31144385 loops=1)
  Hash Cond: (mi.movie_id = t.id)
  ->  Seq Scan on movie_info mi  (cost=0.00..346232.03 rows=5263441 width=4) (actual time=871.309..6250.237 rows=5270569 loops=1)
        Filter: (info_type_id > 15)
        Rows Removed by Filter: 9565151
  ->  Hash  (cost=223018.06..223018.06 rows=2450590 width=8) (actual time=6438.525..6438.525 rows=2447019 loops=1)
        Buckets: 131072  Batches: 64  Memory Usage: 2595kB
        ->  Hash Join  (cost=102767.86..223018.06 rows=2450590 width=8) (actual time=1943.417..5656.671 rows=2447019 loops=1)
              Hash Cond: (mc.movie_id = t.id)
              ->  Seq Scan on movie_companies mc  (cost=0.00..51404.11 rows=2450590 width=4) (actual time=0.019..1094.887 rows=2447019 loops=1)
                    Filter: (company_id > 27)
                    Rows Removed by Filter: 162110
              ->  Hash  (cost=61283.27..61283.27 rows=2528527 width=4) (actual time=1942.699..1942.699 rows=2528312 loops=1)
                    Buckets: 131072  Batches: 64  Memory Usage: 2415kB
                    ->  Seq Scan on title t  (cost=0.00..61283.27 rows=2528527 width=4) (actual time=0.016..1067.517 rows=2528312 loops=1)
Planning time: 15.772 ms
Execution time: 26597.618 ms
