Seq Scan on cast_info ci  (cost=0.00..796071.18 rows=737774 width=0) (actual time=5842.836..11795.823 rows=917 loops=1)
  Filter: ((person_id < 339783) AND (role_id = 2))
  Rows Removed by Filter: 36243427
Planning time: 0.393 ms
Execution time: 11796.103 ms
