Hash Join  (cost=1041264.86..1841995.75 rows=23170235 width=0) (actual time=24261.805..47566.295 rows=34294924 loops=1)
  Hash Cond: (mi.movie_id = t.id)
  ->  Seq Scan on movie_info mi  (cost=0.00..309384.22 rows=14739122 width=4) (actual time=0.019..6360.438 rows=14835720 loops=1)
  ->  Hash  (cost=976051.59..976051.59 rows=3974902 width=8) (actual time=24260.021..24260.021 rows=3737138 loops=1)
        Buckets: 131072  Batches: 64  Memory Usage: 3371kB
        ->  Hash Join  (cost=80562.70..976051.59 rows=3974902 width=8) (actual time=5117.743..23057.135 rows=3737138 loops=1)
              Hash Cond: (ci.movie_id = t.id)
              ->  Seq Scan on cast_info ci  (cost=0.00..705507.15 rows=12726058 width=4) (actual time=3696.184..14064.550 rows=12670688 loops=1)
                    Filter: (role_id < 2)
                    Rows Removed by Filter: 23573656
              ->  Hash  (cost=67604.59..67604.59 rows=789769 width=4) (actual time=1420.431..1420.431 rows=784926 loops=1)
                    Buckets: 131072  Batches: 16  Memory Usage: 2749kB
                    ->  Seq Scan on title t  (cost=0.00..67604.59 rows=789769 width=4) (actual time=0.039..1170.662 rows=784926 loops=1)
                          Filter: (production_year > 2007)
                          Rows Removed by Filter: 1743386
Planning time: 1.171 ms
Execution time: 51297.514 ms
