Hash Join  (cost=484264.54..1637279.94 rows=11604724 width=0) (actual time=9325.920..55859.239 rows=49769853 loops=1)
  Hash Cond: (ci.movie_id = t.id)
  ->  Seq Scan on cast_info ci  (cost=0.00..614943.12 rows=36225612 width=4) (actual time=0.012..13430.669 rows=36244344 loops=1)
  ->  Hash  (cost=470974.51..470974.51 rows=810003 width=8) (actual time=9324.915..9324.915 rows=1083597 loops=1)
        Buckets: 131072  Batches: 16  Memory Usage: 3691kB
        ->  Hash Join  (cost=78556.72..470974.51 rows=810003 width=8) (actual time=5329.295..8990.831 rows=1083597 loops=1)
              Hash Cond: (mi.movie_id = t.id)
              ->  Seq Scan on movie_info mi  (cost=0.00..346232.03 rows=3068194 width=4) (actual time=2742.499..5103.258 rows=3036719 loops=1)
                    Filter: (info_type_id = 16)
                    Rows Removed by Filter: 11799001
              ->  Hash  (cost=67604.59..67604.59 rows=667531 width=4) (actual time=1246.078..1246.078 rows=662825 loops=1)
                    Buckets: 131072  Batches: 16  Memory Usage: 2485kB
                    ->  Seq Scan on title t  (cost=0.00..67604.59 rows=667531 width=4) (actual time=378.806..1032.198 rows=662825 loops=1)
                          Filter: (kind_id = 1)
                          Rows Removed by Filter: 1865487
Planning time: 1.144 ms
Execution time: 61727.907 ms
