Seq Scan on movie_keyword mk  (cost=0.00..81003.12 rows=246 width=0) (actual time=20.176..1211.704 rows=41 loops=1)
  Filter: (keyword_id = 71153)
  Rows Removed by Filter: 4523889
Planning time: 0.394 ms
Execution time: 1211.815 ms
