Hash Join  (cost=98137.04..194677.34 rows=1381500 width=0) (actual time=2190.000..4644.791 rows=706054 loops=1)
  Hash Cond: (mc.movie_id = t.id)
  ->  Seq Scan on movie_companies mc  (cost=0.00..51404.11 rows=1877038 width=4) (actual time=0.013..997.501 rows=1882902 loops=1)
        Filter: (company_id > 1412)
        Rows Removed by Filter: 726227
  ->  Hash  (cost=67604.59..67604.59 rows=1860996 width=4) (actual time=2189.016..2189.016 rows=1865487 loops=1)
        Buckets: 131072  Batches: 32  Memory Usage: 3079kB
        ->  Seq Scan on title t  (cost=0.00..67604.59 rows=1860996 width=4) (actual time=0.023..1255.159 rows=1865487 loops=1)
              Filter: (kind_id > 1)
              Rows Removed by Filter: 662825
Planning time: 0.752 ms
Execution time: 4733.846 ms
