Hash Join  (cost=130777.50..976788.17 rows=877402 width=0) (actual time=2449.721..26140.991 rows=2875372 loops=1)
  Hash Cond: (ci.movie_id = t.id)
  ->  Seq Scan on cast_info ci  (cost=0.00..705507.15 rows=35127865 width=4) (actual time=0.015..12827.314 rows=35120615 loops=1)
        Filter: (person_id < 3843979)
        Rows Removed by Filter: 1123729
  ->  Hash  (cost=129988.05..129988.05 rows=63156 width=8) (actual time=2449.299..2449.299 rows=76139 loops=1)
        Buckets: 131072 (originally 65536)  Batches: 1 (originally 1)  Memory Usage: 3999kB
        ->  Hash Join  (cost=74690.97..129988.05 rows=63156 width=8) (actual time=1149.248..2419.964 rows=76139 loops=1)
              Hash Cond: (mc.movie_id = t.id)
              ->  Seq Scan on movie_companies mc  (cost=0.00..44881.29 rows=2609129 width=4) (actual time=0.014..650.238 rows=2609129 loops=1)
              ->  Hash  (cost=73925.90..73925.90 rows=61205 width=4) (actual time=992.456..992.456 rows=61581 loops=1)
                    Buckets: 65536  Batches: 1  Memory Usage: 2677kB
                    ->  Seq Scan on title t  (cost=0.00..73925.90 rows=61205 width=4) (actual time=0.025..963.195 rows=61581 loops=1)
                          Filter: ((kind_id < 2) AND (production_year > 2011))
                          Rows Removed by Filter: 2466731
Planning time: 1.585 ms
Execution time: 26508.041 ms
