Hash Join  (cost=128661.55..493435.58 rows=11810 width=0) (actual time=2249.132..9967.909 rows=177761 loops=1)
  Hash Cond: (mi.movie_id = t.id)
  ->  Seq Scan on movie_info mi  (cost=0.00..309384.22 rows=14739122 width=4) (actual time=0.014..4537.405 rows=14835720 loops=1)
  ->  Hash  (cost=128636.23..128636.23 rows=2026 width=8) (actual time=2248.747..2248.747 rows=6455 loops=1)
        Buckets: 8192 (originally 2048)  Batches: 1 (originally 1)  Memory Usage: 317kB
        ->  Hash Join  (cost=73950.44..128636.23 rows=2026 width=8) (actual time=1115.031..2245.823 rows=6455 loops=1)
              Hash Cond: (mc.movie_id = t.id)
              ->  Seq Scan on movie_companies mc  (cost=0.00..44881.29 rows=2609129 width=4) (actual time=0.028..622.361 rows=2609129 loops=1)
              ->  Hash  (cost=73925.90..73925.90 rows=1963 width=4) (actual time=1114.183..1114.183 rows=3050 loops=1)
                    Buckets: 4096 (originally 2048)  Batches: 1 (originally 1)  Memory Usage: 140kB
                    ->  Seq Scan on title t  (cost=0.00..73925.90 rows=1963 width=4) (actual time=0.012..1112.711 rows=3050 loops=1)
                          Filter: ((kind_id = 1) AND (production_year = 1957))
                          Rows Removed by Filter: 2525262
Planning time: 1.229 ms
Execution time: 9994.124 ms
