Nested Loop  (cost=32807.94..122046.76 rows=1136 width=0) (actual time=596.764..2045.323 rows=4068 loops=1)
  ->  Hash Join  (cost=32807.51..116819.53 rows=6187 width=8) (actual time=596.691..1931.256 rows=4068 loops=1)
        Hash Cond: (mk.movie_id = mi_idx.movie_id)
        ->  Seq Scan on movie_keyword mk  (cost=0.00..81003.12 rows=6183 width=4) (actual time=0.026..1249.645 rows=6790 loops=1)
              Filter: (keyword_id = 495)
              Rows Removed by Filter: 4517140
        ->  Hash  (cost=25185.44..25185.44 rows=464566 width=4) (actual time=594.762..594.762 rows=459925 loops=1)
              Buckets: 131072  Batches: 8  Memory Usage: 3059kB
              ->  Seq Scan on movie_info_idx mi_idx  (cost=0.00..25185.44 rows=464566 width=4) (actual time=0.018..451.647 rows=459925 loops=1)
                    Filter: (info_type_id = 101)
                    Rows Removed by Filter: 920110
  ->  Index Only Scan using title_pkey on title t  (cost=0.43..0.83 rows=1 width=4) (actual time=0.027..0.027 rows=1 loops=4068)
        Index Cond: (id = mi_idx.movie_id)
        Heap Fetches: 4068
Planning time: 1.963 ms
Execution time: 2046.584 ms
