Hash Join  (cost=372445.55..1182317.51 rows=25753532 width=0) (actual time=8630.199..67908.612 rows=228085936 loops=1)
  Hash Cond: (mi.movie_id = t.id)
  ->  Seq Scan on movie_info mi  (cost=0.00..309384.22 rows=14739122 width=4) (actual time=0.013..6345.939 rows=14835720 loops=1)
  ->  Hash  (cost=299960.65..299960.65 rows=4418072 width=8) (actual time=8628.592..8628.592 rows=4419395 loops=1)
        Buckets: 131072  Batches: 64  Memory Usage: 3822kB
        ->  Hash Join  (cost=102767.86..299960.65 rows=4418072 width=8) (actual time=2069.453..7432.759 rows=4419395 loops=1)
              Hash Cond: (mk.movie_id = t.id)
              ->  Seq Scan on movie_keyword mk  (cost=0.00..81003.12 rows=4418072 width=4) (actual time=0.024..1854.045 rows=4419395 loops=1)
                    Filter: (keyword_id < 81241)
                    Rows Removed by Filter: 104535
              ->  Hash  (cost=61283.27..61283.27 rows=2528527 width=4) (actual time=2067.886..2067.886 rows=2528312 loops=1)
                    Buckets: 131072  Batches: 64  Memory Usage: 2425kB
                    ->  Seq Scan on title t  (cost=0.00..61283.27 rows=2528527 width=4) (actual time=0.014..1175.714 rows=2528312 loops=1)
Planning time: 3.196 ms
Execution time: 90482.123 ms
