Hash Join  (cost=219807.22..1534832.93 rows=22967753 width=0) (actual time=4709.206..42319.142 rows=22347499 loops=1)
  Hash Cond: (ci.movie_id = t.id)
  ->  Seq Scan on cast_info ci  (cost=0.00..614943.12 rows=36225612 width=4) (actual time=0.013..13060.449 rows=36244344 loops=1)
  ->  Hash  (cost=193505.02..193505.02 rows=1603136 width=8) (actual time=4708.022..4708.022 rows=747310 loops=1)
        Buckets: 131072  Batches: 32  Memory Usage: 1906kB
        ->  Hash Join  (cost=93093.72..193505.02 rows=1603136 width=8) (actual time=1791.145..4488.674 rows=747310 loops=1)
              Hash Cond: (mc.movie_id = t.id)
              ->  Seq Scan on movie_companies mc  (cost=0.00..44881.29 rows=2609129 width=4) (actual time=0.020..941.720 rows=2609129 loops=1)
              ->  Hash  (cost=67604.59..67604.59 rows=1553611 width=4) (actual time=1789.837..1789.837 rows=1555864 loops=1)
                    Buckets: 131072  Batches: 32  Memory Usage: 2734kB
                    ->  Seq Scan on title t  (cost=0.00..67604.59 rows=1553611 width=4) (actual time=0.024..1296.494 rows=1555864 loops=1)
                          Filter: (kind_id > 4)
                          Rows Removed by Filter: 972448
Planning time: 1.182 ms
Execution time: 44758.394 ms
