Hash Join  (cost=102767.86..1421954.22 rows=25092998 width=0) (actual time=1923.013..38210.901 rows=25116577 loops=1)
  Hash Cond: (ci.movie_id = t.id)
  ->  Seq Scan on cast_info ci  (cost=0.00..705507.15 rows=25092998 width=4) (actual time=0.019..15079.222 rows=25116577 loops=1)
        Filter: (person_id < 2590191)
        Rows Removed by Filter: 11127767
  ->  Hash  (cost=61283.27..61283.27 rows=2528527 width=4) (actual time=1918.949..1918.949 rows=2528312 loops=1)
        Buckets: 131072  Batches: 64  Memory Usage: 2415kB
        ->  Seq Scan on title t  (cost=0.00..61283.27 rows=2528527 width=4) (actual time=0.018..1091.506 rows=2528312 loops=1)
Planning time: 0.775 ms
Execution time: 41014.339 ms
