Hash Join  (cost=102767.86..1187905.58 rows=15366312 width=0) (actual time=3513.242..28480.524 rows=15504836 loops=1)
  Hash Cond: (ci.movie_id = t.id)
  ->  Seq Scan on cast_info ci  (cost=0.00..705507.15 rows=15366312 width=4) (actual time=1614.605..13739.645 rows=15504836 loops=1)
        Filter: (person_id > 2088765)
        Rows Removed by Filter: 20739508
  ->  Hash  (cost=61283.27..61283.27 rows=2528527 width=4) (actual time=1897.422..1897.422 rows=2528312 loops=1)
        Buckets: 131072  Batches: 64  Memory Usage: 2415kB
        ->  Seq Scan on title t  (cost=0.00..61283.27 rows=2528527 width=4) (actual time=0.030..1074.259 rows=2528312 loops=1)
Planning time: 0.698 ms
Execution time: 30198.017 ms
