Hash Join  (cost=255392.80..724624.41 rows=4063347 width=0) (actual time=6574.870..21154.849 rows=23952300 loops=1)
  Hash Cond: (mi.movie_id = t.id)
  ->  Seq Scan on movie_info mi  (cost=0.00..346232.03 rows=5897221 width=4) (actual time=222.024..6223.340 rows=5884963 loops=1)
        Filter: (info_type_id < 7)
        Rows Removed by Filter: 8950757
  ->  Hash  (cost=226808.99..226808.99 rows=1742225 width=8) (actual time=6351.110..6351.110 rows=2320352 loops=1)
        Buckets: 131072  Batches: 32  Memory Usage: 3873kB
        ->  Hash Join  (cost=83580.70..226808.99 rows=1742225 width=8) (actual time=1488.330..5688.376 rows=2320352 loops=1)
              Hash Cond: (mk.movie_id = t.id)
              ->  Seq Scan on movie_keyword mk  (cost=0.00..69693.30 rows=4523930 width=4) (actual time=0.033..1432.219 rows=4523930 loops=1)
              ->  Hash  (cost=67604.59..67604.59 rows=973769 width=4) (actual time=1487.316..1487.316 rows=971188 loops=1)
                    Buckets: 131072  Batches: 16  Memory Usage: 3168kB
                    ->  Seq Scan on title t  (cost=0.00..67604.59 rows=973769 width=4) (actual time=0.023..1167.873 rows=971188 loops=1)
                          Filter: (production_year < 1999)
                          Rows Removed by Filter: 1557124
Planning time: 1.145 ms
Execution time: 23750.221 ms
