Hash Join  (cost=709678.15..1074363.23 rows=2915 width=0) (actual time=10635.959..17389.194 rows=301 loops=1)
  Hash Cond: (mi.movie_id = t.id)
  ->  Seq Scan on movie_info mi  (cost=0.00..309384.22 rows=14739122 width=4) (actual time=0.007..4253.798 rows=14835720 loops=1)
  ->  Hash  (cost=709671.90..709671.90 rows=500 width=8) (actual time=10556.798..10556.798 rows=146 loops=1)
        Buckets: 1024  Batches: 1  Memory Usage: 14kB
        ->  Nested Loop  (cost=0.43..709671.90 rows=500 width=8) (actual time=4606.379..10556.699 rows=146 loops=1)
              ->  Seq Scan on cast_info ci  (cost=0.00..705507.15 rows=500 width=4) (actual time=4606.161..10552.075 rows=146 loops=1)
                    Filter: (person_id = 526527)
                    Rows Removed by Filter: 36244198
              ->  Index Only Scan using title_pkey on title t  (cost=0.43..8.32 rows=1 width=4) (actual time=0.030..0.030 rows=1 loops=146)
                    Index Cond: (id = ci.movie_id)
                    Heap Fetches: 146
Planning time: 1.254 ms
Execution time: 17389.440 ms
