Seq Scan on cast_info ci  (cost=0.00..705507.15 rows=1212672 width=0) (actual time=0.025..11053.340 rows=1238759 loops=1)
  Filter: (person_id > 3822139)
  Rows Removed by Filter: 35005585
Planning time: 0.345 ms
Execution time: 11208.434 ms
