Hash Join  (cost=215604.41..318823.80 rows=492578 width=0) (actual time=4858.761..8339.132 rows=5629905 loops=1)
  Hash Cond: (mk.movie_id = t.id)
  ->  Seq Scan on movie_keyword mk  (cost=0.00..81003.12 rows=1119330 width=4) (actual time=0.024..1491.096 rows=1127974 loops=1)
        Filter: (keyword_id < 1222)
        Rows Removed by Filter: 3395956
  ->  Hash  (cost=197348.44..197348.44 rows=1112717 width=8) (actual time=4857.825..4857.825 rows=1274246 loops=1)
        Buckets: 131072 (originally 131072)  Batches: 32 (originally 16)  Memory Usage: 3073kB
        ->  Hash Join  (cost=102767.86..197348.44 rows=1112717 width=8) (actual time=1921.408..4479.969 rows=1274246 loops=1)
              Hash Cond: (mc.movie_id = t.id)
              ->  Seq Scan on movie_companies mc  (cost=0.00..57926.93 rows=1112717 width=4) (actual time=0.014..1117.951 rows=1274246 loops=1)
                    Filter: ((company_id < 89008) AND (company_type_id < 2))
                    Rows Removed by Filter: 1334883
              ->  Hash  (cost=61283.27..61283.27 rows=2528527 width=4) (actual time=1920.498..1920.498 rows=2528312 loops=1)
                    Buckets: 131072  Batches: 64  Memory Usage: 2415kB
                    ->  Seq Scan on title t  (cost=0.00..61283.27 rows=2528527 width=4) (actual time=0.016..1077.800 rows=2528312 loops=1)
Planning time: 1.187 ms
Execution time: 8951.322 ms
