Seq Scan on cast_info ci  (cost=0.00..796071.18 rows=2997833 width=0) (actual time=5827.923..15254.032 rows=2246076 loops=1)
  Filter: ((person_id < 2790618) AND (role_id = 3))
  Rows Removed by Filter: 33998268
Planning time: 5.202 ms
Execution time: 15547.773 ms
