Hash Join  (cost=427910.31..1182148.94 rows=344949 width=0) (actual time=7212.957..28644.341 rows=3721398 loops=1)
  Hash Cond: (ci.movie_id = t.id)
  ->  Seq Scan on cast_info ci  (cost=0.00..614943.12 rows=36225612 width=4) (actual time=0.009..9468.756 rows=36244344 loops=1)
  ->  Hash  (cost=427609.35..427609.35 rows=24077 width=8) (actual time=7212.495..7212.495 rows=62264 loops=1)
        Buckets: 65536 (originally 32768)  Batches: 1 (originally 1)  Memory Usage: 2945kB
        ->  Hash Join  (cost=74346.17..427609.35 rows=24077 width=8) (actual time=1115.888..7188.401 rows=62264 loops=1)
              Hash Cond: (mi.movie_id = t.id)
              ->  Seq Scan on movie_info mi  (cost=0.00..346232.03 rows=1810770 width=4) (actual time=0.016..5670.064 rows=1865632 loops=1)
                    Filter: (info_type_id > 17)
                    Rows Removed by Filter: 12970088
              ->  Hash  (cost=73925.90..73925.90 rows=33621 width=4) (actual time=1115.547..1115.547 rows=28104 loops=1)
                    Buckets: 65536  Batches: 1  Memory Usage: 1501kB
                    ->  Seq Scan on title t  (cost=0.00..73925.90 rows=33621 width=4) (actual time=334.132..1104.241 rows=28104 loops=1)
                          Filter: ((kind_id = 1) AND (production_year = 2009))
                          Rows Removed by Filter: 2500208
Planning time: 0.790 ms
Execution time: 29111.971 ms
