Hash Join  (cost=74060.24..132570.47 rows=7964 width=0) (actual time=1155.529..2425.770 rows=10852 loops=1)
  Hash Cond: (mc.movie_id = t.id)
  ->  Seq Scan on movie_companies mc  (cost=0.00..51404.11 rows=1873726 width=4) (actual time=0.024..947.258 rows=1869622 loops=1)
        Filter: (company_id < 38797)
        Rows Removed by Filter: 739507
  ->  Hash  (cost=73925.90..73925.90 rows=10747 width=4) (actual time=1155.047..1155.047 rows=6468 loops=1)
        Buckets: 16384  Batches: 1  Memory Usage: 356kB
        ->  Seq Scan on title t  (cost=0.00..73925.90 rows=10747 width=4) (actual time=0.023..1151.909 rows=6468 loops=1)
              Filter: ((kind_id = 1) AND (production_year = 1997))
              Rows Removed by Filter: 2521844
Planning time: 0.773 ms
Execution time: 2427.658 ms
