Seq Scan on movie_companies mc  (cost=0.00..57926.93 rows=1096166 width=0) (actual time=428.003..1081.507 rows=873349 loops=1)
  Filter: ((company_id < 76508) AND (company_type_id = 2))
  Rows Removed by Filter: 1735780
Planning time: 0.386 ms
Execution time: 1186.170 ms
