Hash Join  (cost=86241.46..177450.18 rows=1172119 width=0) (actual time=1615.772..4353.818 rows=1467163 loops=1)
  Hash Cond: (mc.movie_id = t.id)
  ->  Seq Scan on movie_companies mc  (cost=0.00..44881.29 rows=2609129 width=4) (actual time=0.025..854.797 rows=2609129 loops=1)
  ->  Hash  (cost=67604.59..67604.59 rows=1135910 width=4) (actual time=1615.049..1615.049 rows=1133355 loops=1)
        Buckets: 131072  Batches: 16  Memory Usage: 3516kB
        ->  Seq Scan on title t  (cost=0.00..67604.59 rows=1135910 width=4) (actual time=0.020..1261.445 rows=1133355 loops=1)
              Filter: (production_year < 2002)
              Rows Removed by Filter: 1394957
Planning time: 0.812 ms
Execution time: 4526.431 ms
