Hash Join  (cost=98137.04..970517.11 rows=2518888 width=0) (actual time=12823.181..19540.228 rows=3071180 loops=1)
  Hash Cond: (ci.movie_id = t.id)
  ->  Seq Scan on cast_info ci  (cost=0.00..796071.18 rows=3422402 width=4) (actual time=10625.258..14080.257 rows=4008037 loops=1)
        Filter: ((person_id < 3133267) AND (role_id = 3))
        Rows Removed by Filter: 32236307
  ->  Hash  (cost=67604.59..67604.59 rows=1860996 width=4) (actual time=2196.712..2196.712 rows=1865487 loops=1)
        Buckets: 131072  Batches: 32  Memory Usage: 3079kB
        ->  Seq Scan on title t  (cost=0.00..67604.59 rows=1860996 width=4) (actual time=0.027..1311.828 rows=1865487 loops=1)
              Filter: (kind_id > 1)
              Rows Removed by Filter: 662825
Planning time: 0.582 ms
Execution time: 19919.951 ms
