Hash Join  (cost=102767.86..1403412.90 rows=20558761 width=0) (actual time=1992.803..40977.726 rows=22345571 loops=1)
  Hash Cond: (ci.movie_id = t.id)
  ->  Seq Scan on cast_info ci  (cost=0.00..796071.18 rows=20558761 width=4) (actual time=0.016..18330.261 rows=22345571 loops=1)
        Filter: ((person_id > 426038) AND (role_id > 1))
        Rows Removed by Filter: 13898773
  ->  Hash  (cost=61283.27..61283.27 rows=2528527 width=4) (actual time=1991.910..1991.910 rows=2528312 loops=1)
        Buckets: 131072  Batches: 64  Memory Usage: 2415kB
        ->  Seq Scan on title t  (cost=0.00..61283.27 rows=2528527 width=4) (actual time=0.024..1152.565 rows=2528312 loops=1)
Planning time: 1.704 ms
Execution time: 43312.468 ms
