Hash Join  (cost=84284.84..603360.30 rows=3680253 width=0) (actual time=1512.615..18538.635 rows=8078146 loops=1)
  Hash Cond: (mi.movie_id = t.id)
  ->  Seq Scan on movie_info mi  (cost=0.00..309384.22 rows=14739122 width=4) (actual time=0.016..5979.187 rows=14835720 loops=1)
  ->  Hash  (cost=73925.90..73925.90 rows=631355 width=4) (actual time=1494.520..1494.520 rows=634290 loops=1)
        Buckets: 131072  Batches: 16  Memory Usage: 2425kB
        ->  Seq Scan on title t  (cost=0.00..73925.90 rows=631355 width=4) (actual time=415.711..1297.877 rows=634290 loops=1)
              Filter: ((kind_id < 2) AND (production_year < 2013))
              Rows Removed by Filter: 1894022
Planning time: 0.699 ms
Execution time: 19490.179 ms
