Hash Join  (cost=207785.32..1306028.05 rows=4176502 width=0) (actual time=3939.518..37307.547 rows=12997022 loops=1)
  Hash Cond: (ci.movie_id = t.id)
  ->  Seq Scan on cast_info ci  (cost=0.00..705507.15 rows=30236149 width=4) (actual time=0.018..16006.095 rows=30350653 loops=1)
        Filter: (person_id > 570827)
        Rows Removed by Filter: 5893691
  ->  Hash  (cost=202054.52..202054.52 rows=349264 width=8) (actual time=3938.595..3938.595 rows=363692 loops=1)
        Buckets: 131072  Batches: 8  Memory Usage: 2828kB
        ->  Hash Join  (cost=102767.86..202054.52 rows=349264 width=8) (actual time=1850.944..3825.804 rows=363692 loops=1)
              Hash Cond: (mk.movie_id = t.id)
              ->  Seq Scan on movie_keyword mk  (cost=0.00..81003.12 rows=349264 width=4) (actual time=0.018..1238.823 rows=363692 loops=1)
                    Filter: (keyword_id < 335)
                    Rows Removed by Filter: 4160238
              ->  Hash  (cost=61283.27..61283.27 rows=2528527 width=4) (actual time=1848.654..1848.654 rows=2528312 loops=1)
                    Buckets: 131072  Batches: 64  Memory Usage: 2425kB
                    ->  Seq Scan on title t  (cost=0.00..61283.27 rows=2528527 width=4) (actual time=0.010..996.573 rows=2528312 loops=1)
Planning time: 1.192 ms
Execution time: 38734.030 ms
