Hash Join  (cost=173320.64..291354.44 rows=638295 width=0) (actual time=4224.316..8398.911 rows=6403476 loops=1)
  Hash Cond: (mk.movie_id = t.id)
  ->  Seq Scan on movie_keyword mk  (cost=0.00..81003.12 rows=2425793 width=4) (actual time=0.028..1546.509 rows=2415883 loops=1)
        Filter: (keyword_id > 3806)
        Rows Removed by Filter: 2108047
  ->  Hash  (cost=162405.06..162405.06 rows=665327 width=8) (actual time=4223.005..4223.005 rows=1004592 loops=1)
        Buckets: 131072  Batches: 16  Memory Usage: 3515kB
        ->  Hash Join  (cost=78183.26..162405.06 rows=665327 width=8) (actual time=1368.773..3925.185 rows=1004592 loops=1)
              Hash Cond: (mc.movie_id = t.id)
              ->  Seq Scan on movie_companies mc  (cost=0.00..44881.29 rows=2609129 width=4) (actual time=0.023..940.762 rows=2609129 loops=1)
              ->  Hash  (cost=67604.59..67604.59 rows=644774 width=4) (actual time=1367.864..1367.864 rows=642973 loops=1)
                    Buckets: 131072  Batches: 16  Memory Usage: 2432kB
                    ->  Seq Scan on title t  (cost=0.00..67604.59 rows=644774 width=4) (actual time=0.013..1157.487 rows=642973 loops=1)
                          Filter: (production_year < 1988)
                          Rows Removed by Filter: 1885339
Planning time: 1.168 ms
Execution time: 9134.798 ms
