Seq Scan on movie_keyword mk  (cost=0.00..81003.12 rows=246 width=0) (actual time=21.360..1263.550 rows=357 loops=1)
  Filter: (keyword_id = 16414)
  Rows Removed by Filter: 4523573
Planning time: 0.415 ms
Execution time: 1263.829 ms
