Seq Scan on movie_keyword mk  (cost=0.00..81003.12 rows=2748134 width=0) (actual time=0.020..1484.161 rows=2745848 loops=1)
  Filter: (keyword_id < 7778)
  Rows Removed by Filter: 1778082
Planning time: 0.327 ms
Execution time: 1807.147 ms
