Seq Scan on movie_companies mc  (cost=0.00..57926.93 rows=337330 width=0) (actual time=242.327..877.090 rows=32104 loops=1)
  Filter: ((company_id > 46528) AND (company_type_id = 1))
  Rows Removed by Filter: 2577025
Planning time: 2.508 ms
Execution time: 881.485 ms
