Seq Scan on cast_info ci  (cost=0.00..705507.15 rows=500 width=0) (actual time=770.480..11524.841 rows=308 loops=1)
  Filter: (person_id = 2467169)
  Rows Removed by Filter: 36244036
Planning time: 0.366 ms
Execution time: 11525.006 ms
