Hash Join  (cost=78306.32..185001.78 rows=206252 width=0) (actual time=1147.489..3640.525 rows=291820 loops=1)
  Hash Cond: (mk.movie_id = t.id)
  ->  Seq Scan on movie_keyword mk  (cost=0.00..81003.12 rows=1953284 width=4) (actual time=0.015..1608.434 rows=1962127 loops=1)
        Filter: (keyword_id < 3430)
        Rows Removed by Filter: 2561803
  ->  Hash  (cost=73925.90..73925.90 rows=266993 width=4) (actual time=1146.399..1146.399 rows=216282 loops=1)
        Buckets: 131072  Batches: 4  Memory Usage: 2935kB
        ->  Seq Scan on title t  (cost=0.00..73925.90 rows=266993 width=4) (actual time=0.029..1076.140 rows=216282 loops=1)
              Filter: ((production_year > 2005) AND (kind_id = 1))
              Rows Removed by Filter: 2312030
Planning time: 0.755 ms
Execution time: 3679.936 ms
