Nested Loop  (cost=0.43..83072.90 rows=4 width=0) (actual time=518.658..1239.708 rows=1 loops=1)
  ->  Seq Scan on movie_keyword mk  (cost=0.00..81003.12 rows=246 width=4) (actual time=0.080..1196.940 rows=640 loops=1)
        Filter: (keyword_id = 20335)
        Rows Removed by Filter: 4523290
  ->  Index Scan using title_pkey on title t  (cost=0.43..8.40 rows=1 width=4) (actual time=0.065..0.065 rows=0 loops=640)
        Index Cond: (id = mk.movie_id)
        Filter: ((kind_id > 4) AND (production_year = 2003))
        Rows Removed by Filter: 1
Planning time: 0.750 ms
Execution time: 1239.823 ms
