Hash Join  (cost=98327.41..449327.83 rows=2792 width=0) (actual time=2650.208..6437.850 rows=7907 loops=1)
  Hash Cond: (mi.movie_id = t.id)
  ->  Seq Scan on movie_info mi  (cost=0.00..346232.03 rows=1264125 width=4) (actual time=1641.573..5206.278 rows=1288928 loops=1)
        Filter: (info_type_id = 2)
        Rows Removed by Filter: 13546792
  ->  Hash  (cost=98257.61..98257.61 rows=5584 width=8) (actual time=1008.525..1008.525 rows=8256 loops=1)
        Buckets: 16384 (originally 8192)  Batches: 1 (originally 1)  Memory Usage: 451kB
        ->  Nested Loop  (cost=0.43..98257.61 rows=5584 width=8) (actual time=0.105..1004.290 rows=8256 loops=1)
              ->  Seq Scan on movie_companies mc  (cost=0.00..57926.93 rows=5584 width=4) (actual time=0.032..856.641 rows=8256 loops=1)
                    Filter: ((company_id = 11) AND (company_type_id = 2))
                    Rows Removed by Filter: 2600873
              ->  Index Only Scan using title_pkey on title t  (cost=0.43..7.21 rows=1 width=4) (actual time=0.017..0.017 rows=1 loops=8256)
                    Index Cond: (id = mc.movie_id)
                    Heap Fetches: 8256
Planning time: 1.232 ms
Execution time: 6439.096 ms
