Seq Scan on movie_companies mc  (cost=0.00..57926.93 rows=442088 width=0) (actual time=605.015..1006.674 rows=126073 loops=1)
  Filter: ((company_id > 20787) AND (company_type_id < 2))
  Rows Removed by Filter: 2483056
Planning time: 0.333 ms
Execution time: 1023.088 ms
