Seq Scan on movie_companies mc  (cost=0.00..57926.93 rows=471033 width=0) (actual time=0.017..941.711 rows=676839 loops=1)
  Filter: ((company_id < 3929) AND (company_type_id < 2))
  Rows Removed by Filter: 1932290
Planning time: 1.037 ms
Execution time: 1025.967 ms
