Hash Join  (cost=83074.74..137742.81 rows=254 width=0) (actual time=1211.156..1910.419 rows=34 loops=1)
  Hash Cond: (mc.movie_id = t.id)
  ->  Seq Scan on movie_companies mc  (cost=0.00..44881.29 rows=2609129 width=4) (actual time=0.019..421.902 rows=2609129 loops=1)
  ->  Hash  (cost=83071.67..83071.67 rows=246 width=8) (actual time=1094.896..1094.896 rows=8 loops=1)
        Buckets: 1024  Batches: 1  Memory Usage: 9kB
        ->  Nested Loop  (cost=0.43..83071.67 rows=246 width=8) (actual time=193.149..1094.876 rows=8 loops=1)
              ->  Seq Scan on movie_keyword mk  (cost=0.00..81003.12 rows=246 width=4) (actual time=193.028..1094.417 rows=8 loops=1)
                    Filter: (keyword_id = 99834)
                    Rows Removed by Filter: 4523922
              ->  Index Only Scan using title_pkey on title t  (cost=0.43..8.40 rows=1 width=4) (actual time=0.048..0.049 rows=1 loops=8)
                    Index Cond: (id = mk.movie_id)
                    Heap Fetches: 8
Planning time: 1.095 ms
Execution time: 1910.529 ms
