Hash Join  (cost=100965.42..465787.01 rows=16566 width=0) (actual time=1817.592..9061.127 rows=45978 loops=1)
  Hash Cond: (mi.movie_id = t.id)
  ->  Seq Scan on movie_info mi  (cost=0.00..309384.22 rows=14739122 width=4) (actual time=0.020..4244.950 rows=14835720 loops=1)
  ->  Hash  (cost=100929.89..100929.89 rows=2842 width=8) (actual time=1815.518..1815.518 rows=3783 loops=1)
        Buckets: 4096  Batches: 1  Memory Usage: 180kB
        ->  Hash Join  (cost=73990.99..100929.89 rows=2842 width=8) (actual time=1214.726..1814.052 rows=3783 loops=1)
              Hash Cond: (mi_idx.movie_id = t.id)
              ->  Seq Scan on movie_info_idx mi_idx  (cost=0.00..21735.35 rows=1380035 width=4) (actual time=0.026..295.414 rows=1380035 loops=1)
              ->  Hash  (cost=73925.90..73925.90 rows=5207 width=4) (actual time=1214.396..1214.396 rows=9023 loops=1)
                    Buckets: 16384 (originally 8192)  Batches: 1 (originally 1)  Memory Usage: 446kB
                    ->  Seq Scan on title t  (cost=0.00..73925.90 rows=5207 width=4) (actual time=0.150..1209.732 rows=9023 loops=1)
                          Filter: ((kind_id > 2) AND (production_year = 1975))
                          Rows Removed by Filter: 2519289
Planning time: 2.024 ms
Execution time: 9069.082 ms
