Seq Scan on movie_keyword mk  (cost=0.00..81003.12 rows=246 width=0) (actual time=3.591..1295.855 rows=82 loops=1)
  Filter: (keyword_id = 24893)
  Rows Removed by Filter: 4523848
Planning time: 0.371 ms
Execution time: 1295.987 ms
