Hash Join  (cost=255471.31..1227270.81 rows=5911639 width=0) (actual time=9741.264..26815.826 rows=19565356 loops=1)
  Hash Cond: (ci.movie_id = t.id)
  ->  Seq Scan on cast_info ci  (cost=0.00..796071.18 rows=8569589 width=4) (actual time=2203.200..13026.148 rows=3648267 loops=1)
        Filter: ((person_id < 1300084) AND (role_id > 1))
        Rows Removed by Filter: 32596077
  ->  Hash  (cost=226853.84..226853.84 rows=1744277 width=8) (actual time=7097.609..7097.609 rows=3793251 loops=1)
        Buckets: 131072 (originally 131072)  Batches: 64 (originally 32)  Memory Usage: 3402kB
        ->  Hash Join  (cost=83600.04..226853.84 rows=1744277 width=8) (actual time=1497.818..5861.551 rows=3793251 loops=1)
              Hash Cond: (mk.movie_id = t.id)
              ->  Seq Scan on movie_keyword mk  (cost=0.00..69693.30 rows=4523930 width=4) (actual time=0.018..1410.847 rows=4523930 loops=1)
              ->  Hash  (cost=67604.59..67604.59 rows=974916 width=4) (actual time=1496.654..1496.654 rows=972448 loops=1)
                    Buckets: 131072  Batches: 16  Memory Usage: 3169kB
                    ->  Seq Scan on title t  (cost=0.00..67604.59 rows=974916 width=4) (actual time=0.029..1177.102 rows=972448 loops=1)
                          Filter: (kind_id < 6)
                          Rows Removed by Filter: 1555864
Planning time: 1.219 ms
Execution time: 28807.373 ms
