Hash Join  (cost=52284.99..79199.29 rows=19 width=0) (actual time=955.582..1284.137 rows=9 loops=1)
  Hash Cond: (mi_idx.movie_id = t.id)
  ->  Seq Scan on movie_info_idx mi_idx  (cost=0.00..25185.44 rows=460978 width=4) (actual time=0.016..420.401 rows=459925 loops=1)
        Filter: (info_type_id < 100)
        Rows Removed by Filter: 920110
  ->  Hash  (cost=52283.69..52283.69 rows=104 width=8) (actual time=800.536..800.536 rows=10 loops=1)
        Buckets: 1024  Batches: 1  Memory Usage: 9kB
        ->  Nested Loop  (cost=0.43..52283.69 rows=104 width=8) (actual time=237.029..800.517 rows=10 loops=1)
              ->  Seq Scan on movie_companies mc  (cost=0.00..51404.11 rows=104 width=4) (actual time=236.945..797.518 rows=10 loops=1)
                    Filter: (company_id = 19153)
                    Rows Removed by Filter: 2609119
              ->  Index Only Scan using title_pkey on title t  (cost=0.43..8.45 rows=1 width=4) (actual time=0.293..0.294 rows=1 loops=10)
                    Index Cond: (id = mc.movie_id)
                    Heap Fetches: 10
Planning time: 1.151 ms
Execution time: 1284.287 ms
