Seq Scan on movie_companies mc  (cost=0.00..51404.11 rows=1403523 width=0) (actual time=0.025..897.750 rows=1392452 loops=1)
  Filter: (company_id < 12093)
  Rows Removed by Filter: 1216677
Planning time: 0.309 ms
Execution time: 1072.335 ms
