Hash Join  (cost=726927.14..2839899.95 rows=83012553 width=0) (actual time=18815.694..72309.310 rows=78797330 loops=1)
  Hash Cond: (ci.movie_id = t.id)
  ->  Seq Scan on cast_info ci  (cost=0.00..614943.12 rows=36225612 width=4) (actual time=0.022..13371.026 rows=36244344 loops=1)
  ->  Hash  (cost=631865.27..631865.27 rows=5794229 width=8) (actual time=18814.896..18814.896 rows=3880858 loops=1)
        Buckets: 131072  Batches: 128  Memory Usage: 2171kB
        ->  Hash Join  (cost=90234.05..631865.27 rows=5794229 width=8) (actual time=1605.776..17749.522 rows=3880858 loops=1)
              Hash Cond: (mi.movie_id = t.id)
              ->  Seq Scan on movie_info mi  (cost=0.00..309384.22 rows=14739122 width=4) (actual time=0.025..6020.426 rows=14835720 loops=1)
              ->  Hash  (cost=73925.90..73925.90 rows=994012 width=4) (actual time=1598.470..1598.470 rows=923721 loops=1)
                    Buckets: 131072  Batches: 16  Memory Usage: 3063kB
                    ->  Seq Scan on title t  (cost=0.00..73925.90 rows=994012 width=4) (actual time=0.020..1293.213 rows=923721 loops=1)
                          Filter: ((kind_id > 1) AND (production_year < 2005))
                          Rows Removed by Filter: 1604591
Planning time: 1.225 ms
Execution time: 81114.995 ms
