Hash Join  (cost=189632.99..339010.27 rows=1664496 width=0) (actual time=4840.928..16076.896 rows=30207717 loops=1)
  Hash Cond: (mk.movie_id = t.id)
  ->  Seq Scan on movie_keyword mk  (cost=0.00..81003.12 rows=4129385 width=4) (actual time=0.021..1794.019 rows=4133677 loops=1)
        Filter: (keyword_id < 44111)
        Rows Removed by Filter: 390253
  ->  Hash  (cost=172910.83..172910.83 rows=1019213 width=8) (actual time=4839.708..4839.708 rows=1891821 loops=1)
        Buckets: 131072 (originally 131072)  Batches: 32 (originally 16)  Memory Usage: 3402kB
        ->  Hash Join  (cost=83810.17..172910.83 rows=1019213 width=8) (actual time=1276.548..4261.161 rows=1891821 loops=1)
              Hash Cond: (mc.movie_id = t.id)
              ->  Seq Scan on movie_companies mc  (cost=0.00..44881.29 rows=2609129 width=4) (actual time=0.012..900.110 rows=2609129 loops=1)
              ->  Hash  (cost=67604.59..67604.59 rows=987727 width=4) (actual time=1275.597..1275.597 rows=985048 loops=1)
                    Buckets: 131072  Batches: 16  Memory Usage: 3188kB
                    ->  Seq Scan on title t  (cost=0.00..67604.59 rows=987727 width=4) (actual time=0.022..974.570 rows=985048 loops=1)
                          Filter: (kind_id < 7)
                          Rows Removed by Filter: 1543264
Planning time: 1.142 ms
Execution time: 19599.945 ms
