Seq Scan on movie_keyword mk  (cost=0.00..81003.12 rows=1999584 width=0) (actual time=0.015..1469.542 rows=2010943 loops=1)
  Filter: (keyword_id > 6217)
  Rows Removed by Filter: 2512987
Planning time: 0.357 ms
Execution time: 1724.608 ms
