Seq Scan on cast_info ci  (cost=0.00..796071.18 rows=3960405 width=0) (actual time=3797.044..12073.656 rows=7961747 loops=1)
  Filter: ((person_id > 2508084) AND (role_id > 3))
  Rows Removed by Filter: 28282597
Planning time: 0.321 ms
Execution time: 12984.445 ms
