Hash Join  (cost=52284.99..79196.04 rows=57 width=0) (actual time=764.687..1270.770 rows=216 loops=1)
  Hash Cond: (mi_idx.movie_id = t.id)
  ->  Seq Scan on movie_info_idx mi_idx  (cost=0.00..21735.35 rows=1380035 width=4) (actual time=0.017..260.879 rows=1380035 loops=1)
  ->  Hash  (cost=52283.69..52283.69 rows=104 width=8) (actual time=755.449..755.449 rows=77 loops=1)
        Buckets: 1024  Batches: 1  Memory Usage: 12kB
        ->  Nested Loop  (cost=0.43..52283.69 rows=104 width=8) (actual time=3.631..755.376 rows=77 loops=1)
              ->  Seq Scan on movie_companies mc  (cost=0.00..51404.11 rows=104 width=4) (actual time=3.566..752.814 rows=77 loops=1)
                    Filter: (company_id = 6294)
                    Rows Removed by Filter: 2609052
              ->  Index Only Scan using title_pkey on title t  (cost=0.43..8.45 rows=1 width=4) (actual time=0.030..0.030 rows=1 loops=77)
                    Index Cond: (id = mc.movie_id)
                    Heap Fetches: 77
Planning time: 1.223 ms
Execution time: 1270.926 ms
