Hash Join  (cost=111273.25..1159120.30 rows=1367095 width=0) (actual time=2210.583..29782.656 rows=2674319 loops=1)
  Hash Cond: (ci.movie_id = t.id)
  ->  Seq Scan on cast_info ci  (cost=0.00..614943.12 rows=36225612 width=4) (actual time=0.022..13159.414 rows=36244344 loops=1)
  ->  Hash  (cost=109707.47..109707.47 rows=95422 width=8) (actual time=2209.871..2209.871 rows=109542 loops=1)
        Buckets: 131072  Batches: 2  Memory Usage: 3169kB
        ->  Hash Join  (cost=76192.15..109707.47 rows=95422 width=8) (actual time=1433.816..2170.230 rows=109542 loops=1)
              Hash Cond: (mi_idx.movie_id = t.id)
              ->  Seq Scan on movie_info_idx mi_idx  (cost=0.00..25185.44 rows=460978 width=4) (actual time=0.024..386.407 rows=459925 loops=1)
                    Filter: (info_type_id = 99)
                    Rows Removed by Filter: 920110
              ->  Hash  (cost=67604.59..67604.59 rows=523405 width=4) (actual time=1432.901..1432.901 rows=523734 loops=1)
                    Buckets: 131072  Batches: 8  Memory Usage: 3319kB
                    ->  Seq Scan on title t  (cost=0.00..67604.59 rows=523405 width=4) (actual time=0.028..1265.318 rows=523734 loops=1)
                          Filter: (production_year < 1981)
                          Rows Removed by Filter: 2004578
Planning time: 1.252 ms
Execution time: 30113.679 ms
