Hash Join  (cost=74426.67..164341.06 rows=36124 width=0) (actual time=2037.070..2806.333 rows=3940 loops=1)
  Hash Cond: (mk.movie_id = t.id)
  ->  Seq Scan on movie_keyword mk  (cost=0.00..81003.12 rows=2280007 width=4) (actual time=0.026..1289.251 rows=2278893 loops=1)
        Filter: (keyword_id < 4831)
        Rows Removed by Filter: 2245037
  ->  Hash  (cost=73925.90..73925.90 rows=40061 width=4) (actual time=1131.333..1131.333 rows=40120 loops=1)
        Buckets: 65536  Batches: 1  Memory Usage: 1923kB
        ->  Seq Scan on title t  (cost=0.00..73925.90 rows=40061 width=4) (actual time=0.026..1115.185 rows=40120 loops=1)
              Filter: ((kind_id = 7) AND (production_year = 2013))
              Rows Removed by Filter: 2488192
Planning time: 0.705 ms
Execution time: 2807.055 ms
