Seq Scan on movie_companies mc  (cost=0.00..57926.93 rows=53 width=0) (actual time=181.020..904.438 rows=7 loops=1)
  Filter: ((company_id = 152190) AND (company_type_id = 2))
  Rows Removed by Filter: 2609122
Planning time: 0.450 ms
Execution time: 904.536 ms
