Nested Loop  (cost=0.43..83072.90 rows=21 width=0) (actual time=75.402..1274.885 rows=16 loops=1)
  ->  Seq Scan on movie_keyword mk  (cost=0.00..81003.12 rows=246 width=4) (actual time=74.120..1273.428 rows=32 loops=1)
        Filter: (keyword_id = 22300)
        Rows Removed by Filter: 4523898
  ->  Index Scan using title_pkey on title t  (cost=0.43..8.40 rows=1 width=4) (actual time=0.039..0.040 rows=0 loops=32)
        Index Cond: (id = mk.movie_id)
        Filter: ((kind_id < 4) AND (production_year < 1988))
        Rows Removed by Filter: 0
Planning time: 0.785 ms
Execution time: 1275.003 ms
