Hash Join  (cost=83810.17..1251160.56 rows=11565439 width=0) (actual time=1670.817..37516.371 rows=12069632 loops=1)
  Hash Cond: (ci.movie_id = t.id)
  ->  Seq Scan on cast_info ci  (cost=0.00..705507.15 rows=29606891 width=4) (actual time=0.022..16698.266 rows=29691061 loops=1)
        Filter: (person_id > 632226)
        Rows Removed by Filter: 6553283
  ->  Hash  (cost=67604.59..67604.59 rows=987727 width=4) (actual time=1669.721..1669.721 rows=985048 loops=1)
        Buckets: 131072  Batches: 16  Memory Usage: 3188kB
        ->  Seq Scan on title t  (cost=0.00..67604.59 rows=987727 width=4) (actual time=0.021..1105.344 rows=985048 loops=1)
              Filter: (kind_id < 7)
              Rows Removed by Filter: 1543264
Planning time: 0.751 ms
Execution time: 38844.439 ms
