Hash Join  (cost=798855.22..825767.51 rows=181 width=0) (actual time=13008.496..13504.455 rows=12 loops=1)
  Hash Cond: (mi_idx.movie_id = t.id)
  ->  Seq Scan on movie_info_idx mi_idx  (cost=0.00..21735.35 rows=1380035 width=4) (actual time=0.015..290.415 rows=1380035 loops=1)
  ->  Hash  (cost=798851.07..798851.07 rows=332 width=8) (actual time=12965.273..12965.273 rows=6 loops=1)
        Buckets: 1024  Batches: 1  Memory Usage: 9kB
        ->  Nested Loop  (cost=0.43..798851.07 rows=332 width=8) (actual time=1844.630..12965.256 rows=6 loops=1)
              ->  Seq Scan on cast_info ci  (cost=0.00..796071.18 rows=332 width=4) (actual time=1844.512..12964.953 rows=6 loops=1)
                    Filter: ((role_id < 4) AND (person_id = 1504217))
                    Rows Removed by Filter: 36244338
              ->  Index Only Scan using title_pkey on title t  (cost=0.43..8.36 rows=1 width=4) (actual time=0.042..0.043 rows=1 loops=6)
                    Index Cond: (id = ci.movie_id)
                    Heap Fetches: 6
Planning time: 1.120 ms
Execution time: 13504.599 ms
