Hash Join  (cost=920095.35..1417385.32 rows=1638505 width=0) (actual time=17135.914..31448.632 rows=3439550 loops=1)
  Hash Cond: (mi.movie_id = t.id)
  ->  Seq Scan on movie_info mi  (cost=0.00..309384.22 rows=14739122 width=4) (actual time=0.016..6208.045 rows=14835720 loops=1)
  ->  Hash  (cost=915482.73..915482.73 rows=281089 width=8) (actual time=17135.079..17135.079 rows=287284 loops=1)
        Buckets: 131072  Batches: 4  Memory Usage: 3835kB
        ->  Hash Join  (cost=102767.86..915482.73 rows=281089 width=8) (actual time=3707.315..17045.157 rows=287284 loops=1)
              Hash Cond: (ci.movie_id = t.id)
              ->  Seq Scan on cast_info ci  (cost=0.00..796071.18 rows=281089 width=4) (actual time=1709.502..14391.487 rows=287284 loops=1)
                    Filter: ((person_id > 685294) AND (role_id > 10))
                    Rows Removed by Filter: 35957060
              ->  Hash  (cost=61283.27..61283.27 rows=2528527 width=4) (actual time=1996.809..1996.809 rows=2528312 loops=1)
                    Buckets: 131072  Batches: 64  Memory Usage: 2415kB
                    ->  Seq Scan on title t  (cost=0.00..61283.27 rows=2528527 width=4) (actual time=0.026..949.960 rows=2528312 loops=1)
Planning time: 1.269 ms
Execution time: 31853.841 ms
