Hash Join  (cost=73982.55..421992.87 rows=846 width=0) (actual time=1792.981..6971.293 rows=280 loops=1)
  Hash Cond: (mi.movie_id = t.id)
  ->  Seq Scan on movie_info mi  (cost=0.00..346232.03 rows=471955 width=4) (actual time=312.270..5604.904 rows=543367 loops=1)
        Filter: (info_type_id > 98)
        Rows Removed by Filter: 14292353
  ->  Hash  (cost=73925.90..73925.90 rows=4532 width=4) (actual time=1275.123..1275.123 rows=6682 loops=1)
        Buckets: 8192  Batches: 1  Memory Usage: 299kB
        ->  Seq Scan on title t  (cost=0.00..73925.90 rows=4532 width=4) (actual time=37.659..1271.662 rows=6682 loops=1)
              Filter: ((kind_id = 7) AND (production_year = 1959))
              Rows Removed by Filter: 2521630
Planning time: 0.719 ms
Execution time: 6971.433 ms
