Hash Join  (cost=161637.73..251948.32 rows=806917 width=0) (actual time=3733.375..6413.066 rows=2050108 loops=1)
  Hash Cond: (mc.movie_id = t.id)
  ->  Seq Scan on movie_companies mc  (cost=0.00..51404.11 rows=2376883 width=4) (actual time=0.028..1100.113 rows=2375296 loops=1)
        Filter: (company_id < 104481)
        Rows Removed by Filter: 233833
  ->  Hash  (cost=147553.76..147553.76 rows=858398 width=8) (actual time=3732.325..3732.325 rows=785768 loops=1)
        Buckets: 131072  Batches: 16  Memory Usage: 2942kB
        ->  Hash Join  (cost=93408.25..147553.76 rows=858398 width=8) (actual time=1742.322..3516.316 rows=785768 loops=1)
              Hash Cond: (mi_idx.movie_id = t.id)
              ->  Seq Scan on movie_info_idx mi_idx  (cost=0.00..21735.35 rows=1380035 width=4) (actual time=0.009..462.675 rows=1380035 loops=1)
              ->  Hash  (cost=67604.59..67604.59 rows=1572773 width=4) (actual time=1740.767..1740.767 rows=1570568 loops=1)
                    Buckets: 131072  Batches: 32  Memory Usage: 2751kB
                    ->  Seq Scan on title t  (cost=0.00..67604.59 rows=1572773 width=4) (actual time=0.019..1276.750 rows=1570568 loops=1)
                          Filter: (production_year > 1996)
                          Rows Removed by Filter: 957744
Planning time: 1.096 ms
Execution time: 6614.884 ms
