Seq Scan on title t  (cost=0.00..73925.90 rows=1126922 width=0) (actual time=0.018..891.518 rows=1238638 loops=1)
  Filter: ((kind_id > 2) AND (production_year > 1995))
  Rows Removed by Filter: 1289674
Planning time: 0.330 ms
Execution time: 1009.717 ms
