Hash Join  (cost=217629.24..1446282.18 rows=18967777 width=0) (actual time=4874.593..46696.693 rows=37270403 loops=1)
  Hash Cond: (ci.movie_id = t.id)
  ->  Seq Scan on cast_info ci  (cost=0.00..614943.12 rows=36225612 width=4) (actual time=0.019..13609.818 rows=36244344 loops=1)
  ->  Hash  (cost=195907.99..195907.99 rows=1323940 width=8) (actual time=4873.676..4873.676 rows=1331864 loops=1)
        Buckets: 131072  Batches: 32  Memory Usage: 2642kB
        ->  Hash Join  (cost=102767.86..195907.99 rows=1323940 width=8) (actual time=1941.784..4489.002 rows=1331864 loops=1)
              Hash Cond: (mc.movie_id = t.id)
              ->  Seq Scan on movie_companies mc  (cost=0.00..51404.11 rows=1323940 width=4) (actual time=0.044..1043.677 rows=1331864 loops=1)
                    Filter: (company_id > 11205)
                    Rows Removed by Filter: 1277265
              ->  Hash  (cost=61283.27..61283.27 rows=2528527 width=4) (actual time=1940.447..1940.447 rows=2528312 loops=1)
                    Buckets: 131072  Batches: 64  Memory Usage: 2415kB
                    ->  Seq Scan on title t  (cost=0.00..61283.27 rows=2528527 width=4) (actual time=0.025..1111.578 rows=2528312 loops=1)
Planning time: 1.206 ms
Execution time: 50892.607 ms
