Hash Join  (cost=679493.85..2590037.17 rows=63306916 width=0) (actual time=20946.286..137927.058 rows=330324280 loops=1)
  Hash Cond: (ci.movie_id = t.id)
  ->  Seq Scan on cast_info ci  (cost=0.00..614943.12 rows=36225612 width=4) (actual time=0.023..14034.291 rows=36244344 loops=1)
  ->  Hash  (cost=606998.02..606998.02 rows=4418786 width=8) (actual time=20943.273..20943.273 rows=9070626 loops=1)
        Buckets: 131072 (originally 131072)  Batches: 128 (originally 64)  Memory Usage: 3789kB
        ->  Hash Join  (cost=80042.24..606998.02 rows=4418786 width=8) (actual time=1413.157..17718.885 rows=9070626 loops=1)
              Hash Cond: (mi.movie_id = t.id)
              ->  Seq Scan on movie_info mi  (cost=0.00..309384.22 rows=14739122 width=4) (actual time=0.018..6003.222 rows=14835720 loops=1)
              ->  Hash  (cost=67604.59..67604.59 rows=758052 width=4) (actual time=1412.258..1412.258 rows=753677 loops=1)
                    Buckets: 131072  Batches: 16  Memory Usage: 2686kB
                    ->  Seq Scan on title t  (cost=0.00..67604.59 rows=758052 width=4) (actual time=0.024..1169.737 rows=753677 loops=1)
                          Filter: (kind_id < 3)
                          Rows Removed by Filter: 1774635
Planning time: 1.226 ms
Execution time: 174660.083 ms
