Hash Join  (cost=94858.47..244672.08 rows=2282758 width=0) (actual time=4518.655..6320.687 rows=566236 loops=1)
  Hash Cond: (mk.movie_id = t.id)
  ->  Seq Scan on movie_keyword mk  (cost=0.00..69693.30 rows=4523930 width=4) (actual time=0.035..1381.802 rows=4523930 loops=1)
  ->  Hash  (cost=73925.90..73925.90 rows=1275885 width=4) (actual time=2653.223..2653.223 rows=1357653 loops=1)
        Buckets: 131072  Batches: 32  Memory Usage: 2525kB
        ->  Seq Scan on title t  (cost=0.00..73925.90 rows=1275885 width=4) (actual time=8.392..1515.126 rows=1357653 loops=1)
              Filter: ((production_year > 1969) AND (kind_id = 7))
              Rows Removed by Filter: 1170659
Planning time: 0.772 ms
Execution time: 6383.256 ms
