Nested Loop  (cost=0.43..83071.67 rows=246 width=0) (actual time=4.473..988.155 rows=407 loops=1)
  ->  Seq Scan on movie_keyword mk  (cost=0.00..81003.12 rows=246 width=4) (actual time=4.416..978.807 rows=407 loops=1)
        Filter: (keyword_id = 3994)
        Rows Removed by Filter: 4523523
  ->  Index Only Scan using title_pkey on title t  (cost=0.43..8.40 rows=1 width=4) (actual time=0.021..0.021 rows=1 loops=407)
        Index Cond: (id = mk.movie_id)
        Heap Fetches: 407
Planning time: 0.734 ms
Execution time: 988.399 ms
