Seq Scan on movie_keyword mk  (cost=0.00..81003.12 rows=35588 width=0) (actual time=0.027..1214.264 rows=34710 loops=1)
  Filter: (keyword_id = 2488)
  Rows Removed by Filter: 4489220
Planning time: 0.345 ms
Execution time: 1220.119 ms
