Seq Scan on movie_keyword mk  (cost=0.00..81003.12 rows=3752615 width=0) (actual time=0.015..1684.413 rows=3748850 loops=1)
  Filter: (keyword_id > 732)
  Rows Removed by Filter: 775080
Planning time: 0.288 ms
Execution time: 2160.733 ms
