Seq Scan on cast_info ci  (cost=0.00..796071.18 rows=255481 width=0) (actual time=5810.935..13950.067 rows=277334 loops=1)
  Filter: ((person_id > 944047) AND (role_id > 10))
  Rows Removed by Filter: 35967010
Planning time: 0.217 ms
Execution time: 13985.355 ms
