Hash Join  (cost=101277.43..909432.76 rows=12254 width=0) (actual time=7271.762..15364.223 rows=2685 loops=1)
  Hash Cond: (ci.movie_id = t.id)
  ->  Seq Scan on cast_info ci  (cost=0.00..796071.18 rows=3189763 width=4) (actual time=5491.107..13397.147 rows=1032531 loops=1)
        Filter: ((person_id < 2547943) AND (role_id > 9))
        Rows Removed by Filter: 35211813
  ->  Hash  (cost=101156.00..101156.00 rows=9714 width=8) (actual time=1780.276..1780.276 rows=3447 loops=1)
        Buckets: 16384  Batches: 1  Memory Usage: 263kB
        ->  Hash Join  (cost=74148.38..101156.00 rows=9714 width=8) (actual time=1124.905..1779.013 rows=3447 loops=1)
              Hash Cond: (mi_idx.movie_id = t.id)
              ->  Seq Scan on movie_info_idx mi_idx  (cost=0.00..21735.35 rows=1380035 width=4) (actual time=0.012..350.208 rows=1380035 loops=1)
              ->  Hash  (cost=73925.90..73925.90 rows=17798 width=4) (actual time=1124.369..1124.369 rows=13346 loops=1)
                    Buckets: 32768  Batches: 1  Memory Usage: 726kB
                    ->  Seq Scan on title t  (cost=0.00..73925.90 rows=17798 width=4) (actual time=0.026..1119.010 rows=13346 loops=1)
                          Filter: ((production_year > 2010) AND (kind_id = 4))
                          Rows Removed by Filter: 2514966
Planning time: 1.105 ms
Execution time: 15364.947 ms
