Hash Join  (cost=604117.98..1904050.01 rows=13542413 width=0) (actual time=14546.622..43016.592 rows=7452896 loops=1)
  Hash Cond: (ci.movie_id = t.id)
  ->  Seq Scan on cast_info ci  (cost=0.00..796071.18 rows=20314373 width=4) (actual time=0.017..17442.223 rows=19461629 loops=1)
        Filter: ((person_id > 1020661) AND (role_id < 8))
        Rows Removed by Filter: 16782715
  ->  Hash  (cost=576462.70..576462.70 rows=1685622 width=8) (actual time=14545.192..14545.192 rows=716853 loops=1)
        Buckets: 131072  Batches: 32  Memory Usage: 1903kB
        ->  Hash Join  (cost=78670.55..576462.70 rows=1685622 width=8) (actual time=1377.304..14292.210 rows=716853 loops=1)
              Hash Cond: (mi.movie_id = t.id)
              ->  Seq Scan on movie_info mi  (cost=0.00..309384.22 rows=14739122 width=4) (actual time=0.022..6116.167 rows=14835720 loops=1)
              ->  Hash  (cost=73925.90..73925.90 rows=289172 width=4) (actual time=1376.362..1376.362 rows=292674 loops=1)
                    Buckets: 131072  Batches: 4  Memory Usage: 3623kB
                    ->  Seq Scan on title t  (cost=0.00..73925.90 rows=289172 width=4) (actual time=0.024..1270.082 rows=292674 loops=1)
                          Filter: ((kind_id > 1) AND (production_year > 2010))
                          Rows Removed by Filter: 2235638
Planning time: 1.150 ms
Execution time: 43852.039 ms
