Hash Join  (cost=199160.24..340634.31 rows=1598203 width=0) (actual time=4474.604..9793.771 rows=8367923 loops=1)
  Hash Cond: (mk.movie_id = t.id)
  ->  Seq Scan on movie_keyword mk  (cost=0.00..69693.30 rows=4523930 width=4) (actual time=0.021..1435.302 rows=4523930 loops=1)
  ->  Hash  (cost=184504.34..184504.34 rows=893272 width=8) (actual time=4473.285..4473.285 rows=820697 loops=1)
        Buckets: 131072  Batches: 16  Memory Usage: 3053kB
        ->  Hash Join  (cost=102205.59..184504.34 rows=893272 width=8) (actual time=2055.138..4214.982 rows=820697 loops=1)
              Hash Cond: (mc.movie_id = t.id)
              ->  Seq Scan on movie_companies mc  (cost=0.00..51404.11 rows=1070984 width=4) (actual time=0.025..971.562 rows=1082778 loops=1)
                    Filter: (company_id > 14328)
                    Rows Removed by Filter: 1526351
              ->  Hash  (cost=67604.59..67604.59 rows=2108960 width=4) (actual time=2053.952..2053.952 rows=2104137 loops=1)
                    Buckets: 131072  Batches: 32  Memory Usage: 3341kB
                    ->  Seq Scan on title t  (cost=0.00..67604.59 rows=2108960 width=4) (actual time=0.020..1378.488 rows=2104137 loops=1)
                          Filter: (production_year > 1968)
                          Rows Removed by Filter: 424175
Planning time: 1.054 ms
Execution time: 10731.045 ms
