Seq Scan on title t  (cost=0.00..67604.59 rows=2431347 width=0) (actual time=0.017..1411.437 rows=2427113 loops=1)
  Filter: (production_year > 1910)
  Rows Removed by Filter: 101199
Planning time: 0.248 ms
Execution time: 1730.587 ms
