Hash Join  (cost=77682.18..204674.63 rows=409541 width=0) (actual time=1250.235..4256.349 rows=70813 loops=1)
  Hash Cond: (mk.movie_id = t.id)
  ->  Seq Scan on movie_keyword mk  (cost=0.00..69693.30 rows=4523930 width=4) (actual time=0.025..1395.289 rows=4523930 loops=1)
  ->  Hash  (cost=73925.90..73925.90 rows=228902 width=4) (actual time=1249.471..1249.471 rows=99782 loops=1)
        Buckets: 131072  Batches: 4  Memory Usage: 1905kB
        ->  Seq Scan on title t  (cost=0.00..73925.90 rows=228902 width=4) (actual time=0.023..1199.089 rows=99782 loops=1)
              Filter: ((kind_id > 1) AND (production_year < 1966))
              Rows Removed by Filter: 2428530
Planning time: 0.544 ms
Execution time: 4265.657 ms
