Hash Join  (cost=83074.74..137742.81 rows=254 width=0) (actual time=1262.816..2409.033 rows=7458 loops=1)
  Hash Cond: (mc.movie_id = t.id)
  ->  Seq Scan on movie_companies mc  (cost=0.00..44881.29 rows=2609129 width=4) (actual time=0.019..667.251 rows=2609129 loops=1)
  ->  Hash  (cost=83071.67..83071.67 rows=246 width=8) (actual time=1253.324..1253.324 rows=814 loops=1)
        Buckets: 1024  Batches: 1  Memory Usage: 40kB
        ->  Nested Loop  (cost=0.43..83071.67 rows=246 width=8) (actual time=1.159..1252.684 rows=814 loops=1)
              ->  Seq Scan on movie_keyword mk  (cost=0.00..81003.12 rows=246 width=4) (actual time=1.115..1219.307 rows=814 loops=1)
                    Filter: (keyword_id = 6826)
                    Rows Removed by Filter: 4523116
              ->  Index Only Scan using title_pkey on title t  (cost=0.43..8.40 rows=1 width=4) (actual time=0.039..0.039 rows=1 loops=814)
                    Index Cond: (id = mk.movie_id)
                    Heap Fetches: 814
Planning time: 1.180 ms
Execution time: 2410.338 ms
