Seq Scan on movie_keyword mk  (cost=0.00..81003.12 rows=2946593 width=0) (actual time=0.020..1468.801 rows=2930965 loops=1)
  Filter: (keyword_id < 9693)
  Rows Removed by Filter: 1592965
Planning time: 0.208 ms
Execution time: 1844.268 ms
