Seq Scan on movie_keyword mk  (cost=0.00..81003.12 rows=246 width=0) (actual time=149.945..1331.440 rows=20 loops=1)
  Filter: (keyword_id = 30788)
  Rows Removed by Filter: 4523910
Planning time: 0.433 ms
Execution time: 1331.540 ms
