Hash Join  (cost=202059.63..300497.96 rows=334711 width=0) (actual time=4260.004..6763.000 rows=2140949 loops=1)
  Hash Cond: (mk.movie_id = t.id)
  ->  Seq Scan on movie_keyword mk  (cost=0.00..81003.12 rows=901091 width=4) (actual time=0.015..1403.973 rows=906014 loops=1)
        Filter: (keyword_id < 865)
        Rows Removed by Filter: 3617916
  ->  Hash  (cost=186650.34..186650.34 rows=939223 width=8) (actual time=4258.701..4258.701 rows=938596 loops=1)
        Buckets: 131072  Batches: 16  Memory Usage: 3333kB
        ->  Hash Join  (cost=102767.86..186650.34 rows=939223 width=8) (actual time=1876.201..3984.463 rows=938596 loops=1)
              Hash Cond: (mc.movie_id = t.id)
              ->  Seq Scan on movie_companies mc  (cost=0.00..51404.11 rows=939223 width=4) (actual time=0.043..928.058 rows=938596 loops=1)
                    Filter: (company_id < 3464)
                    Rows Removed by Filter: 1670533
              ->  Hash  (cost=61283.27..61283.27 rows=2528527 width=4) (actual time=1874.707..1874.707 rows=2528312 loops=1)
                    Buckets: 131072  Batches: 64  Memory Usage: 2415kB
                    ->  Seq Scan on title t  (cost=0.00..61283.27 rows=2528527 width=4) (actual time=0.023..1042.731 rows=2528312 loops=1)
Planning time: 2.407 ms
Execution time: 7017.558 ms
