Hash Join  (cost=114817.98..873279.99 rows=767289 width=0) (actual time=2218.924..29500.418 rows=4115316 loops=1)
  Hash Cond: (ci.movie_id = t.id)
  ->  Seq Scan on cast_info ci  (cost=0.00..614943.12 rows=36225612 width=4) (actual time=0.011..9974.240 rows=36244344 loops=1)
  ->  Hash  (cost=114148.53..114148.53 rows=53556 width=8) (actual time=2218.465..2218.465 rows=160758 loops=1)
        Buckets: 131072 (originally 65536)  Batches: 4 (originally 1)  Memory Usage: 3073kB
        ->  Hash Join  (cost=75536.49..114148.53 rows=53556 width=8) (actual time=1078.775..2155.014 rows=160758 loops=1)
              Hash Cond: (mi_idx.movie_id = t.id)
              ->  Seq Scan on movie_info_idx mi_idx  (cost=0.00..21735.35 rows=1380035 width=4) (actual time=0.022..421.190 rows=1380035 loops=1)
              ->  Hash  (cost=73925.90..73925.90 rows=98127 width=4) (actual time=1077.924..1077.924 rows=226456 loops=1)
                    Buckets: 131072 (originally 131072)  Batches: 4 (originally 2)  Memory Usage: 3073kB
                    ->  Seq Scan on title t  (cost=0.00..73925.90 rows=98127 width=4) (actual time=277.226..998.191 rows=226456 loops=1)
                          Filter: ((production_year < 1970) AND (kind_id = 1))
                          Rows Removed by Filter: 2301856
Planning time: 1.099 ms
Execution time: 29967.573 ms
