Seq Scan on cast_info ci  (cost=0.00..796071.18 rows=2066917 width=0) (actual time=10465.279..13281.564 rows=1396941 loops=1)
  Filter: ((person_id < 1854236) AND (role_id = 3))
  Rows Removed by Filter: 34847403
Planning time: 0.341 ms
Execution time: 13432.352 ms
