Hash Join  (cost=78641.77..159335.38 rows=252123 width=0) (actual time=1455.279..3783.867 rows=760454 loops=1)
  Hash Cond: (mc.movie_id = t.id)
  ->  Seq Scan on movie_companies mc  (cost=0.00..51404.11 rows=2217938 width=4) (actual time=0.026..996.308 rows=2218130 loops=1)
        Filter: (company_id > 234)
        Rows Removed by Filter: 390999
  ->  Hash  (cost=73925.90..73925.90 rows=287429 width=4) (actual time=1454.398..1454.398 rows=401493 loops=1)
        Buckets: 131072 (originally 131072)  Batches: 8 (originally 4)  Memory Usage: 3073kB
        ->  Seq Scan on title t  (cost=0.00..73925.90 rows=287429 width=4) (actual time=0.026..1320.646 rows=401493 loops=1)
              Filter: ((kind_id < 7) AND (production_year < 1992))
              Rows Removed by Filter: 2126819
Planning time: 0.730 ms
Execution time: 3877.211 ms
