Hash Join  (cost=58375.66..85286.23 rows=9 width=0) (actual time=803.630..1107.884 rows=201 loops=1)
  Hash Cond: (mi_idx.movie_id = t.id)
  ->  Seq Scan on movie_info_idx mi_idx  (cost=0.00..21735.35 rows=1380035 width=4) (actual time=0.029..153.430 rows=1380035 loops=1)
  ->  Hash  (cost=58375.45..58375.45 rows=17 width=8) (actual time=781.261..781.261 rows=76 loops=1)
        Buckets: 1024  Batches: 1  Memory Usage: 11kB
        ->  Nested Loop  (cost=0.43..58375.45 rows=17 width=8) (actual time=8.610..781.182 rows=76 loops=1)
              ->  Seq Scan on movie_companies mc  (cost=0.00..57926.93 rows=53 width=4) (actual time=6.426..776.546 rows=264 loops=1)
                    Filter: ((company_id = 6799) AND (company_type_id = 2))
                    Rows Removed by Filter: 2608865
              ->  Index Scan using title_pkey on title t  (cost=0.43..8.45 rows=1 width=4) (actual time=0.016..0.017 rows=0 loops=264)
                    Index Cond: (id = mc.movie_id)
                    Filter: ((kind_id < 4) AND (production_year > 1912))
                    Rows Removed by Filter: 1
Planning time: 1.166 ms
Execution time: 1108.051 ms
