Hash Join  (cost=74016.92..102660.33 rows=2635 width=0) (actual time=584.508..1240.317 rows=1314 loops=1)
  Hash Cond: (mi_idx.movie_id = t.id)
  ->  Seq Scan on movie_info_idx mi_idx  (cost=0.00..25185.44 rows=915101 width=4) (actual time=0.012..487.539 rows=919850 loops=1)
        Filter: (info_type_id < 101)
        Rows Removed by Filter: 460185
  ->  Hash  (cost=73925.90..73925.90 rows=7281 width=4) (actual time=584.204..584.204 rows=7012 loops=1)
        Buckets: 8192  Batches: 1  Memory Usage: 311kB
        ->  Seq Scan on title t  (cost=0.00..73925.90 rows=7281 width=4) (actual time=152.212..581.903 rows=7012 loops=1)
              Filter: ((kind_id = 4) AND (production_year = 2011))
              Rows Removed by Filter: 2521300
Planning time: 0.755 ms
Execution time: 1240.629 ms
