Seq Scan on movie_companies mc  (cost=0.00..51404.11 rows=1066394 width=0) (actual time=0.021..1021.286 rows=1078104 loops=1)
  Filter: (company_id > 14405)
  Rows Removed by Filter: 1531025
Planning time: 12.811 ms
Execution time: 1160.549 ms
