Seq Scan on title t  (cost=0.00..73925.90 rows=10747 width=0) (actual time=76.621..1164.166 rows=6468 loops=1)
  Filter: ((kind_id = 1) AND (production_year = 1997))
  Rows Removed by Filter: 2521844
Planning time: 0.317 ms
Execution time: 1165.505 ms
