Seq Scan on cast_info ci  (cost=0.00..796071.18 rows=5206166 width=0) (actual time=2195.899..12030.392 rows=2196635 loops=1)
  Filter: ((person_id < 771049) AND (role_id > 1))
  Rows Removed by Filter: 34047709
Planning time: 0.313 ms
Execution time: 12313.981 ms
