Hash Join  (cost=440878.71..1247568.78 rows=18076 width=0) (actual time=8612.560..22610.286 rows=90678 loops=1)
  Hash Cond: (ci.movie_id = t.id)
  ->  Seq Scan on cast_info ci  (cost=0.00..796071.18 rows=568314 width=4) (actual time=0.026..13622.440 rows=865995 loops=1)
        Filter: ((person_id > 1808370) AND (role_id = 9))
        Rows Removed by Filter: 35378349
  ->  Hash  (cost=439558.47..439558.47 rows=80419 width=8) (actual time=8610.496..8610.496 rows=128275 loops=1)
        Buckets: 131072  Batches: 2  Memory Usage: 3523kB
        ->  Hash Join  (cost=74098.35..439558.47 rows=80419 width=8) (actual time=1044.538..8549.023 rows=128275 loops=1)
              Hash Cond: (mi.movie_id = t.id)
              ->  Seq Scan on movie_info mi  (cost=0.00..309384.22 rows=14739122 width=4) (actual time=0.023..4395.659 rows=14835720 loops=1)
              ->  Hash  (cost=73925.90..73925.90 rows=13796 width=4) (actual time=1043.922..1043.922 rows=8100 loops=1)
                    Buckets: 16384  Batches: 1  Memory Usage: 413kB
                    ->  Seq Scan on title t  (cost=0.00..73925.90 rows=13796 width=4) (actual time=0.082..1040.403 rows=8100 loops=1)
                          Filter: ((kind_id = 1) AND (production_year = 2000))
                          Rows Removed by Filter: 2520212
Planning time: 1.116 ms
Execution time: 22621.768 ms
