Hash Join  (cost=76379.89..148060.39 rows=281234 width=0) (actual time=1319.264..3051.935 rows=238681 loops=1)
  Hash Cond: (mc.movie_id = t.id)
  ->  Seq Scan on movie_companies mc  (cost=0.00..51404.11 rows=1329612 width=4) (actual time=0.012..1014.630 rows=1334883 loops=1)
        Filter: (company_type_id = 2)
        Rows Removed by Filter: 1274246
  ->  Hash  (cost=67604.59..67604.59 rows=534824 width=4) (actual time=1318.184..1318.184 rows=533369 loops=1)
        Buckets: 131072  Batches: 8  Memory Usage: 3369kB
        ->  Seq Scan on title t  (cost=0.00..67604.59 rows=534824 width=4) (actual time=0.013..1148.387 rows=533369 loops=1)
              Filter: (production_year > 2009)
              Rows Removed by Filter: 1994943
Planning time: 0.499 ms
Execution time: 3077.226 ms
