Seq Scan on cast_info ci  (cost=0.00..796071.18 rows=3643933 width=0) (actual time=0.021..15222.815 rows=3772425 loops=1)
  Filter: ((person_id > 300627) AND (role_id = 3))
  Rows Removed by Filter: 32471919
Planning time: 0.336 ms
Execution time: 15685.142 ms
