Hash Join  (cost=102767.86..913827.55 rows=212339 width=0) (actual time=3300.331..15063.488 rows=78143 loops=1)
  Hash Cond: (ci.movie_id = t.id)
  ->  Seq Scan on cast_info ci  (cost=0.00..796071.18 rows=212339 width=4) (actual time=1020.304..12289.505 rows=78143 loops=1)
        Filter: ((person_id < 2219509) AND (role_id > 10))
        Rows Removed by Filter: 36166201
  ->  Hash  (cost=61283.27..61283.27 rows=2528527 width=4) (actual time=2278.717..2278.717 rows=2528312 loops=1)
        Buckets: 131072  Batches: 64  Memory Usage: 2415kB
        ->  Seq Scan on title t  (cost=0.00..61283.27 rows=2528527 width=4) (actual time=0.010..1025.078 rows=2528312 loops=1)
Planning time: 0.734 ms
Execution time: 15073.589 ms
