Hash Join  (cost=288470.98..932220.16 rows=13637932 width=0) (actual time=7408.342..59285.855 rows=155651727 loops=1)
  Hash Cond: (mi.movie_id = t.id)
  ->  Seq Scan on movie_info mi  (cost=0.00..309384.22 rows=14739122 width=4) (actual time=0.022..6272.943 rows=14835720 loops=1)
  ->  Hash  (cost=250085.78..250085.78 rows=2339616 width=8) (actual time=7406.056..7406.056 rows=2976685 loops=1)
        Buckets: 131072 (originally 131072)  Batches: 64 (originally 32)  Memory Usage: 3073kB
        ->  Hash Join  (cost=89762.59..250085.78 rows=2339616 width=8) (actual time=1797.943..6539.100 rows=2976685 loops=1)
              Hash Cond: (mk.movie_id = t.id)
              ->  Seq Scan on movie_keyword mk  (cost=0.00..81003.12 rows=4380243 width=4) (actual time=0.024..1800.221 rows=4381879 loops=1)
                    Filter: (keyword_id < 74723)
                    Rows Removed by Filter: 142051
              ->  Hash  (cost=67604.59..67604.59 rows=1350560 width=4) (actual time=1796.686..1796.686 rows=1348293 loops=1)
                    Buckets: 131072  Batches: 32  Memory Usage: 2513kB
                    ->  Seq Scan on title t  (cost=0.00..67604.59 rows=1350560 width=4) (actual time=0.027..1350.097 rows=1348293 loops=1)
                          Filter: (production_year < 2005)
                          Rows Removed by Filter: 1180019
Planning time: 1.094 ms
Execution time: 76529.424 ms
