Seq Scan on movie_companies mc  (cost=0.00..57926.93 rows=522939 width=0) (actual time=97.703..936.883 rows=234740 loops=1)
  Filter: ((company_id > 14406) AND (company_type_id = 1))
  Rows Removed by Filter: 2374389
Planning time: 0.352 ms
Execution time: 967.529 ms
