Seq Scan on movie_keyword mk  (cost=0.00..81003.12 rows=4260368 width=0) (actual time=0.015..1562.975 rows=4241302 loops=1)
  Filter: (keyword_id > 233)
  Rows Removed by Filter: 282628
Planning time: 0.305 ms
Execution time: 2078.793 ms
