Seq Scan on movie_companies mc  (cost=0.00..57926.93 rows=574098 width=0) (actual time=0.018..941.544 rows=784728 loops=1)
  Filter: ((company_id < 9715) AND (company_type_id = 1))
  Rows Removed by Filter: 1824401
Planning time: 0.260 ms
Execution time: 1039.976 ms
