Hash Join  (cost=250460.26..1490866.70 rows=20111927 width=0) (actual time=5444.045..53406.276 rows=64984362 loops=1)
  Hash Cond: (ci.movie_id = t.id)
  ->  Seq Scan on cast_info ci  (cost=0.00..614943.12 rows=36225612 width=4) (actual time=0.014..13034.359 rows=36244344 loops=1)
  ->  Hash  (cost=227428.75..227428.75 rows=1403801 width=8) (actual time=5442.831..5442.831 rows=1421526 loops=1)
        Buckets: 131072  Batches: 32  Memory Usage: 2748kB
        ->  Hash Join  (cost=102767.86..227428.75 rows=1403801 width=8) (actual time=1961.332..5016.450 rows=1421526 loops=1)
              Hash Cond: (mk.movie_id = t.id)
              ->  Seq Scan on movie_keyword mk  (cost=0.00..81003.12 rows=1403801 width=4) (actual time=0.019..1515.557 rows=1421526 loops=1)
                    Filter: (keyword_id < 1955)
                    Rows Removed by Filter: 3102404
              ->  Hash  (cost=61283.27..61283.27 rows=2528527 width=4) (actual time=1959.208..1959.208 rows=2528312 loops=1)
                    Buckets: 131072  Batches: 64  Memory Usage: 2425kB
                    ->  Seq Scan on title t  (cost=0.00..61283.27 rows=2528527 width=4) (actual time=0.012..1071.088 rows=2528312 loops=1)
Planning time: 1.200 ms
Execution time: 60836.374 ms
