Hash Join  (cost=102767.86..839342.25 rows=880569 width=0) (actual time=4247.154..14142.575 rows=914646 loops=1)
  Hash Cond: (ci.movie_id = t.id)
  ->  Seq Scan on cast_info ci  (cost=0.00..705507.15 rows=880569 width=4) (actual time=2320.527..11172.196 rows=914646 loops=1)
        Filter: (person_id > 3886419)
        Rows Removed by Filter: 35329698
  ->  Hash  (cost=61283.27..61283.27 rows=2528527 width=4) (actual time=1924.761..1924.761 rows=2528312 loops=1)
        Buckets: 131072  Batches: 64  Memory Usage: 2415kB
        ->  Seq Scan on title t  (cost=0.00..61283.27 rows=2528527 width=4) (actual time=0.025..1086.782 rows=2528312 loops=1)
Planning time: 0.698 ms
Execution time: 14243.389 ms
