Hash Join  (cost=236714.55..790932.54 rows=6973809 width=0) (actual time=5771.378..37283.451 rows=82211940 loops=1)
  Hash Cond: (mi.movie_id = t.id)
  ->  Seq Scan on movie_info mi  (cost=0.00..309384.22 rows=14739122 width=4) (actual time=0.022..6137.439 rows=14835720 loops=1)
  ->  Hash  (cost=217085.91..217085.91 rows=1196371 width=8) (actual time=5769.686..5769.686 rows=1465114 loops=1)
        Buckets: 131072 (originally 131072)  Batches: 32 (originally 16)  Memory Usage: 3073kB
        ->  Hash Join  (cost=93117.31..217085.91 rows=1196371 width=8) (actual time=2179.124..5341.793 rows=1465114 loops=1)
              Hash Cond: (mk.movie_id = t.id)
              ->  Seq Scan on movie_keyword mk  (cost=0.00..81003.12 rows=1945352 width=4) (actual time=0.027..1603.577 rows=1953876 loops=1)
                    Filter: (keyword_id > 6576)
                    Rows Removed by Filter: 2570054
              ->  Hash  (cost=67604.59..67604.59 rows=1555018 width=4) (actual time=2177.919..2177.919 rows=1551727 loops=1)
                    Buckets: 131072  Batches: 32  Memory Usage: 2736kB
                    ->  Seq Scan on title t  (cost=0.00..67604.59 rows=1555018 width=4) (actual time=0.011..1331.223 rows=1551727 loops=1)
                          Filter: (production_year < 2007)
                          Rows Removed by Filter: 976585
Planning time: 1.088 ms
Execution time: 46288.962 ms
