Hash Join  (cost=74476.22..101626.98 rows=24028 width=0) (actual time=1341.741..1937.148 rows=8484 loops=1)
  Hash Cond: (mi_idx.movie_id = t.id)
  ->  Seq Scan on movie_info_idx mi_idx  (cost=0.00..21735.35 rows=1380035 width=4) (actual time=0.011..274.538 rows=1380035 loops=1)
  ->  Hash  (cost=73925.90..73925.90 rows=44025 width=4) (actual time=1337.743..1337.743 rows=41557 loops=1)
        Buckets: 65536  Batches: 1  Memory Usage: 1973kB
        ->  Seq Scan on title t  (cost=0.00..73925.90 rows=44025 width=4) (actual time=0.027..1320.410 rows=41557 loops=1)
              Filter: ((kind_id > 3) AND (production_year > 2012))
              Rows Removed by Filter: 2486755
Planning time: 0.538 ms
Execution time: 1938.433 ms
