Seq Scan on movie_keyword mk  (cost=0.00..81003.12 rows=246 width=0) (actual time=2.499..1230.315 rows=1052 loops=1)
  Filter: (keyword_id = 858)
  Rows Removed by Filter: 4522878
Planning time: 0.363 ms
Execution time: 1230.791 ms
