Hash Join  (cost=501028.05..1356531.86 rows=1591881 width=0) (actual time=21117.378..27478.504 rows=4143775 loops=1)
  Hash Cond: (ci.movie_id = t.id)
  ->  Seq Scan on cast_info ci  (cost=0.00..796071.18 rows=3358350 width=4) (actual time=10744.320..14083.624 rows=1083532 loops=1)
        Filter: ((person_id < 2694239) AND (role_id > 9))
        Rows Removed by Filter: 35160812
  ->  Hash  (cost=481364.32..481364.32 rows=1198539 width=8) (actual time=10371.227..10371.227 rows=1394915 loops=1)
        Buckets: 131072 (originally 131072)  Batches: 32 (originally 16)  Memory Usage: 3073kB
        ->  Hash Join  (cost=83810.17..481364.32 rows=1198539 width=8) (actual time=6439.113..9996.570 rows=1394915 loops=1)
              Hash Cond: (mi.movie_id = t.id)
              ->  Seq Scan on movie_info mi  (cost=0.00..346232.03 rows=3068194 width=4) (actual time=4145.292..5717.023 rows=3036719 loops=1)
                    Filter: (info_type_id = 16)
                    Rows Removed by Filter: 11799001
              ->  Hash  (cost=67604.59..67604.59 rows=987727 width=4) (actual time=2292.568..2292.568 rows=985048 loops=1)
                    Buckets: 131072  Batches: 16  Memory Usage: 3197kB
                    ->  Seq Scan on title t  (cost=0.00..67604.59 rows=987727 width=4) (actual time=0.026..1244.345 rows=985048 loops=1)
                          Filter: (kind_id < 7)
                          Rows Removed by Filter: 1543264
Planning time: 1.136 ms
Execution time: 27919.625 ms
