Hash Join  (cost=365418.15..1416733.50 rows=17039653 width=0) (actual time=8733.401..40575.608 rows=58716391 loops=1)
  Hash Cond: (ci.movie_id = t.id)
  ->  Seq Scan on cast_info ci  (cost=0.00..705507.15 rows=9523848 width=4) (actual time=4.804..12072.804 rows=9350749 loops=1)
        Filter: (person_id < 920189)
        Rows Removed by Filter: 26893595
  ->  Hash  (cost=291197.02..291197.02 rows=4523930 width=8) (actual time=8544.105..8544.105 rows=4523930 loops=1)
        Buckets: 131072  Batches: 64  Memory Usage: 3816kB
        ->  Hash Join  (cost=102767.86..291197.02 rows=4523930 width=8) (actual time=1993.736..7252.077 rows=4523930 loops=1)
              Hash Cond: (mk.movie_id = t.id)
              ->  Seq Scan on movie_keyword mk  (cost=0.00..69693.30 rows=4523930 width=4) (actual time=0.020..1499.652 rows=4523930 loops=1)
              ->  Hash  (cost=61283.27..61283.27 rows=2528527 width=4) (actual time=1988.361..1988.361 rows=2528312 loops=1)
                    Buckets: 131072  Batches: 64  Memory Usage: 2425kB
                    ->  Seq Scan on title t  (cost=0.00..61283.27 rows=2528527 width=4) (actual time=0.014..1118.623 rows=2528312 loops=1)
Planning time: 1.119 ms
Execution time: 47283.671 ms
