Hash Join  (cost=158647.21..913547.16 rows=411074 width=0) (actual time=3123.333..24702.174 rows=1658812 loops=1)
  Hash Cond: (ci.movie_id = t.id)
  ->  Seq Scan on cast_info ci  (cost=0.00..614943.12 rows=36225612 width=4) (actual time=0.021..9080.191 rows=36244344 loops=1)
  ->  Hash  (cost=158288.55..158288.55 rows=28693 width=8) (actual time=3122.828..3122.828 rows=61714 loops=1)
        Buckets: 65536 (originally 32768)  Batches: 1 (originally 1)  Memory Usage: 2923kB
        ->  Hash Join  (cost=73205.47..158288.55 rows=28693 width=8) (actual time=1541.759..3099.682 rows=61714 loops=1)
              Hash Cond: (mk.movie_id = t.id)
              ->  Seq Scan on movie_keyword mk  (cost=0.00..81003.12 rows=212539 width=4) (actual time=0.036..1367.900 rows=226927 loops=1)
                    Filter: (keyword_id < 186)
                    Rows Removed by Filter: 4297003
              ->  Hash  (cost=67604.59..67604.59 rows=341351 width=4) (actual time=1540.279..1540.279 rows=337846 loops=1)
                    Buckets: 131072  Batches: 8  Memory Usage: 2507kB
                    ->  Seq Scan on title t  (cost=0.00..67604.59 rows=341351 width=4) (actual time=0.021..1149.942 rows=337846 loops=1)
                          Filter: (production_year < 1968)
                          Rows Removed by Filter: 2190466
Planning time: 1.096 ms
Execution time: 24917.663 ms
