Seq Scan on title t  (cost=0.00..73925.90 rows=507778 width=0) (actual time=0.024..1128.775 rows=524129 loops=1)
  Filter: ((production_year < 2010) AND (kind_id = 1))
  Rows Removed by Filter: 2004183
Planning time: 0.346 ms
Execution time: 1194.537 ms
