Hash Join  (cost=83072.55..109983.14 rows=12 width=0) (actual time=1296.441..1816.801 rows=303 loops=1)
  Hash Cond: (mi_idx.movie_id = t.id)
  ->  Seq Scan on movie_info_idx mi_idx  (cost=0.00..21735.35 rows=1380035 width=4) (actual time=0.023..303.168 rows=1380035 loops=1)
  ->  Hash  (cost=83072.29..83072.29 rows=21 width=8) (actual time=1265.190..1265.190 rows=118 loops=1)
        Buckets: 1024  Batches: 1  Memory Usage: 13kB
        ->  Nested Loop  (cost=0.43..83072.29 rows=21 width=8) (actual time=2.818..1265.022 rows=118 loops=1)
              ->  Seq Scan on movie_keyword mk  (cost=0.00..81003.12 rows=246 width=4) (actual time=2.784..1252.693 rows=298 loops=1)
                    Filter: (keyword_id = 10936)
                    Rows Removed by Filter: 4523632
              ->  Index Scan using title_pkey on title t  (cost=0.43..8.40 rows=1 width=4) (actual time=0.039..0.039 rows=0 loops=298)
                    Index Cond: (id = mk.movie_id)
                    Filter: (production_year < 1958)
                    Rows Removed by Filter: 1
Planning time: 1.144 ms
Execution time: 1817.018 ms
