Hash Join  (cost=210501.20..736758.49 rows=4353336 width=0) (actual time=5740.166..42149.137 rows=102166843 loops=1)
  Hash Cond: (mi.movie_id = t.id)
  ->  Seq Scan on movie_info mi  (cost=0.00..309384.22 rows=14739122 width=4) (actual time=0.019..5714.727 rows=14835720 loops=1)
  ->  Hash  (cost=198247.90..198247.90 rows=746824 width=8) (actual time=5737.897..5737.897 rows=1627418 loops=1)
        Buckets: 131072 (originally 131072)  Batches: 32 (originally 16)  Memory Usage: 3082kB
        ->  Hash Join  (cost=83810.17..198247.90 rows=746824 width=8) (actual time=1410.805..4454.530 rows=1627418 loops=1)
              Hash Cond: (mk.movie_id = t.id)
              ->  Seq Scan on movie_keyword mk  (cost=0.00..81003.12 rows=1911828 width=4) (actual time=0.019..1531.592 rows=1921033 loops=1)
                    Filter: (keyword_id > 7014)
                    Rows Removed by Filter: 2602897
              ->  Hash  (cost=67604.59..67604.59 rows=987727 width=4) (actual time=1409.359..1409.359 rows=985048 loops=1)
                    Buckets: 131072  Batches: 16  Memory Usage: 3197kB
                    ->  Seq Scan on title t  (cost=0.00..67604.59 rows=987727 width=4) (actual time=0.015..1080.019 rows=985048 loops=1)
                          Filter: (kind_id < 7)
                          Rows Removed by Filter: 1543264
Planning time: 1.296 ms
Execution time: 53514.419 ms
