Hash Join  (cost=165780.19..260086.79 rows=63225 width=0) (actual time=3130.582..5130.484 rows=116561 loops=1)
  Hash Cond: (mk.movie_id = t.id)
  ->  Seq Scan on movie_keyword mk  (cost=0.00..81003.12 rows=3378994 width=4) (actual time=0.023..1451.710 rows=3366182 loops=1)
        Filter: (keyword_id < 16136)
        Rows Removed by Filter: 1157748
  ->  Hash  (cost=165188.79..165188.79 rows=47312 width=8) (actual time=3129.377..3129.377 rows=47252 loops=1)
        Buckets: 65536  Batches: 1  Memory Usage: 2358kB
        ->  Hash Join  (cost=102767.86..165188.79 rows=47312 width=8) (actual time=1919.350..3112.432 rows=47252 loops=1)
              Hash Cond: (mc.movie_id = t.id)
              ->  Seq Scan on movie_companies mc  (cost=0.00..51404.11 rows=47312 width=4) (actual time=0.788..766.032 rows=47252 loops=1)
                    Filter: (company_id = 19)
                    Rows Removed by Filter: 2561877
              ->  Hash  (cost=61283.27..61283.27 rows=2528527 width=4) (actual time=1915.781..1915.781 rows=2528312 loops=1)
                    Buckets: 131072  Batches: 64  Memory Usage: 2415kB
                    ->  Seq Scan on title t  (cost=0.00..61283.27 rows=2528527 width=4) (actual time=0.016..1079.435 rows=2528312 loops=1)
Planning time: 1.081 ms
Execution time: 5145.065 ms
