Nested Loop  (cost=32749.09..740344.76 rows=1 width=0) (actual time=7704.596..11629.410 rows=1 loops=1)
  Join Filter: (ci.movie_id = t.id)
  ->  Hash Join  (cost=32748.66..740150.58 rows=227 width=8) (actual time=7704.465..11629.198 rows=2 loops=1)
        Hash Cond: (ci.movie_id = mi_idx.movie_id)
        ->  Seq Scan on cast_info ci  (cost=0.00..705507.15 rows=500 width=4) (actual time=6989.900..10880.893 rows=11 loops=1)
              Filter: (person_id = 2844435)
              Rows Removed by Filter: 36244333
        ->  Hash  (cost=25185.44..25185.44 rows=460978 width=4) (actual time=713.801..713.801 rows=459925 loops=1)
              Buckets: 131072  Batches: 8  Memory Usage: 3050kB
              ->  Seq Scan on movie_info_idx mi_idx  (cost=0.00..25185.44 rows=460978 width=4) (actual time=0.032..573.123 rows=459925 loops=1)
                    Filter: (info_type_id = 99)
                    Rows Removed by Filter: 920110
  ->  Index Scan using title_pkey on title t  (cost=0.43..0.84 rows=1 width=4) (actual time=0.060..0.061 rows=0 loops=2)
        Index Cond: (id = mi_idx.movie_id)
        Filter: ((kind_id = 1) AND (production_year = 2007))
        Rows Removed by Filter: 0
Planning time: 1.157 ms
Execution time: 11629.529 ms
