Hash Join  (cost=135808.81..993206.89 rows=440221 width=0) (actual time=3338.271..21425.576 rows=706352 loops=1)
  Hash Cond: (ci.movie_id = t.id)
  ->  Seq Scan on cast_info ci  (cost=0.00..705507.15 rows=12726058 width=4) (actual time=885.816..14375.487 rows=12670688 loops=1)
        Filter: (role_id = 1)
        Rows Removed by Filter: 23573656
  ->  Hash  (cost=134373.47..134373.47 rows=87467 width=8) (actual time=2451.686..2451.686 rows=88122 loops=1)
        Buckets: 131072  Batches: 2  Memory Usage: 2753kB
        ->  Hash Join  (cost=74050.79..134373.47 rows=87467 width=8) (actual time=1503.138..2422.746 rows=88122 loops=1)
              Hash Cond: (mc.movie_id = t.id)
              ->  Seq Scan on movie_companies mc  (cost=0.00..51404.11 rows=562907 width=4) (actual time=263.290..862.108 rows=567419 loops=1)
                    Filter: (company_id > 71443)
                    Rows Removed by Filter: 2041710
              ->  Hash  (cost=67604.59..67604.59 rows=392896 width=4) (actual time=1238.609..1238.609 rows=391666 loops=1)
                    Buckets: 131072  Batches: 8  Memory Usage: 2753kB
                    ->  Seq Scan on title t  (cost=0.00..67604.59 rows=392896 width=4) (actual time=0.024..1106.869 rows=391666 loops=1)
                          Filter: (production_year > 2010)
                          Rows Removed by Filter: 2136646
Planning time: 1.171 ms
Execution time: 21509.637 ms
