Hash Join  (cost=92883.59..1118052.19 rows=10108982 width=0) (actual time=1738.069..27387.186 rows=9420569 loops=1)
  Hash Cond: (ci.movie_id = t.id)
  ->  Seq Scan on cast_info ci  (cost=0.00..705507.15 rows=16589326 width=4) (actual time=0.016..14279.141 rows=16444134 loops=1)
        Filter: (person_id < 1628163)
        Rows Removed by Filter: 19800210
  ->  Hash  (cost=67604.59..67604.59 rows=1540800 width=4) (actual time=1736.641..1736.641 rows=1543264 loops=1)
        Buckets: 131072  Batches: 32  Memory Usage: 2722kB
        ->  Seq Scan on title t  (cost=0.00..67604.59 rows=1540800 width=4) (actual time=167.914..1235.004 rows=1543264 loops=1)
              Filter: (kind_id = 7)
              Rows Removed by Filter: 985048
Planning time: 0.511 ms
Execution time: 28446.558 ms
