Seq Scan on movie_keyword mk  (cost=0.00..81003.12 rows=2684072 width=0) (actual time=0.026..1548.240 rows=2679767 loops=1)
  Filter: (keyword_id < 7525)
  Rows Removed by Filter: 1844163
Planning time: 0.324 ms
Execution time: 1879.223 ms
