Hash Join  (cost=904835.17..1536148.87 rows=12472487 width=0) (actual time=18778.091..38557.532 rows=22432089 loops=1)
  Hash Cond: (mi.movie_id = t.id)
  ->  Seq Scan on movie_info mi  (cost=0.00..309384.22 rows=14739122 width=4) (actual time=0.015..6118.832 rows=14835720 loops=1)
  ->  Hash  (cost=869730.16..869730.16 rows=2139681 width=8) (actual time=18776.894..18776.894 rows=2044016 loops=1)
        Buckets: 131072  Batches: 32  Memory Usage: 3536kB
        ->  Hash Join  (cost=88295.76..869730.16 rows=2139681 width=8) (actual time=1793.965..17990.277 rows=2044016 loops=1)
              Hash Cond: (ci.movie_id = t.id)
              ->  Seq Scan on cast_info ci  (cost=0.00..705507.15 rows=4289982 width=4) (actual time=0.496..12081.428 rows=4158194 loops=1)
                    Filter: (person_id < 399707)
                    Rows Removed by Filter: 32086150
              ->  Hash  (cost=67604.59..67604.59 rows=1261134 width=4) (actual time=1787.183..1787.183 rows=1260295 loops=1)
                    Buckets: 131072  Batches: 32  Memory Usage: 2413kB
                    ->  Seq Scan on title t  (cost=0.00..67604.59 rows=1261134 width=4) (actual time=0.021..1363.835 rows=1260295 loops=1)
                          Filter: (production_year > 2002)
                          Rows Removed by Filter: 1268017
Planning time: 1.082 ms
Execution time: 41087.870 ms
