Nested Loop  (cost=0.43..136194.03 rows=14002 width=0) (actual time=3.499..1053.719 rows=12894 loops=1)
  ->  Seq Scan on movie_companies mc  (cost=0.00..51404.11 rows=14002 width=4) (actual time=3.410..757.591 rows=12894 loops=1)
        Filter: (company_id = 34)
        Rows Removed by Filter: 2596235
  ->  Index Only Scan using title_pkey on title t  (cost=0.43..6.05 rows=1 width=4) (actual time=0.022..0.022 rows=1 loops=12894)
        Index Cond: (id = mc.movie_id)
        Heap Fetches: 12894
Planning time: 0.797 ms
Execution time: 1056.992 ms
