Seq Scan on title t  (cost=0.00..73925.90 rows=108594 width=0) (actual time=43.597..1013.074 rows=117920 loops=1)
  Filter: ((production_year > 1915) AND (kind_id = 4))
  Rows Removed by Filter: 2410392
Planning time: 0.364 ms
Execution time: 1028.079 ms
