Seq Scan on movie_companies mc  (cost=0.00..51404.11 rows=2028129 width=0) (actual time=0.023..987.088 rows=2021969 loops=1)
  Filter: (company_id < 70905)
  Rows Removed by Filter: 587160
Planning time: 0.328 ms
Execution time: 1239.121 ms
