Hash Join  (cost=709678.15..736591.36 rows=273 width=0) (actual time=10928.291..11471.003 rows=21 loops=1)
  Hash Cond: (mi_idx.movie_id = t.id)
  ->  Seq Scan on movie_info_idx mi_idx  (cost=0.00..21735.35 rows=1380035 width=4) (actual time=0.016..383.749 rows=1380035 loops=1)
  ->  Hash  (cost=709671.90..709671.90 rows=500 width=8) (actual time=10848.819..10848.819 rows=65 loops=1)
        Buckets: 1024  Batches: 1  Memory Usage: 11kB
        ->  Nested Loop  (cost=0.43..709671.90 rows=500 width=8) (actual time=752.614..10848.762 rows=65 loops=1)
              ->  Seq Scan on cast_info ci  (cost=0.00..705507.15 rows=500 width=4) (actual time=752.527..10843.573 rows=65 loops=1)
                    Filter: (person_id = 1298156)
                    Rows Removed by Filter: 36244279
              ->  Index Only Scan using title_pkey on title t  (cost=0.43..8.32 rows=1 width=4) (actual time=0.078..0.078 rows=1 loops=65)
                    Index Cond: (id = ci.movie_id)
                    Heap Fetches: 65
Planning time: 1.139 ms
Execution time: 11471.132 ms
