Hash Join  (cost=914298.49..1395651.07 rows=606169 width=0) (actual time=15378.039..26166.017 rows=1073476 loops=1)
  Hash Cond: (mi.movie_id = t.id)
  ->  Seq Scan on movie_info mi  (cost=0.00..346232.03 rows=11115165 width=4) (actual time=0.020..6922.170 rows=11210743 loops=1)
        Filter: (info_type_id > 3)
        Rows Removed by Filter: 3624977
  ->  Hash  (cost=912035.81..912035.81 rows=137894 width=8) (actual time=15377.258..15377.258 rows=54249 loops=1)
        Buckets: 131072  Batches: 2  Memory Usage: 2091kB
        ->  Hash Join  (cost=102767.86..912035.81 rows=137894 width=8) (actual time=2074.354..15358.008 rows=54249 loops=1)
              Hash Cond: (ci.movie_id = t.id)
              ->  Seq Scan on cast_info ci  (cost=0.00..796071.18 rows=137894 width=4) (actual time=141.578..12955.320 rows=54249 loops=1)
                    Filter: ((person_id < 1399015) AND (role_id > 10))
                    Rows Removed by Filter: 36190095
              ->  Hash  (cost=61283.27..61283.27 rows=2528527 width=4) (actual time=1931.058..1931.058 rows=2528312 loops=1)
                    Buckets: 131072  Batches: 64  Memory Usage: 2415kB
                    ->  Seq Scan on title t  (cost=0.00..61283.27 rows=2528527 width=4) (actual time=0.013..1101.956 rows=2528312 loops=1)
Planning time: 1.197 ms
Execution time: 26294.456 ms
