Hash Join  (cost=83074.74..833899.15 rows=3524 width=0) (actual time=1224.597..16822.187 rows=65350 loops=1)
  Hash Cond: (ci.movie_id = t.id)
  ->  Seq Scan on cast_info ci  (cost=0.00..614943.12 rows=36225612 width=4) (actual time=0.022..8529.342 rows=36244344 loops=1)
  ->  Hash  (cost=83071.67..83071.67 rows=246 width=8) (actual time=1224.137..1224.137 rows=970 loops=1)
        Buckets: 1024  Batches: 1  Memory Usage: 46kB
        ->  Nested Loop  (cost=0.43..83071.67 rows=246 width=8) (actual time=1.584..1223.435 rows=970 loops=1)
              ->  Seq Scan on movie_keyword mk  (cost=0.00..81003.12 rows=246 width=4) (actual time=1.519..1190.337 rows=970 loops=1)
                    Filter: (keyword_id = 3624)
                    Rows Removed by Filter: 4522960
              ->  Index Only Scan using title_pkey on title t  (cost=0.43..8.40 rows=1 width=4) (actual time=0.032..0.033 rows=1 loops=970)
                    Index Cond: (id = mk.movie_id)
                    Heap Fetches: 970
Planning time: 2.144 ms
Execution time: 16836.923 ms
