Hash Join  (cost=496363.43..1425327.24 rows=1496316 width=0) (actual time=11155.343..31021.168 rows=1640215 loops=1)
  Hash Cond: (ci.movie_id = t.id)
  ->  Seq Scan on cast_info ci  (cost=0.00..705507.15 rows=16201301 width=4) (actual time=1257.876..14369.093 rows=16121683 loops=1)
        Filter: (role_id > 2)
        Rows Removed by Filter: 20122661
  ->  Hash  (cost=492531.32..492531.32 rows=233529 width=8) (actual time=9896.478..9896.478 rows=141012 loops=1)
        Buckets: 131072  Batches: 4  Memory Usage: 2411kB
        ->  Hash Join  (cost=75574.02..492531.32 rows=233529 width=8) (actual time=2822.157..9843.755 rows=141012 loops=1)
              Hash Cond: (mi.movie_id = t.id)
              ->  Seq Scan on movie_info mi  (cost=0.00..346232.03 rows=5880796 width=4) (actual time=1632.480..6437.837 rows=5869026 loops=1)
                    Filter: (info_type_id > 13)
                    Rows Removed by Filter: 8966694
              ->  Hash  (cost=73925.90..73925.90 rows=100409 width=4) (actual time=1188.814..1188.814 rows=110402 loops=1)
                    Buckets: 131072  Batches: 2  Memory Usage: 2970kB
                    ->  Seq Scan on title t  (cost=0.00..73925.90 rows=100409 width=4) (actual time=0.033..1146.228 rows=110402 loops=1)
                          Filter: ((kind_id = 7) AND (production_year = 2012))
                          Rows Removed by Filter: 2417910
Planning time: 1.245 ms
Execution time: 31196.179 ms
