Hash Join  (cost=871474.53..1521619.92 rows=2150624 width=0) (actual time=22150.300..37153.711 rows=5160161 loops=1)
  Hash Cond: (mi.movie_id = t.id)
  ->  Seq Scan on movie_info mi  (cost=0.00..309384.22 rows=14739122 width=4) (actual time=0.019..5748.483 rows=14835720 loops=1)
  ->  Hash  (cost=865420.73..865420.73 rows=368944 width=8) (actual time=22148.803..22148.803 rows=321561 loops=1)
        Buckets: 131072  Batches: 8  Memory Usage: 2587kB
        ->  Hash Join  (cost=68100.81..865420.73 rows=368944 width=8) (actual time=1039.482..21747.723 rows=321561 loops=1)
              Hash Cond: (ci.movie_id = t.id)
              ->  Seq Scan on cast_info ci  (cost=0.00..705507.15 rows=23499554 width=4) (actual time=0.011..14724.212 rows=23573656 loops=1)
                    Filter: (role_id > 1)
                    Rows Removed by Filter: 12670688
              ->  Hash  (cost=67604.59..67604.59 rows=39698 width=4) (actual time=1039.107..1039.107 rows=36437 loops=1)
                    Buckets: 65536  Batches: 1  Memory Usage: 1793kB
                    ->  Seq Scan on title t  (cost=0.00..67604.59 rows=39698 width=4) (actual time=0.037..1022.808 rows=36437 loops=1)
                          Filter: (production_year = 1995)
                          Rows Removed by Filter: 2491875
Planning time: 1.016 ms
Execution time: 37771.450 ms
