Hash Join  (cost=709676.96..1060650.98 rows=152 width=0) (actual time=14976.109..16387.418 rows=150 loops=1)
  Hash Cond: (mi.movie_id = t.id)
  ->  Seq Scan on movie_info mi  (cost=0.00..346232.03 rows=1264125 width=4) (actual time=4113.348..5316.375 rows=1288928 loops=1)
        Filter: (info_type_id = 2)
        Rows Removed by Filter: 13546792
  ->  Hash  (cost=709673.15..709673.15 rows=305 width=8) (actual time=10859.580..10859.580 rows=1598 loops=1)
        Buckets: 2048 (originally 1024)  Batches: 1 (originally 1)  Memory Usage: 79kB
        ->  Nested Loop  (cost=0.43..709673.15 rows=305 width=8) (actual time=2241.883..10858.794 rows=1598 loops=1)
              ->  Seq Scan on cast_info ci  (cost=0.00..705507.15 rows=500 width=4) (actual time=2240.833..10816.807 rows=1659 loops=1)
                    Filter: (person_id = 2371775)
                    Rows Removed by Filter: 36242685
              ->  Index Scan using title_pkey on title t  (cost=0.43..8.32 rows=1 width=4) (actual time=0.024..0.025 rows=1 loops=1659)
                    Index Cond: (id = ci.movie_id)
                    Filter: (kind_id = 7)
                    Rows Removed by Filter: 0
Planning time: 1.259 ms
Execution time: 16387.575 ms
