Seq Scan on movie_keyword mk  (cost=0.00..81003.12 rows=2230307 width=0) (actual time=0.020..1466.417 rows=2223995 loops=1)
  Filter: (keyword_id < 4557)
  Rows Removed by Filter: 2299935
Planning time: 0.326 ms
Execution time: 1737.861 ms
