Hash Join  (cost=73990.33..130794.68 rows=2919 width=0) (actual time=1060.523..2194.407 rows=3193 loops=1)
  Hash Cond: (mc.movie_id = t.id)
  ->  Seq Scan on movie_companies mc  (cost=0.00..51404.11 rows=1432278 width=4) (actual time=0.028..901.922 rows=1437399 loops=1)
        Filter: (company_id > 9875)
        Rows Removed by Filter: 1171730
  ->  Hash  (cost=73925.90..73925.90 rows=5154 width=4) (actual time=1060.227..1060.227 rows=3618 loops=1)
        Buckets: 8192  Batches: 1  Memory Usage: 192kB
        ->  Seq Scan on title t  (cost=0.00..73925.90 rows=5154 width=4) (actual time=491.506..1058.235 rows=3618 loops=1)
              Filter: ((kind_id = 3) AND (production_year = 2009))
              Rows Removed by Filter: 2524694
Planning time: 0.708 ms
Execution time: 2195.154 ms
