Seq Scan on movie_keyword mk  (cost=0.00..81003.12 rows=1572915 width=0) (actual time=0.023..1282.666 rows=1589417 loops=1)
  Filter: (keyword_id > 9751)
  Rows Removed by Filter: 2934513
Planning time: 0.294 ms
Execution time: 1481.632 ms
