Hash Join  (cost=117947.23..962172.32 rows=157149 width=0) (actual time=2415.989..20467.715 rows=1463003 loops=1)
  Hash Cond: (ci.movie_id = t.id)
  ->  Seq Scan on cast_info ci  (cost=0.00..796071.18 rows=3995046 width=4) (actual time=0.016..14770.271 rows=7449193 loops=1)
        Filter: ((person_id > 1609651) AND (role_id = 2))
        Rows Removed by Filter: 28795151
  ->  Hash  (cost=116314.96..116314.96 rows=99462 width=8) (actual time=2415.157..2415.157 rows=277129 loops=1)
        Buckets: 131072 (originally 131072)  Batches: 4 (originally 2)  Memory Usage: 3738kB
        ->  Hash Join  (cost=76915.85..116314.96 rows=99462 width=8) (actual time=1509.534..2338.701 rows=277129 loops=1)
              Hash Cond: (mi_idx.movie_id = t.id)
              ->  Seq Scan on movie_info_idx mi_idx  (cost=0.00..21735.35 rows=1380035 width=4) (actual time=0.018..413.781 rows=1380035 loops=1)
              ->  Hash  (cost=73925.90..73925.90 rows=182236 width=4) (actual time=1300.762..1300.762 rows=315565 loops=1)
                    Buckets: 131072  Batches: 4  Memory Usage: 3798kB
                    ->  Seq Scan on title t  (cost=0.00..73925.90 rows=182236 width=4) (actual time=489.248..1192.813 rows=315565 loops=1)
                          Filter: ((production_year < 1990) AND (kind_id = 1))
                          Rows Removed by Filter: 2212747
Planning time: 1.218 ms
Execution time: 20624.266 ms
