Seq Scan on movie_companies mc  (cost=0.00..57926.93 rows=649260 width=0) (actual time=0.026..936.381 rows=413861 loops=1)
  Filter: ((company_id > 11205) AND (company_type_id < 2))
  Rows Removed by Filter: 2195268
Planning time: 0.342 ms
Execution time: 988.677 ms
