Hash Join  (cost=107819.01..220997.85 rows=2529290 width=0) (actual time=2230.302..5659.061 rows=2573878 loops=1)
  Hash Cond: (mc.movie_id = t.id)
  ->  Seq Scan on movie_companies mc  (cost=0.00..44881.29 rows=2609129 width=4) (actual time=0.028..964.060 rows=2609129 loops=1)
  ->  Hash  (cost=67604.59..67604.59 rows=2451154 width=4) (actual time=2228.336..2228.336 rows=2450346 loops=1)
        Buckets: 131072  Batches: 64  Memory Usage: 2372kB
        ->  Seq Scan on title t  (cost=0.00..67604.59 rows=2451154 width=4) (actual time=0.021..1459.009 rows=2450346 loops=1)
              Filter: (production_year > 1899)
              Rows Removed by Filter: 77966
Planning time: 0.758 ms
Execution time: 5952.667 ms
