Seq Scan on cast_info ci  (cost=0.00..796071.18 rows=16499822 width=0) (actual time=1349.724..15490.655 rows=20589896 loops=1)
  Filter: ((person_id > 1044577) AND (role_id > 1))
  Rows Removed by Filter: 15654448
Planning time: 0.328 ms
Execution time: 17989.419 ms
