Seq Scan on movie_companies mc  (cost=0.00..57926.93 rows=51 width=0) (actual time=309.615..2323.207 rows=650 loops=1)
  Filter: ((company_type_id < 2) AND (company_id = 14056))
  Rows Removed by Filter: 2608479
Planning time: 0.330 ms
Execution time: 2323.497 ms
