Hash Join  (cost=215614.78..259542.18 rows=363391 width=0) (actual time=11235.640..13311.818 rows=298050 loops=1)
  Hash Cond: (mi_idx.movie_id = t.id)
  ->  Seq Scan on movie_info_idx mi_idx  (cost=0.00..21735.35 rows=1380035 width=4) (actual time=0.020..1686.832 rows=1380035 loops=1)
  ->  Hash  (cost=204691.12..204691.12 rows=665813 width=8) (actual time=10700.225..10700.225 rows=177972 loops=1)
        Buckets: 131072  Batches: 16  Memory Usage: 1469kB
        ->  Hash Join  (cost=98044.23..204691.12 rows=665813 width=8) (actual time=6957.436..10639.026 rows=177972 loops=1)
              Hash Cond: (mk.movie_id = t.id)
              ->  Seq Scan on movie_keyword mk  (cost=0.00..81003.12 rows=1145235 width=4) (actual time=0.020..4030.347 rows=1157902 loops=1)
                    Filter: (keyword_id > 16131)
                    Rows Removed by Filter: 3366028
              ->  Hash  (cost=73925.90..73925.90 rows=1470026 width=4) (actual time=5598.280..5598.280 rows=1478439 loops=1)
                    Buckets: 131072  Batches: 32  Memory Usage: 2656kB
                    ->  Seq Scan on title t  (cost=0.00..73925.90 rows=1470026 width=4) (actual time=0.013..4602.604 rows=1478439 loops=1)
                          Filter: ((production_year > 1913) AND (kind_id = 7))
                          Rows Removed by Filter: 1049873
Planning time: 1.072 ms
Execution time: 13367.385 ms
