Hash Join  (cost=173348.51..249586.29 rows=86125 width=0) (actual time=3388.028..5927.178 rows=1885051 loops=1)
  Hash Cond: (mc.movie_id = t.id)
  ->  Seq Scan on movie_companies mc  (cost=0.00..44881.29 rows=2609129 width=4) (actual time=0.011..857.093 rows=2609129 loops=1)
  ->  Hash  (cost=171978.19..171978.19 rows=83465 width=8) (actual time=3387.245..3387.245 rows=208490 loops=1)
        Buckets: 131072 (originally 131072)  Batches: 4 (originally 2)  Memory Usage: 3073kB
        ->  Hash Join  (cost=83810.17..171978.19 rows=83465 width=8) (actual time=1387.998..3318.540 rows=208490 loops=1)
              Hash Cond: (mk.movie_id = t.id)
              ->  Seq Scan on movie_keyword mk  (cost=0.00..81003.12 rows=213665 width=4) (actual time=0.032..1290.743 rows=214868 loops=1)
                    Filter: (keyword_id > 65622)
                    Rows Removed by Filter: 4309062
              ->  Hash  (cost=67604.59..67604.59 rows=987727 width=4) (actual time=1386.832..1386.832 rows=985048 loops=1)
                    Buckets: 131072  Batches: 16  Memory Usage: 3197kB
                    ->  Seq Scan on title t  (cost=0.00..67604.59 rows=987727 width=4) (actual time=0.031..1074.323 rows=985048 loops=1)
                          Filter: (kind_id < 7)
                          Rows Removed by Filter: 1543264
Planning time: 1.266 ms
Execution time: 6169.007 ms
