Seq Scan on movie_keyword mk  (cost=0.00..81003.12 rows=3010332 width=0) (actual time=0.014..1470.621 rows=2991824 loops=1)
  Filter: (keyword_id < 10434)
  Rows Removed by Filter: 1532106
Planning time: 0.298 ms
Execution time: 1848.899 ms
