Seq Scan on movie_companies mc  (cost=0.00..51404.11 rows=1240973 width=0) (actual time=353.233..2837.476 rows=1255261 loops=1)
  Filter: (company_id > 11626)
  Rows Removed by Filter: 1353868
Planning time: 3.555 ms
Execution time: 3053.957 ms
