Hash Join  (cost=68365.25..940204.69 rows=456937 width=0) (actual time=1183.708..22523.830 rows=465808 loops=1)
  Hash Cond: (ci.movie_id = t.id)
  ->  Seq Scan on cast_info ci  (cost=0.00..796071.18 rows=18986372 width=4) (actual time=0.014..15646.586 rows=17858208 loops=1)
        Filter: ((person_id > 1413814) AND (role_id < 10))
        Rows Removed by Filter: 18386136
  ->  Hash  (cost=67604.59..67604.59 rows=60853 width=4) (actual time=1183.091..1183.091 rows=62568 loops=1)
        Buckets: 65536  Batches: 1  Memory Usage: 2712kB
        ->  Seq Scan on title t  (cost=0.00..67604.59 rows=60853 width=4) (actual time=1.016..1157.372 rows=62568 loops=1)
              Filter: (production_year = 2002)
              Rows Removed by Filter: 2465744
Planning time: 0.814 ms
Execution time: 22590.754 ms
