Hash Join  (cost=190230.21..1055551.49 rows=2047742 width=0) (actual time=4180.939..24166.070 rows=8672372 loops=1)
  Hash Cond: (ci.movie_id = t.id)
  ->  Seq Scan on cast_info ci  (cost=0.00..796071.18 rows=3751913 width=4) (actual time=0.020..13771.888 rows=7571814 loops=1)
        Filter: ((person_id < 1032201) AND (role_id = 1))
        Rows Removed by Filter: 28672530
  ->  Hash  (cost=167588.78..167588.78 rows=1380035 width=8) (actual time=4179.752..4179.752 rows=1380035 loops=1)
        Buckets: 131072  Batches: 32  Memory Usage: 2708kB
        ->  Hash Join  (cost=102767.86..167588.78 rows=1380035 width=8) (actual time=1891.941..3810.118 rows=1380035 loops=1)
              Hash Cond: (mi_idx.movie_id = t.id)
              ->  Seq Scan on movie_info_idx mi_idx  (cost=0.00..21735.35 rows=1380035 width=4) (actual time=0.028..485.179 rows=1380035 loops=1)
              ->  Hash  (cost=61283.27..61283.27 rows=2528527 width=4) (actual time=1890.995..1890.995 rows=2528312 loops=1)
                    Buckets: 131072  Batches: 64  Memory Usage: 2415kB
                    ->  Seq Scan on title t  (cost=0.00..61283.27 rows=2528527 width=4) (actual time=0.016..1067.797 rows=2528312 loops=1)
Planning time: 1.170 ms
Execution time: 25152.217 ms
