Nested Loop  (cost=0.43..798789.03 rows=157 width=0) (actual time=14791.273..37597.436 rows=24 loops=1)
  ->  Seq Scan on cast_info ci  (cost=0.00..796071.18 rows=324 width=4) (actual time=14791.123..37587.661 rows=45 loops=1)
        Filter: ((role_id > 1) AND (person_id = 37556))
        Rows Removed by Filter: 36244299
  ->  Index Scan using title_pkey on title t  (cost=0.43..8.38 rows=1 width=4) (actual time=0.213..0.213 rows=1 loops=45)
        Index Cond: (id = ci.movie_id)
        Filter: ((kind_id > 1) AND (production_year < 2008))
        Rows Removed by Filter: 0
Planning time: 2.113 ms
Execution time: 37597.583 ms
