Hash Join  (cost=123018.92..188460.57 rows=39771 width=0) (actual time=6217.377..9972.531 rows=334153 loops=1)
  Hash Cond: (mc.movie_id = t.id)
  ->  Seq Scan on movie_companies mc  (cost=0.00..57926.93 rows=554134 width=4) (actual time=0.013..2930.036 rows=762878 loops=1)
        Filter: ((company_id < 8092) AND (company_type_id < 2))
        Rows Removed by Filter: 1846251
  ->  Hash  (cost=120041.48..120041.48 rows=181475 width=8) (actual time=6216.357..6216.357 rows=318019 loops=1)
        Buckets: 131072 (originally 131072)  Batches: 8 (originally 4)  Memory Usage: 3073kB
        ->  Hash Join  (cost=83810.17..120041.48 rows=181475 width=8) (actual time=4013.225..6086.664 rows=318019 loops=1)
              Hash Cond: (mi_idx.movie_id = t.id)
              ->  Seq Scan on movie_info_idx mi_idx  (cost=0.00..25185.44 rows=464566 width=4) (actual time=0.019..1398.044 rows=459925 loops=1)
                    Filter: (info_type_id = 101)
                    Rows Removed by Filter: 920110
              ->  Hash  (cost=67604.59..67604.59 rows=987727 width=4) (actual time=3996.155..3996.155 rows=985048 loops=1)
                    Buckets: 131072  Batches: 16  Memory Usage: 3188kB
                    ->  Seq Scan on title t  (cost=0.00..67604.59 rows=987727 width=4) (actual time=0.031..3504.956 rows=985048 loops=1)
                          Filter: (kind_id < 7)
                          Rows Removed by Filter: 1543264
Planning time: 1.148 ms
Execution time: 10017.085 ms
