Seq Scan on movie_keyword mk  (cost=0.00..81003.12 rows=246 width=0) (actual time=0.831..3965.435 rows=836 loops=1)
  Filter: (keyword_id = 15222)
  Rows Removed by Filter: 4523094
Planning time: 0.376 ms
Execution time: 3965.912 ms
