Seq Scan on movie_keyword mk  (cost=0.00..81003.12 rows=4205670 width=0) (actual time=0.018..4488.471 rows=4185086 loops=1)
  Filter: (keyword_id > 275)
  Rows Removed by Filter: 338844
Planning time: 0.274 ms
Execution time: 5285.189 ms
