Nested Loop  (cost=0.43..52283.69 rows=104 width=0) (actual time=24.238..580.853 rows=54 loops=1)
  ->  Seq Scan on movie_companies mc  (cost=0.00..51404.11 rows=104 width=4) (actual time=24.138..579.557 rows=54 loops=1)
        Filter: (company_id = 70953)
        Rows Removed by Filter: 2609075
  ->  Index Only Scan using title_pkey on title t  (cost=0.43..8.45 rows=1 width=4) (actual time=0.022..0.022 rows=1 loops=54)
        Index Cond: (id = mc.movie_id)
        Heap Fetches: 54
Planning time: 0.819 ms
Execution time: 580.940 ms
