Hash Join  (cost=105357.69..216402.43 rows=2374481 width=0) (actual time=6063.103..13573.506 rows=2237755 loops=1)
  Hash Cond: (mc.movie_id = t.id)
  ->  Seq Scan on movie_companies mc  (cost=0.00..44881.29 rows=2609129 width=4) (actual time=0.030..4062.983 rows=2609129 loops=1)
  ->  Hash  (cost=67604.59..67604.59 rows=2301128 width=4) (actual time=6062.171..6062.171 rows=2292034 loops=1)
        Buckets: 131072  Batches: 32  Memory Usage: 3546kB
        ->  Seq Scan on title t  (cost=0.00..67604.59 rows=2301128 width=4) (actual time=0.014..5026.276 rows=2292034 loops=1)
              Filter: (production_year > 1949)
              Rows Removed by Filter: 236278
Planning time: 5.161 ms
Execution time: 13868.369 ms
