Seq Scan on movie_companies mc  (cost=0.00..57926.93 rows=53 width=0) (actual time=526.292..2782.164 rows=3 loops=1)
  Filter: ((company_type_id > 1) AND (company_id = 63664))
  Rows Removed by Filter: 2609126
Planning time: 0.327 ms
Execution time: 2782.246 ms
