Seq Scan on movie_keyword mk  (cost=0.00..81003.12 rows=5127 width=0) (actual time=1.105..3675.691 rows=4676 loops=1)
  Filter: (keyword_id = 2849)
  Rows Removed by Filter: 4519254
Planning time: 0.326 ms
Execution time: 3677.102 ms
