Hash Join  (cost=195713.60..250961.51 rows=58238 width=0) (actual time=9808.740..13447.717 rows=258846 loops=1)
  Hash Cond: (mc.movie_id = t.id)
  ->  Seq Scan on movie_companies mc  (cost=0.00..44881.29 rows=2609129 width=4) (actual time=0.028..2512.581 rows=2609129 loops=1)
  ->  Hash  (cost=195008.12..195008.12 rows=56439 width=8) (actual time=9808.359..9808.359 rows=57603 loops=1)
        Buckets: 65536  Batches: 1  Memory Usage: 2763kB
        ->  Hash Join  (cost=102767.86..195008.12 rows=56439 width=8) (actual time=5609.178..9785.741 rows=57603 loops=1)
              Hash Cond: (mk.movie_id = t.id)
              ->  Seq Scan on movie_keyword mk  (cost=0.00..81003.12 rows=56439 width=4) (actual time=0.072..3686.379 rows=57603 loops=1)
                    Filter: (keyword_id < 56)
                    Rows Removed by Filter: 4466327
              ->  Hash  (cost=61283.27..61283.27 rows=2528527 width=4) (actual time=5607.514..5607.514 rows=2528312 loops=1)
                    Buckets: 131072  Batches: 64  Memory Usage: 2425kB
                    ->  Seq Scan on title t  (cost=0.00..61283.27 rows=2528527 width=4) (actual time=0.017..4304.906 rows=2528312 loops=1)
Planning time: 14.748 ms
Execution time: 13503.214 ms
