Seq Scan on cast_info ci  (cost=0.00..705507.15 rows=19815482 width=0) (actual time=0.023..40745.169 rows=19973525 loops=1)
  Filter: (person_id > 1611006)
  Rows Removed by Filter: 16270819
Planning time: 0.282 ms
Execution time: 44609.913 ms
