Hash Join  (cost=168489.82..1181137.92 rows=2740093 width=0) (actual time=9321.805..66457.240 rows=2409907 loops=1)
  Hash Cond: (ci.movie_id = t.id)
  ->  Seq Scan on cast_info ci  (cost=0.00..796071.18 rows=16216796 width=4) (actual time=0.012..45267.574 rows=14669971 loops=1)
        Filter: ((person_id > 1659267) AND (role_id < 9))
        Rows Removed by Filter: 21574373
  ->  Hash  (cost=161480.37..161480.37 rows=427236 width=8) (actual time=9320.703..9320.703 rows=187391 loops=1)
        Buckets: 131072  Batches: 8  Memory Usage: 1941kB
        ->  Hash Join  (cost=87255.85..161480.37 rows=427236 width=8) (actual time=4795.412..9251.014 rows=187391 loops=1)
              Hash Cond: (mc.movie_id = t.id)
              ->  Seq Scan on movie_companies mc  (cost=0.00..51404.11 rows=1329612 width=4) (actual time=0.018..3275.433 rows=1334883 loops=1)
                    Filter: (company_type_id = 2)
                    Rows Removed by Filter: 1274246
              ->  Hash  (cost=73925.90..73925.90 rows=812476 width=4) (actual time=4792.588..4792.588 rows=886818 loops=1)
                    Buckets: 131072  Batches: 16  Memory Usage: 2981kB
                    ->  Seq Scan on title t  (cost=0.00..73925.90 rows=812476 width=4) (actual time=0.023..4405.900 rows=886818 loops=1)
                          Filter: ((kind_id > 4) AND (production_year > 2001))
                          Rows Removed by Filter: 1641494
Planning time: 1.226 ms
Execution time: 66831.733 ms
