Seq Scan on cast_info ci  (cost=0.00..705507.15 rows=500 width=0) (actual time=21101.261..33209.483 rows=282 loops=1)
  Filter: (person_id = 416492)
  Rows Removed by Filter: 36244062
Planning time: 0.298 ms
Execution time: 33209.625 ms
