Nested Loop  (cost=0.43..83072.29 rows=151 width=0) (actual time=21.590..1424.822 rows=33 loops=1)
  ->  Seq Scan on movie_keyword mk  (cost=0.00..81003.12 rows=246 width=4) (actual time=21.525..1417.336 rows=75 loops=1)
        Filter: (keyword_id = 11461)
        Rows Removed by Filter: 4523855
  ->  Index Scan using title_pkey on title t  (cost=0.43..8.40 rows=1 width=4) (actual time=0.095..0.096 rows=0 loops=75)
        Index Cond: (id = mk.movie_id)
        Filter: (kind_id > 4)
        Rows Removed by Filter: 1
Planning time: 0.716 ms
Execution time: 1424.950 ms
