Hash Join  (cost=74551.72..429448.10 rows=43454 width=0) (actual time=3461.781..23455.157 rows=196941 loops=1)
  Hash Cond: (mi.movie_id = t.id)
  ->  Seq Scan on movie_info mi  (cost=0.00..346232.03 rows=2194617 width=4) (actual time=0.021..18635.484 rows=2233850 loops=1)
        Filter: (info_type_id > 16)
        Rows Removed by Filter: 12601870
  ->  Hash  (cost=73925.90..73925.90 rows=50065 width=4) (actual time=3461.295..3461.295 rows=171686 loops=1)
        Buckets: 131072 (originally 65536)  Batches: 2 (originally 1)  Memory Usage: 4044kB
        ->  Seq Scan on title t  (cost=0.00..73925.90 rows=50065 width=4) (actual time=570.484..3350.964 rows=171686 loops=1)
              Filter: ((production_year < 1954) AND (kind_id = 1))
              Rows Removed by Filter: 2356626
Planning time: 0.773 ms
Execution time: 23493.493 ms
