Seq Scan on movie_keyword mk  (cost=0.00..81003.12 rows=2779193 width=0) (actual time=6.239..4657.072 rows=2770581 loops=1)
  Filter: (keyword_id < 7935)
  Rows Removed by Filter: 1753349
Planning time: 0.254 ms
Execution time: 5156.400 ms
