Hash Join  (cost=90581.73..241383.35 rows=1097658 width=106) (actual time=2102.631..7090.473 rows=2589352 loops=1)
  Hash Cond: (mk.movie_id = t.id)
  ->  Seq Scan on movie_keyword mk  (cost=0.00..69693.30 rows=4523930 width=12) (actual time=0.021..1476.689 rows=4523930 loops=1)
  ->  Hash  (cost=73925.90..73925.90 rows=613506 width=94) (actual time=2101.343..2101.343 rows=517883 loops=1)
        Buckets: 32768  Batches: 32  Memory Usage: 2015kB
        ->  Seq Scan on title t  (cost=0.00..73925.90 rows=613506 width=94) (actual time=397.217..1878.713 rows=517883 loops=1)
              Filter: ((production_year > 1938) AND (kind_id = 1))
              Rows Removed by Filter: 2010429
Planning time: 0.892 ms
Execution time: 7229.826 ms
