Seq Scan on movie_companies mc  (cost=0.00..51404.11 rows=104 width=0) (actual time=401.406..745.947 rows=491 loops=1)
  Filter: (company_id = 11778)
  Rows Removed by Filter: 2608638
Planning time: 0.390 ms
Execution time: 746.166 ms
