Hash Join  (cost=157432.62..648649.56 rows=1069401 width=0) (actual time=6544.158..39875.614 rows=13114021 loops=1)
  Hash Cond: (mi.movie_id = t.id)
  ->  Seq Scan on movie_info mi  (cost=0.00..309384.22 rows=14739122 width=4) (actual time=0.012..19165.052 rows=14835720 loops=1)
  ->  Hash  (cost=154422.40..154422.40 rows=183458 width=8) (actual time=6543.159..6543.159 rows=584170 loops=1)
        Buckets: 131072 (originally 131072)  Batches: 8 (originally 4)  Memory Usage: 3908kB
        ->  Hash Join  (cost=76843.29..154422.40 rows=183458 width=8) (actual time=2756.741..6343.209 rows=584170 loops=1)
              Hash Cond: (mc.movie_id = t.id)
              ->  Seq Scan on movie_companies mc  (cost=0.00..44881.29 rows=2609129 width=4) (actual time=0.025..2134.903 rows=2609129 loops=1)
              ->  Hash  (cost=73925.90..73925.90 rows=177791 width=4) (actual time=2755.936..2755.936 rows=282025 loops=1)
                    Buckets: 131072  Batches: 4  Memory Usage: 3508kB
                    ->  Seq Scan on title t  (cost=0.00..73925.90 rows=177791 width=4) (actual time=0.019..2658.308 rows=282025 loops=1)
                          Filter: ((kind_id < 7) AND (production_year < 1976))
                          Rows Removed by Filter: 2246287
Planning time: 1.196 ms
Execution time: 41561.700 ms
