Hash Join  (cost=102767.86..965288.45 rows=2350979 width=0) (actual time=27193.339..39007.636 rows=1376773 loops=1)
  Hash Cond: (ci.movie_id = t.id)
  ->  Seq Scan on cast_info ci  (cost=0.00..796071.18 rows=2350979 width=4) (actual time=21913.564..32181.798 rows=1376773 loops=1)
        Filter: ((person_id > 2520939) AND (role_id = 2))
        Rows Removed by Filter: 34867571
  ->  Hash  (cost=61283.27..61283.27 rows=2528527 width=4) (actual time=5278.683..5278.683 rows=2528312 loops=1)
        Buckets: 131072  Batches: 64  Memory Usage: 2415kB
        ->  Seq Scan on title t  (cost=0.00..61283.27 rows=2528527 width=4) (actual time=0.017..4027.838 rows=2528312 loops=1)
Planning time: 0.792 ms
Execution time: 39164.378 ms
