Hash Join  (cost=270908.69..1630959.56 rows=27350769 width=0) (actual time=6196.384..58625.900 rows=89385739 loops=1)
  Hash Cond: (ci.movie_id = t.id)
  ->  Seq Scan on cast_info ci  (cost=0.00..614943.12 rows=36225612 width=4) (actual time=0.025..13072.126 rows=36244344 loops=1)
  ->  Hash  (cost=239587.34..239587.34 rows=1909068 width=8) (actual time=6194.921..6194.921 rows=1916587 loops=1)
        Buckets: 131072  Batches: 32  Memory Usage: 3350kB
        ->  Hash Join  (cost=102767.86..239587.34 rows=1909068 width=8) (actual time=1840.068..5608.125 rows=1916587 loops=1)
              Hash Cond: (mk.movie_id = t.id)
              ->  Seq Scan on movie_keyword mk  (cost=0.00..81003.12 rows=1909068 width=4) (actual time=0.014..1519.501 rows=1916587 loops=1)
                    Filter: (keyword_id < 3302)
                    Rows Removed by Filter: 2607343
              ->  Hash  (cost=61283.27..61283.27 rows=2528527 width=4) (actual time=1837.911..1837.911 rows=2528312 loops=1)
                    Buckets: 131072  Batches: 64  Memory Usage: 2425kB
                    ->  Seq Scan on title t  (cost=0.00..61283.27 rows=2528527 width=4) (actual time=0.040..945.050 rows=2528312 loops=1)
Planning time: 1.224 ms
Execution time: 67775.262 ms
