Seq Scan on movie_keyword mk  (cost=0.00..81003.12 rows=3124831 width=0) (actual time=0.020..1486.611 rows=3110123 loops=1)
  Filter: (keyword_id < 11824)
  Rows Removed by Filter: 1413807
Planning time: 0.324 ms
Execution time: 1878.572 ms
