Nested Loop  (cost=0.43..709674.40 rows=127 width=0) (actual time=3532.030..11098.561 rows=8 loops=1)
  ->  Seq Scan on cast_info ci  (cost=0.00..705507.15 rows=500 width=4) (actual time=3531.878..11098.103 rows=9 loops=1)
        Filter: (person_id = 3251485)
        Rows Removed by Filter: 36244335
  ->  Index Scan using title_pkey on title t  (cost=0.43..8.32 rows=1 width=4) (actual time=0.038..0.039 rows=1 loops=9)
        Index Cond: (id = ci.movie_id)
        Filter: ((kind_id < 7) AND (production_year > 1994))
        Rows Removed by Filter: 0
Planning time: 0.805 ms
Execution time: 11098.680 ms
