Hash Join  (cost=69484.36..442534.36 rows=99416 width=0) (actual time=10345.436..22332.932 rows=81240 loops=1)
  Hash Cond: (mi.movie_id = t.id)
  ->  Seq Scan on movie_info mi  (cost=0.00..346232.03 rows=2194617 width=4) (actual time=6868.741..18262.272 rows=2233850 loops=1)
        Filter: (info_type_id > 16)
        Rows Removed by Filter: 12601870
  ->  Hash  (cost=67604.59..67604.59 rows=114542 width=4) (actual time=3091.491..3091.491 rows=118234 loops=1)
        Buckets: 131072  Batches: 2  Memory Usage: 3107kB
        ->  Seq Scan on title t  (cost=0.00..67604.59 rows=114542 width=4) (actual time=311.782..3044.840 rows=118234 loops=1)
              Filter: (kind_id = 4)
              Rows Removed by Filter: 2410078
Planning time: 0.756 ms
Execution time: 22345.372 ms
