Seq Scan on movie_keyword mk  (cost=0.00..81003.12 rows=13981 width=0) (actual time=1019.072..1245.691 rows=11150 loops=1)
  Filter: (keyword_id > 124115)
  Rows Removed by Filter: 4512780
Planning time: 0.324 ms
Execution time: 1247.552 ms
