Hash Join  (cost=547224.29..1408742.46 rows=4927368 width=0) (actual time=18588.166..44087.911 rows=66844739 loops=1)
  Hash Cond: (ci.movie_id = t.id)
  ->  Seq Scan on cast_info ci  (cost=0.00..705507.15 rows=7846468 width=4) (actual time=6766.542..13267.591 rows=7712640 loops=1)
        Filter: (role_id > 6)
        Rows Removed by Filter: 28531704
  ->  Hash  (cost=521173.22..521173.22 rows=1587846 width=8) (actual time=11820.254..11820.254 rows=2395497 loops=1)
        Buckets: 131072 (originally 131072)  Batches: 64 (originally 32)  Memory Usage: 3856kB
        ->  Hash Join  (cost=84497.07..521173.22 rows=1587846 width=8) (actual time=3044.543..11117.607 rows=2395497 loops=1)
              Hash Cond: (mi.movie_id = t.id)
              ->  Seq Scan on movie_info mi  (cost=0.00..346232.03 rows=6231111 width=4) (actual time=1643.770..5967.633 rows=6223494 loops=1)
                    Filter: (info_type_id > 8)
                    Rows Removed by Filter: 8612226
              ->  Hash  (cost=73925.90..73925.90 rows=644333 width=4) (actual time=1399.948..1399.948 rows=544419 loops=1)
                    Buckets: 131072  Batches: 16  Memory Usage: 2223kB
                    ->  Seq Scan on title t  (cost=0.00..73925.90 rows=644333 width=4) (actual time=0.059..1216.775 rows=544419 loops=1)
                          Filter: ((kind_id < 7) AND (production_year > 1994))
                          Rows Removed by Filter: 1983893
Planning time: 1.102 ms
Execution time: 50875.609 ms
