Nested Loop  (cost=0.43..83071.67 rows=246 width=0) (actual time=59.792..1229.683 rows=24 loops=1)
  ->  Seq Scan on movie_keyword mk  (cost=0.00..81003.12 rows=246 width=4) (actual time=58.982..1227.571 rows=24 loops=1)
        Filter: (keyword_id = 32909)
        Rows Removed by Filter: 4523906
  ->  Index Only Scan using title_pkey on title t  (cost=0.43..8.40 rows=1 width=4) (actual time=0.083..0.084 rows=1 loops=24)
        Index Cond: (id = mk.movie_id)
        Heap Fetches: 24
Planning time: 0.773 ms
Execution time: 1229.762 ms
