Seq Scan on title t  (cost=0.00..73925.90 rows=42451 width=0) (actual time=0.344..581.207 rows=37610 loops=1)
  Filter: ((kind_id < 3) AND (production_year = 2010))
  Rows Removed by Filter: 2490702
Planning time: 0.364 ms
Execution time: 585.237 ms
