Seq Scan on movie_keyword mk  (cost=0.00..81003.12 rows=246 width=0) (actual time=2.324..1217.794 rows=24 loops=1)
  Filter: (keyword_id = 18215)
  Rows Removed by Filter: 4523906
Planning time: 0.360 ms
Execution time: 1217.903 ms
