Seq Scan on cast_info ci  (cost=0.00..796071.18 rows=176 width=0) (actual time=6737.479..10792.078 rows=4 loops=1)
  Filter: ((person_id = 338304) AND (role_id = 1))
  Rows Removed by Filter: 36244340
Planning time: 0.424 ms
Execution time: 10792.165 ms
