Hash Join  (cost=73962.22..159621.76 rows=1422 width=0) (actual time=1179.328..2730.747 rows=5979 loops=1)
  Hash Cond: (mk.movie_id = t.id)
  ->  Seq Scan on movie_keyword mk  (cost=0.00..81003.12 rows=1237919 width=4) (actual time=0.017..1342.284 rows=1250179 loops=1)
        Filter: (keyword_id > 14422)
        Rows Removed by Filter: 3273751
  ->  Hash  (cost=73925.90..73925.90 rows=2905 width=4) (actual time=1179.235..1179.235 rows=6090 loops=1)
        Buckets: 8192 (originally 4096)  Batches: 1 (originally 1)  Memory Usage: 279kB
        ->  Seq Scan on title t  (cost=0.00..73925.90 rows=2905 width=4) (actual time=0.790..1176.131 rows=6090 loops=1)
              Filter: ((kind_id < 7) AND (production_year = 1968))
              Rows Removed by Filter: 2522222
Planning time: 7.871 ms
Execution time: 2731.892 ms
