Seq Scan on cast_info ci  (cost=0.00..705507.15 rows=500 width=0) (actual time=9984.080..10185.183 rows=43 loops=1)
  Filter: (person_id = 556019)
  Rows Removed by Filter: 36244301
Planning time: 0.364 ms
Execution time: 10185.282 ms
