Hash Join  (cost=83073.00..833863.32 rows=108 width=0) (actual time=1378.030..16930.574 rows=80 loops=1)
  Hash Cond: (ci.movie_id = t.id)
  ->  Seq Scan on cast_info ci  (cost=0.00..614943.12 rows=36225612 width=4) (actual time=0.015..8931.902 rows=36244344 loops=1)
  ->  Hash  (cost=83072.90..83072.90 rows=8 width=8) (actual time=1291.685..1291.685 rows=2 loops=1)
        Buckets: 1024  Batches: 1  Memory Usage: 9kB
        ->  Nested Loop  (cost=0.43..83072.90 rows=8 width=8) (actual time=1024.335..1291.673 rows=2 loops=1)
              ->  Seq Scan on movie_keyword mk  (cost=0.00..81003.12 rows=246 width=4) (actual time=13.323..1283.403 rows=142 loops=1)
                    Filter: (keyword_id = 2414)
                    Rows Removed by Filter: 4523788
              ->  Index Scan using title_pkey on title t  (cost=0.43..8.40 rows=1 width=4) (actual time=0.055..0.055 rows=0 loops=142)
                    Index Cond: (id = mk.movie_id)
                    Filter: ((kind_id = 7) AND (production_year = 2008))
                    Rows Removed by Filter: 1
Planning time: 1.195 ms
Execution time: 16930.837 ms
