Hash Join  (cost=153674.43..236053.06 rows=446049 width=0) (actual time=3307.310..5609.983 rows=456438 loops=1)
  Hash Cond: (mc.movie_id = t.id)
  ->  Seq Scan on movie_companies mc  (cost=0.00..51404.11 rows=2112542 width=4) (actual time=0.030..1152.446 rows=2116235 loops=1)
        Filter: (company_id > 435)
        Rows Removed by Filter: 492894
  ->  Hash  (cost=144914.92..144914.92 rows=533881 width=8) (actual time=3306.466..3306.466 rows=328588 loops=1)
        Buckets: 131072  Batches: 8  Memory Usage: 2629kB
        ->  Hash Join  (cost=98024.21..144914.92 rows=533881 width=8) (actual time=1874.005..3206.271 rows=328588 loops=1)
              Hash Cond: (mi_idx.movie_id = t.id)
              ->  Seq Scan on movie_info_idx mi_idx  (cost=0.00..25185.44 rows=919057 width=4) (actual time=0.012..542.425 rows=920110 loops=1)
                    Filter: (info_type_id > 99)
                    Rows Removed by Filter: 459925
              ->  Hash  (cost=73925.90..73925.90 rows=1468824 width=4) (actual time=1872.571..1872.571 rows=1451272 loops=1)
                    Buckets: 131072  Batches: 32  Memory Usage: 2618kB
                    ->  Seq Scan on title t  (cost=0.00..73925.90 rows=1468824 width=4) (actual time=0.019..1402.842 rows=1451272 loops=1)
                          Filter: ((kind_id > 3) AND (production_year < 2012))
                          Rows Removed by Filter: 1077040
Planning time: 1.164 ms
Execution time: 5666.175 ms
