Hash Join  (cost=91959.31..182647.46 rows=130833 width=0) (actual time=1854.472..3536.781 rows=96881 loops=1)
  Hash Cond: (mk.movie_id = t.id)
  ->  Seq Scan on movie_keyword mk  (cost=0.00..81003.12 rows=222852 width=4) (actual time=0.011..1275.142 rows=235890 loops=1)
        Filter: (keyword_id < 196)
        Rows Removed by Filter: 4288040
  ->  Hash  (cost=67604.59..67604.59 rows=1484458 width=4) (actual time=1851.889..1851.889 rows=1485030 loops=1)
        Buckets: 131072  Batches: 32  Memory Usage: 2663kB
        ->  Seq Scan on title t  (cost=0.00..67604.59 rows=1484458 width=4) (actual time=0.013..1351.833 rows=1485030 loops=1)
              Filter: (production_year > 1998)
              Rows Removed by Filter: 1043282
Planning time: 0.466 ms
Execution time: 3548.745 ms
