Seq Scan on cast_info ci  (cost=0.00..705507.15 rows=500 width=0) (actual time=814.638..10711.651 rows=12 loops=1)
  Filter: (person_id = 2059453)
  Rows Removed by Filter: 36244332
Planning time: 0.453 ms
Execution time: 10711.742 ms
