Hash Join  (cost=202744.14..271582.06 rows=118176 width=0) (actual time=4320.439..5937.955 rows=472259 loops=1)
  Hash Cond: (mc.movie_id = t.id)
  ->  Seq Scan on movie_companies mc  (cost=0.00..51404.11 rows=1329612 width=4) (actual time=0.020..1022.581 rows=1334883 loops=1)
        Filter: (company_type_id = 2)
        Rows Removed by Filter: 1274246
  ->  Hash  (cost=199056.94..199056.94 rows=224736 width=8) (actual time=4247.460..4247.460 rows=226938 loops=1)
        Buckets: 131072  Batches: 4  Memory Usage: 3248kB
        ->  Hash Join  (cost=102767.86..199056.94 rows=224736 width=8) (actual time=1903.091..4183.711 rows=226938 loops=1)
              Hash Cond: (mk.movie_id = t.id)
              ->  Seq Scan on movie_keyword mk  (cost=0.00..81003.12 rows=224736 width=4) (actual time=0.011..1170.032 rows=226938 loops=1)
                    Filter: (keyword_id > 63855)
                    Rows Removed by Filter: 4296992
              ->  Hash  (cost=61283.27..61283.27 rows=2528527 width=4) (actual time=1900.626..1900.626 rows=2528312 loops=1)
                    Buckets: 131072  Batches: 64  Memory Usage: 2425kB
                    ->  Seq Scan on title t  (cost=0.00..61283.27 rows=2528527 width=4) (actual time=0.018..1054.093 rows=2528312 loops=1)
Planning time: 0.764 ms
Execution time: 5987.330 ms
