Hash Join  (cost=468219.94..1310495.83 rows=138903 width=0) (actual time=9441.890..25758.289 rows=266514 loops=1)
  Hash Cond: (ci.movie_id = t.id)
  ->  Seq Scan on cast_info ci  (cost=0.00..705507.15 rows=15471969 width=4) (actual time=0.019..12087.313 rows=15343815 loops=1)
        Filter: (person_id < 1511948)
        Rows Removed by Filter: 20900529
  ->  Hash  (cost=467936.19..467936.19 rows=22700 width=8) (actual time=9441.607..9441.607 rows=33714 loops=1)
        Buckets: 65536 (originally 32768)  Batches: 1 (originally 1)  Memory Usage: 1829kB
        ->  Hash Join  (cost=73982.55..467936.19 rows=22700 width=8) (actual time=1657.932..9427.735 rows=33714 loops=1)
              Hash Cond: (mi.movie_id = t.id)
              ->  Seq Scan on movie_info mi  (cost=0.00..346232.03 rows=12665229 width=4) (actual time=0.019..6110.881 rows=12744652 loops=1)
                    Filter: (info_type_id > 2)
                    Rows Removed by Filter: 2091068
              ->  Hash  (cost=73925.90..73925.90 rows=4532 width=4) (actual time=1200.781..1200.781 rows=6999 loops=1)
                    Buckets: 8192  Batches: 1  Memory Usage: 311kB
                    ->  Seq Scan on title t  (cost=0.00..73925.90 rows=4532 width=4) (actual time=0.104..1197.320 rows=6999 loops=1)
                          Filter: ((kind_id = 7) AND (production_year = 1960))
                          Rows Removed by Filter: 2521313
Planning time: 1.253 ms
Execution time: 25793.593 ms
