Hash Join  (cost=78556.72..907274.95 rows=558368 width=0) (actual time=8306.700..14821.465 rows=794271 loops=1)
  Hash Cond: (ci.movie_id = t.id)
  ->  Seq Scan on cast_info ci  (cost=0.00..796071.18 rows=2115032 width=4) (actual time=6842.196..11853.899 rows=2667416 loops=1)
        Filter: ((person_id < 355016) AND (role_id < 3))
        Rows Removed by Filter: 33576928
  ->  Hash  (cost=67604.59..67604.59 rows=667531 width=4) (actual time=1463.382..1463.382 rows=662825 loops=1)
        Buckets: 131072  Batches: 16  Memory Usage: 2476kB
        ->  Seq Scan on title t  (cost=0.00..67604.59 rows=667531 width=4) (actual time=490.647..1260.764 rows=662825 loops=1)
              Filter: (kind_id = 1)
              Rows Removed by Filter: 1865487
Planning time: 0.744 ms
Execution time: 14910.097 ms
