Hash Join  (cost=79094.49..1160524.72 rows=3644464 width=0) (actual time=1340.918..30802.120 rows=3555664 loops=1)
  Hash Cond: (ci.movie_id = t.id)
  ->  Seq Scan on cast_info ci  (cost=0.00..705507.15 rows=29253716 width=4) (actual time=0.010..15818.023 rows=29336722 loops=1)
        Filter: (person_id > 667620)
        Rows Removed by Filter: 6907622
  ->  Hash  (cost=73925.90..73925.90 rows=315007 width=4) (actual time=1340.081..1340.081 rows=244789 loops=1)
        Buckets: 131072  Batches: 8  Memory Usage: 2099kB
        ->  Seq Scan on title t  (cost=0.00..73925.90 rows=315007 width=4) (actual time=24.330..1264.598 rows=244789 loops=1)
              Filter: ((production_year > 2003) AND (kind_id = 1))
              Rows Removed by Filter: 2283523
Planning time: 1.606 ms
Execution time: 31218.832 ms
