Nested Loop  (cost=0.43..52283.69 rows=104 width=0) (actual time=524.646..805.889 rows=362 loops=1)
  ->  Seq Scan on movie_companies mc  (cost=0.00..51404.11 rows=104 width=4) (actual time=524.563..778.473 rows=362 loops=1)
        Filter: (company_id = 11588)
        Rows Removed by Filter: 2608767
  ->  Index Only Scan using title_pkey on title t  (cost=0.43..8.45 rows=1 width=4) (actual time=0.074..0.075 rows=1 loops=362)
        Index Cond: (id = mc.movie_id)
        Heap Fetches: 362
Planning time: 0.712 ms
Execution time: 806.357 ms
