Hash Join  (cost=98120.01..194147.08 rows=1521655 width=0) (actual time=2023.160..5319.703 rows=704352 loops=1)
  Hash Cond: (mc.movie_id = t.id)
  ->  Seq Scan on movie_companies mc  (cost=0.00..44881.29 rows=2609129 width=4) (actual time=0.021..955.753 rows=2609129 loops=1)
  ->  Hash  (cost=73925.90..73925.90 rows=1474648 width=4) (actual time=2021.641..2021.641 rows=1478439 loops=1)
        Buckets: 131072  Batches: 32  Memory Usage: 2651kB
        ->  Seq Scan on title t  (cost=0.00..73925.90 rows=1474648 width=4) (actual time=0.019..1543.945 rows=1478439 loops=1)
              Filter: ((production_year > 1912) AND (kind_id = 7))
              Rows Removed by Filter: 1049873
Planning time: 2.715 ms
Execution time: 5400.423 ms
