Hash Join  (cost=102767.86..896641.68 rows=3261826 width=0) (actual time=6793.284..16306.775 rows=3288206 loops=1)
  Hash Cond: (ci.movie_id = t.id)
  ->  Seq Scan on cast_info ci  (cost=0.00..705507.15 rows=3261826 width=4) (actual time=4822.029..11625.411 rows=3288206 loops=1)
        Filter: (person_id > 3456251)
        Rows Removed by Filter: 32956138
  ->  Hash  (cost=61283.27..61283.27 rows=2528527 width=4) (actual time=1969.636..1969.636 rows=2528312 loops=1)
        Buckets: 131072  Batches: 64  Memory Usage: 2415kB
        ->  Seq Scan on title t  (cost=0.00..61283.27 rows=2528527 width=4) (actual time=0.026..1137.313 rows=2528312 loops=1)
Planning time: 0.891 ms
Execution time: 16645.953 ms
