Seq Scan on cast_info ci  (cost=0.00..705507.15 rows=24182813 width=0) (actual time=2.071..13229.487 rows=24144277 loops=1)
  Filter: (person_id < 2476591)
  Rows Removed by Filter: 12100067
Planning time: 0.325 ms
Execution time: 16258.714 ms
