Seq Scan on movie_keyword mk  (cost=0.00..81003.12 rows=3490890 width=0) (actual time=0.011..1356.807 rows=3485625 loops=1)
  Filter: (keyword_id < 17084)
  Rows Removed by Filter: 1038305
Planning time: 0.215 ms
Execution time: 1744.237 ms
