Hash Join  (cost=665999.81..2478984.44 rows=53809940 width=0) (actual time=19549.693..107608.144 rows=242524924 loops=1)
  Hash Cond: (ci.movie_id = t.id)
  ->  Seq Scan on cast_info ci  (cost=0.00..614943.12 rows=36225612 width=4) (actual time=0.012..13560.589 rows=36244344 loops=1)
  ->  Hash  (cost=604379.03..604379.03 rows=3755903 width=8) (actual time=19545.688..19545.688 rows=5998003 loops=1)
        Buckets: 131072 (originally 131072)  Batches: 128 (originally 64)  Memory Usage: 3073kB
        ->  Hash Join  (cost=84497.07..604379.03 rows=3755903 width=8) (actual time=1977.856..17510.405 rows=5998003 loops=1)
              Hash Cond: (mi.movie_id = t.id)
              ->  Seq Scan on movie_info mi  (cost=0.00..309384.22 rows=14739122 width=4) (actual time=0.023..6101.393 rows=14835720 loops=1)
              ->  Hash  (cost=73925.90..73925.90 rows=644333 width=4) (actual time=1976.413..1976.413 rows=544419 loops=1)
                    Buckets: 131072  Batches: 16  Memory Usage: 2223kB
                    ->  Seq Scan on title t  (cost=0.00..73925.90 rows=644333 width=4) (actual time=0.906..1242.209 rows=544419 loops=1)
                          Filter: ((kind_id < 7) AND (production_year > 1994))
                          Rows Removed by Filter: 1983893
Planning time: 1.197 ms
Execution time: 132861.567 ms
