Nested Loop  (cost=32749.09..120558.31 rows=299 width=0) (actual time=909.609..2610.900 rows=4169 loops=1)
  ->  Hash Join  (cost=32748.66..116483.26 rows=4792 width=8) (actual time=764.065..2470.751 rows=4672 loops=1)
        Hash Cond: (mk.movie_id = mi_idx.movie_id)
        ->  Seq Scan on movie_keyword mk  (cost=0.00..81003.12 rows=4826 width=4) (actual time=27.820..1376.696 rows=4904 loops=1)
              Filter: (keyword_id = 24382)
              Rows Removed by Filter: 4519026
        ->  Hash  (cost=25185.44..25185.44 rows=460978 width=4) (actual time=709.204..709.204 rows=459925 loops=1)
              Buckets: 131072  Batches: 8  Memory Usage: 3059kB
              ->  Seq Scan on movie_info_idx mi_idx  (cost=0.00..25185.44 rows=460978 width=4) (actual time=0.029..564.407 rows=459925 loops=1)
                    Filter: (info_type_id < 100)
                    Rows Removed by Filter: 920110
  ->  Index Scan using title_pkey on title t  (cost=0.43..0.84 rows=1 width=4) (actual time=0.029..0.029 rows=1 loops=4672)
        Index Cond: (id = mi_idx.movie_id)
        Filter: (kind_id < 4)
        Rows Removed by Filter: 0
Planning time: 1.151 ms
Execution time: 2612.384 ms
