Seq Scan on movie_companies mc  (cost=0.00..51404.11 rows=1689881 width=0) (actual time=0.019..1011.694 rows=1688102 loops=1)
  Filter: (company_id > 3139)
  Rows Removed by Filter: 921027
Planning time: 0.308 ms
Execution time: 1221.205 ms
