Hash Join  (cost=95465.71..220165.63 rows=1195179 width=0) (actual time=3133.477..4840.466 rows=279063 loops=1)
  Hash Cond: (mk.movie_id = t.id)
  ->  Seq Scan on movie_keyword mk  (cost=0.00..81003.12 rows=2301870 width=4) (actual time=0.020..1597.404 rows=2307928 loops=1)
        Filter: (keyword_id < 4959)
        Rows Removed by Filter: 2216002
  ->  Hash  (cost=73925.90..73925.90 rows=1312864 width=4) (actual time=1892.464..1892.464 rows=1391524 loops=1)
        Buckets: 131072  Batches: 32  Memory Usage: 2561kB
        ->  Seq Scan on title t  (cost=0.00..73925.90 rows=1312864 width=4) (actual time=0.013..1433.975 rows=1391524 loops=1)
              Filter: ((production_year > 1965) AND (kind_id = 7))
              Rows Removed by Filter: 1136788
Planning time: 1.457 ms
Execution time: 4875.158 ms
