Hash Join  (cost=92433.22..154618.17 rows=177435 width=0) (actual time=1884.876..3004.242 rows=31235 loops=1)
  Hash Cond: (mc.movie_id = t.id)
  ->  Seq Scan on movie_companies mc  (cost=0.00..51404.11 rows=397730 width=4) (actual time=99.943..800.993 rows=402953 loops=1)
        Filter: (company_id > 81924)
        Rows Removed by Filter: 2206176
  ->  Hash  (cost=73925.90..73925.90 rows=1128025 width=4) (actual time=1783.617..1783.617 rows=1222824 loops=1)
        Buckets: 131072  Batches: 16  Memory Usage: 3723kB
        ->  Seq Scan on title t  (cost=0.00..73925.90 rows=1128025 width=4) (actual time=0.027..1399.710 rows=1222824 loops=1)
              Filter: ((kind_id > 4) AND (production_year > 1986))
              Rows Removed by Filter: 1305488
Planning time: 0.785 ms
Execution time: 3008.476 ms
