Seq Scan on movie_companies mc  (cost=0.00..51404.11 rows=2559463 width=0) (actual time=0.027..1065.960 rows=2560559 loops=1)
  Filter: (company_id < 192572)
  Rows Removed by Filter: 48570
Planning time: 0.346 ms
Execution time: 1387.859 ms
