Seq Scan on movie_keyword mk  (cost=0.00..81003.12 rows=323278 width=0) (actual time=0.016..1260.476 rows=319680 loops=1)
  Filter: (keyword_id > 51081)
  Rows Removed by Filter: 4204250
Planning time: 0.252 ms
Execution time: 1301.450 ms
