Nested Loop  (cost=0.43..83072.29 rows=201 width=0) (actual time=4.198..1095.325 rows=106 loops=1)
  ->  Seq Scan on movie_keyword mk  (cost=0.00..81003.12 rows=246 width=4) (actual time=4.158..1090.841 rows=114 loops=1)
        Filter: (keyword_id = 23684)
        Rows Removed by Filter: 4523816
  ->  Index Scan using title_pkey on title t  (cost=0.43..8.40 rows=1 width=4) (actual time=0.035..0.035 rows=1 loops=114)
        Index Cond: (id = mk.movie_id)
        Filter: (production_year < 2011)
        Rows Removed by Filter: 0
Planning time: 0.762 ms
Execution time: 1095.515 ms
