Hash Join  (cost=543062.15..1867817.41 rows=8484969 width=0) (actual time=12427.778..49967.162 rows=9637726 loops=1)
  Hash Cond: (ci.movie_id = t.id)
  ->  Seq Scan on cast_info ci  (cost=0.00..705507.15 rows=34741787 width=4) (actual time=0.024..16954.919 rows=34835375 loops=1)
        Filter: (person_id > 141409)
        Rows Removed by Filter: 1408969
  ->  Hash  (cost=532929.89..532929.89 rows=617541 width=8) (actual time=12426.392..12426.392 rows=416242 loops=1)
        Buckets: 131072  Batches: 16  Memory Usage: 2006kB
        ->  Hash Join  (cost=70308.29..532929.89 rows=617541 width=8) (actual time=1344.564..12282.440 rows=416242 loops=1)
              Hash Cond: (mi.movie_id = t.id)
              ->  Seq Scan on movie_info mi  (cost=0.00..346232.03 rows=9476311 width=4) (actual time=187.890..6698.093 rows=9565151 loops=1)
                    Filter: (info_type_id < 16)
                    Rows Removed by Filter: 5270569
              ->  Hash  (cost=67604.59..67604.59 rows=164776 width=4) (actual time=1155.860..1155.860 rows=164307 loops=1)
                    Buckets: 131072  Batches: 4  Memory Usage: 2488kB
                    ->  Seq Scan on title t  (cost=0.00..67604.59 rows=164776 width=4) (actual time=0.026..1094.922 rows=164307 loops=1)
                          Filter: (production_year = 2012)
                          Rows Removed by Filter: 2364005
Planning time: 1.164 ms
Execution time: 51034.932 ms
