Seq Scan on cast_info ci  (cost=0.00..705507.15 rows=500 width=0) (actual time=10216.790..11207.097 rows=106 loops=1)
  Filter: (person_id = 936222)
  Rows Removed by Filter: 36244238
Planning time: 0.398 ms
Execution time: 11207.198 ms
