Seq Scan on cast_info ci  (cost=0.00..705507.15 rows=500 width=0) (actual time=2180.966..11076.053 rows=1186 loops=1)
  Filter: (person_id = 1644442)
  Rows Removed by Filter: 36243158
Planning time: 0.306 ms
Execution time: 11076.294 ms
