Hash Join  (cost=102767.86..201345.57 rows=319790 width=0) (actual time=1874.034..3682.703 rows=316153 loops=1)
  Hash Cond: (mk.movie_id = t.id)
  ->  Seq Scan on movie_keyword mk  (cost=0.00..81003.12 rows=319790 width=4) (actual time=0.033..1214.833 rows=316153 loops=1)
        Filter: (keyword_id > 51584)
        Rows Removed by Filter: 4207777
  ->  Hash  (cost=61283.27..61283.27 rows=2528527 width=4) (actual time=1873.035..1873.035 rows=2528312 loops=1)
        Buckets: 131072  Batches: 64  Memory Usage: 2425kB
        ->  Seq Scan on title t  (cost=0.00..61283.27 rows=2528527 width=4) (actual time=0.024..1006.255 rows=2528312 loops=1)
Planning time: 0.794 ms
Execution time: 3717.358 ms
