Seq Scan on movie_keyword mk  (cost=0.00..81003.12 rows=2106246 width=0) (actual time=0.016..1356.373 rows=2113052 loops=1)
  Filter: (keyword_id < 3843)
  Rows Removed by Filter: 2410878
Planning time: 0.246 ms
Execution time: 1622.483 ms
