Hash Join  (cost=83074.74..452679.50 rows=606 width=0) (actual time=1369.490..8257.050 rows=20379 loops=1)
  Hash Cond: (mi.movie_id = t.id)
  ->  Seq Scan on movie_info mi  (cost=0.00..346232.03 rows=6231111 width=4) (actual time=0.013..5821.557 rows=6223494 loops=1)
        Filter: (info_type_id > 8)
        Rows Removed by Filter: 8612226
  ->  Hash  (cost=83071.67..83071.67 rows=246 width=8) (actual time=1360.721..1360.721 rows=3954 loops=1)
        Buckets: 4096 (originally 1024)  Batches: 1 (originally 1)  Memory Usage: 187kB
        ->  Nested Loop  (cost=0.43..83071.67 rows=246 width=8) (actual time=0.084..1358.105 rows=3954 loops=1)
              ->  Seq Scan on movie_keyword mk  (cost=0.00..81003.12 rows=246 width=4) (actual time=0.049..1259.085 rows=3954 loops=1)
                    Filter: (keyword_id = 16501)
                    Rows Removed by Filter: 4519976
              ->  Index Only Scan using title_pkey on title t  (cost=0.43..8.40 rows=1 width=4) (actual time=0.024..0.024 rows=1 loops=3954)
                    Index Cond: (id = mk.movie_id)
                    Heap Fetches: 3954
Planning time: 0.941 ms
Execution time: 8260.430 ms
