Nested Loop  (cost=0.43..124109.85 rows=3541 width=0) (actual time=4.849..1418.360 rows=2557 loops=1)
  ->  Seq Scan on movie_keyword mk  (cost=0.00..81003.12 rows=6032 width=4) (actual time=0.352..1246.697 rows=6525 loops=1)
        Filter: (keyword_id = 70)
        Rows Removed by Filter: 4517405
  ->  Index Scan using title_pkey on title t  (cost=0.43..7.14 rows=1 width=4) (actual time=0.025..0.026 rows=0 loops=6525)
        Index Cond: (id = mk.movie_id)
        Filter: (production_year > 1998)
        Rows Removed by Filter: 1
Planning time: 1.990 ms
Execution time: 1419.267 ms
