Hash Join  (cost=100960.39..246238.52 rows=2172041 width=0) (actual time=2065.310..6241.097 rows=2028068 loops=1)
  Hash Cond: (mk.movie_id = t.id)
  ->  Seq Scan on movie_keyword mk  (cost=0.00..81003.12 rows=2701320 width=4) (actual time=0.019..1732.039 rows=2695215 loops=1)
        Filter: (keyword_id > 3008)
        Rows Removed by Filter: 1828715
  ->  Hash  (cost=67604.59..67604.59 rows=2033104 width=4) (actual time=2064.264..2064.264 rows=2032439 loops=1)
        Buckets: 131072  Batches: 32  Memory Usage: 3269kB
        ->  Seq Scan on title t  (cost=0.00..67604.59 rows=2033104 width=4) (actual time=0.012..1399.642 rows=2032439 loops=1)
              Filter: (production_year > 1973)
              Rows Removed by Filter: 495873
Planning time: 4.405 ms
Execution time: 6491.415 ms
