Seq Scan on title t  (cost=0.00..73925.90 rows=484672 width=0) (actual time=0.018..1264.084 rows=355227 loops=1)
  Filter: ((production_year > 1986) AND (kind_id = 1))
  Rows Removed by Filter: 2173085
Planning time: 0.405 ms
Execution time: 1310.548 ms
