Nested Loop  (cost=73218.69..462135.95 rows=6224 width=0) (actual time=4998.799..9208.357 rows=71907 loops=1)
  ->  Hash Join  (cost=73218.26..433121.09 rows=48736 width=8) (actual time=4998.722..7080.337 rows=143418 loops=1)
        Hash Cond: (mi.movie_id = mc.movie_id)
        ->  Seq Scan on movie_info mi  (cost=0.00..346232.03 rows=17937 width=4) (actual time=3568.503..5293.161 rows=121863 loops=1)
              Filter: (info_type_id = 105)
              Rows Removed by Filter: 14713857
        ->  Hash  (cost=51404.11..51404.11 rows=1329612 width=4) (actual time=1422.986..1422.986 rows=1334883 loops=1)
              Buckets: 131072  Batches: 32  Memory Usage: 2494kB
              ->  Seq Scan on movie_companies mc  (cost=0.00..51404.11 rows=1329612 width=4) (actual time=302.207..984.021 rows=1334883 loops=1)
                    Filter: (company_type_id > 1)
                    Rows Removed by Filter: 1274246
  ->  Index Scan using title_pkey on title t  (cost=0.43..0.59 rows=1 width=4) (actual time=0.014..0.014 rows=1 loops=143418)
        Index Cond: (id = mc.movie_id)
        Filter: (production_year < 2008)
        Rows Removed by Filter: 0
Planning time: 1.230 ms
Execution time: 9222.678 ms
