Seq Scan on cast_info ci  (cost=0.00..705507.15 rows=500 width=0) (actual time=6317.391..10166.424 rows=521 loops=1)
  Filter: (person_id = 2312669)
  Rows Removed by Filter: 36243823
Planning time: 0.373 ms
Execution time: 10166.590 ms
