Hash Join  (cost=83074.74..912720.48 rows=3220 width=0) (actual time=1257.634..19740.922 rows=721 loops=1)
  Hash Cond: (ci.movie_id = t.id)
  ->  Seq Scan on cast_info ci  (cost=0.00..705507.15 rows=33095036 width=4) (actual time=0.019..13212.386 rows=33206872 loops=1)
        Filter: (person_id > 294796)
        Rows Removed by Filter: 3037472
  ->  Hash  (cost=83071.67..83071.67 rows=246 width=8) (actual time=1222.109..1222.109 rows=30 loops=1)
        Buckets: 1024  Batches: 1  Memory Usage: 10kB
        ->  Nested Loop  (cost=0.43..83071.67 rows=246 width=8) (actual time=38.178..1222.056 rows=30 loops=1)
              ->  Seq Scan on movie_keyword mk  (cost=0.00..81003.12 rows=246 width=4) (actual time=38.086..1220.536 rows=30 loops=1)
                    Filter: (keyword_id = 65515)
                    Rows Removed by Filter: 4523900
              ->  Index Only Scan using title_pkey on title t  (cost=0.43..8.40 rows=1 width=4) (actual time=0.043..0.044 rows=1 loops=30)
                    Index Cond: (id = mk.movie_id)
                    Heap Fetches: 30
Planning time: 0.922 ms
Execution time: 19741.689 ms
