Nested Loop  (cost=0.43..799704.37 rows=71 width=0) (actual time=10416.503..13120.874 rows=9 loops=1)
  ->  Seq Scan on cast_info ci  (cost=0.00..796071.18 rows=435 width=4) (actual time=10416.338..13118.403 rows=97 loops=1)
        Filter: ((role_id < 10) AND (person_id = 22488))
        Rows Removed by Filter: 36244247
  ->  Index Scan using title_pkey on title t  (cost=0.43..8.34 rows=1 width=4) (actual time=0.025..0.025 rows=0 loops=97)
        Index Cond: (id = ci.movie_id)
        Filter: ((production_year < 2007) AND (kind_id = 1))
        Rows Removed by Filter: 1
Planning time: 0.741 ms
Execution time: 13121.006 ms
