Seq Scan on movie_keyword mk  (cost=0.00..81003.12 rows=2497873 width=0) (actual time=0.011..1472.338 rows=2490882 loops=1)
  Filter: (keyword_id < 6069)
  Rows Removed by Filter: 2033048
Planning time: 0.321 ms
Execution time: 1782.638 ms
