Hash Join  (cost=709678.15..1074363.23 rows=2915 width=0) (actual time=11029.618..17102.399 rows=543 loops=1)
  Hash Cond: (mi.movie_id = t.id)
  ->  Seq Scan on movie_info mi  (cost=0.00..309384.22 rows=14739122 width=4) (actual time=0.016..4150.766 rows=14835720 loops=1)
  ->  Hash  (cost=709671.90..709671.90 rows=500 width=8) (actual time=10339.124..10339.124 rows=118 loops=1)
        Buckets: 1024  Batches: 1  Memory Usage: 13kB
        ->  Nested Loop  (cost=0.43..709671.90 rows=500 width=8) (actual time=4829.459..10339.081 rows=118 loops=1)
              ->  Seq Scan on cast_info ci  (cost=0.00..705507.15 rows=500 width=4) (actual time=4829.367..10337.883 rows=118 loops=1)
                    Filter: (person_id = 3953486)
                    Rows Removed by Filter: 36244226
              ->  Index Only Scan using title_pkey on title t  (cost=0.43..8.32 rows=1 width=4) (actual time=0.009..0.009 rows=1 loops=118)
                    Index Cond: (id = ci.movie_id)
                    Heap Fetches: 118
Planning time: 3.197 ms
Execution time: 17102.606 ms
