Hash Join  (cost=70308.29..178063.93 rows=139293 width=0) (actual time=1196.369..3517.283 rows=47486 loops=1)
  Hash Cond: (mk.movie_id = t.id)
  ->  Seq Scan on movie_keyword mk  (cost=0.00..81003.12 rows=2137490 width=4) (actual time=0.020..1505.398 rows=2142910 loops=1)
        Filter: (keyword_id < 4005)
        Rows Removed by Filter: 2381020
  ->  Hash  (cost=67604.59..67604.59 rows=164776 width=4) (actual time=1192.843..1192.843 rows=164307 loops=1)
        Buckets: 131072  Batches: 4  Memory Usage: 2488kB
        ->  Seq Scan on title t  (cost=0.00..67604.59 rows=164776 width=4) (actual time=0.025..1132.083 rows=164307 loops=1)
              Filter: (production_year = 2012)
              Rows Removed by Filter: 2364005
Planning time: 0.741 ms
Execution time: 3523.799 ms
