Hash Join  (cost=117182.35..602427.22 rows=509692 width=0) (actual time=2394.883..16535.469 rows=5014235 loops=1)
  Hash Cond: (mi.movie_id = t.id)
  ->  Seq Scan on movie_info mi  (cost=0.00..309384.22 rows=14739122 width=4) (actual time=0.021..6099.984 rows=14835720 loops=1)
  ->  Hash  (cost=115747.36..115747.36 rows=87439 width=8) (actual time=2394.122..2394.122 rows=249969 loops=1)
        Buckets: 131072 (originally 131072)  Batches: 4 (originally 2)  Memory Usage: 3484kB
        ->  Hash Join  (cost=76554.49..115747.36 rows=87439 width=8) (actual time=1499.926..2313.354 rows=249969 loops=1)
              Hash Cond: (mi_idx.movie_id = t.id)
              ->  Seq Scan on movie_info_idx mi_idx  (cost=0.00..21735.35 rows=1380035 width=4) (actual time=0.012..439.255 rows=1380035 loops=1)
              ->  Hash  (cost=73925.90..73925.90 rows=160207 width=4) (actual time=1198.003..1198.003 rows=296441 loops=1)
                    Buckets: 131072  Batches: 4  Memory Usage: 3632kB
                    ->  Seq Scan on title t  (cost=0.00..73925.90 rows=160207 width=4) (actual time=0.010..1102.149 rows=296441 loops=1)
                          Filter: ((production_year < 1986) AND (kind_id = 1))
                          Rows Removed by Filter: 2231871
Planning time: 4.845 ms
Execution time: 17140.316 ms
