Hash Join  (cost=797488.91..824399.59 rows=20 width=0) (actual time=13711.548..13938.752 rows=3 loops=1)
  Hash Cond: (mi_idx.movie_id = t.id)
  ->  Seq Scan on movie_info_idx mi_idx  (cost=0.00..21735.35 rows=1380035 width=4) (actual time=0.019..389.935 rows=1380035 loops=1)
  ->  Hash  (cost=797488.46..797488.46 rows=36 width=8) (actual time=13288.065..13288.065 rows=7 loops=1)
        Buckets: 1024  Batches: 1  Memory Usage: 9kB
        ->  Nested Loop  (cost=0.43..797488.46 rows=36 width=8) (actual time=6894.261..13287.984 rows=7 loops=1)
              ->  Seq Scan on cast_info ci  (cost=0.00..796071.18 rows=168 width=4) (actual time=6161.681..13287.440 rows=20 loops=1)
                    Filter: ((role_id > 3) AND (person_id = 2885471))
                    Rows Removed by Filter: 36244324
              ->  Index Scan using title_pkey on title t  (cost=0.43..8.43 rows=1 width=4) (actual time=0.024..0.024 rows=0 loops=20)
                    Index Cond: (id = ci.movie_id)
                    Filter: (production_year > 2009)
                    Rows Removed by Filter: 1
Planning time: 1.461 ms
Execution time: 13938.887 ms
