Seq Scan on movie_keyword mk  (cost=0.00..81003.12 rows=4261235 width=0) (actual time=0.023..1638.302 rows=4260022 loops=1)
  Filter: (keyword_id < 59179)
  Rows Removed by Filter: 263908
Planning time: 0.339 ms
Execution time: 2161.499 ms
