Hash Join  (cost=101458.67..209122.85 rows=2129224 width=0) (actual time=2130.761..5220.321 rows=1890516 loops=1)
  Hash Cond: (mc.movie_id = t.id)
  ->  Seq Scan on movie_companies mc  (cost=0.00..44881.29 rows=2609129 width=4) (actual time=0.018..944.278 rows=2609129 loops=1)
  ->  Hash  (cost=67604.59..67604.59 rows=2063447 width=4) (actual time=2129.813..2129.813 rows=2060346 loops=1)
        Buckets: 131072  Batches: 32  Memory Usage: 3293kB
        ->  Seq Scan on title t  (cost=0.00..67604.59 rows=2063447 width=4) (actual time=0.012..1454.697 rows=2060346 loops=1)
              Filter: (production_year > 1971)
              Rows Removed by Filter: 467966
Planning time: 0.531 ms
Execution time: 5425.214 ms
