Seq Scan on cast_info ci  (cost=0.00..796071.18 rows=176 width=0) (actual time=8125.500..11978.389 rows=19 loops=1)
  Filter: ((role_id < 2) AND (person_id = 944069))
  Rows Removed by Filter: 36244325
Planning time: 0.429 ms
Execution time: 11978.530 ms
