Hash Join  (cost=110170.46..197594.71 rows=76621 width=0) (actual time=2017.637..4063.370 rows=464309 loops=1)
  Hash Cond: (mk.movie_id = t.id)
  ->  Seq Scan on movie_keyword mk  (cost=0.00..69693.30 rows=4523930 width=4) (actual time=0.025..1052.755 rows=4523930 loops=1)
  ->  Hash  (cost=109635.14..109635.14 rows=42825 width=8) (actual time=2017.215..2017.215 rows=50525 loops=1)
        Buckets: 65536  Batches: 1  Memory Usage: 2486kB
        ->  Hash Join  (cost=77838.49..109635.14 rows=42825 width=8) (actual time=1469.779..1997.894 rows=50525 loops=1)
              Hash Cond: (mi_idx.movie_id = t.id)
              ->  Seq Scan on movie_info_idx mi_idx  (cost=0.00..25185.44 rows=454124 width=4) (actual time=0.017..470.187 rows=459925 loops=1)
                    Filter: (info_type_id = 100)
                    Rows Removed by Filter: 920110
              ->  Hash  (cost=73925.90..73925.90 rows=238447 width=4) (actual time=1268.724..1268.724 rows=200165 loops=1)
                    Buckets: 131072  Batches: 4  Memory Usage: 2784kB
                    ->  Seq Scan on title t  (cost=0.00..73925.90 rows=238447 width=4) (actual time=2.370..1202.727 rows=200165 loops=1)
                          Filter: ((production_year > 2006) AND (kind_id = 1))
                          Rows Removed by Filter: 2328147
Planning time: 12.314 ms
Execution time: 4123.409 ms
