Hash Join  (cost=890091.75..3693601.98 rows=131697869 width=0) (actual time=19265.088..84445.325 rows=116912099 loops=1)
  Hash Cond: (ci.movie_id = t.id)
  ->  Seq Scan on cast_info ci  (cost=0.00..705507.15 rows=30697067 width=4) (actual time=0.017..16692.626 rows=30640266 loops=1)
        Filter: (person_id < 3091777)
        Rows Removed by Filter: 5604078
  ->  Hash  (cost=712116.82..712116.82 rows=10847995 width=8) (actual time=19262.255..19262.255 rows=6534671 loops=1)
        Buckets: 131072  Batches: 256  Memory Usage: 1993kB
        ->  Hash Join  (cost=98137.04..712116.82 rows=10847995 width=8) (actual time=1878.695..17455.313 rows=6534671 loops=1)
              Hash Cond: (mi.movie_id = t.id)
              ->  Seq Scan on movie_info mi  (cost=0.00..309384.22 rows=14739122 width=4) (actual time=0.015..6010.175 rows=14835720 loops=1)
              ->  Hash  (cost=67604.59..67604.59 rows=1860996 width=4) (actual time=1877.430..1877.430 rows=1865487 loops=1)
                    Buckets: 131072  Batches: 32  Memory Usage: 3085kB
                    ->  Seq Scan on title t  (cost=0.00..67604.59 rows=1860996 width=4) (actual time=0.021..1275.255 rows=1865487 loops=1)
                          Filter: (kind_id > 1)
                          Rows Removed by Filter: 662825
Planning time: 2.146 ms
Execution time: 98028.946 ms
