Hash Join  (cost=102767.86..1208608.09 rows=12462957 width=0) (actual time=2232.218..30191.772 rows=12670688 loops=1)
  Hash Cond: (ci.movie_id = t.id)
  ->  Seq Scan on cast_info ci  (cost=0.00..796071.18 rows=12462957 width=4) (actual time=0.020..17337.277 rows=12670688 loops=1)
        Filter: ((person_id < 3912242) AND (role_id = 1))
        Rows Removed by Filter: 23573656
  ->  Hash  (cost=61283.27..61283.27 rows=2528527 width=4) (actual time=2231.248..2231.248 rows=2528312 loops=1)
        Buckets: 131072  Batches: 64  Memory Usage: 2415kB
        ->  Seq Scan on title t  (cost=0.00..61283.27 rows=2528527 width=4) (actual time=0.019..1133.184 rows=2528312 loops=1)
Planning time: 0.803 ms
Execution time: 31651.354 ms
