Hash Join  (cost=91123.00..932361.90 rows=1301723 width=0) (actual time=8299.744..15050.892 rows=778062 loops=1)
  Hash Cond: (ci.movie_id = t.id)
  ->  Seq Scan on cast_info ci  (cost=0.00..796071.18 rows=2296131 width=4) (actual time=6586.277..12239.014 rows=1365710 loops=1)
        Filter: ((person_id < 652160) AND (role_id > 3))
        Rows Removed by Filter: 34878634
  ->  Hash  (cost=67604.59..67604.59 rows=1433473 width=4) (actual time=1712.276..1712.276 rows=1434466 loops=1)
        Buckets: 131072  Batches: 32  Memory Usage: 2600kB
        ->  Seq Scan on title t  (cost=0.00..67604.59 rows=1433473 width=4) (actual time=0.039..1243.754 rows=1434466 loops=1)
              Filter: (production_year > 1999)
              Rows Removed by Filter: 1093846
Planning time: 0.792 ms
Execution time: 15137.629 ms
