Seq Scan on movie_keyword mk  (cost=0.00..81003.12 rows=1303275 width=0) (actual time=0.027..1403.502 rows=1310291 loops=1)
  Filter: (keyword_id < 1717)
  Rows Removed by Filter: 3213639
Planning time: 0.329 ms
Execution time: 1573.828 ms
