Hash Join  (cost=890091.75..3211621.61 rows=100818791 width=0) (actual time=40018.007..129091.415 rows=94513538 loops=1)
  Hash Cond: (ci.movie_id = t.id)
  ->  Seq Scan on cast_info ci  (cost=0.00..705507.15 rows=23499554 width=4) (actual time=0.024..45021.997 rows=23573656 loops=1)
        Filter: (role_id > 1)
        Rows Removed by Filter: 12670688
  ->  Hash  (cost=712116.82..712116.82 rows=10847995 width=8) (actual time=39999.169..39999.169 rows=6534671 loops=1)
        Buckets: 131072  Batches: 256  Memory Usage: 1993kB
        ->  Hash Join  (cost=98137.04..712116.82 rows=10847995 width=8) (actual time=3388.258..37673.018 rows=6534671 loops=1)
              Hash Cond: (mi.movie_id = t.id)
              ->  Seq Scan on movie_info mi  (cost=0.00..309384.22 rows=14739122 width=4) (actual time=0.023..22055.503 rows=14835720 loops=1)
              ->  Hash  (cost=67604.59..67604.59 rows=1860996 width=4) (actual time=3363.064..3363.064 rows=1865487 loops=1)
                    Buckets: 131072  Batches: 32  Memory Usage: 3085kB
                    ->  Seq Scan on title t  (cost=0.00..67604.59 rows=1860996 width=4) (actual time=0.026..2686.166 rows=1865487 loops=1)
                          Filter: (kind_id > 1)
                          Rows Removed by Filter: 662825
Planning time: 1.156 ms
Execution time: 139972.169 ms
