Hash Join  (cost=28270.40..114711.19 rows=211 width=0) (actual time=429.197..2063.866 rows=14216 loops=1)
  Hash Cond: (mk.movie_id = t.id)
  ->  Seq Scan on movie_keyword mk  (cost=0.00..81003.12 rows=1449483 width=4) (actual time=0.937..1427.264 rows=1460707 loops=1)
        Filter: (keyword_id > 11370)
        Rows Removed by Filter: 3063223
  ->  Hash  (cost=28265.80..28265.80 rows=368 width=8) (actual time=425.279..425.279 rows=260 loops=1)
        Buckets: 1024  Batches: 1  Memory Usage: 19kB
        ->  Nested Loop  (cost=0.43..28265.80 rows=368 width=8) (actual time=113.521..425.151 rows=260 loops=1)
              ->  Seq Scan on movie_info_idx mi_idx  (cost=0.00..25185.44 rows=368 width=4) (actual time=113.416..419.545 rows=260 loops=1)
                    Filter: (info_type_id > 101)
                    Rows Removed by Filter: 1379775
              ->  Index Only Scan using title_pkey on title t  (cost=0.43..8.36 rows=1 width=4) (actual time=0.021..0.021 rows=1 loops=260)
                    Index Cond: (id = mi_idx.movie_id)
                    Heap Fetches: 260
Planning time: 1.436 ms
Execution time: 2065.869 ms
