Hash Join  (cost=689531.35..2618374.00 rows=65088241 width=0) (actual time=19313.667..129241.463 rows=304349194 loops=1)
  Hash Cond: (ci.movie_id = t.id)
  ->  Seq Scan on cast_info ci  (cost=0.00..614943.12 rows=36225612 width=4) (actual time=0.012..13969.869 rows=36244344 loops=1)
  ->  Hash  (cost=614995.33..614995.33 rows=4543122 width=8) (actual time=19310.761..19310.761 rows=7558229 loops=1)
        Buckets: 131072 (originally 131072)  Batches: 128 (originally 64)  Memory Usage: 3325kB
        ->  Hash Join  (cost=86713.18..614995.33 rows=4543122 width=8) (actual time=1631.565..17161.250 rows=7558229 loops=1)
              Hash Cond: (mi.movie_id = t.id)
              ->  Seq Scan on movie_info mi  (cost=0.00..309384.22 rows=14739122 width=4) (actual time=0.017..6143.771 rows=14835720 loops=1)
              ->  Hash  (cost=73925.90..73925.90 rows=779382 width=4) (actual time=1630.690..1630.690 rows=689555 loops=1)
                    Buckets: 131072  Batches: 16  Memory Usage: 2549kB
                    ->  Seq Scan on title t  (cost=0.00..73925.90 rows=779382 width=4) (actual time=0.028..1404.758 rows=689555 loops=1)
                          Filter: ((kind_id < 7) AND (production_year > 1976))
                          Rows Removed by Filter: 1838757
Planning time: 1.156 ms
Execution time: 163052.528 ms
