Seq Scan on movie_keyword mk  (cost=0.00..81003.12 rows=3465082 width=0) (actual time=0.023..3992.977 rows=3462151 loops=1)
  Filter: (keyword_id < 16523)
  Rows Removed by Filter: 1061779
Planning time: 0.325 ms
Execution time: 4551.073 ms
