Seq Scan on movie_keyword mk  (cost=0.00..81003.12 rows=2156752 width=0) (actual time=0.016..4098.200 rows=2162244 loops=1)
  Filter: (keyword_id < 4135)
  Rows Removed by Filter: 2361686
Planning time: 0.297 ms
Execution time: 4489.728 ms
