Seq Scan on cast_info ci  (cost=0.00..796071.18 rows=712438 width=0) (actual time=15840.447..25006.643 rows=230528 loops=1)
  Filter: ((person_id < 569352) AND (role_id = 10))
  Rows Removed by Filter: 36013816
Planning time: 0.416 ms
Execution time: 25042.296 ms
