Hash Join  (cost=569257.89..1516656.61 rows=4363516 width=0) (actual time=19087.227..38050.945 rows=14748602 loops=1)
  Hash Cond: (ci.movie_id = t.id)
  ->  Seq Scan on cast_info ci  (cost=0.00..705507.15 rows=12726058 width=4) (actual time=5012.238..14290.076 rows=12670688 loops=1)
        Filter: (role_id = 1)
        Rows Removed by Filter: 23573656
  ->  Hash  (cost=555033.61..555033.61 rows=866982 width=8) (actual time=14071.624..14071.624 rows=1668608 loops=1)
        Buckets: 131072 (originally 131072)  Batches: 32 (originally 16)  Memory Usage: 3073kB
        ->  Hash Join  (cost=70840.90..555033.61 rows=866982 width=8) (actual time=1204.719..13547.564 rows=1668608 loops=1)
              Hash Cond: (mi.movie_id = t.id)
              ->  Seq Scan on movie_info mi  (cost=0.00..346232.03 rows=11115165 width=4) (actual time=0.041..6984.632 rows=11210743 loops=1)
                    Filter: (info_type_id > 3)
                    Rows Removed by Filter: 3624977
              ->  Hash  (cost=67604.59..67604.59 rows=197225 width=4) (actual time=1203.830..1203.830 rows=194989 loops=1)
                    Buckets: 131072  Batches: 4  Memory Usage: 2744kB
                    ->  Seq Scan on title t  (cost=0.00..67604.59 rows=197225 width=4) (actual time=0.018..1136.288 rows=194989 loops=1)
                          Filter: (production_year < 1955)
                          Rows Removed by Filter: 2333323
Planning time: 2.305 ms
Execution time: 39674.916 ms
