Seq Scan on cast_info ci  (cost=0.00..796071.18 rows=4304474 width=0) (actual time=4796.820..32133.580 rows=2652291 loops=1)
  Filter: ((person_id < 929237) AND (role_id > 2))
  Rows Removed by Filter: 33592053
Planning time: 0.353 ms
Execution time: 32549.428 ms
