Seq Scan on movie_companies mc  (cost=0.00..57926.93 rows=1058390 width=0) (actual time=0.379..2558.870 rows=799886 loops=1)
  Filter: ((company_id < 72426) AND (company_type_id > 1))
  Rows Removed by Filter: 1809243
Planning time: 0.329 ms
Execution time: 2672.317 ms
