Hash Join  (cost=75544.82..1123864.90 rows=1413092 width=0) (actual time=3647.314..54636.111 rows=606 loops=1)
  Hash Cond: (ci.movie_id = t.id)
  ->  Seq Scan on cast_info ci  (cost=0.00..614943.12 rows=36225612 width=4) (actual time=0.022..37182.668 rows=36244344 loops=1)
  ->  Hash  (cost=73925.90..73925.90 rows=98633 width=4) (actual time=3462.462..3462.462 rows=83 loops=1)
        Buckets: 131072  Batches: 2  Memory Usage: 1026kB
        ->  Seq Scan on title t  (cost=0.00..73925.90 rows=98633 width=4) (actual time=561.514..3462.256 rows=83 loops=1)
              Filter: ((kind_id > 1) AND (production_year < 1938))
              Rows Removed by Filter: 2528229
Planning time: 0.731 ms
Execution time: 54636.676 ms
