Hash Join  (cost=171988.68..300180.47 rows=507975 width=0) (actual time=3694.224..6950.830 rows=879370 loops=1)
  Hash Cond: (mk.movie_id = t.id)
  ->  Seq Scan on movie_keyword mk  (cost=0.00..69693.30 rows=4523930 width=4) (actual time=0.022..1382.561 rows=4523930 loops=1)
  ->  Hash  (cost=167329.70..167329.70 rows=283919 width=8) (actual time=3693.207..3693.207 rows=253774 loops=1)
        Buckets: 131072  Batches: 4  Memory Usage: 3514kB
        ->  Hash Join  (cost=95087.33..167329.70 rows=283919 width=8) (actual time=1993.000..3621.803 rows=253774 loops=1)
              Hash Cond: (mc.movie_id = t.id)
              ->  Seq Scan on movie_companies mc  (cost=0.00..57926.93 rows=556598 width=4) (actual time=0.033..963.055 rows=854774 loops=1)
                    Filter: ((company_id > 14002) AND (company_type_id = 2))
                    Rows Removed by Filter: 1754355
              ->  Hash  (cost=73925.90..73925.90 rows=1289794 width=4) (actual time=1991.703..1991.703 rows=1413747 loops=1)
                    Buckets: 131072  Batches: 32  Memory Usage: 2586kB
                    ->  Seq Scan on title t  (cost=0.00..73925.90 rows=1289794 width=4) (actual time=0.022..1521.776 rows=1413747 loops=1)
                          Filter: ((kind_id > 1) AND (production_year > 1990))
                          Rows Removed by Filter: 1114565
Planning time: 1.205 ms
Execution time: 7059.140 ms
