Hash Join  (cost=193982.54..225900.01 rows=43353 width=0) (actual time=9769.798..11479.068 rows=150870 loops=1)
  Hash Cond: (mi_idx.movie_id = t.id)
  ->  Seq Scan on movie_info_idx mi_idx  (cost=0.00..25185.44 rows=464934 width=4) (actual time=0.018..1398.648 rows=460185 loops=1)
        Filter: (info_type_id > 100)
        Rows Removed by Filter: 919850
  ->  Hash  (cost=190114.34..190114.34 rows=235776 width=8) (actual time=9769.025..9769.025 rows=201311 loops=1)
        Buckets: 131072  Batches: 4  Memory Usage: 2991kB
        ->  Hash Join  (cost=95609.14..190114.34 rows=235776 width=8) (actual time=4730.911..9693.218 rows=201311 loops=1)
              Hash Cond: (mk.movie_id = t.id)
              ->  Seq Scan on movie_keyword mk  (cost=0.00..81003.12 rows=349264 width=4) (actual time=0.033..4039.054 rows=363692 loops=1)
                    Filter: (keyword_id < 335)
                    Rows Removed by Filter: 4160238
              ->  Hash  (cost=67604.59..67604.59 rows=1706924 width=4) (actual time=4729.896..4729.896 rows=1700316 loops=1)
                    Buckets: 131072  Batches: 32  Memory Usage: 2903kB
                    ->  Seq Scan on title t  (cost=0.00..67604.59 rows=1706924 width=4) (actual time=0.009..3990.288 rows=1700316 loops=1)
                          Filter: (production_year > 1992)
                          Rows Removed by Filter: 827996
Planning time: 6.200 ms
Execution time: 11500.800 ms
