Seq Scan on cast_info ci  (cost=0.00..796071.18 rows=238499 width=0) (actual time=630.241..38836.726 rows=270447 loops=1)
  Filter: ((person_id > 1126902) AND (role_id > 10))
  Rows Removed by Filter: 35973897
Planning time: 0.393 ms
Execution time: 38879.583 ms
