Hash Join  (cost=102767.86..250061.37 rows=2344393 width=0) (actual time=5035.786..12029.040 rows=2342991 loops=1)
  Hash Cond: (mk.movie_id = t.id)
  ->  Seq Scan on movie_keyword mk  (cost=0.00..81003.12 rows=2344393 width=4) (actual time=0.027..4603.483 rows=2342991 loops=1)
        Filter: (keyword_id > 4297)
        Rows Removed by Filter: 2180939
  ->  Hash  (cost=61283.27..61283.27 rows=2528527 width=4) (actual time=5018.821..5018.821 rows=2528312 loops=1)
        Buckets: 131072  Batches: 64  Memory Usage: 2425kB
        ->  Seq Scan on title t  (cost=0.00..61283.27 rows=2528527 width=4) (actual time=0.025..3941.730 rows=2528312 loops=1)
Planning time: 1.318 ms
Execution time: 12303.549 ms
