Hash Join  (cost=195799.80..252499.21 rows=30925 width=0) (actual time=8632.703..11443.307 rows=26668 loops=1)
  Hash Cond: (mc.movie_id = t.id)
  ->  Seq Scan on movie_companies mc  (cost=0.00..51404.11 rows=1329612 width=4) (actual time=0.015..2404.361 rows=1334883 loops=1)
        Filter: (company_type_id = 2)
        Rows Removed by Filter: 1274246
  ->  Hash  (cost=195064.66..195064.66 rows=58811 width=8) (actual time=8632.284..8632.284 rows=58448 loops=1)
        Buckets: 65536  Batches: 1  Memory Usage: 2796kB
        ->  Hash Join  (cost=102767.86..195064.66 rows=58811 width=8) (actual time=4328.058..8609.100 rows=58448 loops=1)
              Hash Cond: (mk.movie_id = t.id)
              ->  Seq Scan on movie_keyword mk  (cost=0.00..81003.12 rows=58811 width=4) (actual time=1.048..3312.441 rows=58448 loops=1)
                    Filter: (keyword_id = 16264)
                    Rows Removed by Filter: 4465482
              ->  Hash  (cost=61283.27..61283.27 rows=2528527 width=4) (actual time=4326.286..4326.286 rows=2528312 loops=1)
                    Buckets: 131072  Batches: 64  Memory Usage: 2425kB
                    ->  Seq Scan on title t  (cost=0.00..61283.27 rows=2528527 width=4) (actual time=0.016..3338.251 rows=2528312 loops=1)
Planning time: 1.036 ms
Execution time: 11448.771 ms
