Hash Join  (cost=73950.44..160643.60 rows=3512 width=0) (actual time=2554.595..5558.172 rows=31630 loops=1)
  Hash Cond: (mk.movie_id = t.id)
  ->  Seq Scan on movie_keyword mk  (cost=0.00..69693.30 rows=4523930 width=4) (actual time=0.024..2231.729 rows=4523930 loops=1)
  ->  Hash  (cost=73925.90..73925.90 rows=1963 width=4) (actual time=2392.310..2392.310 rows=5190 loops=1)
        Buckets: 8192 (originally 2048)  Batches: 1 (originally 1)  Memory Usage: 247kB
        ->  Seq Scan on title t  (cost=0.00..73925.90 rows=1963 width=4) (actual time=1198.256..2389.722 rows=5190 loops=1)
              Filter: ((kind_id = 1) AND (production_year = 1992))
              Rows Removed by Filter: 2523122
Planning time: 0.781 ms
Execution time: 5562.537 ms
