Seq Scan on cast_info ci  (cost=0.00..796071.18 rows=323406 width=0) (actual time=11637.596..43262.884 rows=306495 loops=1)
  Filter: ((person_id > 262072) AND (role_id > 10))
  Rows Removed by Filter: 35937849
Planning time: 11.208 ms
Execution time: 43305.238 ms
