Hash Join  (cost=216772.71..646824.20 rows=1188789 width=0) (actual time=16794.905..31157.198 rows=7135036 loops=1)
  Hash Cond: (mi.movie_id = t.id)
  ->  Seq Scan on movie_info mi  (cost=0.00..346232.03 rows=5445713 width=4) (actual time=4528.737..13426.651 rows=5410520 loops=1)
        Filter: (info_type_id < 6)
        Rows Removed by Filter: 9425200
  ->  Hash  (cost=207716.05..207716.05 rows=551973 width=8) (actual time=12259.411..12259.411 rows=667415 loops=1)
        Buckets: 131072 (originally 131072)  Batches: 16 (originally 8)  Memory Usage: 3073kB
        ->  Hash Join  (cost=78988.28..207716.05 rows=551973 width=8) (actual time=3649.625..11643.694 rows=667415 loops=1)
              Hash Cond: (mk.movie_id = t.id)
              ->  Seq Scan on movie_keyword mk  (cost=0.00..69693.30 rows=4523930 width=4) (actual time=0.030..4978.374 rows=4523930 loops=1)
              ->  Hash  (cost=73925.90..73925.90 rows=308510 width=4) (actual time=3648.617..3648.617 rows=266599 loops=1)
                    Buckets: 131072  Batches: 8  Memory Usage: 2198kB
                    ->  Seq Scan on title t  (cost=0.00..73925.90 rows=308510 width=4) (actual time=0.035..2851.306 rows=266599 loops=1)
                          Filter: ((kind_id < 7) AND (production_year > 2007))
                          Rows Removed by Filter: 2261713
Planning time: 3.778 ms
Execution time: 32134.272 ms
