Seq Scan on cast_info ci  (cost=0.00..796071.18 rows=3010030 width=0) (actual time=778.481..34575.437 rows=1866267 loops=1)
  Filter: ((person_id < 643643) AND (role_id > 2))
  Rows Removed by Filter: 34378077
Planning time: 0.463 ms
Execution time: 34900.783 ms
