Hash Join  (cost=83074.74..109986.57 rows=134 width=0) (actual time=3504.688..4721.686 rows=381 loops=1)
  Hash Cond: (mi_idx.movie_id = t.id)
  ->  Seq Scan on movie_info_idx mi_idx  (cost=0.00..21735.35 rows=1380035 width=4) (actual time=0.011..932.374 rows=1380035 loops=1)
  ->  Hash  (cost=83071.67..83071.67 rows=246 width=8) (actual time=3468.294..3468.294 rows=151 loops=1)
        Buckets: 1024  Batches: 1  Memory Usage: 14kB
        ->  Nested Loop  (cost=0.43..83071.67 rows=246 width=8) (actual time=6.654..3468.050 rows=151 loops=1)
              ->  Seq Scan on movie_keyword mk  (cost=0.00..81003.12 rows=246 width=4) (actual time=6.607..3455.498 rows=151 loops=1)
                    Filter: (keyword_id = 8270)
                    Rows Removed by Filter: 4523779
              ->  Index Only Scan using title_pkey on title t  (cost=0.43..8.40 rows=1 width=4) (actual time=0.078..0.079 rows=1 loops=151)
                    Index Cond: (id = mk.movie_id)
                    Heap Fetches: 151
Planning time: 1.094 ms
Execution time: 4721.874 ms
