Hash Join  (cost=73950.44..421962.21 rows=368 width=0) (actual time=10560.558..14596.837 rows=4336 loops=1)
  Hash Cond: (mi.movie_id = t.id)
  ->  Seq Scan on movie_info mi  (cost=0.00..346232.03 rows=473617 width=4) (actual time=7841.248..12021.353 rows=486554 loops=1)
        Filter: (info_type_id = 5)
        Rows Removed by Filter: 14349166
  ->  Hash  (cost=73925.90..73925.90 rows=1963 width=4) (actual time=2481.424..2481.424 rows=4643 loops=1)
        Buckets: 8192 (originally 2048)  Batches: 1 (originally 1)  Memory Usage: 228kB
        ->  Seq Scan on title t  (cost=0.00..73925.90 rows=1963 width=4) (actual time=1361.984..2478.971 rows=4643 loops=1)
              Filter: ((kind_id = 1) AND (production_year = 1986))
              Rows Removed by Filter: 2523669
Planning time: 0.793 ms
Execution time: 14597.616 ms
