Hash Join  (cost=83074.26..833879.05 rows=1559 width=0) (actual time=3999.766..42109.717 rows=517 loops=1)
  Hash Cond: (ci.movie_id = t.id)
  ->  Seq Scan on cast_info ci  (cost=0.00..614943.12 rows=36225612 width=4) (actual time=0.015..29742.235 rows=36244344 loops=1)
  ->  Hash  (cost=83072.90..83072.90 rows=109 width=8) (actual time=3998.095..3998.095 rows=15 loops=1)
        Buckets: 1024  Batches: 1  Memory Usage: 9kB
        ->  Nested Loop  (cost=0.43..83072.90 rows=109 width=8) (actual time=2790.148..3998.063 rows=15 loops=1)
              ->  Seq Scan on movie_keyword mk  (cost=0.00..81003.12 rows=246 width=4) (actual time=0.326..3545.380 rows=3052 loops=1)
                    Filter: (keyword_id = 3666)
                    Rows Removed by Filter: 4520878
              ->  Index Scan using title_pkey on title t  (cost=0.43..8.40 rows=1 width=4) (actual time=0.147..0.147 rows=0 loops=3052)
                    Index Cond: (id = mk.movie_id)
                    Filter: ((production_year > 1986) AND (kind_id = 7))
                    Rows Removed by Filter: 1
Planning time: 11.156 ms
Execution time: 42110.320 ms
