Hash Join  (cost=134476.95..221664.57 rows=42648 width=0) (actual time=6968.767..11212.026 rows=228931 loops=1)
  Hash Cond: (mk.movie_id = t.id)
  ->  Seq Scan on movie_keyword mk  (cost=0.00..81003.12 rows=408805 width=4) (actual time=0.023..3913.499 rows=404347 loops=1)
        Filter: (keyword_id > 43015)
        Rows Removed by Filter: 4119583
  ->  Hash  (cost=130148.65..130148.65 rows=263784 width=8) (actual time=6967.798..6967.798 rows=316298 loops=1)
        Buckets: 131072 (originally 131072)  Batches: 8 (originally 4)  Memory Usage: 3073kB
        ->  Hash Join  (cost=91342.70..130148.65 rows=263784 width=8) (actual time=4787.083..6858.129 rows=316298 loops=1)
              Hash Cond: (mi_idx.movie_id = t.id)
              ->  Seq Scan on movie_info_idx mi_idx  (cost=0.00..25185.44 rows=460978 width=4) (actual time=0.025..1356.481 rows=459925 loops=1)
                    Filter: (info_type_id = 99)
                    Rows Removed by Filter: 920110
              ->  Hash  (cost=67604.59..67604.59 rows=1446889 width=4) (actual time=4786.114..4786.114 rows=1443298 loops=1)
                    Buckets: 131072  Batches: 32  Memory Usage: 2608kB
                    ->  Seq Scan on title t  (cost=0.00..67604.59 rows=1446889 width=4) (actual time=0.024..4225.600 rows=1443298 loops=1)
                          Filter: (production_year < 2006)
                          Rows Removed by Filter: 1085014
Planning time: 2.743 ms
Execution time: 11248.618 ms
