Hash Join  (cost=317734.51..1139114.55 rows=4783175 width=0) (actual time=28504.977..62112.643 rows=11638817 loops=1)
  Hash Cond: (ci.movie_id = t.id)
  ->  Seq Scan on cast_info ci  (cost=0.00..705507.15 rows=3998100 width=4) (actual time=12828.546..39419.663 rows=4008037 loops=1)
        Filter: (role_id = 3)
        Rows Removed by Filter: 32236307
  ->  Hash  (cost=268104.59..268104.59 rows=3025034 width=8) (actual time=15674.844..15674.844 rows=2869009 loops=1)
        Buckets: 131072  Batches: 64  Memory Usage: 2741kB
        ->  Hash Join  (cost=104196.70..268104.59 rows=3025034 width=8) (actual time=5844.970..14701.119 rows=2869009 loops=1)
              Hash Cond: (mk.movie_id = t.id)
              ->  Seq Scan on movie_keyword mk  (cost=0.00..81003.12 rows=3429485 width=4) (actual time=0.038..5181.733 rows=3421625 loops=1)
                    Filter: (keyword_id > 1132)
                    Rows Removed by Filter: 1102305
              ->  Hash  (cost=67604.59..67604.59 rows=2230329 width=4) (actual time=5843.389..5843.389 rows=2225335 loops=1)
                    Buckets: 131072  Batches: 32  Memory Usage: 3481kB
                    ->  Seq Scan on title t  (cost=0.00..67604.59 rows=2230329 width=4) (actual time=0.018..4828.142 rows=2225335 loops=1)
                          Filter: (production_year > 1958)
                          Rows Removed by Filter: 302977
Planning time: 1.126 ms
Execution time: 63626.870 ms
