Seq Scan on movie_keyword mk  (cost=0.00..81003.12 rows=837456 width=0) (actual time=0.019..3866.140 rows=842843 loops=1)
  Filter: (keyword_id > 21769)
  Rows Removed by Filter: 3681087
Planning time: 0.217 ms
Execution time: 4010.969 ms
