Hash Join  (cost=77062.89..211631.48 rows=1031456 width=0) (actual time=4644.584..12682.124 rows=1419808 loops=1)
  Hash Cond: (mk.movie_id = t.id)
  ->  Seq Scan on movie_keyword mk  (cost=0.00..69693.30 rows=4523930 width=4) (actual time=0.030..4917.380 rows=4523930 loops=1)
  ->  Hash  (cost=67604.59..67604.59 rows=576504 width=4) (actual time=4643.550..4643.550 rows=568449 loops=1)
        Buckets: 131072  Batches: 8  Memory Usage: 3519kB
        ->  Seq Scan on title t  (cost=0.00..67604.59 rows=576504 width=4) (actual time=0.027..3875.095 rows=568449 loops=1)
              Filter: (production_year < 1984)
              Rows Removed by Filter: 1959863
Planning time: 10.386 ms
Execution time: 12880.238 ms
