Seq Scan on movie_keyword mk  (cost=0.00..81003.12 rows=246 width=0) (actual time=95.921..3667.796 rows=46 loops=1)
  Filter: (keyword_id = 13772)
  Rows Removed by Filter: 4523884
Planning time: 0.376 ms
Execution time: 3667.918 ms
