Hash Join  (cost=67697.55..418987.61 rows=3936 width=169) (actual time=3492.397..9251.146 rows=39491 loops=1)
  Hash Cond: (mi.movie_id = t.id)
  ->  Seq Scan on movie_info mi  (cost=0.00..346232.03 rows=1338312 width=75) (actual time=1779.337..7505.969 rows=1401902 loops=1)
        Filter: (info_type_id = 7)
        Rows Removed by Filter: 13433818
  ->  Hash  (cost=67604.59..67604.59 rows=7437 width=94) (actual time=1484.034..1484.034 rows=8902 loops=1)
        Buckets: 16384 (originally 8192)  Batches: 1 (originally 1)  Memory Usage: 1113kB
        ->  Seq Scan on title t  (cost=0.00..67604.59 rows=7437 width=94) (actual time=591.043..1479.216 rows=8902 loops=1)
              Filter: (production_year = 1913)
              Rows Removed by Filter: 2519410
Planning time: 0.560 ms
Execution time: 9253.645 ms
