Hash Join  (cost=300143.08..1896016.64 rows=18331339 width=176) (actual time=7057.629..72717.535 rows=47470011 loops=1)
  Hash Cond: (ci.movie_id = t.id)
  ->  Seq Scan on cast_info ci  (cost=0.00..614943.12 rows=36225612 width=42) (actual time=0.013..13376.509 rows=36244344 loops=1)
  ->  Hash  (cost=259158.12..259158.12 rows=1279517 width=134) (actual time=7057.298..7057.298 rows=1274246 loops=1)
        Buckets: 32768  Batches: 64  Memory Usage: 3262kB
        ->  Hash Join  (cost=129928.86..259158.12 rows=1279517 width=134) (actual time=2671.111..6252.499 rows=1274246 loops=1)
              Hash Cond: (mc.movie_id = t.id)
              ->  Seq Scan on movie_companies mc  (cost=0.00..51404.11 rows=1279517 width=40) (actual time=0.021..1257.345 rows=1274246 loops=1)
                    Filter: (company_type_id = 1)
                    Rows Removed by Filter: 1334883
              ->  Hash  (cost=61283.27..61283.27 rows=2528527 width=94) (actual time=2668.481..2668.481 rows=2528312 loops=1)
                    Buckets: 32768  Batches: 128  Memory Usage: 2453kB
                    ->  Seq Scan on title t  (cost=0.00..61283.27 rows=2528527 width=94) (actual time=0.014..1338.047 rows=2528312 loops=1)
Planning time: 2.317 ms
Execution time: 75261.783 ms
