Seq Scan on movie_companies mc  (cost=0.00..57926.93 rows=53 width=0) (actual time=1353.079..2411.732 rows=7 loops=1)
  Filter: ((company_id = 83201) AND (company_type_id = 2))
  Rows Removed by Filter: 2609122
Planning time: 12.530 ms
Execution time: 2411.821 ms
