Hash Join  (cost=83074.59..907971.07 rows=410 width=0) (actual time=16149.677..41856.787 rows=26 loops=1)
  Hash Cond: (ci.movie_id = t.id)
  ->  Seq Scan on cast_info ci  (cost=0.00..796071.18 rows=7685654 width=4) (actual time=12858.192..38117.353 rows=2361307 loops=1)
        Filter: ((person_id > 1405889) AND (role_id = 1))
        Rows Removed by Filter: 33883037
  ->  Hash  (cost=83072.90..83072.90 rows=135 width=8) (actual time=3276.385..3276.385 rows=10 loops=1)
        Buckets: 1024  Batches: 1  Memory Usage: 9kB
        ->  Nested Loop  (cost=0.43..83072.90 rows=135 width=8) (actual time=848.238..3276.361 rows=10 loops=1)
              ->  Seq Scan on movie_keyword mk  (cost=0.00..81003.12 rows=246 width=4) (actual time=292.227..3243.831 rows=41 loops=1)
                    Filter: (keyword_id = 12068)
                    Rows Removed by Filter: 4523889
              ->  Index Scan using title_pkey on title t  (cost=0.43..8.40 rows=1 width=4) (actual time=0.786..0.787 rows=0 loops=41)
                    Index Cond: (id = mk.movie_id)
                    Filter: ((production_year > 1953) AND (kind_id = 7))
                    Rows Removed by Filter: 1
Planning time: 1.281 ms
Execution time: 41856.939 ms
