Hash Join  (cost=83810.17..225983.89 rows=1447239 width=0) (actual time=3105.887..9512.274 rows=3187211 loops=1)
  Hash Cond: (mk.movie_id = t.id)
  ->  Seq Scan on movie_keyword mk  (cost=0.00..81003.12 rows=3704853 width=4) (actual time=0.021..3334.433 rows=3696427 loops=1)
        Filter: (keyword_id < 22230)
        Rows Removed by Filter: 827503
  ->  Hash  (cost=67604.59..67604.59 rows=987727 width=4) (actual time=3104.565..3104.565 rows=985048 loops=1)
        Buckets: 131072  Batches: 16  Memory Usage: 3197kB
        ->  Seq Scan on title t  (cost=0.00..67604.59 rows=987727 width=4) (actual time=0.013..2737.822 rows=985048 loops=1)
              Filter: (kind_id < 7)
              Rows Removed by Filter: 1543264
Planning time: 8.807 ms
Execution time: 9913.048 ms
