Hash Join  (cost=75342.47..113843.88 rows=47093 width=0) (actual time=1444.892..2084.824 rows=21303 loops=1)
  Hash Cond: (mi_idx.movie_id = t.id)
  ->  Seq Scan on movie_info_idx mi_idx  (cost=0.00..21735.35 rows=1380035 width=4) (actual time=0.029..430.741 rows=1380035 loops=1)
  ->  Hash  (cost=73925.90..73925.90 rows=86285 width=4) (actual time=1196.119..1196.119 rows=92628 loops=1)
        Buckets: 131072  Batches: 2  Memory Usage: 2653kB
        ->  Seq Scan on title t  (cost=0.00..73925.90 rows=86285 width=4) (actual time=3.424..1161.036 rows=92628 loops=1)
              Filter: ((kind_id = 7) AND (production_year = 2010))
              Rows Removed by Filter: 2435684
Planning time: 0.740 ms
Execution time: 2088.173 ms
