Seq Scan on cast_info ci  (cost=0.00..705507.15 rows=28052663 width=0) (actual time=0.010..40029.456 rows=28201787 loops=1)
  Filter: (person_id > 786618)
  Rows Removed by Filter: 8042557
Planning time: 0.308 ms
Execution time: 44739.484 ms
