Hash Join  (cost=149301.03..1194947.66 rows=1152846 width=0) (actual time=7200.444..63914.201 rows=1073690 loops=1)
  Hash Cond: (ci.movie_id = t.id)
  ->  Seq Scan on cast_info ci  (cost=0.00..614943.12 rows=36225612 width=4) (actual time=0.012..40597.637 rows=36244344 loops=1)
  ->  Hash  (cost=147980.18..147980.18 rows=80468 width=8) (actual time=7199.636..7199.636 rows=57229 loops=1)
        Buckets: 131072  Batches: 2  Memory Usage: 2144kB
        ->  Hash Join  (cost=82778.48..147980.18 rows=80468 width=8) (actual time=5444.247..7176.912 rows=57229 loops=1)
              Hash Cond: (mc.movie_id = t.id)
              ->  Seq Scan on movie_companies mc  (cost=0.00..57926.93 rows=377090 width=4) (actual time=1141.051..2645.788 rows=215389 loops=1)
                    Filter: ((company_id < 1435) AND (company_type_id = 2))
                    Rows Removed by Filter: 2393740
              ->  Hash  (cost=73925.90..73925.90 rows=539566 width=4) (actual time=4302.265..4302.265 rows=428248 loops=1)
                    Buckets: 131072  Batches: 8  Memory Usage: 2890kB
                    ->  Seq Scan on title t  (cost=0.00..73925.90 rows=539566 width=4) (actual time=0.027..4144.585 rows=428248 loops=1)
                          Filter: ((production_year < 1997) AND (kind_id = 7))
                          Rows Removed by Filter: 2100064
Planning time: 1.158 ms
Execution time: 64084.882 ms
