Seq Scan on cast_info ci  (cost=0.00..705507.15 rows=34741270 width=0) (actual time=0.028..40670.662 rows=34753869 loops=1)
  Filter: (person_id < 3768501)
  Rows Removed by Filter: 1490475
Planning time: 1.772 ms
Execution time: 46250.124 ms
