Seq Scan on movie_keyword mk  (cost=0.00..81003.12 rows=2900217 width=0) (actual time=0.014..2709.695 rows=2890666 loops=1)
  Filter: (keyword_id < 9088)
  Rows Removed by Filter: 1633264
Planning time: 0.339 ms
Execution time: 3086.999 ms
