Hash Join  (cost=94576.63..181250.92 rows=1625 width=0) (actual time=3702.516..7007.679 rows=720 loops=1)
  Hash Cond: (mk.movie_id = t.id)
  ->  Seq Scan on movie_keyword mk  (cost=0.00..69693.30 rows=4523930 width=4) (actual time=0.024..2467.342 rows=4523930 loops=1)
  ->  Hash  (cost=94565.28..94565.28 rows=908 width=8) (actual time=3701.645..3701.645 rows=520 loops=1)
        Buckets: 1024  Batches: 1  Memory Usage: 29kB
        ->  Hash Join  (cost=67667.80..94565.28 rows=908 width=8) (actual time=2927.579..3701.302 rows=520 loops=1)
              Hash Cond: (mi_idx.movie_id = t.id)
              ->  Seq Scan on movie_info_idx mi_idx  (cost=0.00..25185.44 rows=454124 width=4) (actual time=0.020..820.883 rows=459925 loops=1)
                    Filter: (info_type_id = 100)
                    Rows Removed by Filter: 920110
              ->  Hash  (cost=67604.59..67604.59 rows=5057 width=4) (actual time=2795.606..2795.606 rows=1036 loops=1)
                    Buckets: 8192  Batches: 1  Memory Usage: 101kB
                    ->  Seq Scan on title t  (cost=0.00..67604.59 rows=5057 width=4) (actual time=0.364..2794.912 rows=1036 loops=1)
                          Filter: (production_year < 1897)
                          Rows Removed by Filter: 2527276
Planning time: 6.520 ms
Execution time: 7007.975 ms
