Nested Loop  (cost=0.43..150060.35 rows=7880 width=0) (actual time=7.714..3666.274 rows=1762 loops=1)
  ->  Seq Scan on movie_keyword mk  (cost=0.00..81003.12 rows=10707 width=4) (actual time=0.082..2581.494 rows=10307 loops=1)
        Filter: (keyword_id = 870)
        Rows Removed by Filter: 4513623
  ->  Index Scan using title_pkey on title t  (cost=0.43..6.44 rows=1 width=4) (actual time=0.104..0.105 rows=0 loops=10307)
        Index Cond: (id = mk.movie_id)
        Filter: (kind_id > 1)
        Rows Removed by Filter: 1
Planning time: 0.753 ms
Execution time: 3667.254 ms
