Seq Scan on movie_companies mc  (cost=0.00..57926.93 rows=466010 width=0) (actual time=0.049..2558.239 rows=788973 loops=1)
  Filter: ((company_id > 19962) AND (company_type_id > 1))
  Rows Removed by Filter: 1820156
Planning time: 6.264 ms
Execution time: 2687.746 ms
