Hash Join  (cost=100997.56..465944.76 rows=6980 width=0) (actual time=15306.959..24047.554 rows=14538 loops=1)
  Hash Cond: (mi.movie_id = t.id)
  ->  Seq Scan on movie_info mi  (cost=0.00..346232.03 rows=4972096 width=4) (actual time=9723.546..18032.893 rows=4923966 loops=1)
        Filter: (info_type_id < 5)
        Rows Removed by Filter: 9911754
  ->  Hash  (cost=100953.19..100953.19 rows=3550 width=8) (actual time=4959.836..4959.836 rows=3708 loops=1)
        Buckets: 4096  Batches: 1  Memory Usage: 177kB
        ->  Hash Join  (cost=74007.21..100953.19 rows=3550 width=8) (actual time=3410.879..4958.247 rows=3708 loops=1)
              Hash Cond: (mi_idx.movie_id = t.id)
              ->  Seq Scan on movie_info_idx mi_idx  (cost=0.00..21735.35 rows=1380035 width=4) (actual time=0.020..1171.820 rows=1380035 loops=1)
              ->  Hash  (cost=73925.90..73925.90 rows=6504 width=4) (actual time=3410.555..3410.555 rows=3580 loops=1)
                    Buckets: 8192  Batches: 1  Memory Usage: 190kB
                    ->  Seq Scan on title t  (cost=0.00..73925.90 rows=6504 width=4) (actual time=450.745..3408.654 rows=3580 loops=1)
                          Filter: ((kind_id = 3) AND (production_year = 2011))
                          Rows Removed by Filter: 2524732
Planning time: 1.148 ms
Execution time: 24057.411 ms
