Hash Join  (cost=102767.86..198647.44 rows=1166686 width=0) (actual time=2177.511..4492.952 rows=1014781 loops=1)
  Hash Cond: (mc.movie_id = t.id)
  ->  Seq Scan on movie_companies mc  (cost=0.00..57926.93 rows=1166686 width=4) (actual time=185.925..1218.573 rows=1014781 loops=1)
        Filter: ((company_id < 91513) AND (company_type_id = 2))
        Rows Removed by Filter: 1594348
  ->  Hash  (cost=61283.27..61283.27 rows=2528527 width=4) (actual time=1990.230..1990.230 rows=2528312 loops=1)
        Buckets: 131072  Batches: 64  Memory Usage: 2415kB
        ->  Seq Scan on title t  (cost=0.00..61283.27 rows=2528527 width=4) (actual time=0.025..1144.339 rows=2528312 loops=1)
Planning time: 0.746 ms
Execution time: 4616.332 ms
