Hash Join  (cost=147651.59..281998.87 rows=1013224 width=0) (actual time=8122.557..15914.185 rows=1259292 loops=1)
  Hash Cond: (mk.movie_id = t.id)
  ->  Seq Scan on movie_keyword mk  (cost=0.00..69693.30 rows=4523930 width=4) (actual time=0.019..5015.839 rows=4523930 loops=1)
  ->  Hash  (cost=138359.66..138359.66 rows=566314 width=8) (actual time=8120.757..8120.757 rows=343062 loops=1)
        Buckets: 131072  Batches: 8  Memory Usage: 2697kB
        ->  Hash Join  (cost=90950.04..138359.66 rows=566314 width=8) (actual time=5360.878..8006.491 rows=343062 loops=1)
              Hash Cond: (mi_idx.movie_id = t.id)
              ->  Seq Scan on movie_info_idx mi_idx  (cost=0.00..21735.35 rows=1380035 width=4) (actual time=0.016..1625.817 rows=1380035 loops=1)
              ->  Hash  (cost=73925.90..73925.90 rows=1037611 width=4) (actual time=5360.099..5360.099 rows=1156310 loops=1)
                    Buckets: 131072  Batches: 16  Memory Usage: 3575kB
                    ->  Seq Scan on title t  (cost=0.00..73925.90 rows=1037611 width=4) (actual time=0.024..4615.771 rows=1156310 loops=1)
                          Filter: ((kind_id > 3) AND (production_year > 1996))
                          Rows Removed by Filter: 1372002
Planning time: 2.092 ms
Execution time: 16057.918 ms
