Hash Join  (cost=78670.55..585433.94 rows=1434710 width=0) (actual time=4832.825..31241.667 rows=644005 loops=1)
  Hash Cond: (mi.movie_id = t.id)
  ->  Seq Scan on movie_info mi  (cost=0.00..346232.03 rows=12545135 width=4) (actual time=0.013..19622.733 rows=12601870 loops=1)
        Filter: (info_type_id < 17)
        Rows Removed by Filter: 2233850
  ->  Hash  (cost=73925.90..73925.90 rows=289172 width=4) (actual time=4829.274..4829.274 rows=292674 loops=1)
        Buckets: 131072  Batches: 4  Memory Usage: 3623kB
        ->  Seq Scan on title t  (cost=0.00..73925.90 rows=289172 width=4) (actual time=0.024..4391.509 rows=292674 loops=1)
              Filter: ((kind_id > 1) AND (production_year > 2010))
              Rows Removed by Filter: 2235638
Planning time: 0.766 ms
Execution time: 31337.285 ms
