Seq Scan on movie_keyword mk  (cost=0.00..81003.12 rows=265153 width=0) (actual time=0.036..3534.196 rows=283847 loops=1)
  Filter: (keyword_id < 236)
  Rows Removed by Filter: 4240083
Planning time: 1.431 ms
Execution time: 3581.358 ms
