Seq Scan on cast_info ci  (cost=0.00..796071.18 rows=6710192 width=0) (actual time=9189.617..12621.120 rows=3782840 loops=1)
  Filter: ((person_id > 2839944) AND (role_id < 8))
  Rows Removed by Filter: 32461504
Planning time: 0.381 ms
Execution time: 13100.937 ms
