Nested Loop  (cost=0.43..52283.69 rows=104 width=0) (actual time=1051.754..1417.601 rows=255 loops=1)
  ->  Seq Scan on movie_companies mc  (cost=0.00..51404.11 rows=104 width=4) (actual time=1051.648..1405.857 rows=255 loops=1)
        Filter: (company_id = 11256)
        Rows Removed by Filter: 2608874
  ->  Index Only Scan using title_pkey on title t  (cost=0.43..8.45 rows=1 width=4) (actual time=0.044..0.045 rows=1 loops=255)
        Index Cond: (id = mc.movie_id)
        Heap Fetches: 255
Planning time: 1.482 ms
Execution time: 1417.774 ms
