Seq Scan on cast_info ci  (cost=0.00..705507.15 rows=33911966 width=0) (actual time=0.023..13850.191 rows=33887877 loops=1)
  Filter: (person_id < 3601908)
  Rows Removed by Filter: 2356467
Planning time: 0.338 ms
Execution time: 18006.555 ms
