Hash Join  (cost=77520.14..1015915.63 rows=986099 width=0) (actual time=8248.806..24321.956 rows=550566 loops=1)
  Hash Cond: (ci.movie_id = t.id)
  ->  Seq Scan on cast_info ci  (cost=0.00..796071.18 rows=11382217 width=4) (actual time=6882.002..17336.031 rows=12670688 loops=1)
        Filter: ((person_id < 3353398) AND (role_id = 1))
        Rows Removed by Filter: 23573656
  ->  Hash  (cost=73925.90..73925.90 rows=219059 width=4) (actual time=1365.731..1365.731 rows=112301 loops=1)
        Buckets: 131072  Batches: 4  Memory Usage: 2008kB
        ->  Seq Scan on title t  (cost=0.00..73925.90 rows=219059 width=4) (actual time=0.032..1032.892 rows=112301 loops=1)
              Filter: ((kind_id > 4) AND (production_year < 1969))
              Rows Removed by Filter: 2416011
Planning time: 0.584 ms
Execution time: 24386.289 ms
