Seq Scan on title t  (cost=0.00..73925.90 rows=5474 width=0) (actual time=2.303..3703.477 rows=9567 loops=1)
  Filter: ((kind_id > 1) AND (production_year = 1974))
  Rows Removed by Filter: 2518745
Planning time: 24.938 ms
Execution time: 3706.067 ms
