Hash Join  (cost=1018504.83..4692069.20 rows=194216832 width=0) (actual time=52121.745..243306.023 rows=392374929 loops=1)
  Hash Cond: (ci.movie_id = t.id)
  ->  Seq Scan on cast_info ci  (cost=0.00..705507.15 rows=33318301 width=4) (actual time=0.011..47177.806 rows=33277199 loops=1)
        Filter: (person_id < 3509075)
        Rows Removed by Filter: 2967145
  ->  Hash  (cost=776690.81..776690.81 rows=14739122 width=8) (actual time=52115.148..52115.148 rows=14835720 loops=1)
        Buckets: 131072  Batches: 256  Memory Usage: 3268kB
        ->  Hash Join  (cost=102767.86..776690.81 rows=14739122 width=8) (actual time=5423.306..45958.703 rows=14835720 loops=1)
              Hash Cond: (mi.movie_id = t.id)
              ->  Seq Scan on movie_info mi  (cost=0.00..309384.22 rows=14739122 width=4) (actual time=0.016..22465.833 rows=14835720 loops=1)
              ->  Hash  (cost=61283.27..61283.27 rows=2528527 width=4) (actual time=5421.284..5421.284 rows=2528312 loops=1)
                    Buckets: 131072  Batches: 64  Memory Usage: 2425kB
                    ->  Seq Scan on title t  (cost=0.00..61283.27 rows=2528527 width=4) (actual time=0.026..4314.964 rows=2528312 loops=1)
Planning time: 1.185 ms
Execution time: 296255.855 ms
