Seq Scan on movie_companies mc  (cost=0.00..57926.93 rows=53 width=0) (actual time=52.955..928.558 rows=284 loops=1)
  Filter: ((company_type_id > 1) AND (company_id = 11276))
  Rows Removed by Filter: 2608845
Planning time: 0.424 ms
Execution time: 928.728 ms
