Seq Scan on title t  (cost=0.00..73925.90 rows=1285130 width=0) (actual time=0.018..1253.453 rows=1366141 loops=1)
  Filter: ((production_year > 1968) AND (kind_id = 7))
  Rows Removed by Filter: 1162171
Planning time: 0.302 ms
Execution time: 1429.106 ms
