Hash Join  (cost=94072.72..1007638.64 rows=3333437 width=0) (actual time=2138.712..20568.764 rows=1622460 loops=1)
  Hash Cond: (ci.movie_id = t.id)
  ->  Seq Scan on cast_info ci  (cost=0.00..796071.18 rows=6863834 width=4) (actual time=0.018..15863.192 rows=4033540 loops=1)
        Filter: ((person_id < 3229211) AND (role_id > 6))
        Rows Removed by Filter: 32210804
  ->  Hash  (cost=73925.90..73925.90 rows=1227985 width=4) (actual time=2137.474..2137.474 rows=1197374 loops=1)
        Buckets: 131072  Batches: 32  Memory Usage: 2340kB
        ->  Seq Scan on title t  (cost=0.00..73925.90 rows=1227985 width=4) (actual time=0.023..1456.144 rows=1197374 loops=1)
              Filter: ((kind_id > 1) AND (production_year < 2008))
              Rows Removed by Filter: 1330938
Planning time: 0.872 ms
Execution time: 20752.477 ms
