Hash Join  (cost=102767.86..181941.23 rows=472396 width=0) (actual time=2095.072..4344.930 rows=794154 loops=1)
  Hash Cond: (mc.movie_id = t.id)
  ->  Seq Scan on movie_companies mc  (cost=0.00..57926.93 rows=472396 width=4) (actual time=71.140..1038.556 rows=794154 loops=1)
        Filter: ((company_id > 19241) AND (company_type_id = 2))
        Rows Removed by Filter: 1814975
  ->  Hash  (cost=61283.27..61283.27 rows=2528527 width=4) (actual time=2022.617..2022.617 rows=2528312 loops=1)
        Buckets: 131072  Batches: 64  Memory Usage: 2415kB
        ->  Seq Scan on title t  (cost=0.00..61283.27 rows=2528527 width=4) (actual time=0.019..1152.127 rows=2528312 loops=1)
Planning time: 0.551 ms
Execution time: 4434.194 ms
