Hash Join  (cost=119089.56..1106535.82 rows=981079 width=0) (actual time=2395.289..28867.360 rows=3529052 loops=1)
  Hash Cond: (ci.movie_id = t.id)
  ->  Seq Scan on cast_info ci  (cost=0.00..705507.15 rows=23499554 width=4) (actual time=0.025..15790.469 rows=23573656 loops=1)
        Filter: (role_id > 1)
        Rows Removed by Filter: 12670688
  ->  Hash  (cost=117357.02..117357.02 rows=105563 width=8) (actual time=2394.388..2394.388 rows=200928 loops=1)
        Buckets: 131072 (originally 131072)  Batches: 4 (originally 2)  Memory Usage: 3073kB
        ->  Hash Join  (cost=83568.99..117357.02 rows=105563 width=8) (actual time=1465.830..2326.434 rows=200928 loops=1)
              Hash Cond: (mi_idx.movie_id = t.id)
              ->  Seq Scan on movie_info_idx mi_idx  (cost=0.00..25185.44 rows=454124 width=4) (actual time=0.014..453.571 rows=459925 loops=1)
                    Filter: (info_type_id = 100)
                    Rows Removed by Filter: 920110
              ->  Hash  (cost=73925.90..73925.90 rows=587767 width=4) (actual time=1459.969..1459.969 rows=594730 loops=1)
                    Buckets: 131072  Batches: 8  Memory Usage: 3648kB
                    ->  Seq Scan on title t  (cost=0.00..73925.90 rows=587767 width=4) (actual time=39.592..1280.470 rows=594730 loops=1)
                          Filter: ((production_year < 2012) AND (kind_id = 1))
                          Rows Removed by Filter: 1933582
Planning time: 1.176 ms
Execution time: 29266.073 ms
