Hash Join  (cost=169109.64..921862.29 rows=196354 width=0) (actual time=2935.452..21880.819 rows=674046 loops=1)
  Hash Cond: (ci.movie_id = t.id)
  ->  Seq Scan on cast_info ci  (cost=0.00..614943.12 rows=36225612 width=4) (actual time=0.023..9226.255 rows=36244344 loops=1)
  ->  Hash  (cost=168938.33..168938.33 rows=13705 width=8) (actual time=2934.989..2934.989 rows=20918 loops=1)
        Buckets: 32768 (originally 16384)  Batches: 1 (originally 1)  Memory Usage: 1074kB
        ->  Hash Join  (cost=83580.70..168938.33 rows=13705 width=8) (actual time=1509.762..2928.283 rows=20918 loops=1)
              Hash Cond: (mk.movie_id = t.id)
              ->  Seq Scan on movie_keyword mk  (cost=0.00..81003.12 rows=35588 width=4) (actual time=0.043..1254.724 rows=34710 loops=1)
                    Filter: (keyword_id = 2488)
                    Rows Removed by Filter: 4489220
              ->  Hash  (cost=67604.59..67604.59 rows=973769 width=4) (actual time=1508.387..1508.387 rows=971188 loops=1)
                    Buckets: 131072  Batches: 16  Memory Usage: 3168kB
                    ->  Seq Scan on title t  (cost=0.00..67604.59 rows=973769 width=4) (actual time=0.026..1174.184 rows=971188 loops=1)
                          Filter: (production_year < 1999)
                          Rows Removed by Filter: 1557124
Planning time: 2.599 ms
Execution time: 21984.498 ms
