Seq Scan on movie_keyword mk  (cost=0.00..81003.12 rows=983396 width=0) (actual time=0.018..1444.487 rows=991243 loops=1)
  Filter: (keyword_id > 18659)
  Rows Removed by Filter: 3532687
Planning time: 0.344 ms
Execution time: 1570.323 ms
