Hash Join  (cost=103384.80..468901.05 rows=86031 width=0) (actual time=2069.115..9792.151 rows=124102 loops=1)
  Hash Cond: (mi.movie_id = t.id)
  ->  Seq Scan on movie_info mi  (cost=0.00..309384.22 rows=14739122 width=4) (actual time=0.013..4435.417 rows=14835720 loops=1)
  ->  Hash  (cost=103200.31..103200.31 rows=14759 width=8) (actual time=2068.863..2068.863 rows=13748 loops=1)
        Buckets: 16384  Batches: 1  Memory Usage: 666kB
        ->  Hash Join  (cost=74435.65..103200.31 rows=14759 width=8) (actual time=1329.375..2063.553 rows=13748 loops=1)
              Hash Cond: (mi_idx.movie_id = t.id)
              ->  Seq Scan on movie_info_idx mi_idx  (cost=0.00..25185.44 rows=915101 width=4) (actual time=0.016..522.044 rows=919850 loops=1)
                    Filter: (info_type_id < 101)
                    Rows Removed by Filter: 460185
              ->  Hash  (cost=73925.90..73925.90 rows=40780 width=4) (actual time=1328.892..1328.892 rows=47228 loops=1)
                    Buckets: 65536  Batches: 1  Memory Usage: 2173kB
                    ->  Seq Scan on title t  (cost=0.00..73925.90 rows=40780 width=4) (actual time=0.017..1309.390 rows=47228 loops=1)
                          Filter: ((kind_id > 2) AND (production_year = 2001))
                          Rows Removed by Filter: 2481084
Planning time: 2.363 ms
Execution time: 9811.126 ms
