Hash Join  (cost=79422.14..120251.89 rows=182827 width=0) (actual time=1301.929..2339.400 rows=82377 loops=1)
  Hash Cond: (mi_idx.movie_id = t.id)
  ->  Seq Scan on movie_info_idx mi_idx  (cost=0.00..21735.35 rows=1380035 width=4) (actual time=0.015..414.412 rows=1380035 loops=1)
  ->  Hash  (cost=73925.90..73925.90 rows=334979 width=4) (actual time=1297.552..1297.552 rows=198988 loops=1)
        Buckets: 131072  Batches: 8  Memory Usage: 1894kB
        ->  Seq Scan on title t  (cost=0.00..73925.90 rows=334979 width=4) (actual time=0.017..1229.961 rows=198988 loops=1)
              Filter: ((kind_id > 1) AND (production_year < 1976))
              Rows Removed by Filter: 2329324
Planning time: 0.760 ms
Execution time: 2349.856 ms
