Seq Scan on movie_companies mc  (cost=0.00..51404.11 rows=104 width=0) (actual time=0.019..825.528 rows=954 loops=1)
  Filter: (company_id = 588)
  Rows Removed by Filter: 2608175
Planning time: 0.364 ms
Execution time: 825.862 ms
