Hash Join  (cost=216890.76..259961.43 rows=313419 width=0) (actual time=4474.508..5883.776 rows=1180008 loops=1)
  Hash Cond: (mi_idx.movie_id = t.id)
  ->  Seq Scan on movie_info_idx mi_idx  (cost=0.00..21735.35 rows=1380035 width=4) (actual time=0.032..389.840 rows=1380035 loops=1)
  ->  Hash  (cost=207468.59..207468.59 rows=574253 width=8) (actual time=4473.663..4473.663 rows=576155 loops=1)
        Buckets: 131072  Batches: 8  Memory Usage: 3874kB
        ->  Hash Join  (cost=102767.86..207468.59 rows=574253 width=8) (actual time=2034.810..4305.125 rows=576155 loops=1)
              Hash Cond: (mk.movie_id = t.id)
              ->  Seq Scan on movie_keyword mk  (cost=0.00..81003.12 rows=574253 width=4) (actual time=0.028..1351.873 rows=576155 loops=1)
                    Filter: (keyword_id < 406)
                    Rows Removed by Filter: 3947775
              ->  Hash  (cost=61283.27..61283.27 rows=2528527 width=4) (actual time=2033.550..2033.550 rows=2528312 loops=1)
                    Buckets: 131072  Batches: 64  Memory Usage: 2425kB
                    ->  Seq Scan on title t  (cost=0.00..61283.27 rows=2528527 width=4) (actual time=0.006..1151.016 rows=2528312 loops=1)
Planning time: 1.176 ms
Execution time: 6034.076 ms
