Seq Scan on cast_info ci  (cost=0.00..705507.15 rows=500 width=0) (actual time=8315.384..11086.060 rows=47 loops=1)
  Filter: (person_id = 1877086)
  Rows Removed by Filter: 36244297
Planning time: 0.408 ms
Execution time: 11086.174 ms
