Hash Join  (cost=67697.55..819552.20 rows=106548 width=0) (actual time=1021.588..17379.222 rows=26442 loops=1)
  Hash Cond: (ci.movie_id = t.id)
  ->  Seq Scan on cast_info ci  (cost=0.00..614943.12 rows=36225612 width=4) (actual time=0.020..9182.751 rows=36244344 loops=1)
  ->  Hash  (cost=67604.59..67604.59 rows=7437 width=4) (actual time=1020.922..1020.922 rows=2847 loops=1)
        Buckets: 8192  Batches: 1  Memory Usage: 165kB
        ->  Seq Scan on title t  (cost=0.00..67604.59 rows=7437 width=4) (actual time=146.173..1019.566 rows=2847 loops=1)
              Filter: (production_year = 1926)
              Rows Removed by Filter: 2525465
Planning time: 0.771 ms
Execution time: 17385.077 ms
