Hash Join  (cost=124000.71..577959.04 rows=667532 width=0) (actual time=4103.083..14548.732 rows=4711800 loops=1)
  Hash Cond: (mi.movie_id = t.id)
  ->  Seq Scan on movie_info mi  (cost=0.00..346232.03 rows=8673596 width=4) (actual time=1152.258..6517.120 rows=8786582 loops=1)
        Filter: (info_type_id < 13)
        Rows Removed by Filter: 6049138
  ->  Hash  (cost=120807.23..120807.23 rows=194599 width=8) (actual time=2860.943..2860.943 rows=434269 loops=1)
        Buckets: 131072 (originally 131072)  Batches: 8 (originally 4)  Memory Usage: 3166kB
        ->  Hash Join  (cost=79775.76..120807.23 rows=194599 width=8) (actual time=1415.363..2721.630 rows=434269 loops=1)
              Hash Cond: (mi_idx.movie_id = t.id)
              ->  Seq Scan on movie_info_idx mi_idx  (cost=0.00..21735.35 rows=1380035 width=4) (actual time=0.015..508.176 rows=1380035 loops=1)
              ->  Hash  (cost=73925.90..73925.90 rows=356548 width=4) (actual time=1414.600..1414.600 rows=424572 loops=1)
                    Buckets: 131072  Batches: 8  Memory Usage: 2898kB
                    ->  Seq Scan on title t  (cost=0.00..73925.90 rows=356548 width=4) (actual time=0.016..1281.983 rows=424572 loops=1)
                          Filter: ((production_year < 2005) AND (kind_id = 1))
                          Rows Removed by Filter: 2103740
Planning time: 4.093 ms
Execution time: 15096.519 ms
