Nested Loop  (cost=0.43..133869.76 rows=7691 width=0) (actual time=0.374..1486.686 rows=7640 loops=1)
  ->  Seq Scan on movie_keyword mk  (cost=0.00..81003.12 rows=7691 width=4) (actual time=0.313..1303.767 rows=7640 loops=1)
        Filter: (keyword_id = 3660)
        Rows Removed by Filter: 4516290
  ->  Index Only Scan using title_pkey on title t  (cost=0.43..6.86 rows=1 width=4) (actual time=0.023..0.023 rows=1 loops=7640)
        Index Cond: (id = mk.movie_id)
        Heap Fetches: 7640
Planning time: 3.407 ms
Execution time: 1488.684 ms
