Hash Join  (cost=73990.99..100929.89 rows=2842 width=0) (actual time=1172.599..1732.181 rows=651 loops=1)
  Hash Cond: (mi_idx.movie_id = t.id)
  ->  Seq Scan on movie_info_idx mi_idx  (cost=0.00..21735.35 rows=1380035 width=4) (actual time=0.018..314.765 rows=1380035 loops=1)
  ->  Hash  (cost=73925.90..73925.90 rows=5207 width=4) (actual time=1156.462..1156.462 rows=3438 loops=1)
        Buckets: 8192  Batches: 1  Memory Usage: 185kB
        ->  Seq Scan on title t  (cost=0.00..73925.90 rows=5207 width=4) (actual time=8.411..1154.502 rows=3438 loops=1)
              Filter: ((kind_id > 2) AND (production_year = 1952))
              Rows Removed by Filter: 2524874
Planning time: 0.695 ms
Execution time: 1732.463 ms
