Hash Join  (cost=83810.17..146094.81 rows=12587 width=0) (actual time=1480.756..2598.301 rows=605 loops=1)
  Hash Cond: (mc.movie_id = t.id)
  ->  Seq Scan on movie_companies mc  (cost=0.00..57926.93 rows=32221 width=4) (actual time=0.384..971.506 rows=6578 loops=1)
        Filter: ((company_type_id > 1) AND (company_id = 6))
        Rows Removed by Filter: 2602551
  ->  Hash  (cost=67604.59..67604.59 rows=987727 width=4) (actual time=1476.608..1476.608 rows=985048 loops=1)
        Buckets: 131072  Batches: 16  Memory Usage: 3188kB
        ->  Seq Scan on title t  (cost=0.00..67604.59 rows=987727 width=4) (actual time=0.026..1175.402 rows=985048 loops=1)
              Filter: (kind_id < 7)
              Rows Removed by Filter: 1543264
Planning time: 4.409 ms
Execution time: 2598.484 ms
