Hash Join  (cost=102767.86..195408.81 rows=73097 width=0) (actual time=2180.767..4052.777 rows=73043 loops=1)
  Hash Cond: (mk.movie_id = t.id)
  ->  Seq Scan on movie_keyword mk  (cost=0.00..81003.12 rows=73097 width=4) (actual time=0.033..1371.557 rows=73043 loops=1)
        Filter: (keyword_id > 90090)
        Rows Removed by Filter: 4450887
  ->  Hash  (cost=61283.27..61283.27 rows=2528527 width=4) (actual time=2178.094..2178.094 rows=2528312 loops=1)
        Buckets: 131072  Batches: 64  Memory Usage: 2425kB
        ->  Seq Scan on title t  (cost=0.00..61283.27 rows=2528527 width=4) (actual time=0.024..1041.002 rows=2528312 loops=1)
Planning time: 0.750 ms
Execution time: 4062.400 ms
