Hash Join  (cost=208726.85..1433318.02 rows=18572401 width=0) (actual time=4832.765..42561.140 rows=24681497 loops=1)
  Hash Cond: (ci.movie_id = t.id)
  ->  Seq Scan on cast_info ci  (cost=0.00..614943.12 rows=36225612 width=4) (actual time=0.019..13883.480 rows=36244344 loops=1)
  ->  Hash  (cost=187458.56..187458.56 rows=1296343 width=8) (actual time=4831.307..4831.307 rows=854295 loops=1)
        Buckets: 131072  Batches: 32  Memory Usage: 2050kB
        ->  Hash Join  (cost=94537.60..187458.56 rows=1296343 width=8) (actual time=2089.277..4613.688 rows=854295 loops=1)
              Hash Cond: (mc.movie_id = t.id)
              ->  Seq Scan on movie_companies mc  (cost=0.00..44881.29 rows=2609129 width=4) (actual time=0.030..871.221 rows=2609129 loops=1)
              ->  Hash  (cost=73925.90..73925.90 rows=1256296 width=4) (actual time=2087.793..2087.793 rows=1375227 loops=1)
                    Buckets: 131072  Batches: 32  Memory Usage: 2542kB
                    ->  Seq Scan on title t  (cost=0.00..73925.90 rows=1256296 width=4) (actual time=0.018..1530.201 rows=1375227 loops=1)
                          Filter: ((kind_id > 1) AND (production_year > 1992))
                          Rows Removed by Filter: 1153085
Planning time: 1.179 ms
Execution time: 45172.630 ms
