Hash Join  (cost=128600.64..879427.91 rows=3811 width=0) (actual time=2280.068..17270.148 rows=99342 loops=1)
  Hash Cond: (ci.movie_id = t.id)
  ->  Seq Scan on cast_info ci  (cost=0.00..614943.12 rows=36225612 width=4) (actual time=0.016..7904.381 rows=36244344 loops=1)
  ->  Hash  (cost=128597.31..128597.31 rows=266 width=8) (actual time=2279.305..2279.305 rows=6315 loops=1)
        Buckets: 8192 (originally 1024)  Batches: 1 (originally 1)  Memory Usage: 311kB
        ->  Hash Join  (cost=73929.13..128597.31 rows=266 width=8) (actual time=1147.762..2276.440 rows=6315 loops=1)
              Hash Cond: (mc.movie_id = t.id)
              ->  Seq Scan on movie_companies mc  (cost=0.00..44881.29 rows=2609129 width=4) (actual time=0.020..608.168 rows=2609129 loops=1)
              ->  Hash  (cost=73925.90..73925.90 rows=258 width=4) (actual time=1147.250..1147.250 rows=3378 loops=1)
                    Buckets: 4096 (originally 1024)  Batches: 1 (originally 1)  Memory Usage: 151kB
                    ->  Seq Scan on title t  (cost=0.00..73925.90 rows=258 width=4) (actual time=0.092..1145.592 rows=3378 loops=1)
                          Filter: ((kind_id < 7) AND (production_year > 2013))
                          Rows Removed by Filter: 2524934
Planning time: 1.133 ms
Execution time: 17286.670 ms
