Hash Join  (cost=493360.23..576341.91 rows=637447 width=0) (actual time=8721.122..12452.512 rows=7247325 loops=1)
  Hash Cond: (mc.movie_id = t.id)
  ->  Seq Scan on movie_companies mc  (cost=0.00..51404.11 rows=1891761 width=4) (actual time=0.021..1007.868 rows=1903964 loops=1)
        Filter: (company_id > 1324)
        Rows Removed by Filter: 705165
  ->  Hash  (cost=479381.08..479381.08 rows=852012 width=8) (actual time=8720.341..8720.341 rows=900340 loops=1)
        Buckets: 131072  Batches: 16  Memory Usage: 3197kB
        ->  Hash Join  (cost=102767.86..479381.08 rows=852012 width=8) (actual time=6076.112..8467.024 rows=900340 loops=1)
              Hash Cond: (mi.movie_id = t.id)
              ->  Seq Scan on movie_info mi  (cost=0.00..346232.03 rows=852012 width=4) (actual time=3987.742..5246.465 rows=900340 loops=1)
                    Filter: (info_type_id > 94)
                    Rows Removed by Filter: 13935380
              ->  Hash  (cost=61283.27..61283.27 rows=2528527 width=4) (actual time=2081.786..2081.786 rows=2528312 loops=1)
                    Buckets: 131072  Batches: 64  Memory Usage: 2425kB
                    ->  Seq Scan on title t  (cost=0.00..61283.27 rows=2528527 width=4) (actual time=0.017..1216.735 rows=2528312 loops=1)
Planning time: 5.536 ms
Execution time: 13291.226 ms
