Hash Join  (cost=80905.14..554311.51 rows=1594218 width=0) (actual time=1588.226..13017.221 rows=776855 loops=1)
  Hash Cond: (mi.movie_id = t.id)
  ->  Seq Scan on movie_info mi  (cost=0.00..346232.03 rows=9476311 width=4) (actual time=163.544..6419.962 rows=9565151 loops=1)
        Filter: (info_type_id < 16)
        Rows Removed by Filter: 5270569
  ->  Hash  (cost=73925.90..73925.90 rows=425379 width=4) (actual time=1412.160..1412.160 rows=283450 loops=1)
        Buckets: 131072  Batches: 8  Memory Usage: 2264kB
        ->  Seq Scan on title t  (cost=0.00..73925.90 rows=425379 width=4) (actual time=0.035..1313.212 rows=283450 loops=1)
              Filter: ((kind_id > 3) AND (production_year < 1988))
              Rows Removed by Filter: 2244862
Planning time: 0.668 ms
Execution time: 13098.270 ms
