Seq Scan on movie_keyword mk  (cost=0.00..81003.12 rows=4457631 width=0) (actual time=0.026..1482.214 rows=4459690 loops=1)
  Filter: (keyword_id < 93405)
  Rows Removed by Filter: 64240
Planning time: 0.299 ms
Execution time: 2027.776 ms
