Hash Join  (cost=89192.22..580715.53 rows=3420000 width=0) (actual time=1933.266..15179.335 rows=5823036 loops=1)
  Hash Cond: (mi.movie_id = t.id)
  ->  Seq Scan on movie_info mi  (cost=0.00..346232.03 rows=9293409 width=4) (actual time=0.014..6756.914 rows=9425200 loops=1)
        Filter: (info_type_id > 5)
        Rows Removed by Filter: 5410520
  ->  Hash  (cost=73925.90..73925.90 rows=930505 width=4) (actual time=1932.410..1932.410 rows=899914 loops=1)
        Buckets: 131072  Batches: 16  Memory Usage: 3011kB
        ->  Seq Scan on title t  (cost=0.00..73925.90 rows=930505 width=4) (actual time=0.030..1346.320 rows=899914 loops=1)
              Filter: ((kind_id < 7) AND (production_year > 1917))
              Rows Removed by Filter: 1628398
Planning time: 0.759 ms
Execution time: 15857.448 ms
