Hash Join  (cost=75798.76..143326.82 rows=34396 width=0) (actual time=1504.868..2463.841 rows=68921 loops=1)
  Hash Cond: (mc.movie_id = t.id)
  ->  Seq Scan on movie_companies mc  (cost=0.00..57926.93 rows=761912 width=4) (actual time=0.020..957.040 rows=474558 loops=1)
        Filter: ((company_id < 13631) AND (company_type_id = 2))
        Rows Removed by Filter: 2134571
  ->  Hash  (cost=73925.90..73925.90 rows=114148 width=4) (actual time=1229.309..1229.309 rows=244041 loops=1)
        Buckets: 131072 (originally 131072)  Batches: 4 (originally 2)  Memory Usage: 3171kB
        ->  Seq Scan on title t  (cost=0.00..73925.90 rows=114148 width=4) (actual time=325.984..1142.264 rows=244041 loops=1)
              Filter: ((production_year < 1974) AND (kind_id = 1))
              Rows Removed by Filter: 2284271
Planning time: 1.038 ms
Execution time: 2473.541 ms
