Hash Join  (cost=102767.86..292728.84 rows=4117530 width=0) (actual time=1893.374..7110.438 rows=4122657 loops=1)
  Hash Cond: (mk.movie_id = t.id)
  ->  Seq Scan on movie_keyword mk  (cost=0.00..81003.12 rows=4117530 width=4) (actual time=0.026..1872.564 rows=4122657 loops=1)
        Filter: (keyword_id < 43228)
        Rows Removed by Filter: 401273
  ->  Hash  (cost=61283.27..61283.27 rows=2528527 width=4) (actual time=1892.561..1892.561 rows=2528312 loops=1)
        Buckets: 131072  Batches: 64  Memory Usage: 2425kB
        ->  Seq Scan on title t  (cost=0.00..61283.27 rows=2528527 width=4) (actual time=0.023..1040.702 rows=2528312 loops=1)
Planning time: 4.852 ms
Execution time: 7587.401 ms
