Hash Join  (cost=69179.59..175971.40 rows=80791 width=0) (actual time=1156.320..3144.813 rows=86615 loops=1)
  Hash Cond: (mk.movie_id = t.id)
  ->  Seq Scan on movie_keyword mk  (cost=0.00..81003.12 rows=2127942 width=4) (actual time=0.020..1342.464 rows=2132375 loops=1)
        Filter: (keyword_id < 3942)
        Rows Removed by Filter: 2391555
  ->  Hash  (cost=67604.59..67604.59 rows=96000 width=4) (actual time=1153.906..1153.906 rows=95005 loops=1)
        Buckets: 131072  Batches: 2  Memory Usage: 2722kB
        ->  Seq Scan on title t  (cost=0.00..67604.59 rows=96000 width=4) (actual time=0.021..1115.741 rows=95005 loops=1)
              Filter: (production_year = 2005)
              Rows Removed by Filter: 2433307
Planning time: 0.778 ms
Execution time: 3155.848 ms
