Hash Join  (cost=101381.35..817274.71 rows=12983 width=0) (actual time=10608.753..15186.979 rows=153 loops=1)
  Hash Cond: (ci.movie_id = t.id)
  ->  Seq Scan on cast_info ci  (cost=0.00..705507.15 rows=2735034 width=4) (actual time=8835.777..13012.510 rows=2728943 loops=1)
        Filter: (role_id = 4)
        Rows Removed by Filter: 33515401
  ->  Hash  (cost=101231.32..101231.32 rows=12003 width=8) (actual time=1767.510..1767.510 rows=96 loops=1)
        Buckets: 16384  Batches: 1  Memory Usage: 132kB
        ->  Hash Join  (cost=74200.80..101231.32 rows=12003 width=8) (actual time=1105.038..1767.398 rows=96 loops=1)
              Hash Cond: (mi_idx.movie_id = t.id)
              ->  Seq Scan on movie_info_idx mi_idx  (cost=0.00..21735.35 rows=1380035 width=4) (actual time=0.019..408.918 rows=1380035 loops=1)
              ->  Hash  (cost=73925.90..73925.90 rows=21992 width=4) (actual time=1086.671..1086.671 rows=70 loops=1)
                    Buckets: 32768  Batches: 1  Memory Usage: 259kB
                    ->  Seq Scan on title t  (cost=0.00..73925.90 rows=21992 width=4) (actual time=633.102..1086.566 rows=70 loops=1)
                          Filter: ((production_year < 1978) AND (kind_id = 4))
                          Rows Removed by Filter: 2528242
Planning time: 1.386 ms
Execution time: 15187.202 ms
