Hash Join  (cost=177595.15..668193.08 rows=1011401 width=0) (actual time=3862.732..17922.684 rows=6054614 loops=1)
  Hash Cond: (mi.movie_id = t.id)
  ->  Seq Scan on movie_info mi  (cost=0.00..309384.22 rows=14739122 width=4) (actual time=0.013..5873.660 rows=14835720 loops=1)
  ->  Hash  (cost=174748.30..174748.30 rows=173508 width=8) (actual time=3861.906..3861.906 rows=343125 loops=1)
        Buckets: 131072 (originally 131072)  Batches: 8 (originally 4)  Memory Usage: 3073kB
        ->  Hash Join  (cost=102767.86..174748.30 rows=173508 width=8) (actual time=2012.766..3740.114 rows=343125 loops=1)
              Hash Cond: (mc.movie_id = t.id)
              ->  Seq Scan on movie_companies mc  (cost=0.00..57926.93 rows=173508 width=4) (actual time=0.029..936.070 rows=343125 loops=1)
                    Filter: ((company_id > 88965) AND (company_type_id > 1))
                    Rows Removed by Filter: 2266004
              ->  Hash  (cost=61283.27..61283.27 rows=2528527 width=4) (actual time=2011.828..2011.828 rows=2528312 loops=1)
                    Buckets: 131072  Batches: 64  Memory Usage: 2415kB
                    ->  Seq Scan on title t  (cost=0.00..61283.27 rows=2528527 width=4) (actual time=0.025..1147.023 rows=2528312 loops=1)
Planning time: 1.125 ms
Execution time: 18530.292 ms
