Hash Join  (cost=102767.86..257760.20 rows=2664321 width=0) (actual time=2221.575..5897.707 rows=2658242 loops=1)
  Hash Cond: (mk.movie_id = t.id)
  ->  Seq Scan on movie_keyword mk  (cost=0.00..81003.12 rows=2664321 width=4) (actual time=0.022..1637.891 rows=2658242 loops=1)
        Filter: (keyword_id < 7389)
        Rows Removed by Filter: 1865688
  ->  Hash  (cost=61283.27..61283.27 rows=2528527 width=4) (actual time=2220.114..2220.114 rows=2528312 loops=1)
        Buckets: 131072  Batches: 64  Memory Usage: 2425kB
        ->  Seq Scan on title t  (cost=0.00..61283.27 rows=2528527 width=4) (actual time=0.019..1142.183 rows=2528312 loops=1)
Planning time: 0.781 ms
Execution time: 6142.099 ms
