Hash Join  (cost=97968.46..1010204.64 rows=3687308 width=0) (actual time=7701.931..22730.382 rows=5698700 loops=1)
  Hash Cond: (ci.movie_id = t.id)
  ->  Seq Scan on cast_info ci  (cost=0.00..796071.18 rows=6362380 width=4) (actual time=5251.022..14150.556 rows=9781702 loops=1)
        Filter: ((person_id > 2732359) AND (role_id > 1))
        Rows Removed by Filter: 26462642
  ->  Hash  (cost=73925.90..73925.90 rows=1465404 width=4) (actual time=2449.460..2449.460 rows=1478439 loops=1)
        Buckets: 131072  Batches: 32  Memory Usage: 2651kB
        ->  Seq Scan on title t  (cost=0.00..73925.90 rows=1465404 width=4) (actual time=151.772..1500.549 rows=1478439 loops=1)
              Filter: ((production_year > 1914) AND (kind_id = 7))
              Rows Removed by Filter: 1049873
Planning time: 0.790 ms
Execution time: 23283.016 ms
