Hash Join  (cost=221476.73..1384491.87 rows=12578203 width=0) (actual time=4858.762..44311.967 rows=42423080 loops=1)
  Hash Cond: (ci.movie_id = t.id)
  ->  Seq Scan on cast_info ci  (cost=0.00..614943.12 rows=36225612 width=4) (actual time=0.014..13867.318 rows=36244344 loops=1)
  ->  Hash  (cost=207072.34..207072.34 rows=877951 width=8) (actual time=4857.467..4857.467 rows=747016 loops=1)
        Buckets: 131072  Batches: 16  Memory Usage: 2911kB
        ->  Hash Join  (cost=92735.26..207072.34 rows=877951 width=8) (actual time=1808.676..4618.823 rows=747016 loops=1)
              Hash Cond: (mk.movie_id = t.id)
              ->  Seq Scan on movie_keyword mk  (cost=0.00..81003.12 rows=1449288 width=4) (actual time=0.018..1609.761 rows=1460406 loops=1)
                    Filter: (keyword_id > 11373)
                    Rows Removed by Filter: 3063524
              ->  Hash  (cost=67604.59..67604.59 rows=1531734 width=4) (actual time=1807.000..1807.000 rows=1531613 loops=1)
                    Buckets: 131072  Batches: 32  Memory Usage: 2716kB
                    ->  Seq Scan on title t  (cost=0.00..67604.59 rows=1531734 width=4) (actual time=0.016..1280.714 rows=1531613 loops=1)
                          Filter: (production_year > 1997)
                          Rows Removed by Filter: 996699
Planning time: 0.722 ms
Execution time: 48838.523 ms
