Seq Scan on movie_keyword mk  (cost=0.00..81003.12 rows=246 width=0) (actual time=59.333..1245.753 rows=33 loops=1)
  Filter: (keyword_id = 26916)
  Rows Removed by Filter: 4523897
Planning time: 0.253 ms
Execution time: 1245.863 ms
