Hash Join  (cost=102767.86..193854.44 rows=967486 width=0) (actual time=1873.559..4359.468 rows=1257612 loops=1)
  Hash Cond: (mc.movie_id = t.id)
  ->  Seq Scan on movie_companies mc  (cost=0.00..57926.93 rows=967486 width=4) (actual time=0.024..1191.228 rows=1257612 loops=1)
        Filter: ((company_id < 56884) AND (company_type_id = 1))
        Rows Removed by Filter: 1351517
  ->  Hash  (cost=61283.27..61283.27 rows=2528527 width=4) (actual time=1871.933..1871.933 rows=2528312 loops=1)
        Buckets: 131072  Batches: 64  Memory Usage: 2415kB
        ->  Seq Scan on title t  (cost=0.00..61283.27 rows=2528527 width=4) (actual time=0.022..1064.090 rows=2528312 loops=1)
Planning time: 0.925 ms
Execution time: 4491.129 ms
