Seq Scan on movie_keyword mk  (cost=0.00..81003.12 rows=2605044 width=0) (actual time=0.035..1541.075 rows=2593609 loops=1)
  Filter: (keyword_id < 6926)
  Rows Removed by Filter: 1930321
Planning time: 0.710 ms
Execution time: 1875.289 ms
