Hash Join  (cost=798791.46..825703.71 rows=177 width=0) (actual time=14443.041..14989.439 rows=57 loops=1)
  Hash Cond: (mi_idx.movie_id = t.id)
  ->  Seq Scan on movie_info_idx mi_idx  (cost=0.00..21735.35 rows=1380035 width=4) (actual time=0.020..316.367 rows=1380035 loops=1)
  ->  Hash  (cost=798787.41..798787.41 rows=324 width=8) (actual time=14429.712..14429.712 rows=56 loops=1)
        Buckets: 1024  Batches: 1  Memory Usage: 11kB
        ->  Nested Loop  (cost=0.43..798787.41 rows=324 width=8) (actual time=10621.656..14429.674 rows=56 loops=1)
              ->  Seq Scan on cast_info ci  (cost=0.00..796071.18 rows=324 width=4) (actual time=10621.567..14428.455 rows=56 loops=1)
                    Filter: ((role_id > 1) AND (person_id = 2042438))
                    Rows Removed by Filter: 36244288
              ->  Index Only Scan using title_pkey on title t  (cost=0.43..8.37 rows=1 width=4) (actual time=0.020..0.021 rows=1 loops=56)
                    Index Cond: (id = ci.movie_id)
                    Heap Fetches: 56
Planning time: 1.104 ms
Execution time: 14989.555 ms
