Hash Join  (cost=171522.90..313552.96 rows=847349 width=0) (actual time=4493.817..12794.417 rows=24275007 loops=1)
  Hash Cond: (mk.movie_id = t.id)
  ->  Seq Scan on movie_keyword mk  (cost=0.00..81003.12 rows=4379852 width=4) (actual time=0.016..1848.379 rows=4381436 loops=1)
        Filter: (keyword_id < 74660)
        Rows Removed by Filter: 142494
  ->  Hash  (cost=163497.12..163497.12 rows=489182 width=8) (actual time=4493.047..4493.047 rows=1071583 loops=1)
        Buckets: 131072 (originally 131072)  Batches: 16 (originally 8)  Memory Usage: 3710kB
        ->  Hash Join  (cost=81703.78..163497.12 rows=489182 width=8) (actual time=1398.363..4173.559 rows=1071583 loops=1)
              Hash Cond: (mc.movie_id = t.id)
              ->  Seq Scan on movie_companies mc  (cost=0.00..44881.29 rows=2609129 width=4) (actual time=0.026..884.856 rows=2609129 loops=1)
              ->  Hash  (cost=73925.90..73925.90 rows=474070 width=4) (actual time=1397.548..1397.548 rows=496025 loops=1)
                    Buckets: 131072  Batches: 8  Memory Usage: 3214kB
                    ->  Seq Scan on title t  (cost=0.00..73925.90 rows=474070 width=4) (actual time=62.016..1244.536 rows=496025 loops=1)
                          Filter: ((production_year < 2009) AND (kind_id = 1))
                          Rows Removed by Filter: 2032287
Planning time: 1.163 ms
Execution time: 15128.308 ms
