Hash Join  (cost=73950.44..160643.60 rows=3512 width=0) (actual time=955.056..2698.826 rows=23084 loops=1)
  Hash Cond: (mk.movie_id = t.id)
  ->  Seq Scan on movie_keyword mk  (cost=0.00..69693.30 rows=4523930 width=4) (actual time=0.028..934.541 rows=4523930 loops=1)
  ->  Hash  (cost=73925.90..73925.90 rows=1963 width=4) (actual time=954.987..954.987 rows=4606 loops=1)
        Buckets: 8192 (originally 2048)  Batches: 1 (originally 1)  Memory Usage: 226kB
        ->  Seq Scan on title t  (cost=0.00..73925.90 rows=1963 width=4) (actual time=106.911..952.882 rows=4606 loops=1)
              Filter: ((kind_id = 1) AND (production_year = 1970))
              Rows Removed by Filter: 2523706
Planning time: 0.775 ms
Execution time: 2702.147 ms
