Hash Join  (cost=156649.15..227877.72 rows=157551 width=0) (actual time=4227.196..5773.169 rows=221205 loops=1)
  Hash Cond: (mc.movie_id = t.id)
  ->  Seq Scan on movie_companies mc  (cost=0.00..57926.93 rows=856834 width=4) (actual time=0.028..1129.311 rows=540268 loops=1)
        Filter: ((company_id < 19207) AND (company_type_id = 2))
        Rows Removed by Filter: 2068861
  ->  Hash  (cost=149020.47..149020.47 rows=464934 width=8) (actual time=4226.294..4226.294 rows=460185 loops=1)
        Buckets: 131072  Batches: 8  Memory Usage: 3276kB
        ->  Hash Join  (cost=102767.86..149020.47 rows=464934 width=8) (actual time=2059.787..4092.711 rows=460185 loops=1)
              Hash Cond: (mi_idx.movie_id = t.id)
              ->  Seq Scan on movie_info_idx mi_idx  (cost=0.00..25185.44 rows=464934 width=4) (actual time=0.029..495.803 rows=460185 loops=1)
                    Filter: (info_type_id > 100)
                    Rows Removed by Filter: 919850
              ->  Hash  (cost=61283.27..61283.27 rows=2528527 width=4) (actual time=2057.731..2057.731 rows=2528312 loops=1)
                    Buckets: 131072  Batches: 64  Memory Usage: 2415kB
                    ->  Seq Scan on title t  (cost=0.00..61283.27 rows=2528527 width=4) (actual time=0.022..1191.156 rows=2528312 loops=1)
Planning time: 1.180 ms
Execution time: 5800.342 ms
