Seq Scan on cast_info ci  (cost=0.00..796071.18 rows=2129898 width=0) (actual time=1425.191..11654.229 rows=370070 loops=1)
  Filter: ((person_id > 2651038) AND (role_id = 2))
  Rows Removed by Filter: 35874274
Planning time: 0.394 ms
Execution time: 11697.596 ms
