Hash Join  (cost=74373.22..101479.01 rows=19531 width=0) (actual time=1213.672..1860.183 rows=12720 loops=1)
  Hash Cond: (mi_idx.movie_id = t.id)
  ->  Seq Scan on movie_info_idx mi_idx  (cost=0.00..21735.35 rows=1380035 width=4) (actual time=0.018..326.174 rows=1380035 loops=1)
  ->  Hash  (cost=73925.90..73925.90 rows=35785 width=4) (actual time=1213.272..1213.272 rows=40139 loops=1)
        Buckets: 65536  Batches: 1  Memory Usage: 1924kB
        ->  Seq Scan on title t  (cost=0.00..73925.90 rows=35785 width=4) (actual time=0.308..1196.462 rows=40139 loops=1)
              Filter: ((kind_id > 4) AND (production_year = 2001))
              Rows Removed by Filter: 2488173
Planning time: 0.739 ms
Execution time: 1862.153 ms
