Nested Loop  (cost=0.43..872120.20 rows=12129 width=0) (actual time=9676.074..14292.281 rows=168488 loops=1)
  ->  Seq Scan on cast_info ci  (cost=0.00..796071.18 rows=12129 width=4) (actual time=9675.922..10819.132 rows=168488 loops=1)
        Filter: ((person_id > 3814138) AND (role_id > 10))
        Rows Removed by Filter: 36075856
  ->  Index Only Scan using title_pkey on title t  (cost=0.43..6.26 rows=1 width=4) (actual time=0.020..0.020 rows=1 loops=168488)
        Index Cond: (id = ci.movie_id)
        Heap Fetches: 168488
Planning time: 2.317 ms
Execution time: 14332.554 ms
