Hash Join  (cost=161052.96..928110.42 rows=1228543 width=0) (actual time=4620.556..19548.017 rows=2851377 loops=1)
  Hash Cond: (ci.movie_id = t.id)
  ->  Seq Scan on cast_info ci  (cost=0.00..705507.15 rows=3998100 width=4) (actual time=935.740..13149.425 rows=4008037 loops=1)
        Filter: (role_id = 3)
        Rows Removed by Filter: 32236307
  ->  Hash  (cost=148304.84..148304.84 rows=776970 width=8) (actual time=3683.739..3683.739 rows=574026 loops=1)
        Buckets: 131072  Batches: 16  Memory Usage: 2437kB
        ->  Hash Join  (cost=97281.65..148304.84 rows=776970 width=8) (actual time=1988.020..3511.339 rows=574026 loops=1)
              Hash Cond: (mi_idx.movie_id = t.id)
              ->  Seq Scan on movie_info_idx mi_idx  (cost=0.00..21735.35 rows=1380035 width=4) (actual time=0.058..459.283 rows=1380035 loops=1)
              ->  Hash  (cost=73925.90..73925.90 rows=1423580 width=4) (actual time=1987.225..1987.225 rows=1539738 loops=1)
                    Buckets: 131072  Batches: 32  Memory Usage: 2722kB
                    ->  Seq Scan on title t  (cost=0.00..73925.90 rows=1423580 width=4) (actual time=0.028..1476.042 rows=1539738 loops=1)
                          Filter: ((kind_id > 2) AND (production_year > 1973))
                          Rows Removed by Filter: 988574
Planning time: 1.241 ms
Execution time: 19905.712 ms
