Seq Scan on cast_info ci  (cost=0.00..796071.18 rows=12993108 width=0) (actual time=6896.553..14146.125 rows=14127460 loops=1)
  Filter: ((person_id > 687916) AND (role_id > 2))
  Rows Removed by Filter: 22116884
Planning time: 0.395 ms
Execution time: 15741.294 ms
