Seq Scan on movie_keyword mk  (cost=0.00..81003.12 rows=246 width=0) (actual time=8.612..1299.269 rows=405 loops=1)
  Filter: (keyword_id = 1987)
  Rows Removed by Filter: 4523525
Planning time: 0.389 ms
Execution time: 1299.524 ms
