Hash Join  (cost=83072.43..109982.99 rows=7 width=0) (actual time=1430.026..1935.875 rows=51 loops=1)
  Hash Cond: (mi_idx.movie_id = t.id)
  ->  Seq Scan on movie_info_idx mi_idx  (cost=0.00..21735.35 rows=1380035 width=4) (actual time=0.022..260.902 rows=1380035 loops=1)
  ->  Hash  (cost=83072.29..83072.29 rows=12 width=8) (actual time=1427.543..1427.543 rows=21 loops=1)
        Buckets: 1024  Batches: 1  Memory Usage: 9kB
        ->  Nested Loop  (cost=0.43..83072.29 rows=12 width=8) (actual time=52.562..1427.469 rows=21 loops=1)
              ->  Seq Scan on movie_keyword mk  (cost=0.00..81003.12 rows=246 width=4) (actual time=0.275..1384.090 rows=826 loops=1)
                    Filter: (keyword_id = 1131)
                    Rows Removed by Filter: 4523104
              ->  Index Scan using title_pkey on title t  (cost=0.43..8.40 rows=1 width=4) (actual time=0.051..0.051 rows=0 loops=826)
                    Index Cond: (id = mk.movie_id)
                    Filter: (production_year = 2008)
                    Rows Removed by Filter: 1
Planning time: 1.243 ms
Execution time: 1936.009 ms
