Hash Join  (cost=174865.45..1003030.00 rows=679825 width=0) (actual time=6977.280..16612.297 rows=917960 loops=1)
  Hash Cond: (ci.movie_id = t.id)
  ->  Seq Scan on cast_info ci  (cost=0.00..796071.18 rows=1878432 width=4) (actual time=3120.356..11679.786 rows=1108248 loops=1)
        Filter: ((person_id < 530682) AND (role_id > 3))
        Rows Removed by Filter: 35136096
  ->  Hash  (cost=159851.69..159851.69 rows=915101 width=8) (actual time=3855.749..3855.749 rows=919850 loops=1)
        Buckets: 131072  Batches: 16  Memory Usage: 3269kB
        ->  Hash Join  (cost=102767.86..159851.69 rows=915101 width=8) (actual time=1902.774..3576.181 rows=919850 loops=1)
              Hash Cond: (mi_idx.movie_id = t.id)
              ->  Seq Scan on movie_info_idx mi_idx  (cost=0.00..25185.44 rows=915101 width=4) (actual time=0.023..509.005 rows=919850 loops=1)
                    Filter: (info_type_id < 101)
                    Rows Removed by Filter: 460185
              ->  Hash  (cost=61283.27..61283.27 rows=2528527 width=4) (actual time=1901.868..1901.868 rows=2528312 loops=1)
                    Buckets: 131072  Batches: 64  Memory Usage: 2415kB
                    ->  Seq Scan on title t  (cost=0.00..61283.27 rows=2528527 width=4) (actual time=0.016..1098.763 rows=2528312 loops=1)
Planning time: 1.210 ms
Execution time: 16720.887 ms
