Nested Loop  (cost=0.43..83072.90 rows=98 width=0) (actual time=782.139..1284.869 rows=38 loops=1)
  ->  Seq Scan on movie_keyword mk  (cost=0.00..81003.12 rows=246 width=4) (actual time=0.056..1230.996 rows=655 loops=1)
        Filter: (keyword_id = 4334)
        Rows Removed by Filter: 4523275
  ->  Index Scan using title_pkey on title t  (cost=0.43..8.40 rows=1 width=4) (actual time=0.081..0.081 rows=0 loops=655)
        Index Cond: (id = mk.movie_id)
        Filter: ((production_year > 1994) AND (kind_id = 7))
        Rows Removed by Filter: 1
Planning time: 0.754 ms
Execution time: 1285.003 ms
