Hash Join  (cost=106975.83..161836.46 rows=19510 width=0) (actual time=2288.783..3710.434 rows=161557 loops=1)
  Hash Cond: (mc.movie_id = t.id)
  ->  Seq Scan on movie_companies mc  (cost=0.00..44881.29 rows=2609129 width=4) (actual time=0.011..700.776 rows=2609129 loops=1)
  ->  Hash  (cost=106739.48..106739.48 rows=18908 width=8) (actual time=2288.551..2288.551 rows=43198 loops=1)
        Buckets: 65536 (originally 32768)  Batches: 1 (originally 1)  Memory Usage: 2200kB
        ->  Hash Join  (cost=75628.29..106739.48 rows=18908 width=8) (actual time=1206.753..2271.317 rows=43198 loops=1)
              Hash Cond: (mi_idx.movie_id = t.id)
              ->  Seq Scan on movie_info_idx mi_idx  (cost=0.00..25185.44 rows=460978 width=4) (actual time=0.017..520.838 rows=459925 loops=1)
                    Filter: (info_type_id < 100)
                    Rows Removed by Filter: 920110
              ->  Hash  (cost=73925.90..73925.90 rows=103711 width=4) (actual time=1205.946..1205.946 rows=203434 loops=1)
                    Buckets: 131072 (originally 131072)  Batches: 4 (originally 2)  Memory Usage: 3073kB
                    ->  Seq Scan on title t  (cost=0.00..73925.90 rows=103711 width=4) (actual time=0.638..1131.065 rows=203434 loops=1)
                          Filter: ((kind_id < 7) AND (production_year < 1962))
                          Rows Removed by Filter: 2324878
Planning time: 7.847 ms
Execution time: 3730.998 ms
