Hash Join  (cost=52284.99..416946.98 rows=606 width=0) (actual time=848.160..8189.664 rows=53410 loops=1)
  Hash Cond: (mi.movie_id = t.id)
  ->  Seq Scan on movie_info mi  (cost=0.00..309384.22 rows=14739122 width=4) (actual time=0.012..4574.258 rows=14835720 loops=1)
  ->  Hash  (cost=52283.69..52283.69 rows=104 width=8) (actual time=845.368..845.368 rows=439 loops=1)
        Buckets: 1024  Batches: 1  Memory Usage: 26kB
        ->  Nested Loop  (cost=0.43..52283.69 rows=104 width=8) (actual time=6.866..845.076 rows=439 loops=1)
              ->  Seq Scan on movie_companies mc  (cost=0.00..51404.11 rows=104 width=4) (actual time=6.800..814.182 rows=439 loops=1)
                    Filter: (company_id = 6797)
                    Rows Removed by Filter: 2608690
              ->  Index Only Scan using title_pkey on title t  (cost=0.43..8.45 rows=1 width=4) (actual time=0.069..0.069 rows=1 loops=439)
                    Index Cond: (id = mc.movie_id)
                    Heap Fetches: 439
Planning time: 1.160 ms
Execution time: 8201.524 ms
