Hash Join  (cost=190230.21..689148.68 rows=4723269 width=0) (actual time=4187.560..18553.586 rows=10329368 loops=1)
  Hash Cond: (mi.movie_id = t.id)
  ->  Seq Scan on movie_info mi  (cost=0.00..346232.03 rows=8654066 width=4) (actual time=0.022..6575.369 rows=8752291 loops=1)
        Filter: (info_type_id < 11)
        Rows Removed by Filter: 6083429
  ->  Hash  (cost=167588.78..167588.78 rows=1380035 width=8) (actual time=4186.097..4186.097 rows=1380035 loops=1)
        Buckets: 131072  Batches: 32  Memory Usage: 2726kB
        ->  Hash Join  (cost=102767.86..167588.78 rows=1380035 width=8) (actual time=1788.782..3764.641 rows=1380035 loops=1)
              Hash Cond: (mi_idx.movie_id = t.id)
              ->  Seq Scan on movie_info_idx mi_idx  (cost=0.00..21735.35 rows=1380035 width=4) (actual time=0.026..465.057 rows=1380035 loops=1)
              ->  Hash  (cost=61283.27..61283.27 rows=2528527 width=4) (actual time=1787.463..1787.463 rows=2528312 loops=1)
                    Buckets: 131072  Batches: 64  Memory Usage: 2415kB
                    ->  Seq Scan on title t  (cost=0.00..61283.27 rows=2528527 width=4) (actual time=0.028..955.974 rows=2528312 loops=1)
Planning time: 1.148 ms
Execution time: 19808.196 ms
