Seq Scan on cast_info ci  (cost=0.00..796071.18 rows=176 width=0) (actual time=471.782..11002.945 rows=129 loops=1)
  Filter: ((person_id = 562624) AND (role_id = 1))
  Rows Removed by Filter: 36244215
Planning time: 0.425 ms
Execution time: 11003.045 ms
