Hash Join  (cost=93873.33..131355.96 rows=221652 width=0) (actual time=1866.258..2838.720 rows=121269 loops=1)
  Hash Cond: (mi_idx.movie_id = t.id)
  ->  Seq Scan on movie_info_idx mi_idx  (cost=0.00..25185.44 rows=460978 width=4) (actual time=0.024..498.531 rows=459925 loops=1)
        Filter: (info_type_id = 99)
        Rows Removed by Filter: 920110
  ->  Hash  (cost=73925.90..73925.90 rows=1215794 width=4) (actual time=1865.275..1865.275 rows=1301100 loops=1)
        Buckets: 131072  Batches: 16  Memory Usage: 3892kB
        ->  Seq Scan on title t  (cost=0.00..73925.90 rows=1215794 width=4) (actual time=0.023..1460.643 rows=1301100 loops=1)
              Filter: ((production_year > 1976) AND (kind_id = 7))
              Rows Removed by Filter: 1227212
Planning time: 0.781 ms
Execution time: 2853.582 ms
