Seq Scan on title t  (cost=0.00..73925.90 rows=2905 width=0) (actual time=0.077..1150.958 rows=2567 loops=1)
  Filter: ((kind_id < 7) AND (production_year = 1932))
  Rows Removed by Filter: 2525745
Planning time: 0.268 ms
Execution time: 1151.670 ms
