Seq Scan on movie_companies mc  (cost=0.00..51404.11 rows=2429276 width=0) (actual time=0.013..1045.080 rows=2428345 loops=1)
  Filter: (company_id < 120021)
  Rows Removed by Filter: 180784
Planning time: 0.240 ms
Execution time: 1349.223 ms
