Seq Scan on cast_info ci  (cost=0.00..705507.15 rows=28952301 width=0) (actual time=0.022..13758.077 rows=29019073 loops=1)
  Filter: (person_id > 697999)
  Rows Removed by Filter: 7225271
Planning time: 0.333 ms
Execution time: 17365.986 ms
