Seq Scan on cast_info ci  (cost=0.00..705507.15 rows=500 width=0) (actual time=2174.402..10395.343 rows=20 loops=1)
  Filter: (person_id = 3959728)
  Rows Removed by Filter: 36244324
Planning time: 0.378 ms
Execution time: 10395.420 ms
