Nested Loop  (cost=0.43..83072.29 rows=181 width=0) (actual time=94.052..1349.405 rows=14 loops=1)
  ->  Seq Scan on movie_keyword mk  (cost=0.00..81003.12 rows=246 width=4) (actual time=82.327..1346.794 rows=33 loops=1)
        Filter: (keyword_id = 29537)
        Rows Removed by Filter: 4523897
  ->  Index Scan using title_pkey on title t  (cost=0.43..8.40 rows=1 width=4) (actual time=0.073..0.073 rows=0 loops=33)
        Index Cond: (id = mk.movie_id)
        Filter: (kind_id > 1)
        Rows Removed by Filter: 1
Planning time: 0.724 ms
Execution time: 1349.520 ms
