Hash Join  (cost=976456.99..3579293.22 rows=84488099 width=211) (actual time=22539.687..136680.053 rows=127443811 loops=1)
  Hash Cond: (ci.movie_id = t.id)
  ->  Seq Scan on cast_info ci  (cost=0.00..614943.12 rows=36225612 width=42) (actual time=0.023..13750.865 rows=36244344 loops=1)
  ->  Hash  (cost=758765.72..758765.72 rows=5897221 width=169) (actual time=22532.214..22532.214 rows=5884963 loops=1)
        Buckets: 32768  Batches: 512  Memory Usage: 1769kB
        ->  Hash Join  (cost=129928.86..758765.72 rows=5897221 width=169) (actual time=5033.300..18792.043 rows=5884963 loops=1)
              Hash Cond: (mi.movie_id = t.id)
              ->  Seq Scan on movie_info mi  (cost=0.00..346232.03 rows=5897221 width=75) (actual time=1602.149..7951.511 rows=5884963 loops=1)
                    Filter: (info_type_id < 7)
                    Rows Removed by Filter: 8950757
              ->  Hash  (cost=61283.27..61283.27 rows=2528527 width=94) (actual time=3430.556..3430.556 rows=2528312 loops=1)
                    Buckets: 32768  Batches: 128  Memory Usage: 2470kB
                    ->  Seq Scan on title t  (cost=0.00..61283.27 rows=2528527 width=94) (actual time=0.020..1435.304 rows=2528312 loops=1)
Planning time: 1.412 ms
Execution time: 143918.968 ms
