Hash Join  (cost=74456.32..161873.55 rows=75919 width=0) (actual time=1201.971..3091.969 rows=78010 loops=1)
  Hash Cond: (mk.movie_id = t.id)
  ->  Seq Scan on movie_keyword mk  (cost=0.00..69693.30 rows=4523930 width=4) (actual time=0.018..995.883 rows=4523930 loops=1)
  ->  Hash  (cost=73925.90..73925.90 rows=42433 width=4) (actual time=1201.005..1201.005 rows=37411 loops=1)
        Buckets: 65536  Batches: 1  Memory Usage: 1828kB
        ->  Seq Scan on title t  (cost=0.00..73925.90 rows=42433 width=4) (actual time=0.029..1185.729 rows=37411 loops=1)
              Filter: ((kind_id = 1) AND (production_year = 2011))
              Rows Removed by Filter: 2490901
Planning time: 0.743 ms
Execution time: 3102.359 ms
