Seq Scan on cast_info ci  (cost=0.00..796071.18 rows=216873 width=0) (actual time=4010.619..14434.934 rows=78894 loops=1)
  Filter: ((person_id < 2270939) AND (role_id > 10))
  Rows Removed by Filter: 36165450
Planning time: 0.347 ms
Execution time: 14445.235 ms
