Hash Join  (cost=150492.46..522765.16 rows=139457 width=0) (actual time=5604.253..9697.321 rows=147481 loops=1)
  Hash Cond: (mi.movie_id = t.id)
  ->  Seq Scan on movie_info mi  (cost=0.00..346232.03 rows=2073893 width=4) (actual time=2399.676..5372.663 rows=2091068 loops=1)
        Filter: (info_type_id < 3)
        Rows Removed by Filter: 12744652
  ->  Hash  (cost=147702.10..147702.10 rows=170029 width=8) (actual time=3203.541..3203.541 rows=114526 loops=1)
        Buckets: 131072  Batches: 4  Memory Usage: 2162kB
        ->  Hash Join  (cost=70308.29..147702.10 rows=170029 width=8) (actual time=1125.827..3163.519 rows=114526 loops=1)
              Hash Cond: (mc.movie_id = t.id)
              ->  Seq Scan on movie_companies mc  (cost=0.00..44881.29 rows=2609129 width=4) (actual time=0.026..944.773 rows=2609129 loops=1)
              ->  Hash  (cost=67604.59..67604.59 rows=164776 width=4) (actual time=1125.189..1125.189 rows=164307 loops=1)
                    Buckets: 131072  Batches: 4  Memory Usage: 2482kB
                    ->  Seq Scan on title t  (cost=0.00..67604.59 rows=164776 width=4) (actual time=0.024..1069.107 rows=164307 loops=1)
                          Filter: (production_year = 2012)
                          Rows Removed by Filter: 2364005
Planning time: 1.190 ms
Execution time: 9714.441 ms
