Seq Scan on movie_keyword mk  (cost=0.00..81003.12 rows=246 width=0) (actual time=3.672..1281.348 rows=912 loops=1)
  Filter: (keyword_id = 142)
  Rows Removed by Filter: 4523018
Planning time: 0.363 ms
Execution time: 1281.797 ms
