Hash Join  (cost=123345.21..200330.69 rows=140396 width=0) (actual time=2455.046..5081.970 rows=947040 loops=1)
  Hash Cond: (mc.movie_id = t.id)
  ->  Seq Scan on movie_companies mc  (cost=0.00..44881.29 rows=2609129 width=4) (actual time=0.011..989.067 rows=2609129 loops=1)
  ->  Hash  (cost=121112.47..121112.47 rows=136059 width=8) (actual time=2454.410..2454.410 rows=272416 loops=1)
        Buckets: 131072 (originally 131072)  Batches: 4 (originally 2)  Memory Usage: 3691kB
        ->  Hash Join  (cost=86355.48..121112.47 rows=136059 width=8) (actual time=1473.680..2371.315 rows=272416 loops=1)
              Hash Cond: (mi_idx.movie_id = t.id)
              ->  Seq Scan on movie_info_idx mi_idx  (cost=0.00..25185.44 rows=454124 width=4) (actual time=0.023..473.516 rows=459925 loops=1)
                    Filter: (info_type_id = 100)
                    Rows Removed by Filter: 920110
              ->  Hash  (cost=73925.90..73925.90 rows=757566 width=4) (actual time=1472.602..1472.602 rows=773297 loops=1)
                    Buckets: 131072  Batches: 16  Memory Usage: 2723kB
                    ->  Seq Scan on title t  (cost=0.00..73925.90 rows=757566 width=4) (actual time=0.009..1227.034 rows=773297 loops=1)
                          Filter: ((kind_id < 4) AND (production_year < 2012))
                          Rows Removed by Filter: 1755015
Planning time: 1.063 ms
Execution time: 5181.086 ms
