Hash Join  (cost=153238.79..904529.10 rows=50110 width=0) (actual time=2815.713..19721.866 rows=403237 loops=1)
  Hash Cond: (ci.movie_id = t.id)
  ->  Seq Scan on cast_info ci  (cost=0.00..614943.12 rows=36225612 width=4) (actual time=0.013..9071.378 rows=36244344 loops=1)
  ->  Hash  (cost=153195.06..153195.06 rows=3498 width=8) (actual time=2815.338..2815.338 rows=10722 loops=1)
        Buckets: 16384 (originally 4096)  Batches: 1 (originally 1)  Memory Usage: 547kB
        ->  Hash Join  (cost=67697.55..153195.06 rows=3498 width=8) (actual time=1164.528..2810.822 rows=10722 loops=1)
              Hash Cond: (mk.movie_id = t.id)
              ->  Seq Scan on movie_keyword mk  (cost=0.00..81003.12 rows=1189175 width=4) (actual time=0.020..1416.338 rows=1194024 loops=1)
                    Filter: (keyword_id < 1450)
                    Rows Removed by Filter: 3329906
              ->  Hash  (cost=67604.59..67604.59 rows=7437 width=4) (actual time=1161.552..1161.552 rows=15489 loops=1)
                    Buckets: 16384 (originally 8192)  Batches: 1 (originally 1)  Memory Usage: 673kB
                    ->  Seq Scan on title t  (cost=0.00..67604.59 rows=7437 width=4) (actual time=0.033..1154.059 rows=15489 loops=1)
                          Filter: (production_year = 1983)
                          Rows Removed by Filter: 2512823
Planning time: 1.093 ms
Execution time: 19783.200 ms
