Seq Scan on movie_companies mc  (cost=0.00..51404.11 rows=104 width=0) (actual time=3.968..868.365 rows=1052 loops=1)
  Filter: (company_id = 917)
  Rows Removed by Filter: 2608077
Planning time: 0.357 ms
Execution time: 868.719 ms
