Hash Join  (cost=93117.31..247190.38 rows=2172778 width=0) (actual time=2196.003..6395.971 rows=2660713 loops=1)
  Hash Cond: (mk.movie_id = t.id)
  ->  Seq Scan on movie_keyword mk  (cost=0.00..81003.12 rows=3533032 width=4) (actual time=0.014..1733.911 rows=3525986 loops=1)
        Filter: (keyword_id > 948)
        Rows Removed by Filter: 997944
  ->  Hash  (cost=67604.59..67604.59 rows=1555018 width=4) (actual time=2193.178..2193.178 rows=1551727 loops=1)
        Buckets: 131072  Batches: 32  Memory Usage: 2736kB
        ->  Seq Scan on title t  (cost=0.00..67604.59 rows=1555018 width=4) (actual time=0.019..1322.639 rows=1551727 loops=1)
              Filter: (production_year < 2007)
              Rows Removed by Filter: 976585
Planning time: 0.725 ms
Execution time: 6706.057 ms
