Hash Join  (cost=241283.96..788542.62 rows=6321575 width=0) (actual time=5501.436..19701.932 rows=5674251 loops=1)
  Hash Cond: (mi.movie_id = t.id)
  ->  Seq Scan on movie_info mi  (cost=0.00..309384.22 rows=14739122 width=4) (actual time=0.026..6371.903 rows=14835720 loops=1)
  ->  Hash  (cost=223490.98..223490.98 rows=1084479 width=8) (actual time=5486.600..5486.600 rows=467978 loops=1)
        Buckets: 131072  Batches: 16  Memory Usage: 2194kB
        ->  Hash Join  (cost=86138.21..223490.98 rows=1084479 width=8) (actual time=1645.349..5362.843 rows=467978 loops=1)
              Hash Cond: (mk.movie_id = t.id)
              ->  Seq Scan on movie_keyword mk  (cost=0.00..81003.12 rows=3683962 width=4) (actual time=0.023..1757.779 rows=3677610 loops=1)
                    Filter: (keyword_id < 21706)
                    Rows Removed by Filter: 846320
              ->  Hash  (cost=73925.90..73925.90 rows=744344 width=4) (actual time=1644.102..1644.102 rows=796638 loops=1)
                    Buckets: 131072  Batches: 16  Memory Usage: 2785kB
                    ->  Seq Scan on title t  (cost=0.00..73925.90 rows=744344 width=4) (actual time=0.014..1379.462 rows=796638 loops=1)
                          Filter: ((kind_id > 1) AND (production_year > 2005))
                          Rows Removed by Filter: 1731674
Planning time: 1.165 ms
Execution time: 20345.004 ms
