Seq Scan on cast_info ci  (cost=0.00..796071.18 rows=8922922 width=0) (actual time=0.028..14949.382 rows=11619687 loops=1)
  Filter: ((person_id > 1599185) AND (role_id > 2))
  Rows Removed by Filter: 24624657
Planning time: 0.348 ms
Execution time: 16389.259 ms
