Hash Join  (cost=172345.13..930072.60 rows=693831 width=0) (actual time=3856.888..29651.529 rows=2481092 loops=1)
  Hash Cond: (ci.movie_id = t.id)
  ->  Seq Scan on cast_info ci  (cost=0.00..614943.12 rows=36225612 width=4) (actual time=0.016..9786.408 rows=36244344 loops=1)
  ->  Hash  (cost=171739.76..171739.76 rows=48429 width=8) (actual time=3856.485..3856.485 rows=95519 loops=1)
        Buckets: 131072 (originally 65536)  Batches: 2 (originally 1)  Memory Usage: 3073kB
        ->  Hash Join  (cost=102767.86..171739.76 rows=48429 width=8) (actual time=2771.323..3823.865 rows=95519 loops=1)
              Hash Cond: (mc.movie_id = t.id)
              ->  Seq Scan on movie_companies mc  (cost=0.00..57926.93 rows=48429 width=4) (actual time=183.892..813.434 rows=95519 loops=1)
                    Filter: ((company_id > 160258) AND (company_type_id > 1))
                    Rows Removed by Filter: 2513610
              ->  Hash  (cost=61283.27..61283.27 rows=2528527 width=4) (actual time=2585.296..2585.296 rows=2528312 loops=1)
                    Buckets: 131072  Batches: 64  Memory Usage: 2415kB
                    ->  Seq Scan on title t  (cost=0.00..61283.27 rows=2528527 width=4) (actual time=0.021..1064.113 rows=2528312 loops=1)
Planning time: 1.895 ms
Execution time: 29977.458 ms
