Hash Join  (cost=156581.22..287738.39 rows=751413 width=0) (actual time=3556.833..8008.118 rows=3083109 loops=1)
  Hash Cond: (mk.movie_id = t.id)
  ->  Seq Scan on movie_keyword mk  (cost=0.00..69693.30 rows=4523930 width=4) (actual time=0.022..1390.153 rows=4523930 loops=1)
  ->  Hash  (cost=149690.45..149690.45 rows=419982 width=8) (actual time=3555.911..3555.911 rows=433347 loops=1)
        Buckets: 131072  Batches: 8  Memory Usage: 3156kB
        ->  Hash Join  (cost=105399.30..149690.45 rows=419982 width=8) (actual time=2175.116..3420.014 rows=433347 loops=1)
              Hash Cond: (mi_idx.movie_id = t.id)
              ->  Seq Scan on movie_info_idx mi_idx  (cost=0.00..25185.44 rows=460978 width=4) (actual time=0.020..456.226 rows=459925 loops=1)
                    Filter: (info_type_id < 100)
                    Rows Removed by Filter: 920110
              ->  Hash  (cost=67604.59..67604.59 rows=2303657 width=4) (actual time=2173.721..2173.721 rows=2295881 loops=1)
                    Buckets: 131072  Batches: 32  Memory Usage: 3550kB
                    ->  Seq Scan on title t  (cost=0.00..67604.59 rows=2303657 width=4) (actual time=0.022..1429.776 rows=2295881 loops=1)
                          Filter: (production_year > 1948)
                          Rows Removed by Filter: 232431
Planning time: 1.112 ms
Execution time: 8383.814 ms
