Seq Scan on movie_keyword mk  (cost=0.00..81003.12 rows=246 width=0) (actual time=7.573..1024.709 rows=11 loops=1)
  Filter: (keyword_id = 88994)
  Rows Removed by Filter: 4523919
Planning time: 0.370 ms
Execution time: 1024.798 ms
