Hash Join  (cost=73952.40..191106.40 rows=404780 width=0) (actual time=1437.858..4445.044 rows=558417 loops=1)
  Hash Cond: (mk.movie_id = t.id)
  ->  Seq Scan on movie_keyword mk  (cost=0.00..81003.12 rows=2645621 width=4) (actual time=0.015..1729.223 rows=2636709 loops=1)
        Filter: (keyword_id < 7263)
        Rows Removed by Filter: 1887221
  ->  Hash  (cost=67604.59..67604.59 rows=386865 width=4) (actual time=1436.845..1436.845 rows=381430 loops=1)
        Buckets: 131072  Batches: 8  Memory Usage: 2699kB
        ->  Seq Scan on title t  (cost=0.00..67604.59 rows=386865 width=4) (actual time=0.016..1307.342 rows=381430 loops=1)
              Filter: (production_year < 1971)
              Rows Removed by Filter: 2146882
Planning time: 0.792 ms
Execution time: 4512.629 ms
