Hash Join  (cost=128697.90..493929.21 rows=57539 width=0) (actual time=1739.171..8385.294 rows=53035 loops=1)
  Hash Cond: (mi.movie_id = t.id)
  ->  Seq Scan on movie_info mi  (cost=0.00..309384.22 rows=14739122 width=4) (actual time=0.020..3938.261 rows=14835720 loops=1)
  ->  Hash  (cost=128574.51..128574.51 rows=9871 width=8) (actual time=1738.672..1738.672 rows=5794 loops=1)
        Buckets: 16384  Batches: 1  Memory Usage: 355kB
        ->  Hash Join  (cost=74356.84..128574.51 rows=9871 width=8) (actual time=643.641..1736.048 rows=5794 loops=1)
              Hash Cond: (mc.movie_id = t.id)
              ->  Seq Scan on movie_companies mc  (cost=0.00..51404.11 rows=723958 width=4) (actual time=0.012..899.846 rows=713694 loops=1)
                    Filter: (company_id < 1374)
                    Rows Removed by Filter: 1895435
              ->  Hash  (cost=73925.90..73925.90 rows=34475 width=4) (actual time=642.677..642.677 rows=39896 loops=1)
                    Buckets: 65536  Batches: 1  Memory Usage: 1915kB
                    ->  Seq Scan on title t  (cost=0.00..73925.90 rows=34475 width=4) (actual time=0.090..629.302 rows=39896 loops=1)
                          Filter: ((kind_id > 3) AND (production_year = 2000))
                          Rows Removed by Filter: 2488416
Planning time: 1.184 ms
Execution time: 8393.005 ms
