Hash Join  (cost=86638.94..172711.31 rows=799584 width=0) (actual time=1572.790..4698.588 rows=329256 loops=1)
  Hash Cond: (mc.movie_id = t.id)
  ->  Seq Scan on movie_companies mc  (cost=0.00..44881.29 rows=2609129 width=4) (actual time=0.011..914.851 rows=2609129 loops=1)
  ->  Hash  (cost=73925.90..73925.90 rows=774883 width=4) (actual time=1571.705..1571.705 rows=844431 loops=1)
        Buckets: 131072  Batches: 16  Memory Usage: 2888kB
        ->  Seq Scan on title t  (cost=0.00..73925.90 rows=774883 width=4) (actual time=0.027..1311.958 rows=844431 loops=1)
              Filter: ((kind_id > 4) AND (production_year > 2002))
              Rows Removed by Filter: 1683881
Planning time: 0.722 ms
Execution time: 4740.416 ms
