Hash Join  (cost=80661.47..161551.10 rows=423611 width=0) (actual time=1383.600..4453.153 rows=985798 loops=1)
  Hash Cond: (mc.movie_id = t.id)
  ->  Seq Scan on movie_companies mc  (cost=0.00..44881.29 rows=2609129 width=4) (actual time=0.012..917.211 rows=2609129 loops=1)
  ->  Hash  (cost=73925.90..73925.90 rows=410525 width=4) (actual time=1382.776..1382.776 rows=456146 loops=1)
        Buckets: 131072  Batches: 8  Memory Usage: 3040kB
        ->  Seq Scan on title t  (cost=0.00..73925.90 rows=410525 width=4) (actual time=0.014..1259.827 rows=456146 loops=1)
              Filter: ((production_year < 2007) AND (kind_id = 1))
              Rows Removed by Filter: 2072166
Planning time: 0.780 ms
Execution time: 4584.204 ms
