Hash Join  (cost=1201837.72..2383975.36 rows=52008749 width=0) (actual time=28291.278..59292.066 rows=46869071 loops=1)
  Hash Cond: (mi.movie_id = t.id)
  ->  Seq Scan on movie_info mi  (cost=0.00..309384.22 rows=14739122 width=4) (actual time=0.016..5774.825 rows=14835720 loops=1)
  ->  Hash  (cost=1055457.11..1055457.11 rows=8922209 width=8) (actual time=28284.606..28284.606 rows=8364678 loops=1)
        Buckets: 131072  Batches: 128  Memory Usage: 3561kB
        ->  Hash Join  (cost=98137.04..1055457.11 rows=8922209 width=8) (actual time=2532.273..25556.956 rows=8364678 loops=1)
              Hash Cond: (ci.movie_id = t.id)
              ->  Seq Scan on cast_info ci  (cost=0.00..705507.15 rows=12122566 width=4) (actual time=0.088..13862.892 rows=12031694 loops=1)
                    Filter: (person_id < 1185241)
                    Rows Removed by Filter: 24212650
              ->  Hash  (cost=67604.59..67604.59 rows=1860996 width=4) (actual time=2531.066..2531.066 rows=1865487 loops=1)
                    Buckets: 131072  Batches: 32  Memory Usage: 3079kB
                    ->  Seq Scan on title t  (cost=0.00..67604.59 rows=1860996 width=4) (actual time=0.022..1563.894 rows=1865487 loops=1)
                          Filter: (kind_id > 1)
                          Rows Removed by Filter: 662825
Planning time: 1.128 ms
Execution time: 64797.461 ms
