Seq Scan on movie_keyword mk  (cost=0.00..81003.12 rows=246 width=0) (actual time=133.522..1260.662 rows=31 loops=1)
  Filter: (keyword_id = 34562)
  Rows Removed by Filter: 4523899
Planning time: 14.529 ms
Execution time: 1260.789 ms
