Hash Join  (cost=227728.04..1385460.30 rows=12063910 width=0) (actual time=5071.124..44542.449 rows=34641449 loops=1)
  Hash Cond: (ci.movie_id = t.id)
  ->  Seq Scan on cast_info ci  (cost=0.00..614943.12 rows=36225612 width=4) (actual time=0.017..12760.091 rows=36244344 loops=1)
  ->  Hash  (cost=213912.36..213912.36 rows=842054 width=8) (actual time=5070.125..5070.125 rows=841659 loops=1)
        Buckets: 131072  Batches: 16  Memory Usage: 3107kB
        ->  Hash Join  (cost=102767.86..213912.36 rows=842054 width=8) (actual time=2320.565..4818.158 rows=841659 loops=1)
              Hash Cond: (mk.movie_id = t.id)
              ->  Seq Scan on movie_keyword mk  (cost=0.00..81003.12 rows=842054 width=4) (actual time=0.027..1354.650 rows=841659 loops=1)
                    Filter: (keyword_id < 807)
                    Rows Removed by Filter: 3682271
              ->  Hash  (cost=61283.27..61283.27 rows=2528527 width=4) (actual time=2319.379..2319.379 rows=2528312 loops=1)
                    Buckets: 131072  Batches: 64  Memory Usage: 2425kB
                    ->  Seq Scan on title t  (cost=0.00..61283.27 rows=2528527 width=4) (actual time=0.018..1085.953 rows=2528312 loops=1)
Planning time: 1.087 ms
Execution time: 48562.922 ms
