Hash Join  (cost=124350.29..212083.56 rows=107523 width=0) (actual time=2720.284..4814.135 rows=1027769 loops=1)
  Hash Cond: (mk.movie_id = t.id)
  ->  Seq Scan on movie_keyword mk  (cost=0.00..69693.30 rows=4523930 width=4) (actual time=0.028..971.267 rows=4523930 loops=1)
  ->  Hash  (cost=123599.08..123599.08 rows=60097 width=8) (actual time=2719.498..2719.498 rows=52796 loops=1)
        Buckets: 65536  Batches: 1  Memory Usage: 2575kB
        ->  Hash Join  (cost=68332.59..123599.08 rows=60097 width=8) (actual time=1259.213..2699.556 rows=52796 loops=1)
              Hash Cond: (mc.movie_id = t.id)
              ->  Seq Scan on movie_companies mc  (cost=0.00..44881.29 rows=2609129 width=4) (actual time=0.017..695.644 rows=2609129 loops=1)
              ->  Hash  (cost=67604.59..67604.59 rows=58240 width=4) (actual time=1258.835..1258.835 rows=58590 loops=1)
                    Buckets: 65536  Batches: 1  Memory Usage: 2572kB
                    ->  Seq Scan on title t  (cost=0.00..67604.59 rows=58240 width=4) (actual time=0.014..1228.967 rows=58590 loops=1)
                          Filter: (production_year = 2001)
                          Rows Removed by Filter: 2469722
Planning time: 1.134 ms
Execution time: 4938.298 ms
