Hash Join  (cost=172755.73..680645.07 rows=2631941 width=0) (actual time=3929.467..18072.147 rows=7080466 loops=1)
  Hash Cond: (mi.movie_id = t.id)
  ->  Seq Scan on movie_info mi  (cost=0.00..309384.22 rows=14739122 width=4) (actual time=0.022..5763.287 rows=14835720 loops=1)
  ->  Hash  (cost=165347.79..165347.79 rows=451515 width=8) (actual time=3928.546..3928.546 rows=459879 loops=1)
        Buckets: 131072  Batches: 8  Memory Usage: 3267kB
        ->  Hash Join  (cost=87180.69..165347.79 rows=451515 width=8) (actual time=1676.387..3779.901 rows=459879 loops=1)
              Hash Cond: (mc.movie_id = t.id)
              ->  Seq Scan on movie_companies mc  (cost=0.00..57926.93 rows=956805 width=4) (actual time=0.026..1158.296 rows=1124577 loops=1)
                    Filter: ((company_id > 1408) AND (company_type_id > 1))
                    Rows Removed by Filter: 1484552
              ->  Hash  (cost=67604.59..67604.59 rows=1193208 width=4) (actual time=1675.540..1675.540 rows=1192518 loops=1)
                    Buckets: 131072  Batches: 16  Memory Usage: 3646kB
                    ->  Seq Scan on title t  (cost=0.00..67604.59 rows=1193208 width=4) (actual time=0.017..1305.282 rows=1192518 loops=1)
                          Filter: (production_year > 2003)
                          Rows Removed by Filter: 1335794
Planning time: 3.116 ms
Execution time: 18820.548 ms
