Hash Join  (cost=141591.14..605082.82 rows=1351452 width=0) (actual time=3358.298..13685.620 rows=1206856 loops=1)
  Hash Cond: (mi.movie_id = t.id)
  ->  Seq Scan on movie_info mi  (cost=0.00..346232.03 rows=8841901 width=4) (actual time=0.013..6611.215 rows=8950757 loops=1)
        Filter: (info_type_id > 6)
        Rows Removed by Filter: 5884963
  ->  Hash  (cost=135250.19..135250.19 rows=386476 width=8) (actual time=3042.781..3042.781 rows=206320 loops=1)
        Buckets: 131072  Batches: 8  Memory Usage: 2034kB
        ->  Hash Join  (cost=91446.37..135250.19 rows=386476 width=8) (actual time=1778.291..2977.273 rows=206320 loops=1)
              Hash Cond: (mi_idx.movie_id = t.id)
              ->  Seq Scan on movie_info_idx mi_idx  (cost=0.00..25185.44 rows=915101 width=4) (actual time=0.010..544.614 rows=919850 loops=1)
                    Filter: (info_type_id < 101)
                    Rows Removed by Filter: 460185
              ->  Hash  (cost=73925.90..73925.90 rows=1067877 width=4) (actual time=1760.762..1760.762 rows=1163273 loops=1)
                    Buckets: 131072  Batches: 16  Memory Usage: 3588kB
                    ->  Seq Scan on title t  (cost=0.00..73925.90 rows=1067877 width=4) (actual time=0.019..1396.434 rows=1163273 loops=1)
                          Filter: ((production_year > 1990) AND (kind_id = 7))
                          Rows Removed by Filter: 1365039
Planning time: 1.228 ms
Execution time: 13832.848 ms
