Seq Scan on cast_info ci  (cost=0.00..705507.15 rows=500 width=0) (actual time=1009.319..9660.612 rows=922 loops=1)
  Filter: (person_id = 548406)
  Rows Removed by Filter: 36243422
Planning time: 1.821 ms
Execution time: 9660.832 ms
