Hash Join  (cost=79863.89..525010.58 rows=1074021 width=0) (actual time=1264.665..12052.884 rows=2213749 loops=1)
  Hash Cond: (mi.movie_id = t.id)
  ->  Seq Scan on movie_info mi  (cost=0.00..346232.03 rows=7503588 width=4) (actual time=0.042..6365.017 rows=7548855 loops=1)
        Filter: (info_type_id > 7)
        Rows Removed by Filter: 7286865
  ->  Hash  (cost=73925.90..73925.90 rows=361919 width=4) (actual time=1263.554..1263.554 rows=470371 loops=1)
        Buckets: 131072  Batches: 8  Memory Usage: 3111kB
        ->  Seq Scan on title t  (cost=0.00..73925.90 rows=361919 width=4) (actual time=0.015..1109.734 rows=470371 loops=1)
              Filter: ((kind_id < 7) AND (production_year < 1998))
              Rows Removed by Filter: 2057941
Planning time: 0.756 ms
Execution time: 12304.465 ms
