Hash Join  (cost=190230.21..1076678.57 rows=2725189 width=0) (actual time=5958.778..20932.936 rows=5723847 loops=1)
  Hash Cond: (ci.movie_id = t.id)
  ->  Seq Scan on cast_info ci  (cost=0.00..796071.18 rows=4993144 width=4) (actual time=1375.210..12562.812 rows=4897417 loops=1)
        Filter: ((person_id < 477812) AND (role_id < 11))
        Rows Removed by Filter: 31346927
  ->  Hash  (cost=167588.78..167588.78 rows=1380035 width=8) (actual time=4220.067..4220.067 rows=1380035 loops=1)
        Buckets: 131072  Batches: 32  Memory Usage: 2708kB
        ->  Hash Join  (cost=102767.86..167588.78 rows=1380035 width=8) (actual time=1947.609..3849.643 rows=1380035 loops=1)
              Hash Cond: (mi_idx.movie_id = t.id)
              ->  Seq Scan on movie_info_idx mi_idx  (cost=0.00..21735.35 rows=1380035 width=4) (actual time=0.024..470.297 rows=1380035 loops=1)
              ->  Hash  (cost=61283.27..61283.27 rows=2528527 width=4) (actual time=1946.204..1946.204 rows=2528312 loops=1)
                    Buckets: 131072  Batches: 64  Memory Usage: 2415kB
                    ->  Seq Scan on title t  (cost=0.00..61283.27 rows=2528527 width=4) (actual time=0.036..1111.015 rows=2528312 loops=1)
Planning time: 1.126 ms
Execution time: 21573.486 ms
