Seq Scan on movie_companies mc  (cost=0.00..57926.93 rows=696052 width=0) (actual time=102.603..995.188 rows=439850 loops=1)
  Filter: ((company_id < 11601) AND (company_type_id = 2))
  Rows Removed by Filter: 2169279
Planning time: 0.522 ms
Execution time: 1049.805 ms
