Hash Join  (cost=52284.01..79198.13 rows=1 width=0) (actual time=879.128..1280.840 rows=3 loops=1)
  Hash Cond: (mi_idx.movie_id = t.id)
  ->  Seq Scan on movie_info_idx mi_idx  (cost=0.00..25185.44 rows=460978 width=4) (actual time=0.011..455.273 rows=459925 loops=1)
        Filter: (info_type_id = 99)
        Rows Removed by Filter: 920110
  ->  Hash  (cost=52283.95..52283.95 rows=5 width=8) (actual time=761.761..761.761 rows=27 loops=1)
        Buckets: 1024  Batches: 1  Memory Usage: 10kB
        ->  Nested Loop  (cost=0.43..52283.95 rows=5 width=8) (actual time=278.887..761.709 rows=27 loops=1)
              ->  Seq Scan on movie_companies mc  (cost=0.00..51404.11 rows=104 width=4) (actual time=20.255..759.084 rows=75 loops=1)
                    Filter: (company_id = 434)
                    Rows Removed by Filter: 2609054
              ->  Index Scan using title_pkey on title t  (cost=0.43..8.45 rows=1 width=4) (actual time=0.032..0.033 rows=0 loops=75)
                    Index Cond: (id = mc.movie_id)
                    Filter: (production_year = 2007)
                    Rows Removed by Filter: 1
Planning time: 1.251 ms
Execution time: 1280.994 ms
