Hash Join  (cost=463792.77..615799.67 rows=403286 width=0) (actual time=10269.567..13993.546 rows=4190025 loops=1)
  Hash Cond: (mk.movie_id = t.id)
  ->  Seq Scan on movie_keyword mk  (cost=0.00..81003.12 rows=4313189 width=4) (actual time=0.024..1759.995 rows=4311670 loops=1)
        Filter: (keyword_id < 66181)
        Rows Removed by Filter: 212260
  ->  Hash  (cost=459913.53..459913.53 rows=236419 width=8) (actual time=9757.194..9757.194 rows=302213 loops=1)
        Buckets: 131072  Batches: 4  Memory Usage: 3918kB
        ->  Hash Join  (cost=74690.97..459913.53 rows=236419 width=8) (actual time=1111.238..9635.545 rows=302213 loops=1)
              Hash Cond: (mi.movie_id = t.id)
              ->  Seq Scan on movie_info mi  (cost=0.00..346232.03 rows=9767026 width=4) (actual time=0.020..5989.106 rows=9911754 loops=1)
                    Filter: (info_type_id > 4)
                    Rows Removed by Filter: 4923966
              ->  Hash  (cost=73925.90..73925.90 rows=61205 width=4) (actual time=1110.883..1110.883 rows=61581 loops=1)
                    Buckets: 65536  Batches: 1  Memory Usage: 2677kB
                    ->  Seq Scan on title t  (cost=0.00..73925.90 rows=61205 width=4) (actual time=441.183..1088.678 rows=61581 loops=1)
                          Filter: ((production_year > 2011) AND (kind_id = 1))
                          Rows Removed by Filter: 2466731
Planning time: 1.137 ms
Execution time: 14459.622 ms
