Seq Scan on movie_keyword mk  (cost=0.00..81003.12 rows=2125970 width=0) (actual time=0.034..1414.288 rows=2130915 loops=1)
  Filter: (keyword_id < 3933)
  Rows Removed by Filter: 2393015
Planning time: 0.587 ms
Execution time: 1687.096 ms
