Seq Scan on cast_info ci  (cost=0.00..705507.15 rows=18747299 width=0) (actual time=0.015..12282.270 rows=18641317 loops=1)
  Filter: (person_id < 1856420)
  Rows Removed by Filter: 17603027
Planning time: 0.243 ms
Execution time: 14654.710 ms
