Seq Scan on movie_keyword mk  (cost=0.00..81003.12 rows=3165953 width=0) (actual time=0.024..1280.517 rows=3152919 loops=1)
  Filter: (keyword_id < 12185)
  Rows Removed by Filter: 1371011
Planning time: 0.306 ms
Execution time: 1620.637 ms
