Seq Scan on movie_keyword mk  (cost=0.00..81003.12 rows=690733 width=0) (actual time=0.024..1349.641 rows=696207 loops=1)
  Filter: (keyword_id > 27073)
  Rows Removed by Filter: 3827723
Planning time: 0.360 ms
Execution time: 1450.522 ms
