Hash Join  (cost=103604.85..933408.26 rows=955401 width=0) (actual time=5644.173..17708.594 rows=1809749 loops=1)
  Hash Cond: (ci.movie_id = t.id)
  ->  Seq Scan on cast_info ci  (cost=0.00..796071.18 rows=1335443 width=4) (actual time=3555.560..13544.955 rows=2404776 loops=1)
        Filter: ((person_id > 2470231) AND (role_id = 3))
        Rows Removed by Filter: 33839568
  ->  Hash  (cost=73925.90..73925.90 rows=1808956 width=4) (actual time=2087.025..2087.025 rows=1799907 loops=1)
        Buckets: 131072  Batches: 32  Memory Usage: 3007kB
        ->  Seq Scan on title t  (cost=0.00..73925.90 rows=1808956 width=4) (actual time=0.038..1498.577 rows=1799907 loops=1)
              Filter: ((kind_id > 1) AND (production_year > 0))
              Rows Removed by Filter: 728405
Planning time: 3.467 ms
Execution time: 17925.254 ms
