Hash Join  (cost=123871.12..1141319.93 rows=1999275 width=0) (actual time=2575.283..26159.812 rows=2507964 loops=1)
  Hash Cond: (ci.movie_id = t.id)
  ->  Seq Scan on cast_info ci  (cost=0.00..796071.18 rows=17318361 width=4) (actual time=0.028..15898.695 rows=15900780 loops=1)
        Filter: ((person_id > 1525830) AND (role_id < 9))
        Rows Removed by Filter: 20343564
  ->  Hash  (cost=119081.37..119081.37 rows=291900 width=8) (actual time=2574.456..2574.456 rows=192209 loops=1)
        Buckets: 131072  Batches: 4  Memory Usage: 2895kB
        ->  Hash Join  (cost=76379.89..119081.37 rows=291900 width=8) (actual time=1299.517..2510.817 rows=192209 loops=1)
              Hash Cond: (mi_idx.movie_id = t.id)
              ->  Seq Scan on movie_info_idx mi_idx  (cost=0.00..21735.35 rows=1380035 width=4) (actual time=0.024..454.728 rows=1380035 loops=1)
              ->  Hash  (cost=67604.59..67604.59 rows=534824 width=4) (actual time=1298.556..1298.556 rows=533369 loops=1)
                    Buckets: 131072  Batches: 8  Memory Usage: 3369kB
                    ->  Seq Scan on title t  (cost=0.00..67604.59 rows=534824 width=4) (actual time=0.021..1129.955 rows=533369 loops=1)
                          Filter: (production_year > 2009)
                          Rows Removed by Filter: 1994943
Planning time: 2.524 ms
Execution time: 26437.260 ms
