Seq Scan on movie_info mi  (cost=0.00..346232.03 rows=1016435 width=0) (actual time=667.507..5437.537 rows=1065990 loops=1)
  Filter: (info_type_id > 75)
  Rows Removed by Filter: 13769730
Planning time: 0.323 ms
Execution time: 5578.139 ms
