Hash Join  (cost=129938.78..1068091.23 rows=1263781 width=0) (actual time=4390.223..28913.739 rows=7144419 loops=1)
  Hash Cond: (ci.movie_id = t.id)
  ->  Seq Scan on cast_info ci  (cost=0.00..796071.18 rows=11097717 width=4) (actual time=1418.697..16724.838 rows=12670688 loops=1)
        Filter: ((person_id < 3214387) AND (role_id < 2))
        Rows Removed by Filter: 23573656
  ->  Hash  (cost=125214.49..125214.49 rows=287943 width=8) (actual time=2970.513..2970.513 rows=639517 loops=1)
        Buckets: 131072 (originally 131072)  Batches: 8 (originally 4)  Memory Usage: 4163kB
        ->  Hash Join  (cost=82581.58..125214.49 rows=287943 width=8) (actual time=1480.991..2789.395 rows=639517 loops=1)
              Hash Cond: (mi_idx.movie_id = t.id)
              ->  Seq Scan on movie_info_idx mi_idx  (cost=0.00..21735.35 rows=1380035 width=4) (actual time=0.034..460.959 rows=1380035 loops=1)
              ->  Hash  (cost=73925.90..73925.90 rows=527574 width=4) (actual time=1480.131..1480.131 rows=609532 loops=1)
                    Buckets: 131072  Batches: 8  Memory Usage: 3715kB
                    ->  Seq Scan on title t  (cost=0.00..73925.90 rows=527574 width=4) (actual time=0.030..1286.521 rows=609532 loops=1)
                          Filter: ((kind_id < 7) AND (production_year < 2005))
                          Rows Removed by Filter: 1918780
Planning time: 1.166 ms
Execution time: 29684.182 ms
