Seq Scan on cast_info ci  (cost=0.00..705507.15 rows=18895800 width=0) (actual time=3594.626..12754.394 rows=19029837 loops=1)
  Filter: (person_id > 1700370)
  Rows Removed by Filter: 17214507
Planning time: 0.334 ms
Execution time: 15064.283 ms
