Nested Loop  (cost=0.43..58358.27 rows=51 width=0) (actual time=318.953..815.853 rows=28 loops=1)
  ->  Seq Scan on movie_companies mc  (cost=0.00..57926.93 rows=51 width=4) (actual time=318.876..814.727 rows=28 loops=1)
        Filter: ((company_id = 217) AND (company_type_id = 1))
        Rows Removed by Filter: 2609101
  ->  Index Only Scan using title_pkey on title t  (cost=0.43..8.45 rows=1 width=4) (actual time=0.036..0.037 rows=1 loops=28)
        Index Cond: (id = mc.movie_id)
        Heap Fetches: 28
Planning time: 0.526 ms
Execution time: 815.928 ms
