Hash Join  (cost=52284.99..803089.06 rows=1490 width=0) (actual time=874.792..16845.963 rows=9623 loops=1)
  Hash Cond: (ci.movie_id = t.id)
  ->  Seq Scan on cast_info ci  (cost=0.00..614943.12 rows=36225612 width=4) (actual time=0.012..9025.248 rows=36244344 loops=1)
  ->  Hash  (cost=52283.69..52283.69 rows=104 width=8) (actual time=867.865..867.865 rows=178 loops=1)
        Buckets: 1024  Batches: 1  Memory Usage: 15kB
        ->  Nested Loop  (cost=0.43..52283.69 rows=104 width=8) (actual time=124.334..867.778 rows=178 loops=1)
              ->  Seq Scan on movie_companies mc  (cost=0.00..51404.11 rows=104 width=4) (actual time=124.228..864.526 rows=178 loops=1)
                    Filter: (company_id = 63504)
                    Rows Removed by Filter: 2608951
              ->  Index Only Scan using title_pkey on title t  (cost=0.43..8.45 rows=1 width=4) (actual time=0.017..0.017 rows=1 loops=178)
                    Index Cond: (id = mc.movie_id)
                    Heap Fetches: 178
Planning time: 1.106 ms
Execution time: 16848.294 ms
