Hash Join  (cost=96795.94..183629.93 rows=17595 width=0) (actual time=1729.082..3516.104 rows=104295 loops=1)
  Hash Cond: (mk.movie_id = t.id)
  ->  Seq Scan on movie_keyword mk  (cost=0.00..69693.30 rows=4523930 width=4) (actual time=0.024..972.664 rows=4523930 loops=1)
  ->  Hash  (cost=96673.02..96673.02 rows=9834 width=8) (actual time=1728.712..1728.712 rows=13122 loops=1)
        Buckets: 16384  Batches: 1  Memory Usage: 641kB
        ->  Hash Join  (cost=67942.77..96673.02 rows=9834 width=8) (actual time=979.365..1723.590 rows=13122 loops=1)
              Hash Cond: (mi_idx.movie_id = t.id)
              ->  Seq Scan on movie_info_idx mi_idx  (cost=0.00..25185.44 rows=919057 width=4) (actual time=0.024..544.528 rows=920110 loops=1)
                    Filter: (info_type_id > 99)
                    Rows Removed by Filter: 459925
              ->  Hash  (cost=67604.59..67604.59 rows=27055 width=4) (actual time=979.121..979.121 rows=26775 loops=1)
                    Buckets: 32768  Batches: 1  Memory Usage: 1198kB
                    ->  Seq Scan on title t  (cost=0.00..67604.59 rows=27055 width=4) (actual time=0.015..967.891 rows=26775 loops=1)
                          Filter: (production_year = 1993)
                          Rows Removed by Filter: 2501537
Planning time: 4.268 ms
Execution time: 3529.035 ms
