Hash Join  (cost=68173.50..435482.44 rows=265301 width=0) (actual time=940.979..9244.385 rows=454898 loops=1)
  Hash Cond: (mi.movie_id = t.id)
  ->  Seq Scan on movie_info mi  (cost=0.00..309384.22 rows=14739122 width=4) (actual time=0.025..4378.734 rows=14835720 loops=1)
  ->  Hash  (cost=67604.59..67604.59 rows=45513 width=4) (actual time=884.943..884.943 rows=42820 loops=1)
        Buckets: 65536  Batches: 1  Memory Usage: 2018kB
        ->  Seq Scan on title t  (cost=0.00..67604.59 rows=45513 width=4) (actual time=19.652..868.670 rows=42820 loops=1)
              Filter: (production_year < 1913)
              Rows Removed by Filter: 2485492
Planning time: 0.759 ms
Execution time: 9305.114 ms
