Hash Join  (cost=94973.51..1489339.06 rows=23192538 width=0) (actual time=1906.326..44881.754 rows=22425508 loops=1)
  Hash Cond: (ci.movie_id = t.id)
  ->  Seq Scan on cast_info ci  (cost=0.00..705507.15 rows=35154403 width=4) (actual time=0.023..17309.415 rows=35294742 loops=1)
        Filter: (person_id > 98378)
        Rows Removed by Filter: 949602
  ->  Hash  (cost=67604.59..67604.59 rows=1668154 width=4) (actual time=1904.778..1904.778 rows=1674098 loops=1)
        Buckets: 131072  Batches: 32  Memory Usage: 2869kB
        ->  Seq Scan on title t  (cost=0.00..67604.59 rows=1668154 width=4) (actual time=0.015..1375.684 rows=1674098 loops=1)
              Filter: (kind_id > 3)
              Rows Removed by Filter: 854214
Planning time: 0.760 ms
Execution time: 47402.856 ms
