Seq Scan on cast_info ci  (cost=0.00..705507.15 rows=19319904 width=0) (actual time=10.512..12458.046 rows=19221850 loops=1)
  Filter: (person_id < 1921172)
  Rows Removed by Filter: 17022494
Planning time: 0.241 ms
Execution time: 14874.118 ms
