Seq Scan on movie_companies mc  (cost=0.00..51404.11 rows=104 width=0) (actual time=22.990..919.312 rows=1124 loops=1)
  Filter: (company_id = 656)
  Rows Removed by Filter: 2608005
Planning time: 0.324 ms
Execution time: 919.598 ms
