Hash Join  (cost=100882.53..157462.12 rows=11016 width=0) (actual time=1941.300..3213.312 rows=27674 loops=1)
  Hash Cond: (mc.movie_id = t.id)
  ->  Seq Scan on movie_companies mc  (cost=0.00..51404.11 rows=1350753 width=4) (actual time=0.007..964.691 rows=1359783 loops=1)
        Filter: (company_id > 11149)
        Rows Removed by Filter: 1249346
  ->  Hash  (cost=100624.76..100624.76 rows=20621 width=8) (actual time=1941.075..1941.075 rows=19339 loops=1)
        Buckets: 32768  Batches: 1  Memory Usage: 1012kB
        ->  Hash Join  (cost=69460.45..100624.76 rows=20621 width=8) (actual time=1269.542..1932.594 rows=19339 loops=1)
              Hash Cond: (mi_idx.movie_id = t.id)
              ->  Seq Scan on movie_info_idx mi_idx  (cost=0.00..25185.44 rows=460978 width=4) (actual time=0.014..450.298 rows=459925 loops=1)
                    Filter: (info_type_id = 99)
                    Rows Removed by Filter: 920110
              ->  Hash  (cost=67604.59..67604.59 rows=113109 width=4) (actual time=1268.818..1268.818 rows=119565 loops=1)
                    Buckets: 131072  Batches: 2  Memory Usage: 3115kB
                    ->  Seq Scan on title t  (cost=0.00..67604.59 rows=113109 width=4) (actual time=0.013..1225.168 rows=119565 loops=1)
                          Filter: (production_year = 2007)
                          Rows Removed by Filter: 2408747
Planning time: 0.829 ms
Execution time: 3217.803 ms
