Nested Loop  (cost=0.43..83072.29 rows=38 width=0) (actual time=12.904..1393.082 rows=216 loops=1)
  ->  Seq Scan on movie_keyword mk  (cost=0.00..81003.12 rows=246 width=4) (actual time=0.076..1282.851 rows=3076 loops=1)
        Filter: (keyword_id = 2199)
        Rows Removed by Filter: 4520854
  ->  Index Scan using title_pkey on title t  (cost=0.43..8.40 rows=1 width=4) (actual time=0.035..0.035 rows=0 loops=3076)
        Index Cond: (id = mk.movie_id)
        Filter: (production_year > 2010)
        Rows Removed by Filter: 1
Planning time: 0.664 ms
Execution time: 1393.308 ms
