Hash Join  (cost=134825.76..261587.55 rows=390675 width=0) (actual time=3205.078..5866.894 rows=313045 loops=1)
  Hash Cond: (mk.movie_id = t.id)
  ->  Seq Scan on movie_keyword mk  (cost=0.00..69693.30 rows=4523930 width=4) (actual time=0.016..1298.192 rows=4523930 loops=1)
  ->  Hash  (cost=131243.30..131243.30 rows=218357 width=8) (actual time=2991.696..2991.696 rows=121269 loops=1)
        Buckets: 131072  Batches: 4  Memory Usage: 2213kB
        ->  Hash Join  (cost=93873.33..131243.30 rows=218357 width=8) (actual time=1938.879..2950.187 rows=121269 loops=1)
              Hash Cond: (mi_idx.movie_id = t.id)
              ->  Seq Scan on movie_info_idx mi_idx  (cost=0.00..25185.44 rows=454124 width=4) (actual time=0.025..504.419 rows=459925 loops=1)
                    Filter: (info_type_id = 100)
                    Rows Removed by Filter: 920110
              ->  Hash  (cost=73925.90..73925.90 rows=1215794 width=4) (actual time=1938.005..1938.005 rows=1301100 loops=1)
                    Buckets: 131072  Batches: 16  Memory Usage: 3892kB
                    ->  Seq Scan on title t  (cost=0.00..73925.90 rows=1215794 width=4) (actual time=0.030..1536.422 rows=1301100 loops=1)
                          Filter: ((production_year > 1976) AND (kind_id = 7))
                          Rows Removed by Filter: 1227212
Planning time: 1.335 ms
Execution time: 5898.715 ms
