Seq Scan on movie_companies mc  (cost=0.00..51404.11 rows=462695 width=0) (actual time=87.215..895.033 rows=466982 loops=1)
  Filter: (company_id > 76207)
  Rows Removed by Filter: 2142147
Planning time: 4.322 ms
Execution time: 954.108 ms
