Hash Join  (cost=87301.44..984171.43 rows=4103112 width=0) (actual time=7496.787..24021.836 rows=4080330 loops=1)
  Hash Cond: (ci.movie_id = t.id)
  ->  Seq Scan on cast_info ci  (cost=0.00..705507.15 rows=12726058 width=4) (actual time=5670.192..14514.492 rows=12670688 loops=1)
        Filter: (role_id < 2)
        Rows Removed by Filter: 23573656
  ->  Hash  (cost=73925.90..73925.90 rows=815243 width=4) (actual time=1825.372..1825.372 rows=876186 loops=1)
        Buckets: 131072  Batches: 16  Memory Usage: 2955kB
        ->  Seq Scan on title t  (cost=0.00..73925.90 rows=815243 width=4) (actual time=0.036..1547.409 rows=876186 loops=1)
              Filter: ((kind_id > 1) AND (production_year > 2004))
              Rows Removed by Filter: 1652126
Planning time: 0.511 ms
Execution time: 24481.316 ms
