Seq Scan on movie_companies mc  (cost=0.00..57926.93 rows=416131 width=0) (actual time=0.030..859.279 rows=596555 loops=1)
  Filter: ((company_id < 2256) AND (company_type_id = 1))
  Rows Removed by Filter: 2012574
Planning time: 0.406 ms
Execution time: 934.368 ms
