Hash Join  (cost=227665.07..760364.64 rows=5891099 width=0) (actual time=5999.686..24834.841 rows=24621616 loops=1)
  Hash Cond: (mi.movie_id = t.id)
  ->  Seq Scan on movie_info mi  (cost=0.00..346232.03 rows=9476311 width=4) (actual time=0.013..6233.660 rows=9565151 loops=1)
        Filter: (info_type_id < 16)
        Rows Removed by Filter: 5270569
  ->  Hash  (cost=201875.33..201875.33 rows=1571899 width=8) (actual time=5998.514..5998.514 rows=1562803 loops=1)
        Buckets: 131072  Batches: 32  Memory Usage: 2970kB
        ->  Hash Join  (cost=102767.86..201875.33 rows=1571899 width=8) (actual time=2024.813..5528.251 rows=1562803 loops=1)
              Hash Cond: (mc.movie_id = t.id)
              ->  Seq Scan on movie_companies mc  (cost=0.00..51404.11 rows=1571899 width=4) (actual time=0.027..1020.886 rows=1562803 loops=1)
                    Filter: (company_id < 15069)
                    Rows Removed by Filter: 1046326
              ->  Hash  (cost=61283.27..61283.27 rows=2528527 width=4) (actual time=2023.908..2023.908 rows=2528312 loops=1)
                    Buckets: 131072  Batches: 64  Memory Usage: 2415kB
                    ->  Seq Scan on title t  (cost=0.00..61283.27 rows=2528527 width=4) (actual time=0.015..1163.628 rows=2528312 loops=1)
Planning time: 1.134 ms
Execution time: 27569.603 ms
