Nested Loop  (cost=66296.57..446296.72 rows=292 width=0) (actual time=5494.442..11078.281 rows=962 loops=1)
  ->  Hash Join  (cost=66296.14..424396.30 rows=33270 width=8) (actual time=5467.432..7164.819 rows=179468 loops=1)
        Hash Cond: (mi.movie_id = mc.movie_id)
        ->  Seq Scan on movie_info mi  (cost=0.00..346232.03 rows=17937 width=4) (actual time=4195.057..5439.937 rows=68025 loops=1)
              Filter: (info_type_id = 94)
              Rows Removed by Filter: 14767695
        ->  Hash  (cost=51404.11..51404.11 rows=907682 width=4) (actual time=1271.353..1271.353 rows=916886 loops=1)
              Buckets: 131072  Batches: 16  Memory Usage: 3063kB
              ->  Seq Scan on movie_companies mc  (cost=0.00..51404.11 rows=907682 width=4) (actual time=0.033..992.909 rows=916886 loops=1)
                    Filter: (company_id > 20380)
                    Rows Removed by Filter: 1692243
  ->  Index Scan using title_pkey on title t  (cost=0.43..0.65 rows=1 width=4) (actual time=0.021..0.021 rows=0 loops=179468)
        Index Cond: (id = mc.movie_id)
        Filter: (kind_id = 4)
        Rows Removed by Filter: 1
Planning time: 9.304 ms
Execution time: 11078.722 ms
