Hash Join  (cost=215833.08..344311.21 rows=1293006 width=0) (actual time=4783.445..12639.973 rows=15654888 loops=1)
  Hash Cond: (mk.movie_id = t.id)
  ->  Seq Scan on movie_keyword mk  (cost=0.00..81003.12 rows=2555184 width=4) (actual time=0.015..1701.700 rows=2549507 loops=1)
        Filter: (keyword_id > 3462)
        Rows Removed by Filter: 1974423
  ->  Hash  (cost=194840.12..194840.12 rows=1279517 width=8) (actual time=4782.437..4782.437 rows=1274246 loops=1)
        Buckets: 131072  Batches: 32  Memory Usage: 2633kB
        ->  Hash Join  (cost=102767.86..194840.12 rows=1279517 width=8) (actual time=2438.841..4416.120 rows=1274246 loops=1)
              Hash Cond: (mc.movie_id = t.id)
              ->  Seq Scan on movie_companies mc  (cost=0.00..51404.11 rows=1279517 width=4) (actual time=477.168..1078.911 rows=1274246 loops=1)
                    Filter: (company_type_id < 2)
                    Rows Removed by Filter: 1334883
              ->  Hash  (cost=61283.27..61283.27 rows=2528527 width=4) (actual time=1960.376..1960.376 rows=2528312 loops=1)
                    Buckets: 131072  Batches: 64  Memory Usage: 2415kB
                    ->  Seq Scan on title t  (cost=0.00..61283.27 rows=2528527 width=4) (actual time=0.019..1144.478 rows=2528312 loops=1)
Planning time: 1.073 ms
Execution time: 14365.462 ms
