Hash Join  (cost=83074.81..111692.43 rows=55 width=0) (actual time=1373.504..1977.705 rows=2 loops=1)
  Hash Cond: (mi_idx.movie_id = t.id)
  ->  Seq Scan on movie_info_idx mi_idx  (cost=0.00..25185.44 rows=915101 width=4) (actual time=0.024..505.356 rows=919850 loops=1)
        Filter: (info_type_id < 101)
        Rows Removed by Filter: 460185
  ->  Hash  (cost=83072.90..83072.90 rows=153 width=8) (actual time=1339.674..1339.674 rows=1 loops=1)
        Buckets: 1024  Batches: 1  Memory Usage: 9kB
        ->  Nested Loop  (cost=0.43..83072.90 rows=153 width=8) (actual time=154.871..1339.666 rows=1 loops=1)
              ->  Seq Scan on movie_keyword mk  (cost=0.00..81003.12 rows=246 width=4) (actual time=119.658..1339.384 rows=5 loops=1)
                    Filter: (keyword_id = 108068)
                    Rows Removed by Filter: 4523925
              ->  Index Scan using title_pkey on title t  (cost=0.43..8.40 rows=1 width=4) (actual time=0.050..0.050 rows=0 loops=5)
                    Index Cond: (id = mk.movie_id)
                    Filter: ((kind_id > 1) AND (production_year > 1966))
                    Rows Removed by Filter: 1
Planning time: 1.158 ms
Execution time: 1977.829 ms
