Seq Scan on movie_companies mc  (cost=0.00..51404.11 rows=251664 width=0) (actual time=0.031..876.362 rows=246042 loops=1)
  Filter: (company_id < 115)
  Rows Removed by Filter: 2363087
Planning time: 0.310 ms
Execution time: 910.900 ms
