Seq Scan on movie_companies mc  (cost=0.00..51404.11 rows=104 width=0) (actual time=78.181..786.453 rows=12 loops=1)
  Filter: (company_id = 52566)
  Rows Removed by Filter: 2609117
Planning time: 0.345 ms
Execution time: 786.534 ms
