Seq Scan on movie_keyword mk  (cost=0.00..81003.12 rows=1396235 width=0) (actual time=0.025..1404.596 rows=1410952 loops=1)
  Filter: (keyword_id > 11851)
  Rows Removed by Filter: 3112978
Planning time: 0.327 ms
Execution time: 1580.930 ms
