Hash Join  (cost=206656.62..346192.93 rows=1286512 width=0) (actual time=5228.184..10587.913 rows=5927087 loops=1)
  Hash Cond: (mk.movie_id = t.id)
  ->  Seq Scan on movie_keyword mk  (cost=0.00..81003.12 rows=3648286 width=4) (actual time=0.021..1780.436 rows=3638414 loops=1)
        Filter: (keyword_id > 835)
        Rows Removed by Filter: 885516
  ->  Hash  (cost=192028.04..192028.04 rows=891646 width=8) (actual time=5227.285..5227.285 rows=1084753 loops=1)
        Buckets: 131072  Batches: 16  Memory Usage: 3686kB
        ->  Hash Join  (cost=102767.86..192028.04 rows=891646 width=8) (actual time=2390.831..4873.868 rows=1084753 loops=1)
              Hash Cond: (mc.movie_id = t.id)
              ->  Seq Scan on movie_companies mc  (cost=0.00..57926.93 rows=891646 width=4) (actual time=0.038..1171.939 rows=1084753 loops=1)
                    Filter: ((company_id > 2414) AND (company_type_id > 1))
                    Rows Removed by Filter: 1524376
              ->  Hash  (cost=61283.27..61283.27 rows=2528527 width=4) (actual time=2381.784..2381.784 rows=2528312 loops=1)
                    Buckets: 131072  Batches: 64  Memory Usage: 2415kB
                    ->  Seq Scan on title t  (cost=0.00..61283.27 rows=2528527 width=4) (actual time=0.015..1208.760 rows=2528312 loops=1)
Planning time: 1.123 ms
Execution time: 11263.562 ms
