Seq Scan on movie_companies mc  (cost=0.00..57926.93 rows=53 width=0) (actual time=510.956..842.600 rows=30 loops=1)
  Filter: ((company_id = 94104) AND (company_type_id = 2))
  Rows Removed by Filter: 2609099
Planning time: 0.397 ms
Execution time: 842.703 ms
