Nested Loop  (cost=139224.16..154365.54 rows=216 width=0) (actual time=2175.189..2257.357 rows=1832 loops=1)
  ->  Merge Join  (cost=139223.73..139705.66 rows=4034 width=8) (actual time=2174.794..2202.667 rows=2123 loops=1)
        Merge Cond: (mc.movie_id = mk.movie_id)
        ->  Sort  (cost=55077.87..55196.15 rows=47312 width=4) (actual time=853.108..861.851 rows=47252 loops=1)
              Sort Key: mc.movie_id
              Sort Method: quicksort  Memory: 3581kB
              ->  Seq Scan on movie_companies mc  (cost=0.00..51404.11 rows=47312 width=4) (actual time=2.108..833.396 rows=47252 loops=1)
                    Filter: (company_id = 19)
                    Rows Removed by Filter: 2561877
        ->  Sort  (cost=84145.83..84248.38 rows=41017 width=4) (actual time=1321.618..1328.241 rows=41994 loops=1)
              Sort Key: mk.movie_id
              Sort Method: quicksort  Memory: 3327kB
              ->  Seq Scan on movie_keyword mk  (cost=0.00..81003.12 rows=41017 width=4) (actual time=0.038..1305.587 rows=41840 loops=1)
                    Filter: (keyword_id = 117)
                    Rows Removed by Filter: 4482090
  ->  Index Scan using title_pkey on title t  (cost=0.43..3.62 rows=1 width=4) (actual time=0.025..0.025 rows=1 loops=2123)
        Index Cond: (id = mc.movie_id)
        Filter: (production_year < 1991)
        Rows Removed by Filter: 0
Planning time: 1.174 ms
Execution time: 2258.758 ms
