Hash Join  (cost=83189.08..431876.42 rows=4005 width=0) (actual time=2856.700..7092.898 rows=328 loops=1)
  Hash Cond: (mi.movie_id = t.id)
  ->  Seq Scan on movie_info mi  (cost=0.00..346232.03 rows=17937 width=4) (actual time=1475.896..5633.870 rows=18539 loops=1)
        Filter: (info_type_id = 90)
        Rows Removed by Filter: 14817181
  ->  Hash  (cost=73925.90..73925.90 rows=564574 width=4) (actual time=1379.889..1379.889 rows=454234 loops=1)
        Buckets: 131072  Batches: 8  Memory Usage: 3010kB
        ->  Seq Scan on title t  (cost=0.00..73925.90 rows=564574 width=4) (actual time=0.019..1233.222 rows=454234 loops=1)
              Filter: ((production_year < 1998) AND (kind_id = 7))
              Rows Removed by Filter: 2074078
Planning time: 0.803 ms
Execution time: 7093.286 ms
