Hash Join  (cost=84197.31..187659.20 rows=475636 width=0) (actual time=1672.342..3995.974 rows=318180 loops=1)
  Hash Cond: (mk.movie_id = t.id)
  ->  Seq Scan on movie_keyword mk  (cost=0.00..81003.12 rows=1189175 width=4) (actual time=0.022..1503.323 rows=1194024 loops=1)
        Filter: (keyword_id < 1450)
        Rows Removed by Filter: 3329906
  ->  Hash  (cost=67604.59..67604.59 rows=1011338 width=4) (actual time=1671.131..1671.131 rows=1012920 loops=1)
        Buckets: 131072  Batches: 16  Memory Usage: 3257kB
        ->  Seq Scan on title t  (cost=0.00..67604.59 rows=1011338 width=4) (actual time=0.011..1339.274 rows=1012920 loops=1)
              Filter: (production_year > 2005)
              Rows Removed by Filter: 1515392
Planning time: 0.798 ms
Execution time: 4033.629 ms
