Hash Join  (cost=999567.19..1176158.46 rows=4016432 width=0) (actual time=16401.376..22482.766 rows=10928206 loops=1)
  Hash Cond: (mk.movie_id = t.id)
  ->  Seq Scan on movie_keyword mk  (cost=0.00..69693.30 rows=4523930 width=4) (actual time=0.020..1475.926 rows=4523930 loops=1)
  ->  Hash  (cost=962736.26..962736.26 rows=2244875 width=8) (actual time=16400.497..16400.497 rows=724910 loops=1)
        Buckets: 131072  Batches: 32  Memory Usage: 1936kB
        ->  Hash Join  (cost=102767.86..962736.26 rows=2244875 width=8) (actual time=3726.752..16185.328 rows=724910 loops=1)
              Hash Cond: (ci.movie_id = t.id)
              ->  Seq Scan on cast_info ci  (cost=0.00..796071.18 rows=2244875 width=4) (actual time=1902.894..13338.195 rows=724910 loops=1)
                    Filter: ((person_id < 1864793) AND (role_id = 10))
                    Rows Removed by Filter: 35519434
              ->  Hash  (cost=61283.27..61283.27 rows=2528527 width=4) (actual time=1822.802..1822.802 rows=2528312 loops=1)
                    Buckets: 131072  Batches: 64  Memory Usage: 2415kB
                    ->  Seq Scan on title t  (cost=0.00..61283.27 rows=2528527 width=4) (actual time=0.028..1003.644 rows=2528312 loops=1)
Planning time: 1.120 ms
Execution time: 23771.599 ms
