Hash Join  (cost=78556.72..223293.45 rows=1136216 width=0) (actual time=1374.031..5748.434 rows=2751975 loops=1)
  Hash Cond: (mk.movie_id = t.id)
  ->  Seq Scan on movie_keyword mk  (cost=0.00..81003.12 rows=4303851 width=4) (actual time=0.015..1815.336 rows=4289311 loops=1)
        Filter: (keyword_id > 186)
        Rows Removed by Filter: 234619
  ->  Hash  (cost=67604.59..67604.59 rows=667531 width=4) (actual time=1373.427..1373.427 rows=662825 loops=1)
        Buckets: 131072  Batches: 16  Memory Usage: 2486kB
        ->  Seq Scan on title t  (cost=0.00..67604.59 rows=667531 width=4) (actual time=232.577..1149.196 rows=662825 loops=1)
              Filter: (kind_id = 1)
              Rows Removed by Filter: 1865487
Planning time: 0.494 ms
Execution time: 6058.956 ms
