Hash Join  (cost=81925.97..945310.23 rows=934934 width=0) (actual time=1504.292..22362.773 rows=1804024 loops=1)
  Hash Cond: (ci.movie_id = t.id)
  ->  Seq Scan on cast_info ci  (cost=0.00..796071.18 rows=4848199 width=4) (actual time=0.020..14217.138 rows=9954352 loops=1)
        Filter: ((person_id < 1357146) AND (role_id = 1))
        Rows Removed by Filter: 26289992
  ->  Hash  (cost=73925.90..73925.90 rows=487605 width=4) (actual time=1503.412..1503.412 rows=501779 loops=1)
        Buckets: 131072  Batches: 8  Memory Usage: 3231kB
        ->  Seq Scan on title t  (cost=0.00..73925.90 rows=487605 width=4) (actual time=0.022..1341.573 rows=501779 loops=1)
              Filter: ((kind_id > 1) AND (production_year > 2008))
              Rows Removed by Filter: 2026533
Planning time: 0.875 ms
Execution time: 22588.965 ms
