Hash Join  (cost=251805.02..736152.93 rows=5358078 width=0) (actual time=6730.539..19835.939 rows=16078205 loops=1)
  Hash Cond: (mi.movie_id = t.id)
  ->  Seq Scan on movie_info mi  (cost=0.00..346232.03 rows=5897221 width=4) (actual time=0.021..5944.795 rows=5884963 loops=1)
        Filter: (info_type_id < 7)
        Rows Removed by Filter: 8950757
  ->  Hash  (cost=214113.01..214113.01 rows=2297361 width=8) (actual time=6727.653..6727.653 rows=2416390 loops=1)
        Buckets: 131072  Batches: 32  Memory Usage: 4024kB
        ->  Hash Join  (cost=104131.46..214113.01 rows=2297361 width=8) (actual time=2127.961..6053.459 rows=2416390 loops=1)
              Hash Cond: (mc.movie_id = t.id)
              ->  Seq Scan on movie_companies mc  (cost=0.00..44881.29 rows=2609129 width=4) (actual time=0.018..904.695 rows=2609129 loops=1)
              ->  Hash  (cost=67604.59..67604.59 rows=2226390 width=4) (actual time=2126.911..2126.911 rows=2224569 loops=1)
                    Buckets: 131072  Batches: 32  Memory Usage: 3463kB
                    ->  Seq Scan on title t  (cost=0.00..67604.59 rows=2226390 width=4) (actual time=0.013..1423.404 rows=2224569 loops=1)
                          Filter: (production_year < 2012)
                          Rows Removed by Filter: 303743
Planning time: 1.183 ms
Execution time: 21581.356 ms
