Seq Scan on movie_keyword mk  (cost=0.00..81003.12 rows=246 width=0) (actual time=3.198..1231.043 rows=259 loops=1)
  Filter: (keyword_id = 59)
  Rows Removed by Filter: 4523671
Planning time: 0.377 ms
Execution time: 1231.299 ms
