Seq Scan on movie_keyword mk  (cost=0.00..81003.12 rows=1641100 width=0) (actual time=0.025..1397.229 rows=1649040 loops=1)
  Filter: (keyword_id > 8903)
  Rows Removed by Filter: 2874890
Planning time: 0.317 ms
Execution time: 1618.856 ms
