Hash Join  (cost=513038.35..1516285.56 rows=6341461 width=0) (actual time=13001.174..30023.936 rows=6595312 loops=1)
  Hash Cond: (ci.movie_id = t.id)
  ->  Seq Scan on cast_info ci  (cost=0.00..796071.18 rows=11981178 width=4) (actual time=4024.713..14298.730 rows=9457786 loops=1)
        Filter: ((person_id > 1994938) AND (role_id < 5))
        Rows Removed by Filter: 26786558
  ->  Hash  (cost=491081.45..491081.45 rows=1338312 width=8) (actual time=8975.100..8975.100 rows=1401902 loops=1)
        Buckets: 131072  Batches: 32  Memory Usage: 2687kB
        ->  Hash Join  (cost=102767.86..491081.45 rows=1338312 width=8) (actual time=2469.744..8570.966 rows=1401902 loops=1)
              Hash Cond: (mi.movie_id = t.id)
              ->  Seq Scan on movie_info mi  (cost=0.00..346232.03 rows=1338312 width=4) (actual time=474.849..5041.798 rows=1401902 loops=1)
                    Filter: (info_type_id = 7)
                    Rows Removed by Filter: 13433818
              ->  Hash  (cost=61283.27..61283.27 rows=2528527 width=4) (actual time=1993.467..1993.467 rows=2528312 loops=1)
                    Buckets: 131072  Batches: 64  Memory Usage: 2425kB
                    ->  Seq Scan on title t  (cost=0.00..61283.27 rows=2528527 width=4) (actual time=0.022..1131.515 rows=2528312 loops=1)
Planning time: 1.162 ms
Execution time: 30742.692 ms
