Hash Join  (cost=83074.74..447745.01 rows=1434 width=0) (actual time=1296.736..7647.275 rows=16197 loops=1)
  Hash Cond: (mi.movie_id = t.id)
  ->  Seq Scan on movie_info mi  (cost=0.00..309384.22 rows=14739122 width=4) (actual time=0.019..3800.964 rows=14835720 loops=1)
  ->  Hash  (cost=83071.67..83071.67 rows=246 width=8) (actual time=1294.549..1294.549 rows=456 loops=1)
        Buckets: 1024  Batches: 1  Memory Usage: 26kB
        ->  Nested Loop  (cost=0.43..83071.67 rows=246 width=8) (actual time=2.461..1294.129 rows=456 loops=1)
              ->  Seq Scan on movie_keyword mk  (cost=0.00..81003.12 rows=246 width=4) (actual time=2.388..1276.088 rows=456 loops=1)
                    Filter: (keyword_id = 808)
                    Rows Removed by Filter: 4523474
              ->  Index Only Scan using title_pkey on title t  (cost=0.43..8.40 rows=1 width=4) (actual time=0.037..0.037 rows=1 loops=456)
                    Index Cond: (id = mk.movie_id)
                    Heap Fetches: 456
Planning time: 1.154 ms
Execution time: 7650.098 ms
