Hash Join  (cost=267975.23..372412.25 rows=1895109 width=0) (actual time=5968.942..11673.959 rows=13412461 loops=1)
  Hash Cond: (mc.movie_id = t.id)
  ->  Seq Scan on movie_companies mc  (cost=0.00..44881.29 rows=2609129 width=4) (actual time=0.014..991.417 rows=2609129 loops=1)
  ->  Hash  (cost=237843.16..237843.16 rows=1836565 width=8) (actual time=5967.688..5967.688 rows=1844796 loops=1)
        Buckets: 131072  Batches: 32  Memory Usage: 3265kB
        ->  Hash Join  (cost=102767.86..237843.16 rows=1836565 width=8) (actual time=1916.841..5486.376 rows=1844796 loops=1)
              Hash Cond: (mk.movie_id = t.id)
              ->  Seq Scan on movie_keyword mk  (cost=0.00..81003.12 rows=1836565 width=4) (actual time=0.017..1565.321 rows=1844796 loops=1)
                    Filter: (keyword_id < 3061)
                    Rows Removed by Filter: 2679134
              ->  Hash  (cost=61283.27..61283.27 rows=2528527 width=4) (actual time=1915.393..1915.393 rows=2528312 loops=1)
                    Buckets: 131072  Batches: 64  Memory Usage: 2425kB
                    ->  Seq Scan on title t  (cost=0.00..61283.27 rows=2528527 width=4) (actual time=0.014..1058.087 rows=2528312 loops=1)
Planning time: 1.074 ms
Execution time: 13081.903 ms
