Seq Scan on movie_companies mc  (cost=0.00..57926.93 rows=51 width=0) (actual time=23.740..935.475 rows=13 loops=1)
  Filter: ((company_type_id < 2) AND (company_id = 14514))
  Rows Removed by Filter: 2609116
Planning time: 0.333 ms
Execution time: 935.583 ms
