Hash Join  (cost=52284.46..146613.53 rows=58 width=0) (actual time=665.081..2127.535 rows=8768 loops=1)
  Hash Cond: (mk.movie_id = t.id)
  ->  Seq Scan on movie_keyword mk  (cost=0.00..81003.12 rows=3553430 width=4) (actual time=0.020..1079.685 rows=3550164 loops=1)
        Filter: (keyword_id > 910)
        Rows Removed by Filter: 973766
  ->  Hash  (cost=52283.95..52283.95 rows=41 width=8) (actual time=663.923..663.923 rows=824 loops=1)
        Buckets: 1024  Batches: 1  Memory Usage: 41kB
        ->  Nested Loop  (cost=0.43..52283.95 rows=41 width=8) (actual time=0.247..663.374 rows=824 loops=1)
              ->  Seq Scan on movie_companies mc  (cost=0.00..51404.11 rows=104 width=4) (actual time=0.206..648.405 rows=830 loops=1)
                    Filter: (company_id = 7264)
                    Rows Removed by Filter: 2608299
              ->  Index Scan using title_pkey on title t  (cost=0.43..8.45 rows=1 width=4) (actual time=0.016..0.017 rows=1 loops=830)
                    Index Cond: (id = mc.movie_id)
                    Filter: (kind_id < 7)
                    Rows Removed by Filter: 0
Planning time: 1.224 ms
Execution time: 2128.613 ms
