Hash Join  (cost=94832.53..459896.02 rows=40758 width=0) (actual time=1848.195..8830.860 rows=227208 loops=1)
  Hash Cond: (mi.movie_id = t.id)
  ->  Seq Scan on movie_info mi  (cost=0.00..309384.22 rows=14739122 width=4) (actual time=0.028..3953.843 rows=14835720 loops=1)
  ->  Hash  (cost=94745.13..94745.13 rows=6992 width=8) (actual time=1565.787..1565.787 rows=16662 loops=1)
        Buckets: 32768 (originally 8192)  Batches: 1 (originally 1)  Memory Usage: 907kB
        ->  Hash Join  (cost=67764.72..94745.13 rows=6992 width=8) (actual time=1121.326..1559.535 rows=16662 loops=1)
              Hash Cond: (mi_idx.movie_id = t.id)
              ->  Seq Scan on movie_info_idx mi_idx  (cost=0.00..21735.35 rows=1380035 width=4) (actual time=0.008..350.933 rows=1380035 loops=1)
              ->  Hash  (cost=67604.59..67604.59 rows=12811 width=4) (actual time=890.811..890.811 rows=12600 loops=1)
                    Buckets: 16384  Batches: 1  Memory Usage: 571kB
                    ->  Seq Scan on title t  (cost=0.00..67604.59 rows=12811 width=4) (actual time=529.634..885.654 rows=12600 loops=1)
                          Filter: (kind_id = 6)
                          Rows Removed by Filter: 2515712
Planning time: 1.278 ms
Execution time: 8867.342 ms
