Seq Scan on movie_keyword mk  (cost=0.00..81003.12 rows=3404804 width=0) (actual time=0.024..1572.014 rows=3395956 loops=1)
  Filter: (keyword_id > 1221)
  Rows Removed by Filter: 1127974
Planning time: 0.306 ms
Execution time: 1973.365 ms
