Seq Scan on cast_info ci  (cost=0.00..796071.18 rows=21613258 width=0) (actual time=0.012..15741.529 rows=20767954 loops=1)
  Filter: ((person_id > 1111961) AND (role_id < 10))
  Rows Removed by Filter: 15476390
Planning time: 0.345 ms
Execution time: 18297.594 ms
