Hash Join  (cost=168993.43..1286892.58 rows=8186299 width=0) (actual time=4266.818..38628.661 rows=17265111 loops=1)
  Hash Cond: (ci.movie_id = t.id)
  ->  Seq Scan on cast_info ci  (cost=0.00..614943.12 rows=36225612 width=4) (actual time=0.018..13065.385 rows=36244344 loops=1)
  ->  Hash  (cost=159617.94..159617.94 rows=571399 width=8) (actual time=4265.675..4265.675 rows=895812 loops=1)
        Buckets: 131072 (originally 131072)  Batches: 16 (originally 8)  Memory Usage: 3221kB
        ->  Hash Join  (cost=76690.42..159617.94 rows=571399 width=8) (actual time=1351.189..3721.878 rows=895812 loops=1)
              Hash Cond: (mc.movie_id = t.id)
              ->  Seq Scan on movie_companies mc  (cost=0.00..44881.29 rows=2609129 width=4) (actual time=0.015..926.181 rows=2609129 loops=1)
              ->  Hash  (cost=67604.59..67604.59 rows=553747 width=4) (actual time=1350.523..1350.523 rows=552960 loops=1)
                    Buckets: 131072  Batches: 8  Memory Usage: 3445kB
                    ->  Seq Scan on title t  (cost=0.00..67604.59 rows=553747 width=4) (actual time=0.011..1175.324 rows=552960 loops=1)
                          Filter: (production_year < 1983)
                          Rows Removed by Filter: 1975352
Planning time: 1.153 ms
Execution time: 40428.860 ms
