Hash Join  (cost=320987.28..1454476.69 rows=15687831 width=0) (actual time=10154.561..26849.695 rows=7613704 loops=1)
  Hash Cond: (ci.movie_id = t.id)
  ->  Seq Scan on cast_info ci  (cost=0.00..796071.18 rows=11913428 width=4) (actual time=3762.633..14401.854 rows=5590954 loops=1)
        Filter: ((person_id < 1814218) AND (role_id > 1))
        Rows Removed by Filter: 30653390
  ->  Hash  (cost=266360.12..266360.12 rows=3329613 width=8) (actual time=6390.548..6390.548 rows=1637255 loops=1)
        Buckets: 131072  Batches: 64  Memory Usage: 2002kB
        ->  Hash Join  (cost=98137.04..266360.12 rows=3329613 width=8) (actual time=1822.443..5949.164 rows=1637255 loops=1)
              Hash Cond: (mk.movie_id = t.id)
              ->  Seq Scan on movie_keyword mk  (cost=0.00..69693.30 rows=4523930 width=4) (actual time=0.034..1494.350 rows=4523930 loops=1)
              ->  Hash  (cost=67604.59..67604.59 rows=1860996 width=4) (actual time=1821.143..1821.143 rows=1865487 loops=1)
                    Buckets: 131072  Batches: 32  Memory Usage: 3085kB
                    ->  Seq Scan on title t  (cost=0.00..67604.59 rows=1860996 width=4) (actual time=0.028..1201.449 rows=1865487 loops=1)
                          Filter: (kind_id > 1)
                          Rows Removed by Filter: 662825
Planning time: 1.137 ms
Execution time: 27715.878 ms
