Hash Join  (cost=102767.86..1642298.58 rows=34250189 width=0) (actual time=1802.681..48089.039 rows=34325928 loops=1)
  Hash Cond: (ci.movie_id = t.id)
  ->  Seq Scan on cast_info ci  (cost=0.00..705507.15 rows=34250189 width=4) (actual time=0.014..17597.316 rows=34325928 loops=1)
        Filter: (person_id > 188275)
        Rows Removed by Filter: 1918416
  ->  Hash  (cost=61283.27..61283.27 rows=2528527 width=4) (actual time=1801.714..1801.714 rows=2528312 loops=1)
        Buckets: 131072  Batches: 64  Memory Usage: 2415kB
        ->  Seq Scan on title t  (cost=0.00..61283.27 rows=2528527 width=4) (actual time=0.013..921.218 rows=2528312 loops=1)
Planning time: 0.432 ms
Execution time: 52188.108 ms
