Hash Join  (cost=83073.44..109984.15 rows=23 width=0) (actual time=1357.272..1839.942 rows=1534 loops=1)
  Hash Cond: (mi_idx.movie_id = t.id)
  ->  Seq Scan on movie_info_idx mi_idx  (cost=0.00..21735.35 rows=1380035 width=4) (actual time=0.016..239.031 rows=1380035 loops=1)
  ->  Hash  (cost=83072.90..83072.90 rows=43 width=8) (actual time=1357.203..1357.203 rows=573 loops=1)
        Buckets: 1024  Batches: 1  Memory Usage: 31kB
        ->  Nested Loop  (cost=0.43..83072.90 rows=43 width=8) (actual time=1.189..1356.714 rows=573 loops=1)
              ->  Seq Scan on movie_keyword mk  (cost=0.00..81003.12 rows=246 width=4) (actual time=1.135..1318.885 rows=1053 loops=1)
                    Filter: (keyword_id = 1537)
                    Rows Removed by Filter: 4522877
              ->  Index Scan using title_pkey on title t  (cost=0.43..8.40 rows=1 width=4) (actual time=0.034..0.035 rows=1 loops=1053)
                    Index Cond: (id = mk.movie_id)
                    Filter: ((kind_id < 2) AND (production_year < 2008))
                    Rows Removed by Filter: 0
Planning time: 3.393 ms
Execution time: 1840.337 ms
