Seq Scan on cast_info ci  (cost=0.00..796071.18 rows=3117660 width=0) (actual time=6328.038..12681.999 rows=5679268 loops=1)
  Filter: ((person_id > 2203916) AND (role_id > 6))
  Rows Removed by Filter: 30565076
Planning time: 0.371 ms
Execution time: 13373.183 ms
