Hash Join  (cost=214575.46..366112.49 rows=2424199 width=0) (actual time=6483.045..8413.116 rows=1484191 loops=1)
  Hash Cond: (mk.movie_id = t.id)
  ->  Seq Scan on movie_keyword mk  (cost=0.00..69693.30 rows=4523930 width=4) (actual time=0.016..1538.092 rows=4523930 loops=1)
  ->  Hash  (cost=192345.71..192345.71 rows=1354940 width=8) (actual time=4533.679..4533.679 rows=678385 loops=1)
        Buckets: 131072  Batches: 32  Memory Usage: 1833kB
        ->  Hash Join  (cost=92883.59..192345.71 rows=1354940 width=8) (actual time=1785.754..4355.851 rows=678385 loops=1)
              Hash Cond: (mc.movie_id = t.id)
              ->  Seq Scan on movie_companies mc  (cost=0.00..51404.11 rows=2223522 width=4) (actual time=0.022..1142.254 rows=2218601 loops=1)
                    Filter: (company_id < 83236)
                    Rows Removed by Filter: 390528
              ->  Hash  (cost=67604.59..67604.59 rows=1540800 width=4) (actual time=1785.001..1785.001 rows=1543264 loops=1)
                    Buckets: 131072  Batches: 32  Memory Usage: 2722kB
                    ->  Seq Scan on title t  (cost=0.00..67604.59 rows=1540800 width=4) (actual time=0.018..1285.779 rows=1543264 loops=1)
                          Filter: (kind_id = 7)
                          Rows Removed by Filter: 985048
Planning time: 1.169 ms
Execution time: 8580.926 ms
