Hash Join  (cost=102767.86..1292620.10 rows=15954404 width=0) (actual time=1974.536..29236.780 rows=11905972 loops=1)
  Hash Cond: (ci.movie_id = t.id)
  ->  Seq Scan on cast_info ci  (cost=0.00..796071.18 rows=15954404 width=4) (actual time=0.024..16485.922 rows=11905972 loops=1)
        Filter: ((person_id < 2526556) AND (role_id > 1))
        Rows Removed by Filter: 24338372
  ->  Hash  (cost=61283.27..61283.27 rows=2528527 width=4) (actual time=1973.546..1973.546 rows=2528312 loops=1)
        Buckets: 131072  Batches: 64  Memory Usage: 2415kB
        ->  Seq Scan on title t  (cost=0.00..61283.27 rows=2528527 width=4) (actual time=0.022..1131.858 rows=2528312 loops=1)
Planning time: 0.898 ms
Execution time: 30488.648 ms
