Hash Join  (cost=81025.55..1085570.08 rows=2665807 width=0) (actual time=2850.621..27488.988 rows=2941085 loops=1)
  Hash Cond: (ci.movie_id = t.id)
  ->  Seq Scan on cast_info ci  (cost=0.00..796071.18 rows=15578206 width=4) (actual time=1611.498..18062.177 rows=15754362 loops=1)
        Filter: ((person_id > 131326) AND (role_id > 2))
        Rows Removed by Filter: 20489982
  ->  Hash  (cost=73925.90..73925.90 rows=432692 width=4) (actual time=1238.352..1238.352 rows=368246 loops=1)
        Buckets: 131072  Batches: 8  Memory Usage: 2639kB
        ->  Seq Scan on title t  (cost=0.00..73925.90 rows=432692 width=4) (actual time=0.022..1120.930 rows=368246 loops=1)
              Filter: ((kind_id < 7) AND (production_year > 2004))
              Rows Removed by Filter: 2160066
Planning time: 0.720 ms
Execution time: 27831.715 ms
