Seq Scan on cast_info ci  (cost=0.00..705507.15 rows=500 width=0) (actual time=2886.413..10830.409 rows=1 loops=1)
  Filter: (person_id = 2536065)
  Rows Removed by Filter: 36244343
Planning time: 1.575 ms
Execution time: 10830.493 ms
