Hash Join  (cost=104131.46..835203.43 rows=687042 width=0) (actual time=3252.973..14253.946 rows=598814 loops=1)
  Hash Cond: (ci.movie_id = t.id)
  ->  Seq Scan on cast_info ci  (cost=0.00..705507.15 rows=780279 width=4) (actual time=1182.454..11312.491 rows=666706 loops=1)
        Filter: (person_id < 71384)
        Rows Removed by Filter: 35577638
  ->  Hash  (cost=67604.59..67604.59 rows=2226390 width=4) (actual time=2068.842..2068.842 rows=2224569 loops=1)
        Buckets: 131072  Batches: 32  Memory Usage: 3463kB
        ->  Seq Scan on title t  (cost=0.00..67604.59 rows=2226390 width=4) (actual time=0.023..1358.029 rows=2224569 loops=1)
              Filter: (production_year < 2012)
              Rows Removed by Filter: 303743
Planning time: 0.746 ms
Execution time: 14322.100 ms
