Nested Loop  (cost=0.43..83072.90 rows=128 width=0) (actual time=726.007..1319.973 rows=29 loops=1)
  ->  Seq Scan on movie_keyword mk  (cost=0.00..81003.12 rows=246 width=4) (actual time=12.306..1269.533 rows=1271 loops=1)
        Filter: (keyword_id = 1993)
        Rows Removed by Filter: 4522659
  ->  Index Scan using title_pkey on title t  (cost=0.43..8.40 rows=1 width=4) (actual time=0.039..0.039 rows=0 loops=1271)
        Index Cond: (id = mk.movie_id)
        Filter: ((production_year > 1964) AND (kind_id = 7))
        Rows Removed by Filter: 1
Planning time: 0.760 ms
Execution time: 1320.101 ms
