Seq Scan on movie_keyword mk  (cost=0.00..81003.12 rows=246 width=0) (actual time=7.659..1224.252 rows=162 loops=1)
  Filter: (keyword_id = 10825)
  Rows Removed by Filter: 4523768
Planning time: 0.358 ms
Execution time: 1224.468 ms
