Hash Join  (cost=85894.26..223797.61 rows=1305132 width=0) (actual time=1874.170..5017.428 rows=286070 loops=1)
  Hash Cond: (mk.movie_id = t.id)
  ->  Seq Scan on movie_keyword mk  (cost=0.00..69693.30 rows=4523930 width=4) (actual time=0.018..1513.843 rows=4523930 loops=1)
  ->  Hash  (cost=73925.90..73925.90 rows=729468 width=4) (actual time=1623.617..1623.617 rows=638430 loops=1)
        Buckets: 131072  Batches: 16  Memory Usage: 2431kB
        ->  Seq Scan on title t  (cost=0.00..73925.90 rows=729468 width=4) (actual time=0.018..1412.858 rows=638430 loops=1)
              Filter: ((kind_id > 6) AND (production_year < 2003))
              Rows Removed by Filter: 1889882
Planning time: 0.814 ms
Execution time: 5045.797 ms
