Seq Scan on movie_keyword mk  (cost=0.00..81003.12 rows=246 width=0) (actual time=18.878..1263.833 rows=64 loops=1)
  Filter: (keyword_id = 31455)
  Rows Removed by Filter: 4523866
Planning time: 0.357 ms
Execution time: 1263.994 ms
