Hash Join  (cost=200199.13..994457.96 rows=698433 width=0) (actual time=4540.239..20754.395 rows=3974981 loops=1)
  Hash Cond: (ci.movie_id = t.id)
  ->  Seq Scan on cast_info ci  (cost=0.00..705507.15 rows=6296272 width=4) (actual time=0.025..12454.175 rows=6194990 loops=1)
        Filter: (person_id < 597397)
        Rows Removed by Filter: 30049354
  ->  Hash  (cost=195597.08..195597.08 rows=280484 width=8) (actual time=4523.873..4523.873 rows=497444 loops=1)
        Buckets: 131072 (originally 131072)  Batches: 8 (originally 4)  Memory Usage: 3432kB
        ->  Hash Join  (cost=70177.20..195597.08 rows=280484 width=8) (actual time=1102.529..4375.968 rows=497444 loops=1)
              Hash Cond: (mk.movie_id = t.id)
              ->  Seq Scan on movie_keyword mk  (cost=0.00..69693.30 rows=4523930 width=4) (actual time=0.018..1508.674 rows=4523930 loops=1)
              ->  Hash  (cost=67604.59..67604.59 rows=156769 width=4) (actual time=1101.403..1101.403 rows=160337 loops=1)
                    Buckets: 131072  Batches: 4  Memory Usage: 2437kB
                    ->  Seq Scan on title t  (cost=0.00..67604.59 rows=156769 width=4) (actual time=4.306..1048.458 rows=160337 loops=1)
                          Filter: (production_year < 1949)
                          Rows Removed by Filter: 2367975
Planning time: 1.146 ms
Execution time: 21172.774 ms
