Hash Join  (cost=80355.62..186352.45 rows=277312 width=0) (actual time=1317.977..3755.661 rows=458517 loops=1)
  Hash Cond: (mk.movie_id = t.id)
  ->  Seq Scan on movie_keyword mk  (cost=0.00..81003.12 rows=1789224 width=4) (actual time=0.016..1606.220 rows=1797275 loops=1)
        Filter: (keyword_id > 7759)
        Rows Removed by Filter: 2726655
  ->  Hash  (cost=73925.90..73925.90 rows=391897 width=4) (actual time=1316.636..1316.636 rows=289693 loops=1)
        Buckets: 131072  Batches: 8  Memory Usage: 2309kB
        ->  Seq Scan on title t  (cost=0.00..73925.90 rows=391897 width=4) (actual time=474.860..1221.306 rows=289693 loops=1)
              Filter: ((production_year > 1998) AND (kind_id = 1))
              Rows Removed by Filter: 2238619
Planning time: 3.189 ms
Execution time: 3801.210 ms
