Hash Join  (cost=284481.02..921098.21 rows=12969537 width=0) (actual time=7598.162..54431.454 rows=148236795 loops=1)
  Hash Cond: (mi.movie_id = t.id)
  ->  Seq Scan on movie_info mi  (cost=0.00..309384.22 rows=14739122 width=4) (actual time=0.017..6465.701 rows=14835720 loops=1)
  ->  Hash  (cost=247977.13..247977.13 rows=2224951 width=8) (actual time=7589.876..7589.876 rows=2870835 loops=1)
        Buckets: 131072 (originally 131072)  Batches: 64 (originally 32)  Memory Usage: 3073kB
        ->  Hash Join  (cost=88359.31..247977.13 rows=2224951 width=8) (actual time=2077.217..6764.641 rows=2870835 loops=1)
              Hash Cond: (mk.movie_id = t.id)
              ->  Seq Scan on movie_keyword mk  (cost=0.00..81003.12 rows=4447248 width=4) (actual time=0.018..1820.092 rows=4448142 loops=1)
                    Filter: (keyword_id < 89102)
                    Rows Removed by Filter: 75788
              ->  Hash  (cost=67604.59..67604.59 rows=1265018 width=4) (actual time=2063.667..2063.667 rows=1263700 loops=1)
                    Buckets: 131072  Batches: 32  Memory Usage: 2418kB
                    ->  Seq Scan on title t  (cost=0.00..67604.59 rows=1265018 width=4) (actual time=0.017..1339.040 rows=1263700 loops=1)
                          Filter: (production_year < 2004)
                          Rows Removed by Filter: 1264612
Planning time: 1.224 ms
Execution time: 70788.209 ms
