Hash Join  (cost=100945.93..807767.65 rows=139 width=0) (actual time=11312.163..14640.786 rows=450 loops=1)
  Hash Cond: (ci.movie_id = t.id)
  ->  Seq Scan on cast_info ci  (cost=0.00..705507.15 rows=350181 width=4) (actual time=9467.040..12748.305 rows=316118 loops=1)
        Filter: (role_id > 10)
        Rows Removed by Filter: 35928226
  ->  Hash  (cost=100933.34..100933.34 rows=1007 width=8) (actual time=1844.614..1844.614 rows=1619 loops=1)
        Buckets: 2048 (originally 1024)  Batches: 1 (originally 1)  Memory Usage: 80kB
        ->  Hash Join  (cost=73994.33..100933.34 rows=1007 width=8) (actual time=1326.775..1843.863 rows=1619 loops=1)
              Hash Cond: (mi_idx.movie_id = t.id)
              ->  Seq Scan on movie_info_idx mi_idx  (cost=0.00..25185.44 rows=464934 width=4) (actual time=0.037..419.483 rows=460185 loops=1)
                    Filter: (info_type_id > 100)
                    Rows Removed by Filter: 919850
              ->  Hash  (cost=73925.90..73925.90 rows=5474 width=4) (actual time=1326.649..1326.649 rows=10313 loops=1)
                    Buckets: 16384 (originally 8192)  Batches: 1 (originally 1)  Memory Usage: 491kB
                    ->  Seq Scan on title t  (cost=0.00..73925.90 rows=5474 width=4) (actual time=0.099..1321.168 rows=10313 loops=1)
                          Filter: ((kind_id > 1) AND (production_year = 1980))
                          Rows Removed by Filter: 2517999
Planning time: 2.544 ms
Execution time: 14641.057 ms
