Hash Join  (cost=213897.09..728294.68 rows=3241869 width=0) (actual time=4946.942..18918.362 rows=4394037 loops=1)
  Hash Cond: (mi.movie_id = t.id)
  ->  Seq Scan on movie_info mi  (cost=0.00..309384.22 rows=14739122 width=4) (actual time=0.015..5748.603 rows=14835720 loops=1)
  ->  Hash  (cost=204772.22..204772.22 rows=556149 width=8) (actual time=4945.928..4945.928 rows=332146 loops=1)
        Buckets: 131072  Batches: 8  Memory Usage: 2661kB
        ->  Hash Join  (cost=100809.69..204772.22 rows=556149 width=8) (actual time=2107.829..4833.629 rows=332146 loops=1)
              Hash Cond: (mk.movie_id = t.id)
              ->  Seq Scan on movie_keyword mk  (cost=0.00..81003.12 rows=858183 width=4) (actual time=0.022..1501.413 rows=861326 loops=1)
                    Filter: (keyword_id < 820)
                    Rows Removed by Filter: 3662604
              ->  Hash  (cost=73925.90..73925.90 rows=1638623 width=4) (actual time=2106.675..2106.675 rows=1629839 loops=1)
                    Buckets: 131072  Batches: 32  Memory Usage: 2819kB
                    ->  Seq Scan on title t  (cost=0.00..73925.90 rows=1638623 width=4) (actual time=0.010..1578.847 rows=1629839 loops=1)
                          Filter: ((kind_id > 1) AND (production_year < 2012))
                          Rows Removed by Filter: 898473
Planning time: 1.989 ms
Execution time: 19390.886 ms
