Seq Scan on cast_info ci  (cost=0.00..796071.18 rows=22792324 width=0) (actual time=0.065..16837.594 rows=25073838 loops=1)
  Filter: ((person_id < 2708429) AND (role_id < 10))
  Rows Removed by Filter: 11170506
Planning time: 0.370 ms
Execution time: 19962.346 ms
