Hash Join  (cost=175027.18..252335.54 rows=377634 width=0) (actual time=4145.144..6244.055 rows=1187901 loops=1)
  Hash Cond: (mc.movie_id = t.id)
  ->  Seq Scan on movie_companies mc  (cost=0.00..57926.93 rows=1038955 width=4) (actual time=0.023..1181.646 rows=920541 loops=1)
        Filter: ((company_id > 424) AND (company_type_id < 2))
        Rows Removed by Filter: 1688588
  ->  Hash  (cost=159947.97..159947.97 rows=919057 width=8) (actual time=4144.132..4144.132 rows=920110 loops=1)
        Buckets: 131072  Batches: 16  Memory Usage: 3269kB
        ->  Hash Join  (cost=102767.86..159947.97 rows=919057 width=8) (actual time=2127.872..3863.749 rows=920110 loops=1)
              Hash Cond: (mi_idx.movie_id = t.id)
              ->  Seq Scan on movie_info_idx mi_idx  (cost=0.00..25185.44 rows=919057 width=4) (actual time=0.026..528.921 rows=920110 loops=1)
                    Filter: (info_type_id > 99)
                    Rows Removed by Filter: 459925
              ->  Hash  (cost=61283.27..61283.27 rows=2528527 width=4) (actual time=2126.612..2126.612 rows=2528312 loops=1)
                    Buckets: 131072  Batches: 64  Memory Usage: 2415kB
                    ->  Seq Scan on title t  (cost=0.00..61283.27 rows=2528527 width=4) (actual time=0.010..1241.959 rows=2528312 loops=1)
Planning time: 1.162 ms
Execution time: 6389.981 ms
