Nested Loop  (cost=0.43..83071.67 rows=246 width=0) (actual time=1.402..1025.946 rows=165 loops=1)
  ->  Seq Scan on movie_keyword mk  (cost=0.00..81003.12 rows=246 width=4) (actual time=1.352..1020.276 rows=165 loops=1)
        Filter: (keyword_id = 11955)
        Rows Removed by Filter: 4523765
  ->  Index Only Scan using title_pkey on title t  (cost=0.43..8.40 rows=1 width=4) (actual time=0.031..0.032 rows=1 loops=165)
        Index Cond: (id = mk.movie_id)
        Heap Fetches: 165
Planning time: 2.257 ms
Execution time: 1026.103 ms
