Hash Join  (cost=73942.76..160624.91 rows=2412 width=0) (actual time=1357.570..3005.259 rows=10703 loops=1)
  Hash Cond: (mk.movie_id = t.id)
  ->  Seq Scan on movie_keyword mk  (cost=0.00..69693.30 rows=4523930 width=4) (actual time=0.013..1025.671 rows=4523930 loops=1)
  ->  Hash  (cost=73925.90..73925.90 rows=1348 width=4) (actual time=1185.432..1185.432 rows=2374 loops=1)
        Buckets: 4096 (originally 2048)  Batches: 1 (originally 1)  Memory Usage: 116kB
        ->  Seq Scan on title t  (cost=0.00..73925.90 rows=1348 width=4) (actual time=686.181..1184.137 rows=2374 loops=1)
              Filter: ((kind_id = 4) AND (production_year = 1994))
              Rows Removed by Filter: 2525938
Planning time: 0.781 ms
Execution time: 3007.018 ms
