Hash Join  (cost=130543.86..512972.85 rows=66080 width=0) (actual time=2338.392..10088.962 rows=127499 loops=1)
  Hash Cond: (mi.movie_id = t.id)
  ->  Seq Scan on movie_info mi  (cost=0.00..346232.03 rows=9476311 width=4) (actual time=0.025..6004.587 rows=9565151 loops=1)
        Filter: (info_type_id < 16)
        Rows Removed by Filter: 5270569
  ->  Hash  (cost=130323.46..130323.46 rows=17632 width=8) (actual time=2338.117..2338.117 rows=13734 loops=1)
        Buckets: 32768  Batches: 1  Memory Usage: 793kB
        ->  Hash Join  (cost=68113.45..130323.46 rows=17632 width=8) (actual time=977.494..2332.217 rows=13734 loops=1)
              Hash Cond: (mc.movie_id = t.id)
              ->  Seq Scan on movie_companies mc  (cost=0.00..57926.93 rows=1095135 width=4) (actual time=0.018..1141.498 rows=870607 loops=1)
                    Filter: ((company_id < 76377) AND (company_type_id = 2))
                    Rows Removed by Filter: 1738522
              ->  Hash  (cost=67604.59..67604.59 rows=40709 width=4) (actual time=977.136..977.136 rows=38955 loops=1)
                    Buckets: 65536  Batches: 1  Memory Usage: 1882kB
                    ->  Seq Scan on title t  (cost=0.00..67604.59 rows=40709 width=4) (actual time=0.020..959.596 rows=38955 loops=1)
                          Filter: (production_year = 1997)
                          Rows Removed by Filter: 2489357
Planning time: 1.229 ms
Execution time: 10107.775 ms
