Hash Join  (cost=439675.19..1383220.57 rows=547103 width=0) (actual time=6519.719..28970.133 rows=1151870 loops=1)
  Hash Cond: (ci.movie_id = t.id)
  ->  Seq Scan on cast_info ci  (cost=0.00..796071.18 rows=12242974 width=4) (actual time=0.017..16079.251 rows=12670688 loops=1)
        Filter: ((person_id < 3791266) AND (role_id = 1))
        Rows Removed by Filter: 23573656
  ->  Hash  (cost=437820.78..437820.78 rows=112993 width=8) (actual time=6518.834..6518.834 rows=220907 loops=1)
        Buckets: 131072 (originally 131072)  Batches: 4 (originally 2)  Memory Usage: 3184kB
        ->  Hash Join  (cost=79715.19..437820.78 rows=112993 width=8) (actual time=1327.831..6435.278 rows=220907 loops=1)
              Hash Cond: (mi.movie_id = t.id)
              ->  Seq Scan on movie_info mi  (cost=0.00..346232.03 rows=809768 width=4) (actual time=3.304..4574.513 rows=802140 loops=1)
                    Filter: (info_type_id < 2)
                    Rows Removed by Filter: 14033580
              ->  Hash  (cost=73925.90..73925.90 rows=352823 width=4) (actual time=1323.776..1323.776 rows=302088 loops=1)
                    Buckets: 131072  Batches: 8  Memory Usage: 2348kB
                    ->  Seq Scan on title t  (cost=0.00..73925.90 rows=352823 width=4) (actual time=0.025..1218.192 rows=302088 loops=1)
                          Filter: ((kind_id < 7) AND (production_year > 2006))
                          Rows Removed by Filter: 2226224
Planning time: 1.147 ms
Execution time: 29088.691 ms
