Hash Join  (cost=174865.45..287227.98 rows=662343 width=0) (actual time=3977.530..7015.495 rows=2807566 loops=1)
  Hash Cond: (mk.movie_id = t.id)
  ->  Seq Scan on movie_keyword mk  (cost=0.00..81003.12 rows=1830127 width=4) (actual time=0.024..1517.774 rows=1835881 loops=1)
        Filter: (keyword_id > 7592)
        Rows Removed by Filter: 2688049
  ->  Hash  (cost=159851.69..159851.69 rows=915101 width=8) (actual time=3976.390..3976.390 rows=919850 loops=1)
        Buckets: 131072  Batches: 16  Memory Usage: 3282kB
        ->  Hash Join  (cost=102767.86..159851.69 rows=915101 width=8) (actual time=1944.712..3699.234 rows=919850 loops=1)
              Hash Cond: (mi_idx.movie_id = t.id)
              ->  Seq Scan on movie_info_idx mi_idx  (cost=0.00..25185.44 rows=915101 width=4) (actual time=0.021..575.083 rows=919850 loops=1)
                    Filter: (info_type_id < 101)
                    Rows Removed by Filter: 460185
              ->  Hash  (cost=61283.27..61283.27 rows=2528527 width=4) (actual time=1942.941..1942.941 rows=2528312 loops=1)
                    Buckets: 131072  Batches: 64  Memory Usage: 2415kB
                    ->  Seq Scan on title t  (cost=0.00..61283.27 rows=2528527 width=4) (actual time=0.013..1085.459 rows=2528312 loops=1)
Planning time: 1.154 ms
Execution time: 7306.681 ms
