Seq Scan on title t  (cost=0.00..73925.90 rows=238447 width=0) (actual time=30.864..1140.573 rows=200165 loops=1)
  Filter: ((production_year > 2006) AND (kind_id = 1))
  Rows Removed by Filter: 2328147
Planning time: 0.284 ms
Execution time: 1166.585 ms
