Seq Scan on title t  (cost=0.00..73925.90 rows=1621506 width=0) (actual time=0.015..1426.292 rows=1608794 loops=1)
  Filter: ((kind_id > 3) AND (production_year > 0))
  Rows Removed by Filter: 919518
Planning time: 0.349 ms
Execution time: 1635.577 ms
