Hash Join  (cost=81530.55..152152.71 rows=211006 width=0) (actual time=1530.478..3139.341 rows=374097 loops=1)
  Hash Cond: (mc.movie_id = t.id)
  ->  Seq Scan on movie_companies mc  (cost=0.00..57926.93 rows=628578 width=4) (actual time=26.360..967.847 rows=891887 loops=1)
        Filter: ((company_id > 11713) AND (company_type_id = 2))
        Rows Removed by Filter: 1717242
  ->  Hash  (cost=67604.59..67604.59 rows=848797 width=4) (actual time=1503.030..1503.030 rows=849141 loops=1)
        Buckets: 131072  Batches: 16  Memory Usage: 2892kB
        ->  Seq Scan on title t  (cost=0.00..67604.59 rows=848797 width=4) (actual time=0.015..1210.563 rows=849141 loops=1)
              Filter: (production_year < 1996)
              Rows Removed by Filter: 1679171
Planning time: 3.588 ms
Execution time: 3185.648 ms
