Hash Join  (cost=102094.07..1144899.14 rows=8314192 width=0) (actual time=2958.815..29135.093 rows=8755281 loops=1)
  Hash Cond: (ci.movie_id = t.id)
  ->  Seq Scan on cast_info ci  (cost=0.00..796071.18 rows=12244594 width=4) (actual time=230.830..16579.254 rows=12670688 loops=1)
        Filter: ((person_id < 3792142) AND (role_id < 2))
        Rows Removed by Filter: 23573656
  ->  Hash  (cost=73925.90..73925.90 rows=1716893 width=4) (actual time=2727.073..2727.073 rows=1799896 loops=1)
        Buckets: 131072  Batches: 32  Memory Usage: 3007kB
        ->  Seq Scan on title t  (cost=0.00..73925.90 rows=1716893 width=4) (actual time=0.024..1558.532 rows=1799896 loops=1)
              Filter: ((kind_id > 1) AND (production_year > 1935))
              Rows Removed by Filter: 728416
Planning time: 7.547 ms
Execution time: 30121.925 ms
