Seq Scan on movie_keyword mk  (cost=0.00..81003.12 rows=246 width=0) (actual time=51.016..1273.916 rows=51 loops=1)
  Filter: (keyword_id = 3631)
  Rows Removed by Filter: 4523879
Planning time: 0.400 ms
Execution time: 1274.054 ms
