Seq Scan on movie_companies mc  (cost=0.00..51404.11 rows=104 width=0) (actual time=338.841..725.320 rows=72 loops=1)
  Filter: (company_id = 74988)
  Rows Removed by Filter: 2609057
Planning time: 0.402 ms
Execution time: 725.399 ms
