Hash Join  (cost=76766.32..133960.00 rows=28564 width=0) (actual time=1307.865..2424.747 rows=6259 loops=1)
  Hash Cond: (mc.movie_id = t.id)
  ->  Seq Scan on movie_companies mc  (cost=0.00..51404.11 rows=417315 width=4) (actual time=0.018..944.302 rows=420347 loops=1)
        Filter: (company_id > 80010)
        Rows Removed by Filter: 2188782
  ->  Hash  (cost=73925.90..73925.90 rows=173073 width=4) (actual time=1306.339..1306.339 rows=44674 loops=1)
        Buckets: 131072  Batches: 4  Memory Usage: 1418kB
        ->  Seq Scan on title t  (cost=0.00..73925.90 rows=173073 width=4) (actual time=0.041..1288.875 rows=44674 loops=1)
              Filter: ((kind_id > 1) AND (production_year < 1959))
              Rows Removed by Filter: 2483638
Planning time: 0.530 ms
Execution time: 2425.667 ms
