Hash Join  (cost=73982.55..438902.66 rows=26418 width=0) (actual time=1273.112..8657.296 rows=31812 loops=1)
  Hash Cond: (mi.movie_id = t.id)
  ->  Seq Scan on movie_info mi  (cost=0.00..309384.22 rows=14739122 width=4) (actual time=0.025..4423.528 rows=14835720 loops=1)
  ->  Hash  (cost=73925.90..73925.90 rows=4532 width=4) (actual time=1059.972..1059.972 rows=6454 loops=1)
        Buckets: 8192  Batches: 1  Memory Usage: 291kB
        ->  Seq Scan on title t  (cost=0.00..73925.90 rows=4532 width=4) (actual time=0.083..1056.853 rows=6454 loops=1)
              Filter: ((kind_id = 7) AND (production_year = 1964))
              Rows Removed by Filter: 2521858
Planning time: 0.793 ms
Execution time: 8662.109 ms
