Hash Join  (cost=196893.96..237612.80 rows=236394 width=0) (actual time=4351.249..5731.300 rows=801032 loops=1)
  Hash Cond: (mi_idx.movie_id = t.id)
  ->  Seq Scan on movie_info_idx mi_idx  (cost=0.00..25185.44 rows=919057 width=4) (actual time=0.011..573.537 rows=920110 loops=1)
        Filter: (info_type_id > 99)
        Rows Removed by Filter: 459925
  ->  Hash  (cost=186223.32..186223.32 rows=650371 width=8) (actual time=4350.541..4350.541 rows=902986 loops=1)
        Buckets: 131072  Batches: 16  Memory Usage: 3231kB
        ->  Hash Join  (cost=102767.86..186223.32 rows=650371 width=8) (actual time=2294.931..4098.329 rows=902986 loops=1)
              Hash Cond: (mc.movie_id = t.id)
              ->  Seq Scan on movie_companies mc  (cost=0.00..57926.93 rows=650371 width=4) (actual time=398.480..1027.774 rows=902986 loops=1)
                    Filter: ((company_id > 11373) AND (company_type_id > 1))
                    Rows Removed by Filter: 1706143
              ->  Hash  (cost=61283.27..61283.27 rows=2528527 width=4) (actual time=1895.226..1895.226 rows=2528312 loops=1)
                    Buckets: 131072  Batches: 64  Memory Usage: 2415kB
                    ->  Seq Scan on title t  (cost=0.00..61283.27 rows=2528527 width=4) (actual time=0.014..1050.690 rows=2528312 loops=1)
Planning time: 0.773 ms
Execution time: 5829.653 ms
