Hash Join  (cost=263115.61..1450360.83 rows=19957004 width=0) (actual time=6371.587..43744.350 rows=42990314 loops=1)
  Hash Cond: (ci.movie_id = t.id)
  ->  Seq Scan on cast_info ci  (cost=0.00..705507.15 rows=19340486 width=4) (actual time=0.042..14762.528 rows=19492323 loops=1)
        Filter: (person_id > 1657335)
        Rows Removed by Filter: 16752021
  ->  Hash  (cost=220309.49..220309.49 rows=2609129 width=8) (actual time=6369.740..6369.740 rows=2609129 loops=1)
        Buckets: 131072  Batches: 64  Memory Usage: 2610kB
        ->  Hash Join  (cost=102767.86..220309.49 rows=2609129 width=8) (actual time=1942.959..5649.503 rows=2609129 loops=1)
              Hash Cond: (mc.movie_id = t.id)
              ->  Seq Scan on movie_companies mc  (cost=0.00..44881.29 rows=2609129 width=4) (actual time=0.015..1012.723 rows=2609129 loops=1)
              ->  Hash  (cost=61283.27..61283.27 rows=2528527 width=4) (actual time=1942.072..1942.072 rows=2528312 loops=1)
                    Buckets: 131072  Batches: 64  Memory Usage: 2415kB
                    ->  Seq Scan on title t  (cost=0.00..61283.27 rows=2528527 width=4) (actual time=0.018..1118.888 rows=2528312 loops=1)
Planning time: 1.145 ms
Execution time: 48523.693 ms
