Hash Join  (cost=505779.11..657103.27 rows=1943191 width=0) (actual time=12402.741..21383.557 rows=13298025 loops=1)
  Hash Cond: (mk.movie_id = t.id)
  ->  Seq Scan on movie_keyword mk  (cost=0.00..81003.12 rows=3984566 width=4) (actual time=0.023..1781.426 rows=3989100 loops=1)
        Filter: (keyword_id < 34308)
        Rows Removed by Filter: 534830
  ->  Hash  (cost=485548.22..485548.22 rows=1233111 width=8) (actual time=12399.790..12399.790 rows=2697169 loops=1)
        Buckets: 131072 (originally 131072)  Batches: 64 (originally 32)  Memory Usage: 3073kB
        ->  Hash Join  (cost=81720.25..485548.22 rows=1233111 width=8) (actual time=2729.113..10792.342 rows=2697169 loops=1)
              Hash Cond: (mi.movie_id = t.id)
              ->  Seq Scan on movie_info mi  (cost=0.00..346232.03 rows=3623957 width=4) (actual time=1179.715..6033.494 rows=3624977 loops=1)
                    Filter: (info_type_id < 4)
                    Rows Removed by Filter: 11210743
              ->  Hash  (cost=67604.59..67604.59 rows=860373 width=4) (actual time=1548.551..1548.551 rows=854214 loops=1)
                    Buckets: 131072  Batches: 16  Memory Usage: 2906kB
                    ->  Seq Scan on title t  (cost=0.00..67604.59 rows=860373 width=4) (actual time=0.037..1264.247 rows=854214 loops=1)
                          Filter: (kind_id < 4)
                          Rows Removed by Filter: 1674098
Planning time: 1.166 ms
Execution time: 22966.516 ms
