Seq Scan on movie_companies mc  (cost=0.00..57926.93 rows=5185 width=0) (actual time=448.970..1017.894 rows=2225 loops=1)
  Filter: ((company_type_id > 1) AND (company_id = 11141))
  Rows Removed by Filter: 2606904
Planning time: 0.371 ms
Execution time: 1018.456 ms
