Hash Join  (cost=169054.76..534136.45 rows=42579 width=0) (actual time=3123.534..11476.149 rows=589763 loops=1)
  Hash Cond: (mi.movie_id = t.id)
  ->  Seq Scan on movie_info mi  (cost=0.00..309384.22 rows=14739122 width=4) (actual time=0.013..4522.779 rows=14835720 loops=1)
  ->  Hash  (cost=168963.46..168963.46 rows=7304 width=8) (actual time=3119.677..3119.677 rows=20185 loops=1)
        Buckets: 32768 (originally 8192)  Batches: 1 (originally 1)  Memory Usage: 1045kB
        ->  Hash Join  (cost=83810.17..168963.46 rows=7304 width=8) (actual time=1510.336..3111.857 rows=20185 loops=1)
              Hash Cond: (mk.movie_id = t.id)
              ->  Seq Scan on movie_keyword mk  (cost=0.00..81003.12 rows=18699 width=4) (actual time=0.072..1409.263 rows=20522 loops=1)
                    Filter: (keyword_id = 382)
                    Rows Removed by Filter: 4503408
              ->  Hash  (cost=67604.59..67604.59 rows=987727 width=4) (actual time=1509.471..1509.471 rows=985048 loops=1)
                    Buckets: 131072  Batches: 16  Memory Usage: 3197kB
                    ->  Seq Scan on title t  (cost=0.00..67604.59 rows=987727 width=4) (actual time=0.008..1192.753 rows=985048 loops=1)
                          Filter: (kind_id < 7)
                          Rows Removed by Filter: 1543264
Planning time: 1.222 ms
Execution time: 11557.623 ms
