Seq Scan on cast_info ci  (cost=0.00..796071.18 rows=101 width=0) (actual time=5270.225..10962.749 rows=34 loops=1)
  Filter: ((person_id = 2534296) AND (role_id = 2))
  Rows Removed by Filter: 36244310
Planning time: 0.661 ms
Execution time: 10962.844 ms
