Seq Scan on cast_info ci  (cost=0.00..705507.15 rows=12029258 width=0) (actual time=1391.525..11860.496 rows=12085079 loops=1)
  Filter: (person_id > 2478095)
  Rows Removed by Filter: 24159265
Planning time: 0.351 ms
Execution time: 13359.529 ms
