Hash Join  (cost=125190.94..251286.12 rows=335914 width=0) (actual time=2618.106..6139.936 rows=2212974 loops=1)
  Hash Cond: (mk.movie_id = t.id)
  ->  Seq Scan on movie_keyword mk  (cost=0.00..69693.30 rows=4523930 width=4) (actual time=0.029..1356.880 rows=4523930 loops=1)
  ->  Hash  (cost=122110.07..122110.07 rows=187750 width=8) (actual time=2617.185..2617.185 rows=274280 loops=1)
        Buckets: 131072  Batches: 4  Memory Usage: 3718kB
        ->  Hash Join  (cost=82400.67..122110.07 rows=187750 width=8) (actual time=1353.948..2528.340 rows=274280 loops=1)
              Hash Cond: (mi_idx.movie_id = t.id)
              ->  Seq Scan on movie_info_idx mi_idx  (cost=0.00..25185.44 rows=919057 width=4) (actual time=0.016..574.582 rows=920110 loops=1)
                    Filter: (info_type_id > 99)
                    Rows Removed by Filter: 459925
              ->  Hash  (cost=73925.90..73925.90 rows=516541 width=4) (actual time=1353.142..1353.142 rows=440918 loops=1)
                    Buckets: 131072  Batches: 8  Memory Usage: 2960kB
                    ->  Seq Scan on title t  (cost=0.00..73925.90 rows=516541 width=4) (actual time=0.037..1215.784 rows=440918 loops=1)
                          Filter: ((kind_id < 7) AND (production_year > 2001))
                          Rows Removed by Filter: 2087394
Planning time: 1.985 ms
Execution time: 6392.042 ms
