Hash Join  (cost=204815.73..1333277.64 rows=9214580 width=0) (actual time=4234.675..42962.775 rows=33044765 loops=1)
  Hash Cond: (ci.movie_id = t.id)
  ->  Seq Scan on cast_info ci  (cost=0.00..614943.12 rows=36225612 width=4) (actual time=0.014..13813.643 rows=36244344 loops=1)
  ->  Hash  (cost=194263.08..194263.08 rows=643172 width=8) (actual time=4233.246..4233.246 rows=876636 loops=1)
        Buckets: 131072  Batches: 16  Memory Usage: 3182kB
        ->  Hash Join  (cost=82131.75..194263.08 rows=643172 width=8) (actual time=1499.993..4009.124 rows=876636 loops=1)
              Hash Cond: (mk.movie_id = t.id)
              ->  Seq Scan on movie_keyword mk  (cost=0.00..81003.12 rows=1836663 width=4) (actual time=0.018..1413.510 rows=1841718 loops=1)
                    Filter: (keyword_id > 7547)
                    Rows Removed by Filter: 2682212
              ->  Hash  (cost=67604.59..67604.59 rows=885453 width=4) (actual time=1498.365..1498.365 rows=885650 loops=1)
                    Buckets: 131072  Batches: 16  Memory Usage: 2979kB
                    ->  Seq Scan on title t  (cost=0.00..67604.59 rows=885453 width=4) (actual time=0.028..1197.790 rows=885650 loops=1)
                          Filter: (production_year < 1997)
                          Rows Removed by Filter: 1642662
Planning time: 2.027 ms
Execution time: 46750.861 ms
