Seq Scan on movie_keyword mk  (cost=0.00..81003.12 rows=1146071 width=0) (actual time=0.024..1247.561 rows=1162061 loops=1)
  Filter: (keyword_id > 16117)
  Rows Removed by Filter: 3361869
Planning time: 0.295 ms
Execution time: 1385.296 ms
