Seq Scan on cast_info ci  (cost=0.00..705507.15 rows=500 width=0) (actual time=2832.115..11122.846 rows=137 loops=1)
  Filter: (person_id = 2464205)
  Rows Removed by Filter: 36244207
Planning time: 0.378 ms
Execution time: 11122.962 ms
