Seq Scan on title t  (cost=0.00..73925.90 rows=76099 width=0) (actual time=60.627..1243.796 rows=202307 loops=1)
  Filter: ((production_year < 1964) AND (kind_id = 1))
  Rows Removed by Filter: 2326005
Planning time: 0.406 ms
Execution time: 1270.982 ms
