Seq Scan on movie_keyword mk  (cost=0.00..81003.12 rows=2907368 width=0) (actual time=0.010..1544.647 rows=2897166 loops=1)
  Filter: (keyword_id < 9181)
  Rows Removed by Filter: 1626764
Planning time: 0.358 ms
Execution time: 1901.503 ms
