Seq Scan on movie_keyword mk  (cost=0.00..81003.12 rows=812967 width=0) (actual time=0.027..1368.240 rows=816256 loops=1)
  Filter: (keyword_id > 22421)
  Rows Removed by Filter: 3707674
Planning time: 0.369 ms
Execution time: 1467.283 ms
