Seq Scan on cast_info ci  (cost=0.00..796071.18 rows=2835361 width=0) (actual time=10643.424..14240.589 rows=3840845 loops=1)
  Filter: ((person_id > 1220051) AND (role_id = 10))
  Rows Removed by Filter: 32403499
Planning time: 0.407 ms
Execution time: 14711.943 ms
