Hash Join  (cost=200154.37..1120690.37 rows=633511 width=0) (actual time=4220.413..19589.630 rows=703498 loops=1)
  Hash Cond: (ci.movie_id = t.id)
  ->  Seq Scan on cast_info ci  (cost=0.00..796071.18 rows=9166546 width=4) (actual time=0.014..13562.279 rows=3906686 loops=1)
        Filter: ((person_id < 1387970) AND (role_id > 1))
        Rows Removed by Filter: 32337658
  ->  Hash  (cost=197287.01..197287.01 rows=174749 width=8) (actual time=4219.384..4219.384 rows=368028 loops=1)
        Buckets: 131072 (originally 131072)  Batches: 8 (originally 4)  Memory Usage: 3073kB
        ->  Hash Join  (cost=69484.36..197287.01 rows=174749 width=8) (actual time=1059.032..4098.668 rows=368028 loops=1)
              Hash Cond: (mk.movie_id = t.id)
              ->  Seq Scan on movie_keyword mk  (cost=0.00..81003.12 rows=3857608 width=4) (actual time=0.024..1763.330 rows=3856689 loops=1)
                    Filter: (keyword_id > 520)
                    Rows Removed by Filter: 667241
              ->  Hash  (cost=67604.59..67604.59 rows=114542 width=4) (actual time=1058.241..1058.241 rows=118234 loops=1)
                    Buckets: 131072  Batches: 2  Memory Usage: 3107kB
                    ->  Seq Scan on title t  (cost=0.00..67604.59 rows=114542 width=4) (actual time=241.769..1013.363 rows=118234 loops=1)
                          Filter: (kind_id = 4)
                          Rows Removed by Filter: 2410078
Planning time: 1.203 ms
Execution time: 19666.984 ms
