Nested Loop  (cost=32749.09..740344.19 rows=24 width=0) (actual time=11099.933..12186.614 rows=22 loops=1)
  Join Filter: (ci.movie_id = t.id)
  ->  Hash Join  (cost=32748.66..740150.58 rows=227 width=8) (actual time=11099.825..12184.569 rows=94 loops=1)
        Hash Cond: (ci.movie_id = mi_idx.movie_id)
        ->  Seq Scan on cast_info ci  (cost=0.00..705507.15 rows=500 width=4) (actual time=10490.936..11503.662 rows=107 loops=1)
              Filter: (person_id = 866487)
              Rows Removed by Filter: 36244237
        ->  Hash  (cost=25185.44..25185.44 rows=460978 width=4) (actual time=607.912..607.912 rows=459925 loops=1)
              Buckets: 131072  Batches: 8  Memory Usage: 3050kB
              ->  Seq Scan on movie_info_idx mi_idx  (cost=0.00..25185.44 rows=460978 width=4) (actual time=0.033..464.657 rows=459925 loops=1)
                    Filter: (info_type_id < 100)
                    Rows Removed by Filter: 920110
  ->  Index Scan using title_pkey on title t  (cost=0.43..0.84 rows=1 width=4) (actual time=0.020..0.020 rows=0 loops=94)
        Index Cond: (id = mi_idx.movie_id)
        Filter: (kind_id = 1)
        Rows Removed by Filter: 1
Planning time: 6.693 ms
Execution time: 12186.752 ms
