Seq Scan on movie_companies mc  (cost=0.00..57926.93 rows=998743 width=0) (actual time=0.024..1026.782 rows=701491 loops=1)
  Filter: ((company_id < 53811) AND (company_type_id = 2))
  Rows Removed by Filter: 1907638
Planning time: 0.438 ms
Execution time: 1112.892 ms
