Hash Join  (cost=76444.38..439684.22 rows=81830 width=0) (actual time=3608.932..6703.830 rows=132869 loops=1)
  Hash Cond: (mi.movie_id = t.id)
  ->  Seq Scan on movie_info mi  (cost=0.00..346232.03 rows=1348138 width=4) (actual time=2427.515..4938.552 rows=1298989 loops=1)
        Filter: (info_type_id = 4)
        Rows Removed by Filter: 13536731
  ->  Hash  (cost=73925.90..73925.90 rows=153478 width=4) (actual time=1180.342..1180.342 rows=134760 loops=1)
        Buckets: 131072  Batches: 4  Memory Usage: 2222kB
        ->  Seq Scan on title t  (cost=0.00..73925.90 rows=153478 width=4) (actual time=0.097..1128.727 rows=134760 loops=1)
              Filter: ((kind_id < 7) AND (production_year > 2010))
              Rows Removed by Filter: 2393552
Planning time: 0.805 ms
Execution time: 6733.686 ms
