Nested Loop  (cost=32749.09..87805.32 rows=208 width=0) (actual time=640.119..1724.017 rows=821 loops=1)
  Join Filter: (mc.movie_id = t.id)
  ->  Hash Join  (cost=32748.66..86311.91 rows=1751 width=8) (actual time=640.067..1633.874 rows=2410 loops=1)
        Hash Cond: (mc.movie_id = mi_idx.movie_id)
        ->  Seq Scan on movie_companies mc  (cost=0.00..51404.11 rows=1855 width=4) (actual time=0.184..918.234 rows=4712 loops=1)
              Filter: (company_id < 6)
              Rows Removed by Filter: 2604417
        ->  Hash  (cost=25185.44..25185.44 rows=460978 width=4) (actual time=638.882..638.882 rows=459925 loops=1)
              Buckets: 131072  Batches: 8  Memory Usage: 3050kB
              ->  Seq Scan on movie_info_idx mi_idx  (cost=0.00..25185.44 rows=460978 width=4) (actual time=0.022..487.954 rows=459925 loops=1)
                    Filter: (info_type_id = 99)
                    Rows Removed by Filter: 920110
  ->  Index Scan using title_pkey on title t  (cost=0.43..0.84 rows=1 width=4) (actual time=0.037..0.037 rows=0 loops=2410)
        Index Cond: (id = mi_idx.movie_id)
        Filter: (production_year < 2007)
        Rows Removed by Filter: 1
Planning time: 1.028 ms
Execution time: 1724.378 ms
