Hash Join  (cost=70965.72..102570.97 rows=36784 width=0) (actual time=1292.328..2364.274 rows=36188 loops=1)
  Hash Cond: (mi_idx.movie_id = t.id)
  ->  Seq Scan on movie_info_idx mi_idx  (cost=0.00..25185.44 rows=454124 width=4) (actual time=0.021..470.291 rows=459925 loops=1)
        Filter: (info_type_id = 100)
        Rows Removed by Filter: 920110
  ->  Hash  (cost=67604.59..67604.59 rows=204811 width=4) (actual time=1291.523..1291.523 rows=202996 loops=1)
        Buckets: 131072  Batches: 4  Memory Usage: 2808kB
        ->  Seq Scan on title t  (cost=0.00..67604.59 rows=204811 width=4) (actual time=0.095..1217.250 rows=202996 loops=1)
              Filter: (production_year < 1956)
              Rows Removed by Filter: 2325316
Planning time: 0.736 ms
Execution time: 2369.437 ms
