Hash Join  (cost=67697.55..96341.54 rows=2692 width=0) (actual time=1041.782..1649.773 rows=4392 loops=1)
  Hash Cond: (mi_idx.movie_id = t.id)
  ->  Seq Scan on movie_info_idx mi_idx  (cost=0.00..25185.44 rows=915101 width=4) (actual time=0.052..442.457 rows=919850 loops=1)
        Filter: (info_type_id < 101)
        Rows Removed by Filter: 460185
  ->  Hash  (cost=67604.59..67604.59 rows=7437 width=4) (actual time=1041.521..1041.521 rows=10517 loops=1)
        Buckets: 16384 (originally 8192)  Batches: 1 (originally 1)  Memory Usage: 498kB
        ->  Seq Scan on title t  (cost=0.00..67604.59 rows=7437 width=4) (actual time=0.176..1036.312 rows=10517 loops=1)
              Filter: (production_year = 1959)
              Rows Removed by Filter: 2517795
Planning time: 0.802 ms
Execution time: 1650.631 ms
