Seq Scan on cast_info ci  (cost=0.00..705507.15 rows=29012692 width=0) (actual time=0.023..12396.577 rows=29086955 loops=1)
  Filter: (person_id > 691903)
  Rows Removed by Filter: 7157389
Planning time: 0.322 ms
Execution time: 15760.173 ms
