Hash Join  (cost=190230.21..327842.95 rows=1642398 width=0) (actual time=5239.792..10010.339 rows=6949361 loops=1)
  Hash Cond: (mk.movie_id = t.id)
  ->  Seq Scan on movie_keyword mk  (cost=0.00..81003.12 rows=3009234 width=4) (actual time=0.018..1689.730 rows=2990405 loops=1)
        Filter: (keyword_id < 10419)
        Rows Removed by Filter: 1533525
  ->  Hash  (cost=167588.78..167588.78 rows=1380035 width=8) (actual time=5238.870..5238.870 rows=1380035 loops=1)
        Buckets: 131072  Batches: 32  Memory Usage: 2726kB
        ->  Hash Join  (cost=102767.86..167588.78 rows=1380035 width=8) (actual time=2795.068..4804.009 rows=1380035 loops=1)
              Hash Cond: (mi_idx.movie_id = t.id)
              ->  Seq Scan on movie_info_idx mi_idx  (cost=0.00..21735.35 rows=1380035 width=4) (actual time=0.012..454.389 rows=1380035 loops=1)
              ->  Hash  (cost=61283.27..61283.27 rows=2528527 width=4) (actual time=2794.235..2794.235 rows=2528312 loops=1)
                    Buckets: 131072  Batches: 64  Memory Usage: 2415kB
                    ->  Seq Scan on title t  (cost=0.00..61283.27 rows=2528527 width=4) (actual time=0.012..1153.647 rows=2528312 loops=1)
Planning time: 3.113 ms
Execution time: 10763.014 ms
