Nested Loop  (cost=0.43..83072.29 rows=141 width=0) (actual time=92.086..1208.929 rows=14 loops=1)
  ->  Seq Scan on movie_keyword mk  (cost=0.00..81003.12 rows=246 width=4) (actual time=92.015..1207.987 rows=20 loops=1)
        Filter: (keyword_id = 3775)
        Rows Removed by Filter: 4523910
  ->  Index Scan using title_pkey on title t  (cost=0.43..8.40 rows=1 width=4) (actual time=0.041..0.042 rows=1 loops=20)
        Index Cond: (id = mk.movie_id)
        Filter: (production_year < 2006)
        Rows Removed by Filter: 0
Planning time: 0.835 ms
Execution time: 1209.048 ms
