Hash Join  (cost=174457.24..670050.68 rows=1479551 width=0) (actual time=3159.731..14895.110 rows=82285 loops=1)
  Hash Cond: (mi.movie_id = t.id)
  ->  Seq Scan on movie_info mi  (cost=0.00..309384.22 rows=14739122 width=4) (actual time=0.015..5960.464 rows=14835720 loops=1)
  ->  Hash  (cost=170292.49..170292.49 rows=253820 width=8) (actual time=2983.813..2983.813 rows=8283 loops=1)
        Buckets: 131072  Batches: 4  Memory Usage: 1115kB
        ->  Hash Join  (cost=98137.04..170292.49 rows=253820 width=8) (actual time=2435.254..2980.320 rows=8283 loops=1)
              Hash Cond: (mc.movie_id = t.id)
              ->  Seq Scan on movie_companies mc  (cost=0.00..57926.93 rows=344864 width=4) (actual time=593.959..855.031 rows=36485 loops=1)
                    Filter: ((company_id > 44168) AND (company_type_id < 2))
                    Rows Removed by Filter: 2572644
              ->  Hash  (cost=67604.59..67604.59 rows=1860996 width=4) (actual time=1840.594..1840.594 rows=1865487 loops=1)
                    Buckets: 131072  Batches: 32  Memory Usage: 3079kB
                    ->  Seq Scan on title t  (cost=0.00..67604.59 rows=1860996 width=4) (actual time=0.028..1247.002 rows=1865487 loops=1)
                          Filter: (kind_id > 1)
                          Rows Removed by Filter: 662825
Planning time: 1.177 ms
Execution time: 14908.556 ms
