Hash Join  (cost=160541.39..284598.96 rows=168653 width=0) (actual time=5362.266..6636.390 rows=335940 loops=1)
  Hash Cond: (mk.movie_id = t.id)
  ->  Seq Scan on movie_keyword mk  (cost=0.00..69693.30 rows=4523930 width=4) (actual time=0.019..1423.176 rows=4523930 loops=1)
  ->  Hash  (cost=158994.09..158994.09 rows=94264 width=8) (actual time=3732.869..3732.869 rows=121898 loops=1)
        Buckets: 131072  Batches: 2  Memory Usage: 3406kB
        ->  Hash Join  (cost=93190.30..158994.09 rows=94264 width=8) (actual time=2078.918..3690.063 rows=121898 loops=1)
              Hash Cond: (mc.movie_id = t.id)
              ->  Seq Scan on movie_companies mc  (cost=0.00..57926.93 rows=202990 width=4) (actual time=138.702..933.349 rows=316863 loops=1)
                    Filter: ((company_id < 283) AND (company_type_id = 1))
                    Rows Removed by Filter: 2292266
              ->  Hash  (cost=73925.90..73925.90 rows=1174192 width=4) (actual time=1938.909..1938.909 rows=1260829 loops=1)
                    Buckets: 131072  Batches: 16  Memory Usage: 3806kB
                    ->  Seq Scan on title t  (cost=0.00..73925.90 rows=1174192 width=4) (actual time=0.020..1544.751 rows=1260829 loops=1)
                          Filter: ((production_year > 1981) AND (kind_id = 7))
                          Rows Removed by Filter: 1267483
Planning time: 1.280 ms
Execution time: 6678.642 ms
