Hash Join  (cost=156453.98..282042.22 rows=294320 width=0) (actual time=3365.514..9788.955 rows=13828267 loops=1)
  Hash Cond: (mk.movie_id = t.id)
  ->  Seq Scan on movie_keyword mk  (cost=0.00..69693.30 rows=4523930 width=4) (actual time=0.022..1445.187 rows=4523930 loops=1)
  ->  Hash  (cost=153754.71..153754.71 rows=164502 width=8) (actual time=3364.360..3364.360 rows=483808 loops=1)
        Buckets: 131072 (originally 131072)  Batches: 8 (originally 4)  Memory Usage: 3429kB
        ->  Hash Join  (cost=83891.93..153754.71 rows=164502 width=8) (actual time=1438.743..3219.232 rows=483808 loops=1)
              Hash Cond: (mc.movie_id = t.id)
              ->  Seq Scan on movie_companies mc  (cost=0.00..57926.93 rows=684753 width=4) (actual time=0.019..1083.155 rows=937974 loops=1)
                    Filter: ((company_id < 11980) AND (company_type_id < 2))
                    Rows Removed by Filter: 1671155
              ->  Hash  (cost=73925.90..73925.90 rows=607442 width=4) (actual time=1437.937..1437.937 rows=675690 loops=1)
                    Buckets: 131072  Batches: 8  Memory Usage: 4012kB
                    ->  Seq Scan on title t  (cost=0.00..73925.90 rows=607442 width=4) (actual time=0.024..1232.435 rows=675690 loops=1)
                          Filter: ((kind_id < 7) AND (production_year < 2007))
                          Rows Removed by Filter: 1852622
Planning time: 1.165 ms
Execution time: 11328.657 ms
