Hash Join  (cost=102767.86..190935.17 rows=846177 width=0) (actual time=2042.101..4273.142 rows=1055811 loops=1)
  Hash Cond: (mc.movie_id = t.id)
  ->  Seq Scan on movie_companies mc  (cost=0.00..57926.93 rows=846177 width=4) (actual time=101.393..1124.646 rows=1055811 loops=1)
        Filter: ((company_id > 3666) AND (company_type_id = 2))
        Rows Removed by Filter: 1553318
  ->  Hash  (cost=61283.27..61283.27 rows=2528527 width=4) (actual time=1939.356..1939.356 rows=2528312 loops=1)
        Buckets: 131072  Batches: 64  Memory Usage: 2415kB
        ->  Seq Scan on title t  (cost=0.00..61283.27 rows=2528527 width=4) (actual time=0.026..1111.098 rows=2528312 loops=1)
Planning time: 0.816 ms
Execution time: 4395.292 ms
