Seq Scan on movie_keyword mk  (cost=0.00..81003.12 rows=246 width=0) (actual time=131.775..1240.337 rows=22 loops=1)
  Filter: (keyword_id = 16347)
  Rows Removed by Filter: 4523908
Planning time: 0.370 ms
Execution time: 1240.445 ms
