Seq Scan on movie_companies mc  (cost=0.00..51404.11 rows=1633015 width=0) (actual time=0.020..936.321 rows=1622390 loops=1)
  Filter: (company_id < 17143)
  Rows Removed by Filter: 986739
Planning time: 1.970 ms
Execution time: 1137.284 ms
