Seq Scan on movie_keyword mk  (cost=0.00..81003.12 rows=1632842 width=0) (actual time=0.026..1551.246 rows=1640899 loops=1)
  Filter: (keyword_id < 2489)
  Rows Removed by Filter: 2883031
Planning time: 0.302 ms
Execution time: 1762.328 ms
