Seq Scan on movie_keyword mk  (cost=0.00..81003.12 rows=1068033 width=0) (actual time=0.011..1156.180 rows=1079298 loops=1)
  Filter: (keyword_id > 16395)
  Rows Removed by Filter: 3444632
Planning time: 0.226 ms
Execution time: 1277.760 ms
