Seq Scan on cast_info ci  (cost=0.00..796071.18 rows=857195 width=0) (actual time=2132.631..12465.500 rows=587997 loops=1)
  Filter: ((person_id < 743766) AND (role_id = 3))
  Rows Removed by Filter: 35656347
Planning time: 0.500 ms
Execution time: 12537.142 ms
