Hash Join  (cost=74255.97..127064.33 rows=3805 width=0) (actual time=1140.210..2156.132 rows=3935 loops=1)
  Hash Cond: (mc.movie_id = t.id)
  ->  Seq Scan on movie_companies mc  (cost=0.00..51404.11 rows=364321 width=4) (actual time=0.026..912.635 rows=361826 loops=1)
        Filter: (company_id < 184)
        Rows Removed by Filter: 2247303
  ->  Hash  (cost=73925.90..73925.90 rows=26405 width=4) (actual time=1139.941..1139.941 rows=23926 loops=1)
        Buckets: 32768  Batches: 1  Memory Usage: 1098kB
        ->  Seq Scan on title t  (cost=0.00..73925.90 rows=26405 width=4) (actual time=0.145..1127.780 rows=23926 loops=1)
              Filter: ((kind_id < 7) AND (production_year = 2003))
              Rows Removed by Filter: 2504386
Planning time: 0.752 ms
Execution time: 2157.199 ms
