Hash Join  (cost=91123.00..229407.23 rows=1700249 width=0) (actual time=1741.467..6117.887 rows=1347783 loops=1)
  Hash Cond: (mk.movie_id = t.id)
  ->  Seq Scan on movie_keyword mk  (cost=0.00..81003.12 rows=2999097 width=4) (actual time=0.026..1631.337 rows=2983807 loops=1)
        Filter: (keyword_id < 10293)
        Rows Removed by Filter: 1540123
  ->  Hash  (cost=67604.59..67604.59 rows=1433473 width=4) (actual time=1733.927..1733.927 rows=1434466 loops=1)
        Buckets: 131072  Batches: 32  Memory Usage: 2608kB
        ->  Seq Scan on title t  (cost=0.00..67604.59 rows=1433473 width=4) (actual time=0.031..1259.856 rows=1434466 loops=1)
              Filter: (production_year > 1999)
              Rows Removed by Filter: 1093846
Planning time: 0.834 ms
Execution time: 6264.615 ms
