Hash Join  (cost=175027.18..1033606.33 rows=1409109 width=0) (actual time=5574.896..18607.869 rows=1755024 loops=1)
  Hash Cond: (ci.movie_id = t.id)
  ->  Seq Scan on cast_info ci  (cost=0.00..796071.18 rows=3876768 width=4) (actual time=1603.530..13011.941 rows=1944586 loops=1)
        Filter: ((person_id < 1452968) AND (role_id > 4))
        Rows Removed by Filter: 34299758
  ->  Hash  (cost=159947.97..159947.97 rows=919057 width=8) (actual time=3970.053..3970.053 rows=920110 loops=1)
        Buckets: 131072  Batches: 16  Memory Usage: 3269kB
        ->  Hash Join  (cost=102767.86..159947.97 rows=919057 width=8) (actual time=2039.056..3702.503 rows=920110 loops=1)
              Hash Cond: (mi_idx.movie_id = t.id)
              ->  Seq Scan on movie_info_idx mi_idx  (cost=0.00..25185.44 rows=919057 width=4) (actual time=0.029..506.371 rows=920110 loops=1)
                    Filter: (info_type_id > 99)
                    Rows Removed by Filter: 459925
              ->  Hash  (cost=61283.27..61283.27 rows=2528527 width=4) (actual time=2038.069..2038.069 rows=2528312 loops=1)
                    Buckets: 131072  Batches: 64  Memory Usage: 2415kB
                    ->  Seq Scan on title t  (cost=0.00..61283.27 rows=2528527 width=4) (actual time=0.027..1191.520 rows=2528312 loops=1)
Planning time: 1.209 ms
Execution time: 18805.715 ms
