Hash Join  (cost=83072.41..447728.92 rows=61 width=0) (actual time=1295.130..8613.741 rows=125 loops=1)
  Hash Cond: (mi.movie_id = t.id)
  ->  Seq Scan on movie_info mi  (cost=0.00..309384.22 rows=14739122 width=4) (actual time=0.016..4659.695 rows=14835720 loops=1)
  ->  Hash  (cost=83072.29..83072.29 rows=10 width=8) (actual time=1182.528..1182.528 rows=1 loops=1)
        Buckets: 1024  Batches: 1  Memory Usage: 9kB
        ->  Nested Loop  (cost=0.43..83072.29 rows=10 width=8) (actual time=917.293..1182.511 rows=1 loops=1)
              ->  Seq Scan on movie_keyword mk  (cost=0.00..81003.12 rows=246 width=4) (actual time=41.313..1179.144 rows=65 loops=1)
                    Filter: (keyword_id = 22227)
                    Rows Removed by Filter: 4523865
              ->  Index Scan using title_pkey on title t  (cost=0.43..8.40 rows=1 width=4) (actual time=0.048..0.048 rows=0 loops=65)
                    Index Cond: (id = mk.movie_id)
                    Filter: (production_year = 2006)
                    Rows Removed by Filter: 1
Planning time: 0.705 ms
Execution time: 8613.890 ms
