Hash Join  (cost=83073.54..833870.01 rows=733 width=0) (actual time=1311.837..17382.852 rows=481 loops=1)
  Hash Cond: (ci.movie_id = t.id)
  ->  Seq Scan on cast_info ci  (cost=0.00..614943.12 rows=36225612 width=4) (actual time=0.015..9351.250 rows=36244344 loops=1)
  ->  Hash  (cost=83072.90..83072.90 rows=51 width=8) (actual time=1302.806..1302.806 rows=24 loops=1)
        Buckets: 1024  Batches: 1  Memory Usage: 9kB
        ->  Nested Loop  (cost=0.43..83072.90 rows=51 width=8) (actual time=102.669..1302.774 rows=24 loops=1)
              ->  Seq Scan on movie_keyword mk  (cost=0.00..81003.12 rows=246 width=4) (actual time=1.286..1282.471 rows=143 loops=1)
                    Filter: (keyword_id = 11404)
                    Rows Removed by Filter: 4523787
              ->  Index Scan using title_pkey on title t  (cost=0.43..8.40 rows=1 width=4) (actual time=0.139..0.139 rows=0 loops=143)
                    Index Cond: (id = mk.movie_id)
                    Filter: ((kind_id > 2) AND (production_year < 1993))
                    Rows Removed by Filter: 1
Planning time: 0.809 ms
Execution time: 17383.395 ms
