Hash Join  (cost=192442.26..1161778.85 rows=2670070 width=0) (actual time=5880.259..29098.095 rows=7995778 loops=1)
  Hash Cond: (ci.movie_id = t.id)
  ->  Seq Scan on cast_info ci  (cost=0.00..796071.18 rows=12493256 width=4) (actual time=1355.807..15831.186 rows=14093460 loops=1)
        Filter: ((person_id < 1548256) AND (role_id < 8))
        Rows Removed by Filter: 22150884
  ->  Hash  (cost=183576.28..183576.28 rows=540399 width=8) (actual time=4523.471..4523.471 rows=840690 loops=1)
        Buckets: 131072 (originally 131072)  Batches: 16 (originally 8)  Memory Usage: 3080kB
        ->  Hash Join  (cost=102767.86..183576.28 rows=540399 width=8) (actual time=2122.169..4270.139 rows=840690 loops=1)
              Hash Cond: (mc.movie_id = t.id)
              ->  Seq Scan on movie_companies mc  (cost=0.00..57926.93 rows=540399 width=4) (actual time=0.372..1060.971 rows=840690 loops=1)
                    Filter: ((company_id > 14490) AND (company_type_id > 1))
                    Rows Removed by Filter: 1768439
              ->  Hash  (cost=61283.27..61283.27 rows=2528527 width=4) (actual time=2120.587..2120.587 rows=2528312 loops=1)
                    Buckets: 131072  Batches: 64  Memory Usage: 2415kB
                    ->  Seq Scan on title t  (cost=0.00..61283.27 rows=2528527 width=4) (actual time=0.016..1150.265 rows=2528312 loops=1)
Planning time: 1.457 ms
Execution time: 29945.283 ms
