Hash Join  (cost=102767.86..972957.21 rows=2669672 width=0) (actual time=4275.301..19511.113 rows=3093034 loops=1)
  Hash Cond: (ci.movie_id = t.id)
  ->  Seq Scan on cast_info ci  (cost=0.00..796071.18 rows=2669672 width=4) (actual time=2210.239..14643.975 rows=3093034 loops=1)
        Filter: ((person_id > 1175705) AND (role_id = 3))
        Rows Removed by Filter: 33151310
  ->  Hash  (cost=61283.27..61283.27 rows=2528527 width=4) (actual time=2063.923..2063.923 rows=2528312 loops=1)
        Buckets: 131072  Batches: 64  Memory Usage: 2415kB
        ->  Seq Scan on title t  (cost=0.00..61283.27 rows=2528527 width=4) (actual time=0.022..1209.886 rows=2528312 loops=1)
Planning time: 1.305 ms
Execution time: 19865.689 ms
