Hash Join  (cost=126915.39..621674.79 rows=1401347 width=0) (actual time=2943.021..18793.932 rows=11075073 loops=1)
  Hash Cond: (mi.movie_id = t.id)
  ->  Seq Scan on movie_info mi  (cost=0.00..309384.22 rows=14739122 width=4) (actual time=0.023..6154.603 rows=14835720 loops=1)
  ->  Hash  (cost=122970.34..122970.34 rows=240404 width=8) (actual time=2830.689..2830.689 rows=500281 loops=1)
        Buckets: 131072 (originally 131072)  Batches: 8 (originally 4)  Memory Usage: 3495kB
        ->  Hash Join  (cost=81152.82..122970.34 rows=240404 width=8) (actual time=1452.147..2684.319 rows=500281 loops=1)
              Hash Cond: (mi_idx.movie_id = t.id)
              ->  Seq Scan on movie_info_idx mi_idx  (cost=0.00..21735.35 rows=1380035 width=4) (actual time=0.014..449.607 rows=1380035 loops=1)
              ->  Hash  (cost=73925.90..73925.90 rows=440473 width=4) (actual time=1451.303..1451.303 rows=473918 loops=1)
                    Buckets: 131072  Batches: 8  Memory Usage: 3117kB
                    ->  Seq Scan on title t  (cost=0.00..73925.90 rows=440473 width=4) (actual time=352.424..1303.220 rows=473918 loops=1)
                          Filter: ((production_year < 2008) AND (kind_id = 1))
                          Rows Removed by Filter: 2054394
Planning time: 1.206 ms
Execution time: 20053.712 ms
