Seq Scan on movie_keyword mk  (cost=0.00..81003.12 rows=2999097 width=0) (actual time=0.017..1474.162 rows=2983807 loops=1)
  Filter: (keyword_id < 10293)
  Rows Removed by Filter: 1540123
Planning time: 0.214 ms
Execution time: 1837.227 ms
