Hash Join  (cost=73982.55..160721.67 rows=8108 width=0) (actual time=1362.240..2908.557 rows=3411 loops=1)
  Hash Cond: (mk.movie_id = t.id)
  ->  Seq Scan on movie_keyword mk  (cost=0.00..69693.30 rows=4523930 width=4) (actual time=0.021..912.378 rows=4523930 loops=1)
  ->  Hash  (cost=73925.90..73925.90 rows=4532 width=4) (actual time=1174.965..1174.965 rows=8768 loops=1)
        Buckets: 16384 (originally 8192)  Batches: 1 (originally 1)  Memory Usage: 437kB
        ->  Seq Scan on title t  (cost=0.00..73925.90 rows=4532 width=4) (actual time=0.149..1170.495 rows=8768 loops=1)
              Filter: ((kind_id = 7) AND (production_year = 1970))
              Rows Removed by Filter: 2519544
Planning time: 0.772 ms
Execution time: 2909.197 ms
