Hash Join  (cost=139597.14..1318420.50 rows=7335992 width=0) (actual time=3071.158..42190.727 rows=24148369 loops=1)
  Hash Cond: (ci.movie_id = t.id)
  ->  Seq Scan on cast_info ci  (cost=0.00..705507.15 rows=34408600 width=4) (actual time=0.022..16058.417 rows=34388251 loops=1)
        Filter: (person_id < 3695415)
        Rows Removed by Filter: 1856093
  ->  Hash  (cost=130752.54..130752.54 rows=539088 width=8) (actual time=3069.861..3069.861 rows=954317 loops=1)
        Buckets: 131072 (originally 131072)  Batches: 16 (originally 8)  Memory Usage: 3354kB
        ->  Hash Join  (cost=83810.17..130752.54 rows=539088 width=8) (actual time=1369.976..2823.254 rows=954317 loops=1)
              Hash Cond: (mi_idx.movie_id = t.id)
              ->  Seq Scan on movie_info_idx mi_idx  (cost=0.00..21735.35 rows=1380035 width=4) (actual time=0.028..455.931 rows=1380035 loops=1)
              ->  Hash  (cost=67604.59..67604.59 rows=987727 width=4) (actual time=1368.944..1368.944 rows=985048 loops=1)
                    Buckets: 131072  Batches: 16  Memory Usage: 3188kB
                    ->  Seq Scan on title t  (cost=0.00..67604.59 rows=987727 width=4) (actual time=0.028..1066.202 rows=985048 loops=1)
                          Filter: (kind_id < 7)
                          Rows Removed by Filter: 1543264
Planning time: 1.134 ms
Execution time: 44733.728 ms
