Hash Join  (cost=843910.01..1606992.08 rows=4101641 width=0) (actual time=22052.207..35261.521 rows=1718271 loops=1)
  Hash Cond: (mi.movie_id = t.id)
  ->  Seq Scan on movie_info mi  (cost=0.00..309384.22 rows=14739122 width=4) (actual time=0.027..5947.893 rows=14835720 loops=1)
  ->  Hash  (cost=832365.44..832365.44 rows=703645 width=8) (actual time=22031.780..22031.780 rows=575647 loops=1)
        Buckets: 131072  Batches: 16  Memory Usage: 2521kB
        ->  Hash Join  (cost=74539.83..832365.44 rows=703645 width=8) (actual time=1231.322..21492.527 rows=575647 loops=1)
              Hash Cond: (ci.movie_id = t.id)
              ->  Seq Scan on cast_info ci  (cost=0.00..614943.12 rows=36225612 width=4) (actual time=0.018..8967.514 rows=36244344 loops=1)
              ->  Hash  (cost=73925.90..73925.90 rows=49114 width=4) (actual time=1230.961..1230.961 rows=45321 loops=1)
                    Buckets: 65536  Batches: 1  Memory Usage: 2106kB
                    ->  Seq Scan on title t  (cost=0.00..73925.90 rows=49114 width=4) (actual time=0.017..1211.733 rows=45321 loops=1)
                          Filter: ((kind_id > 1) AND (production_year > 2012))
                          Rows Removed by Filter: 2482991
Planning time: 1.250 ms
Execution time: 35463.060 ms
