Hash Join  (cost=93093.72..154967.11 rows=142592 width=0) (actual time=2534.242..3735.563 rows=154685 loops=1)
  Hash Cond: (mc.movie_id = t.id)
  ->  Seq Scan on movie_companies mc  (cost=0.00..51404.11 rows=232070 width=4) (actual time=0.009..899.501 rows=229604 loops=1)
        Filter: (company_id < 92)
        Rows Removed by Filter: 2379525
  ->  Hash  (cost=67604.59..67604.59 rows=1553611 width=4) (actual time=2417.729..2417.729 rows=1555864 loops=1)
        Buckets: 131072  Batches: 32  Memory Usage: 2734kB
        ->  Seq Scan on title t  (cost=0.00..67604.59 rows=1553611 width=4) (actual time=0.020..1264.790 rows=1555864 loops=1)
              Filter: (kind_id > 4)
              Rows Removed by Filter: 972448
Planning time: 0.616 ms
Execution time: 3753.975 ms
