Seq Scan on movie_keyword mk  (cost=0.00..81003.12 rows=246 width=0) (actual time=0.809..1247.662 rows=464 loops=1)
  Filter: (keyword_id = 4900)
  Rows Removed by Filter: 4523466
Planning time: 0.360 ms
Execution time: 1247.961 ms
