Hash Join  (cost=94706.90..480256.99 rows=1038896 width=0) (actual time=3458.281..9137.383 rows=402476 loops=1)
  Hash Cond: (mi.movie_id = t.id)
  ->  Seq Scan on movie_info mi  (cost=0.00..346232.03 rows=2073893 width=4) (actual time=1533.563..5780.428 rows=2091068 loops=1)
        Filter: (info_type_id < 3)
        Rows Removed by Filter: 12744652
  ->  Hash  (cost=73925.90..73925.90 rows=1266640 width=4) (actual time=1923.593..1923.593 rows=1348885 loops=1)
        Buckets: 131072  Batches: 32  Memory Usage: 2517kB
        ->  Seq Scan on title t  (cost=0.00..73925.90 rows=1266640 width=4) (actual time=324.413..1477.983 rows=1348885 loops=1)
              Filter: ((production_year > 1970) AND (kind_id = 7))
              Rows Removed by Filter: 1179427
Planning time: 0.563 ms
Execution time: 9186.837 ms
