Seq Scan on cast_info ci  (cost=0.00..796071.18 rows=11672400 width=0) (actual time=6658.294..14741.135 rows=13339684 loops=1)
  Filter: ((person_id > 977203) AND (role_id > 2))
  Rows Removed by Filter: 22904660
Planning time: 0.371 ms
Execution time: 16306.460 ms
