Hash Join  (cost=709678.15..796345.14 rows=895 width=0) (actual time=11260.495..12773.450 rows=12 loops=1)
  Hash Cond: (mk.movie_id = t.id)
  ->  Seq Scan on movie_keyword mk  (cost=0.00..69693.30 rows=4523930 width=4) (actual time=0.013..1022.791 rows=4523930 loops=1)
  ->  Hash  (cost=709671.90..709671.90 rows=500 width=8) (actual time=10981.552..10981.552 rows=41 loops=1)
        Buckets: 1024  Batches: 1  Memory Usage: 10kB
        ->  Nested Loop  (cost=0.43..709671.90 rows=500 width=8) (actual time=10218.347..10981.489 rows=41 loops=1)
              ->  Seq Scan on cast_info ci  (cost=0.00..705507.15 rows=500 width=4) (actual time=10218.146..10980.401 rows=41 loops=1)
                    Filter: (person_id = 3075358)
                    Rows Removed by Filter: 36244303
              ->  Index Only Scan using title_pkey on title t  (cost=0.43..8.32 rows=1 width=4) (actual time=0.023..0.024 rows=1 loops=41)
                    Index Cond: (id = ci.movie_id)
                    Heap Fetches: 41
Planning time: 1.150 ms
Execution time: 12773.553 ms
