Hash Join  (cost=304276.38..1005941.19 rows=14943429 width=0) (actual time=6597.828..26331.657 rows=21567707 loops=1)
  Hash Cond: (mi.movie_id = t.id)
  ->  Seq Scan on movie_info mi  (cost=0.00..346232.03 rows=13893200 width=4) (actual time=0.013..7273.852 rows=13935380 loops=1)
        Filter: (info_type_id < 95)
        Rows Removed by Filter: 900340
  ->  Hash  (cost=259656.55..259656.55 rows=2719666 width=8) (actual time=6596.250..6596.250 rows=1486502 loops=1)
        Buckets: 131072  Batches: 64  Memory Usage: 1934kB
        ->  Hash Join  (cost=98864.94..259656.55 rows=2719666 width=8) (actual time=2237.683..6181.791 rows=1486502 loops=1)
              Hash Cond: (mk.movie_id = t.id)
              ->  Seq Scan on movie_keyword mk  (cost=0.00..69693.30 rows=4523930 width=4) (actual time=0.023..1401.759 rows=4523930 loops=1)
              ->  Hash  (cost=73925.90..73925.90 rows=1520083 width=4) (actual time=2235.999..2235.999 rows=1507233 loops=1)
                    Buckets: 131072  Batches: 32  Memory Usage: 2686kB
                    ->  Seq Scan on title t  (cost=0.00..73925.90 rows=1520083 width=4) (actual time=0.022..1462.163 rows=1507233 loops=1)
                          Filter: ((kind_id > 1) AND (production_year < 2011))
                          Rows Removed by Filter: 1021079
Planning time: 1.118 ms
Execution time: 28870.206 ms
