Hash Join  (cost=212941.86..332384.34 rows=905671 width=0) (actual time=4956.896..11241.518 rows=13365451 loops=1)
  Hash Cond: (mk.movie_id = t.id)
  ->  Seq Scan on movie_keyword mk  (cost=0.00..81003.12 rows=2187374 width=4) (actual time=0.019..1512.549 rows=2184930 loops=1)
        Filter: (keyword_id > 5169)
        Rows Removed by Filter: 2339000
  ->  Hash  (cost=195765.31..195765.31 rows=1046924 width=8) (actual time=4955.569..4955.569 rows=1274246 loops=1)
        Buckets: 131072 (originally 131072)  Batches: 32 (originally 16)  Memory Usage: 3073kB
        ->  Hash Join  (cost=102767.86..195765.31 rows=1046924 width=8) (actual time=2455.550..4574.281 rows=1274246 loops=1)
              Hash Cond: (mc.movie_id = t.id)
              ->  Seq Scan on movie_companies mc  (cost=0.00..57926.93 rows=1046924 width=4) (actual time=491.939..1203.760 rows=1274246 loops=1)
                    Filter: ((company_id < 75437) AND (company_type_id < 2))
                    Rows Removed by Filter: 1334883
              ->  Hash  (cost=61283.27..61283.27 rows=2528527 width=4) (actual time=1962.339..1962.339 rows=2528312 loops=1)
                    Buckets: 131072  Batches: 64  Memory Usage: 2415kB
                    ->  Seq Scan on title t  (cost=0.00..61283.27 rows=2528527 width=4) (actual time=0.032..1136.922 rows=2528312 loops=1)
Planning time: 2.218 ms
Execution time: 12719.658 ms
