Seq Scan on cast_info ci  (cost=0.00..796071.18 rows=9258179 width=0) (actual time=500.547..13494.529 rows=5868902 loops=1)
  Filter: ((person_id > 1939240) AND (role_id < 3))
  Rows Removed by Filter: 30375442
Planning time: 0.398 ms
Execution time: 14223.516 ms
