Seq Scan on cast_info ci  (cost=0.00..705507.15 rows=11540876 width=0) (actual time=4749.486..12094.550 rows=11561827 loops=1)
  Filter: (person_id > 2539858)
  Rows Removed by Filter: 24682517
Planning time: 0.308 ms
Execution time: 13549.750 ms
