Seq Scan on movie_keyword mk  (cost=0.00..81003.12 rows=246 width=0) (actual time=142.043..972.239 rows=15 loops=1)
  Filter: (keyword_id = 19887)
  Rows Removed by Filter: 4523915
Planning time: 0.352 ms
Execution time: 972.340 ms
