Hash Join  (cost=106934.74..511457.28 rows=2080643 width=0) (actual time=4390.501..10077.017 rows=2192853 loops=1)
  Hash Cond: (mi.movie_id = t.id)
  ->  Seq Scan on movie_info mi  (cost=0.00..346232.03 rows=2194617 width=4) (actual time=2288.793..5707.754 rows=2233850 loops=1)
        Filter: (info_type_id > 16)
        Rows Removed by Filter: 12601870
  ->  Hash  (cost=67604.59..67604.59 rows=2397212 width=4) (actual time=2086.680..2086.680 rows=2388701 loops=1)
        Buckets: 131072  Batches: 32  Memory Usage: 3659kB
        ->  Seq Scan on title t  (cost=0.00..67604.59 rows=2397212 width=4) (actual time=0.016..1304.910 rows=2388701 loops=1)
              Filter: (production_year > 1915)
              Rows Removed by Filter: 139611
Planning time: 1.327 ms
Execution time: 10362.381 ms
