Hash Join  (cost=190542.31..556671.55 rows=351005 width=0) (actual time=4697.486..10244.002 rows=159628 loops=1)
  Hash Cond: (mi.movie_id = t.id)
  ->  Seq Scan on movie_info mi  (cost=0.00..346232.03 rows=1158179 width=4) (actual time=0.022..4929.717 rows=1204709 loops=1)
        Filter: (info_type_id > 18)
        Rows Removed by Filter: 13631011
  ->  Hash  (cost=177969.41..177969.41 rows=766312 width=8) (actual time=4666.101..4666.101 rows=380905 loops=1)
        Buckets: 131072  Batches: 16  Memory Usage: 1947kB
        ->  Hash Join  (cost=97835.13..177969.41 rows=766312 width=8) (actual time=1909.175..4539.967 rows=380905 loops=1)
              Hash Cond: (mc.movie_id = t.id)
              ->  Seq Scan on movie_companies mc  (cost=0.00..51404.11 rows=1329612 width=4) (actual time=0.019..1000.440 rows=1334883 loops=1)
                    Filter: (company_type_id = 2)
                    Rows Removed by Filter: 1274246
              ->  Hash  (cost=73925.90..73925.90 rows=1457298 width=4) (actual time=1908.043..1908.043 rows=1438183 loops=1)
                    Buckets: 131072  Batches: 32  Memory Usage: 2604kB
                    ->  Seq Scan on title t  (cost=0.00..73925.90 rows=1457298 width=4) (actual time=0.025..1431.243 rows=1438183 loops=1)
                          Filter: ((production_year < 2013) AND (kind_id = 7))
                          Rows Removed by Filter: 1090129
Planning time: 1.200 ms
Execution time: 10265.254 ms
