Hash Join  (cost=92883.59..1117215.25 rows=7163074 width=0) (actual time=10041.197..22794.919 rows=3659782 loops=1)
  Hash Cond: (ci.movie_id = t.id)
  ->  Seq Scan on cast_info ci  (cost=0.00..796071.18 rows=11754949 width=4) (actual time=8152.731..15347.493 rows=6194037 loops=1)
        Filter: ((person_id < 2720888) AND (role_id > 2))
        Rows Removed by Filter: 30050307
  ->  Hash  (cost=67604.59..67604.59 rows=1540800 width=4) (actual time=1887.252..1887.252 rows=1543264 loops=1)
        Buckets: 131072  Batches: 32  Memory Usage: 2722kB
        ->  Seq Scan on title t  (cost=0.00..67604.59 rows=1540800 width=4) (actual time=0.029..1395.965 rows=1543264 loops=1)
              Filter: (kind_id = 7)
              Rows Removed by Filter: 985048
Planning time: 0.794 ms
Execution time: 23221.148 ms
