Seq Scan on movie_keyword mk  (cost=0.00..81003.12 rows=246 width=0) (actual time=20.694..1214.155 rows=225 loops=1)
  Filter: (keyword_id = 4015)
  Rows Removed by Filter: 4523705
Planning time: 0.357 ms
Execution time: 1214.402 ms
