Hash Join  (cost=74199.63..101229.63 rows=11952 width=0) (actual time=1123.104..1718.114 rows=14133 loops=1)
  Hash Cond: (mi_idx.movie_id = t.id)
  ->  Seq Scan on movie_info_idx mi_idx  (cost=0.00..21735.35 rows=1380035 width=4) (actual time=0.021..268.653 rows=1380035 loops=1)
  ->  Hash  (cost=73925.90..73925.90 rows=21898 width=4) (actual time=1122.873..1122.873 rows=24691 loops=1)
        Buckets: 32768  Batches: 1  Memory Usage: 1125kB
        ->  Seq Scan on title t  (cost=0.00..73925.90 rows=21898 width=4) (actual time=0.064..1111.568 rows=24691 loops=1)
              Filter: ((kind_id > 1) AND (production_year = 1994))
              Rows Removed by Filter: 2503621
Planning time: 0.740 ms
Execution time: 1720.404 ms
