Hash Join  (cost=98137.04..883235.66 rows=2638612 width=0) (actual time=2648.223..16699.242 rows=2424828 loops=1)
  Hash Cond: (ci.movie_id = t.id)
  ->  Seq Scan on cast_info ci  (cost=0.00..705507.15 rows=3585071 width=4) (actual time=519.198..11723.676 rows=3461518 loops=1)
        Filter: (person_id < 332586)
        Rows Removed by Filter: 32782826
  ->  Hash  (cost=67604.59..67604.59 rows=1860996 width=4) (actual time=2127.693..2127.693 rows=1865487 loops=1)
        Buckets: 131072  Batches: 32  Memory Usage: 3079kB
        ->  Seq Scan on title t  (cost=0.00..67604.59 rows=1860996 width=4) (actual time=0.029..1266.313 rows=1865487 loops=1)
              Filter: (kind_id > 1)
              Rows Removed by Filter: 662825
Planning time: 0.751 ms
Execution time: 16972.663 ms
