Seq Scan on movie_keyword mk  (cost=0.00..81003.12 rows=998458 width=0) (actual time=0.029..1285.266 rows=1008565 loops=1)
  Filter: (keyword_id > 18218)
  Rows Removed by Filter: 3515365
Planning time: 0.421 ms
Execution time: 1418.302 ms
