Hash Join  (cost=854412.43..990057.82 rows=1199655 width=0) (actual time=17157.877..21350.950 rows=2758280 loops=1)
  Hash Cond: (mk.movie_id = t.id)
  ->  Seq Scan on movie_keyword mk  (cost=0.00..81003.12 rows=3385522 width=4) (actual time=0.026..1783.512 rows=3376552 loops=1)
        Filter: (keyword_id > 1313)
        Rows Removed by Filter: 1147378
  ->  Hash  (cost=839712.68..839712.68 rows=895980 width=8) (actual time=17157.168..17157.168 rows=898389 loops=1)
        Buckets: 131072  Batches: 16  Memory Usage: 3222kB
        ->  Hash Join  (cost=102767.86..839712.68 rows=895980 width=8) (actual time=9776.621..16857.472 rows=898389 loops=1)
              Hash Cond: (ci.movie_id = t.id)
              ->  Seq Scan on cast_info ci  (cost=0.00..705507.15 rows=895980 width=4) (actual time=7922.551..12901.353 rows=898389 loops=1)
                    Filter: (role_id = 5)
                    Rows Removed by Filter: 35345955
              ->  Hash  (cost=61283.27..61283.27 rows=2528527 width=4) (actual time=1853.151..1853.151 rows=2528312 loops=1)
                    Buckets: 131072  Batches: 64  Memory Usage: 2415kB
                    ->  Seq Scan on title t  (cost=0.00..61283.27 rows=2528527 width=4) (actual time=0.031..1057.035 rows=2528312 loops=1)
Planning time: 1.168 ms
Execution time: 21697.287 ms
