Hash Join  (cost=107556.84..288295.25 rows=4356846 width=0) (actual time=2305.521..7249.094 rows=4492555 loops=1)
  Hash Cond: (mk.movie_id = t.id)
  ->  Seq Scan on movie_keyword mk  (cost=0.00..69693.30 rows=4523930 width=4) (actual time=0.013..1468.211 rows=4523930 loops=1)
  ->  Hash  (cost=67604.59..67604.59 rows=2435140 width=4) (actual time=2304.478..2304.478 rows=2431710 loops=1)
        Buckets: 131072  Batches: 32  Memory Usage: 3705kB
        ->  Seq Scan on title t  (cost=0.00..67604.59 rows=2435140 width=4) (actual time=0.015..1518.473 rows=2431710 loops=1)
              Filter: (production_year > 1909)
              Rows Removed by Filter: 96602
Planning time: 0.709 ms
Execution time: 7756.012 ms
