Hash Join  (cost=476951.54..613184.59 rows=1168001 width=0) (actual time=7387.531..11134.732 rows=1326526 loops=1)
  Hash Cond: (mk.movie_id = t.id)
  ->  Seq Scan on movie_keyword mk  (cost=0.00..69693.30 rows=4523930 width=4) (actual time=0.022..1490.718 rows=4523930 loops=1)
  ->  Hash  (cost=466240.27..466240.27 rows=652822 width=8) (actual time=7386.019..7386.019 rows=249083 loops=1)
        Buckets: 131072  Batches: 16  Memory Usage: 1640kB
        ->  Hash Join  (cost=91397.28..466240.27 rows=652822 width=8) (actual time=2773.711..7307.131 rows=249083 loops=1)
              Hash Cond: (mi.movie_id = t.id)
              ->  Seq Scan on movie_info mi  (cost=0.00..346232.03 rows=1550064 width=4) (actual time=533.599..4102.964 rows=1533909 loops=1)
                    Filter: (info_type_id = 3)
                    Rows Removed by Filter: 13301811
              ->  Hash  (cost=73925.90..73925.90 rows=1064910 width=4) (actual time=2239.298..2239.298 rows=1003269 loops=1)
                    Buckets: 131072  Batches: 16  Memory Usage: 3239kB
                    ->  Seq Scan on title t  (cost=0.00..73925.90 rows=1064910 width=4) (actual time=0.024..1519.999 rows=1003269 loops=1)
                          Filter: ((kind_id > 1) AND (production_year < 2006))
                          Rows Removed by Filter: 1525043
Planning time: 1.178 ms
Execution time: 11292.677 ms
