Seq Scan on movie_keyword mk  (cost=0.00..81003.12 rows=2941866 width=0) (actual time=0.016..1521.404 rows=2927130 loops=1)
  Filter: (keyword_id < 9631)
  Rows Removed by Filter: 1596800
Planning time: 0.307 ms
Execution time: 1889.025 ms
