Hash Join  (cost=102767.86..923287.96 rows=605472 width=0) (actual time=7779.557..17949.332 rows=679474 loops=1)
  Hash Cond: (ci.movie_id = t.id)
  ->  Seq Scan on cast_info ci  (cost=0.00..796071.18 rows=605472 width=4) (actual time=5210.274..14463.308 rows=679474 loops=1)
        Filter: ((person_id > 572020) AND (role_id = 6))
        Rows Removed by Filter: 35564870
  ->  Hash  (cost=61283.27..61283.27 rows=2528527 width=4) (actual time=2567.501..2567.501 rows=2528312 loops=1)
        Buckets: 131072  Batches: 64  Memory Usage: 2415kB
        ->  Seq Scan on title t  (cost=0.00..61283.27 rows=2528527 width=4) (actual time=0.021..1143.520 rows=2528312 loops=1)
Planning time: 0.816 ms
Execution time: 18025.785 ms
