Seq Scan on movie_companies mc  (cost=0.00..57926.93 rows=4255 width=0) (actual time=0.060..967.183 rows=4675 loops=1)
  Filter: ((company_type_id > 1) AND (company_id = 225))
  Rows Removed by Filter: 2604454
Planning time: 0.365 ms
Execution time: 968.134 ms
