Seq Scan on cast_info ci  (cost=0.00..705507.15 rows=500 width=0) (actual time=3148.984..11329.942 rows=31 loops=1)
  Filter: (person_id = 794762)
  Rows Removed by Filter: 36244313
Planning time: 0.364 ms
Execution time: 11330.053 ms
