Hash Join  (cost=125618.41..492319.78 rows=204544 width=0) (actual time=2531.950..10795.659 rows=326230 loops=1)
  Hash Cond: (mi.movie_id = t.id)
  ->  Seq Scan on movie_info mi  (cost=0.00..309384.22 rows=14739122 width=4) (actual time=0.010..4475.500 rows=14835720 loops=1)
  ->  Hash  (cost=125179.78..125179.78 rows=35090 width=8) (actual time=2531.544..2531.544 rows=36330 loops=1)
        Buckets: 65536  Batches: 1  Memory Usage: 1932kB
        ->  Hash Join  (cost=68438.72..125179.78 rows=35090 width=8) (actual time=1588.567..2517.210 rows=36330 loops=1)
              Hash Cond: (mc.movie_id = t.id)
              ->  Seq Scan on movie_companies mc  (cost=0.00..51404.11 rows=1329612 width=4) (actual time=370.568..947.835 rows=1334883 loops=1)
                    Filter: (company_type_id = 2)
                    Rows Removed by Filter: 1274246
              ->  Hash  (cost=67604.59..67604.59 rows=66731 width=4) (actual time=1217.296..1217.296 rows=67342 loops=1)
                    Buckets: 131072  Batches: 1  Memory Usage: 3392kB
                    ->  Seq Scan on title t  (cost=0.00..67604.59 rows=66731 width=4) (actual time=0.016..1188.151 rows=67342 loops=1)
                          Filter: (production_year > 2012)
                          Rows Removed by Filter: 2460970
Planning time: 1.156 ms
Execution time: 10843.125 ms
