Hash Join  (cost=130637.63..225845.17 rows=14422 width=0) (actual time=2195.431..4427.647 rows=118763 loops=1)
  Hash Cond: (mk.movie_id = t.id)
  ->  Seq Scan on movie_keyword mk  (cost=0.00..81003.12 rows=3749386 width=4) (actual time=0.026..1592.193 rows=3746419 loops=1)
        Filter: (keyword_id > 738)
        Rows Removed by Filter: 777511
  ->  Hash  (cost=130516.05..130516.05 rows=9726 width=8) (actual time=2195.253..2195.253 rows=16377 loops=1)
        Buckets: 16384  Batches: 1  Memory Usage: 768kB
        ->  Hash Join  (cost=69928.56..130516.05 rows=9726 width=8) (actual time=1332.449..2189.001 rows=16377 loops=1)
              Hash Cond: (mc.movie_id = t.id)
              ->  Seq Scan on movie_companies mc  (cost=0.00..57926.93 rows=173679 width=4) (actual time=130.198..832.093 rows=343404 loops=1)
                    Filter: ((company_id > 88922) AND (company_type_id = 2))
                    Rows Removed by Filter: 2265725
              ->  Hash  (cost=67604.59..67604.59 rows=141598 width=4) (actual time=1200.953..1200.953 rows=141703 loops=1)
                    Buckets: 131072  Batches: 2  Memory Usage: 3511kB
                    ->  Seq Scan on title t  (cost=0.00..67604.59 rows=141598 width=4) (actual time=0.040..1147.592 rows=141703 loops=1)
                          Filter: (production_year = 2010)
                          Rows Removed by Filter: 2386609
Planning time: 3.540 ms
Execution time: 4443.080 ms
