Hash Join  (cost=77887.52..117841.58 rows=131758 width=0) (actual time=1446.285..2797.608 rows=56001 loops=1)
  Hash Cond: (mi_idx.movie_id = t.id)
  ->  Seq Scan on movie_info_idx mi_idx  (cost=0.00..21735.35 rows=1380035 width=4) (actual time=0.015..380.318 rows=1380035 loops=1)
  ->  Hash  (cost=73925.90..73925.90 rows=241409 width=4) (actual time=1435.678..1435.678 rows=257849 loops=1)
        Buckets: 131072  Batches: 4  Memory Usage: 3305kB
        ->  Seq Scan on title t  (cost=0.00..73925.90 rows=241409 width=4) (actual time=4.138..1349.756 rows=257849 loops=1)
              Filter: ((kind_id > 4) AND (production_year > 2010))
              Rows Removed by Filter: 2270463
Planning time: 0.695 ms
Execution time: 2803.082 ms
