Seq Scan on movie_companies mc  (cost=0.00..51404.11 rows=2416917 width=0) (actual time=0.023..1121.655 rows=2415995 loops=1)
  Filter: (company_id < 115673)
  Rows Removed by Filter: 193134
Planning time: 0.319 ms
Execution time: 1424.341 ms
