Hash Join  (cost=108812.38..202923.07 rows=76581 width=0) (actual time=2126.603..4026.998 rows=295756 loops=1)
  Hash Cond: (mk.movie_id = t.id)
  ->  Seq Scan on movie_keyword mk  (cost=0.00..81003.12 rows=3291135 width=4) (actual time=0.019..1368.775 rows=3277081 loops=1)
        Filter: (keyword_id > 1584)
        Rows Removed by Filter: 1246849
  ->  Hash  (cost=108076.93..108076.93 rows=58836 width=8) (actual time=2125.965..2125.965 rows=61574 loops=1)
        Buckets: 65536  Batches: 1  Memory Usage: 2918kB
        ->  Hash Join  (cost=69374.09..108076.93 rows=58836 width=8) (actual time=1256.034..2106.816 rows=61574 loops=1)
              Hash Cond: (mi_idx.movie_id = t.id)
              ->  Seq Scan on movie_info_idx mi_idx  (cost=0.00..21735.35 rows=1380035 width=4) (actual time=0.017..396.708 rows=1380035 loops=1)
              ->  Hash  (cost=67604.59..67604.59 rows=107800 width=4) (actual time=1254.422..1254.422 rows=108429 loops=1)
                    Buckets: 131072  Batches: 2  Memory Usage: 2931kB
                    ->  Seq Scan on title t  (cost=0.00..67604.59 rows=107800 width=4) (actual time=0.019..1213.130 rows=108429 loops=1)
                          Filter: (production_year = 2006)
                          Rows Removed by Filter: 2419883
Planning time: 9.532 ms
Execution time: 4059.994 ms
