Hash Join  (cost=483811.61..630119.14 rows=1094719 width=0) (actual time=9370.806..20477.034 rows=28317928 loops=1)
  Hash Cond: (mk.movie_id = t.id)
  ->  Seq Scan on movie_keyword mk  (cost=0.00..81003.12 rows=4492856 width=4) (actual time=0.028..1849.102 rows=4495960 loops=1)
        Filter: (keyword_id < 111853)
        Rows Removed by Filter: 27970
  ->  Hash  (cost=473703.43..473703.43 rows=616095 width=8) (actual time=9369.355..9369.355 rows=598457 loops=1)
        Buckets: 131072  Batches: 16  Memory Usage: 2551kB
        ->  Hash Join  (cost=102767.86..473703.43 rows=616095 width=8) (actual time=4245.123..9190.653 rows=598457 loops=1)
              Hash Cond: (mi.movie_id = t.id)
              ->  Seq Scan on movie_info mi  (cost=0.00..346232.03 rows=616095 width=4) (actual time=2177.774..5603.011 rows=598457 loops=1)
                    Filter: (info_type_id = 15)
                    Rows Removed by Filter: 14237263
              ->  Hash  (cost=61283.27..61283.27 rows=2528527 width=4) (actual time=2034.826..2034.826 rows=2528312 loops=1)
                    Buckets: 131072  Batches: 64  Memory Usage: 2425kB
                    ->  Seq Scan on title t  (cost=0.00..61283.27 rows=2528527 width=4) (actual time=0.022..1179.942 rows=2528312 loops=1)
Planning time: 1.170 ms
Execution time: 23677.891 ms
