Hash Join  (cost=266191.37..1612999.59 rows=26061707 width=0) (actual time=5113.087..39694.083 rows=15185777 loops=1)
  Hash Cond: (ci.movie_id = t.id)
  ->  Seq Scan on cast_info ci  (cost=0.00..614943.12 rows=36225612 width=4) (actual time=0.026..13753.479 rows=36244344 loops=1)
  ->  Hash  (cost=236346.72..236346.72 rows=1819092 width=8) (actual time=5112.111..5112.111 rows=447560 loops=1)
        Buckets: 131072  Batches: 32  Memory Usage: 1564kB
        ->  Hash Join  (cost=92883.59..236346.72 rows=1819092 width=8) (actual time=2661.834..4997.945 rows=447560 loops=1)
              Hash Cond: (mk.movie_id = t.id)
              ->  Seq Scan on movie_keyword mk  (cost=0.00..81003.12 rows=2985218 width=4) (actual time=0.026..1681.933 rows=2973501 loops=1)
                    Filter: (keyword_id > 2276)
                    Rows Removed by Filter: 1550429
              ->  Hash  (cost=67604.59..67604.59 rows=1540800 width=4) (actual time=1725.345..1725.345 rows=1543264 loops=1)
                    Buckets: 131072  Batches: 32  Memory Usage: 2728kB
                    ->  Seq Scan on title t  (cost=0.00..67604.59 rows=1540800 width=4) (actual time=301.395..1208.573 rows=1543264 loops=1)
                          Filter: (kind_id = 7)
                          Rows Removed by Filter: 985048
Planning time: 1.167 ms
Execution time: 41381.430 ms
