Hash Join  (cost=67697.55..154488.65 rows=13306 width=0) (actual time=1103.683..2932.680 rows=335 loops=1)
  Hash Cond: (mk.movie_id = t.id)
  ->  Seq Scan on movie_keyword mk  (cost=0.00..69693.30 rows=4523930 width=4) (actual time=0.023..1061.131 rows=4523930 loops=1)
  ->  Hash  (cost=67604.59..67604.59 rows=7437 width=4) (actual time=1087.816..1087.816 rows=1799 loops=1)
        Buckets: 8192  Batches: 1  Memory Usage: 128kB
        ->  Seq Scan on title t  (cost=0.00..67604.59 rows=7437 width=4) (actual time=341.324..1086.807 rows=1799 loops=1)
              Filter: (production_year = 1902)
              Rows Removed by Filter: 2526513
Planning time: 0.721 ms
Execution time: 2932.912 ms
