Seq Scan on movie_keyword mk  (cost=0.00..81003.12 rows=4416521 width=0) (actual time=0.017..1664.702 rows=4417295 loops=1)
  Filter: (keyword_id < 80823)
  Rows Removed by Filter: 106635
Planning time: 0.307 ms
Execution time: 2218.524 ms
