Seq Scan on movie_companies mc  (cost=0.00..51404.11 rows=1015137 width=0) (actual time=0.027..852.466 rows=1023963 loops=1)
  Filter: (company_id > 15814)
  Rows Removed by Filter: 1585166
Planning time: 0.309 ms
Execution time: 974.695 ms
