Hash Join  (cost=96094.99..484709.53 rows=1172770 width=0) (actual time=1953.184..9155.866 rows=498868 loops=1)
  Hash Cond: (mi.movie_id = t.id)
  ->  Seq Scan on movie_info mi  (cost=0.00..346232.03 rows=2194617 width=4) (actual time=0.015..5900.474 rows=2233850 loops=1)
        Filter: (info_type_id > 16)
        Rows Removed by Filter: 12601870
  ->  Hash  (cost=73925.90..73925.90 rows=1351207 width=4) (actual time=1951.211..1951.211 rows=1478140 loops=1)
        Buckets: 131072  Batches: 32  Memory Usage: 2664kB
        ->  Seq Scan on title t  (cost=0.00..73925.90 rows=1351207 width=4) (actual time=0.019..1467.561 rows=1478140 loops=1)
              Filter: ((kind_id > 1) AND (production_year > 1986))
              Rows Removed by Filter: 1050172
Planning time: 0.792 ms
Execution time: 9206.348 ms
