Seq Scan on movie_companies mc  (cost=0.00..51404.11 rows=104 width=0) (actual time=441.263..861.786 rows=1 loops=1)
  Filter: (company_id = 227073)
  Rows Removed by Filter: 2609128
Planning time: 0.256 ms
Execution time: 861.844 ms
