Hash Join  (cost=84197.31..236924.90 rows=1741847 width=0) (actual time=1487.357..5791.644 rows=1206778 loops=1)
  Hash Cond: (mk.movie_id = t.id)
  ->  Seq Scan on movie_keyword mk  (cost=0.00..81003.12 rows=4354931 width=4) (actual time=0.019..1847.371 rows=4360232 loops=1)
        Filter: (keyword_id < 72557)
        Rows Removed by Filter: 163698
  ->  Hash  (cost=67604.59..67604.59 rows=1011338 width=4) (actual time=1485.017..1485.017 rows=1012920 loops=1)
        Buckets: 131072  Batches: 16  Memory Usage: 3257kB
        ->  Seq Scan on title t  (cost=0.00..67604.59 rows=1011338 width=4) (actual time=0.023..1156.341 rows=1012920 loops=1)
              Filter: (production_year > 2005)
              Rows Removed by Filter: 1515392
Planning time: 0.718 ms
Execution time: 5919.973 ms
