Seq Scan on movie_keyword mk  (cost=0.00..81003.12 rows=1837679 width=0) (actual time=0.024..1472.858 rows=1842569 loops=1)
  Filter: (keyword_id > 7540)
  Rows Removed by Filter: 2681361
Planning time: 0.305 ms
Execution time: 1699.436 ms
