Seq Scan on cast_info ci  (cost=0.00..796071.18 rows=332 width=0) (actual time=7398.783..14642.360 rows=555 loops=1)
  Filter: ((role_id < 4) AND (person_id = 1796877))
  Rows Removed by Filter: 36243789
Planning time: 0.391 ms
Execution time: 14642.535 ms
