Nested Loop  (cost=0.43..83071.67 rows=246 width=0) (actual time=30.461..1342.546 rows=156 loops=1)
  ->  Seq Scan on movie_keyword mk  (cost=0.00..81003.12 rows=246 width=4) (actual time=30.381..1329.117 rows=156 loops=1)
        Filter: (keyword_id = 8995)
        Rows Removed by Filter: 4523774
  ->  Index Only Scan using title_pkey on title t  (cost=0.43..8.40 rows=1 width=4) (actual time=0.081..0.082 rows=1 loops=156)
        Index Cond: (id = mk.movie_id)
        Heap Fetches: 156
Planning time: 0.653 ms
Execution time: 1342.735 ms
