Hash Join  (cost=128661.55..857471.59 rows=4968 width=0) (actual time=2956.800..15218.068 rows=63206 loops=1)
  Hash Cond: (ci.movie_id = t.id)
  ->  Seq Scan on cast_info ci  (cost=0.00..705507.15 rows=6200856 width=4) (actual time=681.762..11698.237 rows=6094562 loops=1)
        Filter: (person_id < 588227)
        Rows Removed by Filter: 30149782
  ->  Hash  (cost=128636.23..128636.23 rows=2026 width=8) (actual time=2274.575..2274.575 rows=8520 loops=1)
        Buckets: 16384 (originally 2048)  Batches: 1 (originally 1)  Memory Usage: 461kB
        ->  Hash Join  (cost=73950.44..128636.23 rows=2026 width=8) (actual time=1078.480..2270.670 rows=8520 loops=1)
              Hash Cond: (mc.movie_id = t.id)
              ->  Seq Scan on movie_companies mc  (cost=0.00..44881.29 rows=2609129 width=4) (actual time=0.031..680.086 rows=2609129 loops=1)
              ->  Hash  (cost=73925.90..73925.90 rows=1963 width=4) (actual time=1071.132..1071.132 rows=4382 loops=1)
                    Buckets: 8192 (originally 2048)  Batches: 1 (originally 1)  Memory Usage: 219kB
                    ->  Seq Scan on title t  (cost=0.00..73925.90 rows=1963 width=4) (actual time=193.788..1068.826 rows=4382 loops=1)
                          Filter: ((kind_id = 1) AND (production_year = 1979))
                          Rows Removed by Filter: 2523930
Planning time: 1.225 ms
Execution time: 15227.380 ms
