Nested Loop  (cost=0.43..83071.67 rows=246 width=0) (actual time=1.128..1300.859 rows=289 loops=1)
  ->  Seq Scan on movie_keyword mk  (cost=0.00..81003.12 rows=246 width=4) (actual time=1.069..1287.046 rows=289 loops=1)
        Filter: (keyword_id = 3372)
        Rows Removed by Filter: 4523641
  ->  Index Only Scan using title_pkey on title t  (cost=0.43..8.40 rows=1 width=4) (actual time=0.044..0.045 rows=1 loops=289)
        Index Cond: (id = mk.movie_id)
        Heap Fetches: 289
Planning time: 0.800 ms
Execution time: 1301.099 ms
