Seq Scan on cast_info ci  (cost=0.00..796071.18 rows=2207153 width=0) (actual time=2361.930..10207.739 rows=2556697 loops=1)
  Filter: ((person_id < 310496) AND (role_id < 4))
  Rows Removed by Filter: 33687647
Planning time: 0.345 ms
Execution time: 10530.481 ms
