Hash Join  (cost=210902.97..1346869.95 rows=9945175 width=0) (actual time=5225.658..60806.057 rows=96590328 loops=1)
  Hash Cond: (ci.movie_id = t.id)
  ->  Seq Scan on cast_info ci  (cost=0.00..614943.12 rows=36225612 width=4) (actual time=0.007..13282.646 rows=36244344 loops=1)
  ->  Hash  (cost=199513.87..199513.87 rows=694168 width=8) (actual time=5224.646..5224.646 rows=1676861 loops=1)
        Buckets: 131072 (originally 131072)  Batches: 32 (originally 16)  Memory Usage: 3073kB
        ->  Hash Join  (cost=78556.72..199513.87 rows=694168 width=8) (actual time=1497.977..4763.187 rows=1676861 loops=1)
              Hash Cond: (mk.movie_id = t.id)
              ->  Seq Scan on movie_keyword mk  (cost=0.00..81003.12 rows=2629423 width=4) (actual time=0.033..1642.469 rows=2619914 loops=1)
                    Filter: (keyword_id < 7105)
                    Rows Removed by Filter: 1904016
              ->  Hash  (cost=67604.59..67604.59 rows=667531 width=4) (actual time=1479.209..1479.209 rows=662825 loops=1)
                    Buckets: 131072  Batches: 16  Memory Usage: 2486kB
                    ->  Seq Scan on title t  (cost=0.00..67604.59 rows=667531 width=4) (actual time=0.026..1268.108 rows=662825 loops=1)
                          Filter: (kind_id = 1)
                          Rows Removed by Filter: 1865487
Planning time: 1.209 ms
Execution time: 71791.521 ms
