Seq Scan on movie_keyword mk  (cost=0.00..81003.12 rows=246 width=0) (actual time=3.623..1204.342 rows=525 loops=1)
  Filter: (keyword_id = 3719)
  Rows Removed by Filter: 4523405
Planning time: 0.250 ms
Execution time: 1204.630 ms
