Hash Join  (cost=102767.86..208209.97 rows=1835200 width=0) (actual time=1910.903..5014.934 rows=1829800 loops=1)
  Hash Cond: (mc.movie_id = t.id)
  ->  Seq Scan on movie_companies mc  (cost=0.00..51404.11 rows=1835200 width=4) (actual time=0.023..1214.661 rows=1829800 loops=1)
        Filter: (company_id < 32761)
        Rows Removed by Filter: 779329
  ->  Hash  (cost=61283.27..61283.27 rows=2528527 width=4) (actual time=1910.063..1910.063 rows=2528312 loops=1)
        Buckets: 131072  Batches: 64  Memory Usage: 2415kB
        ->  Seq Scan on title t  (cost=0.00..61283.27 rows=2528527 width=4) (actual time=0.013..1088.546 rows=2528312 loops=1)
Planning time: 0.741 ms
Execution time: 5230.971 ms
