Hash Join  (cost=90757.62..634372.46 rows=5980091 width=0) (actual time=1621.788..15277.900 rows=3317159 loops=1)
  Hash Cond: (mi.movie_id = t.id)
  ->  Seq Scan on movie_info mi  (cost=0.00..309384.22 rows=14739122 width=4) (actual time=0.013..6257.156 rows=14835720 loops=1)
  ->  Hash  (cost=73925.90..73925.90 rows=1025897 width=4) (actual time=1619.897..1619.897 rows=957256 loops=1)
        Buckets: 131072  Batches: 16  Memory Usage: 3137kB
        ->  Seq Scan on title t  (cost=0.00..73925.90 rows=1025897 width=4) (actual time=0.018..1305.506 rows=957256 loops=1)
              Filter: ((kind_id > 3) AND (production_year < 2007))
              Rows Removed by Filter: 1571056
Planning time: 0.766 ms
Execution time: 15592.772 ms
