Hash Join  (cost=126058.29..860023.86 rows=108998 width=0) (actual time=9834.144..17178.039 rows=113316 loops=1)
  Hash Cond: (ci.movie_id = t.id)
  ->  Seq Scan on cast_info ci  (cost=0.00..705507.15 rows=7298253 width=4) (actual time=8174.249..13796.170 rows=7451973 loops=1)
        Filter: (role_id = 2)
        Rows Removed by Filter: 28792371
  ->  Hash  (cost=125586.25..125586.25 rows=37763 width=8) (actual time=1659.134..1659.134 rows=20124 loops=1)
        Buckets: 65536  Batches: 1  Memory Usage: 1299kB
        ->  Hash Join  (cost=68438.72..125586.25 rows=37763 width=8) (actual time=811.402..1652.597 rows=20124 loops=1)
              Hash Cond: (mc.movie_id = t.id)
              ->  Seq Scan on movie_companies mc  (cost=0.00..51404.11 rows=1430875 width=4) (actual time=0.031..574.199 rows=1421100 loops=1)
                    Filter: (company_id < 12514)
                    Rows Removed by Filter: 1188029
              ->  Hash  (cost=67604.59..67604.59 rows=66731 width=4) (actual time=810.684..810.684 rows=67342 loops=1)
                    Buckets: 131072  Batches: 1  Memory Usage: 3392kB
                    ->  Seq Scan on title t  (cost=0.00..67604.59 rows=66731 width=4) (actual time=0.039..788.346 rows=67342 loops=1)
                          Filter: (production_year > 2012)
                          Rows Removed by Filter: 2460970
Planning time: 3.549 ms
Execution time: 17194.834 ms
