Seq Scan on cast_info ci  (cost=0.00..705507.15 rows=18316920 width=0) (actual time=0.019..12573.974 rows=18210600 loops=1)
  Filter: (person_id < 1808417)
  Rows Removed by Filter: 18033744
Planning time: 0.340 ms
Execution time: 14828.868 ms
