Seq Scan on movie_keyword mk  (cost=0.00..81003.12 rows=3883213 width=0) (actual time=0.018..1677.093 rows=3871591 loops=1)
  Filter: (keyword_id < 28817)
  Rows Removed by Filter: 652339
Planning time: 0.481 ms
Execution time: 2166.544 ms
