Hash Join  (cost=52284.29..138942.81 rows=48 width=0) (actual time=1001.129..2537.153 rows=2487 loops=1)
  Hash Cond: (mk.movie_id = t.id)
  ->  Seq Scan on movie_keyword mk  (cost=0.00..69693.30 rows=4523930 width=4) (actual time=0.018..956.673 rows=4523930 loops=1)
  ->  Hash  (cost=52283.95..52283.95 rows=27 width=8) (actual time=803.353..803.353 rows=33 loops=1)
        Buckets: 1024  Batches: 1  Memory Usage: 10kB
        ->  Nested Loop  (cost=0.43..52283.95 rows=27 width=8) (actual time=82.078..803.291 rows=33 loops=1)
              ->  Seq Scan on movie_companies mc  (cost=0.00..51404.11 rows=104 width=4) (actual time=79.742..797.775 rows=33 loops=1)
                    Filter: (company_id = 19875)
                    Rows Removed by Filter: 2609096
              ->  Index Scan using title_pkey on title t  (cost=0.43..8.45 rows=1 width=4) (actual time=0.162..0.163 rows=1 loops=33)
                    Index Cond: (id = mc.movie_id)
                    Filter: (kind_id = 1)
Planning time: 4.843 ms
Execution time: 2537.613 ms
