Hash Join  (cost=102767.86..1623970.90 rows=33488486 width=0) (actual time=1834.879..46779.309 rows=33462720 loops=1)
  Hash Cond: (ci.movie_id = t.id)
  ->  Seq Scan on cast_info ci  (cost=0.00..705507.15 rows=33488486 width=4) (actual time=0.024..16373.802 rows=33462720 loops=1)
        Filter: (person_id < 3533227)
        Rows Removed by Filter: 2781624
  ->  Hash  (cost=61283.27..61283.27 rows=2528527 width=4) (actual time=1833.325..1833.325 rows=2528312 loops=1)
        Buckets: 131072  Batches: 64  Memory Usage: 2415kB
        ->  Seq Scan on title t  (cost=0.00..61283.27 rows=2528527 width=4) (actual time=0.019..986.241 rows=2528312 loops=1)
Planning time: 0.719 ms
Execution time: 50425.899 ms
