Hash Join  (cost=73987.23..438929.14 rows=28598 width=0) (actual time=7925.138..8125.701 rows=10 loops=1)
  Hash Cond: (mi.movie_id = t.id)
  ->  Seq Scan on movie_info mi  (cost=0.00..309384.22 rows=14739122 width=4) (actual time=0.020..4245.017 rows=14835720 loops=1)
  ->  Hash  (cost=73925.90..73925.90 rows=4906 width=4) (actual time=1161.644..1161.644 rows=11 loops=1)
        Buckets: 8192  Batches: 1  Memory Usage: 65kB
        ->  Seq Scan on title t  (cost=0.00..73925.90 rows=4906 width=4) (actual time=132.220..1161.621 rows=11 loops=1)
              Filter: ((kind_id > 3) AND (production_year = 1936))
              Rows Removed by Filter: 2528301
Planning time: 3.569 ms
Execution time: 8125.797 ms
