Hash Join  (cost=1339586.76..2665846.50 rows=62062478 width=0) (actual time=28125.198..70137.926 rows=106452559 loops=1)
  Hash Cond: (mi.movie_id = t.id)
  ->  Seq Scan on movie_info mi  (cost=0.00..309384.22 rows=14739122 width=4) (actual time=0.024..6226.627 rows=14835720 loops=1)
  ->  Hash  (cost=1164909.93..1164909.93 rows=10646947 width=8) (actual time=28124.247..28124.247 rows=8451416 loops=1)
        Buckets: 131072  Batches: 256  Memory Usage: 2394kB
        ->  Hash Join  (cost=102767.86..1164909.93 rows=10646947 width=8) (actual time=9484.393..25436.844 rows=8451416 loops=1)
              Hash Cond: (ci.movie_id = t.id)
              ->  Seq Scan on cast_info ci  (cost=0.00..796071.18 rows=10646947 width=4) (actual time=7647.847..16155.795 rows=8451416 loops=1)
                    Filter: ((person_id > 564817) AND (role_id < 2))
                    Rows Removed by Filter: 27792928
              ->  Hash  (cost=61283.27..61283.27 rows=2528527 width=4) (actual time=1835.361..1835.361 rows=2528312 loops=1)
                    Buckets: 131072  Batches: 64  Memory Usage: 2415kB
                    ->  Seq Scan on title t  (cost=0.00..61283.27 rows=2528527 width=4) (actual time=0.028..1015.319 rows=2528312 loops=1)
Planning time: 1.196 ms
Execution time: 81919.176 ms
