Seq Scan on movie_keyword mk  (cost=0.00..81003.12 rows=246 width=0) (actual time=7.198..1255.285 rows=48 loops=1)
  Filter: (keyword_id = 25844)
  Rows Removed by Filter: 4523882
Planning time: 0.369 ms
Execution time: 1255.470 ms
