Hash Join  (cost=195844.87..564000.09 rows=349929 width=0) (actual time=3657.236..13476.303 rows=4210392 loops=1)
  Hash Cond: (mi.movie_id = t.id)
  ->  Seq Scan on movie_info mi  (cost=0.00..309384.22 rows=14739122 width=4) (actual time=0.026..4739.769 rows=14835720 loops=1)
  ->  Hash  (cost=195094.49..195094.49 rows=60031 width=8) (actual time=3656.822..3656.822 rows=56864 loops=1)
        Buckets: 65536  Batches: 1  Memory Usage: 2734kB
        ->  Hash Join  (cost=102767.86..195094.49 rows=60031 width=8) (actual time=2087.121..3638.197 rows=56864 loops=1)
              Hash Cond: (mk.movie_id = t.id)
              ->  Seq Scan on movie_keyword mk  (cost=0.00..81003.12 rows=60031 width=4) (actual time=197.083..1299.528 rows=56864 loops=1)
                    Filter: (keyword_id > 96462)
                    Rows Removed by Filter: 4467066
              ->  Hash  (cost=61283.27..61283.27 rows=2528527 width=4) (actual time=1888.636..1888.636 rows=2528312 loops=1)
                    Buckets: 131072  Batches: 64  Memory Usage: 2425kB
                    ->  Seq Scan on title t  (cost=0.00..61283.27 rows=2528527 width=4) (actual time=0.025..1042.284 rows=2528312 loops=1)
Planning time: 1.076 ms
Execution time: 14004.797 ms
