Hash Join  (cost=101673.21..466872.76 rows=54361 width=0) (actual time=2288.259..9198.743 rows=37823 loops=1)
  Hash Cond: (mi.movie_id = t.id)
  ->  Seq Scan on movie_info mi  (cost=0.00..309384.22 rows=14739122 width=4) (actual time=0.016..4466.407 rows=14835720 loops=1)
  ->  Hash  (cost=101556.63..101556.63 rows=9326 width=8) (actual time=1723.057..1723.057 rows=5040 loops=1)
        Buckets: 16384  Batches: 1  Memory Usage: 325kB
        ->  Hash Join  (cost=74574.97..101556.63 rows=9326 width=8) (actual time=1200.356..1721.300 rows=5040 loops=1)
              Hash Cond: (mi_idx.movie_id = t.id)
              ->  Seq Scan on movie_info_idx mi_idx  (cost=0.00..25185.44 rows=454124 width=4) (actual time=0.015..392.159 rows=459925 loops=1)
                    Filter: (info_type_id = 100)
                    Rows Removed by Filter: 920110
              ->  Hash  (cost=73925.90..73925.90 rows=51925 width=4) (actual time=1199.745..1199.745 rows=56480 loops=1)
                    Buckets: 65536  Batches: 1  Memory Usage: 2498kB
                    ->  Seq Scan on title t  (cost=0.00..73925.90 rows=51925 width=4) (actual time=0.006..1177.405 rows=56480 loops=1)
                          Filter: ((kind_id = 7) AND (production_year = 2004))
                          Rows Removed by Filter: 2471832
Planning time: 0.722 ms
Execution time: 9204.508 ms
