Hash Join  (cost=264615.09..875985.14 rows=10603420 width=0) (actual time=6080.673..22037.370 rows=4439429 loops=1)
  Hash Cond: (mi.movie_id = t.id)
  ->  Seq Scan on movie_info mi  (cost=0.00..309384.22 rows=14739122 width=4) (actual time=0.017..6090.443 rows=14835720 loops=1)
  ->  Hash  (cost=234771.11..234771.11 rows=1819039 width=8) (actual time=6078.799..6078.799 rows=416730 loops=1)
        Buckets: 131072  Batches: 32  Memory Usage: 1520kB
        ->  Hash Join  (cost=90606.68..234771.11 rows=1819039 width=8) (actual time=1704.988..5930.798 rows=416730 loops=1)
              Hash Cond: (mk.movie_id = t.id)
              ->  Seq Scan on movie_keyword mk  (cost=0.00..69693.30 rows=4523930 width=4) (actual time=0.020..1483.167 rows=4523930 loops=1)
              ->  Hash  (cost=73925.90..73925.90 rows=1016702 width=4) (actual time=1703.675..1703.675 rows=960113 loops=1)
                    Buckets: 131072  Batches: 16  Memory Usage: 3141kB
                    ->  Seq Scan on title t  (cost=0.00..73925.90 rows=1016702 width=4) (actual time=0.025..1383.404 rows=960113 loops=1)
                          Filter: ((production_year < 2008) AND (kind_id = 7))
                          Rows Removed by Filter: 1568199
Planning time: 1.297 ms
Execution time: 22585.731 ms
