Hash Join  (cost=162124.85..548250.87 rows=304616 width=0) (actual time=3181.980..10951.863 rows=146883 loops=1)
  Hash Cond: (mi.movie_id = t.id)
  ->  Seq Scan on movie_info mi  (cost=0.00..309384.22 rows=14739122 width=4) (actual time=0.022..4529.383 rows=14835720 loops=1)
  ->  Hash  (cost=161471.62..161471.62 rows=52258 width=8) (actual time=3180.409..3180.409 rows=14597 loops=1)
        Buckets: 65536  Batches: 1  Memory Usage: 1083kB
        ->  Hash Join  (cost=74291.01..161471.62 rows=52258 width=8) (actual time=1182.396..3174.749 rows=14597 loops=1)
              Hash Cond: (mk.movie_id = t.id)
              ->  Seq Scan on movie_keyword mk  (cost=0.00..69693.30 rows=4523930 width=4) (actual time=0.029..1177.618 rows=4523930 loops=1)
              ->  Hash  (cost=73925.90..73925.90 rows=29208 width=4) (actual time=1179.163..1179.163 rows=3125 loops=1)
                    Buckets: 32768  Batches: 1  Memory Usage: 366kB
                    ->  Seq Scan on title t  (cost=0.00..73925.90 rows=29208 width=4) (actual time=215.721..1177.564 rows=3125 loops=1)
                          Filter: ((production_year < 1988) AND (kind_id = 4))
                          Rows Removed by Filter: 2525187
Planning time: 1.061 ms
Execution time: 10972.056 ms
