Seq Scan on movie_companies mc  (cost=0.00..57926.93 rows=213873 width=0) (actual time=0.025..936.562 rows=332751 loops=1)
  Filter: ((company_id < 319) AND (company_type_id < 2))
  Rows Removed by Filter: 2276378
Planning time: 0.272 ms
Execution time: 979.275 ms
