Seq Scan on cast_info ci  (cost=0.00..705507.15 rows=5820248 width=0) (actual time=0.024..13275.888 rows=5732694 loops=1)
  Filter: (role_id > 8)
  Rows Removed by Filter: 30511650
Planning time: 0.322 ms
Execution time: 14019.478 ms
