Seq Scan on movie_keyword mk  (cost=0.00..81003.12 rows=246 width=0) (actual time=123.692..1318.915 rows=15 loops=1)
  Filter: (keyword_id = 9395)
  Rows Removed by Filter: 4523915
Planning time: 0.296 ms
Execution time: 1319.020 ms
