Hash Join  (cost=70308.29..199051.27 rows=251269 width=0) (actual time=1222.274..4309.933 rows=88013 loops=1)
  Hash Cond: (mk.movie_id = t.id)
  ->  Seq Scan on movie_keyword mk  (cost=0.00..81003.12 rows=3855778 width=4) (actual time=0.014..1651.168 rows=3849942 loops=1)
        Filter: (keyword_id < 27822)
        Rows Removed by Filter: 673988
  ->  Hash  (cost=67604.59..67604.59 rows=164776 width=4) (actual time=1221.224..1221.224 rows=164307 loops=1)
        Buckets: 131072  Batches: 4  Memory Usage: 2488kB
        ->  Seq Scan on title t  (cost=0.00..67604.59 rows=164776 width=4) (actual time=0.027..1161.526 rows=164307 loops=1)
              Filter: (production_year = 2012)
              Rows Removed by Filter: 2364005
Planning time: 1.131 ms
Execution time: 4320.553 ms
