Hash Join  (cost=122965.76..488496.88 rows=87519 width=0) (actual time=2067.079..9998.786 rows=222405 loops=1)
  Hash Cond: (mi.movie_id = t.id)
  ->  Seq Scan on movie_info mi  (cost=0.00..309384.22 rows=14739122 width=4) (actual time=0.014..4559.406 rows=14835720 loops=1)
  ->  Hash  (cost=122778.08..122778.08 rows=15014 width=8) (actual time=2066.949..2066.949 rows=11987 loops=1)
        Buckets: 16384  Batches: 1  Memory Usage: 597kB
        ->  Hash Join  (cost=68191.41..122778.08 rows=15014 width=8) (actual time=1054.282..2062.539 rows=11987 loops=1)
              Hash Cond: (mc.movie_id = t.id)
              ->  Seq Scan on movie_companies mc  (cost=0.00..51404.11 rows=808645 width=4) (actual time=0.017..828.910 rows=815684 loops=1)
                    Filter: (company_id > 28614)
                    Rows Removed by Filter: 1793445
              ->  Hash  (cost=67604.59..67604.59 rows=46946 width=4) (actual time=1053.950..1053.950 rows=46583 loops=1)
                    Buckets: 65536  Batches: 1  Memory Usage: 2150kB
                    ->  Seq Scan on title t  (cost=0.00..67604.59 rows=46946 width=4) (actual time=0.023..1034.844 rows=46583 loops=1)
                          Filter: (production_year = 1998)
                          Rows Removed by Filter: 2481729
Planning time: 2.163 ms
Execution time: 10031.643 ms
