Hash Join  (cost=212668.94..1381637.97 rows=8749790 width=0) (actual time=5007.027..41499.366 rows=29140326 loops=1)
  Hash Cond: (ci.movie_id = t.id)
  ->  Seq Scan on cast_info ci  (cost=0.00..614943.12 rows=36225612 width=4) (actual time=0.014..13677.451 rows=36244344 loops=1)
  ->  Hash  (cost=202648.81..202648.81 rows=610730 width=8) (actual time=5005.945..5005.945 rows=890140 loops=1)
        Buckets: 131072 (originally 131072)  Batches: 16 (originally 8)  Memory Usage: 3258kB
        ->  Hash Join  (cost=73205.47..202648.81 rows=610730 width=8) (actual time=1280.710..4732.323 rows=890140 loops=1)
              Hash Cond: (mk.movie_id = t.id)
              ->  Seq Scan on movie_keyword mk  (cost=0.00..69693.30 rows=4523930 width=4) (actual time=0.019..1328.990 rows=4523930 loops=1)
              ->  Hash  (cost=67604.59..67604.59 rows=341351 width=4) (actual time=1279.952..1279.952 rows=337846 loops=1)
                    Buckets: 131072  Batches: 8  Memory Usage: 2507kB
                    ->  Seq Scan on title t  (cost=0.00..67604.59 rows=341351 width=4) (actual time=0.025..1164.141 rows=337846 loops=1)
                          Filter: (production_year < 1968)
                          Rows Removed by Filter: 2190466
Planning time: 1.121 ms
Execution time: 44695.482 ms
