Hash Join  (cost=83074.55..109986.02 rows=99 width=0) (actual time=1315.712..1810.543 rows=2568 loops=1)
  Hash Cond: (mi_idx.movie_id = t.id)
  ->  Seq Scan on movie_info_idx mi_idx  (cost=0.00..21735.35 rows=1380035 width=4) (actual time=0.015..271.635 rows=1380035 loops=1)
  ->  Hash  (cost=83072.29..83072.29 rows=181 width=8) (actual time=1315.663..1315.663 rows=1346 loops=1)
        Buckets: 2048 (originally 1024)  Batches: 1 (originally 1)  Memory Usage: 69kB
        ->  Nested Loop  (cost=0.43..83072.29 rows=181 width=8) (actual time=2.534..1314.731 rows=1346 loops=1)
              ->  Seq Scan on movie_keyword mk  (cost=0.00..81003.12 rows=246 width=4) (actual time=2.488..1158.382 rows=3641 loops=1)
                    Filter: (keyword_id = 2888)
                    Rows Removed by Filter: 4520289
              ->  Index Scan using title_pkey on title t  (cost=0.43..8.40 rows=1 width=4) (actual time=0.042..0.042 rows=0 loops=3641)
                    Index Cond: (id = mk.movie_id)
                    Filter: (kind_id > 1)
                    Rows Removed by Filter: 1
Planning time: 1.171 ms
Execution time: 1811.077 ms
