Hash Join  (cost=93117.31..990499.68 rows=3088666 width=0) (actual time=4491.905..23530.903 rows=5334947 loops=1)
  Hash Cond: (ci.movie_id = t.id)
  ->  Seq Scan on cast_info ci  (cost=0.00..796071.18 rows=5022305 width=4) (actual time=2637.776..13982.549 rows=10279000 loops=1)
        Filter: ((person_id > 2579246) AND (role_id > 2))
        Rows Removed by Filter: 25965344
  ->  Hash  (cost=67604.59..67604.59 rows=1555018 width=4) (actual time=1853.141..1853.141 rows=1551727 loops=1)
        Buckets: 131072  Batches: 32  Memory Usage: 2728kB
        ->  Seq Scan on title t  (cost=0.00..67604.59 rows=1555018 width=4) (actual time=0.026..1353.496 rows=1551727 loops=1)
              Filter: (production_year < 2007)
              Rows Removed by Filter: 976585
Planning time: 0.806 ms
Execution time: 24216.286 ms
