Hash Join  (cost=94009.45..1004688.15 rows=3595141 width=0) (actual time=9565.524..18213.638 rows=2159196 loops=1)
  Hash Cond: (ci.movie_id = t.id)
  ->  Seq Scan on cast_info ci  (cost=0.00..796071.18 rows=5648222 width=4) (actual time=7732.424..13692.779 rows=3348750 loops=1)
        Filter: ((person_id < 1645679) AND (role_id > 3))
        Rows Removed by Filter: 32895594
  ->  Hash  (cost=67604.59..67604.59 rows=1609429 width=4) (actual time=1832.095..1832.095 rows=1607077 loops=1)
        Buckets: 131072  Batches: 32  Memory Usage: 2791kB
        ->  Seq Scan on title t  (cost=0.00..67604.59 rows=1609429 width=4) (actual time=0.035..1329.191 rows=1607077 loops=1)
              Filter: (production_year > 1995)
              Rows Removed by Filter: 921235
Planning time: 0.777 ms
Execution time: 18465.216 ms
