Hash Join  (cost=134952.53..221621.98 rows=1141 width=0) (actual time=2542.861..3554.362 rows=741 loops=1)
  Hash Cond: (mk.movie_id = t.id)
  ->  Seq Scan on movie_keyword mk  (cost=0.00..69693.30 rows=4523930 width=4) (actual time=0.032..510.590 rows=4523930 loops=1)
  ->  Hash  (cost=134944.56..134944.56 rows=638 width=8) (actual time=2542.772..2542.772 rows=778 loops=1)
        Buckets: 1024  Batches: 1  Memory Usage: 39kB
        ->  Hash Join  (cost=73950.59..134944.56 rows=638 width=8) (actual time=1370.909..2542.310 rows=778 loops=1)
              Hash Cond: (mc.movie_id = t.id)
              ->  Seq Scan on movie_companies mc  (cost=0.00..57926.93 rows=816173 width=4) (actual time=0.010..1076.095 rows=1121673 loops=1)
                    Filter: ((company_id < 18431) AND (company_type_id < 2))
                    Rows Removed by Filter: 1487456
              ->  Hash  (cost=73925.90..73925.90 rows=1975 width=4) (actual time=1300.340..1300.340 rows=1036 loops=1)
                    Buckets: 2048  Batches: 1  Memory Usage: 53kB
                    ->  Seq Scan on title t  (cost=0.00..73925.90 rows=1975 width=4) (actual time=587.500..1299.708 rows=1036 loops=1)
                          Filter: ((kind_id < 7) AND (production_year < 1897))
                          Rows Removed by Filter: 2527276
Planning time: 0.758 ms
Execution time: 3554.526 ms
