Hash Join  (cost=269664.37..884721.34 rows=10948914 width=0) (actual time=5965.366..43316.705 rows=103454647 loops=1)
  Hash Cond: (mi.movie_id = t.id)
  ->  Seq Scan on movie_info mi  (cost=0.00..309384.22 rows=14739122 width=4) (actual time=0.006..6340.535 rows=14835720 loops=1)
  ->  Hash  (cost=238847.50..238847.50 rows=1878309 width=8) (actual time=5963.027..5963.027 rows=1886911 loops=1)
        Buckets: 131072  Batches: 32  Memory Usage: 3394kB
        ->  Hash Join  (cost=102767.86..238847.50 rows=1878309 width=8) (actual time=1955.650..5403.914 rows=1886911 loops=1)
              Hash Cond: (mk.movie_id = t.id)
              ->  Seq Scan on movie_keyword mk  (cost=0.00..81003.12 rows=1878309 width=4) (actual time=0.016..1621.867 rows=1886911 loops=1)
                    Filter: (keyword_id > 7263)
                    Rows Removed by Filter: 2637019
              ->  Hash  (cost=61283.27..61283.27 rows=2528527 width=4) (actual time=1952.904..1952.904 rows=2528312 loops=1)
                    Buckets: 131072  Batches: 64  Memory Usage: 2425kB
                    ->  Seq Scan on title t  (cost=0.00..61283.27 rows=2528527 width=4) (actual time=0.046..1102.009 rows=2528312 loops=1)
Planning time: 0.989 ms
Execution time: 54458.120 ms
