Hash Join  (cost=219874.45..836680.33 rows=8754703 width=0) (actual time=5637.375..30569.644 rows=43386674 loops=1)
  Hash Cond: (mi.movie_id = t.id)
  ->  Seq Scan on movie_info mi  (cost=0.00..346232.03 rows=13795764 width=4) (actual time=0.024..7704.521 rows=13838458 loops=1)
        Filter: (info_type_id < 90)
        Rows Removed by Filter: 997262
  ->  Hash  (cost=193549.12..193549.12 rows=1604587 width=8) (actual time=5636.323..5636.323 rows=1853708 loops=1)
        Buckets: 131072  Batches: 32  Memory Usage: 3333kB
        ->  Hash Join  (cost=93117.31..193549.12 rows=1604587 width=8) (actual time=1790.634..4831.019 rows=1853708 loops=1)
              Hash Cond: (mc.movie_id = t.id)
              ->  Seq Scan on movie_companies mc  (cost=0.00..44881.29 rows=2609129 width=4) (actual time=0.017..865.053 rows=2609129 loops=1)
              ->  Hash  (cost=67604.59..67604.59 rows=1555018 width=4) (actual time=1789.762..1789.762 rows=1551727 loops=1)
                    Buckets: 131072  Batches: 32  Memory Usage: 2728kB
                    ->  Seq Scan on title t  (cost=0.00..67604.59 rows=1555018 width=4) (actual time=0.012..1282.434 rows=1551727 loops=1)
                          Filter: (production_year < 2007)
                          Rows Removed by Filter: 976585
Planning time: 1.219 ms
Execution time: 35327.301 ms
