Hash Join  (cost=850193.09..1627600.64 rows=5444189 width=0) (actual time=31211.895..52441.969 rows=28589495 loops=1)
  Hash Cond: (mi.movie_id = t.id)
  ->  Seq Scan on movie_info mi  (cost=0.00..309384.22 rows=14739122 width=4) (actual time=0.019..6271.745 rows=14835720 loops=1)
  ->  Hash  (cost=834869.57..834869.57 rows=933962 width=8) (actual time=31202.487..31202.487 rows=1512899 loops=1)
        Buckets: 131072 (originally 131072)  Batches: 32 (originally 16)  Memory Usage: 3073kB
        ->  Hash Join  (cost=74740.78..834869.57 rows=933962 width=8) (actual time=1331.569..28884.441 rows=1512899 loops=1)
              Hash Cond: (ci.movie_id = t.id)
              ->  Seq Scan on cast_info ci  (cost=0.00..614943.12 rows=36225612 width=4) (actual time=0.022..9630.956 rows=36244344 loops=1)
              ->  Hash  (cost=73925.90..73925.90 rows=65190 width=4) (actual time=1329.385..1329.385 rows=164932 loops=1)
                    Buckets: 131072 (originally 65536)  Batches: 2 (originally 1)  Memory Usage: 3925kB
                    ->  Seq Scan on title t  (cost=0.00..73925.90 rows=65190 width=4) (actual time=0.057..1272.202 rows=164932 loops=1)
                          Filter: ((kind_id < 7) AND (production_year < 1951))
                          Rows Removed by Filter: 2363380
Planning time: 1.084 ms
Execution time: 55729.684 ms
