Seq Scan on movie_keyword mk  (cost=0.00..81003.12 rows=4215082 width=0) (actual time=0.029..1536.131 rows=4219451 loops=1)
  Filter: (keyword_id < 53162)
  Rows Removed by Filter: 304479
Planning time: 0.347 ms
Execution time: 2121.737 ms
