Hash Join  (cost=80562.70..883087.49 rows=71599 width=0) (actual time=4572.086..15569.831 rows=28021 loops=1)
  Hash Cond: (ci.movie_id = t.id)
  ->  Seq Scan on cast_info ci  (cost=0.00..796071.18 rows=229233 width=4) (actual time=3036.892..13883.308 rows=80225 loops=1)
        Filter: ((person_id < 2419610) AND (role_id > 10))
        Rows Removed by Filter: 36164119
  ->  Hash  (cost=67604.59..67604.59 rows=789769 width=4) (actual time=1534.012..1534.012 rows=784926 loops=1)
        Buckets: 131072  Batches: 16  Memory Usage: 2749kB
        ->  Seq Scan on title t  (cost=0.00..67604.59 rows=789769 width=4) (actual time=0.043..1279.875 rows=784926 loops=1)
              Filter: (production_year > 2007)
              Rows Removed by Filter: 1743386
Planning time: 0.755 ms
Execution time: 15573.040 ms
