Hash Join  (cost=153194.81..1283172.37 rows=9362139 width=0) (actual time=3253.410..39441.366 rows=13581225 loops=1)
  Hash Cond: (ci.movie_id = t.id)
  ->  Seq Scan on cast_info ci  (cost=0.00..614943.12 rows=36225612 width=4) (actual time=0.013..13349.817 rows=36244344 loops=1)
  ->  Hash  (cost=142473.41..142473.41 rows=653472 width=8) (actual time=3251.726..3251.726 rows=356616 loops=1)
        Buckets: 131072  Batches: 16  Memory Usage: 1904kB
        ->  Hash Join  (cost=93569.21..142473.41 rows=653472 width=8) (actual time=1973.546..3139.137 rows=356616 loops=1)
              Hash Cond: (mi_idx.movie_id = t.id)
              ->  Seq Scan on movie_info_idx mi_idx  (cost=0.00..21735.35 rows=1380035 width=4) (actual time=0.020..386.722 rows=1380035 loops=1)
              ->  Hash  (cost=73925.90..73925.90 rows=1197304 width=4) (actual time=1801.939..1801.939 rows=1285057 loops=1)
                    Buckets: 131072  Batches: 16  Memory Usage: 3858kB
                    ->  Seq Scan on title t  (cost=0.00..73925.90 rows=1197304 width=4) (actual time=0.010..1367.681 rows=1285057 loops=1)
                          Filter: ((production_year > 1978) AND (kind_id = 7))
                          Rows Removed by Filter: 1243255
Planning time: 0.694 ms
Execution time: 41002.396 ms
