Nested Loop  (cost=0.43..58375.18 rows=53 width=0) (actual time=381.290..676.348 rows=87 loops=1)
  ->  Seq Scan on movie_companies mc  (cost=0.00..57926.93 rows=53 width=4) (actual time=381.209..675.418 rows=87 loops=1)
        Filter: ((company_id = 80355) AND (company_type_id = 2))
        Rows Removed by Filter: 2609042
  ->  Index Only Scan using title_pkey on title t  (cost=0.43..8.45 rows=1 width=4) (actual time=0.010..0.010 rows=1 loops=87)
        Index Cond: (id = mc.movie_id)
        Heap Fetches: 87
Planning time: 0.700 ms
Execution time: 676.421 ms
