Nested Loop  (cost=0.43..83071.67 rows=246 width=0) (actual time=1.075..1315.633 rows=886 loops=1)
  ->  Seq Scan on movie_keyword mk  (cost=0.00..81003.12 rows=246 width=4) (actual time=1.025..1283.893 rows=886 loops=1)
        Filter: (keyword_id = 1265)
        Rows Removed by Filter: 4523044
  ->  Index Only Scan using title_pkey on title t  (cost=0.43..8.40 rows=1 width=4) (actual time=0.034..0.034 rows=1 loops=886)
        Index Cond: (id = mk.movie_id)
        Heap Fetches: 886
Planning time: 0.722 ms
Execution time: 1316.042 ms
