Hash Join  (cost=102767.86..258993.81 rows=2715620 width=0) (actual time=1951.826..6140.990 rows=2714433 loops=1)
  Hash Cond: (mk.movie_id = t.id)
  ->  Seq Scan on movie_keyword mk  (cost=0.00..81003.12 rows=2715620 width=4) (actual time=0.024..1636.146 rows=2714433 loops=1)
        Filter: (keyword_id < 7674)
        Rows Removed by Filter: 1809497
  ->  Hash  (cost=61283.27..61283.27 rows=2528527 width=4) (actual time=1950.566..1950.566 rows=2528312 loops=1)
        Buckets: 131072  Batches: 64  Memory Usage: 2425kB
        ->  Seq Scan on title t  (cost=0.00..61283.27 rows=2528527 width=4) (actual time=0.014..1064.517 rows=2528312 loops=1)
Planning time: 0.697 ms
Execution time: 6421.517 ms
