Seq Scan on movie_keyword mk  (cost=0.00..81003.12 rows=78646 width=0) (actual time=0.029..807.687 rows=77540 loops=1)
  Filter: (keyword_id > 88573)
  Rows Removed by Filter: 4446390
Planning time: 0.312 ms
Execution time: 816.314 ms
