Seq Scan on title t  (cost=0.00..73925.90 rows=1257396 width=0) (actual time=145.086..1353.923 rows=1340616 loops=1)
  Filter: ((production_year > 1971) AND (kind_id = 7))
  Rows Removed by Filter: 1187696
Planning time: 0.384 ms
Execution time: 1511.785 ms
