Hash Join  (cost=73962.22..825167.57 rows=41619 width=0) (actual time=1039.026..17302.411 rows=106475 loops=1)
  Hash Cond: (ci.movie_id = t.id)
  ->  Seq Scan on cast_info ci  (cost=0.00..614943.12 rows=36225612 width=4) (actual time=0.020..8198.682 rows=36244344 loops=1)
  ->  Hash  (cost=73925.90..73925.90 rows=2905 width=4) (actual time=1038.948..1038.948 rows=6548 loops=1)
        Buckets: 8192 (originally 4096)  Batches: 1 (originally 1)  Memory Usage: 295kB
        ->  Seq Scan on title t  (cost=0.00..73925.90 rows=2905 width=4) (actual time=2.083..1035.686 rows=6548 loops=1)
              Filter: ((kind_id < 7) AND (production_year = 1979))
              Rows Removed by Filter: 2521764
Planning time: 1.936 ms
Execution time: 17322.773 ms
