Hash Join  (cost=117529.48..1016681.24 rows=595272 width=0) (actual time=7284.304..25544.534 rows=2250431 loops=1)
  Hash Cond: (ci.movie_id = t.id)
  ->  Seq Scan on cast_info ci  (cost=0.00..705507.15 rows=16201301 width=4) (actual time=4744.181..15214.422 rows=16121683 loops=1)
        Filter: (role_id > 2)
        Rows Removed by Filter: 20122661
  ->  Hash  (cost=116005.18..116005.18 rows=92904 width=8) (actual time=2538.922..2538.922 rows=263208 loops=1)
        Buckets: 131072 (originally 131072)  Batches: 4 (originally 2)  Memory Usage: 3604kB
        ->  Hash Join  (cost=76718.65..116005.18 rows=92904 width=8) (actual time=1440.103..2456.839 rows=263208 loops=1)
              Hash Cond: (mi_idx.movie_id = t.id)
              ->  Seq Scan on movie_info_idx mi_idx  (cost=0.00..21735.35 rows=1380035 width=4) (actual time=0.033..464.619 rows=1380035 loops=1)
              ->  Hash  (cost=73925.90..73925.90 rows=170220 width=4) (actual time=1331.245..1331.245 rows=305766 loops=1)
                    Buckets: 131072  Batches: 4  Memory Usage: 3713kB
                    ->  Seq Scan on title t  (cost=0.00..73925.90 rows=170220 width=4) (actual time=0.082..1226.186 rows=305766 loops=1)
                          Filter: ((production_year < 1988) AND (kind_id = 1))
                          Rows Removed by Filter: 2222546
Planning time: 1.059 ms
Execution time: 25833.583 ms
