Seq Scan on movie_companies mc  (cost=0.00..51404.11 rows=1610421 width=0) (actual time=0.017..963.314 rows=1602476 loops=1)
  Filter: (company_id < 16439)
  Rows Removed by Filter: 1006653
Planning time: 0.353 ms
Execution time: 1162.533 ms
