Hash Join  (cost=660094.64..1695566.93 rows=16856350 width=0) (actual time=23819.265..40298.820 rows=22294851 loops=1)
  Hash Cond: (ci.movie_id = t.id)
  ->  Seq Scan on cast_info ci  (cost=0.00..705507.15 rows=8572187 width=4) (actual time=9474.854..14321.643 rows=8486314 loops=1)
        Filter: (role_id > 5)
        Rows Removed by Filter: 27758030
  ->  Hash  (cost=578520.44..578520.44 rows=4972096 width=8) (actual time=14341.186..14341.186 rows=4923966 loops=1)
        Buckets: 131072  Batches: 128  Memory Usage: 2524kB
        ->  Hash Join  (cost=102767.86..578520.44 rows=4972096 width=8) (actual time=2347.091..12932.768 rows=4923966 loops=1)
              Hash Cond: (mi.movie_id = t.id)
              ->  Seq Scan on movie_info mi  (cost=0.00..346232.03 rows=4972096 width=4) (actual time=10.573..5976.436 rows=4923966 loops=1)
                    Filter: (info_type_id < 5)
                    Rows Removed by Filter: 9911754
              ->  Hash  (cost=61283.27..61283.27 rows=2528527 width=4) (actual time=2335.325..2335.325 rows=2528312 loops=1)
                    Buckets: 131072  Batches: 64  Memory Usage: 2425kB
                    ->  Seq Scan on title t  (cost=0.00..61283.27 rows=2528527 width=4) (actual time=0.012..1168.873 rows=2528312 loops=1)
Planning time: 0.872 ms
Execution time: 42769.279 ms
