Hash Join  (cost=140258.61..227005.37 rows=8872 width=0) (actual time=1876.444..3002.819 rows=7398 loops=1)
  Hash Cond: (mk.movie_id = t.id)
  ->  Seq Scan on movie_keyword mk  (cost=0.00..69693.30 rows=4523930 width=4) (actual time=0.017..1070.724 rows=4523930 loops=1)
  ->  Hash  (cost=140196.62..140196.62 rows=4959 width=8) (actual time=1110.158..1110.158 rows=3882 loops=1)
        Buckets: 8192  Batches: 1  Memory Usage: 216kB
        ->  Nested Loop  (cost=0.43..140196.62 rows=4959 width=8) (actual time=686.925..1108.170 rows=3882 loops=1)
              ->  Seq Scan on movie_companies mc  (cost=0.00..57926.93 rows=13435 width=4) (actual time=0.037..837.356 rows=12833 loops=1)
                    Filter: ((company_id = 27) AND (company_type_id = 1))
                    Rows Removed by Filter: 2596296
              ->  Index Scan using title_pkey on title t  (cost=0.43..6.11 rows=1 width=4) (actual time=0.020..0.021 rows=0 loops=12833)
                    Index Cond: (id = mc.movie_id)
                    Filter: ((production_year > 1997) AND (kind_id = 7))
                    Rows Removed by Filter: 1
Planning time: 1.156 ms
Execution time: 3003.984 ms
