Hash Join  (cost=127973.36..196323.30 rows=90178 width=0) (actual time=3632.111..4154.036 rows=82837 loops=1)
  Hash Cond: (mc.movie_id = t.id)
  ->  Seq Scan on movie_companies mc  (cost=0.00..51404.11 rows=1329612 width=4) (actual time=0.026..942.785 rows=1334883 loops=1)
        Filter: (company_type_id > 1)
        Rows Removed by Filter: 1274246
  ->  Hash  (cost=125159.73..125159.73 rows=171491 width=8) (actual time=2665.696..2665.696 rows=86047 loops=1)
        Buckets: 131072  Batches: 4  Memory Usage: 1857kB
        ->  Hash Join  (cost=89240.26..125159.73 rows=171491 width=8) (actual time=1761.897..2638.046 rows=86047 loops=1)
              Hash Cond: (mi_idx.movie_id = t.id)
              ->  Seq Scan on movie_info_idx mi_idx  (cost=0.00..25185.44 rows=464566 width=4) (actual time=0.025..512.284 rows=459925 loops=1)
                    Filter: (info_type_id = 101)
                    Rows Removed by Filter: 920110
              ->  Hash  (cost=73925.90..73925.90 rows=933388 width=4) (actual time=1705.244..1705.244 rows=1024206 loops=1)
                    Buckets: 131072  Batches: 16  Memory Usage: 3285kB
                    ->  Seq Scan on title t  (cost=0.00..73925.90 rows=933388 width=4) (actual time=0.022..1380.052 rows=1024206 loops=1)
                          Filter: ((production_year > 1997) AND (kind_id = 7))
                          Rows Removed by Filter: 1504106
Planning time: 1.309 ms
Execution time: 4164.930 ms
