Hash Join  (cost=796925.84..887597.42 rows=16 width=0) (actual time=10808.691..12503.466 rows=66 loops=1)
  Hash Cond: (mk.movie_id = t.id)
  ->  Seq Scan on movie_keyword mk  (cost=0.00..81003.12 rows=2578213 width=4) (actual time=0.021..1465.894 rows=2565562 loops=1)
        Filter: (keyword_id > 3407)
        Rows Removed by Filter: 1958368
  ->  Hash  (cost=796925.64..796925.64 rows=16 width=8) (actual time=10686.145..10686.145 rows=39 loops=1)
        Buckets: 1024  Batches: 1  Memory Usage: 10kB
        ->  Nested Loop  (cost=0.43..796925.64 rows=16 width=8) (actual time=8716.209..10686.071 rows=39 loops=1)
              ->  Seq Scan on cast_info ci  (cost=0.00..796071.18 rows=101 width=4) (actual time=8716.058..10663.757 rows=200 loops=1)
                    Filter: ((person_id = 2327501) AND (role_id = 2))
                    Rows Removed by Filter: 36244144
              ->  Index Scan using title_pkey on title t  (cost=0.43..8.45 rows=1 width=4) (actual time=0.111..0.111 rows=0 loops=200)
                    Index Cond: (id = ci.movie_id)
                    Filter: (production_year > 2010)
                    Rows Removed by Filter: 1
Planning time: 1.189 ms
Execution time: 12503.629 ms
