Seq Scan on movie_companies mc  (cost=0.00..57926.93 rows=312863 width=0) (actual time=310.761..585.200 rows=454313 loops=1)
  Filter: ((company_id < 843) AND (company_type_id = 1))
  Rows Removed by Filter: 2154816
Planning time: 0.384 ms
Execution time: 635.705 ms
