Hash Join  (cost=58375.85..85286.62 rows=29 width=0) (actual time=1036.630..1522.731 rows=822 loops=1)
  Hash Cond: (mi_idx.movie_id = t.id)
  ->  Seq Scan on movie_info_idx mi_idx  (cost=0.00..21735.35 rows=1380035 width=4) (actual time=0.020..290.673 rows=1380035 loops=1)
  ->  Hash  (cost=58375.18..58375.18 rows=53 width=8) (actual time=980.223..980.223 rows=279 loops=1)
        Buckets: 1024  Batches: 1  Memory Usage: 19kB
        ->  Nested Loop  (cost=0.43..58375.18 rows=53 width=8) (actual time=190.604..980.106 rows=279 loops=1)
              ->  Seq Scan on movie_companies mc  (cost=0.00..57926.93 rows=53 width=4) (actual time=190.513..972.359 rows=279 loops=1)
                    Filter: ((company_type_id > 1) AND (company_id = 72160))
                    Rows Removed by Filter: 2608850
              ->  Index Only Scan using title_pkey on title t  (cost=0.43..8.45 rows=1 width=4) (actual time=0.027..0.027 rows=1 loops=279)
                    Index Cond: (id = mc.movie_id)
                    Heap Fetches: 279
Planning time: 1.172 ms
Execution time: 1522.970 ms
