Hash Join  (cost=195799.80..556464.56 rows=84290 width=0) (actual time=3888.820..10774.258 rows=149182 loops=1)
  Hash Cond: (mi.movie_id = t.id)
  ->  Seq Scan on movie_info mi  (cost=0.00..346232.03 rows=3623957 width=4) (actual time=0.019..5824.853 rows=3624977 loops=1)
        Filter: (info_type_id < 4)
        Rows Removed by Filter: 11210743
  ->  Hash  (cost=195064.66..195064.66 rows=58811 width=8) (actual time=3887.108..3887.108 rows=58448 loops=1)
        Buckets: 65536  Batches: 1  Memory Usage: 2796kB
        ->  Hash Join  (cost=102767.86..195064.66 rows=58811 width=8) (actual time=2234.851..3864.817 rows=58448 loops=1)
              Hash Cond: (mk.movie_id = t.id)
              ->  Seq Scan on movie_keyword mk  (cost=0.00..81003.12 rows=58811 width=4) (actual time=11.743..1211.618 rows=58448 loops=1)
                    Filter: (keyword_id = 16264)
                    Rows Removed by Filter: 4465482
              ->  Hash  (cost=61283.27..61283.27 rows=2528527 width=4) (actual time=2200.442..2200.442 rows=2528312 loops=1)
                    Buckets: 131072  Batches: 64  Memory Usage: 2425kB
                    ->  Seq Scan on title t  (cost=0.00..61283.27 rows=2528527 width=4) (actual time=0.019..1006.202 rows=2528312 loops=1)
Planning time: 1.221 ms
Execution time: 10794.718 ms
