Nested Loop  (cost=0.43..58375.18 rows=53 width=0) (actual time=200.769..855.660 rows=3 loops=1)
  ->  Seq Scan on movie_companies mc  (cost=0.00..57926.93 rows=53 width=4) (actual time=200.675..855.438 rows=3 loops=1)
        Filter: ((company_type_id > 1) AND (company_id = 117574))
        Rows Removed by Filter: 2609126
  ->  Index Only Scan using title_pkey on title t  (cost=0.43..8.45 rows=1 width=4) (actual time=0.063..0.064 rows=1 loops=3)
        Index Cond: (id = mc.movie_id)
        Heap Fetches: 3
Planning time: 0.637 ms
Execution time: 855.736 ms
