Hash Join  (cost=346938.83..1853581.61 rows=38885583 width=0) (actual time=7909.951..68392.638 rows=130748371 loops=1)
  Hash Cond: (ci.movie_id = t.id)
  ->  Seq Scan on cast_info ci  (cost=0.00..705507.15 rows=25957973 width=4) (actual time=0.020..15346.407 rows=25961779 loops=1)
        Filter: (person_id < 2683584)
        Rows Removed by Filter: 10282565
  ->  Hash  (cost=284794.51..284794.51 rows=3787786 width=8) (actual time=7908.680..7908.680 rows=3784639 loops=1)
        Buckets: 131072  Batches: 64  Memory Usage: 3358kB
        ->  Hash Join  (cost=102767.86..284794.51 rows=3787786 width=8) (actual time=1953.126..6878.820 rows=3784639 loops=1)
              Hash Cond: (mk.movie_id = t.id)
              ->  Seq Scan on movie_keyword mk  (cost=0.00..81003.12 rows=3787786 width=4) (actual time=0.023..1779.887 rows=3784639 loops=1)
                    Filter: (keyword_id > 663)
                    Rows Removed by Filter: 739291
              ->  Hash  (cost=61283.27..61283.27 rows=2528527 width=4) (actual time=1950.310..1950.310 rows=2528312 loops=1)
                    Buckets: 131072  Batches: 64  Memory Usage: 2425kB
                    ->  Seq Scan on title t  (cost=0.00..61283.27 rows=2528527 width=4) (actual time=0.020..1105.126 rows=2528312 loops=1)
Planning time: 1.265 ms
Execution time: 82790.136 ms
