Hash Join  (cost=82132.46..593049.94 rows=2915756 width=0) (actual time=1187.743..16417.828 rows=6790140 loops=1)
  Hash Cond: (mi.movie_id = t.id)
  ->  Seq Scan on movie_info mi  (cost=0.00..309384.22 rows=14739122 width=4) (actual time=0.015..6071.586 rows=14835720 loops=1)
  ->  Hash  (cost=73925.90..73925.90 rows=500204 width=4) (actual time=1186.964..1186.964 rows=538804 loops=1)
        Buckets: 131072  Batches: 8  Memory Usage: 3413kB
        ->  Seq Scan on title t  (cost=0.00..73925.90 rows=500204 width=4) (actual time=0.025..1033.427 rows=538804 loops=1)
              Filter: ((kind_id < 3) AND (production_year < 2008))
              Rows Removed by Filter: 1989508
Planning time: 0.765 ms
Execution time: 17125.873 ms
