Seq Scan on movie_keyword mk  (cost=0.00..81003.12 rows=2127000 width=0) (actual time=0.026..1430.434 rows=2126394 loops=1)
  Filter: (keyword_id > 5577)
  Rows Removed by Filter: 2397536
Planning time: 0.323 ms
Execution time: 1696.190 ms
