Hash Join  (cost=214853.52..263726.00 rows=651600 width=0) (actual time=5158.582..6857.252 rows=2288257 loops=1)
  Hash Cond: (mi_idx.movie_id = t.id)
  ->  Seq Scan on movie_info_idx mi_idx  (cost=0.00..21735.35 rows=1380035 width=4) (actual time=0.009..418.585 rows=1380035 loops=1)
  ->  Hash  (cost=195266.08..195266.08 rows=1193875 width=8) (actual time=5157.672..5157.672 rows=1175691 loops=1)
        Buckets: 131072  Batches: 16  Memory Usage: 3876kB
        ->  Hash Join  (cost=106311.64..195266.08 rows=1193875 width=8) (actual time=2727.204..4815.598 rows=1175691 loops=1)
              Hash Cond: (mc.movie_id = t.id)
              ->  Seq Scan on movie_companies mc  (cost=0.00..51404.11 rows=1279517 width=4) (actual time=273.578..966.350 rows=1274246 loops=1)
                    Filter: (company_type_id = 1)
                    Rows Removed by Filter: 1334883
              ->  Hash  (cost=67604.59..67604.59 rows=2359284 width=4) (actual time=2452.802..2452.802 rows=2355024 loops=1)
                    Buckets: 131072  Batches: 32  Memory Usage: 3614kB
                    ->  Seq Scan on title t  (cost=0.00..67604.59 rows=2359284 width=4) (actual time=0.030..1402.157 rows=2355024 loops=1)
                          Filter: (production_year > 1924)
                          Rows Removed by Filter: 173288
Planning time: 8.686 ms
Execution time: 7103.437 ms
