Seq Scan on movie_companies mc  (cost=0.00..57926.93 rows=32672 width=0) (actual time=314.732..896.627 rows=63087 loops=1)
  Filter: ((company_id > 181567) AND (company_type_id = 2))
  Rows Removed by Filter: 2546042
Planning time: 0.489 ms
Execution time: 904.447 ms
