Hash Join  (cost=67697.55..124583.81 rows=4266 width=0) (actual time=1047.037..2305.931 rows=10474 loops=1)
  Hash Cond: (mc.movie_id = t.id)
  ->  Seq Scan on movie_companies mc  (cost=0.00..51404.11 rows=1450529 width=4) (actual time=0.017..951.484 rows=1454918 loops=1)
        Filter: (company_id > 9172)
        Rows Removed by Filter: 1154211
  ->  Hash  (cost=67604.59..67604.59 rows=7437 width=4) (actual time=1046.803..1046.803 rows=18391 loops=1)
        Buckets: 32768 (originally 8192)  Batches: 1 (originally 1)  Memory Usage: 903kB
        ->  Seq Scan on title t  (cost=0.00..67604.59 rows=7437 width=4) (actual time=0.030..1037.821 rows=18391 loops=1)
              Filter: (production_year = 1985)
              Rows Removed by Filter: 2509921
Planning time: 0.593 ms
Execution time: 2307.964 ms
