Hash Join  (cost=77014.96..203120.97 rows=336798 width=0) (actual time=1251.930..4713.351 rows=1406960 loops=1)
  Hash Cond: (mk.movie_id = t.id)
  ->  Seq Scan on movie_keyword mk  (cost=0.00..69693.30 rows=4523930 width=4) (actual time=0.005..1440.337 rows=4523930 loops=1)
  ->  Hash  (cost=73925.90..73925.90 rows=188244 width=4) (actual time=1251.113..1251.113 rows=321026 loops=1)
        Buckets: 131072  Batches: 4  Memory Usage: 3853kB
        ->  Seq Scan on title t  (cost=0.00..73925.90 rows=188244 width=4) (actual time=519.224..1146.711 rows=321026 loops=1)
              Filter: ((production_year < 1991) AND (kind_id = 1))
              Rows Removed by Filter: 2207286
Planning time: 0.748 ms
Execution time: 4872.587 ms
