Hash Join  (cost=86713.18..614995.33 rows=4543122 width=0) (actual time=1369.548..18405.373 rows=7558229 loops=1)
  Hash Cond: (mi.movie_id = t.id)
  ->  Seq Scan on movie_info mi  (cost=0.00..309384.22 rows=14739122 width=4) (actual time=0.015..5986.667 rows=14835720 loops=1)
  ->  Hash  (cost=73925.90..73925.90 rows=779382 width=4) (actual time=1367.941..1367.941 rows=689555 loops=1)
        Buckets: 131072  Batches: 16  Memory Usage: 2549kB
        ->  Seq Scan on title t  (cost=0.00..73925.90 rows=779382 width=4) (actual time=0.028..1130.421 rows=689555 loops=1)
              Filter: ((kind_id < 7) AND (production_year > 1976))
              Rows Removed by Filter: 1838757
Planning time: 0.698 ms
Execution time: 19349.490 ms
