Nested Loop  (cost=0.43..709673.15 rows=179 width=0) (actual time=1810.496..9896.195 rows=31 loops=1)
  ->  Seq Scan on cast_info ci  (cost=0.00..705507.15 rows=500 width=4) (actual time=1807.763..9892.437 rows=156 loops=1)
        Filter: (person_id = 3121557)
        Rows Removed by Filter: 36244188
  ->  Index Scan using title_pkey on title t  (cost=0.43..8.32 rows=1 width=4) (actual time=0.023..0.023 rows=0 loops=156)
        Index Cond: (id = ci.movie_id)
        Filter: (production_year > 2006)
        Rows Removed by Filter: 1
Planning time: 0.827 ms
Execution time: 9896.305 ms
