Seq Scan on cast_info ci  (cost=0.00..705507.15 rows=32353010 width=0) (actual time=0.025..13269.105 rows=32494822 loops=1)
  Filter: (person_id > 359556)
  Rows Removed by Filter: 3749522
Planning time: 0.326 ms
Execution time: 17226.434 ms
