Hash Join  (cost=76440.79..1189508.47 rows=7716052 width=0) (actual time=1798.743..34936.997 rows=6387769 loops=1)
  Hash Cond: (ci.movie_id = t.id)
  ->  Seq Scan on cast_info ci  (cost=0.00..614943.12 rows=36225612 width=4) (actual time=0.022..13297.488 rows=36244344 loops=1)
  ->  Hash  (cost=67604.59..67604.59 rows=538576 width=4) (actual time=1797.888..1797.888 rows=538190 loops=1)
        Buckets: 131072  Batches: 8  Memory Usage: 3380kB
        ->  Seq Scan on title t  (cost=0.00..67604.59 rows=538576 width=4) (actual time=0.013..1149.852 rows=538190 loops=1)
              Filter: (production_year < 1982)
              Rows Removed by Filter: 1990122
Planning time: 0.719 ms
Execution time: 35666.082 ms
