Hash Join  (cost=74710.74..137100.82 rows=27718 width=0) (actual time=1115.899..2379.355 rows=32947 loops=1)
  Hash Cond: (mc.movie_id = t.id)
  ->  Seq Scan on movie_companies mc  (cost=0.00..57926.93 rows=1116256 width=4) (actual time=0.021..1027.132 rows=1014345 loops=1)
        Filter: ((company_id > 160) AND (company_type_id = 1))
        Rows Removed by Filter: 1594784
  ->  Hash  (cost=73925.90..73925.90 rows=62787 width=4) (actual time=1115.494..1115.494 rows=53770 loops=1)
        Buckets: 65536  Batches: 1  Memory Usage: 2403kB
        ->  Seq Scan on title t  (cost=0.00..73925.90 rows=62787 width=4) (actual time=0.089..1094.761 rows=53770 loops=1)
              Filter: ((kind_id < 7) AND (production_year = 2011))
              Rows Removed by Filter: 2474542
Planning time: 1.134 ms
Execution time: 2384.395 ms
