Hash Join  (cost=195168.11..562243.12 rows=241909 width=0) (actual time=3726.642..12112.313 rows=971205 loops=1)
  Hash Cond: (mi.movie_id = t.id)
  ->  Seq Scan on movie_info mi  (cost=0.00..309384.22 rows=14739122 width=4) (actual time=0.026..4268.422 rows=14835720 loops=1)
  ->  Hash  (cost=194649.36..194649.36 rows=41500 width=8) (actual time=3726.184..3726.184 rows=36407 loops=1)
        Buckets: 65536  Batches: 1  Memory Usage: 1935kB
        ->  Hash Join  (cost=102767.86..194649.36 rows=41500 width=8) (actual time=1949.303..3712.053 rows=36407 loops=1)
              Hash Cond: (mk.movie_id = t.id)
              ->  Seq Scan on movie_keyword mk  (cost=0.00..81003.12 rows=41500 width=4) (actual time=0.099..1293.813 rows=36407 loops=1)
                    Filter: (keyword_id < 43)
                    Rows Removed by Filter: 4487523
              ->  Hash  (cost=61283.27..61283.27 rows=2528527 width=4) (actual time=1945.314..1945.314 rows=2528312 loops=1)
                    Buckets: 131072  Batches: 64  Memory Usage: 2425kB
                    ->  Seq Scan on title t  (cost=0.00..61283.27 rows=2528527 width=4) (actual time=0.020..1079.630 rows=2528312 loops=1)
Planning time: 1.105 ms
Execution time: 12245.540 ms
