Hash Join  (cost=313653.18..1561302.64 rows=24830240 width=0) (actual time=8002.978..51019.280 rows=72843124 loops=1)
  Hash Cond: (ci.movie_id = t.id)
  ->  Seq Scan on cast_info ci  (cost=0.00..705507.15 rows=20024311 width=4) (actual time=836.702..15665.791 rows=20122661 loops=1)
        Filter: (role_id < 3)
        Rows Removed by Filter: 16121683
  ->  Hash  (cost=262212.86..262212.86 rows=3135385 width=8) (actual time=7164.046..7164.046 rows=2742670 loops=1)
        Buckets: 131072  Batches: 64  Memory Usage: 2719kB
        ->  Hash Join  (cost=96356.06..262212.86 rows=3135385 width=8) (actual time=1881.221..6362.208 rows=2742670 loops=1)
              Hash Cond: (mk.movie_id = t.id)
              ->  Seq Scan on movie_keyword mk  (cost=0.00..69693.30 rows=4523930 width=4) (actual time=0.030..1438.030 rows=4523930 loops=1)
              ->  Hash  (cost=67604.59..67604.59 rows=1752438 width=4) (actual time=1879.747..1879.747 rows=1749032 loops=1)
                    Buckets: 131072  Batches: 32  Memory Usage: 2958kB
                    ->  Seq Scan on title t  (cost=0.00..67604.59 rows=1752438 width=4) (actual time=0.023..1288.503 rows=1749032 loops=1)
                          Filter: (production_year > 1990)
                          Rows Removed by Filter: 779280
Planning time: 1.144 ms
Execution time: 58835.611 ms
