Seq Scan on cast_info ci  (cost=0.00..705507.15 rows=2026941 width=0) (actual time=422.262..11914.808 rows=2065335 loops=1)
  Filter: (person_id > 3657066)
  Rows Removed by Filter: 34179009
Planning time: 0.323 ms
Execution time: 12169.982 ms
