Nested Loop  (cost=0.43..58375.31 rows=21 width=0) (actual time=223.598..870.236 rows=105 loops=1)
  ->  Seq Scan on movie_companies mc  (cost=0.00..57926.93 rows=53 width=4) (actual time=223.536..867.555 rows=105 loops=1)
        Filter: ((company_type_id > 1) AND (company_id = 11869))
        Rows Removed by Filter: 2609024
  ->  Index Scan using title_pkey on title t  (cost=0.43..8.45 rows=1 width=4) (actual time=0.023..0.024 rows=1 loops=105)
        Index Cond: (id = mc.movie_id)
        Filter: (kind_id < 7)
Planning time: 0.688 ms
Execution time: 870.361 ms
