Seq Scan on movie_companies mc  (cost=0.00..57926.93 rows=51 width=0) (actual time=5.227..782.635 rows=67 loops=1)
  Filter: ((company_id = 2791) AND (company_type_id = 1))
  Rows Removed by Filter: 2609062
Planning time: 0.338 ms
Execution time: 782.754 ms
