Seq Scan on movie_keyword mk  (cost=0.00..81003.12 rows=2144272 width=12) (actual time=0.019..1333.924 rows=2141525 loops=1)
  Filter: (keyword_id > 5461)
  Rows Removed by Filter: 2382405
Planning time: 0.285 ms
Execution time: 1467.258 ms
