Seq Scan on movie_companies mc  (cost=0.00..51404.11 rows=1435956 width=0) (actual time=0.016..932.990 rows=1427806 loops=1)
  Filter: (company_id < 12602)
  Rows Removed by Filter: 1181323
Planning time: 0.243 ms
Execution time: 1102.941 ms
