Hash Join  (cost=86573.65..160921.10 rows=415835 width=0) (actual time=1481.220..3291.030 rows=107971 loops=1)
  Hash Cond: (mc.movie_id = t.id)
  ->  Seq Scan on movie_companies mc  (cost=0.00..51404.11 rows=1363995 width=4) (actual time=0.019..1053.902 rows=1376340 loops=1)
        Filter: (company_id > 11141)
        Rows Removed by Filter: 1232789
  ->  Hash  (cost=73925.90..73925.90 rows=770860 width=4) (actual time=1439.472..1439.472 rows=682281 loops=1)
        Buckets: 131072  Batches: 16  Memory Usage: 2522kB
        ->  Seq Scan on title t  (cost=0.00..73925.90 rows=770860 width=4) (actual time=0.012..1223.539 rows=682281 loops=1)
              Filter: ((production_year < 2004) AND (kind_id = 7))
              Rows Removed by Filter: 1846031
Planning time: 0.892 ms
Execution time: 3304.483 ms
