Hash Join  (cost=351032.70..2040243.65 rows=48532588 width=0) (actual time=8798.387..73692.555 rows=134700804 loops=1)
  Hash Cond: (ci.movie_id = t.id)
  ->  Seq Scan on cast_info ci  (cost=0.00..705507.15 rows=31554923 width=4) (actual time=929.358..17782.619 rows=31605208 loops=1)
        Filter: (role_id < 10)
        Rows Removed by Filter: 4639136
  ->  Hash  (cost=287228.65..287228.65 rows=3888964 width=8) (actual time=7867.194..7867.194 rows=3879219 loops=1)
        Buckets: 131072  Batches: 64  Memory Usage: 3413kB
        ->  Hash Join  (cost=102767.86..287228.65 rows=3888964 width=8) (actual time=1905.777..6826.274 rows=3879219 loops=1)
              Hash Cond: (mk.movie_id = t.id)
              ->  Seq Scan on movie_keyword mk  (cost=0.00..81003.12 rows=3888964 width=4) (actual time=0.038..1791.755 rows=3879219 loops=1)
                    Filter: (keyword_id < 29029)
                    Rows Removed by Filter: 644711
              ->  Hash  (cost=61283.27..61283.27 rows=2528527 width=4) (actual time=1903.479..1903.479 rows=2528312 loops=1)
                    Buckets: 131072  Batches: 64  Memory Usage: 2425kB
                    ->  Seq Scan on title t  (cost=0.00..61283.27 rows=2528527 width=4) (actual time=0.021..1071.819 rows=2528312 loops=1)
Planning time: 2.239 ms
Execution time: 87536.884 ms
