Hash Join  (cost=91879.05..181120.77 rows=914030 width=0) (actual time=1933.097..4078.515 rows=291670 loops=1)
  Hash Cond: (mc.movie_id = t.id)
  ->  Seq Scan on movie_companies mc  (cost=0.00..51404.11 rows=2112081 width=4) (actual time=0.024..1034.203 rows=2113648 loops=1)
        Filter: (company_id > 437)
        Rows Removed by Filter: 495481
  ->  Hash  (cost=73925.90..73925.90 rows=1094252 width=4) (actual time=1932.233..1932.233 rows=1044222 loops=1)
        Buckets: 131072  Batches: 16  Memory Usage: 3319kB
        ->  Seq Scan on title t  (cost=0.00..73925.90 rows=1094252 width=4) (actual time=0.018..1295.060 rows=1044222 loops=1)
              Filter: ((production_year < 2009) AND (kind_id = 7))
              Rows Removed by Filter: 1484090
Planning time: 0.696 ms
Execution time: 4109.257 ms
