Hash Join  (cost=156649.15..294319.03 rows=752569 width=0) (actual time=3161.268..7271.142 rows=3166135 loops=1)
  Hash Cond: (mk.movie_id = t.id)
  ->  Seq Scan on movie_keyword mk  (cost=0.00..81003.12 rows=4092818 width=4) (actual time=0.014..1777.305 rows=4097529 loops=1)
        Filter: (keyword_id < 41039)
        Rows Removed by Filter: 426401
  ->  Hash  (cost=149020.47..149020.47 rows=464934 width=8) (actual time=3160.247..3160.247 rows=460185 loops=1)
        Buckets: 131072  Batches: 8  Memory Usage: 3286kB
        ->  Hash Join  (cost=102767.86..149020.47 rows=464934 width=8) (actual time=1856.245..3041.545 rows=460185 loops=1)
              Hash Cond: (mi_idx.movie_id = t.id)
              ->  Seq Scan on movie_info_idx mi_idx  (cost=0.00..25185.44 rows=464934 width=4) (actual time=0.015..472.918 rows=460185 loops=1)
                    Filter: (info_type_id > 100)
                    Rows Removed by Filter: 919850
              ->  Hash  (cost=61283.27..61283.27 rows=2528527 width=4) (actual time=1854.279..1854.279 rows=2528312 loops=1)
                    Buckets: 131072  Batches: 64  Memory Usage: 2415kB
                    ->  Seq Scan on title t  (cost=0.00..61283.27 rows=2528527 width=4) (actual time=0.019..995.193 rows=2528312 loops=1)
Planning time: 1.077 ms
Execution time: 7598.924 ms
