Hash Join  (cost=90416.96..133811.24 rows=365338 width=0) (actual time=1722.329..2975.521 rows=189518 loops=1)
  Hash Cond: (mi_idx.movie_id = t.id)
  ->  Seq Scan on movie_info_idx mi_idx  (cost=0.00..25185.44 rows=919057 width=4) (actual time=0.020..567.640 rows=920110 loops=1)
        Filter: (info_type_id > 99)
        Rows Removed by Filter: 459925
  ->  Hash  (cost=73925.90..73925.90 rows=1005124 width=4) (actual time=1720.931..1720.931 rows=1099095 loops=1)
        Buckets: 131072  Batches: 16  Memory Usage: 3447kB
        ->  Seq Scan on title t  (cost=0.00..73925.90 rows=1005124 width=4) (actual time=0.029..1393.440 rows=1099095 loops=1)
              Filter: ((production_year > 1994) AND (kind_id = 7))
              Rows Removed by Filter: 1429217
Planning time: 0.742 ms
Execution time: 2999.459 ms
