Seq Scan on cast_info ci  (cost=0.00..705507.15 rows=33623494 width=0) (actual time=0.022..13238.078 rows=33600694 loops=1)
  Filter: (person_id < 3551667)
  Rows Removed by Filter: 2643650
Planning time: 0.321 ms
Execution time: 17267.523 ms
