Seq Scan on cast_info ci  (cost=0.00..705507.15 rows=12882653 width=0) (actual time=0.020..12295.034 rows=12854361 loops=1)
  Filter: (person_id < 1268531)
  Rows Removed by Filter: 23389983
Planning time: 2.213 ms
Execution time: 13911.577 ms
