Hash Join  (cost=145237.38..227246.47 rows=300579 width=0) (actual time=3109.679..5659.060 rows=558856 loops=1)
  Hash Cond: (mc.movie_id = t.id)
  ->  Seq Scan on movie_companies mc  (cost=0.00..51404.11 rows=2273916 width=4) (actual time=0.021..1111.294 rows=2271990 loops=1)
        Filter: (company_id < 89612)
        Rows Removed by Filter: 337139
  ->  Hash  (cost=139753.44..139753.44 rows=334235 width=8) (actual time=3108.820..3108.820 rows=250045 loops=1)
        Buckets: 131072  Batches: 8  Memory Usage: 2248kB
        ->  Hash Join  (cost=98137.04..139753.44 rows=334235 width=8) (actual time=1854.630..3033.288 rows=250045 loops=1)
              Hash Cond: (mi_idx.movie_id = t.id)
              ->  Seq Scan on movie_info_idx mi_idx  (cost=0.00..25185.44 rows=454124 width=4) (actual time=0.016..476.283 rows=459925 loops=1)
                    Filter: (info_type_id = 100)
                    Rows Removed by Filter: 920110
              ->  Hash  (cost=67604.59..67604.59 rows=1860996 width=4) (actual time=1853.962..1853.962 rows=1865487 loops=1)
                    Buckets: 131072  Batches: 32  Memory Usage: 3079kB
                    ->  Seq Scan on title t  (cost=0.00..67604.59 rows=1860996 width=4) (actual time=0.014..1236.339 rows=1865487 loops=1)
                          Filter: (kind_id > 1)
                          Rows Removed by Filter: 662825
Planning time: 1.117 ms
Execution time: 5726.342 ms
