Hash Join  (cost=181340.55..288445.24 rows=208993 width=0) (actual time=3463.976..5871.085 rows=261557 loops=1)
  Hash Cond: (mk.movie_id = t.id)
  ->  Seq Scan on movie_keyword mk  (cost=0.00..81003.12 rows=1986568 width=4) (actual time=0.024..1568.528 rows=1988987 loops=1)
        Filter: (keyword_id < 3518)
        Rows Removed by Filter: 2534943
  ->  Hash  (cost=176975.44..176975.44 rows=266009 width=8) (actual time=3463.201..3463.201 rows=140360 loops=1)
        Buckets: 131072  Batches: 4  Memory Usage: 2405kB
        ->  Hash Join  (cost=102767.86..176975.44 rows=266009 width=8) (actual time=1980.234..3408.914 rows=140360 loops=1)
              Hash Cond: (mc.movie_id = t.id)
              ->  Seq Scan on movie_companies mc  (cost=0.00..57926.93 rows=266009 width=4) (actual time=0.026..873.857 rows=140360 loops=1)
                    Filter: ((company_id < 480) AND (company_type_id = 2))
                    Rows Removed by Filter: 2468769
              ->  Hash  (cost=61283.27..61283.27 rows=2528527 width=4) (actual time=1978.948..1978.948 rows=2528312 loops=1)
                    Buckets: 131072  Batches: 64  Memory Usage: 2415kB
                    ->  Seq Scan on title t  (cost=0.00..61283.27 rows=2528527 width=4) (actual time=0.011..1107.582 rows=2528312 loops=1)
Planning time: 1.199 ms
Execution time: 5904.724 ms
