Hash Join  (cost=83074.74..437538.72 rows=214 width=0) (actual time=2688.734..6077.798 rows=471 loops=1)
  Hash Cond: (mi.movie_id = t.id)
  ->  Seq Scan on movie_info mi  (cost=0.00..346232.03 rows=2194617 width=4) (actual time=1975.141..5097.192 rows=2233850 loops=1)
        Filter: (info_type_id > 16)
        Rows Removed by Filter: 12601870
  ->  Hash  (cost=83071.67..83071.67 rows=246 width=8) (actual time=686.396..686.396 rows=53 loops=1)
        Buckets: 1024  Batches: 1  Memory Usage: 11kB
        ->  Nested Loop  (cost=0.43..83071.67 rows=246 width=8) (actual time=141.563..686.332 rows=53 loops=1)
              ->  Seq Scan on movie_keyword mk  (cost=0.00..81003.12 rows=246 width=4) (actual time=141.403..676.008 rows=53 loops=1)
                    Filter: (keyword_id = 38928)
                    Rows Removed by Filter: 4523877
              ->  Index Only Scan using title_pkey on title t  (cost=0.43..8.40 rows=1 width=4) (actual time=0.191..0.191 rows=1 loops=53)
                    Index Cond: (id = mk.movie_id)
                    Heap Fetches: 53
Planning time: 0.852 ms
Execution time: 6077.981 ms
