Hash Join  (cost=74518.54..441938.12 rows=276365 width=0) (actual time=1458.103..14604.551 rows=1371821 loops=1)
  Hash Cond: (mi.movie_id = t.id)
  ->  Seq Scan on movie_info mi  (cost=0.00..309384.22 rows=14739122 width=4) (actual time=0.027..4571.897 rows=14835720 loops=1)
  ->  Hash  (cost=73925.90..73925.90 rows=47411 width=4) (actual time=1246.314..1246.314 rows=125362 loops=1)
        Buckets: 131072 (originally 65536)  Batches: 2 (originally 1)  Memory Usage: 3222kB
        ->  Seq Scan on title t  (cost=0.00..73925.90 rows=47411 width=4) (actual time=688.459..1197.071 rows=125362 loops=1)
              Filter: ((kind_id < 7) AND (production_year < 1934))
              Rows Removed by Filter: 2402950
Planning time: 0.753 ms
Execution time: 14781.661 ms
