Seq Scan on movie_companies mc  (cost=0.00..51404.11 rows=104 width=0) (actual time=3.141..823.199 rows=222 loops=1)
  Filter: (company_id = 79776)
  Rows Removed by Filter: 2608907
Planning time: 0.344 ms
Execution time: 823.332 ms
