Hash Join  (cost=79405.47..120225.68 rows=182273 width=0) (actual time=1615.501..2645.060 rows=414769 loops=1)
  Hash Cond: (mi_idx.movie_id = t.id)
  ->  Seq Scan on movie_info_idx mi_idx  (cost=0.00..21735.35 rows=1380035 width=4) (actual time=0.015..497.940 rows=1380035 loops=1)
  ->  Hash  (cost=73925.90..73925.90 rows=333965 width=4) (actual time=1353.694..1353.694 rows=411522 loops=1)
        Buckets: 131072  Batches: 8  Memory Usage: 2841kB
        ->  Seq Scan on title t  (cost=0.00..73925.90 rows=333965 width=4) (actual time=502.988..1222.029 rows=411522 loops=1)
              Filter: ((production_year < 2004) AND (kind_id = 1))
              Rows Removed by Filter: 2116790
Planning time: 0.733 ms
Execution time: 2697.770 ms
