Seq Scan on movie_companies mc  (cost=0.00..57926.93 rows=1224334 width=0) (actual time=0.017..1134.429 rows=1291703 loops=1)
  Filter: ((company_id > 67) AND (company_type_id > 1))
  Rows Removed by Filter: 1317426
Planning time: 0.332 ms
Execution time: 1290.815 ms
