Hash Join  (cost=157609.85..522783.81 rows=51803 width=0) (actual time=2416.559..9735.062 rows=577054 loops=1)
  Hash Cond: (mi.movie_id = t.id)
  ->  Seq Scan on movie_info mi  (cost=0.00..309384.22 rows=14739122 width=4) (actual time=0.017..4072.743 rows=14835720 loops=1)
  ->  Hash  (cost=157498.76..157498.76 rows=8887 width=8) (actual time=2416.236..2416.236 rows=9153 loops=1)
        Buckets: 16384  Batches: 1  Memory Usage: 486kB
        ->  Hash Join  (cost=74469.67..157498.76 rows=8887 width=8) (actual time=1101.887..2412.603 rows=9153 loops=1)
              Hash Cond: (mk.movie_id = t.id)
              ->  Seq Scan on movie_keyword mk  (cost=0.00..81003.12 rows=516559 width=4) (actual time=0.021..1207.331 rows=509245 loops=1)
                    Filter: (keyword_id > 35667)
                    Rows Removed by Filter: 4014685
              ->  Hash  (cost=73925.90..73925.90 rows=43501 width=4) (actual time=1100.777..1100.777 rows=39560 loops=1)
                    Buckets: 65536  Batches: 1  Memory Usage: 1903kB
                    ->  Seq Scan on title t  (cost=0.00..73925.90 rows=43501 width=4) (actual time=471.529..1081.658 rows=39560 loops=1)
                          Filter: ((kind_id = 1) AND (production_year = 2012))
                          Rows Removed by Filter: 2488752
Planning time: 2.038 ms
Execution time: 9808.307 ms
