Hash Join  (cost=504649.26..655189.53 rows=1797485 width=0) (actual time=9757.305..14513.148 rows=3831087 loops=1)
  Hash Cond: (mk.movie_id = t.id)
  ->  Seq Scan on movie_keyword mk  (cost=0.00..81003.12 rows=4083280 width=4) (actual time=0.020..1815.175 rows=4070600 loops=1)
        Filter: (keyword_id > 347)
        Rows Removed by Filter: 453330
  ->  Hash  (cost=486387.84..486387.84 rows=1113073 width=8) (actual time=9756.444..9756.444 rows=1193439 loops=1)
        Buckets: 131072  Batches: 16  Memory Usage: 3942kB
        ->  Hash Join  (cost=104131.46..486387.84 rows=1113073 width=8) (actual time=4913.961..9399.620 rows=1193439 loops=1)
              Hash Cond: (mi.movie_id = t.id)
              ->  Seq Scan on movie_info mi  (cost=0.00..346232.03 rows=1264125 width=4) (actual time=2799.845..5803.641 rows=1288928 loops=1)
                    Filter: (info_type_id = 2)
                    Rows Removed by Filter: 13546792
              ->  Hash  (cost=67604.59..67604.59 rows=2226390 width=4) (actual time=2113.135..2113.135 rows=2224569 loops=1)
                    Buckets: 131072  Batches: 32  Memory Usage: 3472kB
                    ->  Seq Scan on title t  (cost=0.00..67604.59 rows=2226390 width=4) (actual time=0.036..1368.569 rows=2224569 loops=1)
                          Filter: (production_year < 2012)
                          Rows Removed by Filter: 303743
Planning time: 1.176 ms
Execution time: 14967.718 ms
