Seq Scan on movie_companies mc  (cost=0.00..51404.11 rows=2529007 width=0) (actual time=0.027..1074.720 rows=2525238 loops=1)
  Filter: (company_id > 17)
  Rows Removed by Filter: 83891
Planning time: 0.315 ms
Execution time: 1396.164 ms
