Hash Join  (cost=102767.86..228471.24 rows=1447154 width=0) (actual time=1911.250..5351.261 rows=1462620 loops=1)
  Hash Cond: (mk.movie_id = t.id)
  ->  Seq Scan on movie_keyword mk  (cost=0.00..81003.12 rows=1447154 width=4) (actual time=0.021..1467.313 rows=1462620 loops=1)
        Filter: (keyword_id < 2081)
        Rows Removed by Filter: 3061310
  ->  Hash  (cost=61283.27..61283.27 rows=2528527 width=4) (actual time=1910.320..1910.320 rows=2528312 loops=1)
        Buckets: 131072  Batches: 64  Memory Usage: 2425kB
        ->  Seq Scan on title t  (cost=0.00..61283.27 rows=2528527 width=4) (actual time=0.020..1024.423 rows=2528312 loops=1)
Planning time: 0.778 ms
Execution time: 5524.835 ms
