Hash Join  (cost=183864.73..1032031.93 rows=1014357 width=0) (actual time=7919.718..23015.737 rows=3787874 loops=1)
  Hash Cond: (ci.movie_id = t.id)
  ->  Seq Scan on cast_info ci  (cost=0.00..796071.18 rows=3371052 width=4) (actual time=3318.057..13697.633 rows=6705474 loops=1)
        Filter: ((person_id > 2374781) AND (role_id > 4))
        Rows Removed by Filter: 29538870
  ->  Hash  (cost=171381.25..171381.25 rows=760839 width=8) (actual time=4600.431..4600.431 rows=864234 loops=1)
        Buckets: 131072  Batches: 16  Memory Usage: 3137kB
        ->  Hash Join  (cost=91342.70..171381.25 rows=760839 width=8) (actual time=1906.383..4301.912 rows=864234 loops=1)
              Hash Cond: (mc.movie_id = t.id)
              ->  Seq Scan on movie_companies mc  (cost=0.00..51404.11 rows=1329612 width=4) (actual time=179.938..1140.565 rows=1334883 loops=1)
                    Filter: (company_type_id = 2)
                    Rows Removed by Filter: 1274246
              ->  Hash  (cost=67604.59..67604.59 rows=1446889 width=4) (actual time=1725.302..1725.302 rows=1443298 loops=1)
                    Buckets: 131072  Batches: 32  Memory Usage: 2608kB
                    ->  Seq Scan on title t  (cost=0.00..67604.59 rows=1446889 width=4) (actual time=0.027..1262.339 rows=1443298 loops=1)
                          Filter: (production_year < 2006)
                          Rows Removed by Filter: 1085014
Planning time: 1.123 ms
Execution time: 23463.578 ms
