Hash Join  (cost=102767.86..182157.71 rows=481410 width=0) (actual time=1930.865..3960.267 rows=689764 loops=1)
  Hash Cond: (mc.movie_id = t.id)
  ->  Seq Scan on movie_companies mc  (cost=0.00..57926.93 rows=481410 width=4) (actual time=0.024..1019.888 rows=689764 loops=1)
        Filter: ((company_id < 4437) AND (company_type_id < 2))
        Rows Removed by Filter: 1919365
  ->  Hash  (cost=61283.27..61283.27 rows=2528527 width=4) (actual time=1929.850..1929.850 rows=2528312 loops=1)
        Buckets: 131072  Batches: 64  Memory Usage: 2415kB
        ->  Seq Scan on title t  (cost=0.00..61283.27 rows=2528527 width=4) (actual time=0.019..1075.581 rows=2528312 loops=1)
Planning time: 0.742 ms
Execution time: 4049.165 ms
