Hash Join  (cost=140374.75..227502.07 rows=46928 width=0) (actual time=2377.106..4224.093 rows=59643 loops=1)
  Hash Cond: (mk.movie_id = t.id)
  ->  Seq Scan on movie_keyword mk  (cost=0.00..69693.30 rows=4523930 width=4) (actual time=0.020..988.511 rows=4523930 loops=1)
  ->  Hash  (cost=140046.89..140046.89 rows=26229 width=8) (actual time=2376.434..2376.434 rows=3375 loops=1)
        Buckets: 32768  Batches: 1  Memory Usage: 388kB
        ->  Hash Join  (cost=77429.84..140046.89 rows=26229 width=8) (actual time=2027.633..2374.731 rows=3375 loops=1)
              Hash Cond: (mc.movie_id = t.id)
              ->  Seq Scan on movie_companies mc  (cost=0.00..57926.93 rows=310618 width=4) (actual time=501.784..792.172 rows=15554 loops=1)
                    Filter: ((company_id > 57671) AND (company_type_id = 1))
                    Rows Removed by Filter: 2593575
              ->  Hash  (cost=73925.90..73925.90 rows=213515 width=4) (actual time=1524.873..1524.873 rows=341626 loops=1)
                    Buckets: 131072  Batches: 4  Memory Usage: 4031kB
                    ->  Seq Scan on title t  (cost=0.00..73925.90 rows=213515 width=4) (actual time=0.028..1315.560 rows=341626 loops=1)
                          Filter: ((production_year < 1995) AND (kind_id = 1))
                          Rows Removed by Filter: 2186686
Planning time: 1.175 ms
Execution time: 4232.498 ms
