Hash Join  (cost=102767.86..197692.15 rows=1126976 width=0) (actual time=1957.438..4190.254 rows=931982 loops=1)
  Hash Cond: (mc.movie_id = t.id)
  ->  Seq Scan on movie_companies mc  (cost=0.00..57926.93 rows=1126976 width=4) (actual time=0.021..1135.695 rows=931982 loops=1)
        Filter: ((company_id < 81934) AND (company_type_id > 1))
        Rows Removed by Filter: 1677147
  ->  Hash  (cost=61283.27..61283.27 rows=2528527 width=4) (actual time=1956.180..1956.180 rows=2528312 loops=1)
        Buckets: 131072  Batches: 64  Memory Usage: 2415kB
        ->  Seq Scan on title t  (cost=0.00..61283.27 rows=2528527 width=4) (actual time=0.014..1108.063 rows=2528312 loops=1)
Planning time: 0.726 ms
Execution time: 4295.315 ms
