Hash Join  (cost=76125.53..1129657.73 rows=1920503 width=0) (actual time=948.940..25282.619 rows=278328 loops=1)
  Hash Cond: (ci.movie_id = t.id)
  ->  Seq Scan on cast_info ci  (cost=0.00..614943.12 rows=36225612 width=4) (actual time=0.022..12385.758 rows=36244344 loops=1)
  ->  Hash  (cost=73925.90..73925.90 rows=134050 width=4) (actual time=948.062..948.062 rows=33653 loops=1)
        Buckets: 131072  Batches: 2  Memory Usage: 1617kB
        ->  Seq Scan on title t  (cost=0.00..73925.90 rows=134050 width=4) (actual time=170.771..934.818 rows=33653 loops=1)
              Filter: ((production_year < 1958) AND (kind_id = 7))
              Rows Removed by Filter: 2494659
Planning time: 0.800 ms
Execution time: 25319.462 ms
