Nested Loop  (cost=0.43..83072.90 rows=4 width=0) (actual time=26.329..1163.901 rows=62 loops=1)
  ->  Seq Scan on movie_keyword mk  (cost=0.00..81003.12 rows=246 width=4) (actual time=0.948..1116.822 rows=2070 loops=1)
        Filter: (keyword_id = 536)
        Rows Removed by Filter: 4521860
  ->  Index Scan using title_pkey on title t  (cost=0.43..8.40 rows=1 width=4) (actual time=0.022..0.022 rows=0 loops=2070)
        Index Cond: (id = mk.movie_id)
        Filter: ((kind_id < 7) AND (production_year = 2006))
        Rows Removed by Filter: 1
Planning time: 0.737 ms
Execution time: 1164.029 ms
