Hash Join  (cost=75342.47..151620.35 rows=89036 width=0) (actual time=1390.260..3026.828 rows=39462 loops=1)
  Hash Cond: (mc.movie_id = t.id)
  ->  Seq Scan on movie_companies mc  (cost=0.00..44881.29 rows=2609129 width=4) (actual time=0.051..864.222 rows=2609129 loops=1)
  ->  Hash  (cost=73925.90..73925.90 rows=86285 width=4) (actual time=1235.063..1235.063 rows=92628 loops=1)
        Buckets: 131072  Batches: 2  Memory Usage: 2653kB
        ->  Seq Scan on title t  (cost=0.00..73925.90 rows=86285 width=4) (actual time=0.030..1201.092 rows=92628 loops=1)
              Filter: ((kind_id = 7) AND (production_year = 2010))
              Rows Removed by Filter: 2435684
Planning time: 0.721 ms
Execution time: 3032.220 ms
