Seq Scan on movie_keyword mk  (cost=0.00..81003.12 rows=246 width=0) (actual time=16.484..1101.354 rows=31 loops=1)
  Filter: (keyword_id = 19916)
  Rows Removed by Filter: 4523899
Planning time: 0.356 ms
Execution time: 1101.467 ms
