Hash Join  (cost=267419.58..1450551.16 rows=16941366 width=0) (actual time=6151.928..46934.654 rows=53595934 loops=1)
  Hash Cond: (ci.movie_id = t.id)
  ->  Seq Scan on cast_info ci  (cost=0.00..705507.15 rows=23499554 width=4) (actual time=0.021..15809.832 rows=23573656 loops=1)
        Filter: (role_id > 1)
        Rows Removed by Filter: 12670688
  ->  Hash  (cost=237512.67..237512.67 rows=1822873 width=8) (actual time=6150.782..6150.782 rows=1828715 loops=1)
        Buckets: 131072  Batches: 32  Memory Usage: 3245kB
        ->  Hash Join  (cost=102767.86..237512.67 rows=1822873 width=8) (actual time=1941.895..5606.954 rows=1828715 loops=1)
              Hash Cond: (mk.movie_id = t.id)
              ->  Seq Scan on movie_keyword mk  (cost=0.00..81003.12 rows=1822873 width=4) (actual time=0.012..1526.547 rows=1828715 loops=1)
                    Filter: (keyword_id < 3009)
                    Rows Removed by Filter: 2695215
              ->  Hash  (cost=61283.27..61283.27 rows=2528527 width=4) (actual time=1940.192..1940.192 rows=2528312 loops=1)
                    Buckets: 131072  Batches: 64  Memory Usage: 2425kB
                    ->  Seq Scan on title t  (cost=0.00..61283.27 rows=2528527 width=4) (actual time=0.010..1056.427 rows=2528312 loops=1)
Planning time: 1.085 ms
Execution time: 52772.398 ms
