Seq Scan on movie_companies mc  (cost=0.00..57926.93 rows=857174 width=0) (actual time=0.025..984.319 rows=668732 loops=1)
  Filter: ((company_id > 2440) AND (company_type_id = 1))
  Rows Removed by Filter: 1940397
Planning time: 0.293 ms
Execution time: 1067.749 ms
