Hash Join  (cost=101271.33..869028.85 rows=149547 width=0) (actual time=2130.153..19115.147 rows=339876 loops=1)
  Hash Cond: (ci.movie_id = t.id)
  ->  Seq Scan on cast_info ci  (cost=0.00..705507.15 rows=16201301 width=4) (actual time=269.411..13589.827 rows=16121683 loops=1)
        Filter: (role_id > 2)
        Rows Removed by Filter: 20122661
  ->  Hash  (cost=100979.58..100979.58 rows=23340 width=8) (actual time=1860.427..1860.427 rows=19538 loops=1)
        Buckets: 32768  Batches: 1  Memory Usage: 1020kB
        ->  Hash Join  (cost=69687.24..100979.58 rows=23340 width=8) (actual time=1194.972..1852.392 rows=19538 loops=1)
              Hash Cond: (mi_idx.movie_id = t.id)
              ->  Seq Scan on movie_info_idx mi_idx  (cost=0.00..25185.44 rows=464934 width=4) (actual time=0.050..446.594 rows=460185 loops=1)
                    Filter: (info_type_id > 100)
                    Rows Removed by Filter: 919850
              ->  Hash  (cost=67604.59..67604.59 rows=126932 width=4) (actual time=1194.079..1194.079 rows=122861 loops=1)
                    Buckets: 131072  Batches: 2  Memory Usage: 3191kB
                    ->  Seq Scan on title t  (cost=0.00..67604.59 rows=126932 width=4) (actual time=0.021..1146.583 rows=122861 loops=1)
                          Filter: (production_year = 2008)
                          Rows Removed by Filter: 2405451
Planning time: 1.128 ms
Execution time: 19164.994 ms
