Hash Join  (cost=80193.64..133999.94 rows=10487 width=0) (actual time=1479.127..2139.681 rows=29687 loops=1)
  Hash Cond: (mc.movie_id = t.id)
  ->  Seq Scan on movie_companies mc  (cost=0.00..51404.11 rows=69417 width=4) (actual time=165.696..718.919 rows=68665 loops=1)
        Filter: (company_id > 177739)
        Rows Removed by Filter: 2540464
  ->  Hash  (cost=73925.90..73925.90 rows=381979 width=4) (actual time=1312.473..1312.473 rows=440029 loops=1)
        Buckets: 131072  Batches: 8  Memory Usage: 2968kB
        ->  Seq Scan on title t  (cost=0.00..73925.90 rows=381979 width=4) (actual time=0.038..1176.489 rows=440029 loops=1)
              Filter: ((production_year < 2006) AND (kind_id = 1))
              Rows Removed by Filter: 2088283
Planning time: 0.756 ms
Execution time: 2143.361 ms
