Seq Scan on movie_companies mc  (cost=0.00..57926.93 rows=205750 width=0) (actual time=0.020..663.708 rows=322023 loops=1)
  Filter: ((company_id < 295) AND (company_type_id = 1))
  Rows Removed by Filter: 2287106
Planning time: 0.877 ms
Execution time: 696.004 ms
