Hash Join  (cost=91123.00..977696.89 rows=2793234 width=0) (actual time=9616.145..21884.062 rows=3675185 loops=1)
  Hash Cond: (ci.movie_id = t.id)
  ->  Seq Scan on cast_info ci  (cost=0.00..796071.18 rows=4927033 width=4) (actual time=7692.697..15611.433 rows=5968527 loops=1)
        Filter: ((person_id < 2506141) AND (role_id = 2))
        Rows Removed by Filter: 30275817
  ->  Hash  (cost=67604.59..67604.59 rows=1433473 width=4) (actual time=1922.429..1922.429 rows=1434466 loops=1)
        Buckets: 131072  Batches: 32  Memory Usage: 2600kB
        ->  Seq Scan on title t  (cost=0.00..67604.59 rows=1433473 width=4) (actual time=0.034..1449.582 rows=1434466 loops=1)
              Filter: (production_year > 1999)
              Rows Removed by Filter: 1093846
Planning time: 0.720 ms
Execution time: 22316.337 ms
