Hash Join  (cost=100514.70..853832.82 rows=252897 width=0) (actual time=1899.649..19956.586 rows=586084 loops=1)
  Hash Cond: (ci.movie_id = t.id)
  ->  Seq Scan on cast_info ci  (cost=0.00..614943.12 rows=36225612 width=4) (actual time=0.017..8854.557 rows=36244344 loops=1)
  ->  Hash  (cost=100294.05..100294.05 rows=17652 width=8) (actual time=1899.208..1899.208 rows=19292 loops=1)
        Buckets: 32768  Batches: 1  Memory Usage: 1010kB
        ->  Hash Join  (cost=69179.59..100294.05 rows=17652 width=8) (actual time=1205.731..1891.303 rows=19292 loops=1)
              Hash Cond: (mi_idx.movie_id = t.id)
              ->  Seq Scan on movie_info_idx mi_idx  (cost=0.00..25185.44 rows=464934 width=4) (actual time=0.010..485.316 rows=460185 loops=1)
                    Filter: (info_type_id > 100)
                    Rows Removed by Filter: 919850
              ->  Hash  (cost=67604.59..67604.59 rows=96000 width=4) (actual time=1205.046..1205.046 rows=95005 loops=1)
                    Buckets: 131072  Batches: 2  Memory Usage: 2716kB
                    ->  Seq Scan on title t  (cost=0.00..67604.59 rows=96000 width=4) (actual time=0.016..1168.000 rows=95005 loops=1)
                          Filter: (production_year = 2005)
                          Rows Removed by Filter: 2433307
Planning time: 0.847 ms
Execution time: 20042.721 ms
