Hash Join  (cost=80193.64..118888.94 rows=138840 width=0) (actual time=1593.278..2426.081 rows=303924 loops=1)
  Hash Cond: (mi_idx.movie_id = t.id)
  ->  Seq Scan on movie_info_idx mi_idx  (cost=0.00..25185.44 rows=919057 width=4) (actual time=0.021..523.620 rows=920110 loops=1)
        Filter: (info_type_id > 99)
        Rows Removed by Filter: 459925
  ->  Hash  (cost=73925.90..73925.90 rows=381979 width=4) (actual time=1373.726..1373.726 rows=440029 loops=1)
        Buckets: 131072  Batches: 8  Memory Usage: 2968kB
        ->  Seq Scan on title t  (cost=0.00..73925.90 rows=381979 width=4) (actual time=0.012..1237.070 rows=440029 loops=1)
              Filter: ((production_year < 2006) AND (kind_id = 1))
              Rows Removed by Filter: 2088283
Planning time: 0.827 ms
Execution time: 2461.281 ms
