Seq Scan on movie_companies mc  (cost=0.00..51404.11 rows=918777 width=0) (actual time=0.016..929.312 rows=926278 loops=1)
  Filter: (company_id > 19696)
  Rows Removed by Filter: 1682851
Planning time: 0.303 ms
Execution time: 1046.578 ms
