Hash Join  (cost=709678.15..1079289.16 rows=1232 width=0) (actual time=12468.480..17906.718 rows=13551 loops=1)
  Hash Cond: (mi.movie_id = t.id)
  ->  Seq Scan on movie_info mi  (cost=0.00..346232.03 rows=6231111 width=4) (actual time=1228.934..5882.029 rows=6223494 loops=1)
        Filter: (info_type_id > 8)
        Rows Removed by Filter: 8612226
  ->  Hash  (cost=709671.90..709671.90 rows=500 width=8) (actual time=11098.836..11098.836 rows=1321 loops=1)
        Buckets: 2048 (originally 1024)  Batches: 1 (originally 1)  Memory Usage: 68kB
        ->  Nested Loop  (cost=0.43..709671.90 rows=500 width=8) (actual time=8391.833..11098.225 rows=1321 loops=1)
              ->  Seq Scan on cast_info ci  (cost=0.00..705507.15 rows=500 width=4) (actual time=8391.728..11072.659 rows=1321 loops=1)
                    Filter: (person_id = 2592067)
                    Rows Removed by Filter: 36243023
              ->  Index Only Scan using title_pkey on title t  (cost=0.43..8.32 rows=1 width=4) (actual time=0.018..0.019 rows=1 loops=1321)
                    Index Cond: (id = ci.movie_id)
                    Heap Fetches: 1321
Planning time: 1.097 ms
Execution time: 17908.690 ms
