Hash Join  (cost=73994.33..428048.35 rows=4490 width=0) (actual time=2013.947..7143.208 rows=13119 loops=1)
  Hash Cond: (mi.movie_id = t.id)
  ->  Seq Scan on movie_info mi  (cost=0.00..346232.03 rows=2073893 width=4) (actual time=755.220..5428.069 rows=2091068 loops=1)
        Filter: (info_type_id < 3)
        Rows Removed by Filter: 12744652
  ->  Hash  (cost=73925.90..73925.90 rows=5474 width=4) (actual time=1258.521..1258.521 rows=18793 loops=1)
        Buckets: 32768 (originally 8192)  Batches: 1 (originally 1)  Memory Usage: 917kB
        ->  Seq Scan on title t  (cost=0.00..73925.90 rows=5474 width=4) (actual time=0.080..1249.168 rows=18793 loops=1)
              Filter: ((kind_id > 1) AND (production_year = 1991))
              Rows Removed by Filter: 2509519
Planning time: 0.815 ms
Execution time: 7145.649 ms
