Hash Join  (cost=446523.56..574393.09 rows=481550 width=0) (actual time=8215.721..11370.752 rows=488089 loops=1)
  Hash Cond: (mk.movie_id = t.id)
  ->  Seq Scan on movie_keyword mk  (cost=0.00..69693.30 rows=4523930 width=4) (actual time=0.014..1432.580 rows=4523930 loops=1)
  ->  Hash  (cost=442107.20..442107.20 rows=269149 width=8) (actual time=8214.787..8214.787 rows=233592 loops=1)
        Buckets: 131072  Batches: 4  Memory Usage: 3317kB
        ->  Hash Join  (cost=76379.89..442107.20 rows=269149 width=8) (actual time=2604.506..8135.961 rows=233592 loops=1)
              Hash Cond: (mi.movie_id = t.id)
              ->  Seq Scan on movie_info mi  (cost=0.00..346232.03 rows=1272478 width=4) (actual time=1223.781..5639.036 rows=1325361 loops=1)
                    Filter: (info_type_id = 8)
                    Rows Removed by Filter: 13510359
              ->  Hash  (cost=67604.59..67604.59 rows=534824 width=4) (actual time=1379.814..1379.814 rows=533369 loops=1)
                    Buckets: 131072  Batches: 8  Memory Usage: 3376kB
                    ->  Seq Scan on title t  (cost=0.00..67604.59 rows=534824 width=4) (actual time=0.033..1208.578 rows=533369 loops=1)
                          Filter: (production_year > 2009)
                          Rows Removed by Filter: 1994943
Planning time: 1.090 ms
Execution time: 11426.556 ms
