Seq Scan on movie_keyword mk  (cost=0.00..81003.12 rows=246 width=0) (actual time=1.850..1305.663 rows=2229 loops=1)
  Filter: (keyword_id = 918)
  Rows Removed by Filter: 4521701
Planning time: 0.319 ms
Execution time: 1306.250 ms
