Seq Scan on movie_keyword mk  (cost=0.00..81003.12 rows=246 width=0) (actual time=80.846..1100.072 rows=1 loops=1)
  Filter: (keyword_id = 76816)
  Rows Removed by Filter: 4523929
Planning time: 0.369 ms
Execution time: 1100.168 ms
