Seq Scan on movie_keyword mk  (cost=0.00..81003.12 rows=246 width=0) (actual time=0.155..1317.271 rows=1554 loops=1)
  Filter: (keyword_id = 519)
  Rows Removed by Filter: 4522376
Planning time: 0.362 ms
Execution time: 1317.774 ms
