Hash Join  (cost=190639.28..1161990.21 rows=2513577 width=0) (actual time=7053.017..25216.760 rows=4118618 loops=1)
  Hash Cond: (ci.movie_id = t.id)
  ->  Seq Scan on cast_info ci  (cost=0.00..796071.18 rows=12817862 width=4) (actual time=2381.257..14715.396 rows=6972243 loops=1)
        Filter: ((person_id < 1968621) AND (role_id > 1))
        Rows Removed by Filter: 29272101
  ->  Hash  (cost=182504.24..182504.24 rows=495843 width=8) (actual time=4670.869..4670.869 rows=812390 loops=1)
        Buckets: 131072 (originally 131072)  Batches: 16 (originally 8)  Memory Usage: 3073kB
        ->  Hash Join  (cost=102767.86..182504.24 rows=495843 width=8) (actual time=1922.288..4428.788 rows=812390 loops=1)
              Hash Cond: (mc.movie_id = t.id)
              ->  Seq Scan on movie_companies mc  (cost=0.00..57926.93 rows=495843 width=4) (actual time=0.062..1138.972 rows=812390 loops=1)
                    Filter: ((company_id > 17247) AND (company_type_id = 2))
                    Rows Removed by Filter: 1796739
              ->  Hash  (cost=61283.27..61283.27 rows=2528527 width=4) (actual time=1920.333..1920.333 rows=2528312 loops=1)
                    Buckets: 131072  Batches: 64  Memory Usage: 2415kB
                    ->  Seq Scan on title t  (cost=0.00..61283.27 rows=2528527 width=4) (actual time=0.016..1103.539 rows=2528312 loops=1)
Planning time: 0.726 ms
Execution time: 25755.435 ms
