Hash Join  (cost=167367.12..527638.42 rows=44944 width=0) (actual time=4352.754..9691.539 rows=82008 loops=1)
  Hash Cond: (mi.movie_id = t.id)
  ->  Seq Scan on movie_info mi  (cost=0.00..346232.03 rows=3623957 width=4) (actual time=1024.292..5718.736 rows=3624977 loops=1)
        Filter: (info_type_id < 4)
        Rows Removed by Filter: 11210743
  ->  Hash  (cost=166975.15..166975.15 rows=31358 width=8) (actual time=3325.873..3325.873 rows=22789 loops=1)
        Buckets: 32768  Batches: 1  Memory Usage: 1147kB
        ->  Hash Join  (cost=74251.74..166975.15 rows=31358 width=8) (actual time=1286.169..3317.360 rows=22789 loops=1)
              Hash Cond: (mk.movie_id = t.id)
              ->  Seq Scan on movie_keyword mk  (cost=0.00..81003.12 rows=3041787 width=4) (actual time=0.027..1533.492 rows=3027959 loops=1)
                    Filter: (keyword_id > 2144)
                    Rows Removed by Filter: 1495971
              ->  Hash  (cost=73925.90..73925.90 rows=26067 width=4) (actual time=1285.645..1285.645 rows=27085 loops=1)
                    Buckets: 32768  Batches: 1  Memory Usage: 1209kB
                    ->  Seq Scan on title t  (cost=0.00..73925.90 rows=26067 width=4) (actual time=0.039..1274.347 rows=27085 loops=1)
                          Filter: ((kind_id < 7) AND (production_year > 2012))
                          Rows Removed by Filter: 2501227
Planning time: 1.191 ms
Execution time: 9702.391 ms
