Hash Join  (cost=125260.42..219240.11 rows=40818 width=0) (actual time=2457.466..4775.302 rows=655434 loops=1)
  Hash Cond: (mk.movie_id = t.id)
  ->  Seq Scan on movie_keyword mk  (cost=0.00..81003.12 rows=3351570 width=4) (actual time=0.023..1638.982 rows=3349949 loops=1)
        Filter: (keyword_id > 1382)
        Rows Removed by Filter: 1173981
  ->  Hash  (cost=124875.49..124875.49 rows=30794 width=8) (actual time=2456.171..2456.171 rows=29477 loops=1)
        Buckets: 32768  Batches: 1  Memory Usage: 1408kB
        ->  Hash Join  (cost=68365.25..124875.49 rows=30794 width=8) (actual time=1501.250..2445.644 rows=29477 loops=1)
              Hash Cond: (mc.movie_id = t.id)
              ->  Seq Scan on movie_companies mc  (cost=0.00..51404.11 rows=1279517 width=4) (actual time=311.420..931.666 rows=1274246 loops=1)
                    Filter: (company_type_id = 1)
                    Rows Removed by Filter: 1334883
              ->  Hash  (cost=67604.59..67604.59 rows=60853 width=4) (actual time=1189.421..1189.421 rows=62568 loops=1)
                    Buckets: 65536  Batches: 1  Memory Usage: 2712kB
                    ->  Seq Scan on title t  (cost=0.00..67604.59 rows=60853 width=4) (actual time=0.020..1163.680 rows=62568 loops=1)
                          Filter: (production_year = 2002)
                          Rows Removed by Filter: 2465744
Planning time: 1.126 ms
Execution time: 4863.149 ms
