Hash Join  (cost=81987.19..155384.43 rows=288779 width=0) (actual time=1460.301..3276.612 rows=108359 loops=1)
  Hash Cond: (mc.movie_id = t.id)
  ->  Seq Scan on movie_companies mc  (cost=0.00..51404.11 rows=1486224 width=4) (actual time=25.554..1087.063 rows=1488322 loops=1)
        Filter: (company_id > 7851)
        Rows Removed by Filter: 1120807
  ->  Hash  (cost=73925.90..73925.90 rows=491303 width=4) (actual time=1433.837..1433.837 rows=352208 loops=1)
        Buckets: 131072  Batches: 8  Memory Usage: 2561kB
        ->  Seq Scan on title t  (cost=0.00..73925.90 rows=491303 width=4) (actual time=0.032..1317.576 rows=352208 loops=1)
              Filter: ((kind_id > 1) AND (production_year < 1989))
              Rows Removed by Filter: 2176104
Planning time: 0.703 ms
Execution time: 3291.262 ms
