Hash Join  (cost=83072.41..898871.51 rows=122 width=0) (actual time=1351.674..18129.793 rows=391 loops=1)
  Hash Cond: (ci.movie_id = t.id)
  ->  Seq Scan on cast_info ci  (cost=0.00..705507.15 rows=29410877 width=4) (actual time=0.019..12292.463 rows=29348828 loops=1)
        Filter: (person_id < 2974299)
        Rows Removed by Filter: 6895516
  ->  Hash  (cost=83072.29..83072.29 rows=10 width=8) (actual time=1322.635..1322.635 rows=13 loops=1)
        Buckets: 1024  Batches: 1  Memory Usage: 9kB
        ->  Nested Loop  (cost=0.43..83072.29 rows=10 width=8) (actual time=8.710..1322.604 rows=13 loops=1)
              ->  Seq Scan on movie_keyword mk  (cost=0.00..81003.12 rows=246 width=4) (actual time=4.342..1295.932 rows=502 loops=1)
                    Filter: (keyword_id = 997)
                    Rows Removed by Filter: 4523428
              ->  Index Scan using title_pkey on title t  (cost=0.43..8.40 rows=1 width=4) (actual time=0.051..0.051 rows=0 loops=502)
                    Index Cond: (id = mk.movie_id)
                    Filter: (production_year = 2006)
                    Rows Removed by Filter: 1
Planning time: 1.192 ms
Execution time: 18130.271 ms
