Hash Join  (cost=94642.16..459377.13 rows=7903 width=0) (actual time=1716.447..9386.068 rows=60876 loops=1)
  Hash Cond: (mi.movie_id = t.id)
  ->  Seq Scan on movie_info mi  (cost=0.00..309384.22 rows=14739122 width=4) (actual time=0.024..4603.714 rows=14835720 loops=1)
  ->  Hash  (cost=94625.21..94625.21 rows=1356 width=8) (actual time=1715.818..1715.818 rows=4040 loops=1)
        Buckets: 4096 (originally 2048)  Batches: 1 (originally 1)  Memory Usage: 190kB
        ->  Hash Join  (cost=67697.55..94625.21 rows=1356 width=8) (actual time=1094.277..1713.822 rows=4040 loops=1)
              Hash Cond: (mi_idx.movie_id = t.id)
              ->  Seq Scan on movie_info_idx mi_idx  (cost=0.00..25185.44 rows=460978 width=4) (actual time=0.009..505.890 rows=459925 loops=1)
                    Filter: (info_type_id = 99)
                    Rows Removed by Filter: 920110
              ->  Hash  (cost=67604.59..67604.59 rows=7437 width=4) (actual time=1094.145..1094.145 rows=15489 loops=1)
                    Buckets: 16384 (originally 8192)  Batches: 1 (originally 1)  Memory Usage: 673kB
                    ->  Seq Scan on title t  (cost=0.00..67604.59 rows=7437 width=4) (actual time=0.043..1086.821 rows=15489 loops=1)
                          Filter: (production_year = 1983)
                          Rows Removed by Filter: 2512823
Planning time: 1.879 ms
Execution time: 9397.040 ms
