Seq Scan on cast_info ci  (cost=0.00..796071.18 rows=5959901 width=0) (actual time=2305.365..14103.608 rows=12132776 loops=1)
  Filter: ((person_id < 1664598) AND (role_id = 1))
  Rows Removed by Filter: 24111568
Planning time: 0.364 ms
Execution time: 15609.056 ms
