Nested Loop  (cost=0.43..709673.15 rows=132 width=0) (actual time=2213.777..10660.944 rows=2 loops=1)
  ->  Seq Scan on cast_info ci  (cost=0.00..705507.15 rows=500 width=4) (actual time=2213.696..10648.436 rows=880 loops=1)
        Filter: (person_id = 2935630)
        Rows Removed by Filter: 36243464
  ->  Index Scan using title_pkey on title t  (cost=0.43..8.32 rows=1 width=4) (actual time=0.014..0.014 rows=0 loops=880)
        Index Cond: (id = ci.movie_id)
        Filter: (kind_id = 1)
        Rows Removed by Filter: 1
Planning time: 0.777 ms
Execution time: 10661.063 ms
