Seq Scan on movie_keyword mk  (cost=0.00..81003.12 rows=246 width=0) (actual time=135.164..1143.300 rows=33 loops=1)
  Filter: (keyword_id = 43742)
  Rows Removed by Filter: 4523897
Planning time: 0.321 ms
Execution time: 1143.406 ms
