Nested Loop  (cost=0.43..83072.29 rows=181 width=0) (actual time=16.508..1375.175 rows=82 loops=1)
  ->  Seq Scan on movie_keyword mk  (cost=0.00..81003.12 rows=246 width=4) (actual time=5.653..1352.282 rows=340 loops=1)
        Filter: (keyword_id = 5720)
        Rows Removed by Filter: 4523590
  ->  Index Scan using title_pkey on title t  (cost=0.43..8.40 rows=1 width=4) (actual time=0.065..0.065 rows=0 loops=340)
        Index Cond: (id = mk.movie_id)
        Filter: (kind_id > 1)
        Rows Removed by Filter: 1
Planning time: 0.818 ms
Execution time: 1375.348 ms
