Hash Join  (cost=320827.76..1934605.77 rows=47642085 width=0) (actual time=7106.544..78031.022 rows=164107328 loops=1)
  Hash Cond: (ci.movie_id = t.id)
  ->  Seq Scan on cast_info ci  (cost=0.00..614943.12 rows=36225612 width=4) (actual time=0.023..13991.252 rows=36244344 loops=1)
  ->  Hash  (cost=266270.39..266270.39 rows=3325390 width=8) (actual time=7104.597..7104.597 rows=2993112 loops=1)
        Buckets: 131072  Batches: 64  Memory Usage: 2832kB
        ->  Hash Join  (cost=98098.54..266270.39 rows=3325390 width=8) (actual time=1896.361..6294.475 rows=2993112 loops=1)
              Hash Cond: (mk.movie_id = t.id)
              ->  Seq Scan on movie_keyword mk  (cost=0.00..69693.30 rows=4523930 width=4) (actual time=0.016..1347.604 rows=4523930 loops=1)
              ->  Hash  (cost=67604.59..67604.59 rows=1858636 width=4) (actual time=1893.596..1893.596 rows=1852807 loops=1)
                    Buckets: 131072  Batches: 32  Memory Usage: 3075kB
                    ->  Seq Scan on title t  (cost=0.00..67604.59 rows=1858636 width=4) (actual time=0.028..1266.463 rows=1852807 loops=1)
                          Filter: (production_year > 1985)
                          Rows Removed by Filter: 675505
Planning time: 1.041 ms
Execution time: 95172.645 ms
