Hash Join  (cost=135384.36..223014.14 rows=18273 width=0) (actual time=2441.990..4077.893 rows=30123 loops=1)
  Hash Cond: (mk.movie_id = t.id)
  ->  Seq Scan on movie_keyword mk  (cost=0.00..81003.12 rows=1718381 width=4) (actual time=0.020..1359.642 rows=1727503 loops=1)
        Filter: (keyword_id > 8195)
        Rows Removed by Filter: 2796427
  ->  Hash  (cost=135048.26..135048.26 rows=26888 width=8) (actual time=2439.747..2439.747 rows=12841 loops=1)
        Buckets: 32768  Batches: 1  Memory Usage: 758kB
        ->  Hash Join  (cost=69460.45..135048.26 rows=26888 width=8) (actual time=1149.869..2434.620 rows=12841 loops=1)
              Hash Cond: (mc.movie_id = t.id)
              ->  Seq Scan on movie_companies mc  (cost=0.00..57926.93 rows=601065 width=4) (actual time=0.018..945.333 rows=386728 loops=1)
                    Filter: ((company_id < 9969) AND (company_type_id = 2))
                    Rows Removed by Filter: 2222401
              ->  Hash  (cost=67604.59..67604.59 rows=113109 width=4) (actual time=1149.085..1149.085 rows=119565 loops=1)
                    Buckets: 131072  Batches: 2  Memory Usage: 3115kB
                    ->  Seq Scan on title t  (cost=0.00..67604.59 rows=113109 width=4) (actual time=0.020..1097.746 rows=119565 loops=1)
                          Filter: (production_year = 2007)
                          Rows Removed by Filter: 2408747
Planning time: 1.099 ms
Execution time: 4082.048 ms
