Hash Join  (cost=82805.75..527538.23 rows=2283179 width=0) (actual time=1502.859..11473.972 rows=2491513 loops=1)
  Hash Cond: (mi.movie_id = t.id)
  ->  Seq Scan on movie_info mi  (cost=0.00..346232.03 rows=6231111 width=4) (actual time=0.017..6280.434 rows=6223494 loops=1)
        Filter: (info_type_id > 8)
        Rows Removed by Filter: 8612226
  ->  Hash  (cost=67604.59..67604.59 rows=926493 width=4) (actual time=1501.687..1501.687 rows=924605 loops=1)
        Buckets: 131072  Batches: 16  Memory Usage: 3064kB
        ->  Seq Scan on title t  (cost=0.00..67604.59 rows=926493 width=4) (actual time=0.011..1197.263 rows=924605 loops=1)
              Filter: (production_year < 1998)
              Rows Removed by Filter: 1603707
Planning time: 0.758 ms
Execution time: 11756.591 ms
