Seq Scan on movie_companies mc  (cost=0.00..51404.11 rows=1114801 width=0) (actual time=0.023..933.349 rows=1125635 loops=1)
  Filter: (company_id > 13614)
  Rows Removed by Filter: 1483494
Planning time: 0.292 ms
Execution time: 1071.150 ms
