Seq Scan on movie_keyword mk  (cost=0.00..81003.12 rows=4298780 width=0) (actual time=0.024..1578.787 rows=4296494 loops=1)
  Filter: (keyword_id < 63804)
  Rows Removed by Filter: 227436
Planning time: 0.309 ms
Execution time: 2118.136 ms
