Seq Scan on movie_keyword mk  (cost=0.00..81003.12 rows=246 width=0) (actual time=1.888..1153.242 rows=356 loops=1)
  Filter: (keyword_id = 1117)
  Rows Removed by Filter: 4523574
Planning time: 1.691 ms
Execution time: 1153.528 ms
