Hash Join  (cost=239959.95..1170622.21 rows=3441678 width=0) (actual time=9794.960..24804.281 rows=9162647 loops=1)
  Hash Cond: (ci.movie_id = t.id)
  ->  Seq Scan on cast_info ci  (cost=0.00..796071.18 rows=7462858 width=4) (actual time=2803.883..13976.446 rows=1951090 loops=1)
        Filter: ((person_id > 1468033) AND (role_id = 1))
        Rows Removed by Filter: 34293254
  ->  Hash  (cost=220827.80..220827.80 rows=1166092 width=8) (actual time=6989.351..6989.351 rows=3197072 loops=1)
        Buckets: 131072 (originally 131072)  Batches: 64 (originally 16)  Memory Usage: 3073kB
        ->  Hash Join  (cost=84618.84..220827.80 rows=1166092 width=8) (actual time=1447.726..6035.402 rows=3197072 loops=1)
              Hash Cond: (mk.movie_id = t.id)
              ->  Seq Scan on movie_keyword mk  (cost=0.00..69693.30 rows=4523930 width=4) (actual time=0.017..1469.858 rows=4523930 loops=1)
              ->  Hash  (cost=73925.90..73925.90 rows=651755 width=4) (actual time=1447.022..1447.022 rows=711179 loops=1)
                    Buckets: 131072  Batches: 16  Memory Usage: 2598kB
                    ->  Seq Scan on title t  (cost=0.00..73925.90 rows=651755 width=4) (actual time=0.019..1216.241 rows=711179 loops=1)
                          Filter: ((kind_id < 7) AND (production_year < 2008))
                          Rows Removed by Filter: 1817133
Planning time: 1.094 ms
Execution time: 25882.376 ms
