Seq Scan on cast_info ci  (cost=0.00..705507.15 rows=500 width=0) (actual time=1940.841..10966.871 rows=472 loops=1)
  Filter: (person_id = 1658520)
  Rows Removed by Filter: 36243872
Planning time: 0.452 ms
Execution time: 10967.040 ms
