Hash Join  (cost=102767.86..212186.71 rows=2000415 width=0) (actual time=1793.515..5109.701 rows=2001721 loops=1)
  Hash Cond: (mc.movie_id = t.id)
  ->  Seq Scan on movie_companies mc  (cost=0.00..51404.11 rows=2000415 width=4) (actual time=0.021..1057.641 rows=2001721 loops=1)
        Filter: (company_id > 707)
        Rows Removed by Filter: 607408
  ->  Hash  (cost=61283.27..61283.27 rows=2528527 width=4) (actual time=1791.610..1791.610 rows=2528312 loops=1)
        Buckets: 131072  Batches: 64  Memory Usage: 2415kB
        ->  Seq Scan on title t  (cost=0.00..61283.27 rows=2528527 width=4) (actual time=0.021..944.236 rows=2528312 loops=1)
Planning time: 0.698 ms
Execution time: 5338.252 ms
