Nested Loop  (cost=0.43..709673.15 rows=286 width=0) (actual time=1659.241..10515.355 rows=152 loops=1)
  ->  Seq Scan on cast_info ci  (cost=0.00..705507.15 rows=500 width=4) (actual time=1659.074..10512.668 rows=153 loops=1)
        Filter: (person_id = 670226)
        Rows Removed by Filter: 36244191
  ->  Index Scan using title_pkey on title t  (cost=0.43..8.32 rows=1 width=4) (actual time=0.016..0.016 rows=1 loops=153)
        Index Cond: (id = ci.movie_id)
        Filter: (production_year < 2006)
        Rows Removed by Filter: 0
Planning time: 0.747 ms
Execution time: 10515.474 ms
