Seq Scan on cast_info ci  (cost=0.00..705507.15 rows=1056284 width=0) (actual time=356.254..10972.668 rows=937781 loops=1)
  Filter: (person_id < 96847)
  Rows Removed by Filter: 35306563
Planning time: 0.315 ms
Execution time: 11089.542 ms
