Hash Join  (cost=126664.07..619350.49 rows=1207148 width=0) (actual time=2543.836..16782.409 rows=4007246 loops=1)
  Hash Cond: (mi.movie_id = t.id)
  ->  Seq Scan on movie_info mi  (cost=0.00..309384.22 rows=14739122 width=4) (actual time=0.022..6197.233 rows=14835720 loops=1)
  ->  Hash  (cost=123266.46..123266.46 rows=207089 width=8) (actual time=2543.009..2543.009 rows=251034 loops=1)
        Buckets: 131072  Batches: 4  Memory Usage: 3488kB
        ->  Hash Join  (cost=86241.46..123266.46 rows=207089 width=8) (actual time=1520.635..2461.154 rows=251034 loops=1)
              Hash Cond: (mi_idx.movie_id = t.id)
              ->  Seq Scan on movie_info_idx mi_idx  (cost=0.00..25185.44 rows=460978 width=4) (actual time=0.017..435.231 rows=459925 loops=1)
                    Filter: (info_type_id < 100)
                    Rows Removed by Filter: 920110
              ->  Hash  (cost=67604.59..67604.59 rows=1135910 width=4) (actual time=1519.488..1519.488 rows=1133355 loops=1)
                    Buckets: 131072  Batches: 16  Memory Usage: 3516kB
                    ->  Seq Scan on title t  (cost=0.00..67604.59 rows=1135910 width=4) (actual time=0.014..1156.468 rows=1133355 loops=1)
                          Filter: (production_year < 2002)
                          Rows Removed by Filter: 1394957
Planning time: 1.147 ms
Execution time: 17281.314 ms
