Hash Join  (cost=130680.86..215606.35 rows=23476 width=0) (actual time=3488.301..3999.895 rows=13347 loops=1)
  Hash Cond: (mk.movie_id = t.id)
  ->  Seq Scan on movie_keyword mk  (cost=0.00..81003.12 rows=983363 width=4) (actual time=0.022..1309.508 rows=992704 loops=1)
        Filter: (keyword_id < 934)
        Rows Removed by Filter: 3531226
  ->  Hash  (cost=129926.31..129926.31 rows=60364 width=8) (actual time=2501.078..2501.078 rows=21415 loops=1)
        Buckets: 65536  Batches: 1  Memory Usage: 1349kB
        ->  Hash Join  (cost=74657.14..129926.31 rows=60364 width=8) (actual time=1348.511..2493.163 rows=21415 loops=1)
              Hash Cond: (mc.movie_id = t.id)
              ->  Seq Scan on movie_companies mc  (cost=0.00..44881.29 rows=2609129 width=4) (actual time=0.013..535.573 rows=2609129 loops=1)
              ->  Hash  (cost=73925.90..73925.90 rows=58499 width=4) (actual time=1208.904..1208.904 rows=62752 loops=1)
                    Buckets: 65536  Batches: 1  Memory Usage: 2719kB
                    ->  Seq Scan on title t  (cost=0.00..73925.90 rows=58499 width=4) (actual time=0.021..1183.257 rows=62752 loops=1)
                          Filter: ((kind_id = 7) AND (production_year = 2005))
                          Rows Removed by Filter: 2465560
Planning time: 1.434 ms
Execution time: 4001.902 ms
