Hash Join  (cost=141139.25..637598.80 rows=1560762 width=0) (actual time=3018.179..17052.572 rows=1210807 loops=1)
  Hash Cond: (mi.movie_id = t.id)
  ->  Seq Scan on movie_info mi  (cost=0.00..309384.22 rows=14739122 width=4) (actual time=0.009..6133.642 rows=14835720 loops=1)
  ->  Hash  (cost=136746.35..136746.35 rows=267752 width=8) (actual time=3017.419..3017.419 rows=141856 loops=1)
        Buckets: 131072  Batches: 4  Memory Usage: 2413kB
        ->  Hash Join  (cost=97816.89..136746.35 rows=267752 width=8) (actual time=1928.179..2969.208 rows=141856 loops=1)
              Hash Cond: (mi_idx.movie_id = t.id)
              ->  Seq Scan on movie_info_idx mi_idx  (cost=0.00..25185.44 rows=464934 width=4) (actual time=0.023..521.874 rows=460185 loops=1)
                    Filter: (info_type_id > 100)
                    Rows Removed by Filter: 919850
              ->  Hash  (cost=73925.90..73925.90 rows=1456159 width=4) (actual time=1926.894..1926.894 rows=1478439 loops=1)
                    Buckets: 131072  Batches: 32  Memory Usage: 2651kB
                    ->  Seq Scan on title t  (cost=0.00..73925.90 rows=1456159 width=4) (actual time=100.724..1457.317 rows=1478439 loops=1)
                          Filter: ((production_year > 1916) AND (kind_id = 7))
                          Rows Removed by Filter: 1049873
Planning time: 1.148 ms
Execution time: 17198.429 ms
