Hash Join  (cost=65418.63..430127.61 rows=5305 width=0) (actual time=991.993..8359.246 rows=59070 loops=1)
  Hash Cond: (mi.movie_id = t.id)
  ->  Seq Scan on movie_info mi  (cost=0.00..309384.22 rows=14739122 width=4) (actual time=0.032..4306.437 rows=14835720 loops=1)
  ->  Hash  (cost=65407.26..65407.26 rows=910 width=8) (actual time=991.692..991.692 rows=3969 loops=1)
        Buckets: 4096 (originally 1024)  Batches: 1 (originally 1)  Memory Usage: 188kB
        ->  Nested Loop  (cost=0.43..65407.26 rows=910 width=8) (actual time=246.770..989.581 rows=3969 loops=1)
              ->  Seq Scan on movie_companies mc  (cost=0.00..57926.93 rows=910 width=4) (actual time=246.704..881.310 rows=3969 loops=1)
                    Filter: ((company_id < 6) AND (company_type_id < 2))
                    Rows Removed by Filter: 2605160
              ->  Index Only Scan using title_pkey on title t  (cost=0.43..8.21 rows=1 width=4) (actual time=0.026..0.026 rows=1 loops=3969)
                    Index Cond: (id = mc.movie_id)
                    Heap Fetches: 3969
Planning time: 1.256 ms
Execution time: 8368.825 ms
