Hash Join  (cost=160526.42..1196398.89 rows=7306499 width=0) (actual time=3756.448..29658.554 rows=9371754 loops=1)
  Hash Cond: (ci.movie_id = t.id)
  ->  Seq Scan on cast_info ci  (cost=0.00..705507.15 rows=21968893 width=4) (actual time=432.149..14186.582 rows=22043383 loops=1)
        Filter: (person_id > 1398345)
        Rows Removed by Filter: 14200961
  ->  Hash  (cost=146729.58..146729.58 rows=840947 width=8) (actual time=3321.049..3321.049 rows=425718 loops=1)
        Buckets: 131072  Batches: 16  Memory Usage: 2062kB
        ->  Hash Join  (cost=92883.59..146729.58 rows=840947 width=8) (actual time=1780.451..3193.571 rows=425718 loops=1)
              Hash Cond: (mi_idx.movie_id = t.id)
              ->  Seq Scan on movie_info_idx mi_idx  (cost=0.00..21735.35 rows=1380035 width=4) (actual time=0.021..443.627 rows=1380035 loops=1)
              ->  Hash  (cost=67604.59..67604.59 rows=1540800 width=4) (actual time=1726.632..1726.632 rows=1543264 loops=1)
                    Buckets: 131072  Batches: 32  Memory Usage: 2722kB
                    ->  Seq Scan on title t  (cost=0.00..67604.59 rows=1540800 width=4) (actual time=0.032..1235.850 rows=1543264 loops=1)
                          Filter: (kind_id = 7)
                          Rows Removed by Filter: 985048
Planning time: 1.124 ms
Execution time: 30682.810 ms
