Hash Join  (cost=94699.36..459591.89 rows=23660 width=0) (actual time=1609.472..8546.062 rows=12300 loops=1)
  Hash Cond: (mi.movie_id = t.id)
  ->  Seq Scan on movie_info mi  (cost=0.00..309384.22 rows=14739122 width=4) (actual time=0.024..4410.824 rows=14835720 loops=1)
  ->  Hash  (cost=94648.62..94648.62 rows=4059 width=8) (actual time=1535.414..1535.414 rows=777 loops=1)
        Buckets: 4096  Batches: 1  Memory Usage: 63kB
        ->  Hash Join  (cost=67697.55..94648.62 rows=4059 width=8) (actual time=1137.445..1534.984 rows=777 loops=1)
              Hash Cond: (mi_idx.movie_id = t.id)
              ->  Seq Scan on movie_info_idx mi_idx  (cost=0.00..21735.35 rows=1380035 width=4) (actual time=0.020..293.588 rows=1380035 loops=1)
              ->  Hash  (cost=67604.59..67604.59 rows=7437 width=4) (actual time=971.092..971.092 rows=2614 loops=1)
                    Buckets: 8192  Batches: 1  Memory Usage: 156kB
                    ->  Seq Scan on title t  (cost=0.00..67604.59 rows=7437 width=4) (actual time=0.338..969.659 rows=2614 loops=1)
                          Filter: (production_year = 1923)
                          Rows Removed by Filter: 2525698
Planning time: 3.596 ms
Execution time: 8548.299 ms
