Hash Join  (cost=258128.86..668899.21 rows=1908235 width=0) (actual time=10457.105..18630.410 rows=13602576 loops=1)
  Hash Cond: (mi.movie_id = t.id)
  ->  Seq Scan on movie_info mi  (cost=0.00..346232.03 rows=3068194 width=4) (actual time=3724.564..5244.784 rows=3036719 loops=1)
        Filter: (info_type_id = 16)
        Rows Removed by Filter: 11799001
  ->  Hash  (cost=232328.44..232328.44 rows=1572594 width=8) (actual time=6699.216..6699.216 rows=1492353 loops=1)
        Buckets: 131072  Batches: 32  Memory Usage: 2891kB
        ->  Hash Join  (cost=103947.06..232328.44 rows=1572594 width=8) (actual time=2099.146..6221.506 rows=1492353 loops=1)
              Hash Cond: (mk.movie_id = t.id)
              ->  Seq Scan on movie_keyword mk  (cost=0.00..81003.12 rows=1795062 width=4) (actual time=0.022..1640.388 rows=1799766 loops=1)
                    Filter: (keyword_id > 7733)
                    Rows Removed by Filter: 2724164
              ->  Hash  (cost=67604.59..67604.59 rows=2215158 width=4) (actual time=2098.277..2098.277 rows=2203697 loops=1)
                    Buckets: 131072  Batches: 32  Memory Usage: 3457kB
                    ->  Seq Scan on title t  (cost=0.00..67604.59 rows=2215158 width=4) (actual time=0.017..1375.987 rows=2203697 loops=1)
                          Filter: (production_year > 1960)
                          Rows Removed by Filter: 324615
Planning time: 2.606 ms
Execution time: 20212.631 ms
