Seq Scan on movie_companies mc  (cost=0.00..57926.93 rows=53 width=0) (actual time=30.578..855.797 rows=11 loops=1)
  Filter: ((company_id = 42916) AND (company_type_id = 2))
  Rows Removed by Filter: 2609118
Planning time: 0.353 ms
Execution time: 855.897 ms
