Hash Join  (cost=80549.28..159532.40 rows=315465 width=0) (actual time=1915.811..3901.743 rows=133277 loops=1)
  Hash Cond: (mc.movie_id = t.id)
  ->  Seq Scan on movie_companies mc  (cost=0.00..51404.11 rows=1975828 width=4) (actual time=0.021..1003.951 rows=1971340 loops=1)
        Filter: (company_id < 57697)
        Rows Removed by Filter: 637789
  ->  Hash  (cost=73925.90..73925.90 rows=403710 width=4) (actual time=1914.377..1914.377 rows=434218 loops=1)
        Buckets: 131072  Batches: 8  Memory Usage: 2935kB
        ->  Seq Scan on title t  (cost=0.00..73925.90 rows=403710 width=4) (actual time=0.022..1128.967 rows=434218 loops=1)
              Filter: ((production_year > 2008) AND (kind_id = 7))
              Rows Removed by Filter: 2094094
Planning time: 0.732 ms
Execution time: 3918.413 ms
