Hash Join  (cost=190230.21..1124708.96 rows=7169454 width=0) (actual time=4183.647..28461.870 rows=14883989 loops=1)
  Hash Cond: (ci.movie_id = t.id)
  ->  Seq Scan on cast_info ci  (cost=0.00..705507.15 rows=13136014 width=4) (actual time=0.024..13390.763 rows=13259338 loops=1)
        Filter: (person_id > 2347561)
        Rows Removed by Filter: 22985006
  ->  Hash  (cost=167588.78..167588.78 rows=1380035 width=8) (actual time=4182.367..4182.367 rows=1380035 loops=1)
        Buckets: 131072  Batches: 32  Memory Usage: 2708kB
        ->  Hash Join  (cost=102767.86..167588.78 rows=1380035 width=8) (actual time=1890.692..3788.262 rows=1380035 loops=1)
              Hash Cond: (mi_idx.movie_id = t.id)
              ->  Seq Scan on movie_info_idx mi_idx  (cost=0.00..21735.35 rows=1380035 width=4) (actual time=0.015..409.646 rows=1380035 loops=1)
              ->  Hash  (cost=61283.27..61283.27 rows=2528527 width=4) (actual time=1888.835..1888.835 rows=2528312 loops=1)
                    Buckets: 131072  Batches: 64  Memory Usage: 2415kB
                    ->  Seq Scan on title t  (cost=0.00..61283.27 rows=2528527 width=4) (actual time=0.017..1033.233 rows=2528312 loops=1)
Planning time: 1.160 ms
Execution time: 30202.822 ms
