Hash Join  (cost=87783.05..174847.52 rows=871494 width=0) (actual time=1459.416..4147.857 rows=1421383 loops=1)
  Hash Cond: (mc.movie_id = t.id)
  ->  Seq Scan on movie_companies mc  (cost=0.00..44881.29 rows=2609129 width=4) (actual time=0.023..897.402 rows=2609129 loops=1)
  ->  Hash  (cost=73925.90..73925.90 rows=844572 width=4) (actual time=1458.355..1458.355 rows=760399 loops=1)
        Buckets: 131072  Batches: 16  Memory Usage: 2698kB
        ->  Seq Scan on title t  (cost=0.00..73925.90 rows=844572 width=4) (actual time=0.023..1217.717 rows=760399 loops=1)
              Filter: ((kind_id < 7) AND (production_year > 1964))
              Rows Removed by Filter: 1767913
Planning time: 0.694 ms
Execution time: 4321.325 ms
