Hash Join  (cost=494918.85..634077.05 rows=1408116 width=0) (actual time=8707.750..13140.716 rows=4542521 loops=1)
  Hash Cond: (mk.movie_id = t.id)
  ->  Seq Scan on movie_keyword mk  (cost=0.00..69693.30 rows=4523930 width=4) (actual time=0.014..1427.710 rows=4523930 loops=1)
  ->  Hash  (cost=482006.00..482006.00 rows=787028 width=8) (actual time=8706.574..8706.574 rows=800360 loops=1)
        Buckets: 131072  Batches: 16  Memory Usage: 2980kB
        ->  Hash Join  (cost=107928.35..482006.00 rows=787028 width=8) (actual time=4623.633..8447.152 rows=800360 loops=1)
              Hash Cond: (mi.movie_id = t.id)
              ->  Seq Scan on movie_info mi  (cost=0.00..346232.03 rows=809669 width=4) (actual time=2298.121..4961.452 rows=802140 loops=1)
                    Filter: (info_type_id = 1)
                    Rows Removed by Filter: 14033580
              ->  Hash  (cost=67604.59..67604.59 rows=2457821 width=4) (actual time=2324.404..2324.404 rows=2456218 loops=1)
                    Buckets: 131072  Batches: 64  Memory Usage: 2385kB
                    ->  Seq Scan on title t  (cost=0.00..67604.59 rows=2457821 width=4) (actual time=0.024..1478.210 rows=2456218 loops=1)
                          Filter: (production_year > 0)
                          Rows Removed by Filter: 72094
Planning time: 3.621 ms
Execution time: 13622.854 ms
