Nested Loop  (cost=0.43..709674.40 rows=15 width=0) (actual time=9842.120..11334.634 rows=81 loops=1)
  ->  Seq Scan on cast_info ci  (cost=0.00..705507.15 rows=500 width=4) (actual time=9841.995..11333.013 rows=81 loops=1)
        Filter: (person_id = 2540786)
        Rows Removed by Filter: 36244263
  ->  Index Scan using title_pkey on title t  (cost=0.43..8.32 rows=1 width=4) (actual time=0.018..0.019 rows=1 loops=81)
        Index Cond: (id = ci.movie_id)
        Filter: ((kind_id < 7) AND (production_year < 1955))
Planning time: 0.738 ms
Execution time: 11334.759 ms
