Hash Join  (cost=202403.50..241740.03 rows=171646 width=0) (actual time=3818.164..4617.216 rows=88426 loops=1)
  Hash Cond: (mi_idx.movie_id = t.id)
  ->  Seq Scan on movie_info_idx mi_idx  (cost=0.00..25185.44 rows=915101 width=4) (actual time=0.027..538.608 rows=919850 loops=1)
        Filter: (info_type_id < 101)
        Rows Removed by Filter: 460185
  ->  Hash  (cost=194622.04..194622.04 rows=474277 width=8) (actual time=3724.201..3724.201 rows=92219 loops=1)
        Buckets: 131072  Batches: 8  Memory Usage: 1480kB
        ->  Hash Join  (cost=92883.59..194622.04 rows=474277 width=8) (actual time=2120.287..3696.844 rows=92219 loops=1)
              Hash Cond: (mk.movie_id = t.id)
              ->  Seq Scan on movie_keyword mk  (cost=0.00..81003.12 rows=778312 width=4) (actual time=0.017..1364.164 rows=779380 loops=1)
                    Filter: (keyword_id < 745)
                    Rows Removed by Filter: 3744550
              ->  Hash  (cost=67604.59..67604.59 rows=1540800 width=4) (actual time=1684.172..1684.172 rows=1543264 loops=1)
                    Buckets: 131072  Batches: 32  Memory Usage: 2728kB
                    ->  Seq Scan on title t  (cost=0.00..67604.59 rows=1540800 width=4) (actual time=214.922..1180.394 rows=1543264 loops=1)
                          Filter: (kind_id = 7)
                          Rows Removed by Filter: 985048
Planning time: 3.833 ms
Execution time: 4624.640 ms
