Seq Scan on title t  (cost=0.00..73925.90 rows=289172 width=0) (actual time=0.024..1157.180 rows=292674 loops=1)
  Filter: ((kind_id > 1) AND (production_year > 2010))
  Rows Removed by Filter: 2235638
Planning time: 0.353 ms
Execution time: 1195.930 ms
