Hash Join  (cost=162701.60..277255.94 rows=134285 width=0) (actual time=3417.701..5990.824 rows=247785 loops=1)
  Hash Cond: (mk.movie_id = t.id)
  ->  Seq Scan on movie_keyword mk  (cost=0.00..81003.12 rows=2743563 width=4) (actual time=0.022..1581.591 rows=2743218 loops=1)
        Filter: (keyword_id < 7777)
        Rows Removed by Filter: 1780712
  ->  Hash  (cost=160670.60..160670.60 rows=123760 width=8) (actual time=3315.913..3315.913 rows=207442 loops=1)
        Buckets: 131072 (originally 131072)  Batches: 4 (originally 2)  Memory Usage: 3073kB
        ->  Hash Join  (cost=92883.59..160670.60 rows=123760 width=8) (actual time=1733.584..3243.360 rows=207442 loops=1)
              Hash Cond: (mc.movie_id = t.id)
              ->  Seq Scan on movie_companies mc  (cost=0.00..57926.93 rows=203096 width=4) (actual time=0.020..1009.206 rows=317030 loops=1)
                    Filter: ((company_id < 284) AND (company_type_id = 1))
                    Rows Removed by Filter: 2292099
              ->  Hash  (cost=67604.59..67604.59 rows=1540800 width=4) (actual time=1732.296..1732.296 rows=1543264 loops=1)
                    Buckets: 131072  Batches: 32  Memory Usage: 2722kB
                    ->  Seq Scan on title t  (cost=0.00..67604.59 rows=1540800 width=4) (actual time=0.023..1242.795 rows=1543264 loops=1)
                          Filter: (kind_id = 7)
                          Rows Removed by Filter: 985048
Planning time: 5.755 ms
Execution time: 6021.116 ms
