Seq Scan on cast_info ci  (cost=0.00..705507.15 rows=24537022 width=0) (actual time=0.010..13373.912 rows=24657585 loops=1)
  Filter: (person_id > 1139788)
  Rows Removed by Filter: 11586759
Planning time: 0.323 ms
Execution time: 16467.614 ms
