Seq Scan on cast_info ci  (cost=0.00..705507.15 rows=25371733 width=0) (actual time=2046.389..13208.437 rows=25513102 loops=1)
  Filter: (person_id > 1052880)
  Rows Removed by Filter: 10731242
Planning time: 0.314 ms
Execution time: 16338.335 ms
