Seq Scan on movie_keyword mk  (cost=0.00..81003.12 rows=246 width=0) (actual time=7.425..1255.324 rows=351 loops=1)
  Filter: (keyword_id = 5818)
  Rows Removed by Filter: 4523579
Planning time: 0.341 ms
Execution time: 1255.618 ms
