Hash Join  (cost=128478.61..226774.37 rows=175836 width=0) (actual time=2916.471..5568.170 rows=1928163 loops=1)
  Hash Cond: (mk.movie_id = t.id)
  ->  Seq Scan on movie_keyword mk  (cost=0.00..81003.12 rows=1220341 width=4) (actual time=0.020..1525.077 rows=1228876 loops=1)
        Filter: (keyword_id < 1559)
        Rows Removed by Filter: 3295054
  ->  Hash  (cost=122500.50..122500.50 rows=364329 width=8) (actual time=2914.996..2914.996 rows=629900 loops=1)
        Buckets: 131072 (originally 131072)  Batches: 16 (originally 8)  Memory Usage: 3073kB
        ->  Hash Join  (cost=78556.72..122500.50 rows=364329 width=8) (actual time=1354.388..2713.045 rows=629900 loops=1)
              Hash Cond: (mi_idx.movie_id = t.id)
              ->  Seq Scan on movie_info_idx mi_idx  (cost=0.00..21735.35 rows=1380035 width=4) (actual time=0.022..486.233 rows=1380035 loops=1)
              ->  Hash  (cost=67604.59..67604.59 rows=667531 width=4) (actual time=1274.949..1274.949 rows=662825 loops=1)
                    Buckets: 131072  Batches: 16  Memory Usage: 2476kB
                    ->  Seq Scan on title t  (cost=0.00..67604.59 rows=667531 width=4) (actual time=0.026..1079.169 rows=662825 loops=1)
                          Filter: (kind_id = 1)
                          Rows Removed by Filter: 1865487
Planning time: 1.200 ms
Execution time: 5798.358 ms
