Hash Join  (cost=83074.61..447741.38 rows=1084 width=0) (actual time=1455.980..8358.572 rows=167 loops=1)
  Hash Cond: (mi.movie_id = t.id)
  ->  Seq Scan on movie_info mi  (cost=0.00..309384.22 rows=14739122 width=4) (actual time=0.013..4429.133 rows=14835720 loops=1)
  ->  Hash  (cost=83072.29..83072.29 rows=186 width=8) (actual time=1252.883..1252.883 rows=20 loops=1)
        Buckets: 1024  Batches: 1  Memory Usage: 9kB
        ->  Nested Loop  (cost=0.43..83072.29 rows=186 width=8) (actual time=518.022..1252.845 rows=20 loops=1)
              ->  Seq Scan on movie_keyword mk  (cost=0.00..81003.12 rows=246 width=4) (actual time=7.689..1229.782 rows=291 loops=1)
                    Filter: (keyword_id = 27616)
                    Rows Removed by Filter: 4523639
              ->  Index Scan using title_pkey on title t  (cost=0.43..8.40 rows=1 width=4) (actual time=0.077..0.077 rows=0 loops=291)
                    Index Cond: (id = mk.movie_id)
                    Filter: (production_year > 1982)
                    Rows Removed by Filter: 1
Planning time: 0.745 ms
Execution time: 8358.784 ms
