Hash Join  (cost=259565.08..1120194.59 rows=2015992 width=176) (actual time=10271.898..22266.055 rows=2934910 loops=1)
  Hash Cond: (ci.movie_id = t.id)
  ->  Seq Scan on cast_info ci  (cost=0.00..705507.15 rows=5475315 width=42) (actual time=4601.777..11028.405 rows=5550222 loops=1)
        Filter: (person_id > 3098399)
        Rows Removed by Filter: 30694122
  ->  Hash  (cost=229743.65..229743.65 rows=930995 width=134) (actual time=5668.852..5668.852 rows=595982 loops=1)
        Buckets: 32768  Batches: 64  Memory Usage: 1533kB
        ->  Hash Join  (cost=115670.52..229743.65 rows=930995 width=134) (actual time=2415.428..5293.703 rows=595982 loops=1)
              Hash Cond: (mc.movie_id = t.id)
              ->  Seq Scan on movie_companies mc  (cost=0.00..51404.11 rows=1329612 width=40) (actual time=64.960..763.750 rows=1334883 loops=1)
                    Filter: (company_type_id = 2)
                    Rows Removed by Filter: 1274246
              ->  Hash  (cost=67604.59..67604.59 rows=1770475 width=94) (actual time=2349.448..2349.448 rows=1774635 loops=1)
                    Buckets: 32768  Batches: 64  Memory Usage: 3431kB
                    ->  Seq Scan on title t  (cost=0.00..67604.59 rows=1770475 width=94) (actual time=0.018..1249.169 rows=1774635 loops=1)
                          Filter: (kind_id > 2)
                          Rows Removed by Filter: 753677
Planning time: 1.386 ms
Execution time: 22436.961 ms
