Hash Join  (cost=175648.27..290980.04 rows=139175 width=0) (actual time=7737.548..14102.607 rows=956304 loops=1)
  Hash Cond: (mk.movie_id = t.id)
  ->  Seq Scan on movie_keyword mk  (cost=0.00..81003.12 rows=2806106 width=4) (actual time=0.018..4457.322 rows=2796682 loops=1)
        Filter: (keyword_id < 8201)
        Rows Removed by Filter: 1727248
  ->  Hash  (cost=173590.67..173590.67 rows=125408 width=8) (actual time=7736.540..7736.540 rows=191881 loops=1)
        Buckets: 131072 (originally 131072)  Batches: 4 (originally 2)  Memory Usage: 3073kB
        ->  Hash Join  (cost=102767.86..173590.67 rows=125408 width=8) (actual time=4608.988..7652.829 rows=191881 loops=1)
              Hash Cond: (mc.movie_id = t.id)
              ->  Seq Scan on movie_companies mc  (cost=0.00..57926.93 rows=125408 width=4) (actual time=0.018..2261.062 rows=191881 loops=1)
                    Filter: ((company_id < 120) AND (company_type_id < 2))
                    Rows Removed by Filter: 2417248
              ->  Hash  (cost=61283.27..61283.27 rows=2528527 width=4) (actual time=4608.299..4608.299 rows=2528312 loops=1)
                    Buckets: 131072  Batches: 64  Memory Usage: 2415kB
                    ->  Seq Scan on title t  (cost=0.00..61283.27 rows=2528527 width=4) (actual time=0.029..3384.793 rows=2528312 loops=1)
Planning time: 2.741 ms
Execution time: 14274.327 ms
