Seq Scan on movie_keyword mk  (cost=0.00..81003.12 rows=246 width=0) (actual time=1294.002..2749.654 rows=1 loops=1)
  Filter: (keyword_id = 95855)
  Rows Removed by Filter: 4523929
Planning time: 0.331 ms
Execution time: 2749.777 ms
