Seq Scan on movie_keyword mk  (cost=0.00..81003.12 rows=246 width=0) (actual time=1.164..3886.063 rows=1275 loops=1)
  Filter: (keyword_id = 2565)
  Rows Removed by Filter: 4522655
Planning time: 0.357 ms
Execution time: 3886.670 ms
