Seq Scan on cast_info ci  (cost=0.00..796071.18 rows=224 width=0) (actual time=8616.691..40408.671 rows=114 loops=1)
  Filter: ((role_id > 2) AND (person_id = 3392699))
  Rows Removed by Filter: 36244230
Planning time: 0.334 ms
Execution time: 40408.804 ms
