Seq Scan on movie_keyword mk  (cost=0.00..81003.12 rows=3859214 width=0) (actual time=0.023..4489.540 rows=3852468 loops=1)
  Filter: (keyword_id < 27936)
  Rows Removed by Filter: 671462
Planning time: 0.308 ms
Execution time: 5182.175 ms
