Hash Join  (cost=97835.13..669197.88 rows=7299512 width=0) (actual time=6175.184..37147.257 rows=3366393 loops=1)
  Hash Cond: (mi.movie_id = t.id)
  ->  Seq Scan on movie_info mi  (cost=0.00..346232.03 rows=12665229 width=4) (actual time=0.015..21484.475 rows=12744652 loops=1)
        Filter: (info_type_id > 2)
        Rows Removed by Filter: 2091068
  ->  Hash  (cost=73925.90..73925.90 rows=1457298 width=4) (actual time=5866.198..5866.198 rows=1438183 loops=1)
        Buckets: 131072  Batches: 32  Memory Usage: 2610kB
        ->  Seq Scan on title t  (cost=0.00..73925.90 rows=1457298 width=4) (actual time=0.018..4593.202 rows=1438183 loops=1)
              Filter: ((production_year < 2013) AND (kind_id = 7))
              Rows Removed by Filter: 1090129
Planning time: 0.756 ms
Execution time: 37601.910 ms
