Hash Join  (cost=205198.88..287833.58 rows=550218 width=0) (actual time=8471.954..13395.846 rows=248102 loops=1)
  Hash Cond: (mc.movie_id = t.id)
  ->  Seq Scan on movie_companies mc  (cost=0.00..44881.29 rows=2609129 width=4) (actual time=0.019..3153.094 rows=2609129 loops=1)
  ->  Hash  (cost=196450.63..196450.63 rows=533220 width=8) (actual time=8470.909..8470.909 rows=133237 loops=1)
        Buckets: 131072  Batches: 8  Memory Usage: 1661kB
        ->  Hash Join  (cost=85894.26..196450.63 rows=533220 width=8) (actual time=6887.396..8419.157 rows=133237 loops=1)
              Hash Cond: (mk.movie_id = t.id)
              ->  Seq Scan on movie_keyword mk  (cost=0.00..81003.12 rows=1848281 width=4) (actual time=0.019..3949.350 rows=1853064 loops=1)
                    Filter: (keyword_id > 7467)
                    Rows Removed by Filter: 2670866
              ->  Hash  (cost=73925.90..73925.90 rows=729468 width=4) (actual time=3255.731..3255.731 rows=638430 loops=1)
                    Buckets: 131072  Batches: 16  Memory Usage: 2431kB
                    ->  Seq Scan on title t  (cost=0.00..73925.90 rows=729468 width=4) (actual time=515.091..2964.829 rows=638430 loops=1)
                          Filter: ((production_year < 2003) AND (kind_id = 7))
                          Rows Removed by Filter: 1889882
Planning time: 12.715 ms
Execution time: 13437.509 ms
