Hash Join  (cost=71711.64..199170.36 rows=447869 width=0) (actual time=1211.941..4393.164 rows=742852 loops=1)
  Hash Cond: (mk.movie_id = t.id)
  ->  Seq Scan on movie_keyword mk  (cost=0.00..69693.30 rows=4523930 width=4) (actual time=0.017..1379.629 rows=4523930 loops=1)
  ->  Hash  (cost=67604.59..67604.59 rows=250324 width=4) (actual time=1211.143..1211.143 rows=252521 loops=1)
        Buckets: 131072  Batches: 4  Memory Usage: 3250kB
        ->  Seq Scan on title t  (cost=0.00..67604.59 rows=250324 width=4) (actual time=0.028..1125.501 rows=252521 loops=1)
              Filter: (production_year < 1961)
              Rows Removed by Filter: 2275791
Planning time: 0.914 ms
Execution time: 4477.055 ms
