Hash Join  (cost=114767.63..963759.39 rows=563360 width=0) (actual time=5652.377..54610.243 rows=1862549 loops=1)
  Hash Cond: (ci.movie_id = t.id)
  ->  Seq Scan on cast_info ci  (cost=0.00..705507.15 rows=11881599 width=4) (actual time=0.022..40182.090 rows=11958302 loops=1)
        Filter: (person_id > 2493691)
        Rows Removed by Filter: 24286042
  ->  Hash  (cost=112800.02..112800.02 rows=119889 width=8) (actual time=5651.547..5651.547 rows=209880 loops=1)
        Buckets: 131072 (originally 131072)  Batches: 4 (originally 2)  Memory Usage: 3075kB
        ->  Hash Join  (cost=78556.72..112800.02 rows=119889 width=8) (actual time=3776.435..5566.216 rows=209880 loops=1)
              Hash Cond: (mi_idx.movie_id = t.id)
              ->  Seq Scan on movie_info_idx mi_idx  (cost=0.00..25185.44 rows=454124 width=4) (actual time=0.022..1276.600 rows=459925 loops=1)
                    Filter: (info_type_id = 100)
                    Rows Removed by Filter: 920110
              ->  Hash  (cost=67604.59..67604.59 rows=667531 width=4) (actual time=3775.731..3775.731 rows=662825 loops=1)
                    Buckets: 131072  Batches: 16  Memory Usage: 2476kB
                    ->  Seq Scan on title t  (cost=0.00..67604.59 rows=667531 width=4) (actual time=0.025..3456.003 rows=662825 loops=1)
                          Filter: (kind_id = 1)
                          Rows Removed by Filter: 1865487
Planning time: 3.804 ms
Execution time: 54904.132 ms
