Hash Join  (cost=93190.30..1299804.20 rows=16822373 width=0) (actual time=5076.557..88828.849 rows=18592730 loops=1)
  Hash Cond: (ci.movie_id = t.id)
  ->  Seq Scan on cast_info ci  (cost=0.00..614943.12 rows=36225612 width=4) (actual time=0.012..47206.388 rows=36244344 loops=1)
  ->  Hash  (cost=73925.90..73925.90 rows=1174192 width=4) (actual time=5075.516..5075.516 rows=1260829 loops=1)
        Buckets: 131072  Batches: 16  Memory Usage: 3806kB
        ->  Seq Scan on title t  (cost=0.00..73925.90 rows=1174192 width=4) (actual time=15.946..4493.942 rows=1260829 loops=1)
              Filter: ((production_year > 1981) AND (kind_id = 7))
              Rows Removed by Filter: 1267483
Planning time: 6.190 ms
Execution time: 91457.260 ms
