Seq Scan on movie_keyword mk  (cost=0.00..81003.12 rows=246 width=0) (actual time=2.131..3587.876 rows=448 loops=1)
  Filter: (keyword_id = 7058)
  Rows Removed by Filter: 4523482
Planning time: 0.297 ms
Execution time: 3588.196 ms
