Seq Scan on cast_info ci  (cost=0.00..705507.15 rows=500 width=0) (actual time=13393.336..28287.521 rows=53 loops=1)
  Filter: (person_id = 3077574)
  Rows Removed by Filter: 36244291
Planning time: 0.328 ms
Execution time: 28287.634 ms
