Hash Join  (cost=68173.50..471325.08 rows=260698 width=0) (actual time=3096.833..29422.444 rows=454889 loops=1)
  Hash Cond: (mi.movie_id = t.id)
  ->  Seq Scan on movie_info mi  (cost=0.00..346232.03 rows=14483353 width=4) (actual time=0.021..21344.439 rows=14528932 loops=1)
        Filter: (info_type_id < 106)
        Rows Removed by Filter: 306788
  ->  Hash  (cost=67604.59..67604.59 rows=45513 width=4) (actual time=3096.450..3096.450 rows=42820 loops=1)
        Buckets: 65536  Batches: 1  Memory Usage: 2018kB
        ->  Seq Scan on title t  (cost=0.00..67604.59 rows=45513 width=4) (actual time=0.018..3079.673 rows=42820 loops=1)
              Filter: (production_year < 1913)
              Rows Removed by Filter: 2485492
Planning time: 0.795 ms
Execution time: 29510.172 ms
