Hash Join  (cost=74663.22..160573.55 rows=28739 width=0) (actual time=2883.077..6662.152 rows=9141 loops=1)
  Hash Cond: (mk.movie_id = t.id)
  ->  Seq Scan on movie_keyword mk  (cost=0.00..81003.12 rows=1231952 width=4) (actual time=16.871..3500.908 rows=1243586 loops=1)
        Filter: (keyword_id > 14535)
        Rows Removed by Filter: 3280344
  ->  Hash  (cost=73925.90..73925.90 rows=58985 width=4) (actual time=2859.335..2859.335 rows=63200 loops=1)
        Buckets: 65536  Batches: 1  Memory Usage: 2734kB
        ->  Seq Scan on title t  (cost=0.00..73925.90 rows=58985 width=4) (actual time=0.052..2828.953 rows=63200 loops=1)
              Filter: ((kind_id > 4) AND (production_year = 2005))
              Rows Removed by Filter: 2465112
Planning time: 0.736 ms
Execution time: 6663.718 ms
