Hash Join  (cost=128695.20..493525.88 rows=17476 width=0) (actual time=6693.462..29473.570 rows=371644 loops=1)
  Hash Cond: (mi.movie_id = t.id)
  ->  Seq Scan on movie_info mi  (cost=0.00..309384.22 rows=14739122 width=4) (actual time=0.023..17984.438 rows=14835720 loops=1)
  ->  Hash  (cost=128657.72..128657.72 rows=2998 width=8) (actual time=6693.355..6693.355 rows=12158 loops=1)
        Buckets: 16384 (originally 4096)  Batches: 1 (originally 1)  Memory Usage: 603kB
        ->  Hash Join  (cost=73962.22..128657.72 rows=2998 width=8) (actual time=3317.151..6687.787 rows=12158 loops=1)
              Hash Cond: (mc.movie_id = t.id)
              ->  Seq Scan on movie_companies mc  (cost=0.00..44881.29 rows=2609129 width=4) (actual time=0.018..2595.647 rows=2609129 loops=1)
              ->  Hash  (cost=73925.90..73925.90 rows=2905 width=4) (actual time=3312.758..3312.758 rows=6173 loops=1)
                    Buckets: 8192 (originally 4096)  Batches: 1 (originally 1)  Memory Usage: 282kB
                    ->  Seq Scan on title t  (cost=0.00..73925.90 rows=2905 width=4) (actual time=0.086..3309.262 rows=6173 loops=1)
                          Filter: ((kind_id < 7) AND (production_year = 1971))
                          Rows Removed by Filter: 2522139
Planning time: 1.135 ms
Execution time: 29536.472 ms
