Seq Scan on movie_companies mc  (cost=0.00..57926.93 rows=1216296 width=0) (actual time=36.789..3514.358 rows=1163261 loops=1)
  Filter: ((company_id > 21) AND (company_type_id = 1))
  Rows Removed by Filter: 1445868
Planning time: 0.369 ms
Execution time: 3683.922 ms
