Hash Join  (cost=58358.90..85273.10 rows=9 width=0) (actual time=2315.021..3491.604 rows=127 loops=1)
  Hash Cond: (mi_idx.movie_id = t.id)
  ->  Seq Scan on movie_info_idx mi_idx  (cost=0.00..25185.44 rows=460978 width=4) (actual time=0.016..1111.632 rows=459925 loops=1)
        Filter: (info_type_id < 100)
        Rows Removed by Filter: 920110
  ->  Hash  (cost=58358.27..58358.27 rows=51 width=8) (actual time=2292.529..2292.529 rows=283 loops=1)
        Buckets: 1024  Batches: 1  Memory Usage: 20kB
        ->  Nested Loop  (cost=0.43..58358.27 rows=51 width=8) (actual time=216.948..2292.276 rows=283 loops=1)
              ->  Seq Scan on movie_companies mc  (cost=0.00..57926.93 rows=51 width=4) (actual time=212.528..2231.627 rows=283 loops=1)
                    Filter: ((company_id = 216) AND (company_type_id = 1))
                    Rows Removed by Filter: 2608846
              ->  Index Only Scan using title_pkey on title t  (cost=0.43..8.45 rows=1 width=4) (actual time=0.212..0.212 rows=1 loops=283)
                    Index Cond: (id = mc.movie_id)
                    Heap Fetches: 283
Planning time: 1.109 ms
Execution time: 3491.806 ms
