Hash Join  (cost=87162.74..171844.87 rows=11355 width=0) (actual time=4307.457..7961.851 rows=33053 loops=1)
  Hash Cond: (mk.movie_id = t.id)
  ->  Seq Scan on movie_keyword mk  (cost=0.00..81003.12 rows=35588 width=4) (actual time=0.020..3422.267 rows=34710 loops=1)
        Filter: (keyword_id = 2488)
        Rows Removed by Filter: 4489220
  ->  Hash  (cost=73925.90..73925.90 rows=806787 width=4) (actual time=4305.989..4305.989 rows=843018 loops=1)
        Buckets: 131072  Batches: 16  Memory Usage: 2888kB
        ->  Seq Scan on title t  (cost=0.00..73925.90 rows=806787 width=4) (actual time=0.013..3933.209 rows=843018 loops=1)
              Filter: ((kind_id < 7) AND (production_year < 2011))
              Rows Removed by Filter: 1685294
Planning time: 0.751 ms
Execution time: 7966.512 ms
