Hash Join  (cost=83074.74..833899.15 rows=3524 width=0) (actual time=3063.207..40493.258 rows=41844 loops=1)
  Hash Cond: (ci.movie_id = t.id)
  ->  Seq Scan on cast_info ci  (cost=0.00..614943.12 rows=36225612 width=4) (actual time=0.011..28689.165 rows=36244344 loops=1)
  ->  Hash  (cost=83071.67..83071.67 rows=246 width=8) (actual time=3060.254..3060.254 rows=970 loops=1)
        Buckets: 1024  Batches: 1  Memory Usage: 46kB
        ->  Nested Loop  (cost=0.43..83071.67 rows=246 width=8) (actual time=0.593..3059.421 rows=970 loops=1)
              ->  Seq Scan on movie_keyword mk  (cost=0.00..81003.12 rows=246 width=4) (actual time=0.545..2920.989 rows=970 loops=1)
                    Filter: (keyword_id = 2218)
                    Rows Removed by Filter: 4522960
              ->  Index Only Scan using title_pkey on title t  (cost=0.43..8.40 rows=1 width=4) (actual time=0.140..0.141 rows=1 loops=970)
                    Index Cond: (id = mk.movie_id)
                    Heap Fetches: 970
Planning time: 1.105 ms
Execution time: 40507.288 ms
