Hash Join  (cost=74045.78..165164.26 rows=10128 width=0) (actual time=3071.392..7124.438 rows=26502 loops=1)
  Hash Cond: (mk.movie_id = t.id)
  ->  Seq Scan on movie_keyword mk  (cost=0.00..81003.12 rows=2670420 width=4) (actual time=0.027..3542.603 rows=2665341 loops=1)
        Filter: (keyword_id < 7431)
        Rows Removed by Filter: 1858589
  ->  Hash  (cost=73925.90..73925.90 rows=9590 width=4) (actual time=3070.072..3070.072 rows=5862 loops=1)
        Buckets: 16384  Batches: 1  Memory Usage: 335kB
        ->  Seq Scan on title t  (cost=0.00..73925.90 rows=9590 width=4) (actual time=1397.533..3067.016 rows=5862 loops=1)
              Filter: ((kind_id = 1) AND (production_year = 1996))
              Rows Removed by Filter: 2522450
Planning time: 8.212 ms
Execution time: 7128.171 ms
