Hash Join  (cost=134768.32..221431.10 rows=474 width=0) (actual time=7625.904..9878.020 rows=13531 loops=1)
  Hash Cond: (mk.movie_id = t.id)
  ->  Seq Scan on movie_keyword mk  (cost=0.00..69693.30 rows=4523930 width=4) (actual time=0.022..3064.078 rows=4523930 loops=1)
  ->  Hash  (cost=134765.01..134765.01 rows=265 width=8) (actual time=5879.576..5879.576 rows=2440 loops=1)
        Buckets: 4096 (originally 1024)  Batches: 1 (originally 1)  Memory Usage: 128kB
        ->  Hash Join  (cost=73929.23..134765.01 rows=265 width=8) (actual time=3798.358..5878.277 rows=2440 loops=1)
              Hash Cond: (mc.movie_id = t.id)
              ->  Seq Scan on movie_companies mc  (cost=0.00..51404.11 rows=2514404 width=4) (actual time=0.016..2640.592 rows=2513918 loops=1)
                    Filter: (company_id < 160460)
                    Rows Removed by Filter: 95211
              ->  Hash  (cost=73925.90..73925.90 rows=266 width=4) (actual time=2767.016..2767.016 rows=1272 loops=1)
                    Buckets: 2048 (originally 1024)  Batches: 1 (originally 1)  Memory Usage: 61kB
                    ->  Seq Scan on title t  (cost=0.00..73925.90 rows=266 width=4) (actual time=0.789..2765.875 rows=1272 loops=1)
                          Filter: ((kind_id = 2) AND (production_year = 1992))
                          Rows Removed by Filter: 2527040
Planning time: 1.197 ms
Execution time: 9879.962 ms
