Seq Scan on title t  (cost=0.00..67604.59 rows=212396 width=0) (actual time=0.019..3137.590 rows=211624 loops=1)
  Filter: (production_year < 1957)
  Rows Removed by Filter: 2316688
Planning time: 0.359 ms
Execution time: 3168.373 ms
