Hash Join  (cost=168162.63..301486.39 rows=929272 width=0) (actual time=3887.920..8892.565 rows=7757089 loops=1)
  Hash Cond: (mk.movie_id = t.id)
  ->  Seq Scan on movie_keyword mk  (cost=0.00..69693.30 rows=4523930 width=4) (actual time=0.028..1435.774 rows=4523930 loops=1)
  ->  Hash  (cost=159641.24..159641.24 rows=519391 width=8) (actual time=3887.118..3887.118 rows=934414 loops=1)
        Buckets: 131072 (originally 131072)  Batches: 16 (originally 8)  Memory Usage: 3333kB
        ->  Hash Join  (cost=83810.17..159641.24 rows=519391 width=8) (actual time=1459.018..3596.257 rows=934414 loops=1)
              Hash Cond: (mc.movie_id = t.id)
              ->  Seq Scan on movie_companies mc  (cost=0.00..51404.11 rows=1329612 width=4) (actual time=0.022..1022.665 rows=1334883 loops=1)
                    Filter: (company_type_id > 1)
                    Rows Removed by Filter: 1274246
              ->  Hash  (cost=67604.59..67604.59 rows=987727 width=4) (actual time=1457.901..1457.901 rows=985048 loops=1)
                    Buckets: 131072  Batches: 16  Memory Usage: 3188kB
                    ->  Seq Scan on title t  (cost=0.00..67604.59 rows=987727 width=4) (actual time=0.020..1151.584 rows=985048 loops=1)
                          Filter: (kind_id < 7)
                          Rows Removed by Filter: 1543264
Planning time: 1.114 ms
Execution time: 9690.437 ms
