Seq Scan on movie_keyword mk  (cost=0.00..81003.12 rows=2019291 width=0) (actual time=0.011..3561.915 rows=2024705 loops=1)
  Filter: (keyword_id > 6105)
  Rows Removed by Filter: 2499225
Planning time: 0.264 ms
Execution time: 3853.365 ms
