Seq Scan on cast_info ci  (cost=0.00..796071.18 rows=10113182 width=0) (actual time=880.879..34070.324 rows=12364094 loops=1)
  Filter: ((person_id > 1337311) AND (role_id > 2))
  Rows Removed by Filter: 23880250
Planning time: 0.389 ms
Execution time: 35944.134 ms
