Hash Join  (cost=174058.99..562036.57 rows=474083 width=0) (actual time=8290.463..10481.152 rows=206832 loops=1)
  Hash Cond: (mi.movie_id = t.id)
  ->  Seq Scan on movie_info mi  (cost=0.00..346232.03 rows=3068194 width=4) (actual time=0.026..5845.312 rows=3036719 loops=1)
        Filter: (info_type_id = 16)
        Rows Removed by Filter: 11799001
  ->  Hash  (cost=167648.29..167648.29 rows=390696 width=8) (actual time=3300.160..3300.160 rows=149966 loops=1)
        Buckets: 131072  Batches: 8  Memory Usage: 1760kB
        ->  Hash Join  (cost=90606.68..167648.29 rows=390696 width=8) (actual time=2194.273..3253.185 rows=149966 loops=1)
              Hash Cond: (mc.movie_id = t.id)
              ->  Seq Scan on movie_companies mc  (cost=0.00..57926.93 rows=971658 width=4) (actual time=503.706..1053.969 rows=664612 loops=1)
                    Filter: ((company_id < 44291) AND (company_type_id = 2))
                    Rows Removed by Filter: 1944517
              ->  Hash  (cost=73925.90..73925.90 rows=1016702 width=4) (actual time=1689.481..1689.481 rows=960113 loops=1)
                    Buckets: 131072  Batches: 16  Memory Usage: 3135kB
                    ->  Seq Scan on title t  (cost=0.00..73925.90 rows=1016702 width=4) (actual time=0.021..1386.891 rows=960113 loops=1)
                          Filter: ((production_year < 2008) AND (kind_id = 7))
                          Rows Removed by Filter: 1568199
Planning time: 1.238 ms
Execution time: 10506.499 ms
