Seq Scan on movie_keyword mk  (cost=0.00..81003.12 rows=643051 width=0) (actual time=0.026..1395.816 rows=654589 loops=1)
  Filter: (keyword_id > 28731)
  Rows Removed by Filter: 3869341
Planning time: 0.354 ms
Execution time: 1475.741 ms
