Hash Join  (cost=130095.47..887109.91 rows=622527 width=0) (actual time=2363.170..23672.104 rows=2605327 loops=1)
  Hash Cond: (ci.movie_id = t.id)
  ->  Seq Scan on cast_info ci  (cost=0.00..614943.12 rows=36225612 width=4) (actual time=0.024..9517.162 rows=36244344 loops=1)
  ->  Hash  (cost=129552.32..129552.32 rows=43452 width=8) (actual time=2362.766..2362.766 rows=71217 loops=1)
        Buckets: 131072 (originally 65536)  Batches: 1 (originally 1)  Memory Usage: 3806kB
        ->  Hash Join  (cost=74452.28..129552.32 rows=43452 width=8) (actual time=1084.292..2334.350 rows=71217 loops=1)
              Hash Cond: (mc.movie_id = t.id)
              ->  Seq Scan on movie_companies mc  (cost=0.00..44881.29 rows=2609129 width=4) (actual time=0.023..585.356 rows=2609129 loops=1)
              ->  Hash  (cost=73925.90..73925.90 rows=42110 width=4) (actual time=1083.910..1083.910 rows=33905 loops=1)
                    Buckets: 65536  Batches: 1  Memory Usage: 1704kB
                    ->  Seq Scan on title t  (cost=0.00..73925.90 rows=42110 width=4) (actual time=0.170..1070.093 rows=33905 loops=1)
                          Filter: ((kind_id < 7) AND (production_year = 2006))
                          Rows Removed by Filter: 2494407
Planning time: 0.891 ms
Execution time: 24005.757 ms
