Hash Join  (cost=365418.15..2016773.16 rows=43496098 width=0) (actual time=9710.328..75966.385 rows=141554835 loops=1)
  Hash Cond: (ci.movie_id = t.id)
  ->  Seq Scan on cast_info ci  (cost=0.00..796071.18 rows=24310955 width=4) (actual time=1533.576..19209.709 rows=26567802 loops=1)
        Filter: ((person_id < 2855388) AND (role_id < 10))
        Rows Removed by Filter: 9676542
  ->  Hash  (cost=291197.02..291197.02 rows=4523930 width=8) (actual time=8174.373..8174.373 rows=4523930 loops=1)
        Buckets: 131072  Batches: 64  Memory Usage: 3816kB
        ->  Hash Join  (cost=102767.86..291197.02 rows=4523930 width=8) (actual time=1891.547..6949.509 rows=4523930 loops=1)
              Hash Cond: (mk.movie_id = t.id)
              ->  Seq Scan on movie_keyword mk  (cost=0.00..69693.30 rows=4523930 width=4) (actual time=0.031..1401.208 rows=4523930 loops=1)
              ->  Hash  (cost=61283.27..61283.27 rows=2528527 width=4) (actual time=1889.839..1889.839 rows=2528312 loops=1)
                    Buckets: 131072  Batches: 64  Memory Usage: 2425kB
                    ->  Seq Scan on title t  (cost=0.00..61283.27 rows=2528527 width=4) (actual time=0.019..1033.181 rows=2528312 loops=1)
Planning time: 1.165 ms
Execution time: 91723.671 ms
