Hash Join  (cost=264438.71..885931.67 rows=11552115 width=0) (actual time=6174.581..36163.936 rows=73398165 loops=1)
  Hash Cond: (mi.movie_id = t.id)
  ->  Seq Scan on movie_info mi  (cost=0.00..309384.22 rows=14739122 width=4) (actual time=0.017..5956.816 rows=14835720 loops=1)
  ->  Hash  (cost=231924.35..231924.35 rows=1981789 width=8) (actual time=6173.409..6173.409 rows=1428290 loops=1)
        Buckets: 131072  Batches: 32  Memory Usage: 2896kB
        ->  Hash Join  (cost=85777.42..231924.35 rows=1981789 width=8) (actual time=1628.103..5479.792 rows=1428290 loops=1)
              Hash Cond: (mk.movie_id = t.id)
              ->  Seq Scan on movie_keyword mk  (cost=0.00..69693.30 rows=4523930 width=4) (actual time=0.018..1367.618 rows=4523930 loops=1)
              ->  Hash  (cost=67604.59..67604.59 rows=1107667 width=4) (actual time=1627.100..1627.100 rows=1107925 loops=1)
                    Buckets: 131072  Batches: 16  Memory Usage: 3467kB
                    ->  Seq Scan on title t  (cost=0.00..67604.59 rows=1107667 width=4) (actual time=0.014..1264.047 rows=1107925 loops=1)
                          Filter: (production_year > 2004)
                          Rows Removed by Filter: 1420387
Planning time: 1.154 ms
Execution time: 44286.830 ms
