Hash Join  (cost=157979.62..654342.41 rows=1551686 width=0) (actual time=3260.458..15796.300 rows=2341733 loops=1)
  Hash Cond: (mi.movie_id = t.id)
  ->  Seq Scan on movie_info mi  (cost=0.00..309384.22 rows=14739122 width=4) (actual time=0.015..6068.360 rows=14835720 loops=1)
  ->  Hash  (cost=153612.18..153612.18 rows=266195 width=8) (actual time=3259.550..3259.550 rows=206402 loops=1)
        Buckets: 131072  Batches: 4  Memory Usage: 3046kB
        ->  Hash Join  (cost=76379.89..153612.18 rows=266195 width=8) (actual time=1277.203..3187.616 rows=206402 loops=1)
              Hash Cond: (mc.movie_id = t.id)
              ->  Seq Scan on movie_companies mc  (cost=0.00..57926.93 rows=1258509 width=4) (actual time=0.014..1154.086 rows=1196314 loops=1)
                    Filter: ((company_id < 137016) AND (company_type_id = 2))
                    Rows Removed by Filter: 1412815
              ->  Hash  (cost=67604.59..67604.59 rows=534824 width=4) (actual time=1276.236..1276.236 rows=533369 loops=1)
                    Buckets: 131072  Batches: 8  Memory Usage: 3369kB
                    ->  Seq Scan on title t  (cost=0.00..67604.59 rows=534824 width=4) (actual time=0.022..1105.730 rows=533369 loops=1)
                          Filter: (production_year > 2009)
                          Rows Removed by Filter: 1994943
Planning time: 1.268 ms
Execution time: 16060.760 ms
