Seq Scan on cast_info ci  (cost=0.00..796071.18 rows=10212859 width=0) (actual time=0.010..15768.600 rows=12670688 loops=1)
  Filter: ((person_id < 2946384) AND (role_id = 1))
  Rows Removed by Filter: 23573656
Planning time: 0.349 ms
Execution time: 17326.626 ms
