Hash Join  (cost=189163.68..607547.18 rows=339391 width=0) (actual time=3730.377..11631.623 rows=162581 loops=1)
  Hash Cond: (mi.movie_id = t.id)
  ->  Seq Scan on movie_info mi  (cost=0.00..346232.03 rows=5897221 width=4) (actual time=0.024..5958.130 rows=5884963 loops=1)
        Filter: (info_type_id < 7)
        Rows Removed by Filter: 8950757
  ->  Hash  (cost=186775.69..186775.69 rows=145519 width=8) (actual time=3729.540..3729.540 rows=33078 loops=1)
        Buckets: 131072  Batches: 2  Memory Usage: 1674kB
        ->  Hash Join  (cost=94973.51..186775.69 rows=145519 width=8) (actual time=1907.232..3717.209 rows=33078 loops=1)
              Hash Cond: (mk.movie_id = t.id)
              ->  Seq Scan on movie_keyword mk  (cost=0.00..81003.12 rows=220573 width=4) (actual time=0.019..1406.428 rows=221867 loops=1)
                    Filter: (keyword_id > 64368)
                    Rows Removed by Filter: 4302063
              ->  Hash  (cost=67604.59..67604.59 rows=1668154 width=4) (actual time=1903.892..1903.892 rows=1674098 loops=1)
                    Buckets: 131072  Batches: 32  Memory Usage: 2875kB
                    ->  Seq Scan on title t  (cost=0.00..67604.59 rows=1668154 width=4) (actual time=0.014..1323.834 rows=1674098 loops=1)
                          Filter: (kind_id > 3)
                          Rows Removed by Filter: 854214
Planning time: 1.250 ms
Execution time: 11654.324 ms
