Hash Join  (cost=234704.89..1181317.83 rows=3929229 width=0) (actual time=9299.477..27357.129 rows=17731713 loops=1)
  Hash Cond: (ci.movie_id = t.id)
  ->  Seq Scan on cast_info ci  (cost=0.00..796071.18 rows=8318696 width=4) (actual time=3065.154..14566.667 rows=3648271 loops=1)
        Filter: ((person_id > 1230559) AND (role_id = 1))
        Rows Removed by Filter: 32596073
  ->  Hash  (cost=215109.93..215109.93 rows=1194317 width=8) (actual time=6232.969..6232.969 rows=2886675 loops=1)
        Buckets: 131072 (originally 131072)  Batches: 64 (originally 16)  Memory Usage: 3073kB
        ->  Hash Join  (cost=78556.72..215109.93 rows=1194317 width=8) (actual time=1351.505..5453.495 rows=2886675 loops=1)
              Hash Cond: (mk.movie_id = t.id)
              ->  Seq Scan on movie_keyword mk  (cost=0.00..69693.30 rows=4523930 width=4) (actual time=0.018..1429.566 rows=4523930 loops=1)
              ->  Hash  (cost=67604.59..67604.59 rows=667531 width=4) (actual time=1350.441..1350.441 rows=662825 loops=1)
                    Buckets: 131072  Batches: 16  Memory Usage: 2486kB
                    ->  Seq Scan on title t  (cost=0.00..67604.59 rows=667531 width=4) (actual time=225.119..1124.915 rows=662825 loops=1)
                          Filter: (kind_id < 2)
                          Rows Removed by Filter: 1865487
Planning time: 1.157 ms
Execution time: 29411.226 ms
