Nested Loop  (cost=0.43..116535.08 rows=738 width=0) (actual time=1.418..1402.172 rows=891 loops=1)
  ->  Seq Scan on movie_keyword mk  (cost=0.00..81003.12 rows=4826 width=4) (actual time=1.066..1233.382 rows=4626 loops=1)
        Filter: (keyword_id = 465)
        Rows Removed by Filter: 4519304
  ->  Index Scan using title_pkey on title t  (cost=0.43..7.35 rows=1 width=4) (actual time=0.036..0.036 rows=0 loops=4626)
        Index Cond: (id = mk.movie_id)
        Filter: (production_year < 1971)
        Rows Removed by Filter: 1
Planning time: 0.769 ms
Execution time: 1402.704 ms
