Hash Join  (cost=80193.64..160677.72 rows=394155 width=0) (actual time=1496.130..3910.005 rows=948271 loops=1)
  Hash Cond: (mc.movie_id = t.id)
  ->  Seq Scan on movie_companies mc  (cost=0.00..44881.29 rows=2609129 width=4) (actual time=0.021..931.579 rows=2609129 loops=1)
  ->  Hash  (cost=73925.90..73925.90 rows=381979 width=4) (actual time=1495.274..1495.274 rows=440029 loops=1)
        Buckets: 131072  Batches: 8  Memory Usage: 2968kB
        ->  Seq Scan on title t  (cost=0.00..73925.90 rows=381979 width=4) (actual time=0.023..1368.731 rows=440029 loops=1)
              Filter: ((production_year < 2006) AND (kind_id = 1))
              Rows Removed by Filter: 2088283
Planning time: 0.731 ms
Execution time: 4021.028 ms
