Hash Join  (cost=146868.26..667312.24 rows=3808504 width=0) (actual time=3379.480..19183.334 rows=12735346 loops=1)
  Hash Cond: (mi.movie_id = t.id)
  ->  Seq Scan on movie_info mi  (cost=0.00..309384.22 rows=14739122 width=4) (actual time=0.012..5804.472 rows=14835720 loops=1)
  ->  Hash  (cost=136148.30..136148.30 rows=653357 width=8) (actual time=3378.684..3378.684 rows=794821 loops=1)
        Buckets: 131072  Batches: 16  Memory Usage: 2990kB
        ->  Hash Join  (cost=87245.25..136148.30 rows=653357 width=8) (actual time=1624.870..3139.452 rows=794821 loops=1)
              Hash Cond: (mi_idx.movie_id = t.id)
              ->  Seq Scan on movie_info_idx mi_idx  (cost=0.00..21735.35 rows=1380035 width=4) (actual time=0.015..441.733 rows=1380035 loops=1)
              ->  Hash  (cost=67604.59..67604.59 rows=1197093 width=4) (actual time=1623.980..1623.980 rows=1195923 loops=1)
                    Buckets: 131072  Batches: 16  Memory Usage: 3653kB
                    ->  Seq Scan on title t  (cost=0.00..67604.59 rows=1197093 width=4) (actual time=0.016..1253.260 rows=1195923 loops=1)
                          Filter: (production_year < 2003)
                          Rows Removed by Filter: 1332389
Planning time: 1.107 ms
Execution time: 20655.941 ms
