Hash Join  (cost=217858.32..803546.19 rows=7323275 width=0) (actual time=4875.068..24113.725 rows=17527843 loops=1)
  Hash Cond: (mi.movie_id = t.id)
  ->  Seq Scan on movie_info mi  (cost=0.00..346232.03 rows=13926693 width=4) (actual time=0.019..7393.816 rows=13963496 loops=1)
        Filter: (info_type_id < 98)
        Rows Removed by Filter: 872224
  ->  Hash  (cost=196044.17..196044.17 rows=1329612 width=8) (actual time=4873.881..4873.881 rows=1334883 loops=1)
        Buckets: 131072  Batches: 32  Memory Usage: 2657kB
        ->  Hash Join  (cost=102767.86..196044.17 rows=1329612 width=8) (actual time=1949.360..4470.971 rows=1334883 loops=1)
              Hash Cond: (mc.movie_id = t.id)
              ->  Seq Scan on movie_companies mc  (cost=0.00..51404.11 rows=1329612 width=4) (actual time=0.022..985.499 rows=1334883 loops=1)
                    Filter: (company_type_id = 2)
                    Rows Removed by Filter: 1274246
              ->  Hash  (cost=61283.27..61283.27 rows=2528527 width=4) (actual time=1947.525..1947.525 rows=2528312 loops=1)
                    Buckets: 131072  Batches: 64  Memory Usage: 2415kB
                    ->  Seq Scan on title t  (cost=0.00..61283.27 rows=2528527 width=4) (actual time=0.010..1087.456 rows=2528312 loops=1)
Planning time: 1.254 ms
Execution time: 26085.387 ms
