Hash Join  (cost=78556.72..955802.35 rows=1460405 width=0) (actual time=1400.433..21530.418 rows=1840956 loops=1)
  Hash Cond: (ci.movie_id = t.id)
  ->  Seq Scan on cast_info ci  (cost=0.00..796071.18 rows=5531839 width=4) (actual time=0.019..16126.360 rows=7451973 loops=1)
        Filter: ((person_id < 2813897) AND (role_id = 2))
        Rows Removed by Filter: 28792371
  ->  Hash  (cost=67604.59..67604.59 rows=667531 width=4) (actual time=1399.626..1399.626 rows=662825 loops=1)
        Buckets: 131072  Batches: 16  Memory Usage: 2476kB
        ->  Seq Scan on title t  (cost=0.00..67604.59 rows=667531 width=4) (actual time=0.016..1199.046 rows=662825 loops=1)
              Filter: (kind_id = 1)
              Rows Removed by Filter: 1865487
Planning time: 0.754 ms
Execution time: 21737.352 ms
