Hash Join  (cost=67697.55..909587.31 rows=106137 width=0) (actual time=1012.792..19463.939 rows=52720 loops=1)
  Hash Cond: (ci.movie_id = t.id)
  ->  Seq Scan on cast_info ci  (cost=0.00..705507.15 rows=36085665 width=4) (actual time=0.016..12567.771 rows=36122655 loops=1)
        Filter: (person_id > 14264)
        Rows Removed by Filter: 121689
  ->  Hash  (cost=67604.59..67604.59 rows=7437 width=4) (actual time=995.168..995.168 rows=2798 loops=1)
        Buckets: 8192  Batches: 1  Memory Usage: 163kB
        ->  Seq Scan on title t  (cost=0.00..67604.59 rows=7437 width=4) (actual time=1.118..993.730 rows=2798 loops=1)
              Filter: (production_year = 1936)
              Rows Removed by Filter: 2525514
Planning time: 0.629 ms
Execution time: 19473.966 ms
