Seq Scan on movie_companies mc  (cost=0.00..57926.93 rows=51 width=0) (actual time=632.361..920.681 rows=1 loops=1)
  Filter: ((company_type_id < 2) AND (company_id = 6198))
  Rows Removed by Filter: 2609128
Planning time: 0.386 ms
Execution time: 920.775 ms
