Hash Join  (cost=129390.42..508304.19 rows=77670 width=0) (actual time=3322.940..9890.179 rows=235506 loops=1)
  Hash Cond: (mi.movie_id = t.id)
  ->  Seq Scan on movie_info mi  (cost=0.00..346232.03 rows=8508011 width=4) (actual time=999.236..5652.328 rows=8612226 loops=1)
        Filter: (info_type_id < 9)
        Rows Removed by Filter: 6223494
  ->  Hash  (cost=129101.88..129101.88 rows=23083 width=8) (actual time=2300.685..2300.685 rows=32183 loops=1)
        Buckets: 32768  Batches: 1  Memory Usage: 1514kB
        ->  Hash Join  (cost=74205.53..129101.88 rows=23083 width=8) (actual time=1105.765..2288.793 rows=32183 loops=1)
              Hash Cond: (mc.movie_id = t.id)
              ->  Seq Scan on movie_companies mc  (cost=0.00..44881.29 rows=2609129 width=4) (actual time=0.029..560.502 rows=2609129 loops=1)
              ->  Hash  (cost=73925.90..73925.90 rows=22370 width=4) (actual time=1105.493..1105.493 rows=22427 loops=1)
                    Buckets: 32768  Batches: 1  Memory Usage: 1045kB
                    ->  Seq Scan on title t  (cost=0.00..73925.90 rows=22370 width=4) (actual time=0.480..1095.601 rows=22427 loops=1)
                          Filter: ((kind_id < 4) AND (production_year = 2013))
                          Rows Removed by Filter: 2505885
Planning time: 7.602 ms
Execution time: 9922.249 ms
