Seq Scan on movie_keyword mk  (cost=0.00..81003.12 rows=246 width=0) (actual time=3.677..1283.447 rows=16 loops=1)
  Filter: (keyword_id = 43581)
  Rows Removed by Filter: 4523914
Planning time: 0.327 ms
Execution time: 1283.533 ms
