Hash Join  (cost=100957.39..499571.30 rows=14682 width=0) (actual time=1698.719..10626.735 rows=64320 loops=1)
  Hash Cond: (mi.movie_id = t.id)
  ->  Seq Scan on movie_info mi  (cost=0.00..346232.03 rows=13929354 width=4) (actual time=0.021..6655.380 rows=14033580 loops=1)
        Filter: (info_type_id > 1)
        Rows Removed by Filter: 802140
  ->  Hash  (cost=100924.07..100924.07 rows=2665 width=8) (actual time=1698.144..1698.144 rows=6435 loops=1)
        Buckets: 8192 (originally 4096)  Batches: 1 (originally 1)  Memory Usage: 316kB
        ->  Hash Join  (cost=73986.94..100924.07 rows=2665 width=8) (actual time=1316.434..1695.532 rows=6435 loops=1)
              Hash Cond: (mi_idx.movie_id = t.id)
              ->  Seq Scan on movie_info_idx mi_idx  (cost=0.00..21735.35 rows=1380035 width=4) (actual time=0.015..305.409 rows=1380035 loops=1)
              ->  Hash  (cost=73925.90..73925.90 rows=4883 width=4) (actual time=1088.236..1088.236 rows=9263 loops=1)
                    Buckets: 16384 (originally 8192)  Batches: 1 (originally 1)  Memory Usage: 454kB
                    ->  Seq Scan on title t  (cost=0.00..73925.90 rows=4883 width=4) (actual time=0.130..1084.190 rows=9263 loops=1)
                          Filter: ((kind_id = 4) AND (production_year = 2006))
                          Rows Removed by Filter: 2519049
Planning time: 1.346 ms
Execution time: 10636.856 ms
