Hash Join  (cost=102767.86..1213468.23 rows=16428629 width=0) (actual time=1890.454..29687.748 rows=16287731 loops=1)
  Hash Cond: (ci.movie_id = t.id)
  ->  Seq Scan on cast_info ci  (cost=0.00..705507.15 rows=16428629 width=4) (actual time=0.229..13901.565 rows=16287731 loops=1)
        Filter: (person_id < 1612755)
        Rows Removed by Filter: 19956613
  ->  Hash  (cost=61283.27..61283.27 rows=2528527 width=4) (actual time=1887.989..1887.989 rows=2528312 loops=1)
        Buckets: 131072  Batches: 64  Memory Usage: 2415kB
        ->  Seq Scan on title t  (cost=0.00..61283.27 rows=2528527 width=4) (actual time=0.008..1071.940 rows=2528312 loops=1)
Planning time: 0.552 ms
Execution time: 31562.212 ms
