Hash Join  (cost=292993.25..939511.67 rows=13897461 width=0) (actual time=6245.881..20292.800 rows=6035797 loops=1)
  Hash Cond: (mi.movie_id = t.id)
  ->  Seq Scan on movie_info mi  (cost=0.00..309384.22 rows=14739122 width=4) (actual time=0.021..5993.319 rows=14835720 loops=1)
  ->  Hash  (cost=253877.52..253877.52 rows=2384138 width=8) (actual time=6244.667..6244.667 rows=575556 loops=1)
        Buckets: 131072  Batches: 32  Memory Usage: 1722kB
        ->  Hash Join  (cost=92883.59..253877.52 rows=2384138 width=8) (actual time=1785.819..6092.629 rows=575556 loops=1)
              Hash Cond: (mk.movie_id = t.id)
              ->  Seq Scan on movie_keyword mk  (cost=0.00..81003.12 rows=3912486 width=4) (actual time=0.017..1745.082 rows=3911792 loops=1)
                    Filter: (keyword_id > 460)
                    Rows Removed by Filter: 612138
              ->  Hash  (cost=67604.59..67604.59 rows=1540800 width=4) (actual time=1764.595..1764.595 rows=1543264 loops=1)
                    Buckets: 131072  Batches: 32  Memory Usage: 2728kB
                    ->  Seq Scan on title t  (cost=0.00..67604.59 rows=1540800 width=4) (actual time=0.022..1245.046 rows=1543264 loops=1)
                          Filter: (kind_id = 7)
                          Rows Removed by Filter: 985048
Planning time: 1.135 ms
Execution time: 20894.086 ms
