Hash Join  (cost=74043.18..160869.08 rows=16786 width=0) (actual time=1131.028..2931.894 rows=4892 loops=1)
  Hash Cond: (mk.movie_id = t.id)
  ->  Seq Scan on movie_keyword mk  (cost=0.00..69693.30 rows=4523930 width=4) (actual time=0.025..1002.202 rows=4523930 loops=1)
  ->  Hash  (cost=73925.90..73925.90 rows=9382 width=4) (actual time=1120.170..1120.170 rows=4696 loops=1)
        Buckets: 16384  Batches: 1  Memory Usage: 294kB
        ->  Seq Scan on title t  (cost=0.00..73925.90 rows=9382 width=4) (actual time=595.988..1117.771 rows=4696 loops=1)
              Filter: ((production_year > 2011) AND (kind_id = 3))
              Rows Removed by Filter: 2523616
Planning time: 1.847 ms
Execution time: 2932.814 ms
