Seq Scan on movie_keyword mk  (cost=0.00..81003.12 rows=502991 width=0) (actual time=0.024..1289.141 rows=495825 loops=1)
  Filter: (keyword_id > 36376)
  Rows Removed by Filter: 4028105
Planning time: 0.327 ms
Execution time: 1352.172 ms
