Hash Join  (cost=224324.65..630903.19 rows=1449268 width=0) (actual time=8391.175..14291.808 rows=5336851 loops=1)
  Hash Cond: (mi.movie_id = t.id)
  ->  Seq Scan on movie_info mi  (cost=0.00..346232.03 rows=3623957 width=4) (actual time=2916.384..5750.381 rows=3624977 loops=1)
        Filter: (info_type_id < 4)
        Rows Removed by Filter: 11210743
  ->  Hash  (cost=207734.76..207734.76 rows=1011191 width=8) (actual time=5473.377..5473.377 rows=1306360 loops=1)
        Buckets: 131072 (originally 131072)  Batches: 32 (originally 16)  Memory Usage: 3073kB
        ->  Hash Join  (cost=87245.25..207734.76 rows=1011191 width=8) (actual time=1968.263..5082.555 rows=1306360 loops=1)
              Hash Cond: (mk.movie_id = t.id)
              ->  Seq Scan on movie_keyword mk  (cost=0.00..81003.12 rows=2135860 width=4) (actual time=0.033..1594.909 rows=2141270 loops=1)
                    Filter: (keyword_id < 3994)
                    Rows Removed by Filter: 2382660
              ->  Hash  (cost=67604.59..67604.59 rows=1197093 width=4) (actual time=1967.201..1967.201 rows=1195923 loops=1)
                    Buckets: 131072  Batches: 16  Memory Usage: 3661kB
                    ->  Seq Scan on title t  (cost=0.00..67604.59 rows=1197093 width=4) (actual time=0.020..1341.462 rows=1195923 loops=1)
                          Filter: (production_year < 2003)
                          Rows Removed by Filter: 1332389
Planning time: 1.235 ms
Execution time: 14842.805 ms
