Seq Scan on movie_keyword mk  (cost=0.00..81003.12 rows=246 width=0) (actual time=26.921..1168.177 rows=258 loops=1)
  Filter: (keyword_id = 3301)
  Rows Removed by Filter: 4523672
Planning time: 4.979 ms
Execution time: 1168.358 ms
