Hash Join  (cost=83810.17..159265.76 rows=345190 width=0) (actual time=1431.318..3233.134 rows=357231 loops=1)
  Hash Cond: (mc.movie_id = t.id)
  ->  Seq Scan on movie_companies mc  (cost=0.00..57926.93 rows=883668 width=4) (actual time=0.016..1222.219 rows=563175 loops=1)
        Filter: ((company_id < 22733) AND (company_type_id = 2))
        Rows Removed by Filter: 2045954
  ->  Hash  (cost=67604.59..67604.59 rows=987727 width=4) (actual time=1430.367..1430.367 rows=985048 loops=1)
        Buckets: 131072  Batches: 16  Memory Usage: 3188kB
        ->  Seq Scan on title t  (cost=0.00..67604.59 rows=987727 width=4) (actual time=0.013..1138.780 rows=985048 loops=1)
              Filter: (kind_id < 7)
              Rows Removed by Filter: 1543264
Planning time: 1.128 ms
Execution time: 3278.102 ms
