Seq Scan on cast_info ci  (cost=0.00..705507.15 rows=34680841 width=0) (actual time=0.026..14334.193 rows=34778748 loops=1)
  Filter: (person_id > 147439)
  Rows Removed by Filter: 1465596
Planning time: 3.207 ms
Execution time: 18595.418 ms
