Seq Scan on movie_companies mc  (cost=0.00..57926.93 rows=53 width=0) (actual time=0.884..989.449 rows=271 loops=1)
  Filter: ((company_type_id > 1) AND (company_id = 49123))
  Rows Removed by Filter: 2608858
Planning time: 0.388 ms
Execution time: 989.640 ms
