Seq Scan on movie_companies mc  (cost=0.00..51404.11 rows=104 width=0) (actual time=591.374..876.875 rows=8 loops=1)
  Filter: (company_id = 169132)
  Rows Removed by Filter: 2609121
Planning time: 0.367 ms
Execution time: 876.947 ms
