Seq Scan on cast_info ci  (cost=0.00..796071.18 rows=2416185 width=0) (actual time=5472.142..12683.581 rows=1667448 loops=1)
  Filter: ((person_id > 2482125) AND (role_id = 2))
  Rows Removed by Filter: 34576896
Planning time: 0.379 ms
Execution time: 12892.223 ms
