Hash Join  (cost=162729.21..550049.97 rows=424094 width=0) (actual time=3017.422..10945.729 rows=47299 loops=1)
  Hash Cond: (mi.movie_id = t.id)
  ->  Seq Scan on movie_info mi  (cost=0.00..309384.22 rows=14739122 width=4) (actual time=0.008..4553.022 rows=14835720 loops=1)
  ->  Hash  (cost=161819.78..161819.78 rows=72754 width=8) (actual time=2939.657..2939.657 rows=8805 loops=1)
        Buckets: 131072  Batches: 1  Memory Usage: 1368kB
        ->  Hash Join  (cost=74434.21..161819.78 rows=72754 width=8) (actual time=1447.311..2936.358 rows=8805 loops=1)
              Hash Cond: (mk.movie_id = t.id)
              ->  Seq Scan on movie_keyword mk  (cost=0.00..69693.30 rows=4523930 width=4) (actual time=0.014..1030.482 rows=4523930 loops=1)
              ->  Hash  (cost=73925.90..73925.90 rows=40664 width=4) (actual time=1042.073..1042.073 rows=40257 loops=1)
                    Buckets: 65536  Batches: 1  Memory Usage: 1928kB
                    ->  Seq Scan on title t  (cost=0.00..73925.90 rows=40664 width=4) (actual time=0.021..1025.650 rows=40257 loops=1)
                          Filter: ((production_year > 2012) AND (kind_id = 7))
                          Rows Removed by Filter: 2488055
Planning time: 1.109 ms
Execution time: 10952.539 ms
