Seq Scan on movie_keyword mk  (cost=0.00..81003.12 rows=246 width=0) (actual time=1.906..1126.045 rows=758 loops=1)
  Filter: (keyword_id = 1594)
  Rows Removed by Filter: 4523172
Planning time: 0.375 ms
Execution time: 1126.389 ms
