Hash Join  (cost=110591.56..477924.17 rows=267666 width=0) (actual time=2099.939..13551.337 rows=1977714 loops=1)
  Hash Cond: (mi.movie_id = t.id)
  ->  Seq Scan on movie_info mi  (cost=0.00..309384.22 rows=14739122 width=4) (actual time=0.022..4259.180 rows=14835720 loops=1)
  ->  Hash  (cost=110017.57..110017.57 rows=45919 width=8) (actual time=2098.587..2098.587 rows=106328 loops=1)
        Buckets: 131072 (originally 65536)  Batches: 2 (originally 1)  Memory Usage: 3105kB
        ->  Hash Join  (cost=78058.28..110017.57 rows=45919 width=8) (actual time=1370.257..2057.163 rows=106328 loops=1)
              Hash Cond: (mi_idx.movie_id = t.id)
              ->  Seq Scan on movie_info_idx mi_idx  (cost=0.00..25185.44 rows=460978 width=4) (actual time=0.018..359.989 rows=459925 loops=1)
                    Filter: (info_type_id = 99)
                    Rows Removed by Filter: 920110
              ->  Hash  (cost=73925.90..73925.90 rows=251870 width=4) (actual time=1369.453..1369.453 rows=365623 loops=1)
                    Buckets: 131072 (originally 131072)  Batches: 8 (originally 4)  Memory Usage: 3073kB
                    ->  Seq Scan on title t  (cost=0.00..73925.90 rows=251870 width=4) (actual time=0.076..1247.652 rows=365623 loops=1)
                          Filter: ((kind_id < 7) AND (production_year < 1988))
                          Rows Removed by Filter: 2162689
Planning time: 1.277 ms
Execution time: 13812.974 ms
