Seq Scan on cast_info ci  (cost=0.00..796071.18 rows=224 width=0) (actual time=5275.030..12156.843 rows=1 loops=1)
  Filter: ((role_id > 2) AND (person_id = 489242))
  Rows Removed by Filter: 36244343
Planning time: 0.414 ms
Execution time: 12156.941 ms
