Seq Scan on movie_keyword mk  (cost=0.00..81003.12 rows=2195721 width=0) (actual time=0.014..1569.166 rows=2194560 loops=1)
  Filter: (keyword_id > 5117)
  Rows Removed by Filter: 2329370
Planning time: 0.326 ms
Execution time: 1846.117 ms
