Seq Scan on movie_keyword mk  (cost=0.00..81003.12 rows=246 width=0) (actual time=213.399..1327.984 rows=9 loops=1)
  Filter: (keyword_id = 41338)
  Rows Removed by Filter: 4523921
Planning time: 0.413 ms
Execution time: 1328.087 ms
