Hash Join  (cost=102464.17..450189.30 rows=5440 width=0) (actual time=5030.891..7309.149 rows=153 loops=1)
  Hash Cond: (mi.movie_id = t.id)
  ->  Seq Scan on movie_info mi  (cost=0.00..346232.03 rows=383654 width=4) (actual time=2915.478..5369.486 rows=428651 loops=1)
        Filter: (info_type_id > 104)
        Rows Removed by Filter: 14407069
  ->  Hash  (cost=102016.02..102016.02 rows=35852 width=8) (actual time=1866.071..1866.071 rows=20214 loops=1)
        Buckets: 65536  Batches: 1  Memory Usage: 1302kB
        ->  Hash Join  (cost=74747.02..102016.02 rows=35852 width=8) (actual time=1457.421..1859.346 rows=20214 loops=1)
              Hash Cond: (mi_idx.movie_id = t.id)
              ->  Seq Scan on movie_info_idx mi_idx  (cost=0.00..21735.35 rows=1380035 width=4) (actual time=0.021..329.414 rows=1380035 loops=1)
              ->  Hash  (cost=73925.90..73925.90 rows=65689 width=4) (actual time=1184.938..1184.938 rows=74524 loops=1)
                    Buckets: 131072  Batches: 1  Memory Usage: 3644kB
                    ->  Seq Scan on title t  (cost=0.00..73925.90 rows=65689 width=4) (actual time=93.957..1154.937 rows=74524 loops=1)
                          Filter: ((kind_id = 7) AND (production_year = 2006))
                          Rows Removed by Filter: 2453788
Planning time: 1.228 ms
Execution time: 7309.793 ms
