Seq Scan on movie_companies mc  (cost=0.00..57926.93 rows=945 width=0) (actual time=106.167..786.309 rows=743 loops=1)
  Filter: ((company_id < 6) AND (company_type_id > 1))
  Rows Removed by Filter: 2608386
Planning time: 0.347 ms
Execution time: 786.708 ms
