Hash Join  (cost=73930.12..428394.88 rows=292 width=0) (actual time=2035.341..6687.976 rows=149 loops=1)
  Hash Cond: (mi.movie_id = t.id)
  ->  Seq Scan on movie_info mi  (cost=0.00..346232.03 rows=2194617 width=4) (actual time=794.444..5258.315 rows=2233850 loops=1)
        Filter: (info_type_id > 16)
        Rows Removed by Filter: 12601870
  ->  Hash  (cost=73925.90..73925.90 rows=337 width=4) (actual time=1107.480..1107.480 rows=88 loops=1)
        Buckets: 1024  Batches: 1  Memory Usage: 12kB
        ->  Seq Scan on title t  (cost=0.00..73925.90 rows=337 width=4) (actual time=501.604..1107.367 rows=88 loops=1)
              Filter: ((kind_id = 4) AND (production_year = 1982))
              Rows Removed by Filter: 2528224
Planning time: 0.560 ms
Execution time: 6688.092 ms
