Hash Join  (cost=425284.61..1244730.04 rows=3812 width=0) (actual time=7629.463..22735.050 rows=23 loops=1)
  Hash Cond: (ci.movie_id = t.id)
  ->  Seq Scan on cast_info ci  (cost=0.00..796071.18 rows=6222967 width=4) (actual time=0.014..14530.801 rows=12664668 loops=1)
        Filter: ((person_id < 1738618) AND (role_id < 2))
        Rows Removed by Filter: 23579676
  ->  Hash  (cost=425265.25..425265.25 rows=1549 width=8) (actual time=6361.818..6361.818 rows=659 loops=1)
        Buckets: 2048  Batches: 1  Memory Usage: 42kB
        ->  Hash Join  (cost=73962.22..425265.25 rows=1549 width=8) (actual time=5295.325..6361.433 rows=659 loops=1)
              Hash Cond: (mi.movie_id = t.id)
              ->  Seq Scan on movie_info mi  (cost=0.00..346232.03 rows=1348138 width=4) (actual time=4034.258..5211.184 rows=1298989 loops=1)
                    Filter: (info_type_id = 4)
                    Rows Removed by Filter: 13536731
              ->  Hash  (cost=73925.90..73925.90 rows=2905 width=4) (actual time=989.007..989.007 rows=1740 loops=1)
                    Buckets: 4096  Batches: 1  Memory Usage: 94kB
                    ->  Seq Scan on title t  (cost=0.00..73925.90 rows=2905 width=4) (actual time=72.737..987.998 rows=1740 loops=1)
                          Filter: ((kind_id < 7) AND (production_year = 1898))
                          Rows Removed by Filter: 2526572
Planning time: 1.187 ms
Execution time: 22735.190 ms
