Nested Loop  (cost=32636.42..119453.47 rows=275 width=0) (actual time=669.239..2231.027 rows=2913 loops=1)
  ->  Hash Join  (cost=32635.99..116169.64 rows=3835 width=8) (actual time=669.193..2158.253 rows=3380 loops=1)
        Hash Cond: (mk.movie_id = mi_idx.movie_id)
        ->  Seq Scan on movie_keyword mk  (cost=0.00..81003.12 rows=3921 width=4) (actual time=0.045..919.409 rows=4189 loops=1)
              Filter: (keyword_id = 613)
              Rows Removed by Filter: 4519741
        ->  Hash  (cost=25185.44..25185.44 rows=454124 width=4) (actual time=666.237..666.237 rows=459925 loops=1)
              Buckets: 131072  Batches: 8  Memory Usage: 3059kB
              ->  Seq Scan on movie_info_idx mi_idx  (cost=0.00..25185.44 rows=454124 width=4) (actual time=0.017..528.588 rows=459925 loops=1)
                    Filter: (info_type_id = 100)
                    Rows Removed by Filter: 920110
  ->  Index Scan using title_pkey on title t  (cost=0.43..0.85 rows=1 width=4) (actual time=0.021..0.021 rows=1 loops=3380)
        Index Cond: (id = mi_idx.movie_id)
        Filter: (kind_id < 7)
        Rows Removed by Filter: 0
Planning time: 1.204 ms
Execution time: 2232.150 ms
