Hash Join  (cost=107058.56..928946.25 rows=699635 width=0) (actual time=11137.709..14422.914 rows=234269 loops=1)
  Hash Cond: (ci.movie_id = t.id)
  ->  Seq Scan on cast_info ci  (cost=0.00..796071.18 rows=735632 width=4) (actual time=8964.396..11666.656 rows=236967 loops=1)
        Filter: ((person_id < 585747) AND (role_id = 10))
        Rows Removed by Filter: 36007377
  ->  Hash  (cost=67604.59..67604.59 rows=2404798 width=4) (actual time=2171.401..2171.401 rows=2396371 loops=1)
        Buckets: 131072  Batches: 32  Memory Usage: 3657kB
        ->  Seq Scan on title t  (cost=0.00..67604.59 rows=2404798 width=4) (actual time=0.029..1372.593 rows=2396371 loops=1)
              Filter: (production_year > 1914)
              Rows Removed by Filter: 131941
Planning time: 0.535 ms
Execution time: 14451.627 ms
