Seq Scan on cast_info ci  (cost=0.00..796071.18 rows=15532152 width=0) (actual time=0.026..15915.312 rows=20187157 loops=1)
  Filter: ((person_id > 1201104) AND (role_id > 1))
  Rows Removed by Filter: 16057187
Planning time: 0.363 ms
Execution time: 18446.514 ms
