Seq Scan on movie_companies mc  (cost=0.00..57926.93 rows=1003535 width=0) (actual time=0.019..1061.911 rows=1274246 loops=1)
  Filter: ((company_id < 71447) AND (company_type_id < 2))
  Rows Removed by Filter: 1334883
Planning time: 0.361 ms
Execution time: 1218.230 ms
