Hash Join  (cost=71408.55..876256.54 rows=57816 width=0) (actual time=1113.942..13904.892 rows=349524 loops=1)
  Hash Cond: (ci.movie_id = t.id)
  ->  Seq Scan on cast_info ci  (cost=0.00..796071.18 rows=630573 width=4) (actual time=0.025..11534.472 rows=2559535 loops=1)
        Filter: ((person_id > 3122922) AND (role_id = 10))
        Rows Removed by Filter: 33684809
  ->  Hash  (cost=67604.59..67604.59 rows=231837 width=4) (actual time=1112.466..1112.466 rows=231649 loops=1)
        Buckets: 131072  Batches: 4  Memory Usage: 3076kB
        ->  Seq Scan on title t  (cost=0.00..67604.59 rows=231837 width=4) (actual time=0.022..1021.946 rows=231649 loops=1)
              Filter: (production_year > 2011)
              Rows Removed by Filter: 2296663
Planning time: 0.836 ms
Execution time: 13952.031 ms
