Seq Scan on movie_keyword mk  (cost=0.00..81003.12 rows=246 width=0) (actual time=9.305..1287.481 rows=555 loops=1)
  Filter: (keyword_id = 4847)
  Rows Removed by Filter: 4523375
Planning time: 0.373 ms
Execution time: 1287.839 ms
