Hash Join  (cost=215833.08..329149.82 rows=831483 width=0) (actual time=4823.653..9458.830 rows=8959117 loops=1)
  Hash Cond: (mk.movie_id = t.id)
  ->  Seq Scan on movie_keyword mk  (cost=0.00..81003.12 rows=1643141 width=4) (actual time=0.024..1463.610 rows=1655041 loops=1)
        Filter: (keyword_id < 2524)
        Rows Removed by Filter: 2868889
  ->  Hash  (cost=194840.12..194840.12 rows=1279517 width=8) (actual time=4822.363..4822.363 rows=1274246 loops=1)
        Buckets: 131072  Batches: 32  Memory Usage: 2633kB
        ->  Hash Join  (cost=102767.86..194840.12 rows=1279517 width=8) (actual time=1982.037..4443.699 rows=1274246 loops=1)
              Hash Cond: (mc.movie_id = t.id)
              ->  Seq Scan on movie_companies mc  (cost=0.00..51404.11 rows=1279517 width=4) (actual time=0.017..1015.006 rows=1274246 loops=1)
                    Filter: (company_type_id = 1)
                    Rows Removed by Filter: 1334883
              ->  Hash  (cost=61283.27..61283.27 rows=2528527 width=4) (actual time=1981.092..1981.092 rows=2528312 loops=1)
                    Buckets: 131072  Batches: 64  Memory Usage: 2415kB
                    ->  Seq Scan on title t  (cost=0.00..61283.27 rows=2528527 width=4) (actual time=0.012..1114.847 rows=2528312 loops=1)
Planning time: 4.987 ms
Execution time: 10428.049 ms
