Hash Join  (cost=100915.24..851977.55 rows=3966 width=0) (actual time=1722.804..15255.988 rows=4457 loops=1)
  Hash Cond: (ci.movie_id = t.id)
  ->  Seq Scan on cast_info ci  (cost=0.00..705507.15 rows=12137469 width=4) (actual time=0.016..11358.723 rows=12203860 loops=1)
        Filter: (person_id > 2466009)
        Rows Removed by Filter: 24040484
  ->  Hash  (cost=100904.92..100904.92 rows=826 width=8) (actual time=1707.104..1707.104 rows=888 loops=1)
        Buckets: 1024  Batches: 1  Memory Usage: 43kB
        ->  Hash Join  (cost=73982.55..100904.92 rows=826 width=8) (actual time=1269.018..1706.690 rows=888 loops=1)
              Hash Cond: (mi_idx.movie_id = t.id)
              ->  Seq Scan on movie_info_idx mi_idx  (cost=0.00..25185.44 rows=460978 width=4) (actual time=0.019..444.065 rows=459925 loops=1)
                    Filter: (info_type_id < 100)
                    Rows Removed by Filter: 920110
              ->  Hash  (cost=73925.90..73925.90 rows=4532 width=4) (actual time=1168.602..1168.602 rows=6560 loops=1)
                    Buckets: 8192  Batches: 1  Memory Usage: 295kB
                    ->  Seq Scan on title t  (cost=0.00..73925.90 rows=4532 width=4) (actual time=0.011..1165.204 rows=6560 loops=1)
                          Filter: ((kind_id = 7) AND (production_year = 1963))
                          Rows Removed by Filter: 2521752
Planning time: 0.797 ms
Execution time: 15257.216 ms
