Hash Join  (cost=78988.28..441095.37 rows=140005 width=0) (actual time=1924.621..6498.782 rows=250620 loops=1)
  Hash Cond: (mi.movie_id = t.id)
  ->  Seq Scan on movie_info mi  (cost=0.00..346232.03 rows=1147470 width=4) (actual time=555.408..4641.678 rows=1200370 loops=1)
        Filter: (info_type_id > 35)
        Rows Removed by Filter: 13635350
  ->  Hash  (cost=73925.90..73925.90 rows=308510 width=4) (actual time=1195.985..1195.985 rows=266599 loops=1)
        Buckets: 131072  Batches: 8  Memory Usage: 2197kB
        ->  Seq Scan on title t  (cost=0.00..73925.90 rows=308510 width=4) (actual time=0.061..1106.049 rows=266599 loops=1)
              Filter: ((kind_id < 7) AND (production_year > 2007))
              Rows Removed by Filter: 2261713
Planning time: 0.876 ms
Execution time: 6531.288 ms
