Hash Join  (cost=243303.08..642301.71 rows=1699752 width=0) (actual time=5486.824..16367.438 rows=16650139 loops=1)
  Hash Cond: (mi.movie_id = t.id)
  ->  Seq Scan on movie_info mi  (cost=0.00..346232.03 rows=2194617 width=4) (actual time=0.010..5746.288 rows=2233850 loops=1)
        Filter: (info_type_id > 16)
        Rows Removed by Filter: 12601870
  ->  Hash  (cost=211173.47..211173.47 rows=1958369 width=8) (actual time=5485.762..5485.762 rows=1966899 loops=1)
        Buckets: 131072  Batches: 32  Memory Usage: 3482kB
        ->  Hash Join  (cost=102767.86..211173.47 rows=1958369 width=8) (actual time=1765.082..4897.788 rows=1966899 loops=1)
              Hash Cond: (mc.movie_id = t.id)
              ->  Seq Scan on movie_companies mc  (cost=0.00..51404.11 rows=1958369 width=4) (actual time=0.018..1074.632 rows=1966899 loops=1)
                    Filter: (company_id > 846)
                    Rows Removed by Filter: 642230
              ->  Hash  (cost=61283.27..61283.27 rows=2528527 width=4) (actual time=1764.244..1764.244 rows=2528312 loops=1)
                    Buckets: 131072  Batches: 64  Memory Usage: 2415kB
                    ->  Seq Scan on title t  (cost=0.00..61283.27 rows=2528527 width=4) (actual time=0.020..936.642 rows=2528312 loops=1)
Planning time: 0.948 ms
Execution time: 18057.982 ms
