Seq Scan on cast_info ci  (cost=0.00..705507.15 rows=26709680 width=0) (actual time=0.025..12581.399 rows=26747335 loops=1)
  Filter: (person_id < 2756130)
  Rows Removed by Filter: 9497009
Planning time: 0.343 ms
Execution time: 15838.899 ms
