Seq Scan on movie_keyword mk  (cost=0.00..81003.12 rows=246 width=0) (actual time=16.023..1211.929 rows=1257 loops=1)
  Filter: (keyword_id = 3323)
  Rows Removed by Filter: 4522673
Planning time: 0.369 ms
Execution time: 1212.414 ms
