Hash Join  (cost=190340.79..1356222.06 rows=12857211 width=0) (actual time=4544.938..52047.016 rows=55057042 loops=1)
  Hash Cond: (ci.movie_id = t.id)
  ->  Seq Scan on cast_info ci  (cost=0.00..614943.12 rows=36225612 width=4) (actual time=0.010..13416.130 rows=36244344 loops=1)
  ->  Hash  (cost=175616.96..175616.96 rows=897426 width=8) (actual time=4543.380..4543.380 rows=1770929 loops=1)
        Buckets: 131072 (originally 131072)  Batches: 32 (originally 16)  Memory Usage: 3178kB
        ->  Hash Join  (cost=88195.18..175616.96 rows=897426 width=8) (actual time=1373.719..4083.979 rows=1770929 loops=1)
              Hash Cond: (mc.movie_id = t.id)
              ->  Seq Scan on movie_companies mc  (cost=0.00..44881.29 rows=2609129 width=4) (actual time=0.012..854.683 rows=2609129 loops=1)
              ->  Hash  (cost=73925.90..73925.90 rows=869702 width=4) (actual time=1372.797..1372.797 rows=896788 loops=1)
                    Buckets: 131072  Batches: 16  Memory Usage: 2998kB
                    ->  Seq Scan on title t  (cost=0.00..73925.90 rows=869702 width=4) (actual time=0.029..1092.294 rows=896788 loops=1)
                          Filter: ((kind_id < 7) AND (production_year < 2012))
                          Rows Removed by Filter: 1631524
Planning time: 1.167 ms
Execution time: 57887.134 ms
