Hash Join  (cost=79715.19..139202.96 rows=1948 width=0) (actual time=1239.832..2095.017 rows=1078 loops=1)
  Hash Cond: (mc.movie_id = t.id)
  ->  Seq Scan on movie_companies mc  (cost=0.00..57926.93 rows=13961 width=4) (actual time=0.540..770.712 rows=14470 loops=1)
        Filter: ((company_id = 27) AND (company_type_id = 2))
        Rows Removed by Filter: 2594659
  ->  Hash  (cost=73925.90..73925.90 rows=352823 width=4) (actual time=1236.153..1236.153 rows=302088 loops=1)
        Buckets: 131072  Batches: 8  Memory Usage: 2342kB
        ->  Seq Scan on title t  (cost=0.00..73925.90 rows=352823 width=4) (actual time=0.017..1136.026 rows=302088 loops=1)
              Filter: ((kind_id < 7) AND (production_year > 2006))
              Rows Removed by Filter: 2226224
Planning time: 0.788 ms
Execution time: 2095.306 ms
