Nested Loop  (cost=0.43..83072.29 rows=69 width=0) (actual time=0.669..1218.106 rows=198 loops=1)
  ->  Seq Scan on movie_keyword mk  (cost=0.00..81003.12 rows=246 width=4) (actual time=0.637..1188.184 rows=716 loops=1)
        Filter: (keyword_id = 8315)
        Rows Removed by Filter: 4523214
  ->  Index Scan using title_pkey on title t  (cost=0.43..8.40 rows=1 width=4) (actual time=0.040..0.040 rows=0 loops=716)
        Index Cond: (id = mk.movie_id)
        Filter: (production_year < 1991)
        Rows Removed by Filter: 1
Planning time: 0.773 ms
Execution time: 1218.352 ms
