Hash Join  (cost=102767.86..1056148.95 rows=6127010 width=0) (actual time=1907.204..25107.064 rows=10611159 loops=1)
  Hash Cond: (ci.movie_id = t.id)
  ->  Seq Scan on cast_info ci  (cost=0.00..796071.18 rows=6127010 width=4) (actual time=47.771..14215.971 rows=10611159 loops=1)
        Filter: ((person_id > 2281656) AND (role_id > 2))
        Rows Removed by Filter: 25633185
  ->  Hash  (cost=61283.27..61283.27 rows=2528527 width=4) (actual time=1858.415..1858.415 rows=2528312 loops=1)
        Buckets: 131072  Batches: 64  Memory Usage: 2415kB
        ->  Seq Scan on title t  (cost=0.00..61283.27 rows=2528527 width=4) (actual time=0.027..1029.397 rows=2528312 loops=1)
Planning time: 0.848 ms
Execution time: 26271.820 ms
