Hash Join  (cost=86678.77..172785.75 rows=802046 width=0) (actual time=1517.810..3806.372 rows=420324 loops=1)
  Hash Cond: (mc.movie_id = t.id)
  ->  Seq Scan on movie_companies mc  (cost=0.00..44881.29 rows=2609129 width=4) (actual time=0.022..851.939 rows=2609129 loops=1)
  ->  Hash  (cost=73925.90..73925.90 rows=777269 width=4) (actual time=1516.319..1516.319 rows=690703 loops=1)
        Buckets: 131072  Batches: 16  Memory Usage: 2541kB
        ->  Seq Scan on title t  (cost=0.00..73925.90 rows=777269 width=4) (actual time=0.020..1291.171 rows=690703 loops=1)
              Filter: ((kind_id > 4) AND (production_year < 2004))
              Rows Removed by Filter: 1837609
Planning time: 0.742 ms
Execution time: 3858.784 ms
