Seq Scan on cast_info ci  (cost=0.00..705507.15 rows=7279939 width=0) (actual time=77.636..11588.407 rows=7231646 loops=1)
  Filter: (person_id < 698668)
  Rows Removed by Filter: 29012698
Planning time: 0.405 ms
Execution time: 12481.981 ms
