Seq Scan on movie_companies mc  (cost=0.00..51404.11 rows=2289415 width=0) (actual time=0.011..1022.416 rows=2289027 loops=1)
  Filter: (company_id < 91513)
  Rows Removed by Filter: 320102
Planning time: 0.355 ms
Execution time: 1298.622 ms
