Hash Join  (cost=177396.84..1236012.93 rows=2415392 width=0) (actual time=4043.020..35739.045 rows=8329745 loops=1)
  Hash Cond: (ci.movie_id = t.id)
  ->  Seq Scan on cast_info ci  (cost=0.00..614943.12 rows=36225612 width=4) (actual time=0.020..13670.275 rows=36244344 loops=1)
  ->  Hash  (cost=174630.43..174630.43 rows=168593 width=8) (actual time=4042.212..4042.212 rows=333694 loops=1)
        Buckets: 131072 (originally 131072)  Batches: 8 (originally 4)  Memory Usage: 3073kB
        ->  Hash Join  (cost=102767.86..174630.43 rows=168593 width=8) (actual time=2077.218..3939.540 rows=333694 loops=1)
              Hash Cond: (mc.movie_id = t.id)
              ->  Seq Scan on movie_companies mc  (cost=0.00..57926.93 rows=168593 width=4) (actual time=10.916..875.085 rows=333694 loops=1)
                    Filter: ((company_id > 90150) AND (company_type_id = 2))
                    Rows Removed by Filter: 2275435
              ->  Hash  (cost=61283.27..61283.27 rows=2528527 width=4) (actual time=2065.611..2065.611 rows=2528312 loops=1)
                    Buckets: 131072  Batches: 64  Memory Usage: 2415kB
                    ->  Seq Scan on title t  (cost=0.00..61283.27 rows=2528527 width=4) (actual time=0.016..1239.106 rows=2528312 loops=1)
Planning time: 1.382 ms
Execution time: 36637.799 ms
