Hash Join  (cost=263115.61..1243506.34 rows=7369504 width=0) (actual time=13272.668..22580.952 rows=4448752 loops=1)
  Hash Cond: (ci.movie_id = t.id)
  ->  Seq Scan on cast_info ci  (cost=0.00..796071.18 rows=7141843 width=4) (actual time=7004.982..12951.914 rows=2541123 loops=1)
        Filter: ((person_id > 2372129) AND (role_id < 3))
        Rows Removed by Filter: 33703221
  ->  Hash  (cost=220309.49..220309.49 rows=2609129 width=8) (actual time=6266.023..6266.023 rows=2609129 loops=1)
        Buckets: 131072  Batches: 64  Memory Usage: 2610kB
        ->  Hash Join  (cost=102767.86..220309.49 rows=2609129 width=8) (actual time=2005.388..5517.032 rows=2609129 loops=1)
              Hash Cond: (mc.movie_id = t.id)
              ->  Seq Scan on movie_companies mc  (cost=0.00..44881.29 rows=2609129 width=4) (actual time=0.023..963.681 rows=2609129 loops=1)
              ->  Hash  (cost=61283.27..61283.27 rows=2528527 width=4) (actual time=2003.864..2003.864 rows=2528312 loops=1)
                    Buckets: 131072  Batches: 64  Memory Usage: 2415kB
                    ->  Seq Scan on title t  (cost=0.00..61283.27 rows=2528527 width=4) (actual time=0.018..1160.358 rows=2528312 loops=1)
Planning time: 1.165 ms
Execution time: 23114.909 ms
