Nested Loop  (cost=0.43..83072.29 rows=172 width=0) (actual time=65.576..1401.730 rows=53 loops=1)
  ->  Seq Scan on movie_keyword mk  (cost=0.00..81003.12 rows=246 width=4) (actual time=3.232..1391.226 rows=267 loops=1)
        Filter: (keyword_id = 7438)
        Rows Removed by Filter: 4523663
  ->  Index Scan using title_pkey on title t  (cost=0.43..8.40 rows=1 width=4) (actual time=0.037..0.037 rows=0 loops=267)
        Index Cond: (id = mk.movie_id)
        Filter: (kind_id > 2)
        Rows Removed by Filter: 1
Planning time: 0.741 ms
Execution time: 1401.876 ms
