Hash Join  (cost=97062.01..915831.74 rows=34729 width=0) (actual time=7328.370..13522.306 rows=24954 loops=1)
  Hash Cond: (ci.movie_id = t.id)
  ->  Seq Scan on cast_info ci  (cost=0.00..796071.18 rows=5960337 width=4) (actual time=5558.359..11360.124 rows=2257698 loops=1)
        Filter: ((person_id > 2876835) AND (role_id < 5))
        Rows Removed by Filter: 33986646
  ->  Hash  (cost=96877.85..96877.85 rows=14733 width=8) (actual time=1769.784..1769.784 rows=17996 loops=1)
        Buckets: 32768 (originally 16384)  Batches: 1 (originally 1)  Memory Usage: 959kB
        ->  Hash Join  (cost=68113.45..96877.85 rows=14733 width=8) (actual time=1071.977..1762.783 rows=17996 loops=1)
              Hash Cond: (mi_idx.movie_id = t.id)
              ->  Seq Scan on movie_info_idx mi_idx  (cost=0.00..25185.44 rows=915101 width=4) (actual time=0.033..463.834 rows=919850 loops=1)
                    Filter: (info_type_id < 101)
                    Rows Removed by Filter: 460185
              ->  Hash  (cost=67604.59..67604.59 rows=40709 width=4) (actual time=1071.321..1071.321 rows=38955 loops=1)
                    Buckets: 65536  Batches: 1  Memory Usage: 1882kB
                    ->  Seq Scan on title t  (cost=0.00..67604.59 rows=40709 width=4) (actual time=0.046..1050.729 rows=38955 loops=1)
                          Filter: (production_year = 1997)
                          Rows Removed by Filter: 2489357
Planning time: 1.210 ms
Execution time: 13526.222 ms
