Nested Loop  (cost=0.43..58358.39 rows=13 width=0) (actual time=228.075..986.911 rows=19 loops=1)
  ->  Seq Scan on movie_companies mc  (cost=0.00..57926.93 rows=51 width=4) (actual time=0.478..970.132 rows=283 loops=1)
        Filter: ((company_type_id < 2) AND (company_id = 216))
        Rows Removed by Filter: 2608846
  ->  Index Scan using title_pkey on title t  (cost=0.43..8.45 rows=1 width=4) (actual time=0.058..0.058 rows=0 loops=283)
        Index Cond: (id = mc.movie_id)
        Filter: (kind_id = 1)
        Rows Removed by Filter: 1
Planning time: 0.742 ms
Execution time: 987.017 ms
