Hash Join  (cost=229266.06..1299586.30 rows=8361505 width=0) (actual time=8457.809..40443.379 rows=22751872 loops=1)
  Hash Cond: (ci.movie_id = t.id)
  ->  Seq Scan on cast_info ci  (cost=0.00..705507.15 rows=24022411 width=4) (actual time=2877.254..16036.309 rows=24130698 loops=1)
        Filter: (role_id < 4)
        Rows Removed by Filter: 12113646
  ->  Hash  (cost=214826.72..214826.72 rows=880107 width=8) (actual time=5579.747..5579.747 rows=887132 loops=1)
        Buckets: 131072  Batches: 16  Memory Usage: 3216kB
        ->  Hash Join  (cost=102767.86..214826.72 rows=880107 width=8) (actual time=2053.189..5306.655 rows=887132 loops=1)
              Hash Cond: (mk.movie_id = t.id)
              ->  Seq Scan on movie_keyword mk  (cost=0.00..81003.12 rows=880107 width=4) (actual time=0.020..1520.342 rows=887132 loops=1)
                    Filter: (keyword_id < 840)
                    Rows Removed by Filter: 3636798
              ->  Hash  (cost=61283.27..61283.27 rows=2528527 width=4) (actual time=2052.254..2052.254 rows=2528312 loops=1)
                    Buckets: 131072  Batches: 64  Memory Usage: 2425kB
                    ->  Seq Scan on title t  (cost=0.00..61283.27 rows=2528527 width=4) (actual time=0.012..1043.870 rows=2528312 loops=1)
Planning time: 1.246 ms
Execution time: 43186.510 ms
