Hash Join  (cost=74174.82..827816.87 rows=285289 width=0) (actual time=1025.840..19395.962 rows=329428 loops=1)
  Hash Cond: (ci.movie_id = t.id)
  ->  Seq Scan on cast_info ci  (cost=0.00..614943.12 rows=36225612 width=4) (actual time=0.016..8769.263 rows=36244344 loops=1)
  ->  Hash  (cost=73925.90..73925.90 rows=19913 width=4) (actual time=1025.619..1025.619 rows=21707 loops=1)
        Buckets: 32768  Batches: 1  Memory Usage: 1020kB
        ->  Seq Scan on title t  (cost=0.00..73925.90 rows=19913 width=4) (actual time=0.066..1016.544 rows=21707 loops=1)
              Filter: ((kind_id > 1) AND (production_year = 1993))
              Rows Removed by Filter: 2506605
Planning time: 0.756 ms
Execution time: 19447.653 ms
