Seq Scan on movie_companies mc  (cost=0.00..51404.11 rows=1329612 width=40) (actual time=377.437..934.817 rows=1334883 loops=1)
  Filter: (company_type_id = 2)
  Rows Removed by Filter: 1274246
Planning time: 0.514 ms
Execution time: 1013.441 ms
