Hash Join  (cost=75915.84..563265.05 rows=706928 width=0) (actual time=1306.632..13029.109 rows=287888 loops=1)
  Hash Cond: (mi.movie_id = t.id)
  ->  Seq Scan on movie_info mi  (cost=0.00..309384.22 rows=14739122 width=4) (actual time=0.009..6174.238 rows=14835720 loops=1)
  ->  Hash  (cost=73925.90..73925.90 rows=121275 width=4) (actual time=1294.465..1294.465 rows=124747 loops=1)
        Buckets: 131072  Batches: 2  Memory Usage: 3225kB
        ->  Seq Scan on title t  (cost=0.00..73925.90 rows=121275 width=4) (actual time=0.028..1244.342 rows=124747 loops=1)
              Filter: ((kind_id > 1) AND (production_year = 2012))
              Rows Removed by Filter: 2403565
Planning time: 0.873 ms
Execution time: 13070.015 ms
