Seq Scan on cast_info ci  (cost=0.00..796071.18 rows=19550938 width=0) (actual time=0.021..16936.146 rows=17412361 loops=1)
  Filter: ((person_id < 3034531) AND (role_id > 1))
  Rows Removed by Filter: 18831983
Planning time: 0.414 ms
Execution time: 19112.731 ms
