Hash Join  (cost=203049.47..639321.42 rows=1871635 width=0) (actual time=6405.660..15089.178 rows=5401720 loops=1)
  Hash Cond: (mi.movie_id = t.id)
  ->  Seq Scan on movie_info mi  (cost=0.00..346232.03 rows=5897221 width=4) (actual time=1931.447..6481.009 rows=5884963 loops=1)
        Filter: (info_type_id < 7)
        Rows Removed by Filter: 8950757
  ->  Hash  (cost=189883.30..189883.30 rows=802493 width=8) (actual time=4405.974..4405.974 rows=591269 loops=1)
        Buckets: 131072  Batches: 16  Memory Usage: 2505kB
        ->  Hash Join  (cost=102767.86..189883.30 rows=802493 width=8) (actual time=2370.244..4240.710 rows=591269 loops=1)
              Hash Cond: (mc.movie_id = t.id)
              ->  Seq Scan on movie_companies mc  (cost=0.00..57926.93 rows=802493 width=4) (actual time=362.617..1058.232 rows=591269 loops=1)
                    Filter: ((company_id > 4226) AND (company_type_id < 2))
                    Rows Removed by Filter: 2017860
              ->  Hash  (cost=61283.27..61283.27 rows=2528527 width=4) (actual time=2005.872..2005.872 rows=2528312 loops=1)
                    Buckets: 131072  Batches: 64  Memory Usage: 2415kB
                    ->  Seq Scan on title t  (cost=0.00..61283.27 rows=2528527 width=4) (actual time=0.035..1176.576 rows=2528312 loops=1)
Planning time: 1.211 ms
Execution time: 15682.737 ms
