Seq Scan on cast_info ci  (cost=0.00..705507.15 rows=16474985 width=0) (actual time=195.021..12816.764 rows=16610432 loops=1)
  Filter: (person_id > 1967678)
  Rows Removed by Filter: 19633912
Planning time: 0.346 ms
Execution time: 14895.522 ms
