Seq Scan on cast_info ci  (cost=0.00..705507.15 rows=19132711 width=0) (actual time=0.278..12728.011 rows=19019691 loops=1)
  Filter: (person_id < 1898958)
  Rows Removed by Filter: 17224653
Planning time: 0.349 ms
Execution time: 15077.901 ms
