Nested Loop  (cost=0.43..58375.31 rows=37 width=0) (actual time=573.745..869.398 rows=7 loops=1)
  ->  Seq Scan on movie_companies mc  (cost=0.00..57926.93 rows=53 width=4) (actual time=573.688..869.179 rows=8 loops=1)
        Filter: ((company_id = 9677) AND (company_type_id = 2))
        Rows Removed by Filter: 2609121
  ->  Index Scan using title_pkey on title t  (cost=0.43..8.45 rows=1 width=4) (actual time=0.025..0.025 rows=1 loops=8)
        Index Cond: (id = mc.movie_id)
        Filter: (kind_id > 2)
        Rows Removed by Filter: 0
Planning time: 0.836 ms
Execution time: 869.493 ms
