Seq Scan on movie_keyword mk  (cost=0.00..81003.12 rows=249130 width=0) (actual time=0.023..1082.214 rows=247603 loops=1)
  Filter: (keyword_id > 60849)
  Rows Removed by Filter: 4276327
Planning time: 0.317 ms
Execution time: 1109.714 ms
