Hash Join  (cost=200767.86..960013.96 rows=602208 width=0) (actual time=6298.105..18438.551 rows=595767 loops=1)
  Hash Cond: (ci.movie_id = t.id)
  ->  Seq Scan on cast_info ci  (cost=0.00..705507.15 rows=3998100 width=4) (actual time=2197.093..11693.609 rows=4008037 loops=1)
        Filter: (role_id = 3)
        Rows Removed by Filter: 32236307
  ->  Hash  (cost=194519.16..194519.16 rows=380856 width=8) (actual time=4098.657..4098.657 rows=88722 loops=1)
        Buckets: 131072  Batches: 8  Memory Usage: 1458kB
        ->  Hash Join  (cost=80549.28..194519.16 rows=380856 width=8) (actual time=1299.118..4074.490 rows=88722 loops=1)
              Hash Cond: (mk.movie_id = t.id)
              ->  Seq Scan on movie_keyword mk  (cost=0.00..81003.12 rows=2385385 width=4) (actual time=0.032..1719.464 rows=2385379 loops=1)
                    Filter: (keyword_id < 5502)
                    Rows Removed by Filter: 2138551
              ->  Hash  (cost=73925.90..73925.90 rows=403710 width=4) (actual time=1298.047..1298.047 rows=434218 loops=1)
                    Buckets: 131072  Batches: 8  Memory Usage: 2941kB
                    ->  Seq Scan on title t  (cost=0.00..73925.90 rows=403710 width=4) (actual time=0.016..1150.505 rows=434218 loops=1)
                          Filter: ((production_year > 2008) AND (kind_id = 7))
                          Rows Removed by Filter: 2094094
Planning time: 0.956 ms
Execution time: 18511.761 ms
