Hash Join  (cost=254044.01..736387.30 rows=5186416 width=0) (actual time=5882.630..19390.560 rows=15137873 loops=1)
  Hash Cond: (mi.movie_id = t.id)
  ->  Seq Scan on movie_info mi  (cost=0.00..346232.03 rows=5897221 width=4) (actual time=0.019..6425.666 rows=5884963 loops=1)
        Filter: (info_type_id < 7)
        Rows Removed by Filter: 8950757
  ->  Hash  (cost=217560.04..217560.04 rows=2223758 width=8) (actual time=5881.722..5881.722 rows=2223482 loops=1)
        Buckets: 131072  Batches: 32  Memory Usage: 3793kB
        ->  Hash Join  (cost=102767.86..217560.04 rows=2223758 width=8) (actual time=2003.211..5303.235 rows=2223482 loops=1)
              Hash Cond: (mc.movie_id = t.id)
              ->  Seq Scan on movie_companies mc  (cost=0.00..51404.11 rows=2223758 width=4) (actual time=0.019..1148.035 rows=2223482 loops=1)
                    Filter: (company_id > 225)
                    Rows Removed by Filter: 385647
              ->  Hash  (cost=61283.27..61283.27 rows=2528527 width=4) (actual time=2001.435..2001.435 rows=2528312 loops=1)
                    Buckets: 131072  Batches: 64  Memory Usage: 2415kB
                    ->  Seq Scan on title t  (cost=0.00..61283.27 rows=2528527 width=4) (actual time=0.013..1161.706 rows=2528312 loops=1)
Planning time: 1.078 ms
Execution time: 20931.502 ms
