Hash Join  (cost=70241.71..125735.84 rows=18031 width=0) (actual time=1271.467..2236.559 rows=8952 loops=1)
  Hash Cond: (mc.movie_id = t.id)
  ->  Seq Scan on movie_companies mc  (cost=0.00..51404.11 rows=283655 width=4) (actual time=0.122..806.619 rows=278880 loops=1)
        Filter: (company_id < 150)
        Rows Removed by Filter: 2330249
  ->  Hash  (cost=67604.59..67604.59 rows=160730 width=4) (actual time=1270.445..1270.445 rows=160017 loops=1)
        Buckets: 131072  Batches: 4  Memory Usage: 2436kB
        ->  Seq Scan on title t  (cost=0.00..67604.59 rows=160730 width=4) (actual time=0.025..1213.771 rows=160017 loops=1)
              Filter: (production_year = 2011)
              Rows Removed by Filter: 2368295
Planning time: 0.766 ms
Execution time: 2238.032 ms
