Hash Join  (cost=175557.60..673048.80 rows=1657427 width=0) (actual time=3460.953..17020.864 rows=5127975 loops=1)
  Hash Cond: (mi.movie_id = t.id)
  ->  Seq Scan on movie_info mi  (cost=0.00..309384.22 rows=14739122 width=4) (actual time=0.019..5973.979 rows=14835720 loops=1)
  ->  Hash  (cost=170892.41..170892.41 rows=284335 width=8) (actual time=3460.112..3460.112 rows=286499 loops=1)
        Buckets: 131072  Batches: 4  Memory Usage: 3831kB
        ->  Hash Join  (cost=102767.86..170892.41 rows=284335 width=8) (actual time=2073.221..3375.516 rows=286499 loops=1)
              Hash Cond: (mc.movie_id = t.id)
              ->  Seq Scan on movie_companies mc  (cost=0.00..51404.11 rows=284335 width=4) (actual time=182.205..858.611 rows=286499 loops=1)
                    Filter: (company_id > 95206)
                    Rows Removed by Filter: 2322630
              ->  Hash  (cost=61283.27..61283.27 rows=2528527 width=4) (actual time=1890.023..1890.023 rows=2528312 loops=1)
                    Buckets: 131072  Batches: 64  Memory Usage: 2415kB
                    ->  Seq Scan on title t  (cost=0.00..61283.27 rows=2528527 width=4) (actual time=0.020..1047.162 rows=2528312 loops=1)
Planning time: 1.159 ms
Execution time: 17595.998 ms
