Hash Join  (cost=982212.19..1641318.98 rows=15193244 width=0) (actual time=18372.512..40738.993 rows=39153668 loops=1)
  Hash Cond: (mi.movie_id = t.id)
  ->  Seq Scan on movie_info mi  (cost=0.00..346232.03 rows=9476311 width=4) (actual time=0.026..6981.194 rows=9565151 loops=1)
        Filter: (info_type_id < 16)
        Rows Removed by Filter: 5270569
  ->  Hash  (cost=915701.76..915701.76 rows=4053954 width=8) (actual time=18369.473..18369.473 rows=4088991 loops=1)
        Buckets: 131072  Batches: 64  Memory Usage: 3563kB
        ->  Hash Join  (cost=102767.86..915701.76 rows=4053954 width=8) (actual time=8504.039..17268.135 rows=4088991 loops=1)
              Hash Cond: (ci.movie_id = t.id)
              ->  Seq Scan on cast_info ci  (cost=0.00..705507.15 rows=4053954 width=4) (actual time=6541.767..11717.418 rows=4088991 loops=1)
                    Filter: (person_id > 3307424)
                    Rows Removed by Filter: 32155353
              ->  Hash  (cost=61283.27..61283.27 rows=2528527 width=4) (actual time=1960.966..1960.966 rows=2528312 loops=1)
                    Buckets: 131072  Batches: 64  Memory Usage: 2415kB
                    ->  Seq Scan on title t  (cost=0.00..61283.27 rows=2528527 width=4) (actual time=0.015..1117.583 rows=2528312 loops=1)
Planning time: 1.394 ms
Execution time: 45067.383 ms
