Hash Join  (cost=336345.01..1427961.58 rows=17746599 width=0) (actual time=10940.167..44850.269 rows=61137232 loops=1)
  Hash Cond: (ci.movie_id = t.id)
  ->  Seq Scan on cast_info ci  (cost=0.00..705507.15 rows=12726058 width=4) (actual time=3245.093..14665.572 rows=12670688 loops=1)
        Filter: (role_id = 1)
        Rows Removed by Filter: 23573656
  ->  Hash  (cost=278495.34..278495.34 rows=3526053 width=8) (actual time=7692.776..7692.776 rows=3515879 loops=1)
        Buckets: 131072  Batches: 64  Memory Usage: 3193kB
        ->  Hash Join  (cost=102767.86..278495.34 rows=3526053 width=8) (actual time=1950.752..6705.489 rows=3515879 loops=1)
              Hash Cond: (mk.movie_id = t.id)
              ->  Seq Scan on movie_keyword mk  (cost=0.00..81003.12 rows=3526053 width=4) (actual time=0.053..1771.257 rows=3515879 loops=1)
                    Filter: (keyword_id < 18242)
                    Rows Removed by Filter: 1008051
              ->  Hash  (cost=61283.27..61283.27 rows=2528527 width=4) (actual time=1948.176..1948.176 rows=2528312 loops=1)
                    Buckets: 131072  Batches: 64  Memory Usage: 2425kB
                    ->  Seq Scan on title t  (cost=0.00..61283.27 rows=2528527 width=4) (actual time=0.021..1100.676 rows=2528312 loops=1)
Planning time: 0.761 ms
Execution time: 51270.421 ms
