Seq Scan on cast_info ci  (cost=0.00..705507.15 rows=33880328 width=0) (actual time=0.018..35772.139 rows=33854360 loops=1)
  Filter: (person_id < 3595636)
  Rows Removed by Filter: 2389984
Planning time: 0.390 ms
Execution time: 40781.063 ms
