Nested Loop  (cost=0.43..83072.29 rows=181 width=0) (actual time=192.366..3614.502 rows=65 loops=1)
  ->  Seq Scan on movie_keyword mk  (cost=0.00..81003.12 rows=246 width=4) (actual time=0.395..3558.913 rows=367 loops=1)
        Filter: (keyword_id = 7941)
        Rows Removed by Filter: 4523563
  ->  Index Scan using title_pkey on title t  (cost=0.43..8.40 rows=1 width=4) (actual time=0.149..0.149 rows=0 loops=367)
        Index Cond: (id = mk.movie_id)
        Filter: (kind_id > 1)
        Rows Removed by Filter: 1
Planning time: 0.799 ms
Execution time: 3614.678 ms
