Nested Loop  (cost=0.43..28266.72 rows=24 width=0) (actual time=322.545..1084.657 rows=6 loops=1)
  ->  Seq Scan on movie_info_idx mi_idx  (cost=0.00..25185.44 rows=368 width=4) (actual time=321.534..1079.245 rows=260 loops=1)
        Filter: (info_type_id > 101)
        Rows Removed by Filter: 1379775
  ->  Index Scan using title_pkey on title t  (cost=0.43..8.36 rows=1 width=4) (actual time=0.020..0.020 rows=0 loops=260)
        Index Cond: (id = mi_idx.movie_id)
        Filter: (production_year = 2012)
        Rows Removed by Filter: 1
Planning time: 12.869 ms
Execution time: 1084.755 ms
