Seq Scan on cast_info ci  (cost=0.00..796071.18 rows=3371004 width=0) (actual time=717.146..31007.237 rows=3584816 loops=1)
  Filter: ((person_id > 541118) AND (role_id = 3))
  Rows Removed by Filter: 32659528
Planning time: 0.451 ms
Execution time: 31446.204 ms
