Hash Join  (cost=28268.16..114928.25 rows=206 width=0) (actual time=1390.532..5876.253 rows=5085 loops=1)
  Hash Cond: (mk.movie_id = t.id)
  ->  Seq Scan on movie_keyword mk  (cost=0.00..69693.30 rows=4523930 width=4) (actual time=0.023..3670.226 rows=4523930 loops=1)
  ->  Hash  (cost=28266.72..28266.72 rows=115 width=8) (actual time=1207.922..1207.922 rows=34 loops=1)
        Buckets: 1024  Batches: 1  Memory Usage: 10kB
        ->  Nested Loop  (cost=0.43..28266.72 rows=115 width=8) (actual time=202.324..1207.875 rows=34 loops=1)
              ->  Seq Scan on movie_info_idx mi_idx  (cost=0.00..25185.44 rows=368 width=4) (actual time=202.158..1134.158 rows=260 loops=1)
                    Filter: (info_type_id > 101)
                    Rows Removed by Filter: 1379775
              ->  Index Scan using title_pkey on title t  (cost=0.43..8.36 rows=1 width=4) (actual time=0.283..0.283 rows=0 loops=260)
                    Index Cond: (id = mi_idx.movie_id)
                    Filter: (production_year > 2007)
                    Rows Removed by Filter: 1
Planning time: 3.698 ms
Execution time: 5877.092 ms
