Hash Join  (cost=74474.39..132998.80 rows=2643 width=0) (actual time=4169.872..5897.518 rows=761 loops=1)
  Hash Cond: (mc.movie_id = t.id)
  ->  Seq Scan on movie_companies mc  (cost=0.00..57926.93 rows=152279 width=4) (actual time=303.103..2372.329 rows=68493 loops=1)
        Filter: ((company_id < 160) AND (company_type_id > 1))
        Rows Removed by Filter: 2540636
  ->  Hash  (cost=73925.90..73925.90 rows=43879 width=4) (actual time=3469.233..3469.233 rows=130320 loops=1)
        Buckets: 131072 (originally 65536)  Batches: 2 (originally 1)  Memory Usage: 3310kB
        ->  Seq Scan on title t  (cost=0.00..73925.90 rows=43879 width=4) (actual time=870.998..3413.201 rows=130320 loops=1)
              Filter: ((kind_id < 4) AND (production_year < 1936))
              Rows Removed by Filter: 2397992
Planning time: 0.928 ms
Execution time: 5898.100 ms
