Hash Join  (cost=102702.86..211445.77 rows=2207497 width=0) (actual time=5822.982..12216.955 rows=1985220 loops=1)
  Hash Cond: (mc.movie_id = t.id)
  ->  Seq Scan on movie_companies mc  (cost=0.00..44881.29 rows=2609129 width=4) (actual time=0.027..3503.769 rows=2609129 loops=1)
  ->  Hash  (cost=67604.59..67604.59 rows=2139302 width=4) (actual time=5821.650..5821.650 rows=2132973 loops=1)
        Buckets: 131072  Batches: 32  Memory Usage: 3371kB
        ->  Seq Scan on title t  (cost=0.00..67604.59 rows=2139302 width=4) (actual time=0.018..4924.317 rows=2132973 loops=1)
              Filter: (production_year > 1966)
              Rows Removed by Filter: 395339
Planning time: 1.186 ms
Execution time: 12464.217 ms
