Hash Join  (cost=69928.56..200623.53 rows=226987 width=0) (actual time=3460.527..10108.793 rows=155347 loops=1)
  Hash Cond: (mk.movie_id = t.id)
  ->  Seq Scan on movie_keyword mk  (cost=0.00..81003.12 rows=4053327 width=4) (actual time=0.025..5108.116 rows=4056340 loops=1)
        Filter: (keyword_id < 38079)
        Rows Removed by Filter: 467590
  ->  Hash  (cost=67604.59..67604.59 rows=141598 width=4) (actual time=3423.705..3423.705 rows=141703 loops=1)
        Buckets: 131072  Batches: 2  Memory Usage: 3517kB
        ->  Seq Scan on title t  (cost=0.00..67604.59 rows=141598 width=4) (actual time=0.031..3323.612 rows=141703 loops=1)
              Filter: (production_year = 2010)
              Rows Removed by Filter: 2386609
Planning time: 0.787 ms
Execution time: 10143.047 ms
