Nested Loop  (cost=0.43..709673.15 rows=303 width=0) (actual time=25006.557..30483.550 rows=95 loops=1)
  ->  Seq Scan on cast_info ci  (cost=0.00..705507.15 rows=500 width=4) (actual time=25006.480..30481.427 rows=139 loops=1)
        Filter: (person_id = 3165153)
        Rows Removed by Filter: 36244205
  ->  Index Scan using title_pkey on title t  (cost=0.43..8.32 rows=1 width=4) (actual time=0.014..0.014 rows=1 loops=139)
        Index Cond: (id = ci.movie_id)
        Filter: (production_year > 1997)
        Rows Removed by Filter: 0
Planning time: 0.797 ms
Execution time: 30483.670 ms
