Seq Scan on cast_info ci  (cost=0.00..796071.18 rows=7593183 width=0) (actual time=8688.756..41608.791 rows=12670688 loops=1)
  Filter: ((person_id < 2176513) AND (role_id = 1))
  Rows Removed by Filter: 23573656
Planning time: 0.441 ms
Execution time: 43790.436 ms
