Hash Join  (cost=119362.46..492733.48 rows=575 width=0) (actual time=2005.073..8840.974 rows=4000 loops=1)
  Hash Cond: (mi.movie_id = t.id)
  ->  Seq Scan on movie_info mi  (cost=0.00..346232.03 rows=7235534 width=4) (actual time=0.022..5921.920 rows=7286865 loops=1)
        Filter: (info_type_id < 8)
        Rows Removed by Filter: 7548855
  ->  Hash  (cost=119359.94..119359.94 rows=201 width=8) (actual time=1855.778..1855.778 rows=486 loops=1)
        Buckets: 1024  Batches: 1  Memory Usage: 27kB
        ->  Hash Join  (cost=67697.55..119359.94 rows=201 width=8) (actual time=1310.993..1855.523 rows=486 loops=1)
              Hash Cond: (mc.movie_id = t.id)
              ->  Seq Scan on movie_companies mc  (cost=0.00..51404.11 rows=68339 width=4) (actual time=203.010..730.028 rows=67248 loops=1)
                    Filter: (company_id > 178517)
                    Rows Removed by Filter: 2541881
              ->  Hash  (cost=67604.59..67604.59 rows=7437 width=4) (actual time=1107.906..1107.906 rows=19861 loops=1)
                    Buckets: 32768 (originally 8192)  Batches: 1 (originally 1)  Memory Usage: 955kB
                    ->  Seq Scan on title t  (cost=0.00..67604.59 rows=7437 width=4) (actual time=0.097..1098.558 rows=19861 loops=1)
                          Filter: (production_year = 1988)
                          Rows Removed by Filter: 2508451
Planning time: 0.826 ms
Execution time: 8842.057 ms
