Hash Join  (cost=267136.32..744454.90 rows=4551891 width=0) (actual time=11327.902..33168.670 rows=3171086 loops=1)
  Hash Cond: (mi.movie_id = t.id)
  ->  Seq Scan on movie_info mi  (cost=0.00..346232.03 rows=6103325 width=4) (actual time=1826.831..18607.614 rows=6083429 loops=1)
        Filter: (info_type_id > 9)
        Rows Removed by Filter: 8752291
  ->  Hash  (cost=236196.96..236196.96 rows=1885789 width=8) (actual time=9498.675..9498.675 rows=471934 loops=1)
        Buckets: 131072  Batches: 32  Memory Usage: 1616kB
        ->  Hash Join  (cost=91219.03..236196.96 rows=1885789 width=8) (actual time=6372.656..9357.374 rows=471934 loops=1)
              Hash Cond: (mk.movie_id = t.id)
              ->  Seq Scan on movie_keyword mk  (cost=0.00..69693.30 rows=4523930 width=4) (actual time=0.032..2906.535 rows=4523930 loops=1)
              ->  Hash  (cost=73925.90..73925.90 rows=1054010 width=4) (actual time=3779.995..3779.995 rows=1148948 loops=1)
                    Buckets: 131072  Batches: 16  Memory Usage: 3562kB
                    ->  Seq Scan on title t  (cost=0.00..73925.90 rows=1054010 width=4) (actual time=0.019..3176.477 rows=1148948 loops=1)
                          Filter: ((production_year > 1991) AND (kind_id = 7))
                          Rows Removed by Filter: 1379364
Planning time: 1.139 ms
Execution time: 33588.994 ms
