Hash Join  (cost=160212.76..245074.55 rows=671334 width=0) (actual time=5879.016..10413.761 rows=1702605 loops=1)
  Hash Cond: (mc.movie_id = t.id)
  ->  Seq Scan on movie_companies mc  (cost=0.00..51404.11 rows=2030488 width=4) (actual time=0.028..2918.786 rows=2025136 loops=1)
        Filter: (company_id < 70989)
        Rows Removed by Filter: 583993
  ->  Hash  (cost=146496.78..146496.78 rows=835999 width=8) (actual time=5878.045..5878.045 rows=758770 loops=1)
        Buckets: 131072  Batches: 16  Memory Usage: 2875kB
        ->  Hash Join  (cost=92735.26..146496.78 rows=835999 width=8) (actual time=3560.202..5670.412 rows=758770 loops=1)
              Hash Cond: (mi_idx.movie_id = t.id)
              ->  Seq Scan on movie_info_idx mi_idx  (cost=0.00..21735.35 rows=1380035 width=4) (actual time=0.016..993.109 rows=1380035 loops=1)
              ->  Hash  (cost=67604.59..67604.59 rows=1531734 width=4) (actual time=3559.433..3559.433 rows=1531613 loops=1)
                    Buckets: 131072  Batches: 32  Memory Usage: 2708kB
                    ->  Seq Scan on title t  (cost=0.00..67604.59 rows=1531734 width=4) (actual time=0.008..3031.102 rows=1531613 loops=1)
                          Filter: (production_year > 1997)
                          Rows Removed by Filter: 996699
Planning time: 4.668 ms
Execution time: 10650.033 ms
