Seq Scan on movie_keyword mk  (cost=0.00..81003.12 rows=246 width=0) (actual time=56.428..3390.075 rows=128 loops=1)
  Filter: (keyword_id = 11134)
  Rows Removed by Filter: 4523802
Planning time: 0.407 ms
Execution time: 3390.283 ms
