Seq Scan on movie_keyword mk  (cost=0.00..81003.12 rows=246 width=0) (actual time=713.443..3694.985 rows=4 loops=1)
  Filter: (keyword_id = 58011)
  Rows Removed by Filter: 4523926
Planning time: 0.353 ms
Execution time: 3695.067 ms
