Hash Join  (cost=456613.93..1257702.82 rows=28774 width=0) (actual time=23987.444..54134.544 rows=39458 loops=1)
  Hash Cond: (ci.movie_id = t.id)
  ->  Seq Scan on cast_info ci  (cost=0.00..796071.18 rows=335725 width=4) (actual time=772.061..30810.482 rows=108851 loops=1)
        Filter: ((person_id < 266672) AND (role_id = 10))
        Rows Removed by Filter: 36135493
  ->  Hash  (cost=453058.00..453058.00 rows=216715 width=8) (actual time=23214.059..23214.059 rows=214877 loops=1)
        Buckets: 131072  Batches: 4  Memory Usage: 3121kB
        ->  Hash Join  (cost=94009.45..453058.00 rows=216715 width=8) (actual time=19644.538..23143.936 rows=214877 loops=1)
              Hash Cond: (mi.movie_id = t.id)
              ->  Seq Scan on movie_info mi  (cost=0.00..346232.03 rows=340474 width=4) (actual time=14129.836..16276.958 rows=328857 loops=1)
                    Filter: (info_type_id = 98)
                    Rows Removed by Filter: 14506863
              ->  Hash  (cost=67604.59..67604.59 rows=1609429 width=4) (actual time=5513.579..5513.579 rows=1607077 loops=1)
                    Buckets: 131072  Batches: 32  Memory Usage: 2799kB
                    ->  Seq Scan on title t  (cost=0.00..67604.59 rows=1609429 width=4) (actual time=0.022..4061.009 rows=1607077 loops=1)
                          Filter: (production_year > 1995)
                          Rows Removed by Filter: 921235
Planning time: 18.406 ms
Execution time: 54142.491 ms
