Hash Join  (cost=160487.58..525890.69 rows=74718 width=0) (actual time=4721.323..27089.866 rows=543823 loops=1)
  Hash Cond: (mi.movie_id = t.id)
  ->  Seq Scan on movie_info mi  (cost=0.00..309384.22 rows=14739122 width=4) (actual time=0.009..17252.478 rows=14835720 loops=1)
  ->  Hash  (cost=160327.36..160327.36 rows=12818 width=8) (actual time=4721.052..4721.052 rows=12645 loops=1)
        Buckets: 16384  Batches: 1  Memory Usage: 622kB
        ->  Nested Loop  (cost=0.43..160327.36 rows=12818 width=8) (actual time=2.134..4713.156 rows=12645 loops=1)
              ->  Seq Scan on movie_keyword mk  (cost=0.00..81003.12 rows=12818 width=4) (actual time=2.074..3213.164 rows=12645 loops=1)
                    Filter: (keyword_id = 245)
                    Rows Removed by Filter: 4511285
              ->  Index Only Scan using title_pkey on title t  (cost=0.43..6.18 rows=1 width=4) (actual time=0.117..0.118 rows=1 loops=12645)
                    Index Cond: (id = mk.movie_id)
                    Heap Fetches: 12645
Planning time: 1.044 ms
Execution time: 27169.761 ms
