Hash Join  (cost=280873.41..1691044.22 rows=32229761 width=0) (actual time=12338.156..82679.352 rows=32713916 loops=1)
  Hash Cond: (ci.movie_id = t.id)
  ->  Seq Scan on cast_info ci  (cost=0.00..614943.12 rows=36225612 width=4) (actual time=0.014..38421.164 rows=36244344 loops=1)
  ->  Hash  (cost=243965.17..243965.17 rows=2249619 width=8) (actual time=12336.265..12336.265 rows=1161703 loops=1)
        Buckets: 131072  Batches: 32  Memory Usage: 2418kB
        ->  Hash Join  (cost=94554.94..243965.17 rows=2249619 width=8) (actual time=5477.715..12023.248 rows=1161703 loops=1)
              Hash Cond: (mk.movie_id = t.id)
              ->  Seq Scan on movie_keyword mk  (cost=0.00..69693.30 rows=4523930 width=4) (actual time=0.021..3812.830 rows=4523930 loops=1)
              ->  Hash  (cost=73925.90..73925.90 rows=1257363 width=4) (actual time=5472.135..5472.135 rows=1229210 loops=1)
                    Buckets: 131072  Batches: 32  Memory Usage: 2380kB
                    ->  Seq Scan on title t  (cost=0.00..73925.90 rows=1257363 width=4) (actual time=0.019..4627.081 rows=1229210 loops=1)
                          Filter: ((kind_id > 2) AND (production_year < 2009))
                          Rows Removed by Filter: 1299102
Planning time: 1.192 ms
Execution time: 86676.563 ms
