Hash Join  (cost=195335.91..322243.45 rows=1164712 width=0) (actual time=11429.541..19728.152 rows=6379992 loops=1)
  Hash Cond: (mk.movie_id = t.id)
  ->  Seq Scan on movie_keyword mk  (cost=0.00..81003.12 rows=2576612 width=4) (actual time=0.022..5044.355 rows=2568522 loops=1)
        Filter: (keyword_id < 6550)
        Rows Removed by Filter: 1955408
  ->  Hash  (cost=176583.71..176583.71 rows=1142976 width=8) (actual time=11428.242..11428.242 rows=917132 loops=1)
        Buckets: 131072  Batches: 16  Memory Usage: 3294kB
        ->  Hash Join  (cost=85777.42..176583.71 rows=1142976 width=8) (actual time=5222.548..11111.097 rows=917132 loops=1)
              Hash Cond: (mc.movie_id = t.id)
              ->  Seq Scan on movie_companies mc  (cost=0.00..44881.29 rows=2609129 width=4) (actual time=0.016..3680.676 rows=2609129 loops=1)
              ->  Hash  (cost=67604.59..67604.59 rows=1107667 width=4) (actual time=5221.479..5221.479 rows=1107925 loops=1)
                    Buckets: 131072  Batches: 16  Memory Usage: 3460kB
                    ->  Seq Scan on title t  (cost=0.00..67604.59 rows=1107667 width=4) (actual time=0.027..4530.262 rows=1107925 loops=1)
                          Filter: (production_year > 2004)
                          Rows Removed by Filter: 1420387
Planning time: 1.059 ms
Execution time: 20549.386 ms
