Hash Join  (cost=74050.79..197364.96 rows=483045 width=0) (actual time=4085.059..11311.408 rows=210524 loops=1)
  Hash Cond: (mk.movie_id = t.id)
  ->  Seq Scan on movie_keyword mk  (cost=0.00..81003.12 rows=3108694 width=4) (actual time=0.021..5325.382 rows=3091297 loops=1)
        Filter: (keyword_id > 1975)
        Rows Removed by Filter: 1432633
  ->  Hash  (cost=67604.59..67604.59 rows=392896 width=4) (actual time=4081.755..4081.755 rows=391666 loops=1)
        Buckets: 131072  Batches: 8  Memory Usage: 2759kB
        ->  Seq Scan on title t  (cost=0.00..67604.59 rows=392896 width=4) (actual time=0.017..3919.880 rows=391666 loops=1)
              Filter: (production_year > 2010)
              Rows Removed by Filter: 2136646
Planning time: 0.725 ms
Execution time: 11338.894 ms
