Hash Join  (cost=73982.55..934785.06 rows=30792 width=0) (actual time=15304.709..51613.625 rows=74976 loops=1)
  Hash Cond: (ci.movie_id = t.id)
  ->  Seq Scan on cast_info ci  (cost=0.00..796071.18 rows=17179575 width=4) (actual time=11707.051..42580.684 rows=20122661 loops=1)
        Filter: ((person_id < 3143468) AND (role_id < 3))
        Rows Removed by Filter: 16121683
  ->  Hash  (cost=73925.90..73925.90 rows=4532 width=4) (actual time=3596.187..3596.187 rows=7895 loops=1)
        Buckets: 8192  Batches: 1  Memory Usage: 342kB
        ->  Seq Scan on title t  (cost=0.00..73925.90 rows=4532 width=4) (actual time=0.057..3591.698 rows=7895 loops=1)
              Filter: ((kind_id = 7) AND (production_year = 1982))
              Rows Removed by Filter: 2520417
Planning time: 0.909 ms
Execution time: 51637.742 ms
