Hash Join  (cost=851652.75..1632388.47 rows=5756106 width=0) (actual time=24923.142..40578.299 rows=5391240 loops=1)
  Hash Cond: (mi.movie_id = t.id)
  ->  Seq Scan on movie_info mi  (cost=0.00..309384.22 rows=14739122 width=4) (actual time=0.017..6366.950 rows=14835720 loops=1)
  ->  Hash  (cost=835451.35..835451.35 rows=987472 width=8) (actual time=24920.447..24920.447 rows=1292350 loops=1)
        Buckets: 131072 (originally 131072)  Batches: 32 (originally 16)  Memory Usage: 3073kB
        ->  Hash Join  (cost=74787.47..835451.35 rows=987472 width=8) (actual time=1362.110..23909.975 rows=1292350 loops=1)
              Hash Cond: (ci.movie_id = t.id)
              ->  Seq Scan on cast_info ci  (cost=0.00..614943.12 rows=36225612 width=4) (actual time=0.025..9737.139 rows=36244344 loops=1)
              ->  Hash  (cost=73925.90..73925.90 rows=68925 width=4) (actual time=1361.398..1361.398 rows=84076 loops=1)
                    Buckets: 131072  Batches: 1  Memory Usage: 3980kB
                    ->  Seq Scan on title t  (cost=0.00..73925.90 rows=68925 width=4) (actual time=0.018..1326.517 rows=84076 loops=1)
                          Filter: ((kind_id > 6) AND (production_year = 2007))
                          Rows Removed by Filter: 2444236
Planning time: 1.247 ms
Execution time: 41224.169 ms
