Hash Join  (cost=102767.86..283232.43 rows=3722920 width=0) (actual time=5409.169..13903.572 rows=3717104 loops=1)
  Hash Cond: (mk.movie_id = t.id)
  ->  Seq Scan on movie_keyword mk  (cost=0.00..81003.12 rows=3722920 width=4) (actual time=0.032..4894.170 rows=3717104 loops=1)
        Filter: (keyword_id < 22946)
        Rows Removed by Filter: 806826
  ->  Hash  (cost=61283.27..61283.27 rows=2528527 width=4) (actual time=5407.796..5407.796 rows=2528312 loops=1)
        Buckets: 131072  Batches: 64  Memory Usage: 2425kB
        ->  Seq Scan on title t  (cost=0.00..61283.27 rows=2528527 width=4) (actual time=0.014..4132.347 rows=2528312 loops=1)
Planning time: 0.546 ms
Execution time: 14351.124 ms
