Seq Scan on movie_keyword mk  (cost=0.00..81003.12 rows=2199894 width=0) (actual time=0.022..4315.575 rows=2197610 loops=1)
  Filter: (keyword_id > 5091)
  Rows Removed by Filter: 2326320
Planning time: 0.311 ms
Execution time: 4697.427 ms
