Hash Join  (cost=77864.76..156329.49 rows=247721 width=0) (actual time=3719.037..8183.749 rows=145394 loops=1)
  Hash Cond: (mc.movie_id = t.id)
  ->  Seq Scan on movie_companies mc  (cost=0.00..44881.29 rows=2609129 width=4) (actual time=0.022..3155.106 rows=2609129 loops=1)
  ->  Hash  (cost=73925.90..73925.90 rows=240068 width=4) (actual time=3718.073..3718.073 rows=109701 loops=1)
        Buckets: 131072  Batches: 4  Memory Usage: 1987kB
        ->  Seq Scan on title t  (cost=0.00..73925.90 rows=240068 width=4) (actual time=0.031..3665.401 rows=109701 loops=1)
              Filter: ((kind_id > 1) AND (production_year < 1967))
              Rows Removed by Filter: 2418611
Planning time: 0.857 ms
Execution time: 8203.976 ms
