Hash Join  (cost=180218.49..640579.06 rows=2418409 width=0) (actual time=10810.957..36422.722 rows=9622844 loops=1)
  Hash Cond: (mi.movie_id = t.id)
  ->  Seq Scan on movie_info mi  (cost=0.00..346232.03 rows=7503588 width=4) (actual time=1202.557..18035.472 rows=7548855 loops=1)
        Filter: (info_type_id > 7)
        Rows Removed by Filter: 7286865
  ->  Hash  (cost=166847.67..166847.67 rows=814945 width=8) (actual time=9607.509..9607.509 rows=630339 loops=1)
        Buckets: 131072  Batches: 16  Memory Usage: 2547kB
        ->  Hash Join  (cost=80562.70..166847.67 rows=814945 width=8) (actual time=4108.778..9390.839 rows=630339 loops=1)
              Hash Cond: (mc.movie_id = t.id)
              ->  Seq Scan on movie_companies mc  (cost=0.00..44881.29 rows=2609129 width=4) (actual time=0.026..3185.740 rows=2609129 loops=1)
              ->  Hash  (cost=67604.59..67604.59 rows=789769 width=4) (actual time=4107.671..4107.671 rows=784926 loops=1)
                    Buckets: 131072  Batches: 16  Memory Usage: 2749kB
                    ->  Seq Scan on title t  (cost=0.00..67604.59 rows=789769 width=4) (actual time=0.024..3802.885 rows=784926 loops=1)
                          Filter: (production_year > 2007)
                          Rows Removed by Filter: 1743386
Planning time: 1.265 ms
Execution time: 37612.544 ms
