Hash Join  (cost=1181210.51..2190360.17 rows=39249732 width=0) (actual time=66637.216..142872.456 rows=160233289 loops=1)
  Hash Cond: (mi.movie_id = t.id)
  ->  Seq Scan on movie_info mi  (cost=0.00..309384.22 rows=14739122 width=4) (actual time=2.987..16840.853 rows=14835720 loops=1)
  ->  Hash  (cost=1070740.35..1070740.35 rows=6733373 width=8) (actual time=66628.770..66628.770 rows=12670688 loops=1)
        Buckets: 131072 (originally 131072)  Batches: 256 (originally 128)  Memory Usage: 3073kB
        ->  Hash Join  (cost=102767.86..1070740.35 rows=6733373 width=8) (actual time=5728.611..62067.470 rows=12670688 loops=1)
              Hash Cond: (ci.movie_id = t.id)
              ->  Seq Scan on cast_info ci  (cost=0.00..796071.18 rows=6733373 width=4) (actual time=0.023..43400.801 rows=12670688 loops=1)
                    Filter: ((person_id < 1903029) AND (role_id < 2))
                    Rows Removed by Filter: 23573656
              ->  Hash  (cost=61283.27..61283.27 rows=2528527 width=4) (actual time=5721.189..5721.189 rows=2528312 loops=1)
                    Buckets: 131072  Batches: 64  Memory Usage: 2415kB
                    ->  Seq Scan on title t  (cost=0.00..61283.27 rows=2528527 width=4) (actual time=0.026..4598.202 rows=2528312 loops=1)
Planning time: 1.106 ms
Execution time: 162998.354 ms
