Hash Join  (cost=84276.67..118458.31 rows=115908 width=0) (actual time=4428.908..5981.478 rows=205088 loops=1)
  Hash Cond: (mi_idx.movie_id = t.id)
  ->  Seq Scan on movie_info_idx mi_idx  (cost=0.00..25185.44 rows=464566 width=4) (actual time=0.016..1313.797 rows=459925 loops=1)
        Filter: (info_type_id = 101)
        Rows Removed by Filter: 920110
  ->  Hash  (cost=73925.90..73925.90 rows=630861 width=4) (actual time=4199.879..4199.879 rows=582960 loops=1)
        Buckets: 131072  Batches: 16  Memory Usage: 2302kB
        ->  Seq Scan on title t  (cost=0.00..73925.90 rows=630861 width=4) (actual time=851.710..3974.596 rows=582960 loops=1)
              Filter: ((production_year > 1916) AND (kind_id = 1))
              Rows Removed by Filter: 1945352
Planning time: 12.663 ms
Execution time: 6006.466 ms
