Hash Join  (cost=123311.50..896269.87 rows=507611 width=0) (actual time=8050.878..42935.036 rows=1958618 loops=1)
  Hash Cond: (ci.movie_id = t.id)
  ->  Seq Scan on cast_info ci  (cost=0.00..705507.15 rows=5312827 width=4) (actual time=1761.167..31854.739 rows=5388855 loops=1)
        Filter: (person_id > 3119164)
        Rows Removed by Filter: 30855489
  ->  Hash  (cost=119347.66..119347.66 rows=241587 width=8) (actual time=6288.848..6288.848 rows=419760 loops=1)
        Buckets: 131072 (originally 131072)  Batches: 8 (originally 4)  Memory Usage: 3078kB
        ->  Hash Join  (cost=78556.72..119347.66 rows=241587 width=8) (actual time=4187.337..6142.788 rows=419760 loops=1)
              Hash Cond: (mi_idx.movie_id = t.id)
              ->  Seq Scan on movie_info_idx mi_idx  (cost=0.00..25185.44 rows=915101 width=4) (actual time=0.028..1461.324 rows=919850 loops=1)
                    Filter: (info_type_id < 101)
                    Rows Removed by Filter: 460185
              ->  Hash  (cost=67604.59..67604.59 rows=667531 width=4) (actual time=3880.461..3880.461 rows=662825 loops=1)
                    Buckets: 131072  Batches: 16  Memory Usage: 2476kB
                    ->  Seq Scan on title t  (cost=0.00..67604.59 rows=667531 width=4) (actual time=0.019..3612.677 rows=662825 loops=1)
                          Filter: (kind_id = 1)
                          Rows Removed by Filter: 1865487
Planning time: 1.382 ms
Execution time: 43194.850 ms
