Hash Join  (cost=151797.77..903030.93 rows=44401 width=0) (actual time=2647.588..19398.247 rows=72498 loops=1)
  Hash Cond: (ci.movie_id = t.id)
  ->  Seq Scan on cast_info ci  (cost=0.00..614943.12 rows=36225612 width=4) (actual time=0.023..8969.251 rows=36244344 loops=1)
  ->  Hash  (cost=151759.03..151759.03 rows=3099 width=8) (actual time=2647.311..2647.311 rows=3868 loops=1)
        Buckets: 4096  Batches: 1  Memory Usage: 184kB
        ->  Hash Join  (cost=69484.36..151759.03 rows=3099 width=8) (actual time=1245.859..2645.584 rows=3868 loops=1)
              Hash Cond: (mk.movie_id = t.id)
              ->  Seq Scan on movie_keyword mk  (cost=0.00..81003.12 rows=68415 width=4) (actual time=0.017..1354.562 rows=69147 loops=1)
                    Filter: (keyword_id < 62)
                    Rows Removed by Filter: 4454783
              ->  Hash  (cost=67604.59..67604.59 rows=114542 width=4) (actual time=1243.698..1243.698 rows=118234 loops=1)
                    Buckets: 131072  Batches: 2  Memory Usage: 3107kB
                    ->  Seq Scan on title t  (cost=0.00..67604.59 rows=114542 width=4) (actual time=0.370..1199.821 rows=118234 loops=1)
                          Filter: (kind_id = 4)
                          Rows Removed by Filter: 2410078
Planning time: 1.217 ms
Execution time: 19413.391 ms
