Seq Scan on movie_keyword mk  (cost=0.00..81003.12 rows=246 width=0) (actual time=0.160..3464.790 rows=542 loops=1)
  Filter: (keyword_id = 2064)
  Rows Removed by Filter: 4523388
Planning time: 0.268 ms
Execution time: 3465.166 ms
