Hash Join  (cost=1055531.77..1273577.24 rows=6490669 width=0) (actual time=38085.855..49375.370 rows=14843464 loops=1)
  Hash Cond: (mk.movie_id = t.id)
  ->  Seq Scan on movie_keyword mk  (cost=0.00..69693.30 rows=4523930 width=4) (actual time=0.013..4503.191 rows=4523930 loops=1)
  ->  Hash  (cost=996012.49..996012.49 rows=3627782 width=8) (actual time=38084.518..38084.518 rows=1820210 loops=1)
        Buckets: 131072  Batches: 64  Memory Usage: 2172kB
        ->  Hash Join  (cost=102767.86..996012.49 rows=3627782 width=8) (actual time=18538.229..37492.791 rows=1820210 loops=1)
              Hash Cond: (ci.movie_id = t.id)
              ->  Seq Scan on cast_info ci  (cost=0.00..796071.18 rows=3627782 width=4) (actual time=14829.591..31428.514 rows=1820210 loops=1)
                    Filter: ((person_id < 1365817) AND (role_id > 4))
                    Rows Removed by Filter: 34424134
              ->  Hash  (cost=61283.27..61283.27 rows=2528527 width=4) (actual time=3707.163..3707.163 rows=2528312 loops=1)
                    Buckets: 131072  Batches: 64  Memory Usage: 2415kB
                    ->  Seq Scan on title t  (cost=0.00..61283.27 rows=2528527 width=4) (actual time=0.015..2742.929 rows=2528312 loops=1)
Planning time: 1.213 ms
Execution time: 51209.551 ms
