Hash Join  (cost=77180.21..569322.87 rows=1156174 width=0) (actual time=3882.956..36639.343 rows=3974226 loops=1)
  Hash Cond: (mi.movie_id = t.id)
  ->  Seq Scan on movie_info mi  (cost=0.00..309384.22 rows=14739122 width=4) (actual time=0.019..21787.979 rows=14835720 loops=1)
  ->  Hash  (cost=73925.90..73925.90 rows=198344 width=4) (actual time=3850.112..3850.112 rows=331222 loops=1)
        Buckets: 131072  Batches: 4  Memory Usage: 3944kB
        ->  Seq Scan on title t  (cost=0.00..73925.90 rows=198344 width=4) (actual time=0.024..3712.163 rows=331222 loops=1)
              Filter: ((kind_id < 2) AND (production_year < 1993))
              Rows Removed by Filter: 2197090
Planning time: 6.783 ms
Execution time: 37193.468 ms
