Hash Join  (cost=90547.80..195962.99 rows=526366 width=0) (actual time=5568.193..11092.626 rows=296572 loops=1)
  Hash Cond: (mk.movie_id = t.id)
  ->  Seq Scan on movie_keyword mk  (cost=0.00..81003.12 rows=1313706 width=4) (actual time=0.025..4504.104 rows=1325242 loops=1)
        Filter: (keyword_id > 13037)
        Rows Removed by Filter: 3198688
  ->  Hash  (cost=73925.90..73925.90 rows=1013112 width=4) (actual time=5566.782..5566.782 rows=946533 loops=1)
        Buckets: 131072  Batches: 16  Memory Usage: 3114kB
        ->  Seq Scan on title t  (cost=0.00..73925.90 rows=1013112 width=4) (actual time=0.022..5148.993 rows=946533 loops=1)
              Filter: ((kind_id > 2) AND (production_year < 2006))
              Rows Removed by Filter: 1581779
Planning time: 0.675 ms
Execution time: 11130.439 ms
