Seq Scan on cast_info ci  (cost=0.00..705507.15 rows=23891201 width=0) (actual time=0.024..31741.239 rows=23995824 loops=1)
  Filter: (person_id > 1206926)
  Rows Removed by Filter: 12248520
Planning time: 0.343 ms
Execution time: 35215.807 ms
