Hash Join  (cost=130378.52..217131.44 rows=9488 width=0) (actual time=7130.401..11419.412 rows=387328 loops=1)
  Hash Cond: (mk.movie_id = t.id)
  ->  Seq Scan on movie_keyword mk  (cost=0.00..69693.30 rows=4523930 width=4) (actual time=0.019..3653.701 rows=4523930 loops=1)
  ->  Hash  (cost=130312.24..130312.24 rows=5303 width=8) (actual time=6538.305..6538.305 rows=7196 loops=1)
        Buckets: 8192  Batches: 1  Memory Usage: 346kB
        ->  Hash Join  (cost=74056.90..130312.24 rows=5303 width=8) (actual time=3750.712..6535.511 rows=7196 loops=1)
              Hash Cond: (mc.movie_id = t.id)
              ->  Seq Scan on movie_companies mc  (cost=0.00..51404.11 rows=1279517 width=4) (actual time=0.025..2877.008 rows=1274246 loops=1)
                    Filter: (company_type_id = 1)
                    Rows Removed by Filter: 1334883
              ->  Hash  (cost=73925.90..73925.90 rows=10480 width=4) (actual time=3381.429..3381.429 rows=5587 loops=1)
                    Buckets: 16384  Batches: 1  Memory Usage: 325kB
                    ->  Seq Scan on title t  (cost=0.00..73925.90 rows=10480 width=4) (actual time=1269.473..3378.558 rows=5587 loops=1)
                          Filter: ((kind_id < 2) AND (production_year = 1995))
                          Rows Removed by Filter: 2522725
Planning time: 9.127 ms
Execution time: 11505.105 ms
