Seq Scan on movie_companies mc  (cost=0.00..51404.11 rows=211084 width=0) (actual time=0.027..2828.786 rows=212169 loops=1)
  Filter: (company_id > 109956)
  Rows Removed by Filter: 2396960
Planning time: 0.413 ms
Execution time: 2874.187 ms
