Hash Join  (cost=102767.86..880833.06 rows=2604803 width=0) (actual time=8546.881..42445.821 rows=2555912 loops=1)
  Hash Cond: (ci.movie_id = t.id)
  ->  Seq Scan on cast_info ci  (cost=0.00..705507.15 rows=2604803 width=4) (actual time=2987.297..33557.441 rows=2555912 loops=1)
        Filter: (person_id < 246854)
        Rows Removed by Filter: 33688432
  ->  Hash  (cost=61283.27..61283.27 rows=2528527 width=4) (actual time=5479.052..5479.052 rows=2528312 loops=1)
        Buckets: 131072  Batches: 64  Memory Usage: 2415kB
        ->  Seq Scan on title t  (cost=0.00..61283.27 rows=2528527 width=4) (actual time=0.019..4174.152 rows=2528312 loops=1)
Planning time: 3.549 ms
Execution time: 42791.411 ms
