Seq Scan on movie_keyword mk  (cost=0.00..81003.12 rows=1816291 width=0) (actual time=0.013..4778.426 rows=1818568 loops=1)
  Filter: (keyword_id < 2984)
  Rows Removed by Filter: 2705362
Planning time: 0.321 ms
Execution time: 5087.602 ms
