Hash Join  (cost=183912.07..1248431.05 rows=2989983 width=0) (actual time=10145.941..83212.160 rows=16372702 loops=1)
  Hash Cond: (ci.movie_id = t.id)
  ->  Seq Scan on cast_info ci  (cost=0.00..614943.12 rows=36225612 width=4) (actual time=0.019..47374.982 rows=36244344 loops=1)
  ->  Hash  (cost=180487.33..180487.33 rows=208699 width=8) (actual time=10145.139..10145.139 rows=287275 loops=1)
        Buckets: 131072  Batches: 4  Memory Usage: 3781kB
        ->  Hash Join  (cost=80408.18..180487.33 rows=208699 width=8) (actual time=4196.087..10057.978 rows=287275 loops=1)
              Hash Cond: (mk.movie_id = t.id)
              ->  Seq Scan on movie_keyword mk  (cost=0.00..81003.12 rows=1335743 width=4) (actual time=0.009..4323.152 rows=1353666 loops=1)
                    Filter: (keyword_id < 1767)
                    Rows Removed by Filter: 3170264
              ->  Hash  (cost=73925.90..73925.90 rows=395062 width=4) (actual time=4195.019..4195.019 rows=335993 loops=1)
                    Buckets: 131072  Batches: 8  Memory Usage: 2499kB
                    ->  Seq Scan on title t  (cost=0.00..73925.90 rows=395062 width=4) (actual time=0.023..3457.683 rows=335993 loops=1)
                          Filter: ((kind_id < 7) AND (production_year > 2005))
                          Rows Removed by Filter: 2192319
Planning time: 1.111 ms
Execution time: 85429.763 ms
