Hash Join  (cost=102767.86..272044.67 rows=3257950 width=0) (actual time=6024.033..12787.793 rows=3246896 loops=1)
  Hash Cond: (mk.movie_id = t.id)
  ->  Seq Scan on movie_keyword mk  (cost=0.00..81003.12 rows=3257950 width=4) (actual time=0.026..3531.685 rows=3246896 loops=1)
        Filter: (keyword_id > 1638)
        Rows Removed by Filter: 1277034
  ->  Hash  (cost=61283.27..61283.27 rows=2528527 width=4) (actual time=6022.781..6022.781 rows=2528312 loops=1)
        Buckets: 131072  Batches: 64  Memory Usage: 2425kB
        ->  Seq Scan on title t  (cost=0.00..61283.27 rows=2528527 width=4) (actual time=0.011..4762.169 rows=2528312 loops=1)
Planning time: 6.561 ms
Execution time: 13214.021 ms
