Seq Scan on movie_keyword mk  (cost=0.00..81003.12 rows=592016 width=0) (actual time=0.021..1319.585 rows=592472 loops=1)
  Filter: (keyword_id > 31036)
  Rows Removed by Filter: 3931458
Planning time: 0.336 ms
Execution time: 1396.704 ms
