Hash Join  (cost=513437.85..1333077.08 rows=577516 width=0) (actual time=25930.714..37416.671 rows=2876275 loops=1)
  Hash Cond: (ci.movie_id = t.id)
  ->  Seq Scan on cast_info ci  (cost=0.00..796071.18 rows=1083171 width=4) (actual time=9995.151..18397.375 rows=4183781 loops=1)
        Filter: ((person_id > 3291649) AND (role_id > 4))
        Rows Removed by Filter: 32060563
  ->  Hash  (cost=491319.12..491319.12 rows=1348138 width=8) (actual time=15933.760..15933.760 rows=1298989 loops=1)
        Buckets: 131072  Batches: 32  Memory Usage: 2598kB
        ->  Hash Join  (cost=102767.86..491319.12 rows=1348138 width=8) (actual time=10656.079..15543.493 rows=1298989 loops=1)
              Hash Cond: (mi.movie_id = t.id)
              ->  Seq Scan on movie_info mi  (cost=0.00..346232.03 rows=1348138 width=4) (actual time=7540.828..10539.591 rows=1298989 loops=1)
                    Filter: (info_type_id = 4)
                    Rows Removed by Filter: 13536731
              ->  Hash  (cost=61283.27..61283.27 rows=2528527 width=4) (actual time=3113.919..3113.919 rows=2528312 loops=1)
                    Buckets: 131072  Batches: 64  Memory Usage: 2425kB
                    ->  Seq Scan on title t  (cost=0.00..61283.27 rows=2528527 width=4) (actual time=0.024..2180.024 rows=2528312 loops=1)
Planning time: 1.111 ms
Execution time: 37735.657 ms
