Seq Scan on cast_info ci  (cost=0.00..796071.18 rows=12073996 width=0) (actual time=0.020..39439.230 rows=11705142 loops=1)
  Filter: ((person_id < 3985151) AND (role_id > 3))
  Rows Removed by Filter: 24539202
Planning time: 0.291 ms
Execution time: 41185.779 ms
