Seq Scan on title t  (cost=0.00..67604.59 rows=2033104 width=0) (actual time=0.013..1239.470 rows=2032439 loops=1)
  Filter: (production_year > 1973)
  Rows Removed by Filter: 495873
Planning time: 0.326 ms
Execution time: 1502.803 ms
