Hash Join  (cost=28267.66..114925.74 rows=4 width=0) (actual time=770.573..4806.057 rows=1344 loops=1)
  Hash Cond: (mk.movie_id = t.id)
  ->  Seq Scan on movie_keyword mk  (cost=0.00..69693.30 rows=4523930 width=4) (actual time=0.018..3078.205 rows=4523930 loops=1)
  ->  Hash  (cost=28267.64..28267.64 rows=2 width=8) (actual time=741.071..741.071 rows=8 loops=1)
        Buckets: 1024  Batches: 1  Memory Usage: 9kB
        ->  Nested Loop  (cost=0.43..28267.64 rows=2 width=8) (actual time=572.635..741.048 rows=8 loops=1)
              ->  Seq Scan on movie_info_idx mi_idx  (cost=0.00..25185.44 rows=368 width=4) (actual time=572.130..710.897 rows=260 loops=1)
                    Filter: (info_type_id > 101)
                    Rows Removed by Filter: 1379775
              ->  Index Scan using title_pkey on title t  (cost=0.43..8.37 rows=1 width=4) (actual time=0.115..0.115 rows=0 loops=260)
                    Index Cond: (id = mi_idx.movie_id)
                    Filter: ((kind_id < 7) AND (production_year = 1995))
                    Rows Removed by Filter: 1
Planning time: 17.649 ms
Execution time: 4806.402 ms
