Hash Join  (cost=77561.16..164205.03 rows=56185 width=0) (actual time=3781.098..7601.604 rows=98623 loops=1)
  Hash Cond: (mk.movie_id = t.id)
  ->  Seq Scan on movie_keyword mk  (cost=0.00..81003.12 rows=234104 width=4) (actual time=0.013..3552.667 rows=246484 loops=1)
        Filter: (keyword_id < 213)
        Rows Removed by Filter: 4277446
  ->  Hash  (cost=67604.59..67604.59 rows=606846 width=4) (actual time=3780.086..3780.086 rows=603411 loops=1)
        Buckets: 131072  Batches: 8  Memory Usage: 3675kB
        ->  Seq Scan on title t  (cost=0.00..67604.59 rows=606846 width=4) (actual time=0.023..3508.660 rows=603411 loops=1)
              Filter: (production_year < 1986)
              Rows Removed by Filter: 1924901
Planning time: 0.838 ms
Execution time: 7615.149 ms
