Hash Join  (cost=91446.37..1282413.76 rows=15299223 width=0) (actual time=5375.204..79075.106 rows=17123496 loops=1)
  Hash Cond: (ci.movie_id = t.id)
  ->  Seq Scan on cast_info ci  (cost=0.00..614943.12 rows=36225612 width=4) (actual time=0.026..44739.412 rows=36244344 loops=1)
  ->  Hash  (cost=73925.90..73925.90 rows=1067877 width=4) (actual time=5373.733..5373.733 rows=1163273 loops=1)
        Buckets: 131072  Batches: 16  Memory Usage: 3588kB
        ->  Seq Scan on title t  (cost=0.00..73925.90 rows=1067877 width=4) (actual time=0.022..4648.402 rows=1163273 loops=1)
              Filter: ((production_year > 1990) AND (kind_id = 7))
              Rows Removed by Filter: 1365039
Planning time: 0.764 ms
Execution time: 81416.697 ms
