Seq Scan on movie_keyword mk  (cost=0.00..81003.12 rows=3675311 width=0) (actual time=0.014..4255.806 rows=3668856 loops=1)
  Filter: (keyword_id < 21489)
  Rows Removed by Filter: 855074
Planning time: 0.295 ms
Execution time: 4819.894 ms
