Hash Join  (cost=73962.22..100888.56 rows=1586 width=0) (actual time=3500.194..5024.992 rows=7871 loops=1)
  Hash Cond: (mi_idx.movie_id = t.id)
  ->  Seq Scan on movie_info_idx mi_idx  (cost=0.00..21735.35 rows=1380035 width=4) (actual time=0.013..1085.121 rows=1380035 loops=1)
  ->  Hash  (cost=73925.90..73925.90 rows=2905 width=4) (actual time=3499.691..3499.691 rows=6650 loops=1)
        Buckets: 8192 (originally 4096)  Batches: 1 (originally 1)  Memory Usage: 298kB
        ->  Seq Scan on title t  (cost=0.00..73925.90 rows=2905 width=4) (actual time=0.023..3495.973 rows=6650 loops=1)
              Filter: ((kind_id < 7) AND (production_year = 1981))
              Rows Removed by Filter: 2521662
Planning time: 0.720 ms
Execution time: 5026.470 ms
