Hash Join  (cost=128714.58..215436.28 rows=6366 width=0) (actual time=6099.831..10421.514 rows=49821 loops=1)
  Hash Cond: (mk.movie_id = t.id)
  ->  Seq Scan on movie_keyword mk  (cost=0.00..69693.30 rows=4523930 width=4) (actual time=0.018..3231.938 rows=4523930 loops=1)
  ->  Hash  (cost=128670.11..128670.11 rows=3558 width=8) (actual time=6090.797..6090.797 rows=7995 loops=1)
        Buckets: 8192 (originally 4096)  Batches: 1 (originally 1)  Memory Usage: 377kB
        ->  Hash Join  (cost=73969.01..128670.11 rows=3558 width=8) (actual time=3108.333..6087.016 rows=7995 loops=1)
              Hash Cond: (mc.movie_id = t.id)
              ->  Seq Scan on movie_companies mc  (cost=0.00..44881.29 rows=2609129 width=4) (actual time=0.017..2313.173 rows=2609129 loops=1)
              ->  Hash  (cost=73925.90..73925.90 rows=3448 width=4) (actual time=3108.123..3108.123 rows=3637 loops=1)
                    Buckets: 4096  Batches: 1  Memory Usage: 160kB
                    ->  Seq Scan on title t  (cost=0.00..73925.90 rows=3448 width=4) (actual time=0.067..3106.124 rows=3637 loops=1)
                          Filter: ((kind_id = 3) AND (production_year = 2004))
                          Rows Removed by Filter: 2524675
Planning time: 1.108 ms
Execution time: 10428.531 ms
