Hash Join  (cost=147712.30..1029504.47 rows=2703931 width=0) (actual time=8996.797..25229.443 rows=4737054 loops=1)
  Hash Cond: (ci.movie_id = t.id)
  ->  Seq Scan on cast_info ci  (cost=0.00..705507.15 rows=12726058 width=4) (actual time=5746.641..14499.789 rows=12670688 loops=1)
        Filter: (role_id = 1)
        Rows Removed by Filter: 23573656
  ->  Hash  (cost=138897.79..138897.79 rows=537241 width=8) (actual time=3249.240..3249.240 rows=486600 loops=1)
        Buckets: 131072  Batches: 8  Memory Usage: 3401kB
        ->  Hash Join  (cost=91959.31..138897.79 rows=537241 width=8) (actual time=1740.081..3102.734 rows=486600 loops=1)
              Hash Cond: (mi_idx.movie_id = t.id)
              ->  Seq Scan on movie_info_idx mi_idx  (cost=0.00..25185.44 rows=915101 width=4) (actual time=0.076..535.900 rows=919850 loops=1)
                    Filter: (info_type_id < 101)
                    Rows Removed by Filter: 460185
              ->  Hash  (cost=67604.59..67604.59 rows=1484458 width=4) (actual time=1738.481..1738.481 rows=1485030 loops=1)
                    Buckets: 131072  Batches: 32  Memory Usage: 2655kB
                    ->  Seq Scan on title t  (cost=0.00..67604.59 rows=1484458 width=4) (actual time=0.016..1261.192 rows=1485030 loops=1)
                          Filter: (production_year > 1998)
                          Rows Removed by Filter: 1043282
Planning time: 1.176 ms
Execution time: 25801.038 ms
