Hash Join  (cost=67697.55..122439.81 rows=7674 width=0) (actual time=1073.945..2104.168 rows=5450 loops=1)
  Hash Cond: (mc.movie_id = t.id)
  ->  Seq Scan on movie_companies mc  (cost=0.00..44881.29 rows=2609129 width=4) (actual time=0.025..571.834 rows=2609129 loops=1)
  ->  Hash  (cost=67604.59..67604.59 rows=7437 width=4) (actual time=1073.681..1073.681 rows=3066 loops=1)
        Buckets: 8192  Batches: 1  Memory Usage: 172kB
        ->  Seq Scan on title t  (cost=0.00..67604.59 rows=7437 width=4) (actual time=173.994..1072.089 rows=3066 loops=1)
              Filter: (production_year = 1922)
              Rows Removed by Filter: 2525246
Planning time: 0.828 ms
Execution time: 2105.303 ms
