Hash Join  (cost=102767.86..178319.12 rows=321866 width=0) (actual time=1915.575..3678.397 rows=466557 loops=1)
  Hash Cond: (mc.movie_id = t.id)
  ->  Seq Scan on movie_companies mc  (cost=0.00..57926.93 rows=321866 width=4) (actual time=0.011..1057.331 rows=466557 loops=1)
        Filter: ((company_id < 878) AND (company_type_id < 2))
        Rows Removed by Filter: 2142572
  ->  Hash  (cost=61283.27..61283.27 rows=2528527 width=4) (actual time=1913.633..1913.633 rows=2528312 loops=1)
        Buckets: 131072  Batches: 64  Memory Usage: 2415kB
        ->  Seq Scan on title t  (cost=0.00..61283.27 rows=2528527 width=4) (actual time=0.025..1096.294 rows=2528312 loops=1)
Planning time: 3.805 ms
Execution time: 3727.786 ms
