Hash Join  (cost=100070.22..154410.09 rows=869735 width=0) (actual time=2459.608..3912.956 rows=634242 loops=1)
  Hash Cond: (mi_idx.movie_id = t.id)
  ->  Seq Scan on movie_info_idx mi_idx  (cost=0.00..21735.35 rows=1380035 width=4) (actual time=0.014..421.028 rows=1380035 loops=1)
  ->  Hash  (cost=73925.90..73925.90 rows=1593545 width=4) (actual time=2458.073..2458.073 rows=1694449 loops=1)
        Buckets: 131072  Batches: 32  Memory Usage: 2890kB
        ->  Seq Scan on title t  (cost=0.00..73925.90 rows=1593545 width=4) (actual time=0.011..1433.384 rows=1694449 loops=1)
              Filter: ((kind_id > 2) AND (production_year > 1953))
              Rows Removed by Filter: 833863
Planning time: 0.802 ms
Execution time: 3978.832 ms
