Hash Join  (cost=449294.51..1538510.15 rows=2242987 width=0) (actual time=14627.278..34635.316 rows=4526121 loops=1)
  Hash Cond: (ci.movie_id = t.id)
  ->  Seq Scan on cast_info ci  (cost=0.00..796071.18 rows=15115658 width=4) (actual time=4205.513..16762.397 rows=13802803 loops=1)
        Filter: ((person_id > 862259) AND (role_id < 3))
        Rows Removed by Filter: 22441541
  ->  Hash  (cost=443138.46..443138.46 rows=375204 width=8) (actual time=10420.200..10420.200 rows=511682 loops=1)
        Buckets: 131072  Batches: 8  Memory Usage: 3479kB
        ->  Hash Join  (cost=74730.49..443138.46 rows=375204 width=8) (actual time=1171.173..10216.412 rows=511682 loops=1)
              Hash Cond: (mi.movie_id = t.id)
              ->  Seq Scan on movie_info mi  (cost=0.00..309384.22 rows=14739122 width=4) (actual time=0.021..4597.674 rows=14835720 loops=1)
              ->  Hash  (cost=73925.90..73925.90 rows=64367 width=4) (actual time=1170.657..1170.657 rows=53905 loops=1)
                    Buckets: 65536  Batches: 1  Memory Usage: 2408kB
                    ->  Seq Scan on title t  (cost=0.00..73925.90 rows=64367 width=4) (actual time=0.026..1148.535 rows=53905 loops=1)
                          Filter: ((kind_id < 7) AND (production_year = 2012))
                          Rows Removed by Filter: 2474407
Planning time: 1.197 ms
Execution time: 35136.326 ms
