Seq Scan on movie_keyword mk  (cost=0.00..81003.12 rows=2614862 width=0) (actual time=0.014..1508.657 rows=2606841 loops=1)
  Filter: (keyword_id > 3302)
  Rows Removed by Filter: 1917089
Planning time: 0.225 ms
Execution time: 1841.667 ms
