Hash Join  (cost=100972.04..163124.10 rows=1327 width=0) (actual time=1879.267..3081.990 rows=8538 loops=1)
  Hash Cond: (mc.movie_id = t.id)
  ->  Seq Scan on movie_companies mc  (cost=0.00..57926.93 rows=1123161 width=4) (actual time=0.399..1041.164 rows=925925 loops=1)
        Filter: ((company_id < 81179) AND (company_type_id = 2))
        Rows Removed by Filter: 1683204
  ->  Hash  (cost=100934.69..100934.69 rows=2988 width=8) (actual time=1878.321..1878.321 rows=10263 loops=1)
        Buckets: 16384 (originally 4096)  Batches: 1 (originally 1)  Memory Usage: 529kB
        ->  Hash Join  (cost=73994.33..100934.69 rows=2988 width=8) (actual time=1217.229..1874.500 rows=10263 loops=1)
              Hash Cond: (mi_idx.movie_id = t.id)
              ->  Seq Scan on movie_info_idx mi_idx  (cost=0.00..21735.35 rows=1380035 width=4) (actual time=0.024..357.195 rows=1380035 loops=1)
              ->  Hash  (cost=73925.90..73925.90 rows=5474 width=4) (actual time=1216.647..1216.647 rows=17579 loops=1)
                    Buckets: 32768 (originally 8192)  Batches: 1 (originally 1)  Memory Usage: 875kB
                    ->  Seq Scan on title t  (cost=0.00..73925.90 rows=5474 width=4) (actual time=0.089..1208.349 rows=17579 loops=1)
                          Filter: ((kind_id > 1) AND (production_year = 1990))
                          Rows Removed by Filter: 2510733
Planning time: 1.207 ms
Execution time: 3083.528 ms
