Hash Join  (cost=187347.63..1343673.82 rows=11927103 width=0) (actual time=4805.988..52557.887 rows=52185394 loops=1)
  Hash Cond: (ci.movie_id = t.id)
  ->  Seq Scan on cast_info ci  (cost=0.00..614943.12 rows=36225612 width=4) (actual time=0.015..13265.487 rows=36244344 loops=1)
  ->  Hash  (cost=173689.32..173689.32 rows=832505 width=8) (actual time=4805.036..4805.036 rows=1691571 loops=1)
        Buckets: 131072 (originally 131072)  Batches: 32 (originally 16)  Memory Usage: 3085kB
        ->  Hash Join  (cost=87162.74..173689.32 rows=832505 width=8) (actual time=1445.135..4304.094 rows=1691571 loops=1)
              Hash Cond: (mc.movie_id = t.id)
              ->  Seq Scan on movie_companies mc  (cost=0.00..44881.29 rows=2609129 width=4) (actual time=0.021..863.435 rows=2609129 loops=1)
              ->  Hash  (cost=73925.90..73925.90 rows=806787 width=4) (actual time=1444.184..1444.184 rows=843018 loops=1)
                    Buckets: 131072  Batches: 16  Memory Usage: 2879kB
                    ->  Seq Scan on title t  (cost=0.00..73925.90 rows=806787 width=4) (actual time=0.027..1178.632 rows=843018 loops=1)
                          Filter: ((kind_id < 7) AND (production_year < 2011))
                          Rows Removed by Filter: 1685294
Planning time: 1.196 ms
Execution time: 58516.538 ms
