Seq Scan on movie_keyword mk  (cost=0.00..81003.12 rows=246 width=0) (actual time=8.459..1247.205 rows=176 loops=1)
  Filter: (keyword_id = 13685)
  Rows Removed by Filter: 4523754
Planning time: 0.383 ms
Execution time: 1247.436 ms
