Hash Join  (cost=193190.00..238663.65 rows=453517 width=0) (actual time=4272.473..5809.977 rows=1352140 loops=1)
  Hash Cond: (mi_idx.movie_id = t.id)
  ->  Seq Scan on movie_info_idx mi_idx  (cost=0.00..21735.35 rows=1380035 width=4) (actual time=0.017..451.460 rows=1380035 loops=1)
  ->  Hash  (cost=179557.22..179557.22 rows=830942 width=8) (actual time=4271.575..4271.575 rows=727228 loops=1)
        Buckets: 131072  Batches: 16  Memory Usage: 2768kB
        ->  Hash Join  (cost=98098.54..179557.22 rows=830942 width=8) (actual time=1985.191..4068.745 rows=727228 loops=1)
              Hash Cond: (mc.movie_id = t.id)
              ->  Seq Scan on movie_companies mc  (cost=0.00..51404.11 rows=1130431 width=4) (actual time=0.026..995.453 rows=1126340 loops=1)
                    Filter: (company_id < 8108)
                    Rows Removed by Filter: 1482789
              ->  Hash  (cost=67604.59..67604.59 rows=1858636 width=4) (actual time=1983.800..1983.800 rows=1852807 loops=1)
                    Buckets: 131072  Batches: 32  Memory Usage: 3067kB
                    ->  Seq Scan on title t  (cost=0.00..67604.59 rows=1858636 width=4) (actual time=0.016..1368.359 rows=1852807 loops=1)
                          Filter: (production_year > 1985)
                          Rows Removed by Filter: 675505
Planning time: 3.542 ms
Execution time: 5969.942 ms
