Hash Join  (cost=182824.91..311426.02 rows=541608 width=0) (actual time=3687.905..8271.189 rows=4975712 loops=1)
  Hash Cond: (mk.movie_id = t.id)
  ->  Seq Scan on movie_keyword mk  (cost=0.00..69693.30 rows=4523930 width=4) (actual time=0.017..1475.541 rows=4523930 loops=1)
  ->  Hash  (cost=177857.94..177857.94 rows=302717 width=8) (actual time=3686.771..3686.771 rows=440576 loops=1)
        Buckets: 131072 (originally 131072)  Batches: 8 (originally 4)  Memory Usage: 3185kB
        ->  Hash Join  (cost=102767.86..177857.94 rows=302717 width=8) (actual time=2093.886..3544.324 rows=440576 loops=1)
              Hash Cond: (mc.movie_id = t.id)
              ->  Seq Scan on movie_companies mc  (cost=0.00..57926.93 rows=302717 width=4) (actual time=221.775..889.723 rows=440576 loops=1)
                    Filter: ((company_id < 741) AND (company_type_id = 1))
                    Rows Removed by Filter: 2168553
              ->  Hash  (cost=61283.27..61283.27 rows=2528527 width=4) (actual time=1870.753..1870.753 rows=2528312 loops=1)
                    Buckets: 131072  Batches: 64  Memory Usage: 2415kB
                    ->  Seq Scan on title t  (cost=0.00..61283.27 rows=2528527 width=4) (actual time=0.022..1033.999 rows=2528312 loops=1)
Planning time: 0.746 ms
Execution time: 8792.073 ms
