Nested Loop  (cost=73218.69..462014.11 rows=9432 width=0) (actual time=1424.851..7878.629 rows=68720 loops=1)
  ->  Hash Join  (cost=73218.26..433121.09 rows=48736 width=8) (actual time=1424.749..7324.145 rows=68720 loops=1)
        Hash Cond: (mi.movie_id = mc.movie_id)
        ->  Seq Scan on movie_info mi  (cost=0.00..346232.03 rows=17937 width=4) (actual time=0.033..5445.275 rows=18214 loops=1)
              Filter: (info_type_id = 108)
              Rows Removed by Filter: 14817506
        ->  Hash  (cost=51404.11..51404.11 rows=1329612 width=4) (actual time=1423.186..1423.186 rows=1334883 loops=1)
              Buckets: 131072  Batches: 32  Memory Usage: 2494kB
              ->  Seq Scan on movie_companies mc  (cost=0.00..51404.11 rows=1329612 width=4) (actual time=0.018..990.624 rows=1334883 loops=1)
                    Filter: (company_type_id = 2)
                    Rows Removed by Filter: 1274246
  ->  Index Only Scan using title_pkey on title t  (cost=0.43..0.58 rows=1 width=4) (actual time=0.007..0.008 rows=1 loops=68720)
        Index Cond: (id = mc.movie_id)
        Heap Fetches: 68720
Planning time: 1.174 ms
Execution time: 7890.372 ms
