Hash Join  (cost=147886.68..634752.50 rows=661589 width=0) (actual time=3176.621..15836.183 rows=2652073 loops=1)
  Hash Cond: (mi.movie_id = t.id)
  ->  Seq Scan on movie_info mi  (cost=0.00..309384.22 rows=14739122 width=4) (actual time=0.022..6012.309 rows=14835720 loops=1)
  ->  Hash  (cost=146023.97..146023.97 rows=113497 width=8) (actual time=3175.697..3175.697 rows=213312 loops=1)
        Buckets: 131072 (originally 131072)  Batches: 4 (originally 2)  Memory Usage: 3102kB
        ->  Hash Join  (cost=69409.47..146023.97 rows=113497 width=8) (actual time=1079.979..3092.722 rows=213312 loops=1)
              Hash Cond: (mc.movie_id = t.id)
              ->  Seq Scan on movie_companies mc  (cost=0.00..44881.29 rows=2609129 width=4) (actual time=0.032..949.945 rows=2609129 loops=1)
              ->  Hash  (cost=67604.59..67604.59 rows=109991 width=4) (actual time=1079.306..1079.306 rows=112515 loops=1)
                    Buckets: 131072  Batches: 2  Memory Usage: 2996kB
                    ->  Seq Scan on title t  (cost=0.00..67604.59 rows=109991 width=4) (actual time=48.015..1040.744 rows=112515 loops=1)
                          Filter: (production_year < 1929)
                          Rows Removed by Filter: 2415797
Planning time: 2.299 ms
Execution time: 16139.468 ms
