Hash Join  (cost=120406.98..871500.01 rows=30383 width=0) (actual time=1568.812..16981.395 rows=280385 loops=1)
  Hash Cond: (ci.movie_id = t.id)
  ->  Seq Scan on cast_info ci  (cost=0.00..614943.12 rows=36225612 width=4) (actual time=0.011..8304.119 rows=36244344 loops=1)
  ->  Hash  (cost=120380.46..120380.46 rows=2121 width=8) (actual time=1568.695..1568.695 rows=4468 loops=1)
        Buckets: 8192 (originally 4096)  Batches: 1 (originally 1)  Memory Usage: 239kB
        ->  Nested Loop  (cost=0.43..120380.46 rows=2121 width=8) (actual time=0.374..1565.805 rows=4468 loops=1)
              ->  Seq Scan on movie_keyword mk  (cost=0.00..81003.12 rows=5429 width=4) (actual time=0.340..1378.260 rows=4702 loops=1)
                    Filter: (keyword_id = 275)
                    Rows Removed by Filter: 4519228
              ->  Index Scan using title_pkey on title t  (cost=0.43..7.24 rows=1 width=4) (actual time=0.039..0.039 rows=1 loops=4702)
                    Index Cond: (id = mk.movie_id)
                    Filter: (kind_id < 7)
                    Rows Removed by Filter: 0
Planning time: 1.197 ms
Execution time: 17026.429 ms
