Hash Join  (cost=74576.74..131240.69 rows=27379 width=0) (actual time=1519.982..2694.012 rows=166304 loops=1)
  Hash Cond: (mc.movie_id = t.id)
  ->  Seq Scan on movie_companies mc  (cost=0.00..51404.11 rows=1329612 width=4) (actual time=94.142..999.701 rows=1334883 loops=1)
        Filter: (company_type_id = 2)
        Rows Removed by Filter: 1274246
  ->  Hash  (cost=73925.90..73925.90 rows=52067 width=4) (actual time=1114.000..1114.000 rows=174398 loops=1)
        Buckets: 131072 (originally 65536)  Batches: 2 (originally 1)  Memory Usage: 4093kB
        ->  Seq Scan on title t  (cost=0.00..73925.90 rows=52067 width=4) (actual time=337.155..1047.941 rows=174398 loops=1)
              Filter: ((production_year < 1955) AND (kind_id = 1))
              Rows Removed by Filter: 2353914
Planning time: 0.716 ms
Execution time: 2714.738 ms
