Hash Join  (cost=102767.86..995473.53 rows=3605446 width=0) (actual time=6079.746..20173.045 rows=5629832 loops=1)
  Hash Cond: (ci.movie_id = t.id)
  ->  Seq Scan on cast_info ci  (cost=0.00..796071.18 rows=3605446 width=4) (actual time=3807.796..13055.947 rows=5629832 loops=1)
        Filter: ((person_id > 3088118) AND (role_id > 1))
        Rows Removed by Filter: 30614512
  ->  Hash  (cost=61283.27..61283.27 rows=2528527 width=4) (actual time=2269.921..2269.921 rows=2528312 loops=1)
        Buckets: 131072  Batches: 64  Memory Usage: 2415kB
        ->  Seq Scan on title t  (cost=0.00..61283.27 rows=2528527 width=4) (actual time=0.023..1249.460 rows=2528312 loops=1)
Planning time: 0.669 ms
Execution time: 20812.596 ms
