Hash Join  (cost=73955.77..160656.55 rows=4274 width=0) (actual time=1644.183..2933.046 rows=2409 loops=1)
  Hash Cond: (mk.movie_id = t.id)
  ->  Seq Scan on movie_keyword mk  (cost=0.00..69693.30 rows=4523930 width=4) (actual time=0.021..1006.995 rows=4523930 loops=1)
  ->  Hash  (cost=73925.90..73925.90 rows=2389 width=4) (actual time=1131.145..1131.145 rows=2310 loops=1)
        Buckets: 4096  Batches: 1  Memory Usage: 114kB
        ->  Seq Scan on title t  (cost=0.00..73925.90 rows=2389 width=4) (actual time=0.176..1129.723 rows=2310 loops=1)
              Filter: ((production_year > 2012) AND (kind_id = 2))
              Rows Removed by Filter: 2526002
Planning time: 0.772 ms
Execution time: 2933.495 ms
