Hash Join  (cost=1240578.27..2535435.04 rows=60846072 width=0) (actual time=27465.614..79351.219 rows=142071755 loops=1)
  Hash Cond: (mi.movie_id = t.id)
  ->  Seq Scan on movie_info mi  (cost=0.00..309384.22 rows=14739122 width=4) (actual time=0.014..6439.816 rows=14835720 loops=1)
  ->  Hash  (cost=1069324.90..1069324.90 rows=10438270 width=8) (actual time=27464.395..27464.395 rows=10444718 loops=1)
        Buckets: 131072  Batches: 256  Memory Usage: 2692kB
        ->  Hash Join  (cost=102767.86..1069324.90 rows=10438270 width=8) (actual time=3861.611..24363.485 rows=10444718 loops=1)
              Hash Cond: (ci.movie_id = t.id)
              ->  Seq Scan on cast_info ci  (cost=0.00..705507.15 rows=10438270 width=4) (actual time=1567.744..13077.211 rows=10444718 loops=1)
                    Filter: (person_id > 2665307)
                    Rows Removed by Filter: 25799626
              ->  Hash  (cost=61283.27..61283.27 rows=2528527 width=4) (actual time=2292.313..2292.313 rows=2528312 loops=1)
                    Buckets: 131072  Batches: 64  Memory Usage: 2415kB
                    ->  Seq Scan on title t  (cost=0.00..61283.27 rows=2528527 width=4) (actual time=0.026..1065.368 rows=2528312 loops=1)
Planning time: 1.150 ms
Execution time: 94573.386 ms
