Seq Scan on cast_info ci  (cost=0.00..796071.18 rows=224 width=0) (actual time=526.298..13723.904 rows=14 loops=1)
  Filter: ((role_id > 2) AND (person_id = 2837625))
  Rows Removed by Filter: 36244330
Planning time: 0.439 ms
Execution time: 13724.072 ms
