Hash Join  (cost=101096.09..466085.44 rows=33342 width=0) (actual time=1662.818..8797.217 rows=201714 loops=1)
  Hash Cond: (mi.movie_id = t.id)
  ->  Seq Scan on movie_info mi  (cost=0.00..309384.22 rows=14739122 width=4) (actual time=0.014..4213.111 rows=14835720 loops=1)
  ->  Hash  (cost=101024.59..101024.59 rows=5720 width=8) (actual time=1662.695..1662.695 rows=7646 loops=1)
        Buckets: 8192  Batches: 1  Memory Usage: 363kB
        ->  Hash Join  (cost=74056.90..101024.59 rows=5720 width=8) (actual time=1052.020..1659.919 rows=7646 loops=1)
              Hash Cond: (mi_idx.movie_id = t.id)
              ->  Seq Scan on movie_info_idx mi_idx  (cost=0.00..21735.35 rows=1380035 width=4) (actual time=0.016..338.481 rows=1380035 loops=1)
              ->  Hash  (cost=73925.90..73925.90 rows=10480 width=4) (actual time=1051.891..1051.891 rows=5587 loops=1)
                    Buckets: 16384  Batches: 1  Memory Usage: 325kB
                    ->  Seq Scan on title t  (cost=0.00..73925.90 rows=10480 width=4) (actual time=365.215..1049.120 rows=5587 loops=1)
                          Filter: ((kind_id = 1) AND (production_year = 1995))
                          Rows Removed by Filter: 2522725
Planning time: 0.843 ms
Execution time: 8823.793 ms
