Hash Join  (cost=181358.92..1004082.45 rows=198096 width=0) (actual time=10462.662..22358.360 rows=127192 loops=1)
  Hash Cond: (ci.movie_id = t.id)
  ->  Seq Scan on cast_info ci  (cost=0.00..796071.18 rows=6579040 width=4) (actual time=6556.701..16762.184 rows=7451072 loops=1)
        Filter: ((person_id > 331166) AND (role_id = 2))
        Rows Removed by Filter: 28793272
  ->  Hash  (cost=180407.24..180407.24 rows=76134 width=8) (actual time=3905.190..3905.190 rows=21025 loops=1)
        Buckets: 131072  Batches: 1  Memory Usage: 1846kB
        ->  Hash Join  (cost=75533.21..180407.24 rows=76134 width=8) (actual time=2627.389..3894.967 rows=21025 loops=1)
              Hash Cond: (mk.movie_id = t.id)
              ->  Seq Scan on movie_keyword mk  (cost=0.00..81003.12 rows=1965486 width=4) (actual time=0.029..1738.716 rows=1974953 loops=1)
                    Filter: (keyword_id > 6420)
                    Rows Removed by Filter: 2548977
              ->  Hash  (cost=73925.90..73925.90 rows=97944 width=4) (actual time=1242.229..1242.229 rows=106247 loops=1)
                    Buckets: 131072  Batches: 2  Memory Usage: 2896kB
                    ->  Seq Scan on title t  (cost=0.00..73925.90 rows=97944 width=4) (actual time=160.341..1199.302 rows=106247 loops=1)
                          Filter: ((kind_id = 7) AND (production_year = 2011))
                          Rows Removed by Filter: 2422065
Planning time: 1.155 ms
Execution time: 22375.616 ms
