Nested Loop  (cost=0.43..83071.67 rows=246 width=0) (actual time=1.877..1336.862 rows=477 loops=1)
  ->  Seq Scan on movie_keyword mk  (cost=0.00..81003.12 rows=246 width=4) (actual time=1.827..1302.067 rows=477 loops=1)
        Filter: (keyword_id = 5712)
        Rows Removed by Filter: 4523453
  ->  Index Only Scan using title_pkey on title t  (cost=0.43..8.40 rows=1 width=4) (actual time=0.071..0.071 rows=1 loops=477)
        Index Cond: (id = mk.movie_id)
        Heap Fetches: 477
Planning time: 0.511 ms
Execution time: 1337.160 ms
