Hash Join  (cost=185343.85..687850.72 rows=2127494 width=0) (actual time=3567.946..20388.954 rows=14631302 loops=1)
  Hash Cond: (mi.movie_id = t.id)
  ->  Seq Scan on movie_info mi  (cost=0.00..309384.22 rows=14739122 width=4) (actual time=0.018..6501.602 rows=14835720 loops=1)
  ->  Hash  (cost=179355.65..179355.65 rows=364976 width=8) (actual time=3567.016..3567.016 rows=520065 loops=1)
        Buckets: 131072  Batches: 8  Memory Usage: 3585kB
        ->  Hash Join  (cost=102767.86..179355.65 rows=364976 width=8) (actual time=1818.737..3428.492 rows=520065 loops=1)
              Hash Cond: (mc.movie_id = t.id)
              ->  Seq Scan on movie_companies mc  (cost=0.00..57926.93 rows=364976 width=4) (actual time=0.031..759.963 rows=520065 loops=1)
                    Filter: ((company_id < 1451) AND (company_type_id = 1))
                    Rows Removed by Filter: 2089064
              ->  Hash  (cost=61283.27..61283.27 rows=2528527 width=4) (actual time=1817.363..1817.363 rows=2528312 loops=1)
                    Buckets: 131072  Batches: 64  Memory Usage: 2415kB
                    ->  Seq Scan on title t  (cost=0.00..61283.27 rows=2528527 width=4) (actual time=0.015..980.207 rows=2528312 loops=1)
Planning time: 2.740 ms
Execution time: 21969.986 ms
