Seq Scan on movie_companies mc  (cost=0.00..51404.11 rows=104 width=0) (actual time=27.168..843.101 rows=831 loops=1)
  Filter: (company_id = 464)
  Rows Removed by Filter: 2608298
Planning time: 0.329 ms
Execution time: 843.350 ms
