Hash Join  (cost=92883.59..1035289.20 rows=7441454 width=0) (actual time=1822.155..23815.603 rows=7382958 loops=1)
  Hash Cond: (ci.movie_id = t.id)
  ->  Seq Scan on cast_info ci  (cost=0.00..705507.15 rows=12211785 width=4) (actual time=0.037..13520.311 rows=12296491 loops=1)
        Filter: (person_id > 2456757)
        Rows Removed by Filter: 23947853
  ->  Hash  (cost=67604.59..67604.59 rows=1540800 width=4) (actual time=1820.631..1820.631 rows=1543264 loops=1)
        Buckets: 131072  Batches: 32  Memory Usage: 2722kB
        ->  Seq Scan on title t  (cost=0.00..67604.59 rows=1540800 width=4) (actual time=225.008..1330.762 rows=1543264 loops=1)
              Filter: (kind_id = 7)
              Rows Removed by Filter: 985048
Planning time: 0.542 ms
Execution time: 24650.956 ms
