Seq Scan on movie_keyword mk  (cost=0.00..81003.12 rows=4354644 width=0) (actual time=0.023..1079.090 rows=4359599 loops=1)
  Filter: (keyword_id < 72535)
  Rows Removed by Filter: 164331
Planning time: 0.290 ms
Execution time: 1476.240 ms
