Hash Join  (cost=255103.45..354697.46 rows=463071 width=184) (actual time=5003.376..7606.166 rows=1541322 loops=1)
  Hash Cond: (mc.movie_id = t.id)
  ->  Seq Scan on movie_companies mc  (cost=0.00..51404.11 rows=1279517 width=40) (actual time=0.025..790.703 rows=1274246 loops=1)
        Filter: (company_type_id < 2)
        Rows Removed by Filter: 1334883
  ->  Hash  (cost=224897.69..224897.69 rows=915101 width=144) (actual time=5001.423..5001.423 rows=919850 loops=1)
        Buckets: 32768  Batches: 64  Memory Usage: 2161kB
        ->  Hash Join  (cost=129928.86..224897.69 rows=915101 width=144) (actual time=2410.288..4458.375 rows=919850 loops=1)
              Hash Cond: (mi_idx.movie_id = t.id)
              ->  Seq Scan on movie_info_idx mi_idx  (cost=0.00..25185.44 rows=915101 width=50) (actual time=0.022..522.542 rows=919850 loops=1)
                    Filter: (info_type_id < 101)
                    Rows Removed by Filter: 460185
              ->  Hash  (cost=61283.27..61283.27 rows=2528527 width=94) (actual time=2409.014..2409.014 rows=2528312 loops=1)
                    Buckets: 32768  Batches: 128  Memory Usage: 2453kB
                    ->  Seq Scan on title t  (cost=0.00..61283.27 rows=2528527 width=94) (actual time=0.012..968.724 rows=2528312 loops=1)
Planning time: 1.569 ms
Execution time: 7686.219 ms
