Seq Scan on cast_info ci  (cost=0.00..705507.15 rows=6552670 width=0) (actual time=0.028..11614.803 rows=6470792 loops=1)
  Filter: (person_id < 624814)
  Rows Removed by Filter: 29773552
Planning time: 0.326 ms
Execution time: 12419.994 ms
