Seq Scan on cast_info ci  (cost=0.00..796071.18 rows=12356948 width=0) (actual time=5784.658..16652.104 rows=11985166 loops=1)
  Filter: ((person_id > 96274) AND (role_id = 1))
  Rows Removed by Filter: 24259178
Planning time: 0.402 ms
Execution time: 18149.028 ms
