Hash Join  (cost=102767.86..177484.87 rows=558332 width=0) (actual time=2284.962..3720.490 rows=563560 loops=1)
  Hash Cond: (mc.movie_id = t.id)
  ->  Seq Scan on movie_companies mc  (cost=0.00..51404.11 rows=558332 width=4) (actual time=342.194..934.428 rows=563560 loops=1)
        Filter: (company_id > 71564)
        Rows Removed by Filter: 2045569
  ->  Hash  (cost=61283.27..61283.27 rows=2528527 width=4) (actual time=1940.625..1940.625 rows=2528312 loops=1)
        Buckets: 131072  Batches: 64  Memory Usage: 2415kB
        ->  Seq Scan on title t  (cost=0.00..61283.27 rows=2528527 width=4) (actual time=0.031..1103.847 rows=2528312 loops=1)
Planning time: 0.688 ms
Execution time: 3787.095 ms
