Hash Join  (cost=161006.52..916773.01 rows=56333 width=0) (actual time=3443.533..16676.514 rows=12653 loops=1)
  Hash Cond: (ci.movie_id = t.id)
  ->  Seq Scan on cast_info ci  (cost=0.00..705507.15 rows=9939203 width=4) (actual time=495.184..11772.229 rows=9736419 loops=1)
        Filter: (person_id < 956989)
        Rows Removed by Filter: 26507925
  ->  Hash  (cost=160827.38..160827.38 rows=14331 width=8) (actual time=2941.236..2941.236 rows=8367 loops=1)
        Buckets: 16384  Batches: 1  Memory Usage: 455kB
        ->  Hash Join  (cost=74026.03..160827.38 rows=14331 width=8) (actual time=1122.189..2937.608 rows=8367 loops=1)
              Hash Cond: (mk.movie_id = t.id)
              ->  Seq Scan on movie_keyword mk  (cost=0.00..69693.30 rows=4523930 width=4) (actual time=0.022..935.052 rows=4523930 loops=1)
              ->  Hash  (cost=73925.90..73925.90 rows=8010 width=4) (actual time=1121.106..1121.106 rows=29104 loops=1)
                    Buckets: 32768 (originally 8192)  Batches: 1 (originally 1)  Memory Usage: 1280kB
                    ->  Seq Scan on title t  (cost=0.00..73925.90 rows=8010 width=4) (actual time=240.995..1108.968 rows=29104 loops=1)
                          Filter: ((production_year < 1911) AND (kind_id = 1))
                          Rows Removed by Filter: 2499208
Planning time: 1.122 ms
Execution time: 16679.041 ms
