Seq Scan on cast_info ci  (cost=0.00..796071.18 rows=369 width=0) (actual time=10651.822..13700.255 rows=11 loops=1)
  Filter: ((role_id < 5) AND (person_id = 2248741))
  Rows Removed by Filter: 36244333
Planning time: 0.959 ms
Execution time: 13700.390 ms
