Seq Scan on movie_keyword mk  (cost=0.00..81003.12 rows=4826 width=0) (actual time=0.092..1266.316 rows=4904 loops=1)
  Filter: (keyword_id = 24382)
  Rows Removed by Filter: 4519026
Planning time: 0.345 ms
Execution time: 1267.586 ms
