Nested Loop  (cost=0.43..798787.41 rows=324 width=0) (actual time=9961.854..14424.028 rows=27 loops=1)
  ->  Seq Scan on cast_info ci  (cost=0.00..796071.18 rows=324 width=4) (actual time=9961.695..14422.654 rows=27 loops=1)
        Filter: ((role_id > 1) AND (person_id = 1162147))
        Rows Removed by Filter: 36244317
  ->  Index Only Scan using title_pkey on title t  (cost=0.43..8.37 rows=1 width=4) (actual time=0.046..0.047 rows=1 loops=27)
        Index Cond: (id = ci.movie_id)
        Heap Fetches: 27
Planning time: 0.749 ms
Execution time: 14424.132 ms
