Nested Loop  (cost=32814.54..830931.17 rows=64 width=0) (actual time=15010.340..15024.867 rows=2 loops=1)
  Join Filter: (ci.movie_id = t.id)
  ->  Hash Join  (cost=32814.11..830777.40 rows=181 width=8) (actual time=15010.260..15024.764 rows=2 loops=1)
        Hash Cond: (ci.movie_id = mi_idx.movie_id)
        ->  Seq Scan on cast_info ci  (cost=0.00..796071.18 rows=396 width=4) (actual time=11471.399..14026.911 rows=21 loops=1)
              Filter: ((role_id < 8) AND (person_id = 1457002))
              Rows Removed by Filter: 36244323
        ->  Hash  (cost=25185.44..25185.44 rows=464934 width=4) (actual time=945.255..945.255 rows=460185 loops=1)
              Buckets: 131072  Batches: 8  Memory Usage: 3051kB
              ->  Seq Scan on movie_info_idx mi_idx  (cost=0.00..25185.44 rows=464934 width=4) (actual time=0.028..501.188 rows=460185 loops=1)
                    Filter: (info_type_id > 100)
                    Rows Removed by Filter: 919850
  ->  Index Scan using title_pkey on title t  (cost=0.43..0.84 rows=1 width=4) (actual time=0.034..0.034 rows=1 loops=2)
        Index Cond: (id = mi_idx.movie_id)
        Filter: (production_year < 2012)
Planning time: 2.850 ms
Execution time: 15025.229 ms
