Hash Join  (cost=102767.86..297521.93 rows=4316735 width=0) (actual time=1974.887..7481.432 rows=4314956 loops=1)
  Hash Cond: (mk.movie_id = t.id)
  ->  Seq Scan on movie_keyword mk  (cost=0.00..81003.12 rows=4316735 width=4) (actual time=0.025..1996.207 rows=4314956 loops=1)
        Filter: (keyword_id < 66859)
        Rows Removed by Filter: 208974
  ->  Hash  (cost=61283.27..61283.27 rows=2528527 width=4) (actual time=1972.006..1972.006 rows=2528312 loops=1)
        Buckets: 131072  Batches: 64  Memory Usage: 2425kB
        ->  Seq Scan on title t  (cost=0.00..61283.27 rows=2528527 width=4) (actual time=0.004..1108.415 rows=2528312 loops=1)
Planning time: 0.831 ms
Execution time: 7984.182 ms
