Hash Join  (cost=84171.54..118316.40 rows=114730 width=0) (actual time=1755.270..2268.932 rows=62549 loops=1)
  Hash Cond: (mi_idx.movie_id = t.id)
  ->  Seq Scan on movie_info_idx mi_idx  (cost=0.00..25185.44 rows=464566 width=4) (actual time=0.022..444.513 rows=459925 loops=1)
        Filter: (info_type_id = 101)
        Rows Removed by Filter: 920110
  ->  Hash  (cost=73925.90..73925.90 rows=624451 width=4) (actual time=1504.005..1504.005 rows=521141 loops=1)
        Buckets: 131072  Batches: 16  Memory Usage: 2168kB
        ->  Seq Scan on title t  (cost=0.00..73925.90 rows=624451 width=4) (actual time=0.014..1333.218 rows=521141 loops=1)
              Filter: ((production_year < 2000) AND (kind_id = 7))
              Rows Removed by Filter: 2007171
Planning time: 1.733 ms
Execution time: 2276.816 ms
