Seq Scan on cast_info ci  (cost=0.00..796071.18 rows=29051521 width=0) (actual time=1534.980..18510.597 rows=31250425 loops=1)
  Filter: ((person_id < 3514110) AND (role_id < 10))
  Rows Removed by Filter: 4993919
Planning time: 1.678 ms
Execution time: 22413.089 ms
