Hash Join  (cost=83074.74..109963.59 rows=44 width=0) (actual time=1451.784..1973.575 rows=3687 loops=1)
  Hash Cond: (mi_idx.movie_id = t.id)
  ->  Seq Scan on movie_info_idx mi_idx  (cost=0.00..25185.44 rows=454124 width=4) (actual time=0.018..437.268 rows=459925 loops=1)
        Filter: (info_type_id = 100)
        Rows Removed by Filter: 920110
  ->  Hash  (cost=83071.67..83071.67 rows=246 width=8) (actual time=1451.529..1451.529 rows=4606 loops=1)
        Buckets: 8192 (originally 1024)  Batches: 1 (originally 1)  Memory Usage: 244kB
        ->  Nested Loop  (cost=0.43..83071.67 rows=246 width=8) (actual time=0.260..1448.408 rows=4606 loops=1)
              ->  Seq Scan on movie_keyword mk  (cost=0.00..81003.12 rows=246 width=4) (actual time=0.199..1284.763 rows=4606 loops=1)
                    Filter: (keyword_id = 228)
                    Rows Removed by Filter: 4519324
              ->  Index Only Scan using title_pkey on title t  (cost=0.43..8.40 rows=1 width=4) (actual time=0.034..0.035 rows=1 loops=4606)
                    Index Cond: (id = mk.movie_id)
                    Heap Fetches: 4606
Planning time: 1.188 ms
Execution time: 1974.412 ms
