Seq Scan on movie_companies mc  (cost=0.00..57926.93 rows=53 width=0) (actual time=342.726..774.165 rows=252 loops=1)
  Filter: ((company_id = 78522) AND (company_type_id = 2))
  Rows Removed by Filter: 2608877
Planning time: 0.373 ms
Execution time: 774.312 ms
