Seq Scan on movie_keyword mk  (cost=0.00..81003.12 rows=246 width=0) (actual time=23.838..1252.534 rows=120 loops=1)
  Filter: (keyword_id = 24405)
  Rows Removed by Filter: 4523810
Planning time: 0.263 ms
Execution time: 1252.711 ms
