Hash Join  (cost=83810.17..236241.04 rows=1706280 width=0) (actual time=1488.333..6194.225 rows=3725482 loops=1)
  Hash Cond: (mk.movie_id = t.id)
  ->  Seq Scan on movie_keyword mk  (cost=0.00..81003.12 rows=4367984 width=4) (actual time=0.021..1806.894 rows=4370943 loops=1)
        Filter: (keyword_id < 73556)
        Rows Removed by Filter: 152987
  ->  Hash  (cost=67604.59..67604.59 rows=987727 width=4) (actual time=1487.505..1487.505 rows=985048 loops=1)
        Buckets: 131072  Batches: 16  Memory Usage: 3197kB
        ->  Seq Scan on title t  (cost=0.00..67604.59 rows=987727 width=4) (actual time=0.017..1189.958 rows=985048 loops=1)
              Filter: (kind_id < 7)
              Rows Removed by Filter: 1543264
Planning time: 0.743 ms
Execution time: 6605.536 ms
