Seq Scan on title t  (cost=0.00..67604.59 rows=1949663 width=0) (actual time=0.028..1301.780 rows=1947263 loops=1)
  Filter: (production_year > 1979)
  Rows Removed by Filter: 581049
Planning time: 0.415 ms
Execution time: 1543.151 ms
