Hash Join  (cost=709678.15..796345.14 rows=895 width=0) (actual time=10889.222..12533.354 rows=109 loops=1)
  Hash Cond: (mk.movie_id = t.id)
  ->  Seq Scan on movie_keyword mk  (cost=0.00..69693.30 rows=4523930 width=4) (actual time=0.013..1032.410 rows=4523930 loops=1)
  ->  Hash  (cost=709671.90..709671.90 rows=500 width=8) (actual time=10720.347..10720.347 rows=564 loops=1)
        Buckets: 1024  Batches: 1  Memory Usage: 31kB
        ->  Nested Loop  (cost=0.43..709671.90 rows=500 width=8) (actual time=3141.739..10720.024 rows=564 loops=1)
              ->  Seq Scan on cast_info ci  (cost=0.00..705507.15 rows=500 width=4) (actual time=3141.524..10715.332 rows=564 loops=1)
                    Filter: (person_id = 1649307)
                    Rows Removed by Filter: 36243780
              ->  Index Only Scan using title_pkey on title t  (cost=0.43..8.32 rows=1 width=4) (actual time=0.007..0.008 rows=1 loops=564)
                    Index Cond: (id = ci.movie_id)
                    Heap Fetches: 564
Planning time: 1.146 ms
Execution time: 12533.465 ms
