Hash Join  (cost=122940.92..231517.64 rows=155892 width=0) (actual time=2636.598..5493.830 rows=1489200 loops=1)
  Hash Cond: (mk.movie_id = t.id)
  ->  Seq Scan on movie_keyword mk  (cost=0.00..81003.12 rows=2188979 width=4) (actual time=0.020..1634.840 rows=2189103 loops=1)
        Filter: (keyword_id > 5159)
        Rows Removed by Filter: 2334827
  ->  Hash  (cost=119986.01..119986.01 rows=180073 width=8) (actual time=2635.998..2635.998 rows=318019 loops=1)
        Buckets: 131072 (originally 131072)  Batches: 8 (originally 4)  Memory Usage: 3073kB
        ->  Hash Join  (cost=83810.17..119986.01 rows=180073 width=8) (actual time=1550.591..2547.310 rows=318019 loops=1)
              Hash Cond: (mi_idx.movie_id = t.id)
              ->  Seq Scan on movie_info_idx mi_idx  (cost=0.00..25185.44 rows=460978 width=4) (actual time=0.015..544.019 rows=459925 loops=1)
                    Filter: (info_type_id = 99)
                    Rows Removed by Filter: 920110
              ->  Hash  (cost=67604.59..67604.59 rows=987727 width=4) (actual time=1549.748..1549.748 rows=985048 loops=1)
                    Buckets: 131072  Batches: 16  Memory Usage: 3188kB
                    ->  Seq Scan on title t  (cost=0.00..67604.59 rows=987727 width=4) (actual time=0.010..1243.738 rows=985048 loops=1)
                          Filter: (kind_id < 7)
                          Rows Removed by Filter: 1543264
Planning time: 0.790 ms
Execution time: 5642.720 ms
