Seq Scan on movie_keyword mk  (cost=0.00..81003.12 rows=246 width=0) (actual time=3.359..1201.300 rows=1177 loops=1)
  Filter: (keyword_id = 1316)
  Rows Removed by Filter: 4522753
Planning time: 0.340 ms
Execution time: 1201.757 ms
