Nested Loop  (cost=0.43..83071.67 rows=246 width=0) (actual time=117.606..1312.517 rows=38 loops=1)
  ->  Seq Scan on movie_keyword mk  (cost=0.00..81003.12 rows=246 width=4) (actual time=117.511..1311.276 rows=38 loops=1)
        Filter: (keyword_id = 15390)
        Rows Removed by Filter: 4523892
  ->  Index Only Scan using title_pkey on title t  (cost=0.43..8.40 rows=1 width=4) (actual time=0.029..0.030 rows=1 loops=38)
        Index Cond: (id = mk.movie_id)
        Heap Fetches: 38
Planning time: 0.817 ms
Execution time: 1312.641 ms
