Nested Loop  (cost=353640.30..1064486.60 rows=89 width=0) (actual time=15229.967..16175.608 rows=4 loops=1)
  Join Filter: (ci.movie_id = t.id)
  ->  Hash Join  (cost=353639.88..1064296.00 rows=222 width=8) (actual time=15229.867..16170.435 rows=4 loops=1)
        Hash Cond: (ci.movie_id = mi.movie_id)
        ->  Seq Scan on cast_info ci  (cost=0.00..705507.15 rows=500 width=4) (actual time=9813.189..10692.341 rows=11 loops=1)
              Filter: (person_id = 1841200)
              Rows Removed by Filter: 36244333
        ->  Hash  (cost=346232.03..346232.03 rows=451508 width=4) (actual time=5415.740..5415.740 rows=474443 loops=1)
              Buckets: 131072  Batches: 8  Memory Usage: 3107kB
              ->  Seq Scan on movie_info mi  (cost=0.00..346232.03 rows=451508 width=4) (actual time=2578.125..5273.882 rows=474443 loops=1)
                    Filter: (info_type_id = 6)
                    Rows Removed by Filter: 14361277
  ->  Index Only Scan using title_pkey on title t  (cost=0.43..0.85 rows=1 width=4) (actual time=1.281..1.283 rows=1 loops=4)
        Index Cond: (id = mi.movie_id)
        Heap Fetches: 4
Planning time: 1.176 ms
Execution time: 16175.701 ms
