Hash Join  (cost=104131.46..986729.12 rows=3170033 width=0) (actual time=6378.600..22488.447 rows=6187989 loops=1)
  Hash Cond: (ci.movie_id = t.id)
  ->  Seq Scan on cast_info ci  (cost=0.00..796071.18 rows=3600229 width=4) (actual time=4266.412..14173.476 rows=6860657 loops=1)
        Filter: ((person_id > 1813140) AND (role_id = 2))
        Rows Removed by Filter: 29383687
  ->  Hash  (cost=67604.59..67604.59 rows=2226390 width=4) (actual time=2109.404..2109.404 rows=2224569 loops=1)
        Buckets: 131072  Batches: 32  Memory Usage: 3463kB
        ->  Seq Scan on title t  (cost=0.00..67604.59 rows=2226390 width=4) (actual time=0.033..1401.119 rows=2224569 loops=1)
              Filter: (production_year < 2012)
              Rows Removed by Filter: 303743
Planning time: 0.774 ms
Execution time: 23217.332 ms
