Seq Scan on cast_info ci  (cost=0.00..705507.15 rows=18256535 width=0) (actual time=0.028..12363.882 rows=18426078 loops=1)
  Filter: (person_id > 1765260)
  Rows Removed by Filter: 17818266
Planning time: 0.355 ms
Execution time: 14679.813 ms
