Nested Loop  (cost=0.43..58358.52 rows=30 width=0) (actual time=103.649..763.642 rows=395 loops=1)
  ->  Seq Scan on movie_companies mc  (cost=0.00..57926.93 rows=51 width=4) (actual time=103.584..753.539 rows=516 loops=1)
        Filter: ((company_id = 1121) AND (company_type_id = 1))
        Rows Removed by Filter: 2608613
  ->  Index Scan using title_pkey on title t  (cost=0.43..8.45 rows=1 width=4) (actual time=0.018..0.019 rows=1 loops=516)
        Index Cond: (id = mc.movie_id)
        Filter: ((production_year > 0) AND (kind_id = 7))
        Rows Removed by Filter: 0
Planning time: 0.866 ms
Execution time: 763.870 ms
