Nested Loop  (cost=0.43..83071.67 rows=246 width=0) (actual time=0.161..1307.542 rows=1740 loops=1)
  ->  Seq Scan on movie_keyword mk  (cost=0.00..81003.12 rows=246 width=4) (actual time=0.080..1206.382 rows=1740 loops=1)
        Filter: (keyword_id = 3221)
        Rows Removed by Filter: 4522190
  ->  Index Only Scan using title_pkey on title t  (cost=0.43..8.40 rows=1 width=4) (actual time=0.057..0.057 rows=1 loops=1740)
        Index Cond: (id = mk.movie_id)
        Heap Fetches: 1740
Planning time: 0.769 ms
Execution time: 1308.201 ms
