Hash Join  (cost=76113.69..201022.44 rows=238571 width=0) (actual time=1130.970..4477.727 rows=827251 loops=1)
  Hash Cond: (mk.movie_id = t.id)
  ->  Seq Scan on movie_keyword mk  (cost=0.00..69693.30 rows=4523930 width=4) (actual time=0.029..1500.448 rows=4523930 loops=1)
  ->  Hash  (cost=73925.90..73925.90 rows=133343 width=4) (actual time=1128.647..1128.647 rows=233692 loops=1)
        Buckets: 131072 (originally 131072)  Batches: 4 (originally 2)  Memory Usage: 3085kB
        ->  Seq Scan on title t  (cost=0.00..73925.90 rows=133343 width=4) (actual time=0.057..1045.382 rows=233692 loops=1)
              Filter: ((kind_id < 7) AND (production_year < 1968))
              Rows Removed by Filter: 2294620
Planning time: 0.830 ms
Execution time: 4571.779 ms
