Hash Join  (cost=111875.26..198695.13 rows=16183 width=0) (actual time=1047.988..2948.535 rows=199758 loops=1)
  Hash Cond: (mk.movie_id = t.id)
  ->  Seq Scan on movie_keyword mk  (cost=0.00..69693.30 rows=4523930 width=4) (actual time=0.009..1023.380 rows=4523930 loops=1)
  ->  Hash  (cost=111762.20..111762.20 rows=9045 width=8) (actual time=1047.666..1047.666 rows=9466 loops=1)
        Buckets: 16384  Batches: 1  Memory Usage: 498kB
        ->  Nested Loop  (cost=0.43..111762.20 rows=9045 width=8) (actual time=0.062..1042.424 rows=9466 loops=1)
              ->  Seq Scan on movie_companies mc  (cost=0.00..51404.11 rows=9045 width=4) (actual time=0.021..800.969 rows=9466 loops=1)
                    Filter: (company_id = 1451)
                    Rows Removed by Filter: 2599663
              ->  Index Only Scan using title_pkey on title t  (cost=0.43..6.66 rows=1 width=4) (actual time=0.024..0.025 rows=1 loops=9466)
                    Index Cond: (id = mc.movie_id)
                    Heap Fetches: 9466
Planning time: 1.029 ms
Execution time: 2973.780 ms
