Seq Scan on movie_keyword mk  (cost=0.00..81003.12 rows=3289127 width=0) (actual time=0.024..1589.595 rows=3276810 loops=1)
  Filter: (keyword_id < 14481)
  Rows Removed by Filter: 1247120
Planning time: 0.353 ms
Execution time: 1987.537 ms
