Hash Join  (cost=190230.21..316495.70 rows=1278501 width=0) (actual time=4165.128..8413.320 rows=5360838 loops=1)
  Hash Cond: (mk.movie_id = t.id)
  ->  Seq Scan on movie_keyword mk  (cost=0.00..81003.12 rows=2342495 width=4) (actual time=0.021..1535.754 rows=2342107 loops=1)
        Filter: (keyword_id < 5206)
        Rows Removed by Filter: 2181823
  ->  Hash  (cost=167588.78..167588.78 rows=1380035 width=8) (actual time=4164.168..4164.168 rows=1380035 loops=1)
        Buckets: 131072  Batches: 32  Memory Usage: 2726kB
        ->  Hash Join  (cost=102767.86..167588.78 rows=1380035 width=8) (actual time=1929.088..3791.028 rows=1380035 loops=1)
              Hash Cond: (mi_idx.movie_id = t.id)
              ->  Seq Scan on movie_info_idx mi_idx  (cost=0.00..21735.35 rows=1380035 width=4) (actual time=0.028..468.952 rows=1380035 loops=1)
              ->  Hash  (cost=61283.27..61283.27 rows=2528527 width=4) (actual time=1927.587..1927.587 rows=2528312 loops=1)
                    Buckets: 131072  Batches: 64  Memory Usage: 2415kB
                    ->  Seq Scan on title t  (cost=0.00..61283.27 rows=2528527 width=4) (actual time=0.013..1078.559 rows=2528312 loops=1)
Planning time: 1.183 ms
Execution time: 9015.906 ms
