Seq Scan on cast_info ci  (cost=0.00..796071.18 rows=60 width=0) (actual time=1405.240..11459.881 rows=2 loops=1)
  Filter: ((person_id = 3413958) AND (role_id = 10))
  Rows Removed by Filter: 36244342
Planning time: 0.436 ms
Execution time: 11459.984 ms
