Hash Join  (cost=74209.73..828251.94 rows=325304 width=0) (actual time=1016.014..20144.644 rows=457951 loops=1)
  Hash Cond: (ci.movie_id = t.id)
  ->  Seq Scan on cast_info ci  (cost=0.00..614943.12 rows=36225612 width=4) (actual time=0.017..8762.154 rows=36244344 loops=1)
  ->  Hash  (cost=73925.90..73925.90 rows=22706 width=4) (actual time=1015.708..1015.708 rows=25785 loops=1)
        Buckets: 32768  Batches: 1  Memory Usage: 1163kB
        ->  Seq Scan on title t  (cost=0.00..73925.90 rows=22706 width=4) (actual time=0.061..1004.770 rows=25785 loops=1)
              Filter: ((kind_id < 4) AND (production_year > 2012))
              Rows Removed by Filter: 2502527
Planning time: 0.740 ms
Execution time: 20218.105 ms
