Hash Join  (cost=77312.52..149181.82 rows=305513 width=0) (actual time=1325.530..3147.006 rows=460474 loops=1)
  Hash Cond: (mc.movie_id = t.id)
  ->  Seq Scan on movie_companies mc  (cost=0.00..51404.11 rows=1305613 width=4) (actual time=0.030..958.633 rows=1315472 loops=1)
        Filter: (company_id > 11261)
        Rows Removed by Filter: 1293657
  ->  Hash  (cost=67604.59..67604.59 rows=591675 width=4) (actual time=1324.600..1324.600 rows=585020 loops=1)
        Buckets: 131072  Batches: 8  Memory Usage: 3586kB
        ->  Seq Scan on title t  (cost=0.00..67604.59 rows=591675 width=4) (actual time=0.022..1139.595 rows=585020 loops=1)
              Filter: (production_year < 1985)
              Rows Removed by Filter: 1943292
Planning time: 0.794 ms
Execution time: 3201.794 ms
