Hash Join  (cost=890740.13..929603.55 rows=68194 width=0) (actual time=17224.158..18172.403 rows=261239 loops=1)
  Hash Cond: (mi_idx.movie_id = t.id)
  ->  Seq Scan on movie_info_idx mi_idx  (cost=0.00..21735.35 rows=1380035 width=4) (actual time=0.018..441.670 rows=1380035 loops=1)
  ->  Hash  (cost=888689.29..888689.29 rows=124947 width=8) (actual time=17223.443..17223.443 rows=135792 loops=1)
        Buckets: 131072  Batches: 2  Memory Usage: 3679kB
        ->  Hash Join  (cost=83810.17..888689.29 rows=124947 width=8) (actual time=16489.723..17177.789 rows=135792 loops=1)
              Hash Cond: (ci.movie_id = t.id)
              ->  Seq Scan on cast_info ci  (cost=0.00..796071.18 rows=319857 width=4) (actual time=14916.388..15230.667 rows=305266 loops=1)
                    Filter: ((person_id > 295318) AND (role_id > 10))
                    Rows Removed by Filter: 35939078
              ->  Hash  (cost=67604.59..67604.59 rows=987727 width=4) (actual time=1572.375..1572.375 rows=985048 loops=1)
                    Buckets: 131072  Batches: 16  Memory Usage: 3188kB
                    ->  Seq Scan on title t  (cost=0.00..67604.59 rows=987727 width=4) (actual time=0.014..1271.423 rows=985048 loops=1)
                          Filter: (kind_id < 7)
                          Rows Removed by Filter: 1543264
Planning time: 1.064 ms
Execution time: 18200.599 ms
