Hash Join  (cost=118802.90..195334.52 rows=107510 width=0) (actual time=2192.923..4318.989 rows=554798 loops=1)
  Hash Cond: (mc.movie_id = t.id)
  ->  Seq Scan on movie_companies mc  (cost=0.00..44881.29 rows=2609129 width=4) (actual time=0.014..844.690 rows=2609129 loops=1)
  ->  Hash  (cost=117093.54..117093.54 rows=104189 width=8) (actual time=2192.111..2192.111 rows=159913 loops=1)
        Buckets: 131072 (originally 131072)  Batches: 4 (originally 2)  Memory Usage: 3073kB
        ->  Hash Join  (cost=83302.54..117093.54 rows=104189 width=8) (actual time=1320.910..2131.115 rows=159913 loops=1)
              Hash Cond: (mi_idx.movie_id = t.id)
              ->  Seq Scan on movie_info_idx mi_idx  (cost=0.00..25185.44 rows=460978 width=4) (actual time=0.026..412.275 rows=459925 loops=1)
                    Filter: (info_type_id < 100)
                    Rows Removed by Filter: 920110
              ->  Hash  (cost=73925.90..73925.90 rows=571491 width=4) (actual time=1319.809..1319.809 rows=441519 loops=1)
                    Buckets: 131072  Batches: 8  Memory Usage: 2966kB
                    ->  Seq Scan on title t  (cost=0.00..73925.90 rows=571491 width=4) (actual time=0.015..1176.452 rows=441519 loops=1)
                          Filter: ((kind_id < 4) AND (production_year > 1993))
                          Rows Removed by Filter: 2086793
Planning time: 2.749 ms
Execution time: 4388.162 ms
