Hash Join  (cost=81703.78..590995.88 rows=2763417 width=0) (actual time=1442.259..15652.010 rows=6526079 loops=1)
  Hash Cond: (mi.movie_id = t.id)
  ->  Seq Scan on movie_info mi  (cost=0.00..309384.22 rows=14739122 width=4) (actual time=0.019..6038.405 rows=14835720 loops=1)
  ->  Hash  (cost=73925.90..73925.90 rows=474070 width=4) (actual time=1441.251..1441.251 rows=496025 loops=1)
        Buckets: 131072  Batches: 8  Memory Usage: 3223kB
        ->  Seq Scan on title t  (cost=0.00..73925.90 rows=474070 width=4) (actual time=441.123..1269.632 rows=496025 loops=1)
              Filter: ((kind_id < 2) AND (production_year < 2009))
              Rows Removed by Filter: 2032287
Planning time: 0.754 ms
Execution time: 16331.825 ms
