Hash Join  (cost=359549.25..1149601.45 rows=23896056 width=0) (actual time=10624.538..71564.993 rows=218571704 loops=1)
  Hash Cond: (mi.movie_id = t.id)
  ->  Seq Scan on movie_info mi  (cost=0.00..309384.22 rows=14739122 width=4) (actual time=0.026..6273.366 rows=14835720 loops=1)
  ->  Hash  (cost=292292.53..292292.53 rows=4099418 width=8) (actual time=10622.741..10622.741 rows=4087742 loops=1)
        Buckets: 131072  Batches: 64  Memory Usage: 3626kB
        ->  Hash Join  (cost=102767.86..292292.53 rows=4099418 width=8) (actual time=2452.811..9146.677 rows=4087742 loops=1)
              Hash Cond: (mk.movie_id = t.id)
              ->  Seq Scan on movie_keyword mk  (cost=0.00..81003.12 rows=4099418 width=4) (actual time=0.021..1815.686 rows=4087742 loops=1)
                    Filter: (keyword_id > 335)
                    Rows Removed by Filter: 436188
              ->  Hash  (cost=61283.27..61283.27 rows=2528527 width=4) (actual time=2450.335..2450.335 rows=2528312 loops=1)
                    Buckets: 131072  Batches: 64  Memory Usage: 2425kB
                    ->  Seq Scan on title t  (cost=0.00..61283.27 rows=2528527 width=4) (actual time=0.025..1077.983 rows=2528312 loops=1)
Planning time: 1.990 ms
Execution time: 95129.878 ms
