Hash Join  (cost=101489.21..265024.33 rows=2899010 width=0) (actual time=2002.806..7121.522 rows=3281885 loops=1)
  Hash Cond: (mk.movie_id = t.id)
  ->  Seq Scan on movie_keyword mk  (cost=0.00..81003.12 rows=3549179 width=4) (actual time=0.028..1748.413 rows=3541702 loops=1)
        Filter: (keyword_id > 918)
        Rows Removed by Filter: 982228
  ->  Hash  (cost=67604.59..67604.59 rows=2065330 width=4) (actual time=2001.653..2001.653 rows=2064552 loops=1)
        Buckets: 131072  Batches: 32  Memory Usage: 3298kB
        ->  Seq Scan on title t  (cost=0.00..67604.59 rows=2065330 width=4) (actual time=0.023..1318.759 rows=2064552 loops=1)
              Filter: (production_year < 2011)
              Rows Removed by Filter: 463760
Planning time: 0.653 ms
Execution time: 7471.672 ms
