Seq Scan on movie_companies mc  (cost=0.00..51404.11 rows=2293322 width=0) (actual time=0.025..1039.689 rows=2293769 loops=1)
  Filter: (company_id < 91978)
  Rows Removed by Filter: 315360
Planning time: 0.369 ms
Execution time: 1327.936 ms
