Hash Join  (cost=494272.08..1401751.16 rows=2640239 width=0) (actual time=12630.734..31427.612 rows=5868904 loops=1)
  Hash Cond: (ci.movie_id = t.id)
  ->  Seq Scan on cast_info ci  (cost=0.00..796071.18 rows=7030802 width=4) (actual time=2775.830..13976.545 rows=10845183 loops=1)
        Filter: ((person_id > 2622396) AND (role_id > 1))
        Rows Removed by Filter: 25399161
  ->  Hash  (cost=478693.03..478693.03 rows=949524 width=8) (actual time=9853.860..9853.860 rows=940792 loops=1)
        Buckets: 131072  Batches: 16  Memory Usage: 3311kB
        ->  Hash Join  (cost=78473.92..478693.03 rows=949524 width=8) (actual time=1859.938..9583.728 rows=940792 loops=1)
              Hash Cond: (mi.movie_id = t.id)
              ->  Seq Scan on movie_info mi  (cost=0.00..346232.03 rows=3623957 width=4) (actual time=99.300..5760.132 rows=3624977 loops=1)
                    Filter: (info_type_id < 4)
                    Rows Removed by Filter: 11210743
              ->  Hash  (cost=67604.59..67604.59 rows=662507 width=4) (actual time=1759.779..1759.779 rows=662065 loops=1)
                    Buckets: 131072  Batches: 16  Memory Usage: 2487kB
                    ->  Seq Scan on title t  (cost=0.00..67604.59 rows=662507 width=4) (actual time=0.021..1266.196 rows=662065 loops=1)
                          Filter: (production_year > 2008)
                          Rows Removed by Filter: 1866247
Planning time: 1.270 ms
Execution time: 32094.395 ms
