Seq Scan on title t  (cost=0.00..73925.90 rows=266 width=0) (actual time=0.033..1033.083 rows=1193 loops=1)
  Filter: ((kind_id = 2) AND (production_year = 1990))
  Rows Removed by Filter: 2527119
Planning time: 0.290 ms
Execution time: 1033.579 ms
