Seq Scan on movie_keyword mk  (cost=0.00..81003.12 rows=246 width=0) (actual time=2.611..1293.052 rows=4 loops=1)
  Filter: (keyword_id = 52878)
  Rows Removed by Filter: 4523926
Planning time: 0.352 ms
Execution time: 1293.122 ms
