Hash Join  (cost=365418.15..2171046.13 rows=56210115 width=0) (actual time=8589.336..85254.634 rows=186411708 loops=1)
  Hash Cond: (ci.movie_id = t.id)
  ->  Seq Scan on cast_info ci  (cost=0.00..705507.15 rows=31417107 width=4) (actual time=0.018..16859.491 rows=31541936 loops=1)
        Filter: (person_id > 456093)
        Rows Removed by Filter: 4702408
  ->  Hash  (cost=291197.02..291197.02 rows=4523930 width=8) (actual time=8587.928..8587.928 rows=4523930 loops=1)
        Buckets: 131072  Batches: 64  Memory Usage: 3816kB
        ->  Hash Join  (cost=102767.86..291197.02 rows=4523930 width=8) (actual time=1906.714..7344.453 rows=4523930 loops=1)
              Hash Cond: (mk.movie_id = t.id)
              ->  Seq Scan on movie_keyword mk  (cost=0.00..69693.30 rows=4523930 width=4) (actual time=0.021..1433.887 rows=4523930 loops=1)
              ->  Hash  (cost=61283.27..61283.27 rows=2528527 width=4) (actual time=1905.501..1905.501 rows=2528312 loops=1)
                    Buckets: 131072  Batches: 64  Memory Usage: 2425kB
                    ->  Seq Scan on title t  (cost=0.00..61283.27 rows=2528527 width=4) (actual time=0.017..1076.636 rows=2528312 loops=1)
Planning time: 1.192 ms
Execution time: 105478.254 ms
