Nested Loop  (cost=0.43..83071.67 rows=246 width=0) (actual time=1.910..1279.634 rows=101 loops=1)
  ->  Seq Scan on movie_keyword mk  (cost=0.00..81003.12 rows=246 width=4) (actual time=1.865..1272.960 rows=101 loops=1)
        Filter: (keyword_id = 15192)
        Rows Removed by Filter: 4523829
  ->  Index Only Scan using title_pkey on title t  (cost=0.43..8.40 rows=1 width=4) (actual time=0.061..0.062 rows=1 loops=101)
        Index Cond: (id = mk.movie_id)
        Heap Fetches: 101
Planning time: 0.724 ms
Execution time: 1279.773 ms
