Hash Join  (cost=148712.82..279715.42 rows=212862 width=0) (actual time=3070.641..6329.000 rows=1683325 loops=1)
  Hash Cond: (mk.movie_id = t.id)
  ->  Seq Scan on movie_keyword mk  (cost=0.00..81003.12 rows=4095697 width=4) (actual time=0.016..1846.064 rows=4100993 loops=1)
        Filter: (keyword_id < 41294)
        Rows Removed by Filter: 422937
  ->  Hash  (cost=146556.15..146556.15 rows=131413 width=8) (actual time=3069.951..3069.951 rows=115325 loops=1)
        Buckets: 131072  Batches: 2  Memory Usage: 3278kB
        ->  Hash Join  (cost=69694.50..146556.15 rows=131413 width=8) (actual time=1193.491..3028.987 rows=115325 loops=1)
              Hash Cond: (mc.movie_id = t.id)
              ->  Seq Scan on movie_companies mc  (cost=0.00..44881.29 rows=2609129 width=4) (actual time=0.025..866.501 rows=2609129 loops=1)
              ->  Hash  (cost=67604.59..67604.59 rows=127353 width=4) (actual time=1192.849..1192.849 rows=128696 loops=1)
                    Buckets: 131072  Batches: 2  Memory Usage: 3284kB
                    ->  Seq Scan on title t  (cost=0.00..67604.59 rows=127353 width=4) (actual time=0.016..1145.618 rows=128696 loops=1)
                          Filter: (production_year = 2009)
                          Rows Removed by Filter: 2399616
Planning time: 0.753 ms
Execution time: 6493.684 ms
