Hash Join  (cost=78473.92..196200.21 rows=630594 width=0) (actual time=1505.104..4256.645 rows=375701 loops=1)
  Hash Cond: (mk.movie_id = t.id)
  ->  Seq Scan on movie_keyword mk  (cost=0.00..81003.12 rows=2406726 width=4) (actual time=0.041..1598.181 rows=2402793 loops=1)
        Filter: (keyword_id > 3893)
        Rows Removed by Filter: 2121137
  ->  Hash  (cost=67604.59..67604.59 rows=662507 width=4) (actual time=1503.442..1503.442 rows=662065 loops=1)
        Buckets: 131072  Batches: 16  Memory Usage: 2488kB
        ->  Seq Scan on title t  (cost=0.00..67604.59 rows=662507 width=4) (actual time=0.024..1273.564 rows=662065 loops=1)
              Filter: (production_year > 2008)
              Rows Removed by Filter: 1866247
Planning time: 0.771 ms
Execution time: 4297.415 ms
