Hash Join  (cost=525298.35..1683264.68 rows=7768919 width=0) (actual time=11457.986..46668.529 rows=18617912 loops=1)
  Hash Cond: (ci.movie_id = t.id)
  ->  Seq Scan on cast_info ci  (cost=0.00..705507.15 rows=26443831 width=4) (actual time=0.030..15298.188 rows=26488000 loops=1)
        Filter: (person_id < 2734594)
        Rows Removed by Filter: 9756344
  ->  Hash  (cost=513110.67..513110.67 rows=742855 width=8) (actual time=11456.648..11456.648 rows=881833 loops=1)
        Buckets: 131072  Batches: 16  Memory Usage: 3135kB
        ->  Hash Join  (cost=71711.64..513110.67 rows=742855 width=8) (actual time=1692.684..11196.897 rows=881833 loops=1)
              Hash Cond: (mi.movie_id = t.id)
              ->  Seq Scan on movie_info mi  (cost=0.00..346232.03 rows=7503588 width=4) (actual time=528.728..6654.696 rows=7548855 loops=1)
                    Filter: (info_type_id > 7)
                    Rows Removed by Filter: 7286865
              ->  Hash  (cost=67604.59..67604.59 rows=250324 width=4) (actual time=1162.489..1162.489 rows=252521 loops=1)
                    Buckets: 131072  Batches: 4  Memory Usage: 3250kB
                    ->  Seq Scan on title t  (cost=0.00..67604.59 rows=250324 width=4) (actual time=0.033..1070.474 rows=252521 loops=1)
                          Filter: (production_year < 1961)
                          Rows Removed by Filter: 2275791
Planning time: 3.517 ms
Execution time: 48867.727 ms
