Seq Scan on movie_companies mc  (cost=0.00..57926.93 rows=5141 width=0) (actual time=11.314..915.340 rows=3040 loops=1)
  Filter: ((company_type_id > 1) AND (company_id = 2561))
  Rows Removed by Filter: 2606089
Planning time: 1.672 ms
Execution time: 915.985 ms
