Seq Scan on movie_companies mc  (cost=0.00..57926.93 rows=245859 width=0) (actual time=0.321..862.881 rows=123860 loops=1)
  Filter: ((company_id < 424) AND (company_type_id = 2))
  Rows Removed by Filter: 2485269
Planning time: 0.403 ms
Execution time: 878.592 ms
