Hash Join  (cost=102767.86..1095048.44 rows=7743594 width=0) (actual time=9036.592..19033.905 rows=2457986 loops=1)
  Hash Cond: (ci.movie_id = t.id)
  ->  Seq Scan on cast_info ci  (cost=0.00..796071.18 rows=7743594 width=4) (actual time=7004.154..14654.487 rows=2457986 loops=1)
        Filter: ((person_id > 1392273) AND (role_id < 2))
        Rows Removed by Filter: 33786358
  ->  Hash  (cost=61283.27..61283.27 rows=2528527 width=4) (actual time=2031.167..2031.167 rows=2528312 loops=1)
        Buckets: 131072  Batches: 64  Memory Usage: 2415kB
        ->  Seq Scan on title t  (cost=0.00..61283.27 rows=2528527 width=4) (actual time=0.021..1176.631 rows=2528312 loops=1)
Planning time: 0.773 ms
Execution time: 19321.302 ms
