Seq Scan on movie_keyword mk  (cost=0.00..81003.12 rows=528372 width=0) (actual time=0.023..1460.759 rows=517763 loops=1)
  Filter: (keyword_id > 34963)
  Rows Removed by Filter: 4006167
Planning time: 0.304 ms
Execution time: 1527.746 ms
