Hash Join  (cost=102767.86..188588.40 rows=1019719 width=0) (actual time=2334.486..4547.081 rows=1018477 loops=1)
  Hash Cond: (mc.movie_id = t.id)
  ->  Seq Scan on movie_companies mc  (cost=0.00..51404.11 rows=1019719 width=4) (actual time=0.010..990.149 rows=1018477 loops=1)
        Filter: (company_id < 5355)
        Rows Removed by Filter: 1590652
  ->  Hash  (cost=61283.27..61283.27 rows=2528527 width=4) (actual time=2332.674..2332.674 rows=2528312 loops=1)
        Buckets: 131072  Batches: 64  Memory Usage: 2415kB
        ->  Seq Scan on title t  (cost=0.00..61283.27 rows=2528527 width=4) (actual time=0.021..978.100 rows=2528312 loops=1)
Planning time: 0.733 ms
Execution time: 4656.574 ms
