Hash Join  (cost=153353.05..1107271.09 rows=1608572 width=0) (actual time=3336.264..31082.021 rows=7497614 loops=1)
  Hash Cond: (ci.movie_id = t.id)
  ->  Seq Scan on cast_info ci  (cost=0.00..705507.15 rows=20024311 width=4) (actual time=0.019..14703.510 rows=20122661 loops=1)
        Filter: (role_id < 3)
        Rows Removed by Filter: 16121683
  ->  Hash  (cost=150020.07..150020.07 rows=203119 width=8) (actual time=3335.397..3335.397 rows=578937 loops=1)
        Buckets: 131072 (originally 131072)  Batches: 8 (originally 4)  Memory Usage: 3858kB
        ->  Hash Join  (cost=78556.72..150020.07 rows=203119 width=8) (actual time=1581.774..3139.832 rows=578937 loops=1)
              Hash Cond: (mc.movie_id = t.id)
              ->  Seq Scan on movie_companies mc  (cost=0.00..57926.93 rows=769391 width=4) (actual time=100.311..1116.182 rows=990954 loops=1)
                    Filter: ((company_id > 7302) AND (company_type_id > 1))
                    Rows Removed by Filter: 1618175
              ->  Hash  (cost=67604.59..67604.59 rows=667531 width=4) (actual time=1216.412..1216.412 rows=662825 loops=1)
                    Buckets: 131072  Batches: 16  Memory Usage: 2476kB
                    ->  Seq Scan on title t  (cost=0.00..67604.59 rows=667531 width=4) (actual time=0.018..1006.059 rows=662825 loops=1)
                          Filter: (kind_id = 1)
                          Rows Removed by Filter: 1865487
Planning time: 1.222 ms
Execution time: 32014.110 ms
