Seq Scan on cast_info ci  (cost=0.00..796071.18 rows=4700 width=0) (actual time=1323.318..14433.401 rows=2649 loops=1)
  Filter: ((role_id > 1) AND (person_id = 298275))
  Rows Removed by Filter: 36241695
Planning time: 0.340 ms
Execution time: 14433.836 ms
