Seq Scan on movie_keyword mk  (cost=0.00..81003.12 rows=246 width=0) (actual time=1.705..1208.625 rows=734 loops=1)
  Filter: (keyword_id = 8807)
  Rows Removed by Filter: 4523196
Planning time: 0.614 ms
Execution time: 1208.986 ms
