Seq Scan on movie_keyword mk  (cost=0.00..81003.12 rows=246 width=0) (actual time=1148.807..1273.645 rows=1 loops=1)
  Filter: (keyword_id = 125065)
  Rows Removed by Filter: 4523929
Planning time: 0.562 ms
Execution time: 1273.742 ms
