Hash Join  (cost=198078.64..658409.40 rows=410057 width=0) (actual time=3678.931..14545.713 rows=2453576 loops=1)
  Hash Cond: (mi.movie_id = t.id)
  ->  Seq Scan on movie_info mi  (cost=0.00..346232.03 rows=9476311 width=4) (actual time=0.020..6555.240 rows=9565151 loops=1)
        Filter: (info_type_id < 16)
        Rows Removed by Filter: 5270569
  ->  Hash  (cost=196282.96..196282.96 rows=109414 width=8) (actual time=3678.158..3678.158 rows=121921 loops=1)
        Buckets: 131072  Batches: 2  Memory Usage: 3440kB
        ->  Hash Join  (cost=102767.86..196282.96 rows=109414 width=8) (actual time=1897.020..3636.912 rows=121921 loops=1)
              Hash Cond: (mk.movie_id = t.id)
              ->  Seq Scan on movie_keyword mk  (cost=0.00..81003.12 rows=109414 width=4) (actual time=0.021..1254.036 rows=121921 loops=1)
                    Filter: (keyword_id < 117)
                    Rows Removed by Filter: 4402009
              ->  Hash  (cost=61283.27..61283.27 rows=2528527 width=4) (actual time=1895.238..1895.238 rows=2528312 loops=1)
                    Buckets: 131072  Batches: 64  Memory Usage: 2425kB
                    ->  Seq Scan on title t  (cost=0.00..61283.27 rows=2528527 width=4) (actual time=0.022..1026.691 rows=2528312 loops=1)
Planning time: 1.145 ms
Execution time: 14855.983 ms
