Seq Scan on title t  (cost=0.00..73925.90 rows=550385 width=0) (actual time=0.019..1399.948 rows=602403 loops=1)
  Filter: ((production_year > 2006) AND (kind_id = 7))
  Rows Removed by Filter: 1925909
Planning time: 0.323 ms
Execution time: 1477.144 ms
