Hash Join  (cost=1016651.27..1679501.49 rows=12849152 width=0) (actual time=19443.974..35397.299 rows=7493037 loops=1)
  Hash Cond: (mi.movie_id = t.id)
  ->  Seq Scan on movie_info mi  (cost=0.00..346232.03 rows=12665229 width=4) (actual time=0.010..7321.813 rows=12744652 loops=1)
        Filter: (info_type_id > 2)
        Rows Removed by Filter: 2091068
  ->  Hash  (cost=974564.69..974564.69 rows=2565246 width=8) (actual time=19442.563..19442.563 rows=1364766 loops=1)
        Buckets: 131072  Batches: 64  Memory Usage: 1849kB
        ->  Hash Join  (cost=92883.59..974564.69 rows=2565246 width=8) (actual time=1703.780..19042.437 rows=1364766 loops=1)
              Hash Cond: (ci.movie_id = t.id)
              ->  Seq Scan on cast_info ci  (cost=0.00..796071.18 rows=4209693 width=4) (actual time=0.028..15253.301 rows=2001362 loops=1)
                    Filter: ((person_id < 3412997) AND (role_id > 9))
                    Rows Removed by Filter: 34242982
              ->  Hash  (cost=67604.59..67604.59 rows=1540800 width=4) (actual time=1702.803..1702.803 rows=1543264 loops=1)
                    Buckets: 131072  Batches: 32  Memory Usage: 2722kB
                    ->  Seq Scan on title t  (cost=0.00..67604.59 rows=1540800 width=4) (actual time=0.021..1204.553 rows=1543264 loops=1)
                          Filter: (kind_id = 7)
                          Rows Removed by Filter: 985048
Planning time: 4.396 ms
Execution time: 36171.360 ms
