Seq Scan on movie_keyword mk  (cost=0.00..81003.12 rows=4292977 width=0) (actual time=0.014..1550.092 rows=4292392 loops=1)
  Filter: (keyword_id < 63089)
  Rows Removed by Filter: 231538
Planning time: 0.301 ms
Execution time: 2087.091 ms
