Nested Loop  (cost=0.43..52283.95 rows=3 width=0) (actual time=283.230..771.041 rows=3 loops=1)
  ->  Seq Scan on movie_companies mc  (cost=0.00..51404.11 rows=104 width=4) (actual time=0.212..762.892 rows=286 loops=1)
        Filter: (company_id = 4155)
        Rows Removed by Filter: 2608843
  ->  Index Scan using title_pkey on title t  (cost=0.43..8.45 rows=1 width=4) (actual time=0.027..0.027 rows=0 loops=286)
        Index Cond: (id = mc.movie_id)
        Filter: (production_year > 2012)
        Rows Removed by Filter: 1
Planning time: 2.810 ms
Execution time: 771.161 ms
