Seq Scan on title t  (cost=0.00..73925.90 rows=138179 width=0) (actual time=17.509..1181.536 rows=274202 loops=1)
  Filter: ((production_year < 1981) AND (kind_id = 1))
  Rows Removed by Filter: 2254110
Planning time: 0.256 ms
Execution time: 1216.260 ms
