Seq Scan on movie_companies mc  (cost=0.00..57926.93 rows=926233 width=0) (actual time=316.615..1100.105 rows=772491 loops=1)
  Filter: ((company_id > 1347) AND (company_type_id = 1))
  Rows Removed by Filter: 1836638
Planning time: 0.381 ms
Execution time: 1198.530 ms
