Hash Join  (cost=855870.68..1397203.98 rows=1309377 width=0) (actual time=18690.930..30956.321 rows=5020104 loops=1)
  Hash Cond: (mi.movie_id = t.id)
  ->  Seq Scan on movie_info mi  (cost=0.00..346232.03 rows=9476311 width=4) (actual time=0.016..6255.061 rows=9565151 loops=1)
        Filter: (info_type_id < 16)
        Rows Removed by Filter: 5270569
  ->  Hash  (cost=850138.48..850138.48 rows=349376 width=8) (actual time=18686.714..18686.714 rows=373235 loops=1)
        Buckets: 131072  Batches: 8  Memory Usage: 2823kB
        ->  Hash Join  (cost=74547.77..850138.48 rows=349376 width=8) (actual time=1058.278..18514.294 rows=373235 loops=1)
              Hash Cond: (ci.movie_id = t.id)
              ->  Seq Scan on cast_info ci  (cost=0.00..705507.15 rows=17757281 width=4) (actual time=0.024..12068.128 rows=17871275 loops=1)
                    Filter: (person_id > 1825851)
                    Rows Removed by Filter: 18373069
              ->  Hash  (cost=73925.90..73925.90 rows=49749 width=4) (actual time=1057.873..1057.873 rows=44012 loops=1)
                    Buckets: 65536  Batches: 1  Memory Usage: 2060kB
                    ->  Seq Scan on title t  (cost=0.00..73925.90 rows=49749 width=4) (actual time=0.024..1039.478 rows=44012 loops=1)
                          Filter: ((kind_id < 7) AND (production_year = 2009))
                          Rows Removed by Filter: 2484300
Planning time: 2.046 ms
Execution time: 31577.430 ms
