Hash Join  (cost=80718.78..449029.43 rows=253788 width=0) (actual time=1212.053..7087.807 rows=615677 loops=1)
  Hash Cond: (mi.movie_id = t.id)
  ->  Seq Scan on movie_info mi  (cost=0.00..346232.03 rows=1550064 width=4) (actual time=0.011..4979.992 rows=1533909 loops=1)
        Filter: (info_type_id = 3)
        Rows Removed by Filter: 13301811
  ->  Hash  (cost=73925.90..73925.90 rows=413990 width=4) (actual time=1210.964..1210.964 rows=323208 loops=1)
        Buckets: 131072  Batches: 8  Memory Usage: 2453kB
        ->  Seq Scan on title t  (cost=0.00..73925.90 rows=413990 width=4) (actual time=0.014..1103.727 rows=323208 loops=1)
              Filter: ((kind_id < 3) AND (production_year > 2000))
              Rows Removed by Filter: 2205104
Planning time: 0.793 ms
Execution time: 7159.582 ms
