Seq Scan on movie_keyword mk  (cost=0.00..81003.12 rows=70687 width=0) (actual time=0.035..1262.075 rows=69853 loops=1)
  Filter: (keyword_id > 91265)
  Rows Removed by Filter: 4454077
Planning time: 0.282 ms
Execution time: 1272.764 ms
