Hash Join  (cost=571806.50..1871461.39 rows=7004101 width=0) (actual time=13019.749..49289.861 rows=24612630 loops=1)
  Hash Cond: (ci.movie_id = t.id)
  ->  Seq Scan on cast_info ci  (cost=0.00..705507.15 rows=29290875 width=4) (actual time=0.019..15629.852 rows=29236110 loops=1)
        Filter: (person_id < 2964441)
        Rows Removed by Filter: 7008234
  ->  Hash  (cost=561886.67..561886.67 rows=604627 width=8) (actual time=13018.750..13018.750 rows=1009670 loops=1)
        Buckets: 131072 (originally 131072)  Batches: 16 (originally 8)  Memory Usage: 3460kB
        ->  Hash Join  (cost=75628.47..561886.67 rows=604627 width=8) (actual time=1166.985..12674.938 rows=1009670 loops=1)
              Hash Cond: (mi.movie_id = t.id)
              ->  Seq Scan on movie_info mi  (cost=0.00..309384.22 rows=14739122 width=4) (actual time=0.019..5806.679 rows=14835720 loops=1)
              ->  Hash  (cost=73925.90..73925.90 rows=103725 width=4) (actual time=1166.190..1166.190 rows=98992 loops=1)
                    Buckets: 131072  Batches: 2  Memory Usage: 2766kB
                    ->  Seq Scan on title t  (cost=0.00..73925.90 rows=103725 width=4) (actual time=242.567..1130.403 rows=98992 loops=1)
                          Filter: ((kind_id < 2) AND (production_year > 2010))
                          Rows Removed by Filter: 2429320
Planning time: 3.241 ms
Execution time: 52055.530 ms
