Seq Scan on cast_info ci  (cost=0.00..705507.15 rows=32427106 width=0) (actual time=0.020..13901.886 rows=32409804 loops=1)
  Filter: (person_id < 3359797)
  Rows Removed by Filter: 3834540
Planning time: 0.226 ms
Execution time: 17955.902 ms
