Hash Join  (cost=75356.03..113865.05 rows=47554 width=0) (actual time=1492.798..2152.956 rows=77175 loops=1)
  Hash Cond: (mi_idx.movie_id = t.id)
  ->  Seq Scan on movie_info_idx mi_idx  (cost=0.00..21735.35 rows=1380035 width=4) (actual time=0.019..473.503 rows=1380035 loops=1)
  ->  Hash  (cost=73925.90..73925.90 rows=87130 width=4) (actual time=1218.559..1218.559 rows=96838 loops=1)
        Buckets: 131072  Batches: 2  Memory Usage: 2720kB
        ->  Seq Scan on title t  (cost=0.00..73925.90 rows=87130 width=4) (actual time=544.972..1185.134 rows=96838 loops=1)
              Filter: ((production_year < 2010) AND (kind_id = 4))
              Rows Removed by Filter: 2431474
Planning time: 8.861 ms
Execution time: 2161.561 ms
