Hash Join  (cost=83072.49..457443.43 rows=46 width=0) (actual time=1280.144..8145.697 rows=4 loops=1)
  Hash Cond: (mi.movie_id = t.id)
  ->  Seq Scan on movie_info mi  (cost=0.00..346232.03 rows=7503588 width=4) (actual time=0.018..5852.495 rows=7548855 loops=1)
        Filter: (info_type_id > 7)
        Rows Removed by Filter: 7286865
  ->  Hash  (cost=83072.29..83072.29 rows=16 width=8) (actual time=1263.416..1263.416 rows=1 loops=1)
        Buckets: 1024  Batches: 1  Memory Usage: 9kB
        ->  Nested Loop  (cost=0.43..83072.29 rows=16 width=8) (actual time=1061.442..1263.407 rows=1 loops=1)
              ->  Seq Scan on movie_keyword mk  (cost=0.00..81003.12 rows=246 width=4) (actual time=51.320..1260.474 rows=74 loops=1)
                    Filter: (keyword_id = 20635)
                    Rows Removed by Filter: 4523856
              ->  Index Scan using title_pkey on title t  (cost=0.43..8.40 rows=1 width=4) (actual time=0.035..0.035 rows=0 loops=74)
                    Index Cond: (id = mk.movie_id)
                    Filter: (production_year = 2011)
                    Rows Removed by Filter: 1
Planning time: 1.200 ms
Execution time: 8145.868 ms
