Seq Scan on cast_info ci  (cost=0.00..705507.15 rows=26967766 width=0) (actual time=0.016..13312.389 rows=27132575 loops=1)
  Filter: (person_id > 897269)
  Rows Removed by Filter: 9111769
Planning time: 0.315 ms
Execution time: 16592.745 ms
