Hash Join  (cost=160212.76..247154.77 rows=862648 width=0) (actual time=3668.986..6509.723 rows=2188652 loops=1)
  Hash Cond: (mc.movie_id = t.id)
  ->  Seq Scan on movie_companies mc  (cost=0.00..44881.29 rows=2609129 width=4) (actual time=0.018..960.275 rows=2609129 loops=1)
  ->  Hash  (cost=146496.78..146496.78 rows=835999 width=8) (actual time=3667.991..3667.991 rows=758770 loops=1)
        Buckets: 131072  Batches: 16  Memory Usage: 2875kB
        ->  Hash Join  (cost=92735.26..146496.78 rows=835999 width=8) (actual time=1861.293..3449.685 rows=758770 loops=1)
              Hash Cond: (mi_idx.movie_id = t.id)
              ->  Seq Scan on movie_info_idx mi_idx  (cost=0.00..21735.35 rows=1380035 width=4) (actual time=0.012..469.555 rows=1380035 loops=1)
              ->  Hash  (cost=67604.59..67604.59 rows=1531734 width=4) (actual time=1859.845..1859.845 rows=1531613 loops=1)
                    Buckets: 131072  Batches: 32  Memory Usage: 2708kB
                    ->  Seq Scan on title t  (cost=0.00..67604.59 rows=1531734 width=4) (actual time=0.025..1345.026 rows=1531613 loops=1)
                          Filter: (production_year > 1997)
                          Rows Removed by Filter: 996699
Planning time: 1.117 ms
Execution time: 6766.345 ms
