Hash Join  (cost=335383.65..966328.33 rows=12872508 width=0) (actual time=8349.963..55802.555 rows=156313235 loops=1)
  Hash Cond: (mi.movie_id = t.id)
  ->  Seq Scan on movie_info mi  (cost=0.00..346232.03 rows=9293409 width=4) (actual time=0.015..7340.882 rows=9425200 loops=1)
        Filter: (info_type_id > 5)
        Rows Removed by Filter: 5410520
  ->  Hash  (cost=277923.67..277923.67 rows=3502319 width=8) (actual time=8348.068..8348.068 rows=3495117 loops=1)
        Buckets: 131072  Batches: 64  Memory Usage: 3260kB
        ->  Hash Join  (cost=102767.86..277923.67 rows=3502319 width=8) (actual time=2040.637..7273.668 rows=3495117 loops=1)
              Hash Cond: (mk.movie_id = t.id)
              ->  Seq Scan on movie_keyword mk  (cost=0.00..81003.12 rows=3502319 width=4) (actual time=0.018..1818.423 rows=3495117 loops=1)
                    Filter: (keyword_id > 1003)
                    Rows Removed by Filter: 1028813
              ->  Hash  (cost=61283.27..61283.27 rows=2528527 width=4) (actual time=2039.603..2039.603 rows=2528312 loops=1)
                    Buckets: 131072  Batches: 64  Memory Usage: 2425kB
                    ->  Seq Scan on title t  (cost=0.00..61283.27 rows=2528527 width=4) (actual time=0.024..1161.085 rows=2528312 loops=1)
Planning time: 1.134 ms
Execution time: 73113.631 ms
