Hash Join  (cost=249977.27..1553972.50 rows=21894005 width=0) (actual time=6326.879..57377.523 rows=84536181 loops=1)
  Hash Cond: (ci.movie_id = t.id)
  ->  Seq Scan on cast_info ci  (cost=0.00..614943.12 rows=36225612 width=4) (actual time=0.022..13596.537 rows=36244344 loops=1)
  ->  Hash  (cost=224904.91..224904.91 rows=1528189 width=8) (actual time=6325.273..6325.273 rows=1985003 loops=1)
        Buckets: 131072  Batches: 32  Memory Usage: 3399kB
        ->  Hash Join  (cost=88359.31..224904.91 rows=1528189 width=8) (actual time=1725.093..5773.414 rows=1985003 loops=1)
              Hash Cond: (mk.movie_id = t.id)
              ->  Seq Scan on movie_keyword mk  (cost=0.00..81003.12 rows=3054555 width=4) (actual time=0.020..1690.967 rows=3042616 loops=1)
                    Filter: (keyword_id < 11064)
                    Rows Removed by Filter: 1481314
              ->  Hash  (cost=67604.59..67604.59 rows=1265018 width=4) (actual time=1724.178..1724.178 rows=1263700 loops=1)
                    Buckets: 131072  Batches: 32  Memory Usage: 2418kB
                    ->  Seq Scan on title t  (cost=0.00..67604.59 rows=1265018 width=4) (actual time=0.020..1293.019 rows=1263700 loops=1)
                          Filter: (production_year < 2004)
                          Rows Removed by Filter: 1264612
Planning time: 1.190 ms
Execution time: 66323.948 ms
