Seq Scan on cast_info ci  (cost=0.00..796071.18 rows=8789894 width=0) (actual time=0.215..14805.018 rows=13707948 loops=1)
  Filter: ((person_id > 2299383) AND (role_id > 1))
  Rows Removed by Filter: 22536396
Planning time: 0.362 ms
Execution time: 16544.271 ms
