Hash Join  (cost=784015.15..2433580.06 rows=54837675 width=0) (actual time=18581.869..61156.311 rows=55261217 loops=1)
  Hash Cond: (ci.movie_id = t.id)
  ->  Seq Scan on cast_info ci  (cost=0.00..705507.15 rows=17998079 width=4) (actual time=0.020..14860.277 rows=17847396 loops=1)
        Filter: (person_id < 1768697)
        Rows Removed by Filter: 18396948
  ->  Hash  (cost=657619.21..657619.21 rows=7704075 width=8) (actual time=18579.101..18579.101 rows=5132024 loops=1)
        Buckets: 131072  Batches: 128  Memory Usage: 2569kB
        ->  Hash Join  (cost=95609.53..657619.21 rows=7704075 width=8) (actual time=1852.780..17109.005 rows=5132024 loops=1)
              Hash Cond: (mi.movie_id = t.id)
              ->  Seq Scan on movie_info mi  (cost=0.00..309384.22 rows=14739122 width=4) (actual time=0.018..6382.638 rows=14835720 loops=1)
              ->  Hash  (cost=73925.90..73925.90 rows=1321650 width=4) (actual time=1851.993..1851.993 rows=1298128 loops=1)
                    Buckets: 131072  Batches: 32  Memory Usage: 2457kB
                    ->  Seq Scan on title t  (cost=0.00..73925.90 rows=1321650 width=4) (actual time=0.013..1397.984 rows=1298128 loops=1)
                          Filter: ((kind_id > 1) AND (production_year < 2009))
                          Rows Removed by Filter: 1230184
Planning time: 1.225 ms
Execution time: 67309.513 ms
