Nested Loop  (cost=0.43..709674.40 rows=91 width=0) (actual time=9113.935..11006.329 rows=17 loops=1)
  ->  Seq Scan on cast_info ci  (cost=0.00..705507.15 rows=500 width=4) (actual time=9113.801..11005.566 rows=31 loops=1)
        Filter: (person_id = 120709)
        Rows Removed by Filter: 36244313
  ->  Index Scan using title_pkey on title t  (cost=0.43..8.32 rows=1 width=4) (actual time=0.022..0.022 rows=1 loops=31)
        Index Cond: (id = ci.movie_id)
        Filter: ((kind_id < 3) AND (production_year > 1997))
        Rows Removed by Filter: 0
Planning time: 0.542 ms
Execution time: 11006.420 ms
