Hash Join  (cost=190230.21..1056837.02 rows=2088969 width=0) (actual time=4928.039..22796.418 rows=4575848 loops=1)
  Hash Cond: (ci.movie_id = t.id)
  ->  Seq Scan on cast_info ci  (cost=0.00..796071.18 rows=3827449 width=4) (actual time=0.019..13912.888 rows=4008037 loops=1)
        Filter: ((person_id < 3754622) AND (role_id = 3))
        Rows Removed by Filter: 32236307
  ->  Hash  (cost=167588.78..167588.78 rows=1380035 width=8) (actual time=4926.979..4926.979 rows=1380035 loops=1)
        Buckets: 131072  Batches: 32  Memory Usage: 2708kB
        ->  Hash Join  (cost=102767.86..167588.78 rows=1380035 width=8) (actual time=2507.726..4510.714 rows=1380035 loops=1)
              Hash Cond: (mi_idx.movie_id = t.id)
              ->  Seq Scan on movie_info_idx mi_idx  (cost=0.00..21735.35 rows=1380035 width=4) (actual time=0.021..476.257 rows=1380035 loops=1)
              ->  Hash  (cost=61283.27..61283.27 rows=2528527 width=4) (actual time=2505.593..2505.593 rows=2528312 loops=1)
                    Buckets: 131072  Batches: 64  Memory Usage: 2415kB
                    ->  Seq Scan on title t  (cost=0.00..61283.27 rows=2528527 width=4) (actual time=0.010..1013.822 rows=2528312 loops=1)
Planning time: 1.240 ms
Execution time: 23390.865 ms
