Hash Join  (cost=83074.74..433290.71 rows=103 width=0) (actual time=2727.709..6166.369 rows=2 loops=1)
  Hash Cond: (mi.movie_id = t.id)
  ->  Seq Scan on movie_info mi  (cost=0.00..346232.03 rows=1062108 width=4) (actual time=2123.255..5451.829 rows=1115380 loops=1)
        Filter: (info_type_id > 63)
        Rows Removed by Filter: 13720340
  ->  Hash  (cost=83071.67..83071.67 rows=246 width=8) (actual time=560.164..560.164 rows=22 loops=1)
        Buckets: 1024  Batches: 1  Memory Usage: 9kB
        ->  Nested Loop  (cost=0.43..83071.67 rows=246 width=8) (actual time=1.911..560.135 rows=22 loops=1)
              ->  Seq Scan on movie_keyword mk  (cost=0.00..81003.12 rows=246 width=4) (actual time=1.837..559.486 rows=22 loops=1)
                    Filter: (keyword_id = 82616)
                    Rows Removed by Filter: 4523908
              ->  Index Only Scan using title_pkey on title t  (cost=0.43..8.40 rows=1 width=4) (actual time=0.026..0.026 rows=1 loops=22)
                    Index Cond: (id = mk.movie_id)
                    Heap Fetches: 22
Planning time: 1.172 ms
Execution time: 6166.465 ms
