Hash Join  (cost=81573.24..616327.74 rows=2567237 width=0) (actual time=1347.723..16452.128 rows=3847875 loops=1)
  Hash Cond: (mi.movie_id = t.id)
  ->  Seq Scan on movie_info mi  (cost=0.00..346232.03 rows=13926693 width=4) (actual time=129.012..7383.277 rows=13963496 loops=1)
        Filter: (info_type_id < 98)
        Rows Removed by Filter: 872224
  ->  Hash  (cost=73925.90..73925.90 rows=466107 width=4) (actual time=1217.545..1217.545 rows=396359 loops=1)
        Buckets: 131072  Batches: 8  Memory Usage: 2769kB
        ->  Seq Scan on title t  (cost=0.00..73925.90 rows=466107 width=4) (actual time=0.024..1092.323 rows=396359 loops=1)
              Filter: ((kind_id < 7) AND (production_year > 2003))
              Rows Removed by Filter: 2131953
Planning time: 0.817 ms
Execution time: 16896.445 ms
