Hash Join  (cost=103698.42..147395.57 rows=401082 width=0) (actual time=2286.765..3527.752 rows=410873 loops=1)
  Hash Cond: (mi_idx.movie_id = t.id)
  ->  Seq Scan on movie_info_idx mi_idx  (cost=0.00..25185.44 rows=460978 width=4) (actual time=0.019..523.746 rows=459925 loops=1)
        Filter: (info_type_id < 100)
        Rows Removed by Filter: 920110
  ->  Hash  (cost=67604.59..67604.59 rows=2199987 width=4) (actual time=2285.846..2285.846 rows=2192624 loops=1)
        Buckets: 131072  Batches: 32  Memory Usage: 3436kB
        ->  Seq Scan on title t  (cost=0.00..67604.59 rows=2199987 width=4) (actual time=0.019..1322.789 rows=2192624 loops=1)
              Filter: (production_year > 1961)
              Rows Removed by Filter: 335688
Planning time: 0.669 ms
Execution time: 3573.228 ms
