Seq Scan on cast_info ci  (cost=0.00..796071.18 rows=24 width=0) (actual time=9352.840..10472.010 rows=8 loops=1)
  Filter: ((person_id = 575241) AND (role_id = 8))
  Rows Removed by Filter: 36244336
Planning time: 0.381 ms
Execution time: 10472.121 ms
