Hash Join  (cost=97102.97..153357.47 rows=981297 width=0) (actual time=1884.419..3508.374 rows=944574 loops=1)
  Hash Cond: (mi_idx.movie_id = t.id)
  ->  Seq Scan on movie_info_idx mi_idx  (cost=0.00..21735.35 rows=1380035 width=4) (actual time=0.025..395.512 rows=1380035 loops=1)
  ->  Hash  (cost=67604.59..67604.59 rows=1797951 width=4) (actual time=1883.381..1883.381 rows=1793384 loops=1)
        Buckets: 131072  Batches: 32  Memory Usage: 2998kB
        ->  Seq Scan on title t  (cost=0.00..67604.59 rows=1797951 width=4) (actual time=0.014..1313.516 rows=1793384 loops=1)
              Filter: (production_year > 1988)
              Rows Removed by Filter: 734928
Planning time: 0.751 ms
Execution time: 3622.620 ms
