Hash Join  (cost=69918.72..167480.52 rows=87927 width=134) (actual time=1046.136..2917.425 rows=75723 loops=1)
  Hash Cond: (mc.movie_id = t.id)
  ->  Seq Scan on movie_companies mc  (cost=0.00..44881.29 rows=2609129 width=40) (actual time=0.023..589.979 rows=2609129 loops=1)
  ->  Hash  (cost=67604.59..67604.59 rows=85211 width=94) (actual time=1045.801..1045.801 rows=84593 loops=1)
        Buckets: 32768  Batches: 4  Memory Usage: 2631kB
        ->  Seq Scan on title t  (cost=0.00..67604.59 rows=85211 width=94) (actual time=0.031..1010.493 rows=84593 loops=1)
              Filter: (production_year = 2004)
              Rows Removed by Filter: 2443719
Planning time: 0.925 ms
Execution time: 2922.772 ms
