Hash Join  (cost=52284.88..403289.07 rows=37 width=0) (actual time=4694.110..6306.852 rows=29 loops=1)
  Hash Cond: (mi.movie_id = t.id)
  ->  Seq Scan on movie_info mi  (cost=0.00..346232.03 rows=1272478 width=4) (actual time=3893.875..5334.996 rows=1325361 loops=1)
        Filter: (info_type_id = 8)
        Rows Removed by Filter: 13510359
  ->  Hash  (cost=52283.95..52283.95 rows=74 width=8) (actual time=792.407..792.407 rows=29 loops=1)
        Buckets: 1024  Batches: 1  Memory Usage: 10kB
        ->  Nested Loop  (cost=0.43..52283.95 rows=74 width=8) (actual time=171.805..792.366 rows=29 loops=1)
              ->  Seq Scan on movie_companies mc  (cost=0.00..51404.11 rows=104 width=4) (actual time=171.685..791.410 rows=29 loops=1)
                    Filter: (company_id = 3613)
                    Rows Removed by Filter: 2609100
              ->  Index Scan using title_pkey on title t  (cost=0.43..8.45 rows=1 width=4) (actual time=0.027..0.028 rows=1 loops=29)
                    Index Cond: (id = mc.movie_id)
                    Filter: (production_year < 2009)
Planning time: 0.801 ms
Execution time: 6306.958 ms
