Seq Scan on movie_keyword mk  (cost=0.00..81003.12 rows=246 width=0) (actual time=3.635..1332.288 rows=354 loops=1)
  Filter: (keyword_id = 5841)
  Rows Removed by Filter: 4523576
Planning time: 0.382 ms
Execution time: 1332.587 ms
