Hash Join  (cost=83074.74..110002.76 rows=45 width=0) (actual time=1311.916..1912.099 rows=720 loops=1)
  Hash Cond: (mi_idx.movie_id = t.id)
  ->  Seq Scan on movie_info_idx mi_idx  (cost=0.00..25185.44 rows=464566 width=4) (actual time=0.020..522.777 rows=459925 loops=1)
        Filter: (info_type_id = 101)
        Rows Removed by Filter: 920110
  ->  Hash  (cost=83071.67..83071.67 rows=246 width=8) (actual time=1309.354..1309.354 rows=817 loops=1)
        Buckets: 1024  Batches: 1  Memory Usage: 40kB
        ->  Nested Loop  (cost=0.43..83071.67 rows=246 width=8) (actual time=3.047..1308.730 rows=817 loops=1)
              ->  Seq Scan on movie_keyword mk  (cost=0.00..81003.12 rows=246 width=4) (actual time=2.955..1260.776 rows=817 loops=1)
                    Filter: (keyword_id = 1860)
                    Rows Removed by Filter: 4523113
              ->  Index Only Scan using title_pkey on title t  (cost=0.43..8.40 rows=1 width=4) (actual time=0.057..0.057 rows=1 loops=817)
                    Index Cond: (id = mk.movie_id)
                    Heap Fetches: 817
Planning time: 0.747 ms
Execution time: 1912.404 ms
