Seq Scan on cast_info ci  (cost=0.00..705507.15 rows=500 width=0) (actual time=8395.190..10342.000 rows=1 loops=1)
  Filter: (person_id = 3833979)
  Rows Removed by Filter: 36244343
Planning time: 0.391 ms
Execution time: 10342.078 ms
