Hash Join  (cost=134721.77..492794.03 rows=33451 width=0) (actual time=4617.332..8239.614 rows=51975 loops=1)
  Hash Cond: (mi.movie_id = t.id)
  ->  Seq Scan on movie_info mi  (cost=0.00..346232.03 rows=3068194 width=4) (actual time=1716.199..5722.858 rows=3036719 loops=1)
        Filter: (info_type_id = 16)
        Rows Removed by Filter: 11799001
  ->  Hash  (cost=134377.18..134377.18 rows=27567 width=8) (actual time=2052.543..2052.543 rows=8366 loops=1)
        Buckets: 32768  Batches: 1  Memory Usage: 583kB
        ->  Hash Join  (cost=69928.56..134377.18 rows=27567 width=8) (actual time=1204.669..2049.076 rows=8366 loops=1)
              Hash Cond: (mc.movie_id = t.id)
              ->  Seq Scan on movie_companies mc  (cost=0.00..57926.93 rows=492271 width=4) (actual time=126.382..885.010 rows=189240 loops=1)
                    Filter: ((company_id > 16286) AND (company_type_id < 2))
                    Rows Removed by Filter: 2419889
              ->  Hash  (cost=67604.59..67604.59 rows=141598 width=4) (actual time=1076.972..1076.972 rows=141703 loops=1)
                    Buckets: 131072  Batches: 2  Memory Usage: 3511kB
                    ->  Seq Scan on title t  (cost=0.00..67604.59 rows=141598 width=4) (actual time=0.049..1022.455 rows=141703 loops=1)
                          Filter: (production_year = 2010)
                          Rows Removed by Filter: 2386609
Planning time: 1.553 ms
Execution time: 8245.641 ms
