Nested Loop  (cost=0.43..52283.69 rows=104 width=0) (actual time=91.286..904.053 rows=708 loops=1)
  ->  Seq Scan on movie_companies mc  (cost=0.00..51404.11 rows=104 width=4) (actual time=91.210..875.816 rows=708 loops=1)
        Filter: (company_id = 6008)
        Rows Removed by Filter: 2608421
  ->  Index Only Scan using title_pkey on title t  (cost=0.43..8.45 rows=1 width=4) (actual time=0.038..0.039 rows=1 loops=708)
        Index Cond: (id = mc.movie_id)
        Heap Fetches: 708
Planning time: 10.309 ms
Execution time: 904.342 ms
