Seq Scan on cast_info ci  (cost=0.00..796071.18 rows=4690588 width=0) (actual time=0.020..14642.591 rows=7449743 loops=1)
  Filter: ((person_id > 1274497) AND (role_id = 2))
  Rows Removed by Filter: 28794601
Planning time: 0.406 ms
Execution time: 15508.555 ms
