Hash Join  (cost=180237.76..690736.95 rows=2876526 width=0) (actual time=4232.255..16001.701 rows=105492 loops=1)
  Hash Cond: (mi.movie_id = t.id)
  ->  Seq Scan on movie_info mi  (cost=0.00..309384.22 rows=14739122 width=4) (actual time=0.015..6359.648 rows=14835720 loops=1)
  ->  Hash  (cost=172141.34..172141.34 rows=493474 width=8) (actual time=3625.256..3625.256 rows=13566 loops=1)
        Buckets: 131072  Batches: 8  Memory Usage: 1096kB
        ->  Hash Join  (cost=92883.59..172141.34 rows=493474 width=8) (actual time=2006.003..3619.033 rows=13566 loops=1)
              Hash Cond: (mc.movie_id = t.id)
              ->  Seq Scan on movie_companies mc  (cost=0.00..57926.93 rows=809815 width=4) (actual time=0.024..1087.593 rows=599681 loops=1)
                    Filter: ((company_id > 3863) AND (company_type_id = 1))
                    Rows Removed by Filter: 2009448
              ->  Hash  (cost=67604.59..67604.59 rows=1540800 width=4) (actual time=2004.149..2004.149 rows=1543264 loops=1)
                    Buckets: 131072  Batches: 32  Memory Usage: 2722kB
                    ->  Seq Scan on title t  (cost=0.00..67604.59 rows=1540800 width=4) (actual time=0.035..1109.579 rows=1543264 loops=1)
                          Filter: (kind_id = 7)
                          Rows Removed by Filter: 985048
Planning time: 1.182 ms
Execution time: 16015.343 ms
