Hash Join  (cost=207785.32..631716.73 rows=814580 width=0) (actual time=5553.687..14081.450 rows=3418975 loops=1)
  Hash Cond: (mi.movie_id = t.id)
  ->  Seq Scan on movie_info mi  (cost=0.00..346232.03 rows=5897221 width=4) (actual time=1357.838..6153.785 rows=5884963 loops=1)
        Filter: (info_type_id < 7)
        Rows Removed by Filter: 8950757
  ->  Hash  (cost=202054.52..202054.52 rows=349264 width=8) (actual time=4194.886..4194.886 rows=363692 loops=1)
        Buckets: 131072  Batches: 8  Memory Usage: 2859kB
        ->  Hash Join  (cost=102767.86..202054.52 rows=349264 width=8) (actual time=1913.915..4080.881 rows=363692 loops=1)
              Hash Cond: (mk.movie_id = t.id)
              ->  Seq Scan on movie_keyword mk  (cost=0.00..81003.12 rows=349264 width=4) (actual time=0.047..1411.950 rows=363692 loops=1)
                    Filter: (keyword_id < 335)
                    Rows Removed by Filter: 4160238
              ->  Hash  (cost=61283.27..61283.27 rows=2528527 width=4) (actual time=1912.878..1912.878 rows=2528312 loops=1)
                    Buckets: 131072  Batches: 64  Memory Usage: 2425kB
                    ->  Seq Scan on title t  (cost=0.00..61283.27 rows=2528527 width=4) (actual time=0.016..1059.751 rows=2528312 loops=1)
Planning time: 1.139 ms
Execution time: 14490.874 ms
