Nested Loop  (cost=0.43..83072.90 rows=64 width=0) (actual time=10.252..1244.437 rows=10 loops=1)
  ->  Seq Scan on movie_keyword mk  (cost=0.00..81003.12 rows=246 width=4) (actual time=10.190..1242.191 rows=46 loops=1)
        Filter: (keyword_id = 23454)
        Rows Removed by Filter: 4523884
  ->  Index Scan using title_pkey on title t  (cost=0.43..8.40 rows=1 width=4) (actual time=0.043..0.044 rows=0 loops=46)
        Index Cond: (id = mk.movie_id)
        Filter: ((production_year < 2001) AND (kind_id = 7))
        Rows Removed by Filter: 1
Planning time: 0.709 ms
Execution time: 1244.546 ms
