Hash Join  (cost=145206.92..183715.68 rows=47528 width=0) (actual time=2823.238..3537.353 rows=220586 loops=1)
  Hash Cond: (mi_idx.movie_id = t.id)
  ->  Seq Scan on movie_info_idx mi_idx  (cost=0.00..21735.35 rows=1380035 width=4) (actual time=0.021..443.582 rows=1380035 loops=1)
  ->  Hash  (cost=143777.41..143777.41 rows=87081 width=8) (actual time=2580.076..2580.076 rows=84189 loops=1)
        Buckets: 131072  Batches: 2  Memory Usage: 2675kB
        ->  Hash Join  (cost=78556.72..143777.41 rows=87081 width=8) (actual time=1287.958..2553.852 rows=84189 loops=1)
              Hash Cond: (mc.movie_id = t.id)
              ->  Seq Scan on movie_companies mc  (cost=0.00..57926.93 rows=329851 width=4) (actual time=0.017..919.260 rows=476779 loops=1)
                    Filter: ((company_id < 1015) AND (company_type_id = 1))
                    Rows Removed by Filter: 2132350
              ->  Hash  (cost=67604.59..67604.59 rows=667531 width=4) (actual time=1287.229..1287.229 rows=662825 loops=1)
                    Buckets: 131072  Batches: 16  Memory Usage: 2476kB
                    ->  Seq Scan on title t  (cost=0.00..67604.59 rows=667531 width=4) (actual time=181.752..1080.605 rows=662825 loops=1)
                          Filter: (kind_id = 1)
                          Rows Removed by Filter: 1865487
Planning time: 1.191 ms
Execution time: 3565.704 ms
