Seq Scan on cast_info ci  (cost=0.00..796071.18 rows=962787 width=0) (actual time=3329.341..11387.924 rows=1944185 loops=1)
  Filter: ((person_id < 259101) AND (role_id = 1))
  Rows Removed by Filter: 34300159
Planning time: 0.416 ms
Execution time: 11627.661 ms
