Hash Join  (cost=121645.09..957554.49 rows=161095 width=0) (actual time=2312.474..18284.328 rows=1274105 loops=1)
  Hash Cond: (ci.movie_id = t.id)
  ->  Seq Scan on cast_info ci  (cost=0.00..796071.18 rows=3263805 width=4) (actual time=0.022..11946.609 rows=7358910 loops=1)
        Filter: ((person_id > 2934390) AND (role_id > 2))
        Rows Removed by Filter: 28885434
  ->  Hash  (cost=119597.05..119597.05 rows=124803 width=8) (actual time=2311.782..2311.782 rows=200326 loops=1)
        Buckets: 131072 (originally 131072)  Batches: 4 (originally 2)  Memory Usage: 3073kB
        ->  Hash Join  (cost=85157.92..119597.05 rows=124803 width=8) (actual time=1376.486..2243.137 rows=200326 loops=1)
              Hash Cond: (mi_idx.movie_id = t.id)
              ->  Seq Scan on movie_info_idx mi_idx  (cost=0.00..25185.44 rows=460978 width=4) (actual time=0.024..480.264 rows=459925 loops=1)
                    Filter: (info_type_id = 99)
                    Rows Removed by Filter: 920110
              ->  Hash  (cost=73925.90..73925.90 rows=684561 width=4) (actual time=1375.473..1375.473 rows=585759 loops=1)
                    Buckets: 131072  Batches: 16  Memory Usage: 2308kB
                    ->  Seq Scan on title t  (cost=0.00..73925.90 rows=684561 width=4) (actual time=0.022..1198.198 rows=585759 loops=1)
                          Filter: ((kind_id < 7) AND (production_year > 1990))
                          Rows Removed by Filter: 1942553
Planning time: 2.212 ms
Execution time: 18453.370 ms
