Hash Join  (cost=102767.86..220715.81 rows=1124851 width=0) (actual time=2657.603..5231.911 rows=1133612 loops=1)
  Hash Cond: (mk.movie_id = t.id)
  ->  Seq Scan on movie_keyword mk  (cost=0.00..81003.12 rows=1124851 width=4) (actual time=0.024..1305.114 rows=1133612 loops=1)
        Filter: (keyword_id < 1249)
        Rows Removed by Filter: 3390318
  ->  Hash  (cost=61283.27..61283.27 rows=2528527 width=4) (actual time=2656.523..2656.523 rows=2528312 loops=1)
        Buckets: 131072  Batches: 64  Memory Usage: 2425kB
        ->  Seq Scan on title t  (cost=0.00..61283.27 rows=2528527 width=4) (actual time=0.021..1137.401 rows=2528312 loops=1)
Planning time: 0.723 ms
Execution time: 5363.401 ms
