Hash Join  (cost=128478.61..1115045.31 rows=2095038 width=0) (actual time=2830.352..25426.561 rows=5676669 loops=1)
  Hash Cond: (ci.movie_id = t.id)
  ->  Seq Scan on cast_info ci  (cost=0.00..796071.18 rows=14540041 width=4) (actual time=0.016..14863.482 rows=12993530 loops=1)
        Filter: ((person_id > 1945387) AND (role_id < 10))
        Rows Removed by Filter: 23250814
  ->  Hash  (cost=122500.50..122500.50 rows=364329 width=8) (actual time=2829.333..2829.333 rows=629900 loops=1)
        Buckets: 131072 (originally 131072)  Batches: 16 (originally 8)  Memory Usage: 3073kB
        ->  Hash Join  (cost=78556.72..122500.50 rows=364329 width=8) (actual time=1210.922..2636.105 rows=629900 loops=1)
              Hash Cond: (mi_idx.movie_id = t.id)
              ->  Seq Scan on movie_info_idx mi_idx  (cost=0.00..21735.35 rows=1380035 width=4) (actual time=0.013..486.056 rows=1380035 loops=1)
              ->  Hash  (cost=67604.59..67604.59 rows=667531 width=4) (actual time=1209.983..1209.983 rows=662825 loops=1)
                    Buckets: 131072  Batches: 16  Memory Usage: 2476kB
                    ->  Seq Scan on title t  (cost=0.00..67604.59 rows=667531 width=4) (actual time=0.016..1006.101 rows=662825 loops=1)
                          Filter: (kind_id = 1)
                          Rows Removed by Filter: 1865487
Planning time: 0.778 ms
Execution time: 26075.081 ms
