Nested Loop  (cost=0.43..709671.90 rows=500 width=0) (actual time=7323.372..11062.776 rows=60 loops=1)
  ->  Seq Scan on cast_info ci  (cost=0.00..705507.15 rows=500 width=4) (actual time=7323.182..11061.283 rows=60 loops=1)
        Filter: (person_id = 2555092)
        Rows Removed by Filter: 36244284
  ->  Index Only Scan using title_pkey on title t  (cost=0.43..8.32 rows=1 width=4) (actual time=0.022..0.022 rows=1 loops=60)
        Index Cond: (id = ci.movie_id)
        Heap Fetches: 60
Planning time: 0.852 ms
Execution time: 11062.864 ms
