Hash Join  (cost=190230.21..1153854.44 rows=8104055 width=0) (actual time=5399.011..30298.676 rows=17367325 loops=1)
  Hash Cond: (ci.movie_id = t.id)
  ->  Seq Scan on cast_info ci  (cost=0.00..705507.15 rows=14848407 width=4) (actual time=450.185..12910.511 rows=14752832 loops=1)
        Filter: (person_id < 1454554)
        Rows Removed by Filter: 21491512
  ->  Hash  (cost=167588.78..167588.78 rows=1380035 width=8) (actual time=4638.350..4638.350 rows=1380035 loops=1)
        Buckets: 131072  Batches: 32  Memory Usage: 2708kB
        ->  Hash Join  (cost=102767.86..167588.78 rows=1380035 width=8) (actual time=2433.693..4274.436 rows=1380035 loops=1)
              Hash Cond: (mi_idx.movie_id = t.id)
              ->  Seq Scan on movie_info_idx mi_idx  (cost=0.00..21735.35 rows=1380035 width=4) (actual time=0.010..435.894 rows=1380035 loops=1)
              ->  Hash  (cost=61283.27..61283.27 rows=2528527 width=4) (actual time=2431.849..2431.849 rows=2528312 loops=1)
                    Buckets: 131072  Batches: 64  Memory Usage: 2415kB
                    ->  Seq Scan on title t  (cost=0.00..61283.27 rows=2528527 width=4) (actual time=0.021..1033.422 rows=2528312 loops=1)
Planning time: 1.039 ms
Execution time: 32254.750 ms
