Seq Scan on movie_keyword mk  (cost=0.00..81003.12 rows=246 width=0) (actual time=0.586..1293.854 rows=160 loops=1)
  Filter: (keyword_id = 36880)
  Rows Removed by Filter: 4523770
Planning time: 0.367 ms
Execution time: 1294.078 ms
