Hash Join  (cost=114141.07..201554.40 rows=75529 width=0) (actual time=3336.626..3853.122 rows=60135 loops=1)
  Hash Cond: (mk.movie_id = t.id)
  ->  Seq Scan on movie_keyword mk  (cost=0.00..69693.30 rows=4523930 width=4) (actual time=0.023..941.490 rows=4523930 loops=1)
  ->  Hash  (cost=113613.39..113613.39 rows=42215 width=8) (actual time=2087.259..2087.259 rows=18987 loops=1)
        Buckets: 65536  Batches: 1  Memory Usage: 1254kB
        ->  Hash Join  (cost=75195.76..113613.39 rows=42215 width=8) (actual time=1512.957..2080.985 rows=18987 loops=1)
              Hash Cond: (mi_idx.movie_id = t.id)
              ->  Seq Scan on movie_info_idx mi_idx  (cost=0.00..21735.35 rows=1380035 width=4) (actual time=0.024..446.447 rows=1380035 loops=1)
              ->  Hash  (cost=73925.90..73925.90 rows=77348 width=4) (actual time=1172.044..1172.044 rows=84109 loops=1)
                    Buckets: 131072  Batches: 2  Memory Usage: 2509kB
                    ->  Seq Scan on title t  (cost=0.00..73925.90 rows=77348 width=4) (actual time=0.035..1139.941 rows=84109 loops=1)
                          Filter: ((kind_id = 7) AND (production_year = 2008))
                          Rows Removed by Filter: 2444203
Planning time: 2.506 ms
Execution time: 3860.822 ms
