Hash Join  (cost=834972.39..2996807.36 rows=83789488 width=0) (actual time=21446.026..113673.267 rows=222141908 loops=1)
  Hash Cond: (ci.movie_id = t.id)
  ->  Seq Scan on cast_info ci  (cost=0.00..796071.18 rows=22797230 width=4) (actual time=1493.563..18547.262 rows=23316004 loops=1)
        Filter: ((person_id > 99553) AND (role_id > 1))
        Rows Removed by Filter: 12928340
  ->  Hash  (cost=682501.78..682501.78 rows=9293409 width=8) (actual time=19950.923..19950.923 rows=9425200 loops=1)
        Buckets: 131072 (originally 131072)  Batches: 256 (originally 128)  Memory Usage: 3891kB
        ->  Hash Join  (cost=102767.86..682501.78 rows=9293409 width=8) (actual time=2084.265..16903.498 rows=9425200 loops=1)
              Hash Cond: (mi.movie_id = t.id)
              ->  Seq Scan on movie_info mi  (cost=0.00..346232.03 rows=9293409 width=4) (actual time=0.040..6692.373 rows=9425200 loops=1)
                    Filter: (info_type_id > 5)
                    Rows Removed by Filter: 5410520
              ->  Hash  (cost=61283.27..61283.27 rows=2528527 width=4) (actual time=2082.134..2082.134 rows=2528312 loops=1)
                    Buckets: 131072  Batches: 64  Memory Usage: 2425kB
                    ->  Seq Scan on title t  (cost=0.00..61283.27 rows=2528527 width=4) (actual time=0.018..1175.882 rows=2528312 loops=1)
Planning time: 1.122 ms
Execution time: 138956.827 ms
