Hash Join  (cost=130386.76..881394.83 rows=21891 width=0) (actual time=2367.585..19520.778 rows=201056 loops=1)
  Hash Cond: (ci.movie_id = t.id)
  ->  Seq Scan on cast_info ci  (cost=0.00..614943.12 rows=36225612 width=4) (actual time=0.011..8831.867 rows=36244344 loops=1)
  ->  Hash  (cost=130367.65..130367.65 rows=1528 width=8) (actual time=2367.101..2367.101 rows=7625 loops=1)
        Buckets: 8192 (originally 2048)  Batches: 1 (originally 1)  Memory Usage: 362kB
        ->  Hash Join  (cost=73962.22..130367.65 rows=1528 width=8) (actual time=1210.363..2361.231 rows=7625 loops=1)
              Hash Cond: (mc.movie_id = t.id)
              ->  Seq Scan on movie_companies mc  (cost=0.00..51404.11 rows=1329612 width=4) (actual time=0.022..904.222 rows=1334883 loops=1)
                    Filter: (company_type_id > 1)
                    Rows Removed by Filter: 1274246
              ->  Hash  (cost=73925.90..73925.90 rows=2905 width=4) (actual time=1210.102..1210.102 rows=8126 loops=1)
                    Buckets: 8192 (originally 4096)  Batches: 1 (originally 1)  Memory Usage: 350kB
                    ->  Seq Scan on title t  (cost=0.00..73925.90 rows=2905 width=4) (actual time=1.639..1205.838 rows=8126 loops=1)
                          Filter: ((kind_id < 7) AND (production_year = 1987))
                          Rows Removed by Filter: 2520186
Planning time: 1.189 ms
Execution time: 19554.442 ms
