Seq Scan on movie_companies mc  (cost=0.00..57926.93 rows=86232 width=0) (actual time=106.037..864.561 rows=168205 loops=1)
  Filter: ((company_id > 124540) AND (company_type_id = 2))
  Rows Removed by Filter: 2440924
Planning time: 0.435 ms
Execution time: 885.375 ms
