Seq Scan on cast_info ci  (cost=0.00..796071.18 rows=2694864 width=0) (actual time=0.015..12273.603 rows=4196143 loops=1)
  Filter: ((person_id > 3289903) AND (role_id > 1))
  Rows Removed by Filter: 32048201
Planning time: 0.241 ms
Execution time: 12795.845 ms
