Hash Join  (cost=212839.30..1424067.64 rows=17271517 width=0) (actual time=4537.055..48930.287 rows=33264624 loops=1)
  Hash Cond: (ci.movie_id = t.id)
  ->  Seq Scan on cast_info ci  (cost=0.00..614943.12 rows=36225612 width=4) (actual time=0.006..13255.403 rows=36244344 loops=1)
  ->  Hash  (cost=193060.03..193060.03 rows=1205542 width=8) (actual time=4535.140..4535.140 rows=1216255 loops=1)
        Buckets: 131072  Batches: 16  Memory Usage: 4001kB
        ->  Hash Join  (cost=102767.86..193060.03 rows=1205542 width=8) (actual time=1989.801..4182.271 rows=1216255 loops=1)
              Hash Cond: (mc.movie_id = t.id)
              ->  Seq Scan on movie_companies mc  (cost=0.00..51404.11 rows=1205542 width=4) (actual time=0.021..825.297 rows=1216255 loops=1)
                    Filter: (company_id > 12094)
                    Rows Removed by Filter: 1392874
              ->  Hash  (cost=61283.27..61283.27 rows=2528527 width=4) (actual time=1988.852..1988.852 rows=2528312 loops=1)
                    Buckets: 131072  Batches: 64  Memory Usage: 2415kB
                    ->  Seq Scan on title t  (cost=0.00..61283.27 rows=2528527 width=4) (actual time=0.011..1108.300 rows=2528312 loops=1)
Planning time: 1.134 ms
Execution time: 52767.273 ms
