Hash Join  (cost=52284.08..148660.18 rows=16 width=0) (actual time=1099.829..3010.168 rows=196 loops=1)
  Hash Cond: (mk.movie_id = t.id)
  ->  Seq Scan on movie_keyword mk  (cost=0.00..81003.12 rows=4099418 width=4) (actual time=0.020..1613.114 rows=4087742 loops=1)
        Filter: (keyword_id > 335)
        Rows Removed by Filter: 436188
  ->  Hash  (cost=52283.95..52283.95 rows=10 width=8) (actual time=834.250..834.250 rows=10 loops=1)
        Buckets: 1024  Batches: 1  Memory Usage: 9kB
        ->  Nested Loop  (cost=0.43..52283.95 rows=10 width=8) (actual time=59.307..834.236 rows=10 loops=1)
              ->  Seq Scan on movie_companies mc  (cost=0.00..51404.11 rows=104 width=4) (actual time=38.588..832.415 rows=90 loops=1)
                    Filter: (company_id = 5113)
                    Rows Removed by Filter: 2609039
              ->  Index Scan using title_pkey on title t  (cost=0.43..8.45 rows=1 width=4) (actual time=0.019..0.019 rows=0 loops=90)
                    Index Cond: (id = mc.movie_id)
                    Filter: (production_year > 2011)
                    Rows Removed by Filter: 1
Planning time: 1.275 ms
Execution time: 3010.371 ms
