Hash Join  (cost=160737.19..1056454.44 rows=40798 width=0) (actual time=3004.192..23939.328 rows=1054336 loops=1)
  Hash Cond: (ci.movie_id = t.id)
  ->  Seq Scan on cast_info ci  (cost=0.00..796071.18 rows=19847626 width=4) (actual time=0.019..16833.069 rows=17879015 loops=1)
        Filter: ((person_id < 3079204) AND (role_id > 1))
        Rows Removed by Filter: 18365329
  ->  Hash  (cost=160672.23..160672.23 rows=5197 width=8) (actual time=3003.370..3003.370 rows=50370 loops=1)
        Buckets: 65536 (originally 8192)  Batches: 1 (originally 1)  Memory Usage: 2480kB
        ->  Hash Join  (cost=73962.22..160672.23 rows=5197 width=8) (actual time=1066.092..2986.423 rows=50370 loops=1)
              Hash Cond: (mk.movie_id = t.id)
              ->  Seq Scan on movie_keyword mk  (cost=0.00..69693.30 rows=4523930 width=4) (actual time=0.020..1050.526 rows=4523930 loops=1)
              ->  Hash  (cost=73925.90..73925.90 rows=2905 width=4) (actual time=1065.990..1065.990 rows=10197 loops=1)
                    Buckets: 16384 (originally 4096)  Batches: 1 (originally 1)  Memory Usage: 487kB
                    ->  Seq Scan on title t  (cost=0.00..73925.90 rows=2905 width=4) (actual time=0.165..1061.412 rows=10197 loops=1)
                          Filter: ((kind_id < 7) AND (production_year = 1992))
                          Rows Removed by Filter: 2518115
Planning time: 1.175 ms
Execution time: 24075.948 ms
