Hash Join  (cost=438639.57..1237505.59 rows=8645 width=0) (actual time=8371.274..20958.657 rows=432 loops=1)
  Hash Cond: (ci.movie_id = t.id)
  ->  Seq Scan on cast_info ci  (cost=0.00..705507.15 rows=9327244 width=4) (actual time=0.015..11188.309 rows=9181051 loops=1)
        Filter: (person_id < 902988)
        Rows Removed by Filter: 27063293
  ->  Hash  (cost=438610.29..438610.29 rows=2343 width=8) (actual time=8295.274..8295.274 rows=152 loops=1)
        Buckets: 4096  Batches: 1  Memory Usage: 38kB
        ->  Hash Join  (cost=73930.93..438610.29 rows=2343 width=8) (actual time=1345.605..8295.001 rows=152 loops=1)
              Hash Cond: (mi.movie_id = t.id)
              ->  Seq Scan on movie_info mi  (cost=0.00..309384.22 rows=14739122 width=4) (actual time=0.013..4588.018 rows=14835720 loops=1)
              ->  Hash  (cost=73925.90..73925.90 rows=402 width=4) (actual time=1008.933..1008.933 rows=137 loops=1)
                    Buckets: 1024  Batches: 1  Memory Usage: 13kB
                    ->  Seq Scan on title t  (cost=0.00..73925.90 rows=402 width=4) (actual time=0.653..1008.774 rows=137 loops=1)
                          Filter: ((production_year > 2013) AND (kind_id = 7))
                          Rows Removed by Filter: 2528175
Planning time: 0.774 ms
Execution time: 20958.938 ms
