Hash Join  (cost=74242.71..915533.25 rows=117719 width=0) (actual time=7869.006..19604.583 rows=75378 loops=1)
  Hash Cond: (ci.movie_id = t.id)
  ->  Seq Scan on cast_info ci  (cost=0.00..796071.18 rows=11744579 width=4) (actual time=6728.899..16291.437 rows=10689904 loops=1)
        Filter: ((person_id > 264525) AND (role_id = 1))
        Rows Removed by Filter: 25554440
  ->  Hash  (cost=73925.90..73925.90 rows=25344 width=4) (actual time=1139.600..1139.600 rows=15457 loops=1)
        Buckets: 32768  Batches: 1  Memory Usage: 800kB
        ->  Seq Scan on title t  (cost=0.00..73925.90 rows=25344 width=4) (actual time=0.053..1133.463 rows=15457 loops=1)
              Filter: ((kind_id = 1) AND (production_year = 2005))
              Rows Removed by Filter: 2512855
Planning time: 0.776 ms
Execution time: 19618.142 ms
