Seq Scan on cast_info ci  (cost=0.00..796071.18 rows=224 width=0) (actual time=4757.921..13827.690 rows=20 loops=1)
  Filter: ((role_id > 2) AND (person_id = 1730915))
  Rows Removed by Filter: 36244324
Planning time: 0.391 ms
Execution time: 13827.825 ms
