Hash Join  (cost=102767.86..184942.30 rows=868205 width=0) (actual time=2325.824..4386.913 rows=862484 loops=1)
  Hash Cond: (mc.movie_id = t.id)
  ->  Seq Scan on movie_companies mc  (cost=0.00..51404.11 rows=868205 width=4) (actual time=0.028..948.265 rows=862484 loops=1)
        Filter: (company_id < 2537)
        Rows Removed by Filter: 1746645
  ->  Hash  (cost=61283.27..61283.27 rows=2528527 width=4) (actual time=2324.986..2324.986 rows=2528312 loops=1)
        Buckets: 131072  Batches: 64  Memory Usage: 2415kB
        ->  Seq Scan on title t  (cost=0.00..61283.27 rows=2528527 width=4) (actual time=0.021..1167.263 rows=2528312 loops=1)
Planning time: 0.737 ms
Execution time: 4489.875 ms
