Hash Join  (cost=73962.22..424949.23 rows=1452 width=0) (actual time=2089.814..6758.392 rows=3946 loops=1)
  Hash Cond: (mi.movie_id = t.id)
  ->  Seq Scan on movie_info mi  (cost=0.00..346232.03 rows=1264125 width=4) (actual time=1179.175..5642.238 rows=1288928 loops=1)
        Filter: (info_type_id = 2)
        Rows Removed by Filter: 13546792
  ->  Hash  (cost=73925.90..73925.90 rows=2905 width=4) (actual time=909.880..909.880 rows=4593 loops=1)
        Buckets: 8192 (originally 4096)  Batches: 1 (originally 1)  Memory Usage: 226kB
        ->  Seq Scan on title t  (cost=0.00..73925.90 rows=2905 width=4) (actual time=0.465..907.270 rows=4593 loops=1)
              Filter: ((kind_id < 7) AND (production_year = 1963))
              Rows Removed by Filter: 2523719
Planning time: 0.792 ms
Execution time: 6759.357 ms
