Hash Join  (cost=83074.05..833883.41 rows=2017 width=0) (actual time=1436.417..17548.044 rows=64143 loops=1)
  Hash Cond: (ci.movie_id = t.id)
  ->  Seq Scan on cast_info ci  (cost=0.00..614943.12 rows=36225612 width=4) (actual time=0.011..8756.966 rows=36244344 loops=1)
  ->  Hash  (cost=83072.29..83072.29 rows=141 width=8) (actual time=1432.089..1432.089 rows=1447 loops=1)
        Buckets: 2048 (originally 1024)  Batches: 1 (originally 1)  Memory Usage: 73kB
        ->  Nested Loop  (cost=0.43..83072.29 rows=141 width=8) (actual time=0.177..1430.979 rows=1447 loops=1)
              ->  Seq Scan on movie_keyword mk  (cost=0.00..81003.12 rows=246 width=4) (actual time=0.136..1361.258 rows=2451 loops=1)
                    Filter: (keyword_id = 2987)
                    Rows Removed by Filter: 4521479
              ->  Index Scan using title_pkey on title t  (cost=0.43..8.40 rows=1 width=4) (actual time=0.027..0.027 rows=1 loops=2451)
                    Index Cond: (id = mk.movie_id)
                    Filter: (production_year < 2006)
                    Rows Removed by Filter: 0
Planning time: 1.182 ms
Execution time: 17562.636 ms
