Nested Loop  (cost=0.43..58375.45 rows=2 width=0) (actual time=40.779..781.150 rows=2 loops=1)
  ->  Seq Scan on movie_companies mc  (cost=0.00..57926.93 rows=53 width=4) (actual time=12.073..778.276 rows=92 loops=1)
        Filter: ((company_id = 5837) AND (company_type_id = 2))
        Rows Removed by Filter: 2609037
  ->  Index Scan using title_pkey on title t  (cost=0.43..8.45 rows=1 width=4) (actual time=0.029..0.029 rows=0 loops=92)
        Index Cond: (id = mc.movie_id)
        Filter: ((production_year > 1983) AND (kind_id = 3))
        Rows Removed by Filter: 1
Planning time: 0.866 ms
Execution time: 781.274 ms
