Hash Join  (cost=102767.86..290341.01 rows=4018340 width=0) (actual time=2007.286..6943.228 rows=4017785 loops=1)
  Hash Cond: (mk.movie_id = t.id)
  ->  Seq Scan on movie_keyword mk  (cost=0.00..81003.12 rows=4018340 width=4) (actual time=0.020..1822.016 rows=4017785 loops=1)
        Filter: (keyword_id > 365)
        Rows Removed by Filter: 506145
  ->  Hash  (cost=61283.27..61283.27 rows=2528527 width=4) (actual time=2004.596..2004.596 rows=2528312 loops=1)
        Buckets: 131072  Batches: 64  Memory Usage: 2425kB
        ->  Seq Scan on title t  (cost=0.00..61283.27 rows=2528527 width=4) (actual time=0.019..1147.737 rows=2528312 loops=1)
Planning time: 0.727 ms
Execution time: 7389.082 ms
