Hash Join  (cost=156621.92..1011150.96 rows=935225 width=0) (actual time=7325.637..24536.854 rows=5229790 loops=1)
  Hash Cond: (ci.movie_id = t.id)
  ->  Seq Scan on cast_info ci  (cost=0.00..705507.15 rows=12012971 width=4) (actual time=3667.009..13244.983 rows=12071012 loops=1)
        Filter: (person_id > 2479904)
        Rows Removed by Filter: 24173332
  ->  Hash  (cost=153392.31..153392.31 rows=196849 width=8) (actual time=3657.619..3657.619 rows=620295 loops=1)
        Buckets: 131072 (originally 131072)  Batches: 8 (originally 4)  Memory Usage: 4068kB
        ->  Hash Join  (cost=83810.17..153392.31 rows=196849 width=8) (actual time=1665.205..3470.356 rows=620295 loops=1)
              Hash Cond: (mc.movie_id = t.id)
              ->  Seq Scan on movie_companies mc  (cost=0.00..57926.93 rows=503922 width=4) (actual time=0.035..1052.600 rows=817267 loops=1)
                    Filter: ((company_id > 16734) AND (company_type_id > 1))
                    Rows Removed by Filter: 1791862
              ->  Hash  (cost=67604.59..67604.59 rows=987727 width=4) (actual time=1664.370..1664.370 rows=985048 loops=1)
                    Buckets: 131072  Batches: 16  Memory Usage: 3188kB
                    ->  Seq Scan on title t  (cost=0.00..67604.59 rows=987727 width=4) (actual time=0.017..1152.836 rows=985048 loops=1)
                          Filter: (kind_id < 7)
                          Rows Removed by Filter: 1543264
Planning time: 1.205 ms
Execution time: 25150.136 ms
