Hash Join  (cost=80220.64..118875.21 rows=138850 width=0) (actual time=1153.026..2744.375 rows=64294 loops=1)
  Hash Cond: (mi_idx.movie_id = t.id)
  ->  Seq Scan on movie_info_idx mi_idx  (cost=0.00..25185.44 rows=915101 width=4) (actual time=0.024..523.082 rows=919850 loops=1)
        Filter: (info_type_id < 101)
        Rows Removed by Filter: 460185
  ->  Hash  (cost=73925.90..73925.90 rows=383659 width=4) (actual time=1151.880..1151.880 rows=265354 loops=1)
        Buckets: 131072  Batches: 8  Memory Usage: 2178kB
        ->  Seq Scan on title t  (cost=0.00..73925.90 rows=383659 width=4) (actual time=0.019..1064.962 rows=265354 loops=1)
              Filter: ((production_year < 1987) AND (kind_id = 7))
              Rows Removed by Filter: 2262958
Planning time: 0.781 ms
Execution time: 2753.117 ms
