Seq Scan on cast_info ci  (cost=0.00..796071.18 rows=20364797 width=0) (actual time=0.021..17273.974 rows=22264388 loops=1)
  Filter: ((person_id > 457796) AND (role_id > 1))
  Rows Removed by Filter: 13979956
Planning time: 0.380 ms
Execution time: 19959.383 ms
