Seq Scan on movie_keyword mk  (cost=0.00..81003.12 rows=728188 width=0) (actual time=0.032..1202.174 rows=721487 loops=1)
  Filter: (keyword_id < 643)
  Rows Removed by Filter: 3802443
Planning time: 8.911 ms
Execution time: 1293.845 ms
