Hash Join  (cost=83073.49..897097.73 rows=182 width=0) (actual time=1320.432..17343.907 rows=2520 loops=1)
  Hash Cond: (ci.movie_id = t.id)
  ->  Seq Scan on cast_info ci  (cost=0.00..796071.18 rows=4787000 width=4) (actual time=0.034..15690.599 rows=2132075 loops=1)
        Filter: ((person_id < 3004961) AND (role_id > 8))
        Rows Removed by Filter: 34112269
  ->  Hash  (cost=83072.29..83072.29 rows=96 width=8) (actual time=1319.411..1319.411 rows=472 loops=1)
        Buckets: 1024  Batches: 1  Memory Usage: 27kB
        ->  Nested Loop  (cost=0.43..83072.29 rows=96 width=8) (actual time=11.378..1318.961 rows=472 loops=1)
              ->  Seq Scan on movie_keyword mk  (cost=0.00..81003.12 rows=246 width=4) (actual time=11.337..1289.038 rows=501 loops=1)
                    Filter: (keyword_id = 3679)
                    Rows Removed by Filter: 4523429
              ->  Index Scan using title_pkey on title t  (cost=0.43..8.40 rows=1 width=4) (actual time=0.057..0.058 rows=1 loops=501)
                    Index Cond: (id = mk.movie_id)
                    Filter: (kind_id < 7)
                    Rows Removed by Filter: 0
Planning time: 1.241 ms
Execution time: 17344.940 ms
