Hash Join  (cost=175027.18..1031057.21 rows=1348120 width=0) (actual time=4310.613..23532.941 rows=5719042 loops=1)
  Hash Cond: (ci.movie_id = t.id)
  ->  Seq Scan on cast_info ci  (cost=0.00..796071.18 rows=3708972 width=4) (actual time=368.411..14057.978 rows=7483963 loops=1)
        Filter: ((person_id < 1020771) AND (role_id = 1))
        Rows Removed by Filter: 28760381
  ->  Hash  (cost=159947.97..159947.97 rows=919057 width=8) (actual time=3941.235..3941.235 rows=920110 loops=1)
        Buckets: 131072  Batches: 16  Memory Usage: 3269kB
        ->  Hash Join  (cost=102767.86..159947.97 rows=919057 width=8) (actual time=1941.402..3660.621 rows=920110 loops=1)
              Hash Cond: (mi_idx.movie_id = t.id)
              ->  Seq Scan on movie_info_idx mi_idx  (cost=0.00..25185.44 rows=919057 width=4) (actual time=0.032..517.512 rows=920110 loops=1)
                    Filter: (info_type_id > 99)
                    Rows Removed by Filter: 459925
              ->  Hash  (cost=61283.27..61283.27 rows=2528527 width=4) (actual time=1939.496..1939.496 rows=2528312 loops=1)
                    Buckets: 131072  Batches: 64  Memory Usage: 2415kB
                    ->  Seq Scan on title t  (cost=0.00..61283.27 rows=2528527 width=4) (actual time=0.015..1103.430 rows=2528312 loops=1)
Planning time: 2.888 ms
Execution time: 24134.934 ms
