Hash Join  (cost=102767.86..300276.70 rows=4431244 width=0) (actual time=1932.842..7428.651 rows=4433460 loops=1)
  Hash Cond: (mk.movie_id = t.id)
  ->  Seq Scan on movie_keyword mk  (cost=0.00..81003.12 rows=4431244 width=4) (actual time=0.026..1901.312 rows=4433460 loops=1)
        Filter: (keyword_id < 84790)
        Rows Removed by Filter: 90470
  ->  Hash  (cost=61283.27..61283.27 rows=2528527 width=4) (actual time=1930.736..1930.736 rows=2528312 loops=1)
        Buckets: 131072  Batches: 64  Memory Usage: 2425kB
        ->  Seq Scan on title t  (cost=0.00..61283.27 rows=2528527 width=4) (actual time=0.013..1064.043 rows=2528312 loops=1)
Planning time: 0.748 ms
Execution time: 7959.544 ms
