Seq Scan on cast_info ci  (cost=0.00..705507.15 rows=31906680 width=0) (actual time=0.015..12015.366 rows=31873627 loops=1)
  Filter: (person_id < 3262170)
  Rows Removed by Filter: 4370717
Planning time: 0.339 ms
Execution time: 15682.224 ms
