Hash Join  (cost=74056.90..169464.30 rows=15746 width=0) (actual time=1159.475..3331.242 rows=33587 loops=1)
  Hash Cond: (mk.movie_id = t.id)
  ->  Seq Scan on movie_keyword mk  (cost=0.00..81003.12 rows=3799150 width=4) (actual time=0.010..1594.230 rows=3793590 loops=1)
        Filter: (keyword_id < 25708)
        Rows Removed by Filter: 730340
  ->  Hash  (cost=73925.90..73925.90 rows=10480 width=4) (actual time=1159.281..1159.281 rows=5587 loops=1)
        Buckets: 16384  Batches: 1  Memory Usage: 325kB
        ->  Seq Scan on title t  (cost=0.00..73925.90 rows=10480 width=4) (actual time=484.765..1156.626 rows=5587 loops=1)
              Filter: ((kind_id = 1) AND (production_year = 1995))
              Rows Removed by Filter: 2522725
Planning time: 0.920 ms
Execution time: 3335.858 ms
