Seq Scan on cast_info ci  (cost=0.00..796071.18 rows=176 width=0) (actual time=3258.749..10927.150 rows=19 loops=1)
  Filter: ((person_id = 1501976) AND (role_id = 1))
  Rows Removed by Filter: 36244325
Planning time: 0.273 ms
Execution time: 10927.244 ms
