Seq Scan on movie_companies mc  (cost=0.00..51404.11 rows=540106 width=0) (actual time=475.697..927.177 rows=545196 loops=1)
  Filter: (company_id > 72031)
  Rows Removed by Filter: 2063933
Planning time: 0.337 ms
Execution time: 993.380 ms
