Hash Join  (cost=28270.40..118871.41 rows=372 width=0) (actual time=367.402..2080.318 rows=19554 loops=1)
  Hash Cond: (mk.movie_id = t.id)
  ->  Seq Scan on movie_keyword mk  (cost=0.00..81003.12 rows=2558444 width=4) (actual time=0.026..1347.895 rows=2548548 loops=1)
        Filter: (keyword_id < 6420)
        Rows Removed by Filter: 1975382
  ->  Hash  (cost=28265.80..28265.80 rows=368 width=8) (actual time=367.221..367.221 rows=260 loops=1)
        Buckets: 1024  Batches: 1  Memory Usage: 19kB
        ->  Nested Loop  (cost=0.43..28265.80 rows=368 width=8) (actual time=74.926..367.143 rows=260 loops=1)
              ->  Seq Scan on movie_info_idx mi_idx  (cost=0.00..25185.44 rows=368 width=4) (actual time=74.833..362.932 rows=260 loops=1)
                    Filter: (info_type_id > 101)
                    Rows Removed by Filter: 1379775
              ->  Index Only Scan using title_pkey on title t  (cost=0.43..8.36 rows=1 width=4) (actual time=0.016..0.016 rows=1 loops=260)
                    Index Cond: (id = mi_idx.movie_id)
                    Heap Fetches: 260
Planning time: 1.172 ms
Execution time: 2083.037 ms
