Hash Join  (cost=222682.41..592699.32 rows=478122 width=0) (actual time=7837.335..11528.821 rows=1825733 loops=1)
  Hash Cond: (mi.movie_id = t.id)
  ->  Seq Scan on movie_info mi  (cost=0.00..346232.03 rows=1338312 width=4) (actual time=3152.591..5657.596 rows=1401902 loops=1)
        Filter: (info_type_id = 7)
        Rows Removed by Filter: 13433818
  ->  Hash  (cost=207861.71..207861.71 rows=903336 width=8) (actual time=4683.895..4683.895 rows=746849 loops=1)
        Buckets: 131072  Batches: 16  Memory Usage: 2947kB
        ->  Hash Join  (cost=92735.26..207861.71 rows=903336 width=8) (actual time=1842.026..4465.317 rows=746849 loops=1)
              Hash Cond: (mk.movie_id = t.id)
              ->  Seq Scan on movie_keyword mk  (cost=0.00..81003.12 rows=1491192 width=4) (actual time=0.033..1464.523 rows=1502245 loops=1)
                    Filter: (keyword_id < 2164)
                    Rows Removed by Filter: 3021685
              ->  Hash  (cost=67604.59..67604.59 rows=1531734 width=4) (actual time=1840.342..1840.342 rows=1531613 loops=1)
                    Buckets: 131072  Batches: 32  Memory Usage: 2716kB
                    ->  Seq Scan on title t  (cost=0.00..67604.59 rows=1531734 width=4) (actual time=0.021..1326.270 rows=1531613 loops=1)
                          Filter: (production_year > 1997)
                          Rows Removed by Filter: 996699
Planning time: 1.927 ms
Execution time: 11743.689 ms
