Hash Join  (cost=328856.77..1466174.98 rows=15898921 width=0) (actual time=13934.965..37302.138 rows=37300474 loops=1)
  Hash Cond: (ci.movie_id = t.id)
  ->  Seq Scan on cast_info ci  (cost=0.00..796071.18 rows=12032451 width=4) (actual time=6309.550..15475.793 rows=9733788 loops=1)
        Filter: ((person_id > 1416650) AND (role_id < 3))
        Rows Removed by Filter: 26510556
  ->  Hash  (cost=274042.82..274042.82 rows=3341036 width=8) (actual time=7623.285..7623.285 rows=3330173 loops=1)
        Buckets: 131072  Batches: 64  Memory Usage: 3078kB
        ->  Hash Join  (cost=102767.86..274042.82 rows=3341036 width=8) (actual time=2032.612..6647.450 rows=3330173 loops=1)
              Hash Cond: (mk.movie_id = t.id)
              ->  Seq Scan on movie_keyword mk  (cost=0.00..81003.12 rows=3341036 width=4) (actual time=0.035..1754.281 rows=3330173 loops=1)
                    Filter: (keyword_id < 15489)
                    Rows Removed by Filter: 1193757
              ->  Hash  (cost=61283.27..61283.27 rows=2528527 width=4) (actual time=2031.412..2031.412 rows=2528312 loops=1)
                    Buckets: 131072  Batches: 64  Memory Usage: 2425kB
                    ->  Seq Scan on title t  (cost=0.00..61283.27 rows=2528527 width=4) (actual time=0.020..1166.031 rows=2528312 loops=1)
Planning time: 1.209 ms
Execution time: 41318.259 ms
