Hash Join  (cost=86300.63..121138.76 rows=137502 width=0) (actual time=1599.825..2452.947 rows=107930 loops=1)
  Hash Cond: (mi_idx.movie_id = t.id)
  ->  Seq Scan on movie_info_idx mi_idx  (cost=0.00..25185.44 rows=460978 width=4) (actual time=0.018..460.448 rows=459925 loops=1)
        Filter: (info_type_id = 99)
        Rows Removed by Filter: 920110
  ->  Hash  (cost=73925.90..73925.90 rows=754218 width=4) (actual time=1598.711..1598.711 rows=647556 loops=1)
        Buckets: 131072  Batches: 16  Memory Usage: 2451kB
        ->  Seq Scan on title t  (cost=0.00..73925.90 rows=754218 width=4) (actual time=0.016..1378.134 rows=647556 loops=1)
              Filter: ((kind_id > 1) AND (production_year < 2000))
              Rows Removed by Filter: 1880756
Planning time: 0.790 ms
Execution time: 2467.333 ms
