Nested Loop  (cost=71079.43..167299.95 rows=631 width=0) (actual time=1257.641..2920.309 rows=24268 loops=1)
  ->  Hash Join  (cost=71079.00..158698.53 rows=12566 width=8) (actual time=1240.763..2600.205 rows=24997 loops=1)
        Hash Cond: (mk.movie_id = mc.movie_id)
        ->  Seq Scan on movie_keyword mk  (cost=0.00..81003.12 rows=7540 width=4) (actual time=0.027..1245.886 rows=7668 loops=1)
              Filter: (keyword_id = 231)
              Rows Removed by Filter: 4516262
        ->  Hash  (cost=57926.93..57926.93 rows=801605 width=4) (actual time=1235.742..1235.742 rows=588998 loops=1)
              Buckets: 131072  Batches: 16  Memory Usage: 2357kB
              ->  Seq Scan on movie_companies mc  (cost=0.00..57926.93 rows=801605 width=4) (actual time=0.020..1045.988 rows=588998 loops=1)
                    Filter: ((company_id > 4270) AND (company_type_id = 1))
                    Rows Removed by Filter: 2020131
  ->  Index Scan using title_pkey on title t  (cost=0.43..0.67 rows=1 width=4) (actual time=0.012..0.012 rows=1 loops=24997)
        Index Cond: (id = mc.movie_id)
        Filter: (kind_id = 1)
        Rows Removed by Filter: 0
Planning time: 1.181 ms
Execution time: 2925.118 ms
