Hash Join  (cost=252469.64..822677.06 rows=8472349 width=0) (actual time=5565.651..35284.402 rows=78051455 loops=1)
  Hash Cond: (mi.movie_id = t.id)
  ->  Seq Scan on movie_info mi  (cost=0.00..309384.22 rows=14739122 width=4) (actual time=0.012..6284.171 rows=14835720 loops=1)
  ->  Hash  (cost=228623.53..228623.53 rows=1453449 width=8) (actual time=5564.526..5564.526 rows=1463813 loops=1)
        Buckets: 131072  Batches: 32  Memory Usage: 2880kB
        ->  Hash Join  (cost=102767.86..228623.53 rows=1453449 width=8) (actual time=2037.210..5156.561 rows=1463813 loops=1)
              Hash Cond: (mk.movie_id = t.id)
              ->  Seq Scan on movie_keyword mk  (cost=0.00..81003.12 rows=1453449 width=4) (actual time=0.020..1604.903 rows=1463813 loops=1)
                    Filter: (keyword_id > 11309)
                    Rows Removed by Filter: 3060117
              ->  Hash  (cost=61283.27..61283.27 rows=2528527 width=4) (actual time=2034.127..2034.127 rows=2528312 loops=1)
                    Buckets: 131072  Batches: 64  Memory Usage: 2425kB
                    ->  Seq Scan on title t  (cost=0.00..61283.27 rows=2528527 width=4) (actual time=0.009..1184.493 rows=2528312 loops=1)
Planning time: 1.107 ms
Execution time: 43390.616 ms
