Hash Join  (cost=182078.44..319892.73 rows=1297825 width=0) (actual time=4013.847..10253.918 rows=12828584 loops=1)
  Hash Cond: (mk.movie_id = t.id)
  ->  Seq Scan on movie_keyword mk  (cost=0.00..69693.30 rows=4523930 width=4) (actual time=0.015..1509.032 rows=4523930 loops=1)
  ->  Hash  (cost=170177.14..170177.14 rows=725384 width=8) (actual time=4012.454..4012.454 rows=572892 loops=1)
        Buckets: 131072  Batches: 16  Memory Usage: 2451kB
        ->  Hash Join  (cost=91123.00..170177.14 rows=725384 width=8) (actual time=1809.113..3835.063 rows=572892 loops=1)
              Hash Cond: (mc.movie_id = t.id)
              ->  Seq Scan on movie_companies mc  (cost=0.00..51404.11 rows=1279517 width=4) (actual time=0.015..959.774 rows=1274246 loops=1)
                    Filter: (company_type_id < 2)
                    Rows Removed by Filter: 1334883
              ->  Hash  (cost=67604.59..67604.59 rows=1433473 width=4) (actual time=1807.849..1807.849 rows=1434466 loops=1)
                    Buckets: 131072  Batches: 32  Memory Usage: 2600kB
                    ->  Seq Scan on title t  (cost=0.00..67604.59 rows=1433473 width=4) (actual time=0.017..1339.323 rows=1434466 loops=1)
                          Filter: (production_year > 1999)
                          Rows Removed by Filter: 1093846
Planning time: 1.697 ms
Execution time: 11649.145 ms
