Hash Join  (cost=110215.89..935405.86 rows=74207 width=0) (actual time=2412.320..14437.075 rows=141022 loops=1)
  Hash Cond: (ci.movie_id = t.id)
  ->  Seq Scan on cast_info ci  (cost=0.00..796071.18 rows=2427925 width=4) (actual time=438.988..11355.784 rows=3075207 loops=1)
        Filter: ((person_id < 410658) AND (role_id < 3))
        Rows Removed by Filter: 33169137
  ->  Hash  (cost=108947.86..108947.86 rows=77282 width=8) (actual time=1972.542..1972.542 rows=60683 loops=1)
        Buckets: 131072  Batches: 2  Memory Usage: 2208kB
        ->  Hash Join  (cost=69928.56..108947.86 rows=77282 width=8) (actual time=1035.733..1954.823 rows=60683 loops=1)
              Hash Cond: (mi_idx.movie_id = t.id)
              ->  Seq Scan on movie_info_idx mi_idx  (cost=0.00..21735.35 rows=1380035 width=4) (actual time=0.027..457.021 rows=1380035 loops=1)
              ->  Hash  (cost=67604.59..67604.59 rows=141598 width=4) (actual time=1034.187..1034.187 rows=141703 loops=1)
                    Buckets: 131072  Batches: 2  Memory Usage: 3511kB
                    ->  Seq Scan on title t  (cost=0.00..67604.59 rows=141598 width=4) (actual time=0.033..974.713 rows=141703 loops=1)
                          Filter: (production_year = 2010)
                          Rows Removed by Filter: 2386609
Planning time: 1.250 ms
Execution time: 14455.100 ms
