Hash Join  (cost=92883.59..1071373.75 rows=5685505 width=0) (actual time=5172.522..26726.569 rows=8772536 loops=1)
  Hash Cond: (ci.movie_id = t.id)
  ->  Seq Scan on cast_info ci  (cost=0.00..796071.18 rows=9330187 width=4) (actual time=3409.469..14915.187 rows=14539220 loops=1)
        Filter: ((person_id > 2205268) AND (role_id > 1))
        Rows Removed by Filter: 21705124
  ->  Hash  (cost=67604.59..67604.59 rows=1540800 width=4) (actual time=1761.505..1761.505 rows=1543264 loops=1)
        Buckets: 131072  Batches: 32  Memory Usage: 2722kB
        ->  Seq Scan on title t  (cost=0.00..67604.59 rows=1540800 width=4) (actual time=0.024..1271.048 rows=1543264 loops=1)
              Filter: (kind_id = 7)
              Rows Removed by Filter: 985048
Planning time: 3.198 ms
Execution time: 27666.066 ms
