Hash Join  (cost=125521.08..251704.01 rows=343089 width=0) (actual time=2753.868..7125.226 rows=4613188 loops=1)
  Hash Cond: (mk.movie_id = t.id)
  ->  Seq Scan on movie_keyword mk  (cost=0.00..69693.30 rows=4523930 width=4) (actual time=0.023..1436.999 rows=4523930 loops=1)
  ->  Hash  (cost=122374.08..122374.08 rows=191760 width=8) (actual time=2752.967..2752.967 rows=426415 loops=1)
        Buckets: 131072 (originally 131072)  Batches: 8 (originally 4)  Memory Usage: 3127kB
        ->  Hash Join  (cost=82581.58..122374.08 rows=191760 width=8) (actual time=1397.592..2617.665 rows=426415 loops=1)
              Hash Cond: (mi_idx.movie_id = t.id)
              ->  Seq Scan on movie_info_idx mi_idx  (cost=0.00..25185.44 rows=919057 width=4) (actual time=0.018..535.444 rows=920110 loops=1)
                    Filter: (info_type_id > 99)
                    Rows Removed by Filter: 459925
              ->  Hash  (cost=73925.90..73925.90 rows=527574 width=4) (actual time=1396.658..1396.658 rows=609532 loops=1)
                    Buckets: 131072  Batches: 8  Memory Usage: 3715kB
                    ->  Seq Scan on title t  (cost=0.00..73925.90 rows=527574 width=4) (actual time=0.029..1203.496 rows=609532 loops=1)
                          Filter: ((kind_id < 7) AND (production_year < 2005))
                          Rows Removed by Filter: 1918780
Planning time: 1.176 ms
Execution time: 7645.295 ms
