Hash Join  (cost=96184.51..228443.75 rows=1456591 width=0) (actual time=3519.492..5596.231 rows=338292 loops=1)
  Hash Cond: (mk.movie_id = t.id)
  ->  Seq Scan on movie_keyword mk  (cost=0.00..81003.12 rows=2714722 width=4) (actual time=0.020..1583.431 rows=2714040 loops=1)
        Filter: (keyword_id < 7670)
        Rows Removed by Filter: 1809890
  ->  Hash  (cost=73925.90..73925.90 rows=1356688 width=4) (actual time=1906.046..1906.046 rows=1327781 loops=1)
        Buckets: 131072  Batches: 32  Memory Usage: 2485kB
        ->  Seq Scan on title t  (cost=0.00..73925.90 rows=1356688 width=4) (actual time=0.018..1475.262 rows=1327781 loops=1)
              Filter: ((production_year < 2012) AND (kind_id = 7))
              Rows Removed by Filter: 1200531
Planning time: 0.849 ms
Execution time: 5632.046 ms
