Seq Scan on movie_keyword mk  (cost=0.00..81003.12 rows=2221205 width=0) (actual time=0.015..1428.613 rows=2212683 loops=1)
  Filter: (keyword_id > 4964)
  Rows Removed by Filter: 2311247
Planning time: 0.291 ms
Execution time: 1706.950 ms
