Hash Join  (cost=101504.95..853340.26 rows=104613 width=0) (actual time=1840.618..21027.990 rows=565723 loops=1)
  Hash Cond: (ci.movie_id = t.id)
  ->  Seq Scan on cast_info ci  (cost=0.00..614943.12 rows=36225612 width=4) (actual time=0.020..8873.028 rows=36244344 loops=1)
  ->  Hash  (cost=101413.68..101413.68 rows=7302 width=8) (actual time=1840.319..1840.319 rows=24637 loops=1)
        Buckets: 32768 (originally 8192)  Batches: 1 (originally 1)  Memory Usage: 1219kB
        ->  Hash Join  (cost=74426.55..101413.68 rows=7302 width=8) (actual time=1130.937..1831.767 rows=24637 loops=1)
              Hash Cond: (mi_idx.movie_id = t.id)
              ->  Seq Scan on movie_info_idx mi_idx  (cost=0.00..25185.44 rows=460978 width=4) (actual time=0.021..502.616 rows=459925 loops=1)
                    Filter: (info_type_id = 99)
                    Rows Removed by Filter: 920110
              ->  Hash  (cost=73925.90..73925.90 rows=40052 width=4) (actual time=1130.501..1130.501 rows=154718 loops=1)
                    Buckets: 131072 (originally 65536)  Batches: 2 (originally 1)  Memory Usage: 3743kB
                    ->  Seq Scan on title t  (cost=0.00..73925.90 rows=40052 width=4) (actual time=0.020..1072.664 rows=154718 loops=1)
                          Filter: ((production_year < 1947) AND (kind_id = 1))
                          Rows Removed by Filter: 2373594
Planning time: 1.322 ms
Execution time: 21107.452 ms
