Hash Join  (cost=87054.47..1238627.12 rows=11464349 width=0) (actual time=1423.723..37032.723 rows=12660762 loops=1)
  Hash Cond: (ci.movie_id = t.id)
  ->  Seq Scan on cast_info ci  (cost=0.00..614943.12 rows=36225612 width=4) (actual time=0.019..13062.700 rows=36244344 loops=1)
  ->  Hash  (cost=73925.90..73925.90 rows=800205 width=4) (actual time=1422.650..1422.650 rows=737685 loops=1)
        Buckets: 131072  Batches: 16  Memory Usage: 2644kB
        ->  Seq Scan on title t  (cost=0.00..73925.90 rows=800205 width=4) (actual time=0.019..1193.675 rows=737685 loops=1)
              Filter: ((kind_id < 4) AND (production_year > 1927))
              Rows Removed by Filter: 1790627
Planning time: 1.415 ms
Execution time: 38450.827 ms
