Seq Scan on cast_info ci  (cost=0.00..796071.18 rows=332 width=0) (actual time=5839.818..14365.271 rows=20 loops=1)
  Filter: ((role_id < 4) AND (person_id = 2236415))
  Rows Removed by Filter: 36244324
Planning time: 0.771 ms
Execution time: 14365.398 ms
