Seq Scan on cast_info ci  (cost=0.00..705507.15 rows=4714100 width=0) (actual time=671.943..11206.400 rows=4608229 loops=1)
  Filter: (person_id < 445925)
  Rows Removed by Filter: 31636115
Planning time: 0.338 ms
Execution time: 11768.638 ms
