Hash Join  (cost=100908.38..187594.80 rows=2838 width=0) (actual time=1766.115..3524.821 rows=50270 loops=1)
  Hash Cond: (mk.movie_id = t.id)
  ->  Seq Scan on movie_keyword mk  (cost=0.00..69693.30 rows=4523930 width=4) (actual time=0.027..973.442 rows=4523930 loops=1)
  ->  Hash  (cost=100888.56..100888.56 rows=1586 width=8) (actual time=1760.296..1760.296 rows=5995 loops=1)
        Buckets: 8192 (originally 2048)  Batches: 1 (originally 1)  Memory Usage: 299kB
        ->  Hash Join  (cost=73962.22..100888.56 rows=1586 width=8) (actual time=1150.130..1757.812 rows=5995 loops=1)
              Hash Cond: (mi_idx.movie_id = t.id)
              ->  Seq Scan on movie_info_idx mi_idx  (cost=0.00..21735.35 rows=1380035 width=4) (actual time=0.011..318.034 rows=1380035 loops=1)
              ->  Hash  (cost=73925.90..73925.90 rows=2905 width=4) (actual time=1148.019..1148.019 rows=5291 loops=1)
                    Buckets: 8192 (originally 4096)  Batches: 1 (originally 1)  Memory Usage: 251kB
                    ->  Seq Scan on title t  (cost=0.00..73925.90 rows=2905 width=4) (actual time=1.846..1145.312 rows=5291 loops=1)
                          Filter: ((kind_id < 7) AND (production_year = 1966))
                          Rows Removed by Filter: 2523021
Planning time: 1.160 ms
Execution time: 3531.245 ms
