Seq Scan on movie_keyword mk  (cost=0.00..81003.12 rows=246 width=0) (actual time=0.038..1212.877 rows=844 loops=1)
  Filter: (keyword_id = 2845)
  Rows Removed by Filter: 4523086
Planning time: 1.490 ms
Execution time: 1213.285 ms
