Hash Join  (cost=83073.16..833865.34 rows=298 width=0) (actual time=1345.638..16481.363 rows=42243 loops=1)
  Hash Cond: (ci.movie_id = t.id)
  ->  Seq Scan on cast_info ci  (cost=0.00..614943.12 rows=36225612 width=4) (actual time=0.014..8195.269 rows=36244344 loops=1)
  ->  Hash  (cost=83072.90..83072.90 rows=21 width=8) (actual time=1345.423..1345.423 rows=862 loops=1)
        Buckets: 1024  Batches: 1  Memory Usage: 42kB
        ->  Nested Loop  (cost=0.43..83072.90 rows=21 width=8) (actual time=0.556..1344.769 rows=862 loops=1)
              ->  Seq Scan on movie_keyword mk  (cost=0.00..81003.12 rows=246 width=4) (actual time=0.508..1276.356 rows=2121 loops=1)
                    Filter: (keyword_id = 1661)
                    Rows Removed by Filter: 4521809
              ->  Index Scan using title_pkey on title t  (cost=0.43..8.40 rows=1 width=4) (actual time=0.031..0.031 rows=0 loops=2121)
                    Index Cond: (id = mk.movie_id)
                    Filter: ((production_year < 1995) AND (kind_id = 1))
                    Rows Removed by Filter: 1
Planning time: 1.276 ms
Execution time: 16490.713 ms
