Seq Scan on cast_info ci  (cost=0.00..705507.15 rows=17504312 width=0) (actual time=0.022..11025.009 rows=17624557 loops=1)
  Filter: (person_id > 1853518)
  Rows Removed by Filter: 18619787
Planning time: 0.338 ms
Execution time: 13184.333 ms
