Nested Loop  (cost=0.43..83072.90 rows=139 width=0) (actual time=1099.644..1187.919 rows=1 loops=1)
  ->  Seq Scan on movie_keyword mk  (cost=0.00..81003.12 rows=246 width=4) (actual time=1099.568..1187.841 rows=1 loops=1)
        Filter: (keyword_id = 47249)
        Rows Removed by Filter: 4523929
  ->  Index Scan using title_pkey on title t  (cost=0.43..8.40 rows=1 width=4) (actual time=0.063..0.064 rows=1 loops=1)
        Index Cond: (id = mk.movie_id)
        Filter: ((production_year > 1930) AND (kind_id = 7))
Planning time: 0.789 ms
Execution time: 1188.020 ms
