Hash Join  (cost=100908.38..155590.28 rows=1636 width=0) (actual time=1736.501..2897.392 rows=19170 loops=1)
  Hash Cond: (mc.movie_id = t.id)
  ->  Seq Scan on movie_companies mc  (cost=0.00..44881.29 rows=2609129 width=4) (actual time=0.011..649.508 rows=2609129 loops=1)
  ->  Hash  (cost=100888.56..100888.56 rows=1586 width=8) (actual time=1735.942..1735.942 rows=5995 loops=1)
        Buckets: 8192 (originally 2048)  Batches: 1 (originally 1)  Memory Usage: 299kB
        ->  Hash Join  (cost=73962.22..100888.56 rows=1586 width=8) (actual time=1093.025..1733.376 rows=5995 loops=1)
              Hash Cond: (mi_idx.movie_id = t.id)
              ->  Seq Scan on movie_info_idx mi_idx  (cost=0.00..21735.35 rows=1380035 width=4) (actual time=0.024..355.690 rows=1380035 loops=1)
              ->  Hash  (cost=73925.90..73925.90 rows=2905 width=4) (actual time=1092.777..1092.777 rows=5291 loops=1)
                    Buckets: 8192 (originally 4096)  Batches: 1 (originally 1)  Memory Usage: 251kB
                    ->  Seq Scan on title t  (cost=0.00..73925.90 rows=2905 width=4) (actual time=1.445..1090.022 rows=5291 loops=1)
                          Filter: ((kind_id < 7) AND (production_year = 1966))
                          Rows Removed by Filter: 2523021
Planning time: 1.200 ms
Execution time: 2900.345 ms
