Hash Join  (cost=159069.51..990817.56 rows=25658 width=0) (actual time=2674.110..22145.999 rows=7252 loops=1)
  Hash Cond: (ci.movie_id = t.id)
  ->  Seq Scan on cast_info ci  (cost=0.00..705507.15 rows=33595824 width=4) (actual time=0.013..13784.848 rows=33654419 loops=1)
        Filter: (person_id > 249401)
        Rows Removed by Filter: 2589925
  ->  Hash  (cost=159045.37..159045.37 rows=1931 width=8) (actual time=2648.942..2648.942 rows=455 loops=1)
        Buckets: 2048  Batches: 1  Memory Usage: 34kB
        ->  Hash Join  (cost=73982.55..159045.37 rows=1931 width=8) (actual time=2213.353..2648.652 rows=455 loops=1)
              Hash Cond: (mk.movie_id = t.id)
              ->  Seq Scan on movie_keyword mk  (cost=0.00..81003.12 rows=1077434 width=4) (actual time=0.017..1349.817 rows=1088237 loops=1)
                    Filter: (keyword_id > 16264)
                    Rows Removed by Filter: 3435693
              ->  Hash  (cost=73925.90..73925.90 rows=4532 width=4) (actual time=1108.173..1108.173 rows=6560 loops=1)
                    Buckets: 8192  Batches: 1  Memory Usage: 295kB
                    ->  Seq Scan on title t  (cost=0.00..73925.90 rows=4532 width=4) (actual time=0.050..1105.004 rows=6560 loops=1)
                          Filter: ((kind_id = 7) AND (production_year = 1963))
                          Rows Removed by Filter: 2521752
Planning time: 1.275 ms
Execution time: 22147.967 ms
