Hash Join  (cost=73958.88..100883.76 rows=1440 width=0) (actual time=1102.259..1699.191 rows=3822 loops=1)
  Hash Cond: (mi_idx.movie_id = t.id)
  ->  Seq Scan on movie_info_idx mi_idx  (cost=0.00..21735.35 rows=1380035 width=4) (actual time=0.025..325.714 rows=1380035 loops=1)
  ->  Hash  (cost=73925.90..73925.90 rows=2638 width=4) (actual time=1101.404..1101.404 rows=4094 loops=1)
        Buckets: 4096  Batches: 1  Memory Usage: 176kB
        ->  Seq Scan on title t  (cost=0.00..73925.90 rows=2638 width=4) (actual time=222.485..1099.527 rows=4094 loops=1)
              Filter: ((kind_id = 4) AND (production_year = 2001))
              Rows Removed by Filter: 2524218
Planning time: 0.861 ms
Execution time: 1699.848 ms
