Hash Join  (cost=88195.18..215935.76 rows=993632 width=0) (actual time=1532.117..5819.205 rows=2358344 loops=1)
  Hash Cond: (mk.movie_id = t.id)
  ->  Seq Scan on movie_keyword mk  (cost=0.00..81003.12 rows=2888836 width=4) (actual time=0.019..1598.982 rows=2878344 loops=1)
        Filter: (keyword_id > 2497)
        Rows Removed by Filter: 1645586
  ->  Hash  (cost=73925.90..73925.90 rows=869702 width=4) (actual time=1531.165..1531.165 rows=896788 loops=1)
        Buckets: 131072  Batches: 16  Memory Usage: 3007kB
        ->  Seq Scan on title t  (cost=0.00..73925.90 rows=869702 width=4) (actual time=0.022..1238.213 rows=896788 loops=1)
              Filter: ((kind_id < 7) AND (production_year < 2012))
              Rows Removed by Filter: 1631524
Planning time: 0.749 ms
Execution time: 6096.454 ms
