Hash Join  (cost=67841.64..433603.01 rows=110544 width=0) (actual time=1437.039..8636.716 rows=158256 loops=1)
  Hash Cond: (mi.movie_id = t.id)
  ->  Seq Scan on movie_info mi  (cost=0.00..309384.22 rows=14739122 width=4) (actual time=0.020..4200.789 rows=14835720 loops=1)
  ->  Hash  (cost=67604.59..67604.59 rows=18964 width=4) (actual time=1133.000..1133.000 rows=16892 loops=1)
        Buckets: 32768  Batches: 1  Memory Usage: 850kB
        ->  Seq Scan on title t  (cost=0.00..67604.59 rows=18964 width=4) (actual time=207.194..1126.115 rows=16892 loops=1)
              Filter: (production_year < 1907)
              Rows Removed by Filter: 2511420
Planning time: 0.811 ms
Execution time: 8659.327 ms
