Hash Join  (cost=68426.36..865550.58 rows=6828 width=0) (actual time=7587.301..12181.503 rows=65047 loops=1)
  Hash Cond: (ci.movie_id = t.id)
  ->  Seq Scan on cast_info ci  (cost=0.00..796071.18 rows=262603 width=4) (actual time=6364.895..10355.306 rows=2061425 loops=1)
        Filter: ((person_id > 3624079) AND (role_id = 10))
        Rows Removed by Filter: 34182919
  ->  Hash  (cost=67604.59..67604.59 rows=65742 width=4) (actual time=1221.452..1221.452 rows=63827 loops=1)
        Buckets: 131072  Batches: 1  Memory Usage: 3268kB
        ->  Seq Scan on title t  (cost=0.00..67604.59 rows=65742 width=4) (actual time=0.018..1193.668 rows=63827 loops=1)
              Filter: (production_year = 2013)
              Rows Removed by Filter: 2464485
Planning time: 0.824 ms
Execution time: 12191.633 ms
