Hash Join  (cost=75288.02..113758.33 rows=45283 width=0) (actual time=1306.601..2370.813 rows=108178 loops=1)
  Hash Cond: (mi_idx.movie_id = t.id)
  ->  Seq Scan on movie_info_idx mi_idx  (cost=0.00..21735.35 rows=1380035 width=4) (actual time=0.015..464.064 rows=1380035 loops=1)
  ->  Hash  (cost=73925.90..73925.90 rows=82969 width=4) (actual time=1305.851..1305.851 rows=183816 loops=1)
        Buckets: 131072 (originally 131072)  Batches: 4 (originally 2)  Memory Usage: 3073kB
        ->  Seq Scan on title t  (cost=0.00..73925.90 rows=82969 width=4) (actual time=0.027..1096.782 rows=183816 loops=1)
              Filter: ((kind_id < 7) AND (production_year < 1957))
              Rows Removed by Filter: 2344496
Planning time: 0.779 ms
Execution time: 2385.548 ms
