Hash Join  (cost=81529.26..152555.11 rows=243670 width=0) (actual time=1331.458..3057.645 rows=190364 loops=1)
  Hash Cond: (mc.movie_id = t.id)
  ->  Seq Scan on movie_companies mc  (cost=0.00..51404.11 rows=1329612 width=4) (actual time=0.015..1018.519 rows=1334883 loops=1)
        Filter: (company_type_id > 1)
        Rows Removed by Filter: 1274246
  ->  Hash  (cost=73925.90..73925.90 rows=463388 width=4) (actual time=1330.227..1330.227 rows=321767 loops=1)
        Buckets: 131072  Batches: 8  Memory Usage: 2430kB
        ->  Seq Scan on title t  (cost=0.00..73925.90 rows=463388 width=4) (actual time=0.020..1222.275 rows=321767 loops=1)
              Filter: ((kind_id > 1) AND (production_year < 1987))
              Rows Removed by Filter: 2206545
Planning time: 0.834 ms
Execution time: 3082.043 ms
