Hash Join  (cost=203788.15..272235.11 rows=126766 width=0) (actual time=4188.942..6066.195 rows=1196415 loops=1)
  Hash Cond: (mc.movie_id = t.id)
  ->  Seq Scan on movie_companies mc  (cost=0.00..51404.11 rows=1279517 width=4) (actual time=0.011..1042.748 rows=1274246 loops=1)
        Filter: (company_type_id = 1)
        Rows Removed by Filter: 1334883
  ->  Hash  (cost=199677.77..199677.77 rows=250510 width=8) (actual time=4188.236..4188.236 rows=268261 loops=1)
        Buckets: 131072  Batches: 4  Memory Usage: 3661kB
        ->  Hash Join  (cost=102767.86..199677.77 rows=250510 width=8) (actual time=2058.009..4103.207 rows=268261 loops=1)
              Hash Cond: (mk.movie_id = t.id)
              ->  Seq Scan on movie_keyword mk  (cost=0.00..81003.12 rows=250510 width=4) (actual time=0.019..1363.776 rows=268261 loops=1)
                    Filter: (keyword_id < 230)
                    Rows Removed by Filter: 4255669
              ->  Hash  (cost=61283.27..61283.27 rows=2528527 width=4) (actual time=2055.431..2055.431 rows=2528312 loops=1)
                    Buckets: 131072  Batches: 64  Memory Usage: 2425kB
                    ->  Seq Scan on title t  (cost=0.00..61283.27 rows=2528527 width=4) (actual time=0.010..1202.011 rows=2528312 loops=1)
Planning time: 0.725 ms
Execution time: 6198.139 ms
