Hash Join  (cost=112498.87..952543.29 rows=157288 width=0) (actual time=5755.008..16694.078 rows=6 loops=1)
  Hash Cond: (ci.movie_id = t.id)
  ->  Seq Scan on cast_info ci  (cost=0.00..796071.18 rows=11306764 width=4) (actual time=0.022..13132.999 rows=9085348 loops=1)
        Filter: ((person_id > 2308828) AND (role_id < 9))
        Rows Removed by Filter: 27158996
  ->  Hash  (cost=112059.20..112059.20 rows=35174 width=8) (actual time=2024.361..2024.361 rows=6 loops=1)
        Buckets: 65536  Batches: 1  Memory Usage: 513kB
        ->  Hash Join  (cost=75514.55..112059.20 rows=35174 width=8) (actual time=1305.965..2024.301 rows=6 loops=1)
              Hash Cond: (mi_idx.movie_id = t.id)
              ->  Seq Scan on movie_info_idx mi_idx  (cost=0.00..25185.44 rows=919057 width=4) (actual time=0.024..513.443 rows=920110 loops=1)
                    Filter: (info_type_id > 99)
                    Rows Removed by Filter: 459925
              ->  Hash  (cost=73925.90..73925.90 rows=96772 width=4) (actual time=1240.036..1240.036 rows=31 loops=1)
                    Buckets: 131072  Batches: 2  Memory Usage: 1025kB
                    ->  Seq Scan on title t  (cost=0.00..73925.90 rows=96772 width=4) (actual time=81.607..1239.907 rows=31 loops=1)
                          Filter: ((kind_id > 1) AND (production_year < 1937))
                          Rows Removed by Filter: 2528281
Planning time: 2.347 ms
Execution time: 16694.318 ms
