Hash Join  (cost=78556.72..178667.19 rows=306692 width=0) (actual time=1542.750..4074.375 rows=423161 loops=1)
  Hash Cond: (mk.movie_id = t.id)
  ->  Seq Scan on movie_keyword mk  (cost=0.00..81003.12 rows=1161713 width=4) (actual time=0.024..1466.990 rows=1174960 loops=1)
        Filter: (keyword_id > 15855)
        Rows Removed by Filter: 3348970
  ->  Hash  (cost=67604.59..67604.59 rows=667531 width=4) (actual time=1541.933..1541.933 rows=662834 loops=1)
        Buckets: 131072  Batches: 16  Memory Usage: 2485kB
        ->  Seq Scan on title t  (cost=0.00..67604.59 rows=667531 width=4) (actual time=0.020..1306.714 rows=662834 loops=1)
              Filter: (production_year < 1989)
              Rows Removed by Filter: 1865478
Planning time: 0.959 ms
Execution time: 4129.783 ms
