Hash Join  (cost=117720.05..944244.34 rows=95496 width=0) (actual time=7406.314..15645.754 rows=18219 loops=1)
  Hash Cond: (ci.movie_id = t.id)
  ->  Seq Scan on cast_info ci  (cost=0.00..796071.18 rows=2518705 width=4) (actual time=5407.430..13020.499 rows=1238178 loops=1)
        Filter: ((person_id < 1028117) AND (role_id > 5))
        Rows Removed by Filter: 35006166
  ->  Hash  (cost=116146.70..116146.70 rows=95868 width=8) (actual time=1994.799..1994.799 rows=22776 loops=1)
        Buckets: 131072  Batches: 2  Memory Usage: 1473kB
        ->  Hash Join  (cost=76808.54..116146.70 rows=95868 width=8) (actual time=1093.610..1987.267 rows=22776 loops=1)
              Hash Cond: (mi_idx.movie_id = t.id)
              ->  Seq Scan on movie_info_idx mi_idx  (cost=0.00..21735.35 rows=1380035 width=4) (actual time=0.017..389.860 rows=1380035 loops=1)
              ->  Hash  (cost=73925.90..73925.90 rows=175651 width=4) (actual time=1092.422..1092.422 rows=72638 loops=1)
                    Buckets: 131072  Batches: 4  Memory Usage: 1661kB
                    ->  Seq Scan on title t  (cost=0.00..73925.90 rows=175651 width=4) (actual time=0.025..1066.076 rows=72638 loops=1)
                          Filter: ((production_year < 1964) AND (kind_id = 7))
                          Rows Removed by Filter: 2455674
Planning time: 0.828 ms
Execution time: 15648.417 ms
