Hash Join  (cost=102767.86..248722.39 rows=2288702 width=0) (actual time=2068.043..5725.384 rows=2289540 loops=1)
  Hash Cond: (mk.movie_id = t.id)
  ->  Seq Scan on movie_keyword mk  (cost=0.00..81003.12 rows=2288702 width=4) (actual time=0.031..1644.830 rows=2289540 loops=1)
        Filter: (keyword_id < 4882)
        Rows Removed by Filter: 2234390
  ->  Hash  (cost=61283.27..61283.27 rows=2528527 width=4) (actual time=2066.771..2066.771 rows=2528312 loops=1)
        Buckets: 131072  Batches: 64  Memory Usage: 2425kB
        ->  Seq Scan on title t  (cost=0.00..61283.27 rows=2528527 width=4) (actual time=0.013..1191.373 rows=2528312 loops=1)
Planning time: 0.753 ms
Execution time: 5966.821 ms
