Seq Scan on movie_keyword mk  (cost=0.00..81003.12 rows=246 width=0) (actual time=0.859..1318.935 rows=625 loops=1)
  Filter: (keyword_id = 5261)
  Rows Removed by Filter: 4523305
Planning time: 0.373 ms
Execution time: 1319.287 ms
