Seq Scan on cast_info ci  (cost=0.00..796071.18 rows=23223682 width=0) (actual time=3096.260..17997.871 rows=23125939 loops=1)
  Filter: ((person_id < 3976627) AND (role_id > 1))
  Rows Removed by Filter: 13118405
Planning time: 4.937 ms
Execution time: 20863.743 ms
