Hash Join  (cost=70107.22..97025.93 rows=822 width=0) (actual time=914.747..1474.044 rows=3890 loops=1)
  Hash Cond: (mi_idx.movie_id = t.id)
  ->  Seq Scan on movie_info_idx mi_idx  (cost=0.00..21735.35 rows=1380035 width=4) (actual time=0.023..303.584 rows=1380035 loops=1)
  ->  Hash  (cost=70088.39..70088.39 rows=1507 width=8) (actual time=914.591..914.591 rows=2411 loops=1)
        Buckets: 4096 (originally 2048)  Batches: 1 (originally 1)  Memory Usage: 127kB
        ->  Nested Loop  (cost=0.43..70088.39 rows=1507 width=8) (actual time=108.666..913.249 rows=2411 loops=1)
              ->  Seq Scan on movie_companies mc  (cost=0.00..57926.93 rows=1507 width=4) (actual time=108.570..835.906 rows=2411 loops=1)
                    Filter: ((company_id = 68) AND (company_type_id = 2))
                    Rows Removed by Filter: 2606718
              ->  Index Only Scan using title_pkey on title t  (cost=0.43..8.06 rows=1 width=4) (actual time=0.031..0.031 rows=1 loops=2411)
                    Index Cond: (id = mc.movie_id)
                    Heap Fetches: 2411
Planning time: 1.163 ms
Execution time: 1474.830 ms
