Hash Join  (cost=575416.27..1973519.41 rows=13422985 width=0) (actual time=14831.257..50406.400 rows=21833114 loops=1)
  Hash Cond: (ci.movie_id = t.id)
  ->  Seq Scan on cast_info ci  (cost=0.00..614943.12 rows=36225612 width=4) (actual time=0.020..13524.097 rows=36244344 loops=1)
  ->  Hash  (cost=560044.81..560044.81 rows=936917 width=8) (actual time=14830.430..14830.430 rows=741934 loops=1)
        Buckets: 131072  Batches: 16  Memory Usage: 2884kB
        ->  Hash Join  (cost=70241.71..560044.81 rows=936917 width=8) (actual time=1297.987..13975.303 rows=741934 loops=1)
              Hash Cond: (mi.movie_id = t.id)
              ->  Seq Scan on movie_info mi  (cost=0.00..309384.22 rows=14739122 width=4) (actual time=0.019..6143.524 rows=14835720 loops=1)
              ->  Hash  (cost=67604.59..67604.59 rows=160730 width=4) (actual time=1297.323..1297.323 rows=160017 loops=1)
                    Buckets: 131072  Batches: 4  Memory Usage: 2442kB
                    ->  Seq Scan on title t  (cost=0.00..67604.59 rows=160730 width=4) (actual time=0.020..1238.188 rows=160017 loops=1)
                          Filter: (production_year = 2011)
                          Rows Removed by Filter: 2368295
Planning time: 0.772 ms
Execution time: 52841.739 ms
