Hash Join  (cost=796748.78..1166349.44 rows=197 width=0) (actual time=13589.703..19498.349 rows=1199 loops=1)
  Hash Cond: (mi.movie_id = t.id)
  ->  Seq Scan on movie_info mi  (cost=0.00..346232.03 rows=6231111 width=4) (actual time=702.805..5837.475 rows=6223494 loops=1)
        Filter: (info_type_id > 8)
        Rows Removed by Filter: 8612226
  ->  Hash  (cost=796747.78..796747.78 rows=80 width=8) (actual time=12766.610..12766.610 rows=13 loops=1)
        Buckets: 1024  Batches: 1  Memory Usage: 9kB
        ->  Nested Loop  (cost=0.43..796747.78 rows=80 width=8) (actual time=6056.380..12766.562 rows=13 loops=1)
              ->  Seq Scan on cast_info ci  (cost=0.00..796071.18 rows=80 width=4) (actual time=6056.204..12766.110 rows=13 loops=1)
                    Filter: ((role_id > 8) AND (person_id = 2789720))
                    Rows Removed by Filter: 36244331
              ->  Index Only Scan using title_pkey on title t  (cost=0.43..8.45 rows=1 width=4) (actual time=0.026..0.026 rows=1 loops=13)
                    Index Cond: (id = ci.movie_id)
                    Heap Fetches: 13
Planning time: 1.173 ms
Execution time: 19498.683 ms
