Hash Join  (cost=709676.96..1104408.27 rows=1560 width=0) (actual time=12077.305..18179.210 rows=380 loops=1)
  Hash Cond: (mi.movie_id = t.id)
  ->  Seq Scan on movie_info mi  (cost=0.00..346232.03 rows=12928982 width=4) (actual time=0.020..5659.384 rows=12970088 loops=1)
        Filter: (info_type_id < 18)
        Rows Removed by Filter: 1865632
  ->  Hash  (cost=709673.15..709673.15 rows=305 width=8) (actual time=10789.865..10789.865 rows=348 loops=1)
        Buckets: 1024  Batches: 1  Memory Usage: 22kB
        ->  Nested Loop  (cost=0.43..709673.15 rows=305 width=8) (actual time=1793.966..10789.667 rows=348 loops=1)
              ->  Seq Scan on cast_info ci  (cost=0.00..705507.15 rows=500 width=4) (actual time=1793.519..10784.277 rows=362 loops=1)
                    Filter: (person_id = 449006)
                    Rows Removed by Filter: 36243982
              ->  Index Scan using title_pkey on title t  (cost=0.43..8.32 rows=1 width=4) (actual time=0.014..0.014 rows=1 loops=362)
                    Index Cond: (id = ci.movie_id)
                    Filter: (kind_id = 7)
                    Rows Removed by Filter: 0
Planning time: 1.334 ms
Execution time: 18179.432 ms
