Seq Scan on movie_companies mc  (cost=0.00..57926.93 rows=247612 width=0) (actual time=0.024..901.105 rows=489758 loops=1)
  Filter: ((company_id > 74769) AND (company_type_id > 1))
  Rows Removed by Filter: 2119371
Planning time: 0.334 ms
Execution time: 962.526 ms
