Seq Scan on cast_info ci  (cost=0.00..796071.18 rows=2535959 width=0) (actual time=5047.095..13652.147 rows=815481 loops=1)
  Filter: ((person_id < 2131893) AND (role_id = 10))
  Rows Removed by Filter: 35428863
Planning time: 0.430 ms
Execution time: 13755.654 ms
