Hash Join  (cost=130095.47..969564.72 rows=190161 width=0) (actual time=1855.199..21681.289 rows=822436 loops=1)
  Hash Cond: (ci.movie_id = t.id)
  ->  Seq Scan on cast_info ci  (cost=0.00..796071.18 rows=11065722 width=4) (actual time=0.017..16266.077 rows=12670688 loops=1)
        Filter: ((person_id < 3202060) AND (role_id = 1))
        Rows Removed by Filter: 23573656
  ->  Hash  (cost=129552.32..129552.32 rows=43452 width=8) (actual time=1854.751..1854.751 rows=71217 loops=1)
        Buckets: 131072 (originally 65536)  Batches: 1 (originally 1)  Memory Usage: 3806kB
        ->  Hash Join  (cost=74452.28..129552.32 rows=43452 width=8) (actual time=1137.204..1834.605 rows=71217 loops=1)
              Hash Cond: (mc.movie_id = t.id)
              ->  Seq Scan on movie_companies mc  (cost=0.00..44881.29 rows=2609129 width=4) (actual time=0.016..264.453 rows=2609129 loops=1)
              ->  Hash  (cost=73925.90..73925.90 rows=42110 width=4) (actual time=1136.851..1136.851 rows=33905 loops=1)
                    Buckets: 65536  Batches: 1  Memory Usage: 1704kB
                    ->  Seq Scan on title t  (cost=0.00..73925.90 rows=42110 width=4) (actual time=0.099..1122.909 rows=33905 loops=1)
                          Filter: ((kind_id < 7) AND (production_year = 2006))
                          Rows Removed by Filter: 2494407
Planning time: 1.228 ms
Execution time: 21786.873 ms
