Hash Join  (cost=190266.47..1416627.02 rows=18744639 width=0) (actual time=4462.146..46083.823 rows=40830939 loops=1)
  Hash Cond: (ci.movie_id = t.id)
  ->  Seq Scan on cast_info ci  (cost=0.00..614943.12 rows=36225612 width=4) (actual time=0.027..13422.978 rows=36244344 loops=1)
  ->  Hash  (cost=168800.91..168800.91 rows=1308365 width=8) (actual time=4461.247..4461.247 rows=1366172 loops=1)
        Buckets: 131072  Batches: 32  Memory Usage: 2691kB
        ->  Hash Join  (cost=106934.74..168800.91 rows=1308365 width=8) (actual time=2212.999..4071.292 rows=1366172 loops=1)
              Hash Cond: (mi_idx.movie_id = t.id)
              ->  Seq Scan on movie_info_idx mi_idx  (cost=0.00..21735.35 rows=1380035 width=4) (actual time=0.035..449.825 rows=1380035 loops=1)
              ->  Hash  (cost=67604.59..67604.59 rows=2397212 width=4) (actual time=2211.657..2211.657 rows=2388701 loops=1)
                    Buckets: 131072  Batches: 32  Memory Usage: 3650kB
                    ->  Seq Scan on title t  (cost=0.00..67604.59 rows=2397212 width=4) (actual time=0.016..1452.863 rows=2388701 loops=1)
                          Filter: (production_year > 1915)
                          Rows Removed by Filter: 139611
Planning time: 1.122 ms
Execution time: 50632.285 ms
