Seq Scan on movie_companies mc  (cost=0.00..57926.93 rows=361739 width=40) (actual time=92.747..688.718 rows=48706 loops=1)
  Filter: ((company_id > 38382) AND (company_type_id = 1))
  Rows Removed by Filter: 2560423
Planning time: 0.461 ms
Execution time: 691.763 ms
