Hash Join  (cost=228725.10..1289884.27 rows=8055070 width=0) (actual time=7187.966..37246.706 rows=22609029 loops=1)
  Hash Cond: (ci.movie_id = t.id)
  ->  Seq Scan on cast_info ci  (cost=0.00..705507.15 rows=23499554 width=4) (actual time=2561.748..15849.504 rows=23573656 loops=1)
        Filter: (role_id > 1)
        Rows Removed by Filter: 12670688
  ->  Hash  (cost=214505.13..214505.13 rows=866717 width=8) (actual time=4625.257..4625.257 rows=866635 loops=1)
        Buckets: 131072  Batches: 16  Memory Usage: 3166kB
        ->  Hash Join  (cost=102767.86..214505.13 rows=866717 width=8) (actual time=1907.575..4377.011 rows=866635 loops=1)
              Hash Cond: (mk.movie_id = t.id)
              ->  Seq Scan on movie_keyword mk  (cost=0.00..81003.12 rows=866717 width=4) (actual time=0.038..1355.505 rows=866635 loops=1)
                    Filter: (keyword_id < 825)
                    Rows Removed by Filter: 3657295
              ->  Hash  (cost=61283.27..61283.27 rows=2528527 width=4) (actual time=1906.325..1906.325 rows=2528312 loops=1)
                    Buckets: 131072  Batches: 64  Memory Usage: 2425kB
                    ->  Seq Scan on title t  (cost=0.00..61283.27 rows=2528527 width=4) (actual time=0.017..1027.124 rows=2528312 loops=1)
Planning time: 2.347 ms
Execution time: 39615.116 ms
