Hash Join  (cost=75411.94..1130377.19 rows=1048908 width=0) (actual time=1107.914..28134.714 rows=1012852 loops=1)
  Hash Cond: (ci.movie_id = t.id)
  ->  Seq Scan on cast_info ci  (cost=0.00..705507.15 rows=29285604 width=4) (actual time=0.024..15426.937 rows=29231461 loops=1)
        Filter: (person_id < 2964008)
        Rows Removed by Filter: 7012883
  ->  Hash  (cost=73925.90..73925.90 rows=90563 width=4) (actual time=1107.136..1107.136 rows=80990 loops=1)
        Buckets: 131072  Batches: 2  Memory Usage: 2450kB
        ->  Seq Scan on title t  (cost=0.00..73925.90 rows=90563 width=4) (actual time=0.024..1038.344 rows=80990 loops=1)
              Filter: ((kind_id < 7) AND (production_year > 2011))
              Rows Removed by Filter: 2447322
Planning time: 0.788 ms
Execution time: 28277.089 ms
