Hash Join  (cost=102767.86..197248.94 rows=1379629 width=0) (actual time=1801.607..4307.226 rows=1366826 loops=1)
  Hash Cond: (mc.movie_id = t.id)
  ->  Seq Scan on movie_companies mc  (cost=0.00..51404.11 rows=1379629 width=4) (actual time=0.025..1039.300 rows=1366826 loops=1)
        Filter: (company_id < 11761)
        Rows Removed by Filter: 1242303
  ->  Hash  (cost=61283.27..61283.27 rows=2528527 width=4) (actual time=1800.725..1800.725 rows=2528312 loops=1)
        Buckets: 131072  Batches: 64  Memory Usage: 2415kB
        ->  Seq Scan on title t  (cost=0.00..61283.27 rows=2528527 width=4) (actual time=0.018..929.083 rows=2528312 loops=1)
Planning time: 0.779 ms
Execution time: 4458.714 ms
