Seq Scan on cast_info ci  (cost=0.00..705507.15 rows=19970407 width=0) (actual time=2377.995..12717.057 rows=20120445 loops=1)
  Filter: (person_id > 1597386)
  Rows Removed by Filter: 16123899
Planning time: 6.875 ms
Execution time: 15238.071 ms
