Hash Join  (cost=197530.93..242970.72 rows=451531 width=0) (actual time=4241.030..6154.853 rows=1164371 loops=1)
  Hash Cond: (mi_idx.movie_id = t.id)
  ->  Seq Scan on movie_info_idx mi_idx  (cost=0.00..21735.35 rows=1380035 width=4) (actual time=0.008..469.502 rows=1380035 loops=1)
  ->  Hash  (cost=183957.64..183957.64 rows=827303 width=8) (actual time=4240.204..4240.204 rows=836185 loops=1)
        Buckets: 131072  Batches: 16  Memory Usage: 3076kB
        ->  Hash Join  (cost=102767.86..183957.64 rows=827303 width=8) (actual time=1944.777..4004.974 rows=836185 loops=1)
              Hash Cond: (mc.movie_id = t.id)
              ->  Seq Scan on movie_companies mc  (cost=0.00..51404.11 rows=827303 width=4) (actual time=0.022..946.027 rows=836185 loops=1)
                    Filter: (company_id > 26651)
                    Rows Removed by Filter: 1772944
              ->  Hash  (cost=61283.27..61283.27 rows=2528527 width=4) (actual time=1943.263..1943.263 rows=2528312 loops=1)
                    Buckets: 131072  Batches: 64  Memory Usage: 2415kB
                    ->  Seq Scan on title t  (cost=0.00..61283.27 rows=2528527 width=4) (actual time=0.020..1126.858 rows=2528312 loops=1)
Planning time: 1.226 ms
Execution time: 6300.296 ms
