Hash Join  (cost=73962.22..170098.19 rows=4622 width=0) (actual time=1382.628..3280.132 rows=14997 loops=1)
  Hash Cond: (mk.movie_id = t.id)
  ->  Seq Scan on movie_keyword mk  (cost=0.00..81003.12 rows=4023101 width=4) (actual time=0.025..1559.652 rows=4021296 loops=1)
        Filter: (keyword_id > 364)
        Rows Removed by Filter: 502634
  ->  Hash  (cost=73925.90..73925.90 rows=2905 width=4) (actual time=1141.595..1141.595 rows=2507 loops=1)
        Buckets: 4096  Batches: 1  Memory Usage: 121kB
        ->  Seq Scan on title t  (cost=0.00..73925.90 rows=2905 width=4) (actual time=150.424..1140.296 rows=2507 loops=1)
              Filter: ((kind_id < 7) AND (production_year = 1931))
              Rows Removed by Filter: 2525805
Planning time: 0.557 ms
Execution time: 3282.280 ms
