Hash Join  (cost=206113.85..280702.28 rows=230492 width=0) (actual time=4174.772..5416.156 rows=79767 loops=1)
  Hash Cond: (mc.movie_id = t.id)
  ->  Seq Scan on movie_companies mc  (cost=0.00..57926.93 rows=1054821 width=4) (actual time=212.701..1113.292 rows=790943 loops=1)
        Filter: ((company_id < 72075) AND (company_type_id > 1))
        Rows Removed by Filter: 1818186
  ->  Hash  (cost=197048.40..197048.40 rows=552516 width=8) (actual time=3924.212..3924.212 rows=148893 loops=1)
        Buckets: 131072  Batches: 8  Memory Usage: 1756kB
        ->  Hash Join  (cost=92883.59..197048.40 rows=552516 width=8) (actual time=2853.456..3883.399 rows=148893 loops=1)
              Hash Cond: (mk.movie_id = t.id)
              ->  Seq Scan on movie_keyword mk  (cost=0.00..81003.12 rows=906705 width=4) (actual time=0.030..1414.830 rows=902496 loops=1)
                    Filter: (keyword_id > 20450)
                    Rows Removed by Filter: 3621434
              ->  Hash  (cost=67604.59..67604.59 rows=1540800 width=4) (actual time=1785.699..1785.699 rows=1543264 loops=1)
                    Buckets: 131072  Batches: 32  Memory Usage: 2728kB
                    ->  Seq Scan on title t  (cost=0.00..67604.59 rows=1540800 width=4) (actual time=0.022..1093.761 rows=1543264 loops=1)
                          Filter: (kind_id = 7)
                          Rows Removed by Filter: 985048
Planning time: 1.424 ms
Execution time: 5425.344 ms
