Nested Loop  (cost=0.43..83072.29 rows=6 width=0) (actual time=57.153..1254.913 rows=6 loops=1)
  ->  Seq Scan on movie_keyword mk  (cost=0.00..81003.12 rows=246 width=4) (actual time=0.035..1250.606 rows=111 loops=1)
        Filter: (keyword_id = 11178)
        Rows Removed by Filter: 4523819
  ->  Index Scan using title_pkey on title t  (cost=0.43..8.40 rows=1 width=4) (actual time=0.035..0.035 rows=0 loops=111)
        Index Cond: (id = mk.movie_id)
        Filter: (production_year = 2001)
        Rows Removed by Filter: 1
Planning time: 2.552 ms
Execution time: 1255.019 ms
