Seq Scan on movie_keyword mk  (cost=0.00..81003.12 rows=2559639 width=0) (actual time=0.026..1491.060 rows=2552377 loops=1)
  Filter: (keyword_id > 3448)
  Rows Removed by Filter: 1971553
Planning time: 0.340 ms
Execution time: 1799.294 ms
