Hash Join  (cost=1113504.78..2157788.05 rows=42542493 width=0) (actual time=24733.323..60430.959 rows=75890700 loops=1)
  Hash Cond: (mi.movie_id = t.id)
  ->  Seq Scan on movie_info mi  (cost=0.00..309384.22 rows=14739122 width=4) (actual time=0.020..6520.301 rows=14835720 loops=1)
  ->  Hash  (cost=993767.62..993767.62 rows=7298253 width=8) (actual time=24731.721..24731.721 rows=7451973 loops=1)
        Buckets: 131072  Batches: 128  Memory Usage: 3317kB
        ->  Hash Join  (cost=102767.86..993767.62 rows=7298253 width=8) (actual time=6046.273..22437.055 rows=7451973 loops=1)
              Hash Cond: (ci.movie_id = t.id)
              ->  Seq Scan on cast_info ci  (cost=0.00..705507.15 rows=7298253 width=4) (actual time=4128.026..13520.949 rows=7451973 loops=1)
                    Filter: (role_id = 2)
                    Rows Removed by Filter: 28792371
              ->  Hash  (cost=61283.27..61283.27 rows=2528527 width=4) (actual time=1916.783..1916.783 rows=2528312 loops=1)
                    Buckets: 131072  Batches: 64  Memory Usage: 2415kB
                    ->  Seq Scan on title t  (cost=0.00..61283.27 rows=2528527 width=4) (actual time=0.024..1059.163 rows=2528312 loops=1)
Planning time: 1.215 ms
Execution time: 68845.619 ms
