Hash Join  (cost=181479.66..221314.04 rows=124790 width=0) (actual time=3726.449..5198.062 rows=1221926 loops=1)
  Hash Cond: (mi_idx.movie_id = t.id)
  ->  Seq Scan on movie_info_idx mi_idx  (cost=0.00..21735.35 rows=1380035 width=4) (actual time=0.022..494.797 rows=1380035 loops=1)
  ->  Hash  (cost=177727.64..177727.64 rows=228642 width=8) (actual time=3718.859..3718.859 rows=505348 loops=1)
        Buckets: 131072 (originally 131072)  Batches: 8 (originally 4)  Memory Usage: 3519kB
        ->  Hash Join  (cost=83810.17..177727.64 rows=228642 width=8) (actual time=1459.123..3559.970 rows=505348 loops=1)
              Hash Cond: (mk.movie_id = t.id)
              ->  Seq Scan on movie_keyword mk  (cost=0.00..81003.12 rows=585311 width=4) (actual time=0.032..1275.533 rows=583964 loops=1)
                    Filter: (keyword_id > 31420)
                    Rows Removed by Filter: 3939966
              ->  Hash  (cost=67604.59..67604.59 rows=987727 width=4) (actual time=1457.955..1457.955 rows=985048 loops=1)
                    Buckets: 131072  Batches: 16  Memory Usage: 3197kB
                    ->  Seq Scan on title t  (cost=0.00..67604.59 rows=987727 width=4) (actual time=0.024..1134.904 rows=985048 loops=1)
                          Filter: (kind_id < 7)
                          Rows Removed by Filter: 1543264
Planning time: 1.116 ms
Execution time: 5347.200 ms
