Seq Scan on movie_companies mc  (cost=0.00..57926.93 rows=618668 width=0) (actual time=0.025..965.091 rows=886998 loops=1)
  Filter: ((company_id > 11961) AND (company_type_id > 1))
  Rows Removed by Filter: 1722131
Planning time: 1.361 ms
Execution time: 1073.517 ms
