Hash Join  (cost=101555.96..188497.56 rows=28356 width=0) (actual time=1827.047..2675.505 rows=110287 loops=1)
  Hash Cond: (mk.movie_id = t.id)
  ->  Seq Scan on movie_keyword mk  (cost=0.00..69693.30 rows=4523930 width=4) (actual time=0.016..404.430 rows=4523930 loops=1)
  ->  Hash  (cost=101357.85..101357.85 rows=15849 width=8) (actual time=1826.366..1826.366 rows=24860 loops=1)
        Buckets: 32768 (originally 16384)  Batches: 1 (originally 1)  Memory Usage: 1228kB
        ->  Hash Join  (cost=74288.88..101357.85 rows=15849 width=8) (actual time=1008.036..1816.920 rows=24860 loops=1)
              Hash Cond: (mi_idx.movie_id = t.id)
              ->  Seq Scan on movie_info_idx mi_idx  (cost=0.00..21735.35 rows=1380035 width=4) (actual time=0.020..293.785 rows=1380035 loops=1)
              ->  Hash  (cost=73925.90..73925.90 rows=29038 width=4) (actual time=1007.737..1007.737 rows=112511 loops=1)
                    Buckets: 131072 (originally 32768)  Batches: 2 (originally 1)  Memory Usage: 3073kB
                    ->  Seq Scan on title t  (cost=0.00..73925.90 rows=29038 width=4) (actual time=0.027..959.499 rows=112511 loops=1)
                          Filter: ((production_year < 1929) AND (kind_id = 1))
                          Rows Removed by Filter: 2415801
Planning time: 1.209 ms
Execution time: 2682.417 ms
