Hash Join  (cost=74383.87..782488.02 rows=9661 width=0) (actual time=1673.233..11931.210 rows=2359 loops=1)
  Hash Cond: (ci.movie_id = t.id)
  ->  Seq Scan on cast_info ci  (cost=0.00..705507.15 rows=666772 width=4) (actual time=572.494..10695.264 rows=558657 loops=1)
        Filter: (person_id < 60758)
        Rows Removed by Filter: 35685687
  ->  Hash  (cost=73925.90..73925.90 rows=36637 width=4) (actual time=1099.813..1099.813 rows=13887 loops=1)
        Buckets: 65536  Batches: 1  Memory Usage: 1001kB
        ->  Seq Scan on title t  (cost=0.00..73925.90 rows=36637 width=4) (actual time=0.151..1094.032 rows=13887 loops=1)
              Filter: ((production_year < 1995) AND (kind_id = 4))
              Rows Removed by Filter: 2514425
Planning time: 0.763 ms
Execution time: 11931.825 ms
