Seq Scan on movie_companies mc  (cost=0.00..57926.93 rows=51 width=0) (actual time=146.017..1012.719 rows=19 loops=1)
  Filter: ((company_type_id < 2) AND (company_id = 2134))
  Rows Removed by Filter: 2609110
Planning time: 0.361 ms
Execution time: 1012.827 ms
