Hash Join  (cost=98098.54..630229.36 rows=6512387 width=0) (actual time=2458.624..15518.144 rows=5391703 loops=1)
  Hash Cond: (mi.movie_id = t.id)
  ->  Seq Scan on movie_info mi  (cost=0.00..346232.03 rows=8859586 width=4) (actual time=590.719..6469.526 rows=8966694 loops=1)
        Filter: (info_type_id < 15)
        Rows Removed by Filter: 5869026
  ->  Hash  (cost=67604.59..67604.59 rows=1858636 width=4) (actual time=1867.198..1867.198 rows=1852807 loops=1)
        Buckets: 131072  Batches: 32  Memory Usage: 3075kB
        ->  Seq Scan on title t  (cost=0.00..67604.59 rows=1858636 width=4) (actual time=0.026..1245.162 rows=1852807 loops=1)
              Filter: (production_year > 1985)
              Rows Removed by Filter: 675505
Planning time: 0.751 ms
Execution time: 16182.519 ms
