Hash Join  (cost=100754.38..156175.72 rows=8157 width=0) (actual time=1786.514..2988.175 rows=28018 loops=1)
  Hash Cond: (mc.movie_id = t.id)
  ->  Seq Scan on movie_companies mc  (cost=0.00..51404.11 rows=1049508 width=4) (actual time=0.015..963.315 rows=1048189 loops=1)
        Filter: (company_id < 6102)
        Rows Removed by Filter: 1560940
  ->  Hash  (cost=100508.72..100508.72 rows=19653 width=8) (actual time=1786.074..1786.074 rows=20523 loops=1)
        Buckets: 32768  Batches: 1  Memory Usage: 1058kB
        ->  Hash Join  (cost=69374.09..100508.72 rows=19653 width=8) (actual time=1099.462..1778.824 rows=20523 loops=1)
              Hash Cond: (mi_idx.movie_id = t.id)
              ->  Seq Scan on movie_info_idx mi_idx  (cost=0.00..25185.44 rows=460978 width=4) (actual time=0.016..489.838 rows=459925 loops=1)
                    Filter: (info_type_id < 100)
                    Rows Removed by Filter: 920110
              ->  Hash  (cost=67604.59..67604.59 rows=107800 width=4) (actual time=1098.695..1098.695 rows=108429 loops=1)
                    Buckets: 131072  Batches: 2  Memory Usage: 2931kB
                    ->  Seq Scan on title t  (cost=0.00..67604.59 rows=107800 width=4) (actual time=0.031..1051.837 rows=108429 loops=1)
                          Filter: (production_year = 2006)
                          Rows Removed by Filter: 2419883
Planning time: 1.133 ms
Execution time: 2992.672 ms
