Seq Scan on cast_info ci  (cost=0.00..796071.18 rows=224 width=0) (actual time=8080.263..13929.887 rows=5 loops=1)
  Filter: ((role_id > 2) AND (person_id = 1616392))
  Rows Removed by Filter: 36244339
Planning time: 0.280 ms
Execution time: 13929.978 ms
