Hash Join  (cost=102767.86..1177930.57 rows=11188033 width=0) (actual time=5713.040..30960.329 rows=12670688 loops=1)
  Hash Cond: (ci.movie_id = t.id)
  ->  Seq Scan on cast_info ci  (cost=0.00..796071.18 rows=11188033 width=4) (actual time=3391.232..17550.105 rows=12670688 loops=1)
        Filter: ((person_id < 3253213) AND (role_id = 1))
        Rows Removed by Filter: 23573656
  ->  Hash  (cost=61283.27..61283.27 rows=2528527 width=4) (actual time=2320.453..2320.453 rows=2528312 loops=1)
        Buckets: 131072  Batches: 64  Memory Usage: 2415kB
        ->  Seq Scan on title t  (cost=0.00..61283.27 rows=2528527 width=4) (actual time=0.022..1112.287 rows=2528312 loops=1)
Planning time: 0.773 ms
Execution time: 32487.555 ms
