Hash Join  (cost=83074.74..456447.06 rows=704 width=0) (actual time=1124.839..7736.960 rows=801 loops=1)
  Hash Cond: (mi.movie_id = t.id)
  ->  Seq Scan on movie_info mi  (cost=0.00..346232.03 rows=7235534 width=4) (actual time=0.010..5657.650 rows=7286865 loops=1)
        Filter: (info_type_id < 8)
        Rows Removed by Filter: 7548855
  ->  Hash  (cost=83071.67..83071.67 rows=246 width=8) (actual time=1124.767..1124.767 rows=48 loops=1)
        Buckets: 1024  Batches: 1  Memory Usage: 10kB
        ->  Nested Loop  (cost=0.43..83071.67 rows=246 width=8) (actual time=3.017..1124.666 rows=48 loops=1)
              ->  Seq Scan on movie_keyword mk  (cost=0.00..81003.12 rows=246 width=4) (actual time=2.942..1119.670 rows=48 loops=1)
                    Filter: (keyword_id = 6383)
                    Rows Removed by Filter: 4523882
              ->  Index Only Scan using title_pkey on title t  (cost=0.43..8.40 rows=1 width=4) (actual time=0.097..0.098 rows=1 loops=48)
                    Index Cond: (id = mk.movie_id)
                    Heap Fetches: 48
Planning time: 9.380 ms
Execution time: 7737.328 ms
