Hash Join  (cost=102767.86..229018.78 rows=1469895 width=0) (actual time=2299.422..5356.991 rows=1481953 loops=1)
  Hash Cond: (mk.movie_id = t.id)
  ->  Seq Scan on movie_keyword mk  (cost=0.00..81003.12 rows=1469895 width=4) (actual time=0.015..1514.385 rows=1481953 loops=1)
        Filter: (keyword_id > 11056)
        Rows Removed by Filter: 3041977
  ->  Hash  (cost=61283.27..61283.27 rows=2528527 width=4) (actual time=2297.567..2297.567 rows=2528312 loops=1)
        Buckets: 131072  Batches: 64  Memory Usage: 2425kB
        ->  Seq Scan on title t  (cost=0.00..61283.27 rows=2528527 width=4) (actual time=0.010..1132.157 rows=2528312 loops=1)
Planning time: 0.716 ms
Execution time: 5528.517 ms
