Hash Join  (cost=163340.40..528378.95 rows=38264 width=0) (actual time=3438.933..10730.970 rows=634958 loops=1)
  Hash Cond: (mi.movie_id = t.id)
  ->  Seq Scan on movie_info mi  (cost=0.00..309384.22 rows=14739122 width=4) (actual time=0.022..4258.843 rows=14835720 loops=1)
  ->  Hash  (cost=163258.35..163258.35 rows=6564 width=8) (actual time=2977.558..2977.558 rows=12730 loops=1)
        Buckets: 16384 (originally 8192)  Batches: 1 (originally 1)  Memory Usage: 626kB
        ->  Hash Join  (cost=80193.64..163258.35 rows=6564 width=8) (actual time=1619.326..2973.793 rows=12730 loops=1)
              Hash Cond: (mk.movie_id = t.id)
              ->  Seq Scan on movie_keyword mk  (cost=0.00..81003.12 rows=43452 width=4) (actual time=0.078..1271.013 rows=38892 loops=1)
                    Filter: (keyword_id < 47)
                    Rows Removed by Filter: 4485038
              ->  Hash  (cost=73925.90..73925.90 rows=381979 width=4) (actual time=1618.351..1618.351 rows=440029 loops=1)
                    Buckets: 131072  Batches: 8  Memory Usage: 2976kB
                    ->  Seq Scan on title t  (cost=0.00..73925.90 rows=381979 width=4) (actual time=373.534..1177.236 rows=440029 loops=1)
                          Filter: ((production_year < 2006) AND (kind_id = 1))
                          Rows Removed by Filter: 2088283
Planning time: 1.165 ms
Execution time: 10814.774 ms
