Hash Join  (cost=709675.59..796337.11 rows=349 width=0) (actual time=11636.791..13343.122 rows=782 loops=1)
  Hash Cond: (mk.movie_id = t.id)
  ->  Seq Scan on movie_keyword mk  (cost=0.00..69693.30 rows=4523930 width=4) (actual time=0.012..1093.214 rows=4523930 loops=1)
  ->  Hash  (cost=709673.15..709673.15 rows=195 width=8) (actual time=11484.813..11484.813 rows=75 loops=1)
        Buckets: 1024  Batches: 1  Memory Usage: 11kB
        ->  Nested Loop  (cost=0.43..709673.15 rows=195 width=8) (actual time=4483.547..11484.696 rows=75 loops=1)
              ->  Seq Scan on cast_info ci  (cost=0.00..705507.15 rows=500 width=4) (actual time=4483.385..11478.832 rows=111 loops=1)
                    Filter: (person_id = 1239646)
                    Rows Removed by Filter: 36244233
              ->  Index Scan using title_pkey on title t  (cost=0.43..8.32 rows=1 width=4) (actual time=0.051..0.051 rows=1 loops=111)
                    Index Cond: (id = ci.movie_id)
                    Filter: (kind_id < 7)
                    Rows Removed by Filter: 0
Planning time: 0.749 ms
Execution time: 13343.328 ms
