Seq Scan on cast_info ci  (cost=0.00..705507.15 rows=19736906 width=0) (actual time=0.017..12870.069 rows=19905328 loops=1)
  Filter: (person_id > 1618435)
  Rows Removed by Filter: 16339016
Planning time: 0.298 ms
Execution time: 15361.213 ms
