Hash Join  (cost=195217.82..1123214.97 rows=3794428 width=0) (actual time=3784.245..27052.562 rows=5821021 loops=1)
  Hash Cond: (ci.movie_id = t.id)
  ->  Seq Scan on cast_info ci  (cost=0.00..705507.15 rows=15754858 width=4) (actual time=0.023..14138.758 rows=15646748 loops=1)
        Filter: (person_id < 1544627)
        Rows Removed by Filter: 20597596
  ->  Hash  (cost=185226.64..185226.64 rows=608975 width=8) (actual time=3783.426..3783.426 rows=361822 loops=1)
        Buckets: 131072  Batches: 8  Memory Usage: 2797kB
        ->  Hash Join  (cost=102767.86..185226.64 rows=608975 width=8) (actual time=2019.592..3679.756 rows=361822 loops=1)
              Hash Cond: (mc.movie_id = t.id)
              ->  Seq Scan on movie_companies mc  (cost=0.00..57926.93 rows=608975 width=4) (actual time=0.022..995.321 rows=361822 loops=1)
                    Filter: ((company_id > 11617) AND (company_type_id = 1))
                    Rows Removed by Filter: 2247307
              ->  Hash  (cost=61283.27..61283.27 rows=2528527 width=4) (actual time=2018.322..2018.322 rows=2528312 loops=1)
                    Buckets: 131072  Batches: 64  Memory Usage: 2415kB
                    ->  Seq Scan on title t  (cost=0.00..61283.27 rows=2528527 width=4) (actual time=0.021..1195.593 rows=2528312 loops=1)
Planning time: 3.563 ms
Execution time: 27759.511 ms
