Seq Scan on movie_keyword mk  (cost=0.00..81003.12 rows=1562221 width=0) (actual time=0.023..1464.792 rows=1569752 loops=1)
  Filter: (keyword_id < 2364)
  Rows Removed by Filter: 2954178
Planning time: 0.343 ms
Execution time: 1663.946 ms
