Hash Join  (cost=205472.99..719424.60 rows=1473379 width=0) (actual time=4068.301..15127.275 rows=262737 loops=1)
  Hash Cond: (mi.movie_id = t.id)
  ->  Seq Scan on movie_info mi  (cost=0.00..309384.22 rows=14739122 width=4) (actual time=0.023..5347.589 rows=14835720 loops=1)
  ->  Hash  (cost=201325.48..201325.48 rows=252761 width=8) (actual time=4026.242..4026.242 rows=39663 loops=1)
        Buckets: 131072  Batches: 4  Memory Usage: 1414kB
        ->  Hash Join  (cost=76243.83..201325.48 rows=252761 width=8) (actual time=1411.534..4012.364 rows=39663 loops=1)
              Hash Cond: (mk.movie_id = t.id)
              ->  Seq Scan on movie_keyword mk  (cost=0.00..69693.30 rows=4523930 width=4) (actual time=0.021..1452.013 rows=4523930 loops=1)
              ->  Hash  (cost=73925.90..73925.90 rows=141274 width=4) (actual time=1160.025..1160.025 rows=150659 loops=1)
                    Buckets: 131072  Batches: 2  Memory Usage: 3679kB
                    ->  Seq Scan on title t  (cost=0.00..73925.90 rows=141274 width=4) (actual time=24.552..1103.162 rows=150659 loops=1)
                          Filter: ((production_year > 2011) AND (kind_id = 7))
                          Rows Removed by Filter: 2377653
Planning time: 1.185 ms
Execution time: 15157.263 ms
