Hash Join  (cost=261277.97..908940.01 rows=14004721 width=0) (actual time=6311.838..37225.555 rows=63301565 loops=1)
  Hash Cond: (mi.movie_id = t.id)
  ->  Seq Scan on movie_info mi  (cost=0.00..309384.22 rows=14739122 width=4) (actual time=0.024..6557.206 rows=14835720 loops=1)
  ->  Hash  (cost=221861.23..221861.23 rows=2402539 width=8) (actual time=6310.379..6310.379 rows=2402157 loops=1)
        Buckets: 131072  Batches: 32  Memory Usage: 4004kB
        ->  Hash Join  (cost=102767.86..221861.23 rows=2402539 width=8) (actual time=1979.889..5601.989 rows=2402157 loops=1)
              Hash Cond: (mc.movie_id = t.id)
              ->  Seq Scan on movie_companies mc  (cost=0.00..51404.11 rows=2402539 width=4) (actual time=0.018..1196.940 rows=2402157 loops=1)
                    Filter: (company_id > 67)
                    Rows Removed by Filter: 206972
              ->  Hash  (cost=61283.27..61283.27 rows=2528527 width=4) (actual time=1977.816..1977.816 rows=2528312 loops=1)
                    Buckets: 131072  Batches: 64  Memory Usage: 2415kB
                    ->  Seq Scan on title t  (cost=0.00..61283.27 rows=2528527 width=4) (actual time=0.015..1135.615 rows=2528312 loops=1)
Planning time: 1.106 ms
Execution time: 43786.080 ms
