Seq Scan on cast_info ci  (cost=0.00..796071.18 rows=14253554 width=0) (actual time=1265.104..16726.573 rows=19861735 loops=1)
  Filter: ((person_id < 2665147) AND (role_id < 3))
  Rows Removed by Filter: 16382609
Planning time: 0.369 ms
Execution time: 19249.013 ms
