Nested Loop  (cost=0.43..83071.67 rows=246 width=0) (actual time=13.146..1253.793 rows=23 loops=1)
  ->  Seq Scan on movie_keyword mk  (cost=0.00..81003.12 rows=246 width=4) (actual time=13.058..1252.593 rows=23 loops=1)
        Filter: (keyword_id = 11448)
        Rows Removed by Filter: 4523907
  ->  Index Only Scan using title_pkey on title t  (cost=0.43..8.40 rows=1 width=4) (actual time=0.045..0.046 rows=1 loops=23)
        Index Cond: (id = mk.movie_id)
        Heap Fetches: 23
Planning time: 1.794 ms
Execution time: 1253.877 ms
