Hash Join  (cost=179728.60..687498.78 rows=4414181 width=0) (actual time=4365.436..19493.025 rows=12798761 loops=1)
  Hash Cond: (mi.movie_id = t.id)
  ->  Seq Scan on movie_info mi  (cost=0.00..346232.03 rows=9767026 width=4) (actual time=19.419..6757.518 rows=9911754 loops=1)
        Filter: (info_type_id > 4)
        Rows Removed by Filter: 4923966
  ->  Hash  (cost=160980.08..160980.08 rows=1142761 width=8) (actual time=4345.141..4345.141 rows=1161074 loops=1)
        Buckets: 131072  Batches: 16  Memory Usage: 3882kB
        ->  Hash Join  (cost=101955.95..160980.08 rows=1142761 width=8) (actual time=2085.519..3971.258 rows=1161074 loops=1)
              Hash Cond: (mi_idx.movie_id = t.id)
              ->  Seq Scan on movie_info_idx mi_idx  (cost=0.00..21735.35 rows=1380035 width=4) (actual time=0.017..470.339 rows=1380035 loops=1)
              ->  Hash  (cost=67604.59..67604.59 rows=2093789 width=4) (actual time=2084.332..2084.332 rows=2089788 loops=1)
                    Buckets: 131072  Batches: 32  Memory Usage: 3324kB
                    ->  Seq Scan on title t  (cost=0.00..67604.59 rows=2093789 width=4) (actual time=0.020..1400.443 rows=2089788 loops=1)
                          Filter: (production_year > 1969)
                          Rows Removed by Filter: 438524
Planning time: 1.161 ms
Execution time: 20949.172 ms
