Hash Join  (cost=102767.86..218743.10 rows=2272931 width=0) (actual time=1972.391..5632.958 rows=2270672 loops=1)
  Hash Cond: (mc.movie_id = t.id)
  ->  Seq Scan on movie_companies mc  (cost=0.00..51404.11 rows=2272931 width=4) (actual time=0.029..1119.721 rows=2270672 loops=1)
        Filter: (company_id < 89491)
        Rows Removed by Filter: 338457
  ->  Hash  (cost=61283.27..61283.27 rows=2528527 width=4) (actual time=1971.210..1971.210 rows=2528312 loops=1)
        Buckets: 131072  Batches: 64  Memory Usage: 2415kB
        ->  Seq Scan on title t  (cost=0.00..61283.27 rows=2528527 width=4) (actual time=0.010..1109.895 rows=2528312 loops=1)
Planning time: 0.706 ms
Execution time: 5894.189 ms
