Hash Join  (cost=133019.79..236747.28 rows=220902 width=0) (actual time=3767.113..5050.292 rows=147117 loops=1)
  Hash Cond: (mk.movie_id = t.id)
  ->  Seq Scan on movie_keyword mk  (cost=0.00..81003.12 rows=1660625 width=4) (actual time=0.019..1558.165 rows=1675047 loops=1)
        Filter: (keyword_id < 2566)
        Rows Removed by Filter: 2848883
  ->  Hash  (cost=127501.36..127501.36 rows=336354 width=8) (actual time=2768.021..2768.021 rows=155637 loops=1)
        Buckets: 131072  Batches: 8  Memory Usage: 1784kB
        ->  Hash Join  (cost=84037.34..127501.36 rows=336354 width=8) (actual time=1495.257..2718.351 rows=155637 loops=1)
              Hash Cond: (mi_idx.movie_id = t.id)
              ->  Seq Scan on movie_info_idx mi_idx  (cost=0.00..21735.35 rows=1380035 width=4) (actual time=0.024..427.783 rows=1380035 loops=1)
              ->  Hash  (cost=73925.90..73925.90 rows=616275 width=4) (actual time=1494.270..1494.270 rows=676927 loops=1)
                    Buckets: 131072  Batches: 16  Memory Usage: 2516kB
                    ->  Seq Scan on title t  (cost=0.00..73925.90 rows=616275 width=4) (actual time=82.646..1263.334 rows=676927 loops=1)
                          Filter: ((production_year > 2005) AND (kind_id = 7))
                          Rows Removed by Filter: 1851385
Planning time: 3.434 ms
Execution time: 5068.242 ms
