Seq Scan on movie_keyword mk  (cost=0.00..81003.12 rows=3137879 width=0) (actual time=0.026..1589.944 rows=3122247 loops=1)
  Filter: (keyword_id < 11947)
  Rows Removed by Filter: 1401683
Planning time: 0.350 ms
Execution time: 1976.935 ms
