Hash Join  (cost=267047.80..878085.51 rows=10572288 width=0) (actual time=5802.150..38725.574 rows=99078989 loops=1)
  Hash Cond: (mi.movie_id = t.id)
  ->  Seq Scan on movie_info mi  (cost=0.00..309384.22 rows=14739122 width=4) (actual time=0.012..6075.675 rows=14835720 loops=1)
  ->  Hash  (cost=237291.58..237291.58 rows=1813698 width=8) (actual time=5801.238..5801.238 rows=1814764 loops=1)
        Buckets: 131072  Batches: 32  Memory Usage: 3308kB
        ->  Hash Join  (cost=102767.86..237291.58 rows=1813698 width=8) (actual time=1926.270..5298.558 rows=1814764 loops=1)
              Hash Cond: (mk.movie_id = t.id)
              ->  Seq Scan on movie_keyword mk  (cost=0.00..81003.12 rows=1813698 width=4) (actual time=0.027..1600.513 rows=1814764 loops=1)
                    Filter: (keyword_id > 7650)
                    Rows Removed by Filter: 2709166
              ->  Hash  (cost=61283.27..61283.27 rows=2528527 width=4) (actual time=1925.055..1925.055 rows=2528312 loops=1)
                    Buckets: 131072  Batches: 64  Memory Usage: 2425kB
                    ->  Seq Scan on title t  (cost=0.00..61283.27 rows=2528527 width=4) (actual time=0.018..1086.667 rows=2528312 loops=1)
Planning time: 0.982 ms
Execution time: 48555.652 ms
