Hash Join  (cost=74690.97..101935.50 rows=33405 width=0) (actual time=755.203..1068.024 rows=26859 loops=1)
  Hash Cond: (mi_idx.movie_id = t.id)
  ->  Seq Scan on movie_info_idx mi_idx  (cost=0.00..21735.35 rows=1380035 width=4) (actual time=0.014..169.482 rows=1380035 loops=1)
  ->  Hash  (cost=73925.90..73925.90 rows=61205 width=4) (actual time=666.109..666.109 rows=61581 loops=1)
        Buckets: 65536  Batches: 1  Memory Usage: 2677kB
        ->  Seq Scan on title t  (cost=0.00..73925.90 rows=61205 width=4) (actual time=0.881..642.954 rows=61581 loops=1)
              Filter: ((kind_id < 2) AND (production_year > 2011))
              Rows Removed by Filter: 2466731
Planning time: 0.736 ms
Execution time: 1070.734 ms
