Hash Join  (cost=345231.50..2066138.60 rows=53662589 width=0) (actual time=7966.210..84697.595 rows=183980584 loops=1)
  Hash Cond: (ci.movie_id = t.id)
  ->  Seq Scan on cast_info ci  (cost=0.00..614943.12 rows=36225612 width=4) (actual time=0.014..13812.600 rows=36244344 loops=1)
  ->  Hash  (cost=283779.28..283779.28 rows=3745618 width=8) (actual time=7964.577..7964.577 rows=3742364 loops=1)
        Buckets: 131072  Batches: 64  Memory Usage: 3332kB
        ->  Hash Join  (cost=102767.86..283779.28 rows=3745618 width=8) (actual time=2021.547..6915.583 rows=3742364 loops=1)
              Hash Cond: (mk.movie_id = t.id)
              ->  Seq Scan on movie_keyword mk  (cost=0.00..81003.12 rows=3745618 width=4) (actual time=0.027..1799.437 rows=3742364 loops=1)
                    Filter: (keyword_id > 745)
                    Rows Removed by Filter: 781566
              ->  Hash  (cost=61283.27..61283.27 rows=2528527 width=4) (actual time=2019.912..2019.912 rows=2528312 loops=1)
                    Buckets: 131072  Batches: 64  Memory Usage: 2425kB
                    ->  Seq Scan on title t  (cost=0.00..61283.27 rows=2528527 width=4) (actual time=0.017..1149.316 rows=2528312 loops=1)
Planning time: 0.974 ms
Execution time: 104850.705 ms
