Nested Loop  (cost=0.43..58358.39 rows=34 width=0) (actual time=187.988..751.499 rows=54 loops=1)
  ->  Seq Scan on movie_companies mc  (cost=0.00..57926.93 rows=51 width=4) (actual time=183.300..726.787 rows=307 loops=1)
        Filter: ((company_id = 400) AND (company_type_id = 1))
        Rows Removed by Filter: 2608822
  ->  Index Scan using title_pkey on title t  (cost=0.43..8.45 rows=1 width=4) (actual time=0.079..0.080 rows=0 loops=307)
        Index Cond: (id = mc.movie_id)
        Filter: (kind_id > 3)
        Rows Removed by Filter: 1
Planning time: 0.780 ms
Execution time: 751.631 ms
