Hash Join  (cost=206403.17..323353.66 rows=755110 width=0) (actual time=4349.694..9089.772 rows=8065326 loops=1)
  Hash Cond: (mk.movie_id = t.id)
  ->  Seq Scan on movie_keyword mk  (cost=0.00..81003.12 rows=2156604 width=4) (actual time=0.057..1549.526 rows=2161954 loops=1)
        Filter: (keyword_id < 4134)
        Rows Removed by Filter: 2361976
  ->  Hash  (cost=191877.49..191877.49 rows=885335 width=8) (actual time=4348.596..4348.596 rows=706909 loops=1)
        Buckets: 131072  Batches: 16  Memory Usage: 2795kB
        ->  Hash Join  (cost=102767.86..191877.49 rows=885335 width=8) (actual time=2112.147..4161.389 rows=706909 loops=1)
              Hash Cond: (mc.movie_id = t.id)
              ->  Seq Scan on movie_companies mc  (cost=0.00..57926.93 rows=885335 width=4) (actual time=0.032..1153.631 rows=706909 loops=1)
                    Filter: ((company_id > 1736) AND (company_type_id = 1))
                    Rows Removed by Filter: 1902220
              ->  Hash  (cost=61283.27..61283.27 rows=2528527 width=4) (actual time=2110.667..2110.667 rows=2528312 loops=1)
                    Buckets: 131072  Batches: 64  Memory Usage: 2415kB
                    ->  Seq Scan on title t  (cost=0.00..61283.27 rows=2528527 width=4) (actual time=0.009..1252.403 rows=2528312 loops=1)
Planning time: 1.145 ms
Execution time: 10040.596 ms
