Seq Scan on movie_keyword mk  (cost=0.00..81003.12 rows=509094 width=0) (actual time=0.018..1383.042 rows=500350 loops=1)
  Filter: (keyword_id > 36077)
  Rows Removed by Filter: 4023580
Planning time: 1.196 ms
Execution time: 1446.882 ms
