Hash Join  (cost=993543.02..1166889.92 rows=3750195 width=0) (actual time=21441.748..36088.159 rows=47276006 loops=1)
  Hash Cond: (mk.movie_id = t.id)
  ->  Seq Scan on movie_keyword mk  (cost=0.00..69693.30 rows=4523930 width=4) (actual time=0.024..1424.548 rows=4523930 loops=1)
  ->  Hash  (cost=959154.16..959154.16 rows=2096069 width=8) (actual time=21440.772..21440.772 rows=5461180 loops=1)
        Buckets: 131072 (originally 131072)  Batches: 64 (originally 32)  Memory Usage: 4385kB
        ->  Hash Join  (cost=102767.86..959154.16 rows=2096069 width=8) (actual time=7658.292..19833.298 rows=5461180 loops=1)
              Hash Cond: (ci.movie_id = t.id)
              ->  Seq Scan on cast_info ci  (cost=0.00..796071.18 rows=2096069 width=4) (actual time=5733.972..12875.346 rows=5461180 loops=1)
                    Filter: ((person_id > 2806123) AND (role_id > 5))
                    Rows Removed by Filter: 30783164
              ->  Hash  (cost=61283.27..61283.27 rows=2528527 width=4) (actual time=1922.656..1922.656 rows=2528312 loops=1)
                    Buckets: 131072  Batches: 64  Memory Usage: 2415kB
                    ->  Seq Scan on title t  (cost=0.00..61283.27 rows=2528527 width=4) (actual time=0.027..1086.713 rows=2528312 loops=1)
Planning time: 1.148 ms
Execution time: 41257.112 ms
