Hash Join  (cost=122535.74..209331.08 rows=13730 width=0) (actual time=2319.488..4118.772 rows=191217 loops=1)
  Hash Cond: (mk.movie_id = t.id)
  ->  Seq Scan on movie_keyword mk  (cost=0.00..69693.30 rows=4523930 width=4) (actual time=0.025..1030.531 rows=4523930 loops=1)
  ->  Hash  (cost=122439.81..122439.81 rows=7674 width=8) (actual time=2214.984..2214.984 rows=7997 loops=1)
        Buckets: 8192  Batches: 1  Memory Usage: 377kB
        ->  Hash Join  (cost=67697.55..122439.81 rows=7674 width=8) (actual time=1065.497..2211.312 rows=7997 loops=1)
              Hash Cond: (mc.movie_id = t.id)
              ->  Seq Scan on movie_companies mc  (cost=0.00..44881.29 rows=2609129 width=4) (actual time=0.029..648.935 rows=2609129 loops=1)
              ->  Hash  (cost=67604.59..67604.59 rows=7437 width=4) (actual time=1063.396..1063.396 rows=2795 loops=1)
                    Buckets: 8192  Batches: 1  Memory Usage: 163kB
                    ->  Seq Scan on title t  (cost=0.00..67604.59 rows=7437 width=4) (actual time=0.045..1061.931 rows=2795 loops=1)
                          Filter: (production_year = 1937)
                          Rows Removed by Filter: 2525517
Planning time: 9.746 ms
Execution time: 4142.608 ms
