Hash Join  (cost=102767.86..999468.74 rows=3771428 width=0) (actual time=9791.092..22400.126 rows=4147628 loops=1)
  Hash Cond: (ci.movie_id = t.id)
  ->  Seq Scan on cast_info ci  (cost=0.00..796071.18 rows=3771428 width=4) (actual time=7893.939..15774.345 rows=4147628 loops=1)
        Filter: ((person_id > 433788) AND (role_id = 10))
        Rows Removed by Filter: 32096716
  ->  Hash  (cost=61283.27..61283.27 rows=2528527 width=4) (actual time=1895.166..1895.166 rows=2528312 loops=1)
        Buckets: 131072  Batches: 64  Memory Usage: 2415kB
        ->  Seq Scan on title t  (cost=0.00..61283.27 rows=2528527 width=4) (actual time=0.028..1058.115 rows=2528312 loops=1)
Planning time: 0.550 ms
Execution time: 22873.203 ms
