Seq Scan on cast_info ci  (cost=0.00..796071.18 rows=7768365 width=0) (actual time=1488.182..13067.924 rows=9271566 loops=1)
  Filter: ((person_id < 1142566) AND (role_id < 4))
  Rows Removed by Filter: 26972778
Planning time: 0.306 ms
Execution time: 14186.709 ms
