Hash Join  (cost=84197.31..189983.19 rows=535401 width=0) (actual time=1442.769..3848.730 rows=391231 loops=1)
  Hash Cond: (mk.movie_id = t.id)
  ->  Seq Scan on movie_keyword mk  (cost=0.00..81003.12 rows=1338599 width=4) (actual time=0.012..1490.555 rows=1349896 loops=1)
        Filter: (keyword_id > 12544)
        Rows Removed by Filter: 3174034
  ->  Hash  (cost=67604.59..67604.59 rows=1011338 width=4) (actual time=1441.499..1441.499 rows=1012920 loops=1)
        Buckets: 131072  Batches: 16  Memory Usage: 3257kB
        ->  Seq Scan on title t  (cost=0.00..67604.59 rows=1011338 width=4) (actual time=0.014..1113.440 rows=1012920 loops=1)
              Filter: (production_year > 2005)
              Rows Removed by Filter: 1515392
Planning time: 0.485 ms
Execution time: 3898.792 ms
