Hash Join  (cost=101931.27..943348.55 rows=337080 width=0) (actual time=1651.229..23651.549 rows=1022128 loops=1)
  Hash Cond: (ci.movie_id = t.id)
  ->  Seq Scan on cast_info ci  (cost=0.00..705507.15 rows=35343820 width=4) (actual time=0.032..12740.317 rows=35326750 loops=1)
        Filter: (person_id < 3886179)
        Rows Removed by Filter: 917594
  ->  Hash  (cost=101629.84..101629.84 rows=24115 width=8) (actual time=1650.924..1650.924 rows=38455 loops=1)
        Buckets: 65536 (originally 32768)  Batches: 1 (originally 1)  Memory Usage: 2015kB
        ->  Hash Join  (cost=74478.21..101629.84 rows=24115 width=8) (actual time=982.081..1636.344 rows=38455 loops=1)
              Hash Cond: (mi_idx.movie_id = t.id)
              ->  Seq Scan on movie_info_idx mi_idx  (cost=0.00..21735.35 rows=1380035 width=4) (actual time=0.019..310.687 rows=1380035 loops=1)
              ->  Hash  (cost=73925.90..73925.90 rows=44184 width=4) (actual time=981.694..981.694 rows=35489 loops=1)
                    Buckets: 65536  Batches: 1  Memory Usage: 1760kB
                    ->  Seq Scan on title t  (cost=0.00..73925.90 rows=44184 width=4) (actual time=0.341..966.907 rows=35489 loops=1)
                          Filter: ((kind_id < 7) AND (production_year = 2007))
                          Rows Removed by Filter: 2492823
Planning time: 3.603 ms
Execution time: 23785.906 ms
