Hash Join  (cost=92883.59..963550.55 rows=5129227 width=0) (actual time=1844.011..20197.172 rows=4958959 loops=1)
  Hash Cond: (ci.movie_id = t.id)
  ->  Seq Scan on cast_info ci  (cost=0.00..705507.15 rows=8417308 width=4) (actual time=0.006..12569.592 rows=8389545 loops=1)
        Filter: (person_id > 2845264)
        Rows Removed by Filter: 27854799
  ->  Hash  (cost=67604.59..67604.59 rows=1540800 width=4) (actual time=1842.267..1842.267 rows=1543264 loops=1)
        Buckets: 131072  Batches: 32  Memory Usage: 2722kB
        ->  Seq Scan on title t  (cost=0.00..67604.59 rows=1540800 width=4) (actual time=0.016..1356.783 rows=1543264 loops=1)
              Filter: (kind_id = 7)
              Rows Removed by Filter: 985048
Planning time: 0.514 ms
Execution time: 20735.542 ms
