Nested Loop  (cost=44377.22..139344.32 rows=2387 width=0) (actual time=1613.237..2220.534 rows=33 loops=1)
  ->  Hash Join  (cost=44376.79..131702.18 rows=12999 width=8) (actual time=1613.142..2219.757 rows=33 loops=1)
        Hash Cond: (mk.movie_id = mi_idx.movie_id)
        ->  Seq Scan on movie_keyword mk  (cost=0.00..81003.12 rows=4373 width=4) (actual time=51.906..1182.269 rows=4347 loops=1)
              Filter: (keyword_id = 18607)
              Rows Removed by Filter: 4519583
        ->  Hash  (cost=21735.35..21735.35 rows=1380035 width=4) (actual time=823.141..823.141 rows=1380035 loops=1)
              Buckets: 131072  Batches: 32  Memory Usage: 2556kB
              ->  Seq Scan on movie_info_idx mi_idx  (cost=0.00..21735.35 rows=1380035 width=4) (actual time=0.024..391.874 rows=1380035 loops=1)
  ->  Index Only Scan using title_pkey on title t  (cost=0.43..0.58 rows=1 width=4) (actual time=0.020..0.021 rows=1 loops=33)
        Index Cond: (id = mi_idx.movie_id)
        Heap Fetches: 33
Planning time: 1.067 ms
Execution time: 2220.638 ms
