Hash Join  (cost=74814.89..460420.41 rows=274714 width=0) (actual time=1189.913..9373.524 rows=177431 loops=1)
  Hash Cond: (mi.movie_id = t.id)
  ->  Seq Scan on movie_info mi  (cost=0.00..346232.03 rows=9767026 width=4) (actual time=0.022..5858.695 rows=9911754 loops=1)
        Filter: (info_type_id > 4)
        Rows Removed by Filter: 4923966
  ->  Hash  (cost=73925.90..73925.90 rows=71119 width=4) (actual time=1188.893..1188.893 rows=84234 loops=1)
        Buckets: 131072  Batches: 1  Memory Usage: 3986kB
        ->  Seq Scan on title t  (cost=0.00..73925.90 rows=71119 width=4) (actual time=0.032..1156.288 rows=84234 loops=1)
              Filter: ((kind_id > 3) AND (production_year = 2006))
              Rows Removed by Filter: 2444078
Planning time: 0.717 ms
Execution time: 9396.340 ms
