Hash Join  (cost=709678.15..1074363.23 rows=2915 width=0) (actual time=10471.595..17510.366 rows=1049 loops=1)
  Hash Cond: (mi.movie_id = t.id)
  ->  Seq Scan on movie_info mi  (cost=0.00..309384.22 rows=14739122 width=4) (actual time=0.020..4346.288 rows=14835720 loops=1)
  ->  Hash  (cost=709671.90..709671.90 rows=500 width=8) (actual time=10449.282..10449.282 rows=116 loops=1)
        Buckets: 1024  Batches: 1  Memory Usage: 13kB
        ->  Nested Loop  (cost=0.43..709671.90 rows=500 width=8) (actual time=4023.395..10449.164 rows=116 loops=1)
              ->  Seq Scan on cast_info ci  (cost=0.00..705507.15 rows=500 width=4) (actual time=4023.276..10444.904 rows=116 loops=1)
                    Filter: (person_id = 365655)
                    Rows Removed by Filter: 36244228
              ->  Index Only Scan using title_pkey on title t  (cost=0.43..8.32 rows=1 width=4) (actual time=0.035..0.035 rows=1 loops=116)
                    Index Cond: (id = ci.movie_id)
                    Heap Fetches: 116
Planning time: 2.026 ms
Execution time: 17510.919 ms
