Hash Join  (cost=259763.46..1335598.68 rows=9164475 width=0) (actual time=8207.063..39971.834 rows=32632123 loops=1)
  Hash Cond: (ci.movie_id = t.id)
  ->  Seq Scan on cast_info ci  (cost=0.00..796071.18 rows=14184258 width=4) (actual time=1318.704..15751.404 rows=15836103 loops=1)
        Filter: ((person_id < 1658755) AND (role_id < 9))
        Rows Removed by Filter: 20408241
  ->  Hash  (cost=232960.38..232960.38 rows=1633686 width=8) (actual time=6887.494..6887.494 rows=1643379 loops=1)
        Buckets: 131072  Batches: 32  Memory Usage: 3014kB
        ->  Hash Join  (cost=102767.86..232960.38 rows=1633686 width=8) (actual time=2527.313..6333.032 rows=1643379 loops=1)
              Hash Cond: (mk.movie_id = t.id)
              ->  Seq Scan on movie_keyword mk  (cost=0.00..81003.12 rows=1633686 width=4) (actual time=0.033..1512.599 rows=1643379 loops=1)
                    Filter: (keyword_id < 2492)
                    Rows Removed by Filter: 2880551
              ->  Hash  (cost=61283.27..61283.27 rows=2528527 width=4) (actual time=2526.268..2526.268 rows=2528312 loops=1)
                    Buckets: 131072  Batches: 64  Memory Usage: 2425kB
                    ->  Seq Scan on title t  (cost=0.00..61283.27 rows=2528527 width=4) (actual time=0.014..1024.452 rows=2528312 loops=1)
Planning time: 1.088 ms
Execution time: 43767.899 ms
