Seq Scan on cast_info ci  (cost=0.00..705507.15 rows=33618778 width=0) (actual time=330.872..12900.189 rows=33681718 loops=1)
  Filter: (person_id > 247061)
  Rows Removed by Filter: 2562626
Planning time: 0.307 ms
Execution time: 16966.860 ms
