Hash Join  (cost=83810.17..177421.24 rows=968375 width=0) (actual time=1831.407..4610.703 rows=1762519 loops=1)
  Hash Cond: (mc.movie_id = t.id)
  ->  Seq Scan on movie_companies mc  (cost=0.00..51404.11 rows=2478988 width=4) (actual time=0.022..1036.136 rows=2479827 loops=1)
        Filter: (company_id < 141575)
        Rows Removed by Filter: 129302
  ->  Hash  (cost=67604.59..67604.59 rows=987727 width=4) (actual time=1830.313..1830.313 rows=985048 loops=1)
        Buckets: 131072  Batches: 16  Memory Usage: 3188kB
        ->  Seq Scan on title t  (cost=0.00..67604.59 rows=987727 width=4) (actual time=0.019..1233.113 rows=985048 loops=1)
              Filter: (kind_id < 7)
              Rows Removed by Filter: 1543264
Planning time: 1.813 ms
Execution time: 4792.325 ms
