Seq Scan on cast_info ci  (cost=0.00..796071.18 rows=6289652 width=0) (actual time=8420.412..15685.452 rows=7450694 loops=1)
  Filter: ((person_id > 474412) AND (role_id = 2))
  Rows Removed by Filter: 28793650
Planning time: 0.259 ms
Execution time: 16594.676 ms
