Hash Join  (cost=102767.86..200632.81 rows=1249232 width=0) (actual time=1865.965..4352.347 rows=1178601 loops=1)
  Hash Cond: (mc.movie_id = t.id)
  ->  Seq Scan on movie_companies mc  (cost=0.00..57926.93 rows=1249232 width=4) (actual time=29.921..1124.011 rows=1178601 loops=1)
        Filter: ((company_id < 129396) AND (company_type_id > 1))
        Rows Removed by Filter: 1430528
  ->  Hash  (cost=61283.27..61283.27 rows=2528527 width=4) (actual time=1834.832..1834.832 rows=2528312 loops=1)
        Buckets: 131072  Batches: 64  Memory Usage: 2415kB
        ->  Seq Scan on title t  (cost=0.00..61283.27 rows=2528527 width=4) (actual time=0.014..985.846 rows=2528312 loops=1)
Planning time: 0.616 ms
Execution time: 4496.740 ms
