Seq Scan on movie_keyword mk  (cost=0.00..81003.12 rows=872966 width=0) (actual time=0.024..1267.729 rows=878267 loops=1)
  Filter: (keyword_id < 832)
  Rows Removed by Filter: 3645663
Planning time: 0.208 ms
Execution time: 1378.018 ms
