Hash Join  (cost=102767.86..189653.99 rows=792935 width=0) (actual time=1960.173..3854.663 rows=578639 loops=1)
  Hash Cond: (mc.movie_id = t.id)
  ->  Seq Scan on movie_companies mc  (cost=0.00..57926.93 rows=792935 width=4) (actual time=0.036..1008.211 rows=578639 loops=1)
        Filter: ((company_id > 4624) AND (company_type_id < 2))
        Rows Removed by Filter: 2030490
  ->  Hash  (cost=61283.27..61283.27 rows=2528527 width=4) (actual time=1959.447..1959.447 rows=2528312 loops=1)
        Buckets: 131072  Batches: 64  Memory Usage: 2415kB
        ->  Seq Scan on title t  (cost=0.00..61283.27 rows=2528527 width=4) (actual time=0.018..1094.163 rows=2528312 loops=1)
Planning time: 0.744 ms
Execution time: 3924.587 ms
