Hash Join  (cost=98137.04..1016483.41 rows=4195986 width=0) (actual time=1940.737..17535.613 rows=2373602 loops=1)
  Hash Cond: (ci.movie_id = t.id)
  ->  Seq Scan on cast_info ci  (cost=0.00..796071.18 rows=5701067 width=4) (actual time=0.024..12374.958 rows=3663624 loops=1)
        Filter: ((person_id > 2995897) AND (role_id < 10))
        Rows Removed by Filter: 32580720
  ->  Hash  (cost=67604.59..67604.59 rows=1860996 width=4) (actual time=1939.096..1939.096 rows=1865487 loops=1)
        Buckets: 131072  Batches: 32  Memory Usage: 3079kB
        ->  Seq Scan on title t  (cost=0.00..67604.59 rows=1860996 width=4) (actual time=0.021..1325.937 rows=1865487 loops=1)
              Filter: (kind_id > 1)
              Rows Removed by Filter: 662825
Planning time: 0.697 ms
Execution time: 17818.702 ms
