Seq Scan on cast_info ci  (cost=0.00..796071.18 rows=1156980 width=0) (actual time=1958.134..10855.888 rows=484233 loops=1)
  Filter: ((person_id < 170295) AND (role_id > 1))
  Rows Removed by Filter: 35760111
Planning time: 0.329 ms
Execution time: 10921.402 ms
