Hash Join  (cost=207446.07..332920.41 rows=1087390 width=0) (actual time=4635.478..10069.079 rows=11805392 loops=1)
  Hash Cond: (mk.movie_id = t.id)
  ->  Seq Scan on movie_keyword mk  (cost=0.00..81003.12 rows=2539818 width=4) (actual time=0.012..1733.231 rows=2533212 loops=1)
        Filter: (keyword_id < 6306)
        Rows Removed by Filter: 1990718
  ->  Hash  (cost=189685.12..189685.12 rows=1082556 width=8) (actual time=4634.541..4634.541 rows=954890 loops=1)
        Buckets: 131072  Batches: 16  Memory Usage: 3401kB
        ->  Hash Join  (cost=102702.86..189685.12 rows=1082556 width=8) (actual time=2141.571..4358.826 rows=954890 loops=1)
              Hash Cond: (mc.movie_id = t.id)
              ->  Seq Scan on movie_companies mc  (cost=0.00..51404.11 rows=1279517 width=4) (actual time=0.014..969.322 rows=1274246 loops=1)
                    Filter: (company_type_id < 2)
                    Rows Removed by Filter: 1334883
              ->  Hash  (cost=67604.59..67604.59 rows=2139302 width=4) (actual time=2140.628..2140.628 rows=2132973 loops=1)
                    Buckets: 131072  Batches: 32  Memory Usage: 3371kB
                    ->  Seq Scan on title t  (cost=0.00..67604.59 rows=2139302 width=4) (actual time=0.260..1455.734 rows=2132973 loops=1)
                          Filter: (production_year > 1966)
                          Rows Removed by Filter: 395339
Planning time: 1.124 ms
Execution time: 11356.732 ms
