Seq Scan on movie_companies mc  (cost=0.00..51404.11 rows=104 width=0) (actual time=394.468..769.912 rows=1 loops=1)
  Filter: (company_id = 188426)
  Rows Removed by Filter: 2609128
Planning time: 0.326 ms
Execution time: 769.996 ms
