Hash Join  (cost=709675.61..736586.62 rows=53 width=0) (actual time=11492.190..11959.682 rows=6 loops=1)
  Hash Cond: (mi_idx.movie_id = t.id)
  ->  Seq Scan on movie_info_idx mi_idx  (cost=0.00..21735.35 rows=1380035 width=4) (actual time=0.019..269.822 rows=1380035 loops=1)
  ->  Hash  (cost=709674.40..709674.40 rows=97 width=8) (actual time=11442.265..11442.265 rows=2 loops=1)
        Buckets: 1024  Batches: 1  Memory Usage: 9kB
        ->  Nested Loop  (cost=0.43..709674.40 rows=97 width=8) (actual time=6386.892..11442.249 rows=2 loops=1)
              ->  Seq Scan on cast_info ci  (cost=0.00..705507.15 rows=500 width=4) (actual time=451.244..11441.604 rows=11 loops=1)
                    Filter: (person_id = 1364143)
                    Rows Removed by Filter: 36244333
              ->  Index Scan using title_pkey on title t  (cost=0.43..8.32 rows=1 width=4) (actual time=0.054..0.054 rows=0 loops=11)
                    Index Cond: (id = ci.movie_id)
                    Filter: ((kind_id < 7) AND (production_year > 2002))
                    Rows Removed by Filter: 1
Planning time: 1.148 ms
Execution time: 11959.824 ms
