Hash Join  (cost=510035.48..667047.94 rows=2145347 width=0) (actual time=9863.868..14815.423 rows=4163297 loops=1)
  Hash Cond: (mk.movie_id = t.id)
  ->  Seq Scan on movie_keyword mk  (cost=0.00..81003.12 rows=4291165 width=4) (actual time=0.028..1907.462 rows=4280367 loops=1)
        Filter: (keyword_id > 210)
        Rows Removed by Filter: 243563
  ->  Hash  (cost=489295.91..489295.91 rows=1264125 width=8) (actual time=9862.020..9862.020 rows=1288928 loops=1)
        Buckets: 131072  Batches: 32  Memory Usage: 2594kB
        ->  Hash Join  (cost=102767.86..489295.91 rows=1264125 width=8) (actual time=4378.230..9499.152 rows=1288928 loops=1)
              Hash Cond: (mi.movie_id = t.id)
              ->  Seq Scan on movie_info mi  (cost=0.00..346232.03 rows=1264125 width=4) (actual time=2455.857..5713.198 rows=1288928 loops=1)
                    Filter: (info_type_id = 2)
                    Rows Removed by Filter: 13546792
              ->  Hash  (cost=61283.27..61283.27 rows=2528527 width=4) (actual time=1921.139..1921.139 rows=2528312 loops=1)
                    Buckets: 131072  Batches: 64  Memory Usage: 2425kB
                    ->  Seq Scan on title t  (cost=0.00..61283.27 rows=2528527 width=4) (actual time=0.020..1096.709 rows=2528312 loops=1)
Planning time: 4.958 ms
Execution time: 15273.908 ms
