Hash Join  (cost=147850.50..513104.15 rows=59772 width=0) (actual time=1449.893..8861.638 rows=82041 loops=1)
  Hash Cond: (mi.movie_id = t.id)
  ->  Seq Scan on movie_info mi  (cost=0.00..309384.22 rows=14739122 width=4) (actual time=0.019..4390.504 rows=14835720 loops=1)
  ->  Hash  (cost=147722.33..147722.33 rows=10254 width=8) (actual time=1449.479..1449.479 rows=8567 loops=1)
        Buckets: 16384  Batches: 1  Memory Usage: 463kB
        ->  Nested Loop  (cost=0.43..147722.33 rows=10254 width=8) (actual time=42.788..1444.600 rows=8567 loops=1)
              ->  Seq Scan on movie_keyword mk  (cost=0.00..81003.12 rows=10254 width=4) (actual time=42.680..1261.208 rows=8567 loops=1)
                    Filter: (keyword_id = 3636)
                    Rows Removed by Filter: 4515363
              ->  Index Only Scan using title_pkey on title t  (cost=0.43..6.50 rows=1 width=4) (actual time=0.020..0.021 rows=1 loops=8567)
                    Index Cond: (id = mk.movie_id)
                    Heap Fetches: 8567
Planning time: 1.071 ms
Execution time: 8874.602 ms
