Hash Join  (cost=250548.97..403202.08 rows=2586651 width=0) (actual time=5998.836..13722.348 rows=19587867 loops=1)
  Hash Cond: (mk.movie_id = t.id)
  ->  Seq Scan on movie_keyword mk  (cost=0.00..81003.12 rows=2881094 width=4) (actual time=0.026..1488.012 rows=2868889 loops=1)
        Filter: (keyword_id > 2523)
        Rows Removed by Filter: 1655041
  ->  Hash  (cost=213304.52..213304.52 rows=2270116 width=8) (actual time=5997.459..5997.459 rows=2072758 loops=1)
        Buckets: 131072  Batches: 32  Memory Usage: 3594kB
        ->  Hash Join  (cost=103698.42..213304.52 rows=2270116 width=8) (actual time=2014.620..5372.284 rows=2072758 loops=1)
              Hash Cond: (mc.movie_id = t.id)
              ->  Seq Scan on movie_companies mc  (cost=0.00..44881.29 rows=2609129 width=4) (actual time=0.023..895.365 rows=2609129 loops=1)
              ->  Hash  (cost=67604.59..67604.59 rows=2199987 width=4) (actual time=2013.443..2013.443 rows=2192624 loops=1)
                    Buckets: 131072  Batches: 32  Memory Usage: 3436kB
                    ->  Seq Scan on title t  (cost=0.00..67604.59 rows=2199987 width=4) (actual time=0.028..1304.320 rows=2192624 loops=1)
                          Filter: (production_year > 1961)
                          Rows Removed by Filter: 335688
Planning time: 2.220 ms
Execution time: 15955.648 ms
