Seq Scan on movie_keyword mk  (cost=0.00..81003.12 rows=3902122 width=0) (actual time=0.029..1578.078 rows=3901855 loops=1)
  Filter: (keyword_id < 29338)
  Rows Removed by Filter: 622075
Planning time: 0.274 ms
Execution time: 2061.210 ms
