Seq Scan on movie_keyword mk  (cost=0.00..81003.12 rows=373745 width=0) (actual time=0.019..1316.650 rows=371878 loops=1)
  Filter: (keyword_id > 45521)
  Rows Removed by Filter: 4152052
Planning time: 0.263 ms
Execution time: 1365.731 ms
