Hash Join  (cost=102767.86..1445713.33 rows=22316695 width=0) (actual time=2662.080..44064.853 rows=23079722 loops=1)
  Hash Cond: (ci.movie_id = t.id)
  ->  Seq Scan on cast_info ci  (cost=0.00..796071.18 rows=22316695 width=4) (actual time=0.022..18372.905 rows=23079722 loops=1)
        Filter: ((person_id > 174213) AND (role_id > 1))
        Rows Removed by Filter: 13164622
  ->  Hash  (cost=61283.27..61283.27 rows=2528527 width=4) (actual time=2661.116..2661.116 rows=2528312 loops=1)
        Buckets: 131072  Batches: 64  Memory Usage: 2415kB
        ->  Seq Scan on title t  (cost=0.00..61283.27 rows=2528527 width=4) (actual time=0.015..1129.703 rows=2528312 loops=1)
Planning time: 0.744 ms
Execution time: 46808.291 ms
