Hash Join  (cost=82400.67..186287.63 rows=313289 width=0) (actual time=1474.596..3825.011 rows=507776 loops=1)
  Hash Cond: (mk.movie_id = t.id)
  ->  Seq Scan on movie_keyword mk  (cost=0.00..81003.12 rows=1533585 width=4) (actual time=0.015..1495.847 rows=1544143 loops=1)
        Filter: (keyword_id < 2276)
        Rows Removed by Filter: 2979787
  ->  Hash  (cost=73925.90..73925.90 rows=516541 width=4) (actual time=1473.543..1473.543 rows=440918 loops=1)
        Buckets: 131072  Batches: 8  Memory Usage: 2967kB
        ->  Seq Scan on title t  (cost=0.00..73925.90 rows=516541 width=4) (actual time=0.024..1330.671 rows=440918 loops=1)
              Filter: ((kind_id < 7) AND (production_year > 2001))
              Rows Removed by Filter: 2087394
Planning time: 0.880 ms
Execution time: 3885.471 ms
