Seq Scan on movie_keyword mk  (cost=0.00..81003.12 rows=246 width=0) (actual time=1.806..1216.356 rows=868 loops=1)
  Filter: (keyword_id = 13091)
  Rows Removed by Filter: 4523062
Planning time: 0.375 ms
Execution time: 1216.703 ms
