Seq Scan on movie_keyword mk  (cost=0.00..81003.12 rows=246 width=0) (actual time=0.250..1264.792 rows=154 loops=1)
  Filter: (keyword_id = 3524)
  Rows Removed by Filter: 4523776
Planning time: 0.278 ms
Execution time: 1264.967 ms
