Hash Join  (cost=136765.93..507005.17 rows=64055 width=0) (actual time=3078.764..10089.003 rows=732843 loops=1)
  Hash Cond: (mi.movie_id = t.id)
  ->  Seq Scan on movie_info mi  (cost=0.00..346232.03 rows=6231111 width=4) (actual time=176.308..6231.620 rows=6223494 loops=1)
        Filter: (info_type_id > 8)
        Rows Removed by Filter: 8612226
  ->  Hash  (cost=136441.02..136441.02 rows=25993 width=8) (actual time=2530.025..2530.025 rows=16884 loops=1)
        Buckets: 32768  Batches: 1  Memory Usage: 916kB
        ->  Hash Join  (cost=69002.72..136441.02 rows=25993 width=8) (actual time=1192.697..2523.312 rows=16884 loops=1)
              Hash Cond: (mc.movie_id = t.id)
              ->  Seq Scan on movie_companies mc  (cost=0.00..57926.93 rows=771314 width=4) (actual time=0.104..1107.139 rows=556607 loops=1)
                    Filter: ((company_id > 5808) AND (company_type_id = 1))
                    Rows Removed by Filter: 2052522
              ->  Hash  (cost=67604.59..67604.59 rows=85211 width=4) (actual time=1190.973..1190.973 rows=84593 loops=1)
                    Buckets: 131072  Batches: 2  Memory Usage: 2518kB
                    ->  Seq Scan on title t  (cost=0.00..67604.59 rows=85211 width=4) (actual time=0.024..1158.664 rows=84593 loops=1)
                          Filter: (production_year = 2004)
                          Rows Removed by Filter: 2443719
Planning time: 4.862 ms
Execution time: 10183.070 ms
