Seq Scan on movie_keyword mk  (cost=0.00..81003.12 rows=246 width=0) (actual time=12.030..1261.885 rows=116 loops=1)
  Filter: (keyword_id = 27566)
  Rows Removed by Filter: 4523814
Planning time: 0.339 ms
Execution time: 1262.064 ms
