Hash Join  (cost=223663.60..1249822.59 rows=4199352 width=0) (actual time=9412.854..49768.757 rows=60028774 loops=1)
  Hash Cond: (ci.movie_id = t.id)
  ->  Seq Scan on cast_info ci  (cost=0.00..796071.18 rows=14456463 width=4) (actual time=3190.580..17225.053 rows=19712316 loops=1)
        Filter: ((person_id > 1371747) AND (role_id > 1))
        Rows Removed by Filter: 16532028
  ->  Hash  (cost=211612.43..211612.43 rows=734493 width=8) (actual time=6220.809..6220.809 rows=2287440 loops=1)
        Buckets: 131072 (originally 131072)  Batches: 32 (originally 16)  Memory Usage: 3764kB
        ->  Hash Join  (cost=80661.47..211612.43 rows=734493 width=8) (actual time=1264.781..5061.618 rows=2287440 loops=1)
              Hash Cond: (mk.movie_id = t.id)
              ->  Seq Scan on movie_keyword mk  (cost=0.00..69693.30 rows=4523930 width=4) (actual time=0.020..1472.854 rows=4523930 loops=1)
              ->  Hash  (cost=73925.90..73925.90 rows=410525 width=4) (actual time=1264.201..1264.201 rows=456146 loops=1)
                    Buckets: 131072  Batches: 8  Memory Usage: 3048kB
                    ->  Seq Scan on title t  (cost=0.00..73925.90 rows=410525 width=4) (actual time=276.619..1118.346 rows=456146 loops=1)
                          Filter: ((production_year < 2007) AND (kind_id = 1))
                          Rows Removed by Filter: 2072166
Planning time: 1.170 ms
Execution time: 56564.567 ms
