Hash Join  (cost=84097.84..118166.27 rows=113032 width=0) (actual time=1404.029..2236.937 rows=75811 loops=1)
  Hash Cond: (mi_idx.movie_id = t.id)
  ->  Seq Scan on movie_info_idx mi_idx  (cost=0.00..25185.44 rows=460978 width=4) (actual time=0.023..498.805 rows=459925 loops=1)
        Filter: (info_type_id = 99)
        Rows Removed by Filter: 920110
  ->  Hash  (cost=73925.90..73925.90 rows=619995 width=4) (actual time=1402.664..1402.664 rows=499560 loops=1)
        Buckets: 131072  Batches: 16  Memory Usage: 2121kB
        ->  Seq Scan on title t  (cost=0.00..73925.90 rows=619995 width=4) (actual time=0.025..1235.844 rows=499560 loops=1)
              Filter: ((kind_id > 2) AND (production_year < 1997))
              Rows Removed by Filter: 2028752
Planning time: 0.671 ms
Execution time: 2247.306 ms
