Hash Join  (cost=52284.99..79212.74 rows=19 width=0) (actual time=812.170..1310.002 rows=35 loops=1)
  Hash Cond: (mi_idx.movie_id = t.id)
  ->  Seq Scan on movie_info_idx mi_idx  (cost=0.00..25185.44 rows=464566 width=4) (actual time=0.043..459.878 rows=459925 loops=1)
        Filter: (info_type_id = 101)
        Rows Removed by Filter: 920110
  ->  Hash  (cost=52283.69..52283.69 rows=104 width=8) (actual time=786.646..786.646 rows=35 loops=1)
        Buckets: 1024  Batches: 1  Memory Usage: 10kB
        ->  Nested Loop  (cost=0.43..52283.69 rows=104 width=8) (actual time=338.714..786.631 rows=35 loops=1)
              ->  Seq Scan on movie_companies mc  (cost=0.00..51404.11 rows=104 width=4) (actual time=338.632..786.170 rows=35 loops=1)
                    Filter: (company_id = 86323)
                    Rows Removed by Filter: 2609094
              ->  Index Only Scan using title_pkey on title t  (cost=0.43..8.45 rows=1 width=4) (actual time=0.012..0.012 rows=1 loops=35)
                    Index Cond: (id = mc.movie_id)
                    Heap Fetches: 35
Planning time: 1.188 ms
Execution time: 1310.089 ms
