Hash Join  (cost=156632.14..241746.04 rows=730037 width=0) (actual time=3208.499..5639.947 rows=933090 loops=1)
  Hash Cond: (mc.movie_id = t.id)
  ->  Seq Scan on movie_companies mc  (cost=0.00..44881.29 rows=2609129 width=4) (actual time=0.012..932.508 rows=2609129 loops=1)
  ->  Hash  (cost=145024.57..145024.57 rows=707485 width=8) (actual time=3207.621..3207.621 rows=456618 loops=1)
        Buckets: 131072  Batches: 16  Memory Usage: 2154kB
        ->  Hash Join  (cost=95193.24..145024.57 rows=707485 width=8) (actual time=1743.576..3091.488 rows=456618 loops=1)
              Hash Cond: (mi_idx.movie_id = t.id)
              ->  Seq Scan on movie_info_idx mi_idx  (cost=0.00..21735.35 rows=1380035 width=4) (actual time=0.025..417.101 rows=1380035 loops=1)
              ->  Hash  (cost=73925.90..73925.90 rows=1296267 width=4) (actual time=1742.721..1742.721 rows=1414573 loops=1)
                    Buckets: 131072  Batches: 32  Memory Usage: 2590kB
                    ->  Seq Scan on title t  (cost=0.00..73925.90 rows=1296267 width=4) (actual time=0.031..1285.896 rows=1414573 loops=1)
                          Filter: ((kind_id > 3) AND (production_year > 1978))
                          Rows Removed by Filter: 1113739
Planning time: 1.206 ms
Execution time: 5754.429 ms
