Hash Join  (cost=188614.10..981282.96 rows=244426 width=0) (actual time=19073.362..19444.174 rows=2 loops=1)
  Hash Cond: (ci.movie_id = t.id)
  ->  Seq Scan on cast_info ci  (cost=0.00..705507.15 rows=7298253 width=4) (actual time=0.020..13597.114 rows=7451973 loops=1)
        Filter: (role_id = 2)
        Rows Removed by Filter: 28792371
  ->  Hash  (cost=187224.56..187224.56 rows=84683 width=8) (actual time=3385.781..3385.781 rows=1 loops=1)
        Buckets: 131072  Batches: 2  Memory Usage: 1024kB
        ->  Hash Join  (cost=75291.94..187224.56 rows=84683 width=8) (actual time=3268.794..3385.696 rows=1 loops=1)
              Hash Cond: (mk.movie_id = t.id)
              ->  Seq Scan on movie_keyword mk  (cost=0.00..81003.12 rows=2573510 width=4) (actual time=0.017..1585.776 rows=2563057 loops=1)
                    Filter: (keyword_id > 3421)
                    Rows Removed by Filter: 1960873
              ->  Hash  (cost=73925.90..73925.90 rows=83203 width=4) (actual time=1076.304..1076.304 rows=28 loops=1)
                    Buckets: 131072  Batches: 2  Memory Usage: 1031kB
                    ->  Seq Scan on title t  (cost=0.00..73925.90 rows=83203 width=4) (actual time=240.970..1076.201 rows=28 loops=1)
                          Filter: ((production_year < 1939) AND (kind_id = 7))
                          Rows Removed by Filter: 2528284
Planning time: 1.147 ms
Execution time: 19444.464 ms
