Hash Join  (cost=438863.76..564490.27 rows=297447 width=0) (actual time=7257.149..11055.490 rows=3165780 loops=1)
  Hash Cond: (mk.movie_id = t.id)
  ->  Seq Scan on movie_keyword mk  (cost=0.00..69693.30 rows=4523930 width=4) (actual time=0.014..1449.553 rows=4523930 loops=1)
  ->  Hash  (cost=436135.64..436135.64 rows=166250 width=8) (actual time=7256.250..7256.250 rows=207494 loops=1)
        Buckets: 131072  Batches: 4  Memory Usage: 3061kB
        ->  Hash Join  (cost=78183.26..436135.64 rows=166250 width=8) (actual time=3952.446..7200.536 rows=207494 loops=1)
              Hash Cond: (mi.movie_id = t.id)
              ->  Seq Scan on movie_info mi  (cost=0.00..346232.03 rows=651960 width=4) (actual time=2524.637..5349.132 rows=660923 loops=1)
                    Filter: (info_type_id = 18)
                    Rows Removed by Filter: 14174797
              ->  Hash  (cost=67604.59..67604.59 rows=644774 width=4) (actual time=1426.711..1426.711 rows=642973 loops=1)
                    Buckets: 131072  Batches: 16  Memory Usage: 2439kB
                    ->  Seq Scan on title t  (cost=0.00..67604.59 rows=644774 width=4) (actual time=0.023..1211.573 rows=642973 loops=1)
                          Filter: (production_year < 1988)
                          Rows Removed by Filter: 1885339
Planning time: 1.096 ms
Execution time: 11420.418 ms
