Hash Join  (cost=437320.39..524674.85 rows=69643 width=0) (actual time=7706.388..8173.620 rows=23743 loops=1)
  Hash Cond: (mk.movie_id = t.id)
  ->  Seq Scan on movie_keyword mk  (cost=0.00..69693.30 rows=4523930 width=4) (actual time=0.023..807.223 rows=4523930 loops=1)
  ->  Hash  (cost=436833.82..436833.82 rows=38925 width=8) (actual time=6537.576..6537.576 rows=14639 loops=1)
        Buckets: 65536  Batches: 1  Memory Usage: 1084kB
        ->  Hash Join  (cost=75195.76..436833.82 rows=38925 width=8) (actual time=1852.502..6531.023 rows=14639 loops=1)
              Hash Cond: (mi.movie_id = t.id)
              ->  Seq Scan on movie_info mi  (cost=0.00..346232.03 rows=1272478 width=4) (actual time=727.105..4918.458 rows=1325361 loops=1)
                    Filter: (info_type_id = 8)
                    Rows Removed by Filter: 13510359
              ->  Hash  (cost=73925.90..73925.90 rows=77348 width=4) (actual time=1124.467..1124.467 rows=84109 loops=1)
                    Buckets: 131072  Batches: 2  Memory Usage: 2515kB
                    ->  Seq Scan on title t  (cost=0.00..73925.90 rows=77348 width=4) (actual time=119.342..1089.996 rows=84109 loops=1)
                          Filter: ((kind_id = 7) AND (production_year = 2008))
                          Rows Removed by Filter: 2444203
Planning time: 1.166 ms
Execution time: 8176.884 ms
