Hash Join  (cost=159533.07..1218104.74 rows=2411051 width=0) (actual time=3809.047..33941.063 rows=4634776 loops=1)
  Hash Cond: (ci.movie_id = t.id)
  ->  Seq Scan on cast_info ci  (cost=0.00..614943.12 rows=36225612 width=4) (actual time=0.013..13113.940 rows=36244344 loops=1)
  ->  Hash  (cost=156771.44..156771.44 rows=168290 width=8) (actual time=3808.208..3808.208 rows=161659 loops=1)
        Buckets: 131072  Batches: 4  Memory Usage: 2595kB
        ->  Hash Join  (cost=94009.45..156771.44 rows=168290 width=8) (actual time=2802.244..3757.499 rows=161659 loops=1)
              Hash Cond: (mc.movie_id = t.id)
              ->  Seq Scan on movie_companies mc  (cost=0.00..51404.11 rows=264396 width=4) (actual time=324.744..826.519 rows=267908 loops=1)
                    Filter: (company_id > 98061)
                    Rows Removed by Filter: 2341221
              ->  Hash  (cost=67604.59..67604.59 rows=1609429 width=4) (actual time=2476.458..2476.458 rows=1607077 loops=1)
                    Buckets: 131072  Batches: 32  Memory Usage: 2791kB
                    ->  Seq Scan on title t  (cost=0.00..67604.59 rows=1609429 width=4) (actual time=0.028..1231.541 rows=1607077 loops=1)
                          Filter: (production_year > 1995)
                          Rows Removed by Filter: 921235
Planning time: 1.193 ms
Execution time: 34514.861 ms
