Hash Join  (cost=709678.15..764348.83 rows=516 width=0) (actual time=10042.786..11124.765 rows=30 loops=1)
  Hash Cond: (mc.movie_id = t.id)
  ->  Seq Scan on movie_companies mc  (cost=0.00..44881.29 rows=2609129 width=4) (actual time=0.016..621.792 rows=2609129 loops=1)
  ->  Hash  (cost=709671.90..709671.90 rows=500 width=8) (actual time=10026.019..10026.019 rows=46 loops=1)
        Buckets: 1024  Batches: 1  Memory Usage: 10kB
        ->  Nested Loop  (cost=0.43..709671.90 rows=500 width=8) (actual time=3367.646..10025.942 rows=46 loops=1)
              ->  Seq Scan on cast_info ci  (cost=0.00..705507.15 rows=500 width=4) (actual time=3367.499..10025.161 rows=46 loops=1)
                    Filter: (person_id = 2884372)
                    Rows Removed by Filter: 36244298
              ->  Index Only Scan using title_pkey on title t  (cost=0.43..8.32 rows=1 width=4) (actual time=0.014..0.014 rows=1 loops=46)
                    Index Cond: (id = ci.movie_id)
                    Heap Fetches: 46
Planning time: 2.734 ms
Execution time: 11124.879 ms
