Seq Scan on cast_info ci  (cost=0.00..705507.15 rows=9836948 width=0) (actual time=0.053..12643.247 rows=9812666 loops=1)
  Filter: (person_id > 2729872)
  Rows Removed by Filter: 26431678
Planning time: 0.293 ms
Execution time: 13882.169 ms
