Hash Join  (cost=102767.86..182991.37 rows=787163 width=0) (actual time=1976.224..3963.273 rows=775193 loops=1)
  Hash Cond: (mc.movie_id = t.id)
  ->  Seq Scan on movie_companies mc  (cost=0.00..51404.11 rows=787163 width=4) (actual time=0.023..932.540 rows=775193 loops=1)
        Filter: (company_id < 1682)
        Rows Removed by Filter: 1833936
  ->  Hash  (cost=61283.27..61283.27 rows=2528527 width=4) (actual time=1975.060..1975.060 rows=2528312 loops=1)
        Buckets: 131072  Batches: 64  Memory Usage: 2415kB
        ->  Seq Scan on title t  (cost=0.00..61283.27 rows=2528527 width=4) (actual time=0.016..1125.521 rows=2528312 loops=1)
Planning time: 9.019 ms
Execution time: 4053.956 ms
