Hash Join  (cost=75464.55..913097.68 rows=127968 width=0) (actual time=8806.055..17978.813 rows=401018 loops=1)
  Hash Cond: (ci.movie_id = t.id)
  ->  Seq Scan on cast_info ci  (cost=0.00..796071.18 rows=3452070 width=4) (actual time=7456.039..13385.650 rows=7826495 loops=1)
        Filter: ((person_id > 2685979) AND (role_id > 3))
        Rows Removed by Filter: 28417849
  ->  Hash  (cost=73925.90..73925.90 rows=93732 width=4) (actual time=1348.748..1348.748 rows=100592 loops=1)
        Buckets: 131072  Batches: 2  Memory Usage: 2791kB
        ->  Seq Scan on title t  (cost=0.00..73925.90 rows=93732 width=4) (actual time=0.037..1296.634 rows=100592 loops=1)
              Filter: ((kind_id > 1) AND (production_year = 2009))
              Rows Removed by Filter: 2427720
Planning time: 0.744 ms
Execution time: 18033.876 ms
