Hash Join  (cost=172108.69..302148.40 rows=659667 width=0) (actual time=3779.439..7343.973 rows=1558680 loops=1)
  Hash Cond: (mk.movie_id = t.id)
  ->  Seq Scan on movie_keyword mk  (cost=0.00..69693.30 rows=4523930 width=4) (actual time=0.013..1386.078 rows=4523930 loops=1)
  ->  Hash  (cost=166058.91..166058.91 rows=368703 width=8) (actual time=3778.238..3778.238 rows=276502 loops=1)
        Buckets: 131072  Batches: 8  Memory Usage: 2383kB
        ->  Hash Join  (cost=91342.70..166058.91 rows=368703 width=8) (actual time=1842.873..3685.638 rows=276502 loops=1)
              Hash Cond: (mc.movie_id = t.id)
              ->  Seq Scan on movie_companies mc  (cost=0.00..57926.93 rows=644331 width=4) (actual time=0.019..1031.309 rows=408875 loops=1)
                    Filter: ((company_id < 11163) AND (company_type_id = 2))
                    Rows Removed by Filter: 2200254
              ->  Hash  (cost=67604.59..67604.59 rows=1446889 width=4) (actual time=1841.645..1841.645 rows=1443298 loops=1)
                    Buckets: 131072  Batches: 32  Memory Usage: 2608kB
                    ->  Seq Scan on title t  (cost=0.00..67604.59 rows=1446889 width=4) (actual time=0.016..1368.936 rows=1443298 loops=1)
                          Filter: (production_year < 2006)
                          Rows Removed by Filter: 1085014
Planning time: 1.172 ms
Execution time: 7523.198 ms
