Nested Loop  (cost=0.43..69059.54 rows=1374 width=0) (actual time=0.965..1042.477 rows=1433 loops=1)
  ->  Seq Scan on movie_companies mc  (cost=0.00..57926.93 rows=1374 width=4) (actual time=0.917..967.795 rows=1433 loops=1)
        Filter: ((company_type_id > 1) AND (company_id = 181))
        Rows Removed by Filter: 2607696
  ->  Index Only Scan using title_pkey on title t  (cost=0.43..8.09 rows=1 width=4) (actual time=0.051..0.051 rows=1 loops=1433)
        Index Cond: (id = mc.movie_id)
        Heap Fetches: 1433
Planning time: 0.765 ms
Execution time: 1042.945 ms
