Hash Join  (cost=516768.09..669181.74 rows=2496161 width=0) (actual time=9390.556..15018.173 rows=7254544 loops=1)
  Hash Cond: (mk.movie_id = t.id)
  ->  Seq Scan on movie_keyword mk  (cost=0.00..69693.30 rows=4523930 width=4) (actual time=0.026..1536.446 rows=4523930 loops=1)
  ->  Hash  (cost=493878.58..493878.58 rows=1395161 width=8) (actual time=9388.939..9388.939 rows=1248836 loops=1)
        Buckets: 131072  Batches: 32  Memory Usage: 2554kB
        ->  Hash Join  (cost=104943.62..493878.58 rows=1395161 width=8) (actual time=4051.658..9023.026 rows=1248836 loops=1)
              Hash Cond: (mi.movie_id = t.id)
              ->  Seq Scan on movie_info mi  (cost=0.00..346232.03 rows=1550064 width=4) (actual time=1951.598..5365.385 rows=1533909 loops=1)
                    Filter: (info_type_id = 3)
                    Rows Removed by Filter: 13301811
              ->  Hash  (cost=67604.59..67604.59 rows=2275843 width=4) (actual time=2099.078..2099.078 rows=2268428 loops=1)
                    Buckets: 131072  Batches: 32  Memory Usage: 3529kB
                    ->  Seq Scan on title t  (cost=0.00..67604.59 rows=2275843 width=4) (actual time=0.034..1348.923 rows=2268428 loops=1)
                          Filter: (production_year > 1953)
                          Rows Removed by Filter: 259884
Planning time: 1.788 ms
Execution time: 15811.595 ms
