Hash Join  (cost=83075.04..110004.29 rows=31 width=0) (actual time=1250.022..1715.481 rows=37 loops=1)
  Hash Cond: (mi_idx.movie_id = t.id)
  ->  Seq Scan on movie_info_idx mi_idx  (cost=0.00..25185.44 rows=464934 width=4) (actual time=0.023..446.499 rows=460185 loops=1)
        Filter: (info_type_id > 100)
        Rows Removed by Filter: 919850
  ->  Hash  (cost=83072.90..83072.90 rows=171 width=8) (actual time=1208.763..1208.763 rows=46 loops=1)
        Buckets: 1024  Batches: 1  Memory Usage: 10kB
        ->  Nested Loop  (cost=0.43..83072.90 rows=171 width=8) (actual time=92.140..1208.696 rows=46 loops=1)
              ->  Seq Scan on movie_keyword mk  (cost=0.00..81003.12 rows=246 width=4) (actual time=24.938..1202.572 rows=163 loops=1)
                    Filter: (keyword_id = 3203)
                    Rows Removed by Filter: 4523767
              ->  Index Scan using title_pkey on title t  (cost=0.43..8.40 rows=1 width=4) (actual time=0.035..0.035 rows=0 loops=163)
                    Index Cond: (id = mk.movie_id)
                    Filter: ((kind_id > 1) AND (production_year < 2013))
                    Rows Removed by Filter: 1
Planning time: 1.211 ms
Execution time: 1715.632 ms
