Hash Join  (cost=83073.10..447732.81 rows=379 width=0) (actual time=1587.847..8638.272 rows=25110 loops=1)
  Hash Cond: (mi.movie_id = t.id)
  ->  Seq Scan on movie_info mi  (cost=0.00..309384.22 rows=14739122 width=4) (actual time=0.023..4443.292 rows=14835720 loops=1)
  ->  Hash  (cost=83072.29..83072.29 rows=65 width=8) (actual time=1412.649..1412.649 rows=411 loops=1)
        Buckets: 1024  Batches: 1  Memory Usage: 25kB
        ->  Nested Loop  (cost=0.43..83072.29 rows=65 width=8) (actual time=153.010..1412.253 rows=411 loops=1)
              ->  Seq Scan on movie_keyword mk  (cost=0.00..81003.12 rows=246 width=4) (actual time=3.701..1385.272 rows=516 loops=1)
                    Filter: (keyword_id = 2096)
                    Rows Removed by Filter: 4523414
              ->  Index Scan using title_pkey on title t  (cost=0.43..8.40 rows=1 width=4) (actual time=0.050..0.050 rows=1 loops=516)
                    Index Cond: (id = mk.movie_id)
                    Filter: (kind_id = 1)
                    Rows Removed by Filter: 0
Planning time: 1.800 ms
Execution time: 8643.492 ms
