Seq Scan on movie_keyword mk  (cost=0.00..81003.12 rows=3849567 width=0) (actual time=0.026..1576.951 rows=3845780 loops=1)
  Filter: (keyword_id < 27616)
  Rows Removed by Filter: 678150
Planning time: 0.313 ms
Execution time: 2063.363 ms
