Seq Scan on title t  (cost=0.00..67604.59 rows=27055 width=94) (actual time=0.022..1319.741 rows=26775 loops=1)
  Filter: (production_year = 1993)
  Rows Removed by Filter: 2501537
Planning time: 1.745 ms
Execution time: 1321.468 ms
