Hash Join  (cost=103634.05..157676.08 rows=201047 width=144) (actual time=2191.090..3208.361 rows=109567 loops=1)
  Hash Cond: (mi_idx.movie_id = t.id)
  ->  Seq Scan on movie_info_idx mi_idx  (cost=0.00..25185.44 rows=464566 width=50) (actual time=0.028..635.232 rows=459925 loops=1)
        Filter: (info_type_id = 101)
        Rows Removed by Filter: 920110
  ->  Hash  (cost=73925.90..73925.90 rows=1094252 width=94) (actual time=2029.792..2029.792 rows=1044222 loops=1)
        Buckets: 32768  Batches: 64  Memory Usage: 2118kB
        ->  Seq Scan on title t  (cost=0.00..73925.90 rows=1094252 width=94) (actual time=0.015..1562.244 rows=1044222 loops=1)
              Filter: ((production_year < 2009) AND (kind_id = 7))
              Rows Removed by Filter: 1484090
Planning time: 0.942 ms
Execution time: 3214.010 ms
