Hash Join  (cost=101188.02..905704.21 rows=80214 width=0) (actual time=1640.682..20703.790 rows=341849 loops=1)
  Hash Cond: (ci.movie_id = t.id)
  ->  Seq Scan on cast_info ci  (cost=0.00..705507.15 rows=26188498 width=4) (actual time=0.023..13063.019 rows=26197497 loops=1)
        Filter: (person_id < 2711117)
        Rows Removed by Filter: 10046847
  ->  Hash  (cost=101091.21..101091.21 rows=7745 width=8) (actual time=1640.491..1640.491 rows=16145 loops=1)
        Buckets: 16384 (originally 8192)  Batches: 1 (originally 1)  Memory Usage: 759kB
        ->  Hash Join  (cost=74103.28..101091.21 rows=7745 width=8) (actual time=1017.653..1634.218 rows=16145 loops=1)
              Hash Cond: (mi_idx.movie_id = t.id)
              ->  Seq Scan on movie_info_idx mi_idx  (cost=0.00..21735.35 rows=1380035 width=4) (actual time=0.027..310.247 rows=1380035 loops=1)
              ->  Hash  (cost=73925.90..73925.90 rows=14190 width=4) (actual time=1016.903..1016.903 rows=12208 loops=1)
                    Buckets: 16384  Batches: 1  Memory Usage: 558kB
                    ->  Seq Scan on title t  (cost=0.00..73925.90 rows=14190 width=4) (actual time=0.023..1011.198 rows=12208 loops=1)
                          Filter: ((kind_id < 7) AND (production_year = 1996))
                          Rows Removed by Filter: 2516104
Planning time: 2.843 ms
Execution time: 20754.841 ms
