Hash Join  (cost=485767.61..1625172.76 rows=10279893 width=0) (actual time=9084.730..39493.285 rows=5722457 loops=1)
  Hash Cond: (ci.movie_id = t.id)
  ->  Seq Scan on cast_info ci  (cost=0.00..614943.12 rows=36225612 width=4) (actual time=0.024..12836.410 rows=36244344 loops=1)
  ->  Hash  (cost=473995.47..473995.47 rows=717531 width=8) (actual time=9083.730..9083.730 rows=186172 loops=1)
        Buckets: 131072  Batches: 16  Memory Usage: 1473kB
        ->  Hash Join  (cost=99627.24..473995.47 rows=717531 width=8) (actual time=4441.566..9023.720 rows=186172 loops=1)
              Hash Cond: (mi.movie_id = t.id)
              ->  Seq Scan on movie_info mi  (cost=0.00..346232.03 rows=1158179 width=4) (actual time=1996.995..5706.205 rows=1204709 loops=1)
                    Filter: (info_type_id > 18)
                    Rows Removed by Filter: 13631011
              ->  Hash  (cost=73925.90..73925.90 rows=1566507 width=4) (actual time=2371.171..2371.171 rows=1608792 loops=1)
                    Buckets: 131072  Batches: 32  Memory Usage: 2803kB
                    ->  Seq Scan on title t  (cost=0.00..73925.90 rows=1566507 width=4) (actual time=0.036..1544.162 rows=1608792 loops=1)
                          Filter: ((kind_id > 3) AND (production_year > 1919))
                          Rows Removed by Filter: 919520
Planning time: 1.483 ms
Execution time: 40187.135 ms
