Seq Scan on cast_info ci  (cost=0.00..796071.18 rows=4933149 width=0) (actual time=4446.574..12571.407 rows=7645160 loops=1)
  Filter: ((person_id > 2911206) AND (role_id > 1))
  Rows Removed by Filter: 28599184
Planning time: 0.374 ms
Execution time: 13522.035 ms
