Seq Scan on cast_info ci  (cost=0.00..796071.18 rows=5816533 width=0) (actual time=0.012..12648.018 rows=8982531 loops=1)
  Filter: ((person_id > 2798071) AND (role_id > 1))
  Rows Removed by Filter: 27261813
Planning time: 0.269 ms
Execution time: 13710.462 ms
