Hash Join  (cost=215058.55..1097871.43 rows=1647211 width=0) (actual time=9602.666..30312.067 rows=24070505 loops=1)
  Hash Cond: (ci.movie_id = t.id)
  ->  Seq Scan on cast_info ci  (cost=0.00..796071.18 rows=5836164 width=4) (actual time=4514.351..14175.593 rows=10522752 loops=1)
        Filter: ((person_id > 2357812) AND (role_id > 2))
        Rows Removed by Filter: 25721592
  ->  Hash  (cost=203349.85..203349.85 rows=713656 width=8) (actual time=5086.890..5086.890 rows=1657106 loops=1)
        Buckets: 131072 (originally 131072)  Batches: 32 (originally 16)  Memory Usage: 3073kB
        ->  Hash Join  (cost=89387.37..203349.85 rows=713656 width=8) (actual time=1427.047..4610.975 rows=1657106 loops=1)
              Hash Cond: (mk.movie_id = t.id)
              ->  Seq Scan on movie_keyword mk  (cost=0.00..81003.12 rows=1914879 width=4) (actual time=0.039..1686.950 rows=1928794 loops=1)
                    Filter: (keyword_id < 3316)
                    Rows Removed by Filter: 2595136
              ->  Hash  (cost=73925.90..73925.90 rows=942357 width=4) (actual time=1425.990..1425.990 rows=926057 loops=1)
                    Buckets: 131072  Batches: 16  Memory Usage: 3068kB
                    ->  Seq Scan on title t  (cost=0.00..73925.90 rows=942357 width=4) (actual time=0.031..1138.216 rows=926057 loops=1)
                          Filter: ((kind_id < 7) AND (production_year > 1913))
                          Rows Removed by Filter: 1602255
Planning time: 1.229 ms
Execution time: 32786.710 ms
