Hash Join  (cost=177936.76..218750.21 rows=181897 width=0) (actual time=3747.697..4656.414 rows=34377 loops=1)
  Hash Cond: (mi_idx.movie_id = t.id)
  ->  Seq Scan on movie_info_idx mi_idx  (cost=0.00..21735.35 rows=1380035 width=4) (actual time=0.028..436.380 rows=1380035 loops=1)
  ->  Hash  (cost=172468.82..172468.82 rows=333275 width=8) (actual time=3651.646..3651.646 rows=32981 loops=1)
        Buckets: 131072  Batches: 8  Memory Usage: 1188kB
        ->  Hash Join  (cost=98137.04..172468.82 rows=333275 width=8) (actual time=2517.467..3640.292 rows=32981 loops=1)
              Hash Cond: (mc.movie_id = t.id)
              ->  Seq Scan on movie_companies mc  (cost=0.00..57926.93 rows=452819 width=4) (actual time=214.776..989.874 rows=139437 loops=1)
                    Filter: ((company_id > 19413) AND (company_type_id < 2))
                    Rows Removed by Filter: 2469692
              ->  Hash  (cost=67604.59..67604.59 rows=1860996 width=4) (actual time=2300.607..2300.607 rows=1865487 loops=1)
                    Buckets: 131072  Batches: 32  Memory Usage: 3079kB
                    ->  Seq Scan on title t  (cost=0.00..67604.59 rows=1860996 width=4) (actual time=0.027..1420.093 rows=1865487 loops=1)
                          Filter: (kind_id > 1)
                          Rows Removed by Filter: 662825
Planning time: 1.131 ms
Execution time: 4660.960 ms
