Hash Join  (cost=102767.86..979745.89 rows=2951806 width=0) (actual time=5981.425..16996.536 rows=950777 loops=1)
  Hash Cond: (ci.movie_id = t.id)
  ->  Seq Scan on cast_info ci  (cost=0.00..796071.18 rows=2951806 width=4) (actual time=4038.859..13900.150 rows=950777 loops=1)
        Filter: ((person_id < 2549417) AND (role_id = 10))
        Rows Removed by Filter: 35293567
  ->  Hash  (cost=61283.27..61283.27 rows=2528527 width=4) (actual time=1941.289..1941.289 rows=2528312 loops=1)
        Buckets: 131072  Batches: 64  Memory Usage: 2415kB
        ->  Seq Scan on title t  (cost=0.00..61283.27 rows=2528527 width=4) (actual time=0.037..1099.357 rows=2528312 loops=1)
Planning time: 0.766 ms
Execution time: 17113.682 ms
