Seq Scan on movie_companies mc  (cost=0.00..57926.93 rows=53 width=0) (actual time=4.192..884.389 rows=1090 loops=1)
  Filter: ((company_type_id > 1) AND (company_id = 73705))
  Rows Removed by Filter: 2608039
Planning time: 0.312 ms
Execution time: 884.608 ms
