Hash Join  (cost=74710.74..132691.40 rows=334 width=0) (actual time=1448.077..1990.113 rows=263 loops=1)
  Hash Cond: (mc.movie_id = t.id)
  ->  Seq Scan on movie_companies mc  (cost=0.00..57926.93 rows=13435 width=4) (actual time=310.401..847.185 rows=12833 loops=1)
        Filter: ((company_type_id < 2) AND (company_id = 27))
        Rows Removed by Filter: 2596296
  ->  Hash  (cost=73925.90..73925.90 rows=62787 width=4) (actual time=1136.470..1136.470 rows=53770 loops=1)
        Buckets: 65536  Batches: 1  Memory Usage: 2403kB
        ->  Seq Scan on title t  (cost=0.00..73925.90 rows=62787 width=4) (actual time=0.025..1114.086 rows=53770 loops=1)
              Filter: ((kind_id < 7) AND (production_year = 2011))
              Rows Removed by Filter: 2474542
Planning time: 0.713 ms
Execution time: 1990.417 ms
