Seq Scan on movie_companies mc  (cost=0.00..51404.11 rows=2034508 width=0) (actual time=0.012..940.579 rows=2031038 loops=1)
  Filter: (company_id < 71105)
  Rows Removed by Filter: 578091
Planning time: 0.315 ms
Execution time: 1184.532 ms
