Seq Scan on movie_keyword mk  (cost=0.00..81003.12 rows=1923121 width=0) (actual time=0.028..1047.563 rows=1934369 loops=1)
  Filter: (keyword_id > 6870)
  Rows Removed by Filter: 2589561
Planning time: 0.321 ms
Execution time: 1240.334 ms
