Hash Join  (cost=186791.41..1259141.94 rows=3752344 width=0) (actual time=4007.803..44450.920 rows=32063644 loops=1)
  Hash Cond: (ci.movie_id = t.id)
  ->  Seq Scan on cast_info ci  (cost=0.00..614943.12 rows=36225612 width=4) (actual time=0.013..13467.771 rows=36244344 loops=1)
  ->  Hash  (cost=182493.52..182493.52 rows=261911 width=8) (actual time=4006.783..4006.783 rows=761363 loops=1)
        Buckets: 131072 (originally 131072)  Batches: 16 (originally 4)  Memory Usage: 3073kB
        ->  Hash Join  (cost=83891.93..182493.52 rows=261911 width=8) (actual time=1308.937..3761.988 rows=761363 loops=1)
              Hash Cond: (mk.movie_id = t.id)
              ->  Seq Scan on movie_keyword mk  (cost=0.00..81003.12 rows=1090228 width=4) (actual time=0.023..1570.230 rows=1094487 loops=1)
                    Filter: (keyword_id < 1118)
                    Rows Removed by Filter: 3429443
              ->  Hash  (cost=73925.90..73925.90 rows=607442 width=4) (actual time=1308.067..1308.067 rows=675690 loops=1)
                    Buckets: 131072  Batches: 8  Memory Usage: 4020kB
                    ->  Seq Scan on title t  (cost=0.00..73925.90 rows=607442 width=4) (actual time=0.014..1090.645 rows=675690 loops=1)
                          Filter: ((kind_id < 7) AND (production_year < 2007))
                          Rows Removed by Filter: 1852622
Planning time: 1.173 ms
Execution time: 48081.780 ms
