Hash Join  (cost=204977.93..275673.02 rows=224694 width=0) (actual time=4212.352..5765.067 rows=103701 loops=1)
  Hash Cond: (mc.movie_id = t.id)
  ->  Seq Scan on movie_companies mc  (cost=0.00..51404.11 rows=1329612 width=4) (actual time=0.023..1015.357 rows=1334883 loops=1)
        Filter: (company_type_id = 2)
        Rows Removed by Filter: 1274246
  ->  Hash  (cost=197966.68..197966.68 rows=427300 width=8) (actual time=4211.535..4211.535 rows=115389 loops=1)
        Buckets: 131072  Batches: 8  Memory Usage: 1588kB
        ->  Hash Join  (cost=98498.33..197966.68 rows=427300 width=8) (actual time=2966.889..4172.438 rows=115389 loops=1)
              Hash Cond: (mk.movie_id = t.id)
              ->  Seq Scan on movie_keyword mk  (cost=0.00..81003.12 rows=721393 width=4) (actual time=0.029..1456.041 rows=725398 loops=1)
                    Filter: (keyword_id > 25853)
                    Rows Removed by Filter: 3798532
              ->  Hash  (cost=73925.90..73925.90 rows=1497714 width=4) (actual time=2085.367..2085.367 rows=1478440 loops=1)
                    Buckets: 131072  Batches: 32  Memory Usage: 2656kB
                    ->  Seq Scan on title t  (cost=0.00..73925.90 rows=1497714 width=4) (actual time=0.012..1595.983 rows=1478440 loops=1)
                          Filter: ((production_year > 0) AND (kind_id = 7))
                          Rows Removed by Filter: 1049872
Planning time: 1.218 ms
Execution time: 5775.733 ms
