Hash Join  (cost=158717.72..286856.36 rows=401801 width=0) (actual time=3435.762..12157.812 rows=18385080 loops=1)
  Hash Cond: (mk.movie_id = t.id)
  ->  Seq Scan on movie_keyword mk  (cost=0.00..81003.12 rows=3634534 width=4) (actual time=0.014..1799.203 rows=3627913 loops=1)
        Filter: (keyword_id > 845)
        Rows Removed by Filter: 896017
  ->  Hash  (cost=154131.59..154131.59 rows=279531 width=8) (actual time=3434.834..3434.834 rows=630255 loops=1)
        Buckets: 131072 (originally 131072)  Batches: 16 (originally 4)  Memory Usage: 3073kB
        ->  Hash Join  (cost=78556.72..154131.59 rows=279531 width=8) (actual time=1358.883..3240.586 rows=630255 loops=1)
              Hash Cond: (mc.movie_id = t.id)
              ->  Seq Scan on movie_companies mc  (cost=0.00..57926.93 rows=1058831 width=4) (actual time=0.030..1152.103 rows=934112 loops=1)
                    Filter: ((company_id > 352) AND (company_type_id < 2))
                    Rows Removed by Filter: 1675017
              ->  Hash  (cost=67604.59..67604.59 rows=667531 width=4) (actual time=1357.967..1357.967 rows=662825 loops=1)
                    Buckets: 131072  Batches: 16  Memory Usage: 2476kB
                    ->  Seq Scan on title t  (cost=0.00..67604.59 rows=667531 width=4) (actual time=143.671..1152.309 rows=662825 loops=1)
                          Filter: (kind_id = 1)
                          Rows Removed by Filter: 1865487
Planning time: 1.165 ms
Execution time: 14206.607 ms
