Seq Scan on movie_companies mc  (cost=0.00..57926.93 rows=3839 width=0) (actual time=0.046..956.913 rows=3978 loops=1)
  Filter: ((company_type_id < 2) AND (company_id = 302))
  Rows Removed by Filter: 2605151
Planning time: 0.363 ms
Execution time: 957.783 ms
