Hash Join  (cost=263115.61..1263758.86 rows=8226612 width=0) (actual time=15931.187..34360.001 rows=24481654 loops=1)
  Hash Cond: (ci.movie_id = t.id)
  ->  Seq Scan on cast_info ci  (cost=0.00..796071.18 rows=7972473 width=4) (actual time=9627.182..16906.145 rows=8190063 loops=1)
        Filter: ((person_id > 240667) AND (role_id > 5))
        Rows Removed by Filter: 28054281
  ->  Hash  (cost=220309.49..220309.49 rows=2609129 width=8) (actual time=6302.122..6302.122 rows=2609129 loops=1)
        Buckets: 131072  Batches: 64  Memory Usage: 2610kB
        ->  Hash Join  (cost=102767.86..220309.49 rows=2609129 width=8) (actual time=1927.161..5511.101 rows=2609129 loops=1)
              Hash Cond: (mc.movie_id = t.id)
              ->  Seq Scan on movie_companies mc  (cost=0.00..44881.29 rows=2609129 width=4) (actual time=0.022..958.698 rows=2609129 loops=1)
              ->  Hash  (cost=61283.27..61283.27 rows=2528527 width=4) (actual time=1926.029..1926.029 rows=2528312 loops=1)
                    Buckets: 131072  Batches: 64  Memory Usage: 2415kB
                    ->  Seq Scan on title t  (cost=0.00..61283.27 rows=2528527 width=4) (actual time=0.015..1079.212 rows=2528312 loops=1)
Planning time: 3.952 ms
Execution time: 37075.725 ms
