Hash Join  (cost=102767.86..189995.66 rows=1078258 width=0) (actual time=1933.762..4097.430 rows=1090932 loops=1)
  Hash Cond: (mc.movie_id = t.id)
  ->  Seq Scan on movie_companies mc  (cost=0.00..51404.11 rows=1078258 width=4) (actual time=0.028..870.218 rows=1090932 loops=1)
        Filter: (company_id > 14206)
        Rows Removed by Filter: 1518197
  ->  Hash  (cost=61283.27..61283.27 rows=2528527 width=4) (actual time=1932.858..1932.858 rows=2528312 loops=1)
        Buckets: 131072  Batches: 64  Memory Usage: 2415kB
        ->  Seq Scan on title t  (cost=0.00..61283.27 rows=2528527 width=4) (actual time=0.012..1121.037 rows=2528312 loops=1)
Planning time: 0.735 ms
Execution time: 4231.947 ms
