Nested Loop  (cost=32749.09..119877.90 rows=6216 width=0) (actual time=612.751..1892.763 rows=16890 loops=1)
  Join Filter: (mc.movie_id = t.id)
  ->  Hash Join  (cost=32748.66..92509.88 rows=32183 width=8) (actual time=612.686..1544.782 rows=16890 loops=1)
        Hash Cond: (mc.movie_id = mi_idx.movie_id)
        ->  Seq Scan on movie_companies mc  (cost=0.00..51404.11 rows=34093 width=4) (actual time=0.069..825.372 rows=36136 loops=1)
              Filter: (company_id = 160)
              Rows Removed by Filter: 2572993
        ->  Hash  (cost=25185.44..25185.44 rows=460978 width=4) (actual time=611.806..611.806 rows=459925 loops=1)
              Buckets: 131072  Batches: 8  Memory Usage: 3050kB
              ->  Seq Scan on movie_info_idx mi_idx  (cost=0.00..25185.44 rows=460978 width=4) (actual time=0.013..474.568 rows=459925 loops=1)
                    Filter: (info_type_id = 99)
                    Rows Removed by Filter: 920110
  ->  Index Only Scan using title_pkey on title t  (cost=0.43..0.84 rows=1 width=4) (actual time=0.020..0.020 rows=1 loops=16890)
        Index Cond: (id = mi_idx.movie_id)
        Heap Fetches: 16890
Planning time: 1.137 ms
Execution time: 1896.887 ms
