Hash Join  (cost=289017.71..1349381.70 rows=10741549 width=0) (actual time=6875.561..30937.267 rows=17985056 loops=1)
  Hash Cond: (ci.movie_id = t.id)
  ->  Seq Scan on cast_info ci  (cost=0.00..796071.18 rows=11525464 width=4) (actual time=0.021..14396.510 rows=9687409 loops=1)
        Filter: ((person_id > 2336223) AND (role_id < 10))
        Rows Removed by Filter: 26556935
  ->  Hash  (cost=250354.87..250354.87 rows=2356547 width=8) (actual time=6874.696..6874.696 rows=2353180 loops=1)
        Buckets: 131072  Batches: 32  Memory Usage: 3879kB
        ->  Hash Join  (cost=102767.86..250354.87 rows=2356547 width=8) (actual time=2449.109..6222.507 rows=2353180 loops=1)
              Hash Cond: (mk.movie_id = t.id)
              ->  Seq Scan on movie_keyword mk  (cost=0.00..81003.12 rows=2356547 width=4) (actual time=0.030..1633.101 rows=2353180 loops=1)
                    Filter: (keyword_id > 4208)
                    Rows Removed by Filter: 2170750
              ->  Hash  (cost=61283.27..61283.27 rows=2528527 width=4) (actual time=2448.234..2448.234 rows=2528312 loops=1)
                    Buckets: 131072  Batches: 64  Memory Usage: 2425kB
                    ->  Seq Scan on title t  (cost=0.00..61283.27 rows=2528527 width=4) (actual time=0.027..1008.843 rows=2528312 loops=1)
Planning time: 1.190 ms
Execution time: 32796.037 ms
