Seq Scan on movie_companies mc  (cost=0.00..57926.93 rows=457147 width=0) (actual time=62.636..952.184 rows=781532 loops=1)
  Filter: ((company_id > 21107) AND (company_type_id = 2))
  Rows Removed by Filter: 1827597
Planning time: 0.266 ms
Execution time: 1045.121 ms
