Seq Scan on movie_companies mc  (cost=0.00..57926.93 rows=796220 width=0) (actual time=313.278..1017.849 rows=497536 loops=1)
  Filter: ((company_id < 14814) AND (company_type_id = 2))
  Rows Removed by Filter: 2111593
Planning time: 0.387 ms
Execution time: 1081.232 ms
