Hash Join  (cost=74476.22..831572.74 rows=630736 width=0) (actual time=1335.675..18801.039 rows=528745 loops=1)
  Hash Cond: (ci.movie_id = t.id)
  ->  Seq Scan on cast_info ci  (cost=0.00..614943.12 rows=36225612 width=4) (actual time=0.008..7636.673 rows=36244344 loops=1)
  ->  Hash  (cost=73925.90..73925.90 rows=44025 width=4) (actual time=1334.948..1334.948 rows=41557 loops=1)
        Buckets: 65536  Batches: 1  Memory Usage: 1973kB
        ->  Seq Scan on title t  (cost=0.00..73925.90 rows=44025 width=4) (actual time=0.032..1315.347 rows=41557 loops=1)
              Filter: ((kind_id > 3) AND (production_year > 2012))
              Rows Removed by Filter: 2486755
Planning time: 0.765 ms
Execution time: 18870.999 ms
