Seq Scan on movie_companies mc  (cost=0.00..51404.11 rows=163832 width=0) (actual time=0.029..803.227 rows=167708 loops=1)
  Filter: (company_id < 34)
  Rows Removed by Filter: 2441421
Planning time: 0.297 ms
Execution time: 827.361 ms
