Seq Scan on cast_info ci  (cost=0.00..796071.18 rows=324 width=0) (actual time=294.031..14780.893 rows=542 loops=1)
  Filter: ((role_id > 1) AND (person_id = 3012418))
  Rows Removed by Filter: 36243802
Planning time: 0.385 ms
Execution time: 14781.095 ms
