Nested Loop  (cost=0.43..58358.39 rows=13 width=0) (actual time=355.856..944.159 rows=4 loops=1)
  ->  Seq Scan on movie_companies mc  (cost=0.00..57926.93 rows=51 width=4) (actual time=183.143..939.187 rows=124 loops=1)
        Filter: ((company_type_id = 1) AND (company_id = 18))
        Rows Removed by Filter: 2609005
  ->  Index Scan using title_pkey on title t  (cost=0.43..8.45 rows=1 width=4) (actual time=0.038..0.038 rows=0 loops=124)
        Index Cond: (id = mc.movie_id)
        Filter: (kind_id = 1)
        Rows Removed by Filter: 1
Planning time: 0.790 ms
Execution time: 944.279 ms
