Hash Join  (cost=52284.99..416946.98 rows=606 width=0) (actual time=772.816..8017.063 rows=762 loops=1)
  Hash Cond: (mi.movie_id = t.id)
  ->  Seq Scan on movie_info mi  (cost=0.00..309384.22 rows=14739122 width=4) (actual time=0.015..4583.044 rows=14835720 loops=1)
  ->  Hash  (cost=52283.69..52283.69 rows=104 width=8) (actual time=768.435..768.435 rows=90 loops=1)
        Buckets: 1024  Batches: 1  Memory Usage: 12kB
        ->  Nested Loop  (cost=0.43..52283.69 rows=104 width=8) (actual time=106.351..768.338 rows=90 loops=1)
              ->  Seq Scan on movie_companies mc  (cost=0.00..51404.11 rows=104 width=4) (actual time=106.242..766.454 rows=90 loops=1)
                    Filter: (company_id = 22134)
                    Rows Removed by Filter: 2609039
              ->  Index Only Scan using title_pkey on title t  (cost=0.43..8.45 rows=1 width=4) (actual time=0.018..0.019 rows=1 loops=90)
                    Index Cond: (id = mc.movie_id)
                    Heap Fetches: 90
Planning time: 1.197 ms
Execution time: 8017.437 ms
