Seq Scan on movie_companies mc  (cost=0.00..51404.11 rows=1847034 width=0) (actual time=0.020..922.153 rows=1853178 loops=1)
  Filter: (company_id > 1501)
  Rows Removed by Filter: 755951
Planning time: 0.330 ms
Execution time: 1142.056 ms
