Seq Scan on cast_info ci  (cost=0.00..796071.18 rows=224 width=0) (actual time=7618.677..13477.680 rows=202 loops=1)
  Filter: ((role_id > 2) AND (person_id = 66361))
  Rows Removed by Filter: 36244142
Planning time: 0.451 ms
Execution time: 13477.852 ms
