Seq Scan on movie_keyword mk  (cost=0.00..81003.12 rows=246 width=0) (actual time=46.807..1236.372 rows=25 loops=1)
  Filter: (keyword_id = 24855)
  Rows Removed by Filter: 4523905
Planning time: 2.995 ms
Execution time: 1236.487 ms
