Hash Join  (cost=128303.11..630599.43 rows=2107740 width=0) (actual time=3237.989..16851.191 rows=3204794 loops=1)
  Hash Cond: (mi.movie_id = t.id)
  ->  Seq Scan on movie_info mi  (cost=0.00..309384.22 rows=14739122 width=4) (actual time=0.017..6372.023 rows=14835720 loops=1)
  ->  Hash  (cost=122370.28..122370.28 rows=361587 width=8) (actual time=3237.016..3237.016 rows=252549 loops=1)
        Buckets: 131072  Batches: 8  Memory Usage: 2250kB
        ->  Hash Join  (cost=78473.92..122370.28 rows=361587 width=8) (actual time=1478.318..3156.983 rows=252549 loops=1)
              Hash Cond: (mi_idx.movie_id = t.id)
              ->  Seq Scan on movie_info_idx mi_idx  (cost=0.00..21735.35 rows=1380035 width=4) (actual time=0.021..474.634 rows=1380035 loops=1)
              ->  Hash  (cost=67604.59..67604.59 rows=662507 width=4) (actual time=1477.249..1477.249 rows=662065 loops=1)
                    Buckets: 131072  Batches: 16  Memory Usage: 2481kB
                    ->  Seq Scan on title t  (cost=0.00..67604.59 rows=662507 width=4) (actual time=0.009..1261.244 rows=662065 loops=1)
                          Filter: (production_year > 2008)
                          Rows Removed by Filter: 1866247
Planning time: 1.163 ms
Execution time: 17233.779 ms
