Hash Join  (cost=100202.14..154617.65 rows=874098 width=0) (actual time=2054.473..3539.402 rows=525771 loops=1)
  Hash Cond: (mi_idx.movie_id = t.id)
  ->  Seq Scan on movie_info_idx mi_idx  (cost=0.00..21735.35 rows=1380035 width=4) (actual time=0.021..457.493 rows=1380035 loops=1)
  ->  Hash  (cost=73925.90..73925.90 rows=1601539 width=4) (actual time=2053.223..2053.223 rows=1608793 loops=1)
        Buckets: 131072  Batches: 32  Memory Usage: 2797kB
        ->  Seq Scan on title t  (cost=0.00..73925.90 rows=1601539 width=4) (actual time=0.019..1358.402 rows=1608793 loops=1)
              Filter: ((kind_id > 3) AND (production_year > 1911))
              Rows Removed by Filter: 919519
Planning time: 0.740 ms
Execution time: 3600.807 ms
