Seq Scan on cast_info ci  (cost=0.00..705507.15 rows=500 width=0) (actual time=3534.728..11322.532 rows=1 loops=1)
  Filter: (person_id = 175125)
  Rows Removed by Filter: 36244343
Planning time: 0.255 ms
Execution time: 11322.634 ms
