Hash Join  (cost=94978.31..1357131.12 rows=15622279 width=0) (actual time=6558.947..37464.280 rows=15344543 loops=1)
  Hash Cond: (ci.movie_id = t.id)
  ->  Seq Scan on cast_info ci  (cost=0.00..796071.18 rows=23675367 width=4) (actual time=4849.679..18943.343 rows=23350963 loops=1)
        Filter: ((person_id > 387929) AND (role_id < 5))
        Rows Removed by Filter: 12893381
  ->  Hash  (cost=67604.59..67604.59 rows=1668458 width=4) (actual time=1707.843..1707.843 rows=1671292 loops=1)
        Buckets: 131072  Batches: 32  Memory Usage: 2858kB
        ->  Seq Scan on title t  (cost=0.00..67604.59 rows=1668458 width=4) (actual time=0.033..1183.996 rows=1671292 loops=1)
              Filter: (production_year < 2008)
              Rows Removed by Filter: 857020
Planning time: 0.545 ms
Execution time: 39185.281 ms
