Hash Join  (cost=94978.31..696982.79 rows=9725665 width=0) (actual time=1823.506..19028.284 rows=11024969 loops=1)
  Hash Cond: (mi.movie_id = t.id)
  ->  Seq Scan on movie_info mi  (cost=0.00..309384.22 rows=14739122 width=4) (actual time=0.014..6081.487 rows=14835720 loops=1)
  ->  Hash  (cost=67604.59..67604.59 rows=1668458 width=4) (actual time=1822.303..1822.303 rows=1671292 loops=1)
        Buckets: 131072  Batches: 32  Memory Usage: 2867kB
        ->  Seq Scan on title t  (cost=0.00..67604.59 rows=1668458 width=4) (actual time=0.012..1245.430 rows=1671292 loops=1)
              Filter: (production_year < 2008)
              Rows Removed by Filter: 857020
Planning time: 0.831 ms
Execution time: 20228.737 ms
