Nested Loop  (cost=60604.94..142485.61 rows=16 width=0) (actual time=1303.523..2220.007 rows=227 loops=1)
  ->  Hash Join  (cost=60604.51..142356.09 rows=83 width=8) (actual time=1303.434..2209.587 rows=227 loops=1)
        Hash Cond: (mk.movie_id = mc.movie_id)
        ->  Seq Scan on movie_keyword mk  (cost=0.00..81003.12 rows=246 width=4) (actual time=4.093..1151.706 rows=281 loops=1)
              Filter: (keyword_id = 8107)
              Rows Removed by Filter: 4523649
        ->  Hash  (cost=57926.93..57926.93 rows=163166 width=4) (actual time=1025.032..1025.032 rows=321628 loops=1)
              Buckets: 131072  Batches: 4  Memory Usage: 3866kB
              ->  Seq Scan on movie_companies mc  (cost=0.00..57926.93 rows=163166 width=4) (actual time=115.276..926.644 rows=321628 loops=1)
                    Filter: ((company_id > 91457) AND (company_type_id = 2))
                    Rows Removed by Filter: 2287501
  ->  Index Only Scan using title_pkey on title t  (cost=0.43..1.55 rows=1 width=4) (actual time=0.044..0.044 rows=1 loops=227)
        Index Cond: (id = mc.movie_id)
        Heap Fetches: 227
Planning time: 8.934 ms
Execution time: 2220.493 ms
