Hash Join  (cost=971667.17..1524153.35 rows=5084835 width=0) (actual time=16505.505..29776.863 rows=2200719 loops=1)
  Hash Cond: (mi.movie_id = t.id)
  ->  Seq Scan on movie_info mi  (cost=0.00..309384.22 rows=14739122 width=4) (actual time=0.010..6164.763 rows=14835720 loops=1)
  ->  Hash  (cost=957355.24..957355.24 rows=872314 width=8) (actual time=16503.677..16503.677 rows=272505 loops=1)
        Buckets: 131072  Batches: 16  Memory Usage: 1668kB
        ->  Hash Join  (cost=79788.29..957355.24 rows=872314 width=8) (actual time=5011.973..16417.038 rows=272505 loops=1)
              Hash Cond: (ci.movie_id = t.id)
              ->  Seq Scan on cast_info ci  (cost=0.00..796071.18 rows=6172968 width=4) (actual time=3756.685..13159.856 rows=3823617 loops=1)
                    Filter: ((person_id < 1357346) AND (role_id > 2))
                    Rows Removed by Filter: 32420727
              ->  Hash  (cost=73925.90..73925.90 rows=357311 width=4) (actual time=1253.423..1253.423 rows=218528 loops=1)
                    Buckets: 131072  Batches: 8  Memory Usage: 1978kB
                    ->  Seq Scan on title t  (cost=0.00..73925.90 rows=357311 width=4) (actual time=0.033..1178.470 rows=218528 loops=1)
                          Filter: ((kind_id > 1) AND (production_year < 1978))
                          Rows Removed by Filter: 2309784
Planning time: 1.217 ms
Execution time: 30034.442 ms
