Hash Join  (cost=189632.99..1023641.00 rows=877720 width=0) (actual time=11407.208..18325.067 rows=766943 loops=1)
  Hash Cond: (ci.movie_id = t.id)
  ->  Seq Scan on cast_info ci  (cost=0.00..796071.18 rows=2177502 width=4) (actual time=5848.269..11465.251 rows=579670 loops=1)
        Filter: ((person_id > 2625652) AND (role_id = 2))
        Rows Removed by Filter: 35664674
  ->  Hash  (cost=172910.83..172910.83 rows=1019213 width=8) (actual time=5557.435..5557.435 rows=1891821 loops=1)
        Buckets: 131072 (originally 131072)  Batches: 32 (originally 16)  Memory Usage: 3321kB
        ->  Hash Join  (cost=83810.17..172910.83 rows=1019213 width=8) (actual time=1327.881..4968.965 rows=1891821 loops=1)
              Hash Cond: (mc.movie_id = t.id)
              ->  Seq Scan on movie_companies mc  (cost=0.00..44881.29 rows=2609129 width=4) (actual time=0.025..934.821 rows=2609129 loops=1)
              ->  Hash  (cost=67604.59..67604.59 rows=987727 width=4) (actual time=1325.642..1325.642 rows=985048 loops=1)
                    Buckets: 131072  Batches: 16  Memory Usage: 3188kB
                    ->  Seq Scan on title t  (cost=0.00..67604.59 rows=987727 width=4) (actual time=0.037..1027.687 rows=985048 loops=1)
                          Filter: (kind_id < 7)
                          Rows Removed by Filter: 1543264
Planning time: 0.812 ms
Execution time: 18407.853 ms
