Hash Join  (cost=73962.22..128657.72 rows=2998 width=0) (actual time=1141.186..2303.759 rows=8008 loops=1)
  Hash Cond: (mc.movie_id = t.id)
  ->  Seq Scan on movie_companies mc  (cost=0.00..44881.29 rows=2609129 width=4) (actual time=0.012..647.088 rows=2609129 loops=1)
  ->  Hash  (cost=73925.90..73925.90 rows=2905 width=4) (actual time=1141.109..1141.109 rows=4339 loops=1)
        Buckets: 8192 (originally 4096)  Batches: 1 (originally 1)  Memory Usage: 217kB
        ->  Seq Scan on title t  (cost=0.00..73925.90 rows=2905 width=4) (actual time=4.144..1138.691 rows=4339 loops=1)
              Filter: ((kind_id < 7) AND (production_year = 1961))
              Rows Removed by Filter: 2523973
Planning time: 0.762 ms
Execution time: 2305.484 ms
