Hash Join  (cost=102767.86..165661.71 rows=66938 width=0) (actual time=1868.761..3168.529 rows=69928 loops=1)
  Hash Cond: (mc.movie_id = t.id)
  ->  Seq Scan on movie_companies mc  (cost=0.00..51404.11 rows=66938 width=4) (actual time=0.316..882.114 rows=69928 loops=1)
        Filter: (company_id < 11)
        Rows Removed by Filter: 2539201
  ->  Hash  (cost=61283.27..61283.27 rows=2528527 width=4) (actual time=1846.102..1846.102 rows=2528312 loops=1)
        Buckets: 131072  Batches: 64  Memory Usage: 2415kB
        ->  Seq Scan on title t  (cost=0.00..61283.27 rows=2528527 width=4) (actual time=0.015..1012.415 rows=2528312 loops=1)
Planning time: 0.749 ms
Execution time: 3177.047 ms
