Hash Join  (cost=120817.76..217716.43 rows=81315 width=0) (actual time=2448.623..4837.159 rows=209970 loops=1)
  Hash Cond: (mk.movie_id = t.id)
  ->  Seq Scan on movie_keyword mk  (cost=0.00..81003.12 rows=1248640 width=4) (actual time=0.023..1557.071 rows=1260915 loops=1)
        Filter: (keyword_id > 14219)
        Rows Removed by Filter: 3263015
  ->  Hash  (cost=118115.44..118115.44 rows=164665 width=8) (actual time=2447.722..2447.722 rows=123044 loops=1)
        Buckets: 131072  Batches: 4  Memory Usage: 2225kB
        ->  Hash Join  (cost=82423.69..118115.44 rows=164665 width=8) (actual time=1538.202..2412.219 rows=123044 loops=1)
              Hash Cond: (mi_idx.movie_id = t.id)
              ->  Seq Scan on movie_info_idx mi_idx  (cost=0.00..25185.44 rows=460978 width=4) (actual time=0.020..492.887 rows=459925 loops=1)
                    Filter: (info_type_id < 100)
                    Rows Removed by Filter: 920110
              ->  Hash  (cost=67604.59..67604.59 rows=903208 width=4) (actual time=1536.856..1536.856 rows=904491 loops=1)
                    Buckets: 131072  Batches: 16  Memory Usage: 3010kB
                    ->  Seq Scan on title t  (cost=0.00..67604.59 rows=903208 width=4) (actual time=0.020..1243.333 rows=904491 loops=1)
                          Filter: (production_year > 2006)
                          Rows Removed by Filter: 1623821
Planning time: 1.109 ms
Execution time: 4863.594 ms
