Hash Join  (cost=102767.86..206973.03 rows=553726 width=0) (actual time=1921.443..4092.343 rows=553955 loops=1)
  Hash Cond: (mk.movie_id = t.id)
  ->  Seq Scan on movie_keyword mk  (cost=0.00..81003.12 rows=553726 width=4) (actual time=0.020..1382.686 rows=553955 loops=1)
        Filter: (keyword_id < 397)
        Rows Removed by Filter: 3969975
  ->  Hash  (cost=61283.27..61283.27 rows=2528527 width=4) (actual time=1920.047..1920.047 rows=2528312 loops=1)
        Buckets: 131072  Batches: 64  Memory Usage: 2425kB
        ->  Seq Scan on title t  (cost=0.00..61283.27 rows=2528527 width=4) (actual time=0.016..1069.464 rows=2528312 loops=1)
Planning time: 0.705 ms
Execution time: 4152.743 ms
