Hash Join  (cost=164350.13..962149.26 rows=172802 width=0) (actual time=3382.201..21799.054 rows=1775792 loops=1)
  Hash Cond: (ci.movie_id = t.id)
  ->  Seq Scan on cast_info ci  (cost=0.00..614943.12 rows=36225612 width=4) (actual time=0.020..9073.393 rows=36244344 loops=1)
  ->  Hash  (cost=164199.37..164199.37 rows=12061 width=8) (actual time=3380.598..3380.598 rows=44340 loops=1)
        Buckets: 65536 (originally 16384)  Batches: 1 (originally 1)  Memory Usage: 2245kB
        ->  Hash Join  (cost=67697.55..164199.37 rows=12061 width=8) (actual time=1174.436..3365.665 rows=44340 loops=1)
              Hash Cond: (mk.movie_id = t.id)
              ->  Seq Scan on movie_keyword mk  (cost=0.00..81003.12 rows=4100822 width=4) (actual time=0.014..1544.554 rows=4106921 loops=1)
                    Filter: (keyword_id < 41748)
                    Rows Removed by Filter: 417009
              ->  Hash  (cost=67604.59..67604.59 rows=7437 width=4) (actual time=1174.335..1174.335 rows=18391 loops=1)
                    Buckets: 32768 (originally 8192)  Batches: 1 (originally 1)  Memory Usage: 903kB
                    ->  Seq Scan on title t  (cost=0.00..67604.59 rows=7437 width=4) (actual time=0.204..1165.696 rows=18391 loops=1)
                          Filter: (production_year = 1985)
                          Rows Removed by Filter: 2509921
Planning time: 1.199 ms
Execution time: 22030.677 ms
