Seq Scan on cast_info ci  (cost=0.00..796071.18 rows=9306939 width=0) (actual time=0.026..15308.568 rows=12670688 loops=1)
  Filter: ((person_id < 2738790) AND (role_id = 1))
  Rows Removed by Filter: 23573656
Planning time: 0.361 ms
Execution time: 16910.552 ms
