Hash Join  (cost=158169.37..1167987.63 rows=3128079 width=0) (actual time=3524.514..31657.621 rows=5020164 loops=1)
  Hash Cond: (ci.movie_id = t.id)
  ->  Seq Scan on cast_info ci  (cost=0.00..705507.15 rows=23499554 width=4) (actual time=0.024..15713.110 rows=23573656 loops=1)
        Filter: (role_id > 1)
        Rows Removed by Filter: 12670688
  ->  Hash  (cost=152647.14..152647.14 rows=336578 width=8) (actual time=3523.426..3523.426 rows=599333 loops=1)
        Buckets: 131072  Batches: 8  Memory Usage: 3946kB
        ->  Hash Join  (cost=72956.84..152647.14 rows=336578 width=8) (actual time=1101.603..3346.789 rows=599333 loops=1)
              Hash Cond: (mc.movie_id = t.id)
              ->  Seq Scan on movie_companies mc  (cost=0.00..44881.29 rows=2609129 width=4) (actual time=0.017..880.998 rows=2609129 loops=1)
              ->  Hash  (cost=67604.59..67604.59 rows=326180 width=4) (actual time=1100.706..1100.706 rows=323245 loops=1)
                    Buckets: 131072  Batches: 8  Memory Usage: 2437kB
                    ->  Seq Scan on title t  (cost=0.00..67604.59 rows=326180 width=4) (actual time=0.017..996.803 rows=323245 loops=1)
                          Filter: (production_year < 1967)
                          Rows Removed by Filter: 2205067
Planning time: 1.186 ms
Execution time: 32195.072 ms
