Hash Join  (cost=453330.71..591697.16 rows=414859 width=0) (actual time=10073.311..13835.113 rows=2479980 loops=1)
  Hash Cond: (mk.movie_id = t.id)
  ->  Seq Scan on movie_keyword mk  (cost=0.00..69693.30 rows=4523930 width=4) (actual time=0.016..1388.382 rows=4523930 loops=1)
  ->  Hash  (cost=449526.29..449526.29 rows=231874 width=8) (actual time=10071.002..10071.002 rows=202559 loops=1)
        Buckets: 131072  Batches: 4  Memory Usage: 3018kB
        ->  Hash Join  (cost=68449.54..449526.29 rows=231874 width=8) (actual time=1102.851..9721.239 rows=202559 loops=1)
              Hash Cond: (mi.movie_id = t.id)
              ->  Seq Scan on movie_info mi  (cost=0.00..346232.03 rows=8673596 width=4) (actual time=11.859..6316.829 rows=8786582 loops=1)
                    Filter: (info_type_id < 13)
                    Rows Removed by Filter: 6049138
              ->  Hash  (cost=67604.59..67604.59 rows=67596 width=4) (actual time=1090.313..1090.313 rows=67777 loops=1)
                    Buckets: 131072  Batches: 1  Memory Usage: 3407kB
                    ->  Seq Scan on title t  (cost=0.00..67604.59 rows=67596 width=4) (actual time=0.034..1061.686 rows=67777 loops=1)
                          Filter: (production_year = 2003)
                          Rows Removed by Filter: 2460535
Planning time: 1.812 ms
Execution time: 14152.692 ms
