Hash Join  (cost=69374.09..1042103.02 rows=626709 width=0) (actual time=1031.455..23477.836 rows=726752 loops=1)
  Hash Cond: (ci.movie_id = t.id)
  ->  Seq Scan on cast_info ci  (cost=0.00..796071.18 rows=14699909 width=4) (actual time=0.029..16819.730 rows=15214745 loops=1)
        Filter: ((person_id > 313180) AND (role_id > 2))
        Rows Removed by Filter: 21029599
  ->  Hash  (cost=67604.59..67604.59 rows=107800 width=4) (actual time=1030.336..1030.336 rows=108429 loops=1)
        Buckets: 131072  Batches: 2  Memory Usage: 2931kB
        ->  Seq Scan on title t  (cost=0.00..67604.59 rows=107800 width=4) (actual time=0.018..989.250 rows=108429 loops=1)
              Filter: (production_year = 2006)
              Rows Removed by Filter: 2419883
Planning time: 0.999 ms
Execution time: 23567.514 ms
