Hash Join  (cost=185613.21..1183783.98 rows=4797243 width=0) (actual time=6287.561..28645.307 rows=9078291 loops=1)
  Hash Cond: (ci.movie_id = t.id)
  ->  Seq Scan on cast_info ci  (cost=0.00..796071.18 rows=13014976 width=4) (actual time=2009.678..15723.154 rows=14662510 loops=1)
        Filter: ((person_id < 1614351) AND (role_id < 8))
        Rows Removed by Filter: 21581834
  ->  Hash  (cost=170322.21..170322.21 rows=932000 width=8) (actual time=4276.769..4276.769 rows=730845 loops=1)
        Buckets: 131072  Batches: 16  Memory Usage: 2780kB
        ->  Hash Join  (cost=82423.69..170322.21 rows=932000 width=8) (actual time=1521.203..4078.762 rows=730845 loops=1)
              Hash Cond: (mc.movie_id = t.id)
              ->  Seq Scan on movie_companies mc  (cost=0.00..44881.29 rows=2609129 width=4) (actual time=0.030..959.985 rows=2609129 loops=1)
              ->  Hash  (cost=67604.59..67604.59 rows=903208 width=4) (actual time=1520.144..1520.144 rows=904491 loops=1)
                    Buckets: 131072  Batches: 16  Memory Usage: 3010kB
                    ->  Seq Scan on title t  (cost=0.00..67604.59 rows=903208 width=4) (actual time=0.027..1238.271 rows=904491 loops=1)
                          Filter: (production_year > 2006)
                          Rows Removed by Filter: 1623821
Planning time: 1.223 ms
Execution time: 29587.866 ms
