Hash Join  (cost=80874.21..190860.68 rows=559537 width=0) (actual time=1521.997..5003.980 rows=777735 loops=1)
  Hash Cond: (mk.movie_id = t.id)
  ->  Seq Scan on movie_keyword mk  (cost=0.00..81003.12 rows=1749327 width=4) (actual time=0.021..1571.491 rows=1757686 loops=1)
        Filter: (keyword_id < 2862)
        Rows Removed by Filter: 2766244
  ->  Hash  (cost=67604.59..67604.59 rows=808770 width=4) (actual time=1521.089..1521.089 rows=812704 loops=1)
        Buckets: 131072  Batches: 16  Memory Usage: 2819kB
        ->  Seq Scan on title t  (cost=0.00..67604.59 rows=808770 width=4) (actual time=0.031..1250.607 rows=812704 loops=1)
              Filter: (production_year < 1995)
              Rows Removed by Filter: 1715608
Planning time: 3.508 ms
Execution time: 5100.569 ms
