Seq Scan on movie_keyword mk  (cost=0.00..81003.12 rows=246 width=0) (actual time=899.898..1277.860 rows=1 loops=1)
  Filter: (keyword_id = 108705)
  Rows Removed by Filter: 4523929
Planning time: 0.389 ms
Execution time: 1277.941 ms
