Seq Scan on movie_companies mc  (cost=0.00..57926.93 rows=970189 width=0) (actual time=0.024..994.335 rows=1259665 loops=1)
  Filter: ((company_id < 58389) AND (company_type_id < 2))
  Rows Removed by Filter: 1349464
Planning time: 0.336 ms
Execution time: 1137.304 ms
