Hash Join  (cost=229263.77..839965.88 rows=10540828 width=0) (actual time=5483.579..31096.832 rows=43639256 loops=1)
  Hash Cond: (mi.movie_id = t.id)
  ->  Seq Scan on movie_info mi  (cost=0.00..309384.22 rows=14739122 width=4) (actual time=0.010..6172.814 rows=14835720 loops=1)
  ->  Hash  (cost=199596.01..199596.01 rows=1808301 width=8) (actual time=5481.256..5481.256 rows=1508127 loops=1)
        Buckets: 131072  Batches: 32  Memory Usage: 2906kB
        ->  Hash Join  (cost=96356.06..199596.01 rows=1808301 width=8) (actual time=1946.876..5064.325 rows=1508127 loops=1)
              Hash Cond: (mc.movie_id = t.id)
              ->  Seq Scan on movie_companies mc  (cost=0.00..44881.29 rows=2609129 width=4) (actual time=0.010..916.814 rows=2609129 loops=1)
              ->  Hash  (cost=67604.59..67604.59 rows=1752438 width=4) (actual time=1945.294..1945.294 rows=1749032 loops=1)
                    Buckets: 131072  Batches: 32  Memory Usage: 2950kB
                    ->  Seq Scan on title t  (cost=0.00..67604.59 rows=1752438 width=4) (actual time=0.008..1357.054 rows=1749032 loops=1)
                          Filter: (production_year > 1990)
                          Rows Removed by Filter: 779280
Planning time: 0.767 ms
Execution time: 36137.159 ms
