Hash Join  (cost=325831.68..923379.94 rows=11421736 width=0) (actual time=7073.964..49387.181 rows=143108673 loops=1)
  Hash Cond: (mi.movie_id = t.id)
  ->  Seq Scan on movie_info mi  (cost=0.00..346232.03 rows=8841901 width=4) (actual time=0.016..6770.553 rows=8950757 loops=1)
        Filter: (info_type_id > 6)
        Rows Removed by Filter: 5884963
  ->  Hash  (cost=272244.11..272244.11 rows=3266285 width=8) (actual time=7071.794..7071.794 rows=3252757 loops=1)
        Buckets: 131072  Batches: 64  Memory Usage: 3113kB
        ->  Hash Join  (cost=102767.86..272244.11 rows=3266285 width=8) (actual time=1875.327..6203.139 rows=3252757 loops=1)
              Hash Cond: (mk.movie_id = t.id)
              ->  Seq Scan on movie_keyword mk  (cost=0.00..81003.12 rows=3266285 width=4) (actual time=0.020..1646.093 rows=3252757 loops=1)
                    Filter: (keyword_id > 1628)
                    Rows Removed by Filter: 1271173
              ->  Hash  (cost=61283.27..61283.27 rows=2528527 width=4) (actual time=1873.095..1873.095 rows=2528312 loops=1)
                    Buckets: 131072  Batches: 64  Memory Usage: 2425kB
                    ->  Seq Scan on title t  (cost=0.00..61283.27 rows=2528527 width=4) (actual time=0.015..998.319 rows=2528312 loops=1)
Planning time: 1.934 ms
Execution time: 64697.903 ms
