Seq Scan on movie_companies mc  (cost=0.00..57926.93 rows=524626 width=0) (actual time=0.019..955.159 rows=237163 loops=1)
  Filter: ((company_id > 14348) AND (company_type_id < 2))
  Rows Removed by Filter: 2371966
Planning time: 0.341 ms
Execution time: 985.089 ms
