Seq Scan on movie_keyword mk  (cost=0.00..81003.12 rows=2899525 width=0) (actual time=0.028..1473.507 rows=2888895 loops=1)
  Filter: (keyword_id < 9079)
  Rows Removed by Filter: 1635035
Planning time: 0.305 ms
Execution time: 1830.986 ms
