Hash Join  (cost=73962.22..100888.56 rows=1586 width=0) (actual time=1141.121..1719.849 rows=1150 loops=1)
  Hash Cond: (mi_idx.movie_id = t.id)
  ->  Seq Scan on movie_info_idx mi_idx  (cost=0.00..21735.35 rows=1380035 width=4) (actual time=0.029..326.127 rows=1380035 loops=1)
  ->  Hash  (cost=73925.90..73925.90 rows=2905 width=4) (actual time=1140.988..1140.988 rows=2847 loops=1)
        Buckets: 4096  Batches: 1  Memory Usage: 133kB
        ->  Seq Scan on title t  (cost=0.00..73925.90 rows=2905 width=4) (actual time=0.060..1139.507 rows=2847 loops=1)
              Filter: ((kind_id < 7) AND (production_year = 1926))
              Rows Removed by Filter: 2525465
Planning time: 0.738 ms
Execution time: 1720.116 ms
