Hash Join  (cost=77761.90..117644.22 rows=127583 width=0) (actual time=1324.989..2394.788 rows=327111 loops=1)
  Hash Cond: (mi_idx.movie_id = t.id)
  ->  Seq Scan on movie_info_idx mi_idx  (cost=0.00..21735.35 rows=1380035 width=4) (actual time=0.018..445.632 rows=1380035 loops=1)
  ->  Hash  (cost=73925.90..73925.90 rows=233760 width=4) (actual time=1324.349..1324.349 rows=353075 loops=1)
        Buckets: 131072 (originally 131072)  Batches: 8 (originally 4)  Memory Usage: 3073kB
        ->  Seq Scan on title t  (cost=0.00..73925.90 rows=233760 width=4) (actual time=180.970..1209.265 rows=353075 loops=1)
              Filter: ((production_year < 1997) AND (kind_id = 1))
              Rows Removed by Filter: 2175237
Planning time: 0.499 ms
Execution time: 2419.491 ms
