Seq Scan on movie_keyword mk  (cost=0.00..81003.12 rows=2830955 width=0) (actual time=0.029..1569.083 rows=2821970 loops=1)
  Filter: (keyword_id > 2652)
  Rows Removed by Filter: 1701960
Planning time: 0.303 ms
Execution time: 1915.309 ms
