Hash Join  (cost=217858.32..379269.75 rows=2351258 width=0) (actual time=5044.098..10894.239 rows=8358782 loops=1)
  Hash Cond: (mk.movie_id = t.id)
  ->  Seq Scan on movie_keyword mk  (cost=0.00..81003.12 rows=4471395 width=4) (actual time=0.024..1809.778 rows=4475410 loops=1)
        Filter: (keyword_id > 48)
        Rows Removed by Filter: 48520
  ->  Hash  (cost=196044.17..196044.17 rows=1329612 width=8) (actual time=5042.099..5042.099 rows=1334883 loops=1)
        Buckets: 131072  Batches: 32  Memory Usage: 2660kB
        ->  Hash Join  (cost=102767.86..196044.17 rows=1329612 width=8) (actual time=1977.764..4639.812 rows=1334883 loops=1)
              Hash Cond: (mc.movie_id = t.id)
              ->  Seq Scan on movie_companies mc  (cost=0.00..51404.11 rows=1329612 width=4) (actual time=0.015..935.509 rows=1334883 loops=1)
                    Filter: (company_type_id = 2)
                    Rows Removed by Filter: 1274246
              ->  Hash  (cost=61283.27..61283.27 rows=2528527 width=4) (actual time=1976.450..1976.450 rows=2528312 loops=1)
                    Buckets: 131072  Batches: 64  Memory Usage: 2415kB
                    ->  Seq Scan on title t  (cost=0.00..61283.27 rows=2528527 width=4) (actual time=0.030..1134.480 rows=2528312 loops=1)
Planning time: 1.054 ms
Execution time: 11820.962 ms
