Hash Join  (cost=74279.33..440583.39 rows=164813 width=0) (actual time=1230.828..9331.993 rows=190132 loops=1)
  Hash Cond: (mi.movie_id = t.id)
  ->  Seq Scan on movie_info mi  (cost=0.00..309384.22 rows=14739122 width=4) (actual time=0.012..4379.471 rows=14835720 loops=1)
  ->  Hash  (cost=73925.90..73925.90 rows=28274 width=4) (actual time=1171.201..1171.201 rows=25769 loops=1)
        Buckets: 32768  Batches: 1  Memory Usage: 1162kB
        ->  Seq Scan on title t  (cost=0.00..73925.90 rows=28274 width=4) (actual time=0.018..1160.231 rows=25769 loops=1)
              Filter: ((production_year > 2007) AND (kind_id = 2))
              Rows Removed by Filter: 2502543
Planning time: 0.733 ms
Execution time: 9358.827 ms
