Seq Scan on movie_keyword mk  (cost=0.00..81003.12 rows=246 width=0) (actual time=6.875..1396.193 rows=485 loops=1)
  Filter: (keyword_id = 2007)
  Rows Removed by Filter: 4523445
Planning time: 0.329 ms
Execution time: 1396.507 ms
