Hash Join  (cost=190484.68..1017560.28 rows=418926 width=0) (actual time=13671.761..19739.166 rows=3110067 loops=1)
  Hash Cond: (ci.movie_id = t.id)
  ->  Seq Scan on cast_info ci  (cost=0.00..796071.18 rows=2152841 width=4) (actual time=9234.312..12318.855 rows=4358706 loops=1)
        Filter: ((person_id < 582969) AND (role_id = 1))
        Rows Removed by Filter: 31885638
  ->  Hash  (cost=182412.30..182412.30 rows=492031 width=8) (actual time=4436.273..4436.273 rows=701434 loops=1)
        Buckets: 131072 (originally 131072)  Batches: 16 (originally 8)  Memory Usage: 3073kB
        ->  Hash Join  (cost=102767.86..182412.30 rows=492031 width=8) (actual time=1944.851..4228.043 rows=701434 loops=1)
              Hash Cond: (mc.movie_id = t.id)
              ->  Seq Scan on movie_companies mc  (cost=0.00..57926.93 rows=492031 width=4) (actual time=0.030..1092.410 rows=701434 loops=1)
                    Filter: ((company_id < 4819) AND (company_type_id = 1))
                    Rows Removed by Filter: 1907695
              ->  Hash  (cost=61283.27..61283.27 rows=2528527 width=4) (actual time=1942.877..1942.877 rows=2528312 loops=1)
                    Buckets: 131072  Batches: 64  Memory Usage: 2415kB
                    ->  Seq Scan on title t  (cost=0.00..61283.27 rows=2528527 width=4) (actual time=0.014..1075.509 rows=2528312 loops=1)
Planning time: 0.759 ms
Execution time: 20067.895 ms
