Seq Scan on movie_keyword mk  (cost=0.00..81003.12 rows=214016 width=0) (actual time=0.029..1399.810 rows=215044 loops=1)
  Filter: (keyword_id > 65555)
  Rows Removed by Filter: 4308886
Planning time: 0.286 ms
Execution time: 1429.220 ms
