Hash Join  (cost=122440.10..494771.67 rows=143444 width=0) (actual time=5635.025..9198.255 rows=371641 loops=1)
  Hash Cond: (mi.movie_id = t.id)
  ->  Seq Scan on movie_info mi  (cost=0.00..346232.03 rows=2073893 width=4) (actual time=3209.062..5675.328 rows=2091068 loops=1)
        Filter: (info_type_id < 3)
        Rows Removed by Filter: 12744652
  ->  Hash  (cost=119569.99..119569.99 rows=174889 width=8) (actual time=2425.084..2425.084 rows=216565 loops=1)
        Buckets: 131072  Batches: 4  Memory Usage: 3151kB
        ->  Hash Join  (cost=83580.70..119569.99 rows=174889 width=8) (actual time=1403.351..2350.835 rows=216565 loops=1)
              Hash Cond: (mi_idx.movie_id = t.id)
              ->  Seq Scan on movie_info_idx mi_idx  (cost=0.00..25185.44 rows=454124 width=4) (actual time=0.033..466.463 rows=459925 loops=1)
                    Filter: (info_type_id = 100)
                    Rows Removed by Filter: 920110
              ->  Hash  (cost=67604.59..67604.59 rows=973769 width=4) (actual time=1402.276..1402.276 rows=971188 loops=1)
                    Buckets: 131072  Batches: 16  Memory Usage: 3161kB
                    ->  Seq Scan on title t  (cost=0.00..67604.59 rows=973769 width=4) (actual time=0.017..1104.265 rows=971188 loops=1)
                          Filter: (production_year < 1999)
                          Rows Removed by Filter: 1557124
Planning time: 1.101 ms
Execution time: 9245.076 ms
