Hash Join  (cost=161860.15..547462.89 rows=252294 width=0) (actual time=3006.111..10657.745 rows=87555 loops=1)
  Hash Cond: (mi.movie_id = t.id)
  ->  Seq Scan on movie_info mi  (cost=0.00..309384.22 rows=14739122 width=4) (actual time=0.019..4432.912 rows=14835720 loops=1)
  ->  Hash  (cost=161319.14..161319.14 rows=43281 width=8) (actual time=3003.854..3003.854 rows=9520 loops=1)
        Buckets: 65536  Batches: 1  Memory Usage: 884kB
        ->  Hash Join  (cost=74228.29..161319.14 rows=43281 width=8) (actual time=2337.942..2999.979 rows=9520 loops=1)
              Hash Cond: (mk.movie_id = t.id)
              ->  Seq Scan on movie_keyword mk  (cost=0.00..69693.30 rows=4523930 width=4) (actual time=0.012..900.944 rows=4523930 loops=1)
              ->  Hash  (cost=73925.90..73925.90 rows=24191 width=4) (actual time=1197.552..1197.552 rows=24602 loops=1)
                    Buckets: 32768  Batches: 1  Memory Usage: 1121kB
                    ->  Seq Scan on title t  (cost=0.00..73925.90 rows=24191 width=4) (actual time=209.828..1186.096 rows=24602 loops=1)
                          Filter: ((kind_id = 7) AND (production_year = 1995))
                          Rows Removed by Filter: 2503710
Planning time: 1.845 ms
Execution time: 10669.244 ms
