Hash Join  (cost=76911.69..925428.23 rows=303144 width=0) (actual time=1386.982..16043.062 rows=302431 loops=1)
  Hash Cond: (ci.movie_id = t.id)
  ->  Seq Scan on cast_info ci  (cost=0.00..796071.18 rows=4211978 width=4) (actual time=0.041..12744.570 rows=4518701 loops=1)
        Filter: ((person_id < 458088) AND (role_id < 10))
        Rows Removed by Filter: 31725643
  ->  Hash  (cost=73925.90..73925.90 rows=181983 width=4) (actual time=1386.115..1386.115 rows=161370 loops=1)
        Buckets: 131072  Batches: 4  Memory Usage: 2449kB
        ->  Seq Scan on title t  (cost=0.00..73925.90 rows=181983 width=4) (actual time=0.025..1324.913 rows=161370 loops=1)
              Filter: ((kind_id < 4) AND (production_year > 2009))
              Rows Removed by Filter: 2366942
Planning time: 0.737 ms
Execution time: 16080.420 ms
