Hash Join  (cost=74207.10..425576.87 rows=11907 width=0) (actual time=2522.613..5925.260 rows=12223 loops=1)
  Hash Cond: (mi.movie_id = t.id)
  ->  Seq Scan on movie_info mi  (cost=0.00..346232.03 rows=1338312 width=4) (actual time=1240.710..4565.258 rows=1401902 loops=1)
        Filter: (info_type_id = 7)
        Rows Removed by Filter: 13433818
  ->  Hash  (cost=73925.90..73925.90 rows=22496 width=4) (actual time=1117.057..1117.057 rows=13050 loops=1)
        Buckets: 32768  Batches: 1  Memory Usage: 715kB
        ->  Seq Scan on title t  (cost=0.00..73925.90 rows=22496 width=4) (actual time=0.196..1111.150 rows=13050 loops=1)
              Filter: ((kind_id < 2) AND (production_year = 2004))
              Rows Removed by Filter: 2515262
Planning time: 0.726 ms
Execution time: 5927.198 ms
