Hash Join  (cost=153989.17..193085.32 rows=81767 width=0) (actual time=3134.194..4007.253 rows=98770 loops=1)
  Hash Cond: (mi_idx.movie_id = t.id)
  ->  Seq Scan on movie_info_idx mi_idx  (cost=0.00..21735.35 rows=1380035 width=4) (actual time=0.021..406.033 rows=1380035 loops=1)
  ->  Hash  (cost=151530.47..151530.47 rows=149816 width=8) (actual time=3133.428..3133.428 rows=67565 loops=1)
        Buckets: 131072  Batches: 2  Memory Usage: 2348kB
        ->  Hash Join  (cost=83810.17..151530.47 rows=149816 width=8) (actual time=1860.939..3108.426 rows=67565 loops=1)
              Hash Cond: (mc.movie_id = t.id)
              ->  Seq Scan on movie_companies mc  (cost=0.00..57926.93 rows=383521 width=4) (actual time=0.056..1007.820 rows=67565 loops=1)
                    Filter: ((company_id > 31716) AND (company_type_id < 2))
                    Rows Removed by Filter: 2541564
              ->  Hash  (cost=67604.59..67604.59 rows=987727 width=4) (actual time=1860.007..1860.007 rows=985048 loops=1)
                    Buckets: 131072  Batches: 16  Memory Usage: 3188kB
                    ->  Seq Scan on title t  (cost=0.00..67604.59 rows=987727 width=4) (actual time=0.024..1280.711 rows=985048 loops=1)
                          Filter: (kind_id < 7)
                          Rows Removed by Filter: 1543264
Planning time: 3.036 ms
Execution time: 4020.952 ms
