Nested Loop  (cost=0.43..880209.57 rows=860 width=0) (actual time=1417.561..9941.971 rows=382 loops=1)
  ->  Seq Scan on cast_info ci  (cost=0.00..796071.18 rows=13843 width=4) (actual time=1413.328..9827.768 rows=4983 loops=1)
        Filter: ((person_id < 135647) AND (role_id > 10))
        Rows Removed by Filter: 36239361
  ->  Index Scan using title_pkey on title t  (cost=0.43..6.07 rows=1 width=4) (actual time=0.022..0.022 rows=0 loops=4983)
        Index Cond: (id = ci.movie_id)
        Filter: ((kind_id < 7) AND (production_year < 1972))
        Rows Removed by Filter: 1
Planning time: 0.695 ms
Execution time: 9942.178 ms
