Hash Join  (cost=114333.31..871631.98 rows=650953 width=0) (actual time=2313.179..20843.420 rows=1188075 loops=1)
  Hash Cond: (ci.movie_id = t.id)
  ->  Seq Scan on cast_info ci  (cost=0.00..614943.12 rows=36225612 width=4) (actual time=0.022..8875.851 rows=36244344 loops=1)
  ->  Hash  (cost=113765.36..113765.36 rows=45436 width=8) (actual time=2312.631..2312.631 rows=36024 loops=1)
        Buckets: 65536  Batches: 1  Memory Usage: 1920kB
        ->  Hash Join  (cost=75292.52..113765.36 rows=45436 width=8) (actual time=1318.224..2300.195 rows=36024 loops=1)
              Hash Cond: (mi_idx.movie_id = t.id)
              ->  Seq Scan on movie_info_idx mi_idx  (cost=0.00..21735.35 rows=1380035 width=4) (actual time=0.014..499.628 rows=1380035 loops=1)
              ->  Hash  (cost=73925.90..73925.90 rows=83249 width=4) (actual time=1317.400..1317.400 rows=101793 loops=1)
                    Buckets: 131072  Batches: 2  Memory Usage: 2803kB
                    ->  Seq Scan on title t  (cost=0.00..73925.90 rows=83249 width=4) (actual time=0.018..1278.695 rows=101793 loops=1)
                          Filter: ((kind_id > 1) AND (production_year = 2007))
                          Rows Removed by Filter: 2426519
Planning time: 1.087 ms
Execution time: 21002.168 ms
