Seq Scan on cast_info ci  (cost=0.00..796071.18 rows=6867466 width=0) (actual time=0.018..15842.748 rows=7451973 loops=1)
  Filter: ((person_id < 3636678) AND (role_id = 2))
  Rows Removed by Filter: 28792371
Planning time: 0.333 ms
Execution time: 16741.756 ms
