Hash Join  (cost=74637.07..442609.36 rows=331637 width=0) (actual time=1374.105..12878.691 rows=1698629 loops=1)
  Hash Cond: (mi.movie_id = t.id)
  ->  Seq Scan on movie_info mi  (cost=0.00..309384.22 rows=14739122 width=4) (actual time=0.015..4618.595 rows=14835720 loops=1)
  ->  Hash  (cost=73925.90..73925.90 rows=56893 width=4) (actual time=1197.885..1197.885 rows=147679 loops=1)
        Buckets: 131072 (originally 65536)  Batches: 2 (originally 1)  Memory Usage: 3617kB
        ->  Seq Scan on title t  (cost=0.00..73925.90 rows=56893 width=4) (actual time=56.142..1140.683 rows=147679 loops=1)
              Filter: ((kind_id < 7) AND (production_year < 1943))
              Rows Removed by Filter: 2380633
Planning time: 0.697 ms
Execution time: 13073.423 ms
