Seq Scan on movie_companies mc  (cost=0.00..57926.93 rows=433125 width=0) (actual time=0.026..843.065 rows=246680 loops=1)
  Filter: ((company_id < 2276) AND (company_type_id = 2))
  Rows Removed by Filter: 2362449
Planning time: 0.345 ms
Execution time: 875.102 ms
