Hash Join  (cost=173543.85..1285792.67 rows=7636266 width=0) (actual time=4435.559..44141.211 rows=28848991 loops=1)
  Hash Cond: (ci.movie_id = t.id)
  ->  Seq Scan on cast_info ci  (cost=0.00..614943.12 rows=36225612 width=4) (actual time=0.025..13387.413 rows=36244344 loops=1)
  ->  Hash  (cost=164798.26..164798.26 rows=533007 width=8) (actual time=4434.775..4434.775 rows=785602 loops=1)
        Buckets: 131072 (originally 131072)  Batches: 16 (originally 8)  Memory Usage: 3073kB
        ->  Hash Join  (cost=82400.67..164798.26 rows=533007 width=8) (actual time=1407.769..4224.719 rows=785602 loops=1)
              Hash Cond: (mc.movie_id = t.id)
              ->  Seq Scan on movie_companies mc  (cost=0.00..44881.29 rows=2609129 width=4) (actual time=0.015..1064.519 rows=2609129 loops=1)
              ->  Hash  (cost=73925.90..73925.90 rows=516541 width=4) (actual time=1406.936..1406.936 rows=440918 loops=1)
                    Buckets: 131072  Batches: 8  Memory Usage: 2960kB
                    ->  Seq Scan on title t  (cost=0.00..73925.90 rows=516541 width=4) (actual time=0.014..1266.992 rows=440918 loops=1)
                          Filter: ((kind_id < 7) AND (production_year > 2001))
                          Rows Removed by Filter: 2087394
Planning time: 1.066 ms
Execution time: 47348.036 ms
