Seq Scan on title t  (cost=0.00..67604.59 rows=7437 width=0) (actual time=0.026..1142.343 rows=9491 loops=1)
  Filter: (production_year = 1957)
  Rows Removed by Filter: 2518821
Planning time: 0.316 ms
Execution time: 1144.668 ms
