Hash Join  (cost=92105.51..182917.72 rows=1143369 width=0) (actual time=1777.128..4308.576 rows=572112 loops=1)
  Hash Cond: (mc.movie_id = t.id)
  ->  Seq Scan on movie_companies mc  (cost=0.00..44881.29 rows=2609129 width=4) (actual time=0.013..972.005 rows=2609129 loops=1)
  ->  Hash  (cost=73925.90..73925.90 rows=1108048 width=4) (actual time=1775.829..1775.829 rows=1232022 loops=1)
        Buckets: 131072  Batches: 16  Memory Usage: 3742kB
        ->  Seq Scan on title t  (cost=0.00..73925.90 rows=1108048 width=4) (actual time=0.027..1386.565 rows=1232022 loops=1)
              Filter: ((kind_id > 3) AND (production_year > 1993))
              Rows Removed by Filter: 1296290
Planning time: 0.744 ms
Execution time: 4366.728 ms
