Seq Scan on movie_companies mc  (cost=0.00..57926.93 rows=132708 width=0) (actual time=301.675..815.386 rows=263562 loops=1)
  Filter: ((company_id > 98685) AND (company_type_id > 1))
  Rows Removed by Filter: 2345567
Planning time: 0.304 ms
Execution time: 846.521 ms
