Hash Join  (cost=190230.21..300665.77 rows=770883 width=0) (actual time=4448.777..7528.709 rows=3211482 loops=1)
  Hash Cond: (mk.movie_id = t.id)
  ->  Seq Scan on movie_keyword mk  (cost=0.00..81003.12 rows=1412426 width=4) (actual time=0.027..1477.453 rows=1424351 loops=1)
        Filter: (keyword_id > 11694)
        Rows Removed by Filter: 3099579
  ->  Hash  (cost=167588.78..167588.78 rows=1380035 width=8) (actual time=4447.646..4447.646 rows=1380035 loops=1)
        Buckets: 131072  Batches: 32  Memory Usage: 2726kB
        ->  Hash Join  (cost=102767.86..167588.78 rows=1380035 width=8) (actual time=2049.833..4017.278 rows=1380035 loops=1)
              Hash Cond: (mi_idx.movie_id = t.id)
              ->  Seq Scan on movie_info_idx mi_idx  (cost=0.00..21735.35 rows=1380035 width=4) (actual time=0.017..450.050 rows=1380035 loops=1)
              ->  Hash  (cost=61283.27..61283.27 rows=2528527 width=4) (actual time=2048.389..2048.389 rows=2528312 loops=1)
                    Buckets: 131072  Batches: 64  Memory Usage: 2415kB
                    ->  Seq Scan on title t  (cost=0.00..61283.27 rows=2528527 width=4) (actual time=0.008..1234.088 rows=2528312 loops=1)
Planning time: 1.112 ms
Execution time: 7888.629 ms
