Seq Scan on movie_keyword mk  (cost=0.00..81003.12 rows=1436058 width=0) (actual time=0.024..1369.548 rows=1451321 loops=1)
  Filter: (keyword_id > 11514)
  Rows Removed by Filter: 3072609
Planning time: 0.335 ms
Execution time: 1549.509 ms
