Hash Join  (cost=75461.39..199503.35 rows=167392 width=0) (actual time=1251.075..4036.754 rows=442981 loops=1)
  Hash Cond: (mk.movie_id = t.id)
  ->  Seq Scan on movie_keyword mk  (cost=0.00..69693.30 rows=4523930 width=4) (actual time=0.023..1353.044 rows=4523930 loops=1)
  ->  Hash  (cost=73925.90..73925.90 rows=93559 width=4) (actual time=1250.315..1250.315 rows=104574 loops=1)
        Buckets: 131072  Batches: 2  Memory Usage: 2863kB
        ->  Seq Scan on title t  (cost=0.00..73925.90 rows=93559 width=4) (actual time=0.021..1209.398 rows=104574 loops=1)
              Filter: ((production_year < 2011) AND (kind_id = 4))
              Rows Removed by Filter: 2423738
Planning time: 0.766 ms
Execution time: 4092.439 ms
