Seq Scan on cast_info ci  (cost=0.00..705507.15 rows=4853659 width=0) (actual time=622.824..11931.116 rows=4738210 loops=1)
  Filter: (person_id < 459830)
  Rows Removed by Filter: 31506134
Planning time: 0.330 ms
Execution time: 12536.185 ms
