Seq Scan on movie_keyword mk  (cost=0.00..81003.12 rows=2018411 width=0) (actual time=0.026..1372.126 rows=2024069 loops=1)
  Filter: (keyword_id > 6110)
  Rows Removed by Filter: 2499861
Planning time: 0.312 ms
Execution time: 1619.962 ms
