Hash Join  (cost=190230.21..324387.43 rows=1531585 width=0) (actual time=4573.078..9238.117 rows=6466546 loops=1)
  Hash Cond: (mk.movie_id = t.id)
  ->  Seq Scan on movie_keyword mk  (cost=0.00..81003.12 rows=2806199 width=4) (actual time=0.020..1724.485 rows=2796930 loops=1)
        Filter: (keyword_id < 8202)
        Rows Removed by Filter: 1727000
  ->  Hash  (cost=167588.78..167588.78 rows=1380035 width=8) (actual time=4570.569..4570.569 rows=1380035 loops=1)
        Buckets: 131072  Batches: 32  Memory Usage: 2726kB
        ->  Hash Join  (cost=102767.86..167588.78 rows=1380035 width=8) (actual time=1953.702..4168.791 rows=1380035 loops=1)
              Hash Cond: (mi_idx.movie_id = t.id)
              ->  Seq Scan on movie_info_idx mi_idx  (cost=0.00..21735.35 rows=1380035 width=4) (actual time=0.020..447.230 rows=1380035 loops=1)
              ->  Hash  (cost=61283.27..61283.27 rows=2528527 width=4) (actual time=1952.679..1952.679 rows=2528312 loops=1)
                    Buckets: 131072  Batches: 64  Memory Usage: 2415kB
                    ->  Seq Scan on title t  (cost=0.00..61283.27 rows=2528527 width=4) (actual time=0.025..1109.059 rows=2528312 loops=1)
Planning time: 3.151 ms
Execution time: 9958.399 ms
