Hash Join  (cost=194294.44..634126.20 rows=604329 width=0) (actual time=4610.365..14748.435 rows=3304621 loops=1)
  Hash Cond: (mi.movie_id = t.id)
  ->  Seq Scan on movie_info mi  (cost=0.00..346232.03 rows=7503588 width=4) (actual time=428.522..6658.605 rows=7548855 loops=1)
        Filter: (info_type_id > 7)
        Rows Removed by Filter: 7286865
  ->  Hash  (cost=190952.89..190952.89 rows=203644 width=8) (actual time=4181.011..4181.011 rows=100637 loops=1)
        Buckets: 131072  Batches: 4  Memory Usage: 2069kB
        ->  Hash Join  (cost=70241.71..190952.89 rows=203644 width=8) (actual time=1197.999..4151.501 rows=100637 loops=1)
              Hash Cond: (mk.movie_id = t.id)
              ->  Seq Scan on movie_keyword mk  (cost=0.00..81003.12 rows=3203630 width=4) (actual time=0.021..1793.964 rows=3189798 loops=1)
                    Filter: (keyword_id < 12897)
                    Rows Removed by Filter: 1334132
              ->  Hash  (cost=67604.59..67604.59 rows=160730 width=4) (actual time=1196.874..1196.874 rows=160017 loops=1)
                    Buckets: 131072  Batches: 4  Memory Usage: 2442kB
                    ->  Seq Scan on title t  (cost=0.00..67604.59 rows=160730 width=4) (actual time=0.017..1130.815 rows=160017 loops=1)
                          Filter: (production_year = 2011)
                          Rows Removed by Filter: 2368295
Planning time: 1.206 ms
Execution time: 15178.773 ms
