Seq Scan on cast_info ci  (cost=0.00..796071.18 rows=10565330 width=0) (actual time=0.019..15968.725 rows=8300324 loops=1)
  Filter: ((person_id > 584150) AND (role_id = 1))
  Rows Removed by Filter: 27944020
Planning time: 0.375 ms
Execution time: 16936.935 ms
