Hash Join  (cost=102767.86..180037.19 rows=664321 width=0) (actual time=2026.980..3795.798 rows=669955 loops=1)
  Hash Cond: (mc.movie_id = t.id)
  ->  Seq Scan on movie_companies mc  (cost=0.00..51404.11 rows=664321 width=4) (actual time=0.015..841.081 rows=669955 loops=1)
        Filter: (company_id > 50669)
        Rows Removed by Filter: 1939174
  ->  Hash  (cost=61283.27..61283.27 rows=2528527 width=4) (actual time=2025.876..2025.876 rows=2528312 loops=1)
        Buckets: 131072  Batches: 64  Memory Usage: 2415kB
        ->  Seq Scan on title t  (cost=0.00..61283.27 rows=2528527 width=4) (actual time=0.022..1150.122 rows=2528312 loops=1)
Planning time: 0.745 ms
Execution time: 3873.959 ms
