Seq Scan on movie_keyword mk  (cost=0.00..81003.12 rows=246 width=0) (actual time=3.213..1259.712 rows=337 loops=1)
  Filter: (keyword_id = 3186)
  Rows Removed by Filter: 4523593
Planning time: 0.339 ms
Execution time: 1259.990 ms
