Seq Scan on movie_companies mc  (cost=0.00..51404.11 rows=312866 width=0) (actual time=235.980..886.902 rows=312838 loops=1)
  Filter: (company_id > 92328)
  Rows Removed by Filter: 2296291
Planning time: 0.301 ms
Execution time: 925.100 ms
