Hash Join  (cost=143931.71..273125.66 rows=590291 width=0) (actual time=3641.775..7367.133 rows=3014024 loops=1)
  Hash Cond: (mk.movie_id = t.id)
  ->  Seq Scan on movie_keyword mk  (cost=0.00..69693.30 rows=4523930 width=4) (actual time=0.021..1289.781 rows=4523930 loops=1)
  ->  Hash  (cost=138518.62..138518.62 rows=329927 width=8) (actual time=3641.094..3641.094 rows=375691 loops=1)
        Buckets: 131072  Batches: 8  Memory Usage: 2877kB
        ->  Hash Join  (cost=97066.09..138518.62 rows=329927 width=8) (actual time=2387.443..3523.924 rows=375691 loops=1)
              Hash Cond: (mi_idx.movie_id = t.id)
              ->  Seq Scan on movie_info_idx mi_idx  (cost=0.00..25185.44 rows=464566 width=4) (actual time=0.015..465.897 rows=459925 loops=1)
                    Filter: (info_type_id = 101)
                    Rows Removed by Filter: 920110
              ->  Hash  (cost=67604.59..67604.59 rows=1795720 width=4) (actual time=2386.476..2386.476 rows=1794153 loops=1)
                    Buckets: 131072  Batches: 32  Memory Usage: 2992kB
                    ->  Seq Scan on title t  (cost=0.00..67604.59 rows=1795720 width=4) (actual time=0.022..1213.156 rows=1794153 loops=1)
                          Filter: (production_year < 2009)
                          Rows Removed by Filter: 734159
Planning time: 1.085 ms
Execution time: 7690.237 ms
