Hash Join  (cost=179253.00..592820.09 rows=104026 width=209) (actual time=5011.947..15590.556 rows=3067560 loops=1)
  Hash Cond: (mi.movie_id = t.id)
  ->  Seq Scan on movie_info mi  (cost=0.00..346232.03 rows=2194617 width=75) (actual time=0.016..7449.653 rows=2233850 loops=1)
        Filter: (info_type_id > 16)
        Rows Removed by Filter: 12601870
  ->  Hash  (cost=175413.83..175413.83 rows=119853 width=134) (actual time=5010.572..5010.572 rows=524515 loops=1)
        Buckets: 32768 (originally 32768)  Batches: 32 (originally 8)  Memory Usage: 3841kB
        ->  Hash Join  (cost=77079.78..175413.83 rows=119853 width=134) (actual time=1906.077..4643.576 rows=524515 loops=1)
              Hash Cond: (mc.movie_id = t.id)
              ->  Seq Scan on movie_companies mc  (cost=0.00..44881.29 rows=2609129 width=40) (actual time=0.016..954.532 rows=2609129 loops=1)
              ->  Hash  (cost=73925.90..73925.90 rows=116150 width=94) (actual time=1905.678..1905.678 rows=248210 loops=1)
                    Buckets: 32768 (originally 32768)  Batches: 8 (originally 4)  Memory Usage: 3841kB
                    ->  Seq Scan on title t  (cost=0.00..73925.90 rows=116150 width=94) (actual time=623.161..1494.895 rows=248210 loops=1)
                          Filter: ((production_year < 1975) AND (kind_id = 1))
                          Rows Removed by Filter: 2280102
Planning time: 1.003 ms
Execution time: 15748.649 ms
