Hash Join  (cost=93117.31..161735.10 rows=361202 width=0) (actual time=2054.889..3271.779 rows=380508 loops=1)
  Hash Cond: (mc.movie_id = t.id)
  ->  Seq Scan on movie_companies mc  (cost=0.00..51404.11 rows=587330 width=4) (actual time=372.554..880.276 rows=594524 loops=1)
        Filter: (company_id > 69299)
        Rows Removed by Filter: 2014605
  ->  Hash  (cost=67604.59..67604.59 rows=1555018 width=4) (actual time=1680.742..1680.742 rows=1551727 loops=1)
        Buckets: 131072  Batches: 32  Memory Usage: 2728kB
        ->  Seq Scan on title t  (cost=0.00..67604.59 rows=1555018 width=4) (actual time=0.028..1163.119 rows=1551727 loops=1)
              Filter: (production_year < 2007)
              Rows Removed by Filter: 976585
Planning time: 0.666 ms
Execution time: 3320.480 ms
