Seq Scan on movie_companies mc  (cost=0.00..57926.93 rows=220754 width=0) (actual time=178.300..892.009 rows=437884 loops=1)
  Filter: ((company_id > 78405) AND (company_type_id = 2))
  Rows Removed by Filter: 2171245
Planning time: 0.505 ms
Execution time: 946.321 ms
