Hash Join  (cost=68257.79..128512.94 rows=12161 width=0) (actual time=1501.837..2100.381 rows=15524 loops=1)
  Hash Cond: (mc.movie_id = t.id)
  ->  Seq Scan on movie_companies mc  (cost=0.00..57926.93 rows=588430 width=4) (actual time=395.312..802.754 rows=872388 loops=1)
        Filter: ((company_id > 12929) AND (company_type_id = 2))
        Rows Removed by Filter: 1736741
  ->  Hash  (cost=67604.59..67604.59 rows=52256 width=4) (actual time=1104.882..1104.882 rows=53013 loops=1)
        Buckets: 65536  Batches: 1  Memory Usage: 2376kB
        ->  Seq Scan on title t  (cost=0.00..67604.59 rows=52256 width=4) (actual time=0.062..1081.988 rows=53013 loops=1)
              Filter: (production_year = 2000)
              Rows Removed by Filter: 2475299
Planning time: 1.148 ms
Execution time: 2102.490 ms
