Hash Join  (cost=74098.35..160321.54 rows=7486 width=0) (actual time=1210.523..2888.942 rows=16141 loops=1)
  Hash Cond: (mk.movie_id = t.id)
  ->  Seq Scan on movie_keyword mk  (cost=0.00..81003.12 rows=1372052 width=4) (actual time=0.019..1429.450 rows=1387924 loops=1)
        Filter: (keyword_id > 12015)
        Rows Removed by Filter: 3136006
  ->  Hash  (cost=73925.90..73925.90 rows=13796 width=4) (actual time=1210.068..1210.068 rows=8100 loops=1)
        Buckets: 16384  Batches: 1  Memory Usage: 413kB
        ->  Seq Scan on title t  (cost=0.00..73925.90 rows=13796 width=4) (actual time=0.069..1206.348 rows=8100 loops=1)
              Filter: ((kind_id = 1) AND (production_year = 2000))
              Rows Removed by Filter: 2520212
Planning time: 0.715 ms
Execution time: 2891.327 ms
