Seq Scan on movie_keyword mk  (cost=0.00..81003.12 rows=246 width=0) (actual time=1.256..1273.385 rows=450 loops=1)
  Filter: (keyword_id = 9985)
  Rows Removed by Filter: 4523480
Planning time: 0.341 ms
Execution time: 1273.700 ms
