Nested Loop  (cost=92101.72..234928.12 rows=8620 width=0) (actual time=1626.290..2649.953 rows=1360 loops=1)
  Join Filter: (mc.movie_id = t.id)
  ->  Hash Join  (cost=92101.29..202030.04 rows=45311 width=8) (actual time=1626.189..2627.733 rows=1360 loops=1)
        Hash Cond: (mc.movie_id = mk.movie_id)
        ->  Seq Scan on movie_companies mc  (cost=0.00..57926.93 rows=32221 width=4) (actual time=0.353..900.486 rows=6578 loops=1)
              Filter: ((company_type_id > 1) AND (company_id = 6))
              Rows Removed by Filter: 2602551
        ->  Hash  (cost=81003.12..81003.12 rows=676413 width=4) (actual time=1622.636..1622.636 rows=682299 loops=1)
              Buckets: 131072  Batches: 16  Memory Usage: 2556kB
              ->  Seq Scan on movie_keyword mk  (cost=0.00..81003.12 rows=676413 width=4) (actual time=0.025..1398.972 rows=682299 loops=1)
                    Filter: (keyword_id > 27548)
                    Rows Removed by Filter: 3841631
  ->  Index Only Scan using title_pkey on title t  (cost=0.43..0.71 rows=1 width=4) (actual time=0.015..0.016 rows=1 loops=1360)
        Index Cond: (id = mk.movie_id)
        Heap Fetches: 1360
Planning time: 3.925 ms
Execution time: 2650.329 ms
