Hash Join  (cost=83074.20..110002.04 rows=28 width=0) (actual time=1197.135..1712.829 rows=207 loops=1)
  Hash Cond: (mi_idx.movie_id = t.id)
  ->  Seq Scan on movie_info_idx mi_idx  (cost=0.00..25185.44 rows=464566 width=4) (actual time=0.035..454.548 rows=459925 loops=1)
        Filter: (info_type_id = 101)
        Rows Removed by Filter: 920110
  ->  Hash  (cost=83072.29..83072.29 rows=153 width=8) (actual time=1195.351..1195.351 rows=231 loops=1)
        Buckets: 1024  Batches: 1  Memory Usage: 18kB
        ->  Nested Loop  (cost=0.43..83072.29 rows=153 width=8) (actual time=2.734..1195.081 rows=231 loops=1)
              ->  Seq Scan on movie_keyword mk  (cost=0.00..81003.12 rows=246 width=4) (actual time=2.661..1156.190 rows=463 loops=1)
                    Filter: (keyword_id = 3595)
                    Rows Removed by Filter: 4523467
              ->  Index Scan using title_pkey on title t  (cost=0.43..8.40 rows=1 width=4) (actual time=0.082..0.082 rows=0 loops=463)
                    Index Cond: (id = mk.movie_id)
                    Filter: (production_year > 1996)
                    Rows Removed by Filter: 1
Planning time: 1.124 ms
Execution time: 1713.057 ms
