Seq Scan on movie_companies mc  (cost=0.00..57926.93 rows=806547 width=0) (actual time=0.178..1090.115 rows=594987 loops=1)
  Filter: ((company_id > 4025) AND (company_type_id = 1))
  Rows Removed by Filter: 2014142
Planning time: 0.330 ms
Execution time: 1164.887 ms
