Nested Loop  (cost=0.43..83072.90 rows=5 width=0) (actual time=439.428..1305.621 rows=3 loops=1)
  ->  Seq Scan on movie_keyword mk  (cost=0.00..81003.12 rows=246 width=4) (actual time=9.487..1295.160 rows=240 loops=1)
        Filter: (keyword_id = 9045)
        Rows Removed by Filter: 4523690
  ->  Index Scan using title_pkey on title t  (cost=0.43..8.40 rows=1 width=4) (actual time=0.041..0.041 rows=0 loops=240)
        Index Cond: (id = mk.movie_id)
        Filter: ((production_year > 2001) AND (kind_id = 3))
        Rows Removed by Filter: 1
Planning time: 0.825 ms
Execution time: 1305.738 ms
