Hash Join  (cost=74235.99..440337.95 rows=144603 width=0) (actual time=1179.630..9342.754 rows=74041 loops=1)
  Hash Cond: (mi.movie_id = t.id)
  ->  Seq Scan on movie_info mi  (cost=0.00..309384.22 rows=14739122 width=4) (actual time=0.021..4303.655 rows=14835720 loops=1)
  ->  Hash  (cost=73925.90..73925.90 rows=24807 width=4) (actual time=1160.782..1160.782 rows=25986 loops=1)
        Buckets: 32768  Batches: 1  Memory Usage: 1170kB
        ->  Seq Scan on title t  (cost=0.00..73925.90 rows=24807 width=4) (actual time=162.545..1149.862 rows=25986 loops=1)
              Filter: ((kind_id = 7) AND (production_year = 1997))
              Rows Removed by Filter: 2502326
Planning time: 0.761 ms
Execution time: 9353.256 ms
