Hash Join  (cost=308377.67..1842672.26 rows=39904641 width=0) (actual time=7691.216..73215.545 rows=137406924 loops=1)
  Hash Cond: (ci.movie_id = t.id)
  ->  Seq Scan on cast_info ci  (cost=0.00..614943.12 rows=36225612 width=4) (actual time=0.024..13472.244 rows=36244344 loops=1)
  ->  Hash  (cost=262680.16..262680.16 rows=2785321 width=8) (actual time=7689.312..7689.312 rows=2536878 loops=1)
        Buckets: 131072  Batches: 64  Memory Usage: 2564kB
        ->  Hash Join  (cost=98347.17..262680.16 rows=2785321 width=8) (actual time=1899.116..6958.928 rows=2536878 loops=1)
              Hash Cond: (mk.movie_id = t.id)
              ->  Seq Scan on movie_keyword mk  (cost=0.00..81003.12 rows=3758530 width=4) (actual time=0.022..1709.659 rows=3751112 loops=1)
                    Filter: (keyword_id < 24382)
                    Rows Removed by Filter: 772818
              ->  Hash  (cost=67604.59..67604.59 rows=1873807 width=4) (actual time=1897.692..1897.692 rows=1871198 loops=1)
                    Buckets: 131072  Batches: 32  Memory Usage: 3096kB
                    ->  Seq Scan on title t  (cost=0.00..67604.59 rows=1873807 width=4) (actual time=0.019..1254.692 rows=1871198 loops=1)
                          Filter: (production_year > 1984)
                          Rows Removed by Filter: 657114
Planning time: 6.546 ms
Execution time: 88064.899 ms
