Hash Join  (cost=225003.30..1294302.09 rows=8836232 width=0) (actual time=4380.971..31703.298 rows=5839550 loops=1)
  Hash Cond: (ci.movie_id = t.id)
  ->  Seq Scan on cast_info ci  (cost=0.00..705507.15 rows=23499554 width=4) (actual time=0.015..15883.521 rows=23573656 loops=1)
        Filter: (role_id > 1)
        Rows Removed by Filter: 12670688
  ->  Hash  (cost=209404.69..209404.69 rows=950769 width=8) (actual time=4380.081..4380.081 rows=246241 loops=1)
        Buckets: 131072  Batches: 16  Memory Usage: 1637kB
        ->  Hash Join  (cost=92883.59..209404.69 rows=950769 width=8) (actual time=2298.751..4313.995 rows=246241 loops=1)
              Hash Cond: (mk.movie_id = t.id)
              ->  Seq Scan on movie_keyword mk  (cost=0.00..81003.12 rows=1560258 width=4) (actual time=0.017..1456.905 rows=1575745 loops=1)
                    Filter: (keyword_id > 9917)
                    Rows Removed by Filter: 2948185
              ->  Hash  (cost=67604.59..67604.59 rows=1540800 width=4) (actual time=1739.068..1739.068 rows=1543264 loops=1)
                    Buckets: 131072  Batches: 32  Memory Usage: 2728kB
                    ->  Seq Scan on title t  (cost=0.00..67604.59 rows=1540800 width=4) (actual time=0.015..1227.535 rows=1543264 loops=1)
                          Filter: (kind_id = 7)
                          Rows Removed by Filter: 985048
Planning time: 0.753 ms
Execution time: 32318.349 ms
