Hash Join  (cost=155992.62..1021703.51 rows=1211602 width=0) (actual time=7289.359..26208.280 rows=5380083 loops=1)
  Hash Cond: (ci.movie_id = t.id)
  ->  Seq Scan on cast_info ci  (cost=0.00..705507.15 rows=12726058 width=4) (actual time=3626.996..14338.154 rows=12670688 loops=1)
        Filter: (role_id = 1)
        Rows Removed by Filter: 23573656
  ->  Hash  (cost=152042.47..152042.47 rows=240732 width=8) (actual time=3661.504..3661.504 rows=603280 loops=1)
        Buckets: 131072 (originally 131072)  Batches: 8 (originally 4)  Memory Usage: 3975kB
        ->  Hash Join  (cost=78556.72..152042.47 rows=240732 width=8) (actual time=2204.490..3478.985 rows=603280 loops=1)
              Hash Cond: (mc.movie_id = t.id)
              ->  Seq Scan on movie_companies mc  (cost=0.00..57926.93 rows=911865 width=4) (actual time=348.988..1173.326 rows=1100580 loops=1)
                    Filter: ((company_id > 1877) AND (company_type_id = 2))
                    Rows Removed by Filter: 1508549
              ->  Hash  (cost=67604.59..67604.59 rows=667531 width=4) (actual time=1278.020..1278.020 rows=662825 loops=1)
                    Buckets: 131072  Batches: 16  Memory Usage: 2476kB
                    ->  Seq Scan on title t  (cost=0.00..67604.59 rows=667531 width=4) (actual time=466.465..1071.892 rows=662825 loops=1)
                          Filter: (kind_id = 1)
                          Rows Removed by Filter: 1865487
Planning time: 1.122 ms
Execution time: 26887.359 ms
