Hash Join  (cost=430169.15..1187258.09 rows=629981 width=0) (actual time=6652.843..25517.590 rows=3274098 loops=1)
  Hash Cond: (ci.movie_id = t.id)
  ->  Seq Scan on cast_info ci  (cost=0.00..614943.12 rows=36225612 width=4) (actual time=0.022..8311.102 rows=36244344 loops=1)
  ->  Hash  (cost=429619.50..429619.50 rows=43972 width=8) (actual time=6652.336..6652.336 rows=45663 loops=1)
        Buckets: 65536  Batches: 1  Memory Usage: 2296kB
        ->  Hash Join  (cost=69179.59..429619.50 rows=43972 width=8) (actual time=4138.190..6637.265 rows=45663 loops=1)
              Hash Cond: (mi.movie_id = t.id)
              ->  Seq Scan on movie_info mi  (cost=0.00..346232.03 rows=1158179 width=4) (actual time=2942.934..5211.153 rows=1204709 loops=1)
                    Filter: (info_type_id > 18)
                    Rows Removed by Filter: 13631011
              ->  Hash  (cost=67604.59..67604.59 rows=96000 width=4) (actual time=1013.979..1013.979 rows=95005 loops=1)
                    Buckets: 131072  Batches: 2  Memory Usage: 2722kB
                    ->  Seq Scan on title t  (cost=0.00..67604.59 rows=96000 width=4) (actual time=0.036..975.643 rows=95005 loops=1)
                          Filter: (production_year = 2005)
                          Rows Removed by Filter: 2433307
Planning time: 1.178 ms
Execution time: 25923.822 ms
