Hash Join  (cost=102767.86..264986.51 rows=2964648 width=0) (actual time=2359.850..7301.884 rows=2958815 loops=1)
  Hash Cond: (mk.movie_id = t.id)
  ->  Seq Scan on movie_keyword mk  (cost=0.00..81003.12 rows=2964648 width=4) (actual time=0.019..1727.921 rows=2958815 loops=1)
        Filter: (keyword_id > 2353)
        Rows Removed by Filter: 1565115
  ->  Hash  (cost=61283.27..61283.27 rows=2528527 width=4) (actual time=2357.437..2357.437 rows=2528312 loops=1)
        Buckets: 131072  Batches: 64  Memory Usage: 2425kB
        ->  Seq Scan on title t  (cost=0.00..61283.27 rows=2528527 width=4) (actual time=0.022..1061.322 rows=2528312 loops=1)
Planning time: 0.677 ms
Execution time: 7657.312 ms
