Seq Scan on movie_keyword mk  (cost=0.00..81003.12 rows=246 width=0) (actual time=69.794..1254.505 rows=42 loops=1)
  Filter: (keyword_id = 4254)
  Rows Removed by Filter: 4523888
Planning time: 0.470 ms
Execution time: 1254.621 ms
