Seq Scan on movie_companies mc  (cost=0.00..51404.11 rows=595959 width=0) (actual time=0.034..902.773 rows=592861 loops=1)
  Filter: (company_id < 685)
  Rows Removed by Filter: 2016268
Planning time: 0.323 ms
Execution time: 978.963 ms
