Hash Join  (cost=447983.67..534837.26 rows=19555 width=0) (actual time=7835.101..8402.225 rows=100896 loops=1)
  Hash Cond: (mk.movie_id = t.id)
  ->  Seq Scan on movie_keyword mk  (cost=0.00..69693.30 rows=4523930 width=4) (actual time=0.027..994.122 rows=4523930 loops=1)
  ->  Hash  (cost=447847.04..447847.04 rows=10930 width=8) (actual time=6503.385..6503.385 rows=22930 loops=1)
        Buckets: 32768 (originally 16384)  Batches: 1 (originally 1)  Memory Usage: 1152kB
        ->  Nested Loop  (cost=0.43..447847.04 rows=10930 width=8) (actual time=1254.376..6490.306 rows=22930 loops=1)
              ->  Seq Scan on movie_info mi  (cost=0.00..346232.03 rows=17937 width=4) (actual time=1006.346..5298.230 rows=61128 loops=1)
                    Filter: (info_type_id = 103)
                    Rows Removed by Filter: 14774592
              ->  Index Scan using title_pkey on title t  (cost=0.43..5.66 rows=1 width=4) (actual time=0.019..0.019 rows=0 loops=61128)
                    Index Cond: (id = mi.movie_id)
                    Filter: (kind_id = 7)
                    Rows Removed by Filter: 1
Planning time: 1.086 ms
Execution time: 8415.081 ms
