Seq Scan on movie_keyword mk  (cost=0.00..81003.12 rows=2317043 width=0) (actual time=0.026..1447.368 rows=2316636 loops=1)
  Filter: (keyword_id > 4452)
  Rows Removed by Filter: 2207294
Planning time: 0.323 ms
Execution time: 1728.426 ms
