Hash Join  (cost=102767.86..266974.13 rows=3047209 width=0) (actual time=1971.644..6767.836 rows=3035695 loops=1)
  Hash Cond: (mk.movie_id = t.id)
  ->  Seq Scan on movie_keyword mk  (cost=0.00..81003.12 rows=3047209 width=4) (actual time=0.024..1547.410 rows=3035695 loops=1)
        Filter: (keyword_id < 10951)
        Rows Removed by Filter: 1488235
  ->  Hash  (cost=61283.27..61283.27 rows=2528527 width=4) (actual time=1969.847..1969.847 rows=2528312 loops=1)
        Buckets: 131072  Batches: 64  Memory Usage: 2425kB
        ->  Seq Scan on title t  (cost=0.00..61283.27 rows=2528527 width=4) (actual time=0.017..1095.563 rows=2528312 loops=1)
Planning time: 0.752 ms
Execution time: 7119.211 ms
