Hash Join  (cost=96184.51..218802.72 rows=1151040 width=0) (actual time=7006.265..12206.879 rows=299560 loops=1)
  Hash Cond: (mk.movie_id = t.id)
  ->  Seq Scan on movie_keyword mk  (cost=0.00..81003.12 rows=2145250 width=4) (actual time=0.015..5217.635 rows=2143609 loops=1)
        Filter: (keyword_id > 5454)
        Rows Removed by Filter: 2380321
  ->  Hash  (cost=73925.90..73925.90 rows=1356688 width=4) (actual time=5382.714..5382.714 rows=1327781 loops=1)
        Buckets: 131072  Batches: 32  Memory Usage: 2485kB
        ->  Seq Scan on title t  (cost=0.00..73925.90 rows=1356688 width=4) (actual time=709.507..4765.227 rows=1327781 loops=1)
              Filter: ((production_year < 2012) AND (kind_id = 7))
              Rows Removed by Filter: 1200531
Planning time: 0.691 ms
Execution time: 12251.352 ms
