Seq Scan on movie_keyword mk  (cost=0.00..81003.12 rows=2293623 width=0) (actual time=0.016..4523.011 rows=2299651 loops=1)
  Filter: (keyword_id > 4557)
  Rows Removed by Filter: 2224279
Planning time: 25.578 ms
Execution time: 4940.175 ms
