Nested Loop  (cost=0.43..83072.90 rows=60 width=0) (actual time=13.530..1327.879 rows=2062 loops=1)
  ->  Seq Scan on movie_keyword mk  (cost=0.00..81003.12 rows=246 width=4) (actual time=10.246..1233.510 rows=3515 loops=1)
        Filter: (keyword_id = 2440)
        Rows Removed by Filter: 4520415
  ->  Index Scan using title_pkey on title t  (cost=0.43..8.40 rows=1 width=4) (actual time=0.026..0.026 rows=1 loops=3515)
        Index Cond: (id = mk.movie_id)
        Filter: ((kind_id < 7) AND (production_year > 1996))
        Rows Removed by Filter: 0
Planning time: 0.727 ms
Execution time: 1328.658 ms
