Seq Scan on cast_info ci  (cost=0.00..705507.15 rows=27499461 width=0) (actual time=0.016..11304.431 rows=27631048 loops=1)
  Filter: (person_id > 846660)
  Rows Removed by Filter: 8613296
Planning time: 0.257 ms
Execution time: 14362.536 ms
