Seq Scan on cast_info ci  (cost=0.00..796071.18 rows=11563138 width=0) (actual time=0.028..16731.724 rows=10373499 loops=1)
  Filter: ((person_id > 308928) AND (role_id = 1))
  Rows Removed by Filter: 25870845
Planning time: 0.365 ms
Execution time: 18026.765 ms
