Hash Join  (cost=139654.61..227466.66 rows=115402 width=0) (actual time=10137.356..13368.127 rows=143081 loops=1)
  Hash Cond: (mk.movie_id = t.id)
  ->  Seq Scan on movie_keyword mk  (cost=0.00..69693.30 rows=4523930 width=4) (actual time=0.018..4097.737 rows=4523930 loops=1)
  ->  Hash  (cost=138848.34..138848.34 rows=64501 width=8) (actual time=7959.607..7959.607 rows=52195 loops=1)
        Buckets: 65536  Batches: 1  Memory Usage: 2551kB
        ->  Hash Join  (cost=80549.28..138848.34 rows=64501 width=8) (actual time=5367.265..7929.723 rows=52195 loops=1)
              Hash Cond: (mc.movie_id = t.id)
              ->  Seq Scan on movie_companies mc  (cost=0.00..51404.11 rows=403984 width=4) (actual time=0.036..2730.303 rows=403659 loops=1)
                    Filter: (company_id < 258)
                    Rows Removed by Filter: 2205470
              ->  Hash  (cost=73925.90..73925.90 rows=403710 width=4) (actual time=4774.559..4774.559 rows=434218 loops=1)
                    Buckets: 131072  Batches: 8  Memory Usage: 2935kB
                    ->  Seq Scan on title t  (cost=0.00..73925.90 rows=403710 width=4) (actual time=509.511..3946.523 rows=434218 loops=1)
                          Filter: ((production_year > 2008) AND (kind_id = 7))
                          Rows Removed by Filter: 2094094
Planning time: 1.076 ms
Execution time: 13387.255 ms
