Hash Join  (cost=428532.91..1179885.68 rows=56355 width=0) (actual time=7401.922..23218.037 rows=103 loops=1)
  Hash Cond: (ci.movie_id = t.id)
  ->  Seq Scan on cast_info ci  (cost=0.00..614943.12 rows=36225612 width=4) (actual time=0.026..8981.408 rows=36244344 loops=1)
  ->  Hash  (cost=428483.73..428483.73 rows=3934 width=8) (actual time=7320.207..7320.207 rows=8 loops=1)
        Buckets: 4096  Batches: 1  Memory Usage: 33kB
        ->  Hash Join  (cost=73982.55..428483.73 rows=3934 width=8) (actual time=1597.289..7320.135 rows=8 loops=1)
              Hash Cond: (mi.movie_id = t.id)
              ->  Seq Scan on movie_info mi  (cost=0.00..346232.03 rows=2194617 width=4) (actual time=344.948..5823.668 rows=2233850 loops=1)
                    Filter: (info_type_id > 16)
                    Rows Removed by Filter: 12601870
              ->  Hash  (cost=73925.90..73925.90 rows=4532 width=4) (actual time=1166.284..1166.284 rows=137 loops=1)
                    Buckets: 8192  Batches: 1  Memory Usage: 69kB
                    ->  Seq Scan on title t  (cost=0.00..73925.90 rows=4532 width=4) (actual time=11.115..1166.062 rows=137 loops=1)
                          Filter: ((kind_id = 7) AND (production_year = 2014))
                          Rows Removed by Filter: 2528175
Planning time: 1.151 ms
Execution time: 23218.254 ms
