Hash Join  (cost=75819.10..112503.37 rows=41936 width=0) (actual time=1424.116..2354.697 rows=18190 loops=1)
  Hash Cond: (mi_idx.movie_id = t.id)
  ->  Seq Scan on movie_info_idx mi_idx  (cost=0.00..25185.44 rows=919057 width=4) (actual time=0.029..581.087 rows=920110 loops=1)
        Filter: (info_type_id > 99)
        Rows Removed by Filter: 459925
  ->  Hash  (cost=73925.90..73925.90 rows=115376 width=4) (actual time=1423.314..1423.314 rows=119207 loops=1)
        Buckets: 131072  Batches: 2  Memory Usage: 3119kB
        ->  Seq Scan on title t  (cost=0.00..73925.90 rows=115376 width=4) (actual time=0.064..1378.626 rows=119207 loops=1)
              Filter: ((kind_id > 2) AND (production_year = 2012))
              Rows Removed by Filter: 2409105
Planning time: 0.907 ms
Execution time: 2357.472 ms
