Seq Scan on cast_info ci  (cost=0.00..796071.18 rows=3029900 width=0) (actual time=19883.134..41147.300 rows=3342397 loops=1)
  Filter: ((person_id > 851824) AND (role_id = 3))
  Rows Removed by Filter: 32901947
Planning time: 0.327 ms
Execution time: 41765.952 ms
