Nested Loop  (cost=0.43..83071.67 rows=246 width=0) (actual time=9.132..3892.338 rows=269 loops=1)
  ->  Seq Scan on movie_keyword mk  (cost=0.00..81003.12 rows=246 width=4) (actual time=9.063..3824.956 rows=269 loops=1)
        Filter: (keyword_id = 4583)
        Rows Removed by Filter: 4523661
  ->  Index Only Scan using title_pkey on title t  (cost=0.43..8.40 rows=1 width=4) (actual time=0.246..0.247 rows=1 loops=269)
        Index Cond: (id = mk.movie_id)
        Heap Fetches: 269
Planning time: 3.726 ms
Execution time: 3892.563 ms
