Seq Scan on title t  (cost=0.00..73925.90 rows=18244 width=0) (actual time=0.302..3431.452 rows=12404 loops=1)
  Filter: ((kind_id < 3) AND (production_year = 2002))
  Rows Removed by Filter: 2515908
Planning time: 0.400 ms
Execution time: 3434.283 ms
