Hash Join  (cost=69969.16..101360.11 rows=26501 width=0) (actual time=1191.001..1758.233 rows=20280 loops=1)
  Hash Cond: (mi_idx.movie_id = t.id)
  ->  Seq Scan on movie_info_idx mi_idx  (cost=0.00..25185.44 rows=464934 width=4) (actual time=0.020..502.157 rows=460185 loops=1)
        Filter: (info_type_id > 100)
        Rows Removed by Filter: 919850
  ->  Hash  (cost=67604.59..67604.59 rows=144126 width=4) (actual time=1038.514..1038.514 rows=145539 loops=1)
        Buckets: 131072  Batches: 2  Memory Usage: 3580kB
        ->  Seq Scan on title t  (cost=0.00..67604.59 rows=144126 width=4) (actual time=0.023..987.697 rows=145539 loops=1)
              Filter: (production_year < 1942)
              Rows Removed by Filter: 2382773
Planning time: 0.775 ms
Execution time: 1761.729 ms
