Hash Join  (cost=83074.74..851481.06 rows=1631 width=0) (actual time=1381.127..16721.280 rows=89614 loops=1)
  Hash Cond: (ci.movie_id = t.id)
  ->  Seq Scan on cast_info ci  (cost=0.00..705507.15 rows=16768761 width=4) (actual time=0.021..12184.672 rows=16628848 loops=1)
        Filter: (person_id < 1645859)
        Rows Removed by Filter: 19615496
  ->  Hash  (cost=83071.67..83071.67 rows=246 width=8) (actual time=1379.690..1379.690 rows=3076 loops=1)
        Buckets: 4096 (originally 1024)  Batches: 1 (originally 1)  Memory Usage: 153kB
        ->  Nested Loop  (cost=0.43..83071.67 rows=246 width=8) (actual time=0.531..1377.583 rows=3076 loops=1)
              ->  Seq Scan on movie_keyword mk  (cost=0.00..81003.12 rows=246 width=4) (actual time=0.471..1252.294 rows=3076 loops=1)
                    Filter: (keyword_id = 2199)
                    Rows Removed by Filter: 4520854
              ->  Index Only Scan using title_pkey on title t  (cost=0.43..8.40 rows=1 width=4) (actual time=0.039..0.040 rows=1 loops=3076)
                    Index Cond: (id = mk.movie_id)
                    Heap Fetches: 3076
Planning time: 1.184 ms
Execution time: 16738.309 ms
