Hash Join  (cost=71408.55..161211.16 rows=57987 width=0) (actual time=1188.624..2850.448 rows=18421 loops=1)
  Hash Cond: (mk.movie_id = t.id)
  ->  Seq Scan on movie_keyword mk  (cost=0.00..81003.12 rows=632430 width=4) (actual time=0.026..1384.029 rows=631788 loops=1)
        Filter: (keyword_id < 494)
        Rows Removed by Filter: 3892142
  ->  Hash  (cost=67604.59..67604.59 rows=231837 width=4) (actual time=1185.466..1185.466 rows=231649 loops=1)
        Buckets: 131072  Batches: 4  Memory Usage: 3082kB
        ->  Seq Scan on title t  (cost=0.00..67604.59 rows=231837 width=4) (actual time=0.019..1103.438 rows=231649 loops=1)
              Filter: (production_year > 2011)
              Rows Removed by Filter: 2296663
Planning time: 5.965 ms
Execution time: 2853.294 ms
