Hash Join  (cost=191528.22..707894.33 rows=850197 width=0) (actual time=10038.904..45284.995 rows=4521929 loops=1)
  Hash Cond: (mi.movie_id = t.id)
  ->  Seq Scan on movie_info mi  (cost=0.00..346232.03 rows=13926693 width=4) (actual time=0.016..25130.799 rows=13963496 loops=1)
        Filter: (info_type_id < 98)
        Rows Removed by Filter: 872224
  ->  Hash  (cost=188995.69..188995.69 rows=154362 width=8) (actual time=10038.148..10038.148 rows=114587 loops=1)
        Buckets: 131072  Batches: 4  Memory Usage: 2163kB
        ->  Hash Join  (cost=76444.38..188995.69 rows=154362 width=8) (actual time=3523.168..9962.894 rows=114587 loops=1)
              Hash Cond: (mk.movie_id = t.id)
              ->  Seq Scan on movie_keyword mk  (cost=0.00..81003.12 rows=2543085 width=4) (actual time=0.014..5048.498 rows=2536122 loops=1)
                    Filter: (keyword_id < 6326)
                    Rows Removed by Filter: 1987808
              ->  Hash  (cost=73925.90..73925.90 rows=153478 width=4) (actual time=3522.359..3522.359 rows=134760 loops=1)
                    Buckets: 131072  Batches: 4  Memory Usage: 2222kB
                    ->  Seq Scan on title t  (cost=0.00..73925.90 rows=153478 width=4) (actual time=0.020..3454.827 rows=134760 loops=1)
                          Filter: ((kind_id < 7) AND (production_year > 2010))
                          Rows Removed by Filter: 2393552
Planning time: 1.087 ms
Execution time: 46057.522 ms
