Hash Join  (cost=213133.06..1425434.68 rows=17376045 width=0) (actual time=11672.733..99982.404 rows=42134478 loops=1)
  Hash Cond: (ci.movie_id = t.id)
  ->  Seq Scan on cast_info ci  (cost=0.00..614943.12 rows=36225612 width=4) (actual time=0.016..48222.744 rows=36244344 loops=1)
  ->  Hash  (cost=193234.59..193234.59 rows=1212838 width=8) (actual time=11671.720..11671.720 rows=1201545 loops=1)
        Buckets: 131072  Batches: 16  Memory Usage: 3927kB
        ->  Hash Join  (cost=102767.86..193234.59 rows=1212838 width=8) (actual time=5408.977..11188.210 rows=1201545 loops=1)
              Hash Cond: (mc.movie_id = t.id)
              ->  Seq Scan on movie_companies mc  (cost=0.00..51404.11 rows=1212838 width=4) (actual time=0.024..3421.823 rows=1201545 loops=1)
                    Filter: (company_id < 10966)
                    Rows Removed by Filter: 1407584
              ->  Hash  (cost=61283.27..61283.27 rows=2528527 width=4) (actual time=5406.647..5406.647 rows=2528312 loops=1)
                    Buckets: 131072  Batches: 64  Memory Usage: 2415kB
                    ->  Seq Scan on title t  (cost=0.00..61283.27 rows=2528527 width=4) (actual time=0.015..4262.477 rows=2528312 loops=1)
Planning time: 1.205 ms
Execution time: 105979.065 ms
