Hash Join  (cost=513038.35..630177.08 rows=970534 width=0) (actual time=25980.254..32827.193 rows=5088402 loops=1)
  Hash Cond: (mk.movie_id = t.id)
  ->  Seq Scan on movie_keyword mk  (cost=0.00..81003.12 rows=1833669 width=4) (actual time=0.020..3951.024 rows=1842503 loops=1)
        Filter: (keyword_id < 3050)
        Rows Removed by Filter: 2681427
  ->  Hash  (cost=491081.45..491081.45 rows=1338312 width=8) (actual time=25979.332..25979.332 rows=1401902 loops=1)
        Buckets: 131072  Batches: 32  Memory Usage: 2722kB
        ->  Hash Join  (cost=102767.86..491081.45 rows=1338312 width=8) (actual time=10980.479..25321.578 rows=1401902 loops=1)
              Hash Cond: (mi.movie_id = t.id)
              ->  Seq Scan on movie_info mi  (cost=0.00..346232.03 rows=1338312 width=4) (actual time=4452.483..16072.301 rows=1401902 loops=1)
                    Filter: (info_type_id = 7)
                    Rows Removed by Filter: 13433818
              ->  Hash  (cost=61283.27..61283.27 rows=2528527 width=4) (actual time=6526.589..6526.589 rows=2528312 loops=1)
                    Buckets: 131072  Batches: 64  Memory Usage: 2425kB
                    ->  Seq Scan on title t  (cost=0.00..61283.27 rows=2528527 width=4) (actual time=0.025..4488.270 rows=2528312 loops=1)
Planning time: 1.078 ms
Execution time: 33506.568 ms
