Hash Join  (cost=263115.61..1495855.14 rows=18049557 width=0) (actual time=7531.549..47343.958 rows=42734783 loops=1)
  Hash Cond: (ci.movie_id = t.id)
  ->  Seq Scan on cast_info ci  (cost=0.00..796071.18 rows=17491965 width=4) (actual time=1042.064..17247.726 rows=20888397 loops=1)
        Filter: ((person_id < 2415884) AND (role_id < 5))
        Rows Removed by Filter: 15355947
  ->  Hash  (cost=220309.49..220309.49 rows=2609129 width=8) (actual time=6488.319..6488.319 rows=2609129 loops=1)
        Buckets: 131072  Batches: 64  Memory Usage: 2610kB
        ->  Hash Join  (cost=102767.86..220309.49 rows=2609129 width=8) (actual time=1858.832..5740.444 rows=2609129 loops=1)
              Hash Cond: (mc.movie_id = t.id)
              ->  Seq Scan on movie_companies mc  (cost=0.00..44881.29 rows=2609129 width=4) (actual time=0.024..845.057 rows=2609129 loops=1)
              ->  Hash  (cost=61283.27..61283.27 rows=2528527 width=4) (actual time=1857.573..1857.573 rows=2528312 loops=1)
                    Buckets: 131072  Batches: 64  Memory Usage: 2415kB
                    ->  Seq Scan on title t  (cost=0.00..61283.27 rows=2528527 width=4) (actual time=0.019..993.448 rows=2528312 loops=1)
Planning time: 1.220 ms
Execution time: 52074.586 ms
