Hash Join  (cost=569279.03..1580972.22 rows=5120886 width=0) (actual time=14810.605..41344.064 rows=22338380 loops=1)
  Hash Cond: (ci.movie_id = t.id)
  ->  Seq Scan on cast_info ci  (cost=0.00..796071.18 rows=10420019 width=4) (actual time=0.020..15553.190 rows=7996899 loops=1)
        Filter: ((person_id > 626119) AND (role_id = 1))
        Rows Removed by Filter: 28247445
  ->  Hash  (cost=548891.07..548891.07 rows=1242637 width=8) (actual time=14808.590..14808.590 rows=3684239 loops=1)
        Buckets: 131072 (originally 131072)  Batches: 64 (originally 32)  Memory Usage: 3306kB
        ->  Hash Join  (cost=79366.51..548891.07 rows=1242637 width=8) (actual time=1654.649..13806.751 rows=3684239 loops=1)
              Hash Cond: (mi.movie_id = t.id)
              ->  Seq Scan on movie_info mi  (cost=0.00..346232.03 rows=9476311 width=4) (actual time=304.610..6822.062 rows=9565151 loops=1)
                    Filter: (info_type_id < 16)
                    Rows Removed by Filter: 5270569
              ->  Hash  (cost=73925.90..73925.90 rows=331568 width=4) (actual time=1348.823..1348.823 rows=445194 loops=1)
                    Buckets: 131072  Batches: 8  Memory Usage: 3000kB
                    ->  Seq Scan on title t  (cost=0.00..73925.90 rows=331568 width=4) (actual time=0.083..1203.683 rows=445194 loops=1)
                          Filter: ((kind_id < 7) AND (production_year < 1996))
                          Rows Removed by Filter: 2083118
Planning time: 1.195 ms
Execution time: 43881.803 ms
