Hash Join  (cost=83074.93..833894.47 rows=3035 width=0) (actual time=1782.572..16955.318 rows=353 loops=1)
  Hash Cond: (ci.movie_id = t.id)
  ->  Seq Scan on cast_info ci  (cost=0.00..614943.12 rows=36225612 width=4) (actual time=0.021..9062.455 rows=36244344 loops=1)
  ->  Hash  (cost=83072.29..83072.29 rows=212 width=8) (actual time=1288.218..1288.218 rows=2 loops=1)
        Buckets: 1024  Batches: 1  Memory Usage: 9kB
        ->  Nested Loop  (cost=0.43..83072.29 rows=212 width=8) (actual time=586.958..1288.207 rows=2 loops=1)
              ->  Seq Scan on movie_keyword mk  (cost=0.00..81003.12 rows=246 width=4) (actual time=222.530..1284.567 rows=87 loops=1)
                    Filter: (keyword_id = 1928)
                    Rows Removed by Filter: 4523843
              ->  Index Scan using title_pkey on title t  (cost=0.43..8.40 rows=1 width=4) (actual time=0.040..0.040 rows=0 loops=87)
                    Index Cond: (id = mk.movie_id)
                    Filter: (production_year > 1963)
                    Rows Removed by Filter: 1
Planning time: 1.216 ms
Execution time: 16955.767 ms
