Hash Join  (cost=424577.67..1208985.65 rows=180733 width=0) (actual time=6879.562..24082.627 rows=144440 loops=1)
  Hash Cond: (ci.movie_id = t.id)
  ->  Seq Scan on cast_info ci  (cost=0.00..705507.15 rows=20558262 width=4) (actual time=0.013..12932.943 rows=20464290 loops=1)
        Filter: (person_id < 2058476)
        Rows Removed by Filter: 15780054
  ->  Hash  (cost=424299.81..424299.81 rows=22229 width=8) (actual time=6879.188..6879.188 rows=7837 loops=1)
        Buckets: 32768  Batches: 1  Memory Usage: 563kB
        ->  Hash Join  (cost=74787.47..424299.81 rows=22229 width=8) (actual time=6096.175..6875.570 rows=7837 loops=1)
              Hash Cond: (mi.movie_id = t.id)
              ->  Seq Scan on movie_info mi  (cost=0.00..346232.03 rows=815474 width=4) (actual time=0.013..5485.477 rows=872224 loops=1)
                    Filter: (info_type_id > 97)
                    Rows Removed by Filter: 13963496
              ->  Hash  (cost=73925.90..73925.90 rows=68925 width=4) (actual time=1174.986..1174.986 rows=84076 loops=1)
                    Buckets: 131072  Batches: 1  Memory Usage: 3980kB
                    ->  Seq Scan on title t  (cost=0.00..73925.90 rows=68925 width=4) (actual time=57.479..1141.901 rows=84076 loops=1)
                          Filter: ((kind_id = 7) AND (production_year = 2007))
                          Rows Removed by Filter: 2444236
Planning time: 0.670 ms
Execution time: 24104.987 ms
