Seq Scan on movie_companies mc  (cost=0.00..57926.93 rows=1011302 width=0) (actual time=16.171..1124.054 rows=1274246 loops=1)
  Filter: ((company_id < 71844) AND (company_type_id = 1))
  Rows Removed by Filter: 1334883
Planning time: 0.388 ms
Execution time: 1286.595 ms
