Hash Join  (cost=78846.40..119347.59 rows=163670 width=0) (actual time=1350.775..2574.710 rows=383469 loops=1)
  Hash Cond: (mi_idx.movie_id = t.id)
  ->  Seq Scan on movie_info_idx mi_idx  (cost=0.00..21735.35 rows=1380035 width=4) (actual time=0.029..493.969 rows=1380035 loops=1)
  ->  Hash  (cost=73925.90..73925.90 rows=299880 width=4) (actual time=1349.950..1349.950 rows=391036 loops=1)
        Buckets: 131072 (originally 131072)  Batches: 8 (originally 4)  Memory Usage: 3073kB
        ->  Seq Scan on title t  (cost=0.00..73925.90 rows=299880 width=4) (actual time=645.758..1223.986 rows=391036 loops=1)
              Filter: ((production_year < 2002) AND (kind_id = 1))
              Rows Removed by Filter: 2137276
Planning time: 1.218 ms
Execution time: 2614.153 ms
