Seq Scan on cast_info ci  (cost=0.00..796071.18 rows=1159655 width=0) (actual time=25.251..13478.550 rows=860333 loops=1)
  Filter: ((person_id < 2477731) AND (role_id = 8))
  Rows Removed by Filter: 35384011
Planning time: 0.416 ms
Execution time: 13588.702 ms
