Seq Scan on movie_companies mc  (cost=0.00..57926.93 rows=51 width=0) (actual time=518.134..874.393 rows=1437 loops=1)
  Filter: ((company_type_id < 2) AND (company_id = 10999))
  Rows Removed by Filter: 2607692
Planning time: 0.379 ms
Execution time: 874.722 ms
