Seq Scan on movie_keyword mk  (cost=0.00..81003.12 rows=246 width=0) (actual time=0.416..1254.549 rows=309 loops=1)
  Filter: (keyword_id = 6029)
  Rows Removed by Filter: 4523621
Planning time: 0.333 ms
Execution time: 1254.766 ms
