Nested Loop  (cost=0.43..113589.64 rows=70 width=0) (actual time=523.613..1380.577 rows=6 loops=1)
  ->  Seq Scan on movie_keyword mk  (cost=0.00..81003.12 rows=4373 width=4) (actual time=0.043..1210.297 rows=4217 loops=1)
        Filter: (keyword_id = 394)
        Rows Removed by Filter: 4519713
  ->  Index Scan using title_pkey on title t  (cost=0.43..7.44 rows=1 width=4) (actual time=0.040..0.040 rows=0 loops=4217)
        Index Cond: (id = mk.movie_id)
        Filter: ((production_year > 2012) AND (kind_id = 7))
        Rows Removed by Filter: 1
Planning time: 0.785 ms
Execution time: 1380.687 ms
