Hash Join  (cost=169597.35..1044661.28 rows=656993 width=0) (actual time=5810.665..20334.783 rows=1722489 loops=1)
  Hash Cond: (ci.movie_id = t.id)
  ->  Seq Scan on cast_info ci  (cost=0.00..796071.18 rows=6172485 width=4) (actual time=2353.327..13292.598 rows=6913528 loops=1)
        Filter: ((person_id < 747309) AND (role_id < 8))
        Rows Removed by Filter: 29330816
  ->  Hash  (cost=165181.17..165181.17 rows=269134 width=8) (actual time=3455.141..3455.141 rows=296852 loops=1)
        Buckets: 131072  Batches: 4  Memory Usage: 3903kB
        ->  Hash Join  (cost=92883.59..165181.17 rows=269134 width=8) (actual time=1981.301..3364.089 rows=296852 loops=1)
              Hash Cond: (mc.movie_id = t.id)
              ->  Seq Scan on movie_companies mc  (cost=0.00..57926.93 rows=441662 width=4) (actual time=333.983..1036.383 rows=634825 loops=1)
                    Filter: ((company_id < 2837) AND (company_type_id < 2))
                    Rows Removed by Filter: 1974304
              ->  Hash  (cost=67604.59..67604.59 rows=1540800 width=4) (actual time=1646.015..1646.015 rows=1543264 loops=1)
                    Buckets: 131072  Batches: 32  Memory Usage: 2722kB
                    ->  Seq Scan on title t  (cost=0.00..67604.59 rows=1540800 width=4) (actual time=67.853..1151.317 rows=1543264 loops=1)
                          Filter: (kind_id = 7)
                          Rows Removed by Filter: 985048
Planning time: 10.017 ms
Execution time: 20546.115 ms
