Hash Join  (cost=130184.25..887566.16 rows=659275 width=0) (actual time=2494.159..19339.460 rows=735128 loops=1)
  Hash Cond: (ci.movie_id = t.id)
  ->  Seq Scan on cast_info ci  (cost=0.00..614943.12 rows=36225612 width=4) (actual time=0.014..8131.222 rows=36244344 loops=1)
  ->  Hash  (cost=129609.04..129609.04 rows=46017 width=8) (actual time=2493.590..2493.590 rows=25028 loops=1)
        Buckets: 65536  Batches: 1  Memory Usage: 1490kB
        ->  Hash Join  (cost=74483.34..129609.04 rows=46017 width=8) (actual time=1125.706..2479.680 rows=25028 loops=1)
              Hash Cond: (mc.movie_id = t.id)
              ->  Seq Scan on movie_companies mc  (cost=0.00..44881.29 rows=2609129 width=4) (actual time=0.010..636.597 rows=2609129 loops=1)
              ->  Hash  (cost=73925.90..73925.90 rows=44595 width=4) (actual time=1125.345..1125.345 rows=50569 loops=1)
                    Buckets: 65536  Batches: 1  Memory Usage: 2290kB
                    ->  Seq Scan on title t  (cost=0.00..73925.90 rows=44595 width=4) (actual time=0.032..1101.225 rows=50569 loops=1)
                          Filter: ((kind_id > 3) AND (production_year = 2003))
                          Rows Removed by Filter: 2477743
Planning time: 1.215 ms
Execution time: 19432.876 ms
