Seq Scan on movie_keyword mk  (cost=0.00..81003.12 rows=993829 width=0) (actual time=0.027..1023.685 rows=1003090 loops=1)
  Filter: (keyword_id > 18409)
  Rows Removed by Filter: 3520840
Planning time: 0.354 ms
Execution time: 1136.258 ms
