Seq Scan on movie_keyword mk  (cost=0.00..81003.12 rows=1064640 width=0) (actual time=0.026..1420.955 rows=1069398 loops=1)
  Filter: (keyword_id < 1074)
  Rows Removed by Filter: 3454532
Planning time: 0.314 ms
Execution time: 1558.198 ms
