Hash Join  (cost=83072.42..109986.55 rows=2 width=0) (actual time=1472.745..1746.386 rows=14 loops=1)
  Hash Cond: (mi_idx.movie_id = t.id)
  ->  Seq Scan on movie_info_idx mi_idx  (cost=0.00..25185.44 rows=460978 width=4) (actual time=0.026..427.081 rows=459925 loops=1)
        Filter: (info_type_id = 99)
        Rows Removed by Filter: 920110
  ->  Hash  (cost=83072.29..83072.29 rows=11 width=8) (actual time=1253.615..1253.615 rows=26 loops=1)
        Buckets: 1024  Batches: 1  Memory Usage: 10kB
        ->  Nested Loop  (cost=0.43..83072.29 rows=11 width=8) (actual time=30.935..1253.561 rows=26 loops=1)
              ->  Seq Scan on movie_keyword mk  (cost=0.00..81003.12 rows=246 width=4) (actual time=4.350..1244.999 rows=166 loops=1)
                    Filter: (keyword_id = 11286)
                    Rows Removed by Filter: 4523764
              ->  Index Scan using title_pkey on title t  (cost=0.43..8.40 rows=1 width=4) (actual time=0.048..0.048 rows=0 loops=166)
                    Index Cond: (id = mk.movie_id)
                    Filter: (kind_id = 4)
                    Rows Removed by Filter: 1
Planning time: 1.414 ms
Execution time: 1746.553 ms
