Nested Loop  (cost=0.43..709674.40 rows=243 width=0) (actual time=1280.538..10915.744 rows=691 loops=1)
  ->  Seq Scan on cast_info ci  (cost=0.00..705507.15 rows=500 width=4) (actual time=1280.473..10897.292 rows=888 loops=1)
        Filter: (person_id = 1381652)
        Rows Removed by Filter: 36243456
  ->  Index Scan using title_pkey on title t  (cost=0.43..8.32 rows=1 width=4) (actual time=0.020..0.020 rows=1 loops=888)
        Index Cond: (id = ci.movie_id)
        Filter: ((kind_id > 1) AND (production_year < 2008))
        Rows Removed by Filter: 0
Planning time: 3.394 ms
Execution time: 10915.973 ms
