Hash Join  (cost=73998.02..128723.07 rows=5953 width=0) (actual time=1067.020..2247.839 rows=10023 loops=1)
  Hash Cond: (mc.movie_id = t.id)
  ->  Seq Scan on movie_companies mc  (cost=0.00..44881.29 rows=2609129 width=4) (actual time=0.022..643.858 rows=2609129 loops=1)
  ->  Hash  (cost=73925.90..73925.90 rows=5769 width=4) (actual time=1051.859..1051.859 rows=7749 loops=1)
        Buckets: 8192  Batches: 1  Memory Usage: 337kB
        ->  Seq Scan on title t  (cost=0.00..73925.90 rows=5769 width=4) (actual time=0.022..1048.446 rows=7749 loops=1)
              Filter: ((kind_id = 4) AND (production_year = 2009))
              Rows Removed by Filter: 2520563
Planning time: 0.756 ms
Execution time: 2249.706 ms
