Hash Join  (cost=96451.85..147001.74 rows=749340 width=0) (actual time=1842.956..3296.937 rows=419679 loops=1)
  Hash Cond: (mi_idx.movie_id = t.id)
  ->  Seq Scan on movie_info_idx mi_idx  (cost=0.00..21735.35 rows=1380035 width=4) (actual time=0.014..462.390 rows=1380035 loops=1)
  ->  Hash  (cost=73925.90..73925.90 rows=1372956 width=4) (actual time=1841.643..1841.643 rows=1450632 loops=1)
        Buckets: 131072  Batches: 32  Memory Usage: 2620kB
        ->  Seq Scan on title t  (cost=0.00..73925.90 rows=1372956 width=4) (actual time=62.871..1372.251 rows=1450632 loops=1)
              Filter: ((production_year > 1956) AND (kind_id = 7))
              Rows Removed by Filter: 1077680
Planning time: 0.724 ms
Execution time: 3348.521 ms
