Seq Scan on cast_info ci  (cost=0.00..796071.18 rows=5061352 width=0) (actual time=0.012..13801.279 rows=10348753 loops=1)
  Filter: ((person_id < 1411719) AND (role_id = 1))
  Rows Removed by Filter: 25895591
Planning time: 12.191 ms
Execution time: 15057.853 ms
