Seq Scan on cast_info ci  (cost=0.00..705507.15 rows=12832604 width=0) (actual time=0.026..12097.543 rows=12951249 loops=1)
  Filter: (person_id > 2382479)
  Rows Removed by Filter: 23293095
Planning time: 1.436 ms
Execution time: 13687.076 ms
