Seq Scan on movie_keyword mk  (cost=0.00..81003.12 rows=414359 width=0) (actual time=0.011..1426.439 rows=407131 loops=1)
  Filter: (keyword_id > 42523)
  Rows Removed by Filter: 4116799
Planning time: 0.205 ms
Execution time: 1477.154 ms
