Hash Join  (cost=225283.55..270303.35 rows=427031 width=0) (actual time=4719.005..6002.376 rows=716376 loops=1)
  Hash Cond: (mi_idx.movie_id = t.id)
  ->  Seq Scan on movie_info_idx mi_idx  (cost=0.00..21735.35 rows=1380035 width=4) (actual time=0.013..477.819 rows=1380035 loops=1)
  ->  Hash  (cost=212446.37..212446.37 rows=782415 width=8) (actual time=4717.775..4717.775 rows=445597 loops=1)
        Buckets: 131072  Batches: 16  Memory Usage: 2141kB
        ->  Hash Join  (cost=102170.22..212446.37 rows=782415 width=8) (actual time=2122.786..4591.032 rows=445597 loops=1)
              Hash Cond: (mk.movie_id = t.id)
              ->  Seq Scan on movie_keyword mk  (cost=0.00..81003.12 rows=1149175 width=4) (actual time=0.027..1493.562 rows=1165534 loops=1)
                    Filter: (keyword_id > 16065)
                    Rows Removed by Filter: 3358396
              ->  Hash  (cost=73925.90..73925.90 rows=1721545 width=4) (actual time=2116.730..2116.730 rows=1799897 loops=1)
                    Buckets: 131072  Batches: 32  Memory Usage: 3013kB
                    ->  Seq Scan on title t  (cost=0.00..73925.90 rows=1721545 width=4) (actual time=0.027..1514.701 rows=1799897 loops=1)
                          Filter: ((kind_id > 1) AND (production_year > 1933))
                          Rows Removed by Filter: 728415
Planning time: 0.969 ms
Execution time: 6081.092 ms
