Seq Scan on movie_companies mc  (cost=0.00..57926.93 rows=899693 width=0) (actual time=370.271..997.298 rows=736762 loops=1)
  Filter: ((company_id > 1593) AND (company_type_id = 1))
  Rows Removed by Filter: 1872367
Planning time: 0.372 ms
Execution time: 1087.977 ms
