Seq Scan on movie_keyword mk  (cost=0.00..81003.12 rows=246 width=0) (actual time=0.989..1172.358 rows=1219 loops=1)
  Filter: (keyword_id = 5589)
  Rows Removed by Filter: 4522711
Planning time: 0.345 ms
Execution time: 1172.851 ms
