Hash Join  (cost=139154.15..270590.04 rows=774286 width=0) (actual time=2882.170..6463.972 rows=1358289 loops=1)
  Hash Cond: (mk.movie_id = t.id)
  ->  Seq Scan on movie_keyword mk  (cost=0.00..69693.30 rows=4523930 width=4) (actual time=0.012..1487.163 rows=4523930 loops=1)
  ->  Hash  (cost=132053.57..132053.57 rows=432766 width=8) (actual time=2881.190..2881.190 rows=345732 loops=1)
        Buckets: 131072  Batches: 8  Memory Usage: 2735kB
        ->  Hash Join  (cost=86935.43..132053.57 rows=432766 width=8) (actual time=1592.073..2779.700 rows=345732 loops=1)
              Hash Cond: (mi_idx.movie_id = t.id)
              ->  Seq Scan on movie_info_idx mi_idx  (cost=0.00..21735.35 rows=1380035 width=4) (actual time=0.005..405.347 rows=1380035 loops=1)
              ->  Hash  (cost=73925.90..73925.90 rows=792922 width=4) (actual time=1591.066..1591.066 rows=692469 loops=1)
                    Buckets: 131072  Batches: 16  Memory Usage: 2548kB
                    ->  Seq Scan on title t  (cost=0.00..73925.90 rows=792922 width=4) (actual time=0.015..1366.484 rows=692469 loops=1)
                          Filter: ((kind_id > 1) AND (production_year < 2001))
                          Rows Removed by Filter: 1835843
Planning time: 1.062 ms
Execution time: 6614.956 ms
