Hash Join  (cost=423688.85..1152839.78 rows=104773 width=0) (actual time=13622.451..21159.097 rows=839986 loops=1)
  Hash Cond: (ci.movie_id = t.id)
  ->  Seq Scan on cast_info ci  (cost=0.00..705507.15 rows=6025615 width=4) (actual time=6437.087..12004.957 rows=6094836 loops=1)
        Filter: (person_id > 3040109)
        Rows Removed by Filter: 30149508
  ->  Hash  (cost=423139.27..423139.27 rows=43966 width=8) (actual time=7184.781..7184.781 rows=46155 loops=1)
        Buckets: 65536  Batches: 1  Memory Usage: 2315kB
        ->  Hash Join  (cost=68237.77..423139.27 rows=43966 width=8) (actual time=1052.240..7159.728 rows=46155 loops=1)
              Hash Cond: (mi.movie_id = t.id)
              ->  Seq Scan on movie_info mi  (cost=0.00..346232.03 rows=2194617 width=4) (actual time=0.021..5603.898 rows=2233850 loops=1)
                    Filter: (info_type_id > 16)
                    Rows Removed by Filter: 12601870
              ->  Hash  (cost=67604.59..67604.59 rows=50655 width=4) (actual time=1051.647..1051.647 rows=50564 loops=1)
                    Buckets: 65536  Batches: 1  Memory Usage: 2290kB
                    ->  Seq Scan on title t  (cost=0.00..67604.59 rows=50655 width=4) (actual time=0.030..1031.231 rows=50564 loops=1)
                          Filter: (production_year = 1999)
                          Rows Removed by Filter: 2477748
Planning time: 1.187 ms
Execution time: 21263.116 ms
