Hash Join  (cost=74222.38..101262.31 rows=12945 width=0) (actual time=1279.434..1763.624 rows=23412 loops=1)
  Hash Cond: (mi_idx.movie_id = t.id)
  ->  Seq Scan on movie_info_idx mi_idx  (cost=0.00..21735.35 rows=1380035 width=4) (actual time=0.027..356.366 rows=1380035 loops=1)
  ->  Hash  (cost=73925.90..73925.90 rows=23718 width=4) (actual time=1088.717..1088.717 rows=21737 loops=1)
        Buckets: 32768  Batches: 1  Memory Usage: 1021kB
        ->  Seq Scan on title t  (cost=0.00..73925.90 rows=23718 width=4) (actual time=0.016..1079.188 rows=21737 loops=1)
              Filter: ((production_year > 2008) AND (kind_id = 2))
              Rows Removed by Filter: 2506575
Planning time: 0.745 ms
Execution time: 1766.923 ms
