Hash Join  (cost=159979.81..199057.09 rows=80680 width=0) (actual time=3308.132..4364.011 rows=202689 loops=1)
  Hash Cond: (mi_idx.movie_id = t.id)
  ->  Seq Scan on movie_info_idx mi_idx  (cost=0.00..21735.35 rows=1380035 width=4) (actual time=0.022..455.427 rows=1380035 loops=1)
  ->  Hash  (cost=157554.01..157554.01 rows=147824 width=8) (actual time=3307.446..3307.446 rows=165396 loops=1)
        Buckets: 131072 (originally 131072)  Batches: 4 (originally 2)  Memory Usage: 3073kB
        ->  Hash Join  (cost=96184.51..157554.01 rows=147824 width=8) (actual time=1935.640..3251.895 rows=165396 loops=1)
              Hash Cond: (mc.movie_id = t.id)
              ->  Seq Scan on movie_companies mc  (cost=0.00..51404.11 rows=275507 width=4) (actual time=0.099..909.153 rows=271432 loops=1)
                    Filter: (company_id < 145)
                    Rows Removed by Filter: 2337697
              ->  Hash  (cost=73925.90..73925.90 rows=1356688 width=4) (actual time=1907.261..1907.261 rows=1327781 loops=1)
                    Buckets: 131072  Batches: 32  Memory Usage: 2479kB
                    ->  Seq Scan on title t  (cost=0.00..73925.90 rows=1356688 width=4) (actual time=0.017..1466.425 rows=1327781 loops=1)
                          Filter: ((production_year < 2012) AND (kind_id = 7))
                          Rows Removed by Filter: 1200531
Planning time: 1.172 ms
Execution time: 4389.689 ms
