Hash Join  (cost=87977.22..164250.15 rows=487615 width=0) (actual time=1775.284..3752.166 rows=687321 loops=1)
  Hash Cond: (mc.movie_id = t.id)
  ->  Seq Scan on movie_companies mc  (cost=0.00..51404.11 rows=1439645 width=4) (actual time=0.018..946.069 rows=1430904 loops=1)
        Filter: (company_id < 12667)
        Rows Removed by Filter: 1178225
  ->  Hash  (cost=73925.90..73925.90 rows=856425 width=4) (actual time=1774.322..1774.322 rows=769954 loops=1)
        Buckets: 131072  Batches: 16  Memory Usage: 2718kB
        ->  Seq Scan on title t  (cost=0.00..73925.90 rows=856425 width=4) (actual time=0.019..1251.057 rows=769954 loops=1)
              Filter: ((kind_id < 7) AND (production_year > 1962))
              Rows Removed by Filter: 1758358
Planning time: 0.635 ms
Execution time: 3840.253 ms
