Hash Join  (cost=935308.61..979039.02 rows=351893 width=0) (actual time=16546.751..17964.838 rows=545157 loops=1)
  Hash Cond: (mi_idx.movie_id = t.id)
  ->  Seq Scan on movie_info_idx mi_idx  (cost=0.00..21735.35 rows=1380035 width=4) (actual time=0.013..524.586 rows=1380035 loops=1)
  ->  Hash  (cost=924730.30..924730.30 rows=644745 width=8) (actual time=16545.648..16545.648 rows=780439 loops=1)
        Buckets: 131072  Batches: 16  Memory Usage: 2921kB
        ->  Hash Join  (cost=104131.46..924730.30 rows=644745 width=8) (actual time=10383.114..16334.304 rows=780439 loops=1)
              Hash Cond: (ci.movie_id = t.id)
              ->  Seq Scan on cast_info ci  (cost=0.00..796071.18 rows=732241 width=4) (actual time=7562.469..12451.351 rows=876411 loops=1)
                    Filter: ((person_id > 2098422) AND (role_id = 8))
                    Rows Removed by Filter: 35367933
              ->  Hash  (cost=67604.59..67604.59 rows=2226390 width=4) (actual time=2819.491..2819.491 rows=2224569 loops=1)
                    Buckets: 131072  Batches: 32  Memory Usage: 3463kB
                    ->  Seq Scan on title t  (cost=0.00..67604.59 rows=2226390 width=4) (actual time=0.020..1394.676 rows=2224569 loops=1)
                          Filter: (production_year < 2012)
                          Rows Removed by Filter: 303743
Planning time: 1.195 ms
Execution time: 18035.136 ms
