Hash Join  (cost=1224893.62..2263755.46 rows=39949054 width=0) (actual time=19120.614..43141.887 rows=36826013 loops=1)
  Hash Cond: (mi.movie_id = t.id)
  ->  Seq Scan on movie_info mi  (cost=0.00..346232.03 rows=12928982 width=4) (actual time=0.016..7513.112 rows=12970088 loops=1)
        Filter: (info_type_id < 18)
        Rows Removed by Filter: 1865632
  ->  Hash  (cost=1096713.93..1096713.93 rows=7812855 width=8) (actual time=19118.785..19118.785 rows=3323752 loops=1)
        Buckets: 131072  Batches: 128  Memory Usage: 2084kB
        ->  Hash Join  (cost=102767.86..1096713.93 rows=7812855 width=8) (actual time=1939.353..18201.997 rows=3323752 loops=1)
              Hash Cond: (ci.movie_id = t.id)
              ->  Seq Scan on cast_info ci  (cost=0.00..796071.18 rows=7812855 width=4) (actual time=0.077..13143.603 rows=3323752 loops=1)
                    Filter: ((person_id < 1176521) AND (role_id > 1))
                    Rows Removed by Filter: 32920592
              ->  Hash  (cost=61283.27..61283.27 rows=2528527 width=4) (actual time=1937.651..1937.651 rows=2528312 loops=1)
                    Buckets: 131072  Batches: 64  Memory Usage: 2415kB
                    ->  Seq Scan on title t  (cost=0.00..61283.27 rows=2528527 width=4) (actual time=0.024..1099.168 rows=2528312 loops=1)
Planning time: 1.188 ms
Execution time: 47319.928 ms
