Hash Join  (cost=58375.67..452103.21 rows=90 width=0) (actual time=2423.946..9286.137 rows=39 loops=1)
  Hash Cond: (mi.movie_id = t.id)
  ->  Seq Scan on movie_info mi  (cost=0.00..346232.03 rows=12665229 width=4) (actual time=0.013..6542.789 rows=12744652 loops=1)
        Filter: (info_type_id > 2)
        Rows Removed by Filter: 2091068
  ->  Hash  (cost=58375.45..58375.45 rows=18 width=8) (actual time=1012.758..1012.758 rows=5 loops=1)
        Buckets: 1024  Batches: 1  Memory Usage: 9kB
        ->  Nested Loop  (cost=0.43..58375.45 rows=18 width=8) (actual time=661.270..1012.743 rows=5 loops=1)
              ->  Seq Scan on movie_companies mc  (cost=0.00..57926.93 rows=53 width=4) (actual time=661.201..1005.841 rows=556 loops=1)
                    Filter: ((company_type_id > 1) AND (company_id = 76907))
                    Rows Removed by Filter: 2608573
              ->  Index Scan using title_pkey on title t  (cost=0.43..8.45 rows=1 width=4) (actual time=0.012..0.012 rows=0 loops=556)
                    Index Cond: (id = mc.movie_id)
                    Filter: ((kind_id < 7) AND (production_year < 2012))
                    Rows Removed by Filter: 1
Planning time: 0.854 ms
Execution time: 9286.273 ms
