Seq Scan on movie_companies mc  (cost=0.00..51404.11 rows=253012 width=0) (actual time=0.013..874.304 rows=256284 loops=1)
  Filter: (company_id > 100071)
  Rows Removed by Filter: 2352845
Planning time: 0.355 ms
Execution time: 906.784 ms
