Seq Scan on movie_keyword mk  (cost=0.00..81003.12 rows=246 width=0) (actual time=133.734..1191.519 rows=13 loops=1)
  Filter: (keyword_id = 28005)
  Rows Removed by Filter: 4523917
Planning time: 0.381 ms
Execution time: 1191.612 ms
