Hash Join  (cost=107847.09..152993.20 rows=447179 width=0) (actual time=2175.765..3413.721 rows=459092 loops=1)
  Hash Cond: (mi_idx.movie_id = t.id)
  ->  Seq Scan on movie_info_idx mi_idx  (cost=0.00..25185.44 rows=460978 width=4) (actual time=0.016..462.719 rows=459925 loops=1)
        Filter: (info_type_id < 100)
        Rows Removed by Filter: 920110
  ->  Hash  (cost=67604.59..67604.59 rows=2452840 width=4) (actual time=2173.742..2173.742 rows=2453873 loops=1)
        Buckets: 131072  Batches: 64  Memory Usage: 2373kB
        ->  Seq Scan on title t  (cost=0.00..67604.59 rows=2452840 width=4) (actual time=0.011..1367.703 rows=2453873 loops=1)
              Filter: (production_year > 1897)
              Rows Removed by Filter: 74439
Planning time: 0.798 ms
Execution time: 3467.615 ms
