Hash Join  (cost=68268.32..123481.77 rows=54792 width=0) (actual time=1088.556..2462.188 rows=100607 loops=1)
  Hash Cond: (mc.movie_id = t.id)
  ->  Seq Scan on movie_companies mc  (cost=0.00..44881.29 rows=2609129 width=4) (actual time=0.017..641.403 rows=2609129 loops=1)
  ->  Hash  (cost=67604.59..67604.59 rows=53099 width=4) (actual time=1088.130..1088.130 rows=51722 loops=1)
        Buckets: 65536  Batches: 1  Memory Usage: 2331kB
        ->  Seq Scan on title t  (cost=0.00..67604.59 rows=53099 width=4) (actual time=141.484..1067.475 rows=51722 loops=1)
              Filter: (production_year < 1914)
              Rows Removed by Filter: 2476590
Planning time: 0.792 ms
Execution time: 2475.851 ms
