Hash Join  (cost=492866.08..633175.04 rows=1502592 width=0) (actual time=8876.081..19807.773 rows=36553741 loops=1)
  Hash Cond: (mk.movie_id = t.id)
  ->  Seq Scan on movie_keyword mk  (cost=0.00..69693.30 rows=4523930 width=4) (actual time=0.017..1468.278 rows=4523930 loops=1)
  ->  Hash  (cost=479087.17..479087.17 rows=839833 width=8) (actual time=8875.059..8875.059 rows=885922 loops=1)
        Buckets: 131072  Batches: 16  Memory Usage: 3234kB
        ->  Hash Join  (cost=102767.86..479087.17 rows=839833 width=8) (actual time=4504.562..8634.555 rows=885922 loops=1)
              Hash Cond: (mi.movie_id = t.id)
              ->  Seq Scan on movie_info mi  (cost=0.00..346232.03 rows=839833 width=4) (actual time=2459.774..5502.928 rows=885922 loops=1)
                    Filter: (info_type_id > 96)
                    Rows Removed by Filter: 13949798
              ->  Hash  (cost=61283.27..61283.27 rows=2528527 width=4) (actual time=2039.469..2039.469 rows=2528312 loops=1)
                    Buckets: 131072  Batches: 64  Memory Usage: 2425kB
                    ->  Seq Scan on title t  (cost=0.00..61283.27 rows=2528527 width=4) (actual time=0.033..1165.594 rows=2528312 loops=1)
Planning time: 0.859 ms
Execution time: 23541.780 ms
