Hash Join  (cost=122251.54..258221.47 rows=392518 width=0) (actual time=2552.485..6496.916 rows=2428649 loops=1)
  Hash Cond: (mk.movie_id = t.id)
  ->  Seq Scan on movie_keyword mk  (cost=0.00..81003.12 rows=4336967 width=4) (actual time=0.024..1755.102 rows=4332935 loops=1)
        Filter: (keyword_id < 70727)
        Rows Removed by Filter: 190995
  ->  Hash  (cost=118496.98..118496.98 rows=228845 width=8) (actual time=2551.732..2551.732 rows=269791 loops=1)
        Buckets: 131072  Batches: 4  Memory Usage: 3681kB
        ->  Hash Join  (cost=77934.62..118496.98 rows=228845 width=8) (actual time=1365.266..2468.379 rows=269791 loops=1)
              Hash Cond: (mi_idx.movie_id = t.id)
              ->  Seq Scan on movie_info_idx mi_idx  (cost=0.00..25185.44 rows=919057 width=4) (actual time=0.017..526.055 rows=920110 loops=1)
                    Filter: (info_type_id > 99)
                    Rows Removed by Filter: 459925
              ->  Hash  (cost=67604.59..67604.59 rows=629603 width=4) (actual time=1363.775..1363.775 rows=622851 loops=1)
                    Buckets: 131072  Batches: 16  Memory Usage: 2387kB
                    ->  Seq Scan on title t  (cost=0.00..67604.59 rows=629603 width=4) (actual time=0.030..1160.514 rows=622851 loops=1)
                          Filter: (production_year < 1987)
                          Rows Removed by Filter: 1905461
Planning time: 1.215 ms
Execution time: 6754.389 ms
