Seq Scan on title t  (cost=0.00..73925.90 rows=1468824 width=0) (actual time=0.018..1376.223 rows=1451272 loops=1)
  Filter: ((kind_id > 3) AND (production_year < 2012))
  Rows Removed by Filter: 1077040
Planning time: 4.287 ms
Execution time: 1556.924 ms
