Seq Scan on cast_info ci  (cost=0.00..705507.15 rows=500 width=0) (actual time=1228.267..10138.135 rows=2 loops=1)
  Filter: (person_id = 1647861)
  Rows Removed by Filter: 36244342
Planning time: 0.856 ms
Execution time: 10138.218 ms
