Seq Scan on movie_companies mc  (cost=0.00..51404.11 rows=308698 width=0) (actual time=0.024..809.508 rows=308708 loops=1)
  Filter: (company_id > 92824)
  Rows Removed by Filter: 2300421
Planning time: 0.345 ms
Execution time: 848.664 ms
