Hash Join  (cost=244247.11..1536295.87 rows=20731058 width=0) (actual time=6228.757..52512.677 rows=73392007 loops=1)
  Hash Cond: (ci.movie_id = t.id)
  ->  Seq Scan on cast_info ci  (cost=0.00..614943.12 rows=36225612 width=4) (actual time=0.031..13272.021 rows=36244344 loops=1)
  ->  Hash  (cost=220506.41..220506.41 rows=1447016 width=8) (actual time=6227.791..6227.791 rows=1999086 loops=1)
        Buckets: 131072  Batches: 32  Memory Usage: 3424kB
        ->  Hash Join  (cost=80874.21..220506.41 rows=1447016 width=8) (actual time=1723.538..5635.659 rows=1999086 loops=1)
              Hash Cond: (mk.movie_id = t.id)
              ->  Seq Scan on movie_keyword mk  (cost=0.00..69693.30 rows=4523930 width=4) (actual time=0.016..1369.969 rows=4523930 loops=1)
              ->  Hash  (cost=67604.59..67604.59 rows=808770 width=4) (actual time=1722.588..1722.588 rows=812704 loops=1)
                    Buckets: 131072  Batches: 16  Memory Usage: 2819kB
                    ->  Seq Scan on title t  (cost=0.00..67604.59 rows=808770 width=4) (actual time=0.016..1166.650 rows=812704 loops=1)
                          Filter: (production_year < 1995)
                          Rows Removed by Filter: 1715608
Planning time: 0.739 ms
Execution time: 60055.148 ms
