Hash Join  (cost=542808.31..1456306.74 rows=4266953 width=0) (actual time=14295.823..28971.558 rows=2921617 loops=1)
  Hash Cond: (ci.movie_id = t.id)
  ->  Seq Scan on cast_info ci  (cost=0.00..796071.18 rows=5202345 width=4) (actual time=3937.635..15875.463 rows=2553755 loops=1)
        Filter: ((person_id < 3348499) AND (role_id > 8))
        Rows Removed by Filter: 33690589
  ->  Hash  (cost=508782.64..508782.64 rows=2073893 width=8) (actual time=10357.171..10357.171 rows=2091068 loops=1)
        Buckets: 131072  Batches: 32  Memory Usage: 3553kB
        ->  Hash Join  (cost=102767.86..508782.64 rows=2073893 width=8) (actual time=3921.893..9764.057 rows=2091068 loops=1)
              Hash Cond: (mi.movie_id = t.id)
              ->  Seq Scan on movie_info mi  (cost=0.00..346232.03 rows=2073893 width=4) (actual time=1938.272..5568.472 rows=2091068 loops=1)
                    Filter: (info_type_id < 3)
                    Rows Removed by Filter: 12744652
              ->  Hash  (cost=61283.27..61283.27 rows=2528527 width=4) (actual time=1982.330..1982.330 rows=2528312 loops=1)
                    Buckets: 131072  Batches: 64  Memory Usage: 2425kB
                    ->  Seq Scan on title t  (cost=0.00..61283.27 rows=2528527 width=4) (actual time=0.018..1138.173 rows=2528312 loops=1)
Planning time: 1.299 ms
Execution time: 29314.209 ms
