Hash Join  (cost=738643.85..2799670.05 rows=77955804 width=0) (actual time=22088.237..144686.171 rows=357600528 loops=1)
  Hash Cond: (ci.movie_id = t.id)
  ->  Seq Scan on cast_info ci  (cost=0.00..614943.12 rows=36225612 width=4) (actual time=0.021..13674.903 rows=36244344 loops=1)
  ->  Hash  (cost=649372.98..649372.98 rows=5441270 width=8) (actual time=22086.120..22086.120 rows=10239282 loops=1)
        Buckets: 131072 (originally 131072)  Batches: 256 (originally 128)  Memory Usage: 3073kB
        ->  Hash Join  (cost=83810.17..649372.98 rows=5441270 width=8) (actual time=1539.821..19302.470 rows=10239282 loops=1)
              Hash Cond: (mi.movie_id = t.id)
              ->  Seq Scan on movie_info mi  (cost=0.00..346232.03 rows=13929354 width=4) (actual time=0.023..7515.446 rows=14033580 loops=1)
                    Filter: (info_type_id > 1)
                    Rows Removed by Filter: 802140
              ->  Hash  (cost=67604.59..67604.59 rows=987727 width=4) (actual time=1537.932..1537.932 rows=985048 loops=1)
                    Buckets: 131072  Batches: 16  Memory Usage: 3197kB
                    ->  Seq Scan on title t  (cost=0.00..67604.59 rows=987727 width=4) (actual time=0.023..1198.644 rows=985048 loops=1)
                          Filter: (kind_id < 7)
                          Rows Removed by Filter: 1543264
Planning time: 1.103 ms
Execution time: 183500.716 ms
