Hash Join  (cost=150729.99..238310.05 rows=58537 width=0) (actual time=3411.944..4961.193 rows=284618 loops=1)
  Hash Cond: (mk.movie_id = t.id)
  ->  Seq Scan on movie_keyword mk  (cost=0.00..81003.12 rows=389751 width=4) (actual time=0.020..1244.751 rows=387155 loops=1)
        Filter: (keyword_id > 44436)
        Rows Removed by Filter: 4136775
  ->  Hash  (cost=144498.95..144498.95 rows=379763 width=8) (actual time=3411.062..3411.062 rows=416275 loops=1)
        Buckets: 131072  Batches: 8  Memory Usage: 3072kB
        ->  Hash Join  (cost=101489.21..144498.95 rows=379763 width=8) (actual time=1994.411..3274.204 rows=416275 loops=1)
              Hash Cond: (mi_idx.movie_id = t.id)
              ->  Seq Scan on movie_info_idx mi_idx  (cost=0.00..25185.44 rows=464934 width=4) (actual time=0.021..482.515 rows=460185 loops=1)
                    Filter: (info_type_id > 100)
                    Rows Removed by Filter: 919850
              ->  Hash  (cost=67604.59..67604.59 rows=2065330 width=4) (actual time=1993.427..1993.427 rows=2064552 loops=1)
                    Buckets: 131072  Batches: 32  Memory Usage: 3289kB
                    ->  Seq Scan on title t  (cost=0.00..67604.59 rows=2065330 width=4) (actual time=0.028..1333.224 rows=2064552 loops=1)
                          Filter: (production_year < 2011)
                          Rows Removed by Filter: 463760
Planning time: 1.145 ms
Execution time: 4993.141 ms
