Hash Join  (cost=74341.98..129350.97 rows=34347 width=0) (actual time=1197.616..2498.629 rows=59122 loops=1)
  Hash Cond: (mc.movie_id = t.id)
  ->  Seq Scan on movie_companies mc  (cost=0.00..44881.29 rows=2609129 width=4) (actual time=0.019..660.935 rows=2609129 loops=1)
  ->  Hash  (cost=73925.90..73925.90 rows=33286 width=4) (actual time=1197.235..1197.235 rows=28113 loops=1)
        Buckets: 65536  Batches: 1  Memory Usage: 1501kB
        ->  Seq Scan on title t  (cost=0.00..73925.90 rows=33286 width=4) (actual time=0.013..1185.244 rows=28113 loops=1)
              Filter: ((kind_id < 7) AND (production_year = 2004))
              Rows Removed by Filter: 2500199
Planning time: 0.781 ms
Execution time: 2507.673 ms
