Seq Scan on cast_info ci  (cost=0.00..705507.15 rows=500 width=0) (actual time=3355.199..10613.602 rows=55 loops=1)
  Filter: (person_id = 2996878)
  Rows Removed by Filter: 36244289
Planning time: 0.342 ms
Execution time: 10613.718 ms
