Seq Scan on movie_companies mc  (cost=0.00..57926.93 rows=173067 width=0) (actual time=415.769..917.666 rows=69352 loops=1)
  Filter: ((company_id < 166) AND (company_type_id > 1))
  Rows Removed by Filter: 2539777
Planning time: 2.107 ms
Execution time: 926.607 ms
