Seq Scan on movie_companies mc  (cost=0.00..57926.93 rows=51 width=0) (actual time=2.455..790.385 rows=125 loops=1)
  Filter: ((company_id = 19176) AND (company_type_id = 1))
  Rows Removed by Filter: 2609004
Planning time: 0.397 ms
Execution time: 790.505 ms
