Hash Join  (cost=799705.10..854372.14 rows=151 width=0) (actual time=15056.223..16138.324 rows=5 loops=1)
  Hash Cond: (mc.movie_id = t.id)
  ->  Seq Scan on movie_companies mc  (cost=0.00..44881.29 rows=2609129 width=4) (actual time=0.014..721.043 rows=2609129 loops=1)
  ->  Hash  (cost=799703.28..799703.28 rows=146 width=8) (actual time=14972.106..14972.106 rows=2 loops=1)
        Buckets: 1024  Batches: 1  Memory Usage: 9kB
        ->  Nested Loop  (cost=0.43..799703.28 rows=146 width=8) (actual time=748.363..14972.097 rows=2 loops=1)
              ->  Seq Scan on cast_info ci  (cost=0.00..796071.18 rows=435 width=4) (actual time=748.275..14971.942 rows=3 loops=1)
                    Filter: ((role_id < 10) AND (person_id = 270265))
                    Rows Removed by Filter: 36244341
              ->  Index Scan using title_pkey on title t  (cost=0.43..8.34 rows=1 width=4) (actual time=0.046..0.046 rows=1 loops=3)
                    Index Cond: (id = ci.movie_id)
                    Filter: (production_year < 1996)
                    Rows Removed by Filter: 0
Planning time: 1.134 ms
Execution time: 16138.450 ms
