Seq Scan on cast_info ci  (cost=0.00..796071.18 rows=1716369 width=0) (actual time=10940.086..13413.629 rows=3678192 loops=1)
  Filter: ((person_id > 2326570) AND (role_id > 9))
  Rows Removed by Filter: 32566152
Planning time: 0.371 ms
Execution time: 13840.374 ms
