Hash Join  (cost=102767.86..226462.62 rows=1363670 width=0) (actual time=1908.800..5166.605 rows=1379699 loops=1)
  Hash Cond: (mk.movie_id = t.id)
  ->  Seq Scan on movie_keyword mk  (cost=0.00..81003.12 rows=1363670 width=4) (actual time=0.013..1513.904 rows=1379699 loops=1)
        Filter: (keyword_id < 1828)
        Rows Removed by Filter: 3144231
  ->  Hash  (cost=61283.27..61283.27 rows=2528527 width=4) (actual time=1907.023..1907.023 rows=2528312 loops=1)
        Buckets: 131072  Batches: 64  Memory Usage: 2425kB
        ->  Seq Scan on title t  (cost=0.00..61283.27 rows=2528527 width=4) (actual time=0.018..1045.006 rows=2528312 loops=1)
Planning time: 0.730 ms
Execution time: 5329.678 ms
