Seq Scan on movie_companies mc  (cost=0.00..51404.11 rows=1942589 width=0) (actual time=0.022..1009.086 rows=1937417 loops=1)
  Filter: (company_id < 50259)
  Rows Removed by Filter: 671712
Planning time: 0.370 ms
Execution time: 1241.358 ms
