Seq Scan on cast_info ci  (cost=0.00..796071.18 rows=463342 width=0) (actual time=10203.542..13351.667 rows=661820 loops=1)
  Filter: ((person_id > 1716888) AND (role_id = 5))
  Rows Removed by Filter: 35582524
Planning time: 0.446 ms
Execution time: 13432.446 ms
