Seq Scan on cast_info ci  (cost=0.00..705507.15 rows=23154697 width=0) (actual time=0.065..13085.691 rows=23048666 loops=1)
  Filter: (person_id < 2355273)
  Rows Removed by Filter: 13195678
Planning time: 0.367 ms
Execution time: 16056.362 ms
