Seq Scan on cast_info ci  (cost=0.00..705507.15 rows=31396048 width=0) (actual time=0.019..13932.135 rows=31527537 loops=1)
  Filter: (person_id > 457528)
  Rows Removed by Filter: 4716807
Planning time: 0.359 ms
Execution time: 17815.266 ms
