Hash Join  (cost=82863.28..596551.42 rows=3175421 width=0) (actual time=1473.456..17394.790 rows=5479047 loops=1)
  Hash Cond: (mi.movie_id = t.id)
  ->  Seq Scan on movie_info mi  (cost=0.00..309384.22 rows=14739122 width=4) (actual time=0.009..6388.592 rows=14835720 loops=1)
  ->  Hash  (cost=73925.90..73925.90 rows=544750 width=4) (actual time=1472.691..1472.691 rows=420664 loops=1)
        Buckets: 131072  Batches: 8  Memory Usage: 2891kB
        ->  Seq Scan on title t  (cost=0.00..73925.90 rows=544750 width=4) (actual time=285.660..1340.424 rows=420664 loops=1)
              Filter: ((production_year > 1971) AND (kind_id = 1))
              Rows Removed by Filter: 2107648
Planning time: 0.852 ms
Execution time: 17968.661 ms
