Hash Join  (cost=109435.59..222043.55 rows=732318 width=134) (actual time=3185.583..4915.168 rows=216938 loops=1)
  Hash Cond: (mc.movie_id = t.id)
  ->  Seq Scan on movie_companies mc  (cost=0.00..57926.93 rows=1201769 width=40) (actual time=0.011..1363.991 rows=1150147 loops=1)
        Filter: ((company_id > 27) AND (company_type_id < 2))
        Rows Removed by Filter: 1458982
  ->  Hash  (cost=67604.59..67604.59 rows=1540800 width=94) (actual time=2400.584..2400.584 rows=1543264 loops=1)
        Buckets: 32768  Batches: 64  Memory Usage: 3011kB
        ->  Seq Scan on title t  (cost=0.00..67604.59 rows=1540800 width=94) (actual time=105.259..1516.051 rows=1543264 loops=1)
              Filter: (kind_id = 7)
              Rows Removed by Filter: 985048
Planning time: 0.953 ms
Execution time: 4927.488 ms
