Seq Scan on movie_companies mc  (cost=0.00..57926.93 rows=303793 width=0) (actual time=0.025..880.013 rows=165296 loops=1)
  Filter: ((company_id < 686) AND (company_type_id > 1))
  Rows Removed by Filter: 2443833
Planning time: 0.380 ms
Execution time: 900.910 ms
