Seq Scan on movie_keyword mk  (cost=0.00..81003.12 rows=438257 width=0) (actual time=0.011..1471.422 rows=433943 loops=1)
  Filter: (keyword_id > 40406)
  Rows Removed by Filter: 4089987
Planning time: 0.245 ms
Execution time: 1531.384 ms
