Seq Scan on movie_keyword mk  (cost=0.00..81003.12 rows=246 width=0) (actual time=29.298..1268.370 rows=257 loops=1)
  Filter: (keyword_id = 7489)
  Rows Removed by Filter: 4523673
Planning time: 0.355 ms
Execution time: 1268.594 ms
