Hash Join  (cost=180200.61..558616.94 rows=555620 width=0) (actual time=5362.012..10565.338 rows=511812 loops=1)
  Hash Cond: (mi.movie_id = t.id)
  ->  Seq Scan on movie_info mi  (cost=0.00..346232.03 rows=2073893 width=4) (actual time=1640.566..5707.951 rows=2091068 loops=1)
        Filter: (info_type_id < 3)
        Rows Removed by Filter: 12744652
  ->  Hash  (cost=169085.84..169085.84 rows=677422 width=8) (actual time=3720.323..3720.323 rows=361231 loops=1)
        Buckets: 131072  Batches: 16  Memory Usage: 1906kB
        ->  Hash Join  (cost=84697.09..169085.84 rows=677422 width=8) (actual time=1451.939..3634.202 rows=361231 loops=1)
              Hash Cond: (mc.movie_id = t.id)
              ->  Seq Scan on movie_companies mc  (cost=0.00..44881.29 rows=2609129 width=4) (actual time=0.031..907.569 rows=2609129 loops=1)
              ->  Hash  (cost=73925.90..73925.90 rows=656495 width=4) (actual time=1450.759..1450.759 rows=556797 loops=1)
                    Buckets: 131072  Batches: 16  Memory Usage: 2246kB
                    ->  Seq Scan on title t  (cost=0.00..73925.90 rows=656495 width=4) (actual time=0.022..1272.814 rows=556797 loops=1)
                          Filter: ((production_year < 2001) AND (kind_id = 7))
                          Rows Removed by Filter: 1971515
Planning time: 1.207 ms
Execution time: 10620.984 ms
