Seq Scan on cast_info ci  (cost=0.00..705507.15 rows=500 width=0) (actual time=9269.925..11192.238 rows=43 loops=1)
  Filter: (person_id = 807195)
  Rows Removed by Filter: 36244301
Planning time: 0.451 ms
Execution time: 11192.336 ms
