Hash Join  (cost=136860.08..223950.65 rows=43253 width=0) (actual time=2299.395..4217.901 rows=41623 loops=1)
  Hash Cond: (mk.movie_id = t.id)
  ->  Seq Scan on movie_keyword mk  (cost=0.00..69693.30 rows=4523930 width=4) (actual time=0.012..1081.395 rows=4523930 loops=1)
  ->  Hash  (cost=136557.89..136557.89 rows=24175 width=8) (actual time=2297.614..2297.614 rows=5222 loops=1)
        Buckets: 32768  Batches: 1  Memory Usage: 460kB
        ->  Hash Join  (cost=81573.24..136557.89 rows=24175 width=8) (actual time=1406.492..2295.230 rows=5222 loops=1)
              Hash Cond: (mc.movie_id = t.id)
              ->  Seq Scan on movie_companies mc  (cost=0.00..51404.11 rows=131143 width=4) (actual time=0.031..765.477 rows=134807 loops=1)
                    Filter: (company_id < 27)
                    Rows Removed by Filter: 2474322
              ->  Hash  (cost=73925.90..73925.90 rows=466107 width=4) (actual time=1405.502..1405.502 rows=396359 loops=1)
                    Buckets: 131072  Batches: 8  Memory Usage: 2762kB
                    ->  Seq Scan on title t  (cost=0.00..73925.90 rows=466107 width=4) (actual time=0.021..1278.893 rows=396359 loops=1)
                          Filter: ((kind_id < 7) AND (production_year > 2003))
                          Rows Removed by Filter: 2131953
Planning time: 1.345 ms
Execution time: 4223.714 ms
