Seq Scan on movie_keyword mk  (cost=0.00..81003.12 rows=279559 width=0) (actual time=0.027..1242.022 rows=278411 loops=1)
  Filter: (keyword_id > 57105)
  Rows Removed by Filter: 4245519
Planning time: 0.332 ms
Execution time: 1279.216 ms
