Seq Scan on title t  (cost=0.00..73925.90 rows=1786680 width=0) (actual time=0.013..1362.982 rows=1799906 loops=1)
  Filter: ((kind_id > 1) AND (production_year > 1911))
  Rows Removed by Filter: 728406
Planning time: 0.325 ms
Execution time: 1588.056 ms
