Hash Join  (cost=81025.55..161997.28 rows=359361 width=0) (actual time=4668.266..10078.091 rows=564977 loops=1)
  Hash Cond: (mc.movie_id = t.id)
  ->  Seq Scan on movie_companies mc  (cost=0.00..51404.11 rows=2100001 width=4) (actual time=0.023..3181.065 rows=2102841 loops=1)
        Filter: (company_id > 460)
        Rows Removed by Filter: 506288
  ->  Hash  (cost=73925.90..73925.90 rows=432692 width=4) (actual time=4667.387..4667.387 rows=368246 loops=1)
        Buckets: 131072  Batches: 8  Memory Usage: 2639kB
        ->  Seq Scan on title t  (cost=0.00..73925.90 rows=432692 width=4) (actual time=0.029..3771.780 rows=368246 loops=1)
              Filter: ((kind_id < 7) AND (production_year > 2004))
              Rows Removed by Filter: 2160066
Planning time: 4.534 ms
Execution time: 10160.129 ms
