Hash Join  (cost=125100.65..211841.41 rows=8273 width=0) (actual time=2344.795..4184.556 rows=56411 loops=1)
  Hash Cond: (mk.movie_id = t.id)
  ->  Seq Scan on movie_keyword mk  (cost=0.00..69693.30 rows=4523930 width=4) (actual time=0.014..1002.090 rows=4523930 loops=1)
  ->  Hash  (cost=125042.85..125042.85 rows=4624 width=8) (actual time=2343.475..2343.475 rows=8714 loops=1)
        Buckets: 16384 (originally 8192)  Batches: 1 (originally 1)  Memory Usage: 469kB
        ->  Hash Join  (cost=67697.55..125042.85 rows=4624 width=8) (actual time=1063.665..2339.251 rows=8714 loops=1)
              Hash Cond: (mc.movie_id = t.id)
              ->  Seq Scan on movie_companies mc  (cost=0.00..51404.11 rows=1571985 width=4) (actual time=0.034..966.259 rows=1573766 loops=1)
                    Filter: (company_id > 5830)
                    Rows Removed by Filter: 1035363
              ->  Hash  (cost=67604.59..67604.59 rows=7437 width=4) (actual time=1063.215..1063.215 rows=11073 loops=1)
                    Buckets: 16384 (originally 8192)  Batches: 1 (originally 1)  Memory Usage: 518kB
                    ->  Seq Scan on title t  (cost=0.00..67604.59 rows=7437 width=4) (actual time=0.064..1057.565 rows=11073 loops=1)
                          Filter: (production_year = 1961)
                          Rows Removed by Filter: 2517239
Planning time: 1.113 ms
Execution time: 4195.555 ms
