Hash Join  (cost=52284.99..79196.04 rows=57 width=0) (actual time=851.867..1429.677 rows=1129 loops=1)
  Hash Cond: (mi_idx.movie_id = t.id)
  ->  Seq Scan on movie_info_idx mi_idx  (cost=0.00..21735.35 rows=1380035 width=4) (actual time=0.026..308.922 rows=1380035 loops=1)
  ->  Hash  (cost=52283.69..52283.69 rows=104 width=8) (actual time=850.922..850.922 rows=697 loops=1)
        Buckets: 1024  Batches: 1  Memory Usage: 36kB
        ->  Nested Loop  (cost=0.43..52283.69 rows=104 width=8) (actual time=0.161..850.396 rows=697 loops=1)
              ->  Seq Scan on movie_companies mc  (cost=0.00..51404.11 rows=104 width=4) (actual time=0.108..824.852 rows=697 loops=1)
                    Filter: (company_id = 13642)
                    Rows Removed by Filter: 2608432
              ->  Index Only Scan using title_pkey on title t  (cost=0.43..8.45 rows=1 width=4) (actual time=0.035..0.035 rows=1 loops=697)
                    Index Cond: (id = mc.movie_id)
                    Heap Fetches: 697
Planning time: 1.121 ms
Execution time: 1429.956 ms
