Seq Scan on cast_info ci  (cost=0.00..796071.18 rows=20696821 width=0) (actual time=4827.434..28953.105 rows=22409782 loops=1)
  Filter: ((person_id > 402977) AND (role_id > 1))
  Rows Removed by Filter: 13834562
Planning time: 0.412 ms
Execution time: 32400.259 ms
