Hash Join  (cost=78116.92..118201.56 rows=139416 width=0) (actual time=1153.435..2157.850 rows=153297 loops=1)
  Hash Cond: (mi_idx.movie_id = t.id)
  ->  Seq Scan on movie_info_idx mi_idx  (cost=0.00..21735.35 rows=1380035 width=4) (actual time=0.017..422.961 rows=1380035 loops=1)
  ->  Hash  (cost=73925.90..73925.90 rows=255441 width=4) (actual time=1152.388..1152.388 rows=226037 loops=1)
        Buckets: 131072  Batches: 4  Memory Usage: 3015kB
        ->  Seq Scan on title t  (cost=0.00..73925.90 rows=255441 width=4) (actual time=0.025..1079.305 rows=226037 loops=1)
              Filter: ((kind_id < 6) AND (production_year > 2008))
              Rows Removed by Filter: 2302275
Planning time: 0.767 ms
Execution time: 2176.717 ms
