Seq Scan on cast_info ci  (cost=0.00..796071.18 rows=3835109 width=0) (actual time=0.013..35025.007 rows=7449172 loops=1)
  Filter: ((person_id > 1686251) AND (role_id = 2))
  Rows Removed by Filter: 28795172
Planning time: 0.390 ms
Execution time: 36153.129 ms
