Hash Join  (cost=122940.92..1030341.18 rows=641838 width=0) (actual time=2431.579..22934.415 rows=2788965 loops=1)
  Hash Cond: (ci.movie_id = t.id)
  ->  Seq Scan on cast_info ci  (cost=0.00..796071.18 rows=9012459 width=4) (actual time=8.010..14521.389 rows=10828629 loops=1)
        Filter: ((person_id < 1335170) AND (role_id < 4))
        Rows Removed by Filter: 25415715
  ->  Hash  (cost=119986.01..119986.01 rows=180073 width=8) (actual time=2408.321..2408.321 rows=318019 loops=1)
        Buckets: 131072 (originally 131072)  Batches: 8 (originally 4)  Memory Usage: 3073kB
        ->  Hash Join  (cost=83810.17..119986.01 rows=180073 width=8) (actual time=1397.528..2321.605 rows=318019 loops=1)
              Hash Cond: (mi_idx.movie_id = t.id)
              ->  Seq Scan on movie_info_idx mi_idx  (cost=0.00..25185.44 rows=460978 width=4) (actual time=0.022..475.802 rows=459925 loops=1)
                    Filter: (info_type_id < 100)
                    Rows Removed by Filter: 920110
              ->  Hash  (cost=67604.59..67604.59 rows=987727 width=4) (actual time=1396.154..1396.154 rows=985048 loops=1)
                    Buckets: 131072  Batches: 16  Memory Usage: 3188kB
                    ->  Seq Scan on title t  (cost=0.00..67604.59 rows=987727 width=4) (actual time=0.018..1097.303 rows=985048 loops=1)
                          Filter: (kind_id < 7)
                          Rows Removed by Filter: 1543264
Planning time: 1.294 ms
Execution time: 23276.779 ms
