Hash Join  (cost=96906.53..147715.78 rows=764477 width=0) (actual time=2023.484..3370.560 rows=424899 loops=1)
  Hash Cond: (mi_idx.movie_id = t.id)
  ->  Seq Scan on movie_info_idx mi_idx  (cost=0.00..21735.35 rows=1380035 width=4) (actual time=0.016..435.692 rows=1380035 loops=1)
  ->  Hash  (cost=73925.90..73925.90 rows=1400690 width=4) (actual time=2022.374..2022.374 rows=1474425 loops=1)
        Buckets: 131072  Batches: 32  Memory Usage: 2646kB
        ->  Seq Scan on title t  (cost=0.00..73925.90 rows=1400690 width=4) (actual time=172.683..1546.068 rows=1474425 loops=1)
              Filter: ((production_year > 1950) AND (kind_id = 7))
              Rows Removed by Filter: 1053887
Planning time: 0.739 ms
Execution time: 3413.547 ms
