Hash Join  (cost=836779.32..2569969.71 rows=61959477 width=0) (actual time=39936.900..135991.705 rows=143021627 loops=1)
  Hash Cond: (ci.movie_id = t.id)
  ->  Seq Scan on cast_info ci  (cost=0.00..705507.15 rows=17283668 width=4) (actual time=0.017..39679.877 rows=17390030 loops=1)
        Filter: (person_id > 1878146)
        Rows Removed by Filter: 18854314
  ->  Hash  (cost=688066.22..688066.22 rows=9064408 width=8) (actual time=39932.551..39932.551 rows=10427559 loops=1)
        Buckets: 131072 (originally 131072)  Batches: 256 (originally 128)  Memory Usage: 3073kB
        ->  Hash Join  (cost=93117.31..688066.22 rows=9064408 width=8) (actual time=3455.772..36658.065 rows=10427559 loops=1)
              Hash Cond: (mi.movie_id = t.id)
              ->  Seq Scan on movie_info mi  (cost=0.00..309384.22 rows=14739122 width=4) (actual time=0.027..20612.305 rows=14835720 loops=1)
              ->  Hash  (cost=67604.59..67604.59 rows=1555018 width=4) (actual time=3454.723..3454.723 rows=1551727 loops=1)
                    Buckets: 131072  Batches: 32  Memory Usage: 2737kB
                    ->  Seq Scan on title t  (cost=0.00..67604.59 rows=1555018 width=4) (actual time=0.014..2900.714 rows=1551727 loops=1)
                          Filter: (production_year < 2007)
                          Rows Removed by Filter: 976585
Planning time: 1.287 ms
Execution time: 153885.046 ms
