Hash Join  (cost=233759.32..1218670.19 rows=4367962 width=0) (actual time=20680.396..56077.012 rows=13861556 loops=1)
  Hash Cond: (ci.movie_id = t.id)
  ->  Seq Scan on cast_info ci  (cost=0.00..796071.18 rows=11024011 width=4) (actual time=10220.967..37659.353 rows=4710998 loops=1)
        Filter: ((person_id < 1667463) AND (role_id > 1))
        Rows Removed by Filter: 31533346
  ->  Hash  (cost=217322.07..217322.07 rows=1001860 width=8) (actual time=9725.346..9725.346 rows=1688630 loops=1)
        Buckets: 131072 (originally 131072)  Batches: 32 (originally 16)  Memory Usage: 3100kB
        ->  Hash Join  (cost=83113.43..217322.07 rows=1001860 width=8) (actual time=3137.815..8768.839 rows=1688630 loops=1)
              Hash Cond: (mk.movie_id = t.id)
              ->  Seq Scan on movie_keyword mk  (cost=0.00..69693.30 rows=4523930 width=4) (actual time=0.035..2843.760 rows=4523930 loops=1)
              ->  Hash  (cost=73925.90..73925.90 rows=559962 width=4) (actual time=3136.380..3136.380 rows=477167 loops=1)
                    Buckets: 131072  Batches: 8  Memory Usage: 3126kB
                    ->  Seq Scan on title t  (cost=0.00..73925.90 rows=559962 width=4) (actual time=0.022..2955.036 rows=477167 loops=1)
                          Filter: ((kind_id < 7) AND (production_year > 1999))
                          Rows Removed by Filter: 2051145
Planning time: 1.145 ms
Execution time: 58086.991 ms
