Seq Scan on movie_keyword mk  (cost=0.00..81003.12 rows=1884364 width=0) (actual time=0.020..3975.939 rows=1897657 loops=1)
  Filter: (keyword_id < 3248)
  Rows Removed by Filter: 2626273
Planning time: 0.387 ms
Execution time: 4287.395 ms
