Hash Join  (cost=83073.49..137740.00 rows=99 width=0) (actual time=1265.575..2471.444 rows=35 loops=1)
  Hash Cond: (mc.movie_id = t.id)
  ->  Seq Scan on movie_companies mc  (cost=0.00..44881.29 rows=2609129 width=4) (actual time=0.009..784.240 rows=2609129 loops=1)
  ->  Hash  (cost=83072.29..83072.29 rows=96 width=8) (actual time=1235.266..1235.266 rows=4 loops=1)
        Buckets: 1024  Batches: 1  Memory Usage: 9kB
        ->  Nested Loop  (cost=0.43..83072.29 rows=96 width=8) (actual time=276.157..1235.250 rows=4 loops=1)
              ->  Seq Scan on movie_keyword mk  (cost=0.00..81003.12 rows=246 width=4) (actual time=276.099..1235.025 rows=4 loops=1)
                    Filter: (keyword_id = 89689)
                    Rows Removed by Filter: 4523926
              ->  Index Scan using title_pkey on title t  (cost=0.43..8.40 rows=1 width=4) (actual time=0.047..0.049 rows=1 loops=4)
                    Index Cond: (id = mk.movie_id)
                    Filter: (kind_id < 7)
Planning time: 1.191 ms
Execution time: 2471.597 ms
