Hash Join  (cost=102767.86..910515.24 rows=74720 width=0) (actual time=33220.241..37768.117 rows=220524 loops=1)
  Hash Cond: (ci.movie_id = t.id)
  ->  Seq Scan on cast_info ci  (cost=0.00..796071.18 rows=74720 width=4) (actual time=28350.966..32247.037 rows=220524 loops=1)
        Filter: ((person_id > 2902605) AND (role_id > 10))
        Rows Removed by Filter: 36023820
  ->  Hash  (cost=61283.27..61283.27 rows=2528527 width=4) (actual time=4868.067..4868.067 rows=2528312 loops=1)
        Buckets: 131072  Batches: 64  Memory Usage: 2415kB
        ->  Seq Scan on title t  (cost=0.00..61283.27 rows=2528527 width=4) (actual time=0.024..3794.972 rows=2528312 loops=1)
Planning time: 0.806 ms
Execution time: 37794.467 ms
