Hash Join  (cost=94666.80..149530.83 rows=900251 width=0) (actual time=4833.039..7091.580 rows=833913 loops=1)
  Hash Cond: (mi_idx.movie_id = t.id)
  ->  Seq Scan on movie_info_idx mi_idx  (cost=0.00..21735.35 rows=1380035 width=4) (actual time=0.015..1094.338 rows=1380035 loops=1)
  ->  Hash  (cost=67604.59..67604.59 rows=1649457 width=4) (actual time=4832.250..4832.250 rows=1643514 loops=1)
        Buckets: 131072  Batches: 32  Memory Usage: 2831kB
        ->  Seq Scan on title t  (cost=0.00..67604.59 rows=1649457 width=4) (actual time=0.016..4184.416 rows=1643514 loops=1)
              Filter: (production_year > 1994)
              Rows Removed by Filter: 884798
Planning time: 0.742 ms
Execution time: 7184.775 ms
