Hash Join  (cost=216305.44..732855.23 rows=1716897 width=0) (actual time=11903.110..52904.203 rows=39879375 loops=1)
  Hash Cond: (mi.movie_id = t.id)
  ->  Seq Scan on movie_info mi  (cost=0.00..309384.22 rows=14739122 width=4) (actual time=0.013..22374.091 rows=14835720 loops=1)
  ->  Hash  (cost=211472.73..211472.73 rows=294537 width=8) (actual time=11902.047..11902.047 rows=966476 loops=1)
        Buckets: 131072 (originally 131072)  Batches: 16 (originally 4)  Memory Usage: 3521kB
        ->  Hash Join  (cost=76746.21..211472.73 rows=294537 width=8) (actual time=3470.630..11298.942 rows=966476 loops=1)
              Hash Cond: (mk.movie_id = t.id)
              ->  Seq Scan on movie_keyword mk  (cost=0.00..81003.12 rows=4333342 width=4) (actual time=0.019..5422.611 rows=4330644 loops=1)
                    Filter: (keyword_id < 70034)
                    Rows Removed by Filter: 193286
              ->  Hash  (cost=73925.90..73925.90 rows=171864 width=4) (actual time=3468.523..3468.523 rows=275829 loops=1)
                    Buckets: 131072  Batches: 4  Memory Usage: 3460kB
                    ->  Seq Scan on title t  (cost=0.00..73925.90 rows=171864 width=4) (actual time=0.019..3347.533 rows=275829 loops=1)
                          Filter: ((kind_id < 7) AND (production_year < 1975))
                          Rows Removed by Filter: 2252483
Planning time: 1.133 ms
Execution time: 57844.222 ms
