Hash Join  (cost=102767.86..173122.58 rows=377022 width=0) (actual time=5574.531..8922.174 rows=376622 loops=1)
  Hash Cond: (mc.movie_id = t.id)
  ->  Seq Scan on movie_companies mc  (cost=0.00..51404.11 rows=377022 width=4) (actual time=0.031..2630.008 rows=376622 loops=1)
        Filter: (company_id < 225)
        Rows Removed by Filter: 2232507
  ->  Hash  (cost=61283.27..61283.27 rows=2528527 width=4) (actual time=5572.243..5572.243 rows=2528312 loops=1)
        Buckets: 131072  Batches: 64  Memory Usage: 2415kB
        ->  Seq Scan on title t  (cost=0.00..61283.27 rows=2528527 width=4) (actual time=0.010..4435.670 rows=2528312 loops=1)
Planning time: 9.730 ms
Execution time: 8964.082 ms
