Seq Scan on movie_keyword mk  (cost=0.00..81003.12 rows=4362065 width=0) (actual time=0.024..4884.450 rows=4366706 loops=1)
  Filter: (keyword_id < 73103)
  Rows Removed by Filter: 157224
Planning time: 0.305 ms
Execution time: 5650.042 ms
