Hash Join  (cost=73990.99..160742.19 rows=9316 width=0) (actual time=3445.024..7948.255 rows=3309 loops=1)
  Hash Cond: (mk.movie_id = t.id)
  ->  Seq Scan on movie_keyword mk  (cost=0.00..69693.30 rows=4523930 width=4) (actual time=0.025..3623.818 rows=4523930 loops=1)
  ->  Hash  (cost=73925.90..73925.90 rows=5207 width=4) (actual time=3358.069..3358.069 rows=3438 loops=1)
        Buckets: 8192  Batches: 1  Memory Usage: 185kB
        ->  Seq Scan on title t  (cost=0.00..73925.90 rows=5207 width=4) (actual time=18.900..3355.924 rows=3438 loops=1)
              Filter: ((kind_id > 2) AND (production_year = 1952))
              Rows Removed by Filter: 2524874
Planning time: 10.917 ms
Execution time: 7949.421 ms
