Seq Scan on cast_info ci  (cost=0.00..796071.18 rows=891064 width=0) (actual time=7936.835..42008.088 rows=898389 loops=1)
  Filter: ((person_id < 4022063) AND (role_id = 5))
  Rows Removed by Filter: 35345955
Planning time: 0.446 ms
Execution time: 42130.222 ms
