Hash Join  (cost=104071.89..147986.08 rows=408708 width=0) (actual time=6111.379..9319.027 rows=415910 loops=1)
  Hash Cond: (mi_idx.movie_id = t.id)
  ->  Seq Scan on movie_info_idx mi_idx  (cost=0.00..25185.44 rows=464934 width=4) (actual time=0.024..1507.423 rows=460185 loops=1)
        Filter: (info_type_id > 100)
        Rows Removed by Filter: 919850
  ->  Hash  (cost=67604.59..67604.59 rows=2222744 width=4) (actual time=6110.445..6110.445 rows=2214818 loops=1)
        Buckets: 131072  Batches: 32  Memory Usage: 3459kB
        ->  Seq Scan on title t  (cost=0.00..67604.59 rows=2222744 width=4) (actual time=0.012..4859.236 rows=2214818 loops=1)
              Filter: (production_year > 1959)
              Rows Removed by Filter: 313494
Planning time: 0.724 ms
Execution time: 9380.679 ms
