Hash Join  (cost=254210.47..350547.71 rows=1544172 width=0) (actual time=11988.016..20454.265 rows=11782405 loops=1)
  Hash Cond: (mc.movie_id = t.id)
  ->  Seq Scan on movie_companies mc  (cost=0.00..44881.29 rows=2609129 width=4) (actual time=0.012..3314.143 rows=2609129 loops=1)
  ->  Hash  (cost=229658.60..229658.60 rows=1496469 width=8) (actual time=11986.848..11986.848 rows=1516118 loops=1)
        Buckets: 131072  Batches: 32  Memory Usage: 2862kB
        ->  Hash Join  (cost=102767.86..229658.60 rows=1496469 width=8) (actual time=5219.554..11512.257 rows=1516118 loops=1)
              Hash Cond: (mk.movie_id = t.id)
              ->  Seq Scan on movie_keyword mk  (cost=0.00..81003.12 rows=1496469 width=4) (actual time=0.014..4457.628 rows=1516118 loops=1)
                    Filter: (keyword_id > 10668)
                    Rows Removed by Filter: 3007812
              ->  Hash  (cost=61283.27..61283.27 rows=2528527 width=4) (actual time=5216.013..5216.013 rows=2528312 loops=1)
                    Buckets: 131072  Batches: 64  Memory Usage: 2425kB
                    ->  Seq Scan on title t  (cost=0.00..61283.27 rows=2528527 width=4) (actual time=0.020..4103.588 rows=2528312 loops=1)
Planning time: 1.055 ms
Execution time: 21983.798 ms
