Hash Join  (cost=83075.25..135684.11 rows=30 width=0) (actual time=3520.530..6299.729 rows=115 loops=1)
  Hash Cond: (mc.movie_id = t.id)
  ->  Seq Scan on movie_companies mc  (cost=0.00..51404.11 rows=321188 width=4) (actual time=29.948..2757.415 rows=326744 loops=1)
        Filter: (company_id > 91335)
        Rows Removed by Filter: 2282385
  ->  Hash  (cost=83072.29..83072.29 rows=237 width=8) (actual time=3473.782..3473.782 rows=159 loops=1)
        Buckets: 1024  Batches: 1  Memory Usage: 15kB
        ->  Nested Loop  (cost=0.43..83072.29 rows=237 width=8) (actual time=0.652..3473.517 rows=159 loops=1)
              ->  Seq Scan on movie_keyword mk  (cost=0.00..81003.12 rows=246 width=4) (actual time=0.608..3451.418 rows=161 loops=1)
                    Filter: (keyword_id = 4595)
                    Rows Removed by Filter: 4523769
              ->  Index Scan using title_pkey on title t  (cost=0.43..8.40 rows=1 width=4) (actual time=0.132..0.133 rows=1 loops=161)
                    Index Cond: (id = mk.movie_id)
                    Filter: (production_year > 1910)
                    Rows Removed by Filter: 0
Planning time: 1.071 ms
Execution time: 6299.892 ms
