Hash Join  (cost=83440.39..1021507.99 rows=3811695 width=0) (actual time=4440.757..60936.775 rows=3948150 loops=1)
  Hash Cond: (ci.movie_id = t.id)
  ->  Seq Scan on cast_info ci  (cost=0.00..705507.15 rows=16620665 width=4) (actual time=0.014..43855.312 rows=16749809 loops=1)
        Filter: (person_id > 1951850)
        Rows Removed by Filter: 19494535
  ->  Hash  (cost=73925.90..73925.90 rows=579879 width=4) (actual time=4439.849..4439.849 rows=492958 loops=1)
        Buckets: 131072  Batches: 8  Memory Usage: 3188kB
        ->  Seq Scan on title t  (cost=0.00..73925.90 rows=579879 width=4) (actual time=0.029..4249.374 rows=492958 loops=1)
              Filter: ((kind_id < 7) AND (production_year > 1998))
              Rows Removed by Filter: 2035354
Planning time: 0.750 ms
Execution time: 61502.254 ms
