Hash Join  (cost=68100.81..897052.28 rows=132127 width=0) (actual time=35031.603..43759.315 rows=59093 loops=1)
  Hash Cond: (ci.movie_id = t.id)
  ->  Seq Scan on cast_info ci  (cost=0.00..796071.18 rows=8415737 width=4) (actual time=32162.278..39561.339 rows=3870696 loops=1)
        Filter: ((person_id > 1199715) AND (role_id = 1))
        Rows Removed by Filter: 32373648
  ->  Hash  (cost=67604.59..67604.59 rows=39698 width=4) (actual time=2868.746..2868.746 rows=36437 loops=1)
        Buckets: 65536  Batches: 1  Memory Usage: 1793kB
        ->  Seq Scan on title t  (cost=0.00..67604.59 rows=39698 width=4) (actual time=0.062..2852.601 rows=36437 loops=1)
              Filter: (production_year = 1995)
              Rows Removed by Filter: 2491875
Planning time: 0.787 ms
Execution time: 43770.994 ms
