Nested Loop  (cost=0.43..799703.28 rows=127 width=0) (actual time=5596.544..14401.898 rows=244 loops=1)
  ->  Seq Scan on cast_info ci  (cost=0.00..796071.18 rows=435 width=4) (actual time=5596.462..14397.678 rows=244 loops=1)
        Filter: ((role_id < 10) AND (person_id = 867656))
        Rows Removed by Filter: 36244100
  ->  Index Scan using title_pkey on title t  (cost=0.43..8.34 rows=1 width=4) (actual time=0.016..0.017 rows=1 loops=244)
        Index Cond: (id = ci.movie_id)
        Filter: (production_year < 1992)
Planning time: 0.851 ms
Execution time: 14402.074 ms
