Seq Scan on cast_info ci  (cost=0.00..796071.18 rows=11870672 width=0) (actual time=11487.984..40139.753 rows=10972518 loops=1)
  Filter: ((person_id > 231152) AND (role_id = 1))
  Rows Removed by Filter: 25271826
Planning time: 0.427 ms
Execution time: 41945.343 ms
