Hash Join  (cost=204721.10..1283293.31 rows=8128318 width=0) (actual time=10590.096..62593.800 rows=5935411 loops=1)
  Hash Cond: (ci.movie_id = t.id)
  ->  Seq Scan on cast_info ci  (cost=0.00..796071.18 rows=16993825 width=4) (actual time=0.027..40728.008 rows=15739949 loops=1)
        Filter: ((person_id > 1640695) AND (role_id < 10))
        Rows Removed by Filter: 20504395
  ->  Hash  (cost=184878.35..184878.35 rows=1209420 width=8) (actual time=10588.807..10588.807 rows=558885 loops=1)
        Buckets: 131072  Batches: 16  Memory Usage: 2373kB
        ->  Hash Join  (cost=93155.63..184878.35 rows=1209420 width=8) (actual time=5763.314..10404.363 rows=558885 loops=1)
              Hash Cond: (mc.movie_id = t.id)
              ->  Seq Scan on movie_companies mc  (cost=0.00..44881.29 rows=2609129 width=4) (actual time=0.028..3470.807 rows=2609129 loops=1)
              ->  Hash  (cost=73925.90..73925.90 rows=1172058 width=4) (actual time=5096.403..5096.403 rows=1128906 loops=1)
                    Buckets: 131072  Batches: 16  Memory Usage: 3503kB
                    ->  Seq Scan on title t  (cost=0.00..73925.90 rows=1172058 width=4) (actual time=0.015..4656.718 rows=1128906 loops=1)
                          Filter: ((production_year < 2010) AND (kind_id = 7))
                          Rows Removed by Filter: 1399406
Planning time: 1.268 ms
Execution time: 63384.761 ms
