Hash Join  (cost=102069.22..932941.07 rows=349011 width=0) (actual time=5461.333..57241.201 rows=759822 loops=1)
  Hash Cond: (ci.movie_id = t.id)
  ->  Seq Scan on cast_info ci  (cost=0.00..705507.15 rows=32499906 width=4) (actual time=0.018..40782.134 rows=32494469 loops=1)
        Filter: (person_id < 3377161)
        Rows Removed by Filter: 3749875
  ->  Hash  (cost=101729.80..101729.80 rows=27153 width=8) (actual time=5460.760..5460.760 rows=29040 loops=1)
        Buckets: 32768  Batches: 1  Memory Usage: 1391kB
        ->  Hash Join  (cost=74547.79..101729.80 rows=27153 width=8) (actual time=3947.142..5450.438 rows=29040 loops=1)
              Hash Cond: (mi_idx.movie_id = t.id)
              ->  Seq Scan on movie_info_idx mi_idx  (cost=0.00..21735.35 rows=1380035 width=4) (actual time=0.025..1086.494 rows=1380035 loops=1)
              ->  Hash  (cost=73925.90..73925.90 rows=49751 width=4) (actual time=3946.035..3946.035 rows=56995 loops=1)
                    Buckets: 65536  Batches: 1  Memory Usage: 2516kB
                    ->  Seq Scan on title t  (cost=0.00..73925.90 rows=49751 width=4) (actual time=0.023..3920.611 rows=56995 loops=1)
                          Filter: ((kind_id > 1) AND (production_year = 2003))
                          Rows Removed by Filter: 2471317
Planning time: 1.250 ms
Execution time: 57362.641 ms
