Seq Scan on movie_companies mc  (cost=0.00..57926.93 rows=794014 width=0) (actual time=0.025..3468.069 rows=496289 loops=1)
  Filter: ((company_id < 14712) AND (company_type_id > 1))
  Rows Removed by Filter: 2112840
Planning time: 1.675 ms
Execution time: 3549.699 ms
