Seq Scan on movie_companies mc  (cost=0.00..57926.93 rows=1084765 width=0) (actual time=0.017..2320.658 rows=971354 loops=1)
  Filter: ((company_id > 240) AND (company_type_id < 2))
  Rows Removed by Filter: 1637775
Planning time: 5.217 ms
Execution time: 2451.092 ms
