Seq Scan on cast_info ci  (cost=0.00..796071.18 rows=8611356 width=0) (actual time=5462.513..35700.008 rows=12670688 loops=1)
  Filter: ((person_id < 2514537) AND (role_id = 1))
  Rows Removed by Filter: 23573656
Planning time: 0.432 ms
Execution time: 37777.228 ms
