Hash Join  (cost=74323.94..165161.71 rows=31954 width=0) (actual time=5454.723..8402.540 rows=8088 loops=1)
  Hash Cond: (mk.movie_id = t.id)
  ->  Seq Scan on movie_keyword mk  (cost=0.00..81003.12 rows=2537362 width=4) (actual time=0.021..4072.721 rows=2531279 loops=1)
        Filter: (keyword_id > 3518)
        Rows Removed by Filter: 1992651
  ->  Hash  (cost=73925.90..73925.90 rows=31843 width=4) (actual time=3813.505..3813.505 rows=35656 loops=1)
        Buckets: 65536 (originally 32768)  Batches: 1 (originally 1)  Memory Usage: 1766kB
        ->  Seq Scan on title t  (cost=0.00..73925.90 rows=31843 width=4) (actual time=0.028..3793.587 rows=35656 loops=1)
              Filter: ((kind_id = 7) AND (production_year = 2000))
              Rows Removed by Filter: 2492656
Planning time: 0.792 ms
Execution time: 8403.821 ms
