Hash Join  (cost=219394.30..1140446.12 rows=3512957 width=0) (actual time=41554.265..49254.688 rows=1441737 loops=1)
  Hash Cond: (ci.movie_id = t.id)
  ->  Seq Scan on cast_info ci  (cost=0.00..796071.18 rows=7363220 width=4) (actual time=30436.725..36397.535 rows=1765293 loops=1)
        Filter: ((person_id > 1493626) AND (role_id = 1))
        Rows Removed by Filter: 34479051
  ->  Hash  (cost=199601.95..199601.95 rows=1206348 width=8) (actual time=11116.559..11116.559 rows=1280015 loops=1)
        Buckets: 131072 (originally 131072)  Batches: 32 (originally 16)  Memory Usage: 3073kB
        ->  Hash Join  (cost=102767.86..199601.95 rows=1206348 width=8) (actual time=6113.423..10692.110 rows=1280015 loops=1)
              Hash Cond: (mc.movie_id = t.id)
              ->  Seq Scan on movie_companies mc  (cost=0.00..57926.93 rows=1206348 width=4) (actual time=311.149..3183.789 rows=1280015 loops=1)
                    Filter: ((company_id > 93) AND (company_type_id = 2))
                    Rows Removed by Filter: 1329114
              ->  Hash  (cost=61283.27..61283.27 rows=2528527 width=4) (actual time=5801.028..5801.028 rows=2528312 loops=1)
                    Buckets: 131072  Batches: 64  Memory Usage: 2415kB
                    ->  Seq Scan on title t  (cost=0.00..61283.27 rows=2528527 width=4) (actual time=0.026..4703.046 rows=2528312 loops=1)
Planning time: 10.834 ms
Execution time: 49435.793 ms
