Hash Join  (cost=102767.86..179026.96 rows=622338 width=0) (actual time=1914.494..3695.949 rows=617966 loops=1)
  Hash Cond: (mc.movie_id = t.id)
  ->  Seq Scan on movie_companies mc  (cost=0.00..51404.11 rows=622338 width=4) (actual time=0.037..887.535 rows=617966 loops=1)
        Filter: (company_id < 769)
        Rows Removed by Filter: 1991163
  ->  Hash  (cost=61283.27..61283.27 rows=2528527 width=4) (actual time=1911.877..1911.877 rows=2528312 loops=1)
        Buckets: 131072  Batches: 64  Memory Usage: 2415kB
        ->  Seq Scan on title t  (cost=0.00..61283.27 rows=2528527 width=4) (actual time=0.026..1075.492 rows=2528312 loops=1)
Planning time: 0.810 ms
Execution time: 3767.321 ms
