Hash Join  (cost=218935.70..991477.43 rows=1137363 width=0) (actual time=11236.721..49600.613 rows=3116800 loops=1)
  Hash Cond: (ci.movie_id = t.id)
  ->  Seq Scan on cast_info ci  (cost=0.00..705507.15 rows=4602653 width=4) (actual time=1072.667..35394.920 rows=4488515 loops=1)
        Filter: (person_id < 433662)
        Rows Removed by Filter: 31755829
  ->  Hash  (cost=208684.39..208684.39 rows=624825 width=8) (actual time=10162.810..10162.810 rows=620484 loops=1)
        Buckets: 131072  Batches: 16  Memory Usage: 2562kB
        ->  Hash Join  (cost=102767.86..208684.39 rows=624825 width=8) (actual time=4166.869..9258.744 rows=620484 loops=1)
              Hash Cond: (mk.movie_id = t.id)
              ->  Seq Scan on movie_keyword mk  (cost=0.00..81003.12 rows=624825 width=4) (actual time=0.039..4047.228 rows=620484 loops=1)
                    Filter: (keyword_id < 478)
                    Rows Removed by Filter: 3903446
              ->  Hash  (cost=61283.27..61283.27 rows=2528527 width=4) (actual time=4165.750..4165.750 rows=2528312 loops=1)
                    Buckets: 131072  Batches: 64  Memory Usage: 2425kB
                    ->  Seq Scan on title t  (cost=0.00..61283.27 rows=2528527 width=4) (actual time=0.016..3113.967 rows=2528312 loops=1)
Planning time: 1.102 ms
Execution time: 50085.389 ms
