Hash Join  (cost=73930.12..100844.83 rows=61 width=0) (actual time=3505.893..5083.027 rows=10 loops=1)
  Hash Cond: (mi_idx.movie_id = t.id)
  ->  Seq Scan on movie_info_idx mi_idx  (cost=0.00..25185.44 rows=460978 width=4) (actual time=0.014..1551.414 rows=459925 loops=1)
        Filter: (info_type_id < 100)
        Rows Removed by Filter: 920110
  ->  Hash  (cost=73925.90..73925.90 rows=337 width=4) (actual time=3465.704..3465.704 rows=26 loops=1)
        Buckets: 1024  Batches: 1  Memory Usage: 9kB
        ->  Seq Scan on title t  (cost=0.00..73925.90 rows=337 width=4) (actual time=453.639..3465.663 rows=26 loops=1)
              Filter: ((kind_id = 4) AND (production_year = 1978))
              Rows Removed by Filter: 2528286
Planning time: 0.713 ms
Execution time: 5083.105 ms
