Hash Join  (cost=189632.99..1147114.52 rows=6410552 width=0) (actual time=15605.635..69519.965 rows=25451101 loops=1)
  Hash Cond: (ci.movie_id = t.id)
  ->  Seq Scan on cast_info ci  (cost=0.00..705507.15 rows=15903696 width=4) (actual time=5060.292..37954.107 rows=16030026 loops=1)
        Filter: (person_id > 2031332)
        Rows Removed by Filter: 20214318
  ->  Hash  (cost=172910.83..172910.83 rows=1019213 width=8) (actual time=10543.831..10543.831 rows=1891821 loops=1)
        Buckets: 131072 (originally 131072)  Batches: 32 (originally 16)  Memory Usage: 3321kB
        ->  Hash Join  (cost=83810.17..172910.83 rows=1019213 width=8) (actual time=4224.588..9857.410 rows=1891821 loops=1)
              Hash Cond: (mc.movie_id = t.id)
              ->  Seq Scan on movie_companies mc  (cost=0.00..44881.29 rows=2609129 width=4) (actual time=0.017..3158.573 rows=2609129 loops=1)
              ->  Hash  (cost=67604.59..67604.59 rows=987727 width=4) (actual time=4223.281..4223.281 rows=985048 loops=1)
                    Buckets: 131072  Batches: 16  Memory Usage: 3188kB
                    ->  Seq Scan on title t  (cost=0.00..67604.59 rows=987727 width=4) (actual time=0.019..3523.750 rows=985048 loops=1)
                          Filter: (kind_id < 7)
                          Rows Removed by Filter: 1543264
Planning time: 1.287 ms
Execution time: 73012.145 ms
