Seq Scan on cast_info ci  (cost=0.00..705507.15 rows=500 width=0) (actual time=24501.542..28192.262 rows=19 loops=1)
  Filter: (person_id = 1786810)
  Rows Removed by Filter: 36244325
Planning time: 6.646 ms
Execution time: 28192.384 ms
