Hash Join  (cost=78171.87..1158587.99 rows=3040567 width=0) (actual time=3959.292..70315.058 rows=2861716 loops=1)
  Hash Cond: (ci.movie_id = t.id)
  ->  Seq Scan on cast_info ci  (cost=0.00..705507.15 rows=29707281 width=4) (actual time=0.019..48070.260 rows=29636602 loops=1)
        Filter: (person_id < 2998013)
        Rows Removed by Filter: 6607742
  ->  Hash  (cost=73925.90..73925.90 rows=258797 width=4) (actual time=3958.504..3958.504 rows=227847 loops=1)
        Buckets: 131072  Batches: 4  Memory Usage: 3032kB
        ->  Seq Scan on title t  (cost=0.00..73925.90 rows=258797 width=4) (actual time=0.023..3608.109 rows=227847 loops=1)
              Filter: ((kind_id < 7) AND (production_year > 2008))
              Rows Removed by Filter: 2300465
Planning time: 1.092 ms
Execution time: 70701.157 ms
