Seq Scan on movie_keyword mk  (cost=0.00..81003.12 rows=4464338 width=0) (actual time=0.022..4550.997 rows=4467535 loops=1)
  Filter: (keyword_id < 96676)
  Rows Removed by Filter: 56395
Planning time: 6.162 ms
Execution time: 5277.230 ms
