Hash Join  (cost=83073.10..137739.29 rows=67 width=0) (actual time=4348.783..7880.024 rows=8522 loops=1)
  Hash Cond: (mc.movie_id = t.id)
  ->  Seq Scan on movie_companies mc  (cost=0.00..44881.29 rows=2609129 width=4) (actual time=0.019..2889.642 rows=2609129 loops=1)
  ->  Hash  (cost=83072.29..83072.29 rows=65 width=8) (actual time=4347.578..4347.578 rows=720 loops=1)
        Buckets: 1024  Batches: 1  Memory Usage: 37kB
        ->  Nested Loop  (cost=0.43..83072.29 rows=65 width=8) (actual time=1.185..4346.849 rows=720 loops=1)
              ->  Seq Scan on movie_keyword mk  (cost=0.00..81003.12 rows=246 width=4) (actual time=1.141..4128.613 rows=1028 loops=1)
                    Filter: (keyword_id = 2650)
                    Rows Removed by Filter: 4522902
              ->  Index Scan using title_pkey on title t  (cost=0.43..8.40 rows=1 width=4) (actual time=0.210..0.210 rows=1 loops=1028)
                    Index Cond: (id = mk.movie_id)
                    Filter: (kind_id = 1)
                    Rows Removed by Filter: 0
Planning time: 1.279 ms
Execution time: 7881.517 ms
