Hash Join  (cost=196524.56..685430.10 rows=852759 width=0) (actual time=11440.094..37800.957 rows=281557 loops=1)
  Hash Cond: (mi.movie_id = t.id)
  ->  Seq Scan on movie_info mi  (cost=0.00..309384.22 rows=14739122 width=4) (actual time=0.017..19749.551 rows=14835720 loops=1)
  ->  Hash  (cost=194123.90..194123.90 rows=146293 width=8) (actual time=11438.696..11438.696 rows=31176 loops=1)
        Buckets: 131072  Batches: 2  Memory Usage: 1623kB
        ->  Hash Join  (cost=75915.84..194123.90 rows=146293 width=8) (actual time=3862.820..11426.487 rows=31176 loops=1)
              Hash Cond: (mk.movie_id = t.id)
              ->  Seq Scan on movie_keyword mk  (cost=0.00..81003.12 rows=3050134 width=4) (actual time=0.023..5650.431 rows=3037891 loops=1)
                    Filter: (keyword_id < 10996)
                    Rows Removed by Filter: 1486039
              ->  Hash  (cost=73925.90..73925.90 rows=121275 width=4) (actual time=3846.996..3846.996 rows=124747 loops=1)
                    Buckets: 131072  Batches: 2  Memory Usage: 3225kB
                    ->  Seq Scan on title t  (cost=0.00..73925.90 rows=121275 width=4) (actual time=0.052..3782.546 rows=124747 loops=1)
                          Filter: ((kind_id > 1) AND (production_year = 2012))
                          Rows Removed by Filter: 2403565
Planning time: 1.095 ms
Execution time: 37846.352 ms
