Seq Scan on title t  (cost=0.00..73925.90 rows=35777 width=0) (actual time=444.407..1098.481 rows=37357 loops=1)
  Filter: ((production_year > 2007) AND (kind_id = 4))
  Rows Removed by Filter: 2490955
Planning time: 0.424 ms
Execution time: 1104.293 ms
