Hash Join  (cost=83074.95..447740.44 rows=953 width=0) (actual time=3903.809..25328.560 rows=9289 loops=1)
  Hash Cond: (mi.movie_id = t.id)
  ->  Seq Scan on movie_info mi  (cost=0.00..309384.22 rows=14739122 width=4) (actual time=0.014..17904.061 rows=14835720 loops=1)
  ->  Hash  (cost=83072.90..83072.90 rows=164 width=8) (actual time=3896.151..3896.151 rows=335 loops=1)
        Buckets: 1024  Batches: 1  Memory Usage: 22kB
        ->  Nested Loop  (cost=0.43..83072.90 rows=164 width=8) (actual time=7.932..3895.762 rows=335 loops=1)
              ->  Seq Scan on movie_keyword mk  (cost=0.00..81003.12 rows=246 width=4) (actual time=7.336..3750.889 rows=770 loops=1)
                    Filter: (keyword_id = 3397)
                    Rows Removed by Filter: 4523160
              ->  Index Scan using title_pkey on title t  (cost=0.43..8.40 rows=1 width=4) (actual time=0.186..0.186 rows=0 loops=770)
                    Index Cond: (id = mk.movie_id)
                    Filter: ((kind_id > 1) AND (production_year > 1952))
                    Rows Removed by Filter: 1
Planning time: 1.166 ms
Execution time: 25331.029 ms
