Seq Scan on movie_keyword mk  (cost=0.00..81003.12 rows=1823537 width=0) (actual time=0.014..3752.469 rows=1830454 loops=1)
  Filter: (keyword_id > 7627)
  Rows Removed by Filter: 2693476
Planning time: 0.299 ms
Execution time: 4085.584 ms
