Hash Join  (cost=709678.15..764348.83 rows=516 width=0) (actual time=11105.723..12134.789 rows=180 loops=1)
  Hash Cond: (mc.movie_id = t.id)
  ->  Seq Scan on movie_companies mc  (cost=0.00..44881.29 rows=2609129 width=4) (actual time=0.013..613.616 rows=2609129 loops=1)
  ->  Hash  (cost=709671.90..709671.90 rows=500 width=8) (actual time=11077.476..11077.476 rows=221 loops=1)
        Buckets: 1024  Batches: 1  Memory Usage: 17kB
        ->  Nested Loop  (cost=0.43..709671.90 rows=500 width=8) (actual time=1221.938..11077.342 rows=221 loops=1)
              ->  Seq Scan on cast_info ci  (cost=0.00..705507.15 rows=500 width=4) (actual time=1221.857..11067.879 rows=221 loops=1)
                    Filter: (person_id = 2099604)
                    Rows Removed by Filter: 36244123
              ->  Index Only Scan using title_pkey on title t  (cost=0.43..8.32 rows=1 width=4) (actual time=0.041..0.042 rows=1 loops=221)
                    Index Cond: (id = ci.movie_id)
                    Heap Fetches: 221
Planning time: 1.175 ms
Execution time: 12134.929 ms
