Hash Join  (cost=169549.77..643051.65 rows=1602868 width=0) (actual time=5499.044..19176.935 rows=9366478 loops=1)
  Hash Cond: (mi.movie_id = t.id)
  ->  Seq Scan on movie_info mi  (cost=0.00..346232.03 rows=9476311 width=4) (actual time=630.112..6941.362 rows=9565151 loops=1)
        Filter: (info_type_id < 16)
        Rows Removed by Filter: 5270569
  ->  Hash  (cost=162532.69..162532.69 rows=427687 width=8) (actual time=4867.751..4867.751 rows=876552 loops=1)
        Buckets: 131072 (originally 131072)  Batches: 16 (originally 8)  Memory Usage: 3187kB
        ->  Hash Join  (cost=83810.17..162532.69 rows=427687 width=8) (actual time=1611.028..4597.910 rows=876552 loops=1)
              Hash Cond: (mc.movie_id = t.id)
              ->  Seq Scan on movie_companies mc  (cost=0.00..57926.93 rows=1094855 width=4) (actual time=0.034..1252.280 rows=1221568 loops=1)
                    Filter: ((company_id > 390) AND (company_type_id > 1))
                    Rows Removed by Filter: 1387561
              ->  Hash  (cost=67604.59..67604.59 rows=987727 width=4) (actual time=1610.057..1610.057 rows=985048 loops=1)
                    Buckets: 131072  Batches: 16  Memory Usage: 3188kB
                    ->  Seq Scan on title t  (cost=0.00..67604.59 rows=987727 width=4) (actual time=0.010..1297.569 rows=985048 loops=1)
                          Filter: (kind_id < 7)
                          Rows Removed by Filter: 1543264
Planning time: 1.824 ms
Execution time: 20189.432 ms
