Hash Join  (cost=714484.83..2766196.05 rows=77049000 width=0) (actual time=39524.087..171804.104 rows=364679650 loops=1)
  Hash Cond: (ci.movie_id = t.id)
  ->  Seq Scan on cast_info ci  (cost=0.00..614943.12 rows=36225612 width=4) (actual time=0.020..17675.081 rows=36244344 loops=1)
  ->  Hash  (cost=626252.13..626252.13 rows=5377976 width=8) (actual time=39522.902..39522.902 rows=9780170 loops=1)
        Buckets: 131072 (originally 131072)  Batches: 256 (originally 128)  Memory Usage: 4016kB
        ->  Hash Join  (cost=89062.44..626252.13 rows=5377976 width=8) (actual time=3924.317..36497.700 rows=9780170 loops=1)
              Hash Cond: (mi.movie_id = t.id)
              ->  Seq Scan on movie_info mi  (cost=0.00..309384.22 rows=14739122 width=4) (actual time=0.018..19730.172 rows=14835720 loops=1)
              ->  Hash  (cost=73925.90..73925.90 rows=922603 width=4) (actual time=3923.362..3923.362 rows=879202 loops=1)
                    Buckets: 131072  Batches: 16  Memory Usage: 2966kB
                    ->  Seq Scan on title t  (cost=0.00..73925.90 rows=922603 width=4) (actual time=0.024..3560.698 rows=879202 loops=1)
                          Filter: ((kind_id < 7) AND (production_year > 1923))
                          Rows Removed by Filter: 1649110
Planning time: 6.054 ms
Execution time: 211501.490 ms
