Hash Join  (cost=102767.86..925875.65 rows=713022 width=0) (actual time=6614.945..15370.119 rows=244054 loops=1)
  Hash Cond: (ci.movie_id = t.id)
  ->  Seq Scan on cast_info ci  (cost=0.00..796071.18 rows=713022 width=4) (actual time=4697.886..12988.569 rows=244054 loops=1)
        Filter: ((person_id < 2274967) AND (role_id = 9))
        Rows Removed by Filter: 36000290
  ->  Hash  (cost=61283.27..61283.27 rows=2528527 width=4) (actual time=1915.429..1915.429 rows=2528312 loops=1)
        Buckets: 131072  Batches: 64  Memory Usage: 2415kB
        ->  Seq Scan on title t  (cost=0.00..61283.27 rows=2528527 width=4) (actual time=0.031..1070.878 rows=2528312 loops=1)
Planning time: 1.710 ms
Execution time: 15393.532 ms
