Hash Join  (cost=161784.19..547236.77 rows=237276 width=0) (actual time=2808.608..15568.638 rows=7701440 loops=1)
  Hash Cond: (mi.movie_id = t.id)
  ->  Seq Scan on movie_info mi  (cost=0.00..309384.22 rows=14739122 width=4) (actual time=0.015..4912.977 rows=14835720 loops=1)
  ->  Hash  (cost=161275.38..161275.38 rows=40705 width=8) (actual time=2805.422..2805.422 rows=101621 loops=1)
        Buckets: 131072 (originally 65536)  Batches: 2 (originally 1)  Memory Usage: 3073kB
        ->  Hash Join  (cost=74210.29..161275.38 rows=40705 width=8) (actual time=1283.167..2774.034 rows=101621 loops=1)
              Hash Cond: (mk.movie_id = t.id)
              ->  Seq Scan on movie_keyword mk  (cost=0.00..69693.30 rows=4523930 width=4) (actual time=6.452..759.213 rows=4523930 loops=1)
              ->  Hash  (cost=73925.90..73925.90 rows=22751 width=4) (actual time=1276.528..1276.528 rows=18892 loops=1)
                    Buckets: 32768  Batches: 1  Memory Usage: 921kB
                    ->  Seq Scan on title t  (cost=0.00..73925.90 rows=22751 width=4) (actual time=0.093..1268.229 rows=18892 loops=1)
                          Filter: ((kind_id < 7) AND (production_year = 2001))
                          Rows Removed by Filter: 2509420
Planning time: 1.139 ms
Execution time: 16455.517 ms
