Seq Scan on movie_companies mc  (cost=0.00..51404.11 rows=691137 width=0) (actual time=179.484..2501.185 rows=696853 loops=1)
  Filter: (company_id > 46025)
  Rows Removed by Filter: 1912276
Planning time: 0.299 ms
Execution time: 2631.736 ms
