Seq Scan on movie_companies mc  (cost=0.00..51404.11 rows=2050450 width=0) (actual time=0.025..940.922 rows=2053086 loops=1)
  Filter: (company_id > 578)
  Rows Removed by Filter: 556043
Planning time: 0.281 ms
Execution time: 1192.861 ms
