Hash Join  (cost=94706.90..144260.54 rows=691315 width=0) (actual time=2039.713..3268.435 rows=379938 loops=1)
  Hash Cond: (mi_idx.movie_id = t.id)
  ->  Seq Scan on movie_info_idx mi_idx  (cost=0.00..21735.35 rows=1380035 width=4) (actual time=0.020..462.202 rows=1380035 loops=1)
  ->  Hash  (cost=73925.90..73925.90 rows=1266640 width=4) (actual time=1917.575..1917.575 rows=1348885 loops=1)
        Buckets: 131072  Batches: 32  Memory Usage: 2511kB
        ->  Seq Scan on title t  (cost=0.00..73925.90 rows=1266640 width=4) (actual time=0.012..1489.348 rows=1348885 loops=1)
              Filter: ((production_year > 1970) AND (kind_id = 7))
              Rows Removed by Filter: 1179427
Planning time: 0.658 ms
Execution time: 3309.955 ms
