Seq Scan on movie_companies mc  (cost=0.00..57926.93 rows=666896 width=0) (actual time=0.024..1017.218 rows=912017 loops=1)
  Filter: ((company_id > 11245) AND (company_type_id > 1))
  Rows Removed by Filter: 1697112
Planning time: 0.297 ms
Execution time: 1135.814 ms
