Hash Join  (cost=87245.25..124508.63 rows=214998 width=0) (actual time=1728.610..2834.020 rows=264875 loops=1)
  Hash Cond: (mi_idx.movie_id = t.id)
  ->  Seq Scan on movie_info_idx mi_idx  (cost=0.00..25185.44 rows=454124 width=4) (actual time=0.022..528.850 rows=459925 loops=1)
        Filter: (info_type_id = 100)
        Rows Removed by Filter: 920110
  ->  Hash  (cost=67604.59..67604.59 rows=1197093 width=4) (actual time=1727.711..1727.711 rows=1195923 loops=1)
        Buckets: 131072  Batches: 16  Memory Usage: 3653kB
        ->  Seq Scan on title t  (cost=0.00..67604.59 rows=1197093 width=4) (actual time=0.030..1351.936 rows=1195923 loops=1)
              Filter: (production_year < 2003)
              Rows Removed by Filter: 1332389
Planning time: 0.696 ms
Execution time: 2868.444 ms
