Hash Join  (cost=167919.21..532804.92 rows=22976 width=0) (actual time=3105.780..10162.892 rows=64705 loops=1)
  Hash Cond: (mi.movie_id = t.id)
  ->  Seq Scan on movie_info mi  (cost=0.00..309384.22 rows=14739122 width=4) (actual time=0.012..4279.079 rows=14835720 loops=1)
  ->  Hash  (cost=167869.93..167869.93 rows=3942 width=8) (actual time=3105.500..3105.500 rows=2935 loops=1)
        Buckets: 4096  Batches: 1  Memory Usage: 147kB
        ->  Hash Join  (cost=73962.22..167869.93 rows=3942 width=8) (actual time=1027.260..3104.047 rows=2935 loops=1)
              Hash Cond: (mk.movie_id = t.id)
              ->  Seq Scan on movie_keyword mk  (cost=0.00..81003.12 rows=3430712 width=4) (actual time=0.014..1564.610 rows=3425442 loops=1)
                    Filter: (keyword_id > 1126)
                    Rows Removed by Filter: 1098488
              ->  Hash  (cost=73925.90..73925.90 rows=2905 width=4) (actual time=1025.891..1025.891 rows=5835 loops=1)
                    Buckets: 8192 (originally 4096)  Batches: 1 (originally 1)  Memory Usage: 270kB
                    ->  Seq Scan on title t  (cost=0.00..73925.90 rows=2905 width=4) (actual time=509.580..1023.286 rows=5835 loops=1)
                          Filter: ((kind_id < 7) AND (production_year = 1916))
                          Rows Removed by Filter: 2522477
Planning time: 1.112 ms
Execution time: 10171.707 ms
