Seq Scan on movie_companies mc  (cost=0.00..57926.93 rows=494776 width=0) (actual time=0.028..875.068 rows=811840 loops=1)
  Filter: ((company_id > 17317) AND (company_type_id = 2))
  Rows Removed by Filter: 1797289
Planning time: 0.393 ms
Execution time: 967.067 ms
