Hash Join  (cost=58358.90..85287.93 rows=9 width=0) (actual time=870.672..1427.067 rows=320 loops=1)
  Hash Cond: (mi_idx.movie_id = t.id)
  ->  Seq Scan on movie_info_idx mi_idx  (cost=0.00..25185.44 rows=464934 width=4) (actual time=0.025..482.047 rows=460185 loops=1)
        Filter: (info_type_id > 100)
        Rows Removed by Filter: 919850
  ->  Hash  (cost=58358.27..58358.27 rows=51 width=8) (actual time=869.786..869.786 rows=1020 loops=1)
        Buckets: 1024  Batches: 1  Memory Usage: 48kB
        ->  Nested Loop  (cost=0.43..58358.27 rows=51 width=8) (actual time=291.870..869.134 rows=1020 loops=1)
              ->  Seq Scan on movie_companies mc  (cost=0.00..57926.93 rows=51 width=4) (actual time=291.795..823.536 rows=1020 loops=1)
                    Filter: ((company_id = 128) AND (company_type_id = 1))
                    Rows Removed by Filter: 2608109
              ->  Index Only Scan using title_pkey on title t  (cost=0.43..8.45 rows=1 width=4) (actual time=0.043..0.044 rows=1 loops=1020)
                    Index Cond: (id = mc.movie_id)
                    Heap Fetches: 1020
Planning time: 1.690 ms
Execution time: 1427.278 ms
