Nested Loop  (cost=0.43..52283.95 rows=69 width=0) (actual time=0.331..784.825 rows=1084 loops=1)
  ->  Seq Scan on movie_companies mc  (cost=0.00..51404.11 rows=104 width=4) (actual time=0.292..764.772 rows=1085 loops=1)
        Filter: (company_id = 1373)
        Rows Removed by Filter: 2608044
  ->  Index Scan using title_pkey on title t  (cost=0.43..8.45 rows=1 width=4) (actual time=0.017..0.018 rows=1 loops=1085)
        Index Cond: (id = mc.movie_id)
        Filter: (production_year < 2008)
        Rows Removed by Filter: 0
Planning time: 0.743 ms
Execution time: 785.236 ms
