Hash Join  (cost=88985.79..150851.96 rows=8423 width=0) (actual time=1691.659..2819.479 rows=6307 loops=1)
  Hash Cond: (mc.movie_id = t.id)
  ->  Seq Scan on movie_companies mc  (cost=0.00..57926.93 rows=23202 width=4) (actual time=0.035..960.309 rows=42064 loops=1)
        Filter: ((company_type_id < 2) AND (company_id = 19))
        Rows Removed by Filter: 2567065
  ->  Hash  (cost=73925.90..73925.90 rows=917911 width=4) (actual time=1686.186..1686.186 rows=865266 loops=1)
        Buckets: 131072  Batches: 16  Memory Usage: 2928kB
        ->  Seq Scan on title t  (cost=0.00..73925.90 rows=917911 width=4) (actual time=0.021..1409.807 rows=865266 loops=1)
              Filter: ((kind_id < 7) AND (production_year > 1928))
              Rows Removed by Filter: 1663046
Planning time: 0.884 ms
Execution time: 2820.485 ms
