Hash Join  (cost=74378.48..101331.91 rows=6503 width=0) (actual time=1220.820..1816.680 rows=13649 loops=1)
  Hash Cond: (mi_idx.movie_id = t.id)
  ->  Seq Scan on movie_info_idx mi_idx  (cost=0.00..25185.44 rows=454124 width=4) (actual time=0.029..456.143 rows=459925 loops=1)
        Filter: (info_type_id = 100)
        Rows Removed by Filter: 920110
  ->  Hash  (cost=73925.90..73925.90 rows=36206 width=4) (actual time=1220.330..1220.330 rows=33919 loops=1)
        Buckets: 65536  Batches: 1  Memory Usage: 1705kB
        ->  Seq Scan on title t  (cost=0.00..73925.90 rows=36206 width=4) (actual time=388.072..1206.030 rows=33919 loops=1)
              Filter: ((production_year > 2005) AND (kind_id = 2))
              Rows Removed by Filter: 2494393
Planning time: 0.771 ms
Execution time: 1818.744 ms
