Hash Join  (cost=83074.16..833884.82 rows=2148 width=0) (actual time=1262.269..17057.245 rows=3887 loops=1)
  Hash Cond: (ci.movie_id = t.id)
  ->  Seq Scan on cast_info ci  (cost=0.00..614943.12 rows=36225612 width=4) (actual time=0.010..8963.330 rows=36244344 loops=1)
  ->  Hash  (cost=83072.29..83072.29 rows=150 width=8) (actual time=1255.299..1255.299 rows=112 loops=1)
        Buckets: 1024  Batches: 1  Memory Usage: 13kB
        ->  Nested Loop  (cost=0.43..83072.29 rows=150 width=8) (actual time=336.667..1255.209 rows=112 loops=1)
              ->  Seq Scan on movie_keyword mk  (cost=0.00..81003.12 rows=246 width=4) (actual time=3.760..1212.356 rows=845 loops=1)
                    Filter: (keyword_id = 4609)
                    Rows Removed by Filter: 4523085
              ->  Index Scan using title_pkey on title t  (cost=0.43..8.40 rows=1 width=4) (actual time=0.049..0.049 rows=0 loops=845)
                    Index Cond: (id = mk.movie_id)
                    Filter: (kind_id = 7)
                    Rows Removed by Filter: 1
Planning time: 7.262 ms
Execution time: 17058.954 ms
