Hash Join  (cost=83743.23..449921.12 rows=299140 width=0) (actual time=1352.529..7723.709 rows=503177 loops=1)
  Hash Cond: (mi.movie_id = t.id)
  ->  Seq Scan on movie_info mi  (cost=0.00..346232.03 rows=1264125 width=4) (actual time=0.026..5517.261 rows=1288928 loops=1)
        Filter: (info_type_id = 2)
        Rows Removed by Filter: 13546792
  ->  Hash  (cost=73925.90..73925.90 rows=598346 width=4) (actual time=1351.589..1351.589 rows=507407 loops=1)
        Buckets: 131072  Batches: 8  Memory Usage: 3259kB
        ->  Seq Scan on title t  (cost=0.00..73925.90 rows=598346 width=4) (actual time=0.008..1180.064 rows=507407 loops=1)
              Filter: ((kind_id < 7) AND (production_year > 1997))
              Rows Removed by Filter: 2020905
Planning time: 0.796 ms
Execution time: 7784.145 ms
