Seq Scan on cast_info ci  (cost=0.00..796071.18 rows=396 width=0) (actual time=12190.975..13907.716 rows=7 loops=1)
  Filter: ((role_id < 8) AND (person_id = 2039197))
  Rows Removed by Filter: 36244337
Planning time: 0.390 ms
Execution time: 13907.829 ms
