Hash Join  (cost=229410.73..275378.20 rows=482299 width=0) (actual time=4754.190..6376.304 rows=1899158 loops=1)
  Hash Cond: (mi_idx.movie_id = t.id)
  ->  Seq Scan on movie_info_idx mi_idx  (cost=0.00..21735.35 rows=1380035 width=4) (actual time=0.018..464.662 rows=1380035 loops=1)
  ->  Hash  (cost=214912.75..214912.75 rows=883678 width=8) (actual time=4752.936..4752.936 rows=891734 loops=1)
        Buckets: 131072  Batches: 16  Memory Usage: 3227kB
        ->  Hash Join  (cost=102767.86..214912.75 rows=883678 width=8) (actual time=2043.720..4506.998 rows=891734 loops=1)
              Hash Cond: (mk.movie_id = t.id)
              ->  Seq Scan on movie_keyword mk  (cost=0.00..81003.12 rows=883678 width=4) (actual time=0.033..1396.528 rows=891734 loops=1)
                    Filter: (keyword_id < 844)
                    Rows Removed by Filter: 3632196
              ->  Hash  (cost=61283.27..61283.27 rows=2528527 width=4) (actual time=2042.724..2042.724 rows=2528312 loops=1)
                    Buckets: 131072  Batches: 64  Memory Usage: 2425kB
                    ->  Seq Scan on title t  (cost=0.00..61283.27 rows=2528527 width=4) (actual time=0.018..1185.099 rows=2528312 loops=1)
Planning time: 3.580 ms
Execution time: 6585.745 ms
