Hash Join  (cost=78988.28..604447.60 rows=1699220 width=0) (actual time=1301.035..15068.773 rows=2475496 loops=1)
  Hash Cond: (mi.movie_id = t.id)
  ->  Seq Scan on movie_info mi  (cost=0.00..346232.03 rows=13926693 width=4) (actual time=0.047..7050.481 rows=13963496 loops=1)
        Filter: (info_type_id < 98)
        Rows Removed by Filter: 872224
  ->  Hash  (cost=73925.90..73925.90 rows=308510 width=4) (actual time=1300.255..1300.255 rows=266599 loops=1)
        Buckets: 131072  Batches: 8  Memory Usage: 2197kB
        ->  Seq Scan on title t  (cost=0.00..73925.90 rows=308510 width=4) (actual time=0.108..1210.686 rows=266599 loops=1)
              Filter: ((kind_id < 7) AND (production_year > 2007))
              Rows Removed by Filter: 2261713
Planning time: 0.758 ms
Execution time: 15361.762 ms
