Hash Join  (cost=128331.06..901073.27 rows=545781 width=0) (actual time=8045.550..16017.563 rows=1040568 loops=1)
  Hash Cond: (ci.movie_id = t.id)
  ->  Seq Scan on cast_info ci  (cost=0.00..705507.15 rows=5253935 width=4) (actual time=5363.385..10880.993 rows=5323740 loops=1)
        Filter: (person_id > 3127762)
        Rows Removed by Filter: 30920604
  ->  Hash  (cost=124020.76..124020.76 rows=262664 width=8) (actual time=2681.081..2681.081 rows=115854 loops=1)
        Buckets: 131072  Batches: 4  Memory Usage: 2149kB
        ->  Hash Join  (cost=81821.64..124020.76 rows=262664 width=8) (actual time=1494.770..2646.205 rows=115854 loops=1)
              Hash Cond: (mi_idx.movie_id = t.id)
              ->  Seq Scan on movie_info_idx mi_idx  (cost=0.00..21735.35 rows=1380035 width=4) (actual time=0.019..456.284 rows=1380035 loops=1)
              ->  Hash  (cost=73925.90..73925.90 rows=481259 width=4) (actual time=1493.898..1493.898 rows=518327 loops=1)
                    Buckets: 131072  Batches: 8  Memory Usage: 3301kB
                    ->  Seq Scan on title t  (cost=0.00..73925.90 rows=481259 width=4) (actual time=0.019..1331.339 rows=518327 loops=1)
                          Filter: ((production_year > 2007) AND (kind_id = 7))
                          Rows Removed by Filter: 2009985
Planning time: 1.208 ms
Execution time: 16150.113 ms
