Hash Join  (cost=73982.55..162513.99 rows=3581 width=0) (actual time=1368.109..3097.502 rows=1556 loops=1)
  Hash Cond: (mk.movie_id = t.id)
  ->  Seq Scan on movie_keyword mk  (cost=0.00..81003.12 rows=1998000 width=4) (actual time=0.025..1425.652 rows=2007879 loops=1)
        Filter: (keyword_id > 6226)
        Rows Removed by Filter: 2516051
  ->  Hash  (cost=73925.90..73925.90 rows=4532 width=4) (actual time=1360.376..1360.376 rows=4021 loops=1)
        Buckets: 8192  Batches: 1  Memory Usage: 206kB
        ->  Seq Scan on title t  (cost=0.00..73925.90 rows=4532 width=4) (actual time=22.258..1358.197 rows=4021 loops=1)
              Filter: ((kind_id = 7) AND (production_year = 1954))
              Rows Removed by Filter: 2524291
Planning time: 0.765 ms
Execution time: 3097.811 ms
