Hash Join  (cost=83074.74..879816.88 rows=17 width=0) (actual time=7241.534..14850.682 rows=36 loops=1)
  Hash Cond: (ci.movie_id = t.id)
  ->  Seq Scan on cast_info ci  (cost=0.00..796071.18 rows=178877 width=4) (actual time=5987.305..13561.587 rows=246041 loops=1)
        Filter: ((person_id > 1739350) AND (role_id > 10))
        Rows Removed by Filter: 35998303
  ->  Hash  (cost=83071.67..83071.67 rows=246 width=8) (actual time=1249.563..1249.563 rows=146 loops=1)
        Buckets: 1024  Batches: 1  Memory Usage: 14kB
        ->  Nested Loop  (cost=0.43..83071.67 rows=246 width=8) (actual time=4.648..1249.387 rows=146 loops=1)
              ->  Seq Scan on movie_keyword mk  (cost=0.00..81003.12 rows=246 width=4) (actual time=4.501..1244.122 rows=146 loops=1)
                    Filter: (keyword_id = 14540)
                    Rows Removed by Filter: 4523784
              ->  Index Only Scan using title_pkey on title t  (cost=0.43..8.40 rows=1 width=4) (actual time=0.031..0.032 rows=1 loops=146)
                    Index Cond: (id = mk.movie_id)
                    Heap Fetches: 146
Planning time: 1.185 ms
Execution time: 14850.806 ms
