Hash Join  (cost=94978.31..477816.82 rows=1022816 width=0) (actual time=2960.790..7467.138 rows=997943 loops=1)
  Hash Cond: (mi.movie_id = t.id)
  ->  Seq Scan on movie_info mi  (cost=0.00..346232.03 rows=1550064 width=4) (actual time=772.325..3855.253 rows=1533909 loops=1)
        Filter: (info_type_id = 3)
        Rows Removed by Filter: 13301811
  ->  Hash  (cost=67604.59..67604.59 rows=1668458 width=4) (actual time=2187.590..2187.590 rows=1671292 loops=1)
        Buckets: 131072  Batches: 32  Memory Usage: 2867kB
        ->  Seq Scan on title t  (cost=0.00..67604.59 rows=1668458 width=4) (actual time=0.018..1365.031 rows=1671292 loops=1)
              Filter: (production_year < 2008)
              Rows Removed by Filter: 857020
Planning time: 0.828 ms
Execution time: 7596.200 ms
