Hash Join  (cost=190230.21..319741.18 rows=1382555 width=0) (actual time=4488.945..8982.354 rows=5811988 loops=1)
  Hash Cond: (mk.movie_id = t.id)
  ->  Seq Scan on movie_keyword mk  (cost=0.00..81003.12 rows=2533144 width=4) (actual time=0.020..1680.338 rows=2526604 loops=1)
        Filter: (keyword_id < 6267)
        Rows Removed by Filter: 1997326
  ->  Hash  (cost=167588.78..167588.78 rows=1380035 width=8) (actual time=4487.974..4487.974 rows=1380035 loops=1)
        Buckets: 131072  Batches: 32  Memory Usage: 2726kB
        ->  Hash Join  (cost=102767.86..167588.78 rows=1380035 width=8) (actual time=1801.629..4069.755 rows=1380035 loops=1)
              Hash Cond: (mi_idx.movie_id = t.id)
              ->  Seq Scan on movie_info_idx mi_idx  (cost=0.00..21735.35 rows=1380035 width=4) (actual time=0.011..463.899 rows=1380035 loops=1)
              ->  Hash  (cost=61283.27..61283.27 rows=2528527 width=4) (actual time=1800.024..1800.024 rows=2528312 loops=1)
                    Buckets: 131072  Batches: 64  Memory Usage: 2415kB
                    ->  Seq Scan on title t  (cost=0.00..61283.27 rows=2528527 width=4) (actual time=0.014..977.718 rows=2528312 loops=1)
Planning time: 0.976 ms
Execution time: 9683.489 ms
