Seq Scan on movie_keyword mk  (cost=0.00..81003.12 rows=3168544 width=0) (actual time=0.029..1643.905 rows=3157571 loops=1)
  Filter: (keyword_id < 12233)
  Rows Removed by Filter: 1366359
Planning time: 0.319 ms
Execution time: 2050.399 ms
