Seq Scan on cast_info ci  (cost=0.00..705507.15 rows=432489 width=0) (actual time=7061.462..11482.927 rows=453945 loops=1)
  Filter: (person_id > 3975152)
  Rows Removed by Filter: 35790399
Planning time: 0.368 ms
Execution time: 11538.548 ms
