Hash Join  (cost=102767.86..1129681.29 rows=12946602 width=0) (actual time=1877.074..26171.042 rows=12906106 loops=1)
  Hash Cond: (ci.movie_id = t.id)
  ->  Seq Scan on cast_info ci  (cost=0.00..705507.15 rows=12946602 width=4) (actual time=0.022..13593.467 rows=12906106 loops=1)
        Filter: (person_id < 1274810)
        Rows Removed by Filter: 23338238
  ->  Hash  (cost=61283.27..61283.27 rows=2528527 width=4) (actual time=1876.266..1876.266 rows=2528312 loops=1)
        Buckets: 131072  Batches: 64  Memory Usage: 2415kB
        ->  Seq Scan on title t  (cost=0.00..61283.27 rows=2528527 width=4) (actual time=0.008..1044.772 rows=2528312 loops=1)
Planning time: 0.704 ms
Execution time: 27614.157 ms
