Hash Join  (cost=86650.76..1234600.59 rows=11111667 width=0) (actual time=1558.645..36599.345 rows=13000178 loops=1)
  Hash Cond: (ci.movie_id = t.id)
  ->  Seq Scan on cast_info ci  (cost=0.00..614943.12 rows=36225612 width=4) (actual time=0.022..13808.307 rows=36244344 loops=1)
  ->  Hash  (cost=73925.90..73925.90 rows=775588 width=4) (actual time=1557.575..1557.575 rows=838642 loops=1)
        Buckets: 131072  Batches: 16  Memory Usage: 2873kB
        ->  Seq Scan on title t  (cost=0.00..73925.90 rows=775588 width=4) (actual time=0.024..1198.325 rows=838642 loops=1)
              Filter: ((kind_id > 2) AND (production_year > 2004))
              Rows Removed by Filter: 1689670
Planning time: 0.747 ms
Execution time: 38044.500 ms
