Hash Join  (cost=79598.40..118958.39 rows=38088 width=144) (actual time=1894.135..2690.954 rows=38647 loops=1)
  Hash Cond: (mi_idx.movie_id = t.id)
  ->  Seq Scan on movie_info_idx mi_idx  (cost=0.00..25185.44 rows=460978 width=50) (actual time=0.022..501.933 rows=459925 loops=1)
        Filter: (info_type_id < 100)
        Rows Removed by Filter: 920110
  ->  Hash  (cost=73925.90..73925.90 rows=208920 width=94) (actual time=1893.828..1893.828 rows=183835 loops=1)
        Buckets: 32768  Batches: 8  Memory Usage: 2758kB
        ->  Seq Scan on title t  (cost=0.00..73925.90 rows=208920 width=94) (actual time=0.030..1532.522 rows=183835 loops=1)
              Filter: ((kind_id < 7) AND (production_year > 2009))
              Rows Removed by Filter: 2344477
Planning time: 0.945 ms
Execution time: 2694.807 ms
