Hash Join  (cost=84084.73..515365.45 rows=1444112 width=0) (actual time=1367.773..10539.403 rows=3226528 loops=1)
  Hash Cond: (mi.movie_id = t.id)
  ->  Seq Scan on movie_info mi  (cost=0.00..346232.03 rows=5897221 width=4) (actual time=0.024..5040.256 rows=5884963 loops=1)
        Filter: (info_type_id < 7)
        Rows Removed by Filter: 8950757
  ->  Hash  (cost=73925.90..73925.90 rows=619186 width=4) (actual time=1366.593..1366.593 rows=634771 loops=1)
        Buckets: 131072  Batches: 16  Memory Usage: 2427kB
        ->  Seq Scan on title t  (cost=0.00..73925.90 rows=619186 width=4) (actual time=0.016..1149.149 rows=634771 loops=1)
              Filter: ((kind_id < 3) AND (production_year < 2011))
              Rows Removed by Filter: 1893541
Planning time: 0.605 ms
Execution time: 10882.633 ms
