Hash Join  (cost=189476.23..321659.99 rows=835672 width=0) (actual time=3652.381..7429.174 rows=2538214 loops=1)
  Hash Cond: (mk.movie_id = t.id)
  ->  Seq Scan on movie_keyword mk  (cost=0.00..69693.30 rows=4523930 width=4) (actual time=0.031..1489.909 rows=4523930 loops=1)
  ->  Hash  (cost=181812.78..181812.78 rows=467076 width=8) (actual time=3492.800..3492.800 rows=157891 loops=1)
        Buckets: 131072  Batches: 8  Memory Usage: 1815kB
        ->  Hash Join  (cost=102767.86..181812.78 rows=467076 width=8) (actual time=2412.409..3439.440 rows=157891 loops=1)
              Hash Cond: (mc.movie_id = t.id)
              ->  Seq Scan on movie_companies mc  (cost=0.00..57926.93 rows=467076 width=4) (actual time=529.485..1008.037 rows=157891 loops=1)
                    Filter: ((company_id > 18080) AND (company_type_id = 1))
                    Rows Removed by Filter: 2451238
              ->  Hash  (cost=61283.27..61283.27 rows=2528527 width=4) (actual time=1880.817..1880.817 rows=2528312 loops=1)
                    Buckets: 131072  Batches: 64  Memory Usage: 2415kB
                    ->  Seq Scan on title t  (cost=0.00..61283.27 rows=2528527 width=4) (actual time=0.016..1027.896 rows=2528312 loops=1)
Planning time: 1.163 ms
Execution time: 7693.811 ms
