Hash Join  (cost=513038.35..1766268.16 rows=17035189 width=0) (actual time=9238.730..48288.891 rows=28277442 loops=1)
  Hash Cond: (ci.movie_id = t.id)
  ->  Seq Scan on cast_info ci  (cost=0.00..705507.15 rows=32185271 width=4) (actual time=0.025..16611.446 rows=32170158 loops=1)
        Filter: (person_id < 3309802)
        Rows Removed by Filter: 4074186
  ->  Hash  (cost=491081.45..491081.45 rows=1338312 width=8) (actual time=9237.450..9237.450 rows=1401902 loops=1)
        Buckets: 131072  Batches: 32  Memory Usage: 2687kB
        ->  Hash Join  (cost=102767.86..491081.45 rows=1338312 width=8) (actual time=1987.658..8832.859 rows=1401902 loops=1)
              Hash Cond: (mi.movie_id = t.id)
              ->  Seq Scan on movie_info mi  (cost=0.00..346232.03 rows=1338312 width=4) (actual time=0.011..5359.604 rows=1401902 loops=1)
                    Filter: (info_type_id = 7)
                    Rows Removed by Filter: 13433818
              ->  Hash  (cost=61283.27..61283.27 rows=2528527 width=4) (actual time=1986.780..1986.780 rows=2528312 loops=1)
                    Buckets: 131072  Batches: 64  Memory Usage: 2425kB
                    ->  Seq Scan on title t  (cost=0.00..61283.27 rows=2528527 width=4) (actual time=0.013..1123.636 rows=2528312 loops=1)
Planning time: 1.105 ms
Execution time: 51311.266 ms
