Hash Join  (cost=296349.38..978415.94 rows=15502384 width=0) (actual time=6457.444..23065.405 rows=13356514 loops=1)
  Hash Cond: (mi.movie_id = t.id)
  ->  Seq Scan on movie_info mi  (cost=0.00..309384.22 rows=14739122 width=4) (actual time=0.021..6049.837 rows=14835720 loops=1)
  ->  Hash  (cost=252717.05..252717.05 rows=2659466 width=8) (actual time=6444.520..6444.520 rows=1169632 loops=1)
        Buckets: 131072  Batches: 64  Memory Usage: 1730kB
        ->  Hash Join  (cost=98313.35..252717.05 rows=2659466 width=8) (actual time=1971.283..6086.309 rows=1169632 loops=1)
              Hash Cond: (mk.movie_id = t.id)
              ->  Seq Scan on movie_keyword mk  (cost=0.00..69693.30 rows=4523930 width=4) (actual time=0.022..1490.924 rows=4523930 loops=1)
              ->  Hash  (cost=73925.90..73925.90 rows=1486436 width=4) (actual time=1969.226..1969.226 rows=1580984 loops=1)
                    Buckets: 131072  Batches: 32  Memory Usage: 2772kB
                    ->  Seq Scan on title t  (cost=0.00..73925.90 rows=1486436 width=4) (actual time=0.026..1424.066 rows=1580984 loops=1)
                          Filter: ((kind_id > 3) AND (production_year > 1956))
                          Rows Removed by Filter: 947328
Planning time: 1.119 ms
Execution time: 24591.185 ms
