Hash Join  (cost=101143.50..161596.71 rows=1790 width=0) (actual time=1675.930..2798.987 rows=10025 loops=1)
  Hash Cond: (mc.movie_id = t.id)
  ->  Seq Scan on movie_companies mc  (cost=0.00..57926.93 rows=668903 width=4) (actual time=0.019..1040.502 rows=443036 loops=1)
        Filter: ((company_id > 11141) AND (company_type_id < 2))
        Rows Removed by Filter: 2166093
  ->  Hash  (cost=101058.95..101058.95 rows=6764 width=8) (actual time=1675.606..1675.606 rows=9964 loops=1)
        Buckets: 16384 (originally 8192)  Batches: 1 (originally 1)  Memory Usage: 518kB
        ->  Hash Join  (cost=74080.83..101058.95 rows=6764 width=8) (actual time=1110.882..1671.514 rows=9964 loops=1)
              Hash Cond: (mi_idx.movie_id = t.id)
              ->  Seq Scan on movie_info_idx mi_idx  (cost=0.00..21735.35 rows=1380035 width=4) (actual time=0.027..264.665 rows=1380035 loops=1)
              ->  Hash  (cost=73925.90..73925.90 rows=12394 width=4) (actual time=1110.740..1110.740 rows=7075 loops=1)
                    Buckets: 16384  Batches: 1  Memory Usage: 377kB
                    ->  Seq Scan on title t  (cost=0.00..73925.90 rows=12394 width=4) (actual time=0.038..1107.380 rows=7075 loops=1)
                          Filter: ((kind_id < 2) AND (production_year = 1998))
                          Rows Removed by Filter: 2521237
Planning time: 1.063 ms
Execution time: 2800.715 ms
