Hash Join  (cost=190230.21..315132.75 rows=1234819 width=0) (actual time=4270.870..8206.175 rows=5169285 loops=1)
  Hash Cond: (mk.movie_id = t.id)
  ->  Seq Scan on movie_keyword mk  (cost=0.00..81003.12 rows=2262460 width=4) (actual time=0.016..1592.938 rows=2265781 loops=1)
        Filter: (keyword_id < 4726)
        Rows Removed by Filter: 2258149
  ->  Hash  (cost=167588.78..167588.78 rows=1380035 width=8) (actual time=4269.250..4269.250 rows=1380035 loops=1)
        Buckets: 131072  Batches: 32  Memory Usage: 2726kB
        ->  Hash Join  (cost=102767.86..167588.78 rows=1380035 width=8) (actual time=1853.758..3851.112 rows=1380035 loops=1)
              Hash Cond: (mi_idx.movie_id = t.id)
              ->  Seq Scan on movie_info_idx mi_idx  (cost=0.00..21735.35 rows=1380035 width=4) (actual time=0.023..455.590 rows=1380035 loops=1)
              ->  Hash  (cost=61283.27..61283.27 rows=2528527 width=4) (actual time=1852.521..1852.521 rows=2528312 loops=1)
                    Buckets: 131072  Batches: 64  Memory Usage: 2415kB
                    ->  Seq Scan on title t  (cost=0.00..61283.27 rows=2528527 width=4) (actual time=0.028..1063.147 rows=2528312 loops=1)
Planning time: 1.144 ms
Execution time: 8759.539 ms
