Hash Join  (cost=218255.19..266981.15 rows=643048 width=0) (actual time=5090.357..6758.514 rows=2073622 loops=1)
  Hash Cond: (mi_idx.movie_id = t.id)
  ->  Seq Scan on movie_info_idx mi_idx  (cost=0.00..21735.35 rows=1380035 width=4) (actual time=0.025..391.388 rows=1380035 loops=1)
  ->  Hash  (cost=198924.62..198924.62 rows=1178205 width=8) (actual time=5089.385..5089.385 rows=1110454 loops=1)
        Buckets: 131072  Batches: 16  Memory Usage: 3710kB
        ->  Hash Join  (cost=102767.86..198924.62 rows=1178205 width=8) (actual time=2088.952..4495.048 rows=1110454 loops=1)
              Hash Cond: (mc.movie_id = t.id)
              ->  Seq Scan on movie_companies mc  (cost=0.00..57926.93 rows=1178205 width=4) (actual time=109.045..1187.409 rows=1110454 loops=1)
                    Filter: ((company_id > 67) AND (company_type_id < 2))
                    Rows Removed by Filter: 1498675
              ->  Hash  (cost=61283.27..61283.27 rows=2528527 width=4) (actual time=1977.655..1977.655 rows=2528312 loops=1)
                    Buckets: 131072  Batches: 64  Memory Usage: 2415kB
                    ->  Seq Scan on title t  (cost=0.00..61283.27 rows=2528527 width=4) (actual time=0.018..1143.541 rows=2528312 loops=1)
Planning time: 1.204 ms
Execution time: 6993.323 ms
