Hash Join  (cost=89678.24..585213.93 rows=3598250 width=0) (actual time=1794.993..16006.599 rows=7588771 loops=1)
  Hash Cond: (mi.movie_id = t.id)
  ->  Seq Scan on movie_info mi  (cost=0.00..346232.03 rows=9476311 width=4) (actual time=0.023..6946.732 rows=9565151 loops=1)
        Filter: (info_type_id < 16)
        Rows Removed by Filter: 5270569
  ->  Hash  (cost=73925.90..73925.90 rows=960107 width=4) (actual time=1794.072..1794.072 rows=977778 loops=1)
        Buckets: 131072  Batches: 16  Memory Usage: 3181kB
        ->  Seq Scan on title t  (cost=0.00..73925.90 rows=960107 width=4) (actual time=0.033..1208.494 rows=977778 loops=1)
              Filter: ((kind_id < 7) AND (production_year > 0))
              Rows Removed by Filter: 1550534
Planning time: 0.809 ms
Execution time: 16915.653 ms
