Hash Join  (cost=922843.51..990719.56 rows=161109 width=0) (actual time=18419.239..19937.957 rows=248175 loops=1)
  Hash Cond: (mc.movie_id = t.id)
  ->  Seq Scan on movie_companies mc  (cost=0.00..51404.11 rows=1167160 width=4) (actual time=0.017..927.676 rows=1160899 loops=1)
        Filter: (company_id < 9557)
        Rows Removed by Filter: 1448230
  ->  Hash  (cost=917116.69..917116.69 rows=349025 width=8) (actual time=18418.295..18418.295 rows=161114 loops=1)
        Buckets: 131072  Batches: 8  Memory Usage: 1810kB
        ->  Hash Join  (cost=102767.86..917116.69 rows=349025 width=8) (actual time=6092.568..18368.241 rows=161114 loops=1)
              Hash Cond: (ci.movie_id = t.id)
              ->  Seq Scan on cast_info ci  (cost=0.00..796071.18 rows=349025 width=4) (actual time=4070.117..15814.928 rows=161114 loops=1)
                    Filter: ((person_id < 4037802) AND (role_id > 10))
                    Rows Removed by Filter: 36083230
              ->  Hash  (cost=61283.27..61283.27 rows=2528527 width=4) (actual time=2021.286..2021.286 rows=2528312 loops=1)
                    Buckets: 131072  Batches: 64  Memory Usage: 2415kB
                    ->  Seq Scan on title t  (cost=0.00..61283.27 rows=2528527 width=4) (actual time=0.034..1191.100 rows=2528312 loops=1)
Planning time: 1.184 ms
Execution time: 19969.608 ms
