Hash Join  (cost=67697.55..94648.62 rows=4059 width=0) (actual time=1134.737..1755.667 rows=7484 loops=1)
  Hash Cond: (mi_idx.movie_id = t.id)
  ->  Seq Scan on movie_info_idx mi_idx  (cost=0.00..21735.35 rows=1380035 width=4) (actual time=0.024..326.980 rows=1380035 loops=1)
  ->  Hash  (cost=67604.59..67604.59 rows=7437 width=4) (actual time=1134.485..1134.485 rows=11073 loops=1)
        Buckets: 16384 (originally 8192)  Batches: 1 (originally 1)  Memory Usage: 518kB
        ->  Seq Scan on title t  (cost=0.00..67604.59 rows=7437 width=4) (actual time=0.047..1128.917 rows=11073 loops=1)
              Filter: (production_year = 1961)
              Rows Removed by Filter: 2517239
Planning time: 1.703 ms
Execution time: 1756.945 ms
