Hash Join  (cost=102767.86..1644140.66 rows=34326748 width=0) (actual time=1971.510..45495.061 rows=34403500 loops=1)
  Hash Cond: (ci.movie_id = t.id)
  ->  Seq Scan on cast_info ci  (cost=0.00..705507.15 rows=34326748 width=4) (actual time=0.006..16395.350 rows=34403500 loops=1)
        Filter: (person_id > 181507)
        Rows Removed by Filter: 1840844
  ->  Hash  (cost=61283.27..61283.27 rows=2528527 width=4) (actual time=1970.862..1970.862 rows=2528312 loops=1)
        Buckets: 131072  Batches: 64  Memory Usage: 2415kB
        ->  Seq Scan on title t  (cost=0.00..61283.27 rows=2528527 width=4) (actual time=0.007..1118.465 rows=2528312 loops=1)
Planning time: 0.529 ms
Execution time: 49245.051 ms
