Hash Join  (cost=550583.33..1951023.56 rows=28181246 width=0) (actual time=10633.165..55579.557 rows=28523880 loops=1)
  Hash Cond: (ci.movie_id = t.id)
  ->  Seq Scan on cast_info ci  (cost=0.00..705507.15 rows=31554923 width=4) (actual time=0.025..17146.466 rows=31605208 loops=1)
        Filter: (role_id < 10)
        Rows Removed by Filter: 4639136
  ->  Hash  (cost=513533.94..513533.94 rows=2258191 width=8) (actual time=10632.076..10632.076 rows=1953122 loops=1)
        Buckets: 131072  Batches: 32  Memory Usage: 3407kB
        ->  Hash Join  (cost=98137.04..513533.94 rows=2258191 width=8) (actual time=5526.506..10072.368 rows=1953122 loops=1)
              Hash Cond: (mi.movie_id = t.id)
              ->  Seq Scan on movie_info mi  (cost=0.00..346232.03 rows=3068194 width=4) (actual time=3613.775..5673.056 rows=3036719 loops=1)
                    Filter: (info_type_id = 16)
                    Rows Removed by Filter: 11799001
              ->  Hash  (cost=67604.59..67604.59 rows=1860996 width=4) (actual time=1911.190..1911.190 rows=1865487 loops=1)
                    Buckets: 131072  Batches: 32  Memory Usage: 3085kB
                    ->  Seq Scan on title t  (cost=0.00..67604.59 rows=1860996 width=4) (actual time=0.025..1296.335 rows=1865487 loops=1)
                          Filter: (kind_id > 1)
                          Rows Removed by Filter: 662825
Planning time: 1.645 ms
Execution time: 58740.346 ms
