Hash Join  (cost=73950.44..160619.86 rows=1171 width=0) (actual time=1180.615..2742.814 rows=8838 loops=1)
  Hash Cond: (mk.movie_id = t.id)
  ->  Seq Scan on movie_keyword mk  (cost=0.00..81003.12 rows=1507888 width=4) (actual time=0.020..1351.293 rows=1526144 loops=1)
        Filter: (keyword_id > 10512)
        Rows Removed by Filter: 2997786
  ->  Hash  (cost=73925.90..73925.90 rows=1963 width=4) (actual time=1155.043..1155.043 rows=4455 loops=1)
        Buckets: 8192 (originally 2048)  Batches: 1 (originally 1)  Memory Usage: 221kB
        ->  Seq Scan on title t  (cost=0.00..73925.90 rows=1963 width=4) (actual time=0.270..1152.840 rows=4455 loops=1)
              Filter: ((kind_id = 1) AND (production_year = 1983))
              Rows Removed by Filter: 2523857
Planning time: 0.718 ms
Execution time: 2744.234 ms
