Hash Join  (cost=81720.25..169519.66 rows=751081 width=0) (actual time=1447.210..4011.541 rows=1373864 loops=1)
  Hash Cond: (mc.movie_id = t.id)
  ->  Seq Scan on movie_companies mc  (cost=0.00..51404.11 rows=2207331 width=4) (actual time=0.020..1013.995 rows=2203082 loops=1)
        Filter: (company_id < 81498)
        Rows Removed by Filter: 406047
  ->  Hash  (cost=67604.59..67604.59 rows=860373 width=4) (actual time=1446.391..1446.391 rows=854214 loops=1)
        Buckets: 131072  Batches: 16  Memory Usage: 2897kB
        ->  Seq Scan on title t  (cost=0.00..67604.59 rows=860373 width=4) (actual time=0.017..1183.855 rows=854214 loops=1)
              Filter: (kind_id < 4)
              Rows Removed by Filter: 1674098
Planning time: 0.550 ms
Execution time: 4166.119 ms
