Hash Join  (cost=219197.63..1274140.49 rows=8317661 width=0) (actual time=4635.947..27339.575 rows=7231594 loops=1)
  Hash Cond: (ci.movie_id = t.id)
  ->  Seq Scan on cast_info ci  (cost=0.00..796071.18 rows=13228014 width=4) (actual time=0.026..16248.518 rows=9385497 loops=1)
        Filter: ((person_id < 2987682) AND (role_id > 2))
        Rows Removed by Filter: 26858847
  ->  Hash  (cost=193112.68..193112.68 rows=1589916 width=8) (actual time=4634.512..4634.512 rows=717308 loops=1)
        Buckets: 131072  Batches: 32  Memory Usage: 1871kB
        ->  Hash Join  (cost=92883.59..193112.68 rows=1589916 width=8) (actual time=1980.665..4423.686 rows=717308 loops=1)
              Hash Cond: (mc.movie_id = t.id)
              ->  Seq Scan on movie_companies mc  (cost=0.00..44881.29 rows=2609129 width=4) (actual time=0.025..903.648 rows=2609129 loops=1)
              ->  Hash  (cost=67604.59..67604.59 rows=1540800 width=4) (actual time=1777.918..1777.918 rows=1543264 loops=1)
                    Buckets: 131072  Batches: 32  Memory Usage: 2722kB
                    ->  Seq Scan on title t  (cost=0.00..67604.59 rows=1540800 width=4) (actual time=0.026..1300.057 rows=1543264 loops=1)
                          Filter: (kind_id = 7)
                          Rows Removed by Filter: 985048
Planning time: 3.413 ms
Execution time: 28115.756 ms
