Hash Join  (cost=156209.36..224704.41 rows=205926 width=0) (actual time=3558.361..5808.405 rows=657410 loops=1)
  Hash Cond: (mc.movie_id = t.id)
  ->  Seq Scan on movie_companies mc  (cost=0.00..51404.11 rows=1146580 width=4) (actual time=0.009..945.664 rows=1143020 loops=1)
        Filter: (company_id < 8693)
        Rows Removed by Filter: 1466109
  ->  Hash  (cost=148758.81..148758.81 rows=454124 width=8) (actual time=3557.535..3557.535 rows=459925 loops=1)
        Buckets: 131072  Batches: 8  Memory Usage: 3275kB
        ->  Hash Join  (cost=102767.86..148758.81 rows=454124 width=8) (actual time=2065.966..3419.637 rows=459925 loops=1)
              Hash Cond: (mi_idx.movie_id = t.id)
              ->  Seq Scan on movie_info_idx mi_idx  (cost=0.00..25185.44 rows=454124 width=4) (actual time=0.028..510.557 rows=459925 loops=1)
                    Filter: (info_type_id = 100)
                    Rows Removed by Filter: 920110
              ->  Hash  (cost=61283.27..61283.27 rows=2528527 width=4) (actual time=2064.996..2064.996 rows=2528312 loops=1)
                    Buckets: 131072  Batches: 64  Memory Usage: 2415kB
                    ->  Seq Scan on title t  (cost=0.00..61283.27 rows=2528527 width=4) (actual time=0.011..1224.500 rows=2528312 loops=1)
Planning time: 1.125 ms
Execution time: 5894.324 ms
