Hash Join  (cost=122285.44..487083.65 rows=14231 width=0) (actual time=1338.612..8627.760 rows=99161 loops=1)
  Hash Cond: (mi.movie_id = t.id)
  ->  Seq Scan on movie_info mi  (cost=0.00..309384.22 rows=14739122 width=4) (actual time=0.026..4286.799 rows=14835720 loops=1)
  ->  Hash  (cost=122254.92..122254.92 rows=2441 width=8) (actual time=1338.271..1338.271 rows=3361 loops=1)
        Buckets: 4096  Batches: 1  Memory Usage: 164kB
        ->  Nested Loop  (cost=0.43..122254.92 rows=2441 width=8) (actual time=0.290..1336.322 rows=3361 loops=1)
              ->  Seq Scan on movie_keyword mk  (cost=0.00..81003.12 rows=5730 width=4) (actual time=0.242..1196.564 rows=4517 loops=1)
                    Filter: (keyword_id = 115)
                    Rows Removed by Filter: 4519413
              ->  Index Scan using title_pkey on title t  (cost=0.43..7.19 rows=1 width=4) (actual time=0.030..0.030 rows=1 loops=4517)
                    Index Cond: (id = mk.movie_id)
                    Filter: (production_year < 2001)
                    Rows Removed by Filter: 0
Planning time: 1.182 ms
Execution time: 8643.531 ms
