Seq Scan on cast_info ci  (cost=0.00..705507.15 rows=500 width=0) (actual time=1124.223..10961.480 rows=1 loops=1)
  Filter: (person_id = 3270902)
  Rows Removed by Filter: 36244343
Planning time: 9.645 ms
Execution time: 10961.569 ms
