Hash Join  (cost=178345.96..1264138.71 rows=5060958 width=0) (actual time=3563.592..35983.334 rows=8960512 loops=1)
  Hash Cond: (ci.movie_id = t.id)
  ->  Seq Scan on cast_info ci  (cost=0.00..614943.12 rows=36225612 width=4) (actual time=0.014..12856.945 rows=36244344 loops=1)
  ->  Hash  (cost=172550.32..172550.32 rows=353252 width=8) (actual time=3562.641..3562.641 rows=357887 loops=1)
        Buckets: 131072  Batches: 8  Memory Usage: 2784kB
        ->  Hash Join  (cost=102767.86..172550.32 rows=353252 width=8) (actual time=1935.129..3453.745 rows=357887 loops=1)
              Hash Cond: (mc.movie_id = t.id)
              ->  Seq Scan on movie_companies mc  (cost=0.00..51404.11 rows=353252 width=4) (actual time=65.565..795.676 rows=357887 loops=1)
                    Filter: (company_id > 87314)
                    Rows Removed by Filter: 2251242
              ->  Hash  (cost=61283.27..61283.27 rows=2528527 width=4) (actual time=1867.610..1867.610 rows=2528312 loops=1)
                    Buckets: 131072  Batches: 64  Memory Usage: 2415kB
                    ->  Seq Scan on title t  (cost=0.00..61283.27 rows=2528527 width=4) (actual time=0.017..1019.158 rows=2528312 loops=1)
Planning time: 1.136 ms
Execution time: 37053.110 ms
