Hash Join  (cost=69283.60..170118.71 rows=65706 width=0) (actual time=1155.865..3051.719 rows=78744 loops=1)
  Hash Cond: (mk.movie_id = t.id)
  ->  Seq Scan on movie_keyword mk  (cost=0.00..81003.12 rows=1623713 width=4) (actual time=0.023..1429.520 rows=1633056 loops=1)
        Filter: (keyword_id > 9088)
        Rows Removed by Filter: 2890874
  ->  Hash  (cost=67604.59..67604.59 rows=102321 width=4) (actual time=1082.174..1082.174 rows=100537 loops=1)
        Buckets: 131072  Batches: 2  Memory Usage: 2803kB
        ->  Seq Scan on title t  (cost=0.00..67604.59 rows=102321 width=4) (actual time=36.643..1045.120 rows=100537 loops=1)
              Filter: (kind_id = 3)
              Rows Removed by Filter: 2427775
Planning time: 0.761 ms
Execution time: 3062.314 ms
