Seq Scan on movie_keyword mk  (cost=0.00..81003.12 rows=1244626 width=0) (actual time=0.027..1297.455 rows=1257132 loops=1)
  Filter: (keyword_id > 14295)
  Rows Removed by Filter: 3266798
Planning time: 0.288 ms
Execution time: 1450.550 ms
