Hash Join  (cost=508567.53..641854.87 rows=1476995 width=0) (actual time=11085.426..12293.935 rows=784841 loops=1)
  Hash Cond: (mk.movie_id = t.id)
  ->  Seq Scan on movie_keyword mk  (cost=0.00..81003.12 rows=2792603 width=4) (actual time=0.029..1696.999 rows=2782086 loops=1)
        Filter: (keyword_id > 2845)
        Rows Removed by Filter: 1741844
  ->  Hash  (cost=486626.96..486626.96 rows=1337326 width=8) (actual time=8949.606..8949.606 rows=370692 loops=1)
        Buckets: 131072  Batches: 32  Memory Usage: 1468kB
        ->  Hash Join  (cost=92883.59..486626.96 rows=1337326 width=8) (actual time=2874.413..8835.081 rows=370692 loops=1)
              Hash Cond: (mi.movie_id = t.id)
              ->  Seq Scan on movie_info mi  (cost=0.00..346232.03 rows=2194617 width=4) (actual time=1001.183..5551.080 rows=2233850 loops=1)
                    Filter: (info_type_id > 16)
                    Rows Removed by Filter: 12601870
              ->  Hash  (cost=67604.59..67604.59 rows=1540800 width=4) (actual time=1858.815..1858.815 rows=1543264 loops=1)
                    Buckets: 131072  Batches: 32  Memory Usage: 2728kB
                    ->  Seq Scan on title t  (cost=0.00..67604.59 rows=1540800 width=4) (actual time=284.359..1348.824 rows=1543264 loops=1)
                          Filter: (kind_id = 7)
                          Rows Removed by Filter: 985048
Planning time: 7.199 ms
Execution time: 12376.699 ms
