Nested Loop  (cost=0.43..83071.67 rows=246 width=0) (actual time=31.440..1168.233 rows=37 loops=1)
  ->  Seq Scan on movie_keyword mk  (cost=0.00..81003.12 rows=246 width=4) (actual time=31.333..1166.611 rows=37 loops=1)
        Filter: (keyword_id = 28301)
        Rows Removed by Filter: 4523893
  ->  Index Only Scan using title_pkey on title t  (cost=0.43..8.40 rows=1 width=4) (actual time=0.038..0.039 rows=1 loops=37)
        Index Cond: (id = mk.movie_id)
        Heap Fetches: 37
Planning time: 0.762 ms
Execution time: 1168.322 ms
