Seq Scan on movie_keyword mk  (cost=0.00..81003.12 rows=246 width=0) (actual time=410.167..1006.415 rows=39 loops=1)
  Filter: (keyword_id = 50977)
  Rows Removed by Filter: 4523891
Planning time: 0.371 ms
Execution time: 1006.500 ms
