Nested Loop  (cost=0.43..83072.90 rows=85 width=0) (actual time=2.622..1373.045 rows=24 loops=1)
  ->  Seq Scan on movie_keyword mk  (cost=0.00..81003.12 rows=246 width=4) (actual time=2.575..1344.722 rows=374 loops=1)
        Filter: (keyword_id = 2843)
        Rows Removed by Filter: 4523556
  ->  Index Scan using title_pkey on title t  (cost=0.43..8.40 rows=1 width=4) (actual time=0.073..0.073 rows=0 loops=374)
        Index Cond: (id = mk.movie_id)
        Filter: ((kind_id > 1) AND (production_year > 2003))
        Rows Removed by Filter: 1
Planning time: 0.721 ms
Execution time: 1373.187 ms
