Seq Scan on movie_keyword mk  (cost=0.00..81003.12 rows=1340451 width=0) (actual time=0.023..1367.108 rows=1358763 loops=1)
  Filter: (keyword_id < 1769)
  Rows Removed by Filter: 3165167
Planning time: 0.322 ms
Execution time: 1539.918 ms
