Hash Join  (cost=145016.60..1204910.39 rows=2539763 width=0) (actual time=3007.849..39511.080 rows=9934803 loops=1)
  Hash Cond: (ci.movie_id = t.id)
  ->  Seq Scan on cast_info ci  (cost=0.00..614943.12 rows=36225612 width=4) (actual time=0.019..13513.072 rows=36244344 loops=1)
  ->  Hash  (cost=142107.67..142107.67 rows=177274 width=8) (actual time=3007.282..3007.282 rows=373436 loops=1)
        Buckets: 131072 (originally 131072)  Batches: 8 (originally 4)  Memory Usage: 3073kB
        ->  Hash Join  (cost=78556.72..142107.67 rows=177274 width=8) (actual time=1507.922..2894.459 rows=373436 loops=1)
              Hash Cond: (mc.movie_id = t.id)
              ->  Seq Scan on movie_companies mc  (cost=0.00..51404.11 rows=671492 width=4) (actual time=0.020..915.978 rows=676372 loops=1)
                    Filter: (company_id > 49344)
                    Rows Removed by Filter: 1932757
              ->  Hash  (cost=67604.59..67604.59 rows=667531 width=4) (actual time=1400.354..1400.354 rows=662825 loops=1)
                    Buckets: 131072  Batches: 16  Memory Usage: 2476kB
                    ->  Seq Scan on title t  (cost=0.00..67604.59 rows=667531 width=4) (actual time=0.019..1201.348 rows=662825 loops=1)
                          Filter: (kind_id = 1)
                          Rows Removed by Filter: 1865487
Planning time: 0.788 ms
Execution time: 40589.817 ms
