Hash Join  (cost=468072.59..1587146.03 rows=8300624 width=0) (actual time=9381.850..64810.356 rows=103241892 loops=1)
  Hash Cond: (ci.movie_id = t.id)
  ->  Seq Scan on cast_info ci  (cost=0.00..614943.12 rows=36225612 width=4) (actual time=0.013..13863.987 rows=36244344 loops=1)
  ->  Hash  (cost=458566.35..458566.35 rows=579379 width=8) (actual time=9380.912..9380.912 rows=1545912 loops=1)
        Buckets: 131072 (originally 131072)  Batches: 32 (originally 8)  Memory Usage: 3073kB
        ->  Hash Join  (cost=78556.72..458566.35 rows=579379 width=8) (actual time=1366.091..8914.374 rows=1545912 loops=1)
              Hash Cond: (mi.movie_id = t.id)
              ->  Seq Scan on movie_info mi  (cost=0.00..346232.03 rows=2194617 width=4) (actual time=0.026..5906.604 rows=2233850 loops=1)
                    Filter: (info_type_id > 16)
                    Rows Removed by Filter: 12601870
              ->  Hash  (cost=67604.59..67604.59 rows=667531 width=4) (actual time=1365.151..1365.151 rows=662825 loops=1)
                    Buckets: 131072  Batches: 16  Memory Usage: 2485kB
                    ->  Seq Scan on title t  (cost=0.00..67604.59 rows=667531 width=4) (actual time=303.809..1151.867 rows=662825 loops=1)
                          Filter: (kind_id < 2)
                          Rows Removed by Filter: 1865487
Planning time: 1.212 ms
Execution time: 75852.778 ms
