Hash Join  (cost=97151.21..237631.78 rows=1759929 width=0) (actual time=2007.940..5806.325 rows=950740 loops=1)
  Hash Cond: (mk.movie_id = t.id)
  ->  Seq Scan on movie_keyword mk  (cost=0.00..81003.12 rows=3143510 width=4) (actual time=0.021..1755.742 rows=3130241 loops=1)
        Filter: (keyword_id > 1880)
        Rows Removed by Filter: 1393689
  ->  Hash  (cost=73925.90..73925.90 rows=1415624 width=4) (actual time=2005.333..2005.333 rows=1398720 loops=1)
        Buckets: 131072  Batches: 32  Memory Usage: 2566kB
        ->  Seq Scan on title t  (cost=0.00..73925.90 rows=1415624 width=4) (actual time=0.023..1531.392 rows=1398720 loops=1)
              Filter: ((kind_id > 1) AND (production_year < 2010))
              Rows Removed by Filter: 1129592
Planning time: 0.810 ms
Execution time: 5920.719 ms
