Hash Join  (cost=132224.51..632174.67 rows=1887821 width=0) (actual time=2582.663..14514.675 rows=1707015 loops=1)
  Hash Cond: (mi.movie_id = t.id)
  ->  Seq Scan on movie_info mi  (cost=0.00..309384.22 rows=14739122 width=4) (actual time=0.022..5066.951 rows=14835720 loops=1)
  ->  Hash  (cost=126910.26..126910.26 rows=323860 width=8) (actual time=2580.184..2580.184 rows=177228 loops=1)
        Buckets: 131072  Batches: 8  Memory Usage: 1902kB
        ->  Hash Join  (cost=83661.18..126910.26 rows=323860 width=8) (actual time=1299.571..2521.791 rows=177228 loops=1)
              Hash Cond: (mi_idx.movie_id = t.id)
              ->  Seq Scan on movie_info_idx mi_idx  (cost=0.00..21735.35 rows=1380035 width=4) (actual time=0.025..459.018 rows=1380035 loops=1)
              ->  Hash  (cost=73925.90..73925.90 rows=593382 width=4) (actual time=1298.693..1298.693 rows=486368 loops=1)
                    Buckets: 131072  Batches: 8  Memory Usage: 3147kB
                    ->  Seq Scan on title t  (cost=0.00..73925.90 rows=593382 width=4) (actual time=0.028..1143.494 rows=486368 loops=1)
                          Filter: ((production_year < 1999) AND (kind_id = 7))
                          Rows Removed by Filter: 2041944
Planning time: 1.136 ms
Execution time: 14680.795 ms
