Hash Join  (cost=98137.04..181530.57 rows=663865 width=0) (actual time=1825.070..4197.866 rows=593081 loops=1)
  Hash Cond: (mc.movie_id = t.id)
  ->  Seq Scan on movie_companies mc  (cost=0.00..57926.93 rows=901990 width=4) (actual time=0.024..1243.908 rows=1212009 loops=1)
        Filter: ((company_id < 33294) AND (company_type_id = 1))
        Rows Removed by Filter: 1397120
  ->  Hash  (cost=67604.59..67604.59 rows=1860996 width=4) (actual time=1823.793..1823.793 rows=1865487 loops=1)
        Buckets: 131072  Batches: 32  Memory Usage: 3079kB
        ->  Seq Scan on title t  (cost=0.00..67604.59 rows=1860996 width=4) (actual time=0.018..1237.834 rows=1865487 loops=1)
              Filter: (kind_id > 1)
              Rows Removed by Filter: 662825
Planning time: 0.809 ms
Execution time: 4271.624 ms
