Hash Join  (cost=75533.21..178838.05 rows=71049 width=0) (actual time=2387.006..3369.562 rows=17487 loops=1)
  Hash Cond: (mk.movie_id = t.id)
  ->  Seq Scan on movie_keyword mk  (cost=0.00..81003.12 rows=1834195 width=4) (actual time=0.035..1517.001 rows=1842944 loops=1)
        Filter: (keyword_id < 3052)
        Rows Removed by Filter: 2680986
  ->  Hash  (cost=73925.90..73925.90 rows=97944 width=4) (actual time=1256.833..1256.833 rows=106247 loops=1)
        Buckets: 131072  Batches: 2  Memory Usage: 2896kB
        ->  Seq Scan on title t  (cost=0.00..73925.90 rows=97944 width=4) (actual time=204.842..1215.860 rows=106247 loops=1)
              Filter: ((kind_id = 7) AND (production_year = 2011))
              Rows Removed by Filter: 2422065
Planning time: 0.847 ms
Execution time: 3371.907 ms
