Hash Join  (cost=73962.22..425265.25 rows=1549 width=0) (actual time=5122.919..6942.115 rows=1825 loops=1)
  Hash Cond: (mi.movie_id = t.id)
  ->  Seq Scan on movie_info mi  (cost=0.00..346232.03 rows=1348138 width=4) (actual time=3687.060..5556.690 rows=1298989 loops=1)
        Filter: (info_type_id = 4)
        Rows Removed by Filter: 13536731
  ->  Hash  (cost=73925.90..73925.90 rows=2905 width=4) (actual time=1175.260..1175.260 rows=3613 loops=1)
        Buckets: 4096  Batches: 1  Memory Usage: 160kB
        ->  Seq Scan on title t  (cost=0.00..73925.90 rows=2905 width=4) (actual time=509.125..1173.359 rows=3613 loops=1)
              Filter: ((kind_id < 7) AND (production_year = 1919))
              Rows Removed by Filter: 2524699
Planning time: 0.741 ms
Execution time: 6942.570 ms
