Hash Join  (cost=102767.86..190431.06 rows=825247 width=0) (actual time=2222.074..4150.204 rows=516104 loops=1)
  Hash Cond: (mc.movie_id = t.id)
  ->  Seq Scan on movie_companies mc  (cost=0.00..57926.93 rows=825247 width=4) (actual time=343.500..1020.859 rows=516104 loops=1)
        Filter: ((company_id < 16708) AND (company_type_id = 2))
        Rows Removed by Filter: 2093025
  ->  Hash  (cost=61283.27..61283.27 rows=2528527 width=4) (actual time=1877.239..1877.239 rows=2528312 loops=1)
        Buckets: 131072  Batches: 64  Memory Usage: 2415kB
        ->  Seq Scan on title t  (cost=0.00..61283.27 rows=2528527 width=4) (actual time=0.022..1039.867 rows=2528312 loops=1)
Planning time: 9.312 ms
Execution time: 4203.770 ms
