Seq Scan on movie_keyword mk  (cost=0.00..81003.12 rows=2249271 width=0) (actual time=0.025..1618.221 rows=2249165 loops=1)
  Filter: (keyword_id > 4799)
  Rows Removed by Filter: 2274765
Planning time: 0.359 ms
Execution time: 1903.366 ms
