Seq Scan on cast_info ci  (cost=0.00..796071.18 rows=2672989 width=0) (actual time=1672.365..14640.025 rows=859444 loops=1)
  Filter: ((person_id < 2268197) AND (role_id = 10))
  Rows Removed by Filter: 35384900
Planning time: 0.427 ms
Execution time: 14754.757 ms
