Hash Join  (cost=81282.57..114276.25 rows=80528 width=0) (actual time=1287.035..1998.065 rows=40539 loops=1)
  Hash Cond: (mi_idx.movie_id = t.id)
  ->  Seq Scan on movie_info_idx mi_idx  (cost=0.00..25185.44 rows=454124 width=4) (actual time=0.026..443.846 rows=459925 loops=1)
        Filter: (info_type_id = 100)
        Rows Removed by Filter: 920110
  ->  Hash  (cost=73925.90..73925.90 rows=448373 width=4) (actual time=1286.118..1286.118 rows=329492 loops=1)
        Buckets: 131072  Batches: 8  Memory Usage: 2461kB
        ->  Seq Scan on title t  (cost=0.00..73925.90 rows=448373 width=4) (actual time=0.011..1182.152 rows=329492 loops=1)
              Filter: ((production_year < 1992) AND (kind_id = 7))
              Rows Removed by Filter: 2198820
Planning time: 0.560 ms
Execution time: 2002.938 ms
