Hash Join  (cost=107308.20..287716.18 rows=4329703 width=0) (actual time=2165.820..6949.196 rows=4488251 loops=1)
  Hash Cond: (mk.movie_id = t.id)
  ->  Seq Scan on movie_keyword mk  (cost=0.00..69693.30 rows=4523930 width=4) (actual time=0.025..1488.776 rows=4523930 loops=1)
  ->  Hash  (cost=67604.59..67604.59 rows=2419969 width=4) (actual time=2163.500..2163.500 rows=2413398 loops=1)
        Buckets: 131072  Batches: 32  Memory Usage: 3686kB
        ->  Seq Scan on title t  (cost=0.00..67604.59 rows=2419969 width=4) (actual time=0.026..1363.646 rows=2413398 loops=1)
              Filter: (production_year > 1912)
              Rows Removed by Filter: 114914
Planning time: 0.697 ms
Execution time: 7410.447 ms
