Seq Scan on movie_keyword mk  (cost=0.00..81003.12 rows=246 width=0) (actual time=126.081..1341.430 rows=40 loops=1)
  Filter: (keyword_id = 31159)
  Rows Removed by Filter: 4523890
Planning time: 0.415 ms
Execution time: 1341.556 ms
