Seq Scan on cast_info ci  (cost=0.00..796071.18 rows=2994794 width=0) (actual time=8293.125..13730.882 rows=3317628 loops=1)
  Filter: ((person_id > 881620) AND (role_id = 3))
  Rows Removed by Filter: 32926716
Planning time: 3.371 ms
Execution time: 14128.843 ms
