Seq Scan on movie_keyword mk  (cost=0.00..81003.12 rows=2178445 width=0) (actual time=0.025..1407.472 rows=2177976 loops=1)
  Filter: (keyword_id < 4289)
  Rows Removed by Filter: 2345954
Planning time: 0.287 ms
Execution time: 1671.977 ms
