Nested Loop  (cost=0.43..709671.90 rows=500 width=0) (actual time=2834.155..10793.148 rows=1124 loops=1)
  ->  Seq Scan on cast_info ci  (cost=0.00..705507.15 rows=500 width=4) (actual time=2833.925..10776.074 rows=1124 loops=1)
        Filter: (person_id = 553124)
        Rows Removed by Filter: 36243220
  ->  Index Only Scan using title_pkey on title t  (cost=0.43..8.32 rows=1 width=4) (actual time=0.014..0.015 rows=1 loops=1124)
        Index Cond: (id = ci.movie_id)
        Heap Fetches: 1124
Planning time: 0.701 ms
Execution time: 10793.476 ms
