Hash Join  (cost=202936.32..577988.73 rows=152193 width=0) (actual time=6563.670..12365.525 rows=1522096 loops=1)
  Hash Cond: (mi.movie_id = t.id)
  ->  Seq Scan on movie_info mi  (cost=0.00..346232.03 rows=2073893 width=4) (actual time=1491.970..5931.822 rows=2091068 loops=1)
        Filter: (info_type_id < 3)
        Rows Removed by Filter: 12744652
  ->  Hash  (cost=199891.88..199891.88 rows=185555 width=8) (actual time=5069.698..5069.698 rows=720410 loops=1)
        Buckets: 131072 (originally 131072)  Batches: 16 (originally 4)  Memory Usage: 3073kB
        ->  Hash Join  (cost=75628.29..199891.88 rows=185555 width=8) (actual time=1596.861..4848.462 rows=720410 loops=1)
              Hash Cond: (mk.movie_id = t.id)
              ->  Seq Scan on movie_keyword mk  (cost=0.00..69693.30 rows=4523930 width=4) (actual time=0.034..1394.528 rows=4523930 loops=1)
              ->  Hash  (cost=73925.90..73925.90 rows=103711 width=4) (actual time=1596.056..1596.056 rows=203434 loops=1)
                    Buckets: 131072 (originally 131072)  Batches: 4 (originally 2)  Memory Usage: 3073kB
                    ->  Seq Scan on title t  (cost=0.00..73925.90 rows=103711 width=4) (actual time=0.025..1196.303 rows=203434 loops=1)
                          Filter: ((kind_id < 7) AND (production_year < 1962))
                          Rows Removed by Filter: 2324878
Planning time: 1.143 ms
Execution time: 12531.667 ms
