Hash Join  (cost=97468.80..250750.37 rows=2567353 width=0) (actual time=2074.257..6131.994 rows=1445086 loops=1)
  Hash Cond: (mk.movie_id = t.id)
  ->  Seq Scan on movie_keyword mk  (cost=0.00..69693.30 rows=4523930 width=4) (actual time=0.027..1498.905 rows=4523930 loops=1)
  ->  Hash  (cost=73925.90..73925.90 rows=1434952 width=4) (actual time=2072.880..2072.880 rows=1560688 loops=1)
        Buckets: 131072  Batches: 32  Memory Usage: 2755kB
        ->  Seq Scan on title t  (cost=0.00..73925.90 rows=1434952 width=4) (actual time=0.023..1564.675 rows=1560688 loops=1)
              Filter: ((kind_id > 1) AND (production_year > 1979))
              Rows Removed by Filter: 967624
Planning time: 0.728 ms
Execution time: 6296.679 ms
