Hash Join  (cost=73950.44..100871.63 rows=1071 width=0) (actual time=1154.878..1606.834 rows=6700 loops=1)
  Hash Cond: (mi_idx.movie_id = t.id)
  ->  Seq Scan on movie_info_idx mi_idx  (cost=0.00..21735.35 rows=1380035 width=4) (actual time=0.021..294.892 rows=1380035 loops=1)
  ->  Hash  (cost=73925.90..73925.90 rows=1963 width=4) (actual time=1022.260..1022.260 rows=5461 loops=1)
        Buckets: 8192 (originally 2048)  Batches: 1 (originally 1)  Memory Usage: 256kB
        ->  Seq Scan on title t  (cost=0.00..73925.90 rows=1963 width=4) (actual time=0.027..1019.888 rows=5461 loops=1)
              Filter: ((kind_id = 1) AND (production_year = 1990))
              Rows Removed by Filter: 2522851
Planning time: 0.730 ms
Execution time: 1607.995 ms
