Hash Join  (cost=103081.07..887358.60 rows=77599 width=0) (actual time=1976.173..18065.217 rows=82874 loops=1)
  Hash Cond: (ci.movie_id = t.id)
  ->  Seq Scan on cast_info ci  (cost=0.00..705507.15 rows=20798500 width=4) (actual time=0.012..12344.217 rows=20941567 loops=1)
        Filter: (person_id > 1507219)
        Rows Removed by Filter: 15302777
  ->  Hash  (cost=102963.15..102963.15 rows=9434 width=8) (actual time=1974.457..1974.457 rows=4362 loops=1)
        Buckets: 16384  Batches: 1  Memory Usage: 299kB
        ->  Hash Join  (cost=74251.74..102963.15 rows=9434 width=8) (actual time=1250.732..1972.505 rows=4362 loops=1)
              Hash Cond: (mi_idx.movie_id = t.id)
              ->  Seq Scan on movie_info_idx mi_idx  (cost=0.00..25185.44 rows=915101 width=4) (actual time=0.022..512.909 rows=919850 loops=1)
                    Filter: (info_type_id < 101)
                    Rows Removed by Filter: 460185
              ->  Hash  (cost=73925.90..73925.90 rows=26067 width=4) (actual time=1248.564..1248.564 rows=27085 loops=1)
                    Buckets: 32768  Batches: 1  Memory Usage: 1209kB
                    ->  Seq Scan on title t  (cost=0.00..73925.90 rows=26067 width=4) (actual time=0.017..1237.330 rows=27085 loops=1)
                          Filter: ((kind_id < 7) AND (production_year > 2012))
                          Rows Removed by Filter: 2501227
Planning time: 1.169 ms
Execution time: 18079.609 ms
