Nested Loop  (cost=0.43..52283.69 rows=104 width=0) (actual time=13.573..922.413 rows=306 loops=1)
  ->  Seq Scan on movie_companies mc  (cost=0.00..51404.11 rows=104 width=4) (actual time=13.490..905.117 rows=306 loops=1)
        Filter: (company_id = 71933)
        Rows Removed by Filter: 2608823
  ->  Index Only Scan using title_pkey on title t  (cost=0.43..8.45 rows=1 width=4) (actual time=0.055..0.055 rows=1 loops=306)
        Index Cond: (id = mc.movie_id)
        Heap Fetches: 306
Planning time: 0.735 ms
Execution time: 922.577 ms
