Seq Scan on movie_companies mc  (cost=0.00..51404.11 rows=2407005 width=0) (actual time=0.027..1081.177 rows=2407560 loops=1)
  Filter: (company_id > 63)
  Rows Removed by Filter: 201569
Planning time: 0.374 ms
Execution time: 1375.986 ms
