Hash Join  (cost=95159.82..1413057.83 rows=20684469 width=0) (actual time=1881.199..39473.139 rows=21699100 loops=1)
  Hash Cond: (ci.movie_id = t.id)
  ->  Seq Scan on cast_info ci  (cost=0.00..705507.15 rows=31140234 width=4) (actual time=0.024..15993.028 rows=31101759 loops=1)
        Filter: (person_id < 3152371)
        Rows Removed by Filter: 5142585
  ->  Hash  (cost=67604.59..67604.59 rows=1679539 width=4) (actual time=1880.279..1880.279 rows=1673541 loops=1)
        Buckets: 131072  Batches: 32  Memory Usage: 2866kB
        ->  Seq Scan on title t  (cost=0.00..67604.59 rows=1679539 width=4) (actual time=0.025..1351.303 rows=1673541 loops=1)
              Filter: (production_year > 1993)
              Rows Removed by Filter: 854771
Planning time: 0.763 ms
Execution time: 41829.457 ms
