Hash Join  (cost=127841.95..214634.39 rows=13440 width=0) (actual time=2055.327..3323.108 rows=107247 loops=1)
  Hash Cond: (mk.movie_id = t.id)
  ->  Seq Scan on movie_keyword mk  (cost=0.00..69693.30 rows=4523930 width=4) (actual time=0.027..623.951 rows=4523930 loops=1)
  ->  Hash  (cost=127748.05..127748.05 rows=7512 width=8) (actual time=2053.279..2053.279 rows=4545 loops=1)
        Buckets: 8192  Batches: 1  Memory Usage: 242kB
        ->  Hash Join  (cost=74403.17..127748.05 rows=7512 width=8) (actual time=999.469..2051.104 rows=4545 loops=1)
              Hash Cond: (mc.movie_id = t.id)
              ->  Seq Scan on movie_companies mc  (cost=0.00..51404.11 rows=497508 width=4) (actual time=0.007..928.002 rows=495944 loops=1)
                    Filter: (company_id < 439)
                    Rows Removed by Filter: 2113185
              ->  Hash  (cost=73925.90..73925.90 rows=38181 width=4) (actual time=998.047..998.047 rows=32218 loops=1)
                    Buckets: 65536  Batches: 1  Memory Usage: 1645kB
                    ->  Seq Scan on title t  (cost=0.00..73925.90 rows=38181 width=4) (actual time=0.411..984.388 rows=32218 loops=1)
                          Filter: ((kind_id < 3) AND (production_year = 2009))
                          Rows Removed by Filter: 2496094
Planning time: 1.663 ms
Execution time: 3333.380 ms
