Hash Join  (cost=94699.36..459591.89 rows=23660 width=0) (actual time=1543.202..8788.095 rows=176787 loops=1)
  Hash Cond: (mi.movie_id = t.id)
  ->  Seq Scan on movie_info mi  (cost=0.00..309384.22 rows=14739122 width=4) (actual time=0.015..4028.352 rows=14835720 loops=1)
  ->  Hash  (cost=94648.62..94648.62 rows=4059 width=8) (actual time=1540.718..1540.718 rows=11393 loops=1)
        Buckets: 16384 (originally 4096)  Batches: 1 (originally 1)  Memory Usage: 574kB
        ->  Hash Join  (cost=67697.55..94648.62 rows=4059 width=8) (actual time=981.132..1536.300 rows=11393 loops=1)
              Hash Cond: (mi_idx.movie_id = t.id)
              ->  Seq Scan on movie_info_idx mi_idx  (cost=0.00..21735.35 rows=1380035 width=4) (actual time=0.010..249.212 rows=1380035 loops=1)
              ->  Hash  (cost=67604.59..67604.59 rows=7437 width=4) (actual time=980.686..980.686 rows=14926 loops=1)
                    Buckets: 16384 (originally 8192)  Batches: 1 (originally 1)  Memory Usage: 653kB
                    ->  Seq Scan on title t  (cost=0.00..67604.59 rows=7437 width=4) (actual time=0.030..973.684 rows=14926 loops=1)
                          Filter: (production_year = 1979)
                          Rows Removed by Filter: 2513386
Planning time: 1.152 ms
Execution time: 8815.443 ms
