Seq Scan on movie_keyword mk  (cost=0.00..81003.12 rows=2142231 width=0) (actual time=0.024..1330.601 rows=2149069 loops=1)
  Filter: (keyword_id < 4037)
  Rows Removed by Filter: 2374861
Planning time: 0.309 ms
Execution time: 1599.563 ms
