Seq Scan on movie_companies mc  (cost=0.00..51404.11 rows=1703890 width=0) (actual time=0.008..985.854 rows=1706275 loops=1)
  Filter: (company_id > 2924)
  Rows Removed by Filter: 902854
Planning time: 0.349 ms
Execution time: 1202.584 ms
