Hash Join  (cost=101342.22..882822.84 rows=88231 width=0) (actual time=4194.498..19170.238 rows=364086 loops=1)
  Hash Cond: (ci.movie_id = t.id)
  ->  Seq Scan on cast_info ci  (cost=0.00..705507.15 rows=20024311 width=4) (actual time=2694.587..13526.935 rows=20122661 loops=1)
        Filter: (role_id < 3)
        Rows Removed by Filter: 16121683
  ->  Hash  (cost=101202.96..101202.96 rows=11141 width=8) (actual time=1499.571..1499.571 rows=23669 loops=1)
        Buckets: 32768 (originally 16384)  Batches: 1 (originally 1)  Memory Usage: 1181kB
        ->  Hash Join  (cost=74181.07..101202.96 rows=11141 width=8) (actual time=1002.992..1491.812 rows=23669 loops=1)
              Hash Cond: (mi_idx.movie_id = t.id)
              ->  Seq Scan on movie_info_idx mi_idx  (cost=0.00..21735.35 rows=1380035 width=4) (actual time=0.033..210.136 rows=1380035 loops=1)
              ->  Hash  (cost=73925.90..73925.90 rows=20413 width=4) (actual time=1002.782..1002.782 rows=17357 loops=1)
                    Buckets: 32768  Batches: 1  Memory Usage: 867kB
                    ->  Seq Scan on title t  (cost=0.00..73925.90 rows=20413 width=4) (actual time=0.278..994.986 rows=17357 loops=1)
                          Filter: ((kind_id < 7) AND (production_year = 2000))
                          Rows Removed by Filter: 2510955
Planning time: 1.177 ms
Execution time: 19221.899 ms
