Hash Join  (cost=129869.27..529458.15 rows=199954 width=0) (actual time=2279.007..9583.498 rows=413909 loops=1)
  Hash Cond: (mi.movie_id = t.id)
  ->  Seq Scan on movie_info mi  (cost=0.00..346232.03 rows=13695283 width=4) (actual time=0.023..4817.294 rows=13733400 loops=1)
        Filter: (info_type_id < 66)
        Rows Removed by Filter: 1102320
  ->  Hash  (cost=129407.81..129407.81 rows=36917 width=8) (actual time=2278.530..2278.530 rows=45591 loops=1)
        Buckets: 65536  Batches: 1  Memory Usage: 2293kB
        ->  Hash Join  (cost=74373.12..129407.81 rows=36917 width=8) (actual time=994.007..2259.817 rows=45591 loops=1)
              Hash Cond: (mc.movie_id = t.id)
              ->  Seq Scan on movie_companies mc  (cost=0.00..44881.29 rows=2609129 width=4) (actual time=0.017..562.859 rows=2609129 loops=1)
              ->  Hash  (cost=73925.90..73925.90 rows=35777 width=4) (actual time=993.598..993.598 rows=37357 loops=1)
                    Buckets: 65536  Batches: 1  Memory Usage: 1826kB
                    ->  Seq Scan on title t  (cost=0.00..73925.90 rows=35777 width=4) (actual time=0.018..980.481 rows=37357 loops=1)
                          Filter: ((production_year > 2007) AND (kind_id = 4))
                          Rows Removed by Filter: 2490955
Planning time: 1.135 ms
Execution time: 9630.033 ms
