Seq Scan on movie_companies mc  (cost=0.00..57926.93 rows=700275 width=0) (actual time=542.509..1053.677 rows=442220 loops=1)
  Filter: ((company_id < 11695) AND (company_type_id > 1))
  Rows Removed by Filter: 2166909
Planning time: 0.324 ms
Execution time: 1110.064 ms
