Seq Scan on cast_info ci  (cost=0.00..705507.15 rows=18918652 width=0) (actual time=3125.605..12451.109 rows=19054876 loops=1)
  Filter: (person_id > 1698044)
  Rows Removed by Filter: 17189468
Planning time: 0.304 ms
Execution time: 14821.760 ms
