Seq Scan on movie_companies mc  (cost=0.00..57926.93 rows=543941 width=0) (actual time=376.151..1059.997 rows=753364 loops=1)
  Filter: ((company_id < 7608) AND (company_type_id < 2))
  Rows Removed by Filter: 1855765
Planning time: 0.328 ms
Execution time: 1159.353 ms
