Hash Join  (cost=471187.01..604415.60 rows=921455 width=0) (actual time=8497.866..11193.458 rows=475618 loops=1)
  Hash Cond: (mk.movie_id = t.id)
  ->  Seq Scan on movie_keyword mk  (cost=0.00..69693.30 rows=4523930 width=4) (actual time=0.021..1425.368 rows=4523930 loops=1)
  ->  Hash  (cost=462737.24..462737.24 rows=515022 width=8) (actual time=7872.897..7872.897 rows=188689 loops=1)
        Buckets: 131072  Batches: 8  Memory Usage: 1953kB
        ->  Hash Join  (cost=83661.18..462737.24 rows=515022 width=8) (actual time=2965.457..7815.958 rows=188689 loops=1)
              Hash Cond: (mi.movie_id = t.id)
              ->  Seq Scan on movie_info mi  (cost=0.00..346232.03 rows=2194617 width=4) (actual time=0.014..5479.682 rows=2233850 loops=1)
                    Filter: (info_type_id > 16)
                    Rows Removed by Filter: 12601870
              ->  Hash  (cost=73925.90..73925.90 rows=593382 width=4) (actual time=1303.635..1303.635 rows=486368 loops=1)
                    Buckets: 131072  Batches: 8  Memory Usage: 3153kB
                    ->  Seq Scan on title t  (cost=0.00..73925.90 rows=593382 width=4) (actual time=0.014..1144.548 rows=486368 loops=1)
                          Filter: ((production_year < 1999) AND (kind_id = 7))
                          Rows Removed by Filter: 2041944
Planning time: 10.986 ms
Execution time: 11252.222 ms
