Seq Scan on cast_info ci  (cost=0.00..796071.18 rows=4242552 width=0) (actual time=9392.607..13530.885 rows=2930610 loops=1)
  Filter: ((person_id < 2110146) AND (role_id = 2))
  Rows Removed by Filter: 33313734
Planning time: 0.416 ms
Execution time: 13885.401 ms
