Hash Join  (cost=91901.05..1003180.21 rows=5492508 width=0) (actual time=1597.973..23654.297 rows=6555600 loops=1)
  Hash Cond: (ci.movie_id = t.id)
  ->  Seq Scan on cast_info ci  (cost=0.00..705507.15 rows=12675980 width=4) (actual time=0.022..13094.638 rows=12792401 loops=1)
        Filter: (person_id > 2400613)
        Rows Removed by Filter: 23451943
  ->  Hash  (cost=73925.90..73925.90 rows=1095612 width=4) (actual time=1596.957..1596.957 rows=1189548 loops=1)
        Buckets: 131072  Batches: 16  Memory Usage: 3647kB
        ->  Seq Scan on title t  (cost=0.00..73925.90 rows=1095612 width=4) (actual time=175.603..1236.111 rows=1189548 loops=1)
              Filter: ((production_year > 1988) AND (kind_id = 7))
              Rows Removed by Filter: 1338764
Planning time: 0.767 ms
Execution time: 24415.805 ms
