Seq Scan on movie_keyword mk  (cost=0.00..81003.12 rows=767009 width=0) (actual time=0.019..1404.475 rows=769243 loops=1)
  Filter: (keyword_id < 724)
  Rows Removed by Filter: 3754687
Planning time: 0.302 ms
Execution time: 1503.819 ms
