Hash Join  (cost=84618.08..128413.42 rows=355686 width=0) (actual time=1633.850..2826.676 rows=266976 loops=1)
  Hash Cond: (mi_idx.movie_id = t.id)
  ->  Seq Scan on movie_info_idx mi_idx  (cost=0.00..21735.35 rows=1380035 width=4) (actual time=0.010..463.179 rows=1380035 loops=1)
  ->  Hash  (cost=73925.90..73925.90 rows=651694 width=4) (actual time=1632.262..1632.262 rows=532575 loops=1)
        Buckets: 131072  Batches: 16  Memory Usage: 2197kB
        ->  Seq Scan on title t  (cost=0.00..73925.90 rows=651694 width=4) (actual time=0.024..1332.907 rows=532575 loops=1)
              Filter: ((kind_id > 1) AND (production_year < 1997))
              Rows Removed by Filter: 1995737
Planning time: 0.470 ms
Execution time: 2856.493 ms
