Hash Join  (cost=934045.29..1461167.95 rows=4434473 width=0) (actual time=17388.062..44724.491 rows=47584083 loops=1)
  Hash Cond: (mi.movie_id = t.id)
  ->  Seq Scan on movie_info mi  (cost=0.00..309384.22 rows=14739122 width=4) (actual time=0.010..6322.645 rows=14835720 loops=1)
  ->  Hash  (cost=921564.00..921564.00 rows=760743 width=8) (actual time=17386.717..17386.717 rows=1774231 loops=1)
        Buckets: 131072 (originally 131072)  Batches: 32 (originally 16)  Memory Usage: 3249kB
        ->  Hash Join  (cost=87161.12..921564.00 rows=760743 width=8) (actual time=2771.196..16842.342 rows=1774231 loops=1)
              Hash Cond: (ci.movie_id = t.id)
              ->  Seq Scan on cast_info ci  (cost=0.00..796071.18 rows=2384607 width=4) (actual time=1390.013..12183.150 rows=4835611 loops=1)
                    Filter: ((person_id < 649362) AND (role_id = 1))
                    Rows Removed by Filter: 31408733
              ->  Hash  (cost=73925.90..73925.90 rows=806657 width=4) (actual time=1380.216..1380.216 rows=758154 loops=1)
                    Buckets: 131072  Batches: 16  Memory Usage: 2686kB
                    ->  Seq Scan on title t  (cost=0.00..73925.90 rows=806657 width=4) (actual time=0.032..1141.129 rows=758154 loops=1)
                          Filter: ((kind_id < 4) AND (production_year > 1920))
                          Rows Removed by Filter: 1770158
Planning time: 1.174 ms
Execution time: 49975.093 ms
