Seq Scan on movie_keyword mk  (cost=0.00..81003.12 rows=246 width=0) (actual time=652.608..1223.028 rows=3 loops=1)
  Filter: (keyword_id = 22427)
  Rows Removed by Filter: 4523927
Planning time: 0.342 ms
Execution time: 1223.118 ms
