Seq Scan on title t  (cost=0.00..73925.90 rows=108708 width=0) (actual time=0.028..1185.789 rows=115965 loops=1)
  Filter: ((kind_id > 3) AND (production_year = 2012))
  Rows Removed by Filter: 2412347
Planning time: 0.388 ms
Execution time: 1203.071 ms
