Seq Scan on cast_info ci  (cost=0.00..705507.15 rows=500 width=0) (actual time=7832.768..11207.603 rows=108 loops=1)
  Filter: (person_id = 2628586)
  Rows Removed by Filter: 36244236
Planning time: 0.383 ms
Execution time: 11207.700 ms
