Hash Join  (cost=547692.12..727316.33 rows=3636508 width=0) (actual time=10967.049..30578.154 rows=78139655 loops=1)
  Hash Cond: (mk.movie_id = t.id)
  ->  Seq Scan on movie_keyword mk  (cost=0.00..81003.12 rows=4189801 width=4) (actual time=0.024..1781.073 rows=4191189 loops=1)
        Filter: (keyword_id < 49662)
        Rows Removed by Filter: 332741
  ->  Hash  (cost=511686.41..511686.41 rows=2194617 width=8) (actual time=10965.932..10965.932 rows=2233850 loops=1)
        Buckets: 131072  Batches: 32  Memory Usage: 3671kB
        ->  Hash Join  (cost=102767.86..511686.41 rows=2194617 width=8) (actual time=2182.157..10301.056 rows=2233850 loops=1)
              Hash Cond: (mi.movie_id = t.id)
              ->  Seq Scan on movie_info mi  (cost=0.00..346232.03 rows=2194617 width=4) (actual time=0.016..5891.745 rows=2233850 loops=1)
                    Filter: (info_type_id > 16)
                    Rows Removed by Filter: 12601870
              ->  Hash  (cost=61283.27..61283.27 rows=2528527 width=4) (actual time=2181.120..2181.120 rows=2528312 loops=1)
                    Buckets: 131072  Batches: 64  Memory Usage: 2425kB
                    ->  Seq Scan on title t  (cost=0.00..61283.27 rows=2528527 width=4) (actual time=0.011..1045.978 rows=2528312 loops=1)
Planning time: 1.062 ms
Execution time: 38552.314 ms
