Hash Join  (cost=83810.17..911866.48 rows=710218 width=0) (actual time=4807.153..18064.865 rows=2281102 loops=1)
  Hash Cond: (ci.movie_id = t.id)
  ->  Seq Scan on cast_info ci  (cost=0.00..796071.18 rows=1818118 width=4) (actual time=3235.480..12675.423 rows=5422842 loops=1)
        Filter: ((person_id > 2962678) AND (role_id > 4))
        Rows Removed by Filter: 30821502
  ->  Hash  (cost=67604.59..67604.59 rows=987727 width=4) (actual time=1570.734..1570.734 rows=985048 loops=1)
        Buckets: 131072  Batches: 16  Memory Usage: 3188kB
        ->  Seq Scan on title t  (cost=0.00..67604.59 rows=987727 width=4) (actual time=0.037..1189.103 rows=985048 loops=1)
              Filter: (kind_id < 7)
              Rows Removed by Filter: 1543264
Planning time: 0.716 ms
Execution time: 18326.992 ms
