Hash Join  (cost=85777.42..551694.27 rows=3169657 width=0) (actual time=2429.612..12273.758 rows=2399293 loops=1)
  Hash Cond: (mi.movie_id = t.id)
  ->  Seq Scan on movie_info mi  (cost=0.00..346232.03 rows=7235534 width=4) (actual time=767.702..6102.201 rows=7286865 loops=1)
        Filter: (info_type_id < 8)
        Rows Removed by Filter: 7548855
  ->  Hash  (cost=67604.59..67604.59 rows=1107667 width=4) (actual time=1660.762..1660.762 rows=1107925 loops=1)
        Buckets: 131072  Batches: 16  Memory Usage: 3466kB
        ->  Seq Scan on title t  (cost=0.00..67604.59 rows=1107667 width=4) (actual time=0.025..1299.503 rows=1107925 loops=1)
              Filter: (production_year > 2004)
              Rows Removed by Filter: 1420387
Planning time: 0.756 ms
Execution time: 12534.159 ms
