Seq Scan on movie_keyword mk  (cost=0.00..81003.12 rows=246 width=0) (actual time=3.831..1214.431 rows=258 loops=1)
  Filter: (keyword_id = 13366)
  Rows Removed by Filter: 4523672
Planning time: 0.263 ms
Execution time: 1214.619 ms
