Hash Join  (cost=200017.04..710927.65 rows=2915067 width=0) (actual time=4878.440..19722.417 rows=9513604 loops=1)
  Hash Cond: (mi.movie_id = t.id)
  ->  Seq Scan on movie_info mi  (cost=0.00..309384.22 rows=14739122 width=4) (actual time=0.016..5912.438 rows=14835720 loops=1)
  ->  Hash  (cost=191811.97..191811.97 rows=500086 width=8) (actual time=4877.452..4877.452 rows=236310 loops=1)
        Buckets: 131072  Batches: 8  Memory Usage: 2190kB
        ->  Hash Join  (cost=76379.89..191811.97 rows=500086 width=8) (actual time=1308.111..4801.838 rows=236310 loops=1)
              Hash Cond: (mk.movie_id = t.id)
              ->  Seq Scan on movie_keyword mk  (cost=0.00..81003.12 rows=2364292 width=4) (actual time=0.010..1613.693 rows=2366036 loops=1)
                    Filter: (keyword_id < 5351)
                    Rows Removed by Filter: 2157894
              ->  Hash  (cost=67604.59..67604.59 rows=534824 width=4) (actual time=1307.331..1307.331 rows=533369 loops=1)
                    Buckets: 131072  Batches: 8  Memory Usage: 3376kB
                    ->  Seq Scan on title t  (cost=0.00..67604.59 rows=534824 width=4) (actual time=0.009..1134.190 rows=533369 loops=1)
                          Filter: (production_year > 2009)
                          Rows Removed by Filter: 1994943
Planning time: 1.122 ms
Execution time: 20746.145 ms
