Seq Scan on movie_companies mc  (cost=0.00..57926.93 rows=820552 width=0) (actual time=503.093..1018.220 rows=513814 loops=1)
  Filter: ((company_id < 16432) AND (company_type_id = 2))
  Rows Removed by Filter: 2095315
Planning time: 0.448 ms
Execution time: 1081.340 ms
