Seq Scan on cast_info ci  (cost=0.00..796071.18 rows=14572802 width=0) (actual time=4405.729..16180.340 rows=15130791 loops=1)
  Filter: ((person_id > 337843) AND (role_id > 2))
  Rows Removed by Filter: 21113553
Planning time: 0.318 ms
Execution time: 17970.550 ms
