Hash Join  (cost=128303.11..515813.48 rows=438761 width=0) (actual time=3950.550..9502.272 rows=719159 loops=1)
  Hash Cond: (mi.movie_id = t.id)
  ->  Seq Scan on movie_info mi  (cost=0.00..346232.03 rows=3068194 width=4) (actual time=1184.659..5215.428 rows=3036719 loops=1)
        Filter: (info_type_id = 16)
        Rows Removed by Filter: 11799001
  ->  Hash  (cost=122370.28..122370.28 rows=361587 width=8) (actual time=2764.896..2764.896 rows=252549 loops=1)
        Buckets: 131072  Batches: 8  Memory Usage: 2250kB
        ->  Hash Join  (cost=78473.92..122370.28 rows=361587 width=8) (actual time=1497.840..2692.840 rows=252549 loops=1)
              Hash Cond: (mi_idx.movie_id = t.id)
              ->  Seq Scan on movie_info_idx mi_idx  (cost=0.00..21735.35 rows=1380035 width=4) (actual time=0.028..431.219 rows=1380035 loops=1)
              ->  Hash  (cost=67604.59..67604.59 rows=662507 width=4) (actual time=1496.616..1496.616 rows=662065 loops=1)
                    Buckets: 131072  Batches: 16  Memory Usage: 2481kB
                    ->  Seq Scan on title t  (cost=0.00..67604.59 rows=662507 width=4) (actual time=0.024..1273.515 rows=662065 loops=1)
                          Filter: (production_year > 2008)
                          Rows Removed by Filter: 1866247
Planning time: 1.211 ms
Execution time: 9593.349 ms
