Hash Join  (cost=132053.66..481440.27 rows=11832 width=0) (actual time=4290.573..7653.020 rows=27595 loops=1)
  Hash Cond: (mi.movie_id = t.id)
  ->  Seq Scan on movie_info mi  (cost=0.00..346232.03 rows=809669 width=4) (actual time=1861.106..5043.179 rows=802140 loops=1)
        Filter: (info_type_id = 1)
        Rows Removed by Filter: 14033580
  ->  Hash  (cost=131591.79..131591.79 rows=36950 width=8) (actual time=2429.033..2429.033 rows=35435 loops=1)
        Buckets: 65536  Batches: 1  Memory Usage: 1897kB
        ->  Hash Join  (cost=69374.09..131591.79 rows=36950 width=8) (actual time=1129.590..2415.931 rows=35435 loops=1)
              Hash Cond: (mc.movie_id = t.id)
              ->  Seq Scan on movie_companies mc  (cost=0.00..51404.11 rows=866690 width=4) (actual time=0.040..927.026 rows=873730 loops=1)
                    Filter: (company_id > 23373)
                    Rows Removed by Filter: 1735399
              ->  Hash  (cost=67604.59..67604.59 rows=107800 width=4) (actual time=1128.621..1128.621 rows=108429 loops=1)
                    Buckets: 131072  Batches: 2  Memory Usage: 2931kB
                    ->  Seq Scan on title t  (cost=0.00..67604.59 rows=107800 width=4) (actual time=0.031..1087.764 rows=108429 loops=1)
                          Filter: (production_year = 2006)
                          Rows Removed by Filter: 2419883
Planning time: 1.194 ms
Execution time: 7657.156 ms
