Hash Join  (cost=92883.59..1242065.21 rows=11187078 width=0) (actual time=1747.618..36648.321 rows=12930573 loops=1)
  Hash Cond: (ci.movie_id = t.id)
  ->  Seq Scan on cast_info ci  (cost=0.00..796071.18 rows=18358533 width=4) (actual time=0.013..18457.835 rows=21405556 loops=1)
        Filter: ((person_id > 760155) AND (role_id > 1))
        Rows Removed by Filter: 14838788
  ->  Hash  (cost=67604.59..67604.59 rows=1540800 width=4) (actual time=1746.252..1746.252 rows=1543264 loops=1)
        Buckets: 131072  Batches: 32  Memory Usage: 2722kB
        ->  Seq Scan on title t  (cost=0.00..67604.59 rows=1540800 width=4) (actual time=0.012..1258.352 rows=1543264 loops=1)
              Filter: (kind_id = 7)
              Rows Removed by Filter: 985048
Planning time: 2.167 ms
Execution time: 38199.562 ms
