Hash Join  (cost=907085.07..1406720.92 rows=1858392 width=0) (actual time=18416.129..31160.629 rows=1237109 loops=1)
  Hash Cond: (mi.movie_id = t.id)
  ->  Seq Scan on movie_info mi  (cost=0.00..309384.22 rows=14739122 width=4) (actual time=0.021..6029.034 rows=14835720 loops=1)
  ->  Hash  (cost=901853.94..901853.94 rows=318811 width=8) (actual time=18415.173..18415.173 rows=208613 loops=1)
        Buckets: 131072  Batches: 8  Memory Usage: 2047kB
        ->  Hash Join  (cost=82261.55..901853.94 rows=318811 width=8) (actual time=10987.834..18349.671 rows=208613 loops=1)
              Hash Cond: (ci.movie_id = t.id)
              ->  Seq Scan on cast_info ci  (cost=0.00..796071.18 rows=1586691 width=4) (actual time=9470.736..16024.393 rows=1561768 loops=1)
                    Filter: ((person_id > 294222) AND (role_id = 8))
                    Rows Removed by Filter: 34682576
              ->  Hash  (cost=73925.90..73925.90 rows=508052 width=4) (actual time=1515.912..1515.912 rows=368581 loops=1)
                    Buckets: 131072  Batches: 8  Memory Usage: 2634kB
                    ->  Seq Scan on title t  (cost=0.00..73925.90 rows=508052 width=4) (actual time=0.027..1391.074 rows=368581 loops=1)
                          Filter: ((kind_id > 1) AND (production_year < 1990))
                          Rows Removed by Filter: 2159731
Planning time: 1.213 ms
Execution time: 31301.143 ms
