Nested Loop  (cost=0.43..799382.33 rows=11 width=0) (actual time=13653.335..14737.238 rows=7 loops=1)
  ->  Seq Scan on cast_info ci  (cost=0.00..796071.18 rows=396 width=4) (actual time=7205.451..14735.818 rows=89 loops=1)
        Filter: ((role_id < 8) AND (person_id = 975082))
        Rows Removed by Filter: 36244255
  ->  Index Scan using title_pkey on title t  (cost=0.43..8.35 rows=1 width=4) (actual time=0.015..0.015 rows=0 loops=89)
        Index Cond: (id = ci.movie_id)
        Filter: ((production_year < 2009) AND (kind_id = 3))
        Rows Removed by Filter: 1
Planning time: 3.093 ms
Execution time: 14737.346 ms
