Hash Join  (cost=211074.79..777406.84 rows=5513095 width=0) (actual time=5371.757..30639.400 rows=46839891 loops=1)
  Hash Cond: (mi.movie_id = t.id)
  ->  Seq Scan on movie_info mi  (cost=0.00..346232.03 rows=13929354 width=4) (actual time=0.016..7277.173 rows=14033580 loops=1)
        Filter: (info_type_id > 1)
        Rows Removed by Filter: 802140
  ->  Hash  (cost=194655.22..194655.22 rows=1000765 width=8) (actual time=5370.144..5370.144 rows=1274246 loops=1)
        Buckets: 131072 (originally 131072)  Batches: 32 (originally 16)  Memory Usage: 3073kB
        ->  Hash Join  (cost=102767.86..194655.22 rows=1000765 width=8) (actual time=2677.667..4987.413 rows=1274246 loops=1)
              Hash Cond: (mc.movie_id = t.id)
              ->  Seq Scan on movie_companies mc  (cost=0.00..57926.93 rows=1000765 width=4) (actual time=234.773..1089.038 rows=1274246 loops=1)
                    Filter: ((company_id < 71284) AND (company_type_id = 1))
                    Rows Removed by Filter: 1334883
              ->  Hash  (cost=61283.27..61283.27 rows=2528527 width=4) (actual time=2441.530..2441.530 rows=2528312 loops=1)
                    Buckets: 131072  Batches: 64  Memory Usage: 2415kB
                    ->  Seq Scan on title t  (cost=0.00..61283.27 rows=2528527 width=4) (actual time=0.017..1082.483 rows=2528312 loops=1)
Planning time: 1.201 ms
Execution time: 35564.191 ms
