Hash Join  (cost=73982.55..426055.10 rows=2778 width=0) (actual time=1095.039..6412.452 rows=153 loops=1)
  Hash Cond: (mi.movie_id = t.id)
  ->  Seq Scan on movie_info mi  (cost=0.00..346232.03 rows=1550064 width=4) (actual time=122.007..5170.567 rows=1533909 loops=1)
        Filter: (info_type_id = 3)
        Rows Removed by Filter: 13301811
  ->  Hash  (cost=73925.90..73925.90 rows=4532 width=4) (actual time=972.560..972.560 rows=7796 loops=1)
        Buckets: 8192  Batches: 1  Memory Usage: 339kB
        ->  Seq Scan on title t  (cost=0.00..73925.90 rows=4532 width=4) (actual time=0.040..968.801 rows=7796 loops=1)
              Filter: ((kind_id = 7) AND (production_year = 1976))
              Rows Removed by Filter: 2520516
Planning time: 0.774 ms
Execution time: 6412.581 ms
