Hash Join  (cost=199590.97..348519.61 rows=2210061 width=0) (actual time=5229.298..13708.209 rows=20367760 loops=1)
  Hash Cond: (mk.movie_id = t.id)
  ->  Seq Scan on movie_keyword mk  (cost=0.00..69693.30 rows=4523930 width=4) (actual time=0.015..1514.358 rows=4523930 loops=1)
  ->  Hash  (cost=179324.30..179324.30 rows=1235253 width=8) (actual time=5228.406..5228.406 rows=1526120 loops=1)
        Buckets: 131072  Batches: 32  Memory Usage: 2900kB
        ->  Hash Join  (cost=87245.25..179324.30 rows=1235253 width=8) (actual time=1795.795..4754.577 rows=1526120 loops=1)
              Hash Cond: (mc.movie_id = t.id)
              ->  Seq Scan on movie_companies mc  (cost=0.00..44881.29 rows=2609129 width=4) (actual time=0.021..939.857 rows=2609129 loops=1)
              ->  Hash  (cost=67604.59..67604.59 rows=1197093 width=4) (actual time=1750.632..1750.632 rows=1195923 loops=1)
                    Buckets: 131072  Batches: 16  Memory Usage: 3653kB
                    ->  Seq Scan on title t  (cost=0.00..67604.59 rows=1197093 width=4) (actual time=0.029..1000.898 rows=1195923 loops=1)
                          Filter: (production_year < 2003)
                          Rows Removed by Filter: 1332389
Planning time: 1.138 ms
Execution time: 16098.801 ms
