Seq Scan on movie_keyword mk  (cost=0.00..81003.12 rows=2228901 width=0) (actual time=0.022..1477.033 rows=2226768 loops=1)
  Filter: (keyword_id > 4919)
  Rows Removed by Filter: 2297162
Planning time: 0.318 ms
Execution time: 1764.889 ms
