Hash Join  (cost=365418.15..1907137.97 rows=42505729 width=0) (actual time=8347.540..71660.345 rows=140118393 loops=1)
  Hash Cond: (ci.movie_id = t.id)
  ->  Seq Scan on cast_info ci  (cost=0.00..705507.15 rows=23757415 width=4) (actual time=0.015..15896.956 rows=23671021 loops=1)
        Filter: (person_id < 2424835)
        Rows Removed by Filter: 12573323
  ->  Hash  (cost=291197.02..291197.02 rows=4523930 width=8) (actual time=8345.610..8345.610 rows=4523930 loops=1)
        Buckets: 131072  Batches: 64  Memory Usage: 3816kB
        ->  Hash Join  (cost=102767.86..291197.02 rows=4523930 width=8) (actual time=1994.835..7086.422 rows=4523930 loops=1)
              Hash Cond: (mk.movie_id = t.id)
              ->  Seq Scan on movie_keyword mk  (cost=0.00..69693.30 rows=4523930 width=4) (actual time=0.016..1438.350 rows=4523930 loops=1)
              ->  Hash  (cost=61283.27..61283.27 rows=2528527 width=4) (actual time=1992.543..1992.543 rows=2528312 loops=1)
                    Buckets: 131072  Batches: 64  Memory Usage: 2425kB
                    ->  Seq Scan on title t  (cost=0.00..61283.27 rows=2528527 width=4) (actual time=0.013..1107.938 rows=2528312 loops=1)
Planning time: 1.163 ms
Execution time: 87335.530 ms
