Seq Scan on cast_info ci  (cost=0.00..705507.15 rows=24466736 width=0) (actual time=0.020..13785.823 rows=24590045 loops=1)
  Filter: (person_id > 1145868)
  Rows Removed by Filter: 11654299
Planning time: 0.349 ms
Execution time: 16866.164 ms
