Hash Join  (cost=73982.55..158955.52 rows=1888 width=0) (actual time=1713.656..2514.622 rows=1418 loops=1)
  Hash Cond: (mk.movie_id = t.id)
  ->  Seq Scan on movie_keyword mk  (cost=0.00..81003.12 rows=1053589 width=4) (actual time=0.024..1096.515 rows=1060139 loops=1)
        Filter: (keyword_id < 1059)
        Rows Removed by Filter: 3463791
  ->  Hash  (cost=73925.90..73925.90 rows=4532 width=4) (actual time=1240.389..1240.389 rows=14325 loops=1)
        Buckets: 16384 (originally 8192)  Batches: 1 (originally 1)  Memory Usage: 632kB
        ->  Seq Scan on title t  (cost=0.00..73925.90 rows=4532 width=4) (actual time=0.038..1233.878 rows=14325 loops=1)
              Filter: ((kind_id = 7) AND (production_year = 1991))
              Rows Removed by Filter: 2513987
Planning time: 0.740 ms
Execution time: 2514.944 ms
