Seq Scan on movie_keyword mk  (cost=0.00..81003.12 rows=676865 width=0) (actual time=0.050..1306.381 rows=683702 loops=1)
  Filter: (keyword_id > 27533)
  Rows Removed by Filter: 3840228
Planning time: 0.310 ms
Execution time: 1392.203 ms
