Hash Join  (cost=75458.68..1008510.22 rows=423022 width=0) (actual time=1204.198..20976.446 rows=506626 loops=1)
  Hash Cond: (ci.movie_id = t.id)
  ->  Seq Scan on cast_info ci  (cost=0.00..796071.18 rows=11449372 width=4) (actual time=0.028..14797.253 rows=12854937 loops=1)
        Filter: ((person_id < 1339686) AND (role_id < 9))
        Rows Removed by Filter: 23389407
  ->  Hash  (cost=73925.90..73925.90 rows=93422 width=4) (actual time=1203.214..1203.214 rows=100754 loops=1)
        Buckets: 131072  Batches: 2  Memory Usage: 2802kB
        ->  Seq Scan on title t  (cost=0.00..73925.90 rows=93422 width=4) (actual time=0.025..1164.390 rows=100754 loops=1)
              Filter: ((kind_id > 1) AND (production_year = 2008))
              Rows Removed by Filter: 2427558
Planning time: 0.790 ms
Execution time: 21046.077 ms
