Hash Join  (cost=82337.76..124831.53 rows=279829 width=0) (actual time=1410.333..2493.284 rows=409887 loops=1)
  Hash Cond: (mi_idx.movie_id = t.id)
  ->  Seq Scan on movie_info_idx mi_idx  (cost=0.00..21735.35 rows=1380035 width=4) (actual time=0.015..382.754 rows=1380035 loops=1)
  ->  Hash  (cost=73925.90..73925.90 rows=512708 width=4) (actual time=1409.293..1409.293 rows=382109 loops=1)
        Buckets: 131072  Batches: 8  Memory Usage: 2709kB
        ->  Seq Scan on title t  (cost=0.00..73925.90 rows=512708 width=4) (actual time=566.800..1279.204 rows=382109 loops=1)
              Filter: ((production_year > 1980) AND (kind_id = 1))
              Rows Removed by Filter: 2146203
Planning time: 0.772 ms
Execution time: 2536.362 ms
