Hash Join  (cost=95061.31..1153200.71 rows=3904546 width=136) (actual time=8402.901..33730.765 rows=6195708 loops=1)
  Hash Cond: (ci.movie_id = t.id)
  ->  Seq Scan on cast_info ci  (cost=0.00..796071.18 rows=9762068 width=42) (actual time=6283.749..18918.912 rows=12138586 loops=1)
        Filter: ((person_id > 1410784) AND (role_id > 2))
        Rows Removed by Filter: 24105758
  ->  Hash  (cost=67604.59..67604.59 rows=1011338 width=94) (actual time=2118.631..2118.631 rows=1012920 loops=1)
        Buckets: 32768  Batches: 64  Memory Usage: 2052kB
        ->  Seq Scan on title t  (cost=0.00..67604.59 rows=1011338 width=94) (actual time=0.027..1587.741 rows=1012920 loops=1)
              Filter: (production_year > 2005)
              Rows Removed by Filter: 1515392
Planning time: 1.363 ms
Execution time: 34060.210 ms
