Nested Loop  (cost=356928.96..1068604.90 rows=129 width=0) (actual time=16148.771..16247.693 rows=21 loops=1)
  Join Filter: (ci.movie_id = t.id)
  ->  Hash Join  (cost=356928.53..1068368.64 rows=321 width=8) (actual time=16148.666..16247.162 rows=21 loops=1)
        Hash Cond: (ci.movie_id = mi.movie_id)
        ->  Seq Scan on cast_info ci  (cost=0.00..705507.15 rows=500 width=4) (actual time=7615.922..11410.747 rows=58 loops=1)
              Filter: (person_id = 3255504)
              Rows Removed by Filter: 36244286
        ->  Hash  (cost=346232.03..346232.03 rows=651960 width=4) (actual time=4707.385..4707.385 rows=660923 loops=1)
              Buckets: 131072  Batches: 16  Memory Usage: 2455kB
              ->  Seq Scan on movie_info mi  (cost=0.00..346232.03 rows=651960 width=4) (actual time=2612.417..4513.486 rows=660923 loops=1)
                    Filter: (info_type_id = 18)
                    Rows Removed by Filter: 14174797
  ->  Index Only Scan using title_pkey on title t  (cost=0.43..0.72 rows=1 width=4) (actual time=0.021..0.021 rows=1 loops=21)
        Index Cond: (id = mi.movie_id)
        Heap Fetches: 21
Planning time: 3.174 ms
Execution time: 16248.131 ms
