Hash Join  (cost=799350.46..884166.91 rows=95 width=0) (actual time=14284.577..15833.642 rows=3 loops=1)
  Hash Cond: (mk.movie_id = t.id)
  ->  Seq Scan on movie_keyword mk  (cost=0.00..81003.12 rows=1016633 width=4) (actual time=0.016..1411.603 rows=1022728 loops=1)
        Filter: (keyword_id > 17548)
        Rows Removed by Filter: 3501202
  ->  Hash  (cost=799347.50..799347.50 rows=237 width=8) (actual time=14280.312..14280.312 rows=3 loops=1)
        Buckets: 1024  Batches: 1  Memory Usage: 9kB
        ->  Nested Loop  (cost=0.43..799347.50 rows=237 width=8) (actual time=5738.796..14280.264 rows=3 loops=1)
              ->  Seq Scan on cast_info ci  (cost=0.00..796071.18 rows=392 width=4) (actual time=5738.657..14280.059 rows=3 loops=1)
                    Filter: ((role_id < 7) AND (person_id = 2989655))
                    Rows Removed by Filter: 36244341
              ->  Index Scan using title_pkey on title t  (cost=0.43..8.35 rows=1 width=4) (actual time=0.032..0.033 rows=1 loops=3)
                    Index Cond: (id = ci.movie_id)
                    Filter: (production_year > 1997)
Planning time: 1.011 ms
Execution time: 15833.777 ms
