Hash Join  (cost=101109.21..187817.79 rows=5054 width=0) (actual time=1562.518..3349.637 rows=59618 loops=1)
  Hash Cond: (mk.movie_id = t.id)
  ->  Seq Scan on movie_keyword mk  (cost=0.00..69693.30 rows=4523930 width=4) (actual time=0.012..959.634 rows=4523930 loops=1)
  ->  Hash  (cost=101073.90..101073.90 rows=2825 width=8) (actual time=1561.233..1561.233 rows=4452 loops=1)
        Buckets: 8192 (originally 4096)  Batches: 1 (originally 1)  Memory Usage: 238kB
        ->  Hash Join  (cost=74118.09..101073.90 rows=2825 width=8) (actual time=1177.261..1559.104 rows=4452 loops=1)
              Hash Cond: (mi_idx.movie_id = t.id)
              ->  Seq Scan on movie_info_idx mi_idx  (cost=0.00..25185.44 rows=464566 width=4) (actual time=0.018..457.994 rows=459925 loops=1)
                    Filter: (info_type_id = 101)
                    Rows Removed by Filter: 920110
              ->  Hash  (cost=73925.90..73925.90 rows=15375 width=4) (actual time=1003.489..1003.489 rows=8740 loops=1)
                    Buckets: 16384  Batches: 1  Memory Usage: 436kB
                    ->  Seq Scan on title t  (cost=0.00..73925.90 rows=15375 width=4) (actual time=277.448..999.881 rows=8740 loops=1)
                          Filter: ((kind_id = 1) AND (production_year = 2001))
                          Rows Removed by Filter: 2519572
Planning time: 1.005 ms
Execution time: 3357.460 ms
