Hash Join  (cost=102767.86..190126.99 rows=812566 width=0) (actual time=1921.605..3711.186 rows=507730 loops=1)
  Hash Cond: (mc.movie_id = t.id)
  ->  Seq Scan on movie_companies mc  (cost=0.00..57926.93 rows=812566 width=4) (actual time=5.210..963.430 rows=507730 loops=1)
        Filter: ((company_id < 15836) AND (company_type_id > 1))
        Rows Removed by Filter: 2101399
  ->  Hash  (cost=61283.27..61283.27 rows=2528527 width=4) (actual time=1915.133..1915.133 rows=2528312 loops=1)
        Buckets: 131072  Batches: 64  Memory Usage: 2415kB
        ->  Seq Scan on title t  (cost=0.00..61283.27 rows=2528527 width=4) (actual time=0.015..1047.929 rows=2528312 loops=1)
Planning time: 0.736 ms
Execution time: 3769.621 ms
