Hash Join  (cost=148857.21..513520.19 rows=703 width=0) (actual time=2523.119..8904.070 rows=11634 loops=1)
  Hash Cond: (mi.movie_id = t.id)
  ->  Seq Scan on movie_info mi  (cost=0.00..309384.22 rows=14739122 width=4) (actual time=0.012..3871.688 rows=14835720 loops=1)
  ->  Hash  (cost=148855.70..148855.70 rows=121 width=8) (actual time=2522.571..2522.571 rows=534 loops=1)
        Buckets: 1024  Batches: 1  Memory Usage: 29kB
        ->  Hash Join  (cost=67697.55..148855.70 rows=121 width=8) (actual time=1180.156..2522.082 rows=534 loops=1)
              Hash Cond: (mk.movie_id = t.id)
              ->  Seq Scan on movie_keyword mk  (cost=0.00..81003.12 rows=41017 width=4) (actual time=0.029..1329.983 rows=41840 loops=1)
                    Filter: (keyword_id = 117)
                    Rows Removed by Filter: 4482090
              ->  Hash  (cost=67604.59..67604.59 rows=7437 width=4) (actual time=1174.317..1174.317 rows=24917 loops=1)
                    Buckets: 32768 (originally 8192)  Batches: 1 (originally 1)  Memory Usage: 1132kB
                    ->  Seq Scan on title t  (cost=0.00..67604.59 rows=7437 width=4) (actual time=0.036..1162.702 rows=24917 loops=1)
                          Filter: (production_year = 1992)
                          Rows Removed by Filter: 2503395
Planning time: 1.228 ms
Execution time: 8906.612 ms
