Hash Join  (cost=83810.17..201811.94 rows=836827 width=0) (actual time=1465.946..4545.457 rows=1863851 loops=1)
  Hash Cond: (mk.movie_id = t.id)
  ->  Seq Scan on movie_keyword mk  (cost=0.00..81003.12 rows=2142231 width=4) (actual time=0.015..1455.879 rows=2149069 loops=1)
        Filter: (keyword_id < 4037)
        Rows Removed by Filter: 2374861
  ->  Hash  (cost=67604.59..67604.59 rows=987727 width=4) (actual time=1464.713..1464.713 rows=985048 loops=1)
        Buckets: 131072  Batches: 16  Memory Usage: 3197kB
        ->  Seq Scan on title t  (cost=0.00..67604.59 rows=987727 width=4) (actual time=0.020..1152.065 rows=985048 loops=1)
              Filter: (kind_id < 7)
              Rows Removed by Filter: 1543264
Planning time: 0.816 ms
Execution time: 4770.611 ms
