Hash Join  (cost=157749.28..651051.56 rows=1264835 width=0) (actual time=3150.671..21792.622 rows=24692578 loops=1)
  Hash Cond: (mi.movie_id = t.id)
  ->  Seq Scan on movie_info mi  (cost=0.00..309384.22 rows=14739122 width=4) (actual time=0.011..5786.591 rows=14835720 loops=1)
  ->  Hash  (cost=154188.97..154188.97 rows=216985 width=8) (actual time=3149.934..3149.934 rows=450187 loops=1)
        Buckets: 131072 (originally 131072)  Batches: 8 (originally 4)  Memory Usage: 3268kB
        ->  Hash Join  (cost=83810.17..154188.97 rows=216985 width=8) (actual time=1411.392..3007.429 rows=450187 loops=1)
              Hash Cond: (mc.movie_id = t.id)
              ->  Seq Scan on movie_companies mc  (cost=0.00..57926.93 rows=555469 width=4) (actual time=0.013..944.763 rows=763798 loops=1)
                    Filter: ((company_id < 8185) AND (company_type_id < 2))
                    Rows Removed by Filter: 1845331
              ->  Hash  (cost=67604.59..67604.59 rows=987727 width=4) (actual time=1410.589..1410.589 rows=985048 loops=1)
                    Buckets: 131072  Batches: 16  Memory Usage: 3188kB
                    ->  Seq Scan on title t  (cost=0.00..67604.59 rows=987727 width=4) (actual time=0.027..1093.049 rows=985048 loops=1)
                          Filter: (kind_id < 7)
                          Rows Removed by Filter: 1543264
Planning time: 2.294 ms
Execution time: 24650.298 ms
