Hash Join  (cost=103369.96..914337.63 rows=22434 width=0) (actual time=13595.799..17581.604 rows=19946 loops=1)
  Hash Cond: (ci.movie_id = t.id)
  ->  Seq Scan on cast_info ci  (cost=0.00..796071.18 rows=3912571 width=4) (actual time=11586.737..15225.180 rows=1888025 loops=1)
        Filter: ((person_id < 3435726) AND (role_id = 10))
        Rows Removed by Filter: 34356319
  ->  Hash  (cost=103188.72..103188.72 rows=14499 width=8) (actual time=2005.962..2005.962 rows=5512 loops=1)
        Buckets: 16384  Batches: 1  Memory Usage: 344kB
        ->  Hash Join  (cost=74426.67..103188.72 rows=14499 width=8) (actual time=1266.097..2003.798 rows=5512 loops=1)
              Hash Cond: (mi_idx.movie_id = t.id)
              ->  Seq Scan on movie_info_idx mi_idx  (cost=0.00..25185.44 rows=915101 width=4) (actual time=0.032..528.464 rows=919850 loops=1)
                    Filter: (info_type_id < 101)
                    Rows Removed by Filter: 460185
              ->  Hash  (cost=73925.90..73925.90 rows=40061 width=4) (actual time=1265.053..1265.053 rows=40120 loops=1)
                    Buckets: 65536  Batches: 1  Memory Usage: 1923kB
                    ->  Seq Scan on title t  (cost=0.00..73925.90 rows=40061 width=4) (actual time=330.976..1247.064 rows=40120 loops=1)
                          Filter: ((kind_id = 7) AND (production_year = 2013))
                          Rows Removed by Filter: 2488192
Planning time: 1.270 ms
Execution time: 17584.796 ms
