Seq Scan on movie_companies mc  (cost=0.00..51404.11 rows=2587812 width=0) (actual time=0.021..993.739 rows=2589221 loops=1)
  Filter: (company_id < 216427)
  Rows Removed by Filter: 19908
Planning time: 0.359 ms
Execution time: 1312.434 ms
