Hash Join  (cost=199174.77..1060868.85 rows=468768 width=0) (actual time=7187.323..19253.745 rows=1539538 loops=1)
  Hash Cond: (ci.movie_id = t.id)
  ->  Seq Scan on cast_info ci  (cost=0.00..796071.18 rows=4678644 width=4) (actual time=3289.853..11815.426 rows=6029426 loops=1)
        Filter: ((person_id < 818176) AND (role_id < 3))
        Rows Removed by Filter: 30214918
  ->  Hash  (cost=195018.01..195018.01 rows=253341 width=8) (actual time=3896.407..3896.407 rows=176344 loops=1)
        Buckets: 131072  Batches: 4  Memory Usage: 2694kB
        ->  Hash Join  (cost=69928.56..195018.01 rows=253341 width=8) (actual time=1140.033..3834.105 rows=176344 loops=1)
              Hash Cond: (mk.movie_id = t.id)
              ->  Seq Scan on movie_keyword mk  (cost=0.00..69693.30 rows=4523930 width=4) (actual time=0.022..1299.974 rows=4523930 loops=1)
              ->  Hash  (cost=67604.59..67604.59 rows=141598 width=4) (actual time=1139.042..1139.042 rows=141703 loops=1)
                    Buckets: 131072  Batches: 2  Memory Usage: 3517kB
                    ->  Seq Scan on title t  (cost=0.00..67604.59 rows=141598 width=4) (actual time=0.040..1084.997 rows=141703 loops=1)
                          Filter: (production_year = 2010)
                          Rows Removed by Filter: 2386609
Planning time: 2.076 ms
Execution time: 19445.838 ms
