Seq Scan on cast_info ci  (cost=0.00..796071.18 rows=276535 width=0) (actual time=3324.750..13924.085 rows=95997 loops=1)
  Filter: ((person_id < 2910250) AND (role_id = 11))
  Rows Removed by Filter: 36148347
Planning time: 0.439 ms
Execution time: 13937.756 ms
