Hash Join  (cost=80408.18..211022.50 rows=706828 width=0) (actual time=1373.798..4892.613 rows=972837 loops=1)
  Hash Cond: (mk.movie_id = t.id)
  ->  Seq Scan on movie_keyword mk  (cost=0.00..69693.30 rows=4523930 width=4) (actual time=0.013..1411.548 rows=4523930 loops=1)
  ->  Hash  (cost=73925.90..73925.90 rows=395062 width=4) (actual time=1372.828..1372.828 rows=335993 loops=1)
        Buckets: 131072  Batches: 8  Memory Usage: 2499kB
        ->  Seq Scan on title t  (cost=0.00..73925.90 rows=395062 width=4) (actual time=0.017..1251.504 rows=335993 loops=1)
              Filter: ((kind_id < 7) AND (production_year > 2005))
              Rows Removed by Filter: 2192319
Planning time: 0.784 ms
Execution time: 5013.008 ms
