Hash Join  (cost=171801.83..524693.96 rows=33948 width=0) (actual time=7727.515..8550.858 rows=53886 loops=1)
  Hash Cond: (mi.movie_id = t.id)
  ->  Seq Scan on movie_info mi  (cost=0.00..346232.03 rows=1264125 width=4) (actual time=4059.172..4952.790 rows=1288928 loops=1)
        Filter: (info_type_id = 2)
        Rows Removed by Filter: 13546792
  ->  Hash  (cost=170953.03..170953.03 rows=67904 width=8) (actual time=3394.113..3394.113 rows=51634 loops=1)
        Buckets: 131072  Batches: 1  Memory Usage: 3041kB
        ->  Hash Join  (cost=74469.67..170953.03 rows=67904 width=8) (actual time=1296.463..3375.751 rows=51634 loops=1)
              Hash Cond: (mk.movie_id = t.id)
              ->  Seq Scan on movie_keyword mk  (cost=0.00..81003.12 rows=3946986 width=4) (actual time=0.054..1581.666 rows=3942450 loops=1)
                    Filter: (keyword_id > 411)
                    Rows Removed by Filter: 581480
              ->  Hash  (cost=73925.90..73925.90 rows=43501 width=4) (actual time=1148.891..1148.891 rows=39560 loops=1)
                    Buckets: 65536  Batches: 1  Memory Usage: 1903kB
                    ->  Seq Scan on title t  (cost=0.00..73925.90 rows=43501 width=4) (actual time=0.030..1132.737 rows=39560 loops=1)
                          Filter: ((kind_id = 1) AND (production_year = 2012))
                          Rows Removed by Filter: 2488752
Planning time: 4.765 ms
Execution time: 8556.029 ms
