Hash Join  (cost=469200.63..1178268.59 rows=5900 width=0) (actual time=14840.345..22600.693 rows=17238 loops=1)
  Hash Cond: (ci.movie_id = t.id)
  ->  Seq Scan on cast_info ci  (cost=0.00..705507.15 rows=350181 width=4) (actual time=4933.259..12567.381 rows=316118 loops=1)
        Filter: (role_id > 10)
        Rows Removed by Filter: 35928226
  ->  Hash  (cost=468668.14..468668.14 rows=42599 width=8) (actual time=9906.497..9906.497 rows=91384 loops=1)
        Buckets: 131072 (originally 65536)  Batches: 2 (originally 1)  Memory Usage: 3073kB
        ->  Hash Join  (cost=67697.55..468668.14 rows=42599 width=8) (actual time=675.894..9857.233 rows=91384 loops=1)
              Hash Cond: (mi.movie_id = t.id)
              ->  Seq Scan on movie_info mi  (cost=0.00..346232.03 rows=14483353 width=4) (actual time=0.033..6357.544 rows=14528932 loops=1)
                    Filter: (info_type_id < 106)
                    Rows Removed by Filter: 306788
              ->  Hash  (cost=67604.59..67604.59 rows=7437 width=4) (actual time=675.746..675.746 rows=13063 loops=1)
                    Buckets: 16384 (originally 8192)  Batches: 1 (originally 1)  Memory Usage: 588kB
                    ->  Seq Scan on title t  (cost=0.00..67604.59 rows=7437 width=4) (actual time=0.062..670.981 rows=13063 loops=1)
                          Filter: (production_year = 1965)
                          Rows Removed by Filter: 2515249
Planning time: 1.189 ms
Execution time: 22603.417 ms
