Hash Join  (cost=110297.46..173733.75 rows=32649 width=0) (actual time=2619.516..3922.956 rows=52558 loops=1)
  Hash Cond: (mc.movie_id = t.id)
  ->  Seq Scan on movie_companies mc  (cost=0.00..51404.11 rows=983917 width=4) (actual time=0.022..938.373 rows=994690 loops=1)
        Filter: (company_id > 16882)
        Rows Removed by Filter: 1614439
  ->  Hash  (cost=108920.66..108920.66 rows=83904 width=8) (actual time=2618.636..2618.636 rows=46310 loops=1)
        Buckets: 131072  Batches: 2  Memory Usage: 1926kB
        ->  Hash Join  (cost=71408.55..108920.66 rows=83904 width=8) (actual time=1294.627..2603.033 rows=46310 loops=1)
              Hash Cond: (mi_idx.movie_id = t.id)
              ->  Seq Scan on movie_info_idx mi_idx  (cost=0.00..25185.44 rows=915101 width=4) (actual time=0.017..629.704 rows=919850 loops=1)
                    Filter: (info_type_id < 101)
                    Rows Removed by Filter: 460185
              ->  Hash  (cost=67604.59..67604.59 rows=231837 width=4) (actual time=1293.350..1293.350 rows=231649 loops=1)
                    Buckets: 131072  Batches: 4  Memory Usage: 3076kB
                    ->  Seq Scan on title t  (cost=0.00..67604.59 rows=231837 width=4) (actual time=0.027..1216.511 rows=231649 loops=1)
                          Filter: (production_year > 2011)
                          Rows Removed by Filter: 2296663
Planning time: 1.274 ms
Execution time: 3930.953 ms
