Hash Join  (cost=186251.23..942940.02 rows=589969 width=0) (actual time=3521.164..24828.221 rows=539573 loops=1)
  Hash Cond: (ci.movie_id = t.id)
  ->  Seq Scan on cast_info ci  (cost=0.00..614943.12 rows=36225612 width=4) (actual time=0.024..9588.065 rows=36244344 loops=1)
  ->  Hash  (cost=185736.49..185736.49 rows=41179 width=8) (actual time=3518.948..3518.948 rows=51069 loops=1)
        Buckets: 65536  Batches: 1  Memory Usage: 2507kB
        ->  Hash Join  (cost=96651.52..185736.49 rows=41179 width=8) (actual time=1891.469..3499.681 rows=51069 loops=1)
              Hash Cond: (mk.movie_id = t.id)
              ->  Seq Scan on movie_keyword mk  (cost=0.00..81003.12 rows=58811 width=4) (actual time=0.132..1264.046 rows=58448 loops=1)
                    Filter: (keyword_id = 16264)
                    Rows Removed by Filter: 4465482
              ->  Hash  (cost=67604.59..67604.59 rows=1770475 width=4) (actual time=1888.029..1888.029 rows=1774635 loops=1)
                    Buckets: 131072  Batches: 32  Memory Usage: 2984kB
                    ->  Seq Scan on title t  (cost=0.00..67604.59 rows=1770475 width=4) (actual time=0.021..1319.078 rows=1774635 loops=1)
                          Filter: (kind_id > 2)
                          Rows Removed by Filter: 753677
Planning time: 1.151 ms
Execution time: 24902.117 ms
