Hash Join  (cost=75195.76..199280.94 rows=110259 width=0) (actual time=2794.489..3814.470 rows=33308 loops=1)
  Hash Cond: (mk.movie_id = t.id)
  ->  Seq Scan on movie_keyword mk  (cost=0.00..81003.12 rows=3604392 width=4) (actual time=0.021..1612.158 rows=3612388 loops=1)
        Filter: (keyword_id < 20342)
        Rows Removed by Filter: 911542
  ->  Hash  (cost=73925.90..73925.90 rows=77348 width=4) (actual time=1184.545..1184.545 rows=84109 loops=1)
        Buckets: 131072  Batches: 2  Memory Usage: 2515kB
        ->  Seq Scan on title t  (cost=0.00..73925.90 rows=77348 width=4) (actual time=0.025..1151.472 rows=84109 loops=1)
              Filter: ((kind_id = 7) AND (production_year = 2008))
              Rows Removed by Filter: 2444203
Planning time: 0.752 ms
Execution time: 3817.892 ms
