Seq Scan on cast_info ci  (cost=0.00..705507.15 rows=500 width=0) (actual time=2331.415..10899.226 rows=291 loops=1)
  Filter: (person_id = 141641)
  Rows Removed by Filter: 36244053
Planning time: 0.372 ms
Execution time: 10899.385 ms
