Hash Join  (cost=67697.55..94625.21 rows=1356 width=0) (actual time=990.361..1521.627 rows=1254 loops=1)
  Hash Cond: (mi_idx.movie_id = t.id)
  ->  Seq Scan on movie_info_idx mi_idx  (cost=0.00..25185.44 rows=460978 width=4) (actual time=0.018..451.692 rows=459925 loops=1)
        Filter: (info_type_id < 100)
        Rows Removed by Filter: 920110
  ->  Hash  (cost=67604.59..67604.59 rows=7437 width=4) (actual time=989.793..989.793 rows=4763 loops=1)
        Buckets: 8192  Batches: 1  Memory Usage: 232kB
        ->  Seq Scan on title t  (cost=0.00..67604.59 rows=7437 width=4) (actual time=0.094..987.285 rows=4763 loops=1)
              Filter: (production_year = 1950)
              Rows Removed by Filter: 2523549
Planning time: 0.775 ms
Execution time: 1522.002 ms
