Hash Join  (cost=87162.74..188500.91 rows=371587 width=0) (actual time=1652.770..4212.926 rows=931254 loops=1)
  Hash Cond: (mk.movie_id = t.id)
  ->  Seq Scan on movie_keyword mk  (cost=0.00..81003.12 rows=1164579 width=4) (actual time=0.015..1587.882 rows=1179963 loops=1)
        Filter: (keyword_id > 15807)
        Rows Removed by Filter: 3343967
  ->  Hash  (cost=73925.90..73925.90 rows=806787 width=4) (actual time=1641.186..1641.186 rows=843018 loops=1)
        Buckets: 131072  Batches: 16  Memory Usage: 2888kB
        ->  Seq Scan on title t  (cost=0.00..73925.90 rows=806787 width=4) (actual time=0.051..1368.083 rows=843018 loops=1)
              Filter: ((kind_id < 7) AND (production_year < 2011))
              Rows Removed by Filter: 1685294
Planning time: 2.510 ms
Execution time: 4333.681 ms
