Nested Loop  (cost=0.43..447891.89 rows=10783 width=0) (actual time=227.160..8947.107 rows=23424 loops=1)
  ->  Seq Scan on movie_info mi  (cost=0.00..346232.03 rows=17937 width=4) (actual time=227.094..4927.085 rows=140065 loops=1)
        Filter: (info_type_id = 9)
        Rows Removed by Filter: 14695655
  ->  Index Scan using title_pkey on title t  (cost=0.43..5.66 rows=1 width=4) (actual time=0.028..0.028 rows=0 loops=140065)
        Index Cond: (id = mi.movie_id)
        Filter: ((kind_id > 1) AND (production_year < 2011))
        Rows Removed by Filter: 1
Planning time: 0.795 ms
Execution time: 8952.281 ms
