Hash Join  (cost=147890.82..235413.38 rows=86452 width=0) (actual time=2690.020..4061.307 rows=266823 loops=1)
  Hash Cond: (mk.movie_id = t.id)
  ->  Seq Scan on movie_keyword mk  (cost=0.00..69693.30 rows=4523930 width=4) (actual time=0.020..682.858 rows=4523930 loops=1)
  ->  Hash  (cost=147286.82..147286.82 rows=48320 width=8) (actual time=2689.593..2689.593 rows=43402 loops=1)
        Buckets: 65536  Batches: 1  Memory Usage: 2208kB
        ->  Hash Join  (cost=75752.64..147286.82 rows=48320 width=8) (actual time=1294.124..2673.307 rows=43402 loops=1)
              Hash Cond: (mc.movie_id = t.id)
              ->  Seq Scan on movie_companies mc  (cost=0.00..57926.93 rows=1097345 width=4) (actual time=0.024..1044.509 rows=875530 loops=1)
                    Filter: ((company_id < 76658) AND (company_type_id > 1))
                    Rows Removed by Filter: 1733599
              ->  Hash  (cost=73925.90..73925.90 rows=111339 width=4) (actual time=1293.351..1293.351 rows=117920 loops=1)
                    Buckets: 131072  Batches: 2  Memory Usage: 3095kB
                    ->  Seq Scan on title t  (cost=0.00..73925.90 rows=111339 width=4) (actual time=0.016..1251.875 rows=117920 loops=1)
                          Filter: ((production_year > 0) AND (kind_id = 4))
                          Rows Removed by Filter: 2410392
Planning time: 1.156 ms
Execution time: 4086.070 ms
