Hash Join  (cost=273598.24..895477.06 rows=11588299 width=0) (actual time=6043.999..21889.475 rows=8516402 loops=1)
  Hash Cond: (mi.movie_id = t.id)
  ->  Seq Scan on movie_info mi  (cost=0.00..309384.22 rows=14739122 width=4) (actual time=0.019..5946.940 rows=14835720 loops=1)
  ->  Hash  (cost=240982.27..240982.27 rows=1987997 width=8) (actual time=6041.704..6041.704 rows=739251 loops=1)
        Buckets: 131072  Batches: 32  Memory Usage: 1917kB
        ->  Hash Join  (cost=94973.51..240982.27 rows=1987997 width=8) (actual time=1832.630..5820.120 rows=739251 loops=1)
              Hash Cond: (mk.movie_id = t.id)
              ->  Seq Scan on movie_keyword mk  (cost=0.00..81003.12 rows=3013333 width=4) (actual time=0.022..1785.515 rows=2995390 loops=1)
                    Filter: (keyword_id < 10475)
                    Rows Removed by Filter: 1528540
              ->  Hash  (cost=67604.59..67604.59 rows=1668154 width=4) (actual time=1821.304..1821.304 rows=1674098 loops=1)
                    Buckets: 131072  Batches: 32  Memory Usage: 2875kB
                    ->  Seq Scan on title t  (cost=0.00..67604.59 rows=1668154 width=4) (actual time=0.028..1270.050 rows=1674098 loops=1)
                          Filter: (kind_id > 3)
                          Rows Removed by Filter: 854214
Planning time: 1.093 ms
Execution time: 22834.851 ms
