Nested Loop  (cost=0.43..83072.29 rows=181 width=0) (actual time=18.530..1305.455 rows=86 loops=1)
  ->  Seq Scan on movie_keyword mk  (cost=0.00..81003.12 rows=246 width=4) (actual time=2.238..1290.486 rows=413 loops=1)
        Filter: (keyword_id = 3584)
        Rows Removed by Filter: 4523517
  ->  Index Scan using title_pkey on title t  (cost=0.43..8.40 rows=1 width=4) (actual time=0.034..0.034 rows=0 loops=413)
        Index Cond: (id = mk.movie_id)
        Filter: (kind_id > 1)
        Rows Removed by Filter: 1
Planning time: 1.356 ms
Execution time: 1305.612 ms
