Seq Scan on movie_keyword mk  (cost=0.00..81003.12 rows=2949567 width=0) (actual time=0.037..1490.265 rows=2933275 loops=1)
  Filter: (keyword_id < 9732)
  Rows Removed by Filter: 1590655
Planning time: 0.236 ms
Execution time: 1849.316 ms
