Hash Join  (cost=365418.15..1598716.89 rows=21786909 width=0) (actual time=8279.481..51770.054 rows=78775652 loops=1)
  Hash Cond: (ci.movie_id = t.id)
  ->  Seq Scan on cast_info ci  (cost=0.00..796071.18 rows=12177197 width=4) (actual time=0.016..17726.522 rows=12670688 loops=1)
        Filter: ((person_id < 3751000) AND (role_id = 1))
        Rows Removed by Filter: 23573656
  ->  Hash  (cost=291197.02..291197.02 rows=4523930 width=8) (actual time=8278.395..8278.395 rows=4523930 loops=1)
        Buckets: 131072  Batches: 64  Memory Usage: 3816kB
        ->  Hash Join  (cost=102767.86..291197.02 rows=4523930 width=8) (actual time=1965.409..7021.167 rows=4523930 loops=1)
              Hash Cond: (mk.movie_id = t.id)
              ->  Seq Scan on movie_keyword mk  (cost=0.00..69693.30 rows=4523930 width=4) (actual time=0.013..1428.295 rows=4523930 loops=1)
              ->  Hash  (cost=61283.27..61283.27 rows=2528527 width=4) (actual time=1963.545..1963.545 rows=2528312 loops=1)
                    Buckets: 131072  Batches: 64  Memory Usage: 2425kB
                    ->  Seq Scan on title t  (cost=0.00..61283.27 rows=2528527 width=4) (actual time=0.019..1098.771 rows=2528312 loops=1)
Planning time: 6.243 ms
Execution time: 60547.643 ms
