Hash Join  (cost=138162.51..895665.20 rows=671352 width=0) (actual time=2328.221..22129.685 rows=570879 loops=1)
  Hash Cond: (ci.movie_id = t.id)
  ->  Seq Scan on cast_info ci  (cost=0.00..614943.12 rows=36225612 width=4) (actual time=0.051..9163.175 rows=36244344 loops=1)
  ->  Hash  (cost=137576.76..137576.76 rows=46860 width=8) (actual time=2327.662..2327.662 rows=36592 loops=1)
        Buckets: 65536  Batches: 1  Memory Usage: 1942kB
        ->  Hash Join  (cost=74201.04..137576.76 rows=46860 width=8) (actual time=1329.707..2313.948 rows=36592 loops=1)
              Hash Cond: (mc.movie_id = t.id)
              ->  Seq Scan on movie_companies mc  (cost=0.00..57926.93 rows=294717 width=4) (actual time=0.016..838.073 rows=156783 loops=1)
                    Filter: ((company_id < 624) AND (company_type_id > 1))
                    Rows Removed by Filter: 2452346
              ->  Hash  (cost=67604.59..67604.59 rows=402036 width=4) (actual time=1328.863..1328.863 rows=395872 loops=1)
                    Buckets: 131072  Batches: 8  Memory Usage: 2759kB
                    ->  Seq Scan on title t  (cost=0.00..67604.59 rows=402036 width=4) (actual time=0.026..1199.786 rows=395872 loops=1)
                          Filter: (production_year < 1972)
                          Rows Removed by Filter: 2132440
Planning time: 1.164 ms
Execution time: 22209.113 ms
