Hash Join  (cost=709678.15..1074363.23 rows=2915 width=0) (actual time=11158.891..18210.072 rows=51 loops=1)
  Hash Cond: (mi.movie_id = t.id)
  ->  Seq Scan on movie_info mi  (cost=0.00..309384.22 rows=14739122 width=4) (actual time=0.008..4513.780 rows=14835720 loops=1)
  ->  Hash  (cost=709671.90..709671.90 rows=500 width=8) (actual time=11131.632..11131.632 rows=3 loops=1)
        Buckets: 1024  Batches: 1  Memory Usage: 9kB
        ->  Nested Loop  (cost=0.43..709671.90 rows=500 width=8) (actual time=8167.531..11131.608 rows=3 loops=1)
              ->  Seq Scan on cast_info ci  (cost=0.00..705507.15 rows=500 width=4) (actual time=8167.359..11131.334 rows=3 loops=1)
                    Filter: (person_id = 1810777)
                    Rows Removed by Filter: 36244341
              ->  Index Only Scan using title_pkey on title t  (cost=0.43..8.32 rows=1 width=4) (actual time=0.058..0.060 rows=1 loops=3)
                    Index Cond: (id = ci.movie_id)
                    Heap Fetches: 3
Planning time: 1.034 ms
Execution time: 18210.203 ms
