Seq Scan on movie_keyword mk  (cost=0.00..81003.12 rows=246 width=0) (actual time=0.944..1268.181 rows=650 loops=1)
  Filter: (keyword_id = 26723)
  Rows Removed by Filter: 4523280
Planning time: 0.391 ms
Execution time: 1268.524 ms
