Seq Scan on movie_companies mc  (cost=0.00..51404.11 rows=285267 width=0) (actual time=562.028..808.332 rows=287619 loops=1)
  Filter: (company_id > 95125)
  Rows Removed by Filter: 2321510
Planning time: 0.245 ms
Execution time: 846.938 ms
