Hash Join  (cost=68449.54..900723.34 rows=843569 width=0) (actual time=1098.810..25925.614 rows=880584 loops=1)
  Hash Cond: (ci.movie_id = t.id)
  ->  Seq Scan on cast_info ci  (cost=0.00..705507.15 rows=31554923 width=4) (actual time=0.031..15811.391 rows=31605208 loops=1)
        Filter: (role_id < 10)
        Rows Removed by Filter: 4639136
  ->  Hash  (cost=67604.59..67604.59 rows=67596 width=4) (actual time=1098.065..1098.065 rows=67777 loops=1)
        Buckets: 131072  Batches: 1  Memory Usage: 3407kB
        ->  Seq Scan on title t  (cost=0.00..67604.59 rows=67596 width=4) (actual time=0.011..1063.586 rows=67777 loops=1)
              Filter: (production_year = 2003)
              Rows Removed by Filter: 2460535
Planning time: 1.316 ms
Execution time: 26060.877 ms
