Seq Scan on movie_keyword mk  (cost=0.00..81003.12 rows=1783518 width=0) (actual time=0.020..1176.301 rows=1793143 loops=1)
  Filter: (keyword_id < 2896)
  Rows Removed by Filter: 2730787
Planning time: 0.340 ms
Execution time: 1375.583 ms
