Hash Join  (cost=102767.86..1120084.73 rows=12547798 width=0) (actual time=2485.144..26690.744 rows=12483757 loops=1)
  Hash Cond: (ci.movie_id = t.id)
  ->  Seq Scan on cast_info ci  (cost=0.00..705507.15 rows=12547798 width=4) (actual time=0.014..13325.989 rows=12483757 loops=1)
        Filter: (person_id < 1230782)
        Rows Removed by Filter: 23760587
  ->  Hash  (cost=61283.27..61283.27 rows=2528527 width=4) (actual time=2483.299..2483.299 rows=2528312 loops=1)
        Buckets: 131072  Batches: 64  Memory Usage: 2415kB
        ->  Seq Scan on title t  (cost=0.00..61283.27 rows=2528527 width=4) (actual time=0.019..987.192 rows=2528312 loops=1)
Planning time: 0.582 ms
Execution time: 28005.086 ms
