Hash Join  (cost=190230.21..1113030.27 rows=3890852 width=0) (actual time=4307.744..25807.409 rows=7070449 loops=1)
  Hash Cond: (ci.movie_id = t.id)
  ->  Seq Scan on cast_info ci  (cost=0.00..796071.18 rows=7128894 width=4) (actual time=0.023..15456.909 rows=7451973 loops=1)
        Filter: ((person_id < 3894254) AND (role_id = 2))
        Rows Removed by Filter: 28792371
  ->  Hash  (cost=167588.78..167588.78 rows=1380035 width=8) (actual time=4306.472..4306.472 rows=1380035 loops=1)
        Buckets: 131072  Batches: 32  Memory Usage: 2708kB
        ->  Hash Join  (cost=102767.86..167588.78 rows=1380035 width=8) (actual time=1971.470..3912.104 rows=1380035 loops=1)
              Hash Cond: (mi_idx.movie_id = t.id)
              ->  Seq Scan on movie_info_idx mi_idx  (cost=0.00..21735.35 rows=1380035 width=4) (actual time=0.032..454.395 rows=1380035 loops=1)
              ->  Hash  (cost=61283.27..61283.27 rows=2528527 width=4) (actual time=1970.014..1970.014 rows=2528312 loops=1)
                    Buckets: 131072  Batches: 64  Memory Usage: 2415kB
                    ->  Seq Scan on title t  (cost=0.00..61283.27 rows=2528527 width=4) (actual time=0.025..1142.941 rows=2528312 loops=1)
Planning time: 13.821 ms
Execution time: 26603.554 ms
