Seq Scan on movie_keyword mk  (cost=0.00..81003.12 rows=3344386 width=0) (actual time=0.024..1520.223 rows=3332311 loops=1)
  Filter: (keyword_id < 15555)
  Rows Removed by Filter: 1191619
Planning time: 0.334 ms
Execution time: 1953.047 ms
