Hash Join  (cost=161959.14..951461.08 rows=298828 width=0) (actual time=7337.489..19837.363 rows=727496 loops=1)
  Hash Cond: (ci.movie_id = t.id)
  ->  Seq Scan on cast_info ci  (cost=0.00..705507.15 rows=16201301 width=4) (actual time=4213.108..13207.669 rows=16121683 loops=1)
        Filter: (role_id > 2)
        Rows Removed by Filter: 20122661
  ->  Hash  (cost=161376.16..161376.16 rows=46638 width=8) (actual time=3123.996..3123.996 rows=35418 loops=1)
        Buckets: 65536  Batches: 1  Memory Usage: 1896kB
        ->  Hash Join  (cost=74251.74..161376.16 rows=46638 width=8) (actual time=1119.728..3109.161 rows=35418 loops=1)
              Hash Cond: (mk.movie_id = t.id)
              ->  Seq Scan on movie_keyword mk  (cost=0.00..69693.30 rows=4523930 width=4) (actual time=0.021..1089.918 rows=4523930 loops=1)
              ->  Hash  (cost=73925.90..73925.90 rows=26067 width=4) (actual time=1119.510..1119.510 rows=27085 loops=1)
                    Buckets: 32768  Batches: 1  Memory Usage: 1209kB
                    ->  Seq Scan on title t  (cost=0.00..73925.90 rows=26067 width=4) (actual time=0.028..1108.314 rows=27085 loops=1)
                          Filter: ((kind_id < 7) AND (production_year > 2012))
                          Rows Removed by Filter: 2501227
Planning time: 1.158 ms
Execution time: 19931.659 ms
