Seq Scan on movie_keyword mk  (cost=0.00..81003.12 rows=246 width=0) (actual time=175.722..1214.020 rows=5 loops=1)
  Filter: (keyword_id = 41288)
  Rows Removed by Filter: 4523925
Planning time: 0.379 ms
Execution time: 1214.101 ms
