Seq Scan on cast_info ci  (cost=0.00..796071.18 rows=4316248 width=0) (actual time=0.024..13085.760 rows=7449320 loops=1)
  Filter: ((person_id > 1449822) AND (role_id = 2))
  Rows Removed by Filter: 28795024
Planning time: 0.432 ms
Execution time: 14021.099 ms
