Hash Join  (cost=709676.96..736589.10 rows=166 width=0) (actual time=10992.931..11532.515 rows=183 loops=1)
  Hash Cond: (mi_idx.movie_id = t.id)
  ->  Seq Scan on movie_info_idx mi_idx  (cost=0.00..21735.35 rows=1380035 width=4) (actual time=0.031..295.008 rows=1380035 loops=1)
  ->  Hash  (cost=709673.15..709673.15 rows=305 width=8) (actual time=10992.236..10992.236 rows=203 loops=1)
        Buckets: 1024  Batches: 1  Memory Usage: 16kB
        ->  Nested Loop  (cost=0.43..709673.15 rows=305 width=8) (actual time=891.660..10992.114 rows=203 loops=1)
              ->  Seq Scan on cast_info ci  (cost=0.00..705507.15 rows=500 width=4) (actual time=890.031..10985.937 rows=267 loops=1)
                    Filter: (person_id = 1353302)
                    Rows Removed by Filter: 36244077
              ->  Index Scan using title_pkey on title t  (cost=0.43..8.32 rows=1 width=4) (actual time=0.022..0.022 rows=1 loops=267)
                    Index Cond: (id = ci.movie_id)
                    Filter: (kind_id = 7)
                    Rows Removed by Filter: 0
Planning time: 1.207 ms
Execution time: 11532.689 ms
