Seq Scan on movie_keyword mk  (cost=0.00..81003.12 rows=777697 width=0) (actual time=0.019..1067.594 rows=786010 loops=1)
  Filter: (keyword_id > 23963)
  Rows Removed by Filter: 3737920
Planning time: 0.219 ms
Execution time: 1162.511 ms
