Seq Scan on movie_keyword mk  (cost=0.00..81003.12 rows=2518693 width=0) (actual time=0.032..1422.400 rows=2512004 loops=1)
  Filter: (keyword_id > 3580)
  Rows Removed by Filter: 2011926
Planning time: 0.320 ms
Execution time: 1736.262 ms
