Hash Join  (cost=102767.86..871275.86 rows=2207683 width=0) (actual time=2012.687..15350.037 rows=2143945 loops=1)
  Hash Cond: (ci.movie_id = t.id)
  ->  Seq Scan on cast_info ci  (cost=0.00..705507.15 rows=2207683 width=4) (actual time=113.392..11356.092 rows=2143945 loops=1)
        Filter: (person_id < 210565)
        Rows Removed by Filter: 34100399
  ->  Hash  (cost=61283.27..61283.27 rows=2528527 width=4) (actual time=1897.273..1897.273 rows=2528312 loops=1)
        Buckets: 131072  Batches: 64  Memory Usage: 2415kB
        ->  Seq Scan on title t  (cost=0.00..61283.27 rows=2528527 width=4) (actual time=0.025..1070.973 rows=2528312 loops=1)
Planning time: 0.832 ms
Execution time: 15602.221 ms
