Hash Join  (cost=182732.18..699026.90 rows=3419679 width=0) (actual time=3899.763..21244.565 rows=19294778 loops=1)
  Hash Cond: (mi.movie_id = t.id)
  ->  Seq Scan on movie_info mi  (cost=0.00..309384.22 rows=14739122 width=4) (actual time=0.014..6078.084 rows=14835720 loops=1)
  ->  Hash  (cost=173107.02..173107.02 rows=586653 width=8) (actual time=3898.834..3898.834 rows=396032 loops=1)
        Buckets: 131072  Batches: 8  Memory Usage: 2976kB
        ->  Hash Join  (cost=91959.31..173107.02 rows=586653 width=8) (actual time=1863.325..3777.014 rows=396032 loops=1)
              Hash Cond: (mc.movie_id = t.id)
              ->  Seq Scan on movie_companies mc  (cost=0.00..57926.93 rows=999265 width=4) (actual time=0.078..1124.262 rows=858370 loops=1)
                    Filter: ((company_id > 598) AND (company_type_id = 1))
                    Rows Removed by Filter: 1750759
              ->  Hash  (cost=67604.59..67604.59 rows=1484458 width=4) (actual time=1862.409..1862.409 rows=1485030 loops=1)
                    Buckets: 131072  Batches: 32  Memory Usage: 2655kB
                    ->  Seq Scan on title t  (cost=0.00..67604.59 rows=1484458 width=4) (actual time=0.021..1379.997 rows=1485030 loops=1)
                          Filter: (production_year > 1998)
                          Rows Removed by Filter: 1043282
Planning time: 1.211 ms
Execution time: 23519.942 ms
