Seq Scan on title t  (cost=0.00..73925.90 rows=46060 width=0) (actual time=0.017..1057.444 rows=166293 loops=1)
  Filter: ((production_year < 1952) AND (kind_id = 1))
  Rows Removed by Filter: 2362019
Planning time: 0.342 ms
Execution time: 1078.469 ms
