Hash Join  (cost=570225.67..1562830.59 rows=8023473 width=0) (actual time=14033.397..53703.471 rows=80744077 loops=1)
  Hash Cond: (ci.movie_id = t.id)
  ->  Seq Scan on cast_info ci  (cost=0.00..796071.18 rows=8334800 width=4) (actual time=0.020..15514.300 rows=9814833 loops=1)
        Filter: ((person_id > 1119456) AND (role_id > 3))
        Rows Removed by Filter: 26429511
  ->  Hash  (cost=530290.67..530290.67 rows=2434080 width=8) (actual time=14031.298..14031.298 rows=3935275 loops=1)
        Buckets: 131072 (originally 131072)  Batches: 64 (originally 32)  Memory Usage: 3395kB
        ->  Hash Join  (cost=83810.17..530290.67 rows=2434080 width=8) (actual time=1935.982..12652.312 rows=3935275 loops=1)
              Hash Cond: (mi.movie_id = t.id)
              ->  Seq Scan on movie_info mi  (cost=0.00..346232.03 rows=6231111 width=4) (actual time=90.441..6378.529 rows=6223494 loops=1)
                    Filter: (info_type_id > 8)
                    Rows Removed by Filter: 8612226
              ->  Hash  (cost=67604.59..67604.59 rows=987727 width=4) (actual time=1844.295..1844.295 rows=985048 loops=1)
                    Buckets: 131072  Batches: 16  Memory Usage: 3197kB
                    ->  Seq Scan on title t  (cost=0.00..67604.59 rows=987727 width=4) (actual time=0.031..1227.245 rows=985048 loops=1)
                          Filter: (kind_id < 7)
                          Rows Removed by Filter: 1543264
Planning time: 1.220 ms
Execution time: 62072.472 ms
