Hash Join  (cost=84697.09..464567.93 rows=569800 width=0) (actual time=3309.307..8237.694 rows=202017 loops=1)
  Hash Cond: (mi.movie_id = t.id)
  ->  Seq Scan on movie_info mi  (cost=0.00..346232.03 rows=2194617 width=4) (actual time=0.019..5736.078 rows=2233850 loops=1)
        Filter: (info_type_id > 16)
        Rows Removed by Filter: 12601870
  ->  Hash  (cost=73925.90..73925.90 rows=656495 width=4) (actual time=1363.309..1363.309 rows=556797 loops=1)
        Buckets: 131072  Batches: 16  Memory Usage: 2252kB
        ->  Seq Scan on title t  (cost=0.00..73925.90 rows=656495 width=4) (actual time=191.105..1178.293 rows=556797 loops=1)
              Filter: ((production_year < 2001) AND (kind_id = 7))
              Rows Removed by Filter: 1971515
Planning time: 0.814 ms
Execution time: 8262.541 ms
