Hash Join  (cost=100032.85..221546.65 rows=1129602 width=0) (actual time=2418.567..5339.280 rows=617256 loops=1)
  Hash Cond: (mk.movie_id = t.id)
  ->  Seq Scan on movie_keyword mk  (cost=0.00..81003.12 rows=1794930 width=4) (actual time=0.015..1634.090 rows=1802904 loops=1)
        Filter: (keyword_id < 2925)
        Rows Removed by Filter: 2721026
  ->  Hash  (cost=73925.90..73925.90 rows=1591276 width=4) (actual time=2417.691..2417.691 rows=1709435 loops=1)
        Buckets: 131072  Batches: 32  Memory Usage: 2913kB
        ->  Seq Scan on title t  (cost=0.00..73925.90 rows=1591276 width=4) (actual time=0.025..1569.047 rows=1709435 loops=1)
              Filter: ((kind_id > 1) AND (production_year > 1964))
              Rows Removed by Filter: 818877
Planning time: 0.742 ms
Execution time: 5412.386 ms
