Seq Scan on cast_info ci  (cost=0.00..796071.18 rows=793553 width=0) (actual time=1855.389..11552.156 rows=257482 loops=1)
  Filter: ((person_id < 636027) AND (role_id = 10))
  Rows Removed by Filter: 35986862
Planning time: 0.413 ms
Execution time: 11579.108 ms
