Hash Join  (cost=445924.19..1516951.47 rows=3623608 width=0) (actual time=7195.166..36327.739 rows=4382616 loops=1)
  Hash Cond: (ci.movie_id = t.id)
  ->  Seq Scan on cast_info ci  (cost=0.00..614943.12 rows=36225612 width=4) (actual time=0.017..11774.978 rows=36244344 loops=1)
  ->  Hash  (cost=441774.62..441774.62 rows=252926 width=8) (actual time=7194.347..7194.347 rows=235183 loops=1)
        Buckets: 131072  Batches: 4  Memory Usage: 3323kB
        ->  Hash Join  (cost=80562.70..441774.62 rows=252926 width=8) (actual time=5086.017..7120.853 rows=235183 loops=1)
              Hash Cond: (mi.movie_id = t.id)
              ->  Seq Scan on movie_info mi  (cost=0.00..346232.03 rows=809768 width=4) (actual time=3723.043..5123.374 rows=802140 loops=1)
                    Filter: (info_type_id < 2)
                    Rows Removed by Filter: 14033580
              ->  Hash  (cost=67604.59..67604.59 rows=789769 width=4) (actual time=1362.197..1362.197 rows=784926 loops=1)
                    Buckets: 131072  Batches: 16  Memory Usage: 2755kB
                    ->  Seq Scan on title t  (cost=0.00..67604.59 rows=789769 width=4) (actual time=0.032..1101.986 rows=784926 loops=1)
                          Filter: (production_year > 2007)
                          Rows Removed by Filter: 1743386
Planning time: 1.138 ms
Execution time: 36827.762 ms
