Hash Join  (cost=102767.86..193594.81 rows=956678 width=0) (actual time=2020.763..4631.407 rows=1250492 loops=1)
  Hash Cond: (mc.movie_id = t.id)
  ->  Seq Scan on movie_companies mc  (cost=0.00..57926.93 rows=956678 width=4) (actual time=0.017..1189.746 rows=1250492 loops=1)
        Filter: ((company_id < 51862) AND (company_type_id < 2))
        Rows Removed by Filter: 1358637
  ->  Hash  (cost=61283.27..61283.27 rows=2528527 width=4) (actual time=2019.611..2019.611 rows=2528312 loops=1)
        Buckets: 131072  Batches: 64  Memory Usage: 2415kB
        ->  Seq Scan on title t  (cost=0.00..61283.27 rows=2528527 width=4) (actual time=0.011..1175.732 rows=2528312 loops=1)
Planning time: 0.602 ms
Execution time: 4779.913 ms
