Seq Scan on cast_info ci  (cost=0.00..796071.18 rows=19790735 width=0) (actual time=1129.507..17385.715 rows=20122661 loops=1)
  Filter: ((person_id < 3977181) AND (role_id < 3))
  Rows Removed by Filter: 16121683
Planning time: 0.353 ms
Execution time: 19911.898 ms
