Hash Join  (cost=52284.99..416946.98 rows=606 width=0) (actual time=927.046..7258.448 rows=860 loops=1)
  Hash Cond: (mi.movie_id = t.id)
  ->  Seq Scan on movie_info mi  (cost=0.00..309384.22 rows=14739122 width=4) (actual time=0.016..3837.856 rows=14835720 loops=1)
  ->  Hash  (cost=52283.69..52283.69 rows=104 width=8) (actual time=907.802..907.802 rows=15 loops=1)
        Buckets: 1024  Batches: 1  Memory Usage: 9kB
        ->  Nested Loop  (cost=0.43..52283.69 rows=104 width=8) (actual time=264.177..907.773 rows=15 loops=1)
              ->  Seq Scan on movie_companies mc  (cost=0.00..51404.11 rows=104 width=4) (actual time=264.072..907.063 rows=15 loops=1)
                    Filter: (company_id = 101818)
                    Rows Removed by Filter: 2609114
              ->  Index Only Scan using title_pkey on title t  (cost=0.43..8.45 rows=1 width=4) (actual time=0.040..0.041 rows=1 loops=15)
                    Index Cond: (id = mc.movie_id)
                    Heap Fetches: 15
Planning time: 0.999 ms
Execution time: 7258.802 ms
