Hash Join  (cost=132198.14..186893.44 rows=2978 width=0) (actual time=1353.853..2525.248 rows=65894 loops=1)
  Hash Cond: (mc.movie_id = t.id)
  ->  Seq Scan on movie_companies mc  (cost=0.00..44881.29 rows=2609129 width=4) (actual time=0.014..608.628 rows=2609129 loops=1)
  ->  Hash  (cost=132162.07..132162.07 rows=2886 width=8) (actual time=1353.780..1353.780 rows=6396 loops=1)
        Buckets: 8192 (originally 4096)  Batches: 1 (originally 1)  Memory Usage: 314kB
        ->  Nested Loop  (cost=0.43..132162.07 rows=2886 width=8) (actual time=0.193..1349.916 rows=6396 loops=1)
              ->  Seq Scan on movie_keyword mk  (cost=0.00..81003.12 rows=7389 width=4) (actual time=0.147..1159.877 rows=7328 loops=1)
                    Filter: (keyword_id = 229)
                    Rows Removed by Filter: 4516602
              ->  Index Scan using title_pkey on title t  (cost=0.43..6.91 rows=1 width=4) (actual time=0.025..0.025 rows=1 loops=7328)
                    Index Cond: (id = mk.movie_id)
                    Filter: (kind_id < 7)
                    Rows Removed by Filter: 0
Planning time: 0.900 ms
Execution time: 2534.568 ms
