Nested Loop  (cost=0.43..83071.67 rows=246 width=0) (actual time=8.073..1293.861 rows=136 loops=1)
  ->  Seq Scan on movie_keyword mk  (cost=0.00..81003.12 rows=246 width=4) (actual time=8.013..1286.903 rows=136 loops=1)
        Filter: (keyword_id = 11467)
        Rows Removed by Filter: 4523794
  ->  Index Only Scan using title_pkey on title t  (cost=0.43..8.40 rows=1 width=4) (actual time=0.046..0.047 rows=1 loops=136)
        Index Cond: (id = mk.movie_id)
        Heap Fetches: 136
Planning time: 0.548 ms
Execution time: 1294.020 ms
