Hash Join  (cost=76580.21..153931.14 rows=166941 width=0) (actual time=1112.232..3806.077 rows=79502 loops=1)
  Hash Cond: (mc.movie_id = t.id)
  ->  Seq Scan on movie_companies mc  (cost=0.00..44881.29 rows=2609129 width=4) (actual time=0.025..950.658 rows=2609129 loops=1)
  ->  Hash  (cost=73925.90..73925.90 rows=161784 width=4) (actual time=1111.008..1111.008 rows=60160 loops=1)
        Buckets: 131072  Batches: 4  Memory Usage: 1552kB
        ->  Seq Scan on title t  (cost=0.00..73925.90 rows=161784 width=4) (actual time=0.022..1087.992 rows=60160 loops=1)
              Filter: ((production_year < 1962) AND (kind_id = 7))
              Rows Removed by Filter: 2468152
Planning time: 0.789 ms
Execution time: 3814.090 ms
