Seq Scan on cast_info ci  (cost=0.00..796071.18 rows=5803617 width=0) (actual time=9070.473..15571.381 rows=7451973 loops=1)
  Filter: ((person_id < 2924295) AND (role_id = 2))
  Rows Removed by Filter: 28792371
Planning time: 0.257 ms
Execution time: 16489.693 ms
