Seq Scan on cast_info ci  (cost=0.00..705507.15 rows=500 width=0) (actual time=686.326..11304.296 rows=222 loops=1)
  Filter: (person_id = 374580)
  Rows Removed by Filter: 36244122
Planning time: 0.408 ms
Execution time: 11304.438 ms
