Hash Join  (cost=773020.46..3158215.99 rows=105104236 width=0) (actual time=17288.940..70941.386 rows=79199499 loops=1)
  Hash Cond: (ci.movie_id = t.id)
  ->  Seq Scan on cast_info ci  (cost=0.00..614943.12 rows=36225612 width=4) (actual time=0.024..14131.140 rows=36244344 loops=1)
  ->  Hash  (cost=652659.77..652659.77 rows=7336215 width=8) (actual time=17287.831..17287.831 rows=3487076 loops=1)
        Buckets: 131072  Batches: 128  Memory Usage: 2051kB
        ->  Hash Join  (cost=94574.69..652659.77 rows=7336215 width=8) (actual time=1812.504..15838.632 rows=3487076 loops=1)
              Hash Cond: (mi.movie_id = t.id)
              ->  Seq Scan on movie_info mi  (cost=0.00..309384.22 rows=14739122 width=4) (actual time=0.026..5757.841 rows=14835720 loops=1)
              ->  Hash  (cost=73925.90..73925.90 rows=1258543 width=4) (actual time=1811.450..1811.450 rows=1221534 loops=1)
                    Buckets: 131072  Batches: 32  Memory Usage: 2369kB
                    ->  Seq Scan on title t  (cost=0.00..73925.90 rows=1258543 width=4) (actual time=0.022..1390.214 rows=1221534 loops=1)
                          Filter: ((production_year < 2011) AND (kind_id = 7))
                          Rows Removed by Filter: 1306778
Planning time: 1.182 ms
Execution time: 79328.743 ms
