Seq Scan on cast_info ci  (cost=0.00..796071.18 rows=19618935 width=0) (actual time=0.023..15658.581 rows=21436220 loops=1)
  Filter: ((person_id < 2281311) AND (role_id < 10))
  Rows Removed by Filter: 14808124
Planning time: 0.351 ms
Execution time: 18269.789 ms
