Hash Join  (cost=102390.51..449261.38 rows=2226 width=0) (actual time=6871.616..7373.902 rows=81 loops=1)
  Hash Cond: (mi.movie_id = t.id)
  ->  Seq Scan on movie_info mi  (cost=0.00..346232.03 rows=164423 width=4) (actual time=4831.696..5450.978 rows=197754 loops=1)
        Filter: (info_type_id > 106)
        Rows Removed by Filter: 14637966
  ->  Hash  (cost=101962.64..101962.64 rows=34230 width=8) (actual time=1891.729..1891.729 rows=31608 loops=1)
        Buckets: 65536  Batches: 1  Memory Usage: 1747kB
        ->  Hash Join  (cost=74709.85..101962.64 rows=34230 width=8) (actual time=1239.029..1880.855 rows=31608 loops=1)
              Hash Cond: (mi_idx.movie_id = t.id)
              ->  Seq Scan on movie_info_idx mi_idx  (cost=0.00..21735.35 rows=1380035 width=4) (actual time=0.030..301.200 rows=1380035 loops=1)
              ->  Hash  (cost=73925.90..73925.90 rows=62716 width=4) (actual time=1238.552..1238.552 rows=71543 loops=1)
                    Buckets: 131072 (originally 65536)  Batches: 1 (originally 1)  Memory Usage: 3540kB
                    ->  Seq Scan on title t  (cost=0.00..73925.90 rows=62716 width=4) (actual time=0.041..1206.332 rows=71543 loops=1)
                          Filter: ((kind_id > 1) AND (production_year = 2004))
                          Rows Removed by Filter: 2456769
Planning time: 0.798 ms
Execution time: 7374.650 ms
