Hash Join  (cost=578333.99..1764905.44 rows=7382907 width=0) (actual time=14499.814..47734.924 rows=26632082 loops=1)
  Hash Cond: (ci.movie_id = t.id)
  ->  Seq Scan on cast_info ci  (cost=0.00..705507.15 rows=22681820 width=4) (actual time=0.024..15017.188 rows=22545504 loops=1)
        Filter: (person_id < 2300128)
        Rows Removed by Filter: 13698840
  ->  Hash  (cost=564831.07..564831.07 rows=823033 width=8) (actual time=14498.249..14498.249 rows=1388469 loops=1)
        Buckets: 131072 (originally 131072)  Batches: 32 (originally 16)  Memory Usage: 3073kB
        ->  Hash Join  (cost=76242.82..564831.07 rows=823033 width=8) (actual time=1151.403..13033.059 rows=1388469 loops=1)
              Hash Cond: (mi.movie_id = t.id)
              ->  Seq Scan on movie_info mi  (cost=0.00..309384.22 rows=14739122 width=4) (actual time=0.019..5948.460 rows=14835720 loops=1)
              ->  Hash  (cost=73925.90..73925.90 rows=141193 width=4) (actual time=1099.563..1099.563 rows=132182 loops=1)
                    Buckets: 131072  Batches: 2  Memory Usage: 3346kB
                    ->  Seq Scan on title t  (cost=0.00..73925.90 rows=141193 width=4) (actual time=20.889..1052.332 rows=132182 loops=1)
                          Filter: ((production_year > 2009) AND (kind_id = 1))
                          Rows Removed by Filter: 2396130
Planning time: 1.308 ms
Execution time: 50798.111 ms
