Seq Scan on movie_keyword mk  (cost=0.00..81003.12 rows=617071 width=0) (actual time=0.027..1284.590 rows=615915 loops=1)
  Filter: (keyword_id > 29608)
  Rows Removed by Filter: 3908015
Planning time: 0.319 ms
Execution time: 1362.206 ms
