Hash Join  (cost=73982.55..129336.11 rows=1879 width=0) (actual time=2018.796..2411.612 rows=1423 loops=1)
  Hash Cond: (mc.movie_id = t.id)
  ->  Seq Scan on movie_companies mc  (cost=0.00..51404.11 rows=1048173 width=4) (actual time=0.019..1016.418 rows=1058469 loops=1)
        Filter: (company_id > 14779)
        Rows Removed by Filter: 1550660
  ->  Hash  (cost=73925.90..73925.90 rows=4532 width=4) (actual time=1184.103..1184.103 rows=7945 loops=1)
        Buckets: 8192  Batches: 1  Memory Usage: 344kB
        ->  Seq Scan on title t  (cost=0.00..73925.90 rows=4532 width=4) (actual time=0.022..1180.200 rows=7945 loops=1)
              Filter: ((kind_id = 7) AND (production_year = 1977))
              Rows Removed by Filter: 2520367
Planning time: 0.541 ms
Execution time: 2411.892 ms
