Hash Join  (cost=84571.72..797561.68 rows=89863 width=0) (actual time=4381.799..14664.069 rows=108773 loops=1)
  Hash Cond: (ci.movie_id = t.id)
  ->  Seq Scan on cast_info ci  (cost=0.00..705507.15 rows=350181 width=4) (actual time=2970.194..12982.376 rows=316118 loops=1)
        Filter: (role_id > 10)
        Rows Removed by Filter: 35928226
  ->  Hash  (cost=73925.90..73925.90 rows=648865 width=4) (actual time=1410.577..1410.577 rows=656311 loops=1)
        Buckets: 131072  Batches: 16  Memory Usage: 2462kB
        ->  Seq Scan on title t  (cost=0.00..73925.90 rows=648865 width=4) (actual time=0.022..1211.784 rows=656311 loops=1)
              Filter: ((kind_id < 2) AND (production_year > 0))
              Rows Removed by Filter: 1872001
Planning time: 0.766 ms
Execution time: 14676.773 ms
