Seq Scan on cast_info ci  (cost=0.00..796071.18 rows=2347867 width=0) (actual time=8144.552..12965.353 rows=1492386 loops=1)
  Filter: ((person_id < 2133214) AND (role_id = 3))
  Rows Removed by Filter: 34751958
Planning time: 0.365 ms
Execution time: 13141.538 ms
