Hash Join  (cost=260623.41..1180522.53 rows=4035378 width=0) (actual time=5189.937..26234.245 rows=2183231 loops=1)
  Hash Cond: (ci.movie_id = t.id)
  ->  Seq Scan on cast_info ci  (cost=0.00..796071.18 rows=5996033 width=4) (actual time=0.033..16976.636 rows=7450650 loops=1)
        Filter: ((person_id > 614830) AND (role_id = 2))
        Rows Removed by Filter: 28793694
  ->  Hash  (cost=232703.92..232703.92 rows=1701719 width=8) (actual time=5187.545..5187.545 rows=427584 loops=1)
        Buckets: 131072  Batches: 32  Memory Usage: 1541kB
        ->  Hash Join  (cost=92883.59..232703.92 rows=1701719 width=8) (actual time=1759.438..5065.318 rows=427584 loops=1)
              Hash Cond: (mk.movie_id = t.id)
              ->  Seq Scan on movie_keyword mk  (cost=0.00..81003.12 rows=2792603 width=4) (actual time=0.027..1723.800 rows=2782086 loops=1)
                    Filter: (keyword_id > 2845)
                    Rows Removed by Filter: 1741844
              ->  Hash  (cost=67604.59..67604.59 rows=1540800 width=4) (actual time=1756.822..1756.822 rows=1543264 loops=1)
                    Buckets: 131072  Batches: 32  Memory Usage: 2728kB
                    ->  Seq Scan on title t  (cost=0.00..67604.59 rows=1540800 width=4) (actual time=0.028..1243.025 rows=1543264 loops=1)
                          Filter: (kind_id = 7)
                          Rows Removed by Filter: 985048
Planning time: 8.894 ms
Execution time: 26473.914 ms
