Seq Scan on movie_keyword mk  (cost=0.00..81003.12 rows=979591 width=0) (actual time=0.022..1379.481 rows=983846 loops=1)
  Filter: (keyword_id > 18816)
  Rows Removed by Filter: 3540084
Planning time: 0.280 ms
Execution time: 1510.104 ms
