Seq Scan on cast_info ci  (cost=0.00..796071.18 rows=435 width=0) (actual time=783.361..13627.522 rows=222 loops=1)
  Filter: ((role_id < 10) AND (person_id = 331709))
  Rows Removed by Filter: 36244122
Planning time: 0.408 ms
Execution time: 13627.695 ms
