Seq Scan on movie_companies mc  (cost=0.00..57926.93 rows=821968 width=0) (actual time=0.026..1095.566 rows=1129081 loops=1)
  Filter: ((company_id < 18968) AND (company_type_id < 2))
  Rows Removed by Filter: 1480048
Planning time: 0.339 ms
Execution time: 1233.683 ms
