Hash Join  (cost=102767.86..1000073.64 rows=7560285 width=0) (actual time=1955.745..21586.193 rows=7478643 loops=1)
  Hash Cond: (ci.movie_id = t.id)
  ->  Seq Scan on cast_info ci  (cost=0.00..705507.15 rows=7560285 width=4) (actual time=0.077..12569.597 rows=7478643 loops=1)
        Filter: (person_id < 724160)
        Rows Removed by Filter: 28765701
  ->  Hash  (cost=61283.27..61283.27 rows=2528527 width=4) (actual time=1954.920..1954.920 rows=2528312 loops=1)
        Buckets: 131072  Batches: 64  Memory Usage: 2415kB
        ->  Seq Scan on title t  (cost=0.00..61283.27 rows=2528527 width=4) (actual time=0.020..1108.221 rows=2528312 loops=1)
Planning time: 0.646 ms
Execution time: 22450.309 ms
