Hash Join  (cost=964344.11..1529641.89 rows=8012185 width=0) (actual time=18874.577..35302.322 rows=10190904 loops=1)
  Hash Cond: (mi.movie_id = t.id)
  ->  Seq Scan on movie_info mi  (cost=0.00..309384.22 rows=14739122 width=4) (actual time=0.016..6044.371 rows=14835720 loops=1)
  ->  Hash  (cost=941792.78..941792.78 rows=1374507 width=8) (actual time=18873.817..18873.817 rows=1362328 loops=1)
        Buckets: 131072  Batches: 32  Memory Usage: 2680kB
        ->  Hash Join  (cost=102767.86..941792.78 rows=1374507 width=8) (actual time=3642.736..18511.716 rows=1362328 loops=1)
              Hash Cond: (ci.movie_id = t.id)
              ->  Seq Scan on cast_info ci  (cost=0.00..796071.18 rows=1374507 width=4) (actual time=1653.458..15040.502 rows=1362328 loops=1)
                    Filter: ((person_id > 723250) AND (role_id = 8))
                    Rows Removed by Filter: 34882016
              ->  Hash  (cost=61283.27..61283.27 rows=2528527 width=4) (actual time=1987.970..1987.970 rows=2528312 loops=1)
                    Buckets: 131072  Batches: 64  Memory Usage: 2415kB
                    ->  Seq Scan on title t  (cost=0.00..61283.27 rows=2528527 width=4) (actual time=0.031..1143.288 rows=2528312 loops=1)
Planning time: 0.757 ms
Execution time: 36467.382 ms
