Hash Join  (cost=68449.54..154818.79 rows=35709 width=0) (actual time=1139.666..2842.451 rows=45216 loops=1)
  Hash Cond: (mk.movie_id = t.id)
  ->  Seq Scan on movie_keyword mk  (cost=0.00..81003.12 rows=1335743 width=4) (actual time=0.027..1429.851 rows=1353666 loops=1)
        Filter: (keyword_id < 1767)
        Rows Removed by Filter: 3170264
  ->  Hash  (cost=67604.59..67604.59 rows=67596 width=4) (actual time=1138.626..1138.626 rows=67777 loops=1)
        Buckets: 131072  Batches: 1  Memory Usage: 3407kB
        ->  Seq Scan on title t  (cost=0.00..67604.59 rows=67596 width=4) (actual time=0.022..1110.920 rows=67777 loops=1)
              Filter: (production_year = 2003)
              Rows Removed by Filter: 2460535
Planning time: 0.763 ms
Execution time: 2848.988 ms
