Seq Scan on movie_keyword mk  (cost=0.00..81003.12 rows=246 width=0) (actual time=39.528..1268.497 rows=6 loops=1)
  Filter: (keyword_id = 39031)
  Rows Removed by Filter: 4523924
Planning time: 0.243 ms
Execution time: 1268.570 ms
