Seq Scan on cast_info ci  (cost=0.00..705507.15 rows=13572703 width=0) (actual time=105.739..11935.128 rows=13526672 loops=1)
  Filter: (person_id < 1333427)
  Rows Removed by Filter: 22717672
Planning time: 0.333 ms
Execution time: 13605.316 ms
