Seq Scan on movie_keyword mk  (cost=0.00..81003.12 rows=775555 width=0) (actual time=0.066..1356.272 rows=784071 loops=1)
  Filter: (keyword_id > 24036)
  Rows Removed by Filter: 3739859
Planning time: 0.323 ms
Execution time: 1457.880 ms
