Seq Scan on cast_info ci  (cost=0.00..705507.15 rows=33832131 width=0) (actual time=0.030..12989.834 rows=33801433 loops=1)
  Filter: (person_id < 3586081)
  Rows Removed by Filter: 2442911
Planning time: 0.349 ms
Execution time: 17093.434 ms
