Seq Scan on cast_info ci  (cost=0.00..705507.15 rows=17330846 width=0) (actual time=0.124..12014.694 rows=17451212 loops=1)
  Filter: (person_id > 1872880)
  Rows Removed by Filter: 18793132
Planning time: 0.302 ms
Execution time: 14194.186 ms
