Hash Join  (cost=74119.74..944881.59 rows=120185 width=0) (actual time=1972.810..21763.880 rows=116129 loops=1)
  Hash Cond: (ci.movie_id = t.id)
  ->  Seq Scan on cast_info ci  (cost=0.00..796071.18 rows=19597017 width=4) (actual time=930.433..16659.383 rows=20122661 loops=1)
        Filter: ((person_id < 3907519) AND (role_id < 3))
        Rows Removed by Filter: 16121683
  ->  Hash  (cost=73925.90..73925.90 rows=15507 width=4) (actual time=1041.943..1041.943 rows=11835 loops=1)
        Buckets: 16384  Batches: 1  Memory Usage: 545kB
        ->  Seq Scan on title t  (cost=0.00..73925.90 rows=15507 width=4) (actual time=0.399..1036.155 rows=11835 loops=1)
              Filter: ((kind_id < 7) AND (production_year = 1995))
              Rows Removed by Filter: 2516477
Planning time: 0.813 ms
Execution time: 21784.448 ms
