Seq Scan on cast_info ci  (cost=0.00..705507.15 rows=16574867 width=0) (actual time=0.024..12300.701 rows=16429306 loops=1)
  Filter: (person_id < 1626737)
  Rows Removed by Filter: 19815038
Planning time: 0.301 ms
Execution time: 14389.972 ms
