Hash Join  (cost=133544.49..498422.02 rows=182384 width=0) (actual time=6393.583..9231.050 rows=1229743 loops=1)
  Hash Cond: (mi.movie_id = t.id)
  ->  Seq Scan on movie_info mi  (cost=0.00..346232.03 rows=1338312 width=4) (actual time=3123.029..5266.255 rows=1401902 loops=1)
        Filter: (info_type_id = 7)
        Rows Removed by Filter: 13433818
  ->  Hash  (cost=127890.17..127890.17 rows=344585 width=8) (actual time=3018.683..3018.683 rows=625433 loops=1)
        Buckets: 131072 (originally 131072)  Batches: 16 (originally 8)  Memory Usage: 4101kB
        ->  Hash Join  (cost=84284.84..127890.17 rows=344585 width=8) (actual time=1496.611..2849.555 rows=625433 loops=1)
              Hash Cond: (mi_idx.movie_id = t.id)
              ->  Seq Scan on movie_info_idx mi_idx  (cost=0.00..21735.35 rows=1380035 width=4) (actual time=0.029..478.019 rows=1380035 loops=1)
              ->  Hash  (cost=73925.90..73925.90 rows=631355 width=4) (actual time=1495.612..1495.612 rows=634290 loops=1)
                    Buckets: 131072  Batches: 16  Memory Usage: 2416kB
                    ->  Seq Scan on title t  (cost=0.00..73925.90 rows=631355 width=4) (actual time=552.191..1299.863 rows=634290 loops=1)
                          Filter: ((production_year < 2013) AND (kind_id = 1))
                          Rows Removed by Filter: 1894022
Planning time: 0.737 ms
Execution time: 9349.217 ms
