Hash Join  (cost=92128.39..1004956.26 rows=5584000 width=0) (actual time=4317.090..25016.341 rows=5662864 loops=1)
  Hash Cond: (ci.movie_id = t.id)
  ->  Seq Scan on cast_info ci  (cost=0.00..705507.15 rows=12726058 width=4) (actual time=2561.031..14703.213 rows=12670688 loops=1)
        Filter: (role_id < 2)
        Rows Removed by Filter: 23573656
  ->  Hash  (cost=73925.90..73925.90 rows=1109479 width=4) (actual time=1754.845..1754.845 rows=1201090 loops=1)
        Buckets: 131072  Batches: 16  Memory Usage: 3674kB
        ->  Seq Scan on title t  (cost=0.00..73925.90 rows=1109479 width=4) (actual time=0.015..1373.169 rows=1201090 loops=1)
              Filter: ((production_year > 1987) AND (kind_id = 7))
              Rows Removed by Filter: 1327222
Planning time: 10.429 ms
Execution time: 25629.341 ms
