Seq Scan on cast_info ci  (cost=0.00..796071.18 rows=3381317 width=0) (actual time=1145.710..15346.907 rows=4021124 loops=1)
  Filter: ((person_id > 754688) AND (role_id = 10))
  Rows Removed by Filter: 32223220
Planning time: 0.271 ms
Execution time: 15836.065 ms
