Seq Scan on cast_info ci  (cost=0.00..705507.15 rows=500 width=0) (actual time=751.184..10165.991 rows=77 loops=1)
  Filter: (person_id = 1369261)
  Rows Removed by Filter: 36244267
Planning time: 2.291 ms
Execution time: 10166.112 ms
