Seq Scan on movie_companies mc  (cost=0.00..57926.93 rows=526205 width=0) (actual time=0.027..900.156 rows=239209 loops=1)
  Filter: ((company_id > 14294) AND (company_type_id < 2))
  Rows Removed by Filter: 2369920
Planning time: 0.347 ms
Execution time: 931.361 ms
