Seq Scan on cast_info ci  (cost=0.00..796071.18 rows=3700143 width=0) (actual time=0.011..14982.217 rows=5005011 loops=1)
  Filter: ((person_id > 1298640) AND (role_id > 8))
  Rows Removed by Filter: 31239333
Planning time: 4.268 ms
Execution time: 15618.846 ms
