Hash Join  (cost=155973.24..210807.69 rows=16893 width=0) (actual time=2588.119..3895.057 rows=224649 loops=1)
  Hash Cond: (mc.movie_id = t.id)
  ->  Seq Scan on movie_companies mc  (cost=0.00..44881.29 rows=2609129 width=4) (actual time=0.031..613.108 rows=2609129 loops=1)
  ->  Hash  (cost=155768.60..155768.60 rows=16371 width=8) (actual time=2587.934..2587.934 rows=34997 loops=1)
        Buckets: 65536 (originally 16384)  Batches: 1 (originally 1)  Memory Usage: 1880kB
        ->  Hash Join  (cost=71711.64..155768.60 rows=16371 width=8) (actual time=1108.433..2575.943 rows=34997 loops=1)
              Hash Cond: (mk.movie_id = t.id)
              ->  Seq Scan on movie_keyword mk  (cost=0.00..81003.12 rows=165367 width=4) (actual time=0.025..1340.338 rows=160229 loops=1)
                    Filter: (keyword_id > 72835)
                    Rows Removed by Filter: 4363701
              ->  Hash  (cost=67604.59..67604.59 rows=250324 width=4) (actual time=1107.597..1107.597 rows=252521 loops=1)
                    Buckets: 131072  Batches: 4  Memory Usage: 3250kB
                    ->  Seq Scan on title t  (cost=0.00..67604.59 rows=250324 width=4) (actual time=0.025..1014.634 rows=252521 loops=1)
                          Filter: (production_year < 1961)
                          Rows Removed by Filter: 2275791
Planning time: 2.058 ms
Execution time: 3922.964 ms
