Nested Loop  (cost=0.43..796392.66 rows=29 width=0) (actual time=6971.964..10604.595 rows=43 loops=1)
  ->  Seq Scan on cast_info ci  (cost=0.00..796071.18 rows=38 width=4) (actual time=6971.770..10603.846 rows=45 loops=1)
        Filter: ((person_id = 2810905) AND (role_id = 4))
        Rows Removed by Filter: 36244299
  ->  Index Scan using title_pkey on title t  (cost=0.43..8.45 rows=1 width=4) (actual time=0.015..0.015 rows=1 loops=45)
        Index Cond: (id = ci.movie_id)
        Filter: (production_year > 1979)
        Rows Removed by Filter: 0
Planning time: 0.774 ms
Execution time: 10604.701 ms
