Seq Scan on movie_keyword mk  (cost=0.00..81003.12 rows=1457007 width=0) (actual time=0.030..1452.238 rows=1470954 loops=1)
  Filter: (keyword_id < 2102)
  Rows Removed by Filter: 3052976
Planning time: 0.335 ms
Execution time: 1638.200 ms
