Hash Join  (cost=83810.17..434180.53 rows=7007 width=0) (actual time=4702.690..7314.939 rows=120434 loops=1)
  Hash Cond: (mi.movie_id = t.id)
  ->  Seq Scan on movie_info mi  (cost=0.00..346232.03 rows=17937 width=4) (actual time=2910.100..5313.620 rows=121863 loops=1)
        Filter: (info_type_id = 105)
        Rows Removed by Filter: 14713857
  ->  Hash  (cost=67604.59..67604.59 rows=987727 width=4) (actual time=1773.386..1773.386 rows=985048 loops=1)
        Buckets: 131072  Batches: 16  Memory Usage: 3197kB
        ->  Seq Scan on title t  (cost=0.00..67604.59 rows=987727 width=4) (actual time=0.031..1116.210 rows=985048 loops=1)
              Filter: (kind_id < 7)
              Rows Removed by Filter: 1543264
Planning time: 0.510 ms
Execution time: 7326.081 ms
