Hash Join  (cost=227904.76..1038206.86 rows=245252 width=0) (actual time=9240.919..17212.015 rows=1731847 loops=1)
  Hash Cond: (ci.movie_id = t.id)
  ->  Seq Scan on cast_info ci  (cost=0.00..796071.18 rows=732640 width=4) (actual time=4643.507..11503.077 rows=1449546 loops=1)
        Filter: ((person_id < 198840) AND (role_id = 1))
        Rows Removed by Filter: 34794798
  ->  Hash  (cost=214017.42..214017.42 rows=846427 width=8) (actual time=4596.343..4596.343 rows=852708 loops=1)
        Buckets: 131072  Batches: 16  Memory Usage: 3146kB
        ->  Hash Join  (cost=102767.86..214017.42 rows=846427 width=8) (actual time=2010.544..4387.513 rows=852708 loops=1)
              Hash Cond: (mk.movie_id = t.id)
              ->  Seq Scan on movie_keyword mk  (cost=0.00..81003.12 rows=846427 width=4) (actual time=0.030..1410.916 rows=852708 loops=1)
                    Filter: (keyword_id > 21544)
                    Rows Removed by Filter: 3671222
              ->  Hash  (cost=61283.27..61283.27 rows=2528527 width=4) (actual time=2009.391..2009.391 rows=2528312 loops=1)
                    Buckets: 131072  Batches: 64  Memory Usage: 2425kB
                    ->  Seq Scan on title t  (cost=0.00..61283.27 rows=2528527 width=4) (actual time=0.016..1148.295 rows=2528312 loops=1)
Planning time: 1.123 ms
Execution time: 17382.324 ms
