Hash Join  (cost=219280.05..751639.63 rows=5290569 width=0) (actual time=4649.958..20725.657 rows=12287975 loops=1)
  Hash Cond: (mi.movie_id = t.id)
  ->  Seq Scan on movie_info mi  (cost=0.00..346232.03 rows=11115165 width=4) (actual time=0.022..6847.455 rows=11210743 loops=1)
        Filter: (info_type_id > 3)
        Rows Removed by Filter: 3624977
  ->  Hash  (cost=199534.03..199534.03 rows=1203522 width=8) (actual time=4648.549..4648.549 rows=1084392 loops=1)
        Buckets: 131072  Batches: 16  Memory Usage: 3673kB
        ->  Hash Join  (cost=102767.86..199534.03 rows=1203522 width=8) (actual time=2030.225..4327.624 rows=1084392 loops=1)
              Hash Cond: (mc.movie_id = t.id)
              ->  Seq Scan on movie_companies mc  (cost=0.00..57926.93 rows=1203522 width=4) (actual time=151.605..1153.085 rows=1084392 loops=1)
                    Filter: ((company_id < 101116) AND (company_type_id > 1))
                    Rows Removed by Filter: 1524737
              ->  Hash  (cost=61283.27..61283.27 rows=2528527 width=4) (actual time=1877.212..1877.212 rows=2528312 loops=1)
                    Buckets: 131072  Batches: 64  Memory Usage: 2415kB
                    ->  Seq Scan on title t  (cost=0.00..61283.27 rows=2528527 width=4) (actual time=0.023..1028.649 rows=2528312 loops=1)
Planning time: 1.171 ms
Execution time: 22074.910 ms
