Seq Scan on movie_companies mc  (cost=0.00..51404.11 rows=699628 width=0) (actual time=0.391..859.083 rows=689505 loops=1)
  Filter: (company_id < 1260)
  Rows Removed by Filter: 1919624
Planning time: 0.316 ms
Execution time: 942.823 ms
