Seq Scan on movie_keyword mk  (cost=0.00..81003.12 rows=246 width=12) (actual time=10.388..1483.858 rows=21 loops=1)
  Filter: (keyword_id = 53776)
  Rows Removed by Filter: 4523909
Planning time: 0.337 ms
Execution time: 1483.895 ms
