Hash Join  (cost=182671.50..224673.08 rows=251110 width=0) (actual time=3857.886..5138.912 rows=638189 loops=1)
  Hash Cond: (mi_idx.movie_id = t.id)
  ->  Seq Scan on movie_info_idx mi_idx  (cost=0.00..21735.35 rows=1380035 width=4) (actual time=0.020..418.940 rows=1380035 loops=1)
  ->  Hash  (cost=175122.40..175122.40 rows=460088 width=8) (actual time=3857.047..3857.047 rows=462961 loops=1)
        Buckets: 131072  Batches: 8  Memory Usage: 3297kB
        ->  Hash Join  (cost=102767.86..175122.40 rows=460088 width=8) (actual time=2455.492..3713.404 rows=462961 loops=1)
              Hash Cond: (mc.movie_id = t.id)
              ->  Seq Scan on movie_companies mc  (cost=0.00..51404.11 rows=460088 width=4) (actual time=401.798..825.261 rows=462961 loops=1)
                    Filter: (company_id > 76379)
                    Rows Removed by Filter: 2146168
              ->  Hash  (cost=61283.27..61283.27 rows=2528527 width=4) (actual time=2052.814..2052.814 rows=2528312 loops=1)
                    Buckets: 131072  Batches: 64  Memory Usage: 2415kB
                    ->  Seq Scan on title t  (cost=0.00..61283.27 rows=2528527 width=4) (actual time=0.022..1059.231 rows=2528312 loops=1)
Planning time: 1.110 ms
Execution time: 5224.729 ms
