Hash Join  (cost=167068.47..305314.91 rows=807240 width=0) (actual time=3812.107..12546.858 rows=22902956 loops=1)
  Hash Cond: (mk.movie_id = t.id)
  ->  Seq Scan on movie_keyword mk  (cost=0.00..81003.12 rows=4083711 width=4) (actual time=0.024..1843.822 rows=4087395 loops=1)
        Filter: (keyword_id < 40250)
        Rows Removed by Filter: 436535
  ->  Hash  (cost=158867.70..158867.70 rows=499822 width=8) (actual time=3810.719..3810.719 rows=957407 loops=1)
        Buckets: 131072 (originally 131072)  Batches: 16 (originally 8)  Memory Usage: 3430kB
        ->  Hash Join  (cost=83810.17..158867.70 rows=499822 width=8) (actual time=1536.318..3555.645 rows=957407 loops=1)
              Hash Cond: (mc.movie_id = t.id)
              ->  Seq Scan on movie_companies mc  (cost=0.00..51404.11 rows=1279517 width=4) (actual time=0.026..1015.370 rows=1274246 loops=1)
                    Filter: (company_type_id < 2)
                    Rows Removed by Filter: 1334883
              ->  Hash  (cost=67604.59..67604.59 rows=987727 width=4) (actual time=1535.302..1535.302 rows=985048 loops=1)
                    Buckets: 131072  Batches: 16  Memory Usage: 3188kB
                    ->  Seq Scan on title t  (cost=0.00..67604.59 rows=987727 width=4) (actual time=0.021..1232.299 rows=985048 loops=1)
                          Filter: (kind_id < 7)
                          Rows Removed by Filter: 1543264
Planning time: 1.114 ms
Execution time: 15101.389 ms
