Hash Join  (cost=81530.55..155342.04 rows=429519 width=0) (actual time=1430.178..3387.309 rows=623234 loops=1)
  Hash Cond: (mc.movie_id = t.id)
  ->  Seq Scan on movie_companies mc  (cost=0.00..51404.11 rows=1279517 width=4) (actual time=0.022..1001.255 rows=1274246 loops=1)
        Filter: (company_type_id = 1)
        Rows Removed by Filter: 1334883
  ->  Hash  (cost=67604.59..67604.59 rows=848797 width=4) (actual time=1429.069..1429.069 rows=849141 loops=1)
        Buckets: 131072  Batches: 16  Memory Usage: 2892kB
        ->  Seq Scan on title t  (cost=0.00..67604.59 rows=848797 width=4) (actual time=0.021..1163.327 rows=849141 loops=1)
              Filter: (production_year < 1996)
              Rows Removed by Filter: 1679171
Planning time: 0.748 ms
Execution time: 3464.257 ms
