Hash Join  (cost=157814.18..523932.76 rows=146265 width=0) (actual time=3064.272..11664.388 rows=355568 loops=1)
  Hash Cond: (mi.movie_id = t.id)
  ->  Seq Scan on movie_info mi  (cost=0.00..309384.22 rows=14739122 width=4) (actual time=0.030..4585.730 rows=14835720 loops=1)
  ->  Hash  (cost=157500.53..157500.53 rows=25092 width=8) (actual time=3063.949..3063.949 rows=34593 loops=1)
        Buckets: 65536 (originally 32768)  Batches: 1 (originally 1)  Memory Usage: 1864kB
        ->  Hash Join  (cost=98137.04..157500.53 rows=25092 width=8) (actual time=1835.422..3050.774 rows=34593 loops=1)
              Hash Cond: (mc.movie_id = t.id)
              ->  Seq Scan on movie_companies mc  (cost=0.00..51404.11 rows=34093 width=4) (actual time=0.103..867.941 rows=36136 loops=1)
                    Filter: (company_id = 160)
                    Rows Removed by Filter: 2572993
              ->  Hash  (cost=67604.59..67604.59 rows=1860996 width=4) (actual time=1833.735..1833.735 rows=1865487 loops=1)
                    Buckets: 131072  Batches: 32  Memory Usage: 3079kB
                    ->  Seq Scan on title t  (cost=0.00..67604.59 rows=1860996 width=4) (actual time=0.020..1234.281 rows=1865487 loops=1)
                          Filter: (kind_id > 1)
                          Rows Removed by Filter: 662825
Planning time: 1.205 ms
Execution time: 11713.831 ms
