Seq Scan on cast_info ci  (cost=0.00..796071.18 rows=176 width=0) (actual time=2637.432..10874.835 rows=1 loops=1)
  Filter: ((person_id = 969550) AND (role_id = 1))
  Rows Removed by Filter: 36244343
Planning time: 0.409 ms
Execution time: 10874.937 ms
