Seq Scan on movie_keyword mk  (cost=0.00..81003.12 rows=2736871 width=0) (actual time=0.027..1573.464 rows=2726049 loops=1)
  Filter: (keyword_id > 2905)
  Rows Removed by Filter: 1797881
Planning time: 0.316 ms
Execution time: 1908.421 ms
