Seq Scan on cast_info ci  (cost=0.00..705507.15 rows=4355828 width=0) (actual time=5604.809..10803.224 rows=4404072 loops=1)
  Filter: (person_id > 3256584)
  Rows Removed by Filter: 31840272
Planning time: 0.329 ms
Execution time: 11369.895 ms
