Seq Scan on movie_companies mc  (cost=0.00..57926.93 rows=893330 width=0) (actual time=262.693..1122.734 rows=1085724 loops=1)
  Filter: ((company_id > 2366) AND (company_type_id = 2))
  Rows Removed by Filter: 1523405
Planning time: 0.379 ms
Execution time: 1256.947 ms
