Hash Join  (cost=102767.86..958741.02 rows=2078891 width=0) (actual time=4213.188..14719.673 rows=158034 loops=1)
  Hash Cond: (ci.movie_id = t.id)
  ->  Seq Scan on cast_info ci  (cost=0.00..796071.18 rows=2078891 width=4) (actual time=2238.713..12230.823 rows=158034 loops=1)
        Filter: ((person_id > 2678485) AND (role_id = 2))
        Rows Removed by Filter: 36086310
  ->  Hash  (cost=61283.27..61283.27 rows=2528527 width=4) (actual time=1973.191..1973.191 rows=2528312 loops=1)
        Buckets: 131072  Batches: 64  Memory Usage: 2415kB
        ->  Seq Scan on title t  (cost=0.00..61283.27 rows=2528527 width=4) (actual time=0.029..1119.785 rows=2528312 loops=1)
Planning time: 0.791 ms
Execution time: 14737.239 ms
