Seq Scan on cast_info ci  (cost=0.00..796071.18 rows=5084122 width=0) (actual time=9715.619..15044.849 rows=2492744 loops=1)
  Filter: ((person_id < 3222387) AND (role_id > 8))
  Rows Removed by Filter: 33751600
Planning time: 0.373 ms
Execution time: 15361.392 ms
