Seq Scan on movie_keyword mk  (cost=0.00..81003.12 rows=246 width=0) (actual time=0.539..1238.270 rows=146 loops=1)
  Filter: (keyword_id = 25462)
  Rows Removed by Filter: 4523784
Planning time: 0.333 ms
Execution time: 1238.443 ms
