Hash Join  (cost=319290.19..1020986.11 rows=16452723 width=0) (actual time=7709.456..57180.565 rows=162944650 loops=1)
  Hash Cond: (mi.movie_id = t.id)
  ->  Seq Scan on movie_info mi  (cost=0.00..346232.03 rows=12665229 width=4) (actual time=0.020..7173.180 rows=12744652 loops=1)
        Filter: (info_type_id > 2)
        Rows Removed by Filter: 2091068
  ->  Hash  (cost=265400.77..265400.77 rows=3284674 width=8) (actual time=7706.969..7706.969 rows=2946979 loops=1)
        Buckets: 131072  Batches: 64  Memory Usage: 2878kB
        ->  Hash Join  (cost=97725.07..265400.77 rows=3284674 width=8) (actual time=2302.163..6876.344 rows=2946979 loops=1)
              Hash Cond: (mk.movie_id = t.id)
              ->  Seq Scan on movie_keyword mk  (cost=0.00..69693.30 rows=4523930 width=4) (actual time=0.019..1491.127 rows=4523930 loops=1)
              ->  Hash  (cost=67604.59..67604.59 rows=1835879 width=4) (actual time=2300.733..2300.733 rows=1833367 loops=1)
                    Buckets: 131072  Batches: 32  Memory Usage: 3053kB
                    ->  Seq Scan on title t  (cost=0.00..67604.59 rows=1835879 width=4) (actual time=0.018..1329.776 rows=1833367 loops=1)
                          Filter: (production_year > 1986)
                          Rows Removed by Filter: 694945
Planning time: 1.259 ms
Execution time: 74883.479 ms
