Seq Scan on movie_keyword mk  (cost=0.00..81003.12 rows=4391255 width=0) (actual time=0.024..1658.480 rows=4394440 loops=1)
  Filter: (keyword_id < 76496)
  Rows Removed by Filter: 129490
Planning time: 0.336 ms
Execution time: 2207.489 ms
