Hash Join  (cost=83074.74..137742.81 rows=254 width=0) (actual time=1269.202..2388.336 rows=649 loops=1)
  Hash Cond: (mc.movie_id = t.id)
  ->  Seq Scan on movie_companies mc  (cost=0.00..44881.29 rows=2609129 width=4) (actual time=0.024..676.961 rows=2609129 loops=1)
  ->  Hash  (cost=83071.67..83071.67 rows=246 width=8) (actual time=1266.718..1266.718 rows=88 loops=1)
        Buckets: 1024  Batches: 1  Memory Usage: 12kB
        ->  Nested Loop  (cost=0.43..83071.67 rows=246 width=8) (actual time=28.291..1266.611 rows=88 loops=1)
              ->  Seq Scan on movie_keyword mk  (cost=0.00..81003.12 rows=246 width=4) (actual time=28.191..1263.524 rows=88 loops=1)
                    Filter: (keyword_id = 3436)
                    Rows Removed by Filter: 4523842
              ->  Index Only Scan using title_pkey on title t  (cost=0.43..8.40 rows=1 width=4) (actual time=0.031..0.031 rows=1 loops=88)
                    Index Cond: (id = mk.movie_id)
                    Heap Fetches: 88
Planning time: 1.263 ms
Execution time: 2388.573 ms
