Seq Scan on movie_keyword mk  (cost=0.00..81003.12 rows=246 width=0) (actual time=0.463..1320.586 rows=2478 loops=1)
  Filter: (keyword_id = 2085)
  Rows Removed by Filter: 4521452
Planning time: 0.340 ms
Execution time: 1321.502 ms
