Seq Scan on cast_info ci  (cost=0.00..705507.15 rows=500 width=0) (actual time=570.501..10242.207 rows=56 loops=1)
  Filter: (person_id = 2318671)
  Rows Removed by Filter: 36244288
Planning time: 0.354 ms
Execution time: 10242.317 ms
