Hash Join  (cost=88735.04..134880.06 rows=492654 width=0) (actual time=1540.394..2961.265 rows=885032 loops=1)
  Hash Cond: (mi_idx.movie_id = t.id)
  ->  Seq Scan on movie_info_idx mi_idx  (cost=0.00..21735.35 rows=1380035 width=4) (actual time=0.021..511.020 rows=1380035 loops=1)
  ->  Hash  (cost=73925.90..73925.90 rows=902651 width=4) (actual time=1539.362..1539.362 rows=826317 loops=1)
        Buckets: 131072  Batches: 16  Memory Usage: 2840kB
        ->  Seq Scan on title t  (cost=0.00..73925.90 rows=902651 width=4) (actual time=0.014..1277.986 rows=826317 loops=1)
              Filter: ((kind_id < 7) AND (production_year > 1944))
              Rows Removed by Filter: 1701995
Planning time: 0.796 ms
Execution time: 3045.043 ms
