Hash Join  (cost=70241.71..841582.50 rows=339796 width=0) (actual time=1120.350..16566.970 rows=453339 loops=1)
  Hash Cond: (ci.movie_id = t.id)
  ->  Seq Scan on cast_info ci  (cost=0.00..705507.15 rows=5345513 width=4) (actual time=0.052..11589.181 rows=5421707 loops=1)
        Filter: (person_id > 3114547)
        Rows Removed by Filter: 30822637
  ->  Hash  (cost=67604.59..67604.59 rows=160730 width=4) (actual time=1119.366..1119.366 rows=160017 loops=1)
        Buckets: 131072  Batches: 4  Memory Usage: 2436kB
        ->  Seq Scan on title t  (cost=0.00..67604.59 rows=160730 width=4) (actual time=0.031..1062.473 rows=160017 loops=1)
              Filter: (production_year = 2011)
              Rows Removed by Filter: 2368295
Planning time: 0.778 ms
Execution time: 16628.871 ms
