Nested Loop  (cost=32807.94..740417.50 rows=92 width=0) (actual time=2241.107..12124.465 rows=67 loops=1)
  Join Filter: (ci.movie_id = t.id)
  ->  Hash Join  (cost=32807.51..740223.45 rows=229 width=8) (actual time=2240.962..12122.763 rows=67 loops=1)
        Hash Cond: (ci.movie_id = mi_idx.movie_id)
        ->  Seq Scan on cast_info ci  (cost=0.00..705507.15 rows=500 width=4) (actual time=1614.485..11421.943 rows=209 loops=1)
              Filter: (person_id = 470885)
              Rows Removed by Filter: 36244135
        ->  Hash  (cost=25185.44..25185.44 rows=464566 width=4) (actual time=625.616..625.616 rows=459925 loops=1)
              Buckets: 131072  Batches: 8  Memory Usage: 3050kB
              ->  Seq Scan on movie_info_idx mi_idx  (cost=0.00..25185.44 rows=464566 width=4) (actual time=0.030..480.841 rows=459925 loops=1)
                    Filter: (info_type_id = 101)
                    Rows Removed by Filter: 920110
  ->  Index Only Scan using title_pkey on title t  (cost=0.43..0.83 rows=1 width=4) (actual time=0.023..0.023 rows=1 loops=67)
        Index Cond: (id = mi_idx.movie_id)
        Heap Fetches: 67
Planning time: 0.816 ms
Execution time: 12124.887 ms
