Hash Join  (cost=256337.17..1196584.73 rows=4845057 width=0) (actual time=13834.166..48334.366 rows=72332493 loops=1)
  Hash Cond: (ci.movie_id = t.id)
  ->  Seq Scan on cast_info ci  (cost=0.00..796071.18 rows=6932362 width=4) (actual time=7248.340..15769.857 rows=12670688 loops=1)
        Filter: ((person_id < 1965812) AND (role_id = 1))
        Rows Removed by Filter: 23573656
  ->  Hash  (cost=227343.19..227343.19 rows=1767198 width=8) (actual time=6583.519..6583.519 rows=3878469 loops=1)
        Buckets: 131072 (originally 131072)  Batches: 64 (originally 32)  Memory Usage: 3438kB
        ->  Hash Join  (cost=83810.17..227343.19 rows=1767198 width=8) (actual time=1154.611..5560.396 rows=3878469 loops=1)
              Hash Cond: (mk.movie_id = t.id)
              ->  Seq Scan on movie_keyword mk  (cost=0.00..69693.30 rows=4523930 width=4) (actual time=0.024..1425.285 rows=4523930 loops=1)
              ->  Hash  (cost=67604.59..67604.59 rows=987727 width=4) (actual time=1152.019..1152.019 rows=985048 loops=1)
                    Buckets: 131072  Batches: 16  Memory Usage: 3197kB
                    ->  Seq Scan on title t  (cost=0.00..67604.59 rows=987727 width=4) (actual time=0.026..717.770 rows=985048 loops=1)
                          Filter: (kind_id < 7)
                          Rows Removed by Filter: 1543264
Planning time: 1.191 ms
Execution time: 55943.381 ms
