Seq Scan on cast_info ci  (cost=0.00..705507.15 rows=500 width=0) (actual time=1985.647..11167.504 rows=16 loops=1)
  Filter: (person_id = 253255)
  Rows Removed by Filter: 36244328
Planning time: 0.220 ms
Execution time: 11167.580 ms
