Hash Join  (cost=162745.67..517576.52 rows=36902 width=0) (actual time=3095.452..9635.463 rows=129716 loops=1)
  Hash Cond: (mi.movie_id = t.id)
  ->  Seq Scan on movie_info mi  (cost=0.00..346232.03 rows=2194617 width=4) (actual time=0.016..5616.569 rows=2233850 loops=1)
        Filter: (info_type_id > 16)
        Rows Removed by Filter: 12601870
  ->  Hash  (cost=162214.22..162214.22 rows=42516 width=8) (actual time=2941.741..2941.741 rows=85710 loops=1)
        Buckets: 131072 (originally 65536)  Batches: 2 (originally 1)  Memory Usage: 3073kB
        ->  Hash Join  (cost=69484.36..162214.22 rows=42516 width=8) (actual time=1187.236..2910.303 rows=85710 loops=1)
              Hash Cond: (mk.movie_id = t.id)
              ->  Seq Scan on movie_keyword mk  (cost=0.00..81003.12 rows=938554 width=4) (actual time=0.014..1386.980 rows=947744 loops=1)
                    Filter: (keyword_id > 20015)
                    Rows Removed by Filter: 3576186
              ->  Hash  (cost=67604.59..67604.59 rows=114542 width=4) (actual time=1186.445..1186.445 rows=118234 loops=1)
                    Buckets: 131072  Batches: 2  Memory Usage: 3107kB
                    ->  Seq Scan on title t  (cost=0.00..67604.59 rows=114542 width=4) (actual time=0.019..1143.161 rows=118234 loops=1)
                          Filter: (kind_id = 4)
                          Rows Removed by Filter: 2410078
Planning time: 0.774 ms
Execution time: 9653.723 ms
