Hash Join  (cost=170751.46..295905.02 rows=588481 width=0) (actual time=5106.037..6680.269 rows=282345 loops=1)
  Hash Cond: (mk.movie_id = t.id)
  ->  Seq Scan on movie_keyword mk  (cost=0.00..81003.12 rows=3149766 width=4) (actual time=0.026..1708.169 rows=3139252 loops=1)
        Filter: (keyword_id > 1860)
        Rows Removed by Filter: 1384678
  ->  Hash  (cost=163000.30..163000.30 rows=472413 width=8) (actual time=3666.685..3666.685 rows=288203 loops=1)
        Buckets: 131072  Batches: 8  Memory Usage: 2440kB
        ->  Hash Join  (cost=81437.64..163000.30 rows=472413 width=8) (actual time=1780.968..3574.524 rows=288203 loops=1)
              Hash Cond: (mc.movie_id = t.id)
              ->  Seq Scan on movie_companies mc  (cost=0.00..44881.29 rows=2609129 width=4) (actual time=0.017..856.674 rows=2609129 loops=1)
              ->  Hash  (cost=73925.90..73925.90 rows=457819 width=4) (actual time=1425.309..1425.309 rows=344212 loops=1)
                    Buckets: 131072  Batches: 8  Memory Usage: 2523kB
                    ->  Seq Scan on title t  (cost=0.00..73925.90 rows=457819 width=4) (actual time=189.526..1082.622 rows=344212 loops=1)
                          Filter: ((production_year < 1993) AND (kind_id = 7))
                          Rows Removed by Filter: 2184100
Planning time: 1.186 ms
Execution time: 6710.062 ms
