Seq Scan on movie_keyword mk  (cost=0.00..81003.12 rows=758373 width=0) (actual time=0.668..1364.635 rows=764721 loops=1)
  Filter: (keyword_id > 24457)
  Rows Removed by Filter: 3759209
Planning time: 0.233 ms
Execution time: 1464.396 ms
