Hash Join  (cost=522411.00..1544216.94 rows=7300275 width=0) (actual time=9914.072..33316.504 rows=4977234 loops=1)
  Hash Cond: (ci.movie_id = t.id)
  ->  Seq Scan on cast_info ci  (cost=0.00..796071.18 rows=11428001 width=4) (actual time=0.011..17398.605 rows=10089980 loops=1)
        Filter: ((person_id > 342869) AND (role_id = 1))
        Rows Removed by Filter: 26154364
  ->  Hash  (cost=495910.53..495910.53 rows=1615238 width=8) (actual time=9912.995..9912.995 rows=687938 loops=1)
        Buckets: 131072  Batches: 32  Memory Usage: 1827kB
        ->  Hash Join  (cost=98137.04..495910.53 rows=1615238 width=8) (actual time=1974.278..9712.125 rows=687938 loops=1)
              Hash Cond: (mi.movie_id = t.id)
              ->  Seq Scan on movie_info mi  (cost=0.00..346232.03 rows=2194617 width=4) (actual time=6.202..6085.372 rows=2233850 loops=1)
                    Filter: (info_type_id > 16)
                    Rows Removed by Filter: 12601870
              ->  Hash  (cost=67604.59..67604.59 rows=1860996 width=4) (actual time=1952.500..1952.500 rows=1865487 loops=1)
                    Buckets: 131072  Batches: 32  Memory Usage: 3085kB
                    ->  Seq Scan on title t  (cost=0.00..67604.59 rows=1860996 width=4) (actual time=0.026..1346.559 rows=1865487 loops=1)
                          Filter: (kind_id > 1)
                          Rows Removed by Filter: 662825
Planning time: 1.216 ms
Execution time: 33828.064 ms
