Nested Loop  (cost=0.43..58358.39 rows=48 width=0) (actual time=119.438..824.605 rows=50 loops=1)
  ->  Seq Scan on movie_companies mc  (cost=0.00..57926.93 rows=51 width=4) (actual time=119.365..822.017 rows=50 loops=1)
        Filter: ((company_id = 14170) AND (company_type_id = 1))
        Rows Removed by Filter: 2609079
  ->  Index Scan using title_pkey on title t  (cost=0.43..8.45 rows=1 width=4) (actual time=0.048..0.049 rows=1 loops=50)
        Index Cond: (id = mc.movie_id)
        Filter: (production_year > 1922)
Planning time: 0.807 ms
Execution time: 824.742 ms
