Hash Join  (cost=1133994.95..2052156.36 rows=32449097 width=0) (actual time=28173.097..62378.479 rows=75869966 loops=1)
  Hash Cond: (mi.movie_id = t.id)
  ->  Seq Scan on movie_info mi  (cost=0.00..309384.22 rows=14739122 width=4) (actual time=0.012..6466.229 rows=14835720 loops=1)
  ->  Hash  (cost=1042666.07..1042666.07 rows=5566710 width=8) (actual time=28170.912..28170.912 rows=7450425 loops=1)
        Buckets: 131072  Batches: 128  Memory Usage: 3316kB
        ->  Hash Join  (cost=102767.86..1042666.07 rows=5566710 width=8) (actual time=11792.719..24675.142 rows=7450425 loops=1)
              Hash Cond: (ci.movie_id = t.id)
              ->  Seq Scan on cast_info ci  (cost=0.00..796071.18 rows=5566710 width=4) (actual time=9734.507..15197.338 rows=7450425 loops=1)
                    Filter: ((person_id > 832708) AND (role_id = 2))
                    Rows Removed by Filter: 28793919
              ->  Hash  (cost=61283.27..61283.27 rows=2528527 width=4) (actual time=2056.943..2056.943 rows=2528312 loops=1)
                    Buckets: 131072  Batches: 64  Memory Usage: 2415kB
                    ->  Seq Scan on title t  (cost=0.00..61283.27 rows=2528527 width=4) (actual time=0.025..1205.415 rows=2528312 loops=1)
Planning time: 4.003 ms
Execution time: 70507.578 ms
