Seq Scan on movie_companies mc  (cost=0.00..57926.93 rows=1068977 width=0) (actual time=0.027..1109.524 rows=946981 loops=1)
  Filter: ((company_id > 304) AND (company_type_id < 2))
  Rows Removed by Filter: 1662148
Planning time: 0.350 ms
Execution time: 1228.483 ms
