Seq Scan on movie_keyword mk  (cost=0.00..81003.12 rows=246 width=0) (actual time=108.214..1119.930 rows=57 loops=1)
  Filter: (keyword_id = 8684)
  Rows Removed by Filter: 4523873
Planning time: 0.286 ms
Execution time: 1120.066 ms
