Hash Join  (cost=102767.86..994166.64 rows=3551114 width=0) (actual time=1964.269..18442.109 rows=1585238 loops=1)
  Hash Cond: (ci.movie_id = t.id)
  ->  Seq Scan on cast_info ci  (cost=0.00..796071.18 rows=3551114 width=4) (actual time=0.022..14805.828 rows=1585238 loops=1)
        Filter: ((person_id < 3003367) AND (role_id = 10))
        Rows Removed by Filter: 34659106
  ->  Hash  (cost=61283.27..61283.27 rows=2528527 width=4) (actual time=1962.326..1962.326 rows=2528312 loops=1)
        Buckets: 131072  Batches: 64  Memory Usage: 2415kB
        ->  Seq Scan on title t  (cost=0.00..61283.27 rows=2528527 width=4) (actual time=0.012..1109.317 rows=2528312 loops=1)
Planning time: 0.777 ms
Execution time: 18624.479 ms
