Hash Join  (cost=84197.31..197735.04 rows=734612 width=0) (actual time=1481.544..4156.980 rows=527023 loops=1)
  Hash Cond: (mk.movie_id = t.id)
  ->  Seq Scan on movie_keyword mk  (cost=0.00..81003.12 rows=1836663 width=4) (actual time=0.025..1608.883 rows=1841718 loops=1)
        Filter: (keyword_id > 7547)
        Rows Removed by Filter: 2682212
  ->  Hash  (cost=67604.59..67604.59 rows=1011338 width=4) (actual time=1480.488..1480.488 rows=1012920 loops=1)
        Buckets: 131072  Batches: 16  Memory Usage: 3257kB
        ->  Seq Scan on title t  (cost=0.00..67604.59 rows=1011338 width=4) (actual time=0.021..1149.789 rows=1012920 loops=1)
              Filter: (production_year > 2005)
              Rows Removed by Filter: 1515392
Planning time: 0.763 ms
Execution time: 4216.064 ms
