Hash Join  (cost=89678.24..220958.52 rows=1150141 width=0) (actual time=1474.420..5285.846 rows=2590840 loops=1)
  Hash Cond: (mk.movie_id = t.id)
  ->  Seq Scan on movie_keyword mk  (cost=0.00..81003.12 rows=3028998 width=4) (actual time=0.025..1630.916 rows=3009334 loops=1)
        Filter: (keyword_id < 10689)
        Rows Removed by Filter: 1514596
  ->  Hash  (cost=73925.90..73925.90 rows=960107 width=4) (actual time=1468.588..1468.588 rows=977778 loops=1)
        Buckets: 131072  Batches: 16  Memory Usage: 3181kB
        ->  Seq Scan on title t  (cost=0.00..73925.90 rows=960107 width=4) (actual time=0.027..1170.061 rows=977778 loops=1)
              Filter: ((kind_id < 7) AND (production_year > 0))
              Rows Removed by Filter: 1550534
Planning time: 1.499 ms
Execution time: 5589.314 ms
