Hash Join  (cost=138295.06..508312.81 rows=167115 width=0) (actual time=3293.800..9818.428 rows=390393 loops=1)
  Hash Cond: (mi.movie_id = t.id)
  ->  Seq Scan on movie_info mi  (cost=0.00..346232.03 rows=5897221 width=4) (actual time=709.192..5778.764 rows=5884963 loops=1)
        Filter: (info_type_id < 7)
        Rows Removed by Filter: 8950757
  ->  Hash  (cost=137399.39..137399.39 rows=71653 width=8) (actual time=2583.051..2583.051 rows=52132 loops=1)
        Buckets: 131072  Batches: 1  Memory Usage: 3061kB
        ->  Hash Join  (cost=69928.56..137399.39 rows=71653 width=8) (actual time=1068.645..2563.675 rows=52132 loops=1)
              Hash Cond: (mc.movie_id = t.id)
              ->  Seq Scan on movie_companies mc  (cost=0.00..51404.11 rows=1279517 width=4) (actual time=0.031..989.743 rows=1274246 loops=1)
                    Filter: (company_type_id = 1)
                    Rows Removed by Filter: 1334883
              ->  Hash  (cost=67604.59..67604.59 rows=141598 width=4) (actual time=1067.813..1067.813 rows=141703 loops=1)
                    Buckets: 131072  Batches: 2  Memory Usage: 3511kB
                    ->  Seq Scan on title t  (cost=0.00..67604.59 rows=141598 width=4) (actual time=0.030..1015.674 rows=141703 loops=1)
                          Filter: (production_year = 2010)
                          Rows Removed by Filter: 2386609
Planning time: 1.122 ms
Execution time: 9876.228 ms
