Seq Scan on cast_info ci  (cost=0.00..705507.15 rows=12975441 width=0) (actual time=2773.572..12215.499 rows=13108522 loops=1)
  Filter: (person_id > 2365582)
  Rows Removed by Filter: 23135822
Planning time: 0.329 ms
Execution time: 13882.429 ms
