Nested Loop  (cost=44377.22..431294.25 rows=9790 width=0) (actual time=2205.437..6802.677 rows=20084 loops=1)
  Join Filter: (mi.movie_id = t.id)
  ->  Hash Join  (cost=44376.79..399813.99 rows=53320 width=8) (actual time=2205.358..6623.551 rows=20084 loops=1)
        Hash Cond: (mi.movie_id = mi_idx.movie_id)
        ->  Seq Scan on movie_info mi  (cost=0.00..346232.03 rows=17937 width=4) (actual time=1339.190..5351.050 rows=6578 loops=1)
              Filter: (info_type_id = 77)
              Rows Removed by Filter: 14829142
        ->  Hash  (cost=21735.35..21735.35 rows=1380035 width=4) (actual time=864.046..864.046 rows=1380035 loops=1)
              Buckets: 131072  Batches: 32  Memory Usage: 2557kB
              ->  Seq Scan on movie_info_idx mi_idx  (cost=0.00..21735.35 rows=1380035 width=4) (actual time=0.035..433.580 rows=1380035 loops=1)
  ->  Index Only Scan using title_pkey on title t  (cost=0.43..0.58 rows=1 width=4) (actual time=0.008..0.008 rows=1 loops=20084)
        Index Cond: (id = mi_idx.movie_id)
        Heap Fetches: 20084
Planning time: 2.367 ms
Execution time: 6806.120 ms
