Hash Join  (cost=101124.38..821724.70 rows=10030 width=0) (actual time=1657.222..15547.136 rows=29191 loops=1)
  Hash Cond: (ci.movie_id = t.id)
  ->  Seq Scan on cast_info ci  (cost=0.00..705507.15 rows=3998100 width=4) (actual time=0.025..13089.159 rows=4008037 loops=1)
        Filter: (role_id = 3)
        Rows Removed by Filter: 32236307
  ->  Hash  (cost=101045.09..101045.09 rows=6343 width=8) (actual time=1657.066..1657.066 rows=14217 loops=1)
        Buckets: 16384 (originally 8192)  Batches: 1 (originally 1)  Memory Usage: 684kB
        ->  Hash Join  (cost=74071.18..101045.09 rows=6343 width=8) (actual time=1031.168..1651.569 rows=14217 loops=1)
              Hash Cond: (mi_idx.movie_id = t.id)
              ->  Seq Scan on movie_info_idx mi_idx  (cost=0.00..21735.35 rows=1380035 width=4) (actual time=0.017..325.014 rows=1380035 loops=1)
              ->  Hash  (cost=73925.90..73925.90 rows=11622 width=4) (actual time=1028.625..1028.625 rows=11141 loops=1)
                    Buckets: 16384  Batches: 1  Memory Usage: 520kB
                    ->  Seq Scan on title t  (cost=0.00..73925.90 rows=11622 width=4) (actual time=0.025..1023.645 rows=11141 loops=1)
                          Filter: ((kind_id < 7) AND (production_year = 1994))
                          Rows Removed by Filter: 2517171
Planning time: 1.207 ms
Execution time: 15551.934 ms
