Seq Scan on movie_companies mc  (cost=0.00..51404.11 rows=2086840 width=0) (actual time=0.019..984.741 rows=2082460 loops=1)
  Filter: (company_id < 72924)
  Rows Removed by Filter: 526669
Planning time: 0.324 ms
Execution time: 1243.100 ms
