Hash Join  (cost=139983.43..230486.86 rows=44416 width=0) (actual time=3235.987..5588.820 rows=269000 loops=1)
  Hash Cond: (mk.movie_id = t.id)
  ->  Seq Scan on movie_keyword mk  (cost=0.00..81003.12 rows=2414974 width=4) (actual time=0.024..1559.974 rows=2414588 loops=1)
        Filter: (keyword_id < 5683)
        Rows Removed by Filter: 2109342
  ->  Hash  (cost=139402.13..139402.13 rows=46504 width=8) (actual time=3234.060..3234.060 rows=118160 loops=1)
        Buckets: 131072 (originally 65536)  Batches: 2 (originally 1)  Memory Usage: 3331kB
        ->  Hash Join  (cost=69658.11..139402.13 rows=46504 width=8) (actual time=2090.484..3188.130 rows=118160 loops=1)
              Hash Cond: (mc.movie_id = t.id)
              ->  Seq Scan on movie_companies mc  (cost=0.00..57926.93 rows=939477 width=4) (actual time=164.231..1097.196 rows=784956 loops=1)
                    Filter: ((company_id > 1204) AND (company_type_id < 2))
                    Rows Removed by Filter: 1824173
              ->  Hash  (cost=67604.59..67604.59 rows=125162 width=4) (actual time=1748.967..1748.967 rows=127858 loops=1)
                    Buckets: 131072  Batches: 2  Memory Usage: 3267kB
                    ->  Seq Scan on title t  (cost=0.00..67604.59 rows=125162 width=4) (actual time=188.340..1143.445 rows=127858 loops=1)
                          Filter: (production_year < 1935)
                          Rows Removed by Filter: 2400454
Planning time: 1.318 ms
Execution time: 5624.357 ms
