Nested Loop  (cost=0.43..52283.95 rows=83 width=0) (actual time=170.808..800.490 rows=100 loops=1)
  ->  Seq Scan on movie_companies mc  (cost=0.00..51404.11 rows=104 width=4) (actual time=145.784..750.915 rows=1683 loops=1)
        Filter: (company_id = 480)
        Rows Removed by Filter: 2607446
  ->  Index Scan using title_pkey on title t  (cost=0.43..8.45 rows=1 width=4) (actual time=0.029..0.029 rows=0 loops=1683)
        Index Cond: (id = mc.movie_id)
        Filter: (production_year > 1974)
        Rows Removed by Filter: 1
Planning time: 0.778 ms
Execution time: 800.643 ms
