Hash Join  (cost=108074.61..194114.94 rows=23551 width=0) (actual time=2102.661..3726.704 rows=91143 loops=1)
  Hash Cond: (mk.movie_id = t.id)
  ->  Seq Scan on movie_keyword mk  (cost=0.00..81003.12 rows=1280451 width=4) (actual time=0.019..1352.775 rows=1290256 loops=1)
        Filter: (keyword_id > 13699)
        Rows Removed by Filter: 3233674
  ->  Hash  (cost=107493.28..107493.28 rows=46507 width=8) (actual time=2102.194..2102.194 rows=51108 loops=1)
        Buckets: 65536  Batches: 1  Memory Usage: 2509kB
        ->  Hash Join  (cost=69002.72..107493.28 rows=46507 width=8) (actual time=1102.379..2085.085 rows=51108 loops=1)
              Hash Cond: (mi_idx.movie_id = t.id)
              ->  Seq Scan on movie_info_idx mi_idx  (cost=0.00..21735.35 rows=1380035 width=4) (actual time=0.014..498.601 rows=1380035 loops=1)
              ->  Hash  (cost=67604.59..67604.59 rows=85211 width=4) (actual time=1100.679..1100.679 rows=84593 loops=1)
                    Buckets: 131072  Batches: 2  Memory Usage: 2518kB
                    ->  Seq Scan on title t  (cost=0.00..67604.59 rows=85211 width=4) (actual time=0.025..1055.448 rows=84593 loops=1)
                          Filter: (production_year = 2004)
                          Rows Removed by Filter: 2443719
Planning time: 0.973 ms
Execution time: 3740.198 ms
