Hash Join  (cost=142708.74..259382.19 rows=558807 width=0) (actual time=3346.769..6972.933 rows=3351327 loops=1)
  Hash Cond: (mk.movie_id = t.id)
  ->  Seq Scan on movie_keyword mk  (cost=0.00..81003.12 rows=2403001 width=4) (actual time=0.017..1638.343 rows=2399628 loops=1)
        Filter: (keyword_id > 3910)
        Rows Removed by Filter: 2124302
  ->  Hash  (cost=133061.78..133061.78 rows=587997 width=8) (actual time=3346.031..3346.031 rows=715839 loops=1)
        Buckets: 131072 (originally 131072)  Batches: 16 (originally 8)  Memory Usage: 3073kB
        ->  Hash Join  (cost=85280.32..133061.78 rows=587997 width=8) (actual time=1619.355..3136.464 rows=715839 loops=1)
              Hash Cond: (mi_idx.movie_id = t.id)
              ->  Seq Scan on movie_info_idx mi_idx  (cost=0.00..21735.35 rows=1380035 width=4) (actual time=0.022..460.854 rows=1380035 loops=1)
              ->  Hash  (cost=67604.59..67604.59 rows=1077339 width=4) (actual time=1618.197..1618.197 rows=1074765 loops=1)
                    Buckets: 131072  Batches: 16  Memory Usage: 3388kB
                    ->  Seq Scan on title t  (cost=0.00..67604.59 rows=1077339 width=4) (actual time=0.018..1278.711 rows=1074765 loops=1)
                          Filter: (production_year < 2001)
                          Rows Removed by Filter: 1453547
Planning time: 0.706 ms
Execution time: 7379.702 ms
