Hash Join  (cost=111020.24..596420.43 rows=524228 width=0) (actual time=2198.641..13462.779 rows=615010 loops=1)
  Hash Cond: (mi.movie_id = t.id)
  ->  Seq Scan on movie_info mi  (cost=0.00..309384.22 rows=14739122 width=4) (actual time=0.027..6177.413 rows=14835720 loops=1)
  ->  Hash  (cost=109544.09..109544.09 rows=89932 width=8) (actual time=2197.819..2197.819 rows=54660 loops=1)
        Buckets: 131072  Batches: 2  Memory Usage: 2097kB
        ->  Hash Join  (cost=70308.29..109544.09 rows=89932 width=8) (actual time=1151.918..2178.572 rows=54660 loops=1)
              Hash Cond: (mi_idx.movie_id = t.id)
              ->  Seq Scan on movie_info_idx mi_idx  (cost=0.00..21735.35 rows=1380035 width=4) (actual time=0.007..464.897 rows=1380035 loops=1)
              ->  Hash  (cost=67604.59..67604.59 rows=164776 width=4) (actual time=1151.104..1151.104 rows=164307 loops=1)
                    Buckets: 131072  Batches: 4  Memory Usage: 2482kB
                    ->  Seq Scan on title t  (cost=0.00..67604.59 rows=164776 width=4) (actual time=0.023..1094.197 rows=164307 loops=1)
                          Filter: (production_year = 2012)
                          Rows Removed by Filter: 2364005
Planning time: 0.888 ms
Execution time: 13543.510 ms
