Nested Loop  (cost=0.43..83072.29 rows=217 width=0) (actual time=0.130..1298.624 rows=927 loops=1)
  ->  Seq Scan on movie_keyword mk  (cost=0.00..81003.12 rows=246 width=4) (actual time=0.069..1269.940 rows=930 loops=1)
        Filter: (keyword_id = 906)
        Rows Removed by Filter: 4523000
  ->  Index Scan using title_pkey on title t  (cost=0.43..8.40 rows=1 width=4) (actual time=0.029..0.029 rows=1 loops=930)
        Index Cond: (id = mk.movie_id)
        Filter: (production_year < 2012)
        Rows Removed by Filter: 0
Planning time: 0.699 ms
Execution time: 1299.039 ms
