Seq Scan on cast_info ci  (cost=0.00..705507.15 rows=25093500 width=0) (actual time=0.014..12090.865 rows=25189523 loops=1)
  Filter: (person_id > 1084860)
  Rows Removed by Filter: 11054821
Planning time: 0.220 ms
Execution time: 15120.965 ms
