Hash Join  (cost=118941.10..559135.15 rows=636358 width=0) (actual time=2332.073..12223.220 rows=894778 loops=1)
  Hash Cond: (mi.movie_id = t.id)
  ->  Seq Scan on movie_info mi  (cost=0.00..346232.03 rows=7503588 width=4) (actual time=0.026..6266.420 rows=7548855 loops=1)
        Filter: (info_type_id > 7)
        Rows Removed by Filter: 7286865
  ->  Hash  (cost=115422.64..115422.64 rows=214437 width=8) (actual time=2331.235..2331.235 rows=131526 loops=1)
        Buckets: 131072  Batches: 4  Memory Usage: 2318kB
        ->  Hash Join  (cost=74050.79..115422.64 rows=214437 width=8) (actual time=1200.241..2290.150 rows=131526 loops=1)
              Hash Cond: (mi_idx.movie_id = t.id)
              ->  Seq Scan on movie_info_idx mi_idx  (cost=0.00..21735.35 rows=1380035 width=4) (actual time=0.022..427.668 rows=1380035 loops=1)
              ->  Hash  (cost=67604.59..67604.59 rows=392896 width=4) (actual time=1199.392..1199.392 rows=391666 loops=1)
                    Buckets: 131072  Batches: 8  Memory Usage: 2753kB
                    ->  Seq Scan on title t  (cost=0.00..67604.59 rows=392896 width=4) (actual time=0.024..1066.451 rows=391666 loops=1)
                          Filter: (production_year > 2010)
                          Rows Removed by Filter: 2136646
Planning time: 1.082 ms
Execution time: 12334.451 ms
