Hash Join  (cost=102767.86..215846.50 rows=2152525 width=0) (actual time=1894.753..5235.725 rows=2155746 loops=1)
  Hash Cond: (mc.movie_id = t.id)
  ->  Seq Scan on movie_companies mc  (cost=0.00..51404.11 rows=2152525 width=4) (actual time=0.017..1208.974 rows=2155746 loops=1)
        Filter: (company_id > 376)
        Rows Removed by Filter: 453383
  ->  Hash  (cost=61283.27..61283.27 rows=2528527 width=4) (actual time=1893.050..1893.050 rows=2528312 loops=1)
        Buckets: 131072  Batches: 64  Memory Usage: 2415kB
        ->  Seq Scan on title t  (cost=0.00..61283.27 rows=2528527 width=4) (actual time=0.025..1050.007 rows=2528312 loops=1)
Planning time: 0.699 ms
Execution time: 5481.177 ms
