Hash Join  (cost=211469.99..1390188.46 rows=15799390 width=0) (actual time=5370.292..45389.311 rows=34024358 loops=1)
  Hash Cond: (ci.movie_id = t.id)
  ->  Seq Scan on cast_info ci  (cost=0.00..705507.15 rows=26757444 width=4) (actual time=0.032..16485.169 rows=26859641 loops=1)
        Filter: (role_id < 5)
        Rows Removed by Filter: 9384703
  ->  Hash  (cost=186974.34..186974.34 rows=1493012 width=8) (actual time=5369.308..5369.308 rows=1754914 loops=1)
        Buckets: 131072  Batches: 32  Memory Usage: 3135kB
        ->  Hash Join  (cost=91342.70..186974.34 rows=1493012 width=8) (actual time=1876.622..4870.583 rows=1754914 loops=1)
              Hash Cond: (mc.movie_id = t.id)
              ->  Seq Scan on movie_companies mc  (cost=0.00..44881.29 rows=2609129 width=4) (actual time=0.012..877.580 rows=2609129 loops=1)
              ->  Hash  (cost=67604.59..67604.59 rows=1446889 width=4) (actual time=1875.559..1875.559 rows=1443298 loops=1)
                    Buckets: 131072  Batches: 32  Memory Usage: 2608kB
                    ->  Seq Scan on title t  (cost=0.00..67604.59 rows=1446889 width=4) (actual time=0.018..1395.207 rows=1443298 loops=1)
                          Filter: (production_year < 2006)
                          Rows Removed by Filter: 1085014
Planning time: 1.047 ms
Execution time: 49215.568 ms
