Seq Scan on movie_companies mc  (cost=0.00..51404.11 rows=104 width=0) (actual time=18.737..842.286 rows=702 loops=1)
  Filter: (company_id = 2840)
  Rows Removed by Filter: 2608427
Planning time: 0.369 ms
Execution time: 842.592 ms
