Hash Join  (cost=491644.87..625698.14 rows=1081904 width=0) (actual time=8341.590..12651.341 rows=3400264 loops=1)
  Hash Cond: (mk.movie_id = t.id)
  ->  Seq Scan on movie_keyword mk  (cost=0.00..81003.12 rows=3378695 width=4) (actual time=0.023..1801.204 rows=3362793 loops=1)
        Filter: (keyword_id < 16131)
        Rows Removed by Filter: 1161137
  ->  Hash  (cost=478361.00..478361.00 rows=809669 width=8) (actual time=8340.818..8340.818 rows=802140 loops=1)
        Buckets: 131072  Batches: 16  Memory Usage: 2985kB
        ->  Hash Join  (cost=102767.86..478361.00 rows=809669 width=8) (actual time=4475.998..8119.211 rows=802140 loops=1)
              Hash Cond: (mi.movie_id = t.id)
              ->  Seq Scan on movie_info mi  (cost=0.00..346232.03 rows=809669 width=4) (actual time=2597.452..5245.017 rows=802140 loops=1)
                    Filter: (info_type_id = 1)
                    Rows Removed by Filter: 14033580
              ->  Hash  (cost=61283.27..61283.27 rows=2528527 width=4) (actual time=1877.608..1877.608 rows=2528312 loops=1)
                    Buckets: 131072  Batches: 64  Memory Usage: 2425kB
                    ->  Seq Scan on title t  (cost=0.00..61283.27 rows=2528527 width=4) (actual time=0.013..1022.610 rows=2528312 loops=1)
Planning time: 1.086 ms
Execution time: 13059.031 ms
