Hash Join  (cost=28267.65..82933.18 rows=1 width=0) (actual time=938.205..1517.900 rows=47 loops=1)
  Hash Cond: (mc.movie_id = t.id)
  ->  Seq Scan on movie_companies mc  (cost=0.00..44881.29 rows=2609129 width=4) (actual time=0.020..618.620 rows=2609129 loops=1)
  ->  Hash  (cost=28267.64..28267.64 rows=1 width=8) (actual time=450.550..450.550 rows=1 loops=1)
        Buckets: 1024  Batches: 1  Memory Usage: 9kB
        ->  Nested Loop  (cost=0.43..28267.64 rows=1 width=8) (actual time=266.081..450.541 rows=1 loops=1)
              ->  Seq Scan on movie_info_idx mi_idx  (cost=0.00..25185.44 rows=368 width=4) (actual time=261.652..442.662 rows=260 loops=1)
                    Filter: (info_type_id > 101)
                    Rows Removed by Filter: 1379775
              ->  Index Scan using title_pkey on title t  (cost=0.43..8.37 rows=1 width=4) (actual time=0.030..0.030 rows=0 loops=260)
                    Index Cond: (id = mi_idx.movie_id)
                    Filter: ((kind_id < 7) AND (production_year = 1978))
                    Rows Removed by Filter: 1
Planning time: 1.099 ms
Execution time: 1518.091 ms
