Seq Scan on movie_keyword mk  (cost=0.00..81003.12 rows=4072 width=0) (actual time=0.202..1255.114 rows=3426 loops=1)
  Filter: (keyword_id = 820)
  Rows Removed by Filter: 4520504
Planning time: 0.299 ms
Execution time: 1256.105 ms
