Hash Join  (cost=193585.47..708756.69 rows=3314329 width=0) (actual time=4396.801..19456.474 rows=4656396 loops=1)
  Hash Cond: (mi.movie_id = t.id)
  ->  Seq Scan on movie_info mi  (cost=0.00..309384.22 rows=14739122 width=4) (actual time=0.020..5588.464 rows=14835720 loops=1)
  ->  Hash  (cost=184256.22..184256.22 rows=568580 width=8) (actual time=4395.861..4395.861 rows=355248 loops=1)
        Buckets: 131072  Batches: 8  Memory Usage: 2767kB
        ->  Hash Join  (cost=102767.86..184256.22 rows=568580 width=8) (actual time=2620.337..4282.687 rows=355248 loops=1)
              Hash Cond: (mc.movie_id = t.id)
              ->  Seq Scan on movie_companies mc  (cost=0.00..57926.93 rows=568580 width=4) (actual time=35.267..974.984 rows=355248 loops=1)
                    Filter: ((company_id < 7832) AND (company_type_id = 2))
                    Rows Removed by Filter: 2253881
              ->  Hash  (cost=61283.27..61283.27 rows=2528527 width=4) (actual time=2583.874..2583.874 rows=2528312 loops=1)
                    Buckets: 131072  Batches: 64  Memory Usage: 2415kB
                    ->  Seq Scan on title t  (cost=0.00..61283.27 rows=2528527 width=4) (actual time=0.026..1104.724 rows=2528312 loops=1)
Planning time: 1.118 ms
Execution time: 19997.583 ms
