Hash Join  (cost=83074.74..876728.08 rows=2286 width=0) (actual time=1416.988..20263.992 rows=58073 loops=1)
  Hash Cond: (ci.movie_id = t.id)
  ->  Seq Scan on cast_info ci  (cost=0.00..705507.15 rows=23499554 width=4) (actual time=0.026..15293.762 rows=23573656 loops=1)
        Filter: (role_id > 1)
        Rows Removed by Filter: 12670688
  ->  Hash  (cost=83071.67..83071.67 rows=246 width=8) (actual time=1415.503..1415.503 rows=1246 loops=1)
        Buckets: 2048 (originally 1024)  Batches: 1 (originally 1)  Memory Usage: 65kB
        ->  Nested Loop  (cost=0.43..83071.67 rows=246 width=8) (actual time=1.028..1414.491 rows=1246 loops=1)
              ->  Seq Scan on movie_keyword mk  (cost=0.00..81003.12 rows=246 width=4) (actual time=0.955..1355.375 rows=1246 loops=1)
                    Filter: (keyword_id = 6314)
                    Rows Removed by Filter: 4522684
              ->  Index Only Scan using title_pkey on title t  (cost=0.43..8.40 rows=1 width=4) (actual time=0.046..0.046 rows=1 loops=1246)
                    Index Cond: (id = mk.movie_id)
                    Heap Fetches: 1246
Planning time: 9.654 ms
Execution time: 20276.356 ms
