Seq Scan on cast_info ci  (cost=0.00..705507.15 rows=33203307 width=0) (actual time=547.088..13055.201 rows=33302869 loops=1)
  Filter: (person_id > 286421)
  Rows Removed by Filter: 2941475
Planning time: 1.522 ms
Execution time: 16955.771 ms
