Hash Join  (cost=130368.33..888512.13 rows=735464 width=0) (actual time=2554.911..28472.641 rows=3093361 loops=1)
  Hash Cond: (ci.movie_id = t.id)
  ->  Seq Scan on cast_info ci  (cost=0.00..614943.12 rows=36225612 width=4) (actual time=0.025..10335.597 rows=36244344 loops=1)
  ->  Hash  (cost=129726.64..129726.64 rows=51335 width=8) (actual time=2554.395..2554.395 rows=79411 loops=1)
        Buckets: 131072 (originally 65536)  Batches: 2 (originally 1)  Memory Usage: 3073kB
        ->  Hash Join  (cost=74547.77..129726.64 rows=51335 width=8) (actual time=1102.606..2519.688 rows=79411 loops=1)
              Hash Cond: (mc.movie_id = t.id)
              ->  Seq Scan on movie_companies mc  (cost=0.00..44881.29 rows=2609129 width=4) (actual time=0.020..694.903 rows=2609129 loops=1)
              ->  Hash  (cost=73925.90..73925.90 rows=49749 width=4) (actual time=1102.230..1102.230 rows=44012 loops=1)
                    Buckets: 65536  Batches: 1  Memory Usage: 2060kB
                    ->  Seq Scan on title t  (cost=0.00..73925.90 rows=49749 width=4) (actual time=0.013..1084.407 rows=44012 loops=1)
                          Filter: ((kind_id < 7) AND (production_year = 2009))
                          Rows Removed by Filter: 2484300
Planning time: 1.246 ms
Execution time: 28852.590 ms
