Hash Join  (cost=75271.48..151487.79 rows=84579 width=0) (actual time=1229.845..3295.543 rows=174188 loops=1)
  Hash Cond: (mc.movie_id = t.id)
  ->  Seq Scan on movie_companies mc  (cost=0.00..44881.29 rows=2609129 width=4) (actual time=0.022..852.702 rows=2609129 loops=1)
  ->  Hash  (cost=73925.90..73925.90 rows=81966 width=4) (actual time=1229.076..1229.076 rows=83850 loops=1)
        Buckets: 131072  Batches: 2  Memory Usage: 2499kB
        ->  Seq Scan on title t  (cost=0.00..73925.90 rows=81966 width=4) (actual time=0.013..1202.036 rows=83850 loops=1)
              Filter: ((production_year > 1974) AND (kind_id = 3))
              Rows Removed by Filter: 2444462
Planning time: 0.717 ms
Execution time: 3317.592 ms
