Hash Join  (cost=434370.74..522038.41 rows=100964 width=0) (actual time=7131.248..10086.134 rows=1625749 loops=1)
  Hash Cond: (mk.movie_id = t.id)
  ->  Seq Scan on movie_keyword mk  (cost=0.00..69693.30 rows=4523930 width=4) (actual time=0.024..1078.503 rows=4523930 loops=1)
  ->  Hash  (cost=433665.35..433665.35 rows=56431 width=8) (actual time=7128.246..7128.246 rows=157130 loops=1)
        Buckets: 131072 (originally 65536)  Batches: 4 (originally 1)  Memory Usage: 3073kB
        ->  Hash Join  (cost=76817.76..433665.35 rows=56431 width=8) (actual time=5379.687..7063.781 rows=157130 loops=1)
              Hash Cond: (mi.movie_id = t.id)
              ->  Seq Scan on movie_info mi  (cost=0.00..346232.03 rows=809669 width=4) (actual time=3974.724..5324.072 rows=802140 loops=1)
                    Filter: (info_type_id = 1)
                    Rows Removed by Filter: 14033580
              ->  Hash  (cost=73925.90..73925.90 rows=176228 width=4) (actual time=1239.530..1239.530 rows=310626 loops=1)
                    Buckets: 131072  Batches: 4  Memory Usage: 3764kB
                    ->  Seq Scan on title t  (cost=0.00..73925.90 rows=176228 width=4) (actual time=468.327..1138.866 rows=310626 loops=1)
                          Filter: ((production_year < 1989) AND (kind_id = 1))
                          Rows Removed by Filter: 2217686
Planning time: 1.087 ms
Execution time: 10246.535 ms
