Hash Join  (cost=205467.72..1340074.83 rows=3096768 width=0) (actual time=5334.983..40819.388 rows=17249311 loops=1)
  Hash Cond: (ci.movie_id = t.id)
  ->  Seq Scan on cast_info ci  (cost=0.00..705507.15 rows=30996663 width=4) (actual time=789.866..16099.155 rows=31108699 loops=1)
        Filter: (person_id > 496245)
        Rows Removed by Filter: 5135645
  ->  Hash  (cost=201323.02..201323.02 rows=252616 width=8) (actual time=4544.250..4544.250 rows=258618 loops=1)
        Buckets: 131072  Batches: 4  Memory Usage: 3513kB
        ->  Hash Join  (cost=76242.82..201323.02 rows=252616 width=8) (actual time=1621.032..4461.497 rows=258618 loops=1)
              Hash Cond: (mk.movie_id = t.id)
              ->  Seq Scan on movie_keyword mk  (cost=0.00..69693.30 rows=4523930 width=4) (actual time=0.029..1407.578 rows=4523930 loops=1)
              ->  Hash  (cost=73925.90..73925.90 rows=141193 width=4) (actual time=1620.032..1620.032 rows=132182 loops=1)
                    Buckets: 131072  Batches: 2  Memory Usage: 3346kB
                    ->  Seq Scan on title t  (cost=0.00..73925.90 rows=141193 width=4) (actual time=232.074..1108.716 rows=132182 loops=1)
                          Filter: ((production_year > 2009) AND (kind_id = 1))
                          Rows Removed by Filter: 2396130
Planning time: 1.124 ms
Execution time: 42822.387 ms
