Hash Join  (cost=137214.02..205895.66 rows=140033 width=0) (actual time=3385.873..4489.405 rows=152907 loops=1)
  Hash Cond: (mc.movie_id = t.id)
  ->  Seq Scan on movie_companies mc  (cost=0.00..51404.11 rows=1279517 width=4) (actual time=0.017..1017.349 rows=1274246 loops=1)
        Filter: (company_type_id = 1)
        Rows Removed by Filter: 1334883
  ->  Hash  (cost=132673.92..132673.92 rows=276728 width=8) (actual time=2936.145..2936.145 rows=141906 loops=1)
        Buckets: 131072  Batches: 4  Memory Usage: 2407kB
        ->  Hash Join  (cost=92883.59..132673.92 rows=276728 width=8) (actual time=2011.730..2891.776 rows=141906 loops=1)
              Hash Cond: (mi_idx.movie_id = t.id)
              ->  Seq Scan on movie_info_idx mi_idx  (cost=0.00..25185.44 rows=454124 width=4) (actual time=0.025..480.497 rows=459925 loops=1)
                    Filter: (info_type_id = 100)
                    Rows Removed by Filter: 920110
              ->  Hash  (cost=67604.59..67604.59 rows=1540800 width=4) (actual time=1866.135..1866.135 rows=1543264 loops=1)
                    Buckets: 131072  Batches: 32  Memory Usage: 2722kB
                    ->  Seq Scan on title t  (cost=0.00..67604.59 rows=1540800 width=4) (actual time=0.021..1384.725 rows=1543264 loops=1)
                          Filter: (kind_id = 7)
                          Rows Removed by Filter: 985048
Planning time: 1.205 ms
Execution time: 4507.147 ms
