Hash Join  (cost=130322.35..223259.33 rows=171 width=0) (actual time=2123.626..4166.123 rows=6944 loops=1)
  Hash Cond: (mk.movie_id = t.id)
  ->  Seq Scan on movie_keyword mk  (cost=0.00..81003.12 rows=3181905 width=4) (actual time=0.014..1574.023 rows=3162416 loops=1)
        Filter: (keyword_id > 1773)
        Rows Removed by Filter: 1361514
  ->  Hash  (cost=130320.65..130320.65 rows=136 width=8) (actual time=2120.451..2120.451 rows=4901 loops=1)
        Buckets: 8192 (originally 1024)  Batches: 1 (originally 1)  Memory Usage: 256kB
        ->  Hash Join  (cost=73929.13..130320.65 rows=136 width=8) (actual time=1059.037..2118.291 rows=4901 loops=1)
              Hash Cond: (mc.movie_id = t.id)
              ->  Seq Scan on movie_companies mc  (cost=0.00..51404.11 rows=1329612 width=4) (actual time=0.016..834.876 rows=1334883 loops=1)
                    Filter: (company_type_id = 2)
                    Rows Removed by Filter: 1274246
              ->  Hash  (cost=73925.90..73925.90 rows=258 width=4) (actual time=1058.847..1058.847 rows=3378 loops=1)
                    Buckets: 4096 (originally 1024)  Batches: 1 (originally 1)  Memory Usage: 151kB
                    ->  Seq Scan on title t  (cost=0.00..73925.90 rows=258 width=4) (actual time=0.254..1057.067 rows=3378 loops=1)
                          Filter: ((kind_id < 7) AND (production_year > 2013))
                          Rows Removed by Filter: 2524934
Planning time: 1.246 ms
Execution time: 4167.219 ms
