Hash Join  (cost=505079.70..654629.40 rows=2261066 width=0) (actual time=10759.595..12411.371 rows=718318 loops=1)
  Hash Cond: (mk.movie_id = t.id)
  ->  Seq Scan on movie_keyword mk  (cost=0.00..69693.30 rows=4523930 width=4) (actual time=0.027..1434.610 rows=4523930 loops=1)
  ->  Hash  (cost=484345.69..484345.69 rows=1263761 width=8) (actual time=8766.866..8766.866 rows=521041 loops=1)
        Buckets: 131072  Batches: 32  Memory Usage: 1651kB
        ->  Hash Join  (cost=92883.59..484345.69 rows=1263761 width=8) (actual time=1901.335..8602.601 rows=521041 loops=1)
              Hash Cond: (mi.movie_id = t.id)
              ->  Seq Scan on movie_info mi  (cost=0.00..346232.03 rows=2073893 width=4) (actual time=193.679..5426.009 rows=2091068 loops=1)
                    Filter: (info_type_id < 3)
                    Rows Removed by Filter: 12744652
              ->  Hash  (cost=67604.59..67604.59 rows=1540800 width=4) (actual time=1704.035..1704.035 rows=1543264 loops=1)
                    Buckets: 131072  Batches: 32  Memory Usage: 2728kB
                    ->  Seq Scan on title t  (cost=0.00..67604.59 rows=1540800 width=4) (actual time=0.026..1198.123 rows=1543264 loops=1)
                          Filter: (kind_id = 7)
                          Rows Removed by Filter: 985048
Planning time: 1.250 ms
Execution time: 12497.672 ms
