Seq Scan on cast_info ci  (cost=0.00..796071.18 rows=345602 width=0) (actual time=13003.070..15933.194 rows=153177 loops=1)
  Filter: ((person_id < 3966743) AND (role_id > 10))
  Rows Removed by Filter: 36091167
Planning time: 0.314 ms
Execution time: 15953.222 ms
