Seq Scan on movie_companies mc  (cost=0.00..51404.11 rows=79233 width=0) (actual time=208.054..899.752 rows=79054 loops=1)
  Filter: (company_id > 170656)
  Rows Removed by Filter: 2530075
Planning time: 0.351 ms
Execution time: 910.848 ms
