Hash Join  (cost=177073.26..937225.19 rows=674790 width=0) (actual time=4410.756..18640.910 rows=960721 loops=1)
  Hash Cond: (ci.movie_id = t.id)
  ->  Seq Scan on cast_info ci  (cost=0.00..705507.15 rows=3998100 width=4) (actual time=682.510..12431.021 rows=4008037 loops=1)
        Filter: (role_id = 3)
        Rows Removed by Filter: 32236307
  ->  Hash  (cost=170070.77..170070.77 rows=426759 width=8) (actual time=3726.565..3726.565 rows=199032 loops=1)
        Buckets: 131072  Batches: 8  Memory Usage: 1995kB
        ->  Hash Join  (cost=92883.59..170070.77 rows=426759 width=8) (actual time=2059.578..3663.935 rows=199032 loops=1)
              Hash Cond: (mc.movie_id = t.id)
              ->  Seq Scan on movie_companies mc  (cost=0.00..57926.93 rows=700332 width=4) (actual time=320.858..1103.906 rows=935542 loops=1)
                    Filter: ((company_id > 11138) AND (company_type_id = 2))
                    Rows Removed by Filter: 1673587
              ->  Hash  (cost=67604.59..67604.59 rows=1540800 width=4) (actual time=1737.462..1737.462 rows=1543264 loops=1)
                    Buckets: 131072  Batches: 32  Memory Usage: 2722kB
                    ->  Seq Scan on title t  (cost=0.00..67604.59 rows=1540800 width=4) (actual time=0.028..1249.996 rows=1543264 loops=1)
                          Filter: (kind_id = 7)
                          Rows Removed by Filter: 985048
Planning time: 1.159 ms
Execution time: 18726.919 ms
