Seq Scan on movie_keyword mk  (cost=0.00..81003.12 rows=4262259 width=0) (actual time=0.023..1427.472 rows=4263591 loops=1)
  Filter: (keyword_id < 59305)
  Rows Removed by Filter: 260339
Planning time: 0.340 ms
Execution time: 1895.735 ms
