Hash Join  (cost=186020.57..673574.39 rows=726088 width=0) (actual time=4292.240..16624.882 rows=2953111 loops=1)
  Hash Cond: (mi.movie_id = t.id)
  ->  Seq Scan on movie_info mi  (cost=0.00..309384.22 rows=14739122 width=4) (actual time=0.022..6251.403 rows=14835720 loops=1)
  ->  Hash  (cost=183976.55..183976.55 rows=124562 width=8) (actual time=3525.300..3525.300 rows=268903 loops=1)
        Buckets: 131072 (originally 131072)  Batches: 4 (originally 2)  Memory Usage: 3630kB
        ->  Hash Join  (cost=69484.36..183976.55 rows=124562 width=8) (actual time=1040.940..3449.147 rows=268903 loops=1)
              Hash Cond: (mk.movie_id = t.id)
              ->  Seq Scan on movie_keyword mk  (cost=0.00..81003.12 rows=2749717 width=4) (actual time=0.017..1581.872 rows=2747289 loops=1)
                    Filter: (keyword_id < 7786)
                    Rows Removed by Filter: 1776641
              ->  Hash  (cost=67604.59..67604.59 rows=114542 width=4) (actual time=1039.997..1039.997 rows=118234 loops=1)
                    Buckets: 131072  Batches: 2  Memory Usage: 3107kB
                    ->  Seq Scan on title t  (cost=0.00..67604.59 rows=114542 width=4) (actual time=0.014..996.510 rows=118234 loops=1)
                          Filter: (kind_id = 4)
                          Rows Removed by Filter: 2410078
Planning time: 1.790 ms
Execution time: 16991.137 ms
