Hash Join  (cost=84497.07..521173.22 rows=1587846 width=0) (actual time=1333.195..11485.495 rows=2395497 loops=1)
  Hash Cond: (mi.movie_id = t.id)
  ->  Seq Scan on movie_info mi  (cost=0.00..346232.03 rows=6231111 width=4) (actual time=0.013..6260.136 rows=6223494 loops=1)
        Filter: (info_type_id > 8)
        Rows Removed by Filter: 8612226
  ->  Hash  (cost=73925.90..73925.90 rows=644333 width=4) (actual time=1331.912..1331.912 rows=544419 loops=1)
        Buckets: 131072  Batches: 16  Memory Usage: 2223kB
        ->  Seq Scan on title t  (cost=0.00..73925.90 rows=644333 width=4) (actual time=0.018..1165.065 rows=544419 loops=1)
              Filter: ((kind_id < 7) AND (production_year > 1994))
              Rows Removed by Filter: 1983893
Planning time: 0.730 ms
Execution time: 11773.440 ms
