Hash Join  (cost=83074.16..109985.46 rows=82 width=0) (actual time=1302.861..1858.195 rows=207 loops=1)
  Hash Cond: (mi_idx.movie_id = t.id)
  ->  Seq Scan on movie_info_idx mi_idx  (cost=0.00..21735.35 rows=1380035 width=4) (actual time=0.016..285.456 rows=1380035 loops=1)
  ->  Hash  (cost=83072.29..83072.29 rows=150 width=8) (actual time=1300.330..1300.330 rows=77 loops=1)
        Buckets: 1024  Batches: 1  Memory Usage: 12kB
        ->  Nested Loop  (cost=0.43..83072.29 rows=150 width=8) (actual time=476.558..1300.236 rows=77 loops=1)
              ->  Seq Scan on movie_keyword mk  (cost=0.00..81003.12 rows=246 width=4) (actual time=2.080..1263.132 rows=1280 loops=1)
                    Filter: (keyword_id = 5952)
                    Rows Removed by Filter: 4522650
              ->  Index Scan using title_pkey on title t  (cost=0.43..8.40 rows=1 width=4) (actual time=0.028..0.028 rows=0 loops=1280)
                    Index Cond: (id = mk.movie_id)
                    Filter: (kind_id = 7)
                    Rows Removed by Filter: 1
Planning time: 1.129 ms
Execution time: 1858.377 ms
