Nested Loop  (cost=0.43..83072.90 rows=58 width=0) (actual time=0.225..1383.367 rows=2573 loops=1)
  ->  Seq Scan on movie_keyword mk  (cost=0.00..81003.12 rows=246 width=4) (actual time=0.173..1265.096 rows=3346 loops=1)
        Filter: (keyword_id = 85)
        Rows Removed by Filter: 4520584
  ->  Index Scan using title_pkey on title t  (cost=0.43..8.40 rows=1 width=4) (actual time=0.034..0.034 rows=1 loops=3346)
        Index Cond: (id = mk.movie_id)
        Filter: ((kind_id < 6) AND (production_year < 2007))
        Rows Removed by Filter: 0
Planning time: 0.789 ms
Execution time: 1384.266 ms
