Seq Scan on movie_companies mc  (cost=0.00..57926.93 rows=320318 width=0) (actual time=0.034..861.230 rows=173535 loops=1)
  Filter: ((company_id < 789) AND (company_type_id = 2))
  Rows Removed by Filter: 2435594
Planning time: 0.354 ms
Execution time: 883.634 ms
