Hash Join  (cost=139597.14..277248.30 rows=849110 width=0) (actual time=4178.200..10525.799 rows=8306362 loops=1)
  Hash Cond: (mk.movie_id = t.id)
  ->  Seq Scan on movie_keyword mk  (cost=0.00..81003.12 rows=3982650 width=4) (actual time=0.018..1879.465 rows=3982530 loops=1)
        Filter: (keyword_id > 382)
        Rows Removed by Filter: 541400
  ->  Hash  (cost=130752.54..130752.54 rows=539088 width=8) (actual time=4177.229..4177.229 rows=954317 loops=1)
        Buckets: 131072 (originally 131072)  Batches: 16 (originally 8)  Memory Usage: 3370kB
        ->  Hash Join  (cost=83810.17..130752.54 rows=539088 width=8) (actual time=1537.715..3844.057 rows=954317 loops=1)
              Hash Cond: (mi_idx.movie_id = t.id)
              ->  Seq Scan on movie_info_idx mi_idx  (cost=0.00..21735.35 rows=1380035 width=4) (actual time=0.021..507.966 rows=1380035 loops=1)
              ->  Hash  (cost=67604.59..67604.59 rows=987727 width=4) (actual time=1536.716..1536.716 rows=985048 loops=1)
                    Buckets: 131072  Batches: 16  Memory Usage: 3188kB
                    ->  Seq Scan on title t  (cost=0.00..67604.59 rows=987727 width=4) (actual time=0.011..1226.174 rows=985048 loops=1)
                          Filter: (kind_id < 7)
                          Rows Removed by Filter: 1543264
Planning time: 1.092 ms
Execution time: 11542.794 ms
