Hash Join  (cost=1018504.83..4128940.57 rows=150595751 width=0) (actual time=25542.351..146196.329 rows=314706771 loops=1)
  Hash Cond: (ci.movie_id = t.id)
  ->  Seq Scan on cast_info ci  (cost=0.00..796071.18 rows=25835014 width=4) (actual time=0.021..18877.370 rows=27926085 loops=1)
        Filter: ((person_id < 2994176) AND (role_id < 10))
        Rows Removed by Filter: 8318259
  ->  Hash  (cost=776690.81..776690.81 rows=14739122 width=8) (actual time=25541.015..25541.015 rows=14835720 loops=1)
        Buckets: 131072  Batches: 256  Memory Usage: 3268kB
        ->  Hash Join  (cost=102767.86..776690.81 rows=14739122 width=8) (actual time=2051.896..21398.428 rows=14835720 loops=1)
              Hash Cond: (mi.movie_id = t.id)
              ->  Seq Scan on movie_info mi  (cost=0.00..309384.22 rows=14739122 width=4) (actual time=0.023..6701.418 rows=14835720 loops=1)
              ->  Hash  (cost=61283.27..61283.27 rows=2528527 width=4) (actual time=2050.226..2050.226 rows=2528312 loops=1)
                    Buckets: 131072  Batches: 64  Memory Usage: 2425kB
                    ->  Seq Scan on title t  (cost=0.00..61283.27 rows=2528527 width=4) (actual time=0.019..1180.277 rows=2528312 loops=1)
Planning time: 1.158 ms
Execution time: 180623.552 ms
