Seq Scan on title t  (cost=0.00..73925.90 rows=1346767 width=0) (actual time=0.022..1375.618 rows=1325688 loops=1)
  Filter: ((kind_id > 2) AND (production_year < 2010))
  Rows Removed by Filter: 1202624
Planning time: 0.307 ms
Execution time: 1544.485 ms
