Hash Join  (cost=73962.22..128657.72 rows=2998 width=0) (actual time=1131.817..2238.876 rows=1983 loops=1)
  Hash Cond: (mc.movie_id = t.id)
  ->  Seq Scan on movie_companies mc  (cost=0.00..44881.29 rows=2609129 width=4) (actual time=0.020..619.622 rows=2609129 loops=1)
  ->  Hash  (cost=73925.90..73925.90 rows=2905 width=4) (actual time=1131.504..1131.504 rows=1104 loops=1)
        Buckets: 4096  Batches: 1  Memory Usage: 71kB
        ->  Seq Scan on title t  (cost=0.00..73925.90 rows=2905 width=4) (actual time=0.091..1130.880 rows=1104 loops=1)
              Filter: ((kind_id < 7) AND (production_year = 1906))
              Rows Removed by Filter: 2527208
Planning time: 13.239 ms
Execution time: 2239.395 ms
