Seq Scan on cast_info ci  (cost=0.00..796071.18 rows=2454169 width=0) (actual time=1158.117..13397.937 rows=3909439 loops=1)
  Filter: ((person_id > 1686405) AND (role_id > 9))
  Rows Removed by Filter: 32334905
Planning time: 0.338 ms
Execution time: 13901.310 ms
