Hash Join  (cost=254587.83..849441.38 rows=9055473 width=0) (actual time=6853.154..62790.144 rows=203941250 loops=1)
  Hash Cond: (mi.movie_id = t.id)
  ->  Seq Scan on movie_info mi  (cost=0.00..309384.22 rows=14739122 width=4) (actual time=0.012..6052.936 rows=14835720 loops=1)
  ->  Hash  (cost=229100.27..229100.27 rows=1553485 width=8) (actual time=6851.664..6851.664 rows=3172213 loops=1)
        Buckets: 131072 (originally 131072)  Batches: 64 (originally 32)  Memory Usage: 3073kB
        ->  Hash Join  (cost=88171.38..229100.27 rows=1553485 width=8) (actual time=1469.661..5867.915 rows=3172213 loops=1)
              Hash Cond: (mk.movie_id = t.id)
              ->  Seq Scan on movie_keyword mk  (cost=0.00..69693.30 rows=4523930 width=4) (actual time=0.019..1370.861 rows=4523930 loops=1)
              ->  Hash  (cost=73925.90..73925.90 rows=868278 width=4) (actual time=1468.657..1468.657 rows=782805 loops=1)
                    Buckets: 131072  Batches: 16  Memory Usage: 2755kB
                    ->  Seq Scan on title t  (cost=0.00..73925.90 rows=868278 width=4) (actual time=0.022..1209.015 rows=782805 loops=1)
                          Filter: ((kind_id < 7) AND (production_year > 1959))
                          Rows Removed by Filter: 1745507
Planning time: 2.764 ms
Execution time: 83523.810 ms
