Hash Join  (cost=260796.63..1574855.78 rows=22873694 width=0) (actual time=5847.614..50103.882 rows=61498145 loops=1)
  Hash Cond: (ci.movie_id = t.id)
  ->  Seq Scan on cast_info ci  (cost=0.00..614943.12 rows=36225612 width=4) (actual time=0.020..13107.811 rows=36244344 loops=1)
  ->  Hash  (cost=234602.50..234602.50 rows=1596571 width=8) (actual time=5844.658..5844.658 rows=1055740 loops=1)
        Buckets: 131072  Batches: 32  Memory Usage: 2373kB
        ->  Hash Join  (cost=82423.69..234602.50 rows=1596571 width=8) (actual time=1509.265..5552.543 rows=1055740 loops=1)
              Hash Cond: (mk.movie_id = t.id)
              ->  Seq Scan on movie_keyword mk  (cost=0.00..81003.12 rows=4469593 width=4) (actual time=0.026..1818.595 rows=4473292 loops=1)
                    Filter: (keyword_id < 99239)
                    Rows Removed by Filter: 50638
              ->  Hash  (cost=67604.59..67604.59 rows=903208 width=4) (actual time=1508.170..1508.170 rows=904491 loops=1)
                    Buckets: 131072  Batches: 16  Memory Usage: 3017kB
                    ->  Seq Scan on title t  (cost=0.00..67604.59 rows=903208 width=4) (actual time=0.025..1204.760 rows=904491 loops=1)
                          Filter: (production_year > 2006)
                          Rows Removed by Filter: 1623821
Planning time: 1.170 ms
Execution time: 56677.391 ms
