Hash Join  (cost=134792.74..500284.28 rows=83561 width=0) (actual time=2565.332..10601.292 rows=1289069 loops=1)
  Hash Cond: (mi.movie_id = t.id)
  ->  Seq Scan on movie_info mi  (cost=0.00..309384.22 rows=14739122 width=4) (actual time=0.008..4340.541 rows=14835720 loops=1)
  ->  Hash  (cost=134613.55..134613.55 rows=14335 width=8) (actual time=2564.976..2564.976 rows=20970 loops=1)
        Buckets: 32768 (originally 16384)  Batches: 1 (originally 1)  Memory Usage: 1076kB
        ->  Hash Join  (cost=74115.73..134613.55 rows=14335 width=8) (actual time=1084.708..2556.019 rows=20970 loops=1)
              Hash Cond: (mc.movie_id = t.id)
              ->  Seq Scan on movie_companies mc  (cost=0.00..51404.11 rows=2386763 width=4) (actual time=0.021..1026.232 rows=2386778 loops=1)
                    Filter: (company_id > 77)
                    Rows Removed by Filter: 222351
              ->  Hash  (cost=73925.90..73925.90 rows=15186 width=4) (actual time=1084.531..1084.531 rows=9845 loops=1)
                    Buckets: 16384  Batches: 1  Memory Usage: 475kB
                    ->  Seq Scan on title t  (cost=0.00..73925.90 rows=15186 width=4) (actual time=0.059..1079.558 rows=9845 loops=1)
                          Filter: ((kind_id < 3) AND (production_year = 1999))
                          Rows Removed by Filter: 2518467
Planning time: 1.230 ms
Execution time: 10763.261 ms
