Seq Scan on title t  (cost=0.00..73925.90 rows=4569 width=0) (actual time=483.464..1188.902 rows=1 loops=1)
  Filter: ((kind_id > 4) AND (production_year = 1917))
  Rows Removed by Filter: 2528311
Planning time: 0.369 ms
Execution time: 1189.057 ms
