Hash Join  (cost=284372.93..919587.60 rows=12838082 width=0) (actual time=6132.242..20582.692 rows=5643378 loops=1)
  Hash Cond: (mi.movie_id = t.id)
  ->  Seq Scan on movie_info mi  (cost=0.00..309384.22 rows=14739122 width=4) (actual time=0.029..6139.101 rows=14835720 loops=1)
  ->  Hash  (cost=248238.93..248238.93 rows=2202400 width=8) (actual time=5580.714..5580.714 rows=533606 loops=1)
        Buckets: 131072  Batches: 32  Memory Usage: 1671kB
        ->  Hash Join  (cost=92883.59..248238.93 rows=2202400 width=8) (actual time=2861.020..5423.678 rows=533606 loops=1)
              Hash Cond: (mk.movie_id = t.id)
              ->  Seq Scan on movie_keyword mk  (cost=0.00..81003.12 rows=3614244 width=4) (actual time=0.027..1793.939 rows=3609579 loops=1)
                    Filter: (keyword_id > 865)
                    Rows Removed by Filter: 914351
              ->  Hash  (cost=67604.59..67604.59 rows=1540800 width=4) (actual time=1680.008..1680.008 rows=1543264 loops=1)
                    Buckets: 131072  Batches: 32  Memory Usage: 2728kB
                    ->  Seq Scan on title t  (cost=0.00..67604.59 rows=1540800 width=4) (actual time=0.022..1151.875 rows=1543264 loops=1)
                          Filter: (kind_id = 7)
                          Rows Removed by Filter: 985048
Planning time: 3.496 ms
Execution time: 21267.822 ms
