Hash Join  (cost=93408.25..147553.76 rows=858398 width=0) (actual time=1808.746..3214.822 rows=785768 loops=1)
  Hash Cond: (mi_idx.movie_id = t.id)
  ->  Seq Scan on movie_info_idx mi_idx  (cost=0.00..21735.35 rows=1380035 width=4) (actual time=0.061..439.021 rows=1380035 loops=1)
  ->  Hash  (cost=67604.59..67604.59 rows=1572773 width=4) (actual time=1807.157..1807.157 rows=1570568 loops=1)
        Buckets: 131072  Batches: 32  Memory Usage: 2751kB
        ->  Seq Scan on title t  (cost=0.00..67604.59 rows=1572773 width=4) (actual time=0.020..1289.657 rows=1570568 loops=1)
              Filter: (production_year > 1996)
              Rows Removed by Filter: 957744
Planning time: 0.612 ms
Execution time: 3289.388 ms
