Hash Join  (cost=131938.77..209826.83 rows=205853 width=0) (actual time=3038.064..4664.689 rows=219450 loops=1)
  Hash Cond: (mc.movie_id = t.id)
  ->  Seq Scan on movie_companies mc  (cost=0.00..44881.29 rows=2609129 width=4) (actual time=0.021..945.790 rows=2609129 loops=1)
  ->  Hash  (cost=128665.10..128665.10 rows=199494 width=8) (actual time=2608.001..2608.001 rows=109567 loops=1)
        Buckets: 131072  Batches: 4  Memory Usage: 2094kB
        ->  Hash Join  (cost=91879.05..128665.10 rows=199494 width=8) (actual time=1634.169..2573.336 rows=109567 loops=1)
              Hash Cond: (mi_idx.movie_id = t.id)
              ->  Seq Scan on movie_info_idx mi_idx  (cost=0.00..25185.44 rows=460978 width=4) (actual time=0.015..497.999 rows=459925 loops=1)
                    Filter: (info_type_id < 100)
                    Rows Removed by Filter: 920110
              ->  Hash  (cost=73925.90..73925.90 rows=1094252 width=4) (actual time=1633.083..1633.083 rows=1044222 loops=1)
                    Buckets: 131072  Batches: 16  Memory Usage: 3319kB
                    ->  Seq Scan on title t  (cost=0.00..73925.90 rows=1094252 width=4) (actual time=0.018..1307.162 rows=1044222 loops=1)
                          Filter: ((production_year < 2009) AND (kind_id = 7))
                          Rows Removed by Filter: 1484090
Planning time: 1.212 ms
Execution time: 4691.190 ms
