Seq Scan on movie_keyword mk  (cost=0.00..81003.12 rows=1647533 width=0) (actual time=0.021..1336.536 rows=1652780 loops=1)
  Filter: (keyword_id > 8845)
  Rows Removed by Filter: 2871150
Planning time: 0.312 ms
Execution time: 1551.312 ms
