Hash Join  (cost=98702.99..198497.00 rows=1558307 width=0) (actual time=1850.242..4429.647 rows=734054 loops=1)
  Hash Cond: (mc.movie_id = t.id)
  ->  Seq Scan on movie_companies mc  (cost=0.00..44881.29 rows=2609129 width=4) (actual time=0.019..910.079 rows=2609129 loops=1)
  ->  Hash  (cost=73925.90..73925.90 rows=1510167 width=4) (actual time=1848.797..1848.797 rows=1490874 loops=1)
        Buckets: 131072  Batches: 32  Memory Usage: 2663kB
        ->  Seq Scan on title t  (cost=0.00..73925.90 rows=1510167 width=4) (actual time=0.019..1376.743 rows=1490874 loops=1)
              Filter: ((kind_id > 4) AND (production_year > 0))
              Rows Removed by Filter: 1037438
Planning time: 0.811 ms
Execution time: 4514.418 ms
