Nested Loop  (cost=0.43..83072.90 rows=50 width=0) (actual time=6.643..1244.206 rows=616 loops=1)
  ->  Seq Scan on movie_keyword mk  (cost=0.00..81003.12 rows=246 width=4) (actual time=1.987..1196.243 rows=726 loops=1)
        Filter: (keyword_id = 1387)
        Rows Removed by Filter: 4523204
  ->  Index Scan using title_pkey on title t  (cost=0.43..8.40 rows=1 width=4) (actual time=0.064..0.065 rows=1 loops=726)
        Index Cond: (id = mk.movie_id)
        Filter: ((kind_id < 7) AND (production_year > 2001))
        Rows Removed by Filter: 0
Planning time: 0.973 ms
Execution time: 1244.573 ms
