Hash Join  (cost=58358.96..145017.80 rows=81 width=0) (actual time=790.583..2310.684 rows=1648 loops=1)
  Hash Cond: (mk.movie_id = t.id)
  ->  Seq Scan on movie_keyword mk  (cost=0.00..69693.30 rows=4523930 width=4) (actual time=0.028..868.395 rows=4523930 loops=1)
  ->  Hash  (cost=58358.39..58358.39 rows=45 width=8) (actual time=783.932..783.932 rows=52 loops=1)
        Buckets: 1024  Batches: 1  Memory Usage: 11kB
        ->  Nested Loop  (cost=0.43..58358.39 rows=45 width=8) (actual time=1.366..783.879 rows=52 loops=1)
              ->  Seq Scan on movie_companies mc  (cost=0.00..57926.93 rows=51 width=4) (actual time=1.331..776.572 rows=53 loops=1)
                    Filter: ((company_type_id < 2) AND (company_id = 3652))
                    Rows Removed by Filter: 2609076
              ->  Index Scan using title_pkey on title t  (cost=0.43..8.45 rows=1 width=4) (actual time=0.135..0.135 rows=1 loops=53)
                    Index Cond: (id = mc.movie_id)
                    Filter: (production_year < 2012)
                    Rows Removed by Filter: 0
Planning time: 6.033 ms
Execution time: 2311.047 ms
