Seq Scan on cast_info ci  (cost=0.00..705507.15 rows=500 width=0) (actual time=8618.451..11187.889 rows=37 loops=1)
  Filter: (person_id = 3729314)
  Rows Removed by Filter: 36244307
Planning time: 0.339 ms
Execution time: 11187.984 ms
