Hash Join  (cost=102767.86..209054.70 rows=640229 width=0) (actual time=2535.490..4820.904 rows=651897 loops=1)
  Hash Cond: (mk.movie_id = t.id)
  ->  Seq Scan on movie_keyword mk  (cost=0.00..81003.12 rows=640229 width=4) (actual time=0.032..1401.454 rows=651897 loops=1)
        Filter: (keyword_id > 28835)
        Rows Removed by Filter: 3872033
  ->  Hash  (cost=61283.27..61283.27 rows=2528527 width=4) (actual time=2534.698..2534.698 rows=2528312 loops=1)
        Buckets: 131072  Batches: 64  Memory Usage: 2425kB
        ->  Seq Scan on title t  (cost=0.00..61283.27 rows=2528527 width=4) (actual time=0.165..1058.688 rows=2528312 loops=1)
Planning time: 0.772 ms
Execution time: 4897.755 ms
