Seq Scan on cast_info ci  (cost=0.00..796071.18 rows=21029920 width=0) (actual time=0.025..17079.078 rows=19730283 loops=1)
  Filter: ((person_id < 3357759) AND (role_id > 1))
  Rows Removed by Filter: 16514061
Planning time: 0.338 ms
Execution time: 19505.025 ms
