Seq Scan on movie_companies mc  (cost=0.00..57926.93 rows=878175 width=0) (actual time=0.012..1004.462 rows=698848 loops=1)
  Filter: ((company_id > 1865) AND (company_type_id < 2))
  Rows Removed by Filter: 1910281
Planning time: 0.350 ms
Execution time: 1100.701 ms
