Hash Join  (cost=348788.20..1267776.90 rows=5370262 width=0) (actual time=10945.628..24791.165 rows=8078781 loops=1)
  Hash Cond: (ci.movie_id = t.id)
  ->  Seq Scan on cast_info ci  (cost=0.00..796071.18 rows=3542120 width=4) (actual time=2564.510..12045.827 rows=1494118 loops=1)
        Filter: ((person_id < 519213) AND (role_id > 1))
        Rows Removed by Filter: 34750226
  ->  Hash  (cost=285893.97..285893.97 rows=3833538 width=8) (actual time=8364.570..8364.570 rows=3834778 loops=1)
        Buckets: 131072  Batches: 64  Memory Usage: 3389kB
        ->  Hash Join  (cost=102767.86..285893.97 rows=3833538 width=8) (actual time=1991.647..7273.561 rows=3834778 loops=1)
              Hash Cond: (mk.movie_id = t.id)
              ->  Seq Scan on movie_keyword mk  (cost=0.00..81003.12 rows=3833538 width=4) (actual time=0.039..1983.104 rows=3834778 loops=1)
                    Filter: (keyword_id > 569)
                    Rows Removed by Filter: 689152
              ->  Hash  (cost=61283.27..61283.27 rows=2528527 width=4) (actual time=1989.907..1989.907 rows=2528312 loops=1)
                    Buckets: 131072  Batches: 64  Memory Usage: 2425kB
                    ->  Seq Scan on title t  (cost=0.00..61283.27 rows=2528527 width=4) (actual time=0.021..1103.218 rows=2528312 loops=1)
Planning time: 15.914 ms
Execution time: 25636.993 ms
