Seq Scan on movie_keyword mk  (cost=0.00..81003.12 rows=246 width=0) (actual time=10.621..1314.087 rows=185 loops=1)
  Filter: (keyword_id = 23931)
  Rows Removed by Filter: 4523745
Planning time: 0.339 ms
Execution time: 1314.338 ms
