Hash Join  (cost=302208.22..1825306.58 rows=14547209 width=176) (actual time=7316.333..61542.898 rows=24716663 loops=1)
  Hash Cond: (ci.movie_id = t.id)
  ->  Seq Scan on cast_info ci  (cost=0.00..705507.15 rows=30405364 width=42) (actual time=0.021..18657.076 rows=30511650 loops=1)
        Filter: (role_id < 9)
        Rows Removed by Filter: 5732694
  ->  Hash  (cost=263457.30..263457.30 rows=1209754 width=134) (actual time=7315.292..7315.292 rows=1280493 loops=1)
        Buckets: 32768  Batches: 64  Memory Usage: 2854kB
        ->  Hash Join  (cost=129928.86..263457.30 rows=1209754 width=134) (actual time=3612.996..6532.280 rows=1280493 loops=1)
              Hash Cond: (mc.movie_id = t.id)
              ->  Seq Scan on movie_companies mc  (cost=0.00..57926.93 rows=1209754 width=40) (actual time=612.982..1386.047 rows=1280493 loops=1)
                    Filter: ((company_id > 92) AND (company_type_id > 1))
                    Rows Removed by Filter: 1328636
              ->  Hash  (cost=61283.27..61283.27 rows=2528527 width=94) (actual time=2999.056..2999.056 rows=2528312 loops=1)
                    Buckets: 32768  Batches: 128  Memory Usage: 2453kB
                    ->  Seq Scan on title t  (cost=0.00..61283.27 rows=2528527 width=94) (actual time=0.030..1077.578 rows=2528312 loops=1)
Planning time: 1.429 ms
Execution time: 62960.449 ms
