Hash Join  (cost=52284.99..79196.04 rows=57 width=0) (actual time=897.252..1397.380 rows=105 loops=1)
  Hash Cond: (mi_idx.movie_id = t.id)
  ->  Seq Scan on movie_info_idx mi_idx  (cost=0.00..21735.35 rows=1380035 width=4) (actual time=0.031..355.765 rows=1380035 loops=1)
  ->  Hash  (cost=52283.69..52283.69 rows=104 width=8) (actual time=807.719..807.719 rows=38 loops=1)
        Buckets: 1024  Batches: 1  Memory Usage: 10kB
        ->  Nested Loop  (cost=0.43..52283.69 rows=104 width=8) (actual time=29.780..807.666 rows=38 loops=1)
              ->  Seq Scan on movie_companies mc  (cost=0.00..51404.11 rows=104 width=4) (actual time=29.677..806.398 rows=38 loops=1)
                    Filter: (company_id = 2184)
                    Rows Removed by Filter: 2609091
              ->  Index Only Scan using title_pkey on title t  (cost=0.43..8.45 rows=1 width=4) (actual time=0.029..0.030 rows=1 loops=38)
                    Index Cond: (id = mc.movie_id)
                    Heap Fetches: 38
Planning time: 1.926 ms
Execution time: 1397.498 ms
