Hash Join  (cost=589458.11..1953484.89 rows=22696791 width=0) (actual time=14412.117..60225.031 rows=50325091 loops=1)
  Hash Cond: (ci.movie_id = t.id)
  ->  Seq Scan on cast_info ci  (cost=0.00..705507.15 rows=27653425 width=4) (actual time=0.023..16637.163 rows=27758030 loops=1)
        Filter: (role_id < 6)
        Rows Removed by Filter: 8486314
  ->  Hash  (cost=555409.73..555409.73 rows=2075311 width=8) (actual time=14410.839..14410.839 rows=3453597 loops=1)
        Buckets: 131072 (originally 131072)  Batches: 64 (originally 32)  Memory Usage: 3127kB
        ->  Hash Join  (cost=76690.42..555409.73 rows=2075311 width=8) (actual time=1238.898..13408.301 rows=3453597 loops=1)
              Hash Cond: (mi.movie_id = t.id)
              ->  Seq Scan on movie_info mi  (cost=0.00..346232.03 rows=9476311 width=4) (actual time=0.023..6506.365 rows=9565151 loops=1)
                    Filter: (info_type_id < 16)
                    Rows Removed by Filter: 5270569
              ->  Hash  (cost=67604.59..67604.59 rows=553747 width=4) (actual time=1237.965..1237.965 rows=552960 loops=1)
                    Buckets: 131072  Batches: 8  Memory Usage: 3452kB
                    ->  Seq Scan on title t  (cost=0.00..67604.59 rows=553747 width=4) (actual time=0.024..1073.381 rows=552960 loops=1)
                          Filter: (production_year < 1983)
                          Rows Removed by Filter: 1975352
Planning time: 2.931 ms
Execution time: 66354.232 ms
