Hash Join  (cost=102767.86..181746.53 rows=735419 width=0) (actual time=2163.203..3968.805 rows=739517 loops=1)
  Hash Cond: (mc.movie_id = t.id)
  ->  Seq Scan on movie_companies mc  (cost=0.00..51404.11 rows=735419 width=4) (actual time=101.006..933.199 rows=739517 loops=1)
        Filter: (company_id > 38794)
        Rows Removed by Filter: 1869612
  ->  Hash  (cost=61283.27..61283.27 rows=2528527 width=4) (actual time=2061.116..2061.116 rows=2528312 loops=1)
        Buckets: 131072  Batches: 64  Memory Usage: 2415kB
        ->  Seq Scan on title t  (cost=0.00..61283.27 rows=2528527 width=4) (actual time=0.022..1214.955 rows=2528312 loops=1)
Planning time: 0.794 ms
Execution time: 4046.778 ms
