Hash Join  (cost=78144.34..519770.71 rows=762889 width=0) (actual time=1378.102..12737.785 rows=1908034 loops=1)
  Hash Cond: (mi.movie_id = t.id)
  ->  Seq Scan on movie_info mi  (cost=0.00..346232.03 rows=7503588 width=4) (actual time=0.019..6722.155 rows=7548855 loops=1)
        Filter: (info_type_id > 7)
        Rows Removed by Filter: 7286865
  ->  Hash  (cost=73925.90..73925.90 rows=257075 width=4) (actual time=1333.403..1333.403 rows=366618 loops=1)
        Buckets: 131072 (originally 131072)  Batches: 8 (originally 4)  Memory Usage: 3073kB
        ->  Seq Scan on title t  (cost=0.00..73925.90 rows=257075 width=4) (actual time=340.177..1214.004 rows=366618 loops=1)
              Filter: ((kind_id < 2) AND (production_year < 1999))
              Rows Removed by Filter: 2161694
Planning time: 0.803 ms
Execution time: 12961.512 ms
