Seq Scan on cast_info ci  (cost=0.00..705507.15 rows=3938782 width=0) (actual time=5720.556..11791.066 rows=3987945 loops=1)
  Filter: (person_id > 3327543)
  Rows Removed by Filter: 32256399
Planning time: 0.286 ms
Execution time: 12297.714 ms
