Hash Join  (cost=117169.86..605571.71 rows=805593 width=0) (actual time=2326.375..16243.790 rows=4953371 loops=1)
  Hash Cond: (mi.movie_id = t.id)
  ->  Seq Scan on movie_info mi  (cost=0.00..309384.22 rows=14739122 width=4) (actual time=0.020..6099.351 rows=14835720 loops=1)
  ->  Hash  (cost=114902.35..114902.35 rows=138201 width=8) (actual time=2325.156..2325.156 rows=247566 loops=1)
        Buckets: 131072 (originally 131072)  Batches: 4 (originally 2)  Memory Usage: 3457kB
        ->  Hash Join  (cost=80042.24..114902.35 rows=138201 width=8) (actual time=1345.651..2241.415 rows=247566 loops=1)
              Hash Cond: (mi_idx.movie_id = t.id)
              ->  Seq Scan on movie_info_idx mi_idx  (cost=0.00..25185.44 rows=460978 width=4) (actual time=0.023..483.204 rows=459925 loops=1)
                    Filter: (info_type_id = 99)
                    Rows Removed by Filter: 920110
              ->  Hash  (cost=67604.59..67604.59 rows=758052 width=4) (actual time=1344.209..1344.209 rows=753677 loops=1)
                    Buckets: 131072  Batches: 16  Memory Usage: 2677kB
                    ->  Seq Scan on title t  (cost=0.00..67604.59 rows=758052 width=4) (actual time=0.029..1100.204 rows=753677 loops=1)
                          Filter: (kind_id < 3)
                          Rows Removed by Filter: 1774635
Planning time: 1.147 ms
Execution time: 16799.325 ms
