Hash Join  (cost=102767.86..265720.23 rows=2995154 width=0) (actual time=1850.249..6132.516 rows=2983838 loops=1)
  Hash Cond: (mk.movie_id = t.id)
  ->  Seq Scan on movie_keyword mk  (cost=0.00..81003.12 rows=2995154 width=4) (actual time=0.019..1656.870 rows=2983838 loops=1)
        Filter: (keyword_id > 2258)
        Rows Removed by Filter: 1540092
  ->  Hash  (cost=61283.27..61283.27 rows=2528527 width=4) (actual time=1847.452..1847.452 rows=2528312 loops=1)
        Buckets: 131072  Batches: 64  Memory Usage: 2425kB
        ->  Seq Scan on title t  (cost=0.00..61283.27 rows=2528527 width=4) (actual time=0.020..1002.049 rows=2528312 loops=1)
Planning time: 0.689 ms
Execution time: 6484.209 ms
