Hash Join  (cost=94574.69..543264.99 rows=2935269 width=0) (actual time=2389.302..11521.984 rows=989241 loops=1)
  Hash Cond: (mi.movie_id = t.id)
  ->  Seq Scan on movie_info mi  (cost=0.00..346232.03 rows=5897221 width=4) (actual time=103.659..6034.482 rows=5884963 loops=1)
        Filter: (info_type_id < 7)
        Rows Removed by Filter: 8950757
  ->  Hash  (cost=73925.90..73925.90 rows=1258543 width=4) (actual time=2284.731..2284.731 rows=1221534 loops=1)
        Buckets: 131072  Batches: 32  Memory Usage: 2369kB
        ->  Seq Scan on title t  (cost=0.00..73925.90 rows=1258543 width=4) (actual time=0.026..1323.086 rows=1221534 loops=1)
              Filter: ((production_year < 2011) AND (kind_id = 7))
              Rows Removed by Filter: 1306778
Planning time: 0.771 ms
Execution time: 11636.540 ms
