Seq Scan on movie_companies mc  (cost=0.00..57926.93 rows=414690 width=0) (actual time=0.024..824.729 rows=233176 loops=1)
  Filter: ((company_id < 1824) AND (company_type_id > 1))
  Rows Removed by Filter: 2375953
Planning time: 0.399 ms
Execution time: 851.126 ms
