Seq Scan on movie_keyword mk  (cost=0.00..81003.12 rows=246 width=0) (actual time=73.407..2799.903 rows=251 loops=1)
  Filter: (keyword_id = 14260)
  Rows Removed by Filter: 4523679
Planning time: 0.550 ms
Execution time: 2800.120 ms
