Hash Join  (cost=86421.94..931867.29 rows=958848 width=0) (actual time=9635.216..16438.782 rows=552273 loops=1)
  Hash Cond: (ci.movie_id = t.id)
  ->  Seq Scan on cast_info ci  (cost=0.00..796071.18 rows=3183383 width=4) (actual time=8116.825..13883.919 rows=1528540 loops=1)
        Filter: ((person_id < 1493161) AND (role_id > 7))
        Rows Removed by Filter: 34715804
  ->  Hash  (cost=73925.90..73925.90 rows=761603 width=4) (actual time=1517.510..1517.510 rows=670584 loops=1)
        Buckets: 131072  Batches: 16  Memory Usage: 2498kB
        ->  Seq Scan on title t  (cost=0.00..73925.90 rows=761603 width=4) (actual time=0.029..1308.231 rows=670584 loops=1)
              Filter: ((kind_id < 7) AND (production_year > 1979))
              Rows Removed by Filter: 1857728
Planning time: 0.783 ms
Execution time: 16509.729 ms
