Hash Join  (cost=458177.70..590762.54 rows=404099 width=0) (actual time=8769.603..17327.985 rows=21431459 loops=1)
  Hash Cond: (mk.movie_id = t.id)
  ->  Seq Scan on movie_keyword mk  (cost=0.00..81003.12 rows=4025792 width=4) (actual time=0.020..1761.825 rows=4021945 loops=1)
        Filter: (keyword_id > 359)
        Rows Removed by Filter: 501985
  ->  Hash  (cost=454013.11..454013.11 rows=253807 width=8) (actual time=8767.040..8767.040 rows=564221 loops=1)
        Buckets: 131072 (originally 131072)  Batches: 8 (originally 4)  Memory Usage: 3882kB
        ->  Hash Join  (cost=78724.21..454013.11 rows=253807 width=8) (actual time=2902.888..8579.461 rows=564221 loops=1)
              Hash Cond: (mi.movie_id = t.id)
              ->  Seq Scan on movie_info mi  (cost=0.00..346232.03 rows=2194617 width=4) (actual time=1314.198..5704.248 rows=2233850 loops=1)
                    Filter: (info_type_id > 16)
                    Rows Removed by Filter: 12601870
              ->  Hash  (cost=73925.90..73925.90 rows=292424 width=4) (actual time=1390.732..1390.732 rows=231739 loops=1)
                    Buckets: 131072  Batches: 4  Memory Usage: 3073kB
                    ->  Seq Scan on title t  (cost=0.00..73925.90 rows=292424 width=4) (actual time=0.033..811.697 rows=231739 loops=1)
                          Filter: ((production_year > 2004) AND (kind_id = 1))
                          Rows Removed by Filter: 2296573
Planning time: 1.121 ms
Execution time: 19964.246 ms
