Hash Join  (cost=88359.31..1281102.68 rows=11830692 width=0) (actual time=1803.035..36615.803 rows=11727872 loops=1)
  Hash Cond: (ci.movie_id = t.id)
  ->  Seq Scan on cast_info ci  (cost=0.00..796071.18 rows=23647272 width=4) (actual time=0.018..19500.072 rows=23752221 loops=1)
        Filter: ((person_id > 52607) AND (role_id < 4))
        Rows Removed by Filter: 12492123
  ->  Hash  (cost=67604.59..67604.59 rows=1265018 width=4) (actual time=1801.743..1801.743 rows=1263700 loops=1)
        Buckets: 131072  Batches: 32  Memory Usage: 2410kB
        ->  Seq Scan on title t  (cost=0.00..67604.59 rows=1265018 width=4) (actual time=0.011..1382.498 rows=1263700 loops=1)
              Filter: (production_year < 2004)
              Rows Removed by Filter: 1264612
Planning time: 0.790 ms
Execution time: 37982.604 ms
