Hash Join  (cost=28268.52..84412.29 rows=72 width=0) (actual time=437.124..1604.309 rows=2845 loops=1)
  Hash Cond: (mc.movie_id = t.id)
  ->  Seq Scan on movie_companies mc  (cost=0.00..51404.11 rows=1263716 width=4) (actual time=0.016..978.778 rows=1274694 loops=1)
        Filter: (company_id > 11413)
        Rows Removed by Filter: 1334435
  ->  Hash  (cost=28266.72..28266.72 rows=144 width=8) (actual time=436.447..436.447 rows=260 loops=1)
        Buckets: 1024  Batches: 1  Memory Usage: 19kB
        ->  Nested Loop  (cost=0.43..28266.72 rows=144 width=8) (actual time=74.263..436.313 rows=260 loops=1)
              ->  Seq Scan on movie_info_idx mi_idx  (cost=0.00..25185.44 rows=368 width=4) (actual time=74.179..400.880 rows=260 loops=1)
                    Filter: (info_type_id > 101)
                    Rows Removed by Filter: 1379775
              ->  Index Scan using title_pkey on title t  (cost=0.43..8.36 rows=1 width=4) (actual time=0.135..0.136 rows=1 loops=260)
                    Index Cond: (id = mi_idx.movie_id)
                    Filter: (kind_id < 7)
Planning time: 1.175 ms
Execution time: 1604.962 ms
