Hash Join  (cost=102767.86..201187.77 rows=1543372 width=0) (actual time=1998.358..4977.313 rows=1531834 loops=1)
  Hash Cond: (mc.movie_id = t.id)
  ->  Seq Scan on movie_companies mc  (cost=0.00..51404.11 rows=1543372 width=4) (actual time=0.014..1001.163 rows=1531834 loops=1)
        Filter: (company_id < 14420)
        Rows Removed by Filter: 1077295
  ->  Hash  (cost=61283.27..61283.27 rows=2528527 width=4) (actual time=1994.133..1994.133 rows=2528312 loops=1)
        Buckets: 131072  Batches: 64  Memory Usage: 2415kB
        ->  Seq Scan on title t  (cost=0.00..61283.27 rows=2528527 width=4) (actual time=0.013..1168.399 rows=2528312 loops=1)
Planning time: 4.579 ms
Execution time: 5157.716 ms
