Hash Join  (cost=164908.95..666214.69 rows=2014881 width=0) (actual time=3588.367..17271.088 rows=2357325 loops=1)
  Hash Cond: (mi.movie_id = t.id)
  ->  Seq Scan on movie_info mi  (cost=0.00..309384.22 rows=14739122 width=4) (actual time=0.018..6335.307 rows=14835720 loops=1)
  ->  Hash  (cost=159237.24..159237.24 rows=345657 width=8) (actual time=3587.245..3587.245 rows=231324 loops=1)
        Buckets: 131072  Batches: 8  Memory Usage: 2160kB
        ->  Hash Join  (cost=79422.14..159237.24 rows=345657 width=8) (actual time=1285.316..3508.316 rows=231324 loops=1)
              Hash Cond: (mc.movie_id = t.id)
              ->  Seq Scan on movie_companies mc  (cost=0.00..44881.29 rows=2609129 width=4) (actual time=0.020..987.705 rows=2609129 loops=1)
              ->  Hash  (cost=73925.90..73925.90 rows=334979 width=4) (actual time=1280.193..1280.193 rows=198988 loops=1)
                    Buckets: 131072  Batches: 8  Memory Usage: 1894kB
                    ->  Seq Scan on title t  (cost=0.00..73925.90 rows=334979 width=4) (actual time=0.033..1215.243 rows=198988 loops=1)
                          Filter: ((kind_id > 1) AND (production_year < 1976))
                          Rows Removed by Filter: 2329324
Planning time: 1.230 ms
Execution time: 17557.775 ms
