Hash Join  (cost=135780.59..162856.62 rows=16555 width=0) (actual time=2204.362..2852.054 rows=26500 loops=1)
  Hash Cond: (mi_idx.movie_id = t.id)
  ->  Seq Scan on movie_info_idx mi_idx  (cost=0.00..21735.35 rows=1380035 width=4) (actual time=0.018..333.180 rows=1380035 loops=1)
  ->  Hash  (cost=135401.42..135401.42 rows=30333 width=8) (actual time=2204.010..2204.010 rows=15536 loops=1)
        Buckets: 32768  Batches: 1  Memory Usage: 863kB
        ->  Hash Join  (cost=69687.24..135401.42 rows=30333 width=8) (actual time=1029.573..2197.431 rows=15536 loops=1)
              Hash Cond: (mc.movie_id = t.id)
              ->  Seq Scan on movie_companies mc  (cost=0.00..57926.93 rows=604246 width=4) (actual time=0.020..1009.682 rows=352387 loops=1)
                    Filter: ((company_id > 11729) AND (company_type_id = 1))
                    Rows Removed by Filter: 2256742
              ->  Hash  (cost=67604.59..67604.59 rows=126932 width=4) (actual time=1028.643..1028.643 rows=122861 loops=1)
                    Buckets: 131072  Batches: 2  Memory Usage: 3191kB
                    ->  Seq Scan on title t  (cost=0.00..67604.59 rows=126932 width=4) (actual time=0.018..983.278 rows=122861 loops=1)
                          Filter: (production_year = 2008)
                          Rows Removed by Filter: 2405451
Planning time: 1.205 ms
Execution time: 2856.113 ms
