Hash Join  (cost=356408.62..1153201.75 rows=22155595 width=0) (actual time=8730.467..69703.886 rows=203488808 loops=1)
  Hash Cond: (mi.movie_id = t.id)
  ->  Seq Scan on movie_info mi  (cost=0.00..346232.03 rows=13929354 width=4) (actual time=0.014..7818.646 rows=14033580 loops=1)
        Filter: (info_type_id > 1)
        Rows Removed by Filter: 802140
  ->  Hash  (cost=290425.17..290425.17 rows=4021796 width=8) (actual time=8721.711..8721.711 rows=4028627 loops=1)
        Buckets: 131072  Batches: 64  Memory Usage: 3583kB
        ->  Hash Join  (cost=102767.86..290425.17 rows=4021796 width=8) (actual time=1962.018..7337.552 rows=4028627 loops=1)
              Hash Cond: (mk.movie_id = t.id)
              ->  Seq Scan on movie_keyword mk  (cost=0.00..81003.12 rows=4021796 width=4) (actual time=0.023..1852.030 rows=4028627 loops=1)
                    Filter: (keyword_id < 36418)
                    Rows Removed by Filter: 495303
              ->  Hash  (cost=61283.27..61283.27 rows=2528527 width=4) (actual time=1960.202..1960.202 rows=2528312 loops=1)
                    Buckets: 131072  Batches: 64  Memory Usage: 2425kB
                    ->  Seq Scan on title t  (cost=0.00..61283.27 rows=2528527 width=4) (actual time=0.013..1117.902 rows=2528312 loops=1)
Planning time: 1.153 ms
Execution time: 92032.535 ms
