Hash Join  (cost=196873.70..237531.74 rows=235197 width=0) (actual time=4743.764..6072.017 rows=1087418 loops=1)
  Hash Cond: (mi_idx.movie_id = t.id)
  ->  Seq Scan on movie_info_idx mi_idx  (cost=0.00..25185.44 rows=915101 width=4) (actual time=0.021..495.006 rows=919850 loops=1)
        Filter: (info_type_id < 101)
        Rows Removed by Filter: 460185
  ->  Hash  (cost=186211.26..186211.26 rows=649875 width=8) (actual time=4742.634..4742.634 rows=885632 loops=1)
        Buckets: 131072  Batches: 16  Memory Usage: 3161kB
        ->  Hash Join  (cost=102767.86..186211.26 rows=649875 width=8) (actual time=2220.027..4494.178 rows=885632 loops=1)
              Hash Cond: (mc.movie_id = t.id)
              ->  Seq Scan on movie_companies mc  (cost=0.00..57926.93 rows=649875 width=4) (actual time=388.537..982.332 rows=885632 loops=1)
                    Filter: ((company_id < 11361) AND (company_type_id < 2))
                    Rows Removed by Filter: 1723497
              ->  Hash  (cost=61283.27..61283.27 rows=2528527 width=4) (actual time=1830.239..1830.239 rows=2528312 loops=1)
                    Buckets: 131072  Batches: 64  Memory Usage: 2415kB
                    ->  Seq Scan on title t  (cost=0.00..61283.27 rows=2528527 width=4) (actual time=0.017..967.813 rows=2528312 loops=1)
Planning time: 1.149 ms
Execution time: 6200.054 ms
