Seq Scan on cast_info ci  (cost=0.00..705507.15 rows=31469888 width=0) (actual time=0.022..12813.985 rows=31453304 loops=1)
  Filter: (person_id < 3198072)
  Rows Removed by Filter: 4791040
Planning time: 0.307 ms
Execution time: 16623.537 ms
