Seq Scan on movie_keyword mk  (cost=0.00..81003.12 rows=2665337 width=0) (actual time=0.016..1066.978 rows=2659206 loops=1)
  Filter: (keyword_id < 7396)
  Rows Removed by Filter: 1864724
Planning time: 0.252 ms
Execution time: 1334.562 ms
