Hash Join  (cost=174865.45..1358017.29 rows=11301218 width=0) (actual time=4407.738..42498.860 rows=22952228 loops=1)
  Hash Cond: (ci.movie_id = t.id)
  ->  Seq Scan on cast_info ci  (cost=0.00..705507.15 rows=31226536 width=4) (actual time=0.024..16184.263 rows=31202636 loops=1)
        Filter: (person_id < 3164971)
        Rows Removed by Filter: 5041708
  ->  Hash  (cost=159851.69..159851.69 rows=915101 width=8) (actual time=4406.911..4406.911 rows=919850 loops=1)
        Buckets: 131072  Batches: 16  Memory Usage: 3269kB
        ->  Hash Join  (cost=102767.86..159851.69 rows=915101 width=8) (actual time=2326.685..4127.547 rows=919850 loops=1)
              Hash Cond: (mi_idx.movie_id = t.id)
              ->  Seq Scan on movie_info_idx mi_idx  (cost=0.00..25185.44 rows=915101 width=4) (actual time=0.019..562.464 rows=919850 loops=1)
                    Filter: (info_type_id < 101)
                    Rows Removed by Filter: 460185
              ->  Hash  (cost=61283.27..61283.27 rows=2528527 width=4) (actual time=2325.440..2325.440 rows=2528312 loops=1)
                    Buckets: 131072  Batches: 64  Memory Usage: 2415kB
                    ->  Seq Scan on title t  (cost=0.00..61283.27 rows=2528527 width=4) (actual time=0.024..1195.887 rows=2528312 loops=1)
Planning time: 5.909 ms
Execution time: 45076.191 ms
