Seq Scan on movie_companies mc  (cost=0.00..57926.93 rows=53 width=0) (actual time=475.116..805.000 rows=6 loops=1)
  Filter: ((company_id = 135515) AND (company_type_id = 2))
  Rows Removed by Filter: 2609123
Planning time: 0.419 ms
Execution time: 805.099 ms
