Hash Join  (cost=74617.32..425899.49 rows=27836 width=0) (actual time=1526.919..6339.103 rows=52772 loops=1)
  Hash Cond: (mi.movie_id = t.id)
  ->  Seq Scan on movie_info mi  (cost=0.00..346232.03 rows=1272478 width=4) (actual time=411.571..4862.209 rows=1325361 loops=1)
        Filter: (info_type_id = 8)
        Rows Removed by Filter: 13510359
  ->  Hash  (cost=73925.90..73925.90 rows=55313 width=4) (actual time=1114.876..1114.876 rows=49075 loops=1)
        Buckets: 65536  Batches: 1  Memory Usage: 2238kB
        ->  Seq Scan on title t  (cost=0.00..73925.90 rows=55313 width=4) (actual time=0.192..1094.866 rows=49075 loops=1)
              Filter: ((kind_id < 7) AND (production_year = 2010))
              Rows Removed by Filter: 2479237
Planning time: 0.759 ms
Execution time: 6346.493 ms
