Seq Scan on cast_info ci  (cost=0.00..705507.15 rows=500 width=0) (actual time=2.358..11050.247 rows=176 loops=1)
  Filter: (person_id = 506480)
  Rows Removed by Filter: 36244168
Planning time: 0.367 ms
Execution time: 11050.372 ms
