Hash Join  (cost=74574.97..135143.95 rows=13717 width=0) (actual time=1041.395..1750.555 rows=4409 loops=1)
  Hash Cond: (mc.movie_id = t.id)
  ->  Seq Scan on movie_companies mc  (cost=0.00..57926.93 rows=667966 width=4) (actual time=0.019..617.085 rows=425866 loops=1)
        Filter: ((company_id < 11299) AND (company_type_id > 1))
        Rows Removed by Filter: 2183263
  ->  Hash  (cost=73925.90..73925.90 rows=51925 width=4) (actual time=1040.738..1040.738 rows=56480 loops=1)
        Buckets: 65536  Batches: 1  Memory Usage: 2498kB
        ->  Seq Scan on title t  (cost=0.00..73925.90 rows=51925 width=4) (actual time=0.029..1015.172 rows=56480 loops=1)
              Filter: ((kind_id = 7) AND (production_year = 2004))
              Rows Removed by Filter: 2471832
Planning time: 0.740 ms
Execution time: 1751.090 ms
