Hash Join  (cost=163546.81..968871.15 rows=23737 width=0) (actual time=7754.973..14704.799 rows=333318 loops=1)
  Hash Cond: (ci.movie_id = t.id)
  ->  Seq Scan on cast_info ci  (cost=0.00..796071.18 rows=676559 width=4) (actual time=4828.867..11192.258 rows=1341016 loops=1)
        Filter: ((person_id < 184099) AND (role_id = 1))
        Rows Removed by Filter: 34903328
  ->  Hash  (cost=162090.88..162090.88 rows=88714 width=8) (actual time=2925.221..2925.221 rows=160187 loops=1)
        Buckets: 131072 (originally 131072)  Batches: 4 (originally 2)  Memory Usage: 3073kB
        ->  Hash Join  (cost=74545.71..162090.88 rows=88714 width=8) (actual time=1036.389..2865.957 rows=160187 loops=1)
              Hash Cond: (mk.movie_id = t.id)
              ->  Seq Scan on movie_keyword mk  (cost=0.00..69693.30 rows=4523930 width=4) (actual time=0.025..918.432 rows=4523930 loops=1)
              ->  Hash  (cost=73925.90..73925.90 rows=49584 width=4) (actual time=1035.399..1035.399 rows=38752 loops=1)
                    Buckets: 65536  Batches: 1  Memory Usage: 1875kB
                    ->  Seq Scan on title t  (cost=0.00..73925.90 rows=49584 width=4) (actual time=0.085..1019.414 rows=38752 loops=1)
                          Filter: ((kind_id < 7) AND (production_year = 2008))
                          Rows Removed by Filter: 2489560
Planning time: 1.170 ms
Execution time: 14740.012 ms
