Seq Scan on movie_keyword mk  (cost=0.00..81003.12 rows=70367 width=0) (actual time=0.046..2749.723 rows=72592 loops=1)
  Filter: (keyword_id < 66)
  Rows Removed by Filter: 4451338
Planning time: 6.272 ms
Execution time: 2761.643 ms
