Hash Join  (cost=190230.21..1053331.98 rows=1976524 width=0) (actual time=4196.592..18738.333 rows=2448305 loops=1)
  Hash Cond: (ci.movie_id = t.id)
  ->  Seq Scan on cast_info ci  (cost=0.00..796071.18 rows=3621426 width=4) (actual time=0.029..12727.252 rows=1817380 loops=1)
        Filter: ((person_id < 1363158) AND (role_id > 4))
        Rows Removed by Filter: 34426964
  ->  Hash  (cost=167588.78..167588.78 rows=1380035 width=8) (actual time=4193.944..4193.944 rows=1380035 loops=1)
        Buckets: 131072  Batches: 32  Memory Usage: 2708kB
        ->  Hash Join  (cost=102767.86..167588.78 rows=1380035 width=8) (actual time=1866.010..3793.046 rows=1380035 loops=1)
              Hash Cond: (mi_idx.movie_id = t.id)
              ->  Seq Scan on movie_info_idx mi_idx  (cost=0.00..21735.35 rows=1380035 width=4) (actual time=0.018..429.244 rows=1380035 loops=1)
              ->  Hash  (cost=61283.27..61283.27 rows=2528527 width=4) (actual time=1864.300..1864.300 rows=2528312 loops=1)
                    Buckets: 131072  Batches: 64  Memory Usage: 2415kB
                    ->  Seq Scan on title t  (cost=0.00..61283.27 rows=2528527 width=4) (actual time=1.279..1033.485 rows=2528312 loops=1)
Planning time: 1.170 ms
Execution time: 19027.669 ms
