Hash Join  (cost=97066.09..475654.44 rows=903694 width=0) (actual time=5951.683..9016.951 rows=1018712 loops=1)
  Hash Cond: (mi.movie_id = t.id)
  ->  Seq Scan on movie_info mi  (cost=0.00..346232.03 rows=1272478 width=4) (actual time=4009.873..5593.222 rows=1325361 loops=1)
        Filter: (info_type_id = 8)
        Rows Removed by Filter: 13510359
  ->  Hash  (cost=67604.59..67604.59 rows=1795720 width=4) (actual time=1940.579..1940.579 rows=1794153 loops=1)
        Buckets: 131072  Batches: 32  Memory Usage: 3001kB
        ->  Seq Scan on title t  (cost=0.00..67604.59 rows=1795720 width=4) (actual time=0.029..1354.545 rows=1794153 loops=1)
              Filter: (production_year < 2009)
              Rows Removed by Filter: 734159
Planning time: 0.779 ms
Execution time: 9130.012 ms
