Hash Join  (cost=102767.86..178068.94 rows=311517 width=0) (actual time=2162.743..3536.974 rows=607313 loops=1)
  Hash Cond: (mc.movie_id = t.id)
  ->  Seq Scan on movie_companies mc  (cost=0.00..57926.93 rows=311517 width=4) (actual time=382.973..903.286 rows=607313 loops=1)
        Filter: ((company_id > 63373) AND (company_type_id = 2))
        Rows Removed by Filter: 2001816
  ->  Hash  (cost=61283.27..61283.27 rows=2528527 width=4) (actual time=1778.479..1778.479 rows=2528312 loops=1)
        Buckets: 131072  Batches: 64  Memory Usage: 2415kB
        ->  Seq Scan on title t  (cost=0.00..61283.27 rows=2528527 width=4) (actual time=0.028..912.846 rows=2528312 loops=1)
Planning time: 0.572 ms
Execution time: 3608.492 ms
