Hash Join  (cost=260289.76..362669.75 rows=1745905 width=0) (actual time=6531.506..13262.141 rows=15924129 loops=1)
  Hash Cond: (mc.movie_id = t.id)
  ->  Seq Scan on movie_companies mc  (cost=0.00..44881.29 rows=2609129 width=4) (actual time=0.017..975.978 rows=2609129 loops=1)
  ->  Hash  (cost=232530.12..232530.12 rows=1691971 width=8) (actual time=6527.695..6527.695 rows=1991359 loops=1)
        Buckets: 131072  Batches: 32  Memory Usage: 3434kB
        ->  Hash Join  (cost=97066.09..232530.12 rows=1691971 width=8) (actual time=2042.485..5866.700 rows=1991359 loops=1)
              Hash Cond: (mk.movie_id = t.id)
              ->  Seq Scan on movie_keyword mk  (cost=0.00..81003.12 rows=2382439 width=4) (actual time=0.026..1533.337 rows=2375251 loops=1)
                    Filter: (keyword_id > 4032)
                    Rows Removed by Filter: 2148679
              ->  Hash  (cost=67604.59..67604.59 rows=1795720 width=4) (actual time=2040.823..2040.823 rows=1794153 loops=1)
                    Buckets: 131072  Batches: 32  Memory Usage: 3001kB
                    ->  Seq Scan on title t  (cost=0.00..67604.59 rows=1795720 width=4) (actual time=0.024..1415.294 rows=1794153 loops=1)
                          Filter: (production_year < 2009)
                          Rows Removed by Filter: 734159
Planning time: 1.099 ms
Execution time: 15150.842 ms
