Hash Join  (cost=221308.88..266627.90 rows=444455 width=0) (actual time=5168.795..6673.715 rows=1554357 loops=1)
  Hash Cond: (mi_idx.movie_id = t.id)
  ->  Seq Scan on movie_info_idx mi_idx  (cost=0.00..21735.35 rows=1380035 width=4) (actual time=0.019..470.236 rows=1380035 loops=1)
  ->  Hash  (cost=207947.65..207947.65 rows=814338 width=8) (actual time=5167.240..5167.240 rows=734626 loops=1)
        Buckets: 131072  Batches: 16  Memory Usage: 2862kB
        ->  Hash Join  (cost=97102.97..207947.65 rows=814338 width=8) (actual time=2524.888..4978.096 rows=734626 loops=1)
              Hash Cond: (mk.movie_id = t.id)
              ->  Seq Scan on movie_keyword mk  (cost=0.00..81003.12 rows=1145235 width=4) (actual time=0.030..1456.904 rows=1157902 loops=1)
                    Filter: (keyword_id > 16131)
                    Rows Removed by Filter: 3366028
              ->  Hash  (cost=67604.59..67604.59 rows=1797951 width=4) (actual time=2521.356..2521.356 rows=1793384 loops=1)
                    Buckets: 131072  Batches: 32  Memory Usage: 3007kB
                    ->  Seq Scan on title t  (cost=0.00..67604.59 rows=1797951 width=4) (actual time=0.016..1282.755 rows=1793384 loops=1)
                          Filter: (production_year > 1988)
                          Rows Removed by Filter: 734928
Planning time: 1.703 ms
Execution time: 6837.939 ms
