Hash Join  (cost=87344.71..227175.32 rows=1463358 width=0) (actual time=1785.719..5981.657 rows=2992029 loops=1)
  Hash Cond: (mk.movie_id = t.id)
  ->  Seq Scan on movie_keyword mk  (cost=0.00..69693.30 rows=4523930 width=4) (actual time=0.016..1364.773 rows=4523930 loops=1)
  ->  Hash  (cost=73925.90..73925.90 rows=817904 width=4) (actual time=1783.976..1783.976 rows=732135 loops=1)
        Buckets: 131072  Batches: 16  Memory Usage: 2644kB
        ->  Seq Scan on title t  (cost=0.00..73925.90 rows=817904 width=4) (actual time=0.014..1230.447 rows=732135 loops=1)
              Filter: ((kind_id < 7) AND (production_year > 1969))
              Rows Removed by Filter: 1796177
Planning time: 3.201 ms
Execution time: 6348.248 ms
