Hash Join  (cost=709675.04..736585.80 rows=28 width=0) (actual time=29802.699..31033.459 rows=6 loops=1)
  Hash Cond: (mi_idx.movie_id = t.id)
  ->  Seq Scan on movie_info_idx mi_idx  (cost=0.00..21735.35 rows=1380035 width=4) (actual time=0.013..1066.900 rows=1380035 loops=1)
  ->  Hash  (cost=709674.40..709674.40 rows=51 width=8) (actual time=29654.582..29654.582 rows=3 loops=1)
        Buckets: 1024  Batches: 1  Memory Usage: 9kB
        ->  Nested Loop  (cost=0.43..709674.40 rows=51 width=8) (actual time=20277.205..29654.540 rows=3 loops=1)
              ->  Seq Scan on cast_info ci  (cost=0.00..705507.15 rows=500 width=4) (actual time=854.146..29646.887 rows=77 loops=1)
                    Filter: (person_id = 2825577)
                    Rows Removed by Filter: 36244267
              ->  Index Scan using title_pkey on title t  (cost=0.43..8.32 rows=1 width=4) (actual time=0.097..0.097 rows=0 loops=77)
                    Index Cond: (id = ci.movie_id)
                    Filter: ((kind_id < 7) AND (production_year > 2008))
                    Rows Removed by Filter: 1
Planning time: 1.141 ms
Execution time: 31033.617 ms
