Seq Scan on movie_keyword mk  (cost=0.00..81003.12 rows=3996011 width=0) (actual time=0.019..1534.122 rows=4006378 loops=1)
  Filter: (keyword_id < 34990)
  Rows Removed by Filter: 517552
Planning time: 0.193 ms
Execution time: 2038.960 ms
