Nested Loop  (cost=0.43..52284.21 rows=7 width=0) (actual time=169.377..926.958 rows=14 loops=1)
  ->  Seq Scan on movie_companies mc  (cost=0.00..51404.11 rows=104 width=4) (actual time=169.125..903.667 rows=473 loops=1)
        Filter: (company_id = 77333)
        Rows Removed by Filter: 2608656
  ->  Index Scan using title_pkey on title t  (cost=0.43..8.45 rows=1 width=4) (actual time=0.049..0.049 rows=0 loops=473)
        Index Cond: (id = mc.movie_id)
        Filter: ((production_year < 1962) AND (kind_id = 7))
        Rows Removed by Filter: 1
Planning time: 0.711 ms
Execution time: 927.056 ms
