Hash Join  (cost=83074.21..109985.26 rows=57 width=0) (actual time=1449.506..1741.394 rows=6 loops=1)
  Hash Cond: (mi_idx.movie_id = t.id)
  ->  Seq Scan on movie_info_idx mi_idx  (cost=0.00..21735.35 rows=1380035 width=4) (actual time=0.019..245.783 rows=1380035 loops=1)
  ->  Hash  (cost=83072.90..83072.90 rows=105 width=8) (actual time=1280.811..1280.811 rows=2 loops=1)
        Buckets: 1024  Batches: 1  Memory Usage: 9kB
        ->  Nested Loop  (cost=0.43..83072.90 rows=105 width=8) (actual time=774.655..1280.799 rows=2 loops=1)
              ->  Seq Scan on movie_keyword mk  (cost=0.00..81003.12 rows=246 width=4) (actual time=1.798..1273.496 rows=81 loops=1)
                    Filter: (keyword_id = 9742)
                    Rows Removed by Filter: 4523849
              ->  Index Scan using title_pkey on title t  (cost=0.43..8.40 rows=1 width=4) (actual time=0.085..0.085 rows=0 loops=81)
                    Index Cond: (id = mk.movie_id)
                    Filter: ((production_year > 1989) AND (kind_id = 7))
                    Rows Removed by Filter: 1
Planning time: 1.123 ms
Execution time: 1741.535 ms
