Hash Join  (cost=102767.86..273892.75 rows=3334755 width=0) (actual time=1994.995..7448.101 rows=3326264 loops=1)
  Hash Cond: (mk.movie_id = t.id)
  ->  Seq Scan on movie_keyword mk  (cost=0.00..81003.12 rows=3334755 width=4) (actual time=0.023..1692.886 rows=3326264 loops=1)
        Filter: (keyword_id > 1450)
        Rows Removed by Filter: 1197666
  ->  Hash  (cost=61283.27..61283.27 rows=2528527 width=4) (actual time=1992.577..1992.577 rows=2528312 loops=1)
        Buckets: 131072  Batches: 64  Memory Usage: 2425kB
        ->  Seq Scan on title t  (cost=0.00..61283.27 rows=2528527 width=4) (actual time=0.012..1159.227 rows=2528312 loops=1)
Planning time: 0.922 ms
Execution time: 7809.417 ms
