Hash Join  (cost=136734.25..1228631.59 rows=5655212 width=0) (actual time=3050.667..38711.930 rows=20078877 loops=1)
  Hash Cond: (ci.movie_id = t.id)
  ->  Seq Scan on cast_info ci  (cost=0.00..614943.12 rows=36225612 width=4) (actual time=0.023..13277.792 rows=36244344 loops=1)
  ->  Hash  (cost=130258.11..130258.11 rows=394731 width=8) (actual time=3049.610..3049.610 rows=730772 loops=1)
        Buckets: 131072 (originally 131072)  Batches: 16 (originally 8)  Memory Usage: 3073kB
        ->  Hash Join  (cost=85792.32..130258.11 rows=394731 width=8) (actual time=1405.562..2828.561 rows=730772 loops=1)
              Hash Cond: (mi_idx.movie_id = t.id)
              ->  Seq Scan on movie_info_idx mi_idx  (cost=0.00..21735.35 rows=1380035 width=4) (actual time=0.022..473.012 rows=1380035 loops=1)
              ->  Hash  (cost=73925.90..73925.90 rows=723233 width=4) (actual time=1404.361..1404.361 rows=695245 loops=1)
                    Buckets: 131072  Batches: 16  Memory Usage: 2549kB
                    ->  Seq Scan on title t  (cost=0.00..73925.90 rows=723233 width=4) (actual time=0.024..1176.582 rows=695245 loops=1)
                          Filter: ((kind_id < 3) AND (production_year > 1913))
                          Rows Removed by Filter: 1833067
Planning time: 1.667 ms
Execution time: 40908.538 ms
