Hash Join  (cost=185706.12..552335.84 rows=283203 width=0) (actual time=6753.461..10671.843 rows=800628 loops=1)
  Hash Cond: (mi.movie_id = t.id)
  ->  Seq Scan on movie_info mi  (cost=0.00..346232.03 rows=1338312 width=4) (actual time=2573.668..5664.176 rows=1401902 loops=1)
        Filter: (info_type_id = 7)
        Rows Removed by Filter: 13433818
  ->  Hash  (cost=176926.79..176926.79 rows=535066 width=8) (actual time=4178.848..4178.848 rows=533412 loops=1)
        Buckets: 131072  Batches: 8  Memory Usage: 3650kB
        ->  Hash Join  (cost=102767.86..176926.79 rows=535066 width=8) (actual time=1898.513..4027.515 rows=533412 loops=1)
              Hash Cond: (mc.movie_id = t.id)
              ->  Seq Scan on movie_companies mc  (cost=0.00..51404.11 rows=535066 width=4) (actual time=0.044..1036.352 rows=533412 loops=1)
                    Filter: (company_id < 521)
                    Rows Removed by Filter: 2075717
              ->  Hash  (cost=61283.27..61283.27 rows=2528527 width=4) (actual time=1896.914..1896.914 rows=2528312 loops=1)
                    Buckets: 131072  Batches: 64  Memory Usage: 2415kB
                    ->  Seq Scan on title t  (cost=0.00..61283.27 rows=2528527 width=4) (actual time=0.022..1076.168 rows=2528312 loops=1)
Planning time: 1.176 ms
Execution time: 10752.776 ms
