Hash Join  (cost=75071.77..1175859.06 rows=6520612 width=0) (actual time=1418.547..33408.805 rows=5113254 loops=1)
  Hash Cond: (ci.movie_id = t.id)
  ->  Seq Scan on cast_info ci  (cost=0.00..614943.12 rows=36225612 width=4) (actual time=0.020..13357.785 rows=36244344 loops=1)
  ->  Hash  (cost=67604.59..67604.59 rows=455135 width=4) (actual time=1417.682..1417.682 rows=451569 loops=1)
        Buckets: 131072  Batches: 8  Memory Usage: 3003kB
        ->  Seq Scan on title t  (cost=0.00..67604.59 rows=455135 width=4) (actual time=0.033..1266.770 rows=451569 loops=1)
              Filter: (production_year < 1976)
              Rows Removed by Filter: 2076743
Planning time: 0.593 ms
Execution time: 34023.871 ms
