Seq Scan on movie_companies mc  (cost=0.00..51404.11 rows=958369 width=0) (actual time=0.020..944.647 rows=958212 loops=1)
  Filter: (company_id < 3877)
  Rows Removed by Filter: 1650917
Planning time: 0.199 ms
Execution time: 1068.542 ms
