Hash Join  (cost=193422.83..677643.92 rows=2573590 width=0) (actual time=4561.351..17010.703 rows=4804453 loops=1)
  Hash Cond: (mi.movie_id = t.id)
  ->  Seq Scan on movie_info mi  (cost=0.00..346232.03 rows=9476311 width=4) (actual time=237.493..6775.637 rows=9565151 loops=1)
        Filter: (info_type_id < 16)
        Rows Removed by Filter: 5270569
  ->  Hash  (cost=182156.07..182156.07 rows=686701 width=8) (actual time=4323.036..4323.036 rows=598633 loops=1)
        Buckets: 131072  Batches: 16  Memory Usage: 2478kB
        ->  Hash Join  (cost=98137.04..182156.07 rows=686701 width=8) (actual time=1919.640..4147.125 rows=598633 loops=1)
              Hash Cond: (mc.movie_id = t.id)
              ->  Seq Scan on movie_companies mc  (cost=0.00..57926.93 rows=933017 width=4) (actual time=0.032..1171.477 rows=1236694 loops=1)
                    Filter: ((company_id < 43660) AND (company_type_id = 1))
                    Rows Removed by Filter: 1372435
              ->  Hash  (cost=67604.59..67604.59 rows=1860996 width=4) (actual time=1918.231..1918.231 rows=1865487 loops=1)
                    Buckets: 131072  Batches: 32  Memory Usage: 3079kB
                    ->  Seq Scan on title t  (cost=0.00..67604.59 rows=1860996 width=4) (actual time=0.020..1313.688 rows=1865487 loops=1)
                          Filter: (kind_id > 1)
                          Rows Removed by Filter: 662825
Planning time: 1.149 ms
Execution time: 17568.277 ms
