Hash Join  (cost=100885.02..495655.49 rows=5478 width=0) (actual time=1783.217..10163.612 rows=42786 loops=1)
  Hash Cond: (mi.movie_id = t.id)
  ->  Seq Scan on movie_info mi  (cost=0.00..346232.03 rows=12928982 width=4) (actual time=0.024..6373.192 rows=12970088 loops=1)
        Filter: (info_type_id < 18)
        Rows Removed by Filter: 1865632
  ->  Hash  (cost=100871.63..100871.63 rows=1071 width=8) (actual time=1783.146..1783.146 rows=2643 loops=1)
        Buckets: 4096 (originally 2048)  Batches: 1 (originally 1)  Memory Usage: 136kB
        ->  Hash Join  (cost=73950.44..100871.63 rows=1071 width=8) (actual time=1158.875..1781.891 rows=2643 loops=1)
              Hash Cond: (mi_idx.movie_id = t.id)
              ->  Seq Scan on movie_info_idx mi_idx  (cost=0.00..21735.35 rows=1380035 width=4) (actual time=0.027..356.432 rows=1380035 loops=1)
              ->  Hash  (cost=73925.90..73925.90 rows=1963 width=4) (actual time=1158.391..1158.391 rows=2566 loops=1)
                    Buckets: 4096 (originally 2048)  Batches: 1 (originally 1)  Memory Usage: 123kB
                    ->  Seq Scan on title t  (cost=0.00..73925.90 rows=1963 width=4) (actual time=0.278..1157.071 rows=2566 loops=1)
                          Filter: ((kind_id = 1) AND (production_year = 1932))
                          Rows Removed by Filter: 2525746
Planning time: 1.128 ms
Execution time: 10170.321 ms
