Hash Join  (cost=74234.64..885586.82 rows=268710 width=0) (actual time=1281.292..25358.014 rows=330382 loops=1)
  Hash Cond: (ci.movie_id = t.id)
  ->  Seq Scan on cast_info ci  (cost=0.00..705507.15 rows=27508781 width=4) (actual time=0.015..13344.905 rows=27523094 loops=1)
        Filter: (person_id < 2818292)
        Rows Removed by Filter: 8721250
  ->  Hash  (cost=73925.90..73925.90 rows=24699 width=4) (actual time=1277.430..1277.430 rows=92897 loops=1)
        Buckets: 131072 (originally 32768)  Batches: 2 (originally 1)  Memory Usage: 3073kB
        ->  Seq Scan on title t  (cost=0.00..73925.90 rows=24699 width=4) (actual time=287.216..962.965 rows=92897 loops=1)
              Filter: ((production_year < 1922) AND (kind_id = 1))
              Rows Removed by Filter: 2435415
Planning time: 0.740 ms
Execution time: 25401.512 ms
