Nested Loop  (cost=0.43..83072.90 rows=5 width=0) (actual time=807.968..1335.601 rows=11 loops=1)
  ->  Seq Scan on movie_keyword mk  (cost=0.00..81003.12 rows=246 width=4) (actual time=0.195..1236.745 rows=3249 loops=1)
        Filter: (keyword_id = 1714)
        Rows Removed by Filter: 4520681
  ->  Index Scan using title_pkey on title t  (cost=0.43..8.40 rows=1 width=4) (actual time=0.030..0.030 rows=0 loops=3249)
        Index Cond: (id = mk.movie_id)
        Filter: ((kind_id = 7) AND (production_year = 2004))
        Rows Removed by Filter: 1
Planning time: 9.621 ms
Execution time: 1335.757 ms
