Hash Join  (cost=107609.88..815891.53 rows=19218 width=0) (actual time=7163.022..12099.197 rows=51721 loops=1)
  Hash Cond: (ci.movie_id = t.id)
  ->  Seq Scan on cast_info ci  (cost=0.00..705507.15 rows=688622 width=4) (actual time=4936.986..9637.987 rows=716284 loops=1)
        Filter: (person_id > 3924300)
        Rows Removed by Filter: 35528060
  ->  Hash  (cost=106727.83..106727.83 rows=70564 width=8) (actual time=2225.245..2225.245 rows=43838 loops=1)
        Buckets: 131072  Batches: 1  Memory Usage: 2737kB
        ->  Hash Join  (cost=74050.79..106727.83 rows=70564 width=8) (actual time=1394.598..2206.052 rows=43838 loops=1)
              Hash Cond: (mi_idx.movie_id = t.id)
              ->  Seq Scan on movie_info_idx mi_idx  (cost=0.00..25185.44 rows=454124 width=4) (actual time=0.037..512.018 rows=459925 loops=1)
                    Filter: (info_type_id = 100)
                    Rows Removed by Filter: 920110
              ->  Hash  (cost=67604.59..67604.59 rows=392896 width=4) (actual time=1393.682..1393.682 rows=391666 loops=1)
                    Buckets: 131072  Batches: 8  Memory Usage: 2753kB
                    ->  Seq Scan on title t  (cost=0.00..67604.59 rows=392896 width=4) (actual time=0.019..1264.339 rows=391666 loops=1)
                          Filter: (production_year > 2010)
                          Rows Removed by Filter: 2136646
Planning time: 0.735 ms
Execution time: 12106.900 ms
