Hash Join  (cost=102767.86..1225796.26 rows=16941000 width=0) (actual time=2298.192..32811.326 rows=16811353 loops=1)
  Hash Cond: (ci.movie_id = t.id)
  ->  Seq Scan on cast_info ci  (cost=0.00..705507.15 rows=16941000 width=4) (actual time=7.873..14841.538 rows=16811353 loops=1)
        Filter: (person_id < 1662900)
        Rows Removed by Filter: 19432991
  ->  Hash  (cost=61283.27..61283.27 rows=2528527 width=4) (actual time=2289.571..2289.571 rows=2528312 loops=1)
        Buckets: 131072  Batches: 64  Memory Usage: 2415kB
        ->  Seq Scan on title t  (cost=0.00..61283.27 rows=2528527 width=4) (actual time=0.019..1133.784 rows=2528312 loops=1)
Planning time: 0.696 ms
Execution time: 34855.719 ms
