Seq Scan on movie_companies mc  (cost=0.00..51404.11 rows=1408627 width=0) (actual time=0.031..910.729 rows=1398554 loops=1)
  Filter: (company_id < 12173)
  Rows Removed by Filter: 1210575
Planning time: 0.327 ms
Execution time: 1084.672 ms
