Hash Join  (cost=171277.51..1231360.26 rows=2558158 width=0) (actual time=3941.381..35049.688 rows=4671749 loops=1)
  Hash Cond: (ci.movie_id = t.id)
  ->  Seq Scan on cast_info ci  (cost=0.00..614943.12 rows=36225612 width=4) (actual time=0.022..13107.752 rows=36244344 loops=1)
  ->  Hash  (cost=168347.54..168347.54 rows=178558 width=8) (actual time=3940.571..3940.571 rows=179320 loops=1)
        Buckets: 131072  Batches: 4  Memory Usage: 2782kB
        ->  Hash Join  (cost=102767.86..168347.54 rows=178558 width=8) (actual time=2585.418..3879.836 rows=179320 loops=1)
              Hash Cond: (mc.movie_id = t.id)
              ->  Seq Scan on movie_companies mc  (cost=0.00..51404.11 rows=178558 width=4) (actual time=156.162..826.699 rows=179320 loops=1)
                    Filter: (company_id > 120571)
                    Rows Removed by Filter: 2429809
              ->  Hash  (cost=61283.27..61283.27 rows=2528527 width=4) (actual time=2427.596..2427.596 rows=2528312 loops=1)
                    Buckets: 131072  Batches: 64  Memory Usage: 2415kB
                    ->  Seq Scan on title t  (cost=0.00..61283.27 rows=2528527 width=4) (actual time=0.021..1025.543 rows=2528312 loops=1)
Planning time: 1.080 ms
Execution time: 35655.368 ms
