Hash Join  (cost=123217.09..249193.28 rows=326115 width=0) (actual time=2879.552..7403.375 rows=5429364 loops=1)
  Hash Cond: (mk.movie_id = t.id)
  ->  Seq Scan on movie_keyword mk  (cost=0.00..69693.30 rows=4523930 width=4) (actual time=0.021..1467.219 rows=4523930 loops=1)
  ->  Hash  (cost=120225.68..120225.68 rows=182273 width=8) (actual time=2878.478..2878.478 rows=414769 loops=1)
        Buckets: 131072 (originally 131072)  Batches: 8 (originally 4)  Memory Usage: 3073kB
        ->  Hash Join  (cost=79405.47..120225.68 rows=182273 width=8) (actual time=1464.196..2754.730 rows=414769 loops=1)
              Hash Cond: (mi_idx.movie_id = t.id)
              ->  Seq Scan on movie_info_idx mi_idx  (cost=0.00..21735.35 rows=1380035 width=4) (actual time=0.023..510.300 rows=1380035 loops=1)
              ->  Hash  (cost=73925.90..73925.90 rows=333965 width=4) (actual time=1463.265..1463.265 rows=411522 loops=1)
                    Buckets: 131072  Batches: 8  Memory Usage: 2841kB
                    ->  Seq Scan on title t  (cost=0.00..73925.90 rows=333965 width=4) (actual time=646.913..1335.160 rows=411522 loops=1)
                          Filter: ((production_year < 2004) AND (kind_id = 1))
                          Rows Removed by Filter: 2116790
Planning time: 2.905 ms
Execution time: 8027.424 ms
