Hash Join  (cost=132403.44..624888.71 rows=1188237 width=0) (actual time=6912.055..38388.037 rows=842898 loops=1)
  Hash Cond: (mi.movie_id = t.id)
  ->  Seq Scan on movie_info mi  (cost=0.00..309384.22 rows=14739122 width=4) (actual time=0.011..22671.799 rows=14835720 loops=1)
  ->  Hash  (cost=129058.39..129058.39 rows=203844 width=8) (actual time=6794.883..6794.883 rows=108200 loops=1)
        Buckets: 131072  Batches: 4  Memory Usage: 2081kB
        ->  Hash Join  (cost=92128.39..129058.39 rows=203844 width=8) (actual time=5717.468..6760.741 rows=108200 loops=1)
              Hash Cond: (mi_idx.movie_id = t.id)
              ->  Seq Scan on movie_info_idx mi_idx  (cost=0.00..25185.44 rows=464566 width=4) (actual time=0.024..1415.303 rows=459925 loops=1)
                    Filter: (info_type_id = 101)
                    Rows Removed by Filter: 920110
              ->  Hash  (cost=73925.90..73925.90 rows=1109479 width=4) (actual time=4830.481..4830.481 rows=1201090 loops=1)
                    Buckets: 131072  Batches: 16  Memory Usage: 3674kB
                    ->  Seq Scan on title t  (cost=0.00..73925.90 rows=1109479 width=4) (actual time=0.023..4360.935 rows=1201090 loops=1)
                          Filter: ((production_year > 1987) AND (kind_id = 7))
                          Rows Removed by Filter: 1327222
Planning time: 1.209 ms
Execution time: 38512.406 ms
