Hash Join  (cost=79907.83..1030628.24 rows=1698766 width=0) (actual time=5161.382..25721.161 rows=1502777 loops=1)
  Hash Cond: (ci.movie_id = t.id)
  ->  Seq Scan on cast_info ci  (cost=0.00..796071.18 rows=11782551 width=4) (actual time=3758.796..17760.423 rows=12670688 loops=1)
        Filter: ((person_id < 3540243) AND (role_id = 1))
        Rows Removed by Filter: 23573656
  ->  Hash  (cost=73925.90..73925.90 rows=364554 width=4) (actual time=1401.847..1401.847 rows=274015 loops=1)
        Buckets: 131072  Batches: 8  Memory Usage: 2229kB
        ->  Seq Scan on title t  (cost=0.00..73925.90 rows=364554 width=4) (actual time=0.018..1312.068 rows=274015 loops=1)
              Filter: ((production_year > 2000) AND (kind_id = 1))
              Rows Removed by Filter: 2254297
Planning time: 0.505 ms
Execution time: 25915.383 ms
