Hash Join  (cost=73060.90..437743.18 rows=2635 width=0) (actual time=797.692..7982.667 rows=20433 loops=1)
  Hash Cond: (mi.movie_id = t.id)
  ->  Seq Scan on movie_info mi  (cost=0.00..309384.22 rows=14739122 width=4) (actual time=0.022..4288.443 rows=14835720 loops=1)
  ->  Hash  (cost=73055.25..73055.25 rows=452 width=8) (actual time=797.098..797.098 rows=2327 loops=1)
        Buckets: 4096 (originally 1024)  Batches: 1 (originally 1)  Memory Usage: 123kB
        ->  Nested Loop  (cost=0.43..73055.25 rows=452 width=8) (actual time=0.123..795.937 rows=2327 loops=1)
              ->  Seq Scan on movie_companies mc  (cost=0.00..51404.11 rows=2783 width=4) (actual time=0.084..737.507 rows=2328 loops=1)
                    Filter: (company_id = 13543)
                    Rows Removed by Filter: 2606801
              ->  Index Scan using title_pkey on title t  (cost=0.43..7.77 rows=1 width=4) (actual time=0.024..0.024 rows=1 loops=2328)
                    Index Cond: (id = mc.movie_id)
                    Filter: ((production_year < 2007) AND (kind_id = 1))
                    Rows Removed by Filter: 0
Planning time: 2.207 ms
Execution time: 7986.576 ms
