Seq Scan on movie_keyword mk  (cost=0.00..81003.12 rows=246 width=0) (actual time=1.170..3362.120 rows=723 loops=1)
  Filter: (keyword_id = 1399)
  Rows Removed by Filter: 4523207
Planning time: 2.930 ms
Execution time: 3362.569 ms
