Hash Join  (cost=74142.85..136001.17 rows=7067 width=0) (actual time=1001.487..2126.169 rows=17254 loops=1)
  Hash Cond: (mc.movie_id = t.id)
  ->  Seq Scan on movie_companies mc  (cost=0.00..57926.93 rows=1029523 width=4) (actual time=0.017..886.223 rows=1173488 loops=1)
        Filter: ((company_id > 664) AND (company_type_id = 2))
        Rows Removed by Filter: 1435641
  ->  Hash  (cost=73925.90..73925.90 rows=17356 width=4) (actual time=1001.193..1001.193 rows=18804 loops=1)
        Buckets: 32768  Batches: 1  Memory Usage: 918kB
        ->  Seq Scan on title t  (cost=0.00..73925.90 rows=17356 width=4) (actual time=211.196..993.270 rows=18804 loops=1)
              Filter: ((kind_id = 1) AND (production_year = 2013))
              Rows Removed by Filter: 2509508
Planning time: 0.770 ms
Execution time: 2128.958 ms
