Hash Join  (cost=83074.74..833899.15 rows=3524 width=0) (actual time=1227.449..17320.511 rows=19996 loops=1)
  Hash Cond: (ci.movie_id = t.id)
  ->  Seq Scan on cast_info ci  (cost=0.00..614943.12 rows=36225612 width=4) (actual time=0.038..9000.746 rows=36244344 loops=1)
  ->  Hash  (cost=83071.67..83071.67 rows=246 width=8) (actual time=1227.166..1227.166 rows=390 loops=1)
        Buckets: 1024  Batches: 1  Memory Usage: 24kB
        ->  Nested Loop  (cost=0.43..83071.67 rows=246 width=8) (actual time=7.049..1226.799 rows=390 loops=1)
              ->  Seq Scan on movie_keyword mk  (cost=0.00..81003.12 rows=246 width=4) (actual time=0.164..1207.856 rows=390 loops=1)
                    Filter: (keyword_id = 1655)
                    Rows Removed by Filter: 4523540
              ->  Index Only Scan using title_pkey on title t  (cost=0.43..8.40 rows=1 width=4) (actual time=0.046..0.046 rows=1 loops=390)
                    Index Cond: (id = mk.movie_id)
                    Heap Fetches: 390
Planning time: 1.075 ms
Execution time: 17331.280 ms
