Seq Scan on movie_companies mc  (cost=0.00..57926.93 rows=547431 width=0) (actual time=301.804..1013.967 rows=758075 loops=1)
  Filter: ((company_id < 7851) AND (company_type_id = 1))
  Rows Removed by Filter: 1851054
Planning time: 0.295 ms
Execution time: 1109.569 ms
