Seq Scan on cast_info ci  (cost=0.00..796071.18 rows=420 width=0) (actual time=2266.816..14631.234 rows=1412 loops=1)
  Filter: ((role_id < 9) AND (person_id = 329664))
  Rows Removed by Filter: 36242932
Planning time: 0.362 ms
Execution time: 14631.563 ms
