Hash Join  (cost=75898.18..563179.68 rows=700557 width=0) (actual time=1059.864..11668.720 rows=91810 loops=1)
  Hash Cond: (mi.movie_id = t.id)
  ->  Seq Scan on movie_info mi  (cost=0.00..309384.22 rows=14739122 width=4) (actual time=0.020..5820.685 rows=14835720 loops=1)
  ->  Hash  (cost=73925.90..73925.90 rows=120182 width=4) (actual time=1058.944..1058.944 rows=17916 loops=1)
        Buckets: 131072  Batches: 2  Memory Usage: 1346kB
        ->  Seq Scan on title t  (cost=0.00..73925.90 rows=120182 width=4) (actual time=0.019..1050.501 rows=17916 loops=1)
              Filter: ((production_year < 1955) AND (kind_id = 7))
              Rows Removed by Filter: 2510396
Planning time: 0.692 ms
Execution time: 11680.706 ms
