Hash Join  (cost=103088.04..876864.67 rows=68118 width=0) (actual time=1895.343..17115.120 rows=278676 loops=1)
  Hash Cond: (ci.movie_id = t.id)
  ->  Seq Scan on cast_info ci  (cost=0.00..705507.15 rows=18023551 width=4) (actual time=0.013..11199.425 rows=17878439 loops=1)
        Filter: (person_id < 1771944)
        Rows Removed by Filter: 18365905
  ->  Hash  (cost=102968.59..102968.59 rows=9556 width=8) (actual time=1895.140..1895.140 rows=21194 loops=1)
        Buckets: 32768 (originally 16384)  Batches: 1 (originally 1)  Memory Usage: 1084kB
        ->  Hash Join  (cost=74255.97..102968.59 rows=9556 width=8) (actual time=1226.567..1886.645 rows=21194 loops=1)
              Hash Cond: (mi_idx.movie_id = t.id)
              ->  Seq Scan on movie_info_idx mi_idx  (cost=0.00..25185.44 rows=915101 width=4) (actual time=0.014..461.094 rows=919850 loops=1)
                    Filter: (info_type_id < 101)
                    Rows Removed by Filter: 460185
              ->  Hash  (cost=73925.90..73925.90 rows=26405 width=4) (actual time=1226.350..1226.350 rows=23926 loops=1)
                    Buckets: 32768  Batches: 1  Memory Usage: 1098kB
                    ->  Seq Scan on title t  (cost=0.00..73925.90 rows=26405 width=4) (actual time=0.153..1215.706 rows=23926 loops=1)
                          Filter: ((kind_id < 7) AND (production_year = 2003))
                          Rows Removed by Filter: 2504386
Planning time: 1.742 ms
Execution time: 17155.202 ms
