Seq Scan on title t  (cost=0.00..73925.90 rows=1429369 width=0) (actual time=0.015..1317.291 rows=1550375 loops=1)
  Filter: ((kind_id > 1) AND (production_year > 1980))
  Rows Removed by Filter: 977937
Planning time: 0.221 ms
Execution time: 1515.190 ms
