Seq Scan on cast_info ci  (cost=0.00..796071.18 rows=4065194 width=0) (actual time=6.913..11749.068 rows=4367132 loops=1)
  Filter: ((person_id < 440733) AND (role_id < 10))
  Rows Removed by Filter: 31877212
Planning time: 0.924 ms
Execution time: 12313.618 ms
