Seq Scan on movie_keyword mk  (cost=0.00..81003.12 rows=246 width=0) (actual time=1.771..1230.853 rows=1015 loops=1)
  Filter: (keyword_id = 10746)
  Rows Removed by Filter: 4522915
Planning time: 0.315 ms
Execution time: 1231.346 ms
