Nested Loop  (cost=0.43..709671.90 rows=500 width=0) (actual time=7236.950..9632.969 rows=117 loops=1)
  ->  Seq Scan on cast_info ci  (cost=0.00..705507.15 rows=500 width=4) (actual time=7236.833..9631.482 rows=117 loops=1)
        Filter: (person_id = 2899349)
        Rows Removed by Filter: 36244227
  ->  Index Only Scan using title_pkey on title t  (cost=0.43..8.32 rows=1 width=4) (actual time=0.012..0.012 rows=1 loops=117)
        Index Cond: (id = ci.movie_id)
        Heap Fetches: 117
Planning time: 0.423 ms
Execution time: 9633.054 ms
