Hash Join  (cost=156649.15..273251.18 rows=463506 width=0) (actual time=3434.826..6642.344 rows=1965891 loops=1)
  Hash Cond: (mk.movie_id = t.id)
  ->  Seq Scan on movie_keyword mk  (cost=0.00..81003.12 rows=2520759 width=4) (actual time=0.042..1578.040 rows=2516619 loops=1)
        Filter: (keyword_id > 3573)
        Rows Removed by Filter: 2007311
  ->  Hash  (cost=149020.47..149020.47 rows=464934 width=8) (actual time=3433.503..3433.503 rows=460185 loops=1)
        Buckets: 131072  Batches: 8  Memory Usage: 3286kB
        ->  Hash Join  (cost=102767.86..149020.47 rows=464934 width=8) (actual time=1905.010..3281.713 rows=460185 loops=1)
              Hash Cond: (mi_idx.movie_id = t.id)
              ->  Seq Scan on movie_info_idx mi_idx  (cost=0.00..25185.44 rows=464934 width=4) (actual time=0.012..535.115 rows=460185 loops=1)
                    Filter: (info_type_id > 100)
                    Rows Removed by Filter: 919850
              ->  Hash  (cost=61283.27..61283.27 rows=2528527 width=4) (actual time=1903.947..1903.947 rows=2528312 loops=1)
                    Buckets: 131072  Batches: 64  Memory Usage: 2415kB
                    ->  Seq Scan on title t  (cost=0.00..61283.27 rows=2528527 width=4) (actual time=0.009..1039.696 rows=2528312 loops=1)
Planning time: 0.904 ms
Execution time: 6886.877 ms
