Hash Join  (cost=156092.77..581129.00 rows=583054 width=0) (actual time=3808.180..14342.866 rows=4157675 loops=1)
  Hash Cond: (mi.movie_id = t.id)
  ->  Seq Scan on movie_info mi  (cost=0.00..346232.03 rows=6231111 width=4) (actual time=608.845..6384.512 rows=6223494 loops=1)
        Filter: (info_type_id > 8)
        Rows Removed by Filter: 8612226
  ->  Hash  (cost=152210.29..152210.29 rows=236598 width=8) (actual time=3198.669..3198.669 rows=355626 loops=1)
        Buckets: 131072 (originally 131072)  Batches: 8 (originally 4)  Memory Usage: 3073kB
        ->  Hash Join  (cost=81308.15..152210.29 rows=236598 width=8) (actual time=1361.976..3100.507 rows=355626 loops=1)
              Hash Cond: (mc.movie_id = t.id)
              ->  Seq Scan on movie_companies mc  (cost=0.00..51404.11 rows=1329612 width=4) (actual time=0.024..1011.338 rows=1334883 loops=1)
                    Filter: (company_type_id > 1)
                    Rows Removed by Filter: 1274246
              ->  Hash  (cost=73925.90..73925.90 rows=449940 width=4) (actual time=1361.248..1361.248 rows=352730 loops=1)
                    Buckets: 131072  Batches: 8  Memory Usage: 2571kB
                    ->  Seq Scan on title t  (cost=0.00..73925.90 rows=449940 width=4) (actual time=0.013..1247.715 rows=352730 loops=1)
                          Filter: ((kind_id < 4) AND (production_year > 2001))
                          Rows Removed by Filter: 2175582
Planning time: 1.090 ms
Execution time: 14831.751 ms
