Hash Join  (cost=133851.39..498576.16 rows=6884 width=0) (actual time=2116.852..9551.866 rows=37482 loops=1)
  Hash Cond: (mi.movie_id = t.id)
  ->  Seq Scan on movie_info mi  (cost=0.00..309384.22 rows=14739122 width=4) (actual time=0.012..4338.347 rows=14835720 loops=1)
  ->  Hash  (cost=133836.63..133836.63 rows=1181 width=8) (actual time=2116.512..2116.512 rows=4219 loops=1)
        Buckets: 8192 (originally 2048)  Batches: 1 (originally 1)  Memory Usage: 229kB
        ->  Hash Join  (cost=73999.64..133836.63 rows=1181 width=8) (actual time=1019.033..2114.542 rows=4219 loops=1)
              Hash Cond: (mc.movie_id = t.id)
              ->  Seq Scan on movie_companies mc  (cost=0.00..57926.93 rows=506197 width=4) (actual time=0.022..963.629 rows=715328 loops=1)
                    Filter: ((company_id < 5701) AND (company_type_id < 2))
                    Rows Removed by Filter: 1893801
              ->  Hash  (cost=73925.90..73925.90 rows=5899 width=4) (actual time=1018.956..1018.956 rows=5540 loops=1)
                    Buckets: 8192  Batches: 1  Memory Usage: 259kB
                    ->  Seq Scan on title t  (cost=0.00..73925.90 rows=5899 width=4) (actual time=132.932..1016.249 rows=5540 loops=1)
                          Filter: ((kind_id = 2) AND (production_year = 2012))
                          Rows Removed by Filter: 2522772
Planning time: 2.984 ms
Execution time: 9557.950 ms
