Nested Loop  (cost=0.43..709674.40 rows=96 width=0) (actual time=1410.026..11000.823 rows=36 loops=1)
  ->  Seq Scan on cast_info ci  (cost=0.00..705507.15 rows=500 width=4) (actual time=1409.932..10994.962 rows=467 loops=1)
        Filter: (person_id = 2715974)
        Rows Removed by Filter: 36243877
  ->  Index Scan using title_pkey on title t  (cost=0.43..8.32 rows=1 width=4) (actual time=0.012..0.012 rows=0 loops=467)
        Index Cond: (id = ci.movie_id)
        Filter: ((kind_id > 1) AND (production_year > 2008))
        Rows Removed by Filter: 1
Planning time: 0.766 ms
Execution time: 11000.947 ms
