Seq Scan on movie_keyword mk  (cost=0.00..81003.12 rows=3922931 width=0) (actual time=0.026..1202.705 rows=3918994 loops=1)
  Filter: (keyword_id < 30524)
  Rows Removed by Filter: 604936
Planning time: 0.289 ms
Execution time: 1632.115 ms
