Hash Join  (cost=73994.33..900700.51 rows=17584 width=0) (actual time=25858.651..51173.524 rows=97057 loops=1)
  Hash Cond: (ci.movie_id = t.id)
  ->  Seq Scan on cast_info ci  (cost=0.00..796071.18 rows=8122443 width=4) (actual time=21860.365..43221.901 rows=12670688 loops=1)
        Filter: ((person_id < 2351293) AND (role_id = 1))
        Rows Removed by Filter: 23573656
  ->  Hash  (cost=73925.90..73925.90 rows=5474 width=4) (actual time=3997.862..3997.862 rows=17579 loops=1)
        Buckets: 32768 (originally 8192)  Batches: 1 (originally 1)  Memory Usage: 875kB
        ->  Seq Scan on title t  (cost=0.00..73925.90 rows=5474 width=4) (actual time=0.040..3987.815 rows=17579 loops=1)
              Filter: ((kind_id > 1) AND (production_year = 1990))
              Rows Removed by Filter: 2510733
Planning time: 0.699 ms
Execution time: 51221.061 ms
