Hash Join  (cost=67697.55..122439.81 rows=7674 width=0) (actual time=941.828..2037.080 rows=15814 loops=1)
  Hash Cond: (mc.movie_id = t.id)
  ->  Seq Scan on movie_companies mc  (cost=0.00..44881.29 rows=2609129 width=4) (actual time=0.019..549.645 rows=2609129 loops=1)
  ->  Hash  (cost=67604.59..67604.59 rows=7437 width=4) (actual time=941.593..941.593 rows=9491 loops=1)
        Buckets: 16384 (originally 8192)  Batches: 1 (originally 1)  Memory Usage: 462kB
        ->  Seq Scan on title t  (cost=0.00..67604.59 rows=7437 width=4) (actual time=0.104..936.917 rows=9491 loops=1)
              Filter: (production_year = 1957)
              Rows Removed by Filter: 2518821
Planning time: 1.617 ms
Execution time: 2039.688 ms
