Seq Scan on movie_companies mc  (cost=0.00..57926.93 rows=255986 width=0) (actual time=473.959..992.041 rows=381604 loops=1)
  Filter: ((company_id < 480) AND (company_type_id < 2))
  Rows Removed by Filter: 2227525
Planning time: 0.569 ms
Execution time: 1040.992 ms
