Hash Join  (cost=156632.57..218110.90 rows=113225 width=0) (actual time=3399.525..4712.237 rows=286126 loops=1)
  Hash Cond: (mc.movie_id = t.id)
  ->  Seq Scan on movie_companies mc  (cost=0.00..51404.11 rows=616260 width=4) (actual time=129.442..981.828 rows=620557 loops=1)
        Filter: (company_id > 62188)
        Rows Removed by Filter: 1988572
  ->  Hash  (cost=149010.49..149010.49 rows=464566 width=8) (actual time=3269.070..3269.070 rows=459925 loops=1)
        Buckets: 131072  Batches: 8  Memory Usage: 3275kB
        ->  Hash Join  (cost=102767.86..149010.49 rows=464566 width=8) (actual time=1911.315..3139.135 rows=459925 loops=1)
              Hash Cond: (mi_idx.movie_id = t.id)
              ->  Seq Scan on movie_info_idx mi_idx  (cost=0.00..25185.44 rows=464566 width=4) (actual time=0.039..451.863 rows=459925 loops=1)
                    Filter: (info_type_id = 101)
                    Rows Removed by Filter: 920110
              ->  Hash  (cost=61283.27..61283.27 rows=2528527 width=4) (actual time=1910.307..1910.307 rows=2528312 loops=1)
                    Buckets: 131072  Batches: 64  Memory Usage: 2415kB
                    ->  Seq Scan on title t  (cost=0.00..61283.27 rows=2528527 width=4) (actual time=0.017..1041.430 rows=2528312 loops=1)
Planning time: 1.070 ms
Execution time: 4750.118 ms
