Hash Join  (cost=454960.02..1433774.02 rows=1168267 width=0) (actual time=7900.366..31986.809 rows=2703863 loops=1)
  Hash Cond: (ci.movie_id = t.id)
  ->  Seq Scan on cast_info ci  (cost=0.00..705507.15 rows=22582710 width=4) (actual time=0.020..14474.731 rows=22439648 loops=1)
        Filter: (person_id < 2288378)
        Rows Removed by Filter: 13804696
  ->  Hash  (cost=452813.92..452813.92 rows=130808 width=8) (actual time=7899.338..7899.338 rows=154600 loops=1)
        Buckets: 131072  Batches: 2  Memory Usage: 4029kB
        ->  Hash Join  (cost=69374.09..452813.92 rows=130808 width=8) (actual time=3112.273..7843.659 rows=154600 loops=1)
              Hash Cond: (mi.movie_id = t.id)
              ->  Seq Scan on movie_info mi  (cost=0.00..346232.03 rows=3068194 width=4) (actual time=2006.051..5565.023 rows=3036719 loops=1)
                    Filter: (info_type_id = 16)
                    Rows Removed by Filter: 11799001
              ->  Hash  (cost=67604.59..67604.59 rows=107800 width=4) (actual time=1105.426..1105.426 rows=108429 loops=1)
                    Buckets: 131072  Batches: 2  Memory Usage: 2938kB
                    ->  Seq Scan on title t  (cost=0.00..67604.59 rows=107800 width=4) (actual time=0.020..1063.614 rows=108429 loops=1)
                          Filter: (production_year = 2006)
                          Rows Removed by Filter: 2419883
Planning time: 1.111 ms
Execution time: 32312.447 ms
