Hash Join  (cost=300565.92..963085.47 rows=12966142 width=0) (actual time=7348.441..43469.713 rows=103742632 loops=1)
  Hash Cond: (mi.movie_id = t.id)
  ->  Seq Scan on movie_info mi  (cost=0.00..346232.03 rows=12545135 width=4) (actual time=0.015..6830.171 rows=12601870 loops=1)
        Filter: (info_type_id < 17)
        Rows Removed by Filter: 2233850
  ->  Hash  (cost=257689.63..257689.63 rows=2613383 width=8) (actual time=7346.003..7346.003 rows=2946226 loops=1)
        Buckets: 131072  Batches: 64  Memory Usage: 2921kB
        ->  Hash Join  (cost=101489.21..257689.63 rows=2613383 width=8) (actual time=2038.339..6427.594 rows=2946226 loops=1)
              Hash Cond: (mk.movie_id = t.id)
              ->  Seq Scan on movie_keyword mk  (cost=0.00..81003.12 rows=3199493 width=4) (actual time=0.021..1662.582 rows=3179096 loops=1)
                    Filter: (keyword_id > 1749)
                    Rows Removed by Filter: 1344834
              ->  Hash  (cost=67604.59..67604.59 rows=2065330 width=4) (actual time=2035.805..2035.805 rows=2064552 loops=1)
                    Buckets: 131072  Batches: 32  Memory Usage: 3298kB
                    ->  Seq Scan on title t  (cost=0.00..67604.59 rows=2065330 width=4) (actual time=0.028..1260.081 rows=2064552 loops=1)
                          Filter: (production_year < 2011)
                          Rows Removed by Filter: 463760
Planning time: 1.204 ms
Execution time: 54047.426 ms
