Hash Join  (cost=52284.25..138942.34 rows=5 width=0) (actual time=1917.675..2347.198 rows=34 loops=1)
  Hash Cond: (mk.movie_id = t.id)
  ->  Seq Scan on movie_keyword mk  (cost=0.00..69693.30 rows=4523930 width=4) (actual time=0.039..871.219 rows=4523930 loops=1)
  ->  Hash  (cost=52284.21..52284.21 rows=3 width=8) (actual time=761.317..761.317 rows=20 loops=1)
        Buckets: 1024  Batches: 1  Memory Usage: 9kB
        ->  Nested Loop  (cost=0.43..52284.21 rows=3 width=8) (actual time=266.860..761.285 rows=20 loops=1)
              ->  Seq Scan on movie_companies mc  (cost=0.00..51404.11 rows=104 width=4) (actual time=13.561..743.238 rows=550 loops=1)
                    Filter: (company_id = 494)
                    Rows Removed by Filter: 2608579
              ->  Index Scan using title_pkey on title t  (cost=0.43..8.45 rows=1 width=4) (actual time=0.032..0.032 rows=0 loops=550)
                    Index Cond: (id = mc.movie_id)
                    Filter: ((kind_id = 7) AND (production_year = 2009))
                    Rows Removed by Filter: 1
Planning time: 1.540 ms
Execution time: 2347.406 ms
