Hash Join  (cost=96394.79..838957.85 rows=155028 width=0) (actual time=1691.624..16559.897 rows=19977 loops=1)
  Hash Cond: (ci.movie_id = t.id)
  ->  Seq Scan on cast_info ci  (cost=0.00..705507.15 rows=9468168 width=4) (actual time=0.021..12979.222 rows=9384703 loops=1)
        Filter: (role_id > 4)
        Rows Removed by Filter: 26859641
  ->  Hash  (cost=95877.28..95877.28 rows=41401 width=8) (actual time=1688.878..1688.878 rows=14373 loops=1)
        Buckets: 65536  Batches: 1  Memory Usage: 1074kB
        ->  Hash Join  (cost=68552.79..95877.28 rows=41401 width=8) (actual time=1072.426..1683.676 rows=14373 loops=1)
              Hash Cond: (mi_idx.movie_id = t.id)
              ->  Seq Scan on movie_info_idx mi_idx  (cost=0.00..21735.35 rows=1380035 width=4) (actual time=0.016..281.549 rows=1380035 loops=1)
              ->  Hash  (cost=67604.59..67604.59 rows=75856 width=4) (actual time=1071.478..1071.478 rows=73352 loops=1)
                    Buckets: 131072  Batches: 1  Memory Usage: 3603kB
                    ->  Seq Scan on title t  (cost=0.00..67604.59 rows=75856 width=4) (actual time=336.019..1042.464 rows=73352 loops=1)
                          Filter: (production_year < 1917)
                          Rows Removed by Filter: 2454960
Planning time: 1.188 ms
Execution time: 16563.178 ms
