Nested Loop  (cost=0.43..797555.70 rows=176 width=0) (actual time=22784.674..36033.127 rows=43 loops=1)
  ->  Seq Scan on cast_info ci  (cost=0.00..796071.18 rows=176 width=4) (actual time=22784.501..36030.281 rows=43 loops=1)
        Filter: ((role_id < 2) AND (person_id = 1333647))
        Rows Removed by Filter: 36244301
  ->  Index Only Scan using title_pkey on title t  (cost=0.43..8.42 rows=1 width=4) (actual time=0.064..0.064 rows=1 loops=43)
        Index Cond: (id = ci.movie_id)
        Heap Fetches: 43
Planning time: 0.678 ms
Execution time: 36033.227 ms
