Seq Scan on cast_info ci  (cost=0.00..796071.18 rows=7540363 width=0) (actual time=6132.598..14003.617 rows=2093760 loops=1)
  Filter: ((person_id > 1445784) AND (role_id = 1))
  Rows Removed by Filter: 34150584
Planning time: 0.379 ms
Execution time: 14268.245 ms
