Hash Join  (cost=248253.98..1174088.37 rows=6790952 width=0) (actual time=5490.130..31702.957 rows=23266197 loops=1)
  Hash Cond: (ci.movie_id = t.id)
  ->  Seq Scan on cast_info ci  (cost=0.00..705507.15 rows=12726058 width=4) (actual time=0.020..14519.487 rows=12670688 loops=1)
        Filter: (role_id < 2)
        Rows Removed by Filter: 23573656
  ->  Hash  (cost=226116.90..226116.90 rows=1349287 width=8) (actual time=5488.928..5488.928 rows=1358838 loops=1)
        Buckets: 131072  Batches: 32  Memory Usage: 2675kB
        ->  Hash Join  (cost=102767.86..226116.90 rows=1349287 width=8) (actual time=2111.462..5087.461 rows=1358838 loops=1)
              Hash Cond: (mk.movie_id = t.id)
              ->  Seq Scan on movie_keyword mk  (cost=0.00..81003.12 rows=1349287 width=4) (actual time=0.010..1456.279 rows=1358838 loops=1)
                    Filter: (keyword_id > 12346)
                    Rows Removed by Filter: 3165092
              ->  Hash  (cost=61283.27..61283.27 rows=2528527 width=4) (actual time=2109.872..2109.872 rows=2528312 loops=1)
                    Buckets: 131072  Batches: 64  Memory Usage: 2425kB
                    ->  Seq Scan on title t  (cost=0.00..61283.27 rows=2528527 width=4) (actual time=0.010..1230.716 rows=2528312 loops=1)
Planning time: 1.832 ms
Execution time: 34091.237 ms
