Hash Join  (cost=83074.74..110002.76 rows=45 width=0) (actual time=1207.835..1686.326 rows=2374 loops=1)
  Hash Cond: (mi_idx.movie_id = t.id)
  ->  Seq Scan on movie_info_idx mi_idx  (cost=0.00..25185.44 rows=464566 width=4) (actual time=0.025..402.435 rows=459925 loops=1)
        Filter: (info_type_id = 101)
        Rows Removed by Filter: 920110
  ->  Hash  (cost=83071.67..83071.67 rows=246 width=8) (actual time=1207.388..1207.388 rows=2840 loops=1)
        Buckets: 4096 (originally 1024)  Batches: 1 (originally 1)  Memory Usage: 143kB
        ->  Nested Loop  (cost=0.43..83071.67 rows=246 width=8) (actual time=0.806..1205.483 rows=2840 loops=1)
              ->  Seq Scan on movie_keyword mk  (cost=0.00..81003.12 rows=246 width=4) (actual time=0.748..1112.152 rows=2840 loops=1)
                    Filter: (keyword_id = 569)
                    Rows Removed by Filter: 4521090
              ->  Index Only Scan using title_pkey on title t  (cost=0.43..8.40 rows=1 width=4) (actual time=0.032..0.032 rows=1 loops=2840)
                    Index Cond: (id = mk.movie_id)
                    Heap Fetches: 2840
Planning time: 1.167 ms
Execution time: 1686.910 ms
