Hash Join  (cost=28267.09..392924.77 rows=174 width=0) (actual time=718.799..7459.501 rows=11460 loops=1)
  Hash Cond: (mi.movie_id = t.id)
  ->  Seq Scan on movie_info mi  (cost=0.00..309384.22 rows=14739122 width=4) (actual time=0.577..4406.010 rows=14835720 loops=1)
  ->  Hash  (cost=28266.72..28266.72 rows=30 width=8) (actual time=360.933..360.933 rows=45 loops=1)
        Buckets: 1024  Batches: 1  Memory Usage: 10kB
        ->  Nested Loop  (cost=0.43..28266.72 rows=30 width=8) (actual time=323.984..360.905 rows=45 loops=1)
              ->  Seq Scan on movie_info_idx mi_idx  (cost=0.00..25185.44 rows=368 width=4) (actual time=323.571..356.976 rows=260 loops=1)
                    Filter: (info_type_id > 101)
                    Rows Removed by Filter: 1379775
              ->  Index Scan using title_pkey on title t  (cost=0.43..8.36 rows=1 width=4) (actual time=0.015..0.015 rows=0 loops=260)
                    Index Cond: (id = mi_idx.movie_id)
                    Filter: (production_year < 1956)
                    Rows Removed by Filter: 1
Planning time: 5.661 ms
Execution time: 7461.574 ms
