Seq Scan on movie_companies mc  (cost=0.00..57926.93 rows=53 width=0) (actual time=5.187..957.244 rows=771 loops=1)
  Filter: ((company_type_id > 1) AND (company_id = 71884))
  Rows Removed by Filter: 2608358
Planning time: 0.367 ms
Execution time: 957.437 ms
