Hash Join  (cost=210041.52..353302.48 rows=1744893 width=0) (actual time=4448.461..10038.725 rows=7527401 loops=1)
  Hash Cond: (mk.movie_id = t.id)
  ->  Seq Scan on movie_keyword mk  (cost=0.00..69693.30 rows=4523930 width=4) (actual time=0.026..1512.078 rows=4523930 loops=1)
  ->  Hash  (cost=194040.77..194040.77 rows=975260 width=8) (actual time=4447.443..4447.443 rows=1138997 loops=1)
        Buckets: 131072  Batches: 16  Memory Usage: 3816kB
        ->  Hash Join  (cost=102767.86..194040.77 rows=975260 width=8) (actual time=2242.815..4158.906 rows=1138997 loops=1)
              Hash Cond: (mc.movie_id = t.id)
              ->  Seq Scan on movie_companies mc  (cost=0.00..57926.93 rows=975260 width=4) (actual time=344.795..1048.424 rows=1138997 loops=1)
                    Filter: ((company_id > 1222) AND (company_type_id = 2))
                    Rows Removed by Filter: 1470132
              ->  Hash  (cost=61283.27..61283.27 rows=2528527 width=4) (actual time=1896.682..1896.682 rows=2528312 loops=1)
                    Buckets: 131072  Batches: 64  Memory Usage: 2415kB
                    ->  Seq Scan on title t  (cost=0.00..61283.27 rows=2528527 width=4) (actual time=0.021..1063.758 rows=2528312 loops=1)
Planning time: 1.202 ms
Execution time: 10735.504 ms
