Hash Join  (cost=155463.20..513021.70 rows=35339 width=0) (actual time=1924.062..7355.410 rows=15333 loops=1)
  Hash Cond: (mi.movie_id = t.id)
  ->  Seq Scan on movie_info mi  (cost=0.00..346232.03 rows=2194617 width=4) (actual time=88.766..5226.227 rows=2233850 loops=1)
        Filter: (info_type_id > 16)
        Rows Removed by Filter: 12601870
  ->  Hash  (cost=154954.25..154954.25 rows=40716 width=8) (actual time=1722.431..1722.431 rows=6775 loops=1)
        Buckets: 65536  Batches: 1  Memory Usage: 777kB
        ->  Hash Join  (cost=67889.05..154954.25 rows=40716 width=8) (actual time=366.328..1719.965 rows=6775 loops=1)
              Hash Cond: (mk.movie_id = t.id)
              ->  Seq Scan on movie_keyword mk  (cost=0.00..69693.30 rows=4523930 width=4) (actual time=0.017..677.505 rows=4523930 loops=1)
              ->  Hash  (cost=67604.59..67604.59 rows=22757 width=4) (actual time=366.038..366.038 rows=21091 loops=1)
                    Buckets: 32768  Batches: 1  Memory Usage: 998kB
                    ->  Seq Scan on title t  (cost=0.00..67604.59 rows=22757 width=4) (actual time=0.015..362.092 rows=21091 loops=1)
                          Filter: (production_year < 1909)
                          Rows Removed by Filter: 2507221
Planning time: 1.069 ms
Execution time: 7357.895 ms
