Seq Scan on movie_keyword mk  (cost=0.00..81003.12 rows=4104040 width=0) (actual time=0.020..1619.870 rows=4110977 loops=1)
  Filter: (keyword_id < 42033)
  Rows Removed by Filter: 412953
Planning time: 0.313 ms
Execution time: 2121.525 ms
