Seq Scan on cast_info ci  (cost=0.00..796071.18 rows=19822726 width=0) (actual time=108.636..17454.153 rows=19891133 loops=1)
  Filter: ((person_id > 35882) AND (role_id < 3))
  Rows Removed by Filter: 16353211
Planning time: 0.246 ms
Execution time: 19888.346 ms
