Nested Loop  (cost=32807.94..123584.19 rows=3472 width=0) (actual time=1258.083..1910.277 rows=14671 loops=1)
  Join Filter: (mc.movie_id = t.id)
  ->  Hash Join  (cost=32807.51..98514.65 rows=29498 width=8) (actual time=613.831..1533.894 rows=19525 loops=1)
        Hash Cond: (mc.movie_id = mi_idx.movie_id)
        ->  Seq Scan on movie_companies mc  (cost=0.00..57926.93 rows=31007 width=4) (actual time=0.085..803.774 rows=55497 loops=1)
              Filter: ((company_id = 6) AND (company_type_id = 1))
              Rows Removed by Filter: 2553632
        ->  Hash  (cost=25185.44..25185.44 rows=464566 width=4) (actual time=610.602..610.602 rows=459925 loops=1)
              Buckets: 131072  Batches: 8  Memory Usage: 3050kB
              ->  Seq Scan on movie_info_idx mi_idx  (cost=0.00..25185.44 rows=464566 width=4) (actual time=0.015..471.985 rows=459925 loops=1)
                    Filter: (info_type_id = 101)
                    Rows Removed by Filter: 920110
  ->  Index Scan using title_pkey on title t  (cost=0.43..0.84 rows=1 width=4) (actual time=0.018..0.019 rows=1 loops=19525)
        Index Cond: (id = mi_idx.movie_id)
        Filter: (kind_id = 7)
        Rows Removed by Filter: 0
Planning time: 1.218 ms
Execution time: 1913.978 ms
