Seq Scan on movie_keyword mk  (cost=0.00..81003.12 rows=246 width=0) (actual time=1.592..1224.476 rows=795 loops=1)
  Filter: (keyword_id = 1073)
  Rows Removed by Filter: 4523135
Planning time: 0.362 ms
Execution time: 1224.857 ms
