Hash Join  (cost=137708.86..1051149.75 rows=1424033 width=0) (actual time=4481.315..28303.360 rows=9015255 loops=1)
  Hash Cond: (ci.movie_id = t.id)
  ->  Seq Scan on cast_info ci  (cost=0.00..796071.18 rows=8780630 width=4) (actual time=1282.600..16431.903 rows=12670688 loops=1)
        Filter: ((person_id < 2579109) AND (role_id < 2))
        Rows Removed by Filter: 23573656
  ->  Hash  (cost=130980.94..130980.94 rows=410074 width=8) (actual time=3197.762..3197.762 rows=838326 loops=1)
        Buckets: 131072 (originally 131072)  Batches: 16 (originally 8)  Memory Usage: 3076kB
        ->  Hash Join  (cost=86252.72..130980.94 rows=410074 width=8) (actual time=1505.110..2962.354 rows=838326 loops=1)
              Hash Cond: (mi_idx.movie_id = t.id)
              ->  Seq Scan on movie_info_idx mi_idx  (cost=0.00..21735.35 rows=1380035 width=4) (actual time=0.026..490.070 rows=1380035 loops=1)
              ->  Hash  (cost=73925.90..73925.90 rows=751345 width=4) (actual time=1504.136..1504.136 rows=793943 loops=1)
                    Buckets: 131072  Batches: 16  Memory Usage: 2771kB
                    ->  Seq Scan on title t  (cost=0.00..73925.90 rows=751345 width=4) (actual time=0.021..1261.480 rows=793943 loops=1)
                          Filter: ((kind_id < 7) AND (production_year < 2010))
                          Rows Removed by Filter: 1734369
Planning time: 1.195 ms
Execution time: 29339.449 ms
