Seq Scan on movie_keyword mk  (cost=0.00..81003.12 rows=2465783 width=0) (actual time=0.019..1568.513 rows=2449810 loops=1)
  Filter: (keyword_id > 3667)
  Rows Removed by Filter: 2074120
Planning time: 0.339 ms
Execution time: 1880.310 ms
