Seq Scan on movie_companies mc  (cost=0.00..51404.11 rows=1973707 width=40) (actual time=0.024..674.474 rows=1969057 loops=1)
  Filter: (company_id < 57118)
  Rows Removed by Filter: 640072
Planning time: 0.423 ms
Execution time: 746.643 ms
