Hash Join  (cost=128478.61..1040735.70 rows=1271640 width=0) (actual time=12605.893..21666.459 rows=2764705 loops=1)
  Hash Cond: (ci.movie_id = t.id)
  ->  Seq Scan on cast_info ci  (cost=0.00..796071.18 rows=8825471 width=4) (actual time=9387.630..15176.839 rows=4734576 loops=1)
        Filter: ((person_id > 1082027) AND (role_id = 1))
        Rows Removed by Filter: 31509768
  ->  Hash  (cost=122500.50..122500.50 rows=364329 width=8) (actual time=3217.113..3217.113 rows=629900 loops=1)
        Buckets: 131072 (originally 131072)  Batches: 16 (originally 8)  Memory Usage: 3073kB
        ->  Hash Join  (cost=78556.72..122500.50 rows=364329 width=8) (actual time=1856.508..3043.707 rows=629900 loops=1)
              Hash Cond: (mi_idx.movie_id = t.id)
              ->  Seq Scan on movie_info_idx mi_idx  (cost=0.00..21735.35 rows=1380035 width=4) (actual time=0.019..398.306 rows=1380035 loops=1)
              ->  Hash  (cost=67604.59..67604.59 rows=667531 width=4) (actual time=1855.646..1855.646 rows=662825 loops=1)
                    Buckets: 131072  Batches: 16  Memory Usage: 2476kB
                    ->  Seq Scan on title t  (cost=0.00..67604.59 rows=667531 width=4) (actual time=0.860..1079.297 rows=662825 loops=1)
                          Filter: (kind_id = 1)
                          Rows Removed by Filter: 1865487
Planning time: 4.960 ms
Execution time: 21998.958 ms
