Seq Scan on movie_keyword mk  (cost=0.00..81003.12 rows=1421970 width=0) (actual time=0.025..1413.680 rows=1437035 loops=1)
  Filter: (keyword_id < 1998)
  Rows Removed by Filter: 3086895
Planning time: 0.295 ms
Execution time: 1595.319 ms
