Hash Join  (cost=67983.86..841030.92 rows=209424 width=0) (actual time=3625.107..17641.799 rows=17756 loops=1)
  Hash Cond: (ci.movie_id = t.id)
  ->  Seq Scan on cast_info ci  (cost=0.00..705507.15 rows=17452179 width=4) (actual time=2475.701..11910.916 rows=17575231 loops=1)
        Filter: (person_id > 1859337)
        Rows Removed by Filter: 18669113
  ->  Hash  (cost=67604.59..67604.59 rows=30342 width=4) (actual time=1148.116..1148.116 rows=29105 loops=1)
        Buckets: 32768  Batches: 1  Memory Usage: 1280kB
        ->  Seq Scan on title t  (cost=0.00..67604.59 rows=30342 width=4) (actual time=0.030..1136.691 rows=29105 loops=1)
              Filter: (production_year < 1911)
              Rows Removed by Filter: 2499207
Planning time: 0.720 ms
Execution time: 17645.845 ms
