Hash Join  (cost=105731.15..178052.28 rows=494486 width=0) (actual time=2079.669..3782.375 rows=488881 loops=1)
  Hash Cond: (mc.movie_id = t.id)
  ->  Seq Scan on movie_companies mc  (cost=0.00..51404.11 rows=538031 width=4) (actual time=0.023..948.967 rows=541405 loops=1)
        Filter: (company_id > 72135)
        Rows Removed by Filter: 2067724
  ->  Hash  (cost=67604.59..67604.59 rows=2323885 width=4) (actual time=2078.228..2078.228 rows=2317570 loops=1)
        Buckets: 131072  Batches: 32  Memory Usage: 3574kB
        ->  Seq Scan on title t  (cost=0.00..67604.59 rows=2323885 width=4) (actual time=0.013..1348.361 rows=2317570 loops=1)
              Filter: (production_year > 1938)
              Rows Removed by Filter: 210742
Planning time: 0.750 ms
Execution time: 3832.333 ms
