Hash Join  (cost=244358.71..293785.08 rows=683889 width=0) (actual time=4712.173..6627.609 rows=2824523 loops=1)
  Hash Cond: (mi_idx.movie_id = t.id)
  ->  Seq Scan on movie_info_idx mi_idx  (cost=0.00..21735.35 rows=1380035 width=4) (actual time=0.020..464.609 rows=1380035 loops=1)
  ->  Hash  (cost=223800.79..223800.79 rows=1253034 width=8) (actual time=4710.974..4710.974 rows=1264896 loops=1)
        Buckets: 131072  Batches: 32  Memory Usage: 2559kB
        ->  Hash Join  (cost=102767.86..223800.79 rows=1253034 width=8) (actual time=1865.147..4416.949 rows=1264896 loops=1)
              Hash Cond: (mk.movie_id = t.id)
              ->  Seq Scan on movie_keyword mk  (cost=0.00..81003.12 rows=1253034 width=4) (actual time=0.026..1367.437 rows=1264896 loops=1)
                    Filter: (keyword_id > 14138)
                    Rows Removed by Filter: 3259034
              ->  Hash  (cost=61283.27..61283.27 rows=2528527 width=4) (actual time=1863.894..1863.894 rows=2528312 loops=1)
                    Buckets: 131072  Batches: 64  Memory Usage: 2425kB
                    ->  Seq Scan on title t  (cost=0.00..61283.27 rows=2528527 width=4) (actual time=0.020..1039.814 rows=2528312 loops=1)
Planning time: 0.720 ms
Execution time: 6957.632 ms
