Seq Scan on cast_info ci  (cost=0.00..705507.15 rows=500 width=0) (actual time=760.278..10507.138 rows=52 loops=1)
  Filter: (person_id = 437767)
  Rows Removed by Filter: 36244292
Planning time: 0.364 ms
Execution time: 10507.266 ms
