Hash Join  (cost=67936.46..156348.88 rows=20181 width=0) (actual time=1058.449..2812.143 rows=3220 loops=1)
  Hash Cond: (mk.movie_id = t.id)
  ->  Seq Scan on movie_keyword mk  (cost=0.00..81003.12 rows=1921996 width=4) (actual time=0.027..1420.930 rows=1937152 loops=1)
        Filter: (keyword_id < 3337)
        Rows Removed by Filter: 2586778
  ->  Hash  (cost=67604.59..67604.59 rows=26550 width=4) (actual time=1055.732..1055.732 rows=24508 loops=1)
        Buckets: 32768  Batches: 1  Memory Usage: 1118kB
        ->  Seq Scan on title t  (cost=0.00..67604.59 rows=26550 width=4) (actual time=237.591..1046.004 rows=24508 loops=1)
              Filter: (production_year < 1910)
              Rows Removed by Filter: 2503804
Planning time: 1.877 ms
Execution time: 2812.914 ms
