Nested Loop  (cost=0.43..83072.90 rows=72 width=0) (actual time=12.145..1314.766 rows=153 loops=1)
  ->  Seq Scan on movie_keyword mk  (cost=0.00..81003.12 rows=246 width=4) (actual time=4.461..1251.905 rows=2039 loops=1)
        Filter: (keyword_id = 2484)
        Rows Removed by Filter: 4521891
  ->  Index Scan using title_pkey on title t  (cost=0.43..8.40 rows=1 width=4) (actual time=0.030..0.030 rows=0 loops=2039)
        Index Cond: (id = mk.movie_id)
        Filter: ((kind_id > 1) AND (production_year > 2005))
        Rows Removed by Filter: 1
Planning time: 0.751 ms
Execution time: 1314.984 ms
