Hash Join  (cost=453717.28..1529107.73 rows=4048322 width=0) (actual time=8037.752..41241.312 rows=9286506 loops=1)
  Hash Cond: (ci.movie_id = t.id)
  ->  Seq Scan on cast_info ci  (cost=0.00..614943.12 rows=36225612 width=4) (actual time=0.021..13511.453 rows=36244344 loops=1)
  ->  Hash  (cost=449081.15..449081.15 rows=282571 width=8) (actual time=8036.789..8036.789 rows=597782 loops=1)
        Buckets: 131072 (originally 131072)  Batches: 8 (originally 4)  Memory Usage: 3952kB
        ->  Hash Join  (cost=83198.94..449081.15 rows=282571 width=8) (actual time=4141.592..7585.963 rows=597782 loops=1)
              Hash Cond: (mi.movie_id = t.id)
              ->  Seq Scan on movie_info mi  (cost=0.00..346232.03 rows=1264125 width=4) (actual time=2759.554..5333.723 rows=1288928 loops=1)
                    Filter: (info_type_id = 2)
                    Rows Removed by Filter: 13546792
              ->  Hash  (cost=73925.90..73925.90 rows=565203 width=4) (actual time=1381.120..1381.120 rows=641785 loops=1)
                    Buckets: 131072  Batches: 8  Memory Usage: 3871kB
                    ->  Seq Scan on title t  (cost=0.00..73925.90 rows=565203 width=4) (actual time=0.044..1168.187 rows=641785 loops=1)
                          Filter: ((kind_id < 7) AND (production_year < 2006))
                          Rows Removed by Filter: 1886527
Planning time: 2.750 ms
Execution time: 42250.616 ms
