Hash Join  (cost=80408.18..1172354.95 rows=5659960 width=0) (actual time=4260.532..73863.926 rows=5359626 loops=1)
  Hash Cond: (ci.movie_id = t.id)
  ->  Seq Scan on cast_info ci  (cost=0.00..614943.12 rows=36225612 width=4) (actual time=0.014..44411.384 rows=36244344 loops=1)
  ->  Hash  (cost=73925.90..73925.90 rows=395062 width=4) (actual time=4249.508..4249.508 rows=335993 loops=1)
        Buckets: 131072  Batches: 8  Memory Usage: 2492kB
        ->  Seq Scan on title t  (cost=0.00..73925.90 rows=395062 width=4) (actual time=0.026..3813.562 rows=335993 loops=1)
              Filter: ((kind_id < 7) AND (production_year > 2005))
              Rows Removed by Filter: 2192319
Planning time: 0.663 ms
Execution time: 74679.306 ms
