Hash Join  (cost=67612.84..148664.06 rows=3 width=0) (actual time=1114.057..2486.317 rows=43 loops=1)
  Hash Cond: (mk.movie_id = t.id)
  ->  Seq Scan on movie_keyword mk  (cost=0.00..81003.12 rows=12818 width=4) (actual time=0.043..1396.015 rows=12645 loops=1)
        Filter: (keyword_id = 245)
        Rows Removed by Filter: 4511285
  ->  Hash  (cost=67604.59..67604.59 rows=660 width=4) (actual time=1084.963..1084.963 rows=3515 loops=1)
        Buckets: 4096 (originally 1024)  Batches: 1 (originally 1)  Memory Usage: 156kB
        ->  Seq Scan on title t  (cost=0.00..67604.59 rows=660 width=4) (actual time=0.137..1083.195 rows=3515 loops=1)
              Filter: (production_year > 2013)
              Rows Removed by Filter: 2524797
Planning time: 0.501 ms
Execution time: 2486.433 ms
