Hash Join  (cost=102767.86..185513.44 rows=620840 width=0) (actual time=2639.408..3820.344 rows=377578 loops=1)
  Hash Cond: (mc.movie_id = t.id)
  ->  Seq Scan on movie_companies mc  (cost=0.00..57926.93 rows=620840 width=4) (actual time=570.014..1074.058 rows=377578 loops=1)
        Filter: ((company_id > 11402) AND (company_type_id = 1))
        Rows Removed by Filter: 2231551
  ->  Hash  (cost=61283.27..61283.27 rows=2528527 width=4) (actual time=2065.960..2065.960 rows=2528312 loops=1)
        Buckets: 131072  Batches: 64  Memory Usage: 2415kB
        ->  Seq Scan on title t  (cost=0.00..61283.27 rows=2528527 width=4) (actual time=0.015..1196.589 rows=2528312 loops=1)
Planning time: 1.199 ms
Execution time: 3865.731 ms
