Seq Scan on movie_keyword mk  (cost=0.00..81003.12 rows=1927204 width=0) (actual time=0.027..1541.221 rows=1939366 loops=1)
  Filter: (keyword_id > 6816)
  Rows Removed by Filter: 2584564
Planning time: 5.085 ms
Execution time: 1788.495 ms
