Hash Join  (cost=120449.30..197473.61 rows=143179 width=0) (actual time=2452.408..3948.194 rows=128169 loops=1)
  Hash Cond: (mc.movie_id = t.id)
  ->  Seq Scan on movie_companies mc  (cost=0.00..44881.29 rows=2609129 width=4) (actual time=0.029..774.218 rows=2609129 loops=1)
  ->  Hash  (cost=118171.85..118171.85 rows=138756 width=8) (actual time=2314.511..2314.511 rows=50121 loops=1)
        Buckets: 131072  Batches: 2  Memory Usage: 2006kB
        ->  Hash Join  (cost=78097.80..118171.85 rows=138756 width=8) (actual time=1506.334..2298.007 rows=50121 loops=1)
              Hash Cond: (mi_idx.movie_id = t.id)
              ->  Seq Scan on movie_info_idx mi_idx  (cost=0.00..21735.35 rows=1380035 width=4) (actual time=0.019..494.789 rows=1380035 loops=1)
              ->  Hash  (cost=73925.90..73925.90 rows=254232 width=4) (actual time=1232.368..1232.368 rows=145458 loops=1)
                    Buckets: 131072  Batches: 4  Memory Usage: 2301kB
                    ->  Seq Scan on title t  (cost=0.00..73925.90 rows=254232 width=4) (actual time=0.017..1183.165 rows=145458 loops=1)
                          Filter: ((production_year < 1973) AND (kind_id = 7))
                          Rows Removed by Filter: 2382854
Planning time: 1.010 ms
Execution time: 3963.553 ms
