Hash Join  (cost=68438.72..156290.68 rows=119392 width=0) (actual time=3281.928..8446.372 rows=44223 loops=1)
  Hash Cond: (mk.movie_id = t.id)
  ->  Seq Scan on movie_keyword mk  (cost=0.00..69693.30 rows=4523930 width=4) (actual time=0.018..3978.965 rows=4523930 loops=1)
  ->  Hash  (cost=67604.59..67604.59 rows=66731 width=4) (actual time=3281.134..3281.134 rows=67342 loops=1)
        Buckets: 131072  Batches: 1  Memory Usage: 3392kB
        ->  Seq Scan on title t  (cost=0.00..67604.59 rows=66731 width=4) (actual time=0.029..3235.851 rows=67342 loops=1)
              Filter: (production_year > 2012)
              Rows Removed by Filter: 2460970
Planning time: 4.176 ms
Execution time: 8453.238 ms
