Seq Scan on movie_companies mc  (cost=0.00..57926.93 rows=869705 width=0) (actual time=389.046..1178.165 rows=1182203 loops=1)
  Filter: ((company_id < 25746) AND (company_type_id < 2))
  Rows Removed by Filter: 1426926
Planning time: 0.306 ms
Execution time: 1329.005 ms
