Seq Scan on movie_keyword mk  (cost=0.00..81003.12 rows=3348356 width=0) (actual time=0.031..1491.126 rows=3344386 loops=1)
  Filter: (keyword_id > 1395)
  Rows Removed by Filter: 1179544
Planning time: 0.286 ms
Execution time: 1899.589 ms
