Hash Join  (cost=77949.14..573007.21 rows=1429414 width=0) (actual time=1624.679..13147.046 rows=631353 loops=1)
  Hash Cond: (mi.movie_id = t.id)
  ->  Seq Scan on movie_info mi  (cost=0.00..309384.22 rows=14739122 width=4) (actual time=0.015..5774.786 rows=14835720 loops=1)
  ->  Hash  (cost=73925.90..73925.90 rows=245219 width=4) (actual time=1360.069..1360.069 rows=120801 loops=1)
        Buckets: 131072  Batches: 4  Memory Usage: 2089kB
        ->  Seq Scan on title t  (cost=0.00..73925.90 rows=245219 width=4) (actual time=0.028..1315.728 rows=120801 loops=1)
              Filter: ((kind_id > 3) AND (production_year < 1970))
              Rows Removed by Filter: 2407511
Planning time: 0.527 ms
Execution time: 13220.194 ms
