Hash Join  (cost=78473.92..153828.21 rows=394623 width=0) (actual time=1421.527..3203.758 rows=274621 loops=1)
  Hash Cond: (mc.movie_id = t.id)
  ->  Seq Scan on movie_companies mc  (cost=0.00..51404.11 rows=1506119 width=4) (actual time=0.022..955.267 rows=1493444 loops=1)
        Filter: (company_id < 13853)
        Rows Removed by Filter: 1115685
  ->  Hash  (cost=67604.59..67604.59 rows=662507 width=4) (actual time=1420.532..1420.532 rows=662065 loops=1)
        Buckets: 131072  Batches: 16  Memory Usage: 2481kB
        ->  Seq Scan on title t  (cost=0.00..67604.59 rows=662507 width=4) (actual time=0.025..1205.214 rows=662065 loops=1)
              Filter: (production_year > 2008)
              Rows Removed by Filter: 1866247
Planning time: 0.692 ms
Execution time: 3234.513 ms
