Seq Scan on cast_info ci  (cost=0.00..796071.18 rows=331158 width=0) (actual time=9053.545..15790.910 rows=309160 loops=1)
  Filter: ((person_id > 187552) AND (role_id > 10))
  Rows Removed by Filter: 35935184
Planning time: 0.246 ms
Execution time: 15829.000 ms
