Hash Join  (cost=78988.28..159711.14 rows=268340 width=0) (actual time=1188.277..3380.007 rows=392540 loops=1)
  Hash Cond: (mc.movie_id = t.id)
  ->  Seq Scan on movie_companies mc  (cost=0.00..51404.11 rows=2199294 width=4) (actual time=0.022..1093.926 rows=2198778 loops=1)
        Filter: (company_id > 264)
        Rows Removed by Filter: 410351
  ->  Hash  (cost=73925.90..73925.90 rows=308510 width=4) (actual time=1187.204..1187.204 rows=266599 loops=1)
        Buckets: 131072  Batches: 8  Memory Usage: 2191kB
        ->  Seq Scan on title t  (cost=0.00..73925.90 rows=308510 width=4) (actual time=0.019..1098.667 rows=266599 loops=1)
              Filter: ((kind_id < 7) AND (production_year > 2007))
              Rows Removed by Filter: 2261713
Planning time: 0.721 ms
Execution time: 3428.078 ms
