Hash Join  (cost=77377.73..203965.90 rows=376413 width=0) (actual time=3681.037..11385.110 rows=1231165 loops=1)
  Hash Cond: (mk.movie_id = t.id)
  ->  Seq Scan on movie_keyword mk  (cost=0.00..69693.30 rows=4523930 width=4) (actual time=0.021..4751.978 rows=4523930 loops=1)
  ->  Hash  (cost=73925.90..73925.90 rows=210386 width=4) (actual time=3680.180..3680.180 rows=320579 loops=1)
        Buckets: 131072  Batches: 4  Memory Usage: 3849kB
        ->  Seq Scan on title t  (cost=0.00..73925.90 rows=210386 width=4) (actual time=0.047..3227.905 rows=320579 loops=1)
              Filter: ((kind_id < 7) AND (production_year < 1982))
              Rows Removed by Filter: 2207733
Planning time: 0.680 ms
Execution time: 11561.351 ms
