Seq Scan on movie_companies mc  (cost=0.00..51404.11 rows=104 width=0) (actual time=82.396..759.076 rows=44 loops=1)
  Filter: (company_id = 27585)
  Rows Removed by Filter: 2609085
Planning time: 0.396 ms
Execution time: 759.177 ms
