Hash Join  (cost=100885.02..155561.60 rows=1106 width=0) (actual time=1651.033..2793.052 rows=15726 loops=1)
  Hash Cond: (mc.movie_id = t.id)
  ->  Seq Scan on movie_companies mc  (cost=0.00..44881.29 rows=2609129 width=4) (actual time=0.022..642.685 rows=2609129 loops=1)
  ->  Hash  (cost=100871.63..100871.63 rows=1071 width=8) (actual time=1648.810..1648.810 rows=4594 loops=1)
        Buckets: 8192 (originally 2048)  Batches: 1 (originally 1)  Memory Usage: 244kB
        ->  Hash Join  (cost=73950.44..100871.63 rows=1071 width=8) (actual time=1090.828..1646.886 rows=4594 loops=1)
              Hash Cond: (mi_idx.movie_id = t.id)
              ->  Seq Scan on movie_info_idx mi_idx  (cost=0.00..21735.35 rows=1380035 width=4) (actual time=0.015..279.423 rows=1380035 loops=1)
              ->  Hash  (cost=73925.90..73925.90 rows=1963 width=4) (actual time=1090.668..1090.668 rows=3792 loops=1)
                    Buckets: 4096 (originally 2048)  Batches: 1 (originally 1)  Memory Usage: 166kB
                    ->  Seq Scan on title t  (cost=0.00..73925.90 rows=1963 width=4) (actual time=523.501..1088.763 rows=3792 loops=1)
                          Filter: ((kind_id < 2) AND (production_year = 1966))
                          Rows Removed by Filter: 2524520
Planning time: 1.153 ms
Execution time: 2795.476 ms
