Hash Join  (cost=461381.28..1539032.04 rows=4268362 width=0) (actual time=8256.706..40144.897 rows=8405407 loops=1)
  Hash Cond: (ci.movie_id = t.id)
  ->  Seq Scan on cast_info ci  (cost=0.00..614943.12 rows=36225612 width=4) (actual time=0.008..13414.739 rows=36244344 loops=1)
  ->  Hash  (cost=456493.17..456493.17 rows=297929 width=8) (actual time=8255.809..8255.809 rows=420224 loops=1)
        Buckets: 131072 (originally 131072)  Batches: 8 (originally 4)  Memory Usage: 3074kB
        ->  Hash Join  (cost=94978.31..456493.17 rows=297929 width=8) (actual time=2831.409..8112.011 rows=420224 loops=1)
              Hash Cond: (mi.movie_id = t.id)
              ->  Seq Scan on movie_info mi  (cost=0.00..346232.03 rows=451508 width=4) (actual time=959.954..5557.389 rows=474443 loops=1)
                    Filter: (info_type_id = 6)
                    Rows Removed by Filter: 14361277
              ->  Hash  (cost=67604.59..67604.59 rows=1668458 width=4) (actual time=1870.203..1870.203 rows=1671292 loops=1)
                    Buckets: 131072  Batches: 32  Memory Usage: 2867kB
                    ->  Seq Scan on title t  (cost=0.00..67604.59 rows=1668458 width=4) (actual time=0.025..1326.213 rows=1671292 loops=1)
                          Filter: (production_year < 2008)
                          Rows Removed by Filter: 857020
Planning time: 1.168 ms
Execution time: 41092.935 ms
