Hash Join  (cost=357724.09..1315980.72 rows=12418759 width=0) (actual time=9186.482..35771.977 rows=35743937 loops=1)
  Hash Cond: (ci.movie_id = t.id)
  ->  Seq Scan on cast_info ci  (cost=0.00..705507.15 rows=7298253 width=4) (actual time=0.016..12376.840 rows=7451973 loops=1)
        Filter: (role_id = 2)
        Rows Removed by Filter: 28792371
  ->  Hash  (cost=287135.10..287135.10 rows=4302559 width=8) (actual time=9184.421..9184.421 rows=4482327 loops=1)
        Buckets: 131072  Batches: 64  Memory Usage: 3786kB
        ->  Hash Join  (cost=107058.56..287135.10 rows=4302559 width=8) (actual time=2115.108..7778.818 rows=4482327 loops=1)
              Hash Cond: (mk.movie_id = t.id)
              ->  Seq Scan on movie_keyword mk  (cost=0.00..69693.30 rows=4523930 width=4) (actual time=0.030..1513.171 rows=4523930 loops=1)
              ->  Hash  (cost=67604.59..67604.59 rows=2404798 width=4) (actual time=2114.135..2114.135 rows=2396371 loops=1)
                    Buckets: 131072  Batches: 32  Memory Usage: 3667kB
                    ->  Seq Scan on title t  (cost=0.00..67604.59 rows=2404798 width=4) (actual time=0.032..1346.981 rows=2396371 loops=1)
                          Filter: (production_year > 1914)
                          Rows Removed by Filter: 131941
Planning time: 1.186 ms
Execution time: 39777.885 ms
