Hash Join  (cost=798790.71..853458.28 rows=205 width=0) (actual time=14552.542..15467.365 rows=218 loops=1)
  Hash Cond: (mc.movie_id = t.id)
  ->  Seq Scan on movie_companies mc  (cost=0.00..44881.29 rows=2609129 width=4) (actual time=0.021..633.807 rows=2609129 loops=1)
  ->  Hash  (cost=798788.22..798788.22 rows=199 width=8) (actual time=14379.865..14379.865 rows=190 loops=1)
        Buckets: 1024  Batches: 1  Memory Usage: 16kB
        ->  Nested Loop  (cost=0.43..798788.22 rows=199 width=8) (actual time=4538.958..14379.735 rows=190 loops=1)
              ->  Seq Scan on cast_info ci  (cost=0.00..796071.18 rows=324 width=4) (actual time=4538.841..14359.756 rows=203 loops=1)
                    Filter: ((role_id > 1) AND (person_id = 1238749))
                    Rows Removed by Filter: 36244141
              ->  Index Scan using title_pkey on title t  (cost=0.43..8.38 rows=1 width=4) (actual time=0.097..0.097 rows=1 loops=203)
                    Index Cond: (id = ci.movie_id)
                    Filter: (kind_id > 4)
                    Rows Removed by Filter: 0
Planning time: 1.529 ms
Execution time: 15467.586 ms
