Nested Loop  (cost=0.43..58375.45 rows=12 width=0) (actual time=89.310..836.631 rows=10 loops=1)
  ->  Seq Scan on movie_companies mc  (cost=0.00..57926.93 rows=53 width=4) (actual time=66.683..833.528 rows=77 loops=1)
        Filter: ((company_id = 3072) AND (company_type_id = 2))
        Rows Removed by Filter: 2609052
  ->  Index Scan using title_pkey on title t  (cost=0.43..8.45 rows=1 width=4) (actual time=0.039..0.039 rows=0 loops=77)
        Index Cond: (id = mc.movie_id)
        Filter: ((kind_id < 7) AND (production_year < 2006))
        Rows Removed by Filter: 1
Planning time: 0.769 ms
Execution time: 836.746 ms
