Hash Join  (cost=965896.79..1146091.96 rows=1063183 width=0) (actual time=25671.964..28987.478 rows=970123 loops=1)
  Hash Cond: (mk.movie_id = t.id)
  ->  Seq Scan on movie_keyword mk  (cost=0.00..69693.30 rows=4523930 width=4) (actual time=0.017..1337.508 rows=4523930 loops=1)
  ->  Hash  (cost=956146.83..956146.83 rows=594237 width=8) (actual time=25658.447..25658.447 rows=583430 loops=1)
        Buckets: 131072  Batches: 8  Memory Usage: 3881kB
        ->  Hash Join  (cost=68426.36..956146.83 rows=594237 width=8) (actual time=1149.794..24746.751 rows=583430 loops=1)
              Hash Cond: (ci.movie_id = t.id)
              ->  Seq Scan on cast_info ci  (cost=0.00..796071.18 rows=22855178 width=4) (actual time=0.015..17226.002 rows=22360302 loops=1)
                    Filter: ((person_id > 501823) AND (role_id < 5))
                    Rows Removed by Filter: 13884042
              ->  Hash  (cost=67604.59..67604.59 rows=65742 width=4) (actual time=1149.245..1149.245 rows=63827 loops=1)
                    Buckets: 131072  Batches: 1  Memory Usage: 3268kB
                    ->  Seq Scan on title t  (cost=0.00..67604.59 rows=65742 width=4) (actual time=0.015..1122.217 rows=63827 loops=1)
                          Filter: (production_year = 2013)
                          Rows Removed by Filter: 2464485
Planning time: 0.758 ms
Execution time: 29092.459 ms
