Hash Join  (cost=73982.55..100904.92 rows=826 width=0) (actual time=1140.294..1673.589 rows=1092 loops=1)
  Hash Cond: (mi_idx.movie_id = t.id)
  ->  Seq Scan on movie_info_idx mi_idx  (cost=0.00..25185.44 rows=460978 width=4) (actual time=0.029..438.307 rows=459925 loops=1)
        Filter: (info_type_id = 99)
        Rows Removed by Filter: 920110
  ->  Hash  (cost=73925.90..73925.90 rows=4532 width=4) (actual time=1138.012..1138.012 rows=9242 loops=1)
        Buckets: 16384 (originally 8192)  Batches: 1 (originally 1)  Memory Usage: 453kB
        ->  Seq Scan on title t  (cost=0.00..73925.90 rows=4532 width=4) (actual time=0.088..1133.280 rows=9242 loops=1)
              Filter: ((kind_id = 7) AND (production_year = 1984))
              Rows Removed by Filter: 2519070
Planning time: 0.758 ms
Execution time: 1673.937 ms
