Hash Join  (cost=1199500.74..2236763.55 rows=41884547 width=0) (actual time=31526.655..88277.815 rows=160233289 loops=1)
  Hash Cond: (mi.movie_id = t.id)
  ->  Seq Scan on movie_info mi  (cost=0.00..309384.22 rows=14739122 width=4) (actual time=0.017..5985.445 rows=14835720 loops=1)
  ->  Hash  (cost=1081615.48..1081615.48 rows=7185381 width=8) (actual time=31525.818..31525.818 rows=12670688 loops=1)
        Buckets: 131072 (originally 131072)  Batches: 256 (originally 128)  Memory Usage: 3073kB
        ->  Hash Join  (cost=102767.86..1081615.48 rows=7185381 width=8) (actual time=2793.977..27811.475 rows=12670688 loops=1)
              Hash Cond: (ci.movie_id = t.id)
              ->  Seq Scan on cast_info ci  (cost=0.00..796071.18 rows=7185381 width=4) (actual time=878.530..13950.746 rows=12670688 loops=1)
                    Filter: ((person_id < 2046918) AND (role_id < 2))
                    Rows Removed by Filter: 23573656
              ->  Hash  (cost=61283.27..61283.27 rows=2528527 width=4) (actual time=1914.368..1914.368 rows=2528312 loops=1)
                    Buckets: 131072  Batches: 64  Memory Usage: 2415kB
                    ->  Seq Scan on title t  (cost=0.00..61283.27 rows=2528527 width=4) (actual time=0.015..1092.315 rows=2528312 loops=1)
Planning time: 0.798 ms
Execution time: 105515.838 ms
