Seq Scan on cast_info ci  (cost=0.00..796071.18 rows=8511836 width=0) (actual time=0.014..14397.336 rows=9919099 loops=1)
  Filter: ((person_id > 1066491) AND (role_id > 3))
  Rows Removed by Filter: 26325245
Planning time: 0.322 ms
Execution time: 15576.697 ms
