Hash Join  (cost=569521.69..1519708.61 rows=10099574 width=0) (actual time=12395.566..37595.685 rows=27867674 loops=1)
  Hash Cond: (ci.movie_id = t.id)
  ->  Seq Scan on cast_info ci  (cost=0.00..705507.15 rows=9468168 width=4) (actual time=1368.216..14170.351 rows=9384703 loops=1)
        Filter: (role_id > 4)
        Rows Removed by Filter: 26859641
  ->  Hash  (cost=525271.35..525271.35 rows=2697147 width=8) (actual time=11026.058..11026.058 rows=2737630 loops=1)
        Buckets: 131072  Batches: 64  Memory Usage: 2687kB
        ->  Hash Join  (cost=104071.89..525271.35 rows=2697147 width=8) (actual time=5833.504..10297.334 rows=2737630 loops=1)
              Hash Cond: (mi.movie_id = t.id)
              ->  Seq Scan on movie_info mi  (cost=0.00..346232.03 rows=3068194 width=4) (actual time=3712.336..5512.584 rows=3036719 loops=1)
                    Filter: (info_type_id = 16)
                    Rows Removed by Filter: 11799001
              ->  Hash  (cost=67604.59..67604.59 rows=2222744 width=4) (actual time=2119.644..2119.644 rows=2214818 loops=1)
                    Buckets: 131072  Batches: 32  Memory Usage: 3469kB
                    ->  Seq Scan on title t  (cost=0.00..67604.59 rows=2222744 width=4) (actual time=0.025..1397.769 rows=2214818 loops=1)
                          Filter: (production_year > 1959)
                          Rows Removed by Filter: 313494
Planning time: 1.177 ms
Execution time: 40751.411 ms
