Hash Join  (cost=156487.41..1108565.32 rows=3333733 width=0) (actual time=3270.776..28632.277 rows=7085602 loops=1)
  Hash Cond: (ci.movie_id = t.id)
  ->  Seq Scan on cast_info ci  (cost=0.00..705507.15 rows=18285980 width=4) (actual time=0.030..14073.687 rows=18173699 loops=1)
        Filter: (person_id < 1804473)
        Rows Removed by Filter: 18070645
  ->  Hash  (cost=148924.19..148924.19 rows=460978 width=8) (actual time=3270.044..3270.044 rows=459925 loops=1)
        Buckets: 131072  Batches: 8  Memory Usage: 3275kB
        ->  Hash Join  (cost=102767.86..148924.19 rows=460978 width=8) (actual time=1806.413..3130.512 rows=459925 loops=1)
              Hash Cond: (mi_idx.movie_id = t.id)
              ->  Seq Scan on movie_info_idx mi_idx  (cost=0.00..25185.44 rows=460978 width=4) (actual time=0.017..487.441 rows=459925 loops=1)
                    Filter: (info_type_id = 99)
                    Rows Removed by Filter: 920110
              ->  Hash  (cost=61283.27..61283.27 rows=2528527 width=4) (actual time=1804.651..1804.651 rows=2528312 loops=1)
                    Buckets: 131072  Batches: 64  Memory Usage: 2415kB
                    ->  Seq Scan on title t  (cost=0.00..61283.27 rows=2528527 width=4) (actual time=0.009..993.357 rows=2528312 loops=1)
Planning time: 1.190 ms
Execution time: 29508.938 ms
