Hash Join  (cost=69694.50..137037.25 rows=64445 width=0) (actual time=1556.129..2824.820 rows=54902 loops=1)
  Hash Cond: (mc.movie_id = t.id)
  ->  Seq Scan on movie_companies mc  (cost=0.00..51404.11 rows=1279517 width=4) (actual time=235.202..1012.508 rows=1274246 loops=1)
        Filter: (company_type_id = 1)
        Rows Removed by Filter: 1334883
  ->  Hash  (cost=67604.59..67604.59 rows=127353 width=4) (actual time=1320.040..1320.040 rows=128696 loops=1)
        Buckets: 131072  Batches: 2  Memory Usage: 3284kB
        ->  Seq Scan on title t  (cost=0.00..67604.59 rows=127353 width=4) (actual time=0.025..1269.343 rows=128696 loops=1)
              Filter: (production_year = 2009)
              Rows Removed by Filter: 2399616
Planning time: 0.789 ms
Execution time: 2832.505 ms
