Seq Scan on movie_companies mc  (cost=0.00..57926.93 rows=762169 width=0) (actual time=572.493..1067.389 rows=547542 loops=1)
  Filter: ((company_id > 6158) AND (company_type_id = 1))
  Rows Removed by Filter: 2061587
Planning time: 0.443 ms
Execution time: 1134.029 ms
