Hash Join  (cost=84037.34..602174.76 rows=3592349 width=0) (actual time=1388.489..14208.610 rows=1408633 loops=1)
  Hash Cond: (mi.movie_id = t.id)
  ->  Seq Scan on movie_info mi  (cost=0.00..309384.22 rows=14739122 width=4) (actual time=0.010..5733.394 rows=14835720 loops=1)
  ->  Hash  (cost=73925.90..73925.90 rows=616275 width=4) (actual time=1387.572..1387.572 rows=676927 loops=1)
        Buckets: 131072  Batches: 16  Memory Usage: 2522kB
        ->  Seq Scan on title t  (cost=0.00..73925.90 rows=616275 width=4) (actual time=0.018..1175.086 rows=676927 loops=1)
              Filter: ((production_year > 2005) AND (kind_id = 7))
              Rows Removed by Filter: 1851385
Planning time: 0.776 ms
Execution time: 14356.135 ms
