Nested Loop  (cost=0.43..52283.95 rows=37 width=0) (actual time=188.477..831.769 rows=130 loops=1)
  ->  Seq Scan on movie_companies mc  (cost=0.00..51404.11 rows=104 width=4) (actual time=179.036..792.569 rows=1477 loops=1)
        Filter: (company_id = 2690)
        Rows Removed by Filter: 2607652
  ->  Index Scan using title_pkey on title t  (cost=0.43..8.45 rows=1 width=4) (actual time=0.026..0.026 rows=0 loops=1477)
        Index Cond: (id = mc.movie_id)
        Filter: (production_year > 2006)
        Rows Removed by Filter: 1
Planning time: 0.558 ms
Execution time: 831.910 ms
