Seq Scan on movie_companies mc  (cost=0.00..51404.11 rows=104 width=0) (actual time=4.707..877.871 rows=489 loops=1)
  Filter: (company_id = 559)
  Rows Removed by Filter: 2608640
Planning time: 0.366 ms
Execution time: 878.085 ms
