Hash Join  (cost=799706.39..888554.50 rows=206 width=0) (actual time=15080.553..16353.826 rows=2 loops=1)
  Hash Cond: (mk.movie_id = t.id)
  ->  Seq Scan on movie_keyword mk  (cost=0.00..81003.12 rows=2091446 width=4) (actual time=0.019..1629.223 rows=2088406 loops=1)
        Filter: (keyword_id > 5777)
        Rows Removed by Filter: 2435524
  ->  Hash  (cost=799703.28..799703.28 rows=249 width=8) (actual time=14432.370..14432.370 rows=15 loops=1)
        Buckets: 1024  Batches: 1  Memory Usage: 9kB
        ->  Nested Loop  (cost=0.43..799703.28 rows=249 width=8) (actual time=7260.287..14432.353 rows=15 loops=1)
              ->  Seq Scan on cast_info ci  (cost=0.00..796071.18 rows=435 width=4) (actual time=7260.164..14431.624 rows=32 loops=1)
                    Filter: ((role_id < 10) AND (person_id = 306650))
                    Rows Removed by Filter: 36244312
              ->  Index Scan using title_pkey on title t  (cost=0.43..8.34 rows=1 width=4) (actual time=0.021..0.021 rows=0 loops=32)
                    Index Cond: (id = ci.movie_id)
                    Filter: (production_year < 2006)
                    Rows Removed by Filter: 1
Planning time: 1.195 ms
Execution time: 16353.947 ms
