Hash Join  (cost=92883.59..586998.91 rows=4572436 width=0) (actual time=1957.527..12719.355 rows=2574603 loops=1)
  Hash Cond: (mi.movie_id = t.id)
  ->  Seq Scan on movie_info mi  (cost=0.00..346232.03 rows=7503588 width=4) (actual time=0.022..6206.205 rows=7548855 loops=1)
        Filter: (info_type_id > 7)
        Rows Removed by Filter: 7286865
  ->  Hash  (cost=67604.59..67604.59 rows=1540800 width=4) (actual time=1956.713..1956.713 rows=1543264 loops=1)
        Buckets: 131072  Batches: 32  Memory Usage: 2728kB
        ->  Seq Scan on title t  (cost=0.00..67604.59 rows=1540800 width=4) (actual time=0.005..1212.656 rows=1543264 loops=1)
              Filter: (kind_id > 6)
              Rows Removed by Filter: 985048
Planning time: 0.728 ms
Execution time: 13013.590 ms
