Hash Join  (cost=102767.86..297210.56 rows=4303851 width=0) (actual time=5299.826..15213.682 rows=4289311 loops=1)
  Hash Cond: (mk.movie_id = t.id)
  ->  Seq Scan on movie_keyword mk  (cost=0.00..81003.12 rows=4303851 width=4) (actual time=0.021..5120.771 rows=4289311 loops=1)
        Filter: (keyword_id > 186)
        Rows Removed by Filter: 234619
  ->  Hash  (cost=61283.27..61283.27 rows=2528527 width=4) (actual time=5297.555..5297.555 rows=2528312 loops=1)
        Buckets: 131072  Batches: 64  Memory Usage: 2425kB
        ->  Seq Scan on title t  (cost=0.00..61283.27 rows=2528527 width=4) (actual time=0.015..4055.709 rows=2528312 loops=1)
Planning time: 0.797 ms
Execution time: 15758.603 ms
