Seq Scan on cast_info ci  (cost=0.00..705507.15 rows=13369741 width=0) (actual time=2455.014..12541.126 rows=13510616 loops=1)
  Filter: (person_id > 2320966)
  Rows Removed by Filter: 22733728
Planning time: 0.311 ms
Execution time: 14272.314 ms
