Hash Join  (cost=75339.30..199219.02 rows=154068 width=0) (actual time=1248.643..4750.687 rows=785071 loops=1)
  Hash Cond: (mk.movie_id = t.id)
  ->  Seq Scan on movie_keyword mk  (cost=0.00..69693.30 rows=4523930 width=4) (actual time=0.022..1627.777 rows=4523930 loops=1)
  ->  Hash  (cost=73925.90..73925.90 rows=86112 width=4) (actual time=1247.799..1247.799 rows=213544 loops=1)
        Buckets: 131072 (originally 131072)  Batches: 4 (originally 2)  Memory Usage: 3073kB
        ->  Seq Scan on title t  (cost=0.00..73925.90 rows=86112 width=4) (actual time=0.016..1167.775 rows=213544 loops=1)
              Filter: ((production_year < 1967) AND (kind_id = 1))
              Rows Removed by Filter: 2314768
Planning time: 0.744 ms
Execution time: 4846.100 ms
