Hash Join  (cost=83073.36..861398.01 rows=662 width=0) (actual time=1311.929..17820.018 rows=1675 loops=1)
  Hash Cond: (ci.movie_id = t.id)
  ->  Seq Scan on cast_info ci  (cost=0.00..705507.15 rows=19416240 width=4) (actual time=0.014..13350.708 rows=19322738 loops=1)
        Filter: (person_id < 1932604)
        Rows Removed by Filter: 16921606
  ->  Hash  (cost=83072.29..83072.29 rows=86 width=8) (actual time=1303.981..1303.981 rows=57 loops=1)
        Buckets: 1024  Batches: 1  Memory Usage: 11kB
        ->  Nested Loop  (cost=0.43..83072.29 rows=86 width=8) (actual time=14.856..1303.889 rows=57 loops=1)
              ->  Seq Scan on movie_keyword mk  (cost=0.00..81003.12 rows=246 width=4) (actual time=5.539..1294.725 rows=138 loops=1)
                    Filter: (keyword_id = 9960)
                    Rows Removed by Filter: 4523792
              ->  Index Scan using title_pkey on title t  (cost=0.43..8.40 rows=1 width=4) (actual time=0.063..0.063 rows=0 loops=138)
                    Index Cond: (id = mk.movie_id)
                    Filter: (production_year < 1997)
                    Rows Removed by Filter: 1
Planning time: 1.233 ms
Execution time: 17821.285 ms
