Hash Join  (cost=104131.46..215020.43 rows=863017 width=0) (actual time=6332.560..12196.974 rows=953158 loops=1)
  Hash Cond: (mk.movie_id = t.id)
  ->  Seq Scan on movie_keyword mk  (cost=0.00..81003.12 rows=980134 width=4) (actual time=0.017..4528.480 rows=988808 loops=1)
        Filter: (keyword_id < 928)
        Rows Removed by Filter: 3535122
  ->  Hash  (cost=67604.59..67604.59 rows=2226390 width=4) (actual time=6331.770..6331.770 rows=2224569 loops=1)
        Buckets: 131072  Batches: 32  Memory Usage: 3472kB
        ->  Seq Scan on title t  (cost=0.00..67604.59 rows=2226390 width=4) (actual time=0.016..5266.942 rows=2224569 loops=1)
              Filter: (production_year < 2012)
              Rows Removed by Filter: 303743
Planning time: 0.871 ms
Execution time: 12329.477 ms
