Seq Scan on movie_keyword mk  (cost=0.00..81003.12 rows=2824811 width=0) (actual time=0.016..4569.140 rows=2813348 loops=1)
  Filter: (keyword_id < 8392)
  Rows Removed by Filter: 1710582
Planning time: 0.263 ms
Execution time: 5090.208 ms
