Seq Scan on movie_companies mc  (cost=0.00..51404.11 rows=104 width=0) (actual time=9.048..1984.356 rows=43 loops=1)
  Filter: (company_id = 31529)
  Rows Removed by Filter: 2609086
Planning time: 0.356 ms
Execution time: 1984.448 ms
