Seq Scan on movie_keyword mk  (cost=0.00..81003.12 rows=2037016 width=0) (actual time=0.022..4622.675 rows=2042584 loops=1)
  Filter: (keyword_id > 6016)
  Rows Removed by Filter: 2481346
Planning time: 0.264 ms
Execution time: 4996.920 ms
