Hash Join  (cost=82423.69..128574.75 rows=492958 width=0) (actual time=4242.985..7040.106 rows=369173 loops=1)
  Hash Cond: (mi_idx.movie_id = t.id)
  ->  Seq Scan on movie_info_idx mi_idx  (cost=0.00..21735.35 rows=1380035 width=4) (actual time=0.015..1599.354 rows=1380035 loops=1)
  ->  Hash  (cost=67604.59..67604.59 rows=903208 width=4) (actual time=4241.835..4241.835 rows=904491 loops=1)
        Buckets: 131072  Batches: 16  Memory Usage: 3010kB
        ->  Seq Scan on title t  (cost=0.00..67604.59 rows=903208 width=4) (actual time=0.024..3854.753 rows=904491 loops=1)
              Filter: (production_year > 2006)
              Rows Removed by Filter: 1623821
Planning time: 0.784 ms
Execution time: 7094.466 ms
