Seq Scan on cast_info ci  (cost=0.00..796071.18 rows=11269523 width=0) (actual time=0.022..47108.415 rows=9295251 loops=1)
  Filter: ((person_id < 3528511) AND (role_id > 3))
  Rows Removed by Filter: 26949093
Planning time: 0.284 ms
Execution time: 48720.432 ms
