Hash Join  (cost=130108.59..217114.75 rows=34813 width=0) (actual time=7063.692..12270.615 rows=579100 loops=1)
  Hash Cond: (mk.movie_id = t.id)
  ->  Seq Scan on movie_keyword mk  (cost=0.00..69693.30 rows=4523930 width=4) (actual time=0.025..3772.659 rows=4523930 loops=1)
  ->  Hash  (cost=129865.36..129865.36 rows=19458 width=8) (actual time=7063.063..7063.063 rows=20867 loops=1)
        Buckets: 32768  Batches: 1  Memory Usage: 1072kB
        ->  Hash Join  (cost=74545.71..129865.36 rows=19458 width=8) (actual time=3954.190..7054.064 rows=20867 loops=1)
              Hash Cond: (mc.movie_id = t.id)
              ->  Seq Scan on movie_companies mc  (cost=0.00..51404.11 rows=992257 width=4) (actual time=0.021..2724.869 rows=994842 loops=1)
                    Filter: (company_id < 4625)
                    Rows Removed by Filter: 1614287
              ->  Hash  (cost=73925.90..73925.90 rows=49584 width=4) (actual time=3953.748..3953.748 rows=38752 loops=1)
                    Buckets: 65536  Batches: 1  Memory Usage: 1875kB
                    ->  Seq Scan on title t  (cost=0.00..73925.90 rows=49584 width=4) (actual time=0.058..3930.243 rows=38752 loops=1)
                          Filter: ((kind_id < 7) AND (production_year = 2008))
                          Rows Removed by Filter: 2489560
Planning time: 1.088 ms
Execution time: 12378.623 ms
