Hash Join  (cost=260041.68..1580573.03 rows=23503717 width=0) (actual time=13593.570..111679.867 rows=79197409 loops=1)
  Hash Cond: (ci.movie_id = t.id)
  ->  Seq Scan on cast_info ci  (cost=0.00..614943.12 rows=36225612 width=4) (actual time=0.025..46792.095 rows=36244344 loops=1)
  ->  Hash  (cost=233125.86..233125.86 rows=1640546 width=8) (actual time=13592.593..13592.593 rows=1648544 loops=1)
        Buckets: 131072  Batches: 32  Memory Usage: 3027kB
        ->  Hash Join  (cost=102767.86..233125.86 rows=1640546 width=8) (actual time=5508.548..12646.887 rows=1648544 loops=1)
              Hash Cond: (mk.movie_id = t.id)
              ->  Seq Scan on movie_keyword mk  (cost=0.00..81003.12 rows=1640546 width=4) (actual time=0.016..4950.584 rows=1648544 loops=1)
                    Filter: (keyword_id > 8908)
                    Rows Removed by Filter: 2875386
              ->  Hash  (cost=61283.27..61283.27 rows=2528527 width=4) (actual time=5506.836..5506.836 rows=2528312 loops=1)
                    Buckets: 131072  Batches: 64  Memory Usage: 2425kB
                    ->  Seq Scan on title t  (cost=0.00..61283.27 rows=2528527 width=4) (actual time=0.018..4207.277 rows=2528312 loops=1)
Planning time: 10.376 ms
Execution time: 123143.767 ms
