Hash Join  (cost=102767.86..181087.82 rows=436986 width=0) (actual time=5396.515..9949.019 rows=762597 loops=1)
  Hash Cond: (mc.movie_id = t.id)
  ->  Seq Scan on movie_companies mc  (cost=0.00..57926.93 rows=436986 width=4) (actual time=0.017..3060.824 rows=762597 loops=1)
        Filter: ((company_id > 23996) AND (company_type_id > 1))
        Rows Removed by Filter: 1846532
  ->  Hash  (cost=61283.27..61283.27 rows=2528527 width=4) (actual time=5394.516..5394.516 rows=2528312 loops=1)
        Buckets: 131072  Batches: 64  Memory Usage: 2415kB
        ->  Seq Scan on title t  (cost=0.00..61283.27 rows=2528527 width=4) (actual time=0.015..4243.400 rows=2528312 loops=1)
Planning time: 18.200 ms
Execution time: 10060.102 ms
