Hash Join  (cost=190230.21..275446.75 rows=911362 width=0) (actual time=9257.148..13977.373 rows=2732986 loops=1)
  Hash Cond: (mc.movie_id = t.id)
  ->  Seq Scan on movie_companies mc  (cost=0.00..51404.11 rows=1669815 width=4) (actual time=0.012..2926.484 rows=1661079 loops=1)
        Filter: (company_id < 18682)
        Rows Removed by Filter: 948050
  ->  Hash  (cost=167588.78..167588.78 rows=1380035 width=8) (actual time=9255.797..9255.797 rows=1380035 loops=1)
        Buckets: 131072  Batches: 32  Memory Usage: 2708kB
        ->  Hash Join  (cost=102767.86..167588.78 rows=1380035 width=8) (actual time=5646.706..8859.961 rows=1380035 loops=1)
              Hash Cond: (mi_idx.movie_id = t.id)
              ->  Seq Scan on movie_info_idx mi_idx  (cost=0.00..21735.35 rows=1380035 width=4) (actual time=0.014..1316.670 rows=1380035 loops=1)
              ->  Hash  (cost=61283.27..61283.27 rows=2528527 width=4) (actual time=5645.247..5645.247 rows=2528312 loops=1)
                    Buckets: 131072  Batches: 64  Memory Usage: 2415kB
                    ->  Seq Scan on title t  (cost=0.00..61283.27 rows=2528527 width=4) (actual time=0.014..4173.332 rows=2528312 loops=1)
Planning time: 1.111 ms
Execution time: 14289.803 ms
