Hash Join  (cost=216612.52..264958.19 rows=620919 width=0) (actual time=11516.621..14180.882 rows=2319675 loops=1)
  Hash Cond: (mi_idx.movie_id = t.id)
  ->  Seq Scan on movie_info_idx mi_idx  (cost=0.00..21735.35 rows=1380035 width=4) (actual time=0.026..1204.464 rows=1380035 loops=1)
  ->  Hash  (cost=197947.77..197947.77 rows=1137660 width=8) (actual time=11511.642..11511.642 rows=1274246 loops=1)
        Buckets: 131072 (originally 131072)  Batches: 32 (originally 16)  Memory Usage: 3073kB
        ->  Hash Join  (cost=102767.86..197947.77 rows=1137660 width=8) (actual time=5501.040..11144.598 rows=1274246 loops=1)
              Hash Cond: (mc.movie_id = t.id)
              ->  Seq Scan on movie_companies mc  (cost=0.00..57926.93 rows=1137660 width=4) (actual time=0.033..3292.000 rows=1274246 loops=1)
                    Filter: ((company_id < 94777) AND (company_type_id = 1))
                    Rows Removed by Filter: 1334883
              ->  Hash  (cost=61283.27..61283.27 rows=2528527 width=4) (actual time=5488.435..5488.435 rows=2528312 loops=1)
                    Buckets: 131072  Batches: 64  Memory Usage: 2415kB
                    ->  Seq Scan on title t  (cost=0.00..61283.27 rows=2528527 width=4) (actual time=0.027..3696.596 rows=2528312 loops=1)
Planning time: 18.428 ms
Execution time: 14435.385 ms
