Hash Join  (cost=67697.55..414136.72 rows=161 width=0) (actual time=15354.595..19288.780 rows=141 loops=1)
  Hash Cond: (mi.movie_id = t.id)
  ->  Seq Scan on movie_info mi  (cost=0.00..346232.03 rows=54808 width=4) (actual time=12011.587..16179.636 rows=50267 loops=1)
        Filter: (info_type_id > 107)
        Rows Removed by Filter: 14785453
  ->  Hash  (cost=67604.59..67604.59 rows=7437 width=4) (actual time=3097.889..3097.889 rows=11121 loops=1)
        Buckets: 16384 (originally 8192)  Batches: 1 (originally 1)  Memory Usage: 519kB
        ->  Seq Scan on title t  (cost=0.00..67604.59 rows=7437 width=4) (actual time=0.029..3092.018 rows=11121 loops=1)
              Filter: (production_year = 1960)
              Rows Removed by Filter: 2517191
Planning time: 0.835 ms
Execution time: 19288.992 ms
