Hash Join  (cost=789406.19..816497.56 rows=18089 width=0) (actual time=33778.329..35186.277 rows=28167 loops=1)
  Hash Cond: (mi_idx.movie_id = t.id)
  ->  Seq Scan on movie_info_idx mi_idx  (cost=0.00..21735.35 rows=1380035 width=4) (actual time=0.025..998.398 rows=1380035 loops=1)
  ->  Hash  (cost=788991.90..788991.90 rows=33143 width=8) (actual time=33777.815..33777.815 rows=26634 loops=1)
        Buckets: 65536  Batches: 1  Memory Usage: 1553kB
        ->  Hash Join  (cost=78670.55..788991.90 rows=33143 width=8) (actual time=18685.444..33766.926 rows=26634 loops=1)
              Hash Cond: (ci.movie_id = t.id)
              ->  Seq Scan on cast_info ci  (cost=0.00..705507.15 rows=289805 width=4) (actual time=15046.737..29648.668 rows=276403 loops=1)
                    Filter: (role_id = 7)
                    Rows Removed by Filter: 35967941
              ->  Hash  (cost=73925.90..73925.90 rows=289172 width=4) (actual time=3637.555..3637.555 rows=292674 loops=1)
                    Buckets: 131072  Batches: 4  Memory Usage: 3617kB
                    ->  Seq Scan on title t  (cost=0.00..73925.90 rows=289172 width=4) (actual time=0.030..3502.162 rows=292674 loops=1)
                          Filter: ((kind_id > 1) AND (production_year > 2010))
                          Rows Removed by Filter: 2235638
Planning time: 1.237 ms
Execution time: 35190.793 ms
