Nested Loop  (cost=0.43..75134.00 rows=2175 width=0) (actual time=145.929..2843.619 rows=2629 loops=1)
  ->  Seq Scan on movie_companies mc  (cost=0.00..57926.93 rows=2175 width=4) (actual time=145.832..2528.658 rows=2629 loops=1)
        Filter: ((company_type_id < 2) AND (company_id = 11146))
        Rows Removed by Filter: 2606500
  ->  Index Only Scan using title_pkey on title t  (cost=0.43..7.90 rows=1 width=4) (actual time=0.119..0.119 rows=1 loops=2629)
        Index Cond: (id = mc.movie_id)
        Heap Fetches: 2629
Planning time: 1.648 ms
Execution time: 2844.444 ms
