Seq Scan on movie_companies mc  (cost=0.00..57926.93 rows=973949 width=0) (actual time=774.170..3169.666 rows=1262306 loops=1)
  Filter: ((company_id < 60483) AND (company_type_id < 2))
  Rows Removed by Filter: 1346823
Planning time: 0.333 ms
Execution time: 3377.259 ms
