Hash Join  (cost=125979.51..989336.02 rows=993164 width=0) (actual time=20510.875..54565.219 rows=4557608 loops=1)
  Hash Cond: (ci.movie_id = t.id)
  ->  Seq Scan on cast_info ci  (cost=0.00..705507.15 rows=12726058 width=4) (actual time=14223.934..39870.663 rows=12670688 loops=1)
        Filter: (role_id = 1)
        Rows Removed by Filter: 23573656
  ->  Hash  (cost=122741.87..122741.87 rows=197331 width=8) (actual time=6285.940..6285.940 rows=384706 loops=1)
        Buckets: 131072 (originally 131072)  Batches: 8 (originally 4)  Memory Usage: 3073kB
        ->  Hash Join  (cost=82871.49..122741.87 rows=197331 width=8) (actual time=3734.935..6127.858 rows=384706 loops=1)
              Hash Cond: (mi_idx.movie_id = t.id)
              ->  Seq Scan on movie_info_idx mi_idx  (cost=0.00..25185.44 rows=915101 width=4) (actual time=0.033..1641.644 rows=919850 loops=1)
                    Filter: (info_type_id < 101)
                    Rows Removed by Filter: 460185
              ->  Hash  (cost=73925.90..73925.90 rows=545247 width=4) (actual time=3734.076..3734.076 rows=557319 loops=1)
                    Buckets: 131072  Batches: 8  Memory Usage: 3485kB
                    ->  Seq Scan on title t  (cost=0.00..73925.90 rows=545247 width=4) (actual time=1009.108..3500.097 rows=557319 loops=1)
                          Filter: ((kind_id < 2) AND (production_year < 2011))
                          Rows Removed by Filter: 1970993
Planning time: 1.141 ms
Execution time: 55189.950 ms
