Seq Scan on cast_info ci  (cost=0.00..796071.18 rows=4950392 width=0) (actual time=1034.966..38692.252 rows=2098029 loops=1)
  Filter: ((person_id < 2320861) AND (role_id > 6))
  Rows Removed by Filter: 34146315
Planning time: 0.326 ms
Execution time: 39062.793 ms
