Hash Join  (cost=78556.72..199390.83 rows=691894 width=0) (actual time=3889.191..11097.416 rows=1663631 loops=1)
  Hash Cond: (mk.movie_id = t.id)
  ->  Seq Scan on movie_keyword mk  (cost=0.00..81003.12 rows=2620810 width=4) (actual time=0.059..4960.371 rows=2610962 loops=1)
        Filter: (keyword_id > 3289)
        Rows Removed by Filter: 1912968
  ->  Hash  (cost=67604.59..67604.59 rows=667531 width=4) (actual time=3723.241..3723.241 rows=662825 loops=1)
        Buckets: 131072  Batches: 16  Memory Usage: 2486kB
        ->  Seq Scan on title t  (cost=0.00..67604.59 rows=667531 width=4) (actual time=955.387..3460.788 rows=662825 loops=1)
              Filter: (kind_id = 1)
              Rows Removed by Filter: 1865487
Planning time: 0.695 ms
Execution time: 11313.736 ms
