Seq Scan on movie_keyword mk  (cost=0.00..81003.12 rows=3686008 width=0) (actual time=0.026..1566.173 rows=3684653 loops=1)
  Filter: (keyword_id > 800)
  Rows Removed by Filter: 839277
Planning time: 0.341 ms
Execution time: 2037.303 ms
