Seq Scan on cast_info ci  (cost=0.00..796071.18 rows=3273949 width=0) (actual time=10645.120..15474.127 rows=3556553 loops=1)
  Filter: ((person_id < 2994593) AND (role_id = 3))
  Rows Removed by Filter: 32687791
Planning time: 7.119 ms
Execution time: 15905.363 ms
