Hash Join  (cost=67936.46..122875.95 rows=27396 width=0) (actual time=1074.885..2430.735 rows=47411 loops=1)
  Hash Cond: (mc.movie_id = t.id)
  ->  Seq Scan on movie_companies mc  (cost=0.00..44881.29 rows=2609129 width=4) (actual time=0.019..664.458 rows=2609129 loops=1)
  ->  Hash  (cost=67604.59..67604.59 rows=26550 width=4) (actual time=1074.604..1074.604 rows=24508 loops=1)
        Buckets: 32768  Batches: 1  Memory Usage: 1118kB
        ->  Seq Scan on title t  (cost=0.00..67604.59 rows=26550 width=4) (actual time=20.488..1064.478 rows=24508 loops=1)
              Filter: (production_year < 1910)
              Rows Removed by Filter: 2503804
Planning time: 0.794 ms
Execution time: 2437.958 ms
