Hash Join  (cost=491650.71..1644631.44 rows=11601356 width=0) (actual time=22233.640..96401.826 rows=16316911 loops=1)
  Hash Cond: (ci.movie_id = t.id)
  ->  Seq Scan on cast_info ci  (cost=0.00..614943.12 rows=36225612 width=4) (actual time=0.022..43293.745 rows=36244344 loops=1)
  ->  Hash  (cost=478364.61..478364.61 rows=809768 width=8) (actual time=22232.746..22232.746 rows=802140 loops=1)
        Buckets: 131072  Batches: 16  Memory Usage: 2973kB
        ->  Hash Join  (cost=102767.86..478364.61 rows=809768 width=8) (actual time=9675.975..21965.751 rows=802140 loops=1)
              Hash Cond: (mi.movie_id = t.id)
              ->  Seq Scan on movie_info mi  (cost=0.00..346232.03 rows=809768 width=4) (actual time=4737.704..15693.010 rows=802140 loops=1)
                    Filter: (info_type_id < 2)
                    Rows Removed by Filter: 14033580
              ->  Hash  (cost=61283.27..61283.27 rows=2528527 width=4) (actual time=4937.242..4937.242 rows=2528312 loops=1)
                    Buckets: 131072  Batches: 64  Memory Usage: 2425kB
                    ->  Seq Scan on title t  (cost=0.00..61283.27 rows=2528527 width=4) (actual time=7.276..3811.459 rows=2528312 loops=1)
Planning time: 1.124 ms
Execution time: 98668.422 ms
