Hash Join  (cost=139929.25..271631.11 rows=796082 width=0) (actual time=2927.228..6397.504 rows=1053396 loops=1)
  Hash Cond: (mk.movie_id = t.id)
  ->  Seq Scan on movie_keyword mk  (cost=0.00..69693.30 rows=4523930 width=4) (actual time=0.015..1359.827 rows=4523930 loops=1)
  ->  Hash  (cost=132628.40..132628.40 rows=444948 width=8) (actual time=2925.130..2925.130 rows=292989 loops=1)
        Buckets: 131072  Batches: 8  Memory Usage: 2456kB
        ->  Hash Join  (cost=87301.44..132628.40 rows=444948 width=8) (actual time=1609.417..2826.991 rows=292989 loops=1)
              Hash Cond: (mi_idx.movie_id = t.id)
              ->  Seq Scan on movie_info_idx mi_idx  (cost=0.00..21735.35 rows=1380035 width=4) (actual time=0.016..324.379 rows=1380035 loops=1)
              ->  Hash  (cost=73925.90..73925.90 rows=815243 width=4) (actual time=1608.515..1608.515 rows=876186 loops=1)
                    Buckets: 131072  Batches: 16  Memory Usage: 2955kB
                    ->  Seq Scan on title t  (cost=0.00..73925.90 rows=815243 width=4) (actual time=0.020..1328.646 rows=876186 loops=1)
                          Filter: ((kind_id > 1) AND (production_year > 2004))
                          Rows Removed by Filter: 1652126
Planning time: 6.512 ms
Execution time: 6531.630 ms
