Hash Join  (cost=829883.90..1327715.95 rows=1689312 width=0) (actual time=15111.296..28201.458 rows=4140260 loops=1)
  Hash Cond: (mi.movie_id = t.id)
  ->  Seq Scan on movie_info mi  (cost=0.00..309384.22 rows=14739122 width=4) (actual time=0.017..5772.630 rows=14835720 loops=1)
  ->  Hash  (cost=825128.34..825128.34 rows=289805 width=8) (actual time=15110.508..15110.508 rows=276403 loops=1)
        Buckets: 131072  Batches: 4  Memory Usage: 3732kB
        ->  Hash Join  (cost=102767.86..825128.34 rows=289805 width=8) (actual time=4471.203..15020.596 rows=276403 loops=1)
              Hash Cond: (ci.movie_id = t.id)
              ->  Seq Scan on cast_info ci  (cost=0.00..705507.15 rows=289805 width=4) (actual time=2678.693..12613.277 rows=276403 loops=1)
                    Filter: (role_id = 7)
                    Rows Removed by Filter: 35967941
              ->  Hash  (cost=61283.27..61283.27 rows=2528527 width=4) (actual time=1791.421..1791.421 rows=2528312 loops=1)
                    Buckets: 131072  Batches: 64  Memory Usage: 2415kB
                    ->  Seq Scan on title t  (cost=0.00..61283.27 rows=2528527 width=4) (actual time=0.033..953.857 rows=2528312 loops=1)
Planning time: 1.133 ms
Execution time: 28671.622 ms
