Seq Scan on cast_info ci  (cost=0.00..796071.18 rows=472371 width=0) (actual time=11169.455..12576.346 rows=853247 loops=1)
  Filter: ((person_id > 2141677) AND (role_id = 9))
  Rows Removed by Filter: 35391097
Planning time: 2.977 ms
Execution time: 12642.216 ms
