Seq Scan on movie_companies mc  (cost=0.00..57926.93 rows=16998 width=0) (actual time=369.130..794.209 rows=32157 loops=1)
  Filter: ((company_id > 205901) AND (company_type_id > 1))
  Rows Removed by Filter: 2576972
Planning time: 2.124 ms
Execution time: 797.986 ms
