Seq Scan on movie_keyword mk  (cost=0.00..81003.12 rows=3216442 width=0) (actual time=0.024..1539.827 rows=3204265 loops=1)
  Filter: (keyword_id < 13169)
  Rows Removed by Filter: 1319665
Planning time: 0.326 ms
Execution time: 1921.040 ms
