Hash Join  (cost=78556.72..216028.39 rows=1001156 width=0) (actual time=1335.566..5317.775 rows=2393246 loops=1)
  Hash Cond: (mk.movie_id = t.id)
  ->  Seq Scan on movie_keyword mk  (cost=0.00..81003.12 rows=3792260 width=4) (actual time=0.015..1621.427 rows=3784418 loops=1)
        Filter: (keyword_id < 25413)
        Rows Removed by Filter: 739512
  ->  Hash  (cost=67604.59..67604.59 rows=667531 width=4) (actual time=1334.501..1334.501 rows=662825 loops=1)
        Buckets: 131072  Batches: 16  Memory Usage: 2486kB
        ->  Seq Scan on title t  (cost=0.00..67604.59 rows=667531 width=4) (actual time=0.020..1128.487 rows=662825 loops=1)
              Filter: (kind_id = 1)
              Rows Removed by Filter: 1865487
Planning time: 0.758 ms
Execution time: 5618.397 ms
