Seq Scan on movie_companies mc  (cost=0.00..51404.11 rows=79751 width=0) (actual time=0.462..1836.828 rows=82567 loops=1)
  Filter: (company_id < 16)
  Rows Removed by Filter: 2526562
Planning time: 0.327 ms
Execution time: 1860.809 ms
