Hash Join  (cost=100924.51..195243.20 rows=2720 width=0) (actual time=1818.667..3801.385 rows=3804 loops=1)
  Hash Cond: (mk.movie_id = t.id)
  ->  Seq Scan on movie_keyword mk  (cost=0.00..81003.12 rows=3543563 width=4) (actual time=0.020..1495.570 rows=3539452 loops=1)
        Filter: (keyword_id < 18784)
        Rows Removed by Filter: 984478
  ->  Hash  (cost=100900.25..100900.25 rows=1941 width=8) (actual time=1808.401..1808.401 rows=4101 loops=1)
        Buckets: 8192 (originally 2048)  Batches: 1 (originally 1)  Memory Usage: 225kB
        ->  Hash Join  (cost=73970.35..100900.25 rows=1941 width=8) (actual time=1237.976..1806.746 rows=4101 loops=1)
              Hash Cond: (mi_idx.movie_id = t.id)
              ->  Seq Scan on movie_info_idx mi_idx  (cost=0.00..21735.35 rows=1380035 width=4) (actual time=0.009..311.963 rows=1380035 loops=1)
              ->  Hash  (cost=73925.90..73925.90 rows=3556 width=4) (actual time=1209.967..1209.967 rows=7687 loops=1)
                    Buckets: 8192 (originally 4096)  Batches: 1 (originally 1)  Memory Usage: 335kB
                    ->  Seq Scan on title t  (cost=0.00..73925.90 rows=3556 width=4) (actual time=0.055..1206.506 rows=7687 loops=1)
                          Filter: ((kind_id < 7) AND (production_year < 1901))
                          Rows Removed by Filter: 2520625
Planning time: 1.241 ms
Execution time: 3802.221 ms
