Seq Scan on cast_info ci  (cost=0.00..796071.18 rows=20634329 width=0) (actual time=0.027..16819.030 rows=22379983 loops=1)
  Filter: ((person_id > 413286) AND (role_id > 1))
  Rows Removed by Filter: 13864361
Planning time: 0.373 ms
Execution time: 19559.210 ms
