Hash Join  (cost=82257.13..174240.79 rows=133103 width=0) (actual time=1321.373..3222.883 rows=397763 loops=1)
  Hash Cond: (mk.movie_id = t.id)
  ->  Seq Scan on movie_keyword mk  (cost=0.00..81003.12 rows=662801 width=4) (actual time=0.019..1389.335 rows=668938 loops=1)
        Filter: (keyword_id > 28003)
        Rows Removed by Filter: 3854992
  ->  Hash  (cost=73925.90..73925.90 rows=507778 width=4) (actual time=1320.653..1320.653 rows=524129 loops=1)
        Buckets: 131072  Batches: 8  Memory Usage: 3348kB
        ->  Seq Scan on title t  (cost=0.00..73925.90 rows=507778 width=4) (actual time=0.013..1156.126 rows=524129 loops=1)
              Filter: ((kind_id < 2) AND (production_year < 2010))
              Rows Removed by Filter: 2004183
Planning time: 0.751 ms
Execution time: 3272.738 ms
