Seq Scan on movie_companies mc  (cost=0.00..57926.93 rows=797356 width=0) (actual time=0.020..1015.744 rows=1015658 loops=1)
  Filter: ((company_id > 6008) AND (company_type_id = 2))
  Rows Removed by Filter: 1593471
Planning time: 0.363 ms
Execution time: 1141.767 ms
