Hash Join  (cost=83915.32..439144.81 rows=114040 width=0) (actual time=2970.603..7415.038 rows=313128 loops=1)
  Hash Cond: (mi.movie_id = t.id)
  ->  Seq Scan on movie_info mi  (cost=0.00..346232.03 rows=473617 width=4) (actual time=1410.980..5561.772 rows=486554 loops=1)
        Filter: (info_type_id = 5)
        Rows Removed by Filter: 14349166
  ->  Hash  (cost=73925.90..73925.90 rows=608833 width=4) (actual time=1465.578..1465.578 rows=499571 loops=1)
        Buckets: 131072  Batches: 8  Memory Usage: 3242kB
        ->  Seq Scan on title t  (cost=0.00..73925.90 rows=608833 width=4) (actual time=110.648..1310.718 rows=499571 loops=1)
              Filter: ((production_year > 1947) AND (kind_id = 1))
              Rows Removed by Filter: 2028741
Planning time: 0.788 ms
Execution time: 7455.014 ms
