Hash Join  (cost=85777.42..166220.47 rows=499728 width=0) (actual time=1609.752..3303.964 rows=344752 loops=1)
  Hash Cond: (mc.movie_id = t.id)
  ->  Seq Scan on movie_companies mc  (cost=0.00..57926.93 rows=1140754 width=4) (actual time=0.014..1005.075 rows=960566 loops=1)
        Filter: ((company_id < 85071) AND (company_type_id = 2))
        Rows Removed by Filter: 1648563
  ->  Hash  (cost=67604.59..67604.59 rows=1107667 width=4) (actual time=1608.561..1608.561 rows=1107925 loops=1)
        Buckets: 131072  Batches: 16  Memory Usage: 3460kB
        ->  Seq Scan on title t  (cost=0.00..67604.59 rows=1107667 width=4) (actual time=0.024..1253.703 rows=1107925 loops=1)
              Filter: (production_year > 2004)
              Rows Removed by Filter: 1420387
Planning time: 0.791 ms
Execution time: 3343.292 ms
