Hash Join  (cost=79971.87..112652.35 rows=67754 width=0) (actual time=1499.750..2246.355 rows=32724 loops=1)
  Hash Cond: (mi_idx.movie_id = t.id)
  ->  Seq Scan on movie_info_idx mi_idx  (cost=0.00..25185.44 rows=464934 width=4) (actual time=0.015..503.410 rows=460185 loops=1)
        Filter: (info_type_id > 100)
        Rows Removed by Filter: 919850
  ->  Hash  (cost=73925.90..73925.90 rows=368477 width=4) (actual time=1497.370..1497.370 rows=228675 loops=1)
        Buckets: 131072  Batches: 8  Memory Usage: 2021kB
        ->  Seq Scan on title t  (cost=0.00..73925.90 rows=368477 width=4) (actual time=0.026..1420.817 rows=228675 loops=1)
              Filter: ((kind_id > 1) AND (production_year < 1979))
              Rows Removed by Filter: 2299637
Planning time: 0.756 ms
Execution time: 2250.924 ms
