Seq Scan on cast_info ci  (cost=0.00..705507.15 rows=22943232 width=0) (actual time=1173.936..12779.303 rows=22993192 loops=1)
  Filter: (person_id > 1306507)
  Rows Removed by Filter: 13251152
Planning time: 0.310 ms
Execution time: 15624.049 ms
