Hash Join  (cost=81097.38..1036632.97 rows=2051694 width=0) (actual time=1719.450..20911.547 rows=1275307 loops=1)
  Hash Cond: (ci.movie_id = t.id)
  ->  Seq Scan on cast_info ci  (cost=0.00..796071.18 rows=11869193 width=4) (actual time=0.026..15698.991 rows=6465318 loops=1)
        Filter: ((person_id < 2742753) AND (role_id > 2))
        Rows Removed by Filter: 29779026
  ->  Hash  (cost=73925.90..73925.90 rows=437078 width=4) (actual time=1718.477..1718.477 rows=464859 loops=1)
        Buckets: 131072  Batches: 8  Memory Usage: 3070kB
        ->  Seq Scan on title t  (cost=0.00..73925.90 rows=437078 width=4) (actual time=0.005..1358.138 rows=464859 loops=1)
              Filter: ((kind_id > 3) AND (production_year > 2008))
              Rows Removed by Filter: 2063453
Planning time: 0.857 ms
Execution time: 21073.689 ms
