Hash Join  (cost=168218.52..1276753.56 rows=7274787 width=0) (actual time=3974.491..47745.676 rows=37357377 loops=1)
  Hash Cond: (ci.movie_id = t.id)
  ->  Seq Scan on cast_info ci  (cost=0.00..614943.12 rows=36225612 width=4) (actual time=0.018..13299.055 rows=36244344 loops=1)
  ->  Hash  (cost=159887.32..159887.32 rows=507776 width=8) (actual time=3973.464..3973.464 rows=923610 loops=1)
        Buckets: 131072 (originally 131072)  Batches: 16 (originally 8)  Memory Usage: 3268kB
        ->  Hash Join  (cost=78556.72..159887.32 rows=507776 width=8) (actual time=1368.105..3689.127 rows=923610 loops=1)
              Hash Cond: (mc.movie_id = t.id)
              ->  Seq Scan on movie_companies mc  (cost=0.00..51404.11 rows=1923393 width=4) (actual time=0.018..1042.305 rows=1916540 loops=1)
                    Filter: (company_id < 46856)
                    Rows Removed by Filter: 692589
              ->  Hash  (cost=67604.59..67604.59 rows=667531 width=4) (actual time=1367.076..1367.076 rows=662825 loops=1)
                    Buckets: 131072  Batches: 16  Memory Usage: 2476kB
                    ->  Seq Scan on title t  (cost=0.00..67604.59 rows=667531 width=4) (actual time=177.589..1162.670 rows=662825 loops=1)
                          Filter: (kind_id = 1)
                          Rows Removed by Filter: 1865487
Planning time: 1.121 ms
Execution time: 52233.079 ms
