Hash Join  (cost=751691.49..3122068.69 rows=103661795 width=0) (actual time=34434.383..166453.607 rows=159957487 loops=1)
  Hash Cond: (ci.movie_id = t.id)
  ->  Seq Scan on cast_info ci  (cost=0.00..614943.12 rows=36225612 width=4) (actual time=0.016..47572.037 rows=36244344 loops=1)
  ->  Hash  (cost=632983.31..632983.31 rows=7235534 width=8) (actual time=34432.942..34432.942 rows=7286865 loops=1)
        Buckets: 131072  Batches: 128  Memory Usage: 3236kB
        ->  Hash Join  (cost=102767.86..632983.31 rows=7235534 width=8) (actual time=4647.811..32095.287 rows=7286865 loops=1)
              Hash Cond: (mi.movie_id = t.id)
              ->  Seq Scan on movie_info mi  (cost=0.00..346232.03 rows=7235534 width=4) (actual time=0.015..19204.072 rows=7286865 loops=1)
                    Filter: (info_type_id < 8)
                    Rows Removed by Filter: 7548855
              ->  Hash  (cost=61283.27..61283.27 rows=2528527 width=4) (actual time=4646.498..4646.498 rows=2528312 loops=1)
                    Buckets: 131072  Batches: 64  Memory Usage: 2425kB
                    ->  Seq Scan on title t  (cost=0.00..61283.27 rows=2528527 width=4) (actual time=0.021..3501.448 rows=2528312 loops=1)
Planning time: 1.218 ms
Execution time: 189133.068 ms
