Hash Join  (cost=217947.33..714121.82 rows=2252333 width=0) (actual time=5136.018..15387.451 rows=1022020 loops=1)
  Hash Cond: (mi.movie_id = t.id)
  ->  Seq Scan on movie_info mi  (cost=0.00..346232.03 rows=9767026 width=4) (actual time=0.033..6714.364 rows=9911754 loops=1)
        Filter: (info_type_id > 4)
        Rows Removed by Filter: 4923966
  ->  Hash  (cost=208380.67..208380.67 rows=583093 width=8) (actual time=4547.832..4547.832 rows=133181 loops=1)
        Buckets: 131072  Batches: 8  Memory Usage: 1709kB
        ->  Hash Join  (cost=79273.71..208380.67 rows=583093 width=8) (actual time=1392.574..4505.761 rows=133181 loops=1)
              Hash Cond: (mk.movie_id = t.id)
              ->  Seq Scan on movie_keyword mk  (cost=0.00..69693.30 rows=4523930 width=4) (actual time=0.014..1455.382 rows=4523930 loops=1)
              ->  Hash  (cost=73925.90..73925.90 rows=325904 width=4) (actual time=1214.413..1214.413 rows=349534 loops=1)
                    Buckets: 131072  Batches: 8  Memory Usage: 2572kB
                    ->  Seq Scan on title t  (cost=0.00..73925.90 rows=325904 width=4) (actual time=0.519..1094.982 rows=349534 loops=1)
                          Filter: ((production_year > 2009) AND (kind_id = 7))
                          Rows Removed by Filter: 2178778
Planning time: 1.215 ms
Execution time: 15498.771 ms
