Seq Scan on movie_keyword mk  (cost=0.00..81003.12 rows=2117127 width=0) (actual time=0.010..1453.492 rows=2114790 loops=1)
  Filter: (keyword_id > 5635)
  Rows Removed by Filter: 2409140
Planning time: 0.231 ms
Execution time: 1711.577 ms
