Hash Join  (cost=102767.86..201092.20 rows=1539337 width=0) (actual time=1945.940..4477.428 rows=1527376 loops=1)
  Hash Cond: (mc.movie_id = t.id)
  ->  Seq Scan on movie_companies mc  (cost=0.00..51404.11 rows=1539337 width=4) (actual time=0.025..1028.626 rows=1527376 loops=1)
        Filter: (company_id < 14348)
        Rows Removed by Filter: 1081753
  ->  Hash  (cost=61283.27..61283.27 rows=2528527 width=4) (actual time=1944.692..1944.692 rows=2528312 loops=1)
        Buckets: 131072  Batches: 64  Memory Usage: 2415kB
        ->  Seq Scan on title t  (cost=0.00..61283.27 rows=2528527 width=4) (actual time=4.879..1113.658 rows=2528312 loops=1)
Planning time: 0.734 ms
Execution time: 4640.232 ms
