Hash Join  (cost=96190.11..158260.75 rows=15519 width=0) (actual time=1689.116..3089.006 rows=51402 loops=1)
  Hash Cond: (mc.movie_id = t.id)
  ->  Seq Scan on movie_companies mc  (cost=0.00..57926.93 rows=1063604 width=4) (actual time=0.027..1120.278 rows=1194522 loops=1)
        Filter: ((company_id > 480) AND (company_type_id = 2))
        Rows Removed by Filter: 1414607
  ->  Hash  (cost=95728.95..95728.95 rows=36893 width=8) (actual time=1688.608..1688.608 rows=45309 loops=1)
        Buckets: 65536  Batches: 1  Memory Usage: 2282kB
        ->  Hash Join  (cost=68449.54..95728.95 rows=36893 width=8) (actual time=1041.544..1673.472 rows=45309 loops=1)
              Hash Cond: (mi_idx.movie_id = t.id)
              ->  Seq Scan on movie_info_idx mi_idx  (cost=0.00..21735.35 rows=1380035 width=4) (actual time=0.019..294.144 rows=1380035 loops=1)
              ->  Hash  (cost=67604.59..67604.59 rows=67596 width=4) (actual time=1040.860..1040.860 rows=67777 loops=1)
                    Buckets: 131072  Batches: 1  Memory Usage: 3407kB
                    ->  Seq Scan on title t  (cost=0.00..67604.59 rows=67596 width=4) (actual time=0.017..1012.717 rows=67777 loops=1)
                          Filter: (production_year = 2003)
                          Rows Removed by Filter: 2460535
Planning time: 1.218 ms
Execution time: 3095.752 ms
