Hash Join  (cost=129928.86..664105.18 rows=3623957 width=169) (actual time=3161.013..14995.253 rows=3624977 loops=1)
  Hash Cond: (mi.movie_id = t.id)
  ->  Seq Scan on movie_info mi  (cost=0.00..346232.03 rows=3623957 width=75) (actual time=264.793..7167.513 rows=3624977 loops=1)
        Filter: (info_type_id < 4)
        Rows Removed by Filter: 11210743
  ->  Hash  (cost=61283.27..61283.27 rows=2528527 width=94) (actual time=2895.182..2895.182 rows=2528312 loops=1)
        Buckets: 32768  Batches: 128  Memory Usage: 2470kB
        ->  Seq Scan on title t  (cost=0.00..61283.27 rows=2528527 width=94) (actual time=0.029..1570.832 rows=2528312 loops=1)
Planning time: 1.017 ms
Execution time: 15193.535 ms
