Hash Join  (cost=100908.38..488892.00 rows=6970 width=0) (actual time=1795.668..9747.974 rows=47689 loops=1)
  Hash Cond: (mi.movie_id = t.id)
  ->  Seq Scan on movie_info mi  (cost=0.00..346232.03 rows=11115165 width=4) (actual time=0.013..6332.473 rows=11210743 loops=1)
        Filter: (info_type_id > 3)
        Rows Removed by Filter: 3624977
  ->  Hash  (cost=100888.56..100888.56 rows=1586 width=8) (actual time=1794.783..1794.783 rows=2495 loops=1)
        Buckets: 4096 (originally 2048)  Batches: 1 (originally 1)  Memory Usage: 130kB
        ->  Hash Join  (cost=73962.22..100888.56 rows=1586 width=8) (actual time=1250.802..1793.761 rows=2495 loops=1)
              Hash Cond: (mi_idx.movie_id = t.id)
              ->  Seq Scan on movie_info_idx mi_idx  (cost=0.00..21735.35 rows=1380035 width=4) (actual time=0.020..284.845 rows=1380035 loops=1)
              ->  Hash  (cost=73925.90..73925.90 rows=2905 width=4) (actual time=1249.889..1249.889 rows=1826 loops=1)
                    Buckets: 4096  Batches: 1  Memory Usage: 97kB
                    ->  Seq Scan on title t  (cost=0.00..73925.90 rows=2905 width=4) (actual time=55.561..1248.828 rows=1826 loops=1)
                          Filter: ((kind_id < 7) AND (production_year = 1944))
                          Rows Removed by Filter: 2526486
Planning time: 1.134 ms
Execution time: 9755.020 ms
