Hash Join  (cost=160998.92..997695.72 rows=40210 width=0) (actual time=3191.719..21833.732 rows=553478 loops=1)
  Hash Cond: (ci.movie_id = t.id)
  ->  Seq Scan on cast_info ci  (cost=0.00..796071.18 rows=10726269 width=4) (actual time=0.012..14986.178 rows=16668148 loops=1)
        Filter: ((person_id > 1961155) AND (role_id > 1))
        Rows Removed by Filter: 19576196
  ->  Hash  (cost=160880.44..160880.44 rows=9479 width=8) (actual time=3191.273..3191.273 rows=34256 loops=1)
        Buckets: 65536 (originally 16384)  Batches: 1 (originally 1)  Memory Usage: 1851kB
        ->  Hash Join  (cost=67697.55..160880.44 rows=9479 width=8) (actual time=1187.136..3179.508 rows=34256 loops=1)
              Hash Cond: (mk.movie_id = t.id)
              ->  Seq Scan on movie_keyword mk  (cost=0.00..81003.12 rows=3222659 width=4) (actual time=0.009..1498.888 rows=3208011 loops=1)
                    Filter: (keyword_id < 13301)
                    Rows Removed by Filter: 1315919
              ->  Hash  (cost=67604.59..67604.59 rows=7437 width=4) (actual time=1186.614..1186.614 rows=18391 loops=1)
                    Buckets: 32768 (originally 8192)  Batches: 1 (originally 1)  Memory Usage: 903kB
                    ->  Seq Scan on title t  (cost=0.00..67604.59 rows=7437 width=4) (actual time=0.015..1177.827 rows=18391 loops=1)
                          Filter: (production_year = 1985)
                          Rows Removed by Filter: 2509921
Planning time: 0.813 ms
Execution time: 21908.448 ms
