Hash Join  (cost=83568.99..218383.10 rows=1051607 width=0) (actual time=1435.136..5529.804 rows=2791946 loops=1)
  Hash Cond: (mk.movie_id = t.id)
  ->  Seq Scan on movie_keyword mk  (cost=0.00..69693.30 rows=4523930 width=4) (actual time=0.018..1409.723 rows=4523930 loops=1)
  ->  Hash  (cost=73925.90..73925.90 rows=587767 width=4) (actual time=1434.327..1434.327 rows=594730 loops=1)
        Buckets: 131072  Batches: 8  Memory Usage: 3657kB
        ->  Seq Scan on title t  (cost=0.00..73925.90 rows=587767 width=4) (actual time=70.568..1251.947 rows=594730 loops=1)
              Filter: ((kind_id < 2) AND (production_year < 2012))
              Rows Removed by Filter: 1933582
Planning time: 0.697 ms
Execution time: 5883.035 ms
