Hash Join  (cost=86883.93..226102.05 rows=1413008 width=0) (actual time=1560.240..4947.586 rows=542645 loops=1)
  Hash Cond: (mk.movie_id = t.id)
  ->  Seq Scan on movie_keyword mk  (cost=0.00..69693.30 rows=4523930 width=4) (actual time=0.018..1387.856 rows=4523930 loops=1)
  ->  Hash  (cost=73925.90..73925.90 rows=789762 width=4) (actual time=1559.152..1559.152 rows=685785 loops=1)
        Buckets: 131072  Batches: 16  Memory Usage: 2536kB
        ->  Seq Scan on title t  (cost=0.00..73925.90 rows=789762 width=4) (actual time=0.026..1330.911 rows=685785 loops=1)
              Filter: ((kind_id > 3) AND (production_year < 2003))
              Rows Removed by Filter: 1842527
Planning time: 0.710 ms
Execution time: 5004.952 ms
