Hash Join  (cost=87146.10..617069.79 rows=4696976 width=0) (actual time=4695.586..34927.412 rows=1881673 loops=1)
  Hash Cond: (mi.movie_id = t.id)
  ->  Seq Scan on movie_info mi  (cost=0.00..309384.22 rows=14739122 width=4) (actual time=0.005..19633.765 rows=14835720 loops=1)
  ->  Hash  (cost=73925.90..73925.90 rows=805776 width=4) (actual time=4694.502..4694.502 rows=881945 loops=1)
        Buckets: 131072  Batches: 16  Memory Usage: 2976kB
        ->  Seq Scan on title t  (cost=0.00..73925.90 rows=805776 width=4) (actual time=127.854..4316.512 rows=881945 loops=1)
              Filter: ((production_year > 2001) AND (kind_id = 7))
              Rows Removed by Filter: 1646367
Planning time: 0.854 ms
Execution time: 35182.692 ms
