Seq Scan on cast_info ci  (cost=0.00..705507.15 rows=13847176 width=0) (actual time=28.680..12357.739 rows=13833860 loops=1)
  Filter: (person_id < 1362223)
  Rows Removed by Filter: 22410484
Planning time: 0.381 ms
Execution time: 14052.251 ms
