Hash Join  (cost=79111.30..899287.10 rows=1106552 width=0) (actual time=2400.294..18683.029 rows=1243119 loops=1)
  Hash Cond: (ci.movie_id = t.id)
  ->  Seq Scan on cast_info ci  (cost=0.00..705507.15 rows=8853368 width=4) (actual time=1069.292..12884.297 rows=8865573 loops=1)
        Filter: (person_id > 2806512)
        Rows Removed by Filter: 27378771
  ->  Hash  (cost=73925.90..73925.90 rows=316032 width=4) (actual time=1330.308..1330.308 rows=400740 loops=1)
        Buckets: 131072  Batches: 8  Memory Usage: 2793kB
        ->  Seq Scan on title t  (cost=0.00..73925.90 rows=316032 width=4) (actual time=483.604..1209.433 rows=400740 loops=1)
              Filter: ((production_year < 2003) AND (kind_id = 1))
              Rows Removed by Filter: 2127572
Planning time: 0.790 ms
Execution time: 18828.436 ms
