Hash Join  (cost=263115.61..440635.58 rows=3653430 width=0) (actual time=6116.723..16148.680 rows=28333327 loops=1)
  Hash Cond: (mk.movie_id = t.id)
  ->  Seq Scan on movie_keyword mk  (cost=0.00..81003.12 rows=3540567 width=4) (actual time=0.012..1779.487 rows=3529869 loops=1)
        Filter: (keyword_id > 934)
        Rows Removed by Filter: 994061
  ->  Hash  (cost=220309.49..220309.49 rows=2609129 width=8) (actual time=6115.541..6115.541 rows=2609129 loops=1)
        Buckets: 131072  Batches: 64  Memory Usage: 2691kB
        ->  Hash Join  (cost=102767.86..220309.49 rows=2609129 width=8) (actual time=1845.711..5373.894 rows=2609129 loops=1)
              Hash Cond: (mc.movie_id = t.id)
              ->  Seq Scan on movie_companies mc  (cost=0.00..44881.29 rows=2609129 width=4) (actual time=0.020..923.964 rows=2609129 loops=1)
              ->  Hash  (cost=61283.27..61283.27 rows=2528527 width=4) (actual time=1844.575..1844.575 rows=2528312 loops=1)
                    Buckets: 131072  Batches: 64  Memory Usage: 2415kB
                    ->  Seq Scan on title t  (cost=0.00..61283.27 rows=2528527 width=4) (actual time=0.009..1016.038 rows=2528312 loops=1)
Planning time: 0.874 ms
Execution time: 19310.813 ms
