Hash Join  (cost=102767.86..217264.41 rows=2211473 width=0) (actual time=2041.333..5077.398 rows=2206202 loops=1)
  Hash Cond: (mc.movie_id = t.id)
  ->  Seq Scan on movie_companies mc  (cost=0.00..51404.11 rows=2211473 width=4) (actual time=0.011..1117.475 rows=2206202 loops=1)
        Filter: (company_id < 81932)
        Rows Removed by Filter: 402927
  ->  Hash  (cost=61283.27..61283.27 rows=2528527 width=4) (actual time=2039.882..2039.882 rows=2528312 loops=1)
        Buckets: 131072  Batches: 64  Memory Usage: 2415kB
        ->  Seq Scan on title t  (cost=0.00..61283.27 rows=2528527 width=4) (actual time=0.018..1196.267 rows=2528312 loops=1)
Planning time: 0.746 ms
Execution time: 5273.983 ms
