Hash Join  (cost=126646.18..253126.80 rows=367559 width=0) (actual time=2822.554..7462.226 rows=4839577 loops=1)
  Hash Cond: (mk.movie_id = t.id)
  ->  Seq Scan on movie_keyword mk  (cost=0.00..69693.30 rows=4523930 width=4) (actual time=0.041..1498.865 rows=4523930 loops=1)
  ->  Hash  (cost=123275.21..123275.21 rows=205437 width=8) (actual time=2821.771..2821.771 rows=452856 loops=1)
        Buckets: 131072 (originally 131072)  Batches: 8 (originally 4)  Memory Usage: 3261kB
        ->  Hash Join  (cost=83198.94..123275.21 rows=205437 width=8) (actual time=1517.317..2695.487 rows=452856 loops=1)
              Hash Cond: (mi_idx.movie_id = t.id)
              ->  Seq Scan on movie_info_idx mi_idx  (cost=0.00..25185.44 rows=919057 width=4) (actual time=0.022..544.526 rows=920110 loops=1)
                    Filter: (info_type_id > 99)
                    Rows Removed by Filter: 459925
              ->  Hash  (cost=73925.90..73925.90 rows=565203 width=4) (actual time=1516.446..1516.446 rows=641785 loops=1)
                    Buckets: 131072  Batches: 8  Memory Usage: 3862kB
                    ->  Seq Scan on title t  (cost=0.00..73925.90 rows=565203 width=4) (actual time=0.021..1297.542 rows=641785 loops=1)
                          Filter: ((kind_id < 7) AND (production_year < 2006))
                          Rows Removed by Filter: 1886527
Planning time: 1.100 ms
Execution time: 8055.834 ms
