Hash Join  (cost=130937.66..485987.82 rows=58832 width=0) (actual time=3615.440..8620.071 rows=42693 loops=1)
  Hash Cond: (mi.movie_id = t.id)
  ->  Seq Scan on movie_info mi  (cost=0.00..346232.03 rows=2194617 width=4) (actual time=1047.908..5622.834 rows=2233850 loops=1)
        Filter: (info_type_id > 16)
        Rows Removed by Filter: 12601870
  ->  Hash  (cost=130090.37..130090.37 rows=67783 width=8) (actual time=2556.102..2556.102 rows=27577 loops=1)
        Buckets: 131072  Batches: 1  Memory Usage: 2102kB
        ->  Hash Join  (cost=74747.02..130090.37 rows=67783 width=8) (actual time=1332.208..2545.217 rows=27577 loops=1)
              Hash Cond: (mc.movie_id = t.id)
              ->  Seq Scan on movie_companies mc  (cost=0.00..44881.29 rows=2609129 width=4) (actual time=0.027..640.099 rows=2609129 loops=1)
              ->  Hash  (cost=73925.90..73925.90 rows=65689 width=4) (actual time=1172.352..1172.352 rows=74524 loops=1)
                    Buckets: 131072  Batches: 1  Memory Usage: 3644kB
                    ->  Seq Scan on title t  (cost=0.00..73925.90 rows=65689 width=4) (actual time=96.593..1142.030 rows=74524 loops=1)
                          Filter: ((kind_id = 7) AND (production_year = 2006))
                          Rows Removed by Filter: 2453788
Planning time: 1.165 ms
Execution time: 8626.274 ms
