Hash Join  (cost=210370.39..607854.55 rows=1193240 width=0) (actual time=5448.787..13285.269 rows=2856534 loops=1)
  Hash Cond: (mi.movie_id = t.id)
  ->  Seq Scan on movie_info mi  (cost=0.00..346232.03 rows=3068194 width=4) (actual time=0.014..5287.622 rows=3036719 loops=1)
        Filter: (info_type_id = 16)
        Rows Removed by Filter: 11799001
  ->  Hash  (cost=194236.39..194236.39 rows=983360 width=8) (actual time=5448.040..5448.040 rows=1144271 loops=1)
        Buckets: 131072  Batches: 16  Memory Usage: 3825kB
        ->  Hash Join  (cost=102767.86..194236.39 rows=983360 width=8) (actual time=2005.966..4965.876 rows=1144271 loops=1)
              Hash Cond: (mc.movie_id = t.id)
              ->  Seq Scan on movie_companies mc  (cost=0.00..57926.93 rows=983360 width=4) (actual time=0.015..1066.373 rows=1144271 loops=1)
                    Filter: ((company_id > 1076) AND (company_type_id = 2))
                    Rows Removed by Filter: 1464858
              ->  Hash  (cost=61283.27..61283.27 rows=2528527 width=4) (actual time=2005.287..2005.287 rows=2528312 loops=1)
                    Buckets: 131072  Batches: 64  Memory Usage: 2415kB
                    ->  Seq Scan on title t  (cost=0.00..61283.27 rows=2528527 width=4) (actual time=0.014..1185.205 rows=2528312 loops=1)
Planning time: 4.076 ms
Execution time: 13621.068 ms
