Hash Join  (cost=88359.31..450333.94 rows=326175 width=0) (actual time=4973.096..8476.334 rows=359946 loops=1)
  Hash Cond: (mi.movie_id = t.id)
  ->  Seq Scan on movie_info mi  (cost=0.00..346232.03 rows=651960 width=4) (actual time=2742.098..5226.990 rows=660923 loops=1)
        Filter: (info_type_id = 18)
        Rows Removed by Filter: 14174797
  ->  Hash  (cost=67604.59..67604.59 rows=1265018 width=4) (actual time=2229.872..2229.872 rows=1263700 loops=1)
        Buckets: 131072  Batches: 32  Memory Usage: 2419kB
        ->  Seq Scan on title t  (cost=0.00..67604.59 rows=1265018 width=4) (actual time=0.016..1338.856 rows=1263700 loops=1)
              Filter: (production_year < 2004)
              Rows Removed by Filter: 1264612
Planning time: 0.555 ms
Execution time: 8514.102 ms
