Hash Join  (cost=128695.20..951114.95 rows=36849 width=0) (actual time=1956.341..21735.664 rows=173529 loops=1)
  Hash Cond: (ci.movie_id = t.id)
  ->  Seq Scan on cast_info ci  (cost=0.00..705507.15 rows=31078431 width=4) (actual time=0.021..13320.074 rows=31039860 loops=1)
        Filter: (person_id < 3143348)
        Rows Removed by Filter: 5204484
  ->  Hash  (cost=128657.72..128657.72 rows=2998 width=8) (actual time=1951.175..1951.175 rows=7815 loops=1)
        Buckets: 8192 (originally 4096)  Batches: 1 (originally 1)  Memory Usage: 370kB
        ->  Hash Join  (cost=73962.22..128657.72 rows=2998 width=8) (actual time=995.204..1948.123 rows=7815 loops=1)
              Hash Cond: (mc.movie_id = t.id)
              ->  Seq Scan on movie_companies mc  (cost=0.00..44881.29 rows=2609129 width=4) (actual time=0.019..525.521 rows=2609129 loops=1)
              ->  Hash  (cost=73925.90..73925.90 rows=2905 width=4) (actual time=994.117..994.117 rows=3835 loops=1)
                    Buckets: 4096  Batches: 1  Memory Usage: 167kB
                    ->  Seq Scan on title t  (cost=0.00..73925.90 rows=2905 width=4) (actual time=0.152..992.083 rows=3835 loops=1)
                          Filter: ((kind_id < 7) AND (production_year = 1959))
                          Rows Removed by Filter: 2524477
Planning time: 1.190 ms
Execution time: 21762.465 ms
