Hash Join  (cost=74235.99..161763.60 rows=16634 width=0) (actual time=1940.875..3030.198 rows=3007 loops=1)
  Hash Cond: (mk.movie_id = t.id)
  ->  Seq Scan on movie_keyword mk  (cost=0.00..81003.12 rows=1695505 width=4) (actual time=0.015..1355.916 rows=1705232 loops=1)
        Filter: (keyword_id < 2667)
        Rows Removed by Filter: 2818698
  ->  Hash  (cost=73925.90..73925.90 rows=24807 width=4) (actual time=1353.168..1353.168 rows=25986 loops=1)
        Buckets: 32768  Batches: 1  Memory Usage: 1170kB
        ->  Seq Scan on title t  (cost=0.00..73925.90 rows=24807 width=4) (actual time=0.027..1342.241 rows=25986 loops=1)
              Filter: ((kind_id = 7) AND (production_year = 1997))
              Rows Removed by Filter: 2502326
Planning time: 0.763 ms
Execution time: 3030.829 ms
