Hash Join  (cost=205480.88..578293.28 rows=528764 width=0) (actual time=5336.318..11105.947 rows=1257855 loops=1)
  Hash Cond: (mi.movie_id = t.id)
  ->  Seq Scan on movie_info mi  (cost=0.00..346232.03 rows=1550064 width=4) (actual time=1002.339..5551.396 rows=1533909 loops=1)
        Filter: (info_type_id = 3)
        Rows Removed by Filter: 13301811
  ->  Hash  (cost=191329.10..191329.10 rows=862542 width=8) (actual time=4323.955..4323.955 rows=676650 loops=1)
        Buckets: 131072  Batches: 16  Memory Usage: 2717kB
        ->  Hash Join  (cost=102767.86..191329.10 rows=862542 width=8) (actual time=2104.539..4109.615 rows=676650 loops=1)
              Hash Cond: (mc.movie_id = t.id)
              ->  Seq Scan on movie_companies mc  (cost=0.00..57926.93 rows=862542 width=4) (actual time=125.053..1127.879 rows=676650 loops=1)
                    Filter: ((company_id > 2281) AND (company_type_id = 1))
                    Rows Removed by Filter: 1932479
              ->  Hash  (cost=61283.27..61283.27 rows=2528527 width=4) (actual time=1976.952..1976.952 rows=2528312 loops=1)
                    Buckets: 131072  Batches: 64  Memory Usage: 2415kB
                    ->  Seq Scan on title t  (cost=0.00..61283.27 rows=2528527 width=4) (actual time=0.015..1158.340 rows=2528312 loops=1)
Planning time: 1.235 ms
Execution time: 11269.047 ms
