Seq Scan on cast_info ci  (cost=0.00..796071.18 rows=171608 width=0) (actual time=3444.038..12417.186 rows=451555 loops=1)
  Filter: ((person_id > 2831296) AND (role_id = 6))
  Rows Removed by Filter: 35792789
Planning time: 0.373 ms
Execution time: 12471.119 ms
