Hash Join  (cost=102767.86..277409.90 rows=3480918 width=0) (actual time=1966.706..7069.489 rows=3470723 loops=1)
  Hash Cond: (mk.movie_id = t.id)
  ->  Seq Scan on movie_keyword mk  (cost=0.00..81003.12 rows=3480918 width=4) (actual time=0.016..1745.401 rows=3470723 loops=1)
        Filter: (keyword_id < 16802)
        Rows Removed by Filter: 1053207
  ->  Hash  (cost=61283.27..61283.27 rows=2528527 width=4) (actual time=1964.290..1964.290 rows=2528312 loops=1)
        Buckets: 131072  Batches: 64  Memory Usage: 2425kB
        ->  Seq Scan on title t  (cost=0.00..61283.27 rows=2528527 width=4) (actual time=0.012..1084.031 rows=2528312 loops=1)
Planning time: 0.711 ms
Execution time: 7489.090 ms
