Hash Join  (cost=102767.86..215741.73 rows=2148170 width=0) (actual time=6304.245..13079.982 rows=2151305 loops=1)
  Hash Cond: (mc.movie_id = t.id)
  ->  Seq Scan on movie_companies mc  (cost=0.00..51404.11 rows=2148170 width=4) (actual time=1.819..3872.506 rows=2151305 loops=1)
        Filter: (company_id > 391)
        Rows Removed by Filter: 457824
  ->  Hash  (cost=61283.27..61283.27 rows=2528527 width=4) (actual time=6291.584..6291.584 rows=2528312 loops=1)
        Buckets: 131072  Batches: 64  Memory Usage: 2415kB
        ->  Seq Scan on title t  (cost=0.00..61283.27 rows=2528527 width=4) (actual time=0.015..4703.737 rows=2528312 loops=1)
Planning time: 0.768 ms
Execution time: 13412.770 ms
