Nested Loop  (cost=0.43..58375.18 rows=53 width=0) (actual time=181.358..818.776 rows=22 loops=1)
  ->  Seq Scan on movie_companies mc  (cost=0.00..57926.93 rows=53 width=4) (actual time=181.294..817.455 rows=22 loops=1)
        Filter: ((company_id = 114567) AND (company_type_id = 2))
        Rows Removed by Filter: 2609107
  ->  Index Only Scan using title_pkey on title t  (cost=0.43..8.45 rows=1 width=4) (actual time=0.056..0.056 rows=1 loops=22)
        Index Cond: (id = mc.movie_id)
        Heap Fetches: 22
Planning time: 0.767 ms
Execution time: 818.855 ms
