Nested Loop  (cost=0.43..83071.67 rows=246 width=0) (actual time=0.272..1334.877 rows=1116 loops=1)
  ->  Seq Scan on movie_keyword mk  (cost=0.00..81003.12 rows=246 width=4) (actual time=0.214..1285.858 rows=1116 loops=1)
        Filter: (keyword_id = 2908)
        Rows Removed by Filter: 4522814
  ->  Index Only Scan using title_pkey on title t  (cost=0.43..8.40 rows=1 width=4) (actual time=0.042..0.043 rows=1 loops=1116)
        Index Cond: (id = mk.movie_id)
        Heap Fetches: 1116
Planning time: 0.565 ms
Execution time: 1335.361 ms
