Hash Join  (cost=202636.32..1427962.70 rows=18643921 width=0) (actual time=4754.769..47537.050 rows=39720352 loops=1)
  Hash Cond: (ci.movie_id = t.id)
  ->  Seq Scan on cast_info ci  (cost=0.00..614943.12 rows=36225612 width=4) (actual time=0.007..13274.598 rows=36244344 loops=1)
  ->  Hash  (cost=181285.64..181285.64 rows=1301335 width=8) (actual time=4753.335..4753.335 rows=1058433 loops=1)
        Buckets: 131072  Batches: 32  Memory Usage: 2307kB
        ->  Hash Join  (cost=88295.76..181285.64 rows=1301335 width=8) (actual time=1672.819..4433.201 rows=1058433 loops=1)
              Hash Cond: (mc.movie_id = t.id)
              ->  Seq Scan on movie_companies mc  (cost=0.00..44881.29 rows=2609129 width=4) (actual time=0.018..889.091 rows=2609129 loops=1)
              ->  Hash  (cost=67604.59..67604.59 rows=1261134 width=4) (actual time=1671.286..1671.286 rows=1260295 loops=1)
                    Buckets: 131072  Batches: 32  Memory Usage: 2413kB
                    ->  Seq Scan on title t  (cost=0.00..67604.59 rows=1261134 width=4) (actual time=0.008..1264.743 rows=1260295 loops=1)
                          Filter: (production_year > 2002)
                          Rows Removed by Filter: 1268017
Planning time: 2.971 ms
Execution time: 52081.221 ms
