Seq Scan on movie_keyword mk  (cost=0.00..81003.12 rows=3598763 width=0) (actual time=0.014..1544.795 rows=3589575 loops=1)
  Filter: (keyword_id > 874)
  Rows Removed by Filter: 934355
Planning time: 0.343 ms
Execution time: 2001.130 ms
