Hash Join  (cost=156487.41..964128.64 rows=133044 width=0) (actual time=6865.924..15067.885 rows=277244 loops=1)
  Hash Cond: (ci.movie_id = t.id)
  ->  Seq Scan on cast_info ci  (cost=0.00..796071.18 rows=729762 width=4) (actual time=3621.849..11291.798 rows=723036 loops=1)
        Filter: ((person_id < 84323) AND (role_id < 8))
        Rows Removed by Filter: 35521308
  ->  Hash  (cost=148924.19..148924.19 rows=460978 width=8) (actual time=3239.457..3239.457 rows=459925 loops=1)
        Buckets: 131072  Batches: 8  Memory Usage: 3275kB
        ->  Hash Join  (cost=102767.86..148924.19 rows=460978 width=8) (actual time=1820.787..3100.418 rows=459925 loops=1)
              Hash Cond: (mi_idx.movie_id = t.id)
              ->  Seq Scan on movie_info_idx mi_idx  (cost=0.00..25185.44 rows=460978 width=4) (actual time=0.029..486.902 rows=459925 loops=1)
                    Filter: (info_type_id = 99)
                    Rows Removed by Filter: 920110
              ->  Hash  (cost=61283.27..61283.27 rows=2528527 width=4) (actual time=1819.748..1819.748 rows=2528312 loops=1)
                    Buckets: 131072  Batches: 64  Memory Usage: 2415kB
                    ->  Seq Scan on title t  (cost=0.00..61283.27 rows=2528527 width=4) (actual time=0.016..989.786 rows=2528312 loops=1)
Planning time: 1.215 ms
Execution time: 15103.738 ms
