Seq Scan on movie_keyword mk  (cost=0.00..81003.12 rows=3310884 width=0) (actual time=0.013..1442.382 rows=3301929 loops=1)
  Filter: (keyword_id < 14895)
  Rows Removed by Filter: 1222001
Planning time: 1.402 ms
Execution time: 1849.265 ms
