Hash Join  (cost=184096.54..548029.78 rows=168142 width=0) (actual time=7535.594..9340.152 rows=149508 loops=1)
  Hash Cond: (mi.movie_id = t.id)
  ->  Seq Scan on movie_info mi  (cost=0.00..346232.03 rows=1272478 width=4) (actual time=4059.139..5066.553 rows=1325361 loops=1)
        Filter: (info_type_id = 8)
        Rows Removed by Filter: 13510359
  ->  Hash  (cost=178614.13..178614.13 rows=334113 width=8) (actual time=3475.550..3475.550 rows=182364 loops=1)
        Buckets: 131072  Batches: 8  Memory Usage: 1930kB
        ->  Hash Join  (cost=102767.86..178614.13 rows=334113 width=8) (actual time=2245.486..3418.997 rows=182364 loops=1)
              Hash Cond: (mc.movie_id = t.id)
              ->  Seq Scan on movie_companies mc  (cost=0.00..57926.93 rows=334113 width=4) (actual time=326.476..942.254 rows=182364 loops=1)
                    Filter: ((company_id < 874) AND (company_type_id > 1))
                    Rows Removed by Filter: 2426765
              ->  Hash  (cost=61283.27..61283.27 rows=2528527 width=4) (actual time=1917.664..1917.664 rows=2528312 loops=1)
                    Buckets: 131072  Batches: 64  Memory Usage: 2415kB
                    ->  Seq Scan on title t  (cost=0.00..61283.27 rows=2528527 width=4) (actual time=0.015..1061.745 rows=2528312 loops=1)
Planning time: 0.812 ms
Execution time: 9359.815 ms
