Hash Join  (cost=153722.11..1217592.42 rows=2926815 width=0) (actual time=2952.834..31096.949 rows=3555167 loops=1)
  Hash Cond: (ci.movie_id = t.id)
  ->  Seq Scan on cast_info ci  (cost=0.00..614943.12 rows=36225612 width=4) (actual time=0.021..12655.366 rows=36244344 loops=1)
  ->  Hash  (cost=150369.48..150369.48 rows=204290 width=8) (actual time=2952.021..2952.021 rows=76020 loops=1)
        Buckets: 131072  Batches: 4  Memory Usage: 1765kB
        ->  Hash Join  (cost=80549.28..150369.48 rows=204290 width=8) (actual time=1399.705..2930.465 rows=76020 loops=1)
              Hash Cond: (mc.movie_id = t.id)
              ->  Seq Scan on movie_companies mc  (cost=0.00..51404.11 rows=1279517 width=4) (actual time=146.817..1038.309 rows=1274246 loops=1)
                    Filter: (company_type_id < 2)
                    Rows Removed by Filter: 1334883
              ->  Hash  (cost=73925.90..73925.90 rows=403710 width=4) (actual time=1251.993..1251.993 rows=434218 loops=1)
                    Buckets: 131072  Batches: 8  Memory Usage: 2935kB
                    ->  Seq Scan on title t  (cost=0.00..73925.90 rows=403710 width=4) (actual time=0.019..1111.441 rows=434218 loops=1)
                          Filter: ((production_year > 2008) AND (kind_id = 7))
                          Rows Removed by Filter: 2094094
Planning time: 1.186 ms
Execution time: 31514.077 ms
