Hash Join  (cost=83074.74..109989.30 rows=45 width=0) (actual time=1286.431..1862.962 rows=304 loops=1)
  Hash Cond: (mi_idx.movie_id = t.id)
  ->  Seq Scan on movie_info_idx mi_idx  (cost=0.00..25185.44 rows=460978 width=4) (actual time=0.015..513.420 rows=459925 loops=1)
        Filter: (info_type_id < 100)
        Rows Removed by Filter: 920110
  ->  Hash  (cost=83071.67..83071.67 rows=246 width=8) (actual time=1283.394..1283.394 rows=347 loops=1)
        Buckets: 1024  Batches: 1  Memory Usage: 22kB
        ->  Nested Loop  (cost=0.43..83071.67 rows=246 width=8) (actual time=4.275..1283.037 rows=347 loops=1)
              ->  Seq Scan on movie_keyword mk  (cost=0.00..81003.12 rows=246 width=4) (actual time=4.204..1270.337 rows=347 loops=1)
                    Filter: (keyword_id = 20629)
                    Rows Removed by Filter: 4523583
              ->  Index Only Scan using title_pkey on title t  (cost=0.43..8.40 rows=1 width=4) (actual time=0.033..0.034 rows=1 loops=347)
                    Index Cond: (id = mk.movie_id)
                    Heap Fetches: 347
Planning time: 1.170 ms
Execution time: 1863.212 ms
