Hash Join  (cost=73982.55..160721.67 rows=8108 width=0) (actual time=4299.788..8637.709 rows=3874 loops=1)
  Hash Cond: (mk.movie_id = t.id)
  ->  Seq Scan on movie_keyword mk  (cost=0.00..69693.30 rows=4523930 width=4) (actual time=0.021..3955.470 rows=4523930 loops=1)
  ->  Hash  (cost=73925.90..73925.90 rows=4532 width=4) (actual time=3368.304..3368.304 rows=11542 loops=1)
        Buckets: 16384 (originally 8192)  Batches: 1 (originally 1)  Memory Usage: 534kB
        ->  Seq Scan on title t  (cost=0.00..73925.90 rows=4532 width=4) (actual time=252.230..3362.541 rows=11542 loops=1)
              Filter: ((kind_id = 7) AND (production_year = 1988))
              Rows Removed by Filter: 2516770
Planning time: 0.684 ms
Execution time: 8638.499 ms
