Hash Join  (cost=102767.86..1414314.66 rows=21011792 width=0) (actual time=1922.031..36108.207 rows=20602515 loops=1)
  Hash Cond: (ci.movie_id = t.id)
  ->  Seq Scan on cast_info ci  (cost=0.00..796071.18 rows=21011792 width=4) (actual time=0.024..17858.131 rows=20602515 loops=1)
        Filter: ((person_id > 426767) AND (role_id < 4))
        Rows Removed by Filter: 15641829
  ->  Hash  (cost=61283.27..61283.27 rows=2528527 width=4) (actual time=1920.384..1920.384 rows=2528312 loops=1)
        Buckets: 131072  Batches: 64  Memory Usage: 2415kB
        ->  Seq Scan on title t  (cost=0.00..61283.27 rows=2528527 width=4) (actual time=0.014..1057.763 rows=2528312 loops=1)
Planning time: 0.761 ms
Execution time: 38187.183 ms
