Seq Scan on movie_keyword mk  (cost=0.00..81003.12 rows=246 width=0) (actual time=0.540..1278.470 rows=1545 loops=1)
  Filter: (keyword_id = 4853)
  Rows Removed by Filter: 4522385
Planning time: 0.441 ms
Execution time: 1279.047 ms
