Seq Scan on movie_keyword mk  (cost=0.00..81003.12 rows=3483110 width=0) (actual time=0.013..1580.069 rows=3472724 loops=1)
  Filter: (keyword_id < 16864)
  Rows Removed by Filter: 1051206
Planning time: 0.294 ms
Execution time: 2015.403 ms
