Seq Scan on cast_info ci  (cost=0.00..796071.18 rows=12453237 width=0) (actual time=4923.920..15198.556 rows=13821859 loops=1)
  Filter: ((person_id > 810323) AND (role_id > 2))
  Rows Removed by Filter: 22422485
Planning time: 0.410 ms
Execution time: 16849.670 ms
