Seq Scan on cast_info ci  (cost=0.00..705507.15 rows=500 width=0) (actual time=8575.269..10807.102 rows=1 loops=1)
  Filter: (person_id = 3114446)
  Rows Removed by Filter: 36244343
Planning time: 4.996 ms
Execution time: 10807.196 ms
