Hash Join  (cost=129780.31..505170.06 rows=101927 width=0) (actual time=2449.093..10731.323 rows=1891974 loops=1)
  Hash Cond: (mi.movie_id = t.id)
  ->  Seq Scan on movie_info mi  (cost=0.00..346232.03 rows=7503588 width=4) (actual time=0.016..6072.737 rows=7548855 loops=1)
        Filter: (info_type_id > 7)
        Rows Removed by Filter: 7286865
  ->  Hash  (cost=129350.97..129350.97 rows=34347 width=8) (actual time=2448.577..2448.577 rows=59122 loops=1)
        Buckets: 65536  Batches: 1  Memory Usage: 2822kB
        ->  Hash Join  (cost=74341.98..129350.97 rows=34347 width=8) (actual time=1174.223..2426.438 rows=59122 loops=1)
              Hash Cond: (mc.movie_id = t.id)
              ->  Seq Scan on movie_companies mc  (cost=0.00..44881.29 rows=2609129 width=4) (actual time=0.012..616.372 rows=2609129 loops=1)
              ->  Hash  (cost=73925.90..73925.90 rows=33286 width=4) (actual time=1173.839..1173.839 rows=28113 loops=1)
                    Buckets: 65536  Batches: 1  Memory Usage: 1501kB
                    ->  Seq Scan on title t  (cost=0.00..73925.90 rows=33286 width=4) (actual time=0.313..1162.155 rows=28113 loops=1)
                          Filter: ((kind_id < 7) AND (production_year = 2004))
                          Rows Removed by Filter: 2500199
Planning time: 1.153 ms
Execution time: 10978.171 ms
