Seq Scan on cast_info ci  (cost=0.00..796071.18 rows=2543754 width=0) (actual time=2979.930..12626.183 rows=4638016 loops=1)
  Filter: ((person_id > 2039754) AND (role_id > 8))
  Rows Removed by Filter: 31606328
Planning time: 0.392 ms
Execution time: 13182.696 ms
