Hash Join  (cost=148069.09..228214.91 rows=369629 width=0) (actual time=3215.985..5601.494 rows=1016407 loops=1)
  Hash Cond: (mc.movie_id = t.id)
  ->  Seq Scan on movie_companies mc  (cost=0.00..44881.29 rows=2609129 width=4) (actual time=0.014..885.638 rows=2609129 loops=1)
  ->  Hash  (cost=142191.45..142191.45 rows=358211 width=8) (actual time=3215.097..3215.097 rows=357560 loops=1)
        Buckets: 131072  Batches: 8  Memory Usage: 2775kB
        ->  Hash Join  (cost=99841.01..142191.45 rows=358211 width=8) (actual time=1891.081..3112.177 rows=357560 loops=1)
              Hash Cond: (mi_idx.movie_id = t.id)
              ->  Seq Scan on movie_info_idx mi_idx  (cost=0.00..25185.44 rows=460978 width=4) (actual time=0.010..492.429 rows=459925 loops=1)
                    Filter: (info_type_id = 99)
                    Rows Removed by Filter: 920110
              ->  Hash  (cost=67604.59..67604.59 rows=1964834 width=4) (actual time=1889.724..1889.724 rows=1962189 loops=1)
                    Buckets: 131072  Batches: 32  Memory Usage: 3187kB
                    ->  Seq Scan on title t  (cost=0.00..67604.59 rows=1964834 width=4) (actual time=0.010..1253.302 rows=1962189 loops=1)
                          Filter: (production_year > 1978)
                          Rows Removed by Filter: 566123
Planning time: 1.205 ms
Execution time: 5725.996 ms
