Hash Join  (cost=94206.67..495745.14 rows=1499972 width=0) (actual time=3167.005..9944.399 rows=1501856 loops=1)
  Hash Cond: (mi.movie_id = t.id)
  ->  Seq Scan on movie_info mi  (cost=0.00..346232.03 rows=3068194 width=4) (actual time=1094.036..5649.763 rows=3036719 loops=1)
        Filter: (info_type_id = 16)
        Rows Removed by Filter: 11799001
  ->  Hash  (cost=73925.90..73925.90 rows=1236141 width=4) (actual time=2071.505..2071.505 rows=1353520 loops=1)
        Buckets: 131072  Batches: 32  Memory Usage: 2525kB
        ->  Seq Scan on title t  (cost=0.00..73925.90 rows=1236141 width=4) (actual time=0.028..1611.863 rows=1353520 loops=1)
              Filter: ((kind_id > 1) AND (production_year > 1993))
              Rows Removed by Filter: 1174792
Planning time: 0.750 ms
Execution time: 10132.064 ms
