Hash Join  (cost=190230.21..301999.01 rows=813634 width=0) (actual time=4391.272..7520.777 rows=3398738 loops=1)
  Hash Cond: (mk.movie_id = t.id)
  ->  Seq Scan on movie_keyword mk  (cost=0.00..81003.12 rows=1490756 width=4) (actual time=0.020..1549.205 rows=1500860 loops=1)
        Filter: (keyword_id < 2163)
        Rows Removed by Filter: 3023070
  ->  Hash  (cost=167588.78..167588.78 rows=1380035 width=8) (actual time=4389.999..4389.999 rows=1380035 loops=1)
        Buckets: 131072  Batches: 32  Memory Usage: 2726kB
        ->  Hash Join  (cost=102767.86..167588.78 rows=1380035 width=8) (actual time=1933.259..3977.730 rows=1380035 loops=1)
              Hash Cond: (mi_idx.movie_id = t.id)
              ->  Seq Scan on movie_info_idx mi_idx  (cost=0.00..21735.35 rows=1380035 width=4) (actual time=0.014..537.102 rows=1380035 loops=1)
              ->  Hash  (cost=61283.27..61283.27 rows=2528527 width=4) (actual time=1932.193..1932.193 rows=2528312 loops=1)
                    Buckets: 131072  Batches: 64  Memory Usage: 2415kB
                    ->  Seq Scan on title t  (cost=0.00..61283.27 rows=2528527 width=4) (actual time=0.028..1092.242 rows=2528312 loops=1)
Planning time: 1.147 ms
Execution time: 7874.986 ms
