Hash Join  (cost=69090.10..800264.49 rows=76020 width=0) (actual time=7444.313..13051.410 rows=37222 loops=1)
  Hash Cond: (ci.movie_id = t.id)
  ->  Seq Scan on cast_info ci  (cost=0.00..705507.15 rows=2123478 width=4) (actual time=6323.185..11089.181 rows=2164883 loops=1)
        Filter: (person_id > 3639431)
        Rows Removed by Filter: 34079461
  ->  Hash  (cost=67604.59..67604.59 rows=90521 width=4) (actual time=1120.040..1120.040 rows=90852 loops=1)
        Buckets: 131072  Batches: 2  Memory Usage: 2626kB
        ->  Seq Scan on title t  (cost=0.00..67604.59 rows=90521 width=4) (actual time=0.025..1081.090 rows=90852 loops=1)
              Filter: (kind_id = 2)
              Rows Removed by Filter: 2437460
Planning time: 1.951 ms
Execution time: 13057.845 ms
