Seq Scan on movie_keyword mk  (cost=0.00..81003.12 rows=4340791 width=0) (actual time=0.017..1632.789 rows=4337608 loops=1)
  Filter: (keyword_id < 71458)
  Rows Removed by Filter: 186322
Planning time: 0.340 ms
Execution time: 2164.912 ms
