Hash Join  (cost=240444.20..803598.32 rows=7811319 width=0) (actual time=5580.562..32833.338 rows=58712982 loops=1)
  Hash Cond: (mi.movie_id = t.id)
  ->  Seq Scan on movie_info mi  (cost=0.00..309384.22 rows=14739122 width=4) (actual time=0.013..6131.889 rows=14835720 loops=1)
  ->  Hash  (cost=218458.60..218458.60 rows=1340048 width=8) (actual time=5576.988..5576.988 rows=1092302 loops=1)
        Buckets: 131072  Batches: 32  Memory Usage: 2443kB
        ->  Hash Join  (cost=91123.00..218458.60 rows=1340048 width=8) (actual time=1805.963..5006.403 rows=1092302 loops=1)
              Hash Cond: (mk.movie_id = t.id)
              ->  Seq Scan on movie_keyword mk  (cost=0.00..81003.12 rows=2363733 width=4) (actual time=0.015..1581.579 rows=2365332 loops=1)
                    Filter: (keyword_id < 5347)
                    Rows Removed by Filter: 2158598
              ->  Hash  (cost=67604.59..67604.59 rows=1433473 width=4) (actual time=1804.453..1804.453 rows=1434466 loops=1)
                    Buckets: 131072  Batches: 32  Memory Usage: 2608kB
                    ->  Seq Scan on title t  (cost=0.00..67604.59 rows=1433473 width=4) (actual time=0.020..1333.734 rows=1434466 loops=1)
                          Filter: (production_year > 1999)
                          Rows Removed by Filter: 1093846
Planning time: 1.163 ms
Execution time: 39201.377 ms
