Hash Join  (cost=75433.14..496336.53 rows=226370 width=0) (actual time=2061.129..10442.774 rows=551024 loops=1)
  Hash Cond: (mi.movie_id = t.id)
  ->  Seq Scan on movie_info mi  (cost=0.00..346232.03 rows=6231111 width=4) (actual time=782.766..6088.909 rows=6223494 loops=1)
        Filter: (info_type_id > 8)
        Rows Removed by Filter: 8612226
  ->  Hash  (cost=73925.90..73925.90 rows=91859 width=4) (actual time=1276.953..1276.953 rows=191138 loops=1)
        Buckets: 131072 (originally 131072)  Batches: 4 (originally 2)  Memory Usage: 3073kB
        ->  Seq Scan on title t  (cost=0.00..73925.90 rows=91859 width=4) (actual time=0.104..1202.717 rows=191138 loops=1)
              Filter: ((kind_id < 7) AND (production_year < 1959))
              Rows Removed by Filter: 2337174
Planning time: 0.561 ms
Execution time: 10511.856 ms
