Hash Join  (cost=74611.35..101821.13 rows=29929 width=0) (actual time=1235.092..1937.531 rows=71040 loops=1)
  Hash Cond: (mi_idx.movie_id = t.id)
  ->  Seq Scan on movie_info_idx mi_idx  (cost=0.00..21735.35 rows=1380035 width=4) (actual time=0.014..326.194 rows=1380035 loops=1)
  ->  Hash  (cost=73925.90..73925.90 rows=54836 width=4) (actual time=1234.706..1234.706 rows=55815 loops=1)
        Buckets: 65536  Batches: 1  Memory Usage: 2475kB
        ->  Seq Scan on title t  (cost=0.00..73925.90 rows=54836 width=4) (actual time=0.034..1212.494 rows=55815 loops=1)
              Filter: ((production_year > 1997) AND (kind_id = 2))
              Rows Removed by Filter: 2472497
Planning time: 0.733 ms
Execution time: 1947.065 ms
