Seq Scan on title t  (cost=0.00..73925.90 rows=924578 width=0) (actual time=0.014..3782.501 rows=884881 loops=1)
  Filter: ((kind_id < 7) AND (production_year > 1921))
  Rows Removed by Filter: 1643431
Planning time: 0.290 ms
Execution time: 3947.870 ms
