Hash Join  (cost=287713.72..1206408.34 rows=4731295 width=0) (actual time=6997.841..31196.126 rows=17886003 loops=1)
  Hash Cond: (ci.movie_id = t.id)
  ->  Seq Scan on cast_info ci  (cost=0.00..796071.18 rows=5172699 width=4) (actual time=0.012..15979.169 rows=7099945 loops=1)
        Filter: ((person_id < 2653339) AND (role_id = 2))
        Rows Removed by Filter: 29144399
  ->  Hash  (cost=249769.23..249769.23 rows=2312759 width=8) (actual time=6995.649..6995.649 rows=2129997 loops=1)
        Buckets: 131072  Batches: 32  Memory Usage: 3595kB
        ->  Hash Join  (cost=99591.38..249769.23 rows=2312759 width=8) (actual time=2014.624..6386.915 rows=2129997 loops=1)
              Hash Cond: (mk.movie_id = t.id)
              ->  Seq Scan on movie_keyword mk  (cost=0.00..81003.12 rows=2999428 width=4) (actual time=0.010..1835.258 rows=2986860 loops=1)
                    Filter: (keyword_id > 2242)
                    Rows Removed by Filter: 1537070
              ->  Hash  (cost=67604.59..67604.59 rows=1949663 width=4) (actual time=2014.074..2014.074 rows=1947263 loops=1)
                    Buckets: 131072  Batches: 32  Memory Usage: 3180kB
                    ->  Seq Scan on title t  (cost=0.00..67604.59 rows=1949663 width=4) (actual time=0.014..1378.510 rows=1947263 loops=1)
                          Filter: (production_year > 1979)
                          Rows Removed by Filter: 581049
Planning time: 0.775 ms
Execution time: 33068.007 ms
