Nested Loop  (cost=0.43..58375.18 rows=53 width=0) (actual time=11.919..2725.315 rows=614 loops=1)
  ->  Seq Scan on movie_companies mc  (cost=0.00..57926.93 rows=53 width=4) (actual time=11.855..2611.623 rows=614 loops=1)
        Filter: ((company_id = 72075) AND (company_type_id = 2))
        Rows Removed by Filter: 2608515
  ->  Index Only Scan using title_pkey on title t  (cost=0.43..8.45 rows=1 width=4) (actual time=0.184..0.184 rows=1 loops=614)
        Index Cond: (id = mc.movie_id)
        Heap Fetches: 614
Planning time: 0.720 ms
Execution time: 2725.539 ms
