Hash Join  (cost=768150.93..3078774.47 rows=97845025 width=0) (actual time=19051.002..72329.027 rows=82997132 loops=1)
  Hash Cond: (ci.movie_id = t.id)
  ->  Seq Scan on cast_info ci  (cost=0.00..614943.12 rows=36225612 width=4) (actual time=0.015..13951.737 rows=36244344 loops=1)
  ->  Hash  (cost=656103.84..656103.84 rows=6829527 width=8) (actual time=19048.897..19048.897 rows=3512075 loops=1)
        Buckets: 131072  Batches: 128  Memory Usage: 2069kB
        ->  Hash Join  (cost=93093.72..656103.84 rows=6829527 width=8) (actual time=1764.550..17884.611 rows=3512075 loops=1)
              Hash Cond: (mi.movie_id = t.id)
              ->  Seq Scan on movie_info mi  (cost=0.00..346232.03 rows=11115165 width=4) (actual time=0.021..7392.924 rows=11210743 loops=1)
                    Filter: (info_type_id > 3)
                    Rows Removed by Filter: 3624977
              ->  Hash  (cost=67604.59..67604.59 rows=1553611 width=4) (actual time=1762.545..1762.545 rows=1555864 loops=1)
                    Buckets: 131072  Batches: 32  Memory Usage: 2740kB
                    ->  Seq Scan on title t  (cost=0.00..67604.59 rows=1553611 width=4) (actual time=0.029..1239.907 rows=1555864 loops=1)
                          Filter: (kind_id > 4)
                          Rows Removed by Filter: 972448
Planning time: 1.208 ms
Execution time: 81547.632 ms
