Hash Join  (cost=98137.04..902616.46 rows=41459 width=0) (actual time=8589.362..13878.785 rows=13865 loops=1)
  Hash Cond: (ci.movie_id = t.id)
  ->  Seq Scan on cast_info ci  (cost=0.00..796071.18 rows=56330 width=4) (actual time=6674.977..11626.761 rows=23017 loops=1)
        Filter: ((person_id < 556515) AND (role_id > 10))
        Rows Removed by Filter: 36221327
  ->  Hash  (cost=67604.59..67604.59 rows=1860996 width=4) (actual time=1912.924..1912.924 rows=1865487 loops=1)
        Buckets: 131072  Batches: 32  Memory Usage: 3079kB
        ->  Seq Scan on title t  (cost=0.00..67604.59 rows=1860996 width=4) (actual time=0.026..1315.375 rows=1865487 loops=1)
              Filter: (kind_id > 1)
              Rows Removed by Filter: 662825
Planning time: 0.713 ms
Execution time: 13880.677 ms
