Hash Join  (cost=139022.77..891043.33 rows=123139 width=0) (actual time=4662.342..49048.366 rows=120410 loops=1)
  Hash Cond: (ci.movie_id = t.id)
  ->  Seq Scan on cast_info ci  (cost=0.00..614943.12 rows=36225612 width=4) (actual time=0.017..33039.879 rows=36244344 loops=1)
  ->  Hash  (cost=138915.34..138915.34 rows=8595 width=8) (actual time=4662.027..4662.027 rows=9060 loops=1)
        Buckets: 16384  Batches: 1  Memory Usage: 482kB
        ->  Nested Loop  (cost=0.43..138915.34 rows=8595 width=8) (actual time=8.701..4656.365 rows=9060 loops=1)
              ->  Seq Scan on movie_keyword mk  (cost=0.00..81003.12 rows=8595 width=4) (actual time=8.614..3564.263 rows=9060 loops=1)
                    Filter: (keyword_id = 47)
                    Rows Removed by Filter: 4514870
              ->  Index Only Scan using title_pkey on title t  (cost=0.43..6.73 rows=1 width=4) (actual time=0.119..0.120 rows=1 loops=9060)
                    Index Cond: (id = mk.movie_id)
                    Heap Fetches: 9060
Planning time: 1.158 ms
Execution time: 49073.632 ms
