Seq Scan on movie_keyword mk  (cost=0.00..81003.12 rows=2431255 width=0) (actual time=0.020..4373.851 rows=2434121 loops=1)
  Filter: (keyword_id < 5772)
  Rows Removed by Filter: 2089809
Planning time: 0.280 ms
Execution time: 4776.722 ms
