Seq Scan on cast_info ci  (cost=0.00..796071.18 rows=13210233 width=0) (actual time=2308.203..14465.732 rows=7596170 loops=1)
  Filter: ((person_id < 2036329) AND (role_id > 1))
  Rows Removed by Filter: 28648174
Planning time: 0.400 ms
Execution time: 15404.376 ms
