Hash Join  (cost=75393.26..1019860.53 rows=707896 width=0) (actual time=1331.305..42327.405 rows=597540 loops=1)
  Hash Cond: (ci.movie_id = t.id)
  ->  Seq Scan on cast_info ci  (cost=0.00..705507.15 rows=20024311 width=4) (actual time=0.014..31845.442 rows=20122661 loops=1)
        Filter: (role_id < 3)
        Rows Removed by Filter: 16121683
  ->  Hash  (cost=73925.90..73925.90 rows=89388 width=4) (actual time=1330.520..1330.520 rows=80461 loops=1)
        Buckets: 131072  Batches: 2  Memory Usage: 2441kB
        ->  Seq Scan on title t  (cost=0.00..73925.90 rows=89388 width=4) (actual time=0.017..1299.518 rows=80461 loops=1)
              Filter: ((kind_id < 6) AND (production_year > 2011))
              Rows Removed by Filter: 2447851
Planning time: 2.317 ms
Execution time: 42419.620 ms
