Seq Scan on movie_keyword mk  (cost=0.00..81003.12 rows=936014 width=0) (actual time=0.016..4282.019 rows=945020 loops=1)
  Filter: (keyword_id > 20089)
  Rows Removed by Filter: 3578910
Planning time: 0.296 ms
Execution time: 4488.673 ms
