Hash Join  (cost=75195.76..151346.42 rows=79814 width=0) (actual time=3535.141..7950.633 rows=28869 loops=1)
  Hash Cond: (mc.movie_id = t.id)
  ->  Seq Scan on movie_companies mc  (cost=0.00..44881.29 rows=2609129 width=4) (actual time=0.023..3054.843 rows=2609129 loops=1)
  ->  Hash  (cost=73925.90..73925.90 rows=77348 width=4) (actual time=3534.327..3534.327 rows=84109 loops=1)
        Buckets: 131072  Batches: 2  Memory Usage: 2509kB
        ->  Seq Scan on title t  (cost=0.00..73925.90 rows=77348 width=4) (actual time=632.157..3489.713 rows=84109 loops=1)
              Filter: ((kind_id = 7) AND (production_year = 2008))
              Rows Removed by Filter: 2444203
Planning time: 4.174 ms
Execution time: 7955.007 ms
