Hash Join  (cost=215833.08..1144650.55 rows=6645801 width=0) (actual time=11329.424..65255.883 rows=17520971 loops=1)
  Hash Cond: (ci.movie_id = t.id)
  ->  Seq Scan on cast_info ci  (cost=0.00..705507.15 rows=13133148 width=4) (actual time=260.185..40120.946 rows=13088876 loops=1)
        Filter: (person_id < 1292509)
        Rows Removed by Filter: 23155468
  ->  Hash  (cost=194840.12..194840.12 rows=1279517 width=8) (actual time=10923.388..10923.388 rows=1274246 loops=1)
        Buckets: 131072  Batches: 32  Memory Usage: 2553kB
        ->  Hash Join  (cost=102767.86..194840.12 rows=1279517 width=8) (actual time=6146.826..10530.769 rows=1274246 loops=1)
              Hash Cond: (mc.movie_id = t.id)
              ->  Seq Scan on movie_companies mc  (cost=0.00..51404.11 rows=1279517 width=4) (actual time=214.120..2924.502 rows=1274246 loops=1)
                    Filter: (company_type_id < 2)
                    Rows Removed by Filter: 1334883
              ->  Hash  (cost=61283.27..61283.27 rows=2528527 width=4) (actual time=5931.400..5931.400 rows=2528312 loops=1)
                    Buckets: 131072  Batches: 64  Memory Usage: 2415kB
                    ->  Seq Scan on title t  (cost=0.00..61283.27 rows=2528527 width=4) (actual time=0.017..4524.717 rows=2528312 loops=1)
Planning time: 5.082 ms
Execution time: 67613.955 ms
