Hash Join  (cost=203449.97..1323794.81 rows=8424470 width=0) (actual time=11041.810..99834.251 rows=84815690 loops=1)
  Hash Cond: (ci.movie_id = t.id)
  ->  Seq Scan on cast_info ci  (cost=0.00..614943.12 rows=36225612 width=4) (actual time=0.012..38948.814 rows=36244344 loops=1)
  ->  Hash  (cost=193802.68..193802.68 rows=588023 width=8) (actual time=11040.112..11040.112 rows=1419437 loops=1)
        Buckets: 131072 (originally 131072)  Batches: 32 (originally 8)  Memory Usage: 3073kB
        ->  Hash Join  (cost=78556.72..193802.68 rows=588023 width=8) (actual time=3419.046..10415.060 rows=1419437 loops=1)
              Hash Cond: (mk.movie_id = t.id)
              ->  Seq Scan on movie_keyword mk  (cost=0.00..81003.12 rows=2227361 width=4) (actual time=0.018..4718.316 rows=2222216 loops=1)
                    Filter: (keyword_id > 4928)
                    Rows Removed by Filter: 2301714
              ->  Hash  (cost=67604.59..67604.59 rows=667531 width=4) (actual time=3417.666..3417.666 rows=662825 loops=1)
                    Buckets: 131072  Batches: 16  Memory Usage: 2486kB
                    ->  Seq Scan on title t  (cost=0.00..67604.59 rows=667531 width=4) (actual time=402.404..2852.824 rows=662825 loops=1)
                          Filter: (kind_id = 1)
                          Rows Removed by Filter: 1865487
Planning time: 18.846 ms
Execution time: 111542.410 ms
