Hash Join  (cost=968633.47..1540523.84 rows=8630044 width=0) (actual time=43807.552..76669.565 rows=20769868 loops=1)
  Hash Cond: (mi.movie_id = t.id)
  ->  Seq Scan on movie_info mi  (cost=0.00..309384.22 rows=14739122 width=4) (actual time=0.010..16458.941 rows=14835720 loops=1)
  ->  Hash  (cost=944343.19..944343.19 rows=1480502 width=8) (actual time=43806.776..43806.776 rows=2455533 loops=1)
        Buckets: 131072 (originally 131072)  Batches: 64 (originally 32)  Memory Usage: 4000kB
        ->  Hash Join  (cost=102767.86..944343.19 rows=1480502 width=8) (actual time=21660.272..43050.864 rows=2455533 loops=1)
              Hash Cond: (ci.movie_id = t.id)
              ->  Seq Scan on cast_info ci  (cost=0.00..796071.18 rows=1480502 width=4) (actual time=16392.109..35092.228 rows=2455533 loops=1)
                    Filter: ((person_id > 2315620) AND (role_id = 3))
                    Rows Removed by Filter: 33788811
              ->  Hash  (cost=61283.27..61283.27 rows=2528527 width=4) (actual time=5256.528..5256.528 rows=2528312 loops=1)
                    Buckets: 131072  Batches: 64  Memory Usage: 2415kB
                    ->  Seq Scan on title t  (cost=0.00..61283.27 rows=2528527 width=4) (actual time=0.019..4219.083 rows=2528312 loops=1)
Planning time: 1.926 ms
Execution time: 79188.607 ms
