Hash Join  (cost=102767.86..246129.47 rows=2180953 width=0) (actual time=5077.898..12614.851 rows=2180889 loops=1)
  Hash Cond: (mk.movie_id = t.id)
  ->  Seq Scan on movie_keyword mk  (cost=0.00..81003.12 rows=2180953 width=4) (actual time=0.020..4229.447 rows=2180889 loops=1)
        Filter: (keyword_id > 5209)
        Rows Removed by Filter: 2343041
  ->  Hash  (cost=61283.27..61283.27 rows=2528527 width=4) (actual time=5075.544..5075.544 rows=2528312 loops=1)
        Buckets: 131072  Batches: 64  Memory Usage: 2425kB
        ->  Seq Scan on title t  (cost=0.00..61283.27 rows=2528527 width=4) (actual time=0.022..3374.317 rows=2528312 loops=1)
Planning time: 0.715 ms
Execution time: 12882.749 ms
