Hash Join  (cost=85282.22..905871.13 rows=417566 width=0) (actual time=29699.848..39579.033 rows=89 loops=1)
  Hash Cond: (ci.movie_id = t.id)
  ->  Seq Scan on cast_info ci  (cost=0.00..796071.18 rows=1525353 width=4) (actual time=24149.106..34900.601 rows=1419 loops=1)
        Filter: ((person_id < 725152) AND (role_id = 2))
        Rows Removed by Filter: 36242925
  ->  Hash  (cost=73925.90..73925.90 rows=692185 width=4) (actual time=4551.966..4551.966 rows=596495 loops=1)
        Buckets: 131072  Batches: 16  Memory Usage: 2332kB
        ->  Seq Scan on title t  (cost=0.00..73925.90 rows=692185 width=4) (actual time=94.841..4326.316 rows=596495 loops=1)
              Filter: ((production_year < 2002) AND (kind_id = 7))
              Rows Removed by Filter: 1931817
Planning time: 1.716 ms
Execution time: 39579.129 ms
