Seq Scan on cast_info ci  (cost=0.00..705507.15 rows=500 width=0) (actual time=17402.506..31730.933 rows=2 loops=1)
  Filter: (person_id = 2432224)
  Rows Removed by Filter: 36244342
Planning time: 0.358 ms
Execution time: 31731.003 ms
