Seq Scan on movie_companies mc  (cost=0.00..51404.11 rows=1607083 width=0) (actual time=0.025..2926.670 rows=1597492 loops=1)
  Filter: (company_id < 16339)
  Rows Removed by Filter: 1011637
Planning time: 0.356 ms
Execution time: 3271.728 ms
