Hash Join  (cost=73982.55..897376.53 rows=12997 width=0) (actual time=3859.767..49264.758 rows=21023 loops=1)
  Hash Cond: (ci.movie_id = t.id)
  ->  Seq Scan on cast_info ci  (cost=0.00..796071.18 rows=7251420 width=4) (actual time=0.016..43307.531 rows=7825641 loops=1)
        Filter: ((person_id > 531244) AND (role_id > 5))
        Rows Removed by Filter: 28418703
  ->  Hash  (cost=73925.90..73925.90 rows=4532 width=4) (actual time=3859.631..3859.631 rows=8378 loops=1)
        Buckets: 16384 (originally 8192)  Batches: 1 (originally 1)  Memory Usage: 423kB
        ->  Seq Scan on title t  (cost=0.00..73925.90 rows=4532 width=4) (actual time=1.571..3849.287 rows=8378 loops=1)
              Filter: ((kind_id = 7) AND (production_year = 1979))
              Rows Removed by Filter: 2519934
Planning time: 7.087 ms
Execution time: 49270.387 ms
