Seq Scan on movie_keyword mk  (cost=0.00..81003.12 rows=4445091 width=0) (actual time=0.018..4850.482 rows=4439551 loops=1)
  Filter: (keyword_id > 71)
  Rows Removed by Filter: 84379
Planning time: 1.858 ms
Execution time: 5583.020 ms
