Seq Scan on movie_keyword mk  (cost=0.00..81003.12 rows=246 width=0) (actual time=8.209..2618.257 rows=1362 loops=1)
  Filter: (keyword_id = 4885)
  Rows Removed by Filter: 4522568
Planning time: 4.159 ms
Execution time: 2618.822 ms
