Seq Scan on movie_keyword mk  (cost=0.00..81003.12 rows=246 width=0) (actual time=0.038..2593.866 rows=967 loops=1)
  Filter: (keyword_id = 5887)
  Rows Removed by Filter: 4522963
Planning time: 0.333 ms
Execution time: 2594.381 ms
