Hash Join  (cost=81821.64..513842.11 rows=1185978 width=0) (actual time=7081.836..29215.245 rows=746493 loops=1)
  Hash Cond: (mi.movie_id = t.id)
  ->  Seq Scan on movie_info mi  (cost=0.00..346232.03 rows=6231111 width=4) (actual time=3081.450..21115.304 rows=6223494 loops=1)
        Filter: (info_type_id > 8)
        Rows Removed by Filter: 8612226
  ->  Hash  (cost=73925.90..73925.90 rows=481259 width=4) (actual time=3981.544..3981.544 rows=518327 loops=1)
        Buckets: 131072  Batches: 8  Memory Usage: 3307kB
        ->  Seq Scan on title t  (cost=0.00..73925.90 rows=481259 width=4) (actual time=0.032..3751.581 rows=518327 loops=1)
              Filter: ((production_year > 2007) AND (kind_id = 7))
              Rows Removed by Filter: 2009985
Planning time: 5.519 ms
Execution time: 29320.661 ms
