Seq Scan on movie_keyword mk  (cost=0.00..81003.12 rows=2460240 width=0) (actual time=0.021..4580.523 rows=2457320 loops=1)
  Filter: (keyword_id < 5890)
  Rows Removed by Filter: 2066610
Planning time: 0.284 ms
Execution time: 4963.138 ms
