Seq Scan on movie_companies mc  (cost=0.00..57926.93 rows=236596 width=0) (actual time=252.044..2709.050 rows=353292 loops=1)
  Filter: ((company_id < 424) AND (company_type_id < 2))
  Rows Removed by Filter: 2255837
Planning time: 0.313 ms
Execution time: 2791.941 ms
