Hash Join  (cost=102767.86..208038.55 rows=598004 width=0) (actual time=5669.080..10658.646 rows=601971 loops=1)
  Hash Cond: (mk.movie_id = t.id)
  ->  Seq Scan on movie_keyword mk  (cost=0.00..81003.12 rows=598004 width=4) (actual time=0.020..4120.294 rows=601971 loops=1)
        Filter: (keyword_id < 446)
        Rows Removed by Filter: 3921959
  ->  Hash  (cost=61283.27..61283.27 rows=2528527 width=4) (actual time=5667.039..5667.039 rows=2528312 loops=1)
        Buckets: 131072  Batches: 64  Memory Usage: 2425kB
        ->  Seq Scan on title t  (cost=0.00..61283.27 rows=2528527 width=4) (actual time=0.014..4464.322 rows=2528312 loops=1)
Planning time: 0.749 ms
Execution time: 10724.779 ms
