Hash Join  (cost=78204.40..118339.08 rows=142319 width=0) (actual time=3667.748..5372.282 rows=330236 loops=1)
  Hash Cond: (mi_idx.movie_id = t.id)
  ->  Seq Scan on movie_info_idx mi_idx  (cost=0.00..21735.35 rows=1380035 width=4) (actual time=0.014..926.733 rows=1380035 loops=1)
  ->  Hash  (cost=73925.90..73925.90 rows=260760 width=4) (actual time=3666.981..3666.981 rows=373942 loops=1)
        Buckets: 131072 (originally 131072)  Batches: 8 (originally 4)  Memory Usage: 3073kB
        ->  Seq Scan on title t  (cost=0.00..73925.90 rows=260760 width=4) (actual time=0.018..3227.059 rows=373942 loops=1)
              Filter: ((kind_id < 7) AND (production_year < 1989))
              Rows Removed by Filter: 2154370
Planning time: 0.709 ms
Execution time: 5413.487 ms
