Seq Scan on movie_companies mc  (cost=0.00..57926.93 rows=1122310 width=0) (actual time=0.024..2067.949 rows=1274246 loops=1)
  Filter: ((company_id < 91411) AND (company_type_id < 2))
  Rows Removed by Filter: 1334883
Planning time: 2.425 ms
Execution time: 2243.580 ms
