Hash Join  (cost=118364.99..194923.51 rows=109400 width=0) (actual time=6443.805..11721.348 rows=1052706 loops=1)
  Hash Cond: (mc.movie_id = t.id)
  ->  Seq Scan on movie_companies mc  (cost=0.00..44881.29 rows=2609129 width=4) (actual time=0.022..3500.236 rows=2609129 loops=1)
  ->  Hash  (cost=116624.74..116624.74 rows=106020 width=8) (actual time=6443.017..6443.017 rows=290255 loops=1)
        Buckets: 131072 (originally 131072)  Batches: 4 (originally 2)  Memory Usage: 3866kB
        ->  Hash Join  (cost=77113.05..116624.74 rows=106020 width=8) (actual time=4172.143..6350.596 rows=290255 loops=1)
              Hash Cond: (mi_idx.movie_id = t.id)
              ->  Seq Scan on movie_info_idx mi_idx  (cost=0.00..21735.35 rows=1380035 width=4) (actual time=0.015..1346.377 rows=1380035 loops=1)
              ->  Hash  (cost=73925.90..73925.90 rows=194252 width=4) (actual time=4171.420..4171.420 rows=326032 loops=1)
                    Buckets: 131072  Batches: 4  Memory Usage: 3890kB
                    ->  Seq Scan on title t  (cost=0.00..73925.90 rows=194252 width=4) (actual time=1877.630..3543.890 rows=326032 loops=1)
                          Filter: ((production_year < 1992) AND (kind_id = 1))
                          Rows Removed by Filter: 2202280
Planning time: 6.834 ms
Execution time: 11864.750 ms
