Seq Scan on cast_info ci  (cost=0.00..796071.18 rows=176 width=0) (actual time=5329.755..38498.689 rows=30 loops=1)
  Filter: ((role_id < 2) AND (person_id = 1070937))
  Rows Removed by Filter: 36244314
Planning time: 0.404 ms
Execution time: 38498.825 ms
