Seq Scan on movie_keyword mk  (cost=0.00..81003.12 rows=246 width=0) (actual time=0.082..3717.792 rows=259 loops=1)
  Filter: (keyword_id = 22226)
  Rows Removed by Filter: 4523671
Planning time: 7.364 ms
Execution time: 3718.058 ms
