Nested Loop  (cost=87687.83..503407.02 rows=18509 width=0) (actual time=10787.068..24284.740 rows=117321 loops=1)
  ->  Hash Join  (cost=87687.40..453057.22 rows=95636 width=8) (actual time=10786.968..22204.267 rows=117321 loops=1)
        Hash Cond: (mi.movie_id = mc.movie_id)
        ->  Seq Scan on movie_info mi  (cost=0.00..346232.03 rows=17937 width=4) (actual time=5795.843..16402.669 rows=6435 loops=1)
              Filter: (info_type_id = 80)
              Rows Removed by Filter: 14829285
        ->  Hash  (cost=44881.29..44881.29 rows=2609129 width=4) (actual time=4987.872..4987.872 rows=2609129 loops=1)
              Buckets: 131072  Batches: 64  Memory Usage: 2532kB
              ->  Seq Scan on movie_companies mc  (cost=0.00..44881.29 rows=2609129 width=4) (actual time=0.018..3488.210 rows=2609129 loops=1)
  ->  Index Only Scan using title_pkey on title t  (cost=0.43..0.52 rows=1 width=4) (actual time=0.017..0.017 rows=1 loops=117321)
        Index Cond: (id = mc.movie_id)
        Heap Fetches: 117321
Planning time: 1.090 ms
Execution time: 24305.451 ms
