Seq Scan on movie_companies mc  (cost=0.00..51404.11 rows=104 width=0) (actual time=343.193..2532.871 rows=20 loops=1)
  Filter: (company_id = 2754)
  Rows Removed by Filter: 2609109
Planning time: 0.376 ms
Execution time: 2532.962 ms
