Hash Join  (cost=156649.15..248899.41 rows=129371 width=0) (actual time=8791.514..13761.834 rows=490371 loops=1)
  Hash Cond: (mk.movie_id = t.id)
  ->  Seq Scan on movie_keyword mk  (cost=0.00..81003.12 rows=703581 width=4) (actual time=0.028..4088.710 rows=705901 loops=1)
        Filter: (keyword_id < 591)
        Rows Removed by Filter: 3818029
  ->  Hash  (cost=149020.47..149020.47 rows=464934 width=8) (actual time=8790.616..8790.616 rows=460185 loops=1)
        Buckets: 131072  Batches: 8  Memory Usage: 3286kB
        ->  Hash Join  (cost=102767.86..149020.47 rows=464934 width=8) (actual time=5851.153..8633.304 rows=460185 loops=1)
              Hash Cond: (mi_idx.movie_id = t.id)
              ->  Seq Scan on movie_info_idx mi_idx  (cost=0.00..25185.44 rows=464934 width=4) (actual time=0.015..1908.196 rows=460185 loops=1)
                    Filter: (info_type_id > 100)
                    Rows Removed by Filter: 919850
              ->  Hash  (cost=61283.27..61283.27 rows=2528527 width=4) (actual time=5849.287..5849.287 rows=2528312 loops=1)
                    Buckets: 131072  Batches: 64  Memory Usage: 2415kB
                    ->  Seq Scan on title t  (cost=0.00..61283.27 rows=2528527 width=4) (actual time=0.027..4454.423 rows=2528312 loops=1)
Planning time: 1.114 ms
Execution time: 13834.936 ms
