Seq Scan on cast_info ci  (cost=0.00..796071.18 rows=1136972 width=0) (actual time=6396.553..29099.398 rows=3328501 loops=1)
  Filter: ((person_id > 2809538) AND (role_id > 9))
  Rows Removed by Filter: 32915843
Planning time: 0.346 ms
Execution time: 29550.649 ms
