Hash Join  (cost=624070.77..2261728.51 rows=36742551 width=0) (actual time=34740.597..123331.694 rows=73302670 loops=1)
  Hash Cond: (ci.movie_id = t.id)
  ->  Seq Scan on cast_info ci  (cost=0.00..614943.12 rows=36225612 width=4) (actual time=0.013..42346.502 rows=36244344 loops=1)
  ->  Hash  (cost=581994.16..581994.16 rows=2564609 width=8) (actual time=34738.349..34738.349 rows=3927135 loops=1)
        Buckets: 131072  Batches: 64  Memory Usage: 3450kB
        ->  Hash Join  (cost=74823.14..581994.16 rows=2564609 width=8) (actual time=3698.171..33152.667 rows=3927135 loops=1)
              Hash Cond: (mi.movie_id = t.id)
              ->  Seq Scan on movie_info mi  (cost=0.00..309384.22 rows=14739122 width=4) (actual time=0.014..20038.969 rows=14835720 loops=1)
              ->  Hash  (cost=67604.59..67604.59 rows=439964 width=4) (actual time=3697.230..3697.230 rows=437515 loops=1)
                    Buckets: 131072  Batches: 8  Memory Usage: 2950kB
                    ->  Seq Scan on title t  (cost=0.00..67604.59 rows=439964 width=4) (actual time=0.021..3390.845 rows=437515 loops=1)
                          Filter: (production_year < 1975)
                          Rows Removed by Filter: 2090797
Planning time: 6.259 ms
Execution time: 132024.058 ms
