Hash Join  (cost=178676.72..1148073.03 rows=7216026 width=0) (actual time=7994.527..67396.920 rows=17562872 loops=1)
  Hash Cond: (ci.movie_id = t.id)
  ->  Seq Scan on cast_info ci  (cost=0.00..705507.15 rows=16201301 width=4) (actual time=0.016..43267.734 rows=16121683 loops=1)
        Filter: (role_id > 2)
        Rows Removed by Filter: 20122661
  ->  Hash  (cost=160199.21..160199.21 rows=1126201 width=8) (actual time=7993.723..7993.723 rows=1143433 loops=1)
        Buckets: 131072  Batches: 16  Memory Usage: 3821kB
        ->  Hash Join  (cost=101458.67..160199.21 rows=1126201 width=8) (actual time=4363.375..7625.700 rows=1143433 loops=1)
              Hash Cond: (mi_idx.movie_id = t.id)
              ->  Seq Scan on movie_info_idx mi_idx  (cost=0.00..21735.35 rows=1380035 width=4) (actual time=0.020..1626.846 rows=1380035 loops=1)
              ->  Hash  (cost=67604.59..67604.59 rows=2063447 width=4) (actual time=4361.935..4361.935 rows=2060346 loops=1)
                    Buckets: 131072  Batches: 32  Memory Usage: 3293kB
                    ->  Seq Scan on title t  (cost=0.00..67604.59 rows=2063447 width=4) (actual time=0.021..3552.749 rows=2060346 loops=1)
                          Filter: (production_year > 1971)
                          Rows Removed by Filter: 467966
Planning time: 1.126 ms
Execution time: 69718.766 ms
