Seq Scan on movie_companies mc  (cost=0.00..51404.11 rows=801307 width=0) (actual time=0.026..2709.898 rows=792725 loops=1)
  Filter: (company_id < 1714)
  Rows Removed by Filter: 1816404
Planning time: 0.301 ms
Execution time: 2825.881 ms
