Seq Scan on cast_info ci  (cost=0.00..705507.15 rows=500 width=0) (actual time=10884.174..32748.171 rows=175 loops=1)
  Filter: (person_id = 3051427)
  Rows Removed by Filter: 36244169
Planning time: 1.449 ms
Execution time: 32748.306 ms
