Nested Loop  (cost=32749.09..830696.68 rows=16 width=0) (actual time=19041.723..32255.917 rows=12 loops=1)
  Join Filter: (ci.movie_id = t.id)
  ->  Hash Join  (cost=32748.66..830646.36 rows=59 width=8) (actual time=19041.542..32255.041 rows=23 loops=1)
        Hash Cond: (ci.movie_id = mi_idx.movie_id)
        ->  Seq Scan on cast_info ci  (cost=0.00..796071.18 rows=131 width=4) (actual time=17179.936..30321.671 rows=45 loops=1)
              Filter: ((role_id > 4) AND (person_id = 980914))
              Rows Removed by Filter: 36244299
        ->  Hash  (cost=25185.44..25185.44 rows=460978 width=4) (actual time=1860.566..1860.566 rows=459925 loops=1)
              Buckets: 131072  Batches: 8  Memory Usage: 3050kB
              ->  Seq Scan on movie_info_idx mi_idx  (cost=0.00..25185.44 rows=460978 width=4) (actual time=0.035..1629.324 rows=459925 loops=1)
                    Filter: (info_type_id = 99)
                    Rows Removed by Filter: 920110
  ->  Index Scan using title_pkey on title t  (cost=0.43..0.84 rows=1 width=4) (actual time=0.033..0.033 rows=1 loops=23)
        Index Cond: (id = mi_idx.movie_id)
        Filter: (kind_id > 3)
        Rows Removed by Filter: 0
Planning time: 1.222 ms
Execution time: 32256.512 ms
