Hash Join  (cost=263115.61..418021.46 rows=2696328 width=0) (actual time=13284.708..25633.658 rows=20833214 loops=1)
  Hash Cond: (mk.movie_id = t.id)
  ->  Seq Scan on movie_keyword mk  (cost=0.00..81003.12 rows=2613032 width=4) (actual time=0.028..5049.550 rows=2604670 loops=1)
        Filter: (keyword_id > 3306)
        Rows Removed by Filter: 1919260
  ->  Hash  (cost=220309.49..220309.49 rows=2609129 width=8) (actual time=13283.999..13283.999 rows=2609129 loops=1)
        Buckets: 131072  Batches: 64  Memory Usage: 2691kB
        ->  Hash Join  (cost=102767.86..220309.49 rows=2609129 width=8) (actual time=5864.802..12450.495 rows=2609129 loops=1)
              Hash Cond: (mc.movie_id = t.id)
              ->  Seq Scan on movie_companies mc  (cost=0.00..44881.29 rows=2609129 width=4) (actual time=0.019..3489.890 rows=2609129 loops=1)
              ->  Hash  (cost=61283.27..61283.27 rows=2528527 width=4) (actual time=5863.686..5863.686 rows=2528312 loops=1)
                    Buckets: 131072  Batches: 64  Memory Usage: 2415kB
                    ->  Seq Scan on title t  (cost=0.00..61283.27 rows=2528527 width=4) (actual time=0.014..4526.457 rows=2528312 loops=1)
Planning time: 1.274 ms
Execution time: 28144.019 ms
