Seq Scan on title t  (cost=0.00..67604.59 rows=7437 width=0) (actual time=0.083..3263.905 rows=7770 loops=1)
  Filter: (production_year = 1912)
  Rows Removed by Filter: 2520542
Planning time: 0.354 ms
Execution time: 3265.584 ms
