Hash Join  (cost=226444.02..799448.27 rows=8734432 width=0) (actual time=11524.103..55189.864 rows=45703177 loops=1)
  Hash Cond: (mi.movie_id = t.id)
  ->  Seq Scan on movie_info mi  (cost=0.00..309384.22 rows=14739122 width=4) (actual time=0.009..22113.393 rows=14835720 loops=1)
  ->  Hash  (cost=201859.89..201859.89 rows=1498410 width=8) (actual time=11522.374..11522.374 rows=1379224 loops=1)
        Buckets: 131072  Batches: 32  Memory Usage: 2751kB
        ->  Hash Join  (cost=105399.30..201859.89 rows=1498410 width=8) (actual time=6114.454..11089.300 rows=1379224 loops=1)
              Hash Cond: (mc.movie_id = t.id)
              ->  Seq Scan on movie_companies mc  (cost=0.00..51404.11 rows=1644676 width=4) (actual time=0.021..3110.665 rows=1634028 loops=1)
                    Filter: (company_id < 17533)
                    Rows Removed by Filter: 975101
              ->  Hash  (cost=67604.59..67604.59 rows=2303657 width=4) (actual time=6113.279..6113.279 rows=2295881 loops=1)
                    Buckets: 131072  Batches: 32  Memory Usage: 3550kB
                    ->  Seq Scan on title t  (cost=0.00..67604.59 rows=2303657 width=4) (actual time=0.014..4895.576 rows=2295881 loops=1)
                          Filter: (production_year > 1948)
                          Rows Removed by Filter: 232431
Planning time: 2.627 ms
Execution time: 60974.689 ms
