Seq Scan on movie_keyword mk  (cost=0.00..81003.12 rows=246 width=0) (actual time=0.517..3869.578 rows=2750 loops=1)
  Filter: (keyword_id = 1074)
  Rows Removed by Filter: 4521180
Planning time: 6.679 ms
Execution time: 3870.618 ms
