Hash Join  (cost=77429.84..109084.71 rows=38347 width=0) (actual time=4487.740..5514.256 rows=103686 loops=1)
  Hash Cond: (mi_idx.movie_id = t.id)
  ->  Seq Scan on movie_info_idx mi_idx  (cost=0.00..25185.44 rows=454124 width=4) (actual time=0.013..1213.213 rows=459925 loops=1)
        Filter: (info_type_id = 100)
        Rows Removed by Filter: 920110
  ->  Hash  (cost=73925.90..73925.90 rows=213515 width=4) (actual time=3675.579..3675.579 rows=341626 loops=1)
        Buckets: 131072  Batches: 4  Memory Usage: 4031kB
        ->  Seq Scan on title t  (cost=0.00..73925.90 rows=213515 width=4) (actual time=1005.540..3539.256 rows=341626 loops=1)
              Filter: ((production_year < 1995) AND (kind_id = 1))
              Rows Removed by Filter: 2186686
Planning time: 0.877 ms
Execution time: 5529.023 ms
