Hash Join  (cost=908995.04..1619927.01 rows=2667511 width=0) (actual time=57334.208..89514.990 rows=1988877 loops=1)
  Hash Cond: (mi.movie_id = t.id)
  ->  Seq Scan on movie_info mi  (cost=0.00..309384.22 rows=14739122 width=4) (actual time=0.019..21751.550 rows=14835720 loops=1)
  ->  Hash  (cost=901486.83..901486.83 rows=457617 width=8) (actual time=57331.725..57331.725 rows=500929 loops=1)
        Buckets: 131072  Batches: 8  Memory Usage: 3487kB
        ->  Hash Join  (cost=74389.43..901486.83 rows=457617 width=8) (actual time=3337.325..55229.646 rows=500929 loops=1)
              Hash Cond: (ci.movie_id = t.id)
              ->  Seq Scan on cast_info ci  (cost=0.00..705507.15 rows=31203755 width=4) (actual time=0.021..40093.100 rows=31170724 loops=1)
                    Filter: (person_id < 3161645)
                    Rows Removed by Filter: 5073620
              ->  Hash  (cost=73925.90..73925.90 rows=37082 width=4) (actual time=3336.578..3336.578 rows=41935 loops=1)
                    Buckets: 65536  Batches: 1  Memory Usage: 1987kB
                    ->  Seq Scan on title t  (cost=0.00..73925.90 rows=37082 width=4) (actual time=2.048..3318.663 rows=41935 loops=1)
                          Filter: ((kind_id = 7) AND (production_year = 2002))
                          Rows Removed by Filter: 2486377
Planning time: 5.561 ms
Execution time: 89771.572 ms
