Seq Scan on cast_info ci  (cost=0.00..705507.15 rows=7909526 width=0) (actual time=8.365..35341.345 rows=7786523 loops=1)
  Filter: (person_id < 758464)
  Rows Removed by Filter: 28457821
Planning time: 0.348 ms
Execution time: 36529.927 ms
