Hash Join  (cost=263115.61..1325580.44 rows=10843027 width=0) (actual time=14406.432..73268.188 rows=24564334 loops=1)
  Hash Cond: (ci.movie_id = t.id)
  ->  Seq Scan on cast_info ci  (cost=0.00..796071.18 rows=10508061 width=4) (actual time=178.038..43287.099 rows=11465137 loops=1)
        Filter: ((person_id < 1178690) AND (role_id < 10))
        Rows Removed by Filter: 24779207
  ->  Hash  (cost=220309.49..220309.49 rows=2609129 width=8) (actual time=14221.423..14221.423 rows=2609129 loops=1)
        Buckets: 131072  Batches: 64  Memory Usage: 2610kB
        ->  Hash Join  (cost=102767.86..220309.49 rows=2609129 width=8) (actual time=6401.343..13321.938 rows=2609129 loops=1)
              Hash Cond: (mc.movie_id = t.id)
              ->  Seq Scan on movie_companies mc  (cost=0.00..44881.29 rows=2609129 width=4) (actual time=0.026..3444.487 rows=2609129 loops=1)
              ->  Hash  (cost=61283.27..61283.27 rows=2528527 width=4) (actual time=6400.002..6400.002 rows=2528312 loops=1)
                    Buckets: 131072  Batches: 64  Memory Usage: 2415kB
                    ->  Seq Scan on title t  (cost=0.00..61283.27 rows=2528527 width=4) (actual time=0.015..4561.925 rows=2528312 loops=1)
Planning time: 6.182 ms
Execution time: 76214.206 ms
