Hash Join  (cost=156575.07..523586.83 rows=235583 width=0) (actual time=7477.292..26356.707 rows=3211271 loops=1)
  Hash Cond: (mi.movie_id = t.id)
  ->  Seq Scan on movie_info mi  (cost=0.00..309384.22 rows=14739122 width=4) (actual time=0.008..13893.653 rows=14835720 loops=1)
  ->  Hash  (cost=156069.88..156069.88 rows=40415 width=8) (actual time=7467.355..7467.355 rows=48893 loops=1)
        Buckets: 65536  Batches: 1  Memory Usage: 2422kB
        ->  Hash Join  (cost=68365.25..156069.88 rows=40415 width=8) (actual time=3190.296..7443.045 rows=48893 loops=1)
              Hash Cond: (mk.movie_id = t.id)
              ->  Seq Scan on movie_keyword mk  (cost=0.00..81003.12 rows=1679294 width=4) (actual time=0.015..3802.040 rows=1687405 loops=1)
                    Filter: (keyword_id < 2629)
                    Rows Removed by Filter: 2836525
              ->  Hash  (cost=67604.59..67604.59 rows=60853 width=4) (actual time=3189.838..3189.838 rows=62568 loops=1)
                    Buckets: 65536  Batches: 1  Memory Usage: 2712kB
                    ->  Seq Scan on title t  (cost=0.00..67604.59 rows=60853 width=4) (actual time=0.018..3162.347 rows=62568 loops=1)
                          Filter: (production_year = 2002)
                          Rows Removed by Filter: 2465744
Planning time: 1.231 ms
Execution time: 26797.454 ms
