Hash Join  (cost=132762.39..1215471.40 rows=4760678 width=0) (actual time=7145.148..74074.277 rows=16858215 loops=1)
  Hash Cond: (ci.movie_id = t.id)
  ->  Seq Scan on cast_info ci  (cost=0.00..614943.12 rows=36225612 width=4) (actual time=0.020..40471.224 rows=36244344 loops=1)
  ->  Hash  (cost=127309.73..127309.73 rows=332293 width=8) (actual time=7144.351..7144.351 rows=553378 loops=1)
        Buckets: 131072  Batches: 8  Memory Usage: 3738kB
        ->  Hash Join  (cost=83915.32..127309.73 rows=332293 width=8) (actual time=4179.937..6988.973 rows=553378 loops=1)
              Hash Cond: (mi_idx.movie_id = t.id)
              ->  Seq Scan on movie_info_idx mi_idx  (cost=0.00..21735.35 rows=1380035 width=4) (actual time=0.017..1528.499 rows=1380035 loops=1)
              ->  Hash  (cost=73925.90..73925.90 rows=608833 width=4) (actual time=4179.157..4179.157 rows=499571 loops=1)
                    Buckets: 131072  Batches: 8  Memory Usage: 3233kB
                    ->  Seq Scan on title t  (cost=0.00..73925.90 rows=608833 width=4) (actual time=1013.691..3968.491 rows=499571 loops=1)
                          Filter: ((production_year > 1947) AND (kind_id = 1))
                          Rows Removed by Filter: 2028741
Planning time: 1.097 ms
Execution time: 76295.723 ms
