Seq Scan on movie_keyword mk  (cost=0.00..81003.12 rows=246 width=0) (actual time=112.879..3794.631 rows=5 loops=1)
  Filter: (keyword_id = 93636)
  Rows Removed by Filter: 4523925
Planning time: 0.344 ms
Execution time: 3794.721 ms
