Hash Join  (cost=85590.92..462235.02 rows=170822 width=169) (actual time=3695.473..8619.110 rows=151866 loops=1)
  Hash Cond: (mi.movie_id = t.id)
  ->  Seq Scan on movie_info mi  (cost=0.00..346232.03 rows=651960 width=75) (actual time=1836.835..6155.104 rows=660923 loops=1)
        Filter: (info_type_id = 18)
        Rows Removed by Filter: 14174797
  ->  Hash  (cost=67604.59..67604.59 rows=662507 width=94) (actual time=1857.520..1857.520 rows=662065 loops=1)
        Buckets: 32768  Batches: 32  Memory Usage: 2597kB
        ->  Seq Scan on title t  (cost=0.00..67604.59 rows=662507 width=94) (actual time=0.041..1564.962 rows=662065 loops=1)
              Filter: (production_year > 2008)
              Rows Removed by Filter: 1866247
Planning time: 0.934 ms
Execution time: 8626.973 ms
