Seq Scan on movie_keyword mk  (cost=0.00..81003.12 rows=2253602 width=0) (actual time=0.019..4042.485 rows=2257232 loops=1)
  Filter: (keyword_id < 4673)
  Rows Removed by Filter: 2266698
Planning time: 0.300 ms
Execution time: 4353.158 ms
