Seq Scan on movie_companies mc  (cost=0.00..51404.11 rows=3914 width=0) (actual time=291.882..2201.275 rows=3796 loops=1)
  Filter: (company_id = 11244)
  Rows Removed by Filter: 2605333
Planning time: 1.658 ms
Execution time: 2202.143 ms
