Seq Scan on movie_keyword mk  (cost=0.00..81003.12 rows=1568340 width=0) (actual time=0.028..3584.315 rows=1585087 loops=1)
  Filter: (keyword_id > 9811)
  Rows Removed by Filter: 2938843
Planning time: 3.125 ms
Execution time: 3852.975 ms
