Hash Join  (cost=83440.39..1235253.25 rows=7349511 width=0) (actual time=1463.814..35018.059 rows=7024894 loops=1)
  Hash Cond: (ci.movie_id = t.id)
  ->  Seq Scan on cast_info ci  (cost=0.00..705507.15 rows=32047093 width=4) (actual time=0.024..16206.403 rows=32019624 loops=1)
        Filter: (person_id < 3285664)
        Rows Removed by Filter: 4224720
  ->  Hash  (cost=73925.90..73925.90 rows=579879 width=4) (actual time=1462.972..1462.972 rows=492958 loops=1)
        Buckets: 131072  Batches: 8  Memory Usage: 3188kB
        ->  Seq Scan on title t  (cost=0.00..73925.90 rows=579879 width=4) (actual time=0.027..1308.878 rows=492958 loops=1)
              Filter: ((kind_id < 7) AND (production_year > 1998))
              Rows Removed by Filter: 2035354
Planning time: 0.802 ms
Execution time: 35863.109 ms
