Hash Join  (cost=192400.42..705753.42 rows=3144007 width=0) (actual time=10648.178..44322.705 rows=12921721 loops=1)
  Hash Cond: (mi.movie_id = t.id)
  ->  Seq Scan on movie_info mi  (cost=0.00..309384.22 rows=14739122 width=4) (actual time=0.007..19817.219 rows=14835720 loops=1)
  ->  Hash  (cost=183551.41..183551.41 rows=539361 width=8) (actual time=10647.381..10647.381 rows=839875 loops=1)
        Buckets: 131072 (originally 131072)  Batches: 16 (originally 8)  Memory Usage: 3092kB
        ->  Hash Join  (cost=102767.86..183551.41 rows=539361 width=8) (actual time=6309.628..10370.218 rows=839875 loops=1)
              Hash Cond: (mc.movie_id = t.id)
              ->  Seq Scan on movie_companies mc  (cost=0.00..57926.93 rows=539361 width=4) (actual time=843.696..3063.906 rows=839875 loops=1)
                    Filter: ((company_id > 14538) AND (company_type_id > 1))
                    Rows Removed by Filter: 1769254
              ->  Hash  (cost=61283.27..61283.27 rows=2528527 width=4) (actual time=5464.666..5464.666 rows=2528312 loops=1)
                    Buckets: 131072  Batches: 64  Memory Usage: 2415kB
                    ->  Seq Scan on title t  (cost=0.00..61283.27 rows=2528527 width=4) (actual time=0.021..3886.861 rows=2528312 loops=1)
Planning time: 1.007 ms
Execution time: 45995.600 ms
