Seq Scan on movie_companies mc  (cost=0.00..57926.93 rows=1288715 width=0) (actual time=397.121..1218.667 rows=1254655 loops=1)
  Filter: ((company_id < 169928) AND (company_type_id > 1))
  Rows Removed by Filter: 1354474
Planning time: 0.353 ms
Execution time: 1393.403 ms
