Seq Scan on movie_keyword mk  (cost=0.00..81003.12 rows=90419 width=0) (actual time=0.037..1423.968 rows=100968 loops=1)
  Filter: (keyword_id < 92)
  Rows Removed by Filter: 4422962
Planning time: 0.337 ms
Execution time: 1439.034 ms
