Hash Join  (cost=521529.98..1397743.51 rows=4472754 width=0) (actual time=27445.461..48222.627 rows=12400367 loops=1)
  Hash Cond: (ci.movie_id = t.id)
  ->  Seq Scan on cast_info ci  (cost=0.00..705507.15 rows=9468168 width=4) (actual time=6641.834..18209.648 rows=9384703 loops=1)
        Filter: (role_id > 4)
        Rows Removed by Filter: 26859641
  ->  Hash  (cost=501933.05..501933.05 rows=1194474 width=8) (actual time=20801.376..20801.376 rows=2606928 loops=1)
        Buckets: 131072 (originally 131072)  Batches: 64 (originally 16)  Memory Usage: 3073kB
        ->  Hash Join  (cost=83891.93..501933.05 rows=1194474 width=8) (actual time=3795.472..20029.508 rows=2606928 loops=1)
              Hash Cond: (mi.movie_id = t.id)
              ->  Seq Scan on movie_info mi  (cost=0.00..346232.03 rows=4972096 width=4) (actual time=0.034..12043.264 rows=4923966 loops=1)
                    Filter: (info_type_id < 5)
                    Rows Removed by Filter: 9911754
              ->  Hash  (cost=73925.90..73925.90 rows=607442 width=4) (actual time=3794.568..3794.568 rows=675690 loops=1)
                    Buckets: 131072  Batches: 8  Memory Usage: 4021kB
                    ->  Seq Scan on title t  (cost=0.00..73925.90 rows=607442 width=4) (actual time=0.025..3528.545 rows=675690 loops=1)
                          Filter: ((kind_id < 7) AND (production_year < 2007))
                          Rows Removed by Filter: 1852622
Planning time: 1.124 ms
Execution time: 49688.107 ms
