Seq Scan on movie_keyword mk  (cost=0.00..81003.12 rows=2256443 width=0) (actual time=0.023..1509.337 rows=2260320 loops=1)
  Filter: (keyword_id < 4690)
  Rows Removed by Filter: 2263610
Planning time: 0.335 ms
Execution time: 1787.437 ms
