Nested Loop  (cost=0.43..83072.29 rows=4 width=0) (actual time=515.501..1339.420 rows=1 loops=1)
  ->  Seq Scan on movie_keyword mk  (cost=0.00..81003.12 rows=246 width=4) (actual time=5.044..1336.324 rows=68 loops=1)
        Filter: (keyword_id = 6262)
        Rows Removed by Filter: 4523862
  ->  Index Scan using title_pkey on title t  (cost=0.43..8.40 rows=1 width=4) (actual time=0.041..0.041 rows=0 loops=68)
        Index Cond: (id = mk.movie_id)
        Filter: (production_year = 1995)
        Rows Removed by Filter: 1
Planning time: 4.617 ms
Execution time: 1339.533 ms
