Seq Scan on movie_keyword mk  (cost=0.00..81003.12 rows=1140633 width=0) (actual time=0.013..1440.410 rows=1148769 loops=1)
  Filter: (keyword_id < 1322)
  Rows Removed by Filter: 3375161
Planning time: 0.571 ms
Execution time: 1584.364 ms
