Nested Loop  (cost=0.43..797069.17 rows=118 width=0) (actual time=11267.553..12862.044 rows=1 loops=1)
  ->  Seq Scan on cast_info ci  (cost=0.00..796071.18 rows=118 width=4) (actual time=11267.189..12861.671 rows=1 loops=1)
        Filter: ((role_id > 5) AND (person_id = 2948464))
        Rows Removed by Filter: 36244343
  ->  Index Only Scan using title_pkey on title t  (cost=0.43..8.45 rows=1 width=4) (actual time=0.337..0.338 rows=1 loops=1)
        Index Cond: (id = ci.movie_id)
        Heap Fetches: 1
Planning time: 0.768 ms
Execution time: 12862.121 ms
