Seq Scan on cast_info ci  (cost=0.00..796071.18 rows=4523103 width=0) (actual time=4017.436..12453.704 rows=5386432 loops=1)
  Filter: ((person_id < 652623) AND (role_id < 4))
  Rows Removed by Filter: 30857912
Planning time: 0.334 ms
Execution time: 13133.032 ms
