Hash Join  (cost=107047.93..162191.11 rows=47765 width=0) (actual time=1987.378..3102.788 rows=129732 loops=1)
  Hash Cond: (mc.movie_id = t.id)
  ->  Seq Scan on movie_companies mc  (cost=0.00..44881.29 rows=2609129 width=4) (actual time=0.016..555.809 rows=2609129 loops=1)
  ->  Hash  (cost=106469.30..106469.30 rows=46290 width=8) (actual time=1986.972..1986.972 rows=40229 loops=1)
        Buckets: 65536  Batches: 1  Memory Usage: 2084kB
        ->  Hash Join  (cost=69694.50..106469.30 rows=46290 width=8) (actual time=1163.186..1975.239 rows=40229 loops=1)
              Hash Cond: (mi_idx.movie_id = t.id)
              ->  Seq Scan on movie_info_idx mi_idx  (cost=0.00..25185.44 rows=919057 width=4) (actual time=0.017..517.962 rows=920110 loops=1)
                    Filter: (info_type_id > 99)
                    Rows Removed by Filter: 459925
              ->  Hash  (cost=67604.59..67604.59 rows=127353 width=4) (actual time=1162.429..1162.429 rows=128696 loops=1)
                    Buckets: 131072  Batches: 2  Memory Usage: 3284kB
                    ->  Seq Scan on title t  (cost=0.00..67604.59 rows=127353 width=4) (actual time=0.030..1113.965 rows=128696 loops=1)
                          Filter: (production_year = 2009)
                          Rows Removed by Filter: 2399616
Planning time: 1.207 ms
Execution time: 3118.041 ms
