Seq Scan on cast_info ci  (cost=0.00..796071.18 rows=125627 width=0) (actual time=3997.418..11271.170 rows=76379 loops=1)
  Filter: ((person_id < 105506) AND (role_id = 3))
  Rows Removed by Filter: 36167965
Planning time: 2.042 ms
Execution time: 11281.109 ms
