Seq Scan on movie_keyword mk  (cost=0.00..81003.12 rows=1381671 width=0) (actual time=0.019..4652.608 rows=1394116 loops=1)
  Filter: (keyword_id < 1884)
  Rows Removed by Filter: 3129814
Planning time: 0.338 ms
Execution time: 4937.720 ms
