Hash Join  (cost=299355.01..1335389.69 rows=10009174 width=0) (actual time=5859.318..23933.976 rows=3694336 loops=1)
  Hash Cond: (ci.movie_id = t.id)
  ->  Seq Scan on cast_info ci  (cost=0.00..796071.18 rows=9180604 width=4) (actual time=0.023..13917.075 rows=6974055 loops=1)
        Filter: ((person_id > 2654503) AND (role_id < 10))
        Rows Removed by Filter: 29270289
  ->  Hash  (cost=254126.86..254126.86 rows=2756732 width=8) (actual time=5853.012..5853.012 rows=645461 loops=1)
        Buckets: 131072  Batches: 64  Memory Usage: 1402kB
        ->  Hash Join  (cost=92883.59..254126.86 rows=2756732 width=8) (actual time=2196.468..5653.323 rows=645461 loops=1)
              Hash Cond: (mk.movie_id = t.id)
              ->  Seq Scan on movie_keyword mk  (cost=0.00..69693.30 rows=4523930 width=4) (actual time=0.013..1484.619 rows=4523930 loops=1)
              ->  Hash  (cost=67604.59..67604.59 rows=1540800 width=4) (actual time=1705.198..1705.198 rows=1543264 loops=1)
                    Buckets: 131072  Batches: 32  Memory Usage: 2728kB
                    ->  Seq Scan on title t  (cost=0.00..67604.59 rows=1540800 width=4) (actual time=198.571..1208.276 rows=1543264 loops=1)
                          Filter: (kind_id = 7)
                          Rows Removed by Filter: 985048
Planning time: 1.215 ms
Execution time: 24303.588 ms
