Seq Scan on title t  (cost=0.00..73925.90 rows=2905 width=0) (actual time=1.131..1108.363 rows=4122 loops=1)
  Filter: ((kind_id < 7) AND (production_year = 1960))
  Rows Removed by Filter: 2524190
Planning time: 0.351 ms
Execution time: 1109.377 ms
