Hash Join  (cost=86810.27..225930.72 rows=1405041 width=0) (actual time=1367.729..5477.412 rows=2812835 loops=1)
  Hash Cond: (mk.movie_id = t.id)
  ->  Seq Scan on movie_keyword mk  (cost=0.00..69693.30 rows=4523930 width=4) (actual time=0.015..1350.055 rows=4523930 loops=1)
  ->  Hash  (cost=73925.90..73925.90 rows=785309 width=4) (actual time=1365.584..1365.584 rows=695753 loops=1)
        Buckets: 131072  Batches: 16  Memory Usage: 2562kB
        ->  Seq Scan on title t  (cost=0.00..73925.90 rows=785309 width=4) (actual time=0.018..1141.704 rows=695753 loops=1)
              Filter: ((kind_id < 7) AND (production_year > 1975))
              Rows Removed by Filter: 1832559
Planning time: 0.745 ms
Execution time: 5810.590 ms
