Seq Scan on movie_keyword mk  (cost=0.00..81003.12 rows=3884367 width=0) (actual time=0.019..1619.040 rows=3882448 loops=1)
  Filter: (keyword_id > 496)
  Rows Removed by Filter: 641482
Planning time: 0.328 ms
Execution time: 2106.993 ms
