Seq Scan on movie_companies mc  (cost=0.00..51404.11 rows=1785163 width=0) (actual time=0.018..942.021 rows=1776152 loops=1)
  Filter: (company_id < 27012)
  Rows Removed by Filter: 832977
Planning time: 0.334 ms
Execution time: 1145.166 ms
