Nested Loop  (cost=0.43..83072.29 rows=36 width=0) (actual time=5.295..1252.317 rows=1191 loops=1)
  ->  Seq Scan on movie_keyword mk  (cost=0.00..81003.12 rows=246 width=4) (actual time=0.052..1161.510 rows=2742 loops=1)
        Filter: (keyword_id = 3037)
        Rows Removed by Filter: 4521188
  ->  Index Scan using title_pkey on title t  (cost=0.43..8.40 rows=1 width=4) (actual time=0.032..0.032 rows=0 loops=2742)
        Index Cond: (id = mk.movie_id)
        Filter: (production_year < 1970)
        Rows Removed by Filter: 1
Planning time: 0.759 ms
Execution time: 1252.820 ms
