Seq Scan on cast_info ci  (cost=0.00..705507.15 rows=25605474 width=0) (actual time=0.021..13534.828 rows=25793401 loops=1)
  Filter: (person_id > 1025831)
  Rows Removed by Filter: 10450943
Planning time: 0.293 ms
Execution time: 16767.460 ms
