Hash Join  (cost=117766.69..606478.82 rows=834624 width=0) (actual time=2475.488..15335.249 rows=2914892 loops=1)
  Hash Cond: (mi.movie_id = t.id)
  ->  Seq Scan on movie_info mi  (cost=0.00..309384.22 rows=14739122 width=4) (actual time=0.016..6165.361 rows=14835720 loops=1)
  ->  Hash  (cost=115416.92..115416.92 rows=143181 width=8) (actual time=2473.900..2473.900 rows=174934 loops=1)
        Buckets: 131072 (originally 131072)  Batches: 4 (originally 2)  Memory Usage: 3073kB
        ->  Hash Join  (cost=80380.17..115416.92 rows=143181 width=8) (actual time=1517.670..2408.096 rows=174934 loops=1)
              Hash Cond: (mi_idx.movie_id = t.id)
              ->  Seq Scan on movie_info_idx mi_idx  (cost=0.00..25185.44 rows=464934 width=4) (actual time=0.024..453.749 rows=460185 loops=1)
                    Filter: (info_type_id > 100)
                    Rows Removed by Filter: 919850
              ->  Hash  (cost=67604.59..67604.59 rows=778687 width=4) (actual time=1516.665..1516.665 rows=782677 loops=1)
                    Buckets: 131072  Batches: 16  Memory Usage: 2744kB
                    ->  Seq Scan on title t  (cost=0.00..67604.59 rows=778687 width=4) (actual time=0.015..1266.218 rows=782677 loops=1)
                          Filter: (production_year < 1994)
                          Rows Removed by Filter: 1745635
Planning time: 1.039 ms
Execution time: 15633.283 ms
