Hash Join  (cost=52284.99..138944.89 rows=186 width=0) (actual time=874.618..2631.472 rows=471 loops=1)
  Hash Cond: (mk.movie_id = t.id)
  ->  Seq Scan on movie_keyword mk  (cost=0.00..69693.30 rows=4523930 width=4) (actual time=0.011..1082.688 rows=4523930 loops=1)
  ->  Hash  (cost=52283.69..52283.69 rows=104 width=8) (actual time=792.492..792.492 rows=644 loops=1)
        Buckets: 1024  Batches: 1  Memory Usage: 34kB
        ->  Nested Loop  (cost=0.43..52283.69 rows=104 width=8) (actual time=28.796..792.195 rows=644 loops=1)
              ->  Seq Scan on movie_companies mc  (cost=0.00..51404.11 rows=104 width=4) (actual time=28.693..780.141 rows=644 loops=1)
                    Filter: (company_id = 73644)
                    Rows Removed by Filter: 2608485
              ->  Index Only Scan using title_pkey on title t  (cost=0.43..8.45 rows=1 width=4) (actual time=0.018..0.018 rows=1 loops=644)
                    Index Cond: (id = mc.movie_id)
                    Heap Fetches: 644
Planning time: 2.420 ms
Execution time: 2631.630 ms
