Seq Scan on movie_keyword mk  (cost=0.00..81003.12 rows=246 width=0) (actual time=0.046..1395.849 rows=318 loops=1)
  Filter: (keyword_id = 1760)
  Rows Removed by Filter: 4523612
Planning time: 0.385 ms
Execution time: 1396.116 ms
