Seq Scan on cast_info ci  (cost=0.00..796071.18 rows=27794292 width=0) (actual time=0.013..17805.991 rows=27908430 loops=1)
  Filter: ((person_id > 101865) AND (role_id < 8))
  Rows Removed by Filter: 8335914
Planning time: 14.874 ms
Execution time: 21237.894 ms
