Hash Join  (cost=798791.46..825703.71 rows=177 width=0) (actual time=13190.536..13534.107 rows=6 loops=1)
  Hash Cond: (mi_idx.movie_id = t.id)
  ->  Seq Scan on movie_info_idx mi_idx  (cost=0.00..21735.35 rows=1380035 width=4) (actual time=0.035..271.741 rows=1380035 loops=1)
  ->  Hash  (cost=798787.41..798787.41 rows=324 width=8) (actual time=13024.292..13024.292 rows=29 loops=1)
        Buckets: 1024  Batches: 1  Memory Usage: 10kB
        ->  Nested Loop  (cost=0.43..798787.41 rows=324 width=8) (actual time=2405.160..13024.239 rows=29 loops=1)
              ->  Seq Scan on cast_info ci  (cost=0.00..796071.18 rows=324 width=4) (actual time=2404.992..13023.350 rows=29 loops=1)
                    Filter: ((role_id > 1) AND (person_id = 1739797))
                    Rows Removed by Filter: 36244315
              ->  Index Only Scan using title_pkey on title t  (cost=0.43..8.37 rows=1 width=4) (actual time=0.027..0.027 rows=1 loops=29)
                    Index Cond: (id = ci.movie_id)
                    Heap Fetches: 29
Planning time: 0.951 ms
Execution time: 13534.244 ms
