Hash Join  (cost=909748.37..1399214.82 rows=905352 width=0) (actual time=47840.938..80475.478 rows=2742850 loops=1)
  Hash Cond: (mi.movie_id = t.id)
  ->  Seq Scan on movie_info mi  (cost=0.00..309384.22 rows=14739122 width=4) (actual time=0.013..22199.230 rows=14835720 loops=1)
  ->  Hash  (cost=907199.94..907199.94 rows=155315 width=8) (actual time=47840.083..47840.083 rows=343589 loops=1)
        Buckets: 131072 (originally 131072)  Batches: 8 (originally 4)  Memory Usage: 3073kB
        ->  Hash Join  (cost=69484.36..907199.94 rows=155315 width=8) (actual time=31725.875..47621.907 rows=343589 loops=1)
              Hash Cond: (ci.movie_id = t.id)
              ->  Seq Scan on cast_info ci  (cost=0.00..796071.18 rows=3428598 width=4) (actual time=28312.735..39922.033 rows=6112316 loops=1)
                    Filter: ((person_id > 1907824) AND (role_id = 2))
                    Rows Removed by Filter: 30132028
              ->  Hash  (cost=67604.59..67604.59 rows=114542 width=4) (actual time=3412.341..3412.341 rows=118234 loops=1)
                    Buckets: 131072  Batches: 2  Memory Usage: 3101kB
                    ->  Seq Scan on title t  (cost=0.00..67604.59 rows=114542 width=4) (actual time=1321.270..3332.575 rows=118234 loops=1)
                          Filter: (kind_id = 4)
                          Rows Removed by Filter: 2410078
Planning time: 1.207 ms
Execution time: 80905.036 ms
