Hash Join  (cost=433328.88..1338650.28 rows=184148 width=0) (actual time=14516.087..30403.617 rows=802447 loops=1)
  Hash Cond: (ci.movie_id = t.id)
  ->  Seq Scan on cast_info ci  (cost=0.00..796071.18 rows=10740873 width=4) (actual time=5832.076..17057.876 rows=12670688 loops=1)
        Filter: ((person_id < 3076547) AND (role_id = 1))
        Rows Removed by Filter: 23573656
  ->  Hash  (cost=432786.99..432786.99 rows=43351 width=8) (actual time=8683.253..8683.253 rows=86236 loops=1)
        Buckets: 131072 (originally 65536)  Batches: 2 (originally 1)  Memory Usage: 3073kB
        ->  Hash Join  (cost=67697.55..432786.99 rows=43351 width=8) (actual time=859.698..8638.341 rows=86236 loops=1)
              Hash Cond: (mi.movie_id = t.id)
              ->  Seq Scan on movie_info mi  (cost=0.00..309384.22 rows=14739122 width=4) (actual time=0.018..4414.163 rows=14835720 loops=1)
              ->  Hash  (cost=67604.59..67604.59 rows=7437 width=4) (actual time=858.103..858.103 rows=11073 loops=1)
                    Buckets: 16384 (originally 8192)  Batches: 1 (originally 1)  Memory Usage: 518kB
                    ->  Seq Scan on title t  (cost=0.00..67604.59 rows=7437 width=4) (actual time=0.132..853.464 rows=11073 loops=1)
                          Filter: (production_year = 1961)
                          Rows Removed by Filter: 2517239
Planning time: 1.197 ms
Execution time: 30502.251 ms
