Hash Join  (cost=102767.86..196233.14 rows=1066360 width=0) (actual time=1824.933..3941.873 rows=812888 loops=1)
  Hash Cond: (mc.movie_id = t.id)
  ->  Seq Scan on movie_companies mc  (cost=0.00..57926.93 rows=1066360 width=4) (actual time=0.024..1037.538 rows=812888 loops=1)
        Filter: ((company_id < 73226) AND (company_type_id = 2))
        Rows Removed by Filter: 1796241
  ->  Hash  (cost=61283.27..61283.27 rows=2528527 width=4) (actual time=1823.594..1823.594 rows=2528312 loops=1)
        Buckets: 131072  Batches: 64  Memory Usage: 2415kB
        ->  Seq Scan on title t  (cost=0.00..61283.27 rows=2528527 width=4) (actual time=0.017..995.239 rows=2528312 loops=1)
Planning time: 0.723 ms
Execution time: 4036.795 ms
