Hash Join  (cost=83073.74..833879.52 rows=1663 width=0) (actual time=1440.650..17240.999 rows=1684 loops=1)
  Hash Cond: (ci.movie_id = t.id)
  ->  Seq Scan on cast_info ci  (cost=0.00..614943.12 rows=36225612 width=4) (actual time=0.021..8919.791 rows=36244344 loops=1)
  ->  Hash  (cost=83072.29..83072.29 rows=116 width=8) (actual time=1429.682..1429.682 rows=24 loops=1)
        Buckets: 1024  Batches: 1  Memory Usage: 9kB
        ->  Nested Loop  (cost=0.43..83072.29 rows=116 width=8) (actual time=7.782..1429.624 rows=24 loops=1)
              ->  Seq Scan on movie_keyword mk  (cost=0.00..81003.12 rows=246 width=4) (actual time=7.723..1427.531 rows=46 loops=1)
                    Filter: (keyword_id = 30306)
                    Rows Removed by Filter: 4523884
              ->  Index Scan using title_pkey on title t  (cost=0.43..8.40 rows=1 width=4) (actual time=0.040..0.041 rows=1 loops=46)
                    Index Cond: (id = mk.movie_id)
                    Filter: (production_year > 2003)
                    Rows Removed by Filter: 0
Planning time: 2.517 ms
Execution time: 17242.345 ms
