Hash Join  (cost=184333.48..1403195.10 rows=14932642 width=0) (actual time=4504.125..47916.028 rows=32942374 loops=1)
  Hash Cond: (ci.movie_id = t.id)
  ->  Seq Scan on cast_info ci  (cost=0.00..705507.15 rows=31072808 width=4) (actual time=0.022..16847.244 rows=31193450 loops=1)
        Filter: (person_id > 488409)
        Rows Removed by Filter: 5050894
  ->  Hash  (cost=164397.32..164397.32 rows=1215133 width=8) (actual time=4503.015..4503.015 rows=1310384 loops=1)
        Buckets: 131072 (originally 131072)  Batches: 32 (originally 16)  Memory Usage: 3073kB
        ->  Hash Join  (cost=104131.46..164397.32 rows=1215133 width=8) (actual time=2189.892..4103.648 rows=1310384 loops=1)
              Hash Cond: (mi_idx.movie_id = t.id)
              ->  Seq Scan on movie_info_idx mi_idx  (cost=0.00..21735.35 rows=1380035 width=4) (actual time=0.022..457.017 rows=1380035 loops=1)
              ->  Hash  (cost=67604.59..67604.59 rows=2226390 width=4) (actual time=2188.821..2188.821 rows=2224569 loops=1)
                    Buckets: 131072  Batches: 32  Memory Usage: 3463kB
                    ->  Seq Scan on title t  (cost=0.00..67604.59 rows=2226390 width=4) (actual time=0.023..1466.987 rows=2224569 loops=1)
                          Filter: (production_year < 2012)
                          Rows Removed by Filter: 303743
Planning time: 1.123 ms
Execution time: 51503.240 ms
