Hash Join  (cost=922308.06..991519.76 rows=169939 width=0) (actual time=19566.389..21480.103 rows=261097 loops=1)
  Hash Cond: (mc.movie_id = t.id)
  ->  Seq Scan on movie_companies mc  (cost=0.00..51404.11 rows=1279517 width=4) (actual time=271.993..941.244 rows=1274246 loops=1)
        Filter: (company_type_id < 2)
        Rows Removed by Filter: 1334883
  ->  Hash  (cost=916798.23..916798.23 rows=335827 width=8) (actual time=19293.495..19293.495 rows=145536 loops=1)
        Buckets: 131072  Batches: 8  Memory Usage: 1734kB
        ->  Hash Join  (cost=102767.86..916798.23 rows=335827 width=8) (actual time=16716.346..19247.428 rows=145536 loops=1)
              Hash Cond: (ci.movie_id = t.id)
              ->  Seq Scan on cast_info ci  (cost=0.00..796071.18 rows=335827 width=4) (actual time=14041.170..16030.879 rows=145536 loops=1)
                    Filter: ((person_id < 3768378) AND (role_id > 10))
                    Rows Removed by Filter: 36098808
              ->  Hash  (cost=61283.27..61283.27 rows=2528527 width=4) (actual time=2674.016..2674.016 rows=2528312 loops=1)
                    Buckets: 131072  Batches: 64  Memory Usage: 2415kB
                    ->  Seq Scan on title t  (cost=0.00..61283.27 rows=2528527 width=4) (actual time=0.024..1124.034 rows=2528312 loops=1)
Planning time: 1.154 ms
Execution time: 21520.174 ms
