Hash Join  (cost=67697.55..154488.65 rows=13306 width=0) (actual time=996.993..2855.078 rows=33638 loops=1)
  Hash Cond: (mk.movie_id = t.id)
  ->  Seq Scan on movie_keyword mk  (cost=0.00..69693.30 rows=4523930 width=4) (actual time=0.023..1005.158 rows=4523930 loops=1)
  ->  Hash  (cost=67604.59..67604.59 rows=7437 width=4) (actual time=996.374..996.374 rows=14054 loops=1)
        Buckets: 16384 (originally 8192)  Batches: 1 (originally 1)  Memory Usage: 623kB
        ->  Seq Scan on title t  (cost=0.00..67604.59 rows=7437 width=4) (actual time=0.095..989.419 rows=14054 loops=1)
              Filter: (production_year = 1975)
              Rows Removed by Filter: 2514258
Planning time: 0.711 ms
Execution time: 2859.837 ms
