Hash Join  (cost=137214.02..209888.15 rows=118158 width=0) (actual time=2795.563..5280.172 rows=120002 loops=1)
  Hash Cond: (mc.movie_id = t.id)
  ->  Seq Scan on movie_companies mc  (cost=0.00..57926.93 rows=1079632 width=4) (actual time=4.834..1228.362 rows=1203201 loops=1)
        Filter: ((company_id > 424) AND (company_type_id > 1))
        Rows Removed by Filter: 1405928
  ->  Hash  (cost=132673.92..132673.92 rows=276728 width=8) (actual time=2789.980..2789.980 rows=141906 loops=1)
        Buckets: 131072  Batches: 4  Memory Usage: 2407kB
        ->  Hash Join  (cost=92883.59..132673.92 rows=276728 width=8) (actual time=1804.507..2744.899 rows=141906 loops=1)
              Hash Cond: (mi_idx.movie_id = t.id)
              ->  Seq Scan on movie_info_idx mi_idx  (cost=0.00..25185.44 rows=454124 width=4) (actual time=0.027..493.340 rows=459925 loops=1)
                    Filter: (info_type_id = 100)
                    Rows Removed by Filter: 920110
              ->  Hash  (cost=67604.59..67604.59 rows=1540800 width=4) (actual time=1706.120..1706.120 rows=1543264 loops=1)
                    Buckets: 131072  Batches: 32  Memory Usage: 2722kB
                    ->  Seq Scan on title t  (cost=0.00..67604.59 rows=1540800 width=4) (actual time=0.018..1201.757 rows=1543264 loops=1)
                          Filter: (kind_id = 7)
                          Rows Removed by Filter: 985048
Planning time: 1.135 ms
Execution time: 5295.054 ms
