Nested Loop  (cost=0.43..118469.54 rows=334 width=0) (actual time=614.851..1400.343 rows=1 loops=1)
  ->  Seq Scan on movie_keyword mk  (cost=0.00..81003.12 rows=5127 width=4) (actual time=58.834..1337.655 rows=4338 loops=1)
        Filter: (keyword_id = 3662)
        Rows Removed by Filter: 4519592
  ->  Index Scan using title_pkey on title t  (cost=0.43..7.30 rows=1 width=4) (actual time=0.014..0.014 rows=0 loops=4338)
        Index Cond: (id = mk.movie_id)
        Filter: (production_year = 2012)
        Rows Removed by Filter: 1
Planning time: 0.700 ms
Execution time: 1400.435 ms
