Seq Scan on movie_companies mc  (cost=0.00..57926.93 rows=1066512 width=0) (actual time=0.025..2677.459 rows=813183 loops=1)
  Filter: ((company_id < 73242) AND (company_type_id > 1))
  Rows Removed by Filter: 1795946
Planning time: 7.281 ms
Execution time: 2823.422 ms
