Hash Join  (cost=78249.37..899567.69 rows=948884 width=0) (actual time=1067.808..17339.990 rows=273979 loops=1)
  Hash Cond: (ci.movie_id = t.id)
  ->  Seq Scan on cast_info ci  (cost=0.00..705507.15 rows=9106222 width=4) (actual time=0.030..12498.326 rows=9109170 loops=1)
        Filter: (person_id > 2787296)
        Rows Removed by Filter: 27135174
  ->  Hash  (cost=73925.90..73925.90 rows=263477 width=4) (actual time=1066.979..1066.979 rows=153864 loops=1)
        Buckets: 131072  Batches: 4  Memory Usage: 2376kB
        ->  Seq Scan on title t  (cost=0.00..73925.90 rows=263477 width=4) (actual time=126.349..1015.595 rows=153864 loops=1)
              Filter: ((production_year < 1974) AND (kind_id = 7))
              Rows Removed by Filter: 2374448
Planning time: 1.150 ms
Execution time: 17372.964 ms
