Seq Scan on cast_info ci  (cost=0.00..796071.18 rows=922202 width=0) (actual time=7725.600..11705.190 rows=1427788 loops=1)
  Filter: ((person_id > 3782432) AND (role_id > 1))
  Rows Removed by Filter: 34816556
Planning time: 0.312 ms
Execution time: 11882.591 ms
