Hash Join  (cost=178151.20..209655.84 rows=33624 width=0) (actual time=3613.381..4395.216 rows=168940 loops=1)
  Hash Cond: (mi_idx.movie_id = t.id)
  ->  Seq Scan on movie_info_idx mi_idx  (cost=0.00..25185.44 rows=454124 width=4) (actual time=0.023..452.375 rows=459925 loops=1)
        Filter: (info_type_id = 100)
        Rows Removed by Filter: 920110
  ->  Hash  (cost=175079.02..175079.02 rows=187214 width=8) (actual time=3612.455..3612.455 rows=370154 loops=1)
        Buckets: 131072 (originally 131072)  Batches: 8 (originally 4)  Memory Usage: 3073kB
        ->  Hash Join  (cost=102767.86..175079.02 rows=187214 width=8) (actual time=2064.274..3512.746 rows=370154 loops=1)
              Hash Cond: (mc.movie_id = t.id)
              ->  Seq Scan on movie_companies mc  (cost=0.00..57926.93 rows=187214 width=4) (actual time=37.436..881.121 rows=370154 loops=1)
                    Filter: ((company_id > 85488) AND (company_type_id = 2))
                    Rows Removed by Filter: 2238975
              ->  Hash  (cost=61283.27..61283.27 rows=2528527 width=4) (actual time=2025.413..2025.413 rows=2528312 loops=1)
                    Buckets: 131072  Batches: 64  Memory Usage: 2415kB
                    ->  Seq Scan on title t  (cost=0.00..61283.27 rows=2528527 width=4) (actual time=0.018..965.745 rows=2528312 loops=1)
Planning time: 1.065 ms
Execution time: 4414.283 ms
