Hash Join  (cost=88391.98..632643.47 rows=4508278 width=0) (actual time=1693.199..15890.177 rows=2325115 loops=1)
  Hash Cond: (mi.movie_id = t.id)
  ->  Seq Scan on movie_info mi  (cost=0.00..346232.03 rows=12928982 width=4) (actual time=161.184..7322.883 rows=12970088 loops=1)
        Filter: (info_type_id < 18)
        Rows Removed by Filter: 1865632
  ->  Hash  (cost=73925.90..73925.90 rows=881686 width=4) (actual time=1531.121..1531.121 rows=801513 loops=1)
        Buckets: 131072  Batches: 16  Memory Usage: 2792kB
        ->  Seq Scan on title t  (cost=0.00..73925.90 rows=881686 width=4) (actual time=0.020..1271.413 rows=801513 loops=1)
              Filter: ((production_year < 2006) AND (kind_id = 7))
              Rows Removed by Filter: 1726799
Planning time: 0.809 ms
Execution time: 16177.018 ms
