Hash Join  (cost=209317.86..730914.91 rows=3916610 width=0) (actual time=4313.090..27299.478 rows=44607338 loops=1)
  Hash Cond: (mi.movie_id = t.id)
  ->  Seq Scan on movie_info mi  (cost=0.00..309384.22 rows=14739122 width=4) (actual time=0.018..6233.326 rows=14835720 loops=1)
  ->  Hash  (cost=198294.07..198294.07 rows=671903 width=8) (actual time=4312.229..4312.229 rows=834754 loops=1)
        Buckets: 131072  Batches: 16  Memory Usage: 3172kB
        ->  Hash Join  (cost=91342.70..198294.07 rows=671903 width=8) (actual time=1750.105..4051.564 rows=834754 loops=1)
              Hash Cond: (mk.movie_id = t.id)
              ->  Seq Scan on movie_keyword mk  (cost=0.00..81003.12 rows=1174191 width=4) (actual time=0.016..1254.161 rows=1186894 loops=1)
                    Filter: (keyword_id > 15646)
                    Rows Removed by Filter: 3337036
              ->  Hash  (cost=67604.59..67604.59 rows=1446889 width=4) (actual time=1748.833..1748.833 rows=1443298 loops=1)
                    Buckets: 131072  Batches: 32  Memory Usage: 2616kB
                    ->  Seq Scan on title t  (cost=0.00..67604.59 rows=1446889 width=4) (actual time=0.013..1268.255 rows=1443298 loops=1)
                          Filter: (production_year < 2006)
                          Rows Removed by Filter: 1085014
Planning time: 0.725 ms
Execution time: 31982.659 ms
