Hash Join  (cost=215036.82..763180.26 rows=6404551 width=0) (actual time=9088.093..43815.211 rows=11974760 loops=1)
  Hash Cond: (mi.movie_id = t.id)
  ->  Seq Scan on movie_info mi  (cost=0.00..309384.22 rows=14739122 width=4) (actual time=0.014..20307.728 rows=14835720 loops=1)
  ->  Hash  (cost=197010.90..197010.90 rows=1098714 width=8) (actual time=9087.181..9087.181 rows=878370 loops=1)
        Buckets: 131072  Batches: 16  Memory Usage: 3166kB
        ->  Hash Join  (cost=102767.86..197010.90 rows=1098714 width=8) (actual time=5930.013..8800.712 rows=878370 loops=1)
              Hash Cond: (mc.movie_id = t.id)
              ->  Seq Scan on movie_companies mc  (cost=0.00..57926.93 rows=1098714 width=4) (actual time=1228.058..2769.691 rows=878370 loops=1)
                    Filter: ((company_id < 76832) AND (company_type_id = 2))
                    Rows Removed by Filter: 1730759
              ->  Hash  (cost=61283.27..61283.27 rows=2528527 width=4) (actual time=4700.598..4700.598 rows=2528312 loops=1)
                    Buckets: 131072  Batches: 64  Memory Usage: 2415kB
                    ->  Seq Scan on title t  (cost=0.00..61283.27 rows=2528527 width=4) (actual time=0.015..3591.453 rows=2528312 loops=1)
Planning time: 1.154 ms
Execution time: 45516.283 ms
