Hash Join  (cost=92883.59..179551.55 rows=732318 width=0) (actual time=1919.491..3951.186 rows=216938 loops=1)
  Hash Cond: (mc.movie_id = t.id)
  ->  Seq Scan on movie_companies mc  (cost=0.00..57926.93 rows=1201769 width=4) (actual time=78.739..1210.009 rows=1150147 loops=1)
        Filter: ((company_id > 27) AND (company_type_id = 1))
        Rows Removed by Filter: 1458982
  ->  Hash  (cost=67604.59..67604.59 rows=1540800 width=4) (actual time=1839.035..1839.035 rows=1543264 loops=1)
        Buckets: 131072  Batches: 32  Memory Usage: 2722kB
        ->  Seq Scan on title t  (cost=0.00..67604.59 rows=1540800 width=4) (actual time=0.026..1338.370 rows=1543264 loops=1)
              Filter: (kind_id = 7)
              Rows Removed by Filter: 985048
Planning time: 1.125 ms
Execution time: 3978.115 ms
