Seq Scan on cast_info ci  (cost=0.00..796071.18 rows=11935484 width=0) (actual time=4813.278..16224.188 rows=11110657 loops=1)
  Filter: ((person_id > 214077) AND (role_id < 2))
  Rows Removed by Filter: 25133687
Planning time: 0.392 ms
Execution time: 17583.922 ms
