Seq Scan on movie_companies mc  (cost=0.00..51404.11 rows=104 width=0) (actual time=5.607..790.861 rows=196 loops=1)
  Filter: (company_id = 12285)
  Rows Removed by Filter: 2608933
Planning time: 0.344 ms
Execution time: 791.030 ms
