Hash Join  (cost=83072.93..447728.97 rows=13 width=0) (actual time=1717.781..8438.378 rows=18 loops=1)
  Hash Cond: (mi.movie_id = t.id)
  ->  Seq Scan on movie_info mi  (cost=0.00..309384.22 rows=14739122 width=4) (actual time=0.008..4444.269 rows=14835720 loops=1)
  ->  Hash  (cost=83072.90..83072.90 rows=2 width=8) (actual time=1326.633..1326.633 rows=2 loops=1)
        Buckets: 1024  Batches: 1  Memory Usage: 9kB
        ->  Nested Loop  (cost=0.43..83072.90 rows=2 width=8) (actual time=123.354..1326.623 rows=2 loops=1)
              ->  Seq Scan on movie_keyword mk  (cost=0.00..81003.12 rows=246 width=4) (actual time=0.022..1283.543 rows=1055 loops=1)
                    Filter: (keyword_id = 2010)
                    Rows Removed by Filter: 4522875
              ->  Index Scan using title_pkey on title t  (cost=0.43..8.40 rows=1 width=4) (actual time=0.040..0.040 rows=0 loops=1055)
                    Index Cond: (id = mk.movie_id)
                    Filter: ((kind_id < 4) AND (production_year = 2013))
                    Rows Removed by Filter: 1
Planning time: 0.800 ms
Execution time: 8438.493 ms
