Hash Join  (cost=102767.86..256454.57 rows=2610067 width=0) (actual time=1863.688..5823.829 rows=2596024 loops=1)
  Hash Cond: (mk.movie_id = t.id)
  ->  Seq Scan on movie_keyword mk  (cost=0.00..81003.12 rows=2610067 width=4) (actual time=0.020..1666.775 rows=2596024 loops=1)
        Filter: (keyword_id > 3313)
        Rows Removed by Filter: 1927906
  ->  Hash  (cost=61283.27..61283.27 rows=2528527 width=4) (actual time=1861.544..1861.544 rows=2528312 loops=1)
        Buckets: 131072  Batches: 64  Memory Usage: 2425kB
        ->  Seq Scan on title t  (cost=0.00..61283.27 rows=2528527 width=4) (actual time=0.013..1017.340 rows=2528312 loops=1)
Planning time: 0.736 ms
Execution time: 6117.858 ms
