Seq Scan on title t  (cost=0.00..73925.90 rows=15186 width=0) (actual time=2.515..3514.157 rows=9845 loops=1)
  Filter: ((kind_id < 3) AND (production_year = 1999))
  Rows Removed by Filter: 2518467
Planning time: 0.346 ms
Execution time: 3516.580 ms
