Nested Loop  (cost=72397.51..205760.59 rows=11617 width=0) (actual time=1402.124..3557.717 rows=39210 loops=1)
  ->  Hash Join  (cost=72397.08..169233.56 rows=61067 width=8) (actual time=1402.019..2919.508 rows=39210 loops=1)
        Hash Cond: (mk.movie_id = mc.movie_id)
        ->  Seq Scan on movie_keyword mk  (cost=0.00..81003.12 rows=22957 width=4) (actual time=0.377..1284.360 rows=22479 loops=1)
              Filter: (keyword_id < 5)
              Rows Removed by Filter: 4501451
        ->  Hash  (cost=51404.11..51404.11 rows=1279517 width=4) (actual time=1376.932..1376.932 rows=1274246 loops=1)
              Buckets: 131072  Batches: 32  Memory Usage: 2474kB
              ->  Seq Scan on movie_companies mc  (cost=0.00..51404.11 rows=1279517 width=4) (actual time=68.433..959.053 rows=1274246 loops=1)
                    Filter: (company_type_id = 1)
                    Rows Removed by Filter: 1334883
  ->  Index Only Scan using title_pkey on title t  (cost=0.43..0.59 rows=1 width=4) (actual time=0.015..0.016 rows=1 loops=39210)
        Index Cond: (id = mc.movie_id)
        Heap Fetches: 39210
Planning time: 1.155 ms
Execution time: 3565.448 ms
