Seq Scan on movie_keyword mk  (cost=0.00..81003.12 rows=3432751 width=0) (actual time=0.024..1362.171 rows=3427448 loops=1)
  Filter: (keyword_id > 1120)
  Rows Removed by Filter: 1096482
Planning time: 0.291 ms
Execution time: 1769.256 ms
