Hash Join  (cost=185640.42..1336511.41 rows=11395982 width=0) (actual time=3913.472..34988.015 rows=9159568 loops=1)
  Hash Cond: (ci.movie_id = t.id)
  ->  Seq Scan on cast_info ci  (cost=0.00..614943.12 rows=36225612 width=4) (actual time=0.020..13106.087 rows=36244344 loops=1)
  ->  Hash  (cost=172589.51..172589.51 rows=795433 width=8) (actual time=3911.105..3911.105 rows=400201 loops=1)
        Buckets: 131072  Batches: 16  Memory Usage: 1993kB
        ->  Hash Join  (cost=86573.65..172589.51 rows=795433 width=8) (actual time=1475.091..3794.718 rows=400201 loops=1)
              Hash Cond: (mc.movie_id = t.id)
              ->  Seq Scan on movie_companies mc  (cost=0.00..44881.29 rows=2609129 width=4) (actual time=0.028..896.219 rows=2609129 loops=1)
              ->  Hash  (cost=73925.90..73925.90 rows=770860 width=4) (actual time=1473.302..1473.302 rows=682281 loops=1)
                    Buckets: 131072  Batches: 16  Memory Usage: 2522kB
                    ->  Seq Scan on title t  (cost=0.00..73925.90 rows=770860 width=4) (actual time=320.358..1252.821 rows=682281 loops=1)
                          Filter: ((production_year < 2004) AND (kind_id = 7))
                          Rows Removed by Filter: 1846031
Planning time: 1.250 ms
Execution time: 35934.923 ms
