Hash Join  (cost=458057.45..498779.64 rows=176571 width=0) (actual time=7996.696..9575.467 rows=1707862 loops=1)
  Hash Cond: (mi_idx.movie_id = t.id)
  ->  Seq Scan on movie_info_idx mi_idx  (cost=0.00..21735.35 rows=1380035 width=4) (actual time=0.019..436.701 rows=1380035 loops=1)
  ->  Hash  (cost=452749.48..452749.48 rows=323517 width=8) (actual time=7995.430..7995.430 rows=754505 loops=1)
        Buckets: 131072 (originally 131072)  Batches: 16 (originally 8)  Memory Usage: 3073kB
        ->  Hash Join  (cost=89678.24..452749.48 rows=323517 width=8) (actual time=1597.076..7772.154 rows=754505 loops=1)
              Hash Cond: (mi.movie_id = t.id)
              ->  Seq Scan on movie_info mi  (cost=0.00..346232.03 rows=852012 width=4) (actual time=0.157..5353.221 rows=900340 loops=1)
                    Filter: (info_type_id > 94)
                    Rows Removed by Filter: 13935380
              ->  Hash  (cost=73925.90..73925.90 rows=960107 width=4) (actual time=1589.417..1589.417 rows=977778 loops=1)
                    Buckets: 131072  Batches: 16  Memory Usage: 3181kB
                    ->  Seq Scan on title t  (cost=0.00..73925.90 rows=960107 width=4) (actual time=0.023..1287.639 rows=977778 loops=1)
                          Filter: ((kind_id < 7) AND (production_year > 0))
                          Rows Removed by Filter: 1550534
Planning time: 1.122 ms
Execution time: 9784.965 ms
