Seq Scan on movie_info mi  (cost=0.00..346232.03 rows=1147470 width=0) (actual time=231.420..5289.713 rows=1200370 loops=1)
  Filter: (info_type_id > 35)
  Rows Removed by Filter: 13635350
Planning time: 0.336 ms
Execution time: 5442.768 ms
