Hash Join  (cost=156487.41..299656.54 rows=822166 width=0) (actual time=7999.406..17557.325 rows=3453445 loops=1)
  Hash Cond: (mk.movie_id = t.id)
  ->  Seq Scan on movie_keyword mk  (cost=0.00..81003.12 rows=4509691 width=4) (actual time=0.028..5703.010 rows=4509566 loops=1)
        Filter: (keyword_id > 1)
        Rows Removed by Filter: 14364
  ->  Hash  (cost=148924.19..148924.19 rows=460978 width=8) (actual time=7998.502..7998.502 rows=459925 loops=1)
        Buckets: 131072  Batches: 8  Memory Usage: 3284kB
        ->  Hash Join  (cost=102767.86..148924.19 rows=460978 width=8) (actual time=5311.225..7848.227 rows=459925 loops=1)
              Hash Cond: (mi_idx.movie_id = t.id)
              ->  Seq Scan on movie_info_idx mi_idx  (cost=0.00..25185.44 rows=460978 width=4) (actual time=0.413..1436.441 rows=459925 loops=1)
                    Filter: (info_type_id = 99)
                    Rows Removed by Filter: 920110
              ->  Hash  (cost=61283.27..61283.27 rows=2528527 width=4) (actual time=5308.890..5308.890 rows=2528312 loops=1)
                    Buckets: 131072  Batches: 64  Memory Usage: 2415kB
                    ->  Seq Scan on title t  (cost=0.00..61283.27 rows=2528527 width=4) (actual time=0.016..4116.020 rows=2528312 loops=1)
Planning time: 1.577 ms
Execution time: 18103.544 ms
