Seq Scan on movie_companies mc  (cost=0.00..57926.93 rows=791506 width=0) (actual time=180.557..1055.983 rows=576299 loops=1)
  Filter: ((company_id > 4625) AND (company_type_id = 1))
  Rows Removed by Filter: 2032830
Planning time: 0.407 ms
Execution time: 1129.638 ms
