Hash Join  (cost=105192.26..990654.78 rows=3332140 width=0) (actual time=3495.042..17781.562 rows=3804152 loops=1)
  Hash Cond: (ci.movie_id = t.id)
  ->  Seq Scan on cast_info ci  (cost=0.00..796071.18 rows=3677588 width=4) (actual time=1420.014..11886.317 rows=4074673 loops=1)
        Filter: ((person_id < 438535) AND (role_id < 8))
        Rows Removed by Filter: 32169671
  ->  Hash  (cost=67604.59..67604.59 rows=2291014 width=4) (actual time=2049.820..2049.820 rows=2281608 loops=1)
        Buckets: 131072  Batches: 32  Memory Usage: 3535kB
        ->  Seq Scan on title t  (cost=0.00..67604.59 rows=2291014 width=4) (actual time=0.026..1321.401 rows=2281608 loops=1)
              Filter: (production_year > 1951)
              Rows Removed by Filter: 246704
Planning time: 0.799 ms
Execution time: 18186.810 ms
