Hash Join  (cost=128303.11..1045720.49 rows=2316836 width=0) (actual time=2673.191..25377.315 rows=4729423 loops=1)
  Hash Cond: (ci.movie_id = t.id)
  ->  Seq Scan on cast_info ci  (cost=0.00..705507.15 rows=16201301 width=4) (actual time=0.033..14728.566 rows=16121683 loops=1)
        Filter: (role_id > 2)
        Rows Removed by Filter: 20122661
  ->  Hash  (cost=122370.28..122370.28 rows=361587 width=8) (actual time=2672.230..2672.230 rows=252549 loops=1)
        Buckets: 131072  Batches: 8  Memory Usage: 2244kB
        ->  Hash Join  (cost=78473.92..122370.28 rows=361587 width=8) (actual time=1410.601..2602.087 rows=252549 loops=1)
              Hash Cond: (mi_idx.movie_id = t.id)
              ->  Seq Scan on movie_info_idx mi_idx  (cost=0.00..21735.35 rows=1380035 width=4) (actual time=0.016..419.606 rows=1380035 loops=1)
              ->  Hash  (cost=67604.59..67604.59 rows=662507 width=4) (actual time=1408.757..1408.757 rows=662065 loops=1)
                    Buckets: 131072  Batches: 16  Memory Usage: 2481kB
                    ->  Seq Scan on title t  (cost=0.00..67604.59 rows=662507 width=4) (actual time=0.014..1191.273 rows=662065 loops=1)
                          Filter: (production_year > 2008)
                          Rows Removed by Filter: 1866247
Planning time: 1.230 ms
Execution time: 25876.594 ms
