Nested Loop  (cost=0.43..52283.69 rows=104 width=0) (actual time=10.304..778.713 rows=826 loops=1)
  ->  Seq Scan on movie_companies mc  (cost=0.00..51404.11 rows=104 width=4) (actual time=10.208..766.455 rows=826 loops=1)
        Filter: (company_id = 11663)
        Rows Removed by Filter: 2608303
  ->  Index Only Scan using title_pkey on title t  (cost=0.43..8.45 rows=1 width=4) (actual time=0.014..0.014 rows=1 loops=826)
        Index Cond: (id = mc.movie_id)
        Heap Fetches: 826
Planning time: 0.609 ms
Execution time: 779.008 ms
