Hash Join  (cost=510374.62..603628.02 rows=1118310 width=0) (actual time=9071.708..12191.369 rows=2138883 loops=1)
  Hash Cond: (mc.movie_id = t.id)
  ->  Seq Scan on movie_companies mc  (cost=0.00..51404.11 rows=2222182 width=4) (actual time=0.034..1136.270 rows=2217212 loops=1)
        Filter: (company_id < 83091)
        Rows Removed by Filter: 391917
  ->  Hash  (cost=489497.65..489497.65 rows=1272478 width=8) (actual time=9070.354..9070.354 rows=1325361 loops=1)
        Buckets: 131072  Batches: 32  Memory Usage: 2635kB
        ->  Hash Join  (cost=102767.86..489497.65 rows=1272478 width=8) (actual time=3196.114..8704.049 rows=1325361 loops=1)
              Hash Cond: (mi.movie_id = t.id)
              ->  Seq Scan on movie_info mi  (cost=0.00..346232.03 rows=1272478 width=4) (actual time=1245.621..5335.827 rows=1325361 loops=1)
                    Filter: (info_type_id = 8)
                    Rows Removed by Filter: 13510359
              ->  Hash  (cost=61283.27..61283.27 rows=2528527 width=4) (actual time=1949.278..1949.278 rows=2528312 loops=1)
                    Buckets: 131072  Batches: 64  Memory Usage: 2425kB
                    ->  Seq Scan on title t  (cost=0.00..61283.27 rows=2528527 width=4) (actual time=0.031..1060.784 rows=2528312 loops=1)
Planning time: 3.044 ms
Execution time: 12451.891 ms
