Nested Loop  (cost=0.43..119427.01 rows=2062 width=0) (actual time=0.258..1373.848 rows=4347 loops=1)
  ->  Seq Scan on movie_keyword mk  (cost=0.00..81003.12 rows=5278 width=4) (actual time=0.211..1239.650 rows=4458 loops=1)
        Filter: (keyword_id = 3434)
        Rows Removed by Filter: 4519472
  ->  Index Scan using title_pkey on title t  (cost=0.43..7.27 rows=1 width=4) (actual time=0.029..0.029 rows=1 loops=4458)
        Index Cond: (id = mk.movie_id)
        Filter: (kind_id < 7)
        Rows Removed by Filter: 0
Planning time: 0.741 ms
Execution time: 1375.048 ms
