Hash Join  (cost=133968.51..221079.22 rows=45267 width=0) (actual time=2024.066..3874.065 rows=31298 loops=1)
  Hash Cond: (mk.movie_id = t.id)
  ->  Seq Scan on movie_keyword mk  (cost=0.00..69693.30 rows=4523930 width=4) (actual time=0.026..1003.288 rows=4523930 loops=1)
  ->  Hash  (cost=133652.25..133652.25 rows=25301 width=8) (actual time=2022.036..2022.036 rows=10702 loops=1)
        Buckets: 32768  Batches: 1  Memory Usage: 675kB
        ->  Hash Join  (cost=70241.71..133652.25 rows=25301 width=8) (actual time=1093.551..2018.060 rows=10702 loops=1)
              Hash Cond: (mc.movie_id = t.id)
              ->  Seq Scan on movie_companies mc  (cost=0.00..57926.93 rows=398025 width=4) (actual time=0.025..805.440 rows=229390 loops=1)
                    Filter: ((company_id < 1639) AND (company_type_id > 1))
                    Rows Removed by Filter: 2379739
              ->  Hash  (cost=67604.59..67604.59 rows=160730 width=4) (actual time=1092.569..1092.569 rows=160017 loops=1)
                    Buckets: 131072  Batches: 4  Memory Usage: 2436kB
                    ->  Seq Scan on title t  (cost=0.00..67604.59 rows=160730 width=4) (actual time=0.022..1036.932 rows=160017 loops=1)
                          Filter: (production_year = 2011)
                          Rows Removed by Filter: 2368295
Planning time: 1.148 ms
Execution time: 3878.393 ms
