Seq Scan on movie_companies mc  (cost=0.00..57926.93 rows=722469 width=0) (actual time=214.640..880.733 rows=451823 loops=1)
  Filter: ((company_id < 12313) AND (company_type_id > 1))
  Rows Removed by Filter: 2157306
Planning time: 0.339 ms
Execution time: 932.357 ms
