Seq Scan on cast_info ci  (cost=0.00..796071.18 rows=7215302 width=0) (actual time=11090.793..15531.902 rows=7451874 loops=1)
  Filter: ((person_id > 39918) AND (role_id = 2))
  Rows Removed by Filter: 28792470
Planning time: 0.302 ms
Execution time: 16446.592 ms
