Hash Join  (cost=58375.85..153646.99 rows=80 width=0) (actual time=1404.380..3073.407 rows=1159 loops=1)
  Hash Cond: (mk.movie_id = t.id)
  ->  Seq Scan on movie_keyword mk  (cost=0.00..81003.12 rows=3804592 width=4) (actual time=1.225..1590.137 rows=3801287 loops=1)
        Filter: (keyword_id < 25941)
        Rows Removed by Filter: 722643
  ->  Hash  (cost=58375.18..58375.18 rows=53 width=8) (actual time=951.363..951.363 rows=195 loops=1)
        Buckets: 1024  Batches: 1  Memory Usage: 16kB
        ->  Nested Loop  (cost=0.43..58375.18 rows=53 width=8) (actual time=434.465..951.244 rows=195 loops=1)
              ->  Seq Scan on movie_companies mc  (cost=0.00..57926.93 rows=53 width=4) (actual time=434.356..946.586 rows=195 loops=1)
                    Filter: ((company_type_id > 1) AND (company_id = 72945))
                    Rows Removed by Filter: 2608934
              ->  Index Only Scan using title_pkey on title t  (cost=0.43..8.45 rows=1 width=4) (actual time=0.023..0.023 rows=1 loops=195)
                    Index Cond: (id = mc.movie_id)
                    Heap Fetches: 195
Planning time: 1.155 ms
Execution time: 3073.661 ms
