Hash Join  (cost=458986.40..1545939.67 rows=5173908 width=0) (actual time=7767.122..40721.700 rows=12132354 loops=1)
  Hash Cond: (ci.movie_id = t.id)
  ->  Seq Scan on cast_info ci  (cost=0.00..614943.12 rows=36225612 width=4) (actual time=0.023..12780.923 rows=36244344 loops=1)
  ->  Hash  (cost=453061.20..453061.20 rows=361136 width=8) (actual time=7765.857..7765.857 rows=653169 loops=1)
        Buckets: 131072 (originally 131072)  Batches: 16 (originally 8)  Memory Usage: 3073kB
        ->  Hash Join  (cost=85700.02..453061.20 rows=361136 width=8) (actual time=1517.982..7565.289 rows=653169 loops=1)
              Hash Cond: (mi.movie_id = t.id)
              ->  Seq Scan on movie_info mi  (cost=0.00..346232.03 rows=1272478 width=4) (actual time=0.023..5025.929 rows=1325361 loops=1)
                    Filter: (info_type_id = 8)
                    Rows Removed by Filter: 13510359
              ->  Hash  (cost=73925.90..73925.90 rows=717609 width=4) (actual time=1516.926..1516.926 rows=607653 loops=1)
                    Buckets: 131072  Batches: 16  Memory Usage: 2367kB
                    ->  Seq Scan on title t  (cost=0.00..73925.90 rows=717609 width=4) (actual time=0.021..1317.542 rows=607653 loops=1)
                          Filter: ((kind_id < 4) AND (production_year > 1968))
                          Rows Removed by Filter: 1920659
Planning time: 1.208 ms
Execution time: 42027.912 ms
