Hash Join  (cost=82257.13..1190792.46 rows=7274816 width=0) (actual time=1479.046..34178.790 rows=8139575 loops=1)
  Hash Cond: (ci.movie_id = t.id)
  ->  Seq Scan on cast_info ci  (cost=0.00..614943.12 rows=36225612 width=4) (actual time=0.015..13265.911 rows=36244344 loops=1)
  ->  Hash  (cost=73925.90..73925.90 rows=507778 width=4) (actual time=1478.338..1478.338 rows=524129 loops=1)
        Buckets: 131072  Batches: 8  Memory Usage: 3340kB
        ->  Seq Scan on title t  (cost=0.00..73925.90 rows=507778 width=4) (actual time=0.010..1317.078 rows=524129 loops=1)
              Filter: ((production_year < 2010) AND (kind_id = 1))
              Rows Removed by Filter: 2004183
Planning time: 0.740 ms
Execution time: 35131.516 ms
