Hash Join  (cost=102767.86..194577.50 rows=38555 width=0) (actual time=1981.209..3570.110 rows=35922 loops=1)
  Hash Cond: (mk.movie_id = t.id)
  ->  Seq Scan on movie_keyword mk  (cost=0.00..81003.12 rows=38555 width=4) (actual time=0.030..1243.265 rows=35922 loops=1)
        Filter: (keyword_id > 106936)
        Rows Removed by Filter: 4488008
  ->  Hash  (cost=61283.27..61283.27 rows=2528527 width=4) (actual time=1979.762..1979.762 rows=2528312 loops=1)
        Buckets: 131072  Batches: 64  Memory Usage: 2425kB
        ->  Seq Scan on title t  (cost=0.00..61283.27 rows=2528527 width=4) (actual time=0.027..1126.242 rows=2528312 loops=1)
Planning time: 0.737 ms
Execution time: 3574.029 ms
