Seq Scan on movie_keyword mk  (cost=0.00..81003.12 rows=246 width=0) (actual time=51.843..1075.983 rows=88 loops=1)
  Filter: (keyword_id = 41683)
  Rows Removed by Filter: 4523842
Planning time: 0.381 ms
Execution time: 1076.116 ms
