Hash Join  (cost=157665.78..911326.03 rows=287115 width=0) (actual time=2788.332..19473.260 rows=966361 loops=1)
  Hash Cond: (ci.movie_id = t.id)
  ->  Seq Scan on cast_info ci  (cost=0.00..614943.12 rows=36225612 width=4) (actual time=0.019..8260.134 rows=36244344 loops=1)
  ->  Hash  (cost=157415.28..157415.28 rows=20040 width=8) (actual time=2780.599..2780.599 rows=22219 loops=1)
        Buckets: 32768  Batches: 1  Memory Usage: 1124kB
        ->  Hash Join  (cost=69002.72..157415.28 rows=20040 width=8) (actual time=1133.299..2771.714 rows=22219 loops=1)
              Hash Cond: (mk.movie_id = t.id)
              ->  Seq Scan on movie_keyword mk  (cost=0.00..81003.12 rows=594676 width=4) (actual time=0.025..1405.715 rows=600238 loops=1)
                    Filter: (keyword_id < 439)
                    Rows Removed by Filter: 3923692
              ->  Hash  (cost=67604.59..67604.59 rows=85211 width=4) (actual time=1132.169..1132.169 rows=84593 loops=1)
                    Buckets: 131072  Batches: 2  Memory Usage: 2524kB
                    ->  Seq Scan on title t  (cost=0.00..67604.59 rows=85211 width=4) (actual time=0.035..1098.159 rows=84593 loops=1)
                          Filter: (production_year = 2004)
                          Rows Removed by Filter: 2443719
Planning time: 1.297 ms
Execution time: 19594.580 ms
