Hash Join  (cost=799268.51..1163927.46 rows=303 width=0) (actual time=14757.659..21927.533 rows=7953 loops=1)
  Hash Cond: (mi.movie_id = t.id)
  ->  Seq Scan on movie_info mi  (cost=0.00..309384.22 rows=14739122 width=4) (actual time=0.015..4471.612 rows=14835720 loops=1)
  ->  Hash  (cost=799267.85..799267.85 rows=52 width=8) (actual time=14757.310..14757.310 rows=93 loops=1)
        Buckets: 1024  Batches: 1  Memory Usage: 12kB
        ->  Nested Loop  (cost=0.43..799267.85 rows=52 width=8) (actual time=3852.910..14757.256 rows=93 loops=1)
              ->  Seq Scan on cast_info ci  (cost=0.00..796071.18 rows=382 width=4) (actual time=3852.803..14748.752 rows=294 loops=1)
                    Filter: ((role_id < 6) AND (person_id = 1484351))
                    Rows Removed by Filter: 36244050
              ->  Index Scan using title_pkey on title t  (cost=0.43..8.36 rows=1 width=4) (actual time=0.028..0.028 rows=0 loops=294)
                    Index Cond: (id = ci.movie_id)
                    Filter: ((kind_id < 7) AND (production_year < 1997))
                    Rows Removed by Filter: 1
Planning time: 14.154 ms
Execution time: 21929.269 ms
