Hash Join  (cost=432956.15..522760.89 rows=52271 width=0) (actual time=7497.849..9463.936 rows=251052 loops=1)
  Hash Cond: (mk.movie_id = t.id)
  ->  Seq Scan on movie_keyword mk  (cost=0.00..81003.12 rows=2207706 width=4) (actual time=0.020..1553.797 rows=2209584 loops=1)
        Filter: (keyword_id < 4458)
        Rows Removed by Filter: 2314346
  ->  Hash  (cost=432207.82..432207.82 rows=59867 width=8) (actual time=7497.319..7497.319 rows=22571 loops=1)
        Buckets: 65536  Batches: 1  Memory Usage: 1394kB
        ->  Hash Join  (cost=69460.45..432207.82 rows=59867 width=8) (actual time=4922.273..7488.442 rows=22571 loops=1)
              Hash Cond: (mi.movie_id = t.id)
              ->  Seq Scan on movie_info mi  (cost=0.00..346232.03 rows=1338312 width=4) (actual time=3490.050..5588.720 rows=1401902 loops=1)
                    Filter: (info_type_id = 7)
                    Rows Removed by Filter: 13433818
              ->  Hash  (cost=67604.59..67604.59 rows=113109 width=4) (actual time=1431.233..1431.233 rows=119565 loops=1)
                    Buckets: 131072  Batches: 2  Memory Usage: 3121kB
                    ->  Seq Scan on title t  (cost=0.00..67604.59 rows=113109 width=4) (actual time=0.033..1110.580 rows=119565 loops=1)
                          Filter: (production_year = 2007)
                          Rows Removed by Filter: 2408747
Planning time: 1.201 ms
Execution time: 9494.687 ms
