Hash Join  (cost=52284.99..136941.82 rows=40 width=0) (actual time=808.106..1870.612 rows=1834 loops=1)
  Hash Cond: (mk.movie_id = t.id)
  ->  Seq Scan on movie_keyword mk  (cost=0.00..81003.12 rows=974213 width=4) (actual time=0.028..953.121 rows=975999 loops=1)
        Filter: (keyword_id < 917)
        Rows Removed by Filter: 3547931
  ->  Hash  (cost=52283.69..52283.69 rows=104 width=8) (actual time=806.668..806.668 rows=202 loops=1)
        Buckets: 1024  Batches: 1  Memory Usage: 16kB
        ->  Nested Loop  (cost=0.43..52283.69 rows=104 width=8) (actual time=1.074..806.500 rows=202 loops=1)
              ->  Seq Scan on movie_companies mc  (cost=0.00..51404.11 rows=104 width=4) (actual time=1.004..799.897 rows=202 loops=1)
                    Filter: (company_id = 4089)
                    Rows Removed by Filter: 2608927
              ->  Index Only Scan using title_pkey on title t  (cost=0.43..8.45 rows=1 width=4) (actual time=0.031..0.031 rows=1 loops=202)
                    Index Cond: (id = mc.movie_id)
                    Heap Fetches: 202
Planning time: 1.765 ms
Execution time: 1870.986 ms
