Seq Scan on movie_companies mc  (cost=0.00..57926.93 rows=417782 width=0) (actual time=542.938..963.972 rows=234303 loops=1)
  Filter: ((company_id < 1878) AND (company_type_id > 1))
  Rows Removed by Filter: 2374826
Planning time: 0.352 ms
Execution time: 992.593 ms
