Hash Join  (cost=93190.30..240787.47 rows=2100813 width=0) (actual time=2637.772..5452.802 rows=522683 loops=1)
  Hash Cond: (mk.movie_id = t.id)
  ->  Seq Scan on movie_keyword mk  (cost=0.00..69693.30 rows=4523930 width=4) (actual time=0.012..1462.043 rows=4523930 loops=1)
  ->  Hash  (cost=73925.90..73925.90 rows=1174192 width=4) (actual time=1741.199..1741.199 rows=1260829 loops=1)
        Buckets: 131072  Batches: 16  Memory Usage: 3812kB
        ->  Seq Scan on title t  (cost=0.00..73925.90 rows=1174192 width=4) (actual time=0.015..1343.876 rows=1260829 loops=1)
              Filter: ((production_year > 1981) AND (kind_id = 7))
              Rows Removed by Filter: 1267483
Planning time: 0.517 ms
Execution time: 5514.724 ms
