Hash Join  (cost=79572.46..112060.94 rows=62738 width=0) (actual time=1289.543..1980.107 rows=81638 loops=1)
  Hash Cond: (mi_idx.movie_id = t.id)
  ->  Seq Scan on movie_info_idx mi_idx  (cost=0.00..25185.44 rows=460978 width=4) (actual time=0.021..425.756 rows=459925 loops=1)
        Filter: (info_type_id = 99)
        Rows Removed by Filter: 920110
  ->  Hash  (cost=73925.90..73925.90 rows=344124 width=4) (actual time=1288.614..1288.614 rows=277148 loops=1)
        Buckets: 131072  Batches: 8  Memory Usage: 2235kB
        ->  Seq Scan on title t  (cost=0.00..73925.90 rows=344124 width=4) (actual time=0.017..1196.902 rows=277148 loops=1)
              Filter: ((kind_id < 4) AND (production_year > 2005))
              Rows Removed by Filter: 2251164
Planning time: 0.838 ms
Execution time: 1989.756 ms
