Hash Join  (cost=195135.40..1115849.43 rows=2101973 width=0) (actual time=4562.442..26859.401 rows=6506082 loops=1)
  Hash Cond: (ci.movie_id = t.id)
  ->  Seq Scan on cast_info ci  (cost=0.00..796071.18 rows=8756830 width=4) (actual time=0.019..14861.343 rows=11339830 loops=1)
        Filter: ((person_id < 1554493) AND (role_id < 3))
        Rows Removed by Filter: 24904514
  ->  Hash  (cost=185177.62..185177.62 rows=606943 width=8) (actual time=4561.491..4561.491 rows=882709 loops=1)
        Buckets: 131072 (originally 131072)  Batches: 16 (originally 8)  Memory Usage: 3182kB
        ->  Hash Join  (cost=102767.86..185177.62 rows=606943 width=8) (actual time=2304.509..4290.948 rows=882709 loops=1)
              Hash Cond: (mc.movie_id = t.id)
              ->  Seq Scan on movie_companies mc  (cost=0.00..57926.93 rows=606943 width=4) (actual time=259.001..1100.026 rows=882709 loops=1)
                    Filter: ((company_id > 12319) AND (company_type_id = 2))
                    Rows Removed by Filter: 1726420
              ->  Hash  (cost=61283.27..61283.27 rows=2528527 width=4) (actual time=2044.322..2044.322 rows=2528312 loops=1)
                    Buckets: 131072  Batches: 64  Memory Usage: 2415kB
                    ->  Seq Scan on title t  (cost=0.00..61283.27 rows=2528527 width=4) (actual time=0.013..1214.906 rows=2528312 loops=1)
Planning time: 1.174 ms
Execution time: 27540.809 ms
