Seq Scan on cast_info ci  (cost=0.00..796071.18 rows=5546686 width=0) (actual time=5778.133..15777.849 rows=7451973 loops=1)
  Filter: ((person_id < 2820255) AND (role_id = 2))
  Rows Removed by Filter: 28792371
Planning time: 0.497 ms
Execution time: 16703.343 ms
