Seq Scan on movie_companies mc  (cost=0.00..57926.93 rows=53 width=0) (actual time=279.702..925.924 rows=6 loops=1)
  Filter: ((company_type_id > 1) AND (company_id = 4386))
  Rows Removed by Filter: 2609123
Planning time: 0.259 ms
Execution time: 926.006 ms
