Hash Join  (cost=58375.34..85289.45 rows=1 width=0) (actual time=941.506..1235.686 rows=1 loops=1)
  Hash Cond: (mi_idx.movie_id = t.id)
  ->  Seq Scan on movie_info_idx mi_idx  (cost=0.00..25185.44 rows=460978 width=4) (actual time=0.013..389.685 rows=459925 loops=1)
        Filter: (info_type_id < 100)
        Rows Removed by Filter: 920110
  ->  Hash  (cost=58375.31..58375.31 rows=2 width=8) (actual time=790.151..790.151 rows=1 loops=1)
        Buckets: 1024  Batches: 1  Memory Usage: 9kB
        ->  Nested Loop  (cost=0.43..58375.31 rows=2 width=8) (actual time=33.314..790.142 rows=1 loops=1)
              ->  Seq Scan on movie_companies mc  (cost=0.00..57926.93 rows=53 width=4) (actual time=33.199..789.642 rows=13 loops=1)
                    Filter: ((company_id = 165) AND (company_type_id = 2))
                    Rows Removed by Filter: 2609116
              ->  Index Scan using title_pkey on title t  (cost=0.43..8.45 rows=1 width=4) (actual time=0.035..0.035 rows=0 loops=13)
                    Index Cond: (id = mc.movie_id)
                    Filter: (production_year = 2004)
                    Rows Removed by Filter: 1
Planning time: 1.246 ms
Execution time: 1235.821 ms
