Hash Join  (cost=190230.21..1049650.47 rows=4762548 width=0) (actual time=4534.232..25352.363 rows=10199919 loops=1)
  Hash Cond: (ci.movie_id = t.id)
  ->  Seq Scan on cast_info ci  (cost=0.00..705507.15 rows=8726034 width=4) (actual time=113.321..12533.452 rows=8613104 loops=1)
        Filter: (person_id < 846647)
        Rows Removed by Filter: 27631240
  ->  Hash  (cost=167588.78..167588.78 rows=1380035 width=8) (actual time=4419.735..4419.735 rows=1380035 loops=1)
        Buckets: 131072  Batches: 32  Memory Usage: 2708kB
        ->  Hash Join  (cost=102767.86..167588.78 rows=1380035 width=8) (actual time=2010.585..4024.445 rows=1380035 loops=1)
              Hash Cond: (mi_idx.movie_id = t.id)
              ->  Seq Scan on movie_info_idx mi_idx  (cost=0.00..21735.35 rows=1380035 width=4) (actual time=0.029..512.744 rows=1380035 loops=1)
              ->  Hash  (cost=61283.27..61283.27 rows=2528527 width=4) (actual time=2008.942..2008.942 rows=2528312 loops=1)
                    Buckets: 131072  Batches: 64  Memory Usage: 2415kB
                    ->  Seq Scan on title t  (cost=0.00..61283.27 rows=2528527 width=4) (actual time=0.020..1155.120 rows=2528312 loops=1)
Planning time: 1.242 ms
Execution time: 26476.591 ms
