Nested Loop  (cost=0.43..58358.27 rows=51 width=0) (actual time=588.498..923.275 rows=76 loops=1)
  ->  Seq Scan on movie_companies mc  (cost=0.00..57926.93 rows=51 width=4) (actual time=588.397..920.309 rows=76 loops=1)
        Filter: ((company_type_id < 2) AND (company_id = 14551))
        Rows Removed by Filter: 2609053
  ->  Index Only Scan using title_pkey on title t  (cost=0.43..8.45 rows=1 width=4) (actual time=0.035..0.036 rows=1 loops=76)
        Index Cond: (id = mc.movie_id)
        Heap Fetches: 76
Planning time: 0.924 ms
Execution time: 923.398 ms
