Hash Join  (cost=102767.86..254429.35 rows=2525930 width=0) (actual time=2096.318..6032.715 rows=2514534 loops=1)
  Hash Cond: (mk.movie_id = t.id)
  ->  Seq Scan on movie_keyword mk  (cost=0.00..81003.12 rows=2525930 width=4) (actual time=0.019..1665.690 rows=2514534 loops=1)
        Filter: (keyword_id < 6226)
        Rows Removed by Filter: 2009396
  ->  Hash  (cost=61283.27..61283.27 rows=2528527 width=4) (actual time=2095.063..2095.063 rows=2528312 loops=1)
        Buckets: 131072  Batches: 64  Memory Usage: 2425kB
        ->  Seq Scan on title t  (cost=0.00..61283.27 rows=2528527 width=4) (actual time=0.017..1227.830 rows=2528312 loops=1)
Planning time: 0.717 ms
Execution time: 6322.628 ms
