Hash Join  (cost=187384.12..1306037.96 rows=8259767 width=0) (actual time=9627.741..85009.601 rows=15104494 loops=1)
  Hash Cond: (ci.movie_id = t.id)
  ->  Seq Scan on cast_info ci  (cost=0.00..614943.12 rows=36225612 width=4) (actual time=0.017..43434.769 rows=36244344 loops=1)
  ->  Hash  (cost=177924.53..177924.53 rows=576527 width=8) (actual time=9626.820..9626.820 rows=580218 loops=1)
        Buckets: 131072  Batches: 8  Memory Usage: 3869kB
        ->  Hash Join  (cost=102767.86..177924.53 rows=576527 width=8) (actual time=5568.444..9434.430 rows=580218 loops=1)
              Hash Cond: (mc.movie_id = t.id)
              ->  Seq Scan on movie_companies mc  (cost=0.00..51404.11 rows=576527 width=4) (actual time=59.203..2863.274 rows=580218 loops=1)
                    Filter: (company_id > 71050)
                    Rows Removed by Filter: 2028911
              ->  Hash  (cost=61283.27..61283.27 rows=2528527 width=4) (actual time=5507.690..5507.690 rows=2528312 loops=1)
                    Buckets: 131072  Batches: 64  Memory Usage: 2415kB
                    ->  Seq Scan on title t  (cost=0.00..61283.27 rows=2528527 width=4) (actual time=0.019..4392.180 rows=2528312 loops=1)
Planning time: 2.437 ms
Execution time: 87112.081 ms
