Hash Join  (cost=796579.38..851245.52 rows=62 width=0) (actual time=10352.028..11460.037 rows=46 loops=1)
  Hash Cond: (mc.movie_id = t.id)
  ->  Seq Scan on movie_companies mc  (cost=0.00..44881.29 rows=2609129 width=4) (actual time=0.010..667.618 rows=2609129 loops=1)
  ->  Hash  (cost=796578.63..796578.63 rows=60 width=8) (actual time=10323.936..10323.936 rows=15 loops=1)
        Buckets: 1024  Batches: 1  Memory Usage: 9kB
        ->  Nested Loop  (cost=0.43..796578.63 rows=60 width=8) (actual time=8864.261..10323.914 rows=15 loops=1)
              ->  Seq Scan on cast_info ci  (cost=0.00..796071.18 rows=60 width=4) (actual time=8864.132..10323.500 rows=15 loops=1)
                    Filter: ((person_id = 2750285) AND (role_id = 10))
                    Rows Removed by Filter: 36244329
              ->  Index Only Scan using title_pkey on title t  (cost=0.43..8.45 rows=1 width=4) (actual time=0.023..0.023 rows=1 loops=15)
                    Index Cond: (id = ci.movie_id)
                    Heap Fetches: 15
Planning time: 3.224 ms
Execution time: 11460.168 ms
