Seq Scan on movie_info mi  (cost=0.00..346232.03 rows=13600892 width=0) (actual time=0.021..6536.095 rows=13641948 loops=1)
  Filter: (info_type_id < 41)
  Rows Removed by Filter: 1193772
Planning time: 0.363 ms
Execution time: 8226.832 ms
