Hash Join  (cost=73962.22..130367.65 rows=1528 width=0) (actual time=1275.661..2290.283 rows=3237 loops=1)
  Hash Cond: (mc.movie_id = t.id)
  ->  Seq Scan on movie_companies mc  (cost=0.00..51404.11 rows=1329612 width=4) (actual time=121.178..913.424 rows=1334883 loops=1)
        Filter: (company_type_id = 2)
        Rows Removed by Filter: 1274246
  ->  Hash  (cost=73925.90..73925.90 rows=2905 width=4) (actual time=1153.752..1153.752 rows=3427 loops=1)
        Buckets: 4096  Batches: 1  Memory Usage: 153kB
        ->  Seq Scan on title t  (cost=0.00..73925.90 rows=2905 width=4) (actual time=0.237..1151.876 rows=3427 loops=1)
              Filter: ((kind_id < 7) AND (production_year = 1956))
              Rows Removed by Filter: 2524885
Planning time: 0.694 ms
Execution time: 2290.990 ms
