Seq Scan on title t  (cost=0.00..67604.59 rows=1668154 width=94) (actual time=0.026..1420.780 rows=1674098 loops=1)
  Filter: (kind_id > 3)
  Rows Removed by Filter: 854214
Planning time: 1.021 ms
Execution time: 1519.374 ms
