Seq Scan on movie_companies mc  (cost=0.00..51404.11 rows=679349 width=40) (actual time=0.029..999.569 rows=671219 loops=1)
  Filter: (company_id < 1075)
  Rows Removed by Filter: 1937910
Planning time: 0.483 ms
Execution time: 1039.144 ms
