Seq Scan on movie_companies mc  (cost=0.00..51404.11 rows=2361549 width=0) (actual time=0.023..918.720 rows=2358377 loops=1)
  Filter: (company_id < 101088)
  Rows Removed by Filter: 250752
Planning time: 0.303 ms
Execution time: 1209.407 ms
