Hash Join  (cost=149091.20..238202.16 rows=667313 width=0) (actual time=3399.954..6195.814 rows=1606175 loops=1)
  Hash Cond: (mc.movie_id = t.id)
  ->  Seq Scan on movie_companies mc  (cost=0.00..51404.11 rows=2451395 width=4) (actual time=0.020..1171.185 rows=2452843 loops=1)
        Filter: (company_id < 129395)
        Rows Removed by Filter: 156286
  ->  Hash  (cost=137798.33..137798.33 rows=688309 width=8) (actual time=3399.283..3399.283 rows=585034 loops=1)
        Buckets: 131072  Batches: 16  Memory Usage: 2440kB
        ->  Hash Join  (cost=88295.76..137798.33 rows=688309 width=8) (actual time=1761.299..3234.452 rows=585034 loops=1)
              Hash Cond: (mi_idx.movie_id = t.id)
              ->  Seq Scan on movie_info_idx mi_idx  (cost=0.00..21735.35 rows=1380035 width=4) (actual time=0.019..473.483 rows=1380035 loops=1)
              ->  Hash  (cost=67604.59..67604.59 rows=1261134 width=4) (actual time=1759.877..1759.877 rows=1260295 loops=1)
                    Buckets: 131072  Batches: 32  Memory Usage: 2413kB
                    ->  Seq Scan on title t  (cost=0.00..67604.59 rows=1261134 width=4) (actual time=0.018..1341.083 rows=1260295 loops=1)
                          Filter: (production_year > 2002)
                          Rows Removed by Filter: 1268017
Planning time: 1.092 ms
Execution time: 6394.250 ms
