Hash Join  (cost=106247.73..859027.16 rows=199023 width=0) (actual time=1875.799..18344.751 rows=267326 loops=1)
  Hash Cond: (ci.movie_id = t.id)
  ->  Seq Scan on cast_info ci  (cost=0.00..614943.12 rows=36225612 width=4) (actual time=0.023..8656.537 rows=36244344 loops=1)
  ->  Hash  (cost=106074.08..106074.08 rows=13892 width=8) (actual time=1872.567..1872.567 rows=6329 loops=1)
        Buckets: 16384  Batches: 1  Memory Usage: 376kB
        ->  Hash Join  (cost=75195.76..106074.08 rows=13892 width=8) (actual time=1183.571..1870.011 rows=6329 loops=1)
              Hash Cond: (mi_idx.movie_id = t.id)
              ->  Seq Scan on movie_info_idx mi_idx  (cost=0.00..25185.44 rows=454124 width=4) (actual time=0.015..506.104 rows=459925 loops=1)
                    Filter: (info_type_id = 100)
                    Rows Removed by Filter: 920110
              ->  Hash  (cost=73925.90..73925.90 rows=77348 width=4) (actual time=1182.490..1182.490 rows=84109 loops=1)
                    Buckets: 131072  Batches: 2  Memory Usage: 2509kB
                    ->  Seq Scan on title t  (cost=0.00..73925.90 rows=77348 width=4) (actual time=0.023..1146.098 rows=84109 loops=1)
                          Filter: ((kind_id = 7) AND (production_year = 2008))
                          Rows Removed by Filter: 2444203
Planning time: 1.196 ms
Execution time: 18390.443 ms
