Seq Scan on cast_info ci  (cost=0.00..796071.18 rows=2381743 width=0) (actual time=1299.007..14995.602 rows=2410691 loops=1)
  Filter: ((person_id > 442101) AND (role_id = 4))
  Rows Removed by Filter: 33833653
Planning time: 0.408 ms
Execution time: 15241.426 ms
