Seq Scan on movie_keyword mk  (cost=0.00..81003.12 rows=3434653 width=0) (actual time=0.019..4755.400 rows=3429799 loops=1)
  Filter: (keyword_id > 1116)
  Rows Removed by Filter: 1094131
Planning time: 0.340 ms
Execution time: 5354.179 ms
