Hash Join  (cost=102767.86..1657994.44 rows=34902488 width=0) (actual time=2580.899..49730.663 rows=35007613 loops=1)
  Hash Cond: (ci.movie_id = t.id)
  ->  Seq Scan on cast_info ci  (cost=0.00..705507.15 rows=34902488 width=4) (actual time=0.024..17333.578 rows=35007613 loops=1)
        Filter: (person_id > 125003)
        Rows Removed by Filter: 1236731
  ->  Hash  (cost=61283.27..61283.27 rows=2528527 width=4) (actual time=2579.483..2579.483 rows=2528312 loops=1)
        Buckets: 131072  Batches: 64  Memory Usage: 2415kB
        ->  Seq Scan on title t  (cost=0.00..61283.27 rows=2528527 width=4) (actual time=0.021..1088.345 rows=2528312 loops=1)
Planning time: 0.732 ms
Execution time: 53588.364 ms
