Hash Join  (cost=125639.46..492367.35 rows=207197 width=0) (actual time=2362.198..10597.170 rows=625237 loops=1)
  Hash Cond: (mi.movie_id = t.id)
  ->  Seq Scan on movie_info mi  (cost=0.00..309384.22 rows=14739122 width=4) (actual time=0.020..4398.791 rows=14835720 loops=1)
  ->  Hash  (cost=125195.14..125195.14 rows=35545 width=8) (actual time=2361.769..2361.769 rows=32554 loops=1)
        Buckets: 65536  Batches: 1  Memory Usage: 1784kB
        ->  Hash Join  (cost=68449.54..125195.14 rows=35545 width=8) (actual time=1359.649..2348.919 rows=32554 loops=1)
              Hash Cond: (mc.movie_id = t.id)
              ->  Seq Scan on movie_companies mc  (cost=0.00..51404.11 rows=1329612 width=4) (actual time=285.940..909.221 rows=1334883 loops=1)
                    Filter: (company_type_id > 1)
                    Rows Removed by Filter: 1274246
              ->  Hash  (cost=67604.59..67604.59 rows=67596 width=4) (actual time=1072.962..1072.962 rows=67777 loops=1)
                    Buckets: 131072  Batches: 1  Memory Usage: 3407kB
                    ->  Seq Scan on title t  (cost=0.00..67604.59 rows=67596 width=4) (actual time=0.020..1031.747 rows=67777 loops=1)
                          Filter: (production_year = 2003)
                          Rows Removed by Filter: 2460535
Planning time: 7.355 ms
Execution time: 10682.897 ms
