Hash Join  (cost=553042.36..1864614.62 rows=23692943 width=0) (actual time=14060.560..69396.112 rows=73645787 loops=1)
  Hash Cond: (ci.movie_id = t.id)
  ->  Seq Scan on cast_info ci  (cost=0.00..705507.15 rows=28161938 width=4) (actual time=0.021..15984.988 rows=28304965 loops=1)
        Filter: (person_id > 775186)
        Rows Removed by Filter: 7939379
  ->  Hash  (cost=518141.39..518141.39 rows=2127277 width=8) (actual time=14059.305..14059.305 rows=4458838 loops=1)
        Buckets: 131072 (originally 131072)  Batches: 64 (originally 32)  Memory Usage: 3750kB
        ->  Hash Join  (cost=83810.17..518141.39 rows=2127277 width=8) (actual time=3336.643..12744.421 rows=4458838 loops=1)
              Hash Cond: (mi.movie_id = t.id)
              ->  Seq Scan on movie_info mi  (cost=0.00..346232.03 rows=5445713 width=4) (actual time=1400.732..6525.464 rows=5410520 loops=1)
                    Filter: (info_type_id < 6)
                    Rows Removed by Filter: 9425200
              ->  Hash  (cost=67604.59..67604.59 rows=987727 width=4) (actual time=1934.727..1934.727 rows=985048 loops=1)
                    Buckets: 131072  Batches: 16  Memory Usage: 3197kB
                    ->  Seq Scan on title t  (cost=0.00..67604.59 rows=987727 width=4) (actual time=0.021..1260.996 rows=985048 loops=1)
                          Filter: (kind_id < 7)
                          Rows Removed by Filter: 1543264
Planning time: 1.224 ms
Execution time: 78089.230 ms
