Seq Scan on cast_info ci  (cost=0.00..705507.15 rows=16568895 width=0) (actual time=0.026..11615.775 rows=16421146 loops=1)
  Filter: (person_id < 1626148)
  Rows Removed by Filter: 19823198
Planning time: 0.330 ms
Execution time: 13536.728 ms
