Hash Join  (cost=73974.15..130229.38 rows=1967 width=0) (actual time=1045.984..2145.977 rows=8612 loops=1)
  Hash Cond: (mc.movie_id = t.id)
  ->  Seq Scan on movie_companies mc  (cost=0.00..51404.11 rows=1288384 width=4) (actual time=0.024..856.990 rows=1297887 loops=1)
        Filter: (company_id > 11339)
        Rows Removed by Filter: 1311242
  ->  Hash  (cost=73925.90..73925.90 rows=3860 width=4) (actual time=1045.900..1045.900 rows=7727 loops=1)
        Buckets: 8192 (originally 4096)  Batches: 1 (originally 1)  Memory Usage: 336kB
        ->  Seq Scan on title t  (cost=0.00..73925.90 rows=3860 width=4) (actual time=3.153..1041.179 rows=7727 loops=1)
              Filter: ((kind_id = 4) AND (production_year = 2004))
              Rows Removed by Filter: 2520585
Planning time: 4.987 ms
Execution time: 2147.592 ms
