Hash Join  (cost=135391.94..1216207.89 rows=4236223 width=0) (actual time=2787.825..36273.122 rows=12501305 loops=1)
  Hash Cond: (ci.movie_id = t.id)
  ->  Seq Scan on cast_info ci  (cost=0.00..705507.15 rows=28668949 width=4) (actual time=0.020..16674.872 rows=28808107 loops=1)
        Filter: (role_id < 8)
        Rows Removed by Filter: 7436237
  ->  Hash  (cost=129261.64..129261.64 rows=373624 width=8) (actual time=2787.034..2787.034 rows=601098 loops=1)
        Buckets: 131072  Batches: 8  Memory Usage: 3974kB
        ->  Hash Join  (cost=85157.92..129261.64 rows=373624 width=8) (actual time=1415.762..2656.043 rows=601098 loops=1)
              Hash Cond: (mi_idx.movie_id = t.id)
              ->  Seq Scan on movie_info_idx mi_idx  (cost=0.00..21735.35 rows=1380035 width=4) (actual time=0.014..477.215 rows=1380035 loops=1)
              ->  Hash  (cost=73925.90..73925.90 rows=684561 width=4) (actual time=1414.794..1414.794 rows=585759 loops=1)
                    Buckets: 131072  Batches: 16  Memory Usage: 2308kB
                    ->  Seq Scan on title t  (cost=0.00..73925.90 rows=684561 width=4) (actual time=0.027..1231.376 rows=585759 loops=1)
                          Filter: ((kind_id < 7) AND (production_year > 1990))
                          Rows Removed by Filter: 1942553
Planning time: 1.422 ms
Execution time: 37717.457 ms
