Hash Join  (cost=92883.59..190361.59 rows=1290996 width=0) (actual time=1917.590..4319.491 rows=427821 loops=1)
  Hash Cond: (mc.movie_id = t.id)
  ->  Seq Scan on movie_companies mc  (cost=0.00..51404.11 rows=2118586 width=4) (actual time=0.020..1078.019 rows=2123742 loops=1)
        Filter: (company_id > 424)
        Rows Removed by Filter: 485387
  ->  Hash  (cost=67604.59..67604.59 rows=1540800 width=4) (actual time=1741.691..1741.691 rows=1543264 loops=1)
        Buckets: 131072  Batches: 32  Memory Usage: 2722kB
        ->  Seq Scan on title t  (cost=0.00..67604.59 rows=1540800 width=4) (actual time=0.023..1248.028 rows=1543264 loops=1)
              Filter: (kind_id = 7)
              Rows Removed by Filter: 985048
Planning time: 0.742 ms
Execution time: 4371.051 ms
