Seq Scan on movie_keyword mk  (cost=0.00..81003.12 rows=246 width=0) (actual time=0.535..1204.022 rows=1003 loops=1)
  Filter: (keyword_id = 6101)
  Rows Removed by Filter: 4522927
Planning time: 0.404 ms
Execution time: 1204.466 ms
