Hash Join  (cost=78113.24..938035.19 rows=1231779 width=0) (actual time=3337.859..20290.376 rows=354567 loops=1)
  Hash Cond: (ci.movie_id = t.id)
  ->  Seq Scan on cast_info ci  (cost=0.00..705507.15 rows=12203201 width=4) (actual time=2026.443..14235.280 rows=12113646 loops=1)
        Filter: (role_id > 3)
        Rows Removed by Filter: 24130698
  ->  Hash  (cost=73925.90..73925.90 rows=255227 width=4) (actual time=1310.354..1310.354 rows=129573 loops=1)
        Buckets: 131072  Batches: 4  Memory Usage: 2160kB
        ->  Seq Scan on title t  (cost=0.00..73925.90 rows=255227 width=4) (actual time=0.029..1264.923 rows=129573 loops=1)
              Filter: ((kind_id > 3) AND (production_year < 1971))
              Rows Removed by Filter: 2398739
Planning time: 0.792 ms
Execution time: 20333.583 ms
