Hash Join  (cost=154930.82..194046.69 rows=82938 width=0) (actual time=3230.370..4490.541 rows=966106 loops=1)
  Hash Cond: (mi_idx.movie_id = t.id)
  ->  Seq Scan on movie_info_idx mi_idx  (cost=0.00..21735.35 rows=1380035 width=4) (actual time=0.021..437.267 rows=1380035 loops=1)
  ->  Hash  (cost=152437.31..152437.31 rows=151961 width=8) (actual time=3229.398..3229.398 rows=435214 loops=1)
        Buckets: 131072 (originally 131072)  Batches: 8 (originally 2)  Memory Usage: 3160kB
        ->  Hash Join  (cost=82257.13..152437.31 rows=151961 width=8) (actual time=1538.006..3115.616 rows=435214 loops=1)
              Hash Cond: (mc.movie_id = t.id)
              ->  Seq Scan on movie_companies mc  (cost=0.00..57926.93 rows=756703 width=4) (actual time=0.028..1090.347 rows=1039643 loops=1)
                    Filter: ((company_id < 14412) AND (company_type_id = 1))
                    Rows Removed by Filter: 1569486
              ->  Hash  (cost=73925.90..73925.90 rows=507778 width=4) (actual time=1363.498..1363.498 rows=524129 loops=1)
                    Buckets: 131072  Batches: 8  Memory Usage: 3340kB
                    ->  Seq Scan on title t  (cost=0.00..73925.90 rows=507778 width=4) (actual time=72.801..1200.034 rows=524129 loops=1)
                          Filter: ((production_year < 2010) AND (kind_id = 1))
                          Rows Removed by Filter: 2004183
Planning time: 1.220 ms
Execution time: 4597.880 ms
