Hash Join  (cost=98137.04..168920.98 rows=441828 width=0) (actual time=1926.764..3421.211 rows=277739 loops=1)
  Hash Cond: (mc.movie_id = t.id)
  ->  Seq Scan on movie_companies mc  (cost=0.00..51404.11 rows=600310 width=4) (actual time=57.004..840.762 rows=605373 loops=1)
        Filter: (company_id > 66006)
        Rows Removed by Filter: 2003756
  ->  Hash  (cost=67604.59..67604.59 rows=1860996 width=4) (actual time=1868.196..1868.196 rows=1865487 loops=1)
        Buckets: 131072  Batches: 32  Memory Usage: 3079kB
        ->  Seq Scan on title t  (cost=0.00..67604.59 rows=1860996 width=4) (actual time=0.041..1266.752 rows=1865487 loops=1)
              Filter: (kind_id > 1)
              Rows Removed by Filter: 662825
Planning time: 0.965 ms
Execution time: 3453.829 ms
