Seq Scan on movie_keyword mk  (cost=0.00..81003.12 rows=2603967 width=0) (actual time=0.025..1426.358 rows=2587104 loops=1)
  Filter: (keyword_id > 3331)
  Rows Removed by Filter: 1936826
Planning time: 0.320 ms
Execution time: 1736.672 ms
