Hash Join  (cost=58375.85..145034.83 rows=95 width=0) (actual time=895.958..2616.318 rows=698 loops=1)
  Hash Cond: (mk.movie_id = t.id)
  ->  Seq Scan on movie_keyword mk  (cost=0.00..69693.30 rows=4523930 width=4) (actual time=0.023..987.909 rows=4523930 loops=1)
  ->  Hash  (cost=58375.18..58375.18 rows=53 width=8) (actual time=886.278..886.278 rows=121 loops=1)
        Buckets: 1024  Batches: 1  Memory Usage: 13kB
        ->  Nested Loop  (cost=0.43..58375.18 rows=53 width=8) (actual time=4.789..886.155 rows=121 loops=1)
              ->  Seq Scan on movie_companies mc  (cost=0.00..57926.93 rows=53 width=4) (actual time=4.695..880.687 rows=121 loops=1)
                    Filter: ((company_type_id > 1) AND (company_id = 1925))
                    Rows Removed by Filter: 2609008
              ->  Index Only Scan using title_pkey on title t  (cost=0.43..8.45 rows=1 width=4) (actual time=0.042..0.042 rows=1 loops=121)
                    Index Cond: (id = mc.movie_id)
                    Heap Fetches: 121
Planning time: 1.146 ms
Execution time: 2616.564 ms
