Seq Scan on title t  (cost=0.00..73925.90 rows=500204 width=0) (actual time=0.011..1045.798 rows=538804 loops=1)
  Filter: ((kind_id < 3) AND (production_year < 2008))
  Rows Removed by Filter: 1989508
Planning time: 0.337 ms
Execution time: 1114.149 ms
