Seq Scan on movie_companies mc  (cost=0.00..51404.11 rows=104 width=0) (actual time=327.587..825.304 rows=279 loops=1)
  Filter: (company_id = 72160)
  Rows Removed by Filter: 2608850
Planning time: 0.408 ms
Execution time: 825.414 ms
