Seq Scan on movie_companies mc  (cost=0.00..57926.93 rows=53 width=0) (actual time=59.171..982.523 rows=1 loops=1)
  Filter: ((company_type_id > 1) AND (company_id = 122579))
  Rows Removed by Filter: 2609128
Planning time: 0.302 ms
Execution time: 982.599 ms
