Hash Join  (cost=200693.55..278219.29 rows=179621 width=0) (actual time=4070.006..6292.440 rows=1044683 loops=1)
  Hash Cond: (mc.movie_id = t.id)
  ->  Seq Scan on movie_companies mc  (cost=0.00..44881.29 rows=2609129 width=4) (actual time=0.019..886.675 rows=2609129 loops=1)
  ->  Hash  (cost=197837.65..197837.65 rows=174072 width=8) (actual time=4069.153..4069.153 rows=188777 loops=1)
        Buckets: 131072  Batches: 4  Memory Usage: 2885kB
        ->  Hash Join  (cost=102767.86..197837.65 rows=174072 width=8) (actual time=2059.763..4009.223 rows=188777 loops=1)
              Hash Cond: (mk.movie_id = t.id)
              ->  Seq Scan on movie_keyword mk  (cost=0.00..81003.12 rows=174072 width=4) (actual time=0.039..1350.763 rows=188777 loops=1)
                    Filter: (keyword_id < 137)
                    Rows Removed by Filter: 4335153
              ->  Hash  (cost=61283.27..61283.27 rows=2528527 width=4) (actual time=2058.123..2058.123 rows=2528312 loops=1)
                    Buckets: 131072  Batches: 64  Memory Usage: 2425kB
                    ->  Seq Scan on title t  (cost=0.00..61283.27 rows=2528527 width=4) (actual time=0.007..1184.436 rows=2528312 loops=1)
Planning time: 1.443 ms
Execution time: 6397.242 ms
