Seq Scan on cast_info ci  (cost=0.00..796071.18 rows=8305781 width=0) (actual time=3851.546..14004.248 rows=3611469 loops=1)
  Filter: ((person_id > 1234795) AND (role_id < 2))
  Rows Removed by Filter: 32632875
Planning time: 0.322 ms
Execution time: 14458.899 ms
