Hash Join  (cost=73982.55..825421.01 rows=64929 width=0) (actual time=1046.152..18593.596 rows=91099 loops=1)
  Hash Cond: (ci.movie_id = t.id)
  ->  Seq Scan on cast_info ci  (cost=0.00..614943.12 rows=36225612 width=4) (actual time=0.021..9283.715 rows=36244344 loops=1)
  ->  Hash  (cost=73925.90..73925.90 rows=4532 width=4) (actual time=1046.038..1046.038 rows=8420 loops=1)
        Buckets: 16384 (originally 8192)  Batches: 1 (originally 1)  Memory Usage: 425kB
        ->  Seq Scan on title t  (cost=0.00..73925.90 rows=4532 width=4) (actual time=0.080..1041.836 rows=8420 loops=1)
              Filter: ((kind_id = 7) AND (production_year = 1966))
              Rows Removed by Filter: 2519892
Planning time: 4.573 ms
Execution time: 18609.646 ms
