Hash Join  (cost=258836.51..1266280.32 rows=7380198 width=0) (actual time=14436.355..84133.171 rows=33758193 loops=1)
  Hash Cond: (ci.movie_id = t.id)
  ->  Seq Scan on cast_info ci  (cost=0.00..796071.18 rows=10178134 width=4) (actual time=8.646..45852.818 rows=15807092 loops=1)
        Filter: ((person_id > 2056136) AND (role_id > 1))
        Rows Removed by Filter: 20437252
  ->  Hash  (cost=228756.47..228756.47 rows=1833443 width=8) (actual time=14426.306..14426.306 rows=2420800 loops=1)
        Buckets: 131072 (originally 131072)  Batches: 64 (originally 32)  Memory Usage: 3917kB
        ->  Hash Join  (cost=84417.00..228756.47 rows=1833443 width=8) (actual time=4375.273..13612.792 rows=2420800 loops=1)
              Hash Cond: (mk.movie_id = t.id)
              ->  Seq Scan on movie_keyword mk  (cost=0.00..69693.30 rows=4523930 width=4) (actual time=0.018..4624.061 rows=4523930 loops=1)
              ->  Hash  (cost=67604.59..67604.59 rows=1024753 width=4) (actual time=4373.956..4373.956 rows=1021752 loops=1)
                    Buckets: 131072  Batches: 16  Memory Usage: 3281kB
                    ->  Seq Scan on title t  (cost=0.00..67604.59 rows=1024753 width=4) (actual time=0.023..3918.600 rows=1021752 loops=1)
                          Filter: (production_year < 2000)
                          Rows Removed by Filter: 1506560
Planning time: 12.399 ms
Execution time: 88916.592 ms
