Hash Join  (cost=155527.83..280930.99 rows=279112 width=0) (actual time=3080.772..6800.887 rows=2834034 loops=1)
  Hash Cond: (mk.movie_id = t.id)
  ->  Seq Scan on movie_keyword mk  (cost=0.00..69693.30 rows=4523930 width=4) (actual time=0.020..1398.070 rows=4523930 loops=1)
  ->  Hash  (cost=152967.80..152967.80 rows=156002 width=8) (actual time=3079.612..3079.612 rows=227143 loops=1)
        Buckets: 131072  Batches: 4  Memory Usage: 3230kB
        ->  Hash Join  (cost=77354.40..152967.80 rows=156002 width=8) (actual time=1139.497..3008.580 rows=227143 loops=1)
              Hash Cond: (mc.movie_id = t.id)
              ->  Seq Scan on movie_companies mc  (cost=0.00..51404.11 rows=1888071 width=4) (actual time=0.033..1012.045 rows=1899463 loops=1)
                    Filter: (company_id > 1352)
                    Rows Removed by Filter: 709666
              ->  Hash  (cost=73925.90..73925.90 rows=208920 width=4) (actual time=1138.756..1138.756 rows=183835 loops=1)
                    Buckets: 131072  Batches: 4  Memory Usage: 2649kB
                    ->  Seq Scan on title t  (cost=0.00..73925.90 rows=208920 width=4) (actual time=0.042..1076.733 rows=183835 loops=1)
                          Filter: ((kind_id < 7) AND (production_year > 2009))
                          Rows Removed by Filter: 2344477
Planning time: 1.159 ms
Execution time: 7131.209 ms
