Seq Scan on title t  (cost=0.00..73925.90 rows=4741 width=0) (actual time=174.279..661.931 rows=11233 loops=1)
  Filter: ((kind_id < 7) AND (production_year < 1903))
  Rows Removed by Filter: 2517079
Planning time: 0.380 ms
Execution time: 662.902 ms
