Seq Scan on movie_keyword mk  (cost=0.00..81003.12 rows=1886716 width=0) (actual time=0.021..1465.699 rows=1893002 loops=1)
  Filter: (keyword_id > 7181)
  Rows Removed by Filter: 2630928
Planning time: 0.300 ms
Execution time: 1692.848 ms
