Hash Join  (cost=58358.90..824624.20 rows=327 width=0) (actual time=877.002..16168.705 rows=32286 loops=1)
  Hash Cond: (ci.movie_id = t.id)
  ->  Seq Scan on cast_info ci  (cost=0.00..705507.15 rows=16201301 width=4) (actual time=0.013..13154.417 rows=16121683 loops=1)
        Filter: (role_id > 2)
        Rows Removed by Filter: 20122661
  ->  Hash  (cost=58358.27..58358.27 rows=51 width=8) (actual time=876.934..876.934 rows=547 loops=1)
        Buckets: 1024  Batches: 1  Memory Usage: 30kB
        ->  Nested Loop  (cost=0.43..58358.27 rows=51 width=8) (actual time=508.907..876.586 rows=547 loops=1)
              ->  Seq Scan on movie_companies mc  (cost=0.00..57926.93 rows=51 width=4) (actual time=508.803..861.108 rows=547 loops=1)
                    Filter: ((company_type_id < 2) AND (company_id = 11379))
                    Rows Removed by Filter: 2608582
              ->  Index Only Scan using title_pkey on title t  (cost=0.43..8.45 rows=1 width=4) (actual time=0.027..0.027 rows=1 loops=547)
                    Index Cond: (id = mc.movie_id)
                    Heap Fetches: 547
Planning time: 2.373 ms
Execution time: 16175.037 ms
