Nested Loop  (cost=0.43..797555.70 rows=176 width=0) (actual time=3010.217..13201.747 rows=13 loops=1)
  ->  Seq Scan on cast_info ci  (cost=0.00..796071.18 rows=176 width=4) (actual time=3010.040..13201.373 rows=13 loops=1)
        Filter: ((role_id < 2) AND (person_id = 319281))
        Rows Removed by Filter: 36244331
  ->  Index Only Scan using title_pkey on title t  (cost=0.43..8.42 rows=1 width=4) (actual time=0.020..0.021 rows=1 loops=13)
        Index Cond: (id = ci.movie_id)
        Heap Fetches: 13
Planning time: 3.596 ms
Execution time: 13201.850 ms
