Seq Scan on movie_companies mc  (cost=0.00..57926.93 rows=475352 width=0) (actual time=111.156..955.008 rows=273250 loops=1)
  Filter: ((company_id < 3352) AND (company_type_id > 1))
  Rows Removed by Filter: 2335879
Planning time: 3.522 ms
Execution time: 990.235 ms
