Hash Join  (cost=80562.70..169782.46 rows=109090 width=0) (actual time=1536.359..3023.702 rows=59468 loops=1)
  Hash Cond: (mk.movie_id = t.id)
  ->  Seq Scan on movie_keyword mk  (cost=0.00..81003.12 rows=349264 width=4) (actual time=0.022..1224.370 rows=363692 loops=1)
        Filter: (keyword_id < 335)
        Rows Removed by Filter: 4160238
  ->  Hash  (cost=67604.59..67604.59 rows=789769 width=4) (actual time=1535.160..1535.160 rows=784926 loops=1)
        Buckets: 131072  Batches: 16  Memory Usage: 2756kB
        ->  Seq Scan on title t  (cost=0.00..67604.59 rows=789769 width=4) (actual time=0.016..1257.010 rows=784926 loops=1)
              Filter: (production_year > 2007)
              Rows Removed by Filter: 1743386
Planning time: 1.151 ms
Execution time: 3029.589 ms
