Hash Join  (cost=797557.32..852223.81 rows=97 width=0) (actual time=32383.954..32501.891 rows=1 loops=1)
  Hash Cond: (mc.movie_id = t.id)
  ->  Seq Scan on movie_companies mc  (cost=0.00..44881.29 rows=2609129 width=4) (actual time=0.029..1921.051 rows=2609129 loops=1)
  ->  Hash  (cost=797556.14..797556.14 rows=94 width=8) (actual time=30033.673..30033.673 rows=1 loops=1)
        Buckets: 1024  Batches: 1  Memory Usage: 9kB
        ->  Nested Loop  (cost=0.43..797556.14 rows=94 width=8) (actual time=27595.186..30033.646 rows=1 loops=1)
              ->  Seq Scan on cast_info ci  (cost=0.00..796071.18 rows=176 width=4) (actual time=27595.062..30033.518 rows=1 loops=1)
                    Filter: ((person_id = 811066) AND (role_id = 1))
                    Rows Removed by Filter: 36244343
              ->  Index Scan using title_pkey on title t  (cost=0.43..8.43 rows=1 width=4) (actual time=0.078..0.079 rows=1 loops=1)
                    Index Cond: (id = ci.movie_id)
                    Filter: (production_year < 2005)
Planning time: 5.779 ms
Execution time: 32502.026 ms
