Seq Scan on movie_keyword mk  (cost=0.00..81003.12 rows=246 width=0) (actual time=0.039..1312.450 rows=2926 loops=1)
  Filter: (keyword_id = 3287)
  Rows Removed by Filter: 4521004
Planning time: 0.363 ms
Execution time: 1313.283 ms
