Hash Join  (cost=797179.47..851845.01 rows=2 width=0) (actual time=11945.308..12907.435 rows=2 loops=1)
  Hash Cond: (mc.movie_id = t.id)
  ->  Seq Scan on movie_companies mc  (cost=0.00..44881.29 rows=2609129 width=4) (actual time=0.014..624.822 rows=2609129 loops=1)
  ->  Hash  (cost=797179.44..797179.44 rows=2 width=8) (actual time=11818.162..11818.162 rows=3 loops=1)
        Buckets: 1024  Batches: 1  Memory Usage: 9kB
        ->  Nested Loop  (cost=0.43..797179.44 rows=2 width=8) (actual time=10196.262..11818.142 rows=3 loops=1)
              ->  Seq Scan on cast_info ci  (cost=0.00..796071.18 rows=131 width=4) (actual time=630.640..11817.622 rows=22 loops=1)
                    Filter: ((role_id > 4) AND (person_id = 2327909))
                    Rows Removed by Filter: 36244322
              ->  Index Scan using title_pkey on title t  (cost=0.43..8.45 rows=1 width=4) (actual time=0.022..0.022 rows=0 loops=22)
                    Index Cond: (id = ci.movie_id)
                    Filter: (production_year = 1994)
                    Rows Removed by Filter: 1
Planning time: 1.200 ms
Execution time: 12907.598 ms
