Hash Join  (cost=73987.23..457035.11 rows=18951 width=0) (actual time=1201.756..8680.801 rows=24424 loops=1)
  Hash Cond: (mi.movie_id = t.id)
  ->  Seq Scan on movie_info mi  (cost=0.00..346232.03 rows=9767026 width=4) (actual time=0.022..5863.587 rows=9911754 loops=1)
        Filter: (info_type_id > 4)
        Rows Removed by Filter: 4923966
  ->  Hash  (cost=73925.90..73925.90 rows=4906 width=4) (actual time=1198.533..1198.533 rows=5845 loops=1)
        Buckets: 8192  Batches: 1  Memory Usage: 270kB
        ->  Seq Scan on title t  (cost=0.00..73925.90 rows=4906 width=4) (actual time=0.080..1195.719 rows=5845 loops=1)
              Filter: ((kind_id > 3) AND (production_year = 1957))
              Rows Removed by Filter: 2522467
Planning time: 0.824 ms
Execution time: 8684.376 ms
