Hash Join  (cost=183571.26..318421.18 rows=1054489 width=0) (actual time=4503.687..9588.957 rows=7612924 loops=1)
  Hash Cond: (mk.movie_id = t.id)
  ->  Seq Scan on movie_keyword mk  (cost=0.00..69693.30 rows=4523930 width=4) (actual time=6.263..1406.044 rows=4523930 loops=1)
  ->  Hash  (cost=173901.03..173901.03 rows=589378 width=8) (actual time=4496.248..4496.248 rows=651416 loops=1)
        Buckets: 131072 (originally 131072)  Batches: 16 (originally 8)  Memory Usage: 3073kB
        ->  Hash Join  (cost=99161.12..173901.03 rows=589378 width=8) (actual time=2490.238..4295.431 rows=651416 loops=1)
              Hash Cond: (mc.movie_id = t.id)
              ->  Seq Scan on movie_companies mc  (cost=0.00..51404.11 rows=774803 width=4) (actual time=0.025..921.742 rows=766407 loops=1)
                    Filter: (company_id < 1595)
                    Rows Removed by Filter: 1842722
              ->  Hash  (cost=67604.59..67604.59 rows=1923403 width=4) (actual time=2488.914..2488.914 rows=1922849 loops=1)
                    Buckets: 131072  Batches: 32  Memory Usage: 3132kB
                    ->  Seq Scan on title t  (cost=0.00..67604.59 rows=1923403 width=4) (actual time=0.013..1553.381 rows=1922849 loops=1)
                          Filter: (production_year < 2010)
                          Rows Removed by Filter: 605463
Planning time: 1.030 ms
Execution time: 10442.966 ms
