Seq Scan on movie_companies mc  (cost=0.00..57926.93 rows=53 width=0) (actual time=616.569..900.005 rows=7 loops=1)
  Filter: ((company_type_id > 1) AND (company_id = 28808))
  Rows Removed by Filter: 2609122
Planning time: 0.378 ms
Execution time: 900.109 ms
