Hash Join  (cost=93093.72..193505.02 rows=1603136 width=0) (actual time=3953.537..8634.150 rows=747310 loops=1)
  Hash Cond: (mc.movie_id = t.id)
  ->  Seq Scan on movie_companies mc  (cost=0.00..44881.29 rows=2609129 width=4) (actual time=0.029..2514.477 rows=2609129 loops=1)
  ->  Hash  (cost=67604.59..67604.59 rows=1553611 width=4) (actual time=3952.660..3952.660 rows=1555864 loops=1)
        Buckets: 131072  Batches: 32  Memory Usage: 2734kB
        ->  Seq Scan on title t  (cost=0.00..67604.59 rows=1553611 width=4) (actual time=0.012..3296.745 rows=1555864 loops=1)
              Filter: (kind_id > 4)
              Rows Removed by Filter: 972448
Planning time: 2.775 ms
Execution time: 8731.149 ms
