Nested Loop  (cost=51995.94..139836.08 rows=161 width=0) (actual time=948.750..2153.096 rows=392 loops=1)
  ->  Hash Join  (cost=51995.51..136767.40 rows=845 width=8) (actual time=948.683..2142.949 rows=392 loops=1)
        Hash Cond: (mk.movie_id = mc.movie_id)
        ->  Seq Scan on movie_keyword mk  (cost=0.00..81003.12 rows=8595 width=4) (actual time=0.168..1222.974 rows=9060 loops=1)
              Filter: (keyword_id = 47)
              Rows Removed by Filter: 4514870
        ->  Hash  (cost=51404.11..51404.11 rows=47312 width=4) (actual time=914.043..914.043 rows=47252 loops=1)
              Buckets: 65536  Batches: 1  Memory Usage: 2174kB
              ->  Seq Scan on movie_companies mc  (cost=0.00..51404.11 rows=47312 width=4) (actual time=1.319..896.279 rows=47252 loops=1)
                    Filter: (company_id = 19)
                    Rows Removed by Filter: 2561877
  ->  Index Only Scan using title_pkey on title t  (cost=0.43..3.62 rows=1 width=4) (actual time=0.024..0.025 rows=1 loops=392)
        Index Cond: (id = mc.movie_id)
        Heap Fetches: 392
Planning time: 1.165 ms
Execution time: 2153.392 ms
