Hash Join  (cost=74651.84..132781.14 rows=38813 width=0) (actual time=1248.525..2947.968 rows=329468 loops=1)
  Hash Cond: (mc.movie_id = t.id)
  ->  Seq Scan on movie_companies mc  (cost=0.00..51404.11 rows=1689881 width=4) (actual time=0.021..946.377 rows=1688102 loops=1)
        Filter: (company_id > 3139)
        Rows Removed by Filter: 921027
  ->  Hash  (cost=73925.90..73925.90 rows=58075 width=4) (actual time=1154.476..1154.476 rows=183177 loops=1)
        Buckets: 131072 (originally 65536)  Batches: 4 (originally 1)  Memory Usage: 3073kB
        ->  Seq Scan on title t  (cost=0.00..73925.90 rows=58075 width=4) (actual time=0.325..1079.070 rows=183177 loops=1)
              Filter: ((production_year < 1958) AND (kind_id = 1))
              Rows Removed by Filter: 2345135
Planning time: 0.777 ms
Execution time: 2986.705 ms
