Hash Join  (cost=154654.97..952632.47 rows=190631 width=0) (actual time=2916.612..19159.214 rows=1058284 loops=1)
  Hash Cond: (ci.movie_id = t.id)
  ->  Seq Scan on cast_info ci  (cost=0.00..614943.12 rows=36225612 width=4) (actual time=0.021..8466.939 rows=36244344 loops=1)
  ->  Hash  (cost=154488.65..154488.65 rows=13306 width=8) (actual time=2915.830..2915.830 rows=26742 loops=1)
        Buckets: 32768 (originally 16384)  Batches: 1 (originally 1)  Memory Usage: 1301kB
        ->  Hash Join  (cost=67697.55..154488.65 rows=13306 width=8) (actual time=1089.798..2906.895 rows=26742 loops=1)
              Hash Cond: (mk.movie_id = t.id)
              ->  Seq Scan on movie_keyword mk  (cost=0.00..69693.30 rows=4523930 width=4) (actual time=0.020..1010.288 rows=4523930 loops=1)
              ->  Hash  (cost=67604.59..67604.59 rows=7437 width=4) (actual time=1088.645..1088.645 rows=2730 loops=1)
                    Buckets: 8192  Batches: 1  Memory Usage: 160kB
                    ->  Seq Scan on title t  (cost=0.00..67604.59 rows=7437 width=4) (actual time=0.125..1087.226 rows=2730 loops=1)
                          Filter: (production_year = 1938)
                          Rows Removed by Filter: 2525582
Planning time: 1.135 ms
Execution time: 19295.719 ms
