Hash Join  (cost=236734.38..284396.52 rows=581066 width=0) (actual time=4818.346..6273.458 rows=2323236 loops=1)
  Hash Cond: (mi_idx.movie_id = t.id)
  ->  Seq Scan on movie_info_idx mi_idx  (cost=0.00..21735.35 rows=1380035 width=4) (actual time=0.019..387.891 rows=1380035 loops=1)
  ->  Hash  (cost=219267.38..219267.38 rows=1064640 width=8) (actual time=4817.232..4817.232 rows=1069398 loops=1)
        Buckets: 131072  Batches: 16  Memory Usage: 3663kB
        ->  Hash Join  (cost=102767.86..219267.38 rows=1064640 width=8) (actual time=1926.408..4532.515 rows=1069398 loops=1)
              Hash Cond: (mk.movie_id = t.id)
              ->  Seq Scan on movie_keyword mk  (cost=0.00..81003.12 rows=1064640 width=4) (actual time=0.016..1430.025 rows=1069398 loops=1)
                    Filter: (keyword_id < 1074)
                    Rows Removed by Filter: 3454532
              ->  Hash  (cost=61283.27..61283.27 rows=2528527 width=4) (actual time=1925.080..1925.080 rows=2528312 loops=1)
                    Buckets: 131072  Batches: 64  Memory Usage: 2425kB
                    ->  Seq Scan on title t  (cost=0.00..61283.27 rows=2528527 width=4) (actual time=0.021..1060.572 rows=2528312 loops=1)
Planning time: 1.139 ms
Execution time: 6466.314 ms
