Seq Scan on movie_companies mc  (cost=0.00..51404.11 rows=206924 width=0) (actual time=0.061..762.262 rows=206972 loops=1)
  Filter: (company_id < 68)
  Rows Removed by Filter: 2402157
Planning time: 0.326 ms
Execution time: 789.684 ms
