Seq Scan on movie_keyword mk  (cost=0.00..81003.12 rows=629881 width=0) (actual time=0.031..1378.856 rows=631561 loops=1)
  Filter: (keyword_id > 29033)
  Rows Removed by Filter: 3892369
Planning time: 0.328 ms
Execution time: 1459.393 ms
