Hash Join  (cost=101382.27..466739.03 rows=70084 width=0) (actual time=2113.332..9596.720 rows=181626 loops=1)
  Hash Cond: (mi.movie_id = t.id)
  ->  Seq Scan on movie_info mi  (cost=0.00..309384.22 rows=14739122 width=4) (actual time=0.020..4437.366 rows=14835720 loops=1)
  ->  Hash  (cost=101231.98..101231.98 rows=12023 width=8) (actual time=1874.044..1874.044 rows=15519 loops=1)
        Buckets: 16384  Batches: 1  Memory Usage: 735kB
        ->  Hash Join  (cost=74201.27..101231.98 rows=12023 width=8) (actual time=1374.410..1868.667 rows=15519 loops=1)
              Hash Cond: (mi_idx.movie_id = t.id)
              ->  Seq Scan on movie_info_idx mi_idx  (cost=0.00..21735.35 rows=1380035 width=4) (actual time=0.022..332.330 rows=1380035 loops=1)
              ->  Hash  (cost=73925.90..73925.90 rows=22029 width=4) (actual time=1209.443..1209.443 rows=81645 loops=1)
                    Buckets: 131072 (originally 32768)  Batches: 1 (originally 1)  Memory Usage: 3895kB
                    ->  Seq Scan on title t  (cost=0.00..73925.90 rows=22029 width=4) (actual time=23.397..1177.276 rows=81645 loops=1)
                          Filter: ((kind_id < 2) AND (production_year < 1919))
                          Rows Removed by Filter: 2446667
Planning time: 1.239 ms
Execution time: 9622.243 ms
