Nested Loop  (cost=0.43..65688.00 rows=281 width=0) (actual time=448.030..913.190 rows=358 loops=1)
  ->  Seq Scan on movie_companies mc  (cost=0.00..57926.93 rows=945 width=4) (actual time=446.906..863.812 rows=743 loops=1)
        Filter: ((company_id < 6) AND (company_type_id = 2))
        Rows Removed by Filter: 2608386
  ->  Index Scan using title_pkey on title t  (cost=0.43..8.20 rows=1 width=4) (actual time=0.065..0.066 rows=0 loops=743)
        Index Cond: (id = mc.movie_id)
        Filter: ((kind_id < 7) AND (production_year < 2010))
        Rows Removed by Filter: 1
Planning time: 0.789 ms
Execution time: 913.406 ms
