Seq Scan on title t  (cost=0.00..73925.90 rows=4532 width=0) (actual time=2.037..2504.422 rows=11996 loops=1)
  Filter: ((kind_id = 7) AND (production_year = 1987))
  Rows Removed by Filter: 2516316
Planning time: 10.075 ms
Execution time: 2507.321 ms
