Hash Join  (cost=102767.86..1151634.83 rows=10095249 width=0) (actual time=8093.737..24958.379 rows=7321014 loops=1)
  Hash Cond: (ci.movie_id = t.id)
  ->  Seq Scan on cast_info ci  (cost=0.00..796071.18 rows=10095249 width=4) (actual time=6148.750..16343.685 rows=7321014 loops=1)
        Filter: ((person_id > 717688) AND (role_id = 1))
        Rows Removed by Filter: 28923330
  ->  Hash  (cost=61283.27..61283.27 rows=2528527 width=4) (actual time=1943.436..1943.436 rows=2528312 loops=1)
        Buckets: 131072  Batches: 64  Memory Usage: 2415kB
        ->  Seq Scan on title t  (cost=0.00..61283.27 rows=2528527 width=4) (actual time=0.021..1114.079 rows=2528312 loops=1)
Planning time: 0.729 ms
Execution time: 25852.446 ms
