Nested Loop  (cost=0.43..83072.90 rows=32 width=0) (actual time=752.056..1372.906 rows=22 loops=1)
  ->  Seq Scan on movie_keyword mk  (cost=0.00..81003.12 rows=246 width=4) (actual time=0.030..1277.277 rows=2085 loops=1)
        Filter: (keyword_id = 36)
        Rows Removed by Filter: 4521845
  ->  Index Scan using title_pkey on title t  (cost=0.43..8.40 rows=1 width=4) (actual time=0.045..0.045 rows=0 loops=2085)
        Index Cond: (id = mk.movie_id)
        Filter: ((production_year < 1982) AND (kind_id = 7))
        Rows Removed by Filter: 1
Planning time: 3.750 ms
Execution time: 1373.031 ms
