Hash Join  (cost=102767.86..1019150.12 rows=4589359 width=0) (actual time=1867.579..23178.264 rows=6186684 loops=1)
  Hash Cond: (ci.movie_id = t.id)
  ->  Seq Scan on cast_info ci  (cost=0.00..796071.18 rows=4589359 width=4) (actual time=0.024..15381.148 rows=6186684 loops=1)
        Filter: ((person_id > 1473617) AND (role_id > 6))
        Rows Removed by Filter: 30057660
  ->  Hash  (cost=61283.27..61283.27 rows=2528527 width=4) (actual time=1866.305..1866.305 rows=2528312 loops=1)
        Buckets: 131072  Batches: 64  Memory Usage: 2415kB
        ->  Seq Scan on title t  (cost=0.00..61283.27 rows=2528527 width=4) (actual time=0.013..1026.053 rows=2528312 loops=1)
Planning time: 0.796 ms
Execution time: 23903.925 ms
