Seq Scan on movie_keyword mk  (cost=0.00..81003.12 rows=342051 width=0) (actual time=0.027..1378.587 rows=339722 loops=1)
  Filter: (keyword_id > 48763)
  Rows Removed by Filter: 4184208
Planning time: 0.318 ms
Execution time: 1423.388 ms
