Hash Join  (cost=917581.81..1008155.22 rows=60726 width=0) (actual time=14379.985..16257.378 rows=536655 loops=1)
  Hash Cond: (mk.movie_id = t.id)
  ->  Seq Scan on movie_keyword mk  (cost=0.00..81003.12 rows=701074 width=4) (actual time=0.009..1381.677 rows=706063 loops=1)
        Filter: (keyword_id > 26723)
        Rows Removed by Filter: 3817867
  ->  Hash  (cost=913988.08..913988.08 rows=219018 width=8) (actual time=14379.253..14379.253 rows=367315 loops=1)
        Buckets: 131072 (originally 131072)  Batches: 8 (originally 4)  Memory Usage: 3073kB
        ->  Hash Join  (cost=102767.86..913988.08 rows=219018 width=8) (actual time=4187.438..14263.663 rows=367315 loops=1)
              Hash Cond: (ci.movie_id = t.id)
              ->  Seq Scan on cast_info ci  (cost=0.00..796071.18 rows=219018 width=4) (actual time=1936.181..11331.620 rows=367315 loops=1)
                    Filter: ((person_id > 3994442) AND (role_id > 1))
                    Rows Removed by Filter: 35877029
              ->  Hash  (cost=61283.27..61283.27 rows=2528527 width=4) (actual time=2249.453..2249.453 rows=2528312 loops=1)
                    Buckets: 131072  Batches: 64  Memory Usage: 2415kB
                    ->  Seq Scan on title t  (cost=0.00..61283.27 rows=2528527 width=4) (actual time=0.020..1141.645 rows=2528312 loops=1)
Planning time: 1.188 ms
Execution time: 16318.209 ms
