Seq Scan on movie_companies mc  (cost=0.00..51404.11 rows=2087134 width=0) (actual time=0.021..1057.968 rows=2085482 loops=1)
  Filter: (company_id > 480)
  Rows Removed by Filter: 523647
Planning time: 0.236 ms
Execution time: 1319.778 ms
