Hash Join  (cost=139597.14..256967.01 rows=533357 width=0) (actual time=3231.492..7756.529 rows=5179962 loops=1)
  Hash Cond: (mk.movie_id = t.id)
  ->  Seq Scan on movie_keyword mk  (cost=0.00..81003.12 rows=2501648 width=4) (actual time=0.024..1719.405 rows=2495593 loops=1)
        Filter: (keyword_id < 6088)
        Rows Removed by Filter: 2028337
  ->  Hash  (cost=130752.54..130752.54 rows=539088 width=8) (actual time=3230.607..3230.607 rows=954317 loops=1)
        Buckets: 131072 (originally 131072)  Batches: 16 (originally 8)  Memory Usage: 3370kB
        ->  Hash Join  (cost=83810.17..130752.54 rows=539088 width=8) (actual time=1521.485..2961.874 rows=954317 loops=1)
              Hash Cond: (mi_idx.movie_id = t.id)
              ->  Seq Scan on movie_info_idx mi_idx  (cost=0.00..21735.35 rows=1380035 width=4) (actual time=0.015..429.901 rows=1380035 loops=1)
              ->  Hash  (cost=67604.59..67604.59 rows=987727 width=4) (actual time=1520.475..1520.475 rows=985048 loops=1)
                    Buckets: 131072  Batches: 16  Memory Usage: 3188kB
                    ->  Seq Scan on title t  (cost=0.00..67604.59 rows=987727 width=4) (actual time=0.009..1218.678 rows=985048 loops=1)
                          Filter: (kind_id < 7)
                          Rows Removed by Filter: 1543264
Planning time: 1.081 ms
Execution time: 8384.605 ms
