Seq Scan on movie_companies mc  (cost=0.00..57926.93 rows=746062 width=0) (actual time=400.449..1145.714 rows=963478 loops=1)
  Filter: ((company_id > 8639) AND (company_type_id = 2))
  Rows Removed by Filter: 1645651
Planning time: 0.431 ms
Execution time: 1264.151 ms
