Hash Join  (cost=74201.04..195761.21 rows=471285 width=0) (actual time=1245.793..4965.203 rows=671986 loops=1)
  Hash Cond: (mk.movie_id = t.id)
  ->  Seq Scan on movie_keyword mk  (cost=0.00..81003.12 rows=2964053 width=4) (actual time=0.013..1544.399 rows=2948848 loops=1)
        Filter: (keyword_id < 9922)
        Rows Removed by Filter: 1575082
  ->  Hash  (cost=67604.59..67604.59 rows=402036 width=4) (actual time=1244.766..1244.766 rows=395872 loops=1)
        Buckets: 131072  Batches: 8  Memory Usage: 2765kB
        ->  Seq Scan on title t  (cost=0.00..67604.59 rows=402036 width=4) (actual time=0.020..1112.196 rows=395872 loops=1)
              Filter: (production_year < 1972)
              Rows Removed by Filter: 2132440
Planning time: 0.745 ms
Execution time: 5049.956 ms
