Hash Join  (cost=74316.78..829120.47 rows=157382 width=0) (actual time=1100.265..16638.321 rows=25268 loops=1)
  Hash Cond: (ci.movie_id = t.id)
  ->  Seq Scan on cast_info ci  (cost=0.00..705507.15 rows=12726058 width=4) (actual time=0.021..13517.569 rows=12670688 loops=1)
        Filter: (role_id = 1)
        Rows Removed by Filter: 23573656
  ->  Hash  (cost=73925.90..73925.90 rows=31270 width=4) (actual time=1099.181..1099.181 rows=4968 loops=1)
        Buckets: 32768  Batches: 1  Memory Usage: 431kB
        ->  Seq Scan on title t  (cost=0.00..73925.90 rows=31270 width=4) (actual time=103.304..1096.690 rows=4968 loops=1)
              Filter: ((production_year < 1990) AND (kind_id = 4))
              Rows Removed by Filter: 2523344
Planning time: 1.459 ms
Execution time: 16643.143 ms
