Nested Loop  (cost=0.43..58358.39 rows=38 width=0) (actual time=147.497..877.554 rows=4 loops=1)
  ->  Seq Scan on movie_companies mc  (cost=0.00..57926.93 rows=51 width=4) (actual time=147.420..877.289 rows=4 loops=1)
        Filter: ((company_id = 11075) AND (company_type_id = 1))
        Rows Removed by Filter: 2609125
  ->  Index Scan using title_pkey on title t  (cost=0.43..8.45 rows=1 width=4) (actual time=0.059..0.060 rows=1 loops=4)
        Index Cond: (id = mc.movie_id)
        Filter: (kind_id > 1)
Planning time: 0.730 ms
Execution time: 877.672 ms
