Hash Join  (cost=83580.70..939984.45 rows=1412373 width=0) (actual time=9920.761..19965.317 rows=3163811 loops=1)
  Hash Cond: (ci.movie_id = t.id)
  ->  Seq Scan on cast_info ci  (cost=0.00..796071.18 rows=3667424 width=4) (actual time=8238.493..13747.967 rows=7389182 loops=1)
        Filter: ((person_id < 1009400) AND (role_id < 2))
        Rows Removed by Filter: 28855162
  ->  Hash  (cost=67604.59..67604.59 rows=973769 width=4) (actual time=1680.926..1680.926 rows=971188 loops=1)
        Buckets: 131072  Batches: 16  Memory Usage: 3161kB
        ->  Seq Scan on title t  (cost=0.00..67604.59 rows=973769 width=4) (actual time=0.034..1361.684 rows=971188 loops=1)
              Filter: (production_year < 1999)
              Rows Removed by Filter: 1557124
Planning time: 9.167 ms
Execution time: 20308.036 ms
