Hash Join  (cost=174403.47..1112093.52 rows=2649018 width=0) (actual time=6453.885..31413.035 rows=16663078 loops=1)
  Hash Cond: (ci.movie_id = t.id)
  ->  Seq Scan on cast_info ci  (cost=0.00..796071.18 rows=9724183 width=4) (actual time=2120.899..15407.614 rows=12119140 loops=1)
        Filter: ((person_id > 1419066) AND (role_id > 2))
        Rows Removed by Filter: 24125204
  ->  Hash  (cost=163102.35..163102.35 rows=688810 width=8) (actual time=4331.832..4331.832 rows=1307690 loops=1)
        Buckets: 131072 (originally 131072)  Batches: 32 (originally 16)  Memory Usage: 3073kB
        ->  Hash Join  (cost=78556.72..163102.35 rows=688810 width=8) (actual time=1391.974..3947.271 rows=1307690 loops=1)
              Hash Cond: (mc.movie_id = t.id)
              ->  Seq Scan on movie_companies mc  (cost=0.00..44881.29 rows=2609129 width=4) (actual time=0.019..911.792 rows=2609129 loops=1)
              ->  Hash  (cost=67604.59..67604.59 rows=667531 width=4) (actual time=1239.123..1239.123 rows=662825 loops=1)
                    Buckets: 131072  Batches: 16  Memory Usage: 2476kB
                    ->  Seq Scan on title t  (cost=0.00..67604.59 rows=667531 width=4) (actual time=0.015..1037.271 rows=662825 loops=1)
                          Filter: (kind_id = 1)
                          Rows Removed by Filter: 1865487
Planning time: 1.144 ms
Execution time: 33178.887 ms
