Hash Join  (cost=73982.55..825421.01 rows=64929 width=0) (actual time=980.878..16588.425 rows=33776 loops=1)
  Hash Cond: (ci.movie_id = t.id)
  ->  Seq Scan on cast_info ci  (cost=0.00..614943.12 rows=36225612 width=4) (actual time=0.007..8149.117 rows=36244344 loops=1)
  ->  Hash  (cost=73925.90..73925.90 rows=4532 width=4) (actual time=979.640..979.640 rows=4021 loops=1)
        Buckets: 8192  Batches: 1  Memory Usage: 206kB
        ->  Seq Scan on title t  (cost=0.00..73925.90 rows=4532 width=4) (actual time=0.248..977.721 rows=4021 loops=1)
              Filter: ((kind_id = 7) AND (production_year = 1954))
              Rows Removed by Filter: 2524291
Planning time: 0.537 ms
Execution time: 16594.788 ms
