Hash Join  (cost=74730.49..162513.73 rows=43100 width=0) (actual time=3046.311..7356.286 rows=31932 loops=1)
  Hash Cond: (mk.movie_id = t.id)
  ->  Seq Scan on movie_keyword mk  (cost=0.00..81003.12 rows=1693097 width=4) (actual time=0.014..3828.711 rows=1704903 loops=1)
        Filter: (keyword_id > 8444)
        Rows Removed by Filter: 2819027
  ->  Hash  (cost=73925.90..73925.90 rows=64367 width=4) (actual time=3045.673..3045.673 rows=53905 loops=1)
        Buckets: 65536  Batches: 1  Memory Usage: 2408kB
        ->  Seq Scan on title t  (cost=0.00..73925.90 rows=64367 width=4) (actual time=0.099..3023.386 rows=53905 loops=1)
              Filter: ((kind_id < 7) AND (production_year = 2012))
              Rows Removed by Filter: 2474407
Planning time: 0.674 ms
Execution time: 7365.668 ms
