Hash Join  (cost=127959.21..254785.81 rows=395956 width=0) (actual time=2445.190..6794.279 rows=4492382 loops=1)
  Hash Cond: (mk.movie_id = t.id)
  ->  Seq Scan on movie_keyword mk  (cost=0.00..69693.30 rows=4523930 width=4) (actual time=0.023..1523.574 rows=4523930 loops=1)
  ->  Hash  (cost=124327.85..124327.85 rows=221309 width=8) (actual time=2444.475..2444.475 rows=379268 loops=1)
        Buckets: 131072 (originally 131072)  Batches: 8 (originally 4)  Memory Usage: 3073kB
        ->  Hash Join  (cost=83958.69..124327.85 rows=221309 width=8) (actual time=1198.215..2327.338 rows=379268 loops=1)
              Hash Cond: (mi_idx.movie_id = t.id)
              ->  Seq Scan on movie_info_idx mi_idx  (cost=0.00..25185.44 rows=915101 width=4) (actual time=0.018..520.633 rows=919850 loops=1)
                    Filter: (info_type_id < 101)
                    Rows Removed by Filter: 460185
              ->  Hash  (cost=73925.90..73925.90 rows=611503 width=4) (actual time=1197.470..1197.470 rows=511129 loops=1)
                    Buckets: 131072  Batches: 8  Memory Usage: 3286kB
                    ->  Seq Scan on title t  (cost=0.00..73925.90 rows=611503 width=4) (actual time=223.813..1056.772 rows=511129 loops=1)
                          Filter: ((production_year > 1941) AND (kind_id = 1))
                          Rows Removed by Filter: 2017183
Planning time: 1.173 ms
Execution time: 7289.965 ms
