Hash Join  (cost=68438.72..791648.67 rows=116395 width=0) (actual time=1054.439..13521.071 rows=108631 loops=1)
  Hash Cond: (ci.movie_id = t.id)
  ->  Seq Scan on cast_info ci  (cost=0.00..705507.15 rows=4410359 width=4) (actual time=0.017..11097.433 rows=4278686 loops=1)
        Filter: (person_id < 412589)
        Rows Removed by Filter: 31965658
  ->  Hash  (cost=67604.59..67604.59 rows=66731 width=4) (actual time=1053.747..1053.747 rows=67342 loops=1)
        Buckets: 131072  Batches: 1  Memory Usage: 3392kB
        ->  Seq Scan on title t  (cost=0.00..67604.59 rows=66731 width=4) (actual time=0.017..1025.531 rows=67342 loops=1)
              Filter: (production_year > 2012)
              Rows Removed by Filter: 2460970
Planning time: 0.799 ms
Execution time: 13537.157 ms
