Hash Join  (cost=191710.37..1302375.49 rows=7482096 width=0) (actual time=4295.389..41666.966 rows=28315725 loops=1)
  Hash Cond: (ci.movie_id = t.id)
  ->  Seq Scan on cast_info ci  (cost=0.00..614943.12 rows=36225612 width=4) (actual time=0.027..13252.682 rows=36244344 loops=1)
  ->  Hash  (cost=183141.29..183141.29 rows=522246 width=8) (actual time=4294.382..4294.382 rows=731266 loops=1)
        Buckets: 131072 (originally 131072)  Batches: 16 (originally 8)  Memory Usage: 3073kB
        ->  Hash Join  (cost=102767.86..183141.29 rows=522246 width=8) (actual time=2058.087..4080.814 rows=731266 loops=1)
              Hash Cond: (mc.movie_id = t.id)
              ->  Seq Scan on movie_companies mc  (cost=0.00..57926.93 rows=522246 width=4) (actual time=0.032..1011.141 rows=731266 loops=1)
                    Filter: ((company_id < 6344) AND (company_type_id = 1))
                    Rows Removed by Filter: 1877863
              ->  Hash  (cost=61283.27..61283.27 rows=2528527 width=4) (actual time=2057.210..2057.210 rows=2528312 loops=1)
                    Buckets: 131072  Batches: 64  Memory Usage: 2415kB
                    ->  Seq Scan on title t  (cost=0.00..61283.27 rows=2528527 width=4) (actual time=0.019..1222.892 rows=2528312 loops=1)
Planning time: 1.225 ms
Execution time: 44594.020 ms
