Seq Scan on movie_keyword mk  (cost=0.00..81003.12 rows=810826 width=0) (actual time=0.019..1356.035 rows=813890 loops=1)
  Filter: (keyword_id > 22515)
  Rows Removed by Filter: 3710040
Planning time: 0.214 ms
Execution time: 1457.234 ms
