Hash Join  (cost=121838.37..516113.89 rows=54888 width=0) (actual time=991.517..9630.185 rows=149499 loops=1)
  Hash Cond: (mi.movie_id = t.id)
  ->  Seq Scan on movie_info mi  (cost=0.00..346232.03 rows=12665229 width=4) (actual time=0.024..6309.547 rows=12744652 loops=1)
        Filter: (info_type_id > 2)
        Rows Removed by Filter: 2091068
  ->  Hash  (cost=121701.40..121701.40 rows=10958 width=8) (actual time=991.187..991.187 rows=10667 loops=1)
        Buckets: 16384  Batches: 1  Memory Usage: 545kB
        ->  Nested Loop  (cost=0.43..121701.40 rows=10958 width=8) (actual time=1.274..985.645 rows=10667 loops=1)
              ->  Seq Scan on movie_companies mc  (cost=0.00..51404.11 rows=10958 width=4) (actual time=1.220..792.755 rows=10667 loops=1)
                    Filter: (company_id = 11)
                    Rows Removed by Filter: 2598462
              ->  Index Only Scan using title_pkey on title t  (cost=0.43..6.41 rows=1 width=4) (actual time=0.017..0.017 rows=1 loops=10667)
                    Index Cond: (id = mc.movie_id)
                    Heap Fetches: 10667
Planning time: 1.171 ms
Execution time: 9650.221 ms
