Seq Scan on movie_keyword mk  (cost=0.00..81003.12 rows=2903062 width=0) (actual time=0.022..1461.434 rows=2893659 loops=1)
  Filter: (keyword_id < 9125)
  Rows Removed by Filter: 1630271
Planning time: 0.320 ms
Execution time: 1835.014 ms
