Hash Join  (cost=94746.51..174239.77 rows=502653 width=0) (actual time=1899.120..3953.816 rows=288553 loops=1)
  Hash Cond: (mc.movie_id = t.id)
  ->  Seq Scan on movie_companies mc  (cost=0.00..57926.93 rows=1001547 width=4) (actual time=0.017..1177.844 rows=1274246 loops=1)
        Filter: ((company_id < 71330) AND (company_type_id < 2))
        Rows Removed by Filter: 1334883
  ->  Hash  (cost=73925.90..73925.90 rows=1269008 width=4) (actual time=1896.760..1896.760 rows=1233025 loops=1)
        Buckets: 131072  Batches: 32  Memory Usage: 2375kB
        ->  Seq Scan on title t  (cost=0.00..73925.90 rows=1269008 width=4) (actual time=0.026..1489.726 rows=1233025 loops=1)
              Filter: ((kind_id > 4) AND (production_year < 2011))
              Rows Removed by Filter: 1295287
Planning time: 0.781 ms
Execution time: 3987.654 ms
