Hash Join  (cost=142969.09..642553.38 rows=1853535 width=0) (actual time=2930.672..16033.010 rows=1976963 loops=1)
  Hash Cond: (mi.movie_id = t.id)
  ->  Seq Scan on movie_info mi  (cost=0.00..309384.22 rows=14739122 width=4) (actual time=0.011..5784.605 rows=14835720 loops=1)
  ->  Hash  (cost=137751.36..137751.36 rows=317978 width=8) (actual time=2929.483..2929.483 rows=212359 loops=1)
        Buckets: 131072  Batches: 8  Memory Usage: 2067kB
        ->  Hash Join  (cost=96651.52..137751.36 rows=317978 width=8) (actual time=1740.916..2861.291 rows=212359 loops=1)
              Hash Cond: (mi_idx.movie_id = t.id)
              ->  Seq Scan on movie_info_idx mi_idx  (cost=0.00..25185.44 rows=454124 width=4) (actual time=0.024..458.071 rows=459925 loops=1)
                    Filter: (info_type_id = 100)
                    Rows Removed by Filter: 920110
              ->  Hash  (cost=67604.59..67604.59 rows=1770475 width=4) (actual time=1739.410..1739.410 rows=1774635 loops=1)
                    Buckets: 131072  Batches: 32  Memory Usage: 2978kB
                    ->  Seq Scan on title t  (cost=0.00..67604.59 rows=1770475 width=4) (actual time=0.020..1172.225 rows=1774635 loops=1)
                          Filter: (kind_id > 2)
                          Rows Removed by Filter: 753677
Planning time: 1.189 ms
Execution time: 16278.014 ms
