Hash Join  (cost=77354.40..570155.56 rows=1217823 width=0) (actual time=4124.895..37104.987 rows=1778790 loops=1)
  Hash Cond: (mi.movie_id = t.id)
  ->  Seq Scan on movie_info mi  (cost=0.00..309384.22 rows=14739122 width=4) (actual time=0.023..22536.067 rows=14835720 loops=1)
  ->  Hash  (cost=73925.90..73925.90 rows=208920 width=4) (actual time=4117.156..4117.156 rows=183835 loops=1)
        Buckets: 131072  Batches: 4  Memory Usage: 2655kB
        ->  Seq Scan on title t  (cost=0.00..73925.90 rows=208920 width=4) (actual time=0.066..3952.057 rows=183835 loops=1)
              Filter: ((kind_id < 7) AND (production_year > 2009))
              Rows Removed by Filter: 2344477
Planning time: 4.245 ms
Execution time: 37377.418 ms
