Hash Join  (cost=228869.76..601759.66 rows=533513 width=0) (actual time=6061.526..11320.699 rows=1601973 loops=1)
  Hash Cond: (mi.movie_id = t.id)
  ->  Seq Scan on movie_info mi  (cost=0.00..346232.03 rows=1550064 width=4) (actual time=1617.863..5598.576 rows=1533909 loops=1)
        Filter: (info_type_id = 3)
        Rows Removed by Filter: 13301811
  ->  Hash  (cost=214591.16..214591.16 rows=870288 width=8) (actual time=4442.723..4442.723 rows=871950 loops=1)
        Buckets: 131072  Batches: 16  Memory Usage: 3240kB
        ->  Hash Join  (cost=102767.86..214591.16 rows=870288 width=8) (actual time=1743.163..4184.797 rows=871950 loops=1)
              Hash Cond: (mk.movie_id = t.id)
              ->  Seq Scan on movie_keyword mk  (cost=0.00..81003.12 rows=870288 width=4) (actual time=0.033..1348.893 rows=871950 loops=1)
                    Filter: (keyword_id < 829)
                    Rows Removed by Filter: 3651980
              ->  Hash  (cost=61283.27..61283.27 rows=2528527 width=4) (actual time=1741.376..1741.376 rows=2528312 loops=1)
                    Buckets: 131072  Batches: 64  Memory Usage: 2425kB
                    ->  Seq Scan on title t  (cost=0.00..61283.27 rows=2528527 width=4) (actual time=0.016..909.775 rows=2528312 loops=1)
Planning time: 1.169 ms
Execution time: 11534.101 ms
