Seq Scan on movie_keyword mk  (cost=0.00..81003.12 rows=1723769 width=0) (actual time=0.019..1422.211 rows=1734211 loops=1)
  Filter: (keyword_id > 8137)
  Rows Removed by Filter: 2789719
Planning time: 0.303 ms
Execution time: 1640.671 ms
