Hash Join  (cost=203963.12..716080.82 rows=3028177 width=0) (actual time=4077.550..15884.507 rows=1363715 loops=1)
  Hash Cond: (mi.movie_id = t.id)
  ->  Seq Scan on movie_info mi  (cost=0.00..309384.22 rows=14739122 width=4) (actual time=0.009..5752.420 rows=14835720 loops=1)
  ->  Hash  (cost=195439.49..195439.49 rows=519490 width=8) (actual time=4076.521..4076.521 rows=140518 loops=1)
        Buckets: 131072  Batches: 8  Memory Usage: 1732kB
        ->  Hash Join  (cost=89649.84..195439.49 rows=519490 width=8) (actual time=3121.189..4031.744 rows=140518 loops=1)
              Hash Cond: (mk.movie_id = t.id)
              ->  Seq Scan on movie_keyword mk  (cost=0.00..81003.12 rows=1370567 width=4) (actual time=0.015..1501.083 rows=1386579 loops=1)
                    Filter: (keyword_id > 12029)
                    Rows Removed by Filter: 3137351
              ->  Hash  (cost=73925.90..73925.90 rows=958395 width=4) (actual time=1709.792..1709.792 rows=1050192 loops=1)
                    Buckets: 131072  Batches: 16  Memory Usage: 3346kB
                    ->  Seq Scan on title t  (cost=0.00..73925.90 rows=958395 width=4) (actual time=0.033..1360.037 rows=1050192 loops=1)
                          Filter: ((production_year > 1996) AND (kind_id = 7))
                          Rows Removed by Filter: 1478120
Planning time: 0.937 ms
Execution time: 16027.001 ms
