Seq Scan on cast_info ci  (cost=0.00..705507.15 rows=500 width=0) (actual time=6585.676..9840.254 rows=146 loops=1)
  Filter: (person_id = 1038923)
  Rows Removed by Filter: 36244198
Planning time: 0.383 ms
Execution time: 9840.391 ms
