Hash Join  (cost=52284.29..416941.79 rows=157 width=0) (actual time=818.409..7820.828 rows=552 loops=1)
  Hash Cond: (mi.movie_id = t.id)
  ->  Seq Scan on movie_info mi  (cost=0.00..309384.22 rows=14739122 width=4) (actual time=0.019..4347.093 rows=14835720 loops=1)
  ->  Hash  (cost=52283.95..52283.95 rows=27 width=8) (actual time=815.460..815.460 rows=36 loops=1)
        Buckets: 1024  Batches: 1  Memory Usage: 10kB
        ->  Nested Loop  (cost=0.43..52283.95 rows=27 width=8) (actual time=381.710..815.413 rows=36 loops=1)
              ->  Seq Scan on movie_companies mc  (cost=0.00..51404.11 rows=104 width=4) (actual time=75.623..806.459 rows=93 loops=1)
                    Filter: (company_id = 4770)
                    Rows Removed by Filter: 2609036
              ->  Index Scan using title_pkey on title t  (cost=0.43..8.45 rows=1 width=4) (actual time=0.093..0.093 rows=0 loops=93)
                    Index Cond: (id = mc.movie_id)
                    Filter: (kind_id < 2)
                    Rows Removed by Filter: 1
Planning time: 1.916 ms
Execution time: 7821.509 ms
