Seq Scan on movie_companies mc  (cost=0.00..57926.93 rows=1069188 width=0) (actual time=452.060..997.225 rows=947061 loops=1)
  Filter: ((company_id > 302) AND (company_type_id = 1))
  Rows Removed by Filter: 1662068
Planning time: 0.539 ms
Execution time: 1117.277 ms
