Seq Scan on movie_keyword mk  (cost=0.00..81003.12 rows=246 width=0) (actual time=0.603..915.829 rows=1414 loops=1)
  Filter: (keyword_id = 2652)
  Rows Removed by Filter: 4522516
Planning time: 0.379 ms
Execution time: 916.320 ms
