Seq Scan on title t  (cost=0.00..73925.90 rows=4532 width=0) (actual time=0.094..1061.256 rows=7824 loops=1)
  Filter: ((kind_id = 7) AND (production_year = 1965))
  Rows Removed by Filter: 2520488
Planning time: 0.384 ms
Execution time: 1063.223 ms
