Hash Join  (cost=193508.29..1281204.49 rows=5246210 width=0) (actual time=3789.269..35690.853 rows=8174890 loops=1)
  Hash Cond: (ci.movie_id = t.id)
  ->  Seq Scan on cast_info ci  (cost=0.00..614943.12 rows=36225612 width=4) (actual time=0.011..12457.133 rows=36244344 loops=1)
  ->  Hash  (cost=187500.02..187500.02 rows=366182 width=8) (actual time=3788.009..3788.009 rows=147773 loops=1)
        Buckets: 131072  Batches: 8  Memory Usage: 1754kB
        ->  Hash Join  (cost=74050.79..187500.02 rows=366182 width=8) (actual time=1164.190..3738.572 rows=147773 loops=1)
              Hash Cond: (mk.movie_id = t.id)
              ->  Seq Scan on movie_keyword mk  (cost=0.00..81003.12 rows=2356609 width=4) (actual time=0.021..1526.070 rows=2356021 loops=1)
                    Filter: (keyword_id < 5296)
                    Rows Removed by Filter: 2167909
              ->  Hash  (cost=67604.59..67604.59 rows=392896 width=4) (actual time=1162.986..1162.986 rows=391666 loops=1)
                    Buckets: 131072  Batches: 8  Memory Usage: 2759kB
                    ->  Seq Scan on title t  (cost=0.00..67604.59 rows=392896 width=4) (actual time=0.021..1032.835 rows=391666 loops=1)
                          Filter: (production_year > 2010)
                          Rows Removed by Filter: 2136646
Planning time: 1.156 ms
Execution time: 36658.254 ms
