Hash Join  (cost=175027.18..1199068.67 rows=7532549 width=0) (actual time=10103.857..74185.948 rows=15184333 loops=1)
  Hash Cond: (ci.movie_id = t.id)
  ->  Seq Scan on cast_info ci  (cost=0.00..705507.15 rows=20723692 width=4) (actual time=0.016..45103.367 rows=20868598 loops=1)
        Filter: (person_id > 1515408)
        Rows Removed by Filter: 15375746
  ->  Hash  (cost=159947.97..159947.97 rows=919057 width=8) (actual time=10102.825..10102.825 rows=920110 loops=1)
        Buckets: 131072  Batches: 16  Memory Usage: 3269kB
        ->  Hash Join  (cost=102767.86..159947.97 rows=919057 width=8) (actual time=6259.925..9749.085 rows=920110 loops=1)
              Hash Cond: (mi_idx.movie_id = t.id)
              ->  Seq Scan on movie_info_idx mi_idx  (cost=0.00..25185.44 rows=919057 width=4) (actual time=0.014..1724.612 rows=920110 loops=1)
                    Filter: (info_type_id > 99)
                    Rows Removed by Filter: 459925
              ->  Hash  (cost=61283.27..61283.27 rows=2528527 width=4) (actual time=6258.687..6258.687 rows=2528312 loops=1)
                    Buckets: 131072  Batches: 64  Memory Usage: 2415kB
                    ->  Seq Scan on title t  (cost=0.00..61283.27 rows=2528527 width=4) (actual time=0.014..4385.256 rows=2528312 loops=1)
Planning time: 1.023 ms
Execution time: 76256.176 ms
