Hash Join  (cost=102767.86..291904.28 rows=4083280 width=0) (actual time=1978.039..7146.452 rows=4070600 loops=1)
  Hash Cond: (mk.movie_id = t.id)
  ->  Seq Scan on movie_keyword mk  (cost=0.00..81003.12 rows=4083280 width=4) (actual time=0.028..1911.371 rows=4070600 loops=1)
        Filter: (keyword_id > 347)
        Rows Removed by Filter: 453330
  ->  Hash  (cost=61283.27..61283.27 rows=2528527 width=4) (actual time=1976.816..1976.816 rows=2528312 loops=1)
        Buckets: 131072  Batches: 64  Memory Usage: 2425kB
        ->  Seq Scan on title t  (cost=0.00..61283.27 rows=2528527 width=4) (actual time=0.025..1120.401 rows=2528312 loops=1)
Planning time: 0.702 ms
Execution time: 7620.452 ms
