Hash Join  (cost=67697.55..878159.71 rows=81679 width=0) (actual time=1034.666..20417.101 rows=68803 loops=1)
  Hash Cond: (ci.movie_id = t.id)
  ->  Seq Scan on cast_info ci  (cost=0.00..705507.15 rows=27770192 width=4) (actual time=0.024..13572.187 rows=27813250 loops=1)
        Filter: (person_id < 2842294)
        Rows Removed by Filter: 8431094
  ->  Hash  (cost=67604.59..67604.59 rows=7437 width=4) (actual time=1033.841..1033.841 rows=6834 loops=1)
        Buckets: 8192  Batches: 1  Memory Usage: 305kB
        ->  Seq Scan on title t  (cost=0.00..67604.59 rows=7437 width=4) (actual time=0.277..1030.349 rows=6834 loops=1)
              Filter: (production_year = 1953)
              Rows Removed by Filter: 2521478
Planning time: 0.716 ms
Execution time: 20430.282 ms
