Seq Scan on movie_companies mc  (cost=0.00..51404.11 rows=1751075 width=0) (actual time=0.033..880.211 rows=1756928 loops=1)
  Filter: (company_id > 2394)
  Rows Removed by Filter: 852201
Planning time: 0.301 ms
Execution time: 1093.906 ms
