Hash Join  (cost=102767.86..234320.75 rows=1690201 width=0) (actual time=2018.500..5147.284 rows=1699034 loops=1)
  Hash Cond: (mk.movie_id = t.id)
  ->  Seq Scan on movie_keyword mk  (cost=0.00..81003.12 rows=1690201 width=4) (actual time=0.012..1495.978 rows=1699034 loops=1)
        Filter: (keyword_id > 8469)
        Rows Removed by Filter: 2824896
  ->  Hash  (cost=61283.27..61283.27 rows=2528527 width=4) (actual time=2016.975..2016.975 rows=2528312 loops=1)
        Buckets: 131072  Batches: 64  Memory Usage: 2425kB
        ->  Seq Scan on title t  (cost=0.00..61283.27 rows=2528527 width=4) (actual time=0.010..1145.300 rows=2528312 loops=1)
Planning time: 0.529 ms
Execution time: 5337.277 ms
