Hash Join  (cost=148412.23..1564222.18 rows=2470383 width=186) (actual time=3425.806..44499.461 rows=10436703 loops=1)
  Hash Cond: (ci.movie_id = t.id)
  ->  Seq Scan on cast_info ci  (cost=0.00..614943.12 rows=36225612 width=42) (actual time=0.023..12628.927 rows=36244344 loops=1)
  ->  Hash  (cost=142719.85..142719.85 rows=172431 width=144) (actual time=3425.137..3425.137 rows=404651 loops=1)
        Buckets: 32768 (originally 32768)  Batches: 16 (originally 8)  Memory Usage: 3841kB
        ->  Hash Join  (cost=82503.05..142719.85 rows=172431 width=144) (actual time=1691.771..3181.986 rows=404651 loops=1)
              Hash Cond: (mi_idx.movie_id = t.id)
              ->  Seq Scan on movie_info_idx mi_idx  (cost=0.00..21735.35 rows=1380035 width=50) (actual time=0.018..483.334 rows=1380035 loops=1)
              ->  Hash  (cost=73925.90..73925.90 rows=315932 width=94) (actual time=1691.502..1691.502 rows=433359 loops=1)
                    Buckets: 32768  Batches: 16  Memory Usage: 3221kB
                    ->  Seq Scan on title t  (cost=0.00..73925.90 rows=315932 width=94) (actual time=0.015..1517.316 rows=433359 loops=1)
                          Filter: ((kind_id < 7) AND (production_year < 1995))
                          Rows Removed by Filter: 2094953
Planning time: 1.397 ms
Execution time: 45077.142 ms
