Seq Scan on movie_companies mc  (cost=0.00..57926.93 rows=1013121 width=0) (actual time=0.018..3245.805 rows=720844 loops=1)
  Filter: ((company_id < 61040) AND (company_type_id = 2))
  Rows Removed by Filter: 1888285
Planning time: 0.326 ms
Execution time: 3350.211 ms
