Seq Scan on cast_info ci  (cost=0.00..705507.15 rows=34977526 width=0) (actual time=0.019..13442.707 rows=34970914 loops=1)
  Filter: (person_id < 3815409)
  Rows Removed by Filter: 1273430
Planning time: 0.382 ms
Execution time: 17716.889 ms
