Hash Join  (cost=83810.17..192669.18 rows=605970 width=0) (actual time=1453.308..4119.529 rows=1319925 loops=1)
  Hash Cond: (mk.movie_id = t.id)
  ->  Seq Scan on movie_keyword mk  (cost=0.00..81003.12 rows=1551249 width=4) (actual time=0.025..1481.485 rows=1564875 loops=1)
        Filter: (keyword_id > 10018)
        Rows Removed by Filter: 2959055
  ->  Hash  (cost=67604.59..67604.59 rows=987727 width=4) (actual time=1452.283..1452.283 rows=985048 loops=1)
        Buckets: 131072  Batches: 16  Memory Usage: 3197kB
        ->  Seq Scan on title t  (cost=0.00..67604.59 rows=987727 width=4) (actual time=0.017..1153.562 rows=985048 loops=1)
              Filter: (kind_id < 7)
              Rows Removed by Filter: 1543264
Planning time: 0.674 ms
Execution time: 4266.950 ms
