Hash Join  (cost=184326.07..313735.68 rows=607957 width=0) (actual time=4333.718..8774.326 rows=4309994 loops=1)
  Hash Cond: (mk.movie_id = t.id)
  ->  Seq Scan on movie_keyword mk  (cost=0.00..69693.30 rows=4523930 width=4) (actual time=0.020..1471.702 rows=4523930 loops=1)
  ->  Hash  (cost=178750.56..178750.56 rows=339801 width=8) (actual time=4332.892..4332.892 rows=645660 loops=1)
        Buckets: 131072 (originally 131072)  Batches: 16 (originally 8)  Memory Usage: 3073kB
        ->  Hash Join  (cost=102767.86..178750.56 rows=339801 width=8) (actual time=2165.657..4133.128 rows=645660 loops=1)
              Hash Cond: (mc.movie_id = t.id)
              ->  Seq Scan on movie_companies mc  (cost=0.00..57926.93 rows=339801 width=4) (actual time=0.024..997.965 rows=645660 loops=1)
                    Filter: ((company_id > 50211) AND (company_type_id > 1))
                    Rows Removed by Filter: 1963469
              ->  Hash  (cost=61283.27..61283.27 rows=2528527 width=4) (actual time=2163.584..2163.584 rows=2528312 loops=1)
                    Buckets: 131072  Batches: 64  Memory Usage: 2415kB
                    ->  Seq Scan on title t  (cost=0.00..61283.27 rows=2528527 width=4) (actual time=0.017..1065.133 rows=2528312 loops=1)
Planning time: 1.535 ms
Execution time: 9254.062 ms
