Hash Join  (cost=153081.30..996624.38 rows=139266 width=0) (actual time=3197.750..16448.225 rows=86448 loops=1)
  Hash Cond: (ci.movie_id = t.id)
  ->  Seq Scan on cast_info ci  (cost=0.00..796071.18 rows=3954996 width=4) (actual time=0.019..12379.229 rows=1663543 loops=1)
        Filter: ((person_id < 580069) AND (role_id > 1))
        Rows Removed by Filter: 34580801
  ->  Hash  (cost=151620.35..151620.35 rows=89036 width=8) (actual time=3197.113..3197.113 rows=39462 loops=1)
        Buckets: 131072  Batches: 2  Memory Usage: 1798kB
        ->  Hash Join  (cost=75342.47..151620.35 rows=89036 width=8) (actual time=1715.769..3183.596 rows=39462 loops=1)
              Hash Cond: (mc.movie_id = t.id)
              ->  Seq Scan on movie_companies mc  (cost=0.00..44881.29 rows=2609129 width=4) (actual time=0.010..934.476 rows=2609129 loops=1)
              ->  Hash  (cost=73925.90..73925.90 rows=86285 width=4) (actual time=1332.647..1332.647 rows=92628 loops=1)
                    Buckets: 131072  Batches: 2  Memory Usage: 2653kB
                    ->  Seq Scan on title t  (cost=0.00..73925.90 rows=86285 width=4) (actual time=297.125..1297.681 rows=92628 loops=1)
                          Filter: ((kind_id = 7) AND (production_year = 2010))
                          Rows Removed by Filter: 2435684
Planning time: 1.293 ms
Execution time: 16459.208 ms
