Hash Join  (cost=141256.95..228599.78 rows=68480 width=0) (actual time=2548.070..4429.037 rows=224209 loops=1)
  Hash Cond: (mk.movie_id = t.id)
  ->  Seq Scan on movie_keyword mk  (cost=0.00..69693.30 rows=4523930 width=4) (actual time=0.021..1005.787 rows=4523930 loops=1)
  ->  Hash  (cost=140778.51..140778.51 rows=38275 width=8) (actual time=2547.620..2547.620 rows=26103 loops=1)
        Buckets: 65536  Batches: 1  Memory Usage: 1532kB
        ->  Hash Join  (cost=69002.72..140778.51 rows=38275 width=8) (actual time=990.031..2537.829 rows=26103 loops=1)
              Hash Cond: (mc.movie_id = t.id)
              ->  Seq Scan on movie_companies mc  (cost=0.00..57926.93 rows=1135760 width=4) (actual time=0.008..1204.398 rows=950879 loops=1)
                    Filter: ((company_id < 83804) AND (company_type_id > 1))
                    Rows Removed by Filter: 1658250
              ->  Hash  (cost=67604.59..67604.59 rows=85211 width=4) (actual time=989.077..989.077 rows=84593 loops=1)
                    Buckets: 131072  Batches: 2  Memory Usage: 2518kB
                    ->  Seq Scan on title t  (cost=0.00..67604.59 rows=85211 width=4) (actual time=0.039..957.580 rows=84593 loops=1)
                          Filter: (production_year = 2004)
                          Rows Removed by Filter: 2443719
Planning time: 1.167 ms
Execution time: 4457.296 ms
