Seq Scan on movie_companies mc  (cost=0.00..57926.93 rows=135354 width=0) (actual time=363.292..820.804 rows=268933 loops=1)
  Filter: ((company_id > 97871) AND (company_type_id > 1))
  Rows Removed by Filter: 2340196
Planning time: 1.025 ms
Execution time: 854.278 ms
