Hash Join  (cost=102767.86..286381.04 rows=3853788 width=0) (actual time=1958.665..6813.773 rows=3848577 loops=1)
  Hash Cond: (mk.movie_id = t.id)
  ->  Seq Scan on movie_keyword mk  (cost=0.00..81003.12 rows=3853788 width=4) (actual time=0.024..1753.500 rows=3848577 loops=1)
        Filter: (keyword_id < 27756)
        Rows Removed by Filter: 675353
  ->  Hash  (cost=61283.27..61283.27 rows=2528527 width=4) (actual time=1957.471..1957.471 rows=2528312 loops=1)
        Buckets: 131072  Batches: 64  Memory Usage: 2425kB
        ->  Seq Scan on title t  (cost=0.00..61283.27 rows=2528527 width=4) (actual time=0.024..1081.950 rows=2528312 loops=1)
Planning time: 0.719 ms
Execution time: 7241.533 ms
