Hash Join  (cost=82882.01..596639.14 rows=3181821 width=0) (actual time=1388.373..15769.956 rows=5210690 loops=1)
  Hash Cond: (mi.movie_id = t.id)
  ->  Seq Scan on movie_info mi  (cost=0.00..309384.22 rows=14739122 width=4) (actual time=0.010..6273.279 rows=14835720 loops=1)
  ->  Hash  (cost=73925.90..73925.90 rows=545848 width=4) (actual time=1387.536..1387.536 rows=419994 loops=1)
        Buckets: 131072  Batches: 8  Memory Usage: 2887kB
        ->  Seq Scan on title t  (cost=0.00..73925.90 rows=545848 width=4) (actual time=0.040..1249.793 rows=419994 loops=1)
              Filter: ((kind_id < 3) AND (production_year > 1987))
              Rows Removed by Filter: 2108318
Planning time: 0.789 ms
Execution time: 16376.559 ms
