Hash Join  (cost=52284.99..79196.04 rows=57 width=0) (actual time=969.160..1151.113 rows=15 loops=1)
  Hash Cond: (mi_idx.movie_id = t.id)
  ->  Seq Scan on movie_info_idx mi_idx  (cost=0.00..21735.35 rows=1380035 width=4) (actual time=0.013..132.662 rows=1380035 loops=1)
  ->  Hash  (cost=52283.69..52283.69 rows=104 width=8) (actual time=869.252..869.252 rows=538 loops=1)
        Buckets: 1024  Batches: 1  Memory Usage: 30kB
        ->  Nested Loop  (cost=0.43..52283.69 rows=104 width=8) (actual time=4.038..868.906 rows=538 loops=1)
              ->  Seq Scan on movie_companies mc  (cost=0.00..51404.11 rows=104 width=4) (actual time=3.965..848.907 rows=538 loops=1)
                    Filter: (company_id = 16396)
                    Rows Removed by Filter: 2608591
              ->  Index Only Scan using title_pkey on title t  (cost=0.43..8.45 rows=1 width=4) (actual time=0.035..0.036 rows=1 loops=538)
                    Index Cond: (id = mc.movie_id)
                    Heap Fetches: 538
Planning time: 1.134 ms
Execution time: 1151.204 ms
