Seq Scan on movie_keyword mk  (cost=0.00..81003.12 rows=2815776 width=0) (actual time=0.022..1575.417 rows=2808611 loops=1)
  Filter: (keyword_id > 2742)
  Rows Removed by Filter: 1715319
Planning time: 0.282 ms
Execution time: 1921.994 ms
