Hash Join  (cost=177315.75..667756.19 rows=1440754 width=0) (actual time=4077.984..16509.014 rows=4770500 loops=1)
  Hash Cond: (mi.movie_id = t.id)
  ->  Seq Scan on movie_info mi  (cost=0.00..346232.03 rows=11115165 width=4) (actual time=347.378..6959.452 rows=11210743 loops=1)
        Filter: (info_type_id > 3)
        Rows Removed by Filter: 3624977
  ->  Hash  (cost=171937.89..171937.89 rows=327749 width=8) (actual time=3493.324..3493.324 rows=331146 loops=1)
        Buckets: 131072  Batches: 8  Memory Usage: 2661kB
        ->  Hash Join  (cost=102767.86..171937.89 rows=327749 width=8) (actual time=1892.459..3400.636 rows=331146 loops=1)
              Hash Cond: (mc.movie_id = t.id)
              ->  Seq Scan on movie_companies mc  (cost=0.00..51404.11 rows=327749 width=4) (actual time=0.028..883.296 rows=331146 loops=1)
                    Filter: (company_id > 90529)
                    Rows Removed by Filter: 2277983
              ->  Hash  (cost=61283.27..61283.27 rows=2528527 width=4) (actual time=1891.213..1891.213 rows=2528312 loops=1)
                    Buckets: 131072  Batches: 64  Memory Usage: 2415kB
                    ->  Seq Scan on title t  (cost=0.00..61283.27 rows=2528527 width=4) (actual time=0.014..1072.980 rows=2528312 loops=1)
Planning time: 0.795 ms
Execution time: 16984.671 ms
