Hash Join  (cost=103604.85..714348.14 rows=10544646 width=0) (actual time=6467.945..40895.422 rows=6505057 loops=1)
  Hash Cond: (mi.movie_id = t.id)
  ->  Seq Scan on movie_info mi  (cost=0.00..309384.22 rows=14739122 width=4) (actual time=0.022..21772.926 rows=14835720 loops=1)
  ->  Hash  (cost=73925.90..73925.90 rows=1808956 width=4) (actual time=6466.413..6466.413 rows=1799907 loops=1)
        Buckets: 131072  Batches: 32  Memory Usage: 3013kB
        ->  Seq Scan on title t  (cost=0.00..73925.90 rows=1808956 width=4) (actual time=0.016..4971.222 rows=1799907 loops=1)
              Filter: ((kind_id > 1) AND (production_year > 0))
              Rows Removed by Filter: 728405
Planning time: 2.252 ms
Execution time: 41763.904 ms
