Nested Loop  (cost=0.43..798385.45 rows=276 width=0) (actual time=12998.636..13602.329 rows=524 loops=1)
  ->  Seq Scan on cast_info ci  (cost=0.00..796071.18 rows=276 width=4) (actual time=12998.496..13593.659 rows=524 loops=1)
        Filter: ((role_id < 3) AND (person_id = 2555983))
        Rows Removed by Filter: 36243820
  ->  Index Only Scan using title_pkey on title t  (cost=0.43..8.38 rows=1 width=4) (actual time=0.016..0.016 rows=1 loops=524)
        Index Cond: (id = ci.movie_id)
        Heap Fetches: 524
Planning time: 0.871 ms
Execution time: 13602.521 ms
