Hash Join  (cost=79273.71..164283.79 rows=27394 width=0) (actual time=2099.278..2965.210 rows=4284 loops=1)
  Hash Cond: (mk.movie_id = t.id)
  ->  Seq Scan on movie_keyword mk  (cost=0.00..81003.12 rows=212539 width=4) (actual time=0.035..1457.856 rows=226927 loops=1)
        Filter: (keyword_id < 186)
        Rows Removed by Filter: 4297003
  ->  Hash  (cost=73925.90..73925.90 rows=325904 width=4) (actual time=1335.743..1335.743 rows=349534 loops=1)
        Buckets: 131072  Batches: 8  Memory Usage: 2572kB
        ->  Seq Scan on title t  (cost=0.00..73925.90 rows=325904 width=4) (actual time=0.022..1221.692 rows=349534 loops=1)
              Filter: ((production_year > 2009) AND (kind_id = 7))
              Rows Removed by Filter: 2178778
Planning time: 0.745 ms
Execution time: 2966.296 ms
