Hash Join  (cost=102767.86..207227.79 rows=564234 width=0) (actual time=2682.329..4950.753 rows=561148 loops=1)
  Hash Cond: (mk.movie_id = t.id)
  ->  Seq Scan on movie_keyword mk  (cost=0.00..81003.12 rows=564234 width=4) (actual time=45.273..1448.169 rows=561148 loops=1)
        Filter: (keyword_id > 32763)
        Rows Removed by Filter: 3962782
  ->  Hash  (cost=61283.27..61283.27 rows=2528527 width=4) (actual time=2633.094..2633.094 rows=2528312 loops=1)
        Buckets: 131072  Batches: 64  Memory Usage: 2425kB
        ->  Seq Scan on title t  (cost=0.00..61283.27 rows=2528527 width=4) (actual time=0.024..1072.164 rows=2528312 loops=1)
Planning time: 0.753 ms
Execution time: 5022.135 ms
