Hash Join  (cost=132739.51..219725.07 rows=32752 width=0) (actual time=2351.197..4215.870 rows=306236 loops=1)
  Hash Cond: (mk.movie_id = t.id)
  ->  Seq Scan on movie_keyword mk  (cost=0.00..69693.30 rows=4523930 width=4) (actual time=0.015..974.541 rows=4523930 loops=1)
  ->  Hash  (cost=132510.69..132510.69 rows=18306 width=8) (actual time=2350.488..2350.488 rows=21310 loops=1)
        Buckets: 32768  Batches: 1  Memory Usage: 1089kB
        ->  Hash Join  (cost=69687.24..132510.69 rows=18306 width=8) (actual time=1181.043..2343.688 rows=21310 loops=1)
              Hash Cond: (mc.movie_id = t.id)
              ->  Seq Scan on movie_companies mc  (cost=0.00..57926.93 rows=364655 width=4) (actual time=0.020..967.665 rows=519923 loops=1)
                    Filter: ((company_id < 1446) AND (company_type_id = 1))
                    Rows Removed by Filter: 2089206
              ->  Hash  (cost=67604.59..67604.59 rows=126932 width=4) (actual time=1180.192..1180.192 rows=122861 loops=1)
                    Buckets: 131072  Batches: 2  Memory Usage: 3191kB
                    ->  Seq Scan on title t  (cost=0.00..67604.59 rows=126932 width=4) (actual time=0.060..1129.419 rows=122861 loops=1)
                          Filter: (production_year = 2008)
                          Rows Removed by Filter: 2405451
Planning time: 1.896 ms
Execution time: 4254.191 ms
