Hash Join  (cost=102767.86..830402.94 rows=509042 width=0) (actual time=7214.802..13851.242 rows=534877 loops=1)
  Hash Cond: (ci.movie_id = t.id)
  ->  Seq Scan on cast_info ci  (cost=0.00..705507.15 rows=509042 width=4) (actual time=5245.175..11139.625 rows=534877 loops=1)
        Filter: (person_id > 3959511)
        Rows Removed by Filter: 35709467
  ->  Hash  (cost=61283.27..61283.27 rows=2528527 width=4) (actual time=1968.686..1968.686 rows=2528312 loops=1)
        Buckets: 131072  Batches: 64  Memory Usage: 2415kB
        ->  Seq Scan on title t  (cost=0.00..61283.27 rows=2528527 width=4) (actual time=0.018..1128.677 rows=2528312 loops=1)
Planning time: 0.749 ms
Execution time: 13907.627 ms
