Seq Scan on cast_info ci  (cost=0.00..796071.18 rows=17105548 width=0) (actual time=0.015..16242.802 rows=13743596 loops=1)
  Filter: ((person_id < 2728186) AND (role_id > 1))
  Rows Removed by Filter: 22500748
Planning time: 0.247 ms
Execution time: 17959.279 ms
