Hash Join  (cost=161402.02..961448.02 rows=397488 width=0) (actual time=3014.205..22637.470 rows=3411675 loops=1)
  Hash Cond: (ci.movie_id = t.id)
  ->  Seq Scan on cast_info ci  (cost=0.00..614943.12 rows=36225612 width=4) (actual time=0.021..9269.210 rows=36244344 loops=1)
  ->  Hash  (cost=161055.22..161055.22 rows=27744 width=8) (actual time=3013.322..3013.322 rows=63277 loops=1)
        Buckets: 65536 (originally 32768)  Batches: 1 (originally 1)  Memory Usage: 2984kB
        ->  Hash Join  (cost=74119.74..161055.22 rows=27744 width=8) (actual time=1134.730..2992.127 rows=63277 loops=1)
              Hash Cond: (mk.movie_id = t.id)
              ->  Seq Scan on movie_keyword mk  (cost=0.00..69693.30 rows=4523930 width=4) (actual time=0.011..1002.317 rows=4523930 loops=1)
              ->  Hash  (cost=73925.90..73925.90 rows=15507 width=4) (actual time=1134.515..1134.515 rows=11835 loops=1)
                    Buckets: 16384  Batches: 1  Memory Usage: 545kB
                    ->  Seq Scan on title t  (cost=0.00..73925.90 rows=15507 width=4) (actual time=0.284..1129.198 rows=11835 loops=1)
                          Filter: ((kind_id < 7) AND (production_year = 1995))
                          Rows Removed by Filter: 2516477
Planning time: 1.310 ms
Execution time: 23066.414 ms
