Seq Scan on movie_keyword mk  (cost=0.00..81003.12 rows=2387620 width=0) (actual time=0.019..1448.638 rows=2385762 loops=1)
  Filter: (keyword_id < 5518)
  Rows Removed by Filter: 2138168
Planning time: 0.358 ms
Execution time: 1748.216 ms
