Hash Join  (cost=104071.89..192883.24 rows=1168818 width=0) (actual time=6399.692..10642.479 rows=1096549 loops=1)
  Hash Cond: (mc.movie_id = t.id)
  ->  Seq Scan on movie_companies mc  (cost=0.00..51404.11 rows=1329612 width=4) (actual time=498.404..3208.176 rows=1334883 loops=1)
        Filter: (company_type_id > 1)
        Rows Removed by Filter: 1274246
  ->  Hash  (cost=67604.59..67604.59 rows=2222744 width=4) (actual time=5900.400..5900.400 rows=2214818 loops=1)
        Buckets: 131072  Batches: 32  Memory Usage: 3459kB
        ->  Seq Scan on title t  (cost=0.00..67604.59 rows=2222744 width=4) (actual time=0.027..5006.960 rows=2214818 loops=1)
              Filter: (production_year > 1959)
              Rows Removed by Filter: 313494
Planning time: 0.720 ms
Execution time: 10797.502 ms
