Seq Scan on movie_keyword mk  (cost=0.00..81003.12 rows=3168131 width=0) (actual time=0.029..1481.048 rows=3150848 loops=1)
  Filter: (keyword_id > 1808)
  Rows Removed by Filter: 1373082
Planning time: 0.313 ms
Execution time: 1888.536 ms
