Seq Scan on movie_keyword mk  (cost=0.00..81003.12 rows=698390 width=0) (actual time=0.020..1382.938 rows=703757 loops=1)
  Filter: (keyword_id > 26819)
  Rows Removed by Filter: 3820173
Planning time: 0.319 ms
Execution time: 1471.413 ms
