Hash Join  (cost=521607.22..674140.12 rows=2118878 width=0) (actual time=9552.403..14666.665 rows=6762953 loops=1)
  Hash Cond: (mk.movie_id = t.id)
  ->  Seq Scan on movie_keyword mk  (cost=0.00..81003.12 rows=3456399 width=4) (actual time=0.013..1765.839 rows=3445209 loops=1)
        Filter: (keyword_id < 16402)
        Rows Removed by Filter: 1078721
  ->  Hash  (cost=496176.42..496176.42 rows=1550064 width=8) (actual time=9551.242..9551.242 rows=1533909 loops=1)
        Buckets: 131072  Batches: 32  Memory Usage: 2900kB
        ->  Hash Join  (cost=102767.86..496176.42 rows=1550064 width=8) (actual time=4377.403..9124.071 rows=1533909 loops=1)
              Hash Cond: (mi.movie_id = t.id)
              ->  Seq Scan on movie_info mi  (cost=0.00..346232.03 rows=1550064 width=4) (actual time=2421.415..5572.195 rows=1533909 loops=1)
                    Filter: (info_type_id = 3)
                    Rows Removed by Filter: 13301811
              ->  Hash  (cost=61283.27..61283.27 rows=2528527 width=4) (actual time=1954.920..1954.920 rows=2528312 loops=1)
                    Buckets: 131072  Batches: 64  Memory Usage: 2425kB
                    ->  Seq Scan on title t  (cost=0.00..61283.27 rows=2528527 width=4) (actual time=0.031..1044.275 rows=2528312 loops=1)
Planning time: 1.146 ms
Execution time: 15354.666 ms
