Hash Join  (cost=144228.72..268236.93 rows=164617 width=0) (actual time=3097.677..6136.879 rows=1384483 loops=1)
  Hash Cond: (mk.movie_id = t.id)
  ->  Seq Scan on movie_keyword mk  (cost=0.00..69693.30 rows=4523930 width=4) (actual time=0.018..1319.878 rows=4523930 loops=1)
  ->  Hash  (cost=142718.62..142718.62 rows=92008 width=8) (actual time=3096.902..3096.902 rows=76739 loops=1)
        Buckets: 131072  Batches: 2  Memory Usage: 2540kB
        ->  Hash Join  (cost=83810.17..142718.62 rows=92008 width=8) (actual time=1942.013..3068.221 rows=76739 loops=1)
              Hash Cond: (mc.movie_id = t.id)
              ->  Seq Scan on movie_companies mc  (cost=0.00..51404.11 rows=235535 width=4) (actual time=0.016..805.930 rows=232665 loops=1)
                    Filter: (company_id < 93)
                    Rows Removed by Filter: 2376464
              ->  Hash  (cost=67604.59..67604.59 rows=987727 width=4) (actual time=1941.158..1941.158 rows=985048 loops=1)
                    Buckets: 131072  Batches: 16  Memory Usage: 3188kB
                    ->  Seq Scan on title t  (cost=0.00..67604.59 rows=987727 width=4) (actual time=0.025..1102.495 rows=985048 loops=1)
                          Filter: (kind_id < 7)
                          Rows Removed by Filter: 1543264
Planning time: 1.215 ms
Execution time: 6307.362 ms
