Hash Join  (cost=83074.16..447738.83 rows=874 width=0) (actual time=1597.960..8384.653 rows=1026 loops=1)
  Hash Cond: (mi.movie_id = t.id)
  ->  Seq Scan on movie_info mi  (cost=0.00..309384.22 rows=14739122 width=4) (actual time=0.015..4599.300 rows=14835720 loops=1)
  ->  Hash  (cost=83072.29..83072.29 rows=150 width=8) (actual time=1159.398..1159.398 rows=81 loops=1)
        Buckets: 1024  Batches: 1  Memory Usage: 12kB
        ->  Nested Loop  (cost=0.43..83072.29 rows=150 width=8) (actual time=561.192..1159.319 rows=81 loops=1)
              ->  Seq Scan on movie_keyword mk  (cost=0.00..81003.12 rows=246 width=4) (actual time=0.076..1131.691 rows=1052 loops=1)
                    Filter: (keyword_id = 5946)
                    Rows Removed by Filter: 4522878
              ->  Index Scan using title_pkey on title t  (cost=0.43..8.40 rows=1 width=4) (actual time=0.025..0.025 rows=0 loops=1052)
                    Index Cond: (id = mk.movie_id)
                    Filter: (kind_id = 7)
                    Rows Removed by Filter: 1
Planning time: 1.225 ms
Execution time: 8385.166 ms
