Hash Join  (cost=615869.18..2213147.15 rows=32811780 width=0) (actual time=15013.784..58662.716 rows=48913431 loops=1)
  Hash Cond: (ci.movie_id = t.id)
  ->  Seq Scan on cast_info ci  (cost=0.00..614943.12 rows=36225612 width=4) (actual time=0.022..13361.256 rows=36244344 loops=1)
  ->  Hash  (cost=578294.15..578294.15 rows=2290243 width=8) (actual time=15012.294..15012.294 rows=1726523 loops=1)
        Buckets: 131072  Batches: 32  Memory Usage: 3085kB
        ->  Hash Join  (cost=74050.79..578294.15 rows=2290243 width=8) (actual time=1325.542..14495.483 rows=1726523 loops=1)
              Hash Cond: (mi.movie_id = t.id)
              ->  Seq Scan on movie_info mi  (cost=0.00..309384.22 rows=14739122 width=4) (actual time=0.034..6046.478 rows=14835720 loops=1)
              ->  Hash  (cost=67604.59..67604.59 rows=392896 width=4) (actual time=1324.573..1324.573 rows=391666 loops=1)
                    Buckets: 131072  Batches: 8  Memory Usage: 2759kB
                    ->  Seq Scan on title t  (cost=0.00..67604.59 rows=392896 width=4) (actual time=0.015..1189.013 rows=391666 loops=1)
                          Filter: (production_year > 2010)
                          Rows Removed by Filter: 2136646
Planning time: 1.228 ms
Execution time: 63659.250 ms
