Hash Join  (cost=438999.16..1418624.49 rows=242603 width=0) (actual time=7965.260..26950.651 rows=1636830 loops=1)
  Hash Cond: (ci.movie_id = t.id)
  ->  Seq Scan on cast_info ci  (cost=0.00..614943.12 rows=36225612 width=4) (actual time=0.012..8045.015 rows=36244344 loops=1)
  ->  Hash  (cost=438787.48..438787.48 rows=16934 width=8) (actual time=7964.930..7964.930 rows=63355 loops=1)
        Buckets: 65536 (originally 32768)  Batches: 1 (originally 1)  Memory Usage: 2987kB
        ->  Hash Join  (cost=73962.22..438787.48 rows=16934 width=8) (actual time=1080.229..7935.023 rows=63355 loops=1)
              Hash Cond: (mi.movie_id = t.id)
              ->  Seq Scan on movie_info mi  (cost=0.00..309384.22 rows=14739122 width=4) (actual time=0.015..3919.468 rows=14835720 loops=1)
              ->  Hash  (cost=73925.90..73925.90 rows=2905 width=4) (actual time=1079.938..1079.938 rows=6232 loops=1)
                    Buckets: 8192 (originally 4096)  Batches: 1 (originally 1)  Memory Usage: 284kB
                    ->  Seq Scan on title t  (cost=0.00..73925.90 rows=2905 width=4) (actual time=1.389..1076.918 rows=6232 loops=1)
                          Filter: ((kind_id < 7) AND (production_year = 1970))
                          Rows Removed by Filter: 2522080
Planning time: 1.178 ms
Execution time: 27149.150 ms
