Hash Join  (cost=102767.86..207422.14 rows=572379 width=0) (actual time=1975.051..4123.909 rows=569131 loops=1)
  Hash Cond: (mk.movie_id = t.id)
  ->  Seq Scan on movie_keyword mk  (cost=0.00..81003.12 rows=572379 width=4) (actual time=51.041..1354.810 rows=569131 loops=1)
        Filter: (keyword_id > 32244)
        Rows Removed by Filter: 3954799
  ->  Hash  (cost=61283.27..61283.27 rows=2528527 width=4) (actual time=1921.793..1921.793 rows=2528312 loops=1)
        Buckets: 131072  Batches: 64  Memory Usage: 2425kB
        ->  Seq Scan on title t  (cost=0.00..61283.27 rows=2528527 width=4) (actual time=0.037..1075.404 rows=2528312 loops=1)
Planning time: 0.787 ms
Execution time: 4191.650 ms
