Seq Scan on movie_companies mc  (cost=0.00..57926.93 rows=1061547 width=0) (actual time=0.021..1082.924 rows=937500 loops=1)
  Filter: ((company_id > 338) AND (company_type_id < 2))
  Rows Removed by Filter: 1671629
Planning time: 0.272 ms
Execution time: 1198.193 ms
