Hash Join  (cost=168585.15..299932.14 rows=766995 width=0) (actual time=3654.701..6998.609 rows=777695 loops=1)
  Hash Cond: (mk.movie_id = t.id)
  ->  Seq Scan on movie_keyword mk  (cost=0.00..69693.30 rows=4523930 width=4) (actual time=0.018..1471.393 rows=4523930 loops=1)
  ->  Hash  (cost=161551.51..161551.51 rows=428691 width=8) (actual time=3653.673..3653.673 rows=280303 loops=1)
        Buckets: 131072  Batches: 8  Memory Usage: 2392kB
        ->  Hash Join  (cost=87301.44..161551.51 rows=428691 width=8) (actual time=1826.404..3563.507 rows=280303 loops=1)
              Hash Cond: (mc.movie_id = t.id)
              ->  Seq Scan on movie_companies mc  (cost=0.00..51404.11 rows=1329612 width=4) (actual time=150.720..980.210 rows=1334883 loops=1)
                    Filter: (company_type_id > 1)
                    Rows Removed by Filter: 1274246
              ->  Hash  (cost=73925.90..73925.90 rows=815243 width=4) (actual time=1674.845..1674.845 rows=876186 loops=1)
                    Buckets: 131072  Batches: 16  Memory Usage: 2955kB
                    ->  Seq Scan on title t  (cost=0.00..73925.90 rows=815243 width=4) (actual time=0.026..1395.591 rows=876186 loops=1)
                          Filter: ((kind_id > 1) AND (production_year > 2004))
                          Rows Removed by Filter: 1652126
Planning time: 1.116 ms
Execution time: 7073.618 ms
