Hash Join  (cost=200102.49..584370.19 rows=193495 width=0) (actual time=5312.750..11328.255 rows=1662199 loops=1)
  Hash Cond: (mi.movie_id = t.id)
  ->  Seq Scan on movie_info mi  (cost=0.00..346232.03 rows=3068194 width=4) (actual time=90.054..5710.487 rows=3036719 loops=1)
        Filter: (info_type_id = 16)
        Rows Removed by Filter: 11799001
  ->  Hash  (cost=197486.22..197486.22 rows=159461 width=8) (actual time=3814.273..3814.273 rows=155289 loops=1)
        Buckets: 131072  Batches: 4  Memory Usage: 2567kB
        ->  Hash Join  (cost=102767.86..197486.22 rows=159461 width=8) (actual time=1961.460..3763.728 rows=155289 loops=1)
              Hash Cond: (mk.movie_id = t.id)
              ->  Seq Scan on movie_keyword mk  (cost=0.00..81003.12 rows=159461 width=4) (actual time=0.027..1264.570 rows=155289 loops=1)
                    Filter: (keyword_id > 73287)
                    Rows Removed by Filter: 4368641
              ->  Hash  (cost=61283.27..61283.27 rows=2528527 width=4) (actual time=1958.798..1958.798 rows=2528312 loops=1)
                    Buckets: 131072  Batches: 64  Memory Usage: 2425kB
                    ->  Seq Scan on title t  (cost=0.00..61283.27 rows=2528527 width=4) (actual time=0.016..1066.170 rows=2528312 loops=1)
Planning time: 5.985 ms
Execution time: 11534.908 ms
