Hash Join  (cost=88359.31..158156.02 rows=209183 width=0) (actual time=1845.969..3304.551 rows=402388 loops=1)
  Hash Cond: (mc.movie_id = t.id)
  ->  Seq Scan on movie_companies mc  (cost=0.00..57926.93 rows=418117 width=4) (actual time=136.549..933.066 rows=745278 loops=1)
        Filter: ((company_id > 27439) AND (company_type_id > 1))
        Rows Removed by Filter: 1863851
  ->  Hash  (cost=67604.59..67604.59 rows=1265018 width=4) (actual time=1707.512..1707.512 rows=1263700 loops=1)
        Buckets: 131072  Batches: 32  Memory Usage: 2410kB
        ->  Seq Scan on title t  (cost=0.00..67604.59 rows=1265018 width=4) (actual time=0.029..1288.329 rows=1263700 loops=1)
              Filter: (production_year < 2004)
              Rows Removed by Filter: 1264612
Planning time: 1.324 ms
Execution time: 3349.675 ms
