Hash Join  (cost=83074.02..447738.05 rows=813 width=0) (actual time=1249.354..8324.199 rows=3565 loops=1)
  Hash Cond: (mi.movie_id = t.id)
  ->  Seq Scan on movie_info mi  (cost=0.00..309384.22 rows=14739122 width=4) (actual time=0.009..4366.763 rows=14835720 loops=1)
  ->  Hash  (cost=83072.29..83072.29 rows=139 width=8) (actual time=1247.810..1247.810 rows=148 loops=1)
        Buckets: 1024  Batches: 1  Memory Usage: 14kB
        ->  Nested Loop  (cost=0.43..83072.29 rows=139 width=8) (actual time=10.165..1247.631 rows=148 loops=1)
              ->  Seq Scan on movie_keyword mk  (cost=0.00..81003.12 rows=246 width=4) (actual time=10.100..1242.891 rows=163 loops=1)
                    Filter: (keyword_id = 45927)
                    Rows Removed by Filter: 4523767
              ->  Index Scan using title_pkey on title t  (cost=0.43..8.40 rows=1 width=4) (actual time=0.024..0.024 rows=1 loops=163)
                    Index Cond: (id = mk.movie_id)
                    Filter: (production_year > 1999)
                    Rows Removed by Filter: 0
Planning time: 0.834 ms
Execution time: 8325.278 ms
