Hash Join  (cost=99161.12..223704.73 rows=1342087 width=0) (actual time=2009.501..5592.422 rows=1557382 loops=1)
  Hash Cond: (mk.movie_id = t.id)
  ->  Seq Scan on movie_keyword mk  (cost=0.00..81003.12 rows=1764322 width=4) (actual time=0.019..1463.950 rows=1769266 loops=1)
        Filter: (keyword_id > 7836)
        Rows Removed by Filter: 2754664
  ->  Hash  (cost=67604.59..67604.59 rows=1923403 width=4) (actual time=2006.702..2006.702 rows=1922849 loops=1)
        Buckets: 131072  Batches: 32  Memory Usage: 3141kB
        ->  Seq Scan on title t  (cost=0.00..67604.59 rows=1923403 width=4) (actual time=0.033..1353.354 rows=1922849 loops=1)
              Filter: (production_year < 2010)
              Rows Removed by Filter: 605463
Planning time: 0.804 ms
Execution time: 5779.899 ms
