Hash Join  (cost=151577.48..253540.50 rows=154025 width=0) (actual time=3212.289..5419.962 rows=444494 loops=1)
  Hash Cond: (mk.movie_id = t.id)
  ->  Seq Scan on movie_keyword mk  (cost=0.00..81003.12 rows=1596972 width=4) (actual time=0.017..1465.347 rows=1606189 loops=1)
        Filter: (keyword_id < 2488)
        Rows Removed by Filter: 2917741
  ->  Hash  (cost=147576.09..147576.09 rows=243871 width=8) (actual time=3210.527..3210.527 rows=185389 loops=1)
        Buckets: 131072  Batches: 4  Memory Usage: 2848kB
        ->  Hash Join  (cost=74050.79..147576.09 rows=243871 width=8) (actual time=1227.602..3146.933 rows=185389 loops=1)
              Hash Cond: (mc.movie_id = t.id)
              ->  Seq Scan on movie_companies mc  (cost=0.00..51404.11 rows=1569462 width=4) (actual time=0.492..1062.079 rows=1571266 loops=1)
                    Filter: (company_id > 5896)
                    Rows Removed by Filter: 1037863
              ->  Hash  (cost=67604.59..67604.59 rows=392896 width=4) (actual time=1226.080..1226.080 rows=391666 loops=1)
                    Buckets: 131072  Batches: 8  Memory Usage: 2753kB
                    ->  Seq Scan on title t  (cost=0.00..67604.59 rows=392896 width=4) (actual time=0.020..1091.687 rows=391666 loops=1)
                          Filter: (production_year > 2010)
                          Rows Removed by Filter: 2136646
Planning time: 2.219 ms
Execution time: 5472.503 ms
