Seq Scan on cast_info ci  (cost=0.00..705507.15 rows=2984683 width=0) (actual time=1522.998..11936.572 rows=2913452 loops=1)
  Filter: (person_id < 283339)
  Rows Removed by Filter: 33330892
Planning time: 0.386 ms
Execution time: 12295.610 ms
