Nested Loop  (cost=0.43..83072.90 rows=53 width=0) (actual time=1.022..1280.561 rows=169 loops=1)
  ->  Seq Scan on movie_keyword mk  (cost=0.00..81003.12 rows=246 width=4) (actual time=0.973..1264.473 rows=247 loops=1)
        Filter: (keyword_id = 996)
        Rows Removed by Filter: 4523683
  ->  Index Scan using title_pkey on title t  (cost=0.43..8.40 rows=1 width=4) (actual time=0.062..0.062 rows=1 loops=247)
        Index Cond: (id = mk.movie_id)
        Filter: ((production_year < 2011) AND (kind_id = 1))
        Rows Removed by Filter: 0
Planning time: 0.790 ms
Execution time: 1280.788 ms
