Hash Join  (cost=124684.46..508330.42 rows=256365 width=0) (actual time=2443.174..10951.636 rows=1798890 loops=1)
  Hash Cond: (mi.movie_id = t.id)
  ->  Seq Scan on movie_info mi  (cost=0.00..346232.03 rows=9293409 width=4) (actual time=0.012..6035.803 rows=9425200 loops=1)
        Filter: (info_type_id > 5)
        Rows Removed by Filter: 5410520
  ->  Hash  (cost=123812.57..123812.57 rows=69751 width=8) (actual time=2442.303..2442.303 rows=65578 loops=1)
        Buckets: 131072  Batches: 1  Memory Usage: 3586kB
        ->  Hash Join  (cost=68449.54..123812.57 rows=69751 width=8) (actual time=1016.886..2416.322 rows=65578 loops=1)
              Hash Cond: (mc.movie_id = t.id)
              ->  Seq Scan on movie_companies mc  (cost=0.00..44881.29 rows=2609129 width=4) (actual time=0.023..655.140 rows=2609129 loops=1)
              ->  Hash  (cost=67604.59..67604.59 rows=67596 width=4) (actual time=1016.196..1016.196 rows=67777 loops=1)
                    Buckets: 131072  Batches: 1  Memory Usage: 3407kB
                    ->  Seq Scan on title t  (cost=0.00..67604.59 rows=67596 width=4) (actual time=0.020..988.313 rows=67777 loops=1)
                          Filter: (production_year = 2003)
                          Rows Removed by Filter: 2460535
Planning time: 1.176 ms
Execution time: 11176.944 ms
