Seq Scan on movie_keyword mk  (cost=0.00..81003.12 rows=3825661 width=0) (actual time=0.026..1638.309 rows=3820210 loops=1)
  Filter: (keyword_id < 26823)
  Rows Removed by Filter: 703720
Planning time: 0.260 ms
Execution time: 2113.832 ms
