Hash Join  (cost=155915.93..1007750.44 rows=554070 width=0) (actual time=3452.011..21600.800 rows=2333901 loops=1)
  Hash Cond: (ci.movie_id = t.id)
  ->  Seq Scan on cast_info ci  (cost=0.00..796071.18 rows=4231637 width=4) (actual time=0.021..13571.543 rows=8635496 loops=1)
        Filter: ((person_id < 1176719) AND (role_id = 1))
        Rows Removed by Filter: 27608848
  ->  Hash  (cost=150483.51..150483.51 rows=331073 width=8) (actual time=3451.326..3451.326 rows=473382 loops=1)
        Buckets: 131072  Batches: 8  Memory Usage: 3340kB
        ->  Hash Join  (cost=77934.62..150483.51 rows=331073 width=8) (actual time=1384.843..3306.122 rows=473382 loops=1)
              Hash Cond: (mc.movie_id = t.id)
              ->  Seq Scan on movie_companies mc  (cost=0.00..51404.11 rows=1329612 width=4) (actual time=0.023..1018.682 rows=1334883 loops=1)
                    Filter: (company_type_id = 2)
                    Rows Removed by Filter: 1274246
              ->  Hash  (cost=67604.59..67604.59 rows=629603 width=4) (actual time=1383.709..1383.709 rows=622851 loops=1)
                    Buckets: 131072  Batches: 16  Memory Usage: 2387kB
                    ->  Seq Scan on title t  (cost=0.00..67604.59 rows=629603 width=4) (actual time=0.018..1176.820 rows=622851 loops=1)
                          Filter: (production_year < 1987)
                          Rows Removed by Filter: 1905461
Planning time: 1.230 ms
Execution time: 21851.876 ms
