Seq Scan on cast_info ci  (cost=0.00..796071.18 rows=223788 width=0) (actual time=8371.057..14099.471 rows=79658 loops=1)
  Filter: ((person_id < 2354772) AND (role_id > 10))
  Rows Removed by Filter: 36164686
Planning time: 0.420 ms
Execution time: 14109.698 ms
