Hash Join  (cost=462480.90..605636.84 rows=343817 width=0) (actual time=10641.366..15756.641 rows=9176096 loops=1)
  Hash Cond: (mk.movie_id = t.id)
  ->  Seq Scan on movie_keyword mk  (cost=0.00..69693.30 rows=4523930 width=4) (actual time=0.022..1522.491 rows=4523930 loops=1)
  ->  Hash  (cost=459327.81..459327.81 rows=192167 width=8) (actual time=10640.469..10640.469 rows=279813 loops=1)
        Buckets: 131072  Batches: 4  Memory Usage: 3867kB
        ->  Hash Join  (cost=74547.77..459327.81 rows=192167 width=8) (actual time=1325.365..10215.251 rows=279813 loops=1)
              Hash Cond: (mi.movie_id = t.id)
              ->  Seq Scan on movie_info mi  (cost=0.00..346232.03 rows=9767026 width=4) (actual time=0.019..6543.555 rows=9911754 loops=1)
                    Filter: (info_type_id > 4)
                    Rows Removed by Filter: 4923966
              ->  Hash  (cost=73925.90..73925.90 rows=49749 width=4) (actual time=1325.003..1325.003 rows=44012 loops=1)
                    Buckets: 65536  Batches: 1  Memory Usage: 2060kB
                    ->  Seq Scan on title t  (cost=0.00..73925.90 rows=49749 width=4) (actual time=0.016..1306.851 rows=44012 loops=1)
                          Filter: ((kind_id < 7) AND (production_year = 2009))
                          Rows Removed by Filter: 2484300
Planning time: 1.114 ms
Execution time: 16706.008 ms
