Hash Join  (cost=75553.24..194969.36 rows=124721 width=0) (actual time=4054.211..8370.154 rows=50185 loops=1)
  Hash Cond: (mk.movie_id = t.id)
  ->  Seq Scan on movie_keyword mk  (cost=0.00..81003.12 rows=3180743 width=4) (actual time=0.019..3221.157 rows=3170189 loops=1)
        Filter: (keyword_id < 12459)
        Rows Removed by Filter: 1353741
  ->  Hash  (cost=73925.90..73925.90 rows=99147 width=4) (actual time=4047.874..4047.874 rows=104093 loops=1)
        Buckets: 131072  Batches: 2  Memory Usage: 2861kB
        ->  Seq Scan on title t  (cost=0.00..73925.90 rows=99147 width=4) (actual time=0.025..3304.409 rows=104093 loops=1)
              Filter: ((kind_id > 2) AND (production_year = 2010))
              Rows Removed by Filter: 2424219
Planning time: 0.641 ms
Execution time: 8377.217 ms
