Hash Join  (cost=306316.15..1822911.80 rows=38181750 width=0) (actual time=5971.627..42210.562 rows=21125113 loops=1)
  Hash Cond: (ci.movie_id = t.id)
  ->  Seq Scan on cast_info ci  (cost=0.00..614943.12 rows=36225612 width=4) (actual time=0.025..14135.244 rows=36244344 loops=1)
  ->  Hash  (cost=262591.85..262591.85 rows=2665064 width=8) (actual time=5965.323..5965.323 rows=617724 loops=1)
        Buckets: 131072  Batches: 64  Memory Usage: 1385kB
        ->  Hash Join  (cost=92883.59..262591.85 rows=2665064 width=8) (actual time=1769.126..5797.852 rows=617724 loops=1)
              Hash Cond: (mk.movie_id = t.id)
              ->  Seq Scan on movie_keyword mk  (cost=0.00..81003.12 rows=4373499 width=4) (actual time=0.018..1834.941 rows=4360169 loops=1)
                    Filter: (keyword_id > 117)
                    Rows Removed by Filter: 163761
              ->  Hash  (cost=67604.59..67604.59 rows=1540800 width=4) (actual time=1767.969..1767.969 rows=1543264 loops=1)
                    Buckets: 131072  Batches: 32  Memory Usage: 2728kB
                    ->  Seq Scan on title t  (cost=0.00..67604.59 rows=1540800 width=4) (actual time=0.015..1251.434 rows=1543264 loops=1)
                          Filter: (kind_id = 7)
                          Rows Removed by Filter: 985048
Planning time: 1.140 ms
Execution time: 44510.361 ms
