Hash Join  (cost=83075.27..109987.05 rows=131 width=0) (actual time=3009.837..4006.722 rows=69 loops=1)
  Hash Cond: (mi_idx.movie_id = t.id)
  ->  Seq Scan on movie_info_idx mi_idx  (cost=0.00..21735.35 rows=1380035 width=4) (actual time=0.011..818.615 rows=1380035 loops=1)
  ->  Hash  (cost=83072.29..83072.29 rows=239 width=8) (actual time=2911.590..2911.590 rows=23 loops=1)
        Buckets: 1024  Batches: 1  Memory Usage: 9kB
        ->  Nested Loop  (cost=0.43..83072.29 rows=239 width=8) (actual time=555.364..2911.535 rows=23 loops=1)
              ->  Seq Scan on movie_keyword mk  (cost=0.00..81003.12 rows=246 width=4) (actual time=555.291..2906.182 rows=23 loops=1)
                    Filter: (keyword_id = 76601)
                    Rows Removed by Filter: 4523907
              ->  Index Scan using title_pkey on title t  (cost=0.43..8.40 rows=1 width=4) (actual time=0.224..0.225 rows=1 loops=23)
                    Index Cond: (id = mk.movie_id)
                    Filter: (production_year > 0)
Planning time: 1.061 ms
Execution time: 4006.887 ms
