Hash Join  (cost=222405.45..1245187.05 rows=4721487 width=0) (actual time=10728.128..30762.649 rows=14108882 loops=1)
  Hash Cond: (ci.movie_id = t.id)
  ->  Seq Scan on cast_info ci  (cost=0.00..796071.18 rows=13744514 width=4) (actual time=5239.912..16444.060 rows=11993670 loops=1)
        Filter: ((person_id > 1107326) AND (role_id < 3))
        Rows Removed by Filter: 24250674
  ->  Hash  (cost=208155.03..208155.03 rows=868594 width=8) (actual time=5486.871..5486.871 rows=1210086 loops=1)
        Buckets: 131072  Batches: 16  Memory Usage: 4048kB
        ->  Hash Join  (cost=75570.05..208155.03 rows=868594 width=8) (actual time=1340.345..4981.430 rows=1210086 loops=1)
              Hash Cond: (mk.movie_id = t.id)
              ->  Seq Scan on movie_keyword mk  (cost=0.00..69693.30 rows=4523930 width=4) (actual time=0.027..1424.062 rows=4523930 loops=1)
              ->  Hash  (cost=67604.59..67604.59 rows=485477 width=4) (actual time=1339.035..1339.035 rows=479601 loops=1)
                    Buckets: 131072  Batches: 8  Memory Usage: 3131kB
                    ->  Seq Scan on title t  (cost=0.00..67604.59 rows=485477 width=4) (actual time=0.026..1177.078 rows=479601 loops=1)
                          Filter: (production_year < 1978)
                          Rows Removed by Filter: 2048711
Planning time: 3.841 ms
Execution time: 32304.778 ms
