Seq Scan on movie_keyword mk  (cost=0.00..81003.12 rows=246 width=0) (actual time=1.878..1267.518 rows=864 loops=1)
  Filter: (keyword_id = 3278)
  Rows Removed by Filter: 4523066
Planning time: 0.351 ms
Execution time: 1267.942 ms
