Seq Scan on title t  (cost=0.00..73925.90 rows=3437 width=0) (actual time=134.204..998.805 rows=3625 loops=1)
  Filter: ((kind_id = 2) AND (production_year = 2005))
  Rows Removed by Filter: 2524687
Planning time: 0.368 ms
Execution time: 999.919 ms
