Hash Join  (cost=102767.86..291820.29 rows=4079834 width=0) (actual time=1896.441..7053.352 rows=4081978 loops=1)
  Hash Cond: (mk.movie_id = t.id)
  ->  Seq Scan on movie_keyword mk  (cost=0.00..81003.12 rows=4079834 width=4) (actual time=0.030..1826.331 rows=4081978 loops=1)
        Filter: (keyword_id < 39973)
        Rows Removed by Filter: 441952
  ->  Hash  (cost=61283.27..61283.27 rows=2528527 width=4) (actual time=1894.599..1894.599 rows=2528312 loops=1)
        Buckets: 131072  Batches: 64  Memory Usage: 2425kB
        ->  Seq Scan on title t  (cost=0.00..61283.27 rows=2528527 width=4) (actual time=0.024..1053.382 rows=2528312 loops=1)
Planning time: 0.696 ms
Execution time: 7539.953 ms
