Hash Join  (cost=336737.02..2026752.95 rows=50655472 width=0) (actual time=8120.182..80166.304 rows=173879521 loops=1)
  Hash Cond: (ci.movie_id = t.id)
  ->  Seq Scan on cast_info ci  (cost=0.00..614943.12 rows=36225612 width=4) (actual time=0.022..13308.948 rows=36244344 loops=1)
  ->  Hash  (cost=278728.48..278728.48 rows=3535723 width=8) (actual time=8118.353..8118.353 rows=3528727 loops=1)
        Buckets: 131072  Batches: 64  Memory Usage: 3200kB
        ->  Hash Join  (cost=102767.86..278728.48 rows=3535723 width=8) (actual time=2084.224..7133.832 rows=3528727 loops=1)
              Hash Cond: (mk.movie_id = t.id)
              ->  Seq Scan on movie_keyword mk  (cost=0.00..81003.12 rows=3535723 width=4) (actual time=0.015..1781.732 rows=3528727 loops=1)
                    Filter: (keyword_id > 943)
                    Rows Removed by Filter: 995203
              ->  Hash  (cost=61283.27..61283.27 rows=2528527 width=4) (actual time=2077.034..2077.034 rows=2528312 loops=1)
                    Buckets: 131072  Batches: 64  Memory Usage: 2425kB
                    ->  Seq Scan on title t  (cost=0.00..61283.27 rows=2528527 width=4) (actual time=0.015..1219.942 rows=2528312 loops=1)
Planning time: 1.146 ms
Execution time: 98375.901 ms
