Hash Join  (cost=102653.46..189552.69 rows=23878 width=0) (actual time=2154.782..3928.009 rows=175872 loops=1)
  Hash Cond: (mk.movie_id = t.id)
  ->  Seq Scan on movie_keyword mk  (cost=0.00..81003.12 rows=1508620 width=4) (actual time=0.021..1498.739 rows=1521151 loops=1)
        Filter: (keyword_id < 2204)
        Rows Removed by Filter: 3002779
  ->  Hash  (cost=102153.20..102153.20 rows=40021 width=8) (actual time=1921.914..1921.914 rows=103542 loops=1)
        Buckets: 131072 (originally 65536)  Batches: 2 (originally 1)  Memory Usage: 3073kB
        ->  Hash Join  (cost=74842.51..102153.20 rows=40021 width=8) (actual time=1571.516..1883.333 rows=103542 loops=1)
              Hash Cond: (mi_idx.movie_id = t.id)
              ->  Seq Scan on movie_info_idx mi_idx  (cost=0.00..21735.35 rows=1380035 width=4) (actual time=0.024..295.237 rows=1380035 loops=1)
              ->  Hash  (cost=73925.90..73925.90 rows=73328 width=4) (actual time=1220.599..1220.599 rows=81058 loops=1)
                    Buckets: 131072  Batches: 1  Memory Usage: 3874kB
                    ->  Seq Scan on title t  (cost=0.00..73925.90 rows=73328 width=4) (actual time=0.032..1189.528 rows=81058 loops=1)
                          Filter: ((production_year > 1972) AND (kind_id = 2))
                          Rows Removed by Filter: 2447254
Planning time: 1.114 ms
Execution time: 3949.637 ms
