Hash Join  (cost=263115.61..440871.95 rows=3663418 width=0) (actual time=6201.140..16405.816 rows=28466573 loops=1)
  Hash Cond: (mk.movie_id = t.id)
  ->  Seq Scan on movie_keyword mk  (cost=0.00..81003.12 rows=3550247 width=4) (actual time=0.023..1769.330 rows=3547931 loops=1)
        Filter: (keyword_id > 916)
        Rows Removed by Filter: 975999
  ->  Hash  (cost=220309.49..220309.49 rows=2609129 width=8) (actual time=6199.851..6199.851 rows=2609129 loops=1)
        Buckets: 131072  Batches: 64  Memory Usage: 2691kB
        ->  Hash Join  (cost=102767.86..220309.49 rows=2609129 width=8) (actual time=1959.328..5442.715 rows=2609129 loops=1)
              Hash Cond: (mc.movie_id = t.id)
              ->  Seq Scan on movie_companies mc  (cost=0.00..44881.29 rows=2609129 width=4) (actual time=0.021..869.983 rows=2609129 loops=1)
              ->  Hash  (cost=61283.27..61283.27 rows=2528527 width=4) (actual time=1958.397..1958.397 rows=2528312 loops=1)
                    Buckets: 131072  Batches: 64  Memory Usage: 2415kB
                    ->  Seq Scan on title t  (cost=0.00..61283.27 rows=2528527 width=4) (actual time=0.031..1124.769 rows=2528312 loops=1)
Planning time: 1.067 ms
Execution time: 19574.548 ms
