Hash Join  (cost=513038.35..647574.03 rows=1516799 width=0) (actual time=8760.524..14434.346 rows=8206945 loops=1)
  Hash Cond: (mk.movie_id = t.id)
  ->  Seq Scan on movie_keyword mk  (cost=0.00..81003.12 rows=2865750 width=4) (actual time=0.016..1753.003 rows=2858913 loops=1)
        Filter: (keyword_id < 8749)
        Rows Removed by Filter: 1665017
  ->  Hash  (cost=491081.45..491081.45 rows=1338312 width=8) (actual time=8759.751..8759.751 rows=1401902 loops=1)
        Buckets: 131072  Batches: 32  Memory Usage: 2722kB
        ->  Hash Join  (cost=102767.86..491081.45 rows=1338312 width=8) (actual time=5591.198..8328.593 rows=1401902 loops=1)
              Hash Cond: (mi.movie_id = t.id)
              ->  Seq Scan on movie_info mi  (cost=0.00..346232.03 rows=1338312 width=4) (actual time=3589.885..4805.468 rows=1401902 loops=1)
                    Filter: (info_type_id = 7)
                    Rows Removed by Filter: 13433818
              ->  Hash  (cost=61283.27..61283.27 rows=2528527 width=4) (actual time=1999.708..1999.708 rows=2528312 loops=1)
                    Buckets: 131072  Batches: 64  Memory Usage: 2425kB
                    ->  Seq Scan on title t  (cost=0.00..61283.27 rows=2528527 width=4) (actual time=0.025..1073.887 rows=2528312 loops=1)
Planning time: 1.173 ms
Execution time: 15407.766 ms
