Hash Join  (cost=80874.21..122787.79 rows=293968 width=0) (actual time=1417.439..2562.587 rows=364013 loops=1)
  Hash Cond: (mi_idx.movie_id = t.id)
  ->  Seq Scan on movie_info_idx mi_idx  (cost=0.00..25185.44 rows=919057 width=4) (actual time=0.024..543.050 rows=920110 loops=1)
        Filter: (info_type_id > 99)
        Rows Removed by Filter: 459925
  ->  Hash  (cost=67604.59..67604.59 rows=808770 width=4) (actual time=1416.195..1416.195 rows=812704 loops=1)
        Buckets: 131072  Batches: 16  Memory Usage: 2812kB
        ->  Seq Scan on title t  (cost=0.00..67604.59 rows=808770 width=4) (actual time=0.017..1147.093 rows=812704 loops=1)
              Filter: (production_year < 1995)
              Rows Removed by Filter: 1715608
Planning time: 0.747 ms
Execution time: 2601.093 ms
