Nested Loop  (cost=0.43..140129.45 rows=13435 width=0) (actual time=0.452..1267.153 rows=12833 loops=1)
  ->  Seq Scan on movie_companies mc  (cost=0.00..57926.93 rows=13435 width=4) (actual time=0.392..840.775 rows=12833 loops=1)
        Filter: ((company_id = 27) AND (company_type_id = 1))
        Rows Removed by Filter: 2596296
  ->  Index Only Scan using title_pkey on title t  (cost=0.43..6.11 rows=1 width=4) (actual time=0.032..0.033 rows=1 loops=12833)
        Index Cond: (id = mc.movie_id)
        Heap Fetches: 12833
Planning time: 5.618 ms
Execution time: 1270.366 ms
