Seq Scan on movie_keyword mk  (cost=0.00..81003.12 rows=2543409 width=0) (actual time=0.022..1517.842 rows=2542419 loops=1)
  Filter: (keyword_id > 3499)
  Rows Removed by Filter: 1981511
Planning time: 0.294 ms
Execution time: 1837.457 ms
