Hash Join  (cost=146819.92..874417.15 rows=143267 width=0) (actual time=6211.429..14879.378 rows=133423 loops=1)
  Hash Cond: (ci.movie_id = t.id)
  ->  Seq Scan on cast_info ci  (cost=0.00..705507.15 rows=5508642 width=4) (actual time=3891.273..11085.630 rows=5580762 loops=1)
        Filter: (person_id > 3094253)
        Rows Removed by Filter: 30663582
  ->  Hash  (cost=145997.91..145997.91 rows=65761 width=8) (actual time=2319.309..2319.309 rows=25833 loops=1)
        Buckets: 131072  Batches: 1  Memory Usage: 2034kB
        ->  Hash Join  (cost=81417.85..145997.91 rows=65761 width=8) (actual time=1618.824..2309.792 rows=25833 loops=1)
              Hash Cond: (mc.movie_id = t.id)
              ->  Seq Scan on movie_companies mc  (cost=0.00..57926.93 rows=364136 width=4) (actual time=282.501..888.935 rows=50834 loops=1)
                    Filter: ((company_id > 37503) AND (company_type_id = 1))
                    Rows Removed by Filter: 2558295
              ->  Hash  (cost=73925.90..73925.90 rows=456636 width=4) (actual time=1335.364..1335.364 rows=330279 loops=1)
                    Buckets: 131072  Batches: 8  Memory Usage: 2482kB
                    ->  Seq Scan on title t  (cost=0.00..73925.90 rows=456636 width=4) (actual time=619.531..1232.203 rows=330279 loops=1)
                          Filter: ((production_year > 1991) AND (kind_id = 1))
                          Rows Removed by Filter: 2198033
Planning time: 1.598 ms
Execution time: 14900.190 ms
