Hash Join  (cost=127028.94..196027.58 rows=127348 width=0) (actual time=2841.858..4591.555 rows=692945 loops=1)
  Hash Cond: (mc.movie_id = t.id)
  ->  Seq Scan on movie_companies mc  (cost=0.00..51404.11 rows=1329612 width=4) (actual time=139.279..1046.594 rows=1334883 loops=1)
        Filter: (company_type_id = 2)
        Rows Removed by Filter: 1274246
  ->  Hash  (cost=123054.72..123054.72 rows=242178 width=8) (actual time=2701.658..2701.658 rows=542901 loops=1)
        Buckets: 131072 (originally 131072)  Batches: 8 (originally 4)  Memory Usage: 3686kB
        ->  Hash Join  (cost=81206.46..123054.72 rows=242178 width=8) (actual time=1271.526..2535.326 rows=542901 loops=1)
              Hash Cond: (mi_idx.movie_id = t.id)
              ->  Seq Scan on movie_info_idx mi_idx  (cost=0.00..21735.35 rows=1380035 width=4) (actual time=0.021..430.510 rows=1380035 loops=1)
              ->  Hash  (cost=73925.90..73925.90 rows=443724 width=4) (actual time=1270.606..1270.606 rows=536860 loops=1)
                    Buckets: 131072  Batches: 8  Memory Usage: 3395kB
                    ->  Seq Scan on title t  (cost=0.00..73925.90 rows=443724 width=4) (actual time=0.021..1100.516 rows=536860 loops=1)
                          Filter: ((kind_id < 7) AND (production_year < 2002))
                          Rows Removed by Filter: 1991452
Planning time: 1.121 ms
Execution time: 4673.064 ms
