Hash Join  (cost=78741.46..207141.38 rows=525089 width=0) (actual time=1241.400..4923.819 rows=1699455 loops=1)
  Hash Cond: (mk.movie_id = t.id)
  ->  Seq Scan on movie_keyword mk  (cost=0.00..69693.30 rows=4523930 width=4) (actual time=0.013..1370.761 rows=4523930 loops=1)
  ->  Hash  (cost=73925.90..73925.90 rows=293484 width=4) (actual time=1240.165..1240.165 rows=411690 loops=1)
        Buckets: 131072 (originally 131072)  Batches: 8 (originally 4)  Memory Usage: 3073kB
        ->  Seq Scan on title t  (cost=0.00..73925.90 rows=293484 width=4) (actual time=0.017..1099.129 rows=411690 loops=1)
              Filter: ((kind_id < 7) AND (production_year < 1993))
              Rows Removed by Filter: 2116622
Planning time: 0.576 ms
Execution time: 5124.385 ms
