Hash Join  (cost=52284.88..426657.56 rows=220 width=0) (actual time=1151.165..7940.220 rows=1300 loops=1)
  Hash Cond: (mi.movie_id = t.id)
  ->  Seq Scan on movie_info mi  (cost=0.00..346232.03 rows=7503588 width=4) (actual time=0.023..6062.596 rows=7548855 loops=1)
        Filter: (info_type_id > 7)
        Rows Removed by Filter: 7286865
  ->  Hash  (cost=52283.95..52283.95 rows=74 width=8) (actual time=759.174..759.174 rows=696 loops=1)
        Buckets: 1024  Batches: 1  Memory Usage: 36kB
        ->  Nested Loop  (cost=0.43..52283.95 rows=74 width=8) (actual time=0.817..758.788 rows=696 loops=1)
              ->  Seq Scan on movie_companies mc  (cost=0.00..51404.11 rows=104 width=4) (actual time=0.759..736.389 rows=696 loops=1)
                    Filter: (company_id = 12319)
                    Rows Removed by Filter: 2608433
              ->  Index Scan using title_pkey on title t  (cost=0.43..8.45 rows=1 width=4) (actual time=0.031..0.031 rows=1 loops=696)
                    Index Cond: (id = mc.movie_id)
                    Filter: (production_year > 1988)
Planning time: 1.238 ms
Execution time: 7940.604 ms
