Hash Join  (cost=251151.97..347220.43 rows=1524693 width=0) (actual time=6532.268..9248.060 rows=2208781 loops=1)
  Hash Cond: (mc.movie_id = t.id)
  ->  Seq Scan on movie_companies mc  (cost=0.00..44881.29 rows=2609129 width=4) (actual time=0.014..850.508 rows=2609129 loops=1)
  ->  Hash  (cost=226910.07..226910.07 rows=1477592 width=8) (actual time=6530.956..6530.956 rows=726197 loops=1)
        Buckets: 131072  Batches: 32  Memory Usage: 1896kB
        ->  Hash Join  (cost=98137.04..226910.07 rows=1477592 width=8) (actual time=2594.190..6182.203 rows=726197 loops=1)
              Hash Cond: (mk.movie_id = t.id)
              ->  Seq Scan on movie_keyword mk  (cost=0.00..81003.12 rows=2007598 width=4) (actual time=0.023..1560.542 rows=2013100 loops=1)
                    Filter: (keyword_id < 3588)
                    Rows Removed by Filter: 2510830
              ->  Hash  (cost=67604.59..67604.59 rows=1860996 width=4) (actual time=2592.879..2592.879 rows=1865487 loops=1)
                    Buckets: 131072  Batches: 32  Memory Usage: 3085kB
                    ->  Seq Scan on title t  (cost=0.00..67604.59 rows=1860996 width=4) (actual time=0.027..1302.355 rows=1865487 loops=1)
                          Filter: (kind_id > 1)
                          Rows Removed by Filter: 662825
Planning time: 2.131 ms
Execution time: 9502.483 ms
