Hash Join  (cost=90606.68..126948.35 rows=185356 width=0) (actual time=1564.710..2466.006 rows=103238 loops=1)
  Hash Cond: (mi_idx.movie_id = t.id)
  ->  Seq Scan on movie_info_idx mi_idx  (cost=0.00..25185.44 rows=460978 width=4) (actual time=0.019..455.948 rows=459925 loops=1)
        Filter: (info_type_id < 100)
        Rows Removed by Filter: 920110
  ->  Hash  (cost=73925.90..73925.90 rows=1016702 width=4) (actual time=1563.745..1563.745 rows=960113 loops=1)
        Buckets: 131072  Batches: 16  Memory Usage: 3135kB
        ->  Seq Scan on title t  (cost=0.00..73925.90 rows=1016702 width=4) (actual time=0.020..1261.966 rows=960113 loops=1)
              Filter: ((production_year < 2008) AND (kind_id = 7))
              Rows Removed by Filter: 1568199
Planning time: 0.763 ms
Execution time: 2478.670 ms
