Hash Join  (cost=74118.09..161051.21 rows=27508 width=0) (actual time=1021.836..2887.606 rows=62211 loops=1)
  Hash Cond: (mk.movie_id = t.id)
  ->  Seq Scan on movie_keyword mk  (cost=0.00..69693.30 rows=4523930 width=4) (actual time=0.026..1020.442 rows=4523930 loops=1)
  ->  Hash  (cost=73925.90..73925.90 rows=15375 width=4) (actual time=1021.244..1021.244 rows=8740 loops=1)
        Buckets: 16384  Batches: 1  Memory Usage: 436kB
        ->  Seq Scan on title t  (cost=0.00..73925.90 rows=15375 width=4) (actual time=0.020..1017.369 rows=8740 loops=1)
              Filter: ((kind_id = 1) AND (production_year = 2001))
              Rows Removed by Filter: 2519572
Planning time: 0.741 ms
Execution time: 2895.664 ms
