Seq Scan on movie_companies mc  (cost=0.00..57926.93 rows=214355 width=0) (actual time=30.083..828.627 rows=98738 loops=1)
  Filter: ((company_id < 300) AND (company_type_id > 1))
  Rows Removed by Filter: 2510391
Planning time: 0.364 ms
Execution time: 842.145 ms
