Hash Join  (cost=190230.21..309288.57 rows=1047384 width=0) (actual time=4362.370..7984.190 rows=4456188 loops=1)
  Hash Cond: (mk.movie_id = t.id)
  ->  Seq Scan on movie_keyword mk  (cost=0.00..81003.12 rows=1919037 width=4) (actual time=0.017..1547.241 rows=1930469 loops=1)
        Filter: (keyword_id > 6924)
        Rows Removed by Filter: 2593461
  ->  Hash  (cost=167588.78..167588.78 rows=1380035 width=8) (actual time=4361.164..4361.164 rows=1380035 loops=1)
        Buckets: 131072  Batches: 32  Memory Usage: 2726kB
        ->  Hash Join  (cost=102767.86..167588.78 rows=1380035 width=8) (actual time=2000.370..3944.417 rows=1380035 loops=1)
              Hash Cond: (mi_idx.movie_id = t.id)
              ->  Seq Scan on movie_info_idx mi_idx  (cost=0.00..21735.35 rows=1380035 width=4) (actual time=0.025..438.562 rows=1380035 loops=1)
              ->  Hash  (cost=61283.27..61283.27 rows=2528527 width=4) (actual time=1998.791..1998.791 rows=2528312 loops=1)
                    Buckets: 131072  Batches: 64  Memory Usage: 2415kB
                    ->  Seq Scan on title t  (cost=0.00..61283.27 rows=2528527 width=4) (actual time=0.019..1160.778 rows=2528312 loops=1)
Planning time: 0.844 ms
Execution time: 8470.659 ms
