Hash Join  (cost=239893.69..792596.30 rows=6831771 width=0) (actual time=5280.041..34113.410 rows=66109200 loops=1)
  Hash Cond: (mi.movie_id = t.id)
  ->  Seq Scan on movie_info mi  (cost=0.00..309384.22 rows=14739122 width=4) (actual time=0.015..5978.553 rows=14835720 loops=1)
  ->  Hash  (cost=220664.64..220664.64 rows=1172004 width=8) (actual time=5279.066..5279.066 rows=1353122 loops=1)
        Buckets: 131072 (originally 131072)  Batches: 32 (originally 16)  Memory Usage: 3073kB
        ->  Hash Join  (cost=101489.21..220664.64 rows=1172004 width=8) (actual time=2003.845..4889.936 rows=1353122 loops=1)
              Hash Cond: (mk.movie_id = t.id)
              ->  Seq Scan on movie_keyword mk  (cost=0.00..81003.12 rows=1434853 width=4) (actual time=0.015..1508.104 rows=1450815 loops=1)
                    Filter: (keyword_id < 2042)
                    Rows Removed by Filter: 3073115
              ->  Hash  (cost=67604.59..67604.59 rows=2065330 width=4) (actual time=2002.987..2002.987 rows=2064552 loops=1)
                    Buckets: 131072  Batches: 32  Memory Usage: 3298kB
                    ->  Seq Scan on title t  (cost=0.00..67604.59 rows=2065330 width=4) (actual time=0.023..1335.812 rows=2064552 loops=1)
                          Filter: (production_year < 2011)
                          Rows Removed by Filter: 463760
Planning time: 1.392 ms
Execution time: 41703.568 ms
