Hash Join  (cost=123871.12..953550.64 rows=294733 width=0) (actual time=13218.017..18476.287 rows=369769 loops=1)
  Hash Cond: (ci.movie_id = t.id)
  ->  Seq Scan on cast_info ci  (cost=0.00..796071.18 rows=2553070 width=4) (actual time=10716.560..14752.977 rows=2728943 loops=1)
        Filter: ((person_id < 3582784) AND (role_id = 4))
        Rows Removed by Filter: 33515401
  ->  Hash  (cost=119081.37..119081.37 rows=291900 width=8) (actual time=2500.582..2500.582 rows=192209 loops=1)
        Buckets: 131072  Batches: 4  Memory Usage: 2895kB
        ->  Hash Join  (cost=76379.89..119081.37 rows=291900 width=8) (actual time=1270.427..2446.093 rows=192209 loops=1)
              Hash Cond: (mi_idx.movie_id = t.id)
              ->  Seq Scan on movie_info_idx mi_idx  (cost=0.00..21735.35 rows=1380035 width=4) (actual time=0.018..468.305 rows=1380035 loops=1)
              ->  Hash  (cost=67604.59..67604.59 rows=534824 width=4) (actual time=1268.043..1268.043 rows=533369 loops=1)
                    Buckets: 131072  Batches: 8  Memory Usage: 3369kB
                    ->  Seq Scan on title t  (cost=0.00..67604.59 rows=534824 width=4) (actual time=0.018..1092.748 rows=533369 loops=1)
                          Filter: (production_year > 2009)
                          Rows Removed by Filter: 1994943
Planning time: 1.187 ms
Execution time: 18521.077 ms
