Hash Join  (cost=88295.76..126038.05 rows=229918 width=0) (actual time=1712.006..2721.295 rows=194990 loops=1)
  Hash Cond: (mi_idx.movie_id = t.id)
  ->  Seq Scan on movie_info_idx mi_idx  (cost=0.00..25185.44 rows=460978 width=4) (actual time=0.022..483.837 rows=459925 loops=1)
        Filter: (info_type_id = 99)
        Rows Removed by Filter: 920110
  ->  Hash  (cost=67604.59..67604.59 rows=1261134 width=4) (actual time=1710.456..1710.456 rows=1260295 loops=1)
        Buckets: 131072  Batches: 32  Memory Usage: 2413kB
        ->  Seq Scan on title t  (cost=0.00..67604.59 rows=1261134 width=4) (actual time=0.014..1302.697 rows=1260295 loops=1)
              Filter: (production_year > 2002)
              Rows Removed by Filter: 1268017
Planning time: 0.702 ms
Execution time: 2746.699 ms
