Seq Scan on movie_companies mc  (cost=0.00..51404.11 rows=5914 width=0) (actual time=0.406..778.798 rows=5677 loops=1)
  Filter: (company_id = 73)
  Rows Removed by Filter: 2603452
Planning time: 0.432 ms
Execution time: 779.940 ms
