Hash Join  (cost=73962.94..128659.04 rows=3057 width=0) (actual time=1138.250..2291.384 rows=10675 loops=1)
  Hash Cond: (mc.movie_id = t.id)
  ->  Seq Scan on movie_companies mc  (cost=0.00..44881.29 rows=2609129 width=4) (actual time=0.021..613.545 rows=2609129 loops=1)
  ->  Hash  (cost=73925.90..73925.90 rows=2963 width=4) (actual time=1138.152..1138.152 rows=5872 loops=1)
        Buckets: 8192 (originally 4096)  Batches: 1 (originally 1)  Memory Usage: 271kB
        ->  Seq Scan on title t  (cost=0.00..73925.90 rows=2963 width=4) (actual time=0.134..1135.424 rows=5872 loops=1)
              Filter: ((kind_id < 7) AND (production_year < 1900))
              Rows Removed by Filter: 2522440
Planning time: 0.777 ms
Execution time: 2293.368 ms
