Seq Scan on cast_info ci  (cost=0.00..705507.15 rows=29064871 width=0) (actual time=0.019..13289.793 rows=29139304 loops=1)
  Filter: (person_id > 686636)
  Rows Removed by Filter: 7105040
Planning time: 0.291 ms
Execution time: 16929.612 ms
