Hash Join  (cost=89762.78..454666.74 rows=24803 width=0) (actual time=1058.998..8275.319 rows=47946 loops=1)
  Hash Cond: (mi.movie_id = t.id)
  ->  Seq Scan on movie_info mi  (cost=0.00..309384.22 rows=14739122 width=4) (actual time=0.021..4248.856 rows=14835720 loops=1)
  ->  Hash  (cost=89709.60..89709.60 rows=4255 width=8) (actual time=1056.844..1056.844 rows=4675 loops=1)
        Buckets: 8192  Batches: 1  Memory Usage: 247kB
        ->  Nested Loop  (cost=0.43..89709.60 rows=4255 width=8) (actual time=262.558..1054.299 rows=4675 loops=1)
              ->  Seq Scan on movie_companies mc  (cost=0.00..57926.93 rows=4255 width=4) (actual time=262.489..888.844 rows=4675 loops=1)
                    Filter: ((company_type_id > 1) AND (company_id = 225))
                    Rows Removed by Filter: 2604454
              ->  Index Only Scan using title_pkey on title t  (cost=0.43..7.46 rows=1 width=4) (actual time=0.034..0.035 rows=1 loops=4675)
                    Index Cond: (id = mc.movie_id)
                    Heap Fetches: 4675
Planning time: 1.143 ms
Execution time: 8283.651 ms
