Seq Scan on movie_keyword mk  (cost=0.00..81003.12 rows=246 width=0) (actual time=320.683..774.814 rows=4 loops=1)
  Filter: (keyword_id = 41240)
  Rows Removed by Filter: 4523926
Planning time: 0.259 ms
Execution time: 774.888 ms
