Seq Scan on cast_info ci  (cost=0.00..796071.18 rows=2772871 width=0) (actual time=11242.721..14098.846 rows=901227 loops=1)
  Filter: ((person_id < 2162791) AND (role_id > 9))
  Rows Removed by Filter: 35343117
Planning time: 1.045 ms
Execution time: 14213.494 ms
