Hash Join  (cost=102767.86..910938.93 rows=92301 width=0) (actual time=7205.815..14064.487 rows=37497 loops=1)
  Hash Cond: (ci.movie_id = t.id)
  ->  Seq Scan on cast_info ci  (cost=0.00..796071.18 rows=92301 width=4) (actual time=5301.784..11782.592 rows=37497 loops=1)
        Filter: ((person_id < 922405) AND (role_id > 10))
        Rows Removed by Filter: 36206847
  ->  Hash  (cost=61283.27..61283.27 rows=2528527 width=4) (actual time=1901.710..1901.710 rows=2528312 loops=1)
        Buckets: 131072  Batches: 64  Memory Usage: 2415kB
        ->  Seq Scan on title t  (cost=0.00..61283.27 rows=2528527 width=4) (actual time=0.024..1064.912 rows=2528312 loops=1)
Planning time: 0.799 ms
Execution time: 14068.953 ms
