Hash Join  (cost=75572.24..1025838.76 rows=810909 width=0) (actual time=1292.115..23337.234 rows=765067 loops=1)
  Hash Cond: (ci.movie_id = t.id)
  ->  Seq Scan on cast_info ci  (cost=0.00..705507.15 rows=20433141 width=4) (actual time=0.020..13992.177 rows=20562008 loops=1)
        Filter: (person_id > 1548972)
        Rows Removed by Filter: 15682336
  ->  Hash  (cost=73925.90..73925.90 rows=100347 width=4) (actual time=1291.168..1291.168 rows=117918 loops=1)
        Buckets: 131072  Batches: 2  Memory Usage: 3095kB
        ->  Seq Scan on title t  (cost=0.00..73925.90 rows=100347 width=4) (actual time=687.176..1249.398 rows=117918 loops=1)
              Filter: ((production_year > 1960) AND (kind_id = 4))
              Rows Removed by Filter: 2410394
Planning time: 0.878 ms
Execution time: 23439.277 ms
