Hash Join  (cost=102767.86..225046.08 rows=2534899 width=0) (actual time=2176.134..5731.734 rows=2535596 loops=1)
  Hash Cond: (mc.movie_id = t.id)
  ->  Seq Scan on movie_companies mc  (cost=0.00..51404.11 rows=2534899 width=4) (actual time=0.029..1047.563 rows=2535596 loops=1)
        Filter: (company_id < 174266)
        Rows Removed by Filter: 73533
  ->  Hash  (cost=61283.27..61283.27 rows=2528527 width=4) (actual time=2174.862..2174.862 rows=2528312 loops=1)
        Buckets: 131072  Batches: 64  Memory Usage: 2415kB
        ->  Seq Scan on title t  (cost=0.00..61283.27 rows=2528527 width=4) (actual time=0.017..1034.601 rows=2528312 loops=1)
Planning time: 1.145 ms
Execution time: 6039.338 ms
