Seq Scan on movie_companies mc  (cost=0.00..51404.11 rows=1086978 width=0) (actual time=0.011..1001.151 rows=1102727 loops=1)
  Filter: (company_id > 14058)
  Rows Removed by Filter: 1506402
Planning time: 0.311 ms
Execution time: 1145.267 ms
