Hash Join  (cost=67697.55..127003.88 rows=1073 width=0) (actual time=978.441..1888.834 rows=4535 loops=1)
  Hash Cond: (mc.movie_id = t.id)
  ->  Seq Scan on movie_companies mc  (cost=0.00..57926.93 rows=364976 width=4) (actual time=0.017..802.077 rows=520065 loops=1)
        Filter: ((company_id < 1451) AND (company_type_id < 2))
        Rows Removed by Filter: 2089064
  ->  Hash  (cost=67604.59..67604.59 rows=7437 width=4) (actual time=978.153..978.153 rows=14284 loops=1)
        Buckets: 16384 (originally 8192)  Batches: 1 (originally 1)  Memory Usage: 631kB
        ->  Seq Scan on title t  (cost=0.00..67604.59 rows=7437 width=4) (actual time=0.053..971.349 rows=14284 loops=1)
              Filter: (production_year = 1973)
              Rows Removed by Filter: 2514028
Planning time: 1.226 ms
Execution time: 1889.774 ms
