Hash Join  (cost=81206.46..614675.79 rows=2444423 width=0) (actual time=1406.135..16790.913 rows=5754037 loops=1)
  Hash Cond: (mi.movie_id = t.id)
  ->  Seq Scan on movie_info mi  (cost=0.00..346232.03 rows=13929354 width=4) (actual time=0.015..7076.894 rows=14033580 loops=1)
        Filter: (info_type_id > 1)
        Rows Removed by Filter: 802140
  ->  Hash  (cost=73925.90..73925.90 rows=443724 width=4) (actual time=1405.306..1405.306 rows=536860 loops=1)
        Buckets: 131072  Batches: 8  Memory Usage: 3403kB
        ->  Seq Scan on title t  (cost=0.00..73925.90 rows=443724 width=4) (actual time=0.030..1226.507 rows=536860 loops=1)
              Filter: ((kind_id < 7) AND (production_year < 2002))
              Rows Removed by Filter: 1991452
Planning time: 0.770 ms
Execution time: 17487.359 ms
