Hash Join  (cost=83073.82..137740.62 rows=127 width=0) (actual time=1252.439..2456.106 rows=1484 loops=1)
  Hash Cond: (mc.movie_id = t.id)
  ->  Seq Scan on movie_companies mc  (cost=0.00..44881.29 rows=2609129 width=4) (actual time=0.027..729.375 rows=2609129 loops=1)
  ->  Hash  (cost=83072.29..83072.29 rows=123 width=8) (actual time=1250.530..1250.530 rows=461 loops=1)
        Buckets: 1024  Batches: 1  Memory Usage: 27kB
        ->  Nested Loop  (cost=0.43..83072.29 rows=123 width=8) (actual time=0.071..1250.204 rows=461 loops=1)
              ->  Seq Scan on movie_keyword mk  (cost=0.00..81003.12 rows=246 width=4) (actual time=0.021..1236.843 rows=585 loops=1)
                    Filter: (keyword_id = 484)
                    Rows Removed by Filter: 4523345
              ->  Index Scan using title_pkey on title t  (cost=0.43..8.40 rows=1 width=4) (actual time=0.021..0.021 rows=1 loops=585)
                    Index Cond: (id = mk.movie_id)
                    Filter: (production_year < 2004)
                    Rows Removed by Filter: 0
Planning time: 3.248 ms
Execution time: 2456.591 ms
