Seq Scan on movie_companies mc  (cost=0.00..51404.11 rows=2273371 width=0) (actual time=0.023..983.674 rows=2271123 loops=1)
  Filter: (company_id < 89545)
  Rows Removed by Filter: 338006
Planning time: 0.341 ms
Execution time: 1267.747 ms
