Hash Join  (cost=206007.57..1349010.60 rows=6222086 width=0) (actual time=4794.335..42318.419 rows=23932184 loops=1)
  Hash Cond: (ci.movie_id = t.id)
  ->  Seq Scan on cast_info ci  (cost=0.00..614943.12 rows=36225612 width=4) (actual time=0.013..13002.836 rows=36244344 loops=1)
  ->  Hash  (cost=198881.84..198881.84 rows=434298 width=8) (actual time=4791.942..4791.942 rows=723314 loops=1)
        Buckets: 131072 (originally 131072)  Batches: 16 (originally 8)  Memory Usage: 3073kB
        ->  Hash Join  (cost=71587.82..198881.84 rows=434298 width=8) (actual time=1413.733..4585.065 rows=723314 loops=1)
              Hash Cond: (mk.movie_id = t.id)
              ->  Seq Scan on movie_keyword mk  (cost=0.00..69693.30 rows=4523930 width=4) (actual time=0.029..1357.316 rows=4523930 loops=1)
              ->  Hash  (cost=67604.59..67604.59 rows=242739 width=4) (actual time=1406.766..1406.766 rows=241400 loops=1)
                    Buckets: 131072  Batches: 4  Memory Usage: 3153kB
                    ->  Seq Scan on title t  (cost=0.00..67604.59 rows=242739 width=4) (actual time=0.028..1117.277 rows=241400 loops=1)
                          Filter: (production_year < 1960)
                          Rows Removed by Filter: 2286912
Planning time: 1.136 ms
Execution time: 45029.392 ms
