Seq Scan on movie_info mi  (cost=0.00..346232.03 rows=1264125 width=75) (actual time=0.024..5138.570 rows=1288928 loops=1)
  Filter: (info_type_id = 2)
  Rows Removed by Filter: 13546792
Planning time: 0.506 ms
Execution time: 5204.070 ms
