Seq Scan on cast_info ci  (cost=0.00..796071.18 rows=5770192 width=0) (actual time=1644.279..12564.668 rows=7390374 loops=1)
  Filter: ((person_id < 1009320) AND (role_id < 3))
  Rows Removed by Filter: 28853970
Planning time: 0.342 ms
Execution time: 13467.439 ms
