Hash Join  (cost=52284.99..416946.98 rows=606 width=0) (actual time=970.351..8266.904 rows=4778 loops=1)
  Hash Cond: (mi.movie_id = t.id)
  ->  Seq Scan on movie_info mi  (cost=0.00..309384.22 rows=14739122 width=4) (actual time=0.024..4529.479 rows=14835720 loops=1)
  ->  Hash  (cost=52283.69..52283.69 rows=104 width=8) (actual time=878.946..878.946 rows=639 loops=1)
        Buckets: 1024  Batches: 1  Memory Usage: 33kB
        ->  Nested Loop  (cost=0.43..52283.69 rows=104 width=8) (actual time=92.670..878.490 rows=639 loops=1)
              ->  Seq Scan on movie_companies mc  (cost=0.00..51404.11 rows=104 width=4) (actual time=92.562..842.393 rows=639 loops=1)
                    Filter: (company_id = 11219)
                    Rows Removed by Filter: 2608490
              ->  Index Only Scan using title_pkey on title t  (cost=0.43..8.45 rows=1 width=4) (actual time=0.055..0.055 rows=1 loops=639)
                    Index Cond: (id = mc.movie_id)
                    Heap Fetches: 639
Planning time: 1.118 ms
Execution time: 8268.028 ms
