Hash Join  (cost=102445.58..205484.58 rows=1793706 width=0) (actual time=2005.138..5585.682 rows=1287264 loops=1)
  Hash Cond: (mc.movie_id = t.id)
  ->  Seq Scan on movie_companies mc  (cost=0.00..44881.29 rows=2609129 width=4) (actual time=0.025..945.984 rows=2609129 loops=1)
  ->  Hash  (cost=73925.90..73925.90 rows=1738294 width=4) (actual time=2003.376..2003.376 rows=1799904 loops=1)
        Buckets: 131072  Batches: 32  Memory Usage: 3007kB
        ->  Seq Scan on title t  (cost=0.00..73925.90 rows=1738294 width=4) (actual time=0.014..1447.525 rows=1799904 loops=1)
              Filter: ((kind_id > 1) AND (production_year > 1923))
              Rows Removed by Filter: 728408
Planning time: 0.760 ms
Execution time: 5738.136 ms
