Seq Scan on cast_info ci  (cost=0.00..705507.15 rows=29375328 width=0) (actual time=0.019..13064.946 rows=29460067 loops=1)
  Filter: (person_id > 655549)
  Rows Removed by Filter: 6784277
Planning time: 0.312 ms
Execution time: 16649.749 ms
