Hash Join  (cost=87245.25..124686.35 rows=220116 width=0) (actual time=1627.750..2706.788 rows=265071 loops=1)
  Hash Cond: (mi_idx.movie_id = t.id)
  ->  Seq Scan on movie_info_idx mi_idx  (cost=0.00..25185.44 rows=464934 width=4) (actual time=0.022..545.566 rows=460185 loops=1)
        Filter: (info_type_id > 100)
        Rows Removed by Filter: 919850
  ->  Hash  (cost=67604.59..67604.59 rows=1197093 width=4) (actual time=1626.852..1626.852 rows=1195923 loops=1)
        Buckets: 131072  Batches: 16  Memory Usage: 3653kB
        ->  Seq Scan on title t  (cost=0.00..67604.59 rows=1197093 width=4) (actual time=0.018..1255.512 rows=1195923 loops=1)
              Filter: (production_year < 2003)
              Rows Removed by Filter: 1332389
Planning time: 0.499 ms
Execution time: 2738.248 ms
