Seq Scan on cast_info ci  (cost=0.00..796071.18 rows=176 width=0) (actual time=8208.249..11363.629 rows=128 loops=1)
  Filter: ((person_id = 926746) AND (role_id = 1))
  Rows Removed by Filter: 36244216
Planning time: 3.805 ms
Execution time: 11363.752 ms
