Hash Join  (cost=263115.61..1235085.77 rows=7013111 width=0) (actual time=16467.336..31974.066 rows=22334363 loops=1)
  Hash Cond: (ci.movie_id = t.id)
  ->  Seq Scan on cast_info ci  (cost=0.00..796071.18 rows=6796460 width=4) (actual time=10350.577..16148.644 rows=7220602 loops=1)
        Filter: ((person_id > 459259) AND (role_id > 6))
        Rows Removed by Filter: 29023742
  ->  Hash  (cost=220309.49..220309.49 rows=2609129 width=8) (actual time=6115.512..6115.512 rows=2609129 loops=1)
        Buckets: 131072  Batches: 64  Memory Usage: 2610kB
        ->  Hash Join  (cost=102767.86..220309.49 rows=2609129 width=8) (actual time=1925.583..5379.120 rows=2609129 loops=1)
              Hash Cond: (mc.movie_id = t.id)
              ->  Seq Scan on movie_companies mc  (cost=0.00..44881.29 rows=2609129 width=4) (actual time=0.024..963.278 rows=2609129 loops=1)
              ->  Hash  (cost=61283.27..61283.27 rows=2528527 width=4) (actual time=1924.172..1924.172 rows=2528312 loops=1)
                    Buckets: 131072  Batches: 64  Memory Usage: 2415kB
                    ->  Seq Scan on title t  (cost=0.00..61283.27 rows=2528527 width=4) (actual time=0.024..1101.584 rows=2528312 loops=1)
Planning time: 1.162 ms
Execution time: 34449.725 ms
