Hash Join  (cost=126748.79..204767.86 rows=215353 width=0) (actual time=2871.682..4635.033 rows=743299 loops=1)
  Hash Cond: (mc.movie_id = t.id)
  ->  Seq Scan on movie_companies mc  (cost=0.00..44881.29 rows=2609129 width=4) (actual time=0.021..578.756 rows=2609129 loops=1)
  ->  Hash  (cost=123324.03..123324.03 rows=208701 width=8) (actual time=2870.940..2870.940 rows=251034 loops=1)
        Buckets: 131072  Batches: 4  Memory Usage: 3480kB
        ->  Hash Join  (cost=86241.46..123324.03 rows=208701 width=8) (actual time=1748.635..2791.531 rows=251034 loops=1)
              Hash Cond: (mi_idx.movie_id = t.id)
              ->  Seq Scan on movie_info_idx mi_idx  (cost=0.00..25185.44 rows=464566 width=4) (actual time=0.012..504.618 rows=459925 loops=1)
                    Filter: (info_type_id = 101)
                    Rows Removed by Filter: 920110
              ->  Hash  (cost=67604.59..67604.59 rows=1135910 width=4) (actual time=1747.524..1747.524 rows=1133355 loops=1)
                    Buckets: 131072  Batches: 16  Memory Usage: 3516kB
                    ->  Seq Scan on title t  (cost=0.00..67604.59 rows=1135910 width=4) (actual time=0.014..1383.953 rows=1133355 loops=1)
                          Filter: (production_year < 2002)
                          Rows Removed by Filter: 1394957
Planning time: 7.840 ms
Execution time: 4721.916 ms
