Hash Join  (cost=69928.56..186301.77 rows=160829 width=0) (actual time=1170.595..4020.677 rows=115994 loops=1)
  Hash Cond: (mk.movie_id = t.id)
  ->  Seq Scan on movie_keyword mk  (cost=0.00..81003.12 rows=2871945 width=4) (actual time=0.025..1523.359 rows=2858355 loops=1)
        Filter: (keyword_id > 2553)
        Rows Removed by Filter: 1665575
  ->  Hash  (cost=67604.59..67604.59 rows=141598 width=4) (actual time=1169.813..1169.813 rows=141703 loops=1)
        Buckets: 131072  Batches: 2  Memory Usage: 3517kB
        ->  Seq Scan on title t  (cost=0.00..67604.59 rows=141598 width=4) (actual time=0.028..1115.489 rows=141703 loops=1)
              Filter: (production_year = 2010)
              Rows Removed by Filter: 2386609
Planning time: 0.681 ms
Execution time: 4035.149 ms
