Hash Join  (cost=74823.14..429076.32 rows=82409 width=0) (actual time=4726.766..6608.695 rows=106507 loops=1)
  Hash Cond: (mi.movie_id = t.id)
  ->  Seq Scan on movie_info mi  (cost=0.00..346232.03 rows=473617 width=4) (actual time=3450.026..5052.717 rows=486554 loops=1)
        Filter: (info_type_id = 5)
        Rows Removed by Filter: 14349166
  ->  Hash  (cost=67604.59..67604.59 rows=439964 width=4) (actual time=1268.695..1268.695 rows=437515 loops=1)
        Buckets: 131072  Batches: 8  Memory Usage: 2950kB
        ->  Seq Scan on title t  (cost=0.00..67604.59 rows=439964 width=4) (actual time=0.027..1122.291 rows=437515 loops=1)
              Filter: (production_year < 1975)
              Rows Removed by Filter: 2090797
Planning time: 0.740 ms
Execution time: 6620.706 ms
