Seq Scan on movie_companies mc  (cost=0.00..57926.93 rows=1227318 width=0) (actual time=0.034..1151.809 rows=1132574 loops=1)
  Filter: ((company_id < 112731) AND (company_type_id = 2))
  Rows Removed by Filter: 1476555
Planning time: 9.237 ms
Execution time: 1294.335 ms
