Hash Join  (cost=102767.86..959952.96 rows=2129226 width=0) (actual time=13195.930..15441.962 rows=366577 loops=1)
  Hash Cond: (ci.movie_id = t.id)
  ->  Seq Scan on cast_info ci  (cost=0.00..796071.18 rows=2129226 width=4) (actual time=10890.578..12430.523 rows=366577 loops=1)
        Filter: ((person_id > 2651394) AND (role_id = 2))
        Rows Removed by Filter: 35877767
  ->  Hash  (cost=61283.27..61283.27 rows=2528527 width=4) (actual time=2303.581..2303.581 rows=2528312 loops=1)
        Buckets: 131072  Batches: 64  Memory Usage: 2415kB
        ->  Seq Scan on title t  (cost=0.00..61283.27 rows=2528527 width=4) (actual time=0.031..1184.867 rows=2528312 loops=1)
Planning time: 0.738 ms
Execution time: 15486.591 ms
