Hash Join  (cost=86940.06..837747.41 rows=1819 width=0) (actual time=1132.316..17421.358 rows=1254 loops=1)
  Hash Cond: (ci.movie_id = t.id)
  ->  Seq Scan on cast_info ci  (cost=0.00..614943.12 rows=36225612 width=4) (actual time=0.583..9487.737 rows=36244344 loops=1)
  ->  Hash  (cost=86938.47..86938.47 rows=127 width=8) (actual time=1094.986..1094.986 rows=32 loops=1)
        Buckets: 1024  Batches: 1  Memory Usage: 10kB
        ->  Nested Loop  (cost=0.43..86938.47 rows=127 width=8) (actual time=353.521..1094.924 rows=32 loops=1)
              ->  Seq Scan on movie_companies mc  (cost=0.00..57926.93 rows=3839 width=4) (actual time=192.676..957.146 rows=4375 loops=1)
                    Filter: ((company_type_id < 2) AND (company_id = 159))
                    Rows Removed by Filter: 2604754
              ->  Index Scan using title_pkey on title t  (cost=0.43..7.55 rows=1 width=4) (actual time=0.031..0.031 rows=0 loops=4375)
                    Index Cond: (id = mc.movie_id)
                    Filter: ((production_year < 2011) AND (kind_id = 3))
                    Rows Removed by Filter: 1
Planning time: 1.089 ms
Execution time: 17422.515 ms
