Nested Loop  (cost=0.43..709674.40 rows=264 width=0) (actual time=1822.389..10917.620 rows=70 loops=1)
  ->  Seq Scan on cast_info ci  (cost=0.00..705507.15 rows=500 width=4) (actual time=1821.666..10915.379 rows=96 loops=1)
        Filter: (person_id = 141568)
        Rows Removed by Filter: 36244248
  ->  Index Scan using title_pkey on title t  (cost=0.43..8.32 rows=1 width=4) (actual time=0.022..0.022 rows=1 loops=96)
        Index Cond: (id = ci.movie_id)
        Filter: ((production_year > 1962) AND (kind_id = 7))
        Rows Removed by Filter: 0
Planning time: 0.828 ms
Execution time: 10917.755 ms
