Hash Join  (cost=156209.36..244706.83 rows=76890 width=0) (actual time=3897.323..5663.081 rows=294023 loops=1)
  Hash Cond: (mk.movie_id = t.id)
  ->  Seq Scan on movie_keyword mk  (cost=0.00..81003.12 rows=428120 width=4) (actual time=0.030..1395.663 rows=440973 loops=1)
        Filter: (keyword_id < 342)
        Rows Removed by Filter: 4082957
  ->  Hash  (cost=148758.81..148758.81 rows=454124 width=8) (actual time=3896.456..3896.456 rows=459925 loops=1)
        Buckets: 131072  Batches: 8  Memory Usage: 3284kB
        ->  Hash Join  (cost=102767.86..148758.81 rows=454124 width=8) (actual time=1900.799..3764.180 rows=459925 loops=1)
              Hash Cond: (mi_idx.movie_id = t.id)
              ->  Seq Scan on movie_info_idx mi_idx  (cost=0.00..25185.44 rows=454124 width=4) (actual time=0.015..447.621 rows=459925 loops=1)
                    Filter: (info_type_id = 100)
                    Rows Removed by Filter: 920110
              ->  Hash  (cost=61283.27..61283.27 rows=2528527 width=4) (actual time=1899.120..1899.120 rows=2528312 loops=1)
                    Buckets: 131072  Batches: 64  Memory Usage: 2415kB
                    ->  Seq Scan on title t  (cost=0.00..61283.27 rows=2528527 width=4) (actual time=0.018..1055.520 rows=2528312 loops=1)
Planning time: 1.090 ms
Execution time: 5700.174 ms
