Hash Join  (cost=185613.21..1356582.83 rows=13352545 width=0) (actual time=4158.561..43058.736 rows=27454585 loops=1)
  Hash Cond: (ci.movie_id = t.id)
  ->  Seq Scan on cast_info ci  (cost=0.00..614943.12 rows=36225612 width=4) (actual time=0.014..13301.220 rows=36244344 loops=1)
  ->  Hash  (cost=170322.21..170322.21 rows=932000 width=8) (actual time=4157.536..4157.536 rows=730845 loops=1)
        Buckets: 131072  Batches: 16  Memory Usage: 2780kB
        ->  Hash Join  (cost=82423.69..170322.21 rows=932000 width=8) (actual time=1504.560..3936.161 rows=730845 loops=1)
              Hash Cond: (mc.movie_id = t.id)
              ->  Seq Scan on movie_companies mc  (cost=0.00..44881.29 rows=2609129 width=4) (actual time=0.014..826.139 rows=2609129 loops=1)
              ->  Hash  (cost=67604.59..67604.59 rows=903208 width=4) (actual time=1503.508..1503.508 rows=904491 loops=1)
                    Buckets: 131072  Batches: 16  Memory Usage: 3010kB
                    ->  Seq Scan on title t  (cost=0.00..67604.59 rows=903208 width=4) (actual time=0.013..1212.444 rows=904491 loops=1)
                          Filter: (production_year > 2006)
                          Rows Removed by Filter: 1623821
Planning time: 1.207 ms
Execution time: 46248.692 ms
