Hash Join  (cost=166189.18..296331.92 rows=668171 width=0) (actual time=3998.558..10736.726 rows=15355179 loops=1)
  Hash Cond: (mk.movie_id = t.id)
  ->  Seq Scan on movie_keyword mk  (cost=0.00..69693.30 rows=4523930 width=4) (actual time=0.012..1405.085 rows=4523930 loops=1)
  ->  Hash  (cost=160061.98..160061.98 rows=373456 width=8) (actual time=3997.725..3997.725 rows=955522 loops=1)
        Buckets: 131072 (originally 131072)  Batches: 16 (originally 8)  Memory Usage: 3405kB
        ->  Hash Join  (cost=79863.89..160061.98 rows=373456 width=8) (actual time=1289.963..3745.520 rows=955522 loops=1)
              Hash Cond: (mc.movie_id = t.id)
              ->  Seq Scan on movie_companies mc  (cost=0.00..44881.29 rows=2609129 width=4) (actual time=0.018..974.265 rows=2609129 loops=1)
              ->  Hash  (cost=73925.90..73925.90 rows=361919 width=4) (actual time=1289.179..1289.179 rows=470371 loops=1)
                    Buckets: 131072  Batches: 8  Memory Usage: 3103kB
                    ->  Seq Scan on title t  (cost=0.00..73925.90 rows=361919 width=4) (actual time=0.027..1144.694 rows=470371 loops=1)
                          Filter: ((kind_id < 7) AND (production_year < 1998))
                          Rows Removed by Filter: 2057941
Planning time: 2.169 ms
Execution time: 12359.275 ms
