Hash Join  (cost=165016.23..519813.12 rows=33505 width=0) (actual time=3582.162..9846.243 rows=1713579 loops=1)
  Hash Cond: (mi.movie_id = t.id)
  ->  Seq Scan on movie_info mi  (cost=0.00..346232.03 rows=2194617 width=4) (actual time=785.781..5648.544 rows=2233850 loops=1)
        Filter: (info_type_id > 16)
        Rows Removed by Filter: 12601870
  ->  Hash  (cost=164533.70..164533.70 rows=38603 width=8) (actual time=2779.033..2779.033 rows=78672 loops=1)
        Buckets: 131072 (originally 65536)  Batches: 2 (originally 1)  Memory Usage: 3073kB
        ->  Hash Join  (cost=74452.28..164533.70 rows=38603 width=8) (actual time=1146.425..2622.264 rows=78672 loops=1)
              Hash Cond: (mk.movie_id = t.id)
              ->  Seq Scan on movie_keyword mk  (cost=0.00..81003.12 rows=2317936 width=4) (actual time=0.055..1132.701 rows=2318931 loops=1)
                    Filter: (keyword_id < 5053)
                    Rows Removed by Filter: 2204999
              ->  Hash  (cost=73925.90..73925.90 rows=42110 width=4) (actual time=1145.980..1145.980 rows=33905 loops=1)
                    Buckets: 65536  Batches: 1  Memory Usage: 1704kB
                    ->  Seq Scan on title t  (cost=0.00..73925.90 rows=42110 width=4) (actual time=0.064..1130.874 rows=33905 loops=1)
                          Filter: ((kind_id < 7) AND (production_year = 2006))
                          Rows Removed by Filter: 2494407
Planning time: 4.897 ms
Execution time: 10057.423 ms
