Hash Join  (cost=106021.40..471818.82 rows=437062 width=0) (actual time=5314.475..8123.239 rows=529698 loops=1)
  Hash Cond: (mi.movie_id = t.id)
  ->  Seq Scan on movie_info mi  (cost=0.00..346232.03 rows=471955 width=4) (actual time=3333.005..5341.816 rows=543367 loops=1)
        Filter: (info_type_id > 98)
        Rows Removed by Filter: 14292353
  ->  Hash  (cost=67604.59..67604.59 rows=2341585 width=4) (actual time=1957.753..1957.753 rows=2333286 loops=1)
        Buckets: 131072  Batches: 32  Memory Usage: 3601kB
        ->  Seq Scan on title t  (cost=0.00..67604.59 rows=2341585 width=4) (actual time=0.022..1081.515 rows=2333286 loops=1)
              Filter: (production_year > 1932)
              Rows Removed by Filter: 195026
Planning time: 0.722 ms
Execution time: 8189.571 ms
