Hash Join  (cost=219874.45..1115873.30 rows=3102270 width=0) (actual time=5470.675..22370.090 rows=4502766 loops=1)
  Hash Cond: (ci.movie_id = t.id)
  ->  Seq Scan on cast_info ci  (cost=0.00..796071.18 rows=4888593 width=4) (actual time=0.020..14119.307 rows=2390585 loops=1)
        Filter: ((person_id < 1851583) AND (role_id > 4))
        Rows Removed by Filter: 33853759
  ->  Hash  (cost=193549.12..193549.12 rows=1604587 width=8) (actual time=5469.623..5469.623 rows=1853708 loops=1)
        Buckets: 131072  Batches: 32  Memory Usage: 3252kB
        ->  Hash Join  (cost=93117.31..193549.12 rows=1604587 width=8) (actual time=1825.846..4907.332 rows=1853708 loops=1)
              Hash Cond: (mc.movie_id = t.id)
              ->  Seq Scan on movie_companies mc  (cost=0.00..44881.29 rows=2609129 width=4) (actual time=0.021..920.153 rows=2609129 loops=1)
              ->  Hash  (cost=67604.59..67604.59 rows=1555018 width=4) (actual time=1823.912..1823.912 rows=1551727 loops=1)
                    Buckets: 131072  Batches: 32  Memory Usage: 2728kB
                    ->  Seq Scan on title t  (cost=0.00..67604.59 rows=1555018 width=4) (actual time=0.019..1302.029 rows=1551727 loops=1)
                          Filter: (production_year < 2007)
                          Rows Removed by Filter: 976585
Planning time: 1.159 ms
Execution time: 22905.173 ms
