Hash Join  (cost=74201.04..180208.66 rows=283267 width=0) (actual time=1320.926..3774.050 rows=395483 loops=1)
  Hash Cond: (mk.movie_id = t.id)
  ->  Seq Scan on movie_keyword mk  (cost=0.00..81003.12 rows=1781554 width=4) (actual time=0.030..1529.049 rows=1785988 loops=1)
        Filter: (keyword_id > 7771)
        Rows Removed by Filter: 2737942
  ->  Hash  (cost=67604.59..67604.59 rows=402036 width=4) (actual time=1319.789..1319.789 rows=395872 loops=1)
        Buckets: 131072  Batches: 8  Memory Usage: 2765kB
        ->  Seq Scan on title t  (cost=0.00..67604.59 rows=402036 width=4) (actual time=0.008..1175.198 rows=395872 loops=1)
              Filter: (production_year < 1972)
              Rows Removed by Filter: 2132440
Planning time: 0.735 ms
Execution time: 3822.793 ms
