Hash Join  (cost=102767.86..214706.06 rows=2105113 width=0) (actual time=1992.735..5269.655 rows=2108413 loops=1)
  Hash Cond: (mc.movie_id = t.id)
  ->  Seq Scan on movie_companies mc  (cost=0.00..51404.11 rows=2105113 width=4) (actual time=0.022..1085.434 rows=2108413 loops=1)
        Filter: (company_id > 448)
        Rows Removed by Filter: 500716
  ->  Hash  (cost=61283.27..61283.27 rows=2528527 width=4) (actual time=1990.344..1990.344 rows=2528312 loops=1)
        Buckets: 131072  Batches: 64  Memory Usage: 2415kB
        ->  Seq Scan on title t  (cost=0.00..61283.27 rows=2528527 width=4) (actual time=0.024..1154.101 rows=2528312 loops=1)
Planning time: 0.742 ms
Execution time: 5497.234 ms
