Seq Scan on cast_info ci  (cost=0.00..705507.15 rows=15721619 width=0) (actual time=0.017..12098.067 rows=15836361 loops=1)
  Filter: (person_id > 2052868)
  Rows Removed by Filter: 20407983
Planning time: 6.115 ms
Execution time: 14012.594 ms
