Seq Scan on cast_info ci  (cost=0.00..705507.15 rows=14461628 width=0) (actual time=0.030..12515.964 rows=14615495 loops=1)
  Filter: (person_id > 2195347)
  Rows Removed by Filter: 21628849
Planning time: 0.521 ms
Execution time: 14355.486 ms
