Hash Join  (cost=172037.75..1276412.32 rows=6869741 width=0) (actual time=3498.818..34823.423 rows=5577223 loops=1)
  Hash Cond: (ci.movie_id = t.id)
  ->  Seq Scan on cast_info ci  (cost=0.00..614943.12 rows=36225612 width=4) (actual time=0.008..13337.800 rows=36244344 loops=1)
  ->  Hash  (cost=164169.95..164169.95 rows=479504 width=8) (actual time=3496.694..3496.694 rows=210662 loops=1)
        Buckets: 131072  Batches: 8  Memory Usage: 2049kB
        ->  Hash Join  (cost=89472.60..164169.95 rows=479504 width=8) (actual time=2402.320..3427.502 rows=210662 loops=1)
              Hash Cond: (mc.movie_id = t.id)
              ->  Seq Scan on movie_companies mc  (cost=0.00..51404.11 rows=1279517 width=4) (actual time=0.026..1033.020 rows=1274246 loops=1)
                    Filter: (company_type_id = 1)
                    Rows Removed by Filter: 1334883
              ->  Hash  (cost=73925.90..73925.90 rows=947576 width=4) (actual time=1544.634..1544.634 rows=876037 loops=1)
                    Buckets: 131072  Batches: 16  Memory Usage: 2949kB
                    ->  Seq Scan on title t  (cost=0.00..73925.90 rows=947576 width=4) (actual time=0.020..1265.787 rows=876037 loops=1)
                          Filter: ((production_year < 2007) AND (kind_id = 7))
                          Rows Removed by Filter: 1652275
Planning time: 1.167 ms
Execution time: 35497.585 ms
