Hash Join  (cost=299355.01..1250284.42 rows=6292482 width=0) (actual time=12934.408..21728.009 rows=1679483 loops=1)
  Hash Cond: (ci.movie_id = t.id)
  ->  Seq Scan on cast_info ci  (cost=0.00..796071.18 rows=5771585 width=4) (actual time=6419.281..12342.126 rows=3732851 loops=1)
        Filter: ((person_id > 2989456) AND (role_id < 10))
        Rows Removed by Filter: 32511493
  ->  Hash  (cost=254126.86..254126.86 rows=2756732 width=8) (actual time=6511.569..6511.569 rows=645461 loops=1)
        Buckets: 131072  Batches: 64  Memory Usage: 1402kB
        ->  Hash Join  (cost=92883.59..254126.86 rows=2756732 width=8) (actual time=1719.499..6309.005 rows=645461 loops=1)
              Hash Cond: (mk.movie_id = t.id)
              ->  Seq Scan on movie_keyword mk  (cost=0.00..69693.30 rows=4523930 width=4) (actual time=0.036..1492.362 rows=4523930 loops=1)
              ->  Hash  (cost=67604.59..67604.59 rows=1540800 width=4) (actual time=1718.388..1718.388 rows=1543264 loops=1)
                    Buckets: 131072  Batches: 32  Memory Usage: 2728kB
                    ->  Seq Scan on title t  (cost=0.00..67604.59 rows=1540800 width=4) (actual time=0.022..1221.474 rows=1543264 loops=1)
                          Filter: (kind_id = 7)
                          Rows Removed by Filter: 985048
Planning time: 1.097 ms
Execution time: 21935.848 ms
