Hash Join  (cost=164477.82..293810.67 rows=601681 width=0) (actual time=3359.279..6640.434 rows=388557 loops=1)
  Hash Cond: (mk.movie_id = t.id)
  ->  Seq Scan on movie_keyword mk  (cost=0.00..69693.30 rows=4523930 width=4) (actual time=0.009..1452.387 rows=4523930 loops=1)
  ->  Hash  (cost=158960.16..158960.16 rows=336293 width=8) (actual time=3357.851..3357.851 rows=145467 loops=1)
        Buckets: 131072  Batches: 8  Memory Usage: 1737kB
        ->  Hash Join  (cost=79273.71..158960.16 rows=336293 width=8) (actual time=1267.597..3314.982 rows=145467 loops=1)
              Hash Cond: (mc.movie_id = t.id)
              ->  Seq Scan on movie_companies mc  (cost=0.00..44881.29 rows=2609129 width=4) (actual time=0.016..875.349 rows=2609129 loops=1)
              ->  Hash  (cost=73925.90..73925.90 rows=325904 width=4) (actual time=1266.601..1266.601 rows=349534 loops=1)
                    Buckets: 131072  Batches: 8  Memory Usage: 2566kB
                    ->  Seq Scan on title t  (cost=0.00..73925.90 rows=325904 width=4) (actual time=214.083..1150.506 rows=349534 loops=1)
                          Filter: ((production_year > 2009) AND (kind_id = 7))
                          Rows Removed by Filter: 2178778
Planning time: 1.134 ms
Execution time: 6685.156 ms
