Hash Join  (cost=422391.94..1278885.41 rows=32881 width=0) (actual time=13702.300..25865.413 rows=17944 loops=1)
  Hash Cond: (ci.movie_id = t.id)
  ->  Seq Scan on cast_info ci  (cost=0.00..796071.18 rows=16024931 width=4) (actual time=7175.379..17052.553 rows=15703068 loops=1)
        Filter: ((person_id < 3982943) AND (role_id > 2))
        Rows Removed by Filter: 20541276
  ->  Hash  (cost=422327.09..422327.09 rows=5188 width=8) (actual time=6524.492..6524.492 rows=1043 loops=1)
        Buckets: 8192  Batches: 1  Memory Usage: 105kB
        ->  Hash Join  (cost=74273.35..422327.09 rows=5188 width=8) (actual time=3360.738..6519.363 rows=1043 loops=1)
              Hash Cond: (mi.movie_id = t.id)
              ->  Seq Scan on movie_info mi  (cost=0.00..346232.03 rows=471955 width=4) (actual time=1996.562..5147.884 rows=543367 loops=1)
                    Filter: (info_type_id > 98)
                    Rows Removed by Filter: 14292353
              ->  Hash  (cost=73925.90..73925.90 rows=27796 width=4) (actual time=1268.794..1268.794 rows=29246 loops=1)
                    Buckets: 32768  Batches: 1  Memory Usage: 1285kB
                    ->  Seq Scan on title t  (cost=0.00..73925.90 rows=27796 width=4) (actual time=0.141..1255.372 rows=29246 loops=1)
                          Filter: ((kind_id > 2) AND (production_year = 1995))
                          Rows Removed by Filter: 2499066
Planning time: 2.872 ms
Execution time: 25869.550 ms
