Seq Scan on title t  (cost=0.00..73925.90 rows=41602 width=0) (actual time=929.062..1022.385 rows=1 loops=1)
  Filter: ((production_year < 1916) AND (kind_id = 7))
  Rows Removed by Filter: 2528311
Planning time: 0.352 ms
Execution time: 1022.504 ms
