Hash Join  (cost=102767.86..187496.36 rows=703235 width=0) (actual time=2351.032..3585.705 rows=488558 loops=1)
  Hash Cond: (mc.movie_id = t.id)
  ->  Seq Scan on movie_companies mc  (cost=0.00..57926.93 rows=703235 width=4) (actual time=491.908..1013.108 rows=488558 loops=1)
        Filter: ((company_id > 9798) AND (company_type_id < 2))
        Rows Removed by Filter: 2120571
  ->  Hash  (cost=61283.27..61283.27 rows=2528527 width=4) (actual time=1857.569..1857.569 rows=2528312 loops=1)
        Buckets: 131072  Batches: 64  Memory Usage: 2415kB
        ->  Seq Scan on title t  (cost=0.00..61283.27 rows=2528527 width=4) (actual time=0.027..1012.689 rows=2528312 loops=1)
Planning time: 0.678 ms
Execution time: 3633.381 ms
