Hash Join  (cost=69986.64..890739.38 rows=1025 width=0) (actual time=5012.860..15495.380 rows=34610 loops=1)
  Hash Cond: (ci.movie_id = t.id)
  ->  Seq Scan on cast_info ci  (cost=0.00..796071.18 rows=6579017 width=4) (actual time=4168.902..13052.476 rows=10173224 loops=1)
        Filter: ((person_id > 2698608) AND (role_id > 1))
        Rows Removed by Filter: 26071120
  ->  Hash  (cost=69981.71..69981.71 rows=394 width=8) (actual time=842.811..842.811 rows=816 loops=1)
        Buckets: 1024  Batches: 1  Memory Usage: 40kB
        ->  Nested Loop  (cost=0.43..69981.71 rows=394 width=8) (actual time=522.523..842.379 rows=816 loops=1)
              ->  Seq Scan on movie_companies mc  (cost=0.00..57926.93 rows=1493 width=4) (actual time=336.766..787.278 rows=3042 loops=1)
                    Filter: ((company_id = 531) AND (company_type_id = 1))
                    Rows Removed by Filter: 2606087
              ->  Index Scan using title_pkey on title t  (cost=0.43..8.06 rows=1 width=4) (actual time=0.017..0.017 rows=0 loops=3042)
                    Index Cond: (id = mc.movie_id)
                    Filter: (kind_id < 2)
                    Rows Removed by Filter: 1
Planning time: 1.167 ms
Execution time: 15501.679 ms
