Hash Join  (cost=107308.20..602467.67 rows=5963589 width=0) (actual time=3819.795..13233.652 rows=6148326 loops=1)
  Hash Cond: (mi.movie_id = t.id)
  ->  Seq Scan on movie_info mi  (cost=0.00..346232.03 rows=6231111 width=4) (actual time=1590.028..6059.544 rows=6223494 loops=1)
        Filter: (info_type_id > 8)
        Rows Removed by Filter: 8612226
  ->  Hash  (cost=67604.59..67604.59 rows=2419969 width=4) (actual time=2228.794..2228.794 rows=2413398 loops=1)
        Buckets: 131072  Batches: 32  Memory Usage: 3686kB
        ->  Seq Scan on title t  (cost=0.00..67604.59 rows=2419969 width=4) (actual time=0.030..1430.228 rows=2413398 loops=1)
              Filter: (production_year > 1912)
              Rows Removed by Filter: 114914
Planning time: 0.911 ms
Execution time: 13862.621 ms
