Seq Scan on cast_info ci  (cost=0.00..705507.15 rows=19402875 width=0) (actual time=0.036..12389.248 rows=19310574 loops=1)
  Filter: (person_id < 1931018)
  Rows Removed by Filter: 16933770
Planning time: 0.301 ms
Execution time: 14805.384 ms
