Hash Join  (cost=197749.66..1033136.78 rows=171655 width=0) (actual time=4149.883..17557.952 rows=150455 loops=1)
  Hash Cond: (ci.movie_id = t.id)
  ->  Seq Scan on cast_info ci  (cost=0.00..796071.18 rows=3205968 width=4) (actual time=97.691..12768.045 rows=1895145 loops=1)
        Filter: ((person_id < 919573) AND (role_id > 3))
        Rows Removed by Filter: 34349199
  ->  Hash  (cost=195528.36..195528.36 rows=135384 width=8) (actual time=4051.170..4051.170 rows=130480 loops=1)
        Buckets: 131072  Batches: 2  Memory Usage: 3558kB
        ->  Hash Join  (cost=69090.10..195528.36 rows=135384 width=8) (actual time=2049.054..4009.775 rows=130480 loops=1)
              Hash Cond: (mk.movie_id = t.id)
              ->  Seq Scan on movie_keyword mk  (cost=0.00..81003.12 rows=3781678 width=4) (actual time=0.035..1764.294 rows=3779173 loops=1)
                    Filter: (keyword_id > 678)
                    Rows Removed by Filter: 744757
              ->  Hash  (cost=67604.59..67604.59 rows=90521 width=4) (actual time=1077.802..1077.802 rows=90852 loops=1)
                    Buckets: 131072  Batches: 2  Memory Usage: 2632kB
                    ->  Seq Scan on title t  (cost=0.00..67604.59 rows=90521 width=4) (actual time=0.030..1042.700 rows=90852 loops=1)
                          Filter: (kind_id = 2)
                          Rows Removed by Filter: 2437460
Planning time: 1.128 ms
Execution time: 17577.207 ms
