Hash Join  (cost=175027.18..255035.84 rows=442225 width=0) (actual time=4153.923..6465.954 rows=1462812 loops=1)
  Hash Cond: (mc.movie_id = t.id)
  ->  Seq Scan on movie_companies mc  (cost=0.00..57926.93 rows=1216659 width=4) (actual time=422.224..1244.217 rows=1165662 loops=1)
        Filter: ((company_id > 19) AND (company_type_id < 2))
        Rows Removed by Filter: 1443467
  ->  Hash  (cost=159947.97..159947.97 rows=919057 width=8) (actual time=3730.791..3730.791 rows=920110 loops=1)
        Buckets: 131072  Batches: 16  Memory Usage: 3269kB
        ->  Hash Join  (cost=102767.86..159947.97 rows=919057 width=8) (actual time=1780.880..3469.315 rows=920110 loops=1)
              Hash Cond: (mi_idx.movie_id = t.id)
              ->  Seq Scan on movie_info_idx mi_idx  (cost=0.00..25185.44 rows=919057 width=4) (actual time=0.021..566.429 rows=920110 loops=1)
                    Filter: (info_type_id > 99)
                    Rows Removed by Filter: 459925
              ->  Hash  (cost=61283.27..61283.27 rows=2528527 width=4) (actual time=1778.326..1778.326 rows=2528312 loops=1)
                    Buckets: 131072  Batches: 64  Memory Usage: 2415kB
                    ->  Seq Scan on title t  (cost=0.00..61283.27 rows=2528527 width=4) (actual time=0.024..977.840 rows=2528312 loops=1)
Planning time: 6.436 ms
Execution time: 6650.613 ms
