Seq Scan on movie_keyword mk  (cost=0.00..81003.12 rows=1892867 width=0) (actual time=0.025..1316.526 rows=1897478 loops=1)
  Filter: (keyword_id > 7121)
  Rows Removed by Filter: 2626452
Planning time: 0.307 ms
Execution time: 1553.433 ms
