Hash Join  (cost=186660.99..1117476.86 rows=3579684 width=0) (actual time=8678.912..28842.005 rows=9030096 loops=1)
  Hash Cond: (ci.movie_id = t.id)
  ->  Seq Scan on cast_info ci  (cost=0.00..705507.15 rows=16201301 width=4) (actual time=5076.243..13456.827 rows=16121683 loops=1)
        Filter: (role_id > 2)
        Rows Removed by Filter: 20122661
  ->  Hash  (cost=177494.50..177494.50 rows=558679 width=8) (actual time=3601.601..3601.601 rows=555511 loops=1)
        Buckets: 131072  Batches: 8  Memory Usage: 3737kB
        ->  Hash Join  (cost=102767.86..177494.50 rows=558679 width=8) (actual time=1690.130..3442.240 rows=555511 loops=1)
              Hash Cond: (mc.movie_id = t.id)
              ->  Seq Scan on movie_companies mc  (cost=0.00..51404.11 rows=558679 width=4) (actual time=0.044..867.283 rows=555511 loops=1)
                    Filter: (company_id < 578)
                    Rows Removed by Filter: 2053618
              ->  Hash  (cost=61283.27..61283.27 rows=2528527 width=4) (actual time=1688.845..1688.845 rows=2528312 loops=1)
                    Buckets: 131072  Batches: 64  Memory Usage: 2415kB
                    ->  Seq Scan on title t  (cost=0.00..61283.27 rows=2528527 width=4) (actual time=0.026..875.056 rows=2528312 loops=1)
Planning time: 1.158 ms
Execution time: 29900.004 ms
