Seq Scan on movie_keyword mk  (cost=0.00..81003.12 rows=3017053 width=0) (actual time=0.023..1500.488 rows=3003185 loops=1)
  Filter: (keyword_id > 2200)
  Rows Removed by Filter: 1520745
Planning time: 0.320 ms
Execution time: 1894.774 ms
