Hash Join  (cost=102767.86..928143.61 rows=807297 width=0) (actual time=3149.403..14288.981 rows=897020 loops=1)
  Hash Cond: (ci.movie_id = t.id)
  ->  Seq Scan on cast_info ci  (cost=0.00..796071.18 rows=807297 width=4) (actual time=1187.587..11361.085 rows=897020 loops=1)
        Filter: ((person_id < 114312) AND (role_id < 4))
        Rows Removed by Filter: 35347324
  ->  Hash  (cost=61283.27..61283.27 rows=2528527 width=4) (actual time=1936.286..1936.286 rows=2528312 loops=1)
        Buckets: 131072  Batches: 64  Memory Usage: 2415kB
        ->  Seq Scan on title t  (cost=0.00..61283.27 rows=2528527 width=4) (actual time=0.013..1082.680 rows=2528312 loops=1)
Planning time: 0.736 ms
Execution time: 14378.058 ms
