Hash Join  (cost=155065.80..555062.55 rows=21 width=0) (actual time=2828.099..10849.282 rows=407 loops=1)
  Hash Cond: (mi.movie_id = t.id)
  ->  Seq Scan on movie_info mi  (cost=0.00..346232.03 rows=14337199 width=4) (actual time=0.021..6448.568 rows=14370084 loops=1)
        Filter: (info_type_id < 104)
        Rows Removed by Filter: 465636
  ->  Hash  (cost=155065.75..155065.75 rows=4 width=8) (actual time=2416.544..2416.544 rows=36 loops=1)
        Buckets: 1024  Batches: 1  Memory Usage: 10kB
        ->  Hash Join  (cost=73929.13..155065.75 rows=4 width=8) (actual time=1143.706..2416.419 rows=36 loops=1)
              Hash Cond: (mk.movie_id = t.id)
              ->  Seq Scan on movie_keyword mk  (cost=0.00..81003.12 rows=35588 width=4) (actual time=0.015..1271.195 rows=34710 loops=1)
                    Filter: (keyword_id = 2488)
                    Rows Removed by Filter: 4489220
              ->  Hash  (cost=73925.90..73925.90 rows=258 width=4) (actual time=1132.722..1132.722 rows=3378 loops=1)
                    Buckets: 4096 (originally 1024)  Batches: 1 (originally 1)  Memory Usage: 151kB
                    ->  Seq Scan on title t  (cost=0.00..73925.90 rows=258 width=4) (actual time=0.028..1130.894 rows=3378 loops=1)
                          Filter: ((kind_id < 7) AND (production_year > 2013))
                          Rows Removed by Filter: 2524934
Planning time: 1.091 ms
Execution time: 10849.685 ms
