Nested Loop  (cost=0.43..58358.39 rows=20 width=0) (actual time=0.886..776.603 rows=133 loops=1)
  ->  Seq Scan on movie_companies mc  (cost=0.00..57926.93 rows=51 width=4) (actual time=0.849..772.661 rows=133 loops=1)
        Filter: ((company_id = 14251) AND (company_type_id = 1))
        Rows Removed by Filter: 2608996
  ->  Index Scan using title_pkey on title t  (cost=0.43..8.45 rows=1 width=4) (actual time=0.027..0.028 rows=1 loops=133)
        Index Cond: (id = mc.movie_id)
        Filter: (kind_id < 7)
Planning time: 0.700 ms
Execution time: 776.760 ms
