Hash Join  (cost=80562.70..200961.98 rows=772251 width=0) (actual time=1439.652..4322.516 rows=465860 loops=1)
  Hash Cond: (mk.movie_id = t.id)
  ->  Seq Scan on movie_keyword mk  (cost=0.00..81003.12 rows=2472440 width=4) (actual time=0.021..1549.169 rows=2468276 loops=1)
        Filter: (keyword_id < 5946)
        Rows Removed by Filter: 2055654
  ->  Hash  (cost=67604.59..67604.59 rows=789769 width=4) (actual time=1438.129..1438.129 rows=784926 loops=1)
        Buckets: 131072  Batches: 16  Memory Usage: 2756kB
        ->  Seq Scan on title t  (cost=0.00..67604.59 rows=789769 width=4) (actual time=0.022..1170.871 rows=784926 loops=1)
              Filter: (production_year > 2007)
              Rows Removed by Filter: 1743386
Planning time: 0.638 ms
Execution time: 4379.316 ms
