Hash Join  (cost=74528.24..129691.00 rows=49723 width=0) (actual time=1042.179..2354.560 rows=62566 loops=1)
  Hash Cond: (mc.movie_id = t.id)
  ->  Seq Scan on movie_companies mc  (cost=0.00..44881.29 rows=2609129 width=4) (actual time=0.020..592.759 rows=2609129 loops=1)
  ->  Hash  (cost=73925.90..73925.90 rows=48187 width=4) (actual time=1041.647..1041.647 rows=42764 loops=1)
        Buckets: 65536  Batches: 1  Memory Usage: 2016kB
        ->  Seq Scan on title t  (cost=0.00..73925.90 rows=48187 width=4) (actual time=0.519..1023.057 rows=42764 loops=1)
              Filter: ((kind_id < 3) AND (production_year = 2011))
              Rows Removed by Filter: 2485548
Planning time: 0.688 ms
Execution time: 2364.151 ms
