Hash Join  (cost=89762.59..902975.06 rows=374912 width=0) (actual time=3339.015..14493.365 rows=794250 loops=1)
  Hash Cond: (ci.movie_id = t.id)
  ->  Seq Scan on cast_info ci  (cost=0.00..796071.18 rows=701913 width=4) (actual time=1657.221..11295.153 rows=1390287 loops=1)
        Filter: ((person_id < 190446) AND (role_id = 1))
        Rows Removed by Filter: 34854057
  ->  Hash  (cost=67604.59..67604.59 rows=1350560 width=4) (actual time=1680.733..1680.733 rows=1348293 loops=1)
        Buckets: 131072  Batches: 32  Memory Usage: 2505kB
        ->  Seq Scan on title t  (cost=0.00..67604.59 rows=1350560 width=4) (actual time=0.027..1250.927 rows=1348293 loops=1)
              Filter: (production_year < 2005)
              Rows Removed by Filter: 1180019
Planning time: 0.693 ms
Execution time: 14577.835 ms
