Seq Scan on cast_info ci  (cost=0.00..796071.18 rows=5997695 width=0) (actual time=0.040..12803.654 rows=3702903 loops=1)
  Filter: ((person_id < 1318918) AND (role_id > 2))
  Rows Removed by Filter: 32541441
Planning time: 0.310 ms
Execution time: 13269.274 ms
