Hash Join  (cost=74228.29..168745.86 rows=33621 width=0) (actual time=1289.527..3421.798 rows=7245 loops=1)
  Hash Cond: (mk.movie_id = t.id)
  ->  Seq Scan on movie_keyword mk  (cost=0.00..81003.12 rows=3514195 width=4) (actual time=0.026..1569.334 rows=3509826 loops=1)
        Filter: (keyword_id > 983)
        Rows Removed by Filter: 1014104
  ->  Hash  (cost=73925.90..73925.90 rows=24191 width=4) (actual time=1289.044..1289.044 rows=24602 loops=1)
        Buckets: 32768  Batches: 1  Memory Usage: 1121kB
        ->  Seq Scan on title t  (cost=0.00..73925.90 rows=24191 width=4) (actual time=324.758..1278.202 rows=24602 loops=1)
              Filter: ((kind_id = 7) AND (production_year = 1995))
              Rows Removed by Filter: 2503710
Planning time: 0.749 ms
Execution time: 3422.900 ms
