Hash Join  (cost=156209.36..285781.68 rows=629125 width=0) (actual time=3425.741..7108.598 rows=2722854 loops=1)
  Hash Cond: (mk.movie_id = t.id)
  ->  Seq Scan on movie_keyword mk  (cost=0.00..81003.12 rows=3502919 width=4) (actual time=0.026..1653.140 rows=3495574 loops=1)
        Filter: (keyword_id > 1002)
        Rows Removed by Filter: 1028356
  ->  Hash  (cost=148758.81..148758.81 rows=454124 width=8) (actual time=3424.833..3424.833 rows=459925 loops=1)
        Buckets: 131072  Batches: 8  Memory Usage: 3284kB
        ->  Hash Join  (cost=102767.86..148758.81 rows=454124 width=8) (actual time=1973.730..3277.531 rows=459925 loops=1)
              Hash Cond: (mi_idx.movie_id = t.id)
              ->  Seq Scan on movie_info_idx mi_idx  (cost=0.00..25185.44 rows=454124 width=4) (actual time=0.030..459.211 rows=459925 loops=1)
                    Filter: (info_type_id = 100)
                    Rows Removed by Filter: 920110
              ->  Hash  (cost=61283.27..61283.27 rows=2528527 width=4) (actual time=1972.502..1972.502 rows=2528312 loops=1)
                    Buckets: 131072  Batches: 64  Memory Usage: 2415kB
                    ->  Seq Scan on title t  (cost=0.00..61283.27 rows=2528527 width=4) (actual time=0.019..1147.158 rows=2528312 loops=1)
Planning time: 5.180 ms
Execution time: 7388.729 ms
