Seq Scan on title t  (cost=0.00..73925.90 rows=29861 width=0) (actual time=501.796..1094.963 rows=17772 loops=1)
  Filter: ((kind_id < 2) AND (production_year = 2007))
  Rows Removed by Filter: 2510540
Planning time: 0.317 ms
Execution time: 1097.779 ms
