Seq Scan on title t  (cost=0.00..73925.90 rows=213515 width=0) (actual time=0.020..1134.343 rows=341626 loops=1)
  Filter: ((production_year < 1995) AND (kind_id = 1))
  Rows Removed by Filter: 2186686
Planning time: 0.296 ms
Execution time: 1177.156 ms
