Hash Join  (cost=611505.40..2156169.76 rows=27690116 width=0) (actual time=17477.503..84756.132 rows=133652735 loops=1)
  Hash Cond: (ci.movie_id = t.id)
  ->  Seq Scan on cast_info ci  (cost=0.00..614943.12 rows=36225612 width=4) (actual time=0.020..13574.138 rows=36244344 loops=1)
  ->  Hash  (cost=579795.97..579795.97 rows=1932754 width=8) (actual time=17473.272..17473.272 rows=4977199 loops=1)
        Buckets: 131072 (originally 131072)  Batches: 128 (originally 32)  Memory Usage: 3073kB
        ->  Hash Join  (cost=79366.51..579795.97 rows=1932754 width=8) (actual time=1273.618..15566.830 rows=4977199 loops=1)
              Hash Cond: (mi.movie_id = t.id)
              ->  Seq Scan on movie_info mi  (cost=0.00..309384.22 rows=14739122 width=4) (actual time=0.029..5979.285 rows=14835720 loops=1)
              ->  Hash  (cost=73925.90..73925.90 rows=331568 width=4) (actual time=1272.737..1272.737 rows=445194 loops=1)
                    Buckets: 131072  Batches: 8  Memory Usage: 3000kB
                    ->  Seq Scan on title t  (cost=0.00..73925.90 rows=331568 width=4) (actual time=0.026..1126.892 rows=445194 loops=1)
                          Filter: ((kind_id < 7) AND (production_year < 1996))
                          Rows Removed by Filter: 2083118
Planning time: 1.127 ms
Execution time: 99203.214 ms
