Hash Join  (cost=134602.08..221338.08 rows=7797 width=0) (actual time=3019.389..4624.001 rows=6032 loops=1)
  Hash Cond: (mk.movie_id = t.id)
  ->  Seq Scan on movie_keyword mk  (cost=0.00..69693.30 rows=4523930 width=4) (actual time=0.022..1082.141 rows=4523930 loops=1)
  ->  Hash  (cost=134547.60..134547.60 rows=4358 width=8) (actual time=2723.638..2723.638 rows=4747 loops=1)
        Buckets: 8192  Batches: 1  Memory Usage: 250kB
        ->  Hash Join  (cost=73982.55..134547.60 rows=4358 width=8) (actual time=1227.446..2721.678 rows=4747 loops=1)
              Hash Cond: (mc.movie_id = t.id)
              ->  Seq Scan on movie_companies mc  (cost=0.00..51404.11 rows=2431294 width=4) (actual time=0.020..1056.030 rows=2428527 loops=1)
                    Filter: (company_id > 34)
                    Rows Removed by Filter: 180602
              ->  Hash  (cost=73925.90..73925.90 rows=4532 width=4) (actual time=1227.044..1227.044 rows=7895 loops=1)
                    Buckets: 8192  Batches: 1  Memory Usage: 342kB
                    ->  Seq Scan on title t  (cost=0.00..73925.90 rows=4532 width=4) (actual time=0.032..1223.153 rows=7895 loops=1)
                          Filter: ((kind_id = 7) AND (production_year = 1982))
                          Rows Removed by Filter: 2520417
Planning time: 1.111 ms
Execution time: 4624.848 ms
