Seq Scan on movie_keyword mk  (cost=0.00..81003.12 rows=2377253 width=0) (actual time=0.015..1566.087 rows=2369531 loops=1)
  Filter: (keyword_id > 4067)
  Rows Removed by Filter: 2154399
Planning time: 0.312 ms
Execution time: 1861.606 ms
