Hash Join  (cost=697128.29..2663378.71 rows=68729724 width=0) (actual time=17972.310..62789.900 rows=48025826 loops=1)
  Hash Cond: (ci.movie_id = t.id)
  ->  Seq Scan on cast_info ci  (cost=0.00..614943.12 rows=36225612 width=4) (actual time=0.030..14085.669 rows=36244344 loops=1)
  ->  Hash  (cost=618422.11..618422.11 rows=4797295 width=8) (actual time=17971.281..17971.281 rows=2382831 loops=1)
        Buckets: 131072  Batches: 64  Memory Usage: 2435kB
        ->  Hash Join  (cost=87428.23..618422.11 rows=4797295 width=8) (actual time=1660.683..17248.891 rows=2382831 loops=1)
              Hash Cond: (mi.movie_id = t.id)
              ->  Seq Scan on movie_info mi  (cost=0.00..309384.22 rows=14739122 width=4) (actual time=0.030..6362.907 rows=14835720 loops=1)
              ->  Hash  (cost=73925.90..73925.90 rows=822986 width=4) (actual time=1520.066..1520.066 rows=738761 loops=1)
                    Buckets: 131072  Batches: 16  Memory Usage: 2654kB
                    ->  Seq Scan on title t  (cost=0.00..73925.90 rows=822986 width=4) (actual time=0.018..1278.723 rows=738761 loops=1)
                          Filter: ((production_year < 2005) AND (kind_id = 7))
                          Rows Removed by Filter: 1789551
Planning time: 1.143 ms
Execution time: 68139.995 ms
