Seq Scan on cast_info ci  (cost=0.00..705507.15 rows=500 width=0) (actual time=9551.376..11107.613 rows=85 loops=1)
  Filter: (person_id = 271906)
  Rows Removed by Filter: 36244259
Planning time: 0.321 ms
Execution time: 11107.701 ms
