Hash Join  (cost=174343.05..251897.18 rows=513384 width=0) (actual time=4069.449..6374.128 rows=1417995 loops=1)
  Hash Cond: (mc.movie_id = t.id)
  ->  Seq Scan on movie_companies mc  (cost=0.00..51404.11 rows=1530981 width=4) (actual time=0.029..1145.869 rows=1535104 loops=1)
        Filter: (company_id > 6732)
        Rows Removed by Filter: 1074025
  ->  Hash  (cost=160431.41..160431.41 rows=847891 width=8) (actual time=4068.258..4068.258 rows=891829 loops=1)
        Buckets: 131072  Batches: 16  Memory Usage: 3202kB
        ->  Hash Join  (cost=105876.77..160431.41 rows=847891 width=8) (actual time=2210.547..3830.877 rows=891829 loops=1)
              Hash Cond: (mi_idx.movie_id = t.id)
              ->  Seq Scan on movie_info_idx mi_idx  (cost=0.00..25185.44 rows=919057 width=4) (actual time=0.022..584.549 rows=920110 loops=1)
                    Filter: (info_type_id > 99)
                    Rows Removed by Filter: 459925
              ->  Hash  (cost=67604.59..67604.59 rows=2332735 width=4) (actual time=2209.490..2209.490 rows=2325893 loops=1)
                    Buckets: 131072  Batches: 32  Memory Usage: 3582kB
                    ->  Seq Scan on title t  (cost=0.00..67604.59 rows=2332735 width=4) (actual time=0.024..1460.601 rows=2325893 loops=1)
                          Filter: (production_year > 1935)
                          Rows Removed by Filter: 202419
Planning time: 1.211 ms
Execution time: 6520.539 ms
