Hash Join  (cost=160823.02..544375.48 rows=47266 width=0) (actual time=3281.756..10466.669 rows=12544 loops=1)
  Hash Cond: (mi.movie_id = t.id)
  ->  Seq Scan on movie_info mi  (cost=0.00..309384.22 rows=14739122 width=4) (actual time=0.008..4533.286 rows=14835720 loops=1)
  ->  Hash  (cost=160721.67..160721.67 rows=8108 width=8) (actual time=3093.322..3093.322 rows=2227 loops=1)
        Buckets: 8192  Batches: 1  Memory Usage: 151kB
        ->  Hash Join  (cost=73982.55..160721.67 rows=8108 width=8) (actual time=1444.079..3092.424 rows=2227 loops=1)
              Hash Cond: (mk.movie_id = t.id)
              ->  Seq Scan on movie_keyword mk  (cost=0.00..69693.30 rows=4523930 width=4) (actual time=0.013..1070.042 rows=4523930 loops=1)
              ->  Hash  (cost=73925.90..73925.90 rows=4532 width=4) (actual time=1197.653..1197.653 rows=3662 loops=1)
                    Buckets: 8192  Batches: 1  Memory Usage: 193kB
                    ->  Seq Scan on title t  (cost=0.00..73925.90 rows=4532 width=4) (actual time=118.283..1195.554 rows=3662 loops=1)
                          Filter: ((kind_id = 7) AND (production_year = 1953))
                          Rows Removed by Filter: 2524650
Planning time: 0.774 ms
Execution time: 10468.602 ms
