Seq Scan on cast_info ci  (cost=0.00..796071.18 rows=5210875 width=0) (actual time=532.753..14928.273 rows=2555286 loops=1)
  Filter: ((person_id < 3361163) AND (role_id > 8))
  Rows Removed by Filter: 33689058
Planning time: 0.233 ms
Execution time: 15238.694 ms
