Hash Join  (cost=151098.83..534974.06 rows=163748 width=0) (actual time=4647.851..11570.716 rows=971286 loops=1)
  Hash Cond: (mi.movie_id = t.id)
  ->  Seq Scan on movie_info mi  (cost=0.00..346232.03 rows=3068194 width=4) (actual time=601.332..5527.017 rows=3036719 loops=1)
        Filter: (info_type_id = 16)
        Rows Removed by Filter: 11799001
  ->  Hash  (cost=148884.01..148884.01 rows=134946 width=8) (actual time=3429.371..3429.371 rows=316677 loops=1)
        Buckets: 131072 (originally 131072)  Batches: 8 (originally 2)  Memory Usage: 3073kB
        ->  Hash Join  (cost=88195.18..148884.01 rows=134946 width=8) (actual time=1968.871..3317.390 rows=316677 loops=1)
              Hash Cond: (mc.movie_id = t.id)
              ->  Seq Scan on movie_companies mc  (cost=0.00..51404.11 rows=392334 width=4) (actual time=0.393..901.510 rows=398021 loops=1)
                    Filter: (company_id > 82508)
                    Rows Removed by Filter: 2211108
              ->  Hash  (cost=73925.90..73925.90 rows=869702 width=4) (actual time=1967.446..1967.446 rows=896788 loops=1)
                    Buckets: 131072  Batches: 16  Memory Usage: 2998kB
                    ->  Seq Scan on title t  (cost=0.00..73925.90 rows=869702 width=4) (actual time=0.029..1282.308 rows=896788 loops=1)
                          Filter: ((kind_id < 7) AND (production_year < 2012))
                          Rows Removed by Filter: 1631524
Planning time: 1.703 ms
Execution time: 11677.068 ms
