Hash Join  (cost=102583.48..189254.22 rows=1270 width=0) (actual time=1891.770..3641.338 rows=29218 loops=1)
  Hash Cond: (mk.movie_id = t.id)
  ->  Seq Scan on movie_keyword mk  (cost=0.00..69693.30 rows=4523930 width=4) (actual time=0.016..951.120 rows=4523930 loops=1)
  ->  Hash  (cost=102574.61..102574.61 rows=710 width=8) (actual time=1889.667..1889.667 rows=2892 loops=1)
        Buckets: 4096 (originally 1024)  Batches: 1 (originally 1)  Memory Usage: 145kB
        ->  Hash Join  (cost=73950.44..102574.61 rows=710 width=8) (actual time=1211.483..1888.405 rows=2892 loops=1)
              Hash Cond: (mi_idx.movie_id = t.id)
              ->  Seq Scan on movie_info_idx mi_idx  (cost=0.00..25185.44 rows=915101 width=4) (actual time=0.020..529.050 rows=919850 loops=1)
                    Filter: (info_type_id < 101)
                    Rows Removed by Filter: 460185
              ->  Hash  (cost=73925.90..73925.90 rows=1963 width=4) (actual time=1211.242..1211.242 rows=3692 loops=1)
                    Buckets: 4096 (originally 2048)  Batches: 1 (originally 1)  Memory Usage: 162kB
                    ->  Seq Scan on title t  (cost=0.00..73925.90 rows=1963 width=4) (actual time=1.938..1209.444 rows=3692 loops=1)
                          Filter: ((kind_id = 1) AND (production_year = 1964))
                          Rows Removed by Filter: 2524620
Planning time: 1.180 ms
Execution time: 3645.267 ms
