Hash Join  (cost=73994.33..164830.21 rows=5644 width=0) (actual time=606.161..2038.270 rows=4418 loops=1)
  Hash Cond: (mk.movie_id = t.id)
  ->  Seq Scan on movie_keyword mk  (cost=0.00..81003.12 rows=2607017 width=4) (actual time=0.028..1103.401 rows=2590483 loops=1)
        Filter: (keyword_id > 3322)
        Rows Removed by Filter: 1933447
  ->  Hash  (cost=73925.90..73925.90 rows=5474 width=4) (actual time=604.938..604.938 rows=10548 loops=1)
        Buckets: 16384 (originally 8192)  Batches: 1 (originally 1)  Memory Usage: 499kB
        ->  Seq Scan on title t  (cost=0.00..73925.90 rows=5474 width=4) (actual time=0.046..601.074 rows=10548 loops=1)
              Filter: ((kind_id > 1) AND (production_year = 1967))
              Rows Removed by Filter: 2517764
Planning time: 0.711 ms
Execution time: 2038.994 ms
