Hash Join  (cost=100908.38..187594.80 rows=2838 width=0) (actual time=1799.071..3410.137 rows=4454 loops=1)
  Hash Cond: (mk.movie_id = t.id)
  ->  Seq Scan on movie_keyword mk  (cost=0.00..69693.30 rows=4523930 width=4) (actual time=0.022..844.979 rows=4523930 loops=1)
  ->  Hash  (cost=100888.56..100888.56 rows=1586 width=8) (actual time=1772.897..1772.897 rows=754 loops=1)
        Buckets: 2048  Batches: 1  Memory Usage: 46kB
        ->  Hash Join  (cost=73962.22..100888.56 rows=1586 width=8) (actual time=1111.761..1772.516 rows=754 loops=1)
              Hash Cond: (mi_idx.movie_id = t.id)
              ->  Seq Scan on movie_info_idx mi_idx  (cost=0.00..21735.35 rows=1380035 width=4) (actual time=0.008..371.481 rows=1380035 loops=1)
              ->  Hash  (cost=73925.90..73925.90 rows=2905 width=4) (actual time=1111.399..1111.399 rows=3627 loops=1)
                    Buckets: 4096  Batches: 1  Memory Usage: 160kB
                    ->  Seq Scan on title t  (cost=0.00..73925.90 rows=2905 width=4) (actual time=564.997..1109.626 rows=3627 loops=1)
                          Filter: ((kind_id < 7) AND (production_year = 1921))
                          Rows Removed by Filter: 2524685
Planning time: 2.562 ms
Execution time: 3410.916 ms
