Seq Scan on cast_info ci  (cost=0.00..705507.15 rows=19567414 width=0) (actual time=0.022..12209.828 rows=19470758 loops=1)
  Filter: (person_id < 1949084)
  Rows Removed by Filter: 16773586
Planning time: 0.205 ms
Execution time: 14530.701 ms
