Hash Join  (cost=79462.84..503072.36 rows=786991 width=0) (actual time=3831.302..10114.637 rows=344334 loops=1)
  Hash Cond: (mi.movie_id = t.id)
  ->  Seq Scan on movie_info mi  (cost=0.00..346232.03 rows=5897221 width=4) (actual time=2566.883..6244.666 rows=5884963 loops=1)
        Filter: (info_type_id < 7)
        Rows Removed by Filter: 8950757
  ->  Hash  (cost=73925.90..73925.90 rows=337435 width=4) (actual time=1249.365..1249.365 rows=225506 loops=1)
        Buckets: 131072  Batches: 8  Memory Usage: 2010kB
        ->  Seq Scan on title t  (cost=0.00..73925.90 rows=337435 width=4) (actual time=0.040..1169.806 rows=225506 loops=1)
              Filter: ((production_year < 1983) AND (kind_id = 7))
              Rows Removed by Filter: 2302806
Planning time: 0.728 ms
Execution time: 10154.454 ms
