Seq Scan on movie_companies mc  (cost=0.00..57926.93 rows=662375 width=0) (actual time=5.577..1060.617 rows=431795 loops=1)
  Filter: ((company_id > 11151) AND (company_type_id < 2))
  Rows Removed by Filter: 2177334
Planning time: 2.223 ms
Execution time: 1116.904 ms
