Nested Loop  (cost=0.43..797555.70 rows=176 width=0) (actual time=2062.842..10128.809 rows=1 loops=1)
  ->  Seq Scan on cast_info ci  (cost=0.00..796071.18 rows=176 width=4) (actual time=2062.678..10128.639 rows=1 loops=1)
        Filter: ((person_id = 916480) AND (role_id = 1))
        Rows Removed by Filter: 36244343
  ->  Index Only Scan using title_pkey on title t  (cost=0.43..8.42 rows=1 width=4) (actual time=0.097..0.098 rows=1 loops=1)
        Index Cond: (id = ci.movie_id)
        Heap Fetches: 1
Planning time: 0.672 ms
Execution time: 10128.889 ms
