Hash Join  (cost=82955.72..968488.04 rows=1383256 width=0) (actual time=1530.873..24880.979 rows=2840587 loops=1)
  Hash Cond: (ci.movie_id = t.id)
  ->  Seq Scan on cast_info ci  (cost=0.00..796071.18 rows=6354823 width=4) (actual time=0.014..15874.189 rows=12670688 loops=1)
        Filter: ((person_id < 1780344) AND (role_id < 2))
        Rows Removed by Filter: 23573656
  ->  Hash  (cost=73925.90..73925.90 rows=550385 width=4) (actual time=1529.975..1529.975 rows=602403 loops=1)
        Buckets: 131072  Batches: 8  Memory Usage: 3672kB
        ->  Seq Scan on title t  (cost=0.00..73925.90 rows=550385 width=4) (actual time=0.019..1331.356 rows=602403 loops=1)
              Filter: ((production_year > 2006) AND (kind_id = 7))
              Rows Removed by Filter: 1925909
Planning time: 0.657 ms
Execution time: 25232.226 ms
