Seq Scan on title t  (cost=0.00..67604.59 rows=7437 width=0) (actual time=0.015..961.824 rows=13994 loops=1)
  Filter: (production_year = 1976)
  Rows Removed by Filter: 2514318
Planning time: 0.390 ms
Execution time: 965.071 ms
