Seq Scan on movie_companies mc  (cost=0.00..51404.11 rows=1781400 width=0) (actual time=0.047..1001.576 rows=1772614 loops=1)
  Filter: (company_id < 26605)
  Rows Removed by Filter: 836515
Planning time: 0.301 ms
Execution time: 1229.544 ms
