Hash Join  (cost=190230.21..276587.04 rows=947892 width=0) (actual time=5016.142..7859.869 rows=2841466 loops=1)
  Hash Cond: (mc.movie_id = t.id)
  ->  Seq Scan on movie_companies mc  (cost=0.00..51404.11 rows=1736746 width=4) (actual time=0.022..1101.010 rows=1729415 loops=1)
        Filter: (company_id < 22939)
        Rows Removed by Filter: 879714
  ->  Hash  (cost=167588.78..167588.78 rows=1380035 width=8) (actual time=5015.208..5015.208 rows=1380035 loops=1)
        Buckets: 131072  Batches: 32  Memory Usage: 2708kB
        ->  Hash Join  (cost=102767.86..167588.78 rows=1380035 width=8) (actual time=2692.422..4607.141 rows=1380035 loops=1)
              Hash Cond: (mi_idx.movie_id = t.id)
              ->  Seq Scan on movie_info_idx mi_idx  (cost=0.00..21735.35 rows=1380035 width=4) (actual time=0.012..407.318 rows=1380035 loops=1)
              ->  Hash  (cost=61283.27..61283.27 rows=2528527 width=4) (actual time=2691.507..2691.507 rows=2528312 loops=1)
                    Buckets: 131072  Batches: 64  Memory Usage: 2415kB
                    ->  Seq Scan on title t  (cost=0.00..61283.27 rows=2528527 width=4) (actual time=0.008..997.417 rows=2528312 loops=1)
Planning time: 1.124 ms
Execution time: 8181.146 ms
