Hash Join  (cost=221397.21..743847.15 rows=3996501 width=0) (actual time=4604.192..25327.964 rows=37744897 loops=1)
  Hash Cond: (mi.movie_id = t.id)
  ->  Seq Scan on movie_info mi  (cost=0.00..309384.22 rows=14739122 width=4) (actual time=0.020..6095.624 rows=14835720 loops=1)
  ->  Hash  (cost=210148.11..210148.11 rows=685608 width=8) (actual time=4603.130..4603.130 rows=691313 loops=1)
        Buckets: 131072  Batches: 16  Memory Usage: 2824kB
        ->  Hash Join  (cost=102767.86..210148.11 rows=685608 width=8) (actual time=2087.462..4421.858 rows=691313 loops=1)
              Hash Cond: (mk.movie_id = t.id)
              ->  Seq Scan on movie_keyword mk  (cost=0.00..81003.12 rows=685608 width=4) (actual time=12.861..1440.022 rows=691313 loops=1)
                    Filter: (keyword_id > 27243)
                    Rows Removed by Filter: 3832617
              ->  Hash  (cost=61283.27..61283.27 rows=2528527 width=4) (actual time=2072.988..2072.988 rows=2528312 loops=1)
                    Buckets: 131072  Batches: 64  Memory Usage: 2425kB
                    ->  Seq Scan on title t  (cost=0.00..61283.27 rows=2528527 width=4) (actual time=0.019..1214.430 rows=2528312 loops=1)
Planning time: 3.890 ms
Execution time: 29200.090 ms
