Hash Join  (cost=171645.95..315383.58 rows=1515178 width=0) (actual time=4516.158..9201.537 rows=2429379 loops=1)
  Hash Cond: (mk.movie_id = t.id)
  ->  Seq Scan on movie_keyword mk  (cost=0.00..81003.12 rows=3771926 width=4) (actual time=0.014..1672.506 rows=3764217 loops=1)
        Filter: (keyword_id < 24674)
        Rows Removed by Filter: 759713
  ->  Hash  (cost=154981.62..154981.62 rows=1015706 width=8) (actual time=4515.287..4515.287 rows=750135 loops=1)
        Buckets: 131072  Batches: 16  Memory Usage: 2873kB
        ->  Hash Join  (cost=98137.04..154981.62 rows=1015706 width=8) (actual time=2206.171..4284.659 rows=750135 loops=1)
              Hash Cond: (mi_idx.movie_id = t.id)
              ->  Seq Scan on movie_info_idx mi_idx  (cost=0.00..21735.35 rows=1380035 width=4) (actual time=0.011..434.113 rows=1380035 loops=1)
              ->  Hash  (cost=67604.59..67604.59 rows=1860996 width=4) (actual time=2204.557..2204.557 rows=1865487 loops=1)
                    Buckets: 131072  Batches: 32  Memory Usage: 3079kB
                    ->  Seq Scan on title t  (cost=0.00..67604.59 rows=1860996 width=4) (actual time=0.024..1279.713 rows=1865487 loops=1)
                          Filter: (kind_id > 1)
                          Rows Removed by Filter: 662825
Planning time: 1.136 ms
Execution time: 9471.394 ms
