Hash Join  (cost=202332.56..1092944.48 rows=1935758 width=0) (actual time=8620.342..29422.004 rows=8022959 loops=1)
  Hash Cond: (ci.movie_id = t.id)
  ->  Seq Scan on cast_info ci  (cost=0.00..796071.18 rows=6237111 width=4) (actual time=3686.188..14089.960 rows=12670688 loops=1)
        Filter: ((person_id < 1742825) AND (role_id = 1))
        Rows Removed by Filter: 23573656
  ->  Hash  (cost=189457.09..189457.09 rows=784757 width=8) (actual time=4933.226..4933.226 rows=1002554 loops=1)
        Buckets: 131072  Batches: 16  Memory Usage: 3472kB
        ->  Hash Join  (cost=102767.86..189457.09 rows=784757 width=8) (actual time=1853.826..4604.443 rows=1002554 loops=1)
              Hash Cond: (mc.movie_id = t.id)
              ->  Seq Scan on movie_companies mc  (cost=0.00..57926.93 rows=784757 width=4) (actual time=0.033..1060.054 rows=1002554 loops=1)
                    Filter: ((company_id > 6467) AND (company_type_id > 1))
                    Rows Removed by Filter: 1606575
              ->  Hash  (cost=61283.27..61283.27 rows=2528527 width=4) (actual time=1850.112..1850.112 rows=2528312 loops=1)
                    Buckets: 131072  Batches: 64  Memory Usage: 2415kB
                    ->  Seq Scan on title t  (cost=0.00..61283.27 rows=2528527 width=4) (actual time=0.019..1037.878 rows=2528312 loops=1)
Planning time: 1.150 ms
Execution time: 30426.224 ms
