Seq Scan on cast_info ci  (cost=0.00..796071.18 rows=3602011 width=0) (actual time=0.040..14693.911 rows=1657472 loops=1)
  Filter: ((person_id < 3040236) AND (role_id = 10))
  Rows Removed by Filter: 34586872
Planning time: 0.406 ms
Execution time: 14873.747 ms
