Seq Scan on movie_keyword mk  (cost=0.00..81003.12 rows=1644666 width=0) (actual time=0.019..1411.296 rows=1655474 loops=1)
  Filter: (keyword_id < 2529)
  Rows Removed by Filter: 2868456
Planning time: 0.231 ms
Execution time: 1630.796 ms
