Hash Join  (cost=160465.27..525465.47 rows=34424 width=0) (actual time=1750.720..8749.749 rows=17499 loops=1)
  Hash Cond: (mi.movie_id = t.id)
  ->  Seq Scan on movie_info mi  (cost=0.00..309384.22 rows=14739122 width=4) (actual time=0.012..4313.969 rows=14835720 loops=1)
  ->  Hash  (cost=160391.45..160391.45 rows=5906 width=8) (actual time=1750.507..1750.507 rows=2445 loops=1)
        Buckets: 8192  Batches: 1  Memory Usage: 160kB
        ->  Nested Loop  (cost=0.43..160391.45 rows=5906 width=8) (actual time=1363.923..1749.161 rows=2445 loops=1)
              ->  Seq Scan on movie_keyword mk  (cost=0.00..81003.12 rows=12818 width=4) (actual time=0.038..1358.332 rows=12645 loops=1)
                    Filter: (keyword_id = 245)
                    Rows Removed by Filter: 4511285
              ->  Index Scan using title_pkey on title t  (cost=0.43..6.18 rows=1 width=4) (actual time=0.030..0.030 rows=0 loops=12645)
                    Index Cond: (id = mk.movie_id)
                    Filter: ((production_year > 1982) AND (kind_id = 7))
                    Rows Removed by Filter: 1
Planning time: 1.705 ms
Execution time: 8752.810 ms
