Hash Join  (cost=217687.87..303535.90 rows=783251 width=0) (actual time=4497.803..6458.699 rows=493106 loops=1)
  Hash Cond: (mc.movie_id = t.id)
  ->  Seq Scan on movie_companies mc  (cost=0.00..44881.29 rows=2609129 width=4) (actual time=0.018..875.075 rows=2609129 loops=1)
  ->  Hash  (cost=205233.68..205233.68 rows=759055 width=8) (actual time=4375.405..4375.405 rows=208838 loops=1)
        Buckets: 131072  Batches: 16  Memory Usage: 1560kB
        ->  Hash Join  (cost=93038.76..205233.68 rows=759055 width=8) (actual time=3218.708..4313.876 rows=208838 loops=1)
              Hash Cond: (mk.movie_id = t.id)
              ->  Seq Scan on movie_keyword mk  (cost=0.00..81003.12 rows=1647533 width=4) (actual time=0.019..1553.743 rows=1652780 loops=1)
                    Filter: (keyword_id > 8845)
                    Rows Removed by Filter: 2871150
              ->  Hash  (cost=73925.90..73925.90 rows=1164948 width=4) (actual time=1793.521..1793.521 rows=1252934 loops=1)
                    Buckets: 131072  Batches: 16  Memory Usage: 3794kB
                    ->  Seq Scan on title t  (cost=0.00..73925.90 rows=1164948 width=4) (actual time=0.024..1393.806 rows=1252934 loops=1)
                          Filter: ((production_year > 1982) AND (kind_id = 7))
                          Rows Removed by Filter: 1275378
Planning time: 1.127 ms
Execution time: 6508.808 ms
