Seq Scan on cast_info ci  (cost=0.00..705507.15 rows=5603183 width=0) (actual time=680.522..11192.186 rows=5527686 loops=1)
  Filter: (person_id < 533542)
  Rows Removed by Filter: 30716658
Planning time: 0.243 ms
Execution time: 11894.533 ms
