Nested Loop  (cost=66632.74..154944.72 rows=823 width=0) (actual time=990.212..2343.555 rows=5598 loops=1)
  ->  Hash Join  (cost=66632.31..151499.12 rows=4325 width=8) (actual time=990.130..2266.681 rows=5598 loops=1)
        Hash Cond: (mk.movie_id = mc.movie_id)
        ->  Seq Scan on movie_keyword mk  (cost=0.00..81003.12 rows=3921 width=4) (actual time=0.555..1240.303 rows=3163 loops=1)
              Filter: (keyword_id = 1060)
              Rows Removed by Filter: 4520767
        ->  Hash  (cost=57926.93..57926.93 rows=530590 width=4) (actual time=984.235..984.235 rows=245366 loops=1)
              Buckets: 131072  Batches: 8  Memory Usage: 2122kB
              ->  Seq Scan on movie_companies mc  (cost=0.00..57926.93 rows=530590 width=4) (actual time=0.031..762.567 rows=245366 loops=1)
                    Filter: ((company_id > 14144) AND (company_type_id = 1))
                    Rows Removed by Filter: 2363763
  ->  Index Only Scan using title_pkey on title t  (cost=0.43..0.79 rows=1 width=4) (actual time=0.013..0.013 rows=1 loops=5598)
        Index Cond: (id = mc.movie_id)
        Heap Fetches: 5598
Planning time: 1.152 ms
Execution time: 2344.762 ms
