Hash Join  (cost=198183.05..1079062.47 rows=1142999 width=0) (actual time=11297.565..24225.247 rows=3553990 loops=1)
  Hash Cond: (ci.movie_id = t.id)
  ->  Seq Scan on cast_info ci  (cost=0.00..705507.15 rows=12726058 width=4) (actual time=7446.357..14015.248 rows=12670688 loops=1)
        Filter: (role_id = 1)
        Rows Removed by Filter: 23573656
  ->  Hash  (cost=194456.28..194456.28 rows=227101 width=8) (actual time=3850.324..3850.324 rows=202128 loops=1)
        Buckets: 131072  Batches: 4  Memory Usage: 2980kB
        ->  Hash Join  (cost=69687.24..194456.28 rows=227101 width=8) (actual time=1017.084..3785.787 rows=202128 loops=1)
              Hash Cond: (mk.movie_id = t.id)
              ->  Seq Scan on movie_keyword mk  (cost=0.00..69693.30 rows=4523930 width=4) (actual time=0.025..1372.589 rows=4523930 loops=1)
              ->  Hash  (cost=67604.59..67604.59 rows=126932 width=4) (actual time=1015.732..1015.732 rows=122861 loops=1)
                    Buckets: 131072  Batches: 2  Memory Usage: 3197kB
                    ->  Seq Scan on title t  (cost=0.00..67604.59 rows=126932 width=4) (actual time=0.026..967.572 rows=122861 loops=1)
                          Filter: (production_year = 2008)
                          Rows Removed by Filter: 2405451
Planning time: 1.134 ms
Execution time: 24641.543 ms
