Hash Join  (cost=73994.33..167414.60 rows=7127 width=0) (actual time=1294.047..3354.839 rows=16610 loops=1)
  Hash Cond: (mk.movie_id = t.id)
  ->  Seq Scan on movie_keyword mk  (cost=0.00..81003.12 rows=3292233 width=4) (actual time=0.024..1538.635 rows=3279499 loops=1)
        Filter: (keyword_id > 1581)
        Rows Removed by Filter: 1244431
  ->  Hash  (cost=73925.90..73925.90 rows=5474 width=4) (actual time=1292.288..1292.288 rows=17579 loops=1)
        Buckets: 32768 (originally 8192)  Batches: 1 (originally 1)  Memory Usage: 875kB
        ->  Seq Scan on title t  (cost=0.00..73925.90 rows=5474 width=4) (actual time=0.026..1283.957 rows=17579 loops=1)
              Filter: ((kind_id > 1) AND (production_year = 1990))
              Rows Removed by Filter: 2510733
Planning time: 0.712 ms
Execution time: 3357.229 ms
