Seq Scan on movie_companies mc  (cost=0.00..57926.93 rows=232621 width=0) (actual time=0.025..863.887 rows=459841 loops=1)
  Filter: ((company_id > 76613) AND (company_type_id = 2))
  Rows Removed by Filter: 2149288
Planning time: 0.407 ms
Execution time: 920.196 ms
