Seq Scan on cast_info ci  (cost=0.00..705507.15 rows=8271257 width=0) (actual time=875.715..11739.739 rows=8161567 loops=1)
  Filter: (person_id < 797843)
  Rows Removed by Filter: 28082777
Planning time: 0.400 ms
Execution time: 12767.281 ms
