Hash Join  (cost=104131.46..209340.83 rows=1837305 width=0) (actual time=2840.278..5874.012 rows=1949239 loops=1)
  Hash Cond: (mc.movie_id = t.id)
  ->  Seq Scan on movie_companies mc  (cost=0.00..51404.11 rows=2086640 width=4) (actual time=0.015..1081.617 rows=2081865 loops=1)
        Filter: (company_id < 72914)
        Rows Removed by Filter: 527264
  ->  Hash  (cost=67604.59..67604.59 rows=2226390 width=4) (actual time=2839.444..2839.444 rows=2224569 loops=1)
        Buckets: 131072  Batches: 32  Memory Usage: 3463kB
        ->  Seq Scan on title t  (cost=0.00..67604.59 rows=2226390 width=4) (actual time=0.015..1424.736 rows=2224569 loops=1)
              Filter: (production_year < 2012)
              Rows Removed by Filter: 303743
Planning time: 0.748 ms
Execution time: 6095.670 ms
