Hash Join  (cost=149440.32..274370.59 rows=240323 width=0) (actual time=2974.157..6177.441 rows=1265901 loops=1)
  Hash Cond: (mk.movie_id = t.id)
  ->  Seq Scan on movie_keyword mk  (cost=0.00..69693.30 rows=4523930 width=4) (actual time=0.021..1350.519 rows=4523930 loops=1)
  ->  Hash  (cost=147236.29..147236.29 rows=134322 width=8) (actual time=2973.337..2973.337 rows=191754 loops=1)
        Buckets: 131072 (originally 131072)  Batches: 4 (originally 2)  Memory Usage: 3073kB
        ->  Hash Join  (cost=78116.92..147236.29 rows=134322 width=8) (actual time=1195.187..2906.264 rows=191754 loops=1)
              Hash Cond: (mc.movie_id = t.id)
              ->  Seq Scan on movie_companies mc  (cost=0.00..51404.11 rows=1329612 width=4) (actual time=0.022..1071.070 rows=1334883 loops=1)
                    Filter: (company_type_id > 1)
                    Rows Removed by Filter: 1274246
              ->  Hash  (cost=73925.90..73925.90 rows=255441 width=4) (actual time=1194.338..1194.338 rows=226037 loops=1)
                    Buckets: 131072  Batches: 4  Memory Usage: 3015kB
                    ->  Seq Scan on title t  (cost=0.00..73925.90 rows=255441 width=4) (actual time=0.026..1127.263 rows=226037 loops=1)
                          Filter: ((kind_id < 6) AND (production_year > 2008))
                          Rows Removed by Filter: 2302275
Planning time: 1.164 ms
Execution time: 6314.337 ms
