Hash Join  (cost=181942.74..960681.68 rows=2947601 width=219) (actual time=4661.089..26973.864 rows=10082234 loops=1)
  Hash Cond: (mi.movie_id = t.id)
  ->  Seq Scan on movie_info mi  (cost=0.00..309384.22 rows=14739122 width=75) (actual time=0.013..7017.879 rows=14835720 loops=1)
  ->  Hash  (cost=165250.90..165250.90 rows=505667 width=144) (actual time=4659.697..4659.697 rows=621085 loops=1)
        Buckets: 32768  Batches: 32  Memory Usage: 2848kB
        ->  Hash Join  (cost=92757.75..165250.90 rows=505667 width=144) (actual time=2535.852..4249.030 rows=621085 loops=1)
              Hash Cond: (mi_idx.movie_id = t.id)
              ->  Seq Scan on movie_info_idx mi_idx  (cost=0.00..21735.35 rows=1380035 width=50) (actual time=0.006..387.304 rows=1380035 loops=1)
              ->  Hash  (cost=67604.59..67604.59 rows=926493 width=94) (actual time=2535.308..2535.308 rows=924605 loops=1)
                    Buckets: 32768  Batches: 32  Memory Usage: 3502kB
                    ->  Seq Scan on title t  (cost=0.00..67604.59 rows=926493 width=94) (actual time=0.019..1470.945 rows=924605 loops=1)
                          Filter: (production_year < 1998)
                          Rows Removed by Filter: 1603707
Planning time: 1.467 ms
Execution time: 27541.760 ms
