Hash Join  (cost=222096.53..1443268.32 rows=18239462 width=0) (actual time=5093.902..46205.759 rows=29901154 loops=1)
  Hash Cond: (ci.movie_id = t.id)
  ->  Seq Scan on cast_info ci  (cost=0.00..614943.12 rows=36225612 width=4) (actual time=0.013..12995.038 rows=36244344 loops=1)
  ->  Hash  (cost=201208.73..201208.73 rows=1273104 width=8) (actual time=5092.673..5092.673 rows=1223800 loops=1)
        Buckets: 131072  Batches: 32  Memory Usage: 2503kB
        ->  Hash Join  (cost=102767.86..201208.73 rows=1273104 width=8) (actual time=2571.617..4728.600 rows=1223800 loops=1)
              Hash Cond: (mc.movie_id = t.id)
              ->  Seq Scan on movie_companies mc  (cost=0.00..57926.93 rows=1273104 width=4) (actual time=527.155..1246.944 rows=1223800 loops=1)
                    Filter: ((company_id < 151283) AND (company_type_id = 2))
                    Rows Removed by Filter: 1385329
              ->  Hash  (cost=61283.27..61283.27 rows=2528527 width=4) (actual time=2043.088..2043.088 rows=2528312 loops=1)
                    Buckets: 131072  Batches: 64  Memory Usage: 2415kB
                    ->  Seq Scan on title t  (cost=0.00..61283.27 rows=2528527 width=4) (actual time=0.007..1208.538 rows=2528312 loops=1)
Planning time: 0.789 ms
Execution time: 49592.249 ms
