Seq Scan on cast_info ci  (cost=0.00..796071.18 rows=26479715 width=0) (actual time=321.680..17356.681 rows=26192467 loops=1)
  Filter: ((person_id > 441854) AND (role_id < 9))
  Rows Removed by Filter: 10051877
Planning time: 0.248 ms
Execution time: 20567.829 ms
