Seq Scan on movie_keyword mk  (cost=0.00..81003.12 rows=552650 width=0) (actual time=0.026..1435.859 rows=551723 loops=1)
  Filter: (keyword_id < 395)
  Rows Removed by Filter: 3972207
Planning time: 0.298 ms
Execution time: 1505.756 ms
