Seq Scan on cast_info ci  (cost=0.00..796071.18 rows=4950716 width=0) (actual time=0.020..11032.415 rows=2152954 loops=1)
  Filter: ((person_id > 3014443) AND (role_id < 7))
  Rows Removed by Filter: 34091390
Planning time: 0.236 ms
Execution time: 11286.619 ms
