Seq Scan on movie_keyword mk  (cost=0.00..81003.12 rows=2946665 width=0) (actual time=0.025..1520.406 rows=2937490 loops=1)
  Filter: (keyword_id > 2418)
  Rows Removed by Filter: 1586440
Planning time: 0.315 ms
Execution time: 1887.687 ms
