Seq Scan on cast_info ci  (cost=0.00..705507.15 rows=23368770 width=0) (actual time=0.020..12929.521 rows=23269992 loops=1)
  Filter: (person_id < 2379632)
  Rows Removed by Filter: 12974352
Planning time: 0.302 ms
Execution time: 15826.848 ms
