Seq Scan on cast_info ci  (cost=0.00..705507.15 rows=500 width=0) (actual time=2505.658..10660.054 rows=61 loops=1)
  Filter: (person_id = 1422610)
  Rows Removed by Filter: 36244283
Planning time: 0.415 ms
Execution time: 10660.174 ms
