Hash Join  (cost=469762.26..601302.59 rows=782829 width=0) (actual time=8220.923..16738.587 rows=25271012 loops=1)
  Hash Cond: (mk.movie_id = t.id)
  ->  Seq Scan on movie_keyword mk  (cost=0.00..69693.30 rows=4523930 width=4) (actual time=0.015..1471.640 rows=4523930 loops=1)
  ->  Hash  (cost=462583.00..462583.00 rows=437541 width=8) (actual time=8219.721..8219.721 rows=520558 loops=1)
        Buckets: 131072  Batches: 8  Memory Usage: 3624kB
        ->  Hash Join  (cost=97066.09..462583.00 rows=437541 width=8) (actual time=4540.590..8066.905 rows=520558 loops=1)
              Hash Cond: (mi.movie_id = t.id)
              ->  Seq Scan on movie_info mi  (cost=0.00..346232.03 rows=616095 width=4) (actual time=2515.434..5377.769 rows=598457 loops=1)
                    Filter: (info_type_id = 15)
                    Rows Removed by Filter: 14237263
              ->  Hash  (cost=67604.59..67604.59 rows=1795720 width=4) (actual time=1939.281..1939.281 rows=1794153 loops=1)
                    Buckets: 131072  Batches: 32  Memory Usage: 3001kB
                    ->  Seq Scan on title t  (cost=0.00..67604.59 rows=1795720 width=4) (actual time=0.033..1311.785 rows=1794153 loops=1)
                          Filter: (production_year < 2009)
                          Rows Removed by Filter: 734159
Planning time: 1.155 ms
Execution time: 19480.471 ms
