Hash Join  (cost=102767.86..208536.32 rows=618667 width=0) (actual time=2406.751..4640.605 rows=617884 loops=1)
  Hash Cond: (mk.movie_id = t.id)
  ->  Seq Scan on movie_keyword mk  (cost=0.00..81003.12 rows=618667 width=4) (actual time=0.027..1354.799 rows=617884 loops=1)
        Filter: (keyword_id > 29517)
        Rows Removed by Filter: 3906046
  ->  Hash  (cost=61283.27..61283.27 rows=2528527 width=4) (actual time=2405.917..2405.917 rows=2528312 loops=1)
        Buckets: 131072  Batches: 64  Memory Usage: 2425kB
        ->  Seq Scan on title t  (cost=0.00..61283.27 rows=2528527 width=4) (actual time=0.011..1082.204 rows=2528312 loops=1)
Planning time: 0.714 ms
Execution time: 4712.622 ms
