Seq Scan on movie_companies mc  (cost=0.00..57926.93 rows=173067 width=0) (actual time=0.057..748.410 rows=69352 loops=1)
  Filter: ((company_id < 166) AND (company_type_id = 2))
  Rows Removed by Filter: 2539777
Planning time: 0.345 ms
Execution time: 756.010 ms
