Hash Join  (cost=102767.86..218174.23 rows=2249247 width=0) (actual time=1929.211..5000.515 rows=2253071 loops=1)
  Hash Cond: (mc.movie_id = t.id)
  ->  Seq Scan on movie_companies mc  (cost=0.00..51404.11 rows=2249247 width=4) (actual time=0.014..1148.468 rows=2253071 loops=1)
        Filter: (company_id > 178)
        Rows Removed by Filter: 356058
  ->  Hash  (cost=61283.27..61283.27 rows=2528527 width=4) (actual time=1927.989..1927.989 rows=2528312 loops=1)
        Buckets: 131072  Batches: 64  Memory Usage: 2415kB
        ->  Seq Scan on title t  (cost=0.00..61283.27 rows=2528527 width=4) (actual time=0.022..1083.457 rows=2528312 loops=1)
Planning time: 0.712 ms
Execution time: 5209.675 ms
