Seq Scan on movie_keyword mk  (cost=0.00..81003.12 rows=3867043 width=0) (actual time=0.020..1610.046 rows=3858802 loops=1)
  Filter: (keyword_id < 28221)
  Rows Removed by Filter: 665128
Planning time: 0.305 ms
Execution time: 2102.473 ms
