Hash Join  (cost=86573.65..1029484.35 rows=3000985 width=0) (actual time=1558.650..21109.228 rows=1826860 loops=1)
  Hash Cond: (ci.movie_id = t.id)
  ->  Seq Scan on cast_info ci  (cost=0.00..796071.18 rows=9843643 width=4) (actual time=0.022..15839.174 rows=6839056 loops=1)
        Filter: ((person_id > 790277) AND (role_id = 1))
        Rows Removed by Filter: 29405288
  ->  Hash  (cost=73925.90..73925.90 rows=770860 width=4) (actual time=1557.482..1557.482 rows=682281 loops=1)
        Buckets: 131072  Batches: 16  Memory Usage: 2522kB
        ->  Seq Scan on title t  (cost=0.00..73925.90 rows=770860 width=4) (actual time=0.019..1339.831 rows=682281 loops=1)
              Filter: ((production_year < 2004) AND (kind_id = 7))
              Rows Removed by Filter: 1846031
Planning time: 0.761 ms
Execution time: 21317.059 ms
