Hash Join  (cost=102767.86..237162.02 rows=1808310 width=0) (actual time=1987.569..5409.947 rows=1809377 loops=1)
  Hash Cond: (mk.movie_id = t.id)
  ->  Seq Scan on movie_keyword mk  (cost=0.00..81003.12 rows=1808310 width=4) (actual time=0.030..1690.170 rows=1809377 loops=1)
        Filter: (keyword_id > 7674)
        Rows Removed by Filter: 2714553
  ->  Hash  (cost=61283.27..61283.27 rows=2528527 width=4) (actual time=1984.458..1984.458 rows=2528312 loops=1)
        Buckets: 131072  Batches: 64  Memory Usage: 2425kB
        ->  Seq Scan on title t  (cost=0.00..61283.27 rows=2528527 width=4) (actual time=0.021..1173.846 rows=2528312 loops=1)
Planning time: 0.717 ms
Execution time: 5618.776 ms
