Hash Join  (cost=102767.86..289028.10 rows=3963761 width=0) (actual time=1872.460..7160.655 rows=3967797 loops=1)
  Hash Cond: (mk.movie_id = t.id)
  ->  Seq Scan on movie_keyword mk  (cost=0.00..81003.12 rows=3963761 width=4) (actual time=0.020..1858.111 rows=3967797 loops=1)
        Filter: (keyword_id < 33022)
        Rows Removed by Filter: 556133
  ->  Hash  (cost=61283.27..61283.27 rows=2528527 width=4) (actual time=1869.665..1869.665 rows=2528312 loops=1)
        Buckets: 131072  Batches: 64  Memory Usage: 2425kB
        ->  Seq Scan on title t  (cost=0.00..61283.27 rows=2528527 width=4) (actual time=0.019..1033.453 rows=2528312 loops=1)
Planning time: 0.694 ms
Execution time: 7596.140 ms
