Seq Scan on movie_companies mc  (cost=0.00..57926.93 rows=390167 width=0) (actual time=0.019..949.912 rows=555225 loops=1)
  Filter: ((company_id < 1709) AND (company_type_id < 2))
  Rows Removed by Filter: 2053904
Planning time: 0.320 ms
Execution time: 1020.237 ms
