Hash Join  (cost=123724.13..211133.74 rows=75157 width=0) (actual time=2370.624..4311.645 rows=663891 loops=1)
  Hash Cond: (mk.movie_id = t.id)
  ->  Seq Scan on movie_keyword mk  (cost=0.00..69693.30 rows=4523930 width=4) (actual time=0.013..904.442 rows=4523930 loops=1)
  ->  Hash  (cost=123199.04..123199.04 rows=42007 width=8) (actual time=2369.427..2369.427 rows=37830 loops=1)
        Buckets: 65536  Batches: 1  Memory Usage: 1990kB
        ->  Hash Join  (cost=68113.45..123199.04 rows=42007 width=8) (actual time=982.274..2355.117 rows=37830 loops=1)
              Hash Cond: (mc.movie_id = t.id)
              ->  Seq Scan on movie_companies mc  (cost=0.00..44881.29 rows=2609129 width=4) (actual time=0.011..684.975 rows=2609129 loops=1)
              ->  Hash  (cost=67604.59..67604.59 rows=40709 width=4) (actual time=981.798..981.798 rows=38955 loops=1)
                    Buckets: 65536  Batches: 1  Memory Usage: 1882kB
                    ->  Seq Scan on title t  (cost=0.00..67604.59 rows=40709 width=4) (actual time=0.035..965.153 rows=38955 loops=1)
                          Filter: (production_year = 1997)
                          Rows Removed by Filter: 2489357
Planning time: 1.151 ms
Execution time: 4394.711 ms
