Hash Join  (cost=476718.16..562029.57 rows=744389 width=0) (actual time=7380.747..9996.308 rows=1248816 loops=1)
  Hash Cond: (mc.movie_id = t.id)
  ->  Seq Scan on movie_companies mc  (cost=0.00..44881.29 rows=2609129 width=4) (actual time=0.018..983.431 rows=2609129 loops=1)
  ->  Hash  (cost=464882.75..464882.75 rows=721393 width=8) (actual time=7379.901..7379.901 rows=670559 loops=1)
        Buckets: 131072  Batches: 16  Memory Usage: 2653kB
        ->  Hash Join  (cost=91123.00..464882.75 rows=721393 width=8) (actual time=5481.351..7172.093 rows=670559 loops=1)
              Hash Cond: (mi.movie_id = t.id)
              ->  Seq Scan on movie_info mi  (cost=0.00..346232.03 rows=1272478 width=4) (actual time=3714.979..4268.002 rows=1325361 loops=1)
                    Filter: (info_type_id = 8)
                    Rows Removed by Filter: 13510359
              ->  Hash  (cost=67604.59..67604.59 rows=1433473 width=4) (actual time=1765.370..1765.370 rows=1434466 loops=1)
                    Buckets: 131072  Batches: 32  Memory Usage: 2607kB
                    ->  Seq Scan on title t  (cost=0.00..67604.59 rows=1433473 width=4) (actual time=0.035..1288.456 rows=1434466 loops=1)
                          Filter: (production_year > 1999)
                          Rows Removed by Filter: 1093846
Planning time: 1.180 ms
Execution time: 10134.803 ms
