Hash Join  (cost=121377.73..486358.92 rows=32527 width=0) (actual time=1237.231..8533.283 rows=217503 loops=1)
  Hash Cond: (mi.movie_id = t.id)
  ->  Seq Scan on movie_info mi  (cost=0.00..309384.22 rows=14739122 width=4) (actual time=0.016..4225.431 rows=14835720 loops=1)
  ->  Hash  (cost=121307.98..121307.98 rows=5580 width=8) (actual time=1237.008..1237.008 rows=4889 loops=1)
        Buckets: 8192  Batches: 1  Memory Usage: 255kB
        ->  Nested Loop  (cost=0.43..121307.98 rows=5580 width=8) (actual time=0.141..1234.186 rows=4889 loops=1)
              ->  Seq Scan on movie_keyword mk  (cost=0.00..81003.12 rows=5580 width=4) (actual time=0.085..1103.202 rows=4889 loops=1)
                    Filter: (keyword_id = 1962)
                    Rows Removed by Filter: 4519041
              ->  Index Only Scan using title_pkey on title t  (cost=0.43..7.21 rows=1 width=4) (actual time=0.026..0.026 rows=1 loops=4889)
                    Index Cond: (id = mk.movie_id)
                    Heap Fetches: 4889
Planning time: 1.208 ms
Execution time: 8565.547 ms
