Hash Join  (cost=92883.59..811009.12 rows=212652 width=0) (actual time=3107.891..14119.523 rows=162084 loops=1)
  Hash Cond: (ci.movie_id = t.id)
  ->  Seq Scan on cast_info ci  (cost=0.00..705507.15 rows=348972 width=4) (actual time=1232.624..11408.894 rows=295186 loops=1)
        Filter: (person_id < 34379)
        Rows Removed by Filter: 35949158
  ->  Hash  (cost=67604.59..67604.59 rows=1540800 width=4) (actual time=1873.695..1873.695 rows=1543264 loops=1)
        Buckets: 131072  Batches: 32  Memory Usage: 2722kB
        ->  Seq Scan on title t  (cost=0.00..67604.59 rows=1540800 width=4) (actual time=0.027..1385.821 rows=1543264 loops=1)
              Filter: (kind_id = 7)
              Rows Removed by Filter: 985048
Planning time: 0.530 ms
Execution time: 14139.554 ms
