Seq Scan on movie_companies mc  (cost=0.00..51404.11 rows=264370 width=0) (actual time=406.765..733.786 rows=267865 loops=1)
  Filter: (company_id > 98065)
  Rows Removed by Filter: 2341264
Planning time: 0.321 ms
Execution time: 766.365 ms
