Seq Scan on cast_info ci  (cost=0.00..796071.18 rows=1733284 width=0) (actual time=7615.261..12163.403 rows=1548 loops=1)
  Filter: ((person_id < 833669) AND (role_id = 2))
  Rows Removed by Filter: 36242796
Planning time: 0.379 ms
Execution time: 12163.778 ms
