Nested Loop  (cost=0.43..709673.15 rows=10 width=0) (actual time=2030.600..10068.521 rows=18 loops=1)
  ->  Seq Scan on cast_info ci  (cost=0.00..705507.15 rows=500 width=4) (actual time=1242.417..10060.265 rows=421 loops=1)
        Filter: (person_id = 1443884)
        Rows Removed by Filter: 36243923
  ->  Index Scan using title_pkey on title t  (cost=0.43..8.32 rows=1 width=4) (actual time=0.019..0.019 rows=0 loops=421)
        Index Cond: (id = ci.movie_id)
        Filter: (production_year = 2000)
        Rows Removed by Filter: 1
Planning time: 0.783 ms
Execution time: 10068.649 ms
