Seq Scan on movie_companies mc  (cost=0.00..57926.93 rows=53 width=0) (actual time=228.038..760.639 rows=69 loops=1)
  Filter: ((company_id = 71758) AND (company_type_id = 2))
  Rows Removed by Filter: 2609060
Planning time: 0.290 ms
Execution time: 760.705 ms
