Hash Join  (cost=77312.52..530175.40 rows=1755839 width=0) (actual time=1311.085..12237.972 rows=1937521 loops=1)
  Hash Cond: (mi.movie_id = t.id)
  ->  Seq Scan on movie_info mi  (cost=0.00..346232.03 rows=7503588 width=4) (actual time=0.019..6685.682 rows=7548855 loops=1)
        Filter: (info_type_id > 7)
        Rows Removed by Filter: 7286865
  ->  Hash  (cost=67604.59..67604.59 rows=591675 width=4) (actual time=1310.123..1310.123 rows=585020 loops=1)
        Buckets: 131072  Batches: 8  Memory Usage: 3593kB
        ->  Seq Scan on title t  (cost=0.00..67604.59 rows=591675 width=4) (actual time=0.027..1114.615 rows=585020 loops=1)
              Filter: (production_year < 1985)
              Rows Removed by Filter: 1943292
Planning time: 0.788 ms
Execution time: 12475.685 ms
