Hash Join  (cost=81055.23..150873.45 rows=216266 width=0) (actual time=1419.856..2961.660 rows=204418 loops=1)
  Hash Cond: (mc.movie_id = t.id)
  ->  Seq Scan on movie_companies mc  (cost=0.00..51404.11 rows=1258518 width=4) (actual time=0.015..962.531 rows=1251345 loops=1)
        Filter: (company_id < 11153)
        Rows Removed by Filter: 1357784
  ->  Hash  (cost=73925.90..73925.90 rows=434506 width=4) (actual time=1318.037..1318.037 rows=315167 loops=1)
        Buckets: 131072  Batches: 8  Memory Usage: 2397kB
        ->  Seq Scan on title t  (cost=0.00..73925.90 rows=434506 width=4) (actual time=0.019..1215.644 rows=315167 loops=1)
              Filter: ((production_year < 1991) AND (kind_id = 7))
              Rows Removed by Filter: 2213145
Planning time: 1.868 ms
Execution time: 2986.183 ms
