Seq Scan on movie_companies mc  (cost=0.00..57926.93 rows=51 width=0) (actual time=403.607..1064.895 rows=11 loops=1)
  Filter: ((company_type_id < 2) AND (company_id = 15203))
  Rows Removed by Filter: 2609118
Planning time: 0.420 ms
Execution time: 1064.996 ms
