Hash Join  (cost=190230.21..930634.86 rows=946160 width=0) (actual time=4672.698..18231.481 rows=1944252 loops=1)
  Hash Cond: (ci.movie_id = t.id)
  ->  Seq Scan on cast_info ci  (cost=0.00..705507.15 rows=1733572 width=4) (actual time=272.671..11998.528 rows=1658249 loops=1)
        Filter: (person_id < 165388)
        Rows Removed by Filter: 34586095
  ->  Hash  (cost=167588.78..167588.78 rows=1380035 width=8) (actual time=4398.727..4398.727 rows=1380035 loops=1)
        Buckets: 131072  Batches: 32  Memory Usage: 2708kB
        ->  Hash Join  (cost=102767.86..167588.78 rows=1380035 width=8) (actual time=2010.002..3988.091 rows=1380035 loops=1)
              Hash Cond: (mi_idx.movie_id = t.id)
              ->  Seq Scan on movie_info_idx mi_idx  (cost=0.00..21735.35 rows=1380035 width=4) (actual time=0.023..462.603 rows=1380035 loops=1)
              ->  Hash  (cost=61283.27..61283.27 rows=2528527 width=4) (actual time=2007.965..2007.965 rows=2528312 loops=1)
                    Buckets: 131072  Batches: 64  Memory Usage: 2415kB
                    ->  Seq Scan on title t  (cost=0.00..61283.27 rows=2528527 width=4) (actual time=0.033..1144.429 rows=2528312 loops=1)
Planning time: 1.086 ms
Execution time: 18466.595 ms
