Hash Join  (cost=83074.74..434079.80 rows=124 width=0) (actual time=2606.267..6757.875 rows=1328 loops=1)
  Hash Cond: (mi.movie_id = t.id)
  ->  Seq Scan on movie_info mi  (cost=0.00..346232.03 rows=1272478 width=4) (actual time=1270.866..5224.415 rows=1325361 loops=1)
        Filter: (info_type_id = 8)
        Rows Removed by Filter: 13510359
  ->  Hash  (cost=83071.67..83071.67 rows=246 width=8) (actual time=1332.691..1332.691 rows=982 loops=1)
        Buckets: 1024  Batches: 1  Memory Usage: 47kB
        ->  Nested Loop  (cost=0.43..83071.67 rows=246 width=8) (actual time=0.212..1331.958 rows=982 loops=1)
              ->  Seq Scan on movie_keyword mk  (cost=0.00..81003.12 rows=246 width=4) (actual time=0.136..1292.449 rows=982 loops=1)
                    Filter: (keyword_id = 3546)
                    Rows Removed by Filter: 4522948
              ->  Index Only Scan using title_pkey on title t  (cost=0.43..8.40 rows=1 width=4) (actual time=0.038..0.039 rows=1 loops=982)
                    Index Cond: (id = mk.movie_id)
                    Heap Fetches: 982
Planning time: 1.168 ms
Execution time: 6758.284 ms
