Hash Join  (cost=181228.29..308969.32 rows=470999 width=0) (actual time=3889.312..8356.003 rows=3659484 loops=1)
  Hash Cond: (mk.movie_id = t.id)
  ->  Seq Scan on movie_keyword mk  (cost=0.00..69693.30 rows=4523930 width=4) (actual time=0.023..1469.806 rows=4523930 loops=1)
  ->  Hash  (cost=176908.64..176908.64 rows=263252 width=8) (actual time=3888.477..3888.477 rows=521946 loops=1)
        Buckets: 131072 (originally 131072)  Batches: 8 (originally 4)  Memory Usage: 3593kB
        ->  Hash Join  (cost=102767.86..176908.64 rows=263252 width=8) (actual time=1956.300..3730.405 rows=521946 loops=1)
              Hash Cond: (mc.movie_id = t.id)
              ->  Seq Scan on movie_companies mc  (cost=0.00..57926.93 rows=263252 width=4) (actual time=0.026..966.527 rows=521946 loops=1)
                    Filter: ((company_id > 73226) AND (company_type_id > 1))
                    Rows Removed by Filter: 2087183
              ->  Hash  (cost=61283.27..61283.27 rows=2528527 width=4) (actual time=1954.151..1954.151 rows=2528312 loops=1)
                    Buckets: 131072  Batches: 64  Memory Usage: 2415kB
                    ->  Seq Scan on title t  (cost=0.00..61283.27 rows=2528527 width=4) (actual time=0.016..1122.990 rows=2528312 loops=1)
Planning time: 1.058 ms
Execution time: 8778.125 ms
