Nested Loop  (cost=0.43..146966.51 rows=3947 width=0) (actual time=0.098..1444.246 rows=10414 loops=1)
  ->  Seq Scan on movie_keyword mk  (cost=0.00..81003.12 rows=10103 width=4) (actual time=0.055..1210.040 rows=10544 loops=1)
        Filter: (keyword_id = 398)
        Rows Removed by Filter: 4513386
  ->  Index Scan using title_pkey on title t  (cost=0.43..6.52 rows=1 width=4) (actual time=0.021..0.022 rows=1 loops=10544)
        Index Cond: (id = mk.movie_id)
        Filter: (kind_id < 7)
        Rows Removed by Filter: 0
Planning time: 0.712 ms
Execution time: 1447.392 ms
