Hash Join  (cost=102767.86..1058296.58 rows=6216218 width=0) (actual time=11553.657..16277.406 rows=961096 loops=1)
  Hash Cond: (ci.movie_id = t.id)
  ->  Seq Scan on cast_info ci  (cost=0.00..796071.18 rows=6216218 width=4) (actual time=9594.687..13076.734 rows=961096 loops=1)
        Filter: ((person_id > 2577451) AND (role_id < 3))
        Rows Removed by Filter: 35283248
  ->  Hash  (cost=61283.27..61283.27 rows=2528527 width=4) (actual time=1957.871..1957.871 rows=2528312 loops=1)
        Buckets: 131072  Batches: 64  Memory Usage: 2415kB
        ->  Seq Scan on title t  (cost=0.00..61283.27 rows=2528527 width=4) (actual time=0.015..1141.911 rows=2528312 loops=1)
Planning time: 0.757 ms
Execution time: 16399.716 ms
