Hash Join  (cost=220428.31..1459263.22 rows=19958974 width=0) (actual time=5346.267..48253.475 rows=46437613 loops=1)
  Hash Cond: (ci.movie_id = t.id)
  ->  Seq Scan on cast_info ci  (cost=0.00..614943.12 rows=36225612 width=4) (actual time=0.020..13428.302 rows=36244344 loops=1)
  ->  Hash  (cost=197572.25..197572.25 rows=1393125 width=8) (actual time=5345.098..5345.098 rows=1379962 loops=1)
        Buckets: 131072  Batches: 32  Memory Usage: 2673kB
        ->  Hash Join  (cost=102767.86..197572.25 rows=1393125 width=8) (actual time=2396.154..4944.779 rows=1379962 loops=1)
              Hash Cond: (mc.movie_id = t.id)
              ->  Seq Scan on movie_companies mc  (cost=0.00..51404.11 rows=1393125 width=4) (actual time=0.024..974.318 rows=1379962 loops=1)
                    Filter: (company_id < 11930)
                    Rows Removed by Filter: 1229167
              ->  Hash  (cost=61283.27..61283.27 rows=2528527 width=4) (actual time=2394.479..2394.479 rows=2528312 loops=1)
                    Buckets: 131072  Batches: 64  Memory Usage: 2415kB
                    ->  Seq Scan on title t  (cost=0.00..61283.27 rows=2528527 width=4) (actual time=0.019..963.881 rows=2528312 loops=1)
Planning time: 1.112 ms
Execution time: 53096.429 ms
