Hash Join  (cost=89893.22..912590.67 rows=2831827 width=0) (actual time=1795.552..19593.448 rows=2843565 loops=1)
  Hash Cond: (ci.movie_id = t.id)
  ->  Seq Scan on cast_info ci  (cost=0.00..705507.15 rows=7357343 width=4) (actual time=0.017..11790.868 rows=7303039 loops=1)
        Filter: (person_id < 705750)
        Rows Removed by Filter: 28941305
  ->  Hash  (cost=73925.90..73925.90 rows=973225 width=4) (actual time=1794.752..1794.752 rows=1057588 loops=1)
        Buckets: 131072  Batches: 16  Memory Usage: 3355kB
        ->  Seq Scan on title t  (cost=0.00..73925.90 rows=973225 width=4) (actual time=0.019..1459.788 rows=1057588 loops=1)
              Filter: ((kind_id > 1) AND (production_year > 2001))
              Rows Removed by Filter: 1470724
Planning time: 0.799 ms
Execution time: 19938.641 ms
