Hash Join  (cost=129508.69..216640.86 rows=47413 width=0) (actual time=2423.362..4298.734 rows=124560 loops=1)
  Hash Cond: (mk.movie_id = t.id)
  ->  Seq Scan on movie_keyword mk  (cost=0.00..69693.30 rows=4523930 width=4) (actual time=0.014..1013.097 rows=4523930 loops=1)
  ->  Hash  (cost=129177.44..129177.44 rows=26500 width=8) (actual time=2422.722..2422.722 rows=34003 loops=1)
        Buckets: 65536 (originally 32768)  Batches: 1 (originally 1)  Memory Usage: 1841kB
        ->  Hash Join  (cost=74246.92..129177.44 rows=26500 width=8) (actual time=1062.599..2408.261 rows=34003 loops=1)
              Hash Cond: (mc.movie_id = t.id)
              ->  Seq Scan on movie_companies mc  (cost=0.00..44881.29 rows=2609129 width=4) (actual time=0.015..633.102 rows=2609129 loops=1)
              ->  Hash  (cost=73925.90..73925.90 rows=25681 width=4) (actual time=1062.335..1062.335 rows=23707 loops=1)
                    Buckets: 32768  Batches: 1  Memory Usage: 1090kB
                    ->  Seq Scan on title t  (cost=0.00..73925.90 rows=25681 width=4) (actual time=0.448..1052.054 rows=23707 loops=1)
                          Filter: ((kind_id < 7) AND (production_year = 2013))
                          Rows Removed by Filter: 2504605
Planning time: 1.111 ms
Execution time: 4314.069 ms
