Hash Join  (cost=102767.86..1098006.95 rows=7866579 width=0) (actual time=1916.646..28402.782 rows=12670688 loops=1)
  Hash Cond: (ci.movie_id = t.id)
  ->  Seq Scan on cast_info ci  (cost=0.00..796071.18 rows=7866579 width=4) (actual time=0.018..15456.125 rows=12670688 loops=1)
        Filter: ((person_id < 2265940) AND (role_id = 1))
        Rows Removed by Filter: 23573656
  ->  Hash  (cost=61283.27..61283.27 rows=2528527 width=4) (actual time=1915.560..1915.560 rows=2528312 loops=1)
        Buckets: 131072  Batches: 64  Memory Usage: 2415kB
        ->  Seq Scan on title t  (cost=0.00..61283.27 rows=2528527 width=4) (actual time=0.009..1085.737 rows=2528312 loops=1)
Planning time: 0.655 ms
Execution time: 29928.899 ms
