Hash Join  (cost=135529.72..500840.38 rows=65473 width=0) (actual time=2447.110..9725.381 rows=187078 loops=1)
  Hash Cond: (mi.movie_id = t.id)
  ->  Seq Scan on movie_info mi  (cost=0.00..309384.22 rows=14739122 width=4) (actual time=0.020..3971.974 rows=14835720 loops=1)
  ->  Hash  (cost=135389.32..135389.32 rows=11232 width=8) (actual time=2431.347..2431.347 rows=21010 loops=1)
        Buckets: 32768 (originally 16384)  Batches: 1 (originally 1)  Memory Usage: 1077kB
        ->  Hash Join  (cost=74373.12..135389.32 rows=11232 width=8) (actual time=1426.807..2422.409 rows=21010 loops=1)
              Hash Cond: (mc.movie_id = t.id)
              ->  Seq Scan on movie_companies mc  (cost=0.00..57926.93 rows=793853 width=4) (actual time=0.405..991.038 rows=1012054 loops=1)
                    Filter: ((company_id > 6136) AND (company_type_id > 1))
                    Rows Removed by Filter: 1597075
              ->  Hash  (cost=73925.90..73925.90 rows=35777 width=4) (actual time=1180.058..1180.058 rows=37357 loops=1)
                    Buckets: 65536  Batches: 1  Memory Usage: 1826kB
                    ->  Seq Scan on title t  (cost=0.00..73925.90 rows=35777 width=4) (actual time=0.023..1165.318 rows=37357 loops=1)
                          Filter: ((production_year > 2007) AND (kind_id = 4))
                          Rows Removed by Filter: 2490955
Planning time: 1.276 ms
Execution time: 9750.629 ms
