Seq Scan on cast_info ci  (cost=0.00..796071.18 rows=4569982 width=0) (actual time=2653.551..14347.252 rows=7449731 loops=1)
  Filter: ((person_id > 1330461) AND (role_id = 2))
  Rows Removed by Filter: 28794613
Planning time: 0.375 ms
Execution time: 15233.267 ms
