Seq Scan on cast_info ci  (cost=0.00..796071.18 rows=17203253 width=0) (actual time=3803.533..14157.413 rows=13895910 loops=1)
  Filter: ((person_id < 2741078) AND (role_id > 1))
  Rows Removed by Filter: 22348434
Planning time: 0.351 ms
Execution time: 15666.066 ms
