Seq Scan on movie_keyword mk  (cost=0.00..81003.12 rows=4260251 width=0) (actual time=0.024..1321.751 rows=4259177 loops=1)
  Filter: (keyword_id < 59058)
  Rows Removed by Filter: 264753
Planning time: 0.314 ms
Execution time: 1790.732 ms
