Hash Join  (cost=83074.74..440815.49 rows=299 width=0) (actual time=4035.037..7238.723 rows=4315 loops=1)
  Hash Cond: (mi.movie_id = t.id)
  ->  Seq Scan on movie_info mi  (cost=0.00..346232.03 rows=3068194 width=4) (actual time=2791.304..5544.363 rows=3036719 loops=1)
        Filter: (info_type_id = 16)
        Rows Removed by Filter: 11799001
  ->  Hash  (cost=83071.67..83071.67 rows=246 width=8) (actual time=1239.714..1239.714 rows=758 loops=1)
        Buckets: 1024  Batches: 1  Memory Usage: 38kB
        ->  Nested Loop  (cost=0.43..83071.67 rows=246 width=8) (actual time=0.698..1239.111 rows=758 loops=1)
              ->  Seq Scan on movie_keyword mk  (cost=0.00..81003.12 rows=246 width=4) (actual time=0.557..1208.805 rows=758 loops=1)
                    Filter: (keyword_id = 1594)
                    Rows Removed by Filter: 4523172
              ->  Index Only Scan using title_pkey on title t  (cost=0.43..8.40 rows=1 width=4) (actual time=0.038..0.038 rows=1 loops=758)
                    Index Cond: (id = mk.movie_id)
                    Heap Fetches: 758
Planning time: 1.114 ms
Execution time: 7239.568 ms
