Hash Join  (cost=103170.96..187195.54 rows=11533 width=0) (actual time=1795.185..3323.089 rows=94200 loops=1)
  Hash Cond: (mk.movie_id = t.id)
  ->  Seq Scan on movie_keyword mk  (cost=0.00..81003.12 rows=774968 width=4) (actual time=0.019..1352.154 rows=783422 loops=1)
        Filter: (keyword_id > 24056)
        Rows Removed by Filter: 3740508
  ->  Hash  (cost=102700.58..102700.58 rows=37630 width=8) (actual time=1794.776..1794.776 rows=36188 loops=1)
        Buckets: 65536  Batches: 1  Memory Usage: 1926kB
        ->  Hash Join  (cost=70965.72..102700.58 rows=37630 width=8) (actual time=1097.075..1781.309 rows=36188 loops=1)
              Hash Cond: (mi_idx.movie_id = t.id)
              ->  Seq Scan on movie_info_idx mi_idx  (cost=0.00..25185.44 rows=464566 width=4) (actual time=0.021..433.459 rows=459925 loops=1)
                    Filter: (info_type_id = 101)
                    Rows Removed by Filter: 920110
              ->  Hash  (cost=67604.59..67604.59 rows=204811 width=4) (actual time=1096.245..1096.245 rows=202996 loops=1)
                    Buckets: 131072  Batches: 4  Memory Usage: 2808kB
                    ->  Seq Scan on title t  (cost=0.00..67604.59 rows=204811 width=4) (actual time=0.099..1028.097 rows=202996 loops=1)
                          Filter: (production_year < 1956)
                          Rows Removed by Filter: 2325316
Planning time: 5.629 ms
Execution time: 3335.965 ms
