Hash Join  (cost=87344.71..517354.43 rows=1761528 width=0) (actual time=4044.304..11616.394 rows=3454022 loops=1)
  Hash Cond: (mi.movie_id = t.id)
  ->  Seq Scan on movie_info mi  (cost=0.00..346232.03 rows=5445713 width=4) (actual time=2610.608..6119.264 rows=5410520 loops=1)
        Filter: (info_type_id < 6)
        Rows Removed by Filter: 9425200
  ->  Hash  (cost=73925.90..73925.90 rows=817904 width=4) (actual time=1432.488..1432.488 rows=732135 loops=1)
        Buckets: 131072  Batches: 16  Memory Usage: 2644kB
        ->  Seq Scan on title t  (cost=0.00..73925.90 rows=817904 width=4) (actual time=0.023..1202.660 rows=732135 loops=1)
              Filter: ((kind_id < 7) AND (production_year > 1969))
              Rows Removed by Filter: 1796177
Planning time: 0.770 ms
Execution time: 12042.324 ms
