Hash Join  (cost=160823.02..544375.48 rows=47266 width=0) (actual time=2937.467..9713.916 rows=51363 loops=1)
  Hash Cond: (mi.movie_id = t.id)
  ->  Seq Scan on movie_info mi  (cost=0.00..309384.22 rows=14739122 width=4) (actual time=0.007..4097.189 rows=14835720 loops=1)
  ->  Hash  (cost=160721.67..160721.67 rows=8108 width=8) (actual time=2790.337..2790.337 rows=3997 loops=1)
        Buckets: 8192  Batches: 1  Memory Usage: 221kB
        ->  Hash Join  (cost=73982.55..160721.67 rows=8108 width=8) (actual time=1521.796..2789.332 rows=3997 loops=1)
              Hash Cond: (mk.movie_id = t.id)
              ->  Seq Scan on movie_keyword mk  (cost=0.00..69693.30 rows=4523930 width=4) (actual time=0.021..760.329 rows=4523930 loops=1)
              ->  Hash  (cost=73925.90..73925.90 rows=4532 width=4) (actual time=1236.890..1236.890 rows=6092 loops=1)
                    Buckets: 8192  Batches: 1  Memory Usage: 279kB
                    ->  Seq Scan on title t  (cost=0.00..73925.90 rows=4532 width=4) (actual time=0.173..1233.804 rows=6092 loops=1)
                          Filter: ((kind_id = 7) AND (production_year = 1958))
                          Rows Removed by Filter: 2522220
Planning time: 1.174 ms
Execution time: 9720.726 ms
