Seq Scan on movie_keyword mk  (cost=0.00..81003.12 rows=2786413 width=0) (actual time=0.022..1193.507 rows=2776413 loops=1)
  Filter: (keyword_id < 7989)
  Rows Removed by Filter: 1747517
Planning time: 0.322 ms
Execution time: 1466.020 ms
