Nested Loop  (cost=0.43..83071.67 rows=246 width=0) (actual time=105.910..1400.959 rows=2088 loops=1)
  ->  Seq Scan on movie_keyword mk  (cost=0.00..81003.12 rows=246 width=4) (actual time=105.809..1376.353 rows=2088 loops=1)
        Filter: (keyword_id = 22373)
        Rows Removed by Filter: 4521842
  ->  Index Only Scan using title_pkey on title t  (cost=0.43..8.40 rows=1 width=4) (actual time=0.011..0.011 rows=1 loops=2088)
        Index Cond: (id = mk.movie_id)
        Heap Fetches: 2088
Planning time: 0.809 ms
Execution time: 1401.478 ms
