Hash Join  (cost=138477.78..208463.26 rows=213617 width=0) (actual time=3620.537..5326.622 rows=1309671 loops=1)
  Hash Cond: (mc.movie_id = t.id)
  ->  Seq Scan on movie_companies mc  (cost=0.00..51404.11 rows=1279517 width=4) (actual time=263.715..931.360 rows=1274246 loops=1)
        Filter: (company_type_id < 2)
        Rows Removed by Filter: 1334883
  ->  Hash  (cost=131552.01..131552.01 rows=422142 width=8) (actual time=3356.002..3356.002 rows=723649 loops=1)
        Buckets: 131072 (originally 131072)  Batches: 16 (originally 8)  Memory Usage: 3073kB
        ->  Hash Join  (cost=86616.10..131552.01 rows=422142 width=8) (actual time=1422.475..3066.635 rows=723649 loops=1)
              Hash Cond: (mi_idx.movie_id = t.id)
              ->  Seq Scan on movie_info_idx mi_idx  (cost=0.00..21735.35 rows=1380035 width=4) (actual time=0.025..443.525 rows=1380035 loops=1)
              ->  Hash  (cost=73925.90..73925.90 rows=773456 width=4) (actual time=1421.654..1421.654 rows=683462 loops=1)
                    Buckets: 131072  Batches: 16  Memory Usage: 2527kB
                    ->  Seq Scan on title t  (cost=0.00..73925.90 rows=773456 width=4) (actual time=0.024..1199.880 rows=683462 loops=1)
                          Filter: ((kind_id < 7) AND (production_year > 1977))
                          Rows Removed by Filter: 1844850
Planning time: 1.160 ms
Execution time: 5485.639 ms
