Hash Join  (cost=97066.09..1312945.40 rows=17950675 width=0) (actual time=2011.394..36545.754 rows=17436593 loops=1)
  Hash Cond: (ci.movie_id = t.id)
  ->  Seq Scan on cast_info ci  (cost=0.00..705507.15 rows=25276082 width=4) (actual time=0.016..15170.503 rows=25399127 loops=1)
        Filter: (person_id > 1065391)
        Rows Removed by Filter: 10845217
  ->  Hash  (cost=67604.59..67604.59 rows=1795720 width=4) (actual time=2009.927..2009.927 rows=1794153 loops=1)
        Buckets: 131072  Batches: 32  Memory Usage: 2992kB
        ->  Seq Scan on title t  (cost=0.00..67604.59 rows=1795720 width=4) (actual time=0.027..1434.580 rows=1794153 loops=1)
              Filter: (production_year < 2009)
              Rows Removed by Filter: 734159
Planning time: 0.741 ms
Execution time: 38523.127 ms
