Hash Join  (cost=133383.53..214712.92 rows=455486 width=0) (actual time=3127.548..5679.195 rows=1679400 loops=1)
  Hash Cond: (mc.movie_id = t.id)
  ->  Seq Scan on movie_companies mc  (cost=0.00..44881.29 rows=2609129 width=4) (actual time=0.013..922.254 rows=2609129 loops=1)
  ->  Hash  (cost=126140.84..126140.84 rows=441415 width=8) (actual time=3126.724..3126.724 rows=545942 loops=1)
        Buckets: 131072  Batches: 8  Memory Usage: 3704kB
        ->  Hash Join  (cost=80874.21..126140.84 rows=441415 width=8) (actual time=1541.463..2966.518 rows=545942 loops=1)
              Hash Cond: (mi_idx.movie_id = t.id)
              ->  Seq Scan on movie_info_idx mi_idx  (cost=0.00..21735.35 rows=1380035 width=4) (actual time=0.024..455.513 rows=1380035 loops=1)
              ->  Hash  (cost=67604.59..67604.59 rows=808770 width=4) (actual time=1540.795..1540.795 rows=812704 loops=1)
                    Buckets: 131072  Batches: 16  Memory Usage: 2812kB
                    ->  Seq Scan on title t  (cost=0.00..67604.59 rows=808770 width=4) (actual time=0.023..1281.361 rows=812704 loops=1)
                          Filter: (production_year < 1995)
                          Rows Removed by Filter: 1715608
Planning time: 1.146 ms
Execution time: 5872.508 ms
