Hash Join  (cost=83074.74..139278.29 rows=124 width=0) (actual time=1009.670..1676.698 rows=31787 loops=1)
  Hash Cond: (mc.movie_id = t.id)
  ->  Seq Scan on movie_companies mc  (cost=0.00..51404.11 rows=1279517 width=4) (actual time=308.737..793.766 rows=1274246 loops=1)
        Filter: (company_type_id = 1)
        Rows Removed by Filter: 1334883
  ->  Hash  (cost=83071.67..83071.67 rows=246 width=8) (actual time=700.809..700.809 rows=4606 loops=1)
        Buckets: 8192 (originally 1024)  Batches: 1 (originally 1)  Memory Usage: 244kB
        ->  Nested Loop  (cost=0.43..83071.67 rows=246 width=8) (actual time=0.280..698.912 rows=4606 loops=1)
              ->  Seq Scan on movie_keyword mk  (cost=0.00..81003.12 rows=246 width=4) (actual time=0.193..645.061 rows=4606 loops=1)
                    Filter: (keyword_id = 228)
                    Rows Removed by Filter: 4519324
              ->  Index Only Scan using title_pkey on title t  (cost=0.43..8.40 rows=1 width=4) (actual time=0.011..0.011 rows=1 loops=4606)
                    Index Cond: (id = mk.movie_id)
                    Heap Fetches: 4606
Planning time: 1.153 ms
Execution time: 1681.048 ms
