Seq Scan on cast_info ci  (cost=0.00..705507.15 rows=500 width=0) (actual time=1281.078..11520.753 rows=78 loops=1)
  Filter: (person_id = 1504943)
  Rows Removed by Filter: 36244266
Planning time: 0.396 ms
Execution time: 11520.850 ms
