Seq Scan on cast_info ci  (cost=0.00..705507.15 rows=500 width=0) (actual time=7396.628..10416.815 rows=1 loops=1)
  Filter: (person_id = 2758198)
  Rows Removed by Filter: 36244343
Planning time: 0.350 ms
Execution time: 10416.930 ms
