Hash Join  (cost=89762.59..154097.10 rows=35696 width=0) (actual time=2957.003..3642.006 rows=18971 loops=1)
  Hash Cond: (mc.movie_id = t.id)
  ->  Seq Scan on movie_companies mc  (cost=0.00..57926.93 rows=66831 width=4) (actual time=428.988..862.723 rows=23541 loops=1)
        Filter: ((company_id < 27) AND (company_type_id > 1))
        Rows Removed by Filter: 2585588
  ->  Hash  (cost=67604.59..67604.59 rows=1350560 width=4) (actual time=2524.925..2524.925 rows=1348293 loops=1)
        Buckets: 131072  Batches: 32  Memory Usage: 2505kB
        ->  Seq Scan on title t  (cost=0.00..67604.59 rows=1350560 width=4) (actual time=0.028..1331.717 rows=1348293 loops=1)
              Filter: (production_year < 2005)
              Rows Removed by Filter: 1180019
Planning time: 0.771 ms
Execution time: 3644.575 ms
