Hash Join  (cost=74537.05..162069.84 rows=87475 width=0) (actual time=1226.847..3655.451 rows=186726 loops=1)
  Hash Cond: (mk.movie_id = t.id)
  ->  Seq Scan on movie_keyword mk  (cost=0.00..69693.30 rows=4523930 width=4) (actual time=0.022..984.494 rows=4523930 loops=1)
  ->  Hash  (cost=73925.90..73925.90 rows=48892 width=4) (actual time=1226.365..1226.365 rows=127855 loops=1)
        Buckets: 131072 (originally 65536)  Batches: 2 (originally 1)  Memory Usage: 3266kB
        ->  Seq Scan on title t  (cost=0.00..73925.90 rows=48892 width=4) (actual time=19.075..1174.110 rows=127855 loops=1)
              Filter: ((kind_id < 7) AND (production_year < 1935))
              Rows Removed by Filter: 2400457
Planning time: 0.747 ms
Execution time: 3677.330 ms
