Seq Scan on cast_info ci  (cost=0.00..796071.18 rows=10805230 width=0) (actual time=5846.820..16152.308 rows=8777914 loops=1)
  Filter: ((person_id > 519979) AND (role_id = 1))
  Rows Removed by Filter: 27466430
Planning time: 0.391 ms
Execution time: 17243.746 ms
