Hash Join  (cost=174865.45..250812.46 rows=344327 width=0) (actual time=3762.047..5916.969 rows=980920 loops=1)
  Hash Cond: (mc.movie_id = t.id)
  ->  Seq Scan on movie_companies mc  (cost=0.00..57926.93 rows=951414 width=4) (actual time=0.017..1187.346 rows=1117278 loops=1)
        Filter: ((company_id > 1435) AND (company_type_id = 2))
        Rows Removed by Filter: 1491851
  ->  Hash  (cost=159851.69..159851.69 rows=915101 width=8) (actual time=3760.957..3760.957 rows=919850 loops=1)
        Buckets: 131072  Batches: 16  Memory Usage: 3269kB
        ->  Hash Join  (cost=102767.86..159851.69 rows=915101 width=8) (actual time=1983.546..3551.875 rows=919850 loops=1)
              Hash Cond: (mi_idx.movie_id = t.id)
              ->  Seq Scan on movie_info_idx mi_idx  (cost=0.00..25185.44 rows=915101 width=4) (actual time=0.023..578.413 rows=919850 loops=1)
                    Filter: (info_type_id < 101)
                    Rows Removed by Filter: 460185
              ->  Hash  (cost=61283.27..61283.27 rows=2528527 width=4) (actual time=1982.598..1982.598 rows=2528312 loops=1)
                    Buckets: 131072  Batches: 64  Memory Usage: 2415kB
                    ->  Seq Scan on title t  (cost=0.00..61283.27 rows=2528527 width=4) (actual time=0.022..1127.357 rows=2528312 loops=1)
Planning time: 1.184 ms
Execution time: 6041.713 ms
