Seq Scan on cast_info ci  (cost=0.00..796071.18 rows=435 width=0) (actual time=14127.631..14701.192 rows=188 loops=1)
  Filter: ((role_id < 10) AND (person_id = 315131))
  Rows Removed by Filter: 36244156
Planning time: 0.356 ms
Execution time: 14701.401 ms
