Hash Join  (cost=1018504.83..3927958.25 rows=137184255 width=0) (actual time=41805.282..136978.687 rows=239894374 loops=1)
  Hash Cond: (ci.movie_id = t.id)
  ->  Seq Scan on cast_info ci  (cost=0.00..796071.18 rows=23534244 width=4) (actual time=0.016..18037.087 rows=22904577 loops=1)
        Filter: ((person_id > 788154) AND (role_id < 9))
        Rows Removed by Filter: 13339767
  ->  Hash  (cost=776690.81..776690.81 rows=14739122 width=8) (actual time=41802.429..41802.429 rows=14835720 loops=1)
        Buckets: 131072  Batches: 256  Memory Usage: 3268kB
        ->  Hash Join  (cost=102767.86..776690.81 rows=14739122 width=8) (actual time=4539.329..37270.584 rows=14835720 loops=1)
              Hash Cond: (mi.movie_id = t.id)
              ->  Seq Scan on movie_info mi  (cost=0.00..309384.22 rows=14739122 width=4) (actual time=0.018..18413.578 rows=14835720 loops=1)
              ->  Hash  (cost=61283.27..61283.27 rows=2528527 width=4) (actual time=4537.568..4537.568 rows=2528312 loops=1)
                    Buckets: 131072  Batches: 64  Memory Usage: 2425kB
                    ->  Seq Scan on title t  (cost=0.00..61283.27 rows=2528527 width=4) (actual time=0.015..3465.597 rows=2528312 loops=1)
Planning time: 1.132 ms
Execution time: 162422.918 ms
