Hash Join  (cost=182865.20..1255480.14 rows=3443423 width=0) (actual time=3364.653..33771.200 rows=3119594 loops=1)
  Hash Cond: (ci.movie_id = t.id)
  ->  Seq Scan on cast_info ci  (cost=0.00..705507.15 rows=28668949 width=4) (actual time=0.024..17285.483 rows=28808107 loops=1)
        Filter: (role_id < 8)
        Rows Removed by Filter: 7436237
  ->  Hash  (cost=177881.93..177881.93 rows=303701 width=8) (actual time=3363.864..3363.864 rows=165296 loops=1)
        Buckets: 131072  Batches: 4  Memory Usage: 2643kB
        ->  Hash Join  (cost=102767.86..177881.93 rows=303701 width=8) (actual time=1860.216..3311.025 rows=165296 loops=1)
              Hash Cond: (mc.movie_id = t.id)
              ->  Seq Scan on movie_companies mc  (cost=0.00..57926.93 rows=303701 width=4) (actual time=0.017..885.028 rows=165296 loops=1)
                    Filter: ((company_id < 685) AND (company_type_id = 2))
                    Rows Removed by Filter: 2443833
              ->  Hash  (cost=61283.27..61283.27 rows=2528527 width=4) (actual time=1859.010..1859.010 rows=2528312 loops=1)
                    Buckets: 131072  Batches: 64  Memory Usage: 2415kB
                    ->  Seq Scan on title t  (cost=0.00..61283.27 rows=2528527 width=4) (actual time=0.015..994.575 rows=2528312 loops=1)
Planning time: 6.910 ms
Execution time: 34129.235 ms
