Hash Join  (cost=75651.48..106818.79 rows=19337 width=0) (actual time=1335.310..1804.816 rows=33 loops=1)
  Hash Cond: (mi_idx.movie_id = t.id)
  ->  Seq Scan on movie_info_idx mi_idx  (cost=0.00..25185.44 rows=464934 width=4) (actual time=0.020..507.075 rows=460185 loops=1)
        Filter: (info_type_id > 100)
        Rows Removed by Filter: 919850
  ->  Hash  (cost=73925.90..73925.90 rows=105166 width=4) (actual time=1141.155..1141.155 rows=367 loops=1)
        Buckets: 131072  Batches: 2  Memory Usage: 1031kB
        ->  Seq Scan on title t  (cost=0.00..73925.90 rows=105166 width=4) (actual time=0.270..1140.802 rows=367 loops=1)
              Filter: ((kind_id > 2) AND (production_year < 1946))
              Rows Removed by Filter: 2527945
Planning time: 0.756 ms
Execution time: 1804.895 ms
