Hash Join  (cost=206834.54..708007.06 rows=2002460 width=0) (actual time=4428.237..23848.501 rows=29507424 loops=1)
  Hash Cond: (mi.movie_id = t.id)
  ->  Seq Scan on movie_info mi  (cost=0.00..309384.22 rows=14739122 width=4) (actual time=0.012..6358.773 rows=14835720 loops=1)
  ->  Hash  (cost=201198.46..201198.46 rows=343526 width=8) (actual time=4427.338..4427.338 rows=402143 loops=1)
        Buckets: 131072  Batches: 8  Memory Usage: 2957kB
        ->  Hash Join  (cost=78335.05..201198.46 rows=343526 width=8) (actual time=1274.862..4303.443 rows=402143 loops=1)
              Hash Cond: (mk.movie_id = t.id)
              ->  Seq Scan on movie_keyword mk  (cost=0.00..81003.12 rows=3232273 width=4) (actual time=0.026..1714.016 rows=3222096 loops=1)
                    Filter: (keyword_id > 1697)
                    Rows Removed by Filter: 1301834
              ->  Hash  (cost=73925.90..73925.90 rows=268732 width=4) (actual time=1273.739..1273.739 rows=226985 loops=1)
                    Buckets: 131072  Batches: 4  Memory Usage: 3028kB
                    ->  Seq Scan on title t  (cost=0.00..73925.90 rows=268732 width=4) (actual time=0.140..1195.396 rows=226985 loops=1)
                          Filter: ((kind_id < 4) AND (production_year > 2007))
                          Rows Removed by Filter: 2301327
Planning time: 1.093 ms
Execution time: 27028.601 ms
