Hash Join  (cost=464326.74..505770.56 rows=218634 width=0) (actual time=7841.913..8970.296 rows=233895 loops=1)
  Hash Cond: (mi_idx.movie_id = t.id)
  ->  Seq Scan on movie_info_idx mi_idx  (cost=0.00..21735.35 rows=1380035 width=4) (actual time=0.018..476.415 rows=1380035 loops=1)
  ->  Hash  (cost=457754.41..457754.41 rows=400586 width=8) (actual time=7839.262..7839.262 rows=167603 loops=1)
        Buckets: 131072  Batches: 8  Memory Usage: 1846kB
        ->  Hash Join  (cost=93093.72..457754.41 rows=400586 width=8) (actual time=2111.931..7787.248 rows=167603 loops=1)
              Hash Cond: (mi.movie_id = t.id)
              ->  Seq Scan on movie_info mi  (cost=0.00..346232.03 rows=651960 width=4) (actual time=302.845..5361.584 rows=660923 loops=1)
                    Filter: (info_type_id = 18)
                    Rows Removed by Filter: 14174797
              ->  Hash  (cost=67604.59..67604.59 rows=1553611 width=4) (actual time=1808.172..1808.172 rows=1555864 loops=1)
                    Buckets: 131072  Batches: 32  Memory Usage: 2740kB
                    ->  Seq Scan on title t  (cost=0.00..67604.59 rows=1553611 width=4) (actual time=0.023..1288.387 rows=1555864 loops=1)
                          Filter: (kind_id > 4)
                          Rows Removed by Filter: 972448
Planning time: 1.570 ms
Execution time: 8998.049 ms
