Hash Join  (cost=185525.87..1053493.45 rows=1467871 width=0) (actual time=19411.616..51659.885 rows=1878300 loops=1)
  Hash Cond: (ci.movie_id = t.id)
  ->  Seq Scan on cast_info ci  (cost=0.00..796071.18 rows=4680452 width=4) (actual time=10615.835..35695.083 rows=7449743 loops=1)
        Filter: ((person_id > 1279430) AND (role_id = 2))
        Rows Removed by Filter: 28794601
  ->  Hash  (cost=172515.49..172515.49 rows=792990 width=8) (actual time=8794.672..8794.672 rows=318578 loops=1)
        Buckets: 131072  Batches: 16  Memory Usage: 1784kB
        ->  Hash Join  (cost=86534.07..172515.49 rows=792990 width=8) (actual time=4167.946..8698.469 rows=318578 loops=1)
              Hash Cond: (mc.movie_id = t.id)
              ->  Seq Scan on movie_companies mc  (cost=0.00..44881.29 rows=2609129 width=4) (actual time=0.025..2634.672 rows=2609129 loops=1)
              ->  Hash  (cost=73925.90..73925.90 rows=768493 width=4) (actual time=4136.374..4136.374 rows=840010 loops=1)
                    Buckets: 131072  Batches: 16  Memory Usage: 2877kB
                    ->  Seq Scan on title t  (cost=0.00..73925.90 rows=768493 width=4) (actual time=0.040..3797.551 rows=840010 loops=1)
                          Filter: ((production_year > 2002) AND (kind_id = 7))
                          Rows Removed by Filter: 1688302
Planning time: 1.310 ms
Execution time: 51897.287 ms
