Seq Scan on cast_info ci  (cost=0.00..796071.18 rows=14230793 width=0) (actual time=4773.209..16353.957 rows=14932269 loops=1)
  Filter: ((person_id > 412122) AND (role_id > 2))
  Rows Removed by Filter: 21312075
Planning time: 0.319 ms
Execution time: 18218.415 ms
