Hash Join  (cost=101217.37..155969.48 rows=8659 width=0) (actual time=1862.869..2945.889 rows=54186 loops=1)
  Hash Cond: (mc.movie_id = t.id)
  ->  Seq Scan on movie_companies mc  (cost=0.00..44881.29 rows=2609129 width=4) (actual time=0.017..694.985 rows=2609129 loops=1)
  ->  Hash  (cost=101112.48..101112.48 rows=8391 width=8) (actual time=1687.331..1687.331 rows=13362 loops=1)
        Buckets: 16384  Batches: 1  Memory Usage: 650kB
        ->  Hash Join  (cost=74118.09..101112.48 rows=8391 width=8) (actual time=1220.402..1682.793 rows=13362 loops=1)
              Hash Cond: (mi_idx.movie_id = t.id)
              ->  Seq Scan on movie_info_idx mi_idx  (cost=0.00..21735.35 rows=1380035 width=4) (actual time=0.019..328.014 rows=1380035 loops=1)
              ->  Hash  (cost=73925.90..73925.90 rows=15375 width=4) (actual time=1077.753..1077.753 rows=8740 loops=1)
                    Buckets: 16384  Batches: 1  Memory Usage: 436kB
                    ->  Seq Scan on title t  (cost=0.00..73925.90 rows=15375 width=4) (actual time=399.336..1073.829 rows=8740 loops=1)
                          Filter: ((kind_id < 2) AND (production_year = 2001))
                          Rows Removed by Filter: 2519572
Planning time: 1.142 ms
Execution time: 2953.777 ms
