Hash Join  (cost=797557.40..1157380.72 rows=145 width=0) (actual time=11318.334..17156.266 rows=35 loops=1)
  Hash Cond: (mi.movie_id = t.id)
  ->  Seq Scan on movie_info mi  (cost=0.00..346232.03 rows=3623957 width=4) (actual time=387.270..5865.239 rows=3624977 loops=1)
        Filter: (info_type_id < 4)
        Rows Removed by Filter: 11210743
  ->  Hash  (cost=797556.14..797556.14 rows=101 width=8) (actual time=10799.462..10799.462 rows=12 loops=1)
        Buckets: 1024  Batches: 1  Memory Usage: 9kB
        ->  Nested Loop  (cost=0.43..797556.14 rows=101 width=8) (actual time=2767.120..10799.435 rows=12 loops=1)
              ->  Seq Scan on cast_info ci  (cost=0.00..796071.18 rows=176 width=4) (actual time=2766.960..10798.964 rows=12 loops=1)
                    Filter: ((person_id = 967676) AND (role_id = 1))
                    Rows Removed by Filter: 36244332
              ->  Index Scan using title_pkey on title t  (cost=0.43..8.43 rows=1 width=4) (actual time=0.030..0.031 rows=1 loops=12)
                    Index Cond: (id = ci.movie_id)
                    Filter: (production_year < 2006)
Planning time: 1.226 ms
Execution time: 17156.440 ms
