Hash Join  (cost=58375.80..85286.49 rows=21 width=0) (actual time=1001.961..1520.016 rows=639 loops=1)
  Hash Cond: (mi_idx.movie_id = t.id)
  ->  Seq Scan on movie_info_idx mi_idx  (cost=0.00..21735.35 rows=1380035 width=4) (actual time=0.028..294.460 rows=1380035 loops=1)
  ->  Hash  (cost=58375.31..58375.31 rows=39 width=8) (actual time=963.226..963.226 rows=1266 loops=1)
        Buckets: 2048 (originally 1024)  Batches: 1 (originally 1)  Memory Usage: 66kB
        ->  Nested Loop  (cost=0.43..58375.31 rows=39 width=8) (actual time=370.483..962.505 rows=1266 loops=1)
              ->  Seq Scan on movie_companies mc  (cost=0.00..57926.93 rows=53 width=4) (actual time=370.417..929.454 rows=1324 loops=1)
                    Filter: ((company_type_id > 1) AND (company_id = 2281))
                    Rows Removed by Filter: 2607805
              ->  Index Scan using title_pkey on title t  (cost=0.43..8.45 rows=1 width=4) (actual time=0.024..0.024 rows=1 loops=1324)
                    Index Cond: (id = mc.movie_id)
                    Filter: (kind_id > 1)
                    Rows Removed by Filter: 0
Planning time: 1.202 ms
Execution time: 1520.298 ms
