Seq Scan on movie_keyword mk  (cost=0.00..81003.12 rows=3457260 width=0) (actual time=0.021..1581.112 rows=3447129 loops=1)
  Filter: (keyword_id < 16414)
  Rows Removed by Filter: 1076801
Planning time: 0.327 ms
Execution time: 2014.547 ms
