Hash Join  (cost=120398.38..485137.84 rows=8355 width=0) (actual time=1529.300..8697.239 rows=119777 loops=1)
  Hash Cond: (mi.movie_id = t.id)
  ->  Seq Scan on movie_info mi  (cost=0.00..309384.22 rows=14739122 width=4) (actual time=0.023..4335.342 rows=14835720 loops=1)
  ->  Hash  (cost=120380.46..120380.46 rows=1433 width=8) (actual time=1356.994..1356.994 rows=3240 loops=1)
        Buckets: 4096 (originally 2048)  Batches: 1 (originally 1)  Memory Usage: 159kB
        ->  Nested Loop  (cost=0.43..120380.46 rows=1433 width=8) (actual time=224.127..1354.744 rows=3240 loops=1)
              ->  Seq Scan on movie_keyword mk  (cost=0.00..81003.12 rows=5429 width=4) (actual time=7.356..1198.178 rows=6326 loops=1)
                    Filter: (keyword_id = 498)
                    Rows Removed by Filter: 4517604
              ->  Index Scan using title_pkey on title t  (cost=0.43..7.24 rows=1 width=4) (actual time=0.024..0.024 rows=1 loops=6326)
                    Index Cond: (id = mk.movie_id)
                    Filter: (kind_id = 1)
                    Rows Removed by Filter: 0
Planning time: 1.195 ms
Execution time: 8715.919 ms
