Seq Scan on title t  (cost=0.00..73925.90 rows=89173 width=0) (actual time=0.022..1161.489 rows=96478 loops=1)
  Filter: ((kind_id > 2) AND (production_year = 2009))
  Rows Removed by Filter: 2431834
Planning time: 0.286 ms
Execution time: 1175.991 ms
