Hash Join  (cost=98137.04..216886.04 rows=1111853 width=0) (actual time=1911.162..5355.149 rows=580114 loops=1)
  Hash Cond: (mk.movie_id = t.id)
  ->  Seq Scan on movie_keyword mk  (cost=0.00..81003.12 rows=1510670 width=4) (actual time=0.026..1581.739 rows=1528540 loops=1)
        Filter: (keyword_id > 10474)
        Rows Removed by Filter: 2995390
  ->  Hash  (cost=67604.59..67604.59 rows=1860996 width=4) (actual time=1909.214..1909.214 rows=1865487 loops=1)
        Buckets: 131072  Batches: 32  Memory Usage: 3085kB
        ->  Seq Scan on title t  (cost=0.00..67604.59 rows=1860996 width=4) (actual time=0.019..1295.874 rows=1865487 loops=1)
              Filter: (kind_id > 1)
              Rows Removed by Filter: 662825
Planning time: 0.747 ms
Execution time: 5427.988 ms
