Seq Scan on cast_info ci  (cost=0.00..796071.18 rows=5118154 width=0) (actual time=816.243..12897.306 rows=3166906 loops=1)
  Filter: ((person_id < 1115249) AND (role_id > 2))
  Rows Removed by Filter: 33077438
Planning time: 0.406 ms
Execution time: 13293.142 ms
