Hash Join  (cost=85777.42..901451.28 rows=2908125 width=0) (actual time=1765.841..18321.481 rows=2838701 loops=1)
  Hash Cond: (ci.movie_id = t.id)
  ->  Seq Scan on cast_info ci  (cost=0.00..705507.15 rows=6638522 width=4) (actual time=11.269..11744.430 rows=6570109 loops=1)
        Filter: (person_id < 634448)
        Rows Removed by Filter: 29674235
  ->  Hash  (cost=67604.59..67604.59 rows=1107667 width=4) (actual time=1606.196..1606.196 rows=1107925 loops=1)
        Buckets: 131072  Batches: 16  Memory Usage: 3460kB
        ->  Seq Scan on title t  (cost=0.00..67604.59 rows=1107667 width=4) (actual time=0.030..1255.027 rows=1107925 loops=1)
              Filter: (production_year > 2004)
              Rows Removed by Filter: 1420387
Planning time: 0.754 ms
Execution time: 18651.866 ms
