Seq Scan on movie_info mi  (cost=0.00..346232.03 rows=13773841 width=0) (actual time=0.013..5918.798 rows=13809504 loops=1)
  Filter: (info_type_id < 85)
  Rows Removed by Filter: 1026216
Planning time: 0.342 ms
Execution time: 7437.712 ms
