Hash Join  (cost=172023.45..1007041.25 rows=156418 width=0) (actual time=9492.318..18543.367 rows=398182 loops=1)
  Hash Cond: (ci.movie_id = t.id)
  ->  Seq Scan on cast_info ci  (cost=0.00..796071.18 rows=9968650 width=4) (actual time=6395.208..13534.549 rows=7085468 loops=1)
        Filter: ((person_id > 751915) AND (role_id < 2))
        Rows Removed by Filter: 29158876
  ->  Hash  (cost=171527.51..171527.51 rows=39675 width=8) (actual time=3096.505..3096.505 rows=77396 loops=1)
        Buckets: 131072 (originally 65536)  Batches: 1 (originally 1)  Memory Usage: 4048kB
        ->  Hash Join  (cost=102767.86..171527.51 rows=39675 width=8) (actual time=2458.108..3068.270 rows=77396 loops=1)
              Hash Cond: (mc.movie_id = t.id)
              ->  Seq Scan on movie_companies mc  (cost=0.00..57926.93 rows=39675 width=4) (actual time=665.607..884.769 rows=77396 loops=1)
                    Filter: ((company_id > 171650) AND (company_type_id = 2))
                    Rows Removed by Filter: 2531733
              ->  Hash  (cost=61283.27..61283.27 rows=2528527 width=4) (actual time=1790.789..1790.789 rows=2528312 loops=1)
                    Buckets: 131072  Batches: 64  Memory Usage: 2415kB
                    ->  Seq Scan on title t  (cost=0.00..61283.27 rows=2528527 width=4) (actual time=0.019..972.479 rows=2528312 loops=1)
Planning time: 1.199 ms
Execution time: 18591.265 ms
