Seq Scan on movie_companies mc  (cost=0.00..51404.11 rows=1657059 width=0) (actual time=0.021..939.247 rows=1648571 loops=1)
  Filter: (company_id < 18097)
  Rows Removed by Filter: 960558
Planning time: 0.348 ms
Execution time: 1148.545 ms
