Hash Join  (cost=94706.90..184353.03 rows=1006410 width=0) (actual time=2448.823..4243.453 rows=423728 loops=1)
  Hash Cond: (mc.movie_id = t.id)
  ->  Seq Scan on movie_companies mc  (cost=0.00..51404.11 rows=2009043 width=4) (actual time=0.016..967.837 rows=2003950 loops=1)
        Filter: (company_id < 66063)
        Rows Removed by Filter: 605179
  ->  Hash  (cost=73925.90..73925.90 rows=1266640 width=4) (actual time=1750.753..1750.753 rows=1348885 loops=1)
        Buckets: 131072  Batches: 32  Memory Usage: 2511kB
        ->  Seq Scan on title t  (cost=0.00..73925.90 rows=1266640 width=4) (actual time=218.504..1329.063 rows=1348885 loops=1)
              Filter: ((production_year > 1970) AND (kind_id = 7))
              Rows Removed by Filter: 1179427
Planning time: 1.010 ms
Execution time: 4290.126 ms
