Seq Scan on movie_companies mc  (cost=0.00..57926.93 rows=275768 width=0) (actual time=520.223..964.743 rows=141098 loops=1)
  Filter: ((company_id < 531) AND (company_type_id > 1))
  Rows Removed by Filter: 2468031
Planning time: 0.340 ms
Execution time: 981.956 ms
