Hash Join  (cost=75229.22..426323.62 rows=12031 width=0) (actual time=5897.599..6694.217 rows=10521 loops=1)
  Hash Cond: (mi.movie_id = t.id)
  ->  Seq Scan on movie_info mi  (cost=0.00..346232.03 rows=383217 width=4) (actual time=4447.103..5266.976 rows=368218 loops=1)
        Filter: (info_type_id = 17)
        Rows Removed by Filter: 14467502
  ->  Hash  (cost=73925.90..73925.90 rows=79385 width=4) (actual time=1284.755..1284.755 rows=112028 loops=1)
        Buckets: 131072  Batches: 2  Memory Usage: 3001kB
        ->  Seq Scan on title t  (cost=0.00..73925.90 rows=79385 width=4) (actual time=1.272..1243.511 rows=112028 loops=1)
              Filter: ((production_year > 1990) AND (kind_id = 4))
              Rows Removed by Filter: 2416284
Planning time: 0.643 ms
Execution time: 6696.031 ms
