Hash Join  (cost=102767.86..198814.59 rows=214622 width=0) (actual time=1884.454..3624.830 rows=216011 loops=1)
  Hash Cond: (mk.movie_id = t.id)
  ->  Seq Scan on movie_keyword mk  (cost=0.00..81003.12 rows=214622 width=4) (actual time=0.027..1244.180 rows=216011 loops=1)
        Filter: (keyword_id > 65439)
        Rows Removed by Filter: 4307919
  ->  Hash  (cost=61283.27..61283.27 rows=2528527 width=4) (actual time=1883.291..1883.291 rows=2528312 loops=1)
        Buckets: 131072  Batches: 64  Memory Usage: 2425kB
        ->  Seq Scan on title t  (cost=0.00..61283.27 rows=2528527 width=4) (actual time=0.011..1031.389 rows=2528312 loops=1)
Planning time: 0.703 ms
Execution time: 3648.008 ms
