Seq Scan on title t  (cost=0.00..67604.59 rows=1380887 width=0) (actual time=0.018..1221.775 rows=1381453 loops=1)
  Filter: (production_year > 2000)
  Rows Removed by Filter: 1146859
Planning time: 0.286 ms
Execution time: 1401.325 ms
