Hash Join  (cost=204266.49..1298049.23 rows=5838764 width=0) (actual time=4013.872..34341.266 rows=5385120 loops=1)
  Hash Cond: (ci.movie_id = t.id)
  ->  Seq Scan on cast_info ci  (cost=0.00..614943.12 rows=36225612 width=4) (actual time=0.024..13391.353 rows=36244344 loops=1)
  ->  Hash  (cost=197580.21..197580.21 rows=407542 width=8) (actual time=4012.536..4012.536 rows=240320 loops=1)
        Buckets: 131072  Batches: 8  Memory Usage: 2210kB
        ->  Hash Join  (cost=98137.04..197580.21 rows=407542 width=8) (actual time=1927.889..3935.651 rows=240320 loops=1)
              Hash Cond: (mk.movie_id = t.id)
              ->  Seq Scan on movie_keyword mk  (cost=0.00..81003.12 rows=553726 width=4) (actual time=0.020..1313.541 rows=553955 loops=1)
                    Filter: (keyword_id < 397)
                    Rows Removed by Filter: 3969975
              ->  Hash  (cost=67604.59..67604.59 rows=1860996 width=4) (actual time=1926.554..1926.554 rows=1865487 loops=1)
                    Buckets: 131072  Batches: 32  Memory Usage: 3085kB
                    ->  Seq Scan on title t  (cost=0.00..67604.59 rows=1860996 width=4) (actual time=0.021..1320.045 rows=1865487 loops=1)
                          Filter: (kind_id > 1)
                          Rows Removed by Filter: 662825
Planning time: 1.146 ms
Execution time: 34978.674 ms
