Seq Scan on title t  (cost=0.00..67604.59 rows=114542 width=94) (actual time=207.097..1175.163 rows=118234 loops=1)
  Filter: (kind_id = 4)
  Rows Removed by Filter: 2410078
Planning time: 0.504 ms
Execution time: 1182.303 ms
