Hash Join  (cost=106641.37..161731.12 rows=42423 width=0) (actual time=1991.268..3300.588 rows=117574 loops=1)
  Hash Cond: (mc.movie_id = t.id)
  ->  Seq Scan on movie_companies mc  (cost=0.00..44881.29 rows=2609129 width=4) (actual time=0.014..634.330 rows=2609129 loops=1)
  ->  Hash  (cost=106127.47..106127.47 rows=41112 width=8) (actual time=1990.852..1990.852 rows=38685 loops=1)
        Buckets: 65536  Batches: 1  Memory Usage: 2024kB
        ->  Hash Join  (cost=69460.45..106127.47 rows=41112 width=8) (actual time=1066.053..1977.033 rows=38685 loops=1)
              Hash Cond: (mi_idx.movie_id = t.id)
              ->  Seq Scan on movie_info_idx mi_idx  (cost=0.00..25185.44 rows=919057 width=4) (actual time=0.017..571.627 rows=920110 loops=1)
                    Filter: (info_type_id > 99)
                    Rows Removed by Filter: 459925
              ->  Hash  (cost=67604.59..67604.59 rows=113109 width=4) (actual time=1065.396..1065.396 rows=119565 loops=1)
                    Buckets: 131072  Batches: 2  Memory Usage: 3115kB
                    ->  Seq Scan on title t  (cost=0.00..67604.59 rows=113109 width=4) (actual time=0.023..1022.620 rows=119565 loops=1)
                          Filter: (production_year = 2007)
                          Rows Removed by Filter: 2408747
Planning time: 11.573 ms
Execution time: 3316.941 ms
