Hash Join  (cost=194044.22..659873.09 rows=2901639 width=0) (actual time=4701.486..15169.911 rows=2049465 loops=1)
  Hash Cond: (mi.movie_id = t.id)
  ->  Seq Scan on movie_info mi  (cost=0.00..346232.03 rows=7503588 width=4) (actual time=0.018..6383.537 rows=7548855 loops=1)
        Filter: (info_type_id > 7)
        Rows Removed by Filter: 7286865
  ->  Hash  (cost=178001.95..178001.95 rows=977782 width=8) (actual time=4596.852..4596.852 rows=465794 loops=1)
        Buckets: 131072  Batches: 16  Memory Usage: 2160kB
        ->  Hash Join  (cost=89472.60..178001.95 rows=977782 width=8) (actual time=2296.943..4440.258 rows=465794 loops=1)
              Hash Cond: (mc.movie_id = t.id)
              ->  Seq Scan on movie_companies mc  (cost=0.00..44881.29 rows=2609129 width=4) (actual time=0.016..1057.784 rows=2609129 loops=1)
              ->  Hash  (cost=73925.90..73925.90 rows=947576 width=4) (actual time=1736.605..1736.605 rows=876037 loops=1)
                    Buckets: 131072  Batches: 16  Memory Usage: 2949kB
                    ->  Seq Scan on title t  (cost=0.00..73925.90 rows=947576 width=4) (actual time=0.025..1444.936 rows=876037 loops=1)
                          Filter: ((production_year < 2007) AND (kind_id = 7))
                          Rows Removed by Filter: 1652275
Planning time: 1.136 ms
Execution time: 15409.295 ms
