Hash Join  (cost=77062.89..198265.77 rows=625006 width=0) (actual time=1379.464..5019.649 rows=855504 loops=1)
  Hash Cond: (mk.movie_id = t.id)
  ->  Seq Scan on movie_keyword mk  (cost=0.00..81003.12 rows=2741254 width=4) (actual time=0.028..1613.315 rows=2732361 loops=1)
        Filter: (keyword_id < 7766)
        Rows Removed by Filter: 1791569
  ->  Hash  (cost=67604.59..67604.59 rows=576504 width=4) (actual time=1378.412..1378.412 rows=568449 loops=1)
        Buckets: 131072  Batches: 8  Memory Usage: 3519kB
        ->  Seq Scan on title t  (cost=0.00..67604.59 rows=576504 width=4) (actual time=0.023..1190.275 rows=568449 loops=1)
              Filter: (production_year < 1984)
              Rows Removed by Filter: 1959863
Planning time: 0.746 ms
Execution time: 5122.838 ms
