Hash Join  (cost=141953.15..1013432.25 rows=2300896 width=0) (actual time=7686.677..24232.213 rows=4066071 loops=1)
  Hash Cond: (ci.movie_id = t.id)
  ->  Seq Scan on cast_info ci  (cost=0.00..705507.15 rows=12203201 width=4) (actual time=4500.523..14784.480 rows=12113646 loops=1)
        Filter: (role_id > 3)
        Rows Removed by Filter: 24130698
  ->  Hash  (cost=134130.77..134130.77 rows=476750 width=8) (actual time=3184.553..3184.553 rows=237921 loops=1)
        Buckets: 131072  Batches: 8  Memory Usage: 2176kB
        ->  Hash Join  (cost=88257.79..134130.77 rows=476750 width=8) (actual time=2246.823..3114.121 rows=237921 loops=1)
              Hash Cond: (mi_idx.movie_id = t.id)
              ->  Seq Scan on movie_info_idx mi_idx  (cost=0.00..21735.35 rows=1380035 width=4) (actual time=0.039..520.678 rows=1380035 loops=1)
              ->  Hash  (cost=73925.90..73925.90 rows=873511 width=4) (actual time=1730.160..1730.160 rows=957299 loops=1)
                    Buckets: 131072  Batches: 16  Memory Usage: 3134kB
                    ->  Seq Scan on title t  (cost=0.00..73925.90 rows=873511 width=4) (actual time=0.035..1427.553 rows=957299 loops=1)
                          Filter: ((production_year > 1999) AND (kind_id = 7))
                          Rows Removed by Filter: 1571013
Planning time: 1.206 ms
Execution time: 24687.740 ms
