Hash Join  (cost=1119367.70..1905414.93 rows=21794070 width=0) (actual time=27614.705..48431.737 rows=27332954 loops=1)
  Hash Cond: (mi.movie_id = t.id)
  ->  Seq Scan on movie_info mi  (cost=0.00..309384.22 rows=14739122 width=4) (actual time=0.021..6360.130 rows=14835720 loops=1)
  ->  Hash  (cost=1058027.47..1058027.47 rows=3738818 width=8) (actual time=27611.057..27611.057 rows=5399537 loops=1)
        Buckets: 131072 (originally 131072)  Batches: 128 (originally 64)  Memory Usage: 3073kB
        ->  Hash Join  (cost=87301.44..1058027.47 rows=3738818 width=8) (actual time=2111.263..26218.635 rows=5399537 loops=1)
              Hash Cond: (ci.movie_id = t.id)
              ->  Seq Scan on cast_info ci  (cost=0.00..796071.18 rows=11596178 width=4) (actual time=428.206..16615.108 rows=13286447 loops=1)
                    Filter: ((person_id > 996264) AND (role_id > 2))
                    Rows Removed by Filter: 22957897
              ->  Hash  (cost=73925.90..73925.90 rows=815243 width=4) (actual time=1681.688..1681.688 rows=876186 loops=1)
                    Buckets: 131072  Batches: 16  Memory Usage: 2955kB
                    ->  Seq Scan on title t  (cost=0.00..73925.90 rows=815243 width=4) (actual time=0.034..1404.538 rows=876186 loops=1)
                          Filter: ((kind_id > 1) AND (production_year > 2004))
                          Rows Removed by Filter: 1652126
Planning time: 1.217 ms
Execution time: 51044.797 ms
