Hash Join  (cost=58358.53..85269.03 rows=1 width=0) (actual time=846.522..1294.045 rows=18 loops=1)
  Hash Cond: (mi_idx.movie_id = t.id)
  ->  Seq Scan on movie_info_idx mi_idx  (cost=0.00..21735.35 rows=1380035 width=4) (actual time=0.018..291.111 rows=1380035 loops=1)
  ->  Hash  (cost=58358.52..58358.52 rows=1 width=8) (actual time=749.171..749.171 rows=6 loops=1)
        Buckets: 1024  Batches: 1  Memory Usage: 9kB
        ->  Nested Loop  (cost=0.43..58358.52 rows=1 width=8) (actual time=182.831..749.152 rows=6 loops=1)
              ->  Seq Scan on movie_companies mc  (cost=0.00..57926.93 rows=51 width=4) (actual time=50.321..740.428 rows=222 loops=1)
                    Filter: ((company_id = 3607) AND (company_type_id = 1))
                    Rows Removed by Filter: 2608907
              ->  Index Scan using title_pkey on title t  (cost=0.43..8.45 rows=1 width=4) (actual time=0.038..0.038 rows=0 loops=222)
                    Index Cond: (id = mc.movie_id)
                    Filter: ((kind_id < 7) AND (production_year = 2011))
                    Rows Removed by Filter: 1
Planning time: 1.233 ms
Execution time: 1294.194 ms
