Hash Join  (cost=73950.44..825020.84 rows=28123 width=0) (actual time=1175.890..16755.839 rows=79464 loops=1)
  Hash Cond: (ci.movie_id = t.id)
  ->  Seq Scan on cast_info ci  (cost=0.00..614943.12 rows=36225612 width=4) (actual time=0.016..8471.748 rows=36244344 loops=1)
  ->  Hash  (cost=73925.90..73925.90 rows=1963 width=4) (actual time=1175.807..1175.807 rows=4455 loops=1)
        Buckets: 8192 (originally 2048)  Batches: 1 (originally 1)  Memory Usage: 221kB
        ->  Seq Scan on title t  (cost=0.00..73925.90 rows=1963 width=4) (actual time=312.605..1173.568 rows=4455 loops=1)
              Filter: ((kind_id = 1) AND (production_year = 1983))
              Rows Removed by Filter: 2523857
Planning time: 0.816 ms
Execution time: 16771.678 ms
