Hash Join  (cost=73982.55..856652.19 rows=36705 width=0) (actual time=1236.242..19109.755 rows=112728 loops=1)
  Hash Cond: (ci.movie_id = t.id)
  ->  Seq Scan on cast_info ci  (cost=0.00..705507.15 rows=20478782 width=4) (actual time=0.008..13048.443 rows=20385218 loops=1)
        Filter: (person_id < 2049886)
        Rows Removed by Filter: 15859126
  ->  Hash  (cost=73925.90..73925.90 rows=4532 width=4) (actual time=1236.093..1236.093 rows=12643 loops=1)
        Buckets: 16384 (originally 8192)  Batches: 1 (originally 1)  Memory Usage: 573kB
        ->  Seq Scan on title t  (cost=0.00..73925.90 rows=4532 width=4) (actual time=26.313..1230.069 rows=12643 loops=1)
              Filter: ((kind_id = 7) AND (production_year = 1989))
              Rows Removed by Filter: 2515669
Planning time: 0.732 ms
Execution time: 19128.352 ms
