Hash Join  (cost=73957.54..160660.86 rows=4528 width=0) (actual time=1122.989..2776.508 rows=20528 loops=1)
  Hash Cond: (mk.movie_id = t.id)
  ->  Seq Scan on movie_keyword mk  (cost=0.00..69693.30 rows=4523930 width=4) (actual time=0.021..892.632 rows=4523930 loops=1)
  ->  Hash  (cost=73925.90..73925.90 rows=2531 width=4) (actual time=1122.803..1122.803 rows=3172 loops=1)
        Buckets: 4096  Batches: 1  Memory Usage: 144kB
        ->  Seq Scan on title t  (cost=0.00..73925.90 rows=2531 width=4) (actual time=0.027..1121.145 rows=3172 loops=1)
              Filter: ((kind_id < 4) AND (production_year = 1953))
              Rows Removed by Filter: 2525140
Planning time: 8.063 ms
Execution time: 2779.256 ms
