Seq Scan on movie_companies mc  (cost=0.00..57926.93 rows=792009 width=0) (actual time=0.019..1051.654 rows=1009707 loops=1)
  Filter: ((company_id > 6158) AND (company_type_id = 2))
  Rows Removed by Filter: 1599422
Planning time: 0.368 ms
Execution time: 1176.958 ms
