Hash Join  (cost=83074.74..137742.81 rows=254 width=0) (actual time=1145.115..1764.127 rows=1156 loops=1)
  Hash Cond: (mc.movie_id = t.id)
  ->  Seq Scan on movie_companies mc  (cost=0.00..44881.29 rows=2609129 width=4) (actual time=0.024..317.715 rows=2609129 loops=1)
  ->  Hash  (cost=83071.67..83071.67 rows=246 width=8) (actual time=1144.796..1144.796 rows=853 loops=1)
        Buckets: 1024  Batches: 1  Memory Usage: 42kB
        ->  Nested Loop  (cost=0.43..83071.67 rows=246 width=8) (actual time=13.695..1144.234 rows=853 loops=1)
              ->  Seq Scan on movie_keyword mk  (cost=0.00..81003.12 rows=246 width=4) (actual time=13.605..1122.795 rows=853 loops=1)
                    Filter: (keyword_id = 59978)
                    Rows Removed by Filter: 4523077
              ->  Index Only Scan using title_pkey on title t  (cost=0.43..8.40 rows=1 width=4) (actual time=0.024..0.024 rows=1 loops=853)
                    Index Cond: (id = mk.movie_id)
                    Heap Fetches: 853
Planning time: 1.149 ms
Execution time: 1764.358 ms
