Hash Join  (cost=83810.17..225433.82 rows=1433358 width=0) (actual time=1432.199..5637.633 rows=3123176 loops=1)
  Hash Cond: (mk.movie_id = t.id)
  ->  Seq Scan on movie_keyword mk  (cost=0.00..81003.12 rows=3669318 width=4) (actual time=0.013..1758.999 rows=3664519 loops=1)
        Filter: (keyword_id > 816)
        Rows Removed by Filter: 859411
  ->  Hash  (cost=67604.59..67604.59 rows=987727 width=4) (actual time=1430.991..1430.991 rows=985048 loops=1)
        Buckets: 131072  Batches: 16  Memory Usage: 3197kB
        ->  Seq Scan on title t  (cost=0.00..67604.59 rows=987727 width=4) (actual time=0.058..1129.964 rows=985048 loops=1)
              Filter: (kind_id < 7)
              Rows Removed by Filter: 1543264
Planning time: 0.749 ms
Execution time: 5975.838 ms
