Hash Join  (cost=162030.59..1028051.13 rows=156861 width=0) (actual time=2971.219..23512.138 rows=1364378 loops=1)
  Hash Cond: (ci.movie_id = t.id)
  ->  Seq Scan on cast_info ci  (cost=0.00..796071.18 rows=18234867 width=4) (actual time=4.449..15638.201 rows=20437968 loops=1)
        Filter: ((person_id < 2190487) AND (role_id < 9))
        Rows Removed by Filter: 15806376
  ->  Hash  (cost=161758.70..161758.70 rows=21751 width=8) (actual time=2603.056..2603.056 rows=50490 loops=1)
        Buckets: 65536 (originally 32768)  Batches: 1 (originally 1)  Memory Usage: 2485kB
        ->  Hash Join  (cost=74341.98..161758.70 rows=21751 width=8) (actual time=1090.257..2586.799 rows=50490 loops=1)
              Hash Cond: (mk.movie_id = t.id)
              ->  Seq Scan on movie_keyword mk  (cost=0.00..81003.12 rows=1652290 width=4) (actual time=0.019..1214.200 rows=1665575 loops=1)
                    Filter: (keyword_id < 2554)
                    Rows Removed by Filter: 2858355
              ->  Hash  (cost=73925.90..73925.90 rows=33286 width=4) (actual time=1089.852..1089.852 rows=28113 loops=1)
                    Buckets: 65536  Batches: 1  Memory Usage: 1501kB
                    ->  Seq Scan on title t  (cost=0.00..73925.90 rows=33286 width=4) (actual time=0.437..1077.262 rows=28113 loops=1)
                          Filter: ((kind_id < 7) AND (production_year = 2004))
                          Rows Removed by Filter: 2500199
Planning time: 1.211 ms
Execution time: 23686.044 ms
