Hash Join  (cost=83074.74..949258.16 rows=1819 width=0) (actual time=1315.976..18312.589 rows=50837 loops=1)
  Hash Cond: (ci.movie_id = t.id)
  ->  Seq Scan on cast_info ci  (cost=0.00..796071.18 rows=18691745 width=4) (actual time=0.106..14697.607 rows=16102664 loops=1)
        Filter: ((person_id < 2924906) AND (role_id > 1))
        Rows Removed by Filter: 20141680
  ->  Hash  (cost=83071.67..83071.67 rows=246 width=8) (actual time=1315.808..1315.808 rows=2174 loops=1)
        Buckets: 4096 (originally 1024)  Batches: 1 (originally 1)  Memory Usage: 117kB
        ->  Nested Loop  (cost=0.43..83071.67 rows=246 width=8) (actual time=0.363..1314.274 rows=2174 loops=1)
              ->  Seq Scan on movie_keyword mk  (cost=0.00..81003.12 rows=246 width=4) (actual time=0.310..1228.229 rows=2174 loops=1)
                    Filter: (keyword_id = 395)
                    Rows Removed by Filter: 4521756
              ->  Index Only Scan using title_pkey on title t  (cost=0.43..8.40 rows=1 width=4) (actual time=0.038..0.038 rows=1 loops=2174)
                    Index Cond: (id = mk.movie_id)
                    Heap Fetches: 2174
Planning time: 1.654 ms
Execution time: 18322.532 ms
