Nested Loop  (cost=0.43..141397.20 rows=575 width=0) (actual time=7.074..1591.053 rows=238 loops=1)
  ->  Seq Scan on movie_keyword mk  (cost=0.00..81003.12 rows=9048 width=4) (actual time=0.095..1328.250 rows=9942 loops=1)
        Filter: (keyword_id = 56)
        Rows Removed by Filter: 4513988
  ->  Index Scan using title_pkey on title t  (cost=0.43..6.66 rows=1 width=4) (actual time=0.026..0.026 rows=0 loops=9942)
        Index Cond: (id = mk.movie_id)
        Filter: (production_year = 2011)
        Rows Removed by Filter: 1
Planning time: 0.767 ms
Execution time: 1591.300 ms
