Hash Join  (cost=129551.95..216264.15 rows=5416 width=0) (actual time=2190.745..3964.822 rows=225923 loops=1)
  Hash Cond: (mk.movie_id = t.id)
  ->  Seq Scan on movie_keyword mk  (cost=0.00..69693.30 rows=4523930 width=4) (actual time=0.013..900.148 rows=4523930 loops=1)
  ->  Hash  (cost=129514.12..129514.12 rows=3027 width=8) (actual time=2190.513..2190.513 rows=7449 loops=1)
        Buckets: 8192 (originally 4096)  Batches: 1 (originally 1)  Memory Usage: 355kB
        ->  Hash Join  (cost=67697.55..129514.12 rows=3027 width=8) (actual time=1070.865..2187.588 rows=7449 loops=1)
              Hash Cond: (mc.movie_id = t.id)
              ->  Seq Scan on movie_companies mc  (cost=0.00..57926.93 rows=1029163 width=4) (actual time=0.024..951.787 rows=899780 loops=1)
                    Filter: ((company_id > 466) AND (company_type_id = 1))
                    Rows Removed by Filter: 1709349
              ->  Hash  (cost=67604.59..67604.59 rows=7437 width=4) (actual time=1070.352..1070.352 rows=18391 loops=1)
                    Buckets: 32768 (originally 8192)  Batches: 1 (originally 1)  Memory Usage: 903kB
                    ->  Seq Scan on title t  (cost=0.00..67604.59 rows=7437 width=4) (actual time=0.043..1061.634 rows=18391 loops=1)
                          Filter: (production_year = 1985)
                          Rows Removed by Filter: 2509921
Planning time: 1.262 ms
Execution time: 3992.514 ms
