Hash Join  (cost=456589.59..1552365.18 rows=6032745 width=0) (actual time=7768.732..39749.982 rows=6699823 loops=1)
  Hash Cond: (ci.movie_id = t.id)
  ->  Seq Scan on cast_info ci  (cost=0.00..614943.12 rows=36225612 width=4) (actual time=0.018..13222.056 rows=36244344 loops=1)
  ->  Hash  (cost=449681.06..449681.06 rows=421082 width=8) (actual time=7767.932..7767.932 rows=337743 loops=1)
        Buckets: 131072  Batches: 8  Memory Usage: 2661kB
        ->  Hash Join  (cost=80562.70..449681.06 rows=421082 width=8) (actual time=4432.378..7659.868 rows=337743 loops=1)
              Hash Cond: (mi.movie_id = t.id)
              ->  Seq Scan on movie_info mi  (cost=0.00..346232.03 rows=1348138 width=4) (actual time=3123.911..5427.580 rows=1298989 loops=1)
                    Filter: (info_type_id = 4)
                    Rows Removed by Filter: 13536731
              ->  Hash  (cost=67604.59..67604.59 rows=789769 width=4) (actual time=1307.558..1307.558 rows=784926 loops=1)
                    Buckets: 131072  Batches: 16  Memory Usage: 2755kB
                    ->  Seq Scan on title t  (cost=0.00..67604.59 rows=789769 width=4) (actual time=0.024..1049.259 rows=784926 loops=1)
                          Filter: (production_year > 2007)
                          Rows Removed by Filter: 1743386
Planning time: 8.257 ms
Execution time: 40516.922 ms
