Seq Scan on movie_keyword mk  (cost=0.00..81003.12 rows=4502253 width=0) (actual time=0.015..1521.143 rows=4505664 loops=1)
  Filter: (keyword_id < 118594)
  Rows Removed by Filter: 18266
Planning time: 0.371 ms
Execution time: 2071.437 ms
