Seq Scan on movie_keyword mk  (cost=0.00..81003.12 rows=1409045 width=0) (actual time=0.028..1254.448 rows=1421909 loops=1)
  Filter: (keyword_id > 11728)
  Rows Removed by Filter: 3102021
Planning time: 0.973 ms
Execution time: 1435.148 ms
