Hash Join  (cost=100901.79..187569.38 rows=955 width=0) (actual time=1455.014..3243.773 rows=15308 loops=1)
  Hash Cond: (mk.movie_id = t.id)
  ->  Seq Scan on movie_keyword mk  (cost=0.00..69693.30 rows=4523930 width=4) (actual time=0.022..983.562 rows=4523930 loops=1)
  ->  Hash  (cost=100895.12..100895.12 rows=534 width=8) (actual time=1454.458..1454.458 rows=1418 loops=1)
        Buckets: 2048 (originally 1024)  Batches: 1 (originally 1)  Memory Usage: 72kB
        ->  Hash Join  (cost=73962.22..100895.12 rows=534 width=8) (actual time=963.908..1453.625 rows=1418 loops=1)
              Hash Cond: (mi_idx.movie_id = t.id)
              ->  Seq Scan on movie_info_idx mi_idx  (cost=0.00..25185.44 rows=464566 width=4) (actual time=0.025..407.785 rows=459925 loops=1)
                    Filter: (info_type_id = 101)
                    Rows Removed by Filter: 920110
              ->  Hash  (cost=73925.90..73925.90 rows=2905 width=4) (actual time=963.458..963.458 rows=3646 loops=1)
                    Buckets: 4096  Batches: 1  Memory Usage: 161kB
                    ->  Seq Scan on title t  (cost=0.00..73925.90 rows=2905 width=4) (actual time=0.024..961.590 rows=3646 loops=1)
                          Filter: ((kind_id < 7) AND (production_year = 1957))
                          Rows Removed by Filter: 2524666
Planning time: 1.039 ms
Execution time: 3246.024 ms
