Hash Join  (cost=68100.81..428491.64 rows=56896 width=0) (actual time=1462.947..7525.546 rows=43717 loops=1)
  Hash Cond: (mi.movie_id = t.id)
  ->  Seq Scan on movie_info mi  (cost=0.00..346232.03 rows=3623957 width=4) (actual time=397.584..5649.833 rows=3624977 loops=1)
        Filter: (info_type_id < 4)
        Rows Removed by Filter: 11210743
  ->  Hash  (cost=67604.59..67604.59 rows=39698 width=4) (actual time=1064.694..1064.694 rows=36437 loops=1)
        Buckets: 65536  Batches: 1  Memory Usage: 1793kB
        ->  Seq Scan on title t  (cost=0.00..67604.59 rows=39698 width=4) (actual time=0.068..1048.885 rows=36437 loops=1)
              Filter: (production_year = 1995)
              Rows Removed by Filter: 2491875
Planning time: 0.524 ms
Execution time: 7532.232 ms
