Hash Join  (cost=200044.82..1188867.55 rows=4414859 width=0) (actual time=4239.435..23325.685 rows=4354759 loops=1)
  Hash Cond: (ci.movie_id = t.id)
  ->  Seq Scan on cast_info ci  (cost=0.00..796071.18 rows=12551457 width=4) (actual time=9.425..14350.797 rows=6587334 loops=1)
        Filter: ((person_id < 1924581) AND (role_id > 1))
        Rows Removed by Filter: 29657010
  ->  Hash  (cost=185452.49..185452.49 rows=889386 width=8) (actual time=4229.187..4229.187 rows=895590 loops=1)
        Buckets: 131072  Batches: 16  Memory Usage: 3219kB
        ->  Hash Join  (cost=102767.86..185452.49 rows=889386 width=8) (actual time=1886.921..3964.812 rows=895590 loops=1)
              Hash Cond: (mc.movie_id = t.id)
              ->  Seq Scan on movie_companies mc  (cost=0.00..51404.11 rows=889386 width=4) (actual time=0.020..884.100 rows=895590 loops=1)
                    Filter: (company_id > 21664)
                    Rows Removed by Filter: 1713539
              ->  Hash  (cost=61283.27..61283.27 rows=2528527 width=4) (actual time=1885.740..1885.740 rows=2528312 loops=1)
                    Buckets: 131072  Batches: 64  Memory Usage: 2415kB
                    ->  Seq Scan on title t  (cost=0.00..61283.27 rows=2528527 width=4) (actual time=0.020..1005.490 rows=2528312 loops=1)
Planning time: 1.156 ms
Execution time: 23841.425 ms
