Hash Join  (cost=172617.34..716548.36 rows=6009709 width=0) (actual time=4241.824..21073.296 rows=14689837 loops=1)
  Hash Cond: (mi.movie_id = t.id)
  ->  Seq Scan on movie_info mi  (cost=0.00..309384.22 rows=14739122 width=4) (actual time=0.017..6139.417 rows=14835720 loops=1)
  ->  Hash  (cost=155702.12..155702.12 rows=1030978 width=8) (actual time=4240.837..4240.837 rows=1016570 loops=1)
        Buckets: 131072  Batches: 16  Memory Usage: 3526kB
        ->  Hash Join  (cost=98595.81..155702.12 rows=1030978 width=8) (actual time=1950.339..3896.604 rows=1016570 loops=1)
              Hash Cond: (mi_idx.movie_id = t.id)
              ->  Seq Scan on movie_info_idx mi_idx  (cost=0.00..21735.35 rows=1380035 width=4) (actual time=0.024..438.254 rows=1380035 loops=1)
              ->  Hash  (cost=67604.59..67604.59 rows=1888978 width=4) (actual time=1949.496..1949.496 rows=1887769 loops=1)
                    Buckets: 131072  Batches: 32  Memory Usage: 3106kB
                    ->  Seq Scan on title t  (cost=0.00..67604.59 rows=1888978 width=4) (actual time=0.015..1355.771 rows=1887769 loops=1)
                          Filter: (production_year > 1983)
                          Rows Removed by Filter: 640543
Planning time: 1.206 ms
Execution time: 22728.977 ms
