Seq Scan on title t  (cost=0.00..73925.90 rows=680588 width=0) (actual time=0.018..877.358 rows=743261 loops=1)
  Filter: ((kind_id > 4) AND (production_year > 2004))
  Rows Removed by Filter: 1785051
Planning time: 0.380 ms
Execution time: 954.259 ms
