Hash Join  (cost=81711.23..209984.65 rows=634173 width=0) (actual time=2756.070..4392.598 rows=127923 loops=1)
  Hash Cond: (mk.movie_id = t.id)
  ->  Seq Scan on movie_keyword mk  (cost=0.00..81003.12 rows=3379352 width=4) (actual time=0.019..1705.874 rows=3368029 loops=1)
        Filter: (keyword_id < 16142)
        Rows Removed by Filter: 1155901
  ->  Hash  (cost=73925.90..73925.90 rows=474506 width=4) (actual time=1259.212..1259.212 rows=360459 loops=1)
        Buckets: 131072  Batches: 8  Memory Usage: 2600kB
        ->  Seq Scan on title t  (cost=0.00..73925.90 rows=474506 width=4) (actual time=0.026..1122.204 rows=360459 loops=1)
              Filter: ((production_year < 1994) AND (kind_id = 7))
              Rows Removed by Filter: 2167853
Planning time: 0.821 ms
Execution time: 4409.470 ms
