Seq Scan on movie_keyword mk  (cost=0.00..81003.12 rows=1126282 width=0) (actual time=0.022..905.146 rows=1134207 loops=1)
  Filter: (keyword_id < 1256)
  Rows Removed by Filter: 3389723
Planning time: 0.240 ms
Execution time: 1020.058 ms
