Seq Scan on cast_info ci  (cost=0.00..796071.18 rows=8815871 width=0) (actual time=0.116..14999.197 rows=12670688 loops=1)
  Filter: ((person_id < 2590416) AND (role_id = 1))
  Rows Removed by Filter: 23573656
Planning time: 2.422 ms
Execution time: 16562.182 ms
