Hash Join  (cost=160737.19..544119.96 rows=30298 width=0) (actual time=3021.711..10802.404 rows=2164625 loops=1)
  Hash Cond: (mi.movie_id = t.id)
  ->  Seq Scan on movie_info mi  (cost=0.00..309384.22 rows=14739122 width=4) (actual time=0.013..4177.260 rows=14835720 loops=1)
  ->  Hash  (cost=160672.23..160672.23 rows=5197 width=8) (actual time=3021.388..3021.388 rows=35212 loops=1)
        Buckets: 65536 (originally 8192)  Batches: 1 (originally 1)  Memory Usage: 1888kB
        ->  Hash Join  (cost=73962.22..160672.23 rows=5197 width=8) (actual time=1167.287..3008.932 rows=35212 loops=1)
              Hash Cond: (mk.movie_id = t.id)
              ->  Seq Scan on movie_keyword mk  (cost=0.00..69693.30 rows=4523930 width=4) (actual time=0.014..987.360 rows=4523930 loops=1)
              ->  Hash  (cost=73925.90..73925.90 rows=2905 width=4) (actual time=1166.625..1166.625 rows=7329 loops=1)
                    Buckets: 8192 (originally 4096)  Batches: 1 (originally 1)  Memory Usage: 322kB
                    ->  Seq Scan on title t  (cost=0.00..73925.90 rows=2905 width=4) (actual time=0.758..1163.144 rows=7329 loops=1)
                          Filter: ((kind_id < 7) AND (production_year = 1984))
                          Rows Removed by Filter: 2520983
Planning time: 0.746 ms
Execution time: 11062.593 ms
