Hash Join  (cost=594003.64..2052500.95 rows=19302110 width=0) (actual time=16788.953..72726.775 rows=85006810 loops=1)
  Hash Cond: (ci.movie_id = t.id)
  ->  Seq Scan on cast_info ci  (cost=0.00..614943.12 rows=36225612 width=4) (actual time=0.011..14076.969 rows=36244344 loops=1)
  ->  Hash  (cost=571899.69..571899.69 rows=1347276 width=8) (actual time=16786.944..16786.944 rows=3846399 loops=1)
        Buckets: 131072 (originally 131072)  Batches: 64 (originally 32)  Memory Usage: 3411kB
        ->  Hash Join  (cost=77718.01..571899.69 rows=1347276 width=8) (actual time=1336.779..15289.407 rows=3846399 loops=1)
              Hash Cond: (mi.movie_id = t.id)
              ->  Seq Scan on movie_info mi  (cost=0.00..309384.22 rows=14739122 width=4) (actual time=0.017..6020.970 rows=14835720 loops=1)
              ->  Hash  (cost=73925.90..73925.90 rows=231128 width=4) (actual time=1336.117..1336.117 rows=341868 loops=1)
                    Buckets: 131072  Batches: 4  Memory Usage: 4038kB
                    ->  Seq Scan on title t  (cost=0.00..73925.90 rows=231128 width=4) (actual time=0.019..1202.695 rows=341868 loops=1)
                          Filter: ((kind_id < 7) AND (production_year < 1985))
                          Rows Removed by Filter: 2186444
Planning time: 1.151 ms
Execution time: 81524.059 ms
