Hash Join  (cost=102767.86..918077.23 rows=388935 width=0) (actual time=10559.755..16658.408 rows=2472136 loops=1)
  Hash Cond: (ci.movie_id = t.id)
  ->  Seq Scan on cast_info ci  (cost=0.00..796071.18 rows=388935 width=4) (actual time=8352.614..11854.441 rows=2472136 loops=1)
        Filter: ((person_id > 3580674) AND (role_id > 8))
        Rows Removed by Filter: 33772208
  ->  Hash  (cost=61283.27..61283.27 rows=2528527 width=4) (actual time=2206.164..2206.164 rows=2528312 loops=1)
        Buckets: 131072  Batches: 64  Memory Usage: 2415kB
        ->  Seq Scan on title t  (cost=0.00..61283.27 rows=2528527 width=4) (actual time=0.026..1084.708 rows=2528312 loops=1)
Planning time: 0.763 ms
Execution time: 16945.954 ms
