Hash Join  (cost=73994.33..100918.42 rows=998 width=0) (actual time=1253.443..1834.330 rows=213 loops=1)
  Hash Cond: (mi_idx.movie_id = t.id)
  ->  Seq Scan on movie_info_idx mi_idx  (cost=0.00..25185.44 rows=460978 width=4) (actual time=0.020..541.849 rows=459925 loops=1)
        Filter: (info_type_id = 99)
        Rows Removed by Filter: 920110
  ->  Hash  (cost=73925.90..73925.90 rows=5474 width=4) (actual time=1218.151..1218.151 rows=2301 loops=1)
        Buckets: 8192  Batches: 1  Memory Usage: 145kB
        ->  Seq Scan on title t  (cost=0.00..73925.90 rows=5474 width=4) (actual time=1.450..1216.712 rows=2301 loops=1)
              Filter: ((kind_id > 1) AND (production_year = 1950))
              Rows Removed by Filter: 2526011
Planning time: 0.708 ms
Execution time: 1834.497 ms
