Seq Scan on movie_keyword mk  (cost=0.00..81003.12 rows=2443537 width=0) (actual time=0.019..1541.020 rows=2444860 loops=1)
  Filter: (keyword_id < 5822)
  Rows Removed by Filter: 2079070
Planning time: 0.375 ms
Execution time: 1840.660 ms
