Seq Scan on movie_companies mc  (cost=0.00..57926.93 rows=1036344 width=0) (actual time=0.020..999.324 rows=755285 loops=1)
  Filter: ((company_id < 71080) AND (company_type_id > 1))
  Rows Removed by Filter: 1853844
Planning time: 1.322 ms
Execution time: 1086.659 ms
