Seq Scan on cast_info ci  (cost=0.00..796071.18 rows=1173811 width=0) (actual time=11494.466..12660.968 rows=378743 loops=1)
  Filter: ((person_id < 948098) AND (role_id = 10))
  Rows Removed by Filter: 35865601
Planning time: 0.446 ms
Execution time: 12709.594 ms
