Hash Join  (cost=172344.41..600569.81 rows=1182380 width=0) (actual time=3719.313..13072.092 rows=1443508 loops=1)
  Hash Cond: (mi.movie_id = t.id)
  ->  Seq Scan on movie_info mi  (cost=0.00..346232.03 rows=5897221 width=4) (actual time=0.023..6325.320 rows=5884963 loops=1)
        Filter: (info_type_id < 7)
        Rows Removed by Filter: 8950757
  ->  Hash  (cost=164026.36..164026.36 rows=506964 width=8) (actual time=3717.471..3717.471 rows=377014 loops=1)
        Buckets: 131072  Batches: 8  Memory Usage: 2880kB
        ->  Hash Join  (cost=81987.19..164026.36 rows=506964 width=8) (actual time=1385.897..3613.702 rows=377014 loops=1)
              Hash Cond: (mc.movie_id = t.id)
              ->  Seq Scan on movie_companies mc  (cost=0.00..44881.29 rows=2609129 width=4) (actual time=0.018..924.827 rows=2609129 loops=1)
              ->  Hash  (cost=73925.90..73925.90 rows=491303 width=4) (actual time=1384.279..1384.279 rows=352208 loops=1)
                    Buckets: 131072  Batches: 8  Memory Usage: 2561kB
                    ->  Seq Scan on title t  (cost=0.00..73925.90 rows=491303 width=4) (actual time=0.028..1269.062 rows=352208 loops=1)
                          Filter: ((kind_id > 1) AND (production_year < 1989))
                          Rows Removed by Filter: 2176104
Planning time: 2.825 ms
Execution time: 13227.148 ms
