Seq Scan on movie_companies mc  (cost=0.00..57926.93 rows=51 width=0) (actual time=98.149..820.585 rows=542 loops=1)
  Filter: ((company_id = 7264) AND (company_type_id = 1))
  Rows Removed by Filter: 2608587
Planning time: 0.410 ms
Execution time: 820.816 ms
