Nested Loop  (cost=0.43..58358.52 rows=22 width=0) (actual time=477.916..1017.635 rows=18 loops=1)
  ->  Seq Scan on movie_companies mc  (cost=0.00..57926.93 rows=51 width=4) (actual time=475.291..1016.471 rows=27 loops=1)
        Filter: ((company_type_id < 2) AND (company_id = 4770))
        Rows Removed by Filter: 2609102
  ->  Index Scan using title_pkey on title t  (cost=0.43..8.45 rows=1 width=4) (actual time=0.039..0.039 rows=1 loops=27)
        Index Cond: (id = mc.movie_id)
        Filter: ((kind_id > 1) AND (production_year > 1998))
        Rows Removed by Filter: 0
Planning time: 0.729 ms
Execution time: 1017.742 ms
