Hash Join  (cost=83074.74..833899.15 rows=3524 width=0) (actual time=1380.744..15858.145 rows=30062 loops=1)
  Hash Cond: (ci.movie_id = t.id)
  ->  Seq Scan on cast_info ci  (cost=0.00..614943.12 rows=36225612 width=4) (actual time=0.019..7987.242 rows=36244344 loops=1)
  ->  Hash  (cost=83071.67..83071.67 rows=246 width=8) (actual time=1380.414..1380.414 rows=588 loops=1)
        Buckets: 1024  Batches: 1  Memory Usage: 31kB
        ->  Nested Loop  (cost=0.43..83071.67 rows=246 width=8) (actual time=6.279..1379.926 rows=588 loops=1)
              ->  Seq Scan on movie_keyword mk  (cost=0.00..81003.12 rows=246 width=4) (actual time=6.191..1341.925 rows=588 loops=1)
                    Filter: (keyword_id = 4959)
                    Rows Removed by Filter: 4523342
              ->  Index Only Scan using title_pkey on title t  (cost=0.43..8.40 rows=1 width=4) (actual time=0.062..0.063 rows=1 loops=588)
                    Index Cond: (id = mk.movie_id)
                    Heap Fetches: 588
Planning time: 1.157 ms
Execution time: 15866.282 ms
