Seq Scan on cast_info ci  (cost=0.00..705507.15 rows=500 width=0) (actual time=4760.534..10949.454 rows=424 loops=1)
  Filter: (person_id = 203416)
  Rows Removed by Filter: 36243920
Planning time: 0.364 ms
Execution time: 10949.598 ms
