Hash Join  (cost=108190.06..919893.61 rows=44808 width=0) (actual time=1960.743..15352.216 rows=49244 loops=1)
  Hash Cond: (ci.movie_id = t.id)
  ->  Seq Scan on cast_info ci  (cost=0.00..796071.18 rows=4049145 width=4) (actual time=0.023..12672.954 rows=2487392 loops=1)
        Filter: ((person_id < 877907) AND (role_id > 2))
        Rows Removed by Filter: 33756952
  ->  Hash  (cost=107840.30..107840.30 rows=27981 width=8) (actual time=1960.511..1960.511 rows=25523 loops=1)
        Buckets: 32768  Batches: 1  Memory Usage: 1253kB
        ->  Hash Join  (cost=76444.38..107840.30 rows=27981 width=8) (actual time=1216.924..1950.811 rows=25523 loops=1)
              Hash Cond: (mi_idx.movie_id = t.id)
              ->  Seq Scan on movie_info_idx mi_idx  (cost=0.00..25185.44 rows=460978 width=4) (actual time=0.018..518.997 rows=459925 loops=1)
                    Filter: (info_type_id < 100)
                    Rows Removed by Filter: 920110
              ->  Hash  (cost=73925.90..73925.90 rows=153478 width=4) (actual time=1215.968..1215.968 rows=134760 loops=1)
                    Buckets: 131072  Batches: 4  Memory Usage: 2216kB
                    ->  Seq Scan on title t  (cost=0.00..73925.90 rows=153478 width=4) (actual time=0.027..1172.165 rows=134760 loops=1)
                          Filter: ((kind_id < 7) AND (production_year > 2010))
                          Rows Removed by Filter: 2393552
Planning time: 1.172 ms
Execution time: 15360.986 ms
