Hash Join  (cost=102767.86..1468245.77 rows=23253091 width=0) (actual time=2019.231..40613.710 rows=23168543 loops=1)
  Hash Cond: (ci.movie_id = t.id)
  ->  Seq Scan on cast_info ci  (cost=0.00..796071.18 rows=23253091 width=4) (actual time=0.021..19593.739 rows=23168543 loops=1)
        Filter: ((person_id < 3985890) AND (role_id > 1))
        Rows Removed by Filter: 13075801
  ->  Hash  (cost=61283.27..61283.27 rows=2528527 width=4) (actual time=2018.210..2018.210 rows=2528312 loops=1)
        Buckets: 131072  Batches: 64  Memory Usage: 2415kB
        ->  Seq Scan on title t  (cost=0.00..61283.27 rows=2528527 width=4) (actual time=0.023..1161.704 rows=2528312 loops=1)
Planning time: 0.775 ms
Execution time: 43166.289 ms
