Hash Join  (cost=80874.21..1046512.90 rows=5568304 width=0) (actual time=4943.603..60103.659 rows=4343140 loops=1)
  Hash Cond: (ci.movie_id = t.id)
  ->  Seq Scan on cast_info ci  (cost=0.00..705507.15 rows=17408665 width=4) (actual time=0.008..40805.725 rows=17535639 loops=1)
        Filter: (person_id > 1864194)
        Rows Removed by Filter: 18708705
  ->  Hash  (cost=67604.59..67604.59 rows=808770 width=4) (actual time=4942.595..4942.595 rows=812704 loops=1)
        Buckets: 131072  Batches: 16  Memory Usage: 2812kB
        ->  Seq Scan on title t  (cost=0.00..67604.59 rows=808770 width=4) (actual time=0.010..4326.286 rows=812704 loops=1)
              Filter: (production_year < 1995)
              Rows Removed by Filter: 1715608
Planning time: 0.814 ms
Execution time: 60695.378 ms
