Hash Join  (cost=96280.99..247984.48 rows=2437845 width=0) (actual time=1769.535..5754.400 rows=1076277 loops=1)
  Hash Cond: (mk.movie_id = t.id)
  ->  Seq Scan on movie_keyword mk  (cost=0.00..69693.30 rows=4523930 width=4) (actual time=0.022..1415.262 rows=4523930 loops=1)
  ->  Hash  (cost=73925.90..73925.90 rows=1362567 width=4) (actual time=1768.536..1768.536 rows=1337599 loops=1)
        Buckets: 131072  Batches: 32  Memory Usage: 2500kB
        ->  Seq Scan on title t  (cost=0.00..73925.90 rows=1362567 width=4) (actual time=0.022..1322.630 rows=1337599 loops=1)
              Filter: ((kind_id > 3) AND (production_year < 2011))
              Rows Removed by Filter: 1190713
Planning time: 0.773 ms
Execution time: 5865.793 ms
