Hash Join  (cost=101472.76..153131.60 rows=371 width=0) (actual time=5871.784..7446.412 rows=75 loops=1)
  Hash Cond: (mc.movie_id = t.id)
  ->  Seq Scan on movie_companies mc  (cost=0.00..51404.11 rows=66938 width=4) (actual time=8.405..2364.489 rows=69928 loops=1)
        Filter: (company_id < 11)
        Rows Removed by Filter: 2539201
  ->  Hash  (cost=101297.56..101297.56 rows=14016 width=8) (actual time=5054.225..5054.225 rows=6540 loops=1)
        Buckets: 16384  Batches: 1  Memory Usage: 384kB
        ->  Hash Join  (cost=74246.92..101297.56 rows=14016 width=8) (actual time=3342.678..5051.115 rows=6540 loops=1)
              Hash Cond: (mi_idx.movie_id = t.id)
              ->  Seq Scan on movie_info_idx mi_idx  (cost=0.00..21735.35 rows=1380035 width=4) (actual time=0.027..1210.604 rows=1380035 loops=1)
              ->  Hash  (cost=73925.90..73925.90 rows=25681 width=4) (actual time=3342.164..3342.164 rows=23707 loops=1)
                    Buckets: 32768  Batches: 1  Memory Usage: 1090kB
                    ->  Seq Scan on title t  (cost=0.00..73925.90 rows=25681 width=4) (actual time=0.475..3331.348 rows=23707 loops=1)
                          Filter: ((kind_id < 7) AND (production_year = 2013))
                          Rows Removed by Filter: 2504605
Planning time: 6.376 ms
Execution time: 7446.650 ms
