Hash Join  (cost=169599.95..1263261.08 rows=5826896 width=0) (actual time=3440.412..48959.309 rows=11363253 loops=1)
  Hash Cond: (ci.movie_id = t.id)
  ->  Seq Scan on cast_info ci  (cost=0.00..614943.12 rows=36225612 width=4) (actual time=0.014..22155.829 rows=36244344 loops=1)
  ->  Hash  (cost=162927.03..162927.03 rows=406714 width=8) (actual time=3439.588..3439.588 rows=360818 loops=1)
        Buckets: 131072  Batches: 8  Memory Usage: 2785kB
        ->  Hash Join  (cost=92883.59..162927.03 rows=406714 width=8) (actual time=1719.240..3329.694 rows=360818 loops=1)
              Hash Cond: (mc.movie_id = t.id)
              ->  Seq Scan on movie_companies mc  (cost=0.00..51404.11 rows=667438 width=4) (actual time=0.027..917.199 rows=660715 loops=1)
                    Filter: (company_id < 969)
                    Rows Removed by Filter: 1948414
              ->  Hash  (cost=67604.59..67604.59 rows=1540800 width=4) (actual time=1718.258..1718.258 rows=1543264 loops=1)
                    Buckets: 131072  Batches: 32  Memory Usage: 2722kB
                    ->  Seq Scan on title t  (cost=0.00..67604.59 rows=1540800 width=4) (actual time=0.024..1246.151 rows=1543264 loops=1)
                          Filter: (kind_id = 7)
                          Rows Removed by Filter: 985048
Planning time: 1.411 ms
Execution time: 50424.849 ms
