Seq Scan on title t  (cost=0.00..73925.90 rows=27796 width=0) (actual time=0.029..1310.880 rows=29246 loops=1)
  Filter: ((kind_id > 2) AND (production_year = 1995))
  Rows Removed by Filter: 2499066
Planning time: 0.414 ms
Execution time: 1316.573 ms
