Hash Join  (cost=102767.86..915313.02 rows=274091 width=0) (actual time=18777.740..40695.790 rows=284071 loops=1)
  Hash Cond: (ci.movie_id = t.id)
  ->  Seq Scan on cast_info ci  (cost=0.00..796071.18 rows=274091 width=4) (actual time=13436.359..34508.707 rows=284071 loops=1)
        Filter: ((person_id > 754321) AND (role_id > 10))
        Rows Removed by Filter: 35960273
  ->  Hash  (cost=61283.27..61283.27 rows=2528527 width=4) (actual time=5339.336..5339.336 rows=2528312 loops=1)
        Buckets: 131072  Batches: 64  Memory Usage: 2415kB
        ->  Seq Scan on title t  (cost=0.00..61283.27 rows=2528527 width=4) (actual time=0.017..4246.268 rows=2528312 loops=1)
Planning time: 3.439 ms
Execution time: 40735.095 ms
