Nested Loop  (cost=0.43..709673.15 rows=195 width=0) (actual time=3606.581..10819.278 rows=18 loops=1)
  ->  Seq Scan on cast_info ci  (cost=0.00..705507.15 rows=500 width=4) (actual time=3603.734..10811.838 rows=65 loops=1)
        Filter: (person_id = 3357827)
        Rows Removed by Filter: 36244279
  ->  Index Scan using title_pkey on title t  (cost=0.43..8.32 rows=1 width=4) (actual time=0.113..0.113 rows=0 loops=65)
        Index Cond: (id = ci.movie_id)
        Filter: (kind_id < 7)
        Rows Removed by Filter: 1
Planning time: 0.870 ms
Execution time: 10819.395 ms
