Seq Scan on movie_keyword mk  (cost=0.00..81003.12 rows=246 width=0) (actual time=15.407..1209.131 rows=831 loops=1)
  Filter: (keyword_id = 23070)
  Rows Removed by Filter: 4523099
Planning time: 1.261 ms
Execution time: 1209.550 ms
