Seq Scan on movie_keyword mk  (cost=0.00..81003.12 rows=2687628 width=0) (actual time=0.014..4299.006 rows=2679134 loops=1)
  Filter: (keyword_id > 3060)
  Rows Removed by Filter: 1844796
Planning time: 0.348 ms
Execution time: 4729.869 ms
