Seq Scan on cast_info ci  (cost=0.00..705507.15 rows=4489687 width=0) (actual time=1525.547..33564.956 rows=4363280 loops=1)
  Filter: (person_id < 421232)
  Rows Removed by Filter: 31881064
Planning time: 0.310 ms
Execution time: 34220.691 ms
