Hash Join  (cost=269480.42..814673.10 rows=7022510 width=0) (actual time=14731.570..47251.705 rows=44492421 loops=1)
  Hash Cond: (mi.movie_id = t.id)
  ->  Seq Scan on movie_info mi  (cost=0.00..346232.03 rows=9476311 width=4) (actual time=1378.323..16778.961 rows=9565151 loops=1)
        Filter: (info_type_id < 16)
        Rows Removed by Filter: 5270569
  ->  Hash  (cost=238738.05..238738.05 rows=1873789 width=8) (actual time=13352.472..13352.472 rows=1881093 loops=1)
        Buckets: 131072  Batches: 32  Memory Usage: 3388kB
        ->  Hash Join  (cost=102767.86..238738.05 rows=1873789 width=8) (actual time=5558.424..12769.629 rows=1881093 loops=1)
              Hash Cond: (mk.movie_id = t.id)
              ->  Seq Scan on movie_keyword mk  (cost=0.00..81003.12 rows=1873789 width=4) (actual time=0.030..4942.134 rows=1881093 loops=1)
                    Filter: (keyword_id < 3219)
                    Rows Removed by Filter: 2642837
              ->  Hash  (cost=61283.27..61283.27 rows=2528527 width=4) (actual time=5557.674..5557.674 rows=2528312 loops=1)
                    Buckets: 131072  Batches: 64  Memory Usage: 2425kB
                    ->  Seq Scan on title t  (cost=0.00..61283.27 rows=2528527 width=4) (actual time=0.012..4508.518 rows=2528312 loops=1)
Planning time: 1.169 ms
Execution time: 52296.505 ms
