Seq Scan on cast_info ci  (cost=0.00..705507.15 rows=7871251 width=0) (actual time=0.073..27533.412 rows=7752888 loops=1)
  Filter: (person_id < 754312)
  Rows Removed by Filter: 28491456
Planning time: 2.068 ms
Execution time: 28840.922 ms
