Seq Scan on movie_keyword mk  (cost=0.00..81003.12 rows=246 width=0) (actual time=0.945..2521.265 rows=1843 loops=1)
  Filter: (keyword_id = 1717)
  Rows Removed by Filter: 4522087
Planning time: 0.363 ms
Execution time: 2522.078 ms
