Seq Scan on movie_keyword mk  (cost=0.00..81003.12 rows=1327856 width=0) (actual time=0.020..4114.215 rows=1342663 loops=1)
  Filter: (keyword_id > 12743)
  Rows Removed by Filter: 3181267
Planning time: 0.329 ms
Execution time: 4334.407 ms
