Hash Join  (cost=89116.48..231301.07 rows=1656555 width=0) (actual time=1798.413..5486.746 rows=783230 loops=1)
  Hash Cond: (mk.movie_id = t.id)
  ->  Seq Scan on movie_keyword mk  (cost=0.00..69693.30 rows=4523930 width=4) (actual time=0.023..1417.482 rows=4523930 loops=1)
  ->  Hash  (cost=73925.90..73925.90 rows=925886 width=4) (actual time=1795.812..1795.812 rows=1011017 loops=1)
        Buckets: 131072  Batches: 16  Memory Usage: 3260kB
        ->  Seq Scan on title t  (cost=0.00..73925.90 rows=925886 width=4) (actual time=0.015..1458.742 rows=1011017 loops=1)
              Filter: ((kind_id > 2) AND (production_year > 2001))
              Rows Removed by Filter: 1517295
Planning time: 0.738 ms
Execution time: 5580.073 ms
