Hash Join  (cost=102602.93..163553.76 rows=335 width=0) (actual time=5295.251..8807.150 rows=7180 loops=1)
  Hash Cond: (mc.movie_id = t.id)
  ->  Seq Scan on movie_companies mc  (cost=0.00..57926.93 rows=805479 width=4) (actual time=158.852..3438.834 rows=1105663 loops=1)
        Filter: ((company_id < 17460) AND (company_type_id < 2))
        Rows Removed by Filter: 1503466
  ->  Hash  (cost=102589.79..102589.79 rows=1051 width=8) (actual time=5127.395..5127.395 rows=4316 loops=1)
        Buckets: 8192 (originally 2048)  Batches: 1 (originally 1)  Memory Usage: 233kB
        ->  Hash Join  (cost=73962.22..102589.79 rows=1051 width=8) (actual time=3548.781..5125.264 rows=4316 loops=1)
              Hash Cond: (mi_idx.movie_id = t.id)
              ->  Seq Scan on movie_info_idx mi_idx  (cost=0.00..25185.44 rows=915101 width=4) (actual time=0.026..1347.918 rows=919850 loops=1)
                    Filter: (info_type_id < 101)
                    Rows Removed by Filter: 460185
              ->  Hash  (cost=73925.90..73925.90 rows=2905 width=4) (actual time=3548.720..3548.720 rows=6232 loops=1)
                    Buckets: 8192 (originally 4096)  Batches: 1 (originally 1)  Memory Usage: 284kB
                    ->  Seq Scan on title t  (cost=0.00..73925.90 rows=2905 width=4) (actual time=6.577..3545.340 rows=6232 loops=1)
                          Filter: ((kind_id < 7) AND (production_year = 1970))
                          Rows Removed by Filter: 2522080
Planning time: 6.946 ms
Execution time: 8808.557 ms
