Hash Join  (cost=83073.51..833876.72 rows=1410 width=0) (actual time=3312.498..45969.313 rows=1377 loops=1)
  Hash Cond: (ci.movie_id = t.id)
  ->  Seq Scan on cast_info ci  (cost=0.00..614943.12 rows=36225612 width=4) (actual time=0.021..33786.256 rows=36244344 loops=1)
  ->  Hash  (cost=83072.29..83072.29 rows=98 width=8) (actual time=3289.258..3289.258 rows=58 loops=1)
        Buckets: 1024  Batches: 1  Memory Usage: 11kB
        ->  Nested Loop  (cost=0.43..83072.29 rows=98 width=8) (actual time=121.300..3289.124 rows=58 loops=1)
              ->  Seq Scan on movie_keyword mk  (cost=0.00..81003.12 rows=246 width=4) (actual time=121.232..3279.739 rows=68 loops=1)
                    Filter: (keyword_id = 21387)
                    Rows Removed by Filter: 4523862
              ->  Index Scan using title_pkey on title t  (cost=0.43..8.40 rows=1 width=4) (actual time=0.131..0.131 rows=1 loops=68)
                    Index Cond: (id = mk.movie_id)
                    Filter: (production_year > 2005)
                    Rows Removed by Filter: 0
Planning time: 1.118 ms
Execution time: 45970.693 ms
