Nested Loop  (cost=0.43..138958.31 rows=4314 width=0) (actual time=2313.824..4395.597 rows=177 loops=1)
  ->  Seq Scan on movie_keyword mk  (cost=0.00..81003.12 rows=8595 width=4) (actual time=13.992..3579.509 rows=7873 loops=1)
        Filter: (keyword_id = 3)
        Rows Removed by Filter: 4516057
  ->  Index Scan using title_pkey on title t  (cost=0.43..6.73 rows=1 width=4) (actual time=0.103..0.103 rows=0 loops=7873)
        Index Cond: (id = mk.movie_id)
        Filter: ((kind_id > 4) AND (production_year < 2011))
        Rows Removed by Filter: 1
Planning time: 0.831 ms
Execution time: 4395.782 ms
