Hash Join  (cost=208810.72..351408.91 rows=1690515 width=0) (actual time=11009.657..26301.702 rows=26134564 loops=1)
  Hash Cond: (mk.movie_id = t.id)
  ->  Seq Scan on movie_keyword mk  (cost=0.00..69693.30 rows=4523930 width=4) (actual time=0.012..5200.210 rows=4523930 loops=1)
  ->  Hash  (cost=193308.88..193308.88 rows=944867 width=8) (actual time=11008.408..11008.408 rows=1243535 loops=1)
        Buckets: 131072 (originally 131072)  Batches: 32 (originally 16)  Memory Usage: 3073kB
        ->  Hash Join  (cost=102767.86..193308.88 rows=944867 width=8) (actual time=6329.999..10582.690 rows=1243535 loops=1)
              Hash Cond: (mc.movie_id = t.id)
              ->  Seq Scan on movie_companies mc  (cost=0.00..57926.93 rows=944867 width=4) (actual time=761.360..3367.751 rows=1243535 loops=1)
                    Filter: ((company_id < 47369) AND (company_type_id = 1))
                    Rows Removed by Filter: 1365594
              ->  Hash  (cost=61283.27..61283.27 rows=2528527 width=4) (actual time=5567.332..5567.332 rows=2528312 loops=1)
                    Buckets: 131072  Batches: 64  Memory Usage: 2415kB
                    ->  Seq Scan on title t  (cost=0.00..61283.27 rows=2528527 width=4) (actual time=8.806..4448.740 rows=2528312 loops=1)
Planning time: 1.039 ms
Execution time: 29799.266 ms
