Hash Join  (cost=188224.42..632302.71 rows=1248101 width=0) (actual time=10344.531..36342.052 rows=5638643 loops=1)
  Hash Cond: (mi.movie_id = t.id)
  ->  Seq Scan on movie_info mi  (cost=0.00..346232.03 rows=7235534 width=4) (actual time=0.018..19041.052 rows=7286865 loops=1)
        Filter: (info_type_id < 8)
        Rows Removed by Filter: 7548855
  ->  Hash  (cost=181068.41..181068.41 rows=436161 width=8) (actual time=10343.555..10343.555 rows=627824 loops=1)
        Buckets: 131072 (originally 131072)  Batches: 16 (originally 8)  Memory Usage: 3073kB
        ->  Hash Join  (cost=102767.86..181068.41 rows=436161 width=8) (actual time=6173.452..10121.271 rows=627824 loops=1)
              Hash Cond: (mc.movie_id = t.id)
              ->  Seq Scan on movie_companies mc  (cost=0.00..57926.93 rows=436161 width=4) (actual time=520.467..3376.266 rows=627824 loops=1)
                    Filter: ((company_id < 2690) AND (company_type_id < 2))
                    Rows Removed by Filter: 1981305
              ->  Hash  (cost=61283.27..61283.27 rows=2528527 width=4) (actual time=5651.634..5651.634 rows=2528312 loops=1)
                    Buckets: 131072  Batches: 64  Memory Usage: 2415kB
                    ->  Seq Scan on title t  (cost=0.00..61283.27 rows=2528527 width=4) (actual time=0.025..4318.527 rows=2528312 loops=1)
Planning time: 3.465 ms
Execution time: 37082.599 ms
