Hash Join  (cost=176831.91..322751.93 rows=1963098 width=0) (actual time=9686.344..20387.609 rows=7643318 loops=1)
  Hash Cond: (mk.movie_id = t.id)
  ->  Seq Scan on movie_keyword mk  (cost=0.00..69693.30 rows=4523930 width=4) (actual time=0.018..4940.887 rows=4523930 loops=1)
  ->  Hash  (cost=158829.66..158829.66 rows=1097220 width=8) (actual time=9685.234..9685.234 rows=1104607 loops=1)
        Buckets: 131072  Batches: 16  Memory Usage: 3746kB
        ->  Hash Join  (cost=100586.94..158829.66 rows=1097220 width=8) (actual time=6425.712..9320.651 rows=1104607 loops=1)
              Hash Cond: (mi_idx.movie_id = t.id)
              ->  Seq Scan on movie_info_idx mi_idx  (cost=0.00..21735.35 rows=1380035 width=4) (actual time=0.013..1315.612 rows=1380035 loops=1)
              ->  Hash  (cost=67604.59..67604.59 rows=2010348 width=4) (actual time=6424.586..6424.586 rows=2004649 loops=1)
                    Buckets: 131072  Batches: 32  Memory Usage: 3233kB
                    ->  Seq Scan on title t  (cost=0.00..67604.59 rows=2010348 width=4) (actual time=0.024..5523.569 rows=2004649 loops=1)
                          Filter: (production_year > 1975)
                          Rows Removed by Filter: 523663
Planning time: 1.105 ms
Execution time: 21472.599 ms
