Seq Scan on movie_keyword mk  (cost=0.00..81003.12 rows=4018340 width=0) (actual time=0.015..1749.499 rows=4017785 loops=1)
  Filter: (keyword_id > 365)
  Rows Removed by Filter: 506145
Planning time: 0.250 ms
Execution time: 2249.213 ms
