Seq Scan on cast_info ci  (cost=0.00..705507.15 rows=500 width=0) (actual time=12539.320..32616.111 rows=2 loops=1)
  Filter: (person_id = 1791151)
  Rows Removed by Filter: 36244342
Planning time: 4.541 ms
Execution time: 32616.188 ms
