Hash Join  (cost=179238.71..1244550.18 rows=3067131 width=0) (actual time=9244.905..73498.582 rows=10184997 loops=1)
  Hash Cond: (ci.movie_id = t.id)
  ->  Seq Scan on cast_info ci  (cost=0.00..614943.12 rows=36225612 width=4) (actual time=0.014..40408.897 rows=36244344 loops=1)
  ->  Hash  (cost=175725.66..175725.66 rows=214084 width=8) (actual time=9244.066..9244.066 rows=332996 loops=1)
        Buckets: 131072 (originally 131072)  Batches: 8 (originally 4)  Memory Usage: 3073kB
        ->  Hash Join  (cost=102767.86..175725.66 rows=214084 width=8) (actual time=5760.785..9139.311 rows=332996 loops=1)
              Hash Cond: (mc.movie_id = t.id)
              ->  Seq Scan on movie_companies mc  (cost=0.00..57926.93 rows=214084 width=4) (actual time=0.018..2666.974 rows=332996 loops=1)
                    Filter: ((company_id < 321) AND (company_type_id < 2))
                    Rows Removed by Filter: 2276133
              ->  Hash  (cost=61283.27..61283.27 rows=2528527 width=4) (actual time=5759.968..5759.968 rows=2528312 loops=1)
                    Buckets: 131072  Batches: 64  Memory Usage: 2415kB
                    ->  Seq Scan on title t  (cost=0.00..61283.27 rows=2528527 width=4) (actual time=0.013..4696.310 rows=2528312 loops=1)
Planning time: 10.260 ms
Execution time: 74769.695 ms
