Hash Join  (cost=88257.79..154426.20 rows=111075 width=0) (actual time=4631.756..8132.003 rows=123068 loops=1)
  Hash Cond: (mc.movie_id = t.id)
  ->  Seq Scan on movie_companies mc  (cost=0.00..57926.93 rows=321525 width=4) (actual time=0.020..2980.337 rows=466292 loops=1)
        Filter: ((company_id < 874) AND (company_type_id = 1))
        Rows Removed by Filter: 2142837
  ->  Hash  (cost=73925.90..73925.90 rows=873511 width=4) (actual time=4627.671..4627.671 rows=957299 loops=1)
        Buckets: 131072  Batches: 16  Memory Usage: 3134kB
        ->  Seq Scan on title t  (cost=0.00..73925.90 rows=873511 width=4) (actual time=0.023..4258.026 rows=957299 loops=1)
              Filter: ((production_year > 1999) AND (kind_id = 7))
              Rows Removed by Filter: 1571013
Planning time: 0.919 ms
Execution time: 8146.055 ms
