Hash Join  (cost=52284.99..772786.66 rows=164 width=0) (actual time=20999.724..41582.119 rows=5 loops=1)
  Hash Cond: (ci.movie_id = t.id)
  ->  Seq Scan on cast_info ci  (cost=0.00..705507.15 rows=3998100 width=4) (actual time=17587.850..38507.186 rows=4008037 loops=1)
        Filter: (role_id = 3)
        Rows Removed by Filter: 32236307
  ->  Hash  (cost=52283.69..52283.69 rows=104 width=8) (actual time=2377.037..2377.037 rows=14 loops=1)
        Buckets: 1024  Batches: 1  Memory Usage: 9kB
        ->  Nested Loop  (cost=0.43..52283.69 rows=104 width=8) (actual time=38.812..2377.002 rows=14 loops=1)
              ->  Seq Scan on movie_companies mc  (cost=0.00..51404.11 rows=104 width=4) (actual time=38.658..2376.332 rows=14 loops=1)
                    Filter: (company_id = 17902)
                    Rows Removed by Filter: 2609115
              ->  Index Only Scan using title_pkey on title t  (cost=0.43..8.45 rows=1 width=4) (actual time=0.038..0.039 rows=1 loops=14)
                    Index Cond: (id = mc.movie_id)
                    Heap Fetches: 14
Planning time: 1.163 ms
Execution time: 41582.229 ms
