Seq Scan on cast_info ci  (cost=0.00..705507.15 rows=23644723 width=0) (actual time=0.024..38155.302 rows=23718637 loops=1)
  Filter: (person_id > 1234595)
  Rows Removed by Filter: 12525707
Planning time: 0.306 ms
Execution time: 42004.648 ms
