Hash Join  (cost=102767.86..214693.72 rows=2104600 width=0) (actual time=5184.398..11375.297 rows=2100792 loops=1)
  Hash Cond: (mc.movie_id = t.id)
  ->  Seq Scan on movie_companies mc  (cost=0.00..51404.11 rows=2104600 width=4) (actual time=0.022..3828.684 rows=2100792 loops=1)
        Filter: (company_id < 73876)
        Rows Removed by Filter: 508337
  ->  Hash  (cost=61283.27..61283.27 rows=2528527 width=4) (actual time=5174.133..5174.133 rows=2528312 loops=1)
        Buckets: 131072  Batches: 64  Memory Usage: 2415kB
        ->  Seq Scan on title t  (cost=0.00..61283.27 rows=2528527 width=4) (actual time=0.023..4095.695 rows=2528312 loops=1)
Planning time: 0.898 ms
Execution time: 11630.462 ms
