Nested Loop  (cost=0.43..83071.67 rows=246 width=0) (actual time=34.138..2347.375 rows=388 loops=1)
  ->  Seq Scan on movie_keyword mk  (cost=0.00..81003.12 rows=246 width=4) (actual time=34.052..2288.860 rows=388 loops=1)
        Filter: (keyword_id = 4465)
        Rows Removed by Filter: 4523542
  ->  Index Only Scan using title_pkey on title t  (cost=0.43..8.40 rows=1 width=4) (actual time=0.147..0.148 rows=1 loops=388)
        Index Cond: (id = mk.movie_id)
        Heap Fetches: 388
Planning time: 13.037 ms
Execution time: 2347.710 ms
