Hash Join  (cost=150539.25..247469.41 rows=220191 width=0) (actual time=9504.781..13029.886 rows=179904 loops=1)
  Hash Cond: (mk.movie_id = t.id)
  ->  Seq Scan on movie_keyword mk  (cost=0.00..81003.12 rows=998434 width=4) (actual time=0.023..4401.152 rows=1008511 loops=1)
        Filter: (keyword_id > 18219)
        Rows Removed by Filter: 3515419
  ->  Hash  (cost=141389.85..141389.85 rows=557632 width=8) (actual time=7998.030..7998.030 rows=283812 loops=1)
        Buckets: 131072  Batches: 8  Memory Usage: 2415kB
        ->  Hash Join  (cost=92883.59..141389.85 rows=557632 width=8) (actual time=5315.136..7906.079 rows=283812 loops=1)
              Hash Cond: (mi_idx.movie_id = t.id)
              ->  Seq Scan on movie_info_idx mi_idx  (cost=0.00..25185.44 rows=915101 width=4) (actual time=0.014..1662.261 rows=919850 loops=1)
                    Filter: (info_type_id < 101)
                    Rows Removed by Filter: 460185
              ->  Hash  (cost=67604.59..67604.59 rows=1540800 width=4) (actual time=5313.681..5313.681 rows=1543264 loops=1)
                    Buckets: 131072  Batches: 32  Memory Usage: 2722kB
                    ->  Seq Scan on title t  (cost=0.00..67604.59 rows=1540800 width=4) (actual time=0.013..4308.178 rows=1543264 loops=1)
                          Filter: (kind_id = 7)
                          Rows Removed by Filter: 985048
Planning time: 5.144 ms
Execution time: 13053.218 ms
