Seq Scan on cast_info ci  (cost=0.00..796071.18 rows=2865448 width=0) (actual time=0.041..37669.175 rows=3852213 loops=1)
  Filter: ((person_id > 1191971) AND (role_id = 10))
  Rows Removed by Filter: 32392131
Planning time: 0.770 ms
Execution time: 38233.592 ms
