Seq Scan on title t  (cost=0.00..73925.90 rows=12453 width=0) (actual time=1918.222..3605.133 rows=12434 loops=1)
  Filter: ((production_year > 0) AND (kind_id = 6))
  Rows Removed by Filter: 2515878
Planning time: 0.378 ms
Execution time: 3607.582 ms
