Seq Scan on movie_companies mc  (cost=0.00..57926.93 rows=869977 width=0) (actual time=0.025..2657.318 rows=1182371 loops=1)
  Filter: ((company_id < 25806) AND (company_type_id = 1))
  Rows Removed by Filter: 1426758
Planning time: 0.417 ms
Execution time: 2904.337 ms
