Hash Join  (cost=449854.24..490324.95 rows=161922 width=0) (actual time=13831.223..16250.058 rows=505098 loops=1)
  Hash Cond: (mi_idx.movie_id = t.id)
  ->  Seq Scan on movie_info_idx mi_idx  (cost=0.00..21735.35 rows=1380035 width=4) (actual time=0.028..1502.419 rows=1380035 loops=1)
  ->  Hash  (cost=444986.79..444986.79 rows=296676 width=8) (actual time=13830.294..13830.294 rows=354460 loops=1)
        Buckets: 131072 (originally 131072)  Batches: 8 (originally 4)  Memory Usage: 3073kB
        ->  Hash Join  (cost=82805.75..444986.79 rows=296676 width=8) (actual time=11723.944..13691.664 rows=354460 loops=1)
              Hash Cond: (mi.movie_id = t.id)
              ->  Seq Scan on movie_info mi  (cost=0.00..346232.03 rows=809669 width=4) (actual time=8404.156..9630.371 rows=802140 loops=1)
                    Filter: (info_type_id = 1)
                    Rows Removed by Filter: 14033580
              ->  Hash  (cost=67604.59..67604.59 rows=926493 width=4) (actual time=3318.696..3318.696 rows=924605 loops=1)
                    Buckets: 131072  Batches: 16  Memory Usage: 3064kB
                    ->  Seq Scan on title t  (cost=0.00..67604.59 rows=926493 width=4) (actual time=0.029..2931.960 rows=924605 loops=1)
                          Filter: (production_year < 1998)
                          Rows Removed by Filter: 1603707
Planning time: 1.077 ms
Execution time: 16315.686 ms
