Hash Join  (cost=75411.94..106447.16 rows=16511 width=0) (actual time=3973.012..5716.328 rows=12868 loops=1)
  Hash Cond: (mi_idx.movie_id = t.id)
  ->  Seq Scan on movie_info_idx mi_idx  (cost=0.00..25185.44 rows=460978 width=4) (actual time=0.021..1510.587 rows=459925 loops=1)
        Filter: (info_type_id = 99)
        Rows Removed by Filter: 920110
  ->  Hash  (cost=73925.90..73925.90 rows=90563 width=4) (actual time=3971.944..3971.944 rows=80990 loops=1)
        Buckets: 131072  Batches: 2  Memory Usage: 2450kB
        ->  Seq Scan on title t  (cost=0.00..73925.90 rows=90563 width=4) (actual time=0.039..3478.481 rows=80990 loops=1)
              Filter: ((kind_id < 7) AND (production_year > 2011))
              Rows Removed by Filter: 2447322
Planning time: 2.067 ms
Execution time: 5718.791 ms
