Hash Join  (cost=73997.83..100896.56 rows=1033 width=0) (actual time=3339.278..4632.042 rows=2019 loops=1)
  Hash Cond: (mi_idx.movie_id = t.id)
  ->  Seq Scan on movie_info_idx mi_idx  (cost=0.00..25185.44 rows=454124 width=4) (actual time=0.030..1173.683 rows=459925 loops=1)
        Filter: (info_type_id = 100)
        Rows Removed by Filter: 920110
  ->  Hash  (cost=73925.90..73925.90 rows=5754 width=4) (actual time=3339.072..3339.072 rows=5353 loops=1)
        Buckets: 8192  Batches: 1  Memory Usage: 253kB
        ->  Seq Scan on title t  (cost=0.00..73925.90 rows=5754 width=4) (actual time=689.883..3335.983 rows=5353 loops=1)
              Filter: ((kind_id = 2) AND (production_year = 2011))
              Rows Removed by Filter: 2522959
Planning time: 0.832 ms
Execution time: 4632.552 ms
