Hash Join  (cost=1401329.95..2840907.27 rows=70955847 width=0) (actual time=55636.181..119891.292 rows=90812220 loops=1)
  Hash Cond: (mi.movie_id = t.id)
  ->  Seq Scan on movie_info mi  (cost=0.00..309384.22 rows=14739122 width=4) (actual time=0.017..23756.194 rows=14835720 loops=1)
  ->  Hash  (cost=1201622.16..1201622.16 rows=12172623 width=8) (actual time=55634.287..55634.287 rows=9682931 loops=1)
        Buckets: 131072  Batches: 256  Memory Usage: 2540kB
        ->  Hash Join  (cost=102767.86..1201622.16 rows=12172623 width=8) (actual time=4826.680..52308.275 rows=9682931 loops=1)
              Hash Cond: (ci.movie_id = t.id)
              ->  Seq Scan on cast_info ci  (cost=0.00..796071.18 rows=12172623 width=4) (actual time=0.020..36080.108 rows=9682931 loops=1)
                    Filter: ((person_id > 1967141) AND (role_id < 5))
                    Rows Removed by Filter: 26561413
              ->  Hash  (cost=61283.27..61283.27 rows=2528527 width=4) (actual time=4824.975..4824.975 rows=2528312 loops=1)
                    Buckets: 131072  Batches: 64  Memory Usage: 2415kB
                    ->  Seq Scan on title t  (cost=0.00..61283.27 rows=2528527 width=4) (actual time=0.016..3575.829 rows=2528312 loops=1)
Planning time: 1.149 ms
Execution time: 132106.317 ms
