Hash Join  (cost=73962.22..420261.72 rows=21 width=0) (actual time=14407.203..18256.915 rows=346 loops=1)
  Hash Cond: (mi.movie_id = t.id)
  ->  Seq Scan on movie_info mi  (cost=0.00..346232.03 rows=17937 width=4) (actual time=11197.546..15024.127 rows=140065 loops=1)
        Filter: (info_type_id = 9)
        Rows Removed by Filter: 14695655
  ->  Hash  (cost=73925.90..73925.90 rows=2905 width=4) (actual time=3204.598..3204.598 rows=2433 loops=1)
        Buckets: 4096  Batches: 1  Memory Usage: 118kB
        ->  Seq Scan on title t  (cost=0.00..73925.90 rows=2905 width=4) (actual time=232.922..3203.064 rows=2433 loops=1)
              Filter: ((kind_id < 7) AND (production_year = 1933))
              Rows Removed by Filter: 2525879
Planning time: 0.722 ms
Execution time: 18257.096 ms
