Hash Join  (cost=237564.15..1478925.96 rows=15796867 width=0) (actual time=12493.804..81238.593 rows=11785760 loops=1)
  Hash Cond: (ci.movie_id = t.id)
  ->  Seq Scan on cast_info ci  (cost=0.00..614943.12 rows=36225612 width=4) (actual time=0.016..45519.311 rows=36244344 loops=1)
  ->  Hash  (cost=219473.50..219473.50 rows=1102612 width=8) (actual time=12491.350..12491.350 rows=280254 loops=1)
        Buckets: 131072  Batches: 16  Memory Usage: 1724kB
        ->  Hash Join  (cost=84037.34..219473.50 rows=1102612 width=8) (actual time=7214.338..12404.357 rows=280254 loops=1)
              Hash Cond: (mk.movie_id = t.id)
              ->  Seq Scan on movie_keyword mk  (cost=0.00..69693.30 rows=4523930 width=4) (actual time=0.029..5224.418 rows=4523930 loops=1)
              ->  Hash  (cost=73925.90..73925.90 rows=616275 width=4) (actual time=4519.314..4519.314 rows=676927 loops=1)
                    Buckets: 131072  Batches: 16  Memory Usage: 2522kB
                    ->  Seq Scan on title t  (cost=0.00..73925.90 rows=616275 width=4) (actual time=626.053..4250.607 rows=676927 loops=1)
                          Filter: ((production_year > 2005) AND (kind_id = 7))
                          Rows Removed by Filter: 1851385
Planning time: 4.886 ms
Execution time: 82626.817 ms
