Seq Scan on cast_info ci  (cost=0.00..705507.15 rows=1044527 width=0) (actual time=2706.369..26979.971 rows=927449 loops=1)
  Filter: (person_id < 95641)
  Rows Removed by Filter: 35316895
Planning time: 0.341 ms
Execution time: 27130.822 ms
