Hash Join  (cost=102767.86..1169617.35 rows=10842604 width=0) (actual time=5151.753..64135.118 rows=8859138 loops=1)
  Hash Cond: (ci.movie_id = t.id)
  ->  Seq Scan on cast_info ci  (cost=0.00..796071.18 rows=10842604 width=4) (actual time=0.995..46437.075 rows=8859138 loops=1)
        Filter: ((person_id > 509889) AND (role_id = 1))
        Rows Removed by Filter: 27385206
  ->  Hash  (cost=61283.27..61283.27 rows=2528527 width=4) (actual time=5149.762..5149.762 rows=2528312 loops=1)
        Buckets: 131072  Batches: 64  Memory Usage: 2415kB
        ->  Seq Scan on title t  (cost=0.00..61283.27 rows=2528527 width=4) (actual time=0.007..4017.144 rows=2528312 loops=1)
Planning time: 40.383 ms
Execution time: 65381.652 ms
