Hash Join  (cost=102767.86..1216882.17 rows=12806839 width=0) (actual time=5272.146..62024.706 rows=14446596 loops=1)
  Hash Cond: (ci.movie_id = t.id)
  ->  Seq Scan on cast_info ci  (cost=0.00..796071.18 rows=12806839 width=4) (actual time=9.019..40883.575 rows=14446596 loops=1)
        Filter: ((person_id < 1590513) AND (role_id < 8))
        Rows Removed by Filter: 21797748
  ->  Hash  (cost=61283.27..61283.27 rows=2528527 width=4) (actual time=5167.163..5167.163 rows=2528312 loops=1)
        Buckets: 131072  Batches: 64  Memory Usage: 2415kB
        ->  Seq Scan on title t  (cost=0.00..61283.27 rows=2528527 width=4) (actual time=0.006..4121.976 rows=2528312 loops=1)
Planning time: 0.746 ms
Execution time: 63765.843 ms
