Hash Join  (cost=186887.03..554113.08 rows=257014 width=0) (actual time=10294.025..31250.975 rows=9043 loops=1)
  Hash Cond: (mi.movie_id = t.id)
  ->  Seq Scan on movie_info mi  (cost=0.00..309384.22 rows=14739122 width=4) (actual time=0.031..16874.413 rows=14835720 loops=1)
  ->  Hash  (cost=186335.89..186335.89 rows=44091 width=8) (actual time=10293.108..10293.108 rows=908 loops=1)
        Buckets: 65536  Batches: 1  Memory Usage: 548kB
        ->  Hash Join  (cost=98233.68..186335.89 rows=44091 width=8) (actual time=9489.002..10292.447 rows=908 loops=1)
              Hash Cond: (mk.movie_id = t.id)
              ->  Seq Scan on movie_keyword mk  (cost=0.00..81003.12 rows=75248 width=4) (actual time=2.799..3512.671 rows=72496 loops=1)
                    Filter: (keyword_id = 335)
                    Rows Removed by Filter: 4451434
              ->  Hash  (cost=73925.90..73925.90 rows=1481582 width=4) (actual time=5662.073..5662.073 rows=1478439 loops=1)
                    Buckets: 131072  Batches: 32  Memory Usage: 2656kB
                    ->  Seq Scan on title t  (cost=0.00..73925.90 rows=1481582 width=4) (actual time=0.017..4654.098 rows=1478439 loops=1)
                          Filter: ((production_year > 1910) AND (kind_id = 7))
                          Rows Removed by Filter: 1049873
Planning time: 1.104 ms
Execution time: 31252.977 ms
