Seq Scan on cast_info ci  (cost=0.00..705507.15 rows=500 width=0) (actual time=11021.058..31930.456 rows=33 loops=1)
  Filter: (person_id = 2459758)
  Rows Removed by Filter: 36244311
Planning time: 0.424 ms
Execution time: 31930.572 ms
