Seq Scan on movie_keyword mk  (cost=0.00..81003.12 rows=3533712 width=12) (actual time=0.028..1898.742 rows=3523966 loops=1)
  Filter: (keyword_id < 18558)
  Rows Removed by Filter: 999964
Planning time: 0.345 ms
Execution time: 2114.766 ms
