Hash Join  (cost=199897.18..930525.46 rows=313362 width=0) (actual time=21523.894..44688.719 rows=5202830 loops=1)
  Hash Cond: (ci.movie_id = t.id)
  ->  Seq Scan on cast_info ci  (cost=0.00..705507.15 rows=1748405 width=4) (actual time=11672.024..32113.500 rows=1783201 loops=1)
        Filter: (person_id > 3709273)
        Rows Removed by Filter: 34461143
  ->  Hash  (cost=192461.41..192461.41 rows=453181 width=8) (actual time=9850.761..9850.761 rows=978479 loops=1)
        Buckets: 131072 (originally 131072)  Batches: 16 (originally 8)  Memory Usage: 3449kB
        ->  Hash Join  (cost=88674.12..192461.41 rows=453181 width=8) (actual time=4175.266..9527.112 rows=978479 loops=1)
              Hash Cond: (mk.movie_id = t.id)
              ->  Seq Scan on movie_keyword mk  (cost=0.00..81003.12 rows=1274763 width=4) (actual time=0.022..4083.752 rows=1286305 loops=1)
                    Filter: (keyword_id < 1662)
                    Rows Removed by Filter: 3237625
              ->  Hash  (cost=73925.90..73925.90 rows=898897 width=4) (actual time=4174.688..4174.688 rows=815566 loops=1)
                    Buckets: 131072  Batches: 16  Memory Usage: 2827kB
                    ->  Seq Scan on title t  (cost=0.00..73925.90 rows=898897 width=4) (actual time=0.016..3835.066 rows=815566 loops=1)
                          Filter: ((kind_id < 7) AND (production_year > 1949))
                          Rows Removed by Filter: 1712746
Planning time: 1.077 ms
Execution time: 45313.871 ms
