Hash Join  (cost=449514.42..601426.82 rows=543875 width=0) (actual time=26616.728..33434.982 rows=289843 loops=1)
  Hash Cond: (mk.movie_id = t.id)
  ->  Seq Scan on movie_keyword mk  (cost=0.00..81003.12 rows=3591453 width=4) (actual time=0.015..4671.679 rows=3585346 loops=1)
        Filter: (keyword_id < 20192)
        Rows Removed by Filter: 938584
  ->  Hash  (cost=443232.04..443232.04 rows=382910 width=8) (actual time=26615.499..26615.499 rows=174766 loops=1)
        Buckets: 131072  Batches: 8  Memory Usage: 1883kB
        ->  Hash Join  (cost=74747.02..443232.04 rows=382910 width=8) (actual time=3509.063..26508.907 rows=174766 loops=1)
              Hash Cond: (mi.movie_id = t.id)
              ->  Seq Scan on movie_info mi  (cost=0.00..309384.22 rows=14739122 width=4) (actual time=0.042..17578.738 rows=14835720 loops=1)
              ->  Hash  (cost=73925.90..73925.90 rows=65689 width=4) (actual time=3508.291..3508.291 rows=74524 loops=1)
                    Buckets: 131072  Batches: 1  Memory Usage: 3644kB
                    ->  Seq Scan on title t  (cost=0.00..73925.90 rows=65689 width=4) (actual time=0.018..3469.885 rows=74524 loops=1)
                          Filter: ((kind_id = 7) AND (production_year = 2006))
                          Rows Removed by Filter: 2453788
Planning time: 1.127 ms
Execution time: 33472.068 ms
