Hash Join  (cost=102767.86..1112972.69 rows=8488471 width=0) (actual time=4198.924..45441.389 rows=3608683 loops=1)
  Hash Cond: (ci.movie_id = t.id)
  ->  Seq Scan on cast_info ci  (cost=0.00..796071.18 rows=8488471 width=4) (actual time=0.027..35765.522 rows=3608683 loops=1)
        Filter: ((person_id < 1288415) AND (role_id > 1))
        Rows Removed by Filter: 32635661
  ->  Hash  (cost=61283.27..61283.27 rows=2528527 width=4) (actual time=4186.143..4186.143 rows=2528312 loops=1)
        Buckets: 131072  Batches: 64  Memory Usage: 2415kB
        ->  Seq Scan on title t  (cost=0.00..61283.27 rows=2528527 width=4) (actual time=0.012..2942.605 rows=2528312 loops=1)
Planning time: 0.793 ms
Execution time: 45904.126 ms
