Hash Join  (cost=102767.86..193607.41 rows=957207 width=0) (actual time=5823.064..11064.311 rows=1124994 loops=1)
  Hash Cond: (mc.movie_id = t.id)
  ->  Seq Scan on movie_companies mc  (cost=0.00..57926.93 rows=957207 width=4) (actual time=0.021..3395.277 rows=1124994 loops=1)
        Filter: ((company_id > 1402) AND (company_type_id > 1))
        Rows Removed by Filter: 1484135
  ->  Hash  (cost=61283.27..61283.27 rows=2528527 width=4) (actual time=5821.220..5821.220 rows=2528312 loops=1)
        Buckets: 131072  Batches: 64  Memory Usage: 2415kB
        ->  Seq Scan on title t  (cost=0.00..61283.27 rows=2528527 width=4) (actual time=0.008..3997.641 rows=2528312 loops=1)
Planning time: 0.772 ms
Execution time: 11229.763 ms
