Hash Join  (cost=112867.89..235395.14 rows=144172 width=0) (actual time=5654.575..11421.837 rows=919186 loops=1)
  Hash Cond: (mk.movie_id = t.id)
  ->  Seq Scan on movie_keyword mk  (cost=0.00..81003.12 rows=3430508 width=4) (actual time=0.015..4305.408 rows=3425144 loops=1)
        Filter: (keyword_id > 1127)
        Rows Removed by Filter: 1098786
  ->  Hash  (cost=111123.58..111123.58 rows=106265 width=8) (actual time=5653.742..5653.742 rows=125182 loops=1)
        Buckets: 131072  Batches: 2  Memory Usage: 3481kB
        ->  Hash Join  (cost=77312.52..111123.58 rows=106265 width=8) (actual time=3676.375..5605.147 rows=125182 loops=1)
              Hash Cond: (mi_idx.movie_id = t.id)
              ->  Seq Scan on movie_info_idx mi_idx  (cost=0.00..25185.44 rows=454124 width=4) (actual time=0.017..1465.365 rows=459925 loops=1)
                    Filter: (info_type_id = 100)
                    Rows Removed by Filter: 920110
              ->  Hash  (cost=67604.59..67604.59 rows=591675 width=4) (actual time=3675.574..3675.574 rows=585020 loops=1)
                    Buckets: 131072  Batches: 8  Memory Usage: 3586kB
                    ->  Seq Scan on title t  (cost=0.00..67604.59 rows=591675 width=4) (actual time=0.034..3453.013 rows=585020 loops=1)
                          Filter: (production_year < 1985)
                          Rows Removed by Filter: 1943292
Planning time: 1.143 ms
Execution time: 11537.389 ms
