Seq Scan on movie_companies mc  (cost=0.00..51404.11 rows=1504506 width=0) (actual time=21.031..2069.612 rows=1512818 loops=1)
  Filter: (company_id > 7463)
  Rows Removed by Filter: 1096311
Planning time: 0.401 ms
Execution time: 2281.141 ms
