Hash Join  (cost=130706.02..490703.32 rows=17544 width=0) (actual time=9994.639..26235.508 rows=4633 loops=1)
  Hash Cond: (mi.movie_id = t.id)
  ->  Seq Scan on movie_info mi  (cost=0.00..346232.03 rows=3623957 width=4) (actual time=2632.611..18097.262 rows=3624977 loops=1)
        Filter: (info_type_id < 4)
        Rows Removed by Filter: 11210743
  ->  Hash  (cost=130553.00..130553.00 rows=12241 width=8) (actual time=7345.944..7345.944 rows=3369 loops=1)
        Buckets: 16384  Batches: 1  Memory Usage: 260kB
        ->  Hash Join  (cost=74228.29..130553.00 rows=12241 width=8) (actual time=4234.289..7344.443 rows=3369 loops=1)
              Hash Cond: (mc.movie_id = t.id)
              ->  Seq Scan on movie_companies mc  (cost=0.00..51404.11 rows=1279517 width=4) (actual time=509.862..3243.114 rows=1274246 loops=1)
                    Filter: (company_type_id < 2)
                    Rows Removed by Filter: 1334883
              ->  Hash  (cost=73925.90..73925.90 rows=24191 width=4) (actual time=3719.892..3719.892 rows=24602 loops=1)
                    Buckets: 32768  Batches: 1  Memory Usage: 1121kB
                    ->  Seq Scan on title t  (cost=0.00..73925.90 rows=24191 width=4) (actual time=0.074..3708.662 rows=24602 loops=1)
                          Filter: ((kind_id = 7) AND (production_year = 1995))
                          Rows Removed by Filter: 2503710
Planning time: 8.872 ms
Execution time: 26236.451 ms
