Hash Join  (cost=449031.53..598522.42 rows=503951 width=0) (actual time=10396.589..14471.018 rows=4466208 loops=1)
  Hash Cond: (mk.movie_id = t.id)
  ->  Seq Scan on movie_keyword mk  (cost=0.00..81003.12 rows=3481625 width=4) (actual time=0.014..1690.967 rows=3471289 loops=1)
        Filter: (keyword_id < 16822)
        Rows Removed by Filter: 1052641
  ->  Hash  (cost=443026.61..443026.61 rows=365994 width=8) (actual time=10392.588..10392.588 rows=533304 loops=1)
        Buckets: 131072  Batches: 8  Memory Usage: 3654kB
        ->  Hash Join  (cost=74710.74..443026.61 rows=365994 width=8) (actual time=1160.628..10017.793 rows=533304 loops=1)
              Hash Cond: (mi.movie_id = t.id)
              ->  Seq Scan on movie_info mi  (cost=0.00..309384.22 rows=14739122 width=4) (actual time=0.005..4522.237 rows=14835720 loops=1)
              ->  Hash  (cost=73925.90..73925.90 rows=62787 width=4) (actual time=1160.219..1160.219 rows=53770 loops=1)
                    Buckets: 65536  Batches: 1  Memory Usage: 2403kB
                    ->  Seq Scan on title t  (cost=0.00..73925.90 rows=62787 width=4) (actual time=0.147..1138.131 rows=53770 loops=1)
                          Filter: ((kind_id < 7) AND (production_year = 2011))
                          Rows Removed by Filter: 2474542
Planning time: 1.742 ms
Execution time: 14953.317 ms
