Seq Scan on movie_keyword mk  (cost=0.00..81003.12 rows=4382684 width=0) (actual time=0.024..1520.424 rows=4384538 loops=1)
  Filter: (keyword_id < 75116)
  Rows Removed by Filter: 139392
Planning time: 0.362 ms
Execution time: 2058.367 ms
