Nested Loop  (cost=0.43..709671.90 rows=500 width=0) (actual time=3917.138..10803.204 rows=1474 loops=1)
  ->  Seq Scan on cast_info ci  (cost=0.00..705507.15 rows=500 width=4) (actual time=3916.955..10784.316 rows=1474 loops=1)
        Filter: (person_id = 629197)
        Rows Removed by Filter: 36242870
  ->  Index Only Scan using title_pkey on title t  (cost=0.43..8.32 rows=1 width=4) (actual time=0.012..0.012 rows=1 loops=1474)
        Index Cond: (id = ci.movie_id)
        Heap Fetches: 1474
Planning time: 0.815 ms
Execution time: 10803.630 ms
