Hash Join  (cost=174865.45..244075.22 rows=339199 width=0) (actual time=3931.849..5861.932 rows=1062578 loops=1)
  Hash Cond: (mc.movie_id = t.id)
  ->  Seq Scan on movie_companies mc  (cost=0.00..51404.11 rows=937245 width=4) (actual time=0.032..973.412 rows=935412 loops=1)
        Filter: (company_id < 3422)
        Rows Removed by Filter: 1673717
  ->  Hash  (cost=159851.69..159851.69 rows=915101 width=8) (actual time=3930.825..3930.825 rows=919850 loops=1)
        Buckets: 131072  Batches: 16  Memory Usage: 3269kB
        ->  Hash Join  (cost=102767.86..159851.69 rows=915101 width=8) (actual time=1895.481..3659.315 rows=919850 loops=1)
              Hash Cond: (mi_idx.movie_id = t.id)
              ->  Seq Scan on movie_info_idx mi_idx  (cost=0.00..25185.44 rows=915101 width=4) (actual time=0.024..504.726 rows=919850 loops=1)
                    Filter: (info_type_id < 101)
                    Rows Removed by Filter: 460185
              ->  Hash  (cost=61283.27..61283.27 rows=2528527 width=4) (actual time=1894.116..1894.116 rows=2528312 loops=1)
                    Buckets: 131072  Batches: 64  Memory Usage: 2415kB
                    ->  Seq Scan on title t  (cost=0.00..61283.27 rows=2528527 width=4) (actual time=0.020..1090.694 rows=2528312 loops=1)
Planning time: 1.101 ms
Execution time: 5994.472 ms
