Hash Join  (cost=101021.35..155728.92 rows=4204 width=0) (actual time=1755.406..2922.396 rows=2997 loops=1)
  Hash Cond: (mc.movie_id = t.id)
  ->  Seq Scan on movie_companies mc  (cost=0.00..44881.29 rows=2609129 width=4) (actual time=0.024..677.843 rows=2609129 loops=1)
  ->  Hash  (cost=100970.43..100970.43 rows=4074 width=8) (actual time=1753.821..1753.821 rows=1344 loops=1)
        Buckets: 4096  Batches: 1  Memory Usage: 85kB
        ->  Hash Join  (cost=74019.21..100970.43 rows=4074 width=8) (actual time=1320.741..1753.103 rows=1344 loops=1)
              Hash Cond: (mi_idx.movie_id = t.id)
              ->  Seq Scan on movie_info_idx mi_idx  (cost=0.00..21735.35 rows=1380035 width=4) (actual time=0.013..343.820 rows=1380035 loops=1)
              ->  Hash  (cost=73925.90..73925.90 rows=7464 width=4) (actual time=1127.744..1127.744 rows=5186 loops=1)
                    Buckets: 8192  Batches: 1  Memory Usage: 247kB
                    ->  Seq Scan on title t  (cost=0.00..73925.90 rows=7464 width=4) (actual time=490.953..1125.174 rows=5186 loops=1)
                          Filter: ((kind_id = 4) AND (production_year = 2012))
                          Rows Removed by Filter: 2523126
Planning time: 1.206 ms
Execution time: 2922.994 ms
