Seq Scan on movie_companies mc  (cost=0.00..57926.93 rows=299955 width=0) (actual time=6.517..867.229 rows=161163 loops=1)
  Filter: ((company_id < 663) AND (company_type_id = 2))
  Rows Removed by Filter: 2447966
Planning time: 0.435 ms
Execution time: 889.197 ms
