Hash Join  (cost=797557.90..852225.24 rows=182 width=0) (actual time=13860.834..15135.953 rows=139 loops=1)
  Hash Cond: (mc.movie_id = t.id)
  ->  Seq Scan on movie_companies mc  (cost=0.00..44881.29 rows=2609129 width=4) (actual time=0.017..848.181 rows=2609129 loops=1)
  ->  Hash  (cost=797555.70..797555.70 rows=176 width=8) (actual time=13815.620..13815.620 rows=44 loops=1)
        Buckets: 1024  Batches: 1  Memory Usage: 10kB
        ->  Nested Loop  (cost=0.43..797555.70 rows=176 width=8) (actual time=9706.458..13815.585 rows=44 loops=1)
              ->  Seq Scan on cast_info ci  (cost=0.00..796071.18 rows=176 width=4) (actual time=9706.352..13812.659 rows=44 loops=1)
                    Filter: ((role_id < 2) AND (person_id = 1387026))
                    Rows Removed by Filter: 36244300
              ->  Index Only Scan using title_pkey on title t  (cost=0.43..8.42 rows=1 width=4) (actual time=0.065..0.065 rows=1 loops=44)
                    Index Cond: (id = ci.movie_id)
                    Heap Fetches: 44
Planning time: 1.176 ms
Execution time: 15136.104 ms
