Hash Join  (cost=190230.21..1346591.18 rows=14284473 width=0) (actual time=4340.666..40784.347 rows=29160099 loops=1)
  Hash Cond: (ci.movie_id = t.id)
  ->  Seq Scan on cast_info ci  (cost=0.00..705507.15 rows=26172289 width=4) (actual time=0.017..15674.705 rows=26179963 loops=1)
        Filter: (person_id < 2709181)
        Rows Removed by Filter: 10064381
  ->  Hash  (cost=167588.78..167588.78 rows=1380035 width=8) (actual time=4339.232..4339.232 rows=1380035 loops=1)
        Buckets: 131072  Batches: 32  Memory Usage: 2708kB
        ->  Hash Join  (cost=102767.86..167588.78 rows=1380035 width=8) (actual time=2035.304..3963.812 rows=1380035 loops=1)
              Hash Cond: (mi_idx.movie_id = t.id)
              ->  Seq Scan on movie_info_idx mi_idx  (cost=0.00..21735.35 rows=1380035 width=4) (actual time=0.015..470.817 rows=1380035 loops=1)
              ->  Hash  (cost=61283.27..61283.27 rows=2528527 width=4) (actual time=2033.817..2033.817 rows=2528312 loops=1)
                    Buckets: 131072  Batches: 64  Memory Usage: 2415kB
                    ->  Seq Scan on title t  (cost=0.00..61283.27 rows=2528527 width=4) (actual time=0.026..1175.470 rows=2528312 loops=1)
Planning time: 1.163 ms
Execution time: 43947.970 ms
