Hash Join  (cost=121892.21..247414.05 rows=288881 width=0) (actual time=2627.671..5257.186 rows=176475 loops=1)
  Hash Cond: (mk.movie_id = t.id)
  ->  Seq Scan on movie_keyword mk  (cost=0.00..69693.30 rows=4523930 width=4) (actual time=0.011..1442.194 rows=4523930 loops=1)
  ->  Hash  (cost=119242.93..119242.93 rows=161462 width=8) (actual time=2215.066..2215.066 rows=65076 loops=1)
        Buckets: 131072  Batches: 4  Memory Usage: 1663kB
        ->  Hash Join  (cost=78779.83..119242.93 rows=161462 width=8) (actual time=1144.395..2192.785 rows=65076 loops=1)
              Hash Cond: (mi_idx.movie_id = t.id)
              ->  Seq Scan on movie_info_idx mi_idx  (cost=0.00..21735.35 rows=1380035 width=4) (actual time=0.014..473.576 rows=1380035 loops=1)
              ->  Hash  (cost=73925.90..73925.90 rows=295834 width=4) (actual time=1143.459..1143.459 rows=185285 loops=1)
                    Buckets: 131072  Batches: 4  Memory Usage: 2648kB
                    ->  Seq Scan on title t  (cost=0.00..73925.90 rows=295834 width=4) (actual time=0.028..1081.129 rows=185285 loops=1)
                          Filter: ((production_year < 1978) AND (kind_id = 7))
                          Rows Removed by Filter: 2343027
Planning time: 1.524 ms
Execution time: 5276.637 ms
