Seq Scan on cast_info ci  (cost=0.00..705507.15 rows=26644925 width=0) (actual time=0.023..12499.401 rows=26842193 loops=1)
  Filter: (person_id > 925309)
  Rows Removed by Filter: 9402151
Planning time: 0.343 ms
Execution time: 15795.455 ms
