Hash Join  (cost=473582.60..608126.42 rows=1029379 width=0) (actual time=10940.181..16382.850 rows=7214479 loops=1)
  Hash Cond: (mk.movie_id = t.id)
  ->  Seq Scan on movie_keyword mk  (cost=0.00..69693.30 rows=4523930 width=4) (actual time=0.026..1390.634 rows=4523930 loops=1)
  ->  Hash  (cost=464142.81..464142.81 rows=575343 width=8) (actual time=10939.080..10939.080 rows=1173997 loops=1)
        Buckets: 131072 (originally 131072)  Batches: 16 (originally 8)  Memory Usage: 3902kB
        ->  Hash Join  (cost=85435.26..464142.81 rows=575343 width=8) (actual time=2308.378..10516.248 rows=1173997 loops=1)
              Hash Cond: (mi.movie_id = t.id)
              ->  Seq Scan on movie_info mi  (cost=0.00..346232.03 rows=2073893 width=4) (actual time=208.295..5712.960 rows=2091068 loops=1)
                    Filter: (info_type_id < 3)
                    Rows Removed by Filter: 12744652
              ->  Hash  (cost=73925.90..73925.90 rows=701468 width=4) (actual time=2099.114..2099.114 rows=749931 loops=1)
                    Buckets: 131072  Batches: 16  Memory Usage: 2682kB
                    ->  Seq Scan on title t  (cost=0.00..73925.90 rows=701468 width=4) (actual time=0.014..1402.700 rows=749931 loops=1)
                          Filter: ((kind_id < 7) AND (production_year < 2009))
                          Rows Removed by Filter: 1778381
Planning time: 0.758 ms
Execution time: 17232.071 ms
