Hash Join  (cost=421682.37..1143720.34 rows=32891 width=0) (actual time=6283.126..20376.593 rows=82486 loops=1)
  Hash Cond: (ci.movie_id = t.id)
  ->  Seq Scan on cast_info ci  (cost=0.00..705507.15 rows=4320508 width=4) (actual time=0.018..13280.498 rows=4323018 loops=1)
        Filter: (role_id = 10)
        Rows Removed by Filter: 31921326
  ->  Hash  (cost=421441.76..421441.76 rows=19249 width=8) (actual time=6282.807..6282.807 rows=8383 loops=1)
        Buckets: 32768  Batches: 1  Memory Usage: 584kB
        ->  Hash Join  (cost=69374.09..421441.76 rows=19249 width=8) (actual time=4666.270..6279.188 rows=8383 loops=1)
              Hash Cond: (mi.movie_id = t.id)
              ->  Seq Scan on movie_info mi  (cost=0.00..346232.03 rows=451508 width=4) (actual time=3621.444..5025.597 rows=474443 loops=1)
                    Filter: (info_type_id = 6)
                    Rows Removed by Filter: 14361277
              ->  Hash  (cost=67604.59..67604.59 rows=107800 width=4) (actual time=1043.959..1043.959 rows=108429 loops=1)
                    Buckets: 131072  Batches: 2  Memory Usage: 2938kB
                    ->  Seq Scan on title t  (cost=0.00..67604.59 rows=107800 width=4) (actual time=0.036..1000.537 rows=108429 loops=1)
                          Filter: (production_year = 2006)
                          Rows Removed by Filter: 2419883
Planning time: 1.204 ms
Execution time: 20388.912 ms
