Seq Scan on movie_keyword mk  (cost=0.00..81003.12 rows=246 width=0) (actual time=3.624..1259.884 rows=76 loops=1)
  Filter: (keyword_id = 15670)
  Rows Removed by Filter: 4523854
Planning time: 0.368 ms
Execution time: 1260.028 ms
