Hash Join  (cost=102767.86..176814.97 rows=259334 width=0) (actual time=1979.713..3336.442 rows=136424 loops=1)
  Hash Cond: (mc.movie_id = t.id)
  ->  Seq Scan on movie_companies mc  (cost=0.00..57926.93 rows=259334 width=4) (actual time=0.034..842.325 rows=136424 loops=1)
        Filter: ((company_id < 459) AND (company_type_id > 1))
        Rows Removed by Filter: 2472705
  ->  Hash  (cost=61283.27..61283.27 rows=2528527 width=4) (actual time=1978.558..1978.558 rows=2528312 loops=1)
        Buckets: 131072  Batches: 64  Memory Usage: 2415kB
        ->  Seq Scan on title t  (cost=0.00..61283.27 rows=2528527 width=4) (actual time=0.053..1111.204 rows=2528312 loops=1)
Planning time: 1.007 ms
Execution time: 3353.454 ms
