Hash Join  (cost=83074.74..109986.57 rows=134 width=0) (actual time=1220.836..1713.081 rows=728 loops=1)
  Hash Cond: (mi_idx.movie_id = t.id)
  ->  Seq Scan on movie_info_idx mi_idx  (cost=0.00..21735.35 rows=1380035 width=4) (actual time=0.022..268.840 rows=1380035 loops=1)
  ->  Hash  (cost=83071.67..83071.67 rows=246 width=8) (actual time=1220.278..1220.278 rows=292 loops=1)
        Buckets: 1024  Batches: 1  Memory Usage: 20kB
        ->  Nested Loop  (cost=0.43..83071.67 rows=246 width=8) (actual time=15.178..1219.985 rows=292 loops=1)
              ->  Seq Scan on movie_keyword mk  (cost=0.00..81003.12 rows=246 width=4) (actual time=15.066..1204.840 rows=292 loops=1)
                    Filter: (keyword_id = 3026)
                    Rows Removed by Filter: 4523638
              ->  Index Only Scan using title_pkey on title t  (cost=0.43..8.40 rows=1 width=4) (actual time=0.049..0.049 rows=1 loops=292)
                    Index Cond: (id = mk.movie_id)
                    Heap Fetches: 292
Planning time: 1.119 ms
Execution time: 1713.314 ms
