Seq Scan on movie_companies mc  (cost=0.00..51404.11 rows=2055113 width=0) (actual time=0.019..1086.020 rows=2050649 loops=1)
  Filter: (company_id < 71670)
  Rows Removed by Filter: 558480
Planning time: 0.359 ms
Execution time: 1345.659 ms
