Hash Join  (cost=87273.01..441322.08 rows=3994 width=0) (actual time=2194.564..6912.634 rows=8673 loops=1)
  Hash Cond: (mi.movie_id = t.id)
  ->  Seq Scan on movie_info mi  (cost=0.00..346232.03 rows=2073893 width=4) (actual time=1314.713..5697.625 rows=2091068 loops=1)
        Filter: (info_type_id < 3)
        Rows Removed by Filter: 12744652
  ->  Hash  (cost=87212.14..87212.14 rows=4870 width=8) (actual time=875.670..875.670 rows=3986 loops=1)
        Buckets: 8192  Batches: 1  Memory Usage: 220kB
        ->  Nested Loop  (cost=0.43..87212.14 rows=4870 width=8) (actual time=14.480..873.217 rows=3986 loops=1)
              ->  Seq Scan on movie_companies mc  (cost=0.00..51404.11 rows=4870 width=4) (actual time=14.392..760.379 rows=3986 loops=1)
                    Filter: (company_id = 1684)
                    Rows Removed by Filter: 2605143
              ->  Index Only Scan using title_pkey on title t  (cost=0.43..7.34 rows=1 width=4) (actual time=0.027..0.027 rows=1 loops=3986)
                    Index Cond: (id = mc.movie_id)
                    Heap Fetches: 3986
Planning time: 1.194 ms
Execution time: 6914.339 ms
