Hash Join  (cost=709677.60..764345.76 rows=264 width=0) (actual time=11585.956..12421.373 rows=297 loops=1)
  Hash Cond: (mc.movie_id = t.id)
  ->  Seq Scan on movie_companies mc  (cost=0.00..44881.29 rows=2609129 width=4) (actual time=0.023..615.154 rows=2609129 loops=1)
  ->  Hash  (cost=709674.40..709674.40 rows=256 width=8) (actual time=11342.188..11342.188 rows=484 loops=1)
        Buckets: 1024  Batches: 1  Memory Usage: 27kB
        ->  Nested Loop  (cost=0.43..709674.40 rows=256 width=8) (actual time=4236.346..11341.962 rows=484 loops=1)
              ->  Seq Scan on cast_info ci  (cost=0.00..705507.15 rows=500 width=4) (actual time=4236.250..11329.447 rows=501 loops=1)
                    Filter: (person_id = 3756618)
                    Rows Removed by Filter: 36243843
              ->  Index Scan using title_pkey on title t  (cost=0.43..8.32 rows=1 width=4) (actual time=0.024..0.024 rows=1 loops=501)
                    Index Cond: (id = ci.movie_id)
                    Filter: ((production_year > 1967) AND (kind_id = 7))
                    Rows Removed by Filter: 0
Planning time: 1.263 ms
Execution time: 12421.566 ms
