Seq Scan on cast_info ci  (cost=0.00..705507.15 rows=618263 width=0) (actual time=238.424..11105.759 rows=515474 loops=1)
  Filter: (person_id < 57115)
  Rows Removed by Filter: 35728870
Planning time: 0.328 ms
Execution time: 11178.026 ms
