Seq Scan on movie_companies mc  (cost=0.00..57926.93 rows=53 width=0) (actual time=86.125..894.329 rows=4 loops=1)
  Filter: ((company_type_id > 1) AND (company_id = 79477))
  Rows Removed by Filter: 2609125
Planning time: 0.396 ms
Execution time: 894.430 ms
