Hash Join  (cost=76940.37..161070.30 rows=14231 width=0) (actual time=1272.783..2823.531 rows=66335 loops=1)
  Hash Cond: (mk.movie_id = t.id)
  ->  Seq Scan on movie_keyword mk  (cost=0.00..81003.12 rows=195865 width=4) (actual time=0.029..1397.800 rows=208584 loops=1)
        Filter: (keyword_id < 140)
        Rows Removed by Filter: 4315346
  ->  Hash  (cost=73925.90..73925.90 rows=183717 width=4) (actual time=1271.954..1271.954 rows=288223 loops=1)
        Buckets: 131072  Batches: 4  Memory Usage: 3569kB
        ->  Seq Scan on title t  (cost=0.00..73925.90 rows=183717 width=4) (actual time=0.016..1176.201 rows=288223 loops=1)
              Filter: ((kind_id < 7) AND (production_year < 1977))
              Rows Removed by Filter: 2240089
Planning time: 0.748 ms
Execution time: 2832.262 ms
