Hash Join  (cost=130540.67..217358.20 rows=15949 width=0) (actual time=2198.146..4095.757 rows=90981 loops=1)
  Hash Cond: (mk.movie_id = t.id)
  ->  Seq Scan on movie_keyword mk  (cost=0.00..69693.30 rows=4523930 width=4) (actual time=0.015..1052.816 rows=4523930 loops=1)
  ->  Hash  (cost=130429.24..130429.24 rows=8914 width=8) (actual time=2195.337..2195.337 rows=5751 loops=1)
        Buckets: 16384  Batches: 1  Memory Usage: 353kB
        ->  Hash Join  (cost=76746.21..130429.24 rows=8914 width=8) (actual time=1243.794..2192.995 rows=5751 loops=1)
              Hash Cond: (mc.movie_id = t.id)
              ->  Seq Scan on movie_companies mc  (cost=0.00..51404.11 rows=131143 width=4) (actual time=0.227..844.653 rows=134807 loops=1)
                    Filter: (company_id < 27)
                    Rows Removed by Filter: 2474322
              ->  Hash  (cost=73925.90..73925.90 rows=171864 width=4) (actual time=1240.438..1240.438 rows=275829 loops=1)
                    Buckets: 131072  Batches: 4  Memory Usage: 3453kB
                    ->  Seq Scan on title t  (cost=0.00..73925.90 rows=171864 width=4) (actual time=0.005..1151.678 rows=275829 loops=1)
                          Filter: ((kind_id < 7) AND (production_year < 1975))
                          Rows Removed by Filter: 2252483
Planning time: 0.735 ms
Execution time: 4108.287 ms
