Hash Join  (cost=102767.86..186716.64 rows=670883 width=0) (actual time=1976.116..3886.247 rows=426818 loops=1)
  Hash Cond: (mc.movie_id = t.id)
  ->  Seq Scan on movie_companies mc  (cost=0.00..57926.93 rows=670883 width=4) (actual time=0.026..1218.432 rows=426818 loops=1)
        Filter: ((company_id < 11329) AND (company_type_id = 2))
        Rows Removed by Filter: 2182311
  ->  Hash  (cost=61283.27..61283.27 rows=2528527 width=4) (actual time=1974.776..1974.776 rows=2528312 loops=1)
        Buckets: 131072  Batches: 64  Memory Usage: 2415kB
        ->  Seq Scan on title t  (cost=0.00..61283.27 rows=2528527 width=4) (actual time=0.009..1140.880 rows=2528312 loops=1)
Planning time: 0.743 ms
Execution time: 3933.737 ms
