Hash Join  (cost=70320.38..435065.79 rows=8948 width=0) (actual time=877.142..8491.607 rows=259764 loops=1)
  Hash Cond: (mi.movie_id = t.id)
  ->  Seq Scan on movie_info mi  (cost=0.00..309384.22 rows=14739122 width=4) (actual time=0.022..4577.300 rows=14835720 loops=1)
  ->  Hash  (cost=70301.20..70301.20 rows=1535 width=8) (actual time=876.945..876.945 rows=2979 loops=1)
        Buckets: 4096 (originally 2048)  Batches: 1 (originally 1)  Memory Usage: 149kB
        ->  Nested Loop  (cost=0.43..70301.20 rows=1535 width=8) (actual time=367.967..875.371 rows=2979 loops=1)
              ->  Seq Scan on movie_companies mc  (cost=0.00..57926.93 rows=1535 width=4) (actual time=367.871..804.297 rows=2979 loops=1)
                    Filter: ((company_id = 1402) AND (company_type_id = 1))
                    Rows Removed by Filter: 2606150
              ->  Index Only Scan using title_pkey on title t  (cost=0.43..8.05 rows=1 width=4) (actual time=0.023..0.023 rows=1 loops=2979)
                    Index Cond: (id = mc.movie_id)
                    Heap Fetches: 2979
Planning time: 1.197 ms
Execution time: 8525.611 ms
