Hash Join  (cost=73982.55..128694.84 rows=4676 width=0) (actual time=1575.005..2549.724 rows=2751 loops=1)
  Hash Cond: (mc.movie_id = t.id)
  ->  Seq Scan on movie_companies mc  (cost=0.00..44881.29 rows=2609129 width=4) (actual time=0.020..709.855 rows=2609129 loops=1)
  ->  Hash  (cost=73925.90..73925.90 rows=4532 width=4) (actual time=1334.281..1334.281 rows=2915 loops=1)
        Buckets: 8192  Batches: 1  Memory Usage: 167kB
        ->  Seq Scan on title t  (cost=0.00..73925.90 rows=4532 width=4) (actual time=0.839..1332.556 rows=2915 loops=1)
              Filter: ((kind_id = 7) AND (production_year = 1951))
              Rows Removed by Filter: 2525397
Planning time: 2.667 ms
Execution time: 2550.264 ms
