Seq Scan on title t  (cost=0.00..73925.90 rows=466107 width=0) (actual time=0.019..3472.047 rows=396359 loops=1)
  Filter: ((kind_id < 7) AND (production_year > 2003))
  Rows Removed by Filter: 2131953
Planning time: 0.302 ms
Execution time: 3540.938 ms
