Hash Join  (cost=102767.86..248502.19 rows=2279582 width=0) (actual time=1859.968..5837.405 rows=2280808 loops=1)
  Hash Cond: (mk.movie_id = t.id)
  ->  Seq Scan on movie_keyword mk  (cost=0.00..81003.12 rows=2279582 width=4) (actual time=0.022..1618.622 rows=2280808 loops=1)
        Filter: (keyword_id > 4618)
        Rows Removed by Filter: 2243122
  ->  Hash  (cost=61283.27..61283.27 rows=2528527 width=4) (actual time=1850.220..1850.220 rows=2528312 loops=1)
        Buckets: 131072  Batches: 64  Memory Usage: 2425kB
        ->  Seq Scan on title t  (cost=0.00..61283.27 rows=2528527 width=4) (actual time=0.031..1037.686 rows=2528312 loops=1)
Planning time: 0.836 ms
Execution time: 6102.523 ms
