Seq Scan on movie_keyword mk  (cost=0.00..81003.12 rows=2804805 width=0) (actual time=0.023..1600.299 rows=2794108 loops=1)
  Filter: (keyword_id < 8187)
  Rows Removed by Filter: 1729822
Planning time: 0.289 ms
Execution time: 1949.896 ms
