Hash Join  (cost=142668.44..897596.32 rows=413872 width=0) (actual time=2440.742..21838.675 rows=760699 loops=1)
  Hash Cond: (ci.movie_id = t.id)
  ->  Seq Scan on cast_info ci  (cost=0.00..614943.12 rows=36225612 width=4) (actual time=0.035..9504.163 rows=36244344 loops=1)
  ->  Hash  (cost=142307.34..142307.34 rows=28888 width=8) (actual time=2440.491..2440.491 rows=25628 loops=1)
        Buckets: 32768  Batches: 1  Memory Usage: 1258kB
        ->  Hash Join  (cost=80408.18..142307.34 rows=28888 width=8) (actual time=1716.222..2431.385 rows=25628 loops=1)
              Hash Cond: (mc.movie_id = t.id)
              ->  Seq Scan on movie_companies mc  (cost=0.00..57926.93 rows=184892 width=4) (actual time=357.412..885.763 rows=289588 loops=1)
                    Filter: ((company_id < 225) AND (company_type_id < 2))
                    Rows Removed by Filter: 2319541
              ->  Hash  (cost=73925.90..73925.90 rows=395062 width=4) (actual time=1357.952..1357.952 rows=335993 loops=1)
                    Buckets: 131072  Batches: 8  Memory Usage: 2492kB
                    ->  Seq Scan on title t  (cost=0.00..73925.90 rows=395062 width=4) (actual time=0.033..1253.606 rows=335993 loops=1)
                          Filter: ((kind_id < 7) AND (production_year > 2005))
                          Rows Removed by Filter: 2192319
Planning time: 1.148 ms
Execution time: 21953.062 ms
