Hash Join  (cost=473518.90..558631.37 rows=729895 width=0) (actual time=9488.586..15647.250 rows=16128648 loops=1)
  Hash Cond: (mc.movie_id = t.id)
  ->  Seq Scan on movie_companies mc  (cost=0.00..44881.29 rows=2609129 width=4) (actual time=0.026..929.957 rows=2609129 loops=1)
  ->  Hash  (cost=461913.06..461913.06 rows=707347 width=8) (actual time=9487.579..9487.579 rows=1552421 loops=1)
        Buckets: 131072 (originally 131072)  Batches: 32 (originally 16)  Memory Usage: 3073kB
        ->  Hash Join  (cost=83810.17..461913.06 rows=707347 width=8) (actual time=2148.088..9028.486 rows=1552421 loops=1)
              Hash Cond: (mi.movie_id = t.id)
              ->  Seq Scan on movie_info mi  (cost=0.00..346232.03 rows=1810770 width=4) (actual time=639.681..5998.794 rows=1865632 loops=1)
                    Filter: (info_type_id > 17)
                    Rows Removed by Filter: 12970088
              ->  Hash  (cost=67604.59..67604.59 rows=987727 width=4) (actual time=1505.112..1505.112 rows=985048 loops=1)
                    Buckets: 131072  Batches: 16  Memory Usage: 3197kB
                    ->  Seq Scan on title t  (cost=0.00..67604.59 rows=987727 width=4) (actual time=0.029..1196.105 rows=985048 loops=1)
                          Filter: (kind_id < 7)
                          Rows Removed by Filter: 1543264
Planning time: 1.116 ms
Execution time: 17348.803 ms
