Seq Scan on movie_keyword mk  (cost=0.00..81003.12 rows=3249225 width=0) (actual time=0.024..1662.340 rows=3242461 loops=1)
  Filter: (keyword_id < 13791)
  Rows Removed by Filter: 1281469
Planning time: 0.307 ms
Execution time: 2055.845 ms
