Hash Join  (cost=102767.86..1035954.00 rows=5287690 width=0) (actual time=9425.839..25579.845 rows=7450311 loops=1)
  Hash Cond: (ci.movie_id = t.id)
  ->  Seq Scan on cast_info ci  (cost=0.00..796071.18 rows=5287690 width=4) (actual time=7249.386..14179.232 rows=7450311 loops=1)
        Filter: ((person_id > 960715) AND (role_id = 2))
        Rows Removed by Filter: 28794033
  ->  Hash  (cost=61283.27..61283.27 rows=2528527 width=4) (actual time=2174.878..2174.878 rows=2528312 loops=1)
        Buckets: 131072  Batches: 64  Memory Usage: 2415kB
        ->  Seq Scan on title t  (cost=0.00..61283.27 rows=2528527 width=4) (actual time=0.031..1291.613 rows=2528312 loops=1)
Planning time: 0.466 ms
Execution time: 26510.869 ms
