Hash Join  (cost=122535.74..902333.64 rows=59643 width=0) (actual time=3454.091..19428.799 rows=98640 loops=1)
  Hash Cond: (ci.movie_id = t.id)
  ->  Seq Scan on cast_info ci  (cost=0.00..705507.15 rows=19651820 width=4) (actual time=1141.771..12923.530 rows=19817686 loops=1)
        Filter: (person_id > 1626631)
        Rows Removed by Filter: 16426658
  ->  Hash  (cost=122439.81..122439.81 rows=7674 width=8) (actual time=2312.142..2312.142 rows=10710 loops=1)
        Buckets: 16384 (originally 8192)  Batches: 1 (originally 1)  Memory Usage: 547kB
        ->  Hash Join  (cost=67697.55..122439.81 rows=7674 width=8) (actual time=1143.022..2307.353 rows=10710 loops=1)
              Hash Cond: (mc.movie_id = t.id)
              ->  Seq Scan on movie_companies mc  (cost=0.00..44881.29 rows=2609129 width=4) (actual time=0.024..630.988 rows=2609129 loops=1)
              ->  Hash  (cost=67604.59..67604.59 rows=7437 width=4) (actual time=1142.701..1142.701 rows=6346 loops=1)
                    Buckets: 8192  Batches: 1  Memory Usage: 288kB
                    ->  Seq Scan on title t  (cost=0.00..67604.59 rows=7437 width=4) (actual time=0.273..1138.933 rows=6346 loops=1)
                          Filter: (production_year = 1952)
                          Rows Removed by Filter: 2521966
Planning time: 1.170 ms
Execution time: 19443.907 ms
