Nested Loop  (cost=0.43..799702.19 rows=435 width=0) (actual time=4050.290..14869.928 rows=1 loops=1)
  ->  Seq Scan on cast_info ci  (cost=0.00..796071.18 rows=435 width=4) (actual time=4050.190..14869.823 rows=1 loops=1)
        Filter: ((role_id < 10) AND (person_id = 2847193))
        Rows Removed by Filter: 36244343
  ->  Index Only Scan using title_pkey on title t  (cost=0.43..8.34 rows=1 width=4) (actual time=0.072..0.073 rows=1 loops=1)
        Index Cond: (id = ci.movie_id)
        Heap Fetches: 1
Planning time: 0.520 ms
Execution time: 14869.990 ms
