Hash Join  (cost=80493.69..206819.54 rows=526990 width=0) (actual time=1378.554..5647.013 rows=1621379 loops=1)
  Hash Cond: (mk.movie_id = t.id)
  ->  Seq Scan on movie_keyword mk  (cost=0.00..81003.12 rows=3328752 width=4) (actual time=0.019..1724.956 rows=3319646 loops=1)
        Filter: (keyword_id < 15247)
        Rows Removed by Filter: 1204284
  ->  Hash  (cost=73925.90..73925.90 rows=400303 width=4) (actual time=1377.609..1377.609 rows=500611 loops=1)
        Buckets: 131072  Batches: 8  Memory Usage: 3243kB
        ->  Seq Scan on title t  (cost=0.00..73925.90 rows=400303 width=4) (actual time=0.017..1211.218 rows=500611 loops=1)
              Filter: ((kind_id < 7) AND (production_year < 2000))
              Rows Removed by Filter: 2027701
Planning time: 2.996 ms
Execution time: 5838.643 ms
