Hash Join  (cost=83075.07..833896.19 rows=3193 width=0) (actual time=1227.820..15742.126 rows=5194 loops=1)
  Hash Cond: (ci.movie_id = t.id)
  ->  Seq Scan on cast_info ci  (cost=0.00..614943.12 rows=36225612 width=4) (actual time=0.011..8149.018 rows=36244344 loops=1)
  ->  Hash  (cost=83072.29..83072.29 rows=223 width=8) (actual time=1217.363..1217.363 rows=141 loops=1)
        Buckets: 1024  Batches: 1  Memory Usage: 14kB
        ->  Nested Loop  (cost=0.43..83072.29 rows=223 width=8) (actual time=2.472..1217.172 rows=141 loops=1)
              ->  Seq Scan on movie_keyword mk  (cost=0.00..81003.12 rows=246 width=4) (actual time=2.424..1210.003 rows=152 loops=1)
                    Filter: (keyword_id = 2434)
                    Rows Removed by Filter: 4523778
              ->  Index Scan using title_pkey on title t  (cost=0.43..8.40 rows=1 width=4) (actual time=0.043..0.043 rows=1 loops=152)
                    Index Cond: (id = mk.movie_id)
                    Filter: (production_year > 1951)
                    Rows Removed by Filter: 0
Planning time: 1.127 ms
Execution time: 15744.438 ms
