Hash Join  (cost=450092.86..1340721.23 rows=399316 width=0) (actual time=8744.152..26886.811 rows=617781 loops=1)
  Hash Cond: (ci.movie_id = t.id)
  ->  Seq Scan on cast_info ci  (cost=0.00..614943.12 rows=36225612 width=4) (actual time=0.013..9289.877 rows=36244344 loops=1)
  ->  Hash  (cost=449744.46..449744.46 rows=27872 width=8) (actual time=8743.640..8743.640 rows=19891 loops=1)
        Buckets: 32768  Batches: 1  Memory Usage: 1033kB
        ->  Hash Join  (cost=67697.55..449744.46 rows=27872 width=8) (actual time=1003.869..8733.767 rows=19891 loops=1)
              Hash Cond: (mi.movie_id = t.id)
              ->  Seq Scan on movie_info mi  (cost=0.00..346232.03 rows=9476311 width=4) (actual time=0.017..6287.448 rows=9565151 loops=1)
                    Filter: (info_type_id < 16)
                    Rows Removed by Filter: 5270569
              ->  Hash  (cost=67604.59..67604.59 rows=7437 width=4) (actual time=1002.295..1002.295 rows=1831 loops=1)
                    Buckets: 8192  Batches: 1  Memory Usage: 129kB
                    ->  Seq Scan on title t  (cost=0.00..67604.59 rows=7437 width=4) (actual time=208.324..1001.287 rows=1831 loops=1)
                          Filter: (production_year = 1944)
                          Rows Removed by Filter: 2526481
Planning time: 0.829 ms
Execution time: 26966.438 ms
