Hash Join  (cost=133102.92..973026.21 rows=34596 width=0) (actual time=1504.599..20543.908 rows=166342 loops=1)
  Hash Cond: (ci.movie_id = t.id)
  ->  Seq Scan on cast_info ci  (cost=0.00..796071.18 rows=11601639 width=4) (actual time=0.020..16721.821 rows=11762873 loops=1)
        Filter: ((person_id > 170513) AND (role_id > 3))
        Rows Removed by Filter: 24481471
  ->  Hash  (cost=133008.67..133008.67 rows=7540 width=8) (actual time=1504.322..1504.322 rows=7668 loops=1)
        Buckets: 8192  Batches: 1  Memory Usage: 364kB
        ->  Nested Loop  (cost=0.43..133008.67 rows=7540 width=8) (actual time=0.522..1499.760 rows=7668 loops=1)
              ->  Seq Scan on movie_keyword mk  (cost=0.00..81003.12 rows=7540 width=4) (actual time=0.449..1243.296 rows=7668 loops=1)
                    Filter: (keyword_id = 231)
                    Rows Removed by Filter: 4516262
              ->  Index Only Scan using title_pkey on title t  (cost=0.43..6.89 rows=1 width=4) (actual time=0.032..0.033 rows=1 loops=7668)
                    Index Cond: (id = mk.movie_id)
                    Heap Fetches: 7668
Planning time: 4.623 ms
Execution time: 20570.058 ms
