Hash Join  (cost=137528.28..1047822.92 rows=999322 width=0) (actual time=2759.297..22266.059 rows=1373306 loops=1)
  Hash Cond: (ci.movie_id = t.id)
  ->  Seq Scan on cast_info ci  (cost=0.00..796071.18 rows=8918732 width=4) (actual time=0.023..14619.263 rows=10417334 loops=1)
        Filter: ((person_id < 1179931) AND (role_id < 5))
        Rows Removed by Filter: 25827010
  ->  Hash  (cost=132879.85..132879.85 rows=283315 width=8) (actual time=2758.051..2758.051 rows=141906 loops=1)
        Buckets: 131072  Batches: 4  Memory Usage: 2407kB
        ->  Hash Join  (cost=92883.59..132879.85 rows=283315 width=8) (actual time=1760.513..2717.299 rows=141906 loops=1)
              Hash Cond: (mi_idx.movie_id = t.id)
              ->  Seq Scan on movie_info_idx mi_idx  (cost=0.00..25185.44 rows=464934 width=4) (actual time=0.020..518.649 rows=460185 loops=1)
                    Filter: (info_type_id > 100)
                    Rows Removed by Filter: 919850
              ->  Hash  (cost=67604.59..67604.59 rows=1540800 width=4) (actual time=1698.606..1698.606 rows=1543264 loops=1)
                    Buckets: 131072  Batches: 32  Memory Usage: 2722kB
                    ->  Seq Scan on title t  (cost=0.00..67604.59 rows=1540800 width=4) (actual time=0.020..1218.547 rows=1543264 loops=1)
                          Filter: (kind_id = 7)
                          Rows Removed by Filter: 985048
Planning time: 1.213 ms
Execution time: 22430.963 ms
