Hash Join  (cost=128345.82..480544.13 rows=15355 width=0) (actual time=15786.569..24638.218 rows=29243 loops=1)
  Hash Cond: (mi.movie_id = t.id)
  ->  Seq Scan on movie_info mi  (cost=0.00..346232.03 rows=1550064 width=4) (actual time=8705.095..17015.306 rows=1533909 loops=1)
        Filter: (info_type_id = 3)
        Rows Removed by Filter: 13301811
  ->  Hash  (cost=128032.73..128032.73 rows=25047 width=8) (actual time=7079.488..7079.488 rows=22981 loops=1)
        Buckets: 32768  Batches: 1  Memory Usage: 1154kB
        ->  Hash Join  (cost=69460.45..128032.73 rows=25047 width=8) (actual time=3813.463..7060.499 rows=22981 loops=1)
              Hash Cond: (mc.movie_id = t.id)
              ->  Seq Scan on movie_companies mc  (cost=0.00..51404.11 rows=559919 width=4) (actual time=0.038..2882.235 rows=564616 loops=1)
                    Filter: (company_id > 71525)
                    Rows Removed by Filter: 2044513
              ->  Hash  (cost=67604.59..67604.59 rows=113109 width=4) (actual time=3812.468..3812.468 rows=119565 loops=1)
                    Buckets: 131072  Batches: 2  Memory Usage: 3115kB
                    ->  Seq Scan on title t  (cost=0.00..67604.59 rows=113109 width=4) (actual time=0.028..3760.795 rows=119565 loops=1)
                          Filter: (production_year = 2007)
                          Rows Removed by Filter: 2408747
Planning time: 1.103 ms
Execution time: 24643.355 ms
