Seq Scan on movie_keyword mk  (cost=0.00..81003.12 rows=2466698 width=0) (actual time=0.023..4075.482 rows=2453967 loops=1)
  Filter: (keyword_id > 3664)
  Rows Removed by Filter: 2069963
Planning time: 0.305 ms
Execution time: 4493.172 ms
