Hash Join  (cost=241996.22..680691.27 rows=2399055 width=0) (actual time=5734.004..13674.619 rows=2129157 loops=1)
  Hash Cond: (mi.movie_id = t.id)
  ->  Seq Scan on movie_info mi  (cost=0.00..346232.03 rows=4972096 width=4) (actual time=279.661..5347.523 rows=4923966 loops=1)
        Filter: (info_type_id < 5)
        Rows Removed by Filter: 9911754
  ->  Hash  (cost=221979.92..221979.92 rows=1220024 width=8) (actual time=5453.287..5453.287 rows=566714 loops=1)
        Buckets: 131072  Batches: 16  Memory Usage: 2421kB
        ->  Hash Join  (cost=85113.64..221979.92 rows=1220024 width=8) (actual time=1340.384..5271.958 rows=566714 loops=1)
              Hash Cond: (mk.movie_id = t.id)
              ->  Seq Scan on movie_keyword mk  (cost=0.00..69693.30 rows=4523930 width=4) (actual time=0.030..1492.899 rows=4523930 loops=1)
              ->  Hash  (cost=73925.90..73925.90 rows=681899 width=4) (actual time=1338.989..1338.989 rows=565062 loops=1)
                    Buckets: 131072  Batches: 16  Memory Usage: 2272kB
                    ->  Seq Scan on title t  (cost=0.00..73925.90 rows=681899 width=4) (actual time=0.025..1160.047 rows=565062 loops=1)
                          Filter: ((kind_id > 1) AND (production_year < 1998))
                          Rows Removed by Filter: 1963250
Planning time: 1.172 ms
Execution time: 13923.968 ms
