Seq Scan on movie_keyword mk  (cost=0.00..81003.12 rows=246 width=0) (actual time=1.142..1282.835 rows=684 loops=1)
  Filter: (keyword_id = 4704)
  Rows Removed by Filter: 4523246
Planning time: 0.235 ms
Execution time: 1283.186 ms
