Hash Join  (cost=226515.57..1227995.04 rows=6433785 width=0) (actual time=5276.248..23491.627 rows=7109283 loops=1)
  Hash Cond: (ci.movie_id = t.id)
  ->  Seq Scan on cast_info ci  (cost=0.00..796071.18 rows=10539688 width=4) (actual time=0.210..13869.792 rows=4498298 loops=1)
        Filter: ((person_id < 1596648) AND (role_id > 1))
        Rows Removed by Filter: 31746046
  ->  Hash  (cost=201191.83..201191.83 rows=1543499 width=8) (actual time=5274.964..5274.964 rows=1532255 loops=1)
        Buckets: 131072  Batches: 32  Memory Usage: 2854kB
        ->  Hash Join  (cost=102767.86..201191.83 rows=1543499 width=8) (actual time=1850.951..4834.411 rows=1532255 loops=1)
              Hash Cond: (mc.movie_id = t.id)
              ->  Seq Scan on movie_companies mc  (cost=0.00..51404.11 rows=1543499 width=4) (actual time=0.025..1037.050 rows=1532255 loops=1)
                    Filter: (company_id < 14423)
                    Rows Removed by Filter: 1076874
              ->  Hash  (cost=61283.27..61283.27 rows=2528527 width=4) (actual time=1849.494..1849.494 rows=2528312 loops=1)
                    Buckets: 131072  Batches: 64  Memory Usage: 2415kB
                    ->  Seq Scan on title t  (cost=0.00..61283.27 rows=2528527 width=4) (actual time=0.015..1028.383 rows=2528312 loops=1)
Planning time: 1.157 ms
Execution time: 24287.445 ms
