Hash Join  (cost=211814.02..1327226.38 rows=7944213 width=0) (actual time=4969.778..58985.608 rows=90904493 loops=1)
  Hash Cond: (ci.movie_id = t.id)
  ->  Seq Scan on cast_info ci  (cost=0.00..614943.12 rows=36225612 width=4) (actual time=0.013..13625.846 rows=36244344 loops=1)
  ->  Hash  (cost=202715.74..202715.74 rows=554502 width=8) (actual time=4968.554..4968.554 rows=1617536 loops=1)
        Buckets: 131072 (originally 131072)  Batches: 32 (originally 8)  Memory Usage: 3073kB
        ->  Hash Join  (cost=82257.13..202715.74 rows=554502 width=8) (actual time=1384.724..4536.004 rows=1617536 loops=1)
              Hash Cond: (mk.movie_id = t.id)
              ->  Seq Scan on movie_keyword mk  (cost=0.00..81003.12 rows=2761191 width=4) (actual time=0.024..1573.386 rows=2754907 loops=1)
                    Filter: (keyword_id < 7844)
                    Rows Removed by Filter: 1769023
              ->  Hash  (cost=73925.90..73925.90 rows=507778 width=4) (actual time=1383.653..1383.653 rows=524129 loops=1)
                    Buckets: 131072  Batches: 8  Memory Usage: 3348kB
                    ->  Seq Scan on title t  (cost=0.00..73925.90 rows=507778 width=4) (actual time=97.147..1218.424 rows=524129 loops=1)
                          Filter: ((production_year < 2010) AND (kind_id = 1))
                          Rows Removed by Filter: 2004183
Planning time: 8.804 ms
Execution time: 69285.372 ms
