Seq Scan on movie_companies mc  (cost=0.00..51404.11 rows=2069543 width=0) (actual time=0.021..982.117 rows=2070506 loops=1)
  Filter: (company_id > 525)
  Rows Removed by Filter: 538623
Planning time: 0.306 ms
Execution time: 1249.798 ms
