Seq Scan on movie_keyword mk  (cost=0.00..81003.12 rows=246 width=0) (actual time=1.554..1198.279 rows=344 loops=1)
  Filter: (keyword_id = 18242)
  Rows Removed by Filter: 4523586
Planning time: 0.344 ms
Execution time: 1198.524 ms
