Hash Join  (cost=797557.90..884219.09 rows=315 width=0) (actual time=10762.060..12481.651 rows=2638 loops=1)
  Hash Cond: (mk.movie_id = t.id)
  ->  Seq Scan on movie_keyword mk  (cost=0.00..69693.30 rows=4523930 width=4) (actual time=0.018..969.961 rows=4523930 loops=1)
  ->  Hash  (cost=797555.70..797555.70 rows=176 width=8) (actual time=10751.121..10751.121 rows=476 loops=1)
        Buckets: 1024  Batches: 1  Memory Usage: 27kB
        ->  Nested Loop  (cost=0.43..797555.70 rows=176 width=8) (actual time=10086.481..10750.933 rows=476 loops=1)
              ->  Seq Scan on cast_info ci  (cost=0.00..796071.18 rows=176 width=4) (actual time=10086.355..10744.632 rows=476 loops=1)
                    Filter: ((person_id = 723354) AND (role_id = 1))
                    Rows Removed by Filter: 36243868
              ->  Index Only Scan using title_pkey on title t  (cost=0.43..8.42 rows=1 width=4) (actual time=0.012..0.013 rows=1 loops=476)
                    Index Cond: (id = ci.movie_id)
                    Heap Fetches: 476
Planning time: 1.248 ms
Execution time: 12482.200 ms
