Seq Scan on movie_keyword mk  (cost=0.00..81003.12 rows=3366098 width=0) (actual time=0.031..3903.301 rows=3352396 loops=1)
  Filter: (keyword_id < 15920)
  Rows Removed by Filter: 1171534
Planning time: 0.281 ms
Execution time: 4483.643 ms
