Seq Scan on cast_info ci  (cost=0.00..705507.15 rows=31329171 width=0) (actual time=0.041..13310.303 rows=31310412 loops=1)
  Filter: (person_id < 3179026)
  Rows Removed by Filter: 4933932
Planning time: 0.327 ms
Execution time: 17200.584 ms
