Seq Scan on movie_keyword mk  (cost=0.00..81003.12 rows=246 width=0) (actual time=0.208..1299.114 rows=986 loops=1)
  Filter: (keyword_id = 1913)
  Rows Removed by Filter: 4522944
Planning time: 0.343 ms
Execution time: 1299.595 ms
