Hash Join  (cost=218809.31..1345221.88 rows=7742890 width=0) (actual time=4466.477..34314.261 rows=4474623 loops=1)
  Hash Cond: (ci.movie_id = t.id)
  ->  Seq Scan on cast_info ci  (cost=0.00..705507.15 rows=29481484 width=4) (actual time=0.032..16070.455 rows=29419409 loops=1)
        Filter: (person_id < 2980048)
        Rows Removed by Filter: 6824935
  ->  Hash  (cost=207913.30..207913.30 rows=664081 width=8) (actual time=4465.216..4465.216 rows=261915 loops=1)
        Buckets: 131072  Batches: 16  Memory Usage: 1640kB
        ->  Hash Join  (cost=82997.89..207913.30 rows=664081 width=8) (actual time=1490.809..4391.502 rows=261915 loops=1)
              Hash Cond: (mk.movie_id = t.id)
              ->  Seq Scan on movie_keyword mk  (cost=0.00..81003.12 rows=3036659 width=4) (actual time=0.021..1627.568 rows=3025877 loops=1)
                    Filter: (keyword_id > 2155)
                    Rows Removed by Filter: 1498053
              ->  Hash  (cost=73925.90..73925.90 rows=552959 width=4) (actual time=1489.685..1489.685 rows=424680 loops=1)
                    Buckets: 131072  Batches: 8  Memory Usage: 2887kB
                    ->  Seq Scan on title t  (cost=0.00..73925.90 rows=552959 width=4) (actual time=0.013..1346.355 rows=424680 loops=1)
                          Filter: ((kind_id > 1) AND (production_year < 1993))
                          Rows Removed by Filter: 2103632
Planning time: 1.155 ms
Execution time: 34806.904 ms
