Seq Scan on movie_keyword mk  (cost=0.00..81003.12 rows=462864 width=0) (actual time=0.039..1279.072 rows=459473 loops=1)
  Filter: (keyword_id > 38632)
  Rows Removed by Filter: 4064457
Planning time: 0.322 ms
Execution time: 1337.693 ms
