Hash Join  (cost=116097.92..241800.95 rows=303699 width=0) (actual time=2245.123..5643.038 rows=1978428 loops=1)
  Hash Cond: (mk.movie_id = t.id)
  ->  Seq Scan on movie_keyword mk  (cost=0.00..69693.30 rows=4523930 width=4) (actual time=0.015..1382.579 rows=4523930 loops=1)
  ->  Hash  (cost=113312.12..113312.12 rows=169744 width=8) (actual time=2244.266..2244.266 rows=179467 loops=1)
        Buckets: 131072  Batches: 4  Memory Usage: 2780kB
        ->  Hash Join  (cost=72707.20..113312.12 rows=169744 width=8) (actual time=1109.286..2192.977 rows=179467 loops=1)
              Hash Cond: (mi_idx.movie_id = t.id)
              ->  Seq Scan on movie_info_idx mi_idx  (cost=0.00..21735.35 rows=1380035 width=4) (actual time=0.025..411.527 rows=1380035 loops=1)
              ->  Hash  (cost=67604.59..67604.59 rows=311009 width=4) (actual time=1108.295..1108.295 rows=309534 loops=1)
                    Buckets: 131072  Batches: 8  Memory Usage: 2378kB
                    ->  Seq Scan on title t  (cost=0.00..67604.59 rows=311009 width=4) (actual time=0.017..1008.365 rows=309534 loops=1)
                          Filter: (production_year < 1966)
                          Rows Removed by Filter: 2218778
Planning time: 1.201 ms
Execution time: 5866.428 ms
