Hash Join  (cost=102767.86..219142.41 rows=1059411 width=0) (actual time=1920.209..4558.095 rows=1064445 loops=1)
  Hash Cond: (mk.movie_id = t.id)
  ->  Seq Scan on movie_keyword mk  (cost=0.00..81003.12 rows=1059411 width=4) (actual time=0.024..1341.355 rows=1064445 loops=1)
        Filter: (keyword_id < 1063)
        Rows Removed by Filter: 3459485
  ->  Hash  (cost=61283.27..61283.27 rows=2528527 width=4) (actual time=1919.417..1919.417 rows=2528312 loops=1)
        Buckets: 131072  Batches: 64  Memory Usage: 2425kB
        ->  Seq Scan on title t  (cost=0.00..61283.27 rows=2528527 width=4) (actual time=0.012..1053.508 rows=2528312 loops=1)
Planning time: 0.731 ms
Execution time: 4688.721 ms
