Hash Join  (cost=648173.27..2289761.84 rows=45941240 width=0) (actual time=14270.942..58026.729 rows=36299592 loops=1)
  Hash Cond: (ci.movie_id = t.id)
  ->  Seq Scan on cast_info ci  (cost=0.00..614943.12 rows=36225612 width=4) (actual time=0.023..13360.399 rows=36244344 loops=1)
  ->  Hash  (cost=595562.87..595562.87 rows=3206672 width=8) (actual time=14269.115..14269.115 rows=1818822 loops=1)
        Buckets: 131072  Batches: 64  Memory Usage: 2099kB
        ->  Hash Join  (cost=85894.26..595562.87 rows=3206672 width=8) (actual time=2493.579..13738.081 rows=1818822 loops=1)
              Hash Cond: (mi.movie_id = t.id)
              ->  Seq Scan on movie_info mi  (cost=0.00..346232.03 rows=11115165 width=4) (actual time=0.012..6609.872 rows=11210743 loops=1)
                    Filter: (info_type_id > 3)
                    Rows Removed by Filter: 3624977
              ->  Hash  (cost=73925.90..73925.90 rows=729468 width=4) (actual time=1476.627..1476.627 rows=638430 loops=1)
                    Buckets: 131072  Batches: 16  Memory Usage: 2431kB
                    ->  Seq Scan on title t  (cost=0.00..73925.90 rows=729468 width=4) (actual time=0.022..1254.776 rows=638430 loops=1)
                          Filter: ((production_year < 2003) AND (kind_id = 7))
                          Rows Removed by Filter: 1889882
Planning time: 1.189 ms
Execution time: 62281.476 ms
