Hash Join  (cost=100972.04..196108.02 rows=4440 width=0) (actual time=1760.511..3884.264 rows=15327 loops=1)
  Hash Cond: (mk.movie_id = t.id)
  ->  Seq Scan on movie_keyword mk  (cost=0.00..81003.12 rows=3756921 width=4) (actual time=0.026..1599.422 rows=3752639 loops=1)
        Filter: (keyword_id > 724)
        Rows Removed by Filter: 771291
  ->  Hash  (cost=100934.69..100934.69 rows=2988 width=8) (actual time=1748.455..1748.455 rows=4317 loops=1)
        Buckets: 8192 (originally 4096)  Batches: 1 (originally 1)  Memory Usage: 233kB
        ->  Hash Join  (cost=73994.33..100934.69 rows=2988 width=8) (actual time=1167.665..1746.590 rows=4317 loops=1)
              Hash Cond: (mi_idx.movie_id = t.id)
              ->  Seq Scan on movie_info_idx mi_idx  (cost=0.00..21735.35 rows=1380035 width=4) (actual time=0.024..303.880 rows=1380035 loops=1)
              ->  Hash  (cost=73925.90..73925.90 rows=5474 width=4) (actual time=1160.937..1160.937 rows=10142 loops=1)
                    Buckets: 16384 (originally 8192)  Batches: 1 (originally 1)  Memory Usage: 485kB
                    ->  Seq Scan on title t  (cost=0.00..73925.90 rows=5474 width=4) (actual time=0.115..1155.419 rows=10142 loops=1)
                          Filter: ((kind_id > 1) AND (production_year = 1973))
                          Rows Removed by Filter: 2518170
Planning time: 1.375 ms
Execution time: 3886.572 ms
