Hash Join  (cost=74259.27..423612.95 rows=8540 width=0) (actual time=4161.676..6529.714 rows=3955 loops=1)
  Hash Cond: (mi.movie_id = t.id)
  ->  Seq Scan on movie_info mi  (cost=0.00..346232.03 rows=809669 width=4) (actual time=2952.443..5252.506 rows=802140 loops=1)
        Filter: (info_type_id = 1)
        Rows Removed by Filter: 14033580
  ->  Hash  (cost=73925.90..73925.90 rows=26669 width=4) (actual time=1066.398..1066.398 rows=67516 loops=1)
        Buckets: 131072 (originally 32768)  Batches: 1 (originally 1)  Memory Usage: 3398kB
        ->  Seq Scan on title t  (cost=0.00..73925.90 rows=26669 width=4) (actual time=292.764..1039.961 rows=67516 loops=1)
              Filter: ((kind_id < 7) AND (production_year < 1916))
              Rows Removed by Filter: 2460796
Planning time: 0.483 ms
Execution time: 6530.598 ms
