Hash Join  (cost=99161.12..246347.71 rows=2185563 width=0) (actual time=2053.149..6137.506 rows=2532070 loops=1)
  Hash Cond: (mk.movie_id = t.id)
  ->  Seq Scan on movie_keyword mk  (cost=0.00..81003.12 rows=2873165 width=4) (actual time=0.022..1743.658 rows=2860680 loops=1)
        Filter: (keyword_id > 2549)
        Rows Removed by Filter: 1663250
  ->  Hash  (cost=67604.59..67604.59 rows=1923403 width=4) (actual time=2050.697..2050.697 rows=1922849 loops=1)
        Buckets: 131072  Batches: 32  Memory Usage: 3141kB
        ->  Seq Scan on title t  (cost=0.00..67604.59 rows=1923403 width=4) (actual time=0.024..1398.860 rows=1922849 loops=1)
              Filter: (production_year < 2010)
              Rows Removed by Filter: 605463
Planning time: 7.750 ms
Execution time: 6440.341 ms
