Seq Scan on cast_info ci  (cost=0.00..796071.18 rows=435 width=0) (actual time=11895.616..14350.610 rows=7 loops=1)
  Filter: ((role_id < 10) AND (person_id = 310461))
  Rows Removed by Filter: 36244337
Planning time: 0.434 ms
Execution time: 14350.704 ms
