Seq Scan on cast_info ci  (cost=0.00..796071.18 rows=13883410 width=0) (actual time=0.022..13005.444 rows=19466472 loops=1)
  Filter: ((person_id > 1452064) AND (role_id > 1))
  Rows Removed by Filter: 16777872
Planning time: 0.361 ms
Execution time: 15178.187 ms
