Hash Join  (cost=139354.68..1135430.36 rows=804823 width=0) (actual time=2640.295..25464.757 rows=1197143 loops=1)
  Hash Cond: (ci.movie_id = t.id)
  ->  Seq Scan on cast_info ci  (cost=0.00..705507.15 rows=24405946 width=4) (actual time=0.024..14457.702 rows=24347499 loops=1)
        Filter: (person_id < 2500570)
        Rows Removed by Filter: 11896845
  ->  Hash  (cost=137986.41..137986.41 rows=83382 width=8) (actual time=2639.331..2639.331 rows=45850 loops=1)
        Buckets: 131072  Batches: 2  Memory Usage: 1928kB
        ->  Hash Join  (cost=70308.29..137986.41 rows=83382 width=8) (actual time=1130.403..2622.559 rows=45850 loops=1)
              Hash Cond: (mc.movie_id = t.id)
              ->  Seq Scan on movie_companies mc  (cost=0.00..51404.11 rows=1279517 width=4) (actual time=0.018..945.040 rows=1274246 loops=1)
                    Filter: (company_type_id = 1)
                    Rows Removed by Filter: 1334883
              ->  Hash  (cost=67604.59..67604.59 rows=164776 width=4) (actual time=1129.427..1129.427 rows=164307 loops=1)
                    Buckets: 131072  Batches: 4  Memory Usage: 2482kB
                    ->  Seq Scan on title t  (cost=0.00..67604.59 rows=164776 width=4) (actual time=0.025..1072.836 rows=164307 loops=1)
                          Filter: (production_year = 2012)
                          Rows Removed by Filter: 2364005
Planning time: 8.632 ms
Execution time: 25609.013 ms
