Hash Join  (cost=154501.00..279116.39 rows=214436 width=0) (actual time=3860.146..8199.546 rows=5697276 loops=1)
  Hash Cond: (mk.movie_id = t.id)
  ->  Seq Scan on movie_keyword mk  (cost=0.00..69693.30 rows=4523930 width=4) (actual time=0.022..1412.281 rows=4523930 loops=1)
  ->  Hash  (cost=152533.83..152533.83 rows=119853 width=8) (actual time=3859.355..3859.355 rows=489662 loops=1)
        Buckets: 131072 (originally 131072)  Batches: 4 (originally 2)  Memory Usage: 5836kB
        ->  Hash Join  (cost=75831.78..152533.83 rows=119853 width=8) (actual time=1541.562..3697.008 rows=489662 loops=1)
              Hash Cond: (mc.movie_id = t.id)
              ->  Seq Scan on movie_companies mc  (cost=0.00..44881.29 rows=2609129 width=4) (actual time=0.027..876.907 rows=2609129 loops=1)
              ->  Hash  (cost=73925.90..73925.90 rows=116150 width=4) (actual time=1540.774..1540.774 rows=233682 loops=1)
                    Buckets: 131072 (originally 131072)  Batches: 4 (originally 2)  Memory Usage: 3079kB
                    ->  Seq Scan on title t  (cost=0.00..73925.90 rows=116150 width=4) (actual time=0.019..1239.100 rows=233682 loops=1)
                          Filter: ((kind_id < 4) AND (production_year < 1968))
                          Rows Removed by Filter: 2294630
Planning time: 1.196 ms
Execution time: 8706.718 ms
