Nested Loop  (cost=0.43..67653.19 rows=1194 width=0) (actual time=105.677..891.706 rows=95 loops=1)
  ->  Seq Scan on movie_companies mc  (cost=0.00..57926.93 rows=1194 width=4) (actual time=105.575..888.616 rows=95 loops=1)
        Filter: ((company_id = 1886) AND (company_type_id = 1))
        Rows Removed by Filter: 2609034
  ->  Index Only Scan using title_pkey on title t  (cost=0.43..8.14 rows=1 width=4) (actual time=0.029..0.030 rows=1 loops=95)
        Index Cond: (id = mc.movie_id)
        Heap Fetches: 95
Planning time: 0.784 ms
Execution time: 891.845 ms
