Seq Scan on cast_info ci  (cost=0.00..796071.18 rows=9358036 width=0) (actual time=148.018..12654.359 rows=3994346 loops=1)
  Filter: ((person_id < 1413512) AND (role_id > 1))
  Rows Removed by Filter: 32249998
Planning time: 0.353 ms
Execution time: 13161.233 ms
