Hash Join  (cost=220486.35..777005.42 rows=7189514 width=0) (actual time=5119.741..23538.343 rows=16127920 loops=1)
  Hash Cond: (mi.movie_id = t.id)
  ->  Seq Scan on movie_info mi  (cost=0.00..309384.22 rows=14739122 width=4) (actual time=0.017..6517.166 rows=14835720 loops=1)
  ->  Hash  (cost=200251.15..200251.15 rows=1233376 width=8) (actual time=5118.377..5118.377 rows=1145271 loops=1)
        Buckets: 131072  Batches: 32  Memory Usage: 2423kB
        ->  Hash Join  (cost=102767.86..200251.15 rows=1233376 width=8) (actual time=2646.298..4797.978 rows=1145271 loops=1)
              Hash Cond: (mc.movie_id = t.id)
              ->  Seq Scan on movie_companies mc  (cost=0.00..57926.93 rows=1233376 width=4) (actual time=374.170..1263.411 rows=1145271 loops=1)
                    Filter: ((company_id < 116848) AND (company_type_id > 1))
                    Rows Removed by Filter: 1463858
              ->  Hash  (cost=61283.27..61283.27 rows=2528527 width=4) (actual time=2270.765..2270.765 rows=2528312 loops=1)
                    Buckets: 131072  Batches: 64  Memory Usage: 2415kB
                    ->  Seq Scan on title t  (cost=0.00..61283.27 rows=2528527 width=4) (actual time=0.027..1121.447 rows=2528312 loops=1)
Planning time: 0.829 ms
Execution time: 25423.883 ms
