Seq Scan on cast_info ci  (cost=0.00..796071.18 rows=324 width=0) (actual time=385.760..41535.359 rows=64 loops=1)
  Filter: ((role_id > 1) AND (person_id = 2751653))
  Rows Removed by Filter: 36244280
Planning time: 0.346 ms
Execution time: 41535.515 ms
