Hash Join  (cost=198456.45..1272009.63 rows=3869396 width=0) (actual time=4232.336..35396.156 rows=15988059 loops=1)
  Hash Cond: (ci.movie_id = t.id)
  ->  Seq Scan on cast_info ci  (cost=0.00..614943.12 rows=36225612 width=4) (actual time=0.024..12748.470 rows=36244344 loops=1)
  ->  Hash  (cost=194024.43..194024.43 rows=270082 width=8) (actual time=4231.371..4231.371 rows=479998 loops=1)
        Buckets: 131072 (originally 131072)  Batches: 8 (originally 4)  Memory Usage: 3404kB
        ->  Hash Join  (cost=70965.72..194024.43 rows=270082 width=8) (actual time=1069.492..4092.532 rows=479998 loops=1)
              Hash Cond: (mk.movie_id = t.id)
              ->  Seq Scan on movie_keyword mk  (cost=0.00..81003.12 rows=3334336 width=4) (actual time=0.026..1668.468 rows=3325336 loops=1)
                    Filter: (keyword_id < 15357)
                    Rows Removed by Filter: 1198594
              ->  Hash  (cost=67604.59..67604.59 rows=204811 width=4) (actual time=1068.562..1068.562 rows=202996 loops=1)
                    Buckets: 131072  Batches: 4  Memory Usage: 2815kB
                    ->  Seq Scan on title t  (cost=0.00..67604.59 rows=204811 width=4) (actual time=0.074..997.365 rows=202996 loops=1)
                          Filter: (production_year < 1956)
                          Rows Removed by Filter: 2325316
Planning time: 1.183 ms
Execution time: 36996.157 ms
