Hash Join  (cost=73950.44..100871.63 rows=1071 width=0) (actual time=1095.844..1639.610 rows=5693 loops=1)
  Hash Cond: (mi_idx.movie_id = t.id)
  ->  Seq Scan on movie_info_idx mi_idx  (cost=0.00..21735.35 rows=1380035 width=4) (actual time=0.035..300.215 rows=1380035 loops=1)
  ->  Hash  (cost=73925.90..73925.90 rows=1963 width=4) (actual time=1067.961..1067.961 rows=4382 loops=1)
        Buckets: 8192 (originally 2048)  Batches: 1 (originally 1)  Memory Usage: 219kB
        ->  Seq Scan on title t  (cost=0.00..73925.90 rows=1963 width=4) (actual time=383.146..1065.837 rows=4382 loops=1)
              Filter: ((kind_id = 1) AND (production_year = 1979))
              Rows Removed by Filter: 2523930
Planning time: 0.756 ms
Execution time: 1640.561 ms
