Hash Join  (cost=83074.74..447745.01 rows=1434 width=0) (actual time=1304.002..8701.117 rows=711 loops=1)
  Hash Cond: (mi.movie_id = t.id)
  ->  Seq Scan on movie_info mi  (cost=0.00..309384.22 rows=14739122 width=4) (actual time=0.016..4839.172 rows=14835720 loops=1)
  ->  Hash  (cost=83071.67..83071.67 rows=246 width=8) (actual time=1187.519..1187.519 rows=12 loops=1)
        Buckets: 1024  Batches: 1  Memory Usage: 9kB
        ->  Nested Loop  (cost=0.43..83071.67 rows=246 width=8) (actual time=122.915..1187.492 rows=12 loops=1)
              ->  Seq Scan on movie_keyword mk  (cost=0.00..81003.12 rows=246 width=4) (actual time=122.818..1186.802 rows=12 loops=1)
                    Filter: (keyword_id = 26116)
                    Rows Removed by Filter: 4523918
              ->  Index Only Scan using title_pkey on title t  (cost=0.43..8.40 rows=1 width=4) (actual time=0.048..0.049 rows=1 loops=12)
                    Index Cond: (id = mk.movie_id)
                    Heap Fetches: 12
Planning time: 2.433 ms
Execution time: 8701.477 ms
