Hash Join  (cost=79775.76..171290.32 rows=99100 width=0) (actual time=1332.547..3224.077 rows=309579 loops=1)
  Hash Cond: (mk.movie_id = t.id)
  ->  Seq Scan on movie_keyword mk  (cost=0.00..81003.12 rows=702785 width=4) (actual time=0.013..1426.422 rows=705187 loops=1)
        Filter: (keyword_id < 589)
        Rows Removed by Filter: 3818743
  ->  Hash  (cost=73925.90..73925.90 rows=356548 width=4) (actual time=1331.675..1331.675 rows=424572 loops=1)
        Buckets: 131072  Batches: 8  Memory Usage: 2905kB
        ->  Seq Scan on title t  (cost=0.00..73925.90 rows=356548 width=4) (actual time=0.017..1195.538 rows=424572 loops=1)
              Filter: ((production_year < 2005) AND (kind_id = 1))
              Rows Removed by Filter: 2103740
Planning time: 0.511 ms
Execution time: 3259.893 ms
