Nested Loop  (cost=0.43..52283.69 rows=104 width=0) (actual time=69.886..884.779 rows=143 loops=1)
  ->  Seq Scan on movie_companies mc  (cost=0.00..51404.11 rows=104 width=4) (actual time=69.810..877.655 rows=143 loops=1)
        Filter: (company_id = 30835)
        Rows Removed by Filter: 2608986
  ->  Index Only Scan using title_pkey on title t  (cost=0.43..8.45 rows=1 width=4) (actual time=0.048..0.048 rows=1 loops=143)
        Index Cond: (id = mc.movie_id)
        Heap Fetches: 143
Planning time: 0.751 ms
Execution time: 884.874 ms
