Hash Join  (cost=94973.51..940974.43 rows=1475568 width=0) (actual time=2558.009..15387.169 rows=1558400 loops=1)
  Hash Cond: (ci.movie_id = t.id)
  ->  Seq Scan on cast_info ci  (cost=0.00..796071.18 rows=2236612 width=4) (actual time=726.450..11699.405 rows=2476748 loops=1)
        Filter: ((person_id < 251980) AND (role_id < 9))
        Rows Removed by Filter: 33767596
  ->  Hash  (cost=67604.59..67604.59 rows=1668154 width=4) (actual time=1808.515..1808.515 rows=1674098 loops=1)
        Buckets: 131072  Batches: 32  Memory Usage: 2869kB
        ->  Seq Scan on title t  (cost=0.00..67604.59 rows=1668154 width=4) (actual time=0.024..1296.292 rows=1674098 loops=1)
              Filter: (kind_id > 3)
              Rows Removed by Filter: 854214
Planning time: 2.164 ms
Execution time: 15557.136 ms
