Hash Join  (cost=917282.60..1410252.13 rows=1233660 width=0) (actual time=14200.486..27630.081 rows=1909867 loops=1)
  Hash Cond: (mi.movie_id = t.id)
  ->  Seq Scan on movie_info mi  (cost=0.00..309384.22 rows=14739122 width=4) (actual time=0.013..6078.375 rows=14835720 loops=1)
  ->  Hash  (cost=913810.14..913810.14 rows=211637 width=8) (actual time=14199.685..14199.685 rows=200366 loops=1)
        Buckets: 131072  Batches: 4  Memory Usage: 2993kB
        ->  Hash Join  (cost=102767.86..913810.14 rows=211637 width=8) (actual time=4354.207..14143.643 rows=200366 loops=1)
              Hash Cond: (ci.movie_id = t.id)
              ->  Seq Scan on cast_info ci  (cost=0.00..796071.18 rows=211637 width=4) (actual time=2305.769..11201.219 rows=200366 loops=1)
                    Filter: ((person_id < 413110) AND (role_id = 8))
                    Rows Removed by Filter: 36043978
              ->  Hash  (cost=61283.27..61283.27 rows=2528527 width=4) (actual time=2046.249..2046.249 rows=2528312 loops=1)
                    Buckets: 131072  Batches: 64  Memory Usage: 2415kB
                    ->  Seq Scan on title t  (cost=0.00..61283.27 rows=2528527 width=4) (actual time=0.025..1213.702 rows=2528312 loops=1)
Planning time: 1.224 ms
Execution time: 27860.896 ms
