Seq Scan on cast_info ci  (cost=0.00..796071.18 rows=13171973 width=0) (actual time=0.020..15886.118 rows=19152481 loops=1)
  Filter: ((person_id > 1563218) AND (role_id > 1))
  Rows Removed by Filter: 17091863
Planning time: 0.284 ms
Execution time: 18237.054 ms
