Seq Scan on movie_keyword mk  (cost=0.00..81003.12 rows=1219858 width=0) (actual time=0.015..1433.205 rows=1229009 loops=1)
  Filter: (keyword_id > 14764)
  Rows Removed by Filter: 3294921
Planning time: 0.232 ms
Execution time: 1591.558 ms
