Hash Join  (cost=83073.49..109962.06 rows=17 width=0) (actual time=4345.345..5855.345 rows=591 loops=1)
  Hash Cond: (mi_idx.movie_id = t.id)
  ->  Seq Scan on movie_info_idx mi_idx  (cost=0.00..25185.44 rows=454124 width=4) (actual time=0.023..1455.696 rows=459925 loops=1)
        Filter: (info_type_id = 100)
        Rows Removed by Filter: 920110
  ->  Hash  (cost=83072.29..83072.29 rows=96 width=8) (actual time=4298.062..4298.062 rows=847 loops=1)
        Buckets: 1024  Batches: 1  Memory Usage: 42kB
        ->  Nested Loop  (cost=0.43..83072.29 rows=96 width=8) (actual time=12.495..4295.458 rows=847 loops=1)
              ->  Seq Scan on movie_keyword mk  (cost=0.00..81003.12 rows=246 width=4) (actual time=12.434..4045.130 rows=943 loops=1)
                    Filter: (keyword_id = 475)
                    Rows Removed by Filter: 4522987
              ->  Index Scan using title_pkey on title t  (cost=0.43..8.40 rows=1 width=4) (actual time=0.263..0.263 rows=1 loops=943)
                    Index Cond: (id = mk.movie_id)
                    Filter: (kind_id < 7)
                    Rows Removed by Filter: 0
Planning time: 1.077 ms
Execution time: 5855.679 ms
