Hash Join  (cost=146069.20..633739.19 rows=737007 width=0) (actual time=2643.680..14792.207 rows=3457289 loops=1)
  Hash Cond: (mi.movie_id = t.id)
  ->  Seq Scan on movie_info mi  (cost=0.00..309384.22 rows=14739122 width=4) (actual time=0.019..5895.622 rows=14835720 loops=1)
  ->  Hash  (cost=143994.76..143994.76 rows=126435 width=8) (actual time=2642.990..2642.990 rows=106440 loops=1)
        Buckets: 131072  Batches: 2  Memory Usage: 3116kB
        ->  Hash Join  (cost=81573.24..143994.76 rows=126435 width=8) (actual time=1337.956..2611.756 rows=106440 loops=1)
              Hash Cond: (mc.movie_id = t.id)
              ->  Seq Scan on movie_companies mc  (cost=0.00..51404.11 rows=685881 width=4) (actual time=0.026..903.476 rows=679476 loops=1)
                    Filter: (company_id < 1135)
                    Rows Removed by Filter: 1929653
              ->  Hash  (cost=73925.90..73925.90 rows=466107 width=4) (actual time=1337.308..1337.308 rows=396359 loops=1)
                    Buckets: 131072  Batches: 8  Memory Usage: 2762kB
                    ->  Seq Scan on title t  (cost=0.00..73925.90 rows=466107 width=4) (actual time=0.028..1210.832 rows=396359 loops=1)
                          Filter: ((kind_id < 7) AND (production_year > 2003))
                          Rows Removed by Filter: 2131953
Planning time: 4.565 ms
Execution time: 15220.970 ms
