Hash Join  (cost=52284.34..138942.93 rows=55 width=0) (actual time=881.963..2200.098 rows=14 loops=1)
  Hash Cond: (mk.movie_id = t.id)
  ->  Seq Scan on movie_keyword mk  (cost=0.00..69693.30 rows=4523930 width=4) (actual time=0.022..979.343 rows=4523930 loops=1)
  ->  Hash  (cost=52283.95..52283.95 rows=31 width=8) (actual time=446.849..446.849 rows=34 loops=1)
        Buckets: 1024  Batches: 1  Memory Usage: 10kB
        ->  Nested Loop  (cost=0.43..52283.95 rows=31 width=8) (actual time=3.206..446.795 rows=34 loops=1)
              ->  Seq Scan on movie_companies mc  (cost=0.00..51404.11 rows=104 width=4) (actual time=3.163..445.167 rows=35 loops=1)
                    Filter: (company_id = 32293)
                    Rows Removed by Filter: 2609094
              ->  Index Scan using title_pkey on title t  (cost=0.43..8.45 rows=1 width=4) (actual time=0.043..0.044 rows=1 loops=35)
                    Index Cond: (id = mc.movie_id)
                    Filter: (kind_id < 3)
                    Rows Removed by Filter: 0
Planning time: 1.142 ms
Execution time: 2200.258 ms
