Seq Scan on cast_info ci  (cost=0.00..796071.18 rows=571141 width=0) (actual time=1666.196..9954.365 rows=195183 loops=1)
  Filter: ((person_id < 80048) AND (role_id > 1))
  Rows Removed by Filter: 36049161
Planning time: 0.351 ms
Execution time: 9984.868 ms
