Hash Join  (cost=74553.12..923345.84 rows=264972 width=0) (actual time=1171.263..22289.461 rows=396469 loops=1)
  Hash Cond: (ci.movie_id = t.id)
  ->  Seq Scan on cast_info ci  (cost=0.00..796071.18 rows=13352487 width=4) (actual time=0.059..15199.772 rows=19229666 loops=1)
        Filter: ((person_id > 1531608) AND (role_id > 1))
        Rows Removed by Filter: 17014678
  ->  Hash  (cost=73925.90..73925.90 rows=50177 width=4) (actual time=1170.844..1170.844 rows=64542 loops=1)
        Buckets: 65536  Batches: 1  Memory Usage: 2782kB
        ->  Seq Scan on title t  (cost=0.00..73925.90 rows=50177 width=4) (actual time=0.026..1145.927 rows=64542 loops=1)
              Filter: ((production_year > 2004) AND (kind_id = 4))
              Rows Removed by Filter: 2463770
Planning time: 0.811 ms
Execution time: 22346.774 ms
