Nested Loop  (cost=0.43..796925.39 rows=101 width=0) (actual time=1300.921..11151.326 rows=2 loops=1)
  ->  Seq Scan on cast_info ci  (cost=0.00..796071.18 rows=101 width=4) (actual time=1300.829..11151.174 rows=2 loops=1)
        Filter: ((person_id = 2185141) AND (role_id = 2))
        Rows Removed by Filter: 36244342
  ->  Index Only Scan using title_pkey on title t  (cost=0.43..8.45 rows=1 width=4) (actual time=0.058..0.059 rows=1 loops=2)
        Index Cond: (id = ci.movie_id)
        Heap Fetches: 2
Planning time: 0.764 ms
Execution time: 11151.426 ms
