Hash Join  (cost=102767.86..212421.33 rows=780083 width=0) (actual time=1886.484..4475.660 rows=782198 loops=1)
  Hash Cond: (mk.movie_id = t.id)
  ->  Seq Scan on movie_keyword mk  (cost=0.00..81003.12 rows=780083 width=4) (actual time=0.014..1328.082 rows=782198 loops=1)
        Filter: (keyword_id < 748)
        Rows Removed by Filter: 3741732
  ->  Hash  (cost=61283.27..61283.27 rows=2528527 width=4) (actual time=1884.275..1884.275 rows=2528312 loops=1)
        Buckets: 131072  Batches: 64  Memory Usage: 2425kB
        ->  Seq Scan on title t  (cost=0.00..61283.27 rows=2528527 width=4) (actual time=0.016..1031.123 rows=2528312 loops=1)
Planning time: 0.694 ms
Execution time: 4558.041 ms
