Hash Join  (cost=1405963.97..2852664.99 rows=71623516 width=0) (actual time=44368.226..124351.184 rows=232350032 loops=1)
  Hash Cond: (mi.movie_id = t.id)
  ->  Seq Scan on movie_info mi  (cost=0.00..309384.22 rows=14739122 width=4) (actual time=0.022..6679.402 rows=14835720 loops=1)
  ->  Hash  (cost=1204377.44..1204377.44 rows=12287163 width=8) (actual time=44365.034..44365.034 rows=18779084 loops=1)
        Buckets: 131072  Batches: 256  Memory Usage: 3932kB
        ->  Hash Join  (cost=102767.86..1204377.44 rows=12287163 width=8) (actual time=1998.622..38050.402 rows=18779084 loops=1)
              Hash Cond: (ci.movie_id = t.id)
              ->  Seq Scan on cast_info ci  (cost=0.00..796071.18 rows=12287163 width=4) (actual time=0.013..16100.036 rows=18779084 loops=1)
                    Filter: ((person_id > 1695748) AND (role_id > 1))
                    Rows Removed by Filter: 17465260
              ->  Hash  (cost=61283.27..61283.27 rows=2528527 width=4) (actual time=1997.277..1997.277 rows=2528312 loops=1)
                    Buckets: 131072  Batches: 64  Memory Usage: 2415kB
                    ->  Seq Scan on title t  (cost=0.00..61283.27 rows=2528527 width=4) (actual time=0.013..1134.419 rows=2528312 loops=1)
Planning time: 1.305 ms
Execution time: 149194.596 ms
