Hash Join  (cost=709675.12..736585.93 rows=32 width=0) (actual time=10728.752..11049.703 rows=27 loops=1)
  Hash Cond: (mi_idx.movie_id = t.id)
  ->  Seq Scan on movie_info_idx mi_idx  (cost=0.00..21735.35 rows=1380035 width=4) (actual time=0.021..283.343 rows=1380035 loops=1)
  ->  Hash  (cost=709674.40..709674.40 rows=58 width=8) (actual time=10531.413..10531.413 rows=56 loops=1)
        Buckets: 1024  Batches: 1  Memory Usage: 11kB
        ->  Nested Loop  (cost=0.43..709674.40 rows=58 width=8) (actual time=105.360..10531.376 rows=56 loops=1)
              ->  Seq Scan on cast_info ci  (cost=0.00..705507.15 rows=500 width=4) (actual time=105.297..10527.997 rows=70 loops=1)
                    Filter: (person_id = 1043237)
                    Rows Removed by Filter: 36244274
              ->  Index Scan using title_pkey on title t  (cost=0.43..8.32 rows=1 width=4) (actual time=0.048..0.048 rows=1 loops=70)
                    Index Cond: (id = ci.movie_id)
                    Filter: ((kind_id < 7) AND (production_year < 1993))
                    Rows Removed by Filter: 0
Planning time: 1.242 ms
Execution time: 11049.851 ms
