Hash Join  (cost=192459.13..235216.10 rows=295149 width=0) (actual time=9210.682..11742.729 rows=438743 loops=1)
  Hash Cond: (mi_idx.movie_id = t.id)
  ->  Seq Scan on movie_info_idx mi_idx  (cost=0.00..21735.35 rows=1380035 width=4) (actual time=0.033..1546.956 rows=1380035 loops=1)
  ->  Hash  (cost=183586.42..183586.42 rows=540777 width=8) (actual time=9209.767..9209.767 rows=328950 loops=1)
        Buckets: 131072  Batches: 8  Memory Usage: 2628kB
        ->  Hash Join  (cost=102767.86..183586.42 rows=540777 width=8) (actual time=5527.156..9099.714 rows=328950 loops=1)
              Hash Cond: (mc.movie_id = t.id)
              ->  Seq Scan on movie_companies mc  (cost=0.00..57926.93 rows=540777 width=4) (actual time=85.428..2865.923 rows=328950 loops=1)
                    Filter: ((company_id < 6274) AND (company_type_id > 1))
                    Rows Removed by Filter: 2280179
              ->  Hash  (cost=61283.27..61283.27 rows=2528527 width=4) (actual time=5341.604..5341.604 rows=2528312 loops=1)
                    Buckets: 131072  Batches: 64  Memory Usage: 2415kB
                    ->  Seq Scan on title t  (cost=0.00..61283.27 rows=2528527 width=4) (actual time=0.015..4051.301 rows=2528312 loops=1)
Planning time: 7.753 ms
Execution time: 11811.027 ms
