Seq Scan on cast_info ci  (cost=0.00..705507.15 rows=24045234 width=0) (actual time=0.027..13427.789 rows=23990300 loops=1)
  Filter: (person_id < 2460667)
  Rows Removed by Filter: 12254044
Planning time: 0.345 ms
Execution time: 16408.934 ms
