Seq Scan on movie_keyword mk  (cost=0.00..81003.12 rows=2170114 width=12) (actual time=0.026..1793.687 rows=2173075 loops=1)
  Filter: (keyword_id < 4228)
  Rows Removed by Filter: 2350855
Planning time: 0.328 ms
Execution time: 1935.626 ms
