Hash Join  (cost=74547.77..880280.02 rows=48162 width=0) (actual time=1056.353..17206.695 rows=46261 loops=1)
  Hash Cond: (ci.movie_id = t.id)
  ->  Seq Scan on cast_info ci  (cost=0.00..796071.18 rows=2447853 width=4) (actual time=0.028..15391.141 rows=2728943 loops=1)
        Filter: ((person_id < 3358554) AND (role_id = 4))
        Rows Removed by Filter: 33515401
  ->  Hash  (cost=73925.90..73925.90 rows=49749 width=4) (actual time=1055.921..1055.921 rows=44012 loops=1)
        Buckets: 65536  Batches: 1  Memory Usage: 2060kB
        ->  Seq Scan on title t  (cost=0.00..73925.90 rows=49749 width=4) (actual time=0.088..1038.129 rows=44012 loops=1)
              Filter: ((kind_id < 7) AND (production_year = 2009))
              Rows Removed by Filter: 2484300
Planning time: 0.803 ms
Execution time: 17214.170 ms
