Hash Join  (cost=77838.49..198699.59 rows=293536 width=0) (actual time=1107.476..4147.689 rows=397982 loops=1)
  Hash Cond: (mk.movie_id = t.id)
  ->  Seq Scan on movie_keyword mk  (cost=0.00..81003.12 rows=3112697 width=4) (actual time=0.018..1773.725 rows=3099974 loops=1)
        Filter: (keyword_id < 11706)
        Rows Removed by Filter: 1423956
  ->  Hash  (cost=73925.90..73925.90 rows=238447 width=4) (actual time=1106.204..1106.204 rows=200165 loops=1)
        Buckets: 131072  Batches: 4  Memory Usage: 2790kB
        ->  Seq Scan on title t  (cost=0.00..73925.90 rows=238447 width=4) (actual time=143.217..918.862 rows=200165 loops=1)
              Filter: ((production_year > 2006) AND (kind_id = 1))
              Rows Removed by Filter: 2328147
Planning time: 0.499 ms
Execution time: 4197.076 ms
