Seq Scan on cast_info ci  (cost=0.00..796071.18 rows=34443778 width=0) (actual time=0.015..18291.344 rows=34561115 loops=1)
  Filter: ((person_id > 137158) AND (role_id < 11))
  Rows Removed by Filter: 1683229
Planning time: 1.361 ms
Execution time: 22523.385 ms
