Hash Join  (cost=376021.91..1247693.75 rows=7700225 width=0) (actual time=14541.579..38438.063 rows=56557758 loops=1)
  Hash Cond: (ci.movie_id = t.id)
  ->  Seq Scan on cast_info ci  (cost=0.00..705507.15 rows=4320508 width=4) (actual time=4756.945..13270.104 rows=4323018 loops=1)
        Filter: (role_id = 10)
        Rows Removed by Filter: 31921326
  ->  Hash  (cost=302087.07..302087.07 rows=4506467 width=8) (actual time=9783.087..9783.087 rows=4509545 loops=1)
        Buckets: 131072  Batches: 64  Memory Usage: 3806kB
        ->  Hash Join  (cost=102767.86..302087.07 rows=4506467 width=8) (actual time=1938.530..8430.505 rows=4509545 loops=1)
              Hash Cond: (mk.movie_id = t.id)
              ->  Seq Scan on movie_keyword mk  (cost=0.00..81003.12 rows=4506467 width=4) (actual time=0.059..1852.409 rows=4509545 loops=1)
                    Filter: (keyword_id < 121617)
                    Rows Removed by Filter: 14385
              ->  Hash  (cost=61283.27..61283.27 rows=2528527 width=4) (actual time=1936.283..1936.283 rows=2528312 loops=1)
                    Buckets: 131072  Batches: 64  Memory Usage: 2425kB
                    ->  Seq Scan on title t  (cost=0.00..61283.27 rows=2528527 width=4) (actual time=0.016..1075.917 rows=2528312 loops=1)
Planning time: 1.397 ms
Execution time: 44705.950 ms
