Hash Join  (cost=102201.48..481629.90 rows=918871 width=0) (actual time=5254.438..9112.376 rows=674446 loops=1)
  Hash Cond: (mi.movie_id = t.id)
  ->  Seq Scan on movie_info mi  (cost=0.00..346232.03 rows=1348138 width=4) (actual time=2819.481..5481.478 rows=1298989 loops=1)
        Filter: (info_type_id = 4)
        Rows Removed by Filter: 13536731
  ->  Hash  (cost=73925.90..73925.90 rows=1723406 width=4) (actual time=2434.024..2434.024 rows=1799898 loops=1)
        Buckets: 131072  Batches: 32  Memory Usage: 3013kB
        ->  Seq Scan on title t  (cost=0.00..73925.90 rows=1723406 width=4) (actual time=0.024..1505.184 rows=1799898 loops=1)
              Filter: ((kind_id > 1) AND (production_year > 1932))
              Rows Removed by Filter: 728414
Planning time: 0.771 ms
Execution time: 9190.104 ms
