Seq Scan on cast_info ci  (cost=0.00..796071.18 rows=17898057 width=0) (actual time=2838.139..16425.825 rows=22284944 loops=1)
  Filter: ((person_id < 2777332) AND (role_id < 4))
  Rows Removed by Filter: 13959400
Planning time: 0.941 ms
Execution time: 19178.730 ms
