Seq Scan on cast_info ci  (cost=0.00..705507.15 rows=4243315 width=0) (actual time=24782.691..35157.152 rows=4296217 loops=1)
  Filter: (person_id > 3274345)
  Rows Removed by Filter: 31948127
Planning time: 1.641 ms
Execution time: 36029.089 ms
