Seq Scan on movie_companies mc  (cost=0.00..57926.93 rows=356830 width=0) (actual time=261.880..898.132 rows=44530 loops=1)
  Filter: ((company_id > 40238) AND (company_type_id < 2))
  Rows Removed by Filter: 2564599
Planning time: 0.377 ms
Execution time: 904.154 ms
