Seq Scan on movie_keyword mk  (cost=0.00..81003.12 rows=246 width=0) (actual time=58.191..1331.314 rows=63 loops=1)
  Filter: (keyword_id = 37332)
  Rows Removed by Filter: 4523867
Planning time: 0.356 ms
Execution time: 1331.457 ms
