Seq Scan on movie_companies mc  (cost=0.00..51404.11 rows=1772352 width=0) (actual time=0.028..916.880 rows=1775985 loops=1)
  Filter: (company_id > 2086)
  Rows Removed by Filter: 833144
Planning time: 0.356 ms
Execution time: 1130.467 ms
