Seq Scan on movie_keyword mk  (cost=0.00..81003.12 rows=246 width=0) (actual time=3.795..1249.686 rows=132 loops=1)
  Filter: (keyword_id = 3785)
  Rows Removed by Filter: 4523798
Planning time: 0.380 ms
Execution time: 1249.888 ms
