Seq Scan on cast_info ci  (cost=0.00..796071.18 rows=276 width=0) (actual time=8410.157..13324.039 rows=1 loops=1)
  Filter: ((role_id < 3) AND (person_id = 337078))
  Rows Removed by Filter: 36244343
Planning time: 0.393 ms
Execution time: 13324.148 ms
