Hash Join  (cost=84037.34..160223.34 rows=389502 width=0) (actual time=1898.768..3417.217 rows=102748 loops=1)
  Hash Cond: (mc.movie_id = t.id)
  ->  Seq Scan on movie_companies mc  (cost=0.00..51404.11 rows=1598096 width=4) (actual time=0.021..1074.334 rows=1597481 loops=1)
        Filter: (company_id > 5071)
        Rows Removed by Filter: 1011648
  ->  Hash  (cost=73925.90..73925.90 rows=616275 width=4) (actual time=1477.204..1477.204 rows=676927 loops=1)
        Buckets: 131072  Batches: 16  Memory Usage: 2516kB
        ->  Seq Scan on title t  (cost=0.00..73925.90 rows=616275 width=4) (actual time=0.011..1260.822 rows=676927 loops=1)
              Filter: ((production_year > 2005) AND (kind_id = 7))
              Rows Removed by Filter: 1851385
Planning time: 0.770 ms
Execution time: 3429.644 ms
