Hash Join  (cost=74311.74..161522.04 rows=55226 width=0) (actual time=3449.472..8381.816 rows=12613 loops=1)
  Hash Cond: (mk.movie_id = t.id)
  ->  Seq Scan on movie_keyword mk  (cost=0.00..69693.30 rows=4523930 width=4) (actual time=0.024..3701.235 rows=4523930 loops=1)
  ->  Hash  (cost=73925.90..73925.90 rows=30867 width=4) (actual time=3442.762..3442.762 rows=34773 loops=1)
        Buckets: 65536 (originally 32768)  Batches: 1 (originally 1)  Memory Usage: 1735kB
        ->  Seq Scan on title t  (cost=0.00..73925.90 rows=30867 width=4) (actual time=0.110..3421.180 rows=34773 loops=1)
              Filter: ((kind_id = 7) AND (production_year = 1999))
              Rows Removed by Filter: 2493539
Planning time: 0.705 ms
Execution time: 8383.646 ms
