Seq Scan on movie_companies mc  (cost=0.00..57926.93 rows=53 width=0) (actual time=56.616..856.307 rows=26 loops=1)
  Filter: ((company_type_id > 1) AND (company_id = 28))
  Rows Removed by Filter: 2609103
Planning time: 0.405 ms
Execution time: 856.422 ms
