Hash Join  (cost=471313.71..551609.76 rows=380553 width=0) (actual time=8512.599..11136.615 rows=1427322 loops=1)
  Hash Cond: (mc.movie_id = t.id)
  ->  Seq Scan on movie_companies mc  (cost=0.00..44881.29 rows=2609129 width=4) (actual time=0.015..925.670 rows=2609129 loops=1)
  ->  Hash  (cost=465262.75..465262.75 rows=368797 width=8) (actual time=8511.765..8511.765 rows=451237 loops=1)
        Buckets: 131072  Batches: 8  Memory Usage: 3222kB
        ->  Hash Join  (cost=101489.21..465262.75 rows=368797 width=8) (actual time=3486.177..8380.712 rows=451237 loops=1)
              Hash Cond: (mi.movie_id = t.id)
              ->  Seq Scan on movie_info mi  (cost=0.00..346232.03 rows=451508 width=4) (actual time=1355.629..5533.321 rows=474443 loops=1)
                    Filter: (info_type_id = 6)
                    Rows Removed by Filter: 14361277
              ->  Hash  (cost=67604.59..67604.59 rows=2065330 width=4) (actual time=2129.734..2129.734 rows=2064552 loops=1)
                    Buckets: 131072  Batches: 32  Memory Usage: 3298kB
                    ->  Seq Scan on title t  (cost=0.00..67604.59 rows=2065330 width=4) (actual time=0.027..1414.804 rows=2064552 loops=1)
                          Filter: (production_year < 2011)
                          Rows Removed by Filter: 463760
Planning time: 1.214 ms
Execution time: 11316.978 ms
