Seq Scan on movie_keyword mk  (cost=0.00..81003.12 rows=246 width=0) (actual time=3.825..1417.885 rows=243 loops=1)
  Filter: (keyword_id = 11739)
  Rows Removed by Filter: 4523687
Planning time: 0.378 ms
Execution time: 1418.154 ms
