Seq Scan on movie_keyword mk  (cost=0.00..81003.12 rows=5429 width=0) (actual time=0.241..1322.534 rows=4702 loops=1)
  Filter: (keyword_id = 275)
  Rows Removed by Filter: 4519228
Planning time: 4.430 ms
Execution time: 1323.891 ms
