Nested Loop  (cost=44377.22..167425.05 rows=10206 width=0) (actual time=926.263..2909.992 rows=45033 loops=1)
  ->  Hash Join  (cost=44376.79..134747.08 rows=55584 width=8) (actual time=926.188..2439.988 rows=45033 loops=1)
        Hash Cond: (mk.movie_id = mi_idx.movie_id)
        ->  Seq Scan on movie_keyword mk  (cost=0.00..81003.12 rows=18699 width=4) (actual time=0.651..1268.967 rows=20522 loops=1)
              Filter: (keyword_id = 382)
              Rows Removed by Filter: 4503408
        ->  Hash  (cost=21735.35..21735.35 rows=1380035 width=4) (actual time=913.227..913.227 rows=1380035 loops=1)
              Buckets: 131072  Batches: 32  Memory Usage: 2556kB
              ->  Seq Scan on movie_info_idx mi_idx  (cost=0.00..21735.35 rows=1380035 width=4) (actual time=0.018..472.958 rows=1380035 loops=1)
  ->  Index Only Scan using title_pkey on title t  (cost=0.43..0.58 rows=1 width=4) (actual time=0.010..0.010 rows=1 loops=45033)
        Index Cond: (id = mi_idx.movie_id)
        Heap Fetches: 45033
Planning time: 0.966 ms
Execution time: 2918.218 ms
