Hash Join  (cost=81573.24..159699.79 rows=342401 width=0) (actual time=1347.233..3425.913 rows=427304 loops=1)
  Hash Cond: (mc.movie_id = t.id)
  ->  Seq Scan on movie_companies mc  (cost=0.00..51404.11 rows=1857447 width=4) (actual time=0.019..1056.413 rows=1852760 loops=1)
        Filter: (company_id < 35991)
        Rows Removed by Filter: 756369
  ->  Hash  (cost=73925.90..73925.90 rows=466107 width=4) (actual time=1346.129..1346.129 rows=396359 loops=1)
        Buckets: 131072  Batches: 8  Memory Usage: 2762kB
        ->  Seq Scan on title t  (cost=0.00..73925.90 rows=466107 width=4) (actual time=0.015..1219.816 rows=396359 loops=1)
              Filter: ((kind_id < 7) AND (production_year > 2003))
              Rows Removed by Filter: 2131953
Planning time: 0.786 ms
Execution time: 3476.810 ms
