Hash Join  (cost=74539.83..876886.39 rows=30904 width=0) (actual time=9168.139..13848.006 rows=46507 loops=1)
  Hash Cond: (ci.movie_id = t.id)
  ->  Seq Scan on cast_info ci  (cost=0.00..796071.18 rows=1591023 width=4) (actual time=7814.400..11596.653 rows=3181714 loops=1)
        Filter: ((person_id < 425553) AND (role_id < 2))
        Rows Removed by Filter: 33062630
  ->  Hash  (cost=73925.90..73925.90 rows=49114 width=4) (actual time=1353.080..1353.080 rows=45321 loops=1)
        Buckets: 65536  Batches: 1  Memory Usage: 2106kB
        ->  Seq Scan on title t  (cost=0.00..73925.90 rows=49114 width=4) (actual time=0.050..1333.827 rows=45321 loops=1)
              Filter: ((kind_id > 1) AND (production_year > 2012))
              Rows Removed by Filter: 2482991
Planning time: 0.798 ms
Execution time: 13854.958 ms
