Seq Scan on cast_info ci  (cost=0.00..796071.18 rows=324 width=0) (actual time=3434.478..14736.583 rows=1718 loops=1)
  Filter: ((role_id > 1) AND (person_id = 2801236))
  Rows Removed by Filter: 36242626
Planning time: 0.392 ms
Execution time: 14736.904 ms
