Seq Scan on movie_companies mc  (cost=0.00..57926.93 rows=344010 width=0) (actual time=520.549..866.458 rows=35929 loops=1)
  Filter: ((company_id > 44433) AND (company_type_id = 1))
  Rows Removed by Filter: 2573200
Planning time: 0.318 ms
Execution time: 871.561 ms
