Hash Join  (cost=73962.22..160672.23 rows=5197 width=0) (actual time=1131.664..3071.187 rows=17616 loops=1)
  Hash Cond: (mk.movie_id = t.id)
  ->  Seq Scan on movie_keyword mk  (cost=0.00..69693.30 rows=4523930 width=4) (actual time=0.008..1102.049 rows=4523930 loops=1)
  ->  Hash  (cost=73925.90..73925.90 rows=2905 width=4) (actual time=1130.756..1130.756 rows=4962 loops=1)
        Buckets: 8192 (originally 4096)  Batches: 1 (originally 1)  Memory Usage: 239kB
        ->  Seq Scan on title t  (cost=0.00..73925.90 rows=2905 width=4) (actual time=0.953..1128.193 rows=4962 loops=1)
              Filter: ((kind_id < 7) AND (production_year = 1964))
              Rows Removed by Filter: 2523350
Planning time: 0.702 ms
Execution time: 3073.825 ms
