Seq Scan on movie_companies mc  (cost=0.00..51404.11 rows=1913776 width=0) (actual time=0.024..924.738 rows=1922598 loops=1)
  Filter: (company_id > 1222)
  Rows Removed by Filter: 686531
Planning time: 0.319 ms
Execution time: 1158.673 ms
