Seq Scan on cast_info ci  (cost=0.00..705507.15 rows=500 width=0) (actual time=983.497..11148.174 rows=9 loops=1)
  Filter: (person_id = 2523981)
  Rows Removed by Filter: 36244335
Planning time: 0.402 ms
Execution time: 11148.271 ms
