Hash Join  (cost=136094.02..233372.65 rows=29515 width=0) (actual time=2006.198..4323.082 rows=24308 loops=1)
  Hash Cond: (mk.movie_id = t.id)
  ->  Seq Scan on movie_keyword mk  (cost=0.00..81003.12 rows=4261429 width=4) (actual time=0.020..1679.043 rows=4243816 loops=1)
        Filter: (keyword_id > 231)
        Rows Removed by Filter: 280114
  ->  Hash  (cost=135875.10..135875.10 rows=17513 width=8) (actual time=2002.136..2002.136 rows=7920 loops=1)
        Buckets: 32768  Batches: 1  Memory Usage: 566kB
        ->  Hash Join  (cost=74574.97..135875.10 rows=17513 width=8) (actual time=1447.280..1999.788 rows=7920 loops=1)
              Hash Cond: (mc.movie_id = t.id)
              ->  Seq Scan on movie_companies mc  (cost=0.00..57926.93 rows=852819 width=4) (actual time=247.042..603.371 rows=1166262 loops=1)
                    Filter: ((company_id < 23113) AND (company_type_id = 1))
                    Rows Removed by Filter: 1442867
              ->  Hash  (cost=73925.90..73925.90 rows=51925 width=4) (actual time=1198.966..1198.966 rows=56480 loops=1)
                    Buckets: 65536  Batches: 1  Memory Usage: 2498kB
                    ->  Seq Scan on title t  (cost=0.00..73925.90 rows=51925 width=4) (actual time=0.036..1175.111 rows=56480 loops=1)
                          Filter: ((kind_id = 7) AND (production_year = 2004))
                          Rows Removed by Filter: 2471832
Planning time: 3.634 ms
Execution time: 4326.533 ms
