Hash Join  (cost=136847.92..977541.40 rows=658845 width=0) (actual time=6622.856..63211.245 rows=1899348 loops=1)
  Hash Cond: (ci.movie_id = t.id)
  ->  Seq Scan on cast_info ci  (cost=0.00..705507.15 rows=34292769 width=4) (actual time=0.015..42636.773 rows=34367398 loops=1)
        Filter: (person_id > 184768)
        Rows Removed by Filter: 1876946
  ->  Hash  (cost=136240.68..136240.68 rows=48579 width=8) (actual time=6622.415..6622.415 rows=44162 loops=1)
        Buckets: 65536  Batches: 1  Memory Usage: 2238kB
        ->  Hash Join  (cost=69179.59..136240.68 rows=48579 width=8) (actual time=2993.030..6604.469 rows=44162 loops=1)
              Hash Cond: (mc.movie_id = t.id)
              ->  Seq Scan on movie_companies mc  (cost=0.00..51404.11 rows=1279517 width=4) (actual time=0.027..2984.387 rows=1274246 loops=1)
                    Filter: (company_type_id < 2)
                    Rows Removed by Filter: 1334883
              ->  Hash  (cost=67604.59..67604.59 rows=96000 width=4) (actual time=2992.254..2992.254 rows=95005 loops=1)
                    Buckets: 131072  Batches: 2  Memory Usage: 2716kB
                    ->  Seq Scan on title t  (cost=0.00..67604.59 rows=96000 width=4) (actual time=0.017..2947.557 rows=95005 loops=1)
                          Filter: (production_year = 2005)
                          Rows Removed by Filter: 2433307
Planning time: 1.238 ms
Execution time: 63540.732 ms
