Hash Join  (cost=92883.59..263738.74 rows=2702026 width=0) (actual time=2850.636..5789.983 rows=645461 loops=1)
  Hash Cond: (mk.movie_id = t.id)
  ->  Seq Scan on movie_keyword mk  (cost=0.00..81003.12 rows=4434154 width=4) (actual time=0.026..1784.248 rows=4436359 loops=1)
        Filter: (keyword_id < 85574)
        Rows Removed by Filter: 87571
  ->  Hash  (cost=67604.59..67604.59 rows=1540800 width=4) (actual time=1690.032..1690.032 rows=1543264 loops=1)
        Buckets: 131072  Batches: 32  Memory Usage: 2728kB
        ->  Seq Scan on title t  (cost=0.00..67604.59 rows=1540800 width=4) (actual time=0.022..1198.022 rows=1543264 loops=1)
              Filter: (kind_id = 7)
              Rows Removed by Filter: 985048
Planning time: 0.837 ms
Execution time: 5859.783 ms
