Seq Scan on movie_companies mc  (cost=0.00..51404.11 rows=104 width=0) (actual time=216.287..766.371 rows=1 loops=1)
  Filter: (company_id = 148170)
  Rows Removed by Filter: 2609128
Planning time: 1.234 ms
Execution time: 766.455 ms
