Seq Scan on movie_keyword mk  (cost=0.00..81003.12 rows=246 width=0) (actual time=34.499..1241.533 rows=143 loops=1)
  Filter: (keyword_id = 11404)
  Rows Removed by Filter: 4523787
Planning time: 0.360 ms
Execution time: 1241.716 ms
