Seq Scan on movie_companies mc  (cost=0.00..51404.11 rows=2369262 width=0) (actual time=0.017..1026.720 rows=2366736 loops=1)
  Filter: (company_id < 102565)
  Rows Removed by Filter: 242393
Planning time: 0.317 ms
Execution time: 1302.841 ms
