Hash Join  (cost=73950.44..877630.06 rows=1572 width=0) (actual time=5135.946..14436.196 rows=6245 loops=1)
  Hash Cond: (ci.movie_id = t.id)
  ->  Seq Scan on cast_info ci  (cost=0.00..796071.18 rows=2024726 width=4) (actual time=4069.157..12450.413 rows=5360619 loops=1)
        Filter: ((person_id > 2832184) AND (role_id > 5))
        Rows Removed by Filter: 30883725
  ->  Hash  (cost=73925.90..73925.90 rows=1963 width=4) (actual time=1065.442..1065.442 rows=3792 loops=1)
        Buckets: 4096 (originally 2048)  Batches: 1 (originally 1)  Memory Usage: 166kB
        ->  Seq Scan on title t  (cost=0.00..73925.90 rows=1963 width=4) (actual time=548.458..1063.580 rows=3792 loops=1)
              Filter: ((kind_id < 2) AND (production_year = 1966))
              Rows Removed by Filter: 2524520
Planning time: 4.393 ms
Execution time: 14437.903 ms
