Seq Scan on title t  (cost=0.00..67604.59 rows=60853 width=0) (actual time=0.025..3106.742 rows=62568 loops=1)
  Filter: (production_year = 2002)
  Rows Removed by Filter: 2465744
Planning time: 0.332 ms
Execution time: 3121.204 ms
