Hash Join  (cost=169537.92..231929.70 rows=27889 width=0) (actual time=3750.749..5523.645 rows=874195 loops=1)
  Hash Cond: (mc.movie_id = t.id)
  ->  Seq Scan on movie_companies mc  (cost=0.00..57926.93 rows=1116256 width=4) (actual time=0.039..1115.658 rows=1014345 loops=1)
        Filter: ((company_id > 160) AND (company_type_id < 2))
        Rows Removed by Filter: 1594784
  ->  Hash  (cost=168748.24..168748.24 rows=63174 width=8) (actual time=3750.211..3750.211 rows=206060 loops=1)
        Buckets: 131072 (originally 65536)  Batches: 4 (originally 1)  Memory Usage: 3073kB
        ->  Hash Join  (cost=77280.64..168748.24 rows=63174 width=8) (actual time=1338.891..3680.974 rows=206060 loops=1)
              Hash Cond: (mk.movie_id = t.id)
              ->  Seq Scan on movie_keyword mk  (cost=0.00..81003.12 rows=781263 width=4) (actual time=0.027..1361.646 rows=784468 loops=1)
                    Filter: (keyword_id < 750)
                    Rows Removed by Filter: 3739462
              ->  Hash  (cost=73925.90..73925.90 rows=204459 width=4) (actual time=1338.087..1338.087 rows=313929 loops=1)
                    Buckets: 131072  Batches: 4  Memory Usage: 3792kB
                    ->  Seq Scan on title t  (cost=0.00..73925.90 rows=204459 width=4) (actual time=0.031..1234.401 rows=313929 loops=1)
                          Filter: ((kind_id < 7) AND (production_year < 1981))
                          Rows Removed by Filter: 2214383
Planning time: 0.767 ms
Execution time: 5626.904 ms
