Hash Join  (cost=164016.21..529667.58 rows=99544 width=0) (actual time=3166.485..11699.879 rows=406919 loops=1)
  Hash Cond: (mi.movie_id = t.id)
  ->  Seq Scan on movie_info mi  (cost=0.00..309384.22 rows=14739122 width=4) (actual time=0.016..4500.209 rows=14835720 loops=1)
  ->  Hash  (cost=163802.75..163802.75 rows=17077 width=8) (actual time=3166.078..3166.078 rows=40684 loops=1)
        Buckets: 65536 (originally 32768)  Batches: 1 (originally 1)  Memory Usage: 2102kB
        ->  Hash Join  (cost=98137.04..163802.75 rows=17077 width=8) (actual time=1900.121..3149.255 rows=40684 loops=1)
              Hash Cond: (mc.movie_id = t.id)
              ->  Seq Scan on movie_companies mc  (cost=0.00..57926.93 rows=23202 width=4) (actual time=0.048..866.667 rows=42064 loops=1)
                    Filter: ((company_id = 19) AND (company_type_id = 1))
                    Rows Removed by Filter: 2567065
              ->  Hash  (cost=67604.59..67604.59 rows=1860996 width=4) (actual time=1897.745..1897.745 rows=1865487 loops=1)
                    Buckets: 131072  Batches: 32  Memory Usage: 3079kB
                    ->  Seq Scan on title t  (cost=0.00..67604.59 rows=1860996 width=4) (actual time=0.038..1293.533 rows=1865487 loops=1)
                          Filter: (kind_id > 1)
                          Rows Removed by Filter: 662825
Planning time: 1.149 ms
Execution time: 11755.094 ms
