Hash Join  (cost=83073.92..109985.11 rows=72 width=0) (actual time=1278.289..1870.966 rows=462 loops=1)
  Hash Cond: (mi_idx.movie_id = t.id)
  ->  Seq Scan on movie_info_idx mi_idx  (cost=0.00..21735.35 rows=1380035 width=4) (actual time=0.020..343.248 rows=1380035 loops=1)
  ->  Hash  (cost=83072.29..83072.29 rows=131 width=8) (actual time=1274.156..1274.156 rows=159 loops=1)
        Buckets: 1024  Batches: 1  Memory Usage: 15kB
        ->  Nested Loop  (cost=0.43..83072.29 rows=131 width=8) (actual time=4.332..1273.956 rows=159 loops=1)
              ->  Seq Scan on movie_keyword mk  (cost=0.00..81003.12 rows=246 width=4) (actual time=4.277..1261.515 rows=295 loops=1)
                    Filter: (keyword_id = 4577)
                    Rows Removed by Filter: 4523635
              ->  Index Scan using title_pkey on title t  (cost=0.43..8.40 rows=1 width=4) (actual time=0.040..0.040 rows=1 loops=295)
                    Index Cond: (id = mk.movie_id)
                    Filter: (production_year < 2005)
                    Rows Removed by Filter: 0
Planning time: 1.217 ms
Execution time: 1871.254 ms
