Hash Join  (cost=152513.43..526166.47 rows=232992 width=0) (actual time=4944.094..10019.742 rows=645946 loops=1)
  Hash Cond: (mi.movie_id = t.id)
  ->  Seq Scan on movie_info mi  (cost=0.00..346232.03 rows=2073893 width=4) (actual time=1019.468..4946.169 rows=2091068 loops=1)
        Filter: (info_type_id < 3)
        Rows Removed by Filter: 12744652
  ->  Hash  (cost=147852.58..147852.58 rows=284068 width=8) (actual time=3750.033..3750.033 rows=296135 loops=1)
        Buckets: 131072  Batches: 4  Memory Usage: 3945kB
        ->  Hash Join  (cost=78556.72..147852.58 rows=284068 width=8) (actual time=1951.687..3652.090 rows=296135 loops=1)
              Hash Cond: (mc.movie_id = t.id)
              ->  Seq Scan on movie_companies mc  (cost=0.00..51404.11 rows=1076016 width=4) (actual time=0.036..957.260 rows=1071544 loops=1)
                    Filter: (company_id < 6669)
                    Rows Removed by Filter: 1537585
              ->  Hash  (cost=67604.59..67604.59 rows=667531 width=4) (actual time=1950.849..1950.849 rows=662825 loops=1)
                    Buckets: 131072  Batches: 16  Memory Usage: 2476kB
                    ->  Seq Scan on title t  (cost=0.00..67604.59 rows=667531 width=4) (actual time=637.011..1236.627 rows=662825 loops=1)
                          Filter: (kind_id = 1)
                          Rows Removed by Filter: 1865487
Planning time: 3.459 ms
Execution time: 10097.695 ms
