Seq Scan on title t  (cost=0.00..67604.59 rows=2427554 width=0) (actual time=0.019..1318.305 rows=2421168 loops=1)
  Filter: (production_year > 1911)
  Rows Removed by Filter: 107144
Planning time: 0.304 ms
Execution time: 1620.262 ms
