Seq Scan on cast_info ci  (cost=0.00..796071.18 rows=9829117 width=0) (actual time=261.364..13706.731 rows=4200396 loops=1)
  Filter: ((person_id < 1483023) AND (role_id > 1))
  Rows Removed by Filter: 32043948
Planning time: 0.329 ms
Execution time: 14233.932 ms
