Hash Join  (cost=67697.55..123937.48 rows=3763 width=0) (actual time=1356.830..2100.787 rows=7829 loops=1)
  Hash Cond: (mc.movie_id = t.id)
  ->  Seq Scan on movie_companies mc  (cost=0.00..51404.11 rows=1279517 width=4) (actual time=127.951..875.682 rows=1274246 loops=1)
        Filter: (company_type_id = 1)
        Rows Removed by Filter: 1334883
  ->  Hash  (cost=67604.59..67604.59 rows=7437 width=4) (actual time=994.423..994.423 rows=8125 loops=1)
        Buckets: 8192  Batches: 1  Memory Usage: 350kB
        ->  Seq Scan on title t  (cost=0.00..67604.59 rows=7437 width=4) (actual time=386.883..991.059 rows=8125 loops=1)
              Filter: (production_year = 1914)
              Rows Removed by Filter: 2520187
Planning time: 0.547 ms
Execution time: 2102.144 ms
