Hash Join  (cost=77429.84..875920.04 rows=10771 width=0) (actual time=8289.867..14466.945 rows=30947 loops=1)
  Hash Cond: (ci.movie_id = t.id)
  ->  Seq Scan on cast_info ci  (cost=0.00..796071.18 rows=127550 width=4) (actual time=6841.675..12855.530 rows=236642 loops=1)
        Filter: ((person_id > 2340592) AND (role_id > 10))
        Rows Removed by Filter: 36007702
  ->  Hash  (cost=73925.90..73925.90 rows=213515 width=4) (actual time=1447.256..1447.256 rows=341626 loops=1)
        Buckets: 131072  Batches: 4  Memory Usage: 4031kB
        ->  Seq Scan on title t  (cost=0.00..73925.90 rows=213515 width=4) (actual time=0.021..1341.020 rows=341626 loops=1)
              Filter: ((production_year < 1995) AND (kind_id = 1))
              Rows Removed by Filter: 2186686
Planning time: 0.766 ms
Execution time: 14471.279 ms
