Hash Join  (cost=156649.15..222155.30 rows=79035 width=0) (actual time=3871.230..4494.489 rows=59032 loops=1)
  Hash Cond: (mc.movie_id = t.id)
  ->  Seq Scan on movie_companies mc  (cost=0.00..57926.93 rows=429830 width=4) (actual time=536.532..1017.302 rows=111010 loops=1)
        Filter: ((company_id > 22626) AND (company_type_id = 1))
        Rows Removed by Filter: 2498119
  ->  Hash  (cost=149020.47..149020.47 rows=464934 width=8) (actual time=3333.562..3333.562 rows=460185 loops=1)
        Buckets: 131072  Batches: 8  Memory Usage: 3276kB
        ->  Hash Join  (cost=102767.86..149020.47 rows=464934 width=8) (actual time=1936.710..3198.818 rows=460185 loops=1)
              Hash Cond: (mi_idx.movie_id = t.id)
              ->  Seq Scan on movie_info_idx mi_idx  (cost=0.00..25185.44 rows=464934 width=4) (actual time=0.028..472.311 rows=460185 loops=1)
                    Filter: (info_type_id > 100)
                    Rows Removed by Filter: 919850
              ->  Hash  (cost=61283.27..61283.27 rows=2528527 width=4) (actual time=1935.730..1935.730 rows=2528312 loops=1)
                    Buckets: 131072  Batches: 64  Memory Usage: 2415kB
                    ->  Seq Scan on title t  (cost=0.00..61283.27 rows=2528527 width=4) (actual time=0.022..1112.933 rows=2528312 loops=1)
Planning time: 1.130 ms
Execution time: 4501.931 ms
