Hash Join  (cost=78556.72..185403.89 rows=431904 width=0) (actual time=1406.892..4327.236 rows=1027711 loops=1)
  Hash Cond: (mk.movie_id = t.id)
  ->  Seq Scan on movie_keyword mk  (cost=0.00..81003.12 rows=1635999 width=4) (actual time=0.026..1555.369 rows=1644882 loops=1)
        Filter: (keyword_id > 8949)
        Rows Removed by Filter: 2879048
  ->  Hash  (cost=67604.59..67604.59 rows=667531 width=4) (actual time=1406.052..1406.052 rows=662825 loops=1)
        Buckets: 131072  Batches: 16  Memory Usage: 2486kB
        ->  Seq Scan on title t  (cost=0.00..67604.59 rows=667531 width=4) (actual time=271.659..1205.239 rows=662825 loops=1)
              Filter: (kind_id < 2)
              Rows Removed by Filter: 1865487
Planning time: 0.732 ms
Execution time: 4446.503 ms
