Hash Join  (cost=799707.42..1164382.63 rows=1929 width=0) (actual time=38944.706..56839.011 rows=29 loops=1)
  Hash Cond: (mi.movie_id = t.id)
  ->  Seq Scan on movie_info mi  (cost=0.00..309384.22 rows=14739122 width=4) (actual time=0.020..14362.686 rows=14835720 loops=1)
  ->  Hash  (cost=799703.28..799703.28 rows=331 width=8) (actual time=38914.602..38914.602 rows=23 loops=1)
        Buckets: 1024  Batches: 1  Memory Usage: 9kB
        ->  Nested Loop  (cost=0.43..799703.28 rows=331 width=8) (actual time=20340.593..38914.534 rows=23 loops=1)
              ->  Seq Scan on cast_info ci  (cost=0.00..796071.18 rows=435 width=4) (actual time=20340.329..38904.141 rows=49 loops=1)
                    Filter: ((role_id < 10) AND (person_id = 2239108))
                    Rows Removed by Filter: 36244295
              ->  Index Scan using title_pkey on title t  (cost=0.43..8.34 rows=1 width=4) (actual time=0.210..0.210 rows=0 loops=49)
                    Index Cond: (id = ci.movie_id)
                    Filter: (production_year < 2010)
                    Rows Removed by Filter: 1
Planning time: 1.296 ms
Execution time: 56839.152 ms
