Hash Join  (cost=116695.23..487985.48 rows=72912 width=0) (actual time=2331.886..8937.574 rows=49009 loops=1)
  Hash Cond: (mi.movie_id = t.id)
  ->  Seq Scan on movie_info mi  (cost=0.00..346232.03 rows=2073893 width=4) (actual time=0.029..5816.308 rows=2091068 loops=1)
        Filter: (info_type_id < 3)
        Rows Removed by Filter: 12744652
  ->  Hash  (cost=115236.03..115236.03 rows=88896 width=8) (actual time=2331.057..2331.057 rows=49179 loops=1)
        Buckets: 131072  Batches: 2  Memory Usage: 1989kB
        ->  Hash Join  (cost=81925.97..115236.03 rows=88896 width=8) (actual time=1465.159..2311.704 rows=49179 loops=1)
              Hash Cond: (mi_idx.movie_id = t.id)
              ->  Seq Scan on movie_info_idx mi_idx  (cost=0.00..25185.44 rows=460978 width=4) (actual time=0.022..524.902 rows=459925 loops=1)
                    Filter: (info_type_id < 100)
                    Rows Removed by Filter: 920110
              ->  Hash  (cost=73925.90..73925.90 rows=487605 width=4) (actual time=1464.168..1464.168 rows=501779 loops=1)
                    Buckets: 131072  Batches: 8  Memory Usage: 3231kB
                    ->  Seq Scan on title t  (cost=0.00..73925.90 rows=487605 width=4) (actual time=0.026..1288.322 rows=501779 loops=1)
                          Filter: ((kind_id > 1) AND (production_year > 2008))
                          Rows Removed by Filter: 2026533
Planning time: 1.220 ms
Execution time: 8945.124 ms
