Hash Join  (cost=1001932.44..1643425.80 rows=13426553 width=0) (actual time=17344.652..36725.017 rows=20632134 loops=1)
  Hash Cond: (mi.movie_id = t.id)
  ->  Seq Scan on movie_info mi  (cost=0.00..309384.22 rows=14739122 width=4) (actual time=0.019..6238.769 rows=14835720 loops=1)
  ->  Hash  (cost=964142.52..964142.52 rows=2303353 width=8) (actual time=17343.436..17343.436 rows=1369380 loops=1)
        Buckets: 131072  Batches: 32  Memory Usage: 2706kB
        ->  Hash Join  (cost=102767.86..964142.52 rows=2303353 width=8) (actual time=4163.768..16887.250 rows=1369380 loops=1)
              Hash Cond: (ci.movie_id = t.id)
              ->  Seq Scan on cast_info ci  (cost=0.00..796071.18 rows=2303353 width=4) (actual time=1879.468..11978.714 rows=1369380 loops=1)
                    Filter: ((person_id < 654288) AND (role_id > 3))
                    Rows Removed by Filter: 34874964
              ->  Hash  (cost=61283.27..61283.27 rows=2528527 width=4) (actual time=2282.414..2282.414 rows=2528312 loops=1)
                    Buckets: 131072  Batches: 64  Memory Usage: 2415kB
                    ->  Seq Scan on title t  (cost=0.00..61283.27 rows=2528527 width=4) (actual time=0.026..998.480 rows=2528312 loops=1)
Planning time: 1.148 ms
Execution time: 38998.181 ms
