Nested Loop  (cost=0.43..709674.40 rows=174 width=0) (actual time=9142.127..11884.127 rows=37 loops=1)
  ->  Seq Scan on cast_info ci  (cost=0.00..705507.15 rows=500 width=4) (actual time=9141.956..11880.136 rows=142 loops=1)
        Filter: (person_id = 330781)
        Rows Removed by Filter: 36244202
  ->  Index Scan using title_pkey on title t  (cost=0.43..8.32 rows=1 width=4) (actual time=0.027..0.027 rows=0 loops=142)
        Index Cond: (id = ci.movie_id)
        Filter: ((kind_id > 1) AND (production_year > 2003))
        Rows Removed by Filter: 1
Planning time: 0.798 ms
Execution time: 11884.264 ms
