Hash Join  (cost=98276.01..184940.40 rows=635 width=0) (actual time=1922.371..2983.121 rows=1874 loops=1)
  Hash Cond: (mk.movie_id = t.id)
  ->  Seq Scan on movie_keyword mk  (cost=0.00..69693.30 rows=4523930 width=4) (actual time=0.019..1077.320 rows=4523930 loops=1)
  ->  Hash  (cost=98271.57..98271.57 rows=355 width=8) (actual time=1114.316..1114.316 rows=395 loops=1)
        Buckets: 1024  Batches: 1  Memory Usage: 24kB
        ->  Nested Loop  (cost=0.43..98271.57 rows=355 width=8) (actual time=0.422..1114.047 rows=395 loops=1)
              ->  Seq Scan on movie_companies mc  (cost=0.00..57926.93 rows=5584 width=4) (actual time=0.013..862.947 rows=8256 loops=1)
                    Filter: ((company_id = 11) AND (company_type_id = 2))
                    Rows Removed by Filter: 2600873
              ->  Index Scan using title_pkey on title t  (cost=0.43..7.22 rows=1 width=4) (actual time=0.030..0.030 rows=0 loops=8256)
                    Index Cond: (id = mc.movie_id)
                    Filter: (production_year = 2011)
                    Rows Removed by Filter: 1
Planning time: 1.122 ms
Execution time: 2983.528 ms
