Seq Scan on movie_keyword mk  (cost=0.00..81003.12 rows=246 width=0) (actual time=0.124..1297.415 rows=880 loops=1)
  Filter: (keyword_id = 4673)
  Rows Removed by Filter: 4523050
Planning time: 0.371 ms
Execution time: 1297.803 ms
