Seq Scan on movie_companies mc  (cost=0.00..57926.93 rows=184892 width=0) (actual time=286.634..878.568 rows=289588 loops=1)
  Filter: ((company_id < 225) AND (company_type_id = 1))
  Rows Removed by Filter: 2319541
Planning time: 0.436 ms
Execution time: 913.264 ms
