Seq Scan on movie_keyword mk  (cost=0.00..81003.12 rows=2446484 width=0) (actual time=0.013..1457.479 rows=2448528 loops=1)
  Filter: (keyword_id < 5834)
  Rows Removed by Filter: 2075402
Planning time: 0.147 ms
Execution time: 1763.308 ms
