Nested Loop  (cost=0.43..83071.67 rows=246 width=0) (actual time=4.410..1317.437 rows=298 loops=1)
  ->  Seq Scan on movie_keyword mk  (cost=0.00..81003.12 rows=246 width=4) (actual time=4.370..1305.672 rows=298 loops=1)
        Filter: (keyword_id = 36605)
        Rows Removed by Filter: 4523632
  ->  Index Only Scan using title_pkey on title t  (cost=0.43..8.40 rows=1 width=4) (actual time=0.037..0.037 rows=1 loops=298)
        Index Cond: (id = mk.movie_id)
        Heap Fetches: 298
Planning time: 0.486 ms
Execution time: 1317.651 ms
