Hash Join  (cost=67697.55..162241.38 rows=10538 width=0) (actual time=1256.912..2856.083 rows=18430 loops=1)
  Hash Cond: (mk.movie_id = t.id)
  ->  Seq Scan on movie_keyword mk  (cost=0.00..81003.12 rows=3582753 width=4) (actual time=0.012..1150.998 rows=3578705 loops=1)
        Filter: (keyword_id > 884)
        Rows Removed by Filter: 945225
  ->  Hash  (cost=67604.59..67604.59 rows=7437 width=4) (actual time=1255.318..1255.318 rows=6346 loops=1)
        Buckets: 8192  Batches: 1  Memory Usage: 288kB
        ->  Seq Scan on title t  (cost=0.00..67604.59 rows=7437 width=4) (actual time=0.093..1252.036 rows=6346 loops=1)
              Filter: (production_year = 1952)
              Rows Removed by Filter: 2521966
Planning time: 0.673 ms
Execution time: 2858.201 ms
