Hash Join  (cost=102767.86..194244.68 rows=1254813 width=0) (actual time=1845.995..4324.390 rows=1266901 loops=1)
  Hash Cond: (mc.movie_id = t.id)
  ->  Seq Scan on movie_companies mc  (cost=0.00..51404.11 rows=1254813 width=4) (actual time=0.027..1008.947 rows=1266901 loops=1)
        Filter: (company_id > 11474)
        Rows Removed by Filter: 1342228
  ->  Hash  (cost=61283.27..61283.27 rows=2528527 width=4) (actual time=1844.445..1844.445 rows=2528312 loops=1)
        Buckets: 131072  Batches: 64  Memory Usage: 2415kB
        ->  Seq Scan on title t  (cost=0.00..61283.27 rows=2528527 width=4) (actual time=0.021..1011.581 rows=2528312 loops=1)
Planning time: 0.719 ms
Execution time: 4486.810 ms
