Hash Join  (cost=102767.86..1294176.68 rows=19782749 width=0) (actual time=2268.664..33652.461 rows=19666121 loops=1)
  Hash Cond: (ci.movie_id = t.id)
  ->  Seq Scan on cast_info ci  (cost=0.00..705507.15 rows=19782749 width=4) (actual time=0.026..15000.796 rows=19666121 loops=1)
        Filter: (person_id < 1971168)
        Rows Removed by Filter: 16578223
  ->  Hash  (cost=61283.27..61283.27 rows=2528527 width=4) (actual time=2041.662..2041.662 rows=2528312 loops=1)
        Buckets: 131072  Batches: 64  Memory Usage: 2415kB
        ->  Seq Scan on title t  (cost=0.00..61283.27 rows=2528527 width=4) (actual time=0.017..883.708 rows=2528312 loops=1)
Planning time: 0.733 ms
Execution time: 35825.460 ms
