Hash Join  (cost=190230.21..1144341.34 rows=7798966 width=0) (actual time=6820.968..29448.533 rows=16036781 loops=1)
  Hash Cond: (ci.movie_id = t.id)
  ->  Seq Scan on cast_info ci  (cost=0.00..705507.15 rows=14289418 width=4) (actual time=2169.096..13151.853 rows=14437057 loops=1)
        Filter: (person_id > 2217048)
        Rows Removed by Filter: 21807287
  ->  Hash  (cost=167588.78..167588.78 rows=1380035 width=8) (actual time=4650.932..4650.932 rows=1380035 loops=1)
        Buckets: 131072  Batches: 32  Memory Usage: 2708kB
        ->  Hash Join  (cost=102767.86..167588.78 rows=1380035 width=8) (actual time=2456.123..4292.394 rows=1380035 loops=1)
              Hash Cond: (mi_idx.movie_id = t.id)
              ->  Seq Scan on movie_info_idx mi_idx  (cost=0.00..21735.35 rows=1380035 width=4) (actual time=0.029..441.684 rows=1380035 loops=1)
              ->  Hash  (cost=61283.27..61283.27 rows=2528527 width=4) (actual time=2454.223..2454.223 rows=2528312 loops=1)
                    Buckets: 131072  Batches: 64  Memory Usage: 2415kB
                    ->  Seq Scan on title t  (cost=0.00..61283.27 rows=2528527 width=4) (actual time=0.039..879.634 rows=2528312 loops=1)
Planning time: 1.117 ms
Execution time: 31286.041 ms
