Hash Join  (cost=73930.12..897810.29 rows=4206 width=0) (actual time=7144.519..20973.349 rows=1 loops=1)
  Hash Cond: (ci.movie_id = t.id)
  ->  Seq Scan on cast_info ci  (cost=0.00..705507.15 rows=31554923 width=4) (actual time=637.003..15676.712 rows=31605208 loops=1)
        Filter: (role_id < 10)
        Rows Removed by Filter: 4639136
  ->  Hash  (cost=73925.90..73925.90 rows=337 width=4) (actual time=1034.827..1034.827 rows=1 loops=1)
        Buckets: 1024  Batches: 1  Memory Usage: 9kB
        ->  Seq Scan on title t  (cost=0.00..73925.90 rows=337 width=4) (actual time=74.496..1034.816 rows=1 loops=1)
              Filter: ((kind_id = 4) AND (production_year = 1954))
              Rows Removed by Filter: 2528311
Planning time: 0.772 ms
Execution time: 20973.425 ms
