Hash Join  (cost=128478.61..233558.07 rows=250996 width=0) (actual time=3236.555..6314.640 rows=2905411 loops=1)
  Hash Cond: (mk.movie_id = t.id)
  ->  Seq Scan on movie_keyword mk  (cost=0.00..81003.12 rows=1741967 width=4) (actual time=0.036..1590.683 rows=1751720 loops=1)
        Filter: (keyword_id > 7949)
        Rows Removed by Filter: 2772210
  ->  Hash  (cost=122500.50..122500.50 rows=364329 width=8) (actual time=3235.639..3235.639 rows=629900 loops=1)
        Buckets: 131072 (originally 131072)  Batches: 16 (originally 8)  Memory Usage: 3073kB
        ->  Hash Join  (cost=78556.72..122500.50 rows=364329 width=8) (actual time=1333.100..3026.344 rows=629900 loops=1)
              Hash Cond: (mi_idx.movie_id = t.id)
              ->  Seq Scan on movie_info_idx mi_idx  (cost=0.00..21735.35 rows=1380035 width=4) (actual time=0.019..427.786 rows=1380035 loops=1)
              ->  Hash  (cost=67604.59..67604.59 rows=667531 width=4) (actual time=1332.294..1332.294 rows=662825 loops=1)
                    Buckets: 131072  Batches: 16  Memory Usage: 2476kB
                    ->  Seq Scan on title t  (cost=0.00..67604.59 rows=667531 width=4) (actual time=434.484..1127.217 rows=662825 loops=1)
                          Filter: (kind_id = 1)
                          Rows Removed by Filter: 1865487
Planning time: 1.164 ms
Execution time: 6631.463 ms
