Hash Join  (cost=75533.21..142138.85 rows=26886 width=0) (actual time=6026.802..7211.436 rows=19824 loops=1)
  Hash Cond: (mc.movie_id = t.id)
  ->  Seq Scan on movie_companies mc  (cost=0.00..57926.93 rows=694093 width=4) (actual time=0.023..2954.715 rows=953408 loops=1)
        Filter: ((company_id < 12277) AND (company_type_id < 2))
        Rows Removed by Filter: 1655721
  ->  Hash  (cost=73925.90..73925.90 rows=97944 width=4) (actual time=3770.922..3770.922 rows=106247 loops=1)
        Buckets: 131072  Batches: 2  Memory Usage: 2890kB
        ->  Seq Scan on title t  (cost=0.00..73925.90 rows=97944 width=4) (actual time=463.836..3421.748 rows=106247 loops=1)
              Filter: ((kind_id > 6) AND (production_year = 2011))
              Rows Removed by Filter: 2422065
Planning time: 0.710 ms
Execution time: 7214.486 ms
