Hash Join  (cost=154166.67..646847.20 rows=1206561 width=0) (actual time=3286.260..15530.267 rows=880405 loops=1)
  Hash Cond: (mi.movie_id = t.id)
  ->  Seq Scan on movie_info mi  (cost=0.00..309384.22 rows=14739122 width=4) (actual time=0.012..6046.241 rows=14835720 loops=1)
  ->  Hash  (cost=150770.32..150770.32 rows=206988 width=8) (actual time=3283.653..3283.653 rows=133711 loops=1)
        Buckets: 131072  Batches: 4  Memory Usage: 2337kB
        ->  Hash Join  (cost=80384.28..150770.32 rows=206988 width=8) (actual time=1500.335..3240.252 rows=133711 loops=1)
              Hash Cond: (mc.movie_id = t.id)
              ->  Seq Scan on movie_companies mc  (cost=0.00..51404.11 rows=1329612 width=4) (actual time=0.017..1051.330 rows=1334883 loops=1)
                    Filter: (company_type_id = 2)
                    Rows Removed by Filter: 1274246
              ->  Hash  (cost=73925.90..73925.90 rows=393630 width=4) (actual time=1499.250..1499.250 rows=401187 loops=1)
                    Buckets: 131072  Batches: 8  Memory Usage: 2794kB
                    ->  Seq Scan on title t  (cost=0.00..73925.90 rows=393630 width=4) (actual time=0.019..1358.606 rows=401187 loops=1)
                          Filter: ((kind_id > 1) AND (production_year > 2009))
                          Rows Removed by Filter: 2127125
Planning time: 1.180 ms
Execution time: 15630.069 ms
