Nested Loop  (cost=0.43..709673.15 rows=33 width=0) (actual time=1907.746..9864.583 rows=7 loops=1)
  ->  Seq Scan on cast_info ci  (cost=0.00..705507.15 rows=500 width=4) (actual time=1907.378..9862.425 rows=53 loops=1)
        Filter: (person_id = 2715223)
        Rows Removed by Filter: 36244291
  ->  Index Scan using title_pkey on title t  (cost=0.43..8.32 rows=1 width=4) (actual time=0.038..0.038 rows=0 loops=53)
        Index Cond: (id = ci.movie_id)
        Filter: (production_year = 2012)
        Rows Removed by Filter: 1
Planning time: 0.813 ms
Execution time: 9864.709 ms
