Hash Join  (cost=156649.15..1002155.63 rows=653357 width=0) (actual time=4064.246..18898.426 rows=1443780 loops=1)
  Hash Cond: (ci.movie_id = t.id)
  ->  Seq Scan on cast_info ci  (cost=0.00..796071.18 rows=3553261 width=4) (actual time=0.021..11826.118 rows=3788276 loops=1)
        Filter: ((person_id < 379348) AND (role_id < 10))
        Rows Removed by Filter: 32456068
  ->  Hash  (cost=149020.47..149020.47 rows=464934 width=8) (actual time=4061.821..4061.821 rows=460185 loops=1)
        Buckets: 131072  Batches: 8  Memory Usage: 3276kB
        ->  Hash Join  (cost=102767.86..149020.47 rows=464934 width=8) (actual time=2641.003..3934.174 rows=460185 loops=1)
              Hash Cond: (mi_idx.movie_id = t.id)
              ->  Seq Scan on movie_info_idx mi_idx  (cost=0.00..25185.44 rows=464934 width=4) (actual time=0.022..474.786 rows=460185 loops=1)
                    Filter: (info_type_id > 100)
                    Rows Removed by Filter: 919850
              ->  Hash  (cost=61283.27..61283.27 rows=2528527 width=4) (actual time=2639.106..2639.106 rows=2528312 loops=1)
                    Buckets: 131072  Batches: 64  Memory Usage: 2415kB
                    ->  Seq Scan on title t  (cost=0.00..61283.27 rows=2528527 width=4) (actual time=0.024..1033.295 rows=2528312 loops=1)
Planning time: 1.192 ms
Execution time: 19080.698 ms
