Hash Join  (cost=79388.64..1149867.14 rows=3718029 width=0) (actual time=1273.183..30426.100 rows=3356284 loops=1)
  Hash Cond: (ci.movie_id = t.id)
  ->  Seq Scan on cast_info ci  (cost=0.00..705507.15 rows=28236816 width=4) (actual time=0.032..15519.207 rows=28280647 loops=1)
        Filter: (person_id < 2883204)
        Rows Removed by Filter: 7963697
  ->  Hash  (cost=73925.90..73925.90 rows=332939 width=4) (actual time=1272.242..1272.242 rows=255571 loops=1)
        Buckets: 131072  Batches: 8  Memory Usage: 2147kB
        ->  Seq Scan on title t  (cost=0.00..73925.90 rows=332939 width=4) (actual time=32.058..1189.882 rows=255571 loops=1)
              Filter: ((production_year > 2002) AND (kind_id = 1))
              Rows Removed by Filter: 2272741
Planning time: 0.812 ms
Execution time: 30823.958 ms
