Seq Scan on movie_companies mc  (cost=0.00..57926.93 rows=53 width=0) (actual time=238.319..937.967 rows=12 loops=1)
  Filter: ((company_type_id > 1) AND (company_id = 535))
  Rows Removed by Filter: 2609117
Planning time: 0.415 ms
Execution time: 938.082 ms
