Seq Scan on title t  (cost=0.00..73925.90 rows=5474 width=0) (actual time=0.200..1044.943 rows=10394 loops=1)
  Filter: ((kind_id > 1) AND (production_year = 1970))
  Rows Removed by Filter: 2517918
Planning time: 0.399 ms
Execution time: 1047.487 ms
