Seq Scan on cast_info ci  (cost=0.00..705507.15 rows=27174873 width=0) (actual time=0.013..13250.977 rows=27187693 loops=1)
  Filter: (person_id < 2791573)
  Rows Removed by Filter: 9056651
Planning time: 0.229 ms
Execution time: 16597.975 ms
