Seq Scan on movie_info mi  (cost=0.00..346232.03 rows=13745523 width=0) (actual time=0.020..19374.401 rows=13782835 loops=1)
  Filter: (info_type_id < 78)
  Rows Removed by Filter: 1052885
Planning time: 0.306 ms
Execution time: 21738.519 ms
