Seq Scan on cast_info ci  (cost=0.00..705507.15 rows=500 width=0) (actual time=6903.071..10833.379 rows=4697 loops=1)
  Filter: (person_id = 677696)
  Rows Removed by Filter: 36239647
Planning time: 0.374 ms
Execution time: 10834.200 ms
