Hash Join  (cost=100962.01..183004.11 rows=302 width=0) (actual time=1929.599..3035.218 rows=1608 loops=1)
  Hash Cond: (mk.movie_id = t.id)
  ->  Seq Scan on movie_keyword mk  (cost=0.00..81003.12 rows=276255 width=4) (actual time=0.017..1203.091 rows=297420 loops=1)
        Filter: (keyword_id < 243)
        Rows Removed by Filter: 4226510
  ->  Hash  (cost=100927.42..100927.42 rows=2767 width=8) (actual time=1774.952..1774.952 rows=5610 loops=1)
        Buckets: 8192 (originally 4096)  Batches: 1 (originally 1)  Memory Usage: 284kB
        ->  Hash Join  (cost=73989.27..100927.42 rows=2767 width=8) (actual time=1154.969..1772.710 rows=5610 loops=1)
              Hash Cond: (mi_idx.movie_id = t.id)
              ->  Seq Scan on movie_info_idx mi_idx  (cost=0.00..21735.35 rows=1380035 width=4) (actual time=0.018..334.047 rows=1380035 loops=1)
              ->  Hash  (cost=73925.90..73925.90 rows=5069 width=4) (actual time=1152.149..1152.149 rows=4420 loops=1)
                    Buckets: 8192  Batches: 1  Memory Usage: 220kB
                    ->  Seq Scan on title t  (cost=0.00..73925.90 rows=5069 width=4) (actual time=83.980..1149.815 rows=4420 loops=1)
                          Filter: ((kind_id = 2) AND (production_year = 2010))
                          Rows Removed by Filter: 2523892
Planning time: 1.239 ms
Execution time: 3035.656 ms
