Hash Join  (cost=285777.67..1699906.23 rows=32615038 width=0) (actual time=6518.845..67149.437 rows=110620523 loops=1)
  Hash Cond: (ci.movie_id = t.id)
  ->  Seq Scan on cast_info ci  (cost=0.00..614943.12 rows=36225612 width=4) (actual time=0.012..13053.130 rows=36244344 loops=1)
  ->  Hash  (cost=248428.29..248428.29 rows=2276511 width=8) (actual time=6517.851..6517.851 rows=2273533 loops=1)
        Buckets: 131072  Batches: 32  Memory Usage: 3781kB
        ->  Hash Join  (cost=102767.86..248428.29 rows=2276511 width=8) (actual time=1986.746..5792.452 rows=2273533 loops=1)
              Hash Cond: (mk.movie_id = t.id)
              ->  Seq Scan on movie_keyword mk  (cost=0.00..81003.12 rows=2276511 width=4) (actual time=0.025..1517.407 rows=2273533 loops=1)
                    Filter: (keyword_id > 4636)
                    Rows Removed by Filter: 2250397
              ->  Hash  (cost=61283.27..61283.27 rows=2528527 width=4) (actual time=1985.398..1985.398 rows=2528312 loops=1)
                    Buckets: 131072  Batches: 64  Memory Usage: 2425kB
                    ->  Seq Scan on title t  (cost=0.00..61283.27 rows=2528527 width=4) (actual time=0.027..1104.604 rows=2528312 loops=1)
Planning time: 1.083 ms
Execution time: 79761.162 ms
