Seq Scan on movie_keyword mk  (cost=0.00..81003.12 rows=3821735 width=0) (actual time=0.026..1529.008 rows=3815875 loops=1)
  Filter: (keyword_id < 26675)
  Rows Removed by Filter: 708055
Planning time: 0.318 ms
Execution time: 2003.777 ms
