Hash Join  (cost=190230.21..313484.01 rows=1181903 width=0) (actual time=4401.224..8286.847 rows=5011270 loops=1)
  Hash Cond: (mk.movie_id = t.id)
  ->  Seq Scan on movie_keyword mk  (cost=0.00..81003.12 rows=2165505 width=4) (actual time=0.022..1643.903 rows=2161961 loops=1)
        Filter: (keyword_id > 5309)
        Rows Removed by Filter: 2361969
  ->  Hash  (cost=167588.78..167588.78 rows=1380035 width=8) (actual time=4400.249..4400.249 rows=1380035 loops=1)
        Buckets: 131072  Batches: 32  Memory Usage: 2726kB
        ->  Hash Join  (cost=102767.86..167588.78 rows=1380035 width=8) (actual time=2042.062..3989.574 rows=1380035 loops=1)
              Hash Cond: (mi_idx.movie_id = t.id)
              ->  Seq Scan on movie_info_idx mi_idx  (cost=0.00..21735.35 rows=1380035 width=4) (actual time=0.018..462.590 rows=1380035 loops=1)
              ->  Hash  (cost=61283.27..61283.27 rows=2528527 width=4) (actual time=2039.970..2039.970 rows=2528312 loops=1)
                    Buckets: 131072  Batches: 64  Memory Usage: 2415kB
                    ->  Seq Scan on title t  (cost=0.00..61283.27 rows=2528527 width=4) (actual time=0.013..1191.453 rows=2528312 loops=1)
Planning time: 0.750 ms
Execution time: 8822.586 ms
