Hash Join  (cost=73994.33..425025.70 rows=2755 width=0) (actual time=4318.065..7156.624 rows=8124 loops=1)
  Hash Cond: (mi.movie_id = t.id)
  ->  Seq Scan on movie_info mi  (cost=0.00..346232.03 rows=1272478 width=4) (actual time=3065.447..5646.280 rows=1325361 loops=1)
        Filter: (info_type_id = 8)
        Rows Removed by Filter: 13510359
  ->  Hash  (cost=73925.90..73925.90 rows=5474 width=4) (actual time=1252.195..1252.195 rows=17579 loops=1)
        Buckets: 32768 (originally 8192)  Batches: 1 (originally 1)  Memory Usage: 875kB
        ->  Seq Scan on title t  (cost=0.00..73925.90 rows=5474 width=4) (actual time=0.036..1243.714 rows=17579 loops=1)
              Filter: ((kind_id > 1) AND (production_year = 1990))
              Rows Removed by Filter: 2510733
Planning time: 0.787 ms
Execution time: 7158.221 ms
