Seq Scan on movie_keyword mk  (cost=0.00..81003.12 rows=1837881 width=0) (actual time=0.018..1443.418 rows=1846286 loops=1)
  Filter: (keyword_id < 3066)
  Rows Removed by Filter: 2677644
Planning time: 0.367 ms
Execution time: 1691.226 ms
