Hash Join  (cost=83074.74..833899.15 rows=3524 width=0) (actual time=1281.420..17506.830 rows=2630 loops=1)
  Hash Cond: (ci.movie_id = t.id)
  ->  Seq Scan on cast_info ci  (cost=0.00..614943.12 rows=36225612 width=4) (actual time=0.024..9481.299 rows=36244344 loops=1)
  ->  Hash  (cost=83071.67..83071.67 rows=246 width=8) (actual time=1249.747..1249.747 rows=88 loops=1)
        Buckets: 1024  Batches: 1  Memory Usage: 12kB
        ->  Nested Loop  (cost=0.43..83071.67 rows=246 width=8) (actual time=3.557..1249.617 rows=88 loops=1)
              ->  Seq Scan on movie_keyword mk  (cost=0.00..81003.12 rows=246 width=4) (actual time=3.498..1242.195 rows=88 loops=1)
                    Filter: (keyword_id = 1953)
                    Rows Removed by Filter: 4523842
              ->  Index Only Scan using title_pkey on title t  (cost=0.43..8.40 rows=1 width=4) (actual time=0.079..0.080 rows=1 loops=88)
                    Index Cond: (id = mk.movie_id)
                    Heap Fetches: 88
Planning time: 1.173 ms
Execution time: 17508.576 ms
