Seq Scan on cast_info ci  (cost=0.00..796071.18 rows=2261806 width=0) (actual time=0.023..11700.240 rows=730963 loops=1)
  Filter: ((person_id < 1880639) AND (role_id = 10))
  Rows Removed by Filter: 35513381
Planning time: 0.283 ms
Execution time: 11783.061 ms
