Hash Join  (cost=932643.86..1449221.28 rows=3446149 width=0) (actual time=17459.675..30837.019 rows=4377133 loops=1)
  Hash Cond: (mi.movie_id = t.id)
  ->  Seq Scan on movie_info mi  (cost=0.00..309384.22 rows=14739122 width=4) (actual time=0.012..6025.851 rows=14835720 loops=1)
  ->  Hash  (cost=922943.94..922943.94 rows=591194 width=8) (actual time=17458.728..17458.728 rows=331747 loops=1)
        Buckets: 131072  Batches: 8  Memory Usage: 2655kB
        ->  Hash Join  (cost=102767.86..922943.94 rows=591194 width=8) (actual time=15942.291..17372.254 rows=331747 loops=1)
              Hash Cond: (ci.movie_id = t.id)
              ->  Seq Scan on cast_info ci  (cost=0.00..796071.18 rows=591194 width=4) (actual time=13746.053..14586.080 rows=331747 loops=1)
                    Filter: ((person_id < 2982356) AND (role_id = 6))
                    Rows Removed by Filter: 35912597
              ->  Hash  (cost=61283.27..61283.27 rows=2528527 width=4) (actual time=2194.646..2194.646 rows=2528312 loops=1)
                    Buckets: 131072  Batches: 64  Memory Usage: 2415kB
                    ->  Seq Scan on title t  (cost=0.00..61283.27 rows=2528527 width=4) (actual time=0.022..1354.687 rows=2528312 loops=1)
Planning time: 1.204 ms
Execution time: 31298.785 ms
