Hash Join  (cost=83074.16..464847.97 rows=562 width=0) (actual time=1582.766..8706.318 rows=532 loops=1)
  Hash Cond: (mi.movie_id = t.id)
  ->  Seq Scan on movie_info mi  (cost=0.00..346232.03 rows=9476311 width=4) (actual time=0.020..6126.755 rows=9565151 loops=1)
        Filter: (info_type_id < 16)
        Rows Removed by Filter: 5270569
  ->  Hash  (cost=83072.29..83072.29 rows=150 width=8) (actual time=1298.072..1298.072 rows=46 loops=1)
        Buckets: 1024  Batches: 1  Memory Usage: 10kB
        ->  Nested Loop  (cost=0.43..83072.29 rows=150 width=8) (actual time=186.925..1298.027 rows=46 loops=1)
              ->  Seq Scan on movie_keyword mk  (cost=0.00..81003.12 rows=246 width=4) (actual time=4.692..1282.412 rows=127 loops=1)
                    Filter: (keyword_id = 8371)
                    Rows Removed by Filter: 4523803
              ->  Index Scan using title_pkey on title t  (cost=0.43..8.40 rows=1 width=4) (actual time=0.119..0.119 rows=0 loops=127)
                    Index Cond: (id = mk.movie_id)
                    Filter: (kind_id = 7)
                    Rows Removed by Filter: 1
Planning time: 1.174 ms
Execution time: 8706.637 ms
