Seq Scan on movie_companies mc  (cost=0.00..57926.93 rows=53 width=0) (actual time=293.365..742.494 rows=668 loops=1)
  Filter: ((company_id = 7436) AND (company_type_id = 2))
  Rows Removed by Filter: 2608461
Planning time: 0.284 ms
Execution time: 742.657 ms
