Hash Join  (cost=83074.74..110002.76 rows=45 width=0) (actual time=1388.575..1961.515 rows=539 loops=1)
  Hash Cond: (mi_idx.movie_id = t.id)
  ->  Seq Scan on movie_info_idx mi_idx  (cost=0.00..25185.44 rows=464566 width=4) (actual time=0.029..500.535 rows=459925 loops=1)
        Filter: (info_type_id = 101)
        Rows Removed by Filter: 920110
  ->  Hash  (cost=83071.67..83071.67 rows=246 width=8) (actual time=1388.508..1388.508 rows=649 loops=1)
        Buckets: 1024  Batches: 1  Memory Usage: 34kB
        ->  Nested Loop  (cost=0.43..83071.67 rows=246 width=8) (actual time=4.976..1387.985 rows=649 loops=1)
              ->  Seq Scan on movie_keyword mk  (cost=0.00..81003.12 rows=246 width=4) (actual time=4.892..1364.678 rows=649 loops=1)
                    Filter: (keyword_id = 3172)
                    Rows Removed by Filter: 4523281
              ->  Index Only Scan using title_pkey on title t  (cost=0.43..8.40 rows=1 width=4) (actual time=0.033..0.034 rows=1 loops=649)
                    Index Cond: (id = mk.movie_id)
                    Heap Fetches: 649
Planning time: 1.128 ms
Execution time: 1961.768 ms
