Hash Join  (cost=91959.31..138897.79 rows=537241 width=0) (actual time=1731.524..3063.453 rows=486600 loops=1)
  Hash Cond: (mi_idx.movie_id = t.id)
  ->  Seq Scan on movie_info_idx mi_idx  (cost=0.00..25185.44 rows=915101 width=4) (actual time=0.014..519.817 rows=919850 loops=1)
        Filter: (info_type_id < 101)
        Rows Removed by Filter: 460185
  ->  Hash  (cost=67604.59..67604.59 rows=1484458 width=4) (actual time=1729.949..1729.949 rows=1485030 loops=1)
        Buckets: 131072  Batches: 32  Memory Usage: 2655kB
        ->  Seq Scan on title t  (cost=0.00..67604.59 rows=1484458 width=4) (actual time=0.008..1250.594 rows=1485030 loops=1)
              Filter: (production_year > 1998)
              Rows Removed by Filter: 1043282
Planning time: 0.747 ms
Execution time: 3120.765 ms
