Seq Scan on cast_info ci  (cost=0.00..796071.18 rows=2905248 width=0) (actual time=3531.504..12059.330 rows=1448763 loops=1)
  Filter: ((person_id < 1083237) AND (role_id > 4))
  Rows Removed by Filter: 34795581
Planning time: 0.353 ms
Execution time: 12212.486 ms
