Hash Join  (cost=73982.55..438902.66 rows=26418 width=0) (actual time=1169.128..8794.853 rows=37075 loops=1)
  Hash Cond: (mi.movie_id = t.id)
  ->  Seq Scan on movie_info mi  (cost=0.00..309384.22 rows=14739122 width=4) (actual time=0.012..4396.286 rows=14835720 loops=1)
  ->  Hash  (cost=73925.90..73925.90 rows=4532 width=4) (actual time=1091.692..1091.692 rows=10614 loops=1)
        Buckets: 16384 (originally 8192)  Batches: 1 (originally 1)  Memory Usage: 502kB
        ->  Seq Scan on title t  (cost=0.00..73925.90 rows=4532 width=4) (actual time=135.627..1086.422 rows=10614 loops=1)
              Filter: ((kind_id = 7) AND (production_year = 1985))
              Rows Removed by Filter: 2517698
Planning time: 0.801 ms
Execution time: 8800.546 ms
