Hash Join  (cost=1125680.08..2012635.19 rows=31251058 width=0) (actual time=24403.406..60781.494 rows=75868906 loops=1)
  Hash Cond: (mi.movie_id = t.id)
  ->  Seq Scan on movie_info mi  (cost=0.00..309384.22 rows=14739122 width=4) (actual time=0.019..5982.679 rows=14835720 loops=1)
  ->  Hash  (cost=1037722.28..1037722.28 rows=5361184 width=8) (actual time=24402.711..24402.711 rows=7450319 loops=1)
        Buckets: 131072  Batches: 128  Memory Usage: 3316kB
        ->  Hash Join  (cost=102767.86..1037722.28 rows=5361184 width=8) (actual time=3111.782..22164.563 rows=7450319 loops=1)
              Hash Cond: (ci.movie_id = t.id)
              ->  Seq Scan on cast_info ci  (cost=0.00..796071.18 rows=5361184 width=4) (actual time=960.597..13650.291 rows=7450319 loops=1)
                    Filter: ((person_id > 928359) AND (role_id = 2))
                    Rows Removed by Filter: 28794025
              ->  Hash  (cost=61283.27..61283.27 rows=2528527 width=4) (actual time=2150.052..2150.052 rows=2528312 loops=1)
                    Buckets: 131072  Batches: 64  Memory Usage: 2415kB
                    ->  Seq Scan on title t  (cost=0.00..61283.27 rows=2528527 width=4) (actual time=0.012..922.034 rows=2528312 loops=1)
Planning time: 1.149 ms
Execution time: 68858.887 ms
