Hash Join  (cost=82131.75..161998.96 rows=581212 width=0) (actual time=1466.614..3973.240 rows=792944 loops=1)
  Hash Cond: (mc.movie_id = t.id)
  ->  Seq Scan on movie_companies mc  (cost=0.00..51404.11 rows=1659726 width=4) (actual time=0.016..1076.470 rows=1660972 loops=1)
        Filter: (company_id > 3682)
        Rows Removed by Filter: 948157
  ->  Hash  (cost=67604.59..67604.59 rows=885453 width=4) (actual time=1465.792..1465.792 rows=885650 loops=1)
        Buckets: 131072  Batches: 16  Memory Usage: 2972kB
        ->  Seq Scan on title t  (cost=0.00..67604.59 rows=885453 width=4) (actual time=0.020..1185.224 rows=885650 loops=1)
              Filter: (production_year < 1997)
              Rows Removed by Filter: 1642662
Planning time: 0.861 ms
Execution time: 4062.159 ms
