Seq Scan on title t  (cost=0.00..67604.59 rows=66731 width=0) (actual time=0.028..3184.379 rows=67342 loops=1)
  Filter: (production_year > 2012)
  Rows Removed by Filter: 2460970
Planning time: 0.317 ms
Execution time: 3195.793 ms
