Seq Scan on cast_info ci  (cost=0.00..796071.18 rows=224 width=0) (actual time=1356.894..13578.899 rows=43 loops=1)
  Filter: ((role_id > 2) AND (person_id = 582353))
  Rows Removed by Filter: 36244301
Planning time: 0.378 ms
Execution time: 13579.021 ms
