Seq Scan on movie_keyword mk  (cost=0.00..81003.12 rows=1651747 width=0) (actual time=0.023..1339.909 rows=1658881 loops=1)
  Filter: (keyword_id > 8807)
  Rows Removed by Filter: 2865049
Planning time: 5.198 ms
Execution time: 1546.245 ms
