Hash Join  (cost=102767.86..1510036.23 rows=28753552 width=0) (actual time=1921.283..41777.416 rows=28717725 loops=1)
  Hash Cond: (ci.movie_id = t.id)
  ->  Seq Scan on cast_info ci  (cost=0.00..705507.15 rows=28753552 width=4) (actual time=0.022..16546.545 rows=28717725 loops=1)
        Filter: (person_id < 2919850)
        Rows Removed by Filter: 7526619
  ->  Hash  (cost=61283.27..61283.27 rows=2528527 width=4) (actual time=1919.436..1919.436 rows=2528312 loops=1)
        Buckets: 131072  Batches: 64  Memory Usage: 2415kB
        ->  Seq Scan on title t  (cost=0.00..61283.27 rows=2528527 width=4) (actual time=0.016..1082.700 rows=2528312 loops=1)
Planning time: 0.737 ms
Execution time: 45114.474 ms
