Hash Join  (cost=101670.43..186125.38 rows=3254 width=0) (actual time=1820.869..3175.007 rows=826 loops=1)
  Hash Cond: (mk.movie_id = t.id)
  ->  Seq Scan on movie_keyword mk  (cost=0.00..81003.12 rows=911808 width=4) (actual time=0.017..1212.660 rows=917718 loops=1)
        Filter: (keyword_id < 869)
        Rows Removed by Filter: 3606212
  ->  Hash  (cost=101557.63..101557.63 rows=9024 width=8) (actual time=1820.681..1820.681 rows=3449 loops=1)
        Buckets: 16384  Batches: 1  Memory Usage: 263kB
        ->  Hash Join  (cost=74539.83..101557.63 rows=9024 width=8) (actual time=1208.484..1818.765 rows=3449 loops=1)
              Hash Cond: (mi_idx.movie_id = t.id)
              ->  Seq Scan on movie_info_idx mi_idx  (cost=0.00..25185.44 rows=464566 width=4) (actual time=0.024..472.910 rows=459925 loops=1)
                    Filter: (info_type_id = 101)
                    Rows Removed by Filter: 920110
              ->  Hash  (cost=73925.90..73925.90 rows=49114 width=4) (actual time=1207.712..1207.712 rows=45321 loops=1)
                    Buckets: 65536  Batches: 1  Memory Usage: 2106kB
                    ->  Seq Scan on title t  (cost=0.00..73925.90 rows=49114 width=4) (actual time=0.014..1188.178 rows=45321 loops=1)
                          Filter: ((kind_id > 1) AND (production_year > 2012))
                          Rows Removed by Filter: 2482991
Planning time: 1.062 ms
Execution time: 3175.414 ms
