Hash Join  (cost=709677.12..1074351.59 rows=1854 width=0) (actual time=10782.808..17801.194 rows=75 loops=1)
  Hash Cond: (mi.movie_id = t.id)
  ->  Seq Scan on movie_info mi  (cost=0.00..309384.22 rows=14739122 width=4) (actual time=0.015..4377.709 rows=14835720 loops=1)
  ->  Hash  (cost=709673.15..709673.15 rows=318 width=8) (actual time=10760.268..10760.268 rows=3 loops=1)
        Buckets: 1024  Batches: 1  Memory Usage: 9kB
        ->  Nested Loop  (cost=0.43..709673.15 rows=318 width=8) (actual time=911.090..10760.254 rows=3 loops=1)
              ->  Seq Scan on cast_info ci  (cost=0.00..705507.15 rows=500 width=4) (actual time=911.044..10760.149 rows=3 loops=1)
                    Filter: (person_id = 1388714)
                    Rows Removed by Filter: 36244341
              ->  Index Scan using title_pkey on title t  (cost=0.43..8.32 rows=1 width=4) (actual time=0.028..0.029 rows=1 loops=3)
                    Index Cond: (id = ci.movie_id)
                    Filter: (production_year > 1995)
Planning time: 1.240 ms
Execution time: 17801.441 ms
