Hash Join  (cost=223950.71..991900.85 rows=2261624 width=181) (actual time=6786.661..55541.459 rows=63254210 loops=1)
  Hash Cond: (mi.movie_id = t.id)
  ->  Seq Scan on movie_info mi  (cost=0.00..309384.22 rows=14739122 width=75) (actual time=0.021..6988.479 rows=14835720 loops=1)
  ->  Hash  (cost=212658.88..212658.88 rows=387986 width=106) (actual time=6784.267..6784.267 rows=1207384 loops=1)
        Buckets: 32768 (originally 32768)  Batches: 64 (originally 16)  Memory Usage: 3841kB
        ->  Hash Join  (cost=82927.51..212658.88 rows=387986 width=106) (actual time=1771.466..5776.830 rows=1207384 loops=1)
              Hash Cond: (mk.movie_id = t.id)
              ->  Seq Scan on movie_keyword mk  (cost=0.00..81003.12 rows=2958771 width=12) (actual time=0.033..2072.014 rows=2949101 loops=1)
                    Filter: (keyword_id > 2375)
                    Rows Removed by Filter: 1574829
              ->  Hash  (cost=73925.90..73925.90 rows=331568 width=94) (actual time=1770.670..1770.670 rows=445194 loops=1)
                    Buckets: 32768  Batches: 16  Memory Usage: 3310kB
                    ->  Seq Scan on title t  (cost=0.00..73925.90 rows=331568 width=94) (actual time=0.034..1576.719 rows=445194 loops=1)
                          Filter: ((kind_id < 7) AND (production_year < 1996))
                          Rows Removed by Filter: 2083118
Planning time: 1.394 ms
Execution time: 59189.930 ms
