Hash Join  (cost=77854.63..875687.15 rows=6236 width=0) (actual time=6280.760..36279.937 rows=2457 loops=1)
  Hash Cond: (ci.movie_id = t.id)
  ->  Seq Scan on cast_info ci  (cost=0.00..796071.18 rows=65862 width=4) (actual time=2713.575..32016.795 rows=27278 loops=1)
        Filter: ((person_id < 651881) AND (role_id = 11))
        Rows Removed by Filter: 36217066
  ->  Hash  (cost=73925.90..73925.90 rows=239418 width=4) (actual time=3566.316..3566.316 rows=256906 loops=1)
        Buckets: 131072  Batches: 4  Memory Usage: 3296kB
        ->  Seq Scan on title t  (cost=0.00..73925.90 rows=239418 width=4) (actual time=0.028..3433.336 rows=256906 loops=1)
              Filter: ((production_year > 2010) AND (kind_id = 7))
              Rows Removed by Filter: 2271406
Planning time: 0.774 ms
Execution time: 36280.620 ms
