Hash Join  (cost=83074.74..442900.14 rows=353 width=0) (actual time=1788.794..7751.315 rows=5301 loops=1)
  Hash Cond: (mi.movie_id = t.id)
  ->  Seq Scan on movie_info mi  (cost=0.00..346232.03 rows=3623957 width=4) (actual time=332.210..5715.522 rows=3624977 loops=1)
        Filter: (info_type_id < 4)
        Rows Removed by Filter: 11210743
  ->  Hash  (cost=83071.67..83071.67 rows=246 width=8) (actual time=1456.421..1456.421 rows=1844 loops=1)
        Buckets: 2048 (originally 1024)  Batches: 1 (originally 1)  Memory Usage: 89kB
        ->  Nested Loop  (cost=0.43..83071.67 rows=246 width=8) (actual time=29.266..1455.254 rows=1844 loops=1)
              ->  Seq Scan on movie_keyword mk  (cost=0.00..81003.12 rows=246 width=4) (actual time=29.162..1367.792 rows=1844 loops=1)
                    Filter: (keyword_id = 496)
                    Rows Removed by Filter: 4522086
              ->  Index Only Scan using title_pkey on title t  (cost=0.43..8.40 rows=1 width=4) (actual time=0.046..0.046 rows=1 loops=1844)
                    Index Cond: (id = mk.movie_id)
                    Heap Fetches: 1844
Planning time: 1.228 ms
Execution time: 7752.384 ms
