Seq Scan on cast_info ci  (cost=0.00..796071.18 rows=11231500 width=0) (actual time=0.069..13378.719 rows=5857345 loops=1)
  Filter: ((person_id < 2592478) AND (role_id > 2))
  Rows Removed by Filter: 30386999
Planning time: 0.399 ms
Execution time: 14020.708 ms
