Seq Scan on movie_companies mc  (cost=0.00..57926.93 rows=382391 width=0) (actual time=0.008..885.864 rows=701110 loops=1)
  Filter: ((company_id > 36207) AND (company_type_id = 2))
  Rows Removed by Filter: 1908019
Planning time: 0.401 ms
Execution time: 965.806 ms
