Nested Loop  (cost=0.43..797179.44 rows=51 width=0) (actual time=3390.853..13342.125 rows=8 loops=1)
  ->  Seq Scan on cast_info ci  (cost=0.00..796071.18 rows=131 width=4) (actual time=3390.776..13341.924 rows=8 loops=1)
        Filter: ((role_id > 4) AND (person_id = 1156098))
        Rows Removed by Filter: 36244336
  ->  Index Scan using title_pkey on title t  (cost=0.43..8.45 rows=1 width=4) (actual time=0.021..0.022 rows=1 loops=8)
        Index Cond: (id = ci.movie_id)
        Filter: (kind_id < 7)
Planning time: 0.789 ms
Execution time: 13342.226 ms
