Hash Join  (cost=156649.15..1108452.43 rows=2111818 width=0) (actual time=3310.694..28442.658 rows=5651493 loops=1)
  Hash Cond: (ci.movie_id = t.id)
  ->  Seq Scan on cast_info ci  (cost=0.00..796071.18 rows=11485047 width=4) (actual time=0.019..16090.656 rows=15371834 loops=1)
        Filter: ((person_id < 2080320) AND (role_id < 3))
        Rows Removed by Filter: 20872510
  ->  Hash  (cost=149020.47..149020.47 rows=464934 width=8) (actual time=3309.740..3309.740 rows=460185 loops=1)
        Buckets: 131072  Batches: 8  Memory Usage: 3276kB
        ->  Hash Join  (cost=102767.86..149020.47 rows=464934 width=8) (actual time=1889.968..3174.602 rows=460185 loops=1)
              Hash Cond: (mi_idx.movie_id = t.id)
              ->  Seq Scan on movie_info_idx mi_idx  (cost=0.00..25185.44 rows=464934 width=4) (actual time=0.020..496.815 rows=460185 loops=1)
                    Filter: (info_type_id > 100)
                    Rows Removed by Filter: 919850
              ->  Hash  (cost=61283.27..61283.27 rows=2528527 width=4) (actual time=1888.759..1888.759 rows=2528312 loops=1)
                    Buckets: 131072  Batches: 64  Memory Usage: 2415kB
                    ->  Seq Scan on title t  (cost=0.00..61283.27 rows=2528527 width=4) (actual time=0.014..1057.230 rows=2528312 loops=1)
Planning time: 1.276 ms
Execution time: 29116.394 ms
