Nested Loop  (cost=0.43..58358.27 rows=51 width=0) (actual time=630.055..871.440 rows=26 loops=1)
  ->  Seq Scan on movie_companies mc  (cost=0.00..57926.93 rows=51 width=4) (actual time=629.971..870.363 rows=26 loops=1)
        Filter: ((company_id = 22003) AND (company_type_id = 1))
        Rows Removed by Filter: 2609103
  ->  Index Only Scan using title_pkey on title t  (cost=0.43..8.45 rows=1 width=4) (actual time=0.036..0.037 rows=1 loops=26)
        Index Cond: (id = mc.movie_id)
        Heap Fetches: 26
Planning time: 0.772 ms
Execution time: 871.529 ms
