Hash Join  (cost=146960.28..254905.83 rows=82282 width=0) (actual time=3145.270..5648.799 rows=416991 loops=1)
  Hash Cond: (mk.movie_id = t.id)
  ->  Seq Scan on movie_keyword mk  (cost=0.00..81003.12 rows=2227361 width=4) (actual time=0.010..1556.729 rows=2222216 loops=1)
        Filter: (keyword_id > 4928)
        Rows Removed by Filter: 2301714
  ->  Hash  (cost=145427.69..145427.69 rows=93407 width=8) (actual time=3144.606..3144.606 rows=194257 loops=1)
        Buckets: 131072 (originally 131072)  Batches: 4 (originally 2)  Memory Usage: 3073kB
        ->  Hash Join  (cost=69090.10..145427.69 rows=93407 width=8) (actual time=1085.310..3081.502 rows=194257 loops=1)
              Hash Cond: (mc.movie_id = t.id)
              ->  Seq Scan on movie_companies mc  (cost=0.00..44881.29 rows=2609129 width=4) (actual time=0.013..754.690 rows=2609129 loops=1)
              ->  Hash  (cost=67604.59..67604.59 rows=90521 width=4) (actual time=1084.587..1084.587 rows=90852 loops=1)
                    Buckets: 131072  Batches: 2  Memory Usage: 2626kB
                    ->  Seq Scan on title t  (cost=0.00..67604.59 rows=90521 width=4) (actual time=0.008..1051.687 rows=90852 loops=1)
                          Filter: (kind_id = 2)
                          Rows Removed by Filter: 2437460
Planning time: 1.327 ms
Execution time: 5701.595 ms
