Hash Join  (cost=190948.35..1098313.21 rows=1606071 width=0) (actual time=5840.060..21256.272 rows=1668319 loops=1)
  Hash Cond: (ci.movie_id = t.id)
  ->  Seq Scan on cast_info ci  (cost=0.00..796071.18 rows=8066123 width=4) (actual time=1492.225..14538.285 rows=3105017 loops=1)
        Filter: ((person_id > 1304809) AND (role_id < 2))
        Rows Removed by Filter: 33139327
  ->  Hash  (cost=182688.07..182688.07 rows=503463 width=8) (actual time=4346.773..4346.773 rows=816867 loops=1)
        Buckets: 131072 (originally 131072)  Batches: 16 (originally 8)  Memory Usage: 3073kB
        ->  Hash Join  (cost=102767.86..182688.07 rows=503463 width=8) (actual time=2302.629..4127.556 rows=816867 loops=1)
              Hash Cond: (mc.movie_id = t.id)
              ->  Seq Scan on movie_companies mc  (cost=0.00..57926.93 rows=503463 width=4) (actual time=82.988..926.427 rows=816867 loops=1)
                    Filter: ((company_id > 16761) AND (company_type_id = 2))
                    Rows Removed by Filter: 1792262
              ->  Hash  (cost=61283.27..61283.27 rows=2528527 width=4) (actual time=2218.514..2218.514 rows=2528312 loops=1)
                    Buckets: 131072  Batches: 64  Memory Usage: 2415kB
                    ->  Seq Scan on title t  (cost=0.00..61283.27 rows=2528527 width=4) (actual time=0.016..1115.087 rows=2528312 loops=1)
Planning time: 1.176 ms
Execution time: 21454.625 ms
