Seq Scan on cast_info ci  (cost=0.00..796071.18 rows=11775524 width=0) (actual time=5596.490..14614.636 rows=9438093 loops=1)
  Filter: ((person_id > 1462049) AND (role_id < 3))
  Rows Removed by Filter: 26806251
Planning time: 0.362 ms
Execution time: 15791.227 ms
