Nested Loop  (cost=0.43..87941.87 rows=2131 width=0) (actual time=171.498..859.404 rows=2251 loops=1)
  ->  Seq Scan on movie_companies mc  (cost=0.00..57926.93 rows=3989 width=4) (actual time=171.435..771.851 rows=2708 loops=1)
        Filter: ((company_id = 302) AND (company_type_id = 2))
        Rows Removed by Filter: 2606421
  ->  Index Scan using title_pkey on title t  (cost=0.43..7.51 rows=1 width=4) (actual time=0.029..0.032 rows=1 loops=2708)
        Index Cond: (id = mc.movie_id)
        Filter: (production_year < 2005)
        Rows Removed by Filter: 0
Planning time: 0.821 ms
Execution time: 860.176 ms
