Seq Scan on movie_keyword mk  (cost=0.00..81003.12 rows=574253 width=0) (actual time=0.023..1348.813 rows=576155 loops=1)
  Filter: (keyword_id < 406)
  Rows Removed by Filter: 3947775
Planning time: 0.388 ms
Execution time: 1423.375 ms
