Seq Scan on movie_keyword mk  (cost=0.00..81003.12 rows=4398378 width=0) (actual time=0.020..1681.705 rows=4401883 loops=1)
  Filter: (keyword_id < 77643)
  Rows Removed by Filter: 122047
Planning time: 0.342 ms
Execution time: 2230.638 ms
