Nested Loop  (cost=0.43..58358.27 rows=51 width=0) (actual time=7.347..1006.578 rows=136 loops=1)
  ->  Seq Scan on movie_companies mc  (cost=0.00..57926.93 rows=51 width=4) (actual time=7.275..1002.996 rows=136 loops=1)
        Filter: ((company_type_id < 2) AND (company_id = 1324))
        Rows Removed by Filter: 2608993
  ->  Index Only Scan using title_pkey on title t  (cost=0.43..8.45 rows=1 width=4) (actual time=0.024..0.024 rows=1 loops=136)
        Index Cond: (id = mc.movie_id)
        Heap Fetches: 136
Planning time: 0.719 ms
Execution time: 1006.722 ms
