Hash Join  (cost=83074.74..836316.99 rows=1238 width=0) (actual time=7508.114..17010.223 rows=44741 loops=1)
  Hash Cond: (ci.movie_id = t.id)
  ->  Seq Scan on cast_info ci  (cost=0.00..705507.15 rows=12726058 width=4) (actual time=6182.035..13657.111 rows=12670688 loops=1)
        Filter: (role_id = 1)
        Rows Removed by Filter: 23573656
  ->  Hash  (cost=83071.67..83071.67 rows=246 width=8) (actual time=1325.518..1325.518 rows=2777 loops=1)
        Buckets: 4096 (originally 1024)  Batches: 1 (originally 1)  Memory Usage: 141kB
        ->  Nested Loop  (cost=0.43..83071.67 rows=246 width=8) (actual time=0.472..1323.598 rows=2777 loops=1)
              ->  Seq Scan on movie_keyword mk  (cost=0.00..81003.12 rows=246 width=4) (actual time=0.415..1202.988 rows=2777 loops=1)
                    Filter: (keyword_id = 55)
                    Rows Removed by Filter: 4521153
              ->  Index Only Scan using title_pkey on title t  (cost=0.43..8.40 rows=1 width=4) (actual time=0.042..0.042 rows=1 loops=2777)
                    Index Cond: (id = mk.movie_id)
                    Heap Fetches: 2777
Planning time: 1.286 ms
Execution time: 17019.069 ms
