Seq Scan on movie_companies mc  (cost=0.00..57926.93 rows=1147252 width=0) (actual time=310.744..1142.748 rows=1256052 loops=1)
  Filter: ((company_id > 171) AND (company_type_id > 1))
  Rows Removed by Filter: 1353077
Planning time: 0.291 ms
Execution time: 1294.006 ms
