Hash Join  (cost=132206.79..888602.88 rows=560692 width=0) (actual time=2574.163..23858.087 rows=893234 loops=1)
  Hash Cond: (ci.movie_id = t.id)
  ->  Seq Scan on cast_info ci  (cost=0.00..614943.12 rows=36225612 width=4) (actual time=0.016..9156.873 rows=36244344 loops=1)
  ->  Hash  (cost=131717.59..131717.59 rows=39136 width=8) (actual time=2573.752..2573.752 rows=56513 loops=1)
        Buckets: 65536  Batches: 1  Memory Usage: 2720kB
        ->  Hash Join  (cost=69484.36..131717.59 rows=39136 width=8) (actual time=1221.690..2550.964 rows=56513 loops=1)
              Hash Cond: (mc.movie_id = t.id)
              ->  Seq Scan on movie_companies mc  (cost=0.00..51404.11 rows=863935 width=4) (actual time=0.031..943.452 rows=870776 loops=1)
                    Filter: (company_id > 23583)
                    Rows Removed by Filter: 1738353
              ->  Hash  (cost=67604.59..67604.59 rows=114542 width=4) (actual time=1220.925..1220.925 rows=118234 loops=1)
                    Buckets: 131072  Batches: 2  Memory Usage: 3101kB
                    ->  Seq Scan on title t  (cost=0.00..67604.59 rows=114542 width=4) (actual time=0.027..1180.931 rows=118234 loops=1)
                          Filter: (kind_id = 4)
                          Rows Removed by Filter: 2410078
Planning time: 1.193 ms
Execution time: 23987.089 ms
