Seq Scan on movie_keyword mk  (cost=0.00..81003.12 rows=246 width=0) (actual time=0.654..1329.479 rows=1611 loops=1)
  Filter: (keyword_id = 449)
  Rows Removed by Filter: 4522319
Planning time: 0.353 ms
Execution time: 1330.115 ms
