Hash Join  (cost=115102.78..204850.23 rows=50676 width=0) (actual time=5593.743..10866.574 rows=278691 loops=1)
  Hash Cond: (mk.movie_id = t.id)
  ->  Seq Scan on movie_keyword mk  (cost=0.00..81003.12 rows=2196684 width=4) (actual time=0.022..4303.757 rows=2195385 loops=1)
        Filter: (keyword_id > 5111)
        Rows Removed by Filter: 2328545
  ->  Hash  (cost=114373.65..114373.65 rows=58331 width=8) (actual time=5593.242..5593.242 rows=83541 loops=1)
        Buckets: 131072 (originally 65536)  Batches: 2 (originally 1)  Memory Usage: 3073kB
        ->  Hash Join  (cost=75679.85..114373.65 rows=58331 width=8) (actual time=4177.562..5557.396 rows=83541 loops=1)
              Hash Cond: (mi_idx.movie_id = t.id)
              ->  Seq Scan on movie_info_idx mi_idx  (cost=0.00..21735.35 rows=1380035 width=4) (actual time=0.020..1412.439 rows=1380035 loops=1)
              ->  Hash  (cost=73925.90..73925.90 rows=106876 width=4) (actual time=3497.206..3497.206 rows=117920 loops=1)
                    Buckets: 131072  Batches: 2  Memory Usage: 3095kB
                    ->  Seq Scan on title t  (cost=0.00..73925.90 rows=106876 width=4) (actual time=1666.640..3443.954 rows=117920 loops=1)
                          Filter: ((production_year > 1924) AND (kind_id = 4))
                          Rows Removed by Filter: 2410392
Planning time: 1.161 ms
Execution time: 10910.716 ms
