Seq Scan on movie_companies mc  (cost=0.00..51404.11 rows=1205606 width=0) (actual time=0.016..977.693 rows=1216611 loops=1)
  Filter: (company_id > 12093)
  Rows Removed by Filter: 1392518
Planning time: 1.852 ms
Execution time: 1129.877 ms
