Hash Join  (cost=101477.25..853253.53 rows=98712 width=0) (actual time=1632.811..19827.918 rows=357239 loops=1)
  Hash Cond: (ci.movie_id = t.id)
  ->  Seq Scan on cast_info ci  (cost=0.00..614943.12 rows=36225612 width=4) (actual time=0.014..9132.832 rows=36244344 loops=1)
  ->  Hash  (cost=101391.13..101391.13 rows=6890 width=8) (actual time=1632.679..1632.679 rows=13219 loops=1)
        Buckets: 16384 (originally 8192)  Batches: 1 (originally 1)  Memory Usage: 645kB
        ->  Hash Join  (cost=74394.67..101391.13 rows=6890 width=8) (actual time=1094.456..1627.174 rows=13219 loops=1)
              Hash Cond: (mi_idx.movie_id = t.id)
              ->  Seq Scan on movie_info_idx mi_idx  (cost=0.00..25185.44 rows=464566 width=4) (actual time=0.025..411.285 rows=459925 loops=1)
                    Filter: (info_type_id = 101)
                    Rows Removed by Filter: 920110
              ->  Hash  (cost=73925.90..73925.90 rows=37501 width=4) (actual time=1094.079..1094.079 rows=32253 loops=1)
                    Buckets: 65536  Batches: 1  Memory Usage: 1646kB
                    ->  Seq Scan on title t  (cost=0.00..73925.90 rows=37501 width=4) (actual time=0.022..1079.774 rows=32253 loops=1)
                          Filter: ((kind_id < 7) AND (production_year = 2005))
                          Rows Removed by Filter: 2496059
Planning time: 4.597 ms
Execution time: 19889.086 ms
