Seq Scan on movie_keyword mk  (cost=0.00..81003.12 rows=2282114 width=0) (actual time=0.016..1515.388 rows=2286262 loops=1)
  Filter: (keyword_id > 4607)
  Rows Removed by Filter: 2237668
Planning time: 0.322 ms
Execution time: 1798.301 ms
