Hash Join  (cost=143031.03..280656.35 rows=790161 width=0) (actual time=3411.825..6887.574 rows=625836 loops=1)
  Hash Cond: (mk.movie_id = t.id)
  ->  Seq Scan on movie_keyword mk  (cost=0.00..81003.12 rows=4046822 width=4) (actual time=0.015..1875.115 rows=4050144 loops=1)
        Filter: (keyword_id < 37644)
        Rows Removed by Filter: 473786
  ->  Hash  (cost=134930.69..134930.69 rows=493707 width=8) (actual time=2896.764..2896.764 rows=248340 loops=1)
        Buckets: 131072  Batches: 8  Memory Usage: 2235kB
        ->  Hash Join  (cost=88767.14..134930.69 rows=493707 width=8) (actual time=1606.419..2823.243 rows=248340 loops=1)
              Hash Cond: (mi_idx.movie_id = t.id)
              ->  Seq Scan on movie_info_idx mi_idx  (cost=0.00..21735.35 rows=1380035 width=4) (actual time=0.019..402.302 rows=1380035 loops=1)
              ->  Hash  (cost=73925.90..73925.90 rows=904579 width=4) (actual time=1605.652..1605.652 rows=992072 loops=1)
                    Buckets: 131072  Batches: 16  Memory Usage: 3212kB
                    ->  Seq Scan on title t  (cost=0.00..73925.90 rows=904579 width=4) (actual time=176.957..1291.437 rows=992072 loops=1)
                          Filter: ((production_year > 1998) AND (kind_id = 7))
                          Rows Removed by Filter: 1536240
Planning time: 1.155 ms
Execution time: 6964.218 ms
