Hash Join  (cost=73962.22..125425.38 rows=18 width=0) (actual time=4672.879..5231.013 rows=81 loops=1)
  Hash Cond: (mc.movie_id = t.id)
  ->  Seq Scan on movie_companies mc  (cost=0.00..51404.11 rows=15699 width=4) (actual time=1691.676..2246.317 rows=14474 loops=1)
        Filter: (company_id > 221317)
        Rows Removed by Filter: 2594655
  ->  Hash  (cost=73925.90..73925.90 rows=2905 width=4) (actual time=2980.943..2980.943 rows=6090 loops=1)
        Buckets: 8192 (originally 4096)  Batches: 1 (originally 1)  Memory Usage: 279kB
        ->  Seq Scan on title t  (cost=0.00..73925.90 rows=2905 width=4) (actual time=6.967..2976.951 rows=6090 loops=1)
              Filter: ((kind_id < 7) AND (production_year = 1968))
              Rows Removed by Filter: 2522222
Planning time: 2.522 ms
Execution time: 5231.198 ms
