Hash Join  (cost=95643.74..461014.90 rows=71525 width=0) (actual time=1921.287..9454.368 rows=43268 loops=1)
  Hash Cond: (mi.movie_id = t.id)
  ->  Seq Scan on movie_info mi  (cost=0.00..309384.22 rows=14739122 width=4) (actual time=0.020..4530.995 rows=14835720 loops=1)
  ->  Hash  (cost=95490.36..95490.36 rows=12270 width=8) (actual time=1920.982..1920.982 rows=4937 loops=1)
        Buckets: 16384  Batches: 1  Memory Usage: 321kB
        ->  Hash Join  (cost=68438.72..95490.36 rows=12270 width=8) (actual time=1319.827..1918.364 rows=4937 loops=1)
              Hash Cond: (mi_idx.movie_id = t.id)
              ->  Seq Scan on movie_info_idx mi_idx  (cost=0.00..25185.44 rows=464934 width=4) (actual time=0.014..453.252 rows=460185 loops=1)
                    Filter: (info_type_id > 100)
                    Rows Removed by Filter: 919850
              ->  Hash  (cost=67604.59..67604.59 rows=66731 width=4) (actual time=1318.873..1318.873 rows=67342 loops=1)
                    Buckets: 131072  Batches: 1  Memory Usage: 3392kB
                    ->  Seq Scan on title t  (cost=0.00..67604.59 rows=66731 width=4) (actual time=0.042..1286.927 rows=67342 loops=1)
                          Filter: (production_year > 2012)
                          Rows Removed by Filter: 2460970
Planning time: 1.185 ms
Execution time: 9462.721 ms
