Hash Join  (cost=158894.18..911464.16 rows=178082 width=0) (actual time=3260.317..18728.435 rows=29269 loops=1)
  Hash Cond: (ci.movie_id = t.id)
  ->  Seq Scan on cast_info ci  (cost=0.00..614943.12 rows=36225612 width=4) (actual time=0.022..8418.741 rows=36244344 loops=1)
  ->  Hash  (cost=158738.80..158738.80 rows=12430 width=8) (actual time=3254.592..3254.592 rows=1581 loops=1)
        Buckets: 16384  Batches: 1  Memory Usage: 190kB
        ->  Hash Join  (cost=95314.15..158738.80 rows=12430 width=8) (actual time=1791.688..3253.901 rows=1581 loops=1)
              Hash Cond: (mc.movie_id = t.id)
              ->  Seq Scan on movie_companies mc  (cost=0.00..57926.93 rows=24110 width=4) (actual time=0.049..742.719 rows=5188 loops=1)
                    Filter: ((company_type_id > 1) AND (company_id = 19))
                    Rows Removed by Filter: 2603941
              ->  Hash  (cost=73925.90..73925.90 rows=1303620 width=4) (actual time=1775.683..1775.683 rows=1383104 loops=1)
                    Buckets: 131072  Batches: 32  Memory Usage: 2546kB
                    ->  Seq Scan on title t  (cost=0.00..73925.90 rows=1303620 width=4) (actual time=192.497..1345.076 rows=1383104 loops=1)
                          Filter: ((production_year > 1966) AND (kind_id = 7))
                          Rows Removed by Filter: 1145208
Planning time: 1.202 ms
Execution time: 18733.930 ms
