Hash Join  (cost=152842.63..279007.03 rows=341636 width=0) (actual time=3166.144..7105.731 rows=758916 loops=1)
  Hash Cond: (mk.movie_id = t.id)
  ->  Seq Scan on movie_keyword mk  (cost=0.00..69693.30 rows=4523930 width=4) (actual time=0.016..1379.418 rows=4523930 loops=1)
  ->  Hash  (cost=149709.78..149709.78 rows=190948 width=8) (actual time=3164.598..3164.598 rows=116877 loops=1)
        Buckets: 131072  Batches: 4  Memory Usage: 2185kB
        ->  Hash Join  (cost=71408.55..149709.78 rows=190948 width=8) (actual time=1144.865..3120.725 rows=116877 loops=1)
              Hash Cond: (mc.movie_id = t.id)
              ->  Seq Scan on movie_companies mc  (cost=0.00..51404.11 rows=2082570 width=4) (actual time=0.025..1000.383 rows=2078555 loops=1)
                    Filter: (company_id < 72710)
                    Rows Removed by Filter: 530574
              ->  Hash  (cost=67604.59..67604.59 rows=231837 width=4) (actual time=1144.008..1144.008 rows=231649 loops=1)
                    Buckets: 131072  Batches: 4  Memory Usage: 3076kB
                    ->  Seq Scan on title t  (cost=0.00..67604.59 rows=231837 width=4) (actual time=0.024..1066.728 rows=231649 loops=1)
                          Filter: (production_year > 2011)
                          Rows Removed by Filter: 2296663
Planning time: 1.908 ms
Execution time: 7193.841 ms
