Hash Join  (cost=84832.42..128750.07 rows=362817 width=0) (actual time=1588.132..2839.454 rows=217557 loops=1)
  Hash Cond: (mi_idx.movie_id = t.id)
  ->  Seq Scan on movie_info_idx mi_idx  (cost=0.00..21735.35 rows=1380035 width=4) (actual time=0.018..463.236 rows=1380035 loops=1)
  ->  Hash  (cost=73925.90..73925.90 rows=664761 width=4) (actual time=1587.050..1587.050 rows=704326 loops=1)
        Buckets: 131072  Batches: 16  Memory Usage: 2575kB
        ->  Seq Scan on title t  (cost=0.00..73925.90 rows=664761 width=4) (actual time=0.052..1354.668 rows=704326 loops=1)
              Filter: ((kind_id > 1) AND (production_year > 2006))
              Rows Removed by Filter: 1823986
Planning time: 0.847 ms
Execution time: 2865.883 ms
