Seq Scan on movie_keyword mk  (cost=0.00..81003.12 rows=246 width=0) (actual time=13.697..1223.922 rows=425 loops=1)
  Filter: (keyword_id = 459)
  Rows Removed by Filter: 4523505
Planning time: 2.009 ms
Execution time: 1224.196 ms
