Seq Scan on cast_info ci  (cost=0.00..705507.15 rows=16673265 width=0) (actual time=0.013..12144.771 rows=16787574 loops=1)
  Filter: (person_id > 1947447)
  Rows Removed by Filter: 19456770
Planning time: 0.217 ms
Execution time: 14284.912 ms
