Seq Scan on cast_info ci  (cost=0.00..705507.15 rows=16587853 width=0) (actual time=0.027..11077.076 rows=16718250 loops=1)
  Filter: (person_id > 1955415)
  Rows Removed by Filter: 19526094
Planning time: 0.374 ms
Execution time: 13104.470 ms
