Nested Loop  (cost=0.43..83071.67 rows=246 width=0) (actual time=120.413..1187.171 rows=32 loops=1)
  ->  Seq Scan on movie_keyword mk  (cost=0.00..81003.12 rows=246 width=4) (actual time=120.303..1185.570 rows=32 loops=1)
        Filter: (keyword_id = 25137)
        Rows Removed by Filter: 4523898
  ->  Index Only Scan using title_pkey on title t  (cost=0.43..8.40 rows=1 width=4) (actual time=0.043..0.044 rows=1 loops=32)
        Index Cond: (id = mk.movie_id)
        Heap Fetches: 32
Planning time: 0.748 ms
Execution time: 1187.269 ms
