Hash Join  (cost=162185.12..522155.94 rows=14895 width=0) (actual time=3108.525..8627.656 rows=83030 loops=1)
  Hash Cond: (mi.movie_id = t.id)
  ->  Seq Scan on movie_info mi  (cost=0.00..346232.03 rows=3623957 width=4) (actual time=0.012..4971.625 rows=3624977 loops=1)
        Filter: (info_type_id < 4)
        Rows Removed by Filter: 11210743
  ->  Hash  (cost=162055.21..162055.21 rows=10393 width=8) (actual time=3108.363..3108.363 rows=20179 loops=1)
        Buckets: 32768 (originally 16384)  Batches: 1 (originally 1)  Memory Usage: 1045kB
        ->  Hash Join  (cost=67697.55..162055.21 rows=10393 width=8) (actual time=975.286..3100.775 rows=20179 loops=1)
              Hash Cond: (mk.movie_id = t.id)
              ->  Seq Scan on movie_keyword mk  (cost=0.00..81003.12 rows=3533494 width=4) (actual time=0.015..1548.724 rows=3523336 loops=1)
                    Filter: (keyword_id < 18549)
                    Rows Removed by Filter: 1000594
              ->  Hash  (cost=67604.59..67604.59 rows=7437 width=4) (actual time=975.201..975.201 rows=14235 loops=1)
                    Buckets: 16384 (originally 8192)  Batches: 1 (originally 1)  Memory Usage: 629kB
                    ->  Seq Scan on title t  (cost=0.00..67604.59 rows=7437 width=4) (actual time=0.026..968.432 rows=14235 loops=1)
                          Filter: (production_year = 1968)
                          Rows Removed by Filter: 2514077
Planning time: 1.301 ms
Execution time: 8637.139 ms
