Hash Join  (cost=75533.21..1021246.29 rows=777388 width=0) (actual time=1121.215..23059.573 rows=1043772 loops=1)
  Hash Cond: (ci.movie_id = t.id)
  ->  Seq Scan on cast_info ci  (cost=0.00..705507.15 rows=20069082 width=4) (actual time=0.018..14211.008 rows=20201861 loops=1)
        Filter: (person_id > 1587816)
        Rows Removed by Filter: 16042483
  ->  Hash  (cost=73925.90..73925.90 rows=97944 width=4) (actual time=1120.348..1120.348 rows=106247 loops=1)
        Buckets: 131072  Batches: 2  Memory Usage: 2890kB
        ->  Seq Scan on title t  (cost=0.00..73925.90 rows=97944 width=4) (actual time=0.025..1078.847 rows=106247 loops=1)
              Filter: ((kind_id = 7) AND (production_year = 2011))
              Rows Removed by Filter: 2422065
Planning time: 0.728 ms
Execution time: 23187.191 ms
