Hash Join  (cost=709673.31..1074330.00 rows=76 width=0) (actual time=11600.802..16326.499 rows=25 loops=1)
  Hash Cond: (mi.movie_id = t.id)
  ->  Seq Scan on movie_info mi  (cost=0.00..309384.22 rows=14739122 width=4) (actual time=0.012..3169.350 rows=14835720 loops=1)
  ->  Hash  (cost=709673.15..709673.15 rows=13 width=8) (actual time=10946.206..10946.206 rows=7 loops=1)
        Buckets: 1024  Batches: 1  Memory Usage: 9kB
        ->  Nested Loop  (cost=0.43..709673.15 rows=13 width=8) (actual time=7783.468..10946.173 rows=7 loops=1)
              ->  Seq Scan on cast_info ci  (cost=0.00..705507.15 rows=500 width=4) (actual time=7783.173..10939.088 rows=324 loops=1)
                    Filter: (person_id = 1741845)
                    Rows Removed by Filter: 36244020
              ->  Index Scan using title_pkey on title t  (cost=0.43..8.32 rows=1 width=4) (actual time=0.021..0.021 rows=0 loops=324)
                    Index Cond: (id = ci.movie_id)
                    Filter: (production_year > 2012)
                    Rows Removed by Filter: 1
Planning time: 1.201 ms
Execution time: 16326.711 ms
