Nested Loop  (cost=87687.83..503407.02 rows=18509 width=0) (actual time=4176.268..8147.335 rows=120743 loops=1)
  ->  Hash Join  (cost=87687.40..453057.22 rows=95636 width=8) (actual time=4176.174..7458.133 rows=120743 loops=1)
        Hash Cond: (mi.movie_id = mc.movie_id)
        ->  Seq Scan on movie_info mi  (cost=0.00..346232.03 rows=17937 width=4) (actual time=2382.738..5205.458 rows=6598 loops=1)
              Filter: (info_type_id = 40)
              Rows Removed by Filter: 14829122
        ->  Hash  (cost=44881.29..44881.29 rows=2609129 width=4) (actual time=1790.453..1790.453 rows=2609129 loops=1)
              Buckets: 131072  Batches: 64  Memory Usage: 2532kB
              ->  Seq Scan on movie_companies mc  (cost=0.00..44881.29 rows=2609129 width=4) (actual time=0.026..945.374 rows=2609129 loops=1)
  ->  Index Only Scan using title_pkey on title t  (cost=0.43..0.52 rows=1 width=4) (actual time=0.005..0.005 rows=1 loops=120743)
        Index Cond: (id = mc.movie_id)
        Heap Fetches: 120743
Planning time: 1.195 ms
Execution time: 8167.455 ms
