Hash Join  (cost=134043.49..498904.25 rows=20484 width=0) (actual time=2502.070..10847.658 rows=210190 loops=1)
  Hash Cond: (mi.movie_id = t.id)
  ->  Seq Scan on movie_info mi  (cost=0.00..309384.22 rows=14739122 width=4) (actual time=0.014..4816.577 rows=14835720 loops=1)
  ->  Hash  (cost=133999.56..133999.56 rows=3514 width=8) (actual time=2501.779..2501.779 rows=19607 loops=1)
        Buckets: 32768 (originally 4096)  Batches: 1 (originally 1)  Memory Usage: 1022kB
        ->  Hash Join  (cost=74146.12..133999.56 rows=3514 width=8) (actual time=1585.131..2494.555 rows=19607 loops=1)
              Hash Cond: (mc.movie_id = t.id)
              ->  Seq Scan on movie_companies mc  (cost=0.00..57926.93 rows=504365 width=4) (actual time=85.427..1079.173 rows=818297 loops=1)
                    Filter: ((company_id > 16708) AND (company_type_id = 2))
                    Rows Removed by Filter: 1790832
              ->  Hash  (cost=73925.90..73925.90 rows=17617 width=4) (actual time=1219.902..1219.902 rows=22021 loops=1)
                    Buckets: 32768  Batches: 1  Memory Usage: 1031kB
                    ->  Seq Scan on title t  (cost=0.00..73925.90 rows=17617 width=4) (actual time=12.629..1210.939 rows=22021 loops=1)
                          Filter: ((production_year > 2012) AND (kind_id = 1))
                          Rows Removed by Filter: 2506291
Planning time: 1.258 ms
Execution time: 10882.681 ms
