Hash Join  (cost=222522.30..1405258.01 rows=10089847 width=0) (actual time=5558.333..37077.662 rows=8092640 loops=1)
  Hash Cond: (ci.movie_id = t.id)
  ->  Seq Scan on cast_info ci  (cost=0.00..614943.12 rows=36225612 width=4) (actual time=0.016..13286.302 rows=36244344 loops=1)
  ->  Hash  (cost=210966.98..210966.98 rows=704266 width=8) (actual time=5557.295..5557.295 rows=217260 loops=1)
        Buckets: 131072  Batches: 16  Memory Usage: 1593kB
        ->  Hash Join  (cost=80384.28..210966.98 rows=704266 width=8) (actual time=1444.599..5491.659 rows=217260 loops=1)
              Hash Cond: (mk.movie_id = t.id)
              ->  Seq Scan on movie_keyword mk  (cost=0.00..69693.30 rows=4523930 width=4) (actual time=0.013..1337.358 rows=4523930 loops=1)
              ->  Hash  (cost=73925.90..73925.90 rows=393630 width=4) (actual time=1435.497..1435.497 rows=401187 loops=1)
                    Buckets: 131072  Batches: 8  Memory Usage: 2800kB
                    ->  Seq Scan on title t  (cost=0.00..73925.90 rows=393630 width=4) (actual time=0.016..1292.986 rows=401187 loops=1)
                          Filter: ((kind_id > 1) AND (production_year > 2009))
                          Rows Removed by Filter: 2127125
Planning time: 1.222 ms
Execution time: 37966.203 ms
