Seq Scan on cast_info ci  (cost=0.00..796071.18 rows=176 width=0) (actual time=10856.388..11169.859 rows=472 loops=1)
  Filter: ((person_id = 569226) AND (role_id = 1))
  Rows Removed by Filter: 36243872
Planning time: 0.428 ms
Execution time: 11170.052 ms
