Seq Scan on movie_keyword mk  (cost=0.00..81003.12 rows=246 width=0) (actual time=166.787..1038.029 rows=4 loops=1)
  Filter: (keyword_id = 71586)
  Rows Removed by Filter: 4523926
Planning time: 0.280 ms
Execution time: 1038.107 ms
