Hash Join  (cost=361306.39..1322672.22 rows=12692579 width=0) (actual time=18940.040..36415.915 rows=35768694 loops=1)
  Hash Cond: (ci.movie_id = t.id)
  ->  Seq Scan on cast_info ci  (cost=0.00..705507.15 rows=7298253 width=4) (actual time=9408.461..14378.020 rows=7451973 loops=1)
        Filter: (role_id = 2)
        Rows Removed by Filter: 28792371
  ->  Hash  (cost=289160.56..289160.56 rows=4397426 width=8) (actual time=9530.254..9530.254 rows=4499972 loops=1)
        Buckets: 131072  Batches: 64  Memory Usage: 3797kB
        ->  Hash Join  (cost=107928.35..289160.56 rows=4397426 width=8) (actual time=2292.257..7719.954 rows=4499972 loops=1)
              Hash Cond: (mk.movie_id = t.id)
              ->  Seq Scan on movie_keyword mk  (cost=0.00..69693.30 rows=4523930 width=4) (actual time=0.023..1460.152 rows=4523930 loops=1)
              ->  Hash  (cost=67604.59..67604.59 rows=2457821 width=4) (actual time=2290.895..2290.895 rows=2456218 loops=1)
                    Buckets: 131072  Batches: 64  Memory Usage: 2385kB
                    ->  Seq Scan on title t  (cost=0.00..67604.59 rows=2457821 width=4) (actual time=0.020..1422.063 rows=2456218 loops=1)
                          Filter: (production_year > 0)
                          Rows Removed by Filter: 72094
Planning time: 1.115 ms
Execution time: 40271.761 ms
