Hash Join  (cost=132290.88..890433.92 rows=513702 width=0) (actual time=6079.766..17571.605 rows=594504 loops=1)
  Hash Cond: (ci.movie_id = t.id)
  ->  Seq Scan on cast_info ci  (cost=0.00..705507.15 rows=3998100 width=4) (actual time=3474.293..13216.364 rows=4008037 loops=1)
        Filter: (role_id = 3)
        Rows Removed by Filter: 32236307
  ->  Hash  (cost=126959.87..126959.87 rows=324881 width=8) (actual time=2602.091..2602.091 rows=234729 loops=1)
        Buckets: 131072  Batches: 8  Memory Usage: 2179kB
        ->  Hash Join  (cost=83692.58..126959.87 rows=324881 width=8) (actual time=1347.523..2528.413 rows=234729 loops=1)
              Hash Cond: (mi_idx.movie_id = t.id)
              ->  Seq Scan on movie_info_idx mi_idx  (cost=0.00..21735.35 rows=1380035 width=4) (actual time=0.038..423.086 rows=1380035 loops=1)
              ->  Hash  (cost=73925.90..73925.90 rows=595254 width=4) (actual time=1346.660..1346.660 rows=471078 loops=1)
                    Buckets: 131072  Batches: 8  Memory Usage: 3086kB
                    ->  Seq Scan on title t  (cost=0.00..73925.90 rows=595254 width=4) (actual time=0.021..1190.777 rows=471078 loops=1)
                          Filter: ((kind_id > 1) AND (production_year < 1995))
                          Rows Removed by Filter: 2057234
Planning time: 4.797 ms
Execution time: 17630.445 ms
