Seq Scan on movie_keyword mk  (cost=0.00..81003.12 rows=2606340 width=0) (actual time=0.022..4577.140 rows=2588545 loops=1)
  Filter: (keyword_id > 3324)
  Rows Removed by Filter: 1935385
Planning time: 0.314 ms
Execution time: 5064.485 ms
