Seq Scan on cast_info ci  (cost=0.00..796071.18 rows=11125380 width=0) (actual time=0.016..16206.009 rows=9468078 loops=1)
  Filter: ((person_id > 428577) AND (role_id = 1))
  Rows Removed by Filter: 26776266
Planning time: 0.420 ms
Execution time: 17406.535 ms
