Seq Scan on cast_info ci  (cost=0.00..705507.15 rows=33961172 width=0) (actual time=0.023..13991.580 rows=33939031 loops=1)
  Filter: (person_id < 3611663)
  Rows Removed by Filter: 2305313
Planning time: 0.347 ms
Execution time: 18180.514 ms
