Seq Scan on movie_companies mc  (cost=0.00..51404.11 rows=1067726 width=0) (actual time=0.020..878.406 rows=1063320 loops=1)
  Filter: (company_id < 6424)
  Rows Removed by Filter: 1545809
Planning time: 0.344 ms
Execution time: 1014.834 ms
