Hash Join  (cost=83072.95..824085.88 rows=14 width=0) (actual time=1360.605..16141.053 rows=140 loops=1)
  Hash Cond: (ci.movie_id = t.id)
  ->  Seq Scan on cast_info ci  (cost=0.00..705507.15 rows=9468168 width=4) (actual time=0.014..13512.156 rows=9384703 loops=1)
        Filter: (role_id > 4)
        Rows Removed by Filter: 26859641
  ->  Hash  (cost=83072.90..83072.90 rows=4 width=8) (actual time=1358.585..1358.585 rows=30 loops=1)
        Buckets: 1024  Batches: 1  Memory Usage: 10kB
        ->  Nested Loop  (cost=0.43..83072.90 rows=4 width=8) (actual time=228.247..1358.522 rows=30 loops=1)
              ->  Seq Scan on movie_keyword mk  (cost=0.00..81003.12 rows=246 width=4) (actual time=5.377..1268.594 rows=1675 loops=1)
                    Filter: (keyword_id = 108)
                    Rows Removed by Filter: 4522255
              ->  Index Scan using title_pkey on title t  (cost=0.43..8.40 rows=1 width=4) (actual time=0.053..0.053 rows=0 loops=1675)
                    Index Cond: (id = mk.movie_id)
                    Filter: ((kind_id < 3) AND (production_year = 2009))
                    Rows Removed by Filter: 1
Planning time: 1.135 ms
Execution time: 16141.350 ms
