Hash Join  (cost=74617.32..425445.87 rows=25336 width=0) (actual time=5939.221..7096.924 rows=45694 loops=1)
  Hash Cond: (mi.movie_id = t.id)
  ->  Seq Scan on movie_info mi  (cost=0.00..346232.03 rows=1158179 width=4) (actual time=4583.095..5596.892 rows=1204709 loops=1)
        Filter: (info_type_id > 18)
        Rows Removed by Filter: 13631011
  ->  Hash  (cost=73925.90..73925.90 rows=55313 width=4) (actual time=1221.814..1221.814 rows=49075 loops=1)
        Buckets: 65536  Batches: 1  Memory Usage: 2238kB
        ->  Seq Scan on title t  (cost=0.00..73925.90 rows=55313 width=4) (actual time=0.042..1202.985 rows=49075 loops=1)
              Filter: ((kind_id < 7) AND (production_year = 2010))
              Rows Removed by Filter: 2479237
Planning time: 0.680 ms
Execution time: 7104.403 ms
