Hash Join  (cost=69911.67..867878.85 rows=468 width=0) (actual time=4549.486..12385.656 rows=7331 loops=1)
  Hash Cond: (ci.movie_id = t.id)
  ->  Seq Scan on cast_info ci  (cost=0.00..796071.18 rows=504352 width=4) (actual time=3634.141..11235.675 rows=1504557 loops=1)
        Filter: ((person_id > 3765620) AND (role_id > 3))
        Rows Removed by Filter: 34739787
  ->  Hash  (cost=69882.32..69882.32 rows=2348 width=8) (actual time=909.792..909.792 rows=1887 loops=1)
        Buckets: 4096  Batches: 1  Memory Usage: 106kB
        ->  Nested Loop  (cost=0.43..69882.32 rows=2348 width=8) (actual time=0.534..908.659 rows=1887 loops=1)
              ->  Seq Scan on movie_companies mc  (cost=0.00..51404.11 rows=2348 width=4) (actual time=0.425..834.694 rows=1887 loops=1)
                    Filter: (company_id = 4599)
                    Rows Removed by Filter: 2607242
              ->  Index Only Scan using title_pkey on title t  (cost=0.43..7.86 rows=1 width=4) (actual time=0.034..0.038 rows=1 loops=1887)
                    Index Cond: (id = mc.movie_id)
                    Heap Fetches: 1887
Planning time: 1.149 ms
Execution time: 12386.898 ms
