Hash Join  (cost=252652.90..823140.39 rows=8498556 width=0) (actual time=13796.700..64906.676 rows=70777910 loops=1)
  Hash Cond: (mi.movie_id = t.id)
  ->  Seq Scan on movie_info mi  (cost=0.00..309384.22 rows=14739122 width=4) (actual time=0.017..21472.792 rows=14835720 loops=1)
  ->  Hash  (cost=228732.59..228732.59 rows=1457945 width=8) (actual time=13795.276..13795.276 rows=1473844 loops=1)
        Buckets: 131072  Batches: 32  Memory Usage: 2892kB
        ->  Hash Join  (cost=102767.86..228732.59 rows=1457945 width=8) (actual time=6514.545..13318.875 rows=1473844 loops=1)
              Hash Cond: (mk.movie_id = t.id)
              ->  Seq Scan on movie_keyword mk  (cost=0.00..81003.12 rows=1457945 width=4) (actual time=0.022..4873.770 rows=1473844 loops=1)
                    Filter: (keyword_id < 2104)
                    Rows Removed by Filter: 3050086
              ->  Hash  (cost=61283.27..61283.27 rows=2528527 width=4) (actual time=6513.268..6513.268 rows=2528312 loops=1)
                    Buckets: 131072  Batches: 64  Memory Usage: 2425kB
                    ->  Seq Scan on title t  (cost=0.00..61283.27 rows=2528527 width=4) (actual time=0.020..5009.362 rows=2528312 loops=1)
Planning time: 1.027 ms
Execution time: 74832.278 ms
