Seq Scan on cast_info ci  (cost=0.00..705507.15 rows=24165800 width=0) (actual time=0.028..12967.917 rows=24270389 loops=1)
  Filter: (person_id > 1178288)
  Rows Removed by Filter: 11973955
Planning time: 0.347 ms
Execution time: 15919.183 ms
