Nested Loop  (cost=0.43..798787.41 rows=324 width=0) (actual time=3732.322..14918.609 rows=2453 loops=1)
  ->  Seq Scan on cast_info ci  (cost=0.00..796071.18 rows=324 width=4) (actual time=3732.217..14858.171 rows=2453 loops=1)
        Filter: ((role_id > 1) AND (person_id = 1875131))
        Rows Removed by Filter: 36241891
  ->  Index Only Scan using title_pkey on title t  (cost=0.43..8.37 rows=1 width=4) (actual time=0.024..0.024 rows=1 loops=2453)
        Index Cond: (id = ci.movie_id)
        Heap Fetches: 2453
Planning time: 0.730 ms
Execution time: 14919.261 ms
