Hash Join  (cost=119739.59..609301.81 rows=914331 width=0) (actual time=2678.264..17259.802 rows=5361781 loops=1)
  Hash Cond: (mi.movie_id = t.id)
  ->  Seq Scan on movie_info mi  (cost=0.00..309384.22 rows=14739122 width=4) (actual time=0.022..6238.010 rows=14835720 loops=1)
  ->  Hash  (cost=117165.90..117165.90 rows=156855 width=8) (actual time=2677.447..2677.447 rows=284615 loops=1)
        Buckets: 131072  Batches: 4  Memory Usage: 3818kB
        ->  Hash Join  (cost=81720.25..117165.90 rows=156855 width=8) (actual time=1607.968..2581.398 rows=284615 loops=1)
              Hash Cond: (mi_idx.movie_id = t.id)
              ->  Seq Scan on movie_info_idx mi_idx  (cost=0.00..25185.44 rows=460978 width=4) (actual time=0.022..446.374 rows=459925 loops=1)
                    Filter: (info_type_id = 99)
                    Rows Removed by Filter: 920110
              ->  Hash  (cost=67604.59..67604.59 rows=860373 width=4) (actual time=1607.125..1607.125 rows=854214 loops=1)
                    Buckets: 131072  Batches: 16  Memory Usage: 2897kB
                    ->  Seq Scan on title t  (cost=0.00..67604.59 rows=860373 width=4) (actual time=0.020..1344.087 rows=854214 loops=1)
                          Filter: (kind_id < 4)
                          Rows Removed by Filter: 1674098
Planning time: 1.112 ms
Execution time: 17915.274 ms
