Seq Scan on movie_keyword mk  (cost=0.00..81003.12 rows=511258 width=0) (actual time=0.026..1309.752 rows=502760 loops=1)
  Filter: (keyword_id > 35971)
  Rows Removed by Filter: 4021170
Planning time: 0.320 ms
Execution time: 1375.355 ms
