Seq Scan on movie_keyword mk  (cost=0.00..81003.12 rows=3371949 width=0) (actual time=0.027..1511.814 rows=3355884 loops=1)
  Filter: (keyword_id < 16018)
  Rows Removed by Filter: 1168046
Planning time: 0.295 ms
Execution time: 1941.449 ms
