Hash Join  (cost=336713.51..1899945.06 rows=41458906 width=0) (actual time=9037.642..70587.638 rows=133827681 loops=1)
  Hash Cond: (ci.movie_id = t.id)
  ->  Seq Scan on cast_info ci  (cost=0.00..705507.15 rows=27983642 width=4) (actual time=0.030..15477.394 rows=28041889 loops=1)
        Filter: (person_id < 2862096)
        Rows Removed by Filter: 8202455
  ->  Hash  (cost=275253.06..275253.06 rows=3746116 width=8) (actual time=9036.693..9036.693 rows=3558265 loops=1)
        Buckets: 131072  Batches: 64  Memory Usage: 3145kB
        ->  Hash Join  (cost=101955.95..275253.06 rows=3746116 width=8) (actual time=2038.348..7348.301 rows=3558265 loops=1)
              Hash Cond: (mk.movie_id = t.id)
              ->  Seq Scan on movie_keyword mk  (cost=0.00..69693.30 rows=4523930 width=4) (actual time=0.023..1388.429 rows=4523930 loops=1)
              ->  Hash  (cost=67604.59..67604.59 rows=2093789 width=4) (actual time=2037.066..2037.066 rows=2089788 loops=1)
                    Buckets: 131072  Batches: 32  Memory Usage: 3334kB
                    ->  Seq Scan on title t  (cost=0.00..67604.59 rows=2093789 width=4) (actual time=0.030..1333.705 rows=2089788 loops=1)
                          Filter: (production_year > 1969)
                          Rows Removed by Filter: 438524
Planning time: 2.806 ms
Execution time: 85244.806 ms
