Hash Join  (cost=83073.25..447733.66 rows=448 width=0) (actual time=1300.311..8482.560 rows=17410 loops=1)
  Hash Cond: (mi.movie_id = t.id)
  ->  Seq Scan on movie_info mi  (cost=0.00..309384.22 rows=14739122 width=4) (actual time=0.021..4369.098 rows=14835720 loops=1)
  ->  Hash  (cost=83072.29..83072.29 rows=77 width=8) (actual time=1299.762..1299.762 rows=503 loops=1)
        Buckets: 1024  Batches: 1  Memory Usage: 28kB
        ->  Nested Loop  (cost=0.43..83072.29 rows=77 width=8) (actual time=0.257..1299.372 rows=503 loops=1)
              ->  Seq Scan on movie_keyword mk  (cost=0.00..81003.12 rows=246 width=4) (actual time=0.214..1252.390 rows=1409 loops=1)
                    Filter: (keyword_id = 795)
                    Rows Removed by Filter: 4522521
              ->  Index Scan using title_pkey on title t  (cost=0.43..8.40 rows=1 width=4) (actual time=0.032..0.032 rows=0 loops=1409)
                    Index Cond: (id = mk.movie_id)
                    Filter: (production_year > 2007)
                    Rows Removed by Filter: 1
Planning time: 1.596 ms
Execution time: 8485.826 ms
