Hash Join  (cost=233420.48..1436446.15 rows=11580119 width=0) (actual time=12379.768..88041.615 rows=8689272 loops=1)
  Hash Cond: (ci.movie_id = t.id)
  ->  Seq Scan on cast_info ci  (cost=0.00..705507.15 rows=29489666 width=4) (actual time=0.022..52255.904 rows=29426429 loops=1)
        Filter: (person_id < 2980699)
        Rows Removed by Filter: 6817915
  ->  Hash  (cost=217130.08..217130.08 rows=992912 width=8) (actual time=12378.400..12378.400 rows=258549 loops=1)
        Buckets: 131072  Batches: 16  Memory Usage: 1671kB
        ->  Hash Join  (cost=83030.92..217130.08 rows=992912 width=8) (actual time=4804.338..12289.731 rows=258549 loops=1)
              Hash Cond: (mk.movie_id = t.id)
              ->  Seq Scan on movie_keyword mk  (cost=0.00..69693.30 rows=4523930 width=4) (actual time=0.024..5012.351 rows=4523930 loops=1)
              ->  Hash  (cost=73925.90..73925.90 rows=554961 width=4) (actual time=4789.523..4789.523 rows=605090 loops=1)
                    Buckets: 131072  Batches: 8  Memory Usage: 3690kB
                    ->  Seq Scan on title t  (cost=0.00..73925.90 rows=554961 width=4) (actual time=0.017..4529.716 rows=605090 loops=1)
                          Filter: ((kind_id > 4) AND (production_year > 2006))
                          Rows Removed by Filter: 1923222
Planning time: 4.307 ms
Execution time: 89264.438 ms
