Seq Scan on cast_info ci  (cost=0.00..796071.18 rows=4922047 width=0) (actual time=1139.224..13206.691 rows=7450068 loops=1)
  Filter: ((person_id > 1149699) AND (role_id = 2))
  Rows Removed by Filter: 28794276
Planning time: 0.406 ms
Execution time: 14133.340 ms
