Hash Join  (cost=58375.85..85303.51 rows=10 width=0) (actual time=538.223..1013.427 rows=143 loops=1)
  Hash Cond: (mi_idx.movie_id = t.id)
  ->  Seq Scan on movie_info_idx mi_idx  (cost=0.00..25185.44 rows=464566 width=4) (actual time=0.020..410.537 rows=459925 loops=1)
        Filter: (info_type_id = 101)
        Rows Removed by Filter: 920110
  ->  Hash  (cost=58375.18..58375.18 rows=53 width=8) (actual time=538.007..538.007 rows=242 loops=1)
        Buckets: 1024  Batches: 1  Memory Usage: 18kB
        ->  Nested Loop  (cost=0.43..58375.18 rows=53 width=8) (actual time=145.564..537.900 rows=242 loops=1)
              ->  Seq Scan on movie_companies mc  (cost=0.00..57926.93 rows=53 width=4) (actual time=145.483..532.907 rows=242 loops=1)
                    Filter: ((company_id = 4122) AND (company_type_id = 2))
                    Rows Removed by Filter: 2608887
              ->  Index Only Scan using title_pkey on title t  (cost=0.43..8.45 rows=1 width=4) (actual time=0.019..0.020 rows=1 loops=242)
                    Index Cond: (id = mc.movie_id)
                    Heap Fetches: 242
Planning time: 1.246 ms
Execution time: 1013.575 ms
