Seq Scan on cast_info ci  (cost=0.00..705507.15 rows=29104844 width=0) (actual time=0.020..13101.698 rows=29176492 loops=1)
  Filter: (person_id > 682601)
  Rows Removed by Filter: 7067852
Planning time: 0.309 ms
Execution time: 16711.072 ms
