Hash Join  (cost=226778.24..775823.67 rows=4762362 width=0) (actual time=5428.001..46519.020 rows=136033842 loops=1)
  Hash Cond: (mi.movie_id = t.id)
  ->  Seq Scan on movie_info mi  (cost=0.00..309384.22 rows=14739122 width=4) (actual time=0.020..6169.067 rows=14835720 loops=1)
  ->  Hash  (cost=213373.82..213373.82 rows=816993 width=8) (actual time=5426.614..5426.614 rows=1442033 loops=1)
        Buckets: 131072 (originally 131072)  Batches: 32 (originally 16)  Memory Usage: 3073kB
        ->  Hash Join  (cost=81417.85..213373.82 rows=816993 width=8) (actual time=1316.993..4975.737 rows=1442033 loops=1)
              Hash Cond: (mk.movie_id = t.id)
              ->  Seq Scan on movie_keyword mk  (cost=0.00..69693.30 rows=4523930 width=4) (actual time=0.019..1389.684 rows=4523930 loops=1)
              ->  Hash  (cost=73925.90..73925.90 rows=456636 width=4) (actual time=1316.137..1316.137 rows=330279 loops=1)
                    Buckets: 131072  Batches: 8  Memory Usage: 2490kB
                    ->  Seq Scan on title t  (cost=0.00..73925.90 rows=456636 width=4) (actual time=0.716..1212.177 rows=330279 loops=1)
                          Filter: ((production_year > 1991) AND (kind_id = 1))
                          Rows Removed by Filter: 2198033
Planning time: 1.134 ms
Execution time: 61078.260 ms
