Hash Join  (cost=100862.36..465548.72 rows=3041 width=0) (actual time=1656.749..8880.452 rows=27195 loops=1)
  Hash Cond: (mi.movie_id = t.id)
  ->  Seq Scan on movie_info mi  (cost=0.00..309384.22 rows=14739122 width=4) (actual time=0.017..4444.136 rows=14835720 loops=1)
  ->  Hash  (cost=100855.84..100855.84 rows=522 width=8) (actual time=1640.761..1640.761 rows=1327 loops=1)
        Buckets: 2048 (originally 1024)  Batches: 1 (originally 1)  Memory Usage: 68kB
        ->  Hash Join  (cost=73962.22..100855.84 rows=522 width=8) (actual time=1145.685..1639.987 rows=1327 loops=1)
              Hash Cond: (mi_idx.movie_id = t.id)
              ->  Seq Scan on movie_info_idx mi_idx  (cost=0.00..25185.44 rows=454124 width=4) (actual time=0.018..413.922 rows=459925 loops=1)
                    Filter: (info_type_id = 100)
                    Rows Removed by Filter: 920110
              ->  Hash  (cost=73925.90..73925.90 rows=2905 width=4) (actual time=1144.902..1144.902 rows=3427 loops=1)
                    Buckets: 4096  Batches: 1  Memory Usage: 153kB
                    ->  Seq Scan on title t  (cost=0.00..73925.90 rows=2905 width=4) (actual time=1.014..1143.049 rows=3427 loops=1)
                          Filter: ((kind_id < 7) AND (production_year = 1956))
                          Rows Removed by Filter: 2524885
Planning time: 0.731 ms
Execution time: 8885.987 ms
