Seq Scan on cast_info ci  (cost=0.00..796071.18 rows=55 width=0) (actual time=438.597..10961.887 rows=23 loops=1)
  Filter: ((person_id = 2941252) AND (role_id = 3))
  Rows Removed by Filter: 36244321
Planning time: 0.426 ms
Execution time: 10961.994 ms
