Hash Join  (cost=895611.91..1512889.18 rows=11157044 width=0) (actual time=15452.394..35740.329 rows=23780071 loops=1)
  Hash Cond: (mi.movie_id = t.id)
  ->  Seq Scan on movie_info mi  (cost=0.00..309384.22 rows=14739122 width=4) (actual time=0.023..6003.837 rows=14835720 loops=1)
  ->  Hash  (cost=864209.74..864209.74 rows=1914014 width=8) (actual time=15451.036..15451.036 rows=1857591 loops=1)
        Buckets: 131072  Batches: 32  Memory Usage: 3315kB
        ->  Hash Join  (cost=102767.86..864209.74 rows=1914014 width=8) (actual time=3166.506..14882.728 rows=1857591 loops=1)
              Hash Cond: (ci.movie_id = t.id)
              ->  Seq Scan on cast_info ci  (cost=0.00..705507.15 rows=1914014 width=4) (actual time=1178.483..10669.643 rows=1857591 loops=1)
                    Filter: (person_id < 182961)
                    Rows Removed by Filter: 34386753
              ->  Hash  (cost=61283.27..61283.27 rows=2528527 width=4) (actual time=1959.951..1959.951 rows=2528312 loops=1)
                    Buckets: 131072  Batches: 64  Memory Usage: 2415kB
                    ->  Seq Scan on title t  (cost=0.00..61283.27 rows=2528527 width=4) (actual time=0.024..1135.030 rows=2528312 loops=1)
Planning time: 1.141 ms
Execution time: 38469.913 ms
