Hash Join  (cost=83074.74..137742.81 rows=254 width=0) (actual time=1255.873..2378.101 rows=6301 loops=1)
  Hash Cond: (mc.movie_id = t.id)
  ->  Seq Scan on movie_companies mc  (cost=0.00..44881.29 rows=2609129 width=4) (actual time=0.015..618.604 rows=2609129 loops=1)
  ->  Hash  (cost=83071.67..83071.67 rows=246 width=8) (actual time=1255.719..1255.719 rows=870 loops=1)
        Buckets: 1024  Batches: 1  Memory Usage: 42kB
        ->  Nested Loop  (cost=0.43..83071.67 rows=246 width=8) (actual time=0.502..1255.058 rows=870 loops=1)
              ->  Seq Scan on movie_keyword mk  (cost=0.00..81003.12 rows=246 width=4) (actual time=0.452..1213.932 rows=870 loops=1)
                    Filter: (keyword_id = 6224)
                    Rows Removed by Filter: 4523060
              ->  Index Only Scan using title_pkey on title t  (cost=0.43..8.40 rows=1 width=4) (actual time=0.045..0.046 rows=1 loops=870)
                    Index Cond: (id = mk.movie_id)
                    Heap Fetches: 870
Planning time: 1.113 ms
Execution time: 2379.270 ms
