Hash Join  (cost=101914.34..195155.94 rows=29895 width=0) (actual time=1721.085..3768.831 rows=92515 loops=1)
  Hash Cond: (mk.movie_id = t.id)
  ->  Seq Scan on movie_keyword mk  (cost=0.00..81003.12 rows=3183872 width=4) (actual time=0.023..1557.330 rows=3165167 loops=1)
        Filter: (keyword_id > 1768)
        Rows Removed by Filter: 1358763
  ->  Hash  (cost=101617.57..101617.57 rows=23742 width=8) (actual time=1720.355..1720.355 rows=22395 loops=1)
        Buckets: 32768  Batches: 1  Memory Usage: 1131kB
        ->  Hash Join  (cost=74469.67..101617.57 rows=23742 width=8) (actual time=1145.969..1712.779 rows=22395 loops=1)
              Hash Cond: (mi_idx.movie_id = t.id)
              ->  Seq Scan on movie_info_idx mi_idx  (cost=0.00..21735.35 rows=1380035 width=4) (actual time=0.015..294.215 rows=1380035 loops=1)
              ->  Hash  (cost=73925.90..73925.90 rows=43501 width=4) (actual time=1069.189..1069.189 rows=39560 loops=1)
                    Buckets: 65536  Batches: 1  Memory Usage: 1903kB
                    ->  Seq Scan on title t  (cost=0.00..73925.90 rows=43501 width=4) (actual time=0.022..1047.603 rows=39560 loops=1)
                          Filter: ((kind_id = 1) AND (production_year = 2012))
                          Rows Removed by Filter: 2488752
Planning time: 1.155 ms
Execution time: 3780.304 ms
