Seq Scan on cast_info ci  (cost=0.00..796071.18 rows=11705096 width=0) (actual time=0.028..16282.595 rows=10619239 loops=1)
  Filter: ((person_id > 275982) AND (role_id < 2))
  Rows Removed by Filter: 25625105
Planning time: 0.383 ms
Execution time: 17594.810 ms
