Seq Scan on movie_companies mc  (cost=0.00..57926.93 rows=53 width=0) (actual time=2.736..769.735 rows=1405 loops=1)
  Filter: ((company_id = 3232) AND (company_type_id = 2))
  Rows Removed by Filter: 2607724
Planning time: 0.367 ms
Execution time: 770.032 ms
