Hash Join  (cost=83074.74..109989.30 rows=45 width=0) (actual time=3767.120..5138.929 rows=36 loops=1)
  Hash Cond: (mi_idx.movie_id = t.id)
  ->  Seq Scan on movie_info_idx mi_idx  (cost=0.00..25185.44 rows=460978 width=4) (actual time=0.031..1409.331 rows=459925 loops=1)
        Filter: (info_type_id < 100)
        Rows Removed by Filter: 920110
  ->  Hash  (cost=83071.67..83071.67 rows=246 width=8) (actual time=3654.842..3654.842 rows=41 loops=1)
        Buckets: 1024  Batches: 1  Memory Usage: 10kB
        ->  Nested Loop  (cost=0.43..83071.67 rows=246 width=8) (actual time=17.908..3654.772 rows=41 loops=1)
              ->  Seq Scan on movie_keyword mk  (cost=0.00..81003.12 rows=246 width=4) (actual time=17.813..3648.520 rows=41 loops=1)
                    Filter: (keyword_id = 36962)
                    Rows Removed by Filter: 4523889
              ->  Index Only Scan using title_pkey on title t  (cost=0.43..8.40 rows=1 width=4) (actual time=0.146..0.147 rows=1 loops=41)
                    Index Cond: (id = mk.movie_id)
                    Heap Fetches: 41
Planning time: 1.132 ms
Execution time: 5139.081 ms
