Hash Join  (cost=76580.21..107939.17 rows=29056 width=0) (actual time=1313.247..1797.776 rows=5794 loops=1)
  Hash Cond: (mi_idx.movie_id = t.id)
  ->  Seq Scan on movie_info_idx mi_idx  (cost=0.00..25185.44 rows=454124 width=4) (actual time=0.031..489.712 rows=459925 loops=1)
        Filter: (info_type_id = 100)
        Rows Removed by Filter: 920110
  ->  Hash  (cost=73925.90..73925.90 rows=161784 width=4) (actual time=1119.504..1119.504 rows=60160 loops=1)
        Buckets: 131072  Batches: 4  Memory Usage: 1552kB
        ->  Seq Scan on title t  (cost=0.00..73925.90 rows=161784 width=4) (actual time=0.021..1097.302 rows=60160 loops=1)
              Filter: ((production_year < 1962) AND (kind_id = 7))
              Rows Removed by Filter: 2468152
Planning time: 0.822 ms
Execution time: 1798.614 ms
