Hash Join  (cost=83073.49..109987.77 rows=18 width=0) (actual time=1425.223..1960.143 rows=2537 loops=1)
  Hash Cond: (mi_idx.movie_id = t.id)
  ->  Seq Scan on movie_info_idx mi_idx  (cost=0.00..25185.44 rows=460978 width=4) (actual time=0.029..458.788 rows=459925 loops=1)
        Filter: (info_type_id = 99)
        Rows Removed by Filter: 920110
  ->  Hash  (cost=83072.29..83072.29 rows=96 width=8) (actual time=1424.730..1424.730 rows=2710 loops=1)
        Buckets: 4096 (originally 1024)  Batches: 1 (originally 1)  Memory Usage: 138kB
        ->  Nested Loop  (cost=0.43..83072.29 rows=96 width=8) (actual time=26.618..1423.013 rows=2710 loops=1)
              ->  Seq Scan on movie_keyword mk  (cost=0.00..81003.12 rows=246 width=4) (actual time=6.016..1332.133 rows=2926 loops=1)
                    Filter: (keyword_id = 3287)
                    Rows Removed by Filter: 4521004
              ->  Index Scan using title_pkey on title t  (cost=0.43..8.40 rows=1 width=4) (actual time=0.030..0.030 rows=1 loops=2926)
                    Index Cond: (id = mk.movie_id)
                    Filter: (kind_id < 7)
                    Rows Removed by Filter: 0
Planning time: 1.644 ms
Execution time: 1960.767 ms
