Seq Scan on cast_info ci  (cost=0.00..796071.18 rows=5419793 width=0) (actual time=7896.651..14906.053 rows=6418745 loops=1)
  Filter: ((person_id > 990382) AND (role_id > 7))
  Rows Removed by Filter: 29825599
Planning time: 0.270 ms
Execution time: 15702.595 ms
