Hash Join  (cost=191536.11..1301570.05 rows=7420677 width=0) (actual time=4300.035..43416.968 rows=20869138 loops=1)
  Hash Cond: (ci.movie_id = t.id)
  ->  Seq Scan on cast_info ci  (cost=0.00..614943.12 rows=36225612 width=4) (actual time=0.022..13351.192 rows=36244344 loops=1)
  ->  Hash  (cost=183037.63..183037.63 rows=517959 width=8) (actual time=4299.175..4299.175 rows=828912 loops=1)
        Buckets: 131072 (originally 131072)  Batches: 16 (originally 8)  Memory Usage: 3073kB
        ->  Hash Join  (cost=102767.86..183037.63 rows=517959 width=8) (actual time=1914.310..4066.130 rows=828912 loops=1)
              Hash Cond: (mc.movie_id = t.id)
              ->  Seq Scan on movie_companies mc  (cost=0.00..57926.93 rows=517959 width=4) (actual time=0.027..1093.893 rows=828912 loops=1)
                    Filter: ((company_id > 15761) AND (company_type_id = 2))
                    Rows Removed by Filter: 1780217
              ->  Hash  (cost=61283.27..61283.27 rows=2528527 width=4) (actual time=1913.315..1913.315 rows=2528312 loops=1)
                    Buckets: 131072  Batches: 64  Memory Usage: 2415kB
                    ->  Seq Scan on title t  (cost=0.00..61283.27 rows=2528527 width=4) (actual time=0.025..1079.948 rows=2528312 loops=1)
Planning time: 1.200 ms
Execution time: 45709.175 ms
