Hash Join  (cost=114343.44..469201.18 rows=39591 width=0) (actual time=3206.962..9019.094 rows=180435 loops=1)
  Hash Cond: (mi.movie_id = t.id)
  ->  Seq Scan on movie_info mi  (cost=0.00..346232.03 rows=2194617 width=4) (actual time=735.366..5674.026 rows=2233850 loops=1)
        Filter: (info_type_id > 16)
        Rows Removed by Filter: 12601870
  ->  Hash  (cost=113773.25..113773.25 rows=45615 width=8) (actual time=2322.805..2322.805 rows=103878 loops=1)
        Buckets: 131072 (originally 65536)  Batches: 2 (originally 1)  Memory Usage: 3073kB
        ->  Hash Join  (cost=75297.62..113773.25 rows=45615 width=8) (actual time=1305.021..2287.746 rows=103878 loops=1)
              Hash Cond: (mi_idx.movie_id = t.id)
              ->  Seq Scan on movie_info_idx mi_idx  (cost=0.00..21735.35 rows=1380035 width=4) (actual time=0.042..510.458 rows=1380035 loops=1)
              ->  Hash  (cost=73925.90..73925.90 rows=83577 width=4) (actual time=1252.050..1252.050 rows=92182 loops=1)
                    Buckets: 131072  Batches: 2  Memory Usage: 2649kB
                    ->  Seq Scan on title t  (cost=0.00..73925.90 rows=83577 width=4) (actual time=122.827..1217.853 rows=92182 loops=1)
                          Filter: ((production_year < 2011) AND (kind_id = 3))
                          Rows Removed by Filter: 2436130
Planning time: 1.167 ms
Execution time: 9039.976 ms
