Hash Join  (cost=183429.55..671251.66 rows=751218 width=0) (actual time=3809.472..19386.078 rows=13108156 loops=1)
  Hash Cond: (mi.movie_id = t.id)
  ->  Seq Scan on movie_info mi  (cost=0.00..309384.22 rows=14739122 width=4) (actual time=0.012..6564.343 rows=14835720 loops=1)
  ->  Hash  (cost=181314.64..181314.64 rows=128873 width=8) (actual time=3808.686..3808.686 rows=165174 loops=1)
        Buckets: 131072 (originally 131072)  Batches: 4 (originally 2)  Memory Usage: 3073kB
        ->  Hash Join  (cost=76796.18..181314.64 rows=128873 width=8) (actual time=1395.258..3754.673 rows=165174 loops=1)
              Hash Cond: (mk.movie_id = t.id)
              ->  Seq Scan on movie_keyword mk  (cost=0.00..81003.12 rows=1863095 width=4) (actual time=0.025..1597.310 rows=1868363 loops=1)
                    Filter: (keyword_id > 7365)
                    Rows Removed by Filter: 2655567
              ->  Hash  (cost=73925.90..73925.90 rows=174902 width=4) (actual time=1393.958..1393.958 rows=160286 loops=1)
                    Buckets: 131072  Batches: 4  Memory Usage: 2442kB
                    ->  Seq Scan on title t  (cost=0.00..73925.90 rows=174902 width=4) (actual time=311.909..1336.354 rows=160286 loops=1)
                          Filter: ((production_year > 2008) AND (kind_id = 1))
                          Rows Removed by Filter: 2368026
Planning time: 1.119 ms
Execution time: 20850.119 ms
