Hash Join  (cost=100978.87..852217.60 rows=44961 width=0) (actual time=1568.039..17392.894 rows=96465 loops=1)
  Hash Cond: (ci.movie_id = t.id)
  ->  Seq Scan on cast_info ci  (cost=0.00..614943.12 rows=36225612 width=4) (actual time=0.023..8618.289 rows=36244344 loops=1)
  ->  Hash  (cost=100939.64..100939.64 rows=3138 width=8) (actual time=1567.436..1567.436 rows=4359 loops=1)
        Buckets: 8192 (originally 4096)  Batches: 1 (originally 1)  Memory Usage: 235kB
        ->  Hash Join  (cost=73997.78..100939.64 rows=3138 width=8) (actual time=963.988..1565.578 rows=4359 loops=1)
              Hash Cond: (mi_idx.movie_id = t.id)
              ->  Seq Scan on movie_info_idx mi_idx  (cost=0.00..21735.35 rows=1380035 width=4) (actual time=0.013..319.151 rows=1380035 loops=1)
              ->  Hash  (cost=73925.90..73925.90 rows=5750 width=4) (actual time=963.915..963.915 rows=8526 loops=1)
                    Buckets: 16384 (originally 8192)  Batches: 1 (originally 1)  Memory Usage: 428kB
                    ->  Seq Scan on title t  (cost=0.00..73925.90 rows=5750 width=4) (actual time=0.072..960.336 rows=8526 loops=1)
                          Filter: ((kind_id = 4) AND (production_year = 2008))
                          Rows Removed by Filter: 2519786
Planning time: 1.171 ms
Execution time: 17409.042 ms
