Seq Scan on movie_keyword mk  (cost=0.00..81003.12 rows=3557065 width=0) (actual time=0.024..1617.329 rows=3550356 loops=1)
  Filter: (keyword_id < 19309)
  Rows Removed by Filter: 973574
Planning time: 0.321 ms
Execution time: 2051.098 ms
