Seq Scan on title t  (cost=0.00..73925.90 rows=1665249 width=0) (actual time=0.014..4228.846 rows=1709250 loops=1)
  Filter: ((kind_id > 2) AND (production_year > 1918))
  Rows Removed by Filter: 819062
Planning time: 0.297 ms
Execution time: 4521.128 ms
