Seq Scan on cast_info ci  (cost=0.00..705507.15 rows=500 width=0) (actual time=1857.215..11324.666 rows=664 loops=1)
  Filter: (person_id = 1708762)
  Rows Removed by Filter: 36243680
Planning time: 0.344 ms
Execution time: 11324.899 ms
