Hash Join  (cost=715460.16..2363537.18 rows=50284631 width=0) (actual time=17367.973..60075.595 rows=51210073 loops=1)
  Hash Cond: (ci.movie_id = t.id)
  ->  Seq Scan on cast_info ci  (cost=0.00..705507.15 rows=23499554 width=4) (actual time=0.021..15287.658 rows=23573656 loops=1)
        Filter: (role_id > 1)
        Rows Removed by Filter: 12670688
  ->  Hash  (cost=626692.00..626692.00 rows=5410573 width=8) (actual time=17366.229..17366.229 rows=3094263 loops=1)
        Buckets: 131072  Batches: 128  Memory Usage: 1984kB
        ->  Hash Join  (cost=89154.34..626692.00 rows=5410573 width=8) (actual time=1791.720..16058.715 rows=3094263 loops=1)
              Hash Cond: (mi.movie_id = t.id)
              ->  Seq Scan on movie_info mi  (cost=0.00..309384.22 rows=14739122 width=4) (actual time=0.020..5797.328 rows=14835720 loops=1)
              ->  Hash  (cost=73925.90..73925.90 rows=928195 width=4) (actual time=1790.797..1790.797 rows=1004724 loops=1)
                    Buckets: 131072  Batches: 16  Memory Usage: 3245kB
                    ->  Seq Scan on title t  (cost=0.00..73925.90 rows=928195 width=4) (actual time=2.415..1466.588 rows=1004724 loops=1)
                          Filter: ((kind_id > 1) AND (production_year > 2002))
                          Rows Removed by Filter: 1523588
Planning time: 1.197 ms
Execution time: 65896.062 ms
