Seq Scan on cast_info ci  (cost=0.00..796071.18 rows=22220997 width=0) (actual time=0.019..16712.826 rows=23030885 loops=1)
  Filter: ((person_id > 187846) AND (role_id > 1))
  Rows Removed by Filter: 13213459
Planning time: 0.250 ms
Execution time: 19381.079 ms
