Seq Scan on cast_info ci  (cost=0.00..796071.18 rows=9781347 width=0) (actual time=0.022..13676.004 rows=4181222 loops=1)
  Filter: ((person_id < 1476154) AND (role_id > 1))
  Rows Removed by Filter: 32063122
Planning time: 0.341 ms
Execution time: 14199.995 ms
