Hash Join  (cost=242349.76..334517.91 rows=1241762 width=0) (actual time=13635.306..22563.025 rows=9207711 loops=1)
  Hash Cond: (mc.movie_id = t.id)
  ->  Seq Scan on movie_companies mc  (cost=0.00..44881.29 rows=2609129 width=4) (actual time=0.011..3083.904 rows=2609129 loops=1)
  ->  Hash  (cost=222606.25..222606.25 rows=1203401 width=8) (actual time=13634.236..13634.236 rows=1211639 loops=1)
        Buckets: 131072  Batches: 16  Memory Usage: 4046kB
        ->  Hash Join  (cost=102767.86..222606.25 rows=1203401 width=8) (actual time=5665.433..13220.341 rows=1211639 loops=1)
              Hash Cond: (mk.movie_id = t.id)
              ->  Seq Scan on movie_keyword mk  (cost=0.00..81003.12 rows=1203401 width=4) (actual time=0.025..5257.223 rows=1211639 loops=1)
                    Filter: (keyword_id > 15085)
                    Rows Removed by Filter: 3312291
              ->  Hash  (cost=61283.27..61283.27 rows=2528527 width=4) (actual time=5647.286..5647.286 rows=2528312 loops=1)
                    Buckets: 131072  Batches: 64  Memory Usage: 2425kB
                    ->  Seq Scan on title t  (cost=0.00..61283.27 rows=2528527 width=4) (actual time=1.807..4187.473 rows=2528312 loops=1)
Planning time: 1.107 ms
Execution time: 23830.513 ms
