Hash Join  (cost=201159.35..247438.62 rows=500479 width=0) (actual time=4303.347..5925.640 rows=1563935 loops=1)
  Hash Cond: (mi_idx.movie_id = t.id)
  ->  Seq Scan on movie_info_idx mi_idx  (cost=0.00..21735.35 rows=1380035 width=4) (actual time=0.018..490.318 rows=1380035 loops=1)
  ->  Hash  (cost=186115.01..186115.01 rows=916987 width=8) (actual time=4302.304..4302.304 rows=918590 loops=1)
        Buckets: 131072  Batches: 16  Memory Usage: 3247kB
        ->  Hash Join  (cost=102767.86..186115.01 rows=916987 width=8) (actual time=1884.990..4030.608 rows=918590 loops=1)
              Hash Cond: (mc.movie_id = t.id)
              ->  Seq Scan on movie_companies mc  (cost=0.00..51404.11 rows=916987 width=4) (actual time=0.020..989.762 rows=918590 loops=1)
                    Filter: (company_id < 3139)
                    Rows Removed by Filter: 1690539
              ->  Hash  (cost=61283.27..61283.27 rows=2528527 width=4) (actual time=1883.164..1883.164 rows=2528312 loops=1)
                    Buckets: 131072  Batches: 64  Memory Usage: 2415kB
                    ->  Seq Scan on title t  (cost=0.00..61283.27 rows=2528527 width=4) (actual time=0.014..1049.313 rows=2528312 loops=1)
Planning time: 1.110 ms
Execution time: 6107.142 ms
