Nested Loop  (cost=0.43..83071.67 rows=246 width=0) (actual time=1.134..1237.312 rows=1068 loops=1)
  ->  Seq Scan on movie_keyword mk  (cost=0.00..81003.12 rows=246 width=4) (actual time=1.083..1171.002 rows=1068 loops=1)
        Filter: (keyword_id = 4964)
        Rows Removed by Filter: 4522862
  ->  Index Only Scan using title_pkey on title t  (cost=0.43..8.40 rows=1 width=4) (actual time=0.060..0.061 rows=1 loops=1068)
        Index Cond: (id = mk.movie_id)
        Heap Fetches: 1068
Planning time: 0.552 ms
Execution time: 1237.796 ms
