Hash Join  (cost=115000.36..482955.81 rows=329952 width=0) (actual time=2438.352..13773.464 rows=2600364 loops=1)
  Hash Cond: (mi.movie_id = t.id)
  ->  Seq Scan on movie_info mi  (cost=0.00..309384.22 rows=14739122 width=4) (actual time=0.018..4837.159 rows=14835720 loops=1)
  ->  Hash  (cost=114292.81..114292.81 rows=56604 width=8) (actual time=2437.131..2437.131 rows=129658 loops=1)
        Buckets: 131072 (originally 65536)  Batches: 2 (originally 1)  Memory Usage: 3552kB
        ->  Hash Join  (cost=75628.29..114292.81 rows=56604 width=8) (actual time=1299.792..2390.700 rows=129658 loops=1)
              Hash Cond: (mi_idx.movie_id = t.id)
              ->  Seq Scan on movie_info_idx mi_idx  (cost=0.00..21735.35 rows=1380035 width=4) (actual time=0.020..480.791 rows=1380035 loops=1)
              ->  Hash  (cost=73925.90..73925.90 rows=103711 width=4) (actual time=1298.485..1298.485 rows=203434 loops=1)
                    Buckets: 131072 (originally 131072)  Batches: 4 (originally 2)  Memory Usage: 3073kB
                    ->  Seq Scan on title t  (cost=0.00..73925.90 rows=103711 width=4) (actual time=0.019..1225.669 rows=203434 loops=1)
                          Filter: ((kind_id < 7) AND (production_year < 1962))
                          Rows Removed by Filter: 2324878
Planning time: 1.206 ms
Execution time: 14054.621 ms
