Seq Scan on movie_keyword mk  (cost=0.00..81003.12 rows=1564358 width=0) (actual time=0.024..1508.611 rows=1571953 loops=1)
  Filter: (keyword_id < 2372)
  Rows Removed by Filter: 2951977
Planning time: 0.313 ms
Execution time: 1702.344 ms
