Hash Join  (cost=102767.86..176267.48 rows=236596 width=0) (actual time=2222.410..3646.006 rows=353292 loops=1)
  Hash Cond: (mc.movie_id = t.id)
  ->  Seq Scan on movie_companies mc  (cost=0.00..57926.93 rows=236596 width=4) (actual time=271.088..994.085 rows=353292 loops=1)
        Filter: ((company_id < 424) AND (company_type_id = 1))
        Rows Removed by Filter: 2255837
  ->  Hash  (cost=61283.27..61283.27 rows=2528527 width=4) (actual time=1949.929..1949.929 rows=2528312 loops=1)
        Buckets: 131072  Batches: 64  Memory Usage: 2415kB
        ->  Seq Scan on title t  (cost=0.00..61283.27 rows=2528527 width=4) (actual time=0.014..1115.628 rows=2528312 loops=1)
Planning time: 3.883 ms
Execution time: 3689.153 ms
