Seq Scan on movie_keyword mk  (cost=0.00..81003.12 rows=3840748 width=0) (actual time=0.025..1424.174 rows=3842277 loops=1)
  Filter: (keyword_id > 561)
  Rows Removed by Filter: 681653
Planning time: 0.323 ms
Execution time: 1854.543 ms
