Nested Loop  (cost=0.43..83072.90 rows=4 width=0) (actual time=221.374..1339.134 rows=3 loops=1)
  ->  Seq Scan on movie_keyword mk  (cost=0.00..81003.12 rows=246 width=4) (actual time=2.017..1333.640 rows=177 loops=1)
        Filter: (keyword_id = 16966)
        Rows Removed by Filter: 4523753
  ->  Index Scan using title_pkey on title t  (cost=0.43..8.40 rows=1 width=4) (actual time=0.028..0.028 rows=0 loops=177)
        Index Cond: (id = mk.movie_id)
        Filter: ((production_year < 2001) AND (kind_id = 3))
        Rows Removed by Filter: 1
Planning time: 4.829 ms
Execution time: 1339.277 ms
