Hash Join  (cost=129928.86..758765.72 rows=5897221 width=169) (actual time=4951.998..18859.816 rows=5884963 loops=1)
  Hash Cond: (mi.movie_id = t.id)
  ->  Seq Scan on movie_info mi  (cost=0.00..346232.03 rows=5897221 width=75) (actual time=1715.615..7213.189 rows=5884963 loops=1)
        Filter: (info_type_id < 7)
        Rows Removed by Filter: 8950757
  ->  Hash  (cost=61283.27..61283.27 rows=2528527 width=94) (actual time=3235.750..3235.750 rows=2528312 loops=1)
        Buckets: 32768  Batches: 128  Memory Usage: 2470kB
        ->  Seq Scan on title t  (cost=0.00..61283.27 rows=2528527 width=94) (actual time=0.019..1600.797 rows=2528312 loops=1)
Planning time: 0.940 ms
Execution time: 19143.876 ms
