Hash Join  (cost=99161.12..204833.21 rows=1984715 width=0) (actual time=5321.192..11281.069 rows=2175302 loops=1)
  Hash Cond: (mc.movie_id = t.id)
  ->  Seq Scan on movie_companies mc  (cost=0.00..44881.29 rows=2609129 width=4) (actual time=0.022..2782.000 rows=2609129 loops=1)
  ->  Hash  (cost=67604.59..67604.59 rows=1923403 width=4) (actual time=5320.418..5320.418 rows=1922849 loops=1)
        Buckets: 131072  Batches: 32  Memory Usage: 3132kB
        ->  Seq Scan on title t  (cost=0.00..67604.59 rows=1923403 width=4) (actual time=0.018..4385.283 rows=1922849 loops=1)
              Filter: (production_year < 2010)
              Rows Removed by Filter: 605463
Planning time: 0.734 ms
Execution time: 11599.724 ms
