Hash Join  (cost=307967.30..1000318.04 rows=16466201 width=0) (actual time=6915.803..52778.166 rows=142428859 loops=1)
  Hash Cond: (mi.movie_id = t.id)
  ->  Seq Scan on movie_info mi  (cost=0.00..309384.22 rows=14739122 width=4) (actual time=0.014..6121.645 rows=14835720 loops=1)
  ->  Hash  (cost=261622.16..261622.16 rows=2824811 width=8) (actual time=6914.233..6914.233 rows=2813348 loops=1)
        Buckets: 131072  Batches: 64  Memory Usage: 2838kB
        ->  Hash Join  (cost=102767.86..261622.16 rows=2824811 width=8) (actual time=1930.969..6095.438 rows=2813348 loops=1)
              Hash Cond: (mk.movie_id = t.id)
              ->  Seq Scan on movie_keyword mk  (cost=0.00..81003.12 rows=2824811 width=4) (actual time=0.020..1601.213 rows=2813348 loops=1)
                    Filter: (keyword_id < 8392)
                    Rows Removed by Filter: 1710582
              ->  Hash  (cost=61283.27..61283.27 rows=2528527 width=4) (actual time=1929.510..1929.510 rows=2528312 loops=1)
                    Buckets: 131072  Batches: 64  Memory Usage: 2425kB
                    ->  Seq Scan on title t  (cost=0.00..61283.27 rows=2528527 width=4) (actual time=0.028..1051.198 rows=2528312 loops=1)
Planning time: 1.129 ms
Execution time: 68630.827 ms
