Seq Scan on movie_keyword mk  (cost=0.00..81003.12 rows=246 width=0) (actual time=1.409..1261.088 rows=113 loops=1)
  Filter: (keyword_id = 30469)
  Rows Removed by Filter: 4523817
Planning time: 0.385 ms
Execution time: 1261.258 ms
