Hash Join  (cost=92883.59..1008829.57 rows=6588643 width=0) (actual time=1767.001..22248.185 rows=6132483 loops=1)
  Hash Cond: (ci.movie_id = t.id)
  ->  Seq Scan on cast_info ci  (cost=0.00..705507.15 rows=10812280 width=4) (actual time=0.025..12376.620 rows=10675088 loops=1)
        Filter: (person_id < 1047439)
        Rows Removed by Filter: 25569256
  ->  Hash  (cost=67604.59..67604.59 rows=1540800 width=4) (actual time=1765.955..1765.955 rows=1543264 loops=1)
        Buckets: 131072  Batches: 32  Memory Usage: 2722kB
        ->  Seq Scan on title t  (cost=0.00..67604.59 rows=1540800 width=4) (actual time=0.020..1278.761 rows=1543264 loops=1)
              Filter: (kind_id = 7)
              Rows Removed by Filter: 985048
Planning time: 0.782 ms
Execution time: 22877.000 ms
