Hash Join  (cost=107304.72..194342.04 rows=37928 width=0) (actual time=2093.253..3674.173 rows=230 loops=1)
  Hash Cond: (mk.movie_id = t.id)
  ->  Seq Scan on movie_keyword mk  (cost=0.00..69693.30 rows=4523930 width=4) (actual time=0.017..1035.844 rows=4523930 loops=1)
  ->  Hash  (cost=107039.73..107039.73 rows=21199 width=8) (actual time=1840.438..1840.438 rows=92 loops=1)
        Buckets: 32768  Batches: 1  Memory Usage: 260kB
        ->  Hash Join  (cost=75819.18..107039.73 rows=21199 width=8) (actual time=1265.541..1840.123 rows=92 loops=1)
              Hash Cond: (mi_idx.movie_id = t.id)
              ->  Seq Scan on movie_info_idx mi_idx  (cost=0.00..25185.44 rows=464566 width=4) (actual time=0.025..425.358 rows=459925 loops=1)
                    Filter: (info_type_id = 101)
                    Rows Removed by Filter: 920110
              ->  Hash  (cost=73925.90..73925.90 rows=115382 width=4) (actual time=1258.482..1258.482 rows=1393 loops=1)
                    Buckets: 131072  Batches: 2  Memory Usage: 1049kB
                    ->  Seq Scan on title t  (cost=0.00..73925.90 rows=115382 width=4) (actual time=0.762..1257.408 rows=1393 loops=1)
                          Filter: ((kind_id > 1) AND (production_year < 1949))
                          Rows Removed by Filter: 2526919
Planning time: 1.166 ms
Execution time: 3674.403 ms
