Hash Join  (cost=73994.33..130555.55 rows=2960 width=0) (actual time=1152.028..2401.216 rows=7573 loops=1)
  Hash Cond: (mc.movie_id = t.id)
  ->  Seq Scan on movie_companies mc  (cost=0.00..51404.11 rows=1367336 width=4) (actual time=0.022..975.390 rows=1352075 loops=1)
        Filter: (company_id < 11617)
        Rows Removed by Filter: 1257054
  ->  Hash  (cost=73925.90..73925.90 rows=5474 width=4) (actual time=1151.859..1151.859 rows=10482 loops=1)
        Buckets: 16384 (originally 8192)  Batches: 1 (originally 1)  Memory Usage: 497kB
        ->  Seq Scan on title t  (cost=0.00..73925.90 rows=5474 width=4) (actual time=0.023..1146.436 rows=10482 loops=1)
              Filter: ((kind_id > 1) AND (production_year = 1982))
              Rows Removed by Filter: 2517830
Planning time: 0.768 ms
Execution time: 2402.718 ms
