Seq Scan on movie_companies mc  (cost=0.00..51404.11 rows=454424 width=0) (actual time=0.029..841.597 rows=457494 loops=1)
  Filter: (company_id > 76746)
  Rows Removed by Filter: 2151635
Planning time: 0.332 ms
Execution time: 898.371 ms
