Hash Join  (cost=142184.61..255991.20 rows=273132 width=0) (actual time=3846.988..5608.748 rows=223107 loops=1)
  Hash Cond: (mk.movie_id = t.id)
  ->  Seq Scan on movie_keyword mk  (cost=0.00..81003.12 rows=2507772 width=4) (actual time=0.022..1634.856 rows=2502815 loops=1)
        Filter: (keyword_id > 3617)
        Rows Removed by Filter: 2021115
  ->  Hash  (cost=137666.20..137666.20 rows=275393 width=8) (actual time=3023.274..3023.274 rows=141856 loops=1)
        Buckets: 131072  Batches: 4  Memory Usage: 2413kB
        ->  Hash Join  (cost=98498.33..137666.20 rows=275393 width=8) (actual time=1983.628..2975.591 rows=141856 loops=1)
              Hash Cond: (mi_idx.movie_id = t.id)
              ->  Seq Scan on movie_info_idx mi_idx  (cost=0.00..25185.44 rows=464934 width=4) (actual time=0.011..484.860 rows=460185 loops=1)
                    Filter: (info_type_id > 100)
                    Rows Removed by Filter: 919850
              ->  Hash  (cost=73925.90..73925.90 rows=1497714 width=4) (actual time=1982.523..1982.523 rows=1478440 loops=1)
                    Buckets: 131072  Batches: 32  Memory Usage: 2651kB
                    ->  Seq Scan on title t  (cost=0.00..73925.90 rows=1497714 width=4) (actual time=242.194..1508.639 rows=1478440 loops=1)
                          Filter: ((production_year > 0) AND (kind_id = 7))
                          Rows Removed by Filter: 1049872
Planning time: 1.174 ms
Execution time: 5632.775 ms
