Seq Scan on movie_companies mc  (cost=0.00..57926.93 rows=831042 width=0) (actual time=160.112..998.973 rows=521042 loops=1)
  Filter: ((company_id < 17068) AND (company_type_id = 2))
  Rows Removed by Filter: 2088087
Planning time: 0.258 ms
Execution time: 1061.465 ms
