Seq Scan on movie_keyword mk  (cost=0.00..81003.12 rows=588665 width=0) (actual time=0.019..1349.475 rows=587943 loops=1)
  Filter: (keyword_id > 31227)
  Rows Removed by Filter: 3935987
Planning time: 0.299 ms
Execution time: 1425.286 ms
