Nested Loop  (cost=0.43..58358.52 rows=17 width=0) (actual time=2.629..949.595 rows=16 loops=1)
  ->  Seq Scan on movie_companies mc  (cost=0.00..57926.93 rows=51 width=4) (actual time=0.781..929.876 rows=520 loops=1)
        Filter: ((company_type_id < 2) AND (company_id = 5898))
        Rows Removed by Filter: 2608609
  ->  Index Scan using title_pkey on title t  (cost=0.43..8.45 rows=1 width=4) (actual time=0.037..0.037 rows=0 loops=520)
        Index Cond: (id = mc.movie_id)
        Filter: ((kind_id > 1) AND (production_year < 2002))
        Rows Removed by Filter: 1
Planning time: 0.980 ms
Execution time: 949.707 ms
