Hash Join  (cost=491644.87..617659.63 rows=907591 width=0) (actual time=8857.009..12543.355 rows=2866792 loops=1)
  Hash Cond: (mk.movie_id = t.id)
  ->  Seq Scan on movie_keyword mk  (cost=0.00..81003.12 rows=2834328 width=4) (actual time=0.025..1589.309 rows=2827081 loops=1)
        Filter: (keyword_id > 2632)
        Rows Removed by Filter: 1696849
  ->  Hash  (cost=478361.00..478361.00 rows=809669 width=8) (actual time=8856.195..8856.195 rows=802140 loops=1)
        Buckets: 131072  Batches: 16  Memory Usage: 2985kB
        ->  Hash Join  (cost=102767.86..478361.00 rows=809669 width=8) (actual time=5579.861..8658.050 rows=802140 loops=1)
              Hash Cond: (mi.movie_id = t.id)
              ->  Seq Scan on movie_info mi  (cost=0.00..346232.03 rows=809669 width=4) (actual time=3035.926..5150.623 rows=802140 loops=1)
                    Filter: (info_type_id = 1)
                    Rows Removed by Filter: 14033580
              ->  Hash  (cost=61283.27..61283.27 rows=2528527 width=4) (actual time=2542.976..2542.976 rows=2528312 loops=1)
                    Buckets: 131072  Batches: 64  Memory Usage: 2425kB
                    ->  Seq Scan on title t  (cost=0.00..61283.27 rows=2528527 width=4) (actual time=0.024..1005.176 rows=2528312 loops=1)
Planning time: 1.239 ms
Execution time: 12891.596 ms
