Hash Join  (cost=156487.41..222698.12 rows=88284 width=0) (actual time=4126.408..5045.947 rows=99723 loops=1)
  Hash Cond: (mc.movie_id = t.id)
  ->  Seq Scan on movie_companies mc  (cost=0.00..57926.93 rows=484249 width=4) (actual time=209.607..966.570 rows=180025 loops=1)
        Filter: ((company_id > 16776) AND (company_type_id < 2))
        Rows Removed by Filter: 2429104
  ->  Hash  (cost=148924.19..148924.19 rows=460978 width=8) (actual time=3915.953..3915.953 rows=459925 loops=1)
        Buckets: 131072  Batches: 8  Memory Usage: 3275kB
        ->  Hash Join  (cost=102767.86..148924.19 rows=460978 width=8) (actual time=1940.099..3784.548 rows=459925 loops=1)
              Hash Cond: (mi_idx.movie_id = t.id)
              ->  Seq Scan on movie_info_idx mi_idx  (cost=0.00..25185.44 rows=460978 width=4) (actual time=0.022..442.161 rows=459925 loops=1)
                    Filter: (info_type_id < 100)
                    Rows Removed by Filter: 920110
              ->  Hash  (cost=61283.27..61283.27 rows=2528527 width=4) (actual time=1938.864..1938.864 rows=2528312 loops=1)
                    Buckets: 131072  Batches: 64  Memory Usage: 2415kB
                    ->  Seq Scan on title t  (cost=0.00..61283.27 rows=2528527 width=4) (actual time=0.023..1094.340 rows=2528312 loops=1)
Planning time: 1.056 ms
Execution time: 5057.338 ms
