Hash Join  (cost=102767.86..1365948.92 rows=22765533 width=0) (actual time=3948.089..36565.626 rows=22822667 loops=1)
  Hash Cond: (ci.movie_id = t.id)
  ->  Seq Scan on cast_info ci  (cost=0.00..705507.15 rows=22765533 width=4) (actual time=2035.915..15277.086 rows=22822667 loops=1)
        Filter: (person_id > 1323115)
        Rows Removed by Filter: 13421677
  ->  Hash  (cost=61283.27..61283.27 rows=2528527 width=4) (actual time=1910.727..1910.727 rows=2528312 loops=1)
        Buckets: 131072  Batches: 64  Memory Usage: 2415kB
        ->  Seq Scan on title t  (cost=0.00..61283.27 rows=2528527 width=4) (actual time=0.030..1063.744 rows=2528312 loops=1)
Planning time: 0.766 ms
Execution time: 39241.006 ms
