Hash Join  (cost=652103.99..2396663.77 rows=47149059 width=0) (actual time=14423.764..55611.983 rows=32194107 loops=1)
  Hash Cond: (ci.movie_id = t.id)
  ->  Seq Scan on cast_info ci  (cost=0.00..614943.12 rows=36225612 width=4) (actual time=0.020..13130.883 rows=36244344 loops=1)
  ->  Hash  (cost=598110.78..598110.78 rows=3290977 width=8) (actual time=14421.268..14421.268 rows=1690806 loops=1)
        Buckets: 131072  Batches: 64  Memory Usage: 2016kB
        ->  Hash Join  (cost=83189.08..598110.78 rows=3290977 width=8) (actual time=1200.228..13965.584 rows=1690806 loops=1)
              Hash Cond: (mi.movie_id = t.id)
              ->  Seq Scan on movie_info mi  (cost=0.00..309384.22 rows=14739122 width=4) (actual time=0.024..5861.453 rows=14835720 loops=1)
              ->  Hash  (cost=73925.90..73925.90 rows=564574 width=4) (actual time=1198.691..1198.691 rows=454234 loops=1)
                    Buckets: 131072  Batches: 8  Memory Usage: 3010kB
                    ->  Seq Scan on title t  (cost=0.00..73925.90 rows=564574 width=4) (actual time=0.017..1055.574 rows=454234 loops=1)
                          Filter: ((production_year < 1998) AND (kind_id = 7))
                          Rows Removed by Filter: 2074078
Planning time: 3.027 ms
Execution time: 59205.672 ms
