Seq Scan on movie_keyword mk  (cost=0.00..81003.12 rows=353816 width=0) (actual time=0.034..1205.272 rows=351026 loops=1)
  Filter: (keyword_id > 47428)
  Rows Removed by Filter: 4172904
Planning time: 0.320 ms
Execution time: 1248.907 ms
