Seq Scan on cast_info ci  (cost=0.00..705507.15 rows=5960925 width=0) (actual time=0.027..11076.799 rows=5867122 loops=1)
  Filter: (person_id < 568192)
  Rows Removed by Filter: 30377222
Planning time: 0.286 ms
Execution time: 11827.940 ms
