Hash Join  (cost=82131.75..1327683.09 rows=12473416 width=0) (actual time=1661.238..39865.614 rows=11598102 loops=1)
  Hash Cond: (ci.movie_id = t.id)
  ->  Seq Scan on cast_info ci  (cost=0.00..705507.15 rows=35619474 width=4) (actual time=0.022..16617.798 rows=35739382 loops=1)
        Filter: (person_id > 56075)
        Rows Removed by Filter: 504962
  ->  Hash  (cost=67604.59..67604.59 rows=885453 width=4) (actual time=1660.567..1660.567 rows=885650 loops=1)
        Buckets: 131072  Batches: 16  Memory Usage: 2972kB
        ->  Seq Scan on title t  (cost=0.00..67604.59 rows=885453 width=4) (actual time=0.020..1366.016 rows=885650 loops=1)
              Filter: (production_year < 1997)
              Rows Removed by Filter: 1642662
Planning time: 0.691 ms
Execution time: 41234.110 ms
