Seq Scan on movie_keyword mk  (cost=0.00..81003.12 rows=1200965 width=0) (actual time=0.016..1357.700 rows=1209962 loops=1)
  Filter: (keyword_id > 15133)
  Rows Removed by Filter: 3313968
Planning time: 0.283 ms
Execution time: 1516.048 ms
