Hash Join  (cost=73982.55..100904.92 rows=826 width=0) (actual time=1243.023..1680.036 rows=812 loops=1)
  Hash Cond: (mi_idx.movie_id = t.id)
  ->  Seq Scan on movie_info_idx mi_idx  (cost=0.00..25185.44 rows=460978 width=4) (actual time=0.021..459.257 rows=459925 loops=1)
        Filter: (info_type_id = 99)
        Rows Removed by Filter: 920110
  ->  Hash  (cost=73925.90..73925.90 rows=4532 width=4) (actual time=1125.773..1125.773 rows=7634 loops=1)
        Buckets: 8192  Batches: 1  Memory Usage: 333kB
        ->  Seq Scan on title t  (cost=0.00..73925.90 rows=4532 width=4) (actual time=0.319..1121.942 rows=7634 loops=1)
              Filter: ((kind_id = 7) AND (production_year = 1972))
              Rows Removed by Filter: 2520678
Planning time: 1.088 ms
Execution time: 1680.234 ms
