Hash Join  (cost=190230.21..307898.76 rows=1002821 width=0) (actual time=4344.258..8181.135 rows=4245795 loops=1)
  Hash Cond: (mk.movie_id = t.id)
  ->  Seq Scan on movie_keyword mk  (cost=0.00..81003.12 rows=1837389 width=4) (actual time=0.023..1490.305 rows=1842157 loops=1)
        Filter: (keyword_id > 7542)
        Rows Removed by Filter: 2681773
  ->  Hash  (cost=167588.78..167588.78 rows=1380035 width=8) (actual time=4342.639..4342.639 rows=1380035 loops=1)
        Buckets: 131072  Batches: 32  Memory Usage: 2726kB
        ->  Hash Join  (cost=102767.86..167588.78 rows=1380035 width=8) (actual time=1979.337..3947.385 rows=1380035 loops=1)
              Hash Cond: (mi_idx.movie_id = t.id)
              ->  Seq Scan on movie_info_idx mi_idx  (cost=0.00..21735.35 rows=1380035 width=4) (actual time=0.021..488.888 rows=1380035 loops=1)
              ->  Hash  (cost=61283.27..61283.27 rows=2528527 width=4) (actual time=1977.907..1977.907 rows=2528312 loops=1)
                    Buckets: 131072  Batches: 64  Memory Usage: 2415kB
                    ->  Seq Scan on title t  (cost=0.00..61283.27 rows=2528527 width=4) (actual time=0.024..1107.627 rows=2528312 loops=1)
Planning time: 1.115 ms
Execution time: 8676.654 ms
