Hash Join  (cost=179837.09..316434.41 rows=1197928 width=0) (actual time=4623.017..14715.340 rows=29935211 loops=1)
  Hash Cond: (mk.movie_id = t.id)
  ->  Seq Scan on movie_keyword mk  (cost=0.00..69693.30 rows=4523930 width=4) (actual time=0.018..1499.286 rows=4523930 loops=1)
  ->  Hash  (cost=168851.73..168851.73 rows=669549 width=8) (actual time=4621.965..4621.965 rows=1297289 loops=1)
        Buckets: 131072 (originally 131072)  Batches: 32 (originally 16)  Memory Usage: 3073kB
        ->  Hash Join  (cost=84571.72..168851.73 rows=669549 width=8) (actual time=1575.365..4214.906 rows=1297289 loops=1)
              Hash Cond: (mc.movie_id = t.id)
              ->  Seq Scan on movie_companies mc  (cost=0.00..44881.29 rows=2609129 width=4) (actual time=0.025..895.024 rows=2609129 loops=1)
              ->  Hash  (cost=73925.90..73925.90 rows=648865 width=4) (actual time=1574.365..1574.365 rows=656311 loops=1)
                    Buckets: 131072  Batches: 16  Memory Usage: 2462kB
                    ->  Seq Scan on title t  (cost=0.00..73925.90 rows=648865 width=4) (actual time=0.024..1369.341 rows=656311 loops=1)
                          Filter: ((production_year > 0) AND (kind_id = 1))
                          Rows Removed by Filter: 1872001
Planning time: 1.098 ms
Execution time: 17924.053 ms
