Nested Loop  (cost=0.43..799702.19 rows=435 width=0) (actual time=322.620..14403.869 rows=636 loops=1)
  ->  Seq Scan on cast_info ci  (cost=0.00..796071.18 rows=435 width=4) (actual time=322.494..14394.915 rows=636 loops=1)
        Filter: ((role_id < 10) AND (person_id = 749146))
        Rows Removed by Filter: 36243708
  ->  Index Only Scan using title_pkey on title t  (cost=0.43..8.34 rows=1 width=4) (actual time=0.013..0.013 rows=1 loops=636)
        Index Cond: (id = ci.movie_id)
        Heap Fetches: 636
Planning time: 0.738 ms
Execution time: 14404.090 ms
