Seq Scan on cast_info ci  (cost=0.00..796071.18 rows=21894730 width=0) (actual time=866.881..14317.377 rows=24731581 loops=1)
  Filter: ((person_id < 2698858) AND (role_id < 9))
  Rows Removed by Filter: 11512763
Planning time: 0.296 ms
Execution time: 17054.793 ms
