Seq Scan on movie_keyword mk  (cost=0.00..81003.12 rows=2485478 width=0) (actual time=0.018..4538.179 rows=2480656 loops=1)
  Filter: (keyword_id > 3644)
  Rows Removed by Filter: 2043274
Planning time: 3.075 ms
Execution time: 4989.355 ms
