Hash Join  (cost=102767.86..192474.00 rows=910105 width=0) (actual time=2014.006..4095.089 rows=748371 loops=1)
  Hash Cond: (mc.movie_id = t.id)
  ->  Seq Scan on movie_companies mc  (cost=0.00..57926.93 rows=910105 width=4) (actual time=0.028..1075.662 rows=748371 loops=1)
        Filter: ((company_id > 1451) AND (company_type_id < 2))
        Rows Removed by Filter: 1860758
  ->  Hash  (cost=61283.27..61283.27 rows=2528527 width=4) (actual time=2013.086..2013.086 rows=2528312 loops=1)
        Buckets: 131072  Batches: 64  Memory Usage: 2415kB
        ->  Seq Scan on title t  (cost=0.00..61283.27 rows=2528527 width=4) (actual time=0.013..1057.445 rows=2528312 loops=1)
Planning time: 0.682 ms
Execution time: 4185.251 ms
