Seq Scan on movie_keyword mk  (cost=0.00..81003.12 rows=2031019 width=0) (actual time=0.016..1469.234 rows=2036827 loops=1)
  Filter: (keyword_id > 6045)
  Rows Removed by Filter: 2487103
Planning time: 0.338 ms
Execution time: 1715.966 ms
