Seq Scan on movie_keyword mk  (cost=0.00..81003.12 rows=177623 width=0) (actual time=0.028..1308.895 rows=175008 loops=1)
  Filter: (keyword_id > 71897)
  Rows Removed by Filter: 4348922
Planning time: 0.274 ms
Execution time: 1331.937 ms
