Hash Join  (cost=217858.32..328018.92 rows=749121 width=0) (actual time=4928.448..8361.221 rows=2631969 loops=1)
  Hash Cond: (mk.movie_id = t.id)
  ->  Seq Scan on movie_keyword mk  (cost=0.00..81003.12 rows=1424605 width=4) (actual time=0.026..1592.739 rows=1439617 loops=1)
        Filter: (keyword_id < 2007)
        Rows Removed by Filter: 3084313
  ->  Hash  (cost=196044.17..196044.17 rows=1329612 width=8) (actual time=4921.046..4921.046 rows=1334883 loops=1)
        Buckets: 131072  Batches: 32  Memory Usage: 2660kB
        ->  Hash Join  (cost=102767.86..196044.17 rows=1329612 width=8) (actual time=1970.399..4531.826 rows=1334883 loops=1)
              Hash Cond: (mc.movie_id = t.id)
              ->  Seq Scan on movie_companies mc  (cost=0.00..51404.11 rows=1329612 width=4) (actual time=0.034..1124.257 rows=1334883 loops=1)
                    Filter: (company_type_id > 1)
                    Rows Removed by Filter: 1274246
              ->  Hash  (cost=61283.27..61283.27 rows=2528527 width=4) (actual time=1968.814..1968.814 rows=2528312 loops=1)
                    Buckets: 131072  Batches: 64  Memory Usage: 2415kB
                    ->  Seq Scan on title t  (cost=0.00..61283.27 rows=2528527 width=4) (actual time=0.016..1135.340 rows=2528312 loops=1)
Planning time: 1.169 ms
Execution time: 8674.579 ms
