Hash Join  (cost=156148.43..646310.69 rows=970533 width=0) (actual time=3133.537..15536.610 rows=1183030 loops=1)
  Hash Cond: (mi.movie_id = t.id)
  ->  Seq Scan on movie_info mi  (cost=0.00..309384.22 rows=14739122 width=4) (actual time=0.012..6028.070 rows=14835720 loops=1)
  ->  Hash  (cost=153416.22..153416.22 rows=166497 width=8) (actual time=3132.461..3132.461 rows=133615 loops=1)
        Buckets: 131072  Batches: 4  Memory Usage: 2341kB
        ->  Hash Join  (cost=81711.23..153416.22 rows=166497 width=8) (actual time=2127.353..3086.816 rows=133615 loops=1)
              Hash Cond: (mc.movie_id = t.id)
              ->  Seq Scan on movie_companies mc  (cost=0.00..57926.93 rows=887223 width=4) (actual time=0.012..1143.625 rows=1199686 loops=1)
                    Filter: ((company_id < 29678) AND (company_type_id = 1))
                    Rows Removed by Filter: 1409443
              ->  Hash  (cost=73925.90..73925.90 rows=474506 width=4) (actual time=1327.942..1327.942 rows=360459 loops=1)
                    Buckets: 131072  Batches: 8  Memory Usage: 2595kB
                    ->  Seq Scan on title t  (cost=0.00..73925.90 rows=474506 width=4) (actual time=0.018..1210.890 rows=360459 loops=1)
                          Filter: ((production_year < 1994) AND (kind_id = 7))
                          Rows Removed by Filter: 2167853
Planning time: 0.967 ms
Execution time: 15666.511 ms
