Hash Join  (cost=83810.17..142898.14 rows=96575 width=0) (actual time=1610.531..2808.229 rows=82584 loops=1)
  Hash Cond: (mc.movie_id = t.id)
  ->  Seq Scan on movie_companies mc  (cost=0.00..51404.11 rows=247226 width=4) (actual time=0.025..882.800 rows=241945 loops=1)
        Filter: (company_id < 109)
        Rows Removed by Filter: 2367184
  ->  Hash  (cost=67604.59..67604.59 rows=987727 width=4) (actual time=1609.193..1609.193 rows=985048 loops=1)
        Buckets: 131072  Batches: 16  Memory Usage: 3188kB
        ->  Seq Scan on title t  (cost=0.00..67604.59 rows=987727 width=4) (actual time=0.018..1305.523 rows=985048 loops=1)
              Filter: (kind_id < 7)
              Rows Removed by Filter: 1543264
Planning time: 0.665 ms
Execution time: 2818.661 ms
