Nested Loop  (cost=0.43..83071.67 rows=246 width=0) (actual time=13.874..1262.717 rows=192 loops=1)
  ->  Seq Scan on movie_keyword mk  (cost=0.00..81003.12 rows=246 width=4) (actual time=13.761..1252.771 rows=192 loops=1)
        Filter: (keyword_id = 24407)
        Rows Removed by Filter: 4523738
  ->  Index Only Scan using title_pkey on title t  (cost=0.43..8.40 rows=1 width=4) (actual time=0.048..0.049 rows=1 loops=192)
        Index Cond: (id = mk.movie_id)
        Heap Fetches: 192
Planning time: 0.672 ms
Execution time: 1262.906 ms
