Seq Scan on movie_keyword mk  (cost=0.00..81003.12 rows=246 width=0) (actual time=2.425..1314.955 rows=130 loops=1)
  Filter: (keyword_id = 14889)
  Rows Removed by Filter: 4523800
Planning time: 0.316 ms
Execution time: 1315.142 ms
