Hash Join  (cost=102767.86..1096011.09 rows=7783634 width=0) (actual time=3373.779..19005.064 rows=2526572 loops=1)
  Hash Cond: (ci.movie_id = t.id)
  ->  Seq Scan on cast_info ci  (cost=0.00..796071.18 rows=7783634 width=4) (actual time=1484.603..14648.464 rows=2526572 loops=1)
        Filter: ((person_id > 1382894) AND (role_id < 2))
        Rows Removed by Filter: 33717772
  ->  Hash  (cost=61283.27..61283.27 rows=2528527 width=4) (actual time=1887.723..1887.723 rows=2528312 loops=1)
        Buckets: 131072  Batches: 64  Memory Usage: 2415kB
        ->  Seq Scan on title t  (cost=0.00..61283.27 rows=2528527 width=4) (actual time=0.016..1095.577 rows=2528312 loops=1)
Planning time: 1.616 ms
Execution time: 19311.842 ms
