Seq Scan on movie_keyword mk  (cost=0.00..81003.12 rows=2985218 width=0) (actual time=0.028..4656.987 rows=2973501 loops=1)
  Filter: (keyword_id > 2276)
  Rows Removed by Filter: 1550429
Planning time: 0.317 ms
Execution time: 5201.944 ms
