Hash Join  (cost=798388.75..853056.44 rows=215 width=0) (actual time=14456.733..15669.570 rows=1017 loops=1)
  Hash Cond: (mc.movie_id = t.id)
  ->  Seq Scan on movie_companies mc  (cost=0.00..44881.29 rows=2609129 width=4) (actual time=0.021..737.307 rows=2609129 loops=1)
  ->  Hash  (cost=798386.14..798386.14 rows=209 width=8) (actual time=14454.935..14454.935 rows=285 loops=1)
        Buckets: 1024  Batches: 1  Memory Usage: 20kB
        ->  Nested Loop  (cost=0.43..798386.14 rows=209 width=8) (actual time=6884.201..14454.762 rows=285 loops=1)
              ->  Seq Scan on cast_info ci  (cost=0.00..796071.18 rows=276 width=4) (actual time=6884.053..14442.616 rows=298 loops=1)
                    Filter: ((role_id < 3) AND (person_id = 256299))
                    Rows Removed by Filter: 36244046
              ->  Index Scan using title_pkey on title t  (cost=0.43..8.38 rows=1 width=4) (actual time=0.040..0.040 rows=1 loops=298)
                    Index Cond: (id = ci.movie_id)
                    Filter: (production_year > 1982)
                    Rows Removed by Filter: 0
Planning time: 5.651 ms
Execution time: 15669.956 ms
