Hash Join  (cost=522239.84..623298.62 rows=1650085 width=0) (actual time=9005.353..12845.812 rows=2886940 loops=1)
  Hash Cond: (mc.movie_id = t.id)
  ->  Seq Scan on movie_companies mc  (cost=0.00..44881.29 rows=2609129 width=4) (actual time=0.016..850.498 rows=2609129 loops=1)
  ->  Hash  (cost=496003.96..496003.96 rows=1599110 width=8) (actual time=9004.140..9004.140 rows=1495053 loops=1)
        Buckets: 131072  Batches: 32  Memory Usage: 2840kB
        ->  Hash Join  (cost=99591.38..496003.96 rows=1599110 width=8) (actual time=2796.123..8527.349 rows=1495053 loops=1)
              Hash Cond: (mi.movie_id = t.id)
              ->  Seq Scan on movie_info mi  (cost=0.00..346232.03 rows=2073893 width=4) (actual time=871.279..4562.143 rows=2091068 loops=1)
                    Filter: (info_type_id < 3)
                    Rows Removed by Filter: 12744652
              ->  Hash  (cost=67604.59..67604.59 rows=1949663 width=4) (actual time=1924.067..1924.067 rows=1947263 loops=1)
                    Buckets: 131072  Batches: 32  Memory Usage: 3180kB
                    ->  Seq Scan on title t  (cost=0.00..67604.59 rows=1949663 width=4) (actual time=0.034..1276.128 rows=1947263 loops=1)
                          Filter: (production_year > 1979)
                          Rows Removed by Filter: 581049
Planning time: 1.109 ms
Execution time: 13180.054 ms
