Hash Join  (cost=28270.40..825396.65 rows=41 width=0) (actual time=477.133..15291.609 rows=144 loops=1)
  Hash Cond: (ci.movie_id = t.id)
  ->  Seq Scan on cast_info ci  (cost=0.00..796071.18 rows=281244 width=4) (actual time=0.028..14806.154 rows=97565 loops=1)
        Filter: ((person_id < 2948272) AND (role_id > 10))
        Rows Removed by Filter: 36146779
  ->  Hash  (cost=28265.80..28265.80 rows=368 width=8) (actual time=471.984..471.984 rows=260 loops=1)
        Buckets: 1024  Batches: 1  Memory Usage: 19kB
        ->  Nested Loop  (cost=0.43..28265.80 rows=368 width=8) (actual time=2.153..471.865 rows=260 loops=1)
              ->  Seq Scan on movie_info_idx mi_idx  (cost=0.00..25185.44 rows=368 width=4) (actual time=2.095..462.382 rows=260 loops=1)
                    Filter: (info_type_id > 101)
                    Rows Removed by Filter: 1379775
              ->  Index Only Scan using title_pkey on title t  (cost=0.43..8.36 rows=1 width=4) (actual time=0.035..0.036 rows=1 loops=260)
                    Index Cond: (id = mi_idx.movie_id)
                    Heap Fetches: 260
Planning time: 1.189 ms
Execution time: 15291.769 ms
