Hash Join  (cost=882910.20..944878.11 rows=22534 width=0) (actual time=16542.200..17382.447 rows=94994 loops=1)
  Hash Cond: (mc.movie_id = t.id)
  ->  Seq Scan on movie_companies mc  (cost=0.00..57926.93 rows=1017503 width=4) (actual time=431.419..1034.596 rows=882019 loops=1)
        Filter: ((company_id > 518) AND (company_type_id = 1))
        Rows Removed by Filter: 1727110
  ->  Hash  (cost=882210.24..882210.24 rows=55997 width=8) (actual time=16108.480..16108.480 rows=52431 loops=1)
        Buckets: 65536  Batches: 1  Memory Usage: 2561kB
        ->  Hash Join  (cost=77961.21..882210.24 rows=55997 width=8) (actual time=5831.164..16088.594 rows=52431 loops=1)
              Hash Cond: (ci.movie_id = t.id)
              ->  Seq Scan on cast_info ci  (cost=0.00..796071.18 rows=575703 width=4) (actual time=4551.007..14559.322 rows=248588 loops=1)
                    Filter: ((person_id < 2368688) AND (role_id = 5))
                    Rows Removed by Filter: 35995756
              ->  Hash  (cost=73925.90..73925.90 rows=245944 width=4) (actual time=1279.047..1279.047 rows=357497 loops=1)
                    Buckets: 131072 (originally 131072)  Batches: 8 (originally 4)  Memory Usage: 3073kB
                    ->  Seq Scan on title t  (cost=0.00..73925.90 rows=245944 width=4) (actual time=0.033..1163.595 rows=357497 loops=1)
                          Filter: ((kind_id < 7) AND (production_year < 1987))
                          Rows Removed by Filter: 2170815
Planning time: 1.205 ms
Execution time: 17395.207 ms
