Seq Scan on cast_info ci  (cost=0.00..705507.15 rows=500 width=0) (actual time=353.592..11020.568 rows=4 loops=1)
  Filter: (person_id = 2812203)
  Rows Removed by Filter: 36244340
Planning time: 0.386 ms
Execution time: 11020.658 ms
