Seq Scan on movie_keyword mk  (cost=0.00..81003.12 rows=2674777 width=0) (actual time=0.025..1057.960 rows=2668768 loops=1)
  Filter: (keyword_id < 7461)
  Rows Removed by Filter: 1855162
Planning time: 0.303 ms
Execution time: 1304.266 ms
