Hash Join  (cost=150735.38..535002.40 rows=193426 width=0) (actual time=5960.793..10711.512 rows=3040820 loops=1)
  Hash Cond: (mi.movie_id = t.id)
  ->  Seq Scan on movie_info mi  (cost=0.00..346232.03 rows=3068194 width=4) (actual time=1621.894..5897.112 rows=3036719 loops=1)
        Filter: (info_type_id = 16)
        Rows Removed by Filter: 11799001
  ->  Hash  (cost=148119.83..148119.83 rows=159404 width=8) (actual time=2906.444..2906.444 rows=184386 loops=1)
        Buckets: 131072  Batches: 4  Memory Usage: 2795kB
        ->  Hash Join  (cost=79094.49..148119.83 rows=159404 width=8) (actual time=1789.837..2848.224 rows=184386 loops=1)
              Hash Cond: (mc.movie_id = t.id)
              ->  Seq Scan on movie_companies mc  (cost=0.00..51404.11 rows=1279517 width=4) (actual time=269.898..1017.453 rows=1274246 loops=1)
                    Filter: (company_type_id = 1)
                    Rows Removed by Filter: 1334883
              ->  Hash  (cost=73925.90..73925.90 rows=315007 width=4) (actual time=1205.236..1205.236 rows=244789 loops=1)
                    Buckets: 131072  Batches: 8  Memory Usage: 2099kB
                    ->  Seq Scan on title t  (cost=0.00..73925.90 rows=315007 width=4) (actual time=47.232..1134.028 rows=244789 loops=1)
                          Filter: ((production_year > 2003) AND (kind_id = 1))
                          Rows Removed by Filter: 2283523
Planning time: 1.107 ms
Execution time: 11059.262 ms
