Seq Scan on cast_info ci  (cost=0.00..796071.18 rows=3970563 width=0) (actual time=5708.541..14305.674 rows=4209769 loops=1)
  Filter: ((person_id > 278826) AND (role_id = 10))
  Rows Removed by Filter: 32034575
Planning time: 0.337 ms
Execution time: 14783.853 ms
