Hash Join  (cost=76603.02..107970.40 rows=29298 width=0) (actual time=1360.014..2076.687 rows=5795 loops=1)
  Hash Cond: (mi_idx.movie_id = t.id)
  ->  Seq Scan on movie_info_idx mi_idx  (cost=0.00..25185.44 rows=454124 width=4) (actual time=0.025..519.563 rows=459925 loops=1)
        Filter: (info_type_id = 100)
        Rows Removed by Filter: 920110
  ->  Hash  (cost=73925.90..73925.90 rows=163129 width=4) (actual time=1358.545..1358.545 rows=60161 loops=1)
        Buckets: 131072  Batches: 4  Memory Usage: 1552kB
        ->  Seq Scan on title t  (cost=0.00..73925.90 rows=163129 width=4) (actual time=0.151..1335.909 rows=60161 loops=1)
              Filter: ((kind_id > 4) AND (production_year < 1962))
              Rows Removed by Filter: 2468151
Planning time: 0.742 ms
Execution time: 2077.524 ms
