Nested Loop  (cost=44377.22..165975.22 rows=16923 width=0) (actual time=1023.089..2767.536 rows=58608 loops=1)
  Join Filter: (mc.movie_id = t.id)
  ->  Hash Join  (cost=44376.79..114241.20 rows=87625 width=8) (actual time=1023.028..2135.478 rows=58608 loops=1)
        Hash Cond: (mc.movie_id = mi_idx.movie_id)
        ->  Seq Scan on movie_companies mc  (cost=0.00..57926.93 rows=31007 width=4) (actual time=198.836..1007.838 rows=55497 loops=1)
              Filter: ((company_type_id < 2) AND (company_id = 6))
              Rows Removed by Filter: 2553632
        ->  Hash  (cost=21735.35..21735.35 rows=1380035 width=4) (actual time=823.470..823.470 rows=1380035 loops=1)
              Buckets: 131072  Batches: 32  Memory Usage: 2540kB
              ->  Seq Scan on movie_info_idx mi_idx  (cost=0.00..21735.35 rows=1380035 width=4) (actual time=0.034..417.396 rows=1380035 loops=1)
  ->  Index Only Scan using title_pkey on title t  (cost=0.43..0.58 rows=1 width=4) (actual time=0.010..0.010 rows=1 loops=58608)
        Index Cond: (id = mi_idx.movie_id)
        Heap Fetches: 58608
Planning time: 1.120 ms
Execution time: 2778.605 ms
