Hash Join  (cost=98120.01..669646.13 rows=8595920 width=0) (actual time=2021.648..18607.388 rows=3937344 loops=1)
  Hash Cond: (mi.movie_id = t.id)
  ->  Seq Scan on movie_info mi  (cost=0.00..309384.22 rows=14739122 width=4) (actual time=0.020..6273.423 rows=14835720 loops=1)
  ->  Hash  (cost=73925.90..73925.90 rows=1474648 width=4) (actual time=2020.884..2020.884 rows=1478439 loops=1)
        Buckets: 131072  Batches: 32  Memory Usage: 2656kB
        ->  Seq Scan on title t  (cost=0.00..73925.90 rows=1474648 width=4) (actual time=0.015..1527.131 rows=1478439 loops=1)
              Filter: ((production_year > 1912) AND (kind_id = 7))
              Rows Removed by Filter: 1049873
Planning time: 0.767 ms
Execution time: 19080.112 ms
