Hash Join  (cost=98120.01..178413.52 rows=775436 width=0) (actual time=3383.335..4553.995 rows=389634 loops=1)
  Hash Cond: (mc.movie_id = t.id)
  ->  Seq Scan on movie_companies mc  (cost=0.00..51404.11 rows=1329612 width=4) (actual time=0.022..996.785 rows=1334883 loops=1)
        Filter: (company_type_id = 2)
        Rows Removed by Filter: 1274246
  ->  Hash  (cost=73925.90..73925.90 rows=1474648 width=4) (actual time=2578.668..2578.668 rows=1478439 loops=1)
        Buckets: 131072  Batches: 32  Memory Usage: 2651kB
        ->  Seq Scan on title t  (cost=0.00..73925.90 rows=1474648 width=4) (actual time=0.016..1449.723 rows=1478439 loops=1)
              Filter: ((production_year > 1912) AND (kind_id = 7))
              Rows Removed by Filter: 1049873
Planning time: 0.794 ms
Execution time: 4599.128 ms
