Seq Scan on movie_companies mc  (cost=0.00..57926.93 rows=875312 width=0) (actual time=411.913..1117.391 rows=1188266 loops=1)
  Filter: ((company_id < 26983) AND (company_type_id < 2))
  Rows Removed by Filter: 1420863
Planning time: 0.325 ms
Execution time: 1264.138 ms
