Hash Join  (cost=799708.38..854378.11 rows=421 width=0) (actual time=14863.618..15986.534 rows=787 loops=1)
  Hash Cond: (mc.movie_id = t.id)
  ->  Seq Scan on movie_companies mc  (cost=0.00..44881.29 rows=2609129 width=4) (actual time=0.024..653.060 rows=2609129 loops=1)
  ->  Hash  (cost=799703.28..799703.28 rows=408 width=8) (actual time=14857.381..14857.381 rows=424 loops=1)
        Buckets: 1024  Batches: 1  Memory Usage: 25kB
        ->  Nested Loop  (cost=0.43..799703.28 rows=408 width=8) (actual time=5101.983..14857.205 rows=424 loops=1)
              ->  Seq Scan on cast_info ci  (cost=0.00..796071.18 rows=435 width=4) (actual time=5101.892..14844.784 rows=424 loops=1)
                    Filter: ((role_id < 10) AND (person_id = 598374))
                    Rows Removed by Filter: 36243920
              ->  Index Scan using title_pkey on title t  (cost=0.43..8.34 rows=1 width=4) (actual time=0.028..0.029 rows=1 loops=424)
                    Index Cond: (id = ci.movie_id)
                    Filter: (production_year > 1920)
Planning time: 1.299 ms
Execution time: 15986.797 ms
