Seq Scan on movie_companies mc  (cost=0.00..51404.11 rows=104 width=0) (actual time=287.385..806.116 rows=24 loops=1)
  Filter: (company_id = 10968)
  Rows Removed by Filter: 2609105
Planning time: 0.347 ms
Execution time: 806.209 ms
