Seq Scan on movie_companies mc  (cost=0.00..51404.11 rows=2039464 width=0) (actual time=0.017..2847.274 rows=2036007 loops=1)
  Filter: (company_id < 71248)
  Rows Removed by Filter: 573122
Planning time: 0.312 ms
Execution time: 3222.848 ms
