Hash Join  (cost=102767.86..1655768.45 rows=31046241 width=0) (actual time=1922.478..52121.509 rows=31140670 loops=1)
  Hash Cond: (ci.movie_id = t.id)
  ->  Seq Scan on cast_info ci  (cost=0.00..796071.18 rows=31046241 width=4) (actual time=27.656..20947.251 rows=31140670 loops=1)
        Filter: ((person_id > 54174) AND (role_id < 10))
        Rows Removed by Filter: 5103674
  ->  Hash  (cost=61283.27..61283.27 rows=2528527 width=4) (actual time=1893.167..1893.167 rows=2528312 loops=1)
        Buckets: 131072  Batches: 64  Memory Usage: 2415kB
        ->  Seq Scan on title t  (cost=0.00..61283.27 rows=2528527 width=4) (actual time=0.022..1035.087 rows=2528312 loops=1)
Planning time: 0.718 ms
Execution time: 55888.165 ms
