Hash Join  (cost=102767.86..911328.73 rows=108535 width=0) (actual time=6670.435..15471.820 rows=44282 loops=1)
  Hash Cond: (ci.movie_id = t.id)
  ->  Seq Scan on cast_info ci  (cost=0.00..796071.18 rows=108535 width=4) (actual time=4686.398..13080.300 rows=44282 loops=1)
        Filter: ((person_id < 1094258) AND (role_id > 10))
        Rows Removed by Filter: 36200062
  ->  Hash  (cost=61283.27..61283.27 rows=2528527 width=4) (actual time=1981.626..1981.626 rows=2528312 loops=1)
        Buckets: 131072  Batches: 64  Memory Usage: 2415kB
        ->  Seq Scan on title t  (cost=0.00..61283.27 rows=2528527 width=4) (actual time=0.035..1129.325 rows=2528312 loops=1)
Planning time: 1.269 ms
Execution time: 15477.210 ms
