Hash Join  (cost=184939.79..672457.80 rows=722708 width=0) (actual time=3640.424..15987.738 rows=4408409 loops=1)
  Hash Cond: (mi.movie_id = t.id)
  ->  Seq Scan on movie_info mi  (cost=0.00..309384.22 rows=14739122 width=4) (actual time=0.010..6338.413 rows=14835720 loops=1)
  ->  Hash  (cost=182905.02..182905.02 rows=123982 width=8) (actual time=3639.758..3639.758 rows=93871 loops=1)
        Buckets: 131072  Batches: 2  Memory Usage: 2849kB
        ->  Hash Join  (cost=76444.38..182905.02 rows=123982 width=8) (actual time=1147.661..3608.308 rows=93871 loops=1)
              Hash Cond: (mk.movie_id = t.id)
              ->  Seq Scan on movie_keyword mk  (cost=0.00..81003.12 rows=2042585 width=4) (actual time=0.019..1650.708 rows=2046795 loops=1)
                    Filter: (keyword_id < 3658)
                    Rows Removed by Filter: 2477135
              ->  Hash  (cost=73925.90..73925.90 rows=153478 width=4) (actual time=1145.731..1145.731 rows=134760 loops=1)
                    Buckets: 131072  Batches: 4  Memory Usage: 2222kB
                    ->  Seq Scan on title t  (cost=0.00..73925.90 rows=153478 width=4) (actual time=0.014..1100.285 rows=134760 loops=1)
                          Filter: ((kind_id < 7) AND (production_year > 2010))
                          Rows Removed by Filter: 2393552
Planning time: 0.893 ms
Execution time: 16505.560 ms
