Hash Join  (cost=78900.89..171428.05 rows=97134 width=0) (actual time=1326.822..3108.926 rows=147486 loops=1)
  Hash Cond: (mk.movie_id = t.id)
  ->  Seq Scan on movie_keyword mk  (cost=0.00..81003.12 rows=810052 width=4) (actual time=0.020..1400.340 rows=812748 loops=1)
        Filter: (keyword_id > 22549)
        Rows Removed by Filter: 3711182
  ->  Hash  (cost=73925.90..73925.90 rows=303199 width=4) (actual time=1325.808..1325.808 rows=250201 loops=1)
        Buckets: 131072  Batches: 4  Memory Usage: 3232kB
        ->  Seq Scan on title t  (cost=0.00..73925.90 rows=303199 width=4) (actual time=0.022..1237.381 rows=250201 loops=1)
              Filter: ((kind_id < 3) AND (production_year > 2005))
              Rows Removed by Filter: 2278111
Planning time: 0.803 ms
Execution time: 3127.356 ms
