Seq Scan on movie_companies mc  (cost=0.00..51404.11 rows=2088285 width=0) (actual time=0.014..3506.274 rows=2087321 loops=1)
  Filter: (company_id > 475)
  Rows Removed by Filter: 521808
Planning time: 0.287 ms
Execution time: 3880.512 ms
