Hash Join  (cost=102767.86..194695.08 rows=43452 width=0) (actual time=2389.153..4136.865 rows=38892 loops=1)
  Hash Cond: (mk.movie_id = t.id)
  ->  Seq Scan on movie_keyword mk  (cost=0.00..81003.12 rows=43452 width=4) (actual time=0.046..1313.896 rows=38892 loops=1)
        Filter: (keyword_id < 47)
        Rows Removed by Filter: 4485038
  ->  Hash  (cost=61283.27..61283.27 rows=2528527 width=4) (actual time=2386.450..2386.450 rows=2528312 loops=1)
        Buckets: 131072  Batches: 64  Memory Usage: 2425kB
        ->  Seq Scan on title t  (cost=0.00..61283.27 rows=2528527 width=4) (actual time=0.019..1183.273 rows=2528312 loops=1)
Planning time: 0.714 ms
Execution time: 4141.949 ms
