Hash Join  (cost=73929.13..130320.65 rows=136 width=0) (actual time=1150.727..2045.550 rows=4901 loops=1)
  Hash Cond: (mc.movie_id = t.id)
  ->  Seq Scan on movie_companies mc  (cost=0.00..51404.11 rows=1329612 width=4) (actual time=12.679..754.601 rows=1334883 loops=1)
        Filter: (company_type_id > 1)
        Rows Removed by Filter: 1274246
  ->  Hash  (cost=73925.90..73925.90 rows=258 width=4) (actual time=1137.508..1137.508 rows=3378 loops=1)
        Buckets: 4096 (originally 1024)  Batches: 1 (originally 1)  Memory Usage: 151kB
        ->  Seq Scan on title t  (cost=0.00..73925.90 rows=258 width=4) (actual time=3.193..1135.736 rows=3378 loops=1)
              Filter: ((kind_id < 7) AND (production_year > 2013))
              Rows Removed by Filter: 2524934
Planning time: 3.566 ms
Execution time: 2046.362 ms
