Hash Join  (cost=129145.29..495448.30 rows=33308 width=0) (actual time=2843.244..9262.687 rows=566057 loops=1)
  Hash Cond: (mi.movie_id = t.id)
  ->  Seq Scan on movie_info mi  (cost=0.00..346232.03 rows=5263441 width=4) (actual time=553.081..5783.189 rows=5270569 loops=1)
        Filter: (info_type_id > 15)
        Rows Removed by Filter: 9565151
  ->  Hash  (cost=128945.28..128945.28 rows=16001 width=8) (actual time=2289.437..2289.437 rows=24107 loops=1)
        Buckets: 32768 (originally 16384)  Batches: 1 (originally 1)  Memory Usage: 1198kB
        ->  Hash Join  (cost=74119.74..128945.28 rows=16001 width=8) (actual time=1144.097..2280.405 rows=24107 loops=1)
              Hash Cond: (mc.movie_id = t.id)
              ->  Seq Scan on movie_companies mc  (cost=0.00..44881.29 rows=2609129 width=4) (actual time=0.024..590.211 rows=2609129 loops=1)
              ->  Hash  (cost=73925.90..73925.90 rows=15507 width=4) (actual time=1143.020..1143.020 rows=11835 loops=1)
                    Buckets: 16384  Batches: 1  Memory Usage: 545kB
                    ->  Seq Scan on title t  (cost=0.00..73925.90 rows=15507 width=4) (actual time=0.029..1137.232 rows=11835 loops=1)
                          Filter: ((kind_id < 7) AND (production_year = 1995))
                          Rows Removed by Filter: 2516477
Planning time: 1.278 ms
Execution time: 9335.827 ms
