Hash Join  (cost=86252.72..171990.20 rows=775296 width=0) (actual time=5309.314..11871.923 rows=1616417 loops=1)
  Hash Cond: (mc.movie_id = t.id)
  ->  Seq Scan on movie_companies mc  (cost=0.00..44881.29 rows=2609129 width=4) (actual time=0.031..3470.091 rows=2609129 loops=1)
  ->  Hash  (cost=73925.90..73925.90 rows=751345 width=4) (actual time=5308.268..5308.268 rows=793943 loops=1)
        Buckets: 131072  Batches: 16  Memory Usage: 2771kB
        ->  Seq Scan on title t  (cost=0.00..73925.90 rows=751345 width=4) (actual time=0.018..4420.344 rows=793943 loops=1)
              Filter: ((kind_id < 7) AND (production_year < 2010))
              Rows Removed by Filter: 1734369
Planning time: 0.737 ms
Execution time: 12126.210 ms
