Hash Join  (cost=70241.71..881951.67 rows=78222 width=0) (actual time=1097.088..15332.968 rows=310782 loops=1)
  Hash Cond: (ci.movie_id = t.id)
  ->  Seq Scan on cast_info ci  (cost=0.00..796071.18 rows=1230550 width=4) (actual time=0.022..12769.323 rows=3329199 loops=1)
        Filter: ((person_id > 2678622) AND (role_id = 10))
        Rows Removed by Filter: 32915145
  ->  Hash  (cost=67604.59..67604.59 rows=160730 width=4) (actual time=1096.237..1096.237 rows=160017 loops=1)
        Buckets: 131072  Batches: 4  Memory Usage: 2436kB
        ->  Seq Scan on title t  (cost=0.00..67604.59 rows=160730 width=4) (actual time=0.014..1038.958 rows=160017 loops=1)
              Filter: (production_year = 2011)
              Rows Removed by Filter: 2368295
Planning time: 0.806 ms
Execution time: 15373.552 ms
