Seq Scan on movie_companies mc  (cost=0.00..57926.93 rows=981045 width=0) (actual time=237.884..1042.150 rows=675877 loops=1)
  Filter: ((company_id < 47123) AND (company_type_id > 1))
  Rows Removed by Filter: 1933252
Planning time: 0.326 ms
Execution time: 1130.315 ms
