Seq Scan on movie_keyword mk  (cost=0.00..81003.12 rows=1071769 width=0) (actual time=0.023..1394.750 rows=1081811 loops=1)
  Filter: (keyword_id < 1089)
  Rows Removed by Filter: 3442119
Planning time: 0.318 ms
Execution time: 1529.138 ms
