Seq Scan on movie_companies mc  (cost=0.00..51404.11 rows=2542687 width=0) (actual time=0.022..1086.650 rows=2543745 loops=1)
  Filter: (company_id < 179886)
  Rows Removed by Filter: 65384
Planning time: 0.318 ms
Execution time: 1411.778 ms
