Hash Join  (cost=102767.86..183625.10 rows=542419 width=0) (actual time=2003.863..3743.958 rows=329610 loops=1)
  Hash Cond: (mc.movie_id = t.id)
  ->  Seq Scan on movie_companies mc  (cost=0.00..57926.93 rows=542419 width=4) (actual time=0.019..1010.775 rows=329610 loops=1)
        Filter: ((company_id < 6334) AND (company_type_id = 2))
        Rows Removed by Filter: 2279519
  ->  Hash  (cost=61283.27..61283.27 rows=2528527 width=4) (actual time=2002.295..2002.295 rows=2528312 loops=1)
        Buckets: 131072  Batches: 64  Memory Usage: 2415kB
        ->  Seq Scan on title t  (cost=0.00..61283.27 rows=2528527 width=4) (actual time=0.009..1168.525 rows=2528312 loops=1)
Planning time: 1.247 ms
Execution time: 3785.194 ms
