Seq Scan on movie_keyword mk  (cost=0.00..81003.12 rows=1520384 width=0) (actual time=0.021..1496.511 rows=1532695 loops=1)
  Filter: (keyword_id < 2231)
  Rows Removed by Filter: 2991235
Planning time: 0.319 ms
Execution time: 1693.977 ms
