Hash Join  (cost=83074.74..137742.81 rows=254 width=0) (actual time=1229.128..2364.791 rows=4658 loops=1)
  Hash Cond: (mc.movie_id = t.id)
  ->  Seq Scan on movie_companies mc  (cost=0.00..44881.29 rows=2609129 width=4) (actual time=0.014..641.894 rows=2609129 loops=1)
  ->  Hash  (cost=83071.67..83071.67 rows=246 width=8) (actual time=1226.456..1226.456 rows=505 loops=1)
        Buckets: 1024  Batches: 1  Memory Usage: 28kB
        ->  Nested Loop  (cost=0.43..83071.67 rows=246 width=8) (actual time=0.302..1225.995 rows=505 loops=1)
              ->  Seq Scan on movie_keyword mk  (cost=0.00..81003.12 rows=246 width=4) (actual time=0.241..1181.880 rows=505 loops=1)
                    Filter: (keyword_id = 2811)
                    Rows Removed by Filter: 4523425
              ->  Index Only Scan using title_pkey on title t  (cost=0.43..8.40 rows=1 width=4) (actual time=0.085..0.085 rows=1 loops=505)
                    Index Cond: (id = mk.movie_id)
                    Heap Fetches: 505
Planning time: 1.138 ms
Execution time: 2365.671 ms
