Hash Join  (cost=429226.90..515939.84 rows=5491 width=0) (actual time=6982.203..9083.904 rows=960411 loops=1)
  Hash Cond: (mk.movie_id = t.id)
  ->  Seq Scan on movie_keyword mk  (cost=0.00..69693.30 rows=4523930 width=4) (actual time=0.013..944.256 rows=4523930 loops=1)
  ->  Hash  (cost=429188.53..429188.53 rows=3069 width=8) (actual time=6982.065..6982.065 rows=62141 loops=1)
        Buckets: 65536 (originally 4096)  Batches: 1 (originally 1)  Memory Usage: 2940kB
        ->  Hash Join  (cost=81025.55..429188.53 rows=3069 width=8) (actual time=6550.717..6963.649 rows=62141 loops=1)
              Hash Cond: (mi.movie_id = t.id)
              ->  Seq Scan on movie_info mi  (cost=0.00..346232.03 rows=17937 width=4) (actual time=5212.965..5480.788 rows=140065 loops=1)
                    Filter: (info_type_id = 9)
                    Rows Removed by Filter: 14695655
              ->  Hash  (cost=73925.90..73925.90 rows=432692 width=4) (actual time=1336.890..1336.890 rows=368246 loops=1)
                    Buckets: 131072  Batches: 8  Memory Usage: 2645kB
                    ->  Seq Scan on title t  (cost=0.00..73925.90 rows=432692 width=4) (actual time=0.033..1212.475 rows=368246 loops=1)
                          Filter: ((kind_id < 7) AND (production_year > 2004))
                          Rows Removed by Filter: 2160066
Planning time: 1.171 ms
Execution time: 9206.644 ms
