Hash Join  (cost=102767.86..1411243.56 rows=24647911 width=0) (actual time=1890.132..36140.265 rows=24759429 loops=1)
  Hash Cond: (ci.movie_id = t.id)
  ->  Seq Scan on cast_info ci  (cost=0.00..705507.15 rows=24647911 width=4) (actual time=0.065..14366.218 rows=24759429 loops=1)
        Filter: (person_id > 1129506)
        Rows Removed by Filter: 11484915
  ->  Hash  (cost=61283.27..61283.27 rows=2528527 width=4) (actual time=1888.289..1888.289 rows=2528312 loops=1)
        Buckets: 131072  Batches: 64  Memory Usage: 2415kB
        ->  Seq Scan on title t  (cost=0.00..61283.27 rows=2528527 width=4) (actual time=0.025..1052.488 rows=2528312 loops=1)
Planning time: 1.079 ms
Execution time: 38913.014 ms
