Hash Join  (cost=135606.56..503531.81 rows=326933 width=0) (actual time=7504.630..29506.210 rows=649815 loops=1)
  Hash Cond: (mi.movie_id = t.id)
  ->  Seq Scan on movie_info mi  (cost=0.00..309384.22 rows=14739122 width=4) (actual time=0.008..16624.573 rows=14835720 loops=1)
  ->  Hash  (cost=134905.48..134905.48 rows=56086 width=8) (actual time=7356.882..7356.882 rows=28416 loops=1)
        Buckets: 65536  Batches: 1  Memory Usage: 1622kB
        ->  Hash Join  (cost=69720.52..134905.48 rows=56086 width=8) (actual time=3413.948..7336.769 rows=28416 loops=1)
              Hash Cond: (mc.movie_id = t.id)
              ->  Seq Scan on movie_companies mc  (cost=0.00..51404.11 rows=1099729 width=4) (actual time=0.025..3217.557 rows=1091892 loops=1)
                    Filter: (company_id < 7314)
                    Rows Removed by Filter: 1517237
              ->  Hash  (cost=67604.59..67604.59 rows=128955 width=4) (actual time=3413.192..3413.192 rows=130325 loops=1)
                    Buckets: 131072  Batches: 2  Memory Usage: 3310kB
                    ->  Seq Scan on title t  (cost=0.00..67604.59 rows=128955 width=4) (actual time=448.519..3198.188 rows=130325 loops=1)
                          Filter: (production_year < 1936)
                          Rows Removed by Filter: 2397987
Planning time: 1.092 ms
Execution time: 29649.799 ms
