Hash Join  (cost=68438.72..163949.10 rows=95384 width=0) (actual time=1047.456..3131.758 rows=35451 loops=1)
  Hash Cond: (mk.movie_id = t.id)
  ->  Seq Scan on movie_keyword mk  (cost=0.00..81003.12 rows=3614244 width=4) (actual time=0.020..1484.802 rows=3609579 loops=1)
        Filter: (keyword_id > 865)
        Rows Removed by Filter: 914351
  ->  Hash  (cost=67604.59..67604.59 rows=66731 width=4) (actual time=1046.613..1046.613 rows=67342 loops=1)
        Buckets: 131072  Batches: 1  Memory Usage: 3392kB
        ->  Seq Scan on title t  (cost=0.00..67604.59 rows=66731 width=4) (actual time=0.026..1018.707 rows=67342 loops=1)
              Filter: (production_year > 2012)
              Rows Removed by Filter: 2460970
Planning time: 3.657 ms
Execution time: 3136.961 ms
