Hash Join  (cost=466615.10..1562704.99 rows=6063277 width=0) (actual time=8379.718..37522.885 rows=4131768 loops=1)
  Hash Cond: (ci.movie_id = t.id)
  ->  Seq Scan on cast_info ci  (cost=0.00..614943.12 rows=36225612 width=4) (actual time=0.019..13019.494 rows=36244344 loops=1)
  ->  Hash  (cost=459670.94..459670.94 rows=423213 width=8) (actual time=8378.870..8378.870 rows=138733 loops=1)
        Buckets: 131072  Batches: 8  Memory Usage: 1703kB
        ->  Hash Join  (cost=81925.97..459670.94 rows=423213 width=8) (actual time=1847.958..8339.386 rows=138733 loops=1)
              Hash Cond: (mi.movie_id = t.id)
              ->  Seq Scan on movie_info mi  (cost=0.00..346232.03 rows=2194617 width=4) (actual time=2.955..5448.406 rows=2233850 loops=1)
                    Filter: (info_type_id > 16)
                    Rows Removed by Filter: 12601870
              ->  Hash  (cost=73925.90..73925.90 rows=487605 width=4) (actual time=1832.103..1832.103 rows=501779 loops=1)
                    Buckets: 131072  Batches: 8  Memory Usage: 3237kB
                    ->  Seq Scan on title t  (cost=0.00..73925.90 rows=487605 width=4) (actual time=0.019..1372.127 rows=501779 loops=1)
                          Filter: ((kind_id > 1) AND (production_year > 2008))
                          Rows Removed by Filter: 2026533
Planning time: 1.120 ms
Execution time: 37999.264 ms
