Hash Join  (cost=102767.86..177482.17 rows=287100 width=0) (actual time=1884.851..3880.930 rows=146068 loops=1)
  Hash Cond: (mc.movie_id = t.id)
  ->  Seq Scan on movie_companies mc  (cost=0.00..57926.93 rows=287100 width=4) (actual time=0.040..847.068 rows=146068 loops=1)
        Filter: ((company_id < 596) AND (company_type_id > 1))
        Rows Removed by Filter: 2463061
  ->  Hash  (cost=61283.27..61283.27 rows=2528527 width=4) (actual time=1883.137..1883.137 rows=2528312 loops=1)
        Buckets: 131072  Batches: 64  Memory Usage: 2415kB
        ->  Seq Scan on title t  (cost=0.00..61283.27 rows=2528527 width=4) (actual time=0.009..1038.560 rows=2528312 loops=1)
Planning time: 0.736 ms
Execution time: 3898.838 ms
