Hash Join  (cost=261817.64..364090.28 rows=1738171 width=0) (actual time=5684.030..11387.795 rows=12236303 loops=1)
  Hash Cond: (mc.movie_id = t.id)
  ->  Seq Scan on movie_companies mc  (cost=0.00..44881.29 rows=2609129 width=4) (actual time=0.022..934.040 rows=2609129 loops=1)
  ->  Hash  (cost=234181.70..234181.70 rows=1684475 width=8) (actual time=5682.923..5682.923 rows=1691891 loops=1)
        Buckets: 131072  Batches: 32  Memory Usage: 3075kB
        ->  Hash Join  (cost=102767.86..234181.70 rows=1684475 width=8) (actual time=1979.521..5231.199 rows=1691891 loops=1)
              Hash Cond: (mk.movie_id = t.id)
              ->  Seq Scan on movie_keyword mk  (cost=0.00..81003.12 rows=1684475 width=4) (actual time=0.013..1566.441 rows=1691891 loops=1)
                    Filter: (keyword_id < 2632)
                    Rows Removed by Filter: 2832039
              ->  Hash  (cost=61283.27..61283.27 rows=2528527 width=4) (actual time=1977.749..1977.749 rows=2528312 loops=1)
                    Buckets: 131072  Batches: 64  Memory Usage: 2425kB
                    ->  Seq Scan on title t  (cost=0.00..61283.27 rows=2528527 width=4) (actual time=0.010..1124.114 rows=2528312 loops=1)
Planning time: 1.097 ms
Execution time: 12676.334 ms
