Nested Loop  (cost=0.43..83072.90 rows=8 width=0) (actual time=658.526..1271.875 rows=2 loops=1)
  ->  Seq Scan on movie_keyword mk  (cost=0.00..81003.12 rows=246 width=4) (actual time=13.013..1255.022 rows=255 loops=1)
        Filter: (keyword_id = 3274)
        Rows Removed by Filter: 4523675
  ->  Index Scan using title_pkey on title t  (cost=0.43..8.40 rows=1 width=4) (actual time=0.064..0.064 rows=0 loops=255)
        Index Cond: (id = mk.movie_id)
        Filter: ((kind_id = 7) AND (production_year = 2010))
        Rows Removed by Filter: 1
Planning time: 0.732 ms
Execution time: 1271.968 ms
