Hash Join  (cost=250627.27..772968.34 rows=5650855 width=0) (actual time=6077.229..27057.063 rows=42266453 loops=1)
  Hash Cond: (mi.movie_id = t.id)
  ->  Seq Scan on movie_info mi  (cost=0.00..346232.03 rows=8841901 width=4) (actual time=0.020..7001.357 rows=8950757 loops=1)
        Filter: (info_type_id > 6)
        Rows Removed by Filter: 5884963
  ->  Hash  (cost=224114.52..224114.52 rows=1615980 width=8) (actual time=6075.454..6075.454 rows=1069450 loops=1)
        Buckets: 131072  Batches: 32  Memory Usage: 2450kB
        ->  Hash Join  (cost=82423.69..224114.52 rows=1615980 width=8) (actual time=1493.406..5778.782 rows=1069450 loops=1)
              Hash Cond: (mk.movie_id = t.id)
              ->  Seq Scan on movie_keyword mk  (cost=0.00..69693.30 rows=4523930 width=4) (actual time=0.016..1459.214 rows=4523930 loops=1)
              ->  Hash  (cost=67604.59..67604.59 rows=903208 width=4) (actual time=1491.827..1491.827 rows=904491 loops=1)
                    Buckets: 131072  Batches: 16  Memory Usage: 3017kB
                    ->  Seq Scan on title t  (cost=0.00..67604.59 rows=903208 width=4) (actual time=0.018..1197.609 rows=904491 loops=1)
                          Filter: (production_year > 2006)
                          Rows Removed by Filter: 1623821
Planning time: 0.858 ms
Execution time: 31503.876 ms
