Seq Scan on movie_keyword mk  (cost=0.00..81003.12 rows=2997752 width=0) (actual time=0.027..3812.084 rows=2981652 loops=1)
  Filter: (keyword_id < 10279)
  Rows Removed by Filter: 1542278
Planning time: 0.310 ms
Execution time: 4307.668 ms
