Hash Join  (cost=191288.65..233774.77 rows=279364 width=0) (actual time=4384.108..5862.655 rows=1130354 loops=1)
  Hash Cond: (mi_idx.movie_id = t.id)
  ->  Seq Scan on movie_info_idx mi_idx  (cost=0.00..21735.35 rows=1380035 width=4) (actual time=0.019..474.444 rows=1380035 loops=1)
  ->  Hash  (cost=182890.45..182890.45 rows=511856 width=8) (actual time=4383.088..4383.088 rows=824209 loops=1)
        Buckets: 131072 (originally 131072)  Batches: 16 (originally 8)  Memory Usage: 3073kB
        ->  Hash Join  (cost=102767.86..182890.45 rows=511856 width=8) (actual time=2228.987..4141.379 rows=824209 loops=1)
              Hash Cond: (mc.movie_id = t.id)
              ->  Seq Scan on movie_companies mc  (cost=0.00..57926.93 rows=511856 width=4) (actual time=263.524..1082.642 rows=824209 loops=1)
                    Filter: ((company_id > 16262) AND (company_type_id > 1))
                    Rows Removed by Filter: 1784920
              ->  Hash  (cost=61283.27..61283.27 rows=2528527 width=4) (actual time=1964.336..1964.336 rows=2528312 loops=1)
                    Buckets: 131072  Batches: 64  Memory Usage: 2415kB
                    ->  Seq Scan on title t  (cost=0.00..61283.27 rows=2528527 width=4) (actual time=0.021..1103.217 rows=2528312 loops=1)
Planning time: 1.178 ms
Execution time: 5980.910 ms
