Hash Join  (cost=372964.96..2194730.81 rows=63480764 width=0) (actual time=9134.323..90501.385 rows=210516852 loops=1)
  Hash Cond: (ci.movie_id = t.id)
  ->  Seq Scan on cast_info ci  (cost=0.00..614943.12 rows=36225612 width=4) (actual time=0.019..14200.766 rows=36244344 loops=1)
  ->  Hash  (cost=300269.45..300269.45 rows=4430921 width=8) (actual time=9132.421..9132.421 rows=4433016 loops=1)
        Buckets: 131072  Batches: 64  Memory Usage: 3754kB
        ->  Hash Join  (cost=102767.86..300269.45 rows=4430921 width=8) (actual time=1994.186..7776.564 rows=4433016 loops=1)
              Hash Cond: (mk.movie_id = t.id)
              ->  Seq Scan on movie_keyword mk  (cost=0.00..81003.12 rows=4430921 width=4) (actual time=0.018..1949.532 rows=4433016 loops=1)
                    Filter: (keyword_id < 84703)
                    Rows Removed by Filter: 90914
              ->  Hash  (cost=61283.27..61283.27 rows=2528527 width=4) (actual time=1992.992..1992.992 rows=2528312 loops=1)
                    Buckets: 131072  Batches: 64  Memory Usage: 2425kB
                    ->  Seq Scan on title t  (cost=0.00..61283.27 rows=2528527 width=4) (actual time=0.012..1124.574 rows=2528312 loops=1)
Planning time: 1.083 ms
Execution time: 112868.043 ms
