Hash Join  (cost=305882.18..1301428.69 rows=12234284 width=0) (actual time=6964.010..37300.389 rows=41346954 loops=1)
  Hash Cond: (ci.movie_id = t.id)
  ->  Seq Scan on cast_info ci  (cost=0.00..705507.15 rows=11154644 width=4) (actual time=0.019..12465.560 rows=11143956 loops=1)
        Filter: (person_id > 2587708)
        Rows Removed by Filter: 25100388
  ->  Hash  (cost=260382.44..260382.44 rows=2773259 width=8) (actual time=6962.601..6962.601 rows=2768284 loops=1)
        Buckets: 131072  Batches: 64  Memory Usage: 2729kB
        ->  Hash Join  (cost=102767.86..260382.44 rows=2773259 width=8) (actual time=1947.307..6153.443 rows=2768284 loops=1)
              Hash Cond: (mk.movie_id = t.id)
              ->  Seq Scan on movie_keyword mk  (cost=0.00..81003.12 rows=2773259 width=4) (actual time=0.024..1723.712 rows=2768284 loops=1)
                    Filter: (keyword_id < 7905)
                    Rows Removed by Filter: 1755646
              ->  Hash  (cost=61283.27..61283.27 rows=2528527 width=4) (actual time=1946.033..1946.033 rows=2528312 loops=1)
                    Buckets: 131072  Batches: 64  Memory Usage: 2425kB
                    ->  Seq Scan on title t  (cost=0.00..61283.27 rows=2528527 width=4) (actual time=0.018..1083.670 rows=2528312 loops=1)
Planning time: 1.092 ms
Execution time: 42132.831 ms
