Hash Join  (cost=423679.34..1179663.92 rows=275469 width=0) (actual time=8834.156..25124.521 rows=246544 loops=1)
  Hash Cond: (ci.movie_id = t.id)
  ->  Seq Scan on cast_info ci  (cost=0.00..705507.15 rows=12726058 width=4) (actual time=1522.422..14564.610 rows=12670688 loops=1)
        Filter: (role_id < 2)
        Rows Removed by Filter: 23573656
  ->  Hash  (cost=422995.18..422995.18 rows=54733 width=8) (actual time=7311.194..7311.194 rows=42843 loops=1)
        Buckets: 65536  Batches: 1  Memory Usage: 2186kB
        ->  Hash Join  (cost=68438.72..422995.18 rows=54733 width=8) (actual time=1726.367..7293.418 rows=42843 loops=1)
              Hash Cond: (mi.movie_id = t.id)
              ->  Seq Scan on movie_info mi  (cost=0.00..346232.03 rows=2073893 width=4) (actual time=560.564..5541.204 rows=2091068 loops=1)
                    Filter: (info_type_id < 3)
                    Rows Removed by Filter: 12744652
              ->  Hash  (cost=67604.59..67604.59 rows=66731 width=4) (actual time=1165.104..1165.104 rows=67342 loops=1)
                    Buckets: 131072  Batches: 1  Memory Usage: 3392kB
                    ->  Seq Scan on title t  (cost=0.00..67604.59 rows=66731 width=4) (actual time=0.050..1136.814 rows=67342 loops=1)
                          Filter: (production_year > 2012)
                          Rows Removed by Filter: 2460970
Planning time: 1.138 ms
Execution time: 25160.014 ms
