Hash Join  (cost=142579.73..898976.53 rows=560764 width=0) (actual time=2640.335..20347.933 rows=613379 loops=1)
  Hash Cond: (ci.movie_id = t.id)
  ->  Seq Scan on cast_info ci  (cost=0.00..614943.12 rows=36225612 width=4) (actual time=0.018..9034.754 rows=36244344 loops=1)
  ->  Hash  (cost=142090.47..142090.47 rows=39141 width=8) (actual time=2639.047..2639.047 rows=13794 loops=1)
        Buckets: 65536  Batches: 1  Memory Usage: 1051kB
        ->  Hash Join  (cost=75195.76..142090.47 rows=39141 width=8) (actual time=1610.192..2634.342 rows=13794 loops=1)
              Hash Cond: (mc.movie_id = t.id)
              ->  Seq Scan on movie_companies mc  (cost=0.00..51404.11 rows=1279517 width=4) (actual time=431.234..1013.597 rows=1274246 loops=1)
                    Filter: (company_type_id = 1)
                    Rows Removed by Filter: 1334883
              ->  Hash  (cost=73925.90..73925.90 rows=77348 width=4) (actual time=1178.108..1178.108 rows=84109 loops=1)
                    Buckets: 131072  Batches: 2  Memory Usage: 2509kB
                    ->  Seq Scan on title t  (cost=0.00..73925.90 rows=77348 width=4) (actual time=0.032..1145.440 rows=84109 loops=1)
                          Filter: ((kind_id = 7) AND (production_year = 2008))
                          Rows Removed by Filter: 2444203
Planning time: 1.384 ms
Execution time: 20429.652 ms
