Hash Join  (cost=183525.46..698336.81 rows=3280642 width=0) (actual time=3624.190..17007.831 rows=433009 loops=1)
  Hash Cond: (mi.movie_id = t.id)
  ->  Seq Scan on movie_info mi  (cost=0.00..309384.22 rows=14739122 width=4) (actual time=0.015..6635.035 rows=14835720 loops=1)
  ->  Hash  (cost=174291.45..174291.45 rows=562801 width=8) (actual time=3619.973..3619.973 rows=41961 loops=1)
        Buckets: 131072  Batches: 8  Memory Usage: 1228kB
        ->  Hash Join  (cost=92883.59..174291.45 rows=562801 width=8) (actual time=1845.554..3606.304 rows=41961 loops=1)
              Hash Cond: (mc.movie_id = t.id)
              ->  Seq Scan on movie_companies mc  (cost=0.00..57926.93 rows=923583 width=4) (actual time=2.901..1136.178 rows=766063 loops=1)
                    Filter: ((company_id > 1388) AND (company_type_id < 2))
                    Rows Removed by Filter: 1843066
              ->  Hash  (cost=67604.59..67604.59 rows=1540800 width=4) (actual time=1841.400..1841.400 rows=1543264 loops=1)
                    Buckets: 131072  Batches: 32  Memory Usage: 2722kB
                    ->  Seq Scan on title t  (cost=0.00..67604.59 rows=1540800 width=4) (actual time=0.015..1336.054 rows=1543264 loops=1)
                          Filter: (kind_id = 7)
                          Rows Removed by Filter: 985048
Planning time: 1.119 ms
Execution time: 17059.824 ms
