Seq Scan on movie_keyword mk  (cost=0.00..81003.12 rows=1386369 width=0) (actual time=0.015..1454.952 rows=1402183 loops=1)
  Filter: (keyword_id > 11944)
  Rows Removed by Filter: 3121747
Planning time: 0.316 ms
Execution time: 1634.997 ms
