Seq Scan on cast_info ci  (cost=0.00..705507.15 rows=34950626 width=0) (actual time=0.012..13344.233 rows=34941591 loops=1)
  Filter: (person_id < 3810297)
  Rows Removed by Filter: 1302753
Planning time: 0.218 ms
Execution time: 17676.947 ms
