Hash Join  (cost=709676.55..736587.97 rows=94 width=186) (actual time=12523.260..12731.124 rows=39 loops=1)
  Hash Cond: (mi_idx.movie_id = t.id)
  ->  Seq Scan on movie_info_idx mi_idx  (cost=0.00..21735.35 rows=1380035 width=50) (actual time=0.025..114.679 rows=1380035 loops=1)
  ->  Hash  (cost=709674.40..709674.40 rows=172 width=136) (actual time=12494.930..12494.930 rows=31 loops=1)
        Buckets: 1024  Batches: 1  Memory Usage: 13kB
        ->  Nested Loop  (cost=0.43..709674.40 rows=172 width=136) (actual time=8189.862..12494.845 rows=31 loops=1)
              ->  Seq Scan on cast_info ci  (cost=0.00..705507.15 rows=500 width=42) (actual time=8189.671..12483.008 rows=93 loops=1)
                    Filter: (person_id = 200377)
                    Rows Removed by Filter: 36244251
              ->  Index Scan using title_pkey on title t  (cost=0.43..8.32 rows=1 width=94) (actual time=0.126..0.126 rows=0 loops=93)
                    Index Cond: (id = ci.movie_id)
                    Filter: ((kind_id < 7) AND (production_year < 2012))
                    Rows Removed by Filter: 1
Planning time: 1.489 ms
Execution time: 12731.268 ms
