Seq Scan on movie_keyword mk  (cost=0.00..81003.12 rows=522042 width=0) (actual time=0.034..1255.015 rows=518241 loops=1)
  Filter: (keyword_id < 381)
  Rows Removed by Filter: 4005689
Planning time: 2.063 ms
Execution time: 1322.578 ms
