Hash Join  (cost=68173.50..155645.84 rows=81430 width=0) (actual time=1249.257..2974.315 rows=11721 loops=1)
  Hash Cond: (mk.movie_id = t.id)
  ->  Seq Scan on movie_keyword mk  (cost=0.00..69693.30 rows=4523930 width=4) (actual time=0.020..1101.186 rows=4523930 loops=1)
  ->  Hash  (cost=67604.59..67604.59 rows=45513 width=4) (actual time=1010.442..1010.442 rows=42820 loops=1)
        Buckets: 65536  Batches: 1  Memory Usage: 2018kB
        ->  Seq Scan on title t  (cost=0.00..67604.59 rows=45513 width=4) (actual time=0.017..993.359 rows=42820 loops=1)
              Filter: (production_year < 1913)
              Rows Removed by Filter: 2485492
Planning time: 0.743 ms
Execution time: 2976.295 ms
