Seq Scan on movie_companies mc  (cost=0.00..57926.93 rows=165025 width=0) (actual time=82.723..925.084 rows=328553 loops=1)
  Filter: ((company_id > 91010) AND (company_type_id = 2))
  Rows Removed by Filter: 2280576
Planning time: 0.912 ms
Execution time: 964.289 ms
