Hash Join  (cost=365418.15..2208722.22 rows=58166661 width=0) (actual time=8405.335..82612.955 rows=177905196 loops=1)
  Hash Cond: (ci.movie_id = t.id)
  ->  Seq Scan on cast_info ci  (cost=0.00..705507.15 rows=32510665 width=4) (actual time=0.020..17186.657 rows=32504014 loops=1)
        Filter: (person_id < 3379727)
        Rows Removed by Filter: 3740330
  ->  Hash  (cost=291197.02..291197.02 rows=4523930 width=8) (actual time=8404.127..8404.127 rows=4523930 loops=1)
        Buckets: 131072  Batches: 64  Memory Usage: 3816kB
        ->  Hash Join  (cost=102767.86..291197.02 rows=4523930 width=8) (actual time=2072.199..7135.393 rows=4523930 loops=1)
              Hash Cond: (mk.movie_id = t.id)
              ->  Seq Scan on movie_keyword mk  (cost=0.00..69693.30 rows=4523930 width=4) (actual time=0.019..1387.897 rows=4523930 loops=1)
              ->  Hash  (cost=61283.27..61283.27 rows=2528527 width=4) (actual time=2069.005..2069.005 rows=2528312 loops=1)
                    Buckets: 131072  Batches: 64  Memory Usage: 2425kB
                    ->  Seq Scan on title t  (cost=0.00..61283.27 rows=2528527 width=4) (actual time=0.020..1196.205 rows=2528312 loops=1)
Planning time: 1.145 ms
Execution time: 100687.461 ms
