Hash Join  (cost=67697.55..801771.91 rows=22232 width=0) (actual time=3327.921..41625.650 rows=72917 loops=1)
  Hash Cond: (ci.movie_id = t.id)
  ->  Seq Scan on cast_info ci  (cost=0.00..705507.15 rows=7558637 width=4) (actual time=0.020..35108.698 rows=7600978 loops=1)
        Filter: (person_id > 2914374)
        Rows Removed by Filter: 28643366
  ->  Hash  (cost=67604.59..67604.59 rows=7437 width=4) (actual time=3327.640..3327.640 rows=23799 loops=1)
        Buckets: 32768 (originally 8192)  Batches: 1 (originally 1)  Memory Usage: 1093kB
        ->  Seq Scan on title t  (cost=0.00..67604.59 rows=7437 width=4) (actual time=0.028..3312.600 rows=23799 loops=1)
              Filter: (production_year = 1991)
              Rows Removed by Filter: 2504513
Planning time: 0.742 ms
Execution time: 41638.855 ms
