Hash Join  (cost=156649.15..223076.06 rows=91694 width=0) (actual time=3429.447..4778.274 rows=373093 loops=1)
  Hash Cond: (mc.movie_id = t.id)
  ->  Seq Scan on movie_companies mc  (cost=0.00..57926.93 rows=498677 width=4) (actual time=262.270..1026.715 rows=813842 loops=1)
        Filter: ((company_id > 17061) AND (company_type_id = 2))
        Rows Removed by Filter: 1795287
  ->  Hash  (cost=149020.47..149020.47 rows=464934 width=8) (actual time=3166.323..3166.323 rows=460185 loops=1)
        Buckets: 131072  Batches: 8  Memory Usage: 3276kB
        ->  Hash Join  (cost=102767.86..149020.47 rows=464934 width=8) (actual time=1814.554..3042.654 rows=460185 loops=1)
              Hash Cond: (mi_idx.movie_id = t.id)
              ->  Seq Scan on movie_info_idx mi_idx  (cost=0.00..25185.44 rows=464934 width=4) (actual time=0.030..506.184 rows=460185 loops=1)
                    Filter: (info_type_id > 100)
                    Rows Removed by Filter: 919850
              ->  Hash  (cost=61283.27..61283.27 rows=2528527 width=4) (actual time=1812.961..1812.961 rows=2528312 loops=1)
                    Buckets: 131072  Batches: 64  Memory Usage: 2415kB
                    ->  Seq Scan on title t  (cost=0.00..61283.27 rows=2528527 width=4) (actual time=0.019..979.797 rows=2528312 loops=1)
Planning time: 2.919 ms
Execution time: 4824.797 ms
