Seq Scan on cast_info ci  (cost=0.00..796071.18 rows=2149367 width=0) (actual time=0.026..11278.687 rows=893307 loops=1)
  Filter: ((person_id < 309175) AND (role_id > 1))
  Rows Removed by Filter: 35351037
Planning time: 0.334 ms
Execution time: 11376.223 ms
