Hash Join  (cost=100894.78..194306.39 rows=1681 width=0) (actual time=1615.896..3622.824 rows=18111 loops=1)
  Hash Cond: (mk.movie_id = t.id)
  ->  Seq Scan on movie_keyword mk  (cost=0.00..81003.12 rows=3304446 width=4) (actual time=0.023..1513.684 rows=3295557 loops=1)
        Filter: (keyword_id > 1556)
        Rows Removed by Filter: 1228373
  ->  Hash  (cost=100878.71..100878.71 rows=1286 width=8) (actual time=1614.024..1614.024 rows=4080 loops=1)
        Buckets: 4096 (originally 2048)  Batches: 1 (originally 1)  Memory Usage: 192kB
        ->  Hash Join  (cost=73955.37..100878.71 rows=1286 width=8) (actual time=1224.076..1612.192 rows=4080 loops=1)
              Hash Cond: (mi_idx.movie_id = t.id)
              ->  Seq Scan on movie_info_idx mi_idx  (cost=0.00..21735.35 rows=1380035 width=4) (actual time=0.014..299.517 rows=1380035 loops=1)
              ->  Hash  (cost=73925.90..73925.90 rows=2357 width=4) (actual time=1039.786..1039.786 rows=2995 loops=1)
                    Buckets: 4096  Batches: 1  Memory Usage: 138kB
                    ->  Seq Scan on title t  (cost=0.00..73925.90 rows=2357 width=4) (actual time=0.075..1038.285 rows=2995 loops=1)
                          Filter: ((kind_id = 3) AND (production_year = 2001))
                          Rows Removed by Filter: 2525317
Planning time: 9.580 ms
Execution time: 3625.393 ms
