Hash Join  (cost=58358.62..423015.02 rows=47 width=0) (actual time=1363.186..7502.653 rows=32789 loops=1)
  Hash Cond: (mi.movie_id = t.id)
  ->  Seq Scan on movie_info mi  (cost=0.00..309384.22 rows=14739122 width=4) (actual time=0.016..3974.453 rows=14835720 loops=1)
  ->  Hash  (cost=58358.52..58358.52 rows=8 width=8) (actual time=961.289..961.289 rows=190 loops=1)
        Buckets: 1024  Batches: 1  Memory Usage: 16kB
        ->  Nested Loop  (cost=0.43..58358.52 rows=8 width=8) (actual time=55.218..961.129 rows=190 loops=1)
              ->  Seq Scan on movie_companies mc  (cost=0.00..57926.93 rows=51 width=4) (actual time=0.344..943.436 rows=390 loops=1)
                    Filter: ((company_type_id < 2) AND (company_id = 895))
                    Rows Removed by Filter: 2608739
              ->  Index Scan using title_pkey on title t  (cost=0.43..8.45 rows=1 width=4) (actual time=0.044..0.044 rows=0 loops=390)
                    Index Cond: (id = mc.movie_id)
                    Filter: ((production_year < 2006) AND (kind_id = 1))
                    Rows Removed by Filter: 1
Planning time: 2.710 ms
Execution time: 7507.545 ms
