Hash Join  (cost=76582.74..113568.77 rows=58596 width=0) (actual time=3613.280..6059.056 rows=6856 loops=1)
  Hash Cond: (mi_idx.movie_id = t.id)
  ->  Seq Scan on movie_info_idx mi_idx  (cost=0.00..25185.44 rows=915101 width=4) (actual time=0.026..1813.788 rows=919850 loops=1)
        Filter: (info_type_id < 101)
        Rows Removed by Filter: 460185
  ->  Hash  (cost=73925.90..73925.90 rows=161907 width=4) (actual time=3611.182..3611.182 rows=37938 loops=1)
        Buckets: 131072  Batches: 4  Memory Usage: 1360kB
        ->  Seq Scan on title t  (cost=0.00..73925.90 rows=161907 width=4) (actual time=0.020..3595.188 rows=37938 loops=1)
              Filter: ((kind_id > 1) AND (production_year < 1958))
              Rows Removed by Filter: 2490374
Planning time: 3.505 ms
Execution time: 6060.178 ms
