Hash Join  (cost=102767.86..863751.88 rows=1894946 width=0) (actual time=1954.757..15409.203 rows=1836884 loops=1)
  Hash Cond: (ci.movie_id = t.id)
  ->  Seq Scan on cast_info ci  (cost=0.00..705507.15 rows=1894946 width=4) (actual time=26.857..11359.776 rows=1836884 loops=1)
        Filter: (person_id < 181131)
        Rows Removed by Filter: 34407460
  ->  Hash  (cost=61283.27..61283.27 rows=2528527 width=4) (actual time=1926.769..1926.769 rows=2528312 loops=1)
        Buckets: 131072  Batches: 64  Memory Usage: 2415kB
        ->  Seq Scan on title t  (cost=0.00..61283.27 rows=2528527 width=4) (actual time=0.017..1083.104 rows=2528312 loops=1)
Planning time: 0.713 ms
Execution time: 15600.448 ms
