Hash Join  (cost=1432494.93..2938395.54 rows=75444985 width=0) (actual time=42060.564..116042.789 rows=211726129 loops=1)
  Hash Cond: (mi.movie_id = t.id)
  ->  Seq Scan on movie_info mi  (cost=0.00..309384.22 rows=14739122 width=4) (actual time=0.013..6019.985 rows=14835720 loops=1)
  ->  Hash  (cost=1220152.63..1220152.63 rows=12942744 width=8) (actual time=42057.907..42057.907 rows=17688618 loops=1)
        Buckets: 131072  Batches: 256  Memory Usage: 3786kB
        ->  Hash Join  (cost=102767.86..1220152.63 rows=12942744 width=8) (actual time=2211.083..35891.664 rows=17688618 loops=1)
              Hash Cond: (ci.movie_id = t.id)
              ->  Seq Scan on cast_info ci  (cost=0.00..796071.18 rows=12942744 width=4) (actual time=182.931..16901.744 rows=17688618 loops=1)
                    Filter: ((person_id < 2384965) AND (role_id < 3))
                    Rows Removed by Filter: 18555726
              ->  Hash  (cost=61283.27..61283.27 rows=2528527 width=4) (actual time=2026.944..2026.944 rows=2528312 loops=1)
                    Buckets: 131072  Batches: 64  Memory Usage: 2415kB
                    ->  Seq Scan on title t  (cost=0.00..61283.27 rows=2528527 width=4) (actual time=0.025..1188.368 rows=2528312 loops=1)
Planning time: 1.185 ms
Execution time: 139825.788 ms
