Hash Join  (cost=86138.21..222774.12 rows=1069929 width=0) (actual time=1619.060..5671.424 rows=457584 loops=1)
  Hash Cond: (mk.movie_id = t.id)
  ->  Seq Scan on movie_keyword mk  (cost=0.00..81003.12 rows=3634534 width=4) (actual time=0.017..1740.492 rows=3627913 loops=1)
        Filter: (keyword_id > 845)
        Rows Removed by Filter: 896017
  ->  Hash  (cost=73925.90..73925.90 rows=744344 width=4) (actual time=1617.888..1617.888 rows=796638 loops=1)
        Buckets: 131072  Batches: 16  Memory Usage: 2785kB
        ->  Seq Scan on title t  (cost=0.00..73925.90 rows=744344 width=4) (actual time=0.011..1338.022 rows=796638 loops=1)
              Filter: ((kind_id > 1) AND (production_year > 2005))
              Rows Removed by Filter: 1731674
Planning time: 2.379 ms
Execution time: 5730.795 ms
