Hash Join  (cost=78931.38..196939.27 rows=338379 width=0) (actual time=1846.751..3802.025 rows=59285 loops=1)
  Hash Cond: (mk.movie_id = t.id)
  ->  Seq Scan on movie_keyword mk  (cost=0.00..81003.12 rows=2804527 width=4) (actual time=0.016..1614.686 rows=2793474 loops=1)
        Filter: (keyword_id < 8184)
        Rows Removed by Filter: 1730456
  ->  Hash  (cost=73925.90..73925.90 rows=305078 width=4) (actual time=1157.886..1157.886 rows=193383 loops=1)
        Buckets: 131072  Batches: 4  Memory Usage: 2724kB
        ->  Seq Scan on title t  (cost=0.00..73925.90 rows=305078 width=4) (actual time=333.235..1086.841 rows=193383 loops=1)
              Filter: ((production_year < 1979) AND (kind_id = 7))
              Rows Removed by Filter: 2334929
Planning time: 0.768 ms
Execution time: 3808.489 ms
