Seq Scan on movie_companies mc  (cost=0.00..51404.11 rows=1606882 width=0) (actual time=0.025..904.869 rows=1597401 loops=1)
  Filter: (company_id < 16333)
  Rows Removed by Filter: 1011728
Planning time: 0.332 ms
Execution time: 1101.039 ms
