Hash Join  (cost=102767.86..196320.99 rows=1070043 width=0) (actual time=2002.369..4703.397 rows=1198453 loops=1)
  Hash Cond: (mc.movie_id = t.id)
  ->  Seq Scan on movie_companies mc  (cost=0.00..57926.93 rows=1070043 width=4) (actual time=55.805..1189.695 rows=1198453 loops=1)
        Filter: ((company_id > 461) AND (company_type_id > 1))
        Rows Removed by Filter: 1410676
  ->  Hash  (cost=61283.27..61283.27 rows=2528527 width=4) (actual time=1945.254..1945.254 rows=2528312 loops=1)
        Buckets: 131072  Batches: 64  Memory Usage: 2415kB
        ->  Seq Scan on title t  (cost=0.00..61283.27 rows=2528527 width=4) (actual time=0.014..1073.882 rows=2528312 loops=1)
Planning time: 0.716 ms
Execution time: 4823.468 ms
