Hash Join  (cost=98137.04..268626.33 rows=2999627 width=0) (actual time=1917.447..6396.709 rows=1506727 loops=1)
  Hash Cond: (mk.movie_id = t.id)
  ->  Seq Scan on movie_keyword mk  (cost=0.00..81003.12 rows=4075580 width=4) (actual time=0.020..1763.020 rows=4076660 loops=1)
        Filter: (keyword_id < 39669)
        Rows Removed by Filter: 447270
  ->  Hash  (cost=67604.59..67604.59 rows=1860996 width=4) (actual time=1916.654..1916.654 rows=1865487 loops=1)
        Buckets: 131072  Batches: 32  Memory Usage: 3085kB
        ->  Seq Scan on title t  (cost=0.00..67604.59 rows=1860996 width=4) (actual time=0.017..1290.986 rows=1865487 loops=1)
              Filter: (kind_id > 1)
              Rows Removed by Filter: 662825
Planning time: 0.688 ms
Execution time: 6570.378 ms
