Hash Join  (cost=70241.71..143754.09 rows=77942 width=0) (actual time=1147.156..2832.922 rows=58705 loops=1)
  Hash Cond: (mc.movie_id = t.id)
  ->  Seq Scan on movie_companies mc  (cost=0.00..57926.93 rows=1226140 width=4) (actual time=0.023..1214.933 rows=1130377 loops=1)
        Filter: ((company_id < 112111) AND (company_type_id = 2))
        Rows Removed by Filter: 1478752
  ->  Hash  (cost=67604.59..67604.59 rows=160730 width=4) (actual time=1146.151..1146.151 rows=160017 loops=1)
        Buckets: 131072  Batches: 4  Memory Usage: 2436kB
        ->  Seq Scan on title t  (cost=0.00..67604.59 rows=160730 width=4) (actual time=0.019..1089.761 rows=160017 loops=1)
              Filter: (production_year = 2011)
              Rows Removed by Filter: 2368295
Planning time: 1.715 ms
Execution time: 2839.596 ms
