Hash Join  (cost=102767.86..1035532.03 rows=5270215 width=0) (actual time=2035.863..16852.150 rows=2220113 loops=1)
  Hash Cond: (ci.movie_id = t.id)
  ->  Seq Scan on cast_info ci  (cost=0.00..796071.18 rows=5270215 width=4) (actual time=0.029..12575.548 rows=2220113 loops=1)
        Filter: ((person_id < 782025) AND (role_id > 1))
        Rows Removed by Filter: 34024231
  ->  Hash  (cost=61283.27..61283.27 rows=2528527 width=4) (actual time=2034.609..2034.609 rows=2528312 loops=1)
        Buckets: 131072  Batches: 64  Memory Usage: 2415kB
        ->  Seq Scan on title t  (cost=0.00..61283.27 rows=2528527 width=4) (actual time=0.026..1189.610 rows=2528312 loops=1)
Planning time: 0.681 ms
Execution time: 17102.679 ms
