Hash Join  (cost=212382.95..1314306.68 rows=6631157 width=0) (actual time=4156.665..39946.795 rows=18271837 loops=1)
  Hash Cond: (ci.movie_id = t.id)
  ->  Seq Scan on cast_info ci  (cost=0.00..614943.12 rows=36225612 width=4) (actual time=0.023..13557.586 rows=36244344 loops=1)
  ->  Hash  (cost=204788.31..204788.31 rows=462851 width=8) (actual time=4155.820..4155.820 rows=472545 loops=1)
        Buckets: 131072  Batches: 8  Memory Usage: 3361kB
        ->  Hash Join  (cost=102767.86..204788.31 rows=462851 width=8) (actual time=1950.630..4031.074 rows=472545 loops=1)
              Hash Cond: (mk.movie_id = t.id)
              ->  Seq Scan on movie_keyword mk  (cost=0.00..81003.12 rows=462851 width=4) (actual time=0.030..1333.195 rows=472545 loops=1)
                    Filter: (keyword_id < 359)
                    Rows Removed by Filter: 4051385
              ->  Hash  (cost=61283.27..61283.27 rows=2528527 width=4) (actual time=1949.783..1949.783 rows=2528312 loops=1)
                    Buckets: 131072  Batches: 64  Memory Usage: 2425kB
                    ->  Seq Scan on title t  (cost=0.00..61283.27 rows=2528527 width=4) (actual time=0.027..1094.959 rows=2528312 loops=1)
Planning time: 1.092 ms
Execution time: 42028.757 ms
