Seq Scan on cast_info ci  (cost=0.00..796071.18 rows=382 width=0) (actual time=220.218..13093.915 rows=22 loops=1)
  Filter: ((role_id < 6) AND (person_id = 2941587))
  Rows Removed by Filter: 36244322
Planning time: 0.281 ms
Execution time: 13094.031 ms
