Nested Loop  (cost=0.43..58358.27 rows=51 width=0) (actual time=10.127..907.154 rows=51 loops=1)
  ->  Seq Scan on movie_companies mc  (cost=0.00..57926.93 rows=51 width=4) (actual time=10.052..905.264 rows=51 loops=1)
        Filter: ((company_type_id < 2) AND (company_id = 5611))
        Rows Removed by Filter: 2609078
  ->  Index Only Scan using title_pkey on title t  (cost=0.43..8.45 rows=1 width=4) (actual time=0.033..0.034 rows=1 loops=51)
        Index Cond: (id = mc.movie_id)
        Heap Fetches: 51
Planning time: 0.702 ms
Execution time: 907.259 ms
