Seq Scan on movie_companies mc  (cost=0.00..57926.93 rows=949114 width=0) (actual time=0.012..671.474 rows=796363 loops=1)
  Filter: ((company_id > 1025) AND (company_type_id = 1))
  Rows Removed by Filter: 1812766
Planning time: 0.352 ms
Execution time: 749.139 ms
