Seq Scan on title t  (cost=0.00..73925.90 rows=463388 width=0) (actual time=0.019..1255.946 rows=321767 loops=1)
  Filter: ((kind_id > 1) AND (production_year < 1987))
  Rows Removed by Filter: 2206545
Planning time: 0.216 ms
Execution time: 1298.427 ms
