Seq Scan on title t  (cost=0.00..73925.90 rows=374484 width=0) (actual time=0.015..1292.708 rows=383564 loops=1)
  Filter: ((kind_id > 2) AND (production_year > 2009))
  Rows Removed by Filter: 2144748
Planning time: 0.329 ms
Execution time: 1345.512 ms
