Hash Join  (cost=199029.73..336359.46 rows=1258069 width=0) (actual time=5332.697..13116.701 rows=20021168 loops=1)
  Hash Cond: (mk.movie_id = t.id)
  ->  Seq Scan on movie_keyword mk  (cost=0.00..69693.30 rows=4523930 width=4) (actual time=0.025..1539.819 rows=4523930 loops=1)
  ->  Hash  (cost=187493.19..187493.19 rows=703163 width=8) (actual time=5331.215..5331.215 rows=968585 loops=1)
        Buckets: 131072  Batches: 16  Memory Usage: 3426kB
        ->  Hash Join  (cost=102767.86..187493.19 rows=703163 width=8) (actual time=1990.318..4904.436 rows=968585 loops=1)
              Hash Cond: (mc.movie_id = t.id)
              ->  Seq Scan on movie_companies mc  (cost=0.00..57926.93 rows=703163 width=4) (actual time=0.008..1063.785 rows=968585 loops=1)
                    Filter: ((company_id < 12565) AND (company_type_id < 2))
                    Rows Removed by Filter: 1640544
              ->  Hash  (cost=61283.27..61283.27 rows=2528527 width=4) (actual time=1989.421..1989.421 rows=2528312 loops=1)
                    Buckets: 131072  Batches: 64  Memory Usage: 2415kB
                    ->  Seq Scan on title t  (cost=0.00..61283.27 rows=2528527 width=4) (actual time=0.010..1148.581 rows=2528312 loops=1)
Planning time: 0.709 ms
Execution time: 15282.233 ms
