Seq Scan on movie_keyword mk  (cost=0.00..81003.12 rows=2928084 width=0) (actual time=0.020..4492.522 rows=2920744 loops=1)
  Filter: (keyword_id > 2484)
  Rows Removed by Filter: 1603186
Planning time: 1.143 ms
Execution time: 4999.463 ms
