Seq Scan on cast_info ci  (cost=0.00..705507.15 rows=24714374 width=0) (actual time=0.031..13153.540 rows=24823603 loops=1)
  Filter: (person_id > 1122417)
  Rows Removed by Filter: 11420741
Planning time: 0.331 ms
Execution time: 16141.628 ms
