Seq Scan on cast_info ci  (cost=0.00..796071.18 rows=9073088 width=0) (actual time=838.561..12901.644 rows=10230376 loops=1)
  Filter: ((person_id < 1117443) AND (role_id < 8))
  Rows Removed by Filter: 26013968
Planning time: 0.349 ms
Execution time: 14085.316 ms
