Hash Join  (cost=74745.21..443221.78 rows=382065 width=0) (actual time=1209.960..10009.078 rows=455327 loops=1)
  Hash Cond: (mi.movie_id = t.id)
  ->  Seq Scan on movie_info mi  (cost=0.00..309384.22 rows=14739122 width=4) (actual time=0.016..4495.474 rows=14835720 loops=1)
  ->  Hash  (cost=73925.90..73925.90 rows=65544 width=4) (actual time=1181.789..1181.789 rows=62209 loops=1)
        Buckets: 131072  Batches: 1  Memory Usage: 3212kB
        ->  Seq Scan on title t  (cost=0.00..73925.90 rows=65544 width=4) (actual time=662.391..1157.017 rows=62209 loops=1)
              Filter: ((production_year < 2006) AND (kind_id = 4))
              Rows Removed by Filter: 2466103
Planning time: 0.530 ms
Execution time: 10073.985 ms
