Hash Join  (cost=74155.14..161141.29 rows=32811 width=0) (actual time=3266.489..8034.169 rows=78521 loops=1)
  Hash Cond: (mk.movie_id = t.id)
  ->  Seq Scan on movie_keyword mk  (cost=0.00..69693.30 rows=4523930 width=4) (actual time=0.024..3554.894 rows=4523930 loops=1)
  ->  Hash  (cost=73925.90..73925.90 rows=18339 width=4) (actual time=3266.114..3266.114 rows=14449 loops=1)
        Buckets: 32768  Batches: 1  Memory Usage: 764kB
        ->  Seq Scan on title t  (cost=0.00..73925.90 rows=18339 width=4) (actual time=0.035..3258.873 rows=14449 loops=1)
              Filter: ((kind_id < 7) AND (production_year = 1998))
              Rows Removed by Filter: 2513863
Planning time: 0.683 ms
Execution time: 8047.547 ms
