Seq Scan on movie_keyword mk  (cost=0.00..81003.12 rows=408184 width=0) (actual time=0.026..1179.285 rows=403166 loops=1)
  Filter: (keyword_id > 43070)
  Rows Removed by Filter: 4120764
Planning time: 0.283 ms
Execution time: 1228.931 ms
