Hash Join  (cost=148067.16..272628.87 rows=210067 width=0) (actual time=3127.816..6744.399 rows=443809 loops=1)
  Hash Cond: (mk.movie_id = t.id)
  ->  Seq Scan on movie_keyword mk  (cost=0.00..69693.30 rows=4523930 width=4) (actual time=0.019..1597.003 rows=4523930 loops=1)
  ->  Hash  (cost=146140.52..146140.52 rows=117411 width=8) (actual time=3126.564..3126.564 rows=223919 loops=1)
        Buckets: 131072 (originally 131072)  Batches: 4 (originally 2)  Memory Usage: 3202kB
        ->  Hash Join  (cost=69471.89..146140.52 rows=117411 width=8) (actual time=1109.131..3040.256 rows=223919 loops=1)
              Hash Cond: (mc.movie_id = t.id)
              ->  Seq Scan on movie_companies mc  (cost=0.00..44881.29 rows=2609129 width=4) (actual time=0.029..854.958 rows=2609129 loops=1)
              ->  Hash  (cost=67604.59..67604.59 rows=113784 width=4) (actual time=1108.403..1108.403 rows=117858 loops=1)
                    Buckets: 131072  Batches: 2  Memory Usage: 3091kB
                    ->  Seq Scan on title t  (cost=0.00..67604.59 rows=113784 width=4) (actual time=0.025..1067.073 rows=117858 loops=1)
                          Filter: (production_year < 1931)
                          Rows Removed by Filter: 2410454
Planning time: 1.024 ms
Execution time: 6790.916 ms
