Seq Scan on movie_companies mc  (cost=0.00..51404.11 rows=104 width=0) (actual time=175.350..775.665 rows=79 loops=1)
  Filter: (company_id = 73504)
  Rows Removed by Filter: 2609050
Planning time: 0.322 ms
Execution time: 775.778 ms
