Hash Join  (cost=234115.67..1199024.35 rows=8940724 width=0) (actual time=9886.308..29135.560 rows=9782739 loops=1)
  Hash Cond: (ci.movie_id = t.id)
  ->  Seq Scan on cast_info ci  (cost=0.00..705507.15 rows=12726058 width=4) (actual time=4421.494..14402.910 rows=12670688 loops=1)
        Filter: (role_id < 2)
        Rows Removed by Filter: 23573656
  ->  Hash  (cost=204970.38..204970.38 rows=1776423 width=8) (actual time=5463.831..5463.831 rows=1287252 loops=1)
        Buckets: 131072  Batches: 32  Memory Usage: 2568kB
        ->  Hash Join  (cost=102170.22..204970.38 rows=1776423 width=8) (actual time=2134.121..5083.829 rows=1287252 loops=1)
              Hash Cond: (mc.movie_id = t.id)
              ->  Seq Scan on movie_companies mc  (cost=0.00..44881.29 rows=2609129 width=4) (actual time=0.023..938.006 rows=2609129 loops=1)
              ->  Hash  (cost=73925.90..73925.90 rows=1721545 width=4) (actual time=2133.320..2133.320 rows=1799897 loops=1)
                    Buckets: 131072  Batches: 32  Memory Usage: 3007kB
                    ->  Seq Scan on title t  (cost=0.00..73925.90 rows=1721545 width=4) (actual time=0.016..1539.350 rows=1799897 loops=1)
                          Filter: ((kind_id > 1) AND (production_year > 1933))
                          Rows Removed by Filter: 728415
Planning time: 4.097 ms
Execution time: 30283.207 ms
