Hash Join  (cost=153315.04..192264.89 rows=73237 width=0) (actual time=2845.111..3538.427 rows=6456 loops=1)
  Hash Cond: (mi_idx.movie_id = t.id)
  ->  Seq Scan on movie_info_idx mi_idx  (cost=0.00..21735.35 rows=1380035 width=4) (actual time=0.019..439.194 rows=1380035 loops=1)
  ->  Hash  (cost=151112.71..151112.71 rows=134186 width=8) (actual time=2679.092..2679.092 rows=7009 loops=1)
        Buckets: 131072  Batches: 2  Memory Usage: 1161kB
        ->  Hash Join  (cost=80549.28..151112.71 rows=134186 width=8) (actual time=1642.197..2676.162 rows=7009 loops=1)
              Hash Cond: (mc.movie_id = t.id)
              ->  Seq Scan on movie_companies mc  (cost=0.00..57926.93 rows=840437 width=4) (actual time=350.106..1042.444 rows=642189 loops=1)
                    Filter: ((company_id > 2787) AND (company_type_id < 2))
                    Rows Removed by Filter: 1966940
              ->  Hash  (cost=73925.90..73925.90 rows=403710 width=4) (actual time=1290.097..1290.097 rows=434218 loops=1)
                    Buckets: 131072  Batches: 8  Memory Usage: 2935kB
                    ->  Seq Scan on title t  (cost=0.00..73925.90 rows=403710 width=4) (actual time=78.696..1151.670 rows=434218 loops=1)
                          Filter: ((production_year > 2008) AND (kind_id = 7))
                          Rows Removed by Filter: 2094094
Planning time: 1.153 ms
Execution time: 3539.514 ms
