Hash Join  (cost=102767.86..209208.83 rows=646637 width=0) (actual time=1875.745..4196.140 rows=648054 loops=1)
  Hash Cond: (mk.movie_id = t.id)
  ->  Seq Scan on movie_keyword mk  (cost=0.00..81003.12 rows=646637 width=4) (actual time=0.017..1416.098 rows=648054 loops=1)
        Filter: (keyword_id < 500)
        Rows Removed by Filter: 3875876
  ->  Hash  (cost=61283.27..61283.27 rows=2528527 width=4) (actual time=1874.623..1874.623 rows=2528312 loops=1)
        Buckets: 131072  Batches: 64  Memory Usage: 2425kB
        ->  Seq Scan on title t  (cost=0.00..61283.27 rows=2528527 width=4) (actual time=0.007..1004.158 rows=2528312 loops=1)
Planning time: 0.431 ms
Execution time: 4267.422 ms
