Seq Scan on movie_companies mc  (cost=0.00..57926.93 rows=318093 width=0) (actual time=0.007..961.272 rows=615803 loops=1)
  Filter: ((company_id > 60182) AND (company_type_id = 2))
  Rows Removed by Filter: 1993326
Planning time: 0.240 ms
Execution time: 1041.171 ms
