Hash Join  (cost=215433.82..728720.39 rows=3137764 width=0) (actual time=5235.013..26218.623 rows=29637316 loops=1)
  Hash Cond: (mi.movie_id = t.id)
  ->  Seq Scan on movie_info mi  (cost=0.00..309384.22 rows=14739122 width=4) (actual time=0.013..6097.846 rows=14835720 loops=1)
  ->  Hash  (cost=206602.20..206602.20 rows=538290 width=8) (actual time=5234.175..5234.175 rows=530475 loops=1)
        Buckets: 131072  Batches: 8  Memory Usage: 3702kB
        ->  Hash Join  (cost=102767.86..206602.20 rows=538290 width=8) (actual time=2050.769..5063.462 rows=530475 loops=1)
              Hash Cond: (mk.movie_id = t.id)
              ->  Seq Scan on movie_keyword mk  (cost=0.00..81003.12 rows=538290 width=4) (actual time=60.721..1405.539 rows=530475 loops=1)
                    Filter: (keyword_id > 34372)
                    Rows Removed by Filter: 3993455
              ->  Hash  (cost=61283.27..61283.27 rows=2528527 width=4) (actual time=1988.628..1988.628 rows=2528312 loops=1)
                    Buckets: 131072  Batches: 64  Memory Usage: 2425kB
                    ->  Seq Scan on title t  (cost=0.00..61283.27 rows=2528527 width=4) (actual time=0.035..1119.938 rows=2528312 loops=1)
Planning time: 1.461 ms
Execution time: 29594.521 ms
