Hash Join  (cost=255392.80..861985.25 rows=10155663 width=0) (actual time=7180.583..48660.098 rows=111336728 loops=1)
  Hash Cond: (mi.movie_id = t.id)
  ->  Seq Scan on movie_info mi  (cost=0.00..309384.22 rows=14739122 width=4) (actual time=0.019..6517.851 rows=14835720 loops=1)
  ->  Hash  (cost=226808.99..226808.99 rows=1742225 width=8) (actual time=7179.388..7179.388 rows=2320352 loops=1)
        Buckets: 131072  Batches: 32  Memory Usage: 3873kB
        ->  Hash Join  (cost=83580.70..226808.99 rows=1742225 width=8) (actual time=2147.329..6233.168 rows=2320352 loops=1)
              Hash Cond: (mk.movie_id = t.id)
              ->  Seq Scan on movie_keyword mk  (cost=0.00..69693.30 rows=4523930 width=4) (actual time=0.035..1493.762 rows=4523930 loops=1)
              ->  Hash  (cost=67604.59..67604.59 rows=973769 width=4) (actual time=1857.399..1857.399 rows=971188 loops=1)
                    Buckets: 131072  Batches: 16  Memory Usage: 3168kB
                    ->  Seq Scan on title t  (cost=0.00..67604.59 rows=973769 width=4) (actual time=0.017..1211.513 rows=971188 loops=1)
                          Filter: (production_year < 1999)
                          Rows Removed by Filter: 1557124
Planning time: 1.089 ms
Execution time: 61750.209 ms
