Seq Scan on cast_info ci  (cost=0.00..796071.18 rows=18435120 width=0) (actual time=89.455..14642.900 rows=17140253 loops=1)
  Filter: ((person_id > 1098138) AND (role_id < 5))
  Rows Removed by Filter: 19104091
Planning time: 0.668 ms
Execution time: 16643.459 ms
