Hash Join  (cost=247114.73..873008.32 rows=11964577 width=0) (actual time=5875.337..31588.743 rows=58649394 loops=1)
  Hash Cond: (mi.movie_id = t.id)
  ->  Seq Scan on movie_info mi  (cost=0.00..309384.22 rows=14739122 width=4) (actual time=0.017..5788.132 rows=14835720 loops=1)
  ->  Hash  (cost=213439.88..213439.88 rows=2052548 width=8) (actual time=5874.384..5874.384 rows=2046412 loops=1)
        Buckets: 131072  Batches: 32  Memory Usage: 3562kB
        ->  Hash Join  (cost=102767.86..213439.88 rows=2052548 width=8) (actual time=1880.001..5260.907 rows=2046412 loops=1)
              Hash Cond: (mc.movie_id = t.id)
              ->  Seq Scan on movie_companies mc  (cost=0.00..51404.11 rows=2052548 width=4) (actual time=0.031..1146.479 rows=2046412 loops=1)
                    Filter: (company_id < 71607)
                    Rows Removed by Filter: 562717
              ->  Hash  (cost=61283.27..61283.27 rows=2528527 width=4) (actual time=1878.590..1878.590 rows=2528312 loops=1)
                    Buckets: 131072  Batches: 64  Memory Usage: 2415kB
                    ->  Seq Scan on title t  (cost=0.00..61283.27 rows=2528527 width=4) (actual time=0.865..1036.188 rows=2528312 loops=1)
Planning time: 1.076 ms
Execution time: 37330.995 ms
