Hash Join  (cost=146730.98..1214077.70 rows=6545353 width=0) (actual time=3452.252..33173.948 rows=12692864 loops=1)
  Hash Cond: (ci.movie_id = t.id)
  ->  Seq Scan on cast_info ci  (cost=0.00..705507.15 rows=25413355 width=4) (actual time=0.006..15493.911 rows=25569258 loops=1)
        Filter: (person_id > 1047436)
        Rows Removed by Filter: 10675086
  ->  Hash  (cost=136046.53..136046.53 rows=651236 width=8) (actual time=3451.170..3451.170 rows=539725 loops=1)
        Buckets: 131072  Batches: 16  Memory Usage: 2333kB
        ->  Hash Join  (cost=87180.69..136046.53 rows=651236 width=8) (actual time=1929.739..3295.786 rows=539725 loops=1)
              Hash Cond: (mi_idx.movie_id = t.id)
              ->  Seq Scan on movie_info_idx mi_idx  (cost=0.00..21735.35 rows=1380035 width=4) (actual time=0.020..422.586 rows=1380035 loops=1)
              ->  Hash  (cost=67604.59..67604.59 rows=1193208 width=4) (actual time=1928.736..1928.736 rows=1192518 loops=1)
                    Buckets: 131072  Batches: 16  Memory Usage: 3646kB
                    ->  Seq Scan on title t  (cost=0.00..67604.59 rows=1193208 width=4) (actual time=0.009..1292.160 rows=1192518 loops=1)
                          Filter: (production_year > 2003)
                          Rows Removed by Filter: 1335794
Planning time: 0.726 ms
Execution time: 34509.350 ms
