Hash Join  (cost=94319.29..131957.51 rows=226611 width=0) (actual time=2228.798..3194.751 rows=162890 loops=1)
  Hash Cond: (mi_idx.movie_id = t.id)
  ->  Seq Scan on movie_info_idx mi_idx  (cost=0.00..25185.44 rows=460978 width=4) (actual time=0.021..477.992 rows=459925 loops=1)
        Filter: (info_type_id < 100)
        Rows Removed by Filter: 920110
  ->  Hash  (cost=73925.90..73925.90 rows=1242991 width=4) (actual time=2227.513..2227.513 rows=1363976 loops=1)
        Buckets: 131072  Batches: 32  Memory Usage: 2532kB
        ->  Seq Scan on title t  (cost=0.00..73925.90 rows=1242991 width=4) (actual time=0.021..1518.847 rows=1363976 loops=1)
              Filter: ((kind_id > 2) AND (production_year > 1989))
              Rows Removed by Filter: 1164336
Planning time: 0.734 ms
Execution time: 3214.914 ms
