Hash Join  (cost=94699.36..452486.36 rows=4925 width=0) (actual time=4150.679..7461.625 rows=17228 loops=1)
  Hash Cond: (mi.movie_id = t.id)
  ->  Seq Scan on movie_info mi  (cost=0.00..346232.03 rows=3068194 width=4) (actual time=2650.714..5453.379 rows=3036719 loops=1)
        Filter: (info_type_id = 16)
        Rows Removed by Filter: 11799001
  ->  Hash  (cost=94648.62..94648.62 rows=4059 width=8) (actual time=1496.514..1496.514 rows=9719 loops=1)
        Buckets: 16384 (originally 4096)  Batches: 1 (originally 1)  Memory Usage: 508kB
        ->  Hash Join  (cost=67697.55..94648.62 rows=4059 width=8) (actual time=856.551..1492.604 rows=9719 loops=1)
              Hash Cond: (mi_idx.movie_id = t.id)
              ->  Seq Scan on movie_info_idx mi_idx  (cost=0.00..21735.35 rows=1380035 width=4) (actual time=0.028..332.272 rows=1380035 loops=1)
              ->  Hash  (cost=67604.59..67604.59 rows=7437 width=4) (actual time=856.420..856.420 rows=14054 loops=1)
                    Buckets: 16384 (originally 8192)  Batches: 1 (originally 1)  Memory Usage: 623kB
                    ->  Seq Scan on title t  (cost=0.00..67604.59 rows=7437 width=4) (actual time=0.039..850.158 rows=14054 loops=1)
                          Filter: (production_year = 1975)
                          Rows Removed by Filter: 2514258
Planning time: 1.189 ms
Execution time: 7464.419 ms
