Seq Scan on movie_keyword mk  (cost=0.00..81003.12 rows=246 width=0) (actual time=0.932..1304.667 rows=1793 loops=1)
  Filter: (keyword_id = 11652)
  Rows Removed by Filter: 4522137
Planning time: 0.338 ms
Execution time: 1305.227 ms
