Seq Scan on cast_info ci  (cost=0.00..796071.18 rows=23445109 width=0) (actual time=5493.076..18094.818 rows=23552085 loops=1)
  Filter: ((person_id > 8713) AND (role_id > 1))
  Rows Removed by Filter: 12692259
Planning time: 0.338 ms
Execution time: 21026.275 ms
