Seq Scan on cast_info ci  (cost=0.00..796071.18 rows=224 width=0) (actual time=10186.560..35550.224 rows=2 loops=1)
  Filter: ((role_id > 2) AND (person_id = 3517123))
  Rows Removed by Filter: 36244342
Planning time: 9.197 ms
Execution time: 35550.352 ms
