Hash Join  (cost=102767.86..205240.66 rows=1711796 width=0) (actual time=1877.139..4734.448 rows=1703081 loops=1)
  Hash Cond: (mc.movie_id = t.id)
  ->  Seq Scan on movie_companies mc  (cost=0.00..51404.11 rows=1711796 width=4) (actual time=0.013..1048.330 rows=1703081 loops=1)
        Filter: (company_id < 21088)
        Rows Removed by Filter: 906048
  ->  Hash  (cost=61283.27..61283.27 rows=2528527 width=4) (actual time=1876.012..1876.012 rows=2528312 loops=1)
        Buckets: 131072  Batches: 64  Memory Usage: 2415kB
        ->  Seq Scan on title t  (cost=0.00..61283.27 rows=2528527 width=4) (actual time=0.020..1047.256 rows=2528312 loops=1)
Planning time: 0.695 ms
Execution time: 4933.462 ms
