Hash Join  (cost=69484.36..141363.56 rows=75501 width=0) (actual time=1349.086..2695.890 rows=89923 loops=1)
  Hash Cond: (mc.movie_id = t.id)
  ->  Seq Scan on movie_companies mc  (cost=0.00..51404.11 rows=1666686 width=4) (actual time=0.025..953.202 rows=1657258 loops=1)
        Filter: (company_id < 18540)
        Rows Removed by Filter: 951871
  ->  Hash  (cost=67604.59..67604.59 rows=114542 width=4) (actual time=1117.666..1117.666 rows=118234 loops=1)
        Buckets: 131072  Batches: 2  Memory Usage: 3101kB
        ->  Seq Scan on title t  (cost=0.00..67604.59 rows=114542 width=4) (actual time=300.253..1076.529 rows=118234 loops=1)
              Filter: (kind_id = 4)
              Rows Removed by Filter: 2410078
Planning time: 0.755 ms
Execution time: 2707.923 ms
