Hash Join  (cost=679493.85..2515780.61 rows=55144543 width=0) (actual time=20324.033..118646.246 rows=238936289 loops=1)
  Hash Cond: (ci.movie_id = t.id)
  ->  Seq Scan on cast_info ci  (cost=0.00..705507.15 rows=31554923 width=4) (actual time=0.022..17501.204 rows=31605208 loops=1)
        Filter: (role_id < 10)
        Rows Removed by Filter: 4639136
  ->  Hash  (cost=606998.02..606998.02 rows=4418786 width=8) (actual time=20320.073..20320.073 rows=9070626 loops=1)
        Buckets: 131072 (originally 131072)  Batches: 128 (originally 64)  Memory Usage: 3789kB
        ->  Hash Join  (cost=80042.24..606998.02 rows=4418786 width=8) (actual time=1412.183..17579.438 rows=9070626 loops=1)
              Hash Cond: (mi.movie_id = t.id)
              ->  Seq Scan on movie_info mi  (cost=0.00..309384.22 rows=14739122 width=4) (actual time=0.013..5832.156 rows=14835720 loops=1)
              ->  Hash  (cost=67604.59..67604.59 rows=758052 width=4) (actual time=1411.313..1411.313 rows=753677 loops=1)
                    Buckets: 131072  Batches: 16  Memory Usage: 2686kB
                    ->  Seq Scan on title t  (cost=0.00..67604.59 rows=758052 width=4) (actual time=0.013..1164.697 rows=753677 loops=1)
                          Filter: (kind_id < 3)
                          Rows Removed by Filter: 1774635
Planning time: 1.161 ms
Execution time: 145159.481 ms
