Hash Join  (cost=1248920.85..2543545.77 rows=60824387 width=0) (actual time=29945.168..86283.484 rows=171797130 loops=1)
  Hash Cond: (mi.movie_id = t.id)
  ->  Seq Scan on movie_info mi  (cost=0.00..309384.22 rows=14739122 width=4) (actual time=0.014..5986.620 rows=14835720 loops=1)
  ->  Hash  (cost=1077728.98..1077728.98 rows=10434550 width=8) (actual time=29941.826..29941.826 rows=11071816 loops=1)
        Buckets: 131072  Batches: 256  Memory Usage: 2765kB
        ->  Hash Join  (cost=103076.32..1077728.98 rows=10434550 width=8) (actual time=2411.096..26849.561 rows=11071816 loops=1)
              Hash Cond: (ci.movie_id = t.id)
              ->  Seq Scan on cast_info ci  (cost=0.00..705507.15 rows=12203201 width=4) (actual time=0.019..14575.171 rows=12113646 loops=1)
                    Filter: (role_id > 3)
                    Rows Removed by Filter: 24130698
              ->  Hash  (cost=67604.59..67604.59 rows=2162059 width=4) (actual time=2410.454..2410.454 rows=2159747 loops=1)
                    Buckets: 131072  Batches: 32  Memory Usage: 3400kB
                    ->  Seq Scan on title t  (cost=0.00..67604.59 rows=2162059 width=4) (actual time=0.012..1369.882 rows=2159747 loops=1)
                          Filter: (production_year > 1964)
                          Rows Removed by Filter: 368565
Planning time: 1.118 ms
Execution time: 104511.961 ms
