Seq Scan on cast_info ci  (cost=0.00..796071.18 rows=38 width=0) (actual time=10782.309..10879.006 rows=22 loops=1)
  Filter: ((person_id = 2864245) AND (role_id = 4))
  Rows Removed by Filter: 36244322
Planning time: 0.430 ms
Execution time: 10879.103 ms
