Seq Scan on cast_info ci  (cost=0.00..705507.15 rows=17245108 width=0) (actual time=0.036..11719.373 rows=17122578 loops=1)
  Filter: (person_id < 1691780)
  Rows Removed by Filter: 19121766
Planning time: 0.330 ms
Execution time: 13844.014 ms
