Hash Join  (cost=87428.23..544086.76 rows=2355025 width=0) (actual time=2797.639..11765.567 rows=1021296 loops=1)
  Hash Cond: (mi.movie_id = t.id)
  ->  Seq Scan on movie_info mi  (cost=0.00..346232.03 rows=7235534 width=4) (actual time=1211.829..6206.833 rows=7286865 loops=1)
        Filter: (info_type_id < 8)
        Rows Removed by Filter: 7548855
  ->  Hash  (cost=73925.90..73925.90 rows=822986 width=4) (actual time=1584.933..1584.933 rows=738761 loops=1)
        Buckets: 131072  Batches: 16  Memory Usage: 2654kB
        ->  Seq Scan on title t  (cost=0.00..73925.90 rows=822986 width=4) (actual time=199.361..1346.718 rows=738761 loops=1)
              Filter: ((production_year < 2005) AND (kind_id = 7))
              Rows Removed by Filter: 1789551
Planning time: 0.604 ms
Execution time: 11871.373 ms
