Hash Join  (cost=177794.84..637293.58 rows=1164973 width=0) (actual time=3754.866..15954.517 rows=2436817 loops=1)
  Hash Cond: (mi.movie_id = t.id)
  ->  Seq Scan on movie_info mi  (cost=0.00..346232.03 rows=8673596 width=4) (actual time=149.528..6965.150 rows=8786582 loops=1)
        Filter: (info_type_id < 13)
        Rows Removed by Filter: 6049138
  ->  Hash  (cost=172222.68..172222.68 rows=339613 width=8) (actual time=3604.470..3604.470 rows=334457 loops=1)
        Buckets: 131072  Batches: 8  Memory Usage: 2672kB
        ->  Hash Join  (cost=102767.86..172222.68 rows=339613 width=8) (actual time=2084.787..3511.366 rows=334457 loops=1)
              Hash Cond: (mc.movie_id = t.id)
              ->  Seq Scan on movie_companies mc  (cost=0.00..51404.11 rows=339613 width=4) (actual time=0.039..809.719 rows=334457 loops=1)
                    Filter: (company_id < 166)
                    Rows Removed by Filter: 2274672
              ->  Hash  (cost=61283.27..61283.27 rows=2528527 width=4) (actual time=2083.373..2083.373 rows=2528312 loops=1)
                    Buckets: 131072  Batches: 64  Memory Usage: 2415kB
                    ->  Seq Scan on title t  (cost=0.00..61283.27 rows=2528527 width=4) (actual time=0.014..1251.798 rows=2528312 loops=1)
Planning time: 1.153 ms
Execution time: 16256.661 ms
