Hash Join  (cost=194143.13..238799.01 rows=405840 width=0) (actual time=10828.055..13421.450 rows=1192555 loops=1)
  Hash Cond: (mi_idx.movie_id = t.id)
  ->  Seq Scan on movie_info_idx mi_idx  (cost=0.00..21735.35 rows=1380035 width=4) (actual time=0.018..1316.013 rows=1380035 loops=1)
  ->  Hash  (cost=181943.28..181943.28 rows=743588 width=8) (actual time=10827.249..10827.249 rows=737675 loops=1)
        Buckets: 131072  Batches: 16  Memory Usage: 2821kB
        ->  Hash Join  (cost=102767.86..181943.28 rows=743588 width=8) (actual time=5736.435..10570.107 rows=737675 loops=1)
              Hash Cond: (mc.movie_id = t.id)
              ->  Seq Scan on movie_companies mc  (cost=0.00..51404.11 rows=743588 width=4) (actual time=0.023..2935.564 rows=737675 loops=1)
                    Filter: (company_id < 1446)
                    Rows Removed by Filter: 1871454
              ->  Hash  (cost=61283.27..61283.27 rows=2528527 width=4) (actual time=5734.277..5734.277 rows=2528312 loops=1)
                    Buckets: 131072  Batches: 64  Memory Usage: 2415kB
                    ->  Seq Scan on title t  (cost=0.00..61283.27 rows=2528527 width=4) (actual time=0.015..4392.307 rows=2528312 loops=1)
Planning time: 1.037 ms
Execution time: 13586.329 ms
