Hash Join  (cost=305712.79..979571.98 rows=13870449 width=0) (actual time=7614.169..53945.502 rows=145337984 loops=1)
  Hash Cond: (mi.movie_id = t.id)
  ->  Seq Scan on movie_info mi  (cost=0.00..346232.03 rows=12665229 width=4) (actual time=403.671..7425.825 rows=12744652 loops=1)
        Filter: (info_type_id > 2)
        Rows Removed by Filter: 2091068
  ->  Hash  (cost=260281.52..260281.52 rows=2769141 width=8) (actual time=7207.729..7207.729 rows=2759460 loops=1)
        Buckets: 131072  Batches: 64  Memory Usage: 2812kB
        ->  Hash Join  (cost=102767.86..260281.52 rows=2769141 width=8) (actual time=1955.132..6103.268 rows=2759460 loops=1)
              Hash Cond: (mk.movie_id = t.id)
              ->  Seq Scan on movie_keyword mk  (cost=0.00..81003.12 rows=2769141 width=4) (actual time=0.019..1674.272 rows=2759460 loops=1)
                    Filter: (keyword_id > 2864)
                    Rows Removed by Filter: 1764470
              ->  Hash  (cost=61283.27..61283.27 rows=2528527 width=4) (actual time=1953.938..1953.938 rows=2528312 loops=1)
                    Buckets: 131072  Batches: 64  Memory Usage: 2425kB
                    ->  Seq Scan on title t  (cost=0.00..61283.27 rows=2528527 width=4) (actual time=0.016..1104.323 rows=2528312 loops=1)
Planning time: 1.123 ms
Execution time: 69940.398 ms
