Hash Join  (cost=101611.36..466771.74 rows=50448 width=0) (actual time=1776.921..9578.087 rows=177036 loops=1)
  Hash Cond: (mi.movie_id = t.id)
  ->  Seq Scan on movie_info mi  (cost=0.00..309384.22 rows=14739122 width=4) (actual time=0.019..4406.684 rows=14835720 loops=1)
  ->  Hash  (cost=101503.18..101503.18 rows=8654 width=8) (actual time=1776.664..1776.664 rows=10594 loops=1)
        Buckets: 16384  Batches: 1  Memory Usage: 542kB
        ->  Hash Join  (cost=74528.24..101503.18 rows=8654 width=8) (actual time=1177.558..1772.077 rows=10594 loops=1)
              Hash Cond: (mi_idx.movie_id = t.id)
              ->  Seq Scan on movie_info_idx mi_idx  (cost=0.00..25185.44 rows=454124 width=4) (actual time=0.017..451.719 rows=459925 loops=1)
                    Filter: (info_type_id = 100)
                    Rows Removed by Filter: 920110
              ->  Hash  (cost=73925.90..73925.90 rows=48187 width=4) (actual time=1177.190..1177.190 rows=42764 loops=1)
                    Buckets: 65536  Batches: 1  Memory Usage: 2016kB
                    ->  Seq Scan on title t  (cost=0.00..73925.90 rows=48187 width=4) (actual time=0.021..1160.020 rows=42764 loops=1)
                          Filter: ((kind_id < 3) AND (production_year = 2011))
                          Rows Removed by Filter: 2485548
Planning time: 1.206 ms
Execution time: 9606.528 ms
