Hash Join  (cost=542808.31..693483.85 rows=2403094 width=0) (actual time=10556.203..15700.272 rows=5780634 loops=1)
  Hash Cond: (mk.movie_id = t.id)
  ->  Seq Scan on movie_keyword mk  (cost=0.00..81003.12 rows=2929895 width=4) (actual time=0.029..1553.817 rows=2916364 loops=1)
        Filter: (keyword_id < 9474)
        Rows Removed by Filter: 1607566
  ->  Hash  (cost=508782.64..508782.64 rows=2073893 width=8) (actual time=10555.106..10555.106 rows=2091068 loops=1)
        Buckets: 131072  Batches: 32  Memory Usage: 3569kB
        ->  Hash Join  (cost=102767.86..508782.64 rows=2073893 width=8) (actual time=3564.279..9904.214 rows=2091068 loops=1)
              Hash Cond: (mi.movie_id = t.id)
              ->  Seq Scan on movie_info mi  (cost=0.00..346232.03 rows=2073893 width=4) (actual time=1639.245..5463.398 rows=2091068 loops=1)
                    Filter: (info_type_id < 3)
                    Rows Removed by Filter: 12744652
              ->  Hash  (cost=61283.27..61283.27 rows=2528527 width=4) (actual time=1923.644..1923.644 rows=2528312 loops=1)
                    Buckets: 131072  Batches: 64  Memory Usage: 2425kB
                    ->  Seq Scan on title t  (cost=0.00..61283.27 rows=2528527 width=4) (actual time=0.031..1065.079 rows=2528312 loops=1)
Planning time: 1.475 ms
Execution time: 16393.665 ms
