Seq Scan on cast_info ci  (cost=0.00..705507.15 rows=34609805 width=0) (actual time=0.023..12519.932 rows=34613333 loops=1)
  Filter: (person_id < 3739014)
  Rows Removed by Filter: 1631011
Planning time: 0.315 ms
Execution time: 16471.556 ms
