Hash Join  (cost=102767.86..224791.81 rows=1294205 width=0) (actual time=2002.285..5022.797 rows=1305959 loops=1)
  Hash Cond: (mk.movie_id = t.id)
  ->  Seq Scan on movie_keyword mk  (cost=0.00..81003.12 rows=1294205 width=4) (actual time=0.028..1408.478 rows=1305959 loops=1)
        Filter: (keyword_id > 13451)
        Rows Removed by Filter: 3217971
  ->  Hash  (cost=61283.27..61283.27 rows=2528527 width=4) (actual time=1999.078..1999.078 rows=2528312 loops=1)
        Buckets: 131072  Batches: 64  Memory Usage: 2425kB
        ->  Seq Scan on title t  (cost=0.00..61283.27 rows=2528527 width=4) (actual time=0.024..1148.514 rows=2528312 loops=1)
Planning time: 0.982 ms
Execution time: 5169.550 ms
