Hash Join  (cost=165940.24..531346.59 rows=206881 width=0) (actual time=18539.164..25497.847 rows=683925 loops=1)
  Hash Cond: (mi.movie_id = t.id)
  ->  Seq Scan on movie_info mi  (cost=0.00..346232.03 rows=1348138 width=4) (actual time=9403.346..15198.258 rows=1298989 loops=1)
        Filter: (info_type_id = 4)
        Rows Removed by Filter: 13536731
  ->  Hash  (cost=159573.99..159573.99 rows=388020 width=8) (actual time=9134.899..9134.899 rows=608894 loops=1)
        Buckets: 131072  Batches: 8  Memory Usage: 4016kB
        ->  Hash Join  (cost=86032.63..159573.99 rows=388020 width=8) (actual time=5593.971..8877.819 rows=608894 loops=1)
              Hash Cond: (mc.movie_id = t.id)
              ->  Seq Scan on movie_companies mc  (cost=0.00..51404.11 rows=1329612 width=4) (actual time=747.566..2706.060 rows=1334883 loops=1)
                    Filter: (company_type_id = 2)
                    Rows Removed by Filter: 1274246
              ->  Hash  (cost=73925.90..73925.90 rows=737898 width=4) (actual time=4838.274..4838.274 rows=643239 loops=1)
                    Buckets: 131072  Batches: 16  Memory Usage: 2437kB
                    ->  Seq Scan on title t  (cost=0.00..73925.90 rows=737898 width=4) (actual time=0.028..4097.797 rows=643239 loops=1)
                          Filter: ((kind_id < 7) AND (production_year > 1983))
                          Rows Removed by Filter: 1885073
Planning time: 1.236 ms
Execution time: 25592.313 ms
