Seq Scan on title t  (cost=0.00..73925.90 rows=332939 width=0) (actual time=396.449..1040.818 rows=255571 loops=1)
  Filter: ((kind_id < 2) AND (production_year > 2002))
  Rows Removed by Filter: 2272741
Planning time: 0.324 ms
Execution time: 1073.582 ms
