Hash Join  (cost=73974.47..158132.67 rows=1287 width=0) (actual time=1059.415..2495.831 rows=2488 loops=1)
  Hash Cond: (mk.movie_id = t.id)
  ->  Seq Scan on movie_keyword mk  (cost=0.00..81003.12 rows=837922 width=4) (actual time=0.015..1285.157 rows=838029 loops=1)
        Filter: (keyword_id < 800)
        Rows Removed by Filter: 3685901
  ->  Hash  (cost=73925.90..73925.90 rows=3885 width=4) (actual time=1057.893..1057.893 rows=3892 loops=1)
        Buckets: 4096  Batches: 1  Memory Usage: 169kB
        ->  Seq Scan on title t  (cost=0.00..73925.90 rows=3885 width=4) (actual time=0.232..1056.000 rows=3892 loops=1)
              Filter: ((kind_id = 3) AND (production_year = 2005))
              Rows Removed by Filter: 2524420
Planning time: 0.787 ms
Execution time: 2496.423 ms
