Seq Scan on cast_info ci  (cost=0.00..705507.15 rows=35082723 width=0) (actual time=0.025..14182.813 rows=35206904 loops=1)
  Filter: (person_id > 106020)
  Rows Removed by Filter: 1037440
Planning time: 0.370 ms
Execution time: 18547.253 ms
