Hash Join  (cost=180771.74..1073840.21 rows=3750360 width=0) (actual time=7747.754..25612.504 rows=6320539 loops=1)
  Hash Cond: (ci.movie_id = t.id)
  ->  Seq Scan on cast_info ci  (cost=0.00..705507.15 rows=12726058 width=4) (actual time=3671.977..13998.836 rows=12670688 loops=1)
        Filter: (role_id = 1)
        Rows Removed by Filter: 23573656
  ->  Hash  (cost=168546.31..168546.31 rows=745155 width=8) (actual time=4074.905..4074.905 rows=539302 loops=1)
        Buckets: 131072  Batches: 16  Memory Usage: 2316kB
        ->  Hash Join  (cost=84197.31..168546.31 rows=745155 width=8) (actual time=1602.506..3898.878 rows=539302 loops=1)
              Hash Cond: (mc.movie_id = t.id)
              ->  Seq Scan on movie_companies mc  (cost=0.00..51404.11 rows=1863022 width=4) (actual time=0.034..1091.052 rows=1858097 loops=1)
                    Filter: (company_id < 36912)
                    Rows Removed by Filter: 751032
              ->  Hash  (cost=67604.59..67604.59 rows=1011338 width=4) (actual time=1601.174..1601.174 rows=1012920 loops=1)
                    Buckets: 131072  Batches: 16  Memory Usage: 3250kB
                    ->  Seq Scan on title t  (cost=0.00..67604.59 rows=1011338 width=4) (actual time=0.025..1282.285 rows=1012920 loops=1)
                          Filter: (production_year > 2005)
                          Rows Removed by Filter: 1515392
Planning time: 1.203 ms
Execution time: 26363.496 ms
