Nested Loop  (cost=0.43..135591.45 rows=24 width=0) (actual time=24.109..1287.361 rows=63 loops=1)
  ->  Seq Scan on movie_keyword mk  (cost=0.00..81003.12 rows=7992 width=4) (actual time=0.030..1109.229 rows=7673 loops=1)
        Filter: (keyword_id = 7078)
        Rows Removed by Filter: 4516257
  ->  Index Scan using title_pkey on title t  (cost=0.43..6.82 rows=1 width=4) (actual time=0.023..0.023 rows=0 loops=7673)
        Index Cond: (id = mk.movie_id)
        Filter: (production_year = 1976)
        Rows Removed by Filter: 1
Planning time: 2.516 ms
Execution time: 1287.526 ms
