Hash Join  (cost=68237.77..149711.51 rows=2387 width=0) (actual time=1151.984..2422.646 rows=2246 loops=1)
  Hash Cond: (mk.movie_id = t.id)
  ->  Seq Scan on movie_keyword mk  (cost=0.00..81003.12 rows=119130 width=4) (actual time=0.024..1242.342 rows=117142 loops=1)
        Filter: (keyword_id > 78677)
        Rows Removed by Filter: 4406788
  ->  Hash  (cost=67604.59..67604.59 rows=50655 width=4) (actual time=1150.003..1150.003 rows=50564 loops=1)
        Buckets: 65536  Batches: 1  Memory Usage: 2290kB
        ->  Seq Scan on title t  (cost=0.00..67604.59 rows=50655 width=4) (actual time=0.040..1128.978 rows=50564 loops=1)
              Filter: (production_year = 1999)
              Rows Removed by Filter: 2477748
Planning time: 0.729 ms
Execution time: 2423.255 ms
