Seq Scan on title t  (cost=0.00..73925.90 rows=513726 width=0) (actual time=0.022..1328.443 rows=376772 loops=1)
  Filter: ((kind_id > 3) AND (production_year < 1994))
  Rows Removed by Filter: 2151540
Planning time: 0.467 ms
Execution time: 1376.268 ms
