Hash Join  (cost=263115.61..1219867.43 rows=6369006 width=0) (actual time=7426.159..30414.915 rows=13352757 loops=1)
  Hash Cond: (ci.movie_id = t.id)
  ->  Seq Scan on cast_info ci  (cost=0.00..796071.18 rows=6172253 width=4) (actual time=1253.131..16004.088 rows=7450676 loops=1)
        Filter: ((person_id > 532041) AND (role_id = 2))
        Rows Removed by Filter: 28793668
  ->  Hash  (cost=220309.49..220309.49 rows=2609129 width=8) (actual time=6171.702..6171.702 rows=2609129 loops=1)
        Buckets: 131072  Batches: 64  Memory Usage: 2610kB
        ->  Hash Join  (cost=102767.86..220309.49 rows=2609129 width=8) (actual time=1893.896..5401.536 rows=2609129 loops=1)
              Hash Cond: (mc.movie_id = t.id)
              ->  Seq Scan on movie_companies mc  (cost=0.00..44881.29 rows=2609129 width=4) (actual time=0.024..958.647 rows=2609129 loops=1)
              ->  Hash  (cost=61283.27..61283.27 rows=2528527 width=4) (actual time=1892.863..1892.863 rows=2528312 loops=1)
                    Buckets: 131072  Batches: 64  Memory Usage: 2415kB
                    ->  Seq Scan on title t  (cost=0.00..61283.27 rows=2528527 width=4) (actual time=0.018..1072.563 rows=2528312 loops=1)
Planning time: 2.267 ms
Execution time: 31960.125 ms
