Seq Scan on movie_keyword mk  (cost=0.00..81003.12 rows=246 width=0) (actual time=24.295..1194.953 rows=176 loops=1)
  Filter: (keyword_id = 16505)
  Rows Removed by Filter: 4523754
Planning time: 0.347 ms
Execution time: 1195.149 ms
