Seq Scan on cast_info ci  (cost=0.00..705507.15 rows=31651850 width=0) (actual time=0.016..12852.675 rows=31636467 loops=1)
  Filter: (person_id < 3223589)
  Rows Removed by Filter: 4607877
Planning time: 0.341 ms
Execution time: 16699.201 ms
