Hash Join  (cost=102767.86..200932.57 rows=1261648 width=0) (actual time=1592.461..4181.839 rows=1274246 loops=1)
  Hash Cond: (mc.movie_id = t.id)
  ->  Seq Scan on movie_companies mc  (cost=0.00..57926.93 rows=1261648 width=4) (actual time=3.060..1195.185 rows=1274246 loops=1)
        Filter: ((company_id < 203207) AND (company_type_id < 2))
        Rows Removed by Filter: 1334883
  ->  Hash  (cost=61283.27..61283.27 rows=2528527 width=4) (actual time=1588.065..1588.065 rows=2528312 loops=1)
        Buckets: 131072  Batches: 64  Memory Usage: 2415kB
        ->  Seq Scan on title t  (cost=0.00..61283.27 rows=2528527 width=4) (actual time=0.019..805.039 rows=2528312 loops=1)
Planning time: 0.808 ms
Execution time: 4339.314 ms
