Hash Join  (cost=98137.04..966596.49 rows=5680080 width=0) (actual time=2192.908..20597.830 rows=5323586 loops=1)
  Hash Cond: (ci.movie_id = t.id)
  ->  Seq Scan on cast_info ci  (cost=0.00..705507.15 rows=7717500 width=4) (actual time=0.023..12613.083 rows=7616283 loops=1)
        Filter: (person_id < 738419)
        Rows Removed by Filter: 28628061
  ->  Hash  (cost=67604.59..67604.59 rows=1860996 width=4) (actual time=2191.780..2191.780 rows=1865487 loops=1)
        Buckets: 131072  Batches: 32  Memory Usage: 3079kB
        ->  Seq Scan on title t  (cost=0.00..67604.59 rows=1860996 width=4) (actual time=0.016..1308.898 rows=1865487 loops=1)
              Filter: (kind_id > 1)
              Rows Removed by Filter: 662825
Planning time: 0.695 ms
Execution time: 21217.792 ms
