Hash Join  (cost=102767.86..915345.37 rows=4039161 width=0) (actual time=3722.145..17039.864 rows=4073511 loops=1)
  Hash Cond: (ci.movie_id = t.id)
  ->  Seq Scan on cast_info ci  (cost=0.00..705507.15 rows=4039161 width=4) (actual time=1845.315..11547.834 rows=4073511 loops=1)
        Filter: (person_id > 3310008)
        Rows Removed by Filter: 32170833
  ->  Hash  (cost=61283.27..61283.27 rows=2528527 width=4) (actual time=1875.099..1875.099 rows=2528312 loops=1)
        Buckets: 131072  Batches: 64  Memory Usage: 2415kB
        ->  Seq Scan on title t  (cost=0.00..61283.27 rows=2528527 width=4) (actual time=0.033..1037.433 rows=2528312 loops=1)
Planning time: 1.345 ms
Execution time: 17517.305 ms
