Hash Join  (cost=102767.86..481797.89 rows=952493 width=0) (actual time=3320.815..9009.911 rows=1000392 loops=1)
  Hash Cond: (mi.movie_id = t.id)
  ->  Seq Scan on movie_info mi  (cost=0.00..346232.03 rows=952493 width=4) (actual time=1290.440..5486.652 rows=1000392 loops=1)
        Filter: (info_type_id > 88)
        Rows Removed by Filter: 13835328
  ->  Hash  (cost=61283.27..61283.27 rows=2528527 width=4) (actual time=2027.851..2027.851 rows=2528312 loops=1)
        Buckets: 131072  Batches: 64  Memory Usage: 2425kB
        ->  Seq Scan on title t  (cost=0.00..61283.27 rows=2528527 width=4) (actual time=0.024..1157.550 rows=2528312 loops=1)
Planning time: 0.716 ms
Execution time: 9122.900 ms
