Seq Scan on movie_companies mc  (cost=0.00..57926.93 rows=589460 width=0) (actual time=0.037..917.091 rows=375541 loops=1)
  Filter: ((company_id < 9087) AND (company_type_id = 2))
  Rows Removed by Filter: 2233588
Planning time: 0.373 ms
Execution time: 965.110 ms
