Hash Join  (cost=94072.72..465995.35 rows=617982 width=0) (actual time=3931.346..8448.012 rows=462689 loops=1)
  Hash Cond: (mi.movie_id = t.id)
  ->  Seq Scan on movie_info mi  (cost=0.00..346232.03 rows=1272478 width=4) (actual time=1375.634..4686.732 rows=1325361 loops=1)
        Filter: (info_type_id = 8)
        Rows Removed by Filter: 13510359
  ->  Hash  (cost=73925.90..73925.90 rows=1227985 width=4) (actual time=2554.499..2554.499 rows=1197374 loops=1)
        Buckets: 131072  Batches: 32  Memory Usage: 2347kB
        ->  Seq Scan on title t  (cost=0.00..73925.90 rows=1227985 width=4) (actual time=0.029..1361.251 rows=1197374 loops=1)
              Filter: ((kind_id > 1) AND (production_year < 2008))
              Rows Removed by Filter: 1330938
Planning time: 0.771 ms
Execution time: 8506.161 ms
