Hash Join  (cost=916310.26..1407786.09 rows=1093691 width=0) (actual time=15995.539..29340.655 rows=2670543 loops=1)
  Hash Cond: (mi.movie_id = t.id)
  ->  Seq Scan on movie_info mi  (cost=0.00..309384.22 rows=14739122 width=4) (actual time=0.004..6171.925 rows=14835720 loops=1)
  ->  Hash  (cost=913231.94..913231.94 rows=187625 width=8) (actual time=15994.755..15994.755 rows=250228 loops=1)
        Buckets: 131072  Batches: 4  Memory Usage: 3474kB
        ->  Hash Join  (cost=102767.86..913231.94 rows=187625 width=8) (actual time=3421.283..15919.876 rows=250228 loops=1)
              Hash Cond: (ci.movie_id = t.id)
              ->  Seq Scan on cast_info ci  (cost=0.00..796071.18 rows=187625 width=4) (actual time=1580.160..13539.626 rows=250228 loops=1)
                    Filter: ((person_id > 1650532) AND (role_id > 10))
                    Rows Removed by Filter: 35994116
              ->  Hash  (cost=61283.27..61283.27 rows=2528527 width=4) (actual time=1840.063..1840.063 rows=2528312 loops=1)
                    Buckets: 131072  Batches: 64  Memory Usage: 2415kB
                    ->  Seq Scan on title t  (cost=0.00..61283.27 rows=2528527 width=4) (actual time=0.020..999.542 rows=2528312 loops=1)
Planning time: 1.215 ms
Execution time: 29684.273 ms
