Hash Join  (cost=263115.61..1422877.09 rows=18793783 width=0) (actual time=8536.083..41364.048 rows=40559382 loops=1)
  Hash Cond: (ci.movie_id = t.id)
  ->  Seq Scan on cast_info ci  (cost=0.00..705507.15 rows=18213200 width=4) (actual time=2107.129..14438.771 rows=18378759 loops=1)
        Filter: (person_id > 1770524)
        Rows Removed by Filter: 17865585
  ->  Hash  (cost=220309.49..220309.49 rows=2609129 width=8) (actual time=6426.590..6426.590 rows=2609129 loops=1)
        Buckets: 131072  Batches: 64  Memory Usage: 2610kB
        ->  Hash Join  (cost=102767.86..220309.49 rows=2609129 width=8) (actual time=1871.641..5701.237 rows=2609129 loops=1)
              Hash Cond: (mc.movie_id = t.id)
              ->  Seq Scan on movie_companies mc  (cost=0.00..44881.29 rows=2609129 width=4) (actual time=0.031..969.380 rows=2609129 loops=1)
              ->  Hash  (cost=61283.27..61283.27 rows=2528527 width=4) (actual time=1870.188..1870.188 rows=2528312 loops=1)
                    Buckets: 131072  Batches: 64  Memory Usage: 2415kB
                    ->  Seq Scan on title t  (cost=0.00..61283.27 rows=2528527 width=4) (actual time=0.020..1031.719 rows=2528312 loops=1)
Planning time: 1.110 ms
Execution time: 45830.724 ms
