Hash Join  (cost=82955.72..196409.51 rows=480047 width=0) (actual time=1454.092..4091.625 rows=118754 loops=1)
  Hash Cond: (mk.movie_id = t.id)
  ->  Seq Scan on movie_keyword mk  (cost=0.00..81003.12 rows=2205385 width=4) (actual time=0.023..1567.984 rows=2204573 loops=1)
        Filter: (keyword_id < 4441)
        Rows Removed by Filter: 2319357
  ->  Hash  (cost=73925.90..73925.90 rows=550385 width=4) (actual time=1453.139..1453.139 rows=602403 loops=1)
        Buckets: 131072  Batches: 8  Memory Usage: 3678kB
        ->  Seq Scan on title t  (cost=0.00..73925.90 rows=550385 width=4) (actual time=0.014..1255.311 rows=602403 loops=1)
              Filter: ((production_year > 2006) AND (kind_id = 7))
              Rows Removed by Filter: 1925909
Planning time: 0.753 ms
Execution time: 4107.210 ms
