Nested Loop  (cost=0.43..83072.90 rows=7 width=0) (actual time=349.142..3878.955 rows=104 loops=1)
  ->  Seq Scan on movie_keyword mk  (cost=0.00..81003.12 rows=246 width=4) (actual time=102.936..3657.269 rows=1486 loops=1)
        Filter: (keyword_id = 856)
        Rows Removed by Filter: 4522444
  ->  Index Scan using title_pkey on title t  (cost=0.43..8.40 rows=1 width=4) (actual time=0.148..0.148 rows=0 loops=1486)
        Index Cond: (id = mk.movie_id)
        Filter: ((kind_id = 7) AND (production_year = 2007))
        Rows Removed by Filter: 1
Planning time: 0.758 ms
Execution time: 3891.154 ms
