Hash Join  (cost=83074.74..804788.00 rows=420 width=0) (actual time=5007.293..14975.062 rows=1330 loops=1)
  Hash Cond: (ci.movie_id = t.id)
  ->  Seq Scan on cast_info ci  (cost=0.00..705507.15 rows=4320508 width=4) (actual time=3770.431..13170.350 rows=4323018 loops=1)
        Filter: (role_id = 10)
        Rows Removed by Filter: 31921326
  ->  Hash  (cost=83071.67..83071.67 rows=246 width=8) (actual time=1233.059..1233.059 rows=98 loops=1)
        Buckets: 1024  Batches: 1  Memory Usage: 12kB
        ->  Nested Loop  (cost=0.43..83071.67 rows=246 width=8) (actual time=2.024..1232.870 rows=98 loops=1)
              ->  Seq Scan on movie_keyword mk  (cost=0.00..81003.12 rows=246 width=4) (actual time=1.898..1228.931 rows=98 loops=1)
                    Filter: (keyword_id = 4585)
                    Rows Removed by Filter: 4523832
              ->  Index Only Scan using title_pkey on title t  (cost=0.43..8.40 rows=1 width=4) (actual time=0.034..0.035 rows=1 loops=98)
                    Index Cond: (id = mk.movie_id)
                    Heap Fetches: 98
Planning time: 1.132 ms
Execution time: 14975.704 ms
