Nested Loop  (cost=0.43..83072.29 rows=150 width=0) (actual time=727.300..1265.002 rows=8 loops=1)
  ->  Seq Scan on movie_keyword mk  (cost=0.00..81003.12 rows=246 width=4) (actual time=143.533..1261.683 rows=30 loops=1)
        Filter: (keyword_id = 48647)
        Rows Removed by Filter: 4523900
  ->  Index Scan using title_pkey on title t  (cost=0.43..8.40 rows=1 width=4) (actual time=0.106..0.106 rows=0 loops=30)
        Index Cond: (id = mk.movie_id)
        Filter: (kind_id = 7)
        Rows Removed by Filter: 1
Planning time: 0.807 ms
Execution time: 1265.110 ms
