Seq Scan on movie_keyword mk  (cost=0.00..81003.12 rows=246 width=0) (actual time=28.233..1210.993 rows=20 loops=1)
  Filter: (keyword_id = 50846)
  Rows Removed by Filter: 4523910
Planning time: 0.370 ms
Execution time: 1211.084 ms
