Hash Join  (cost=135506.37..222620.70 rows=45629 width=0) (actual time=2796.451..4593.382 rows=124106 loops=1)
  Hash Cond: (mk.movie_id = t.id)
  ->  Seq Scan on movie_keyword mk  (cost=0.00..69693.30 rows=4523930 width=4) (actual time=0.019..965.123 rows=4523930 loops=1)
  ->  Hash  (cost=135187.59..135187.59 rows=25503 width=8) (actual time=2794.604..2794.604 rows=33563 loops=1)
        Buckets: 65536 (originally 32768)  Batches: 1 (originally 1)  Memory Usage: 1824kB
        ->  Hash Join  (cost=74251.74..135187.59 rows=25503 width=8) (actual time=1167.188..2780.200 rows=33563 loops=1)
              Hash Cond: (mc.movie_id = t.id)
              ->  Seq Scan on movie_companies mc  (cost=0.00..51404.11 rows=2473787 width=4) (actual time=0.034..1062.230 rows=2474694 loops=1)
                    Filter: (company_id < 139049)
                    Rows Removed by Filter: 134435
              ->  Hash  (cost=73925.90..73925.90 rows=26067 width=4) (actual time=1166.667..1166.667 rows=27085 loops=1)
                    Buckets: 32768  Batches: 1  Memory Usage: 1209kB
                    ->  Seq Scan on title t  (cost=0.00..73925.90 rows=26067 width=4) (actual time=0.124..1155.657 rows=27085 loops=1)
                          Filter: ((kind_id < 7) AND (production_year > 2012))
                          Rows Removed by Filter: 2501227
Planning time: 1.191 ms
Execution time: 4608.335 ms
