Seq Scan on cast_info ci  (cost=0.00..705507.15 rows=4806230 width=0) (actual time=0.016..11467.328 rows=4840780 loops=1)
  Filter: (person_id > 3191236)
  Rows Removed by Filter: 31403564
Planning time: 0.299 ms
Execution time: 12073.185 ms
