Hash Join  (cost=477609.91..521682.69 rows=371830 width=0) (actual time=7978.534..9658.284 rows=2092840 loops=1)
  Hash Cond: (mi_idx.movie_id = t.id)
  ->  Seq Scan on movie_info_idx mi_idx  (cost=0.00..21735.35 rows=1380035 width=4) (actual time=0.014..438.419 rows=1380035 loops=1)
  ->  Hash  (cost=466431.98..466431.98 rows=681274 width=8) (actual time=7977.600..7977.600 rows=805376 loops=1)
        Buckets: 131072  Batches: 16  Memory Usage: 2912kB
        ->  Hash Join  (cost=93117.31..466431.98 rows=681274 width=8) (actual time=4179.709..7757.817 rows=805376 loops=1)
              Hash Cond: (mi.movie_id = t.id)
              ->  Seq Scan on movie_info mi  (cost=0.00..346232.03 rows=1107781 width=4) (actual time=2420.023..4921.125 rows=1159902 loops=1)
                    Filter: (info_type_id > 47)
                    Rows Removed by Filter: 13675818
              ->  Hash  (cost=67604.59..67604.59 rows=1555018 width=4) (actual time=1756.945..1756.945 rows=1551727 loops=1)
                    Buckets: 131072  Batches: 32  Memory Usage: 2737kB
                    ->  Seq Scan on title t  (cost=0.00..67604.59 rows=1555018 width=4) (actual time=0.032..1221.091 rows=1551727 loops=1)
                          Filter: (production_year < 2007)
                          Rows Removed by Filter: 976585
Planning time: 1.117 ms
Execution time: 9890.954 ms
