Hash Join  (cost=80408.18..202911.13 rows=475625 width=0) (actual time=1357.684..4681.555 rows=633323 loops=1)
  Hash Cond: (mk.movie_id = t.id)
  ->  Seq Scan on movie_keyword mk  (cost=0.00..81003.12 rows=3044154 width=4) (actual time=0.012..1692.174 rows=3032404 loops=1)
        Filter: (keyword_id < 10904)
        Rows Removed by Filter: 1491526
  ->  Hash  (cost=73925.90..73925.90 rows=395062 width=4) (actual time=1356.227..1356.227 rows=335993 loops=1)
        Buckets: 131072  Batches: 8  Memory Usage: 2499kB
        ->  Seq Scan on title t  (cost=0.00..73925.90 rows=395062 width=4) (actual time=0.011..1244.612 rows=335993 loops=1)
              Filter: ((kind_id < 7) AND (production_year > 2005))
              Rows Removed by Filter: 2192319
Planning time: 0.773 ms
Execution time: 4754.714 ms
