Seq Scan on cast_info ci  (cost=0.00..705507.15 rows=13947388 width=0) (actual time=0.025..11984.331 rows=14129974 loops=1)
  Filter: (person_id > 2252677)
  Rows Removed by Filter: 22114370
Planning time: 0.356 ms
Execution time: 13758.536 ms
