Hash Join  (cost=178129.50..574325.51 rows=633314 width=0) (actual time=14622.375..24756.121 rows=1172762 loops=1)
  Hash Cond: (mi.movie_id = t.id)
  ->  Seq Scan on movie_info mi  (cost=0.00..346232.03 rows=3623957 width=4) (actual time=6552.991..13956.277 rows=3624977 loops=1)
        Filter: (info_type_id < 4)
        Rows Removed by Filter: 11210743
  ->  Hash  (cost=170879.02..170879.02 rows=441879 width=8) (actual time=8064.370..8064.370 rows=412564 loops=1)
        Buckets: 131072  Batches: 8  Memory Usage: 3053kB
        ->  Hash Join  (cost=100089.65..170879.02 rows=441879 width=8) (actual time=4948.654..7933.903 rows=412564 loops=1)
              Hash Cond: (mc.movie_id = t.id)
              ->  Seq Scan on movie_companies mc  (cost=0.00..51404.11 rows=564293 width=4) (actual time=11.276..2153.294 rows=568886 loops=1)
                    Filter: (company_id > 71403)
                    Rows Removed by Filter: 2040243
              ->  Hash  (cost=67604.59..67604.59 rows=1980005 width=4) (actual time=4936.496..4936.496 rows=1976617 loops=1)
                    Buckets: 131072  Batches: 32  Memory Usage: 3203kB
                    ->  Seq Scan on title t  (cost=0.00..67604.59 rows=1980005 width=4) (actual time=0.039..3762.747 rows=1976617 loops=1)
                          Filter: (production_year > 1977)
                          Rows Removed by Filter: 551695
Planning time: 1.247 ms
Execution time: 24894.170 ms
