Seq Scan on cast_info ci  (cost=0.00..705507.15 rows=16201301 width=42) (actual time=0.019..17087.053 rows=16121683 loops=1)
  Filter: (role_id > 2)
  Rows Removed by Filter: 20122661
Planning time: 0.585 ms
Execution time: 18006.143 ms
