Hash Join  (cost=619104.85..761363.50 rows=1391113 width=209) (actual time=12434.147..16881.065 rows=2560544 loops=1)
  Hash Cond: (mc.movie_id = t.id)
  ->  Seq Scan on movie_companies mc  (cost=0.00..44881.29 rows=2609129 width=40) (actual time=0.020..1022.087 rows=2609129 loops=1)
  ->  Hash  (cost=569339.12..569339.12 rows=1348138 width=169) (actual time=12433.852..12433.852 rows=1298989 loops=1)
        Buckets: 32768  Batches: 128  Memory Usage: 1590kB
        ->  Hash Join  (cost=129928.86..569339.12 rows=1348138 width=169) (actual time=5049.086..11673.438 rows=1298989 loops=1)
              Hash Cond: (mi.movie_id = t.id)
              ->  Seq Scan on movie_info mi  (cost=0.00..346232.03 rows=1348138 width=75) (actual time=2377.589..7025.031 rows=1298989 loops=1)
                    Filter: (info_type_id = 4)
                    Rows Removed by Filter: 13536731
              ->  Hash  (cost=61283.27..61283.27 rows=2528527 width=94) (actual time=2670.455..2670.455 rows=2528312 loops=1)
                    Buckets: 32768  Batches: 128  Memory Usage: 2470kB
                    ->  Seq Scan on title t  (cost=0.00..61283.27 rows=2528527 width=94) (actual time=0.011..1132.865 rows=2528312 loops=1)
Planning time: 14.884 ms
Execution time: 17018.882 ms
