Seq Scan on movie_keyword mk  (cost=0.00..81003.12 rows=2348435 width=0) (actual time=0.015..1427.768 rows=2346843 loops=1)
  Filter: (keyword_id < 5243)
  Rows Removed by Filter: 2177087
Planning time: 0.214 ms
Execution time: 1718.577 ms
