Hash Join  (cost=78414.48..147068.11 rows=138433 width=0) (actual time=4932.741..7582.453 rows=78728 loops=1)
  Hash Cond: (mc.movie_id = t.id)
  ->  Seq Scan on movie_companies mc  (cost=0.00..51404.11 rows=1279517 width=4) (actual time=1036.926..2759.049 rows=1274246 loops=1)
        Filter: (company_type_id = 1)
        Rows Removed by Filter: 1334883
  ->  Hash  (cost=73925.90..73925.90 rows=273566 width=4) (actual time=3892.592..3892.592 rows=139974 loops=1)
        Buckets: 131072  Batches: 4  Memory Usage: 2253kB
        ->  Seq Scan on title t  (cost=0.00..73925.90 rows=273566 width=4) (actual time=0.083..3817.667 rows=139974 loops=1)
              Filter: ((kind_id > 1) AND (production_year < 1970))
              Rows Removed by Filter: 2388338
Planning time: 0.677 ms
Execution time: 7593.336 ms
