Seq Scan on movie_companies mc  (cost=0.00..57926.93 rows=992927 width=0) (actual time=0.021..1049.208 rows=1150315 loops=1)
  Filter: ((company_id > 909) AND (company_type_id > 1))
  Rows Removed by Filter: 1458814
Planning time: 0.317 ms
Execution time: 1185.310 ms
