Hash Join  (cost=83072.32..447728.42 rows=15 width=0) (actual time=1360.921..8318.469 rows=1748 loops=1)
  Hash Cond: (mi.movie_id = t.id)
  ->  Seq Scan on movie_info mi  (cost=0.00..309384.22 rows=14739122 width=4) (actual time=0.021..4255.288 rows=14835720 loops=1)
  ->  Hash  (cost=83072.29..83072.29 rows=3 width=8) (actual time=1346.145..1346.145 rows=36 loops=1)
        Buckets: 1024  Batches: 1  Memory Usage: 10kB
        ->  Nested Loop  (cost=0.43..83072.29 rows=3 width=8) (actual time=66.549..1346.067 rows=36 loops=1)
              ->  Seq Scan on movie_keyword mk  (cost=0.00..81003.12 rows=246 width=4) (actual time=0.227..1253.899 rows=2412 loops=1)
                    Filter: (keyword_id = 1138)
                    Rows Removed by Filter: 4521518
              ->  Index Scan using title_pkey on title t  (cost=0.43..8.40 rows=1 width=4) (actual time=0.037..0.037 rows=0 loops=2412)
                    Index Cond: (id = mk.movie_id)
                    Filter: (production_year = 1993)
                    Rows Removed by Filter: 1
Planning time: 1.184 ms
Execution time: 8319.131 ms
