Seq Scan on movie_keyword mk  (cost=0.00..81003.12 rows=618334 width=0) (actual time=0.031..1187.745 rows=617515 loops=1)
  Filter: (keyword_id > 29536)
  Rows Removed by Filter: 3906415
Planning time: 0.343 ms
Execution time: 1264.874 ms
