Hash Join  (cost=446358.13..602571.78 rows=487305 width=0) (actual time=26776.269..32216.771 rows=81338 loops=1)
  Hash Cond: (mk.movie_id = t.id)
  ->  Seq Scan on movie_keyword mk  (cost=0.00..69693.30 rows=4523930 width=4) (actual time=0.030..3643.231 rows=4523930 loops=1)
  ->  Hash  (cost=441889.55..441889.55 rows=272366 width=8) (actual time=26767.790..26767.790 rows=79541 loops=1)
        Buckets: 131072  Batches: 4  Memory Usage: 1809kB
        ->  Hash Join  (cost=74509.97..441889.55 rows=272366 width=8) (actual time=3198.488..24648.268 rows=79541 loops=1)
              Hash Cond: (mi.movie_id = t.id)
              ->  Seq Scan on movie_info mi  (cost=0.00..309384.22 rows=14739122 width=4) (actual time=0.023..16566.174 rows=14835720 loops=1)
              ->  Hash  (cost=73925.90..73925.90 rows=46725 width=4) (actual time=3197.762..3197.762 rows=43011 loops=1)
                    Buckets: 65536  Batches: 1  Memory Usage: 2025kB
                    ->  Seq Scan on title t  (cost=0.00..73925.90 rows=46725 width=4) (actual time=0.023..3178.054 rows=43011 loops=1)
                          Filter: ((kind_id > 2) AND (production_year > 2012))
                          Rows Removed by Filter: 2485301
Planning time: 1.825 ms
Execution time: 32227.295 ms
