Hash Join  (cost=76661.79..202298.55 rows=298272 width=0) (actual time=1463.774..4632.219 rows=991812 loops=1)
  Hash Cond: (mk.movie_id = t.id)
  ->  Seq Scan on movie_keyword mk  (cost=0.00..69693.30 rows=4523930 width=4) (actual time=0.023..1383.409 rows=4523930 loops=1)
  ->  Hash  (cost=73925.90..73925.90 rows=166711 width=4) (actual time=1462.843..1462.843 rows=269824 loops=1)
        Buckets: 131072  Batches: 4  Memory Usage: 3406kB
        ->  Seq Scan on title t  (cost=0.00..73925.90 rows=166711 width=4) (actual time=0.040..1131.591 rows=269824 loops=1)
              Filter: ((kind_id < 6) AND (production_year < 1974))
              Rows Removed by Filter: 2258488
Planning time: 0.824 ms
Execution time: 4737.918 ms
