Hash Join  (cost=125744.39..490420.31 rows=1999 width=0) (actual time=1987.803..9241.218 rows=4572 loops=1)
  Hash Cond: (mi.movie_id = t.id)
  ->  Seq Scan on movie_info mi  (cost=0.00..309384.22 rows=14739122 width=4) (actual time=0.011..4554.572 rows=14835720 loops=1)
  ->  Hash  (cost=125740.11..125740.11 rows=343 width=8) (actual time=1985.150..1985.150 rows=71 loops=1)
        Buckets: 1024  Batches: 1  Memory Usage: 11kB
        ->  Hash Join  (cost=74155.14..125740.11 rows=343 width=8) (actual time=1195.357..1985.010 rows=71 loops=1)
              Hash Cond: (mc.movie_id = t.id)
              ->  Seq Scan on movie_companies mc  (cost=0.00..51404.11 rows=47312 width=4) (actual time=1.137..776.149 rows=47252 loops=1)
                    Filter: (company_id = 19)
                    Rows Removed by Filter: 2561877
              ->  Hash  (cost=73925.90..73925.90 rows=18339 width=4) (actual time=1194.038..1194.038 rows=14449 loops=1)
                    Buckets: 32768  Batches: 1  Memory Usage: 764kB
                    ->  Seq Scan on title t  (cost=0.00..73925.90 rows=18339 width=4) (actual time=0.662..1187.298 rows=14449 loops=1)
                          Filter: ((kind_id < 7) AND (production_year = 1998))
                          Rows Removed by Filter: 2513863
Planning time: 3.703 ms
Execution time: 9242.670 ms
