Seq Scan on cast_info ci  (cost=0.00..796071.18 rows=252999 width=0) (actual time=16821.006..31832.730 rows=84737 loops=1)
  Filter: ((person_id < 2709184) AND (role_id > 10))
  Rows Removed by Filter: 36159607
Planning time: 0.312 ms
Execution time: 31843.618 ms
