Seq Scan on movie_companies mc  (cost=0.00..51404.11 rows=104 width=0) (actual time=21.935..770.293 rows=111 loops=1)
  Filter: (company_id = 71458)
  Rows Removed by Filter: 2609018
Planning time: 0.261 ms
Execution time: 770.382 ms
