Hash Join  (cost=102767.86..256152.07 rows=2597482 width=0) (actual time=1981.276..6319.637 rows=2585386 loops=1)
  Hash Cond: (mk.movie_id = t.id)
  ->  Seq Scan on movie_keyword mk  (cost=0.00..81003.12 rows=2597482 width=4) (actual time=0.024..1772.321 rows=2585386 loops=1)
        Filter: (keyword_id < 6826)
        Rows Removed by Filter: 1938544
  ->  Hash  (cost=61283.27..61283.27 rows=2528527 width=4) (actual time=1980.171..1980.171 rows=2528312 loops=1)
        Buckets: 131072  Batches: 64  Memory Usage: 2425kB
        ->  Seq Scan on title t  (cost=0.00..61283.27 rows=2528527 width=4) (actual time=0.025..1084.480 rows=2528312 loops=1)
Planning time: 0.749 ms
Execution time: 6610.982 ms
