Hash Join  (cost=195150.22..548466.37 rows=29374 width=0) (actual time=3574.364..9818.565 rows=177654 loops=1)
  Hash Cond: (mi.movie_id = t.id)
  ->  Seq Scan on movie_info mi  (cost=0.00..346232.03 rows=1810770 width=4) (actual time=0.024..5752.679 rows=1865632 loops=1)
        Filter: (info_type_id > 17)
        Rows Removed by Filter: 12970088
  ->  Hash  (cost=194637.51..194637.51 rows=41017 width=8) (actual time=3573.846..3573.846 rows=41840 loops=1)
        Buckets: 65536  Batches: 1  Memory Usage: 2147kB
        ->  Hash Join  (cost=102767.86..194637.51 rows=41017 width=8) (actual time=1924.979..3558.112 rows=41840 loops=1)
              Hash Cond: (mk.movie_id = t.id)
              ->  Seq Scan on movie_keyword mk  (cost=0.00..81003.12 rows=41017 width=4) (actual time=0.086..1206.124 rows=41840 loops=1)
                    Filter: (keyword_id = 117)
                    Rows Removed by Filter: 4482090
              ->  Hash  (cost=61283.27..61283.27 rows=2528527 width=4) (actual time=1919.576..1919.576 rows=2528312 loops=1)
                    Buckets: 131072  Batches: 64  Memory Usage: 2425kB
                    ->  Seq Scan on title t  (cost=0.00..61283.27 rows=2528527 width=4) (actual time=0.006..1096.044 rows=2528312 loops=1)
Planning time: 1.169 ms
Execution time: 9843.444 ms
