Hash Join  (cost=152749.23..637647.41 rows=477225 width=0) (actual time=3063.438..14236.535 rows=676415 loops=1)
  Hash Cond: (mi.movie_id = t.id)
  ->  Seq Scan on movie_info mi  (cost=0.00..309384.22 rows=14739122 width=4) (actual time=0.008..5979.353 rows=14835720 loops=1)
  ->  Hash  (cost=151405.87..151405.87 rows=81869 width=8) (actual time=3062.446..3062.446 rows=61267 loops=1)
        Buckets: 131072  Batches: 2  Memory Usage: 2209kB
        ->  Hash Join  (cost=75227.65..151405.87 rows=81869 width=8) (actual time=1193.082..3035.290 rows=61267 loops=1)
              Hash Cond: (mc.movie_id = t.id)
              ->  Seq Scan on movie_companies mc  (cost=0.00..44881.29 rows=2609129 width=4) (actual time=0.040..852.799 rows=2609129 loops=1)
              ->  Hash  (cost=73925.90..73925.90 rows=79340 width=4) (actual time=1192.235..1192.235 rows=92312 loops=1)
                    Buckets: 131072  Batches: 2  Memory Usage: 2648kB
                    ->  Seq Scan on title t  (cost=0.00..73925.90 rows=79340 width=4) (actual time=0.038..1157.276 rows=92312 loops=1)
                          Filter: ((kind_id > 1) AND (production_year = 2006))
                          Rows Removed by Filter: 2436000
Planning time: 0.951 ms
Execution time: 14322.359 ms
