Nested Loop  (cost=87687.83..939278.23 rows=25636 width=0) (actual time=12936.822..14049.579 rows=31123 loops=1)
  ->  Hash Join  (cost=87687.40..905654.49 rows=63866 width=8) (actual time=12936.723..13703.641 rows=31123 loops=1)
        Hash Cond: (ci.movie_id = mc.movie_id)
        ->  Seq Scan on cast_info ci  (cost=0.00..796071.18 rows=24844 width=4) (actual time=11138.179..11434.854 rows=17640 loops=1)
              Filter: ((person_id < 32406) AND (role_id = 4))
              Rows Removed by Filter: 36226704
        ->  Hash  (cost=44881.29..44881.29 rows=2609129 width=4) (actual time=1796.366..1796.366 rows=2609129 loops=1)
              Buckets: 131072  Batches: 64  Memory Usage: 2452kB
              ->  Seq Scan on movie_companies mc  (cost=0.00..44881.29 rows=2609129 width=4) (actual time=0.022..973.046 rows=2609129 loops=1)
  ->  Index Only Scan using title_pkey on title t  (cost=0.43..0.52 rows=1 width=4) (actual time=0.010..0.011 rows=1 loops=31123)
        Index Cond: (id = mc.movie_id)
        Heap Fetches: 31123
Planning time: 1.172 ms
Execution time: 14055.436 ms
