Seq Scan on movie_companies mc  (cost=0.00..57926.93 rows=577680 width=0) (actual time=54.964..935.319 rows=364871 loops=1)
  Filter: ((company_id < 8216) AND (company_type_id > 1))
  Rows Removed by Filter: 2244258
Planning time: 0.330 ms
Execution time: 980.747 ms
