Seq Scan on cast_info ci  (cost=0.00..705507.15 rows=4534737 width=0) (actual time=360.202..27874.790 rows=4414862 loops=1)
  Filter: (person_id < 426189)
  Rows Removed by Filter: 31829482
Planning time: 0.295 ms
Execution time: 28489.029 ms
