Seq Scan on movie_companies mc  (cost=0.00..51404.11 rows=1825835 width=0) (actual time=0.013..985.202 rows=1817063 loops=1)
  Filter: (company_id < 31575)
  Rows Removed by Filter: 792066
Planning time: 0.333 ms
Execution time: 1210.739 ms
