Seq Scan on cast_info ci  (cost=0.00..705507.15 rows=9873021 width=0) (actual time=0.146..11784.426 rows=9672927 loops=1)
  Filter: (person_id < 950877)
  Rows Removed by Filter: 26571417
Planning time: 0.361 ms
Execution time: 13015.316 ms
