Hash Join  (cost=128626.04..879558.48 rows=14327 width=0) (actual time=2104.260..18048.412 rows=49906 loops=1)
  Hash Cond: (ci.movie_id = t.id)
  ->  Seq Scan on cast_info ci  (cost=0.00..614943.12 rows=36225612 width=4) (actual time=0.012..8656.502 rows=36244344 loops=1)
  ->  Hash  (cost=128613.54..128613.54 rows=1000 width=8) (actual time=2103.958..2103.958 rows=2678 loops=1)
        Buckets: 4096 (originally 1024)  Batches: 1 (originally 1)  Memory Usage: 137kB
        ->  Hash Join  (cost=73938.02..128613.54 rows=1000 width=8) (actual time=975.310..2102.592 rows=2678 loops=1)
              Hash Cond: (mc.movie_id = t.id)
              ->  Seq Scan on movie_companies mc  (cost=0.00..44881.29 rows=2609129 width=4) (actual time=0.016..632.428 rows=2609129 loops=1)
              ->  Hash  (cost=73925.90..73925.90 rows=969 width=4) (actual time=975.156..975.156 rows=1334 loops=1)
                    Buckets: 2048 (originally 1024)  Batches: 1 (originally 1)  Memory Usage: 63kB
                    ->  Seq Scan on title t  (cost=0.00..73925.90 rows=969 width=4) (actual time=0.172..974.341 rows=1334 loops=1)
                          Filter: ((kind_id = 2) AND (production_year = 1993))
                          Rows Removed by Filter: 2526978
Planning time: 2.502 ms
Execution time: 18057.805 ms
