Hash Join  (cost=798791.46..825703.71 rows=177 width=0) (actual time=14123.753..14649.644 rows=1188 loops=1)
  Hash Cond: (mi_idx.movie_id = t.id)
  ->  Seq Scan on movie_info_idx mi_idx  (cost=0.00..21735.35 rows=1380035 width=4) (actual time=0.013..320.725 rows=1380035 loops=1)
  ->  Hash  (cost=798787.41..798787.41 rows=324 width=8) (actual time=14076.702..14076.702 rows=436 loops=1)
        Buckets: 1024  Batches: 1  Memory Usage: 26kB
        ->  Nested Loop  (cost=0.43..798787.41 rows=324 width=8) (actual time=1647.497..14076.441 rows=436 loops=1)
              ->  Seq Scan on cast_info ci  (cost=0.00..796071.18 rows=324 width=4) (actual time=1647.375..14055.118 rows=436 loops=1)
                    Filter: ((role_id > 1) AND (person_id = 2805795))
                    Rows Removed by Filter: 36243908
              ->  Index Only Scan using title_pkey on title t  (cost=0.43..8.37 rows=1 width=4) (actual time=0.048..0.048 rows=1 loops=436)
                    Index Cond: (id = ci.movie_id)
                    Heap Fetches: 436
Planning time: 1.213 ms
Execution time: 14649.892 ms
