Hash Join  (cost=58375.58..887905.76 rows=74 width=0) (actual time=2041.723..17004.092 rows=13 loops=1)
  Hash Cond: (ci.movie_id = t.id)
  ->  Seq Scan on cast_info ci  (cost=0.00..796071.18 rows=8922203 width=4) (actual time=0.020..14579.980 rows=11619504 loops=1)
        Filter: ((person_id > 1599337) AND (role_id > 2))
        Rows Removed by Filter: 24624840
  ->  Hash  (cost=58375.31..58375.31 rows=21 width=8) (actual time=885.121..885.121 rows=1 loops=1)
        Buckets: 1024  Batches: 1  Memory Usage: 9kB
        ->  Nested Loop  (cost=0.43..58375.31 rows=21 width=8) (actual time=195.777..885.113 rows=1 loops=1)
              ->  Seq Scan on movie_companies mc  (cost=0.00..57926.93 rows=53 width=4) (actual time=195.722..885.056 rows=1 loops=1)
                    Filter: ((company_id = 145999) AND (company_type_id = 2))
                    Rows Removed by Filter: 2609128
              ->  Index Scan using title_pkey on title t  (cost=0.43..8.45 rows=1 width=4) (actual time=0.048..0.049 rows=1 loops=1)
                    Index Cond: (id = mc.movie_id)
                    Filter: (kind_id < 7)
Planning time: 1.214 ms
Execution time: 17004.258 ms
