Seq Scan on movie_companies mc  (cost=0.00..51404.11 rows=104 width=0) (actual time=5.448..2420.809 rows=10 loops=1)
  Filter: (company_id = 16905)
  Rows Removed by Filter: 2609119
Planning time: 0.338 ms
Execution time: 2420.883 ms
