Hash Join  (cost=101220.66..155973.53 rows=8733 width=0) (actual time=1582.010..2775.436 rows=51506 loops=1)
  Hash Cond: (mc.movie_id = t.id)
  ->  Seq Scan on movie_companies mc  (cost=0.00..44881.29 rows=2609129 width=4) (actual time=0.009..630.425 rows=2609129 loops=1)
  ->  Hash  (cost=101114.86..101114.86 rows=8464 width=8) (actual time=1581.235..1581.235 rows=15425 loops=1)
        Buckets: 16384  Batches: 1  Memory Usage: 731kB
        ->  Hash Join  (cost=74119.74..101114.86 rows=8464 width=8) (actual time=1034.098..1575.592 rows=15425 loops=1)
              Hash Cond: (mi_idx.movie_id = t.id)
              ->  Seq Scan on movie_info_idx mi_idx  (cost=0.00..21735.35 rows=1380035 width=4) (actual time=0.013..245.472 rows=1380035 loops=1)
              ->  Hash  (cost=73925.90..73925.90 rows=15507 width=4) (actual time=1033.873..1033.873 rows=11835 loops=1)
                    Buckets: 16384  Batches: 1  Memory Usage: 545kB
                    ->  Seq Scan on title t  (cost=0.00..73925.90 rows=15507 width=4) (actual time=0.110..1028.438 rows=11835 loops=1)
                          Filter: ((kind_id < 7) AND (production_year = 1995))
                          Rows Removed by Filter: 2516477
Planning time: 1.252 ms
Execution time: 2782.630 ms
