Hash Join  (cost=101707.31..1486711.21 rows=29779872 width=0) (actual time=1954.226..46353.612 rows=31666765 loops=1)
  Hash Cond: (ci.movie_id = t.id)
  ->  Seq Scan on cast_info ci  (cost=0.00..614943.12 rows=36225612 width=4) (actual time=0.020..13149.839 rows=36244344 loops=1)
  ->  Hash  (cost=67604.59..67604.59 rows=2078618 width=4) (actual time=1953.026..1953.026 rows=2074788 loops=1)
        Buckets: 131072  Batches: 32  Memory Usage: 3309kB
        ->  Seq Scan on title t  (cost=0.00..67604.59 rows=2078618 width=4) (actual time=0.019..1326.341 rows=2074788 loops=1)
              Filter: (production_year > 1970)
              Rows Removed by Filter: 453524
Planning time: 1.812 ms
Execution time: 49992.638 ms
