Hash Join  (cost=102767.86..208605.07 rows=621544 width=0) (actual time=2014.694..4213.229 rows=621300 loops=1)
  Hash Cond: (mk.movie_id = t.id)
  ->  Seq Scan on movie_keyword mk  (cost=0.00..81003.12 rows=621544 width=4) (actual time=0.015..1372.278 rows=621300 loops=1)
        Filter: (keyword_id > 29353)
        Rows Removed by Filter: 3902630
  ->  Hash  (cost=61283.27..61283.27 rows=2528527 width=4) (actual time=2013.206..2013.206 rows=2528312 loops=1)
        Buckets: 131072  Batches: 64  Memory Usage: 2425kB
        ->  Seq Scan on title t  (cost=0.00..61283.27 rows=2528527 width=4) (actual time=0.026..1127.258 rows=2528312 loops=1)
Planning time: 1.502 ms
Execution time: 4278.933 ms
