Nested Loop  (cost=0.43..58375.18 rows=53 width=0) (actual time=73.259..707.878 rows=7 loops=1)
  ->  Seq Scan on movie_companies mc  (cost=0.00..57926.93 rows=53 width=4) (actual time=73.164..707.526 rows=7 loops=1)
        Filter: ((company_id = 80950) AND (company_type_id = 2))
        Rows Removed by Filter: 2609122
  ->  Index Only Scan using title_pkey on title t  (cost=0.43..8.45 rows=1 width=4) (actual time=0.044..0.044 rows=1 loops=7)
        Index Cond: (id = mc.movie_id)
        Heap Fetches: 7
Planning time: 0.806 ms
Execution time: 707.957 ms
