Seq Scan on cast_info ci  (cost=0.00..705507.15 rows=500 width=0) (actual time=1942.183..11312.603 rows=625 loops=1)
  Filter: (person_id = 481337)
  Rows Removed by Filter: 36243719
Planning time: 0.363 ms
Execution time: 11312.779 ms
