Hash Join  (cost=58375.85..412385.40 rows=43 width=0) (actual time=2147.972..6898.549 rows=1301 loops=1)
  Hash Cond: (mi.movie_id = t.id)
  ->  Seq Scan on movie_info mi  (cost=0.00..346232.03 rows=2073893 width=4) (actual time=1254.517..5687.594 rows=2091068 loops=1)
        Filter: (info_type_id < 3)
        Rows Removed by Filter: 12744652
  ->  Hash  (cost=58375.18..58375.18 rows=53 width=8) (actual time=892.666..892.666 rows=767 loops=1)
        Buckets: 1024  Batches: 1  Memory Usage: 38kB
        ->  Nested Loop  (cost=0.43..58375.18 rows=53 width=8) (actual time=399.128..892.173 rows=767 loops=1)
              ->  Seq Scan on movie_companies mc  (cost=0.00..57926.93 rows=53 width=4) (actual time=399.037..875.516 rows=767 loops=1)
                    Filter: ((company_id = 264) AND (company_type_id = 2))
                    Rows Removed by Filter: 2608362
              ->  Index Only Scan using title_pkey on title t  (cost=0.43..8.45 rows=1 width=4) (actual time=0.020..0.021 rows=1 loops=767)
                    Index Cond: (id = mc.movie_id)
                    Heap Fetches: 767
Planning time: 1.194 ms
Execution time: 6898.974 ms
