Hash Join  (cost=161959.14..964712.04 rows=668171 width=0) (actual time=3160.464..21577.212 rows=1535001 loops=1)
  Hash Cond: (ci.movie_id = t.id)
  ->  Seq Scan on cast_info ci  (cost=0.00..614943.12 rows=36225612 width=4) (actual time=0.011..9104.009 rows=36244344 loops=1)
  ->  Hash  (cost=161376.16..161376.16 rows=46638 width=8) (actual time=3159.506..3159.506 rows=35418 loops=1)
        Buckets: 65536  Batches: 1  Memory Usage: 1896kB
        ->  Hash Join  (cost=74251.74..161376.16 rows=46638 width=8) (actual time=1217.991..3146.997 rows=35418 loops=1)
              Hash Cond: (mk.movie_id = t.id)
              ->  Seq Scan on movie_keyword mk  (cost=0.00..69693.30 rows=4523930 width=4) (actual time=0.014..1047.126 rows=4523930 loops=1)
              ->  Hash  (cost=73925.90..73925.90 rows=26067 width=4) (actual time=1217.714..1217.714 rows=27085 loops=1)
                    Buckets: 32768  Batches: 1  Memory Usage: 1209kB
                    ->  Seq Scan on title t  (cost=0.00..73925.90 rows=26067 width=4) (actual time=0.620..1206.261 rows=27085 loops=1)
                          Filter: ((kind_id < 7) AND (production_year > 2012))
                          Rows Removed by Filter: 2501227
Planning time: 1.127 ms
Execution time: 21770.018 ms
