Seq Scan on movie_keyword mk  (cost=0.00..81003.12 rows=3937142 width=0) (actual time=0.022..1646.918 rows=3938297 loops=1)
  Filter: (keyword_id < 31334)
  Rows Removed by Filter: 585633
Planning time: 1.246 ms
Execution time: 2154.840 ms
