Hash Join  (cost=135664.69..222340.19 rows=1746 width=0) (actual time=1566.817..3335.039 rows=11458 loops=1)
  Hash Cond: (mk.movie_id = t.id)
  ->  Seq Scan on movie_keyword mk  (cost=0.00..69693.30 rows=4523930 width=4) (actual time=0.021..1008.843 rows=4523930 loops=1)
  ->  Hash  (cost=135652.49..135652.49 rows=976 width=8) (actual time=1566.351..1566.351 rows=2203 loops=1)
        Buckets: 4096 (originally 1024)  Batches: 1 (originally 1)  Memory Usage: 119kB
        ->  Hash Join  (cost=73956.69..135652.49 rows=976 width=8) (actual time=1264.509..1565.741 rows=2203 loops=1)
              Hash Cond: (mc.movie_id = t.id)
              ->  Seq Scan on movie_companies mc  (cost=0.00..57926.93 rows=1002428 width=4) (actual time=160.713..520.749 rows=706155 loops=1)
                    Filter: ((company_id < 55369) AND (company_type_id > 1))
                    Rows Removed by Filter: 1902974
              ->  Hash  (cost=73925.90..73925.90 rows=2463 width=4) (actual time=977.234..977.234 rows=3040 loops=1)
                    Buckets: 4096  Batches: 1  Memory Usage: 139kB
                    ->  Seq Scan on title t  (cost=0.00..73925.90 rows=2463 width=4) (actual time=616.914..975.685 rows=3040 loops=1)
                          Filter: ((kind_id = 3) AND (production_year = 2002))
                          Rows Removed by Filter: 2525272
Planning time: 1.200 ms
Execution time: 3336.566 ms
