Hash Join  (cost=99217.91..1275723.47 rows=13907729 width=0) (actual time=2039.142..33266.276 rows=14107990 loops=1)
  Hash Cond: (ci.movie_id = t.id)
  ->  Seq Scan on cast_info ci  (cost=0.00..796071.18 rows=18250017 width=4) (actual time=0.026..18194.767 rows=17889501 loops=1)
        Filter: ((person_id > 300696) AND (role_id < 3))
        Rows Removed by Filter: 18354843
  ->  Hash  (cost=67604.59..67604.59 rows=1926906 width=4) (actual time=2038.051..2038.051 rows=1918028 loops=1)
        Buckets: 131072  Batches: 32  Memory Usage: 3139kB
        ->  Seq Scan on title t  (cost=0.00..67604.59 rows=1926906 width=4) (actual time=0.021..1410.971 rows=1918028 loops=1)
              Filter: (production_year > 1981)
              Rows Removed by Filter: 610284
Planning time: 1.173 ms
Execution time: 34759.866 ms
