Seq Scan on movie_companies mc  (cost=0.00..57926.93 rows=625361 width=0) (actual time=140.654..979.353 rows=383444 loops=1)
  Filter: ((company_id > 11378) AND (company_type_id < 2))
  Rows Removed by Filter: 2225685
Planning time: 0.304 ms
Execution time: 1024.938 ms
