Hash Join  (cost=130228.59..484764.14 rows=7371 width=0) (actual time=3225.849..7457.169 rows=47131 loops=1)
  Hash Cond: (mi.movie_id = t.id)
  ->  Seq Scan on movie_info mi  (cost=0.00..346232.03 rows=2194617 width=4) (actual time=968.594..4851.329 rows=2233850 loops=1)
        Filter: (info_type_id > 16)
        Rows Removed by Filter: 12601870
  ->  Hash  (cost=130122.44..130122.44 rows=8492 width=8) (actual time=2115.600..2115.600 rows=24136 loops=1)
        Buckets: 32768 (originally 16384)  Batches: 1 (originally 1)  Memory Usage: 1199kB
        ->  Hash Join  (cost=69283.60..130122.44 rows=8492 width=8) (actual time=1251.513..2106.369 rows=24136 loops=1)
              Hash Cond: (mc.movie_id = t.id)
              ->  Seq Scan on movie_companies mc  (cost=0.00..57926.93 rows=209863 width=4) (actual time=156.704..968.615 rows=414615 loops=1)
                    Filter: ((company_id > 80537) AND (company_type_id = 2))
                    Rows Removed by Filter: 2194514
              ->  Hash  (cost=67604.59..67604.59 rows=102321 width=4) (actual time=966.472..966.472 rows=100537 loops=1)
                    Buckets: 131072  Batches: 2  Memory Usage: 2797kB
                    ->  Seq Scan on title t  (cost=0.00..67604.59 rows=102321 width=4) (actual time=0.027..930.422 rows=100537 loops=1)
                          Filter: (kind_id = 3)
                          Rows Removed by Filter: 2427775
Planning time: 1.265 ms
Execution time: 7464.340 ms
