Seq Scan on cast_info ci  (cost=0.00..796071.18 rows=1920948 width=0) (actual time=8207.605..12228.500 rows=655171 loops=1)
  Filter: ((person_id < 1166798) AND (role_id > 8))
  Rows Removed by Filter: 35589173
Planning time: 0.364 ms
Execution time: 12312.738 ms
