Seq Scan on cast_info ci  (cost=0.00..705507.15 rows=1433335 width=0) (actual time=726.205..11457.270 rows=1360980 loops=1)
  Filter: (person_id < 135790)
  Rows Removed by Filter: 34883364
Planning time: 0.368 ms
Execution time: 11622.177 ms
