Hash Join  (cost=481359.59..1314333.28 rows=2119496 width=0) (actual time=13481.580..26368.429 rows=888874 loops=1)
  Hash Cond: (ci.movie_id = t.id)
  ->  Seq Scan on cast_info ci  (cost=0.00..705507.15 rows=8989497 width=4) (actual time=4937.647..13181.148 rows=9002289 loops=1)
        Filter: (person_id > 2796294)
        Rows Removed by Filter: 27242055
  ->  Hash  (cost=471578.57..471578.57 rows=596162 width=8) (actual time=8540.279..8540.279 rows=358763 loops=1)
        Buckets: 131072  Batches: 8  Memory Usage: 2767kB
        ->  Hash Join  (cost=81987.19..471578.57 rows=596162 width=8) (actual time=1463.170..8422.684 rows=358763 loops=1)
              Hash Cond: (mi.movie_id = t.id)
              ->  Seq Scan on movie_info mi  (cost=0.00..346232.03 rows=3068194 width=4) (actual time=100.410..5489.872 rows=3036719 loops=1)
                    Filter: (info_type_id = 16)
                    Rows Removed by Filter: 11799001
              ->  Hash  (cost=73925.90..73925.90 rows=491303 width=4) (actual time=1361.598..1361.598 rows=352208 loops=1)
                    Buckets: 131072  Batches: 8  Memory Usage: 2568kB
                    ->  Seq Scan on title t  (cost=0.00..73925.90 rows=491303 width=4) (actual time=0.036..1242.572 rows=352208 loops=1)
                          Filter: ((kind_id > 1) AND (production_year < 1989))
                          Rows Removed by Filter: 2176104
Planning time: 1.151 ms
Execution time: 26471.183 ms
