Hash Join  (cost=265639.73..1450724.18 rows=13750048 width=0) (actual time=5989.890..39313.676 rows=34713838 loops=1)
  Hash Cond: (ci.movie_id = t.id)
  ->  Seq Scan on cast_info ci  (cost=0.00..796071.18 rows=19074358 width=4) (actual time=0.026..17446.470 rows=16668355 loops=1)
        Filter: ((person_id < 2973732) AND (role_id > 1))
        Rows Removed by Filter: 19575989
  ->  Hash  (cost=235734.63..235734.63 rows=1822728 width=8) (actual time=5988.543..5988.543 rows=1360638 loops=1)
        Buckets: 131072  Batches: 32  Memory Usage: 2733kB
        ->  Hash Join  (cost=87180.69..235734.63 rows=1822728 width=8) (actual time=1567.252..5565.769 rows=1360638 loops=1)
              Hash Cond: (mk.movie_id = t.id)
              ->  Seq Scan on movie_keyword mk  (cost=0.00..81003.12 rows=3862543 width=4) (actual time=0.019..1739.375 rows=3863115 loops=1)
                    Filter: (keyword_id > 508)
                    Rows Removed by Filter: 660815
              ->  Hash  (cost=67604.59..67604.59 rows=1193208 width=4) (actual time=1565.492..1565.492 rows=1192518 loops=1)
                    Buckets: 131072  Batches: 16  Memory Usage: 3654kB
                    ->  Seq Scan on title t  (cost=0.00..67604.59 rows=1193208 width=4) (actual time=0.027..1172.966 rows=1192518 loops=1)
                          Filter: (production_year > 2003)
                          Rows Removed by Filter: 1335794
Planning time: 1.294 ms
Execution time: 42861.184 ms
