Seq Scan on movie_keyword mk  (cost=0.00..81003.12 rows=2442063 width=0) (actual time=0.020..1500.251 rows=2442555 loops=1)
  Filter: (keyword_id < 5816)
  Rows Removed by Filter: 2081375
Planning time: 0.290 ms
Execution time: 1812.540 ms
