Hash Join  (cost=83074.74..447745.01 rows=1434 width=0) (actual time=1259.505..7662.228 rows=15768 loops=1)
  Hash Cond: (mi.movie_id = t.id)
  ->  Seq Scan on movie_info mi  (cost=0.00..309384.22 rows=14739122 width=4) (actual time=0.019..3587.900 rows=14835720 loops=1)
  ->  Hash  (cost=83071.67..83071.67 rows=246 width=8) (actual time=1258.826..1258.826 rows=1517 loops=1)
        Buckets: 2048 (originally 1024)  Batches: 1 (originally 1)  Memory Usage: 76kB
        ->  Nested Loop  (cost=0.43..83071.67 rows=246 width=8) (actual time=0.492..1257.803 rows=1517 loops=1)
              ->  Seq Scan on movie_keyword mk  (cost=0.00..81003.12 rows=246 width=4) (actual time=0.447..1206.101 rows=1517 loops=1)
                    Filter: (keyword_id = 6226)
                    Rows Removed by Filter: 4522413
              ->  Index Only Scan using title_pkey on title t  (cost=0.43..8.40 rows=1 width=4) (actual time=0.032..0.033 rows=1 loops=1517)
                    Index Cond: (id = mk.movie_id)
                    Heap Fetches: 1517
Planning time: 1.139 ms
Execution time: 7665.568 ms
