Hash Join  (cost=101956.43..188833.82 rows=21935 width=0) (actual time=1876.750..3760.086 rows=126211 loops=1)
  Hash Cond: (mk.movie_id = t.id)
  ->  Seq Scan on movie_keyword mk  (cost=0.00..69693.30 rows=4523930 width=4) (actual time=0.022..985.274 rows=4523930 loops=1)
  ->  Hash  (cost=101803.18..101803.18 rows=12260 width=8) (actual time=1876.367..1876.367 rows=19432 loops=1)
        Buckets: 32768 (originally 16384)  Batches: 1 (originally 1)  Memory Usage: 1016kB
        ->  Hash Join  (cost=74766.48..101803.18 rows=12260 width=8) (actual time=1179.617..1868.600 rows=19432 loops=1)
              Hash Cond: (mi_idx.movie_id = t.id)
              ->  Seq Scan on movie_info_idx mi_idx  (cost=0.00..25185.44 rows=460978 width=4) (actual time=0.010..480.559 rows=459925 loops=1)
                    Filter: (info_type_id < 100)
                    Rows Removed by Filter: 920110
              ->  Hash  (cost=73925.90..73925.90 rows=67246 width=4) (actual time=1178.835..1178.835 rows=94334 loops=1)
                    Buckets: 131072 (originally 131072)  Batches: 2 (originally 1)  Memory Usage: 3073kB
                    ->  Seq Scan on title t  (cost=0.00..73925.90 rows=67246 width=4) (actual time=236.484..1137.588 rows=94334 loops=1)
                          Filter: ((production_year > 1998) AND (kind_id = 4))
                          Rows Removed by Filter: 2433978
Planning time: 1.169 ms
Execution time: 3776.813 ms
