Hash Join  (cost=841172.70..1598013.52 rows=3516716 width=0) (actual time=21991.055..39225.912 rows=16470406 loops=1)
  Hash Cond: (mi.movie_id = t.id)
  ->  Seq Scan on movie_info mi  (cost=0.00..309384.22 rows=14739122 width=4) (actual time=0.018..6207.096 rows=14835720 loops=1)
  ->  Hash  (cost=831274.45..831274.45 rows=603300 width=8) (actual time=21989.897..21989.897 rows=570785 loops=1)
        Buckets: 131072  Batches: 8  Memory Usage: 3847kB
        ->  Hash Join  (cost=74452.28..831274.45 rows=603300 width=8) (actual time=1308.223..21427.885 rows=570785 loops=1)
              Hash Cond: (ci.movie_id = t.id)
              ->  Seq Scan on cast_info ci  (cost=0.00..614943.12 rows=36225612 width=4) (actual time=0.019..9463.942 rows=36244344 loops=1)
              ->  Hash  (cost=73925.90..73925.90 rows=42110 width=4) (actual time=1307.858..1307.858 rows=33905 loops=1)
                    Buckets: 65536  Batches: 1  Memory Usage: 1704kB
                    ->  Seq Scan on title t  (cost=0.00..73925.90 rows=42110 width=4) (actual time=0.138..1292.687 rows=33905 loops=1)
                          Filter: ((kind_id < 7) AND (production_year = 2006))
                          Rows Removed by Filter: 2494407
Planning time: 1.221 ms
Execution time: 41134.992 ms
