Seq Scan on cast_info ci  (cost=0.00..796071.18 rows=539078 width=0) (actual time=886.900..14089.175 rows=246264 loops=1)
  Filter: ((person_id < 2199333) AND (role_id = 5))
  Rows Removed by Filter: 35998080
Planning time: 0.412 ms
Execution time: 14119.530 ms
