Seq Scan on movie_companies mc  (cost=0.00..51404.11 rows=1182846 width=0) (actual time=0.025..910.161 rows=1176952 loops=1)
  Filter: (company_id < 10089)
  Rows Removed by Filter: 1432177
Planning time: 1.899 ms
Execution time: 1057.225 ms
