Seq Scan on cast_info ci  (cost=0.00..705507.15 rows=17882703 width=0) (actual time=1508.668..12078.330 rows=18005155 loops=1)
  Filter: (person_id > 1811720)
  Rows Removed by Filter: 18239189
Planning time: 0.340 ms
Execution time: 14309.202 ms
