Hash Join  (cost=83074.74..833899.15 rows=3524 width=0) (actual time=1162.871..16072.265 rows=581 loops=1)
  Hash Cond: (ci.movie_id = t.id)
  ->  Seq Scan on cast_info ci  (cost=0.00..614943.12 rows=36225612 width=4) (actual time=0.021..8275.098 rows=36244344 loops=1)
  ->  Hash  (cost=83071.67..83071.67 rows=246 width=8) (actual time=1135.370..1135.370 rows=180 loops=1)
        Buckets: 1024  Batches: 1  Memory Usage: 16kB
        ->  Nested Loop  (cost=0.43..83071.67 rows=246 width=8) (actual time=3.301..1135.167 rows=180 loops=1)
              ->  Seq Scan on movie_keyword mk  (cost=0.00..81003.12 rows=246 width=4) (actual time=3.248..1129.736 rows=180 loops=1)
                    Filter: (keyword_id = 34362)
                    Rows Removed by Filter: 4523750
              ->  Index Only Scan using title_pkey on title t  (cost=0.43..8.40 rows=1 width=4) (actual time=0.027..0.027 rows=1 loops=180)
                    Index Cond: (id = mk.movie_id)
                    Heap Fetches: 180
Planning time: 1.141 ms
Execution time: 16072.816 ms
