Hash Join  (cost=190230.21..344757.80 rows=2184805 width=0) (actual time=4554.912..10468.771 rows=9223184 loops=1)
  Hash Cond: (mk.movie_id = t.id)
  ->  Seq Scan on movie_keyword mk  (cost=0.00..81003.12 rows=4003042 width=4) (actual time=0.025..1820.524 rows=4011946 loops=1)
        Filter: (keyword_id < 35409)
        Rows Removed by Filter: 511984
  ->  Hash  (cost=167588.78..167588.78 rows=1380035 width=8) (actual time=4551.979..4551.979 rows=1380035 loops=1)
        Buckets: 131072  Batches: 32  Memory Usage: 2726kB
        ->  Hash Join  (cost=102767.86..167588.78 rows=1380035 width=8) (actual time=2095.389..4119.091 rows=1380035 loops=1)
              Hash Cond: (mi_idx.movie_id = t.id)
              ->  Seq Scan on movie_info_idx mi_idx  (cost=0.00..21735.35 rows=1380035 width=4) (actual time=0.022..468.483 rows=1380035 loops=1)
              ->  Hash  (cost=61283.27..61283.27 rows=2528527 width=4) (actual time=2093.516..2093.516 rows=2528312 loops=1)
                    Buckets: 131072  Batches: 64  Memory Usage: 2415kB
                    ->  Seq Scan on title t  (cost=0.00..61283.27 rows=2528527 width=4) (actual time=0.020..975.834 rows=2528312 loops=1)
Planning time: 1.096 ms
Execution time: 11498.749 ms
