Seq Scan on movie_keyword mk  (cost=0.00..81003.12 rows=2203336 width=0) (actual time=0.010..1474.169 rows=2202790 loops=1)
  Filter: (keyword_id < 4426)
  Rows Removed by Filter: 2321140
Planning time: 0.236 ms
Execution time: 1746.421 ms
