Hash Join  (cost=76095.04..115025.89 rows=72137 width=0) (actual time=1374.431..2458.842 rows=208847 loops=1)
  Hash Cond: (mi_idx.movie_id = t.id)
  ->  Seq Scan on movie_info_idx mi_idx  (cost=0.00..21735.35 rows=1380035 width=4) (actual time=0.016..466.459 rows=1380035 loops=1)
  ->  Hash  (cost=73925.90..73925.90 rows=132171 width=4) (actual time=1373.619..1373.619 rows=265354 loops=1)
        Buckets: 131072 (originally 131072)  Batches: 4 (originally 2)  Memory Usage: 3357kB
        ->  Seq Scan on title t  (cost=0.00..73925.90 rows=132171 width=4) (actual time=507.961..1275.865 rows=265354 loops=1)
              Filter: ((kind_id < 2) AND (production_year < 1979))
              Rows Removed by Filter: 2262958
Planning time: 0.652 ms
Execution time: 2482.490 ms
