Hash Join  (cost=106840.27..264069.24 rows=2840405 width=0) (actual time=2196.916..6222.114 rows=2943283 loops=1)
  Hash Cond: (mk.movie_id = t.id)
  ->  Seq Scan on movie_keyword mk  (cost=0.00..81003.12 rows=3003159 width=4) (actual time=0.024..1684.116 rows=2987197 loops=1)
        Filter: (keyword_id < 10336)
        Rows Removed by Filter: 1536733
  ->  Hash  (cost=67604.59..67604.59 rows=2391495 width=4) (actual time=2195.967..2195.967 rows=2388876 loops=1)
        Buckets: 131072  Batches: 32  Memory Usage: 3656kB
        ->  Seq Scan on title t  (cost=0.00..67604.59 rows=2391495 width=4) (actual time=0.024..1402.148 rows=2388876 loops=1)
              Filter: (production_year < 2013)
              Rows Removed by Filter: 139436
Planning time: 0.754 ms
Execution time: 6532.354 ms
