Hash Join  (cost=153886.66..505955.92 rows=2450 width=0) (actual time=3372.549..7875.223 rows=32540 loops=1)
  Hash Cond: (mi.movie_id = t.id)
  ->  Seq Scan on movie_info mi  (cost=0.00..346232.03 rows=1550064 width=4) (actual time=737.158..4968.574 rows=1533909 loops=1)
        Filter: (info_type_id = 3)
        Rows Removed by Filter: 13301811
  ->  Hash  (cost=153836.70..153836.70 rows=3997 width=8) (actual time=2635.131..2635.131 rows=16531 loops=1)
        Buckets: 32768 (originally 4096)  Batches: 1 (originally 1)  Memory Usage: 902kB
        ->  Hash Join  (cost=67697.55..153836.70 rows=3997 width=8) (actual time=1006.143..2628.469 rows=16531 loops=1)
              Hash Cond: (mk.movie_id = t.id)
              ->  Seq Scan on movie_keyword mk  (cost=0.00..81003.12 rows=1358947 width=4) (actual time=0.029..1361.718 rows=1375328 loops=1)
                    Filter: (keyword_id < 1816)
                    Rows Removed by Filter: 3148602
              ->  Hash  (cost=67604.59..67604.59 rows=7437 width=4) (actual time=1003.813..1003.813 rows=23040 loops=1)
                    Buckets: 32768 (originally 8192)  Batches: 1 (originally 1)  Memory Usage: 1066kB
                    ->  Seq Scan on title t  (cost=0.00..67604.59 rows=7437 width=4) (actual time=0.135..992.352 rows=23040 loops=1)
                          Filter: (production_year = 1990)
                          Rows Removed by Filter: 2505272
Planning time: 3.793 ms
Execution time: 7879.781 ms
