Hash Join  (cost=365418.15..1513614.11 rows=22070528 width=0) (actual time=8951.648..46904.616 rows=74940899 loops=1)
  Hash Cond: (ci.movie_id = t.id)
  ->  Seq Scan on cast_info ci  (cost=0.00..705507.15 rows=12335718 width=4) (actual time=0.021..13258.797 rows=12430058 loops=1)
        Filter: (person_id > 2441328)
        Rows Removed by Filter: 23814286
  ->  Hash  (cost=291197.02..291197.02 rows=4523930 width=8) (actual time=8949.818..8949.818 rows=4523930 loops=1)
        Buckets: 131072  Batches: 64  Memory Usage: 3816kB
        ->  Hash Join  (cost=102767.86..291197.02 rows=4523930 width=8) (actual time=1807.432..7692.319 rows=4523930 loops=1)
              Hash Cond: (mk.movie_id = t.id)
              ->  Seq Scan on movie_keyword mk  (cost=0.00..69693.30 rows=4523930 width=4) (actual time=0.014..1404.805 rows=4523930 loops=1)
              ->  Hash  (cost=61283.27..61283.27 rows=2528527 width=4) (actual time=1803.854..1803.854 rows=2528312 loops=1)
                    Buckets: 131072  Batches: 64  Memory Usage: 2425kB
                    ->  Seq Scan on title t  (cost=0.00..61283.27 rows=2528527 width=4) (actual time=0.015..938.019 rows=2528312 loops=1)
Planning time: 1.176 ms
Execution time: 54831.118 ms
