Hash Join  (cost=190230.21..1031267.40 rows=1268996 width=0) (actual time=17943.822..46103.821 rows=2215890 loops=1)
  Hash Cond: (ci.movie_id = t.id)
  ->  Seq Scan on cast_info ci  (cost=0.00..796071.18 rows=2325080 width=4) (actual time=10308.504..36334.554 rows=2361277 loops=1)
        Filter: ((person_id > 516072) AND (role_id = 4))
        Rows Removed by Filter: 33883067
  ->  Hash  (cost=167588.78..167588.78 rows=1380035 width=8) (actual time=7633.773..7633.773 rows=1380035 loops=1)
        Buckets: 131072  Batches: 32  Memory Usage: 2708kB
        ->  Hash Join  (cost=102767.86..167588.78 rows=1380035 width=8) (actual time=4067.734..7155.882 rows=1380035 loops=1)
              Hash Cond: (mi_idx.movie_id = t.id)
              ->  Seq Scan on movie_info_idx mi_idx  (cost=0.00..21735.35 rows=1380035 width=4) (actual time=0.027..1119.966 rows=1380035 loops=1)
              ->  Hash  (cost=61283.27..61283.27 rows=2528527 width=4) (actual time=4066.728..4066.728 rows=2528312 loops=1)
                    Buckets: 131072  Batches: 64  Memory Usage: 2415kB
                    ->  Seq Scan on title t  (cost=0.00..61283.27 rows=2528527 width=4) (actual time=0.020..3114.443 rows=2528312 loops=1)
Planning time: 15.533 ms
Execution time: 46352.915 ms
