Hash Join  (cost=102767.86..988376.05 rows=3310462 width=0) (actual time=5232.296..20723.812 rows=3997916 loops=1)
  Hash Cond: (ci.movie_id = t.id)
  ->  Seq Scan on cast_info ci  (cost=0.00..796071.18 rows=3310462 width=4) (actual time=3044.419..14954.718 rows=3997916 loops=1)
        Filter: ((person_id > 818705) AND (role_id = 10))
        Rows Removed by Filter: 32246428
  ->  Hash  (cost=61283.27..61283.27 rows=2528527 width=4) (actual time=2185.972..2185.972 rows=2528312 loops=1)
        Buckets: 131072  Batches: 64  Memory Usage: 2415kB
        ->  Seq Scan on title t  (cost=0.00..61283.27 rows=2528527 width=4) (actual time=0.015..1080.810 rows=2528312 loops=1)
Planning time: 0.790 ms
Execution time: 21196.604 ms
