Nested Loop  (cost=0.43..797556.58 rows=40 width=0) (actual time=5667.198..12939.394 rows=31 loops=1)
  ->  Seq Scan on cast_info ci  (cost=0.00..796071.18 rows=176 width=4) (actual time=5667.114..12937.387 rows=99 loops=1)
        Filter: ((role_id < 2) AND (person_id = 1292972))
        Rows Removed by Filter: 36244245
  ->  Index Scan using title_pkey on title t  (cost=0.43..8.43 rows=1 width=4) (actual time=0.019..0.020 rows=0 loops=99)
        Index Cond: (id = ci.movie_id)
        Filter: ((kind_id < 3) AND (production_year > 1982))
        Rows Removed by Filter: 1
Planning time: 0.786 ms
Execution time: 12939.514 ms
