Hash Join  (cost=95982.60..136985.33 rows=315340 width=0) (actual time=4719.729..6621.222 rows=297781 loops=1)
  Hash Cond: (mi_idx.movie_id = t.id)
  ->  Seq Scan on movie_info_idx mi_idx  (cost=0.00..25185.44 rows=460978 width=4) (actual time=0.015..1261.516 rows=459925 loops=1)
        Filter: (info_type_id < 100)
        Rows Removed by Filter: 920110
  ->  Hash  (cost=67604.59..67604.59 rows=1729681 width=4) (actual time=4718.101..4718.101 rows=1725233 loops=1)
        Buckets: 131072  Batches: 32  Memory Usage: 2923kB
        ->  Seq Scan on title t  (cost=0.00..67604.59 rows=1729681 width=4) (actual time=0.011..4034.117 rows=1725233 loops=1)
              Filter: (production_year > 1991)
              Rows Removed by Filter: 803079
Planning time: 0.697 ms
Execution time: 6662.800 ms
