Hash Join  (cost=203331.52..720265.18 rows=3479574 width=0) (actual time=4770.963..25854.374 rows=33105459 loops=1)
  Hash Cond: (mi.movie_id = t.id)
  ->  Seq Scan on movie_info mi  (cost=0.00..309384.22 rows=14739122 width=4) (actual time=0.021..6097.942 rows=14835720 loops=1)
  ->  Hash  (cost=193537.92..193537.92 rows=596928 width=8) (actual time=4769.207..4769.207 rows=795243 loops=1)
        Buckets: 131072 (originally 131072)  Batches: 16 (originally 8)  Memory Usage: 3073kB
        ->  Hash Join  (cost=79303.65..193537.92 rows=596928 width=8) (actual time=1523.222..4548.649 rows=795243 loops=1)
              Hash Cond: (mk.movie_id = t.id)
              ->  Seq Scan on movie_keyword mk  (cost=0.00..81003.12 rows=2116765 width=4) (actual time=0.010..1576.762 rows=2120110 loops=1)
                    Filter: (keyword_id < 3891)
                    Rows Removed by Filter: 2403820
              ->  Hash  (cost=67604.59..67604.59 rows=713045 width=4) (actual time=1521.835..1521.835 rows=707186 loops=1)
                    Buckets: 131072  Batches: 16  Memory Usage: 2584kB
                    ->  Seq Scan on title t  (cost=0.00..67604.59 rows=713045 width=4) (actual time=0.015..1277.002 rows=707186 loops=1)
                          Filter: (production_year < 1991)
                          Rows Removed by Filter: 1821126
Planning time: 1.166 ms
Execution time: 29800.292 ms
