Hash Join  (cost=140808.78..264249.35 rows=161975 width=0) (actual time=2454.466..5496.715 rows=1564533 loops=1)
  Hash Cond: (mk.movie_id = t.id)
  ->  Seq Scan on movie_keyword mk  (cost=0.00..81003.12 rows=3490319 width=4) (actual time=0.013..1701.217 rows=3489179 loops=1)
        Filter: (keyword_id > 1023)
        Rows Removed by Filter: 1034751
  ->  Hash  (cost=138883.02..138883.02 rows=117341 width=8) (actual time=2453.693..2453.693 rows=49724 loops=1)
        Buckets: 131072  Batches: 2  Memory Usage: 2010kB
        ->  Hash Join  (cost=78556.72..138883.02 rows=117341 width=8) (actual time=1250.335..2435.358 rows=49724 loops=1)
              Hash Cond: (mc.movie_id = t.id)
              ->  Seq Scan on movie_companies mc  (cost=0.00..51404.11 rows=444473 width=4) (actual time=0.015..847.304 rows=443996 loops=1)
                    Filter: (company_id < 338)
                    Rows Removed by Filter: 2165133
              ->  Hash  (cost=67604.59..67604.59 rows=667531 width=4) (actual time=1249.203..1249.203 rows=662825 loops=1)
                    Buckets: 131072  Batches: 16  Memory Usage: 2476kB
                    ->  Seq Scan on title t  (cost=0.00..67604.59 rows=667531 width=4) (actual time=90.716..1036.948 rows=662825 loops=1)
                          Filter: (kind_id = 1)
                          Rows Removed by Filter: 1865487
Planning time: 1.188 ms
Execution time: 5675.845 ms
