Hash Join  (cost=175480.27..564077.96 rows=520994 width=0) (actual time=5284.570..11666.722 rows=4167304 loops=1)
  Hash Cond: (mi.movie_id = t.id)
  ->  Seq Scan on movie_info mi  (cost=0.00..346232.03 rows=3068194 width=4) (actual time=1465.354..5415.393 rows=3036719 loops=1)
        Filter: (info_type_id = 16)
        Rows Removed by Filter: 11799001
  ->  Hash  (cost=168435.32..168435.32 rows=429356 width=8) (actual time=3818.043..3818.043 rows=476398 loops=1)
        Buckets: 131072  Batches: 8  Memory Usage: 3360kB
        ->  Hash Join  (cost=91959.31..168435.32 rows=429356 width=8) (actual time=2125.892..3695.886 rows=476398 loops=1)
              Hash Cond: (mc.movie_id = t.id)
              ->  Seq Scan on movie_companies mc  (cost=0.00..57926.93 rows=731337 width=4) (actual time=331.435..1069.562 rows=1006278 loops=1)
                    Filter: ((company_id < 13549) AND (company_type_id = 1))
                    Rows Removed by Filter: 1602851
              ->  Hash  (cost=67604.59..67604.59 rows=1484458 width=4) (actual time=1793.616..1793.616 rows=1485030 loops=1)
                    Buckets: 131072  Batches: 32  Memory Usage: 2655kB
                    ->  Seq Scan on title t  (cost=0.00..67604.59 rows=1484458 width=4) (actual time=0.025..1284.806 rows=1485030 loops=1)
                          Filter: (production_year > 1998)
                          Rows Removed by Filter: 1043282
Planning time: 1.267 ms
Execution time: 12151.807 ms
