Hash Join  (cost=798789.97..1163450.27 rows=437 width=0) (actual time=17199.313..21324.570 rows=10 loops=1)
  Hash Cond: (mi.movie_id = t.id)
  ->  Seq Scan on movie_info mi  (cost=0.00..309384.22 rows=14739122 width=4) (actual time=0.013..4549.950 rows=14835720 loops=1)
  ->  Hash  (cost=798789.03..798789.03 rows=75 width=8) (actual time=14176.620..14176.620 rows=2 loops=1)
        Buckets: 1024  Batches: 1  Memory Usage: 9kB
        ->  Nested Loop  (cost=0.43..798789.03 rows=75 width=8) (actual time=8588.285..14176.602 rows=2 loops=1)
              ->  Seq Scan on cast_info ci  (cost=0.00..796071.18 rows=324 width=4) (actual time=8588.201..14175.776 rows=48 loops=1)
                    Filter: ((role_id > 1) AND (person_id = 3186508))
                    Rows Removed by Filter: 36244296
              ->  Index Scan using title_pkey on title t  (cost=0.43..8.38 rows=1 width=4) (actual time=0.016..0.016 rows=0 loops=48)
                    Index Cond: (id = ci.movie_id)
                    Filter: ((production_year < 2012) AND (kind_id = 1))
                    Rows Removed by Filter: 1
Planning time: 4.072 ms
Execution time: 21324.718 ms
