Seq Scan on movie_companies mc  (cost=0.00..57926.93 rows=517046 width=0) (actual time=0.012..871.595 rows=307672 loops=1)
  Filter: ((company_id < 5188) AND (company_type_id = 2))
  Rows Removed by Filter: 2301457
Planning time: 4.038 ms
Execution time: 910.299 ms
