Hash Join  (cost=94009.45..1196207.35 rows=9951733 width=0) (actual time=1786.944..31364.378 rows=11457981 loops=1)
  Hash Cond: (ci.movie_id = t.id)
  ->  Seq Scan on cast_info ci  (cost=0.00..796071.18 rows=15634878 width=4) (actual time=0.017..17306.552 rows=15796358 loops=1)
        Filter: ((person_id > 118702) AND (role_id > 2))
        Rows Removed by Filter: 20447986
  ->  Hash  (cost=67604.59..67604.59 rows=1609429 width=4) (actual time=1785.663..1785.663 rows=1607077 loops=1)
        Buckets: 131072  Batches: 32  Memory Usage: 2791kB
        ->  Seq Scan on title t  (cost=0.00..67604.59 rows=1609429 width=4) (actual time=0.013..1268.393 rows=1607077 loops=1)
              Filter: (production_year > 1995)
              Rows Removed by Filter: 921235
Planning time: 4.574 ms
Execution time: 32599.256 ms
