Hash Join  (cost=83810.17..187358.92 rows=471873 width=0) (actual time=1549.535..3958.605 rows=1027892 loops=1)
  Hash Cond: (mk.movie_id = t.id)
  ->  Seq Scan on movie_keyword mk  (cost=0.00..81003.12 rows=1207970 width=4) (actual time=0.024..1430.026 rows=1217566 loops=1)
        Filter: (keyword_id > 14995)
        Rows Removed by Filter: 3306364
  ->  Hash  (cost=67604.59..67604.59 rows=987727 width=4) (actual time=1548.447..1548.447 rows=985048 loops=1)
        Buckets: 131072  Batches: 16  Memory Usage: 3197kB
        ->  Seq Scan on title t  (cost=0.00..67604.59 rows=987727 width=4) (actual time=0.018..1238.231 rows=985048 loops=1)
              Filter: (kind_id < 7)
              Rows Removed by Filter: 1543264
Planning time: 0.759 ms
Execution time: 4078.189 ms
