Seq Scan on movie_keyword mk  (cost=0.00..81003.12 rows=311400 width=0) (actual time=0.019..1294.699 rows=308863 loops=1)
  Filter: (keyword_id > 52794)
  Rows Removed by Filter: 4215067
Planning time: 0.297 ms
Execution time: 1334.322 ms
