Hash Join  (cost=144301.22..656056.43 rows=2994225 width=0) (actual time=3087.863..15691.554 rows=2168238 loops=1)
  Hash Cond: (mi.movie_id = t.id)
  ->  Seq Scan on movie_info mi  (cost=0.00..309384.22 rows=14739122 width=4) (actual time=0.019..6057.306 rows=14835720 loops=1)
  ->  Hash  (cost=135873.40..135873.40 rows=513666 width=8) (actual time=3073.675..3073.675 rows=269664 loops=1)
        Buckets: 131072  Batches: 8  Memory Usage: 2344kB
        ->  Hash Join  (cost=89367.26..135873.40 rows=513666 width=8) (actual time=1745.577..3003.437 rows=269664 loops=1)
              Hash Cond: (mi_idx.movie_id = t.id)
              ->  Seq Scan on movie_info_idx mi_idx  (cost=0.00..21735.35 rows=1380035 width=4) (actual time=0.023..471.028 rows=1380035 loops=1)
              ->  Hash  (cost=73925.90..73925.90 rows=941148 width=4) (actual time=1744.703..1744.703 rows=1030674 loops=1)
                    Buckets: 131072  Batches: 16  Memory Usage: 3299kB
                    ->  Seq Scan on title t  (cost=0.00..73925.90 rows=941148 width=4) (actual time=0.016..1424.747 rows=1030674 loops=1)
                          Filter: ((kind_id > 4) AND (production_year > 1997))
                          Rows Removed by Filter: 1497638
Planning time: 1.194 ms
Execution time: 15926.026 ms
