Hash Join  (cost=83073.04..886560.40 rows=8 width=0) (actual time=11008.163..16205.276 rows=3 loops=1)
  Hash Cond: (ci.movie_id = t.id)
  ->  Seq Scan on cast_info ci  (cost=0.00..796071.18 rows=1977624 width=4) (actual time=9088.609..14722.754 rows=1448285 loops=1)
        Filter: ((person_id < 2711738) AND (role_id = 4))
        Rows Removed by Filter: 34796059
  ->  Hash  (cost=83072.90..83072.90 rows=11 width=8) (actual time=1290.589..1290.589 rows=1 loops=1)
        Buckets: 1024  Batches: 1  Memory Usage: 9kB
        ->  Nested Loop  (cost=0.43..83072.90 rows=11 width=8) (actual time=1237.027..1290.524 rows=1 loops=1)
              ->  Seq Scan on movie_keyword mk  (cost=0.00..81003.12 rows=246 width=4) (actual time=1.355..1288.040 rows=44 loops=1)
                    Filter: (keyword_id = 73698)
                    Rows Removed by Filter: 4523886
              ->  Index Scan using title_pkey on title t  (cost=0.43..8.40 rows=1 width=4) (actual time=0.052..0.052 rows=0 loops=44)
                    Index Cond: (id = mk.movie_id)
                    Filter: ((kind_id > 3) AND (production_year = 2012))
                    Rows Removed by Filter: 1
Planning time: 1.225 ms
Execution time: 16205.447 ms
