Seq Scan on cast_info ci  (cost=0.00..705507.15 rows=500 width=0) (actual time=994.496..10267.757 rows=54 loops=1)
  Filter: (person_id = 335251)
  Rows Removed by Filter: 36244290
Planning time: 0.423 ms
Execution time: 10267.861 ms
