Hash Join  (cost=108101.00..474363.72 rows=160678 width=0) (actual time=2219.611..10795.364 rows=391174 loops=1)
  Hash Cond: (mi.movie_id = t.id)
  ->  Seq Scan on movie_info mi  (cost=0.00..309384.22 rows=14739122 width=4) (actual time=0.018..4680.058 rows=14835720 loops=1)
  ->  Hash  (cost=107756.43..107756.43 rows=27565 width=8) (actual time=2219.387..2219.387 rows=25523 loops=1)
        Buckets: 32768  Batches: 1  Memory Usage: 1253kB
        ->  Hash Join  (cost=76444.38..107756.43 rows=27565 width=8) (actual time=1161.899..2210.525 rows=25523 loops=1)
              Hash Cond: (mi_idx.movie_id = t.id)
              ->  Seq Scan on movie_info_idx mi_idx  (cost=0.00..25185.44 rows=454124 width=4) (actual time=0.021..538.508 rows=459925 loops=1)
                    Filter: (info_type_id = 100)
                    Rows Removed by Filter: 920110
              ->  Hash  (cost=73925.90..73925.90 rows=153478 width=4) (actual time=1161.020..1161.020 rows=134760 loops=1)
                    Buckets: 131072  Batches: 4  Memory Usage: 2216kB
                    ->  Seq Scan on title t  (cost=0.00..73925.90 rows=153478 width=4) (actual time=0.014..1116.341 rows=134760 loops=1)
                          Filter: ((kind_id < 7) AND (production_year > 2010))
                          Rows Removed by Filter: 2393552
Planning time: 1.177 ms
Execution time: 10868.396 ms
