Seq Scan on movie_companies mc  (cost=0.00..57926.93 rows=509281 width=0) (actual time=75.972..1002.413 rows=213163 loops=1)
  Filter: ((company_id > 15033) AND (company_type_id = 1))
  Rows Removed by Filter: 2395966
Planning time: 0.461 ms
Execution time: 1028.535 ms
