Hash Join  (cost=102069.17..856748.33 rows=389005 width=0) (actual time=4338.730..44146.996 rows=1119763 loops=1)
  Hash Cond: (ci.movie_id = t.id)
  ->  Seq Scan on cast_info ci  (cost=0.00..614943.12 rows=36225612 width=4) (actual time=0.011..27762.397 rows=36244344 loops=1)
  ->  Hash  (cost=101729.77..101729.77 rows=27152 width=8) (actual time=4338.351..4338.351 rows=39721 loops=1)
        Buckets: 65536 (originally 32768)  Batches: 1 (originally 1)  Memory Usage: 2064kB
        ->  Hash Join  (cost=74547.77..101729.77 rows=27152 width=8) (actual time=2928.284..4319.538 rows=39721 loops=1)
              Hash Cond: (mi_idx.movie_id = t.id)
              ->  Seq Scan on movie_info_idx mi_idx  (cost=0.00..21735.35 rows=1380035 width=4) (actual time=0.016..1013.772 rows=1380035 loops=1)
              ->  Hash  (cost=73925.90..73925.90 rows=49749 width=4) (actual time=2927.911..2927.911 rows=44012 loops=1)
                    Buckets: 65536  Batches: 1  Memory Usage: 2060kB
                    ->  Seq Scan on title t  (cost=0.00..73925.90 rows=49749 width=4) (actual time=0.278..2907.033 rows=44012 loops=1)
                          Filter: ((kind_id < 7) AND (production_year = 2009))
                          Rows Removed by Filter: 2484300
Planning time: 1.080 ms
Execution time: 44315.111 ms
