Seq Scan on cast_info ci  (cost=0.00..796071.18 rows=1666470 width=0) (actual time=7062.548..12317.334 rows=2613093 loops=1)
  Filter: ((person_id > 3556199) AND (role_id > 1))
  Rows Removed by Filter: 33631251
Planning time: 0.395 ms
Execution time: 12629.581 ms
