Hash Join  (cost=1375669.72..2775809.85 rows=67259827 width=0) (actual time=39054.850..114151.189 rows=222729289 loops=1)
  Hash Cond: (mi.movie_id = t.id)
  ->  Seq Scan on movie_info mi  (cost=0.00..309384.22 rows=14739122 width=4) (actual time=0.013..6434.984 rows=14835720 loops=1)
  ->  Hash  (cost=1186364.69..1186364.69 rows=11538563 width=8) (actual time=39053.028..39053.028 rows=17916519 loops=1)
        Buckets: 131072  Batches: 256  Memory Usage: 3805kB
        ->  Hash Join  (cost=102767.86..1186364.69 rows=11538563 width=8) (actual time=2008.258..33850.430 rows=17916519 loops=1)
              Hash Cond: (ci.movie_id = t.id)
              ->  Seq Scan on cast_info ci  (cost=0.00..796071.18 rows=11538563 width=4) (actual time=0.013..16373.037 rows=17916519 loops=1)
                    Filter: ((person_id > 1822479) AND (role_id > 1))
                    Rows Removed by Filter: 18327825
              ->  Hash  (cost=61283.27..61283.27 rows=2528527 width=4) (actual time=2006.755..2006.755 rows=2528312 loops=1)
                    Buckets: 131072  Batches: 64  Memory Usage: 2415kB
                    ->  Seq Scan on title t  (cost=0.00..61283.27 rows=2528527 width=4) (actual time=0.007..1190.929 rows=2528312 loops=1)
Planning time: 1.165 ms
Execution time: 138567.228 ms
