Hash Join  (cost=321605.17..776468.47 rows=4531654 width=0) (actual time=10905.345..18874.370 rows=12450024 loops=1)
  Hash Cond: (mi.movie_id = t.id)
  ->  Seq Scan on movie_info mi  (cost=0.00..346232.03 rows=3623957 width=4) (actual time=3250.057..6062.165 rows=3624977 loops=1)
        Filter: (info_type_id < 4)
        Rows Removed by Filter: 11210743
  ->  Hash  (cost=269731.05..269731.05 rows=3161850 width=8) (actual time=7654.013..7654.013 rows=3145598 loops=1)
        Buckets: 131072  Batches: 64  Memory Usage: 3042kB
        ->  Hash Join  (cost=102767.86..269731.05 rows=3161850 width=8) (actual time=2066.027..6752.422 rows=3145598 loops=1)
              Hash Cond: (mk.movie_id = t.id)
              ->  Seq Scan on movie_keyword mk  (cost=0.00..81003.12 rows=3161850 width=4) (actual time=0.030..1790.737 rows=3145598 loops=1)
                    Filter: (keyword_id < 12109)
                    Rows Removed by Filter: 1378332
              ->  Hash  (cost=61283.27..61283.27 rows=2528527 width=4) (actual time=2064.491..2064.491 rows=2528312 loops=1)
                    Buckets: 131072  Batches: 64  Memory Usage: 2425kB
                    ->  Seq Scan on title t  (cost=0.00..61283.27 rows=2528527 width=4) (actual time=0.017..1179.308 rows=2528312 loops=1)
Planning time: 1.167 ms
Execution time: 20281.872 ms
