Seq Scan on movie_keyword mk  (cost=0.00..81003.12 rows=246 width=0) (actual time=247.501..1363.214 rows=37 loops=1)
  Filter: (keyword_id = 40141)
  Rows Removed by Filter: 4523893
Planning time: 0.377 ms
Execution time: 1363.315 ms
