Hash Join  (cost=796206.67..823117.20 rows=5 width=0) (actual time=26901.577..27527.229 rows=3 loops=1)
  Hash Cond: (mi_idx.movie_id = t.id)
  ->  Seq Scan on movie_info_idx mi_idx  (cost=0.00..21735.35 rows=1380035 width=4) (actual time=0.009..870.540 rows=1380035 loops=1)
  ->  Hash  (cost=796206.54..796206.54 rows=10 width=8) (actual time=26366.898..26366.898 rows=1 loops=1)
        Buckets: 1024  Batches: 1  Memory Usage: 9kB
        ->  Nested Loop  (cost=0.43..796206.54 rows=10 width=8) (actual time=13631.762..26366.842 rows=1 loops=1)
              ->  Seq Scan on cast_info ci  (cost=0.00..796071.18 rows=16 width=4) (actual time=13631.624..26366.700 rows=1 loops=1)
                    Filter: ((person_id = 908985) AND (role_id = 9))
                    Rows Removed by Filter: 36244343
              ->  Index Scan using title_pkey on title t  (cost=0.43..8.45 rows=1 width=4) (actual time=0.063..0.064 rows=1 loops=1)
                    Index Cond: (id = ci.movie_id)
                    Filter: (production_year > 1995)
Planning time: 1.187 ms
Execution time: 27527.371 ms
