Hash Join  (cost=83073.10..110000.78 rows=12 width=0) (actual time=3734.395..5152.344 rows=325 loops=1)
  Hash Cond: (mi_idx.movie_id = t.id)
  ->  Seq Scan on movie_info_idx mi_idx  (cost=0.00..25185.44 rows=464566 width=4) (actual time=0.015..1334.923 rows=459925 loops=1)
        Filter: (info_type_id = 101)
        Rows Removed by Filter: 920110
  ->  Hash  (cost=83072.29..83072.29 rows=65 width=8) (actual time=3731.907..3731.907 rows=330 loops=1)
        Buckets: 1024  Batches: 1  Memory Usage: 21kB
        ->  Nested Loop  (cost=0.43..83072.29 rows=65 width=8) (actual time=17.744..3731.515 rows=330 loops=1)
              ->  Seq Scan on movie_keyword mk  (cost=0.00..81003.12 rows=246 width=4) (actual time=17.001..3655.314 rows=420 loops=1)
                    Filter: (keyword_id = 8228)
                    Rows Removed by Filter: 4523510
              ->  Index Scan using title_pkey on title t  (cost=0.43..8.40 rows=1 width=4) (actual time=0.178..0.178 rows=1 loops=420)
                    Index Cond: (id = mk.movie_id)
                    Filter: (kind_id = 1)
                    Rows Removed by Filter: 0
Planning time: 1.070 ms
Execution time: 5152.601 ms
