Hash Join  (cost=102767.86..264393.32 rows=2939959 width=0) (actual time=4730.879..13761.768 rows=2925379 loops=1)
  Hash Cond: (mk.movie_id = t.id)
  ->  Seq Scan on movie_keyword mk  (cost=0.00..81003.12 rows=2939959 width=4) (actual time=0.029..4591.844 rows=2925379 loops=1)
        Filter: (keyword_id < 9606)
        Rows Removed by Filter: 1598551
  ->  Hash  (cost=61283.27..61283.27 rows=2528527 width=4) (actual time=4729.843..4729.843 rows=2528312 loops=1)
        Buckets: 131072  Batches: 64  Memory Usage: 2425kB
        ->  Seq Scan on title t  (cost=0.00..61283.27 rows=2528527 width=4) (actual time=0.019..3631.348 rows=2528312 loops=1)
Planning time: 0.650 ms
Execution time: 14144.539 ms
