Hash Join  (cost=691890.44..2632348.63 rows=66219000 width=0) (actual time=30861.329..119020.456 rows=59162335 loops=1)
  Hash Cond: (ci.movie_id = t.id)
  ->  Seq Scan on cast_info ci  (cost=0.00..614943.12 rows=36225612 width=4) (actual time=0.010..44241.197 rows=36244344 loops=1)
  ->  Hash  (cost=616059.84..616059.84 rows=4622048 width=8) (actual time=30859.815..30859.815 rows=3036902 loops=1)
        Buckets: 131072  Batches: 64  Memory Usage: 2825kB
        ->  Hash Join  (cost=86935.43..616059.84 rows=4622048 width=8) (actual time=4435.225..29714.425 rows=3036902 loops=1)
              Hash Cond: (mi.movie_id = t.id)
              ->  Seq Scan on movie_info mi  (cost=0.00..309384.22 rows=14739122 width=4) (actual time=0.013..15892.853 rows=14835720 loops=1)
              ->  Hash  (cost=73925.90..73925.90 rows=792922 width=4) (actual time=4434.044..4434.044 rows=692469 loops=1)
                    Buckets: 131072  Batches: 16  Memory Usage: 2555kB
                    ->  Seq Scan on title t  (cost=0.00..73925.90 rows=792922 width=4) (actual time=0.028..4159.036 rows=692469 loops=1)
                          Filter: ((kind_id > 1) AND (production_year < 2001))
                          Rows Removed by Filter: 1835843
Planning time: 1.139 ms
Execution time: 126256.981 ms
