Hash Join  (cost=83810.17..159141.22 rows=506737 width=0) (actual time=1591.146..3578.027 rows=1107883 loops=1)
  Hash Cond: (mc.movie_id = t.id)
  ->  Seq Scan on movie_companies mc  (cost=0.00..51404.11 rows=1297218 width=4) (actual time=59.449..956.862 rows=1306510 loops=1)
        Filter: (company_id > 11305)
        Rows Removed by Filter: 1302619
  ->  Hash  (cost=67604.59..67604.59 rows=987727 width=4) (actual time=1530.669..1530.669 rows=985048 loops=1)
        Buckets: 131072  Batches: 16  Memory Usage: 3188kB
        ->  Seq Scan on title t  (cost=0.00..67604.59 rows=987727 width=4) (actual time=0.030..1228.666 rows=985048 loops=1)
              Filter: (kind_id < 7)
              Rows Removed by Filter: 1543264
Planning time: 0.757 ms
Execution time: 3700.826 ms
