Hash Join  (cost=102767.86..1045767.46 rows=5695534 width=0) (actual time=5180.883..54684.340 rows=7064695 loops=1)
  Hash Cond: (ci.movie_id = t.id)
  ->  Seq Scan on cast_info ci  (cost=0.00..796071.18 rows=5695534 width=4) (actual time=0.018..42113.389 rows=7064695 loops=1)
        Filter: ((person_id > 1189014) AND (role_id > 5))
        Rows Removed by Filter: 29179649
  ->  Hash  (cost=61283.27..61283.27 rows=2528527 width=4) (actual time=5179.157..5179.157 rows=2528312 loops=1)
        Buckets: 131072  Batches: 64  Memory Usage: 2415kB
        ->  Seq Scan on title t  (cost=0.00..61283.27 rows=2528527 width=4) (actual time=0.009..4070.486 rows=2528312 loops=1)
Planning time: 0.816 ms
Execution time: 55631.270 ms
