Hash Join  (cost=206888.38..720363.80 rows=5222923 width=0) (actual time=5218.868..37427.660 rows=24479445 loops=1)
  Hash Cond: (mi.movie_id = t.id)
  ->  Seq Scan on movie_info mi  (cost=0.00..346232.03 rows=9476311 width=4) (actual time=0.016..17500.100 rows=9565151 loops=1)
        Filter: (info_type_id < 16)
        Rows Removed by Filter: 5270569
  ->  Hash  (cost=184024.23..184024.23 rows=1393612 width=8) (actual time=5217.753..5217.753 rows=1667421 loops=1)
        Buckets: 131072  Batches: 32  Memory Usage: 3109kB
        ->  Hash Join  (cost=89762.59..184024.23 rows=1393612 width=8) (actual time=1902.995..4734.314 rows=1667421 loops=1)
              Hash Cond: (mc.movie_id = t.id)
              ->  Seq Scan on movie_companies mc  (cost=0.00..44881.29 rows=2609129 width=4) (actual time=0.014..863.458 rows=2609129 loops=1)
              ->  Hash  (cost=67604.59..67604.59 rows=1350560 width=4) (actual time=1902.192..1902.192 rows=1348293 loops=1)
                    Buckets: 131072  Batches: 32  Memory Usage: 2505kB
                    ->  Seq Scan on title t  (cost=0.00..67604.59 rows=1350560 width=4) (actual time=0.031..1291.205 rows=1348293 loops=1)
                          Filter: (production_year < 2005)
                          Rows Removed by Filter: 1180019
Planning time: 2.951 ms
Execution time: 40525.230 ms
