Hash Join  (cost=160737.19..957552.93 rows=74463 width=0) (actual time=5693.759..40875.687 rows=666981 loops=1)
  Hash Cond: (ci.movie_id = t.id)
  ->  Seq Scan on cast_info ci  (cost=0.00..614943.12 rows=36225612 width=4) (actual time=0.027..24842.006 rows=36244344 loops=1)
  ->  Hash  (cost=160672.23..160672.23 rows=5197 width=8) (actual time=5693.244..5693.244 rows=21138 loops=1)
        Buckets: 32768 (originally 8192)  Batches: 1 (originally 1)  Memory Usage: 1082kB
        ->  Hash Join  (cost=73962.22..160672.23 rows=5197 width=8) (actual time=2483.998..5683.940 rows=21138 loops=1)
              Hash Cond: (mk.movie_id = t.id)
              ->  Seq Scan on movie_keyword mk  (cost=0.00..69693.30 rows=4523930 width=4) (actual time=0.013..2326.629 rows=4523930 loops=1)
              ->  Hash  (cost=73925.90..73925.90 rows=2905 width=4) (actual time=2483.258..2483.258 rows=5783 loops=1)
                    Buckets: 8192 (originally 4096)  Batches: 1 (originally 1)  Memory Usage: 268kB
                    ->  Seq Scan on title t  (cost=0.00..73925.90 rows=2905 width=4) (actual time=0.020..2479.940 rows=5783 loops=1)
                          Filter: ((kind_id < 7) AND (production_year = 1967))
                          Rows Removed by Filter: 2522529
Planning time: 1.189 ms
Execution time: 40987.143 ms
