Hash Join  (cost=126049.53..904191.48 rows=456186 width=0) (actual time=6725.258..52263.642 rows=1928679 loops=1)
  Hash Cond: (ci.movie_id = t.id)
  ->  Seq Scan on cast_info ci  (cost=0.00..705507.15 rows=5820248 width=4) (actual time=0.013..40893.778 rows=5732694 loops=1)
        Filter: (role_id > 8)
        Rows Removed by Filter: 30511650
  ->  Hash  (cost=122797.23..122797.23 rows=198184 width=8) (actual time=6724.419..6724.419 rows=384954 loops=1)
        Buckets: 131072 (originally 131072)  Batches: 8 (originally 4)  Memory Usage: 3073kB
        ->  Hash Join  (cost=82871.49..122797.23 rows=198184 width=8) (actual time=3906.193..6537.602 rows=384954 loops=1)
              Hash Cond: (mi_idx.movie_id = t.id)
              ->  Seq Scan on movie_info_idx mi_idx  (cost=0.00..25185.44 rows=919057 width=4) (actual time=0.020..1706.471 rows=920110 loops=1)
                    Filter: (info_type_id > 99)
                    Rows Removed by Filter: 459925
              ->  Hash  (cost=73925.90..73925.90 rows=545247 width=4) (actual time=3905.277..3905.277 rows=557319 loops=1)
                    Buckets: 131072  Batches: 8  Memory Usage: 3485kB
                    ->  Seq Scan on title t  (cost=0.00..73925.90 rows=545247 width=4) (actual time=0.020..3649.107 rows=557319 loops=1)
                          Filter: ((production_year < 2011) AND (kind_id = 1))
                          Rows Removed by Filter: 1970993
Planning time: 1.213 ms
Execution time: 52555.460 ms
