Hash Join  (cost=130280.94..881584.30 rows=51419 width=0) (actual time=6957.024..50894.697 rows=218225 loops=1)
  Hash Cond: (ci.movie_id = t.id)
  ->  Seq Scan on cast_info ci  (cost=0.00..614943.12 rows=36225612 width=4) (actual time=0.022..32863.256 rows=36244344 loops=1)
  ->  Hash  (cost=130236.08..130236.08 rows=3589 width=8) (actual time=6956.943..6956.943 rows=8902 loops=1)
        Buckets: 16384 (originally 4096)  Batches: 1 (originally 1)  Memory Usage: 476kB
        ->  Hash Join  (cost=67697.55..130236.08 rows=3589 width=8) (actual time=3536.394..6947.166 rows=8902 loops=1)
              Hash Cond: (mc.movie_id = t.id)
              ->  Seq Scan on movie_companies mc  (cost=0.00..57926.93 rows=1220188 width=4) (actual time=0.016..3047.941 rows=1274246 loops=1)
                    Filter: ((company_id < 146024) AND (company_type_id = 1))
                    Rows Removed by Filter: 1334883
              ->  Hash  (cost=67604.59..67604.59 rows=7437 width=4) (actual time=3535.921..3535.921 rows=14349 loops=1)
                    Buckets: 16384 (originally 8192)  Batches: 1 (originally 1)  Memory Usage: 633kB
                    ->  Seq Scan on title t  (cost=0.00..67604.59 rows=7437 width=4) (actual time=0.044..3527.997 rows=14349 loops=1)
                          Filter: (production_year = 1969)
                          Rows Removed by Filter: 2513963
Planning time: 1.183 ms
Execution time: 50936.027 ms
