Hash Join  (cost=84663.78..156732.91 rows=331183 width=0) (actual time=4164.564..7884.477 rows=750563 loops=1)
  Hash Cond: (mc.movie_id = t.id)
  ->  Seq Scan on movie_companies mc  (cost=0.00..51404.11 rows=1279517 width=4) (actual time=0.018..2560.054 rows=1274246 loops=1)
        Filter: (company_type_id < 2)
        Rows Removed by Filter: 1334883
  ->  Hash  (cost=73925.90..73925.90 rows=654470 width=4) (actual time=4157.599..4157.599 rows=686054 loops=1)
        Buckets: 131072  Batches: 16  Memory Usage: 2531kB
        ->  Seq Scan on title t  (cost=0.00..73925.90 rows=654470 width=4) (actual time=0.019..3886.596 rows=686054 loops=1)
              Filter: ((kind_id < 4) AND (production_year < 2010))
              Rows Removed by Filter: 1842258
Planning time: 6.443 ms
Execution time: 7974.737 ms
