Seq Scan on movie_companies mc  (cost=0.00..51404.11 rows=73968 width=0) (actual time=883.052..2405.792 rows=73260 loops=1)
  Filter: (company_id > 174455)
  Rows Removed by Filter: 2535869
Planning time: 0.300 ms
Execution time: 2427.443 ms
