Hash Join  (cost=102767.86..262529.16 rows=2862534 width=0) (actual time=5165.934..13408.466 rows=2856497 loops=1)
  Hash Cond: (mk.movie_id = t.id)
  ->  Seq Scan on movie_keyword mk  (cost=0.00..81003.12 rows=2862534 width=4) (actual time=0.014..5142.659 rows=2856497 loops=1)
        Filter: (keyword_id < 8720)
        Rows Removed by Filter: 1667433
  ->  Hash  (cost=61283.27..61283.27 rows=2528527 width=4) (actual time=5163.521..5163.521 rows=2528312 loops=1)
        Buckets: 131072  Batches: 64  Memory Usage: 2425kB
        ->  Seq Scan on title t  (cost=0.00..61283.27 rows=2528527 width=4) (actual time=0.010..3969.175 rows=2528312 loops=1)
Planning time: 0.795 ms
Execution time: 13785.982 ms
