Seq Scan on cast_info ci  (cost=0.00..796071.18 rows=369 width=0) (actual time=25811.266..40010.781 rows=2 loops=1)
  Filter: ((role_id < 5) AND (person_id = 1221713))
  Rows Removed by Filter: 36244342
Planning time: 0.404 ms
Execution time: 40010.901 ms
