Hash Join  (cost=173565.45..232655.41 rows=6324 width=0) (actual time=11218.282..11758.771 rows=1767 loops=1)
  Hash Cond: (mc.movie_id = t.id)
  ->  Seq Scan on movie_companies mc  (cost=0.00..57926.93 rows=293277 width=4) (actual time=2510.726..3037.210 rows=4740 loops=1)
        Filter: ((company_id > 66583) AND (company_type_id = 1))
        Rows Removed by Filter: 2604389
  ->  Hash  (cost=172883.95..172883.95 rows=54520 width=8) (actual time=8707.050..8707.050 rows=121736 loops=1)
        Buckets: 131072 (originally 65536)  Batches: 2 (originally 1)  Memory Usage: 3392kB
        ->  Hash Join  (cost=86275.83..172883.95 rows=54520 width=8) (actual time=4394.077..8662.761 rows=121736 loops=1)
              Hash Cond: (mk.movie_id = t.id)
              ->  Seq Scan on movie_keyword mk  (cost=0.00..81003.12 rows=183145 width=4) (actual time=0.020..3727.497 rows=186322 loops=1)
                    Filter: (keyword_id > 71457)
                    Rows Removed by Filter: 4337608
              ->  Hash  (cost=73925.90..73925.90 rows=752714 width=4) (actual time=4393.164..4393.164 rows=657199 loops=1)
                    Buckets: 131072  Batches: 16  Memory Usage: 2477kB
                    ->  Seq Scan on title t  (cost=0.00..73925.90 rows=752714 width=4) (actual time=0.019..4128.767 rows=657199 loops=1)
                          Filter: ((kind_id < 7) AND (production_year > 1981))
                          Rows Removed by Filter: 1871113
Planning time: 1.152 ms
Execution time: 11759.364 ms
