Seq Scan on movie_keyword mk  (cost=0.00..81003.12 rows=246 width=0) (actual time=13.593..3563.186 rows=36 loops=1)
  Filter: (keyword_id = 36390)
  Rows Removed by Filter: 4523894
Planning time: 0.314 ms
Execution time: 3563.294 ms
