Hash Join  (cost=220448.38..766806.56 rows=3648008 width=0) (actual time=10912.192..53368.319 rows=35746326 loops=1)
  Hash Cond: (mi.movie_id = t.id)
  ->  Seq Scan on movie_info mi  (cost=0.00..346232.03 rows=13929354 width=4) (actual time=0.024..24808.491 rows=14033580 loops=1)
        Filter: (info_type_id > 1)
        Rows Removed by Filter: 802140
  ->  Hash  (cost=209583.81..209583.81 rows=662205 width=8) (actual time=10911.213..10911.213 rows=668489 loops=1)
        Buckets: 131072  Batches: 16  Memory Usage: 2769kB
        ->  Hash Join  (cost=102767.86..209583.81 rows=662205 width=8) (actual time=5366.564..10675.285 rows=668489 loops=1)
              Hash Cond: (mk.movie_id = t.id)
              ->  Seq Scan on movie_keyword mk  (cost=0.00..81003.12 rows=662205 width=4) (actual time=0.020..4179.712 rows=668489 loops=1)
                    Filter: (keyword_id > 28025)
                    Rows Removed by Filter: 3855441
              ->  Hash  (cost=61283.27..61283.27 rows=2528527 width=4) (actual time=5364.731..5364.731 rows=2528312 loops=1)
                    Buckets: 131072  Batches: 64  Memory Usage: 2425kB
                    ->  Seq Scan on title t  (cost=0.00..61283.27 rows=2528527 width=4) (actual time=0.016..3947.126 rows=2528312 loops=1)
Planning time: 1.124 ms
Execution time: 57880.144 ms
