Hash Join  (cost=92883.59..166740.54 rows=529619 width=0) (actual time=5932.346..8462.159 rows=194449 loops=1)
  Hash Cond: (mc.movie_id = t.id)
  ->  Seq Scan on movie_companies mc  (cost=0.00..51404.11 rows=869130 width=4) (actual time=129.638..2687.865 rows=875963 loops=1)
        Filter: (company_id > 23187)
        Rows Removed by Filter: 1733166
  ->  Hash  (cost=67604.59..67604.59 rows=1540800 width=4) (actual time=4867.305..4867.305 rows=1543264 loops=1)
        Buckets: 131072  Batches: 32  Memory Usage: 2722kB
        ->  Seq Scan on title t  (cost=0.00..67604.59 rows=1540800 width=4) (actual time=0.022..3955.088 rows=1543264 loops=1)
              Filter: (kind_id = 7)
              Rows Removed by Filter: 985048
Planning time: 0.667 ms
Execution time: 8484.445 ms
