Seq Scan on movie_keyword mk  (cost=0.00..81003.12 rows=621860 width=0) (actual time=0.028..3885.548 rows=622302 loops=1)
  Filter: (keyword_id > 29335)
  Rows Removed by Filter: 3901628
Planning time: 0.338 ms
Execution time: 3990.077 ms
