Seq Scan on cast_info ci  (cost=0.00..705507.15 rows=12594024 width=0) (actual time=294.268..32447.530 rows=12709610 loops=1)
  Filter: (person_id > 2410102)
  Rows Removed by Filter: 23534734
Planning time: 0.372 ms
Execution time: 34578.165 ms
