Hash Join  (cost=95637.05..657749.44 rows=7713646 width=0) (actual time=5623.149..38686.366 rows=4804124 loops=1)
  Hash Cond: (mi.movie_id = t.id)
  ->  Seq Scan on movie_info mi  (cost=0.00..309384.22 rows=14739122 width=4) (actual time=0.022..22049.080 rows=14835720 loops=1)
  ->  Hash  (cost=73925.90..73925.90 rows=1323292 width=4) (actual time=5621.315..5621.315 rows=1447699 loops=1)
        Buckets: 131072  Batches: 32  Memory Usage: 2629kB
        ->  Seq Scan on title t  (cost=0.00..73925.90 rows=1323292 width=4) (actual time=0.013..4964.695 rows=1447699 loops=1)
              Filter: ((kind_id > 1) AND (production_year > 1988))
              Rows Removed by Filter: 1080613
Planning time: 0.734 ms
Execution time: 39307.872 ms
