Hash Join  (cost=74394.67..830556.51 rows=537268 width=0) (actual time=1121.566..19973.424 rows=547979 loops=1)
  Hash Cond: (ci.movie_id = t.id)
  ->  Seq Scan on cast_info ci  (cost=0.00..614943.12 rows=36225612 width=4) (actual time=0.021..8707.811 rows=36244344 loops=1)
  ->  Hash  (cost=73925.90..73925.90 rows=37501 width=4) (actual time=1121.135..1121.135 rows=32253 loops=1)
        Buckets: 65536  Batches: 1  Memory Usage: 1646kB
        ->  Seq Scan on title t  (cost=0.00..73925.90 rows=37501 width=4) (actual time=0.139..1107.549 rows=32253 loops=1)
              Filter: ((kind_id < 7) AND (production_year = 2005))
              Rows Removed by Filter: 2496059
Planning time: 0.756 ms
Execution time: 20056.596 ms
