Seq Scan on movie_keyword mk  (cost=0.00..81003.12 rows=4097357 width=0) (actual time=0.019..4981.182 rows=4084527 loops=1)
  Filter: (keyword_id > 339)
  Rows Removed by Filter: 439403
Planning time: 0.300 ms
Execution time: 5648.424 ms
