Hash Join  (cost=190230.21..271154.87 rows=773735 width=0) (actual time=9396.130..14326.400 rows=2344884 loops=1)
  Hash Cond: (mc.movie_id = t.id)
  ->  Seq Scan on movie_companies mc  (cost=0.00..51404.11 rows=1417652 width=4) (actual time=0.022..3162.720 rows=1407901 loops=1)
        Filter: (company_id < 12312)
        Rows Removed by Filter: 1201228
  ->  Hash  (cost=167588.78..167588.78 rows=1380035 width=8) (actual time=9395.352..9395.352 rows=1380035 loops=1)
        Buckets: 131072  Batches: 32  Memory Usage: 2708kB
        ->  Hash Join  (cost=102767.86..167588.78 rows=1380035 width=8) (actual time=5703.205..8915.491 rows=1380035 loops=1)
              Hash Cond: (mi_idx.movie_id = t.id)
              ->  Seq Scan on movie_info_idx mi_idx  (cost=0.00..21735.35 rows=1380035 width=4) (actual time=0.016..1405.605 rows=1380035 loops=1)
              ->  Hash  (cost=61283.27..61283.27 rows=2528527 width=4) (actual time=5701.573..5701.573 rows=2528312 loops=1)
                    Buckets: 131072  Batches: 64  Memory Usage: 2415kB
                    ->  Seq Scan on title t  (cost=0.00..61283.27 rows=2528527 width=4) (actual time=0.021..4451.708 rows=2528312 loops=1)
Planning time: 1.569 ms
Execution time: 14640.467 ms
