Nested Loop  (cost=0.43..83071.67 rows=246 width=0) (actual time=0.347..2705.979 rows=2373 loops=1)
  ->  Seq Scan on movie_keyword mk  (cost=0.00..81003.12 rows=246 width=4) (actual time=0.290..2488.488 rows=2373 loops=1)
        Filter: (keyword_id = 7633)
        Rows Removed by Filter: 4521557
  ->  Index Only Scan using title_pkey on title t  (cost=0.43..8.40 rows=1 width=4) (actual time=0.090..0.090 rows=1 loops=2373)
        Index Cond: (id = mk.movie_id)
        Heap Fetches: 2373
Planning time: 0.725 ms
Execution time: 2706.951 ms
