Hash Join  (cost=83074.31..109985.67 rows=89 width=0) (actual time=3737.915..5258.617 rows=963 loops=1)
  Hash Cond: (mi_idx.movie_id = t.id)
  ->  Seq Scan on movie_info_idx mi_idx  (cost=0.00..21735.35 rows=1380035 width=4) (actual time=0.015..1193.994 rows=1380035 loops=1)
  ->  Hash  (cost=83072.29..83072.29 rows=162 width=8) (actual time=3737.663..3737.663 rows=452 loops=1)
        Buckets: 1024  Batches: 1  Memory Usage: 26kB
        ->  Nested Loop  (cost=0.43..83072.29 rows=162 width=8) (actual time=22.826..3737.150 rows=452 loops=1)
              ->  Seq Scan on movie_keyword mk  (cost=0.00..81003.12 rows=246 width=4) (actual time=21.446..3640.269 rows=516 loops=1)
                    Filter: (keyword_id = 7649)
                    Rows Removed by Filter: 4523414
              ->  Index Scan using title_pkey on title t  (cost=0.43..8.40 rows=1 width=4) (actual time=0.147..0.184 rows=1 loops=516)
                    Index Cond: (id = mk.movie_id)
                    Filter: (production_year < 2008)
                    Rows Removed by Filter: 0
Planning time: 3.227 ms
Execution time: 5258.974 ms
