Hash Join  (cost=73950.44..100871.63 rows=1071 width=0) (actual time=3076.213..4308.079 rows=5303 loops=1)
  Hash Cond: (mi_idx.movie_id = t.id)
  ->  Seq Scan on movie_info_idx mi_idx  (cost=0.00..21735.35 rows=1380035 width=4) (actual time=0.015..869.894 rows=1380035 loops=1)
  ->  Hash  (cost=73925.90..73925.90 rows=1963 width=4) (actual time=3075.918..3075.918 rows=4302 loops=1)
        Buckets: 8192 (originally 2048)  Batches: 1 (originally 1)  Memory Usage: 216kB
        ->  Seq Scan on title t  (cost=0.00..73925.90 rows=1963 width=4) (actual time=0.027..3073.544 rows=4302 loops=1)
              Filter: ((kind_id = 1) AND (production_year = 1969))
              Rows Removed by Filter: 2524010
Planning time: 0.776 ms
Execution time: 4309.026 ms
