Hash Join  (cost=188794.25..913112.05 rows=227550 width=0) (actual time=18727.526..43167.210 rows=386011 loops=1)
  Hash Cond: (ci.movie_id = t.id)
  ->  Seq Scan on cast_info ci  (cost=0.00..705507.15 rows=1277907 width=4) (actual time=10121.025..33731.325 rows=1305083 loops=1)
        Filter: (person_id > 3809742)
        Rows Removed by Filter: 34939261
  ->  Hash  (cost=181407.23..181407.23 rows=450242 width=8) (actual time=8605.573..8605.573 rows=256894 loops=1)
        Buckets: 131072  Batches: 8  Memory Usage: 2284kB
        ->  Hash Join  (cost=102767.86..181407.23 rows=450242 width=8) (actual time=5471.894..8528.893 rows=256894 loops=1)
              Hash Cond: (mc.movie_id = t.id)
              ->  Seq Scan on movie_companies mc  (cost=0.00..57926.93 rows=450242 width=4) (actual time=0.045..2396.793 rows=256894 loops=1)
                    Filter: ((company_id < 2609) AND (company_type_id > 1))
                    Rows Removed by Filter: 2352235
              ->  Hash  (cost=61283.27..61283.27 rows=2528527 width=4) (actual time=5470.461..5470.461 rows=2528312 loops=1)
                    Buckets: 131072  Batches: 64  Memory Usage: 2415kB
                    ->  Seq Scan on title t  (cost=0.00..61283.27 rows=2528527 width=4) (actual time=0.015..4166.358 rows=2528312 loops=1)
Planning time: 2.001 ms
Execution time: 43213.772 ms
