Hash Join  (cost=709678.15..736591.36 rows=273 width=0) (actual time=27735.026..29113.747 rows=171 loops=1)
  Hash Cond: (mi_idx.movie_id = t.id)
  ->  Seq Scan on movie_info_idx mi_idx  (cost=0.00..21735.35 rows=1380035 width=4) (actual time=0.025..1083.809 rows=1380035 loops=1)
  ->  Hash  (cost=709671.90..709671.90 rows=500 width=8) (actual time=27709.978..27709.978 rows=61 loops=1)
        Buckets: 1024  Batches: 1  Memory Usage: 11kB
        ->  Nested Loop  (cost=0.43..709671.90 rows=500 width=8) (actual time=994.175..27709.898 rows=61 loops=1)
              ->  Seq Scan on cast_info ci  (cost=0.00..705507.15 rows=500 width=4) (actual time=994.070..27704.587 rows=61 loops=1)
                    Filter: (person_id = 262277)
                    Rows Removed by Filter: 36244283
              ->  Index Only Scan using title_pkey on title t  (cost=0.43..8.32 rows=1 width=4) (actual time=0.084..0.084 rows=1 loops=61)
                    Index Cond: (id = ci.movie_id)
                    Heap Fetches: 61
Planning time: 1.034 ms
Execution time: 29113.891 ms
