Seq Scan on movie_keyword mk  (cost=0.00..81003.12 rows=599430 width=0) (actual time=0.027..3705.399 rows=603050 loops=1)
  Filter: (keyword_id < 449)
  Rows Removed by Filter: 3920880
Planning time: 0.393 ms
Execution time: 3789.816 ms
