Seq Scan on cast_info ci  (cost=0.00..705507.15 rows=500 width=0) (actual time=21566.215..26460.127 rows=271 loops=1)
  Filter: (person_id = 2567035)
  Rows Removed by Filter: 36244073
Planning time: 0.346 ms
Execution time: 26460.271 ms
