Seq Scan on cast_info ci  (cost=0.00..796071.18 rows=2885134 width=0) (actual time=0.016..26617.176 rows=1773950 loops=1)
  Filter: ((person_id < 613413) AND (role_id > 2))
  Rows Removed by Filter: 34470394
Planning time: 10.054 ms
Execution time: 26898.854 ms
