Hash Join  (cost=83072.94..447729.03 rows=17 width=0) (actual time=5069.218..23160.045 rows=654 loops=1)
  Hash Cond: (mi.movie_id = t.id)
  ->  Seq Scan on movie_info mi  (cost=0.00..309384.22 rows=14739122 width=4) (actual time=0.013..16002.034 rows=14835720 loops=1)
  ->  Hash  (cost=83072.90..83072.90 rows=3 width=8) (actual time=3733.288..3733.288 rows=4 loops=1)
        Buckets: 1024  Batches: 1  Memory Usage: 9kB
        ->  Nested Loop  (cost=0.43..83072.90 rows=3 width=8) (actual time=239.864..3733.265 rows=4 loops=1)
              ->  Seq Scan on movie_keyword mk  (cost=0.00..81003.12 rows=246 width=4) (actual time=32.180..3654.707 rows=316 loops=1)
                    Filter: (keyword_id = 5577)
                    Rows Removed by Filter: 4523614
              ->  Index Scan using title_pkey on title t  (cost=0.43..8.40 rows=1 width=4) (actual time=0.246..0.246 rows=0 loops=316)
                    Index Cond: (id = mk.movie_id)
                    Filter: ((kind_id = 1) AND (production_year = 2007))
                    Rows Removed by Filter: 1
Planning time: 9.699 ms
Execution time: 23160.394 ms
