Seq Scan on cast_info ci  (cost=0.00..796071.18 rows=20252264 width=0) (actual time=0.030..16011.535 rows=22222629 loops=1)
  Filter: ((person_id > 474369) AND (role_id > 1))
  Rows Removed by Filter: 14021715
Planning time: 0.387 ms
Execution time: 18676.852 ms
