Seq Scan on movie_companies mc  (cost=0.00..57926.93 rows=136245 width=0) (actual time=296.482..2556.002 rows=61665 loops=1)
  Filter: ((company_id < 137) AND (company_type_id = 2))
  Rows Removed by Filter: 2547464
Planning time: 1.764 ms
Execution time: 2572.231 ms
