Seq Scan on title t  (cost=0.00..73925.90 rows=405 width=0) (actual time=3.629..3764.614 rows=145 loops=1)
  Filter: ((kind_id > 4) AND (production_year > 2013))
  Rows Removed by Filter: 2528167
Planning time: 0.350 ms
Execution time: 3764.847 ms
