Nested Loop  (cost=0.43..52283.69 rows=104 width=0) (actual time=1198.950..2234.749 rows=22 loops=1)
  ->  Seq Scan on movie_companies mc  (cost=0.00..51404.11 rows=104 width=4) (actual time=1198.857..2231.986 rows=22 loops=1)
        Filter: (company_id = 101774)
        Rows Removed by Filter: 2609107
  ->  Index Only Scan using title_pkey on title t  (cost=0.43..8.45 rows=1 width=4) (actual time=0.119..0.120 rows=1 loops=22)
        Index Cond: (id = mc.movie_id)
        Heap Fetches: 22
Planning time: 7.340 ms
Execution time: 2234.834 ms
