Hash Join  (cost=161998.27..1002420.66 rows=162115 width=0) (actual time=9001.481..46073.217 rows=380262 loops=1)
  Hash Cond: (ci.movie_id = t.id)
  ->  Seq Scan on cast_info ci  (cost=0.00..796071.18 rows=8546014 width=4) (actual time=2555.464..36689.417 rows=12670688 loops=1)
        Filter: ((person_id < 2491782) AND (role_id < 2))
        Rows Removed by Filter: 23573656
  ->  Hash  (cost=161398.71..161398.71 rows=47965 width=8) (actual time=6445.574..6445.574 rows=24036 loops=1)
        Buckets: 65536  Batches: 1  Memory Usage: 1451kB
        ->  Hash Join  (cost=74261.02..161398.71 rows=47965 width=8) (actual time=2760.488..6436.186 rows=24036 loops=1)
              Hash Cond: (mk.movie_id = t.id)
              ->  Seq Scan on movie_keyword mk  (cost=0.00..69693.30 rows=4523930 width=4) (actual time=0.023..2749.105 rows=4523930 loops=1)
              ->  Hash  (cost=73925.90..73925.90 rows=26809 width=4) (actual time=2759.733..2759.733 rows=15183 loops=1)
                    Buckets: 32768  Batches: 1  Memory Usage: 790kB
                    ->  Seq Scan on title t  (cost=0.00..73925.90 rows=26809 width=4) (actual time=0.037..2751.880 rows=15183 loops=1)
                          Filter: ((production_year > 2008) AND (kind_id = 3))
                          Rows Removed by Filter: 2513129
Planning time: 1.131 ms
Execution time: 46126.613 ms
