Hash Join  (cost=83074.74..447745.01 rows=1434 width=0) (actual time=2642.456..21347.153 rows=4488 loops=1)
  Hash Cond: (mi.movie_id = t.id)
  ->  Seq Scan on movie_info mi  (cost=0.00..309384.22 rows=14739122 width=4) (actual time=0.019..15373.586 rows=14835720 loops=1)
  ->  Hash  (cost=83071.67..83071.67 rows=246 width=8) (actual time=2639.349..2639.349 rows=146 loops=1)
        Buckets: 1024  Batches: 1  Memory Usage: 14kB
        ->  Nested Loop  (cost=0.43..83071.67 rows=246 width=8) (actual time=27.935..2639.172 rows=146 loops=1)
              ->  Seq Scan on movie_keyword mk  (cost=0.00..81003.12 rows=246 width=4) (actual time=27.849..2606.104 rows=146 loops=1)
                    Filter: (keyword_id = 2923)
                    Rows Removed by Filter: 4523784
              ->  Index Only Scan using title_pkey on title t  (cost=0.43..8.40 rows=1 width=4) (actual time=0.223..0.224 rows=1 loops=146)
                    Index Cond: (id = mk.movie_id)
                    Heap Fetches: 146
Planning time: 4.994 ms
Execution time: 21348.359 ms
