Nested Loop  (cost=0.43..796536.34 rows=55 width=0) (actual time=9629.823..26553.094 rows=82 loops=1)
  ->  Seq Scan on cast_info ci  (cost=0.00..796071.18 rows=55 width=4) (actual time=9629.686..26549.876 rows=82 loops=1)
        Filter: ((person_id = 3029260) AND (role_id = 3))
        Rows Removed by Filter: 36244262
  ->  Index Only Scan using title_pkey on title t  (cost=0.43..8.45 rows=1 width=4) (actual time=0.038..0.038 rows=1 loops=82)
        Index Cond: (id = ci.movie_id)
        Heap Fetches: 82
Planning time: 0.859 ms
Execution time: 26553.199 ms
