Seq Scan on movie_keyword mk  (cost=0.00..81003.12 rows=1889894 width=0) (actual time=0.013..4219.428 rows=1895492 loops=1)
  Filter: (keyword_id > 7150)
  Rows Removed by Filter: 2628438
Planning time: 0.311 ms
Execution time: 4529.319 ms
