Hash Join  (cost=150478.87..274474.72 rows=163581 width=0) (actual time=7548.395..15850.047 rows=2941126 loops=1)
  Hash Cond: (mk.movie_id = t.id)
  ->  Seq Scan on movie_keyword mk  (cost=0.00..69693.30 rows=4523930 width=4) (actual time=0.013..4960.507 rows=4523930 loops=1)
  ->  Hash  (cost=148978.01..148978.01 rows=91429 width=8) (actual time=7547.619..7547.619 rows=329359 loops=1)
        Buckets: 131072 (originally 131072)  Batches: 8 (originally 2)  Memory Usage: 3073kB
        ->  Hash Join  (cost=83198.94..148978.01 rows=91429 width=8) (actual time=3838.356..7403.058 rows=329359 loops=1)
              Hash Cond: (mc.movie_id = t.id)
              ->  Seq Scan on movie_companies mc  (cost=0.00..57926.93 rows=409024 width=4) (actual time=0.031..2814.912 rows=733228 loops=1)
                    Filter: ((company_id > 29358) AND (company_type_id = 2))
                    Rows Removed by Filter: 1875901
              ->  Hash  (cost=73925.90..73925.90 rows=565203 width=4) (actual time=3837.338..3837.338 rows=641785 loops=1)
                    Buckets: 131072  Batches: 8  Memory Usage: 3862kB
                    ->  Seq Scan on title t  (cost=0.00..73925.90 rows=565203 width=4) (actual time=0.007..3615.483 rows=641785 loops=1)
                          Filter: ((kind_id < 7) AND (production_year < 2006))
                          Rows Removed by Filter: 1886527
Planning time: 1.095 ms
Execution time: 16226.721 ms
