Hash Join  (cost=81720.25..179117.21 rows=296318 width=0) (actual time=4421.626..9504.190 rows=652339 loops=1)
  Hash Cond: (mk.movie_id = t.id)
  ->  Seq Scan on movie_keyword mk  (cost=0.00..81003.12 rows=870841 width=4) (actual time=0.018..4271.696 rows=878668 loops=1)
        Filter: (keyword_id > 20989)
        Rows Removed by Filter: 3645262
  ->  Hash  (cost=67604.59..67604.59 rows=860373 width=4) (actual time=4420.437..4420.437 rows=854214 loops=1)
        Buckets: 131072  Batches: 16  Memory Usage: 2906kB
        ->  Seq Scan on title t  (cost=0.00..67604.59 rows=860373 width=4) (actual time=0.026..3803.654 rows=854214 loops=1)
              Filter: (kind_id < 4)
              Rows Removed by Filter: 1674098
Planning time: 0.659 ms
Execution time: 9580.536 ms
