Seq Scan on title t  (cost=0.00..73925.90 rows=1285483 width=0) (actual time=0.020..1337.836 rows=1407742 loops=1)
  Filter: ((kind_id > 2) AND (production_year > 1986))
  Rows Removed by Filter: 1120570
Planning time: 0.358 ms
Execution time: 1512.039 ms
