Seq Scan on movie_keyword mk  (cost=0.00..81003.12 rows=246 width=0) (actual time=3.226..3887.309 rows=698 loops=1)
  Filter: (keyword_id = 3665)
  Rows Removed by Filter: 4523232
Planning time: 0.367 ms
Execution time: 3887.742 ms
