Hash Join  (cost=80562.70..483103.75 rows=1131919 width=0) (actual time=4624.277..26406.023 rows=1093610 loops=1)
  Hash Cond: (mi.movie_id = t.id)
  ->  Seq Scan on movie_info mi  (cost=0.00..346232.03 rows=3623957 width=4) (actual time=0.020..18826.659 rows=3624977 loops=1)
        Filter: (info_type_id < 4)
        Rows Removed by Filter: 11210743
  ->  Hash  (cost=67604.59..67604.59 rows=789769 width=4) (actual time=4610.109..4610.109 rows=784926 loops=1)
        Buckets: 131072  Batches: 16  Memory Usage: 2755kB
        ->  Seq Scan on title t  (cost=0.00..67604.59 rows=789769 width=4) (actual time=0.023..3973.271 rows=784926 loops=1)
              Filter: (production_year > 2007)
              Rows Removed by Filter: 1743386
Planning time: 9.916 ms
Execution time: 26579.978 ms
