Seq Scan on cast_info ci  (cost=0.00..705507.15 rows=9695584 width=0) (actual time=1564.585..29209.716 rows=9517785 loops=1)
  Filter: (person_id < 935570)
  Rows Removed by Filter: 26726559
Planning time: 0.359 ms
Execution time: 30498.418 ms
