Hash Join  (cost=263115.61..826976.91 rows=8779221 width=0) (actual time=8244.142..23718.267 rows=24648228 loops=1)
  Hash Cond: (mi.movie_id = t.id)
  ->  Seq Scan on movie_info mi  (cost=0.00..346232.03 rows=8508011 width=4) (actual time=1674.868..6487.911 rows=8612226 loops=1)
        Filter: (info_type_id < 9)
        Rows Removed by Filter: 6223494
  ->  Hash  (cost=220309.49..220309.49 rows=2609129 width=8) (actual time=6568.304..6568.304 rows=2609129 loops=1)
        Buckets: 131072  Batches: 64  Memory Usage: 2692kB
        ->  Hash Join  (cost=102767.86..220309.49 rows=2609129 width=8) (actual time=1963.195..5798.316 rows=2609129 loops=1)
              Hash Cond: (mc.movie_id = t.id)
              ->  Seq Scan on movie_companies mc  (cost=0.00..44881.29 rows=2609129 width=4) (actual time=0.023..913.948 rows=2609129 loops=1)
              ->  Hash  (cost=61283.27..61283.27 rows=2528527 width=4) (actual time=1961.168..1961.168 rows=2528312 loops=1)
                    Buckets: 131072  Batches: 64  Memory Usage: 2415kB
                    ->  Seq Scan on title t  (cost=0.00..61283.27 rows=2528527 width=4) (actual time=0.017..1120.752 rows=2528312 loops=1)
Planning time: 4.344 ms
Execution time: 26426.209 ms
