Seq Scan on cast_info ci  (cost=0.00..796071.18 rows=1332330 width=0) (actual time=2551.436..12994.812 rows=1215081 loops=1)
  Filter: ((person_id < 1732715) AND (role_id = 4))
  Rows Removed by Filter: 35029263
Planning time: 0.401 ms
Execution time: 13141.871 ms
