Seq Scan on movie_keyword mk  (cost=0.00..81003.12 rows=1566053 width=0) (actual time=0.024..1376.137 rows=1582118 loops=1)
  Filter: (keyword_id > 9841)
  Rows Removed by Filter: 2941812
Planning time: 0.323 ms
Execution time: 1573.087 ms
