Hash Join  (cost=83074.74..110002.76 rows=45 width=0) (actual time=991.952..1188.945 rows=1 loops=1)
  Hash Cond: (mi_idx.movie_id = t.id)
  ->  Seq Scan on movie_info_idx mi_idx  (cost=0.00..25185.44 rows=464566 width=4) (actual time=0.021..272.466 rows=459925 loops=1)
        Filter: (info_type_id = 101)
        Rows Removed by Filter: 920110
  ->  Hash  (cost=83071.67..83071.67 rows=246 width=8) (actual time=871.929..871.929 rows=2 loops=1)
        Buckets: 1024  Batches: 1  Memory Usage: 9kB
        ->  Nested Loop  (cost=0.43..83071.67 rows=246 width=8) (actual time=505.893..871.922 rows=2 loops=1)
              ->  Seq Scan on movie_keyword mk  (cost=0.00..81003.12 rows=246 width=4) (actual time=505.805..871.769 rows=2 loops=1)
                    Filter: (keyword_id = 114090)
                    Rows Removed by Filter: 4523928
              ->  Index Only Scan using title_pkey on title t  (cost=0.43..8.40 rows=1 width=4) (actual time=0.062..0.063 rows=1 loops=2)
                    Index Cond: (id = mk.movie_id)
                    Heap Fetches: 2
Planning time: 1.183 ms
Execution time: 1189.055 ms
