Hash Join  (cost=124708.52..220279.71 rows=100748 width=0) (actual time=6220.659..11620.431 rows=51793 loops=1)
  Hash Cond: (mk.movie_id = t.id)
  ->  Seq Scan on movie_keyword mk  (cost=0.00..81003.12 rows=3616156 width=4) (actual time=0.021..4188.802 rows=3620603 loops=1)
        Filter: (keyword_id < 20441)
        Rows Removed by Filter: 903327
  ->  Hash  (cost=123827.95..123827.95 rows=70446 width=8) (actual time=6212.195..6212.195 rows=131212 loops=1)
        Buckets: 131072 (originally 131072)  Batches: 2 (originally 1)  Memory Usage: 3589kB
        ->  Hash Join  (cost=68457.96..123827.95 rows=70446 width=8) (actual time=2680.702..6134.213 rows=131212 loops=1)
              Hash Cond: (mc.movie_id = t.id)
              ->  Seq Scan on movie_companies mc  (cost=0.00..44881.29 rows=2609129 width=4) (actual time=0.037..2549.287 rows=2609129 loops=1)
              ->  Hash  (cost=67604.59..67604.59 rows=68270 width=4) (actual time=2680.009..2680.009 rows=67517 loops=1)
                    Buckets: 131072  Batches: 1  Memory Usage: 3398kB
                    ->  Seq Scan on title t  (cost=0.00..67604.59 rows=68270 width=4) (actual time=605.728..2653.084 rows=67517 loops=1)
                          Filter: (production_year < 1916)
                          Rows Removed by Filter: 2460795
Planning time: 6.203 ms
Execution time: 11628.050 ms
