Hash Join  (cost=446856.50..473950.78 rows=18380 width=0) (actual time=7026.176..7561.838 rows=69 loops=1)
  Hash Cond: (mi_idx.movie_id = t.id)
  ->  Seq Scan on movie_info_idx mi_idx  (cost=0.00..21735.35 rows=1380035 width=4) (actual time=0.045..309.296 rows=1380035 loops=1)
  ->  Hash  (cost=446435.55..446435.55 rows=33676 width=8) (actual time=6972.830..6972.830 rows=26 loops=1)
        Buckets: 65536  Batches: 1  Memory Usage: 514kB
        ->  Hash Join  (cost=93093.72..446435.55 rows=33676 width=8) (actual time=6725.698..6972.753 rows=26 loops=1)
              Hash Cond: (mi.movie_id = t.id)
              ->  Seq Scan on movie_info mi  (cost=0.00..346232.03 rows=54808 width=4) (actual time=2426.555..4910.535 rows=50267 loops=1)
                    Filter: (info_type_id > 107)
                    Rows Removed by Filter: 14785453
              ->  Hash  (cost=67604.59..67604.59 rows=1553611 width=4) (actual time=1785.700..1785.700 rows=1555864 loops=1)
                    Buckets: 131072  Batches: 32  Memory Usage: 2740kB
                    ->  Seq Scan on title t  (cost=0.00..67604.59 rows=1553611 width=4) (actual time=0.026..1270.261 rows=1555864 loops=1)
                          Filter: (kind_id > 4)
                          Rows Removed by Filter: 972448
Planning time: 1.132 ms
Execution time: 7562.033 ms
