Seq Scan on cast_info ci  (cost=0.00..705507.15 rows=23134616 width=0) (actual time=0.019..31499.556 rows=23199599 loops=1)
  Filter: (person_id > 1288968)
  Rows Removed by Filter: 13044745
Planning time: 0.853 ms
Execution time: 34949.328 ms
