Hash Join  (cost=100338.29..907688.30 rows=132759 width=0) (actual time=5569.197..12984.132 rows=129373 loops=1)
  Hash Cond: (ci.movie_id = t.id)
  ->  Seq Scan on cast_info ci  (cost=0.00..796071.18 rows=168248 width=4) (actual time=3476.442..10456.632 rows=158276 loops=1)
        Filter: ((person_id < 211974) AND (role_id = 4))
        Rows Removed by Filter: 36086068
  ->  Hash  (cost=67604.59..67604.59 rows=1995176 width=4) (actual time=2091.786..2091.786 rows=1990655 loops=1)
        Buckets: 131072  Batches: 32  Memory Usage: 3218kB
        ->  Seq Scan on title t  (cost=0.00..67604.59 rows=1995176 width=4) (actual time=0.044..1313.607 rows=1990655 loops=1)
              Filter: (production_year > 1976)
              Rows Removed by Filter: 537657
Planning time: 0.820 ms
Execution time: 12999.473 ms
