Hash Join  (cost=81043.12..587829.48 rows=2528544 width=0) (actual time=4439.237..36555.434 rows=6203924 loops=1)
  Hash Cond: (mi.movie_id = t.id)
  ->  Seq Scan on movie_info mi  (cost=0.00..309384.22 rows=14739122 width=4) (actual time=0.015..21209.288 rows=14835720 loops=1)
  ->  Hash  (cost=73925.90..73925.90 rows=433777 width=4) (actual time=4438.542..4438.542 rows=496765 loops=1)
        Buckets: 131072  Batches: 8  Memory Usage: 3229kB
        ->  Seq Scan on title t  (cost=0.00..73925.90 rows=433777 width=4) (actual time=0.025..4233.942 rows=496765 loops=1)
              Filter: ((kind_id < 3) AND (production_year < 2006))
              Rows Removed by Filter: 2031547
Planning time: 1.921 ms
Execution time: 37401.789 ms
