Hash Join  (cost=96498.12..1206957.18 rows=12786158 width=0) (actual time=4885.399..67094.169 rows=14831138 loops=1)
  Hash Cond: (ci.movie_id = t.id)
  ->  Seq Scan on cast_info ci  (cost=0.00..705507.15 rows=23499554 width=4) (actual time=0.021..43462.361 rows=23573656 loops=1)
        Filter: (role_id > 1)
        Rows Removed by Filter: 12670688
  ->  Hash  (cost=73925.90..73925.90 rows=1375777 width=4) (actual time=4884.039..4884.039 rows=1494158 loops=1)
        Buckets: 131072  Batches: 32  Memory Usage: 2676kB
        ->  Seq Scan on title t  (cost=0.00..73925.90 rows=1375777 width=4) (actual time=0.013..4247.188 rows=1494158 loops=1)
              Filter: ((kind_id > 2) AND (production_year > 1978))
              Rows Removed by Filter: 1034154
Planning time: 0.722 ms
Execution time: 68727.422 ms
