Hash Join  (cost=829883.90..896233.99 rows=65736 width=0) (actual time=16118.855..17307.003 rows=97890 loops=1)
  Hash Cond: (mc.movie_id = t.id)
  ->  Seq Scan on movie_companies mc  (cost=0.00..57926.93 rows=573546 width=4) (actual time=0.024..943.055 rows=361506 loops=1)
        Filter: ((company_id < 7939) AND (company_type_id > 1))
        Rows Removed by Filter: 2247623
  ->  Hash  (cost=825128.34..825128.34 rows=289805 width=8) (actual time=16117.906..16117.906 rows=276403 loops=1)
        Buckets: 131072  Batches: 4  Memory Usage: 3724kB
        ->  Hash Join  (cost=102767.86..825128.34 rows=289805 width=8) (actual time=6029.996..16036.137 rows=276403 loops=1)
              Hash Cond: (ci.movie_id = t.id)
              ->  Seq Scan on cast_info ci  (cost=0.00..705507.15 rows=289805 width=4) (actual time=4039.287..13450.211 rows=276403 loops=1)
                    Filter: (role_id = 7)
                    Rows Removed by Filter: 35967941
              ->  Hash  (cost=61283.27..61283.27 rows=2528527 width=4) (actual time=1989.587..1989.587 rows=2528312 loops=1)
                    Buckets: 131072  Batches: 64  Memory Usage: 2415kB
                    ->  Seq Scan on title t  (cost=0.00..61283.27 rows=2528527 width=4) (actual time=0.019..1113.402 rows=2528312 loops=1)
Planning time: 1.964 ms
Execution time: 17319.943 ms
