Seq Scan on movie_companies mc  (cost=0.00..57926.93 rows=51 width=0) (actual time=26.944..878.297 rows=53 loops=1)
  Filter: ((company_type_id < 2) AND (company_id = 7549))
  Rows Removed by Filter: 2609076
Planning time: 0.387 ms
Execution time: 878.430 ms
