Hash Join  (cost=191995.09..1198167.68 rows=3969195 width=0) (actual time=4327.173..29286.327 rows=4348738 loops=1)
  Hash Cond: (ci.movie_id = t.id)
  ->  Seq Scan on cast_info ci  (cost=0.00..705507.15 rows=22419332 width=4) (actual time=664.175..14932.520 rows=22452587 loops=1)
        Filter: (person_id > 1357752)
        Rows Removed by Filter: 13791757
  ->  Hash  (cost=184650.35..184650.35 rows=447659 width=8) (actual time=3662.116..3662.116 rows=263936 loops=1)
        Buckets: 131072  Batches: 8  Memory Usage: 2317kB
        ->  Hash Join  (cost=106840.27..184650.35 rows=447659 width=8) (actual time=2057.974..3580.976 rows=263936 loops=1)
              Hash Cond: (mc.movie_id = t.id)
              ->  Seq Scan on movie_companies mc  (cost=0.00..57926.93 rows=473310 width=4) (actual time=0.192..903.412 rows=272224 loops=1)
                    Filter: ((company_id < 3289) AND (company_type_id > 1))
                    Rows Removed by Filter: 2336905
              ->  Hash  (cost=67604.59..67604.59 rows=2391495 width=4) (actual time=2056.814..2056.814 rows=2388876 loops=1)
                    Buckets: 131072  Batches: 32  Memory Usage: 3646kB
                    ->  Seq Scan on title t  (cost=0.00..67604.59 rows=2391495 width=4) (actual time=0.017..1306.144 rows=2388876 loops=1)
                          Filter: (production_year < 2013)
                          Rows Removed by Filter: 139436
Planning time: 0.763 ms
Execution time: 29788.056 ms
