Hash Join  (cost=844987.54..1004341.26 rows=745012 width=0) (actual time=19367.156..23499.369 rows=778400 loops=1)
  Hash Cond: (mk.movie_id = t.id)
  ->  Seq Scan on movie_keyword mk  (cost=0.00..69693.30 rows=4523930 width=4) (actual time=0.026..1457.781 rows=4523930 loops=1)
  ->  Hash  (cost=838155.49..838155.49 rows=416404 width=8) (actual time=19356.561..19356.561 rows=387968 loops=1)
        Buckets: 131072  Batches: 8  Memory Usage: 2905kB
        ->  Hash Join  (cost=68426.36..838155.49 rows=416404 width=8) (actual time=1115.820..18896.998 rows=387968 loops=1)
              Hash Cond: (ci.movie_id = t.id)
              ->  Seq Scan on cast_info ci  (cost=0.00..705507.15 rows=16015449 width=4) (actual time=0.030..12776.026 rows=15917130 loops=1)
                    Filter: (person_id < 1573765)
                    Rows Removed by Filter: 20327214
              ->  Hash  (cost=67604.59..67604.59 rows=65742 width=4) (actual time=1115.089..1115.089 rows=63827 loops=1)
                    Buckets: 131072  Batches: 1  Memory Usage: 3268kB
                    ->  Seq Scan on title t  (cost=0.00..67604.59 rows=65742 width=4) (actual time=0.022..1088.776 rows=63827 loops=1)
                          Filter: (production_year = 2013)
                          Rows Removed by Filter: 2464485
Planning time: 1.153 ms
Execution time: 23586.908 ms
