Hash Join  (cost=78556.72..511153.99 rows=1556866 width=0) (actual time=4240.649..11745.398 rows=3438417 loops=1)
  Hash Cond: (mi.movie_id = t.id)
  ->  Seq Scan on movie_info mi  (cost=0.00..346232.03 rows=5897221 width=4) (actual time=2737.657..6512.476 rows=5884963 loops=1)
        Filter: (info_type_id < 7)
        Rows Removed by Filter: 8950757
  ->  Hash  (cost=67604.59..67604.59 rows=667531 width=4) (actual time=1389.643..1389.643 rows=662825 loops=1)
        Buckets: 131072  Batches: 16  Memory Usage: 2485kB
        ->  Seq Scan on title t  (cost=0.00..67604.59 rows=667531 width=4) (actual time=556.456..1177.656 rows=662825 loops=1)
              Filter: (kind_id = 1)
              Rows Removed by Filter: 1865487
Planning time: 5.879 ms
Execution time: 12147.962 ms
