Hash Join  (cost=74024.09..100977.44 rows=4287 width=0) (actual time=866.391..1115.244 rows=7305 loops=1)
  Hash Cond: (mi_idx.movie_id = t.id)
  ->  Seq Scan on movie_info_idx mi_idx  (cost=0.00..21735.35 rows=1380035 width=4) (actual time=0.020..115.815 rows=1380035 loops=1)
  ->  Hash  (cost=73925.90..73925.90 rows=7855 width=4) (actual time=866.293..866.293 rows=5336 loops=1)
        Buckets: 8192  Batches: 1  Memory Usage: 252kB
        ->  Seq Scan on title t  (cost=0.00..73925.90 rows=7855 width=4) (actual time=163.243..863.810 rows=5336 loops=1)
              Filter: ((kind_id < 2) AND (production_year = 1994))
              Rows Removed by Filter: 2522976
Planning time: 0.785 ms
Execution time: 1115.910 ms
