Nested Loop  (cost=0.43..83072.90 rows=54 width=0) (actual time=0.419..1363.893 rows=1534 loops=1)
  ->  Seq Scan on movie_keyword mk  (cost=0.00..81003.12 rows=246 width=4) (actual time=0.368..1259.160 rows=3040 loops=1)
        Filter: (keyword_id = 580)
        Rows Removed by Filter: 4520890
  ->  Index Scan using title_pkey on title t  (cost=0.43..8.40 rows=1 width=4) (actual time=0.033..0.034 rows=1 loops=3040)
        Index Cond: (id = mk.movie_id)
        Filter: ((production_year > 1969) AND (kind_id = 1))
        Rows Removed by Filter: 0
Planning time: 0.739 ms
Execution time: 1364.540 ms
