Hash Join  (cost=150766.47..604422.28 rows=1825934 width=0) (actual time=3387.892..14727.823 rows=2545314 loops=1)
  Hash Cond: (mi.movie_id = t.id)
  ->  Seq Scan on movie_info mi  (cost=0.00..346232.03 rows=7503588 width=4) (actual time=0.018..6972.250 rows=7548855 loops=1)
        Filter: (info_type_id > 7)
        Rows Removed by Filter: 7286865
  ->  Hash  (cost=140671.29..140671.29 rows=615295 width=8) (actual time=3386.586..3386.586 rows=465249 loops=1)
        Buckets: 131072  Batches: 16  Memory Usage: 2170kB
        ->  Hash Join  (cost=92421.85..140671.29 rows=615295 width=8) (actual time=1839.787..3249.430 rows=465249 loops=1)
              Hash Cond: (mi_idx.movie_id = t.id)
              ->  Seq Scan on movie_info_idx mi_idx  (cost=0.00..21735.35 rows=1380035 width=4) (actual time=0.018..450.132 rows=1380035 loops=1)
              ->  Hash  (cost=73925.90..73925.90 rows=1127356 width=4) (actual time=1838.743..1838.743 rows=1234845 loops=1)
                    Buckets: 131072  Batches: 16  Memory Usage: 3745kB
                    ->  Seq Scan on title t  (cost=0.00..73925.90 rows=1127356 width=4) (actual time=0.014..1451.429 rows=1234845 loops=1)
                          Filter: ((kind_id > 1) AND (production_year > 1997))
                          Rows Removed by Filter: 1293467
Planning time: 1.177 ms
Execution time: 15039.161 ms
