Seq Scan on movie_keyword mk  (cost=0.00..81003.12 rows=1829691 width=0) (actual time=0.013..1464.796 rows=1835352 loops=1)
  Filter: (keyword_id > 7595)
  Rows Removed by Filter: 2688578
Planning time: 0.340 ms
Execution time: 1697.201 ms
