Seq Scan on movie_companies mc  (cost=0.00..57926.93 rows=312934 width=0) (actual time=382.062..929.055 rows=609215 loops=1)
  Filter: ((company_id > 62709) AND (company_type_id > 1))
  Rows Removed by Filter: 1999914
Planning time: 0.389 ms
Execution time: 1007.007 ms
