Hash Join  (cost=167431.09..297931.08 rows=697495 width=0) (actual time=3946.818..9968.752 rows=7056856 loops=1)
  Hash Cond: (mk.movie_id = t.id)
  ->  Seq Scan on movie_keyword mk  (cost=0.00..69693.30 rows=4523930 width=4) (actual time=0.018..1513.733 rows=4523930 loops=1)
  ->  Hash  (cost=161035.01..161035.01 rows=389846 width=8) (actual time=3945.963..3945.963 rows=845830 loops=1)
        Buckets: 131072 (originally 131072)  Batches: 16 (originally 8)  Memory Usage: 3114kB
        ->  Hash Join  (cost=83810.17..161035.01 rows=389846 width=8) (actual time=1744.121..3685.529 rows=845830 loops=1)
              Hash Cond: (mc.movie_id = t.id)
              ->  Seq Scan on movie_companies mc  (cost=0.00..57926.93 rows=997985 width=4) (actual time=292.223..1232.996 rows=1153023 loops=1)
                    Filter: ((company_id > 846) AND (company_type_id = 2))
                    Rows Removed by Filter: 1456106
              ->  Hash  (cost=67604.59..67604.59 rows=987727 width=4) (actual time=1451.155..1451.155 rows=985048 loops=1)
                    Buckets: 131072  Batches: 16  Memory Usage: 3188kB
                    ->  Seq Scan on title t  (cost=0.00..67604.59 rows=987727 width=4) (actual time=0.024..1177.219 rows=985048 loops=1)
                          Filter: (kind_id < 7)
                          Rows Removed by Filter: 1543264
Planning time: 1.124 ms
Execution time: 10832.773 ms
