Hash Join  (cost=75262.99..522929.60 rows=274054 width=0) (actual time=2558.482..12211.702 rows=651351 loops=1)
  Hash Cond: (mi.movie_id = t.id)
  ->  Seq Scan on movie_info mi  (cost=0.00..346232.03 rows=8508011 width=4) (actual time=584.062..6067.521 rows=8612226 loops=1)
        Filter: (info_type_id < 9)
        Rows Removed by Filter: 6223494
  ->  Hash  (cost=73925.90..73925.90 rows=81447 width=4) (actual time=1880.141..1880.141 rows=113905 loops=1)
        Buckets: 131072  Batches: 2  Memory Usage: 3032kB
        ->  Seq Scan on title t  (cost=0.00..73925.90 rows=81447 width=4) (actual time=550.330..1319.076 rows=113905 loops=1)
              Filter: ((production_year > 1988) AND (kind_id = 4))
              Rows Removed by Filter: 2414407
Planning time: 0.745 ms
Execution time: 12287.620 ms
