Seq Scan on movie_keyword mk  (cost=0.00..81003.12 rows=246 width=0) (actual time=360.847..1207.391 rows=13 loops=1)
  Filter: (keyword_id = 83183)
  Rows Removed by Filter: 4523917
Planning time: 0.337 ms
Execution time: 1207.486 ms
