Hash Join  (cost=154076.72..241624.67 rows=88991 width=0) (actual time=3555.179..4829.703 rows=7246 loops=1)
  Hash Cond: (mk.movie_id = t.id)
  ->  Seq Scan on movie_keyword mk  (cost=0.00..69693.30 rows=4523930 width=4) (actual time=0.023..987.542 rows=4523930 loops=1)
  ->  Hash  (cost=153454.98..153454.98 rows=49739 width=8) (actual time=3039.251..3039.251 rows=1389 loops=1)
        Buckets: 65536  Batches: 1  Memory Usage: 567kB
        ->  Hash Join  (cost=95339.12..153454.98 rows=49739 width=8) (actual time=1928.855..3038.031 rows=1389 loops=1)
              Hash Cond: (mc.movie_id = t.id)
              ->  Seq Scan on movie_companies mc  (cost=0.00..51404.11 rows=96363 width=4) (actual time=0.022..855.167 rows=96941 loops=1)
                    Filter: (company_id > 159388)
                    Rows Removed by Filter: 2512188
              ->  Hash  (cost=73925.90..73925.90 rows=1305137 width=4) (actual time=1921.522..1921.522 rows=1386718 loops=1)
                    Buckets: 131072  Batches: 32  Memory Usage: 2550kB
                    ->  Seq Scan on title t  (cost=0.00..73925.90 rows=1305137 width=4) (actual time=0.024..1463.921 rows=1386718 loops=1)
                          Filter: ((kind_id > 4) AND (production_year > 1967))
                          Rows Removed by Filter: 1141594
Planning time: 1.186 ms
Execution time: 4831.137 ms
