Hash Join  (cost=917899.14..996176.17 rows=234051 width=0) (actual time=16986.540..19230.834 rows=603124 loops=1)
  Hash Cond: (mc.movie_id = t.id)
  ->  Seq Scan on movie_companies mc  (cost=0.00..44881.29 rows=2609129 width=4) (actual time=0.014..949.849 rows=2609129 loops=1)
  ->  Hash  (cost=914176.88..914176.88 rows=226821 width=8) (actual time=16985.789..16985.789 rows=266517 loops=1)
        Buckets: 131072  Batches: 4  Memory Usage: 3624kB
        ->  Hash Join  (cost=102767.86..914176.88 rows=226821 width=8) (actual time=2351.945..16911.575 rows=266517 loops=1)
              Hash Cond: (ci.movie_id = t.id)
              ->  Seq Scan on cast_info ci  (cost=0.00..796071.18 rows=226821 width=4) (actual time=289.674..14256.665 rows=266517 loops=1)
                    Filter: ((person_id > 1254553) AND (role_id > 10))
                    Rows Removed by Filter: 35977827
              ->  Hash  (cost=61283.27..61283.27 rows=2528527 width=4) (actual time=2061.255..2061.255 rows=2528312 loops=1)
                    Buckets: 131072  Batches: 64  Memory Usage: 2415kB
                    ->  Seq Scan on title t  (cost=0.00..61283.27 rows=2528527 width=4) (actual time=0.023..1123.748 rows=2528312 loops=1)
Planning time: 1.161 ms
Execution time: 19305.103 ms
