Seq Scan on cast_info ci  (cost=0.00..705507.15 rows=32377720 width=0) (actual time=0.028..14051.202 rows=32517968 loops=1)
  Filter: (person_id > 357135)
  Rows Removed by Filter: 3726376
Planning time: 0.337 ms
Execution time: 18058.026 ms
