Hash Join  (cost=102767.86..1589291.32 rows=32047281 width=0) (actual time=2425.397..45252.496 rows=32019798 loops=1)
  Hash Cond: (ci.movie_id = t.id)
  ->  Seq Scan on cast_info ci  (cost=0.00..705507.15 rows=32047281 width=4) (actual time=0.025..16923.314 rows=32019798 loops=1)
        Filter: (person_id < 3285697)
        Rows Removed by Filter: 4224546
  ->  Hash  (cost=61283.27..61283.27 rows=2528527 width=4) (actual time=2424.437..2424.437 rows=2528312 loops=1)
        Buckets: 131072  Batches: 64  Memory Usage: 2415kB
        ->  Seq Scan on title t  (cost=0.00..61283.27 rows=2528527 width=4) (actual time=0.022..1273.600 rows=2528312 loops=1)
Planning time: 0.720 ms
Execution time: 48829.799 ms
