Seq Scan on cast_info ci  (cost=0.00..705507.15 rows=2267441 width=0) (actual time=889.441..11446.638 rows=2309755 loops=1)
  Filter: (person_id > 3611068)
  Rows Removed by Filter: 33934589
Planning time: 0.305 ms
Execution time: 11739.439 ms
