Nested Loop  (cost=44377.22..143280.81 rows=90 width=0) (actual time=2695.688..3067.953 rows=33 loops=1)
  ->  Hash Join  (cost=44376.79..132117.64 rows=18828 width=8) (actual time=844.760..2809.805 rows=13375 loops=1)
        Hash Cond: (mk.movie_id = mi_idx.movie_id)
        ->  Seq Scan on movie_keyword mk  (cost=0.00..81003.12 rows=6334 width=4) (actual time=0.043..1188.731 rows=5403 loops=1)
              Filter: (keyword_id = 107)
              Rows Removed by Filter: 4518527
        ->  Hash  (cost=21735.35..21735.35 rows=1380035 width=4) (actual time=834.560..834.560 rows=1380035 loops=1)
              Buckets: 131072  Batches: 32  Memory Usage: 2556kB
              ->  Seq Scan on movie_info_idx mi_idx  (cost=0.00..21735.35 rows=1380035 width=4) (actual time=0.019..406.756 rows=1380035 loops=1)
  ->  Index Scan using title_pkey on title t  (cost=0.43..0.58 rows=1 width=4) (actual time=0.019..0.019 rows=0 loops=13375)
        Index Cond: (id = mi_idx.movie_id)
        Filter: ((kind_id = 7) AND (production_year = 2006))
        Rows Removed by Filter: 1
Planning time: 0.743 ms
Execution time: 3068.051 ms
