Seq Scan on movie_keyword mk  (cost=0.00..81003.12 rows=3905386 width=0) (actual time=0.020..1111.585 rows=3906086 loops=1)
  Filter: (keyword_id < 29524)
  Rows Removed by Filter: 617844
Planning time: 0.337 ms
Execution time: 1484.142 ms
