Nested Loop  (cost=0.43..58375.18 rows=53 width=0) (actual time=66.918..895.681 rows=79 loops=1)
  ->  Seq Scan on movie_companies mc  (cost=0.00..57926.93 rows=53 width=4) (actual time=66.800..893.696 rows=79 loops=1)
        Filter: ((company_type_id > 1) AND (company_id = 32828))
        Rows Removed by Filter: 2609050
  ->  Index Only Scan using title_pkey on title t  (cost=0.43..8.45 rows=1 width=4) (actual time=0.023..0.023 rows=1 loops=79)
        Index Cond: (id = mc.movie_id)
        Heap Fetches: 79
Planning time: 0.709 ms
Execution time: 895.776 ms
