Hash Join  (cost=174865.45..1041331.77 rows=1592902 width=0) (actual time=6369.040..24981.269 rows=6832462 loops=1)
  Hash Cond: (ci.movie_id = t.id)
  ->  Seq Scan on cast_info ci  (cost=0.00..796071.18 rows=4401367 width=4) (actual time=2411.893..14284.148 rows=9003217 loops=1)
        Filter: ((person_id < 1228593) AND (role_id = 1))
        Rows Removed by Filter: 27241127
  ->  Hash  (cost=159851.69..159851.69 rows=915101 width=8) (actual time=3956.019..3956.019 rows=919850 loops=1)
        Buckets: 131072  Batches: 16  Memory Usage: 3269kB
        ->  Hash Join  (cost=102767.86..159851.69 rows=915101 width=8) (actual time=2044.280..3714.260 rows=919850 loops=1)
              Hash Cond: (mi_idx.movie_id = t.id)
              ->  Seq Scan on movie_info_idx mi_idx  (cost=0.00..25185.44 rows=915101 width=4) (actual time=0.036..577.929 rows=919850 loops=1)
                    Filter: (info_type_id < 101)
                    Rows Removed by Filter: 460185
              ->  Hash  (cost=61283.27..61283.27 rows=2528527 width=4) (actual time=2042.608..2042.608 rows=2528312 loops=1)
                    Buckets: 131072  Batches: 64  Memory Usage: 2415kB
                    ->  Seq Scan on title t  (cost=0.00..61283.27 rows=2528527 width=4) (actual time=0.019..1206.384 rows=2528312 loops=1)
Planning time: 1.842 ms
Execution time: 25765.559 ms
