Hash Join  (cost=365418.15..1462631.41 rows=19423034 width=0) (actual time=8621.055..44211.518 rows=67420370 loops=1)
  Hash Cond: (ci.movie_id = t.id)
  ->  Seq Scan on cast_info ci  (cost=0.00..705507.15 rows=10855974 width=4) (actual time=4.559..13286.102 rows=10733935 loops=1)
        Filter: (person_id < 1053154)
        Rows Removed by Filter: 25510409
  ->  Hash  (cost=291197.02..291197.02 rows=4523930 width=8) (actual time=8504.891..8504.891 rows=4523930 loops=1)
        Buckets: 131072  Batches: 64  Memory Usage: 3816kB
        ->  Hash Join  (cost=102767.86..291197.02 rows=4523930 width=8) (actual time=1931.785..7188.876 rows=4523930 loops=1)
              Hash Cond: (mk.movie_id = t.id)
              ->  Seq Scan on movie_keyword mk  (cost=0.00..69693.30 rows=4523930 width=4) (actual time=0.027..1502.012 rows=4523930 loops=1)
              ->  Hash  (cost=61283.27..61283.27 rows=2528527 width=4) (actual time=1930.052..1930.052 rows=2528312 loops=1)
                    Buckets: 131072  Batches: 64  Memory Usage: 2425kB
                    ->  Seq Scan on title t  (cost=0.00..61283.27 rows=2528527 width=4) (actual time=0.013..1075.860 rows=2528312 loops=1)
Planning time: 1.365 ms
Execution time: 51810.018 ms
