Hash Join  (cost=160741.05..513692.83 rows=2820 width=0) (actual time=4714.580..8160.183 rows=388 loops=1)
  Hash Cond: (mi.movie_id = t.id)
  ->  Seq Scan on movie_info mi  (cost=0.00..346232.03 rows=1338312 width=4) (actual time=2104.454..5514.583 rows=1401902 loops=1)
        Filter: (info_type_id = 7)
        Rows Removed by Filter: 13433818
  ->  Hash  (cost=160674.45..160674.45 rows=5328 width=8) (actual time=2438.485..2438.485 rows=2466 loops=1)
        Buckets: 8192  Batches: 1  Memory Usage: 161kB
        ->  Hash Join  (cost=73963.13..160674.45 rows=5328 width=8) (actual time=822.827..2437.314 rows=2466 loops=1)
              Hash Cond: (mk.movie_id = t.id)
              ->  Seq Scan on movie_keyword mk  (cost=0.00..69693.30 rows=4523930 width=4) (actual time=0.032..896.203 rows=4523930 loops=1)
              ->  Hash  (cost=73925.90..73925.90 rows=2978 width=4) (actual time=821.301..821.301 rows=1136 loops=1)
                    Buckets: 4096  Batches: 1  Memory Usage: 72kB
                    ->  Seq Scan on title t  (cost=0.00..73925.90 rows=2978 width=4) (actual time=0.134..820.807 rows=1136 loops=1)
                          Filter: ((kind_id = 4) AND (production_year = 2013))
                          Rows Removed by Filter: 2527176
Planning time: 1.268 ms
Execution time: 8160.386 ms
