Hash Join  (cost=83580.70..130391.88 rows=531470 width=0) (actual time=1550.393..2939.994 rows=649871 loops=1)
  Hash Cond: (mi_idx.movie_id = t.id)
  ->  Seq Scan on movie_info_idx mi_idx  (cost=0.00..21735.35 rows=1380035 width=4) (actual time=0.026..452.757 rows=1380035 loops=1)
  ->  Hash  (cost=67604.59..67604.59 rows=973769 width=4) (actual time=1549.177..1549.177 rows=971188 loops=1)
        Buckets: 131072  Batches: 16  Memory Usage: 3161kB
        ->  Seq Scan on title t  (cost=0.00..67604.59 rows=973769 width=4) (actual time=0.022..1241.294 rows=971188 loops=1)
              Filter: (production_year < 1999)
              Rows Removed by Filter: 1557124
Planning time: 0.762 ms
Execution time: 3014.197 ms
