Nested Loop  (cost=0.43..796536.34 rows=55 width=0) (actual time=4496.554..11063.549 rows=82 loops=1)
  ->  Seq Scan on cast_info ci  (cost=0.00..796071.18 rows=55 width=4) (actual time=4496.455..11056.648 rows=82 loops=1)
        Filter: ((person_id = 3043013) AND (role_id = 3))
        Rows Removed by Filter: 36244262
  ->  Index Only Scan using title_pkey on title t  (cost=0.43..8.45 rows=1 width=4) (actual time=0.083..0.083 rows=1 loops=82)
        Index Cond: (id = ci.movie_id)
        Heap Fetches: 82
Planning time: 0.784 ms
Execution time: 11063.646 ms
