Hash Join  (cost=226984.07..1078135.78 rows=1339576 width=0) (actual time=10670.832..29772.266 rows=22597317 loops=1)
  Hash Cond: (ci.movie_id = t.id)
  ->  Seq Scan on cast_info ci  (cost=0.00..796071.18 rows=3253274 width=4) (actual time=3279.577..12108.948 rows=6563598 loops=1)
        Filter: ((person_id < 897524) AND (role_id = 1))
        Rows Removed by Filter: 29680746
  ->  Hash  (cost=209902.67..209902.67 rows=1041152 width=8) (actual time=7390.482..7390.482 rows=2260003 loops=1)
        Buckets: 131072 (originally 131072)  Batches: 32 (originally 16)  Memory Usage: 3771kB
        ->  Hash Join  (cost=83810.17..209902.67 rows=1041152 width=8) (actual time=2329.951..6086.223 rows=2260003 loops=1)
              Hash Cond: (mk.movie_id = t.id)
              ->  Seq Scan on movie_keyword mk  (cost=0.00..81003.12 rows=2665293 width=4) (actual time=0.019..1708.208 rows=2654186 loops=1)
                    Filter: (keyword_id > 3154)
                    Rows Removed by Filter: 1869744
              ->  Hash  (cost=67604.59..67604.59 rows=987727 width=4) (actual time=2326.573..2326.573 rows=985048 loops=1)
                    Buckets: 131072  Batches: 16  Memory Usage: 3197kB
                    ->  Seq Scan on title t  (cost=0.00..67604.59 rows=987727 width=4) (actual time=0.014..1249.666 rows=985048 loops=1)
                          Filter: (kind_id < 7)
                          Rows Removed by Filter: 1543264
Planning time: 0.798 ms
Execution time: 32398.524 ms
