Seq Scan on cast_info ci  (cost=0.00..705507.15 rows=545911 width=0) (actual time=4845.908..10873.049 rows=570803 loops=1)
  Filter: (person_id > 3951978)
  Rows Removed by Filter: 35673541
Planning time: 0.299 ms
Execution time: 10943.200 ms
