Hash Join  (cost=365418.15..1514292.14 rows=22105720 width=0) (actual time=8126.956..46859.438 rows=76644862 loops=1)
  Hash Cond: (ci.movie_id = t.id)
  ->  Seq Scan on cast_info ci  (cost=0.00..705507.15 rows=12355388 width=4) (actual time=230.942..13431.761 rows=12274066 loops=1)
        Filter: (person_id < 1209261)
        Rows Removed by Filter: 23970278
  ->  Hash  (cost=291197.02..291197.02 rows=4523930 width=8) (actual time=7894.051..7894.051 rows=4523930 loops=1)
        Buckets: 131072  Batches: 64  Memory Usage: 3816kB
        ->  Hash Join  (cost=102767.86..291197.02 rows=4523930 width=8) (actual time=1804.588..6698.770 rows=4523930 loops=1)
              Hash Cond: (mk.movie_id = t.id)
              ->  Seq Scan on movie_keyword mk  (cost=0.00..69693.30 rows=4523930 width=4) (actual time=0.024..1363.647 rows=4523930 loops=1)
              ->  Hash  (cost=61283.27..61283.27 rows=2528527 width=4) (actual time=1802.094..1802.094 rows=2528312 loops=1)
                    Buckets: 131072  Batches: 64  Memory Usage: 2425kB
                    ->  Seq Scan on title t  (cost=0.00..61283.27 rows=2528527 width=4) (actual time=0.021..957.094 rows=2528312 loops=1)
Planning time: 1.159 ms
Execution time: 55425.905 ms
