Seq Scan on movie_keyword mk  (cost=0.00..81003.12 rows=4359243 width=0) (actual time=0.029..1588.921 rows=4364320 loops=1)
  Filter: (keyword_id < 72887)
  Rows Removed by Filter: 159610
Planning time: 0.316 ms
Execution time: 2129.053 ms
