Nested Loop  (cost=0.43..83071.67 rows=246 width=0) (actual time=4.990..1281.625 rows=654 loops=1)
  ->  Seq Scan on movie_keyword mk  (cost=0.00..81003.12 rows=246 width=4) (actual time=4.919..1257.374 rows=654 loops=1)
        Filter: (keyword_id = 17536)
        Rows Removed by Filter: 4523276
  ->  Index Only Scan using title_pkey on title t  (cost=0.43..8.40 rows=1 width=4) (actual time=0.035..0.035 rows=1 loops=654)
        Index Cond: (id = mk.movie_id)
        Heap Fetches: 654
Planning time: 0.755 ms
Execution time: 1281.959 ms
