Hash Join  (cost=162993.24..990932.45 rows=320310 width=0) (actual time=6872.043..20539.023 rows=855204 loops=1)
  Hash Cond: (ci.movie_id = t.id)
  ->  Seq Scan on cast_info ci  (cost=0.00..796071.18 rows=2363179 width=4) (actual time=3267.089..15172.929 rows=2471688 loops=1)
        Filter: ((person_id < 3175130) AND (role_id = 4))
        Rows Removed by Filter: 33772656
  ->  Hash  (cost=157370.22..157370.22 rows=342722 width=8) (actual time=3603.872..3603.872 rows=692791 loops=1)
        Buckets: 131072 (originally 131072)  Batches: 16 (originally 8)  Memory Usage: 3073kB
        ->  Hash Join  (cost=84618.84..157370.22 rows=342722 width=8) (actual time=1508.124..3386.525 rows=692791 loops=1)
              Hash Cond: (mc.movie_id = t.id)
              ->  Seq Scan on movie_companies mc  (cost=0.00..51404.11 rows=1329612 width=4) (actual time=0.033..919.611 rows=1334883 loops=1)
                    Filter: (company_type_id = 2)
                    Rows Removed by Filter: 1274246
              ->  Hash  (cost=73925.90..73925.90 rows=651755 width=4) (actual time=1506.839..1506.839 rows=711179 loops=1)
                    Buckets: 131072  Batches: 16  Memory Usage: 2590kB
                    ->  Seq Scan on title t  (cost=0.00..73925.90 rows=651755 width=4) (actual time=0.024..1275.294 rows=711179 loops=1)
                          Filter: ((kind_id < 7) AND (production_year < 2008))
                          Rows Removed by Filter: 1817133
Planning time: 1.341 ms
Execution time: 20641.370 ms
