Seq Scan on movie_keyword mk  (cost=0.00..81003.12 rows=246 width=0) (actual time=344.167..1245.904 rows=8 loops=1)
  Filter: (keyword_id = 19178)
  Rows Removed by Filter: 4523922
Planning time: 0.307 ms
Execution time: 1246.007 ms
