Seq Scan on cast_info ci  (cost=0.00..796071.18 rows=224 width=0) (actual time=958.761..13527.053 rows=49 loops=1)
  Filter: ((role_id > 2) AND (person_id = 3543824))
  Rows Removed by Filter: 36244295
Planning time: 0.357 ms
Execution time: 13527.158 ms
