Hash Join  (cost=148691.77..636644.57 rows=763488 width=0) (actual time=3000.749..14506.244 rows=3000193 loops=1)
  Hash Cond: (mi.movie_id = t.id)
  ->  Seq Scan on movie_info mi  (cost=0.00..309384.22 rows=14739122 width=4) (actual time=0.019..5826.667 rows=14835720 loops=1)
  ->  Hash  (cost=146542.54..146542.54 rows=130978 width=8) (actual time=2999.417..2999.417 rows=105763 loops=1)
        Buckets: 131072  Batches: 2  Memory Usage: 3100kB
        ->  Hash Join  (cost=69687.24..146542.54 rows=130978 width=8) (actual time=1118.124..2960.253 rows=105763 loops=1)
              Hash Cond: (mc.movie_id = t.id)
              ->  Seq Scan on movie_companies mc  (cost=0.00..44881.29 rows=2609129 width=4) (actual time=0.975..869.902 rows=2609129 loops=1)
              ->  Hash  (cost=67604.59..67604.59 rows=126932 width=4) (actual time=1116.306..1116.306 rows=122861 loops=1)
                    Buckets: 131072  Batches: 2  Memory Usage: 3191kB
                    ->  Seq Scan on title t  (cost=0.00..67604.59 rows=126932 width=4) (actual time=0.015..1071.428 rows=122861 loops=1)
                          Filter: (production_year = 2008)
                          Rows Removed by Filter: 2405451
Planning time: 4.121 ms
Execution time: 14867.787 ms
