Hash Join  (cost=709678.15..1079289.16 rows=1232 width=0) (actual time=10950.348..17938.513 rows=1309 loops=1)
  Hash Cond: (mi.movie_id = t.id)
  ->  Seq Scan on movie_info mi  (cost=0.00..346232.03 rows=6231111 width=4) (actual time=0.017..6089.062 rows=6223494 loops=1)
        Filter: (info_type_id > 8)
        Rows Removed by Filter: 8612226
  ->  Hash  (cost=709671.90..709671.90 rows=500 width=8) (actual time=10905.032..10905.032 rows=997 loops=1)
        Buckets: 1024  Batches: 1  Memory Usage: 47kB
        ->  Nested Loop  (cost=0.43..709671.90 rows=500 width=8) (actual time=6798.018..10904.657 rows=997 loops=1)
              ->  Seq Scan on cast_info ci  (cost=0.00..705507.15 rows=500 width=4) (actual time=6797.906..10891.287 rows=997 loops=1)
                    Filter: (person_id = 1230072)
                    Rows Removed by Filter: 36243347
              ->  Index Only Scan using title_pkey on title t  (cost=0.43..8.32 rows=1 width=4) (actual time=0.012..0.013 rows=1 loops=997)
                    Index Cond: (id = ci.movie_id)
                    Heap Fetches: 997
Planning time: 1.330 ms
Execution time: 17938.952 ms
