Hash Join  (cost=233093.74..774611.17 rows=5783550 width=0) (actual time=4731.081..18473.427 rows=2475434 loops=1)
  Hash Cond: (mi.movie_id = t.id)
  ->  Seq Scan on movie_info mi  (cost=0.00..309384.22 rows=14739122 width=4) (actual time=0.024..5976.142 rows=14835720 loops=1)
  ->  Hash  (cost=216815.49..216815.49 rows=992180 width=8) (actual time=4668.524..4668.524 rows=233200 loops=1)
        Buckets: 131072  Batches: 16  Memory Usage: 1591kB
        ->  Hash Join  (cost=87428.23..216815.49 rows=992180 width=8) (actual time=1994.526..4594.014 rows=233200 loops=1)
              Hash Cond: (mk.movie_id = t.id)
              ->  Seq Scan on movie_keyword mk  (cost=0.00..81003.12 rows=3048356 width=4) (actual time=0.020..1764.438 rows=3031717 loops=1)
                    Filter: (keyword_id > 2130)
                    Rows Removed by Filter: 1492213
              ->  Hash  (cost=73925.90..73925.90 rows=822986 width=4) (actual time=1367.914..1367.914 rows=738761 loops=1)
                    Buckets: 131072  Batches: 16  Memory Usage: 2654kB
                    ->  Seq Scan on title t  (cost=0.00..73925.90 rows=822986 width=4) (actual time=241.986..1128.119 rows=738761 loops=1)
                          Filter: ((production_year < 2005) AND (kind_id = 7))
                          Rows Removed by Filter: 1789551
Planning time: 0.789 ms
Execution time: 18735.753 ms
