Hash Join  (cost=1022476.31..3730283.67 rows=129431513 width=0) (actual time=26421.872..123771.493 rows=264235549 loops=1)
  Hash Cond: (ci.movie_id = t.id)
  ->  Seq Scan on cast_info ci  (cost=0.00..705507.15 rows=23499554 width=4) (actual time=1715.252..16361.622 rows=23573656 loops=1)
        Filter: (role_id > 1)
        Rows Removed by Filter: 12670688
  ->  Hash  (cost=793990.64..793990.64 rows=13926693 width=8) (actual time=24704.977..24704.977 rows=13963496 loops=1)
        Buckets: 131072  Batches: 256  Memory Usage: 3138kB
        ->  Hash Join  (cost=102767.86..793990.64 rows=13926693 width=8) (actual time=1985.938..20624.706 rows=13963496 loops=1)
              Hash Cond: (mi.movie_id = t.id)
              ->  Seq Scan on movie_info mi  (cost=0.00..346232.03 rows=13926693 width=4) (actual time=95.186..7262.674 rows=13963496 loops=1)
                    Filter: (info_type_id < 98)
                    Rows Removed by Filter: 872224
              ->  Hash  (cost=61283.27..61283.27 rows=2528527 width=4) (actual time=1889.614..1889.614 rows=2528312 loops=1)
                    Buckets: 131072  Batches: 64  Memory Usage: 2425kB
                    ->  Seq Scan on title t  (cost=0.00..61283.27 rows=2528527 width=4) (actual time=0.024..1037.312 rows=2528312 loops=1)
Planning time: 1.211 ms
Execution time: 153340.723 ms
