Seq Scan on movie_keyword mk  (cost=0.00..81003.12 rows=1335743 width=0) (actual time=0.028..1377.826 rows=1353666 loops=1)
  Filter: (keyword_id < 1767)
  Rows Removed by Filter: 3170264
Planning time: 0.336 ms
Execution time: 1545.904 ms
