Hash Join  (cost=155323.31..258550.91 rows=371720 width=0) (actual time=3594.741..5495.764 rows=316878 loops=1)
  Hash Cond: (mk.movie_id = t.id)
  ->  Seq Scan on movie_keyword mk  (cost=0.00..81003.12 rows=1368339 width=4) (actual time=0.009..1477.679 rows=1385310 loops=1)
        Filter: (keyword_id > 12050)
        Rows Removed by Filter: 3138620
  ->  Hash  (cost=144053.12..144053.12 rows=686895 width=8) (actual time=3270.454..3270.454 rows=370623 loops=1)
        Buckets: 131072  Batches: 16  Memory Usage: 1935kB
        ->  Hash Join  (cost=94574.69..144053.12 rows=686895 width=8) (actual time=2189.138..3167.653 rows=370623 loops=1)
              Hash Cond: (mi_idx.movie_id = t.id)
              ->  Seq Scan on movie_info_idx mi_idx  (cost=0.00..21735.35 rows=1380035 width=4) (actual time=0.024..416.276 rows=1380035 loops=1)
              ->  Hash  (cost=73925.90..73925.90 rows=1258543 width=4) (actual time=1841.208..1841.208 rows=1221534 loops=1)
                    Buckets: 131072  Batches: 32  Memory Usage: 2363kB
                    ->  Seq Scan on title t  (cost=0.00..73925.90 rows=1258543 width=4) (actual time=0.006..1448.767 rows=1221534 loops=1)
                          Filter: ((production_year < 2011) AND (kind_id = 7))
                          Rows Removed by Filter: 1306778
Planning time: 0.810 ms
Execution time: 5536.558 ms
