Hash Join  (cost=155915.57..520677.71 rows=10620 width=0) (actual time=2516.555..9643.863 rows=26687 loops=1)
  Hash Cond: (mi.movie_id = t.id)
  ->  Seq Scan on movie_info mi  (cost=0.00..309384.22 rows=14739122 width=4) (actual time=0.021..4217.870 rows=14835720 loops=1)
  ->  Hash  (cost=155892.80..155892.80 rows=1822 width=8) (actual time=2515.814..2515.814 rows=2071 loops=1)
        Buckets: 4096 (originally 2048)  Batches: 1 (originally 1)  Memory Usage: 113kB
        ->  Hash Join  (cost=74485.76..155892.80 rows=1822 width=8) (actual time=1262.534..2514.564 rows=2071 loops=1)
              Hash Cond: (mk.movie_id = t.id)
              ->  Seq Scan on movie_keyword mk  (cost=0.00..81003.12 rows=102852 width=4) (actual time=0.044..1214.689 rows=117326 loops=1)
                    Filter: (keyword_id < 114)
                    Rows Removed by Filter: 4406604
              ->  Hash  (cost=73925.90..73925.90 rows=44788 width=4) (actual time=1260.479..1260.479 rows=52864 loops=1)
                    Buckets: 65536  Batches: 1  Memory Usage: 2371kB
                    ->  Seq Scan on title t  (cost=0.00..73925.90 rows=44788 width=4) (actual time=0.164..1237.890 rows=52864 loops=1)
                          Filter: ((kind_id > 1) AND (production_year = 2002))
                          Rows Removed by Filter: 2475448
Planning time: 1.185 ms
Execution time: 9649.571 ms
