Hash Join  (cost=156649.15..292349.99 rows=725556 width=0) (actual time=3273.846..7576.875 rows=3099434 loops=1)
  Hash Cond: (mk.movie_id = t.id)
  ->  Seq Scan on movie_keyword mk  (cost=0.00..81003.12 rows=3945910 width=4) (actual time=0.026..1721.717 rows=3940478 loops=1)
        Filter: (keyword_id > 413)
        Rows Removed by Filter: 583452
  ->  Hash  (cost=149020.47..149020.47 rows=464934 width=8) (actual time=3272.827..3272.827 rows=460185 loops=1)
        Buckets: 131072  Batches: 8  Memory Usage: 3286kB
        ->  Hash Join  (cost=102767.86..149020.47 rows=464934 width=8) (actual time=1834.018..3124.595 rows=460185 loops=1)
              Hash Cond: (mi_idx.movie_id = t.id)
              ->  Seq Scan on movie_info_idx mi_idx  (cost=0.00..25185.44 rows=464934 width=4) (actual time=0.030..487.941 rows=460185 loops=1)
                    Filter: (info_type_id > 100)
                    Rows Removed by Filter: 919850
              ->  Hash  (cost=61283.27..61283.27 rows=2528527 width=4) (actual time=1833.193..1833.193 rows=2528312 loops=1)
                    Buckets: 131072  Batches: 64  Memory Usage: 2415kB
                    ->  Seq Scan on title t  (cost=0.00..61283.27 rows=2528527 width=4) (actual time=0.014..1005.771 rows=2528312 loops=1)
Planning time: 2.219 ms
Execution time: 7926.655 ms
