Hash Join  (cost=151362.16..958371.34 rows=1743906 width=0) (actual time=4035.077..19662.728 rows=3026454 loops=1)
  Hash Cond: (ci.movie_id = t.id)
  ->  Seq Scan on cast_info ci  (cost=0.00..705507.15 rows=7059188 width=4) (actual time=521.589..12360.524 rows=6998782 loops=1)
        Filter: (person_id < 676385)
        Rows Removed by Filter: 29245562
  ->  Hash  (cost=141113.05..141113.05 rows=624649 width=8) (actual time=3320.020..3320.020 rows=532401 loops=1)
        Buckets: 131072  Batches: 16  Memory Usage: 2343kB
        ->  Hash Join  (cost=92703.08..141113.05 rows=624649 width=8) (actual time=1737.009..3165.402 rows=532401 loops=1)
              Hash Cond: (mi_idx.movie_id = t.id)
              ->  Seq Scan on movie_info_idx mi_idx  (cost=0.00..21735.35 rows=1380035 width=4) (actual time=0.026..459.095 rows=1380035 loops=1)
              ->  Hash  (cost=73925.90..73925.90 rows=1144494 width=4) (actual time=1736.078..1736.078 rows=1095581 loops=1)
                    Buckets: 131072  Batches: 16  Memory Usage: 3437kB
                    ->  Seq Scan on title t  (cost=0.00..73925.90 rows=1144494 width=4) (actual time=0.019..1391.102 rows=1095581 loops=1)
                          Filter: ((kind_id > 1) AND (production_year < 2007))
                          Rows Removed by Filter: 1432731
Planning time: 1.204 ms
Execution time: 20004.608 ms
