Seq Scan on movie_keyword mk  (cost=0.00..81003.12 rows=1083652 width=0) (actual time=0.029..1457.336 rows=1088196 loops=1)
  Filter: (keyword_id < 1114)
  Rows Removed by Filter: 3435734
Planning time: 0.428 ms
Execution time: 1595.093 ms
