Seq Scan on cast_info ci  (cost=0.00..705507.15 rows=26901437 width=0) (actual time=0.025..13125.363 rows=27066382 loops=1)
  Filter: (person_id > 902711)
  Rows Removed by Filter: 9177962
Planning time: 0.313 ms
Execution time: 16489.871 ms
