Seq Scan on movie_keyword mk  (cost=0.00..81003.12 rows=1289448 width=0) (actual time=0.020..1394.151 rows=1300786 loops=1)
  Filter: (keyword_id > 13552)
  Rows Removed by Filter: 3223144
Planning time: 0.244 ms
Execution time: 1562.556 ms
