Hash Join  (cost=799707.63..886373.45 rows=778 width=0) (actual time=15017.196..16238.210 rows=1290 loops=1)
  Hash Cond: (mk.movie_id = t.id)
  ->  Seq Scan on movie_keyword mk  (cost=0.00..69693.30 rows=4523930 width=4) (actual time=0.020..781.391 rows=4523930 loops=1)
  ->  Hash  (cost=799702.19..799702.19 rows=435 width=8) (actual time=14739.931..14739.931 rows=1520 loops=1)
        Buckets: 2048 (originally 1024)  Batches: 1 (originally 1)  Memory Usage: 76kB
        ->  Nested Loop  (cost=0.43..799702.19 rows=435 width=8) (actual time=14585.238..14739.346 rows=1520 loops=1)
              ->  Seq Scan on cast_info ci  (cost=0.00..796071.18 rows=435 width=4) (actual time=14585.061..14700.233 rows=1520 loops=1)
                    Filter: ((role_id < 10) AND (person_id = 2022690))
                    Rows Removed by Filter: 36242824
              ->  Index Only Scan using title_pkey on title t  (cost=0.43..8.34 rows=1 width=4) (actual time=0.025..0.025 rows=1 loops=1520)
                    Index Cond: (id = ci.movie_id)
                    Heap Fetches: 1520
Planning time: 1.203 ms
Execution time: 16238.423 ms
