Seq Scan on movie_keyword mk  (cost=0.00..81003.12 rows=2120491 width=0) (actual time=0.017..1418.751 rows=2122683 loops=1)
  Filter: (keyword_id < 3908)
  Rows Removed by Filter: 2401247
Planning time: 0.320 ms
Execution time: 1687.993 ms
