Seq Scan on movie_keyword mk  (cost=0.00..81003.12 rows=1379169 width=0) (actual time=0.029..1024.285 rows=1387093 loops=1)
  Filter: (keyword_id < 1876)
  Rows Removed by Filter: 3136837
Planning time: 2.197 ms
Execution time: 1161.020 ms
