Seq Scan on cast_info ci  (cost=0.00..796071.18 rows=369 width=42) (actual time=13142.499..13527.177 rows=29 loops=1)
  Filter: ((role_id < 5) AND (person_id = 1618765))
  Rows Removed by Filter: 36244315
Planning time: 1.064 ms
Execution time: 13527.274 ms
