Seq Scan on movie_companies mc  (cost=0.00..51404.11 rows=2199294 width=0) (actual time=0.027..1041.272 rows=2198778 loops=1)
  Filter: (company_id > 264)
  Rows Removed by Filter: 410351
Planning time: 0.395 ms
Execution time: 1322.704 ms
