Hash Join  (cost=73205.47..114095.01 rows=186305 width=0) (actual time=1259.796..2412.833 rows=200173 loops=1)
  Hash Cond: (mi_idx.movie_id = t.id)
  ->  Seq Scan on movie_info_idx mi_idx  (cost=0.00..21735.35 rows=1380035 width=4) (actual time=0.016..460.937 rows=1380035 loops=1)
  ->  Hash  (cost=67604.59..67604.59 rows=341351 width=4) (actual time=1258.043..1258.043 rows=337846 loops=1)
        Buckets: 131072  Batches: 8  Memory Usage: 2501kB
        ->  Seq Scan on title t  (cost=0.00..67604.59 rows=341351 width=4) (actual time=0.027..1147.082 rows=337846 loops=1)
              Filter: (production_year < 1968)
              Rows Removed by Filter: 2190466
Planning time: 0.661 ms
Execution time: 2437.736 ms
