Seq Scan on cast_info ci  (cost=0.00..796071.18 rows=7983792 width=0) (actual time=2333.212..15638.554 rows=12670688 loops=1)
  Filter: ((person_id < 2305468) AND (role_id = 1))
  Rows Removed by Filter: 23573656
Planning time: 0.905 ms
Execution time: 17172.102 ms
