Hash Join  (cost=254885.01..431468.61 rows=4015865 width=0) (actual time=7404.800..18514.703 rows=32533897 loops=1)
  Hash Cond: (mk.movie_id = t.id)
  ->  Seq Scan on movie_keyword mk  (cost=0.00..69693.30 rows=4523930 width=4) (actual time=0.022..1488.263 rows=4523930 loops=1)
  ->  Hash  (cost=218060.04..218060.04 rows=2244558 width=8) (actual time=7403.242..7403.242 rows=2245650 loops=1)
        Buckets: 131072  Batches: 32  Memory Usage: 3820kB
        ->  Hash Join  (cost=102767.86..218060.04 rows=2244558 width=8) (actual time=1767.937..6646.542 rows=2245650 loops=1)
              Hash Cond: (mc.movie_id = t.id)
              ->  Seq Scan on movie_companies mc  (cost=0.00..51404.11 rows=2244558 width=4) (actual time=0.028..1031.746 rows=2245650 loops=1)
                    Filter: (company_id > 185)
                    Rows Removed by Filter: 363479
              ->  Hash  (cost=61283.27..61283.27 rows=2528527 width=4) (actual time=1766.943..1766.943 rows=2528312 loops=1)
                    Buckets: 131072  Batches: 64  Memory Usage: 2415kB
                    ->  Seq Scan on title t  (cost=0.00..61283.27 rows=2528527 width=4) (actual time=0.021..956.689 rows=2528312 loops=1)
Planning time: 1.108 ms
Execution time: 22059.049 ms
