Hash Join  (cost=1029365.14..1731444.23 rows=17377936 width=0) (actual time=21957.050..59129.986 rows=77670693 loops=1)
  Hash Cond: (mi.movie_id = t.id)
  ->  Seq Scan on movie_info mi  (cost=0.00..309384.22 rows=14739122 width=4) (actual time=0.010..6413.027 rows=14835720 loops=1)
  ->  Hash  (cost=980453.88..980453.88 rows=2981221 width=8) (actual time=21955.055..21955.055 rows=6042982 loops=1)
        Buckets: 131072 (originally 131072)  Batches: 128 (originally 64)  Memory Usage: 3073kB
        ->  Hash Join  (cost=102767.86..980453.88 rows=2981221 width=8) (actual time=3825.118..20283.427 rows=6042982 loops=1)
              Hash Cond: (ci.movie_id = t.id)
              ->  Seq Scan on cast_info ci  (cost=0.00..796071.18 rows=2981221 width=4) (actual time=1881.327..13099.988 rows=6042982 loops=1)
                    Filter: ((person_id < 820646) AND (role_id = 1))
                    Rows Removed by Filter: 30201362
              ->  Hash  (cost=61283.27..61283.27 rows=2528527 width=4) (actual time=1942.500..1942.500 rows=2528312 loops=1)
                    Buckets: 131072  Batches: 64  Memory Usage: 2415kB
                    ->  Seq Scan on title t  (cost=0.00..61283.27 rows=2528527 width=4) (actual time=0.031..1102.502 rows=2528312 loops=1)
Planning time: 1.208 ms
Execution time: 67843.087 ms
