Hash Join  (cost=74787.47..157576.56 rows=12103 width=0) (actual time=2410.519..2827.309 rows=1853 loops=1)
  Hash Cond: (mk.movie_id = t.id)
  ->  Seq Scan on movie_keyword mk  (cost=0.00..81003.12 rows=443984 width=4) (actual time=0.024..1394.281 rows=441625 loops=1)
        Filter: (keyword_id > 39981)
        Rows Removed by Filter: 4082305
  ->  Hash  (cost=73925.90..73925.90 rows=68925 width=4) (actual time=1338.015..1338.015 rows=84076 loops=1)
        Buckets: 131072  Batches: 1  Memory Usage: 3980kB
        ->  Seq Scan on title t  (cost=0.00..73925.90 rows=68925 width=4) (actual time=0.017..1304.120 rows=84076 loops=1)
              Filter: ((kind_id = 7) AND (production_year = 2007))
              Rows Removed by Filter: 2444236
Planning time: 0.753 ms
Execution time: 2828.863 ms
