Hash Join  (cost=84171.54..170542.09 rows=572433 width=0) (actual time=2473.059..4181.431 rows=350975 loops=1)
  Hash Cond: (mc.movie_id = t.id)
  ->  Seq Scan on movie_companies mc  (cost=0.00..51404.11 rows=2317894 width=4) (actual time=0.028..1100.922 rows=2310557 loops=1)
        Filter: (company_id < 94606)
        Rows Removed by Filter: 298572
  ->  Hash  (cost=73925.90..73925.90 rows=624451 width=4) (actual time=1419.876..1419.876 rows=521141 loops=1)
        Buckets: 131072  Batches: 16  Memory Usage: 2168kB
        ->  Seq Scan on title t  (cost=0.00..73925.90 rows=624451 width=4) (actual time=131.622..1249.899 rows=521141 loops=1)
              Filter: ((production_year < 2000) AND (kind_id = 7))
              Rows Removed by Filter: 2007171
Planning time: 2.108 ms
Execution time: 4220.186 ms
