Hash Join  (cost=102767.86..301446.74 rows=4479862 width=0) (actual time=2115.645..8010.280 rows=4483208 loops=1)
  Hash Cond: (mk.movie_id = t.id)
  ->  Seq Scan on movie_keyword mk  (cost=0.00..81003.12 rows=4479862 width=4) (actual time=0.018..1928.469 rows=4483208 loops=1)
        Filter: (keyword_id < 104247)
        Rows Removed by Filter: 40722
  ->  Hash  (cost=61283.27..61283.27 rows=2528527 width=4) (actual time=2114.345..2114.345 rows=2528312 loops=1)
        Buckets: 131072  Batches: 64  Memory Usage: 2425kB
        ->  Seq Scan on title t  (cost=0.00..61283.27 rows=2528527 width=4) (actual time=0.022..1204.463 rows=2528312 loops=1)
Planning time: 0.554 ms
Execution time: 8551.105 ms
