Hash Join  (cost=69098.42..136564.91 rows=27727 width=0) (actual time=1203.043..2344.235 rows=80082 loops=1)
  Hash Cond: (mc.movie_id = t.id)
  ->  Seq Scan on movie_companies mc  (cost=0.00..57926.93 rows=770208 width=4) (actual time=18.817..1025.725 rows=555068 loops=1)
        Filter: ((company_id > 5867) AND (company_type_id = 1))
        Rows Removed by Filter: 2054061
  ->  Hash  (cost=67604.59..67604.59 rows=91027 width=4) (actual time=1083.362..1083.362 rows=89272 loops=1)
        Buckets: 131072  Batches: 2  Memory Usage: 2593kB
        ->  Seq Scan on title t  (cost=0.00..67604.59 rows=91027 width=4) (actual time=0.017..1051.861 rows=89272 loops=1)
              Filter: (production_year < 1921)
              Rows Removed by Filter: 2439040
Planning time: 10.005 ms
Execution time: 2354.525 ms
