Seq Scan on cast_info ci  (cost=0.00..705507.15 rows=30529990 width=0) (actual time=552.429..13761.633 rows=30629222 loops=1)
  Filter: (person_id > 542568)
  Rows Removed by Filter: 5615122
Planning time: 0.584 ms
Execution time: 17607.879 ms
