Nested Loop  (cost=32749.09..830696.53 rows=24 width=0) (actual time=14786.434..14788.477 rows=1 loops=1)
  Join Filter: (ci.movie_id = t.id)
  ->  Hash Join  (cost=32748.66..830646.36 rows=59 width=8) (actual time=14786.293..14788.334 rows=1 loops=1)
        Hash Cond: (ci.movie_id = mi_idx.movie_id)
        ->  Seq Scan on cast_info ci  (cost=0.00..796071.18 rows=131 width=4) (actual time=13257.540..13936.974 rows=1 loops=1)
              Filter: ((role_id > 4) AND (person_id = 2495352))
              Rows Removed by Filter: 36244343
        ->  Hash  (cost=25185.44..25185.44 rows=460978 width=4) (actual time=836.660..836.660 rows=459925 loops=1)
              Buckets: 131072  Batches: 8  Memory Usage: 3050kB
              ->  Seq Scan on movie_info_idx mi_idx  (cost=0.00..25185.44 rows=460978 width=4) (actual time=0.036..467.362 rows=459925 loops=1)
                    Filter: (info_type_id = 99)
                    Rows Removed by Filter: 920110
  ->  Index Only Scan using title_pkey on title t  (cost=0.43..0.84 rows=1 width=4) (actual time=0.094..0.095 rows=1 loops=1)
        Index Cond: (id = mi_idx.movie_id)
        Heap Fetches: 1
Planning time: 1.139 ms
Execution time: 14788.566 ms
