Seq Scan on movie_keyword mk  (cost=0.00..81003.12 rows=4498092 width=0) (actual time=0.024..1393.808 rows=4501562 loops=1)
  Filter: (keyword_id < 115609)
  Rows Removed by Filter: 22368
Planning time: 0.305 ms
Execution time: 1908.340 ms
