Seq Scan on movie_keyword mk  (cost=0.00..81003.12 rows=246 width=0) (actual time=11.525..1205.957 rows=1887 loops=1)
  Filter: (keyword_id = 7121)
  Rows Removed by Filter: 4522043
Planning time: 0.238 ms
Execution time: 1206.601 ms
