Nested Loop  (cost=0.43..83072.29 rows=96 width=0) (actual time=0.165..1263.434 rows=1127 loops=1)
  ->  Seq Scan on movie_keyword mk  (cost=0.00..81003.12 rows=246 width=4) (actual time=0.118..1223.158 rows=1146 loops=1)
        Filter: (keyword_id = 1095)
        Rows Removed by Filter: 4522784
  ->  Index Scan using title_pkey on title t  (cost=0.43..8.40 rows=1 width=4) (actual time=0.033..0.034 rows=1 loops=1146)
        Index Cond: (id = mk.movie_id)
        Filter: (kind_id < 7)
        Rows Removed by Filter: 0
Planning time: 0.764 ms
Execution time: 1263.997 ms
