Hash Join  (cost=206231.74..252175.39 rows=480917 width=0) (actual time=4734.508..6431.945 rows=1418757 loops=1)
  Hash Cond: (mi_idx.movie_id = t.id)
  ->  Seq Scan on movie_info_idx mi_idx  (cost=0.00..21735.35 rows=1380035 width=4) (actual time=0.020..521.621 rows=1380035 loops=1)
  ->  Hash  (cost=191775.42..191775.42 rows=881146 width=8) (actual time=4733.670..4733.670 rows=1078882 loops=1)
        Buckets: 131072  Batches: 16  Memory Usage: 3654kB
        ->  Hash Join  (cost=102767.86..191775.42 rows=881146 width=8) (actual time=2116.146..4424.891 rows=1078882 loops=1)
              Hash Cond: (mc.movie_id = t.id)
              ->  Seq Scan on movie_companies mc  (cost=0.00..57926.93 rows=881146 width=4) (actual time=108.056..1143.844 rows=1078882 loops=1)
                    Filter: ((company_id > 2561) AND (company_type_id > 1))
                    Rows Removed by Filter: 1530247
              ->  Hash  (cost=61283.27..61283.27 rows=2528527 width=4) (actual time=2006.532..2006.532 rows=2528312 loops=1)
                    Buckets: 131072  Batches: 64  Memory Usage: 2415kB
                    ->  Seq Scan on title t  (cost=0.00..61283.27 rows=2528527 width=4) (actual time=0.019..1162.930 rows=2528312 loops=1)
Planning time: 2.604 ms
Execution time: 6550.415 ms
