Seq Scan on movie_keyword mk  (cost=0.00..81003.12 rows=2786135 width=0) (actual time=0.024..1513.040 rows=2775257 loops=1)
  Filter: (keyword_id < 7986)
  Rows Removed by Filter: 1748673
Planning time: 0.298 ms
Execution time: 1881.782 ms
