Hash Join  (cost=190230.21..301288.80 rows=790860 width=0) (actual time=4652.560..7941.562 rows=3307271 loops=1)
  Hash Cond: (mk.movie_id = t.id)
  ->  Seq Scan on movie_keyword mk  (cost=0.00..81003.12 rows=1449030 width=4) (actual time=0.027..1495.846 rows=1464736 loops=1)
        Filter: (keyword_id < 2085)
        Rows Removed by Filter: 3059194
  ->  Hash  (cost=167588.78..167588.78 rows=1380035 width=8) (actual time=4651.739..4651.739 rows=1380035 loops=1)
        Buckets: 131072  Batches: 32  Memory Usage: 2726kB
        ->  Hash Join  (cost=102767.86..167588.78 rows=1380035 width=8) (actual time=2343.716..4260.281 rows=1380035 loops=1)
              Hash Cond: (mi_idx.movie_id = t.id)
              ->  Seq Scan on movie_info_idx mi_idx  (cost=0.00..21735.35 rows=1380035 width=4) (actual time=0.024..430.993 rows=1380035 loops=1)
              ->  Hash  (cost=61283.27..61283.27 rows=2528527 width=4) (actual time=2341.842..2341.842 rows=2528312 loops=1)
                    Buckets: 131072  Batches: 64  Memory Usage: 2415kB
                    ->  Seq Scan on title t  (cost=0.00..61283.27 rows=2528527 width=4) (actual time=0.013..1136.081 rows=2528312 loops=1)
Planning time: 7.589 ms
Execution time: 8349.231 ms
