Hash Join  (cost=74235.99..134651.20 rows=6344 width=0) (actual time=1654.389..2464.306 rows=3158 loops=1)
  Hash Cond: (mc.movie_id = t.id)
  ->  Seq Scan on movie_companies mc  (cost=0.00..57926.93 rows=646621 width=4) (actual time=449.977..1052.232 rows=899316 loops=1)
        Filter: ((company_id > 11388) AND (company_type_id > 1))
        Rows Removed by Filter: 1709813
  ->  Hash  (cost=73925.90..73925.90 rows=24807 width=4) (actual time=1201.799..1201.799 rows=25986 loops=1)
        Buckets: 32768  Batches: 1  Memory Usage: 1170kB
        ->  Seq Scan on title t  (cost=0.00..73925.90 rows=24807 width=4) (actual time=0.038..1190.433 rows=25986 loops=1)
              Filter: ((kind_id = 7) AND (production_year = 1997))
              Rows Removed by Filter: 2502326
Planning time: 0.788 ms
Execution time: 2464.832 ms
