Seq Scan on cast_info ci  (cost=0.00..796071.18 rows=12494513 width=0) (actual time=0.024..13724.419 rows=6485051 loops=1)
  Filter: ((person_id < 1914164) AND (role_id > 1))
  Rows Removed by Filter: 29759293
Planning time: 0.327 ms
Execution time: 14558.261 ms
