Seq Scan on movie_keyword mk  (cost=0.00..81003.12 rows=3480387 width=0) (actual time=0.024..1446.584 rows=3470200 loops=1)
  Filter: (keyword_id < 16787)
  Rows Removed by Filter: 1053730
Planning time: 0.302 ms
Execution time: 1875.892 ms
