Seq Scan on movie_keyword mk  (cost=0.00..81003.12 rows=364470 width=0) (actual time=0.009..1353.931 rows=360426 loops=1)
  Filter: (keyword_id > 46219)
  Rows Removed by Filter: 4163504
Planning time: 0.281 ms
Execution time: 1402.885 ms
