Seq Scan on cast_info ci  (cost=0.00..796071.18 rows=18875976 width=0) (actual time=0.022..15985.174 rows=23075524 loops=1)
  Filter: ((person_id < 2900462) AND (role_id < 4))
  Rows Removed by Filter: 13168820
Planning time: 0.376 ms
Execution time: 18754.948 ms
