Nested Loop  (cost=0.43..799703.28 rows=136 width=0) (actual time=5533.277..14606.368 rows=23 loops=1)
  ->  Seq Scan on cast_info ci  (cost=0.00..796071.18 rows=435 width=4) (actual time=5533.208..14605.661 rows=30 loops=1)
        Filter: ((role_id < 10) AND (person_id = 2958779))
        Rows Removed by Filter: 36244314
  ->  Index Scan using title_pkey on title t  (cost=0.43..8.34 rows=1 width=4) (actual time=0.021..0.021 rows=1 loops=30)
        Index Cond: (id = ci.movie_id)
        Filter: (production_year > 2007)
        Rows Removed by Filter: 0
Planning time: 0.787 ms
Execution time: 14606.473 ms
