Seq Scan on title t  (cost=0.00..73925.90 rows=435473 width=0) (actual time=0.024..1216.138 rows=293372 loops=1)
  Filter: ((kind_id > 1) AND (production_year < 1985))
  Rows Removed by Filter: 2234940
Planning time: 0.311 ms
Execution time: 1258.265 ms
