Hash Join  (cost=70716.09..562317.39 rows=1105437 width=0) (actual time=1129.827..14662.871 rows=2132467 loops=1)
  Hash Cond: (mi.movie_id = t.id)
  ->  Seq Scan on movie_info mi  (cost=0.00..309384.22 rows=14739122 width=4) (actual time=0.010..6223.989 rows=14835720 loops=1)
  ->  Hash  (cost=67604.59..67604.59 rows=189640 width=4) (actual time=1128.995..1128.995 rows=187790 loops=1)
        Buckets: 131072  Batches: 4  Memory Usage: 2679kB
        ->  Seq Scan on title t  (cost=0.00..67604.59 rows=189640 width=4) (actual time=0.026..1062.879 rows=187790 loops=1)
              Filter: (production_year < 1954)
              Rows Removed by Filter: 2340522
Planning time: 0.769 ms
Execution time: 14918.656 ms
