Seq Scan on movie_companies mc  (cost=0.00..51404.11 rows=104 width=0) (actual time=405.359..612.127 rows=6 loops=1)
  Filter: (company_id = 115556)
  Rows Removed by Filter: 2609123
Planning time: 0.384 ms
Execution time: 612.206 ms
