Nested Loop  (cost=0.43..709673.15 rows=380 width=0) (actual time=5226.269..10587.766 rows=130 loops=1)
  ->  Seq Scan on cast_info ci  (cost=0.00..705507.15 rows=500 width=4) (actual time=5226.205..10586.664 rows=130 loops=1)
        Filter: (person_id = 2033433)
        Rows Removed by Filter: 36244214
  ->  Index Scan using title_pkey on title t  (cost=0.43..8.32 rows=1 width=4) (actual time=0.008..0.008 rows=1 loops=130)
        Index Cond: (id = ci.movie_id)
        Filter: (production_year < 2010)
Planning time: 0.796 ms
Execution time: 10587.894 ms
