Seq Scan on movie_companies mc  (cost=0.00..57926.93 rows=718487 width=0) (actual time=0.015..869.333 rows=450503 loops=1)
  Filter: ((company_id < 12193) AND (company_type_id > 1))
  Rows Removed by Filter: 2158626
Planning time: 0.323 ms
Execution time: 921.514 ms
