Hash Join  (cost=93117.31..230450.23 rows=1629809 width=0) (actual time=1787.352..5654.017 rows=1995144 loops=1)
  Hash Cond: (mk.movie_id = t.id)
  ->  Seq Scan on movie_keyword mk  (cost=0.00..81003.12 rows=2650141 width=4) (actual time=0.017..1632.751 rows=2639405 loops=1)
        Filter: (keyword_id > 3219)
        Rows Removed by Filter: 1884525
  ->  Hash  (cost=67604.59..67604.59 rows=1555018 width=4) (actual time=1786.138..1786.138 rows=1551727 loops=1)
        Buckets: 131072  Batches: 32  Memory Usage: 2736kB
        ->  Seq Scan on title t  (cost=0.00..67604.59 rows=1555018 width=4) (actual time=0.024..1261.802 rows=1551727 loops=1)
              Filter: (production_year < 2007)
              Rows Removed by Filter: 976585
Planning time: 0.763 ms
Execution time: 5876.209 ms
