Hash Join  (cost=67697.55..830429.03 rows=44533 width=0) (actual time=1116.903..15724.053 rows=14842 loops=1)
  Hash Cond: (ci.movie_id = t.id)
  ->  Seq Scan on cast_info ci  (cost=0.00..705507.15 rows=15141066 width=4) (actual time=0.018..11783.871 rows=15017013 loops=1)
        Filter: (person_id < 1482001)
        Rows Removed by Filter: 21227331
  ->  Hash  (cost=67604.59..67604.59 rows=7437 width=4) (actual time=1107.496..1107.496 rows=4012 loops=1)
        Buckets: 8192  Batches: 1  Memory Usage: 206kB
        ->  Seq Scan on title t  (cost=0.00..67604.59 rows=7437 width=4) (actual time=346.673..1105.688 rows=4012 loops=1)
              Filter: (production_year = 1920)
              Rows Removed by Filter: 2524300
Planning time: 4.849 ms
Execution time: 15727.371 ms
