Hash Join  (cost=102767.86..1194804.18 rows=15652995 width=0) (actual time=1924.951..28030.554 rows=15536929 loops=1)
  Hash Cond: (ci.movie_id = t.id)
  ->  Seq Scan on cast_info ci  (cost=0.00..705507.15 rows=15652995 width=4) (actual time=0.020..13653.999 rows=15536929 loops=1)
        Filter: (person_id < 1532860)
        Rows Removed by Filter: 20707415
  ->  Hash  (cost=61283.27..61283.27 rows=2528527 width=4) (actual time=1923.669..1923.669 rows=2528312 loops=1)
        Buckets: 131072  Batches: 64  Memory Usage: 2415kB
        ->  Seq Scan on title t  (cost=0.00..61283.27 rows=2528527 width=4) (actual time=0.021..1084.120 rows=2528312 loops=1)
Planning time: 0.744 ms
Execution time: 29695.120 ms
