Seq Scan on cast_info ci  (cost=0.00..796071.18 rows=10408333 width=0) (actual time=4132.690..16023.839 rows=12670688 loops=1)
  Filter: ((person_id < 2991709) AND (role_id < 2))
  Rows Removed by Filter: 23573656
Planning time: 0.347 ms
Execution time: 17600.998 ms
