Hash Join  (cost=102767.86..222740.08 rows=2439022 width=0) (actual time=1848.221..5468.197 rows=2439857 loops=1)
  Hash Cond: (mc.movie_id = t.id)
  ->  Seq Scan on movie_companies mc  (cost=0.00..51404.11 rows=2439022 width=4) (actual time=0.013..1010.361 rows=2439857 loops=1)
        Filter: (company_id < 124161)
        Rows Removed by Filter: 169272
  ->  Hash  (cost=61283.27..61283.27 rows=2528527 width=4) (actual time=1847.340..1847.340 rows=2528312 loops=1)
        Buckets: 131072  Batches: 64  Memory Usage: 2415kB
        ->  Seq Scan on title t  (cost=0.00..61283.27 rows=2528527 width=4) (actual time=0.021..983.267 rows=2528312 loops=1)
Planning time: 0.722 ms
Execution time: 5711.557 ms
