Hash Join  (cost=73953.78..825062.44 rows=31949 width=0) (actual time=1096.742..17470.122 rows=74307 loops=1)
  Hash Cond: (ci.movie_id = t.id)
  ->  Seq Scan on cast_info ci  (cost=0.00..614943.12 rows=36225612 width=4) (actual time=0.026..8575.111 rows=36244344 loops=1)
  ->  Hash  (cost=73925.90..73925.90 rows=2230 width=4) (actual time=1096.667..1096.667 rows=5089 loops=1)
        Buckets: 8192 (originally 4096)  Batches: 1 (originally 1)  Memory Usage: 243kB
        ->  Seq Scan on title t  (cost=0.00..73925.90 rows=2230 width=4) (actual time=0.045..1094.158 rows=5089 loops=1)
              Filter: ((kind_id < 3) AND (production_year = 1968))
              Rows Removed by Filter: 2523223
Planning time: 0.770 ms
Execution time: 17486.557 ms
