Hash Join  (cost=102767.86..197426.43 rows=1115916 width=0) (actual time=2315.156..4643.684 rows=1236178 loops=1)
  Hash Cond: (mc.movie_id = t.id)
  ->  Seq Scan on movie_companies mc  (cost=0.00..57926.93 rows=1115916 width=4) (actual time=286.211..1206.436 rows=1236178 loops=1)
        Filter: ((company_id > 294) AND (company_type_id = 2))
        Rows Removed by Filter: 1372951
  ->  Hash  (cost=61283.27..61283.27 rows=2528527 width=4) (actual time=2027.583..2027.583 rows=2528312 loops=1)
        Buckets: 131072  Batches: 64  Memory Usage: 2415kB
        ->  Seq Scan on title t  (cost=0.00..61283.27 rows=2528527 width=4) (actual time=0.025..1190.527 rows=2528312 loops=1)
Planning time: 0.707 ms
Execution time: 4784.355 ms
