Hash Join  (cost=125639.46..881521.07 rows=509245 width=0) (actual time=2379.047..21401.991 rows=947841 loops=1)
  Hash Cond: (ci.movie_id = t.id)
  ->  Seq Scan on cast_info ci  (cost=0.00..614943.12 rows=36225612 width=4) (actual time=0.024..8753.683 rows=36244344 loops=1)
  ->  Hash  (cost=125195.14..125195.14 rows=35545 width=8) (actual time=2378.383..2378.383 rows=32554 loops=1)
        Buckets: 65536  Batches: 1  Memory Usage: 1784kB
        ->  Hash Join  (cost=68449.54..125195.14 rows=35545 width=8) (actual time=1496.297..2365.405 rows=32554 loops=1)
              Hash Cond: (mc.movie_id = t.id)
              ->  Seq Scan on movie_companies mc  (cost=0.00..51404.11 rows=1329612 width=4) (actual time=467.058..997.573 rows=1334883 loops=1)
                    Filter: (company_type_id > 1)
                    Rows Removed by Filter: 1274246
              ->  Hash  (cost=67604.59..67604.59 rows=67596 width=4) (actual time=1028.424..1028.424 rows=67777 loops=1)
                    Buckets: 131072  Batches: 1  Memory Usage: 3407kB
                    ->  Seq Scan on title t  (cost=0.00..67604.59 rows=67596 width=4) (actual time=0.037..997.410 rows=67777 loops=1)
                          Filter: (production_year = 2003)
                          Rows Removed by Filter: 2460535
Planning time: 2.651 ms
Execution time: 21536.071 ms
