Hash Join  (cost=152266.58..276865.17 rows=213055 width=0) (actual time=3785.883..5243.882 rows=116665 loops=1)
  Hash Cond: (mk.movie_id = t.id)
  ->  Seq Scan on movie_keyword mk  (cost=0.00..69693.30 rows=4523930 width=4) (actual time=0.021..1477.168 rows=4523930 loops=1)
  ->  Hash  (cost=150312.07..150312.07 rows=119081 width=8) (actual time=2465.885..2465.885 rows=11438 loops=1)
        Buckets: 131072  Batches: 2  Memory Usage: 1256kB
        ->  Hash Join  (cost=83810.17..150312.07 rows=119081 width=8) (actual time=2151.733..2461.015 rows=11438 loops=1)
              Hash Cond: (mc.movie_id = t.id)
              ->  Seq Scan on movie_companies mc  (cost=0.00..57926.93 rows=304840 width=4) (actual time=719.100..877.674 rows=11438 loops=1)
                    Filter: ((company_id > 60888) AND (company_type_id < 2))
                    Rows Removed by Filter: 2597691
              ->  Hash  (cost=67604.59..67604.59 rows=987727 width=4) (actual time=1431.810..1431.810 rows=985048 loops=1)
                    Buckets: 131072  Batches: 16  Memory Usage: 3188kB
                    ->  Seq Scan on title t  (cost=0.00..67604.59 rows=987727 width=4) (actual time=0.031..1124.377 rows=985048 loops=1)
                          Filter: (kind_id < 7)
                          Rows Removed by Filter: 1543264
Planning time: 4.019 ms
Execution time: 5257.465 ms
