Nested Loop  (cost=0.43..72413.53 rows=2696 width=0) (actual time=13.319..888.790 rows=2381 loops=1)
  ->  Seq Scan on movie_companies mc  (cost=0.00..51404.11 rows=2696 width=4) (actual time=13.249..815.539 rows=2381 loops=1)
        Filter: (company_id = 774)
        Rows Removed by Filter: 2606748
  ->  Index Only Scan using title_pkey on title t  (cost=0.43..7.78 rows=1 width=4) (actual time=0.030..0.030 rows=1 loops=2381)
        Index Cond: (id = mc.movie_id)
        Heap Fetches: 2381
Planning time: 0.822 ms
Execution time: 889.539 ms
