Hash Join  (cost=77761.90..160119.98 rows=3262 width=0) (actual time=1476.110..2806.265 rows=18123 loops=1)
  Hash Cond: (mk.movie_id = t.id)
  ->  Seq Scan on movie_keyword mk  (cost=0.00..81003.12 rows=35287 width=4) (actual time=0.048..1213.601 rows=29440 loops=1)
        Filter: (keyword_id = 359)
        Rows Removed by Filter: 4494490
  ->  Hash  (cost=73925.90..73925.90 rows=233760 width=4) (actual time=1475.065..1475.065 rows=353075 loops=1)
        Buckets: 131072 (originally 131072)  Batches: 8 (originally 4)  Memory Usage: 3073kB
        ->  Seq Scan on title t  (cost=0.00..73925.90 rows=233760 width=4) (actual time=0.015..1354.565 rows=353075 loops=1)
              Filter: ((production_year < 1997) AND (kind_id = 1))
              Rows Removed by Filter: 2175237
Planning time: 0.634 ms
Execution time: 2809.254 ms
