Hash Join  (cost=432101.15..1187190.36 rows=430007 width=0) (actual time=6835.839..24738.045 rows=402149 loops=1)
  Hash Cond: (ci.movie_id = t.id)
  ->  Seq Scan on cast_info ci  (cost=0.00..614943.12 rows=36225612 width=4) (actual time=0.016..8947.827 rows=36244344 loops=1)
  ->  Hash  (cost=431725.98..431725.98 rows=30014 width=8) (actual time=6835.455..6835.455 rows=17376 loops=1)
        Buckets: 32768  Batches: 1  Memory Usage: 935kB
        ->  Hash Join  (cost=75464.55..431725.98 rows=30014 width=8) (actual time=5841.952..6828.107 rows=17376 loops=1)
              Hash Cond: (mi.movie_id = t.id)
              ->  Seq Scan on movie_info mi  (cost=0.00..346232.03 rows=809669 width=4) (actual time=4632.792..5273.030 rows=802140 loops=1)
                    Filter: (info_type_id = 1)
                    Rows Removed by Filter: 14033580
              ->  Hash  (cost=73925.90..73925.90 rows=93732 width=4) (actual time=1208.309..1208.309 rows=100592 loops=1)
                    Buckets: 131072  Batches: 2  Memory Usage: 2797kB
                    ->  Seq Scan on title t  (cost=0.00..73925.90 rows=93732 width=4) (actual time=0.032..1168.909 rows=100592 loops=1)
                          Filter: ((kind_id > 1) AND (production_year = 2009))
                          Rows Removed by Filter: 2427720
Planning time: 0.993 ms
Execution time: 24800.038 ms
