Seq Scan on movie_keyword mk  (cost=0.00..81003.12 rows=2857510 width=0) (actual time=0.022..1555.230 rows=2845258 loops=1)
  Filter: (keyword_id > 2585)
  Rows Removed by Filter: 1678672
Planning time: 0.292 ms
Execution time: 1896.379 ms
