Hash Join  (cost=74103.28..101091.21 rows=7745 width=0) (actual time=1173.007..1839.745 rows=16145 loops=1)
  Hash Cond: (mi_idx.movie_id = t.id)
  ->  Seq Scan on movie_info_idx mi_idx  (cost=0.00..21735.35 rows=1380035 width=4) (actual time=0.015..351.316 rows=1380035 loops=1)
  ->  Hash  (cost=73925.90..73925.90 rows=14190 width=4) (actual time=1172.620..1172.620 rows=12208 loops=1)
        Buckets: 16384  Batches: 1  Memory Usage: 558kB
        ->  Seq Scan on title t  (cost=0.00..73925.90 rows=14190 width=4) (actual time=0.279..1166.914 rows=12208 loops=1)
              Filter: ((kind_id < 7) AND (production_year = 1996))
              Rows Removed by Filter: 2516104
Planning time: 0.759 ms
Execution time: 1842.272 ms
