Hash Join  (cost=83030.92..1198510.04 rows=7950796 width=0) (actual time=1550.762..36091.296 rows=9610842 loops=1)
  Hash Cond: (ci.movie_id = t.id)
  ->  Seq Scan on cast_info ci  (cost=0.00..614943.12 rows=36225612 width=4) (actual time=0.014..13111.952 rows=36244344 loops=1)
  ->  Hash  (cost=73925.90..73925.90 rows=554961 width=4) (actual time=1549.612..1549.612 rows=605090 loops=1)
        Buckets: 131072  Batches: 8  Memory Usage: 3684kB
        ->  Seq Scan on title t  (cost=0.00..73925.90 rows=554961 width=4) (actual time=0.021..1349.693 rows=605090 loops=1)
              Filter: ((kind_id > 4) AND (production_year > 2006))
              Rows Removed by Filter: 1923222
Planning time: 0.519 ms
Execution time: 37168.179 ms
