Hash Join  (cost=74124.68..133582.80 rows=13284 width=0) (actual time=1135.588..2489.433 rows=23508 loops=1)
  Hash Cond: (mc.movie_id = t.id)
  ->  Seq Scan on movie_companies mc  (cost=0.00..51404.11 rows=2112311 width=4) (actual time=0.024..918.782 rows=2114217 loops=1)
        Filter: (company_id > 436)
        Rows Removed by Filter: 494912
  ->  Hash  (cost=73925.90..73925.90 rows=15902 width=4) (actual time=1135.411..1135.411 rows=12969 loops=1)
        Buckets: 16384  Batches: 1  Memory Usage: 584kB
        ->  Seq Scan on title t  (cost=0.00..73925.90 rows=15902 width=4) (actual time=1.285..1129.446 rows=12969 loops=1)
              Filter: ((kind_id < 7) AND (production_year = 1997))
              Rows Removed by Filter: 2515343
Planning time: 8.636 ms
Execution time: 2493.315 ms
