Seq Scan on movie_keyword mk  (cost=0.00..81003.12 rows=246 width=0) (actual time=3.135..1244.597 rows=200 loops=1)
  Filter: (keyword_id = 9035)
  Rows Removed by Filter: 4523730
Planning time: 0.345 ms
Execution time: 1244.814 ms
