Hash Join  (cost=91879.05..499973.05 rows=1568313 width=0) (actual time=3356.407..9764.562 rows=442050 loops=1)
  Hash Cond: (mi.movie_id = t.id)
  ->  Seq Scan on movie_info mi  (cost=0.00..346232.03 rows=3623957 width=4) (actual time=1575.831..5658.854 rows=3624977 loops=1)
        Filter: (info_type_id < 4)
        Rows Removed by Filter: 11210743
  ->  Hash  (cost=73925.90..73925.90 rows=1094252 width=4) (actual time=1779.390..1779.390 rows=1044222 loops=1)
        Buckets: 131072  Batches: 16  Memory Usage: 3325kB
        ->  Seq Scan on title t  (cost=0.00..73925.90 rows=1094252 width=4) (actual time=103.811..1450.140 rows=1044222 loops=1)
              Filter: ((production_year < 2009) AND (kind_id = 7))
              Rows Removed by Filter: 1484090
Planning time: 0.804 ms
Execution time: 9812.409 ms
