Nested Loop  (cost=0.43..709673.15 rows=408 width=0) (actual time=49.114..11134.343 rows=1378 loops=1)
  ->  Seq Scan on cast_info ci  (cost=0.00..705507.15 rows=500 width=4) (actual time=49.041..11103.735 rows=1562 loops=1)
        Filter: (person_id = 1554493)
        Rows Removed by Filter: 36242782
  ->  Index Scan using title_pkey on title t  (cost=0.43..8.32 rows=1 width=4) (actual time=0.019..0.019 rows=1 loops=1562)
        Index Cond: (id = ci.movie_id)
        Filter: (production_year < 2011)
        Rows Removed by Filter: 0
Planning time: 0.797 ms
Execution time: 11134.755 ms
