Seq Scan on movie_keyword mk  (cost=0.00..81003.12 rows=4462753 width=0) (actual time=0.018..1570.586 rows=4465801 loops=1)
  Filter: (keyword_id < 95903)
  Rows Removed by Filter: 58129
Planning time: 0.346 ms
Execution time: 2120.571 ms
