Hash Join  (cost=83072.34..109999.90 rows=1 width=0) (actual time=1279.854..1793.339 rows=4 loops=1)
  Hash Cond: (mi_idx.movie_id = t.id)
  ->  Seq Scan on movie_info_idx mi_idx  (cost=0.00..25185.44 rows=464566 width=4) (actual time=0.017..461.362 rows=459925 loops=1)
        Filter: (info_type_id = 101)
        Rows Removed by Filter: 920110
  ->  Hash  (cost=83072.29..83072.29 rows=4 width=8) (actual time=1270.416..1270.416 rows=4 loops=1)
        Buckets: 1024  Batches: 1  Memory Usage: 9kB
        ->  Nested Loop  (cost=0.43..83072.29 rows=4 width=8) (actual time=189.532..1270.395 rows=4 loops=1)
              ->  Seq Scan on movie_keyword mk  (cost=0.00..81003.12 rows=246 width=4) (actual time=3.950..1263.740 rows=233 loops=1)
                    Filter: (keyword_id = 5327)
                    Rows Removed by Filter: 4523697
              ->  Index Scan using title_pkey on title t  (cost=0.43..8.40 rows=1 width=4) (actual time=0.026..0.026 rows=0 loops=233)
                    Index Cond: (id = mk.movie_id)
                    Filter: (production_year = 1997)
                    Rows Removed by Filter: 1
Planning time: 1.175 ms
Execution time: 1793.467 ms
