Hash Join  (cost=102767.86..193072.93 rows=935024 width=0) (actual time=2529.092..4872.915 rows=1237979 loops=1)
  Hash Cond: (mc.movie_id = t.id)
  ->  Seq Scan on movie_companies mc  (cost=0.00..57926.93 rows=935024 width=4) (actual time=177.209..1216.280 rows=1237979 loops=1)
        Filter: ((company_id < 44283) AND (company_type_id = 1))
        Rows Removed by Filter: 1371150
  ->  Hash  (cost=61283.27..61283.27 rows=2528527 width=4) (actual time=2350.575..2350.575 rows=2528312 loops=1)
        Buckets: 131072  Batches: 64  Memory Usage: 2415kB
        ->  Seq Scan on title t  (cost=0.00..61283.27 rows=2528527 width=4) (actual time=0.022..1242.038 rows=2528312 loops=1)
Planning time: 0.720 ms
Execution time: 5008.032 ms
