Hash Join  (cost=298883.34..1792410.94 rows=35936137 width=0) (actual time=7279.463..42931.489 rows=20433365 loops=1)
  Hash Cond: (ci.movie_id = t.id)
  ->  Seq Scan on cast_info ci  (cost=0.00..614943.12 rows=36225612 width=4) (actual time=0.023..13779.033 rows=36244344 loops=1)
  ->  Hash  (cost=257730.32..257730.32 rows=2508322 width=8) (actual time=7277.795..7277.795 rows=602250 loops=1)
        Buckets: 131072  Batches: 64  Memory Usage: 1377kB
        ->  Hash Join  (cost=92883.59..257730.32 rows=2508322 width=8) (actual time=4765.721..6365.952 rows=602250 loops=1)
              Hash Cond: (mk.movie_id = t.id)
              ->  Seq Scan on movie_keyword mk  (cost=0.00..81003.12 rows=4116277 width=4) (actual time=0.025..1726.455 rows=4121504 loops=1)
                    Filter: (keyword_id < 43117)
                    Rows Removed by Filter: 402426
              ->  Hash  (cost=67604.59..67604.59 rows=1540800 width=4) (actual time=2388.273..2388.273 rows=1543264 loops=1)
                    Buckets: 131072  Batches: 32  Memory Usage: 2728kB
                    ->  Seq Scan on title t  (cost=0.00..67604.59 rows=1540800 width=4) (actual time=0.019..1224.051 rows=1543264 loops=1)
                          Filter: (kind_id = 7)
                          Rows Removed by Filter: 985048
Planning time: 0.948 ms
Execution time: 45198.591 ms
