Hash Join  (cost=207379.67..765998.29 rows=7386270 width=0) (actual time=4590.833..21159.264 rows=10424107 loops=1)
  Hash Cond: (mi.movie_id = t.id)
  ->  Seq Scan on movie_info mi  (cost=0.00..309384.22 rows=14739122 width=4) (actual time=0.010..6348.386 rows=14835720 loops=1)
  ->  Hash  (cost=186590.54..186590.54 rows=1267130 width=8) (actual time=4587.721..4587.721 rows=928706 loops=1)
        Buckets: 131072  Batches: 32  Memory Usage: 2148kB
        ->  Hash Join  (cost=94072.72..186590.54 rows=1267130 width=8) (actual time=1778.800..4305.934 rows=928706 loops=1)
              Hash Cond: (mc.movie_id = t.id)
              ->  Seq Scan on movie_companies mc  (cost=0.00..44881.29 rows=2609129 width=4) (actual time=0.015..856.233 rows=2609129 loops=1)
              ->  Hash  (cost=73925.90..73925.90 rows=1227985 width=4) (actual time=1777.579..1777.579 rows=1197374 loops=1)
                    Buckets: 131072  Batches: 32  Memory Usage: 2340kB
                    ->  Seq Scan on title t  (cost=0.00..73925.90 rows=1227985 width=4) (actual time=0.027..1397.455 rows=1197374 loops=1)
                          Filter: ((kind_id > 1) AND (production_year < 2008))
                          Rows Removed by Filter: 1330938
Planning time: 1.143 ms
Execution time: 22248.108 ms
