Hash Join  (cost=950778.00..1040612.22 rows=1072469 width=0) (actual time=14577.892..17314.043 rows=1526310 loops=1)
  Hash Cond: (mc.movie_id = t.id)
  ->  Seq Scan on movie_companies mc  (cost=0.00..44881.29 rows=2609129 width=4) (actual time=0.015..960.250 rows=2609129 loops=1)
  ->  Hash  (cost=933726.28..933726.28 rows=1039338 width=8) (actual time=14577.012..14577.012 rows=649041 loops=1)
        Buckets: 131072  Batches: 16  Memory Usage: 2596kB
        ->  Hash Join  (cost=102767.86..933726.28 rows=1039338 width=8) (actual time=7458.382..14382.885 rows=649041 loops=1)
              Hash Cond: (ci.movie_id = t.id)
              ->  Seq Scan on cast_info ci  (cost=0.00..796071.18 rows=1039338 width=4) (actual time=5453.709..11420.561 rows=649041 loops=1)
                    Filter: ((person_id < 221110) AND (role_id > 2))
                    Rows Removed by Filter: 35595303
              ->  Hash  (cost=61283.27..61283.27 rows=2528527 width=4) (actual time=2003.564..2003.564 rows=2528312 loops=1)
                    Buckets: 131072  Batches: 64  Memory Usage: 2415kB
                    ->  Seq Scan on title t  (cost=0.00..61283.27 rows=2528527 width=4) (actual time=0.023..1149.865 rows=2528312 loops=1)
Planning time: 1.191 ms
Execution time: 17499.726 ms
