Hash Join  (cost=96868.33..924538.18 rows=845589 width=0) (actual time=9789.294..16075.737 rows=1594924 loops=1)
  Hash Cond: (ci.movie_id = t.id)
  ->  Seq Scan on cast_info ci  (cost=0.00..796071.18 rows=1529008 width=4) (actual time=8251.454..12794.425 rows=2471831 loops=1)
        Filter: ((person_id > 2263454) AND (role_id = 3))
        Rows Removed by Filter: 33772513
  ->  Hash  (cost=73925.90..73925.90 rows=1398354 width=4) (actual time=1535.972..1535.972 rows=1476979 loops=1)
        Buckets: 131072  Batches: 32  Memory Usage: 2647kB
        ->  Seq Scan on title t  (cost=0.00..73925.90 rows=1398354 width=4) (actual time=0.050..1143.969 rows=1476979 loops=1)
              Filter: ((kind_id > 4) AND (production_year > 1953))
              Rows Removed by Filter: 1051333
Planning time: 0.792 ms
Execution time: 16226.843 ms
