Seq Scan on movie_keyword mk  (cost=0.00..81003.12 rows=2507630 width=0) (actual time=0.013..1495.979 rows=2502477 loops=1)
  Filter: (keyword_id < 6122)
  Rows Removed by Filter: 2021453
Planning time: 0.314 ms
Execution time: 1812.974 ms
