Seq Scan on movie_companies mc  (cost=0.00..51404.11 rows=360463 width=0) (actual time=0.027..841.649 rows=356356 loops=1)
  Filter: (company_id < 180)
  Rows Removed by Filter: 2252773
Planning time: 0.385 ms
Execution time: 885.278 ms
