Hash Join  (cost=102767.86..1609856.75 rows=32901892 width=0) (actual time=1915.785..46937.114 rows=33038387 loops=1)
  Hash Cond: (ci.movie_id = t.id)
  ->  Seq Scan on cast_info ci  (cost=0.00..705507.15 rows=32901892 width=4) (actual time=0.024..17322.251 rows=33038387 loops=1)
        Filter: (person_id > 310061)
        Rows Removed by Filter: 3205957
  ->  Hash  (cost=61283.27..61283.27 rows=2528527 width=4) (actual time=1914.528..1914.528 rows=2528312 loops=1)
        Buckets: 131072  Batches: 64  Memory Usage: 2415kB
        ->  Seq Scan on title t  (cost=0.00..61283.27 rows=2528527 width=4) (actual time=0.019..1089.099 rows=2528312 loops=1)
Planning time: 0.786 ms
Execution time: 50629.357 ms
