Hash Join  (cost=92735.26..896484.13 rows=2961668 width=0) (actual time=2229.885..18109.680 rows=2832018 loops=1)
  Hash Cond: (ci.movie_id = t.id)
  ->  Seq Scan on cast_info ci  (cost=0.00..705507.15 rows=4889007 width=4) (actual time=480.031..11705.606 rows=4773445 loops=1)
        Filter: (person_id < 463207)
        Rows Removed by Filter: 31470899
  ->  Hash  (cost=67604.59..67604.59 rows=1531734 width=4) (actual time=1686.255..1686.255 rows=1531613 loops=1)
        Buckets: 131072  Batches: 32  Memory Usage: 2708kB
        ->  Seq Scan on title t  (cost=0.00..67604.59 rows=1531734 width=4) (actual time=0.037..1200.573 rows=1531613 loops=1)
              Filter: (production_year > 1997)
              Rows Removed by Filter: 996699
Planning time: 0.746 ms
Execution time: 18431.003 ms
