Seq Scan on movie_companies mc  (cost=0.00..51404.11 rows=1602194 width=0) (actual time=0.039..1000.833 rows=1600173 loops=1)
  Filter: (company_id > 4937)
  Rows Removed by Filter: 1008956
Planning time: 0.328 ms
Execution time: 1205.593 ms
