Seq Scan on movie_companies mc  (cost=0.00..51404.11 rows=492702 width=0) (actual time=336.348..936.189 rows=494693 loops=1)
  Filter: (company_id > 74453)
  Rows Removed by Filter: 2114436
Planning time: 0.324 ms
Execution time: 997.242 ms
