Hash Join  (cost=67697.55..416393.61 rows=1918 width=0) (actual time=5265.123..5652.863 rows=5868 loops=1)
  Hash Cond: (mi.movie_id = t.id)
  ->  Seq Scan on movie_info mi  (cost=0.00..346232.03 rows=651960 width=4) (actual time=4156.561..4458.235 rows=660923 loops=1)
        Filter: (info_type_id = 18)
        Rows Removed by Filter: 14174797
  ->  Hash  (cost=67604.59..67604.59 rows=7437 width=4) (actual time=1108.397..1108.397 rows=19440 loops=1)
        Buckets: 32768 (originally 8192)  Batches: 1 (originally 1)  Memory Usage: 940kB
        ->  Seq Scan on title t  (cost=0.00..67604.59 rows=7437 width=4) (actual time=0.946..1099.159 rows=19440 loops=1)
              Filter: (production_year = 1986)
              Rows Removed by Filter: 2508872
Planning time: 0.552 ms
Execution time: 5653.855 ms
