Seq Scan on movie_keyword mk  (cost=0.00..81003.12 rows=2861170 width=0) (actual time=0.019..1573.960 rows=2846870 loops=1)
  Filter: (keyword_id > 2573)
  Rows Removed by Filter: 1677060
Planning time: 0.299 ms
Execution time: 1925.440 ms
