Hash Join  (cost=130022.30..218363.95 rows=30657 width=0) (actual time=3192.054..4338.652 rows=6938 loops=1)
  Hash Cond: (mk.movie_id = t.id)
  ->  Seq Scan on movie_keyword mk  (cost=0.00..81003.12 rows=1875188 width=4) (actual time=0.014..1499.146 rows=1886848 loops=1)
        Filter: (keyword_id < 3225)
        Rows Removed by Filter: 2637082
  ->  Hash  (cost=129505.57..129505.57 rows=41338 width=8) (actual time=2528.064..2528.064 rows=13309 loops=1)
        Buckets: 65536  Batches: 1  Memory Usage: 1032kB
        ->  Hash Join  (cost=74426.67..129505.57 rows=41338 width=8) (actual time=1556.588..2520.854 rows=13309 loops=1)
              Hash Cond: (mc.movie_id = t.id)
              ->  Seq Scan on movie_companies mc  (cost=0.00..44881.29 rows=2609129 width=4) (actual time=0.018..639.092 rows=2609129 loops=1)
              ->  Hash  (cost=73925.90..73925.90 rows=40061 width=4) (actual time=1220.069..1220.069 rows=40120 loops=1)
                    Buckets: 65536  Batches: 1  Memory Usage: 1923kB
                    ->  Seq Scan on title t  (cost=0.00..73925.90 rows=40061 width=4) (actual time=166.651..1203.330 rows=40120 loops=1)
                          Filter: ((kind_id = 7) AND (production_year = 2013))
                          Rows Removed by Filter: 2488192
Planning time: 1.072 ms
Execution time: 4339.885 ms
