Hash Join  (cost=130890.44..499418.02 rows=387165 width=0) (actual time=2566.006..11350.607 rows=1689913 loops=1)
  Hash Cond: (mi.movie_id = t.id)
  ->  Seq Scan on movie_info mi  (cost=0.00..309384.22 rows=14739122 width=4) (actual time=0.034..4505.932 rows=14835720 loops=1)
  ->  Hash  (cost=130060.21..130060.21 rows=66419 width=8) (actual time=2565.299..2565.299 rows=68954 loops=1)
        Buckets: 131072  Batches: 1  Memory Usage: 3718kB
        ->  Hash Join  (cost=74730.49..130060.21 rows=66419 width=8) (actual time=1163.651..2539.305 rows=68954 loops=1)
              Hash Cond: (mc.movie_id = t.id)
              ->  Seq Scan on movie_companies mc  (cost=0.00..44881.29 rows=2609129 width=4) (actual time=0.025..649.395 rows=2609129 loops=1)
              ->  Hash  (cost=73925.90..73925.90 rows=64367 width=4) (actual time=1162.637..1162.637 rows=53905 loops=1)
                    Buckets: 65536  Batches: 1  Memory Usage: 2408kB
                    ->  Seq Scan on title t  (cost=0.00..73925.90 rows=64367 width=4) (actual time=0.078..1141.197 rows=53905 loops=1)
                          Filter: ((kind_id < 7) AND (production_year = 2012))
                          Rows Removed by Filter: 2474407
Planning time: 1.189 ms
Execution time: 11566.929 ms
