Nested Loop  (cost=0.43..798385.45 rows=276 width=0) (actual time=10166.001..14625.283 rows=402 loops=1)
  ->  Seq Scan on cast_info ci  (cost=0.00..796071.18 rows=276 width=4) (actual time=10165.812..14603.714 rows=402 loops=1)
        Filter: ((role_id < 3) AND (person_id = 2581059))
        Rows Removed by Filter: 36243942
  ->  Index Only Scan using title_pkey on title t  (cost=0.43..8.38 rows=1 width=4) (actual time=0.052..0.053 rows=1 loops=402)
        Index Cond: (id = ci.movie_id)
        Heap Fetches: 402
Planning time: 0.749 ms
Execution time: 14625.466 ms
