Hash Join  (cost=102767.86..249117.38 rows=2305132 width=0) (actual time=1890.700..5716.962 rows=2308417 loops=1)
  Hash Cond: (mk.movie_id = t.id)
  ->  Seq Scan on movie_keyword mk  (cost=0.00..81003.12 rows=2305132 width=4) (actual time=0.014..1626.327 rows=2308417 loops=1)
        Filter: (keyword_id > 4507)
        Rows Removed by Filter: 2215513
  ->  Hash  (cost=61283.27..61283.27 rows=2528527 width=4) (actual time=1887.247..1887.247 rows=2528312 loops=1)
        Buckets: 131072  Batches: 64  Memory Usage: 2425kB
        ->  Seq Scan on title t  (cost=0.00..61283.27 rows=2528527 width=4) (actual time=0.023..1031.969 rows=2528312 loops=1)
Planning time: 0.699 ms
Execution time: 5996.888 ms
