Hash Join  (cost=88376.58..123939.43 rows=160575 width=0) (actual time=1620.183..2465.410 rows=82685 loops=1)
  Hash Cond: (mi_idx.movie_id = t.id)
  ->  Seq Scan on movie_info_idx mi_idx  (cost=0.00..25185.44 rows=460978 width=4) (actual time=0.026..443.093 rows=459925 loops=1)
        Filter: (info_type_id = 99)
        Rows Removed by Filter: 920110
  ->  Hash  (cost=73925.90..73925.90 rows=880774 width=4) (actual time=1618.537..1618.537 rows=963042 loops=1)
        Buckets: 131072  Batches: 16  Memory Usage: 3147kB
        ->  Seq Scan on title t  (cost=0.00..73925.90 rows=880774 width=4) (actual time=8.733..1307.845 rows=963042 loops=1)
              Filter: ((kind_id > 4) AND (production_year > 1999))
              Rows Removed by Filter: 1565270
Planning time: 0.795 ms
Execution time: 2475.660 ms
