Hash Join  (cost=88391.98..623037.57 rows=5139466 width=0) (actual time=1574.506..15565.787 rows=2528711 loops=1)
  Hash Cond: (mi.movie_id = t.id)
  ->  Seq Scan on movie_info mi  (cost=0.00..309384.22 rows=14739122 width=4) (actual time=0.012..6133.773 rows=14835720 loops=1)
  ->  Hash  (cost=73925.90..73925.90 rows=881686 width=4) (actual time=1514.375..1514.375 rows=801513 loops=1)
        Buckets: 131072  Batches: 16  Memory Usage: 2792kB
        ->  Seq Scan on title t  (cost=0.00..73925.90 rows=881686 width=4) (actual time=0.021..1272.452 rows=801513 loops=1)
              Filter: ((production_year < 2006) AND (kind_id = 7))
              Rows Removed by Filter: 1726799
Planning time: 0.779 ms
Execution time: 15873.764 ms
