Seq Scan on cast_info ci  (cost=0.00..796071.18 rows=64 width=0) (actual time=9917.635..12764.572 rows=36 loops=1)
  Filter: ((role_id > 9) AND (person_id = 3063239))
  Rows Removed by Filter: 36244308
Planning time: 0.379 ms
Execution time: 12764.664 ms
