Hash Join  (cost=215833.08..338485.35 rows=1115651 width=0) (actual time=5477.269..10908.239 rows=12172983 loops=1)
  Hash Cond: (mk.movie_id = t.id)
  ->  Seq Scan on movie_keyword mk  (cost=0.00..81003.12 rows=2204702 width=4) (actual time=0.014..1576.723 rows=2203646 loops=1)
        Filter: (keyword_id < 4436)
        Rows Removed by Filter: 2320284
  ->  Hash  (cost=194840.12..194840.12 rows=1279517 width=8) (actual time=5476.275..5476.275 rows=1274246 loops=1)
        Buckets: 131072  Batches: 32  Memory Usage: 2633kB
        ->  Hash Join  (cost=102767.86..194840.12 rows=1279517 width=8) (actual time=3009.953..5130.595 rows=1274246 loops=1)
              Hash Cond: (mc.movie_id = t.id)
              ->  Seq Scan on movie_companies mc  (cost=0.00..51404.11 rows=1279517 width=4) (actual time=332.143..1074.705 rows=1274246 loops=1)
                    Filter: (company_type_id = 1)
                    Rows Removed by Filter: 1334883
              ->  Hash  (cost=61283.27..61283.27 rows=2528527 width=4) (actual time=2676.473..2676.473 rows=2528312 loops=1)
                    Buckets: 131072  Batches: 64  Memory Usage: 2415kB
                    ->  Seq Scan on title t  (cost=0.00..61283.27 rows=2528527 width=4) (actual time=0.020..1173.072 rows=2528312 loops=1)
Planning time: 1.071 ms
Execution time: 12245.174 ms
