Nested Loop  (cost=0.43..83072.90 rows=23 width=0) (actual time=58.426..1260.688 rows=82 loops=1)
  ->  Seq Scan on movie_keyword mk  (cost=0.00..81003.12 rows=246 width=4) (actual time=1.511..1229.684 rows=320 loops=1)
        Filter: (keyword_id = 2228)
        Rows Removed by Filter: 4523610
  ->  Index Scan using title_pkey on title t  (cost=0.43..8.40 rows=1 width=4) (actual time=0.094..0.094 rows=0 loops=320)
        Index Cond: (id = mk.movie_id)
        Filter: ((production_year < 1997) AND (kind_id = 1))
        Rows Removed by Filter: 1
Planning time: 0.628 ms
Execution time: 1260.868 ms
