Seq Scan on cast_info ci  (cost=0.00..705507.15 rows=29269840 width=0) (actual time=0.026..13236.788 rows=29219444 loops=1)
  Filter: (person_id < 2962713)
  Rows Removed by Filter: 7024900
Planning time: 0.334 ms
Execution time: 16772.430 ms
