Seq Scan on cast_info ci  (cost=0.00..796071.18 rows=14187681 width=0) (actual time=0.025..16379.674 rows=14902674 loops=1)
  Filter: ((person_id > 422630) AND (role_id > 2))
  Rows Removed by Filter: 21341670
Planning time: 0.348 ms
Execution time: 18211.997 ms
