Hash Join  (cost=264939.60..1603280.19 rows=25237341 width=0) (actual time=6280.790..57139.168 rows=85369300 loops=1)
  Hash Cond: (ci.movie_id = t.id)
  ->  Seq Scan on cast_info ci  (cost=0.00..614943.12 rows=36225612 width=4) (actual time=0.021..13192.894 rows=36244344 loops=1)
  ->  Hash  (cost=236038.20..236038.20 rows=1761552 width=8) (actual time=6279.382..6279.382 rows=1766283 loops=1)
        Buckets: 131072  Batches: 32  Memory Usage: 3170kB
        ->  Hash Join  (cost=102767.86..236038.20 rows=1761552 width=8) (actual time=2512.513..5762.890 rows=1766283 loops=1)
              Hash Cond: (mk.movie_id = t.id)
              ->  Seq Scan on movie_keyword mk  (cost=0.00..81003.12 rows=1761552 width=4) (actual time=0.016..1488.199 rows=1766283 loops=1)
                    Filter: (keyword_id > 7850)
                    Rows Removed by Filter: 2757647
              ->  Hash  (cost=61283.27..61283.27 rows=2528527 width=4) (actual time=2510.241..2510.241 rows=2528312 loops=1)
                    Buckets: 131072  Batches: 64  Memory Usage: 2425kB
                    ->  Seq Scan on title t  (cost=0.00..61283.27 rows=2528527 width=4) (actual time=0.022..925.676 rows=2528312 loops=1)
Planning time: 1.129 ms
Execution time: 66146.628 ms
