Hash Join  (cost=83810.17..897647.25 rows=351172 width=0) (actual time=6069.781..15037.466 rows=1237970 loops=1)
  Hash Cond: (ci.movie_id = t.id)
  ->  Seq Scan on cast_info ci  (cost=0.00..796071.18 rows=898981 width=4) (actual time=4591.050..11467.173 rows=3415744 loops=1)
        Filter: ((person_id > 3083470) AND (role_id > 8))
        Rows Removed by Filter: 32828600
  ->  Hash  (cost=67604.59..67604.59 rows=987727 width=4) (actual time=1477.559..1477.559 rows=985048 loops=1)
        Buckets: 131072  Batches: 16  Memory Usage: 3188kB
        ->  Seq Scan on title t  (cost=0.00..67604.59 rows=987727 width=4) (actual time=0.031..1163.812 rows=985048 loops=1)
              Filter: (kind_id < 7)
              Rows Removed by Filter: 1543264
Planning time: 0.767 ms
Execution time: 15175.610 ms
