Hash Join  (cost=126597.76..252103.71 rows=287591 width=0) (actual time=2427.401..6189.397 rows=207003 loops=1)
  Hash Cond: (mk.movie_id = t.id)
  ->  Seq Scan on movie_keyword mk  (cost=0.00..69693.30 rows=4523930 width=4) (actual time=0.019..1337.990 rows=4523930 loops=1)
  ->  Hash  (cost=123960.49..123960.49 rows=160741 width=8) (actual time=2426.625..2426.625 rows=89977 loops=1)
        Buckets: 131072  Batches: 4  Memory Usage: 1911kB
        ->  Hash Join  (cost=88391.98..123960.49 rows=160741 width=8) (actual time=1506.450..2396.165 rows=89977 loops=1)
              Hash Cond: (mi_idx.movie_id = t.id)
              ->  Seq Scan on movie_info_idx mi_idx  (cost=0.00..25185.44 rows=460978 width=4) (actual time=0.022..473.347 rows=459925 loops=1)
                    Filter: (info_type_id = 99)
                    Rows Removed by Filter: 920110
              ->  Hash  (cost=73925.90..73925.90 rows=881686 width=4) (actual time=1505.742..1505.742 rows=801513 loops=1)
                    Buckets: 131072  Batches: 16  Memory Usage: 2786kB
                    ->  Seq Scan on title t  (cost=0.00..73925.90 rows=881686 width=4) (actual time=0.020..1248.803 rows=801513 loops=1)
                          Filter: ((production_year < 2006) AND (kind_id = 7))
                          Rows Removed by Filter: 1726799
Planning time: 2.082 ms
Execution time: 6214.764 ms
