Hash Join  (cost=86178.74..224459.97 rows=1336119 width=0) (actual time=1397.701..5401.675 rows=2600765 loops=1)
  Hash Cond: (mk.movie_id = t.id)
  ->  Seq Scan on movie_keyword mk  (cost=0.00..69693.30 rows=4523930 width=4) (actual time=0.023..1397.018 rows=4523930 loops=1)
  ->  Hash  (cost=73925.90..73925.90 rows=746787 width=4) (actual time=1396.526..1396.526 rows=650324 loops=1)
        Buckets: 131072  Batches: 16  Memory Usage: 2462kB
        ->  Seq Scan on title t  (cost=0.00..73925.90 rows=746787 width=4) (actual time=0.031..1183.070 rows=650324 loops=1)
              Filter: ((kind_id < 7) AND (production_year > 1982))
              Rows Removed by Filter: 1877988
Planning time: 0.741 ms
Execution time: 5690.280 ms
