Seq Scan on movie_companies mc  (cost=0.00..57926.93 rows=819059 width=0) (actual time=88.450..959.843 rows=611199 loops=1)
  Filter: ((company_id > 3458) AND (company_type_id = 1))
  Rows Removed by Filter: 1997930
Planning time: 0.381 ms
Execution time: 1043.693 ms
