Seq Scan on movie_keyword mk  (cost=0.00..81003.12 rows=246 width=0) (actual time=7.512..1145.063 rows=272 loops=1)
  Filter: (keyword_id = 1897)
  Rows Removed by Filter: 4523658
Planning time: 0.348 ms
Execution time: 1145.310 ms
