Seq Scan on movie_keyword mk  (cost=0.00..81003.12 rows=3568944 width=0) (actual time=0.013..1504.359 rows=3556075 loops=1)
  Filter: (keyword_id < 19655)
  Rows Removed by Filter: 967855
Planning time: 0.374 ms
Execution time: 1926.156 ms
