Seq Scan on movie_keyword mk  (cost=0.00..81003.12 rows=620211 width=0) (actual time=0.011..1260.100 rows=619807 loops=1)
  Filter: (keyword_id > 29429)
  Rows Removed by Filter: 3904123
Planning time: 0.230 ms
Execution time: 1337.621 ms
