Seq Scan on cast_info ci  (cost=0.00..796071.18 rows=20306177 width=0) (actual time=0.017..16834.953 rows=22246142 loops=1)
  Filter: ((person_id > 466429) AND (role_id > 1))
  Rows Removed by Filter: 13998202
Planning time: 0.365 ms
Execution time: 19531.008 ms
