Hash Join  (cost=101971.67..184933.15 rows=5032 width=0) (actual time=1709.511..3170.998 rows=17442 loops=1)
  Hash Cond: (mk.movie_id = t.id)
  ->  Seq Scan on movie_keyword mk  (cost=0.00..81003.12 rows=508808 width=4) (actual time=0.020..1358.443 rows=499527 loops=1)
        Filter: (keyword_id > 36091)
        Rows Removed by Filter: 4024403
  ->  Hash  (cost=101659.11..101659.11 rows=25005 width=8) (actual time=1708.950..1708.950 rows=25422 loops=1)
        Buckets: 32768  Batches: 1  Memory Usage: 1250kB
        ->  Hash Join  (cost=74498.58..101659.11 rows=25005 width=8) (actual time=1136.263..1699.990 rows=25422 loops=1)
              Hash Cond: (mi_idx.movie_id = t.id)
              ->  Seq Scan on movie_info_idx mi_idx  (cost=0.00..21735.35 rows=1380035 width=4) (actual time=0.017..295.002 rows=1380035 loops=1)
              ->  Hash  (cost=73925.90..73925.90 rows=45814 width=4) (actual time=1049.731..1049.731 rows=55711 loops=1)
                    Buckets: 65536  Batches: 1  Memory Usage: 2471kB
                    ->  Seq Scan on title t  (cost=0.00..73925.90 rows=45814 width=4) (actual time=493.065..1030.368 rows=55711 loops=1)
                          Filter: ((production_year > 2005) AND (kind_id = 4))
                          Rows Removed by Filter: 2472601
Planning time: 1.010 ms
Execution time: 3173.622 ms
