Seq Scan on cast_info ci  (cost=0.00..705507.15 rows=500 width=0) (actual time=2181.715..10551.917 rows=195 loops=1)
  Filter: (person_id = 1246869)
  Rows Removed by Filter: 36244149
Planning time: 0.385 ms
Execution time: 10552.076 ms
