Hash Join  (cost=83074.16..913594.04 rows=545 width=0) (actual time=7535.336..16599.067 rows=665 loops=1)
  Hash Cond: (ci.movie_id = t.id)
  ->  Seq Scan on cast_info ci  (cost=0.00..796071.18 rows=9184866 width=4) (actual time=6343.507..14614.707 rows=5564198 loops=1)
        Filter: ((person_id > 972012) AND (role_id = 1))
        Rows Removed by Filter: 30680146
  ->  Hash  (cost=83072.29..83072.29 rows=150 width=8) (actual time=1181.908..1181.908 rows=240 loops=1)
        Buckets: 1024  Batches: 1  Memory Usage: 18kB
        ->  Nested Loop  (cost=0.43..83072.29 rows=150 width=8) (actual time=350.741..1181.758 rows=240 loops=1)
              ->  Seq Scan on movie_keyword mk  (cost=0.00..81003.12 rows=246 width=4) (actual time=0.816..1080.423 rows=2543 loops=1)
                    Filter: (keyword_id = 1082)
                    Rows Removed by Filter: 4521387
              ->  Index Scan using title_pkey on title t  (cost=0.43..8.40 rows=1 width=4) (actual time=0.039..0.039 rows=0 loops=2543)
                    Index Cond: (id = mk.movie_id)
                    Filter: (kind_id = 7)
                    Rows Removed by Filter: 1
Planning time: 1.195 ms
Execution time: 16599.603 ms
