Hash Join  (cost=74210.29..101179.65 rows=4180 width=144) (actual time=1605.913..2289.590 rows=8527 loops=1)
  Hash Cond: (mi_idx.movie_id = t.id)
  ->  Seq Scan on movie_info_idx mi_idx  (cost=0.00..25185.44 rows=464566 width=50) (actual time=0.058..547.612 rows=459925 loops=1)
        Filter: (info_type_id = 101)
        Rows Removed by Filter: 920110
  ->  Hash  (cost=73925.90..73925.90 rows=22751 width=94) (actual time=1605.625..1605.625 rows=18892 loops=1)
        Buckets: 32768  Batches: 1  Memory Usage: 2348kB
        ->  Seq Scan on title t  (cost=0.00..73925.90 rows=22751 width=94) (actual time=0.070..1596.713 rows=18892 loops=1)
              Filter: ((kind_id < 7) AND (production_year = 2001))
              Rows Removed by Filter: 2509420
Planning time: 0.941 ms
Execution time: 2290.332 ms
