Hash Join  (cost=102767.86..914358.13 rows=3998100 width=0) (actual time=4868.802..18458.506 rows=4008037 loops=1)
  Hash Cond: (ci.movie_id = t.id)
  ->  Seq Scan on cast_info ci  (cost=0.00..705507.15 rows=3998100 width=4) (actual time=2972.517..12960.326 rows=4008037 loops=1)
        Filter: (role_id = 3)
        Rows Removed by Filter: 32236307
  ->  Hash  (cost=61283.27..61283.27 rows=2528527 width=4) (actual time=1895.251..1895.251 rows=2528312 loops=1)
        Buckets: 131072  Batches: 64  Memory Usage: 2415kB
        ->  Seq Scan on title t  (cost=0.00..61283.27 rows=2528527 width=4) (actual time=0.010..1054.084 rows=2528312 loops=1)
Planning time: 0.683 ms
Execution time: 18939.453 ms
