Seq Scan on movie_keyword mk  (cost=0.00..81003.12 rows=246 width=0) (actual time=0.428..1263.834 rows=63 loops=1)
  Filter: (keyword_id = 2392)
  Rows Removed by Filter: 4523867
Planning time: 0.270 ms
Execution time: 1263.949 ms
