Hash Join  (cost=621392.12..1884075.32 rows=23287108 width=0) (actual time=15393.131..41612.457 rows=13524906 loops=1)
  Hash Cond: (ci.movie_id = t.id)
  ->  Seq Scan on cast_info ci  (cost=0.00..705507.15 rows=20444265 width=4) (actual time=1823.286..15032.242 rows=20574376 loops=1)
        Filter: (person_id > 1547687)
        Rows Removed by Filter: 15669968
  ->  Hash  (cost=574139.53..574139.53 rows=2880127 width=8) (actual time=13567.999..13567.999 rows=666505 loops=1)
        Buckets: 131072  Batches: 64  Memory Usage: 1421kB
        ->  Hash Join  (cost=86534.07..574139.53 rows=2880127 width=8) (actual time=2485.570..13357.672 rows=666505 loops=1)
              Hash Cond: (mi.movie_id = t.id)
              ->  Seq Scan on movie_info mi  (cost=0.00..346232.03 rows=9476311 width=4) (actual time=0.029..6606.620 rows=9565151 loops=1)
                    Filter: (info_type_id < 16)
                    Rows Removed by Filter: 5270569
              ->  Hash  (cost=73925.90..73925.90 rows=768493 width=4) (actual time=1673.295..1673.295 rows=840010 loops=1)
                    Buckets: 131072  Batches: 16  Memory Usage: 2883kB
                    ->  Seq Scan on title t  (cost=0.00..73925.90 rows=768493 width=4) (actual time=288.715..1398.391 rows=840010 loops=1)
                          Filter: ((production_year > 2002) AND (kind_id = 7))
                          Rows Removed by Filter: 1688302
Planning time: 3.746 ms
Execution time: 43143.157 ms
