Seq Scan on movie_companies mc  (cost=0.00..57926.93 rows=51 width=0) (actual time=569.699..974.038 rows=162 loops=1)
  Filter: ((company_type_id < 2) AND (company_id = 14670))
  Rows Removed by Filter: 2608967
Planning time: 0.390 ms
Execution time: 974.222 ms
