Hash Join  (cost=864541.05..1417965.83 rows=6899485 width=0) (actual time=16488.590..30852.090 rows=5761622 loops=1)
  Hash Cond: (mi.movie_id = t.id)
  ->  Seq Scan on movie_info mi  (cost=0.00..309384.22 rows=14739122 width=4) (actual time=0.020..5623.690 rows=14835720 loops=1)
  ->  Hash  (cost=845121.79..845121.79 rows=1183621 width=8) (actual time=16487.675..16487.675 rows=1191795 loops=1)
        Buckets: 131072  Batches: 16  Memory Usage: 3932kB
        ->  Hash Join  (cost=91879.05..845121.79 rows=1183621 width=8) (actual time=1967.199..16133.243 rows=1191795 loops=1)
              Hash Cond: (ci.movie_id = t.id)
              ->  Seq Scan on cast_info ci  (cost=0.00..705507.15 rows=2735034 width=4) (actual time=0.021..12177.582 rows=2728943 loops=1)
                    Filter: (role_id = 4)
                    Rows Removed by Filter: 33515401
              ->  Hash  (cost=73925.90..73925.90 rows=1094252 width=4) (actual time=1966.116..1966.116 rows=1044222 loops=1)
                    Buckets: 131072  Batches: 16  Memory Usage: 3319kB
                    ->  Seq Scan on title t  (cost=0.00..73925.90 rows=1094252 width=4) (actual time=0.018..1141.115 rows=1044222 loops=1)
                          Filter: ((production_year < 2009) AND (kind_id = 7))
                          Rows Removed by Filter: 1484090
Planning time: 1.214 ms
Execution time: 31470.273 ms
