Hash Join  (cost=83073.49..911295.14 rows=1244 width=0) (actual time=1442.647..20459.198 rows=42338 loops=1)
  Hash Cond: (ci.movie_id = t.id)
  ->  Seq Scan on cast_info ci  (cost=0.00..705507.15 rows=32720556 width=4) (actual time=0.023..13234.099 rows=32865407 loops=1)
        Filter: (person_id > 325102)
        Rows Removed by Filter: 3378937
  ->  Hash  (cost=83072.29..83072.29 rows=96 width=8) (actual time=1442.564..1442.564 rows=683 loops=1)
        Buckets: 1024  Batches: 1  Memory Usage: 35kB
        ->  Nested Loop  (cost=0.43..83072.29 rows=96 width=8) (actual time=2.066..1441.967 rows=683 loops=1)
              ->  Seq Scan on movie_keyword mk  (cost=0.00..81003.12 rows=246 width=4) (actual time=1.996..1411.399 rows=762 loops=1)
                    Filter: (keyword_id = 9417)
                    Rows Removed by Filter: 4523168
              ->  Index Scan using title_pkey on title t  (cost=0.43..8.40 rows=1 width=4) (actual time=0.038..0.038 rows=1 loops=762)
                    Index Cond: (id = mk.movie_id)
                    Filter: (kind_id < 7)
                    Rows Removed by Filter: 0
Planning time: 1.258 ms
Execution time: 20469.716 ms
