Hash Join  (cost=709674.80..1063685.00 rows=108 width=0) (actual time=11313.051..17225.615 rows=95 loops=1)
  Hash Cond: (mi.movie_id = t.id)
  ->  Seq Scan on movie_info mi  (cost=0.00..346232.03 rows=2073893 width=4) (actual time=0.014..5728.236 rows=2091068 loops=1)
        Filter: (info_type_id < 3)
        Rows Removed by Filter: 12744652
  ->  Hash  (cost=709673.15..709673.15 rows=132 width=8) (actual time=11191.859..11191.859 rows=41 loops=1)
        Buckets: 1024  Batches: 1  Memory Usage: 10kB
        ->  Nested Loop  (cost=0.43..709673.15 rows=132 width=8) (actual time=627.949..11191.780 rows=41 loops=1)
              ->  Seq Scan on cast_info ci  (cost=0.00..705507.15 rows=500 width=4) (actual time=627.899..11190.234 rows=63 loops=1)
                    Filter: (person_id = 865643)
                    Rows Removed by Filter: 36244281
              ->  Index Scan using title_pkey on title t  (cost=0.43..8.32 rows=1 width=4) (actual time=0.021..0.022 rows=1 loops=63)
                    Index Cond: (id = ci.movie_id)
                    Filter: (kind_id = 1)
                    Rows Removed by Filter: 0
Planning time: 1.201 ms
Execution time: 17225.843 ms
