Seq Scan on cast_info ci  (cost=0.00..796071.18 rows=4424990 width=0) (actual time=232.600..12274.155 rows=1892022 loops=1)
  Filter: ((person_id < 652674) AND (role_id > 1))
  Rows Removed by Filter: 34352322
Planning time: 0.322 ms
Execution time: 12508.664 ms
