Hash Join  (cost=159095.43..1023884.05 rows=454003 width=0) (actual time=2960.900..22360.644 rows=343155 loops=1)
  Hash Cond: (ci.movie_id = t.id)
  ->  Seq Scan on cast_info ci  (cost=0.00..796071.18 rows=5479574 width=4) (actual time=0.014..16264.216 rows=7451973 loops=1)
        Filter: ((person_id < 2793388) AND (role_id = 2))
        Rows Removed by Filter: 28792371
  ->  Hash  (cost=155657.71..155657.71 rows=209498 width=8) (actual time=2959.818..2959.818 rows=64570 loops=1)
        Buckets: 131072  Batches: 4  Memory Usage: 1657kB
        ->  Hash Join  (cost=85777.42..155657.71 rows=209498 width=8) (actual time=1706.235..2937.577 rows=64570 loops=1)
              Hash Cond: (mc.movie_id = t.id)
              ->  Seq Scan on movie_companies mc  (cost=0.00..57926.93 rows=478232 width=4) (actual time=58.132..975.895 rows=173124 loops=1)
                    Filter: ((company_id > 17174) AND (company_type_id = 1))
                    Rows Removed by Filter: 2436005
              ->  Hash  (cost=67604.59..67604.59 rows=1107667 width=4) (actual time=1646.892..1646.892 rows=1107925 loops=1)
                    Buckets: 131072  Batches: 16  Memory Usage: 3460kB
                    ->  Seq Scan on title t  (cost=0.00..67604.59 rows=1107667 width=4) (actual time=0.037..1297.294 rows=1107925 loops=1)
                          Filter: (production_year > 2004)
                          Rows Removed by Filter: 1420387
Planning time: 1.224 ms
Execution time: 22401.407 ms
