Seq Scan on cast_info ci  (cost=0.00..705507.15 rows=11279066 width=0) (actual time=0.025..10977.339 rows=11203070 loops=1)
  Filter: (person_id < 1099305)
  Rows Removed by Filter: 25041274
Planning time: 0.330 ms
Execution time: 12252.103 ms
