Seq Scan on movie_companies mc  (cost=0.00..51404.11 rows=104 width=0) (actual time=19.780..864.544 rows=9 loops=1)
  Filter: (company_id = 3650)
  Rows Removed by Filter: 2609120
Planning time: 0.338 ms
Execution time: 864.621 ms
