Nested Loop  (cost=52194.89..77692.87 rows=9 width=0) (actual time=1131.542..1285.759 rows=33 loops=1)
  ->  Hash Join  (cost=52194.46..77541.38 rows=48 width=8) (actual time=1131.449..1284.952 rows=33 loops=1)
        Hash Cond: (mi_idx.movie_id = mc.movie_id)
        ->  Seq Scan on movie_info_idx mi_idx  (cost=0.00..25185.44 rows=368 width=4) (actual time=258.288..411.672 rows=260 loops=1)
              Filter: (info_type_id > 101)
              Rows Removed by Filter: 1379775
        ->  Hash  (cost=51404.11..51404.11 rows=63228 width=4) (actual time=872.755..872.755 rows=62075 loops=1)
              Buckets: 65536  Batches: 1  Memory Usage: 2695kB
              ->  Seq Scan on movie_companies mc  (cost=0.00..51404.11 rows=63228 width=4) (actual time=9.075..850.024 rows=62075 loops=1)
                    Filter: (company_id = 6)
                    Rows Removed by Filter: 2547054
  ->  Index Only Scan using title_pkey on title t  (cost=0.43..3.15 rows=1 width=4) (actual time=0.023..0.023 rows=1 loops=33)
        Index Cond: (id = mc.movie_id)
        Heap Fetches: 33
Planning time: 1.196 ms
Execution time: 1285.927 ms
