Hash Join  (cost=102767.86..1383098.49 rows=19714551 width=0) (actual time=1931.159..36784.452 rows=21546030 loops=1)
  Hash Cond: (ci.movie_id = t.id)
  ->  Seq Scan on cast_info ci  (cost=0.00..796071.18 rows=19714551 width=4) (actual time=0.023..17571.060 rows=21546030 loops=1)
        Filter: ((person_id < 2294278) AND (role_id < 10))
        Rows Removed by Filter: 14698314
  ->  Hash  (cost=61283.27..61283.27 rows=2528527 width=4) (actual time=1930.251..1930.251 rows=2528312 loops=1)
        Buckets: 131072  Batches: 64  Memory Usage: 2415kB
        ->  Seq Scan on title t  (cost=0.00..61283.27 rows=2528527 width=4) (actual time=0.016..1106.331 rows=2528312 loops=1)
Planning time: 0.593 ms
Execution time: 39008.743 ms
