Seq Scan on movie_companies mc  (cost=0.00..57926.93 rows=646889 width=0) (actual time=0.028..967.695 rows=410920 loops=1)
  Filter: ((company_id > 11226) AND (company_type_id = 1))
  Rows Removed by Filter: 2198209
Planning time: 0.385 ms
Execution time: 1017.088 ms
