Hash Join  (cost=201766.01..246676.36 rows=420687 width=0) (actual time=4544.470..6317.287 rows=1956909 loops=1)
  Hash Cond: (mi_idx.movie_id = t.id)
  ->  Seq Scan on movie_info_idx mi_idx  (cost=0.00..21735.35 rows=1380035 width=4) (actual time=0.629..510.738 rows=1380035 loops=1)
  ->  Hash  (cost=189120.13..189120.13 rows=770790 width=8) (actual time=4543.055..4543.055 rows=1061785 loops=1)
        Buckets: 131072  Batches: 16  Memory Usage: 3591kB
        ->  Hash Join  (cost=102767.86..189120.13 rows=770790 width=8) (actual time=1969.925..4273.378 rows=1061785 loops=1)
              Hash Cond: (mc.movie_id = t.id)
              ->  Seq Scan on movie_companies mc  (cost=0.00..57926.93 rows=770790 width=4) (actual time=0.012..1103.535 rows=1061785 loops=1)
                    Filter: ((company_id < 15065) AND (company_type_id = 1))
                    Rows Removed by Filter: 1547344
              ->  Hash  (cost=61283.27..61283.27 rows=2528527 width=4) (actual time=1968.653..1968.653 rows=2528312 loops=1)
                    Buckets: 131072  Batches: 64  Memory Usage: 2415kB
                    ->  Seq Scan on title t  (cost=0.00..61283.27 rows=2528527 width=4) (actual time=0.023..1127.398 rows=2528312 loops=1)
Planning time: 0.906 ms
Execution time: 6538.818 ms
