Hash Join  (cost=83073.49..109984.49 rows=52 width=0) (actual time=1402.793..1898.479 rows=18 loops=1)
  Hash Cond: (mi_idx.movie_id = t.id)
  ->  Seq Scan on movie_info_idx mi_idx  (cost=0.00..21735.35 rows=1380035 width=4) (actual time=0.012..379.937 rows=1380035 loops=1)
  ->  Hash  (cost=83072.29..83072.29 rows=96 width=8) (actual time=1268.743..1268.743 rows=6 loops=1)
        Buckets: 1024  Batches: 1  Memory Usage: 9kB
        ->  Nested Loop  (cost=0.43..83072.29 rows=96 width=8) (actual time=222.002..1268.714 rows=6 loops=1)
              ->  Seq Scan on movie_keyword mk  (cost=0.00..81003.12 rows=246 width=4) (actual time=221.941..1268.225 rows=9 loops=1)
                    Filter: (keyword_id = 44389)
                    Rows Removed by Filter: 4523921
              ->  Index Scan using title_pkey on title t  (cost=0.43..8.40 rows=1 width=4) (actual time=0.048..0.048 rows=1 loops=9)
                    Index Cond: (id = mk.movie_id)
                    Filter: (kind_id < 7)
                    Rows Removed by Filter: 0
Planning time: 1.177 ms
Execution time: 1898.655 ms
