Hash Join  (cost=73950.44..160643.60 rows=3512 width=0) (actual time=1028.088..2847.852 rows=20758 loops=1)
  Hash Cond: (mk.movie_id = t.id)
  ->  Seq Scan on movie_keyword mk  (cost=0.00..69693.30 rows=4523930 width=4) (actual time=0.023..1004.915 rows=4523930 loops=1)
  ->  Hash  (cost=73925.90..73925.90 rows=1963 width=4) (actual time=1027.941..1027.941 rows=4557 loops=1)
        Buckets: 8192 (originally 2048)  Batches: 1 (originally 1)  Memory Usage: 225kB
        ->  Seq Scan on title t  (cost=0.00..73925.90 rows=1963 width=4) (actual time=31.773..1025.837 rows=4557 loops=1)
              Filter: ((kind_id = 1) AND (production_year = 1968))
              Rows Removed by Filter: 2523755
Planning time: 0.784 ms
Execution time: 2850.897 ms
