Hash Join  (cost=73997.53..160758.09 rows=10252 width=0) (actual time=636.535..2366.289 rows=6337 loops=1)
  Hash Cond: (mk.movie_id = t.id)
  ->  Seq Scan on movie_keyword mk  (cost=0.00..69693.30 rows=4523930 width=4) (actual time=0.012..980.539 rows=4523930 loops=1)
  ->  Hash  (cost=73925.90..73925.90 rows=5730 width=4) (actual time=636.297..636.297 rows=3289 loops=1)
        Buckets: 8192  Batches: 1  Memory Usage: 180kB
        ->  Seq Scan on title t  (cost=0.00..73925.90 rows=5730 width=4) (actual time=272.548..635.020 rows=3289 loops=1)
              Filter: ((kind_id = 3) AND (production_year = 2010))
              Rows Removed by Filter: 2525023
Planning time: 0.968 ms
Execution time: 2367.254 ms
