Seq Scan on movie_companies mc  (cost=0.00..57926.93 rows=558618 width=0) (actual time=0.011..956.176 rows=279205 loops=1)
  Filter: ((company_id > 13165) AND (company_type_id < 2))
  Rows Removed by Filter: 2329924
Planning time: 0.337 ms
Execution time: 989.895 ms
