Hash Join  (cost=102767.86..261454.23 rows=2817800 width=0) (actual time=2034.920..6237.952 rows=2810252 loops=1)
  Hash Cond: (mk.movie_id = t.id)
  ->  Seq Scan on movie_keyword mk  (cost=0.00..81003.12 rows=2817800 width=4) (actual time=0.030..1616.661 rows=2810252 loops=1)
        Filter: (keyword_id > 2730)
        Rows Removed by Filter: 1713678
  ->  Hash  (cost=61283.27..61283.27 rows=2528527 width=4) (actual time=2033.923..2033.923 rows=2528312 loops=1)
        Buckets: 131072  Batches: 64  Memory Usage: 2425kB
        ->  Seq Scan on title t  (cost=0.00..61283.27 rows=2528527 width=4) (actual time=0.015..1202.169 rows=2528312 loops=1)
Planning time: 0.731 ms
Execution time: 6558.722 ms
