Seq Scan on title t  (cost=0.00..67604.59 rows=7437 width=0) (actual time=0.172..1240.277 rows=13063 loops=1)
  Filter: (production_year = 1965)
  Rows Removed by Filter: 2515249
Planning time: 0.370 ms
Execution time: 1243.356 ms
