Hash Join  (cost=491650.71..565850.99 rows=425812 width=0) (actual time=8609.810..10526.980 rows=882235 loops=1)
  Hash Cond: (mc.movie_id = t.id)
  ->  Seq Scan on movie_companies mc  (cost=0.00..51404.11 rows=1329612 width=4) (actual time=12.554..957.135 rows=1334883 loops=1)
        Filter: (company_type_id = 2)
        Rows Removed by Filter: 1274246
  ->  Hash  (cost=478364.61..478364.61 rows=809768 width=8) (actual time=8596.410..8596.410 rows=802140 loops=1)
        Buckets: 131072  Batches: 16  Memory Usage: 2973kB
        ->  Hash Join  (cost=102767.86..478364.61 rows=809768 width=8) (actual time=5881.242..8360.635 rows=802140 loops=1)
              Hash Cond: (mi.movie_id = t.id)
              ->  Seq Scan on movie_info mi  (cost=0.00..346232.03 rows=809768 width=4) (actual time=3811.983..5234.358 rows=802140 loops=1)
                    Filter: (info_type_id < 2)
                    Rows Removed by Filter: 14033580
              ->  Hash  (cost=61283.27..61283.27 rows=2528527 width=4) (actual time=2068.297..2068.297 rows=2528312 loops=1)
                    Buckets: 131072  Batches: 64  Memory Usage: 2425kB
                    ->  Seq Scan on title t  (cost=0.00..61283.27 rows=2528527 width=4) (actual time=0.009..1185.405 rows=2528312 loops=1)
Planning time: 1.185 ms
Execution time: 10628.667 ms
