Hash Join  (cost=83074.74..433651.07 rows=113 width=0) (actual time=4121.612..7130.565 rows=490 loops=1)
  Hash Cond: (mi.movie_id = t.id)
  ->  Seq Scan on movie_info mi  (cost=0.00..346232.03 rows=1158179 width=4) (actual time=2721.084..5610.119 rows=1204709 loops=1)
        Filter: (info_type_id > 18)
        Rows Removed by Filter: 13631011
  ->  Hash  (cost=83071.67..83071.67 rows=246 width=8) (actual time=1313.824..1313.824 rows=4389 loops=1)
        Buckets: 8192 (originally 1024)  Batches: 1 (originally 1)  Memory Usage: 236kB
        ->  Nested Loop  (cost=0.43..83071.67 rows=246 width=8) (actual time=3.686..1311.923 rows=4389 loops=1)
              ->  Seq Scan on movie_keyword mk  (cost=0.00..81003.12 rows=246 width=4) (actual time=3.604..1236.905 rows=4389 loops=1)
                    Filter: (keyword_id = 29028)
                    Rows Removed by Filter: 4519541
              ->  Index Only Scan using title_pkey on title t  (cost=0.43..8.40 rows=1 width=4) (actual time=0.016..0.016 rows=1 loops=4389)
                    Index Cond: (id = mk.movie_id)
                    Heap Fetches: 4389
Planning time: 1.125 ms
Execution time: 7130.799 ms
