Seq Scan on movie_keyword mk  (cost=0.00..81003.12 rows=3634336 width=0) (actual time=0.027..1522.985 rows=3627171 loops=1)
  Filter: (keyword_id < 20594)
  Rows Removed by Filter: 896759
Planning time: 0.346 ms
Execution time: 1970.625 ms
