Nested Loop  (cost=0.43..128640.68 rows=163 width=0) (actual time=24.823..1420.239 rows=251 loops=1)
  ->  Seq Scan on movie_keyword mk  (cost=0.00..81003.12 rows=6786 width=4) (actual time=0.433..1266.611 rows=6560 loops=1)
        Filter: (keyword_id = 12015)
        Rows Removed by Filter: 4517370
  ->  Index Scan using title_pkey on title t  (cost=0.43..7.01 rows=1 width=4) (actual time=0.023..0.023 rows=0 loops=6560)
        Index Cond: (id = mk.movie_id)
        Filter: (production_year = 2002)
        Rows Removed by Filter: 1
Planning time: 0.805 ms
Execution time: 1420.474 ms
