Hash Join  (cost=102767.86..1050637.50 rows=9661692 width=0) (actual time=6676.694..23756.280 rows=9627909 loops=1)
  Hash Cond: (ci.movie_id = t.id)
  ->  Seq Scan on cast_info ci  (cost=0.00..705507.15 rows=9661692 width=4) (actual time=4763.098..13388.700 rows=9627909 loops=1)
        Filter: (person_id > 2744873)
        Rows Removed by Filter: 26616435
  ->  Hash  (cost=61283.27..61283.27 rows=2528527 width=4) (actual time=1912.305..1912.305 rows=2528312 loops=1)
        Buckets: 131072  Batches: 64  Memory Usage: 2415kB
        ->  Seq Scan on title t  (cost=0.00..61283.27 rows=2528527 width=4) (actual time=0.029..1085.774 rows=2528312 loops=1)
Planning time: 0.744 ms
Execution time: 24871.489 ms
