Seq Scan on movie_keyword mk  (cost=0.00..81003.12 rows=3028381 width=0) (actual time=0.018..1636.236 rows=3017618 loops=1)
  Filter: (keyword_id > 2174)
  Rows Removed by Filter: 1506312
Planning time: 0.236 ms
Execution time: 2016.146 ms
