Seq Scan on movie_keyword mk  (cost=0.00..81003.12 rows=521593 width=0) (actual time=0.024..1331.280 rows=512335 loops=1)
  Filter: (keyword_id > 35367)
  Rows Removed by Filter: 4011595
Planning time: 0.302 ms
Execution time: 1397.234 ms
