Hash Join  (cost=275111.06..894311.91 rows=10404114 width=0) (actual time=6136.481..19662.027 rows=4442913 loops=1)
  Hash Cond: (mi.movie_id = t.id)
  ->  Seq Scan on movie_info mi  (cost=0.00..346232.03 rows=12545135 width=4) (actual time=0.020..6881.448 rows=12601870 loops=1)
        Filter: (info_type_id < 17)
        Rows Removed by Filter: 2233850
  ->  Hash  (cost=240706.62..240706.62 rows=2096995 width=8) (actual time=6134.189..6134.189 rows=502304 loops=1)
        Buckets: 131072  Batches: 32  Memory Usage: 1624kB
        ->  Hash Join  (cost=93155.63..240706.62 rows=2096995 width=8) (actual time=2194.324..5983.727 rows=502304 loops=1)
              Hash Cond: (mk.movie_id = t.id)
              ->  Seq Scan on movie_keyword mk  (cost=0.00..69693.30 rows=4523930 width=4) (actual time=0.025..1415.520 rows=4523930 loops=1)
              ->  Hash  (cost=73925.90..73925.90 rows=1172058 width=4) (actual time=2193.310..2193.310 rows=1128906 loops=1)
                    Buckets: 131072  Batches: 16  Memory Usage: 3509kB
                    ->  Seq Scan on title t  (cost=0.00..73925.90 rows=1172058 width=4) (actual time=186.125..1381.065 rows=1128906 loops=1)
                          Filter: ((production_year < 2010) AND (kind_id = 7))
                          Rows Removed by Filter: 1399406
Planning time: 1.277 ms
Execution time: 20136.256 ms
