Hash Join  (cost=158248.61..286198.42 rows=488177 width=0) (actual time=3089.243..6338.159 rows=1287418 loops=1)
  Hash Cond: (mk.movie_id = t.id)
  ->  Seq Scan on movie_keyword mk  (cost=0.00..69693.30 rows=4523930 width=4) (actual time=0.008..1299.727 rows=4523930 loops=1)
  ->  Hash  (cost=153771.95..153771.95 rows=272853 width=8) (actual time=3088.031..3088.031 rows=301507 loops=1)
        Buckets: 131072  Batches: 4  Memory Usage: 3972kB
        ->  Hash Join  (cost=78556.72..153771.95 rows=272853 width=8) (actual time=1410.752..2987.307 rows=301507 loops=1)
              Hash Cond: (mc.movie_id = t.id)
              ->  Seq Scan on movie_companies mc  (cost=0.00..57926.93 rows=1033535 width=4) (actual time=0.018..1001.591 rows=747723 loops=1)
                    Filter: ((company_id < 70905) AND (company_type_id = 2))
                    Rows Removed by Filter: 1861406
              ->  Hash  (cost=67604.59..67604.59 rows=667531 width=4) (actual time=1410.062..1410.062 rows=662834 loops=1)
                    Buckets: 131072  Batches: 16  Memory Usage: 2478kB
                    ->  Seq Scan on title t  (cost=0.00..67604.59 rows=667531 width=4) (actual time=0.021..1193.442 rows=662834 loops=1)
                          Filter: (production_year < 1989)
                          Rows Removed by Filter: 1865478
Planning time: 1.197 ms
Execution time: 6487.790 ms
