Hash Join  (cost=78556.72..201993.87 rows=740275 width=0) (actual time=1417.754..4816.361 rows=1782811 loops=1)
  Hash Cond: (mk.movie_id = t.id)
  ->  Seq Scan on movie_keyword mk  (cost=0.00..81003.12 rows=2804071 width=4) (actual time=0.026..1658.102 rows=2799952 loops=1)
        Filter: (keyword_id > 2781)
        Rows Removed by Filter: 1723978
  ->  Hash  (cost=67604.59..67604.59 rows=667531 width=4) (actual time=1417.005..1417.005 rows=662825 loops=1)
        Buckets: 131072  Batches: 16  Memory Usage: 2486kB
        ->  Seq Scan on title t  (cost=0.00..67604.59 rows=667531 width=4) (actual time=478.423..1207.155 rows=662825 loops=1)
              Filter: (kind_id = 1)
              Rows Removed by Filter: 1865487
Planning time: 0.747 ms
Execution time: 5025.990 ms
