Hash Join  (cost=67697.55..155119.71 rows=4995 width=0) (actual time=984.849..2574.223 rows=12379 loops=1)
  Hash Cond: (mk.movie_id = t.id)
  ->  Seq Scan on movie_keyword mk  (cost=0.00..81003.12 rows=1698424 width=4) (actual time=0.029..1299.229 rows=1709279 loops=1)
        Filter: (keyword_id > 8398)
        Rows Removed by Filter: 2814651
  ->  Hash  (cost=67604.59..67604.59 rows=7437 width=4) (actual time=983.403..983.403 rows=14779 loops=1)
        Buckets: 16384 (originally 8192)  Batches: 1 (originally 1)  Memory Usage: 648kB
        ->  Seq Scan on title t  (cost=0.00..67604.59 rows=7437 width=4) (actual time=0.030..976.360 rows=14779 loops=1)
              Filter: (production_year = 1980)
              Rows Removed by Filter: 2513533
Planning time: 0.802 ms
Execution time: 2576.171 ms
