Hash Join  (cost=89435.42..216912.19 rows=1045242 width=0) (actual time=1500.999..5160.786 rows=2396205 loops=1)
  Hash Cond: (mk.movie_id = t.id)
  ->  Seq Scan on movie_keyword mk  (cost=0.00..81003.12 rows=2795795 width=4) (actual time=0.024..1634.898 rows=2786331 loops=1)
        Filter: (keyword_id < 8090)
        Rows Removed by Filter: 1737599
  ->  Hash  (cost=73925.90..73925.90 rows=945321 width=4) (actual time=1499.979..1499.979 rows=934959 loops=1)
        Buckets: 131072  Batches: 16  Memory Usage: 3088kB
        ->  Seq Scan on title t  (cost=0.00..73925.90 rows=945321 width=4) (actual time=0.019..1192.014 rows=934959 loops=1)
              Filter: ((kind_id < 7) AND (production_year > 1912))
              Rows Removed by Filter: 1593353
Planning time: 0.773 ms
Execution time: 5449.703 ms
