Hash Join  (cost=871329.90..898356.91 rows=11653 width=0) (actual time=13308.452..13939.846 rows=25455 loops=1)
  Hash Cond: (mi_idx.movie_id = t.id)
  ->  Seq Scan on movie_info_idx mi_idx  (cost=0.00..21735.35 rows=1380035 width=4) (actual time=0.026..322.281 rows=1380035 loops=1)
  ->  Hash  (cost=871063.02..871063.02 rows=21350 width=8) (actual time=13306.218..13306.218 rows=31949 loops=1)
        Buckets: 32768  Batches: 1  Memory Usage: 1505kB
        ->  Hash Join  (cost=70840.90..871063.02 rows=21350 width=8) (actual time=10477.184..13296.013 rows=31949 loops=1)
              Hash Cond: (ci.movie_id = t.id)
              ->  Seq Scan on cast_info ci  (cost=0.00..796071.18 rows=273718 width=4) (actual time=9380.384..12059.162 rows=263674 loops=1)
                    Filter: ((person_id < 544132) AND (role_id = 8))
                    Rows Removed by Filter: 35980670
              ->  Hash  (cost=67604.59..67604.59 rows=197225 width=4) (actual time=1095.711..1095.711 rows=194989 loops=1)
                    Buckets: 131072  Batches: 4  Memory Usage: 2738kB
                    ->  Seq Scan on title t  (cost=0.00..67604.59 rows=197225 width=4) (actual time=0.128..1028.422 rows=194989 loops=1)
                          Filter: (production_year < 1955)
                          Rows Removed by Filter: 2333323
Planning time: 1.186 ms
Execution time: 13943.527 ms
