Seq Scan on cast_info ci  (cost=0.00..796071.18 rows=53964 width=0) (actual time=1147.110..10051.905 rows=28717 loops=1)
  Filter: ((person_id < 12353) AND (role_id > 2))
  Rows Removed by Filter: 36215627
Planning time: 0.383 ms
Execution time: 10055.742 ms
