Hash Join  (cost=83075.27..139466.69 rows=126 width=0) (actual time=1183.208..2284.988 rows=479 loops=1)
  Hash Cond: (mc.movie_id = t.id)
  ->  Seq Scan on movie_companies mc  (cost=0.00..51404.11 rows=1329612 width=4) (actual time=0.019..921.622 rows=1334883 loops=1)
        Filter: (company_type_id > 1)
        Rows Removed by Filter: 1274246
  ->  Hash  (cost=83072.29..83072.29 rows=239 width=8) (actual time=1180.062..1180.062 rows=159 loops=1)
        Buckets: 1024  Batches: 1  Memory Usage: 15kB
        ->  Nested Loop  (cost=0.43..83072.29 rows=239 width=8) (actual time=1.829..1179.892 rows=159 loops=1)
              ->  Seq Scan on movie_keyword mk  (cost=0.00..81003.12 rows=246 width=4) (actual time=1.777..1173.786 rows=163 loops=1)
                    Filter: (keyword_id = 915)
                    Rows Removed by Filter: 4523767
              ->  Index Scan using title_pkey on title t  (cost=0.43..8.40 rows=1 width=4) (actual time=0.033..0.034 rows=1 loops=163)
                    Index Cond: (id = mk.movie_id)
                    Filter: (production_year > 0)
                    Rows Removed by Filter: 0
Planning time: 1.208 ms
Execution time: 2285.253 ms
