Nested Loop  (cost=0.43..83071.67 rows=246 width=0) (actual time=2.114..1185.220 rows=11 loops=1)
  ->  Seq Scan on movie_keyword mk  (cost=0.00..81003.12 rows=246 width=4) (actual time=2.048..1184.639 rows=11 loops=1)
        Filter: (keyword_id = 22897)
        Rows Removed by Filter: 4523919
  ->  Index Only Scan using title_pkey on title t  (cost=0.43..8.40 rows=1 width=4) (actual time=0.046..0.046 rows=1 loops=11)
        Index Cond: (id = mk.movie_id)
        Heap Fetches: 11
Planning time: 0.778 ms
Execution time: 1185.290 ms
