Hash Join  (cost=797557.90..1162224.09 rows=1026 width=0) (actual time=15420.330..17595.872 rows=27 loops=1)
  Hash Cond: (mi.movie_id = t.id)
  ->  Seq Scan on movie_info mi  (cost=0.00..309384.22 rows=14739122 width=4) (actual time=0.013..4159.434 rows=14835720 loops=1)
  ->  Hash  (cost=797555.70..797555.70 rows=176 width=8) (actual time=10888.500..10888.500 rows=27 loops=1)
        Buckets: 1024  Batches: 1  Memory Usage: 10kB
        ->  Nested Loop  (cost=0.43..797555.70 rows=176 width=8) (actual time=8981.481..10888.469 rows=27 loops=1)
              ->  Seq Scan on cast_info ci  (cost=0.00..796071.18 rows=176 width=4) (actual time=8981.341..10888.089 rows=27 loops=1)
                    Filter: ((person_id = 714490) AND (role_id = 1))
                    Rows Removed by Filter: 36244317
              ->  Index Only Scan using title_pkey on title t  (cost=0.43..8.42 rows=1 width=4) (actual time=0.011..0.011 rows=1 loops=27)
                    Index Cond: (id = ci.movie_id)
                    Heap Fetches: 27
Planning time: 1.214 ms
Execution time: 17596.039 ms
