Hash Join  (cost=205402.89..748763.26 rows=5956244 width=0) (actual time=4632.636..22720.515 rows=18484029 loops=1)
  Hash Cond: (mi.movie_id = t.id)
  ->  Seq Scan on movie_info mi  (cost=0.00..309384.22 rows=14739122 width=4) (actual time=0.013..5946.141 rows=14835720 loops=1)
  ->  Hash  (cost=188638.32..188638.32 rows=1021806 width=8) (actual time=4631.581..4631.581 rows=1032134 loops=1)
        Buckets: 131072  Batches: 16  Memory Usage: 3570kB
        ->  Hash Join  (cost=102767.86..188638.32 rows=1021806 width=8) (actual time=2070.393..4325.283 rows=1032134 loops=1)
              Hash Cond: (mc.movie_id = t.id)
              ->  Seq Scan on movie_companies mc  (cost=0.00..51404.11 rows=1021806 width=4) (actual time=53.193..1006.491 rows=1032134 loops=1)
                    Filter: (company_id > 15535)
                    Rows Removed by Filter: 1576995
              ->  Hash  (cost=61283.27..61283.27 rows=2528527 width=4) (actual time=2015.578..2015.578 rows=2528312 loops=1)
                    Buckets: 131072  Batches: 64  Memory Usage: 2415kB
                    ->  Seq Scan on title t  (cost=0.00..61283.27 rows=2528527 width=4) (actual time=0.027..1147.808 rows=2528312 loops=1)
Planning time: 1.164 ms
Execution time: 24632.810 ms
