Seq Scan on movie_keyword mk  (cost=0.00..81003.12 rows=2261457 width=0) (actual time=0.018..1534.778 rows=2263815 loops=1)
  Filter: (keyword_id < 4720)
  Rows Removed by Filter: 2260115
Planning time: 0.305 ms
Execution time: 1825.279 ms
