Hash Join  (cost=96223.51..846201.29 rows=1242739 width=0) (actual time=1968.108..15111.968 rows=1263588 loops=1)
  Hash Cond: (ci.movie_id = t.id)
  ->  Seq Scan on cast_info ci  (cost=0.00..705507.15 rows=2312065 width=4) (actual time=0.018..11454.283 rows=2258815 loops=1)
        Filter: (person_id < 219975)
        Rows Removed by Filter: 33985529
  ->  Hash  (cost=73925.90..73925.90 rows=1359088 width=4) (actual time=1966.562..1966.562 rows=1438695 loops=1)
        Buckets: 131072  Batches: 32  Memory Usage: 2607kB
        ->  Seq Scan on title t  (cost=0.00..73925.90 rows=1359088 width=4) (actual time=0.018..1496.080 rows=1438695 loops=1)
              Filter: ((production_year > 1958) AND (kind_id = 7))
              Rows Removed by Filter: 1089617
Planning time: 0.791 ms
Execution time: 15260.678 ms
