Seq Scan on movie_keyword mk  (cost=0.00..81003.12 rows=4069730 width=0) (actual time=0.022..1578.879 rows=4072447 loops=1)
  Filter: (keyword_id < 39251)
  Rows Removed by Filter: 451483
Planning time: 0.342 ms
Execution time: 2088.876 ms
