Seq Scan on cast_info ci  (cost=0.00..705507.15 rows=5141845 width=0) (actual time=1200.630..11456.910 rows=5199723 loops=1)
  Filter: (person_id > 3144127)
  Rows Removed by Filter: 31044621
Planning time: 0.321 ms
Execution time: 12129.702 ms
