Hash Join  (cost=83073.66..110002.71 rows=11 width=0) (actual time=1288.688..1804.778 rows=149 loops=1)
  Hash Cond: (mi_idx.movie_id = t.id)
  ->  Seq Scan on movie_info_idx mi_idx  (cost=0.00..25185.44 rows=464934 width=4) (actual time=0.025..452.981 rows=460185 loops=1)
        Filter: (info_type_id > 100)
        Rows Removed by Filter: 919850
  ->  Hash  (cost=83072.90..83072.90 rows=61 width=8) (actual time=1287.641..1287.641 rows=181 loops=1)
        Buckets: 1024  Batches: 1  Memory Usage: 16kB
        ->  Nested Loop  (cost=0.43..83072.90 rows=61 width=8) (actual time=29.290..1287.411 rows=181 loops=1)
              ->  Seq Scan on movie_keyword mk  (cost=0.00..81003.12 rows=246 width=4) (actual time=9.717..1272.720 rows=225 loops=1)
                    Filter: (keyword_id = 19891)
                    Rows Removed by Filter: 4523705
              ->  Index Scan using title_pkey on title t  (cost=0.43..8.40 rows=1 width=4) (actual time=0.062..0.062 rows=1 loops=225)
                    Index Cond: (id = mk.movie_id)
                    Filter: ((kind_id < 2) AND (production_year > 1919))
                    Rows Removed by Filter: 0
Planning time: 0.800 ms
Execution time: 1804.947 ms
