Hash Join  (cost=133735.76..862173.31 rows=1358 width=0) (actual time=2707.654..14565.297 rows=1690 loops=1)
  Hash Cond: (ci.movie_id = t.id)
  ->  Seq Scan on cast_info ci  (cost=0.00..705507.15 rows=6111154 width=4) (actual time=537.103..11352.090 rows=6017174 loops=1)
        Filter: (person_id < 581394)
        Rows Removed by Filter: 30227170
  ->  Hash  (cost=133728.73..133728.73 rows=562 width=8) (actual time=2169.147..2169.147 rows=469 loops=1)
        Buckets: 1024  Batches: 1  Memory Usage: 27kB
        ->  Hash Join  (cost=73962.22..133728.73 rows=562 width=8) (actual time=1486.228..2168.759 rows=469 loops=1)
              Hash Cond: (mc.movie_id = t.id)
              ->  Seq Scan on movie_companies mc  (cost=0.00..57926.93 rows=489056 width=4) (actual time=360.899..991.685 rows=283671 loops=1)
                    Filter: ((company_id < 3909) AND (company_type_id > 1))
                    Rows Removed by Filter: 2325458
              ->  Hash  (cost=73925.90..73925.90 rows=2905 width=4) (actual time=1124.546..1124.546 rows=3178 loops=1)
                    Buckets: 4096  Batches: 1  Memory Usage: 144kB
                    ->  Seq Scan on title t  (cost=0.00..73925.90 rows=2905 width=4) (actual time=0.083..1122.754 rows=3178 loops=1)
                          Filter: ((kind_id < 7) AND (production_year = 1954))
                          Rows Removed by Filter: 2525134
Planning time: 1.238 ms
Execution time: 14566.093 ms
