Seq Scan on cast_info ci  (cost=0.00..796071.18 rows=131 width=0) (actual time=3802.771..12875.652 rows=25 loops=1)
  Filter: ((role_id > 4) AND (person_id = 4005888))
  Rows Removed by Filter: 36244319
Planning time: 0.432 ms
Execution time: 12875.771 ms
