Hash Join  (cost=91959.31..950033.57 rows=1892667 width=0) (actual time=3355.244..20032.987 rows=3087346 loops=1)
  Hash Cond: (ci.movie_id = t.id)
  ->  Seq Scan on cast_info ci  (cost=0.00..796071.18 rows=3223843 width=4) (actual time=1545.259..14515.654 rows=4161840 loops=1)
        Filter: ((person_id > 1093662) AND (role_id > 9))
        Rows Removed by Filter: 32082504
  ->  Hash  (cost=67604.59..67604.59 rows=1484458 width=4) (actual time=1808.345..1808.345 rows=1485030 loops=1)
        Buckets: 131072  Batches: 32  Memory Usage: 2655kB
        ->  Seq Scan on title t  (cost=0.00..67604.59 rows=1484458 width=4) (actual time=0.037..1333.559 rows=1485030 loops=1)
              Filter: (production_year > 1998)
              Rows Removed by Filter: 1043282
Planning time: 0.791 ms
Execution time: 20355.913 ms
