Hash Join  (cost=1022828.84..1714862.54 rows=16436496 width=0) (actual time=21662.272..44810.926 rows=29102269 loops=1)
  Hash Cond: (mi.movie_id = t.id)
  ->  Seq Scan on movie_info mi  (cost=0.00..309384.22 rows=14739122 width=4) (actual time=0.023..6190.285 rows=14835720 loops=1)
  ->  Hash  (cost=976567.41..976567.41 rows=2819715 width=8) (actual time=21660.256..21660.256 rows=3195066 loops=1)
        Buckets: 131072  Batches: 64  Memory Usage: 2980kB
        ->  Hash Join  (cost=102767.86..976567.41 rows=2819715 width=8) (actual time=2104.865..20697.286 rows=3195066 loops=1)
              Hash Cond: (ci.movie_id = t.id)
              ->  Seq Scan on cast_info ci  (cost=0.00..796071.18 rows=2819715 width=4) (actual time=0.128..15389.723 rows=3195066 loops=1)
                    Filter: ((person_id > 1031798) AND (role_id = 3))
                    Rows Removed by Filter: 33049278
              ->  Hash  (cost=61283.27..61283.27 rows=2528527 width=4) (actual time=2103.856..2103.856 rows=2528312 loops=1)
                    Buckets: 131072  Batches: 64  Memory Usage: 2415kB
                    ->  Seq Scan on title t  (cost=0.00..61283.27 rows=2528527 width=4) (actual time=0.015..1236.769 rows=2528312 loops=1)
Planning time: 1.194 ms
Execution time: 48268.204 ms
