Hash Join  (cost=113464.20..1109426.69 rows=1219332 width=0) (actual time=2202.215..27838.519 rows=2295450 loops=1)
  Hash Cond: (ci.movie_id = t.id)
  ->  Seq Scan on cast_info ci  (cost=0.00..705507.15 rows=24022411 width=4) (actual time=0.017..16188.729 rows=24130698 loops=1)
        Filter: (role_id < 4)
        Rows Removed by Filter: 12113646
  ->  Hash  (cost=111357.91..111357.91 rows=128343 width=8) (actual time=2201.054..2201.054 rows=125931 loops=1)
        Buckets: 131072  Batches: 2  Memory Usage: 3481kB
        ->  Hash Join  (cost=71463.00..111357.91 rows=128343 width=8) (actual time=1104.392..2163.097 rows=125931 loops=1)
              Hash Cond: (mi_idx.movie_id = t.id)
              ->  Seq Scan on movie_info_idx mi_idx  (cost=0.00..21735.35 rows=1380035 width=4) (actual time=0.014..462.829 rows=1380035 loops=1)
              ->  Hash  (cost=67604.59..67604.59 rows=235153 width=4) (actual time=1102.068..1102.068 rows=230883 loops=1)
                    Buckets: 131072  Batches: 4  Memory Usage: 3052kB
                    ->  Seq Scan on title t  (cost=0.00..67604.59 rows=235153 width=4) (actual time=0.074..1010.418 rows=230883 loops=1)
                          Filter: (production_year < 1959)
                          Rows Removed by Filter: 2297429
Planning time: 1.192 ms
Execution time: 28123.308 ms
