Seq Scan on cast_info ci  (cost=0.00..705507.15 rows=500 width=0) (actual time=2030.296..8485.778 rows=98 loops=1)
  Filter: (person_id = 2767810)
  Rows Removed by Filter: 36244246
Planning time: 0.414 ms
Execution time: 8485.883 ms
