Seq Scan on movie_keyword mk  (cost=0.00..81003.12 rows=2957191 width=0) (actual time=0.021..1464.864 rows=2940258 loops=1)
  Filter: (keyword_id < 9832)
  Rows Removed by Filter: 1583672
Planning time: 0.322 ms
Execution time: 1831.038 ms
