Hash Join  (cost=187311.14..1243754.46 rows=2203919 width=0) (actual time=3633.690..32161.086 rows=6905628 loops=1)
  Hash Cond: (ci.movie_id = t.id)
  ->  Seq Scan on cast_info ci  (cost=0.00..614943.12 rows=36225612 width=4) (actual time=0.011..12865.739 rows=36244344 loops=1)
  ->  Hash  (cost=184787.24..184787.24 rows=153832 width=8) (actual time=3632.685..3632.685 rows=110692 loops=1)
        Buckets: 131072  Batches: 4  Memory Usage: 2073kB
        ->  Hash Join  (cost=69928.56..184787.24 rows=153832 width=8) (actual time=1072.568..3595.098 rows=110692 loops=1)
              Hash Cond: (mk.movie_id = t.id)
              ->  Seq Scan on movie_keyword mk  (cost=0.00..81003.12 rows=2746996 width=4) (actual time=0.026..1630.907 rows=2738414 loops=1)
                    Filter: (keyword_id > 2890)
                    Rows Removed by Filter: 1785516
              ->  Hash  (cost=67604.59..67604.59 rows=141598 width=4) (actual time=1071.537..1071.537 rows=141703 loops=1)
                    Buckets: 131072  Batches: 2  Memory Usage: 3517kB
                    ->  Seq Scan on title t  (cost=0.00..67604.59 rows=141598 width=4) (actual time=0.018..1015.817 rows=141703 loops=1)
                          Filter: (production_year = 2010)
                          Rows Removed by Filter: 2386609
Planning time: 1.188 ms
Execution time: 32897.424 ms
