Hash Join  (cost=174865.45..310763.42 rows=1223369 width=0) (actual time=4571.689..8995.764 rows=5223922 loops=1)
  Hash Cond: (mk.movie_id = t.id)
  ->  Seq Scan on movie_keyword mk  (cost=0.00..81003.12 rows=3380307 width=4) (actual time=0.021..1701.828 rows=3370315 loops=1)
        Filter: (keyword_id < 16158)
        Rows Removed by Filter: 1153615
  ->  Hash  (cost=159851.69..159851.69 rows=915101 width=8) (actual time=4570.795..4570.795 rows=919850 loops=1)
        Buckets: 131072  Batches: 16  Memory Usage: 3282kB
        ->  Hash Join  (cost=102767.86..159851.69 rows=915101 width=8) (actual time=2623.459..4304.623 rows=919850 loops=1)
              Hash Cond: (mi_idx.movie_id = t.id)
              ->  Seq Scan on movie_info_idx mi_idx  (cost=0.00..25185.44 rows=915101 width=4) (actual time=0.024..572.506 rows=919850 loops=1)
                    Filter: (info_type_id < 101)
                    Rows Removed by Filter: 460185
              ->  Hash  (cost=61283.27..61283.27 rows=2528527 width=4) (actual time=2622.493..2622.493 rows=2528312 loops=1)
                    Buckets: 131072  Batches: 64  Memory Usage: 2415kB
                    ->  Seq Scan on title t  (cost=0.00..61283.27 rows=2528527 width=4) (actual time=0.019..1044.791 rows=2528312 loops=1)
Planning time: 8.581 ms
Execution time: 9548.491 ms
