Hash Join  (cost=77934.62..169339.95 rows=140709 width=0) (actual time=1332.657..3625.581 rows=206719 loops=1)
  Hash Cond: (mk.movie_id = t.id)
  ->  Seq Scan on movie_keyword mk  (cost=0.00..81003.12 rows=565097 width=4) (actual time=0.027..1412.487 rows=561658 loops=1)
        Filter: (keyword_id > 32708)
        Rows Removed by Filter: 3962272
  ->  Hash  (cost=67604.59..67604.59 rows=629603 width=4) (actual time=1329.327..1329.327 rows=622851 loops=1)
        Buckets: 131072  Batches: 16  Memory Usage: 2394kB
        ->  Seq Scan on title t  (cost=0.00..67604.59 rows=629603 width=4) (actual time=0.012..1127.781 rows=622851 loops=1)
              Filter: (production_year < 1987)
              Rows Removed by Filter: 1905461
Planning time: 0.768 ms
Execution time: 3650.121 ms
