Hash Join  (cost=202680.43..923366.93 rows=101450 width=0) (actual time=5067.087..17494.705 rows=212045 loops=1)
  Hash Cond: (ci.movie_id = t.id)
  ->  Seq Scan on cast_info ci  (cost=0.00..705507.15 rows=1149559 width=4) (actual time=979.643..12198.097 rows=1093558 loops=1)
        Filter: (role_id = 9)
        Rows Removed by Filter: 35150786
  ->  Hash  (cost=199019.11..199019.11 rows=223146 width=8) (actual time=4086.506..4086.506 rows=225031 loops=1)
        Buckets: 131072  Batches: 4  Memory Usage: 3231kB
        ->  Hash Join  (cost=102767.86..199019.11 rows=223146 width=8) (actual time=2369.374..4019.857 rows=225031 loops=1)
              Hash Cond: (mk.movie_id = t.id)
              ->  Seq Scan on movie_keyword mk  (cost=0.00..81003.12 rows=223146 width=4) (actual time=168.190..1224.876 rows=225031 loops=1)
                    Filter: (keyword_id > 64051)
                    Rows Removed by Filter: 4298899
              ->  Hash  (cost=61283.27..61283.27 rows=2528527 width=4) (actual time=2199.764..2199.764 rows=2528312 loops=1)
                    Buckets: 131072  Batches: 64  Memory Usage: 2425kB
                    ->  Seq Scan on title t  (cost=0.00..61283.27 rows=2528527 width=4) (actual time=0.022..1019.489 rows=2528312 loops=1)
Planning time: 1.123 ms
Execution time: 17519.240 ms
