Hash Join  (cost=332461.33..1961649.74 rows=49142222 width=0) (actual time=9041.576..81726.618 rows=168670798 loops=1)
  Hash Cond: (ci.movie_id = t.id)
  ->  Seq Scan on cast_info ci  (cost=0.00..614943.12 rows=36225612 width=4) (actual time=0.018..13704.381 rows=36244344 loops=1)
  ->  Hash  (cost=276186.09..276186.09 rows=3430099 width=8) (actual time=9040.400..9040.400 rows=3423354 loops=1)
        Buckets: 131072  Batches: 64  Memory Usage: 3135kB
        ->  Hash Join  (cost=102767.86..276186.09 rows=3430099 width=8) (actual time=2024.783..7994.326 rows=3423354 loops=1)
              Hash Cond: (mk.movie_id = t.id)
              ->  Seq Scan on movie_keyword mk  (cost=0.00..81003.12 rows=3430099 width=4) (actual time=0.019..1886.839 rows=3423354 loops=1)
                    Filter: (keyword_id > 1129)
                    Rows Removed by Filter: 1100576
              ->  Hash  (cost=61283.27..61283.27 rows=2528527 width=4) (actual time=2023.582..2023.582 rows=2528312 loops=1)
                    Buckets: 131072  Batches: 64  Memory Usage: 2425kB
                    ->  Seq Scan on title t  (cost=0.00..61283.27 rows=2528527 width=4) (actual time=0.012..1135.082 rows=2528312 loops=1)
Planning time: 1.107 ms
Execution time: 100509.405 ms
