Seq Scan on cast_info ci  (cost=0.00..705507.15 rows=8576134 width=0) (actual time=0.035..10272.291 rows=8573962 loops=1)
  Filter: (person_id > 2830431)
  Rows Removed by Filter: 27670382
Planning time: 0.204 ms
Execution time: 11317.741 ms
