Seq Scan on movie_keyword mk  (cost=0.00..81003.12 rows=4140316 width=0) (actual time=0.020..1730.842 rows=4142836 loops=1)
  Filter: (keyword_id < 44852)
  Rows Removed by Filter: 381094
Planning time: 0.344 ms
Execution time: 2241.542 ms
