Hash Join  (cost=52284.99..420572.42 rows=242 width=0) (actual time=1989.417..6810.150 rows=123 loops=1)
  Hash Cond: (mi.movie_id = t.id)
  ->  Seq Scan on movie_info mi  (cost=0.00..346232.03 rows=5880796 width=4) (actual time=278.428..5273.467 rows=5869026 loops=1)
        Filter: (info_type_id > 13)
        Rows Removed by Filter: 8966694
  ->  Hash  (cost=52283.69..52283.69 rows=104 width=8) (actual time=786.110..786.110 rows=95 loops=1)
        Buckets: 1024  Batches: 1  Memory Usage: 12kB
        ->  Nested Loop  (cost=0.43..52283.69 rows=104 width=8) (actual time=131.929..786.040 rows=95 loops=1)
              ->  Seq Scan on movie_companies mc  (cost=0.00..51404.11 rows=104 width=4) (actual time=131.846..780.465 rows=95 loops=1)
                    Filter: (company_id = 92502)
                    Rows Removed by Filter: 2609034
              ->  Index Only Scan using title_pkey on title t  (cost=0.43..8.45 rows=1 width=4) (actual time=0.056..0.057 rows=1 loops=95)
                    Index Cond: (id = mc.movie_id)
                    Heap Fetches: 95
Planning time: 1.110 ms
Execution time: 6810.326 ms
