Seq Scan on movie_companies mc  (cost=0.00..51404.11 rows=104 width=0) (actual time=323.001..744.150 rows=183 loops=1)
  Filter: (company_id = 4101)
  Rows Removed by Filter: 2608946
Planning time: 0.365 ms
Execution time: 744.280 ms
