Hash Join  (cost=86534.07..195264.90 rows=514616 width=0) (actual time=3205.357..4140.931 rows=138970 loops=1)
  Hash Cond: (mk.movie_id = t.id)
  ->  Seq Scan on movie_keyword mk  (cost=0.00..81003.12 rows=1693212 width=4) (actual time=0.024..1598.064 rows=1705091 loops=1)
        Filter: (keyword_id > 8443)
        Rows Removed by Filter: 2818839
  ->  Hash  (cost=73925.90..73925.90 rows=768493 width=4) (actual time=1613.220..1613.220 rows=840010 loops=1)
        Buckets: 131072  Batches: 16  Memory Usage: 2883kB
        ->  Seq Scan on title t  (cost=0.00..73925.90 rows=768493 width=4) (actual time=0.018..1323.141 rows=840010 loops=1)
              Filter: ((production_year > 2002) AND (kind_id = 7))
              Rows Removed by Filter: 1688302
Planning time: 0.722 ms
Execution time: 4158.058 ms
