Seq Scan on movie_keyword mk  (cost=0.00..81003.12 rows=4493425 width=0) (actual time=0.023..1532.639 rows=4496601 loops=1)
  Filter: (keyword_id < 112261)
  Rows Removed by Filter: 27329
Planning time: 0.331 ms
Execution time: 2073.890 ms
