Seq Scan on movie_keyword mk  (cost=0.00..81003.12 rows=3449309 width=0) (actual time=0.009..1513.595 rows=3439396 loops=1)
  Filter: (keyword_id > 1095)
  Rows Removed by Filter: 1084534
Planning time: 0.324 ms
Execution time: 1938.349 ms
