Hash Join  (cost=74553.12..129736.40 rows=51776 width=0) (actual time=1355.192..2699.406 rows=84247 loops=1)
  Hash Cond: (mc.movie_id = t.id)
  ->  Seq Scan on movie_companies mc  (cost=0.00..44881.29 rows=2609129 width=4) (actual time=0.018..761.726 rows=2609129 loops=1)
  ->  Hash  (cost=73925.90..73925.90 rows=50177 width=4) (actual time=1174.139..1174.139 rows=64542 loops=1)
        Buckets: 65536  Batches: 1  Memory Usage: 2782kB
        ->  Seq Scan on title t  (cost=0.00..73925.90 rows=50177 width=4) (actual time=0.025..1150.734 rows=64542 loops=1)
              Filter: ((production_year > 2004) AND (kind_id = 4))
              Rows Removed by Filter: 2463770
Planning time: 0.689 ms
Execution time: 2711.082 ms
