Hash Join  (cost=102767.86..253505.43 rows=2487535 width=0) (actual time=2060.664..6133.777 rows=2481413 loops=1)
  Hash Cond: (mk.movie_id = t.id)
  ->  Seq Scan on movie_keyword mk  (cost=0.00..81003.12 rows=2487535 width=4) (actual time=0.025..1695.365 rows=2481413 loops=1)
        Filter: (keyword_id < 6019)
        Rows Removed by Filter: 2042517
  ->  Hash  (cost=61283.27..61283.27 rows=2528527 width=4) (actual time=2059.080..2059.080 rows=2528312 loops=1)
        Buckets: 131072  Batches: 64  Memory Usage: 2425kB
        ->  Seq Scan on title t  (cost=0.00..61283.27 rows=2528527 width=4) (actual time=0.012..1186.027 rows=2528312 loops=1)
Planning time: 0.794 ms
Execution time: 6441.063 ms
