Seq Scan on cast_info ci  (cost=0.00..705507.15 rows=500 width=0) (actual time=3551.090..11376.466 rows=94 loops=1)
  Filter: (person_id = 770856)
  Rows Removed by Filter: 36244250
Planning time: 0.345 ms
Execution time: 11376.591 ms
