Hash Join  (cost=78178.99..544708.63 rows=971445 width=0) (actual time=1649.182..11957.983 rows=217196 loops=1)
  Hash Cond: (mi.movie_id = t.id)
  ->  Seq Scan on movie_info mi  (cost=0.00..346232.03 rows=9476311 width=4) (actual time=289.303..6782.802 rows=9565151 loops=1)
        Filter: (info_type_id < 16)
        Rows Removed by Filter: 5270569
  ->  Hash  (cost=73925.90..73925.90 rows=259207 width=4) (actual time=1358.739..1358.739 rows=271195 loops=1)
        Buckets: 131072  Batches: 4  Memory Usage: 3430kB
        ->  Seq Scan on title t  (cost=0.00..73925.90 rows=259207 width=4) (actual time=0.123..1265.468 rows=271195 loops=1)
              Filter: ((kind_id > 3) AND (production_year > 2010))
              Rows Removed by Filter: 2257117
Planning time: 0.741 ms
Execution time: 11984.021 ms
