Hash Join  (cost=195799.80..593522.66 rows=300715 width=0) (actual time=3987.520..12774.727 rows=359099 loops=1)
  Hash Cond: (mi.movie_id = t.id)
  ->  Seq Scan on movie_info mi  (cost=0.00..346232.03 rows=12928982 width=4) (actual time=63.416..5731.350 rows=12970088 loops=1)
        Filter: (info_type_id < 18)
        Rows Removed by Filter: 1865632
  ->  Hash  (cost=195064.66..195064.66 rows=58811 width=8) (actual time=3897.326..3897.326 rows=58448 loops=1)
        Buckets: 65536  Batches: 1  Memory Usage: 2796kB
        ->  Hash Join  (cost=102767.86..195064.66 rows=58811 width=8) (actual time=2078.289..3874.780 rows=58448 loops=1)
              Hash Cond: (mk.movie_id = t.id)
              ->  Seq Scan on movie_keyword mk  (cost=0.00..81003.12 rows=58811 width=4) (actual time=0.055..1306.108 rows=58448 loops=1)
                    Filter: (keyword_id = 16264)
                    Rows Removed by Filter: 4465482
              ->  Hash  (cost=61283.27..61283.27 rows=2528527 width=4) (actual time=2077.452..2077.452 rows=2528312 loops=1)
                    Buckets: 131072  Batches: 64  Memory Usage: 2425kB
                    ->  Seq Scan on title t  (cost=0.00..61283.27 rows=2528527 width=4) (actual time=0.017..1213.604 rows=2528312 loops=1)
Planning time: 1.159 ms
Execution time: 12818.957 ms
