Hash Join  (cost=140694.45..960436.86 rows=283838 width=0) (actual time=2462.004..20221.601 rows=711204 loops=1)
  Hash Cond: (ci.movie_id = t.id)
  ->  Seq Scan on cast_info ci  (cost=0.00..705507.15 rows=29705834 width=4) (actual time=0.011..11709.445 rows=29811054 loops=1)
        Filter: (person_id > 621123)
        Rows Removed by Filter: 6433290
  ->  Hash  (cost=140392.45..140392.45 rows=24160 width=8) (actual time=2461.753..2461.753 rows=12871 loops=1)
        Buckets: 32768  Batches: 1  Memory Usage: 759kB
        ->  Hash Join  (cost=78556.72..140392.45 rows=24160 width=8) (actual time=1398.175..2456.716 rows=12871 loops=1)
              Hash Cond: (mc.movie_id = t.id)
              ->  Seq Scan on movie_companies mc  (cost=0.00..57926.93 rows=91517 width=4) (actual time=0.110..881.286 rows=146931 loops=1)
                    Filter: ((company_id < 49) AND (company_type_id = 1))
                    Rows Removed by Filter: 2462198
              ->  Hash  (cost=67604.59..67604.59 rows=667531 width=4) (actual time=1396.660..1396.660 rows=662825 loops=1)
                    Buckets: 131072  Batches: 16  Memory Usage: 2476kB
                    ->  Seq Scan on title t  (cost=0.00..67604.59 rows=667531 width=4) (actual time=2.612..1194.837 rows=662825 loops=1)
                          Filter: (kind_id = 1)
                          Rows Removed by Filter: 1865487
Planning time: 1.196 ms
Execution time: 20315.442 ms
