Hash Join  (cost=102767.86..290199.93 rows=4012489 width=0) (actual time=1930.784..7141.689 rows=4020149 loops=1)
  Hash Cond: (mk.movie_id = t.id)
  ->  Seq Scan on movie_keyword mk  (cost=0.00..81003.12 rows=4012489 width=4) (actual time=0.022..1790.899 rows=4020149 loops=1)
        Filter: (keyword_id < 35962)
        Rows Removed by Filter: 503781
  ->  Hash  (cost=61283.27..61283.27 rows=2528527 width=4) (actual time=1928.379..1928.379 rows=2528312 loops=1)
        Buckets: 131072  Batches: 64  Memory Usage: 2425kB
        ->  Seq Scan on title t  (cost=0.00..61283.27 rows=2528527 width=4) (actual time=0.014..1072.809 rows=2528312 loops=1)
Planning time: 0.494 ms
Execution time: 7635.178 ms
