Hash Join  (cost=201090.14..1369588.72 rows=13111941 width=0) (actual time=4423.182..43774.897 rows=31485187 loops=1)
  Hash Cond: (ci.movie_id = t.id)
  ->  Seq Scan on cast_info ci  (cost=0.00..614943.12 rows=36225612 width=4) (actual time=0.022..13532.453 rows=36244344 loops=1)
  ->  Hash  (cost=186074.07..186074.07 rows=915206 width=8) (actual time=4422.122..4422.122 rows=914896 loops=1)
        Buckets: 131072  Batches: 16  Memory Usage: 3238kB
        ->  Hash Join  (cost=102767.86..186074.07 rows=915206 width=8) (actual time=2051.980..4156.938 rows=914896 loops=1)
              Hash Cond: (mc.movie_id = t.id)
              ->  Seq Scan on movie_companies mc  (cost=0.00..51404.11 rows=915206 width=4) (actual time=0.025..975.261 rows=914896 loops=1)
                    Filter: (company_id < 3111)
                    Rows Removed by Filter: 1694233
              ->  Hash  (cost=61283.27..61283.27 rows=2528527 width=4) (actual time=2048.590..2048.590 rows=2528312 loops=1)
                    Buckets: 131072  Batches: 64  Memory Usage: 2415kB
                    ->  Seq Scan on title t  (cost=0.00..61283.27 rows=2528527 width=4) (actual time=0.021..1197.454 rows=2528312 loops=1)
Planning time: 1.157 ms
Execution time: 47337.371 ms
