Hash Join  (cost=159495.55..247243.71 rows=24665 width=0) (actual time=3140.786..4890.256 rows=58347 loops=1)
  Hash Cond: (mk.movie_id = t.id)
  ->  Seq Scan on movie_keyword mk  (cost=0.00..81003.12 rows=1732902 width=4) (actual time=0.021..1417.408 rows=1742119 loops=1)
        Filter: (keyword_id < 2849)
        Rows Removed by Filter: 2781811
  ->  Hash  (cost=159045.69..159045.69 rows=35989 width=8) (actual time=3140.246..3140.246 rows=45532 loops=1)
        Buckets: 65536  Batches: 1  Memory Usage: 2291kB
        ->  Hash Join  (cost=99161.12..159045.69 rows=35989 width=8) (actual time=2013.027..3124.273 rows=45532 loops=1)
              Hash Cond: (mc.movie_id = t.id)
              ->  Seq Scan on movie_companies mc  (cost=0.00..51404.11 rows=47312 width=4) (actual time=0.095..778.070 rows=47252 loops=1)
                    Filter: (company_id = 19)
                    Rows Removed by Filter: 2561877
              ->  Hash  (cost=67604.59..67604.59 rows=1923403 width=4) (actual time=2010.040..2010.040 rows=1922849 loops=1)
                    Buckets: 131072  Batches: 32  Memory Usage: 3132kB
                    ->  Seq Scan on title t  (cost=0.00..67604.59 rows=1923403 width=4) (actual time=0.020..1396.202 rows=1922849 loops=1)
                          Filter: (production_year < 2010)
                          Rows Removed by Filter: 605463
Planning time: 1.178 ms
Execution time: 4897.910 ms
