Hash Join  (cost=110206.27..493315.05 rows=105801 width=0) (actual time=6316.987..9164.649 rows=214169 loops=1)
  Hash Cond: (mi.movie_id = t.id)
  ->  Seq Scan on movie_info mi  (cost=0.00..346232.03 rows=3068194 width=4) (actual time=4020.937..5716.630 rows=3036719 loops=1)
        Filter: (info_type_id = 16)
        Rows Removed by Filter: 11799001
  ->  Hash  (cost=108775.37..108775.37 rows=87192 width=8) (actual time=2294.586..2294.586 rows=98537 loops=1)
        Buckets: 131072  Batches: 2  Memory Usage: 2958kB
        ->  Hash Join  (cost=75570.05..108775.37 rows=87192 width=8) (actual time=1524.641..2264.276 rows=98537 loops=1)
              Hash Cond: (mi_idx.movie_id = t.id)
              ->  Seq Scan on movie_info_idx mi_idx  (cost=0.00..25185.44 rows=454124 width=4) (actual time=0.033..444.639 rows=459925 loops=1)
                    Filter: (info_type_id = 100)
                    Rows Removed by Filter: 920110
              ->  Hash  (cost=67604.59..67604.59 rows=485477 width=4) (actual time=1523.757..1523.757 rows=479601 loops=1)
                    Buckets: 131072  Batches: 8  Memory Usage: 3125kB
                    ->  Seq Scan on title t  (cost=0.00..67604.59 rows=485477 width=4) (actual time=0.018..1225.250 rows=479601 loops=1)
                          Filter: (production_year < 1978)
                          Rows Removed by Filter: 2048711
Planning time: 1.137 ms
Execution time: 9193.129 ms
