Hash Join  (cost=122293.68..208963.90 rows=1218 width=0) (actual time=2236.064..4084.123 rows=13737 loops=1)
  Hash Cond: (mk.movie_id = t.id)
  ->  Seq Scan on movie_keyword mk  (cost=0.00..69693.30 rows=4523930 width=4) (actual time=0.013..1004.196 rows=4523930 loops=1)
  ->  Hash  (cost=122285.17..122285.17 rows=681 width=8) (actual time=2232.761..2232.761 rows=6325 loops=1)
        Buckets: 8192 (originally 1024)  Batches: 1 (originally 1)  Memory Usage: 312kB
        ->  Hash Join  (cost=67612.84..122285.17 rows=681 width=8) (actual time=992.879..2229.809 rows=6325 loops=1)
              Hash Cond: (mc.movie_id = t.id)
              ->  Seq Scan on movie_companies mc  (cost=0.00..44881.29 rows=2609129 width=4) (actual time=0.015..707.513 rows=2609129 loops=1)
              ->  Hash  (cost=67604.59..67604.59 rows=660 width=4) (actual time=992.587..992.587 rows=3515 loops=1)
                    Buckets: 4096 (originally 1024)  Batches: 1 (originally 1)  Memory Usage: 156kB
                    ->  Seq Scan on title t  (cost=0.00..67604.59 rows=660 width=4) (actual time=0.323..990.730 rows=3515 loops=1)
                          Filter: (production_year > 2013)
                          Rows Removed by Filter: 2524797
Planning time: 1.132 ms
Execution time: 4086.202 ms
