Hash Join  (cost=260414.87..1258122.88 rows=11984457 width=0) (actual time=13959.698..34752.916 rows=25193268 loops=1)
  Hash Cond: (ci.movie_id = t.id)
  ->  Seq Scan on cast_info ci  (cost=0.00..705507.15 rows=12726058 width=4) (actual time=7439.881..14418.816 rows=12670688 loops=1)
        Filter: (role_id = 1)
        Rows Removed by Filter: 23573656
  ->  Hash  (cost=221348.13..221348.13 rows=2381179 width=8) (actual time=6518.939..6518.939 rows=2379578 loops=1)
        Buckets: 131072  Batches: 32  Memory Usage: 3886kB
        ->  Hash Join  (cost=102767.86..221348.13 rows=2381179 width=8) (actual time=1956.292..5810.022 rows=2379578 loops=1)
              Hash Cond: (mc.movie_id = t.id)
              ->  Seq Scan on movie_companies mc  (cost=0.00..51404.11 rows=2381179 width=4) (actual time=0.026..1255.079 rows=2379578 loops=1)
                    Filter: (company_id < 105561)
                    Rows Removed by Filter: 229551
              ->  Hash  (cost=61283.27..61283.27 rows=2528527 width=4) (actual time=1955.290..1955.290 rows=2528312 loops=1)
                    Buckets: 131072  Batches: 64  Memory Usage: 2415kB
                    ->  Seq Scan on title t  (cost=0.00..61283.27 rows=2528527 width=4) (actual time=0.016..1120.709 rows=2528312 loops=1)
Planning time: 0.737 ms
Execution time: 37592.826 ms
