Hash Join  (cost=74225.48..101266.76 rows=13080 width=0) (actual time=965.314..1691.818 rows=11391 loops=1)
  Hash Cond: (mi_idx.movie_id = t.id)
  ->  Seq Scan on movie_info_idx mi_idx  (cost=0.00..21735.35 rows=1380035 width=4) (actual time=0.020..396.147 rows=1380035 loops=1)
  ->  Hash  (cost=73925.90..73925.90 rows=23966 width=4) (actual time=964.232..964.232 rows=26890 loops=1)
        Buckets: 32768  Batches: 1  Memory Usage: 1202kB
        ->  Seq Scan on title t  (cost=0.00..73925.90 rows=23966 width=4) (actual time=0.091..954.305 rows=26890 loops=1)
              Filter: ((kind_id > 3) AND (production_year = 1996))
              Rows Removed by Filter: 2501422
Planning time: 0.737 ms
Execution time: 1693.547 ms
