Hash Join  (cost=83074.74..464852.16 rows=922 width=0) (actual time=1386.821..8902.908 rows=455 loops=1)
  Hash Cond: (mi.movie_id = t.id)
  ->  Seq Scan on movie_info mi  (cost=0.00..346232.03 rows=9476311 width=4) (actual time=128.785..6357.141 rows=9565151 loops=1)
        Filter: (info_type_id < 16)
        Rows Removed by Filter: 5270569
  ->  Hash  (cost=83071.67..83071.67 rows=246 width=8) (actual time=1256.519..1256.519 rows=26 loops=1)
        Buckets: 1024  Batches: 1  Memory Usage: 10kB
        ->  Nested Loop  (cost=0.43..83071.67 rows=246 width=8) (actual time=145.135..1256.451 rows=26 loops=1)
              ->  Seq Scan on movie_keyword mk  (cost=0.00..81003.12 rows=246 width=4) (actual time=145.036..1255.010 rows=26 loops=1)
                    Filter: (keyword_id = 5056)
                    Rows Removed by Filter: 4523904
              ->  Index Only Scan using title_pkey on title t  (cost=0.43..8.40 rows=1 width=4) (actual time=0.047..0.048 rows=1 loops=26)
                    Index Cond: (id = mk.movie_id)
                    Heap Fetches: 26
Planning time: 1.161 ms
Execution time: 8903.204 ms
