Hash Join  (cost=365418.15..2056833.20 rows=45576343 width=0) (actual time=8713.641..75723.709 rows=144643052 loops=1)
  Hash Cond: (ci.movie_id = t.id)
  ->  Seq Scan on cast_info ci  (cost=0.00..796071.18 rows=25473651 width=4) (actual time=0.014..19237.258 rows=27586685 loops=1)
        Filter: ((person_id < 2960607) AND (role_id < 10))
        Rows Removed by Filter: 8657659
  ->  Hash  (cost=291197.02..291197.02 rows=4523930 width=8) (actual time=8712.778..8712.778 rows=4523930 loops=1)
        Buckets: 131072  Batches: 64  Memory Usage: 3816kB
        ->  Hash Join  (cost=102767.86..291197.02 rows=4523930 width=8) (actual time=2028.420..7362.789 rows=4523930 loops=1)
              Hash Cond: (mk.movie_id = t.id)
              ->  Seq Scan on movie_keyword mk  (cost=0.00..69693.30 rows=4523930 width=4) (actual time=0.027..1457.249 rows=4523930 loops=1)
              ->  Hash  (cost=61283.27..61283.27 rows=2528527 width=4) (actual time=2027.023..2027.023 rows=2528312 loops=1)
                    Buckets: 131072  Batches: 64  Memory Usage: 2425kB
                    ->  Seq Scan on title t  (cost=0.00..61283.27 rows=2528527 width=4) (actual time=0.016..1148.207 rows=2528312 loops=1)
Planning time: 1.234 ms
Execution time: 91308.751 ms
