Hash Join  (cost=198215.01..302206.41 rows=441144 width=0) (actual time=4656.345..7398.737 rows=1792862 loops=1)
  Hash Cond: (mk.movie_id = t.id)
  ->  Seq Scan on movie_keyword mk  (cost=0.00..81003.12 rows=1321289 width=4) (actual time=0.028..1549.717 rows=1332412 loops=1)
        Filter: (keyword_id < 1741)
        Rows Removed by Filter: 3191518
  ->  Hash  (cost=184364.38..184364.38 rows=844210 width=8) (actual time=4655.128..4655.128 rows=853568 loops=1)
        Buckets: 131072  Batches: 16  Memory Usage: 3136kB
        ->  Hash Join  (cost=102767.86..184364.38 rows=844210 width=8) (actual time=2189.513..4353.774 rows=853568 loops=1)
              Hash Cond: (mc.movie_id = t.id)
              ->  Seq Scan on movie_companies mc  (cost=0.00..51404.11 rows=844210 width=4) (actual time=180.856..966.322 rows=853568 loops=1)
                    Filter: (company_id > 24845)
                    Rows Removed by Filter: 1755561
              ->  Hash  (cost=61283.27..61283.27 rows=2528527 width=4) (actual time=2006.676..2006.676 rows=2528312 loops=1)
                    Buckets: 131072  Batches: 64  Memory Usage: 2415kB
                    ->  Seq Scan on title t  (cost=0.00..61283.27 rows=2528527 width=4) (actual time=0.023..1158.387 rows=2528312 loops=1)
Planning time: 1.075 ms
Execution time: 7609.580 ms
