Hash Join  (cost=583046.46..1477645.10 rows=8203425 width=0) (actual time=11869.795..32211.302 rows=15578720 loops=1)
  Hash Cond: (ci.movie_id = t.id)
  ->  Seq Scan on cast_info ci  (cost=0.00..705507.15 rows=6760518 width=4) (actual time=94.636..11286.939 rows=6692978 loops=1)
        Filter: (person_id < 646639)
        Rows Removed by Filter: 29551366
  ->  Hash  (cost=532708.04..532708.04 rows=3068194 width=8) (actual time=11773.465..11773.465 rows=3036719 loops=1)
        Buckets: 131072  Batches: 64  Memory Usage: 2881kB
        ->  Hash Join  (cost=102767.86..532708.04 rows=3068194 width=8) (actual time=1931.005..10386.007 rows=3036719 loops=1)
              Hash Cond: (mi.movie_id = t.id)
              ->  Seq Scan on movie_info mi  (cost=0.00..346232.03 rows=3068194 width=4) (actual time=0.028..5643.450 rows=3036719 loops=1)
                    Filter: (info_type_id = 16)
                    Rows Removed by Filter: 11799001
              ->  Hash  (cost=61283.27..61283.27 rows=2528527 width=4) (actual time=1930.029..1930.029 rows=2528312 loops=1)
                    Buckets: 131072  Batches: 64  Memory Usage: 2425kB
                    ->  Seq Scan on title t  (cost=0.00..61283.27 rows=2528527 width=4) (actual time=0.018..1061.455 rows=2528312 loops=1)
Planning time: 2.778 ms
Execution time: 33894.743 ms
