Hash Join  (cost=69374.09..1139075.27 rows=1293603 width=0) (actual time=1215.259..28481.487 rows=1407125 loops=1)
  Hash Cond: (ci.movie_id = t.id)
  ->  Seq Scan on cast_info ci  (cost=0.00..705507.15 rows=30342402 width=4) (actual time=0.011..15593.477 rows=30447677 loops=1)
        Filter: (person_id > 561419)
        Rows Removed by Filter: 5796667
  ->  Hash  (cost=67604.59..67604.59 rows=107800 width=4) (actual time=1214.204..1214.204 rows=108429 loops=1)
        Buckets: 131072  Batches: 2  Memory Usage: 2931kB
        ->  Seq Scan on title t  (cost=0.00..67604.59 rows=107800 width=4) (actual time=2.867..1170.904 rows=108429 loops=1)
              Filter: (production_year = 2006)
              Rows Removed by Filter: 2419883
Planning time: 0.581 ms
Execution time: 28659.856 ms
