Hash Join  (cost=473357.70..610301.94 rows=1226420 width=0) (actual time=8845.955..15140.150 rows=13764309 loops=1)
  Hash Cond: (mk.movie_id = t.id)
  ->  Seq Scan on movie_keyword mk  (cost=0.00..69693.30 rows=4523930 width=4) (actual time=0.019..1452.750 rows=4523930 loops=1)
  ->  Hash  (cost=462111.28..462111.28 rows=685474 width=8) (actual time=8844.950..8844.950 rows=557358 loops=1)
        Buckets: 131072  Batches: 16  Memory Usage: 2472kB
        ->  Hash Join  (cost=80562.70..462111.28 rows=685474 width=8) (actual time=2633.595..8656.175 rows=557358 loops=1)
              Hash Cond: (mi.movie_id = t.id)
              ->  Seq Scan on movie_info mi  (cost=0.00..346232.03 rows=2194617 width=4) (actual time=859.200..5518.481 rows=2233850 loops=1)
                    Filter: (info_type_id > 16)
                    Rows Removed by Filter: 12601870
              ->  Hash  (cost=67604.59..67604.59 rows=789769 width=4) (actual time=1761.628..1761.628 rows=784926 loops=1)
                    Buckets: 131072  Batches: 16  Memory Usage: 2755kB
                    ->  Seq Scan on title t  (cost=0.00..67604.59 rows=789769 width=4) (actual time=0.022..1223.448 rows=784926 loops=1)
                          Filter: (production_year > 2007)
                          Rows Removed by Filter: 1743386
Planning time: 4.743 ms
Execution time: 16640.329 ms
