Hash Join  (cost=74394.67..134421.85 rows=32807 width=0) (actual time=1056.611..2486.206 rows=60215 loops=1)
  Hash Cond: (mc.movie_id = t.id)
  ->  Seq Scan on movie_companies mc  (cost=0.00..51404.11 rows=2212000 width=4) (actual time=0.017..926.674 rows=2212199 loops=1)
        Filter: (company_id > 240)
        Rows Removed by Filter: 396930
  ->  Hash  (cost=73925.90..73925.90 rows=37501 width=4) (actual time=1056.247..1056.247 rows=32253 loops=1)
        Buckets: 65536  Batches: 1  Memory Usage: 1646kB
        ->  Seq Scan on title t  (cost=0.00..73925.90 rows=37501 width=4) (actual time=0.263..1042.994 rows=32253 loops=1)
              Filter: ((kind_id < 7) AND (production_year = 2005))
              Rows Removed by Filter: 2496059
Planning time: 1.530 ms
Execution time: 2494.815 ms
