Seq Scan on movie_keyword mk  (cost=0.00..81003.12 rows=246 width=0) (actual time=29.164..1219.591 rows=14 loops=1)
  Filter: (keyword_id = 84276)
  Rows Removed by Filter: 4523916
Planning time: 0.357 ms
Execution time: 1219.716 ms
