Seq Scan on cast_info ci  (cost=0.00..705507.15 rows=35770355 width=0) (actual time=0.024..14034.582 rows=35861926 loops=1)
  Filter: (person_id > 43651)
  Rows Removed by Filter: 382418
Planning time: 0.278 ms
Execution time: 18469.862 ms
