Seq Scan on movie_companies mc  (cost=0.00..57926.93 rows=53 width=0) (actual time=348.916..910.152 rows=1 loops=1)
  Filter: ((company_type_id > 1) AND (company_id = 178168))
  Rows Removed by Filter: 2609128
Planning time: 0.362 ms
Execution time: 910.249 ms
