Seq Scan on movie_keyword mk  (cost=0.00..81003.12 rows=2376068 width=0) (actual time=0.029..1526.870 rows=2368698 loops=1)
  Filter: (keyword_id > 4075)
  Rows Removed by Filter: 2155232
Planning time: 0.322 ms
Execution time: 1821.179 ms
