Hash Join  (cost=220379.36..783283.81 rows=3567164 width=0) (actual time=5710.757..42967.677 rows=101144319 loops=1)
  Hash Cond: (mi.movie_id = t.id)
  ->  Seq Scan on movie_info mi  (cost=0.00..346232.03 rows=13929354 width=4) (actual time=0.020..7335.087 rows=14033580 loops=1)
        Filter: (info_type_id > 1)
        Rows Removed by Filter: 802140
  ->  Hash  (cost=209755.23..209755.23 rows=647530 width=8) (actual time=5709.788..5709.788 rows=2009501 loops=1)
        Buckets: 131072 (originally 131072)  Batches: 32 (originally 16)  Memory Usage: 3525kB
        ->  Hash Join  (cost=79863.89..209755.23 rows=647530 width=8) (actual time=1501.593..5184.893 rows=2009501 loops=1)
              Hash Cond: (mk.movie_id = t.id)
              ->  Seq Scan on movie_keyword mk  (cost=0.00..69693.30 rows=4523930 width=4) (actual time=0.017..1404.480 rows=4523930 loops=1)
              ->  Hash  (cost=73925.90..73925.90 rows=361919 width=4) (actual time=1500.544..1500.544 rows=470371 loops=1)
                    Buckets: 131072  Batches: 8  Memory Usage: 3110kB
                    ->  Seq Scan on title t  (cost=0.00..73925.90 rows=361919 width=4) (actual time=0.015..1343.711 rows=470371 loops=1)
                          Filter: ((kind_id < 7) AND (production_year < 1998))
                          Rows Removed by Filter: 2057941
Planning time: 1.217 ms
Execution time: 54365.691 ms
