Hash Join  (cost=468541.99..579754.53 rows=408389 width=0) (actual time=7322.287..9306.922 rows=157076 loops=1)
  Hash Cond: (mk.movie_id = t.id)
  ->  Seq Scan on movie_keyword mk  (cost=0.00..81003.12 rows=2092675 width=4) (actual time=0.021..1530.784 rows=2089134 loops=1)
        Filter: (keyword_id > 5772)
        Rows Removed by Filter: 2434796
  ->  Hash  (cost=460445.91..460445.91 rows=493446 width=8) (actual time=6866.239..6866.239 rows=169038 loops=1)
        Buckets: 131072  Batches: 8  Memory Usage: 1845kB
        ->  Hash Join  (cost=92883.59..460445.91 rows=493446 width=8) (actual time=4041.640..6813.292 rows=169038 loops=1)
              Hash Cond: (mi.movie_id = t.id)
              ->  Seq Scan on movie_info mi  (cost=0.00..346232.03 rows=809768 width=4) (actual time=2307.460..4348.801 rows=802140 loops=1)
                    Filter: (info_type_id < 2)
                    Rows Removed by Filter: 14033580
              ->  Hash  (cost=67604.59..67604.59 rows=1540800 width=4) (actual time=1733.069..1733.069 rows=1543264 loops=1)
                    Buckets: 131072  Batches: 32  Memory Usage: 2728kB
                    ->  Seq Scan on title t  (cost=0.00..67604.59 rows=1540800 width=4) (actual time=56.513..1236.909 rows=1543264 loops=1)
                          Filter: (kind_id = 7)
                          Rows Removed by Filter: 985048
Planning time: 1.168 ms
Execution time: 9326.533 ms
