Hash Join  (cost=86810.27..922534.60 rows=774622 width=0) (actual time=1346.933..18103.194 rows=2247362 loops=1)
  Hash Cond: (ci.movie_id = t.id)
  ->  Seq Scan on cast_info ci  (cost=0.00..796071.18 rows=2494116 width=4) (actual time=0.027..12874.205 rows=6563963 loops=1)
        Filter: ((person_id > 2925539) AND (role_id > 3))
        Rows Removed by Filter: 29680381
  ->  Hash  (cost=73925.90..73925.90 rows=785309 width=4) (actual time=1346.074..1346.074 rows=695753 loops=1)
        Buckets: 131072  Batches: 16  Memory Usage: 2553kB
        ->  Seq Scan on title t  (cost=0.00..73925.90 rows=785309 width=4) (actual time=0.021..1134.094 rows=695753 loops=1)
              Filter: ((kind_id < 7) AND (production_year > 1975))
              Rows Removed by Filter: 1832559
Planning time: 0.806 ms
Execution time: 18380.086 ms
