Hash Join  (cost=58375.85..423034.86 rows=309 width=0) (actual time=801.375..8204.519 rows=2433 loops=1)
  Hash Cond: (mi.movie_id = t.id)
  ->  Seq Scan on movie_info mi  (cost=0.00..309384.22 rows=14739122 width=4) (actual time=0.009..4687.911 rows=14835720 loops=1)
  ->  Hash  (cost=58375.18..58375.18 rows=53 width=8) (actual time=799.803..799.803 rows=81 loops=1)
        Buckets: 1024  Batches: 1  Memory Usage: 12kB
        ->  Nested Loop  (cost=0.43..58375.18 rows=53 width=8) (actual time=4.662..799.732 rows=81 loops=1)
              ->  Seq Scan on movie_companies mc  (cost=0.00..57926.93 rows=53 width=4) (actual time=4.616..795.861 rows=81 loops=1)
                    Filter: ((company_id = 18160) AND (company_type_id = 2))
                    Rows Removed by Filter: 2609048
              ->  Index Only Scan using title_pkey on title t  (cost=0.43..8.45 rows=1 width=4) (actual time=0.045..0.046 rows=1 loops=81)
                    Index Cond: (id = mc.movie_id)
                    Heap Fetches: 81
Planning time: 1.521 ms
Execution time: 8205.372 ms
