Hash Join  (cost=102767.86..943932.57 rows=1463479 width=0) (actual time=4695.221..14433.539 rows=885561 loops=1)
  Hash Cond: (ci.movie_id = t.id)
  ->  Seq Scan on cast_info ci  (cost=0.00..796071.18 rows=1463479 width=4) (actual time=2799.571..11494.320 rows=885561 loops=1)
        Filter: ((person_id < 305812) AND (role_id > 2))
        Rows Removed by Filter: 35358783
  ->  Hash  (cost=61283.27..61283.27 rows=2528527 width=4) (actual time=1894.602..1894.602 rows=2528312 loops=1)
        Buckets: 131072  Batches: 64  Memory Usage: 2415kB
        ->  Seq Scan on title t  (cost=0.00..61283.27 rows=2528527 width=4) (actual time=0.016..1039.585 rows=2528312 loops=1)
Planning time: 0.780 ms
Execution time: 14532.346 ms
