Hash Join  (cost=104818.80..165477.15 rows=1237983 width=0) (actual time=2397.276..4234.049 rows=1276530 loops=1)
  Hash Cond: (mi_idx.movie_id = t.id)
  ->  Seq Scan on movie_info_idx mi_idx  (cost=0.00..21735.35 rows=1380035 width=4) (actual time=0.029..444.506 rows=1380035 loops=1)
  ->  Hash  (cost=67604.59..67604.59 rows=2268257 width=4) (actual time=2396.116..2396.116 rows=2261229 loops=1)
        Buckets: 131072  Batches: 32  Memory Usage: 3511kB
        ->  Seq Scan on title t  (cost=0.00..67604.59 rows=2268257 width=4) (actual time=0.024..1416.387 rows=2261229 loops=1)
              Filter: (production_year > 1954)
              Rows Removed by Filter: 267083
Planning time: 0.750 ms
Execution time: 4393.694 ms
