Hash Join  (cost=81530.55..177066.20 rows=252350 width=0) (actual time=1574.722..3491.590 rows=357341 loops=1)
  Hash Cond: (mk.movie_id = t.id)
  ->  Seq Scan on movie_keyword mk  (cost=0.00..81003.12 rows=751740 width=4) (actual time=0.034..1297.881 rows=758599 loops=1)
        Filter: (keyword_id > 24683)
        Rows Removed by Filter: 3765331
  ->  Hash  (cost=67604.59..67604.59 rows=848797 width=4) (actual time=1572.781..1572.781 rows=849141 loops=1)
        Buckets: 131072  Batches: 16  Memory Usage: 2899kB
        ->  Seq Scan on title t  (cost=0.00..67604.59 rows=848797 width=4) (actual time=0.021..1289.853 rows=849141 loops=1)
              Filter: (production_year < 1996)
              Rows Removed by Filter: 1679171
Planning time: 0.777 ms
Execution time: 3537.369 ms
