Hash Join  (cost=448026.41..1248046.64 rows=7332 width=0) (actual time=12149.946..17511.272 rows=6240 loops=1)
  Hash Cond: (ci.movie_id = t.id)
  ->  Seq Scan on cast_info ci  (cost=0.00..796071.18 rows=1033526 width=4) (actual time=7218.025..12432.959 rows=833234 loops=1)
        Filter: ((person_id < 2169838) AND (role_id = 8))
        Rows Removed by Filter: 35411110
  ->  Hash  (cost=447802.20..447802.20 rows=17937 width=8) (actual time=4929.959..4929.959 rows=6614 loops=1)
        Buckets: 32768  Batches: 1  Memory Usage: 515kB
        ->  Nested Loop  (cost=0.43..447802.20 rows=17937 width=8) (actual time=4666.829..4927.023 rows=6614 loops=1)
              ->  Seq Scan on movie_info mi  (cost=0.00..346232.03 rows=17937 width=4) (actual time=4666.699..4833.386 rows=6614 loops=1)
                    Filter: (info_type_id = 41)
                    Rows Removed by Filter: 14829106
              ->  Index Only Scan using title_pkey on title t  (cost=0.43..5.65 rows=1 width=4) (actual time=0.013..0.013 rows=1 loops=6614)
                    Index Cond: (id = mi.movie_id)
                    Heap Fetches: 6614
Planning time: 2.154 ms
Execution time: 17512.403 ms
