Seq Scan on movie_keyword mk  (cost=0.00..81003.12 rows=246 width=0) (actual time=0.610..1200.803 rows=613 loops=1)
  Filter: (keyword_id = 14001)
  Rows Removed by Filter: 4523317
Planning time: 0.358 ms
Execution time: 1204.952 ms
