Seq Scan on movie_keyword mk  (cost=0.00..81003.12 rows=124987 width=0) (actual time=0.032..1283.409 rows=121488 loops=1)
  Filter: (keyword_id > 77734)
  Rows Removed by Filter: 4402442
Planning time: 0.315 ms
Execution time: 1300.903 ms
