Hash Join  (cost=429397.01..1228459.84 rows=8387 width=0) (actual time=7885.243..18614.429 rows=20440 loops=1)
  Hash Cond: (ci.movie_id = t.id)
  ->  Seq Scan on cast_info ci  (cost=0.00..796071.18 rows=775410 width=4) (actual time=361.163..10911.742 rows=760853 loops=1)
        Filter: ((person_id < 84500) AND (role_id < 9))
        Rows Removed by Filter: 35483491
  ->  Hash  (cost=429055.13..429055.13 rows=27350 width=8) (actual time=7523.115..7523.115 rows=28440 loops=1)
        Buckets: 32768  Batches: 1  Memory Usage: 1367kB
        ->  Hash Join  (cost=74319.79..429055.13 rows=27350 width=8) (actual time=1202.021..7510.002 rows=28440 loops=1)
              Hash Cond: (mi.movie_id = t.id)
              ->  Seq Scan on movie_info mi  (cost=0.00..346232.03 rows=2194617 width=4) (actual time=0.022..5818.114 rows=2233850 loops=1)
                    Filter: (info_type_id > 16)
                    Rows Removed by Filter: 12601870
              ->  Hash  (cost=73925.90..73925.90 rows=31511 width=4) (actual time=1201.767..1201.767 rows=41357 loops=1)
                    Buckets: 65536 (originally 32768)  Batches: 1 (originally 1)  Memory Usage: 1966kB
                    ->  Seq Scan on title t  (cost=0.00..73925.90 rows=31511 width=4) (actual time=170.064..1184.111 rows=41357 loops=1)
                          Filter: ((production_year < 1994) AND (kind_id = 3))
                          Rows Removed by Filter: 2486955
Planning time: 1.306 ms
Execution time: 18617.549 ms
