Seq Scan on movie_keyword mk  (cost=0.00..81003.12 rows=246 width=0) (actual time=3.349..1368.425 rows=275 loops=1)
  Filter: (keyword_id = 933)
  Rows Removed by Filter: 4523655
Planning time: 0.343 ms
Execution time: 1368.656 ms
