Hash Join  (cost=82012.37..115259.91 rows=88514 width=0) (actual time=1665.636..2138.552 rows=47097 loops=1)
  Hash Cond: (mi_idx.movie_id = t.id)
  ->  Seq Scan on movie_info_idx mi_idx  (cost=0.00..25185.44 rows=454124 width=4) (actual time=0.022..486.119 rows=459925 loops=1)
        Filter: (info_type_id = 100)
        Rows Removed by Filter: 920110
  ->  Hash  (cost=73925.90..73925.90 rows=492837 width=4) (actual time=1363.972..1363.972 rows=379345 loops=1)
        Buckets: 131072  Batches: 8  Memory Usage: 2677kB
        ->  Seq Scan on title t  (cost=0.00..73925.90 rows=492837 width=4) (actual time=0.013..1242.944 rows=379345 loops=1)
              Filter: ((production_year < 1995) AND (kind_id = 7))
              Rows Removed by Filter: 2148967
Planning time: 0.715 ms
Execution time: 2145.050 ms
