Hash Join  (cost=186565.56..227958.75 rows=215671 width=0) (actual time=4005.530..5594.907 rows=989251 loops=1)
  Hash Cond: (mi_idx.movie_id = t.id)
  ->  Seq Scan on movie_info_idx mi_idx  (cost=0.00..21735.35 rows=1380035 width=4) (actual time=0.022..509.859 rows=1380035 loops=1)
  ->  Hash  (cost=180082.09..180082.09 rows=395157 width=8) (actual time=4004.750..4004.750 rows=716460 loops=1)
        Buckets: 131072 (originally 131072)  Batches: 16 (originally 8)  Memory Usage: 3073kB
        ->  Hash Join  (cost=102767.86..180082.09 rows=395157 width=8) (actual time=1945.050..3833.740 rows=716460 loops=1)
              Hash Cond: (mc.movie_id = t.id)
              ->  Seq Scan on movie_companies mc  (cost=0.00..57926.93 rows=395157 width=4) (actual time=0.023..1000.999 rows=716460 loops=1)
                    Filter: ((company_id > 32566) AND (company_type_id = 2))
                    Rows Removed by Filter: 1892669
              ->  Hash  (cost=61283.27..61283.27 rows=2528527 width=4) (actual time=1943.109..1943.109 rows=2528312 loops=1)
                    Buckets: 131072  Batches: 64  Memory Usage: 2415kB
                    ->  Seq Scan on title t  (cost=0.00..61283.27 rows=2528527 width=4) (actual time=0.013..1111.355 rows=2528312 loops=1)
Planning time: 0.773 ms
Execution time: 5724.176 ms
