Hash Join  (cost=28270.40..839732.20 rows=597 width=0) (actual time=3455.861..14743.019 rows=8002 loops=1)
  Hash Cond: (ci.movie_id = t.id)
  ->  Seq Scan on cast_info ci  (cost=0.00..796071.18 rows=4102573 width=4) (actual time=3016.934..13124.434 rows=8353915 loops=1)
        Filter: ((person_id < 1139459) AND (role_id = 1))
        Rows Removed by Filter: 27890429
  ->  Hash  (cost=28265.80..28265.80 rows=368 width=8) (actual time=435.496..435.496 rows=260 loops=1)
        Buckets: 1024  Batches: 1  Memory Usage: 19kB
        ->  Nested Loop  (cost=0.43..28265.80 rows=368 width=8) (actual time=103.562..435.371 rows=260 loops=1)
              ->  Seq Scan on movie_info_idx mi_idx  (cost=0.00..25185.44 rows=368 width=4) (actual time=103.459..428.492 rows=260 loops=1)
                    Filter: (info_type_id > 101)
                    Rows Removed by Filter: 1379775
              ->  Index Only Scan using title_pkey on title t  (cost=0.43..8.36 rows=1 width=4) (actual time=0.025..0.026 rows=1 loops=260)
                    Index Cond: (id = mi_idx.movie_id)
                    Heap Fetches: 260
Planning time: 1.153 ms
Execution time: 14745.283 ms
