Hash Join  (cost=183426.88..224093.79 rows=173343 width=0) (actual time=3575.530..4657.248 rows=222803 loops=1)
  Hash Cond: (mi_idx.movie_id = t.id)
  ->  Seq Scan on movie_info_idx mi_idx  (cost=0.00..21735.35 rows=1380035 width=4) (actual time=0.023..426.428 rows=1380035 loops=1)
  ->  Hash  (cost=178215.84..178215.84 rows=317603 width=8) (actual time=3574.641..3574.641 rows=173281 loops=1)
        Buckets: 131072  Batches: 8  Memory Usage: 1881kB
        ->  Hash Join  (cost=102767.86..178215.84 rows=317603 width=8) (actual time=2071.403..3522.011 rows=173281 loops=1)
              Hash Cond: (mc.movie_id = t.id)
              ->  Seq Scan on movie_companies mc  (cost=0.00..57926.93 rows=317603 width=4) (actual time=0.022..901.074 rows=173281 loops=1)
                    Filter: ((company_id < 774) AND (company_type_id > 1))
                    Rows Removed by Filter: 2435848
              ->  Hash  (cost=61283.27..61283.27 rows=2528527 width=4) (actual time=2069.456..2069.456 rows=2528312 loops=1)
                    Buckets: 131072  Batches: 64  Memory Usage: 2415kB
                    ->  Seq Scan on title t  (cost=0.00..61283.27 rows=2528527 width=4) (actual time=0.027..1229.117 rows=2528312 loops=1)
Planning time: 1.156 ms
Execution time: 4685.911 ms
