Hash Join  (cost=202970.97..1069392.48 rows=378893 width=0) (actual time=13443.218..17115.293 rows=93253 loops=1)
  Hash Cond: (ci.movie_id = t.id)
  ->  Seq Scan on cast_info ci  (cost=0.00..796071.18 rows=5138080 width=4) (actual time=9312.988..12313.162 rows=1602257 loops=1)
        Filter: ((person_id > 2962678) AND (role_id < 5))
        Rows Removed by Filter: 34642087
  ->  Hash  (cost=199911.23..199911.23 rows=186459 width=8) (actual time=4129.373..4129.373 rows=82065 loops=1)
        Buckets: 131072  Batches: 4  Memory Usage: 1798kB
        ->  Hash Join  (cost=75636.60..199911.23 rows=186459 width=8) (actual time=1335.283..4101.886 rows=82065 loops=1)
              Hash Cond: (mk.movie_id = t.id)
              ->  Seq Scan on movie_keyword mk  (cost=0.00..69693.30 rows=4523930 width=4) (actual time=0.013..1414.408 rows=4523930 loops=1)
              ->  Hash  (cost=73925.90..73925.90 rows=104216 width=4) (actual time=1334.295..1334.295 rows=108513 loops=1)
                    Buckets: 131072  Batches: 2  Memory Usage: 2937kB
                    ->  Seq Scan on title t  (cost=0.00..73925.90 rows=104216 width=4) (actual time=0.032..1290.540 rows=108513 loops=1)
                          Filter: ((kind_id > 1) AND (production_year = 2010))
                          Rows Removed by Filter: 2419799
Planning time: 1.230 ms
Execution time: 17127.257 ms
