Hash Join  (cost=73962.22..467834.36 rows=14551 width=0) (actual time=1734.467..9757.969 rows=34877 loops=1)
  Hash Cond: (mi.movie_id = t.id)
  ->  Seq Scan on movie_info mi  (cost=0.00..346232.03 rows=12665229 width=4) (actual time=337.185..6463.017 rows=12744652 loops=1)
        Filter: (info_type_id > 2)
        Rows Removed by Filter: 2091068
  ->  Hash  (cost=73925.90..73925.90 rows=2905 width=4) (actual time=1201.845..1201.845 rows=4012 loops=1)
        Buckets: 4096  Batches: 1  Memory Usage: 174kB
        ->  Seq Scan on title t  (cost=0.00..73925.90 rows=2905 width=4) (actual time=595.460..1199.924 rows=4012 loops=1)
              Filter: ((kind_id < 7) AND (production_year = 1920))
              Rows Removed by Filter: 2524300
Planning time: 0.538 ms
Execution time: 9764.270 ms
