Hash Join  (cost=130284.41..213460.64 rows=4866 width=0) (actual time=2542.607..4067.288 rows=28220 loops=1)
  Hash Cond: (mk.movie_id = t.id)
  ->  Seq Scan on movie_keyword mk  (cost=0.00..81003.12 rows=566520 width=4) (actual time=0.027..1394.397 rows=567281 loops=1)
        Filter: (keyword_id < 402)
        Rows Removed by Filter: 3956649
  ->  Hash  (cost=130012.91..130012.91 rows=21720 width=8) (actual time=2541.277..2541.277 rows=21781 loops=1)
        Buckets: 32768  Batches: 1  Memory Usage: 1107kB
        ->  Hash Join  (cost=68332.59..130012.91 rows=21720 width=8) (actual time=1126.582..2532.877 rows=21781 loops=1)
              Hash Cond: (mc.movie_id = t.id)
              ->  Seq Scan on movie_companies mc  (cost=0.00..57926.93 rows=942983 width=4) (actual time=0.026..1095.176 rows=1111168 loops=1)
                    Filter: ((company_id > 1475) AND (company_type_id = 2))
                    Rows Removed by Filter: 1497961
              ->  Hash  (cost=67604.59..67604.59 rows=58240 width=4) (actual time=1126.217..1126.217 rows=58590 loops=1)
                    Buckets: 65536  Batches: 1  Memory Usage: 2572kB
                    ->  Seq Scan on title t  (cost=0.00..67604.59 rows=58240 width=4) (actual time=0.030..1102.501 rows=58590 loops=1)
                          Filter: (production_year = 2001)
                          Rows Removed by Filter: 2469722
Planning time: 1.157 ms
Execution time: 4071.543 ms
