Seq Scan on movie_companies mc  (cost=0.00..57926.93 rows=1193153 width=0) (actual time=0.022..1103.554 rows=1064349 loops=1)
  Filter: ((company_id < 97531) AND (company_type_id = 2))
  Rows Removed by Filter: 1544780
Planning time: 0.352 ms
Execution time: 1237.606 ms
