Seq Scan on cast_info ci  (cost=0.00..796071.18 rows=8178991 width=0) (actual time=0.017..13876.858 rows=3343023 loops=1)
  Filter: ((person_id > 1274510) AND (role_id < 2))
  Rows Removed by Filter: 32901321
Planning time: 0.323 ms
Execution time: 14294.286 ms
