Hash Join  (cost=111121.75..166301.91 rows=51464 width=0) (actual time=1961.186..3264.466 rows=50103 loops=1)
  Hash Cond: (mc.movie_id = t.id)
  ->  Seq Scan on movie_companies mc  (cost=0.00..44881.29 rows=2609129 width=4) (actual time=0.013..672.918 rows=2609129 loops=1)
  ->  Hash  (cost=110498.32..110498.32 rows=49874 width=8) (actual time=1960.800..1960.800 rows=19341 loops=1)
        Buckets: 65536  Batches: 1  Memory Usage: 1268kB
        ->  Hash Join  (cost=78414.48..110498.32 rows=49874 width=8) (actual time=1257.413..1952.206 rows=19341 loops=1)
              Hash Cond: (mi_idx.movie_id = t.id)
              ->  Seq Scan on movie_info_idx mi_idx  (cost=0.00..25185.44 rows=460978 width=4) (actual time=0.027..472.686 rows=459925 loops=1)
                    Filter: (info_type_id < 100)
                    Rows Removed by Filter: 920110
              ->  Hash  (cost=73925.90..73925.90 rows=273566 width=4) (actual time=1256.628..1256.628 rows=139974 loops=1)
                    Buckets: 131072  Batches: 4  Memory Usage: 2253kB
                    ->  Seq Scan on title t  (cost=0.00..73925.90 rows=273566 width=4) (actual time=0.023..1207.358 rows=139974 loops=1)
                          Filter: ((kind_id > 1) AND (production_year < 1970))
                          Rows Removed by Filter: 2388338
Planning time: 2.288 ms
Execution time: 3271.648 ms
