Seq Scan on cast_info ci  (cost=0.00..705507.15 rows=1241240 width=0) (actual time=995.757..10987.328 rows=1266183 loops=1)
  Filter: (person_id > 3816710)
  Rows Removed by Filter: 34978161
Planning time: 0.329 ms
Execution time: 11148.651 ms
