Hash Join  (cost=798388.90..853057.27 rows=285 width=0) (actual time=14444.691..15431.091 rows=12 loops=1)
  Hash Cond: (mc.movie_id = t.id)
  ->  Seq Scan on movie_companies mc  (cost=0.00..44881.29 rows=2609129 width=4) (actual time=0.015..639.192 rows=2609129 loops=1)
  ->  Hash  (cost=798385.45..798385.45 rows=276 width=8) (actual time=14348.826..14348.826 rows=19 loops=1)
        Buckets: 1024  Batches: 1  Memory Usage: 9kB
        ->  Nested Loop  (cost=0.43..798385.45 rows=276 width=8) (actual time=10948.424..14348.777 rows=19 loops=1)
              ->  Seq Scan on cast_info ci  (cost=0.00..796071.18 rows=276 width=4) (actual time=10948.246..14348.342 rows=19 loops=1)
                    Filter: ((role_id < 3) AND (person_id = 150657))
                    Rows Removed by Filter: 36244325
              ->  Index Only Scan using title_pkey on title t  (cost=0.43..8.38 rows=1 width=4) (actual time=0.018..0.018 rows=1 loops=19)
                    Index Cond: (id = ci.movie_id)
                    Heap Fetches: 19
Planning time: 1.246 ms
Execution time: 15431.250 ms
