Hash Join  (cost=82871.49..1196920.92 rows=7811626 width=0) (actual time=1338.585..35356.891 rows=8691437 loops=1)
  Hash Cond: (ci.movie_id = t.id)
  ->  Seq Scan on cast_info ci  (cost=0.00..614943.12 rows=36225612 width=4) (actual time=0.028..13222.569 rows=36244344 loops=1)
  ->  Hash  (cost=73925.90..73925.90 rows=545247 width=4) (actual time=1337.620..1337.620 rows=557319 loops=1)
        Buckets: 131072  Batches: 8  Memory Usage: 3485kB
        ->  Seq Scan on title t  (cost=0.00..73925.90 rows=545247 width=4) (actual time=0.019..1161.723 rows=557319 loops=1)
              Filter: ((kind_id < 2) AND (production_year < 2011))
              Rows Removed by Filter: 1970993
Planning time: 0.883 ms
Execution time: 36335.902 ms
