Hash Join  (cost=75389.57..932880.51 rows=448807 width=0) (actual time=6192.124..19324.564 rows=510879 loops=1)
  Hash Cond: (ci.movie_id = t.id)
  ->  Seq Scan on cast_info ci  (cost=0.00..705507.15 rows=12726058 width=4) (actual time=4878.197..13469.259 rows=12670688 loops=1)
        Filter: (role_id < 2)
        Rows Removed by Filter: 23573656
  ->  Hash  (cost=73925.90..73925.90 rows=89173 width=4) (actual time=1312.919..1312.919 rows=96478 loops=1)
        Buckets: 131072  Batches: 2  Memory Usage: 2718kB
        ->  Seq Scan on title t  (cost=0.00..73925.90 rows=89173 width=4) (actual time=0.035..1276.358 rows=96478 loops=1)
              Filter: ((kind_id > 2) AND (production_year = 2009))
              Rows Removed by Filter: 2431834
Planning time: 0.751 ms
Execution time: 19390.013 ms
