Hash Join  (cost=198381.98..578867.23 rows=695813 width=0) (actual time=6970.287..11078.864 rows=1359727 loops=1)
  Hash Cond: (mi.movie_id = t.id)
  ->  Seq Scan on movie_info mi  (cost=0.00..346232.03 rows=2073893 width=4) (actual time=2934.524..5619.714 rows=2091068 loops=1)
        Filter: (info_type_id < 3)
        Rows Removed by Filter: 12744652
  ->  Hash  (cost=184463.62..184463.62 rows=848348 width=8) (actual time=4034.659..4034.659 rows=843009 loops=1)
        Buckets: 131072  Batches: 16  Memory Usage: 3110kB
        ->  Hash Join  (cost=102767.86..184463.62 rows=848348 width=8) (actual time=1875.185..3797.707 rows=843009 loops=1)
              Hash Cond: (mc.movie_id = t.id)
              ->  Seq Scan on movie_companies mc  (cost=0.00..51404.11 rows=848348 width=4) (actual time=0.044..871.397 rows=843009 loops=1)
                    Filter: (company_id < 2253)
                    Rows Removed by Filter: 1766120
              ->  Hash  (cost=61283.27..61283.27 rows=2528527 width=4) (actual time=1874.430..1874.430 rows=2528312 loops=1)
                    Buckets: 131072  Batches: 64  Memory Usage: 2415kB
                    ->  Seq Scan on title t  (cost=0.00..61283.27 rows=2528527 width=4) (actual time=0.013..1056.456 rows=2528312 loops=1)
Planning time: 1.181 ms
Execution time: 11219.035 ms
