Seq Scan on movie_keyword mk  (cost=0.00..81003.12 rows=62361 width=0) (actual time=0.043..1211.540 rows=59669 loops=1)
  Filter: (keyword_id > 95326)
  Rows Removed by Filter: 4464261
Planning time: 1.385 ms
Execution time: 1220.467 ms
