Hash Join  (cost=90717.09..931704.93 rows=3409281 width=0) (actual time=1697.123..20149.036 rows=4009228 loops=1)
  Hash Cond: (ci.movie_id = t.id)
  ->  Seq Scan on cast_info ci  (cost=0.00..705507.15 rows=8422900 width=4) (actual time=0.024..12701.833 rows=8397364 loops=1)
        Filter: (person_id > 2844704)
        Rows Removed by Filter: 27846980
  ->  Hash  (cost=73925.90..73925.90 rows=1023455 width=4) (actual time=1696.123..1696.123 rows=1117981 loops=1)
        Buckets: 131072  Batches: 16  Memory Usage: 3489kB
        ->  Seq Scan on title t  (cost=0.00..73925.90 rows=1023455 width=4) (actual time=0.019..1354.013 rows=1117981 loops=1)
              Filter: ((production_year > 1993) AND (kind_id = 7))
              Rows Removed by Filter: 1410331
Planning time: 0.745 ms
Execution time: 20588.782 ms
