Seq Scan on movie_keyword mk  (cost=0.00..81003.12 rows=3297207 width=0) (actual time=0.019..1624.560 rows=3287185 loops=1)
  Filter: (keyword_id < 14634)
  Rows Removed by Filter: 1236745
Planning time: 0.217 ms
Execution time: 2038.333 ms
