Hash Join  (cost=106568.31..472172.34 rows=94812 width=0) (actual time=1875.508..8614.443 rows=192789 loops=1)
  Hash Cond: (mi.movie_id = t.id)
  ->  Seq Scan on movie_info mi  (cost=0.00..309384.22 rows=14739122 width=4) (actual time=0.015..3734.872 rows=14835720 loops=1)
  ->  Hash  (cost=106365.00..106365.00 rows=16265 width=8) (actual time=1875.019..1875.019 rows=12868 loops=1)
        Buckets: 16384  Batches: 1  Memory Usage: 631kB
        ->  Hash Join  (cost=75411.94..106365.00 rows=16265 width=8) (actual time=1159.555..1869.920 rows=12868 loops=1)
              Hash Cond: (mi_idx.movie_id = t.id)
              ->  Seq Scan on movie_info_idx mi_idx  (cost=0.00..25185.44 rows=454124 width=4) (actual time=0.019..526.200 rows=459925 loops=1)
                    Filter: (info_type_id = 100)
                    Rows Removed by Filter: 920110
              ->  Hash  (cost=73925.90..73925.90 rows=90563 width=4) (actual time=1158.938..1158.938 rows=80990 loops=1)
                    Buckets: 131072  Batches: 2  Memory Usage: 2450kB
                    ->  Seq Scan on title t  (cost=0.00..73925.90 rows=90563 width=4) (actual time=0.015..1128.403 rows=80990 loops=1)
                          Filter: ((kind_id < 7) AND (production_year > 2011))
                          Rows Removed by Filter: 2447322
Planning time: 0.733 ms
Execution time: 8641.815 ms
