Hash Join  (cost=149272.05..533453.71 rows=186990 width=0) (actual time=6609.162..10706.471 rows=1050835 loops=1)
  Hash Cond: (mi.movie_id = t.id)
  ->  Seq Scan on movie_info mi  (cost=0.00..346232.03 rows=3068194 width=4) (actual time=3168.031..5668.408 rows=3036719 loops=1)
        Filter: (info_type_id = 16)
        Rows Removed by Filter: 11799001
  ->  Hash  (cost=146743.80..146743.80 rows=154100 width=8) (actual time=3439.702..3439.702 rows=342254 loops=1)
        Buckets: 131072 (originally 131072)  Batches: 8 (originally 4)  Memory Usage: 3073kB
        ->  Hash Join  (cost=73702.75..146743.80 rows=154100 width=8) (actual time=1741.548..3318.761 rows=342254 loops=1)
              Hash Cond: (mc.movie_id = t.id)
              ->  Seq Scan on movie_companies mc  (cost=0.00..57926.93 rows=1048298 width=4) (actual time=483.771..1313.396 rows=1274246 loops=1)
                    Filter: ((company_id < 75623) AND (company_type_id < 2))
                    Rows Removed by Filter: 1334883
              ->  Hash  (cost=67604.59..67604.59 rows=371693 width=4) (actual time=1256.795..1256.795 rows=366430 loops=1)
                    Buckets: 131072  Batches: 8  Memory Usage: 2627kB
                    ->  Seq Scan on title t  (cost=0.00..67604.59 rows=371693 width=4) (actual time=0.037..1146.197 rows=366430 loops=1)
                          Filter: (production_year < 1970)
                          Rows Removed by Filter: 2161882
Planning time: 1.231 ms
Execution time: 10828.383 ms
