Seq Scan on cast_info ci  (cost=0.00..796071.18 rows=332 width=0) (actual time=834.112..14792.805 rows=1 loops=1)
  Filter: ((role_id < 4) AND (person_id = 92197))
  Rows Removed by Filter: 36244343
Planning time: 0.381 ms
Execution time: 14792.925 ms
