Seq Scan on cast_info ci  (cost=0.00..796071.18 rows=420 width=0) (actual time=10842.569..14867.388 rows=5 loops=1)
  Filter: ((role_id < 9) AND (person_id = 252840))
  Rows Removed by Filter: 36244339
Planning time: 0.387 ms
Execution time: 14867.515 ms
