Seq Scan on movie_keyword mk  (cost=0.00..81003.12 rows=3371829 width=0) (actual time=0.028..1544.572 rows=3355825 loops=1)
  Filter: (keyword_id < 16016)
  Rows Removed by Filter: 1168105
Planning time: 1.405 ms
Execution time: 1967.020 ms
