Seq Scan on cast_info ci  (cost=0.00..705507.15 rows=500 width=0) (actual time=10049.060..10109.078 rows=90 loops=1)
  Filter: (person_id = 3824795)
  Rows Removed by Filter: 36244254
Planning time: 0.376 ms
Execution time: 10109.176 ms
