Seq Scan on cast_info ci  (cost=0.00..705507.15 rows=500 width=0) (actual time=2285.761..9518.193 rows=618 loops=1)
  Filter: (person_id = 243174)
  Rows Removed by Filter: 36243726
Planning time: 0.293 ms
Execution time: 9518.385 ms
