Hash Join  (cost=94973.51..196949.01 rows=1497392 width=0) (actual time=1860.127..4723.137 rows=869750 loops=1)
  Hash Cond: (mc.movie_id = t.id)
  ->  Seq Scan on movie_companies mc  (cost=0.00..51404.11 rows=2269692 width=4) (actual time=0.029..1109.137 rows=2267259 loops=1)
        Filter: (company_id < 89093)
        Rows Removed by Filter: 341870
  ->  Hash  (cost=67604.59..67604.59 rows=1668154 width=4) (actual time=1858.974..1858.974 rows=1674098 loops=1)
        Buckets: 131072  Batches: 32  Memory Usage: 2869kB
        ->  Seq Scan on title t  (cost=0.00..67604.59 rows=1668154 width=4) (actual time=0.014..1304.663 rows=1674098 loops=1)
              Filter: (kind_id > 3)
              Rows Removed by Filter: 854214
Planning time: 0.688 ms
Execution time: 4832.667 ms
