Hash Join  (cost=111020.24..1235617.46 rows=1249629 width=0) (actual time=1989.037..30691.810 rows=1811235 loops=1)
  Hash Cond: (ci.movie_id = t.id)
  ->  Seq Scan on cast_info ci  (cost=0.00..705507.15 rows=35134360 width=4) (actual time=0.024..16084.702 rows=35265651 loops=1)
        Filter: (person_id > 100434)
        Rows Removed by Filter: 978693
  ->  Hash  (cost=109544.09..109544.09 rows=89932 width=8) (actual time=1988.081..1988.081 rows=54660 loops=1)
        Buckets: 131072  Batches: 2  Memory Usage: 2091kB
        ->  Hash Join  (cost=70308.29..109544.09 rows=89932 width=8) (actual time=1040.702..1972.995 rows=54660 loops=1)
              Hash Cond: (mi_idx.movie_id = t.id)
              ->  Seq Scan on movie_info_idx mi_idx  (cost=0.00..21735.35 rows=1380035 width=4) (actual time=0.013..431.003 rows=1380035 loops=1)
              ->  Hash  (cost=67604.59..67604.59 rows=164776 width=4) (actual time=1039.960..1039.960 rows=164307 loops=1)
                    Buckets: 131072  Batches: 4  Memory Usage: 2482kB
                    ->  Seq Scan on title t  (cost=0.00..67604.59 rows=164776 width=4) (actual time=0.017..983.035 rows=164307 loops=1)
                          Filter: (production_year = 2012)
                          Rows Removed by Filter: 2364005
Planning time: 1.181 ms
Execution time: 30925.215 ms
