Seq Scan on cast_info ci  (cost=0.00..705507.15 rows=19853728 width=0) (actual time=0.024..11842.400 rows=20004122 loops=1)
  Filter: (person_id > 1607390)
  Rows Removed by Filter: 16240222
Planning time: 0.284 ms
Execution time: 14282.547 ms
