Hash Join  (cost=112597.20..480806.98 rows=355386 width=0) (actual time=2220.843..14548.907 rows=2643742 loops=1)
  Hash Cond: (mi.movie_id = t.id)
  ->  Seq Scan on movie_info mi  (cost=0.00..309384.22 rows=14739122 width=4) (actual time=0.016..4936.388 rows=14835720 loops=1)
  ->  Hash  (cost=111835.12..111835.12 rows=60967 width=8) (actual time=2220.384..2220.384 rows=140134 loops=1)
        Buckets: 131072 (originally 65536)  Batches: 2 (originally 1)  Memory Usage: 3767kB
        ->  Hash Join  (cost=79366.51..111835.12 rows=60967 width=8) (actual time=1300.853..2169.086 rows=140134 loops=1)
              Hash Cond: (mi_idx.movie_id = t.id)
              ->  Seq Scan on movie_info_idx mi_idx  (cost=0.00..25185.44 rows=464934 width=4) (actual time=0.029..535.557 rows=460185 loops=1)
                    Filter: (info_type_id > 100)
                    Rows Removed by Filter: 919850
              ->  Hash  (cost=73925.90..73925.90 rows=331568 width=4) (actual time=1300.029..1300.029 rows=445194 loops=1)
                    Buckets: 131072  Batches: 8  Memory Usage: 2992kB
                    ->  Seq Scan on title t  (cost=0.00..73925.90 rows=331568 width=4) (actual time=0.013..1160.807 rows=445194 loops=1)
                          Filter: ((kind_id < 7) AND (production_year < 1996))
                          Rows Removed by Filter: 2083118
Planning time: 1.090 ms
Execution time: 14895.985 ms
