Hash Join  (cost=74469.67..831491.12 rows=623229 width=0) (actual time=1118.873..20949.946 rows=641329 loops=1)
  Hash Cond: (ci.movie_id = t.id)
  ->  Seq Scan on cast_info ci  (cost=0.00..614943.12 rows=36225612 width=4) (actual time=0.023..8967.200 rows=36244344 loops=1)
  ->  Hash  (cost=73925.90..73925.90 rows=43501 width=4) (actual time=1118.488..1118.488 rows=39560 loops=1)
        Buckets: 65536  Batches: 1  Memory Usage: 1903kB
        ->  Seq Scan on title t  (cost=0.00..73925.90 rows=43501 width=4) (actual time=428.288..1102.254 rows=39560 loops=1)
              Filter: ((kind_id < 2) AND (production_year = 2012))
              Rows Removed by Filter: 2488752
Planning time: 1.435 ms
Execution time: 21044.281 ms
