Hash Join  (cost=102767.86..963543.64 rows=2278437 width=0) (actual time=1955.869..17879.674 rows=1465881 loops=1)
  Hash Cond: (ci.movie_id = t.id)
  ->  Seq Scan on cast_info ci  (cost=0.00..796071.18 rows=2278437 width=4) (actual time=0.098..14394.452 rows=1465881 loops=1)
        Filter: ((person_id < 2067341) AND (role_id = 3))
        Rows Removed by Filter: 34778463
  ->  Hash  (cost=61283.27..61283.27 rows=2528527 width=4) (actual time=1954.304..1954.304 rows=2528312 loops=1)
        Buckets: 131072  Batches: 64  Memory Usage: 2415kB
        ->  Seq Scan on title t  (cost=0.00..61283.27 rows=2528527 width=4) (actual time=0.021..1094.879 rows=2528312 loops=1)
Planning time: 0.734 ms
Execution time: 18048.381 ms
