Hash Join  (cost=111273.25..235355.54 rows=170725 width=0) (actual time=2201.107..5107.307 rows=1061388 loops=1)
  Hash Cond: (mk.movie_id = t.id)
  ->  Seq Scan on movie_keyword mk  (cost=0.00..69693.30 rows=4523930 width=4) (actual time=0.013..1308.324 rows=4523930 loops=1)
  ->  Hash  (cost=109707.47..109707.47 rows=95422 width=8) (actual time=2200.536..2200.536 rows=109542 loops=1)
        Buckets: 131072  Batches: 2  Memory Usage: 3175kB
        ->  Hash Join  (cost=76192.15..109707.47 rows=95422 width=8) (actual time=1324.333..2161.617 rows=109542 loops=1)
              Hash Cond: (mi_idx.movie_id = t.id)
              ->  Seq Scan on movie_info_idx mi_idx  (cost=0.00..25185.44 rows=460978 width=4) (actual time=0.016..497.396 rows=459925 loops=1)
                    Filter: (info_type_id < 100)
                    Rows Removed by Filter: 920110
              ->  Hash  (cost=67604.59..67604.59 rows=523405 width=4) (actual time=1323.535..1323.535 rows=523734 loops=1)
                    Buckets: 131072  Batches: 8  Memory Usage: 3319kB
                    ->  Seq Scan on title t  (cost=0.00..67604.59 rows=523405 width=4) (actual time=0.029..1151.677 rows=523734 loops=1)
                          Filter: (production_year < 1981)
                          Rows Removed by Filter: 2004578
Planning time: 0.728 ms
Execution time: 5234.525 ms
