Seq Scan on movie_keyword mk  (cost=0.00..81003.12 rows=2493118 width=0) (actual time=0.028..1443.385 rows=2487103 loops=1)
  Filter: (keyword_id < 6046)
  Rows Removed by Filter: 2036827
Planning time: 0.283 ms
Execution time: 1753.609 ms
