Seq Scan on movie_companies mc  (cost=0.00..51404.11 rows=104 width=0) (actual time=16.337..756.863 rows=28 loops=1)
  Filter: (company_id = 19662)
  Rows Removed by Filter: 2609101
Planning time: 0.327 ms
Execution time: 756.951 ms
