Hash Join  (cost=100965.42..453027.60 rows=1742 width=0) (actual time=2576.839..6903.563 rows=396 loops=1)
  Hash Cond: (mi.movie_id = t.id)
  ->  Seq Scan on movie_info mi  (cost=0.00..346232.03 rows=1550064 width=4) (actual time=955.518..5056.080 rows=1533909 loops=1)
        Filter: (info_type_id = 3)
        Rows Removed by Filter: 13301811
  ->  Hash  (cost=100929.89..100929.89 rows=2842 width=8) (actual time=1613.933..1613.933 rows=3279 loops=1)
        Buckets: 4096  Batches: 1  Memory Usage: 161kB
        ->  Hash Join  (cost=73990.99..100929.89 rows=2842 width=8) (actual time=1068.215..1612.629 rows=3279 loops=1)
              Hash Cond: (mi_idx.movie_id = t.id)
              ->  Seq Scan on movie_info_idx mi_idx  (cost=0.00..21735.35 rows=1380035 width=4) (actual time=0.023..255.294 rows=1380035 loops=1)
              ->  Hash  (cost=73925.90..73925.90 rows=5207 width=4) (actual time=1068.124..1068.124 rows=7358 loops=1)
                    Buckets: 8192  Batches: 1  Memory Usage: 323kB
                    ->  Seq Scan on title t  (cost=0.00..73925.90 rows=5207 width=4) (actual time=0.029..1064.614 rows=7358 loops=1)
                          Filter: ((kind_id > 2) AND (production_year = 1961))
                          Rows Removed by Filter: 2520954
Planning time: 0.751 ms
Execution time: 6903.790 ms
