Hash Join  (cost=73962.22..874563.50 rows=1384 width=0) (actual time=6906.613..11176.015 rows=1327 loops=1)
  Hash Cond: (ci.movie_id = t.id)
  ->  Seq Scan on cast_info ci  (cost=0.00..796071.18 rows=1204338 width=4) (actual time=5719.616..9622.741 rows=1898874 loops=1)
        Filter: ((person_id > 3688194) AND (role_id > 1))
        Rows Removed by Filter: 34345470
  ->  Hash  (cost=73925.90..73925.90 rows=2905 width=4) (actual time=1185.988..1185.988 rows=6090 loops=1)
        Buckets: 8192 (originally 4096)  Batches: 1 (originally 1)  Memory Usage: 279kB
        ->  Seq Scan on title t  (cost=0.00..73925.90 rows=2905 width=4) (actual time=0.531..1182.851 rows=6090 loops=1)
              Filter: ((kind_id < 7) AND (production_year = 1968))
              Rows Removed by Filter: 2522222
Planning time: 2.040 ms
Execution time: 11176.730 ms
