Seq Scan on movie_keyword mk  (cost=0.00..81003.12 rows=246 width=0) (actual time=0.533..1190.020 rows=321 loops=1)
  Filter: (keyword_id = 14631)
  Rows Removed by Filter: 4523609
Planning time: 0.316 ms
Execution time: 1190.265 ms
