Hash Join  (cost=74080.42..426200.96 rows=7578 width=0) (actual time=3403.649..6741.479 rows=12130 loops=1)
  Hash Cond: (mi.movie_id = t.id)
  ->  Seq Scan on movie_info mi  (cost=0.00..346232.03 rows=1550064 width=4) (actual time=2242.904..5301.023 rows=1533909 loops=1)
        Filter: (info_type_id = 3)
        Rows Removed by Filter: 13301811
  ->  Hash  (cost=73925.90..73925.90 rows=12361 width=4) (actual time=1160.258..1160.258 rows=9619 loops=1)
        Buckets: 16384  Batches: 1  Memory Usage: 467kB
        ->  Seq Scan on title t  (cost=0.00..73925.90 rows=12361 width=4) (actual time=0.202..1155.687 rows=9619 loops=1)
              Filter: ((kind_id < 4) AND (production_year = 1996))
              Rows Removed by Filter: 2518693
Planning time: 0.744 ms
Execution time: 6743.569 ms
