Hash Join  (cost=433328.88..1430440.73 rows=491524 width=0) (actual time=8398.686..29018.697 rows=317075 loops=1)
  Hash Cond: (ci.movie_id = t.id)
  ->  Seq Scan on cast_info ci  (cost=0.00..705507.15 rows=28668949 width=4) (actual time=0.023..14538.824 rows=28808107 loops=1)
        Filter: (role_id < 8)
        Rows Removed by Filter: 7436237
  ->  Hash  (cost=432786.99..432786.99 rows=43351 width=8) (actual time=8397.936..8397.936 rows=30270 loops=1)
        Buckets: 65536  Batches: 1  Memory Usage: 1695kB
        ->  Hash Join  (cost=67697.55..432786.99 rows=43351 width=8) (actual time=1007.187..8383.102 rows=30270 loops=1)
              Hash Cond: (mi.movie_id = t.id)
              ->  Seq Scan on movie_info mi  (cost=0.00..309384.22 rows=14739122 width=4) (actual time=0.017..4571.022 rows=14835720 loops=1)
              ->  Hash  (cost=67604.59..67604.59 rows=7437 width=4) (actual time=1003.870..1003.870 rows=2786 loops=1)
                    Buckets: 8192  Batches: 1  Memory Usage: 162kB
                    ->  Seq Scan on title t  (cost=0.00..67604.59 rows=7437 width=4) (actual time=190.353..1002.411 rows=2786 loops=1)
                          Filter: (production_year = 1925)
                          Rows Removed by Filter: 2525526
Planning time: 1.162 ms
Execution time: 29059.353 ms
