Seq Scan on movie_keyword mk  (cost=0.00..81003.12 rows=4129400 width=0) (actual time=0.020..1316.930 rows=4133822 loops=1)
  Filter: (keyword_id < 44112)
  Rows Removed by Filter: 390108
Planning time: 0.279 ms
Execution time: 1821.841 ms
