Hash Join  (cost=101914.34..199891.17 rows=41462 width=0) (actual time=1779.708..4120.129 rows=120703 loops=1)
  Hash Cond: (mk.movie_id = t.id)
  ->  Seq Scan on movie_keyword mk  (cost=0.00..81003.12 rows=4415756 width=4) (actual time=0.023..1631.591 rows=4416250 loops=1)
        Filter: (keyword_id < 80617)
        Rows Removed by Filter: 107680
  ->  Hash  (cost=101617.57..101617.57 rows=23742 width=8) (actual time=1777.326..1777.326 rows=22395 loops=1)
        Buckets: 32768  Batches: 1  Memory Usage: 1131kB
        ->  Hash Join  (cost=74469.67..101617.57 rows=23742 width=8) (actual time=1058.393..1769.644 rows=22395 loops=1)
              Hash Cond: (mi_idx.movie_id = t.id)
              ->  Seq Scan on movie_info_idx mi_idx  (cost=0.00..21735.35 rows=1380035 width=4) (actual time=0.009..362.000 rows=1380035 loops=1)
              ->  Hash  (cost=73925.90..73925.90 rows=43501 width=4) (actual time=1058.047..1058.047 rows=39560 loops=1)
                    Buckets: 65536  Batches: 1  Memory Usage: 1903kB
                    ->  Seq Scan on title t  (cost=0.00..73925.90 rows=43501 width=4) (actual time=4.853..1042.125 rows=39560 loops=1)
                          Filter: ((kind_id = 1) AND (production_year = 2012))
                          Rows Removed by Filter: 2488752
Planning time: 1.091 ms
Execution time: 4136.178 ms
