Seq Scan on cast_info ci  (cost=0.00..796071.18 rows=95356 width=0) (actual time=4362.726..12568.809 rows=38917 loops=1)
  Filter: ((person_id < 950108) AND (role_id > 10))
  Rows Removed by Filter: 36205427
Planning time: 0.603 ms
Execution time: 12573.894 ms
