Hash Join  (cost=74058.02..826361.38 rows=151420 width=0) (actual time=1172.223..18928.558 rows=170401 loops=1)
  Hash Cond: (ci.movie_id = t.id)
  ->  Seq Scan on cast_info ci  (cost=0.00..614943.12 rows=36225612 width=4) (actual time=0.023..9150.058 rows=36244344 loops=1)
  ->  Hash  (cost=73925.90..73925.90 rows=10569 width=4) (actual time=1171.518..1171.518 rows=10528 loops=1)
        Buckets: 16384  Batches: 1  Memory Usage: 499kB
        ->  Seq Scan on title t  (cost=0.00..73925.90 rows=10569 width=4) (actual time=0.367..1166.590 rows=10528 loops=1)
              Filter: ((kind_id < 7) AND (production_year = 1993))
              Rows Removed by Filter: 2517784
Planning time: 0.725 ms
Execution time: 18962.582 ms
