Hash Join  (cost=83810.17..1230798.16 rows=11051230 width=0) (actual time=1467.745..35977.766 rows=11521883 loops=1)
  Hash Cond: (ci.movie_id = t.id)
  ->  Seq Scan on cast_info ci  (cost=0.00..705507.15 rows=28290543 width=4) (actual time=0.016..15331.734 rows=28428843 loops=1)
        Filter: (person_id > 761235)
        Rows Removed by Filter: 7815501
  ->  Hash  (cost=67604.59..67604.59 rows=987727 width=4) (actual time=1466.837..1466.837 rows=985048 loops=1)
        Buckets: 131072  Batches: 16  Memory Usage: 3188kB
        ->  Seq Scan on title t  (cost=0.00..67604.59 rows=987727 width=4) (actual time=0.017..1159.426 rows=985048 loops=1)
              Filter: (kind_id < 7)
              Rows Removed by Filter: 1543264
Planning time: 0.498 ms
Execution time: 37308.912 ms
