Hash Join  (cost=461221.05..604238.59 rows=332477 width=0) (actual time=9518.300..13345.686 rows=4681546 loops=1)
  Hash Cond: (mk.movie_id = t.id)
  ->  Seq Scan on movie_keyword mk  (cost=0.00..69693.30 rows=4523930 width=4) (actual time=0.024..1331.662 rows=4523930 loops=1)
  ->  Hash  (cost=458172.19..458172.19 rows=185829 width=8) (actual time=9516.831..9516.831 rows=286506 loops=1)
        Buckets: 131072  Batches: 4  Memory Usage: 3846kB
        ->  Hash Join  (cost=74545.71..458172.19 rows=185829 width=8) (actual time=1147.900..9395.061 rows=286506 loops=1)
              Hash Cond: (mi.movie_id = t.id)
              ->  Seq Scan on movie_info mi  (cost=0.00..346232.03 rows=9476311 width=4) (actual time=0.017..5976.190 rows=9565151 loops=1)
                    Filter: (info_type_id < 16)
                    Rows Removed by Filter: 5270569
              ->  Hash  (cost=73925.90..73925.90 rows=49584 width=4) (actual time=1145.610..1145.610 rows=38752 loops=1)
                    Buckets: 65536  Batches: 1  Memory Usage: 1875kB
                    ->  Seq Scan on title t  (cost=0.00..73925.90 rows=49584 width=4) (actual time=0.026..1128.789 rows=38752 loops=1)
                          Filter: ((kind_id < 7) AND (production_year = 2008))
                          Rows Removed by Filter: 2489560
Planning time: 1.307 ms
Execution time: 13822.410 ms
