Hash Join  (cost=102767.86..1234691.56 rows=17310680 width=0) (actual time=1877.637..30719.828 rows=17424506 loops=1)
  Hash Cond: (ci.movie_id = t.id)
  ->  Seq Scan on cast_info ci  (cost=0.00..705507.15 rows=17310680 width=4) (actual time=0.025..14614.825 rows=17424506 loops=1)
        Filter: (person_id > 1875131)
        Rows Removed by Filter: 18819838
  ->  Hash  (cost=61283.27..61283.27 rows=2528527 width=4) (actual time=1875.727..1875.727 rows=2528312 loops=1)
        Buckets: 131072  Batches: 64  Memory Usage: 2415kB
        ->  Seq Scan on title t  (cost=0.00..61283.27 rows=2528527 width=4) (actual time=0.014..1031.306 rows=2528312 loops=1)
Planning time: 0.700 ms
Execution time: 32642.517 ms
