Hash Join  (cost=69374.09..127426.55 rows=22135 width=0) (actual time=1250.557..2139.829 rows=20887 loops=1)
  Hash Cond: (mc.movie_id = t.id)
  ->  Seq Scan on movie_companies mc  (cost=0.00..51404.11 rows=519200 width=4) (actual time=184.183..861.763 rows=524526 loops=1)
        Filter: (company_id > 73085)
        Rows Removed by Filter: 2084603
  ->  Hash  (cost=67604.59..67604.59 rows=107800 width=4) (actual time=1065.141..1065.141 rows=108429 loops=1)
        Buckets: 131072  Batches: 2  Memory Usage: 2931kB
        ->  Seq Scan on title t  (cost=0.00..67604.59 rows=107800 width=4) (actual time=0.037..1025.255 rows=108429 loops=1)
              Filter: (production_year = 2006)
              Rows Removed by Filter: 2419883
Planning time: 0.686 ms
Execution time: 2143.100 ms
