Seq Scan on movie_keyword mk  (cost=0.00..81003.12 rows=246 width=0) (actual time=1013.872..1269.946 rows=1 loops=1)
  Filter: (keyword_id = 119390)
  Rows Removed by Filter: 4523929
Planning time: 0.321 ms
Execution time: 1270.057 ms
