Seq Scan on movie_companies mc  (cost=0.00..51404.11 rows=104 width=0) (actual time=237.986..802.367 rows=17 loops=1)
  Filter: (company_id = 7906)
  Rows Removed by Filter: 2609112
Planning time: 0.311 ms
Execution time: 802.444 ms
