Nested Loop  (cost=0.43..895227.90 rows=10562 width=0) (actual time=6803.092..11777.772 rows=3298 loops=1)
  ->  Seq Scan on cast_info ci  (cost=0.00..796071.18 rows=17332 width=4) (actual time=6802.418..11657.560 rows=6438 loops=1)
        Filter: ((person_id < 171220) AND (role_id > 10))
        Rows Removed by Filter: 36237906
  ->  Index Scan using title_pkey on title t  (cost=0.43..5.71 rows=1 width=4) (actual time=0.018..0.018 rows=1 loops=6438)
        Index Cond: (id = ci.movie_id)
        Filter: (kind_id = 7)
        Rows Removed by Filter: 0
Planning time: 0.758 ms
Execution time: 11778.680 ms
