Seq Scan on movie_companies mc  (cost=0.00..51404.11 rows=1029599 width=0) (actual time=0.022..991.394 rows=1038110 loops=1)
  Filter: (company_id > 15285)
  Rows Removed by Filter: 1571019
Planning time: 0.292 ms
Execution time: 1120.905 ms
