Seq Scan on movie_keyword mk  (cost=0.00..81003.12 rows=145382 width=0) (actual time=0.024..1190.604 rows=144311 loops=1)
  Filter: (keyword_id > 74450)
  Rows Removed by Filter: 4379619
Planning time: 0.271 ms
Execution time: 1209.947 ms
