Hash Join  (cost=439368.21..1421138.98 rows=457150 width=0) (actual time=8450.691..25750.035 rows=1130626 loops=1)
  Hash Cond: (ci.movie_id = t.id)
  ->  Seq Scan on cast_info ci  (cost=0.00..614943.12 rows=36225612 width=4) (actual time=0.025..7434.702 rows=36244344 loops=1)
  ->  Hash  (cost=438969.35..438969.35 rows=31909 width=8) (actual time=8450.092..8450.092 rows=53304 loops=1)
        Buckets: 65536 (originally 32768)  Batches: 1 (originally 1)  Memory Usage: 2595kB
        ->  Hash Join  (cost=73994.33..438969.35 rows=31909 width=8) (actual time=1271.749..8425.162 rows=53304 loops=1)
              Hash Cond: (mi.movie_id = t.id)
              ->  Seq Scan on movie_info mi  (cost=0.00..309384.22 rows=14739122 width=4) (actual time=0.018..3918.709 rows=14835720 loops=1)
              ->  Hash  (cost=73925.90..73925.90 rows=5474 width=4) (actual time=1271.541..1271.541 rows=12057 loops=1)
                    Buckets: 16384 (originally 8192)  Batches: 1 (originally 1)  Memory Usage: 552kB
                    ->  Seq Scan on title t  (cost=0.00..73925.90 rows=5474 width=4) (actual time=0.107..1265.474 rows=12057 loops=1)
                          Filter: ((kind_id > 1) AND (production_year = 1984))
                          Rows Removed by Filter: 2516255
Planning time: 1.101 ms
Execution time: 25878.078 ms
