Nested Loop  (cost=0.43..709674.40 rows=10 width=0) (actual time=395.335..10467.487 rows=3 loops=1)
  ->  Seq Scan on cast_info ci  (cost=0.00..705507.15 rows=500 width=4) (actual time=387.626..10457.554 rows=200 loops=1)
        Filter: (person_id = 2990387)
        Rows Removed by Filter: 36244144
  ->  Index Scan using title_pkey on title t  (cost=0.43..8.32 rows=1 width=4) (actual time=0.049..0.049 rows=0 loops=200)
        Index Cond: (id = ci.movie_id)
        Filter: ((production_year < 2005) AND (kind_id = 2))
        Rows Removed by Filter: 1
Planning time: 2.992 ms
Execution time: 10467.614 ms
