Hash Join  (cost=102767.86..202842.16 rows=1612073 width=0) (actual time=2045.356..4687.891 rows=1607288 loops=1)
  Hash Cond: (mc.movie_id = t.id)
  ->  Seq Scan on movie_companies mc  (cost=0.00..51404.11 rows=1612073 width=4) (actual time=0.026..1017.520 rows=1607288 loops=1)
        Filter: (company_id > 4669)
        Rows Removed by Filter: 1001841
  ->  Hash  (cost=61283.27..61283.27 rows=2528527 width=4) (actual time=2044.551..2044.551 rows=2528312 loops=1)
        Buckets: 131072  Batches: 64  Memory Usage: 2415kB
        ->  Seq Scan on title t  (cost=0.00..61283.27 rows=2528527 width=4) (actual time=0.013..1193.524 rows=2528312 loops=1)
Planning time: 3.236 ms
Execution time: 4869.201 ms
