Seq Scan on cast_info ci  (cost=0.00..705507.15 rows=17816157 width=0) (actual time=0.020..12715.084 rows=17662786 loops=1)
  Filter: (person_id < 1749281)
  Rows Removed by Filter: 18581558
Planning time: 0.304 ms
Execution time: 14912.290 ms
