Seq Scan on movie_keyword mk  (cost=0.00..81003.12 rows=1732872 width=0) (actual time=0.020..1480.264 rows=1743384 loops=1)
  Filter: (keyword_id > 8039)
  Rows Removed by Filter: 2780546
Planning time: 0.313 ms
Execution time: 1694.906 ms
