Hash Join  (cost=74835.37..135700.73 rows=20940 width=0) (actual time=1192.656..2420.386 rows=36380 loops=1)
  Hash Cond: (mc.movie_id = t.id)
  ->  Seq Scan on movie_companies mc  (cost=0.00..57926.93 rows=727740 width=4) (actual time=0.023..1079.344 rows=454290 loops=1)
        Filter: ((company_id < 12471) AND (company_type_id > 1))
        Rows Removed by Filter: 2154839
  ->  Hash  (cost=73925.90..73925.90 rows=72757 width=4) (actual time=1191.968..1191.968 rows=66621 loops=1)
        Buckets: 131072  Batches: 1  Memory Usage: 3367kB
        ->  Seq Scan on title t  (cost=0.00..73925.90 rows=72757 width=4) (actual time=239.599..1159.802 rows=66621 loops=1)
              Filter: ((production_year > 1988) AND (kind_id = 3))
              Rows Removed by Filter: 2461691
Planning time: 0.522 ms
Execution time: 2425.332 ms
