Hash Join  (cost=197061.77..727601.78 rows=4754708 width=0) (actual time=4342.340..23791.794 rows=20504015 loops=1)
  Hash Cond: (mi.movie_id = t.id)
  ->  Seq Scan on movie_info mi  (cost=0.00..309384.22 rows=14739122 width=4) (actual time=0.019..6294.115 rows=14835720 loops=1)
  ->  Hash  (cost=183678.77..183678.77 rows=815680 width=8) (actual time=4341.237..4341.237 rows=807155 loops=1)
        Buckets: 131072  Batches: 16  Memory Usage: 3022kB
        ->  Hash Join  (cost=102767.86..183678.77 rows=815680 width=8) (actual time=2019.536..4084.481 rows=807155 loops=1)
              Hash Cond: (mc.movie_id = t.id)
              ->  Seq Scan on movie_companies mc  (cost=0.00..51404.11 rows=815680 width=4) (actual time=0.027..923.562 rows=807155 loops=1)
                    Filter: (company_id < 1841)
                    Rows Removed by Filter: 1801974
              ->  Hash  (cost=61283.27..61283.27 rows=2528527 width=4) (actual time=2018.610..2018.610 rows=2528312 loops=1)
                    Buckets: 131072  Batches: 64  Memory Usage: 2415kB
                    ->  Seq Scan on title t  (cost=0.00..61283.27 rows=2528527 width=4) (actual time=0.024..1185.788 rows=2528312 loops=1)
Planning time: 1.119 ms
Execution time: 26070.048 ms
