Seq Scan on movie_keyword mk  (cost=0.00..81003.12 rows=246 width=0) (actual time=0.088..1273.955 rows=517 loops=1)
  Filter: (keyword_id = 4196)
  Rows Removed by Filter: 4523413
Planning time: 0.380 ms
Execution time: 1274.314 ms
