Hash Join  (cost=89678.24..1264784.68 rows=13755227 width=0) (actual time=1910.269..37712.501 rows=14781183 loops=1)
  Hash Cond: (ci.movie_id = t.id)
  ->  Seq Scan on cast_info ci  (cost=0.00..614943.12 rows=36225612 width=4) (actual time=0.018..13465.247 rows=36244344 loops=1)
  ->  Hash  (cost=73925.90..73925.90 rows=960107 width=4) (actual time=1909.356..1909.356 rows=977778 loops=1)
        Buckets: 131072  Batches: 16  Memory Usage: 3172kB
        ->  Seq Scan on title t  (cost=0.00..73925.90 rows=960107 width=4) (actual time=0.021..1261.704 rows=977778 loops=1)
              Filter: ((kind_id < 7) AND (production_year > 0))
              Rows Removed by Filter: 1550534
Planning time: 0.718 ms
Execution time: 39385.988 ms
