Hash Join  (cost=58375.85..85286.62 rows=29 width=0) (actual time=914.192..1503.066 rows=3 loops=1)
  Hash Cond: (mi_idx.movie_id = t.id)
  ->  Seq Scan on movie_info_idx mi_idx  (cost=0.00..21735.35 rows=1380035 width=4) (actual time=0.017..340.622 rows=1380035 loops=1)
  ->  Hash  (cost=58375.18..58375.18 rows=53 width=8) (actual time=912.679..912.679 rows=27 loops=1)
        Buckets: 1024  Batches: 1  Memory Usage: 10kB
        ->  Nested Loop  (cost=0.43..58375.18 rows=53 width=8) (actual time=668.627..912.649 rows=27 loops=1)
              ->  Seq Scan on movie_companies mc  (cost=0.00..57926.93 rows=53 width=4) (actual time=668.532..906.726 rows=27 loops=1)
                    Filter: ((company_id = 100610) AND (company_type_id = 2))
                    Rows Removed by Filter: 2609102
              ->  Index Only Scan using title_pkey on title t  (cost=0.43..8.45 rows=1 width=4) (actual time=0.214..0.215 rows=1 loops=27)
                    Index Cond: (id = mc.movie_id)
                    Heap Fetches: 27
Planning time: 9.522 ms
Execution time: 1503.205 ms
