Nested Loop  (cost=0.43..709673.15 rows=305 width=0) (actual time=6076.930..11423.687 rows=2130 loops=1)
  ->  Seq Scan on cast_info ci  (cost=0.00..705507.15 rows=500 width=4) (actual time=6074.896..11386.853 rows=2215 loops=1)
        Filter: (person_id = 1244619)
        Rows Removed by Filter: 36242129
  ->  Index Scan using title_pkey on title t  (cost=0.43..8.32 rows=1 width=4) (actual time=0.016..0.016 rows=1 loops=2215)
        Index Cond: (id = ci.movie_id)
        Filter: (kind_id = 7)
        Rows Removed by Filter: 0
Planning time: 0.798 ms
Execution time: 11424.255 ms
