Hash Join  (cost=156487.41..252592.92 rows=181142 width=0) (actual time=4356.697..6579.243 rows=715692 loops=1)
  Hash Cond: (mk.movie_id = t.id)
  ->  Seq Scan on movie_keyword mk  (cost=0.00..81003.12 rows=993589 width=4) (actual time=0.025..1488.628 rows=998537 loops=1)
        Filter: (keyword_id < 953)
        Rows Removed by Filter: 3525393
  ->  Hash  (cost=148924.19..148924.19 rows=460978 width=8) (actual time=4355.846..4355.846 rows=459925 loops=1)
        Buckets: 131072  Batches: 8  Memory Usage: 3284kB
        ->  Hash Join  (cost=102767.86..148924.19 rows=460978 width=8) (actual time=2106.377..4206.790 rows=459925 loops=1)
              Hash Cond: (mi_idx.movie_id = t.id)
              ->  Seq Scan on movie_info_idx mi_idx  (cost=0.00..25185.44 rows=460978 width=4) (actual time=0.021..469.734 rows=459925 loops=1)
                    Filter: (info_type_id = 99)
                    Rows Removed by Filter: 920110
              ->  Hash  (cost=61283.27..61283.27 rows=2528527 width=4) (actual time=2104.560..2104.560 rows=2528312 loops=1)
                    Buckets: 131072  Batches: 64  Memory Usage: 2415kB
                    ->  Seq Scan on title t  (cost=0.00..61283.27 rows=2528527 width=4) (actual time=0.012..1251.202 rows=2528312 loops=1)
Planning time: 1.122 ms
Execution time: 6665.053 ms
