Hash Join  (cost=100928.86..851837.36 rows=11929 width=0) (actual time=1861.623..17510.800 rows=24369 loops=1)
  Hash Cond: (ci.movie_id = t.id)
  ->  Seq Scan on cast_info ci  (cost=0.00..614943.12 rows=36225612 width=4) (actual time=0.024..8410.262 rows=36244344 loops=1)
  ->  Hash  (cost=100918.44..100918.44 rows=833 width=8) (actual time=1858.404..1858.404 rows=990 loops=1)
        Buckets: 1024  Batches: 1  Memory Usage: 47kB
        ->  Hash Join  (cost=73982.55..100918.44 rows=833 width=8) (actual time=1586.103..1857.896 rows=990 loops=1)
              Hash Cond: (mi_idx.movie_id = t.id)
              ->  Seq Scan on movie_info_idx mi_idx  (cost=0.00..25185.44 rows=464566 width=4) (actual time=0.016..515.665 rows=459925 loops=1)
                    Filter: (info_type_id = 101)
                    Rows Removed by Filter: 920110
              ->  Hash  (cost=73925.90..73925.90 rows=4532 width=4) (actual time=1244.154..1244.154 rows=7822 loops=1)
                    Buckets: 8192  Batches: 1  Memory Usage: 339kB
                    ->  Seq Scan on title t  (cost=0.00..73925.90 rows=4532 width=4) (actual time=121.675..1240.315 rows=7822 loops=1)
                          Filter: ((kind_id = 7) AND (production_year = 1974))
                          Rows Removed by Filter: 2520490
Planning time: 1.204 ms
Execution time: 17516.395 ms
