Seq Scan on title t  (cost=0.00..73925.90 rows=1335976 width=0) (actual time=0.007..1371.319 rows=1412362 loops=1)
  Filter: ((production_year > 1962) AND (kind_id = 7))
  Rows Removed by Filter: 1115950
Planning time: 0.456 ms
Execution time: 1551.076 ms
