Seq Scan on cast_info ci  (cost=0.00..796071.18 rows=1791427 width=0) (actual time=2583.028..11348.419 rows=765386 loops=1)
  Filter: ((person_id < 261234) AND (role_id > 1))
  Rows Removed by Filter: 35478958
Planning time: 0.342 ms
Execution time: 11444.610 ms
