Seq Scan on movie_keyword mk  (cost=0.00..81003.12 rows=4124001 width=0) (actual time=0.014..1568.703 rows=4129525 loops=1)
  Filter: (keyword_id < 43746)
  Rows Removed by Filter: 394405
Planning time: 0.233 ms
Execution time: 2069.011 ms
