Hash Join  (cost=204961.89..718069.54 rows=1394284 width=0) (actual time=3843.649..18147.586 rows=10977714 loops=1)
  Hash Cond: (mi.movie_id = t.id)
  ->  Seq Scan on movie_info mi  (cost=0.00..309384.22 rows=14739122 width=4) (actual time=0.009..5400.360 rows=14835720 loops=1)
  ->  Hash  (cost=201036.99..201036.99 rows=239192 width=8) (actual time=3839.710..3839.710 rows=187927 loops=1)
        Buckets: 131072  Batches: 4  Memory Usage: 2869kB
        ->  Hash Join  (cost=76120.03..201036.99 rows=239192 width=8) (actual time=1305.040..3784.483 rows=187927 loops=1)
              Hash Cond: (mk.movie_id = t.id)
              ->  Seq Scan on movie_keyword mk  (cost=0.00..69693.30 rows=4523930 width=4) (actual time=0.024..1173.518 rows=4523930 loops=1)
              ->  Hash  (cost=73925.90..73925.90 rows=133690 width=4) (actual time=1057.169..1057.169 rows=120471 loops=1)
                    Buckets: 131072  Batches: 2  Memory Usage: 3147kB
                    ->  Seq Scan on title t  (cost=0.00..73925.90 rows=133690 width=4) (actual time=0.055..1013.001 rows=120471 loops=1)
                          Filter: ((kind_id < 4) AND (production_year > 2010))
                          Rows Removed by Filter: 2407841
Planning time: 1.092 ms
Execution time: 19339.981 ms
