Hash Join  (cost=204943.99..574463.88 rows=449519 width=0) (actual time=9140.705..11077.556 rows=1636629 loops=1)
  Hash Cond: (mi.movie_id = t.id)
  ->  Seq Scan on movie_info mi  (cost=0.00..346232.03 rows=1338312 width=4) (actual time=4606.937..5313.254 rows=1401902 loops=1)
        Filter: (info_type_id = 7)
        Rows Removed by Filter: 13433818
  ->  Hash  (cost=191009.82..191009.82 rows=849294 width=8) (actual time=4532.907..4532.907 rows=1057159 loops=1)
        Buckets: 131072  Batches: 16  Memory Usage: 3619kB
        ->  Hash Join  (cost=102767.86..191009.82 rows=849294 width=8) (actual time=2170.225..4253.803 rows=1057159 loops=1)
              Hash Cond: (mc.movie_id = t.id)
              ->  Seq Scan on movie_companies mc  (cost=0.00..57926.93 rows=849294 width=4) (actual time=236.220..1114.086 rows=1057159 loops=1)
                    Filter: ((company_id > 3535) AND (company_type_id = 2))
                    Rows Removed by Filter: 1551970
              ->  Hash  (cost=61283.27..61283.27 rows=2528527 width=4) (actual time=1932.779..1932.779 rows=2528312 loops=1)
                    Buckets: 131072  Batches: 64  Memory Usage: 2415kB
                    ->  Seq Scan on title t  (cost=0.00..61283.27 rows=2528527 width=4) (actual time=0.038..1086.992 rows=2528312 loops=1)
Planning time: 1.109 ms
Execution time: 11256.243 ms
