Hash Join  (cost=947146.60..1491484.77 rows=6047924 width=0) (actual time=13917.692..27440.051 rows=2492054 loops=1)
  Hash Cond: (mi.movie_id = t.id)
  ->  Seq Scan on movie_info mi  (cost=0.00..309384.22 rows=14739122 width=4) (actual time=0.008..5866.993 rows=14835720 loops=1)
  ->  Hash  (cost=930124.42..930124.42 rows=1037534 width=8) (actual time=13916.772..13916.772 rows=468952 loops=1)
        Buckets: 131072  Batches: 16  Memory Usage: 2175kB
        ->  Hash Join  (cost=92703.08..930124.42 rows=1037534 width=8) (actual time=8133.312..13760.450 rows=468952 loops=1)
              Hash Cond: (ci.movie_id = t.id)
              ->  Seq Scan on cast_info ci  (cost=0.00..796071.18 rows=2292220 width=4) (actual time=6235.850..11028.397 rows=1073315 loops=1)
                    Filter: ((person_id > 2562571) AND (role_id = 2))
                    Rows Removed by Filter: 35171029
              ->  Hash  (cost=73925.90..73925.90 rows=1144494 width=4) (actual time=1896.536..1896.536 rows=1095581 loops=1)
                    Buckets: 131072  Batches: 16  Memory Usage: 3437kB
                    ->  Seq Scan on title t  (cost=0.00..73925.90 rows=1144494 width=4) (actual time=0.020..1345.833 rows=1095581 loops=1)
                          Filter: ((kind_id > 1) AND (production_year < 2007))
                          Rows Removed by Filter: 1432731
Planning time: 1.026 ms
Execution time: 27700.667 ms
