Hash Join  (cost=178831.59..702160.18 rows=4078866 width=0) (actual time=4355.265..24009.132 rows=25511632 loops=1)
  Hash Cond: (mi.movie_id = t.id)
  ->  Seq Scan on movie_info mi  (cost=0.00..309384.22 rows=14739122 width=4) (actual time=0.008..5731.569 rows=14835720 loops=1)
  ->  Hash  (cost=167350.86..167350.86 rows=699738 width=8) (actual time=4354.462..4354.462 rows=1002720 loops=1)
        Buckets: 131072  Batches: 16  Memory Usage: 3519kB
        ->  Hash Join  (cost=81530.55..167350.86 rows=699738 width=8) (actual time=1361.626..4036.467 rows=1002720 loops=1)
              Hash Cond: (mc.movie_id = t.id)
              ->  Seq Scan on movie_companies mc  (cost=0.00..51404.11 rows=2084486 width=4) (actual time=0.019..1131.689 rows=2080132 loops=1)
                    Filter: (company_id < 72806)
                    Rows Removed by Filter: 528997
              ->  Hash  (cost=67604.59..67604.59 rows=848797 width=4) (actual time=1360.537..1360.537 rows=849141 loops=1)
                    Buckets: 131072  Batches: 16  Memory Usage: 2892kB
                    ->  Seq Scan on title t  (cost=0.00..67604.59 rows=848797 width=4) (actual time=0.026..1092.659 rows=849141 loops=1)
                          Filter: (production_year < 1996)
                          Rows Removed by Filter: 1679171
Planning time: 1.195 ms
Execution time: 26920.275 ms
