Seq Scan on cast_info ci  (cost=0.00..796071.18 rows=332 width=0) (actual time=2020.458..14787.024 rows=278 loops=1)
  Filter: ((role_id < 4) AND (person_id = 2363127))
  Rows Removed by Filter: 36244066
Planning time: 0.397 ms
Execution time: 14787.177 ms
