Hash Join  (cost=81821.64..546732.26 rows=1650861 width=0) (actual time=1490.512..11951.938 rows=297553 loops=1)
  Hash Cond: (mi.movie_id = t.id)
  ->  Seq Scan on movie_info mi  (cost=0.00..346232.03 rows=8673596 width=4) (actual time=135.145..6488.633 rows=8786582 loops=1)
        Filter: (info_type_id < 13)
        Rows Removed by Filter: 6049138
  ->  Hash  (cost=73925.90..73925.90 rows=481259 width=4) (actual time=1353.312..1353.312 rows=518327 loops=1)
        Buckets: 131072  Batches: 8  Memory Usage: 3307kB
        ->  Seq Scan on title t  (cost=0.00..73925.90 rows=481259 width=4) (actual time=302.161..1183.470 rows=518327 loops=1)
              Filter: ((production_year > 2007) AND (kind_id = 7))
              Rows Removed by Filter: 2009985
Planning time: 2.288 ms
Execution time: 11987.903 ms
