Seq Scan on movie_keyword mk  (cost=0.00..81003.12 rows=246 width=0) (actual time=15.879..1261.963 rows=35 loops=1)
  Filter: (keyword_id = 9559)
  Rows Removed by Filter: 4523895
Planning time: 0.332 ms
Execution time: 1262.105 ms
