Hash Join  (cost=92703.08..667471.97 rows=6303677 width=0) (actual time=1898.864..17756.104 rows=4349157 loops=1)
  Hash Cond: (mi.movie_id = t.id)
  ->  Seq Scan on movie_info mi  (cost=0.00..346232.03 rows=13926693 width=4) (actual time=0.018..7440.921 rows=13963496 loops=1)
        Filter: (info_type_id < 98)
        Rows Removed by Filter: 872224
  ->  Hash  (cost=73925.90..73925.90 rows=1144494 width=4) (actual time=1897.957..1897.957 rows=1095581 loops=1)
        Buckets: 131072  Batches: 16  Memory Usage: 3444kB
        ->  Seq Scan on title t  (cost=0.00..73925.90 rows=1144494 width=4) (actual time=0.026..1533.727 rows=1095581 loops=1)
              Filter: ((kind_id > 1) AND (production_year < 2007))
              Rows Removed by Filter: 1432731
Planning time: 0.793 ms
Execution time: 18260.208 ms
