Hash Join  (cost=83743.23..1030243.26 rows=2515917 width=0) (actual time=1318.291..24937.418 rows=2666289 loops=1)
  Hash Cond: (ci.movie_id = t.id)
  ->  Seq Scan on cast_info ci  (cost=0.00..796071.18 rows=10631914 width=4) (actual time=0.013..17097.196 rows=12670688 loops=1)
        Filter: ((person_id < 3045600) AND (role_id < 2))
        Rows Removed by Filter: 23573656
  ->  Hash  (cost=73925.90..73925.90 rows=598346 width=4) (actual time=1317.337..1317.337 rows=507407 loops=1)
        Buckets: 131072  Batches: 8  Memory Usage: 3251kB
        ->  Seq Scan on title t  (cost=0.00..73925.90 rows=598346 width=4) (actual time=0.023..1157.851 rows=507407 loops=1)
              Filter: ((kind_id < 7) AND (production_year > 1997))
              Rows Removed by Filter: 2020905
Planning time: 0.743 ms
Execution time: 25231.685 ms
