Seq Scan on title t  (cost=0.00..73925.90 rows=1428424 width=0) (actual time=0.013..968.478 rows=1478437 loops=1)
  Filter: ((production_year > 1931) AND (kind_id = 7))
  Rows Removed by Filter: 1049875
Planning time: 0.365 ms
Execution time: 1093.440 ms
