Hash Join  (cost=190230.21..271022.87 rows=769467 width=0) (actual time=4183.223..6671.295 rows=2009484 loops=1)
  Hash Cond: (mc.movie_id = t.id)
  ->  Seq Scan on movie_companies mc  (cost=0.00..51404.11 rows=1409833 width=4) (actual time=0.024..1089.868 rows=1418210 loops=1)
        Filter: (company_id > 10583)
        Rows Removed by Filter: 1190919
  ->  Hash  (cost=167588.78..167588.78 rows=1380035 width=8) (actual time=4182.124..4182.124 rows=1380035 loops=1)
        Buckets: 131072  Batches: 32  Memory Usage: 2708kB
        ->  Hash Join  (cost=102767.86..167588.78 rows=1380035 width=8) (actual time=1848.535..3795.954 rows=1380035 loops=1)
              Hash Cond: (mi_idx.movie_id = t.id)
              ->  Seq Scan on movie_info_idx mi_idx  (cost=0.00..21735.35 rows=1380035 width=4) (actual time=0.016..487.889 rows=1380035 loops=1)
              ->  Hash  (cost=61283.27..61283.27 rows=2528527 width=4) (actual time=1847.278..1847.278 rows=2528312 loops=1)
                    Buckets: 131072  Batches: 64  Memory Usage: 2415kB
                    ->  Seq Scan on title t  (cost=0.00..61283.27 rows=2528527 width=4) (actual time=0.016..1028.324 rows=2528312 loops=1)
Planning time: 1.114 ms
Execution time: 6897.475 ms
