Hash Join  (cost=102767.86..267937.95 rows=3087321 width=0) (actual time=1963.053..6370.311 rows=3068778 loops=1)
  Hash Cond: (mk.movie_id = t.id)
  ->  Seq Scan on movie_keyword mk  (cost=0.00..81003.12 rows=3087321 width=4) (actual time=0.021..1680.062 rows=3068778 loops=1)
        Filter: (keyword_id > 2048)
        Rows Removed by Filter: 1455152
  ->  Hash  (cost=61283.27..61283.27 rows=2528527 width=4) (actual time=1960.895..1960.895 rows=2528312 loops=1)
        Buckets: 131072  Batches: 64  Memory Usage: 2425kB
        ->  Seq Scan on title t  (cost=0.00..61283.27 rows=2528527 width=4) (actual time=0.011..1070.754 rows=2528312 loops=1)
Planning time: 0.743 ms
Execution time: 6738.489 ms
