Hash Join  (cost=73982.55..908533.51 rows=61384 width=0) (actual time=1483.760..22583.994 rows=180213 loops=1)
  Hash Cond: (ci.movie_id = t.id)
  ->  Seq Scan on cast_info ci  (cost=0.00..705507.15 rows=34247990 width=4) (actual time=417.414..13632.111 rows=34322133 loops=1)
        Filter: (person_id > 188486)
        Rows Removed by Filter: 1922211
  ->  Hash  (cost=73925.90..73925.90 rows=4532 width=4) (actual time=1065.825..1065.825 rows=12643 loops=1)
        Buckets: 16384 (originally 8192)  Batches: 1 (originally 1)  Memory Usage: 573kB
        ->  Seq Scan on title t  (cost=0.00..73925.90 rows=4532 width=4) (actual time=0.035..1059.704 rows=12643 loops=1)
              Filter: ((kind_id = 7) AND (production_year = 1989))
              Rows Removed by Filter: 2515669
Planning time: 0.812 ms
Execution time: 22612.574 ms
