Hash Join  (cost=98137.04..179050.60 rows=573355 width=0) (actual time=1878.054..3939.705 rows=418080 loops=1)
  Hash Cond: (mc.movie_id = t.id)
  ->  Seq Scan on movie_companies mc  (cost=0.00..57926.93 rows=779015 width=4) (actual time=1.353..1129.883 rows=998932 loops=1)
        Filter: ((company_id > 6800) AND (company_type_id > 1))
        Rows Removed by Filter: 1610197
  ->  Hash  (cost=67604.59..67604.59 rows=1860996 width=4) (actual time=1875.916..1875.916 rows=1865487 loops=1)
        Buckets: 131072  Batches: 32  Memory Usage: 3079kB
        ->  Seq Scan on title t  (cost=0.00..67604.59 rows=1860996 width=4) (actual time=0.018..1266.030 rows=1865487 loops=1)
              Filter: (kind_id > 1)
              Rows Removed by Filter: 662825
Planning time: 0.510 ms
Execution time: 3987.294 ms
