Hash Join  (cost=96184.51..1062438.58 rows=5226121 width=0) (actual time=1905.685..21549.419 rows=2809776 loops=1)
  Hash Cond: (ci.movie_id = t.id)
  ->  Seq Scan on cast_info ci  (cost=0.00..796071.18 rows=9740182 width=4) (actual time=0.022..15229.151 rows=5587442 loops=1)
        Filter: ((person_id < 2933240) AND (role_id > 3))
        Rows Removed by Filter: 30656902
  ->  Hash  (cost=73925.90..73925.90 rows=1356688 width=4) (actual time=1904.993..1904.993 rows=1327781 loops=1)
        Buckets: 131072  Batches: 32  Memory Usage: 2479kB
        ->  Seq Scan on title t  (cost=0.00..73925.90 rows=1356688 width=4) (actual time=0.024..1477.510 rows=1327781 loops=1)
              Filter: ((production_year < 2012) AND (kind_id = 7))
              Rows Removed by Filter: 1200531
Planning time: 1.910 ms
Execution time: 21879.385 ms
