Nested Loop  (cost=0.43..83072.29 rows=181 width=106) (actual time=150.879..1532.859 rows=20 loops=1)
  ->  Seq Scan on movie_keyword mk  (cost=0.00..81003.12 rows=246 width=12) (actual time=24.201..1528.687 rows=58 loops=1)
        Filter: (keyword_id = 8485)
        Rows Removed by Filter: 4523872
  ->  Index Scan using title_pkey on title t  (cost=0.43..8.40 rows=1 width=94) (actual time=0.066..0.066 rows=0 loops=58)
        Index Cond: (id = mk.movie_id)
        Filter: (kind_id > 1)
        Rows Removed by Filter: 1
Planning time: 0.921 ms
Execution time: 1532.943 ms
