Seq Scan on cast_info ci  (cost=0.00..796071.18 rows=324 width=0) (actual time=216.107..14238.349 rows=23 loops=1)
  Filter: ((role_id > 1) AND (person_id = 2143571))
  Rows Removed by Filter: 36244321
Planning time: 0.395 ms
Execution time: 14238.493 ms
