Hash Join  (cost=876629.88..938261.05 rows=10280 width=0) (actual time=14957.734..16193.955 rows=24754 loops=1)
  Hash Cond: (mc.movie_id = t.id)
  ->  Seq Scan on movie_companies mc  (cost=0.00..57926.93 rows=960384 width=4) (actual time=0.032..1047.560 rows=813876 loops=1)
        Filter: ((company_id > 846) AND (company_type_id = 1))
        Rows Removed by Filter: 1795253
  ->  Hash  (cost=876291.56..876291.56 rows=27065 width=8) (actual time=14957.171..14957.171 rows=50327 loops=1)
        Buckets: 65536 (originally 32768)  Batches: 1 (originally 1)  Memory Usage: 2478kB
        ->  Hash Join  (cost=76379.89..876291.56 rows=27065 width=8) (actual time=5873.443..14939.259 rows=50327 loops=1)
              Hash Cond: (ci.movie_id = t.id)
              ->  Seq Scan on cast_info ci  (cost=0.00..796071.18 rows=127959 width=4) (actual time=4432.759..12459.876 rows=236709 loops=1)
                    Filter: ((person_id > 2335541) AND (role_id > 10))
                    Rows Removed by Filter: 36007635
              ->  Hash  (cost=67604.59..67604.59 rows=534824 width=4) (actual time=1439.729..1439.729 rows=533369 loops=1)
                    Buckets: 131072  Batches: 8  Memory Usage: 3369kB
                    ->  Seq Scan on title t  (cost=0.00..67604.59 rows=534824 width=4) (actual time=0.028..1269.746 rows=533369 loops=1)
                          Filter: (production_year > 2009)
                          Rows Removed by Filter: 1994943
Planning time: 1.210 ms
Execution time: 16197.871 ms
