Hash Join  (cost=299304.90..1807906.40 rows=37403530 width=0) (actual time=6447.068..67842.701 rows=125972968 loops=1)
  Hash Cond: (ci.movie_id = t.id)
  ->  Seq Scan on cast_info ci  (cost=0.00..614943.12 rows=36225612 width=4) (actual time=0.021..13435.000 rows=36244344 loops=1)
  ->  Hash  (cost=256471.59..256471.59 rows=2610745 width=8) (actual time=6445.238..6445.238 rows=2597028 loops=1)
        Buckets: 131072  Batches: 64  Memory Usage: 2631kB
        ->  Hash Join  (cost=102767.86..256471.59 rows=2610745 width=8) (actual time=2007.768..5815.369 rows=2597028 loops=1)
              Hash Cond: (mk.movie_id = t.id)
              ->  Seq Scan on movie_keyword mk  (cost=0.00..81003.12 rows=2610745 width=4) (actual time=0.018..1649.958 rows=2597028 loops=1)
                    Filter: (keyword_id > 3311)
                    Rows Removed by Filter: 1926902
              ->  Hash  (cost=61283.27..61283.27 rows=2528527 width=4) (actual time=2006.306..2006.306 rows=2528312 loops=1)
                    Buckets: 131072  Batches: 64  Memory Usage: 2425kB
                    ->  Seq Scan on title t  (cost=0.00..61283.27 rows=2528527 width=4) (actual time=0.019..1164.374 rows=2528312 loops=1)
Planning time: 0.991 ms
Execution time: 81188.818 ms
