Seq Scan on movie_keyword mk  (cost=0.00..81003.12 rows=246 width=0) (actual time=7.191..1185.694 rows=109 loops=1)
  Filter: (keyword_id = 6389)
  Rows Removed by Filter: 4523821
Planning time: 0.362 ms
Execution time: 1185.880 ms
