Hash Join  (cost=83073.84..451422.19 rows=174 width=0) (actual time=2198.451..8221.206 rows=7 loops=1)
  Hash Cond: (mi.movie_id = t.id)
  ->  Seq Scan on movie_info mi  (cost=0.00..346232.03 rows=5897221 width=4) (actual time=44.288..6066.209 rows=5884963 loops=1)
        Filter: (info_type_id < 7)
        Rows Removed by Filter: 8950757
  ->  Hash  (cost=83072.90..83072.90 rows=75 width=8) (actual time=1306.092..1306.092 rows=196 loops=1)
        Buckets: 1024  Batches: 1  Memory Usage: 16kB
        ->  Nested Loop  (cost=0.43..83072.90 rows=75 width=8) (actual time=5.404..1305.992 rows=196 loops=1)
              ->  Seq Scan on movie_keyword mk  (cost=0.00..81003.12 rows=246 width=4) (actual time=5.338..1298.113 rows=255 loops=1)
                    Filter: (keyword_id = 26250)
                    Rows Removed by Filter: 4523675
              ->  Index Scan using title_pkey on title t  (cost=0.43..8.40 rows=1 width=4) (actual time=0.029..0.029 rows=1 loops=255)
                    Index Cond: (id = mk.movie_id)
                    Filter: ((production_year > 2002) AND (kind_id = 7))
                    Rows Removed by Filter: 0
Planning time: 1.252 ms
Execution time: 8221.358 ms
