Seq Scan on title t  (cost=0.00..73925.90 rows=598820 width=0) (actual time=243.283..1237.049 rows=481913 loops=1)
  Filter: ((production_year > 1954) AND (kind_id = 1))
  Rows Removed by Filter: 2046399
Planning time: 0.392 ms
Execution time: 1293.933 ms
