Hash Join  (cost=114675.09..913060.08 rows=475447 width=0) (actual time=2089.629..22242.019 rows=887883 loops=1)
  Hash Cond: (ci.movie_id = t.id)
  ->  Seq Scan on cast_info ci  (cost=0.00..705507.15 rows=23499554 width=4) (actual time=0.013..14587.537 rows=23573656 loops=1)
        Filter: (role_id > 1)
        Rows Removed by Filter: 12670688
  ->  Hash  (cost=114035.62..114035.62 rows=51158 width=8) (actual time=2089.233..2089.233 rows=34449 loops=1)
        Buckets: 65536  Batches: 1  Memory Usage: 1858kB
        ->  Hash Join  (cost=75464.55..114035.62 rows=51158 width=8) (actual time=1253.686..2078.605 rows=34449 loops=1)
              Hash Cond: (mi_idx.movie_id = t.id)
              ->  Seq Scan on movie_info_idx mi_idx  (cost=0.00..21735.35 rows=1380035 width=4) (actual time=0.013..400.835 rows=1380035 loops=1)
              ->  Hash  (cost=73925.90..73925.90 rows=93732 width=4) (actual time=1252.538..1252.538 rows=100592 loops=1)
                    Buckets: 131072  Batches: 2  Memory Usage: 2791kB
                    ->  Seq Scan on title t  (cost=0.00..73925.90 rows=93732 width=4) (actual time=0.079..1213.700 rows=100592 loops=1)
                          Filter: ((kind_id > 1) AND (production_year = 2009))
                          Rows Removed by Filter: 2427720
Planning time: 1.227 ms
Execution time: 22359.385 ms
