Hash Join  (cost=102767.86..245802.96 rows=2167383 width=0) (actual time=1946.215..5456.812 rows=2170324 loops=1)
  Hash Cond: (mk.movie_id = t.id)
  ->  Seq Scan on movie_keyword mk  (cost=0.00..81003.12 rows=2167383 width=4) (actual time=0.026..1589.444 rows=2170324 loops=1)
        Filter: (keyword_id < 4208)
        Rows Removed by Filter: 2353606
  ->  Hash  (cost=61283.27..61283.27 rows=2528527 width=4) (actual time=1945.260..1945.260 rows=2528312 loops=1)
        Buckets: 131072  Batches: 64  Memory Usage: 2425kB
        ->  Seq Scan on title t  (cost=0.00..61283.27 rows=2528527 width=4) (actual time=0.015..1079.952 rows=2528312 loops=1)
Planning time: 0.722 ms
Execution time: 5681.575 ms
