Hash Join  (cost=136662.72..1009469.60 rows=1079387 width=0) (actual time=2970.413..18926.554 rows=2012223 loops=1)
  Hash Cond: (ci.movie_id = t.id)
  ->  Seq Scan on cast_info ci  (cost=0.00..796071.18 rows=5536491 width=4) (actual time=0.021..12119.199 rows=7056655 loops=1)
        Filter: ((person_id < 964794) AND (role_id < 3))
        Rows Removed by Filter: 29187689
  ->  Hash  (cost=128574.75..128574.75 rows=492958 width=8) (actual time=2969.470..2969.470 rows=369173 loops=1)
        Buckets: 131072  Batches: 8  Memory Usage: 2811kB
        ->  Hash Join  (cost=82423.69..128574.75 rows=492958 width=8) (actual time=1527.133..2854.651 rows=369173 loops=1)
              Hash Cond: (mi_idx.movie_id = t.id)
              ->  Seq Scan on movie_info_idx mi_idx  (cost=0.00..21735.35 rows=1380035 width=4) (actual time=0.015..444.155 rows=1380035 loops=1)
              ->  Hash  (cost=67604.59..67604.59 rows=903208 width=4) (actual time=1525.837..1525.837 rows=904491 loops=1)
                    Buckets: 131072  Batches: 16  Memory Usage: 3010kB
                    ->  Seq Scan on title t  (cost=0.00..67604.59 rows=903208 width=4) (actual time=0.019..1235.041 rows=904491 loops=1)
                          Filter: (production_year > 2006)
                          Rows Removed by Filter: 1623821
Planning time: 1.206 ms
Execution time: 19176.683 ms
