Hash Join  (cost=153519.41..616808.18 rows=677958 width=0) (actual time=2967.319..14735.464 rows=3343760 loops=1)
  Hash Cond: (mi.movie_id = t.id)
  ->  Seq Scan on movie_info mi  (cost=0.00..346232.03 rows=9476311 width=4) (actual time=0.012..6710.911 rows=9565151 loops=1)
        Filter: (info_type_id < 16)
        Rows Removed by Filter: 5270569
  ->  Hash  (cost=150551.20..150551.20 rows=180897 width=8) (actual time=2966.485..2966.485 rows=177507 loops=1)
        Buckets: 131072  Batches: 4  Memory Usage: 2750kB
        ->  Hash Join  (cost=78988.28..150551.20 rows=180897 width=8) (actual time=1208.566..2915.657 rows=177507 loops=1)
              Hash Cond: (mc.movie_id = t.id)
              ->  Seq Scan on movie_companies mc  (cost=0.00..51404.11 rows=1482622 width=4) (actual time=0.024..1000.887 rows=1471454 loops=1)
                    Filter: (company_id < 13422)
                    Rows Removed by Filter: 1137675
              ->  Hash  (cost=73925.90..73925.90 rows=308510 width=4) (actual time=1207.715..1207.715 rows=266599 loops=1)
                    Buckets: 131072  Batches: 8  Memory Usage: 2191kB
                    ->  Seq Scan on title t  (cost=0.00..73925.90 rows=308510 width=4) (actual time=0.015..1121.785 rows=266599 loops=1)
                          Filter: ((kind_id < 7) AND (production_year > 2007))
                          Rows Removed by Filter: 2261713
Planning time: 0.808 ms
Execution time: 15151.334 ms
