Hash Join  (cost=67697.55..94648.62 rows=4059 width=0) (actual time=1042.711..1608.415 rows=10523 loops=1)
  Hash Cond: (mi_idx.movie_id = t.id)
  ->  Seq Scan on movie_info_idx mi_idx  (cost=0.00..21735.35 rows=1380035 width=4) (actual time=0.026..297.288 rows=1380035 loops=1)
  ->  Hash  (cost=67604.59..67604.59 rows=7437 width=4) (actual time=1042.598..1042.598 rows=14601 loops=1)
        Buckets: 16384 (originally 8192)  Batches: 1 (originally 1)  Memory Usage: 642kB
        ->  Seq Scan on title t  (cost=0.00..67604.59 rows=7437 width=4) (actual time=0.026..1035.634 rows=14601 loops=1)
              Filter: (production_year = 1967)
              Rows Removed by Filter: 2513711
Planning time: 0.719 ms
Execution time: 1609.932 ms
