Seq Scan on movie_keyword mk  (cost=0.00..81003.12 rows=78679 width=0) (actual time=0.025..1277.045 rows=77574 loops=1)
  Filter: (keyword_id > 88564)
  Rows Removed by Filter: 4446356
Planning time: 0.308 ms
Execution time: 1288.438 ms
