Hash Join  (cost=102767.86..168945.11 rows=203393 width=0) (actual time=1956.364..3408.762 rows=204853 loops=1)
  Hash Cond: (mc.movie_id = t.id)
  ->  Seq Scan on movie_companies mc  (cost=0.00..51404.11 rows=203393 width=4) (actual time=0.015..905.990 rows=204853 loops=1)
        Filter: (company_id > 112018)
        Rows Removed by Filter: 2404276
  ->  Hash  (cost=61283.27..61283.27 rows=2528527 width=4) (actual time=1955.457..1955.457 rows=2528312 loops=1)
        Buckets: 131072  Batches: 64  Memory Usage: 2415kB
        ->  Seq Scan on title t  (cost=0.00..61283.27 rows=2528527 width=4) (actual time=0.010..1131.557 rows=2528312 loops=1)
Planning time: 0.576 ms
Execution time: 3433.466 ms
