Nested Loop  (cost=0.43..52283.69 rows=104 width=0) (actual time=31.675..782.130 rows=14 loops=1)
  ->  Seq Scan on movie_companies mc  (cost=0.00..51404.11 rows=104 width=4) (actual time=31.584..781.553 rows=14 loops=1)
        Filter: (company_id = 13078)
        Rows Removed by Filter: 2609115
  ->  Index Only Scan using title_pkey on title t  (cost=0.43..8.45 rows=1 width=4) (actual time=0.035..0.036 rows=1 loops=14)
        Index Cond: (id = mc.movie_id)
        Heap Fetches: 14
Planning time: 0.737 ms
Execution time: 782.201 ms
