Hash Join  (cost=102767.86..202482.11 rows=1597178 width=0) (actual time=1913.200..4580.556 rows=1596820 loops=1)
  Hash Cond: (mc.movie_id = t.id)
  ->  Seq Scan on movie_companies mc  (cost=0.00..51404.11 rows=1597178 width=4) (actual time=0.011..1100.252 rows=1596820 loops=1)
        Filter: (company_id > 5101)
        Rows Removed by Filter: 1012309
  ->  Hash  (cost=61283.27..61283.27 rows=2528527 width=4) (actual time=1911.459..1911.459 rows=2528312 loops=1)
        Buckets: 131072  Batches: 64  Memory Usage: 2415kB
        ->  Seq Scan on title t  (cost=0.00..61283.27 rows=2528527 width=4) (actual time=0.015..1096.690 rows=2528312 loops=1)
Planning time: 0.707 ms
Execution time: 4756.533 ms
