Hash Join  (cost=102767.86..279750.18 rows=3578166 width=0) (actual time=2074.677..6981.190 rows=3564636 loops=1)
  Hash Cond: (mk.movie_id = t.id)
  ->  Seq Scan on movie_keyword mk  (cost=0.00..81003.12 rows=3578166 width=4) (actual time=0.012..1768.102 rows=3564636 loops=1)
        Filter: (keyword_id < 19805)
        Rows Removed by Filter: 959294
  ->  Hash  (cost=61283.27..61283.27 rows=2528527 width=4) (actual time=2073.837..2073.837 rows=2528312 loops=1)
        Buckets: 131072  Batches: 64  Memory Usage: 2425kB
        ->  Seq Scan on title t  (cost=0.00..61283.27 rows=2528527 width=4) (actual time=0.016..1121.448 rows=2528312 loops=1)
Planning time: 0.491 ms
Execution time: 7440.994 ms
