Hash Join  (cost=89472.60..648551.33 rows=5119356 width=0) (actual time=1826.924..16628.197 rows=2617340 loops=1)
  Hash Cond: (mi.movie_id = t.id)
  ->  Seq Scan on movie_info mi  (cost=0.00..346232.03 rows=13660571 width=4) (actual time=0.020..7523.599 rows=13694485 loops=1)
        Filter: (info_type_id < 57)
        Rows Removed by Filter: 1141235
  ->  Hash  (cost=73925.90..73925.90 rows=947576 width=4) (actual time=1771.748..1771.748 rows=876037 loops=1)
        Buckets: 131072  Batches: 16  Memory Usage: 2955kB
        ->  Seq Scan on title t  (cost=0.00..73925.90 rows=947576 width=4) (actual time=0.015..1394.280 rows=876037 loops=1)
              Filter: ((production_year < 2007) AND (kind_id = 7))
              Rows Removed by Filter: 1652275
Planning time: 0.740 ms
Execution time: 16939.796 ms
