Hash Join  (cost=174164.03..696490.43 rows=3984947 width=0) (actual time=3962.856..19973.109 rows=11090614 loops=1)
  Hash Cond: (mi.movie_id = t.id)
  ->  Seq Scan on movie_info mi  (cost=0.00..309384.22 rows=14739122 width=4) (actual time=0.012..5828.685 rows=14835720 loops=1)
  ->  Hash  (cost=162947.71..162947.71 rows=683626 width=8) (actual time=3961.350..3961.350 rows=524576 loops=1)
        Buckets: 131072  Batches: 16  Memory Usage: 2295kB
        ->  Hash Join  (cost=78473.92..162947.71 rows=683626 width=8) (actual time=1384.579..3803.203 rows=524576 loops=1)
              Hash Cond: (mc.movie_id = t.id)
              ->  Seq Scan on movie_companies mc  (cost=0.00..44881.29 rows=2609129 width=4) (actual time=0.013..945.362 rows=2609129 loops=1)
              ->  Hash  (cost=67604.59..67604.59 rows=662507 width=4) (actual time=1383.430..1383.430 rows=662065 loops=1)
                    Buckets: 131072  Batches: 16  Memory Usage: 2481kB
                    ->  Seq Scan on title t  (cost=0.00..67604.59 rows=662507 width=4) (actual time=0.027..1151.056 rows=662065 loops=1)
                          Filter: (production_year > 2008)
                          Rows Removed by Filter: 1866247
Planning time: 1.163 ms
Execution time: 21131.983 ms
