Nested Loop  (cost=0.43..83071.67 rows=246 width=0) (actual time=1.070..1379.131 rows=1307 loops=1)
  ->  Seq Scan on movie_keyword mk  (cost=0.00..81003.12 rows=246 width=4) (actual time=1.001..1327.957 rows=1307 loops=1)
        Filter: (keyword_id = 128)
        Rows Removed by Filter: 4522623
  ->  Index Only Scan using title_pkey on title t  (cost=0.43..8.40 rows=1 width=4) (actual time=0.038..0.038 rows=1 loops=1307)
        Index Cond: (id = mk.movie_id)
        Heap Fetches: 1307
Planning time: 0.866 ms
Execution time: 1379.682 ms
