Seq Scan on cast_info ci  (cost=0.00..796071.18 rows=886766 width=0) (actual time=2949.365..10498.493 rows=2021140 loops=1)
  Filter: ((person_id > 3665133) AND (role_id > 2))
  Rows Removed by Filter: 34223204
Planning time: 0.247 ms
Execution time: 10760.515 ms
