Hash Join  (cost=83030.92..449842.94 rows=293733 width=0) (actual time=4120.139..8398.492 rows=23642 loops=1)
  Hash Cond: (mi.movie_id = t.id)
  ->  Seq Scan on movie_info mi  (cost=0.00..346232.03 rows=1338312 width=4) (actual time=2510.917..5822.125 rows=1401902 loops=1)
        Filter: (info_type_id = 7)
        Rows Removed by Filter: 13433818
  ->  Hash  (cost=73925.90..73925.90 rows=554961 width=4) (actual time=1608.114..1608.114 rows=605090 loops=1)
        Buckets: 131072  Batches: 8  Memory Usage: 3690kB
        ->  Seq Scan on title t  (cost=0.00..73925.90 rows=554961 width=4) (actual time=0.045..1411.589 rows=605090 loops=1)
              Filter: ((kind_id > 4) AND (production_year > 2006))
              Rows Removed by Filter: 1923222
Planning time: 0.769 ms
Execution time: 8402.061 ms
