Hash Join  (cost=52284.99..80917.27 rows=38 width=0) (actual time=698.661..1312.766 rows=1840 loops=1)
  Hash Cond: (mi_idx.movie_id = t.id)
  ->  Seq Scan on movie_info_idx mi_idx  (cost=0.00..25185.44 rows=919057 width=4) (actual time=0.029..464.311 rows=920110 loops=1)
        Filter: (info_type_id > 99)
        Rows Removed by Filter: 459925
  ->  Hash  (cost=52283.69..52283.69 rows=104 width=8) (actual time=698.542..698.542 rows=921 loops=1)
        Buckets: 1024  Batches: 1  Memory Usage: 44kB
        ->  Nested Loop  (cost=0.43..52283.69 rows=104 width=8) (actual time=2.132..698.054 rows=921 loops=1)
              ->  Seq Scan on movie_companies mc  (cost=0.00..51404.11 rows=104 width=4) (actual time=2.068..681.520 rows=921 loops=1)
                    Filter: (company_id = 2980)
                    Rows Removed by Filter: 2608208
              ->  Index Only Scan using title_pkey on title t  (cost=0.43..8.45 rows=1 width=4) (actual time=0.017..0.017 rows=1 loops=921)
                    Index Cond: (id = mc.movie_id)
                    Heap Fetches: 921
Planning time: 1.073 ms
Execution time: 1313.197 ms
