Hash Join  (cost=189845.48..1266395.59 rows=4161191 width=0) (actual time=3863.626..40432.591 rows=26809140 loops=1)
  Hash Cond: (ci.movie_id = t.id)
  ->  Seq Scan on cast_info ci  (cost=0.00..614943.12 rows=36225612 width=4) (actual time=0.016..13945.288 rows=36244344 loops=1)
  ->  Hash  (cost=185079.87..185079.87 rows=290449 width=8) (actual time=3862.582..3862.582 rows=452944 loops=1)
        Buckets: 131072 (originally 131072)  Batches: 8 (originally 4)  Memory Usage: 3222kB
        ->  Hash Join  (cost=82008.92..185079.87 rows=290449 width=8) (actual time=1408.265..3718.511 rows=452944 loops=1)
              Hash Cond: (mk.movie_id = t.id)
              ->  Seq Scan on movie_keyword mk  (cost=0.00..81003.12 rows=1490756 width=4) (actual time=0.017..1447.323 rows=1500860 loops=1)
                    Filter: (keyword_id < 2163)
                    Rows Removed by Filter: 3023070
              ->  Hash  (cost=73925.90..73925.90 rows=492641 width=4) (actual time=1407.550..1407.550 rows=420285 loops=1)
                    Buckets: 131072  Batches: 8  Memory Usage: 2876kB
                    ->  Seq Scan on title t  (cost=0.00..73925.90 rows=492641 width=4) (actual time=0.014..1265.998 rows=420285 loops=1)
                          Filter: ((kind_id < 7) AND (production_year > 2002))
                          Rows Removed by Filter: 2108027
Planning time: 1.176 ms
Execution time: 43410.993 ms
