Hash Join  (cost=83074.80..451426.09 rows=468 width=0) (actual time=3809.091..7901.949 rows=2559 loops=1)
  Hash Cond: (mi.movie_id = t.id)
  ->  Seq Scan on movie_info mi  (cost=0.00..346232.03 rows=5897221 width=4) (actual time=2497.169..5793.660 rows=5884963 loops=1)
        Filter: (info_type_id < 7)
        Rows Removed by Filter: 8950757
  ->  Hash  (cost=83072.29..83072.29 rows=201 width=8) (actual time=1292.120..1292.120 rows=142 loops=1)
        Buckets: 1024  Batches: 1  Memory Usage: 14kB
        ->  Nested Loop  (cost=0.43..83072.29 rows=201 width=8) (actual time=22.026..1291.907 rows=142 loops=1)
              ->  Seq Scan on movie_keyword mk  (cost=0.00..81003.12 rows=246 width=4) (actual time=17.738..1272.804 rows=167 loops=1)
                    Filter: (keyword_id = 8150)
                    Rows Removed by Filter: 4523763
              ->  Index Scan using title_pkey on title t  (cost=0.43..8.40 rows=1 width=4) (actual time=0.110..0.110 rows=1 loops=167)
                    Index Cond: (id = mk.movie_id)
                    Filter: (production_year > 1971)
                    Rows Removed by Filter: 0
Planning time: 1.198 ms
Execution time: 7902.713 ms
