Seq Scan on title t  (cost=0.00..73925.90 rows=1963 width=0) (actual time=292.580..1151.521 rows=4281 loops=1)
  Filter: ((kind_id = 1) AND (production_year = 1978))
  Rows Removed by Filter: 2524031
Planning time: 1.009 ms
Execution time: 1152.663 ms
