Seq Scan on cast_info ci  (cost=0.00..705507.15 rows=32694383 width=0) (actual time=0.022..14664.884 rows=32837425 loops=1)
  Filter: (person_id > 327550)
  Rows Removed by Filter: 3406919
Planning time: 0.528 ms
Execution time: 18702.197 ms
