Hash Join  (cost=78556.72..226245.68 rows=1191091 width=0) (actual time=1206.089..6099.595 rows=2878235 loops=1)
  Hash Cond: (mk.movie_id = t.id)
  ->  Seq Scan on movie_keyword mk  (cost=0.00..81003.12 rows=4511711 width=4) (actual time=0.031..1878.661 rows=4514262 loops=1)
        Filter: (keyword_id < 125379)
        Rows Removed by Filter: 9668
  ->  Hash  (cost=67604.59..67604.59 rows=667531 width=4) (actual time=1204.732..1204.732 rows=662825 loops=1)
        Buckets: 131072  Batches: 16  Memory Usage: 2486kB
        ->  Seq Scan on title t  (cost=0.00..67604.59 rows=667531 width=4) (actual time=357.757..974.808 rows=662825 loops=1)
              Filter: (kind_id = 1)
              Rows Removed by Filter: 1865487
Planning time: 0.736 ms
Execution time: 6431.316 ms
