Hash Join  (cost=505750.53..1797576.79 rows=16507979 width=0) (actual time=9139.881..62594.582 rows=75632481 loops=1)
  Hash Cond: (ci.movie_id = t.id)
  ->  Seq Scan on cast_info ci  (cost=0.00..705507.15 rows=36040086 width=4) (actual time=0.013..17261.547 rows=36033593 loops=1)
        Filter: (person_id < 4024692)
        Rows Removed by Filter: 210751
  ->  Hash  (cost=486748.29..486748.29 rows=1158179 width=8) (actual time=9139.046..9139.046 rows=1204709 loops=1)
        Buckets: 131072  Batches: 16  Memory Usage: 3882kB
        ->  Hash Join  (cost=102767.86..486748.29 rows=1158179 width=8) (actual time=5861.144..8811.926 rows=1204709 loops=1)
              Hash Cond: (mi.movie_id = t.id)
              ->  Seq Scan on movie_info mi  (cost=0.00..346232.03 rows=1158179 width=4) (actual time=3874.453..5512.553 rows=1204709 loops=1)
                    Filter: (info_type_id > 18)
                    Rows Removed by Filter: 13631011
              ->  Hash  (cost=61283.27..61283.27 rows=2528527 width=4) (actual time=1984.718..1984.718 rows=2528312 loops=1)
                    Buckets: 131072  Batches: 64  Memory Usage: 2425kB
                    ->  Seq Scan on title t  (cost=0.00..61283.27 rows=2528527 width=4) (actual time=0.027..1125.314 rows=2528312 loops=1)
Planning time: 1.149 ms
Execution time: 70688.850 ms
