Hash Join  (cost=459633.75..500085.09 rows=160786 width=0) (actual time=6614.983..7669.730 rows=643532 loops=1)
  Hash Cond: (mi_idx.movie_id = t.id)
  ->  Seq Scan on movie_info_idx mi_idx  (cost=0.00..21735.35 rows=1380035 width=4) (actual time=0.019..360.285 rows=1380035 loops=1)
  ->  Hash  (cost=454800.31..454800.31 rows=294595 width=8) (actual time=6614.185..6614.185 rows=252967 loops=1)
        Buckets: 131072  Batches: 4  Memory Usage: 3421kB
        ->  Hash Join  (cost=93408.25..454800.31 rows=294595 width=8) (actual time=3343.069..6536.703 rows=252967 loops=1)
              Hash Cond: (mi.movie_id = t.id)
              ->  Seq Scan on movie_info mi  (cost=0.00..346232.03 rows=473617 width=4) (actual time=1662.650..4299.175 rows=486554 loops=1)
                    Filter: (info_type_id = 5)
                    Rows Removed by Filter: 14349166
              ->  Hash  (cost=67604.59..67604.59 rows=1572773 width=4) (actual time=1677.657..1677.657 rows=1570568 loops=1)
                    Buckets: 131072  Batches: 32  Memory Usage: 2759kB
                    ->  Seq Scan on title t  (cost=0.00..67604.59 rows=1572773 width=4) (actual time=0.028..1151.292 rows=1570568 loops=1)
                          Filter: (production_year > 1996)
                          Rows Removed by Filter: 957744
Planning time: 1.213 ms
Execution time: 7739.132 ms
