Hash Join  (cost=215833.08..371453.46 rows=2119299 width=0) (actual time=6160.457..16277.495 rows=24730097 loops=1)
  Hash Cond: (mk.movie_id = t.id)
  ->  Seq Scan on movie_keyword mk  (cost=0.00..81003.12 rows=4188069 width=4) (actual time=0.020..1909.337 rows=4171879 loops=1)
        Filter: (keyword_id > 309)
        Rows Removed by Filter: 352051
  ->  Hash  (cost=194840.12..194840.12 rows=1279517 width=8) (actual time=6158.739..6158.739 rows=1274246 loops=1)
        Buckets: 131072  Batches: 32  Memory Usage: 2633kB
        ->  Hash Join  (cost=102767.86..194840.12 rows=1279517 width=8) (actual time=2670.661..5639.863 rows=1274246 loops=1)
              Hash Cond: (mc.movie_id = t.id)
              ->  Seq Scan on movie_companies mc  (cost=0.00..51404.11 rows=1279517 width=4) (actual time=0.023..930.091 rows=1274246 loops=1)
                    Filter: (company_type_id = 1)
                    Rows Removed by Filter: 1334883
              ->  Hash  (cost=61283.27..61283.27 rows=2528527 width=4) (actual time=2669.160..2669.160 rows=2528312 loops=1)
                    Buckets: 131072  Batches: 64  Memory Usage: 2415kB
                    ->  Seq Scan on title t  (cost=0.00..61283.27 rows=2528527 width=4) (actual time=0.013..1120.797 rows=2528312 loops=1)
Planning time: 1.385 ms
Execution time: 18943.527 ms
