Nested Loop  (cost=0.43..83072.90 rows=128 width=0) (actual time=1088.565..1313.603 rows=8 loops=1)
  ->  Seq Scan on movie_keyword mk  (cost=0.00..81003.12 rows=246 width=4) (actual time=49.197..1311.735 rows=34 loops=1)
        Filter: (keyword_id = 21173)
        Rows Removed by Filter: 4523896
  ->  Index Scan using title_pkey on title t  (cost=0.43..8.40 rows=1 width=4) (actual time=0.049..0.049 rows=0 loops=34)
        Index Cond: (id = mk.movie_id)
        Filter: ((production_year > 1965) AND (kind_id = 7))
        Rows Removed by Filter: 1
Planning time: 0.710 ms
Execution time: 1313.729 ms
