Seq Scan on movie_companies mc  (cost=0.00..57926.93 rows=749190 width=0) (actual time=0.011..864.087 rows=1029383 loops=1)
  Filter: ((company_id < 14153) AND (company_type_id = 1))
  Rows Removed by Filter: 1579746
Planning time: 0.376 ms
Execution time: 976.041 ms
