Hash Join  (cost=58358.90..139930.34 rows=3 width=0) (actual time=1003.835..2053.932 rows=67 loops=1)
  Hash Cond: (mk.movie_id = t.id)
  ->  Seq Scan on movie_keyword mk  (cost=0.00..81003.12 rows=151540 width=4) (actual time=0.019..1209.654 rows=163809 loops=1)
        Filter: (keyword_id < 121)
        Rows Removed by Filter: 4360121
  ->  Hash  (cost=58358.27..58358.27 rows=51 width=8) (actual time=819.449..819.449 rows=157 loops=1)
        Buckets: 1024  Batches: 1  Memory Usage: 15kB
        ->  Nested Loop  (cost=0.43..58358.27 rows=51 width=8) (actual time=3.315..819.313 rows=157 loops=1)
              ->  Seq Scan on movie_companies mc  (cost=0.00..57926.93 rows=51 width=4) (actual time=3.258..812.897 rows=157 loops=1)
                    Filter: ((company_id = 2023) AND (company_type_id = 1))
                    Rows Removed by Filter: 2608972
              ->  Index Only Scan using title_pkey on title t  (cost=0.43..8.45 rows=1 width=4) (actual time=0.038..0.039 rows=1 loops=157)
                    Index Cond: (id = mc.movie_id)
                    Heap Fetches: 157
Planning time: 3.290 ms
Execution time: 2054.084 ms
