Hash Join  (cost=83074.55..447741.02 rows=1055 width=0) (actual time=1290.953..8060.115 rows=7375 loops=1)
  Hash Cond: (mi.movie_id = t.id)
  ->  Seq Scan on movie_info mi  (cost=0.00..309384.22 rows=14739122 width=4) (actual time=0.012..4083.955 rows=14835720 loops=1)
  ->  Hash  (cost=83072.29..83072.29 rows=181 width=8) (actual time=1260.528..1260.528 rows=1104 loops=1)
        Buckets: 2048 (originally 1024)  Batches: 1 (originally 1)  Memory Usage: 60kB
        ->  Nested Loop  (cost=0.43..83072.29 rows=181 width=8) (actual time=2.915..1259.665 rows=1104 loops=1)
              ->  Seq Scan on movie_keyword mk  (cost=0.00..81003.12 rows=246 width=4) (actual time=0.388..1198.950 rows=1447 loops=1)
                    Filter: (keyword_id = 819)
                    Rows Removed by Filter: 4522483
              ->  Index Scan using title_pkey on title t  (cost=0.43..8.40 rows=1 width=4) (actual time=0.041..0.041 rows=1 loops=1447)
                    Index Cond: (id = mk.movie_id)
                    Filter: (kind_id > 1)
                    Rows Removed by Filter: 0
Planning time: 1.157 ms
Execution time: 8062.231 ms
