Seq Scan on cast_info ci  (cost=0.00..796071.18 rows=1629313 width=0) (actual time=20.121..10687.755 rows=1456 loops=1)
  Filter: ((person_id < 777799) AND (role_id = 2))
  Rows Removed by Filter: 36242888
Planning time: 1.397 ms
Execution time: 10688.115 ms
