Seq Scan on movie_companies mc  (cost=0.00..51404.11 rows=1379298 width=0) (actual time=0.015..880.631 rows=1366539 loops=1)
  Filter: (company_id < 11757)
  Rows Removed by Filter: 1242590
Planning time: 0.318 ms
Execution time: 1046.572 ms
