Hash Join  (cost=102702.86..534386.76 rows=3066109 width=0) (actual time=3641.724..11129.828 rows=2854944 loops=1)
  Hash Cond: (mi.movie_id = t.id)
  ->  Seq Scan on movie_info mi  (cost=0.00..346232.03 rows=3623957 width=4) (actual time=1574.287..5850.773 rows=3624977 loops=1)
        Filter: (info_type_id < 4)
        Rows Removed by Filter: 11210743
  ->  Hash  (cost=67604.59..67604.59 rows=2139302 width=4) (actual time=2066.496..2066.496 rows=2132973 loops=1)
        Buckets: 131072  Batches: 32  Memory Usage: 3380kB
        ->  Seq Scan on title t  (cost=0.00..67604.59 rows=2139302 width=4) (actual time=0.028..1366.626 rows=2132973 loops=1)
              Filter: (production_year > 1966)
              Rows Removed by Filter: 395339
Planning time: 0.759 ms
Execution time: 11483.954 ms
