Seq Scan on movie_keyword mk  (cost=0.00..81003.12 rows=1946056 width=0) (actual time=0.031..1399.027 rows=1958368 loops=1)
  Filter: (keyword_id < 3408)
  Rows Removed by Filter: 2565562
Planning time: 0.314 ms
Execution time: 1647.329 ms
