Hash Join  (cost=74009.26..456027.35 rows=24990 width=0) (actual time=1358.676..8167.994 rows=16904 loops=1)
  Hash Cond: (mi.movie_id = t.id)
  ->  Seq Scan on movie_info mi  (cost=0.00..346232.03 rows=9476311 width=4) (actual time=667.443..6060.317 rows=9565151 loops=1)
        Filter: (info_type_id < 16)
        Rows Removed by Filter: 5270569
  ->  Hash  (cost=73925.90..73925.90 rows=6668 width=4) (actual time=617.841..617.841 rows=3242 loops=1)
        Buckets: 8192  Batches: 1  Memory Usage: 178kB
        ->  Seq Scan on title t  (cost=0.00..73925.90 rows=6668 width=4) (actual time=0.112..616.726 rows=3242 loops=1)
              Filter: ((kind_id = 3) AND (production_year = 2012))
              Rows Removed by Filter: 2525070
Planning time: 2.390 ms
Execution time: 8171.718 ms
