Hash Join  (cost=78473.92..202583.88 rows=748545 width=0) (actual time=1339.341..4485.973 rows=444108 loops=1)
  Hash Cond: (mk.movie_id = t.id)
  ->  Seq Scan on movie_keyword mk  (cost=0.00..81003.12 rows=2856900 width=4) (actual time=0.014..1711.291 rows=2844664 loops=1)
        Filter: (keyword_id > 2587)
        Rows Removed by Filter: 1679266
  ->  Hash  (cost=67604.59..67604.59 rows=662507 width=4) (actual time=1338.247..1338.247 rows=662065 loops=1)
        Buckets: 131072  Batches: 16  Memory Usage: 2488kB
        ->  Seq Scan on title t  (cost=0.00..67604.59 rows=662507 width=4) (actual time=0.019..1119.804 rows=662065 loops=1)
              Filter: (production_year > 2008)
              Rows Removed by Filter: 1866247
Planning time: 0.711 ms
Execution time: 4542.880 ms
