Hash Join  (cost=96147.73..190274.92 rows=247937 width=0) (actual time=2053.039..3683.087 rows=54500 loops=1)
  Hash Cond: (mk.movie_id = t.id)
  ->  Seq Scan on movie_keyword mk  (cost=0.00..81003.12 rows=462851 width=4) (actual time=0.014..1307.608 rows=472545 loops=1)
        Filter: (keyword_id < 359)
        Rows Removed by Filter: 4051385
  ->  Hash  (cost=73925.90..73925.90 rows=1354466 width=4) (actual time=1892.129..1892.129 rows=1432013 loops=1)
        Buckets: 131072  Batches: 32  Memory Usage: 2605kB
        ->  Seq Scan on title t  (cost=0.00..73925.90 rows=1354466 width=4) (actual time=0.008..1418.701 rows=1432013 loops=1)
              Filter: ((production_year > 1959) AND (kind_id = 7))
              Rows Removed by Filter: 1096299
Planning time: 0.509 ms
Execution time: 3689.416 ms
