Hash Join  (cost=149928.33..586026.66 rows=274385 width=0) (actual time=2661.746..11465.635 rows=55010 loops=1)
  Hash Cond: (mi.movie_id = t.id)
  ->  Seq Scan on movie_info mi  (cost=0.00..346232.03 rows=7503588 width=4) (actual time=0.017..6367.215 rows=7548855 loops=1)
        Filter: (info_type_id > 7)
        Rows Removed by Filter: 7286865
  ->  Hash  (cost=148410.57..148410.57 rows=92461 width=8) (actual time=2660.639..2660.639 rows=5284 loops=1)
        Buckets: 131072  Batches: 2  Memory Usage: 1136kB
        ->  Hash Join  (cost=78230.90..148410.57 rows=92461 width=8) (actual time=1413.231..2656.813 rows=5284 loops=1)
              Hash Cond: (mc.movie_id = t.id)
              ->  Seq Scan on movie_companies mc  (cost=0.00..57926.93 rows=890964 width=4) (actual time=242.121..1175.497 rows=724892 loops=1)
                    Filter: ((company_id > 1684) AND (company_type_id < 2))
                    Rows Removed by Filter: 1884237
              ->  Hash  (cost=73925.90..73925.90 rows=262400 width=4) (actual time=1068.018..1068.018 rows=129927 loops=1)
                    Buckets: 131072  Batches: 4  Memory Usage: 2165kB
                    ->  Seq Scan on title t  (cost=0.00..73925.90 rows=262400 width=4) (actual time=0.020..983.517 rows=129927 loops=1)
                          Filter: ((kind_id > 1) AND (production_year < 1969))
                          Rows Removed by Filter: 2398385
Planning time: 1.236 ms
Execution time: 11474.110 ms
