Seq Scan on cast_info ci  (cost=0.00..796071.18 rows=12865374 width=0) (actual time=3958.404..14531.463 rows=10787500 loops=1)
  Filter: ((person_id > 1275251) AND (role_id < 3))
  Rows Removed by Filter: 25456844
Planning time: 0.324 ms
Execution time: 15837.086 ms
