Seq Scan on movie_companies mc  (cost=0.00..57926.93 rows=1065750 width=0) (actual time=401.808..1026.695 rows=941495 loops=1)
  Filter: ((company_id > 318) AND (company_type_id < 2))
  Rows Removed by Filter: 1667634
Planning time: 0.289 ms
Execution time: 1140.466 ms
