Seq Scan on cast_info ci  (cost=0.00..796071.18 rows=258044 width=0) (actual time=10155.534..13445.442 rows=87312 loops=1)
  Filter: ((person_id < 2754965) AND (role_id > 10))
  Rows Removed by Filter: 36157032
Planning time: 0.224 ms
Execution time: 13452.272 ms
