Hash Join  (cost=186121.59..1000616.06 rows=279168 width=0) (actual time=5830.245..21170.442 rows=256765 loops=1)
  Hash Cond: (ci.movie_id = t.id)
  ->  Seq Scan on cast_info ci  (cost=0.00..796071.18 rows=1143097 width=4) (actual time=1481.953..15564.532 rows=1093558 loops=1)
        Filter: ((person_id < 4021090) AND (role_id = 9))
        Rows Removed by Filter: 35150786
  ->  Hash  (cost=175989.60..175989.60 rows=617519 width=8) (actual time=4346.664..4346.664 rows=316839 loops=1)
        Buckets: 131072  Batches: 16  Memory Usage: 1784kB
        ->  Hash Join  (cost=92883.59..175989.60 rows=617519 width=8) (actual time=2078.601..4252.397 rows=316839 loops=1)
              Hash Cond: (mc.movie_id = t.id)
              ->  Seq Scan on movie_companies mc  (cost=0.00..57926.93 rows=1013378 width=4) (actual time=0.028..1074.416 rows=1274246 loops=1)
                    Filter: ((company_id < 71948) AND (company_type_id < 2))
                    Rows Removed by Filter: 1334883
              ->  Hash  (cost=67604.59..67604.59 rows=1540800 width=4) (actual time=1603.091..1603.091 rows=1543264 loops=1)
                    Buckets: 131072  Batches: 32  Memory Usage: 2722kB
                    ->  Seq Scan on title t  (cost=0.00..67604.59 rows=1540800 width=4) (actual time=0.035..1121.941 rows=1543264 loops=1)
                          Filter: (kind_id = 7)
                          Rows Removed by Filter: 985048
Planning time: 0.792 ms
Execution time: 21196.238 ms
