Seq Scan on movie_keyword mk  (cost=0.00..81003.12 rows=663032 width=0) (actual time=0.024..1367.031 rows=660840 loops=1)
  Filter: (keyword_id < 512)
  Rows Removed by Filter: 3863090
Planning time: 0.295 ms
Execution time: 1449.408 ms
