Seq Scan on title t  (cost=0.00..73925.90 rows=156324 width=0) (actual time=0.089..1202.779 rows=31497 loops=1)
  Filter: ((kind_id > 1) AND (production_year < 1957))
  Rows Removed by Filter: 2496815
Planning time: 0.206 ms
Execution time: 1208.503 ms
