Hash Join  (cost=75915.84..441288.06 rows=74345 width=0) (actual time=3658.542..7418.007 rows=21080 loops=1)
  Hash Cond: (mi.movie_id = t.id)
  ->  Seq Scan on movie_info mi  (cost=0.00..346232.03 rows=1550064 width=4) (actual time=2501.610..5668.775 rows=1533909 loops=1)
        Filter: (info_type_id = 3)
        Rows Removed by Filter: 13301811
  ->  Hash  (cost=73925.90..73925.90 rows=121275 width=4) (actual time=1155.920..1155.920 rows=124747 loops=1)
        Buckets: 131072  Batches: 2  Memory Usage: 3225kB
        ->  Seq Scan on title t  (cost=0.00..73925.90 rows=121275 width=4) (actual time=0.043..1109.966 rows=124747 loops=1)
              Filter: ((kind_id > 1) AND (production_year = 2012))
              Rows Removed by Filter: 2403565
Planning time: 0.695 ms
Execution time: 7421.367 ms
