Hash Join  (cost=103055.06..187631.06 rows=3351 width=0) (actual time=1844.742..3381.348 rows=2252 loops=1)
  Hash Cond: (mk.movie_id = t.id)
  ->  Seq Scan on movie_keyword mk  (cost=0.00..81003.12 rows=943829 width=4) (actual time=0.041..1376.175 rows=946324 loops=1)
        Filter: (keyword_id < 889)
        Rows Removed by Filter: 3577606
  ->  Hash  (cost=102942.84..102942.84 rows=8978 width=8) (actual time=1839.597..1839.597 rows=6374 loops=1)
        Buckets: 16384  Batches: 1  Memory Usage: 377kB
        ->  Hash Join  (cost=74235.99..102942.84 rows=8978 width=8) (actual time=1170.967..1837.068 rows=6374 loops=1)
              Hash Cond: (mi_idx.movie_id = t.id)
              ->  Seq Scan on movie_info_idx mi_idx  (cost=0.00..25185.44 rows=915101 width=4) (actual time=0.020..473.009 rows=919850 loops=1)
                    Filter: (info_type_id < 101)
                    Rows Removed by Filter: 460185
              ->  Hash  (cost=73925.90..73925.90 rows=24807 width=4) (actual time=1167.474..1167.474 rows=25986 loops=1)
                    Buckets: 32768  Batches: 1  Memory Usage: 1170kB
                    ->  Seq Scan on title t  (cost=0.00..73925.90 rows=24807 width=4) (actual time=0.045..1156.068 rows=25986 loops=1)
                          Filter: ((kind_id = 7) AND (production_year = 1997))
                          Rows Removed by Filter: 2502326
Planning time: 2.065 ms
Execution time: 3382.032 ms
