Hash Join  (cost=106432.71..859319.02 rows=209714 width=0) (actual time=3965.542..18115.956 rows=7 loops=1)
  Hash Cond: (ci.movie_id = t.id)
  ->  Seq Scan on cast_info ci  (cost=0.00..614943.12 rows=36225612 width=4) (actual time=0.022..9123.851 rows=36244344 loops=1)
  ->  Hash  (cost=106249.73..106249.73 rows=14638 width=8) (actual time=2022.284..2022.284 rows=1 loops=1)
        Buckets: 16384  Batches: 1  Memory Usage: 129kB
        ->  Hash Join  (cost=75233.79..106249.73 rows=14638 width=8) (actual time=1949.781..2022.254 rows=1 loops=1)
              Hash Cond: (mi_idx.movie_id = t.id)
              ->  Seq Scan on movie_info_idx mi_idx  (cost=0.00..25185.44 rows=464566 width=4) (actual time=0.023..525.109 rows=459925 loops=1)
                    Filter: (info_type_id = 101)
                    Rows Removed by Filter: 920110
              ->  Hash  (cost=73925.90..73925.90 rows=79671 width=4) (actual time=1342.412..1342.412 rows=7 loops=1)
                    Buckets: 131072  Batches: 2  Memory Usage: 1025kB
                    ->  Seq Scan on title t  (cost=0.00..73925.90 rows=79671 width=4) (actual time=123.711..1342.320 rows=7 loops=1)
                          Filter: ((kind_id > 2) AND (production_year < 1931))
                          Rows Removed by Filter: 2528305
Planning time: 1.108 ms
Execution time: 18116.107 ms
