Hash Join  (cost=88511.62..186922.25 rows=324911 width=0) (actual time=1619.845..3627.949 rows=71794 loops=1)
  Hash Cond: (mk.movie_id = t.id)
  ->  Seq Scan on movie_keyword mk  (cost=0.00..81003.12 rows=924106 width=4) (actual time=0.021..1438.136 rows=930708 loops=1)
        Filter: (keyword_id < 872)
        Rows Removed by Filter: 3593222
  ->  Hash  (cost=73925.90..73925.90 rows=889017 width=4) (actual time=1614.371..1614.371 rows=810813 loops=1)
        Buckets: 131072  Batches: 16  Memory Usage: 2812kB
        ->  Seq Scan on title t  (cost=0.00..73925.90 rows=889017 width=4) (actual time=0.029..1362.116 rows=810813 loops=1)
              Filter: ((kind_id > 4) AND (production_year < 2006))
              Rows Removed by Filter: 1717499
Planning time: 0.677 ms
Execution time: 3636.824 ms
