Hash Join  (cost=102767.86..1374807.07 rows=19369971 width=0) (actual time=2499.729..39451.365 rows=17117298 loops=1)
  Hash Cond: (ci.movie_id = t.id)
  ->  Seq Scan on cast_info ci  (cost=0.00..796071.18 rows=19369971 width=4) (actual time=0.014..17750.786 rows=17117298 loops=1)
        Filter: ((person_id < 3010434) AND (role_id > 1))
        Rows Removed by Filter: 19127046
  ->  Hash  (cost=61283.27..61283.27 rows=2528527 width=4) (actual time=2498.050..2498.050 rows=2528312 loops=1)
        Buckets: 131072  Batches: 64  Memory Usage: 2415kB
        ->  Seq Scan on title t  (cost=0.00..61283.27 rows=2528527 width=4) (actual time=0.024..1003.869 rows=2528312 loops=1)
Planning time: 0.490 ms
Execution time: 41517.061 ms
