Seq Scan on movie_companies mc  (cost=0.00..51404.11 rows=104 width=0) (actual time=57.789..768.528 rows=597 loops=1)
  Filter: (company_id = 12832)
  Rows Removed by Filter: 2608532
Planning time: 0.312 ms
Execution time: 768.755 ms
