Hash Join  (cost=171924.25..958134.88 rows=1146055 width=0) (actual time=6679.940..23138.251 rows=10155581 loops=1)
  Hash Cond: (ci.movie_id = t.id)
  ->  Seq Scan on cast_info ci  (cost=0.00..705507.15 rows=5820248 width=4) (actual time=2834.599..13933.384 rows=5732694 loops=1)
        Filter: (role_id > 8)
        Rows Removed by Filter: 30511650
  ->  Hash  (cost=163755.65..163755.65 rows=497888 width=8) (actual time=3844.387..3844.387 rows=699461 loops=1)
        Buckets: 131072 (originally 131072)  Batches: 16 (originally 8)  Memory Usage: 3073kB
        ->  Hash Join  (cost=81842.24..163755.65 rows=497888 width=8) (actual time=1277.317..3639.543 rows=699461 loops=1)
              Hash Cond: (mc.movie_id = t.id)
              ->  Seq Scan on movie_companies mc  (cost=0.00..44881.29 rows=2609129 width=4) (actual time=0.023..932.578 rows=2609129 loops=1)
              ->  Hash  (cost=73925.90..73925.90 rows=482507 width=4) (actual time=1276.631..1276.631 rows=368439 loops=1)
                    Buckets: 131072  Batches: 8  Memory Usage: 2648kB
                    ->  Seq Scan on title t  (cost=0.00..73925.90 rows=482507 width=4) (actual time=0.035..1159.868 rows=368439 loops=1)
                          Filter: ((kind_id < 3) AND (production_year > 1995))
                          Rows Removed by Filter: 2159873
Planning time: 3.369 ms
Execution time: 24255.478 ms
