Hash Join  (cost=709678.15..764348.83 rows=516 width=0) (actual time=11232.981..12068.491 rows=40 loops=1)
  Hash Cond: (mc.movie_id = t.id)
  ->  Seq Scan on movie_companies mc  (cost=0.00..44881.29 rows=2609129 width=4) (actual time=0.020..615.178 rows=2609129 loops=1)
  ->  Hash  (cost=709671.90..709671.90 rows=500 width=8) (actual time=11001.876..11001.876 rows=27 loops=1)
        Buckets: 1024  Batches: 1  Memory Usage: 10kB
        ->  Nested Loop  (cost=0.43..709671.90 rows=500 width=8) (actual time=1380.082..11001.829 rows=27 loops=1)
              ->  Seq Scan on cast_info ci  (cost=0.00..705507.15 rows=500 width=4) (actual time=1379.967..10996.466 rows=27 loops=1)
                    Filter: (person_id = 2173400)
                    Rows Removed by Filter: 36244317
              ->  Index Only Scan using title_pkey on title t  (cost=0.43..8.32 rows=1 width=4) (actual time=0.196..0.196 rows=1 loops=27)
                    Index Cond: (id = ci.movie_id)
                    Heap Fetches: 27
Planning time: 1.011 ms
Execution time: 12068.656 ms
