Hash Join  (cost=649630.67..2382017.94 rows=45964101 width=0) (actual time=15587.733..56561.719 rows=33477163 loops=1)
  Hash Cond: (ci.movie_id = t.id)
  ->  Seq Scan on cast_info ci  (cost=0.00..614943.12 rows=36225612 width=4) (actual time=0.018..13829.891 rows=36244344 loops=1)
  ->  Hash  (cost=596994.32..596994.32 rows=3208268 width=8) (actual time=15585.631..15585.631 rows=1233867 loops=1)
        Buckets: 131072  Batches: 64  Memory Usage: 1765kB
        ->  Hash Join  (cost=82955.72..596994.32 rows=3208268 width=8) (actual time=1798.739..14986.950 rows=1233867 loops=1)
              Hash Cond: (mi.movie_id = t.id)
              ->  Seq Scan on movie_info mi  (cost=0.00..309384.22 rows=14739122 width=4) (actual time=0.024..6509.934 rows=14835720 loops=1)
              ->  Hash  (cost=73925.90..73925.90 rows=550385 width=4) (actual time=1479.455..1479.455 rows=602403 loops=1)
                    Buckets: 131072  Batches: 8  Memory Usage: 3678kB
                    ->  Seq Scan on title t  (cost=0.00..73925.90 rows=550385 width=4) (actual time=0.013..1287.284 rows=602403 loops=1)
                          Filter: ((production_year > 2006) AND (kind_id = 7))
                          Rows Removed by Filter: 1925909
Planning time: 1.101 ms
Execution time: 60097.934 ms
