Hash Join  (cost=365418.15..1986741.28 rows=41936596 width=0) (actual time=8377.939..64532.590 rows=105332881 loops=1)
  Hash Cond: (ci.movie_id = t.id)
  ->  Seq Scan on cast_info ci  (cost=0.00..796071.18 rows=23439314 width=4) (actual time=0.016..19084.815 rows=22834140 loops=1)
        Filter: ((person_id > 902051) AND (role_id < 10))
        Rows Removed by Filter: 13410204
  ->  Hash  (cost=291197.02..291197.02 rows=4523930 width=8) (actual time=8376.046..8376.046 rows=4523930 loops=1)
        Buckets: 131072  Batches: 64  Memory Usage: 3816kB
        ->  Hash Join  (cost=102767.86..291197.02 rows=4523930 width=8) (actual time=1967.847..7150.613 rows=4523930 loops=1)
              Hash Cond: (mk.movie_id = t.id)
              ->  Seq Scan on movie_keyword mk  (cost=0.00..69693.30 rows=4523930 width=4) (actual time=0.016..1421.712 rows=4523930 loops=1)
              ->  Hash  (cost=61283.27..61283.27 rows=2528527 width=4) (actual time=1966.765..1966.765 rows=2528312 loops=1)
                    Buckets: 131072  Batches: 64  Memory Usage: 2425kB
                    ->  Seq Scan on title t  (cost=0.00..61283.27 rows=2528527 width=4) (actual time=0.029..1102.968 rows=2528312 loops=1)
Planning time: 1.063 ms
Execution time: 75337.976 ms
