Seq Scan on movie_companies mc  (cost=0.00..51404.11 rows=377399 width=0) (actual time=0.022..861.703 rows=380650 loops=1)
  Filter: (company_id > 84192)
  Rows Removed by Filter: 2228479
Planning time: 0.306 ms
Execution time: 904.608 ms
