Seq Scan on cast_info ci  (cost=0.00..705507.15 rows=17447141 width=0) (actual time=0.019..11222.886 rows=17333814 loops=1)
  Filter: (person_id < 1712312)
  Rows Removed by Filter: 18910530
Planning time: 0.291 ms
Execution time: 13314.886 ms
