Hash Join  (cost=102767.86..206816.98 rows=547200 width=0) (actual time=1816.773..4066.486 rows=545354 loops=1)
  Hash Cond: (mk.movie_id = t.id)
  ->  Seq Scan on movie_keyword mk  (cost=0.00..81003.12 rows=547200 width=4) (actual time=0.020..1392.732 rows=545354 loops=1)
        Filter: (keyword_id < 393)
        Rows Removed by Filter: 3978576
  ->  Hash  (cost=61283.27..61283.27 rows=2528527 width=4) (actual time=1815.719..1815.719 rows=2528312 loops=1)
        Buckets: 131072  Batches: 64  Memory Usage: 2425kB
        ->  Seq Scan on title t  (cost=0.00..61283.27 rows=2528527 width=4) (actual time=0.022..956.287 rows=2528312 loops=1)
Planning time: 0.685 ms
Execution time: 4131.198 ms
