Seq Scan on movie_companies mc  (cost=0.00..57926.93 rows=1311228 width=0) (actual time=81.754..939.507 rows=1299870 loops=1)
  Filter: ((company_id < 203522) AND (company_type_id = 2))
  Rows Removed by Filter: 1309259
Planning time: 0.305 ms
Execution time: 1055.102 ms
