Seq Scan on movie_keyword mk  (cost=0.00..81003.12 rows=3820287 width=0) (actual time=0.017..1585.470 rows=3813825 loops=1)
  Filter: (keyword_id < 26613)
  Rows Removed by Filter: 710105
Planning time: 0.291 ms
Execution time: 2055.951 ms
