Hash Join  (cost=80605.23..161446.17 rows=420042 width=0) (actual time=1443.546..3511.698 rows=185474 loops=1)
  Hash Cond: (mc.movie_id = t.id)
  ->  Seq Scan on movie_companies mc  (cost=0.00..44881.29 rows=2609129 width=4) (actual time=0.023..851.917 rows=2609129 loops=1)
  ->  Hash  (cost=73925.90..73925.90 rows=407066 width=4) (actual time=1442.246..1442.246 rows=436028 loops=1)
        Buckets: 131072  Batches: 8  Memory Usage: 2943kB
        ->  Seq Scan on title t  (cost=0.00..73925.90 rows=407066 width=4) (actual time=0.022..1292.181 rows=436028 loops=1)
              Filter: ((kind_id > 4) AND (production_year > 2008))
              Rows Removed by Filter: 2092284
Planning time: 0.663 ms
Execution time: 3534.038 ms
