Seq Scan on cast_info ci  (cost=0.00..796071.18 rows=3513716 width=0) (actual time=1223.957..15205.981 rows=1541404 loops=1)
  Filter: ((person_id < 2978417) AND (role_id = 10))
  Rows Removed by Filter: 34702940
Planning time: 0.379 ms
Execution time: 15392.205 ms
