Hash Join  (cost=1004349.42..1649559.03 rows=13774878 width=0) (actual time=18708.936..54492.222 rows=74438163 loops=1)
  Hash Cond: (mi.movie_id = t.id)
  ->  Seq Scan on movie_info mi  (cost=0.00..309384.22 rows=14739122 width=4) (actual time=0.021..6291.995 rows=14835720 loops=1)
  ->  Hash  (cost=965579.56..965579.56 rows=2363109 width=8) (actual time=18707.508..18707.508 rows=3662874 loops=1)
        Buckets: 131072 (originally 131072)  Batches: 64 (originally 32)  Memory Usage: 3304kB
        ->  Hash Join  (cost=102767.86..965579.56 rows=2363109 width=8) (actual time=1930.015..17644.523 rows=3662874 loops=1)
              Hash Cond: (ci.movie_id = t.id)
              ->  Seq Scan on cast_info ci  (cost=0.00..796071.18 rows=2363109 width=4) (actual time=0.019..12366.049 rows=3662874 loops=1)
                    Filter: ((person_id > 3396926) AND (role_id > 1))
                    Rows Removed by Filter: 32581470
              ->  Hash  (cost=61283.27..61283.27 rows=2528527 width=4) (actual time=1927.985..1927.985 rows=2528312 loops=1)
                    Buckets: 131072  Batches: 64  Memory Usage: 2415kB
                    ->  Seq Scan on title t  (cost=0.00..61283.27 rows=2528527 width=4) (actual time=0.020..1080.777 rows=2528312 loops=1)
Planning time: 1.077 ms
Execution time: 62927.040 ms
