Hash Join  (cost=201316.92..1009436.46 rows=1055714 width=0) (actual time=13179.287..21610.486 rows=1169928 loops=1)
  Hash Cond: (ci.movie_id = t.id)
  ->  Seq Scan on cast_info ci  (cost=0.00..705507.15 rows=7846468 width=4) (actual time=9040.441..13948.151 rows=7712640 loops=1)
        Filter: (role_id > 6)
        Rows Removed by Filter: 28531704
  ->  Hash  (cost=195735.37..195735.37 rows=340204 width=8) (actual time=4137.610..4137.610 rows=134902 loops=1)
        Buckets: 131072  Batches: 8  Memory Usage: 1684kB
        ->  Hash Join  (cost=98137.04..195735.37 rows=340204 width=8) (actual time=1912.451..4094.791 rows=134902 loops=1)
              Hash Cond: (mk.movie_id = t.id)
              ->  Seq Scan on movie_keyword mk  (cost=0.00..81003.12 rows=462234 width=4) (actual time=0.032..1319.656 rows=458977 loops=1)
                    Filter: (keyword_id > 38677)
                    Rows Removed by Filter: 4064953
              ->  Hash  (cost=67604.59..67604.59 rows=1860996 width=4) (actual time=1909.070..1909.070 rows=1865487 loops=1)
                    Buckets: 131072  Batches: 32  Memory Usage: 3085kB
                    ->  Seq Scan on title t  (cost=0.00..67604.59 rows=1860996 width=4) (actual time=0.020..1309.933 rows=1865487 loops=1)
                          Filter: (kind_id > 1)
                          Rows Removed by Filter: 662825
Planning time: 1.008 ms
Execution time: 21751.597 ms
