Hash Join  (cost=52284.99..79196.04 rows=57 width=0) (actual time=1058.359..1416.289 rows=201 loops=1)
  Hash Cond: (mi_idx.movie_id = t.id)
  ->  Seq Scan on movie_info_idx mi_idx  (cost=0.00..21735.35 rows=1380035 width=4) (actual time=0.023..299.015 rows=1380035 loops=1)
  ->  Hash  (cost=52283.69..52283.69 rows=104 width=8) (actual time=878.084..878.084 rows=70 loops=1)
        Buckets: 1024  Batches: 1  Memory Usage: 11kB
        ->  Nested Loop  (cost=0.43..52283.69 rows=104 width=8) (actual time=277.804..878.004 rows=70 loops=1)
              ->  Seq Scan on movie_companies mc  (cost=0.00..51404.11 rows=104 width=4) (actual time=277.690..874.997 rows=70 loops=1)
                    Filter: (company_id = 11843)
                    Rows Removed by Filter: 2609059
              ->  Index Only Scan using title_pkey on title t  (cost=0.43..8.45 rows=1 width=4) (actual time=0.039..0.040 rows=1 loops=70)
                    Index Cond: (id = mc.movie_id)
                    Heap Fetches: 70
Planning time: 1.120 ms
Execution time: 1416.451 ms
