Hash Join  (cost=128695.20..220412.30 rows=3377 width=0) (actual time=2353.230..4324.737 rows=2885 loops=1)
  Hash Cond: (mk.movie_id = t.id)
  ->  Seq Scan on movie_keyword mk  (cost=0.00..81003.12 rows=2848056 width=4) (actual time=0.022..1547.629 rows=2838017 loops=1)
        Filter: (keyword_id > 2616)
        Rows Removed by Filter: 1685913
  ->  Hash  (cost=128657.72..128657.72 rows=2998 width=8) (actual time=2333.192..2333.192 rows=17409 loops=1)
        Buckets: 32768 (originally 4096)  Batches: 1 (originally 1)  Memory Usage: 937kB
        ->  Hash Join  (cost=73962.22..128657.72 rows=2998 width=8) (actual time=1121.417..2325.847 rows=17409 loops=1)
              Hash Cond: (mc.movie_id = t.id)
              ->  Seq Scan on movie_companies mc  (cost=0.00..44881.29 rows=2609129 width=4) (actual time=0.019..660.490 rows=2609129 loops=1)
              ->  Hash  (cost=73925.90..73925.90 rows=2905 width=4) (actual time=1121.360..1121.360 rows=8902 loops=1)
                    Buckets: 16384 (originally 4096)  Batches: 1 (originally 1)  Memory Usage: 441kB
                    ->  Seq Scan on title t  (cost=0.00..73925.90 rows=2905 width=4) (actual time=560.351..1117.735 rows=8902 loops=1)
                          Filter: ((kind_id < 7) AND (production_year = 1913))
                          Rows Removed by Filter: 2519410
Planning time: 1.079 ms
Execution time: 4325.523 ms
