Hash Join  (cost=93155.63..168883.63 rows=565001 width=0) (actual time=1780.236..3591.773 rows=409877 loops=1)
  Hash Cond: (mc.movie_id = t.id)
  ->  Seq Scan on movie_companies mc  (cost=0.00..51404.11 rows=1218900 width=4) (actual time=0.016..1010.445 rows=1206226 loops=1)
        Filter: (company_id < 11137)
        Rows Removed by Filter: 1402903
  ->  Hash  (cost=73925.90..73925.90 rows=1172058 width=4) (actual time=1674.790..1674.790 rows=1128906 loops=1)
        Buckets: 131072  Batches: 16  Memory Usage: 3503kB
        ->  Seq Scan on title t  (cost=0.00..73925.90 rows=1172058 width=4) (actual time=327.458..1327.296 rows=1128906 loops=1)
              Filter: ((production_year < 2010) AND (kind_id = 7))
              Rows Removed by Filter: 1399406
Planning time: 0.457 ms
Execution time: 3641.626 ms
