Hash Join  (cost=83810.17..1187012.20 rows=9945506 width=0) (actual time=1364.050..33518.326 rows=10303998 loops=1)
  Hash Cond: (ci.movie_id = t.id)
  ->  Seq Scan on cast_info ci  (cost=0.00..705507.15 rows=25459950 width=4) (actual time=0.019..15254.077 rows=25623832 loops=1)
        Filter: (person_id > 1042605)
        Rows Removed by Filter: 10620512
  ->  Hash  (cost=67604.59..67604.59 rows=987727 width=4) (actual time=1362.952..1362.952 rows=985048 loops=1)
        Buckets: 131072  Batches: 16  Memory Usage: 3188kB
        ->  Seq Scan on title t  (cost=0.00..67604.59 rows=987727 width=4) (actual time=0.020..1067.756 rows=985048 loops=1)
              Filter: (kind_id < 7)
              Rows Removed by Filter: 1543264
Planning time: 0.672 ms
Execution time: 34727.454 ms
