Hash Join  (cost=28267.69..392928.17 rows=454 width=0) (actual time=279.155..7175.086 rows=6731 loops=1)
  Hash Cond: (mi.movie_id = t.id)
  ->  Seq Scan on movie_info mi  (cost=0.00..309384.22 rows=14739122 width=4) (actual time=0.016..4270.987 rows=14835720 loops=1)
  ->  Hash  (cost=28266.72..28266.72 rows=78 width=8) (actual time=278.013..278.013 rows=20 loops=1)
        Buckets: 1024  Batches: 1  Memory Usage: 9kB
        ->  Nested Loop  (cost=0.43..28266.72 rows=78 width=8) (actual time=214.661..277.999 rows=20 loops=1)
              ->  Seq Scan on movie_info_idx mi_idx  (cost=0.00..25185.44 rows=368 width=4) (actual time=214.269..273.592 rows=260 loops=1)
                    Filter: (info_type_id > 101)
                    Rows Removed by Filter: 1379775
              ->  Index Scan using title_pkey on title t  (cost=0.43..8.36 rows=1 width=4) (actual time=0.017..0.017 rows=0 loops=260)
                    Index Cond: (id = mi_idx.movie_id)
                    Filter: (production_year > 2009)
                    Rows Removed by Filter: 1
Planning time: 1.677 ms
Execution time: 7176.356 ms
