Hash Join  (cost=85435.26..1019855.10 rows=4376504 width=0) (actual time=1450.994..26192.304 rows=5192897 loops=1)
  Hash Cond: (ci.movie_id = t.id)
  ->  Seq Scan on cast_info ci  (cost=0.00..705507.15 rows=15775642 width=4) (actual time=0.154..13603.515 rows=15663881 loops=1)
        Filter: (person_id < 1547028)
        Rows Removed by Filter: 20580463
  ->  Hash  (cost=73925.90..73925.90 rows=701468 width=4) (actual time=1449.620..1449.620 rows=749931 loops=1)
        Buckets: 131072  Batches: 16  Memory Usage: 2673kB
        ->  Seq Scan on title t  (cost=0.00..73925.90 rows=701468 width=4) (actual time=0.024..1225.165 rows=749931 loops=1)
              Filter: ((kind_id < 7) AND (production_year < 2009))
              Rows Removed by Filter: 1778381
Planning time: 2.608 ms
Execution time: 26821.544 ms
