Seq Scan on cast_info ci  (cost=0.00..796071.18 rows=276100 width=0) (actual time=9905.871..10952.747 rows=848642 loops=1)
  Filter: ((person_id > 3898377) AND (role_id > 3))
  Rows Removed by Filter: 35395702
Planning time: 0.313 ms
Execution time: 11064.369 ms
