Hash Join  (cost=798791.46..1163466.28 rows=1889 width=0) (actual time=19003.705..21137.149 rows=26 loops=1)
  Hash Cond: (mi.movie_id = t.id)
  ->  Seq Scan on movie_info mi  (cost=0.00..309384.22 rows=14739122 width=4) (actual time=0.019..4340.271 rows=14835720 loops=1)
  ->  Hash  (cost=798787.41..798787.41 rows=324 width=8) (actual time=14093.778..14093.778 rows=26 loops=1)
        Buckets: 1024  Batches: 1  Memory Usage: 10kB
        ->  Nested Loop  (cost=0.43..798787.41 rows=324 width=8) (actual time=995.551..14093.750 rows=26 loops=1)
              ->  Seq Scan on cast_info ci  (cost=0.00..796071.18 rows=324 width=4) (actual time=995.441..14093.326 rows=26 loops=1)
                    Filter: ((role_id > 1) AND (person_id = 476494))
                    Rows Removed by Filter: 36244318
              ->  Index Only Scan using title_pkey on title t  (cost=0.43..8.37 rows=1 width=4) (actual time=0.014..0.014 rows=1 loops=26)
                    Index Cond: (id = ci.movie_id)
                    Heap Fetches: 26
Planning time: 3.886 ms
Execution time: 21137.291 ms
