Hash Join  (cost=211136.65..738101.60 rows=4419701 width=0) (actual time=5264.415..37886.222 rows=92181711 loops=1)
  Hash Cond: (mi.movie_id = t.id)
  ->  Seq Scan on movie_info mi  (cost=0.00..309384.22 rows=14739122 width=4) (actual time=0.014..5976.045 rows=14835720 loops=1)
  ->  Hash  (cost=198697.04..198697.04 rows=758209 width=8) (actual time=5262.703..5262.703 rows=1690375 loops=1)
        Buckets: 131072 (originally 131072)  Batches: 32 (originally 16)  Memory Usage: 3160kB
        ->  Hash Join  (cost=83810.17..198697.04 rows=758209 width=8) (actual time=1697.691..4774.024 rows=1690375 loops=1)
              Hash Cond: (mk.movie_id = t.id)
              ->  Seq Scan on movie_keyword mk  (cost=0.00..81003.12 rows=1940973 width=4) (actual time=0.024..1575.398 rows=1950905 loops=1)
                    Filter: (keyword_id < 3393)
                    Rows Removed by Filter: 2573025
              ->  Hash  (cost=67604.59..67604.59 rows=987727 width=4) (actual time=1696.824..1696.824 rows=985048 loops=1)
                    Buckets: 131072  Batches: 16  Memory Usage: 3197kB
                    ->  Seq Scan on title t  (cost=0.00..67604.59 rows=987727 width=4) (actual time=0.026..1134.391 rows=985048 loops=1)
                          Filter: (kind_id < 7)
                          Rows Removed by Filter: 1543264
Planning time: 0.827 ms
Execution time: 47609.120 ms
