Seq Scan on cast_info ci  (cost=0.00..705507.15 rows=500 width=0) (actual time=5528.849..11133.757 rows=267 loops=1)
  Filter: (person_id = 3047269)
  Rows Removed by Filter: 36244077
Planning time: 3.623 ms
Execution time: 11133.892 ms
