Hash Join  (cost=151216.33..288950.74 rows=1291238 width=0) (actual time=3448.775..7725.607 rows=3940515 loops=1)
  Hash Cond: (mk.movie_id = t.id)
  ->  Seq Scan on movie_keyword mk  (cost=0.00..69693.30 rows=4523930 width=4) (actual time=0.016..1378.163 rows=4523930 loops=1)
  ->  Hash  (cost=139375.05..139375.05 rows=721702 width=8) (actual time=3447.067..3447.067 rows=626561 loops=1)
        Buckets: 131072  Batches: 16  Memory Usage: 2560kB
        ->  Hash Join  (cost=89299.55..139375.05 rows=721702 width=8) (actual time=1752.618..3268.543 rows=626561 loops=1)
              Hash Cond: (mi_idx.movie_id = t.id)
              ->  Seq Scan on movie_info_idx mi_idx  (cost=0.00..21735.35 rows=1380035 width=4) (actual time=0.017..476.351 rows=1380035 loops=1)
              ->  Hash  (cost=67604.59..67604.59 rows=1322317 width=4) (actual time=1750.926..1750.926 rows=1322863 loops=1)
                    Buckets: 131072  Batches: 32  Memory Usage: 2481kB
                    ->  Seq Scan on title t  (cost=0.00..67604.59 rows=1322317 width=4) (actual time=0.028..1306.634 rows=1322863 loops=1)
                          Filter: (production_year > 2001)
                          Rows Removed by Filter: 1205449
Planning time: 1.248 ms
Execution time: 8178.657 ms
