Hash Join  (cost=200800.43..245487.44 rows=407653 width=0) (actual time=4852.355..6598.145 rows=1902206 loops=1)
  Hash Cond: (mi_idx.movie_id = t.id)
  ->  Seq Scan on movie_info_idx mi_idx  (cost=0.00..21735.35 rows=1380035 width=4) (actual time=0.011..484.887 rows=1380035 loops=1)
  ->  Hash  (cost=188546.06..188546.06 rows=746909 width=8) (actual time=4851.625..4851.625 rows=1026289 loops=1)
        Buckets: 131072  Batches: 16  Memory Usage: 3505kB
        ->  Hash Join  (cost=102767.86..188546.06 rows=746909 width=8) (actual time=1973.153..4542.688 rows=1026289 loops=1)
              Hash Cond: (mc.movie_id = t.id)
              ->  Seq Scan on movie_companies mc  (cost=0.00..57926.93 rows=746909 width=4) (actual time=0.021..1086.642 rows=1026289 loops=1)
                    Filter: ((company_id < 14075) AND (company_type_id = 1))
                    Rows Removed by Filter: 1582840
              ->  Hash  (cost=61283.27..61283.27 rows=2528527 width=4) (actual time=1971.419..1971.419 rows=2528312 loops=1)
                    Buckets: 131072  Batches: 64  Memory Usage: 2415kB
                    ->  Seq Scan on title t  (cost=0.00..61283.27 rows=2528527 width=4) (actual time=0.015..1144.500 rows=2528312 loops=1)
Planning time: 0.774 ms
Execution time: 6814.817 ms
