Seq Scan on cast_info ci  (cost=0.00..796071.18 rows=3492122 width=0) (actual time=7272.871..14967.254 rows=4052966 loops=1)
  Filter: ((person_id > 665016) AND (role_id = 10))
  Rows Removed by Filter: 32191378
Planning time: 0.392 ms
Execution time: 15454.542 ms
