Hash Join  (cost=70241.71..184385.93 rows=169424 width=0) (actual time=1138.923..3675.229 rows=89194 loops=1)
  Hash Cond: (mk.movie_id = t.id)
  ->  Seq Scan on movie_keyword mk  (cost=0.00..81003.12 rows=2665293 width=4) (actual time=0.025..1544.446 rows=2654186 loops=1)
        Filter: (keyword_id > 3154)
        Rows Removed by Filter: 1869744
  ->  Hash  (cost=67604.59..67604.59 rows=160730 width=4) (actual time=1138.120..1138.120 rows=160017 loops=1)
        Buckets: 131072  Batches: 4  Memory Usage: 2442kB
        ->  Seq Scan on title t  (cost=0.00..67604.59 rows=160730 width=4) (actual time=0.020..1078.583 rows=160017 loops=1)
              Filter: (production_year = 2011)
              Rows Removed by Filter: 2368295
Planning time: 0.733 ms
Execution time: 3686.493 ms
