Hash Join  (cost=1037301.10..1730003.24 rows=15764102 width=0) (actual time=21998.899..48162.933 rows=38463551 loops=1)
  Hash Cond: (mi.movie_id = t.id)
  ->  Seq Scan on movie_info mi  (cost=0.00..346232.03 rows=12545135 width=4) (actual time=0.016..7570.568 rows=12601870 loops=1)
        Filter: (info_type_id < 17)
        Rows Removed by Filter: 2233850
  ->  Hash  (cost=985172.55..985172.55 rows=3177324 width=8) (actual time=21997.450..21997.450 rows=5014596 loops=1)
        Buckets: 131072 (originally 131072)  Batches: 128 (originally 64)  Memory Usage: 4109kB
        ->  Hash Join  (cost=102767.86..985172.55 rows=3177324 width=8) (actual time=1967.953..20298.448 rows=5014596 loops=1)
              Hash Cond: (ci.movie_id = t.id)
              ->  Seq Scan on cast_info ci  (cost=0.00..796071.18 rows=3177324 width=4) (actual time=0.007..13908.851 rows=5014596 loops=1)
                    Filter: ((person_id > 2047031) AND (role_id = 2))
                    Rows Removed by Filter: 31229748
              ->  Hash  (cost=61283.27..61283.27 rows=2528527 width=4) (actual time=1966.597..1966.597 rows=2528312 loops=1)
                    Buckets: 131072  Batches: 64  Memory Usage: 2415kB
                    ->  Seq Scan on title t  (cost=0.00..61283.27 rows=2528527 width=4) (actual time=0.011..1123.821 rows=2528312 loops=1)
Planning time: 1.189 ms
Execution time: 52230.434 ms
