Hash Join  (cost=102767.86..298563.00 rows=4360001 width=0) (actual time=2198.837..7375.206 rows=4365102 loops=1)
  Hash Cond: (mk.movie_id = t.id)
  ->  Seq Scan on movie_keyword mk  (cost=0.00..81003.12 rows=4360001 width=4) (actual time=0.015..1773.372 rows=4365102 loops=1)
        Filter: (keyword_id < 72945)
        Rows Removed by Filter: 158828
  ->  Hash  (cost=61283.27..61283.27 rows=2528527 width=4) (actual time=2196.127..2196.127 rows=2528312 loops=1)
        Buckets: 131072  Batches: 64  Memory Usage: 2425kB
        ->  Seq Scan on title t  (cost=0.00..61283.27 rows=2528527 width=4) (actual time=0.014..1010.612 rows=2528312 loops=1)
Planning time: 0.722 ms
Execution time: 7851.551 ms
