Seq Scan on cast_info ci  (cost=0.00..705507.15 rows=3888191 width=0) (actual time=1096.021..10363.444 rows=3938709 loops=1)
  Filter: (person_id > 3338406)
  Rows Removed by Filter: 32305635
Planning time: 0.326 ms
Execution time: 10805.484 ms
