Seq Scan on movie_keyword mk  (cost=0.00..81003.12 rows=4224359 width=0) (actual time=0.010..1539.351 rows=4205019 loops=1)
  Filter: (keyword_id > 250)
  Rows Removed by Filter: 318911
Planning time: 0.228 ms
Execution time: 2065.149 ms
