Hash Join  (cost=302706.03..1823680.60 rows=38608038 width=0) (actual time=6826.380..72990.727 rows=127026891 loops=1)
  Hash Cond: (ci.movie_id = t.id)
  ->  Seq Scan on cast_info ci  (cost=0.00..614943.12 rows=36225612 width=4) (actual time=0.023..13459.328 rows=36244344 loops=1)
  ->  Hash  (cost=258493.79..258493.79 rows=2694819 width=8) (actual time=6824.588..6824.588 rows=2688713 loops=1)
        Buckets: 131072  Batches: 64  Memory Usage: 2681kB
        ->  Hash Join  (cost=102767.86..258493.79 rows=2694819 width=8) (actual time=2016.071..6039.637 rows=2688713 loops=1)
              Hash Cond: (mk.movie_id = t.id)
              ->  Seq Scan on movie_keyword mk  (cost=0.00..81003.12 rows=2694819 width=4) (actual time=0.024..1562.542 rows=2688713 loops=1)
                    Filter: (keyword_id < 7599)
                    Rows Removed by Filter: 1835217
              ->  Hash  (cost=61283.27..61283.27 rows=2528527 width=4) (actual time=2012.196..2012.196 rows=2528312 loops=1)
                    Buckets: 131072  Batches: 64  Memory Usage: 2425kB
                    ->  Seq Scan on title t  (cost=0.00..61283.27 rows=2528527 width=4) (actual time=0.027..1148.841 rows=2528312 loops=1)
Planning time: 1.112 ms
Execution time: 87458.627 ms
