Hash Join  (cost=113765.11..871911.06 rows=735674 width=0) (actual time=1998.061..19565.838 rows=824468 loops=1)
  Hash Cond: (ci.movie_id = t.id)
  ->  Seq Scan on cast_info ci  (cost=0.00..614943.12 rows=36225612 width=4) (actual time=0.022..8548.807 rows=36244344 loops=1)
  ->  Hash  (cost=113123.23..113123.23 rows=51350 width=8) (actual time=1997.673..1997.673 rows=20574 loops=1)
        Buckets: 65536  Batches: 1  Memory Usage: 1316kB
        ->  Hash Join  (cost=76243.83..113123.23 rows=51350 width=8) (actual time=1279.225..1990.586 rows=20574 loops=1)
              Hash Cond: (mi_idx.movie_id = t.id)
              ->  Seq Scan on movie_info_idx mi_idx  (cost=0.00..25185.44 rows=919057 width=4) (actual time=0.017..543.735 rows=920110 loops=1)
                    Filter: (info_type_id > 99)
                    Rows Removed by Filter: 459925
              ->  Hash  (cost=73925.90..73925.90 rows=141274 width=4) (actual time=1104.695..1104.695 rows=150659 loops=1)
                    Buckets: 131072  Batches: 2  Memory Usage: 3673kB
                    ->  Seq Scan on title t  (cost=0.00..73925.90 rows=141274 width=4) (actual time=0.021..1051.009 rows=150659 loops=1)
                          Filter: ((production_year > 2011) AND (kind_id = 7))
                          Rows Removed by Filter: 2377653
Planning time: 1.177 ms
Execution time: 19676.123 ms
