Hash Join  (cost=73982.55..825421.01 rows=64929 width=0) (actual time=1118.556..18698.471 rows=86926 loops=1)
  Hash Cond: (ci.movie_id = t.id)
  ->  Seq Scan on cast_info ci  (cost=0.00..614943.12 rows=36225612 width=4) (actual time=0.023..9262.034 rows=36244344 loops=1)
  ->  Hash  (cost=73925.90..73925.90 rows=4532 width=4) (actual time=1113.046..1113.046 rows=8269 loops=1)
        Buckets: 16384 (originally 8192)  Batches: 1 (originally 1)  Memory Usage: 419kB
        ->  Seq Scan on title t  (cost=0.00..73925.90 rows=4532 width=4) (actual time=0.025..1108.828 rows=8269 loops=1)
              Filter: ((kind_id = 7) AND (production_year = 1971))
              Rows Removed by Filter: 2520043
Planning time: 0.738 ms
Execution time: 18713.960 ms
