Seq Scan on movie_keyword mk  (cost=0.00..81003.12 rows=268102 width=0) (actual time=0.031..1321.559 rows=268466 loops=1)
  Filter: (keyword_id > 58514)
  Rows Removed by Filter: 4255464
Planning time: 0.333 ms
Execution time: 1356.734 ms
