Hash Join  (cost=101489.21..1129294.05 rows=8707679 width=0) (actual time=5502.146..24106.001 rows=6155050 loops=1)
  Hash Cond: (ci.movie_id = t.id)
  ->  Seq Scan on cast_info ci  (cost=0.00..796071.18 rows=10660573 width=4) (actual time=3542.085..16038.353 rows=7499559 loops=1)
        Filter: ((person_id < 3222744) AND (role_id > 3))
        Rows Removed by Filter: 28744785
  ->  Hash  (cost=67604.59..67604.59 rows=2065330 width=4) (actual time=1958.671..1958.671 rows=2064552 loops=1)
        Buckets: 131072  Batches: 32  Memory Usage: 3289kB
        ->  Seq Scan on title t  (cost=0.00..67604.59 rows=2065330 width=4) (actual time=0.040..1285.807 rows=2064552 loops=1)
              Filter: (production_year < 2011)
              Rows Removed by Filter: 463760
Planning time: 0.728 ms
Execution time: 24789.704 ms
