Hash Join  (cost=468550.46..510311.01 rows=237106 width=0) (actual time=8484.521..9571.387 rows=164916 loops=1)
  Hash Cond: (mi_idx.movie_id = t.id)
  ->  Seq Scan on movie_info_idx mi_idx  (cost=0.00..21735.35 rows=1380035 width=4) (actual time=0.023..462.124 rows=1380035 loops=1)
  ->  Hash  (cost=461423.09..461423.09 rows=434430 width=8) (actual time=8483.350..8483.350 rows=158929 loops=1)
        Buckets: 131072  Batches: 8  Memory Usage: 1790kB
        ->  Hash Join  (cost=96184.51..461423.09 rows=434430 width=8) (actual time=7683.775..8435.439 rows=158929 loops=1)
              Hash Cond: (mi.movie_id = t.id)
              ->  Seq Scan on movie_info mi  (cost=0.00..346232.03 rows=809669 width=4) (actual time=0.014..5568.233 rows=802140 loops=1)
                    Filter: (info_type_id = 1)
                    Rows Removed by Filter: 14033580
              ->  Hash  (cost=73925.90..73925.90 rows=1356688 width=4) (actual time=2242.137..2242.137 rows=1327781 loops=1)
                    Buckets: 131072  Batches: 32  Memory Usage: 2485kB
                    ->  Seq Scan on title t  (cost=0.00..73925.90 rows=1356688 width=4) (actual time=285.787..1500.479 rows=1327781 loops=1)
                          Filter: ((production_year < 2012) AND (kind_id = 7))
                          Rows Removed by Filter: 1200531
Planning time: 1.157 ms
Execution time: 9592.360 ms
