Hash Join  (cost=342890.63..1691160.21 rows=26235008 width=0) (actual time=9432.298..62823.379 rows=102820343 loops=1)
  Hash Cond: (ci.movie_id = t.id)
  ->  Seq Scan on cast_info ci  (cost=0.00..796071.18 rows=17988043 width=4) (actual time=0.027..18387.834 rows=21240311 loops=1)
        Filter: ((person_id > 821757) AND (role_id > 1))
        Rows Removed by Filter: 15004033
  ->  Hash  (cost=282387.39..282387.39 rows=3687779 width=8) (actual time=9431.227..9431.227 rows=3685986 loops=1)
        Buckets: 131072  Batches: 64  Memory Usage: 3295kB
        ->  Hash Join  (cost=102767.86..282387.39 rows=3687779 width=8) (actual time=2866.576..8405.704 rows=3685986 loops=1)
              Hash Cond: (mk.movie_id = t.id)
              ->  Seq Scan on movie_keyword mk  (cost=0.00..81003.12 rows=3687779 width=4) (actual time=0.020..1716.259 rows=3685986 loops=1)
                    Filter: (keyword_id > 797)
                    Rows Removed by Filter: 837944
              ->  Hash  (cost=61283.27..61283.27 rows=2528527 width=4) (actual time=2864.390..2864.390 rows=2528312 loops=1)
                    Buckets: 131072  Batches: 64  Memory Usage: 2425kB
                    ->  Seq Scan on title t  (cost=0.00..61283.27 rows=2528527 width=4) (actual time=0.017..1205.132 rows=2528312 loops=1)
Planning time: 1.114 ms
Execution time: 73964.483 ms
