Hash Join  (cost=1002683.32..3661506.19 rows=89271663 width=211) (actual time=24807.404..212606.726 rows=277380264 loops=1)
  Hash Cond: (ci.movie_id = t.id)
  ->  Seq Scan on cast_info ci  (cost=0.00..614943.12 rows=36225612 width=42) (actual time=0.023..13759.116 rows=36244344 loops=1)
  ->  Hash  (cost=772667.44..772667.44 rows=6231111 width=169) (actual time=24799.018..24799.018 rows=6223494 loops=1)
        Buckets: 32768  Batches: 512  Memory Usage: 3215kB
        ->  Hash Join  (cost=129928.86..772667.44 rows=6231111 width=169) (actual time=2567.832..20286.067 rows=6223494 loops=1)
              Hash Cond: (mi.movie_id = t.id)
              ->  Seq Scan on movie_info mi  (cost=0.00..346232.03 rows=6231111 width=75) (actual time=0.017..8043.860 rows=6223494 loops=1)
                    Filter: (info_type_id > 8)
                    Rows Removed by Filter: 8612226
              ->  Hash  (cost=61283.27..61283.27 rows=2528527 width=94) (actual time=2564.872..2564.872 rows=2528312 loops=1)
                    Buckets: 32768  Batches: 128  Memory Usage: 2470kB
                    ->  Seq Scan on title t  (cost=0.00..61283.27 rows=2528527 width=94) (actual time=0.016..1225.200 rows=2528312 loops=1)
Planning time: 1.282 ms
Execution time: 227086.989 ms
