Seq Scan on movie_keyword mk  (cost=0.00..81003.12 rows=4072 width=0) (actual time=0.029..1211.452 rows=3792 loops=1)
  Filter: (keyword_id = 1617)
  Rows Removed by Filter: 4520138
Planning time: 0.332 ms
Execution time: 1212.569 ms
