Seq Scan on movie_keyword mk  (cost=0.00..81003.12 rows=246 width=0) (actual time=37.706..1322.734 rows=22 loops=1)
  Filter: (keyword_id = 5152)
  Rows Removed by Filter: 4523908
Planning time: 0.341 ms
Execution time: 1322.843 ms
