Hash Join  (cost=214793.35..745818.96 rows=4800269 width=0) (actual time=5886.991..45032.759 rows=111944330 loops=1)
  Hash Cond: (mi.movie_id = t.id)
  ->  Seq Scan on movie_info mi  (cost=0.00..309384.22 rows=14739122 width=4) (actual time=0.025..6426.428 rows=14835720 loops=1)
  ->  Hash  (cost=201282.65..201282.65 rows=823496 width=8) (actual time=5885.851..5885.851 rows=1785974 loops=1)
        Buckets: 131072 (originally 131072)  Batches: 32 (originally 16)  Memory Usage: 3273kB
        ->  Hash Join  (cost=83810.17..201282.65 rows=823496 width=8) (actual time=1501.798..5392.114 rows=1785974 loops=1)
              Hash Cond: (mk.movie_id = t.id)
              ->  Seq Scan on movie_keyword mk  (cost=0.00..81003.12 rows=2108105 width=4) (actual time=0.016..1675.224 rows=2106778 loops=1)
                    Filter: (keyword_id > 5688)
                    Rows Removed by Filter: 2417152
              ->  Hash  (cost=67604.59..67604.59 rows=987727 width=4) (actual time=1500.994..1500.994 rows=985048 loops=1)
                    Buckets: 131072  Batches: 16  Memory Usage: 3197kB
                    ->  Seq Scan on title t  (cost=0.00..67604.59 rows=987727 width=4) (actual time=0.032..1171.989 rows=985048 loops=1)
                          Filter: (kind_id < 7)
                          Rows Removed by Filter: 1543264
Planning time: 1.175 ms
Execution time: 57280.233 ms
