Hash Join  (cost=69687.24..431767.84 rows=63878 width=0) (actual time=2830.231..7499.221 rows=55689 loops=1)
  Hash Cond: (mi.movie_id = t.id)
  ->  Seq Scan on movie_info mi  (cost=0.00..346232.03 rows=1272478 width=4) (actual time=1712.998..5860.159 rows=1325361 loops=1)
        Filter: (info_type_id = 8)
        Rows Removed by Filter: 13510359
  ->  Hash  (cost=67604.59..67604.59 rows=126932 width=4) (actual time=1116.336..1116.336 rows=122861 loops=1)
        Buckets: 131072  Batches: 2  Memory Usage: 3197kB
        ->  Seq Scan on title t  (cost=0.00..67604.59 rows=126932 width=4) (actual time=0.028..1067.350 rows=122861 loops=1)
              Filter: (production_year = 2008)
              Rows Removed by Filter: 2405451
Planning time: 0.748 ms
Execution time: 7506.785 ms
