Seq Scan on movie_companies mc  (cost=0.00..51404.11 rows=922572 width=0) (actual time=0.011..902.311 rows=931212 loops=1)
  Filter: (company_id > 19462)
  Rows Removed by Filter: 1677917
Planning time: 0.398 ms
Execution time: 1024.724 ms
