Hash Join  (cost=102767.86..1007879.69 rows=7884719 width=0) (actual time=2033.441..23091.031 rows=7766327 loops=1)
  Hash Cond: (ci.movie_id = t.id)
  ->  Seq Scan on cast_info ci  (cost=0.00..705507.15 rows=7884719 width=4) (actual time=33.099..12437.296 rows=7766327 loops=1)
        Filter: (person_id < 755773)
        Rows Removed by Filter: 28478017
  ->  Hash  (cost=61283.27..61283.27 rows=2528527 width=4) (actual time=1998.880..1998.880 rows=2528312 loops=1)
        Buckets: 131072  Batches: 64  Memory Usage: 2415kB
        ->  Seq Scan on title t  (cost=0.00..61283.27 rows=2528527 width=4) (actual time=0.020..1166.842 rows=2528312 loops=1)
Planning time: 0.761 ms
Execution time: 23980.932 ms
