Hash Join  (cost=270481.47..1200842.58 rows=5011615 width=0) (actual time=17312.679..31887.009 rows=19983516 loops=1)
  Hash Cond: (ci.movie_id = t.id)
  ->  Seq Scan on cast_info ci  (cost=0.00..796071.18 rows=5916558 width=4) (actual time=10418.934..16190.091 rows=7451973 loops=1)
        Filter: ((person_id < 2970730) AND (role_id = 2))
        Rows Removed by Filter: 28792371
  ->  Hash  (cost=235342.15..235342.15 rows=2141786 width=8) (actual time=6892.093..6892.093 rows=2772247 loops=1)
        Buckets: 131072 (originally 131072)  Batches: 64 (originally 32)  Memory Usage: 3073kB
        ->  Hash Join  (cost=87245.25..235342.15 rows=2141786 width=8) (actual time=1700.884..6070.015 rows=2772247 loops=1)
              Hash Cond: (mk.movie_id = t.id)
              ->  Seq Scan on movie_keyword mk  (cost=0.00..69693.30 rows=4523930 width=4) (actual time=0.028..1459.071 rows=4523930 loops=1)
              ->  Hash  (cost=67604.59..67604.59 rows=1197093 width=4) (actual time=1700.139..1700.139 rows=1195923 loops=1)
                    Buckets: 131072  Batches: 16  Memory Usage: 3661kB
                    ->  Seq Scan on title t  (cost=0.00..67604.59 rows=1197093 width=4) (actual time=0.019..1306.688 rows=1195923 loops=1)
                          Filter: (production_year < 2003)
                          Rows Removed by Filter: 1332389
Planning time: 1.180 ms
Execution time: 34086.281 ms
