Hash Join  (cost=80830.47..506710.33 rows=981526 width=0) (actual time=1429.413..10700.974 rows=2461637 loops=1)
  Hash Cond: (mi.movie_id = t.id)
  ->  Seq Scan on movie_info mi  (cost=0.00..346232.03 rows=5897221 width=4) (actual time=127.479..5922.735 rows=5884963 loops=1)
        Filter: (info_type_id < 7)
        Rows Removed by Filter: 8950757
  ->  Hash  (cost=73925.90..73925.90 rows=420845 width=4) (actual time=1300.911..1300.911 rows=517968 loops=1)
        Buckets: 131072  Batches: 8  Memory Usage: 3321kB
        ->  Seq Scan on title t  (cost=0.00..73925.90 rows=420845 width=4) (actual time=0.020..1128.453 rows=517968 loops=1)
              Filter: ((kind_id < 7) AND (production_year < 2001))
              Rows Removed by Filter: 2010344
Planning time: 0.768 ms
Execution time: 10980.389 ms
