Hash Join  (cost=102767.86..589916.72 rows=5445713 width=0) (actual time=2533.278..13084.198 rows=5410520 loops=1)
  Hash Cond: (mi.movie_id = t.id)
  ->  Seq Scan on movie_info mi  (cost=0.00..346232.03 rows=5445713 width=4) (actual time=500.222..5649.836 rows=5410520 loops=1)
        Filter: (info_type_id < 6)
        Rows Removed by Filter: 9425200
  ->  Hash  (cost=61283.27..61283.27 rows=2528527 width=4) (actual time=2032.134..2032.134 rows=2528312 loops=1)
        Buckets: 131072  Batches: 64  Memory Usage: 2425kB
        ->  Seq Scan on title t  (cost=0.00..61283.27 rows=2528527 width=4) (actual time=0.033..1163.383 rows=2528312 loops=1)
Planning time: 1.040 ms
Execution time: 13701.104 ms
