Seq Scan on cast_info ci  (cost=0.00..705507.15 rows=4839943 width=0) (actual time=4417.765..11212.159 rows=4875782 loops=1)
  Filter: (person_id > 3186673)
  Rows Removed by Filter: 31368562
Planning time: 0.243 ms
Execution time: 11819.703 ms
