Hash Join  (cost=58375.85..412838.14 rows=46 width=0) (actual time=2408.289..6843.111 rows=205 loops=1)
  Hash Cond: (mi.movie_id = t.id)
  ->  Seq Scan on movie_info mi  (cost=0.00..346232.03 rows=2194617 width=4) (actual time=1425.304..5650.166 rows=2233850 loops=1)
        Filter: (info_type_id > 16)
        Rows Removed by Filter: 12601870
  ->  Hash  (cost=58375.18..58375.18 rows=53 width=8) (actual time=878.541..878.541 rows=35 loops=1)
        Buckets: 1024  Batches: 1  Memory Usage: 10kB
        ->  Nested Loop  (cost=0.43..58375.18 rows=53 width=8) (actual time=128.813..878.493 rows=35 loops=1)
              ->  Seq Scan on movie_companies mc  (cost=0.00..57926.93 rows=53 width=4) (actual time=128.716..877.222 rows=35 loops=1)
                    Filter: ((company_type_id > 1) AND (company_id = 4441))
                    Rows Removed by Filter: 2609094
              ->  Index Only Scan using title_pkey on title t  (cost=0.43..8.45 rows=1 width=4) (actual time=0.032..0.033 rows=1 loops=35)
                    Index Cond: (id = mc.movie_id)
                    Heap Fetches: 35
Planning time: 1.095 ms
Execution time: 6843.277 ms
