Seq Scan on cast_info ci  (cost=0.00..796071.18 rows=19303362 width=0) (actual time=0.019..17063.343 rows=21790077 loops=1)
  Filter: ((person_id > 615382) AND (role_id > 1))
  Rows Removed by Filter: 14454267
Planning time: 0.423 ms
Execution time: 19746.992 ms
