Seq Scan on movie_keyword mk  (cost=0.00..81003.12 rows=2698821 width=0) (actual time=0.028..1510.646 rows=2692488 loops=1)
  Filter: (keyword_id < 7620)
  Rows Removed by Filter: 1831442
Planning time: 0.973 ms
Execution time: 1837.305 ms
