Hash Join  (cost=76796.18..1007049.02 rows=1264753 width=0) (actual time=1235.596..23837.717 rows=1298366 loops=1)
  Hash Cond: (ci.movie_id = t.id)
  ->  Seq Scan on cast_info ci  (cost=0.00..705507.15 rows=18284309 width=4) (actual time=3.477..13388.362 rows=18171559 loops=1)
        Filter: (person_id < 1804260)
        Rows Removed by Filter: 18072785
  ->  Hash  (cost=73925.90..73925.90 rows=174902 width=4) (actual time=1221.306..1221.306 rows=160286 loops=1)
        Buckets: 131072  Batches: 4  Memory Usage: 2435kB
        ->  Seq Scan on title t  (cost=0.00..73925.90 rows=174902 width=4) (actual time=76.048..1162.530 rows=160286 loops=1)
              Filter: ((production_year > 2008) AND (kind_id = 1))
              Rows Removed by Filter: 2368026
Planning time: 0.732 ms
Execution time: 23988.088 ms
