Hash Join  (cost=244144.40..396378.23 rows=2496049 width=0) (actual time=6055.289..14413.258 rows=21887003 loops=1)
  Hash Cond: (mk.movie_id = t.id)
  ->  Seq Scan on movie_keyword mk  (cost=0.00..81003.12 rows=2961442 width=4) (actual time=0.014..1727.511 rows=2952595 loops=1)
        Filter: (keyword_id > 2365)
        Rows Removed by Filter: 1571335
  ->  Hash  (cost=209179.82..209179.82 rows=2131167 width=8) (actual time=6054.336..6054.336 rows=2289918 loops=1)
        Buckets: 131072  Batches: 32  Memory Usage: 3870kB
        ->  Hash Join  (cost=101489.21..209179.82 rows=2131167 width=8) (actual time=2072.653..5417.771 rows=2289918 loops=1)
              Hash Cond: (mc.movie_id = t.id)
              ->  Seq Scan on movie_companies mc  (cost=0.00..44881.29 rows=2609129 width=4) (actual time=0.024..938.535 rows=2609129 loops=1)
              ->  Hash  (cost=67604.59..67604.59 rows=2065330 width=4) (actual time=2071.289..2071.289 rows=2064552 loops=1)
                    Buckets: 131072  Batches: 32  Memory Usage: 3289kB
                    ->  Seq Scan on title t  (cost=0.00..67604.59 rows=2065330 width=4) (actual time=0.016..1397.945 rows=2064552 loops=1)
                          Filter: (production_year < 2011)
                          Rows Removed by Filter: 463760
Planning time: 1.032 ms
Execution time: 16845.510 ms
