Hash Join  (cost=132723.69..528721.42 rows=617786 width=0) (actual time=4446.427..10400.928 rows=795856 loops=1)
  Hash Cond: (mi.movie_id = t.id)
  ->  Seq Scan on movie_info mi  (cost=0.00..346232.03 rows=3623957 width=4) (actual time=1602.615..5875.562 rows=3624977 loops=1)
        Filter: (info_type_id < 4)
        Rows Removed by Filter: 11210743
  ->  Hash  (cost=125651.63..125651.63 rows=431045 width=8) (actual time=2842.961..2842.961 rows=311149 loops=1)
        Buckets: 131072  Batches: 8  Memory Usage: 2539kB
        ->  Hash Join  (cost=80562.70..125651.63 rows=431045 width=8) (actual time=1484.680..2744.268 rows=311149 loops=1)
              Hash Cond: (mi_idx.movie_id = t.id)
              ->  Seq Scan on movie_info_idx mi_idx  (cost=0.00..21735.35 rows=1380035 width=4) (actual time=0.032..445.290 rows=1380035 loops=1)
              ->  Hash  (cost=67604.59..67604.59 rows=789769 width=4) (actual time=1483.480..1483.480 rows=784926 loops=1)
                    Buckets: 131072  Batches: 16  Memory Usage: 2749kB
                    ->  Seq Scan on title t  (cost=0.00..67604.59 rows=789769 width=4) (actual time=0.034..1229.822 rows=784926 loops=1)
                          Filter: (production_year > 2007)
                          Rows Removed by Filter: 1743386
Planning time: 1.192 ms
Execution time: 10491.251 ms
