Hash Join  (cost=210831.80..782638.41 rows=8622268 width=0) (actual time=4784.216..27423.457 rows=33207673 loops=1)
  Hash Cond: (mi.movie_id = t.id)
  ->  Seq Scan on movie_info mi  (cost=0.00..309384.22 rows=14739122 width=4) (actual time=0.010..6027.189 rows=14835720 loops=1)
  ->  Hash  (cost=186564.20..186564.20 rows=1479168 width=8) (actual time=4782.870..4782.870 rows=1217080 loops=1)
        Buckets: 131072  Batches: 32  Memory Usage: 2535kB
        ->  Hash Join  (cost=91123.00..186564.20 rows=1479168 width=8) (actual time=1655.463..4417.450 rows=1217080 loops=1)
              Hash Cond: (mc.movie_id = t.id)
              ->  Seq Scan on movie_companies mc  (cost=0.00..44881.29 rows=2609129 width=4) (actual time=0.023..901.878 rows=2609129 loops=1)
              ->  Hash  (cost=67604.59..67604.59 rows=1433473 width=4) (actual time=1654.401..1654.401 rows=1434466 loops=1)
                    Buckets: 131072  Batches: 32  Memory Usage: 2600kB
                    ->  Seq Scan on title t  (cost=0.00..67604.59 rows=1433473 width=4) (actual time=0.031..1181.389 rows=1434466 loops=1)
                          Filter: (production_year > 1999)
                          Rows Removed by Filter: 1093846
Planning time: 1.188 ms
Execution time: 31172.745 ms
