Hash Join  (cost=71408.55..197257.61 rows=322832 width=0) (actual time=1335.756..4386.114 rows=112963 loops=1)
  Hash Cond: (mk.movie_id = t.id)
  ->  Seq Scan on movie_keyword mk  (cost=0.00..81003.12 rows=3520964 width=4) (actual time=0.017..1715.920 rows=3513112 loops=1)
        Filter: (keyword_id < 18032)
        Rows Removed by Filter: 1010818
  ->  Hash  (cost=67604.59..67604.59 rows=231837 width=4) (actual time=1334.749..1334.749 rows=231649 loops=1)
        Buckets: 131072  Batches: 4  Memory Usage: 3082kB
        ->  Seq Scan on title t  (cost=0.00..67604.59 rows=231837 width=4) (actual time=0.022..1243.640 rows=231649 loops=1)
              Filter: (production_year > 2011)
              Rows Removed by Filter: 2296663
Planning time: 0.766 ms
Execution time: 4400.876 ms
