Hash Join  (cost=102767.86..197620.38 rows=1395102 width=0) (actual time=1984.037..5015.826 rows=1382793 loops=1)
  Hash Cond: (mc.movie_id = t.id)
  ->  Seq Scan on movie_companies mc  (cost=0.00..51404.11 rows=1395102 width=4) (actual time=0.027..1143.217 rows=1382793 loops=1)
        Filter: (company_id < 11961)
        Rows Removed by Filter: 1226336
  ->  Hash  (cost=61283.27..61283.27 rows=2528527 width=4) (actual time=1982.807..1982.807 rows=2528312 loops=1)
        Buckets: 131072  Batches: 64  Memory Usage: 2415kB
        ->  Seq Scan on title t  (cost=0.00..61283.27 rows=2528527 width=4) (actual time=0.009..1151.485 rows=2528312 loops=1)
Planning time: 0.755 ms
Execution time: 5193.218 ms
