Seq Scan on movie_companies mc  (cost=0.00..51404.11 rows=608894 width=0) (actual time=0.027..891.793 rows=607408 loops=1)
  Filter: (company_id < 708)
  Rows Removed by Filter: 2001721
Planning time: 0.323 ms
Execution time: 967.485 ms
