Hash Join  (cost=87636.94..893865.73 rows=153216 width=0) (actual time=2001.959..12547.093 rows=116 loops=1)
  Hash Cond: (ci.movie_id = t.id)
  ->  Seq Scan on cast_info ci  (cost=0.00..796071.18 rows=463585 width=4) (actual time=526.711..10990.647 rows=274 loops=1)
        Filter: ((person_id < 218921) AND (role_id = 2))
        Rows Removed by Filter: 36244070
  ->  Hash  (cost=73925.90..73925.90 rows=835683 width=4) (actual time=1448.257..1448.257 rows=749869 loops=1)
        Buckets: 131072  Batches: 16  Memory Usage: 2674kB
        ->  Seq Scan on title t  (cost=0.00..73925.90 rows=835683 width=4) (actual time=0.026..1234.545 rows=749869 loops=1)
              Filter: ((kind_id < 7) AND (production_year > 1966))
              Rows Removed by Filter: 1778443
Planning time: 0.508 ms
Execution time: 12547.187 ms
