Seq Scan on movie_companies mc  (cost=0.00..57926.93 rows=691180 width=0) (actual time=0.016..991.376 rows=438185 loops=1)
  Filter: ((company_id < 11496) AND (company_type_id = 2))
  Rows Removed by Filter: 2170944
Planning time: 0.391 ms
Execution time: 1055.596 ms
