Hash Join  (cost=187101.32..312728.09 rows=820598 width=0) (actual time=4088.072..6746.325 rows=382904 loops=1)
  Hash Cond: (mk.movie_id = t.id)
  ->  Seq Scan on movie_keyword mk  (cost=0.00..81003.12 rows=2908444 width=4) (actual time=0.016..1626.451 rows=2897940 loops=1)
        Filter: (keyword_id < 9195)
        Rows Removed by Filter: 1625990
  ->  Hash  (cost=175396.73..175396.73 rows=713407 width=8) (actual time=3792.710..3792.710 rows=352601 loops=1)
        Buckets: 131072  Batches: 16  Memory Usage: 1885kB
        ->  Hash Join  (cost=96184.51..175396.73 rows=713407 width=8) (actual time=1716.976..3682.205 rows=352601 loops=1)
              Hash Cond: (mc.movie_id = t.id)
              ->  Seq Scan on movie_companies mc  (cost=0.00..51404.11 rows=1329612 width=4) (actual time=13.862..989.341 rows=1334883 loops=1)
                    Filter: (company_type_id > 1)
                    Rows Removed by Filter: 1274246
              ->  Hash  (cost=73925.90..73925.90 rows=1356688 width=4) (actual time=1701.821..1701.821 rows=1327781 loops=1)
                    Buckets: 131072  Batches: 32  Memory Usage: 2479kB
                    ->  Seq Scan on title t  (cost=0.00..73925.90 rows=1356688 width=4) (actual time=0.024..1277.674 rows=1327781 loops=1)
                          Filter: ((production_year < 2012) AND (kind_id = 7))
                          Rows Removed by Filter: 1200531
Planning time: 1.138 ms
Execution time: 6788.805 ms
