Hash Join  (cost=195297.14..684403.31 rows=871525 width=0) (actual time=3915.131..16189.490 rows=7961710 loops=1)
  Hash Cond: (mi.movie_id = t.id)
  ->  Seq Scan on movie_info mi  (cost=0.00..309384.22 rows=14739122 width=4) (actual time=0.016..5928.401 rows=14835720 loops=1)
  ->  Hash  (cost=192843.24..192843.24 rows=149512 width=8) (actual time=3911.182..3911.182 rows=142546 loops=1)
        Buckets: 131072  Batches: 2  Memory Usage: 3850kB
        ->  Hash Join  (cost=69374.09..192843.24 rows=149512 width=8) (actual time=1012.425..3863.961 rows=142546 loops=1)
              Hash Cond: (mk.movie_id = t.id)
              ->  Seq Scan on movie_keyword mk  (cost=0.00..81003.12 rows=3506908 width=4) (actual time=0.019..1760.265 rows=3500694 loops=1)
                    Filter: (keyword_id < 17537)
                    Rows Removed by Filter: 1023236
              ->  Hash  (cost=67604.59..67604.59 rows=107800 width=4) (actual time=1011.341..1011.341 rows=108429 loops=1)
                    Buckets: 131072  Batches: 2  Memory Usage: 2938kB
                    ->  Seq Scan on title t  (cost=0.00..67604.59 rows=107800 width=4) (actual time=0.010..969.655 rows=108429 loops=1)
                          Filter: (production_year = 2006)
                          Rows Removed by Filter: 2419883
Planning time: 4.718 ms
Execution time: 17018.662 ms
