Hash Join  (cost=117544.69..1165054.22 rows=1334232 width=0) (actual time=2393.126..27875.260 rows=1461810 loops=1)
  Hash Cond: (ci.movie_id = t.id)
  ->  Seq Scan on cast_info ci  (cost=0.00..614943.12 rows=36225612 width=4) (actual time=0.011..13199.837 rows=36244344 loops=1)
  ->  Hash  (cost=116016.58..116016.58 rows=93129 width=8) (actual time=2392.161..2392.161 rows=42612 loops=1)
        Buckets: 131072  Batches: 2  Memory Usage: 1850kB
        ->  Hash Join  (cost=76725.80..116016.58 rows=93129 width=8) (actual time=1307.521..2376.658 rows=42612 loops=1)
              Hash Cond: (mi_idx.movie_id = t.id)
              ->  Seq Scan on movie_info_idx mi_idx  (cost=0.00..21735.35 rows=1380035 width=4) (actual time=0.026..496.302 rows=1380035 loops=1)
              ->  Hash  (cost=73925.90..73925.90 rows=170632 width=4) (actual time=1304.159..1304.159 rows=170068 loops=1)
                    Buckets: 131072  Batches: 4  Memory Usage: 2534kB
                    ->  Seq Scan on title t  (cost=0.00..73925.90 rows=170632 width=4) (actual time=0.016..1246.655 rows=170068 loops=1)
                          Filter: ((kind_id > 1) AND (production_year > 2011))
                          Rows Removed by Filter: 2358244
Planning time: 1.171 ms
Execution time: 28048.783 ms
