Hash Join  (cost=92883.59..193712.06 rows=444946 width=0) (actual time=2880.440..3871.442 rows=82774 loops=1)
  Hash Cond: (mk.movie_id = t.id)
  ->  Seq Scan on movie_keyword mk  (cost=0.00..81003.12 rows=730177 width=4) (actual time=0.024..1451.641 rows=725769 loops=1)
        Filter: (keyword_id < 648)
        Rows Removed by Filter: 3798161
  ->  Hash  (cost=67604.59..67604.59 rows=1540800 width=4) (actual time=1783.884..1783.884 rows=1543264 loops=1)
        Buckets: 131072  Batches: 32  Memory Usage: 2728kB
        ->  Seq Scan on title t  (cost=0.00..67604.59 rows=1540800 width=4) (actual time=0.017..1281.901 rows=1543264 loops=1)
              Filter: (kind_id = 7)
              Rows Removed by Filter: 985048
Planning time: 1.092 ms
Execution time: 3881.560 ms
