Seq Scan on movie_keyword mk  (cost=0.00..81003.12 rows=2245581 width=0) (actual time=0.014..1592.483 rows=2245436 loops=1)
  Filter: (keyword_id < 4625)
  Rows Removed by Filter: 2278494
Planning time: 0.336 ms
Execution time: 1878.449 ms
