Seq Scan on cast_info ci  (cost=0.00..796071.18 rows=15320589 width=0) (actual time=0.019..15283.637 rows=10850030 loops=1)
  Filter: ((person_id < 2408456) AND (role_id > 1))
  Rows Removed by Filter: 25394314
Planning time: 0.335 ms
Execution time: 16602.729 ms
