Hash Join  (cost=83677.01..126935.25 rows=324376 width=0) (actual time=1384.347..2528.656 rows=213276 loops=1)
  Hash Cond: (mi_idx.movie_id = t.id)
  ->  Seq Scan on movie_info_idx mi_idx  (cost=0.00..21735.35 rows=1380035 width=4) (actual time=0.014..440.028 rows=1380035 loops=1)
  ->  Hash  (cost=73925.90..73925.90 rows=594328 width=4) (actual time=1383.369..1383.369 rows=470614 loops=1)
        Buckets: 131072  Batches: 8  Memory Usage: 3082kB
        ->  Seq Scan on title t  (cost=0.00..73925.90 rows=594328 width=4) (actual time=0.013..1229.843 rows=470614 loops=1)
              Filter: ((kind_id > 2) AND (production_year < 1996))
              Rows Removed by Filter: 2057698
Planning time: 0.724 ms
Execution time: 2554.850 ms
