Hash Join  (cost=155551.94..504837.51 rows=1691 width=0) (actual time=5081.944..8423.057 rows=15570 loops=1)
  Hash Cond: (mi.movie_id = t.id)
  ->  Seq Scan on movie_info mi  (cost=0.00..346232.03 rows=809768 width=4) (actual time=2242.504..5439.723 rows=802140 loops=1)
        Filter: (info_type_id < 2)
        Rows Removed by Filter: 14033580
  ->  Hash  (cost=155485.94..155485.94 rows=5280 width=8) (actual time=2839.116..2839.116 rows=13290 loops=1)
        Buckets: 16384 (originally 8192)  Batches: 1 (originally 1)  Memory Usage: 648kB
        ->  Hash Join  (cost=67697.55..155485.94 rows=5280 width=8) (actual time=990.643..2833.874 rows=13290 loops=1)
              Hash Cond: (mk.movie_id = t.id)
              ->  Seq Scan on movie_keyword mk  (cost=0.00..81003.12 rows=1795324 width=4) (actual time=0.032..1521.110 rows=1803837 loops=1)
                    Filter: (keyword_id < 2926)
                    Rows Removed by Filter: 2720093
              ->  Hash  (cost=67604.59..67604.59 rows=7437 width=4) (actual time=990.394..990.394 rows=14779 loops=1)
                    Buckets: 16384 (originally 8192)  Batches: 1 (originally 1)  Memory Usage: 648kB
                    ->  Seq Scan on title t  (cost=0.00..67604.59 rows=7437 width=4) (actual time=0.026..983.492 rows=14779 loops=1)
                          Filter: (production_year = 1980)
                          Rows Removed by Filter: 2513533
Planning time: 1.142 ms
Execution time: 8425.630 ms
