Seq Scan on movie_keyword mk  (cost=0.00..81003.12 rows=3449654 width=0) (actual time=0.019..1504.220 rows=3439559 loops=1)
  Filter: (keyword_id < 16308)
  Rows Removed by Filter: 1084371
Planning time: 0.319 ms
Execution time: 1918.306 ms
