Hash Join  (cost=69484.36..133164.94 rows=20000 width=0) (actual time=1633.027..2156.148 rows=15169 loops=1)
  Hash Cond: (mc.movie_id = t.id)
  ->  Seq Scan on movie_companies mc  (cost=0.00..57926.93 rows=441506 width=4) (actual time=326.930..900.393 rows=634480 loops=1)
        Filter: ((company_id < 2831) AND (company_type_id < 2))
        Rows Removed by Filter: 1974649
  ->  Hash  (cost=67604.59..67604.59 rows=114542 width=4) (actual time=1020.241..1020.241 rows=118234 loops=1)
        Buckets: 131072  Batches: 2  Memory Usage: 3101kB
        ->  Seq Scan on title t  (cost=0.00..67604.59 rows=114542 width=4) (actual time=350.710..979.249 rows=118234 loops=1)
              Filter: (kind_id = 4)
              Rows Removed by Filter: 2410078
Planning time: 0.719 ms
Execution time: 2158.688 ms
