Hash Join  (cost=111877.36..479763.10 rows=322983 width=0) (actual time=2126.806..11976.481 rows=1064473 loops=1)
  Hash Cond: (mi.movie_id = t.id)
  ->  Seq Scan on movie_info mi  (cost=0.00..309384.22 rows=14739122 width=4) (actual time=0.016..4951.885 rows=14835720 loops=1)
  ->  Hash  (cost=111184.76..111184.76 rows=55408 width=8) (actual time=2126.385..2126.385 rows=65087 loops=1)
        Buckets: 65536  Batches: 1  Memory Usage: 3055kB
        ->  Hash Join  (cost=78988.28..111184.76 rows=55408 width=8) (actual time=1315.353..2103.093 rows=65087 loops=1)
              Hash Cond: (mi_idx.movie_id = t.id)
              ->  Seq Scan on movie_info_idx mi_idx  (cost=0.00..25185.44 rows=454124 width=4) (actual time=0.016..501.481 rows=459925 loops=1)
                    Filter: (info_type_id = 100)
                    Rows Removed by Filter: 920110
              ->  Hash  (cost=73925.90..73925.90 rows=308510 width=4) (actual time=1314.342..1314.342 rows=266599 loops=1)
                    Buckets: 131072  Batches: 8  Memory Usage: 2191kB
                    ->  Seq Scan on title t  (cost=0.00..73925.90 rows=308510 width=4) (actual time=0.023..1225.771 rows=266599 loops=1)
                          Filter: ((kind_id < 7) AND (production_year > 2007))
                          Rows Removed by Filter: 2261713
Planning time: 1.256 ms
Execution time: 12123.981 ms
