Nested Loop  (cost=44377.22..431427.55 rows=5931 width=0) (actual time=5084.002..6847.555 rows=518 loops=1)
  Join Filter: (mi.movie_id = t.id)
  ->  Hash Join  (cost=44376.79..399813.99 rows=53320 width=8) (actual time=5076.853..6639.224 rows=20134 loops=1)
        Hash Cond: (mi.movie_id = mi_idx.movie_id)
        ->  Seq Scan on movie_info mi  (cost=0.00..346232.03 rows=17937 width=4) (actual time=4181.192..5523.930 rows=6594 loops=1)
              Filter: (info_type_id = 51)
              Rows Removed by Filter: 14829126
        ->  Hash  (cost=21735.35..21735.35 rows=1380035 width=4) (actual time=893.838..893.838 rows=1380035 loops=1)
              Buckets: 131072  Batches: 32  Memory Usage: 2557kB
              ->  Seq Scan on movie_info_idx mi_idx  (cost=0.00..21735.35 rows=1380035 width=4) (actual time=0.021..467.835 rows=1380035 loops=1)
  ->  Index Scan using title_pkey on title t  (cost=0.43..0.58 rows=1 width=4) (actual time=0.010..0.010 rows=0 loops=20134)
        Index Cond: (id = mi_idx.movie_id)
        Filter: (production_year > 1997)
        Rows Removed by Filter: 1
Planning time: 1.841 ms
Execution time: 6847.837 ms
