Hash Join  (cost=217973.56..1400332.57 rows=8734004 width=0) (actual time=5518.251..56610.531 rows=74007395 loops=1)
  Hash Cond: (ci.movie_id = t.id)
  ->  Seq Scan on cast_info ci  (cost=0.00..705507.15 rows=33464494 width=4) (actual time=0.016..16515.198 rows=33436021 loops=1)
        Filter: (person_id < 3529950)
        Rows Removed by Filter: 2808323
  ->  Hash  (cost=207146.46..207146.46 rows=659928 width=8) (actual time=5516.846..5516.846 rows=1851320 loops=1)
        Buckets: 131072 (originally 131072)  Batches: 32 (originally 16)  Memory Usage: 3237kB
        ->  Hash Join  (cost=83198.94..207146.46 rows=659928 width=8) (actual time=1414.655..4980.272 rows=1851320 loops=1)
              Hash Cond: (mk.movie_id = t.id)
              ->  Seq Scan on movie_keyword mk  (cost=0.00..81003.12 rows=2952296 width=4) (actual time=0.025..1734.939 rows=2943767 loops=1)
                    Filter: (keyword_id > 2398)
                    Rows Removed by Filter: 1580163
              ->  Hash  (cost=73925.90..73925.90 rows=565203 width=4) (actual time=1413.763..1413.763 rows=641785 loops=1)
                    Buckets: 131072  Batches: 8  Memory Usage: 3870kB
                    ->  Seq Scan on title t  (cost=0.00..73925.90 rows=565203 width=4) (actual time=0.455..1212.083 rows=641785 loops=1)
                          Filter: ((kind_id < 7) AND (production_year < 2006))
                          Rows Removed by Filter: 1886527
Planning time: 1.251 ms
Execution time: 64137.359 ms
