Hash Join  (cost=173888.68..214948.91 rows=196275 width=0) (actual time=3856.961..4944.550 rows=458583 loops=1)
  Hash Cond: (mi_idx.movie_id = t.id)
  ->  Seq Scan on movie_info_idx mi_idx  (cost=0.00..21735.35 rows=1380035 width=4) (actual time=0.022..451.158 rows=1380035 loops=1)
  ->  Hash  (cost=167988.46..167988.46 rows=359618 width=8) (actual time=3728.746..3728.746 rows=316559 loops=1)
        Buckets: 131072  Batches: 8  Memory Usage: 2556kB
        ->  Hash Join  (cost=92883.59..167988.46 rows=359618 width=8) (actual time=2590.237..3628.256 rows=316559 loops=1)
              Hash Cond: (mc.movie_id = t.id)
              ->  Seq Scan on movie_companies mc  (cost=0.00..57926.93 rows=590151 width=4) (actual time=0.018..1076.771 rows=799308 loops=1)
                    Filter: ((company_id < 10700) AND (company_type_id = 1))
                    Rows Removed by Filter: 1809821
              ->  Hash  (cost=67604.59..67604.59 rows=1540800 width=4) (actual time=1774.511..1774.511 rows=1543264 loops=1)
                    Buckets: 131072  Batches: 32  Memory Usage: 2722kB
                    ->  Seq Scan on title t  (cost=0.00..67604.59 rows=1540800 width=4) (actual time=0.011..1283.747 rows=1543264 loops=1)
                          Filter: (kind_id = 7)
                          Rows Removed by Filter: 985048
Planning time: 0.768 ms
Execution time: 5003.845 ms
