Seq Scan on cast_info ci  (cost=0.00..796071.18 rows=3168913 width=0) (actual time=6775.908..12887.086 rows=2751 loops=1)
  Filter: ((person_id < 1541665) AND (role_id = 2))
  Rows Removed by Filter: 36241593
Planning time: 3.661 ms
Execution time: 12887.721 ms
