Seq Scan on cast_info ci  (cost=0.00..796071.18 rows=324 width=0) (actual time=10385.624..14167.536 rows=595 loops=1)
  Filter: ((role_id > 1) AND (person_id = 3108751))
  Rows Removed by Filter: 36243749
Planning time: 0.392 ms
Execution time: 14167.747 ms
