Seq Scan on movie_companies mc  (cost=0.00..57926.93 rows=578000 width=0) (actual time=0.015..1045.496 rows=865776 loops=1)
  Filter: ((company_id > 13256) AND (company_type_id > 1))
  Rows Removed by Filter: 1743353
Planning time: 0.337 ms
Execution time: 1150.012 ms
