Hash Join  (cost=69460.45..1074539.27 rows=776844 width=0) (actual time=1152.170..23009.019 rows=753470 loops=1)
  Hash Cond: (ci.movie_id = t.id)
  ->  Seq Scan on cast_info ci  (cost=0.00..796071.18 rows=17366188 width=4) (actual time=0.023..16340.898 rows=14125907 loops=1)
        Filter: ((person_id < 2760730) AND (role_id > 1))
        Rows Removed by Filter: 22118437
  ->  Hash  (cost=67604.59..67604.59 rows=113109 width=4) (actual time=1151.081..1151.081 rows=119565 loops=1)
        Buckets: 131072  Batches: 2  Memory Usage: 3115kB
        ->  Seq Scan on title t  (cost=0.00..67604.59 rows=113109 width=4) (actual time=0.017..1105.922 rows=119565 loops=1)
              Filter: (production_year = 2007)
              Rows Removed by Filter: 2408747
Planning time: 0.803 ms
Execution time: 23106.857 ms
