Nested Loop  (cost=0.43..83072.29 rows=8 width=0) (actual time=11.829..1319.904 rows=50 loops=1)
  ->  Seq Scan on movie_keyword mk  (cost=0.00..81003.12 rows=246 width=4) (actual time=0.677..1295.967 rows=898 loops=1)
        Filter: (keyword_id = 1527)
        Rows Removed by Filter: 4523032
  ->  Index Scan using title_pkey on title t  (cost=0.43..8.40 rows=1 width=4) (actual time=0.025..0.025 rows=0 loops=898)
        Index Cond: (id = mk.movie_id)
        Filter: (production_year = 2004)
        Rows Removed by Filter: 1
Planning time: 0.720 ms
Execution time: 1320.041 ms
