Hash Join  (cost=52284.46..79195.05 rows=11 width=0) (actual time=986.956..1471.378 rows=156 loops=1)
  Hash Cond: (mi_idx.movie_id = t.id)
  ->  Seq Scan on movie_info_idx mi_idx  (cost=0.00..21735.35 rows=1380035 width=4) (actual time=0.020..372.801 rows=1380035 loops=1)
  ->  Hash  (cost=52284.21..52284.21 rows=20 width=8) (actual time=847.046..847.046 rows=358 loops=1)
        Buckets: 1024  Batches: 1  Memory Usage: 22kB
        ->  Nested Loop  (cost=0.43..52284.21 rows=20 width=8) (actual time=348.383..846.864 rows=358 loops=1)
              ->  Seq Scan on movie_companies mc  (cost=0.00..51404.11 rows=104 width=4) (actual time=10.385..818.265 rows=1282 loops=1)
                    Filter: (company_id = 11272)
                    Rows Removed by Filter: 2607847
              ->  Index Scan using title_pkey on title t  (cost=0.43..8.45 rows=1 width=4) (actual time=0.021..0.022 rows=0 loops=1282)
                    Index Cond: (id = mc.movie_id)
                    Filter: ((kind_id > 3) AND (production_year < 1992))
                    Rows Removed by Filter: 1
Planning time: 1.168 ms
Execution time: 1471.527 ms
