Hash Join  (cost=290339.88..933380.93 rows=13571622 width=0) (actual time=5811.048..19830.815 rows=5541944 loops=1)
  Hash Cond: (mi.movie_id = t.id)
  ->  Seq Scan on movie_info mi  (cost=0.00..309384.22 rows=14739122 width=4) (actual time=0.117..6139.438 rows=14835720 loops=1)
  ->  Hash  (cost=252141.88..252141.88 rows=2328240 width=8) (actual time=5682.986..5682.986 rows=531580 loops=1)
        Buckets: 131072  Batches: 32  Memory Usage: 1674kB
        ->  Hash Join  (cost=92883.59..252141.88 rows=2328240 width=8) (actual time=1752.420..5531.218 rows=531580 loops=1)
              Hash Cond: (mk.movie_id = t.id)
              ->  Seq Scan on movie_keyword mk  (cost=0.00..81003.12 rows=3820754 width=4) (actual time=0.020..1801.235 rows=3814585 loops=1)
                    Filter: (keyword_id < 26633)
                    Rows Removed by Filter: 709345
              ->  Hash  (cost=67604.59..67604.59 rows=1540800 width=4) (actual time=1751.365..1751.365 rows=1543264 loops=1)
                    Buckets: 131072  Batches: 32  Memory Usage: 2728kB
                    ->  Seq Scan on title t  (cost=0.00..67604.59 rows=1540800 width=4) (actual time=0.014..1257.957 rows=1543264 loops=1)
                          Filter: (kind_id = 7)
                          Rows Removed by Filter: 985048
Planning time: 1.218 ms
Execution time: 20392.016 ms
