Hash Join  (cost=100908.38..155590.28 rows=1636 width=0) (actual time=1702.702..2877.542 rows=32262 loops=1)
  Hash Cond: (mc.movie_id = t.id)
  ->  Seq Scan on movie_companies mc  (cost=0.00..44881.29 rows=2609129 width=4) (actual time=0.011..629.309 rows=2609129 loops=1)
  ->  Hash  (cost=100888.56..100888.56 rows=1586 width=8) (actual time=1702.006..1702.006 rows=10161 loops=1)
        Buckets: 16384 (originally 2048)  Batches: 1 (originally 1)  Memory Usage: 525kB
        ->  Hash Join  (cost=73962.22..100888.56 rows=1586 width=8) (actual time=1116.923..1697.945 rows=10161 loops=1)
              Hash Cond: (mi_idx.movie_id = t.id)
              ->  Seq Scan on movie_info_idx mi_idx  (cost=0.00..21735.35 rows=1380035 width=4) (actual time=0.024..288.055 rows=1380035 loops=1)
              ->  Hash  (cost=73925.90..73925.90 rows=2905 width=4) (actual time=1116.573..1116.573 rows=7852 loops=1)
                    Buckets: 8192 (originally 4096)  Batches: 1 (originally 1)  Memory Usage: 341kB
                    ->  Seq Scan on title t  (cost=0.00..73925.90 rows=2905 width=4) (actual time=0.061..1112.449 rows=7852 loops=1)
                          Filter: ((kind_id < 7) AND (production_year = 1986))
                          Rows Removed by Filter: 2520460
Planning time: 1.180 ms
Execution time: 2882.495 ms
