Hash Join  (cost=94811.97..653798.40 rows=7420750 width=0) (actual time=1991.028..16449.289 rows=4579178 loops=1)
  Hash Cond: (mi.movie_id = t.id)
  ->  Seq Scan on movie_info mi  (cost=0.00..309384.22 rows=14739122 width=4) (actual time=0.022..6236.783 rows=14835720 loops=1)
  ->  Hash  (cost=73925.90..73925.90 rows=1273045 width=4) (actual time=1989.863..1989.863 rows=1394954 loops=1)
        Buckets: 131072  Batches: 32  Memory Usage: 2571kB
        ->  Seq Scan on title t  (cost=0.00..73925.90 rows=1273045 width=4) (actual time=0.026..1534.432 rows=1394954 loops=1)
              Filter: ((kind_id > 1) AND (production_year > 1991))
              Rows Removed by Filter: 1133358
Planning time: 0.743 ms
Execution time: 16902.907 ms
