Hash Join  (cost=67697.55..789533.69 rows=12708 width=0) (actual time=7373.407..14762.760 rows=1027 loops=1)
  Hash Cond: (ci.movie_id = t.id)
  ->  Seq Scan on cast_info ci  (cost=0.00..705507.15 rows=4320508 width=4) (actual time=6245.029..12955.407 rows=4323018 loops=1)
        Filter: (role_id = 10)
        Rows Removed by Filter: 31921326
  ->  Hash  (cost=67604.59..67604.59 rows=7437 width=4) (actual time=1127.808..1127.808 rows=2467 loops=1)
        Buckets: 8192  Batches: 1  Memory Usage: 151kB
        ->  Seq Scan on title t  (cost=0.00..67604.59 rows=7437 width=4) (actual time=1.274..1126.446 rows=2467 loops=1)
              Filter: (production_year = 1935)
              Rows Removed by Filter: 2525845
Planning time: 0.687 ms
Execution time: 14763.222 ms
