Seq Scan on movie_keyword mk  (cost=0.00..81003.12 rows=2850986 width=0) (actual time=0.027..1394.648 rows=2839386 loops=1)
  Filter: (keyword_id < 8618)
  Rows Removed by Filter: 1684544
Planning time: 0.388 ms
Execution time: 1747.672 ms
