Seq Scan on movie_keyword mk  (cost=0.00..81003.12 rows=246 width=0) (actual time=127.033..1263.818 rows=30 loops=1)
  Filter: (keyword_id = 1454)
  Rows Removed by Filter: 4523900
Planning time: 0.405 ms
Execution time: 1263.936 ms
