Seq Scan on cast_info ci  (cost=0.00..705507.15 rows=500 width=0) (actual time=1239.750..9024.506 rows=144 loops=1)
  Filter: (person_id = 2601771)
  Rows Removed by Filter: 36244200
Planning time: 0.382 ms
Execution time: 9024.617 ms
