Seq Scan on cast_info ci  (cost=0.00..705507.15 rows=500 width=0) (actual time=698.210..10320.278 rows=50 loops=1)
  Filter: (person_id = 2491546)
  Rows Removed by Filter: 36244294
Planning time: 0.404 ms
Execution time: 10320.390 ms
