Hash Join  (cost=164960.81..1152757.44 rows=6619794 width=0) (actual time=3718.258..31755.789 rows=16572578 loops=1)
  Hash Cond: (ci.movie_id = t.id)
  ->  Seq Scan on cast_info ci  (cost=0.00..705507.15 rows=18381217 width=4) (actual time=0.021..14029.213 rows=18275850 loops=1)
        Filter: (person_id < 1816036)
        Rows Removed by Filter: 17968494
  ->  Hash  (cost=150020.05..150020.05 rows=910621 width=8) (actual time=3717.323..3717.323 rows=1068706 loops=1)
        Buckets: 131072  Batches: 16  Memory Usage: 3646kB
        ->  Hash Join  (cost=94978.31..150020.05 rows=910621 width=8) (actual time=1824.658..3431.479 rows=1068706 loops=1)
              Hash Cond: (mi_idx.movie_id = t.id)
              ->  Seq Scan on movie_info_idx mi_idx  (cost=0.00..21735.35 rows=1380035 width=4) (actual time=0.021..440.165 rows=1380035 loops=1)
              ->  Hash  (cost=67604.59..67604.59 rows=1668458 width=4) (actual time=1823.356..1823.356 rows=1671292 loops=1)
                    Buckets: 131072  Batches: 32  Memory Usage: 2858kB
                    ->  Seq Scan on title t  (cost=0.00..67604.59 rows=1668458 width=4) (actual time=0.024..1280.067 rows=1671292 loops=1)
                          Filter: (production_year < 2008)
                          Rows Removed by Filter: 857020
Planning time: 1.181 ms
Execution time: 33660.791 ms
