Seq Scan on cast_info ci  (cost=0.00..796071.18 rows=3329112 width=0) (actual time=0.018..15084.537 rows=3557230 loops=1)
  Filter: ((person_id > 577479) AND (role_id = 3))
  Rows Removed by Filter: 32687114
Planning time: 0.411 ms
Execution time: 15532.492 ms
