Hash Join  (cost=432373.93..1186265.42 rows=310227 width=0) (actual time=7245.064..26329.870 rows=1920505 loops=1)
  Hash Cond: (ci.movie_id = t.id)
  ->  Seq Scan on cast_info ci  (cost=0.00..614943.12 rows=36225612 width=4) (actual time=0.025..9163.670 rows=36244344 loops=1)
  ->  Hash  (cost=432103.26..432103.26 rows=21654 width=8) (actual time=7244.576..7244.576 rows=33256 loops=1)
        Buckets: 65536 (originally 32768)  Batches: 1 (originally 1)  Memory Usage: 1812kB
        ->  Hash Join  (cost=74148.97..432103.26 rows=21654 width=8) (actual time=3933.542..7232.621 rows=33256 loops=1)
              Hash Cond: (mi.movie_id = t.id)
              ->  Seq Scan on movie_info mi  (cost=0.00..346232.03 rows=3068194 width=4) (actual time=1787.205..5556.979 rows=3036719 loops=1)
                    Filter: (info_type_id = 16)
                    Rows Removed by Filter: 11799001
              ->  Hash  (cost=73925.90..73925.90 rows=17845 width=4) (actual time=1105.970..1105.970 rows=10782 loops=1)
                    Buckets: 32768  Batches: 1  Memory Usage: 636kB
                    ->  Seq Scan on title t  (cost=0.00..73925.90 rows=17845 width=4) (actual time=159.117..1101.295 rows=10782 loops=1)
                          Filter: ((kind_id < 2) AND (production_year = 2003))
                          Rows Removed by Filter: 2517530
Planning time: 1.202 ms
Execution time: 26582.604 ms
