Nested Loop  (cost=0.43..83072.29 rows=1 width=0) (actual time=324.143..2050.424 rows=6 loops=1)
  ->  Seq Scan on movie_keyword mk  (cost=0.00..81003.12 rows=246 width=4) (actual time=1.287..1089.412 rows=2382 loops=1)
        Filter: (keyword_id = 927)
        Rows Removed by Filter: 4521548
  ->  Index Scan using title_pkey on title t  (cost=0.43..8.40 rows=1 width=4) (actual time=0.403..0.403 rows=0 loops=2382)
        Index Cond: (id = mk.movie_id)
        Filter: (production_year = 1969)
        Rows Removed by Filter: 1
Planning time: 0.828 ms
Execution time: 2050.557 ms
