Hash Join  (cost=157604.64..628164.30 rows=1336447 width=0) (actual time=4560.908..19208.354 rows=14215587 loops=1)
  Hash Cond: (mi.movie_id = t.id)
  ->  Seq Scan on movie_info mi  (cost=0.00..346232.03 rows=9476311 width=4) (actual time=705.434..6679.389 rows=9565151 loops=1)
        Filter: (info_type_id < 16)
        Rows Removed by Filter: 5270569
  ->  Hash  (cost=151754.15..151754.15 rows=356599 width=8) (actual time=3849.172..3849.172 rows=903390 loops=1)
        Buckets: 131072 (originally 131072)  Batches: 16 (originally 8)  Memory Usage: 3266kB
        ->  Hash Join  (cost=78556.72..151754.15 rows=356599 width=8) (actual time=1467.555..3550.717 rows=903390 loops=1)
              Hash Cond: (mc.movie_id = t.id)
              ->  Seq Scan on movie_companies mc  (cost=0.00..51404.11 rows=1350753 width=4) (actual time=0.028..958.311 rows=1359783 loops=1)
                    Filter: (company_id > 11149)
                    Rows Removed by Filter: 1249346
              ->  Hash  (cost=67604.59..67604.59 rows=667531 width=4) (actual time=1466.752..1466.752 rows=662825 loops=1)
                    Buckets: 131072  Batches: 16  Memory Usage: 2476kB
                    ->  Seq Scan on title t  (cost=0.00..67604.59 rows=667531 width=4) (actual time=17.198..1260.595 rows=662825 loops=1)
                          Filter: (kind_id = 1)
                          Rows Removed by Filter: 1865487
Planning time: 1.160 ms
Execution time: 20864.384 ms
