Hash Join  (cost=190230.21..1268253.33 rows=8868384 width=0) (actual time=4450.756..31255.418 rows=13661476 loops=1)
  Hash Cond: (ci.movie_id = t.id)
  ->  Seq Scan on cast_info ci  (cost=0.00..796071.18 rows=16248826 width=4) (actual time=0.033..16484.666 rows=12404710 loops=1)
        Filter: ((person_id < 2585152) AND (role_id > 1))
        Rows Removed by Filter: 23839634
  ->  Hash  (cost=167588.78..167588.78 rows=1380035 width=8) (actual time=4449.085..4449.085 rows=1380035 loops=1)
        Buckets: 131072  Batches: 32  Memory Usage: 2708kB
        ->  Hash Join  (cost=102767.86..167588.78 rows=1380035 width=8) (actual time=2012.649..4050.882 rows=1380035 loops=1)
              Hash Cond: (mi_idx.movie_id = t.id)
              ->  Seq Scan on movie_info_idx mi_idx  (cost=0.00..21735.35 rows=1380035 width=4) (actual time=0.022..515.557 rows=1380035 loops=1)
              ->  Hash  (cost=61283.27..61283.27 rows=2528527 width=4) (actual time=2011.507..2011.507 rows=2528312 loops=1)
                    Buckets: 131072  Batches: 64  Memory Usage: 2415kB
                    ->  Seq Scan on title t  (cost=0.00..61283.27 rows=2528527 width=4) (actual time=0.020..1168.118 rows=2528312 loops=1)
Planning time: 1.221 ms
Execution time: 32814.164 ms
