Seq Scan on movie_keyword mk  (cost=0.00..81003.12 rows=4438448 width=0) (actual time=0.020..1540.094 rows=4440453 loops=1)
  Filter: (keyword_id < 86731)
  Rows Removed by Filter: 83477
Planning time: 0.306 ms
Execution time: 2084.992 ms
