Hash Join  (cost=90547.80..1273455.14 rows=14514617 width=0) (actual time=1636.831..37814.834 rows=12636022 loops=1)
  Hash Cond: (ci.movie_id = t.id)
  ->  Seq Scan on cast_info ci  (cost=0.00..614943.12 rows=36225612 width=4) (actual time=0.023..12725.827 rows=36244344 loops=1)
  ->  Hash  (cost=73925.90..73925.90 rows=1013112 width=4) (actual time=1635.725..1635.725 rows=946533 loops=1)
        Buckets: 131072  Batches: 16  Memory Usage: 3108kB
        ->  Seq Scan on title t  (cost=0.00..73925.90 rows=1013112 width=4) (actual time=0.013..1326.379 rows=946533 loops=1)
              Filter: ((kind_id > 2) AND (production_year < 2006))
              Rows Removed by Filter: 1581779
Planning time: 0.776 ms
Execution time: 39275.925 ms
