Hash Join  (cost=73974.47..168892.59 rows=5678 width=0) (actual time=973.188..3091.607 rows=9370 loops=1)
  Hash Cond: (mk.movie_id = t.id)
  ->  Seq Scan on movie_keyword mk  (cost=0.00..81003.12 rows=3695524 width=4) (actual time=0.011..1558.963 rows=3686708 loops=1)
        Filter: (keyword_id < 21996)
        Rows Removed by Filter: 837222
  ->  Hash  (cost=73925.90..73925.90 rows=3885 width=4) (actual time=972.505..972.505 rows=3892 loops=1)
        Buckets: 4096  Batches: 1  Memory Usage: 169kB
        ->  Seq Scan on title t  (cost=0.00..73925.90 rows=3885 width=4) (actual time=2.923..970.677 rows=3892 loops=1)
              Filter: ((kind_id = 3) AND (production_year = 2005))
              Rows Removed by Filter: 2524420
Planning time: 0.776 ms
Execution time: 3093.108 ms
