Seq Scan on title t  (cost=0.00..73925.90 rows=673730 width=0) (actual time=0.026..960.640 rows=553777 loops=1)
  Filter: ((kind_id < 4) AND (production_year > 1977))
  Rows Removed by Filter: 1974535
Planning time: 0.342 ms
Execution time: 1018.428 ms
