Seq Scan on title t  (cost=0.00..73925.90 rows=358888 width=0) (actual time=0.110..1119.174 rows=447524 loops=1)
  Filter: ((kind_id < 3) AND (production_year < 2003))
  Rows Removed by Filter: 2080788
Planning time: 0.344 ms
Execution time: 1177.879 ms
