Hash Join  (cost=213762.27..256109.03 rows=271228 width=0) (actual time=4396.638..5799.124 rows=1153138 loops=1)
  Hash Cond: (mi_idx.movie_id = t.id)
  ->  Seq Scan on movie_info_idx mi_idx  (cost=0.00..21735.35 rows=1380035 width=4) (actual time=0.022..436.926 rows=1380035 loops=1)
  ->  Hash  (cost=205608.40..205608.40 rows=496949 width=8) (actual time=4395.724..4395.724 rows=490736 loops=1)
        Buckets: 131072  Batches: 8  Memory Usage: 3448kB
        ->  Hash Join  (cost=102767.86..205608.40 rows=496949 width=8) (actual time=1933.930..4242.285 rows=490736 loops=1)
              Hash Cond: (mk.movie_id = t.id)
              ->  Seq Scan on movie_keyword mk  (cost=0.00..81003.12 rows=496949 width=4) (actual time=0.021..1470.548 rows=490736 loops=1)
                    Filter: (keyword_id > 36672)
                    Rows Removed by Filter: 4033194
              ->  Hash  (cost=61283.27..61283.27 rows=2528527 width=4) (actual time=1931.798..1931.798 rows=2528312 loops=1)
                    Buckets: 131072  Batches: 64  Memory Usage: 2425kB
                    ->  Seq Scan on title t  (cost=0.00..61283.27 rows=2528527 width=4) (actual time=0.018..1073.493 rows=2528312 loops=1)
Planning time: 1.448 ms
Execution time: 5943.748 ms
