Hash Join  (cost=75238.98..106262.03 rows=14711 width=0) (actual time=1182.875..1902.635 rows=34762 loops=1)
  Hash Cond: (mi_idx.movie_id = t.id)
  ->  Seq Scan on movie_info_idx mi_idx  (cost=0.00..25185.44 rows=464934 width=4) (actual time=0.026..466.039 rows=460185 loops=1)
        Filter: (info_type_id > 100)
        Rows Removed by Filter: 919850
  ->  Hash  (cost=73925.90..73925.90 rows=80006 width=4) (actual time=1182.174..1182.174 rows=180389 loops=1)
        Buckets: 131072 (originally 131072)  Batches: 4 (originally 2)  Memory Usage: 3073kB
        ->  Seq Scan on title t  (cost=0.00..73925.90 rows=80006 width=4) (actual time=0.127..1114.185 rows=180389 loops=1)
              Filter: ((kind_id < 7) AND (production_year < 1956))
              Rows Removed by Filter: 2347923
Planning time: 0.772 ms
Execution time: 1907.743 ms
