Seq Scan on movie_keyword mk  (cost=0.00..81003.12 rows=2315210 width=0) (actual time=0.023..1441.981 rows=2317695 loops=1)
  Filter: (keyword_id < 5037)
  Rows Removed by Filter: 2206235
Planning time: 0.300 ms
Execution time: 1731.703 ms
