Hash Join  (cost=150036.68..1220455.83 rows=3564399 width=0) (actual time=3179.890..37936.289 rows=15570938 loops=1)
  Hash Cond: (ci.movie_id = t.id)
  ->  Seq Scan on cast_info ci  (cost=0.00..614943.12 rows=36225612 width=4) (actual time=0.013..13190.229 rows=36244344 loops=1)
  ->  Hash  (cost=145954.76..145954.76 rows=248793 width=8) (actual time=3179.075..3179.075 rows=570299 loops=1)
        Buckets: 131072 (originally 131072)  Batches: 8 (originally 4)  Memory Usage: 3828kB
        ->  Hash Join  (cost=78556.72..145954.76 rows=248793 width=8) (actual time=1310.998..2993.386 rows=570299 loops=1)
              Hash Cond: (mc.movie_id = t.id)
              ->  Seq Scan on movie_companies mc  (cost=0.00..51404.11 rows=942399 width=4) (actual time=0.022..934.963 rows=951725 loops=1)
                    Filter: (company_id > 18542)
                    Rows Removed by Filter: 1657404
              ->  Hash  (cost=67604.59..67604.59 rows=667531 width=4) (actual time=1310.008..1310.008 rows=662825 loops=1)
                    Buckets: 131072  Batches: 16  Memory Usage: 2476kB
                    ->  Seq Scan on title t  (cost=0.00..67604.59 rows=667531 width=4) (actual time=0.017..1105.985 rows=662825 loops=1)
                          Filter: (kind_id = 1)
                          Rows Removed by Filter: 1865487
Planning time: 1.216 ms
Execution time: 39501.886 ms
