Hash Join  (cost=102767.86..915054.83 rows=263372 width=0) (actual time=12187.532..13085.638 rows=167 loops=1)
  Hash Cond: (ci.movie_id = t.id)
  ->  Seq Scan on cast_info ci  (cost=0.00..796071.18 rows=263372 width=4) (actual time=10219.800..10701.302 rows=167 loops=1)
        Filter: ((person_id < 123239) AND (role_id = 2))
        Rows Removed by Filter: 36244177
  ->  Hash  (cost=61283.27..61283.27 rows=2528527 width=4) (actual time=1941.291..1941.291 rows=2528312 loops=1)
        Buckets: 131072  Batches: 64  Memory Usage: 2415kB
        ->  Seq Scan on title t  (cost=0.00..61283.27 rows=2528527 width=4) (actual time=0.012..1107.120 rows=2528312 loops=1)
Planning time: 0.834 ms
Execution time: 13085.816 ms
