Hash Join  (cost=83891.93..152486.47 rows=254881 width=0) (actual time=1429.154..3137.550 rows=442927 loops=1)
  Hash Cond: (mc.movie_id = t.id)
  ->  Seq Scan on movie_companies mc  (cost=0.00..51404.11 rows=1060965 width=4) (actual time=0.016..906.187 rows=1059259 loops=1)
        Filter: (company_id < 6270)
        Rows Removed by Filter: 1549870
  ->  Hash  (cost=73925.90..73925.90 rows=607442 width=4) (actual time=1428.340..1428.340 rows=675690 loops=1)
        Buckets: 131072  Batches: 8  Memory Usage: 4012kB
        ->  Seq Scan on title t  (cost=0.00..73925.90 rows=607442 width=4) (actual time=0.015..1224.195 rows=675690 loops=1)
              Filter: ((kind_id < 7) AND (production_year < 2007))
              Rows Removed by Filter: 1852622
Planning time: 0.915 ms
Execution time: 3194.724 ms
