Seq Scan on cast_info ci  (cost=0.00..705507.15 rows=22973376 width=0) (actual time=0.025..12397.822 rows=22852846 loops=1)
  Filter: (person_id < 2333733)
  Rows Removed by Filter: 13391498
Planning time: 0.368 ms
Execution time: 15231.503 ms
