Hash Join  (cost=102196.93..189397.05 rows=54208 width=0) (actual time=1963.231..3401.918 rows=66917 loops=1)
  Hash Cond: (mk.movie_id = t.id)
  ->  Seq Scan on movie_keyword mk  (cost=0.00..69693.30 rows=4523930 width=4) (actual time=0.018..741.034 rows=4523930 loops=1)
  ->  Hash  (cost=101818.21..101818.21 rows=30298 width=8) (actual time=1962.901..1962.901 rows=18224 loops=1)
        Buckets: 32768  Batches: 1  Memory Usage: 968kB
        ->  Hash Join  (cost=70308.29..101818.21 rows=30298 width=8) (actual time=1205.180..1955.025 rows=18224 loops=1)
              Hash Cond: (mi_idx.movie_id = t.id)
              ->  Seq Scan on movie_info_idx mi_idx  (cost=0.00..25185.44 rows=464934 width=4) (actual time=0.021..517.285 rows=460185 loops=1)
                    Filter: (info_type_id > 100)
                    Rows Removed by Filter: 919850
              ->  Hash  (cost=67604.59..67604.59 rows=164776 width=4) (actual time=1204.345..1204.345 rows=164307 loops=1)
                    Buckets: 131072  Batches: 4  Memory Usage: 2482kB
                    ->  Seq Scan on title t  (cost=0.00..67604.59 rows=164776 width=4) (actual time=0.020..1147.127 rows=164307 loops=1)
                          Filter: (production_year = 2012)
                          Rows Removed by Filter: 2364005
Planning time: 1.170 ms
Execution time: 3409.479 ms
