Hash Join  (cost=88359.31..231896.36 rows=1739297 width=0) (actual time=1747.547..6144.889 rows=2229668 loops=1)
  Hash Cond: (mk.movie_id = t.id)
  ->  Seq Scan on movie_keyword mk  (cost=0.00..81003.12 rows=3476520 width=4) (actual time=0.014..1773.132 rows=3472791 loops=1)
        Filter: (keyword_id > 1046)
        Rows Removed by Filter: 1051139
  ->  Hash  (cost=67604.59..67604.59 rows=1265018 width=4) (actual time=1746.825..1746.825 rows=1263700 loops=1)
        Buckets: 131072  Batches: 32  Memory Usage: 2418kB
        ->  Seq Scan on title t  (cost=0.00..67604.59 rows=1265018 width=4) (actual time=0.017..1313.647 rows=1263700 loops=1)
              Filter: (production_year < 2004)
              Rows Removed by Filter: 1264612
Planning time: 0.814 ms
Execution time: 6417.494 ms
