Hash Join  (cost=547998.01..656593.83 rows=2196789 width=0) (actual time=10849.639..18340.559 rows=20943153 loops=1)
  Hash Cond: (mc.movie_id = t.id)
  ->  Seq Scan on movie_companies mc  (cost=0.00..44881.29 rows=2609129 width=4) (actual time=0.016..942.602 rows=2609129 loops=1)
  ->  Hash  (cost=513069.45..513069.45 rows=2128925 width=8) (actual time=10848.399..10848.399 rows=2223494 loops=1)
        Buckets: 131072  Batches: 32  Memory Usage: 3584kB
        ->  Hash Join  (cost=107847.09..513069.45 rows=2128925 width=8) (actual time=2736.353..10184.164 rows=2223494 loops=1)
              Hash Cond: (mi.movie_id = t.id)
              ->  Seq Scan on movie_info mi  (cost=0.00..346232.03 rows=2194617 width=4) (actual time=477.909..5557.989 rows=2233850 loops=1)
                    Filter: (info_type_id > 16)
                    Rows Removed by Filter: 12601870
              ->  Hash  (cost=67604.59..67604.59 rows=2452840 width=4) (actual time=2240.601..2240.601 rows=2453873 loops=1)
                    Buckets: 131072  Batches: 64  Memory Usage: 2383kB
                    ->  Seq Scan on title t  (cost=0.00..67604.59 rows=2452840 width=4) (actual time=0.026..1396.895 rows=2453873 loops=1)
                          Filter: (production_year > 1897)
                          Rows Removed by Filter: 74439
Planning time: 1.240 ms
Execution time: 20680.801 ms
