Seq Scan on movie_companies mc  (cost=0.00..57926.93 rows=51 width=0) (actual time=479.268..890.240 rows=95 loops=1)
  Filter: ((company_id = 16798) AND (company_type_id = 1))
  Rows Removed by Filter: 2609034
Planning time: 0.288 ms
Execution time: 890.388 ms
