Seq Scan on movie_companies mc  (cost=0.00..57926.93 rows=522647 width=0) (actual time=0.017..933.504 rows=234187 loops=1)
  Filter: ((company_id > 14420) AND (company_type_id < 2))
  Rows Removed by Filter: 2374942
Planning time: 0.343 ms
Execution time: 963.322 ms
