Seq Scan on movie_keyword mk  (cost=0.00..81003.12 rows=3065086 width=0) (actual time=0.023..1514.381 rows=3054776 loops=1)
  Filter: (keyword_id < 11226)
  Rows Removed by Filter: 1469154
Planning time: 0.329 ms
Execution time: 1900.751 ms
