Seq Scan on cast_info ci  (cost=0.00..705507.15 rows=16073626 width=0) (actual time=1.301..11910.627 rows=15968895 loops=1)
  Filter: (person_id < 1578614)
  Rows Removed by Filter: 20275449
Planning time: 0.360 ms
Execution time: 13824.176 ms
