Hash Join  (cost=83810.17..951745.75 rows=1717334 width=0) (actual time=5229.482..20535.927 rows=1532681 loops=1)
  Hash Cond: (ci.movie_id = t.id)
  ->  Seq Scan on cast_info ci  (cost=0.00..796071.18 rows=4396282 width=4) (actual time=3652.415..16253.367 rows=4553025 loops=1)
        Filter: ((person_id > 202945) AND (role_id > 9))
        Rows Removed by Filter: 31691319
  ->  Hash  (cost=67604.59..67604.59 rows=987727 width=4) (actual time=1576.356..1576.356 rows=985048 loops=1)
        Buckets: 131072  Batches: 16  Memory Usage: 3188kB
        ->  Seq Scan on title t  (cost=0.00..67604.59 rows=987727 width=4) (actual time=0.023..1270.155 rows=985048 loops=1)
              Filter: (kind_id < 7)
              Rows Removed by Filter: 1543264
Planning time: 1.206 ms
Execution time: 20717.607 ms
