Seq Scan on movie_keyword mk  (cost=0.00..81003.12 rows=3763379 width=0) (actual time=0.013..1356.822 rows=3762572 loops=1)
  Filter: (keyword_id > 712)
  Rows Removed by Filter: 761358
Planning time: 0.350 ms
Execution time: 1753.269 ms
