Hash Join  (cost=217537.53..300984.02 rows=609096 width=0) (actual time=4511.378..7519.183 rows=3602005 loops=1)
  Hash Cond: (mc.movie_id = t.id)
  ->  Seq Scan on movie_companies mc  (cost=0.00..44881.29 rows=2609129 width=4) (actual time=0.025..973.641 rows=2609129 loops=1)
  ->  Hash  (cost=207853.03..207853.03 rows=590280 width=8) (actual time=4510.580..4510.580 rows=597043 loops=1)
        Buckets: 131072  Batches: 8  Memory Usage: 3976kB
        ->  Hash Join  (cost=102767.86..207853.03 rows=590280 width=8) (actual time=1998.824..4341.310 rows=597043 loops=1)
              Hash Cond: (mk.movie_id = t.id)
              ->  Seq Scan on movie_keyword mk  (cost=0.00..81003.12 rows=590280 width=4) (actual time=0.016..1465.404 rows=597043 loops=1)
                    Filter: (keyword_id < 438)
                    Rows Removed by Filter: 3926887
              ->  Hash  (cost=61283.27..61283.27 rows=2528527 width=4) (actual time=1997.860..1997.860 rows=2528312 loops=1)
                    Buckets: 131072  Batches: 64  Memory Usage: 2425kB
                    ->  Seq Scan on title t  (cost=0.00..61283.27 rows=2528527 width=4) (actual time=0.020..1123.864 rows=2528312 loops=1)
Planning time: 1.151 ms
Execution time: 7896.606 ms
