Seq Scan on movie_keyword mk  (cost=0.00..81003.12 rows=2061480 width=0) (actual time=0.020..1441.938 rows=2062930 loops=1)
  Filter: (keyword_id > 5899)
  Rows Removed by Filter: 2461000
Planning time: 0.325 ms
Execution time: 1701.983 ms
