Seq Scan on cast_info ci  (cost=0.00..705507.15 rows=22786470 width=0) (actual time=0.011..12934.126 rows=22659083 loops=1)
  Filter: (person_id < 2312657)
  Rows Removed by Filter: 13585261
Planning time: 0.335 ms
Execution time: 15735.384 ms
