Hash Join  (cost=70965.72..563511.36 rows=1193871 width=0) (actual time=1128.971..15285.514 rows=2271194 loops=1)
  Hash Cond: (mi.movie_id = t.id)
  ->  Seq Scan on movie_info mi  (cost=0.00..309384.22 rows=14739122 width=4) (actual time=0.011..6390.180 rows=14835720 loops=1)
  ->  Hash  (cost=67604.59..67604.59 rows=204811 width=4) (actual time=1128.273..1128.273 rows=202996 loops=1)
        Buckets: 131072  Batches: 4  Memory Usage: 2814kB
        ->  Seq Scan on title t  (cost=0.00..67604.59 rows=204811 width=4) (actual time=0.050..1058.512 rows=202996 loops=1)
              Filter: (production_year < 1956)
              Rows Removed by Filter: 2325316
Planning time: 0.772 ms
Execution time: 15564.588 ms
