Hash Join  (cost=70211.59..204174.21 rows=171759 width=106) (actual time=1250.505..4142.659 rows=175199 loops=1)
  Hash Cond: (mk.movie_id = t.id)
  ->  Seq Scan on movie_keyword mk  (cost=0.00..69693.30 rows=4523930 width=12) (actual time=0.022..1008.501 rows=4523930 loops=1)
  ->  Hash  (cost=67604.59..67604.59 rows=96000 width=94) (actual time=1249.625..1249.625 rows=95005 loops=1)
        Buckets: 32768  Batches: 4  Memory Usage: 2913kB
        ->  Seq Scan on title t  (cost=0.00..67604.59 rows=96000 width=94) (actual time=0.020..1192.006 rows=95005 loops=1)
              Filter: (production_year = 2005)
              Rows Removed by Filter: 2433307
Planning time: 0.978 ms
Execution time: 4153.412 ms
