Hash Join  (cost=89762.59..905622.95 rows=458568 width=0) (actual time=2761.646..14617.045 rows=479378 loops=1)
  Hash Cond: (ci.movie_id = t.id)
  ->  Seq Scan on cast_info ci  (cost=0.00..796071.18 rows=858533 width=4) (actual time=1099.483..11975.356 rows=870070 loops=1)
        Filter: ((person_id < 99775) AND (role_id < 8))
        Rows Removed by Filter: 35374274
  ->  Hash  (cost=67604.59..67604.59 rows=1350560 width=4) (actual time=1661.179..1661.179 rows=1348293 loops=1)
        Buckets: 131072  Batches: 32  Memory Usage: 2505kB
        ->  Seq Scan on title t  (cost=0.00..67604.59 rows=1350560 width=4) (actual time=0.044..1228.689 rows=1348293 loops=1)
              Filter: (production_year < 2005)
              Rows Removed by Filter: 1180019
Planning time: 6.308 ms
Execution time: 14690.596 ms
