Seq Scan on movie_keyword mk  (cost=0.00..81003.12 rows=1960585 width=0) (actual time=0.017..1470.214 rows=1964762 loops=1)
  Filter: (keyword_id > 6450)
  Rows Removed by Filter: 2559168
Planning time: 0.329 ms
Execution time: 1714.168 ms
