Hash Join  (cost=477978.59..595863.51 rows=486985 width=0) (actual time=8511.783..15008.635 rows=19339052 loops=1)
  Hash Cond: (mk.movie_id = t.id)
  ->  Seq Scan on movie_keyword mk  (cost=0.00..81003.12 rows=2609051 width=4) (actual time=0.024..1616.580 rows=2592120 loops=1)
        Filter: (keyword_id > 3316)
        Rows Removed by Filter: 1931810
  ->  Hash  (cost=470235.15..470235.15 rows=471955 width=8) (actual time=8510.816..8510.816 rows=543367 loops=1)
        Buckets: 131072  Batches: 8  Memory Usage: 3737kB
        ->  Hash Join  (cost=102767.86..470235.15 rows=471955 width=8) (actual time=3260.331..8365.696 rows=543367 loops=1)
              Hash Cond: (mi.movie_id = t.id)
              ->  Seq Scan on movie_info mi  (cost=0.00..346232.03 rows=471955 width=4) (actual time=1275.832..5583.072 rows=543367 loops=1)
                    Filter: (info_type_id > 98)
                    Rows Removed by Filter: 14292353
              ->  Hash  (cost=61283.27..61283.27 rows=2528527 width=4) (actual time=1981.940..1981.940 rows=2528312 loops=1)
                    Buckets: 131072  Batches: 64  Memory Usage: 2425kB
                    ->  Seq Scan on title t  (cost=0.00..61283.27 rows=2528527 width=4) (actual time=0.022..1116.302 rows=2528312 loops=1)
Planning time: 1.157 ms
Execution time: 16970.642 ms
