Hash Join  (cost=74710.74..132766.51 rows=800 width=0) (actual time=5245.922..5664.461 rows=1 loops=1)
  Hash Cond: (mc.movie_id = t.id)
  ->  Seq Scan on movie_companies mc  (cost=0.00..57926.93 rows=32221 width=4) (actual time=1.433..2598.821 rows=6578 loops=1)
        Filter: ((company_type_id > 1) AND (company_id = 6))
        Rows Removed by Filter: 2602551
  ->  Hash  (cost=73925.90..73925.90 rows=62787 width=4) (actual time=3045.048..3045.048 rows=53770 loops=1)
        Buckets: 65536  Batches: 1  Memory Usage: 2403kB
        ->  Seq Scan on title t  (cost=0.00..73925.90 rows=62787 width=4) (actual time=0.032..3023.695 rows=53770 loops=1)
              Filter: ((kind_id < 7) AND (production_year = 2011))
              Rows Removed by Filter: 2474542
Planning time: 0.529 ms
Execution time: 5664.677 ms
