Hash Join  (cost=102767.86..258448.51 rows=2692894 width=0) (actual time=1992.295..6261.033 rows=2683318 loops=1)
  Hash Cond: (mk.movie_id = t.id)
  ->  Seq Scan on movie_keyword mk  (cost=0.00..81003.12 rows=2692894 width=4) (actual time=0.015..1715.415 rows=2683318 loops=1)
        Filter: (keyword_id > 3040)
        Rows Removed by Filter: 1840612
  ->  Hash  (cost=61283.27..61283.27 rows=2528527 width=4) (actual time=1989.844..1989.844 rows=2528312 loops=1)
        Buckets: 131072  Batches: 64  Memory Usage: 2425kB
        ->  Seq Scan on title t  (cost=0.00..61283.27 rows=2528527 width=4) (actual time=0.018..1107.207 rows=2528312 loops=1)
Planning time: 0.808 ms
Execution time: 6611.075 ms
