Hash Join  (cost=297025.42..980205.86 rows=15606771 width=0) (actual time=15865.993..51386.203 rows=13437931 loops=1)
  Hash Cond: (mi.movie_id = t.id)
  ->  Seq Scan on movie_info mi  (cost=0.00..309384.22 rows=14739122 width=4) (actual time=0.019..21427.220 rows=14835720 loops=1)
  ->  Hash  (cost=253099.24..253099.24 rows=2677374 width=8) (actual time=15849.726..15849.726 rows=1177386 loops=1)
        Buckets: 131072  Batches: 64  Memory Usage: 1734kB
        ->  Hash Join  (cost=98477.47..253099.24 rows=2677374 width=8) (actual time=5951.444..15450.467 rows=1177386 loops=1)
              Hash Cond: (mk.movie_id = t.id)
              ->  Seq Scan on movie_keyword mk  (cost=0.00..69693.30 rows=4523930 width=4) (actual time=0.018..4667.207 rows=4523930 loops=1)
              ->  Hash  (cost=73925.90..73925.90 rows=1496445 width=4) (actual time=5948.600..5948.600 rows=1590876 loops=1)
                    Buckets: 131072  Batches: 32  Memory Usage: 2783kB
                    ->  Seq Scan on title t  (cost=0.00..73925.90 rows=1496445 width=4) (actual time=0.017..5136.234 rows=1590876 loops=1)
                          Filter: ((kind_id > 3) AND (production_year > 1954))
                          Rows Removed by Filter: 937436
Planning time: 1.196 ms
Execution time: 53265.863 ms
