Hash Join  (cost=83074.20..110003.42 rows=28 width=0) (actual time=1461.784..2027.260 rows=1740 loops=1)
  Hash Cond: (mi_idx.movie_id = t.id)
  ->  Seq Scan on movie_info_idx mi_idx  (cost=0.00..25185.44 rows=464934 width=4) (actual time=0.019..480.771 rows=460185 loops=1)
        Filter: (info_type_id > 100)
        Rows Removed by Filter: 919850
  ->  Hash  (cost=83072.29..83072.29 rows=153 width=8) (actual time=1461.683..1461.683 rows=2001 loops=1)
        Buckets: 2048 (originally 1024)  Batches: 1 (originally 1)  Memory Usage: 95kB
        ->  Nested Loop  (cost=0.43..83072.29 rows=153 width=8) (actual time=0.065..1458.058 rows=2001 loops=1)
              ->  Seq Scan on movie_keyword mk  (cost=0.00..81003.12 rows=246 width=4) (actual time=0.016..1307.947 rows=3551 loops=1)
                    Filter: (keyword_id = 7105)
                    Rows Removed by Filter: 4520379
              ->  Index Scan using title_pkey on title t  (cost=0.43..8.40 rows=1 width=4) (actual time=0.041..0.041 rows=1 loops=3551)
                    Index Cond: (id = mk.movie_id)
                    Filter: (production_year > 1996)
                    Rows Removed by Filter: 0
Planning time: 1.241 ms
Execution time: 2027.747 ms
