Hash Join  (cost=126447.10..879871.67 rows=263541 width=0) (actual time=2264.957..21771.413 rows=412357 loops=1)
  Hash Cond: (ci.movie_id = t.id)
  ->  Seq Scan on cast_info ci  (cost=0.00..614943.12 rows=36225612 width=4) (actual time=0.018..9401.853 rows=36244344 loops=1)
  ->  Hash  (cost=126217.16..126217.16 rows=18395 width=8) (actual time=2264.693..2264.693 rows=25180 loops=1)
        Buckets: 32768  Batches: 1  Memory Usage: 1240kB
        ->  Hash Join  (cost=69484.36..126217.16 rows=18395 width=8) (actual time=1283.884..2255.939 rows=25180 loops=1)
              Hash Cond: (mc.movie_id = t.id)
              ->  Seq Scan on movie_companies mc  (cost=0.00..51404.11 rows=406063 width=4) (actual time=24.111..928.979 rows=409761 loops=1)
                    Filter: (company_id > 81089)
                    Rows Removed by Filter: 2199368
              ->  Hash  (cost=67604.59..67604.59 rows=114542 width=4) (actual time=1156.954..1156.954 rows=118234 loops=1)
                    Buckets: 131072  Batches: 2  Memory Usage: 3101kB
                    ->  Seq Scan on title t  (cost=0.00..67604.59 rows=114542 width=4) (actual time=215.410..1117.210 rows=118234 loops=1)
                          Filter: (kind_id = 4)
                          Rows Removed by Filter: 2410078
Planning time: 1.888 ms
Execution time: 21837.386 ms
