Hash Join  (cost=86275.83..1230859.57 rows=10783957 width=0) (actual time=1457.992..34660.745 rows=10854618 loops=1)
  Hash Cond: (ci.movie_id = t.id)
  ->  Seq Scan on cast_info ci  (cost=0.00..614943.12 rows=36225612 width=4) (actual time=0.018..13350.570 rows=36244344 loops=1)
  ->  Hash  (cost=73925.90..73925.90 rows=752714 width=4) (actual time=1456.898..1456.898 rows=657199 loops=1)
        Buckets: 131072  Batches: 16  Memory Usage: 2469kB
        ->  Seq Scan on title t  (cost=0.00..73925.90 rows=752714 width=4) (actual time=0.021..1246.543 rows=657199 loops=1)
              Filter: ((kind_id < 7) AND (production_year > 1981))
              Rows Removed by Filter: 1871113
Planning time: 0.750 ms
Execution time: 35884.539 ms
