Hash Join  (cost=67697.55..819552.20 rows=106548 width=0) (actual time=3153.942..50073.212 rows=210679 loops=1)
  Hash Cond: (ci.movie_id = t.id)
  ->  Seq Scan on cast_info ci  (cost=0.00..614943.12 rows=36225612 width=4) (actual time=0.019..33628.466 rows=36244344 loops=1)
  ->  Hash  (cost=67604.59..67604.59 rows=7437 width=4) (actual time=3153.701..3153.701 rows=14779 loops=1)
        Buckets: 16384 (originally 8192)  Batches: 1 (originally 1)  Memory Usage: 648kB
        ->  Seq Scan on title t  (cost=0.00..67604.59 rows=7437 width=4) (actual time=0.064..3146.074 rows=14779 loops=1)
              Filter: (production_year = 1980)
              Rows Removed by Filter: 2513533
Planning time: 3.535 ms
Execution time: 50113.866 ms
