Hash Join  (cost=83073.84..137740.13 rows=77 width=0) (actual time=5131.866..7054.225 rows=9 loops=1)
  Hash Cond: (mc.movie_id = t.id)
  ->  Seq Scan on movie_companies mc  (cost=0.00..44881.29 rows=2609129 width=4) (actual time=0.026..2693.002 rows=2609129 loops=1)
  ->  Hash  (cost=83072.90..83072.90 rows=75 width=8) (actual time=3814.621..3814.621 rows=6 loops=1)
        Buckets: 1024  Batches: 1  Memory Usage: 9kB
        ->  Nested Loop  (cost=0.43..83072.90 rows=75 width=8) (actual time=1123.168..3814.588 rows=6 loops=1)
              ->  Seq Scan on movie_keyword mk  (cost=0.00..81003.12 rows=246 width=4) (actual time=0.409..3786.389 rows=143 loops=1)
                    Filter: (keyword_id = 10486)
                    Rows Removed by Filter: 4523787
              ->  Index Scan using title_pkey on title t  (cost=0.43..8.40 rows=1 width=4) (actual time=0.193..0.193 rows=0 loops=143)
                    Index Cond: (id = mk.movie_id)
                    Filter: ((production_year < 2004) AND (kind_id = 7))
                    Rows Removed by Filter: 1
Planning time: 10.332 ms
Execution time: 7054.382 ms
