Seq Scan on cast_info ci  (cost=0.00..796071.18 rows=176 width=0) (actual time=24964.866..31861.598 rows=340 loops=1)
  Filter: ((person_id = 1313805) AND (role_id = 1))
  Rows Removed by Filter: 36244004
Planning time: 0.379 ms
Execution time: 31861.760 ms
