Hash Join  (cost=74827.07..102131.02 rows=39347 width=0) (actual time=3617.733..5878.428 rows=128120 loops=1)
  Hash Cond: (mi_idx.movie_id = t.id)
  ->  Seq Scan on movie_info_idx mi_idx  (cost=0.00..21735.35 rows=1380035 width=4) (actual time=0.014..1142.664 rows=1380035 loops=1)
  ->  Hash  (cost=73925.90..73925.90 rows=72093 width=4) (actual time=3616.953..3616.953 rows=198946 loops=1)
        Buckets: 131072 (originally 131072)  Batches: 4 (originally 1)  Memory Usage: 3073kB
        ->  Seq Scan on title t  (cost=0.00..73925.90 rows=72093 width=4) (actual time=1307.358..3503.523 rows=198946 loops=1)
              Filter: ((production_year < 1963) AND (kind_id = 1))
              Rows Removed by Filter: 2329366
Planning time: 0.706 ms
Execution time: 5895.203 ms
