Seq Scan on cast_info ci  (cost=0.00..796071.18 rows=18182795 width=0) (actual time=0.020..41232.788 rows=15429570 loops=1)
  Filter: ((person_id < 2866697) AND (role_id > 1))
  Rows Removed by Filter: 20814774
Planning time: 0.334 ms
Execution time: 43728.081 ms
