Hash Join  (cost=190230.21..1333363.82 rows=13860347 width=0) (actual time=8929.236..73984.978 rows=28411072 loops=1)
  Hash Cond: (ci.movie_id = t.id)
  ->  Seq Scan on cast_info ci  (cost=0.00..705507.15 rows=25395197 width=4) (actual time=0.035..39524.534 rows=25405278 loops=1)
        Filter: (person_id < 2623250)
        Rows Removed by Filter: 10839066
  ->  Hash  (cost=167588.78..167588.78 rows=1380035 width=8) (actual time=8926.841..8926.841 rows=1380035 loops=1)
        Buckets: 131072  Batches: 32  Memory Usage: 2708kB
        ->  Hash Join  (cost=102767.86..167588.78 rows=1380035 width=8) (actual time=5156.457..8512.354 rows=1380035 loops=1)
              Hash Cond: (mi_idx.movie_id = t.id)
              ->  Seq Scan on movie_info_idx mi_idx  (cost=0.00..21735.35 rows=1380035 width=4) (actual time=0.013..1295.963 rows=1380035 loops=1)
              ->  Hash  (cost=61283.27..61283.27 rows=2528527 width=4) (actual time=5155.642..5155.642 rows=2528312 loops=1)
                    Buckets: 131072  Batches: 64  Memory Usage: 2415kB
                    ->  Seq Scan on title t  (cost=0.00..61283.27 rows=2528527 width=4) (actual time=0.014..4042.816 rows=2528312 loops=1)
Planning time: 1.141 ms
Execution time: 77650.903 ms
