Seq Scan on movie_keyword mk  (cost=0.00..81003.12 rows=3231138 width=0) (actual time=0.021..3127.271 rows=3219815 loops=1)
  Filter: (keyword_id < 13481)
  Rows Removed by Filter: 1304115
Planning time: 0.383 ms
Execution time: 3561.693 ms
