Hash Join  (cost=175288.90..928027.79 rows=194968 width=0) (actual time=3093.077..19452.177 rows=37928 loops=1)
  Hash Cond: (ci.movie_id = t.id)
  ->  Seq Scan on cast_info ci  (cost=0.00..614943.12 rows=36225612 width=4) (actual time=0.022..8967.567 rows=36244344 loops=1)
  ->  Hash  (cost=175118.79..175118.79 rows=13609 width=8) (actual time=3092.898..3092.898 rows=1954 loops=1)
        Buckets: 16384  Batches: 1  Memory Usage: 205kB
        ->  Hash Join  (cost=89789.12..175118.79 rows=13609 width=8) (actual time=1706.371..3091.869 rows=1954 loops=1)
              Hash Cond: (mk.movie_id = t.id)
              ->  Seq Scan on movie_keyword mk  (cost=0.00..81003.12 rows=35588 width=4) (actual time=0.030..1187.614 rows=34710 loops=1)
                    Filter: (keyword_id = 2488)
                    Rows Removed by Filter: 4489220
              ->  Hash  (cost=73925.90..73925.90 rows=966897 width=4) (actual time=1699.175..1699.175 rows=1058245 loops=1)
                    Buckets: 131072  Batches: 16  Memory Usage: 3364kB
                    ->  Seq Scan on title t  (cost=0.00..73925.90 rows=966897 width=4) (actual time=0.028..1350.758 rows=1058245 loops=1)
                          Filter: ((kind_id > 2) AND (production_year > 2000))
                          Rows Removed by Filter: 1470067
Planning time: 1.150 ms
Execution time: 19461.783 ms
