Nested Loop  (cost=0.43..709671.90 rows=500 width=0) (actual time=568.692..25181.528 rows=102 loops=1)
  ->  Seq Scan on cast_info ci  (cost=0.00..705507.15 rows=500 width=4) (actual time=568.586..25171.834 rows=102 loops=1)
        Filter: (person_id = 522415)
        Rows Removed by Filter: 36244242
  ->  Index Only Scan using title_pkey on title t  (cost=0.43..8.32 rows=1 width=4) (actual time=0.093..0.093 rows=1 loops=102)
        Index Cond: (id = ci.movie_id)
        Heap Fetches: 102
Planning time: 0.780 ms
Execution time: 25181.622 ms
