Hash Join  (cost=200739.55..717306.25 rows=1718486 width=0) (actual time=4192.320..17049.187 rows=4565487 loops=1)
  Hash Cond: (mi.movie_id = t.id)
  ->  Seq Scan on movie_info mi  (cost=0.00..309384.22 rows=14739122 width=4) (actual time=0.019..6039.765 rows=14835720 loops=1)
  ->  Hash  (cost=195902.42..195902.42 rows=294810 width=8) (actual time=4191.289..4191.289 rows=107578 loops=1)
        Buckets: 131072  Batches: 4  Memory Usage: 2007kB
        ->  Hash Join  (cost=70308.29..195902.42 rows=294810 width=8) (actual time=1123.563..4159.234 rows=107578 loops=1)
              Hash Cond: (mk.movie_id = t.id)
              ->  Seq Scan on movie_keyword mk  (cost=0.00..69693.30 rows=4523930 width=4) (actual time=0.024..1418.660 rows=4523930 loops=1)
              ->  Hash  (cost=67604.59..67604.59 rows=164776 width=4) (actual time=1121.402..1121.402 rows=164307 loops=1)
                    Buckets: 131072  Batches: 4  Memory Usage: 2488kB
                    ->  Seq Scan on title t  (cost=0.00..67604.59 rows=164776 width=4) (actual time=0.036..1061.140 rows=164307 loops=1)
                          Filter: (production_year = 2012)
                          Rows Removed by Filter: 2364005
Planning time: 7.782 ms
Execution time: 17541.001 ms
