Seq Scan on cast_info ci  (cost=0.00..705507.15 rows=500 width=0) (actual time=21157.709..32727.558 rows=97 loops=1)
  Filter: (person_id = 2714486)
  Rows Removed by Filter: 36244247
Planning time: 0.450 ms
Execution time: 32727.670 ms
