Hash Join  (cost=477150.74..588705.86 rows=385088 width=0) (actual time=18488.123..25585.085 rows=1674102 loops=1)
  Hash Cond: (mk.movie_id = t.id)
  ->  Seq Scan on movie_keyword mk  (cost=0.00..81003.12 rows=2156565 width=4) (actual time=0.021..4948.803 rows=2153179 loops=1)
        Filter: (keyword_id > 5373)
        Rows Removed by Filter: 2370751
  ->  Hash  (cost=469742.89..469742.89 rows=451508 width=8) (actual time=18487.265..18487.265 rows=474443 loops=1)
        Buckets: 131072  Batches: 8  Memory Usage: 3350kB
        ->  Hash Join  (cost=102767.86..469742.89 rows=451508 width=8) (actual time=11458.823..18322.419 rows=474443 loops=1)
              Hash Cond: (mi.movie_id = t.id)
              ->  Seq Scan on movie_info mi  (cost=0.00..346232.03 rows=451508 width=4) (actual time=6033.202..10956.592 rows=474443 loops=1)
                    Filter: (info_type_id = 6)
                    Rows Removed by Filter: 14361277
              ->  Hash  (cost=61283.27..61283.27 rows=2528527 width=4) (actual time=5424.076..5424.076 rows=2528312 loops=1)
                    Buckets: 131072  Batches: 64  Memory Usage: 2425kB
                    ->  Seq Scan on title t  (cost=0.00..61283.27 rows=2528527 width=4) (actual time=0.026..3597.326 rows=2528312 loops=1)
Planning time: 1.147 ms
Execution time: 25796.318 ms
