Hash Join  (cost=79317.58..208483.04 rows=587942 width=0) (actual time=3953.002..11029.295 rows=137808 loops=1)
  Hash Cond: (mk.movie_id = t.id)
  ->  Seq Scan on movie_keyword mk  (cost=0.00..69693.30 rows=4523930 width=4) (actual time=0.013..4426.086 rows=4523930 loops=1)
  ->  Hash  (cost=73925.90..73925.90 rows=328614 width=4) (actual time=3951.802..3951.802 rows=350917 loops=1)
        Buckets: 131072  Batches: 8  Memory Usage: 2578kB
        ->  Seq Scan on title t  (cost=0.00..73925.90 rows=328614 width=4) (actual time=0.010..3796.032 rows=350917 loops=1)
              Filter: ((kind_id > 4) AND (production_year > 2009))
              Rows Removed by Filter: 2177395
Planning time: 0.756 ms
Execution time: 11047.747 ms
