Hash Join  (cost=252613.93..348389.98 rows=1503452 width=0) (actual time=12209.876..19660.662 rows=10677894 loops=1)
  Hash Cond: (mc.movie_id = t.id)
  ->  Seq Scan on movie_companies mc  (cost=0.00..44881.29 rows=2609129 width=4) (actual time=9.958..3104.794 rows=2609129 loops=1)
  ->  Hash  (cost=228709.35..228709.35 rows=1457007 width=8) (actual time=12198.632..12198.632 rows=1470954 loops=1)
        Buckets: 131072  Batches: 32  Memory Usage: 2807kB
        ->  Hash Join  (cost=102767.86..228709.35 rows=1457007 width=8) (actual time=5562.462..11756.765 rows=1470954 loops=1)
              Hash Cond: (mk.movie_id = t.id)
              ->  Seq Scan on movie_keyword mk  (cost=0.00..81003.12 rows=1457007 width=4) (actual time=0.027..4413.708 rows=1470954 loops=1)
                    Filter: (keyword_id < 2102)
                    Rows Removed by Filter: 3052976
              ->  Hash  (cost=61283.27..61283.27 rows=2528527 width=4) (actual time=5561.016..5561.016 rows=2528312 loops=1)
                    Buckets: 131072  Batches: 64  Memory Usage: 2425kB
                    ->  Seq Scan on title t  (cost=0.00..61283.27 rows=2528527 width=4) (actual time=0.019..4244.384 rows=2528312 loops=1)
Planning time: 4.704 ms
Execution time: 20877.276 ms
