Seq Scan on movie_companies mc  (cost=0.00..57926.93 rows=920066 width=0) (actual time=0.017..1957.954 rows=601031 loops=1)
  Filter: ((company_id < 29231) AND (company_type_id = 2))
  Rows Removed by Filter: 2008098
Planning time: 0.344 ms
Execution time: 2051.831 ms
