Hash Join  (cost=226427.97..765985.86 rows=5599896 width=0) (actual time=12948.447..84904.302 rows=161046131 loops=1)
  Hash Cond: (mi.movie_id = t.id)
  ->  Seq Scan on movie_info mi  (cost=0.00..309384.22 rows=14739122 width=4) (actual time=0.021..22860.512 rows=14835720 loops=1)
  ->  Hash  (cost=210666.54..210666.54 rows=960674 width=8) (actual time=12947.077..12947.077 rows=2157903 loops=1)
        Buckets: 131072 (originally 131072)  Batches: 32 (originally 16)  Memory Usage: 3722kB
        ->  Hash Join  (cost=80042.24..210666.54 rows=960674 width=8) (actual time=4426.519..12273.610 rows=2157903 loops=1)
              Hash Cond: (mk.movie_id = t.id)
              ->  Seq Scan on movie_keyword mk  (cost=0.00..81003.12 rows=3204384 width=4) (actual time=0.020..5383.494 rows=3193459 loops=1)
                    Filter: (keyword_id > 1738)
                    Rows Removed by Filter: 1330471
              ->  Hash  (cost=67604.59..67604.59 rows=758052 width=4) (actual time=4425.130..4425.130 rows=753677 loops=1)
                    Buckets: 131072  Batches: 16  Memory Usage: 2686kB
                    ->  Seq Scan on title t  (cost=0.00..67604.59 rows=758052 width=4) (actual time=0.010..4120.537 rows=753677 loops=1)
                          Filter: (kind_id < 3)
                          Rows Removed by Filter: 1774635
Planning time: 2.434 ms
Execution time: 104660.901 ms
