Hash Join  (cost=98384.68..670914.29 rows=8689968 width=0) (actual time=6549.081..41131.861 rows=5520632 loops=1)
  Hash Cond: (mi.movie_id = t.id)
  ->  Seq Scan on movie_info mi  (cost=0.00..309384.22 rows=14739122 width=4) (actual time=0.024..22562.599 rows=14835720 loops=1)
  ->  Hash  (cost=73925.90..73925.90 rows=1490782 width=4) (actual time=6506.387..6506.387 rows=1610602 loops=1)
        Buckets: 131072  Batches: 32  Memory Usage: 2807kB
        ->  Seq Scan on title t  (cost=0.00..73925.90 rows=1490782 width=4) (actual time=0.019..5054.448 rows=1610602 loops=1)
              Filter: ((kind_id > 1) AND (production_year > 1974))
              Rows Removed by Filter: 917710
Planning time: 15.016 ms
Execution time: 41848.096 ms
