Hash Join  (cost=232298.52..790437.86 rows=5614650 width=0) (actual time=14534.156..94518.092 rows=188974097 loops=1)
  Hash Cond: (mi.movie_id = t.id)
  ->  Seq Scan on movie_info mi  (cost=0.00..309384.22 rows=14739122 width=4) (actual time=0.007..23112.572 rows=14835720 loops=1)
  ->  Hash  (cost=216495.45..216495.45 rows=963205 width=8) (actual time=14532.023..14532.023 rows=2654227 loops=1)
        Buckets: 131072 (originally 131072)  Batches: 64 (originally 16)  Memory Usage: 3073kB
        ->  Hash Join  (cost=82758.37..216495.45 rows=963205 width=8) (actual time=4669.724..13539.174 rows=2654227 loops=1)
              Hash Cond: (mk.movie_id = t.id)
              ->  Seq Scan on movie_keyword mk  (cost=0.00..69693.30 rows=4523930 width=4) (actual time=0.019..5102.945 rows=4523930 loops=1)
              ->  Hash  (cost=73925.90..73925.90 rows=538357 width=4) (actual time=4669.032..4669.032 rows=564943 loops=1)
                    Buckets: 131072  Batches: 8  Memory Usage: 3527kB
                    ->  Seq Scan on title t  (cost=0.00..73925.90 rows=538357 width=4) (actual time=0.014..4137.402 rows=564943 loops=1)
                          Filter: ((kind_id < 3) AND (production_year < 2009))
                          Rows Removed by Filter: 1963369
Planning time: 2.432 ms
Execution time: 117190.161 ms
