Hash Join  (cost=263115.61..420877.04 rows=2817246 width=0) (actual time=13528.821..26124.219 rows=20604874 loops=1)
  Hash Cond: (mk.movie_id = t.id)
  ->  Seq Scan on movie_keyword mk  (cost=0.00..81003.12 rows=2730215 width=4) (actual time=0.013..5229.795 rows=2724627 loops=1)
        Filter: (keyword_id < 7739)
        Rows Removed by Filter: 1799303
  ->  Hash  (cost=220309.49..220309.49 rows=2609129 width=8) (actual time=13527.935..13527.935 rows=2609129 loops=1)
        Buckets: 131072  Batches: 64  Memory Usage: 2691kB
        ->  Hash Join  (cost=102767.86..220309.49 rows=2609129 width=8) (actual time=5966.424..12728.266 rows=2609129 loops=1)
              Hash Cond: (mc.movie_id = t.id)
              ->  Seq Scan on movie_companies mc  (cost=0.00..44881.29 rows=2609129 width=4) (actual time=0.013..3576.837 rows=2609129 loops=1)
              ->  Hash  (cost=61283.27..61283.27 rows=2528527 width=4) (actual time=5965.141..5965.141 rows=2528312 loops=1)
                    Buckets: 131072  Batches: 64  Memory Usage: 2415kB
                    ->  Seq Scan on title t  (cost=0.00..61283.27 rows=2528527 width=4) (actual time=0.014..4616.420 rows=2528312 loops=1)
Planning time: 1.066 ms
Execution time: 28744.797 ms
