Hash Join  (cost=244545.28..617985.22 rows=670540 width=0) (actual time=17364.317..30086.305 rows=1431163 loops=1)
  Hash Cond: (mi.movie_id = t.id)
  ->  Seq Scan on movie_info mi  (cost=0.00..346232.03 rows=1348138 width=4) (actual time=4180.800..15152.195 rows=1298989 loops=1)
        Filter: (info_type_id = 4)
        Rows Removed by Filter: 13536731
  ->  Hash  (cost=223911.71..223911.71 rows=1257645 width=8) (actual time=13182.548..13182.548 rows=1270632 loops=1)
        Buckets: 131072  Batches: 32  Memory Usage: 2652kB
        ->  Hash Join  (cost=102767.86..223911.71 rows=1257645 width=8) (actual time=6214.328..12773.765 rows=1270632 loops=1)
              Hash Cond: (mk.movie_id = t.id)
              ->  Seq Scan on movie_keyword mk  (cost=0.00..81003.12 rows=1257645 width=4) (actual time=0.039..4151.441 rows=1270632 loops=1)
                    Filter: (keyword_id < 1628)
                    Rows Removed by Filter: 3253298
              ->  Hash  (cost=61283.27..61283.27 rows=2528527 width=4) (actual time=6209.541..6209.541 rows=2528312 loops=1)
                    Buckets: 131072  Batches: 64  Memory Usage: 2425kB
                    ->  Seq Scan on title t  (cost=0.00..61283.27 rows=2528527 width=4) (actual time=0.024..4433.859 rows=2528312 loops=1)
Planning time: 4.763 ms
Execution time: 30285.336 ms
