Hash Join  (cost=92883.59..203517.66 rows=760987 width=0) (actual time=5022.302..9447.700 rows=155349 loops=1)
  Hash Cond: (mk.movie_id = t.id)
  ->  Seq Scan on movie_keyword mk  (cost=0.00..81003.12 rows=1248816 width=4) (actual time=0.020..3463.587 rows=1264091 loops=1)
        Filter: (keyword_id < 1615)
        Rows Removed by Filter: 3259839
  ->  Hash  (cost=67604.59..67604.59 rows=1540800 width=4) (actual time=5019.447..5019.447 rows=1543264 loops=1)
        Buckets: 131072  Batches: 32  Memory Usage: 2728kB
        ->  Seq Scan on title t  (cost=0.00..67604.59 rows=1540800 width=4) (actual time=0.016..4298.762 rows=1543264 loops=1)
              Filter: (kind_id = 7)
              Rows Removed by Filter: 985048
Planning time: 0.769 ms
Execution time: 9464.926 ms
