Hash Join  (cost=215833.08..1389726.54 rows=14106432 width=0) (actual time=9222.424..83265.627 rows=36287461 loops=1)
  Hash Cond: (ci.movie_id = t.id)
  ->  Seq Scan on cast_info ci  (cost=0.00..705507.15 rows=27876531 width=4) (actual time=0.020..44862.489 rows=27994170 loops=1)
        Filter: (person_id > 806729)
        Rows Removed by Filter: 8250174
  ->  Hash  (cost=194840.12..194840.12 rows=1279517 width=8) (actual time=9221.248..9221.248 rows=1274246 loops=1)
        Buckets: 131072  Batches: 32  Memory Usage: 2553kB
        ->  Hash Join  (cost=102767.86..194840.12 rows=1279517 width=8) (actual time=4449.238..8826.869 rows=1274246 loops=1)
              Hash Cond: (mc.movie_id = t.id)
              ->  Seq Scan on movie_companies mc  (cost=0.00..51404.11 rows=1279517 width=4) (actual time=0.012..2126.942 rows=1274246 loops=1)
                    Filter: (company_type_id < 2)
                    Rows Removed by Filter: 1334883
              ->  Hash  (cost=61283.27..61283.27 rows=2528527 width=4) (actual time=4447.683..4447.683 rows=2528312 loops=1)
                    Buckets: 131072  Batches: 64  Memory Usage: 2415kB
                    ->  Seq Scan on title t  (cost=0.00..61283.27 rows=2528527 width=4) (actual time=0.021..2857.515 rows=2528312 loops=1)
Planning time: 1.268 ms
Execution time: 87780.170 ms
