Seq Scan on cast_info ci  (cost=0.00..705507.15 rows=467464 width=0) (actual time=1047.879..10273.357 rows=391540 loops=1)
  Filter: (person_id < 44698)
  Rows Removed by Filter: 35852804
Planning time: 0.317 ms
Execution time: 10319.632 ms
