Seq Scan on movie_companies mc  (cost=0.00..51404.11 rows=2352853 width=0) (actual time=0.016..2722.676 rows=2349431 loops=1)
  Filter: (company_id < 99460)
  Rows Removed by Filter: 259698
Planning time: 0.367 ms
Execution time: 3041.943 ms
