Seq Scan on movie_keyword mk  (cost=0.00..81003.12 rows=246 width=0) (actual time=0.657..3651.465 rows=176 loops=1)
  Filter: (keyword_id = 3607)
  Rows Removed by Filter: 4523754
Planning time: 0.390 ms
Execution time: 3651.705 ms
