Hash Join  (cost=102767.86..842647.40 rows=1017870 width=0) (actual time=5760.355..38389.569 rows=894134 loops=1)
  Hash Cond: (ci.movie_id = t.id)
  ->  Seq Scan on cast_info ci  (cost=0.00..705507.15 rows=1017870 width=4) (actual time=237.467..31335.441 rows=894134 loops=1)
        Filter: (person_id < 93526)
        Rows Removed by Filter: 35350210
  ->  Hash  (cost=61283.27..61283.27 rows=2528527 width=4) (actual time=5521.406..5521.406 rows=2528312 loops=1)
        Buckets: 131072  Batches: 64  Memory Usage: 2415kB
        ->  Seq Scan on title t  (cost=0.00..61283.27 rows=2528527 width=4) (actual time=0.024..4468.783 rows=2528312 loops=1)
Planning time: 0.762 ms
Execution time: 38499.951 ms
