Hash Join  (cost=267808.95..1616584.08 rows=26253095 width=0) (actual time=9616.472..94419.426 rows=88936197 loops=1)
  Hash Cond: (ci.movie_id = t.id)
  ->  Seq Scan on cast_info ci  (cost=0.00..614943.12 rows=36225612 width=4) (actual time=0.024..36125.045 rows=36244344 loops=1)
  ->  Hash  (cost=237744.31..237744.31 rows=1832451 width=8) (actual time=9615.446..9615.446 rows=1838694 loops=1)
        Buckets: 131072  Batches: 32  Memory Usage: 3257kB
        ->  Hash Join  (cost=102767.86..237744.31 rows=1832451 width=8) (actual time=4074.047..9065.914 rows=1838694 loops=1)
              Hash Cond: (mk.movie_id = t.id)
              ->  Seq Scan on movie_keyword mk  (cost=0.00..81003.12 rows=1832451 width=4) (actual time=0.020..3050.302 rows=1838694 loops=1)
                    Filter: (keyword_id > 7576)
                    Rows Removed by Filter: 2685236
              ->  Hash  (cost=61283.27..61283.27 rows=2528527 width=4) (actual time=4073.126..4073.126 rows=2528312 loops=1)
                    Buckets: 131072  Batches: 64  Memory Usage: 2425kB
                    ->  Seq Scan on title t  (cost=0.00..61283.27 rows=2528527 width=4) (actual time=0.021..2850.178 rows=2528312 loops=1)
Planning time: 16.283 ms
Execution time: 106362.390 ms
