Seq Scan on movie_companies mc  (cost=0.00..51404.11 rows=104 width=0) (actual time=115.404..2391.600 rows=111 loops=1)
  Filter: (company_id = 5099)
  Rows Removed by Filter: 2609018
Planning time: 0.348 ms
Execution time: 2391.729 ms
