Seq Scan on movie_keyword mk  (cost=0.00..81003.12 rows=442472 width=0) (actual time=0.031..3022.560 rows=439714 loops=1)
  Filter: (keyword_id > 40089)
  Rows Removed by Filter: 4084216
Planning time: 0.422 ms
Execution time: 3083.669 ms
