Hash Join  (cost=785324.87..1168820.55 rows=172749 width=0) (actual time=36677.268..52644.075 rows=370638 loops=1)
  Hash Cond: (mi.movie_id = t.id)
  ->  Seq Scan on movie_info mi  (cost=0.00..346232.03 rows=9476311 width=4) (actual time=376.616..13923.974 rows=9565151 loops=1)
        Filter: (info_type_id < 16)
        Rows Removed by Filter: 5270569
  ->  Hash  (cost=784748.70..784748.70 rows=46094 width=8) (actual time=36240.856..36240.856 rows=35653 loops=1)
        Buckets: 65536  Batches: 1  Memory Usage: 1905kB
        ->  Hash Join  (cost=73702.75..784748.70 rows=46094 width=8) (actual time=9234.885..36224.192 rows=35653 loops=1)
              Hash Cond: (ci.movie_id = t.id)
              ->  Seq Scan on cast_info ci  (cost=0.00..705507.15 rows=313562 width=4) (actual time=5091.654..31277.255 rows=262928 loops=1)
                    Filter: (person_id < 30870)
                    Rows Removed by Filter: 35981416
              ->  Hash  (cost=67604.59..67604.59 rows=371693 width=4) (actual time=4133.459..4133.459 rows=366430 loops=1)
                    Buckets: 131072  Batches: 8  Memory Usage: 2627kB
                    ->  Seq Scan on title t  (cost=0.00..67604.59 rows=371693 width=4) (actual time=0.020..3729.809 rows=366430 loops=1)
                          Filter: (production_year < 1970)
                          Rows Removed by Filter: 2161882
Planning time: 14.610 ms
Execution time: 52697.152 ms
