Nested Loop  (cost=0.43..128657.65 rows=14 width=0) (actual time=32.838..1327.317 rows=23 loops=1)
  ->  Seq Scan on movie_keyword mk  (cost=0.00..81003.12 rows=6786 width=4) (actual time=0.106..1142.290 rows=5733 loops=1)
        Filter: (keyword_id = 249)
        Rows Removed by Filter: 4518197
  ->  Index Scan using title_pkey on title t  (cost=0.43..7.01 rows=1 width=4) (actual time=0.032..0.032 rows=0 loops=5733)
        Index Cond: (id = mk.movie_id)
        Filter: ((kind_id = 2) AND (production_year = 2010))
        Rows Removed by Filter: 1
Planning time: 0.816 ms
Execution time: 1327.427 ms
