Seq Scan on movie_keyword mk  (cost=0.00..81003.12 rows=3414618 width=0) (actual time=0.023..3670.354 rows=3405632 loops=1)
  Filter: (keyword_id > 1173)
  Rows Removed by Filter: 1118298
Planning time: 3.488 ms
Execution time: 4166.154 ms
