Hash Join  (cost=102767.86..1028211.11 rows=4965912 width=0) (actual time=5471.279..49233.456 rows=3079653 loops=1)
  Hash Cond: (ci.movie_id = t.id)
  ->  Seq Scan on cast_info ci  (cost=0.00..796071.18 rows=4965912 width=4) (actual time=0.030..40241.946 rows=3079653 loops=1)
        Filter: ((person_id < 1082060) AND (role_id > 2))
        Rows Removed by Filter: 33164691
  ->  Hash  (cost=61283.27..61283.27 rows=2528527 width=4) (actual time=5470.139..5470.139 rows=2528312 loops=1)
        Buckets: 131072  Batches: 64  Memory Usage: 2415kB
        ->  Seq Scan on title t  (cost=0.00..61283.27 rows=2528527 width=4) (actual time=0.020..4422.649 rows=2528312 loops=1)
Planning time: 0.799 ms
Execution time: 49611.763 ms
