Seq Scan on cast_info ci  (cost=0.00..796071.18 rows=928542 width=0) (actual time=9401.621..28095.058 rows=1868297 loops=1)
  Filter: ((person_id < 250764) AND (role_id < 2))
  Rows Removed by Filter: 34376047
Planning time: 0.401 ms
Execution time: 28334.952 ms
