Hash Join  (cost=680173.19..2443823.36 rows=53415500 width=0) (actual time=39890.600..121231.519 rows=47999728 loops=1)
  Hash Cond: (ci.movie_id = t.id)
  ->  Seq Scan on cast_info ci  (cost=0.00..614943.12 rows=36225612 width=4) (actual time=0.018..44994.233 rows=36244344 loops=1)
  ->  Hash  (cost=619004.55..619004.55 rows=3728371 width=8) (actual time=39889.196..39889.196 rows=2006268 loops=1)
        Buckets: 131072  Batches: 64  Memory Usage: 2242kB
        ->  Hash Join  (cost=86138.21..619004.55 rows=3728371 width=8) (actual time=5291.072..39212.562 rows=2006268 loops=1)
              Hash Cond: (mi.movie_id = t.id)
              ->  Seq Scan on movie_info mi  (cost=0.00..346232.03 rows=12665229 width=4) (actual time=0.006..23561.548 rows=12744652 loops=1)
                    Filter: (info_type_id > 2)
                    Rows Removed by Filter: 2091068
              ->  Hash  (cost=73925.90..73925.90 rows=744344 width=4) (actual time=5289.414..5289.414 rows=796638 loops=1)
                    Buckets: 131072  Batches: 16  Memory Usage: 2785kB
                    ->  Seq Scan on title t  (cost=0.00..73925.90 rows=744344 width=4) (actual time=0.014..4678.884 rows=796638 loops=1)
                          Filter: ((kind_id > 1) AND (production_year > 2005))
                          Rows Removed by Filter: 1731674
Planning time: 1.260 ms
Execution time: 126834.916 ms
