Hash Join  (cost=223246.87..1364688.69 rows=10478166 width=0) (actual time=10553.026..80144.392 rows=29123787 loops=1)
  Hash Cond: (ci.movie_id = t.id)
  ->  Seq Scan on cast_info ci  (cost=0.00..614943.12 rows=36225612 width=4) (actual time=0.019..40464.865 rows=36244344 loops=1)
  ->  Hash  (cost=211247.74..211247.74 rows=731370 width=8) (actual time=10552.058..10552.058 rows=731189 loops=1)
        Buckets: 131072  Batches: 16  Memory Usage: 2835kB
        ->  Hash Join  (cost=102767.86..211247.74 rows=731370 width=8) (actual time=5588.356..10340.312 rows=731189 loops=1)
              Hash Cond: (mk.movie_id = t.id)
              ->  Seq Scan on movie_keyword mk  (cost=0.00..81003.12 rows=731370 width=4) (actual time=0.015..3725.462 rows=731189 loops=1)
                    Filter: (keyword_id < 651)
                    Rows Removed by Filter: 3792741
              ->  Hash  (cost=61283.27..61283.27 rows=2528527 width=4) (actual time=5586.924..5586.924 rows=2528312 loops=1)
                    Buckets: 131072  Batches: 64  Memory Usage: 2425kB
                    ->  Seq Scan on title t  (cost=0.00..61283.27 rows=2528527 width=4) (actual time=0.021..3979.009 rows=2528312 loops=1)
Planning time: 1.177 ms
Execution time: 83349.992 ms
