Seq Scan on movie_companies mc  (cost=0.00..51404.11 rows=104 width=0) (actual time=2001.483..2718.489 rows=2 loops=1)
  Filter: (company_id = 108584)
  Rows Removed by Filter: 2609127
Planning time: 0.360 ms
Execution time: 2718.553 ms
