Hash Join  (cost=211903.76..1288028.98 rows=9491274 width=0) (actual time=6174.701..38748.570 rows=18971647 loops=1)
  Hash Cond: (ci.movie_id = t.id)
  ->  Seq Scan on cast_info ci  (cost=0.00..705507.15 rows=23499554 width=4) (actual time=1232.842..15947.641 rows=23573656 loops=1)
        Filter: (role_id > 1)
        Rows Removed by Filter: 12670688
  ->  Hash  (cost=195148.12..195148.12 rows=1021251 width=8) (actual time=4940.940..4940.940 rows=1165502 loops=1)
        Buckets: 131072  Batches: 16  Memory Usage: 3860kB
        ->  Hash Join  (cost=102767.86..195148.12 rows=1021251 width=8) (actual time=2444.218..4582.787 rows=1165502 loops=1)
              Hash Cond: (mc.movie_id = t.id)
              ->  Seq Scan on movie_companies mc  (cost=0.00..57926.93 rows=1021251 width=4) (actual time=528.253..1267.156 rows=1165502 loops=1)
                    Filter: ((company_id > 687) AND (company_type_id > 1))
                    Rows Removed by Filter: 1443627
              ->  Hash  (cost=61283.27..61283.27 rows=2528527 width=4) (actual time=1914.623..1914.623 rows=2528312 loops=1)
                    Buckets: 131072  Batches: 64  Memory Usage: 2415kB
                    ->  Seq Scan on title t  (cost=0.00..61283.27 rows=2528527 width=4) (actual time=0.018..1062.219 rows=2528312 loops=1)
Planning time: 1.185 ms
Execution time: 40940.452 ms
