Hash Join  (cost=186746.40..1302774.79 rows=6572007 width=0) (actual time=3921.410..37606.683 rows=12053496 loops=1)
  Hash Cond: (ci.movie_id = t.id)
  ->  Seq Scan on cast_info ci  (cost=0.00..705507.15 rows=29630979 width=4) (actual time=0.304..16494.829 rows=29719960 loops=1)
        Filter: (person_id > 629523)
        Rows Removed by Filter: 6524384
  ->  Hash  (cost=177545.21..177545.21 rows=560815 width=8) (actual time=3920.300..3920.300 rows=565726 loops=1)
        Buckets: 131072  Batches: 8  Memory Usage: 3798kB
        ->  Hash Join  (cost=102767.86..177545.21 rows=560815 width=8) (actual time=2311.365..3760.829 rows=565726 loops=1)
              Hash Cond: (mc.movie_id = t.id)
              ->  Seq Scan on movie_companies mc  (cost=0.00..51404.11 rows=560815 width=4) (actual time=342.232..939.932 rows=565726 loops=1)
                    Filter: (company_id > 71503)
                    Rows Removed by Filter: 2043403
              ->  Hash  (cost=61283.27..61283.27 rows=2528527 width=4) (actual time=1966.781..1966.781 rows=2528312 loops=1)
                    Buckets: 131072  Batches: 64  Memory Usage: 2415kB
                    ->  Seq Scan on title t  (cost=0.00..61283.27 rows=2528527 width=4) (actual time=0.020..1139.117 rows=2528312 loops=1)
Planning time: 1.187 ms
Execution time: 38860.102 ms
