Hash Join  (cost=101946.25..189041.65 rows=43736 width=0) (actual time=1865.665..3777.858 rows=113940 loops=1)
  Hash Cond: (mk.movie_id = t.id)
  ->  Seq Scan on movie_keyword mk  (cost=0.00..69693.30 rows=4523930 width=4) (actual time=0.012..1056.882 rows=4523930 loops=1)
  ->  Hash  (cost=101640.69..101640.69 rows=24445 width=8) (actual time=1862.688..1862.688 rows=26496 loops=1)
        Buckets: 32768  Batches: 1  Memory Usage: 1291kB
        ->  Hash Join  (cost=74485.76..101640.69 rows=24445 width=8) (actual time=1228.487..1854.236 rows=26496 loops=1)
              Hash Cond: (mi_idx.movie_id = t.id)
              ->  Seq Scan on movie_info_idx mi_idx  (cost=0.00..21735.35 rows=1380035 width=4) (actual time=0.019..302.567 rows=1380035 loops=1)
              ->  Hash  (cost=73925.90..73925.90 rows=44788 width=4) (actual time=1227.972..1227.972 rows=52864 loops=1)
                    Buckets: 65536  Batches: 1  Memory Usage: 2371kB
                    ->  Seq Scan on title t  (cost=0.00..73925.90 rows=44788 width=4) (actual time=0.038..1206.282 rows=52864 loops=1)
                          Filter: ((kind_id > 1) AND (production_year = 2002))
                          Rows Removed by Filter: 2475448
Planning time: 1.043 ms
Execution time: 3792.541 ms
