Hash Join  (cost=74509.97..911978.24 rows=619735 width=0) (actual time=1200.882..23983.228 rows=504086 loops=1)
  Hash Cond: (ci.movie_id = t.id)
  ->  Seq Scan on cast_info ci  (cost=0.00..705507.15 rows=33537005 width=4) (actual time=0.008..13108.943 rows=33513548 loops=1)
        Filter: (person_id < 3539854)
        Rows Removed by Filter: 2730796
  ->  Hash  (cost=73925.90..73925.90 rows=46725 width=4) (actual time=1200.518..1200.518 rows=43011 loops=1)
        Buckets: 65536  Batches: 1  Memory Usage: 2025kB
        ->  Seq Scan on title t  (cost=0.00..73925.90 rows=46725 width=4) (actual time=0.054..1181.839 rows=43011 loops=1)
              Filter: ((kind_id > 2) AND (production_year > 2012))
              Rows Removed by Filter: 2485301
Planning time: 2.421 ms
Execution time: 24056.065 ms
