Hash Join  (cost=68257.79..419072.34 rows=23936 width=0) (actual time=2516.455..6595.079 rows=29742 loops=1)
  Hash Cond: (mi.movie_id = t.id)
  ->  Seq Scan on movie_info mi  (cost=0.00..346232.03 rows=1158179 width=4) (actual time=1161.126..5052.875 rows=1204709 loops=1)
        Filter: (info_type_id > 18)
        Rows Removed by Filter: 13631011
  ->  Hash  (cost=67604.59..67604.59 rows=52256 width=4) (actual time=1248.145..1248.145 rows=53013 loops=1)
        Buckets: 65536  Batches: 1  Memory Usage: 2376kB
        ->  Seq Scan on title t  (cost=0.00..67604.59 rows=52256 width=4) (actual time=121.900..1226.357 rows=53013 loops=1)
              Filter: (production_year = 2000)
              Rows Removed by Filter: 2475299
Planning time: 0.731 ms
Execution time: 6599.937 ms
