Hash Join  (cost=78556.72..147172.70 rows=150180 width=0) (actual time=1911.665..2567.830 rows=63286 loops=1)
  Hash Cond: (mc.movie_id = t.id)
  ->  Seq Scan on movie_companies mc  (cost=0.00..57926.93 rows=568864 width=4) (actual time=339.399..987.136 rows=355581 loops=1)
        Filter: ((company_id < 7851) AND (company_type_id > 1))
        Rows Removed by Filter: 2253548
  ->  Hash  (cost=67604.59..67604.59 rows=667531 width=4) (actual time=1289.782..1289.782 rows=662825 loops=1)
        Buckets: 131072  Batches: 16  Memory Usage: 2476kB
        ->  Seq Scan on title t  (cost=0.00..67604.59 rows=667531 width=4) (actual time=420.166..1070.386 rows=662825 loops=1)
              Filter: (kind_id = 1)
              Rows Removed by Filter: 1865487
Planning time: 0.766 ms
Execution time: 2575.625 ms
