Seq Scan on movie_keyword mk  (cost=0.00..81003.12 rows=246 width=0) (actual time=6.690..1187.501 rows=2087 loops=1)
  Filter: (keyword_id = 7477)
  Rows Removed by Filter: 4521843
Planning time: 0.273 ms
Execution time: 1188.177 ms
