Hash Join  (cost=102767.86..212423.23 rows=2010293 width=0) (actual time=2047.440..5502.356 rows=2013217 loops=1)
  Hash Cond: (mc.movie_id = t.id)
  ->  Seq Scan on movie_companies mc  (cost=0.00..51404.11 rows=2010293 width=4) (actual time=0.031..1151.026 rows=2013217 loops=1)
        Filter: (company_id > 686)
        Rows Removed by Filter: 595912
  ->  Hash  (cost=61283.27..61283.27 rows=2528527 width=4) (actual time=2046.359..2046.359 rows=2528312 loops=1)
        Buckets: 131072  Batches: 64  Memory Usage: 2415kB
        ->  Seq Scan on title t  (cost=0.00..61283.27 rows=2528527 width=4) (actual time=0.025..1176.887 rows=2528312 loops=1)
Planning time: 3.854 ms
Execution time: 5739.659 ms
