Hash Join  (cost=89645.92..136310.91 rows=522951 width=0) (actual time=1679.422..3062.332 rows=951968 loops=1)
  Hash Cond: (mi_idx.movie_id = t.id)
  ->  Seq Scan on movie_info_idx mi_idx  (cost=0.00..21735.35 rows=1380035 width=4) (actual time=0.018..434.640 rows=1380035 loops=1)
  ->  Hash  (cost=73925.90..73925.90 rows=958161 width=4) (actual time=1678.487..1678.487 rows=975433 loops=1)
        Buckets: 131072  Batches: 16  Memory Usage: 3166kB
        ->  Seq Scan on title t  (cost=0.00..73925.90 rows=958161 width=4) (actual time=0.018..1378.095 rows=975433 loops=1)
              Filter: ((kind_id < 7) AND (production_year > 1897))
              Rows Removed by Filter: 1552879
Planning time: 0.671 ms
Execution time: 3160.724 ms
