Seq Scan on movie_companies mc  (cost=0.00..51404.11 rows=778261 width=0) (actual time=0.034..908.336 rows=784344 loops=1)
  Filter: (company_id > 32197)
  Rows Removed by Filter: 1824785
Planning time: 0.245 ms
Execution time: 1014.009 ms
