Seq Scan on movie_companies mc  (cost=0.00..57926.93 rows=53 width=0) (actual time=8.944..880.323 rows=23 loops=1)
  Filter: ((company_type_id > 1) AND (company_id = 95988))
  Rows Removed by Filter: 2609106
Planning time: 0.354 ms
Execution time: 880.421 ms
