Hash Join  (cost=210386.03..726106.89 rows=3365896 width=0) (actual time=4911.366..20181.900 rows=3349828 loops=1)
  Hash Cond: (mi.movie_id = t.id)
  ->  Seq Scan on movie_info mi  (cost=0.00..309384.22 rows=14739122 width=4) (actual time=0.014..6337.458 rows=14835720 loops=1)
  ->  Hash  (cost=200912.21..200912.21 rows=577426 width=8) (actual time=4910.385..4910.385 rows=256721 loops=1)
        Buckets: 131072  Batches: 8  Memory Usage: 2279kB
        ->  Hash Join  (cost=96651.52..200912.21 rows=577426 width=8) (actual time=2680.100..4835.863 rows=256721 loops=1)
              Hash Cond: (mk.movie_id = t.id)
              ->  Seq Scan on movie_keyword mk  (cost=0.00..81003.12 rows=824659 width=4) (actual time=0.017..1428.190 rows=833188 loops=1)
                    Filter: (keyword_id > 22090)
                    Rows Removed by Filter: 3690742
              ->  Hash  (cost=67604.59..67604.59 rows=1770475 width=4) (actual time=2679.024..2679.024 rows=1774635 loops=1)
                    Buckets: 131072  Batches: 32  Memory Usage: 2984kB
                    ->  Seq Scan on title t  (cost=0.00..67604.59 rows=1770475 width=4) (actual time=0.016..1341.057 rows=1774635 loops=1)
                          Filter: (kind_id > 2)
                          Rows Removed by Filter: 753677
Planning time: 1.140 ms
Execution time: 20582.231 ms
