Seq Scan on cast_info ci  (cost=0.00..705507.15 rows=500 width=0) (actual time=466.404..11331.310 rows=3 loops=1)
  Filter: (person_id = 986842)
  Rows Removed by Filter: 36244341
Planning time: 0.381 ms
Execution time: 11331.402 ms
