Hash Join  (cost=709677.28..803388.64 rows=442 width=0) (actual time=10746.276..12750.594 rows=9 loops=1)
  Hash Cond: (mk.movie_id = t.id)
  ->  Seq Scan on movie_keyword mk  (cost=0.00..81003.12 rows=3387685 width=4) (actual time=0.010..1639.285 rows=3377245 loops=1)
        Filter: (keyword_id < 16264)
        Rows Removed by Filter: 1146685
  ->  Hash  (cost=709673.15..709673.15 rows=330 width=8) (actual time=10638.977..10638.977 rows=31 loops=1)
        Buckets: 1024  Batches: 1  Memory Usage: 10kB
        ->  Nested Loop  (cost=0.43..709673.15 rows=330 width=8) (actual time=6784.371..10638.943 rows=31 loops=1)
              ->  Seq Scan on cast_info ci  (cost=0.00..705507.15 rows=500 width=4) (actual time=6784.276..10638.226 rows=31 loops=1)
                    Filter: (person_id = 1264402)
                    Rows Removed by Filter: 36244313
              ->  Index Scan using title_pkey on title t  (cost=0.43..8.32 rows=1 width=4) (actual time=0.021..0.021 rows=1 loops=31)
                    Index Cond: (id = ci.movie_id)
                    Filter: (production_year < 2008)
Planning time: 0.796 ms
Execution time: 12750.702 ms
