Hash Join  (cost=92883.59..204976.04 rows=808027 width=0) (actual time=1774.432..4277.564 rows=165874 loops=1)
  Hash Cond: (mk.movie_id = t.id)
  ->  Seq Scan on movie_keyword mk  (cost=0.00..81003.12 rows=1326012 width=4) (actual time=0.019..1616.792 rows=1345582 loops=1)
        Filter: (keyword_id < 1753)
        Rows Removed by Filter: 3178348
  ->  Hash  (cost=67604.59..67604.59 rows=1540800 width=4) (actual time=1772.843..1772.843 rows=1543264 loops=1)
        Buckets: 131072  Batches: 32  Memory Usage: 2728kB
        ->  Seq Scan on title t  (cost=0.00..67604.59 rows=1540800 width=4) (actual time=77.462..1288.616 rows=1543264 loops=1)
              Filter: (kind_id = 7)
              Rows Removed by Filter: 985048
Planning time: 0.750 ms
Execution time: 4295.340 ms
