Hash Join  (cost=130188.27..199642.12 rows=153469 width=0) (actual time=3256.426..4670.708 rows=693529 loops=1)
  Hash Cond: (mc.movie_id = t.id)
  ->  Seq Scan on movie_companies mc  (cost=0.00..51404.11 rows=1329612 width=4) (actual time=137.431..1085.128 rows=1334883 loops=1)
        Filter: (company_type_id = 2)
        Rows Removed by Filter: 1274246
  ->  Hash  (cost=125399.12..125399.12 rows=291852 width=8) (actual time=2739.515..2739.515 rows=442137 loops=1)
        Buckets: 131072 (originally 131072)  Batches: 8 (originally 4)  Memory Usage: 3186kB
        ->  Hash Join  (cost=82699.12..125399.12 rows=291852 width=8) (actual time=1365.863..2611.998 rows=442137 loops=1)
              Hash Cond: (mi_idx.movie_id = t.id)
              ->  Seq Scan on movie_info_idx mi_idx  (cost=0.00..21735.35 rows=1380035 width=4) (actual time=0.014..484.681 rows=1380035 loops=1)
              ->  Hash  (cost=73925.90..73925.90 rows=534737 width=4) (actual time=1365.009..1365.009 rows=408101 loops=1)
                    Buckets: 131072  Batches: 8  Memory Usage: 2825kB
                    ->  Seq Scan on title t  (cost=0.00..73925.90 rows=534737 width=4) (actual time=3.739..1233.604 rows=408101 loops=1)
                          Filter: ((production_year > 1974) AND (kind_id = 1))
                          Rows Removed by Filter: 2120211
Planning time: 1.123 ms
Execution time: 4749.843 ms
