Hash Join  (cost=73997.53..825607.62 rows=82092 width=0) (actual time=984.443..17171.442 rows=77608 loops=1)
  Hash Cond: (ci.movie_id = t.id)
  ->  Seq Scan on cast_info ci  (cost=0.00..614943.12 rows=36225612 width=4) (actual time=0.016..8865.529 rows=36244344 loops=1)
  ->  Hash  (cost=73925.90..73925.90 rows=5730 width=4) (actual time=984.325..984.325 rows=3289 loops=1)
        Buckets: 8192  Batches: 1  Memory Usage: 180kB
        ->  Seq Scan on title t  (cost=0.00..73925.90 rows=5730 width=4) (actual time=15.676..982.899 rows=3289 loops=1)
              Filter: ((kind_id = 3) AND (production_year = 2010))
              Rows Removed by Filter: 2525023
Planning time: 0.515 ms
Execution time: 17188.751 ms
