Hash Join  (cost=195335.91..342252.58 rows=2044963 width=0) (actual time=4728.476..10624.701 rows=11801621 loops=1)
  Hash Cond: (mk.movie_id = t.id)
  ->  Seq Scan on movie_keyword mk  (cost=0.00..69693.30 rows=4523930 width=4) (actual time=0.024..1455.316 rows=4523930 loops=1)
  ->  Hash  (cost=176583.71..176583.71 rows=1142976 width=8) (actual time=4726.956..4726.956 rows=917132 loops=1)
        Buckets: 131072  Batches: 16  Memory Usage: 3294kB
        ->  Hash Join  (cost=85777.42..176583.71 rows=1142976 width=8) (actual time=1711.200..4454.288 rows=917132 loops=1)
              Hash Cond: (mc.movie_id = t.id)
              ->  Seq Scan on movie_companies mc  (cost=0.00..44881.29 rows=2609129 width=4) (actual time=0.019..965.790 rows=2609129 loops=1)
              ->  Hash  (cost=67604.59..67604.59 rows=1107667 width=4) (actual time=1710.248..1710.248 rows=1107925 loops=1)
                    Buckets: 131072  Batches: 16  Memory Usage: 3460kB
                    ->  Seq Scan on title t  (cost=0.00..67604.59 rows=1107667 width=4) (actual time=0.016..1365.532 rows=1107925 loops=1)
                          Filter: (production_year > 2004)
                          Rows Removed by Filter: 1420387
Planning time: 1.417 ms
Execution time: 11782.215 ms
