Hash Join  (cost=83074.74..109986.57 rows=134 width=0) (actual time=1301.436..1872.258 rows=3 loops=1)
  Hash Cond: (mi_idx.movie_id = t.id)
  ->  Seq Scan on movie_info_idx mi_idx  (cost=0.00..21735.35 rows=1380035 width=4) (actual time=0.018..356.835 rows=1380035 loops=1)
  ->  Hash  (cost=83071.67..83071.67 rows=246 width=8) (actual time=1282.616..1282.616 rows=1 loops=1)
        Buckets: 1024  Batches: 1  Memory Usage: 9kB
        ->  Nested Loop  (cost=0.43..83071.67 rows=246 width=8) (actual time=217.018..1282.611 rows=1 loops=1)
              ->  Seq Scan on movie_keyword mk  (cost=0.00..81003.12 rows=246 width=4) (actual time=216.950..1282.541 rows=1 loops=1)
                    Filter: (keyword_id = 110771)
                    Rows Removed by Filter: 4523929
              ->  Index Only Scan using title_pkey on title t  (cost=0.43..8.40 rows=1 width=4) (actual time=0.051..0.051 rows=1 loops=1)
                    Index Cond: (id = mk.movie_id)
                    Heap Fetches: 1
Planning time: 0.980 ms
Execution time: 1872.336 ms
