Seq Scan on movie_companies mc  (cost=0.00..57926.93 rows=369284 width=0) (actual time=30.987..880.064 rows=54951 loops=1)
  Filter: ((company_id > 35769) AND (company_type_id = 1))
  Rows Removed by Filter: 2554178
Planning time: 0.355 ms
Execution time: 887.703 ms
