Hash Join  (cost=140722.80..1219634.07 rows=4391007 width=0) (actual time=2920.589..33739.993 rows=5765580 loops=1)
  Hash Cond: (ci.movie_id = t.id)
  ->  Seq Scan on cast_info ci  (cost=0.00..614943.12 rows=36225612 width=4) (actual time=0.033..13252.574 rows=36244344 loops=1)
  ->  Hash  (cost=135693.68..135693.68 rows=306490 width=8) (actual time=2919.678..2919.678 rows=175310 loops=1)
        Buckets: 131072  Batches: 8  Memory Usage: 1881kB
        ->  Hash Join  (cost=94973.51..135693.68 rows=306490 width=8) (actual time=1797.928..2863.908 rows=175310 loops=1)
              Hash Cond: (mi_idx.movie_id = t.id)
              ->  Seq Scan on movie_info_idx mi_idx  (cost=0.00..25185.44 rows=464566 width=4) (actual time=0.017..485.685 rows=459925 loops=1)
                    Filter: (info_type_id = 101)
                    Rows Removed by Filter: 920110
              ->  Hash  (cost=67604.59..67604.59 rows=1668154 width=4) (actual time=1796.863..1796.863 rows=1674098 loops=1)
                    Buckets: 131072  Batches: 32  Memory Usage: 2869kB
                    ->  Seq Scan on title t  (cost=0.00..67604.59 rows=1668154 width=4) (actual time=0.017..1273.949 rows=1674098 loops=1)
                          Filter: (kind_id > 3)
                          Rows Removed by Filter: 854214
Planning time: 1.070 ms
Execution time: 34393.705 ms
