Seq Scan on movie_keyword mk  (cost=0.00..81003.12 rows=1247352 width=0) (actual time=0.023..1337.454 rows=1261532 loops=1)
  Filter: (keyword_id < 1611)
  Rows Removed by Filter: 3262398
Planning time: 0.316 ms
Execution time: 1492.010 ms
