Hash Join  (cost=134249.50..636178.83 rows=2073338 width=0) (actual time=2789.100..16072.583 rows=2843679 loops=1)
  Hash Cond: (mi.movie_id = t.id)
  ->  Seq Scan on movie_info mi  (cost=0.00..309384.22 rows=14739122 width=4) (actual time=0.023..6057.953 rows=14835720 loops=1)
  ->  Hash  (cost=128413.42..128413.42 rows=355686 width=8) (actual time=2788.191..2788.191 rows=266976 loops=1)
        Buckets: 131072  Batches: 8  Memory Usage: 2343kB
        ->  Hash Join  (cost=84618.08..128413.42 rows=355686 width=8) (actual time=1433.393..2702.642 rows=266976 loops=1)
              Hash Cond: (mi_idx.movie_id = t.id)
              ->  Seq Scan on movie_info_idx mi_idx  (cost=0.00..21735.35 rows=1380035 width=4) (actual time=0.021..434.428 rows=1380035 loops=1)
              ->  Hash  (cost=73925.90..73925.90 rows=651694 width=4) (actual time=1432.367..1432.367 rows=532575 loops=1)
                    Buckets: 131072  Batches: 16  Memory Usage: 2197kB
                    ->  Seq Scan on title t  (cost=0.00..73925.90 rows=651694 width=4) (actual time=0.016..1231.987 rows=532575 loops=1)
                          Filter: ((kind_id > 1) AND (production_year < 1997))
                          Rows Removed by Filter: 1995737
Planning time: 1.145 ms
Execution time: 16377.373 ms
