Hash Join  (cost=102767.86..199183.34 rows=1188957 width=0) (actual time=2128.223..4684.394 rows=1274246 loops=1)
  Hash Cond: (mc.movie_id = t.id)
  ->  Seq Scan on movie_companies mc  (cost=0.00..57926.93 rows=1188957 width=4) (actual time=0.020..1288.791 rows=1274246 loops=1)
        Filter: ((company_id < 118308) AND (company_type_id < 2))
        Rows Removed by Filter: 1334883
  ->  Hash  (cost=61283.27..61283.27 rows=2528527 width=4) (actual time=2126.456..2126.456 rows=2528312 loops=1)
        Buckets: 131072  Batches: 64  Memory Usage: 2415kB
        ->  Seq Scan on title t  (cost=0.00..61283.27 rows=2528527 width=4) (actual time=0.010..1299.475 rows=2528312 loops=1)
Planning time: 0.748 ms
Execution time: 4820.409 ms
