Hash Join  (cost=110665.07..165810.21 rows=47962 width=0) (actual time=1936.516..3365.895 rows=171205 loops=1)
  Hash Cond: (mc.movie_id = t.id)
  ->  Seq Scan on movie_companies mc  (cost=0.00..44881.29 rows=2609129 width=4) (actual time=0.027..647.759 rows=2609129 loops=1)
  ->  Hash  (cost=110084.07..110084.07 rows=46480 width=8) (actual time=1936.124..1936.124 rows=51885 loops=1)
        Buckets: 65536  Batches: 1  Memory Usage: 2539kB
        ->  Hash Join  (cost=78171.87..110084.07 rows=46480 width=8) (actual time=1207.290..1914.692 rows=51885 loops=1)
              Hash Cond: (mi_idx.movie_id = t.id)
              ->  Seq Scan on movie_info_idx mi_idx  (cost=0.00..25185.44 rows=454124 width=4) (actual time=0.018..431.794 rows=459925 loops=1)
                    Filter: (info_type_id = 100)
                    Rows Removed by Filter: 920110
              ->  Hash  (cost=73925.90..73925.90 rows=258797 width=4) (actual time=1206.517..1206.517 rows=227847 loops=1)
                    Buckets: 131072  Batches: 4  Memory Usage: 3032kB
                    ->  Seq Scan on title t  (cost=0.00..73925.90 rows=258797 width=4) (actual time=0.020..1132.186 rows=227847 loops=1)
                          Filter: ((kind_id < 7) AND (production_year > 2008))
                          Rows Removed by Filter: 2300465
Planning time: 1.064 ms
Execution time: 3388.866 ms
