Nested Loop  (cost=0.43..799702.19 rows=435 width=0) (actual time=2366.284..13420.650 rows=49 loops=1)
  ->  Seq Scan on cast_info ci  (cost=0.00..796071.18 rows=435 width=4) (actual time=2366.095..13419.232 rows=49 loops=1)
        Filter: ((role_id < 10) AND (person_id = 1237905))
        Rows Removed by Filter: 36244295
  ->  Index Only Scan using title_pkey on title t  (cost=0.43..8.34 rows=1 width=4) (actual time=0.026..0.026 rows=1 loops=49)
        Index Cond: (id = ci.movie_id)
        Heap Fetches: 49
Planning time: 0.544 ms
Execution time: 13420.740 ms
