Hash Join  (cost=105540.76..149960.33 rows=424830 width=0) (actual time=2143.870..3408.463 rows=437607 loops=1)
  Hash Cond: (mi_idx.movie_id = t.id)
  ->  Seq Scan on movie_info_idx mi_idx  (cost=0.00..25185.44 rows=464566 width=4) (actual time=0.026..502.715 rows=459925 loops=1)
        Filter: (info_type_id = 101)
        Rows Removed by Filter: 920110
  ->  Hash  (cost=67604.59..67604.59 rows=2312254 width=4) (actual time=2142.772..2142.772 rows=2306538 loops=1)
        Buckets: 131072  Batches: 32  Memory Usage: 3561kB
        ->  Seq Scan on title t  (cost=0.00..67604.59 rows=2312254 width=4) (actual time=0.017..1431.437 rows=2306538 loops=1)
              Filter: (production_year > 1943)
              Rows Removed by Filter: 221774
Planning time: 0.743 ms
Execution time: 3458.766 ms
