Hash Join  (cost=28270.93..868191.22 rows=1560 width=0) (actual time=472.110..18484.126 rows=9310 loops=1)
  Hash Cond: (ci.movie_id = t.id)
  ->  Seq Scan on cast_info ci  (cost=0.00..796071.18 rows=11688941 width=4) (actual time=0.018..16574.830 rows=10593503 loops=1)
        Filter: ((person_id > 280670) AND (role_id < 2))
        Rows Removed by Filter: 25650841
  ->  Hash  (cost=28266.72..28266.72 rows=337 width=8) (actual time=471.681..471.681 rows=244 loops=1)
        Buckets: 1024  Batches: 1  Memory Usage: 18kB
        ->  Nested Loop  (cost=0.43..28266.72 rows=337 width=8) (actual time=0.686..471.572 rows=244 loops=1)
              ->  Seq Scan on movie_info_idx mi_idx  (cost=0.00..25185.44 rows=368 width=4) (actual time=0.637..457.186 rows=260 loops=1)
                    Filter: (info_type_id > 101)
                    Rows Removed by Filter: 1379775
              ->  Index Scan using title_pkey on title t  (cost=0.43..8.36 rows=1 width=4) (actual time=0.054..0.055 rows=1 loops=260)
                    Index Cond: (id = mi_idx.movie_id)
                    Filter: (production_year > 1940)
                    Rows Removed by Filter: 0
Planning time: 1.161 ms
Execution time: 18486.627 ms
