Seq Scan on movie_keyword mk  (cost=0.00..81003.12 rows=2559587 width=0) (actual time=0.030..1521.778 rows=2550201 loops=1)
  Filter: (keyword_id < 6427)
  Rows Removed by Filter: 1973729
Planning time: 0.328 ms
Execution time: 1836.951 ms
