Hash Join  (cost=73957.54..130172.65 rows=1281 width=0) (actual time=1053.074..1832.573 rows=7929 loops=1)
  Hash Cond: (mc.movie_id = t.id)
  ->  Seq Scan on movie_companies mc  (cost=0.00..51404.11 rows=1279517 width=4) (actual time=0.018..605.224 rows=1274246 loops=1)
        Filter: (company_type_id = 1)
        Rows Removed by Filter: 1334883
  ->  Hash  (cost=73925.90..73925.90 rows=2531 width=4) (actual time=1052.431..1052.431 rows=6937 loops=1)
        Buckets: 8192 (originally 4096)  Batches: 1 (originally 1)  Memory Usage: 308kB
        ->  Seq Scan on title t  (cost=0.00..73925.90 rows=2531 width=4) (actual time=0.365..1049.026 rows=6937 loops=1)
              Filter: ((kind_id < 4) AND (production_year = 1987))
              Rows Removed by Filter: 2521375
Planning time: 17.230 ms
Execution time: 1833.976 ms
