Hash Join  (cost=88918.20..839957.51 rows=25015 width=0) (actual time=3839.535..20373.276 rows=199351 loops=1)
  Hash Cond: (ci.movie_id = t.id)
  ->  Seq Scan on cast_info ci  (cost=0.00..614943.12 rows=36225612 width=4) (actual time=0.019..8711.292 rows=36244344 loops=1)
  ->  Hash  (cost=88896.37..88896.37 rows=1746 width=8) (actual time=3839.478..3839.478 rows=5102 loops=1)
        Buckets: 8192 (originally 2048)  Batches: 1 (originally 1)  Memory Usage: 264kB
        ->  Nested Loop  (cost=0.43..88896.37 rows=1746 width=8) (actual time=2819.724..3836.745 rows=5102 loops=1)
              ->  Seq Scan on movie_companies mc  (cost=0.00..51404.11 rows=5131 width=4) (actual time=2799.223..3678.051 rows=5164 loops=1)
                    Filter: (company_id = 1709)
                    Rows Removed by Filter: 2603965
              ->  Index Scan using title_pkey on title t  (cost=0.43..7.30 rows=1 width=4) (actual time=0.030..0.030 rows=1 loops=5164)
                    Index Cond: (id = mc.movie_id)
                    Filter: (kind_id < 4)
                    Rows Removed by Filter: 0
Planning time: 1.002 ms
Execution time: 20406.377 ms
