Seq Scan on movie_companies mc  (cost=0.00..57926.93 rows=748927 width=0) (actual time=0.027..1074.499 rows=1028839 loops=1)
  Filter: ((company_id < 14144) AND (company_type_id < 2))
  Rows Removed by Filter: 1580290
Planning time: 0.392 ms
Execution time: 1200.423 ms
