Hash Join  (cost=140145.48..509055.85 rows=425445 width=0) (actual time=3347.647..13422.055 rows=978458 loops=1)
  Hash Cond: (mi.movie_id = t.id)
  ->  Seq Scan on movie_info mi  (cost=0.00..309384.22 rows=14739122 width=4) (actual time=0.017..3954.343 rows=14835720 loops=1)
  ->  Hash  (cost=139233.15..139233.15 rows=72986 width=8) (actual time=3281.066..3281.066 rows=110484 loops=1)
        Buckets: 131072 (originally 131072)  Batches: 2 (originally 1)  Memory Usage: 3191kB
        ->  Hash Join  (cost=79126.62..139233.15 rows=72986 width=8) (actual time=2125.125..3233.095 rows=110484 loops=1)
              Hash Cond: (mc.movie_id = t.id)
              ->  Seq Scan on movie_companies mc  (cost=0.00..51404.11 rows=582283 width=4) (actual time=0.035..886.838 rows=577109 loops=1)
                    Filter: (company_id < 639)
                    Rows Removed by Filter: 2032020
              ->  Hash  (cost=73925.90..73925.90 rows=316937 width=4) (actual time=1999.573..1999.573 rows=202648 loops=1)
                    Buckets: 131072  Batches: 8  Memory Usage: 1907kB
                    ->  Seq Scan on title t  (cost=0.00..73925.90 rows=316937 width=4) (actual time=0.373..1194.233 rows=202648 loops=1)
                          Filter: ((kind_id > 4) AND (production_year < 1980))
                          Rows Removed by Filter: 2325664
Planning time: 1.180 ms
Execution time: 13542.033 ms
