Nested Loop  (cost=0.43..709671.90 rows=500 width=0) (actual time=6132.140..11318.932 rows=98 loops=1)
  ->  Seq Scan on cast_info ci  (cost=0.00..705507.15 rows=500 width=4) (actual time=6131.949..11317.507 rows=98 loops=1)
        Filter: (person_id = 3480147)
        Rows Removed by Filter: 36244246
  ->  Index Only Scan using title_pkey on title t  (cost=0.43..8.32 rows=1 width=4) (actual time=0.013..0.013 rows=1 loops=98)
        Index Cond: (id = ci.movie_id)
        Heap Fetches: 98
Planning time: 0.737 ms
Execution time: 11319.038 ms
