Hash Join  (cost=200739.55..1025677.30 rows=986548 width=0) (actual time=4362.253..20798.256 rows=1387372 loops=1)
  Hash Cond: (ci.movie_id = t.id)
  ->  Seq Scan on cast_info ci  (cost=0.00..705507.15 rows=8461424 width=4) (actual time=0.019..12695.000 rows=8348734 loops=1)
        Filter: (person_id < 817884)
        Rows Removed by Filter: 27895610
  ->  Hash  (cost=195902.42..195902.42 rows=294810 width=8) (actual time=4361.311..4361.311 rows=107578 loops=1)
        Buckets: 131072  Batches: 4  Memory Usage: 2000kB
        ->  Hash Join  (cost=70308.29..195902.42 rows=294810 width=8) (actual time=1237.173..4327.509 rows=107578 loops=1)
              Hash Cond: (mk.movie_id = t.id)
              ->  Seq Scan on movie_keyword mk  (cost=0.00..69693.30 rows=4523930 width=4) (actual time=0.025..1441.539 rows=4523930 loops=1)
              ->  Hash  (cost=67604.59..67604.59 rows=164776 width=4) (actual time=1236.363..1236.363 rows=164307 loops=1)
                    Buckets: 131072  Batches: 4  Memory Usage: 2488kB
                    ->  Seq Scan on title t  (cost=0.00..67604.59 rows=164776 width=4) (actual time=0.029..1177.329 rows=164307 loops=1)
                          Filter: (production_year = 2012)
                          Rows Removed by Filter: 2364005
Planning time: 1.202 ms
Execution time: 20948.502 ms
