Hash Join  (cost=161326.48..892992.95 rows=51088 width=0) (actual time=5170.048..15286.730 rows=484475 loops=1)
  Hash Cond: (ci.movie_id = t.id)
  ->  Seq Scan on cast_info ci  (cost=0.00..705507.15 rows=5129692 width=4) (actual time=1805.719..11027.614 rows=5023958 loops=1)
        Filter: (person_id < 486201)
        Rows Removed by Filter: 31220386
  ->  Hash  (cost=161011.70..161011.70 rows=25182 width=8) (actual time=2952.112..2952.112 rows=54477 loops=1)
        Buckets: 65536 (originally 32768)  Batches: 1 (originally 1)  Memory Usage: 2641kB
        ->  Hash Join  (cost=74101.84..161011.70 rows=25182 width=8) (actual time=1133.245..2933.678 rows=54477 loops=1)
              Hash Cond: (mk.movie_id = t.id)
              ->  Seq Scan on movie_keyword mk  (cost=0.00..69693.30 rows=4523930 width=4) (actual time=0.025..948.677 rows=4523930 loops=1)
              ->  Hash  (cost=73925.90..73925.90 rows=14075 width=4) (actual time=1132.945..1132.945 rows=9093 loops=1)
                    Buckets: 16384  Batches: 1  Memory Usage: 448kB
                    ->  Seq Scan on title t  (cost=0.00..73925.90 rows=14075 width=4) (actual time=0.071..1128.498 rows=9093 loops=1)
                          Filter: ((kind_id < 3) AND (production_year = 1998))
                          Rows Removed by Filter: 2519219
Planning time: 1.182 ms
Execution time: 15343.908 ms
