Hash Join  (cost=78364.59..1037884.55 rows=2142464 width=0) (actual time=2807.695..26487.855 rows=3277258 loops=1)
  Hash Cond: (ci.movie_id = t.id)
  ->  Seq Scan on cast_info ci  (cost=0.00..705507.15 rows=20024311 width=4) (actual time=1686.836..15070.226 rows=20122661 loops=1)
        Filter: (role_id < 3)
        Rows Removed by Filter: 16121683
  ->  Hash  (cost=73925.90..73925.90 rows=270535 width=4) (actual time=1119.957..1119.957 rows=374196 loops=1)
        Buckets: 131072 (originally 131072)  Batches: 8 (originally 4)  Memory Usage: 3073kB
        ->  Seq Scan on title t  (cost=0.00..73925.90 rows=270535 width=4) (actual time=49.717..968.514 rows=374196 loops=1)
              Filter: ((production_year < 2000) AND (kind_id = 1))
              Rows Removed by Filter: 2154116
Planning time: 0.745 ms
Execution time: 26869.751 ms
