Hash Join  (cost=83074.74..432343.82 rows=79 width=0) (actual time=4332.276..6287.371 rows=383 loops=1)
  Hash Cond: (mi.movie_id = t.id)
  ->  Seq Scan on movie_info mi  (cost=0.00..346232.03 rows=809669 width=4) (actual time=3098.704..4960.896 rows=802140 loops=1)
        Filter: (info_type_id = 1)
        Rows Removed by Filter: 14033580
  ->  Hash  (cost=83071.67..83071.67 rows=246 width=8) (actual time=1216.244..1216.244 rows=346 loops=1)
        Buckets: 1024  Batches: 1  Memory Usage: 22kB
        ->  Nested Loop  (cost=0.43..83071.67 rows=246 width=8) (actual time=7.003..1215.873 rows=346 loops=1)
              ->  Seq Scan on movie_keyword mk  (cost=0.00..81003.12 rows=246 width=4) (actual time=6.897..1199.653 rows=346 loops=1)
                    Filter: (keyword_id = 943)
                    Rows Removed by Filter: 4523584
              ->  Index Only Scan using title_pkey on title t  (cost=0.43..8.40 rows=1 width=4) (actual time=0.044..0.044 rows=1 loops=346)
                    Index Cond: (id = mk.movie_id)
                    Heap Fetches: 346
Planning time: 1.082 ms
Execution time: 6287.559 ms
