Seq Scan on movie_companies mc  (cost=0.00..57926.93 rows=53 width=0) (actual time=183.630..796.470 rows=807 loops=1)
  Filter: ((company_id = 11428) AND (company_type_id = 2))
  Rows Removed by Filter: 2608322
Planning time: 0.343 ms
Execution time: 796.768 ms
