Seq Scan on cast_info ci  (cost=0.00..796071.18 rows=12252390 width=0) (actual time=655.439..15254.193 rows=18760284 loops=1)
  Filter: ((person_id > 1701204) AND (role_id > 1))
  Rows Removed by Filter: 17484060
Planning time: 0.377 ms
Execution time: 17588.298 ms
