Hash Join  (cost=91879.05..198228.20 rows=573848 width=0) (actual time=2086.489..4460.657 rows=118682 loops=1)
  Hash Cond: (mk.movie_id = t.id)
  ->  Seq Scan on movie_keyword mk  (cost=0.00..81003.12 rows=1326012 width=4) (actual time=0.025..1580.786 rows=1345582 loops=1)
        Filter: (keyword_id < 1753)
        Rows Removed by Filter: 3178348
  ->  Hash  (cost=73925.90..73925.90 rows=1094252 width=4) (actual time=2085.617..2085.617 rows=1044222 loops=1)
        Buckets: 131072  Batches: 16  Memory Usage: 3325kB
        ->  Seq Scan on title t  (cost=0.00..73925.90 rows=1094252 width=4) (actual time=64.074..1303.347 rows=1044222 loops=1)
              Filter: ((production_year < 2009) AND (kind_id = 7))
              Rows Removed by Filter: 1484090
Planning time: 0.751 ms
Execution time: 4474.768 ms
