Hash Join  (cost=52284.99..793301.66 rows=389 width=0) (actual time=7046.826..15397.284 rows=612 loops=1)
  Hash Cond: (ci.movie_id = t.id)
  ->  Seq Scan on cast_info ci  (cost=0.00..705507.15 rows=9468168 width=4) (actual time=6228.081..13269.809 rows=9384703 loops=1)
        Filter: (role_id > 4)
        Rows Removed by Filter: 26859641
  ->  Hash  (cost=52283.69..52283.69 rows=104 width=8) (actual time=815.802..815.802 rows=192 loops=1)
        Buckets: 1024  Batches: 1  Memory Usage: 16kB
        ->  Nested Loop  (cost=0.43..52283.69 rows=104 width=8) (actual time=174.261..815.640 rows=192 loops=1)
              ->  Seq Scan on movie_companies mc  (cost=0.00..51404.11 rows=104 width=4) (actual time=174.106..790.645 rows=192 loops=1)
                    Filter: (company_id = 358)
                    Rows Removed by Filter: 2608937
              ->  Index Only Scan using title_pkey on title t  (cost=0.43..8.45 rows=1 width=4) (actual time=0.128..0.128 rows=1 loops=192)
                    Index Cond: (id = mc.movie_id)
                    Heap Fetches: 192
Planning time: 1.117 ms
Execution time: 15397.638 ms
