Hash Join  (cost=100843.84..187504.81 rows=293 width=0) (actual time=1660.695..3425.913 rows=7485 loops=1)
  Hash Cond: (mk.movie_id = t.id)
  ->  Seq Scan on movie_keyword mk  (cost=0.00..69693.30 rows=4523930 width=4) (actual time=0.022..995.444 rows=4523930 loops=1)
  ->  Hash  (cost=100841.79..100841.79 rows=164 width=8) (actual time=1651.406..1651.406 rows=1281 loops=1)
        Buckets: 2048 (originally 1024)  Batches: 1 (originally 1)  Memory Usage: 67kB
        ->  Hash Join  (cost=73929.67..100841.79 rows=164 width=8) (actual time=1326.671..1650.772 rows=1281 loops=1)
              Hash Cond: (mi_idx.movie_id = t.id)
              ->  Seq Scan on movie_info_idx mi_idx  (cost=0.00..21735.35 rows=1380035 width=4) (actual time=0.014..294.518 rows=1380035 loops=1)
              ->  Hash  (cost=73925.90..73925.90 rows=301 width=4) (actual time=1104.707..1104.707 rows=1276 loops=1)
                    Buckets: 2048 (originally 1024)  Batches: 1 (originally 1)  Memory Usage: 61kB
                    ->  Seq Scan on title t  (cost=0.00..73925.90 rows=301 width=4) (actual time=659.308..1103.917 rows=1276 loops=1)
                          Filter: ((kind_id = 3) AND (production_year = 1984))
                          Rows Removed by Filter: 2527036
Planning time: 1.219 ms
Execution time: 3427.104 ms
