Hash Join  (cost=120584.46..197511.40 rows=136142 width=0) (actual time=2272.532..4464.955 rows=641006 loops=1)
  Hash Cond: (mc.movie_id = t.id)
  ->  Seq Scan on movie_companies mc  (cost=0.00..44881.29 rows=2609129 width=4) (actual time=0.023..920.222 rows=2609129 loops=1)
  ->  Hash  (cost=118419.26..118419.26 rows=131936 width=8) (actual time=2271.479..2271.479 rows=173144 loops=1)
        Buckets: 131072 (originally 131072)  Batches: 4 (originally 2)  Memory Usage: 3073kB
        ->  Hash Join  (cost=79907.83..118419.26 rows=131936 width=8) (actual time=1193.202..2209.987 rows=173144 loops=1)
              Hash Cond: (mi_idx.movie_id = t.id)
              ->  Seq Scan on movie_info_idx mi_idx  (cost=0.00..25185.44 rows=915101 width=4) (actual time=0.033..515.299 rows=919850 loops=1)
                    Filter: (info_type_id < 101)
                    Rows Removed by Filter: 460185
              ->  Hash  (cost=73925.90..73925.90 rows=364554 width=4) (actual time=1192.223..1192.223 rows=274015 loops=1)
                    Buckets: 131072  Batches: 8  Memory Usage: 2229kB
                    ->  Seq Scan on title t  (cost=0.00..73925.90 rows=364554 width=4) (actual time=0.017..1102.439 rows=274015 loops=1)
                          Filter: ((production_year > 2000) AND (kind_id = 1))
                          Rows Removed by Filter: 2254297
Planning time: 1.154 ms
Execution time: 4542.745 ms
