Seq Scan on movie_keyword mk  (cost=0.00..81003.12 rows=2145491 width=0) (actual time=0.027..1512.254 rows=2153212 loops=1)
  Filter: (keyword_id < 4059)
  Rows Removed by Filter: 2370718
Planning time: 0.301 ms
Execution time: 1780.404 ms
