Hash Join  (cost=52284.99..79196.04 rows=57 width=184) (actual time=407.269..895.448 rows=6615 loops=1)
  Hash Cond: (mi_idx.movie_id = t.id)
  ->  Seq Scan on movie_info_idx mi_idx  (cost=0.00..21735.35 rows=1380035 width=50) (actual time=0.020..271.108 rows=1380035 loops=1)
  ->  Hash  (cost=52283.69..52283.69 rows=104 width=134) (actual time=406.035..406.035 rows=2403 loops=1)
        Buckets: 4096 (originally 1024)  Batches: 1 (originally 1)  Memory Usage: 420kB
        ->  Nested Loop  (cost=0.43..52283.69 rows=104 width=134) (actual time=1.838..404.380 rows=2403 loops=1)
              ->  Seq Scan on movie_companies mc  (cost=0.00..51404.11 rows=104 width=40) (actual time=1.802..371.375 rows=2403 loops=1)
                    Filter: (company_id = 575)
                    Rows Removed by Filter: 2606726
              ->  Index Scan using title_pkey on title t  (cost=0.43..8.45 rows=1 width=94) (actual time=0.013..0.013 rows=1 loops=2403)
                    Index Cond: (id = mc.movie_id)
Planning time: 1.457 ms
Execution time: 895.853 ms
