Seq Scan on movie_companies mc  (cost=0.00..57926.93 rows=1094551 width=0) (actual time=0.024..1177.499 rows=1274246 loops=1)
  Filter: ((company_id < 84221) AND (company_type_id < 2))
  Rows Removed by Filter: 1334883
Planning time: 0.250 ms
Execution time: 1334.641 ms
