Seq Scan on cast_info ci  (cost=0.00..796071.18 rows=24625642 width=0) (actual time=0.020..16992.768 rows=26849525 loops=1)
  Filter: ((person_id < 2885879) AND (role_id < 10))
  Rows Removed by Filter: 9394819
Planning time: 0.354 ms
Execution time: 20249.758 ms
