Hash Join  (cost=102767.86..265836.36 rows=2999962 width=0) (actual time=2024.404..6340.123 rows=2989578 loops=1)
  Hash Cond: (mk.movie_id = t.id)
  ->  Seq Scan on movie_keyword mk  (cost=0.00..81003.12 rows=2999962 width=4) (actual time=0.020..1759.812 rows=2989578 loops=1)
        Filter: (keyword_id > 2240)
        Rows Removed by Filter: 1534352
  ->  Hash  (cost=61283.27..61283.27 rows=2528527 width=4) (actual time=2022.003..2022.003 rows=2528312 loops=1)
        Buckets: 131072  Batches: 64  Memory Usage: 2425kB
        ->  Seq Scan on title t  (cost=0.00..61283.27 rows=2528527 width=4) (actual time=0.015..1156.770 rows=2528312 loops=1)
Planning time: 4.568 ms
Execution time: 6686.005 ms
