Hash Join  (cost=1068570.46..1293639.48 rows=7067225 width=0) (actual time=23103.730..30669.017 rows=15672025 loops=1)
  Hash Cond: (mk.movie_id = t.id)
  ->  Seq Scan on movie_keyword mk  (cost=0.00..69693.30 rows=4523930 width=4) (actual time=0.014..1426.575 rows=4523930 loops=1)
  ->  Hash  (cost=1003765.06..1003765.06 rows=3950032 width=8) (actual time=23101.741..23101.741 rows=3983801 loops=1)
        Buckets: 131072  Batches: 64  Memory Usage: 3473kB
        ->  Hash Join  (cost=102767.86..1003765.06 rows=3950032 width=8) (actual time=13168.367..21907.680 rows=3983801 loops=1)
              Hash Cond: (ci.movie_id = t.id)
              ->  Seq Scan on cast_info ci  (cost=0.00..796071.18 rows=3950032 width=4) (actual time=11269.247..16138.209 rows=3983801 loops=1)
                    Filter: ((person_id > 41959) AND (role_id = 3))
                    Rows Removed by Filter: 32260543
              ->  Hash  (cost=61283.27..61283.27 rows=2528527 width=4) (actual time=1898.205..1898.205 rows=2528312 loops=1)
                    Buckets: 131072  Batches: 64  Memory Usage: 2415kB
                    ->  Seq Scan on title t  (cost=0.00..61283.27 rows=2528527 width=4) (actual time=0.021..1067.218 rows=2528312 loops=1)
Planning time: 1.227 ms
Execution time: 32357.982 ms
