Hash Join  (cost=123741.96..615399.14 rows=1110622 width=0) (actual time=2568.603..15765.020 rows=5376323 loops=1)
  Hash Cond: (mi.movie_id = t.id)
  ->  Seq Scan on movie_info mi  (cost=0.00..309384.22 rows=14739122 width=4) (actual time=0.020..6111.182 rows=14835720 loops=1)
  ->  Hash  (cost=120615.34..120615.34 rows=190530 width=8) (actual time=2525.517..2525.517 rows=246428 loops=1)
        Buckets: 131072  Batches: 4  Memory Usage: 3439kB
        ->  Hash Join  (cost=79653.55..120615.34 rows=190530 width=8) (actual time=1227.810..2442.373 rows=246428 loops=1)
              Hash Cond: (mi_idx.movie_id = t.id)
              ->  Seq Scan on movie_info_idx mi_idx  (cost=0.00..21735.35 rows=1380035 width=4) (actual time=0.018..499.594 rows=1380035 loops=1)
              ->  Hash  (cost=73925.90..73925.90 rows=349092 width=4) (actual time=1226.851..1226.851 rows=265275 loops=1)
                    Buckets: 131072  Batches: 8  Memory Usage: 2190kB
                    ->  Seq Scan on title t  (cost=0.00..73925.90 rows=349092 width=4) (actual time=319.163..1136.057 rows=265275 loops=1)
                          Filter: ((production_year > 2001) AND (kind_id = 1))
                          Rows Removed by Filter: 2263037
Planning time: 1.178 ms
Execution time: 16341.266 ms
