Hash Join  (cost=92883.59..177084.40 rows=863032 width=0) (actual time=2051.831..3825.300 rows=518801 loops=1)
  Hash Cond: (mc.movie_id = t.id)
  ->  Seq Scan on movie_companies mc  (cost=0.00..51404.11 rows=1416277 width=4) (actual time=0.016..1023.210 rows=1405222 loops=1)
        Filter: (company_id < 12291)
        Rows Removed by Filter: 1203907
  ->  Hash  (cost=67604.59..67604.59 rows=1540800 width=4) (actual time=1682.049..1682.049 rows=1543264 loops=1)
        Buckets: 131072  Batches: 32  Memory Usage: 2722kB
        ->  Seq Scan on title t  (cost=0.00..67604.59 rows=1540800 width=4) (actual time=219.741..1198.359 rows=1543264 loops=1)
              Filter: (kind_id = 7)
              Rows Removed by Filter: 985048
Planning time: 0.772 ms
Execution time: 3886.177 ms
