Hash Join  (cost=197482.20..711547.81 rows=3610471 width=0) (actual time=4240.180..22263.884 rows=27071379 loops=1)
  Hash Cond: (mi.movie_id = t.id)
  ->  Seq Scan on movie_info mi  (cost=0.00..346232.03 rows=11115165 width=4) (actual time=0.023..6787.400 rows=11210743 loops=1)
        Filter: (info_type_id > 3)
        Rows Removed by Filter: 3624977
  ->  Hash  (cost=184006.63..184006.63 rows=821326 width=8) (actual time=4239.220..4239.220 rows=655859 loops=1)
        Buckets: 131072  Batches: 16  Memory Usage: 2651kB
        ->  Hash Join  (cost=95609.14..184006.63 rows=821326 width=8) (actual time=2003.223..4034.558 rows=655859 loops=1)
              Hash Cond: (mc.movie_id = t.id)
              ->  Seq Scan on movie_companies mc  (cost=0.00..57926.93 rows=1216659 width=4) (actual time=168.953..1151.026 rows=1165662 loops=1)
                    Filter: ((company_id > 19) AND (company_type_id < 2))
                    Rows Removed by Filter: 1443467
              ->  Hash  (cost=67604.59..67604.59 rows=1706924 width=4) (actual time=1833.407..1833.407 rows=1700316 loops=1)
                    Buckets: 131072  Batches: 32  Memory Usage: 2895kB
                    ->  Seq Scan on title t  (cost=0.00..67604.59 rows=1706924 width=4) (actual time=0.030..1294.199 rows=1700316 loops=1)
                          Filter: (production_year > 1992)
                          Rows Removed by Filter: 827996
Planning time: 1.237 ms
Execution time: 25246.242 ms
