Hash Join  (cost=101829.11..188878.35 rows=39120 width=0) (actual time=3013.903..3500.279 rows=13782 loops=1)
  Hash Cond: (mk.movie_id = t.id)
  ->  Seq Scan on movie_keyword mk  (cost=0.00..69693.30 rows=4523930 width=4) (actual time=0.014..891.874 rows=4523930 loops=1)
  ->  Hash  (cost=101555.80..101555.80 rows=21865 width=8) (actual time=1823.022..1823.022 rows=8268 loops=1)
        Buckets: 32768  Batches: 1  Memory Usage: 579kB
        ->  Hash Join  (cost=74426.67..101555.80 rows=21865 width=8) (actual time=1413.628..1819.810 rows=8268 loops=1)
              Hash Cond: (mi_idx.movie_id = t.id)
              ->  Seq Scan on movie_info_idx mi_idx  (cost=0.00..21735.35 rows=1380035 width=4) (actual time=0.021..296.492 rows=1380035 loops=1)
              ->  Hash  (cost=73925.90..73925.90 rows=40061 width=4) (actual time=1199.248..1199.248 rows=40120 loops=1)
                    Buckets: 65536  Batches: 1  Memory Usage: 1923kB
                    ->  Seq Scan on title t  (cost=0.00..73925.90 rows=40061 width=4) (actual time=0.025..1182.572 rows=40120 loops=1)
                          Filter: ((kind_id = 7) AND (production_year = 2013))
                          Rows Removed by Filter: 2488192
Planning time: 1.532 ms
Execution time: 3502.211 ms
