Hash Join  (cost=156285.35..280992.60 rows=438979 width=0) (actual time=3351.138..10308.949 rows=16986170 loops=1)
  Hash Cond: (mk.movie_id = t.id)
  ->  Seq Scan on movie_keyword mk  (cost=0.00..81003.12 rows=3285958 width=4) (actual time=0.024..1726.290 rows=3273588 loops=1)
        Filter: (keyword_id < 14421)
        Rows Removed by Filter: 1250342
  ->  Hash  (cost=150742.95..150742.95 rows=337792 width=8) (actual time=3190.293..3190.293 rows=667070 loops=1)
        Buckets: 131072 (originally 131072)  Batches: 16 (originally 8)  Memory Usage: 3073kB
        ->  Hash Join  (cost=78556.72..150742.95 rows=337792 width=8) (actual time=1253.461..3012.260 rows=667070 loops=1)
              Hash Cond: (mc.movie_id = t.id)
              ->  Seq Scan on movie_companies mc  (cost=0.00..51404.11 rows=1279517 width=4) (actual time=0.029..948.319 rows=1274246 loops=1)
                    Filter: (company_type_id = 1)
                    Rows Removed by Filter: 1334883
              ->  Hash  (cost=67604.59..67604.59 rows=667531 width=4) (actual time=1252.644..1252.644 rows=662825 loops=1)
                    Buckets: 131072  Batches: 16  Memory Usage: 2476kB
                    ->  Seq Scan on title t  (cost=0.00..67604.59 rows=667531 width=4) (actual time=0.094..1053.827 rows=662825 loops=1)
                          Filter: (kind_id = 1)
                          Rows Removed by Filter: 1865487
Planning time: 1.173 ms
Execution time: 12284.848 ms
