Seq Scan on cast_info ci  (cost=0.00..796071.18 rows=4321330 width=0) (actual time=9825.124..12128.329 rows=2274672 loops=1)
  Filter: ((person_id > 3170293) AND (role_id < 10))
  Rows Removed by Filter: 33969672
Planning time: 0.367 ms
Execution time: 12424.567 ms
