Hash Join  (cost=197346.41..1306593.00 rows=2936034 width=0) (actual time=4210.312..34798.233 rows=8640387 loops=1)
  Hash Cond: (ci.movie_id = t.id)
  ->  Seq Scan on cast_info ci  (cost=0.00..614943.12 rows=36225612 width=4) (actual time=0.016..12995.400 rows=36244344 loops=1)
  ->  Hash  (cost=193983.74..193983.74 rows=204934 width=8) (actual time=4209.303..4209.303 rows=472540 loops=1)
        Buckets: 131072 (originally 131072)  Batches: 8 (originally 4)  Memory Usage: 3332kB
        ->  Hash Join  (cost=69484.36..193983.74 rows=204934 width=8) (actual time=1121.256..4055.066 rows=472540 loops=1)
              Hash Cond: (mk.movie_id = t.id)
              ->  Seq Scan on movie_keyword mk  (cost=0.00..69693.30 rows=4523930 width=4) (actual time=0.025..1446.350 rows=4523930 loops=1)
              ->  Hash  (cost=67604.59..67604.59 rows=114542 width=4) (actual time=1120.407..1120.407 rows=118234 loops=1)
                    Buckets: 131072  Batches: 2  Memory Usage: 3107kB
                    ->  Seq Scan on title t  (cost=0.00..67604.59 rows=114542 width=4) (actual time=0.033..1077.852 rows=118234 loops=1)
                          Filter: (kind_id = 4)
                          Rows Removed by Filter: 2410078
Planning time: 0.981 ms
Execution time: 35745.062 ms
