Seq Scan on cast_info ci  (cost=0.00..796071.18 rows=6804906 width=0) (actual time=561.649..12118.093 rows=2889332 loops=1)
  Filter: ((person_id < 1014254) AND (role_id > 1))
  Rows Removed by Filter: 33355012
Planning time: 0.272 ms
Execution time: 12481.284 ms
