Hash Join  (cost=154743.42..519670.81 rows=27148 width=0) (actual time=2643.136..10383.003 rows=906498 loops=1)
  Hash Cond: (mi.movie_id = t.id)
  ->  Seq Scan on movie_info mi  (cost=0.00..309384.22 rows=14739122 width=4) (actual time=0.029..4319.760 rows=14835720 loops=1)
  ->  Hash  (cost=154685.21..154685.21 rows=4657 width=8) (actual time=2642.576..2642.576 rows=17513 loops=1)
        Buckets: 32768 (originally 8192)  Batches: 1 (originally 1)  Memory Usage: 941kB
        ->  Hash Join  (cost=67697.55..154685.21 rows=4657 width=8) (actual time=962.198..2635.745 rows=17513 loops=1)
              Hash Cond: (mk.movie_id = t.id)
              ->  Seq Scan on movie_keyword mk  (cost=0.00..81003.12 rows=1583458 width=4) (actual time=0.026..1373.484 rows=1591002 loops=1)
                    Filter: (keyword_id < 2440)
                    Rows Removed by Filter: 2932928
              ->  Hash  (cost=67604.59..67604.59 rows=7437 width=4) (actual time=962.069..962.069 rows=19861 loops=1)
                    Buckets: 32768 (originally 8192)  Batches: 1 (originally 1)  Memory Usage: 955kB
                    ->  Seq Scan on title t  (cost=0.00..67604.59 rows=7437 width=4) (actual time=0.024..953.118 rows=19861 loops=1)
                          Filter: (production_year = 1988)
                          Rows Removed by Filter: 2508451
Planning time: 1.225 ms
Execution time: 10494.929 ms
