Hash Join  (cost=90260.67..204898.34 rows=905906 width=0) (actual time=1687.363..4714.568 rows=714921 loops=1)
  Hash Cond: (mk.movie_id = t.id)
  ->  Seq Scan on movie_keyword mk  (cost=0.00..81003.12 rows=1658795 width=4) (actual time=0.021..1503.818 rows=1669930 loops=1)
        Filter: (keyword_id < 2560)
        Rows Removed by Filter: 2854000
  ->  Hash  (cost=67604.59..67604.59 rows=1380887 width=4) (actual time=1685.833..1685.833 rows=1381453 loops=1)
        Buckets: 131072  Batches: 32  Memory Usage: 2551kB
        ->  Seq Scan on title t  (cost=0.00..67604.59 rows=1380887 width=4) (actual time=0.014..1226.240 rows=1381453 loops=1)
              Filter: (production_year > 2000)
              Rows Removed by Filter: 1146859
Planning time: 0.725 ms
Execution time: 4800.751 ms
