Hash Join  (cost=58375.85..853972.08 rows=504 width=0) (actual time=3673.595..18020.386 rows=66 loops=1)
  Hash Cond: (ci.movie_id = t.id)
  ->  Seq Scan on cast_info ci  (cost=0.00..705507.15 rows=24022411 width=4) (actual time=2780.485..14321.376 rows=24130698 loops=1)
        Filter: (role_id < 4)
        Rows Removed by Filter: 12113646
  ->  Hash  (cost=58375.18..58375.18 rows=53 width=8) (actual time=448.679..448.679 rows=48 loops=1)
        Buckets: 1024  Batches: 1  Memory Usage: 10kB
        ->  Nested Loop  (cost=0.43..58375.18 rows=53 width=8) (actual time=20.848..448.653 rows=48 loops=1)
              ->  Seq Scan on movie_companies mc  (cost=0.00..57926.93 rows=53 width=4) (actual time=20.714..448.052 rows=48 loops=1)
                    Filter: ((company_type_id > 1) AND (company_id = 84570))
                    Rows Removed by Filter: 2609081
              ->  Index Only Scan using title_pkey on title t  (cost=0.43..8.45 rows=1 width=4) (actual time=0.011..0.011 rows=1 loops=48)
                    Index Cond: (id = mc.movie_id)
                    Heap Fetches: 48
Planning time: 1.152 ms
Execution time: 18020.560 ms
