Seq Scan on movie_keyword mk  (cost=0.00..81003.12 rows=2707762 width=0) (actual time=0.026..1492.643 rows=2705596 loops=1)
  Filter: (keyword_id < 7639)
  Rows Removed by Filter: 1818334
Planning time: 0.318 ms
Execution time: 1834.133 ms
