Hash Join  (cost=293474.30..1454782.99 rows=18987401 width=0) (actual time=8914.648..34375.588 rows=9920519 loops=1)
  Hash Cond: (ci.movie_id = t.id)
  ->  Seq Scan on cast_info ci  (cost=0.00..705507.15 rows=20024311 width=4) (actual time=2843.278..15740.375 rows=20122661 loops=1)
        Filter: (role_id < 3)
        Rows Removed by Filter: 16121683
  ->  Hash  (cost=254138.39..254138.39 rows=2397593 width=8) (actual time=6069.532..6069.532 rows=628260 loops=1)
        Buckets: 131072  Batches: 32  Memory Usage: 1764kB
        ->  Hash Join  (cost=93093.72..254138.39 rows=2397593 width=8) (actual time=1838.501..5874.212 rows=628260 loops=1)
              Hash Cond: (mk.movie_id = t.id)
              ->  Seq Scan on movie_keyword mk  (cost=0.00..81003.12 rows=3902122 width=4) (actual time=0.031..1837.514 rows=3901855 loops=1)
                    Filter: (keyword_id < 29338)
                    Rows Removed by Filter: 622075
              ->  Hash  (cost=67604.59..67604.59 rows=1553611 width=4) (actual time=1826.468..1826.468 rows=1555864 loops=1)
                    Buckets: 131072  Batches: 32  Memory Usage: 2740kB
                    ->  Seq Scan on title t  (cost=0.00..67604.59 rows=1553611 width=4) (actual time=0.018..1297.905 rows=1555864 loops=1)
                          Filter: (kind_id > 4)
                          Rows Removed by Filter: 972448
Planning time: 1.138 ms
Execution time: 35584.884 ms
