Hash Join  (cost=106609.47..858557.39 rows=115875 width=0) (actual time=1137.065..18448.931 rows=316835 loops=1)
  Hash Cond: (ci.movie_id = t.id)
  ->  Seq Scan on cast_info ci  (cost=0.00..614943.12 rows=36225612 width=4) (actual time=0.008..8874.298 rows=36244344 loops=1)
  ->  Hash  (cost=106508.37..106508.37 rows=8088 width=8) (actual time=1136.552..1136.552 rows=8235 loops=1)
        Buckets: 16384 (originally 8192)  Batches: 1 (originally 1)  Memory Usage: 450kB
        ->  Nested Loop  (cost=0.43..106508.37 rows=8088 width=8) (actual time=0.073..1132.018 rows=8235 loops=1)
              ->  Seq Scan on movie_companies mc  (cost=0.00..51404.11 rows=8088 width=4) (actual time=0.022..874.002 rows=8235 loops=1)
                    Filter: (company_id = 424)
                    Rows Removed by Filter: 2600894
              ->  Index Only Scan using title_pkey on title t  (cost=0.43..6.80 rows=1 width=4) (actual time=0.030..0.031 rows=1 loops=8235)
                    Index Cond: (id = mc.movie_id)
                    Heap Fetches: 8235
Planning time: 0.706 ms
Execution time: 18496.435 ms
