Seq Scan on movie_companies mc  (cost=0.00..57926.93 rows=509309 width=0) (actual time=39.303..996.688 rows=719125 loops=1)
  Filter: ((company_id < 5867) AND (company_type_id < 2))
  Rows Removed by Filter: 1890004
Planning time: 0.356 ms
Execution time: 1089.463 ms
