Hash Join  (cost=167322.81..1213027.18 rows=1158520 width=0) (actual time=3090.431..30199.051 rows=2007318 loops=1)
  Hash Cond: (ci.movie_id = t.id)
  ->  Seq Scan on cast_info ci  (cost=0.00..614943.12 rows=36225612 width=4) (actual time=0.024..13459.649 rows=36244344 loops=1)
  ->  Hash  (cost=165996.01..165996.01 rows=80864 width=8) (actual time=3089.722..3089.722 rows=84071 loops=1)
        Buckets: 131072  Batches: 2  Memory Usage: 2662kB
        ->  Hash Join  (cost=102767.86..165996.01 rows=80864 width=8) (actual time=1925.729..3061.564 rows=84071 loops=1)
              Hash Cond: (mc.movie_id = t.id)
              ->  Seq Scan on movie_companies mc  (cost=0.00..51404.11 rows=80864 width=4) (actual time=0.016..731.080 rows=84071 loops=1)
                    Filter: (company_id < 19)
                    Rows Removed by Filter: 2525058
              ->  Hash  (cost=61283.27..61283.27 rows=2528527 width=4) (actual time=1913.252..1913.252 rows=2528312 loops=1)
                    Buckets: 131072  Batches: 64  Memory Usage: 2415kB
                    ->  Seq Scan on title t  (cost=0.00..61283.27 rows=2528527 width=4) (actual time=0.020..1078.229 rows=2528312 loops=1)
Planning time: 1.279 ms
Execution time: 30446.513 ms
