Seq Scan on movie_companies mc  (cost=0.00..51404.11 rows=1905650 width=0) (actual time=0.026..906.998 rows=1901510 loops=1)
  Filter: (company_id < 44130)
  Rows Removed by Filter: 707619
Planning time: 0.243 ms
Execution time: 1135.037 ms
