Hash Join  (cost=81319.76..114466.26 rows=82794 width=0) (actual time=1556.611..2322.555 rows=110906 loops=1)
  Hash Cond: (mi_idx.movie_id = t.id)
  ->  Seq Scan on movie_info_idx mi_idx  (cost=0.00..25185.44 rows=464566 width=4) (actual time=0.025..488.559 rows=459925 loops=1)
        Filter: (info_type_id = 101)
        Rows Removed by Filter: 920110
  ->  Hash  (cost=73925.90..73925.90 rows=450628 width=4) (actual time=1555.694..1555.694 rows=325089 loops=1)
        Buckets: 131072  Batches: 8  Memory Usage: 2458kB
        ->  Seq Scan on title t  (cost=0.00..73925.90 rows=450628 width=4) (actual time=231.802..1281.102 rows=325089 loops=1)
              Filter: ((production_year > 1992) AND (kind_id = 1))
              Rows Removed by Filter: 2203223
Planning time: 0.778 ms
Execution time: 2335.223 ms
