Hash Join  (cost=137436.81..896530.05 rows=830408 width=0) (actual time=2612.529..27713.432 rows=1529477 loops=1)
  Hash Cond: (ci.movie_id = t.id)
  ->  Seq Scan on cast_info ci  (cost=0.00..614943.12 rows=36225612 width=4) (actual time=0.013..10173.582 rows=36244344 loops=1)
  ->  Hash  (cost=136712.28..136712.28 rows=57962 width=8) (actual time=2612.124..2612.124 rows=89540 loops=1)
        Buckets: 131072 (originally 65536)  Batches: 2 (originally 1)  Memory Usage: 3073kB
        ->  Hash Join  (cost=69484.36..136712.28 rows=57962 width=8) (actual time=1099.605..2574.008 rows=89540 loops=1)
              Hash Cond: (mc.movie_id = t.id)
              ->  Seq Scan on movie_companies mc  (cost=0.00..51404.11 rows=1279517 width=4) (actual time=0.018..944.499 rows=1274246 loops=1)
                    Filter: (company_type_id = 1)
                    Rows Removed by Filter: 1334883
              ->  Hash  (cost=67604.59..67604.59 rows=114542 width=4) (actual time=1098.863..1098.863 rows=118234 loops=1)
                    Buckets: 131072  Batches: 2  Memory Usage: 3101kB
                    ->  Seq Scan on title t  (cost=0.00..67604.59 rows=114542 width=4) (actual time=276.867..1056.613 rows=118234 loops=1)
                          Filter: (kind_id = 4)
                          Rows Removed by Filter: 2410078
Planning time: 5.278 ms
Execution time: 27911.754 ms
