Hash Join  (cost=52284.34..79194.99 rows=17 width=0) (actual time=770.199..1277.954 rows=3065 loops=1)
  Hash Cond: (mi_idx.movie_id = t.id)
  ->  Seq Scan on movie_info_idx mi_idx  (cost=0.00..21735.35 rows=1380035 width=4) (actual time=0.024..262.750 rows=1380035 loops=1)
  ->  Hash  (cost=52283.95..52283.95 rows=31 width=8) (actual time=770.122..770.122 rows=1042 loops=1)
        Buckets: 2048 (originally 1024)  Batches: 1 (originally 1)  Memory Usage: 57kB
        ->  Nested Loop  (cost=0.43..52283.95 rows=31 width=8) (actual time=0.090..769.517 rows=1042 loops=1)
              ->  Seq Scan on movie_companies mc  (cost=0.00..51404.11 rows=104 width=4) (actual time=0.051..712.947 rows=1854 loops=1)
                    Filter: (company_id = 226)
                    Rows Removed by Filter: 2607275
              ->  Index Scan using title_pkey on title t  (cost=0.43..8.45 rows=1 width=4) (actual time=0.030..0.030 rows=1 loops=1854)
                    Index Cond: (id = mc.movie_id)
                    Filter: (kind_id < 3)
                    Rows Removed by Filter: 0
Planning time: 1.206 ms
Execution time: 1278.561 ms
