Hash Join  (cost=298084.81..975247.33 rows=15042779 width=0) (actual time=7118.109..49560.057 rows=128318136 loops=1)
  Hash Cond: (mi.movie_id = t.id)
  ->  Seq Scan on movie_info mi  (cost=0.00..309384.22 rows=14739122 width=4) (actual time=0.010..6374.765 rows=14835720 loops=1)
  ->  Hash  (cost=255746.06..255746.06 rows=2580620 width=8) (actual time=7117.377..7117.377 rows=2571438 loops=1)
        Buckets: 131072  Batches: 64  Memory Usage: 2692kB
        ->  Hash Join  (cost=102767.86..255746.06 rows=2580620 width=8) (actual time=1949.477..6339.477 rows=2571438 loops=1)
              Hash Cond: (mk.movie_id = t.id)
              ->  Seq Scan on movie_keyword mk  (cost=0.00..81003.12 rows=2580620 width=4) (actual time=0.015..1680.916 rows=2571438 loops=1)
                    Filter: (keyword_id < 6603)
                    Rows Removed by Filter: 1952492
              ->  Hash  (cost=61283.27..61283.27 rows=2528527 width=4) (actual time=1948.724..1948.724 rows=2528312 loops=1)
                    Buckets: 131072  Batches: 64  Memory Usage: 2425kB
                    ->  Seq Scan on title t  (cost=0.00..61283.27 rows=2528527 width=4) (actual time=0.014..1077.198 rows=2528312 loops=1)
Planning time: 0.754 ms
Execution time: 63119.085 ms
