Hash Join  (cost=206950.97..723334.88 rows=1701311 width=0) (actual time=4635.950..16690.364 rows=457047 loops=1)
  Hash Cond: (mi.movie_id = t.id)
  ->  Seq Scan on movie_info mi  (cost=0.00..309384.22 rows=14739122 width=4) (actual time=0.024..6185.047 rows=14835720 loops=1)
  ->  Hash  (cost=202161.68..202161.68 rows=291863 width=8) (actual time=4373.333..4373.333 rows=41409 loops=1)
        Buckets: 131072  Batches: 4  Memory Usage: 1444kB
        ->  Hash Join  (cost=76603.02..202161.68 rows=291863 width=8) (actual time=2060.683..4358.564 rows=41409 loops=1)
              Hash Cond: (mk.movie_id = t.id)
              ->  Seq Scan on movie_keyword mk  (cost=0.00..69693.30 rows=4523930 width=4) (actual time=0.031..1452.864 rows=4523930 loops=1)
              ->  Hash  (cost=73925.90..73925.90 rows=163129 width=4) (actual time=1216.168..1216.168 rows=60161 loops=1)
                    Buckets: 131072  Batches: 4  Memory Usage: 1558kB
                    ->  Seq Scan on title t  (cost=0.00..73925.90 rows=163129 width=4) (actual time=11.699..1192.384 rows=60161 loops=1)
                          Filter: ((kind_id > 4) AND (production_year < 1962))
                          Rows Removed by Filter: 2468151
Planning time: 1.185 ms
Execution time: 16747.900 ms
