Hash Join  (cost=107928.35..954184.69 rows=5657495 width=0) (actual time=4136.440..21500.080 rows=5653089 loops=1)
  Hash Cond: (ci.movie_id = t.id)
  ->  Seq Scan on cast_info ci  (cost=0.00..705507.15 rows=5820248 width=4) (actual time=1386.590..13624.466 rows=5732694 loops=1)
        Filter: (role_id > 8)
        Rows Removed by Filter: 30511650
  ->  Hash  (cost=67604.59..67604.59 rows=2457821 width=4) (actual time=2748.240..2748.240 rows=2456218 loops=1)
        Buckets: 131072  Batches: 64  Memory Usage: 2375kB
        ->  Seq Scan on title t  (cost=0.00..67604.59 rows=2457821 width=4) (actual time=0.025..1388.522 rows=2456218 loops=1)
              Filter: (production_year > 0)
              Rows Removed by Filter: 72094
Planning time: 0.856 ms
Execution time: 22144.159 ms
