Nested Loop  (cost=0.43..124109.85 rows=5429 width=0) (actual time=0.400..1410.079 rows=6485 loops=1)
  ->  Seq Scan on movie_keyword mk  (cost=0.00..81003.12 rows=6032 width=4) (actual time=0.340..1223.002 rows=6516 loops=1)
        Filter: (keyword_id = 196)
        Rows Removed by Filter: 4517414
  ->  Index Scan using title_pkey on title t  (cost=0.43..7.14 rows=1 width=4) (actual time=0.028..0.028 rows=1 loops=6516)
        Index Cond: (id = mk.movie_id)
        Filter: (production_year > 1953)
        Rows Removed by Filter: 0
Planning time: 0.739 ms
Execution time: 1411.771 ms
