Hash Join  (cost=254879.21..900147.38 rows=13780334 width=0) (actual time=6995.258..36913.588 rows=60743880 loops=1)
  Hash Cond: (mi.movie_id = t.id)
  ->  Seq Scan on movie_info mi  (cost=0.00..309384.22 rows=14739122 width=4) (actual time=0.020..5813.794 rows=14835720 loops=1)
  ->  Hash  (cost=216093.65..216093.65 rows=2364045 width=8) (actual time=6994.177..6994.177 rows=2219977 loops=1)
        Buckets: 131072  Batches: 32  Memory Usage: 3780kB
        ->  Hash Join  (cost=105192.26..216093.65 rows=2364045 width=8) (actual time=2575.037..6310.686 rows=2219977 loops=1)
              Hash Cond: (mc.movie_id = t.id)
              ->  Seq Scan on movie_companies mc  (cost=0.00..44881.29 rows=2609129 width=4) (actual time=0.019..966.772 rows=2609129 loops=1)
              ->  Hash  (cost=67604.59..67604.59 rows=2291014 width=4) (actual time=2573.621..2573.621 rows=2281608 loops=1)
                    Buckets: 131072  Batches: 32  Memory Usage: 3535kB
                    ->  Seq Scan on title t  (cost=0.00..67604.59 rows=2291014 width=4) (actual time=0.019..1402.683 rows=2281608 loops=1)
                          Filter: (production_year > 1951)
                          Rows Removed by Filter: 246704
Planning time: 1.102 ms
Execution time: 43641.335 ms
