Nested Loop  (cost=44377.22..188205.30 rows=15992 width=0) (actual time=935.053..2935.007 rows=41839 loops=1)
  ->  Hash Join  (cost=44376.79..136999.58 rows=87099 width=8) (actual time=934.985..2444.011 rows=41839 loops=1)
        Hash Cond: (mk.movie_id = mi_idx.movie_id)
        ->  Seq Scan on movie_keyword mk  (cost=0.00..81003.12 rows=29301 width=4) (actual time=0.028..1265.524 rows=24747 loops=1)
              Filter: (keyword_id < 18)
              Rows Removed by Filter: 4499183
        ->  Hash  (cost=21735.35..21735.35 rows=1380035 width=4) (actual time=924.348..924.348 rows=1380035 loops=1)
              Buckets: 131072  Batches: 32  Memory Usage: 2556kB
              ->  Seq Scan on movie_info_idx mi_idx  (cost=0.00..21735.35 rows=1380035 width=4) (actual time=0.024..478.875 rows=1380035 loops=1)
  ->  Index Only Scan using title_pkey on title t  (cost=0.43..0.58 rows=1 width=4) (actual time=0.011..0.011 rows=1 loops=41839)
        Index Cond: (id = mi_idx.movie_id)
        Heap Fetches: 41839
Planning time: 1.142 ms
Execution time: 2942.908 ms
