Hash Join  (cost=136125.89..263164.26 rows=413333 width=0) (actual time=3058.448..6232.855 rows=327323 loops=1)
  Hash Cond: (mk.movie_id = t.id)
  ->  Seq Scan on movie_keyword mk  (cost=0.00..69693.30 rows=4523930 width=4) (actual time=0.023..1465.468 rows=4523930 loops=1)
  ->  Hash  (cost=132335.12..132335.12 rows=231021 width=8) (actual time=2989.196..2989.196 rows=125961 loops=1)
        Buckets: 131072  Batches: 4  Memory Usage: 2257kB
        ->  Hash Join  (cost=94555.35..132335.12 rows=231021 width=8) (actual time=2020.369..2948.051 rows=125961 loops=1)
              Hash Cond: (mi_idx.movie_id = t.id)
              ->  Seq Scan on movie_info_idx mi_idx  (cost=0.00..25185.44 rows=464566 width=4) (actual time=0.020..452.364 rows=459925 loops=1)
                    Filter: (info_type_id = 101)
                    Rows Removed by Filter: 920110
              ->  Hash  (cost=73925.90..73925.90 rows=1257396 width=4) (actual time=2019.018..2019.018 rows=1340616 loops=1)
                    Buckets: 131072  Batches: 32  Memory Usage: 2502kB
                    ->  Seq Scan on title t  (cost=0.00..73925.90 rows=1257396 width=4) (actual time=249.280..1582.775 rows=1340616 loops=1)
                          Filter: ((production_year > 1971) AND (kind_id = 7))
                          Rows Removed by Filter: 1187696
Planning time: 1.188 ms
Execution time: 6272.278 ms
