Hash Join  (cost=73962.22..100888.56 rows=1586 width=0) (actual time=1056.194..1593.326 rows=4711 loops=1)
  Hash Cond: (mi_idx.movie_id = t.id)
  ->  Seq Scan on movie_info_idx mi_idx  (cost=0.00..21735.35 rows=1380035 width=4) (actual time=0.019..287.996 rows=1380035 loops=1)
  ->  Hash  (cost=73925.90..73925.90 rows=2905 width=4) (actual time=1055.795..1055.795 rows=4390 loops=1)
        Buckets: 8192 (originally 4096)  Batches: 1 (originally 1)  Memory Usage: 219kB
        ->  Seq Scan on title t  (cost=0.00..73925.90 rows=2905 width=4) (actual time=0.030..1053.574 rows=4390 loops=1)
              Filter: ((kind_id < 7) AND (production_year = 1962))
              Rows Removed by Filter: 2523922
Planning time: 0.752 ms
Execution time: 1594.205 ms
