Hash Join  (cost=432608.83..487833.18 rows=55884 width=0) (actual time=7118.921..8519.869 rows=148221 loops=1)
  Hash Cond: (mc.movie_id = t.id)
  ->  Seq Scan on movie_companies mc  (cost=0.00..44881.29 rows=2609129 width=4) (actual time=0.026..731.184 rows=2609129 loops=1)
  ->  Hash  (cost=431931.87..431931.87 rows=54157 width=8) (actual time=7118.524..7118.524 rows=40917 loops=1)
        Buckets: 65536  Batches: 1  Memory Usage: 2111kB
        ->  Hash Join  (cost=69283.60..431931.87 rows=54157 width=8) (actual time=5186.349..7106.031 rows=40917 loops=1)
              Hash Cond: (mi.movie_id = t.id)
              ->  Seq Scan on movie_info mi  (cost=0.00..346232.03 rows=1338312 width=4) (actual time=3804.408..5406.139 rows=1401902 loops=1)
                    Filter: (info_type_id = 7)
                    Rows Removed by Filter: 13433818
              ->  Hash  (cost=67604.59..67604.59 rows=102321 width=4) (actual time=1139.624..1139.624 rows=100537 loops=1)
                    Buckets: 131072  Batches: 2  Memory Usage: 2803kB
                    ->  Seq Scan on title t  (cost=0.00..67604.59 rows=102321 width=4) (actual time=486.670..1101.308 rows=100537 loops=1)
                          Filter: (kind_id = 3)
                          Rows Removed by Filter: 2427775
Planning time: 2.169 ms
Execution time: 8538.915 ms
