Hash Join  (cost=102767.86..204457.96 rows=1679261 width=0) (actual time=1845.264..4748.163 rows=1678548 loops=1)
  Hash Cond: (mc.movie_id = t.id)
  ->  Seq Scan on movie_companies mc  (cost=0.00..51404.11 rows=1679261 width=4) (actual time=0.026..1044.044 rows=1678548 loops=1)
        Filter: (company_id > 3306)
        Rows Removed by Filter: 930581
  ->  Hash  (cost=61283.27..61283.27 rows=2528527 width=4) (actual time=1843.975..1843.975 rows=2528312 loops=1)
        Buckets: 131072  Batches: 64  Memory Usage: 2415kB
        ->  Seq Scan on title t  (cost=0.00..61283.27 rows=2528527 width=4) (actual time=0.023..1047.060 rows=2528312 loops=1)
Planning time: 5.576 ms
Execution time: 4938.170 ms
