Hash Join  (cost=94699.36..459591.89 rows=23660 width=0) (actual time=1648.095..9129.044 rows=167917 loops=1)
  Hash Cond: (mi.movie_id = t.id)
  ->  Seq Scan on movie_info mi  (cost=0.00..309384.22 rows=14739122 width=4) (actual time=0.021..4415.920 rows=14835720 loops=1)
  ->  Hash  (cost=94648.62..94648.62 rows=4059 width=8) (actual time=1647.648..1647.648 rows=11305 loops=1)
        Buckets: 16384 (originally 4096)  Batches: 1 (originally 1)  Memory Usage: 570kB
        ->  Hash Join  (cost=67697.55..94648.62 rows=4059 width=8) (actual time=1001.840..1642.809 rows=11305 loops=1)
              Hash Cond: (mi_idx.movie_id = t.id)
              ->  Seq Scan on movie_info_idx mi_idx  (cost=0.00..21735.35 rows=1380035 width=4) (actual time=0.019..328.335 rows=1380035 loops=1)
              ->  Hash  (cost=67604.59..67604.59 rows=7437 width=4) (actual time=1001.008..1001.008 rows=14428 loops=1)
                    Buckets: 16384 (originally 8192)  Batches: 1 (originally 1)  Memory Usage: 636kB
                    ->  Seq Scan on title t  (cost=0.00..67604.59 rows=7437 width=4) (actual time=0.094..994.442 rows=14428 loops=1)
                          Filter: (production_year = 1978)
                          Rows Removed by Filter: 2513884
Planning time: 1.153 ms
Execution time: 9152.710 ms
