Hash Join  (cost=76242.82..107611.79 rows=25941 width=0) (actual time=1169.453..1883.864 rows=26367 loops=1)
  Hash Cond: (mi_idx.movie_id = t.id)
  ->  Seq Scan on movie_info_idx mi_idx  (cost=0.00..25185.44 rows=464566 width=4) (actual time=0.023..505.865 rows=459925 loops=1)
        Filter: (info_type_id = 101)
        Rows Removed by Filter: 920110
  ->  Hash  (cost=73925.90..73925.90 rows=141193 width=4) (actual time=1168.679..1168.679 rows=132182 loops=1)
        Buckets: 131072  Batches: 2  Memory Usage: 3340kB
        ->  Seq Scan on title t  (cost=0.00..73925.90 rows=141193 width=4) (actual time=0.031..1119.937 rows=132182 loops=1)
              Filter: ((production_year > 2009) AND (kind_id = 1))
              Rows Removed by Filter: 2396130
Planning time: 0.767 ms
Execution time: 1887.836 ms
