Hash Join  (cost=796537.03..1190266.41 rows=275 width=0) (actual time=11019.479..18598.951 rows=1597 loops=1)
  Hash Cond: (mi.movie_id = t.id)
  ->  Seq Scan on movie_info mi  (cost=0.00..346232.03 rows=12665229 width=4) (actual time=421.070..6357.757 rows=12744652 loops=1)
        Filter: (info_type_id > 2)
        Rows Removed by Filter: 2091068
  ->  Hash  (cost=796536.34..796536.34 rows=55 width=8) (actual time=10467.307..10467.307 rows=331 loops=1)
        Buckets: 1024  Batches: 1  Memory Usage: 21kB
        ->  Nested Loop  (cost=0.43..796536.34 rows=55 width=8) (actual time=4591.405..10467.166 rows=331 loops=1)
              ->  Seq Scan on cast_info ci  (cost=0.00..796071.18 rows=55 width=4) (actual time=4591.301..10454.356 rows=331 loops=1)
                    Filter: ((person_id = 673476) AND (role_id = 3))
                    Rows Removed by Filter: 36244013
              ->  Index Only Scan using title_pkey on title t  (cost=0.43..8.45 rows=1 width=4) (actual time=0.038..0.038 rows=1 loops=331)
                    Index Cond: (id = ci.movie_id)
                    Heap Fetches: 331
Planning time: 1.149 ms
Execution time: 18599.289 ms
