Seq Scan on cast_info ci  (cost=0.00..705507.15 rows=500 width=0) (actual time=231.608..10680.887 rows=83 loops=1)
  Filter: (person_id = 733591)
  Rows Removed by Filter: 36244261
Planning time: 0.272 ms
Execution time: 10681.000 ms
