Seq Scan on cast_info ci  (cost=0.00..705507.15 rows=14124989 width=0) (actual time=4429.900..11592.281 rows=14286944 loops=1)
  Filter: (person_id > 2233805)
  Rows Removed by Filter: 21957400
Planning time: 0.342 ms
Execution time: 13262.342 ms
