Hash Join  (cost=147565.17..272638.64 rows=252044 width=0) (actual time=3512.159..6984.276 rows=1045578 loops=1)
  Hash Cond: (mk.movie_id = t.id)
  ->  Seq Scan on movie_keyword mk  (cost=0.00..69693.30 rows=4523930 width=4) (actual time=0.015..1494.693 rows=4523930 loops=1)
  ->  Hash  (cost=145253.25..145253.25 rows=140873 width=8) (actual time=3511.083..3511.083 rows=280557 loops=1)
        Buckets: 131072 (originally 131072)  Batches: 4 (originally 2)  Memory Usage: 3774kB
        ->  Hash Join  (cost=75321.41..145253.25 rows=140873 width=8) (actual time=1643.943..3405.194 rows=280557 loops=1)
              Hash Cond: (mc.movie_id = t.id)
              ->  Seq Scan on movie_companies mc  (cost=0.00..57926.93 rows=757380 width=4) (actual time=313.988..1109.429 rows=974613 loops=1)
                    Filter: ((company_id > 7851) AND (company_type_id > 1))
                    Rows Removed by Filter: 1634516
              ->  Hash  (cost=67604.59..67604.59 rows=470306 width=4) (actual time=1328.952..1328.952 rows=465563 loops=1)
                    Buckets: 131072  Batches: 8  Memory Usage: 3063kB
                    ->  Seq Scan on title t  (cost=0.00..67604.59 rows=470306 width=4) (actual time=0.097..1178.854 rows=465563 loops=1)
                          Filter: (production_year < 1977)
                          Rows Removed by Filter: 2062749
Planning time: 1.192 ms
Execution time: 7106.585 ms
