Hash Join  (cost=83072.96..109983.47 rows=3 width=0) (actual time=1330.901..1812.397 rows=6 loops=1)
  Hash Cond: (mi_idx.movie_id = t.id)
  ->  Seq Scan on movie_info_idx mi_idx  (cost=0.00..21735.35 rows=1380035 width=4) (actual time=0.013..354.066 rows=1380035 loops=1)
  ->  Hash  (cost=83072.90..83072.90 rows=5 width=8) (actual time=1195.976..1195.976 rows=2 loops=1)
        Buckets: 1024  Batches: 1  Memory Usage: 9kB
        ->  Nested Loop  (cost=0.43..83072.90 rows=5 width=8) (actual time=876.498..1195.962 rows=2 loops=1)
              ->  Seq Scan on movie_keyword mk  (cost=0.00..81003.12 rows=246 width=4) (actual time=30.819..1193.597 rows=53 loops=1)
                    Filter: (keyword_id = 7104)
                    Rows Removed by Filter: 4523877
              ->  Index Scan using title_pkey on title t  (cost=0.43..8.40 rows=1 width=4) (actual time=0.040..0.040 rows=0 loops=53)
                    Index Cond: (id = mk.movie_id)
                    Filter: ((kind_id > 1) AND (production_year > 2012))
                    Rows Removed by Filter: 1
Planning time: 1.025 ms
Execution time: 1812.535 ms
