Hash Join  (cost=207412.03..1375188.31 rows=13041711 width=0) (actual time=4850.634..42853.825 rows=26782790 loops=1)
  Hash Cond: (ci.movie_id = t.id)
  ->  Seq Scan on cast_info ci  (cost=0.00..614943.12 rows=36225612 width=4) (actual time=0.027..13143.238 rows=36244344 loops=1)
  ->  Hash  (cost=192477.23..192477.23 rows=910304 width=8) (actual time=4849.656..4849.656 rows=1098026 loops=1)
        Buckets: 131072  Batches: 16  Memory Usage: 3699kB
        ->  Hash Join  (cost=102767.86..192477.23 rows=910304 width=8) (actual time=1853.412..4513.498 rows=1098026 loops=1)
              Hash Cond: (mc.movie_id = t.id)
              ->  Seq Scan on movie_companies mc  (cost=0.00..57926.93 rows=910304 width=4) (actual time=0.025..1074.163 rows=1098026 loops=1)
                    Filter: ((company_id > 1886) AND (company_type_id = 2))
                    Rows Removed by Filter: 1511103
              ->  Hash  (cost=61283.27..61283.27 rows=2528527 width=4) (actual time=1852.274..1852.274 rows=2528312 loops=1)
                    Buckets: 131072  Batches: 64  Memory Usage: 2415kB
                    ->  Seq Scan on title t  (cost=0.00..61283.27 rows=2528527 width=4) (actual time=0.023..981.420 rows=2528312 loops=1)
Planning time: 1.143 ms
Execution time: 45688.062 ms
