Seq Scan on movie_companies mc  (cost=0.00..57926.93 rows=53 width=0) (actual time=534.106..896.081 rows=1 loops=1)
  Filter: ((company_type_id > 1) AND (company_id = 188890))
  Rows Removed by Filter: 2609128
Planning time: 1.074 ms
Execution time: 896.174 ms
