Hash Join  (cost=775814.51..2987838.17 rows=92654745 width=0) (actual time=17745.520..72675.347 rows=70656849 loops=1)
  Hash Cond: (ci.movie_id = t.id)
  ->  Seq Scan on cast_info ci  (cost=0.00..614943.12 rows=36225612 width=4) (actual time=0.025..13378.555 rows=36244344 loops=1)
  ->  Hash  (cost=669710.91..669710.91 rows=6467248 width=8) (actual time=17743.680..17743.680 rows=2857485 loops=1)
        Buckets: 131072  Batches: 128  Memory Usage: 1883kB
        ->  Hash Join  (cost=93190.30..669710.91 rows=6467248 width=8) (actual time=1857.067..16857.945 rows=2857485 loops=1)
              Hash Cond: (mi.movie_id = t.id)
              ->  Seq Scan on movie_info mi  (cost=0.00..346232.03 rows=13926693 width=4) (actual time=210.129..7176.134 rows=13963496 loops=1)
                    Filter: (info_type_id < 98)
                    Rows Removed by Filter: 872224
              ->  Hash  (cost=73925.90..73925.90 rows=1174192 width=4) (actual time=1646.061..1646.061 rows=1260829 loops=1)
                    Buckets: 131072  Batches: 16  Memory Usage: 3812kB
                    ->  Seq Scan on title t  (cost=0.00..73925.90 rows=1174192 width=4) (actual time=0.036..1246.020 rows=1260829 loops=1)
                          Filter: ((production_year > 1981) AND (kind_id = 7))
                          Rows Removed by Filter: 1267483
Planning time: 1.193 ms
Execution time: 80632.132 ms
