Hash Join  (cost=156106.12..1225247.99 rows=3440071 width=0) (actual time=2818.122..31650.308 rows=2598475 loops=1)
  Hash Cond: (ci.movie_id = t.id)
  ->  Seq Scan on cast_info ci  (cost=0.00..614943.12 rows=36225612 width=4) (actual time=0.014..13306.601 rows=36244344 loops=1)
  ->  Hash  (cost=152166.68..152166.68 rows=240115 width=8) (actual time=2816.413..2816.413 rows=133615 loops=1)
        Buckets: 131072  Batches: 4  Memory Usage: 2335kB
        ->  Hash Join  (cost=81711.23..152166.68 rows=240115 width=8) (actual time=1375.213..2774.500 rows=133615 loops=1)
              Hash Cond: (mc.movie_id = t.id)
              ->  Seq Scan on movie_companies mc  (cost=0.00..51404.11 rows=1279517 width=4) (actual time=213.572..955.720 rows=1274246 loops=1)
                    Filter: (company_type_id < 2)
                    Rows Removed by Filter: 1334883
              ->  Hash  (cost=73925.90..73925.90 rows=474506 width=4) (actual time=1160.740..1160.740 rows=360459 loops=1)
                    Buckets: 131072  Batches: 8  Memory Usage: 2595kB
                    ->  Seq Scan on title t  (cost=0.00..73925.90 rows=474506 width=4) (actual time=0.019..1037.803 rows=360459 loops=1)
                          Filter: ((production_year < 1994) AND (kind_id = 7))
                          Rows Removed by Filter: 2167853
Planning time: 1.215 ms
Execution time: 31961.181 ms
