Hash Join  (cost=798791.46..853460.32 rows=334 width=0) (actual time=14695.542..15362.592 rows=621 loops=1)
  Hash Cond: (mc.movie_id = t.id)
  ->  Seq Scan on movie_companies mc  (cost=0.00..44881.29 rows=2609129 width=4) (actual time=0.033..444.992 rows=2609129 loops=1)
  ->  Hash  (cost=798787.41..798787.41 rows=324 width=8) (actual time=14544.789..14544.789 rows=1169 loops=1)
        Buckets: 2048 (originally 1024)  Batches: 1 (originally 1)  Memory Usage: 62kB
        ->  Nested Loop  (cost=0.43..798787.41 rows=324 width=8) (actual time=7029.693..14544.263 rows=1169 loops=1)
              ->  Seq Scan on cast_info ci  (cost=0.00..796071.18 rows=324 width=4) (actual time=7029.507..14515.133 rows=1169 loops=1)
                    Filter: ((role_id > 1) AND (person_id = 1273322))
                    Rows Removed by Filter: 36243175
              ->  Index Only Scan using title_pkey on title t  (cost=0.43..8.37 rows=1 width=4) (actual time=0.024..0.024 rows=1 loops=1169)
                    Index Cond: (id = ci.movie_id)
                    Heap Fetches: 1169
Planning time: 1.460 ms
Execution time: 15362.737 ms
