Seq Scan on movie_keyword mk  (cost=0.00..81003.12 rows=1530885 width=0) (actual time=0.025..1453.673 rows=1544689 loops=1)
  Filter: (keyword_id > 10230)
  Rows Removed by Filter: 2979241
Planning time: 0.297 ms
Execution time: 1657.431 ms
