Seq Scan on cast_info ci  (cost=0.00..796071.18 rows=382 width=0) (actual time=11357.950..14290.714 rows=550 loops=1)
  Filter: ((role_id < 6) AND (person_id = 1738004))
  Rows Removed by Filter: 36243794
Planning time: 0.414 ms
Execution time: 14290.913 ms
