Seq Scan on cast_info ci  (cost=0.00..705507.15 rows=4032595 width=0) (actual time=2102.150..10970.321 rows=4066130 loops=1)
  Filter: (person_id > 3311155)
  Rows Removed by Filter: 32178214
Planning time: 0.321 ms
Execution time: 11483.710 ms
