Seq Scan on title t  (cost=0.00..73925.90 rows=600823 width=0) (actual time=0.022..1156.084 rows=484625 loops=1)
  Filter: ((production_year > 1953) AND (kind_id = 1))
  Rows Removed by Filter: 2043687
Planning time: 0.396 ms
Execution time: 1213.181 ms
