Hash Join  (cost=74769.87..130132.08 rows=69669 width=0) (actual time=1171.482..2673.613 rows=158201 loops=1)
  Hash Cond: (mc.movie_id = t.id)
  ->  Seq Scan on movie_companies mc  (cost=0.00..44881.29 rows=2609129 width=4) (actual time=0.020..677.817 rows=2609129 loops=1)
  ->  Hash  (cost=73925.90..73925.90 rows=67517 width=4) (actual time=1170.901..1170.901 rows=81635 loops=1)
        Buckets: 131072  Batches: 1  Memory Usage: 3894kB
        ->  Seq Scan on title t  (cost=0.00..73925.90 rows=67517 width=4) (actual time=310.144..1141.409 rows=81635 loops=1)
              Filter: ((production_year < 2008) AND (kind_id = 3))
              Rows Removed by Filter: 2446677
Planning time: 0.549 ms
Execution time: 2695.274 ms
