Hash Join  (cost=211809.10..994492.78 rows=2215562 width=0) (actual time=13847.394..20139.971 rows=2901553 loops=1)
  Hash Cond: (ci.movie_id = t.id)
  ->  Seq Scan on cast_info ci  (cost=0.00..705507.15 rows=4320508 width=4) (actual time=9580.241..13107.823 rows=4323018 loops=1)
        Filter: (role_id = 10)
        Rows Removed by Filter: 31921326
  ->  Hash  (cost=190536.20..190536.20 rows=1296632 width=8) (actual time=4265.891..4265.891 rows=435474 loops=1)
        Buckets: 131072  Batches: 32  Memory Usage: 1540kB
        ->  Hash Join  (cost=92883.59..190536.20 rows=1296632 width=8) (actual time=1722.991..4153.615 rows=435474 loops=1)
              Hash Cond: (mc.movie_id = t.id)
              ->  Seq Scan on movie_companies mc  (cost=0.00..51404.11 rows=2127836 width=4) (actual time=0.031..1099.643 rows=2132518 loops=1)
                    Filter: (company_id > 420)
                    Rows Removed by Filter: 476611
              ->  Hash  (cost=67604.59..67604.59 rows=1540800 width=4) (actual time=1720.925..1720.925 rows=1543264 loops=1)
                    Buckets: 131072  Batches: 32  Memory Usage: 2722kB
                    ->  Seq Scan on title t  (cost=0.00..67604.59 rows=1540800 width=4) (actual time=148.102..1217.595 rows=1543264 loops=1)
                          Filter: (kind_id = 7)
                          Rows Removed by Filter: 985048
Planning time: 0.776 ms
Execution time: 20471.640 ms
