Hash Join  (cost=102767.86..217960.93 rows=1010335 width=0) (actual time=2015.443..4405.475 rows=1017527 loops=1)
  Hash Cond: (mk.movie_id = t.id)
  ->  Seq Scan on movie_keyword mk  (cost=0.00..81003.12 rows=1010335 width=4) (actual time=0.014..1249.079 rows=1017527 loops=1)
        Filter: (keyword_id > 17728)
        Rows Removed by Filter: 3506403
  ->  Hash  (cost=61283.27..61283.27 rows=2528527 width=4) (actual time=2013.039..2013.039 rows=2528312 loops=1)
        Buckets: 131072  Batches: 64  Memory Usage: 2425kB
        ->  Seq Scan on title t  (cost=0.00..61283.27 rows=2528527 width=4) (actual time=0.023..1140.519 rows=2528312 loops=1)
Planning time: 0.743 ms
Execution time: 4523.093 ms
