Seq Scan on movie_companies mc  (cost=0.00..57926.93 rows=1058409 width=0) (actual time=0.019..961.297 rows=933938 loops=1)
  Filter: ((company_id > 356) AND (company_type_id = 1))
  Rows Removed by Filter: 1675191
Planning time: 2.352 ms
Execution time: 1062.472 ms
