Seq Scan on title t  (cost=0.00..73925.90 rows=1351207 width=0) (actual time=0.022..1341.097 rows=1478140 loops=1)
  Filter: ((kind_id > 1) AND (production_year > 1986))
  Rows Removed by Filter: 1050172
Planning time: 0.320 ms
Execution time: 1528.738 ms
