Hash Join  (cost=78058.28..160224.98 rows=1418 width=0) (actual time=1320.751..2662.998 rows=4511 loops=1)
  Hash Cond: (mk.movie_id = t.id)
  ->  Seq Scan on movie_keyword mk  (cost=0.00..81003.12 rows=14239 width=4) (actual time=0.018..1240.579 rows=14373 loops=1)
        Filter: (keyword_id < 3)
        Rows Removed by Filter: 4509557
  ->  Hash  (cost=73925.90..73925.90 rows=251870 width=4) (actual time=1319.904..1319.904 rows=365623 loops=1)
        Buckets: 131072 (originally 131072)  Batches: 8 (originally 4)  Memory Usage: 3073kB
        ->  Seq Scan on title t  (cost=0.00..73925.90 rows=251870 width=4) (actual time=0.024..1189.914 rows=365623 loops=1)
              Filter: ((kind_id < 7) AND (production_year < 1988))
              Rows Removed by Filter: 2162689
Planning time: 0.766 ms
Execution time: 2664.158 ms
