Seq Scan on movie_keyword mk  (cost=0.00..81003.12 rows=2691841 width=0) (actual time=0.022..1436.185 rows=2682954 loops=1)
  Filter: (keyword_id > 3044)
  Rows Removed by Filter: 1840976
Planning time: 0.312 ms
Execution time: 1771.145 ms
