Hash Join  (cost=218263.97..302675.61 rows=679111 width=0) (actual time=4699.436..7879.829 rows=4819533 loops=1)
  Hash Cond: (mc.movie_id = t.id)
  ->  Seq Scan on movie_companies mc  (cost=0.00..44881.29 rows=2609129 width=4) (actual time=0.012..928.333 rows=2609129 loops=1)
  ->  Hash  (cost=207466.32..207466.32 rows=658132 width=8) (actual time=4698.397..4698.397 rows=753178 loops=1)
        Buckets: 131072  Batches: 16  Memory Usage: 2887kB
        ->  Hash Join  (cost=101489.21..207466.32 rows=658132 width=8) (actual time=1940.642..4494.506 rows=753178 loops=1)
              Hash Cond: (mk.movie_id = t.id)
              ->  Seq Scan on movie_keyword mk  (cost=0.00..81003.12 rows=805733 width=4) (actual time=0.023..1406.843 rows=804289 loops=1)
                    Filter: (keyword_id < 782)
                    Rows Removed by Filter: 3719641
              ->  Hash  (cost=67604.59..67604.59 rows=2065330 width=4) (actual time=1939.925..1939.925 rows=2064552 loops=1)
                    Buckets: 131072  Batches: 32  Memory Usage: 3298kB
                    ->  Seq Scan on title t  (cost=0.00..67604.59 rows=2065330 width=4) (actual time=0.022..1266.554 rows=2064552 loops=1)
                          Filter: (production_year < 2011)
                          Rows Removed by Filter: 463760
Planning time: 0.941 ms
Execution time: 8359.814 ms
