Hash Join  (cost=73994.33..133067.56 rows=658 width=0) (actual time=1269.434..2370.325 rows=1713 loops=1)
  Hash Cond: (mc.movie_id = t.id)
  ->  Seq Scan on movie_companies mc  (cost=0.00..57926.93 rows=303923 width=4) (actual time=0.032..977.973 rows=597931 loops=1)
        Filter: ((company_id > 66999) AND (company_type_id > 1))
        Rows Removed by Filter: 2011198
  ->  Hash  (cost=73925.90..73925.90 rows=5474 width=4) (actual time=1266.081..1266.081 rows=9913 loops=1)
        Buckets: 16384 (originally 8192)  Batches: 1 (originally 1)  Memory Usage: 477kB
        ->  Seq Scan on title t  (cost=0.00..73925.90 rows=5474 width=4) (actual time=0.211..1260.920 rows=9913 loops=1)
              Filter: ((kind_id > 1) AND (production_year = 1977))
              Rows Removed by Filter: 2518399
Planning time: 0.786 ms
Execution time: 2370.876 ms
