Nested Loop  (cost=0.43..799702.19 rows=435 width=0) (actual time=7619.136..14652.696 rows=490 loops=1)
  ->  Seq Scan on cast_info ci  (cost=0.00..796071.18 rows=435 width=4) (actual time=7618.985..14613.471 rows=490 loops=1)
        Filter: ((role_id < 10) AND (person_id = 2172842))
        Rows Removed by Filter: 36243854
  ->  Index Only Scan using title_pkey on title t  (cost=0.43..8.34 rows=1 width=4) (actual time=0.079..0.079 rows=1 loops=490)
        Index Cond: (id = ci.movie_id)
        Heap Fetches: 490
Planning time: 0.803 ms
Execution time: 14652.908 ms
