Hash Join  (cost=83074.74..824234.20 rows=925 width=0) (actual time=1403.055..13544.128 rows=27267 loops=1)
  Hash Cond: (ci.movie_id = t.id)
  ->  Seq Scan on cast_info ci  (cost=0.00..705507.15 rows=9504815 width=4) (actual time=0.033..10502.150 rows=9324166 loops=1)
        Filter: (person_id < 918471)
        Rows Removed by Filter: 26920178
  ->  Hash  (cost=83071.67..83071.67 rows=246 width=8) (actual time=1402.775..1402.775 rows=2713 loops=1)
        Buckets: 4096 (originally 1024)  Batches: 1 (originally 1)  Memory Usage: 138kB
        ->  Nested Loop  (cost=0.43..83071.67 rows=246 width=8) (actual time=0.135..1400.987 rows=2713 loops=1)
              ->  Seq Scan on movie_keyword mk  (cost=0.00..81003.12 rows=246 width=4) (actual time=0.075..1290.603 rows=2713 loops=1)
                    Filter: (keyword_id = 2197)
                    Rows Removed by Filter: 4521217
              ->  Index Only Scan using title_pkey on title t  (cost=0.43..8.40 rows=1 width=4) (actual time=0.039..0.040 rows=1 loops=2713)
                    Index Cond: (id = mk.movie_id)
                    Heap Fetches: 2713
Planning time: 1.551 ms
Execution time: 13549.081 ms
