Hash Join  (cost=215833.08..338584.56 rows=1118707 width=0) (actual time=4783.457..10126.422 rows=12241021 loops=1)
  Hash Cond: (mk.movie_id = t.id)
  ->  Seq Scan on movie_keyword mk  (cost=0.00..81003.12 rows=2210742 width=4) (actual time=0.019..1605.551 rows=2212215 loops=1)
        Filter: (keyword_id < 4472)
        Rows Removed by Filter: 2311715
  ->  Hash  (cost=194840.12..194840.12 rows=1279517 width=8) (actual time=4782.647..4782.647 rows=1274246 loops=1)
        Buckets: 131072  Batches: 32  Memory Usage: 2633kB
        ->  Hash Join  (cost=102767.86..194840.12 rows=1279517 width=8) (actual time=1843.433..4446.046 rows=1274246 loops=1)
              Hash Cond: (mc.movie_id = t.id)
              ->  Seq Scan on movie_companies mc  (cost=0.00..51404.11 rows=1279517 width=4) (actual time=0.024..995.288 rows=1274246 loops=1)
                    Filter: (company_type_id < 2)
                    Rows Removed by Filter: 1334883
              ->  Hash  (cost=61283.27..61283.27 rows=2528527 width=4) (actual time=1842.583..1842.583 rows=2528312 loops=1)
                    Buckets: 131072  Batches: 64  Memory Usage: 2415kB
                    ->  Seq Scan on title t  (cost=0.00..61283.27 rows=2528527 width=4) (actual time=0.023..1026.883 rows=2528312 loops=1)
Planning time: 4.067 ms
Execution time: 11435.890 ms
