Hash Join  (cost=159075.96..524674.10 rows=94219 width=0) (actual time=2695.060..11091.419 rows=1768722 loops=1)
  Hash Cond: (mi.movie_id = t.id)
  ->  Seq Scan on movie_info mi  (cost=0.00..309384.22 rows=14739122 width=4) (actual time=0.012..4630.110 rows=14835720 loops=1)
  ->  Hash  (cost=158873.91..158873.91 rows=16164 width=8) (actual time=2694.880..2694.880 rows=24158 loops=1)
        Buckets: 32768 (originally 16384)  Batches: 1 (originally 1)  Memory Usage: 1200kB
        ->  Hash Join  (cost=74528.17..158873.91 rows=16164 width=8) (actual time=1199.839..2685.806 rows=24158 loops=1)
              Hash Cond: (mk.movie_id = t.id)
              ->  Seq Scan on movie_keyword mk  (cost=0.00..81003.12 rows=848260 width=4) (actual time=0.037..1317.786 rows=854693 loops=1)
                    Filter: (keyword_id > 21498)
                    Rows Removed by Filter: 3669237
              ->  Hash  (cost=73925.90..73925.90 rows=48181 width=4) (actual time=1199.430..1199.430 rows=40899 loops=1)
                    Buckets: 65536  Batches: 1  Memory Usage: 1950kB
                    ->  Seq Scan on title t  (cost=0.00..73925.90 rows=48181 width=4) (actual time=0.013..1183.092 rows=40899 loops=1)
                          Filter: ((kind_id < 4) AND (production_year = 2010))
                          Rows Removed by Filter: 2487413
Planning time: 1.271 ms
Execution time: 11319.418 ms
