Hash Join  (cost=847522.46..932895.52 rows=748854 width=0) (actual time=15556.201..18181.643 rows=1572513 loops=1)
  Hash Cond: (mc.movie_id = t.id)
  ->  Seq Scan on movie_companies mc  (cost=0.00..44881.29 rows=2609129 width=4) (actual time=0.023..875.145 rows=2609129 loops=1)
  ->  Hash  (cost=835615.96..835615.96 rows=725720 width=8) (actual time=15554.972..15554.972 rows=773674 loops=1)
        Buckets: 131072  Batches: 16  Memory Usage: 2901kB
        ->  Hash Join  (cost=102767.86..835615.96 rows=725720 width=8) (actual time=8014.293..15323.891 rows=773674 loops=1)
              Hash Cond: (ci.movie_id = t.id)
              ->  Seq Scan on cast_info ci  (cost=0.00..705507.15 rows=725720 width=4) (actual time=5894.419..12093.703 rows=773674 loops=1)
                    Filter: (role_id = 6)
                    Rows Removed by Filter: 35470670
              ->  Hash  (cost=61283.27..61283.27 rows=2528527 width=4) (actual time=2118.239..2118.239 rows=2528312 loops=1)
                    Buckets: 131072  Batches: 64  Memory Usage: 2415kB
                    ->  Seq Scan on title t  (cost=0.00..61283.27 rows=2528527 width=4) (actual time=0.023..1195.291 rows=2528312 loops=1)
Planning time: 1.175 ms
Execution time: 18345.899 ms
