Hash Join  (cost=157377.08..522272.70 rows=23972 width=0) (actual time=2727.953..10239.244 rows=660564 loops=1)
  Hash Cond: (mi.movie_id = t.id)
  ->  Seq Scan on movie_info mi  (cost=0.00..309384.22 rows=14739122 width=4) (actual time=0.009..4431.403 rows=14835720 loops=1)
  ->  Hash  (cost=157325.68..157325.68 rows=4112 width=8) (actual time=2658.080..2658.080 rows=8089 loops=1)
        Buckets: 8192  Batches: 1  Memory Usage: 380kB
        ->  Hash Join  (cost=74155.14..157325.68 rows=4112 width=8) (actual time=1157.087..2654.826 rows=8089 loops=1)
              Hash Cond: (mk.movie_id = t.id)
              ->  Seq Scan on movie_keyword mk  (cost=0.00..81003.12 rows=567011 width=4) (actual time=0.019..1388.904 rows=563317 loops=1)
                    Filter: (keyword_id > 32586)
                    Rows Removed by Filter: 3960613
              ->  Hash  (cost=73925.90..73925.90 rows=18339 width=4) (actual time=1156.211..1156.211 rows=14449 loops=1)
                    Buckets: 32768  Batches: 1  Memory Usage: 764kB
                    ->  Seq Scan on title t  (cost=0.00..73925.90 rows=18339 width=4) (actual time=0.890..1149.865 rows=14449 loops=1)
                          Filter: ((kind_id < 7) AND (production_year = 1998))
                          Rows Removed by Filter: 2513863
Planning time: 1.130 ms
Execution time: 10325.584 ms
