Hash Join  (cost=279859.21..766746.67 rows=5249588 width=0) (actual time=7073.519..34977.939 rows=85122358 loops=1)
  Hash Cond: (mi.movie_id = t.id)
  ->  Seq Scan on movie_info mi  (cost=0.00..346232.03 rows=6231111 width=4) (actual time=694.629..6255.166 rows=6223494 loops=1)
        Filter: (info_type_id > 8)
        Rows Removed by Filter: 8612226
  ->  Hash  (cost=244909.29..244909.29 rows=2130234 width=8) (actual time=6356.042..6356.042 rows=2128687 loops=1)
        Buckets: 131072  Batches: 32  Memory Usage: 3689kB
        ->  Hash Join  (cost=102767.86..244909.29 rows=2130234 width=8) (actual time=1926.646..5745.580 rows=2128687 loops=1)
              Hash Cond: (mk.movie_id = t.id)
              ->  Seq Scan on movie_keyword mk  (cost=0.00..81003.12 rows=2130234 width=4) (actual time=0.031..1578.992 rows=2128687 loops=1)
                    Filter: (keyword_id > 5558)
                    Rows Removed by Filter: 2395243
              ->  Hash  (cost=61283.27..61283.27 rows=2528527 width=4) (actual time=1925.760..1925.760 rows=2528312 loops=1)
                    Buckets: 131072  Batches: 64  Memory Usage: 2425kB
                    ->  Seq Scan on title t  (cost=0.00..61283.27 rows=2528527 width=4) (actual time=0.018..1056.585 rows=2528312 loops=1)
Planning time: 1.240 ms
Execution time: 44317.076 ms
