Hash Join  (cost=73927.52..160587.86 rows=231 width=0) (actual time=1258.040..3022.970 rows=1054 loops=1)
  Hash Cond: (mk.movie_id = t.id)
  ->  Seq Scan on movie_keyword mk  (cost=0.00..69693.30 rows=4523930 width=4) (actual time=0.023..1033.202 rows=4523930 loops=1)
  ->  Hash  (cost=73925.90..73925.90 rows=129 width=4) (actual time=1178.548..1178.548 rows=438 loops=1)
        Buckets: 1024  Batches: 1  Memory Usage: 24kB
        ->  Seq Scan on title t  (cost=0.00..73925.90 rows=129 width=4) (actual time=241.520..1178.233 rows=438 loops=1)
              Filter: ((kind_id < 7) AND (production_year > 2014))
              Rows Removed by Filter: 2527874
Planning time: 4.946 ms
Execution time: 3023.309 ms
