Hash Join  (cost=460253.24..540600.27 rows=384251 width=0) (actual time=8361.492..11414.458 rows=2463343 loops=1)
  Hash Cond: (mc.movie_id = t.id)
  ->  Seq Scan on movie_companies mc  (cost=0.00..44881.29 rows=2609129 width=4) (actual time=0.016..961.842 rows=2609129 loops=1)
  ->  Hash  (cost=454143.49..454143.49 rows=372380 width=8) (actual time=8360.568..8360.568 rows=930491 loops=1)
        Buckets: 131072 (originally 131072)  Batches: 16 (originally 8)  Memory Usage: 3302kB
        ->  Hash Join  (cost=83891.93..454143.49 rows=372380 width=8) (actual time=4457.033..8070.883 rows=930491 loops=1)
              Hash Cond: (mi.movie_id = t.id)
              ->  Seq Scan on movie_info mi  (cost=0.00..346232.03 rows=1550064 width=4) (actual time=2988.454..5401.549 rows=1533909 loops=1)
                    Filter: (info_type_id = 3)
                    Rows Removed by Filter: 13301811
              ->  Hash  (cost=73925.90..73925.90 rows=607442 width=4) (actual time=1467.682..1467.682 rows=675690 loops=1)
                    Buckets: 131072  Batches: 8  Memory Usage: 4021kB
                    ->  Seq Scan on title t  (cost=0.00..73925.90 rows=607442 width=4) (actual time=0.019..1248.230 rows=675690 loops=1)
                          Filter: ((kind_id < 7) AND (production_year < 2007))
                          Rows Removed by Filter: 1852622
Planning time: 1.209 ms
Execution time: 11705.828 ms
