Hash Join  (cost=127242.95..1012878.20 rows=212494 width=0) (actual time=2455.457..25420.279 rows=535441 loops=1)
  Hash Cond: (ci.movie_id = t.id)
  ->  Seq Scan on cast_info ci  (cost=0.00..796071.18 rows=23317101 width=4) (actual time=0.014..17860.684 rows=23516298 loops=1)
        Filter: ((person_id > 27669) AND (role_id > 1))
        Rows Removed by Filter: 12728046
  ->  Hash  (cost=126954.91..126954.91 rows=23043 width=8) (actual time=2454.871..2454.871 rows=21224 loops=1)
        Buckets: 32768  Batches: 1  Memory Usage: 1086kB
        ->  Hash Join  (cost=67976.49..126954.91 rows=23043 width=8) (actual time=1147.279..2446.490 rows=21224 loops=1)
              Hash Cond: (mc.movie_id = t.id)
              ->  Seq Scan on movie_companies mc  (cost=0.00..51404.11 rows=1958369 width=4) (actual time=0.014..879.587 rows=1966899 loops=1)
                    Filter: (company_id > 846)
                    Rows Removed by Filter: 642230
              ->  Hash  (cost=67604.59..67604.59 rows=29752 width=4) (actual time=1146.738..1146.738 rows=30027 loops=1)
                    Buckets: 32768  Batches: 1  Memory Usage: 1312kB
                    ->  Seq Scan on title t  (cost=0.00..67604.59 rows=29752 width=4) (actual time=0.014..1133.004 rows=30027 loops=1)
                          Filter: (production_year = 1994)
                          Rows Removed by Filter: 2498285
Planning time: 0.793 ms
Execution time: 25492.132 ms
