Hash Join  (cost=75570.05..208155.03 rows=868594 width=0) (actual time=1871.383..5352.312 rows=1210086 loops=1)
  Hash Cond: (mk.movie_id = t.id)
  ->  Seq Scan on movie_keyword mk  (cost=0.00..69693.30 rows=4523930 width=4) (actual time=0.024..1395.953 rows=4523930 loops=1)
  ->  Hash  (cost=67604.59..67604.59 rows=485477 width=4) (actual time=1870.709..1870.709 rows=479601 loops=1)
        Buckets: 131072  Batches: 8  Memory Usage: 3131kB
        ->  Seq Scan on title t  (cost=0.00..67604.59 rows=485477 width=4) (actual time=0.021..1235.872 rows=479601 loops=1)
              Filter: (production_year < 1978)
              Rows Removed by Filter: 2048711
Planning time: 0.710 ms
Execution time: 5484.327 ms
