Nested Loop  (cost=0.43..83071.67 rows=246 width=0) (actual time=16.139..1272.265 rows=136 loops=1)
  ->  Seq Scan on movie_keyword mk  (cost=0.00..81003.12 rows=246 width=4) (actual time=16.040..1266.914 rows=136 loops=1)
        Filter: (keyword_id = 16849)
        Rows Removed by Filter: 4523794
  ->  Index Only Scan using title_pkey on title t  (cost=0.43..8.40 rows=1 width=4) (actual time=0.035..0.035 rows=1 loops=136)
        Index Cond: (id = mk.movie_id)
        Heap Fetches: 136
Planning time: 0.696 ms
Execution time: 1272.456 ms
