Seq Scan on cast_info ci  (cost=0.00..796071.18 rows=324 width=0) (actual time=4495.670..14780.647 rows=1 loops=1)
  Filter: ((role_id > 1) AND (person_id = 1705230))
  Rows Removed by Filter: 36244343
Planning time: 0.418 ms
Execution time: 14780.780 ms
