Hash Join  (cost=144959.02..965960.72 rows=347804 width=0) (actual time=5133.406..17487.017 rows=1358992 loops=1)
  Hash Cond: (ci.movie_id = t.id)
  ->  Seq Scan on cast_info ci  (cost=0.00..796071.18 rows=1678262 width=4) (actual time=944.398..11680.177 rows=1795385 loops=1)
        Filter: ((person_id < 184176) AND (role_id < 10))
        Rows Removed by Filter: 34448959
  ->  Hash  (cost=136361.85..136361.85 rows=524013 width=8) (actual time=4188.173..4188.173 rows=954287 loops=1)
        Buckets: 131072 (originally 131072)  Batches: 16 (originally 8)  Memory Usage: 3354kB
        ->  Hash Join  (cost=89678.24..136361.85 rows=524013 width=8) (actual time=2369.169..3915.700 rows=954287 loops=1)
              Hash Cond: (mi_idx.movie_id = t.id)
              ->  Seq Scan on movie_info_idx mi_idx  (cost=0.00..21735.35 rows=1380035 width=4) (actual time=0.013..485.220 rows=1380035 loops=1)
              ->  Hash  (cost=73925.90..73925.90 rows=960107 width=4) (actual time=2368.197..2368.197 rows=977778 loops=1)
                    Buckets: 131072  Batches: 16  Memory Usage: 3172kB
                    ->  Seq Scan on title t  (cost=0.00..73925.90 rows=960107 width=4) (actual time=0.027..1357.976 rows=977778 loops=1)
                          Filter: ((kind_id < 7) AND (production_year > 0))
                          Rows Removed by Filter: 1550534
Planning time: 1.246 ms
Execution time: 17653.575 ms
