Seq Scan on cast_info ci  (cost=0.00..796071.18 rows=3778932 width=0) (actual time=12937.744..15115.507 rows=1850840 loops=1)
  Filter: ((person_id < 3228567) AND (role_id = 10))
  Rows Removed by Filter: 34393504
Planning time: 1.325 ms
Execution time: 15329.050 ms
