Hash Join  (cost=101179.64..466276.24 rows=44070 width=0) (actual time=1826.693..9354.009 rows=301301 loops=1)
  Hash Cond: (mi.movie_id = t.id)
  ->  Seq Scan on movie_info mi  (cost=0.00..309384.22 rows=14739122 width=4) (actual time=0.013..4307.761 rows=14835720 loops=1)
  ->  Hash  (cost=101085.14..101085.14 rows=7560 width=8) (actual time=1826.607..1826.607 rows=14539 loops=1)
        Buckets: 16384 (originally 8192)  Batches: 1 (originally 1)  Memory Usage: 696kB
        ->  Hash Join  (cost=74099.05..101085.14 rows=7560 width=8) (actual time=1213.006..1820.990 rows=14539 loops=1)
              Hash Cond: (mi_idx.movie_id = t.id)
              ->  Seq Scan on movie_info_idx mi_idx  (cost=0.00..21735.35 rows=1380035 width=4) (actual time=0.021..312.768 rows=1380035 loops=1)
              ->  Hash  (cost=73925.90..73925.90 rows=13852 width=4) (actual time=1212.534..1212.534 rows=10385 loops=1)
                    Buckets: 16384  Batches: 1  Memory Usage: 494kB
                    ->  Seq Scan on title t  (cost=0.00..73925.90 rows=13852 width=4) (actual time=0.111..1207.394 rows=10385 loops=1)
                          Filter: ((kind_id < 4) AND (production_year = 1997))
                          Rows Removed by Filter: 2517927
Planning time: 1.116 ms
Execution time: 9393.294 ms
