Nested Loop  (cost=0.43..111570.07 rows=4072 width=0) (actual time=0.130..1513.059 rows=4151 loops=1)
  ->  Seq Scan on movie_keyword mk  (cost=0.00..81003.12 rows=4072 width=4) (actual time=0.084..1386.223 rows=4151 loops=1)
        Filter: (keyword_id = 3644)
        Rows Removed by Filter: 4519779
  ->  Index Only Scan using title_pkey on title t  (cost=0.43..7.50 rows=1 width=4) (actual time=0.029..0.030 rows=1 loops=4151)
        Index Cond: (id = mk.movie_id)
        Heap Fetches: 4151
Planning time: 0.700 ms
Execution time: 1514.270 ms
