Seq Scan on cast_info ci  (cost=0.00..796071.18 rows=60 width=0) (actual time=1271.029..10391.591 rows=4 loops=1)
  Filter: ((person_id = 2834154) AND (role_id = 10))
  Rows Removed by Filter: 36244340
Planning time: 0.397 ms
Execution time: 10391.675 ms
