Hash Join  (cost=83074.74..142404.82 rows=36 width=0) (actual time=1546.646..2260.240 rows=245 loops=1)
  Hash Cond: (mc.movie_id = t.id)
  ->  Seq Scan on movie_companies mc  (cost=0.00..57926.93 rows=374075 width=4) (actual time=182.517..874.958 rows=210442 loops=1)
        Filter: ((company_id < 1427) AND (company_type_id > 1))
        Rows Removed by Filter: 2398687
  ->  Hash  (cost=83071.67..83071.67 rows=246 width=8) (actual time=1352.047..1352.047 rows=1125 loops=1)
        Buckets: 2048 (originally 1024)  Batches: 1 (originally 1)  Memory Usage: 60kB
        ->  Nested Loop  (cost=0.43..83071.67 rows=246 width=8) (actual time=4.360..1351.097 rows=1125 loops=1)
              ->  Seq Scan on movie_keyword mk  (cost=0.00..81003.12 rows=246 width=4) (actual time=4.300..1313.223 rows=1125 loops=1)
                    Filter: (keyword_id = 8190)
                    Rows Removed by Filter: 4522805
              ->  Index Only Scan using title_pkey on title t  (cost=0.43..8.40 rows=1 width=4) (actual time=0.032..0.032 rows=1 loops=1125)
                    Index Cond: (id = mk.movie_id)
                    Heap Fetches: 1125
Planning time: 1.092 ms
Execution time: 2260.417 ms
