Hash Join  (cost=102767.86..1084916.20 rows=7322533 width=0) (actual time=1950.315..17542.650 rows=3145869 loops=1)
  Hash Cond: (ci.movie_id = t.id)
  ->  Seq Scan on cast_info ci  (cost=0.00..796071.18 rows=7322533 width=4) (actual time=0.017..12146.670 rows=3145869 loops=1)
        Filter: ((person_id > 2600285) AND (role_id < 4))
        Rows Removed by Filter: 33098475
  ->  Hash  (cost=61283.27..61283.27 rows=2528527 width=4) (actual time=1949.076..1949.076 rows=2528312 loops=1)
        Buckets: 131072  Batches: 64  Memory Usage: 2415kB
        ->  Seq Scan on title t  (cost=0.00..61283.27 rows=2528527 width=4) (actual time=2.203..1102.695 rows=2528312 loops=1)
Planning time: 0.882 ms
Execution time: 17916.321 ms
