Hash Join  (cost=299413.82..1808418.59 rows=37442857 width=0) (actual time=7006.546..72309.688 rows=126272748 loops=1)
  Hash Cond: (ci.movie_id = t.id)
  ->  Seq Scan on cast_info ci  (cost=0.00..614943.12 rows=36225612 width=4) (actual time=0.014..14175.385 rows=36244344 loops=1)
  ->  Hash  (cost=256536.20..256536.20 rows=2613490 width=8) (actual time=7004.408..7004.408 rows=2605072 loops=1)
        Buckets: 131072  Batches: 64  Memory Usage: 2636kB
        ->  Hash Join  (cost=102767.86..256536.20 rows=2613490 width=8) (actual time=2111.111..6221.508 rows=2605072 loops=1)
              Hash Cond: (mk.movie_id = t.id)
              ->  Seq Scan on movie_keyword mk  (cost=0.00..81003.12 rows=2613490 width=4) (actual time=0.021..1711.307 rows=2605072 loops=1)
                    Filter: (keyword_id > 3305)
                    Rows Removed by Filter: 1918858
              ->  Hash  (cost=61283.27..61283.27 rows=2528527 width=4) (actual time=2109.166..2109.166 rows=2528312 loops=1)
                    Buckets: 131072  Batches: 64  Memory Usage: 2425kB
                    ->  Seq Scan on title t  (cost=0.00..61283.27 rows=2528527 width=4) (actual time=0.023..1253.945 rows=2528312 loops=1)
Planning time: 1.067 ms
Execution time: 86581.541 ms
