Hash Join  (cost=85157.92..607542.82 rows=3990398 width=0) (actual time=1465.647..16809.214 rows=6443439 loops=1)
  Hash Cond: (mi.movie_id = t.id)
  ->  Seq Scan on movie_info mi  (cost=0.00..309384.22 rows=14739122 width=4) (actual time=0.023..6372.524 rows=14835720 loops=1)
  ->  Hash  (cost=73925.90..73925.90 rows=684561 width=4) (actual time=1464.522..1464.522 rows=585759 loops=1)
        Buckets: 131072  Batches: 16  Memory Usage: 2316kB
        ->  Seq Scan on title t  (cost=0.00..73925.90 rows=684561 width=4) (actual time=0.026..1270.076 rows=585759 loops=1)
              Filter: ((kind_id < 7) AND (production_year > 1990))
              Rows Removed by Filter: 1942553
Planning time: 0.751 ms
Execution time: 17506.592 ms
