Hash Join  (cost=100836.57..143609.32 rows=372148 width=0) (actual time=1979.554..3146.437 rows=371386 loops=1)
  Hash Cond: (mi_idx.movie_id = t.id)
  ->  Seq Scan on movie_info_idx mi_idx  (cost=0.00..25185.44 rows=464566 width=4) (actual time=0.022..496.165 rows=459925 loops=1)
        Filter: (info_type_id = 101)
        Rows Removed by Filter: 920110
  ->  Hash  (cost=67604.59..67604.59 rows=2025519 width=4) (actual time=1978.259..1978.259 rows=2018703 loops=1)
        Buckets: 131072  Batches: 32  Memory Usage: 3247kB
        ->  Seq Scan on title t  (cost=0.00..67604.59 rows=2025519 width=4) (actual time=0.022..1334.325 rows=2018703 loops=1)
              Filter: (production_year > 1974)
              Rows Removed by Filter: 509609
Planning time: 0.773 ms
Execution time: 3188.259 ms
