Hash Join  (cost=254137.95..1507918.97 rows=21413886 width=0) (actual time=5669.995..54533.891 rows=69382342 loops=1)
  Hash Cond: (ci.movie_id = t.id)
  ->  Seq Scan on cast_info ci  (cost=0.00..614943.12 rows=36225612 width=4) (actual time=0.017..13438.665 rows=36244344 loops=1)
  ->  Hash  (cost=229615.48..229615.48 rows=1494677 width=8) (actual time=5668.824..5668.824 rows=1503967 loops=1)
        Buckets: 131072  Batches: 32  Memory Usage: 2845kB
        ->  Hash Join  (cost=102767.86..229615.48 rows=1494677 width=8) (actual time=2030.524..5214.075 rows=1503967 loops=1)
              Hash Cond: (mk.movie_id = t.id)
              ->  Seq Scan on movie_keyword mk  (cost=0.00..81003.12 rows=1494677 width=4) (actual time=0.011..1508.454 rows=1503967 loops=1)
                    Filter: (keyword_id < 2172)
                    Rows Removed by Filter: 3019963
              ->  Hash  (cost=61283.27..61283.27 rows=2528527 width=4) (actual time=2028.659..2028.659 rows=2528312 loops=1)
                    Buckets: 131072  Batches: 64  Memory Usage: 2425kB
                    ->  Seq Scan on title t  (cost=0.00..61283.27 rows=2528527 width=4) (actual time=0.011..1176.075 rows=2528312 loops=1)
Planning time: 0.951 ms
Execution time: 62023.541 ms
