Hash Join  (cost=80166.74..112915.12 rows=69944 width=0) (actual time=1321.443..2216.947 rows=157665 loops=1)
  Hash Cond: (mi_idx.movie_id = t.id)
  ->  Seq Scan on movie_info_idx mi_idx  (cost=0.00..25185.44 rows=464934 width=4) (actual time=0.019..513.490 rows=460185 loops=1)
        Filter: (info_type_id > 100)
        Rows Removed by Filter: 919850
  ->  Hash  (cost=73925.90..73925.90 rows=380387 width=4) (actual time=1318.512..1318.512 rows=484820 loops=1)
        Buckets: 131072  Batches: 8  Memory Usage: 3166kB
        ->  Seq Scan on title t  (cost=0.00..73925.90 rows=380387 width=4) (actual time=0.019..1169.017 rows=484820 loops=1)
              Filter: ((kind_id < 7) AND (production_year < 1999))
              Rows Removed by Filter: 2043492
Planning time: 0.738 ms
Execution time: 2234.435 ms
