Hash Join  (cost=165342.52..530473.23 rows=47476 width=0) (actual time=1507.056..9065.685 rows=137902 loops=1)
  Hash Cond: (mi.movie_id = t.id)
  ->  Seq Scan on movie_info mi  (cost=0.00..309384.22 rows=14739122 width=4) (actual time=0.022..4359.675 rows=14835720 loops=1)
  ->  Hash  (cost=165240.71..165240.71 rows=8145 width=8) (actual time=1506.243..1506.243 rows=6485 loops=1)
        Buckets: 8192  Batches: 1  Memory Usage: 318kB
        ->  Nested Loop  (cost=0.43..165240.71 rows=8145 width=8) (actual time=0.420..1502.521 rows=6485 loops=1)
              ->  Seq Scan on movie_keyword mk  (cost=0.00..81003.12 rows=13873 width=4) (actual time=0.255..1171.397 rows=14364 loops=1)
                    Filter: (keyword_id = 1)
                    Rows Removed by Filter: 4509566
              ->  Index Scan using title_pkey on title t  (cost=0.43..6.06 rows=1 width=4) (actual time=0.022..0.022 rows=0 loops=14364)
                    Index Cond: (id = mk.movie_id)
                    Filter: (production_year > 1998)
                    Rows Removed by Filter: 1
Planning time: 1.181 ms
Execution time: 9086.792 ms
