Hash Join  (cost=89154.34..175213.81 rows=747711 width=0) (actual time=1794.770..4746.926 rows=485414 loops=1)
  Hash Cond: (mc.movie_id = t.id)
  ->  Seq Scan on movie_companies mc  (cost=0.00..51404.11 rows=2036865 width=4) (actual time=0.028..1032.268 rows=2034251 loops=1)
        Filter: (company_id < 71173)
        Rows Removed by Filter: 574878
  ->  Hash  (cost=73925.90..73925.90 rows=928195 width=4) (actual time=1793.794..1793.794 rows=1004724 loops=1)
        Buckets: 131072  Batches: 16  Memory Usage: 3239kB
        ->  Seq Scan on title t  (cost=0.00..73925.90 rows=928195 width=4) (actual time=0.024..1476.945 rows=1004724 loops=1)
              Filter: ((kind_id > 1) AND (production_year > 2002))
              Rows Removed by Filter: 1523588
Planning time: 0.767 ms
Execution time: 4805.163 ms
