Hash Join  (cost=28267.65..779056.96 rows=6 width=0) (actual time=433.182..15014.805 rows=155 loops=1)
  Hash Cond: (ci.movie_id = t.id)
  ->  Seq Scan on cast_info ci  (cost=0.00..614943.12 rows=36225612 width=4) (actual time=0.022..8153.100 rows=36244344 loops=1)
  ->  Hash  (cost=28267.64..28267.64 rows=1 width=8) (actual time=394.758..394.758 rows=2 loops=1)
        Buckets: 1024  Batches: 1  Memory Usage: 9kB
        ->  Nested Loop  (cost=0.43..28267.64 rows=1 width=8) (actual time=95.602..394.748 rows=2 loops=1)
              ->  Seq Scan on movie_info_idx mi_idx  (cost=0.00..25185.44 rows=368 width=4) (actual time=94.482..389.410 rows=260 loops=1)
                    Filter: (info_type_id > 101)
                    Rows Removed by Filter: 1379775
              ->  Index Scan using title_pkey on title t  (cost=0.43..8.37 rows=1 width=4) (actual time=0.020..0.020 rows=0 loops=260)
                    Index Cond: (id = mi_idx.movie_id)
                    Filter: ((kind_id < 7) AND (production_year = 1985))
                    Rows Removed by Filter: 1
Planning time: 1.317 ms
Execution time: 15015.083 ms
