Hash Join  (cost=231322.67..844803.13 rows=10801163 width=0) (actual time=5864.088..31743.612 rows=56208071 loops=1)
  Hash Cond: (mi.movie_id = t.id)
  ->  Seq Scan on movie_info mi  (cost=0.00..309384.22 rows=14739122 width=4) (actual time=0.009..6216.998 rows=14835720 loops=1)
  ->  Hash  (cost=200921.64..200921.64 rows=1852962 width=8) (actual time=5863.118..5863.118 rows=2059977 loops=1)
        Buckets: 131072  Batches: 32  Memory Usage: 3587kB
        ->  Hash Join  (cost=97066.09..200921.64 rows=1852962 width=8) (actual time=2233.526..5301.912 rows=2059977 loops=1)
              Hash Cond: (mc.movie_id = t.id)
              ->  Seq Scan on movie_companies mc  (cost=0.00..44881.29 rows=2609129 width=4) (actual time=0.012..877.311 rows=2609129 loops=1)
              ->  Hash  (cost=67604.59..67604.59 rows=1795720 width=4) (actual time=2232.180..2232.180 rows=1794153 loops=1)
                    Buckets: 131072  Batches: 32  Memory Usage: 2992kB
                    ->  Seq Scan on title t  (cost=0.00..67604.59 rows=1795720 width=4) (actual time=0.025..1369.793 rows=1794153 loops=1)
                          Filter: (production_year < 2009)
                          Rows Removed by Filter: 734159
Planning time: 4.823 ms
Execution time: 37487.750 ms
