Hash Join  (cost=73928.08..128595.40 rows=180 width=0) (actual time=1019.485..2194.094 rows=5982 loops=1)
  Hash Cond: (mc.movie_id = t.id)
  ->  Seq Scan on movie_companies mc  (cost=0.00..44881.29 rows=2609129 width=4) (actual time=0.011..647.268 rows=2609129 loops=1)
  ->  Hash  (cost=73925.90..73925.90 rows=174 width=4) (actual time=1019.296..1019.296 rows=3217 loops=1)
        Buckets: 4096 (originally 1024)  Batches: 1 (originally 1)  Memory Usage: 146kB
        ->  Seq Scan on title t  (cost=0.00..73925.90 rows=174 width=4) (actual time=458.447..1017.731 rows=3217 loops=1)
              Filter: ((production_year > 2013) AND (kind_id = 1))
              Rows Removed by Filter: 2525095
Planning time: 0.735 ms
Execution time: 2195.268 ms
