Seq Scan on movie_keyword mk  (cost=0.00..81003.12 rows=401965 width=0) (actual time=0.020..1270.626 rows=395987 loops=1)
  Filter: (keyword_id > 43608)
  Rows Removed by Filter: 4127943
Planning time: 0.295 ms
Execution time: 1321.550 ms
