Hash Join  (cost=166212.50..207313.73 rows=198675 width=0) (actual time=3367.690..5137.888 rows=391098 loops=1)
  Hash Cond: (mi_idx.movie_id = t.id)
  ->  Seq Scan on movie_info_idx mi_idx  (cost=0.00..21735.35 rows=1380035 width=4) (actual time=0.013..435.014 rows=1380035 loops=1)
  ->  Hash  (cost=160240.30..160240.30 rows=364016 width=8) (actual time=3366.825..3366.825 rows=214252 loops=1)
        Buckets: 131072  Batches: 8  Memory Usage: 2048kB
        ->  Hash Join  (cost=84197.31..160240.30 rows=364016 width=8) (actual time=1545.856..3299.450 rows=214252 loops=1)
              Hash Cond: (mc.movie_id = t.id)
              ->  Seq Scan on movie_companies mc  (cost=0.00..57926.93 rows=910105 width=4) (actual time=0.015..1140.238 rows=748371 loops=1)
                    Filter: ((company_id > 1451) AND (company_type_id < 2))
                    Rows Removed by Filter: 1860758
              ->  Hash  (cost=67604.59..67604.59 rows=1011338 width=4) (actual time=1545.083..1545.083 rows=1012920 loops=1)
                    Buckets: 131072  Batches: 16  Memory Usage: 3250kB
                    ->  Seq Scan on title t  (cost=0.00..67604.59 rows=1011338 width=4) (actual time=0.020..1226.547 rows=1012920 loops=1)
                          Filter: (production_year > 2005)
                          Rows Removed by Filter: 1515392
Planning time: 3.881 ms
Execution time: 5186.745 ms
