Hash Join  (cost=94420.17..159063.22 rows=359014 width=144) (actual time=1300.817..2816.060 rows=636298 loops=1)
  Hash Cond: (mi_idx.movie_id = t.id)
  ->  Seq Scan on movie_info_idx mi_idx  (cost=0.00..25185.44 rows=919057 width=50) (actual time=0.020..474.202 rows=920110 loops=1)
        Filter: (info_type_id > 99)
        Rows Removed by Filter: 459925
  ->  Hash  (cost=67604.59..67604.59 rows=987727 width=94) (actual time=1300.431..1300.431 rows=985048 loops=1)
        Buckets: 32768  Batches: 64  Memory Usage: 1938kB
        ->  Seq Scan on title t  (cost=0.00..67604.59 rows=987727 width=94) (actual time=0.011..920.177 rows=985048 loops=1)
              Filter: (kind_id < 7)
              Rows Removed by Filter: 1543264
Planning time: 0.940 ms
Execution time: 2851.418 ms
