Seq Scan on cast_info ci  (cost=0.00..705507.15 rows=20911835 width=0) (actual time=1553.888..11071.956 rows=21048698 loops=1)
  Filter: (person_id > 1497323)
  Rows Removed by Filter: 15195646
Planning time: 0.329 ms
Execution time: 13413.001 ms
