Hash Join  (cost=52284.99..416946.98 rows=606 width=0) (actual time=890.246..7922.740 rows=1766 loops=1)
  Hash Cond: (mi.movie_id = t.id)
  ->  Seq Scan on movie_info mi  (cost=0.00..309384.22 rows=14739122 width=4) (actual time=0.007..4380.973 rows=14835720 loops=1)
  ->  Hash  (cost=52283.69..52283.69 rows=104 width=8) (actual time=843.753..843.753 rows=55 loops=1)
        Buckets: 1024  Batches: 1  Memory Usage: 11kB
        ->  Nested Loop  (cost=0.43..52283.69 rows=104 width=8) (actual time=152.025..843.666 rows=55 loops=1)
              ->  Seq Scan on movie_companies mc  (cost=0.00..51404.11 rows=104 width=4) (actual time=151.915..841.238 rows=55 loops=1)
                    Filter: (company_id = 18431)
                    Rows Removed by Filter: 2609074
              ->  Index Only Scan using title_pkey on title t  (cost=0.43..8.45 rows=1 width=4) (actual time=0.039..0.040 rows=1 loops=55)
                    Index Cond: (id = mc.movie_id)
                    Heap Fetches: 55
Planning time: 1.958 ms
Execution time: 7923.369 ms
