Seq Scan on cast_info ci  (cost=0.00..796071.18 rows=1169766 width=0) (actual time=1288.742..12264.824 rows=1428998 loops=1)
  Filter: ((person_id > 2076390) AND (role_id = 4))
  Rows Removed by Filter: 34815346
Planning time: 2.622 ms
Execution time: 12444.369 ms
