Seq Scan on movie_keyword mk  (cost=0.00..81003.12 rows=1385738 width=0) (actual time=0.021..1112.424 rows=1399787 loops=1)
  Filter: (keyword_id < 1897)
  Rows Removed by Filter: 3124143
Planning time: 0.332 ms
Execution time: 1263.943 ms
