Seq Scan on title t  (cost=0.00..73925.90 rows=4577 width=0) (actual time=89.050..871.595 rows=4138 loops=1)
  Filter: ((kind_id = 3) AND (production_year = 2007))
  Rows Removed by Filter: 2524174
Planning time: 0.347 ms
Execution time: 872.559 ms
