Hash Join  (cost=215290.25..745412.14 rows=2988904 width=0) (actual time=4061.432..16451.008 rows=1215632 loops=1)
  Hash Cond: (mi.movie_id = t.id)
  ->  Seq Scan on movie_info mi  (cost=0.00..309384.22 rows=14739122 width=4) (actual time=0.019..5957.560 rows=14835720 loops=1)
  ->  Hash  (cost=206877.84..206877.84 rows=512753 width=8) (actual time=4058.561..4058.561 rows=95818 loops=1)
        Buckets: 131072  Batches: 8  Memory Usage: 1461kB
        ->  Hash Join  (cost=78628.27..206877.84 rows=512753 width=8) (actual time=3056.456..4032.594 rows=95818 loops=1)
              Hash Cond: (mk.movie_id = t.id)
              ->  Seq Scan on movie_keyword mk  (cost=0.00..69693.30 rows=4523930 width=4) (actual time=0.021..1331.236 rows=4523930 loops=1)
              ->  Hash  (cost=73925.90..73925.90 rows=286589 width=4) (actual time=1122.341..1122.341 rows=177340 loops=1)
                    Buckets: 131072  Batches: 4  Memory Usage: 2587kB
                    ->  Seq Scan on title t  (cost=0.00..73925.90 rows=286589 width=4) (actual time=0.031..1061.298 rows=177340 loops=1)
                          Filter: ((production_year < 1977) AND (kind_id = 7))
                          Rows Removed by Filter: 2350972
Planning time: 1.223 ms
Execution time: 16599.739 ms
