Seq Scan on cast_info ci  (cost=0.00..705507.15 rows=29819225 width=0) (actual time=0.012..12950.648 rows=29746358 loops=1)
  Filter: (person_id < 3006940)
  Rows Removed by Filter: 6497986
Planning time: 0.502 ms
Execution time: 16626.088 ms
