Seq Scan on movie_keyword mk  (cost=0.00..81003.12 rows=4337490 width=0) (actual time=0.016..1450.310 rows=4333118 loops=1)
  Filter: (keyword_id < 70827)
  Rows Removed by Filter: 190812
Planning time: 0.211 ms
Execution time: 1965.570 ms
