Hash Join  (cost=156632.57..1126361.17 rows=2356182 width=0) (actual time=3137.079..31456.350 rows=6884436 loops=1)
  Hash Cond: (ci.movie_id = t.id)
  ->  Seq Scan on cast_info ci  (cost=0.00..796071.18 rows=12824162 width=4) (actual time=0.035..16554.233 rows=19024586 loops=1)
        Filter: ((person_id > 1615399) AND (role_id > 1))
        Rows Removed by Filter: 17219758
  ->  Hash  (cost=149010.49..149010.49 rows=464566 width=8) (actual time=3136.222..3136.222 rows=459925 loops=1)
        Buckets: 131072  Batches: 8  Memory Usage: 3275kB
        ->  Hash Join  (cost=102767.86..149010.49 rows=464566 width=8) (actual time=1900.301..3024.428 rows=459925 loops=1)
              Hash Cond: (mi_idx.movie_id = t.id)
              ->  Seq Scan on movie_info_idx mi_idx  (cost=0.00..25185.44 rows=464566 width=4) (actual time=0.019..414.941 rows=459925 loops=1)
                    Filter: (info_type_id = 101)
                    Rows Removed by Filter: 920110
              ->  Hash  (cost=61283.27..61283.27 rows=2528527 width=4) (actual time=1898.141..1898.141 rows=2528312 loops=1)
                    Buckets: 131072  Batches: 64  Memory Usage: 2415kB
                    ->  Seq Scan on title t  (cost=0.00..61283.27 rows=2528527 width=4) (actual time=0.073..1069.836 rows=2528312 loops=1)
Planning time: 1.182 ms
Execution time: 32298.910 ms
