Hash Join  (cost=709678.15..1074363.23 rows=2915 width=0) (actual time=10341.271..17384.972 rows=835 loops=1)
  Hash Cond: (mi.movie_id = t.id)
  ->  Seq Scan on movie_info mi  (cost=0.00..309384.22 rows=14739122 width=4) (actual time=0.017..4334.479 rows=14835720 loops=1)
  ->  Hash  (cost=709671.90..709671.90 rows=500 width=8) (actual time=10330.778..10330.778 rows=530 loops=1)
        Buckets: 1024  Batches: 1  Memory Usage: 29kB
        ->  Nested Loop  (cost=0.43..709671.90 rows=500 width=8) (actual time=4264.291..10330.551 rows=530 loops=1)
              ->  Seq Scan on cast_info ci  (cost=0.00..705507.15 rows=500 width=4) (actual time=4264.187..10323.222 rows=530 loops=1)
                    Filter: (person_id = 3007184)
                    Rows Removed by Filter: 36243814
              ->  Index Only Scan using title_pkey on title t  (cost=0.43..8.32 rows=1 width=4) (actual time=0.013..0.013 rows=1 loops=530)
                    Index Cond: (id = ci.movie_id)
                    Heap Fetches: 530
Planning time: 1.194 ms
Execution time: 17385.338 ms
