Hash Join  (cost=101644.10..199731.41 rows=31463 width=0) (actual time=1919.966..4264.249 rows=37872 loops=1)
  Hash Cond: (mk.movie_id = t.id)
  ->  Seq Scan on movie_keyword mk  (cost=0.00..81003.12 rows=4471882 width=4) (actual time=0.024..1644.652 rows=4475978 loops=1)
        Filter: (keyword_id > 47)
        Rows Removed by Filter: 47952
  ->  Hash  (cost=101421.72..101421.72 rows=17790 width=8) (actual time=1917.351..1917.351 rows=15519 loops=1)
        Buckets: 32768  Batches: 1  Memory Usage: 863kB
        ->  Hash Join  (cost=74333.34..101421.72 rows=17790 width=8) (actual time=1484.263..1912.040 rows=15519 loops=1)
              Hash Cond: (mi_idx.movie_id = t.id)
              ->  Seq Scan on movie_info_idx mi_idx  (cost=0.00..21735.35 rows=1380035 width=4) (actual time=0.023..343.945 rows=1380035 loops=1)
              ->  Hash  (cost=73925.90..73925.90 rows=32595 width=4) (actual time=1233.551..1233.551 rows=81645 loops=1)
                    Buckets: 131072 (originally 32768)  Batches: 1 (originally 1)  Memory Usage: 3895kB
                    ->  Seq Scan on title t  (cost=0.00..73925.90 rows=32595 width=4) (actual time=559.379..1195.564 rows=81645 loops=1)
                          Filter: ((kind_id < 7) AND (production_year < 1919))
                          Rows Removed by Filter: 2446667
Planning time: 1.162 ms
Execution time: 4269.514 ms
