Hash Join  (cost=83074.74..110002.76 rows=45 width=0) (actual time=1218.038..1501.881 rows=24 loops=1)
  Hash Cond: (mi_idx.movie_id = t.id)
  ->  Seq Scan on movie_info_idx mi_idx  (cost=0.00..25185.44 rows=464566 width=4) (actual time=0.011..273.367 rows=459925 loops=1)
        Filter: (info_type_id = 101)
        Rows Removed by Filter: 920110
  ->  Hash  (cost=83071.67..83071.67 rows=246 width=8) (actual time=1181.718..1181.718 rows=30 loops=1)
        Buckets: 1024  Batches: 1  Memory Usage: 10kB
        ->  Nested Loop  (cost=0.43..83071.67 rows=246 width=8) (actual time=16.122..1181.664 rows=30 loops=1)
              ->  Seq Scan on movie_keyword mk  (cost=0.00..81003.12 rows=246 width=4) (actual time=16.006..1179.913 rows=30 loops=1)
                    Filter: (keyword_id = 19535)
                    Rows Removed by Filter: 4523900
              ->  Index Only Scan using title_pkey on title t  (cost=0.43..8.40 rows=1 width=4) (actual time=0.050..0.051 rows=1 loops=30)
                    Index Cond: (id = mk.movie_id)
                    Heap Fetches: 30
Planning time: 1.165 ms
Execution time: 1502.026 ms
