Hash Join  (cost=110297.46..243492.69 rows=144689 width=0) (actual time=2273.340..5338.430 rows=153360 loops=1)
  Hash Cond: (mk.movie_id = t.id)
  ->  Seq Scan on movie_keyword mk  (cost=0.00..81003.12 rows=4360326 width=4) (actual time=0.019..1791.945 rows=4346368 loops=1)
        Filter: (keyword_id > 121)
        Rows Removed by Filter: 177562
  ->  Hash  (cost=108920.66..108920.66 rows=83904 width=8) (actual time=2271.761..2271.761 rows=46310 loops=1)
        Buckets: 131072  Batches: 2  Memory Usage: 1932kB
        ->  Hash Join  (cost=71408.55..108920.66 rows=83904 width=8) (actual time=1263.945..2255.452 rows=46310 loops=1)
              Hash Cond: (mi_idx.movie_id = t.id)
              ->  Seq Scan on movie_info_idx mi_idx  (cost=0.00..25185.44 rows=915101 width=4) (actual time=0.020..567.544 rows=919850 loops=1)
                    Filter: (info_type_id < 101)
                    Rows Removed by Filter: 460185
              ->  Hash  (cost=67604.59..67604.59 rows=231837 width=4) (actual time=1262.948..1262.948 rows=231649 loops=1)
                    Buckets: 131072  Batches: 4  Memory Usage: 3076kB
                    ->  Seq Scan on title t  (cost=0.00..67604.59 rows=231837 width=4) (actual time=0.021..1183.876 rows=231649 loops=1)
                          Filter: (production_year > 2011)
                          Rows Removed by Filter: 2296663
Planning time: 1.129 ms
Execution time: 5358.010 ms
