Hash Join  (cost=174865.45..282439.53 rows=548185 width=0) (actual time=3902.663..6798.580 rows=2305870 loops=1)
  Hash Cond: (mk.movie_id = t.id)
  ->  Seq Scan on movie_keyword mk  (cost=0.00..81003.12 rows=1514696 width=4) (actual time=0.016..1447.873 rows=1533009 loops=1)
        Filter: (keyword_id > 10419)
        Rows Removed by Filter: 2990921
  ->  Hash  (cost=159851.69..159851.69 rows=915101 width=8) (actual time=3901.199..3901.199 rows=919850 loops=1)
        Buckets: 131072  Batches: 16  Memory Usage: 3282kB
        ->  Hash Join  (cost=102767.86..159851.69 rows=915101 width=8) (actual time=1926.424..3627.024 rows=919850 loops=1)
              Hash Cond: (mi_idx.movie_id = t.id)
              ->  Seq Scan on movie_info_idx mi_idx  (cost=0.00..25185.44 rows=915101 width=4) (actual time=0.009..541.939 rows=919850 loops=1)
                    Filter: (info_type_id < 101)
                    Rows Removed by Filter: 460185
              ->  Hash  (cost=61283.27..61283.27 rows=2528527 width=4) (actual time=1924.908..1924.908 rows=2528312 loops=1)
                    Buckets: 131072  Batches: 64  Memory Usage: 2415kB
                    ->  Seq Scan on title t  (cost=0.00..61283.27 rows=2528527 width=4) (actual time=0.010..1044.625 rows=2528312 loops=1)
Planning time: 1.097 ms
Execution time: 7083.599 ms
