Hash Join  (cost=172506.55..989780.29 rows=111960 width=0) (actual time=3115.259..21723.632 rows=821630 loops=1)
  Hash Cond: (ci.movie_id = t.id)
  ->  Seq Scan on cast_info ci  (cost=0.00..796071.18 rows=5355456 width=4) (actual time=0.018..14371.377 rows=10887750 loops=1)
        Filter: ((person_id < 1491666) AND (role_id = 1))
        Rows Removed by Filter: 25356594
  ->  Hash  (cost=171845.78..171845.78 rows=52861 width=8) (actual time=3111.574..3111.574 rows=104301 loops=1)
        Buckets: 131072 (originally 65536)  Batches: 2 (originally 1)  Memory Usage: 3073kB
        ->  Hash Join  (cost=102767.86..171845.78 rows=52861 width=8) (actual time=2086.191..3076.007 rows=104301 loops=1)
              Hash Cond: (mc.movie_id = t.id)
              ->  Seq Scan on movie_companies mc  (cost=0.00..57926.93 rows=52861 width=4) (actual time=256.650..809.869 rows=104301 loops=1)
                    Filter: ((company_id > 155033) AND (company_type_id = 2))
                    Rows Removed by Filter: 2504828
              ->  Hash  (cost=61283.27..61283.27 rows=2528527 width=4) (actual time=1827.859..1827.859 rows=2528312 loops=1)
                    Buckets: 131072  Batches: 64  Memory Usage: 2415kB
                    ->  Seq Scan on title t  (cost=0.00..61283.27 rows=2528527 width=4) (actual time=0.010..986.036 rows=2528312 loops=1)
Planning time: 5.331 ms
Execution time: 21827.063 ms
