Seq Scan on movie_keyword mk  (cost=0.00..81003.12 rows=246 width=0) (actual time=868.346..1450.614 rows=2 loops=1)
  Filter: (keyword_id = 113506)
  Rows Removed by Filter: 4523928
Planning time: 0.410 ms
Execution time: 1450.696 ms
