Seq Scan on movie_companies mc  (cost=0.00..51404.11 rows=104 width=0) (actual time=11.520..527.540 rows=643 loops=1)
  Filter: (company_id = 4568)
  Rows Removed by Filter: 2608486
Planning time: 0.637 ms
Execution time: 527.704 ms
