Hash Join  (cost=58375.85..426723.69 rows=124 width=0) (actual time=1223.483..6948.552 rows=49 loops=1)
  Hash Cond: (mi.movie_id = t.id)
  ->  Seq Scan on movie_info mi  (cost=0.00..346232.03 rows=5897221 width=4) (actual time=180.864..5314.634 rows=5884963 loops=1)
        Filter: (info_type_id < 7)
        Rows Removed by Filter: 8950757
  ->  Hash  (cost=58375.18..58375.18 rows=53 width=8) (actual time=904.993..904.993 rows=10 loops=1)
        Buckets: 1024  Batches: 1  Memory Usage: 9kB
        ->  Nested Loop  (cost=0.43..58375.18 rows=53 width=8) (actual time=605.916..904.965 rows=10 loops=1)
              ->  Seq Scan on movie_companies mc  (cost=0.00..57926.93 rows=53 width=4) (actual time=605.819..904.430 rows=10 loops=1)
                    Filter: ((company_type_id > 1) AND (company_id = 70612))
                    Rows Removed by Filter: 2609119
              ->  Index Only Scan using title_pkey on title t  (cost=0.43..8.45 rows=1 width=4) (actual time=0.044..0.045 rows=1 loops=10)
                    Index Cond: (id = mc.movie_id)
                    Heap Fetches: 10
Planning time: 1.133 ms
Execution time: 6948.690 ms
