Hash Join  (cost=282054.01..1495212.15 rows=20100836 width=0) (actual time=7620.570..50828.032 rows=65030796 loops=1)
  Hash Cond: (ci.movie_id = t.id)
  ->  Seq Scan on cast_info ci  (cost=0.00..705507.15 rows=23266926 width=4) (actual time=0.021..15036.062 rows=23154589 loops=1)
        Filter: (person_id < 2367567)
        Rows Removed by Filter: 13089755
  ->  Hash  (cost=246214.34..246214.34 rows=2184453 width=8) (actual time=7619.544..7619.544 rows=2184258 loops=1)
        Buckets: 131072  Batches: 32  Memory Usage: 3676kB
        ->  Hash Join  (cost=102767.86..246214.34 rows=2184453 width=8) (actual time=1892.435..6973.115 rows=2184258 loops=1)
              Hash Cond: (mk.movie_id = t.id)
              ->  Seq Scan on movie_keyword mk  (cost=0.00..81003.12 rows=2184453 width=4) (actual time=0.024..2975.640 rows=2184258 loops=1)
                    Filter: (keyword_id < 4333)
                    Rows Removed by Filter: 2339672
              ->  Hash  (cost=61283.27..61283.27 rows=2528527 width=4) (actual time=1889.958..1889.958 rows=2528312 loops=1)
                    Buckets: 131072  Batches: 64  Memory Usage: 2425kB
                    ->  Seq Scan on title t  (cost=0.00..61283.27 rows=2528527 width=4) (actual time=0.016..1057.810 rows=2528312 loops=1)
Planning time: 1.189 ms
Execution time: 57507.198 ms
