Hash Join  (cost=83073.44..833868.76 rows=623 width=0) (actual time=1459.020..17089.281 rows=204 loops=1)
  Hash Cond: (ci.movie_id = t.id)
  ->  Seq Scan on cast_info ci  (cost=0.00..614943.12 rows=36225612 width=4) (actual time=0.017..9027.057 rows=36244344 loops=1)
  ->  Hash  (cost=83072.90..83072.90 rows=43 width=8) (actual time=1363.616..1363.616 rows=5 loops=1)
        Buckets: 1024  Batches: 1  Memory Usage: 9kB
        ->  Nested Loop  (cost=0.43..83072.90 rows=43 width=8) (actual time=558.873..1363.594 rows=5 loops=1)
              ->  Seq Scan on movie_keyword mk  (cost=0.00..81003.12 rows=246 width=4) (actual time=20.717..1352.395 rows=93 loops=1)
                    Filter: (keyword_id = 5795)
                    Rows Removed by Filter: 4523837
              ->  Index Scan using title_pkey on title t  (cost=0.43..8.40 rows=1 width=4) (actual time=0.116..0.116 rows=0 loops=93)
                    Index Cond: (id = mk.movie_id)
                    Filter: ((kind_id > 1) AND (production_year < 1986))
                    Rows Removed by Filter: 1
Planning time: 3.509 ms
Execution time: 17089.653 ms
