Hash Join  (cost=662845.30..2491421.57 rows=55327701 width=0) (actual time=16335.252..75444.406 rows=94715494 loops=1)
  Hash Cond: (ci.movie_id = t.id)
  ->  Seq Scan on cast_info ci  (cost=0.00..614943.12 rows=36225612 width=4) (actual time=0.011..13388.754 rows=36244344 loops=1)
  ->  Hash  (cost=599486.27..599486.27 rows=3861842 width=8) (actual time=16334.435..16334.435 rows=3121272 loops=1)
        Buckets: 131072  Batches: 64  Memory Usage: 2933kB
        ->  Hash Join  (cost=78473.92..599486.27 rows=3861842 width=8) (actual time=1444.275..15452.599 rows=3121272 loops=1)
              Hash Cond: (mi.movie_id = t.id)
              ->  Seq Scan on movie_info mi  (cost=0.00..309384.22 rows=14739122 width=4) (actual time=0.018..6186.103 rows=14835720 loops=1)
              ->  Hash  (cost=67604.59..67604.59 rows=662507 width=4) (actual time=1443.281..1443.281 rows=662065 loops=1)
                    Buckets: 131072  Batches: 16  Memory Usage: 2487kB
                    ->  Seq Scan on title t  (cost=0.00..67604.59 rows=662507 width=4) (actual time=0.015..1214.186 rows=662065 loops=1)
                          Filter: (production_year > 2008)
                          Rows Removed by Filter: 1866247
Planning time: 0.961 ms
Execution time: 85330.107 ms
