Hash Join  (cost=123385.82..1250130.10 rows=3220695 width=0) (actual time=2810.741..36404.063 rows=11361903 loops=1)
  Hash Cond: (ci.movie_id = t.id)
  ->  Seq Scan on cast_info ci  (cost=0.00..705507.15 rows=33563780 width=4) (actual time=0.032..16160.465 rows=33542127 loops=1)
        Filter: (person_id < 3543511)
        Rows Removed by Filter: 2702217
  ->  Hash  (cost=119404.94..119404.94 rows=242631 width=8) (actual time=2805.194..2805.194 rows=420020 loops=1)
        Buckets: 131072 (originally 131072)  Batches: 8 (originally 4)  Memory Usage: 3079kB
        ->  Hash Join  (cost=78556.72..119404.94 rows=242631 width=8) (actual time=1447.847..2668.633 rows=420020 loops=1)
              Hash Cond: (mi_idx.movie_id = t.id)
              ->  Seq Scan on movie_info_idx mi_idx  (cost=0.00..25185.44 rows=919057 width=4) (actual time=0.039..518.768 rows=920110 loops=1)
                    Filter: (info_type_id > 99)
                    Rows Removed by Filter: 459925
              ->  Hash  (cost=67604.59..67604.59 rows=667531 width=4) (actual time=1429.955..1429.955 rows=662825 loops=1)
                    Buckets: 131072  Batches: 16  Memory Usage: 2476kB
                    ->  Seq Scan on title t  (cost=0.00..67604.59 rows=667531 width=4) (actual time=454.196..1236.144 rows=662825 loops=1)
                          Filter: (kind_id = 1)
                          Rows Removed by Filter: 1865487
Planning time: 2.007 ms
Execution time: 37654.515 ms
