Hash Join  (cost=91901.05..1292503.81 rows=13379269 width=0) (actual time=1626.329..38097.381 rows=15164669 loops=1)
  Hash Cond: (ci.movie_id = t.id)
  ->  Seq Scan on cast_info ci  (cost=0.00..705507.15 rows=30877577 width=4) (actual time=0.024..16416.147 rows=30989012 loops=1)
        Filter: (person_id > 508514)
        Rows Removed by Filter: 5255332
  ->  Hash  (cost=73925.90..73925.90 rows=1095612 width=4) (actual time=1625.330..1625.330 rows=1189548 loops=1)
        Buckets: 131072  Batches: 16  Memory Usage: 3647kB
        ->  Seq Scan on title t  (cost=0.00..73925.90 rows=1095612 width=4) (actual time=373.193..1284.946 rows=1189548 loops=1)
              Filter: ((production_year > 1988) AND (kind_id = 7))
              Rows Removed by Filter: 1338764
Planning time: 0.798 ms
Execution time: 39811.162 ms
