Hash Join  (cost=104131.46..173958.52 rows=130441 width=0) (actual time=2017.774..3460.709 rows=61977 loops=1)
  Hash Cond: (mc.movie_id = t.id)
  ->  Seq Scan on movie_companies mc  (cost=0.00..57926.93 rows=148143 width=4) (actual time=0.012..1022.298 rows=65308 loops=1)
        Filter: ((company_id < 159) AND (company_type_id > 1))
        Rows Removed by Filter: 2543821
  ->  Hash  (cost=67604.59..67604.59 rows=2226390 width=4) (actual time=2015.843..2015.843 rows=2224569 loops=1)
        Buckets: 131072  Batches: 32  Memory Usage: 3463kB
        ->  Seq Scan on title t  (cost=0.00..67604.59 rows=2226390 width=4) (actual time=0.012..1323.995 rows=2224569 loops=1)
              Filter: (production_year < 2012)
              Rows Removed by Filter: 303743
Planning time: 0.767 ms
Execution time: 3467.901 ms
