Hash Join  (cost=159309.10..1027127.82 rows=504727 width=0) (actual time=3185.666..18625.991 rows=131079 loops=1)
  Hash Cond: (ci.movie_id = t.id)
  ->  Seq Scan on cast_info ci  (cost=0.00..796071.18 rows=5692872 width=4) (actual time=0.034..14355.621 rows=2581296 loops=1)
        Filter: ((person_id < 2197513) AND (role_id > 4))
        Rows Removed by Filter: 33663048
  ->  Hash  (cost=155630.87..155630.87 rows=224178 width=8) (actual time=3178.629..3178.629 rows=137349 loops=1)
        Buckets: 131072  Batches: 4  Memory Usage: 2366kB
        ->  Hash Join  (cost=77490.57..155630.87 rows=224178 width=8) (actual time=1223.246..3133.311 rows=137349 loops=1)
              Hash Cond: (mc.movie_id = t.id)
              ->  Seq Scan on movie_companies mc  (cost=0.00..44881.29 rows=2609129 width=4) (actual time=0.012..850.010 rows=2609129 loops=1)
              ->  Hash  (cost=73925.90..73925.90 rows=217253 width=4) (actual time=1222.329..1222.329 rows=112299 loops=1)
                    Buckets: 131072  Batches: 4  Memory Usage: 2008kB
                    ->  Seq Scan on title t  (cost=0.00..73925.90 rows=217253 width=4) (actual time=0.023..1181.644 rows=112299 loops=1)
                          Filter: ((production_year < 1969) AND (kind_id = 7))
                          Rows Removed by Filter: 2416013
Planning time: 1.729 ms
Execution time: 18641.893 ms
