Hash Join  (cost=69179.59..202303.03 rows=164505 width=0) (actual time=1367.324..4491.265 rows=168589 loops=1)
  Hash Cond: (mk.movie_id = t.id)
  ->  Seq Scan on movie_keyword mk  (cost=0.00..81003.12 rows=4332871 width=4) (actual time=0.031..1834.394 rows=4329995 loops=1)
        Filter: (keyword_id < 69944)
        Rows Removed by Filter: 193935
  ->  Hash  (cost=67604.59..67604.59 rows=96000 width=4) (actual time=1366.587..1366.587 rows=95005 loops=1)
        Buckets: 131072  Batches: 2  Memory Usage: 2722kB
        ->  Seq Scan on title t  (cost=0.00..67604.59 rows=96000 width=4) (actual time=0.020..1073.500 rows=95005 loops=1)
              Filter: (production_year = 2005)
              Rows Removed by Filter: 2433307
Planning time: 0.761 ms
Execution time: 4511.721 ms
