Seq Scan on cast_info ci  (cost=0.00..705507.15 rows=9165973 width=0) (actual time=1211.854..11647.099 rows=9172764 loops=1)
  Filter: (person_id > 2782690)
  Rows Removed by Filter: 27071580
Planning time: 0.263 ms
Execution time: 12808.810 ms
