Hash Join  (cost=181941.92..222265.37 rows=153297 width=0) (actual time=3849.026..5178.930 rows=768343 loops=1)
  Hash Cond: (mi_idx.movie_id = t.id)
  ->  Seq Scan on movie_info_idx mi_idx  (cost=0.00..21735.35 rows=1380035 width=4) (actual time=0.023..433.742 rows=1380035 loops=1)
  ->  Hash  (cost=177332.99..177332.99 rows=280874 width=8) (actual time=3848.037..3848.037 rows=555378 loops=1)
        Buckets: 131072 (originally 131072)  Batches: 8 (originally 4)  Memory Usage: 3747kB
        ->  Hash Join  (cost=102767.86..177332.99 rows=280874 width=8) (actual time=2084.406..3673.553 rows=555378 loops=1)
              Hash Cond: (mc.movie_id = t.id)
              ->  Seq Scan on movie_companies mc  (cost=0.00..57926.93 rows=280874 width=4) (actual time=193.779..889.878 rows=555378 loops=1)
                    Filter: ((company_id > 71740) AND (company_type_id > 1))
                    Rows Removed by Filter: 2053751
              ->  Hash  (cost=61283.27..61283.27 rows=2528527 width=4) (actual time=1881.677..1881.677 rows=2528312 loops=1)
                    Buckets: 131072  Batches: 64  Memory Usage: 2415kB
                    ->  Seq Scan on title t  (cost=0.00..61283.27 rows=2528527 width=4) (actual time=0.011..1021.839 rows=2528312 loops=1)
Planning time: 1.850 ms
Execution time: 5271.662 ms
