Hash Join  (cost=122535.74..469389.34 rows=499 width=0) (actual time=2911.329..7710.257 rows=4782 loops=1)
  Hash Cond: (mi.movie_id = t.id)
  ->  Seq Scan on movie_info mi  (cost=0.00..346232.03 rows=164423 width=4) (actual time=455.685..5327.803 rows=197754 loops=1)
        Filter: (info_type_id > 106)
        Rows Removed by Filter: 14637966
  ->  Hash  (cost=122439.81..122439.81 rows=7674 width=8) (actual time=2349.683..2349.683 rows=17853 loops=1)
        Buckets: 32768 (originally 8192)  Batches: 1 (originally 1)  Memory Usage: 954kB
        ->  Hash Join  (cost=67697.55..122439.81 rows=7674 width=8) (actual time=1053.568..2341.960 rows=17853 loops=1)
              Hash Cond: (mc.movie_id = t.id)
              ->  Seq Scan on movie_companies mc  (cost=0.00..44881.29 rows=2609129 width=4) (actual time=0.017..682.828 rows=2609129 loops=1)
              ->  Hash  (cost=67604.59..67604.59 rows=7437 width=4) (actual time=1053.463..1053.463 rows=14442 loops=1)
                    Buckets: 16384 (originally 8192)  Batches: 1 (originally 1)  Memory Usage: 636kB
                    ->  Seq Scan on title t  (cost=0.00..67604.59 rows=7437 width=4) (actual time=0.052..1046.584 rows=14442 loops=1)
                          Filter: (production_year = 1971)
                          Rows Removed by Filter: 2513870
Planning time: 1.223 ms
Execution time: 7711.188 ms
