Seq Scan on movie_info mi  (cost=0.00..346232.03 rows=6066786 width=0) (actual time=0.023..6054.698 rows=6065224 loops=1)
  Filter: (info_type_id > 11)
  Rows Removed by Filter: 8770496
Planning time: 0.371 ms
Execution time: 6811.283 ms
