Hash Join  (cost=163184.10..284720.50 rows=105345 width=0) (actual time=4408.069..5879.794 rows=220301 loops=1)
  Hash Cond: (mk.movie_id = t.id)
  ->  Seq Scan on movie_keyword mk  (cost=0.00..81003.12 rows=3387685 width=4) (actual time=0.011..1605.751 rows=3377245 loops=1)
        Filter: (keyword_id < 16264)
        Rows Removed by Filter: 1146685
  ->  Hash  (cost=161893.25..161893.25 rows=78628 width=8) (actual time=3192.813..3192.813 rows=141443 loops=1)
        Buckets: 131072  Batches: 2  Memory Usage: 3793kB
        ->  Hash Join  (cost=96184.51..161893.25 rows=78628 width=8) (actual time=2337.701..3145.489 rows=141443 loops=1)
              Hash Cond: (mc.movie_id = t.id)
              ->  Seq Scan on movie_companies mc  (cost=0.00..57926.93 rows=146542 width=4) (actual time=0.018..865.320 rows=224384 loops=1)
                    Filter: ((company_id < 160) AND (company_type_id = 1))
                    Rows Removed by Filter: 2384745
              ->  Hash  (cost=73925.90..73925.90 rows=1356688 width=4) (actual time=1902.855..1902.855 rows=1327781 loops=1)
                    Buckets: 131072  Batches: 32  Memory Usage: 2479kB
                    ->  Seq Scan on title t  (cost=0.00..73925.90 rows=1356688 width=4) (actual time=0.023..1477.426 rows=1327781 loops=1)
                          Filter: ((production_year < 2012) AND (kind_id = 7))
                          Rows Removed by Filter: 1200531
Planning time: 1.081 ms
Execution time: 5907.521 ms
