Seq Scan on movie_companies mc  (cost=0.00..57926.93 rows=210169 width=0) (actual time=477.409..873.935 rows=96721 loops=1)
  Filter: ((company_id < 276) AND (company_type_id = 2))
  Rows Removed by Filter: 2512408
Planning time: 0.434 ms
Execution time: 886.788 ms
