Hash Join  (cost=797557.00..852223.24 rows=71 width=0) (actual time=10978.724..12057.381 rows=62 loops=1)
  Hash Cond: (mc.movie_id = t.id)
  ->  Seq Scan on movie_companies mc  (cost=0.00..44881.29 rows=2609129 width=4) (actual time=0.022..640.134 rows=2609129 loops=1)
  ->  Hash  (cost=797556.14..797556.14 rows=69 width=8) (actual time=10970.788..10970.788 rows=29 loops=1)
        Buckets: 1024  Batches: 1  Memory Usage: 10kB
        ->  Nested Loop  (cost=0.43..797556.14 rows=69 width=8) (actual time=4065.863..10970.717 rows=29 loops=1)
              ->  Seq Scan on cast_info ci  (cost=0.00..796071.18 rows=176 width=4) (actual time=4065.714..10952.619 rows=759 loops=1)
                    Filter: ((person_id = 180172) AND (role_id = 1))
                    Rows Removed by Filter: 36243585
              ->  Index Scan using title_pkey on title t  (cost=0.43..8.43 rows=1 width=4) (actual time=0.023..0.023 rows=0 loops=759)
                    Index Cond: (id = ci.movie_id)
                    Filter: (kind_id < 7)
                    Rows Removed by Filter: 1
Planning time: 1.238 ms
Execution time: 12057.556 ms
