Hash Join  (cost=136305.37..961977.77 rows=42582 width=0) (actual time=6370.299..18967.842 rows=65066 loops=1)
  Hash Cond: (ci.movie_id = t.id)
  ->  Seq Scan on cast_info ci  (cost=0.00..796071.18 rows=7780106 width=4) (actual time=3751.410..14401.394 rows=11074218 loops=1)
        Filter: ((person_id > 1865599) AND (role_id > 2))
        Rows Removed by Filter: 25170126
  ->  Hash  (cost=136132.39..136132.39 rows=13839 width=8) (actual time=2617.769..2617.769 rows=4983 loops=1)
        Buckets: 16384  Batches: 1  Memory Usage: 323kB
        ->  Hash Join  (cost=74369.53..136132.39 rows=13839 width=8) (actual time=2211.513..2615.669 rows=4983 loops=1)
              Hash Cond: (mc.movie_id = t.id)
              ->  Seq Scan on movie_companies mc  (cost=0.00..57926.93 rows=986008 width=4) (actual time=0.024..1126.441 rows=1269376 loops=1)
                    Filter: ((company_id < 66463) AND (company_type_id = 1))
                    Rows Removed by Filter: 1339753
              ->  Hash  (cost=73925.90..73925.90 rows=35490 width=4) (actual time=1198.292..1198.292 rows=39698 loops=1)
                    Buckets: 65536  Batches: 1  Memory Usage: 1908kB
                    ->  Seq Scan on title t  (cost=0.00..73925.90 rows=35490 width=4) (actual time=0.019..1181.215 rows=39698 loops=1)
                          Filter: ((kind_id = 7) AND (production_year = 2001))
                          Rows Removed by Filter: 2488614
Planning time: 1.238 ms
Execution time: 18977.967 ms
