Seq Scan on movie_keyword mk  (cost=0.00..81003.12 rows=4178548 width=0) (actual time=0.022..1602.698 rows=4180241 loops=1)
  Filter: (keyword_id < 48385)
  Rows Removed by Filter: 343689
Planning time: 0.647 ms
Execution time: 2101.091 ms
