Seq Scan on cast_info ci  (cost=0.00..705507.15 rows=26157760 width=0) (actual time=0.026..13588.360 rows=26377964 loops=1)
  Filter: (person_id > 970620)
  Rows Removed by Filter: 9866380
Planning time: 0.256 ms
Execution time: 16816.619 ms
