Seq Scan on movie_companies mc  (cost=0.00..51404.11 rows=2111818 width=0) (actual time=0.028..1067.468 rows=2109546 loops=1)
  Filter: (company_id < 74239)
  Rows Removed by Filter: 499583
Planning time: 0.337 ms
Execution time: 1337.389 ms
