Seq Scan on cast_info ci  (cost=0.00..796071.18 rows=131 width=0) (actual time=561.895..13230.054 rows=43 loops=1)
  Filter: ((role_id > 4) AND (person_id = 3771061))
  Rows Removed by Filter: 36244301
Planning time: 0.459 ms
Execution time: 13230.187 ms
