Hash Join  (cost=205795.92..581181.46 rows=260471 width=0) (actual time=5611.999..12386.577 rows=4662069 loops=1)
  Hash Cond: (mi.movie_id = t.id)
  ->  Seq Scan on movie_info mi  (cost=0.00..346232.03 rows=2194617 width=4) (actual time=1609.773..5813.277 rows=2233850 loops=1)
        Filter: (info_type_id > 16)
        Rows Removed by Filter: 12601870
  ->  Hash  (cost=200871.64..200871.64 rows=300102 width=8) (actual time=3984.966..3984.966 rows=318911 loops=1)
        Buckets: 131072 (originally 131072)  Batches: 8 (originally 4)  Memory Usage: 3073kB
        ->  Hash Join  (cost=102767.86..200871.64 rows=300102 width=8) (actual time=2006.639..3892.414 rows=318911 loops=1)
              Hash Cond: (mk.movie_id = t.id)
              ->  Seq Scan on movie_keyword mk  (cost=0.00..81003.12 rows=300102 width=4) (actual time=0.049..1258.656 rows=318911 loops=1)
                    Filter: (keyword_id < 251)
                    Rows Removed by Filter: 4205019
              ->  Hash  (cost=61283.27..61283.27 rows=2528527 width=4) (actual time=2003.548..2003.548 rows=2528312 loops=1)
                    Buckets: 131072  Batches: 64  Memory Usage: 2425kB
                    ->  Seq Scan on title t  (cost=0.00..61283.27 rows=2528527 width=4) (actual time=0.018..1139.330 rows=2528312 loops=1)
Planning time: 1.145 ms
Execution time: 12873.459 ms
