Hash Join  (cost=280079.70..1299654.89 rows=12146826 width=0) (actual time=6066.245..36204.203 rows=39198872 loops=1)
  Hash Cond: (ci.movie_id = t.id)
  ->  Seq Scan on cast_info ci  (cost=0.00..705507.15 rows=14380955 width=4) (actual time=0.025..12892.728 rows=14538140 loops=1)
        Filter: (person_id > 2205513)
        Rows Removed by Filter: 21706204
  ->  Hash  (cost=245040.30..245040.30 rows=2135712 width=8) (actual time=6065.299..6065.299 rows=2140181 loops=1)
        Buckets: 131072  Batches: 32  Memory Usage: 3622kB
        ->  Hash Join  (cost=102767.86..245040.30 rows=2135712 width=8) (actual time=1889.899..5465.769 rows=2140181 loops=1)
              Hash Cond: (mk.movie_id = t.id)
              ->  Seq Scan on movie_keyword mk  (cost=0.00..81003.12 rows=2135712 width=4) (actual time=0.018..1564.183 rows=2140181 loops=1)
                    Filter: (keyword_id < 3993)
                    Rows Removed by Filter: 2383749
              ->  Hash  (cost=61283.27..61283.27 rows=2528527 width=4) (actual time=1888.710..1888.710 rows=2528312 loops=1)
                    Buckets: 131072  Batches: 64  Memory Usage: 2425kB
                    ->  Seq Scan on title t  (cost=0.00..61283.27 rows=2528527 width=4) (actual time=0.016..1047.199 rows=2528312 loops=1)
Planning time: 1.279 ms
Execution time: 40240.758 ms
