Hash Join  (cost=119774.21..484460.33 rows=3019 width=0) (actual time=1911.609..8766.027 rows=8826 loops=1)
  Hash Cond: (mi.movie_id = t.id)
  ->  Seq Scan on movie_info mi  (cost=0.00..309384.22 rows=14739122 width=4) (actual time=0.004..4215.442 rows=14835720 loops=1)
  ->  Hash  (cost=119767.74..119767.74 rows=518 width=8) (actual time=1734.637..1734.637 rows=556 loops=1)
        Buckets: 1024  Batches: 1  Memory Usage: 30kB
        ->  Hash Join  (cost=67697.55..119767.74 rows=518 width=8) (actual time=1470.579..1734.363 rows=556 loops=1)
              Hash Cond: (mc.movie_id = t.id)
              ->  Seq Scan on movie_companies mc  (cost=0.00..51404.11 rows=176239 width=4) (actual time=557.297..787.585 rows=176441 loops=1)
                    Filter: (company_id > 121556)
                    Rows Removed by Filter: 2432688
              ->  Hash  (cost=67604.59..67604.59 rows=7437 width=4) (actual time=912.665..912.665 rows=8628 loops=1)
                    Buckets: 16384 (originally 8192)  Batches: 1 (originally 1)  Memory Usage: 432kB
                    ->  Seq Scan on title t  (cost=0.00..67604.59 rows=7437 width=4) (actual time=0.093..907.823 rows=8628 loops=1)
                          Filter: (production_year = 1956)
                          Rows Removed by Filter: 2519684
Planning time: 1.230 ms
Execution time: 8768.171 ms
