Nested Loop  (cost=87687.83..503407.02 rows=18509 width=0) (actual time=6475.338..11228.844 rows=352634 loops=1)
  ->  Hash Join  (cost=87687.40..453057.22 rows=95636 width=8) (actual time=6475.259..7837.993 rows=352634 loops=1)
        Hash Cond: (mi.movie_id = mc.movie_id)
        ->  Seq Scan on movie_info mi  (cost=0.00..346232.03 rows=17937 width=4) (actual time=4689.913..5427.803 rows=61128 loops=1)
              Filter: (info_type_id = 103)
              Rows Removed by Filter: 14774592
        ->  Hash  (cost=44881.29..44881.29 rows=2609129 width=4) (actual time=1783.879..1783.879 rows=2609129 loops=1)
              Buckets: 131072  Batches: 64  Memory Usage: 2532kB
              ->  Seq Scan on movie_companies mc  (cost=0.00..44881.29 rows=2609129 width=4) (actual time=0.030..921.483 rows=2609129 loops=1)
  ->  Index Only Scan using title_pkey on title t  (cost=0.43..0.52 rows=1 width=4) (actual time=0.009..0.009 rows=1 loops=352634)
        Index Cond: (id = mc.movie_id)
        Heap Fetches: 352634
Planning time: 1.195 ms
Execution time: 11293.870 ms
