Hash Join  (cost=165231.56..295454.73 rows=674714 width=0) (actual time=3391.414..8185.843 rows=5830889 loops=1)
  Hash Cond: (mk.movie_id = t.id)
  ->  Seq Scan on movie_keyword mk  (cost=0.00..69693.30 rows=4523930 width=4) (actual time=0.018..1545.590 rows=4523930 loops=1)
  ->  Hash  (cost=159043.64..159043.64 rows=377113 width=8) (actual time=3390.494..3390.494 rows=587919 loops=1)
        Buckets: 131072  Batches: 8  Memory Usage: 3914kB
        ->  Hash Join  (cost=85692.35..159043.64 rows=377113 width=8) (actual time=1456.907..3227.935 rows=587919 loops=1)
              Hash Cond: (mc.movie_id = t.id)
              ->  Seq Scan on movie_companies mc  (cost=0.00..51404.11 rows=1329612 width=4) (actual time=0.363..961.951 rows=1334883 loops=1)
                    Filter: (company_type_id > 1)
                    Rows Removed by Filter: 1274246
              ->  Hash  (cost=73925.90..73925.90 rows=717156 width=4) (actual time=1455.731..1455.731 rows=620281 loops=1)
                    Buckets: 131072  Batches: 16  Memory Usage: 2386kB
                    ->  Seq Scan on title t  (cost=0.00..73925.90 rows=717156 width=4) (actual time=0.006..1253.212 rows=620281 loops=1)
                          Filter: ((kind_id < 7) AND (production_year > 1986))
                          Rows Removed by Filter: 1908031
Planning time: 6.357 ms
Execution time: 8866.734 ms
