Seq Scan on movie_companies mc  (cost=0.00..57926.93 rows=53 width=0) (actual time=99.879..541.801 rows=162 loops=1)
  Filter: ((company_id = 85951) AND (company_type_id = 2))
  Rows Removed by Filter: 2608967
Planning time: 0.388 ms
Execution time: 541.900 ms
