Hash Join  (cost=430831.14..1476994.93 rows=1203169 width=0) (actual time=7168.029..36849.773 rows=3697482 loops=1)
  Hash Cond: (ci.movie_id = t.id)
  ->  Seq Scan on cast_info ci  (cost=0.00..614943.12 rows=36225612 width=4) (actual time=0.004..13273.578 rows=36244344 loops=1)
  ->  Hash  (cost=429452.39..429452.39 rows=83980 width=8) (actual time=7167.339..7167.339 rows=280401 loops=1)
        Buckets: 131072 (originally 131072)  Batches: 4 (originally 2)  Memory Usage: 3761kB
        ->  Hash Join  (cost=75321.41..429452.39 rows=83980 width=8) (actual time=3001.391..7078.113 rows=280401 loops=1)
              Hash Cond: (mi.movie_id = t.id)
              ->  Seq Scan on movie_info mi  (cost=0.00..346232.03 rows=451508 width=4) (actual time=1769.366..5439.873 rows=474443 loops=1)
                    Filter: (info_type_id = 6)
                    Rows Removed by Filter: 14361277
              ->  Hash  (cost=67604.59..67604.59 rows=470306 width=4) (actual time=1231.073..1231.073 rows=465563 loops=1)
                    Buckets: 131072  Batches: 8  Memory Usage: 3070kB
                    ->  Seq Scan on title t  (cost=0.00..67604.59 rows=470306 width=4) (actual time=0.038..1074.895 rows=465563 loops=1)
                          Filter: (production_year < 1977)
                          Rows Removed by Filter: 2062749
Planning time: 0.980 ms
Execution time: 37275.311 ms
