Hash Join  (cost=102767.86..912108.22 rows=140873 width=0) (actual time=9813.809..13999.684 rows=132780 loops=1)
  Hash Cond: (ci.movie_id = t.id)
  ->  Seq Scan on cast_info ci  (cost=0.00..796071.18 rows=140873 width=4) (actual time=7877.858..11659.744 rows=132780 loops=1)
        Filter: ((person_id < 178341) AND (role_id = 4))
        Rows Removed by Filter: 36111564
  ->  Hash  (cost=61283.27..61283.27 rows=2528527 width=4) (actual time=1933.511..1933.511 rows=2528312 loops=1)
        Buckets: 131072  Batches: 64  Memory Usage: 2415kB
        ->  Seq Scan on title t  (cost=0.00..61283.27 rows=2528527 width=4) (actual time=0.032..1090.736 rows=2528312 loops=1)
Planning time: 0.810 ms
Execution time: 14013.297 ms
