Hash Join  (cost=73962.22..100895.12 rows=534 width=0) (actual time=1246.356..1886.107 rows=2802 loops=1)
  Hash Cond: (mi_idx.movie_id = t.id)
  ->  Seq Scan on movie_info_idx mi_idx  (cost=0.00..25185.44 rows=464566 width=4) (actual time=0.014..543.356 rows=459925 loops=1)
        Filter: (info_type_id = 101)
        Rows Removed by Filter: 920110
  ->  Hash  (cost=73925.90..73925.90 rows=2905 width=4) (actual time=1246.087..1246.087 rows=6875 loops=1)
        Buckets: 8192 (originally 4096)  Batches: 1 (originally 1)  Memory Usage: 306kB
        ->  Seq Scan on title t  (cost=0.00..73925.90 rows=2905 width=4) (actual time=0.029..1242.512 rows=6875 loops=1)
              Filter: ((kind_id < 7) AND (production_year = 1982))
              Rows Removed by Filter: 2521437
Planning time: 0.754 ms
Execution time: 1886.905 ms
