Hash Join  (cost=88257.79..233225.56 rows=1392933 width=0) (actual time=3379.168..6312.640 rows=355643 loops=1)
  Hash Cond: (mk.movie_id = t.id)
  ->  Seq Scan on movie_keyword mk  (cost=0.00..81003.12 rows=4032084 width=4) (actual time=0.027..1830.770 rows=4037774 loops=1)
        Filter: (keyword_id < 36922)
        Rows Removed by Filter: 486156
  ->  Hash  (cost=73925.90..73925.90 rows=873511 width=4) (actual time=2477.421..2477.421 rows=957299 loops=1)
        Buckets: 131072  Batches: 16  Memory Usage: 3140kB
        ->  Seq Scan on title t  (cost=0.00..73925.90 rows=873511 width=4) (actual time=337.293..1396.850 rows=957299 loops=1)
              Filter: ((production_year > 1999) AND (kind_id = 7))
              Rows Removed by Filter: 1571013
Planning time: 0.784 ms
Execution time: 6359.622 ms
