Hash Join  (cost=98271.57..149859.93 rows=809888 width=0) (actual time=2354.953..3886.853 rows=425568 loops=1)
  Hash Cond: (mi_idx.movie_id = t.id)
  ->  Seq Scan on movie_info_idx mi_idx  (cost=0.00..21735.35 rows=1380035 width=4) (actual time=0.013..482.197 rows=1380035 loops=1)
  ->  Hash  (cost=73925.90..73925.90 rows=1483893 width=4) (actual time=2354.150..2354.150 rows=1478439 loops=1)
        Buckets: 131072  Batches: 32  Memory Usage: 2651kB
        ->  Seq Scan on title t  (cost=0.00..73925.90 rows=1483893 width=4) (actual time=42.202..1500.093 rows=1478439 loops=1)
              Filter: ((production_year > 1909) AND (kind_id = 7))
              Rows Removed by Filter: 1049873
Planning time: 11.226 ms
Execution time: 3940.697 ms
