Hash Join  (cost=178196.32..314017.95 rows=1134259 width=0) (actual time=4146.028..12022.412 rows=18564985 loops=1)
  Hash Cond: (mk.movie_id = t.id)
  ->  Seq Scan on movie_keyword mk  (cost=0.00..69693.30 rows=4523930 width=4) (actual time=0.024..1556.530 rows=4523930 loops=1)
  ->  Hash  (cost=167794.78..167794.78 rows=633963 width=8) (actual time=4145.086..4145.086 rows=951965 loops=1)
        Buckets: 131072  Batches: 16  Memory Usage: 3397kB
        ->  Hash Join  (cost=84005.63..167794.78 rows=633963 width=8) (actual time=1357.583..3872.721 rows=951965 loops=1)
              Hash Cond: (mc.movie_id = t.id)
              ->  Seq Scan on movie_companies mc  (cost=0.00..44881.29 rows=2609129 width=4) (actual time=0.017..991.180 rows=2609129 loops=1)
              ->  Hash  (cost=73925.90..73925.90 rows=614378 width=4) (actual time=1356.525..1356.525 rows=520376 loops=1)
                    Buckets: 131072  Batches: 16  Memory Usage: 2162kB
                    ->  Seq Scan on title t  (cost=0.00..73925.90 rows=614378 width=4) (actual time=0.030..1187.037 rows=520376 loops=1)
                          Filter: ((kind_id < 7) AND (production_year > 1996))
                          Rows Removed by Filter: 2007936
Planning time: 1.221 ms
Execution time: 14080.380 ms
