Hash Join  (cost=162386.15..648414.36 rows=583129 width=0) (actual time=3179.925..15632.210 rows=1787573 loops=1)
  Hash Cond: (mi.movie_id = t.id)
  ->  Seq Scan on movie_info mi  (cost=0.00..309384.22 rows=14739122 width=4) (actual time=0.015..5912.776 rows=14835720 loops=1)
  ->  Hash  (cost=160744.68..160744.68 rows=100037 width=8) (actual time=3177.570..3177.570 rows=184529 loops=1)
        Buckets: 131072 (originally 131072)  Batches: 4 (originally 2)  Memory Usage: 3073kB
        ->  Hash Join  (cost=94574.69..160744.68 rows=100037 width=8) (actual time=1791.284..3110.033 rows=184529 loops=1)
              Hash Cond: (mc.movie_id = t.id)
              ->  Seq Scan on movie_companies mc  (cost=0.00..57926.93 rows=200983 width=4) (actual time=0.026..887.894 rows=313594 loops=1)
                    Filter: ((company_id < 264) AND (company_type_id < 2))
                    Rows Removed by Filter: 2295535
              ->  Hash  (cost=73925.90..73925.90 rows=1258543 width=4) (actual time=1790.178..1790.178 rows=1221534 loops=1)
                    Buckets: 131072  Batches: 32  Memory Usage: 2363kB
                    ->  Seq Scan on title t  (cost=0.00..73925.90 rows=1258543 width=4) (actual time=0.031..1396.935 rows=1221534 loops=1)
                          Filter: ((production_year < 2011) AND (kind_id = 7))
                          Rows Removed by Filter: 1306778
Planning time: 1.285 ms
Execution time: 15846.941 ms
