Hash Join  (cost=74009.26..126484.55 rows=748 width=0) (actual time=1023.063..1911.203 rows=943 loops=1)
  Hash Cond: (mc.movie_id = t.id)
  ->  Seq Scan on movie_companies mc  (cost=0.00..51404.11 rows=283655 width=4) (actual time=0.026..837.303 rows=278880 loops=1)
        Filter: (company_id < 150)
        Rows Removed by Filter: 2330249
  ->  Hash  (cost=73925.90..73925.90 rows=6668 width=4) (actual time=1022.115..1022.115 rows=3242 loops=1)
        Buckets: 8192  Batches: 1  Memory Usage: 178kB
        ->  Seq Scan on title t  (cost=0.00..73925.90 rows=6668 width=4) (actual time=491.014..1020.559 rows=3242 loops=1)
              Filter: ((kind_id = 3) AND (production_year = 2012))
              Rows Removed by Filter: 2525070
Planning time: 0.780 ms
Execution time: 1911.531 ms
