Hash Join  (cost=288487.80..1712466.69 rows=33573871 width=0) (actual time=7161.399..67797.130 rows=114255454 loops=1)
  Hash Cond: (ci.movie_id = t.id)
  ->  Seq Scan on cast_info ci  (cost=0.00..614943.12 rows=36225612 width=4) (actual time=0.013..13682.586 rows=36244344 loops=1)
  ->  Hash  (cost=250039.83..250039.83 rows=2343437 width=8) (actual time=7160.046..7160.046 rows=2342726 loops=1)
        Buckets: 131072  Batches: 32  Memory Usage: 3866kB
        ->  Hash Join  (cost=102767.86..250039.83 rows=2343437 width=8) (actual time=1919.922..6491.034 rows=2342726 loops=1)
              Hash Cond: (mk.movie_id = t.id)
              ->  Seq Scan on movie_keyword mk  (cost=0.00..81003.12 rows=2343437 width=4) (actual time=0.018..1630.449 rows=2342726 loops=1)
                    Filter: (keyword_id > 4304)
                    Rows Removed by Filter: 2181204
              ->  Hash  (cost=61283.27..61283.27 rows=2528527 width=4) (actual time=1918.322..1918.322 rows=2528312 loops=1)
                    Buckets: 131072  Batches: 64  Memory Usage: 2425kB
                    ->  Seq Scan on title t  (cost=0.00..61283.27 rows=2528527 width=4) (actual time=0.021..1073.850 rows=2528312 loops=1)
Planning time: 1.200 ms
Execution time: 80714.321 ms
