Hash Join  (cost=304582.45..1309937.63 rows=8644409 width=0) (actual time=7414.185..36862.317 rows=39475473 loops=1)
  Hash Cond: (ci.movie_id = t.id)
  ->  Seq Scan on cast_info ci  (cost=0.00..796071.18 rows=7973745 width=4) (actual time=0.015..14315.140 rows=10364325 loops=1)
        Filter: ((person_id < 1413446) AND (role_id < 3))
        Rows Removed by Filter: 25880019
  ->  Hash  (cost=259609.47..259609.47 rows=2741199 width=8) (actual time=7411.758..7411.758 rows=2731462 loops=1)
        Buckets: 131072  Batches: 64  Memory Usage: 2715kB
        ->  Hash Join  (cost=102767.86..259609.47 rows=2741199 width=8) (actual time=2623.043..6648.129 rows=2731462 loops=1)
              Hash Cond: (mk.movie_id = t.id)
              ->  Seq Scan on movie_keyword mk  (cost=0.00..81003.12 rows=2741199 width=4) (actual time=0.028..1544.193 rows=2731462 loops=1)
                    Filter: (keyword_id > 2894)
                    Rows Removed by Filter: 1792468
              ->  Hash  (cost=61283.27..61283.27 rows=2528527 width=4) (actual time=2621.572..2621.572 rows=2528312 loops=1)
                    Buckets: 131072  Batches: 64  Memory Usage: 2425kB
                    ->  Seq Scan on title t  (cost=0.00..61283.27 rows=2528527 width=4) (actual time=0.010..1059.308 rows=2528312 loops=1)
Planning time: 1.267 ms
Execution time: 41063.938 ms
