Hash Join  (cost=83074.74..447745.01 rows=1434 width=0) (actual time=1433.058..8612.223 rows=216913 loops=1)
  Hash Cond: (mi.movie_id = t.id)
  ->  Seq Scan on movie_info mi  (cost=0.00..309384.22 rows=14739122 width=4) (actual time=0.012..4244.051 rows=14835720 loops=1)
  ->  Hash  (cost=83071.67..83071.67 rows=246 width=8) (actual time=1432.931..1432.931 rows=2373 loops=1)
        Buckets: 4096 (originally 1024)  Batches: 1 (originally 1)  Memory Usage: 125kB
        ->  Nested Loop  (cost=0.43..83071.67 rows=246 width=8) (actual time=0.636..1431.230 rows=2373 loops=1)
              ->  Seq Scan on movie_keyword mk  (cost=0.00..81003.12 rows=246 width=4) (actual time=0.535..1310.671 rows=2373 loops=1)
                    Filter: (keyword_id = 7633)
                    Rows Removed by Filter: 4521557
              ->  Index Only Scan using title_pkey on title t  (cost=0.43..8.40 rows=1 width=4) (actual time=0.049..0.050 rows=1 loops=2373)
                    Index Cond: (id = mk.movie_id)
                    Heap Fetches: 2373
Planning time: 1.122 ms
Execution time: 8642.613 ms
