Hash Join  (cost=190230.21..1099758.56 rows=3465282 width=0) (actual time=4614.368..22230.732 rows=4348748 loops=1)
  Hash Cond: (ci.movie_id = t.id)
  ->  Seq Scan on cast_info ci  (cost=0.00..796071.18 rows=6349158 width=4) (actual time=400.594..14929.748 rows=3288530 loops=1)
        Filter: ((person_id < 2966244) AND (role_id > 6))
        Rows Removed by Filter: 32955814
  ->  Hash  (cost=167588.78..167588.78 rows=1380035 width=8) (actual time=4212.848..4212.848 rows=1380035 loops=1)
        Buckets: 131072  Batches: 32  Memory Usage: 2708kB
        ->  Hash Join  (cost=102767.86..167588.78 rows=1380035 width=8) (actual time=1939.822..3813.199 rows=1380035 loops=1)
              Hash Cond: (mi_idx.movie_id = t.id)
              ->  Seq Scan on movie_info_idx mi_idx  (cost=0.00..21735.35 rows=1380035 width=4) (actual time=0.010..416.942 rows=1380035 loops=1)
              ->  Hash  (cost=61283.27..61283.27 rows=2528527 width=4) (actual time=1934.187..1934.187 rows=2528312 loops=1)
                    Buckets: 131072  Batches: 64  Memory Usage: 2415kB
                    ->  Seq Scan on title t  (cost=0.00..61283.27 rows=2528527 width=4) (actual time=0.030..1142.221 rows=2528312 loops=1)
Planning time: 1.266 ms
Execution time: 22773.907 ms
