Hash Join  (cost=156487.41..964111.07 rows=132796 width=0) (actual time=9101.049..19904.298 rows=326531 loops=1)
  Hash Cond: (ci.movie_id = t.id)
  ->  Seq Scan on cast_info ci  (cost=0.00..796071.18 rows=728405 width=4) (actual time=3433.563..13595.464 rows=928084 loops=1)
        Filter: ((person_id > 1305471) AND (role_id = 9))
        Rows Removed by Filter: 35316260
  ->  Hash  (cost=148924.19..148924.19 rows=460978 width=8) (actual time=5666.564..5666.564 rows=459925 loops=1)
        Buckets: 131072  Batches: 8  Memory Usage: 3275kB
        ->  Hash Join  (cost=102767.86..148924.19 rows=460978 width=8) (actual time=2295.435..5518.998 rows=459925 loops=1)
              Hash Cond: (mi_idx.movie_id = t.id)
              ->  Seq Scan on movie_info_idx mi_idx  (cost=0.00..25185.44 rows=460978 width=4) (actual time=0.027..443.149 rows=459925 loops=1)
                    Filter: (info_type_id < 100)
                    Rows Removed by Filter: 920110
              ->  Hash  (cost=61283.27..61283.27 rows=2528527 width=4) (actual time=2294.188..2294.188 rows=2528312 loops=1)
                    Buckets: 131072  Batches: 64  Memory Usage: 2415kB
                    ->  Seq Scan on title t  (cost=0.00..61283.27 rows=2528527 width=4) (actual time=0.007..1155.268 rows=2528312 loops=1)
Planning time: 1.036 ms
Execution time: 19946.852 ms
