Hash Join  (cost=97468.80..472376.49 rows=759499 width=0) (actual time=4440.115..8381.462 rows=178093 loops=1)
  Hash Cond: (mi.movie_id = t.id)
  ->  Seq Scan on movie_info mi  (cost=0.00..346232.03 rows=1338312 width=4) (actual time=2544.962..5561.786 rows=1401902 loops=1)
        Filter: (info_type_id = 7)
        Rows Removed by Filter: 13433818
  ->  Hash  (cost=73925.90..73925.90 rows=1434952 width=4) (actual time=1894.318..1894.318 rows=1560688 loops=1)
        Buckets: 131072  Batches: 32  Memory Usage: 2756kB
        ->  Seq Scan on title t  (cost=0.00..73925.90 rows=1434952 width=4) (actual time=0.032..1384.672 rows=1560688 loops=1)
              Filter: ((kind_id > 1) AND (production_year > 1979))
              Rows Removed by Filter: 967624
Planning time: 0.802 ms
Execution time: 8400.231 ms
