Hash Join  (cost=83810.17..909629.95 rows=653762 width=0) (actual time=5703.824..15728.354 rows=855733 loops=1)
  Hash Cond: (ci.movie_id = t.id)
  ->  Seq Scan on cast_info ci  (cost=0.00..796071.18 rows=1673594 width=4) (actual time=3806.774..12148.364 rows=2524388 loops=1)
        Filter: ((person_id > 2110505) AND (role_id = 3))
        Rows Removed by Filter: 33719956
  ->  Hash  (cost=67604.59..67604.59 rows=987727 width=4) (actual time=1896.329..1896.329 rows=985048 loops=1)
        Buckets: 131072  Batches: 16  Memory Usage: 3188kB
        ->  Seq Scan on title t  (cost=0.00..67604.59 rows=987727 width=4) (actual time=0.019..1156.954 rows=985048 loops=1)
              Filter: (kind_id < 7)
              Rows Removed by Filter: 1543264
Planning time: 0.826 ms
Execution time: 15834.914 ms
