Nested Loop  (cost=0.43..709673.15 rows=131 width=0) (actual time=4178.841..10857.262 rows=166 loops=1)
  ->  Seq Scan on cast_info ci  (cost=0.00..705507.15 rows=500 width=4) (actual time=2460.361..10853.717 rows=245 loops=1)
        Filter: (person_id = 492328)
        Rows Removed by Filter: 36244099
  ->  Index Scan using title_pkey on title t  (cost=0.43..8.32 rows=1 width=4) (actual time=0.013..0.013 rows=1 loops=245)
        Index Cond: (id = ci.movie_id)
        Filter: (production_year > 2008)
        Rows Removed by Filter: 0
Planning time: 0.750 ms
Execution time: 10857.451 ms
