Hash Join  (cost=73994.33..160750.31 rows=9794 width=0) (actual time=1262.416..3084.964 rows=930 loops=1)
  Hash Cond: (mk.movie_id = t.id)
  ->  Seq Scan on movie_keyword mk  (cost=0.00..69693.30 rows=4523930 width=4) (actual time=0.012..1031.856 rows=4523930 loops=1)
  ->  Hash  (cost=73925.90..73925.90 rows=5474 width=4) (actual time=1250.252..1250.252 rows=1425 loops=1)
        Buckets: 8192  Batches: 1  Memory Usage: 115kB
        ->  Seq Scan on title t  (cost=0.00..73925.90 rows=5474 width=4) (actual time=10.899..1249.295 rows=1425 loops=1)
              Filter: ((kind_id > 1) AND (production_year = 1949))
              Rows Removed by Filter: 2526887
Planning time: 0.804 ms
Execution time: 3085.198 ms
