Hash Join  (cost=126505.61..878215.10 rows=4138 width=0) (actual time=3611.763..15257.988 rows=6 loops=1)
  Hash Cond: (ci.movie_id = t.id)
  ->  Seq Scan on cast_info ci  (cost=0.00..705507.15 rows=12309589 width=4) (actual time=6.361..11344.585 rows=12223183 loops=1)
        Filter: (person_id < 1204163)
        Rows Removed by Filter: 24021161
  ->  Hash  (cost=126494.99..126494.99 rows=850 width=8) (actual time=1914.079..1914.079 rows=1 loops=1)
        Buckets: 1024  Batches: 1  Memory Usage: 9kB
        ->  Hash Join  (cost=68438.72..126494.99 rows=850 width=8) (actual time=1293.376..1914.052 rows=1 loops=1)
              Hash Cond: (mc.movie_id = t.id)
              ->  Seq Scan on movie_companies mc  (cost=0.00..57926.93 rows=32221 width=4) (actual time=0.094..841.649 rows=6578 loops=1)
                    Filter: ((company_id = 6) AND (company_type_id = 2))
                    Rows Removed by Filter: 2602551
              ->  Hash  (cost=67604.59..67604.59 rows=66731 width=4) (actual time=1066.926..1066.926 rows=67342 loops=1)
                    Buckets: 131072  Batches: 1  Memory Usage: 3392kB
                    ->  Seq Scan on title t  (cost=0.00..67604.59 rows=66731 width=4) (actual time=0.043..1038.861 rows=67342 loops=1)
                          Filter: (production_year > 2012)
                          Rows Removed by Filter: 2460970
Planning time: 1.207 ms
Execution time: 15258.415 ms
