Hash Join  (cost=83810.17..199059.97 rows=767338 width=0) (actual time=1451.020..4738.123 rows=1668612 loops=1)
  Hash Cond: (mk.movie_id = t.id)
  ->  Seq Scan on movie_keyword mk  (cost=0.00..81003.12 rows=1964343 width=4) (actual time=0.024..1586.816 rows=1970539 loops=1)
        Filter: (keyword_id > 6427)
        Rows Removed by Filter: 2553391
  ->  Hash  (cost=67604.59..67604.59 rows=987727 width=4) (actual time=1449.968..1449.968 rows=985048 loops=1)
        Buckets: 131072  Batches: 16  Memory Usage: 3197kB
        ->  Seq Scan on title t  (cost=0.00..67604.59 rows=987727 width=4) (actual time=0.030..1144.103 rows=985048 loops=1)
              Filter: (kind_id < 7)
              Rows Removed by Filter: 1543264
Planning time: 0.695 ms
Execution time: 4919.184 ms
