Hash Join  (cost=148374.67..953609.14 rows=42344 width=0) (actual time=8061.214..15334.672 rows=108700 loops=1)
  Hash Cond: (ci.movie_id = t.id)
  ->  Seq Scan on cast_info ci  (cost=0.00..796071.18 rows=704495 width=4) (actual time=4670.210..11604.474 rows=646130 loops=1)
        Filter: ((person_id < 903333) AND (role_id = 4))
        Rows Removed by Filter: 35598214
  ->  Hash  (cost=145880.94..145880.94 rows=151978 width=8) (actual time=3389.874..3389.874 rows=243294 loops=1)
        Buckets: 131072 (originally 131072)  Batches: 4 (originally 2)  Memory Usage: 3415kB
        ->  Hash Join  (cost=82033.88..145880.94 rows=151978 width=8) (actual time=1830.477..3307.949 rows=243294 loops=1)
              Hash Cond: (mc.movie_id = t.id)
              ->  Seq Scan on movie_companies mc  (cost=0.00..51404.11 rows=777645 width=4) (actual time=0.059..940.334 rows=768157 loops=1)
                    Filter: (company_id < 1615)
                    Rows Removed by Filter: 1840972
              ->  Hash  (cost=73925.90..73925.90 rows=494158 width=4) (actual time=1829.147..1829.147 rows=581419 loops=1)
                    Buckets: 131072  Batches: 8  Memory Usage: 3592kB
                    ->  Seq Scan on title t  (cost=0.00..73925.90 rows=494158 width=4) (actual time=0.027..1183.500 rows=581419 loops=1)
                          Filter: ((kind_id < 7) AND (production_year < 2004))
                          Rows Removed by Filter: 1946893
Planning time: 4.684 ms
Execution time: 15349.375 ms
