Hash Join  (cost=483811.61..1289797.62 rows=130672 width=0) (actual time=17834.590..21102.425 rows=157216 loops=1)
  Hash Cond: (ci.movie_id = t.id)
  ->  Seq Scan on cast_info ci  (cost=0.00..796071.18 rows=536294 width=4) (actual time=9947.297..12747.482 rows=830657 loops=1)
        Filter: ((person_id > 2583910) AND (role_id = 8))
        Rows Removed by Filter: 35413687
  ->  Hash  (cost=473703.43..473703.43 rows=616095 width=8) (actual time=7883.857..7883.857 rows=598457 loops=1)
        Buckets: 131072  Batches: 16  Memory Usage: 2474kB
        ->  Hash Join  (cost=102767.86..473703.43 rows=616095 width=8) (actual time=4201.718..7751.814 rows=598457 loops=1)
              Hash Cond: (mi.movie_id = t.id)
              ->  Seq Scan on movie_info mi  (cost=0.00..346232.03 rows=616095 width=4) (actual time=2004.930..4882.172 rows=598457 loops=1)
                    Filter: (info_type_id = 15)
                    Rows Removed by Filter: 14237263
              ->  Hash  (cost=61283.27..61283.27 rows=2528527 width=4) (actual time=2143.361..2143.361 rows=2528312 loops=1)
                    Buckets: 131072  Batches: 64  Memory Usage: 2425kB
                    ->  Seq Scan on title t  (cost=0.00..61283.27 rows=2528527 width=4) (actual time=0.038..1278.850 rows=2528312 loops=1)
Planning time: 1.233 ms
Execution time: 21117.846 ms
