Nested Loop  (cost=0.43..83071.67 rows=246 width=0) (actual time=4.697..1273.085 rows=170 loops=1)
  ->  Seq Scan on movie_keyword mk  (cost=0.00..81003.12 rows=246 width=4) (actual time=4.643..1259.035 rows=170 loops=1)
        Filter: (keyword_id = 15146)
        Rows Removed by Filter: 4523760
  ->  Index Only Scan using title_pkey on title t  (cost=0.43..8.40 rows=1 width=4) (actual time=0.079..0.080 rows=1 loops=170)
        Index Cond: (id = mk.movie_id)
        Heap Fetches: 170
Planning time: 0.761 ms
Execution time: 1273.258 ms
