Seq Scan on cast_info ci  (cost=0.00..796071.18 rows=2161802 width=0) (actual time=4033.646..13015.971 rows=697005 loops=1)
  Filter: ((person_id < 1784976) AND (role_id = 10))
  Rows Removed by Filter: 35547339
Planning time: 0.440 ms
Execution time: 13081.545 ms
