Hash Join  (cost=80897.02..151488.13 rows=222395 width=0) (actual time=1261.841..3165.803 rows=407023 loops=1)
  Hash Cond: (mc.movie_id = t.id)
  ->  Seq Scan on movie_companies mc  (cost=0.00..51404.11 rows=1323480 width=4) (actual time=0.024..1153.791 rows=1331368 loops=1)
        Filter: (company_id > 11207)
        Rows Removed by Filter: 1277761
  ->  Hash  (cost=73925.90..73925.90 rows=424889 width=4) (actual time=1260.906..1260.906 rows=309098 loops=1)
        Buckets: 131072  Batches: 8  Memory Usage: 2386kB
        ->  Seq Scan on title t  (cost=0.00..73925.90 rows=424889 width=4) (actual time=133.433..1166.138 rows=309098 loops=1)
              Filter: ((kind_id < 2) AND (production_year > 1995))
              Rows Removed by Filter: 2219214
Planning time: 4.978 ms
Execution time: 3208.991 ms
