Hash Join  (cost=93797.79..175017.16 rows=734731 width=0) (actual time=1848.796..3986.621 rows=410293 loops=1)
  Hash Cond: (mc.movie_id = t.id)
  ->  Seq Scan on movie_companies mc  (cost=0.00..51404.11 rows=1533852 width=4) (actual time=0.023..1053.167 rows=1520780 loops=1)
        Filter: (company_id < 14256)
        Rows Removed by Filter: 1088349
  ->  Hash  (cost=73925.90..73925.90 rows=1211191 width=4) (actual time=1847.433..1847.433 rows=1338529 loops=1)
        Buckets: 131072  Batches: 16  Memory Usage: 3980kB
        ->  Seq Scan on title t  (cost=0.00..73925.90 rows=1211191 width=4) (actual time=0.020..1421.663 rows=1338529 loops=1)
              Filter: ((kind_id > 3) AND (production_year > 1986))
              Rows Removed by Filter: 1189783
Planning time: 0.778 ms
Execution time: 4032.822 ms
