Hash Join  (cost=937231.69..1447551.90 rows=1133038 width=0) (actual time=19611.797..33171.422 rows=2885833 loops=1)
  Hash Cond: (mi.movie_id = t.id)
  ->  Seq Scan on movie_info mi  (cost=0.00..309384.22 rows=14739122 width=4) (actual time=0.023..6343.630 rows=14835720 loops=1)
  ->  Hash  (cost=934042.00..934042.00 rows=194375 width=8) (actual time=19604.413..19604.413 rows=260522 loops=1)
        Buckets: 131072  Batches: 4  Memory Usage: 3582kB
        ->  Hash Join  (cost=69002.72..934042.00 rows=194375 width=8) (actual time=7835.688..19488.877 rows=260522 loops=1)
              Hash Cond: (ci.movie_id = t.id)
              ->  Seq Scan on cast_info ci  (cost=0.00..796071.18 rows=5767826 width=4) (actual time=7031.724..15859.397 rows=7451973 loops=1)
                    Filter: ((person_id < 2911773) AND (role_id = 2))
                    Rows Removed by Filter: 28792371
              ->  Hash  (cost=67604.59..67604.59 rows=85211 width=4) (actual time=802.974..802.974 rows=84593 loops=1)
                    Buckets: 131072  Batches: 2  Memory Usage: 2518kB
                    ->  Seq Scan on title t  (cost=0.00..67604.59 rows=85211 width=4) (actual time=0.014..774.213 rows=84593 loops=1)
                          Filter: (production_year = 2004)
                          Rows Removed by Filter: 2443719
Planning time: 1.159 ms
Execution time: 33557.597 ms
