Hash Join  (cost=102767.86..180906.15 rows=429376 width=0) (actual time=1927.201..4116.901 rows=755861 loops=1)
  Hash Cond: (mc.movie_id = t.id)
  ->  Seq Scan on movie_companies mc  (cost=0.00..57926.93 rows=429376 width=4) (actual time=0.020..1141.523 rows=755861 loops=1)
        Filter: ((company_id > 24999) AND (company_type_id = 2))
        Rows Removed by Filter: 1853268
  ->  Hash  (cost=61283.27..61283.27 rows=2528527 width=4) (actual time=1925.885..1925.885 rows=2528312 loops=1)
        Buckets: 131072  Batches: 64  Memory Usage: 2415kB
        ->  Seq Scan on title t  (cost=0.00..61283.27 rows=2528527 width=4) (actual time=0.012..1079.479 rows=2528312 loops=1)
Planning time: 1.515 ms
Execution time: 4213.140 ms
