Hash Join  (cost=158945.87..190505.95 rows=33197 width=0) (actual time=3228.858..3944.648 rows=78670 loops=1)
  Hash Cond: (mi_idx.movie_id = t.id)
  ->  Seq Scan on movie_info_idx mi_idx  (cost=0.00..25185.44 rows=460978 width=4) (actual time=0.025..469.042 rows=459925 loops=1)
        Filter: (info_type_id = 99)
        Rows Removed by Filter: 920110
  ->  Hash  (cost=155957.72..155957.72 rows=182092 width=8) (actual time=3227.361..3227.361 rows=183010 loops=1)
        Buckets: 131072  Batches: 4  Memory Usage: 2807kB
        ->  Hash Join  (cost=92883.59..155957.72 rows=182092 width=8) (actual time=2067.055..3168.681 rows=183010 loops=1)
              Hash Cond: (mc.movie_id = t.id)
              ->  Seq Scan on movie_companies mc  (cost=0.00..51404.11 rows=298821 width=4) (actual time=0.019..863.897 rows=292877 loops=1)
                    Filter: (company_id < 160)
                    Rows Removed by Filter: 2316252
              ->  Hash  (cost=67604.59..67604.59 rows=1540800 width=4) (actual time=1827.282..1827.282 rows=1543264 loops=1)
                    Buckets: 131072  Batches: 32  Memory Usage: 2722kB
                    ->  Seq Scan on title t  (cost=0.00..67604.59 rows=1540800 width=4) (actual time=0.028..1343.185 rows=1543264 loops=1)
                          Filter: (kind_id = 7)
                          Rows Removed by Filter: 985048
Planning time: 0.834 ms
Execution time: 3955.495 ms
