Hash Join  (cost=100932.04..157333.28 rows=1108 width=0) (actual time=1999.661..2821.391 rows=5394 loops=1)
  Hash Cond: (mc.movie_id = t.id)
  ->  Seq Scan on movie_companies mc  (cost=0.00..51404.11 rows=1329612 width=4) (actual time=83.606..959.462 rows=1334883 loops=1)
        Filter: (company_type_id = 2)
        Rows Removed by Filter: 1274246
  ->  Hash  (cost=100905.71..100905.71 rows=2107 width=8) (actual time=1631.696..1631.696 rows=5973 loops=1)
        Buckets: 8192 (originally 4096)  Batches: 1 (originally 1)  Memory Usage: 298kB
        ->  Hash Join  (cost=73974.15..100905.71 rows=2107 width=8) (actual time=1124.310..1629.392 rows=5973 loops=1)
              Hash Cond: (mi_idx.movie_id = t.id)
              ->  Seq Scan on movie_info_idx mi_idx  (cost=0.00..21735.35 rows=1380035 width=4) (actual time=0.019..284.418 rows=1380035 loops=1)
              ->  Hash  (cost=73925.90..73925.90 rows=3860 width=4) (actual time=1061.475..1061.475 rows=7727 loops=1)
                    Buckets: 8192 (originally 4096)  Batches: 1 (originally 1)  Memory Usage: 336kB
                    ->  Seq Scan on title t  (cost=0.00..73925.90 rows=3860 width=4) (actual time=0.091..1058.286 rows=7727 loops=1)
                          Filter: ((kind_id = 4) AND (production_year = 2004))
                          Rows Removed by Filter: 2520585
Planning time: 1.178 ms
Execution time: 2822.440 ms
