Hash Join  (cost=102767.86..1053593.55 rows=9784526 width=0) (actual time=1861.048..23588.481 rows=9598972 loops=1)
  Hash Cond: (ci.movie_id = t.id)
  ->  Seq Scan on cast_info ci  (cost=0.00..705507.15 rows=9784526 width=4) (actual time=2.221..12832.335 rows=9598972 loops=1)
        Filter: (person_id < 943513)
        Rows Removed by Filter: 26645372
  ->  Hash  (cost=61283.27..61283.27 rows=2528527 width=4) (actual time=1858.126..1858.126 rows=2528312 loops=1)
        Buckets: 131072  Batches: 64  Memory Usage: 2415kB
        ->  Seq Scan on title t  (cost=0.00..61283.27 rows=2528527 width=4) (actual time=0.015..1062.969 rows=2528312 loops=1)
Planning time: 0.729 ms
Execution time: 24722.154 ms
