Seq Scan on movie_keyword mk  (cost=0.00..81003.12 rows=246 width=0) (actual time=246.927..1286.855 rows=30 loops=1)
  Filter: (keyword_id = 8823)
  Rows Removed by Filter: 4523900
Planning time: 0.359 ms
Execution time: 1286.956 ms
