Hash Join  (cost=83072.59..430741.71 rows=4 width=0) (actual time=2372.605..6209.761 rows=180 loops=1)
  Hash Cond: (mi.movie_id = t.id)
  ->  Seq Scan on movie_info mi  (cost=0.00..346232.03 rows=383217 width=4) (actual time=1345.642..5206.068 rows=368218 loops=1)
        Filter: (info_type_id = 17)
        Rows Removed by Filter: 14467502
  ->  Hash  (cost=83072.29..83072.29 rows=24 width=8) (actual time=970.771..970.771 rows=15 loops=1)
        Buckets: 1024  Batches: 1  Memory Usage: 9kB
        ->  Nested Loop  (cost=0.43..83072.29 rows=24 width=8) (actual time=22.920..970.693 rows=15 loops=1)
              ->  Seq Scan on movie_keyword mk  (cost=0.00..81003.12 rows=246 width=4) (actual time=5.301..968.956 rows=41 loops=1)
                    Filter: (keyword_id = 20084)
                    Rows Removed by Filter: 4523889
              ->  Index Scan using title_pkey on title t  (cost=0.43..8.40 rows=1 width=4) (actual time=0.037..0.038 rows=0 loops=41)
                    Index Cond: (id = mk.movie_id)
                    Filter: (production_year < 1960)
                    Rows Removed by Filter: 1
Planning time: 1.155 ms
Execution time: 6209.920 ms
