Seq Scan on movie_companies mc  (cost=0.00..51404.11 rows=3131 width=0) (actual time=3.410..840.812 rows=3061 loops=1)
  Filter: (company_id = 92)
  Rows Removed by Filter: 2606068
Planning time: 0.356 ms
Execution time: 841.433 ms
