Seq Scan on movie_companies mc  (cost=0.00..51404.11 rows=104 width=0) (actual time=668.197..836.408 rows=1 loops=1)
  Filter: (company_id = 6500)
  Rows Removed by Filter: 2609128
Planning time: 0.342 ms
Execution time: 836.484 ms
