Hash Join  (cost=74300.43..101374.44 rows=16353 width=0) (actual time=1275.075..1836.139 rows=17733 loops=1)
  Hash Cond: (mi_idx.movie_id = t.id)
  ->  Seq Scan on movie_info_idx mi_idx  (cost=0.00..21735.35 rows=1380035 width=4) (actual time=0.012..240.151 rows=1380035 loops=1)
  ->  Hash  (cost=73925.90..73925.90 rows=29962 width=4) (actual time=1274.086..1274.086 rows=32487 loops=1)
        Buckets: 32768  Batches: 1  Memory Usage: 1399kB
        ->  Seq Scan on title t  (cost=0.00..73925.90 rows=29962 width=4) (actual time=0.335..1260.387 rows=32487 loops=1)
              Filter: ((kind_id > 1) AND (production_year = 1997))
              Rows Removed by Filter: 2495825
Planning time: 0.745 ms
Execution time: 1838.752 ms
