Seq Scan on movie_keyword mk  (cost=0.00..81003.12 rows=1245888 width=0) (actual time=0.010..1451.797 rows=1259120 loops=1)
  Filter: (keyword_id < 1607)
  Rows Removed by Filter: 3264810
Planning time: 0.354 ms
Execution time: 1612.151 ms
