Hash Join  (cost=730881.68..2863320.50 rows=84907459 width=0) (actual time=17411.429..67028.002 rows=62057886 loops=1)
  Hash Cond: (ci.movie_id = t.id)
  ->  Seq Scan on cast_info ci  (cost=0.00..614943.12 rows=36225612 width=4) (actual time=0.020..13271.147 rows=36244344 loops=1)
  ->  Hash  (cost=633649.53..633649.53 rows=5926492 width=8) (actual time=17410.574..17410.574 rows=2894095 loops=1)
        Buckets: 131072  Batches: 128  Memory Usage: 1878kB
        ->  Hash Join  (cost=90606.68..633649.53 rows=5926492 width=8) (actual time=2115.543..16221.799 rows=2894095 loops=1)
              Hash Cond: (mi.movie_id = t.id)
              ->  Seq Scan on movie_info mi  (cost=0.00..309384.22 rows=14739122 width=4) (actual time=0.021..6149.956 rows=14835720 loops=1)
              ->  Hash  (cost=73925.90..73925.90 rows=1016702 width=4) (actual time=1601.332..1601.332 rows=960113 loops=1)
                    Buckets: 131072  Batches: 16  Memory Usage: 3141kB
                    ->  Seq Scan on title t  (cost=0.00..73925.90 rows=1016702 width=4) (actual time=0.022..1301.957 rows=960113 loops=1)
                          Filter: ((production_year < 2008) AND (kind_id = 7))
                          Rows Removed by Filter: 1568199
Planning time: 1.122 ms
Execution time: 74062.686 ms
