Seq Scan on movie_keyword mk  (cost=0.00..81003.12 rows=320650 width=0) (actual time=0.017..1374.996 rows=317012 loops=1)
  Filter: (keyword_id > 51460)
  Rows Removed by Filter: 4206918
Planning time: 0.231 ms
Execution time: 1416.137 ms
