Hash Join  (cost=175828.45..1295371.20 rows=8346358 width=0) (actual time=3691.581..34181.464 rows=6820933 loops=1)
  Hash Cond: (ci.movie_id = t.id)
  ->  Seq Scan on cast_info ci  (cost=0.00..614943.12 rows=36225612 width=4) (actual time=0.014..13158.209 rows=36244344 loops=1)
  ->  Hash  (cost=166270.31..166270.31 rows=582571 width=8) (actual time=3690.771..3690.771 rows=330914 loops=1)
        Buckets: 131072  Batches: 8  Memory Usage: 2634kB
        ->  Hash Join  (cost=83189.08..166270.31 rows=582571 width=8) (actual time=1324.426..3588.862 rows=330914 loops=1)
              Hash Cond: (mc.movie_id = t.id)
              ->  Seq Scan on movie_companies mc  (cost=0.00..44881.29 rows=2609129 width=4) (actual time=0.016..917.385 rows=2609129 loops=1)
              ->  Hash  (cost=73925.90..73925.90 rows=564574 width=4) (actual time=1323.507..1323.507 rows=454234 loops=1)
                    Buckets: 131072  Batches: 8  Memory Usage: 3004kB
                    ->  Seq Scan on title t  (cost=0.00..73925.90 rows=564574 width=4) (actual time=60.075..1181.834 rows=454234 loops=1)
                          Filter: ((production_year < 1998) AND (kind_id = 7))
                          Rows Removed by Filter: 2074078
Planning time: 1.189 ms
Execution time: 34963.402 ms
