Hash Join  (cost=102767.86..204192.63 rows=1668225 width=0) (actual time=1824.852..4697.164 rows=1668100 loops=1)
  Hash Cond: (mc.movie_id = t.id)
  ->  Seq Scan on movie_companies mc  (cost=0.00..51404.11 rows=1668225 width=4) (actual time=15.494..1039.925 rows=1668100 loops=1)
        Filter: (company_id > 3500)
        Rows Removed by Filter: 941029
  ->  Hash  (cost=61283.27..61283.27 rows=2528527 width=4) (actual time=1808.036..1808.036 rows=2528312 loops=1)
        Buckets: 131072  Batches: 64  Memory Usage: 2415kB
        ->  Seq Scan on title t  (cost=0.00..61283.27 rows=2528527 width=4) (actual time=0.019..968.934 rows=2528312 loops=1)
Planning time: 0.720 ms
Execution time: 4904.296 ms
