Seq Scan on cast_info ci  (cost=0.00..796071.18 rows=21866012 width=0) (actual time=1788.757..16553.814 rows=25465479 loops=1)
  Filter: ((person_id < 2989743) AND (role_id < 5))
  Rows Removed by Filter: 10778865
Planning time: 0.351 ms
Execution time: 19693.974 ms
