Hash Join  (cost=52284.99..143463.55 rows=112 width=0) (actual time=848.635..2718.759 rows=144 loops=1)
  Hash Cond: (mk.movie_id = t.id)
  ->  Seq Scan on movie_keyword mk  (cost=0.00..81003.12 rows=2713151 width=4) (actual time=0.024..1550.189 rows=2710357 loops=1)
        Filter: (keyword_id < 7663)
        Rows Removed by Filter: 1813573
  ->  Hash  (cost=52283.69..52283.69 rows=104 width=8) (actual time=779.315..779.315 rows=614 loops=1)
        Buckets: 1024  Batches: 1  Memory Usage: 32kB
        ->  Nested Loop  (cost=0.43..52283.69 rows=104 width=8) (actual time=144.544..779.040 rows=614 loops=1)
              ->  Seq Scan on movie_companies mc  (cost=0.00..51404.11 rows=104 width=4) (actual time=144.452..767.203 rows=614 loops=1)
                    Filter: (company_id = 72075)
                    Rows Removed by Filter: 2608515
              ->  Index Only Scan using title_pkey on title t  (cost=0.43..8.45 rows=1 width=4) (actual time=0.018..0.019 rows=1 loops=614)
                    Index Cond: (id = mc.movie_id)
                    Heap Fetches: 614
Planning time: 1.153 ms
Execution time: 2718.885 ms
