Hash Join  (cost=98137.04..1476532.13 rows=20980997 width=0) (actual time=1916.392..45306.406 rows=20569075 loops=1)
  Hash Cond: (ci.movie_id = t.id)
  ->  Seq Scan on cast_info ci  (cost=0.00..796071.18 rows=28506788 width=4) (actual time=0.019..20068.983 rows=28808107 loops=1)
        Filter: ((person_id < 4020838) AND (role_id < 8))
        Rows Removed by Filter: 7436237
  ->  Hash  (cost=67604.59..67604.59 rows=1860996 width=4) (actual time=1915.504..1915.504 rows=1865487 loops=1)
        Buckets: 131072  Batches: 32  Memory Usage: 3079kB
        ->  Seq Scan on title t  (cost=0.00..67604.59 rows=1860996 width=4) (actual time=0.016..1308.914 rows=1865487 loops=1)
              Filter: (kind_id > 1)
              Rows Removed by Filter: 662825
Planning time: 0.785 ms
Execution time: 47514.236 ms
