Hash Join  (cost=83074.74..137742.81 rows=254 width=0) (actual time=1262.919..2343.135 rows=18495 loops=1)
  Hash Cond: (mc.movie_id = t.id)
  ->  Seq Scan on movie_companies mc  (cost=0.00..44881.29 rows=2609129 width=4) (actual time=0.023..597.367 rows=2609129 loops=1)
  ->  Hash  (cost=83071.67..83071.67 rows=246 width=8) (actual time=1262.349..1262.349 rows=1546 loops=1)
        Buckets: 2048 (originally 1024)  Batches: 1 (originally 1)  Memory Usage: 77kB
        ->  Nested Loop  (cost=0.43..83071.67 rows=246 width=8) (actual time=4.222..1261.195 rows=1546 loops=1)
              ->  Seq Scan on movie_keyword mk  (cost=0.00..81003.12 rows=246 width=4) (actual time=4.155..1209.533 rows=1546 loops=1)
                    Filter: (keyword_id = 3573)
                    Rows Removed by Filter: 4522384
              ->  Index Only Scan using title_pkey on title t  (cost=0.43..8.40 rows=1 width=4) (actual time=0.032..0.032 rows=1 loops=1546)
                    Index Cond: (id = mk.movie_id)
                    Heap Fetches: 1546
Planning time: 1.162 ms
Execution time: 2345.540 ms
