Seq Scan on movie_companies mc  (cost=0.00..57926.93 rows=53 width=0) (actual time=406.378..861.708 rows=573 loops=1)
  Filter: ((company_type_id > 1) AND (company_id = 11208))
  Rows Removed by Filter: 2608556
Planning time: 0.387 ms
Execution time: 861.944 ms
