Hash Join  (cost=101490.70..862268.67 rows=82748 width=0) (actual time=1714.023..17747.724 rows=360133 loops=1)
  Hash Cond: (ci.movie_id = t.id)
  ->  Seq Scan on cast_info ci  (cost=0.00..705507.15 rows=14518232 width=4) (actual time=0.013..12152.010 rows=14672346 loops=1)
        Filter: (person_id > 2188214)
        Rows Removed by Filter: 21571998
  ->  Hash  (cost=101310.56..101310.56 rows=14411 width=8) (actual time=1713.875..1713.875 rows=31800 loops=1)
        Buckets: 32768 (originally 16384)  Batches: 1 (originally 1)  Memory Usage: 1499kB
        ->  Hash Join  (cost=74255.97..101310.56 rows=14411 width=8) (actual time=1136.087..1703.254 rows=31800 loops=1)
              Hash Cond: (mi_idx.movie_id = t.id)
              ->  Seq Scan on movie_info_idx mi_idx  (cost=0.00..21735.35 rows=1380035 width=4) (actual time=0.031..260.630 rows=1380035 loops=1)
              ->  Hash  (cost=73925.90..73925.90 rows=26405 width=4) (actual time=1135.781..1135.781 rows=23926 loops=1)
                    Buckets: 32768  Batches: 1  Memory Usage: 1098kB
                    ->  Seq Scan on title t  (cost=0.00..73925.90 rows=26405 width=4) (actual time=0.022..1125.491 rows=23926 loops=1)
                          Filter: ((kind_id < 7) AND (production_year = 2003))
                          Rows Removed by Filter: 2504386
Planning time: 1.173 ms
Execution time: 17800.199 ms
