Hash Join  (cost=75636.60..437414.12 rows=52102 width=0) (actual time=3574.192..7584.679 rows=30427 loops=1)
  Hash Cond: (mi.movie_id = t.id)
  ->  Seq Scan on movie_info mi  (cost=0.00..346232.03 rows=1264125 width=4) (actual time=2222.501..5694.331 rows=1288928 loops=1)
        Filter: (info_type_id = 2)
        Rows Removed by Filter: 13546792
  ->  Hash  (cost=73925.90..73925.90 rows=104216 width=4) (actual time=1350.851..1350.851 rows=108513 loops=1)
        Buckets: 131072  Batches: 2  Memory Usage: 2937kB
        ->  Seq Scan on title t  (cost=0.00..73925.90 rows=104216 width=4) (actual time=0.046..1305.286 rows=108513 loops=1)
              Filter: ((kind_id > 1) AND (production_year = 2010))
              Rows Removed by Filter: 2419799
Planning time: 0.748 ms
Execution time: 7589.416 ms
