Seq Scan on movie_keyword mk  (cost=0.00..81003.12 rows=246 width=0) (actual time=6.048..1261.967 rows=243 loops=1)
  Filter: (keyword_id = 9706)
  Rows Removed by Filter: 4523687
Planning time: 0.342 ms
Execution time: 1262.179 ms
