Seq Scan on movie_keyword mk  (cost=0.00..81003.12 rows=2262473 width=0) (actual time=0.024..1504.624 rows=2258712 loops=1)
  Filter: (keyword_id > 4720)
  Rows Removed by Filter: 2265218
Planning time: 0.331 ms
Execution time: 1785.658 ms
