Seq Scan on cast_info ci  (cost=0.00..705507.15 rows=35793706 width=0) (actual time=0.016..13999.588 rows=35880414 loops=1)
  Filter: (person_id > 41648)
  Rows Removed by Filter: 363930
Planning time: 0.214 ms
Execution time: 18356.943 ms
