Hash Join  (cost=141358.76..921046.09 rows=997313 width=0) (actual time=3347.337..18695.924 rows=3380834 loops=1)
  Hash Cond: (ci.movie_id = t.id)
  ->  Seq Scan on cast_info ci  (cost=0.00..705507.15 rows=5394946 width=4) (actual time=0.020..11497.407 rows=5311379 loops=1)
        Filter: (person_id < 513347)
        Rows Removed by Filter: 30932965
  ->  Hash  (cost=133689.95..133689.95 rows=467425 width=8) (actual time=3346.384..3346.384 rows=819918 loops=1)
        Buckets: 131072 (originally 131072)  Batches: 16 (originally 8)  Memory Usage: 3073kB
        ->  Hash Join  (cost=87977.22..133689.95 rows=467425 width=8) (actual time=1401.965..3101.478 rows=819918 loops=1)
              Hash Cond: (mi_idx.movie_id = t.id)
              ->  Seq Scan on movie_info_idx mi_idx  (cost=0.00..21735.35 rows=1380035 width=4) (actual time=0.013..401.553 rows=1380035 loops=1)
              ->  Hash  (cost=73925.90..73925.90 rows=856425 width=4) (actual time=1400.863..1400.863 rows=769954 loops=1)
                    Buckets: 131072  Batches: 16  Memory Usage: 2718kB
                    ->  Seq Scan on title t  (cost=0.00..73925.90 rows=856425 width=4) (actual time=0.026..1172.172 rows=769954 loops=1)
                          Filter: ((kind_id < 7) AND (production_year > 1962))
                          Rows Removed by Filter: 1758358
Planning time: 1.193 ms
Execution time: 19086.360 ms
