Hash Join  (cost=85435.26..158643.04 rows=368863 width=0) (actual time=1876.920..3615.176 rows=731413 loops=1)
  Hash Cond: (mc.movie_id = t.id)
  ->  Seq Scan on movie_companies mc  (cost=0.00..51404.11 rows=1329612 width=4) (actual time=234.670..986.924 rows=1334883 loops=1)
        Filter: (company_type_id > 1)
        Rows Removed by Filter: 1274246
  ->  Hash  (cost=73925.90..73925.90 rows=701468 width=4) (actual time=1641.258..1641.258 rows=749931 loops=1)
        Buckets: 131072  Batches: 16  Memory Usage: 2673kB
        ->  Seq Scan on title t  (cost=0.00..73925.90 rows=701468 width=4) (actual time=0.027..1184.495 rows=749931 loops=1)
              Filter: ((kind_id < 7) AND (production_year < 2009))
              Rows Removed by Filter: 1778381
Planning time: 0.533 ms
Execution time: 3707.832 ms
