Hash Join  (cost=129928.86..720242.44 rows=4972096 width=169) (actual time=4884.190..17932.183 rows=4923966 loops=1)
  Hash Cond: (mi.movie_id = t.id)
  ->  Seq Scan on movie_info mi  (cost=0.00..346232.03 rows=4972096 width=75) (actual time=2131.437..7701.708 rows=4923966 loops=1)
        Filter: (info_type_id < 5)
        Rows Removed by Filter: 9911754
  ->  Hash  (cost=61283.27..61283.27 rows=2528527 width=94) (actual time=2751.749..2751.749 rows=2528312 loops=1)
        Buckets: 32768  Batches: 128  Memory Usage: 2470kB
        ->  Seq Scan on title t  (cost=0.00..61283.27 rows=2528527 width=94) (actual time=0.025..1424.480 rows=2528312 loops=1)
Planning time: 0.720 ms
Execution time: 18192.951 ms
