Seq Scan on title t  (cost=0.00..67604.59 rows=1860996 width=94) (actual time=0.025..1024.972 rows=1865487 loops=1)
  Filter: (kind_id > 1)
  Rows Removed by Filter: 662825
Planning time: 0.569 ms
Execution time: 1135.660 ms
