Hash Join  (cost=196538.48..1254484.41 rows=2350179 width=0) (actual time=4419.550..31588.957 rows=1612674 loops=1)
  Hash Cond: (ci.movie_id = t.id)
  ->  Seq Scan on cast_info ci  (cost=0.00..614943.12 rows=36225612 width=4) (actual time=0.030..13329.929 rows=36244344 loops=1)
  ->  Hash  (cost=193846.96..193846.96 rows=164041 width=8) (actual time=4418.251..4418.251 rows=96066 loops=1)
        Buckets: 131072  Batches: 4  Memory Usage: 1939kB
        ->  Hash Join  (cost=69513.49..193846.96 rows=164041 width=8) (actual time=1129.762..4059.934 rows=96066 loops=1)
              Hash Cond: (mk.movie_id = t.id)
              ->  Seq Scan on movie_keyword mk  (cost=0.00..81003.12 rows=3566118 width=4) (actual time=0.026..1830.934 rows=3562945 loops=1)
                    Filter: (keyword_id > 902)
                    Rows Removed by Filter: 960985
              ->  Hash  (cost=67604.59..67604.59 rows=116312 width=4) (actual time=1128.939..1128.939 rows=120365 loops=1)
                    Buckets: 131072  Batches: 2  Memory Usage: 3140kB
                    ->  Seq Scan on title t  (cost=0.00..67604.59 rows=116312 width=4) (actual time=21.266..1082.739 rows=120365 loops=1)
                          Filter: (production_year < 1932)
                          Rows Removed by Filter: 2407947
Planning time: 1.212 ms
Execution time: 31769.638 ms
