Hash Join  (cost=124941.53..1017855.94 rows=641780 width=0) (actual time=2341.266..16096.767 rows=165528 loops=1)
  Hash Cond: (ci.movie_id = t.id)
  ->  Seq Scan on cast_info ci  (cost=0.00..796071.18 rows=7749715 width=4) (actual time=0.022..12279.295 rows=3786450 loops=1)
        Filter: ((person_id > 2518407) AND (role_id < 4))
        Rows Removed by Filter: 32457894
  ->  Hash  (cost=121506.08..121506.08 rows=209396 width=8) (actual time=2337.820..2337.820 rows=96441 loops=1)
        Buckets: 131072  Batches: 4  Memory Usage: 1974kB
        ->  Hash Join  (cost=80220.64..121506.08 rows=209396 width=8) (actual time=1263.751..2309.114 rows=96441 loops=1)
              Hash Cond: (mi_idx.movie_id = t.id)
              ->  Seq Scan on movie_info_idx mi_idx  (cost=0.00..21735.35 rows=1380035 width=4) (actual time=0.021..433.206 rows=1380035 loops=1)
              ->  Hash  (cost=73925.90..73925.90 rows=383659 width=4) (actual time=1236.544..1236.544 rows=265354 loops=1)
                    Buckets: 131072  Batches: 8  Memory Usage: 2178kB
                    ->  Seq Scan on title t  (cost=0.00..73925.90 rows=383659 width=4) (actual time=0.029..1148.871 rows=265354 loops=1)
                          Filter: ((production_year < 1987) AND (kind_id = 7))
                          Rows Removed by Filter: 2262958
Planning time: 1.254 ms
Execution time: 16116.143 ms
