Hash Join  (cost=101544.48..159787.35 rows=5534 width=0) (actual time=1683.763..3024.806 rows=18943 loops=1)
  Hash Cond: (mc.movie_id = t.id)
  ->  Seq Scan on movie_companies mc  (cost=0.00..51404.11 rows=1808910 width=4) (actual time=0.020..1002.271 rows=1802044 loops=1)
        Filter: (company_id < 29647)
        Rows Removed by Filter: 807085
  ->  Hash  (cost=101447.78..101447.78 rows=7736 width=8) (actual time=1683.665..1683.665 rows=8575 loops=1)
        Buckets: 16384 (originally 8192)  Batches: 1 (originally 1)  Memory Usage: 463kB
        ->  Hash Join  (cost=74456.32..101447.78 rows=7736 width=8) (actual time=1089.657..1679.774 rows=8575 loops=1)
              Hash Cond: (mi_idx.movie_id = t.id)
              ->  Seq Scan on movie_info_idx mi_idx  (cost=0.00..25185.44 rows=460978 width=4) (actual time=0.026..451.552 rows=459925 loops=1)
                    Filter: (info_type_id = 99)
                    Rows Removed by Filter: 920110
              ->  Hash  (cost=73925.90..73925.90 rows=42433 width=4) (actual time=1089.215..1089.215 rows=37411 loops=1)
                    Buckets: 65536  Batches: 1  Memory Usage: 1828kB
                    ->  Seq Scan on title t  (cost=0.00..73925.90 rows=42433 width=4) (actual time=0.016..1075.553 rows=37411 loops=1)
                          Filter: ((kind_id = 1) AND (production_year = 2011))
                          Rows Removed by Filter: 2490901
Planning time: 1.223 ms
Execution time: 3028.127 ms
