Hash Join  (cost=208663.05..252033.24 rows=330870 width=0) (actual time=4526.577..5293.845 rows=268896 loops=1)
  Hash Cond: (mi_idx.movie_id = t.id)
  ->  Seq Scan on movie_info_idx mi_idx  (cost=0.00..21735.35 rows=1380035 width=4) (actual time=0.019..490.946 rows=1380035 loops=1)
  ->  Hash  (cost=198716.22..198716.22 rows=606227 width=8) (actual time=4176.334..4176.334 rows=166228 loops=1)
        Buckets: 131072  Batches: 8  Memory Usage: 1839kB
        ->  Hash Join  (cost=92883.59..198716.22 rows=606227 width=8) (actual time=2830.926..4121.175 rows=166228 loops=1)
              Hash Cond: (mk.movie_id = t.id)
              ->  Seq Scan on movie_keyword mk  (cost=0.00..81003.12 rows=994847 width=4) (actual time=0.023..1490.089 rows=1003839 loops=1)
                    Filter: (keyword_id > 18367)
                    Rows Removed by Filter: 3520091
              ->  Hash  (cost=67604.59..67604.59 rows=1540800 width=4) (actual time=1866.204..1866.204 rows=1543264 loops=1)
                    Buckets: 131072  Batches: 32  Memory Usage: 2728kB
                    ->  Seq Scan on title t  (cost=0.00..67604.59 rows=1540800 width=4) (actual time=0.012..1380.648 rows=1543264 loops=1)
                          Filter: (kind_id = 7)
                          Rows Removed by Filter: 985048
Planning time: 1.193 ms
Execution time: 5326.021 ms
