Seq Scan on cast_info ci  (cost=0.00..796071.18 rows=121922 width=0) (actual time=4236.190..12451.653 rows=49344 loops=1)
  Filter: ((person_id < 1238252) AND (role_id > 10))
  Rows Removed by Filter: 36195000
Planning time: 0.355 ms
Execution time: 12457.709 ms
