Hash Join  (cost=202495.55..1239613.19 rows=6229590 width=0) (actual time=8012.152..28185.924 rows=6656881 loops=1)
  Hash Cond: (ci.movie_id = t.id)
  ->  Seq Scan on cast_info ci  (cost=0.00..796071.18 rows=15107082 width=4) (actual time=3108.046..15942.471 rows=10502593 loops=1)
        Filter: ((person_id < 2370092) AND (role_id > 1))
        Rows Removed by Filter: 25741751
  ->  Hash  (cost=185389.19..185389.19 rows=1042669 width=8) (actual time=4903.137..4903.137 rows=868828 loops=1)
        Buckets: 131072  Batches: 16  Memory Usage: 3120kB
        ->  Hash Join  (cost=98137.04..185389.19 rows=1042669 width=8) (actual time=2037.784..4662.821 rows=868828 loops=1)
              Hash Cond: (mc.movie_id = t.id)
              ->  Seq Scan on movie_companies mc  (cost=0.00..51404.11 rows=1416670 width=4) (actual time=0.045..1068.806 rows=1405547 loops=1)
                    Filter: (company_id < 12297)
                    Rows Removed by Filter: 1203582
              ->  Hash  (cost=67604.59..67604.59 rows=1860996 width=4) (actual time=2036.034..2036.034 rows=1865487 loops=1)
                    Buckets: 131072  Batches: 32  Memory Usage: 3079kB
                    ->  Seq Scan on title t  (cost=0.00..67604.59 rows=1860996 width=4) (actual time=0.019..1452.540 rows=1865487 loops=1)
                          Filter: (kind_id > 1)
                          Rows Removed by Filter: 662825
Planning time: 1.231 ms
Execution time: 28983.857 ms
