Hash Join  (cost=88359.31..225242.99 rows=1538368 width=0) (actual time=1794.320..5624.153 rows=1958372 loops=1)
  Hash Cond: (mk.movie_id = t.id)
  ->  Seq Scan on movie_keyword mk  (cost=0.00..81003.12 rows=3074900 width=4) (actual time=0.014..1742.531 rows=3056716 loops=1)
        Filter: (keyword_id > 2085)
        Rows Removed by Filter: 1467214
  ->  Hash  (cost=67604.59..67604.59 rows=1265018 width=4) (actual time=1793.149..1793.149 rows=1263700 loops=1)
        Buckets: 131072  Batches: 32  Memory Usage: 2418kB
        ->  Seq Scan on title t  (cost=0.00..67604.59 rows=1265018 width=4) (actual time=0.029..1361.309 rows=1263700 loops=1)
              Filter: (production_year < 2004)
              Rows Removed by Filter: 1264612
Planning time: 0.753 ms
Execution time: 5854.051 ms
