Seq Scan on cast_info ci  (cost=0.00..796071.18 rows=284740 width=0) (actual time=341.991..14594.031 rows=99089 loops=1)
  Filter: ((person_id < 2977996) AND (role_id > 10))
  Rows Removed by Filter: 36145255
Planning time: 0.395 ms
Execution time: 14601.763 ms
