Nested Loop  (cost=0.43..83072.29 rows=10 width=0) (actual time=5.373..1228.901 rows=25 loops=1)
  ->  Seq Scan on movie_keyword mk  (cost=0.00..81003.12 rows=246 width=4) (actual time=5.315..1217.714 rows=248 loops=1)
        Filter: (keyword_id = 243)
        Rows Removed by Filter: 4523682
  ->  Index Scan using title_pkey on title t  (cost=0.43..8.40 rows=1 width=4) (actual time=0.043..0.043 rows=0 loops=248)
        Index Cond: (id = mk.movie_id)
        Filter: (kind_id = 3)
        Rows Removed by Filter: 1
Planning time: 0.741 ms
Execution time: 1229.016 ms
