Hash Join  (cost=101011.32..465776.90 rows=10966 width=0) (actual time=1510.386..8920.541 rows=21539 loops=1)
  Hash Cond: (mi.movie_id = t.id)
  ->  Seq Scan on movie_info mi  (cost=0.00..309384.22 rows=14739122 width=4) (actual time=0.021..4488.274 rows=14835720 loops=1)
  ->  Hash  (cost=100987.81..100987.81 rows=1881 width=8) (actual time=1510.256..1510.256 rows=1424 loops=1)
        Buckets: 2048  Batches: 1  Memory Usage: 72kB
        ->  Hash Join  (cost=74054.89..100987.81 rows=1881 width=8) (actual time=1316.968..1509.573 rows=1424 loops=1)
              Hash Cond: (mi_idx.movie_id = t.id)
              ->  Seq Scan on movie_info_idx mi_idx  (cost=0.00..25185.44 rows=460978 width=4) (actual time=0.032..417.087 rows=459925 loops=1)
                    Filter: (info_type_id = 99)
                    Rows Removed by Filter: 920110
              ->  Hash  (cost=73925.90..73925.90 rows=10319 width=4) (actual time=1012.551..1012.551 rows=4674 loops=1)
                    Buckets: 16384  Batches: 1  Memory Usage: 293kB
                    ->  Seq Scan on title t  (cost=0.00..73925.90 rows=10319 width=4) (actual time=0.006..1010.088 rows=4674 loops=1)
                          Filter: ((production_year < 1964) AND (kind_id = 2))
                          Rows Removed by Filter: 2523638
Planning time: 1.303 ms
Execution time: 8924.306 ms
