Seq Scan on movie_keyword mk  (cost=0.00..81003.12 rows=480579 width=0) (actual time=0.019..1318.188 rows=476719 loops=1)
  Filter: (keyword_id > 37474)
  Rows Removed by Filter: 4047211
Planning time: 0.305 ms
Execution time: 1377.086 ms
