Seq Scan on cast_info ci  (cost=0.00..796071.18 rows=13768872 width=0) (actual time=1.667..14024.287 rows=8400487 loops=1)
  Filter: ((person_id < 2127204) AND (role_id > 1))
  Rows Removed by Filter: 27843857
Planning time: 3.733 ms
Execution time: 15017.976 ms
