Hash Join  (cost=798791.10..825702.84 rows=126 width=0) (actual time=14529.839..15057.561 rows=138 loops=1)
  Hash Cond: (mi_idx.movie_id = t.id)
  ->  Seq Scan on movie_info_idx mi_idx  (cost=0.00..21735.35 rows=1380035 width=4) (actual time=0.013..315.460 rows=1380035 loops=1)
  ->  Hash  (cost=798788.22..798788.22 rows=230 width=8) (actual time=14499.184..14499.184 rows=84 loops=1)
        Buckets: 1024  Batches: 1  Memory Usage: 12kB
        ->  Nested Loop  (cost=0.43..798788.22 rows=230 width=8) (actual time=12228.275..14499.105 rows=84 loops=1)
              ->  Seq Scan on cast_info ci  (cost=0.00..796071.18 rows=324 width=4) (actual time=12228.125..14497.184 rows=85 loops=1)
                    Filter: ((role_id > 1) AND (person_id = 2096991))
                    Rows Removed by Filter: 36244259
              ->  Index Scan using title_pkey on title t  (cost=0.43..8.38 rows=1 width=4) (actual time=0.021..0.021 rows=1 loops=85)
                    Index Cond: (id = ci.movie_id)
                    Filter: (production_year < 2009)
                    Rows Removed by Filter: 0
Planning time: 1.211 ms
Execution time: 15057.732 ms
