Hash Join  (cost=158585.03..288703.80 rows=666173 width=0) (actual time=3607.946..9415.073 rows=10145873 loops=1)
  Hash Cond: (mk.movie_id = t.id)
  ->  Seq Scan on movie_keyword mk  (cost=0.00..69693.30 rows=4523930 width=4) (actual time=0.018..1595.919 rows=4523930 loops=1)
  ->  Hash  (cost=152475.79..152475.79 rows=372339 width=8) (actual time=3607.018..3607.018 rows=568289 loops=1)
        Buckets: 131072  Batches: 8  Memory Usage: 3836kB
        ->  Hash Join  (cost=79677.10..152475.79 rows=372339 width=8) (actual time=1648.131..3427.510 rows=568289 loops=1)
              Hash Cond: (mc.movie_id = t.id)
              ->  Seq Scan on movie_companies mc  (cost=0.00..51404.11 rows=1279517 width=4) (actual time=186.511..1030.262 rows=1274246 loops=1)
                    Filter: (company_type_id = 1)
                    Rows Removed by Filter: 1334883
              ->  Hash  (cost=67604.59..67604.59 rows=735801 width=4) (actual time=1460.511..1460.511 rows=730985 loops=1)
                    Buckets: 131072  Batches: 16  Memory Usage: 2631kB
                    ->  Seq Scan on title t  (cost=0.00..67604.59 rows=735801 width=4) (actual time=0.029..1220.014 rows=730985 loops=1)
                          Filter: (production_year < 1992)
                          Rows Removed by Filter: 1797327
Planning time: 1.103 ms
Execution time: 10608.351 ms
