Seq Scan on movie_keyword mk  (cost=0.00..81003.12 rows=246 width=0) (actual time=138.546..1188.487 rows=6 loops=1)
  Filter: (keyword_id = 92981)
  Rows Removed by Filter: 4523924
Planning time: 0.360 ms
Execution time: 1188.580 ms
