Seq Scan on movie_keyword mk  (cost=0.00..81003.12 rows=3516189 width=0) (actual time=0.025..1517.580 rows=3510042 loops=1)
  Filter: (keyword_id < 17835)
  Rows Removed by Filter: 1013888
Planning time: 0.327 ms
Execution time: 1970.367 ms
