Hash Join  (cost=102767.86..917295.33 rows=356449 width=0) (actual time=5997.519..15450.421 rows=193907 loops=1)
  Hash Cond: (ci.movie_id = t.id)
  ->  Seq Scan on cast_info ci  (cost=0.00..796071.18 rows=356449 width=4) (actual time=4025.837..12941.883 rows=193907 loops=1)
        Filter: ((person_id < 1412129) AND (role_id = 5))
        Rows Removed by Filter: 36050437
  ->  Hash  (cost=61283.27..61283.27 rows=2528527 width=4) (actual time=1970.151..1970.151 rows=2528312 loops=1)
        Buckets: 131072  Batches: 64  Memory Usage: 2415kB
        ->  Seq Scan on title t  (cost=0.00..61283.27 rows=2528527 width=4) (actual time=0.024..1124.526 rows=2528312 loops=1)
Planning time: 4.381 ms
Execution time: 15472.240 ms
