Seq Scan on movie_companies mc  (cost=0.00..57926.93 rows=545621 width=0) (actual time=0.023..901.224 rows=755785 loops=1)
  Filter: ((company_id < 7725) AND (company_type_id = 1))
  Rows Removed by Filter: 1853344
Planning time: 0.371 ms
Execution time: 984.039 ms
