Hash Join  (cost=73929.67..438603.14 rows=1755 width=0) (actual time=1101.887..8543.653 rows=6601 loops=1)
  Hash Cond: (mi.movie_id = t.id)
  ->  Seq Scan on movie_info mi  (cost=0.00..309384.22 rows=14739122 width=4) (actual time=0.010..4542.681 rows=14835720 loops=1)
  ->  Hash  (cost=73925.90..73925.90 rows=301 width=4) (actual time=1098.347..1098.347 rows=951 loops=1)
        Buckets: 1024  Batches: 1  Memory Usage: 42kB
        ->  Seq Scan on title t  (cost=0.00..73925.90 rows=301 width=4) (actual time=60.520..1097.736 rows=951 loops=1)
              Filter: ((kind_id = 3) AND (production_year = 1969))
              Rows Removed by Filter: 2527361
Planning time: 0.570 ms
Execution time: 8545.527 ms
