Seq Scan on movie_keyword mk  (cost=0.00..81003.12 rows=2076217 width=0) (actual time=0.025..1409.008 rows=2074757 loops=1)
  Filter: (keyword_id > 5839)
  Rows Removed by Filter: 2449173
Planning time: 0.831 ms
Execution time: 1668.188 ms
