Seq Scan on movie_keyword mk  (cost=0.00..81003.12 rows=4290887 width=0) (actual time=0.405..1602.054 rows=4278739 loops=1)
  Filter: (keyword_id > 211)
  Rows Removed by Filter: 245191
Planning time: 0.166 ms
Execution time: 2156.875 ms
