Hash Join  (cost=69720.52..191386.39 rows=169650 width=0) (actual time=1139.690..3959.444 rows=147955 loops=1)
  Hash Cond: (mk.movie_id = t.id)
  ->  Seq Scan on movie_keyword mk  (cost=0.00..81003.12 rows=3326463 width=4) (actual time=0.021..1774.868 rows=3323225 loops=1)
        Filter: (keyword_id > 1479)
        Rows Removed by Filter: 1200705
  ->  Hash  (cost=67604.59..67604.59 rows=128955 width=4) (actual time=1138.423..1138.423 rows=130325 loops=1)
        Buckets: 131072  Batches: 2  Memory Usage: 3316kB
        ->  Seq Scan on title t  (cost=0.00..67604.59 rows=128955 width=4) (actual time=209.168..1091.488 rows=130325 loops=1)
              Filter: (production_year < 1936)
              Rows Removed by Filter: 2397987
Planning time: 0.741 ms
Execution time: 3978.993 ms
