Hash Join  (cost=67697.55..96356.48 rows=2703 width=0) (actual time=1264.937..1656.415 rows=452 loops=1)
  Hash Cond: (mi_idx.movie_id = t.id)
  ->  Seq Scan on movie_info_idx mi_idx  (cost=0.00..25185.44 rows=919057 width=4) (actual time=0.022..515.563 rows=920110 loops=1)
        Filter: (info_type_id > 99)
        Rows Removed by Filter: 459925
  ->  Hash  (cost=67604.59..67604.59 rows=7437 width=4) (actual time=994.893..994.893 rows=2712 loops=1)
        Buckets: 8192  Batches: 1  Memory Usage: 160kB
        ->  Seq Scan on title t  (cost=0.00..67604.59 rows=7437 width=4) (actual time=544.695..993.525 rows=2712 loops=1)
              Filter: (production_year = 1908)
              Rows Removed by Filter: 2525600
Planning time: 0.746 ms
Execution time: 1656.613 ms
