Hash Join  (cost=711045.32..2151807.71 rows=41264623 width=0) (actual time=14532.796..75083.697 rows=128370898 loops=1)
  Hash Cond: (ci.movie_id = t.id)
  ->  Seq Scan on cast_info ci  (cost=0.00..705507.15 rows=16744801 width=4) (actual time=0.020..14469.495 rows=16601151 loops=1)
        Filter: (person_id < 1643496)
        Rows Removed by Filter: 19643193
  ->  Hash  (cost=608815.44..608815.44 rows=6231111 width=8) (actual time=14530.750..14530.750 rows=6223494 loops=1)
        Buckets: 131072  Batches: 128  Memory Usage: 2920kB
        ->  Hash Join  (cost=102767.86..608815.44 rows=6231111 width=8) (actual time=2230.942..12786.425 rows=6223494 loops=1)
              Hash Cond: (mi.movie_id = t.id)
              ->  Seq Scan on movie_info mi  (cost=0.00..346232.03 rows=6231111 width=4) (actual time=230.207..5584.379 rows=6223494 loops=1)
                    Filter: (info_type_id > 8)
                    Rows Removed by Filter: 8612226
              ->  Hash  (cost=61283.27..61283.27 rows=2528527 width=4) (actual time=1998.802..1998.802 rows=2528312 loops=1)
                    Buckets: 131072  Batches: 64  Memory Usage: 2425kB
                    ->  Seq Scan on title t  (cost=0.00..61283.27 rows=2528527 width=4) (actual time=0.025..1142.212 rows=2528312 loops=1)
Planning time: 1.210 ms
Execution time: 89718.431 ms
