Hash Join  (cost=81071.12..458160.48 rows=377952 width=0) (actual time=2636.308..8027.590 rows=912083 loops=1)
  Hash Cond: (mi.movie_id = t.id)
  ->  Seq Scan on movie_info mi  (cost=0.00..346232.03 rows=2194617 width=4) (actual time=1187.687..5529.693 rows=2233850 loops=1)
        Filter: (info_type_id > 16)
        Rows Removed by Filter: 12601870
  ->  Hash  (cost=73925.90..73925.90 rows=435457 width=4) (actual time=1279.978..1279.978 rows=314685 loops=1)
        Buckets: 131072  Batches: 8  Memory Usage: 2418kB
        ->  Seq Scan on title t  (cost=0.00..73925.90 rows=435457 width=4) (actual time=343.500..1178.335 rows=314685 loops=1)
              Filter: ((production_year > 1994) AND (kind_id = 1))
              Rows Removed by Filter: 2213627
Planning time: 0.559 ms
Execution time: 8126.879 ms
