Hash Join  (cost=98137.04..210730.55 rows=887272 width=0) (actual time=1900.359..4248.572 rows=466464 loops=1)
  Hash Cond: (mk.movie_id = t.id)
  ->  Seq Scan on movie_keyword mk  (cost=0.00..81003.12 rows=1205533 width=4) (actual time=0.026..1480.087 rows=1214395 loops=1)
        Filter: (keyword_id > 15043)
        Rows Removed by Filter: 3309535
  ->  Hash  (cost=67604.59..67604.59 rows=1860996 width=4) (actual time=1898.050..1898.050 rows=1865487 loops=1)
        Buckets: 131072  Batches: 32  Memory Usage: 3085kB
        ->  Seq Scan on title t  (cost=0.00..67604.59 rows=1860996 width=4) (actual time=0.019..1296.539 rows=1865487 loops=1)
              Filter: (kind_id > 1)
              Rows Removed by Filter: 662825
Planning time: 0.722 ms
Execution time: 4294.062 ms
