Hash Join  (cost=98137.04..188450.76 rows=916355 width=0) (actual time=1930.149..4073.361 rows=607176 loops=1)
  Hash Cond: (mc.movie_id = t.id)
  ->  Seq Scan on movie_companies mc  (cost=0.00..57926.93 rows=1245048 width=4) (actual time=0.019..1175.218 rows=1274246 loops=1)
        Filter: ((company_id < 177111) AND (company_type_id < 2))
        Rows Removed by Filter: 1334883
  ->  Hash  (cost=67604.59..67604.59 rows=1860996 width=4) (actual time=1928.861..1928.861 rows=1865487 loops=1)
        Buckets: 131072  Batches: 32  Memory Usage: 3079kB
        ->  Seq Scan on title t  (cost=0.00..67604.59 rows=1860996 width=4) (actual time=0.015..1322.171 rows=1865487 loops=1)
              Filter: (kind_id > 1)
              Rows Removed by Filter: 662825
Planning time: 0.681 ms
Execution time: 4129.852 ms
