Hash Join  (cost=162093.18..510789.16 rows=9588 width=0) (actual time=4939.851..8204.438 rows=4434 loops=1)
  Hash Cond: (mi.movie_id = t.id)
  ->  Seq Scan on movie_info mi  (cost=0.00..346232.03 rows=473617 width=4) (actual time=1751.869..4970.054 rows=486554 loops=1)
        Filter: (info_type_id = 5)
        Rows Removed by Filter: 14349166
  ->  Hash  (cost=161453.38..161453.38 rows=51184 width=8) (actual time=3152.247..3152.247 rows=11342 loops=1)
        Buckets: 65536  Batches: 1  Memory Usage: 956kB
        ->  Hash Join  (cost=74283.51..161453.38 rows=51184 width=8) (actual time=1182.829..3138.856 rows=11342 loops=1)
              Hash Cond: (mk.movie_id = t.id)
              ->  Seq Scan on movie_keyword mk  (cost=0.00..69693.30 rows=4523930 width=4) (actual time=0.044..1072.852 rows=4523930 loops=1)
              ->  Hash  (cost=73925.90..73925.90 rows=28608 width=4) (actual time=1182.214..1182.214 rows=32134 loops=1)
                    Buckets: 32768  Batches: 1  Memory Usage: 1386kB
                    ->  Seq Scan on title t  (cost=0.00..73925.90 rows=28608 width=4) (actual time=0.178..1168.255 rows=32134 loops=1)
                          Filter: ((kind_id = 7) AND (production_year = 1998))
                          Rows Removed by Filter: 2496178
Planning time: 0.781 ms
Execution time: 8205.214 ms
