Hash Join  (cost=160188.49..287493.77 rows=435225 width=0) (actual time=4908.690..6312.696 rows=167006 loops=1)
  Hash Cond: (mk.movie_id = t.id)
  ->  Seq Scan on movie_keyword mk  (cost=0.00..69693.30 rows=4523930 width=4) (actual time=0.022..1392.574 rows=4523930 loops=1)
  ->  Hash  (cost=156196.77..156196.77 rows=243257 width=8) (actual time=3275.230..3275.230 rows=151803 loops=1)
        Buckets: 131072  Batches: 4  Memory Usage: 2508kB
        ->  Hash Join  (cost=77793.68..156196.77 rows=243257 width=8) (actual time=1412.890..3219.930 rows=151803 loops=1)
              Hash Cond: (mc.movie_id = t.id)
              ->  Seq Scan on movie_companies mc  (cost=0.00..44881.29 rows=2609129 width=4) (actual time=0.029..912.184 rows=2609129 loops=1)
              ->  Hash  (cost=73925.90..73925.90 rows=235742 width=4) (actual time=1170.695..1170.695 rows=129555 loops=1)
                    Buckets: 131072  Batches: 4  Memory Usage: 2160kB
                    ->  Seq Scan on title t  (cost=0.00..73925.90 rows=235742 width=4) (actual time=355.331..1124.963 rows=129555 loops=1)
                          Filter: ((production_year < 1971) AND (kind_id = 7))
                          Rows Removed by Filter: 2398757
Planning time: 1.146 ms
Execution time: 6332.376 ms
