Seq Scan on cast_info ci  (cost=0.00..705507.15 rows=500 width=0) (actual time=2024.491..8994.043 rows=434 loops=1)
  Filter: (person_id = 3303875)
  Rows Removed by Filter: 36243910
Planning time: 0.327 ms
Execution time: 8994.194 ms
