Hash Join  (cost=709676.96..1074350.67 rows=1778 width=0) (actual time=11459.929..17825.011 rows=24 loops=1)
  Hash Cond: (mi.movie_id = t.id)
  ->  Seq Scan on movie_info mi  (cost=0.00..309384.22 rows=14739122 width=4) (actual time=0.010..4161.161 rows=14835720 loops=1)
  ->  Hash  (cost=709673.15..709673.15 rows=305 width=8) (actual time=10997.172..10997.172 rows=17 loops=1)
        Buckets: 1024  Batches: 1  Memory Usage: 9kB
        ->  Nested Loop  (cost=0.43..709673.15 rows=305 width=8) (actual time=8546.583..10997.112 rows=17 loops=1)
              ->  Seq Scan on cast_info ci  (cost=0.00..705507.15 rows=500 width=4) (actual time=8546.384..10996.521 rows=18 loops=1)
                    Filter: (person_id = 2754109)
                    Rows Removed by Filter: 36244326
              ->  Index Scan using title_pkey on title t  (cost=0.43..8.32 rows=1 width=4) (actual time=0.026..0.027 rows=1 loops=18)
                    Index Cond: (id = ci.movie_id)
                    Filter: (kind_id = 7)
                    Rows Removed by Filter: 0
Planning time: 1.268 ms
Execution time: 17825.200 ms
