Seq Scan on movie_keyword mk  (cost=0.00..81003.12 rows=3769812 width=0) (actual time=0.031..1482.863 rows=3761505 loops=1)
  Filter: (keyword_id < 24602)
  Rows Removed by Filter: 762425
Planning time: 0.291 ms
Execution time: 1940.587 ms
