Nested Loop  (cost=0.43..52283.95 rows=63 width=0) (actual time=501.403..901.312 rows=23 loops=1)
  ->  Seq Scan on movie_companies mc  (cost=0.00..51404.11 rows=104 width=4) (actual time=488.879..900.091 rows=43 loops=1)
        Filter: (company_id = 71252)
        Rows Removed by Filter: 2609086
  ->  Index Scan using title_pkey on title t  (cost=0.43..8.45 rows=1 width=4) (actual time=0.027..0.027 rows=1 loops=43)
        Index Cond: (id = mc.movie_id)
        Filter: (kind_id = 7)
        Rows Removed by Filter: 0
Planning time: 0.829 ms
Execution time: 901.429 ms
