Hash Join  (cost=1056794.61..1933978.81 rows=30335366 width=0) (actual time=24185.297..59646.401 rows=77850003 loops=1)
  Hash Cond: (mi.movie_id = t.id)
  ->  Seq Scan on movie_info mi  (cost=0.00..309384.22 rows=14739122 width=4) (actual time=0.021..6024.303 rows=14835720 loops=1)
  ->  Hash  (cost=971414.43..971414.43 rows=5204095 width=8) (actual time=24180.708..24180.708 rows=6387301 loops=1)
        Buckets: 131072  Batches: 128  Memory Usage: 2981kB
        ->  Hash Join  (cost=88295.76..971414.43 rows=5204095 width=8) (actual time=1622.134..22223.598 rows=6387301 loops=1)
              Hash Cond: (ci.movie_id = t.id)
              ->  Seq Scan on cast_info ci  (cost=0.00..705507.15 rows=10434017 width=4) (actual time=0.017..12789.408 rows=10440543 loops=1)
                    Filter: (person_id > 2665761)
                    Rows Removed by Filter: 25803801
              ->  Hash  (cost=67604.59..67604.59 rows=1261134 width=4) (actual time=1621.155..1621.155 rows=1260295 loops=1)
                    Buckets: 131072  Batches: 32  Memory Usage: 2413kB
                    ->  Seq Scan on title t  (cost=0.00..67604.59 rows=1261134 width=4) (actual time=0.010..1197.661 rows=1260295 loops=1)
                          Filter: (production_year > 2002)
                          Rows Removed by Filter: 1268017
Planning time: 1.167 ms
Execution time: 68259.224 ms
