Hash Join  (cost=69090.10..1116216.00 rows=1296873 width=0) (actual time=1078.584..27273.317 rows=889397 loops=1)
  Hash Cond: (ci.movie_id = t.id)
  ->  Seq Scan on cast_info ci  (cost=0.00..614943.12 rows=36225612 width=4) (actual time=0.022..12690.839 rows=36244344 loops=1)
  ->  Hash  (cost=67604.59..67604.59 rows=90521 width=4) (actual time=1077.238..1077.238 rows=90852 loops=1)
        Buckets: 131072  Batches: 2  Memory Usage: 2626kB
        ->  Seq Scan on title t  (cost=0.00..67604.59 rows=90521 width=4) (actual time=191.166..1044.961 rows=90852 loops=1)
              Filter: (kind_id = 2)
              Rows Removed by Filter: 2437460
Planning time: 2.489 ms
Execution time: 27401.480 ms
