Hash Join  (cost=110878.98..234793.54 rows=156952 width=0) (actual time=2433.789..5339.645 rows=303517 loops=1)
  Hash Cond: (mk.movie_id = t.id)
  ->  Seq Scan on movie_keyword mk  (cost=0.00..69693.30 rows=4523930 width=4) (actual time=0.008..1500.545 rows=4523930 loops=1)
  ->  Hash  (cost=109439.43..109439.43 rows=87724 width=8) (actual time=2432.108..2432.108 rows=62055 loops=1)
        Buckets: 131072  Batches: 2  Memory Usage: 2236kB
        ->  Hash Join  (cost=70241.71..109439.43 rows=87724 width=8) (actual time=1427.108..2409.938 rows=62055 loops=1)
              Hash Cond: (mi_idx.movie_id = t.id)
              ->  Seq Scan on movie_info_idx mi_idx  (cost=0.00..21735.35 rows=1380035 width=4) (actual time=0.017..400.017 rows=1380035 loops=1)
              ->  Hash  (cost=67604.59..67604.59 rows=160730 width=4) (actual time=1426.028..1426.028 rows=160017 loops=1)
                    Buckets: 131072  Batches: 4  Memory Usage: 2436kB
                    ->  Seq Scan on title t  (cost=0.00..67604.59 rows=160730 width=4) (actual time=0.020..1067.349 rows=160017 loops=1)
                          Filter: (production_year = 2011)
                          Rows Removed by Filter: 2368295
Planning time: 1.736 ms
Execution time: 5377.941 ms
