Hash Join  (cost=135978.91..269547.96 rows=591311 width=0) (actual time=3167.334..7937.165 rows=7218683 loops=1)
  Hash Cond: (mk.movie_id = t.id)
  ->  Seq Scan on movie_keyword mk  (cost=0.00..81003.12 rows=3905284 width=4) (actual time=0.024..1691.292 rows=3905470 loops=1)
        Filter: (keyword_id > 465)
        Rows Removed by Filter: 618460
  ->  Hash  (cost=129697.26..129697.26 rows=382852 width=8) (actual time=3166.417..3166.417 rows=798605 loops=1)
        Buckets: 131072 (originally 131072)  Batches: 16 (originally 8)  Memory Usage: 3073kB
        ->  Hash Join  (cost=85435.26..129697.26 rows=382852 width=8) (actual time=1499.608..2920.368 rows=798605 loops=1)
              Hash Cond: (mi_idx.movie_id = t.id)
              ->  Seq Scan on movie_info_idx mi_idx  (cost=0.00..21735.35 rows=1380035 width=4) (actual time=0.021..407.946 rows=1380035 loops=1)
              ->  Hash  (cost=73925.90..73925.90 rows=701468 width=4) (actual time=1498.344..1498.344 rows=749931 loops=1)
                    Buckets: 131072  Batches: 16  Memory Usage: 2673kB
                    ->  Seq Scan on title t  (cost=0.00..73925.90 rows=701468 width=4) (actual time=0.016..1257.639 rows=749931 loops=1)
                          Filter: ((kind_id < 7) AND (production_year < 2009))
                          Rows Removed by Filter: 1778381
Planning time: 1.137 ms
Execution time: 8657.749 ms
