Hash Join  (cost=196839.60..233248.07 rows=28656 width=0) (actual time=3874.066..4753.306 rows=103514 loops=1)
  Hash Cond: (mi_idx.movie_id = t.id)
  ->  Seq Scan on movie_info_idx mi_idx  (cost=0.00..25185.44 rows=919057 width=4) (actual time=0.026..523.692 rows=920110 loops=1)
        Filter: (info_type_id > 99)
        Rows Removed by Filter: 459925
  ->  Hash  (cost=195546.12..195546.12 rows=78839 width=8) (actual time=3873.305..3873.305 rows=81533 loops=1)
        Buckets: 131072  Batches: 2  Memory Usage: 2636kB
        ->  Hash Join  (cost=102767.86..195546.12 rows=78839 width=8) (actual time=2029.657..3844.980 rows=81533 loops=1)
              Hash Cond: (mk.movie_id = t.id)
              ->  Seq Scan on movie_keyword mk  (cost=0.00..81003.12 rows=78839 width=4) (actual time=0.028..1348.354 rows=81533 loops=1)
                    Filter: (keyword_id < 71)
                    Rows Removed by Filter: 4442397
              ->  Hash  (cost=61283.27..61283.27 rows=2528527 width=4) (actual time=2023.524..2023.524 rows=2528312 loops=1)
                    Buckets: 131072  Batches: 64  Memory Usage: 2425kB
                    ->  Seq Scan on title t  (cost=0.00..61283.27 rows=2528527 width=4) (actual time=0.018..1151.470 rows=2528312 loops=1)
Planning time: 2.257 ms
Execution time: 4766.838 ms
