Hash Join  (cost=83074.74..109986.57 rows=134 width=0) (actual time=1261.102..1838.079 rows=2388 loops=1)
  Hash Cond: (mi_idx.movie_id = t.id)
  ->  Seq Scan on movie_info_idx mi_idx  (cost=0.00..21735.35 rows=1380035 width=4) (actual time=0.018..304.068 rows=1380035 loops=1)
  ->  Hash  (cost=83071.67..83071.67 rows=246 width=8) (actual time=1260.823..1260.823 rows=993 loops=1)
        Buckets: 1024  Batches: 1  Memory Usage: 47kB
        ->  Nested Loop  (cost=0.43..83071.67 rows=246 width=8) (actual time=1.307..1260.048 rows=993 loops=1)
              ->  Seq Scan on movie_keyword mk  (cost=0.00..81003.12 rows=246 width=4) (actual time=1.247..1216.829 rows=993 loops=1)
                    Filter: (keyword_id = 6741)
                    Rows Removed by Filter: 4522937
              ->  Index Only Scan using title_pkey on title t  (cost=0.43..8.40 rows=1 width=4) (actual time=0.042..0.042 rows=1 loops=993)
                    Index Cond: (id = mk.movie_id)
                    Heap Fetches: 993
Planning time: 1.097 ms
Execution time: 1838.586 ms
