Seq Scan on movie_companies mc  (cost=0.00..51404.11 rows=1806395 width=0) (actual time=0.024..979.205 rows=1800041 loops=1)
  Filter: (company_id < 29346)
  Rows Removed by Filter: 809088
Planning time: 0.268 ms
Execution time: 1206.331 ms
