Hash Join  (cost=102767.86..1588513.80 rows=32014941 width=0) (actual time=1842.486..45018.524 rows=32165664 loops=1)
  Hash Cond: (ci.movie_id = t.id)
  ->  Seq Scan on cast_info ci  (cost=0.00..705507.15 rows=32014941 width=4) (actual time=0.019..16469.759 rows=32165664 loops=1)
        Filter: (person_id > 391995)
        Rows Removed by Filter: 4078680
  ->  Hash  (cost=61283.27..61283.27 rows=2528527 width=4) (actual time=1840.758..1840.758 rows=2528312 loops=1)
        Buckets: 131072  Batches: 64  Memory Usage: 2415kB
        ->  Seq Scan on title t  (cost=0.00..61283.27 rows=2528527 width=4) (actual time=0.010..997.420 rows=2528312 loops=1)
Planning time: 0.697 ms
Execution time: 48603.508 ms
