Hash Join  (cost=79273.71..592935.69 rows=1666428 width=0) (actual time=1236.002..13887.055 rows=603262 loops=1)
  Hash Cond: (mi.movie_id = t.id)
  ->  Seq Scan on movie_info mi  (cost=0.00..346232.03 rows=12928982 width=4) (actual time=54.177..6742.362 rows=12970088 loops=1)
        Filter: (info_type_id < 18)
        Rows Removed by Filter: 1865632
  ->  Hash  (cost=73925.90..73925.90 rows=325904 width=4) (actual time=1179.996..1179.996 rows=349534 loops=1)
        Buckets: 131072  Batches: 8  Memory Usage: 2572kB
        ->  Seq Scan on title t  (cost=0.00..73925.90 rows=325904 width=4) (actual time=186.198..1064.214 rows=349534 loops=1)
              Filter: ((production_year > 2009) AND (kind_id = 7))
              Rows Removed by Filter: 2178778
Planning time: 0.738 ms
Execution time: 13961.501 ms
