Hash Join  (cost=75818.69..999204.15 rows=1832805 width=0) (actual time=1275.241..18850.744 rows=826323 loops=1)
  Hash Cond: (ci.movie_id = t.id)
  ->  Seq Scan on cast_info ci  (cost=0.00..796071.18 rows=9256595 width=4) (actual time=0.035..13691.671 rows=5284040 loops=1)
        Filter: ((person_id < 2072827) AND (role_id > 2))
        Rows Removed by Filter: 30960304
  ->  Hash  (cost=67604.59..67604.59 rows=500648 width=4) (actual time=1273.835..1273.835 rows=494029 loops=1)
        Buckets: 131072  Batches: 8  Memory Usage: 3188kB
        ->  Seq Scan on title t  (cost=0.00..67604.59 rows=500648 width=4) (actual time=0.028..1108.463 rows=494029 loops=1)
              Filter: (production_year < 1979)
              Rows Removed by Filter: 2034283
Planning time: 0.709 ms
Execution time: 18948.541 ms
