Hash Join  (cost=156649.15..918198.79 rows=744006 width=0) (actual time=3765.780..17469.169 rows=1528863 loops=1)
  Hash Cond: (ci.movie_id = t.id)
  ->  Seq Scan on cast_info ci  (cost=0.00..705507.15 rows=4046249 width=4) (actual time=112.731..11373.736 rows=3925195 loops=1)
        Filter: (person_id < 375978)
        Rows Removed by Filter: 32319149
  ->  Hash  (cost=149020.47..149020.47 rows=464934 width=8) (actual time=3652.121..3652.121 rows=460185 loops=1)
        Buckets: 131072  Batches: 8  Memory Usage: 3276kB
        ->  Hash Join  (cost=102767.86..149020.47 rows=464934 width=8) (actual time=2199.123..3522.914 rows=460185 loops=1)
              Hash Cond: (mi_idx.movie_id = t.id)
              ->  Seq Scan on movie_info_idx mi_idx  (cost=0.00..25185.44 rows=464934 width=4) (actual time=0.041..550.274 rows=460185 loops=1)
                    Filter: (info_type_id > 100)
                    Rows Removed by Filter: 919850
              ->  Hash  (cost=61283.27..61283.27 rows=2528527 width=4) (actual time=2198.320..2198.320 rows=2528312 loops=1)
                    Buckets: 131072  Batches: 64  Memory Usage: 2415kB
                    ->  Seq Scan on title t  (cost=0.00..61283.27 rows=2528527 width=4) (actual time=0.025..1071.009 rows=2528312 loops=1)
Planning time: 1.181 ms
Execution time: 17636.847 ms
