Seq Scan on cast_info ci  (cost=0.00..705507.15 rows=18342909 width=0) (actual time=0.051..13003.056 rows=18238682 loops=1)
  Filter: (person_id < 1811720)
  Rows Removed by Filter: 18005662
Planning time: 0.349 ms
Execution time: 15307.246 ms
