Hash Join  (cost=156487.41..1063969.34 rows=1492864 width=0) (actual time=14854.606..20004.860 rows=1269872 loops=1)
  Hash Cond: (ci.movie_id = t.id)
  ->  Seq Scan on cast_info ci  (cost=0.00..796071.18 rows=8188561 width=4) (actual time=10870.843..13132.716 rows=3357258 loops=1)
        Filter: ((person_id > 1271839) AND (role_id = 1))
        Rows Removed by Filter: 32887086
  ->  Hash  (cost=148924.19..148924.19 rows=460978 width=8) (actual time=3982.616..3982.616 rows=459925 loops=1)
        Buckets: 131072  Batches: 8  Memory Usage: 3275kB
        ->  Hash Join  (cost=102767.86..148924.19 rows=460978 width=8) (actual time=2468.678..3833.807 rows=459925 loops=1)
              Hash Cond: (mi_idx.movie_id = t.id)
              ->  Seq Scan on movie_info_idx mi_idx  (cost=0.00..25185.44 rows=460978 width=4) (actual time=0.038..499.349 rows=459925 loops=1)
                    Filter: (info_type_id < 100)
                    Rows Removed by Filter: 920110
              ->  Hash  (cost=61283.27..61283.27 rows=2528527 width=4) (actual time=2467.125..2467.125 rows=2528312 loops=1)
                    Buckets: 131072  Batches: 64  Memory Usage: 2415kB
                    ->  Seq Scan on title t  (cost=0.00..61283.27 rows=2528527 width=4) (actual time=0.020..901.289 rows=2528312 loops=1)
Planning time: 1.373 ms
Execution time: 20161.163 ms
