Hash Join  (cost=83073.51..833876.72 rows=1410 width=0) (actual time=1356.416..16919.822 rows=5060 loops=1)
  Hash Cond: (ci.movie_id = t.id)
  ->  Seq Scan on cast_info ci  (cost=0.00..614943.12 rows=36225612 width=4) (actual time=0.019..9010.129 rows=36244344 loops=1)
  ->  Hash  (cost=83072.29..83072.29 rows=98 width=8) (actual time=1346.499..1346.499 rows=68 loops=1)
        Buckets: 1024  Batches: 1  Memory Usage: 11kB
        ->  Nested Loop  (cost=0.43..83072.29 rows=98 width=8) (actual time=19.138..1346.387 rows=68 loops=1)
              ->  Seq Scan on movie_keyword mk  (cost=0.00..81003.12 rows=246 width=4) (actual time=5.784..1326.236 rows=261 loops=1)
                    Filter: (keyword_id = 354)
                    Rows Removed by Filter: 4523669
              ->  Index Scan using title_pkey on title t  (cost=0.43..8.40 rows=1 width=4) (actual time=0.074..0.074 rows=0 loops=261)
                    Index Cond: (id = mk.movie_id)
                    Filter: (production_year > 2005)
                    Rows Removed by Filter: 1
Planning time: 2.468 ms
Execution time: 16922.359 ms
