Hash Join  (cost=81615.04..213832.98 rows=838490 width=0) (actual time=1350.149..5245.760 rows=1501793 loops=1)
  Hash Cond: (mk.movie_id = t.id)
  ->  Seq Scan on movie_keyword mk  (cost=0.00..69693.30 rows=4523930 width=4) (actual time=0.008..1464.360 rows=4523930 loops=1)
  ->  Hash  (cost=73925.90..73925.90 rows=468651 width=4) (actual time=1349.183..1349.183 rows=340746 loops=1)
        Buckets: 131072  Batches: 8  Memory Usage: 2535kB
        ->  Seq Scan on title t  (cost=0.00..73925.90 rows=468651 width=4) (actual time=254.281..1239.453 rows=340746 loops=1)
              Filter: ((production_year > 1989) AND (kind_id = 1))
              Rows Removed by Filter: 2187566
Planning time: 1.789 ms
Execution time: 5422.445 ms
