Hash Join  (cost=83074.74..137742.81 rows=254 width=0) (actual time=1445.934..2339.518 rows=14238 loops=1)
  Hash Cond: (mc.movie_id = t.id)
  ->  Seq Scan on movie_companies mc  (cost=0.00..44881.29 rows=2609129 width=4) (actual time=0.018..437.181 rows=2609129 loops=1)
  ->  Hash  (cost=83071.67..83071.67 rows=246 width=8) (actual time=1445.617..1445.617 rows=1671 loops=1)
        Buckets: 2048 (originally 1024)  Batches: 1 (originally 1)  Memory Usage: 82kB
        ->  Nested Loop  (cost=0.43..83071.67 rows=246 width=8) (actual time=0.461..1444.253 rows=1671 loops=1)
              ->  Seq Scan on movie_keyword mk  (cost=0.00..81003.12 rows=246 width=4) (actual time=0.391..1347.953 rows=1671 loops=1)
                    Filter: (keyword_id = 2337)
                    Rows Removed by Filter: 4522259
              ->  Index Only Scan using title_pkey on title t  (cost=0.43..8.40 rows=1 width=4) (actual time=0.056..0.056 rows=1 loops=1671)
                    Index Cond: (id = mk.movie_id)
                    Heap Fetches: 1671
Planning time: 4.288 ms
Execution time: 2341.629 ms
