Seq Scan on cast_info ci  (cost=0.00..796071.18 rows=22872733 width=0) (actual time=0.023..17042.770 rows=22272864 loops=1)
  Filter: ((person_id > 703116) AND (role_id < 8))
  Rows Removed by Filter: 13971480
Planning time: 0.319 ms
Execution time: 19821.897 ms
