Hash Join  (cost=142848.39..894545.02 rows=90746 width=0) (actual time=2195.809..16936.521 rows=25655 loops=1)
  Hash Cond: (ci.movie_id = t.id)
  ->  Seq Scan on cast_info ci  (cost=0.00..614943.12 rows=36225612 width=4) (actual time=0.026..8325.492 rows=36244344 loops=1)
  ->  Hash  (cost=142769.22..142769.22 rows=6334 width=8) (actual time=2195.626..2195.626 rows=573 loops=1)
        Buckets: 8192  Batches: 1  Memory Usage: 87kB
        ->  Hash Join  (cost=82400.67..142769.22 rows=6334 width=8) (actual time=1247.302..2195.299 rows=573 loops=1)
              Hash Cond: (mc.movie_id = t.id)
              ->  Seq Scan on movie_companies mc  (cost=0.00..57926.93 rows=31007 width=4) (actual time=0.027..862.845 rows=55497 loops=1)
                    Filter: ((company_type_id < 2) AND (company_id = 6))
                    Rows Removed by Filter: 2553632
              ->  Hash  (cost=73925.90..73925.90 rows=516541 width=4) (actual time=1246.620..1246.620 rows=440918 loops=1)
                    Buckets: 131072  Batches: 8  Memory Usage: 2960kB
                    ->  Seq Scan on title t  (cost=0.00..73925.90 rows=516541 width=4) (actual time=0.031..1110.686 rows=440918 loops=1)
                          Filter: ((kind_id < 7) AND (production_year > 2001))
                          Rows Removed by Filter: 2087394
Planning time: 1.770 ms
Execution time: 16943.071 ms
