Hash Join  (cost=74357.80..133688.61 rows=4936 width=0) (actual time=1179.630..2347.066 rows=3242 loops=1)
  Hash Cond: (mc.movie_id = t.id)
  ->  Seq Scan on movie_companies mc  (cost=0.00..57926.93 rows=361202 width=4) (actual time=0.037..1103.896 rows=204771 loops=1)
        Filter: ((company_id < 1286) AND (company_type_id = 2))
        Rows Removed by Filter: 2404358
  ->  Hash  (cost=73925.90..73925.90 rows=34552 width=4) (actual time=1179.227..1179.227 rows=39508 loops=1)
        Buckets: 65536  Batches: 1  Memory Usage: 1901kB
        ->  Seq Scan on title t  (cost=0.00..73925.90 rows=34552 width=4) (actual time=0.032..1160.748 rows=39508 loops=1)
              Filter: ((kind_id > 1) AND (production_year = 1998))
              Rows Removed by Filter: 2488804
Planning time: 3.909 ms
Execution time: 2347.823 ms
