Hash Join  (cost=89253.38..910225.33 rows=514583 width=0) (actual time=4877.294..16175.319 rows=412102 loops=1)
  Hash Cond: (ci.movie_id = t.id)
  ->  Seq Scan on cast_info ci  (cost=0.00..796071.18 rows=1392784 width=4) (actual time=3355.906..13857.148 rows=1241553 loops=1)
        Filter: ((person_id < 1823500) AND (role_id = 4))
        Rows Removed by Filter: 35002791
  ->  Hash  (cost=73925.90..73925.90 rows=934198 width=4) (actual time=1520.321..1520.321 rows=950693 loops=1)
        Buckets: 131072  Batches: 16  Memory Usage: 3114kB
        ->  Seq Scan on title t  (cost=0.00..73925.90 rows=934198 width=4) (actual time=0.030..1222.117 rows=950693 loops=1)
              Filter: ((kind_id < 7) AND (production_year < 2013))
              Rows Removed by Filter: 1577619
Planning time: 0.820 ms
Execution time: 16218.193 ms
