Seq Scan on movie_companies mc  (cost=0.00..57926.93 rows=243978 width=0) (actual time=0.010..962.840 rows=361775 loops=1)
  Filter: ((company_id < 439) AND (company_type_id = 1))
  Rows Removed by Filter: 2247354
Planning time: 4.054 ms
Execution time: 1019.698 ms
