Seq Scan on cast_info ci  (cost=0.00..705507.15 rows=500 width=0) (actual time=10350.174..11024.190 rows=1 loops=1)
  Filter: (person_id = 2606162)
  Rows Removed by Filter: 36244343
Planning time: 0.321 ms
Execution time: 11024.290 ms
