Seq Scan on movie_keyword mk  (cost=0.00..81003.12 rows=3312001 width=0) (actual time=0.018..1497.169 rows=3302912 loops=1)
  Filter: (keyword_id < 14917)
  Rows Removed by Filter: 1221018
Planning time: 0.298 ms
Execution time: 1913.634 ms
