Seq Scan on title t  (cost=0.00..67604.59 rows=250324 width=0) (actual time=0.025..1070.442 rows=252521 loops=1)
  Filter: (production_year < 1961)
  Rows Removed by Filter: 2275791
Planning time: 0.316 ms
Execution time: 1105.074 ms
