Hash Join  (cost=460214.35..515256.90 rows=37703 width=0) (actual time=8047.668..9412.862 rows=636792 loops=1)
  Hash Cond: (mc.movie_id = t.id)
  ->  Seq Scan on movie_companies mc  (cost=0.00..44881.29 rows=2609129 width=4) (actual time=0.024..623.127 rows=2609129 loops=1)
  ->  Hash  (cost=459757.62..459757.62 rows=36538 width=8) (actual time=8047.268..8047.268 rows=32053 loops=1)
        Buckets: 65536  Batches: 1  Memory Usage: 1765kB
        ->  Hash Join  (cost=102767.86..459757.62 rows=36538 width=8) (actual time=2887.309..8036.629 rows=32053 loops=1)
              Hash Cond: (mi.movie_id = t.id)
              ->  Seq Scan on movie_info mi  (cost=0.00..346232.03 rows=36538 width=4) (actual time=644.455..5411.066 rows=32053 loops=1)
                    Filter: (info_type_id > 108)
                    Rows Removed by Filter: 14803667
              ->  Hash  (cost=61283.27..61283.27 rows=2528527 width=4) (actual time=1926.461..1926.461 rows=2528312 loops=1)
                    Buckets: 131072  Batches: 64  Memory Usage: 2425kB
                    ->  Seq Scan on title t  (cost=0.00..61283.27 rows=2528527 width=4) (actual time=0.027..1074.196 rows=2528312 loops=1)
Planning time: 1.107 ms
Execution time: 9489.521 ms
