Hash Join  (cost=95498.80..181687.52 rows=11585 width=0) (actual time=1819.419..3399.552 rows=49129 loops=1)
  Hash Cond: (mk.movie_id = t.id)
  ->  Seq Scan on movie_keyword mk  (cost=0.00..81003.12 rows=1351932 width=4) (actual time=0.019..1344.602 rows=1362998 loops=1)
        Filter: (keyword_id > 12297)
        Rows Removed by Filter: 3160932
  ->  Hash  (cost=95227.96..95227.96 rows=21667 width=8) (actual time=1818.630..1818.630 rows=23456 loops=1)
        Buckets: 32768  Batches: 1  Memory Usage: 1173kB
        ->  Hash Join  (cost=68100.81..95227.96 rows=21667 width=8) (actual time=1143.693..1810.096 rows=23456 loops=1)
              Hash Cond: (mi_idx.movie_id = t.id)
              ->  Seq Scan on movie_info_idx mi_idx  (cost=0.00..21735.35 rows=1380035 width=4) (actual time=0.038..323.621 rows=1380035 loops=1)
              ->  Hash  (cost=67604.59..67604.59 rows=39698 width=4) (actual time=1143.063..1143.063 rows=36437 loops=1)
                    Buckets: 65536  Batches: 1  Memory Usage: 1793kB
                    ->  Seq Scan on title t  (cost=0.00..67604.59 rows=39698 width=4) (actual time=0.057..1126.643 rows=36437 loops=1)
                          Filter: (production_year = 1995)
                          Rows Removed by Filter: 2491875
Planning time: 1.178 ms
Execution time: 3405.905 ms
