Seq Scan on movie_companies mc  (cost=0.00..57926.93 rows=913457 width=0) (actual time=299.142..1140.827 rows=1221892 loops=1)
  Filter: ((company_id < 36855) AND (company_type_id < 2))
  Rows Removed by Filter: 1387237
Planning time: 0.298 ms
Execution time: 1293.128 ms
