Hash Join  (cost=74369.53..129719.77 rows=14237 width=0) (actual time=1356.106..2529.148 rows=7409 loops=1)
  Hash Cond: (mc.movie_id = t.id)
  ->  Seq Scan on movie_companies mc  (cost=0.00..51404.11 rows=1014336 width=4) (actual time=0.017..1021.898 rows=1013953 loops=1)
        Filter: (company_id < 5179)
        Rows Removed by Filter: 1595176
  ->  Hash  (cost=73925.90..73925.90 rows=35490 width=4) (actual time=1256.840..1256.840 rows=39698 loops=1)
        Buckets: 65536  Batches: 1  Memory Usage: 1908kB
        ->  Seq Scan on title t  (cost=0.00..73925.90 rows=35490 width=4) (actual time=289.268..1240.049 rows=39698 loops=1)
              Filter: ((kind_id = 7) AND (production_year = 2001))
              Rows Removed by Filter: 2488614
Planning time: 0.513 ms
Execution time: 2530.352 ms
