Hash Join  (cost=102767.86..1491465.58 rows=27981820 width=0) (actual time=1957.617..42766.912 rows=28118991 loops=1)
  Hash Cond: (ci.movie_id = t.id)
  ->  Seq Scan on cast_info ci  (cost=0.00..705507.15 rows=27981820 width=4) (actual time=0.014..16375.909 rows=28118991 loops=1)
        Filter: (person_id > 794707)
        Rows Removed by Filter: 8125353
  ->  Hash  (cost=61283.27..61283.27 rows=2528527 width=4) (actual time=1956.429..1956.429 rows=2528312 loops=1)
        Buckets: 131072  Batches: 64  Memory Usage: 2415kB
        ->  Seq Scan on title t  (cost=0.00..61283.27 rows=2528527 width=4) (actual time=0.016..1117.732 rows=2528312 loops=1)
Planning time: 0.782 ms
Execution time: 45915.423 ms
