Hash Join  (cost=908695.88..2567332.01 rows=52937429 width=0) (actual time=22765.031..82547.543 rows=122661262 loops=1)
  Hash Cond: (ci.movie_id = t.id)
  ->  Seq Scan on cast_info ci  (cost=0.00..796071.18 rows=12042441 width=4) (actual time=0.018..17852.367 rows=11314317 loops=1)
        Filter: ((person_id > 186027) AND (role_id < 2))
        Rows Removed by Filter: 24930027
  ->  Hash  (cost=726337.31..726337.31 rows=11115165 width=8) (actual time=22762.350..22762.350 rows=11210743 loops=1)
        Buckets: 131072  Batches: 256  Memory Usage: 2722kB
        ->  Hash Join  (cost=102767.86..726337.31 rows=11115165 width=8) (actual time=2314.878..19555.512 rows=11210743 loops=1)
              Hash Cond: (mi.movie_id = t.id)
              ->  Seq Scan on movie_info mi  (cost=0.00..346232.03 rows=11115165 width=4) (actual time=0.016..7620.637 rows=11210743 loops=1)
                    Filter: (info_type_id > 3)
                    Rows Removed by Filter: 3624977
              ->  Hash  (cost=61283.27..61283.27 rows=2528527 width=4) (actual time=2313.338..2313.338 rows=2528312 loops=1)
                    Buckets: 131072  Batches: 64  Memory Usage: 2425kB
                    ->  Seq Scan on title t  (cost=0.00..61283.27 rows=2528527 width=4) (actual time=0.013..1171.544 rows=2528312 loops=1)
Planning time: 1.156 ms
Execution time: 96887.644 ms
