Seq Scan on movie_keyword mk  (cost=0.00..81003.12 rows=246 width=0) (actual time=10.117..1054.925 rows=72 loops=1)
  Filter: (keyword_id = 60248)
  Rows Removed by Filter: 4523858
Planning time: 0.246 ms
Execution time: 1055.056 ms
