Seq Scan on cast_info ci  (cost=0.00..705507.15 rows=16150692 width=0) (actual time=0.032..9493.085 rows=16038893 loops=1)
  Filter: (person_id < 1587168)
  Rows Removed by Filter: 20205451
Planning time: 3.113 ms
Execution time: 11184.173 ms
