Hash Join  (cost=78556.72..964618.96 rows=1624284 width=0) (actual time=4525.821..14453.625 rows=211454 loops=1)
  Hash Cond: (ci.movie_id = t.id)
  ->  Seq Scan on cast_info ci  (cost=0.00..796071.18 rows=6152591 width=4) (actual time=3226.834..12583.166 rows=852615 loops=1)
        Filter: ((person_id > 2590425) AND (role_id < 3))
        Rows Removed by Filter: 35391729
  ->  Hash  (cost=67604.59..67604.59 rows=667531 width=4) (actual time=1297.805..1297.805 rows=662825 loops=1)
        Buckets: 131072  Batches: 16  Memory Usage: 2476kB
        ->  Seq Scan on title t  (cost=0.00..67604.59 rows=667531 width=4) (actual time=179.938..1094.633 rows=662825 loops=1)
              Filter: (kind_id = 1)
              Rows Removed by Filter: 1865487
Planning time: 0.802 ms
Execution time: 14479.877 ms
