Seq Scan on movie_companies mc  (cost=0.00..57926.93 rows=504603 width=0) (actual time=0.014..1072.850 rows=714090 loops=1)
  Filter: ((company_id < 5616) AND (company_type_id < 2))
  Rows Removed by Filter: 1895039
Planning time: 0.308 ms
Execution time: 1170.565 ms
