Hash Join  (cost=87053.47..466955.20 rows=656261 width=0) (actual time=1568.138..8172.118 rows=1195715 loops=1)
  Hash Cond: (mi.movie_id = t.id)
  ->  Seq Scan on movie_info mi  (cost=0.00..346232.03 rows=2073893 width=4) (actual time=134.878..5258.191 rows=2091068 loops=1)
        Filter: (info_type_id < 3)
        Rows Removed by Filter: 12744652
  ->  Hash  (cost=73925.90..73925.90 rows=800125 width=4) (actual time=1432.355..1432.355 rows=713741 loops=1)
        Buckets: 131072  Batches: 16  Memory Usage: 2601kB
        ->  Seq Scan on title t  (cost=0.00..73925.90 rows=800125 width=4) (actual time=0.037..1205.883 rows=713741 loops=1)
              Filter: ((kind_id < 7) AND (production_year > 1972))
              Rows Removed by Filter: 1814571
Planning time: 0.751 ms
Execution time: 8298.124 ms
