Hash Join  (cost=83810.17..209229.09 rows=1024133 width=0) (actual time=2072.206..5567.608 rows=2222729 loops=1)
  Hash Cond: (mk.movie_id = t.id)
  ->  Seq Scan on movie_keyword mk  (cost=0.00..81003.12 rows=2621724 width=4) (actual time=0.015..1610.611 rows=2611485 loops=1)
        Filter: (keyword_id > 3287)
        Rows Removed by Filter: 1912445
  ->  Hash  (cost=67604.59..67604.59 rows=987727 width=4) (actual time=2071.381..2071.381 rows=985048 loops=1)
        Buckets: 131072  Batches: 16  Memory Usage: 3197kB
        ->  Seq Scan on title t  (cost=0.00..67604.59 rows=987727 width=4) (actual time=0.024..1221.656 rows=985048 loops=1)
              Filter: (kind_id < 7)
              Rows Removed by Filter: 1543264
Planning time: 0.747 ms
Execution time: 5834.959 ms
