Hash Join  (cost=95415.26..446486.88 rows=9913 width=0) (actual time=1564.786..6427.803 rows=20600 loops=1)
  Hash Cond: (mi.movie_id = t.id)
  ->  Seq Scan on movie_info mi  (cost=0.00..346232.03 rows=1264125 width=4) (actual time=125.247..4879.022 rows=1288928 loops=1)
        Filter: (info_type_id = 2)
        Rows Removed by Filter: 13546792
  ->  Hash  (cost=95167.43..95167.43 rows=19827 width=8) (actual time=1438.746..1438.746 rows=24689 loops=1)
        Buckets: 32768  Batches: 1  Memory Usage: 1221kB
        ->  Hash Join  (cost=68058.67..95167.43 rows=19827 width=8) (actual time=1112.061..1433.536 rows=24689 loops=1)
              Hash Cond: (mi_idx.movie_id = t.id)
              ->  Seq Scan on movie_info_idx mi_idx  (cost=0.00..21735.35 rows=1380035 width=4) (actual time=0.019..150.644 rows=1380035 loops=1)
              ->  Hash  (cost=67604.59..67604.59 rows=36327 width=4) (actual time=1111.732..1111.732 rows=36509 loops=1)
                    Buckets: 65536  Batches: 1  Memory Usage: 1796kB
                    ->  Seq Scan on title t  (cost=0.00..67604.59 rows=36327 width=4) (actual time=0.022..1095.871 rows=36509 loops=1)
                          Filter: (production_year = 1996)
                          Rows Removed by Filter: 2491803
Planning time: 4.754 ms
Execution time: 6429.563 ms
