Seq Scan on movie_companies mc  (cost=0.00..57926.93 rows=741182 width=0) (actual time=76.493..1036.161 rows=462132 loops=1)
  Filter: ((company_id < 12929) AND (company_type_id > 1))
  Rows Removed by Filter: 2146997
Planning time: 0.390 ms
Execution time: 1095.092 ms
