Hash Join  (cost=421755.94..1163009.40 rows=15532 width=0) (actual time=6556.662..20745.153 rows=740858 loops=1)
  Hash Cond: (ci.movie_id = t.id)
  ->  Seq Scan on cast_info ci  (cost=0.00..705507.15 rows=9490931 width=4) (actual time=0.017..12156.914 rows=9478625 loops=1)
        Filter: (person_id > 2758013)
        Rows Removed by Filter: 26765719
  ->  Hash  (cost=421704.21..421704.21 rows=4138 width=8) (actual time=6556.031..6556.031 rows=15036 loops=1)
        Buckets: 16384 (originally 8192)  Batches: 1 (originally 1)  Memory Usage: 716kB
        ->  Hash Join  (cost=74403.17..421704.21 rows=4138 width=8) (actual time=1293.043..6551.299 rows=15036 loops=1)
              Hash Cond: (mi.movie_id = t.id)
              ->  Seq Scan on movie_info mi  (cost=0.00..346232.03 rows=274038 width=4) (actual time=56.336..5409.272 rows=306788 loops=1)
                    Filter: (info_type_id > 105)
                    Rows Removed by Filter: 14528932
              ->  Hash  (cost=73925.90..73925.90 rows=38181 width=4) (actual time=1092.973..1092.973 rows=32218 loops=1)
                    Buckets: 65536  Batches: 1  Memory Usage: 1645kB
                    ->  Seq Scan on title t  (cost=0.00..73925.90 rows=38181 width=4) (actual time=0.034..1078.057 rows=32218 loops=1)
                          Filter: ((kind_id < 3) AND (production_year = 2009))
                          Rows Removed by Filter: 2496094
Planning time: 1.396 ms
Execution time: 20839.287 ms
