Hash Join  (cost=79795.46..140265.74 rows=12473 width=0) (actual time=1437.630..2197.962 rows=72710 loops=1)
  Hash Cond: (mc.movie_id = t.id)
  ->  Seq Scan on movie_companies mc  (cost=0.00..57926.93 rows=88166 width=4) (actual time=207.625..816.136 rows=172520 loops=1)
        Filter: ((company_id > 122928) AND (company_type_id = 2))
        Rows Removed by Filter: 2436609
  ->  Hash  (cost=73925.90..73925.90 rows=357724 width=4) (actual time=1229.230..1229.230 rows=285602 loops=1)
        Buckets: 131072  Batches: 8  Memory Usage: 2279kB
        ->  Seq Scan on title t  (cost=0.00..73925.90 rows=357724 width=4) (actual time=0.017..1137.603 rows=285602 loops=1)
              Filter: ((kind_id < 3) AND (production_year > 2003))
              Rows Removed by Filter: 2242710
Planning time: 0.768 ms
Execution time: 2207.766 ms
