Hash Join  (cost=104693.99..281628.90 rows=4044696 width=0) (actual time=2367.894..7556.647 rows=3854804 loops=1)
  Hash Cond: (mk.movie_id = t.id)
  ->  Seq Scan on movie_keyword mk  (cost=0.00..69693.30 rows=4523930 width=4) (actual time=0.015..1519.076 rows=4523930 loops=1)
  ->  Hash  (cost=67604.59..67604.59 rows=2260672 width=4) (actual time=2366.694..2366.694 rows=2253222 loops=1)
        Buckets: 131072  Batches: 32  Memory Usage: 3512kB
        ->  Seq Scan on title t  (cost=0.00..67604.59 rows=2260672 width=4) (actual time=0.020..1325.161 rows=2253222 loops=1)
              Filter: (production_year > 1955)
              Rows Removed by Filter: 275090
Planning time: 0.700 ms
Execution time: 8023.385 ms
