Hash Join  (cost=138551.60..209209.69 rows=222593 width=0) (actual time=2986.056..4689.813 rows=273039 loops=1)
  Hash Cond: (mc.movie_id = t.id)
  ->  Seq Scan on movie_companies mc  (cost=0.00..51404.11 rows=1329612 width=4) (actual time=0.019..1028.003 rows=1334883 loops=1)
        Filter: (company_type_id = 2)
        Rows Removed by Filter: 1274246
  ->  Hash  (cost=131606.29..131606.29 rows=423305 width=8) (actual time=2983.593..2983.593 rows=246615 loops=1)
        Buckets: 131072  Batches: 8  Memory Usage: 2214kB
        ->  Hash Join  (cost=86650.76..131606.29 rows=423305 width=8) (actual time=1654.989..2910.866 rows=246615 loops=1)
              Hash Cond: (mi_idx.movie_id = t.id)
              ->  Seq Scan on movie_info_idx mi_idx  (cost=0.00..21735.35 rows=1380035 width=4) (actual time=0.616..436.160 rows=1380035 loops=1)
              ->  Hash  (cost=73925.90..73925.90 rows=775588 width=4) (actual time=1653.653..1653.653 rows=838642 loops=1)
                    Buckets: 131072  Batches: 16  Memory Usage: 2873kB
                    ->  Seq Scan on title t  (cost=0.00..73925.90 rows=775588 width=4) (actual time=0.009..1383.194 rows=838642 loops=1)
                          Filter: ((kind_id > 2) AND (production_year > 2004))
                          Rows Removed by Filter: 1689670
Planning time: 1.310 ms
Execution time: 4723.821 ms
