Hash Join  (cost=146707.61..939483.09 rows=253789 width=0) (actual time=13216.108..19707.335 rows=468832 loops=1)
  Hash Cond: (ci.movie_id = t.id)
  ->  Seq Scan on cast_info ci  (cost=0.00..705507.15 rows=7298253 width=4) (actual time=10112.125..13848.616 rows=7451973 loops=1)
        Filter: (role_id = 2)
        Rows Removed by Filter: 28792371
  ->  Hash  (cost=145264.52..145264.52 rows=87927 width=8) (actual time=3101.865..3101.865 rows=75723 loops=1)
        Buckets: 131072  Batches: 2  Memory Usage: 2497kB
        ->  Hash Join  (cost=69002.72..145264.52 rows=87927 width=8) (actual time=1182.491..3074.770 rows=75723 loops=1)
              Hash Cond: (mc.movie_id = t.id)
              ->  Seq Scan on movie_companies mc  (cost=0.00..44881.29 rows=2609129 width=4) (actual time=0.024..955.728 rows=2609129 loops=1)
              ->  Hash  (cost=67604.59..67604.59 rows=85211 width=4) (actual time=1181.544..1181.544 rows=84593 loops=1)
                    Buckets: 131072  Batches: 2  Memory Usage: 2518kB
                    ->  Seq Scan on title t  (cost=0.00..67604.59 rows=85211 width=4) (actual time=0.037..1147.931 rows=84593 loops=1)
                          Filter: (production_year = 2004)
                          Rows Removed by Filter: 2443719
Planning time: 1.170 ms
Execution time: 19766.157 ms
