Hash Join  (cost=102767.86..166344.94 rows=95321 width=0) (actual time=2429.801..3206.492 rows=95855 loops=1)
  Hash Cond: (mc.movie_id = t.id)
  ->  Seq Scan on movie_companies mc  (cost=0.00..51404.11 rows=95321 width=4) (actual time=498.953..794.085 rows=95855 loops=1)
        Filter: (company_id > 160070)
        Rows Removed by Filter: 2513274
  ->  Hash  (cost=61283.27..61283.27 rows=2528527 width=4) (actual time=1929.470..1929.470 rows=2528312 loops=1)
        Buckets: 131072  Batches: 64  Memory Usage: 2415kB
        ->  Seq Scan on title t  (cost=0.00..61283.27 rows=2528527 width=4) (actual time=0.021..1083.326 rows=2528312 loops=1)
Planning time: 1.826 ms
Execution time: 3217.527 ms
