Hash Join  (cost=1253960.85..2248207.98 rows=37501859 width=0) (actual time=21555.384..46840.469 rows=43757599 loops=1)
  Hash Cond: (mi.movie_id = t.id)
  ->  Seq Scan on movie_info mi  (cost=0.00..346232.03 rows=11115165 width=4) (actual time=0.012..7253.273 rows=11210743 loops=1)
        Filter: (info_type_id > 3)
        Rows Removed by Filter: 3624977
  ->  Hash  (cost=1113997.23..1113997.23 rows=8531089 width=8) (actual time=21552.101..21552.101 rows=4111243 loops=1)
        Buckets: 131072  Batches: 128  Memory Usage: 2329kB
        ->  Hash Join  (cost=102767.86..1113997.23 rows=8531089 width=8) (actual time=2973.866..20374.367 rows=4111243 loops=1)
              Hash Cond: (ci.movie_id = t.id)
              ->  Seq Scan on cast_info ci  (cost=0.00..796071.18 rows=8531089 width=4) (actual time=1070.045..14718.514 rows=4111243 loops=1)
                    Filter: ((person_id > 1165154) AND (role_id < 2))
                    Rows Removed by Filter: 32133101
              ->  Hash  (cost=61283.27..61283.27 rows=2528527 width=4) (actual time=1901.885..1901.885 rows=2528312 loops=1)
                    Buckets: 131072  Batches: 64  Memory Usage: 2415kB
                    ->  Seq Scan on title t  (cost=0.00..61283.27 rows=2528527 width=4) (actual time=0.024..1068.178 rows=2528312 loops=1)
Planning time: 1.189 ms
Execution time: 52003.451 ms
