Seq Scan on movie_keyword mk  (cost=0.00..81003.12 rows=2832810 width=0) (actual time=0.025..1486.033 rows=2825947 loops=1)
  Filter: (keyword_id > 2641)
  Rows Removed by Filter: 1697983
Planning time: 2.024 ms
Execution time: 1812.179 ms
