Hash Join  (cost=102552.01..268242.30 rows=3121734 width=0) (actual time=2056.567..6270.319 rows=1621697 loops=1)
  Hash Cond: (mk.movie_id = t.id)
  ->  Seq Scan on movie_keyword mk  (cost=0.00..69693.30 rows=4523930 width=4) (actual time=0.021..1460.812 rows=4523930 loops=1)
  ->  Hash  (cost=73925.90..73925.90 rows=1744808 width=4) (actual time=2053.611..2053.611 rows=1799905 loops=1)
        Buckets: 131072  Batches: 32  Memory Usage: 3013kB
        ->  Seq Scan on title t  (cost=0.00..73925.90 rows=1744808 width=4) (actual time=0.012..1459.628 rows=1799905 loops=1)
              Filter: ((kind_id > 1) AND (production_year > 1920))
              Rows Removed by Filter: 728407
Planning time: 0.584 ms
Execution time: 6472.366 ms
