Seq Scan on cast_info ci  (cost=0.00..705507.15 rows=500 width=0) (actual time=5859.970..10536.066 rows=1205 loops=1)
  Filter: (person_id = 3581973)
  Rows Removed by Filter: 36243139
Planning time: 0.336 ms
Execution time: 10536.333 ms
