Hash Join  (cost=567673.14..1453314.41 rows=1673090 width=0) (actual time=14321.049..33281.108 rows=5162009 loops=1)
  Hash Cond: (ci.movie_id = t.id)
  ->  Seq Scan on cast_info ci  (cost=0.00..705507.15 rows=9071119 width=4) (actual time=0.016..12674.198 rows=9076249 loops=1)
        Filter: (person_id > 2790002)
        Rows Removed by Filter: 27168095
  ->  Hash  (cost=560021.57..560021.57 rows=466366 width=8) (actual time=14319.396..14319.396 rows=2148332 loops=1)
        Buckets: 131072 (originally 131072)  Batches: 32 (originally 8)  Memory Usage: 3625kB
        ->  Hash Join  (cost=75238.98..560021.57 rows=466366 width=8) (actual time=1160.190..13642.627 rows=2148332 loops=1)
              Hash Cond: (mi.movie_id = t.id)
              ->  Seq Scan on movie_info mi  (cost=0.00..309384.22 rows=14739122 width=4) (actual time=0.021..5633.848 rows=14835720 loops=1)
              ->  Hash  (cost=73925.90..73925.90 rows=80006 width=4) (actual time=1159.388..1159.388 rows=180389 loops=1)
                    Buckets: 131072 (originally 131072)  Batches: 4 (originally 2)  Memory Usage: 3073kB
                    ->  Seq Scan on title t  (cost=0.00..73925.90 rows=80006 width=4) (actual time=0.027..1089.950 rows=180389 loops=1)
                          Filter: ((kind_id < 7) AND (production_year < 1956))
                          Rows Removed by Filter: 2347923
Planning time: 1.167 ms
Execution time: 33827.215 ms
