Seq Scan on movie_companies mc  (cost=0.00..57926.93 rows=51 width=0) (actual time=366.807..808.480 rows=1 loops=1)
  Filter: ((company_type_id < 2) AND (company_id = 26760))
  Rows Removed by Filter: 2609128
Planning time: 0.270 ms
Execution time: 808.560 ms
