Hash Join  (cost=174865.45..1025419.00 rows=1213524 width=0) (actual time=12417.767..21988.742 rows=4167810 loops=1)
  Hash Cond: (ci.movie_id = t.id)
  ->  Seq Scan on cast_info ci  (cost=0.00..796071.18 rows=3353103 width=4) (actual time=8400.672..14709.565 rows=4011881 loops=1)
        Filter: ((person_id > 780541) AND (role_id = 10))
        Rows Removed by Filter: 32232463
  ->  Hash  (cost=159851.69..159851.69 rows=915101 width=8) (actual time=4016.114..4016.114 rows=919850 loops=1)
        Buckets: 131072  Batches: 16  Memory Usage: 3269kB
        ->  Hash Join  (cost=102767.86..159851.69 rows=915101 width=8) (actual time=2053.607..3764.134 rows=919850 loops=1)
              Hash Cond: (mi_idx.movie_id = t.id)
              ->  Seq Scan on movie_info_idx mi_idx  (cost=0.00..25185.44 rows=915101 width=4) (actual time=0.032..588.570 rows=919850 loops=1)
                    Filter: (info_type_id < 101)
                    Rows Removed by Filter: 460185
              ->  Hash  (cost=61283.27..61283.27 rows=2528527 width=4) (actual time=2051.890..2051.890 rows=2528312 loops=1)
                    Buckets: 131072  Batches: 64  Memory Usage: 2415kB
                    ->  Seq Scan on title t  (cost=0.00..61283.27 rows=2528527 width=4) (actual time=0.015..1202.279 rows=2528312 loops=1)
Planning time: 1.171 ms
Execution time: 22489.977 ms
