Hash Join  (cost=263115.61..1786084.02 rows=34165653 width=0) (actual time=6173.165..62916.198 rows=73554582 loops=1)
  Hash Cond: (ci.movie_id = t.id)
  ->  Seq Scan on cast_info ci  (cost=0.00..705507.15 rows=33110197 width=4) (actual time=0.012..16910.542 rows=33220983 loops=1)
        Filter: (person_id > 293554)
        Rows Removed by Filter: 3023361
  ->  Hash  (cost=220309.49..220309.49 rows=2609129 width=8) (actual time=6171.175..6171.175 rows=2609129 loops=1)
        Buckets: 131072  Batches: 64  Memory Usage: 2610kB
        ->  Hash Join  (cost=102767.86..220309.49 rows=2609129 width=8) (actual time=1830.730..5440.382 rows=2609129 loops=1)
              Hash Cond: (mc.movie_id = t.id)
              ->  Seq Scan on movie_companies mc  (cost=0.00..44881.29 rows=2609129 width=4) (actual time=0.012..984.317 rows=2609129 loops=1)
              ->  Hash  (cost=61283.27..61283.27 rows=2528527 width=4) (actual time=1829.329..1829.329 rows=2528312 loops=1)
                    Buckets: 131072  Batches: 64  Memory Usage: 2415kB
                    ->  Seq Scan on title t  (cost=0.00..61283.27 rows=2528527 width=4) (actual time=0.017..995.886 rows=2528312 loops=1)
Planning time: 1.167 ms
Execution time: 71541.526 ms
