Hash Join  (cost=73950.44..428429.32 rows=1704 width=0) (actual time=2935.647..6745.587 rows=3383 loops=1)
  Hash Cond: (mi.movie_id = t.id)
  ->  Seq Scan on movie_info mi  (cost=0.00..346232.03 rows=2194617 width=4) (actual time=1843.362..5344.740 rows=2233850 loops=1)
        Filter: (info_type_id > 16)
        Rows Removed by Filter: 12601870
  ->  Hash  (cost=73925.90..73925.90 rows=1963 width=4) (actual time=996.990..996.990 rows=7770 loops=1)
        Buckets: 8192 (originally 2048)  Batches: 1 (originally 1)  Memory Usage: 338kB
        ->  Seq Scan on title t  (cost=0.00..73925.90 rows=1963 width=4) (actual time=0.137..993.572 rows=7770 loops=1)
              Filter: ((kind_id = 1) AND (production_year = 1912))
              Rows Removed by Filter: 2520542
Planning time: 0.753 ms
Execution time: 6746.527 ms
