Hash Join  (cost=119917.91..266723.15 rows=1988330 width=134) (actual time=2716.782..6692.411 rows=1708226 loops=1)
  Hash Cond: (mc.movie_id = t.id)
  ->  Seq Scan on movie_companies mc  (cost=0.00..44881.29 rows=2609129 width=40) (actual time=0.016..1035.214 rows=2609129 loops=1)
  ->  Hash  (cost=67604.59..67604.59 rows=1926906 width=94) (actual time=2713.695..2713.695 rows=1918028 loops=1)
        Buckets: 32768  Batches: 128  Memory Usage: 1934kB
        ->  Seq Scan on title t  (cost=0.00..67604.59 rows=1926906 width=94) (actual time=0.018..1753.642 rows=1918028 loops=1)
              Filter: (production_year > 1981)
              Rows Removed by Filter: 610284
Planning time: 0.629 ms
Execution time: 6785.974 ms
