Hash Join  (cost=67697.55..419024.74 rows=3965 width=0) (actual time=1152.261..6230.265 rows=6850 loops=1)
  Hash Cond: (mi.movie_id = t.id)
  ->  Seq Scan on movie_info mi  (cost=0.00..346232.03 rows=1348138 width=4) (actual time=138.271..4973.940 rows=1298989 loops=1)
        Filter: (info_type_id = 4)
        Rows Removed by Filter: 13536731
  ->  Hash  (cost=67604.59..67604.59 rows=7437 width=4) (actual time=1012.968..1012.968 rows=8007 loops=1)
        Buckets: 8192  Batches: 1  Memory Usage: 346kB
        ->  Seq Scan on title t  (cost=0.00..67604.59 rows=7437 width=4) (actual time=0.067..1009.050 rows=8007 loops=1)
              Filter: (production_year = 1955)
              Rows Removed by Filter: 2520305
Planning time: 2.204 ms
Execution time: 6231.614 ms
