Seq Scan on title t  (cost=0.00..73925.90 rows=160340 width=0) (actual time=0.023..1112.691 rows=149805 loops=1)
  Filter: ((kind_id < 3) AND (production_year > 2009))
  Rows Removed by Filter: 2378507
Planning time: 0.335 ms
Execution time: 1133.353 ms
