Hash Join  (cost=316233.24..1793755.24 rows=34564532 width=0) (actual time=7056.786..45924.432 rows=34434576 loops=1)
  Hash Cond: (ci.movie_id = t.id)
  ->  Seq Scan on cast_info ci  (cost=0.00..705507.15 rows=29496406 width=4) (actual time=0.012..16572.632 rows=29581322 loops=1)
        Filter: (person_id > 643531)
        Rows Removed by Filter: 6663022
  ->  Hash  (cost=267620.95..267620.95 rows=2962983 width=8) (actual time=7054.558..7054.558 rows=1416588 loops=1)
        Buckets: 131072  Batches: 64  Memory Usage: 1868kB
        ->  Hash Join  (cost=98137.04..267620.95 rows=2962983 width=8) (actual time=1989.466..6639.541 rows=1416588 loops=1)
              Hash Cond: (mk.movie_id = t.id)
              ->  Seq Scan on movie_keyword mk  (cost=0.00..81003.12 rows=4025792 width=4) (actual time=0.016..1919.021 rows=4021945 loops=1)
                    Filter: (keyword_id > 359)
                    Rows Removed by Filter: 501985
              ->  Hash  (cost=67604.59..67604.59 rows=1860996 width=4) (actual time=1987.119..1987.119 rows=1865487 loops=1)
                    Buckets: 131072  Batches: 32  Memory Usage: 3085kB
                    ->  Seq Scan on title t  (cost=0.00..67604.59 rows=1860996 width=4) (actual time=0.011..1369.837 rows=1865487 loops=1)
                          Filter: (kind_id > 1)
                          Rows Removed by Filter: 662825
Planning time: 1.016 ms
Execution time: 49699.379 ms
