Hash Join  (cost=102767.86..205880.55 rows=508281 width=0) (actual time=2043.474..4173.154 rows=506969 loops=1)
  Hash Cond: (mk.movie_id = t.id)
  ->  Seq Scan on movie_keyword mk  (cost=0.00..81003.12 rows=508281 width=4) (actual time=0.016..1370.941 rows=506969 loops=1)
        Filter: (keyword_id < 370)
        Rows Removed by Filter: 4016961
  ->  Hash  (cost=61283.27..61283.27 rows=2528527 width=4) (actual time=2042.553..2042.553 rows=2528312 loops=1)
        Buckets: 131072  Batches: 64  Memory Usage: 2425kB
        ->  Seq Scan on title t  (cost=0.00..61283.27 rows=2528527 width=4) (actual time=0.014..1163.963 rows=2528312 loops=1)
Planning time: 0.731 ms
Execution time: 4229.266 ms
