Hash Join  (cost=993365.41..1583494.73 rows=8612749 width=0) (actual time=18803.711..41121.652 rows=36742671 loops=1)
  Hash Cond: (mi.movie_id = t.id)
  ->  Seq Scan on movie_info mi  (cost=0.00..309384.22 rows=14739122 width=4) (actual time=0.020..6277.315 rows=14835720 loops=1)
  ->  Hash  (cost=969124.23..969124.23 rows=1477535 width=8) (actual time=18793.113..18793.113 rows=1494353 loops=1)
        Buckets: 131072  Batches: 32  Memory Usage: 2903kB
        ->  Hash Join  (cost=83743.23..969124.23 rows=1477535 width=8) (actual time=2327.181..18317.481 rows=1494353 loops=1)
              Hash Cond: (ci.movie_id = t.id)
              ->  Seq Scan on cast_info ci  (cost=0.00..796071.18 rows=6243858 width=4) (actual time=1010.139..12597.057 rows=7096783 loops=1)
                    Filter: ((person_id < 787351) AND (role_id < 6))
                    Rows Removed by Filter: 29147561
              ->  Hash  (cost=73925.90..73925.90 rows=598346 width=4) (actual time=1313.409..1313.409 rows=507407 loops=1)
                    Buckets: 131072  Batches: 8  Memory Usage: 3251kB
                    ->  Seq Scan on title t  (cost=0.00..73925.90 rows=598346 width=4) (actual time=0.020..1152.567 rows=507407 loops=1)
                          Filter: ((kind_id < 7) AND (production_year > 1997))
                          Rows Removed by Filter: 2020905
Planning time: 2.485 ms
Execution time: 44890.494 ms
