Hash Join  (cost=250365.47..1244984.54 rows=8730009 width=0) (actual time=5536.975..27029.807 rows=5637327 loops=1)
  Hash Cond: (ci.movie_id = t.id)
  ->  Seq Scan on cast_info ci  (cost=0.00..705507.15 rows=15311569 width=4) (actual time=0.014..13742.023 rows=15192394 loops=1)
        Filter: (person_id < 1497117)
        Rows Removed by Filter: 21051950
  ->  Hash  (cost=226712.73..226712.73 rows=1441659 width=8) (actual time=5535.069..5535.069 rows=365019 loops=1)
        Buckets: 131072  Batches: 32  Memory Usage: 1483kB
        ->  Hash Join  (cost=87146.10..226712.73 rows=1441659 width=8) (actual time=4103.910..5431.671 rows=365019 loops=1)
              Hash Cond: (mk.movie_id = t.id)
              ->  Seq Scan on movie_keyword mk  (cost=0.00..69693.30 rows=4523930 width=4) (actual time=0.019..1557.593 rows=4523930 loops=1)
              ->  Hash  (cost=73925.90..73925.90 rows=805776 width=4) (actual time=1750.678..1750.678 rows=881945 loops=1)
                    Buckets: 131072  Batches: 16  Memory Usage: 2976kB
                    ->  Seq Scan on title t  (cost=0.00..73925.90 rows=805776 width=4) (actual time=0.028..1278.690 rows=881945 loops=1)
                          Filter: ((production_year > 2001) AND (kind_id = 7))
                          Rows Removed by Filter: 1646367
Planning time: 0.778 ms
Execution time: 27637.013 ms
