Hash Join  (cost=69090.10..1070915.03 rows=888843 width=0) (actual time=1156.678..25111.041 rows=571846 loops=1)
  Hash Cond: (ci.movie_id = t.id)
  ->  Seq Scan on cast_info ci  (cost=0.00..705507.15 rows=24828094 width=4) (actual time=0.018..14954.108 rows=24856963 loops=1)
        Filter: (person_id < 2560333)
        Rows Removed by Filter: 11387381
  ->  Hash  (cost=67604.59..67604.59 rows=90521 width=4) (actual time=1155.855..1155.855 rows=90852 loops=1)
        Buckets: 131072  Batches: 2  Memory Usage: 2626kB
        ->  Seq Scan on title t  (cost=0.00..67604.59 rows=90521 width=4) (actual time=0.021..1122.351 rows=90852 loops=1)
              Filter: (kind_id = 2)
              Rows Removed by Filter: 2437460
Planning time: 0.754 ms
Execution time: 25185.720 ms
