Seq Scan on cast_info ci  (cost=0.00..796071.18 rows=6459946 width=0) (actual time=0.023..11709.351 rows=3994097 loops=1)
  Filter: ((person_id < 1415312) AND (role_id > 2))
  Rows Removed by Filter: 32250247
Planning time: 0.338 ms
Execution time: 12208.347 ms
