Hash Join  (cost=83810.17..147453.09 rows=46887 width=0) (actual time=2299.500..2981.487 rows=22243 loops=1)
  Hash Cond: (mc.movie_id = t.id)
  ->  Seq Scan on movie_companies mc  (cost=0.00..57926.93 rows=120029 width=4) (actual time=440.530..905.158 rows=54390 loops=1)
        Filter: ((company_id < 93) AND (company_type_id > 1))
        Rows Removed by Filter: 2554739
  ->  Hash  (cost=67604.59..67604.59 rows=987727 width=4) (actual time=1858.200..1858.200 rows=985048 loops=1)
        Buckets: 131072  Batches: 16  Memory Usage: 3188kB
        ->  Seq Scan on title t  (cost=0.00..67604.59 rows=987727 width=4) (actual time=0.020..1276.268 rows=985048 loops=1)
              Filter: (kind_id < 7)
              Rows Removed by Filter: 1543264
Planning time: 0.913 ms
Execution time: 2984.611 ms
