Seq Scan on cast_info ci  (cost=0.00..796071.18 rows=12094452 width=0) (actual time=88.594..14345.426 rows=13631957 loops=1)
  Filter: ((person_id < 1495180) AND (role_id < 8))
  Rows Removed by Filter: 22612387
Planning time: 7.740 ms
Execution time: 16026.208 ms
