Hash Join  (cost=102767.86..980425.66 rows=6743794 width=0) (actual time=3381.675..20448.763 rows=6679294 loops=1)
  Hash Cond: (ci.movie_id = t.id)
  ->  Seq Scan on cast_info ci  (cost=0.00..705507.15 rows=6743794 width=4) (actual time=1090.208..12238.025 rows=6679294 loops=1)
        Filter: (person_id < 644979)
        Rows Removed by Filter: 29565050
  ->  Hash  (cost=61283.27..61283.27 rows=2528527 width=4) (actual time=2264.977..2264.977 rows=2528312 loops=1)
        Buckets: 131072  Batches: 64  Memory Usage: 2415kB
        ->  Seq Scan on title t  (cost=0.00..61283.27 rows=2528527 width=4) (actual time=0.013..1149.980 rows=2528312 loops=1)
Planning time: 0.756 ms
Execution time: 21180.825 ms
