Hash Join  (cost=96206.82..463034.73 rows=217198 width=0) (actual time=1538.582..9016.105 rows=152103 loops=1)
  Hash Cond: (mi.movie_id = t.id)
  ->  Seq Scan on movie_info mi  (cost=0.00..309384.22 rows=14739122 width=4) (actual time=0.010..4144.825 rows=14835720 loops=1)
  ->  Hash  (cost=95741.05..95741.05 rows=37261 width=8) (actual time=1538.164..1538.164 rows=13683 loops=1)
        Buckets: 65536  Batches: 1  Memory Usage: 1047kB
        ->  Hash Join  (cost=68457.96..95741.05 rows=37261 width=8) (actual time=963.790..1533.120 rows=13683 loops=1)
              Hash Cond: (mi_idx.movie_id = t.id)
              ->  Seq Scan on movie_info_idx mi_idx  (cost=0.00..21735.35 rows=1380035 width=4) (actual time=0.009..330.335 rows=1380035 loops=1)
              ->  Hash  (cost=67604.59..67604.59 rows=68270 width=4) (actual time=878.600..878.600 rows=67517 loops=1)
                    Buckets: 131072  Batches: 1  Memory Usage: 3398kB
                    ->  Seq Scan on title t  (cost=0.00..67604.59 rows=68270 width=4) (actual time=182.657..854.249 rows=67517 loops=1)
                          Filter: (production_year < 1916)
                          Rows Removed by Filter: 2460795
Planning time: 0.773 ms
Execution time: 9037.499 ms
