Hash Join  (cost=78930.19..586723.49 rows=3034441 width=0) (actual time=1468.196..15562.006 rows=4260407 loops=1)
  Hash Cond: (mi.movie_id = t.id)
  ->  Seq Scan on movie_info mi  (cost=0.00..346232.03 rows=11115165 width=4) (actual time=0.012..6927.229 rows=11210743 loops=1)
        Filter: (info_type_id > 3)
        Rows Removed by Filter: 3624977
  ->  Hash  (cost=67604.59..67604.59 rows=690288 width=4) (actual time=1466.978..1466.978 rows=684146 loops=1)
        Buckets: 131072  Batches: 16  Memory Usage: 2532kB
        ->  Seq Scan on title t  (cost=0.00..67604.59 rows=690288 width=4) (actual time=0.012..1236.006 rows=684146 loops=1)
              Filter: (production_year < 1990)
              Rows Removed by Filter: 1844166
Planning time: 0.742 ms
Execution time: 16105.104 ms
