Seq Scan on movie_keyword mk  (cost=0.00..81003.12 rows=3054620 width=0) (actual time=0.043..1419.862 rows=3042684 loops=1)
  Filter: (keyword_id < 11065)
  Rows Removed by Filter: 1481246
Planning time: 0.299 ms
Execution time: 1805.132 ms
