Hash Join  (cost=78930.19..434630.25 rows=129297 width=0) (actual time=3846.741..6949.245 rows=176981 loops=1)
  Hash Cond: (mi.movie_id = t.id)
  ->  Seq Scan on movie_info mi  (cost=0.00..346232.03 rows=473617 width=4) (actual time=2442.225..5221.422 rows=486554 loops=1)
        Filter: (info_type_id = 5)
        Rows Removed by Filter: 14349166
  ->  Hash  (cost=67604.59..67604.59 rows=690288 width=4) (actual time=1398.621..1398.621 rows=684146 loops=1)
        Buckets: 131072  Batches: 16  Memory Usage: 2532kB
        ->  Seq Scan on title t  (cost=0.00..67604.59 rows=690288 width=4) (actual time=0.031..1172.282 rows=684146 loops=1)
              Filter: (production_year < 1990)
              Rows Removed by Filter: 1844166
Planning time: 0.745 ms
Execution time: 6968.386 ms
