Hash Join  (cost=120142.84..503679.91 rows=138231 width=0) (actual time=4581.866..10504.586 rows=717189 loops=1)
  Hash Cond: (mi.movie_id = t.id)
  ->  Seq Scan on movie_info mi  (cost=0.00..346232.03 rows=3068194 width=4) (actual time=415.955..5970.806 rows=3036719 loops=1)
        Filter: (info_type_id = 16)
        Rows Removed by Filter: 11799001
  ->  Hash  (cost=118273.87..118273.87 rows=113918 width=8) (actual time=2814.279..2814.279 rows=204010 loops=1)
        Buckets: 131072 (originally 131072)  Batches: 4 (originally 2)  Memory Usage: 3073kB
        ->  Hash Join  (cost=84177.58..118273.87 rows=113918 width=8) (actual time=1902.914..2739.389 rows=204010 loops=1)
              Hash Cond: (mi_idx.movie_id = t.id)
              ->  Seq Scan on movie_info_idx mi_idx  (cost=0.00..25185.44 rows=460978 width=4) (actual time=0.026..449.067 rows=459925 loops=1)
                    Filter: (info_type_id < 100)
                    Rows Removed by Filter: 920110
              ->  Hash  (cost=73925.90..73925.90 rows=624854 width=4) (actual time=1902.103..1902.103 rows=563414 loops=1)
                    Buckets: 131072  Batches: 16  Memory Usage: 2259kB
                    ->  Seq Scan on title t  (cost=0.00..73925.90 rows=624854 width=4) (actual time=0.028..1271.748 rows=563414 loops=1)
                          Filter: ((production_year > 1921) AND (kind_id = 1))
                          Rows Removed by Filter: 1964898
Planning time: 1.225 ms
Execution time: 10588.011 ms
