Hash Join  (cost=138304.79..236268.25 rows=192210 width=0) (actual time=4144.545..4995.241 rows=167319 loops=1)
  Hash Cond: (mk.movie_id = t.id)
  ->  Seq Scan on movie_keyword mk  (cost=0.00..81003.12 rows=1158728 width=4) (actual time=0.020..1430.964 rows=1171969 loops=1)
        Filter: (keyword_id > 15905)
        Rows Removed by Filter: 3351961
  ->  Hash  (cost=131422.88..131422.88 rows=419433 width=8) (actual time=2748.530..2748.530 rows=202476 loops=1)
        Buckets: 131072  Batches: 8  Memory Usage: 2010kB
        ->  Hash Join  (cost=86534.07..131422.88 rows=419433 width=8) (actual time=1904.459..2698.292 rows=202476 loops=1)
              Hash Cond: (mi_idx.movie_id = t.id)
              ->  Seq Scan on movie_info_idx mi_idx  (cost=0.00..21735.35 rows=1380035 width=4) (actual time=0.019..407.414 rows=1380035 loops=1)
              ->  Hash  (cost=73925.90..73925.90 rows=768493 width=4) (actual time=1561.760..1561.760 rows=840010 loops=1)
                    Buckets: 131072  Batches: 16  Memory Usage: 2877kB
                    ->  Seq Scan on title t  (cost=0.00..73925.90 rows=768493 width=4) (actual time=293.799..1304.093 rows=840010 loops=1)
                          Filter: ((production_year > 2002) AND (kind_id = 7))
                          Rows Removed by Filter: 1688302
Planning time: 1.119 ms
Execution time: 5016.347 ms
