Hash Join  (cost=365418.15..1915955.50 rows=38260728 width=0) (actual time=8966.058..61503.810 rows=101221413 loops=1)
  Hash Cond: (ci.movie_id = t.id)
  ->  Seq Scan on cast_info ci  (cost=0.00..796071.18 rows=21384788 width=4) (actual time=406.432..18171.356 rows=20286621 loops=1)
        Filter: ((person_id < 3456506) AND (role_id > 1))
        Rows Removed by Filter: 15957723
  ->  Hash  (cost=291197.02..291197.02 rows=4523930 width=8) (actual time=8558.289..8558.289 rows=4523930 loops=1)
        Buckets: 131072  Batches: 64  Memory Usage: 3816kB
        ->  Hash Join  (cost=102767.86..291197.02 rows=4523930 width=8) (actual time=2090.451..7281.675 rows=4523930 loops=1)
              Hash Cond: (mk.movie_id = t.id)
              ->  Seq Scan on movie_keyword mk  (cost=0.00..69693.30 rows=4523930 width=4) (actual time=0.036..1480.825 rows=4523930 loops=1)
              ->  Hash  (cost=61283.27..61283.27 rows=2528527 width=4) (actual time=2089.055..2089.055 rows=2528312 loops=1)
                    Buckets: 131072  Batches: 64  Memory Usage: 2425kB
                    ->  Seq Scan on title t  (cost=0.00..61283.27 rows=2528527 width=4) (actual time=0.015..1208.196 rows=2528312 loops=1)
Planning time: 1.128 ms
Execution time: 72593.319 ms
