Hash Join  (cost=92735.26..486364.95 rows=1329458 width=0) (actual time=1687.366..10112.752 rows=1225128 loops=1)
  Hash Cond: (mi.movie_id = t.id)
  ->  Seq Scan on movie_info mi  (cost=0.00..346232.03 rows=2194617 width=4) (actual time=0.019..5577.198 rows=2233850 loops=1)
        Filter: (info_type_id > 16)
        Rows Removed by Filter: 12601870
  ->  Hash  (cost=67604.59..67604.59 rows=1531734 width=4) (actual time=1686.143..1686.143 rows=1531613 loops=1)
        Buckets: 131072  Batches: 32  Memory Usage: 2716kB
        ->  Seq Scan on title t  (cost=0.00..67604.59 rows=1531734 width=4) (actual time=0.023..1165.799 rows=1531613 loops=1)
              Filter: (production_year > 1997)
              Rows Removed by Filter: 996699
Planning time: 1.690 ms
Execution time: 10250.771 ms
