Hash Join  (cost=78556.72..202925.51 rows=757612 width=0) (actual time=1288.223..5241.211 rows=1846409 loops=1)
  Hash Cond: (mk.movie_id = t.id)
  ->  Seq Scan on movie_keyword mk  (cost=0.00..81003.12 rows=2869743 width=4) (actual time=0.015..1620.181 rows=2860951 loops=1)
        Filter: (keyword_id < 8785)
        Rows Removed by Filter: 1662979
  ->  Hash  (cost=67604.59..67604.59 rows=667531 width=4) (actual time=1287.568..1287.568 rows=662825 loops=1)
        Buckets: 131072  Batches: 16  Memory Usage: 2486kB
        ->  Seq Scan on title t  (cost=0.00..67604.59 rows=667531 width=4) (actual time=0.014..1085.591 rows=662825 loops=1)
              Filter: (kind_id = 1)
              Rows Removed by Filter: 1865487
Planning time: 9.423 ms
Execution time: 5458.024 ms
