Hash Join  (cost=76444.38..434756.60 rows=57260 width=0) (actual time=1737.340..7297.050 rows=111398 loops=1)
  Hash Cond: (mi.movie_id = t.id)
  ->  Seq Scan on movie_info mi  (cost=0.00..346232.03 rows=943358 width=4) (actual time=329.403..5650.863 rows=978723 loops=1)
        Filter: (info_type_id > 90)
        Rows Removed by Filter: 13856997
  ->  Hash  (cost=73925.90..73925.90 rows=153478 width=4) (actual time=1195.758..1195.758 rows=134760 loops=1)
        Buckets: 131072  Batches: 4  Memory Usage: 2222kB
        ->  Seq Scan on title t  (cost=0.00..73925.90 rows=153478 width=4) (actual time=0.098..1146.692 rows=134760 loops=1)
              Filter: ((kind_id < 7) AND (production_year > 2010))
              Rows Removed by Filter: 2393552
Planning time: 1.005 ms
Execution time: 7311.617 ms
