Hash Join  (cost=172271.60..304802.95 rows=864232 width=0) (actual time=3574.572..7079.943 rows=949179 loops=1)
  Hash Cond: (mk.movie_id = t.id)
  ->  Seq Scan on movie_keyword mk  (cost=0.00..69693.30 rows=4523930 width=4) (actual time=0.016..1464.386 rows=4523930 loops=1)
  ->  Hash  (cost=164346.61..164346.61 rows=483039 width=8) (actual time=3572.735..3572.735 rows=260375 loops=1)
        Buckets: 131072  Batches: 8  Memory Usage: 2304kB
        ->  Hash Join  (cost=89586.92..164346.61 rows=483039 width=8) (actual time=1755.862..3487.801 rows=260375 loops=1)
              Hash Cond: (mc.movie_id = t.id)
              ->  Seq Scan on movie_companies mc  (cost=0.00..51404.11 rows=1279517 width=4) (actual time=122.331..981.570 rows=1274246 loops=1)
                    Filter: (company_type_id = 1)
                    Rows Removed by Filter: 1334883
              ->  Hash  (cost=73925.90..73925.90 rows=954561 width=4) (actual time=1632.264..1632.264 rows=873022 loops=1)
                    Buckets: 131072  Batches: 16  Memory Usage: 2945kB
                    ->  Seq Scan on title t  (cost=0.00..73925.90 rows=954561 width=4) (actual time=0.036..1353.659 rows=873022 loops=1)
                          Filter: ((kind_id > 3) AND (production_year < 2006))
                          Rows Removed by Filter: 1655290
Planning time: 1.131 ms
Execution time: 7196.402 ms
