Hash Join  (cost=102767.86..1200004.52 rows=12105445 width=0) (actual time=2198.769..25141.130 rows=10372513 loops=1)
  Hash Cond: (ci.movie_id = t.id)
  ->  Seq Scan on cast_info ci  (cost=0.00..796071.18 rows=12105445 width=4) (actual time=183.890..14423.792 rows=10372513 loops=1)
        Filter: ((person_id > 2258330) AND (role_id < 10))
        Rows Removed by Filter: 25871831
  ->  Hash  (cost=61283.27..61283.27 rows=2528527 width=4) (actual time=2013.034..2013.034 rows=2528312 loops=1)
        Buckets: 131072  Batches: 64  Memory Usage: 2415kB
        ->  Seq Scan on title t  (cost=0.00..61283.27 rows=2528527 width=4) (actual time=0.014..1152.971 rows=2528312 loops=1)
Planning time: 0.745 ms
Execution time: 26351.193 ms
