Seq Scan on cast_info ci  (cost=0.00..796071.18 rows=543989 width=0) (actual time=1782.315..10670.169 rows=174436 loops=1)
  Filter: ((person_id < 392902) AND (role_id > 9))
  Rows Removed by Filter: 36069908
Planning time: 0.327 ms
Execution time: 10692.991 ms
