Hash Join  (cost=132887.71..497750.40 rows=20676 width=0) (actual time=2508.215..8699.791 rows=69945 loops=1)
  Hash Cond: (mi.movie_id = t.id)
  ->  Seq Scan on movie_info mi  (cost=0.00..309384.22 rows=14739122 width=4) (actual time=0.020..3668.067 rows=14835720 loops=1)
  ->  Hash  (cost=132843.37..132843.37 rows=3547 width=8) (actual time=2051.543..2051.543 rows=6874 loops=1)
        Buckets: 8192 (originally 4096)  Batches: 1 (originally 1)  Memory Usage: 333kB
        ->  Hash Join  (cost=73982.55..132843.37 rows=3547 width=8) (actual time=1275.817..2049.487 rows=6874 loops=1)
              Hash Cond: (mc.movie_id = t.id)
              ->  Seq Scan on movie_companies mc  (cost=0.00..51404.11 rows=1978996 width=4) (actual time=0.020..671.147 rows=1975012 loops=1)
                    Filter: (company_id < 58562)
                    Rows Removed by Filter: 634117
              ->  Hash  (cost=73925.90..73925.90 rows=4532 width=4) (actual time=1113.689..1113.689 rows=8818 loops=1)
                    Buckets: 16384 (originally 8192)  Batches: 1 (originally 1)  Memory Usage: 439kB
                    ->  Seq Scan on title t  (cost=0.00..73925.90 rows=4532 width=4) (actual time=0.017..1105.700 rows=8818 loops=1)
                          Filter: ((kind_id = 7) AND (production_year = 1967))
                          Rows Removed by Filter: 2519494
Planning time: 1.251 ms
Execution time: 8709.166 ms
