Hash Join  (cost=161860.15..546894.52 rows=128442 width=0) (actual time=3384.463..10470.728 rows=57541 loops=1)
  Hash Cond: (mi.movie_id = t.id)
  ->  Seq Scan on movie_info mi  (cost=0.00..346232.03 rows=7503588 width=4) (actual time=334.956..6070.482 rows=7548855 loops=1)
        Filter: (info_type_id > 7)
        Rows Removed by Filter: 7286865
  ->  Hash  (cost=161319.14..161319.14 rows=43281 width=8) (actual time=3045.345..3045.345 rows=9520 loops=1)
        Buckets: 65536  Batches: 1  Memory Usage: 884kB
        ->  Hash Join  (cost=74228.29..161319.14 rows=43281 width=8) (actual time=1705.623..3041.952 rows=9520 loops=1)
              Hash Cond: (mk.movie_id = t.id)
              ->  Seq Scan on movie_keyword mk  (cost=0.00..69693.30 rows=4523930 width=4) (actual time=0.025..1002.412 rows=4523930 loops=1)
              ->  Hash  (cost=73925.90..73925.90 rows=24191 width=4) (actual time=1169.014..1169.014 rows=24602 loops=1)
                    Buckets: 32768  Batches: 1  Memory Usage: 1121kB
                    ->  Seq Scan on title t  (cost=0.00..73925.90 rows=24191 width=4) (actual time=162.389..1158.365 rows=24602 loops=1)
                          Filter: ((kind_id = 7) AND (production_year = 1995))
                          Rows Removed by Filter: 2503710
Planning time: 1.228 ms
Execution time: 10482.711 ms
