Hash Join  (cost=482935.29..1645925.51 rows=12575800 width=0) (actual time=9061.873..48562.529 rows=39387157 loops=1)
  Hash Cond: (ci.movie_id = t.id)
  ->  Seq Scan on cast_info ci  (cost=0.00..614943.12 rows=36225612 width=4) (actual time=0.015..13178.051 rows=36244344 loops=1)
  ->  Hash  (cost=468533.99..468533.99 rows=877784 width=8) (actual time=9060.829..9060.829 rows=743920 loops=1)
        Buckets: 131072  Batches: 16  Memory Usage: 2851kB
        ->  Hash Join  (cost=84197.31..468533.99 rows=877784 width=8) (actual time=2896.399..8848.386 rows=743920 loops=1)
              Hash Cond: (mi.movie_id = t.id)
              ->  Seq Scan on movie_info mi  (cost=0.00..346232.03 rows=2194617 width=4) (actual time=1299.812..5844.947 rows=2233850 loops=1)
                    Filter: (info_type_id > 16)
                    Rows Removed by Filter: 12601870
              ->  Hash  (cost=67604.59..67604.59 rows=1011338 width=4) (actual time=1580.007..1580.007 rows=1012920 loops=1)
                    Buckets: 131072  Batches: 16  Memory Usage: 3256kB
                    ->  Seq Scan on title t  (cost=0.00..67604.59 rows=1011338 width=4) (actual time=0.022..1250.929 rows=1012920 loops=1)
                          Filter: (production_year > 2005)
                          Rows Removed by Filter: 1515392
Planning time: 0.784 ms
Execution time: 52858.176 ms
