Hash Join  (cost=91219.03..1204548.88 rows=8297740 width=0) (actual time=1673.818..32629.091 rows=8823443 loops=1)
  Hash Cond: (ci.movie_id = t.id)
  ->  Seq Scan on cast_info ci  (cost=0.00..796071.18 rows=19905939 width=4) (actual time=0.032..17699.567 rows=17958876 loops=1)
        Filter: ((person_id < 3090387) AND (role_id > 1))
        Rows Removed by Filter: 18285468
  ->  Hash  (cost=73925.90..73925.90 rows=1054010 width=4) (actual time=1672.754..1672.754 rows=1148948 loops=1)
        Buckets: 131072  Batches: 16  Memory Usage: 3556kB
        ->  Seq Scan on title t  (cost=0.00..73925.90 rows=1054010 width=4) (actual time=0.010..1324.941 rows=1148948 loops=1)
              Filter: ((production_year > 1991) AND (kind_id = 7))
              Rows Removed by Filter: 1379364
Planning time: 0.787 ms
Execution time: 33673.858 ms
