Hash Join  (cost=364654.60..1162552.32 rows=24631308 width=0) (actual time=8318.806..69188.899 rows=218391969 loops=1)
  Hash Cond: (mi.movie_id = t.id)
  ->  Seq Scan on movie_info mi  (cost=0.00..309384.22 rows=14739122 width=4) (actual time=0.019..5752.048 rows=14835720 loops=1)
  ->  Hash  (cost=295328.20..295328.20 rows=4225552 width=8) (actual time=8316.370..8316.370 rows=4229473 loops=1)
        Buckets: 131072  Batches: 64  Memory Usage: 3708kB
        ->  Hash Join  (cost=102767.86..295328.20 rows=4225552 width=8) (actual time=1816.815..7214.791 rows=4229473 loops=1)
              Hash Cond: (mk.movie_id = t.id)
              ->  Seq Scan on movie_keyword mk  (cost=0.00..81003.12 rows=4225552 width=4) (actual time=0.014..1798.468 rows=4229473 loops=1)
                    Filter: (keyword_id < 54672)
                    Rows Removed by Filter: 294457
              ->  Hash  (cost=61283.27..61283.27 rows=2528527 width=4) (actual time=1814.656..1814.656 rows=2528312 loops=1)
                    Buckets: 131072  Batches: 64  Memory Usage: 2425kB
                    ->  Seq Scan on title t  (cost=0.00..61283.27 rows=2528527 width=4) (actual time=0.012..963.816 rows=2528312 loops=1)
Planning time: 0.796 ms
Execution time: 92646.744 ms
