Hash Join  (cost=83810.17..150128.64 rows=114416 width=0) (actual time=2044.037..3385.002 rows=418323 loops=1)
  Hash Cond: (mc.movie_id = t.id)
  ->  Seq Scan on movie_companies mc  (cost=0.00..57926.93 rows=292898 width=4) (actual time=198.634..933.429 rows=578114 loops=1)
        Filter: ((company_id > 71101) AND (company_type_id > 1))
        Rows Removed by Filter: 2031015
  ->  Hash  (cost=67604.59..67604.59 rows=987727 width=4) (actual time=1844.170..1844.170 rows=985048 loops=1)
        Buckets: 131072  Batches: 16  Memory Usage: 3188kB
        ->  Seq Scan on title t  (cost=0.00..67604.59 rows=987727 width=4) (actual time=0.027..1211.282 rows=985048 loops=1)
              Filter: (kind_id < 7)
              Rows Removed by Filter: 1543264
Planning time: 0.768 ms
Execution time: 3436.104 ms
