Seq Scan on cast_info ci  (cost=0.00..705507.15 rows=1359104 width=0) (actual time=467.757..9546.667 rows=1269048 loops=1)
  Filter: (person_id < 127529)
  Rows Removed by Filter: 34975296
Planning time: 0.307 ms
Execution time: 9697.662 ms
