Hash Join  (cost=78483.93..161020.14 rows=3876 width=0) (actual time=1334.393..2782.062 rows=19676 loops=1)
  Hash Cond: (mk.movie_id = t.id)
  ->  Seq Scan on movie_keyword mk  (cost=0.00..81003.12 rows=35287 width=4) (actual time=0.031..1340.694 rows=29440 loops=1)
        Filter: (keyword_id = 359)
        Rows Removed by Filter: 4494490
  ->  Hash  (cost=73925.90..73925.90 rows=277762 width=4) (actual time=1333.172..1333.172 rows=394383 loops=1)
        Buckets: 131072 (originally 131072)  Batches: 8 (originally 4)  Memory Usage: 3073kB
        ->  Seq Scan on title t  (cost=0.00..73925.90 rows=277762 width=4) (actual time=0.028..1204.007 rows=394383 loops=1)
              Filter: ((kind_id < 3) AND (production_year < 1998))
              Rows Removed by Filter: 2133929
Planning time: 0.694 ms
Execution time: 2784.694 ms
