Hash Join  (cost=102767.86..216360.20 rows=943829 width=0) (actual time=1977.136..4739.615 rows=946324 loops=1)
  Hash Cond: (mk.movie_id = t.id)
  ->  Seq Scan on movie_keyword mk  (cost=0.00..81003.12 rows=943829 width=4) (actual time=0.014..1473.406 rows=946324 loops=1)
        Filter: (keyword_id < 889)
        Rows Removed by Filter: 3577606
  ->  Hash  (cost=61283.27..61283.27 rows=2528527 width=4) (actual time=1974.754..1974.754 rows=2528312 loops=1)
        Buckets: 131072  Batches: 64  Memory Usage: 2425kB
        ->  Seq Scan on title t  (cost=0.00..61283.27 rows=2528527 width=4) (actual time=0.016..1103.202 rows=2528312 loops=1)
Planning time: 0.682 ms
Execution time: 4852.109 ms
