Hash Join  (cost=102767.86..989263.20 rows=7111027 width=0) (actual time=3816.911..21329.300 rows=7178665 loops=1)
  Hash Cond: (ci.movie_id = t.id)
  ->  Seq Scan on cast_info ci  (cost=0.00..705507.15 rows=7111027 width=4) (actual time=1776.029..12627.717 rows=7178665 loops=1)
        Filter: (person_id > 2949959)
        Rows Removed by Filter: 29065679
  ->  Hash  (cost=61283.27..61283.27 rows=2528527 width=4) (actual time=2038.572..2038.572 rows=2528312 loops=1)
        Buckets: 131072  Batches: 64  Memory Usage: 2415kB
        ->  Seq Scan on title t  (cost=0.00..61283.27 rows=2528527 width=4) (actual time=0.027..1187.381 rows=2528312 loops=1)
Planning time: 0.676 ms
Execution time: 22124.563 ms
