Hash Join  (cost=173680.59..306824.50 rows=914488 width=0) (actual time=3789.092..7013.470 rows=269094 loops=1)
  Hash Cond: (mk.movie_id = t.id)
  ->  Seq Scan on movie_keyword mk  (cost=0.00..69693.30 rows=4523930 width=4) (actual time=0.013..1483.170 rows=4523930 loops=1)
  ->  Hash  (cost=165294.49..165294.49 rows=511128 width=8) (actual time=3787.293..3787.293 rows=110303 loops=1)
        Buckets: 131072  Batches: 8  Memory Usage: 1571kB
        ->  Hash Join  (cost=88257.79..165294.49 rows=511128 width=8) (actual time=1844.705..3750.710 rows=110303 loops=1)
              Hash Cond: (mc.movie_id = t.id)
              ->  Seq Scan on movie_companies mc  (cost=0.00..51404.11 rows=1479547 width=4) (actual time=71.054..1068.043 rows=1483120 loops=1)
                    Filter: (company_id > 8079)
                    Rows Removed by Filter: 1126009
              ->  Hash  (cost=73925.90..73925.90 rows=873511 width=4) (actual time=1772.213..1772.213 rows=957299 loops=1)
                    Buckets: 131072  Batches: 16  Memory Usage: 3134kB
                    ->  Seq Scan on title t  (cost=0.00..73925.90 rows=873511 width=4) (actual time=54.802..1471.823 rows=957299 loops=1)
                          Filter: ((production_year > 1999) AND (kind_id = 7))
                          Rows Removed by Filter: 1571013
Planning time: 1.128 ms
Execution time: 7041.168 ms
