Seq Scan on cast_info ci  (cost=0.00..705507.15 rows=500 width=0) (actual time=6680.778..11180.897 rows=43 loops=1)
  Filter: (person_id = 330575)
  Rows Removed by Filter: 36244301
Planning time: 0.321 ms
Execution time: 11180.987 ms
