Hash Join  (cost=134706.73..886821.99 rows=132609 width=0) (actual time=2242.893..19158.377 rows=271763 loops=1)
  Hash Cond: (ci.movie_id = t.id)
  ->  Seq Scan on cast_info ci  (cost=0.00..614943.12 rows=36225612 width=4) (actual time=0.010..9104.594 rows=36244344 loops=1)
  ->  Hash  (cost=134591.03..134591.03 rows=9256 width=8) (actual time=2242.339..2242.339 rows=6854 loops=1)
        Buckets: 16384  Batches: 1  Memory Usage: 396kB
        ->  Hash Join  (cost=74440.79..134591.03 rows=9256 width=8) (actual time=1370.272..2239.614 rows=6854 loops=1)
              Hash Cond: (mc.movie_id = t.id)
              ->  Seq Scan on movie_companies mc  (cost=0.00..57926.93 rows=568199 width=4) (actual time=297.749..982.455 rows=777832 loops=1)
                    Filter: ((company_id < 9174) AND (company_type_id < 2))
                    Rows Removed by Filter: 1831297
              ->  Hash  (cost=73925.90..73925.90 rows=41191 width=4) (actual time=1071.335..1071.335 rows=43851 loops=1)
                    Buckets: 65536  Batches: 1  Memory Usage: 2054kB
                    ->  Seq Scan on title t  (cost=0.00..73925.90 rows=41191 width=4) (actual time=0.024..1053.279 rows=43851 loops=1)
                          Filter: ((kind_id = 7) AND (production_year = 2003))
                          Rows Removed by Filter: 2484461
Planning time: 0.950 ms
Execution time: 19198.365 ms
