Hash Join  (cost=925396.09..966947.98 rows=224941 width=0) (actual time=14763.310..16813.957 rows=1868658 loops=1)
  Hash Cond: (mi_idx.movie_id = t.id)
  ->  Seq Scan on movie_info_idx mi_idx  (cost=0.00..21735.35 rows=1380035 width=4) (actual time=0.028..454.975 rows=1380035 loops=1)
  ->  Hash  (cost=918634.33..918634.33 rows=412141 width=8) (actual time=14762.371..14762.371 rows=1249163 loops=1)
        Buckets: 131072 (originally 131072)  Batches: 32 (originally 8)  Memory Usage: 4054kB
        ->  Hash Join  (cost=102767.86..918634.33 rows=412141 width=8) (actual time=5801.443..14410.709 rows=1249163 loops=1)
              Hash Cond: (ci.movie_id = t.id)
              ->  Seq Scan on cast_info ci  (cost=0.00..796071.18 rows=412141 width=4) (actual time=3838.713..11060.729 rows=1249163 loops=1)
                    Filter: ((person_id > 3820090) AND (role_id > 3))
                    Rows Removed by Filter: 34995181
              ->  Hash  (cost=61283.27..61283.27 rows=2528527 width=4) (actual time=1961.124..1961.124 rows=2528312 loops=1)
                    Buckets: 131072  Batches: 64  Memory Usage: 2415kB
                    ->  Seq Scan on title t  (cost=0.00..61283.27 rows=2528527 width=4) (actual time=0.017..1116.395 rows=2528312 loops=1)
Planning time: 1.144 ms
Execution time: 17046.262 ms
