Hash Join  (cost=208332.58..776765.19 rows=8305968 width=0) (actual time=4888.295..25385.078 rows=31523973 loops=1)
  Hash Cond: (mi.movie_id = t.id)
  ->  Seq Scan on movie_info mi  (cost=0.00..309384.22 rows=14739122 width=4) (actual time=0.023..6229.450 rows=14835720 loops=1)
  ->  Hash  (cost=184954.26..184954.26 rows=1424906 width=8) (actual time=4885.822..4885.822 rows=1170186 loops=1)
        Buckets: 131072  Batches: 32  Memory Usage: 2480kB
        ->  Hash Join  (cost=90260.67..184954.26 rows=1424906 width=8) (actual time=1783.014..4552.524 rows=1170186 loops=1)
              Hash Cond: (mc.movie_id = t.id)
              ->  Seq Scan on movie_companies mc  (cost=0.00..44881.29 rows=2609129 width=4) (actual time=0.023..896.788 rows=2609129 loops=1)
              ->  Hash  (cost=67604.59..67604.59 rows=1380887 width=4) (actual time=1781.085..1781.085 rows=1381453 loops=1)
                    Buckets: 131072  Batches: 32  Memory Usage: 2543kB
                    ->  Seq Scan on title t  (cost=0.00..67604.59 rows=1380887 width=4) (actual time=0.011..1336.514 rows=1381453 loops=1)
                          Filter: (production_year > 2000)
                          Rows Removed by Filter: 1146859
Planning time: 1.065 ms
Execution time: 28753.520 ms
