Hash Join  (cost=74574.97..887144.86 rows=85659 width=0) (actual time=4391.895..18490.476 rows=90341 loops=1)
  Hash Cond: (ci.movie_id = t.id)
  ->  Seq Scan on cast_info ci  (cost=0.00..796071.18 rows=4171234 width=4) (actual time=3155.100..15936.953 rows=4279873 loops=1)
        Filter: ((person_id > 118118) AND (role_id = 10))
        Rows Removed by Filter: 31964471
  ->  Hash  (cost=73925.90..73925.90 rows=51925 width=4) (actual time=1235.921..1235.921 rows=56480 loops=1)
        Buckets: 65536  Batches: 1  Memory Usage: 2498kB
        ->  Seq Scan on title t  (cost=0.00..73925.90 rows=51925 width=4) (actual time=0.046..1213.062 rows=56480 loops=1)
              Filter: ((kind_id = 7) AND (production_year = 2004))
              Rows Removed by Filter: 2471832
Planning time: 1.243 ms
Execution time: 18503.459 ms
