Hash Join  (cost=274807.04..1685970.46 rows=32326422 width=0) (actual time=6501.338..62879.185 rows=100212460 loops=1)
  Hash Cond: (ci.movie_id = t.id)
  ->  Seq Scan on cast_info ci  (cost=0.00..614943.12 rows=36225612 width=4) (actual time=0.014..13879.193 rows=36244344 loops=1)
  ->  Hash  (cost=237788.46..237788.46 rows=2256366 width=8) (actual time=6500.219..6500.219 rows=1727725 loops=1)
        Buckets: 131072  Batches: 32  Memory Usage: 3196kB
        ->  Hash Join  (cost=88295.76..237788.46 rows=2256366 width=8) (actual time=1619.366..6014.784 rows=1727725 loops=1)
              Hash Cond: (mk.movie_id = t.id)
              ->  Seq Scan on movie_keyword mk  (cost=0.00..69693.30 rows=4523930 width=4) (actual time=0.015..1497.547 rows=4523930 loops=1)
              ->  Hash  (cost=67604.59..67604.59 rows=1261134 width=4) (actual time=1618.098..1618.098 rows=1260295 loops=1)
                    Buckets: 131072  Batches: 32  Memory Usage: 2421kB
                    ->  Seq Scan on title t  (cost=0.00..67604.59 rows=1261134 width=4) (actual time=0.022..1198.530 rows=1260295 loops=1)
                          Filter: (production_year > 2002)
                          Rows Removed by Filter: 1268017
Planning time: 0.989 ms
Execution time: 74107.948 ms
