Seq Scan on movie_keyword mk  (cost=0.00..81003.12 rows=2676956 width=0) (actual time=0.034..1436.277 rows=2672350 loops=1)
  Filter: (keyword_id < 7476)
  Rows Removed by Filter: 1851580
Planning time: 20.313 ms
Execution time: 1764.907 ms
