Hash Join  (cost=180333.18..221886.69 rows=225003 width=0) (actual time=4100.881..5491.344 rows=917293 loops=1)
  Hash Cond: (mi_idx.movie_id = t.id)
  ->  Seq Scan on movie_info_idx mi_idx  (cost=0.00..21735.35 rows=1380035 width=4) (actual time=0.031..419.422 rows=1380035 loops=1)
  ->  Hash  (cost=173569.01..173569.01 rows=412254 width=8) (actual time=4099.916..4099.916 rows=645624 loops=1)
        Buckets: 131072 (originally 131072)  Batches: 16 (originally 8)  Memory Usage: 3073kB
        ->  Hash Join  (cost=97066.09..173569.01 rows=412254 width=8) (actual time=1858.773..3903.036 rows=645624 loops=1)
              Hash Cond: (mc.movie_id = t.id)
              ->  Seq Scan on movie_companies mc  (cost=0.00..57926.93 rows=580489 width=4) (actual time=0.021..1050.994 rows=866561 loops=1)
                    Filter: ((company_id > 13165) AND (company_type_id > 1))
                    Rows Removed by Filter: 1742568
              ->  Hash  (cost=67604.59..67604.59 rows=1795720 width=4) (actual time=1857.558..1857.558 rows=1794153 loops=1)
                    Buckets: 131072  Batches: 32  Memory Usage: 2992kB
                    ->  Seq Scan on title t  (cost=0.00..67604.59 rows=1795720 width=4) (actual time=0.019..1291.949 rows=1794153 loops=1)
                          Filter: (production_year < 2009)
                          Rows Removed by Filter: 734159
Planning time: 1.177 ms
Execution time: 5589.594 ms
