Hash Join  (cost=98321.28..670610.18 rows=8667397 width=0) (actual time=1801.255..17120.957 rows=4051861 loops=1)
  Hash Cond: (mi.movie_id = t.id)
  ->  Seq Scan on movie_info mi  (cost=0.00..309384.22 rows=14739122 width=4) (actual time=0.011..5970.543 rows=14835720 loops=1)
  ->  Hash  (cost=73925.90..73925.90 rows=1486910 width=4) (actual time=1800.296..1800.296 rows=1490873 loops=1)
        Buckets: 131072  Batches: 32  Memory Usage: 2669kB
        ->  Seq Scan on title t  (cost=0.00..73925.90 rows=1486910 width=4) (actual time=0.021..1325.146 rows=1490873 loops=1)
              Filter: ((kind_id > 4) AND (production_year > 1912))
              Rows Removed by Filter: 1037439
Planning time: 2.022 ms
Execution time: 17612.254 ms
