Seq Scan on movie_companies mc  (cost=0.00..57926.93 rows=502425 width=0) (actual time=115.173..931.114 rows=294289 loops=1)
  Filter: ((company_id < 4534) AND (company_type_id = 2))
  Rows Removed by Filter: 2314840
Planning time: 0.305 ms
Execution time: 968.713 ms
