Hash Join  (cost=52284.71..416944.20 rows=356 width=0) (actual time=719.213..7167.202 rows=11529 loops=1)
  Hash Cond: (mi.movie_id = t.id)
  ->  Seq Scan on movie_info mi  (cost=0.00..309384.22 rows=14739122 width=4) (actual time=0.026..3837.173 rows=14835720 loops=1)
  ->  Hash  (cost=52283.95..52283.95 rows=61 width=8) (actual time=719.042..719.042 rows=305 loops=1)
        Buckets: 1024  Batches: 1  Memory Usage: 20kB
        ->  Nested Loop  (cost=0.43..52283.95 rows=61 width=8) (actual time=8.124..718.812 rows=305 loops=1)
              ->  Seq Scan on movie_companies mc  (cost=0.00..51404.11 rows=104 width=4) (actual time=8.049..710.253 rows=306 loops=1)
                    Filter: (company_id = 71933)
                    Rows Removed by Filter: 2608823
              ->  Index Scan using title_pkey on title t  (cost=0.43..8.45 rows=1 width=4) (actual time=0.026..0.027 rows=1 loops=306)
                    Index Cond: (id = mc.movie_id)
                    Filter: (production_year > 1998)
                    Rows Removed by Filter: 0
Planning time: 1.143 ms
Execution time: 7169.140 ms
