Hash Join  (cost=73983.02..100918.44 rows=2494 width=0) (actual time=1187.283..1752.278 rows=3483 loops=1)
  Hash Cond: (mi_idx.movie_id = t.id)
  ->  Seq Scan on movie_info_idx mi_idx  (cost=0.00..21735.35 rows=1380035 width=4) (actual time=0.030..280.196 rows=1380035 loops=1)
  ->  Hash  (cost=73925.90..73925.90 rows=4569 width=4) (actual time=1186.390..1186.390 rows=8185 loops=1)
        Buckets: 8192  Batches: 1  Memory Usage: 352kB
        ->  Seq Scan on title t  (cost=0.00..73925.90 rows=4569 width=4) (actual time=0.151..1182.448 rows=8185 loops=1)
              Filter: ((kind_id > 4) AND (production_year = 1982))
              Rows Removed by Filter: 2520127
Planning time: 0.748 ms
Execution time: 1752.847 ms
