Seq Scan on title t  (cost=0.00..73925.90 rows=1574527 width=0) (actual time=0.018..1346.218 rows=1690206 loops=1)
  Filter: ((kind_id > 1) AND (production_year > 1966))
  Rows Removed by Filter: 838106
Planning time: 0.286 ms
Execution time: 1555.494 ms
