Hash Join  (cost=171032.11..976638.94 rows=1132941 width=0) (actual time=3688.922..20970.243 rows=2441976 loops=1)
  Hash Cond: (ci.movie_id = t.id)
  ->  Seq Scan on cast_info ci  (cost=0.00..705507.15 rows=7549140 width=4) (actual time=0.020..12948.403 rows=7594497 loops=1)
        Filter: (person_id > 2914529)
        Rows Removed by Filter: 28649847
  ->  Hash  (cost=164805.73..164805.73 rows=379470 width=8) (actual time=3688.043..3688.043 rows=181381 loops=1)
        Buckets: 131072  Batches: 8  Memory Usage: 1898kB
        ->  Hash Join  (cost=80549.28..164805.73 rows=379470 width=8) (actual time=1639.494..3630.244 rows=181381 loops=1)
              Hash Cond: (mc.movie_id = t.id)
              ->  Seq Scan on movie_companies mc  (cost=0.00..51404.11 rows=2376704 width=4) (actual time=0.017..1198.645 rows=2375187 loops=1)
                    Filter: (company_id < 104436)
                    Rows Removed by Filter: 233942
              ->  Hash  (cost=73925.90..73925.90 rows=403710 width=4) (actual time=1260.935..1260.935 rows=434218 loops=1)
                    Buckets: 131072  Batches: 8  Memory Usage: 2935kB
                    ->  Seq Scan on title t  (cost=0.00..73925.90 rows=403710 width=4) (actual time=0.012..1125.696 rows=434218 loops=1)
                          Filter: ((production_year > 2008) AND (kind_id = 7))
                          Rows Removed by Filter: 2094094
Planning time: 3.525 ms
Execution time: 21216.803 ms
