Hash Join  (cost=73928.08..438594.15 rows=1014 width=0) (actual time=958.093..7935.396 rows=21934 loops=1)
  Hash Cond: (mi.movie_id = t.id)
  ->  Seq Scan on movie_info mi  (cost=0.00..309384.22 rows=14739122 width=4) (actual time=0.014..4139.660 rows=14835720 loops=1)
  ->  Hash  (cost=73925.90..73925.90 rows=174 width=4) (actual time=957.266..957.266 rows=3217 loops=1)
        Buckets: 4096 (originally 1024)  Batches: 1 (originally 1)  Memory Usage: 146kB
        ->  Seq Scan on title t  (cost=0.00..73925.90 rows=174 width=4) (actual time=0.037..955.683 rows=3217 loops=1)
              Filter: ((production_year > 2013) AND (kind_id = 1))
              Rows Removed by Filter: 2525095
Planning time: 0.699 ms
Execution time: 7939.946 ms
