Hash Join  (cost=102767.86..1348721.73 rows=18285827 width=0) (actual time=4597.760..39575.391 rows=20939000 loops=1)
  Hash Cond: (ci.movie_id = t.id)
  ->  Seq Scan on cast_info ci  (cost=0.00..796071.18 rows=18285827 width=4) (actual time=2053.064..17403.258 rows=20939000 loops=1)
        Filter: ((person_id < 2349465) AND (role_id < 8))
        Rows Removed by Filter: 15305344
  ->  Hash  (cost=61283.27..61283.27 rows=2528527 width=4) (actual time=2543.450..2543.450 rows=2528312 loops=1)
        Buckets: 131072  Batches: 64  Memory Usage: 2415kB
        ->  Seq Scan on title t  (cost=0.00..61283.27 rows=2528527 width=4) (actual time=0.026..1072.760 rows=2528312 loops=1)
Planning time: 0.705 ms
Execution time: 41957.841 ms
