Seq Scan on movie_keyword mk  (cost=0.00..81003.12 rows=1831434 width=0) (actual time=9.337..1386.929 rows=1836834 loops=1)
  Filter: (keyword_id > 7583)
  Rows Removed by Filter: 2687096
Planning time: 0.218 ms
Execution time: 1606.574 ms
