Hash Join  (cost=74657.14..158339.33 rows=15568 width=0) (actual time=2436.620..2726.013 rows=4035 loops=1)
  Hash Cond: (mk.movie_id = t.id)
  ->  Seq Scan on movie_keyword mk  (cost=0.00..81003.12 rows=672901 width=4) (actual time=0.027..1288.199 rows=671159 loops=1)
        Filter: (keyword_id < 536)
        Rows Removed by Filter: 3852771
  ->  Hash  (cost=73925.90..73925.90 rows=58499 width=4) (actual time=1258.088..1258.088 rows=62752 loops=1)
        Buckets: 65536  Batches: 1  Memory Usage: 2719kB
        ->  Seq Scan on title t  (cost=0.00..73925.90 rows=58499 width=4) (actual time=197.777..1232.455 rows=62752 loops=1)
              Filter: ((kind_id = 7) AND (production_year = 2005))
              Rows Removed by Filter: 2465560
Planning time: 0.728 ms
Execution time: 2726.831 ms
