Hash Join  (cost=77887.52..144713.88 rows=60665 width=0) (actual time=1607.937..2461.022 rows=811 loops=1)
  Hash Cond: (mc.movie_id = t.id)
  ->  Seq Scan on movie_companies mc  (cost=0.00..57926.93 rows=635407 width=4) (actual time=359.311..992.261 rows=396438 loops=1)
        Filter: ((company_id > 11313) AND (company_type_id = 1))
        Rows Removed by Filter: 2212691
  ->  Hash  (cost=73925.90..73925.90 rows=241409 width=4) (actual time=1247.293..1247.293 rows=257849 loops=1)
        Buckets: 131072  Batches: 4  Memory Usage: 3305kB
        ->  Seq Scan on title t  (cost=0.00..73925.90 rows=241409 width=4) (actual time=0.031..1157.385 rows=257849 loops=1)
              Filter: ((kind_id > 4) AND (production_year > 2010))
              Rows Removed by Filter: 2270463
Planning time: 0.673 ms
Execution time: 2461.492 ms
