Nested Loop  (cost=0.43..83072.29 rows=65 width=0) (actual time=95.229..1336.989 rows=115 loops=1)
  ->  Seq Scan on movie_keyword mk  (cost=0.00..81003.12 rows=246 width=4) (actual time=95.157..1330.580 rows=142 loops=1)
        Filter: (keyword_id = 18614)
        Rows Removed by Filter: 4523788
  ->  Index Scan using title_pkey on title t  (cost=0.43..8.40 rows=1 width=4) (actual time=0.040..0.041 rows=1 loops=142)
        Index Cond: (id = mk.movie_id)
        Filter: (kind_id = 1)
        Rows Removed by Filter: 0
Planning time: 0.709 ms
Execution time: 1337.180 ms
