Hash Join  (cost=128310.40..651078.55 rows=1445207 width=0) (actual time=3758.706..17872.629 rows=7995606 loops=1)
  Hash Cond: (mi.movie_id = t.id)
  ->  Seq Scan on movie_info mi  (cost=0.00..346232.03 rows=13929354 width=4) (actual time=0.024..7232.470 rows=14033580 loops=1)
        Filter: (info_type_id > 1)
        Rows Removed by Filter: 802140
  ->  Hash  (cost=124006.13..124006.13 rows=262341 width=8) (actual time=2657.498..2657.498 rows=366689 loops=1)
        Buckets: 131072 (originally 131072)  Batches: 8 (originally 4)  Memory Usage: 3073kB
        ->  Hash Join  (cost=81812.24..124006.13 rows=262341 width=8) (actual time=1335.025..2546.416 rows=366689 loops=1)
              Hash Cond: (mi_idx.movie_id = t.id)
              ->  Seq Scan on movie_info_idx mi_idx  (cost=0.00..21735.35 rows=1380035 width=4) (actual time=0.018..452.978 rows=1380035 loops=1)
              ->  Hash  (cost=73925.90..73925.90 rows=480667 width=4) (actual time=1334.056..1334.056 rows=350545 loops=1)
                    Buckets: 131072  Batches: 8  Memory Usage: 2572kB
                    ->  Seq Scan on title t  (cost=0.00..73925.90 rows=480667 width=4) (actual time=454.575..1226.129 rows=350545 loops=1)
                          Filter: ((production_year > 1987) AND (kind_id = 1))
                          Rows Removed by Filter: 2177767
Planning time: 1.200 ms
Execution time: 18719.919 ms
