Hash Join  (cost=227955.98..698812.45 rows=2517051 width=0) (actual time=6076.936..47320.179 rows=138939351 loops=1)
  Hash Cond: (mi.movie_id = t.id)
  ->  Seq Scan on movie_info mi  (cost=0.00..346232.03 rows=7503588 width=4) (actual time=0.015..6681.747 rows=7548855 loops=1)
        Filter: (info_type_id > 7)
        Rows Removed by Filter: 7286865
  ->  Hash  (cost=214039.67..214039.67 rows=848185 width=8) (actual time=6074.746..6074.746 rows=2498581 loops=1)
        Buckets: 131072 (originally 131072)  Batches: 64 (originally 16)  Memory Usage: 3073kB
        ->  Hash Join  (cost=81703.78..214039.67 rows=848185 width=8) (actual time=1460.585..5366.420 rows=2498581 loops=1)
              Hash Cond: (mk.movie_id = t.id)
              ->  Seq Scan on movie_keyword mk  (cost=0.00..69693.30 rows=4523930 width=4) (actual time=0.024..1381.490 rows=4523930 loops=1)
              ->  Hash  (cost=73925.90..73925.90 rows=474070 width=4) (actual time=1459.760..1459.760 rows=496025 loops=1)
                    Buckets: 131072  Batches: 8  Memory Usage: 3223kB
                    ->  Seq Scan on title t  (cost=0.00..73925.90 rows=474070 width=4) (actual time=0.022..1311.099 rows=496025 loops=1)
                          Filter: ((production_year < 2009) AND (kind_id = 1))
                          Rows Removed by Filter: 2032287
Planning time: 1.149 ms
Execution time: 62239.410 ms
