Seq Scan on cast_info ci  (cost=0.00..796071.18 rows=241905 width=0) (actual time=2412.039..13004.032 rows=82722 loops=1)
  Filter: ((person_id < 2582489) AND (role_id > 10))
  Rows Removed by Filter: 36161622
Planning time: 0.328 ms
Execution time: 13014.885 ms
