Seq Scan on movie_keyword mk  (cost=0.00..81003.12 rows=246 width=0) (actual time=83.861..1225.061 rows=27 loops=1)
  Filter: (keyword_id = 9645)
  Rows Removed by Filter: 4523903
Planning time: 0.311 ms
Execution time: 1225.176 ms
