Seq Scan on movie_keyword mk  (cost=0.00..81003.12 rows=2032260 width=0) (actual time=0.025..1577.248 rows=2038731 loops=1)
  Filter: (keyword_id > 6039)
  Rows Removed by Filter: 2485199
Planning time: 0.338 ms
Execution time: 1836.079 ms
