Hash Join  (cost=52284.46..79195.17 rows=22 width=0) (actual time=850.838..1288.179 rows=15 loops=1)
  Hash Cond: (mi_idx.movie_id = t.id)
  ->  Seq Scan on movie_info_idx mi_idx  (cost=0.00..21735.35 rows=1380035 width=4) (actual time=0.021..297.448 rows=1380035 loops=1)
  ->  Hash  (cost=52283.95..52283.95 rows=41 width=8) (actual time=746.132..746.132 rows=9 loops=1)
        Buckets: 1024  Batches: 1  Memory Usage: 9kB
        ->  Nested Loop  (cost=0.43..52283.95 rows=41 width=8) (actual time=73.568..746.111 rows=9 loops=1)
              ->  Seq Scan on movie_companies mc  (cost=0.00..51404.11 rows=104 width=4) (actual time=73.497..745.445 rows=12 loops=1)
                    Filter: (company_id = 4307)
                    Rows Removed by Filter: 2609117
              ->  Index Scan using title_pkey on title t  (cost=0.43..8.45 rows=1 width=4) (actual time=0.048..0.048 rows=1 loops=12)
                    Index Cond: (id = mc.movie_id)
                    Filter: (kind_id < 7)
                    Rows Removed by Filter: 0
Planning time: 1.116 ms
Execution time: 1288.356 ms
