Hash Join  (cost=67697.55..819325.63 rows=35893 width=0) (actual time=6801.676..16838.060 rows=68496 loops=1)
  Hash Cond: (ci.movie_id = t.id)
  ->  Seq Scan on cast_info ci  (cost=0.00..705507.15 rows=12203201 width=4) (actual time=5687.487..13105.480 rows=12113646 loops=1)
        Filter: (role_id > 3)
        Rows Removed by Filter: 24130698
  ->  Hash  (cost=67604.59..67604.59 rows=7437 width=4) (actual time=1113.733..1113.733 rows=14926 loops=1)
        Buckets: 16384 (originally 8192)  Batches: 1 (originally 1)  Memory Usage: 653kB
        ->  Seq Scan on title t  (cost=0.00..67604.59 rows=7437 width=4) (actual time=0.062..1102.097 rows=14926 loops=1)
              Filter: (production_year = 1979)
              Rows Removed by Filter: 2513386
Planning time: 7.207 ms
Execution time: 16849.914 ms
