Nested Loop  (cost=32807.94..160849.14 rows=507 width=0) (actual time=581.841..2465.920 rows=622 loops=1)
  ->  Hash Join  (cost=32807.51..124004.55 rows=43481 width=8) (actual time=580.465..1885.039 rows=24149 loops=1)
        Hash Cond: (mk.movie_id = mi_idx.movie_id)
        ->  Seq Scan on movie_keyword mk  (cost=0.00..81003.12 rows=43452 width=4) (actual time=0.016..1181.200 rows=38892 loops=1)
              Filter: (keyword_id < 47)
              Rows Removed by Filter: 4485038
        ->  Hash  (cost=25185.44..25185.44 rows=464566 width=4) (actual time=579.602..579.602 rows=459925 loops=1)
              Buckets: 131072  Batches: 8  Memory Usage: 3059kB
              ->  Seq Scan on movie_info_idx mi_idx  (cost=0.00..25185.44 rows=464566 width=4) (actual time=0.021..435.437 rows=459925 loops=1)
                    Filter: (info_type_id = 101)
                    Rows Removed by Filter: 920110
  ->  Index Scan using title_pkey on title t  (cost=0.43..0.84 rows=1 width=4) (actual time=0.024..0.024 rows=0 loops=24149)
        Index Cond: (id = mi_idx.movie_id)
        Filter: (production_year = 2011)
        Rows Removed by Filter: 1
Planning time: 3.836 ms
Execution time: 2466.591 ms
