Nested Loop  (cost=0.43..83071.67 rows=246 width=0) (actual time=47.557..1211.321 rows=72 loops=1)
  ->  Seq Scan on movie_keyword mk  (cost=0.00..81003.12 rows=246 width=4) (actual time=47.477..1206.729 rows=72 loops=1)
        Filter: (keyword_id = 35919)
        Rows Removed by Filter: 4523858
  ->  Index Only Scan using title_pkey on title t  (cost=0.43..8.40 rows=1 width=4) (actual time=0.058..0.059 rows=1 loops=72)
        Index Cond: (id = mk.movie_id)
        Heap Fetches: 72
Planning time: 0.712 ms
Execution time: 1211.456 ms
