Hash Join  (cost=83192.60..217506.37 rows=1010473 width=0) (actual time=1192.053..4879.139 rows=2093204 loops=1)
  Hash Cond: (mk.movie_id = t.id)
  ->  Seq Scan on movie_keyword mk  (cost=0.00..69693.30 rows=4523930 width=4) (actual time=0.013..1388.376 rows=4523930 loops=1)
  ->  Hash  (cost=73925.90..73925.90 rows=564776 width=4) (actual time=1191.479..1191.479 rows=442767 loops=1)
        Buckets: 131072  Batches: 8  Memory Usage: 2993kB
        ->  Seq Scan on title t  (cost=0.00..73925.90 rows=564776 width=4) (actual time=198.188..1049.800 rows=442767 loops=1)
              Filter: ((kind_id < 2) AND (production_year > 1966))
              Rows Removed by Filter: 2085545
Planning time: 0.699 ms
Execution time: 5116.576 ms
