Seq Scan on movie_keyword mk  (cost=0.00..81003.12 rows=246 width=0) (actual time=3.285..1158.513 rows=388 loops=1)
  Filter: (keyword_id = 57910)
  Rows Removed by Filter: 4523542
Planning time: 0.355 ms
Execution time: 1158.795 ms
