Seq Scan on cast_info ci  (cost=0.00..705507.15 rows=26254392 width=0) (actual time=0.030..13237.847 rows=26284578 loops=1)
  Filter: (person_id < 2718379)
  Rows Removed by Filter: 9959766
Planning time: 0.343 ms
Execution time: 16546.176 ms
