Hash Join  (cost=266902.53..877716.86 rows=10551350 width=0) (actual time=5634.803..42750.057 rows=98780852 loops=1)
  Hash Cond: (mi.movie_id = t.id)
  ->  Seq Scan on movie_info mi  (cost=0.00..309384.22 rows=14739122 width=4) (actual time=0.019..6015.464 rows=14835720 loops=1)
  ->  Hash  (cost=237205.21..237205.21 rows=1810106 width=8) (actual time=5633.662..5633.662 rows=1809943 loops=1)
        Buckets: 131072  Batches: 32  Memory Usage: 3302kB
        ->  Hash Join  (cost=102767.86..237205.21 rows=1810106 width=8) (actual time=1921.818..5157.795 rows=1809943 loops=1)
              Hash Cond: (mk.movie_id = t.id)
              ->  Seq Scan on movie_keyword mk  (cost=0.00..81003.12 rows=1810106 width=4) (actual time=0.027..1544.090 rows=1809943 loops=1)
                    Filter: (keyword_id > 7666)
                    Rows Removed by Filter: 2713987
              ->  Hash  (cost=61283.27..61283.27 rows=2528527 width=4) (actual time=1919.634..1919.634 rows=2528312 loops=1)
                    Buckets: 131072  Batches: 64  Memory Usage: 2425kB
                    ->  Seq Scan on title t  (cost=0.00..61283.27 rows=2528527 width=4) (actual time=0.011..1065.437 rows=2528312 loops=1)
Planning time: 1.120 ms
Execution time: 52998.458 ms
