Hash Join  (cost=711045.32..2780582.39 rows=77761569 width=0) (actual time=16606.464..100401.276 rows=193067871 loops=1)
  Hash Cond: (ci.movie_id = t.id)
  ->  Seq Scan on cast_info ci  (cost=0.00..705507.15 rows=31554923 width=4) (actual time=0.021..17522.517 rows=31605208 loops=1)
        Filter: (role_id < 10)
        Rows Removed by Filter: 4639136
  ->  Hash  (cost=608815.44..608815.44 rows=6231111 width=8) (actual time=16604.792..16604.792 rows=6223494 loops=1)
        Buckets: 131072  Batches: 128  Memory Usage: 2920kB
        ->  Hash Join  (cost=102767.86..608815.44 rows=6231111 width=8) (actual time=2582.174..14824.453 rows=6223494 loops=1)
              Hash Cond: (mi.movie_id = t.id)
              ->  Seq Scan on movie_info mi  (cost=0.00..346232.03 rows=6231111 width=4) (actual time=595.929..6566.523 rows=6223494 loops=1)
                    Filter: (info_type_id > 8)
                    Rows Removed by Filter: 8612226
              ->  Hash  (cost=61283.27..61283.27 rows=2528527 width=4) (actual time=1984.383..1984.383 rows=2528312 loops=1)
                    Buckets: 131072  Batches: 64  Memory Usage: 2425kB
                    ->  Seq Scan on title t  (cost=0.00..61283.27 rows=2528527 width=4) (actual time=0.024..1123.779 rows=2528312 loops=1)
Planning time: 1.137 ms
Execution time: 122215.557 ms
