Hash Join  (cost=142324.95..863206.39 rows=38142 width=0) (actual time=4212.686..15577.649 rows=758 loops=1)
  Hash Cond: (ci.movie_id = t.id)
  ->  Seq Scan on cast_info ci  (cost=0.00..705507.15 rows=3998100 width=4) (actual time=1767.238..12516.932 rows=4008037 loops=1)
        Filter: (role_id = 3)
        Rows Removed by Filter: 32236307
  ->  Hash  (cost=142023.42..142023.42 rows=24122 width=8) (actual time=2430.006..2430.006 rows=140 loops=1)
        Buckets: 32768  Batches: 1  Memory Usage: 262kB
        ->  Hash Join  (cost=75342.47..142023.42 rows=24122 width=8) (actual time=1531.693..2429.898 rows=140 loops=1)
              Hash Cond: (mc.movie_id = t.id)
              ->  Seq Scan on movie_companies mc  (cost=0.00..57926.93 rows=706880 width=4) (actual time=112.851..821.342 rows=491954 loops=1)
                    Filter: ((company_id > 9581) AND (company_type_id = 1))
                    Rows Removed by Filter: 2117175
              ->  Hash  (cost=73925.90..73925.90 rows=86285 width=4) (actual time=1418.073..1418.073 rows=92628 loops=1)
                    Buckets: 131072  Batches: 2  Memory Usage: 2653kB
                    ->  Seq Scan on title t  (cost=0.00..73925.90 rows=86285 width=4) (actual time=0.022..1301.329 rows=92628 loops=1)
                          Filter: ((kind_id = 7) AND (production_year = 2010))
                          Rows Removed by Filter: 2435684
Planning time: 1.219 ms
Execution time: 15578.107 ms
