Seq Scan on title t  (cost=0.00..73925.90 rows=37390 width=0) (actual time=0.029..1170.744 rows=42387 loops=1)
  Filter: ((kind_id > 4) AND (production_year = 2002))
  Rows Removed by Filter: 2485925
Planning time: 0.327 ms
Execution time: 1178.416 ms
