Hash Join  (cost=510374.62..634989.70 rows=1171753 width=0) (actual time=9379.625..13112.596 rows=2611904 loops=1)
  Hash Cond: (mk.movie_id = t.id)
  ->  Seq Scan on movie_keyword mk  (cost=0.00..81003.12 rows=2328378 width=4) (actual time=0.022..1549.437 rows=2328131 loops=1)
        Filter: (keyword_id > 4369)
        Rows Removed by Filter: 2195799
  ->  Hash  (cost=489497.65..489497.65 rows=1272478 width=8) (actual time=9378.780..9378.780 rows=1325361 loops=1)
        Buckets: 131072  Batches: 32  Memory Usage: 2648kB
        ->  Hash Join  (cost=102767.86..489497.65 rows=1272478 width=8) (actual time=3635.589..8986.972 rows=1325361 loops=1)
              Hash Cond: (mi.movie_id = t.id)
              ->  Seq Scan on movie_info mi  (cost=0.00..346232.03 rows=1272478 width=4) (actual time=1674.728..5506.310 rows=1325361 loops=1)
                    Filter: (info_type_id = 8)
                    Rows Removed by Filter: 13510359
              ->  Hash  (cost=61283.27..61283.27 rows=2528527 width=4) (actual time=1959.522..1959.522 rows=2528312 loops=1)
                    Buckets: 131072  Batches: 64  Memory Usage: 2425kB
                    ->  Seq Scan on title t  (cost=0.00..61283.27 rows=2528527 width=4) (actual time=0.014..1093.256 rows=2528312 loops=1)
Planning time: 1.140 ms
Execution time: 13424.067 ms
