Seq Scan on movie_keyword mk  (cost=0.00..81003.12 rows=3818909 width=0) (actual time=0.024..1311.256 rows=3812180 loops=1)
  Filter: (keyword_id < 26554)
  Rows Removed by Filter: 711750
Planning time: 0.318 ms
Execution time: 1745.083 ms
