Seq Scan on movie_companies mc  (cost=0.00..57926.93 rows=53 width=0) (actual time=238.847..745.404 rows=818 loops=1)
  Filter: ((company_id = 14890) AND (company_type_id = 2))
  Rows Removed by Filter: 2608311
Planning time: 0.346 ms
Execution time: 745.675 ms
