Hash Join  (cost=234945.59..1443799.30 rows=17040352 width=0) (actual time=5054.113..45536.664 rows=49867160 loops=1)
  Hash Cond: (ci.movie_id = t.id)
  ->  Seq Scan on cast_info ci  (cost=0.00..614943.12 rows=36225612 width=4) (actual time=0.012..13104.579 rows=36244344 loops=1)
  ->  Hash  (cost=215431.00..215431.00 rows=1189407 width=8) (actual time=5052.996..5052.996 rows=837185 loops=1)
        Buckets: 131072  Batches: 16  Memory Usage: 3130kB
        ->  Hash Join  (cost=84197.31..215431.00 rows=1189407 width=8) (actual time=1562.624..4818.523 rows=837185 loops=1)
              Hash Cond: (mk.movie_id = t.id)
              ->  Seq Scan on movie_keyword mk  (cost=0.00..81003.12 rows=2973731 width=4) (actual time=0.032..1629.533 rows=2968255 loops=1)
                    Filter: (keyword_id > 2319)
                    Rows Removed by Filter: 1555675
              ->  Hash  (cost=67604.59..67604.59 rows=1011338 width=4) (actual time=1561.298..1561.298 rows=1012920 loops=1)
                    Buckets: 131072  Batches: 16  Memory Usage: 3257kB
                    ->  Seq Scan on title t  (cost=0.00..67604.59 rows=1011338 width=4) (actual time=0.024..1226.789 rows=1012920 loops=1)
                          Filter: (production_year > 2005)
                          Rows Removed by Filter: 1515392
Planning time: 1.154 ms
Execution time: 50778.523 ms
