Hash Join  (cost=137849.68..939188.04 rows=29712 width=0) (actual time=13557.075..15587.124 rows=44184 loops=1)
  Hash Cond: (ci.movie_id = t.id)
  ->  Seq Scan on cast_info ci  (cost=0.00..796071.18 rows=1325349 width=4) (actual time=11247.107..13002.338 rows=913682 loops=1)
        Filter: ((person_id < 1172614) AND (role_id = 3))
        Rows Removed by Filter: 35330662
  ->  Hash  (cost=137141.10..137141.10 rows=56686 width=8) (actual time=2309.383..2309.383 rows=48291 loops=1)
        Buckets: 65536  Batches: 1  Memory Usage: 2399kB
        ->  Hash Join  (cost=69374.09..137141.10 rows=56686 width=8) (actual time=707.927..2292.239 rows=48291 loops=1)
              Hash Cond: (mc.movie_id = t.id)
              ->  Seq Scan on movie_companies mc  (cost=0.00..51404.11 rows=1329612 width=4) (actual time=0.032..1091.862 rows=1334883 loops=1)
                    Filter: (company_type_id = 2)
                    Rows Removed by Filter: 1274246
              ->  Hash  (cost=67604.59..67604.59 rows=107800 width=4) (actual time=695.914..695.914 rows=108429 loops=1)
                    Buckets: 131072  Batches: 2  Memory Usage: 2931kB
                    ->  Seq Scan on title t  (cost=0.00..67604.59 rows=107800 width=4) (actual time=0.019..630.712 rows=108429 loops=1)
                          Filter: (production_year = 2006)
                          Rows Removed by Filter: 2419883
Planning time: 2.076 ms
Execution time: 15593.531 ms
