Nested Loop  (cost=0.43..83072.90 rows=3 width=0) (actual time=6.567..1317.395 rows=32 loops=1)
  ->  Seq Scan on movie_keyword mk  (cost=0.00..81003.12 rows=246 width=4) (actual time=0.022..1275.082 rows=1477 loops=1)
        Filter: (keyword_id = 1740)
        Rows Removed by Filter: 4522453
  ->  Index Scan using title_pkey on title t  (cost=0.43..8.40 rows=1 width=4) (actual time=0.028..0.028 rows=0 loops=1477)
        Index Cond: (id = mk.movie_id)
        Filter: ((kind_id < 3) AND (production_year = 2007))
        Rows Removed by Filter: 1
Planning time: 0.778 ms
Execution time: 1317.531 ms
