Seq Scan on movie_companies mc  (cost=0.00..51404.11 rows=27529 width=0) (actual time=686.626..742.359 rows=26163 loops=1)
  Filter: (company_id > 210996)
  Rows Removed by Filter: 2582966
Planning time: 0.301 ms
Execution time: 745.731 ms
