Seq Scan on movie_keyword mk  (cost=0.00..81003.12 rows=246 width=0) (actual time=171.134..1297.890 rows=7 loops=1)
  Filter: (keyword_id = 19080)
  Rows Removed by Filter: 4523923
Planning time: 0.355 ms
Execution time: 1297.986 ms
