Hash Join  (cost=102767.86..915787.97 rows=293842 width=0) (actual time=7077.762..17037.926 rows=293095 loops=1)
  Hash Cond: (ci.movie_id = t.id)
  ->  Seq Scan on cast_info ci  (cost=0.00..796071.18 rows=293842 width=4) (actual time=4767.004..14144.652 rows=293095 loops=1)
        Filter: ((person_id > 556609) AND (role_id > 10))
        Rows Removed by Filter: 35951249
  ->  Hash  (cost=61283.27..61283.27 rows=2528527 width=4) (actual time=2309.710..2309.710 rows=2528312 loops=1)
        Buckets: 131072  Batches: 64  Memory Usage: 2415kB
        ->  Seq Scan on title t  (cost=0.00..61283.27 rows=2528527 width=4) (actual time=0.014..1156.600 rows=2528312 loops=1)
Planning time: 0.711 ms
Execution time: 17069.795 ms
