Hash Join  (cost=505750.53..1310751.96 rows=2694637 width=0) (actual time=9494.902..28400.018 rows=18096523 loops=1)
  Hash Cond: (ci.movie_id = t.id)
  ->  Seq Scan on cast_info ci  (cost=0.00..705507.15 rows=5882909 width=4) (actual time=0.134..12268.181 rows=5914364 loops=1)
        Filter: (person_id > 3053103)
        Rows Removed by Filter: 30329980
  ->  Hash  (cost=486748.29..486748.29 rows=1158179 width=8) (actual time=9493.809..9493.809 rows=1204709 loops=1)
        Buckets: 131072  Batches: 16  Memory Usage: 3882kB
        ->  Hash Join  (cost=102767.86..486748.29 rows=1158179 width=8) (actual time=3963.235..9158.305 rows=1204709 loops=1)
              Hash Cond: (mi.movie_id = t.id)
              ->  Seq Scan on movie_info mi  (cost=0.00..346232.03 rows=1158179 width=4) (actual time=2010.304..5481.773 rows=1204709 loops=1)
                    Filter: (info_type_id > 18)
                    Rows Removed by Filter: 13631011
              ->  Hash  (cost=61283.27..61283.27 rows=2528527 width=4) (actual time=1950.693..1950.693 rows=2528312 loops=1)
                    Buckets: 131072  Batches: 64  Memory Usage: 2425kB
                    ->  Seq Scan on title t  (cost=0.00..61283.27 rows=2528527 width=4) (actual time=0.030..1087.082 rows=2528312 loops=1)
Planning time: 1.200 ms
Execution time: 30085.569 ms
