Hash Join  (cost=162033.89..287030.57 rows=245764 width=0) (actual time=3382.748..6084.215 rows=259735 loops=1)
  Hash Cond: (mk.movie_id = t.id)
  ->  Seq Scan on movie_keyword mk  (cost=0.00..69693.30 rows=4523930 width=4) (actual time=0.007..1491.551 rows=4523930 loops=1)
  ->  Hash  (cost=159779.85..159779.85 rows=137363 width=8) (actual time=3216.937..3216.937 rows=111702 loops=1)
        Buckets: 131072  Batches: 2  Memory Usage: 3206kB
        ->  Hash Join  (cost=92508.29..159779.85 rows=137363 width=8) (actual time=2045.003..3189.821 rows=111702 loops=1)
              Hash Cond: (mc.movie_id = t.id)
              ->  Seq Scan on movie_companies mc  (cost=0.00..57926.93 rows=306666 width=4) (actual time=295.424..1037.191 rows=601076 loops=1)
                    Filter: ((company_id > 65646) AND (company_type_id = 2))
                    Rows Removed by Filter: 2008053
              ->  Hash  (cost=73925.90..73925.90 rows=1132591 width=4) (actual time=1748.479..1748.479 rows=1224674 loops=1)
                    Buckets: 131072  Batches: 16  Memory Usage: 3727kB
                    ->  Seq Scan on title t  (cost=0.00..73925.90 rows=1132591 width=4) (actual time=146.288..1364.867 rows=1224674 loops=1)
                          Filter: ((production_year > 1985) AND (kind_id = 7))
                          Rows Removed by Filter: 1303638
Planning time: 1.077 ms
Execution time: 6113.522 ms
