Hash Join  (cost=102767.86..274449.15 rows=3357918 width=0) (actual time=2525.511..6939.512 rows=3342415 loops=1)
  Hash Cond: (mk.movie_id = t.id)
  ->  Seq Scan on movie_keyword mk  (cost=0.00..81003.12 rows=3357918 width=4) (actual time=0.018..1657.502 rows=3342415 loops=1)
        Filter: (keyword_id < 15783)
        Rows Removed by Filter: 1181515
  ->  Hash  (cost=61283.27..61283.27 rows=2528527 width=4) (actual time=2523.835..2523.835 rows=2528312 loops=1)
        Buckets: 131072  Batches: 64  Memory Usage: 2425kB
        ->  Seq Scan on title t  (cost=0.00..61283.27 rows=2528527 width=4) (actual time=0.009..1054.084 rows=2528312 loops=1)
Planning time: 0.712 ms
Execution time: 7309.546 ms
