Nested Loop  (cost=0.43..799702.19 rows=435 width=0) (actual time=902.005..15128.501 rows=50 loops=1)
  ->  Seq Scan on cast_info ci  (cost=0.00..796071.18 rows=435 width=4) (actual time=901.910..15127.248 rows=50 loops=1)
        Filter: ((role_id < 10) AND (person_id = 194421))
        Rows Removed by Filter: 36244294
  ->  Index Only Scan using title_pkey on title t  (cost=0.43..8.34 rows=1 width=4) (actual time=0.024..0.024 rows=1 loops=50)
        Index Cond: (id = ci.movie_id)
        Heap Fetches: 50
Planning time: 0.756 ms
Execution time: 15128.594 ms
