Nested Loop  (cost=0.43..97490.07 rows=2132 width=0) (actual time=169.041..1080.035 rows=6058 loops=1)
  ->  Seq Scan on movie_companies mc  (cost=0.00..57926.93 rows=5459 width=4) (actual time=168.963..917.674 rows=6058 loops=1)
        Filter: ((company_type_id < 2) AND (company_id = 11203))
        Rows Removed by Filter: 2603071
  ->  Index Scan using title_pkey on title t  (cost=0.43..7.24 rows=1 width=4) (actual time=0.026..0.026 rows=1 loops=6058)
        Index Cond: (id = mc.movie_id)
        Filter: (kind_id < 7)
Planning time: 0.744 ms
Execution time: 1085.096 ms
