Hash Join  (cost=79405.47..1226704.19 rows=4515837 width=0) (actual time=1323.840..35065.215 rows=5783424 loops=1)
  Hash Cond: (ci.movie_id = t.id)
  ->  Seq Scan on cast_info ci  (cost=0.00..705507.15 rows=34190454 width=4) (actual time=0.026..16773.292 rows=34170728 loops=1)
        Filter: (person_id < 3655565)
        Rows Removed by Filter: 2073616
  ->  Hash  (cost=73925.90..73925.90 rows=333965 width=4) (actual time=1322.977..1322.977 rows=411522 loops=1)
        Buckets: 131072  Batches: 8  Memory Usage: 2841kB
        ->  Seq Scan on title t  (cost=0.00..73925.90 rows=333965 width=4) (actual time=80.938..1200.453 rows=411522 loops=1)
              Filter: ((production_year < 2004) AND (kind_id = 1))
              Rows Removed by Filter: 2116790
Planning time: 0.702 ms
Execution time: 35721.333 ms
