Hash Join  (cost=74131.99..165235.74 rows=17263 width=0) (actual time=2762.312..3200.634 rows=4606 loops=1)
  Hash Cond: (mk.movie_id = t.id)
  ->  Seq Scan on movie_keyword mk  (cost=0.00..81003.12 rows=2647466 width=4) (actual time=0.015..1526.516 rows=2638966 loops=1)
        Filter: (keyword_id < 7281)
        Rows Removed by Filter: 1884964
  ->  Hash  (cost=73925.90..73925.90 rows=16487 width=4) (actual time=1236.119..1236.119 rows=16247 loops=1)
        Buckets: 32768  Batches: 1  Memory Usage: 828kB
        ->  Seq Scan on title t  (cost=0.00..73925.90 rows=16487 width=4) (actual time=0.030..1228.831 rows=16247 loops=1)
              Filter: ((kind_id = 7) AND (production_year = 1993))
              Rows Removed by Filter: 2512065
Planning time: 0.719 ms
Execution time: 3201.412 ms
