Seq Scan on movie_keyword mk  (cost=0.00..81003.12 rows=8595 width=0) (actual time=16.544..1097.189 rows=7873 loops=1)
  Filter: (keyword_id = 3)
  Rows Removed by Filter: 4516057
Planning time: 0.269 ms
Execution time: 1098.503 ms
