Hash Join  (cost=74526.68..449267.28 rows=137532 width=0) (actual time=1249.892..9451.614 rows=1381954 loops=1)
  Hash Cond: (mi.movie_id = t.id)
  ->  Seq Scan on movie_info mi  (cost=0.00..346232.03 rows=7235534 width=4) (actual time=0.023..5374.469 rows=7286865 loops=1)
        Filter: (info_type_id < 8)
        Rows Removed by Filter: 7548855
  ->  Hash  (cost=73925.90..73925.90 rows=48062 width=4) (actual time=1249.438..1249.438 rows=168950 loops=1)
        Buckets: 131072 (originally 65536)  Batches: 2 (originally 1)  Memory Usage: 3996kB
        ->  Seq Scan on title t  (cost=0.00..73925.90 rows=48062 width=4) (actual time=167.966..1186.659 rows=168950 loops=1)
              Filter: ((production_year < 1953) AND (kind_id = 1))
              Rows Removed by Filter: 2359362
Planning time: 0.810 ms
Execution time: 9600.794 ms
