Hash Join  (cost=83073.50..833869.55 rows=687 width=0) (actual time=1366.735..17742.072 rows=250 loops=1)
  Hash Cond: (ci.movie_id = t.id)
  ->  Seq Scan on cast_info ci  (cost=0.00..614943.12 rows=36225612 width=4) (actual time=0.024..9521.302 rows=36244344 loops=1)
  ->  Hash  (cost=83072.90..83072.90 rows=48 width=8) (actual time=1357.878..1357.878 rows=4 loops=1)
        Buckets: 1024  Batches: 1  Memory Usage: 9kB
        ->  Nested Loop  (cost=0.43..83072.90 rows=48 width=8) (actual time=219.818..1357.863 rows=4 loops=1)
              ->  Seq Scan on movie_keyword mk  (cost=0.00..81003.12 rows=246 width=4) (actual time=60.389..1354.204 rows=37 loops=1)
                    Filter: (keyword_id = 16178)
                    Rows Removed by Filter: 4523893
              ->  Index Scan using title_pkey on title t  (cost=0.43..8.40 rows=1 width=4) (actual time=0.094..0.094 rows=0 loops=37)
                    Index Cond: (id = mk.movie_id)
                    Filter: ((kind_id < 7) AND (production_year > 2002))
                    Rows Removed by Filter: 1
Planning time: 1.150 ms
Execution time: 17742.458 ms
