Hash Join  (cost=102392.25..193556.32 rows=35441 width=0) (actual time=1374.402..2996.807 rows=121256 loops=1)
  Hash Cond: (mk.movie_id = t.id)
  ->  Seq Scan on movie_keyword mk  (cost=0.00..81003.12 rows=2615075 width=4) (actual time=0.014..1230.376 rows=2604983 loops=1)
        Filter: (keyword_id < 7043)
        Rows Removed by Filter: 1918947
  ->  Hash  (cost=101963.90..101963.90 rows=34268 width=8) (actual time=1373.740..1373.740 rows=37971 loops=1)
        Buckets: 65536  Batches: 1  Memory Usage: 1996kB
        ->  Hash Join  (cost=74710.74..101963.90 rows=34268 width=8) (actual time=1065.709..1366.594 rows=37971 loops=1)
              Hash Cond: (mi_idx.movie_id = t.id)
              ->  Seq Scan on movie_info_idx mi_idx  (cost=0.00..21735.35 rows=1380035 width=4) (actual time=0.020..119.334 rows=1380035 loops=1)
              ->  Hash  (cost=73925.90..73925.90 rows=62787 width=4) (actual time=1065.349..1065.349 rows=53770 loops=1)
                    Buckets: 65536  Batches: 1  Memory Usage: 2403kB
                    ->  Seq Scan on title t  (cost=0.00..73925.90 rows=62787 width=4) (actual time=0.022..1047.258 rows=53770 loops=1)
                          Filter: ((kind_id < 7) AND (production_year = 2011))
                          Rows Removed by Filter: 2474542
Planning time: 1.170 ms
Execution time: 3010.293 ms
