Seq Scan on cast_info ci  (cost=0.00..796071.18 rows=3491667 width=0) (actual time=1154.658..13322.115 rows=7003747 loops=1)
  Filter: ((person_id < 956997) AND (role_id = 1))
  Rows Removed by Filter: 29240597
Planning time: 0.363 ms
Execution time: 14153.811 ms
