Hash Join  (cost=74207.10..131057.63 rows=12622 width=0) (actual time=1131.181..2388.327 rows=21894 loops=1)
  Hash Cond: (mc.movie_id = t.id)
  ->  Seq Scan on movie_companies mc  (cost=0.00..51404.11 rows=1418718 width=4) (actual time=0.017..985.580 rows=1423764 loops=1)
        Filter: (company_id > 10359)
        Rows Removed by Filter: 1185365
  ->  Hash  (cost=73925.90..73925.90 rows=22496 width=4) (actual time=1130.889..1130.889 rows=13050 loops=1)
        Buckets: 32768  Batches: 1  Memory Usage: 715kB
        ->  Seq Scan on title t  (cost=0.00..73925.90 rows=22496 width=4) (actual time=47.225..1125.273 rows=13050 loops=1)
              Filter: ((kind_id < 2) AND (production_year = 2004))
              Rows Removed by Filter: 2515262
Planning time: 0.823 ms
Execution time: 2391.715 ms
