Seq Scan on movie_keyword mk  (cost=0.00..81003.12 rows=2481538 width=0) (actual time=0.028..1462.857 rows=2476485 loops=1)
  Filter: (keyword_id < 5990)
  Rows Removed by Filter: 2047445
Planning time: 0.298 ms
Execution time: 1786.781 ms
