Seq Scan on title t  (cost=0.00..73925.90 rows=1963 width=0) (actual time=60.917..1058.356 rows=4367 loops=1)
  Filter: ((kind_id = 1) AND (production_year = 1976))
  Rows Removed by Filter: 2523945
Planning time: 0.254 ms
Execution time: 1059.382 ms
