Hash Join  (cost=141014.78..895945.10 rows=414115 width=0) (actual time=2392.723..17485.301 rows=339570 loops=1)
  Hash Cond: (ci.movie_id = t.id)
  ->  Seq Scan on cast_info ci  (cost=0.00..614943.12 rows=36225612 width=4) (actual time=0.020..7421.417 rows=36244344 loops=1)
  ->  Hash  (cost=140653.47..140653.47 rows=28905 width=8) (actual time=2392.485..2392.485 rows=11273 loops=1)
        Buckets: 32768  Batches: 1  Memory Usage: 697kB
        ->  Hash Join  (cost=78144.34..140653.47 rows=28905 width=8) (actual time=1367.247..2387.708 rows=11273 loops=1)
              Hash Cond: (mc.movie_id = t.id)
              ->  Seq Scan on movie_companies mc  (cost=0.00..57926.93 rows=284305 width=4) (actual time=0.040..850.967 rows=144393 loops=1)
                    Filter: ((company_id < 575) AND (company_type_id = 2))
                    Rows Removed by Filter: 2464736
              ->  Hash  (cost=73925.90..73925.90 rows=257075 width=4) (actual time=1366.575..1366.575 rows=366618 loops=1)
                    Buckets: 131072 (originally 131072)  Batches: 8 (originally 4)  Memory Usage: 3073kB
                    ->  Seq Scan on title t  (cost=0.00..73925.90 rows=257075 width=4) (actual time=0.013..1215.244 rows=366618 loops=1)
                          Filter: ((kind_id < 2) AND (production_year < 1999))
                          Rows Removed by Filter: 2161694
Planning time: 1.219 ms
Execution time: 17534.809 ms
