Hash Join  (cost=74823.14..206415.82 rows=787164 width=0) (actual time=1192.647..5046.649 rows=1110484 loops=1)
  Hash Cond: (mk.movie_id = t.id)
  ->  Seq Scan on movie_keyword mk  (cost=0.00..69693.30 rows=4523930 width=4) (actual time=0.023..1437.276 rows=4523930 loops=1)
  ->  Hash  (cost=67604.59..67604.59 rows=439964 width=4) (actual time=1191.647..1191.647 rows=437515 loops=1)
        Buckets: 131072  Batches: 8  Memory Usage: 2950kB
        ->  Seq Scan on title t  (cost=0.00..67604.59 rows=439964 width=4) (actual time=0.019..1046.958 rows=437515 loops=1)
              Filter: (production_year < 1975)
              Rows Removed by Filter: 2090797
Planning time: 1.956 ms
Execution time: 5180.304 ms
