Seq Scan on movie_companies mc  (cost=0.00..51404.11 rows=104 width=0) (actual time=54.143..777.661 rows=16 loops=1)
  Filter: (company_id = 106546)
  Rows Removed by Filter: 2609113
Planning time: 0.344 ms
Execution time: 777.744 ms
