Seq Scan on movie_keyword mk  (cost=0.00..81003.12 rows=1732902 width=0) (actual time=0.028..1387.831 rows=1742119 loops=1)
  Filter: (keyword_id < 2849)
  Rows Removed by Filter: 2781811
Planning time: 0.314 ms
Execution time: 1609.952 ms
