Hash Join  (cost=73930.93..889882.61 rows=843 width=0) (actual time=2228.557..15789.172 rows=257 loops=1)
  Hash Cond: (ci.movie_id = t.id)
  ->  Seq Scan on cast_info ci  (cost=0.00..796071.18 rows=5299219 width=4) (actual time=1285.532..14027.906 rows=7451973 loops=1)
        Filter: ((person_id < 2722557) AND (role_id = 2))
        Rows Removed by Filter: 28792371
  ->  Hash  (cost=73925.90..73925.90 rows=402 width=4) (actual time=911.100..911.100 rows=137 loops=1)
        Buckets: 1024  Batches: 1  Memory Usage: 13kB
        ->  Seq Scan on title t  (cost=0.00..73925.90 rows=402 width=4) (actual time=24.064..910.870 rows=137 loops=1)
              Filter: ((production_year > 2013) AND (kind_id = 7))
              Rows Removed by Filter: 2528175
Planning time: 0.788 ms
Execution time: 15789.328 ms
