Hash Join  (cost=144514.01..232287.17 rows=111513 width=0) (actual time=3143.025..5938.867 rows=894943 loops=1)
  Hash Cond: (mk.movie_id = t.id)
  ->  Seq Scan on movie_keyword mk  (cost=0.00..69693.30 rows=4523930 width=4) (actual time=0.007..1021.895 rows=4523930 loops=1)
  ->  Hash  (cost=143734.92..143734.92 rows=62327 width=8) (actual time=3142.593..3142.593 rows=206443 loops=1)
        Buckets: 131072 (originally 65536)  Batches: 4 (originally 1)  Memory Usage: 3073kB
        ->  Hash Join  (cost=75870.49..143734.92 rows=62327 width=8) (actual time=1491.770..3064.813 rows=206443 loops=1)
              Hash Cond: (mc.movie_id = t.id)
              ->  Seq Scan on movie_companies mc  (cost=0.00..51404.11 rows=1329612 width=4) (actual time=160.731..1031.700 rows=1334883 loops=1)
                    Filter: (company_type_id = 2)
                    Rows Removed by Filter: 1274246
              ->  Hash  (cost=73925.90..73925.90 rows=118527 width=4) (actual time=1327.761..1327.761 rows=217379 loops=1)
                    Buckets: 131072 (originally 131072)  Batches: 4 (originally 2)  Memory Usage: 3073kB
                    ->  Seq Scan on title t  (cost=0.00..73925.90 rows=118527 width=4) (actual time=0.085..1246.592 rows=217379 loops=1)
                          Filter: ((kind_id < 7) AND (production_year < 1965))
                          Rows Removed by Filter: 2310933
Planning time: 1.162 ms
Execution time: 6038.156 ms
