Hash Join  (cost=169002.34..673322.23 rows=2297396 width=0) (actual time=4180.077..16128.058 rows=1373858 loops=1)
  Hash Cond: (mi.movie_id = t.id)
  ->  Seq Scan on movie_info mi  (cost=0.00..309384.22 rows=14739122 width=4) (actual time=0.022..5889.867 rows=14835720 loops=1)
  ->  Hash  (cost=162535.80..162535.80 rows=394123 width=8) (actual time=3560.456..3560.456 rows=174739 loops=1)
        Buckets: 131072  Batches: 8  Memory Usage: 1883kB
        ->  Hash Join  (cost=92883.59..162535.80 rows=394123 width=8) (actual time=1777.491..3506.180 rows=174739 loops=1)
              Hash Cond: (mc.movie_id = t.id)
              ->  Seq Scan on movie_companies mc  (cost=0.00..51404.11 rows=646775 width=4) (actual time=0.027..843.343 rows=652517 loops=1)
                    Filter: (company_id > 54349)
                    Rows Removed by Filter: 1956612
              ->  Hash  (cost=67604.59..67604.59 rows=1540800 width=4) (actual time=1741.135..1741.135 rows=1543264 loops=1)
                    Buckets: 131072  Batches: 32  Memory Usage: 2722kB
                    ->  Seq Scan on title t  (cost=0.00..67604.59 rows=1540800 width=4) (actual time=0.010..1243.980 rows=1543264 loops=1)
                          Filter: (kind_id = 7)
                          Rows Removed by Filter: 985048
Planning time: 1.146 ms
Execution time: 16277.846 ms
