Seq Scan on movie_keyword mk  (cost=0.00..81003.12 rows=2998713 width=0) (actual time=0.024..1607.095 rows=2983259 loops=1)
  Filter: (keyword_id < 10289)
  Rows Removed by Filter: 1540671
Planning time: 0.310 ms
Execution time: 1985.791 ms
