Hash Join  (cost=195723.15..583866.36 rows=196523 width=0) (actual time=8163.693..11397.876 rows=342027 loops=1)
  Hash Cond: (mi.movie_id = t.id)
  ->  Seq Scan on movie_info mi  (cost=0.00..346232.03 rows=3068194 width=4) (actual time=4014.208..5926.761 rows=3036719 loops=1)
        Filter: (info_type_id = 16)
        Rows Removed by Filter: 11799001
  ->  Hash  (cost=193065.70..193065.70 rows=161956 width=8) (actual time=4148.341..4148.341 rows=183129 loops=1)
        Buckets: 131072  Batches: 4  Memory Usage: 2840kB
        ->  Hash Join  (cost=69090.10..193065.70 rows=161956 width=8) (actual time=2286.485..4091.874 rows=183129 loops=1)
              Hash Cond: (mk.movie_id = t.id)
              ->  Seq Scan on movie_keyword mk  (cost=0.00..69693.30 rows=4523930 width=4) (actual time=0.061..1408.801 rows=4523930 loops=1)
              ->  Hash  (cost=67604.59..67604.59 rows=90521 width=4) (actual time=1298.471..1298.471 rows=90852 loops=1)
                    Buckets: 131072  Batches: 2  Memory Usage: 2632kB
                    ->  Seq Scan on title t  (cost=0.00..67604.59 rows=90521 width=4) (actual time=0.026..977.154 rows=90852 loops=1)
                          Filter: (kind_id = 2)
                          Rows Removed by Filter: 2437460
Planning time: 1.784 ms
Execution time: 11438.173 ms
