Hash Join  (cost=168364.55..536506.24 rows=348577 width=0) (actual time=3004.979..11884.918 rows=3017999 loops=1)
  Hash Cond: (mi.movie_id = t.id)
  ->  Seq Scan on movie_info mi  (cost=0.00..309384.22 rows=14739122 width=4) (actual time=0.010..4328.716 rows=14835720 loops=1)
  ->  Hash  (cost=167617.06..167617.06 rows=59799 width=8) (actual time=3003.776..3003.776 rows=57982 loops=1)
        Buckets: 65536  Batches: 1  Memory Usage: 2777kB
        ->  Hash Join  (cost=69374.09..167617.06 rows=59799 width=8) (actual time=1014.106..2978.282 rows=57982 loops=1)
              Hash Cond: (mk.movie_id = t.id)
              ->  Seq Scan on movie_keyword mk  (cost=0.00..81003.12 rows=1402629 width=4) (actual time=0.023..1461.979 rows=1418954 loops=1)
                    Filter: (keyword_id < 1951)
                    Rows Removed by Filter: 3104976
              ->  Hash  (cost=67604.59..67604.59 rows=107800 width=4) (actual time=1013.107..1013.107 rows=108429 loops=1)
                    Buckets: 131072  Batches: 2  Memory Usage: 2938kB
                    ->  Seq Scan on title t  (cost=0.00..67604.59 rows=107800 width=4) (actual time=0.012..969.910 rows=108429 loops=1)
                          Filter: (production_year = 2006)
                          Rows Removed by Filter: 2419883
Planning time: 1.241 ms
Execution time: 12273.684 ms
