Hash Join  (cost=100908.38..191426.03 rows=1589 width=0) (actual time=1610.360..3437.805 rows=33744 loops=1)
  Hash Cond: (mk.movie_id = t.id)
  ->  Seq Scan on movie_keyword mk  (cost=0.00..81003.12 rows=2532968 width=4) (actual time=0.014..1435.764 rows=2526524 loops=1)
        Filter: (keyword_id < 6266)
        Rows Removed by Filter: 1997406
  ->  Hash  (cost=100888.56..100888.56 rows=1586 width=8) (actual time=1608.726..1608.726 rows=6653 loops=1)
        Buckets: 8192 (originally 2048)  Batches: 1 (originally 1)  Memory Usage: 324kB
        ->  Hash Join  (cost=73962.22..100888.56 rows=1586 width=8) (actual time=1032.562..1606.220 rows=6653 loops=1)
              Hash Cond: (mi_idx.movie_id = t.id)
              ->  Seq Scan on movie_info_idx mi_idx  (cost=0.00..21735.35 rows=1380035 width=4) (actual time=0.018..297.939 rows=1380035 loops=1)
              ->  Hash  (cost=73925.90..73925.90 rows=2905 width=4) (actual time=1032.510..1032.510 rows=5861 loops=1)
                    Buckets: 8192 (originally 4096)  Batches: 1 (originally 1)  Memory Usage: 271kB
                    ->  Seq Scan on title t  (cost=0.00..73925.90 rows=2905 width=4) (actual time=0.022..1029.569 rows=5861 loops=1)
                          Filter: ((kind_id < 7) AND (production_year = 1969))
                          Rows Removed by Filter: 2522451
Planning time: 1.207 ms
Execution time: 3442.669 ms
