Hash Join  (cost=358082.90..1145883.77 rows=23685123 width=0) (actual time=8188.363..73288.941 rows=217239831 loops=1)
  Hash Cond: (mi.movie_id = t.id)
  ->  Seq Scan on movie_info mi  (cost=0.00..309384.22 rows=14739122 width=4) (actual time=0.019..6098.617 rows=14835720 loops=1)
  ->  Hash  (cost=291420.50..291420.50 rows=4063232 width=8) (actual time=8187.630..8187.630 rows=4052028 loops=1)
        Buckets: 131072  Batches: 64  Memory Usage: 3603kB
        ->  Hash Join  (cost=102767.86..291420.50 rows=4063232 width=8) (actual time=1978.921..7067.764 rows=4052028 loops=1)
              Hash Cond: (mk.movie_id = t.id)
              ->  Seq Scan on movie_keyword mk  (cost=0.00..81003.12 rows=4063232 width=4) (actual time=0.016..1776.419 rows=4052028 loops=1)
                    Filter: (keyword_id > 355)
                    Rows Removed by Filter: 471902
              ->  Hash  (cost=61283.27..61283.27 rows=2528527 width=4) (actual time=1976.698..1976.698 rows=2528312 loops=1)
                    Buckets: 131072  Batches: 64  Memory Usage: 2425kB
                    ->  Seq Scan on title t  (cost=0.00..61283.27 rows=2528527 width=4) (actual time=0.022..1118.591 rows=2528312 loops=1)
Planning time: 1.124 ms
Execution time: 97273.042 ms
