Hash Join  (cost=125875.45..212536.26 rows=277 width=0) (actual time=2258.999..3785.897 rows=9796 loops=1)
  Hash Cond: (mk.movie_id = t.id)
  ->  Seq Scan on movie_keyword mk  (cost=0.00..69693.30 rows=4523930 width=4) (actual time=0.015..952.058 rows=4523930 loops=1)
  ->  Hash  (cost=125873.51..125873.51 rows=155 width=8) (actual time=2035.633..2035.633 rows=904 loops=1)
        Buckets: 1024  Batches: 1  Memory Usage: 44kB
        ->  Hash Join  (cost=73962.22..125873.51 rows=155 width=8) (actual time=1567.957..2035.179 rows=904 loops=1)
              Hash Cond: (mc.movie_id = t.id)
              ->  Seq Scan on movie_companies mc  (cost=0.00..51404.11 rows=134836 width=4) (actual time=433.307..867.536 rows=133940 loops=1)
                    Filter: (company_id > 139295)
                    Rows Removed by Filter: 2475189
              ->  Hash  (cost=73925.90..73925.90 rows=2905 width=4) (actual time=1134.455..1134.455 rows=7852 loops=1)
                    Buckets: 8192 (originally 4096)  Batches: 1 (originally 1)  Memory Usage: 341kB
                    ->  Seq Scan on title t  (cost=0.00..73925.90 rows=2905 width=4) (actual time=0.608..1130.453 rows=7852 loops=1)
                          Filter: ((kind_id < 7) AND (production_year = 1986))
                          Rows Removed by Filter: 2520460
Planning time: 0.765 ms
Execution time: 3787.435 ms
