Hash Join  (cost=86275.83..612899.47 rows=4387671 width=0) (actual time=1388.976..16627.102 rows=7220455 loops=1)
  Hash Cond: (mi.movie_id = t.id)
  ->  Seq Scan on movie_info mi  (cost=0.00..309384.22 rows=14739122 width=4) (actual time=0.022..6159.278 rows=14835720 loops=1)
  ->  Hash  (cost=73925.90..73925.90 rows=752714 width=4) (actual time=1388.276..1388.276 rows=657199 loops=1)
        Buckets: 131072  Batches: 16  Memory Usage: 2477kB
        ->  Seq Scan on title t  (cost=0.00..73925.90 rows=752714 width=4) (actual time=0.021..1143.239 rows=657199 loops=1)
              Filter: ((kind_id < 7) AND (production_year > 1981))
              Rows Removed by Filter: 1871113
Planning time: 0.750 ms
Execution time: 17441.674 ms
