Hash Join  (cost=102767.86..296384.36 rows=4269500 width=0) (actual time=1983.111..7231.753 rows=4251484 loops=1)
  Hash Cond: (mk.movie_id = t.id)
  ->  Seq Scan on movie_keyword mk  (cost=0.00..81003.12 rows=4269500 width=4) (actual time=0.018..1767.171 rows=4251484 loops=1)
        Filter: (keyword_id > 230)
        Rows Removed by Filter: 272446
  ->  Hash  (cost=61283.27..61283.27 rows=2528527 width=4) (actual time=1981.714..1981.714 rows=2528312 loops=1)
        Buckets: 131072  Batches: 64  Memory Usage: 2425kB
        ->  Seq Scan on title t  (cost=0.00..61283.27 rows=2528527 width=4) (actual time=0.009..1117.977 rows=2528312 loops=1)
Planning time: 0.467 ms
Execution time: 7736.654 ms
