Hash Join  (cost=128331.06..232812.70 rows=185068 width=0) (actual time=3430.181..4697.920 rows=179979 loops=1)
  Hash Cond: (mk.movie_id = t.id)
  ->  Seq Scan on movie_keyword mk  (cost=0.00..81003.12 rows=1781554 width=4) (actual time=0.020..1490.599 rows=1785988 loops=1)
        Filter: (keyword_id > 7771)
        Rows Removed by Filter: 2737942
  ->  Hash  (cost=124020.76..124020.76 rows=262664 width=8) (actual time=2466.857..2466.857 rows=115854 loops=1)
        Buckets: 131072  Batches: 4  Memory Usage: 2155kB
        ->  Hash Join  (cost=81821.64..124020.76 rows=262664 width=8) (actual time=1359.003..2433.956 rows=115854 loops=1)
              Hash Cond: (mi_idx.movie_id = t.id)
              ->  Seq Scan on movie_info_idx mi_idx  (cost=0.00..21735.35 rows=1380035 width=4) (actual time=0.010..426.554 rows=1380035 loops=1)
              ->  Hash  (cost=73925.90..73925.90 rows=481259 width=4) (actual time=1357.935..1357.935 rows=518327 loops=1)
                    Buckets: 131072  Batches: 8  Memory Usage: 3301kB
                    ->  Seq Scan on title t  (cost=0.00..73925.90 rows=481259 width=4) (actual time=0.018..1193.939 rows=518327 loops=1)
                          Filter: ((production_year > 2007) AND (kind_id = 7))
                          Rows Removed by Filter: 2009985
Planning time: 1.187 ms
Execution time: 4721.889 ms
