Hash Join  (cost=944091.89..1085147.62 rows=1563869 width=0) (actual time=13846.574..17910.456 rows=3450257 loops=1)
  Hash Cond: (mk.movie_id = t.id)
  ->  Seq Scan on movie_keyword mk  (cost=0.00..69693.30 rows=4523930 width=4) (actual time=0.017..1446.281 rows=4523930 loops=1)
  ->  Hash  (cost=929750.87..929750.87 rows=874082 width=8) (actual time=13845.627..13845.627 rows=428544 loops=1)
        Buckets: 131072  Batches: 16  Memory Usage: 2074kB
        ->  Hash Join  (cost=102767.86..929750.87 rows=874082 width=8) (actual time=6700.412..13719.731 rows=428544 loops=1)
              Hash Cond: (ci.movie_id = t.id)
              ->  Seq Scan on cast_info ci  (cost=0.00..796071.18 rows=874082 width=4) (actual time=4795.086..11032.528 rows=428544 loops=1)
                    Filter: ((person_id < 342758) AND (role_id > 5))
                    Rows Removed by Filter: 35815800
              ->  Hash  (cost=61283.27..61283.27 rows=2528527 width=4) (actual time=1903.751..1903.751 rows=2528312 loops=1)
                    Buckets: 131072  Batches: 64  Memory Usage: 2415kB
                    ->  Seq Scan on title t  (cost=0.00..61283.27 rows=2528527 width=4) (actual time=0.013..1077.830 rows=2528312 loops=1)
Planning time: 1.107 ms
Execution time: 18277.140 ms
