Hash Join  (cost=157464.08..184387.45 rows=1289 width=0) (actual time=2747.535..3294.523 rows=1707 loops=1)
  Hash Cond: (mi_idx.movie_id = t.id)
  ->  Seq Scan on movie_info_idx mi_idx  (cost=0.00..21735.35 rows=1380035 width=4) (actual time=0.019..284.877 rows=1380035 loops=1)
  ->  Hash  (cost=157434.57..157434.57 rows=2361 width=8) (actual time=2747.314..2747.314 rows=4233 loops=1)
        Buckets: 8192 (originally 4096)  Batches: 1 (originally 1)  Memory Usage: 230kB
        ->  Hash Join  (cost=75227.65..157434.57 rows=2361 width=8) (actual time=1386.566..2745.410 rows=4233 loops=1)
              Hash Cond: (mk.movie_id = t.id)
              ->  Seq Scan on movie_keyword mk  (cost=0.00..81003.12 rows=75248 width=4) (actual time=0.039..1316.592 rows=72496 loops=1)
                    Filter: (keyword_id = 335)
                    Rows Removed by Filter: 4451434
              ->  Hash  (cost=73925.90..73925.90 rows=79340 width=4) (actual time=1281.762..1281.762 rows=92312 loops=1)
                    Buckets: 131072  Batches: 2  Memory Usage: 2654kB
                    ->  Seq Scan on title t  (cost=0.00..73925.90 rows=79340 width=4) (actual time=0.014..1202.621 rows=92312 loops=1)
                          Filter: ((kind_id > 1) AND (production_year = 2006))
                          Rows Removed by Filter: 2436000
Planning time: 1.169 ms
Execution time: 3295.192 ms
