Hash Join  (cost=365418.15..1837659.97 rows=38897809 width=0) (actual time=8188.080..63937.945 rows=126412887 loops=1)
  Hash Cond: (ci.movie_id = t.id)
  ->  Seq Scan on cast_info ci  (cost=0.00..705507.15 rows=21740867 width=4) (actual time=0.023..15202.066 rows=21834400 loops=1)
        Filter: (person_id > 1419272)
        Rows Removed by Filter: 14409944
  ->  Hash  (cost=291197.02..291197.02 rows=4523930 width=8) (actual time=8187.008..8187.008 rows=4523930 loops=1)
        Buckets: 131072  Batches: 64  Memory Usage: 3816kB
        ->  Hash Join  (cost=102767.86..291197.02 rows=4523930 width=8) (actual time=1986.096..6964.841 rows=4523930 loops=1)
              Hash Cond: (mk.movie_id = t.id)
              ->  Seq Scan on movie_keyword mk  (cost=0.00..69693.30 rows=4523930 width=4) (actual time=0.022..1424.505 rows=4523930 loops=1)
              ->  Hash  (cost=61283.27..61283.27 rows=2528527 width=4) (actual time=1985.120..1985.120 rows=2528312 loops=1)
                    Buckets: 131072  Batches: 64  Memory Usage: 2425kB
                    ->  Seq Scan on title t  (cost=0.00..61283.27 rows=2528527 width=4) (actual time=0.011..1118.411 rows=2528312 loops=1)
Planning time: 1.183 ms
Execution time: 76944.070 ms
