Hash Join  (cost=253370.44..888877.78 rows=12865551 width=0) (actual time=6297.572..34734.738 rows=60490670 loops=1)
  Hash Cond: (mi.movie_id = t.id)
  ->  Seq Scan on movie_info mi  (cost=0.00..309384.22 rows=14739122 width=4) (actual time=0.021..6313.480 rows=14835720 loops=1)
  ->  Hash  (cost=217159.54..217159.54 rows=2207112 width=8) (actual time=6295.563..6295.563 rows=2202785 loops=1)
        Buckets: 131072  Batches: 32  Memory Usage: 3751kB
        ->  Hash Join  (cost=102767.86..217159.54 rows=2207112 width=8) (actual time=1993.443..5624.128 rows=2202785 loops=1)
              Hash Cond: (mc.movie_id = t.id)
              ->  Seq Scan on movie_companies mc  (cost=0.00..51404.11 rows=2207112 width=4) (actual time=0.020..1113.900 rows=2202785 loops=1)
                    Filter: (company_id < 81477)
                    Rows Removed by Filter: 406344
              ->  Hash  (cost=61283.27..61283.27 rows=2528527 width=4) (actual time=1992.652..1992.652 rows=2528312 loops=1)
                    Buckets: 131072  Batches: 64  Memory Usage: 2415kB
                    ->  Seq Scan on title t  (cost=0.00..61283.27 rows=2528527 width=4) (actual time=0.017..1141.487 rows=2528312 loops=1)
Planning time: 1.087 ms
Execution time: 41312.578 ms
