Hash Join  (cost=422351.01..1254748.65 rows=18033 width=0) (actual time=13092.248..20854.850 rows=185425 loops=1)
  Hash Cond: (ci.movie_id = t.id)
  ->  Seq Scan on cast_info ci  (cost=0.00..796071.18 rows=9638963 width=4) (actual time=6389.521..12531.210 rows=7464262 loops=1)
        Filter: ((person_id > 2597733) AND (role_id < 10))
        Rows Removed by Filter: 28780082
  ->  Hash  (cost=422291.87..422291.87 rows=4731 width=8) (actual time=6702.151..6702.151 rows=25432 loops=1)
        Buckets: 32768 (originally 8192)  Batches: 1 (originally 1)  Memory Usage: 1250kB
        ->  Hash Join  (cost=74242.71..422291.87 rows=4731 width=8) (actual time=3509.514..6693.001 rows=25432 loops=1)
              Hash Cond: (mi.movie_id = t.id)
              ->  Seq Scan on movie_info mi  (cost=0.00..346232.03 rows=471955 width=4) (actual time=2214.162..5411.750 rows=543367 loops=1)
                    Filter: (info_type_id > 98)
                    Rows Removed by Filter: 14292353
              ->  Hash  (cost=73925.90..73925.90 rows=25344 width=4) (actual time=1175.124..1175.124 rows=15457 loops=1)
                    Buckets: 32768  Batches: 1  Memory Usage: 800kB
                    ->  Seq Scan on title t  (cost=0.00..73925.90 rows=25344 width=4) (actual time=0.041..1168.454 rows=15457 loops=1)
                          Filter: ((kind_id = 1) AND (production_year = 2005))
                          Rows Removed by Filter: 2512855
Planning time: 1.215 ms
Execution time: 20881.326 ms
