Seq Scan on movie_keyword mk  (cost=0.00..81003.12 rows=428635 width=0) (actual time=0.023..1246.046 rows=441219 loops=1)
  Filter: (keyword_id < 343)
  Rows Removed by Filter: 4082711
Planning time: 0.352 ms
Execution time: 1303.909 ms
