Nested Loop  (cost=0.43..83072.90 rows=61 width=0) (actual time=192.569..1426.757 rows=598 loops=1)
  ->  Seq Scan on movie_keyword mk  (cost=0.00..81003.12 rows=246 width=4) (actual time=4.124..1369.760 rows=985 loops=1)
        Filter: (keyword_id = 979)
        Rows Removed by Filter: 4522945
  ->  Index Scan using title_pkey on title t  (cost=0.43..8.40 rows=1 width=4) (actual time=0.056..0.056 rows=1 loops=985)
        Index Cond: (id = mk.movie_id)
        Filter: ((production_year < 2013) AND (kind_id = 1))
        Rows Removed by Filter: 0
Planning time: 0.545 ms
Execution time: 1427.112 ms
