Seq Scan on cast_info ci  (cost=0.00..796071.18 rows=166376 width=0) (actual time=6900.955..13500.255 rows=242703 loops=1)
  Filter: ((person_id > 1885284) AND (role_id > 10))
  Rows Removed by Filter: 36001641
Planning time: 0.343 ms
Execution time: 13530.263 ms
