Seq Scan on title t  (cost=0.00..73925.90 rows=4569 width=0) (actual time=0.998..952.886 rows=8015 loops=1)
  Filter: ((kind_id > 4) AND (production_year = 1975))
  Rows Removed by Filter: 2520297
Planning time: 0.365 ms
Execution time: 954.832 ms
