Hash Join  (cost=74223.04..135999.44 rows=9414 width=0) (actual time=1584.133..2503.422 rows=11691 loops=1)
  Hash Cond: (mc.movie_id = t.id)
  ->  Seq Scan on movie_companies mc  (cost=0.00..57926.93 rows=1001420 width=4) (actual time=385.230..1139.194 rows=704924 loops=1)
        Filter: ((company_id < 54943) AND (company_type_id > 1))
        Rows Removed by Filter: 1904205
  ->  Hash  (cost=73925.90..73925.90 rows=23771 width=4) (actual time=1198.544..1198.544 rows=20633 loops=1)
        Buckets: 32768  Batches: 1  Memory Usage: 982kB
        ->  Seq Scan on title t  (cost=0.00..73925.90 rows=23771 width=4) (actual time=0.314..1189.164 rows=20633 loops=1)
              Filter: ((kind_id < 7) AND (production_year = 2002))
              Rows Removed by Filter: 2507679
Planning time: 0.741 ms
Execution time: 2505.410 ms
