Seq Scan on movie_companies mc  (cost=0.00..57926.93 rows=53 width=0) (actual time=581.717..974.012 rows=3 loops=1)
  Filter: ((company_type_id > 1) AND (company_id = 11456))
  Rows Removed by Filter: 2609126
Planning time: 0.375 ms
Execution time: 974.114 ms
