Hash Join  (cost=170590.20..1225067.17 rows=2012475 width=0) (actual time=3428.448..34152.656 rows=6805608 loops=1)
  Hash Cond: (ci.movie_id = t.id)
  ->  Seq Scan on cast_info ci  (cost=0.00..614943.12 rows=36225612 width=4) (actual time=0.019..13351.340 rows=36244344 loops=1)
  ->  Hash  (cost=168285.32..168285.32 rows=140470 width=8) (actual time=3426.882..3426.882 rows=212407 loops=1)
        Buckets: 131072 (originally 131072)  Batches: 4 (originally 2)  Memory Usage: 3129kB
        ->  Hash Join  (cost=74823.14..168285.32 rows=140470 width=8) (actual time=1411.165..3352.099 rows=212407 loops=1)
              Hash Cond: (mk.movie_id = t.id)
              ->  Seq Scan on movie_keyword mk  (cost=0.00..81003.12 rows=807296 width=4) (actual time=0.012..1443.926 rows=811103 loops=1)
                    Filter: (keyword_id > 22670)
                    Rows Removed by Filter: 3712827
              ->  Hash  (cost=67604.59..67604.59 rows=439964 width=4) (actual time=1410.409..1410.409 rows=437515 loops=1)
                    Buckets: 131072  Batches: 8  Memory Usage: 2950kB
                    ->  Seq Scan on title t  (cost=0.00..67604.59 rows=439964 width=4) (actual time=0.016..1266.418 rows=437515 loops=1)
                          Filter: (production_year < 1975)
                          Rows Removed by Filter: 2090797
Planning time: 1.135 ms
Execution time: 34940.226 ms
