Hash Join  (cost=190137.52..713618.22 rows=4093177 width=0) (actual time=4365.311..17428.260 rows=1893313 loops=1)
  Hash Cond: (mi.movie_id = t.id)
  ->  Seq Scan on movie_info mi  (cost=0.00..309384.22 rows=14739122 width=4) (actual time=0.008..6402.041 rows=14835720 loops=1)
  ->  Hash  (cost=178617.11..178617.11 rows=702193 width=8) (actual time=3770.131..3770.131 rows=184182 loops=1)
        Buckets: 131072  Batches: 16  Memory Usage: 1467kB
        ->  Hash Join  (cost=92883.59..178617.11 rows=702193 width=8) (actual time=2319.009..3711.230 rows=184182 loops=1)
              Hash Cond: (mc.movie_id = t.id)
              ->  Seq Scan on movie_companies mc  (cost=0.00..57926.93 rows=1152332 width=4) (actual time=0.026..1182.532 rows=1078467 loops=1)
                    Filter: ((company_id > 122) AND (company_type_id < 2))
                    Rows Removed by Filter: 1530662
              ->  Hash  (cost=67604.59..67604.59 rows=1540800 width=4) (actual time=1692.101..1692.101 rows=1543264 loops=1)
                    Buckets: 131072  Batches: 32  Memory Usage: 2722kB
                    ->  Seq Scan on title t  (cost=0.00..67604.59 rows=1540800 width=4) (actual time=0.024..1210.641 rows=1543264 loops=1)
                          Filter: (kind_id = 7)
                          Rows Removed by Filter: 985048
Planning time: 1.169 ms
Execution time: 17648.215 ms
