Hash Join  (cost=190230.21..1237250.58 rows=10778266 width=0) (actual time=4880.167..35220.739 rows=21711192 loops=1)
  Hash Cond: (ci.movie_id = t.id)
  ->  Seq Scan on cast_info ci  (cost=0.00..705507.15 rows=19748149 width=4) (actual time=198.794..14997.203 rows=19916879 loops=1)
        Filter: (person_id > 1617372)
        Rows Removed by Filter: 16327465
  ->  Hash  (cost=167588.78..167588.78 rows=1380035 width=8) (actual time=4679.943..4679.943 rows=1380035 loops=1)
        Buckets: 131072  Batches: 32  Memory Usage: 2708kB
        ->  Hash Join  (cost=102767.86..167588.78 rows=1380035 width=8) (actual time=1935.130..4267.020 rows=1380035 loops=1)
              Hash Cond: (mi_idx.movie_id = t.id)
              ->  Seq Scan on movie_info_idx mi_idx  (cost=0.00..21735.35 rows=1380035 width=4) (actual time=0.033..500.986 rows=1380035 loops=1)
              ->  Hash  (cost=61283.27..61283.27 rows=2528527 width=4) (actual time=1933.536..1933.536 rows=2528312 loops=1)
                    Buckets: 131072  Batches: 64  Memory Usage: 2415kB
                    ->  Seq Scan on title t  (cost=0.00..61283.27 rows=2528527 width=4) (actual time=0.020..1102.307 rows=2528312 loops=1)
Planning time: 8.521 ms
Execution time: 37607.353 ms
