Seq Scan on movie_keyword mk  (cost=0.00..81003.12 rows=4367997 width=0) (actual time=0.016..1291.903 rows=4370983 loops=1)
  Filter: (keyword_id < 73557)
  Rows Removed by Filter: 152947
Planning time: 0.354 ms
Execution time: 1770.863 ms
