Seq Scan on movie_keyword mk  (cost=0.00..81003.12 rows=246 width=0) (actual time=0.158..1413.994 rows=757 loops=1)
  Filter: (keyword_id = 11537)
  Rows Removed by Filter: 4523173
Planning time: 0.418 ms
Execution time: 1414.318 ms
