Hash Join  (cost=102767.86..172715.86 rows=89050 width=0) (actual time=2364.426..3795.751 rows=174534 loops=1)
  Hash Cond: (mc.movie_id = t.id)
  ->  Seq Scan on movie_companies mc  (cost=0.00..57926.93 rows=89050 width=4) (actual time=86.629..1006.626 rows=174534 loops=1)
        Filter: ((company_id > 122191) AND (company_type_id > 1))
        Rows Removed by Filter: 2434595
  ->  Hash  (cost=61283.27..61283.27 rows=2528527 width=4) (actual time=2276.611..2276.611 rows=2528312 loops=1)
        Buckets: 131072  Batches: 64  Memory Usage: 2415kB
        ->  Seq Scan on title t  (cost=0.00..61283.27 rows=2528527 width=4) (actual time=0.021..1153.634 rows=2528312 loops=1)
Planning time: 0.713 ms
Execution time: 3816.485 ms
