Hash Join  (cost=922493.84..1432131.22 rows=2795746 width=0) (actual time=13627.281..25937.160 rows=301464 loops=1)
  Hash Cond: (mi.movie_id = t.id)
  ->  Seq Scan on movie_info mi  (cost=0.00..309384.22 rows=14739122 width=4) (actual time=0.024..5896.699 rows=14835720 loops=1)
  ->  Hash  (cost=914624.64..914624.64 rows=479616 width=8) (actual time=13626.416..13626.416 rows=58037 loops=1)
        Buckets: 131072  Batches: 8  Memory Usage: 1309kB
        ->  Hash Join  (cost=98137.04..914624.64 rows=479616 width=8) (actual time=12411.104..13606.769 rows=58037 loops=1)
              Hash Cond: (ci.movie_id = t.id)
              ->  Seq Scan on cast_info ci  (cost=0.00..796071.18 rows=651652 width=4) (actual time=10484.201..11324.936 rows=76104 loops=1)
                    Filter: ((person_id > 3051039) AND (role_id = 3))
                    Rows Removed by Filter: 36168240
              ->  Hash  (cost=67604.59..67604.59 rows=1860996 width=4) (actual time=1925.523..1925.523 rows=1865487 loops=1)
                    Buckets: 131072  Batches: 32  Memory Usage: 3079kB
                    ->  Seq Scan on title t  (cost=0.00..67604.59 rows=1860996 width=4) (actual time=0.020..1304.643 rows=1865487 loops=1)
                          Filter: (kind_id > 1)
                          Rows Removed by Filter: 662825
Planning time: 5.034 ms
Execution time: 25974.874 ms
