Nested Loop  (cost=0.43..798851.07 rows=332 width=0) (actual time=13095.814..14247.125 rows=315 loops=1)
  ->  Seq Scan on cast_info ci  (cost=0.00..796071.18 rows=332 width=4) (actual time=13095.720..14242.085 rows=315 loops=1)
        Filter: ((role_id < 4) AND (person_id = 460337))
        Rows Removed by Filter: 36244029
  ->  Index Only Scan using title_pkey on title t  (cost=0.43..8.36 rows=1 width=4) (actual time=0.015..0.015 rows=1 loops=315)
        Index Cond: (id = ci.movie_id)
        Heap Fetches: 315
Planning time: 0.805 ms
Execution time: 14247.269 ms
