Hash Join  (cost=96023.02..462614.98 rows=193601 width=0) (actual time=1777.636..10311.222 rows=643672 loops=1)
  Hash Cond: (mi.movie_id = t.id)
  ->  Seq Scan on movie_info mi  (cost=0.00..309384.22 rows=14739122 width=4) (actual time=0.020..4702.657 rows=14835720 loops=1)
  ->  Hash  (cost=95607.86..95607.86 rows=33213 width=8) (actual time=1777.200..1777.200 rows=41527 loops=1)
        Buckets: 65536  Batches: 1  Memory Usage: 2135kB
        ->  Hash Join  (cost=68365.25..95607.86 rows=33213 width=8) (actual time=1112.429..1763.920 rows=41527 loops=1)
              Hash Cond: (mi_idx.movie_id = t.id)
              ->  Seq Scan on movie_info_idx mi_idx  (cost=0.00..21735.35 rows=1380035 width=4) (actual time=0.031..312.619 rows=1380035 loops=1)
              ->  Hash  (cost=67604.59..67604.59 rows=60853 width=4) (actual time=1112.051..1112.051 rows=62568 loops=1)
                    Buckets: 65536  Batches: 1  Memory Usage: 2712kB
                    ->  Seq Scan on title t  (cost=0.00..67604.59 rows=60853 width=4) (actual time=0.018..1086.641 rows=62568 loops=1)
                          Filter: (production_year = 2002)
                          Rows Removed by Filter: 2465744
Planning time: 3.508 ms
Execution time: 10396.237 ms
