Seq Scan on movie_keyword mk  (cost=0.00..81003.12 rows=246 width=0) (actual time=0.806..1338.945 rows=946 loops=1)
  Filter: (keyword_id = 1036)
  Rows Removed by Filter: 4522984
Planning time: 0.415 ms
Execution time: 1339.423 ms
