Seq Scan on movie_keyword mk  (cost=0.00..81003.12 rows=827489 width=0) (actual time=0.025..1434.201 rows=835704 loops=1)
  Filter: (keyword_id > 22019)
  Rows Removed by Filter: 3688226
Planning time: 0.314 ms
Execution time: 1544.459 ms
