Hash Join  (cost=709678.15..764348.83 rows=516 width=0) (actual time=8654.382..9648.185 rows=415 loops=1)
  Hash Cond: (mc.movie_id = t.id)
  ->  Seq Scan on movie_companies mc  (cost=0.00..44881.29 rows=2609129 width=4) (actual time=0.021..509.068 rows=2609129 loops=1)
  ->  Hash  (cost=709671.90..709671.90 rows=500 width=8) (actual time=8650.223..8650.223 rows=393 loops=1)
        Buckets: 1024  Batches: 1  Memory Usage: 24kB
        ->  Nested Loop  (cost=0.43..709671.90 rows=500 width=8) (actual time=2388.448..8650.071 rows=393 loops=1)
              ->  Seq Scan on cast_info ci  (cost=0.00..705507.15 rows=500 width=4) (actual time=2388.264..8645.578 rows=393 loops=1)
                    Filter: (person_id = 1653246)
                    Rows Removed by Filter: 36243951
              ->  Index Only Scan using title_pkey on title t  (cost=0.43..8.32 rows=1 width=4) (actual time=0.011..0.011 rows=1 loops=393)
                    Index Cond: (id = ci.movie_id)
                    Heap Fetches: 393
Planning time: 1.109 ms
Execution time: 9648.389 ms
