Seq Scan on cast_info ci  (cost=0.00..705507.15 rows=26947436 width=0) (actual time=0.011..13158.923 rows=27112812 loops=1)
  Filter: (person_id > 899104)
  Rows Removed by Filter: 9131532
Planning time: 0.337 ms
Execution time: 16478.894 ms
