Seq Scan on movie_keyword mk  (cost=0.00..81003.12 rows=487355 width=0) (actual time=0.009..1302.668 rows=482050 loops=1)
  Filter: (keyword_id > 37142)
  Rows Removed by Filter: 4041880
Planning time: 0.344 ms
Execution time: 1364.195 ms
