Hash Join  (cost=452353.51..579982.04 rows=461749 width=0) (actual time=7709.123..10734.828 rows=170897 loops=1)
  Hash Cond: (mk.movie_id = t.id)
  ->  Seq Scan on movie_keyword mk  (cost=0.00..69693.30 rows=4523930 width=4) (actual time=0.022..1375.998 rows=4523930 loops=1)
  ->  Hash  (cost=448118.48..448118.48 rows=258082 width=8) (actual time=7697.114..7697.114 rows=34536 loops=1)
        Buckets: 131072  Batches: 4  Memory Usage: 1369kB
        ->  Hash Join  (cost=81925.97..448118.48 rows=258082 width=8) (actual time=4586.906..7682.902 rows=34536 loops=1)
              Hash Cond: (mi.movie_id = t.id)
              ->  Seq Scan on movie_info mi  (cost=0.00..346232.03 rows=1338312 width=4) (actual time=3086.083..5500.883 rows=1401902 loops=1)
                    Filter: (info_type_id = 7)
                    Rows Removed by Filter: 13433818
              ->  Hash  (cost=73925.90..73925.90 rows=487605 width=4) (actual time=1499.995..1499.995 rows=501779 loops=1)
                    Buckets: 131072  Batches: 8  Memory Usage: 3237kB
                    ->  Seq Scan on title t  (cost=0.00..73925.90 rows=487605 width=4) (actual time=0.028..1335.652 rows=501779 loops=1)
                          Filter: ((kind_id > 1) AND (production_year > 2008))
                          Rows Removed by Filter: 2026533
Planning time: 1.062 ms
Execution time: 10757.591 ms
