Hash Join  (cost=102767.86..246214.34 rows=2184453 width=0) (actual time=1758.553..6498.765 rows=2184258 loops=1)
  Hash Cond: (mk.movie_id = t.id)
  ->  Seq Scan on movie_keyword mk  (cost=0.00..81003.12 rows=2184453 width=4) (actual time=0.024..1540.468 rows=2184258 loops=1)
        Filter: (keyword_id < 4333)
        Rows Removed by Filter: 2339672
  ->  Hash  (cost=61283.27..61283.27 rows=2528527 width=4) (actual time=1757.156..1757.156 rows=2528312 loops=1)
        Buckets: 131072  Batches: 64  Memory Usage: 2425kB
        ->  Seq Scan on title t  (cost=0.00..61283.27 rows=2528527 width=4) (actual time=0.010..913.803 rows=2528312 loops=1)
Planning time: 0.708 ms
Execution time: 6752.784 ms
