Hash Join  (cost=135835.16..503362.93 rows=287184 width=0) (actual time=2863.445..11159.460 rows=1434030 loops=1)
  Hash Cond: (mi.movie_id = t.id)
  ->  Seq Scan on movie_info mi  (cost=0.00..309384.22 rows=14739122 width=4) (actual time=0.016..4540.615 rows=14835720 loops=1)
  ->  Hash  (cost=135219.32..135219.32 rows=49267 width=8) (actual time=2863.056..2863.056 rows=13393 loops=1)
        Buckets: 65536  Batches: 1  Memory Usage: 1036kB
        ->  Hash Join  (cost=78556.72..135219.32 rows=49267 width=8) (actual time=1279.401..2857.720 rows=13393 loops=1)
              Hash Cond: (mc.movie_id = t.id)
              ->  Seq Scan on movie_companies mc  (cost=0.00..51404.11 rows=186617 width=4) (actual time=0.031..811.857 rows=186044 loops=1)
                    Filter: (company_id < 49)
                    Rows Removed by Filter: 2423085
              ->  Hash  (cost=67604.59..67604.59 rows=667531 width=4) (actual time=1272.287..1272.287 rows=662825 loops=1)
                    Buckets: 131072  Batches: 16  Memory Usage: 2476kB
                    ->  Seq Scan on title t  (cost=0.00..67604.59 rows=667531 width=4) (actual time=90.225..1065.831 rows=662825 loops=1)
                          Filter: (kind_id = 1)
                          Rows Removed by Filter: 1865487
Planning time: 1.208 ms
Execution time: 11346.194 ms
