Seq Scan on movie_keyword mk  (cost=0.00..81003.12 rows=246 width=0) (actual time=303.974..1246.489 rows=5 loops=1)
  Filter: (keyword_id = 17659)
  Rows Removed by Filter: 4523925
Planning time: 0.334 ms
Execution time: 1246.586 ms
