Hash Join  (cost=69002.72..972349.05 rows=302863 width=0) (actual time=1056.151..18577.646 rows=299416 loops=1)
  Hash Cond: (ci.movie_id = t.id)
  ->  Seq Scan on cast_info ci  (cost=0.00..796071.18 rows=8987070 width=4) (actual time=0.072..13868.698 rows=9719002 loops=1)
        Filter: ((person_id < 997645) AND (role_id < 10))
        Rows Removed by Filter: 26525342
  ->  Hash  (cost=67604.59..67604.59 rows=85211 width=4) (actual time=1055.288..1055.288 rows=84593 loops=1)
        Buckets: 131072  Batches: 2  Memory Usage: 2518kB
        ->  Seq Scan on title t  (cost=0.00..67604.59 rows=85211 width=4) (actual time=0.026..1022.087 rows=84593 loops=1)
              Filter: (production_year = 2004)
              Rows Removed by Filter: 2443719
Planning time: 0.805 ms
Execution time: 18621.893 ms
