Hash Join  (cost=52284.99..79196.04 rows=57 width=0) (actual time=614.797..842.116 rows=6 loops=1)
  Hash Cond: (mi_idx.movie_id = t.id)
  ->  Seq Scan on movie_info_idx mi_idx  (cost=0.00..21735.35 rows=1380035 width=4) (actual time=0.016..116.860 rows=1380035 loops=1)
  ->  Hash  (cost=52283.69..52283.69 rows=104 width=8) (actual time=605.880..605.880 rows=37 loops=1)
        Buckets: 1024  Batches: 1  Memory Usage: 10kB
        ->  Nested Loop  (cost=0.43..52283.69 rows=104 width=8) (actual time=362.133..605.848 rows=37 loops=1)
              ->  Seq Scan on movie_companies mc  (cost=0.00..51404.11 rows=104 width=4) (actual time=362.022..605.046 rows=37 loops=1)
                    Filter: (company_id = 73054)
                    Rows Removed by Filter: 2609092
              ->  Index Only Scan using title_pkey on title t  (cost=0.43..8.45 rows=1 width=4) (actual time=0.019..0.019 rows=1 loops=37)
                    Index Cond: (id = mc.movie_id)
                    Heap Fetches: 37
Planning time: 1.164 ms
Execution time: 842.201 ms
