Hash Join  (cost=92883.59..1050702.79 rows=5019270 width=0) (actual time=2192.918..18848.685 rows=1964224 loops=1)
  Hash Cond: (ci.movie_id = t.id)
  ->  Seq Scan on cast_info ci  (cost=0.00..796071.18 rows=8236864 width=4) (actual time=458.471..14452.300 rows=3463668 loops=1)
        Filter: ((person_id > 1256565) AND (role_id = 1))
        Rows Removed by Filter: 32780676
  ->  Hash  (cost=67604.59..67604.59 rows=1540800 width=4) (actual time=1733.137..1733.137 rows=1543264 loops=1)
        Buckets: 131072  Batches: 32  Memory Usage: 2722kB
        ->  Seq Scan on title t  (cost=0.00..67604.59 rows=1540800 width=4) (actual time=0.020..1234.600 rows=1543264 loops=1)
              Filter: (kind_id = 7)
              Rows Removed by Filter: 985048
Planning time: 0.810 ms
Execution time: 19084.053 ms
