Nested Loop  (cost=67606.06..159316.24 rows=1407 width=0) (actual time=1280.413..3015.584 rows=12130 loops=1)
  ->  Hash Join  (cost=67605.63..153674.74 rows=7398 width=8) (actual time=1280.314..2827.293 rows=12130 loops=1)
        Hash Cond: (mk.movie_id = mc.movie_id)
        ->  Seq Scan on movie_keyword mk  (cost=0.00..81003.12 rows=6032 width=4) (actual time=0.258..1317.214 rows=6673 loops=1)
              Filter: (keyword_id = 2879)
              Rows Removed by Filter: 4517257
        ->  Hash  (cost=57926.93..57926.93 rows=589896 width=4) (actual time=1274.266..1274.266 rows=873563 loops=1)
              Buckets: 131072 (originally 131072)  Batches: 16 (originally 8)  Memory Usage: 3073kB
              ->  Seq Scan on movie_companies mc  (cost=0.00..57926.93 rows=589896 width=4) (actual time=0.014..1008.272 rows=873563 loops=1)
                    Filter: ((company_id > 12877) AND (company_type_id > 1))
                    Rows Removed by Filter: 1735566
  ->  Index Only Scan using title_pkey on title t  (cost=0.43..0.75 rows=1 width=4) (actual time=0.015..0.015 rows=1 loops=12130)
        Index Cond: (id = mc.movie_id)
        Heap Fetches: 12130
Planning time: 8.575 ms
Execution time: 3018.414 ms
