Hash Join  (cost=77810.57..109683.33 rows=43166 width=0) (actual time=1198.689..1931.554 rows=52872 loops=1)
  Hash Cond: (mi_idx.movie_id = t.id)
  ->  Seq Scan on movie_info_idx mi_idx  (cost=0.00..25185.44 rows=460978 width=4) (actual time=0.035..464.357 rows=459925 loops=1)
        Filter: (info_type_id < 100)
        Rows Removed by Filter: 920110
  ->  Hash  (cost=73925.90..73925.90 rows=236773 width=4) (actual time=1197.877..1197.877 rows=208162 loops=1)
        Buckets: 131072  Batches: 4  Memory Usage: 2857kB
        ->  Seq Scan on title t  (cost=0.00..73925.90 rows=236773 width=4) (actual time=0.025..1127.202 rows=208162 loops=1)
              Filter: ((kind_id < 3) AND (production_year > 2007))
              Rows Removed by Filter: 2320150
Planning time: 0.746 ms
Execution time: 1939.075 ms
