Seq Scan on movie_keyword mk  (cost=0.00..81003.12 rows=4026797 width=0) (actual time=0.022..1643.165 rows=4032757 loops=1)
  Filter: (keyword_id < 36663)
  Rows Removed by Filter: 491173
Planning time: 0.320 ms
Execution time: 2135.808 ms
