Hash Join  (cost=89154.34..231389.24 rows=1660686 width=0) (actual time=1705.393..5327.733 rows=805599 loops=1)
  Hash Cond: (mk.movie_id = t.id)
  ->  Seq Scan on movie_keyword mk  (cost=0.00..69693.30 rows=4523930 width=4) (actual time=0.015..1366.445 rows=4523930 loops=1)
  ->  Hash  (cost=73925.90..73925.90 rows=928195 width=4) (actual time=1704.592..1704.592 rows=1004724 loops=1)
        Buckets: 131072  Batches: 16  Memory Usage: 3245kB
        ->  Seq Scan on title t  (cost=0.00..73925.90 rows=928195 width=4) (actual time=0.019..1371.408 rows=1004724 loops=1)
              Filter: ((kind_id > 1) AND (production_year > 2002))
              Rows Removed by Filter: 1523588
Planning time: 0.814 ms
Execution time: 5422.622 ms
