Hash Join  (cost=101458.67..230892.24 rows=1570752 width=0) (actual time=2012.730..5076.128 rows=1485314 loops=1)
  Hash Cond: (mk.movie_id = t.id)
  ->  Seq Scan on movie_keyword mk  (cost=0.00..81003.12 rows=1924784 width=4) (actual time=0.012..1434.735 rows=1935429 loops=1)
        Filter: (keyword_id > 6848)
        Rows Removed by Filter: 2588501
  ->  Hash  (cost=67604.59..67604.59 rows=2063447 width=4) (actual time=2011.264..2011.264 rows=2060346 loops=1)
        Buckets: 131072  Batches: 32  Memory Usage: 3302kB
        ->  Seq Scan on title t  (cost=0.00..67604.59 rows=2063447 width=4) (actual time=0.016..1347.960 rows=2060346 loops=1)
              Filter: (production_year > 1971)
              Rows Removed by Filter: 467966
Planning time: 0.725 ms
Execution time: 5251.254 ms
