Hash Join  (cost=74303.89..167244.62 rows=36894 width=0) (actual time=1012.096..3112.699 rows=11856 loops=1)
  Hash Cond: (mk.movie_id = t.id)
  ->  Seq Scan on movie_keyword mk  (cost=0.00..81003.12 rows=3084978 width=4) (actual time=0.023..1637.709 rows=3065485 loops=1)
        Filter: (keyword_id > 2056)
        Rows Removed by Filter: 1458445
  ->  Hash  (cost=73925.90..73925.90 rows=30239 width=4) (actual time=1011.762..1011.762 rows=4015 loops=1)
        Buckets: 32768  Batches: 1  Memory Usage: 398kB
        ->  Seq Scan on title t  (cost=0.00..73925.90 rows=30239 width=4) (actual time=126.873..1009.730 rows=4015 loops=1)
              Filter: ((production_year < 1989) AND (kind_id = 4))
              Rows Removed by Filter: 2524297
Planning time: 0.610 ms
Execution time: 3114.609 ms
