Hash Join  (cost=194583.59..1017683.14 rows=115358 width=0) (actual time=9053.209..16142.916 rows=362054 loops=1)
  Hash Cond: (ci.movie_id = t.id)
  ->  Seq Scan on cast_info ci  (cost=0.00..796071.18 rows=2192742 width=4) (actual time=5363.461..11946.001 rows=1088256 loops=1)
        Filter: ((person_id < 811347) AND (role_id > 4))
        Rows Removed by Filter: 35156088
  ->  Hash  (cost=192400.79..192400.79 rows=133024 width=8) (actual time=3688.715..3688.715 rows=137355 loops=1)
        Buckets: 131072  Batches: 2  Memory Usage: 3711kB
        ->  Hash Join  (cost=69179.59..192400.79 rows=133024 width=8) (actual time=1089.731..3643.598 rows=137355 loops=1)
              Hash Cond: (mk.movie_id = t.id)
              ->  Seq Scan on movie_keyword mk  (cost=0.00..81003.12 rows=3503690 width=4) (actual time=0.035..1482.896 rows=3497952 loops=1)
                    Filter: (keyword_id < 17446)
                    Rows Removed by Filter: 1025978
              ->  Hash  (cost=67604.59..67604.59 rows=96000 width=4) (actual time=1088.778..1088.778 rows=95005 loops=1)
                    Buckets: 131072  Batches: 2  Memory Usage: 2722kB
                    ->  Seq Scan on title t  (cost=0.00..67604.59 rows=96000 width=4) (actual time=0.026..1049.643 rows=95005 loops=1)
                          Filter: (production_year = 2005)
                          Rows Removed by Filter: 2433307
Planning time: 1.764 ms
Execution time: 16188.897 ms
