Seq Scan on cast_info ci  (cost=0.00..705507.15 rows=7606370 width=0) (actual time=0.052..11263.234 rows=7645895 loops=1)
  Filter: (person_id > 2911089)
  Rows Removed by Filter: 28598449
Planning time: 13.815 ms
Execution time: 12206.220 ms
