Hash Join  (cost=112036.99..193150.24 rows=97842 width=0) (actual time=2196.417..4270.815 rows=354741 loops=1)
  Hash Cond: (mc.movie_id = t.id)
  ->  Seq Scan on movie_companies mc  (cost=0.00..51404.11 rows=2450590 width=4) (actual time=0.029..1087.747 rows=2447019 loops=1)
        Filter: (company_id > 27)
        Rows Removed by Filter: 162110
  ->  Hash  (cost=110380.07..110380.07 rows=100954 width=8) (actual time=2195.623..2195.623 rows=117015 loops=1)
        Buckets: 131072  Batches: 2  Memory Usage: 3313kB
        ->  Hash Join  (cost=76690.42..110380.07 rows=100954 width=8) (actual time=1322.682..2152.345 rows=117015 loops=1)
              Hash Cond: (mi_idx.movie_id = t.id)
              ->  Seq Scan on movie_info_idx mi_idx  (cost=0.00..25185.44 rows=460978 width=4) (actual time=0.016..448.310 rows=459925 loops=1)
                    Filter: (info_type_id = 99)
                    Rows Removed by Filter: 920110
              ->  Hash  (cost=67604.59..67604.59 rows=553747 width=4) (actual time=1321.815..1321.815 rows=552960 loops=1)
                    Buckets: 131072  Batches: 8  Memory Usage: 3445kB
                    ->  Seq Scan on title t  (cost=0.00..67604.59 rows=553747 width=4) (actual time=0.024..1144.334 rows=552960 loops=1)
                          Filter: (production_year < 1983)
                          Rows Removed by Filter: 1975352
Planning time: 1.276 ms
Execution time: 4315.488 ms
