Hash Join  (cost=108425.96..509768.91 rows=288586 width=0) (actual time=1840.775..11771.462 rows=754179 loops=1)
  Hash Cond: (mi.movie_id = t.id)
  ->  Seq Scan on movie_info mi  (cost=0.00..346232.03 rows=13926693 width=4) (actual time=0.014..6609.323 rows=13963496 loops=1)
        Filter: (info_type_id < 98)
        Rows Removed by Filter: 872224
  ->  Hash  (cost=107771.02..107771.02 rows=52395 width=8) (actual time=1840.291..1840.291 rows=57870 loops=1)
        Buckets: 65536  Batches: 1  Memory Usage: 2773kB
        ->  Hash Join  (cost=69179.59..107771.02 rows=52395 width=8) (actual time=807.656..1820.285 rows=57870 loops=1)
              Hash Cond: (mi_idx.movie_id = t.id)
              ->  Seq Scan on movie_info_idx mi_idx  (cost=0.00..21735.35 rows=1380035 width=4) (actual time=0.012..511.524 rows=1380035 loops=1)
              ->  Hash  (cost=67604.59..67604.59 rows=96000 width=4) (actual time=806.891..806.891 rows=95005 loops=1)
                    Buckets: 131072  Batches: 2  Memory Usage: 2716kB
                    ->  Seq Scan on title t  (cost=0.00..67604.59 rows=96000 width=4) (actual time=0.019..756.722 rows=95005 loops=1)
                          Filter: (production_year = 2005)
                          Rows Removed by Filter: 2433307
Planning time: 1.329 ms
Execution time: 11869.915 ms
