Hash Join  (cost=101220.01..163484.14 rows=10333 width=0) (actual time=1801.321..3214.923 rows=33637 loops=1)
  Hash Cond: (mc.movie_id = t.id)
  ->  Seq Scan on movie_companies mc  (cost=0.00..57926.93 rows=1129030 width=4) (actual time=0.023..1139.370 rows=1274246 loops=1)
        Filter: ((company_id < 93042) AND (company_type_id = 1))
        Rows Removed by Filter: 1334883
  ->  Hash  (cost=100930.75..100930.75 rows=23141 width=8) (actual time=1800.815..1800.815 rows=19531 loops=1)
        Buckets: 32768  Batches: 1  Memory Usage: 1019kB
        ->  Hash Join  (cost=69687.24..100930.75 rows=23141 width=8) (actual time=1117.040..1792.733 rows=19531 loops=1)
              Hash Cond: (mi_idx.movie_id = t.id)
              ->  Seq Scan on movie_info_idx mi_idx  (cost=0.00..25185.44 rows=460978 width=4) (actual time=0.021..468.640 rows=459925 loops=1)
                    Filter: (info_type_id < 100)
                    Rows Removed by Filter: 920110
              ->  Hash  (cost=67604.59..67604.59 rows=126932 width=4) (actual time=1116.251..1116.251 rows=122861 loops=1)
                    Buckets: 131072  Batches: 2  Memory Usage: 3191kB
                    ->  Seq Scan on title t  (cost=0.00..67604.59 rows=126932 width=4) (actual time=0.019..1070.131 rows=122861 loops=1)
                          Filter: (production_year = 2008)
                          Rows Removed by Filter: 2405451
Planning time: 1.331 ms
Execution time: 3219.755 ms
