Seq Scan on movie_companies mc  (cost=0.00..57926.93 rows=411050 width=0) (actual time=148.862..920.952 rows=93564 loops=1)
  Filter: ((company_id > 25473) AND (company_type_id = 1))
  Rows Removed by Filter: 2515565
Planning time: 3.268 ms
Execution time: 932.889 ms
