Seq Scan on cast_info ci  (cost=0.00..796071.18 rows=12509289 width=0) (actual time=4233.112..13957.163 rows=6514996 loops=1)
  Filter: ((person_id < 1916867) AND (role_id > 1))
  Rows Removed by Filter: 29729348
Planning time: 0.353 ms
Execution time: 14749.327 ms
