Hash Join  (cost=169869.76..923950.35 rows=329136 width=0) (actual time=3792.484..24328.109 rows=616654 loops=1)
  Hash Cond: (ci.movie_id = t.id)
  ->  Seq Scan on cast_info ci  (cost=0.00..614943.12 rows=36225612 width=4) (actual time=0.017..8865.281 rows=36244344 loops=1)
  ->  Hash  (cost=169582.58..169582.58 rows=22974 width=8) (actual time=3791.908..3791.908 rows=58448 loops=1)
        Buckets: 65536 (originally 32768)  Batches: 1 (originally 1)  Memory Usage: 2796kB
        ->  Hash Join  (cost=83810.17..169582.58 rows=22974 width=8) (actual time=1519.442..3769.394 rows=58448 loops=1)
              Hash Cond: (mk.movie_id = t.id)
              ->  Seq Scan on movie_keyword mk  (cost=0.00..81003.12 rows=58811 width=4) (actual time=0.044..1284.657 rows=58448 loops=1)
                    Filter: (keyword_id = 16264)
                    Rows Removed by Filter: 4465482
              ->  Hash  (cost=67604.59..67604.59 rows=987727 width=4) (actual time=1518.055..1518.055 rows=985048 loops=1)
                    Buckets: 131072  Batches: 16  Memory Usage: 3197kB
                    ->  Seq Scan on title t  (cost=0.00..67604.59 rows=987727 width=4) (actual time=0.015..1213.524 rows=985048 loops=1)
                          Filter: (kind_id < 7)
                          Rows Removed by Filter: 1543264
Planning time: 1.189 ms
Execution time: 24413.875 ms
