Hash Join  (cost=129613.23..524818.50 rows=147864 width=0) (actual time=2638.649..11259.462 rows=65940 loops=1)
  Hash Cond: (mi.movie_id = t.id)
  ->  Seq Scan on movie_info mi  (cost=0.00..346232.03 rows=12665229 width=4) (actual time=0.021..6490.663 rows=12744652 loops=1)
        Filter: (info_type_id > 2)
        Rows Removed by Filter: 2091068
  ->  Hash  (cost=129244.23..129244.23 rows=29520 width=8) (actual time=2573.147..2573.147 rows=10121 loops=1)
        Buckets: 32768  Batches: 1  Memory Usage: 652kB
        ->  Hash Join  (cost=74283.51..129244.23 rows=29520 width=8) (actual time=1360.039..2568.927 rows=10121 loops=1)
              Hash Cond: (mc.movie_id = t.id)
              ->  Seq Scan on movie_companies mc  (cost=0.00..44881.29 rows=2609129 width=4) (actual time=0.009..788.639 rows=2609129 loops=1)
              ->  Hash  (cost=73925.90..73925.90 rows=28608 width=4) (actual time=1071.359..1071.359 rows=32134 loops=1)
                    Buckets: 32768  Batches: 1  Memory Usage: 1386kB
                    ->  Seq Scan on title t  (cost=0.00..73925.90 rows=28608 width=4) (actual time=0.026..1058.982 rows=32134 loops=1)
                          Filter: ((kind_id = 7) AND (production_year = 1998))
                          Rows Removed by Filter: 2496178
Planning time: 1.213 ms
Execution time: 11268.737 ms
