Hash Join  (cost=94657.25..916300.50 rows=3683 width=0) (actual time=3110.518..17810.220 rows=27860 loops=1)
  Hash Cond: (ci.movie_id = t.id)
  ->  Seq Scan on cast_info ci  (cost=0.00..796071.18 rows=6809404 width=4) (actual time=1446.631..15055.901 rows=7451695 loops=1)
        Filter: ((person_id > 230342) AND (role_id = 2))
        Rows Removed by Filter: 28792649
  ->  Hash  (cost=94640.16..94640.16 rows=1367 width=8) (actual time=1663.402..1663.402 rows=5156 loops=1)
        Buckets: 8192 (originally 2048)  Batches: 1 (originally 1)  Memory Usage: 266kB
        ->  Hash Join  (cost=67697.55..94640.16 rows=1367 width=8) (actual time=1111.239..1661.110 rows=5156 loops=1)
              Hash Cond: (mi_idx.movie_id = t.id)
              ->  Seq Scan on movie_info_idx mi_idx  (cost=0.00..25185.44 rows=464934 width=4) (actual time=0.038..439.093 rows=460185 loops=1)
                    Filter: (info_type_id > 100)
                    Rows Removed by Filter: 919850
              ->  Hash  (cost=67604.59..67604.59 rows=7437 width=4) (actual time=1110.877..1110.877 rows=20122 loops=1)
                    Buckets: 32768 (originally 8192)  Batches: 1 (originally 1)  Memory Usage: 964kB
                    ->  Seq Scan on title t  (cost=0.00..67604.59 rows=7437 width=4) (actual time=0.017..1101.334 rows=20122 loops=1)
                          Filter: (production_year = 1987)
                          Rows Removed by Filter: 2508190
Planning time: 1.186 ms
Execution time: 17815.236 ms
