Seq Scan on title t  (cost=0.00..73925.90 rows=1753182 width=0) (actual time=0.011..1456.474 rows=1799905 loops=1)
  Filter: ((kind_id > 1) AND (production_year > 1917))
  Rows Removed by Filter: 728407
Planning time: 0.353 ms
Execution time: 1695.637 ms
