Seq Scan on movie_companies mc  (cost=0.00..57926.93 rows=607290 width=0) (actual time=78.285..966.891 rows=392787 loops=1)
  Filter: ((company_id < 10405) AND (company_type_id = 2))
  Rows Removed by Filter: 2216342
Planning time: 0.416 ms
Execution time: 1016.573 ms
