Hash Join  (cost=916869.52..994784.69 rows=207864 width=0) (actual time=16531.535..18756.562 rows=565614 loops=1)
  Hash Cond: (mc.movie_id = t.id)
  ->  Seq Scan on movie_companies mc  (cost=0.00..44881.29 rows=2609129 width=4) (actual time=0.024..900.744 rows=2609129 loops=1)
  ->  Hash  (cost=913564.49..913564.49 rows=201443 width=8) (actual time=16530.742..16530.742 rows=256689 loops=1)
        Buckets: 131072  Batches: 4  Memory Usage: 3529kB
        ->  Hash Join  (cost=102767.86..913564.49 rows=201443 width=8) (actual time=7244.140..16451.618 rows=256689 loops=1)
              Hash Cond: (ci.movie_id = t.id)
              ->  Seq Scan on cast_info ci  (cost=0.00..796071.18 rows=201443 width=4) (actual time=5249.118..13841.835 rows=256689 loops=1)
                    Filter: ((person_id > 1504127) AND (role_id > 10))
                    Rows Removed by Filter: 35987655
              ->  Hash  (cost=61283.27..61283.27 rows=2528527 width=4) (actual time=1993.976..1993.976 rows=2528312 loops=1)
                    Buckets: 131072  Batches: 64  Memory Usage: 2415kB
                    ->  Seq Scan on title t  (cost=0.00..61283.27 rows=2528527 width=4) (actual time=0.028..1129.185 rows=2528312 loops=1)
Planning time: 1.187 ms
Execution time: 18829.321 ms
