Seq Scan on title t  (cost=0.00..73925.90 rows=34870 width=0) (actual time=109.920..1102.118 rows=120358 loops=1)
  Filter: ((kind_id < 3) AND (production_year < 1932))
  Rows Removed by Filter: 2407954
Planning time: 0.351 ms
Execution time: 1117.661 ms
