Seq Scan on cast_info ci  (cost=0.00..705507.15 rows=32550922 width=0) (actual time=0.011..13187.067 rows=32544054 loops=1)
  Filter: (person_id < 3389329)
  Rows Removed by Filter: 3700290
Planning time: 0.310 ms
Execution time: 17116.064 ms
