Nested Loop  (cost=32749.09..740343.62 rows=91 width=0) (actual time=10213.832..12313.229 rows=4 loops=1)
  Join Filter: (ci.movie_id = t.id)
  ->  Hash Join  (cost=32748.66..740150.58 rows=227 width=8) (actual time=10213.758..12309.585 rows=4 loops=1)
        Hash Cond: (ci.movie_id = mi_idx.movie_id)
        ->  Seq Scan on cast_info ci  (cost=0.00..705507.15 rows=500 width=4) (actual time=8917.325..10989.147 rows=4 loops=1)
              Filter: (person_id = 3948972)
              Rows Removed by Filter: 36244340
        ->  Hash  (cost=25185.44..25185.44 rows=460978 width=4) (actual time=1295.719..1295.719 rows=459925 loops=1)
              Buckets: 131072  Batches: 8  Memory Usage: 3050kB
              ->  Seq Scan on movie_info_idx mi_idx  (cost=0.00..25185.44 rows=460978 width=4) (actual time=0.020..458.784 rows=459925 loops=1)
                    Filter: (info_type_id < 100)
                    Rows Removed by Filter: 920110
  ->  Index Only Scan using title_pkey on title t  (cost=0.43..0.84 rows=1 width=4) (actual time=0.898..0.899 rows=1 loops=4)
        Index Cond: (id = mi_idx.movie_id)
        Heap Fetches: 4
Planning time: 1.158 ms
Execution time: 12313.341 ms
