Seq Scan on movie_keyword mk  (cost=0.00..81003.12 rows=4319470 width=0) (actual time=0.013..1611.554 rows=4302531 loops=1)
  Filter: (keyword_id > 171)
  Rows Removed by Filter: 221399
Planning time: 0.234 ms
Execution time: 2142.898 ms
