Hash Join  (cost=73994.33..133559.30 rows=940 width=0) (actual time=1327.187..2113.153 rows=2710 loops=1)
  Hash Cond: (mc.movie_id = t.id)
  ->  Seq Scan on movie_companies mc  (cost=0.00..57926.93 rows=434304 width=4) (actual time=211.386..874.733 rows=759956 loops=1)
        Filter: ((company_id > 24332) AND (company_type_id = 2))
        Rows Removed by Filter: 1849173
  ->  Hash  (cost=73925.90..73925.90 rows=5474 width=4) (actual time=1115.402..1115.402 rows=9919 loops=1)
        Buckets: 16384 (originally 8192)  Batches: 1 (originally 1)  Memory Usage: 477kB
        ->  Seq Scan on title t  (cost=0.00..73925.90 rows=5474 width=4) (actual time=0.103..1109.950 rows=9919 loops=1)
              Filter: ((kind_id > 1) AND (production_year = 1966))
              Rows Removed by Filter: 2518393
Planning time: 0.592 ms
Execution time: 2113.632 ms
