Hash Join  (cost=465534.04..1314178.10 rows=276494 width=0) (actual time=17946.931..28151.542 rows=8279185 loops=1)
  Hash Cond: (ci.movie_id = t.id)
  ->  Seq Scan on cast_info ci  (cost=0.00..796071.18 rows=4251982 width=4) (actual time=9625.070..16168.789 rows=3889225 loops=1)
        Filter: ((person_id < 3946125) AND (role_id = 10))
        Rows Removed by Filter: 32355119
  ->  Hash  (cost=462835.76..462835.76 rows=164423 width=8) (actual time=8320.761..8320.761 rows=197754 loops=1)
        Buckets: 131072  Batches: 4  Memory Usage: 2874kB
        ->  Hash Join  (cost=102767.86..462835.76 rows=164423 width=8) (actual time=7185.038..8262.294 rows=197754 loops=1)
              Hash Cond: (mi.movie_id = t.id)
              ->  Seq Scan on movie_info mi  (cost=0.00..346232.03 rows=164423 width=4) (actual time=5163.033..5744.741 rows=197754 loops=1)
                    Filter: (info_type_id > 106)
                    Rows Removed by Filter: 14637966
              ->  Hash  (cost=61283.27..61283.27 rows=2528527 width=4) (actual time=1966.250..1966.250 rows=2528312 loops=1)
                    Buckets: 131072  Batches: 64  Memory Usage: 2425kB
                    ->  Seq Scan on title t  (cost=0.00..61283.27 rows=2528527 width=4) (actual time=0.032..1117.713 rows=2528312 loops=1)
Planning time: 1.141 ms
Execution time: 29010.741 ms
