Nested Loop  (cost=0.43..797556.14 rows=107 width=0) (actual time=9901.554..10537.390 rows=2 loops=1)
  ->  Seq Scan on cast_info ci  (cost=0.00..796071.18 rows=176 width=4) (actual time=9901.342..10537.165 rows=5 loops=1)
        Filter: ((person_id = 1631064) AND (role_id = 1))
        Rows Removed by Filter: 36244339
  ->  Index Scan using title_pkey on title t  (cost=0.43..8.43 rows=1 width=4) (actual time=0.032..0.032 rows=0 loops=5)
        Index Cond: (id = ci.movie_id)
        Filter: (kind_id = 7)
        Rows Removed by Filter: 1
Planning time: 0.866 ms
Execution time: 10537.510 ms
