Seq Scan on cast_info ci  (cost=0.00..705507.15 rows=500 width=0) (actual time=3216.252..10471.453 rows=903 loops=1)
  Filter: (person_id = 2104595)
  Rows Removed by Filter: 36243441
Planning time: 0.262 ms
Execution time: 10471.649 ms
