Hash Join  (cost=83074.74..836488.41 rows=1243 width=0) (actual time=4808.097..14775.696 rows=45069 loops=1)
  Hash Cond: (ci.movie_id = t.id)
  ->  Seq Scan on cast_info ci  (cost=0.00..705507.15 rows=12771756 width=4) (actual time=3877.123..11507.825 rows=12891327 loops=1)
        Filter: (person_id > 2389524)
        Rows Removed by Filter: 23353017
  ->  Hash  (cost=83071.67..83071.67 rows=246 width=8) (actual time=930.522..930.522 rows=1614 loops=1)
        Buckets: 2048 (originally 1024)  Batches: 1 (originally 1)  Memory Usage: 80kB
        ->  Nested Loop  (cost=0.43..83071.67 rows=246 width=8) (actual time=0.456..929.402 rows=1614 loops=1)
              ->  Seq Scan on movie_keyword mk  (cost=0.00..81003.12 rows=246 width=4) (actual time=0.336..872.626 rows=1614 loops=1)
                    Filter: (keyword_id = 2292)
                    Rows Removed by Filter: 4522316
              ->  Index Only Scan using title_pkey on title t  (cost=0.43..8.40 rows=1 width=4) (actual time=0.034..0.034 rows=1 loops=1614)
                    Index Cond: (id = mk.movie_id)
                    Heap Fetches: 1614
Planning time: 1.091 ms
Execution time: 14784.478 ms
