Hash Join  (cost=166431.29..592030.64 rows=631666 width=0) (actual time=3576.529..13321.433 rows=1198070 loops=1)
  Hash Cond: (mi.movie_id = t.id)
  ->  Seq Scan on movie_info mi  (cost=0.00..346232.03 rows=6231111 width=4) (actual time=0.010..6728.623 rows=6223494 loops=1)
        Filter: (info_type_id > 8)
        Rows Removed by Filter: 8612226
  ->  Hash  (cost=162225.24..162225.24 rows=256324 width=8) (actual time=3574.941..3574.941 rows=285013 loops=1)
        Buckets: 131072  Batches: 4  Memory Usage: 3808kB
        ->  Hash Join  (cost=96651.52..162225.24 rows=256324 width=8) (actual time=2126.669..3501.278 rows=285013 loops=1)
              Hash Cond: (mc.movie_id = t.id)
              ->  Seq Scan on movie_companies mc  (cost=0.00..51404.11 rows=366073 width=4) (actual time=0.021..889.504 rows=365397 loops=1)
                    Filter: (company_id < 191)
                    Rows Removed by Filter: 2243732
              ->  Hash  (cost=67604.59..67604.59 rows=1770475 width=4) (actual time=2125.667..2125.667 rows=1774635 loops=1)
                    Buckets: 131072  Batches: 32  Memory Usage: 2978kB
                    ->  Seq Scan on title t  (cost=0.00..67604.59 rows=1770475 width=4) (actual time=0.017..1567.522 rows=1774635 loops=1)
                          Filter: (kind_id > 2)
                          Rows Removed by Filter: 753677
Planning time: 2.357 ms
Execution time: 13472.104 ms
