Hash Join  (cost=299355.01..1863587.10 rows=37031213 width=0) (actual time=5858.893..46459.006 rows=19481586 loops=1)
  Hash Cond: (ci.movie_id = t.id)
  ->  Seq Scan on cast_info ci  (cost=0.00..705507.15 rows=33965732 width=4) (actual time=0.022..17527.973 rows=33944698 loops=1)
        Filter: (person_id < 3612567)
        Rows Removed by Filter: 2299646
  ->  Hash  (cost=254126.86..254126.86 rows=2756732 width=8) (actual time=5857.097..5857.097 rows=645461 loops=1)
        Buckets: 131072  Batches: 64  Memory Usage: 1402kB
        ->  Hash Join  (cost=92883.59..254126.86 rows=2756732 width=8) (actual time=3024.034..5667.063 rows=645461 loops=1)
              Hash Cond: (mk.movie_id = t.id)
              ->  Seq Scan on movie_keyword mk  (cost=0.00..69693.30 rows=4523930 width=4) (actual time=0.020..1514.663 rows=4523930 loops=1)
              ->  Hash  (cost=67604.59..67604.59 rows=1540800 width=4) (actual time=1793.303..1793.303 rows=1543264 loops=1)
                    Buckets: 131072  Batches: 32  Memory Usage: 2728kB
                    ->  Seq Scan on title t  (cost=0.00..67604.59 rows=1540800 width=4) (actual time=0.017..1291.052 rows=1543264 loops=1)
                          Filter: (kind_id = 7)
                          Rows Removed by Filter: 985048
Planning time: 1.263 ms
Execution time: 48665.935 ms
