Hash Join  (cost=102431.42..904180.48 rows=343836 width=0) (actual time=1807.682..21556.727 rows=653954 loops=1)
  Hash Cond: (ci.movie_id = t.id)
  ->  Seq Scan on cast_info ci  (cost=0.00..705507.15 rows=24747601 width=4) (actual time=0.021..13287.413 rows=24859616 loops=1)
        Filter: (person_id > 1118873)
        Rows Removed by Filter: 11384728
  ->  Hash  (cost=101992.28..101992.28 rows=35131 width=8) (actual time=1807.039..1807.039 rows=32067 loops=1)
        Buckets: 65536  Batches: 1  Memory Usage: 1765kB
        ->  Hash Join  (cost=74730.49..101992.28 rows=35131 width=8) (actual time=1161.712..1795.865 rows=32067 loops=1)
              Hash Cond: (mi_idx.movie_id = t.id)
              ->  Seq Scan on movie_info_idx mi_idx  (cost=0.00..21735.35 rows=1380035 width=4) (actual time=0.026..292.756 rows=1380035 loops=1)
              ->  Hash  (cost=73925.90..73925.90 rows=64367 width=4) (actual time=1161.352..1161.352 rows=53905 loops=1)
                    Buckets: 65536  Batches: 1  Memory Usage: 2408kB
                    ->  Seq Scan on title t  (cost=0.00..73925.90 rows=64367 width=4) (actual time=0.027..1140.466 rows=53905 loops=1)
                          Filter: ((kind_id < 7) AND (production_year = 2012))
                          Rows Removed by Filter: 2474407
Planning time: 1.264 ms
Execution time: 21646.954 ms
