Hash Join  (cost=160687.50..902787.28 rows=10137 width=0) (actual time=6602.986..17228.709 rows=190778 loops=1)
  Hash Cond: (ci.movie_id = t.id)
  ->  Seq Scan on cast_info ci  (cost=0.00..705507.15 rows=7298253 width=4) (actual time=3735.823..13048.359 rows=7451973 loops=1)
        Filter: (role_id = 2)
        Rows Removed by Filter: 28792371
  ->  Hash  (cost=160643.60..160643.60 rows=3512 width=8) (actual time=2866.876..2866.876 rows=25096 loops=1)
        Buckets: 32768 (originally 4096)  Batches: 1 (originally 1)  Memory Usage: 1237kB
        ->  Hash Join  (cost=73950.44..160643.60 rows=3512 width=8) (actual time=1113.824..2858.467 rows=25096 loops=1)
              Hash Cond: (mk.movie_id = t.id)
              ->  Seq Scan on movie_keyword mk  (cost=0.00..69693.30 rows=4523930 width=4) (actual time=0.031..963.261 rows=4523930 loops=1)
              ->  Hash  (cost=73925.90..73925.90 rows=1963 width=4) (actual time=1112.952..1112.952 rows=4371 loops=1)
                    Buckets: 8192 (originally 2048)  Batches: 1 (originally 1)  Memory Usage: 218kB
                    ->  Seq Scan on title t  (cost=0.00..73925.90 rows=1963 width=4) (actual time=173.764..1110.787 rows=4371 loops=1)
                          Filter: ((kind_id = 1) AND (production_year = 1975))
                          Rows Removed by Filter: 2523941
Planning time: 1.199 ms
Execution time: 17252.190 ms
