Seq Scan on movie_companies mc  (cost=0.00..57926.93 rows=964982 width=0) (actual time=0.029..1105.843 rows=1128304 loops=1)
  Filter: ((company_id > 1310) AND (company_type_id = 2))
  Rows Removed by Filter: 1480825
Planning time: 0.364 ms
Execution time: 1248.749 ms
