Hash Join  (cost=102767.86..201735.65 rows=336041 width=0) (actual time=2034.571..3968.680 rows=333944 loops=1)
  Hash Cond: (mk.movie_id = t.id)
  ->  Seq Scan on movie_keyword mk  (cost=0.00..81003.12 rows=336041 width=4) (actual time=0.031..1244.953 rows=333944 loops=1)
        Filter: (keyword_id > 49445)
        Rows Removed by Filter: 4189986
  ->  Hash  (cost=61283.27..61283.27 rows=2528527 width=4) (actual time=2033.640..2033.640 rows=2528312 loops=1)
        Buckets: 131072  Batches: 64  Memory Usage: 2425kB
        ->  Seq Scan on title t  (cost=0.00..61283.27 rows=2528527 width=4) (actual time=0.015..971.728 rows=2528312 loops=1)
Planning time: 1.958 ms
Execution time: 4009.646 ms
