Hash Join  (cost=91879.05..246652.67 rows=1892687 width=0) (actual time=3148.487..5744.407 rows=435696 loops=1)
  Hash Cond: (mk.movie_id = t.id)
  ->  Seq Scan on movie_keyword mk  (cost=0.00..81003.12 rows=4373499 width=4) (actual time=0.018..1877.899 rows=4360169 loops=1)
        Filter: (keyword_id > 117)
        Rows Removed by Filter: 163761
  ->  Hash  (cost=73925.90..73925.90 rows=1094252 width=4) (actual time=1781.624..1781.624 rows=1044222 loops=1)
        Buckets: 131072  Batches: 16  Memory Usage: 3325kB
        ->  Seq Scan on title t  (cost=0.00..73925.90 rows=1094252 width=4) (actual time=277.408..1444.307 rows=1044222 loops=1)
              Filter: ((production_year < 2009) AND (kind_id = 7))
              Rows Removed by Filter: 1484090
Planning time: 0.599 ms
Execution time: 5793.632 ms
