Hash Join  (cost=220078.24..791368.22 rows=8573805 width=0) (actual time=4991.386..20911.180 rows=6501446 loops=1)
  Hash Cond: (mi.movie_id = t.id)
  ->  Seq Scan on movie_info mi  (cost=0.00..309384.22 rows=14739122 width=4) (actual time=0.013..6566.437 rows=14835720 loops=1)
  ->  Hash  (cost=195946.57..195946.57 rows=1470854 width=8) (actual time=4990.253..4990.253 rows=743592 loops=1)
        Buckets: 131072  Batches: 32  Memory Usage: 1908kB
        ->  Hash Join  (cost=93093.72..195946.57 rows=1470854 width=8) (actual time=1817.071..4780.284 rows=743592 loops=1)
              Hash Cond: (mc.movie_id = t.id)
              ->  Seq Scan on movie_companies mc  (cost=0.00..51404.11 rows=2393838 width=4) (actual time=0.022..1139.734 rows=2392458 loops=1)
                    Filter: (company_id < 108828)
                    Rows Removed by Filter: 216671
              ->  Hash  (cost=67604.59..67604.59 rows=1553611 width=4) (actual time=1812.925..1812.925 rows=1555864 loops=1)
                    Buckets: 131072  Batches: 32  Memory Usage: 2734kB
                    ->  Seq Scan on title t  (cost=0.00..67604.59 rows=1553611 width=4) (actual time=0.030..1308.111 rows=1555864 loops=1)
                          Filter: (kind_id > 4)
                          Rows Removed by Filter: 972448
Planning time: 1.190 ms
Execution time: 21693.932 ms
