Hash Join  (cost=169618.08..526149.65 rows=42091 width=0) (actual time=6027.508..10159.964 rows=112605 loops=1)
  Hash Cond: (mi.movie_id = t.id)
  ->  Seq Scan on movie_info mi  (cost=0.00..346232.03 rows=809768 width=4) (actual time=2057.673..6058.349 rows=802140 loops=1)
        Filter: (info_type_id < 2)
        Rows Removed by Filter: 14033580
  ->  Hash  (cost=167461.21..167461.21 rows=131430 width=8) (actual time=3718.940..3718.940 rows=129806 loops=1)
        Buckets: 131072  Batches: 2  Memory Usage: 3574kB
        ->  Hash Join  (cost=104131.46..167461.21 rows=131430 width=8) (actual time=2208.545..3672.355 rows=129806 loops=1)
              Hash Cond: (mc.movie_id = t.id)
              ->  Seq Scan on movie_companies mc  (cost=0.00..51404.11 rows=149266 width=4) (actual time=12.483..937.410 rows=147815 loops=1)
                    Filter: (company_id > 132917)
                    Rows Removed by Filter: 2461314
              ->  Hash  (cost=67604.59..67604.59 rows=2226390 width=4) (actual time=2194.802..2194.802 rows=2224569 loops=1)
                    Buckets: 131072  Batches: 32  Memory Usage: 3463kB
                    ->  Seq Scan on title t  (cost=0.00..67604.59 rows=2226390 width=4) (actual time=0.028..1473.620 rows=2224569 loops=1)
                          Filter: (production_year < 2012)
                          Rows Removed by Filter: 303743
Planning time: 1.704 ms
Execution time: 10174.913 ms
