Hash Join  (cost=75733.69..562391.00 rows=642038 width=0) (actual time=1294.232..14653.508 rows=2844513 loops=1)
  Hash Cond: (mi.movie_id = t.id)
  ->  Seq Scan on movie_info mi  (cost=0.00..309384.22 rows=14739122 width=4) (actual time=0.016..6086.886 rows=14835720 loops=1)
  ->  Hash  (cost=73925.90..73925.90 rows=110143 width=4) (actual time=1293.429..1293.429 rows=239899 loops=1)
        Buckets: 131072 (originally 131072)  Batches: 4 (originally 2)  Memory Usage: 3141kB
        ->  Seq Scan on title t  (cost=0.00..73925.90 rows=110143 width=4) (actual time=382.959..1206.967 rows=239899 loops=1)
              Filter: ((kind_id < 2) AND (production_year < 1973))
              Rows Removed by Filter: 2288413
Planning time: 0.742 ms
Execution time: 14985.671 ms
