Hash Join  (cost=342196.19..1616820.23 rows=10373707 width=148) (actual time=12316.657..47875.694 rows=22300244 loops=1)
  Hash Cond: (ci.movie_id = t.id)
  ->  Seq Scan on cast_info ci  (cost=0.00..796071.18 rows=15343757 width=42) (actual time=4406.690..18173.438 rows=10893751 loops=1)
        Filter: ((person_id < 2412591) AND (role_id > 1))
        Rows Removed by Filter: 25350593
  ->  Hash  (cost=292446.41..292446.41 rows=1709503 width=106) (actual time=7909.132..7909.132 rows=1715538 loops=1)
        Buckets: 32768  Batches: 64  Memory Usage: 3677kB
        ->  Hash Join  (cost=129928.86..292446.41 rows=1709503 width=106) (actual time=2732.285..6874.406 rows=1715538 loops=1)
              Hash Cond: (mk.movie_id = t.id)
              ->  Seq Scan on movie_keyword mk  (cost=0.00..81003.12 rows=1709503 width=12) (actual time=0.022..1787.934 rows=1715538 loops=1)
                    Filter: (keyword_id < 2750)
                    Rows Removed by Filter: 2808392
              ->  Hash  (cost=61283.27..61283.27 rows=2528527 width=94) (actual time=2730.766..2730.766 rows=2528312 loops=1)
                    Buckets: 32768  Batches: 128  Memory Usage: 2470kB
                    ->  Seq Scan on title t  (cost=0.00..61283.27 rows=2528527 width=94) (actual time=0.022..1385.876 rows=2528312 loops=1)
Planning time: 1.262 ms
Execution time: 49210.710 ms
