Hash Join  (cost=70316.72..156991.49 rows=1673 width=0) (actual time=2239.413..2667.483 rows=182 loops=1)
  Hash Cond: (mk.movie_id = t.id)
  ->  Seq Scan on movie_keyword mk  (cost=0.00..69693.30 rows=4523930 width=4) (actual time=0.016..979.435 rows=4523930 loops=1)
  ->  Hash  (cost=70305.04..70305.04 rows=935 width=8) (actual time=930.206..930.206 rows=64 loops=1)
        Buckets: 1024  Batches: 1  Memory Usage: 11kB
        ->  Nested Loop  (cost=0.43..70305.04 rows=935 width=8) (actual time=0.916..930.157 rows=64 loops=1)
              ->  Seq Scan on movie_companies mc  (cost=0.00..57926.93 rows=1535 width=4) (actual time=0.847..888.231 rows=340 loops=1)
                    Filter: ((company_type_id < 2) AND (company_id = 677))
                    Rows Removed by Filter: 2608789
              ->  Index Scan using title_pkey on title t  (cost=0.43..8.05 rows=1 width=4) (actual time=0.122..0.122 rows=0 loops=340)
                    Index Cond: (id = mc.movie_id)
                    Filter: (kind_id = 7)
                    Rows Removed by Filter: 1
Planning time: 1.115 ms
Execution time: 2667.658 ms
