Seq Scan on movie_companies mc  (cost=0.00..51404.11 rows=1527326 width=0) (actual time=0.020..925.040 rows=1532655 loops=1)
  Filter: (company_id > 6840)
  Rows Removed by Filter: 1076474
Planning time: 0.348 ms
Execution time: 1122.535 ms
