Hash Join  (cost=156487.41..1093935.48 rows=1900991 width=0) (actual time=5499.076..24141.640 rows=3047998 loops=1)
  Hash Cond: (ci.movie_id = t.id)
  ->  Seq Scan on cast_info ci  (cost=0.00..796071.18 rows=10427195 width=4) (actual time=2206.346..16083.701 rows=8015986 loops=1)
        Filter: ((person_id > 623827) AND (role_id = 1))
        Rows Removed by Filter: 28228358
  ->  Hash  (cost=148924.19..148924.19 rows=460978 width=8) (actual time=3291.909..3291.909 rows=459925 loops=1)
        Buckets: 131072  Batches: 8  Memory Usage: 3275kB
        ->  Hash Join  (cost=102767.86..148924.19 rows=460978 width=8) (actual time=1924.390..3164.025 rows=459925 loops=1)
              Hash Cond: (mi_idx.movie_id = t.id)
              ->  Seq Scan on movie_info_idx mi_idx  (cost=0.00..25185.44 rows=460978 width=4) (actual time=0.031..479.337 rows=459925 loops=1)
                    Filter: (info_type_id = 99)
                    Rows Removed by Filter: 920110
              ->  Hash  (cost=61283.27..61283.27 rows=2528527 width=4) (actual time=1923.511..1923.511 rows=2528312 loops=1)
                    Buckets: 131072  Batches: 64  Memory Usage: 2415kB
                    ->  Seq Scan on title t  (cost=0.00..61283.27 rows=2528527 width=4) (actual time=0.018..1069.709 rows=2528312 loops=1)
Planning time: 1.192 ms
Execution time: 24486.122 ms
