Hash Join  (cost=800838.32..1172708.42 rows=112197 width=0) (actual time=14925.920..20771.289 rows=276692 loops=1)
  Hash Cond: (mi.movie_id = t.id)
  ->  Seq Scan on movie_info mi  (cost=0.00..346232.03 rows=2073893 width=4) (actual time=0.015..4617.867 rows=2091068 loops=1)
        Filter: (info_type_id < 3)
        Rows Removed by Filter: 12744652
  ->  Hash  (cost=798593.42..798593.42 rows=136792 width=8) (actual time=14923.155..14923.155 rows=141265 loops=1)
        Buckets: 131072  Batches: 2  Memory Usage: 3794kB
        ->  Hash Join  (cost=83810.17..798593.42 rows=136792 width=8) (actual time=10153.930..14878.250 rows=141265 loops=1)
              Hash Cond: (ci.movie_id = t.id)
              ->  Seq Scan on cast_info ci  (cost=0.00..705507.15 rows=350181 width=4) (actual time=8748.933..13097.496 rows=316118 loops=1)
                    Filter: (role_id > 10)
                    Rows Removed by Filter: 35928226
              ->  Hash  (cost=67604.59..67604.59 rows=987727 width=4) (actual time=1403.915..1403.915 rows=985048 loops=1)
                    Buckets: 131072  Batches: 16  Memory Usage: 3188kB
                    ->  Seq Scan on title t  (cost=0.00..67604.59 rows=987727 width=4) (actual time=0.037..1088.801 rows=985048 loops=1)
                          Filter: (kind_id < 7)
                          Rows Removed by Filter: 1543264
Planning time: 1.181 ms
Execution time: 20806.935 ms
