Seq Scan on cast_info ci  (cost=0.00..796071.18 rows=435 width=0) (actual time=2100.512..14177.989 rows=223 loops=1)
  Filter: ((role_id < 10) AND (person_id = 1601521))
  Rows Removed by Filter: 36244121
Planning time: 0.415 ms
Execution time: 14178.108 ms
