Seq Scan on movie_companies mc  (cost=0.00..51404.11 rows=846214 width=0) (actual time=0.026..910.958 rows=840970 loops=1)
  Filter: (company_id < 2222)
  Rows Removed by Filter: 1768159
Planning time: 0.331 ms
Execution time: 1016.849 ms
