Seq Scan on cast_info ci  (cost=0.00..796071.18 rows=10766906 width=0) (actual time=0.032..15973.203 rows=12670688 loops=1)
  Filter: ((person_id < 3085766) AND (role_id = 1))
  Rows Removed by Filter: 23573656
Planning time: 0.401 ms
Execution time: 17449.174 ms
