Seq Scan on movie_keyword mk  (cost=0.00..81003.12 rows=2533848 width=0) (actual time=0.015..1443.972 rows=2527471 loops=1)
  Filter: (keyword_id < 6271)
  Rows Removed by Filter: 1996459
Planning time: 0.333 ms
Execution time: 1758.005 ms
