Hash Join  (cost=480277.37..639132.98 rows=704101 width=0) (actual time=12440.467..18208.385 rows=9961333 loops=1)
  Hash Cond: (mk.movie_id = t.id)
  ->  Seq Scan on movie_keyword mk  (cost=0.00..69693.30 rows=4523930 width=4) (actual time=0.023..1377.294 rows=4523930 loops=1)
  ->  Hash  (cost=473820.14..473820.14 rows=393538 width=8) (actual time=12439.351..12439.351 rows=393192 loops=1)
        Buckets: 131072  Batches: 8  Memory Usage: 3075kB
        ->  Hash Join  (cost=68449.54..473820.14 rows=393538 width=8) (actual time=1172.092..11549.522 rows=393192 loops=1)
              Hash Cond: (mi.movie_id = t.id)
              ->  Seq Scan on movie_info mi  (cost=0.00..346232.03 rows=14720853 width=4) (actual time=0.020..6607.861 rows=14805540 loops=1)
                    Filter: (info_type_id < 110)
                    Rows Removed by Filter: 30180
              ->  Hash  (cost=67604.59..67604.59 rows=67596 width=4) (actual time=1112.934..1112.934 rows=67777 loops=1)
                    Buckets: 131072  Batches: 1  Memory Usage: 3407kB
                    ->  Seq Scan on title t  (cost=0.00..67604.59 rows=67596 width=4) (actual time=0.017..1085.471 rows=67777 loops=1)
                          Filter: (production_year = 2003)
                          Rows Removed by Filter: 2460535
Planning time: 1.081 ms
Execution time: 19302.802 ms
