Hash Join  (cost=76379.89..921563.42 rows=2127666 width=0) (actual time=1380.642..20305.652 rows=2768580 loops=1)
  Hash Cond: (ci.movie_id = t.id)
  ->  Seq Scan on cast_info ci  (cost=0.00..705507.15 rows=10059125 width=4) (actual time=0.019..12923.055 rows=10070815 loops=1)
        Filter: (person_id > 2708488)
        Rows Removed by Filter: 26173529
  ->  Hash  (cost=67604.59..67604.59 rows=534824 width=4) (actual time=1379.707..1379.707 rows=533369 loops=1)
        Buckets: 131072  Batches: 8  Memory Usage: 3369kB
        ->  Seq Scan on title t  (cost=0.00..67604.59 rows=534824 width=4) (actual time=0.026..1208.403 rows=533369 loops=1)
              Filter: (production_year > 2009)
              Rows Removed by Filter: 1994943
Planning time: 0.776 ms
Execution time: 20645.480 ms
