Hash Join  (cost=75321.41..152400.77 rows=239924 width=0) (actual time=1265.794..3274.123 rows=368257 loops=1)
  Hash Cond: (mc.movie_id = t.id)
  ->  Seq Scan on movie_companies mc  (cost=0.00..57926.93 rows=1289916 width=4) (actual time=25.436..1259.829 rows=1318337 loops=1)
        Filter: ((company_id > 11) AND (company_type_id = 2))
        Rows Removed by Filter: 1290792
  ->  Hash  (cost=67604.59..67604.59 rows=470306 width=4) (actual time=1239.282..1239.282 rows=465563 loops=1)
        Buckets: 131072  Batches: 8  Memory Usage: 3063kB
        ->  Seq Scan on title t  (cost=0.00..67604.59 rows=470306 width=4) (actual time=0.036..1094.194 rows=465563 loops=1)
              Filter: (production_year < 1977)
              Rows Removed by Filter: 2062749
Planning time: 0.706 ms
Execution time: 3313.554 ms
