Hash Join  (cost=1138719.84..2240180.19 rows=46174410 width=0) (actual time=24108.144..66348.715 rows=103236053 loops=1)
  Hash Cond: (mi.movie_id = t.id)
  ->  Seq Scan on movie_info mi  (cost=0.00..309384.22 rows=14739122 width=4) (actual time=0.022..5913.168 rows=14835720 loops=1)
  ->  Hash  (cost=1008760.39..1008760.39 rows=7921316 width=8) (actual time=24106.546..24106.546 rows=7799521 loops=1)
        Buckets: 131072  Batches: 128  Memory Usage: 3465kB
        ->  Hash Join  (cost=102767.86..1008760.39 rows=7921316 width=8) (actual time=2479.834..21838.294 rows=7799521 loops=1)
              Hash Cond: (ci.movie_id = t.id)
              ->  Seq Scan on cast_info ci  (cost=0.00..705507.15 rows=7921316 width=4) (actual time=0.347..12345.246 rows=7799521 loops=1)
                    Filter: (person_id < 759743)
                    Rows Removed by Filter: 28444823
              ->  Hash  (cost=61283.27..61283.27 rows=2528527 width=4) (actual time=2478.547..2478.547 rows=2528312 loops=1)
                    Buckets: 131072  Batches: 64  Memory Usage: 2415kB
                    ->  Seq Scan on title t  (cost=0.00..61283.27 rows=2528527 width=4) (actual time=0.022..1022.408 rows=2528312 loops=1)
Planning time: 1.213 ms
Execution time: 78086.832 ms
