Hash Join  (cost=102767.86..1028892.28 rows=4994292 width=0) (actual time=1899.758..20788.860 rows=6417819 loops=1)
  Hash Cond: (ci.movie_id = t.id)
  ->  Seq Scan on cast_info ci  (cost=0.00..796071.18 rows=4994292 width=4) (actual time=0.018..13509.081 rows=6417819 loops=1)
        Filter: ((person_id < 876027) AND (role_id < 3))
        Rows Removed by Filter: 29826525
  ->  Hash  (cost=61283.27..61283.27 rows=2528527 width=4) (actual time=1897.894..1897.894 rows=2528312 loops=1)
        Buckets: 131072  Batches: 64  Memory Usage: 2415kB
        ->  Seq Scan on title t  (cost=0.00..61283.27 rows=2528527 width=4) (actual time=0.023..1076.146 rows=2528312 loops=1)
Planning time: 0.677 ms
Execution time: 21525.674 ms
