Hash Join  (cost=709673.72..1074332.33 rows=268 width=0) (actual time=11650.939..18089.005 rows=5 loops=1)
  Hash Cond: (mi.movie_id = t.id)
  ->  Seq Scan on movie_info mi  (cost=0.00..309384.22 rows=14739122 width=4) (actual time=0.016..4481.889 rows=14835720 loops=1)
  ->  Hash  (cost=709673.15..709673.15 rows=46 width=8) (actual time=10965.112..10965.112 rows=1 loops=1)
        Buckets: 1024  Batches: 1  Memory Usage: 9kB
        ->  Nested Loop  (cost=0.43..709673.15 rows=46 width=8) (actual time=5483.720..10965.097 rows=1 loops=1)
              ->  Seq Scan on cast_info ci  (cost=0.00..705507.15 rows=500 width=4) (actual time=5483.453..10963.245 rows=84 loops=1)
                    Filter: (person_id = 2506008)
                    Rows Removed by Filter: 36244260
              ->  Index Scan using title_pkey on title t  (cost=0.43..8.32 rows=1 width=4) (actual time=0.021..0.021 rows=0 loops=84)
                    Index Cond: (id = ci.movie_id)
                    Filter: (production_year > 2011)
                    Rows Removed by Filter: 1
Planning time: 1.250 ms
Execution time: 18089.148 ms
