Hash Join  (cost=239810.18..790561.13 rows=6648902 width=0) (actual time=5068.326..30562.867 rows=51044027 loops=1)
  Hash Cond: (mi.movie_id = t.id)
  ->  Seq Scan on movie_info mi  (cost=0.00..309384.22 rows=14739122 width=4) (actual time=0.017..6419.461 rows=14835720 loops=1)
  ->  Hash  (cost=221096.27..221096.27 rows=1140633 width=8) (actual time=5067.211..5067.211 rows=1148769 loops=1)
        Buckets: 131072  Batches: 16  Memory Usage: 3940kB
        ->  Hash Join  (cost=102767.86..221096.27 rows=1140633 width=8) (actual time=2013.220..4757.558 rows=1148769 loops=1)
              Hash Cond: (mk.movie_id = t.id)
              ->  Seq Scan on movie_keyword mk  (cost=0.00..81003.12 rows=1140633 width=4) (actual time=0.021..1485.047 rows=1148769 loops=1)
                    Filter: (keyword_id < 1322)
                    Rows Removed by Filter: 3375161
              ->  Hash  (cost=61283.27..61283.27 rows=2528527 width=4) (actual time=2011.429..2011.429 rows=2528312 loops=1)
                    Buckets: 131072  Batches: 64  Memory Usage: 2425kB
                    ->  Seq Scan on title t  (cost=0.00..61283.27 rows=2528527 width=4) (actual time=0.018..1164.208 rows=2528312 loops=1)
Planning time: 1.089 ms
Execution time: 36145.343 ms
