Hash Join  (cost=82008.92..514354.88 rows=1214027 width=0) (actual time=2023.925..11674.499 rows=1733507 loops=1)
  Hash Cond: (mi.movie_id = t.id)
  ->  Seq Scan on movie_info mi  (cost=0.00..346232.03 rows=6231111 width=4) (actual time=169.126..5843.523 rows=6223494 loops=1)
        Filter: (info_type_id > 8)
        Rows Removed by Filter: 8612226
  ->  Hash  (cost=73925.90..73925.90 rows=492641 width=4) (actual time=1853.701..1853.701 rows=420285 loops=1)
        Buckets: 131072  Batches: 8  Memory Usage: 2875kB
        ->  Seq Scan on title t  (cost=0.00..73925.90 rows=492641 width=4) (actual time=0.038..1216.001 rows=420285 loops=1)
              Filter: ((kind_id < 7) AND (production_year > 2002))
              Rows Removed by Filter: 2108027
Planning time: 0.884 ms
Execution time: 11886.178 ms
