Nested Loop  (cost=0.43..447802.20 rows=17937 width=0) (actual time=2800.608..6480.982 rows=147487 loops=1)
  ->  Seq Scan on movie_info mi  (cost=0.00..346232.03 rows=17937 width=4) (actual time=2800.488..5346.126 rows=147487 loops=1)
        Filter: (info_type_id = 107)
        Rows Removed by Filter: 14688233
  ->  Index Only Scan using title_pkey on title t  (cost=0.43..5.65 rows=1 width=4) (actual time=0.007..0.007 rows=1 loops=147487)
        Index Cond: (id = mi.movie_id)
        Heap Fetches: 147487
Planning time: 0.746 ms
Execution time: 6505.968 ms
