Hash Join  (cost=102767.86..253386.03 rows=2482526 width=0) (actual time=1923.609..5620.786 rows=2477214 loops=1)
  Hash Cond: (mk.movie_id = t.id)
  ->  Seq Scan on movie_keyword mk  (cost=0.00..81003.12 rows=2482526 width=4) (actual time=0.025..1604.746 rows=2477214 loops=1)
        Filter: (keyword_id > 3654)
        Rows Removed by Filter: 2046716
  ->  Hash  (cost=61283.27..61283.27 rows=2528527 width=4) (actual time=1921.931..1921.931 rows=2528312 loops=1)
        Buckets: 131072  Batches: 64  Memory Usage: 2425kB
        ->  Seq Scan on title t  (cost=0.00..61283.27 rows=2528527 width=4) (actual time=0.017..1062.396 rows=2528312 loops=1)
Planning time: 0.679 ms
Execution time: 5880.405 ms
