Seq Scan on title t  (cost=0.00..73925.90 rows=2905 width=0) (actual time=0.134..1077.795 rows=6330 loops=1)
  Filter: ((kind_id < 7) AND (production_year = 1978))
  Rows Removed by Filter: 2521982
Planning time: 0.319 ms
Execution time: 1079.369 ms
