Seq Scan on cast_info ci  (cost=0.00..796071.18 rows=5527021 width=0) (actual time=7588.660..14179.191 rows=11257892 loops=1)
  Filter: ((person_id < 1542108) AND (role_id = 1))
  Rows Removed by Filter: 24986452
Planning time: 0.356 ms
Execution time: 15530.428 ms
