Seq Scan on movie_companies mc  (cost=0.00..57926.93 rows=3241 width=0) (actual time=0.022..698.249 rows=2462 loops=1)
  Filter: ((company_id = 7851) AND (company_type_id = 1))
  Rows Removed by Filter: 2606667
Planning time: 0.349 ms
Execution time: 698.831 ms
