Hash Join  (cost=102767.86..760746.33 rows=12545135 width=0) (actual time=2074.256..20294.556 rows=12601870 loops=1)
  Hash Cond: (mi.movie_id = t.id)
  ->  Seq Scan on movie_info mi  (cost=0.00..346232.03 rows=12545135 width=4) (actual time=0.006..7553.292 rows=12601870 loops=1)
        Filter: (info_type_id < 17)
        Rows Removed by Filter: 2233850
  ->  Hash  (cost=61283.27..61283.27 rows=2528527 width=4) (actual time=2072.201..2072.201 rows=2528312 loops=1)
        Buckets: 131072  Batches: 64  Memory Usage: 2425kB
        ->  Seq Scan on title t  (cost=0.00..61283.27 rows=2528527 width=4) (actual time=0.011..1193.817 rows=2528312 loops=1)
Planning time: 0.756 ms
Execution time: 21676.396 ms
