Seq Scan on movie_keyword mk  (cost=0.00..81003.12 rows=548039 width=0) (actual time=0.027..1347.279 rows=543611 loops=1)
  Filter: (keyword_id > 33791)
  Rows Removed by Filter: 3980319
Planning time: 0.291 ms
Execution time: 1416.801 ms
