Hash Join  (cost=102767.86..182998.00 rows=787448 width=0) (actual time=2003.785..3914.861 rows=775555 loops=1)
  Hash Cond: (mc.movie_id = t.id)
  ->  Seq Scan on movie_companies mc  (cost=0.00..51404.11 rows=787448 width=4) (actual time=0.026..884.230 rows=775555 loops=1)
        Filter: (company_id < 1684)
        Rows Removed by Filter: 1833574
  ->  Hash  (cost=61283.27..61283.27 rows=2528527 width=4) (actual time=2002.689..2002.689 rows=2528312 loops=1)
        Buckets: 131072  Batches: 64  Memory Usage: 2415kB
        ->  Seq Scan on title t  (cost=0.00..61283.27 rows=2528527 width=4) (actual time=0.017..1175.172 rows=2528312 loops=1)
Planning time: 0.650 ms
Execution time: 4004.147 ms
