Seq Scan on movie_companies mc  (cost=0.00..57926.93 rows=556963 width=0) (actual time=297.699..992.717 rows=277406 loops=1)
  Filter: ((company_id > 13226) AND (company_type_id = 1))
  Rows Removed by Filter: 2331723
Planning time: 0.225 ms
Execution time: 1029.076 ms
