Hash Join  (cost=307916.10..1837842.22 rows=39479391 width=0) (actual time=7265.546..73462.023 rows=134517415 loops=1)
  Hash Cond: (ci.movie_id = t.id)
  ->  Seq Scan on cast_info ci  (cost=0.00..614943.12 rows=36225612 width=4) (actual time=0.015..13800.945 rows=36244344 loops=1)
  ->  Hash  (cost=262705.62..262705.62 rows=2755639 width=8) (actual time=7262.290..7262.290 rows=2425300 loops=1)
        Buckets: 131072  Batches: 64  Memory Usage: 2517kB
        ->  Hash Join  (cost=96356.06..262705.62 rows=2755639 width=8) (actual time=2025.262..6634.566 rows=2425300 loops=1)
              Hash Cond: (mk.movie_id = t.id)
              ->  Seq Scan on movie_keyword mk  (cost=0.00..81003.12 rows=3976008 width=4) (actual time=0.021..1812.551 rows=3980367 loops=1)
                    Filter: (keyword_id < 33798)
                    Rows Removed by Filter: 543563
              ->  Hash  (cost=67604.59..67604.59 rows=1752438 width=4) (actual time=2020.757..2020.757 rows=1749032 loops=1)
                    Buckets: 131072  Batches: 32  Memory Usage: 2958kB
                    ->  Seq Scan on title t  (cost=0.00..67604.59 rows=1752438 width=4) (actual time=0.014..1443.898 rows=1749032 loops=1)
                          Filter: (production_year > 1990)
                          Rows Removed by Filter: 779280
Planning time: 5.309 ms
Execution time: 89011.294 ms
