Hash Join  (cost=430261.40..1188324.83 rows=727424 width=0) (actual time=7174.394..25477.427 rows=554577 loops=1)
  Hash Cond: (ci.movie_id = t.id)
  ->  Seq Scan on cast_info ci  (cost=0.00..614943.12 rows=36225612 width=4) (actual time=0.015..9505.894 rows=36244344 loops=1)
  ->  Hash  (cost=429626.72..429626.72 rows=50774 width=8) (actual time=7173.663..7173.663 rows=11870 loops=1)
        Buckets: 65536  Batches: 1  Memory Usage: 976kB
        ->  Hash Join  (cost=74657.14..429626.72 rows=50774 width=8) (actual time=1797.473..7168.567 rows=11870 loops=1)
              Hash Cond: (mi.movie_id = t.id)
              ->  Seq Scan on movie_info mi  (cost=0.00..346232.03 rows=2194617 width=4) (actual time=552.613..5378.492 rows=2233850 loops=1)
                    Filter: (info_type_id > 16)
                    Rows Removed by Filter: 12601870
              ->  Hash  (cost=73925.90..73925.90 rows=58499 width=4) (actual time=1244.483..1244.483 rows=62752 loops=1)
                    Buckets: 65536  Batches: 1  Memory Usage: 2719kB
                    ->  Seq Scan on title t  (cost=0.00..73925.90 rows=58499 width=4) (actual time=0.049..1218.955 rows=62752 loops=1)
                          Filter: ((kind_id = 7) AND (production_year = 2005))
                          Rows Removed by Filter: 2465560
Planning time: 2.062 ms
Execution time: 25553.316 ms
