Hash Join  (cost=220379.36..1177486.89 rows=4148985 width=0) (actual time=6109.127..35249.186 rows=29131790 loops=1)
  Hash Cond: (ci.movie_id = t.id)
  ->  Seq Scan on cast_info ci  (cost=0.00..705507.15 rows=16201301 width=4) (actual time=0.015..14797.712 rows=16121683 loops=1)
        Filter: (role_id > 2)
        Rows Removed by Filter: 20122661
  ->  Hash  (cost=209755.23..209755.23 rows=647530 width=8) (actual time=6107.718..6107.718 rows=2009501 loops=1)
        Buckets: 131072 (originally 131072)  Batches: 32 (originally 16)  Memory Usage: 3446kB
        ->  Hash Join  (cost=79863.89..209755.23 rows=647530 width=8) (actual time=1400.884..5481.473 rows=2009501 loops=1)
              Hash Cond: (mk.movie_id = t.id)
              ->  Seq Scan on movie_keyword mk  (cost=0.00..69693.30 rows=4523930 width=4) (actual time=0.018..1292.854 rows=4523930 loops=1)
              ->  Hash  (cost=73925.90..73925.90 rows=361919 width=4) (actual time=1399.433..1399.433 rows=470371 loops=1)
                    Buckets: 131072  Batches: 8  Memory Usage: 3110kB
                    ->  Seq Scan on title t  (cost=0.00..73925.90 rows=361919 width=4) (actual time=0.006..1243.379 rows=470371 loops=1)
                          Filter: ((kind_id < 7) AND (production_year < 1998))
                          Rows Removed by Filter: 2057941
Planning time: 1.041 ms
Execution time: 38467.766 ms
