Hash Join  (cost=71214.36..149393.83 rows=226994 width=0) (actual time=1048.039..3259.599 rows=444153 loops=1)
  Hash Cond: (mc.movie_id = t.id)
  ->  Seq Scan on movie_companies mc  (cost=0.00..44881.29 rows=2609129 width=4) (actual time=0.025..951.274 rows=2609129 loops=1)
  ->  Hash  (cost=67604.59..67604.59 rows=219982 width=4) (actual time=1046.626..1046.626 rows=221115 loops=1)
        Buckets: 131072  Batches: 4  Memory Usage: 2967kB
        ->  Seq Scan on title t  (cost=0.00..67604.59 rows=219982 width=4) (actual time=0.017..970.495 rows=221115 loops=1)
              Filter: (production_year < 1958)
              Rows Removed by Filter: 2307197
Planning time: 1.402 ms
Execution time: 3314.797 ms
