Seq Scan on movie_companies mc  (cost=0.00..51404.11 rows=6336 width=0) (actual time=493.157..765.382 rows=5735 loops=1)
  Filter: (company_id > 229454)
  Rows Removed by Filter: 2603394
Planning time: 0.325 ms
Execution time: 766.218 ms
