Seq Scan on movie_info mi  (cost=0.00..346232.03 rows=17937 width=0) (actual time=921.801..5060.020 rows=6034 loops=1)
  Filter: (info_type_id = 57)
  Rows Removed by Filter: 14829686
Planning time: 0.289 ms
Execution time: 5061.080 ms
