Hash Join  (cost=79841.74..209703.53 rows=645075 width=0) (actual time=1289.033..4718.401 rows=123651 loops=1)
  Hash Cond: (mk.movie_id = t.id)
  ->  Seq Scan on movie_keyword mk  (cost=0.00..69693.30 rows=4523930 width=4) (actual time=0.019..1465.584 rows=4523930 loops=1)
  ->  Hash  (cost=73925.90..73925.90 rows=360547 width=4) (actual time=1282.827..1282.827 rows=243152 loops=1)
        Buckets: 131072  Batches: 8  Memory Usage: 2086kB
        ->  Seq Scan on title t  (cost=0.00..73925.90 rows=360547 width=4) (actual time=86.684..1200.572 rows=243152 loops=1)
              Filter: ((production_year < 1985) AND (kind_id = 7))
              Rows Removed by Filter: 2285160
Planning time: 0.701 ms
Execution time: 4729.787 ms
