Seq Scan on cast_info ci  (cost=0.00..705507.15 rows=500 width=0) (actual time=1452.612..10679.673 rows=7 loops=1)
  Filter: (person_id = 3125651)
  Rows Removed by Filter: 36244337
Planning time: 1.694 ms
Execution time: 10679.774 ms
