Hash Join  (cost=790119.54..3304794.65 rows=113300581 width=0) (actual time=17897.713..75613.045 rows=84691194 loops=1)
  Hash Cond: (ci.movie_id = t.id)
  ->  Seq Scan on cast_info ci  (cost=0.00..614943.12 rows=36225612 width=4) (actual time=0.022..13082.557 rows=36244344 loops=1)
  ->  Hash  (cost=660373.59..660373.59 rows=7908316 width=8) (actual time=17896.251..17896.251 rows=3695706 loops=1)
        Buckets: 131072  Batches: 128  Memory Usage: 2109kB
        ->  Hash Join  (cost=96184.51..660373.59 rows=7908316 width=8) (actual time=1850.241..16319.587 rows=3695706 loops=1)
              Hash Cond: (mi.movie_id = t.id)
              ->  Seq Scan on movie_info mi  (cost=0.00..309384.22 rows=14739122 width=4) (actual time=0.027..6053.247 rows=14835720 loops=1)
              ->  Hash  (cost=73925.90..73925.90 rows=1356688 width=4) (actual time=1848.759..1848.759 rows=1327781 loops=1)
                    Buckets: 131072  Batches: 32  Memory Usage: 2485kB
                    ->  Seq Scan on title t  (cost=0.00..73925.90 rows=1356688 width=4) (actual time=0.017..1409.991 rows=1327781 loops=1)
                          Filter: ((production_year < 2012) AND (kind_id = 7))
                          Rows Removed by Filter: 1200531
Planning time: 1.101 ms
Execution time: 84827.257 ms
