Seq Scan on movie_keyword mk  (cost=0.00..81003.12 rows=1589079 width=0) (actual time=0.024..1345.658 rows=1602196 loops=1)
  Filter: (keyword_id > 9539)
  Rows Removed by Filter: 2921734
Planning time: 0.289 ms
Execution time: 1538.015 ms
