Hash Join  (cost=795333.71..919625.07 rows=187833 width=0) (actual time=14628.743..17815.350 rows=1462908 loops=1)
  Hash Cond: (mk.movie_id = t.id)
  ->  Seq Scan on movie_keyword mk  (cost=0.00..69693.30 rows=4523930 width=4) (actual time=0.012..1395.973 rows=4523930 loops=1)
  ->  Hash  (cost=793610.41..793610.41 rows=104984 width=8) (actual time=14628.164..14628.164 rows=115080 loops=1)
        Buckets: 131072  Batches: 2  Memory Usage: 3291kB
        ->  Hash Join  (cost=80042.24..793610.41 rows=104984 width=8) (actual time=11314.596..14594.894 rows=115080 loops=1)
              Hash Cond: (ci.movie_id = t.id)
              ->  Seq Scan on cast_info ci  (cost=0.00..705507.15 rows=350181 width=4) (actual time=9834.130..12855.003 rows=316118 loops=1)
                    Filter: (role_id > 10)
                    Rows Removed by Filter: 35928226
              ->  Hash  (cost=67604.59..67604.59 rows=758052 width=4) (actual time=1479.522..1479.522 rows=753677 loops=1)
                    Buckets: 131072  Batches: 16  Memory Usage: 2677kB
                    ->  Seq Scan on title t  (cost=0.00..67604.59 rows=758052 width=4) (actual time=0.039..1247.275 rows=753677 loops=1)
                          Filter: (kind_id < 3)
                          Rows Removed by Filter: 1774635
Planning time: 0.694 ms
Execution time: 18014.452 ms
