Hash Join  (cost=214202.32..358092.85 rows=1796549 width=0) (actual time=5029.994..13877.985 rows=23727228 loops=1)
  Hash Cond: (mk.movie_id = t.id)
  ->  Seq Scan on movie_keyword mk  (cost=0.00..69693.30 rows=4523930 width=4) (actual time=0.023..1410.957 rows=4523930 loops=1)
  ->  Hash  (cost=197727.67..197727.67 rows=1004132 width=8) (actual time=5029.113..5029.113 rows=863764 loops=1)
        Buckets: 131072  Batches: 16  Memory Usage: 3186kB
        ->  Hash Join  (cost=106809.92..197727.67 rows=1004132 width=8) (actual time=2405.335..4756.244 rows=863764 loops=1)
              Hash Cond: (mc.movie_id = t.id)
              ->  Seq Scan on movie_companies mc  (cost=0.00..57926.93 rows=1062498 width=4) (actual time=0.025..1156.121 rows=938336 loops=1)
                    Filter: ((company_id > 329) AND (company_type_id = 1))
                    Rows Removed by Filter: 1670793
              ->  Hash  (cost=67604.59..67604.59 rows=2389627 width=4) (actual time=2403.901..2403.901 rows=2382866 loops=1)
                    Buckets: 131072  Batches: 32  Memory Usage: 3644kB
                    ->  Seq Scan on title t  (cost=0.00..67604.59 rows=2389627 width=4) (actual time=0.019..1354.788 rows=2382866 loops=1)
                          Filter: (production_year > 1916)
                          Rows Removed by Filter: 145446
Planning time: 1.129 ms
Execution time: 16608.969 ms
