Hash Join  (cost=258153.89..855519.83 rows=9290911 width=0) (actual time=5715.007..39617.651 rows=77698605 loops=1)
  Hash Cond: (mi.movie_id = t.id)
  ->  Seq Scan on movie_info mi  (cost=0.00..309384.22 rows=14739122 width=4) (actual time=0.023..6112.975 rows=14835720 loops=1)
  ->  Hash  (cost=232003.45..232003.45 rows=1593875 width=8) (actual time=5713.722..5713.722 rows=1599897 loops=1)
        Buckets: 131072  Batches: 32  Memory Usage: 3037kB
        ->  Hash Join  (cost=102767.86..232003.45 rows=1593875 width=8) (actual time=2504.621..5325.492 rows=1599897 loops=1)
              Hash Cond: (mk.movie_id = t.id)
              ->  Seq Scan on movie_keyword mk  (cost=0.00..81003.12 rows=1593875 width=4) (actual time=0.017..1351.728 rows=1599897 loops=1)
                    Filter: (keyword_id < 2477)
                    Rows Removed by Filter: 2924033
              ->  Hash  (cost=61283.27..61283.27 rows=2528527 width=4) (actual time=2503.487..2503.487 rows=2528312 loops=1)
                    Buckets: 131072  Batches: 64  Memory Usage: 2425kB
                    ->  Seq Scan on title t  (cost=0.00..61283.27 rows=2528527 width=4) (actual time=0.022..997.756 rows=2528312 loops=1)
Planning time: 1.093 ms
Execution time: 47673.452 ms
