Seq Scan on movie_companies mc  (cost=0.00..51404.11 rows=104 width=0) (actual time=558.915..768.804 rows=1 loops=1)
  Filter: (company_id = 115974)
  Rows Removed by Filter: 2609128
Planning time: 7.374 ms
Execution time: 768.884 ms
