Seq Scan on cast_info ci  (cost=0.00..796071.18 rows=276 width=0) (actual time=10726.423..12727.487 rows=213 loops=1)
  Filter: ((role_id < 3) AND (person_id = 803049))
  Rows Removed by Filter: 36244131
Planning time: 0.371 ms
Execution time: 12727.647 ms
