Hash Join  (cost=557980.37..1801734.13 rows=7213751 width=0) (actual time=12417.404..45582.034 rows=8902363 loops=1)
  Hash Cond: (ci.movie_id = t.id)
  ->  Seq Scan on cast_info ci  (cost=0.00..614943.12 rows=36225612 width=4) (actual time=0.019..12908.172 rows=36244344 loops=1)
  ->  Hash  (cost=549719.42..549719.42 rows=503516 width=8) (actual time=12415.317..12415.317 rows=521503 loops=1)
        Buckets: 131072  Batches: 8  Memory Usage: 3562kB
        ->  Hash Join  (cost=69484.36..549719.42 rows=503516 width=8) (actual time=1132.413..11992.325 rows=521503 loops=1)
              Hash Cond: (mi.movie_id = t.id)
              ->  Seq Scan on movie_info mi  (cost=0.00..346232.03 rows=11115165 width=4) (actual time=0.027..6739.118 rows=11210743 loops=1)
                    Filter: (info_type_id > 3)
                    Rows Removed by Filter: 3624977
              ->  Hash  (cost=67604.59..67604.59 rows=114542 width=4) (actual time=1131.612..1131.612 rows=118234 loops=1)
                    Buckets: 131072  Batches: 2  Memory Usage: 3107kB
                    ->  Seq Scan on title t  (cost=0.00..67604.59 rows=114542 width=4) (actual time=11.906..1091.679 rows=118234 loops=1)
                          Filter: (kind_id = 4)
                          Rows Removed by Filter: 2410078
Planning time: 1.157 ms
Execution time: 46643.333 ms
