Seq Scan on movie_companies mc  (cost=0.00..51404.11 rows=282784 width=0) (actual time=0.025..834.351 rows=277682 loops=1)
  Filter: (company_id < 147)
  Rows Removed by Filter: 2331447
Planning time: 0.301 ms
Execution time: 869.938 ms
