Seq Scan on movie_keyword mk  (cost=0.00..81003.12 rows=246 width=0) (actual time=5.177..1317.573 rows=268 loops=1)
  Filter: (keyword_id = 4934)
  Rows Removed by Filter: 4523662
Planning time: 0.349 ms
Execution time: 1317.812 ms
