Hash Join  (cost=101924.14..459805.39 rows=14350 width=0) (actual time=4977.324..8089.643 rows=31966 loops=1)
  Hash Cond: (mi.movie_id = t.id)
  ->  Seq Scan on movie_info mi  (cost=0.00..346232.03 rows=3068194 width=4) (actual time=3193.992..5714.305 rows=3036719 loops=1)
        Filter: (info_type_id = 16)
        Rows Removed by Filter: 11799001
  ->  Hash  (cost=101776.31..101776.31 rows=11826 width=8) (actual time=1782.993..1782.993 rows=10687 loops=1)
        Buckets: 16384  Batches: 1  Memory Usage: 546kB
        ->  Hash Join  (cost=74730.49..101776.31 rows=11826 width=8) (actual time=1191.293..1777.977 rows=10687 loops=1)
              Hash Cond: (mi_idx.movie_id = t.id)
              ->  Seq Scan on movie_info_idx mi_idx  (cost=0.00..25185.44 rows=464566 width=4) (actual time=0.025..432.736 rows=459925 loops=1)
                    Filter: (info_type_id = 101)
                    Rows Removed by Filter: 920110
              ->  Hash  (cost=73925.90..73925.90 rows=64367 width=4) (actual time=1190.855..1190.855 rows=53905 loops=1)
                    Buckets: 65536  Batches: 1  Memory Usage: 2408kB
                    ->  Seq Scan on title t  (cost=0.00..73925.90 rows=64367 width=4) (actual time=0.352..1163.269 rows=53905 loops=1)
                          Filter: ((kind_id < 7) AND (production_year = 2012))
                          Rows Removed by Filter: 2474407
Planning time: 1.277 ms
Execution time: 8094.720 ms
