Hash Join  (cost=150269.10..1265658.83 rows=7942056 width=0) (actual time=3446.056..38527.955 rows=16135072 loops=1)
  Hash Cond: (ci.movie_id = t.id)
  ->  Seq Scan on cast_info ci  (cost=0.00..614943.12 rows=36225612 width=4) (actual time=0.020..12986.836 rows=36244344 loops=1)
  ->  Hash  (cost=141173.71..141173.71 rows=554351 width=8) (actual time=3445.190..3445.190 rows=505786 loops=1)
        Buckets: 131072  Batches: 8  Memory Usage: 3497kB
        ->  Hash Join  (cost=92735.26..141173.71 rows=554351 width=8) (actual time=1887.133..3296.678 rows=505786 loops=1)
              Hash Cond: (mi_idx.movie_id = t.id)
              ->  Seq Scan on movie_info_idx mi_idx  (cost=0.00..25185.44 rows=915101 width=4) (actual time=0.013..547.046 rows=919850 loops=1)
                    Filter: (info_type_id < 101)
                    Rows Removed by Filter: 460185
              ->  Hash  (cost=67604.59..67604.59 rows=1531734 width=4) (actual time=1885.487..1885.487 rows=1531613 loops=1)
                    Buckets: 131072  Batches: 32  Memory Usage: 2708kB
                    ->  Seq Scan on title t  (cost=0.00..67604.59 rows=1531734 width=4) (actual time=0.017..1365.800 rows=1531613 loops=1)
                          Filter: (production_year > 1997)
                          Rows Removed by Filter: 996699
Planning time: 1.086 ms
Execution time: 40320.126 ms
