Hash Join  (cost=68332.59..888578.03 rows=139890 width=0) (actual time=1101.154..17104.755 rows=187889 loops=1)
  Hash Cond: (ci.movie_id = t.id)
  ->  Seq Scan on cast_info ci  (cost=0.00..796071.18 rows=6073429 width=4) (actual time=0.023..14048.556 rows=7450666 loops=1)
        Filter: ((person_id > 578475) AND (role_id = 2))
        Rows Removed by Filter: 28793678
  ->  Hash  (cost=67604.59..67604.59 rows=58240 width=4) (actual time=1100.743..1100.743 rows=58590 loops=1)
        Buckets: 65536  Batches: 1  Memory Usage: 2572kB
        ->  Seq Scan on title t  (cost=0.00..67604.59 rows=58240 width=4) (actual time=0.050..1076.489 rows=58590 loops=1)
              Filter: (production_year = 2001)
              Rows Removed by Filter: 2469722
Planning time: 0.787 ms
Execution time: 17128.825 ms
