Hash Join  (cost=102767.86..1316570.16 rows=20713425 width=0) (actual time=2035.467..33456.286 rows=20858209 loops=1)
  Hash Cond: (ci.movie_id = t.id)
  ->  Seq Scan on cast_info ci  (cost=0.00..705507.15 rows=20713425 width=4) (actual time=0.014..14683.490 rows=20858209 loops=1)
        Filter: (person_id > 1516594)
        Rows Removed by Filter: 15386135
  ->  Hash  (cost=61283.27..61283.27 rows=2528527 width=4) (actual time=2034.443..2034.443 rows=2528312 loops=1)
        Buckets: 131072  Batches: 64  Memory Usage: 2415kB
        ->  Seq Scan on title t  (cost=0.00..61283.27 rows=2528527 width=4) (actual time=0.027..1211.581 rows=2528312 loops=1)
Planning time: 0.698 ms
Execution time: 35765.866 ms
