Hash Join  (cost=102767.86..1011994.28 rows=4292015 width=0) (actual time=2198.354..16425.938 rows=1835961 loops=1)
  Hash Cond: (ci.movie_id = t.id)
  ->  Seq Scan on cast_info ci  (cost=0.00..796071.18 rows=4292015 width=4) (actual time=31.630..12650.214 rows=1835961 loops=1)
        Filter: ((person_id < 631958) AND (role_id > 1))
        Rows Removed by Filter: 34408383
  ->  Hash  (cost=61283.27..61283.27 rows=2528527 width=4) (actual time=2164.781..2164.781 rows=2528312 loops=1)
        Buckets: 131072  Batches: 64  Memory Usage: 2415kB
        ->  Seq Scan on title t  (cost=0.00..61283.27 rows=2528527 width=4) (actual time=0.020..1099.287 rows=2528312 loops=1)
Planning time: 0.794 ms
Execution time: 16592.376 ms
