Hash Join  (cost=67697.55..418987.61 rows=3936 width=0) (actual time=4815.714..6801.072 rows=23279 loops=1)
  Hash Cond: (mi.movie_id = t.id)
  ->  Seq Scan on movie_info mi  (cost=0.00..346232.03 rows=1338312 width=4) (actual time=3465.338..5385.431 rows=1401902 loops=1)
        Filter: (info_type_id = 7)
        Rows Removed by Filter: 13433818
  ->  Hash  (cost=67604.59..67604.59 rows=7437 width=4) (actual time=1183.865..1183.865 rows=5835 loops=1)
        Buckets: 8192  Batches: 1  Memory Usage: 270kB
        ->  Seq Scan on title t  (cost=0.00..67604.59 rows=7437 width=4) (actual time=195.764..1181.088 rows=5835 loops=1)
              Filter: (production_year = 1916)
              Rows Removed by Filter: 2522477
Planning time: 0.757 ms
Execution time: 6804.369 ms
