Seq Scan on movie_companies mc  (cost=0.00..57926.93 rows=863223 width=0) (actual time=0.020..984.089 rows=1067543 loops=1)
  Filter: ((company_id > 3111) AND (company_type_id > 1))
  Rows Removed by Filter: 1541586
Planning time: 0.311 ms
Execution time: 1119.532 ms
