Seq Scan on cast_info ci  (cost=0.00..796071.18 rows=324 width=0) (actual time=2866.803..14317.777 rows=106 loops=1)
  Filter: ((role_id > 1) AND (person_id = 3667492))
  Rows Removed by Filter: 36244238
Planning time: 0.380 ms
Execution time: 14317.946 ms
