Seq Scan on movie_companies mc  (cost=0.00..57926.93 rows=628831 width=0) (actual time=0.023..951.022 rows=386699 loops=1)
  Filter: ((company_id > 11369) AND (company_type_id = 1))
  Rows Removed by Filter: 2222430
Planning time: 0.323 ms
Execution time: 999.829 ms
