Hash Join  (cost=102767.86..224360.32 rows=1276267 width=0) (actual time=1930.458..4740.414 rows=1283783 loops=1)
  Hash Cond: (mk.movie_id = t.id)
  ->  Seq Scan on movie_keyword mk  (cost=0.00..81003.12 rows=1276267 width=4) (actual time=0.017..1490.136 rows=1283783 loops=1)
        Filter: (keyword_id > 13766)
        Rows Removed by Filter: 3240147
  ->  Hash  (cost=61283.27..61283.27 rows=2528527 width=4) (actual time=1929.560..1929.560 rows=2528312 loops=1)
        Buckets: 131072  Batches: 64  Memory Usage: 2425kB
        ->  Seq Scan on title t  (cost=0.00..61283.27 rows=2528527 width=4) (actual time=0.009..1095.971 rows=2528312 loops=1)
Planning time: 0.567 ms
Execution time: 4879.294 ms
