Hash Join  (cost=86534.07..128143.25 rows=279328 width=0) (actual time=1627.091..2647.223 rows=134984 loops=1)
  Hash Cond: (mi_idx.movie_id = t.id)
  ->  Seq Scan on movie_info_idx mi_idx  (cost=0.00..25185.44 rows=919057 width=4) (actual time=0.024..499.999 rows=920110 loops=1)
        Filter: (info_type_id > 99)
        Rows Removed by Filter: 459925
  ->  Hash  (cost=73925.90..73925.90 rows=768493 width=4) (actual time=1535.655..1535.655 rows=840010 loops=1)
        Buckets: 131072  Batches: 16  Memory Usage: 2877kB
        ->  Seq Scan on title t  (cost=0.00..73925.90 rows=768493 width=4) (actual time=57.752..1263.399 rows=840010 loops=1)
              Filter: ((production_year > 2002) AND (kind_id = 7))
              Rows Removed by Filter: 1688302
Planning time: 0.726 ms
Execution time: 2665.679 ms
