Hash Join  (cost=448026.41..535005.37 rows=32092 width=0) (actual time=6425.262..11491.433 rows=10572607 loops=1)
  Hash Cond: (mk.movie_id = t.id)
  ->  Seq Scan on movie_keyword mk  (cost=0.00..69693.30 rows=4523930 width=4) (actual time=0.014..1222.590 rows=4523930 loops=1)
  ->  Hash  (cost=447802.20..447802.20 rows=17937 width=8) (actual time=6424.546..6424.546 rows=109034 loops=1)
        Buckets: 131072 (originally 32768)  Batches: 2 (originally 1)  Memory Usage: 3168kB
        ->  Nested Loop  (cost=0.43..447802.20 rows=17937 width=8) (actual time=2569.395..6378.846 rows=109034 loops=1)
              ->  Seq Scan on movie_info mi  (cost=0.00..346232.03 rows=17937 width=4) (actual time=2569.224..5532.222 rows=109034 loops=1)
                    Filter: (info_type_id = 106)
                    Rows Removed by Filter: 14726686
              ->  Index Only Scan using title_pkey on title t  (cost=0.43..5.65 rows=1 width=4) (actual time=0.007..0.007 rows=1 loops=109034)
                    Index Cond: (id = mi.movie_id)
                    Heap Fetches: 109034
Planning time: 1.090 ms
Execution time: 12766.586 ms
