Seq Scan on movie_keyword mk  (cost=0.00..81003.12 rows=954630 width=0) (actual time=0.024..1261.739 rows=957968 loops=1)
  Filter: (keyword_id < 896)
  Rows Removed by Filter: 3565962
Planning time: 0.276 ms
Execution time: 1377.893 ms
