Hash Join  (cost=102767.86..1233078.22 rows=17243644 width=0) (actual time=2036.347..31227.646 rows=17121109 loops=1)
  Hash Cond: (ci.movie_id = t.id)
  ->  Seq Scan on cast_info ci  (cost=0.00..705507.15 rows=17243644 width=4) (actual time=0.032..14202.371 rows=17121109 loops=1)
        Filter: (person_id < 1691634)
        Rows Removed by Filter: 19123235
  ->  Hash  (cost=61283.27..61283.27 rows=2528527 width=4) (actual time=2035.399..2035.399 rows=2528312 loops=1)
        Buckets: 131072  Batches: 64  Memory Usage: 2415kB
        ->  Seq Scan on title t  (cost=0.00..61283.27 rows=2528527 width=4) (actual time=0.016..1200.209 rows=2528312 loops=1)
Planning time: 0.705 ms
Execution time: 33063.259 ms
