Hash Join  (cost=74155.14..102853.70 rows=6666 width=0) (actual time=1101.659..1773.818 rows=12659 loops=1)
  Hash Cond: (mi_idx.movie_id = t.id)
  ->  Seq Scan on movie_info_idx mi_idx  (cost=0.00..25185.44 rows=919057 width=4) (actual time=0.019..498.638 rows=920110 loops=1)
        Filter: (info_type_id > 99)
        Rows Removed by Filter: 459925
  ->  Hash  (cost=73925.90..73925.90 rows=18339 width=4) (actual time=1101.394..1101.394 rows=14449 loops=1)
        Buckets: 32768  Batches: 1  Memory Usage: 764kB
        ->  Seq Scan on title t  (cost=0.00..73925.90 rows=18339 width=4) (actual time=0.112..1094.756 rows=14449 loops=1)
              Filter: ((kind_id < 7) AND (production_year = 1998))
              Rows Removed by Filter: 2513863
Planning time: 0.753 ms
Execution time: 1775.938 ms
