Nested Loop  (cost=0.43..83072.29 rows=150 width=0) (actual time=3.330..1329.402 rows=27 loops=1)
  ->  Seq Scan on movie_keyword mk  (cost=0.00..81003.12 rows=246 width=4) (actual time=3.199..1253.759 rows=625 loops=1)
        Filter: (keyword_id = 2231)
        Rows Removed by Filter: 4523305
  ->  Index Scan using title_pkey on title t  (cost=0.43..8.40 rows=1 width=4) (actual time=0.120..0.120 rows=0 loops=625)
        Index Cond: (id = mk.movie_id)
        Filter: (kind_id = 7)
        Rows Removed by Filter: 1
Planning time: 0.728 ms
Execution time: 1329.522 ms
