Hash Join  (cost=88716.22..230368.88 rows=1612862 width=0) (actual time=1614.371..6020.205 rows=3406685 loops=1)
  Hash Cond: (mk.movie_id = t.id)
  ->  Seq Scan on movie_keyword mk  (cost=0.00..69693.30 rows=4523930 width=4) (actual time=0.020..1562.542 rows=4523930 loops=1)
  ->  Hash  (cost=73925.90..73925.90 rows=901465 width=4) (actual time=1613.604..1613.604 rows=822656 loops=1)
        Buckets: 131072  Batches: 16  Memory Usage: 2841kB
        ->  Seq Scan on title t  (cost=0.00..73925.90 rows=901465 width=4) (actual time=0.025..1347.890 rows=822656 loops=1)
              Filter: ((kind_id < 7) AND (production_year > 1946))
              Rows Removed by Filter: 1705656
Planning time: 0.711 ms
Execution time: 6397.782 ms
