Hash Join  (cost=102767.86..211603.32 rows=1976206 width=0) (actual time=1988.526..5172.976 rows=1982204 loops=1)
  Hash Cond: (mc.movie_id = t.id)
  ->  Seq Scan on movie_companies mc  (cost=0.00..51404.11 rows=1976206 width=4) (actual time=0.027..1109.628 rows=1982204 loops=1)
        Filter: (company_id > 814)
        Rows Removed by Filter: 626925
  ->  Hash  (cost=61283.27..61283.27 rows=2528527 width=4) (actual time=1986.252..1986.252 rows=2528312 loops=1)
        Buckets: 131072  Batches: 64  Memory Usage: 2415kB
        ->  Seq Scan on title t  (cost=0.00..61283.27 rows=2528527 width=4) (actual time=0.017..1118.686 rows=2528312 loops=1)
Planning time: 0.740 ms
Execution time: 5410.444 ms
