Hash Join  (cost=81703.78..214039.67 rows=848185 width=0) (actual time=1387.985..5343.886 rows=2498581 loops=1)
  Hash Cond: (mk.movie_id = t.id)
  ->  Seq Scan on movie_keyword mk  (cost=0.00..69693.30 rows=4523930 width=4) (actual time=0.015..1374.842 rows=4523930 loops=1)
  ->  Hash  (cost=73925.90..73925.90 rows=474070 width=4) (actual time=1387.055..1387.055 rows=496025 loops=1)
        Buckets: 131072  Batches: 8  Memory Usage: 3223kB
        ->  Seq Scan on title t  (cost=0.00..73925.90 rows=474070 width=4) (actual time=0.024..1228.587 rows=496025 loops=1)
              Filter: ((kind_id < 2) AND (production_year < 2009))
              Rows Removed by Filter: 2032287
Planning time: 0.684 ms
Execution time: 5631.234 ms
