Hash Join  (cost=921863.85..960127.55 rows=118080 width=0) (actual time=15637.735..16612.124 rows=140023 loops=1)
  Hash Cond: (mi_idx.movie_id = t.id)
  ->  Seq Scan on movie_info_idx mi_idx  (cost=0.00..25185.44 rows=919057 width=4) (actual time=0.017..555.070 rows=920110 loops=1)
        Filter: (info_type_id > 99)
        Rows Removed by Filter: 459925
  ->  Hash  (cost=916534.06..916534.06 rows=324863 width=8) (actual time=15636.502..15636.502 rows=135326 loops=1)
        Buckets: 131072  Batches: 8  Memory Usage: 1684kB
        ->  Hash Join  (cost=102767.86..916534.06 rows=324863 width=8) (actual time=1941.108..15593.122 rows=135326 loops=1)
              Hash Cond: (ci.movie_id = t.id)
              ->  Seq Scan on cast_info ci  (cost=0.00..796071.18 rows=324863 width=4) (actual time=82.010..13219.108 rows=135326 loops=1)
                    Filter: ((person_id < 3549351) AND (role_id > 10))
                    Rows Removed by Filter: 36109018
              ->  Hash  (cost=61283.27..61283.27 rows=2528527 width=4) (actual time=1857.414..1857.414 rows=2528312 loops=1)
                    Buckets: 131072  Batches: 64  Memory Usage: 2415kB
                    ->  Seq Scan on title t  (cost=0.00..61283.27 rows=2528527 width=4) (actual time=0.023..1040.050 rows=2528312 loops=1)
Planning time: 1.117 ms
Execution time: 16628.857 ms
