Seq Scan on movie_keyword mk  (cost=0.00..81003.12 rows=246 width=0) (actual time=22.877..1284.873 rows=211 loops=1)
  Filter: (keyword_id = 3751)
  Rows Removed by Filter: 4523719
Planning time: 0.272 ms
Execution time: 1285.096 ms
