Seq Scan on movie_keyword mk  (cost=0.00..81003.12 rows=1236916 width=0) (actual time=0.028..1426.426 rows=1249167 loops=1)
  Filter: (keyword_id > 14441)
  Rows Removed by Filter: 3274763
Planning time: 0.304 ms
Execution time: 1584.060 ms
