Hash Join  (cost=195594.39..1339318.44 rows=10700288 width=0) (actual time=4249.214..41982.186 rows=25721102 loops=1)
  Hash Cond: (ci.movie_id = t.id)
  ->  Seq Scan on cast_info ci  (cost=0.00..614943.12 rows=36225612 width=4) (actual time=0.013..13588.434 rows=36244344 loops=1)
  ->  Hash  (cost=183340.47..183340.47 rows=746874 width=8) (actual time=4248.307..4248.307 rows=755913 loops=1)
        Buckets: 131072  Batches: 16  Memory Usage: 2858kB
        ->  Hash Join  (cost=104943.62..183340.47 rows=746874 width=8) (actual time=2068.580..4029.934 rows=755913 loops=1)
              Hash Cond: (mc.movie_id = t.id)
              ->  Seq Scan on movie_companies mc  (cost=0.00..51404.11 rows=829798 width=4) (actual time=0.015..892.798 rows=821828 loops=1)
                    Filter: (company_id < 1986)
                    Rows Removed by Filter: 1787301
              ->  Hash  (cost=67604.59..67604.59 rows=2275843 width=4) (actual time=2067.307..2067.307 rows=2268428 loops=1)
                    Buckets: 131072  Batches: 32  Memory Usage: 3520kB
                    ->  Seq Scan on title t  (cost=0.00..67604.59 rows=2275843 width=4) (actual time=0.021..1356.076 rows=2268428 loops=1)
                          Filter: (production_year > 1953)
                          Rows Removed by Filter: 259884
Planning time: 1.119 ms
Execution time: 44701.564 ms
