Hash Join  (cost=83073.70..447733.36 rows=371 width=0) (actual time=1307.346..7851.597 rows=1409 loops=1)
  Hash Cond: (mi.movie_id = t.id)
  ->  Seq Scan on movie_info mi  (cost=0.00..309384.22 rows=14739122 width=4) (actual time=0.020..4151.711 rows=14835720 loops=1)
  ->  Hash  (cost=83072.90..83072.90 rows=64 width=8) (actual time=1225.490..1225.490 rows=12 loops=1)
        Buckets: 1024  Batches: 1  Memory Usage: 9kB
        ->  Nested Loop  (cost=0.43..83072.90 rows=64 width=8) (actual time=310.615..1225.462 rows=12 loops=1)
              ->  Seq Scan on movie_keyword mk  (cost=0.00..81003.12 rows=246 width=4) (actual time=310.544..1223.991 rows=14 loops=1)
                    Filter: (keyword_id = 43064)
                    Rows Removed by Filter: 4523916
              ->  Index Scan using title_pkey on title t  (cost=0.43..8.40 rows=1 width=4) (actual time=0.097..0.098 rows=1 loops=14)
                    Index Cond: (id = mk.movie_id)
                    Filter: ((kind_id < 4) AND (production_year < 2010))
                    Rows Removed by Filter: 0
Planning time: 0.750 ms
Execution time: 7852.012 ms
