Seq Scan on movie_companies mc  (cost=0.00..57926.93 rows=316400 width=0) (actual time=227.168..926.787 rows=613896 loops=1)
  Filter: ((company_id > 61085) AND (company_type_id > 1))
  Rows Removed by Filter: 1995233
Planning time: 0.303 ms
Execution time: 1004.079 ms
