Hash Join  (cost=88025.26..906080.93 rows=2480508 width=0) (actual time=3581.038..19509.981 rows=2421105 loops=1)
  Hash Cond: (ci.movie_id = t.id)
  ->  Seq Scan on cast_info ci  (cost=0.00..705507.15 rows=7298253 width=4) (actual time=2097.961..13212.489 rows=7451973 loops=1)
        Filter: (role_id = 2)
        Rows Removed by Filter: 28792371
  ->  Hash  (cost=73925.90..73925.90 rows=859388 width=4) (actual time=1481.715..1481.715 rows=774344 loops=1)
        Buckets: 131072  Batches: 16  Memory Usage: 2728kB
        ->  Seq Scan on title t  (cost=0.00..73925.90 rows=859388 width=4) (actual time=0.032..1238.856 rows=774344 loops=1)
              Filter: ((kind_id < 7) AND (production_year > 1961))
              Rows Removed by Filter: 1753968
Planning time: 1.178 ms
Execution time: 19810.728 ms
