Seq Scan on movie_companies mc  (cost=0.00..57926.93 rows=897534 width=0) (actual time=203.551..1015.027 rows=1207875 loops=1)
  Filter: ((company_id < 32111) AND (company_type_id = 1))
  Rows Removed by Filter: 1401254
Planning time: 1.392 ms
Execution time: 1167.081 ms
