Hash Join  (cost=28268.09..744322.54 rows=123 width=0) (actual time=5885.632..12321.296 rows=7565 loops=1)
  Hash Cond: (ci.movie_id = t.id)
  ->  Seq Scan on cast_info ci  (cost=0.00..705507.15 rows=2812288 width=4) (actual time=5417.357..11382.737 rows=2858512 loops=1)
        Filter: (person_id > 3522961)
        Rows Removed by Filter: 33385832
  ->  Hash  (cost=28266.72..28266.72 rows=110 width=8) (actual time=450.547..450.547 rows=260 loops=1)
        Buckets: 1024  Batches: 1  Memory Usage: 19kB
        ->  Nested Loop  (cost=0.43..28266.72 rows=110 width=8) (actual time=413.321..450.411 rows=260 loops=1)
              ->  Seq Scan on movie_info_idx mi_idx  (cost=0.00..25185.44 rows=368 width=4) (actual time=413.245..435.418 rows=260 loops=1)
                    Filter: (info_type_id > 101)
                    Rows Removed by Filter: 1379775
              ->  Index Scan using title_pkey on title t  (cost=0.43..8.36 rows=1 width=4) (actual time=0.057..0.057 rows=1 loops=260)
                    Index Cond: (id = mi_idx.movie_id)
                    Filter: (kind_id < 3)
Planning time: 1.186 ms
Execution time: 12323.106 ms
