Seq Scan on movie_companies mc  (cost=0.00..51404.11 rows=795610 width=0) (actual time=0.024..1021.439 rows=785673 loops=1)
  Filter: (company_id < 1709)
  Rows Removed by Filter: 1823456
Planning time: 0.319 ms
Execution time: 1119.436 ms
