Hash Join  (cost=116584.67..481471.84 rows=23126 width=0) (actual time=1486.819..8939.919 rows=458948 loops=1)
  Hash Cond: (mi.movie_id = t.id)
  ->  Seq Scan on movie_info mi  (cost=0.00..309384.22 rows=14739122 width=4) (actual time=0.008..4429.036 rows=14835720 loops=1)
  ->  Hash  (cost=116535.08..116535.08 rows=3967 width=8) (actual time=1486.660..1486.660 rows=4229 loops=1)
        Buckets: 8192 (originally 4096)  Batches: 1 (originally 1)  Memory Usage: 230kB
        ->  Nested Loop  (cost=0.43..116535.08 rows=3967 width=8) (actual time=0.111..1483.909 rows=4229 loops=1)
              ->  Seq Scan on movie_keyword mk  (cost=0.00..81003.12 rows=4826 width=4) (actual time=0.078..1321.388 rows=4904 loops=1)
                    Filter: (keyword_id = 24382)
                    Rows Removed by Filter: 4519026
              ->  Index Scan using title_pkey on title t  (cost=0.43..7.35 rows=1 width=4) (actual time=0.032..0.032 rows=1 loops=4904)
                    Index Cond: (id = mk.movie_id)
                    Filter: (production_year > 1970)
                    Rows Removed by Filter: 0
Planning time: 1.530 ms
Execution time: 9001.975 ms
