Seq Scan on cast_info ci  (cost=0.00..705507.15 rows=34670087 width=0) (actual time=0.021..13886.520 rows=34680641 loops=1)
  Filter: (person_id < 3752535)
  Rows Removed by Filter: 1563703
Planning time: 0.328 ms
Execution time: 18199.084 ms
