Seq Scan on cast_info ci  (cost=0.00..705507.15 rows=26254422 width=0) (actual time=0.023..13610.200 rows=26482202 loops=1)
  Filter: (person_id > 959767)
  Rows Removed by Filter: 9762142
Planning time: 0.323 ms
Execution time: 16933.893 ms
