Hash Join  (cost=709678.15..1074363.23 rows=2915 width=0) (actual time=10566.454..17580.067 rows=775 loops=1)
  Hash Cond: (mi.movie_id = t.id)
  ->  Seq Scan on movie_info mi  (cost=0.00..309384.22 rows=14739122 width=4) (actual time=0.007..4415.906 rows=14835720 loops=1)
  ->  Hash  (cost=709671.90..709671.90 rows=500 width=8) (actual time=10546.079..10546.079 rows=26 loops=1)
        Buckets: 1024  Batches: 1  Memory Usage: 10kB
        ->  Nested Loop  (cost=0.43..709671.90 rows=500 width=8) (actual time=1413.076..10546.042 rows=26 loops=1)
              ->  Seq Scan on cast_info ci  (cost=0.00..705507.15 rows=500 width=4) (actual time=1412.942..10545.391 rows=26 loops=1)
                    Filter: (person_id = 604828)
                    Rows Removed by Filter: 36244318
              ->  Index Only Scan using title_pkey on title t  (cost=0.43..8.32 rows=1 width=4) (actual time=0.021..0.021 rows=1 loops=26)
                    Index Cond: (id = ci.movie_id)
                    Heap Fetches: 26
Planning time: 1.168 ms
Execution time: 17580.434 ms
