Hash Join  (cost=73956.69..891347.87 rows=5524 width=0) (actual time=4453.421..16998.009 rows=11759 loops=1)
  Hash Cond: (ci.movie_id = t.id)
  ->  Seq Scan on cast_info ci  (cost=0.00..796071.18 rows=5670603 width=4) (actual time=3484.809..14825.432 rows=7451973 loops=1)
        Filter: ((person_id < 2876077) AND (role_id = 2))
        Rows Removed by Filter: 28792371
  ->  Hash  (cost=73925.90..73925.90 rows=2463 width=4) (actual time=968.135..968.135 rows=3040 loops=1)
        Buckets: 4096  Batches: 1  Memory Usage: 139kB
        ->  Seq Scan on title t  (cost=0.00..73925.90 rows=2463 width=4) (actual time=0.057..966.555 rows=3040 loops=1)
              Filter: ((kind_id = 3) AND (production_year = 2002))
              Rows Removed by Filter: 2525272
Planning time: 1.833 ms
Execution time: 17000.805 ms
