Hash Join  (cost=77854.63..117789.82 rows=130671 width=0) (actual time=1306.692..2233.212 rows=54945 loops=1)
  Hash Cond: (mi_idx.movie_id = t.id)
  ->  Seq Scan on movie_info_idx mi_idx  (cost=0.00..21735.35 rows=1380035 width=4) (actual time=0.020..350.574 rows=1380035 loops=1)
  ->  Hash  (cost=73925.90..73925.90 rows=239418 width=4) (actual time=1305.701..1305.701 rows=256906 loops=1)
        Buckets: 131072  Batches: 4  Memory Usage: 3296kB
        ->  Seq Scan on title t  (cost=0.00..73925.90 rows=239418 width=4) (actual time=0.022..1222.119 rows=256906 loops=1)
              Filter: ((production_year > 2010) AND (kind_id = 7))
              Rows Removed by Filter: 2271406
Planning time: 0.826 ms
Execution time: 2240.542 ms
