Seq Scan on movie_keyword mk  (cost=0.00..81003.12 rows=4976 width=0) (actual time=282.792..1231.200 rows=4343 loops=1)
  Filter: (keyword_id = 29029)
  Rows Removed by Filter: 4519587
Planning time: 0.382 ms
Execution time: 1231.863 ms
