Hash Join  (cost=102767.86..1107634.39 rows=8266668 width=0) (actual time=10278.662..19452.952 rows=3532130 loops=1)
  Hash Cond: (ci.movie_id = t.id)
  ->  Seq Scan on cast_info ci  (cost=0.00..796071.18 rows=8266668 width=4) (actual time=8423.055..14394.764 rows=3532130 loops=1)
        Filter: ((person_id > 1247624) AND (role_id < 2))
        Rows Removed by Filter: 32712214
  ->  Hash  (cost=61283.27..61283.27 rows=2528527 width=4) (actual time=1853.372..1853.372 rows=2528312 loops=1)
        Buckets: 131072  Batches: 64  Memory Usage: 2415kB
        ->  Seq Scan on title t  (cost=0.00..61283.27 rows=2528527 width=4) (actual time=0.022..1030.261 rows=2528312 loops=1)
Planning time: 0.774 ms
Execution time: 19856.831 ms
