Hash Join  (cost=101570.68..156403.09 rows=16689 width=0) (actual time=1805.528..2973.823 rows=32427 loops=1)
  Hash Cond: (mc.movie_id = t.id)
  ->  Seq Scan on movie_companies mc  (cost=0.00..44881.29 rows=2609129 width=4) (actual time=0.009..571.181 rows=2609129 loops=1)
  ->  Hash  (cost=101368.52..101368.52 rows=16173 width=8) (actual time=1804.491..1804.491 rows=14373 loops=1)
        Buckets: 16384  Batches: 1  Memory Usage: 690kB
        ->  Hash Join  (cost=74296.30..101368.52 rows=16173 width=8) (actual time=1190.382..1799.552 rows=14373 loops=1)
              Hash Cond: (mi_idx.movie_id = t.id)
              ->  Seq Scan on movie_info_idx mi_idx  (cost=0.00..21735.35 rows=1380035 width=4) (actual time=0.025..284.871 rows=1380035 loops=1)
              ->  Hash  (cost=73925.90..73925.90 rows=29632 width=4) (actual time=1190.137..1190.137 rows=73351 loops=1)
                    Buckets: 131072 (originally 32768)  Batches: 1 (originally 1)  Memory Usage: 3603kB
                    ->  Seq Scan on title t  (cost=0.00..73925.90 rows=29632 width=4) (actual time=440.671..1161.009 rows=73351 loops=1)
                          Filter: ((kind_id < 7) AND (production_year < 1917))
                          Rows Removed by Filter: 2454961
Planning time: 1.169 ms
Execution time: 2979.029 ms
