Hash Join  (cost=134534.23..483213.17 rows=207 width=0) (actual time=2132.004..7463.887 rows=2141 loops=1)
  Hash Cond: (mi.movie_id = t.id)
  ->  Seq Scan on movie_info mi  (cost=0.00..346232.03 rows=651960 width=4) (actual time=0.010..5233.673 rows=660923 loops=1)
        Filter: (info_type_id = 18)
        Rows Removed by Filter: 14174797
  ->  Hash  (cost=134524.19..134524.19 rows=803 width=8) (actual time=2130.244..2130.244 rows=1026 loops=1)
        Buckets: 2048 (originally 1024)  Batches: 1 (originally 1)  Memory Usage: 57kB
        ->  Hash Join  (cost=75919.53..134524.19 rows=803 width=8) (actual time=1212.392..2129.754 rows=1026 loops=1)
              Hash Cond: (mc.movie_id = t.id)
              ->  Seq Scan on movie_companies mc  (cost=0.00..57926.93 rows=16719 width=4) (actual time=0.039..852.291 rows=35517 loops=1)
                    Filter: ((company_type_id < 2) AND (company_id = 160))
                    Rows Removed by Filter: 2573612
              ->  Hash  (cost=73925.90..73925.90 rows=121490 width=4) (actual time=1211.811..1211.811 rows=222618 loops=1)
                    Buckets: 131072 (originally 131072)  Batches: 4 (originally 2)  Memory Usage: 3073kB
                    ->  Seq Scan on title t  (cost=0.00..73925.90 rows=121490 width=4) (actual time=0.031..1136.013 rows=222618 loops=1)
                          Filter: ((kind_id < 7) AND (production_year < 1966))
                          Rows Removed by Filter: 2305694
Planning time: 1.076 ms
Execution time: 7464.716 ms
