Hash Join  (cost=162505.04..1239501.97 rows=4204676 width=0) (actual time=4474.847..42028.638 rows=23537327 loops=1)
  Hash Cond: (ci.movie_id = t.id)
  ->  Seq Scan on cast_info ci  (cost=0.00..614943.12 rows=36225612 width=4) (actual time=0.018..13435.428 rows=36244344 loops=1)
  ->  Hash  (cost=157689.49..157689.49 rows=293484 width=8) (actual time=4473.971..4473.971 rows=811511 loops=1)
        Buckets: 131072 (originally 131072)  Batches: 8 (originally 4)  Memory Usage: 4995kB
        ->  Hash Join  (cost=78593.13..157689.49 rows=293484 width=8) (actual time=1468.248..4218.338 rows=811511 loops=1)
              Hash Cond: (mc.movie_id = t.id)
              ->  Seq Scan on movie_companies mc  (cost=0.00..44881.29 rows=2609129 width=4) (actual time=0.017..882.570 rows=2609129 loops=1)
              ->  Hash  (cost=73925.90..73925.90 rows=284418 width=4) (actual time=1467.418..1467.418 rows=382296 loops=1)
                    Buckets: 131072 (originally 131072)  Batches: 8 (originally 4)  Memory Usage: 3073kB
                    ->  Seq Scan on title t  (cost=0.00..73925.90 rows=284418 width=4) (actual time=0.011..1338.608 rows=382296 loops=1)
                          Filter: ((production_year < 2001) AND (kind_id = 1))
                          Rows Removed by Filter: 2146016
Planning time: 1.193 ms
Execution time: 44934.609 ms
