Hash Join  (cost=163089.33..915668.19 rows=178966 width=0) (actual time=2666.470..22655.934 rows=1822037 loops=1)
  Hash Cond: (ci.movie_id = t.id)
  ->  Seq Scan on cast_info ci  (cost=0.00..614943.12 rows=36225612 width=4) (actual time=0.016..8675.888 rows=36244344 loops=1)
  ->  Hash  (cost=162933.18..162933.18 rows=12492 width=8) (actual time=2666.303..2666.303 rows=39389 loops=1)
        Buckets: 65536 (originally 16384)  Batches: 1 (originally 1)  Memory Usage: 2051kB
        ->  Hash Join  (cost=79405.47..162933.18 rows=12492 width=8) (actual time=1234.610..2652.896 rows=39389 loops=1)
              Hash Cond: (mk.movie_id = t.id)
              ->  Seq Scan on movie_keyword mk  (cost=0.00..81003.12 rows=94578 width=4) (actual time=0.023..1285.397 rows=104458 loops=1)
                    Filter: (keyword_id < 107)
                    Rows Removed by Filter: 4419472
              ->  Hash  (cost=73925.90..73925.90 rows=333965 width=4) (actual time=1233.607..1233.607 rows=411522 loops=1)
                    Buckets: 131072  Batches: 8  Memory Usage: 2849kB
                    ->  Seq Scan on title t  (cost=0.00..73925.90 rows=333965 width=4) (actual time=245.306..1106.794 rows=411522 loops=1)
                          Filter: ((production_year < 2004) AND (kind_id = 1))
                          Rows Removed by Filter: 2116790
Planning time: 0.810 ms
Execution time: 22904.511 ms
