Hash Join  (cost=133012.87..908142.98 rows=18111 width=0) (actual time=2160.774..17805.154 rows=39113 loops=1)
  Hash Cond: (ci.movie_id = t.id)
  ->  Seq Scan on cast_info ci  (cost=0.00..705507.15 rows=18517827 width=4) (actual time=0.012..12150.309 rows=18682544 loops=1)
        Filter: (person_id > 1737957)
        Rows Removed by Filter: 17561800
  ->  Hash  (cost=132981.95..132981.95 rows=2473 width=8) (actual time=2159.876..2159.876 rows=2461 loops=1)
        Buckets: 4096  Batches: 1  Memory Usage: 129kB
        ->  Hash Join  (cost=74369.53..132981.95 rows=2473 width=8) (actual time=1496.011..2158.832 rows=2461 loops=1)
              Hash Cond: (mc.movie_id = t.id)
              ->  Seq Scan on movie_companies mc  (cost=0.00..57926.93 rows=176202 width=4) (actual time=301.172..881.583 rows=276309 loops=1)
                    Filter: ((company_id < 176) AND (company_type_id = 1))
                    Rows Removed by Filter: 2332820
              ->  Hash  (cost=73925.90..73925.90 rows=35490 width=4) (actual time=1192.564..1192.564 rows=39698 loops=1)
                    Buckets: 65536  Batches: 1  Memory Usage: 1908kB
                    ->  Seq Scan on title t  (cost=0.00..73925.90 rows=35490 width=4) (actual time=0.075..1175.686 rows=39698 loops=1)
                          Filter: ((kind_id = 7) AND (production_year = 2001))
                          Rows Removed by Filter: 2488614
Planning time: 1.191 ms
Execution time: 17812.321 ms
