Seq Scan on cast_info ci  (cost=0.00..705507.15 rows=22548553 width=0) (actual time=0.013..12873.054 rows=22405409 loops=1)
  Filter: (person_id < 2284343)
  Rows Removed by Filter: 13838935
Planning time: 0.331 ms
Execution time: 15648.920 ms
