Hash Join  (cost=102767.86..944233.45 rows=1475964 width=0) (actual time=4200.555..18353.404 rows=1452246 loops=1)
  Hash Cond: (ci.movie_id = t.id)
  ->  Seq Scan on cast_info ci  (cost=0.00..796071.18 rows=1475964 width=4) (actual time=2300.534..14862.743 rows=1452246 loops=1)
        Filter: ((person_id > 516458) AND (role_id = 8))
        Rows Removed by Filter: 34792098
  ->  Hash  (cost=61283.27..61283.27 rows=2528527 width=4) (actual time=1898.857..1898.857 rows=2528312 loops=1)
        Buckets: 131072  Batches: 64  Memory Usage: 2415kB
        ->  Seq Scan on title t  (cost=0.00..61283.27 rows=2528527 width=4) (actual time=0.020..1047.694 rows=2528312 loops=1)
Planning time: 0.778 ms
Execution time: 18525.438 ms
