Nested Loop  (cost=0.43..83072.29 rows=150 width=0) (actual time=858.012..1205.858 rows=2 loops=1)
  ->  Seq Scan on movie_keyword mk  (cost=0.00..81003.12 rows=246 width=4) (actual time=84.714..1205.546 rows=5 loops=1)
        Filter: (keyword_id = 28723)
        Rows Removed by Filter: 4523925
  ->  Index Scan using title_pkey on title t  (cost=0.43..8.40 rows=1 width=4) (actual time=0.055..0.056 rows=0 loops=5)
        Index Cond: (id = mk.movie_id)
        Filter: (kind_id = 7)
        Rows Removed by Filter: 1
Planning time: 0.729 ms
Execution time: 1205.960 ms
