Hash Join  (cost=83073.99..833875.61 rows=1252 width=0) (actual time=1196.341..17046.801 rows=29059 loops=1)
  Hash Cond: (ci.movie_id = t.id)
  ->  Seq Scan on cast_info ci  (cost=0.00..614943.12 rows=36225612 width=4) (actual time=0.015..8607.248 rows=36244344 loops=1)
  ->  Hash  (cost=83072.90..83072.90 rows=87 width=8) (actual time=1194.839..1194.839 rows=518 loops=1)
        Buckets: 1024  Batches: 1  Memory Usage: 29kB
        ->  Nested Loop  (cost=0.43..83072.90 rows=87 width=8) (actual time=2.025..1194.421 rows=518 loops=1)
              ->  Seq Scan on movie_keyword mk  (cost=0.00..81003.12 rows=246 width=4) (actual time=0.898..1167.128 rows=724 loops=1)
                    Filter: (keyword_id = 5363)
                    Rows Removed by Filter: 4523206
              ->  Index Scan using title_pkey on title t  (cost=0.43..8.40 rows=1 width=4) (actual time=0.036..0.036 rows=1 loops=724)
                    Index Cond: (id = mk.movie_id)
                    Filter: ((kind_id < 7) AND (production_year > 1950))
                    Rows Removed by Filter: 0
Planning time: 1.055 ms
Execution time: 17054.666 ms
