Hash Join  (cost=190230.21..1036147.67 rows=4329564 width=0) (actual time=4746.281..24991.498 rows=9378010 loops=1)
  Hash Cond: (ci.movie_id = t.id)
  ->  Seq Scan on cast_info ci  (cost=0.00..705507.15 rows=7932711 width=4) (actual time=0.058..12218.116 rows=7915240 loops=1)
        Filter: (person_id > 2887635)
        Rows Removed by Filter: 28329104
  ->  Hash  (cost=167588.78..167588.78 rows=1380035 width=8) (actual time=4745.417..4745.417 rows=1380035 loops=1)
        Buckets: 131072  Batches: 32  Memory Usage: 2708kB
        ->  Hash Join  (cost=102767.86..167588.78 rows=1380035 width=8) (actual time=1936.885..4375.392 rows=1380035 loops=1)
              Hash Cond: (mi_idx.movie_id = t.id)
              ->  Seq Scan on movie_info_idx mi_idx  (cost=0.00..21735.35 rows=1380035 width=4) (actual time=0.031..449.623 rows=1380035 loops=1)
              ->  Hash  (cost=61283.27..61283.27 rows=2528527 width=4) (actual time=1935.588..1935.588 rows=2528312 loops=1)
                    Buckets: 131072  Batches: 64  Memory Usage: 2415kB
                    ->  Seq Scan on title t  (cost=0.00..61283.27 rows=2528527 width=4) (actual time=0.015..1125.166 rows=2528312 loops=1)
Planning time: 1.191 ms
Execution time: 26107.884 ms
