Hash Join  (cost=102767.86..952378.45 rows=1814487 width=0) (actual time=1997.591..16238.620 rows=590725 loops=1)
  Hash Cond: (ci.movie_id = t.id)
  ->  Seq Scan on cast_info ci  (cost=0.00..796071.18 rows=1814487 width=4) (actual time=57.897..13378.823 rows=590725 loops=1)
        Filter: ((person_id < 1488776) AND (role_id = 10))
        Rows Removed by Filter: 35653619
  ->  Hash  (cost=61283.27..61283.27 rows=2528527 width=4) (actual time=1938.657..1938.657 rows=2528312 loops=1)
        Buckets: 131072  Batches: 64  Memory Usage: 2415kB
        ->  Seq Scan on title t  (cost=0.00..61283.27 rows=2528527 width=4) (actual time=0.019..1085.574 rows=2528312 loops=1)
Planning time: 0.755 ms
Execution time: 16312.494 ms
