Hash Join  (cost=462701.94..1572359.54 rows=7384037 width=0) (actual time=8479.674..44583.797 rows=20023389 loops=1)
  Hash Cond: (ci.movie_id = t.id)
  ->  Seq Scan on cast_info ci  (cost=0.00..614943.12 rows=36225612 width=4) (actual time=0.025..13340.726 rows=36244344 loops=1)
  ->  Hash  (cost=454245.42..454245.42 rows=515402 width=8) (actual time=8478.432..8478.432 rows=1107084 loops=1)
        Buckets: 131072 (originally 131072)  Batches: 16 (originally 8)  Memory Usage: 3717kB
        ->  Hash Join  (cost=83580.70..454245.42 rows=515402 width=8) (actual time=4883.374..8200.850 rows=1107084 loops=1)
              Hash Cond: (mi.movie_id = t.id)
              ->  Seq Scan on movie_info mi  (cost=0.00..346232.03 rows=1338312 width=4) (actual time=3299.512..5497.764 rows=1401902 loops=1)
                    Filter: (info_type_id = 7)
                    Rows Removed by Filter: 13433818
              ->  Hash  (cost=67604.59..67604.59 rows=973769 width=4) (actual time=1582.780..1582.780 rows=971188 loops=1)
                    Buckets: 131072  Batches: 16  Memory Usage: 3169kB
                    ->  Seq Scan on title t  (cost=0.00..67604.59 rows=973769 width=4) (actual time=0.030..1251.986 rows=971188 loops=1)
                          Filter: (production_year < 1999)
                          Rows Removed by Filter: 1557124
Planning time: 1.487 ms
Execution time: 46661.046 ms
