Merge Join  (cost=83379.88..207842.19 rows=454124 width=144) (actual time=1097.092..18813.576 rows=459925 loops=1)
  Merge Cond: (t.id = mi_idx.movie_id)
  ->  Index Scan using title_pkey on title t  (cost=0.43..110313.87 rows=2528527 width=94) (actual time=0.006..16709.530 rows=2525794 loops=1)
  ->  Materialize  (cost=83379.08..85649.70 rows=454124 width=50) (actual time=1097.056..1395.293 rows=459925 loops=1)
        ->  Sort  (cost=83379.08..84514.39 rows=454124 width=50) (actual time=1097.051..1321.514 rows=459925 loops=1)
              Sort Key: mi_idx.movie_id
              Sort Method: external merge  Disk: 11232kB
              ->  Seq Scan on movie_info_idx mi_idx  (cost=0.00..25185.44 rows=454124 width=50) (actual time=0.020..629.827 rows=459925 loops=1)
                    Filter: (info_type_id = 100)
                    Rows Removed by Filter: 920110
Planning time: 0.939 ms
Execution time: 18844.535 ms
