Hash Join  (cost=253144.65..824390.30 rows=8569672 width=0) (actual time=6105.902..35995.602 rows=71686680 loops=1)
  Hash Cond: (mi.movie_id = t.id)
  ->  Seq Scan on movie_info mi  (cost=0.00..309384.22 rows=14739122 width=4) (actual time=0.024..6377.638 rows=14835720 loops=1)
  ->  Hash  (cost=229024.84..229024.84 rows=1470145 width=8) (actual time=6104.885..6104.885 rows=1487974 loops=1)
        Buckets: 131072  Batches: 32  Memory Usage: 2906kB
        ->  Hash Join  (cost=102767.86..229024.84 rows=1470145 width=8) (actual time=1942.265..5683.636 rows=1487974 loops=1)
              Hash Cond: (mk.movie_id = t.id)
              ->  Seq Scan on movie_keyword mk  (cost=0.00..81003.12 rows=1470145 width=4) (actual time=0.031..1491.346 rows=1487974 loops=1)
                    Filter: (keyword_id < 2130)
                    Rows Removed by Filter: 3035956
              ->  Hash  (cost=61283.27..61283.27 rows=2528527 width=4) (actual time=1939.770..1939.770 rows=2528312 loops=1)
                    Buckets: 131072  Batches: 64  Memory Usage: 2425kB
                    ->  Seq Scan on title t  (cost=0.00..61283.27 rows=2528527 width=4) (actual time=0.016..1048.797 rows=2528312 loops=1)
Planning time: 1.177 ms
Execution time: 43857.739 ms
