Seq Scan on movie_keyword mk  (cost=0.00..81003.12 rows=246 width=0) (actual time=1.005..1274.750 rows=807 loops=1)
  Filter: (keyword_id = 1679)
  Rows Removed by Filter: 4523123
Planning time: 0.265 ms
Execution time: 1275.105 ms
