Hash Join  (cost=190230.21..282256.87 rows=1129734 width=0) (actual time=5095.309..8489.453 rows=3320222 loops=1)
  Hash Cond: (mc.movie_id = t.id)
  ->  Seq Scan on movie_companies mc  (cost=0.00..51404.11 rows=2069920 width=4) (actual time=0.017..1080.467 rows=2065803 loops=1)
        Filter: (company_id < 72076)
        Rows Removed by Filter: 543326
  ->  Hash  (cost=167588.78..167588.78 rows=1380035 width=8) (actual time=5093.924..5093.924 rows=1380035 loops=1)
        Buckets: 131072  Batches: 32  Memory Usage: 2708kB
        ->  Hash Join  (cost=102767.86..167588.78 rows=1380035 width=8) (actual time=1878.452..4608.069 rows=1380035 loops=1)
              Hash Cond: (mi_idx.movie_id = t.id)
              ->  Seq Scan on movie_info_idx mi_idx  (cost=0.00..21735.35 rows=1380035 width=4) (actual time=0.026..536.577 rows=1380035 loops=1)
              ->  Hash  (cost=61283.27..61283.27 rows=2528527 width=4) (actual time=1877.249..1877.249 rows=2528312 loops=1)
                    Buckets: 131072  Batches: 64  Memory Usage: 2415kB
                    ->  Seq Scan on title t  (cost=0.00..61283.27 rows=2528527 width=4) (actual time=0.022..1074.655 rows=2528312 loops=1)
Planning time: 1.164 ms
Execution time: 8892.109 ms
