Seq Scan on cast_info ci  (cost=0.00..796071.18 rows=14750507 width=0) (actual time=0.022..15235.915 rows=19852823 loops=1)
  Filter: ((person_id > 1325724) AND (role_id > 1))
  Rows Removed by Filter: 16391521
Planning time: 1.655 ms
Execution time: 17576.103 ms
