Hash Join  (cost=94252.23..131753.71 rows=222508 width=0) (actual time=2247.914..2837.488 rows=124237 loops=1)
  Hash Cond: (mi_idx.movie_id = t.id)
  ->  Seq Scan on movie_info_idx mi_idx  (cost=0.00..25185.44 rows=454124 width=4) (actual time=0.018..475.070 rows=459925 loops=1)
        Filter: (info_type_id = 100)
        Rows Removed by Filter: 920110
  ->  Hash  (cost=73925.90..73925.90 rows=1238906 width=4) (actual time=1924.514..1924.514 rows=1324576 loops=1)
        Buckets: 131072  Batches: 32  Memory Usage: 2484kB
        ->  Seq Scan on title t  (cost=0.00..73925.90 rows=1238906 width=4) (actual time=0.013..1490.123 rows=1324576 loops=1)
              Filter: ((production_year > 1973) AND (kind_id = 7))
              Rows Removed by Filter: 1203736
Planning time: 0.813 ms
Execution time: 2851.584 ms
