Seq Scan on movie_keyword mk  (cost=0.00..81003.12 rows=1842785 width=0) (actual time=0.029..1070.629 rows=1854671 loops=1)
  Filter: (keyword_id < 3086)
  Rows Removed by Filter: 2669259
Planning time: 0.314 ms
Execution time: 1258.928 ms
