Seq Scan on movie_companies mc  (cost=0.00..57926.93 rows=889572 width=0) (actual time=104.600..1068.478 rows=719100 loops=1)
  Filter: ((company_id > 1705) AND (company_type_id < 2))
  Rows Removed by Filter: 1890029
Planning time: 0.328 ms
Execution time: 1165.888 ms
