Hash Join  (cost=137324.93..889587.46 rows=147336 width=0) (actual time=2276.030..18704.840 rows=204043 loops=1)
  Hash Cond: (ci.movie_id = t.id)
  ->  Seq Scan on cast_info ci  (cost=0.00..614943.12 rows=36225612 width=4) (actual time=0.013..8931.109 rows=36244344 loops=1)
  ->  Hash  (cost=137196.38..137196.38 rows=10284 width=8) (actual time=2275.748..2275.748 rows=4761 loops=1)
        Buckets: 16384  Batches: 1  Memory Usage: 314kB
        ->  Hash Join  (cost=75342.47..137196.38 rows=10284 width=8) (actual time=1265.242..2274.065 rows=4761 loops=1)
              Hash Cond: (mc.movie_id = t.id)
              ->  Seq Scan on movie_companies mc  (cost=0.00..57926.93 rows=301370 width=4) (actual time=0.022..946.253 rows=162531 loops=1)
                    Filter: ((company_id < 677) AND (company_type_id = 2))
                    Rows Removed by Filter: 2446598
              ->  Hash  (cost=73925.90..73925.90 rows=86285 width=4) (actual time=1263.921..1263.921 rows=92628 loops=1)
                    Buckets: 131072  Batches: 2  Memory Usage: 2653kB
                    ->  Seq Scan on title t  (cost=0.00..73925.90 rows=86285 width=4) (actual time=0.025..1228.571 rows=92628 loops=1)
                          Filter: ((kind_id = 7) AND (production_year = 2010))
                          Rows Removed by Filter: 2435684
Planning time: 1.265 ms
Execution time: 18734.550 ms
