Hash Join  (cost=160740.25..980588.50 rows=9928 width=0) (actual time=13121.714..18639.518 rows=416 loops=1)
  Hash Cond: (ci.movie_id = t.id)
  ->  Seq Scan on cast_info ci  (cost=0.00..796071.18 rows=4735558 width=4) (actual time=10063.329..14524.842 rows=7449747 loops=1)
        Filter: ((person_id > 1249812) AND (role_id = 2))
        Rows Removed by Filter: 28794597
  ->  Hash  (cost=160673.99..160673.99 rows=5301 width=8) (actual time=2989.172..2989.172 rows=2327 loops=1)
        Buckets: 8192  Batches: 1  Memory Usage: 155kB
        ->  Hash Join  (cost=73962.94..160673.99 rows=5301 width=8) (actual time=1146.640..2988.026 rows=2327 loops=1)
              Hash Cond: (mk.movie_id = t.id)
              ->  Seq Scan on movie_keyword mk  (cost=0.00..69693.30 rows=4523930 width=4) (actual time=0.033..974.365 rows=4523930 loops=1)
              ->  Hash  (cost=73925.90..73925.90 rows=2963 width=4) (actual time=1146.381..1146.381 rows=5872 loops=1)
                    Buckets: 8192 (originally 4096)  Batches: 1 (originally 1)  Memory Usage: 271kB
                    ->  Seq Scan on title t  (cost=0.00..73925.90 rows=2963 width=4) (actual time=338.297..1143.639 rows=5872 loops=1)
                          Filter: ((kind_id < 7) AND (production_year < 1900))
                          Rows Removed by Filter: 2522440
Planning time: 1.518 ms
Execution time: 18639.824 ms
