Hash Join  (cost=831050.20..871727.02 rows=173934 width=0) (actual time=13185.708..14831.836 rows=490753 loops=1)
  Hash Cond: (mi_idx.movie_id = t.id)
  ->  Seq Scan on movie_info_idx mi_idx  (cost=0.00..21735.35 rows=1380035 width=4) (actual time=0.025..526.365 rows=1380035 loops=1)
  ->  Hash  (cost=825821.64..825821.64 rows=318685 width=8) (actual time=13184.780..13184.780 rows=347836 loops=1)
        Buckets: 131072  Batches: 8  Memory Usage: 2701kB
        ->  Hash Join  (cost=102767.86..825821.64 rows=318685 width=8) (actual time=11859.664..13081.835 rows=347836 loops=1)
              Hash Cond: (ci.movie_id = t.id)
              ->  Seq Scan on cast_info ci  (cost=0.00..705507.15 rows=318685 width=4) (actual time=9733.926..10284.017 rows=347836 loops=1)
                    Filter: (person_id > 3998209)
                    Rows Removed by Filter: 35896508
              ->  Hash  (cost=61283.27..61283.27 rows=2528527 width=4) (actual time=2124.131..2124.131 rows=2528312 loops=1)
                    Buckets: 131072  Batches: 64  Memory Usage: 2415kB
                    ->  Seq Scan on title t  (cost=0.00..61283.27 rows=2528527 width=4) (actual time=0.012..1105.756 rows=2528312 loops=1)
Planning time: 1.164 ms
Execution time: 14889.870 ms
