Seq Scan on title t  (cost=0.00..73925.90 rows=1181803 width=0) (actual time=0.094..1193.195 rows=1139957 loops=1)
  Filter: ((kind_id > 4) AND (production_year < 2010))
  Rows Removed by Filter: 1388355
Planning time: 0.374 ms
Execution time: 1337.481 ms
