Hash Join  (cost=92508.29..476435.91 rows=928949 width=0) (actual time=2886.822..8641.318 rows=343751 loops=1)
  Hash Cond: (mi.movie_id = t.id)
  ->  Seq Scan on movie_info mi  (cost=0.00..346232.03 rows=2073893 width=4) (actual time=1059.559..5514.765 rows=2091068 loops=1)
        Filter: (info_type_id < 3)
        Rows Removed by Filter: 12744652
  ->  Hash  (cost=73925.90..73925.90 rows=1132591 width=4) (actual time=1826.153..1826.153 rows=1224674 loops=1)
        Buckets: 131072  Batches: 16  Memory Usage: 3733kB
        ->  Seq Scan on title t  (cost=0.00..73925.90 rows=1132591 width=4) (actual time=0.028..1435.755 rows=1224674 loops=1)
              Filter: ((production_year > 1985) AND (kind_id = 7))
              Rows Removed by Filter: 1303638
Planning time: 1.512 ms
Execution time: 8680.724 ms
