Seq Scan on cast_info ci  (cost=0.00..796071.18 rows=28612169 width=0) (actual time=0.014..18038.518 rows=30846119 loops=1)
  Filter: ((person_id < 3441617) AND (role_id < 10))
  Rows Removed by Filter: 5398225
Planning time: 0.398 ms
Execution time: 21907.631 ms
