Hash Join  (cost=1018504.83..3214319.38 rows=89563007 width=0) (actual time=24179.169..98499.088 rows=159021857 loops=1)
  Hash Cond: (ci.movie_id = t.id)
  ->  Seq Scan on cast_info ci  (cost=0.00..796071.18 rows=15364720 width=4) (actual time=0.015..17193.960 rows=14118642 loops=1)
        Filter: ((person_id > 814266) AND (role_id < 3))
        Rows Removed by Filter: 22125702
  ->  Hash  (cost=776690.81..776690.81 rows=14739122 width=8) (actual time=24173.894..24173.894 rows=14835720 loops=1)
        Buckets: 131072  Batches: 256  Memory Usage: 3268kB
        ->  Hash Join  (cost=102767.86..776690.81 rows=14739122 width=8) (actual time=1908.309..20140.554 rows=14835720 loops=1)
              Hash Cond: (mi.movie_id = t.id)
              ->  Seq Scan on movie_info mi  (cost=0.00..309384.22 rows=14739122 width=4) (actual time=0.022..6096.860 rows=14835720 loops=1)
              ->  Hash  (cost=61283.27..61283.27 rows=2528527 width=4) (actual time=1906.410..1906.410 rows=2528312 loops=1)
                    Buckets: 131072  Batches: 64  Memory Usage: 2425kB
                    ->  Seq Scan on title t  (cost=0.00..61283.27 rows=2528527 width=4) (actual time=0.018..1065.937 rows=2528312 loops=1)
Planning time: 1.175 ms
Execution time: 116454.060 ms
