Hash Join  (cost=136219.77..163335.32 rows=20507 width=0) (actual time=2415.580..3107.892 rows=76175 loops=1)
  Hash Cond: (mi_idx.movie_id = t.id)
  ->  Seq Scan on movie_info_idx mi_idx  (cost=0.00..21735.35 rows=1380035 width=4) (actual time=4.171..335.120 rows=1380035 loops=1)
  ->  Hash  (cost=135750.11..135750.11 rows=37573 width=8) (actual time=2411.018..2411.018 rows=63859 loops=1)
        Buckets: 65536  Batches: 1  Memory Usage: 3007kB
        ->  Hash Join  (cost=70467.44..135750.11 rows=37573 width=8) (actual time=1371.514..2390.157 rows=63859 loops=1)
              Hash Cond: (mc.movie_id = t.id)
              ->  Seq Scan on movie_companies mc  (cost=0.00..57926.93 rows=544535 width=4) (actual time=162.236..1049.811 rows=261394 loops=1)
                    Filter: ((company_id > 13706) AND (company_type_id < 2))
                    Rows Removed by Filter: 2347735
              ->  Hash  (cost=67604.59..67604.59 rows=174468 width=4) (actual time=1208.403..1208.403 rows=174610 loops=1)
                    Buckets: 131072  Batches: 4  Memory Usage: 2557kB
                    ->  Seq Scan on title t  (cost=0.00..67604.59 rows=174468 width=4) (actual time=0.137..1149.628 rows=174610 loops=1)
                          Filter: (production_year < 1952)
                          Rows Removed by Filter: 2353702
Planning time: 3.096 ms
Execution time: 3117.802 ms
