Hash Join  (cost=344884.23..2064535.11 rows=53540367 width=0) (actual time=8172.524..80993.898 rows=183491976 loops=1)
  Hash Cond: (ci.movie_id = t.id)
  ->  Seq Scan on cast_info ci  (cost=0.00..614943.12 rows=36225612 width=4) (actual time=0.007..13109.878 rows=36244344 loops=1)
  ->  Hash  (cost=283572.65..283572.65 rows=3737087 width=8) (actual time=8171.007..8171.007 rows=3733700 loops=1)
        Buckets: 131072  Batches: 64  Memory Usage: 3327kB
        ->  Hash Join  (cost=102767.86..283572.65 rows=3737087 width=8) (actual time=1863.163..7049.330 rows=3733700 loops=1)
              Hash Cond: (mk.movie_id = t.id)
              ->  Seq Scan on movie_keyword mk  (cost=0.00..81003.12 rows=3737087 width=4) (actual time=0.026..1749.733 rows=3733700 loops=1)
                    Filter: (keyword_id > 750)
                    Rows Removed by Filter: 790230
              ->  Hash  (cost=61283.27..61283.27 rows=2528527 width=4) (actual time=1861.880..1861.880 rows=2528312 loops=1)
                    Buckets: 131072  Batches: 64  Memory Usage: 2425kB
                    ->  Seq Scan on title t  (cost=0.00..61283.27 rows=2528527 width=4) (actual time=0.027..957.163 rows=2528312 loops=1)
Planning time: 1.162 ms
Execution time: 100604.370 ms
