Seq Scan on movie_keyword mk  (cost=0.00..81003.12 rows=4056686 width=0) (actual time=0.019..1572.605 rows=4059337 loops=1)
  Filter: (keyword_id < 38319)
  Rows Removed by Filter: 464593
Planning time: 0.357 ms
Execution time: 2078.659 ms
