Seq Scan on cast_info ci  (cost=0.00..705507.15 rows=15282351 width=0) (actual time=6.940..12242.367 rows=15163596 loops=1)
  Filter: (person_id < 1495180)
  Rows Removed by Filter: 21080748
Planning time: 0.348 ms
Execution time: 14128.285 ms
