Seq Scan on cast_info ci  (cost=0.00..705507.15 rows=500 width=0) (actual time=9540.310..10688.809 rows=975 loops=1)
  Filter: (person_id = 1244864)
  Rows Removed by Filter: 36243369
Planning time: 3.731 ms
Execution time: 10689.012 ms
