Seq Scan on movie_companies mc  (cost=0.00..57926.93 rows=53 width=0) (actual time=23.786..807.806 rows=1 loops=1)
  Filter: ((company_id = 220154) AND (company_type_id = 2))
  Rows Removed by Filter: 2609128
Planning time: 0.412 ms
Execution time: 807.891 ms
