Hash Join  (cost=170169.63..538431.58 rows=360600 width=0) (actual time=2896.595..14408.959 rows=899540 loops=1)
  Hash Cond: (mi.movie_id = t.id)
  ->  Seq Scan on movie_info mi  (cost=0.00..309384.22 rows=14739122 width=4) (actual time=0.013..4842.938 rows=14835720 loops=1)
  ->  Hash  (cost=169396.36..169396.36 rows=61862 width=8) (actual time=2896.119..2896.119 rows=83417 loops=1)
        Buckets: 131072 (originally 65536)  Batches: 2 (originally 1)  Memory Usage: 3073kB
        ->  Hash Join  (cost=74477.30..169396.36 rows=61862 width=8) (actual time=1073.472..2867.322 rows=83417 loops=1)
              Hash Cond: (mk.movie_id = t.id)
              ->  Seq Scan on movie_keyword mk  (cost=0.00..81003.12 rows=3545949 width=4) (actual time=0.015..1249.418 rows=3539694 loops=1)
                    Filter: (keyword_id > 924)
                    Rows Removed by Filter: 984236
              ->  Hash  (cost=73925.90..73925.90 rows=44112 width=4) (actual time=1073.074..1073.074 rows=23586 loops=1)
                    Buckets: 65536  Batches: 1  Memory Usage: 1342kB
                    ->  Seq Scan on title t  (cost=0.00..73925.90 rows=44112 width=4) (actual time=246.291..1062.938 rows=23586 loops=1)
                          Filter: ((production_year < 1999) AND (kind_id = 4))
                          Rows Removed by Filter: 2504726
Planning time: 1.109 ms
Execution time: 14530.908 ms
