Seq Scan on movie_companies mc  (cost=0.00..57926.93 rows=349144 width=0) (actual time=144.851..947.709 rows=496058 loops=1)
  Filter: ((company_id < 1310) AND (company_type_id = 1))
  Rows Removed by Filter: 2113071
Planning time: 0.370 ms
Execution time: 1008.618 ms
