Hash Join  (cost=149390.61..257312.67 rows=125401 width=0) (actual time=3333.724..5935.349 rows=661401 loops=1)
  Hash Cond: (mk.movie_id = t.id)
  ->  Seq Scan on movie_keyword mk  (cost=0.00..81003.12 rows=2170114 width=4) (actual time=0.030..1714.571 rows=2173075 loops=1)
        Filter: (keyword_id < 4228)
        Rows Removed by Filter: 2350855
  ->  Hash  (cost=146993.21..146993.21 rows=146112 width=8) (actual time=3332.982..3332.982 rows=114616 loops=1)
        Buckets: 131072  Batches: 2  Memory Usage: 3251kB
        ->  Hash Join  (cost=69928.56..146993.21 rows=146112 width=8) (actual time=1059.593..3290.374 rows=114616 loops=1)
              Hash Cond: (mc.movie_id = t.id)
              ->  Seq Scan on movie_companies mc  (cost=0.00..44881.29 rows=2609129 width=4) (actual time=0.023..950.421 rows=2609129 loops=1)
              ->  Hash  (cost=67604.59..67604.59 rows=141598 width=4) (actual time=1057.685..1057.685 rows=141703 loops=1)
                    Buckets: 131072  Batches: 2  Memory Usage: 3511kB
                    ->  Seq Scan on title t  (cost=0.00..67604.59 rows=141598 width=4) (actual time=0.017..1006.419 rows=141703 loops=1)
                          Filter: (production_year = 2010)
                          Rows Removed by Filter: 2386609
Planning time: 1.091 ms
Execution time: 6025.567 ms
