Hash Join  (cost=128695.20..221859.78 rows=3833 width=0) (actual time=2361.044..4469.354 rows=277477 loops=1)
  Hash Cond: (mk.movie_id = t.id)
  ->  Seq Scan on movie_keyword mk  (cost=0.00..81003.12 rows=3232833 width=4) (actual time=0.020..1535.329 rows=3221053 loops=1)
        Filter: (keyword_id < 13517)
        Rows Removed by Filter: 1302877
  ->  Hash  (cost=128657.72..128657.72 rows=2998 width=8) (actual time=2360.706..2360.706 rows=18505 loops=1)
        Buckets: 32768 (originally 4096)  Batches: 1 (originally 1)  Memory Usage: 979kB
        ->  Hash Join  (cost=73962.22..128657.72 rows=2998 width=8) (actual time=1176.653..2352.961 rows=18505 loops=1)
              Hash Cond: (mc.movie_id = t.id)
              ->  Seq Scan on movie_companies mc  (cost=0.00..44881.29 rows=2609129 width=4) (actual time=0.017..600.937 rows=2609129 loops=1)
              ->  Hash  (cost=73925.90..73925.90 rows=2905 width=4) (actual time=1176.549..1176.549 rows=9408 loops=1)
                    Buckets: 16384 (originally 4096)  Batches: 1 (originally 1)  Memory Usage: 459kB
                    ->  Seq Scan on title t  (cost=0.00..73925.90 rows=2905 width=4) (actual time=0.025..1172.085 rows=9408 loops=1)
                          Filter: ((kind_id < 7) AND (production_year = 1990))
                          Rows Removed by Filter: 2518904
Planning time: 1.584 ms
Execution time: 4503.657 ms
