Hash Join  (cost=83074.74..442900.14 rows=353 width=0) (actual time=3006.768..7021.708 rows=1297 loops=1)
  Hash Cond: (mi.movie_id = t.id)
  ->  Seq Scan on movie_info mi  (cost=0.00..346232.03 rows=3623957 width=4) (actual time=1553.769..5092.325 rows=3624977 loops=1)
        Filter: (info_type_id < 4)
        Rows Removed by Filter: 11210743
  ->  Hash  (cost=83071.67..83071.67 rows=246 width=8) (actual time=1444.390..1444.390 rows=282 loops=1)
        Buckets: 1024  Batches: 1  Memory Usage: 20kB
        ->  Nested Loop  (cost=0.43..83071.67 rows=246 width=8) (actual time=2.484..1444.044 rows=282 loops=1)
              ->  Seq Scan on movie_keyword mk  (cost=0.00..81003.12 rows=246 width=4) (actual time=2.400..1417.070 rows=282 loops=1)
                    Filter: (keyword_id = 11904)
                    Rows Removed by Filter: 4523648
              ->  Index Only Scan using title_pkey on title t  (cost=0.43..8.40 rows=1 width=4) (actual time=0.092..0.093 rows=1 loops=282)
                    Index Cond: (id = mk.movie_id)
                    Heap Fetches: 282
Planning time: 1.171 ms
Execution time: 7022.187 ms
