Hash Join  (cost=83075.20..882219.56 rows=75 width=0) (actual time=7873.338..13306.647 rows=16125 loops=1)
  Hash Cond: (ci.movie_id = t.id)
  ->  Seq Scan on cast_info ci  (cost=0.00..796071.18 rows=819316 width=4) (actual time=6467.533..11415.155 rows=2938194 loops=1)
        Filter: ((person_id > 3011416) AND (role_id > 9))
        Rows Removed by Filter: 33306150
  ->  Hash  (cost=83072.29..83072.29 rows=233 width=8) (actual time=1405.445..1405.445 rows=1382 loops=1)
        Buckets: 2048 (originally 1024)  Batches: 1 (originally 1)  Memory Usage: 70kB
        ->  Nested Loop  (cost=0.43..83072.29 rows=233 width=8) (actual time=3.450..1404.412 rows=1382 loops=1)
              ->  Seq Scan on movie_keyword mk  (cost=0.00..81003.12 rows=246 width=4) (actual time=3.335..1333.852 rows=1395 loops=1)
                    Filter: (keyword_id = 7365)
                    Rows Removed by Filter: 4522535
              ->  Index Scan using title_pkey on title t  (cost=0.43..8.40 rows=1 width=4) (actual time=0.049..0.049 rows=1 loops=1395)
                    Index Cond: (id = mk.movie_id)
                    Filter: (production_year < 2013)
                    Rows Removed by Filter: 0
Planning time: 1.148 ms
Execution time: 13310.169 ms
