Hash Join  (cost=157091.93..1216808.37 rows=2522528 width=0) (actual time=3695.514..31787.651 rows=2790177 loops=1)
  Hash Cond: (ci.movie_id = t.id)
  ->  Seq Scan on cast_info ci  (cost=0.00..614943.12 rows=36225612 width=4) (actual time=0.012..12979.018 rows=36244344 loops=1)
  ->  Hash  (cost=154203.04..154203.04 rows=176071 width=8) (actual time=3694.638..3694.638 rows=92024 loops=1)
        Buckets: 131072  Batches: 4  Memory Usage: 1941kB
        ->  Hash Join  (cost=76725.80..154203.04 rows=176071 width=8) (actual time=1652.045..3665.706 rows=92024 loops=1)
              Hash Cond: (mc.movie_id = t.id)
              ->  Seq Scan on movie_companies mc  (cost=0.00..44881.29 rows=2609129 width=4) (actual time=0.027..908.570 rows=2609129 loops=1)
              ->  Hash  (cost=73925.90..73925.90 rows=170632 width=4) (actual time=1640.335..1640.335 rows=170068 loops=1)
                    Buckets: 131072  Batches: 4  Memory Usage: 2534kB
                    ->  Seq Scan on title t  (cost=0.00..73925.90 rows=170632 width=4) (actual time=0.011..1298.054 rows=170068 loops=1)
                          Filter: ((kind_id > 1) AND (production_year > 2011))
                          Rows Removed by Filter: 2358244
Planning time: 1.435 ms
Execution time: 32124.457 ms
