Seq Scan on movie_keyword mk  (cost=0.00..81003.12 rows=246 width=0) (actual time=7.955..1223.963 rows=58 loops=1)
  Filter: (keyword_id = 747)
  Rows Removed by Filter: 4523872
Planning time: 0.358 ms
Execution time: 1224.105 ms
