Hash Join  (cost=102767.86..199270.54 rows=233573 width=0) (actual time=2127.651..4106.691 rows=245191 loops=1)
  Hash Cond: (mk.movie_id = t.id)
  ->  Seq Scan on movie_keyword mk  (cost=0.00..81003.12 rows=233573 width=4) (actual time=0.013..1444.709 rows=245191 loops=1)
        Filter: (keyword_id < 212)
        Rows Removed by Filter: 4278739
  ->  Hash  (cost=61283.27..61283.27 rows=2528527 width=4) (actual time=2126.155..2126.155 rows=2528312 loops=1)
        Buckets: 131072  Batches: 64  Memory Usage: 2425kB
        ->  Seq Scan on title t  (cost=0.00..61283.27 rows=2528527 width=4) (actual time=0.029..1276.053 rows=2528312 loops=1)
Planning time: 3.855 ms
Execution time: 4132.373 ms
