Seq Scan on movie_keyword mk  (cost=0.00..81003.12 rows=246 width=0) (actual time=0.025..1359.591 rows=1763 loops=1)
  Filter: (keyword_id = 7877)
  Rows Removed by Filter: 4522167
Planning time: 3.520 ms
Execution time: 1360.258 ms
