Hash Join  (cost=878718.49..2793359.04 rows=69480190 width=0) (actual time=28446.381..87074.954 rows=149595020 loops=1)
  Hash Cond: (ci.movie_id = t.id)
  ->  Seq Scan on cast_info ci  (cost=0.00..796071.18 rows=16783632 width=4) (actual time=6362.042..17537.899 rows=15941863 loops=1)
        Filter: ((person_id > 559241) AND (role_id < 3))
        Rows Removed by Filter: 20302481
  ->  Hash  (cost=706985.84..706985.84 rows=10467492 width=8) (actual time=22081.076..22081.076 rows=11658103 loops=1)
        Buckets: 131072  Batches: 256  Memory Usage: 2768kB
        ->  Hash Join  (cost=97066.09..706985.84 rows=10467492 width=8) (actual time=1956.707..19123.324 rows=11658103 loops=1)
              Hash Cond: (mi.movie_id = t.id)
              ->  Seq Scan on movie_info mi  (cost=0.00..309384.22 rows=14739122 width=4) (actual time=0.035..6228.911 rows=14835720 loops=1)
              ->  Hash  (cost=67604.59..67604.59 rows=1795720 width=4) (actual time=1955.659..1955.659 rows=1794153 loops=1)
                    Buckets: 131072  Batches: 32  Memory Usage: 3001kB
                    ->  Seq Scan on title t  (cost=0.00..67604.59 rows=1795720 width=4) (actual time=0.027..1370.077 rows=1794153 loops=1)
                          Filter: (production_year < 2009)
                          Rows Removed by Filter: 734159
Planning time: 1.194 ms
Execution time: 102873.154 ms
