Hash Join  (cost=135174.28..1238088.07 rows=6727558 width=0) (actual time=3247.566..40524.813 rows=23615001 loops=1)
  Hash Cond: (ci.movie_id = t.id)
  ->  Seq Scan on cast_info ci  (cost=0.00..614943.12 rows=36225612 width=4) (actual time=0.010..13544.225 rows=36244344 loops=1)
  ->  Hash  (cost=127469.53..127469.53 rows=469580 width=8) (actual time=3246.371..3246.371 rows=854105 loops=1)
        Buckets: 131072 (originally 131072)  Batches: 16 (originally 8)  Memory Usage: 3104kB
        ->  Hash Join  (cost=81720.25..127469.53 rows=469580 width=8) (actual time=1523.491..3009.994 rows=854105 loops=1)
              Hash Cond: (mi_idx.movie_id = t.id)
              ->  Seq Scan on movie_info_idx mi_idx  (cost=0.00..21735.35 rows=1380035 width=4) (actual time=0.026..476.703 rows=1380035 loops=1)
              ->  Hash  (cost=67604.59..67604.59 rows=860373 width=4) (actual time=1522.440..1522.440 rows=854214 loops=1)
                    Buckets: 131072  Batches: 16  Memory Usage: 2897kB
                    ->  Seq Scan on title t  (cost=0.00..67604.59 rows=860373 width=4) (actual time=0.021..1239.296 rows=854214 loops=1)
                          Filter: (kind_id < 4)
                          Rows Removed by Filter: 1674098
Planning time: 1.163 ms
Execution time: 43148.586 ms
