Seq Scan on cast_info ci  (cost=0.00..705507.15 rows=13592900 width=0) (actual time=0.028..12605.664 rows=13552834 loops=1)
  Filter: (person_id < 1335381)
  Rows Removed by Filter: 22691510
Planning time: 0.326 ms
Execution time: 14289.186 ms
