Nested Loop  (cost=0.43..709673.15 rows=267 width=0) (actual time=540.089..11303.753 rows=140 loops=1)
  ->  Seq Scan on cast_info ci  (cost=0.00..705507.15 rows=500 width=4) (actual time=537.994..11297.331 rows=281 loops=1)
        Filter: (person_id = 1429755)
        Rows Removed by Filter: 36244063
  ->  Index Scan using title_pkey on title t  (cost=0.43..8.32 rows=1 width=4) (actual time=0.022..0.022 rows=0 loops=281)
        Index Cond: (id = ci.movie_id)
        Filter: (production_year < 2005)
        Rows Removed by Filter: 1
Planning time: 0.787 ms
Execution time: 11303.897 ms
