Seq Scan on cast_info ci  (cost=0.00..796071.18 rows=435 width=0) (actual time=9443.342..12355.525 rows=24 loops=1)
  Filter: ((role_id < 10) AND (person_id = 1403393))
  Rows Removed by Filter: 36244320
Planning time: 4.656 ms
Execution time: 12355.676 ms
