Hash Join  (cost=74029.65..128780.83 rows=8565 width=0) (actual time=893.619..1823.242 rows=14888 loops=1)
  Hash Cond: (mc.movie_id = t.id)
  ->  Seq Scan on movie_companies mc  (cost=0.00..44881.29 rows=2609129 width=4) (actual time=0.014..517.222 rows=2609129 loops=1)
  ->  Hash  (cost=73925.90..73925.90 rows=8300 width=4) (actual time=822.791..822.791 rows=7850 loops=1)
        Buckets: 16384  Batches: 1  Memory Usage: 404kB
        ->  Seq Scan on title t  (cost=0.00..73925.90 rows=8300 width=4) (actual time=376.753..819.144 rows=7850 loops=1)
              Filter: ((production_year > 2011) AND (kind_id = 2))
              Rows Removed by Filter: 2520462
Planning time: 0.672 ms
Execution time: 1825.329 ms
