Hash Join  (cost=162987.01..693009.38 rows=4706242 width=0) (actual time=3813.011..17686.330 rows=3632421 loops=1)
  Hash Cond: (mi.movie_id = t.id)
  ->  Seq Scan on movie_info mi  (cost=0.00..309384.22 rows=14739122 width=4) (actual time=0.019..6596.638 rows=14835720 loops=1)
  ->  Hash  (cost=149740.93..149740.93 rows=807366 width=8) (actual time=3607.012..3607.012 rows=425568 loops=1)
        Buckets: 131072  Batches: 16  Memory Usage: 2068kB
        ->  Hash Join  (cost=98195.79..149740.93 rows=807366 width=8) (actual time=2054.543..3469.098 rows=425568 loops=1)
              Hash Cond: (mi_idx.movie_id = t.id)
              ->  Seq Scan on movie_info_idx mi_idx  (cost=0.00..21735.35 rows=1380035 width=4) (actual time=0.025..440.757 rows=1380035 loops=1)
              ->  Hash  (cost=73925.90..73925.90 rows=1479271 width=4) (actual time=1975.759..1975.759 rows=1478439 loops=1)
                    Buckets: 131072  Batches: 32  Memory Usage: 2651kB
                    ->  Seq Scan on title t  (cost=0.00..73925.90 rows=1479271 width=4) (actual time=0.013..1512.733 rows=1478439 loops=1)
                          Filter: ((production_year > 1911) AND (kind_id = 7))
                          Rows Removed by Filter: 1049873
Planning time: 3.861 ms
Execution time: 18090.625 ms
