Hash Join  (cost=185148.77..226214.02 rows=196577 width=0) (actual time=3531.655..4641.182 rows=66045 loops=1)
  Hash Cond: (mi_idx.movie_id = t.id)
  ->  Seq Scan on movie_info_idx mi_idx  (cost=0.00..21735.35 rows=1380035 width=4) (actual time=0.008..525.088 rows=1380035 loops=1)
  ->  Hash  (cost=179239.60..179239.60 rows=360173 width=8) (actual time=3530.887..3530.887 rows=47266 loops=1)
        Buckets: 131072  Batches: 8  Memory Usage: 1263kB
        ->  Hash Join  (cost=102767.86..179239.60 rows=360173 width=8) (actual time=2688.441..3515.436 rows=47266 loops=1)
              Hash Cond: (mc.movie_id = t.id)
              ->  Seq Scan on movie_companies mc  (cost=0.00..57926.93 rows=360173 width=4) (actual time=574.627..932.957 rows=47266 loops=1)
                    Filter: ((company_id > 38974) AND (company_type_id < 2))
                    Rows Removed by Filter: 2561863
              ->  Hash  (cost=61283.27..61283.27 rows=2528527 width=4) (actual time=2112.519..2112.519 rows=2528312 loops=1)
                    Buckets: 131072  Batches: 64  Memory Usage: 2415kB
                    ->  Seq Scan on title t  (cost=0.00..61283.27 rows=2528527 width=4) (actual time=0.018..1263.297 rows=2528312 loops=1)
Planning time: 1.026 ms
Execution time: 4649.878 ms
