Seq Scan on movie_keyword mk  (cost=0.00..81003.12 rows=246 width=0) (actual time=0.051..1243.911 rows=2295 loops=1)
  Filter: (keyword_id = 5300)
  Rows Removed by Filter: 4521635
Planning time: 0.963 ms
Execution time: 1244.614 ms
