Hash Join  (cost=77347.14..155363.12 rows=215145 width=0) (actual time=1353.834..3398.243 rows=271781 loops=1)
  Hash Cond: (mc.movie_id = t.id)
  ->  Seq Scan on movie_companies mc  (cost=0.00..44881.29 rows=2609129 width=4) (actual time=0.014..904.970 rows=2609129 loops=1)
  ->  Hash  (cost=73925.90..73925.90 rows=208499 width=4) (actual time=1352.988..1352.988 rows=182393 loops=1)
        Buckets: 131072  Batches: 4  Memory Usage: 2628kB
        ->  Seq Scan on title t  (cost=0.00..73925.90 rows=208499 width=4) (actual time=666.493..1295.881 rows=182393 loops=1)
              Filter: ((production_year > 2007) AND (kind_id = 1))
              Rows Removed by Filter: 2345919
Planning time: 15.650 ms
Execution time: 3427.019 ms
