Seq Scan on movie_keyword mk  (cost=0.00..81003.12 rows=600105 width=0) (actual time=0.027..1415.879 rows=603690 loops=1)
  Filter: (keyword_id > 30575)
  Rows Removed by Filter: 3920240
Planning time: 0.299 ms
Execution time: 1491.224 ms
