Hash Join  (cost=102767.86..192844.46 rows=1196584 width=0) (actual time=2115.114..4607.267 rows=1206687 loops=1)
  Hash Cond: (mc.movie_id = t.id)
  ->  Seq Scan on movie_companies mc  (cost=0.00..51404.11 rows=1196584 width=4) (actual time=0.021..1110.714 rows=1206687 loops=1)
        Filter: (company_id > 12234)
        Rows Removed by Filter: 1402442
  ->  Hash  (cost=61283.27..61283.27 rows=2528527 width=4) (actual time=2113.811..2113.811 rows=2528312 loops=1)
        Buckets: 131072  Batches: 64  Memory Usage: 2415kB
        ->  Seq Scan on title t  (cost=0.00..61283.27 rows=2528527 width=4) (actual time=0.021..1246.168 rows=2528312 loops=1)
Planning time: 0.729 ms
Execution time: 4753.971 ms
