Hash Join  (cost=95087.33..449437.39 rows=94230 width=0) (actual time=2890.552..6968.395 rows=38020 loops=1)
  Hash Cond: (mi.movie_id = t.id)
  ->  Seq Scan on movie_info mi  (cost=0.00..346232.03 rows=184730 width=4) (actual time=784.653..4564.205 rows=180112 loops=1)
        Filter: (info_type_id = 13)
        Rows Removed by Filter: 14655608
  ->  Hash  (cost=73925.90..73925.90 rows=1289794 width=4) (actual time=2090.137..2090.137 rows=1413747 loops=1)
        Buckets: 131072  Batches: 32  Memory Usage: 2592kB
        ->  Seq Scan on title t  (cost=0.00..73925.90 rows=1289794 width=4) (actual time=0.025..1601.611 rows=1413747 loops=1)
              Filter: ((kind_id > 1) AND (production_year > 1990))
              Rows Removed by Filter: 1114565
Planning time: 0.838 ms
Execution time: 6973.219 ms
