Seq Scan on title t  (cost=0.00..73925.90 rows=1321650 width=0) (actual time=0.012..1334.156 rows=1298128 loops=1)
  Filter: ((kind_id > 1) AND (production_year < 2009))
  Rows Removed by Filter: 1230184
Planning time: 2.632 ms
Execution time: 1494.091 ms
