Seq Scan on movie_keyword mk  (cost=0.00..81003.12 rows=1835501 width=0) (actual time=0.017..1376.757 rows=1841349 loops=1)
  Filter: (keyword_id > 7555)
  Rows Removed by Filter: 2682581
Planning time: 0.317 ms
Execution time: 1611.709 ms
