Seq Scan on movie_keyword mk  (cost=0.00..81003.12 rows=246 width=0) (actual time=0.181..1300.919 rows=1666 loops=1)
  Filter: (keyword_id = 2418)
  Rows Removed by Filter: 4522264
Planning time: 0.412 ms
Execution time: 1301.289 ms
