Hash Join  (cost=100809.69..1145400.14 rows=11174813 width=0) (actual time=1913.187..27940.570 rows=10796830 loops=1)
  Hash Cond: (ci.movie_id = t.id)
  ->  Seq Scan on cast_info ci  (cost=0.00..705507.15 rows=17243634 width=4) (actual time=0.882..13222.070 rows=17120973 loops=1)
        Filter: (person_id < 1691633)
        Rows Removed by Filter: 19123371
  ->  Hash  (cost=73925.90..73925.90 rows=1638623 width=4) (actual time=1910.302..1910.302 rows=1629839 loops=1)
        Buckets: 131072  Batches: 32  Memory Usage: 2813kB
        ->  Seq Scan on title t  (cost=0.00..73925.90 rows=1638623 width=4) (actual time=0.013..1379.331 rows=1629839 loops=1)
              Filter: ((kind_id > 1) AND (production_year < 2012))
              Rows Removed by Filter: 898473
Planning time: 0.797 ms
Execution time: 29116.821 ms
