Seq Scan on movie_keyword mk  (cost=0.00..81003.12 rows=2873514 width=0) (actual time=0.017..1551.530 rows=2866783 loops=1)
  Filter: (keyword_id < 8819)
  Rows Removed by Filter: 1657147
Planning time: 0.255 ms
Execution time: 1920.893 ms
