Hash Join  (cost=85113.64..158141.53 rows=358573 width=0) (actual time=1443.199..3199.964 rows=286418 loops=1)
  Hash Cond: (mc.movie_id = t.id)
  ->  Seq Scan on movie_companies mc  (cost=0.00..51404.11 rows=1329612 width=4) (actual time=0.029..915.782 rows=1334883 loops=1)
        Filter: (company_type_id = 2)
        Rows Removed by Filter: 1274246
  ->  Hash  (cost=73925.90..73925.90 rows=681899 width=4) (actual time=1442.378..1442.378 rows=565062 loops=1)
        Buckets: 131072  Batches: 16  Memory Usage: 2266kB
        ->  Seq Scan on title t  (cost=0.00..73925.90 rows=681899 width=4) (actual time=0.018..1252.925 rows=565062 loops=1)
              Filter: ((kind_id > 1) AND (production_year < 1998))
              Rows Removed by Filter: 1963250
Planning time: 0.748 ms
Execution time: 3237.588 ms
