Hash Join  (cost=103440.95..164303.11 rows=15447 width=0) (actual time=1759.475..3182.548 rows=49088 loops=1)
  Hash Cond: (mc.movie_id = t.id)
  ->  Seq Scan on movie_companies mc  (cost=0.00..51404.11 rows=2480953 width=4) (actual time=0.031..990.052 rows=2477806 loops=1)
        Filter: (company_id > 19)
        Rows Removed by Filter: 131323
  ->  Hash  (cost=103244.16..103244.16 rows=15743 width=8) (actual time=1705.368..1705.368 rows=14926 loops=1)
        Buckets: 16384  Batches: 1  Memory Usage: 712kB
        ->  Hash Join  (cost=74469.67..103244.16 rows=15743 width=8) (actual time=1035.832..1699.956 rows=14926 loops=1)
              Hash Cond: (mi_idx.movie_id = t.id)
              ->  Seq Scan on movie_info_idx mi_idx  (cost=0.00..25185.44 rows=915101 width=4) (actual time=0.022..466.331 rows=919850 loops=1)
                    Filter: (info_type_id < 101)
                    Rows Removed by Filter: 460185
              ->  Hash  (cost=73925.90..73925.90 rows=43501 width=4) (actual time=1035.441..1035.441 rows=39560 loops=1)
                    Buckets: 65536  Batches: 1  Memory Usage: 1903kB
                    ->  Seq Scan on title t  (cost=0.00..73925.90 rows=43501 width=4) (actual time=98.847..1019.281 rows=39560 loops=1)
                          Filter: ((kind_id < 2) AND (production_year = 2012))
                          Rows Removed by Filter: 2488752
Planning time: 2.507 ms
Execution time: 3189.616 ms
