Seq Scan on movie_companies mc  (cost=0.00..51404.11 rows=336906 width=0) (actual time=0.099..768.587 rows=339376 loops=1)
  Filter: (company_id > 89404)
  Rows Removed by Filter: 2269753
Planning time: 0.316 ms
Execution time: 809.197 ms
