Seq Scan on cast_info ci  (cost=0.00..796071.18 rows=101 width=0) (actual time=7155.714..10948.415 rows=26 loops=1)
  Filter: ((person_id = 1835186) AND (role_id = 2))
  Rows Removed by Filter: 36244318
Planning time: 0.421 ms
Execution time: 10948.540 ms
