Seq Scan on movie_keyword mk  (cost=0.00..81003.12 rows=2680445 width=0) (actual time=0.025..1449.472 rows=2666711 loops=1)
  Filter: (keyword_id > 3089)
  Rows Removed by Filter: 1857219
Planning time: 0.295 ms
Execution time: 1784.848 ms
