Hash Join  (cost=203455.17..1356842.32 rows=11640998 width=0) (actual time=4594.745..42938.244 rows=24811834 loops=1)
  Hash Cond: (ci.movie_id = t.id)
  ->  Seq Scan on cast_info ci  (cost=0.00..614943.12 rows=36225612 width=4) (actual time=0.024..12830.371 rows=36244344 loops=1)
  ->  Hash  (cost=190124.49..190124.49 rows=812535 width=8) (actual time=4593.707..4593.707 rows=1027193 loops=1)
        Buckets: 131072  Batches: 16  Memory Usage: 3532kB
        ->  Hash Join  (cost=102767.86..190124.49 rows=812535 width=8) (actual time=1937.296..4310.991 rows=1027193 loops=1)
              Hash Cond: (mc.movie_id = t.id)
              ->  Seq Scan on movie_companies mc  (cost=0.00..57926.93 rows=812535 width=4) (actual time=0.017..1121.945 rows=1027193 loops=1)
                    Filter: ((company_id > 5190) AND (company_type_id > 1))
                    Rows Removed by Filter: 1581936
              ->  Hash  (cost=61283.27..61283.27 rows=2528527 width=4) (actual time=1935.628..1935.628 rows=2528312 loops=1)
                    Buckets: 131072  Batches: 64  Memory Usage: 2415kB
                    ->  Seq Scan on title t  (cost=0.00..61283.27 rows=2528527 width=4) (actual time=0.028..1090.637 rows=2528312 loops=1)
Planning time: 1.008 ms
Execution time: 45648.492 ms
