Hash Join  (cost=81714.14..181367.74 rows=234567 width=0) (actual time=1379.719..3272.495 rows=417135 loops=1)
  Hash Cond: (mk.movie_id = t.id)
  ->  Seq Scan on movie_keyword mk  (cost=0.00..81003.12 rows=1249548 width=4) (actual time=0.023..1190.935 rows=1265640 loops=1)
        Filter: (keyword_id < 1617)
        Rows Removed by Filter: 3258290
  ->  Hash  (cost=73925.90..73925.90 rows=474659 width=4) (actual time=1378.487..1378.487 rows=345685 loops=1)
        Buckets: 131072  Batches: 8  Memory Usage: 2556kB
        ->  Seq Scan on title t  (cost=0.00..73925.90 rows=474659 width=4) (actual time=0.016..1267.369 rows=345685 loops=1)
              Filter: ((production_year > 1988) AND (kind_id = 1))
              Rows Removed by Filter: 2182627
Planning time: 0.741 ms
Execution time: 3328.263 ms
