Seq Scan on movie_keyword mk  (cost=0.00..81003.12 rows=1862367 width=0) (actual time=0.023..1461.346 rows=1871914 loops=1)
  Filter: (keyword_id < 3170)
  Rows Removed by Filter: 2652016
Planning time: 0.342 ms
Execution time: 1700.085 ms
