Hash Join  (cost=118860.03..195528.79 rows=117423 width=0) (actual time=2230.830..4203.397 rows=471753 loops=1)
  Hash Cond: (mc.movie_id = t.id)
  ->  Seq Scan on movie_companies mc  (cost=0.00..44881.29 rows=2609129 width=4) (actual time=0.019..964.007 rows=2609129 loops=1)
  ->  Hash  (cost=116992.58..116992.58 rows=113796 width=8) (actual time=2230.074..2230.074 rows=129616 loops=1)
        Buckets: 131072  Batches: 2  Memory Usage: 3550kB
        ->  Hash Join  (cost=77347.14..116992.58 rows=113796 width=8) (actual time=1227.876..2193.625 rows=129616 loops=1)
              Hash Cond: (mi_idx.movie_id = t.id)
              ->  Seq Scan on movie_info_idx mi_idx  (cost=0.00..21735.35 rows=1380035 width=4) (actual time=0.020..448.121 rows=1380035 loops=1)
              ->  Hash  (cost=73925.90..73925.90 rows=208499 width=4) (actual time=1186.702..1186.702 rows=182393 loops=1)
                    Buckets: 131072  Batches: 4  Memory Usage: 2628kB
                    ->  Seq Scan on title t  (cost=0.00..73925.90 rows=208499 width=4) (actual time=0.025..1122.376 rows=182393 loops=1)
                          Filter: ((production_year > 2007) AND (kind_id = 1))
                          Rows Removed by Filter: 2345919
Planning time: 1.203 ms
Execution time: 4261.358 ms
