Hash Join  (cost=74235.99..129157.50 rows=25598 width=0) (actual time=1233.024..2458.136 rows=10544 loops=1)
  Hash Cond: (mc.movie_id = t.id)
  ->  Seq Scan on movie_companies mc  (cost=0.00..44881.29 rows=2609129 width=4) (actual time=0.019..719.969 rows=2609129 loops=1)
  ->  Hash  (cost=73925.90..73925.90 rows=24807 width=4) (actual time=1101.833..1101.833 rows=25986 loops=1)
        Buckets: 32768  Batches: 1  Memory Usage: 1170kB
        ->  Seq Scan on title t  (cost=0.00..73925.90 rows=24807 width=4) (actual time=71.271..1091.417 rows=25986 loops=1)
              Filter: ((kind_id = 7) AND (production_year = 1997))
              Rows Removed by Filter: 2502326
Planning time: 0.795 ms
Execution time: 2459.624 ms
