Hash Join  (cost=263115.61..1129135.00 rows=2529016 width=0) (actual time=12762.896..20475.548 rows=3523021 loops=1)
  Hash Cond: (ci.movie_id = t.id)
  ->  Seq Scan on cast_info ci  (cost=0.00..796071.18 rows=2450889 width=4) (actual time=5950.887..12085.840 rows=789276 loops=1)
        Filter: ((person_id < 2057589) AND (role_id = 10))
        Rows Removed by Filter: 35455068
  ->  Hash  (cost=220309.49..220309.49 rows=2609129 width=8) (actual time=6810.928..6810.928 rows=2609129 loops=1)
        Buckets: 131072  Batches: 64  Memory Usage: 2610kB
        ->  Hash Join  (cost=102767.86..220309.49 rows=2609129 width=8) (actual time=2136.683..6122.360 rows=2609129 loops=1)
              Hash Cond: (mc.movie_id = t.id)
              ->  Seq Scan on movie_companies mc  (cost=0.00..44881.29 rows=2609129 width=4) (actual time=0.019..916.959 rows=2609129 loops=1)
              ->  Hash  (cost=61283.27..61283.27 rows=2528527 width=4) (actual time=2135.650..2135.650 rows=2528312 loops=1)
                    Buckets: 131072  Batches: 64  Memory Usage: 2415kB
                    ->  Seq Scan on title t  (cost=0.00..61283.27 rows=2528527 width=4) (actual time=0.014..996.654 rows=2528312 loops=1)
Planning time: 1.562 ms
Execution time: 20856.432 ms
