Seq Scan on movie_companies mc  (cost=0.00..57926.93 rows=862035 width=0) (actual time=188.198..1008.934 rows=675099 loops=1)
  Filter: ((company_id > 2296) AND (company_type_id = 1))
  Rows Removed by Filter: 1934030
Planning time: 0.363 ms
Execution time: 1093.286 ms
