Hash Join  (cost=78361.01..1151949.43 rows=3872926 width=0) (actual time=1218.092..29156.901 rows=1700845 loops=1)
  Hash Cond: (ci.movie_id = t.id)
  ->  Seq Scan on cast_info ci  (cost=0.00..614943.12 rows=36225612 width=4) (actual time=0.014..12715.058 rows=36244344 loops=1)
  ->  Hash  (cost=73925.90..73925.90 rows=270328 width=4) (actual time=1216.670..1216.670 rows=161818 loops=1)
        Buckets: 131072  Batches: 4  Memory Usage: 2445kB
        ->  Seq Scan on title t  (cost=0.00..73925.90 rows=270328 width=4) (actual time=0.039..1158.280 rows=161818 loops=1)
              Filter: ((kind_id > 4) AND (production_year < 1975))
              Rows Removed by Filter: 2366494
Planning time: 0.624 ms
Execution time: 29374.836 ms
