Seq Scan on cast_info ci  (cost=0.00..796071.18 rows=2129970 width=0) (actual time=5251.282..11853.943 rows=1053406 loops=1)
  Filter: ((person_id < 783924) AND (role_id > 4))
  Rows Removed by Filter: 35190938
Planning time: 0.332 ms
Execution time: 11987.889 ms
