Hash Join  (cost=83074.74..137742.81 rows=254 width=0) (actual time=1197.570..2319.304 rows=6355 loops=1)
  Hash Cond: (mc.movie_id = t.id)
  ->  Seq Scan on movie_companies mc  (cost=0.00..44881.29 rows=2609129 width=4) (actual time=0.019..654.473 rows=2609129 loops=1)
  ->  Hash  (cost=83071.67..83071.67 rows=246 width=8) (actual time=1195.706..1195.706 rows=436 loops=1)
        Buckets: 1024  Batches: 1  Memory Usage: 26kB
        ->  Nested Loop  (cost=0.43..83071.67 rows=246 width=8) (actual time=2.996..1195.310 rows=436 loops=1)
              ->  Seq Scan on movie_keyword mk  (cost=0.00..81003.12 rows=246 width=4) (actual time=2.923..1179.180 rows=436 loops=1)
                    Filter: (keyword_id = 1758)
                    Rows Removed by Filter: 4523494
              ->  Index Only Scan using title_pkey on title t  (cost=0.43..8.40 rows=1 width=4) (actual time=0.034..0.035 rows=1 loops=436)
                    Index Cond: (id = mk.movie_id)
                    Heap Fetches: 436
Planning time: 1.193 ms
Execution time: 2320.328 ms
