Seq Scan on cast_info ci  (cost=0.00..705507.15 rows=500 width=0) (actual time=658.287..10306.338 rows=802 loops=1)
  Filter: (person_id = 779462)
  Rows Removed by Filter: 36243542
Planning time: 0.377 ms
Execution time: 10306.488 ms
