Seq Scan on cast_info ci  (cost=0.00..796071.18 rows=10222249 width=0) (actual time=0.024..15868.919 rows=7579356 loops=1)
  Filter: ((person_id > 683257) AND (role_id < 2))
  Rows Removed by Filter: 28664988
Planning time: 7.296 ms
Execution time: 16768.630 ms
