Seq Scan on title t  (cost=0.00..67604.59 rows=2162059 width=0) (actual time=0.025..1203.303 rows=2159747 loops=1)
  Filter: (production_year > 1964)
  Rows Removed by Filter: 368565
Planning time: 0.320 ms
Execution time: 1468.085 ms
