Seq Scan on movie_keyword mk  (cost=0.00..81003.12 rows=246 width=0) (actual time=102.516..1332.692 rows=12 loops=1)
  Filter: (keyword_id = 68079)
  Rows Removed by Filter: 4523918
Planning time: 0.359 ms
Execution time: 1332.793 ms
