Seq Scan on movie_keyword mk  (cost=0.00..81003.12 rows=3539322 width=0) (actual time=0.033..1560.718 rows=3529899 loops=1)
  Filter: (keyword_id < 18609)
  Rows Removed by Filter: 994031
Planning time: 0.315 ms
Execution time: 1993.194 ms
