Hash Join  (cost=83072.93..447731.89 rows=303 width=0) (actual time=1300.940..8078.360 rows=3427 loops=1)
  Hash Cond: (mi.movie_id = t.id)
  ->  Seq Scan on movie_info mi  (cost=0.00..309384.22 rows=14739122 width=4) (actual time=0.024..4195.307 rows=14835720 loops=1)
  ->  Hash  (cost=83072.29..83072.29 rows=52 width=8) (actual time=1295.334..1295.334 rows=133 loops=1)
        Buckets: 1024  Batches: 1  Memory Usage: 14kB
        ->  Nested Loop  (cost=0.43..83072.29 rows=52 width=8) (actual time=7.676..1295.170 rows=133 loops=1)
              ->  Seq Scan on movie_keyword mk  (cost=0.00..81003.12 rows=246 width=4) (actual time=0.358..1229.892 rows=1395 loops=1)
                    Filter: (keyword_id = 6239)
                    Rows Removed by Filter: 4522535
              ->  Index Scan using title_pkey on title t  (cost=0.43..8.40 rows=1 width=4) (actual time=0.046..0.046 rows=0 loops=1395)
                    Index Cond: (id = mk.movie_id)
                    Filter: (production_year > 2009)
                    Rows Removed by Filter: 1
Planning time: 1.146 ms
Execution time: 8079.414 ms
