Hash Join  (cost=91959.31..1318512.71 rows=14301584 width=0) (actual time=1737.523..39718.592 rows=14782643 loops=1)
  Hash Cond: (ci.movie_id = t.id)
  ->  Seq Scan on cast_info ci  (cost=0.00..796071.18 rows=24360366 width=4) (actual time=0.024..19346.940 rows=23764095 loops=1)
        Filter: ((person_id > 690815) AND (role_id < 9))
        Rows Removed by Filter: 12480249
  ->  Hash  (cost=67604.59..67604.59 rows=1484458 width=4) (actual time=1736.077..1736.077 rows=1485030 loops=1)
        Buckets: 131072  Batches: 32  Memory Usage: 2655kB
        ->  Seq Scan on title t  (cost=0.00..67604.59 rows=1484458 width=4) (actual time=0.019..1263.629 rows=1485030 loops=1)
              Filter: (production_year > 1998)
              Rows Removed by Filter: 1043282
Planning time: 0.747 ms
Execution time: 41419.398 ms
