Hash Join  (cost=102767.86..196967.86 rows=1096927 width=0) (actual time=1994.116..4601.851 rows=1223687 loops=1)
  Hash Cond: (mc.movie_id = t.id)
  ->  Seq Scan on movie_companies mc  (cost=0.00..57926.93 rows=1096927 width=4) (actual time=0.030..1205.113 rows=1223687 loops=1)
        Filter: ((company_id > 376) AND (company_type_id > 1))
        Rows Removed by Filter: 1385442
  ->  Hash  (cost=61283.27..61283.27 rows=2528527 width=4) (actual time=1992.980..1992.980 rows=2528312 loops=1)
        Buckets: 131072  Batches: 64  Memory Usage: 2415kB
        ->  Seq Scan on title t  (cost=0.00..61283.27 rows=2528527 width=4) (actual time=0.018..1149.926 rows=2528312 loops=1)
Planning time: 0.739 ms
Execution time: 4748.476 ms
