Hash Join  (cost=83954.38..219280.42 rows=1093600 width=0) (actual time=1424.442..4778.918 rows=370034 loops=1)
  Hash Cond: (mk.movie_id = t.id)
  ->  Seq Scan on movie_keyword mk  (cost=0.00..69693.30 rows=4523930 width=4) (actual time=0.013..1500.476 rows=4523930 loops=1)
  ->  Hash  (cost=73925.90..73925.90 rows=611238 width=4) (actual time=1421.808..1421.808 rows=481054 loops=1)
        Buckets: 131072  Batches: 8  Memory Usage: 3131kB
        ->  Seq Scan on title t  (cost=0.00..73925.90 rows=611238 width=4) (actual time=0.024..1255.322 rows=481054 loops=1)
              Filter: ((kind_id > 3) AND (production_year < 1998))
              Rows Removed by Filter: 2047258
Planning time: 0.746 ms
Execution time: 4817.187 ms
