Hash Join  (cost=102767.86..291420.50 rows=4063232 width=0) (actual time=1952.989..6679.429 rows=4052028 loops=1)
  Hash Cond: (mk.movie_id = t.id)
  ->  Seq Scan on movie_keyword mk  (cost=0.00..81003.12 rows=4063232 width=4) (actual time=0.020..1738.684 rows=4052028 loops=1)
        Filter: (keyword_id > 355)
        Rows Removed by Filter: 471902
  ->  Hash  (cost=61283.27..61283.27 rows=2528527 width=4) (actual time=1951.325..1951.325 rows=2528312 loops=1)
        Buckets: 131072  Batches: 64  Memory Usage: 2425kB
        ->  Seq Scan on title t  (cost=0.00..61283.27 rows=2528527 width=4) (actual time=0.016..1086.217 rows=2528312 loops=1)
Planning time: 0.848 ms
Execution time: 7077.222 ms
