Hash Join  (cost=957847.56..1513160.19 rows=7076370 width=0) (actual time=17899.114..34499.931 rows=8747324 loops=1)
  Hash Cond: (mi.movie_id = t.id)
  ->  Seq Scan on movie_info mi  (cost=0.00..309384.22 rows=14739122 width=4) (actual time=0.008..6366.934 rows=14835720 loops=1)
  ->  Hash  (cost=937929.99..937929.99 rows=1213966 width=8) (actual time=17898.287..17898.287 rows=1221870 loops=1)
        Buckets: 131072  Batches: 16  Memory Usage: 3997kB
        ->  Hash Join  (cost=102767.86..937929.99 rows=1213966 width=8) (actual time=3161.398..17549.073 rows=1221870 loops=1)
              Hash Cond: (ci.movie_id = t.id)
              ->  Seq Scan on cast_info ci  (cost=0.00..796071.18 rows=1213966 width=4) (actual time=1287.986..14260.527 rows=1221870 loops=1)
                    Filter: ((person_id > 1058843) AND (role_id = 8))
                    Rows Removed by Filter: 35022474
              ->  Hash  (cost=61283.27..61283.27 rows=2528527 width=4) (actual time=1872.283..1872.283 rows=2528312 loops=1)
                    Buckets: 131072  Batches: 64  Memory Usage: 2415kB
                    ->  Seq Scan on title t  (cost=0.00..61283.27 rows=2528527 width=4) (actual time=0.020..1031.717 rows=2528312 loops=1)
Planning time: 3.095 ms
Execution time: 35466.627 ms
