Seq Scan on movie_keyword mk  (cost=0.00..81003.12 rows=2148044 width=0) (actual time=0.016..1506.868 rows=2146885 loops=1)
  Filter: (keyword_id > 5434)
  Rows Removed by Filter: 2377045
Planning time: 0.356 ms
Execution time: 1775.439 ms
