Nested Loop  (cost=0.43..709671.90 rows=500 width=0) (actual time=152.809..10243.663 rows=96 loops=1)
  ->  Seq Scan on cast_info ci  (cost=0.00..705507.15 rows=500 width=4) (actual time=152.733..10242.456 rows=96 loops=1)
        Filter: (person_id = 3960413)
        Rows Removed by Filter: 36244248
  ->  Index Only Scan using title_pkey on title t  (cost=0.43..8.32 rows=1 width=4) (actual time=0.012..0.012 rows=1 loops=96)
        Index Cond: (id = ci.movie_id)
        Heap Fetches: 96
Planning time: 0.732 ms
Execution time: 10243.762 ms
