Hash Join  (cost=102767.86..174482.48 rows=162442 width=0) (actual time=1898.473..3643.118 rows=318754 loops=1)
  Hash Cond: (mc.movie_id = t.id)
  ->  Seq Scan on movie_companies mc  (cost=0.00..57926.93 rows=162442 width=4) (actual time=0.013..1009.291 rows=318754 loops=1)
        Filter: ((company_id > 91626) AND (company_type_id = 2))
        Rows Removed by Filter: 2290375
  ->  Hash  (cost=61283.27..61283.27 rows=2528527 width=4) (actual time=1896.720..1896.720 rows=2528312 loops=1)
        Buckets: 131072  Batches: 64  Memory Usage: 2415kB
        ->  Seq Scan on title t  (cost=0.00..61283.27 rows=2528527 width=4) (actual time=0.019..1065.467 rows=2528312 loops=1)
Planning time: 0.761 ms
Execution time: 3684.321 ms
