Seq Scan on cast_info ci  (cost=0.00..705507.15 rows=500 width=0) (actual time=8897.728..10653.560 rows=1 loops=1)
  Filter: (person_id = 2324435)
  Rows Removed by Filter: 36244343
Planning time: 0.355 ms
Execution time: 10653.693 ms
