Hash Join  (cost=73987.23..130403.19 rows=2580 width=0) (actual time=1291.452..2084.034 rows=4508 loops=1)
  Hash Cond: (mc.movie_id = t.id)
  ->  Seq Scan on movie_companies mc  (cost=0.00..51404.11 rows=1329612 width=4) (actual time=0.021..731.129 rows=1334883 loops=1)
        Filter: (company_type_id = 2)
        Rows Removed by Filter: 1274246
  ->  Hash  (cost=73925.90..73925.90 rows=4906 width=4) (actual time=1179.395..1179.395 rows=5919 loops=1)
        Buckets: 8192  Batches: 1  Memory Usage: 273kB
        ->  Seq Scan on title t  (cost=0.00..73925.90 rows=4906 width=4) (actual time=249.386..1176.385 rows=5919 loops=1)
              Filter: ((kind_id > 3) AND (production_year = 1962))
              Rows Removed by Filter: 2522393
Planning time: 0.763 ms
Execution time: 2084.766 ms
