Seq Scan on title t  (cost=0.00..73925.90 rows=170632 width=0) (actual time=0.048..1165.979 rows=170068 loops=1)
  Filter: ((kind_id > 1) AND (production_year > 2011))
  Rows Removed by Filter: 2358244
Planning time: 0.329 ms
Execution time: 1189.912 ms
