Hash Join  (cost=166316.29..968537.68 rows=1085779 width=0) (actual time=3771.587..21964.833 rows=3691063 loops=1)
  Hash Cond: (ci.movie_id = t.id)
  ->  Seq Scan on cast_info ci  (cost=0.00..705507.15 rows=7298253 width=4) (actual time=0.026..13627.746 rows=7451973 loops=1)
        Filter: (role_id = 2)
        Rows Removed by Filter: 28792371
  ->  Hash  (cost=160144.10..160144.10 rows=376175 width=8) (actual time=3770.543..3770.543 rows=485778 loops=1)
        Buckets: 131072  Batches: 8  Memory Usage: 3390kB
        ->  Hash Join  (cost=79907.83..160144.10 rows=376175 width=8) (actual time=1260.501..3618.409 rows=485778 loops=1)
              Hash Cond: (mc.movie_id = t.id)
              ->  Seq Scan on movie_companies mc  (cost=0.00..44881.29 rows=2609129 width=4) (actual time=0.032..948.905 rows=2609129 loops=1)
              ->  Hash  (cost=73925.90..73925.90 rows=364554 width=4) (actual time=1259.738..1259.738 rows=274015 loops=1)
                    Buckets: 131072  Batches: 8  Memory Usage: 2229kB
                    ->  Seq Scan on title t  (cost=0.00..73925.90 rows=364554 width=4) (actual time=90.472..1173.841 rows=274015 loops=1)
                          Filter: ((production_year > 2000) AND (kind_id = 1))
                          Rows Removed by Filter: 2254297
Planning time: 1.189 ms
Execution time: 22377.954 ms
