Hash Join  (cost=206231.74..347440.86 rows=1576508 width=0) (actual time=4611.181..9389.802 rows=7115009 loops=1)
  Hash Cond: (mk.movie_id = t.id)
  ->  Seq Scan on movie_keyword mk  (cost=0.00..69693.30 rows=4523930 width=4) (actual time=0.009..1403.960 rows=4523930 loops=1)
  ->  Hash  (cost=191775.42..191775.42 rows=881146 width=8) (actual time=4610.522..4610.522 rows=1078882 loops=1)
        Buckets: 131072  Batches: 16  Memory Usage: 3672kB
        ->  Hash Join  (cost=102767.86..191775.42 rows=881146 width=8) (actual time=1920.906..4307.017 rows=1078882 loops=1)
              Hash Cond: (mc.movie_id = t.id)
              ->  Seq Scan on movie_companies mc  (cost=0.00..57926.93 rows=881146 width=4) (actual time=0.017..1143.759 rows=1078882 loops=1)
                    Filter: ((company_id > 2561) AND (company_type_id > 1))
                    Rows Removed by Filter: 1530247
              ->  Hash  (cost=61283.27..61283.27 rows=2528527 width=4) (actual time=1919.448..1919.448 rows=2528312 loops=1)
                    Buckets: 131072  Batches: 64  Memory Usage: 2415kB
                    ->  Seq Scan on title t  (cost=0.00..61283.27 rows=2528527 width=4) (actual time=0.008..1090.011 rows=2528312 loops=1)
Planning time: 0.715 ms
Execution time: 10092.018 ms
