Hash Join  (cost=218834.76..379529.99 rows=2711728 width=0) (actual time=4786.609..8638.819 rows=2734783 loops=1)
  Hash Cond: (mk.movie_id = t.id)
  ->  Seq Scan on movie_keyword mk  (cost=0.00..69693.30 rows=4523930 width=4) (actual time=0.013..1363.514 rows=4523930 loops=1)
  ->  Hash  (cost=193968.19..193968.19 rows=1515646 width=8) (actual time=4785.587..4785.587 rows=825576 loops=1)
        Buckets: 131072  Batches: 32  Memory Usage: 2016kB
        ->  Hash Join  (cost=98024.21..193968.19 rows=1515646 width=8) (actual time=1888.336..4524.970 rows=825576 loops=1)
              Hash Cond: (mc.movie_id = t.id)
              ->  Seq Scan on movie_companies mc  (cost=0.00..44881.29 rows=2609129 width=4) (actual time=0.022..904.027 rows=2609129 loops=1)
              ->  Hash  (cost=73925.90..73925.90 rows=1468824 width=4) (actual time=1887.100..1887.100 rows=1451272 loops=1)
                    Buckets: 131072  Batches: 32  Memory Usage: 2618kB
                    ->  Seq Scan on title t  (cost=0.00..73925.90 rows=1468824 width=4) (actual time=0.015..1433.612 rows=1451272 loops=1)
                          Filter: ((kind_id > 3) AND (production_year < 2012))
                          Rows Removed by Filter: 1077040
Planning time: 1.185 ms
Execution time: 8922.303 ms
