Seq Scan on movie_companies mc  (cost=0.00..51404.11 rows=104 width=0) (actual time=374.952..800.402 rows=11 loops=1)
  Filter: (company_id = 72917)
  Rows Removed by Filter: 2609118
Planning time: 0.345 ms
Execution time: 800.476 ms
