Seq Scan on movie_keyword mk  (cost=0.00..81003.12 rows=385428 width=0) (actual time=0.022..1305.720 rows=383473 loops=1)
  Filter: (keyword_id > 44729)
  Rows Removed by Filter: 4140457
Planning time: 0.527 ms
Execution time: 1355.565 ms
