Hash Join  (cost=166253.84..519707.64 rows=43139 width=0) (actual time=3396.242..9152.591 rows=232534 loops=1)
  Hash Cond: (mi.movie_id = t.id)
  ->  Seq Scan on movie_info mi  (cost=0.00..346232.03 rows=1810770 width=4) (actual time=0.019..5334.553 rows=1865632 loops=1)
        Filter: (info_type_id > 17)
        Rows Removed by Filter: 12970088
  ->  Hash  (cost=165500.85..165500.85 rows=60239 width=8) (actual time=3304.534..3304.534 rows=59279 loops=1)
        Buckets: 65536  Batches: 1  Memory Usage: 2828kB
        ->  Hash Join  (cost=102767.86..165500.85 rows=60239 width=8) (actual time=2011.240..3283.399 rows=59279 loops=1)
              Hash Cond: (mc.movie_id = t.id)
              ->  Seq Scan on movie_companies mc  (cost=0.00..51404.11 rows=60239 width=4) (actual time=0.019..804.658 rows=59279 loops=1)
                    Filter: (company_id > 184362)
                    Rows Removed by Filter: 2549850
              ->  Hash  (cost=61283.27..61283.27 rows=2528527 width=4) (actual time=2009.768..2009.768 rows=2528312 loops=1)
                    Buckets: 131072  Batches: 64  Memory Usage: 2415kB
                    ->  Seq Scan on title t  (cost=0.00..61283.27 rows=2528527 width=4) (actual time=0.011..1171.641 rows=2528312 loops=1)
Planning time: 3.347 ms
Execution time: 9183.240 ms
