Hash Join  (cost=130355.15..881265.38 rows=12106 width=0) (actual time=2314.447..18637.094 rows=64783 loops=1)
  Hash Cond: (ci.movie_id = t.id)
  ->  Seq Scan on cast_info ci  (cost=0.00..614943.12 rows=36225612 width=4) (actual time=0.017..9052.173 rows=36244344 loops=1)
  ->  Hash  (cost=130344.59..130344.59 rows=845 width=8) (actual time=2313.102..2313.102 rows=2259 loops=1)
        Buckets: 4096 (originally 1024)  Batches: 1 (originally 1)  Memory Usage: 121kB
        ->  Hash Join  (cost=73945.98..130344.59 rows=845 width=8) (actual time=1654.913..2312.047 rows=2259 loops=1)
              Hash Cond: (mc.movie_id = t.id)
              ->  Seq Scan on movie_companies mc  (cost=0.00..51404.11 rows=1329612 width=4) (actual time=172.766..924.587 rows=1334883 loops=1)
                    Filter: (company_type_id = 2)
                    Rows Removed by Filter: 1274246
              ->  Hash  (cost=73925.90..73925.90 rows=1606 width=4) (actual time=1184.431..1184.431 rows=1967 loops=1)
                    Buckets: 2048  Batches: 1  Memory Usage: 86kB
                    ->  Seq Scan on title t  (cost=0.00..73925.90 rows=1606 width=4) (actual time=752.577..1183.401 rows=1967 loops=1)
                          Filter: ((kind_id = 3) AND (production_year = 1995))
                          Rows Removed by Filter: 2526345
Planning time: 1.198 ms
Execution time: 18650.333 ms
