Hash Join  (cost=102767.86..272895.61 rows=3293331 width=0) (actual time=1914.125..6423.274 rows=3280179 loops=1)
  Hash Cond: (mk.movie_id = t.id)
  ->  Seq Scan on movie_keyword mk  (cost=0.00..81003.12 rows=3293331 width=4) (actual time=0.021..1729.797 rows=3280179 loops=1)
        Filter: (keyword_id > 1578)
        Rows Removed by Filter: 1243751
  ->  Hash  (cost=61283.27..61283.27 rows=2528527 width=4) (actual time=1912.963..1912.963 rows=2528312 loops=1)
        Buckets: 131072  Batches: 64  Memory Usage: 2425kB
        ->  Seq Scan on title t  (cost=0.00..61283.27 rows=2528527 width=4) (actual time=0.005..1072.512 rows=2528312 loops=1)
Planning time: 0.743 ms
Execution time: 6801.331 ms
