Nested Loop  (cost=0.43..83071.67 rows=246 width=106) (actual time=5.151..1654.643 rows=291 loops=1)
  ->  Seq Scan on movie_keyword mk  (cost=0.00..81003.12 rows=246 width=12) (actual time=5.098..1630.316 rows=291 loops=1)
        Filter: (keyword_id = 167)
        Rows Removed by Filter: 4523639
  ->  Index Scan using title_pkey on title t  (cost=0.43..8.40 rows=1 width=94) (actual time=0.079..0.079 rows=1 loops=291)
        Index Cond: (id = mk.movie_id)
Planning time: 0.987 ms
Execution time: 1654.766 ms
