Seq Scan on title t  (cost=0.00..73925.90 rows=87289 width=0) (actual time=443.111..1123.271 rows=117666 loops=1)
  Filter: ((production_year > 1981) AND (kind_id = 4))
  Rows Removed by Filter: 2410646
Planning time: 0.408 ms
Execution time: 1138.995 ms
