Hash Join  (cost=162735.34..961647.52 rows=509638 width=0) (actual time=3143.672..20083.280 rows=680632 loops=1)
  Hash Cond: (ci.movie_id = t.id)
  ->  Seq Scan on cast_info ci  (cost=0.00..705507.15 rows=17661728 width=4) (actual time=0.019..12269.276 rows=17516949 loops=1)
        Filter: (person_id < 1734280)
        Rows Removed by Filter: 18727395
  ->  Hash  (cost=161823.31..161823.31 rows=72962 width=8) (actual time=3142.393..3142.393 rows=45184 loops=1)
        Buckets: 131072  Batches: 1  Memory Usage: 2789kB
        ->  Hash Join  (cost=74435.65..161823.31 rows=72962 width=8) (actual time=1193.373..3126.329 rows=45184 loops=1)
              Hash Cond: (mk.movie_id = t.id)
              ->  Seq Scan on movie_keyword mk  (cost=0.00..69693.30 rows=4523930 width=4) (actual time=0.013..1026.559 rows=4523930 loops=1)
              ->  Hash  (cost=73925.90..73925.90 rows=40780 width=4) (actual time=1192.913..1192.913 rows=47228 loops=1)
                    Buckets: 65536  Batches: 1  Memory Usage: 2173kB
                    ->  Seq Scan on title t  (cost=0.00..73925.90 rows=40780 width=4) (actual time=0.023..1173.170 rows=47228 loops=1)
                          Filter: ((kind_id > 2) AND (production_year = 2001))
                          Rows Removed by Filter: 2481084
Planning time: 1.661 ms
Execution time: 20180.997 ms
