Hash Join  (cost=365418.15..1884414.66 rows=41325700 width=0) (actual time=9062.813..69489.993 rows=134205898 loops=1)
  Hash Cond: (ci.movie_id = t.id)
  ->  Seq Scan on cast_info ci  (cost=0.00..705507.15 rows=23097870 width=4) (actual time=0.018..15477.179 rows=23161337 loops=1)
        Filter: (person_id > 1291979)
        Rows Removed by Filter: 13083007
  ->  Hash  (cost=291197.02..291197.02 rows=4523930 width=8) (actual time=9060.820..9060.820 rows=4523930 loops=1)
        Buckets: 131072  Batches: 64  Memory Usage: 3816kB
        ->  Hash Join  (cost=102767.86..291197.02 rows=4523930 width=8) (actual time=2304.080..7795.342 rows=4523930 loops=1)
              Hash Cond: (mk.movie_id = t.id)
              ->  Seq Scan on movie_keyword mk  (cost=0.00..69693.30 rows=4523930 width=4) (actual time=0.014..1299.428 rows=4523930 loops=1)
              ->  Hash  (cost=61283.27..61283.27 rows=2528527 width=4) (actual time=2303.106..2303.106 rows=2528312 loops=1)
                    Buckets: 131072  Batches: 64  Memory Usage: 2425kB
                    ->  Seq Scan on title t  (cost=0.00..61283.27 rows=2528527 width=4) (actual time=0.029..849.352 rows=2528312 loops=1)
Planning time: 1.105 ms
Execution time: 84370.713 ms
