Nested Loop  (cost=0.43..83072.29 rows=6 width=0) (actual time=11.353..1368.964 rows=18 loops=1)
  ->  Seq Scan on movie_keyword mk  (cost=0.00..81003.12 rows=246 width=4) (actual time=0.327..1276.228 rows=4196 loops=1)
        Filter: (keyword_id = 1578)
        Rows Removed by Filter: 4519734
  ->  Index Scan using title_pkey on title t  (cost=0.43..8.40 rows=1 width=4) (actual time=0.022..0.022 rows=0 loops=4196)
        Index Cond: (id = mk.movie_id)
        Filter: (production_year > 2012)
        Rows Removed by Filter: 1
Planning time: 0.734 ms
Execution time: 1369.083 ms
