Hash Join  (cost=91901.05..139853.24 rows=597970 width=0) (actual time=1726.702..3148.443 rows=320523 loops=1)
  Hash Cond: (mi_idx.movie_id = t.id)
  ->  Seq Scan on movie_info_idx mi_idx  (cost=0.00..21735.35 rows=1380035 width=4) (actual time=0.015..469.859 rows=1380035 loops=1)
  ->  Hash  (cost=73925.90..73925.90 rows=1095612 width=4) (actual time=1724.943..1724.943 rows=1189548 loops=1)
        Buckets: 131072  Batches: 16  Memory Usage: 3647kB
        ->  Seq Scan on title t  (cost=0.00..73925.90 rows=1095612 width=4) (actual time=0.021..1347.190 rows=1189548 loops=1)
              Filter: ((production_year > 1988) AND (kind_id = 7))
              Rows Removed by Filter: 1338764
Planning time: 0.837 ms
Execution time: 3190.551 ms
