Hash Join  (cost=709678.15..770933.83 rows=175 width=0) (actual time=9907.160..10851.565 rows=19 loops=1)
  Hash Cond: (mc.movie_id = t.id)
  ->  Seq Scan on movie_companies mc  (cost=0.00..57926.93 rows=887198 width=4) (actual time=0.025..909.463 rows=566752 loops=1)
        Filter: ((company_id < 23261) AND (company_type_id > 1))
        Rows Removed by Filter: 2042377
  ->  Hash  (cost=709671.90..709671.90 rows=500 width=8) (actual time=9877.106..9877.106 rows=59 loops=1)
        Buckets: 1024  Batches: 1  Memory Usage: 11kB
        ->  Nested Loop  (cost=0.43..709671.90 rows=500 width=8) (actual time=8605.093..9877.058 rows=59 loops=1)
              ->  Seq Scan on cast_info ci  (cost=0.00..705507.15 rows=500 width=4) (actual time=8604.968..9875.877 rows=59 loops=1)
                    Filter: (person_id = 3860132)
                    Rows Removed by Filter: 36244285
              ->  Index Only Scan using title_pkey on title t  (cost=0.43..8.32 rows=1 width=4) (actual time=0.018..0.018 rows=1 loops=59)
                    Index Cond: (id = ci.movie_id)
                    Heap Fetches: 59
Planning time: 1.194 ms
Execution time: 10851.674 ms
