Hash Join  (cost=172866.83..1070754.25 rows=2639105 width=0) (actual time=3913.689..27282.498 rows=9794812 loops=1)
  Hash Cond: (ci.movie_id = t.id)
  ->  Seq Scan on cast_info ci  (cost=0.00..705507.15 rows=14196857 width=4) (actual time=0.018..13643.513 rows=14152183 loops=1)
        Filter: (person_id < 1393419)
        Rows Removed by Filter: 22092161
  ->  Hash  (cost=165154.37..165154.37 rows=470037 width=8) (actual time=3912.688..3912.688 rows=664063 loops=1)
        Buckets: 131072 (originally 131072)  Batches: 16 (originally 8)  Memory Usage: 3073kB
        ->  Hash Join  (cost=83743.23..165154.37 rows=470037 width=8) (actual time=1397.361..3712.511 rows=664063 loops=1)
              Hash Cond: (mc.movie_id = t.id)
              ->  Seq Scan on movie_companies mc  (cost=0.00..51404.11 rows=1986309 width=4) (actual time=0.016..1093.127 rows=1982206 loops=1)
                    Filter: (company_id < 60559)
                    Rows Removed by Filter: 626923
              ->  Hash  (cost=73925.90..73925.90 rows=598346 width=4) (actual time=1396.564..1396.564 rows=507407 loops=1)
                    Buckets: 131072  Batches: 8  Memory Usage: 3251kB
                    ->  Seq Scan on title t  (cost=0.00..73925.90 rows=598346 width=4) (actual time=0.027..1236.934 rows=507407 loops=1)
                          Filter: ((kind_id < 7) AND (production_year > 1997))
                          Rows Removed by Filter: 2020905
Planning time: 0.844 ms
Execution time: 28400.204 ms
