Hash Join  (cost=96356.06..1499837.46 rows=24261454 width=0) (actual time=1970.262..45409.839 rows=25991380 loops=1)
  Hash Cond: (ci.movie_id = t.id)
  ->  Seq Scan on cast_info ci  (cost=0.00..705507.15 rows=35005941 width=4) (actual time=0.020..17206.486 rows=35121126 loops=1)
        Filter: (person_id > 114565)
        Rows Removed by Filter: 1123218
  ->  Hash  (cost=67604.59..67604.59 rows=1752438 width=4) (actual time=1969.156..1969.156 rows=1749032 loops=1)
        Buckets: 131072  Batches: 32  Memory Usage: 2950kB
        ->  Seq Scan on title t  (cost=0.00..67604.59 rows=1752438 width=4) (actual time=0.013..1400.490 rows=1749032 loops=1)
              Filter: (production_year > 1990)
              Rows Removed by Filter: 779280
Planning time: 0.797 ms
Execution time: 48216.886 ms
