Hash Join  (cost=73982.55..842028.39 rows=29749 width=0) (actual time=2039.647..16607.916 rows=56978 loops=1)
  Hash Cond: (ci.movie_id = t.id)
  ->  Seq Scan on cast_info ci  (cost=0.00..705507.15 rows=16597651 width=4) (actual time=0.246..11809.163 rows=16450413 loops=1)
        Filter: (person_id < 1628984)
        Rows Removed by Filter: 19793931
  ->  Hash  (cost=73925.90..73925.90 rows=4532 width=4) (actual time=1295.982..1295.982 rows=7858 loops=1)
        Buckets: 8192  Batches: 1  Memory Usage: 341kB
        ->  Seq Scan on title t  (cost=0.00..73925.90 rows=4532 width=4) (actual time=0.289..1292.363 rows=7858 loops=1)
              Filter: ((kind_id = 7) AND (production_year = 1975))
              Rows Removed by Filter: 2520454
Planning time: 0.742 ms
Execution time: 16617.238 ms
