Hash Join  (cost=429358.57..1289064.67 rows=378504 width=0) (actual time=7171.317..26723.140 rows=1707908 loops=1)
  Hash Cond: (ci.movie_id = t.id)
  ->  Seq Scan on cast_info ci  (cost=0.00..796071.18 rows=15959973 width=4) (actual time=0.020..15139.387 rows=15556399 loops=1)
        Filter: ((person_id < 3953267) AND (role_id > 2))
        Rows Removed by Filter: 20687945
  ->  Hash  (cost=428608.99..428608.99 rows=59966 width=8) (actual time=7170.850..7170.850 rows=59649 loops=1)
        Buckets: 65536  Batches: 1  Memory Usage: 2843kB
        ->  Hash Join  (cost=70241.71..428608.99 rows=59966 width=8) (actual time=4133.628..7149.636 rows=59649 loops=1)
              Hash Cond: (mi.movie_id = t.id)
              ->  Seq Scan on movie_info mi  (cost=0.00..346232.03 rows=943358 width=4) (actual time=2756.689..5587.254 rows=978723 loops=1)
                    Filter: (info_type_id > 90)
                    Rows Removed by Filter: 13856997
              ->  Hash  (cost=67604.59..67604.59 rows=160730 width=4) (actual time=1115.557..1115.557 rows=160017 loops=1)
                    Buckets: 131072  Batches: 4  Memory Usage: 2442kB
                    ->  Seq Scan on title t  (cost=0.00..67604.59 rows=160730 width=4) (actual time=0.024..1055.626 rows=160017 loops=1)
                          Filter: (production_year = 2011)
                          Rows Removed by Filter: 2368295
Planning time: 0.830 ms
Execution time: 26922.566 ms
