Nested Loop  (cost=0.43..52284.21 rows=27 width=0) (actual time=107.195..734.812 rows=33 loops=1)
  ->  Seq Scan on movie_companies mc  (cost=0.00..51404.11 rows=104 width=4) (actual time=107.118..732.653 rows=33 loops=1)
        Filter: (company_id = 15569)
        Rows Removed by Filter: 2609096
  ->  Index Scan using title_pkey on title t  (cost=0.43..8.45 rows=1 width=4) (actual time=0.062..0.062 rows=1 loops=33)
        Index Cond: (id = mc.movie_id)
        Filter: ((kind_id < 7) AND (production_year < 2008))
Planning time: 0.741 ms
Execution time: 734.936 ms
