Seq Scan on movie_keyword mk  (cost=0.00..81003.12 rows=3282208 width=0) (actual time=0.025..1524.326 rows=3269476 loops=1)
  Filter: (keyword_id < 14350)
  Rows Removed by Filter: 1254454
Planning time: 0.297 ms
Execution time: 1929.075 ms
