Seq Scan on movie_keyword mk  (cost=0.00..81003.12 rows=246 width=0) (actual time=430.418..1291.798 rows=3 loops=1)
  Filter: (keyword_id = 42707)
  Rows Removed by Filter: 4523927
Planning time: 0.343 ms
Execution time: 1291.890 ms
