Hash Join  (cost=102767.86..1617878.42 rows=29471593 width=0) (actual time=1888.036..46321.867 rows=29372176 loops=1)
  Hash Cond: (ci.movie_id = t.id)
  ->  Seq Scan on cast_info ci  (cost=0.00..796071.18 rows=29471593 width=4) (actual time=0.027..19637.795 rows=29372176 loops=1)
        Filter: ((person_id > 227017) AND (role_id < 10))
        Rows Removed by Filter: 6872168
  ->  Hash  (cost=61283.27..61283.27 rows=2528527 width=4) (actual time=1886.835..1886.835 rows=2528312 loops=1)
        Buckets: 131072  Batches: 64  Memory Usage: 2415kB
        ->  Seq Scan on title t  (cost=0.00..61283.27 rows=2528527 width=4) (actual time=0.013..1040.348 rows=2528312 loops=1)
Planning time: 0.712 ms
Execution time: 49658.441 ms
