Hash Join  (cost=101489.21..209179.82 rows=2131167 width=0) (actual time=1952.616..4749.543 rows=2289918 loops=1)
  Hash Cond: (mc.movie_id = t.id)
  ->  Seq Scan on movie_companies mc  (cost=0.00..44881.29 rows=2609129 width=4) (actual time=0.015..849.412 rows=2609129 loops=1)
  ->  Hash  (cost=67604.59..67604.59 rows=2065330 width=4) (actual time=1951.660..1951.660 rows=2064552 loops=1)
        Buckets: 131072  Batches: 32  Memory Usage: 3289kB
        ->  Seq Scan on title t  (cost=0.00..67604.59 rows=2065330 width=4) (actual time=0.025..1318.573 rows=2064552 loops=1)
              Filter: (production_year < 2011)
              Rows Removed by Filter: 463760
Planning time: 0.872 ms
Execution time: 4962.198 ms
