Hash Join  (cost=123688.00..481922.82 rows=49706 width=0) (actual time=2276.849..8520.119 rows=136040 loops=1)
  Hash Cond: (mi.movie_id = t.id)
  ->  Seq Scan on movie_info mi  (cost=0.00..346232.03 rows=3068194 width=4) (actual time=0.018..5548.549 rows=3036719 loops=1)
        Filter: (info_type_id = 16)
        Rows Removed by Filter: 11799001
  ->  Hash  (cost=123175.97..123175.97 rows=40963 width=8) (actual time=2276.170..2276.170 rows=32641 loops=1)
        Buckets: 65536  Batches: 1  Memory Usage: 1788kB
        ->  Hash Join  (cost=68100.81..123175.97 rows=40963 width=8) (actual time=1013.089..2263.258 rows=32641 loops=1)
              Hash Cond: (mc.movie_id = t.id)
              ->  Seq Scan on movie_companies mc  (cost=0.00..44881.29 rows=2609129 width=4) (actual time=0.015..564.167 rows=2609129 loops=1)
              ->  Hash  (cost=67604.59..67604.59 rows=39698 width=4) (actual time=1012.677..1012.677 rows=36437 loops=1)
                    Buckets: 65536  Batches: 1  Memory Usage: 1793kB
                    ->  Seq Scan on title t  (cost=0.00..67604.59 rows=39698 width=4) (actual time=0.056..997.064 rows=36437 loops=1)
                          Filter: (production_year = 1995)
                          Rows Removed by Filter: 2491875
Planning time: 1.019 ms
Execution time: 8538.317 ms
