Hash Join  (cost=93843.90..138813.40 rows=441259 width=0) (actual time=1879.190..3245.057 rows=343486 loops=1)
  Hash Cond: (mi_idx.movie_id = t.id)
  ->  Seq Scan on movie_info_idx mi_idx  (cost=0.00..25185.44 rows=919057 width=4) (actual time=0.026..538.539 rows=920110 loops=1)
        Filter: (info_type_id > 99)
        Rows Removed by Filter: 459925
  ->  Hash  (cost=73925.90..73925.90 rows=1214000 width=4) (actual time=1878.372..1878.372 rows=1328829 loops=1)
        Buckets: 131072  Batches: 16  Memory Usage: 3951kB
        ->  Seq Scan on title t  (cost=0.00..73925.90 rows=1214000 width=4) (actual time=0.023..1433.706 rows=1328829 loops=1)
              Filter: ((kind_id > 1) AND (production_year > 1994))
              Rows Removed by Filter: 1199483
Planning time: 0.780 ms
Execution time: 3288.095 ms
