Nested Loop  (cost=0.43..709671.90 rows=500 width=0) (actual time=429.629..9140.883 rows=14 loops=1)
  ->  Seq Scan on cast_info ci  (cost=0.00..705507.15 rows=500 width=4) (actual time=429.515..9140.327 rows=14 loops=1)
        Filter: (person_id = 1769449)
        Rows Removed by Filter: 36244330
  ->  Index Only Scan using title_pkey on title t  (cost=0.43..8.32 rows=1 width=4) (actual time=0.036..0.036 rows=1 loops=14)
        Index Cond: (id = ci.movie_id)
        Heap Fetches: 14
Planning time: 0.773 ms
Execution time: 9140.961 ms
