Seq Scan on movie_companies mc  (cost=0.00..51404.11 rows=104 width=0) (actual time=39.828..693.678 rows=113 loops=1)
  Filter: (company_id = 88153)
  Rows Removed by Filter: 2609016
Planning time: 0.366 ms
Execution time: 693.765 ms
