Hash Join  (cost=185857.01..1047655.15 rows=848526 width=0) (actual time=4498.660..24613.292 rows=3684383 loops=1)
  Hash Cond: (ci.movie_id = t.id)
  ->  Seq Scan on cast_info ci  (cost=0.00..705507.15 rows=12726058 width=4) (actual time=899.356..13398.169 rows=12670688 loops=1)
        Filter: (role_id < 2)
        Rows Removed by Filter: 23573656
  ->  Hash  (cost=183090.60..183090.60 rows=168593 width=8) (actual time=3598.591..3598.591 rows=205601 loops=1)
        Buckets: 131072  Batches: 4  Memory Usage: 3059kB
        ->  Hash Join  (cost=91342.70..183090.60 rows=168593 width=8) (actual time=1921.096..3531.643 rows=205601 loops=1)
              Hash Cond: (mk.movie_id = t.id)
              ->  Seq Scan on movie_keyword mk  (cost=0.00..81003.12 rows=294626 width=4) (actual time=0.023..1147.051 rows=291920 loops=1)
                    Filter: (keyword_id > 55213)
                    Rows Removed by Filter: 4232010
              ->  Hash  (cost=67604.59..67604.59 rows=1446889 width=4) (actual time=1920.163..1920.163 rows=1443298 loops=1)
                    Buckets: 131072  Batches: 32  Memory Usage: 2616kB
                    ->  Seq Scan on title t  (cost=0.00..67604.59 rows=1446889 width=4) (actual time=0.015..1259.648 rows=1443298 loops=1)
                          Filter: (production_year < 2006)
                          Rows Removed by Filter: 1085014
Planning time: 2.008 ms
Execution time: 25055.982 ms
