Hash Join  (cost=432038.75..522854.65 rows=42434 width=0) (actual time=6800.300..9222.842 rows=1469511 loops=1)
  Hash Cond: (mk.movie_id = t.id)
  ->  Seq Scan on movie_keyword mk  (cost=0.00..81003.12 rows=2503583 width=4) (actual time=0.020..1411.992 rows=2496739 loops=1)
        Filter: (keyword_id < 6099)
        Rows Removed by Filter: 2027191
  ->  Hash  (cost=431503.04..431503.04 rows=42857 width=8) (actual time=6799.812..6799.812 rows=108155 loops=1)
        Buckets: 131072 (originally 65536)  Batches: 2 (originally 1)  Memory Usage: 3139kB
        ->  Hash Join  (cost=76653.59..431503.04 rows=42857 width=8) (actual time=5471.059..6759.141 rows=108155 loops=1)
              Hash Cond: (mi.movie_id = t.id)
              ->  Seq Scan on movie_info mi  (cost=0.00..346232.03 rows=651960 width=4) (actual time=4058.526..5159.683 rows=660923 loops=1)
                    Filter: (info_type_id = 18)
                    Rows Removed by Filter: 14174797
              ->  Hash  (cost=73925.90..73925.90 rows=166215 width=4) (actual time=1235.527..1235.527 rows=301084 loops=1)
                    Buckets: 131072  Batches: 4  Memory Usage: 3680kB
                    ->  Seq Scan on title t  (cost=0.00..73925.90 rows=166215 width=4) (actual time=12.257..1136.990 rows=301084 loops=1)
                          Filter: ((production_year < 1987) AND (kind_id = 1))
                          Rows Removed by Filter: 2227228
Planning time: 1.337 ms
Execution time: 9388.747 ms
