Seq Scan on movie_companies mc  (cost=0.00..51404.11 rows=66938 width=0) (actual time=0.417..803.506 rows=69928 loops=1)
  Filter: (company_id < 11)
  Rows Removed by Filter: 2539201
Planning time: 0.330 ms
Execution time: 812.948 ms
