Hash Join  (cost=798388.90..885051.88 rows=494 width=0) (actual time=14185.480..15709.551 rows=27 loops=1)
  Hash Cond: (mk.movie_id = t.id)
  ->  Seq Scan on movie_keyword mk  (cost=0.00..69693.30 rows=4523930 width=4) (actual time=0.014..1034.749 rows=4523930 loops=1)
  ->  Hash  (cost=798385.45..798385.45 rows=276 width=8) (actual time=13896.690..13896.690 rows=255 loops=1)
        Buckets: 1024  Batches: 1  Memory Usage: 18kB
        ->  Nested Loop  (cost=0.43..798385.45 rows=276 width=8) (actual time=13090.722..13896.580 rows=255 loops=1)
              ->  Seq Scan on cast_info ci  (cost=0.00..796071.18 rows=276 width=4) (actual time=13090.624..13890.297 rows=255 loops=1)
                    Filter: ((role_id < 3) AND (person_id = 1806251))
                    Rows Removed by Filter: 36244089
              ->  Index Only Scan using title_pkey on title t  (cost=0.43..8.38 rows=1 width=4) (actual time=0.023..0.024 rows=1 loops=255)
                    Index Cond: (id = ci.movie_id)
                    Heap Fetches: 255
Planning time: 0.921 ms
Execution time: 15709.722 ms
