Seq Scan on cast_info ci  (cost=0.00..796071.18 rows=430113 width=0) (actual time=7485.191..12031.301 rows=385407 loops=1)
  Filter: ((person_id < 542699) AND (role_id = 4))
  Rows Removed by Filter: 35858937
Planning time: 0.328 ms
Execution time: 12096.971 ms
