Seq Scan on movie_companies mc  (cost=0.00..51404.11 rows=2033607 width=0) (actual time=0.013..911.643 rows=2029456 loops=1)
  Filter: (company_id < 71079)
  Rows Removed by Filter: 579673
Planning time: 0.365 ms
Execution time: 1170.702 ms
