Hash Join  (cost=73983.02..168146.95 rows=6311 width=0) (actual time=1209.111..3285.766 rows=5156 loops=1)
  Hash Cond: (mk.movie_id = t.id)
  ->  Seq Scan on movie_keyword mk  (cost=0.00..81003.12 rows=3492719 width=4) (actual time=0.024..1537.246 rows=3490645 loops=1)
        Filter: (keyword_id > 1019)
        Rows Removed by Filter: 1033285
  ->  Hash  (cost=73925.90..73925.90 rows=4569 width=4) (actual time=1207.144..1207.144 rows=9541 loops=1)
        Buckets: 16384 (originally 8192)  Batches: 1 (originally 1)  Memory Usage: 464kB
        ->  Seq Scan on title t  (cost=0.00..73925.90 rows=4569 width=4) (actual time=0.273..1195.872 rows=9541 loops=1)
              Filter: ((kind_id > 4) AND (production_year = 1984))
              Rows Removed by Filter: 2518771
Planning time: 0.745 ms
Execution time: 3286.770 ms
