Hash Join  (cost=74286.47..161040.10 rows=16977 width=0) (actual time=934.372..2567.590 rows=5744 loops=1)
  Hash Cond: (mk.movie_id = t.id)
  ->  Seq Scan on movie_keyword mk  (cost=0.00..81003.12 rows=1488198 width=4) (actual time=0.024..1353.313 rows=1502853 loops=1)
        Filter: (keyword_id > 10781)
        Rows Removed by Filter: 3021077
  ->  Hash  (cost=73925.90..73925.90 rows=28845 width=4) (actual time=933.358..933.358 rows=32463 loops=1)
        Buckets: 32768  Batches: 1  Memory Usage: 1398kB
        ->  Seq Scan on title t  (cost=0.00..73925.90 rows=28845 width=4) (actual time=0.762..922.303 rows=32463 loops=1)
              Filter: ((kind_id > 4) AND (production_year = 1998))
              Rows Removed by Filter: 2495849
Planning time: 0.746 ms
Execution time: 2568.582 ms
