Seq Scan on movie_keyword mk  (cost=0.00..81003.12 rows=246 width=0) (actual time=3.433..1112.719 rows=186 loops=1)
  Filter: (keyword_id = 4096)
  Rows Removed by Filter: 4523744
Planning time: 0.368 ms
Execution time: 1112.913 ms
