Hash Join  (cost=190230.21..1078446.70 rows=2781862 width=0) (actual time=8852.738..19111.065 rows=2885379 loops=1)
  Hash Cond: (ci.movie_id = t.id)
  ->  Seq Scan on cast_info ci  (cost=0.00..796071.18 rows=5096982 width=4) (actual time=4691.362..12288.018 rows=3041710 loops=1)
        Filter: ((person_id > 3056123) AND (role_id < 10))
        Rows Removed by Filter: 33202634
  ->  Hash  (cost=167588.78..167588.78 rows=1380035 width=8) (actual time=4159.912..4159.912 rows=1380035 loops=1)
        Buckets: 131072  Batches: 32  Memory Usage: 2708kB
        ->  Hash Join  (cost=102767.86..167588.78 rows=1380035 width=8) (actual time=1906.705..3776.499 rows=1380035 loops=1)
              Hash Cond: (mi_idx.movie_id = t.id)
              ->  Seq Scan on movie_info_idx mi_idx  (cost=0.00..21735.35 rows=1380035 width=4) (actual time=0.034..436.945 rows=1380035 loops=1)
              ->  Hash  (cost=61283.27..61283.27 rows=2528527 width=4) (actual time=1904.743..1904.743 rows=2528312 loops=1)
                    Buckets: 131072  Batches: 64  Memory Usage: 2415kB
                    ->  Seq Scan on title t  (cost=0.00..61283.27 rows=2528527 width=4) (actual time=0.024..1057.815 rows=2528312 loops=1)
Planning time: 1.079 ms
Execution time: 19453.801 ms
