Hash Join  (cost=285343.79..1697896.10 rows=32461613 width=0) (actual time=6381.639..61339.520 rows=106069573 loops=1)
  Hash Cond: (ci.movie_id = t.id)
  ->  Seq Scan on cast_info ci  (cost=0.00..614943.12 rows=36225612 width=4) (actual time=0.014..13335.859 rows=36244344 loops=1)
  ->  Hash  (cost=248170.27..248170.27 rows=2265802 width=8) (actual time=6380.716..6380.716 rows=2267791 loops=1)
        Buckets: 131072  Batches: 32  Memory Usage: 3779kB
        ->  Hash Join  (cost=102767.86..248170.27 rows=2265802 width=8) (actual time=1930.255..5782.315 rows=2267791 loops=1)
              Hash Cond: (mk.movie_id = t.id)
              ->  Seq Scan on movie_keyword mk  (cost=0.00..81003.12 rows=2265802 width=4) (actual time=0.024..1579.050 rows=2267791 loops=1)
                    Filter: (keyword_id < 4746)
                    Rows Removed by Filter: 2256139
              ->  Hash  (cost=61283.27..61283.27 rows=2528527 width=4) (actual time=1928.210..1928.210 rows=2528312 loops=1)
                    Buckets: 131072  Batches: 64  Memory Usage: 2425kB
                    ->  Seq Scan on title t  (cost=0.00..61283.27 rows=2528527 width=4) (actual time=0.025..1069.037 rows=2528312 loops=1)
Planning time: 1.591 ms
Execution time: 72506.519 ms
