Nested Loop  (cost=0.43..83071.67 rows=246 width=0) (actual time=4.479..1316.606 rows=1098 loops=1)
  ->  Seq Scan on movie_keyword mk  (cost=0.00..81003.12 rows=246 width=4) (actual time=4.415..1259.648 rows=1098 loops=1)
        Filter: (keyword_id = 1456)
        Rows Removed by Filter: 4522832
  ->  Index Only Scan using title_pkey on title t  (cost=0.43..8.40 rows=1 width=4) (actual time=0.050..0.051 rows=1 loops=1098)
        Index Cond: (id = mk.movie_id)
        Heap Fetches: 1098
Planning time: 0.658 ms
Execution time: 1317.110 ms
