Hash Join  (cost=74764.77..429809.08 rows=58247 width=0) (actual time=2529.071..8079.084 rows=206156 loops=1)
  Hash Cond: (mi.movie_id = t.id)
  ->  Seq Scan on movie_info mi  (cost=0.00..346232.03 rows=2194617 width=4) (actual time=1347.426..5532.279 rows=2233850 loops=1)
        Filter: (info_type_id > 16)
        Rows Removed by Filter: 12601870
  ->  Hash  (cost=73925.90..73925.90 rows=67109 width=4) (actual time=1146.064..1146.064 rows=177071 loops=1)
        Buckets: 131072 (originally 131072)  Batches: 4 (originally 1)  Memory Usage: 3073kB
        ->  Seq Scan on title t  (cost=0.00..73925.90 rows=67109 width=4) (actual time=1.861..1072.585 rows=177071 loops=1)
              Filter: ((kind_id < 4) AND (production_year < 1955))
              Rows Removed by Filter: 2351241
Planning time: 0.745 ms
Execution time: 8107.882 ms
