Hash Join  (cost=227099.13..1565407.78 rows=25234247 width=0) (actual time=5443.834..53043.063 rows=55226034 loops=1)
  Hash Cond: (ci.movie_id = t.id)
  ->  Seq Scan on cast_info ci  (cost=0.00..614943.12 rows=36225612 width=4) (actual time=0.021..13646.288 rows=36244344 loops=1)
  ->  Hash  (cost=198201.43..198201.43 rows=1761336 width=8) (actual time=5442.870..5442.870 rows=1458199 loops=1)
        Buckets: 131072  Batches: 32  Memory Usage: 2775kB
        ->  Hash Join  (cost=95609.14..198201.43 rows=1761336 width=8) (actual time=1965.704..5007.971 rows=1458199 loops=1)
              Hash Cond: (mc.movie_id = t.id)
              ->  Seq Scan on movie_companies mc  (cost=0.00..44881.29 rows=2609129 width=4) (actual time=0.018..913.551 rows=2609129 loops=1)
              ->  Hash  (cost=67604.59..67604.59 rows=1706924 width=4) (actual time=1964.945..1964.945 rows=1700316 loops=1)
                    Buckets: 131072  Batches: 32  Memory Usage: 2895kB
                    ->  Seq Scan on title t  (cost=0.00..67604.59 rows=1706924 width=4) (actual time=0.020..1389.225 rows=1700316 loops=1)
                          Filter: (production_year > 1992)
                          Rows Removed by Filter: 827996
Planning time: 1.155 ms
Execution time: 59234.009 ms
