Hash Join  (cost=520384.86..616027.32 rows=1493793 width=0) (actual time=9122.571..11666.428 rows=1485778 loops=1)
  Hash Cond: (mc.movie_id = t.id)
  ->  Seq Scan on movie_companies mc  (cost=0.00..44881.29 rows=2609129 width=4) (actual time=0.014..940.988 rows=2609129 loops=1)
  ->  Hash  (cost=496634.29..496634.29 rows=1447646 width=8) (actual time=9121.593..9121.593 rows=555275 loops=1)
        Buckets: 131072  Batches: 32  Memory Usage: 1684kB
        ->  Hash Join  (cost=101290.72..496634.29 rows=1447646 width=8) (actual time=4100.978..8958.326 rows=555275 loops=1)
              Hash Cond: (mi.movie_id = t.id)
              ->  Seq Scan on movie_info mi  (cost=0.00..346232.03 rows=2194617 width=4) (actual time=2021.513..5369.084 rows=2233850 loops=1)
                    Filter: (info_type_id > 16)
                    Rows Removed by Filter: 12601870
              ->  Hash  (cost=73925.90..73925.90 rows=1667905 width=4) (actual time=2068.689..2068.689 rows=1709250 loops=1)
                    Buckets: 131072  Batches: 32  Memory Usage: 2912kB
                    ->  Seq Scan on title t  (cost=0.00..73925.90 rows=1667905 width=4) (actual time=0.033..1507.889 rows=1709250 loops=1)
                          Filter: ((kind_id > 2) AND (production_year > 1917))
                          Rows Removed by Filter: 819062
Planning time: 0.823 ms
Execution time: 11836.668 ms
