Hash Join  (cost=92883.59..170816.52 rows=450804 width=0) (actual time=2982.407..3463.909 rows=4203 loops=1)
  Hash Cond: (mc.movie_id = t.id)
  ->  Seq Scan on movie_companies mc  (cost=0.00..57926.93 rows=739791 width=4) (actual time=0.028..1048.291 rows=525361 loops=1)
        Filter: ((company_id > 7340) AND (company_type_id = 1))
        Rows Removed by Filter: 2083768
  ->  Hash  (cost=67604.59..67604.59 rows=1540800 width=4) (actual time=1947.967..1947.967 rows=1543264 loops=1)
        Buckets: 131072  Batches: 32  Memory Usage: 2722kB
        ->  Seq Scan on title t  (cost=0.00..67604.59 rows=1540800 width=4) (actual time=0.010..1150.503 rows=1543264 loops=1)
              Filter: (kind_id = 7)
              Rows Removed by Filter: 985048
Planning time: 1.053 ms
Execution time: 3464.475 ms
