Hash Join  (cost=90260.67..181609.82 rows=1108347 width=0) (actual time=1894.089..4574.954 rows=917291 loops=1)
  Hash Cond: (mc.movie_id = t.id)
  ->  Seq Scan on movie_companies mc  (cost=0.00..51404.11 rows=2029482 width=4) (actual time=0.009..1070.868 rows=2032343 loops=1)
        Filter: (company_id > 629)
        Rows Removed by Filter: 576786
  ->  Hash  (cost=67604.59..67604.59 rows=1380887 width=4) (actual time=1893.140..1893.140 rows=1381453 loops=1)
        Buckets: 131072  Batches: 32  Memory Usage: 2543kB
        ->  Seq Scan on title t  (cost=0.00..67604.59 rows=1380887 width=4) (actual time=0.016..1441.432 rows=1381453 loops=1)
              Filter: (production_year > 2000)
              Rows Removed by Filter: 1146859
Planning time: 0.587 ms
Execution time: 4672.854 ms
