Seq Scan on movie_companies mc  (cost=0.00..57926.93 rows=418878 width=0) (actual time=0.025..776.546 rows=746168 loops=1)
  Filter: ((company_id > 27254) AND (company_type_id = 2))
  Rows Removed by Filter: 1862961
Planning time: 0.405 ms
Execution time: 855.955 ms
