Hash Join  (cost=197549.89..1078933.13 rows=3217209 width=0) (actual time=10102.200..28594.939 rows=13830583 loops=1)
  Hash Cond: (ci.movie_id = t.id)
  ->  Seq Scan on cast_info ci  (cost=0.00..705507.15 rows=12203201 width=4) (actual time=5714.928..13892.231 rows=12113646 loops=1)
        Filter: (role_id > 3)
        Rows Removed by Filter: 24130698
  ->  Hash  (cost=186613.24..186613.24 rows=666612 width=8) (actual time=4385.483..4385.483 rows=906822 loops=1)
        Buckets: 131072  Batches: 16  Memory Usage: 3214kB
        ->  Hash Join  (cost=102767.86..186613.24 rows=666612 width=8) (actual time=1933.870..4132.571 rows=906822 loops=1)
              Hash Cond: (mc.movie_id = t.id)
              ->  Seq Scan on movie_companies mc  (cost=0.00..57926.93 rows=666612 width=4) (actual time=0.034..1074.853 rows=906822 loops=1)
                    Filter: ((company_id < 11529) AND (company_type_id < 2))
                    Rows Removed by Filter: 1702307
              ->  Hash  (cost=61283.27..61283.27 rows=2528527 width=4) (actual time=1932.694..1932.694 rows=2528312 loops=1)
                    Buckets: 131072  Batches: 64  Memory Usage: 2415kB
                    ->  Seq Scan on title t  (cost=0.00..61283.27 rows=2528527 width=4) (actual time=0.020..1076.254 rows=2528312 loops=1)
Planning time: 1.164 ms
Execution time: 30040.017 ms
