Nested Loop  (cost=0.43..83072.90 rows=132 width=0) (actual time=250.101..1483.807 rows=103 loops=1)
  ->  Seq Scan on movie_keyword mk  (cost=0.00..81003.12 rows=246 width=4) (actual time=0.138..1384.687 rows=2885 loops=1)
        Filter: (keyword_id = 2102)
        Rows Removed by Filter: 4521045
  ->  Index Scan using title_pkey on title t  (cost=0.43..8.40 rows=1 width=4) (actual time=0.034..0.034 rows=0 loops=2885)
        Index Cond: (id = mk.movie_id)
        Filter: ((production_year > 1959) AND (kind_id = 7))
        Rows Removed by Filter: 1
Planning time: 0.773 ms
Execution time: 1483.995 ms
