Seq Scan on cast_info ci  (cost=0.00..705507.15 rows=3514850 width=0) (actual time=6119.137..10889.789 rows=3511739 loops=1)
  Filter: (person_id > 3422487)
  Rows Removed by Filter: 32732605
Planning time: 1.257 ms
Execution time: 11339.982 ms
