Seq Scan on movie_keyword mk  (cost=0.00..81003.12 rows=246 width=0) (actual time=12.028..1395.565 rows=48 loops=1)
  Filter: (keyword_id = 28667)
  Rows Removed by Filter: 4523882
Planning time: 0.360 ms
Execution time: 1395.702 ms
