Seq Scan on movie_keyword mk  (cost=0.00..81003.12 rows=1230314 width=0) (actual time=0.025..1458.561 rows=1241662 loops=1)
  Filter: (keyword_id > 14566)
  Rows Removed by Filter: 3282268
Planning time: 0.734 ms
Execution time: 1615.721 ms
