Hash Join  (cost=162729.85..536556.37 rows=244739 width=0) (actual time=4093.586..10744.616 rows=170869 loops=1)
  Hash Cond: (mi.movie_id = t.id)
  ->  Seq Scan on movie_info mi  (cost=0.00..346232.03 rows=2073893 width=4) (actual time=0.018..5701.984 rows=2091068 loops=1)
        Filter: (info_type_id < 3)
        Rows Removed by Filter: 12744652
  ->  Hash  (cost=157833.98..157833.98 rows=298390 width=8) (actual time=4092.753..4092.753 rows=167483 loops=1)
        Buckets: 131072  Batches: 4  Memory Usage: 2689kB
        ->  Hash Join  (cost=78670.55..157833.98 rows=298390 width=8) (actual time=1255.650..4033.881 rows=167483 loops=1)
              Hash Cond: (mc.movie_id = t.id)
              ->  Seq Scan on movie_companies mc  (cost=0.00..44881.29 rows=2609129 width=4) (actual time=0.020..859.565 rows=2609129 loops=1)
              ->  Hash  (cost=73925.90..73925.90 rows=289172 width=4) (actual time=1253.563..1253.563 rows=292674 loops=1)
                    Buckets: 131072  Batches: 4  Memory Usage: 3617kB
                    ->  Seq Scan on title t  (cost=0.00..73925.90 rows=289172 width=4) (actual time=0.023..1160.317 rows=292674 loops=1)
                          Filter: ((kind_id > 1) AND (production_year > 2010))
                          Rows Removed by Filter: 2235638
Planning time: 2.219 ms
Execution time: 10766.258 ms
