Hash Join  (cost=94978.31..187448.61 rows=168237 width=0) (actual time=1870.703..3645.314 rows=230542 loops=1)
  Hash Cond: (mk.movie_id = t.id)
  ->  Seq Scan on movie_keyword mk  (cost=0.00..81003.12 rows=254961 width=4) (actual time=0.028..1258.892 rows=272446 loops=1)
        Filter: (keyword_id < 231)
        Rows Removed by Filter: 4251484
  ->  Hash  (cost=67604.59..67604.59 rows=1668458 width=4) (actual time=1869.456..1869.456 rows=1671292 loops=1)
        Buckets: 131072  Batches: 32  Memory Usage: 2866kB
        ->  Seq Scan on title t  (cost=0.00..67604.59 rows=1668458 width=4) (actual time=0.021..1312.689 rows=1671292 loops=1)
              Filter: (production_year < 2008)
              Rows Removed by Filter: 857020
Planning time: 0.788 ms
Execution time: 3673.534 ms
