Seq Scan on title t  (cost=0.00..73925.90 rows=352841 width=0) (actual time=0.029..1322.925 rows=371999 loops=1)
  Filter: ((kind_id > 3) AND (production_year > 2009))
  Rows Removed by Filter: 2156313
Planning time: 1.069 ms
Execution time: 1371.581 ms
