Hash Join  (cost=83810.17..151313.43 rows=144355 width=0) (actual time=1518.048..2890.165 rows=247025 loops=1)
  Hash Cond: (mc.movie_id = t.id)
  ->  Seq Scan on movie_companies mc  (cost=0.00..57926.93 rows=369540 width=4) (actual time=0.015..932.017 rows=525880 loops=1)
        Filter: ((company_id < 1453) AND (company_type_id = 1))
        Rows Removed by Filter: 2083249
  ->  Hash  (cost=67604.59..67604.59 rows=987727 width=4) (actual time=1516.271..1516.271 rows=985048 loops=1)
        Buckets: 131072  Batches: 16  Memory Usage: 3188kB
        ->  Seq Scan on title t  (cost=0.00..67604.59 rows=987727 width=4) (actual time=0.017..1221.930 rows=985048 loops=1)
              Filter: (kind_id < 7)
              Rows Removed by Filter: 1543264
Planning time: 2.605 ms
Execution time: 2916.718 ms
