Seq Scan on movie_keyword mk  (cost=0.00..81003.12 rows=2200858 width=0) (actual time=0.018..1444.204 rows=2198142 loops=1)
  Filter: (keyword_id > 5085)
  Rows Removed by Filter: 2325788
Planning time: 0.367 ms
Execution time: 1717.046 ms
