Hash Join  (cost=453388.36..1298601.91 rows=386035 width=0) (actual time=8415.504..25406.248 rows=1447960 loops=1)
  Hash Cond: (ci.movie_id = t.id)
  ->  Seq Scan on cast_info ci  (cost=0.00..614943.12 rows=36225612 width=4) (actual time=0.012..7638.935 rows=36244344 loops=1)
  ->  Hash  (cost=453051.55..453051.55 rows=26945 width=8) (actual time=8414.965..8414.965 rows=39799 loops=1)
        Buckets: 65536 (originally 32768)  Batches: 1 (originally 1)  Memory Usage: 2067kB
        ->  Hash Join  (cost=74024.09..453051.55 rows=26945 width=8) (actual time=1806.534..8395.823 rows=39799 loops=1)
              Hash Cond: (mi.movie_id = t.id)
              ->  Seq Scan on movie_info mi  (cost=0.00..346232.03 rows=8673596 width=4) (actual time=796.003..5899.033 rows=8786582 loops=1)
                    Filter: (info_type_id < 13)
                    Rows Removed by Filter: 6049138
              ->  Hash  (cost=73925.90..73925.90 rows=7855 width=4) (actual time=1006.098..1006.098 rows=5336 loops=1)
                    Buckets: 8192  Batches: 1  Memory Usage: 252kB
                    ->  Seq Scan on title t  (cost=0.00..73925.90 rows=7855 width=4) (actual time=261.131..1003.620 rows=5336 loops=1)
                          Filter: ((kind_id = 1) AND (production_year = 1994))
                          Rows Removed by Filter: 2522976
Planning time: 1.120 ms
Execution time: 25576.995 ms
