Hash Join  (cost=536081.57..641273.99 rows=1949950 width=0) (actual time=10538.317..16977.785 rows=18739405 loops=1)
  Hash Cond: (mc.movie_id = t.id)
  ->  Seq Scan on movie_companies mc  (cost=0.00..44881.29 rows=2609129 width=4) (actual time=0.023..857.807 rows=2609129 loops=1)
  ->  Hash  (cost=505078.18..505078.18 rows=1889711 width=8) (actual time=10537.464..10537.464 rows=1912590 loops=1)
        Buckets: 131072  Batches: 32  Memory Usage: 3212kB
        ->  Hash Join  (cost=103324.96..505078.18 rows=1889711 width=8) (actual time=3326.224..10023.494 rows=1912590 loops=1)
              Hash Cond: (mi.movie_id = t.id)
              ->  Seq Scan on movie_info mi  (cost=0.00..346232.03 rows=2194617 width=4) (actual time=1176.130..5633.163 rows=2233850 loops=1)
                    Filter: (info_type_id > 16)
                    Rows Removed by Filter: 12601870
              ->  Hash  (cost=67604.59..67604.59 rows=2177230 width=4) (actual time=2127.226..2127.226 rows=2171163 loops=1)
                    Buckets: 131072  Batches: 32  Memory Usage: 3421kB
                    ->  Seq Scan on title t  (cost=0.00..67604.59 rows=2177230 width=4) (actual time=0.031..1398.212 rows=2171163 loops=1)
                          Filter: (production_year > 1963)
                          Rows Removed by Filter: 357149
Planning time: 0.850 ms
Execution time: 18986.878 ms
