Seq Scan on title t  (cost=0.00..73925.90 rows=1402231 width=0) (actual time=0.008..1332.219 rows=1476468 loops=1)
  Filter: ((production_year > 1949) AND (kind_id = 7))
  Rows Removed by Filter: 1051844
Planning time: 0.310 ms
Execution time: 1514.949 ms
