Hash Join  (cost=908558.35..1034855.21 rows=352482 width=0) (actual time=16135.221..19153.339 rows=397882 loops=1)
  Hash Cond: (mk.movie_id = t.id)
  ->  Seq Scan on movie_keyword mk  (cost=0.00..69693.30 rows=4523930 width=4) (actual time=0.020..1313.062 rows=4523930 loops=1)
  ->  Hash  (cost=905325.72..905325.72 rows=197010 width=8) (actual time=16134.239..16134.239 rows=233047 loops=1)
        Buckets: 131072  Batches: 4  Memory Usage: 3290kB
        ->  Hash Join  (cost=97651.71..905325.72 rows=197010 width=8) (actual time=7053.437..16058.840 rows=233047 loops=1)
              Hash Cond: (ci.movie_id = t.id)
              ->  Seq Scan on cast_info ci  (cost=0.00..796071.18 rows=344464 width=4) (actual time=5011.898..13105.972 rows=651256 loops=1)
                    Filter: ((person_id > 2254829) AND (role_id = 5))
                    Rows Removed by Filter: 35593088
              ->  Hash  (cost=73925.90..73925.90 rows=1446144 width=4) (actual time=2040.113..2040.113 rows=1429781 loops=1)
                    Buckets: 131072  Batches: 32  Memory Usage: 2594kB
                    ->  Seq Scan on title t  (cost=0.00..73925.90 rows=1446144 width=4) (actual time=0.029..1590.427 rows=1429781 loops=1)
                          Filter: ((kind_id > 2) AND (production_year < 2011))
                          Rows Removed by Filter: 1098531
Planning time: 1.256 ms
Execution time: 19198.246 ms
