Seq Scan on movie_keyword mk  (cost=0.00..81003.12 rows=246 width=0) (actual time=0.230..1424.576 rows=2175 loops=1)
  Filter: (keyword_id = 12109)
  Rows Removed by Filter: 4521755
Planning time: 0.329 ms
Execution time: 1425.285 ms
