Hash Join  (cost=73980.27..438889.71 rows=25351 width=0) (actual time=1036.755..8542.088 rows=66976 loops=1)
  Hash Cond: (mi.movie_id = t.id)
  ->  Seq Scan on movie_info mi  (cost=0.00..309384.22 rows=14739122 width=4) (actual time=0.020..4331.420 rows=14835720 loops=1)
  ->  Hash  (cost=73925.90..73925.90 rows=4349 width=4) (actual time=1036.644..1036.644 rows=8831 loops=1)
        Buckets: 16384 (originally 8192)  Batches: 1 (originally 1)  Memory Usage: 439kB
        ->  Seq Scan on title t  (cost=0.00..73925.90 rows=4349 width=4) (actual time=142.540..1032.786 rows=8831 loops=1)
              Filter: ((kind_id = 4) AND (production_year = 2005))
              Rows Removed by Filter: 2519481
Planning time: 0.819 ms
Execution time: 8553.688 ms
