Hash Join  (cost=178425.04..1306261.35 rows=9153714 width=0) (actual time=4240.151..46116.651 rows=44240450 loops=1)
  Hash Cond: (ci.movie_id = t.id)
  ->  Seq Scan on cast_info ci  (cost=0.00..614943.12 rows=36225612 width=4) (actual time=0.023..13184.598 rows=36244344 loops=1)
  ->  Hash  (cost=167942.49..167942.49 rows=638924 width=8) (actual time=4238.883..4238.883 rows=1337670 loops=1)
        Buckets: 131072 (originally 131072)  Batches: 32 (originally 16)  Memory Usage: 3073kB
        ->  Hash Join  (cost=84084.73..167942.49 rows=638924 width=8) (actual time=1386.369..3898.293 rows=1337670 loops=1)
              Hash Cond: (mc.movie_id = t.id)
              ->  Seq Scan on movie_companies mc  (cost=0.00..44881.29 rows=2609129 width=4) (actual time=0.027..861.819 rows=2609129 loops=1)
              ->  Hash  (cost=73925.90..73925.90 rows=619186 width=4) (actual time=1385.417..1385.417 rows=634771 loops=1)
                    Buckets: 131072  Batches: 16  Memory Usage: 2418kB
                    ->  Seq Scan on title t  (cost=0.00..73925.90 rows=619186 width=4) (actual time=0.030..1189.636 rows=634771 loops=1)
                          Filter: ((kind_id < 3) AND (production_year < 2011))
                          Rows Removed by Filter: 1893541
Planning time: 1.337 ms
Execution time: 51076.264 ms
