Hash Join  (cost=102767.86..227937.92 rows=1424919 width=0) (actual time=2011.519..5040.645 rows=1438203 loops=1)
  Hash Cond: (mk.movie_id = t.id)
  ->  Seq Scan on movie_keyword mk  (cost=0.00..81003.12 rows=1424919 width=4) (actual time=0.028..1551.041 rows=1438203 loops=1)
        Filter: (keyword_id > 11626)
        Rows Removed by Filter: 3085727
  ->  Hash  (cost=61283.27..61283.27 rows=2528527 width=4) (actual time=2010.798..2010.798 rows=2528312 loops=1)
        Buckets: 131072  Batches: 64  Memory Usage: 2425kB
        ->  Seq Scan on title t  (cost=0.00..61283.27 rows=2528527 width=4) (actual time=0.020..1151.867 rows=2528312 loops=1)
Planning time: 2.430 ms
Execution time: 5207.718 ms
