Seq Scan on cast_info ci  (cost=0.00..796071.18 rows=709999 width=0) (actual time=2968.410..11947.713 rows=1205566 loops=1)
  Filter: ((person_id > 2764564) AND (role_id = 4))
  Rows Removed by Filter: 35038778
Planning time: 0.423 ms
Execution time: 12094.958 ms
