Seq Scan on movie_keyword mk  (cost=0.00..81003.12 rows=1714944 width=0) (actual time=0.016..1506.846 rows=1722382 loops=1)
  Filter: (keyword_id > 8232)
  Rows Removed by Filter: 2801548
Planning time: 0.433 ms
Execution time: 1718.133 ms
