Nested Loop  (cost=0.43..709674.40 rows=92 width=0) (actual time=10537.326..10921.226 rows=62 loops=1)
  ->  Seq Scan on cast_info ci  (cost=0.00..705507.15 rows=500 width=4) (actual time=10537.232..10918.160 rows=237 loops=1)
        Filter: (person_id = 1469753)
        Rows Removed by Filter: 36244107
  ->  Index Scan using title_pkey on title t  (cost=0.43..8.32 rows=1 width=4) (actual time=0.012..0.012 rows=0 loops=237)
        Index Cond: (id = ci.movie_id)
        Filter: ((kind_id < 7) AND (production_year > 2003))
        Rows Removed by Filter: 1
Planning time: 0.814 ms
Execution time: 10921.357 ms
