Hash Join  (cost=187347.63..327496.49 rows=1489482 width=0) (actual time=4706.385..14853.236 rows=31388716 loops=1)
  Hash Cond: (mk.movie_id = t.id)
  ->  Seq Scan on movie_keyword mk  (cost=0.00..69693.30 rows=4523930 width=4) (actual time=0.013..1461.342 rows=4523930 loops=1)
  ->  Hash  (cost=173689.32..173689.32 rows=832505 width=8) (actual time=4705.071..4705.071 rows=1691571 loops=1)
        Buckets: 131072 (originally 131072)  Batches: 32 (originally 16)  Memory Usage: 3165kB
        ->  Hash Join  (cost=87162.74..173689.32 rows=832505 width=8) (actual time=1514.504..4228.878 rows=1691571 loops=1)
              Hash Cond: (mc.movie_id = t.id)
              ->  Seq Scan on movie_companies mc  (cost=0.00..44881.29 rows=2609129 width=4) (actual time=0.019..855.791 rows=2609129 loops=1)
              ->  Hash  (cost=73925.90..73925.90 rows=806787 width=4) (actual time=1513.540..1513.540 rows=843018 loops=1)
                    Buckets: 131072  Batches: 16  Memory Usage: 2879kB
                    ->  Seq Scan on title t  (cost=0.00..73925.90 rows=806787 width=4) (actual time=0.023..1253.191 rows=843018 loops=1)
                          Filter: ((kind_id < 7) AND (production_year < 2011))
                          Rows Removed by Filter: 1685294
Planning time: 1.150 ms
Execution time: 18154.476 ms
