Hash Join  (cost=83072.94..109983.44 rows=1 width=0) (actual time=1270.494..1795.502 rows=115 loops=1)
  Hash Cond: (mi_idx.movie_id = t.id)
  ->  Seq Scan on movie_info_idx mi_idx  (cost=0.00..21735.35 rows=1380035 width=4) (actual time=0.024..309.712 rows=1380035 loops=1)
  ->  Hash  (cost=83072.90..83072.90 rows=3 width=8) (actual time=1242.202..1242.202 rows=39 loops=1)
        Buckets: 1024  Batches: 1  Memory Usage: 10kB
        ->  Nested Loop  (cost=0.43..83072.90 rows=3 width=8) (actual time=5.545..1242.128 rows=39 loops=1)
              ->  Seq Scan on movie_keyword mk  (cost=0.00..81003.12 rows=246 width=4) (actual time=0.022..1193.825 rows=1409 loops=1)
                    Filter: (keyword_id = 795)
                    Rows Removed by Filter: 4522521
              ->  Index Scan using title_pkey on title t  (cost=0.43..8.40 rows=1 width=4) (actual time=0.033..0.033 rows=0 loops=1409)
                    Index Cond: (id = mk.movie_id)
                    Filter: ((kind_id < 7) AND (production_year = 2003))
                    Rows Removed by Filter: 1
Planning time: 1.096 ms
Execution time: 1795.677 ms
