Hash Join  (cost=477178.15..634029.61 rows=539586 width=0) (actual time=11711.164..16079.971 rows=5573530 loops=1)
  Hash Cond: (mk.movie_id = t.id)
  ->  Seq Scan on movie_keyword mk  (cost=0.00..69693.30 rows=4523930 width=4) (actual time=0.030..1449.668 rows=4523930 loops=1)
  ->  Hash  (cost=472229.31..472229.31 rows=301587 width=8) (actual time=11708.439..11708.439 rows=286156 loops=1)
        Buckets: 131072  Batches: 4  Memory Usage: 3820kB
        ->  Hash Join  (cost=68257.79..472229.31 rows=301587 width=8) (actual time=1073.406..11575.308 rows=286156 loops=1)
              Hash Cond: (mi.movie_id = t.id)
              ->  Seq Scan on movie_info mi  (cost=0.00..346232.03 rows=14592968 width=4) (actual time=0.024..6634.641 rows=14637966 loops=1)
                    Filter: (info_type_id < 107)
                    Rows Removed by Filter: 197754
              ->  Hash  (cost=67604.59..67604.59 rows=52256 width=4) (actual time=1070.883..1070.883 rows=53013 loops=1)
                    Buckets: 65536  Batches: 1  Memory Usage: 2376kB
                    ->  Seq Scan on title t  (cost=0.00..67604.59 rows=52256 width=4) (actual time=0.026..1048.398 rows=53013 loops=1)
                          Filter: (production_year = 2000)
                          Rows Removed by Filter: 2475299
Planning time: 0.732 ms
Execution time: 16736.284 ms
