Hash Join  (cost=130043.83..851207.32 rows=66347 width=0) (actual time=2954.895..16308.444 rows=81084 loops=1)
  Hash Cond: (ci.movie_id = t.id)
  ->  Seq Scan on cast_info ci  (cost=0.00..705507.15 rows=3998100 width=4) (actual time=653.112..13155.645 rows=4008037 loops=1)
        Filter: (role_id = 3)
        Rows Removed by Filter: 32236307
  ->  Hash  (cost=129519.33..129519.33 rows=41960 width=8) (actual time=2301.222..2301.222 rows=13319 loops=1)
        Buckets: 65536  Batches: 1  Memory Usage: 1033kB
        ->  Hash Join  (cost=74434.21..129519.33 rows=41960 width=8) (actual time=1046.675..2295.767 rows=13319 loops=1)
              Hash Cond: (mc.movie_id = t.id)
              ->  Seq Scan on movie_companies mc  (cost=0.00..44881.29 rows=2609129 width=4) (actual time=0.022..645.850 rows=2609129 loops=1)
              ->  Hash  (cost=73925.90..73925.90 rows=40664 width=4) (actual time=964.865..964.865 rows=40257 loops=1)
                    Buckets: 65536  Batches: 1  Memory Usage: 1928kB
                    ->  Seq Scan on title t  (cost=0.00..73925.90 rows=40664 width=4) (actual time=0.058..945.247 rows=40257 loops=1)
                          Filter: ((production_year > 2012) AND (kind_id = 7))
                          Rows Removed by Filter: 2488055
Planning time: 1.079 ms
Execution time: 16319.413 ms
