Hash Join  (cost=67697.55..432786.99 rows=43351 width=0) (actual time=1045.436..8717.599 rows=77828 loops=1)
  Hash Cond: (mi.movie_id = t.id)
  ->  Seq Scan on movie_info mi  (cost=0.00..309384.22 rows=14739122 width=4) (actual time=0.008..4370.385 rows=14835720 loops=1)
  ->  Hash  (cost=67604.59..67604.59 rows=7437 width=4) (actual time=1045.106..1045.106 rows=9491 loops=1)
        Buckets: 16384 (originally 8192)  Batches: 1 (originally 1)  Memory Usage: 462kB
        ->  Seq Scan on title t  (cost=0.00..67604.59 rows=7437 width=4) (actual time=0.111..1039.881 rows=9491 loops=1)
              Filter: (production_year = 1957)
              Rows Removed by Filter: 2518821
Planning time: 0.763 ms
Execution time: 8730.937 ms
