Seq Scan on cast_info ci  (cost=0.00..796071.18 rows=809203 width=0) (actual time=5635.533..10583.615 rows=2454227 loops=1)
  Filter: ((person_id > 3584363) AND (role_id > 3))
  Rows Removed by Filter: 33790117
Planning time: 0.341 ms
Execution time: 10898.216 ms
