Seq Scan on movie_keyword mk  (cost=0.00..81003.12 rows=2057232 width=0) (actual time=0.030..1460.100 rows=2066242 loops=1)
  Filter: (keyword_id < 3664)
  Rows Removed by Filter: 2457688
Planning time: 0.352 ms
Execution time: 1713.447 ms
