Seq Scan on title t  (cost=0.00..73925.90 rows=44448 width=0) (actual time=0.023..715.935 rows=117855 loops=1)
  Filter: ((kind_id < 7) AND (production_year < 1931))
  Rows Removed by Filter: 2410457
Planning time: 0.301 ms
Execution time: 729.470 ms
