Seq Scan on movie_keyword mk  (cost=0.00..81003.12 rows=4199612 width=0) (actual time=0.020..1543.319 rows=4202601 loops=1)
  Filter: (keyword_id < 50931)
  Rows Removed by Filter: 321329
Planning time: 0.280 ms
Execution time: 2066.982 ms
