Hash Join  (cost=222645.70..310216.74 rows=908251 width=0) (actual time=4902.594..8542.145 rows=6190328 loops=1)
  Hash Cond: (mc.movie_id = t.id)
  ->  Seq Scan on movie_companies mc  (cost=0.00..44881.29 rows=2609129 width=4) (actual time=0.021..954.746 rows=2609129 loops=1)
  ->  Hash  (cost=208204.29..208204.29 rows=880193 width=8) (actual time=4901.810..4901.810 rows=756334 loops=1)
        Buckets: 131072  Batches: 16  Memory Usage: 2935kB
        ->  Hash Join  (cost=94666.80..208204.29 rows=880193 width=8) (actual time=2019.319..4680.884 rows=756334 loops=1)
              Hash Cond: (mk.movie_id = t.id)
              ->  Seq Scan on movie_keyword mk  (cost=0.00..81003.12 rows=1349287 width=4) (actual time=0.021..1535.579 rows=1358838 loops=1)
                    Filter: (keyword_id > 12346)
                    Rows Removed by Filter: 3165092
              ->  Hash  (cost=67604.59..67604.59 rows=1649457 width=4) (actual time=2017.360..2017.360 rows=1643514 loops=1)
                    Buckets: 131072  Batches: 32  Memory Usage: 2839kB
                    ->  Seq Scan on title t  (cost=0.00..67604.59 rows=1649457 width=4) (actual time=0.033..1480.224 rows=1643514 loops=1)
                          Filter: (production_year > 1994)
                          Rows Removed by Filter: 884798
Planning time: 3.224 ms
Execution time: 9264.853 ms
