Hash Join  (cost=280847.79..1597023.35 rows=25685598 width=0) (actual time=6836.568..58408.556 rows=100311934 loops=1)
  Hash Cond: (ci.movie_id = t.id)
  ->  Seq Scan on cast_info ci  (cost=0.00..705507.15 rows=26877886 width=4) (actual time=0.029..15483.243 rows=26910968 loops=1)
        Filter: (person_id < 2768799)
        Rows Removed by Filter: 9333376
  ->  Hash  (cost=241204.26..241204.26 rows=2416363 width=8) (actual time=6834.075..6834.075 rows=3071682 loops=1)
        Buckets: 131072 (originally 131072)  Batches: 64 (originally 32)  Memory Usage: 3073kB
        ->  Hash Join  (cost=89762.59..241204.26 rows=2416363 width=8) (actual time=1568.385..5963.532 rows=3071682 loops=1)
              Hash Cond: (mk.movie_id = t.id)
              ->  Seq Scan on movie_keyword mk  (cost=0.00..69693.30 rows=4523930 width=4) (actual time=0.012..1307.204 rows=4523930 loops=1)
              ->  Hash  (cost=67604.59..67604.59 rows=1350560 width=4) (actual time=1566.916..1566.916 rows=1348293 loops=1)
                    Buckets: 131072  Batches: 32  Memory Usage: 2513kB
                    ->  Seq Scan on title t  (cost=0.00..67604.59 rows=1350560 width=4) (actual time=0.023..1113.161 rows=1348293 loops=1)
                          Filter: (production_year < 2005)
                          Rows Removed by Filter: 1180019
Planning time: 1.134 ms
Execution time: 69338.856 ms
