Hash Join  (cost=171645.95..1037205.14 rows=1689341 width=0) (actual time=14731.837..19933.648 rows=1325457 loops=1)
  Hash Cond: (ci.movie_id = t.id)
  ->  Seq Scan on cast_info ci  (cost=0.00..796071.18 rows=4205493 width=4) (actual time=10686.250..14160.205 rows=2776962 loops=1)
        Filter: ((person_id < 2090355) AND (role_id = 2))
        Rows Removed by Filter: 33467382
  ->  Hash  (cost=154981.62..154981.62 rows=1015706 width=8) (actual time=4044.303..4044.303 rows=750135 loops=1)
        Buckets: 131072  Batches: 16  Memory Usage: 2867kB
        ->  Hash Join  (cost=98137.04..154981.62 rows=1015706 width=8) (actual time=2070.972..3823.219 rows=750135 loops=1)
              Hash Cond: (mi_idx.movie_id = t.id)
              ->  Seq Scan on movie_info_idx mi_idx  (cost=0.00..21735.35 rows=1380035 width=4) (actual time=0.033..502.181 rows=1380035 loops=1)
              ->  Hash  (cost=67604.59..67604.59 rows=1860996 width=4) (actual time=2070.101..2070.101 rows=1865487 loops=1)
                    Buckets: 131072  Batches: 32  Memory Usage: 3079kB
                    ->  Seq Scan on title t  (cost=0.00..67604.59 rows=1860996 width=4) (actual time=0.025..1484.236 rows=1865487 loops=1)
                          Filter: (kind_id > 1)
                          Rows Removed by Filter: 662825
Planning time: 2.177 ms
Execution time: 20087.865 ms
