Hash Join  (cost=521607.22..619379.03 rows=1304606 width=0) (actual time=9742.302..13870.164 rows=3079366 loops=1)
  Hash Cond: (mc.movie_id = t.id)
  ->  Seq Scan on movie_companies mc  (cost=0.00..51404.11 rows=2128126 width=4) (actual time=0.015..1121.462 rows=2134071 loops=1)
        Filter: (company_id > 419)
        Rows Removed by Filter: 475058
  ->  Hash  (cost=496176.42..496176.42 rows=1550064 width=8) (actual time=9740.501..9740.501 rows=1533909 loops=1)
        Buckets: 131072  Batches: 32  Memory Usage: 2883kB
        ->  Hash Join  (cost=102767.86..496176.42 rows=1550064 width=8) (actual time=5159.132..9314.833 rows=1533909 loops=1)
              Hash Cond: (mi.movie_id = t.id)
              ->  Seq Scan on movie_info mi  (cost=0.00..346232.03 rows=1550064 width=4) (actual time=3213.083..5702.855 rows=1533909 loops=1)
                    Filter: (info_type_id = 3)
                    Rows Removed by Filter: 13301811
              ->  Hash  (cost=61283.27..61283.27 rows=2528527 width=4) (actual time=1945.016..1945.016 rows=2528312 loops=1)
                    Buckets: 131072  Batches: 64  Memory Usage: 2425kB
                    ->  Seq Scan on title t  (cost=0.00..61283.27 rows=2528527 width=4) (actual time=0.013..1078.023 rows=2528312 loops=1)
Planning time: 0.869 ms
Execution time: 14235.074 ms
