Hash Join  (cost=172925.79..260734.49 rows=115066 width=0) (actual time=3325.041..5892.465 rows=391619 loops=1)
  Hash Cond: (mk.movie_id = t.id)
  ->  Seq Scan on movie_keyword mk  (cost=0.00..69693.30 rows=4523930 width=4) (actual time=0.023..1053.516 rows=4523930 loops=1)
  ->  Hash  (cost=172121.88..172121.88 rows=64313 width=8) (actual time=3323.150..3323.150 rows=111266 loops=1)
        Buckets: 131072 (originally 65536)  Batches: 2 (originally 1)  Memory Usage: 3195kB
        ->  Hash Join  (cost=102767.86..172121.88 rows=64313 width=8) (actual time=2378.701..3279.784 rows=111266 loops=1)
              Hash Cond: (mc.movie_id = t.id)
              ->  Seq Scan on movie_companies mc  (cost=0.00..57926.93 rows=64313 width=4) (actual time=434.516..873.416 rows=111266 loops=1)
                    Filter: ((company_id < 27) AND (company_type_id = 1))
                    Rows Removed by Filter: 2497863
              ->  Hash  (cost=61283.27..61283.27 rows=2528527 width=4) (actual time=1942.828..1942.828 rows=2528312 loops=1)
                    Buckets: 131072  Batches: 64  Memory Usage: 2415kB
                    ->  Seq Scan on title t  (cost=0.00..61283.27 rows=2528527 width=4) (actual time=0.023..1095.399 rows=2528312 loops=1)
Planning time: 1.224 ms
Execution time: 5941.466 ms
