Hash Join  (cost=74261.62..423615.90 rows=8600 width=0) (actual time=3909.613..6820.446 rows=4804 loops=1)
  Hash Cond: (mi.movie_id = t.id)
  ->  Seq Scan on movie_info mi  (cost=0.00..346232.03 rows=809669 width=4) (actual time=2784.153..5506.070 rows=802140 loops=1)
        Filter: (info_type_id = 1)
        Rows Removed by Filter: 14033580
  ->  Hash  (cost=73925.90..73925.90 rows=26857 width=4) (actual time=1124.744..1124.744 rows=28570 loops=1)
        Buckets: 32768  Batches: 1  Memory Usage: 1261kB
        ->  Seq Scan on title t  (cost=0.00..73925.90 rows=26857 width=4) (actual time=0.043..1112.288 rows=28570 loops=1)
              Filter: ((kind_id > 3) AND (production_year = 1997))
              Rows Removed by Filter: 2499742
Planning time: 0.710 ms
Execution time: 6821.400 ms
