Hash Join  (cost=84497.07..590090.23 rows=2832427 width=0) (actual time=1407.564..14973.944 rows=4146044 loops=1)
  Hash Cond: (mi.movie_id = t.id)
  ->  Seq Scan on movie_info mi  (cost=0.00..346232.03 rows=11115165 width=4) (actual time=0.020..7091.248 rows=11210743 loops=1)
        Filter: (info_type_id > 3)
        Rows Removed by Filter: 3624977
  ->  Hash  (cost=73925.90..73925.90 rows=644333 width=4) (actual time=1406.556..1406.556 rows=544419 loops=1)
        Buckets: 131072  Batches: 16  Memory Usage: 2223kB
        ->  Seq Scan on title t  (cost=0.00..73925.90 rows=644333 width=4) (actual time=0.024..1232.603 rows=544419 loops=1)
              Filter: ((kind_id < 7) AND (production_year > 1994))
              Rows Removed by Filter: 1983893
Planning time: 1.450 ms
Execution time: 15451.753 ms
