Seq Scan on movie_keyword mk  (cost=0.00..81003.12 rows=250510 width=0) (actual time=0.018..1262.756 rows=268261 loops=1)
  Filter: (keyword_id < 230)
  Rows Removed by Filter: 4255669
Planning time: 0.322 ms
Execution time: 1299.443 ms
