Hash Join  (cost=83072.95..109983.45 rows=2 width=0) (actual time=1450.677..1643.977 rows=27 loops=1)
  Hash Cond: (mi_idx.movie_id = t.id)
  ->  Seq Scan on movie_info_idx mi_idx  (cost=0.00..21735.35 rows=1380035 width=4) (actual time=0.014..276.991 rows=1380035 loops=1)
  ->  Hash  (cost=83072.90..83072.90 rows=4 width=8) (actual time=1119.885..1119.885 rows=15 loops=1)
        Buckets: 1024  Batches: 1  Memory Usage: 9kB
        ->  Nested Loop  (cost=0.43..83072.90 rows=4 width=8) (actual time=939.416..1119.854 rows=15 loops=1)
              ->  Seq Scan on movie_keyword mk  (cost=0.00..81003.12 rows=246 width=4) (actual time=0.021..1078.038 rows=1705 loops=1)
                    Filter: (keyword_id = 4032)
                    Rows Removed by Filter: 4522225
              ->  Index Scan using title_pkey on title t  (cost=0.43..8.40 rows=1 width=4) (actual time=0.024..0.024 rows=0 loops=1705)
                    Index Cond: (id = mk.movie_id)
                    Filter: ((kind_id = 7) AND (production_year = 2002))
                    Rows Removed by Filter: 1
Planning time: 0.785 ms
Execution time: 1644.086 ms
