Seq Scan on movie_keyword mk  (cost=0.00..81003.12 rows=3654762 width=0) (actual time=0.024..1661.102 rows=3646494 loops=1)
  Filter: (keyword_id < 21026)
  Rows Removed by Filter: 877436
Planning time: 0.332 ms
Execution time: 2114.317 ms
