Seq Scan on movie_companies mc  (cost=0.00..51404.11 rows=104 width=0) (actual time=2.779..870.251 rows=606 loops=1)
  Filter: (company_id = 59)
  Rows Removed by Filter: 2608523
Planning time: 0.371 ms
Execution time: 870.488 ms
