Seq Scan on movie_keyword mk  (cost=0.00..81003.12 rows=246 width=0) (actual time=0.019..874.869 rows=1188 loops=1)
  Filter: (keyword_id = 3339)
  Rows Removed by Filter: 4522742
Planning time: 0.371 ms
Execution time: 875.317 ms
