Hash Join  (cost=137734.95..216814.17 rows=292269 width=0) (actual time=2696.834..4575.205 rows=312131 loops=1)
  Hash Cond: (mc.movie_id = t.id)
  ->  Seq Scan on movie_companies mc  (cost=0.00..44881.29 rows=2609129 width=4) (actual time=0.023..865.405 rows=2609129 loops=1)
  ->  Hash  (cost=133087.45..133087.45 rows=283240 width=8) (actual time=2695.939..2695.939 rows=147460 loops=1)
        Buckets: 131072  Batches: 4  Memory Usage: 2462kB
        ->  Hash Join  (cost=93093.72..133087.45 rows=283240 width=8) (actual time=1683.804..2650.958 rows=147460 loops=1)
              Hash Cond: (mi_idx.movie_id = t.id)
              ->  Seq Scan on movie_info_idx mi_idx  (cost=0.00..25185.44 rows=460978 width=4) (actual time=0.015..442.625 rows=459925 loops=1)
                    Filter: (info_type_id = 99)
                    Rows Removed by Filter: 920110
              ->  Hash  (cost=67604.59..67604.59 rows=1553611 width=4) (actual time=1679.085..1679.085 rows=1555864 loops=1)
                    Buckets: 131072  Batches: 32  Memory Usage: 2734kB
                    ->  Seq Scan on title t  (cost=0.00..67604.59 rows=1553611 width=4) (actual time=0.011..1202.389 rows=1555864 loops=1)
                          Filter: (kind_id > 4)
                          Rows Removed by Filter: 972448
Planning time: 1.167 ms
Execution time: 4605.689 ms
