Seq Scan on title t  (cost=0.00..67604.59 rows=926493 width=0) (actual time=0.022..1192.951 rows=924605 loops=1)
  Filter: (production_year < 1998)
  Rows Removed by Filter: 1603707
Planning time: 0.585 ms
Execution time: 1314.179 ms
