Hash Join  (cost=111156.64..984380.88 rows=239194 width=0) (actual time=2061.516..18384.654 rows=316889 loops=1)
  Hash Cond: (ci.movie_id = t.id)
  ->  Seq Scan on cast_info ci  (cost=0.00..796071.18 rows=6433895 width=4) (actual time=0.025..14458.561 rows=3979251 loops=1)
        Filter: ((person_id < 1409617) AND (role_id > 2))
        Rows Removed by Filter: 32265093
  ->  Hash  (cost=109613.59..109613.59 rows=94004 width=8) (actual time=2060.546..2060.546 rows=109542 loops=1)
        Buckets: 131072  Batches: 2  Memory Usage: 3169kB
        ->  Hash Join  (cost=76192.15..109613.59 rows=94004 width=8) (actual time=1206.802..2019.978 rows=109542 loops=1)
              Hash Cond: (mi_idx.movie_id = t.id)
              ->  Seq Scan on movie_info_idx mi_idx  (cost=0.00..25185.44 rows=454124 width=4) (actual time=0.025..449.806 rows=459925 loops=1)
                    Filter: (info_type_id = 100)
                    Rows Removed by Filter: 920110
              ->  Hash  (cost=67604.59..67604.59 rows=523405 width=4) (actual time=1205.962..1205.962 rows=523734 loops=1)
                    Buckets: 131072  Batches: 8  Memory Usage: 3319kB
                    ->  Seq Scan on title t  (cost=0.00..67604.59 rows=523405 width=4) (actual time=0.027..1041.910 rows=523734 loops=1)
                          Filter: (production_year < 1981)
                          Rows Removed by Filter: 2004578
Planning time: 2.475 ms
Execution time: 18425.743 ms
