Hash Join  (cost=69374.09..181677.38 rows=109803 width=0) (actual time=1027.567..3467.650 rows=103430 loops=1)
  Hash Cond: (mk.movie_id = t.id)
  ->  Seq Scan on movie_keyword mk  (cost=0.00..81003.12 rows=2575502 width=4) (actual time=0.013..1654.495 rows=2563878 loops=1)
        Filter: (keyword_id > 3415)
        Rows Removed by Filter: 1960052
  ->  Hash  (cost=67604.59..67604.59 rows=107800 width=4) (actual time=1019.246..1019.246 rows=108429 loops=1)
        Buckets: 131072  Batches: 2  Memory Usage: 2938kB
        ->  Seq Scan on title t  (cost=0.00..67604.59 rows=107800 width=4) (actual time=0.009..976.267 rows=108429 loops=1)
              Filter: (production_year = 2006)
              Rows Removed by Filter: 2419883
Planning time: 0.783 ms
Execution time: 3480.968 ms
