Hash Join  (cost=1225913.31..2252626.67 rows=39259997 width=0) (actual time=28796.297..77779.419 rows=135959165 loops=1)
  Hash Cond: (mi.movie_id = t.id)
  ->  Seq Scan on movie_info mi  (cost=0.00..346232.03 rows=12665229 width=4) (actual time=0.022..7466.510 rows=12744652 loops=1)
        Filter: (info_type_id > 2)
        Rows Removed by Filter: 2091068
  ->  Hash  (cost=1097320.41..1097320.41 rows=7837992 width=8) (actual time=28793.334..28793.334 rows=9513593 loops=1)
        Buckets: 131072  Batches: 128  Memory Usage: 3919kB
        ->  Hash Join  (cost=102767.86..1097320.41 rows=7837992 width=8) (actual time=2771.021..26009.789 rows=9513593 loops=1)
              Hash Cond: (ci.movie_id = t.id)
              ->  Seq Scan on cast_info ci  (cost=0.00..796071.18 rows=7837992 width=4) (actual time=847.921..15956.444 rows=9513593 loops=1)
                    Filter: ((person_id > 1275954) AND (role_id > 3))
                    Rows Removed by Filter: 26730751
              ->  Hash  (cost=61283.27..61283.27 rows=2528527 width=4) (actual time=1921.417..1921.417 rows=2528312 loops=1)
                    Buckets: 131072  Batches: 64  Memory Usage: 2415kB
                    ->  Seq Scan on title t  (cost=0.00..61283.27 rows=2528527 width=4) (actual time=0.019..1073.544 rows=2528312 loops=1)
Planning time: 1.254 ms
Execution time: 92655.762 ms
