Hash Join  (cost=595189.24..2105408.10 rows=33152965 width=0) (actual time=14573.815..71249.277 rows=79914227 loops=1)
  Hash Cond: (ci.movie_id = t.id)
  ->  Seq Scan on cast_info ci  (cost=0.00..614943.12 rows=36225612 width=4) (actual time=0.007..13650.695 rows=36244344 loops=1)
  ->  Hash  (cost=557223.51..557223.51 rows=2314058 width=8) (actual time=14571.542..14571.542 rows=3378027 loops=1)
        Buckets: 131072 (originally 131072)  Batches: 64 (originally 32)  Memory Usage: 3102kB
        ->  Hash Join  (cost=77934.62..557223.51 rows=2314058 width=8) (actual time=1263.967..13608.899 rows=3378027 loops=1)
              Hash Cond: (mi.movie_id = t.id)
              ->  Seq Scan on movie_info mi  (cost=0.00..346232.03 rows=9293409 width=4) (actual time=0.021..6969.458 rows=9425200 loops=1)
                    Filter: (info_type_id > 5)
                    Rows Removed by Filter: 5410520
              ->  Hash  (cost=67604.59..67604.59 rows=629603 width=4) (actual time=1262.262..1262.262 rows=622851 loops=1)
                    Buckets: 131072  Batches: 16  Memory Usage: 2394kB
                    ->  Seq Scan on title t  (cost=0.00..67604.59 rows=629603 width=4) (actual time=0.028..1054.111 rows=622851 loops=1)
                          Filter: (production_year < 1987)
                          Rows Removed by Filter: 1905461
Planning time: 1.145 ms
Execution time: 79980.804 ms
