Hash Join  (cost=92883.59..259900.85 rows=2578331 width=0) (actual time=2207.098..6105.585 rows=625241 loops=1)
  Hash Cond: (mk.movie_id = t.id)
  ->  Seq Scan on movie_keyword mk  (cost=0.00..81003.12 rows=4231166 width=4) (actual time=0.024..1793.285 rows=4234704 loops=1)
        Filter: (keyword_id < 55481)
        Rows Removed by Filter: 289226
  ->  Hash  (cost=67604.59..67604.59 rows=1540800 width=4) (actual time=1816.057..1816.057 rows=1543264 loops=1)
        Buckets: 131072  Batches: 32  Memory Usage: 2728kB
        ->  Seq Scan on title t  (cost=0.00..67604.59 rows=1540800 width=4) (actual time=0.021..1319.954 rows=1543264 loops=1)
              Filter: (kind_id = 7)
              Rows Removed by Filter: 985048
Planning time: 0.787 ms
Execution time: 6172.148 ms
