Hash Join  (cost=104570.16..493276.61 rows=1381210 width=0) (actual time=7202.722..10252.703 rows=1235625 loops=1)
  Hash Cond: (mi.movie_id = t.id)
  ->  Seq Scan on movie_info mi  (cost=0.00..346232.03 rows=1550064 width=4) (actual time=4308.576..5626.076 rows=1533909 loops=1)
        Filter: (info_type_id = 3)
        Rows Removed by Filter: 13301811
  ->  Hash  (cost=67604.59..67604.59 rows=2253086 width=4) (actual time=2893.054..2893.054 rows=2244594 loops=1)
        Buckets: 131072  Batches: 32  Memory Usage: 3502kB
        ->  Seq Scan on title t  (cost=0.00..67604.59 rows=2253086 width=4) (actual time=0.028..1404.856 rows=2244594 loops=1)
              Filter: (production_year > 1956)
              Rows Removed by Filter: 283718
Planning time: 0.741 ms
Execution time: 10389.201 ms
