Seq Scan on movie_companies mc  (cost=0.00..57926.93 rows=294717 width=0) (actual time=0.049..808.786 rows=156783 loops=1)
  Filter: ((company_id < 624) AND (company_type_id > 1))
  Rows Removed by Filter: 2452346
Planning time: 0.387 ms
Execution time: 827.644 ms
