Hash Join  (cost=74144.62..439820.46 rows=101992 width=0) (actual time=1135.345..8759.062 rows=104611 loops=1)
  Hash Cond: (mi.movie_id = t.id)
  ->  Seq Scan on movie_info mi  (cost=0.00..309384.22 rows=14739122 width=4) (actual time=0.022..4242.347 rows=14835720 loops=1)
  ->  Hash  (cost=73925.90..73925.90 rows=17497 width=4) (actual time=1135.131..1135.131 rows=15533 loops=1)
        Buckets: 32768  Batches: 1  Memory Usage: 803kB
        ->  Seq Scan on title t  (cost=0.00..73925.90 rows=17497 width=4) (actual time=48.406..1128.785 rows=15533 loops=1)
              Filter: ((production_year < 1974) AND (kind_id = 3))
              Rows Removed by Filter: 2512779
Planning time: 0.794 ms
Execution time: 8776.040 ms
