Seq Scan on movie_companies mc  (cost=0.00..51404.11 rows=1349956 width=0) (actual time=0.027..939.352 rows=1338566 loops=1)
  Filter: (company_id < 11435)
  Rows Removed by Filter: 1270563
Planning time: 0.373 ms
Execution time: 1104.555 ms
