Hash Join  (cost=197456.31..340041.80 rows=1689445 width=0) (actual time=4540.914..9615.830 rows=6902316 loops=1)
  Hash Cond: (mk.movie_id = t.id)
  ->  Seq Scan on movie_keyword mk  (cost=0.00..69693.30 rows=4523930 width=4) (actual time=0.011..1537.884 rows=4523930 loops=1)
  ->  Hash  (cost=181963.95..181963.95 rows=944269 width=8) (actual time=4539.398..4539.398 rows=1015686 loops=1)
        Buckets: 131072  Batches: 16  Memory Usage: 3526kB
        ->  Hash Join  (cost=97066.09..181963.95 rows=944269 width=8) (actual time=2044.799..4237.630 rows=1015686 loops=1)
              Hash Cond: (mc.movie_id = t.id)
              ->  Seq Scan on movie_companies mc  (cost=0.00..51404.11 rows=1329612 width=4) (actual time=139.225..1029.804 rows=1334883 loops=1)
                    Filter: (company_type_id > 1)
                    Rows Removed by Filter: 1274246
              ->  Hash  (cost=67604.59..67604.59 rows=1795720 width=4) (actual time=1904.309..1904.309 rows=1794153 loops=1)
                    Buckets: 131072  Batches: 32  Memory Usage: 2992kB
                    ->  Seq Scan on title t  (cost=0.00..67604.59 rows=1795720 width=4) (actual time=0.026..1313.631 rows=1794153 loops=1)
                          Filter: (production_year < 2009)
                          Rows Removed by Filter: 734159
Planning time: 1.204 ms
Execution time: 10345.060 ms
