Seq Scan on cast_info ci  (cost=0.00..705507.15 rows=500 width=0) (actual time=6940.818..9811.525 rows=15 loops=1)
  Filter: (person_id = 3559848)
  Rows Removed by Filter: 36244329
Planning time: 0.412 ms
Execution time: 9811.615 ms
