Nested Loop  (cost=0.43..52283.69 rows=104 width=134) (actual time=83.834..1073.864 rows=54 loops=1)
  ->  Seq Scan on movie_companies mc  (cost=0.00..51404.11 rows=104 width=40) (actual time=83.756..1072.696 rows=54 loops=1)
        Filter: (company_id = 57775)
        Rows Removed by Filter: 2609075
  ->  Index Scan using title_pkey on title t  (cost=0.43..8.45 rows=1 width=94) (actual time=0.020..0.020 rows=1 loops=54)
        Index Cond: (id = mc.movie_id)
Planning time: 4.545 ms
Execution time: 1073.963 ms
