Hash Join  (cost=102767.86..185718.90 rows=629422 width=0) (actual time=1966.526..4119.957 rows=892669 loops=1)
  Hash Cond: (mc.movie_id = t.id)
  ->  Seq Scan on movie_companies mc  (cost=0.00..57926.93 rows=629422 width=4) (actual time=34.314..1079.561 rows=892669 loops=1)
        Filter: ((company_id > 11693) AND (company_type_id > 1))
        Rows Removed by Filter: 1716460
  ->  Hash  (cost=61283.27..61283.27 rows=2528527 width=4) (actual time=1930.710..1930.710 rows=2528312 loops=1)
        Buckets: 131072  Batches: 64  Memory Usage: 2415kB
        ->  Seq Scan on title t  (cost=0.00..61283.27 rows=2528527 width=4) (actual time=0.030..1086.604 rows=2528312 loops=1)
Planning time: 2.635 ms
Execution time: 4219.108 ms
