Hash Join  (cost=102767.86..174124.50 rows=147551 width=0) (actual time=1926.998..3189.882 rows=64474 loops=1)
  Hash Cond: (mc.movie_id = t.id)
  ->  Seq Scan on movie_companies mc  (cost=0.00..57926.93 rows=147551 width=4) (actual time=23.765..815.233 rows=64474 loops=1)
        Filter: ((company_id < 155) AND (company_type_id = 2))
        Rows Removed by Filter: 2544655
  ->  Hash  (cost=61283.27..61283.27 rows=2528527 width=4) (actual time=1902.003..1902.003 rows=2528312 loops=1)
        Buckets: 131072  Batches: 64  Memory Usage: 2415kB
        ->  Seq Scan on title t  (cost=0.00..61283.27 rows=2528527 width=4) (actual time=0.022..1072.648 rows=2528312 loops=1)
Planning time: 0.807 ms
Execution time: 3197.940 ms
