Hash Join  (cost=73962.22..871681.03 rows=503 width=0) (actual time=6989.688..11822.625 rows=1790 loops=1)
  Hash Cond: (ci.movie_id = t.id)
  ->  Seq Scan on cast_info ci  (cost=0.00..796071.18 rows=438027 width=4) (actual time=5864.660..10231.482 rows=2441652 loops=1)
        Filter: ((person_id > 3389811) AND (role_id = 10))
        Rows Removed by Filter: 33802692
  ->  Hash  (cost=73925.90..73925.90 rows=2905 width=4) (actual time=1118.414..1118.414 rows=6232 loops=1)
        Buckets: 8192 (originally 4096)  Batches: 1 (originally 1)  Memory Usage: 284kB
        ->  Seq Scan on title t  (cost=0.00..73925.90 rows=2905 width=4) (actual time=0.041..1115.104 rows=6232 loops=1)
              Filter: ((kind_id < 7) AND (production_year = 1970))
              Rows Removed by Filter: 2522080
Planning time: 0.805 ms
Execution time: 11823.344 ms
