Hash Join  (cost=125918.54..877460.44 rows=75273 width=0) (actual time=2426.531..20116.509 rows=454461 loops=1)
  Hash Cond: (ci.movie_id = t.id)
  ->  Seq Scan on cast_info ci  (cost=0.00..614943.12 rows=36225612 width=4) (actual time=0.015..8964.751 rows=36244344 loops=1)
  ->  Hash  (cost=125852.87..125852.87 rows=5254 width=8) (actual time=2426.345..2426.345 rows=13982 loops=1)
        Buckets: 16384 (originally 8192)  Batches: 1 (originally 1)  Memory Usage: 675kB
        ->  Hash Join  (cost=67697.55..125852.87 rows=5254 width=8) (actual time=1098.566..2419.950 rows=13982 loops=1)
              Hash Cond: (mc.movie_id = t.id)
              ->  Seq Scan on movie_companies mc  (cost=0.00..51404.11 rows=1786311 width=4) (actual time=0.022..933.968 rows=1793932 loops=1)
                    Filter: (company_id > 1886)
                    Rows Removed by Filter: 815197
              ->  Hash  (cost=67604.59..67604.59 rows=7437 width=4) (actual time=1098.361..1098.361 rows=19440 loops=1)
                    Buckets: 32768 (originally 8192)  Batches: 1 (originally 1)  Memory Usage: 940kB
                    ->  Seq Scan on title t  (cost=0.00..67604.59 rows=7437 width=4) (actual time=0.048..1089.019 rows=19440 loops=1)
                          Filter: (production_year = 1986)
                          Rows Removed by Filter: 2508872
Planning time: 1.246 ms
Execution time: 20182.271 ms
