Hash Join  (cost=350300.21..982405.22 rows=13535972 width=0) (actual time=8600.240..55080.940 rows=159111355 loops=1)
  Hash Cond: (mi.movie_id = t.id)
  ->  Seq Scan on movie_info mi  (cost=0.00..346232.03 rows=8841901 width=4) (actual time=0.017..6645.099 rows=8950757 loops=1)
        Filter: (info_type_id > 6)
        Rows Removed by Filter: 5884963
  ->  Hash  (cost=286793.03..286793.03 rows=3870895 width=8) (actual time=8598.175..8598.175 rows=3861200 loops=1)
        Buckets: 131072  Batches: 64  Memory Usage: 3485kB
        ->  Hash Join  (cost=102767.86..286793.03 rows=3870895 width=8) (actual time=2227.773..7422.253 rows=3861200 loops=1)
              Hash Cond: (mk.movie_id = t.id)
              ->  Seq Scan on movie_keyword mk  (cost=0.00..81003.12 rows=3870895 width=4) (actual time=0.015..1832.236 rows=3861200 loops=1)
                    Filter: (keyword_id < 28363)
                    Rows Removed by Filter: 662730
              ->  Hash  (cost=61283.27..61283.27 rows=2528527 width=4) (actual time=2225.631..2225.631 rows=2528312 loops=1)
                    Buckets: 131072  Batches: 64  Memory Usage: 2425kB
                    ->  Seq Scan on title t  (cost=0.00..61283.27 rows=2528527 width=4) (actual time=0.009..1072.496 rows=2528312 loops=1)
Planning time: 1.105 ms
Execution time: 72321.052 ms
