Nested Loop  (cost=0.43..83072.90 rows=2 width=0) (actual time=1191.971..1298.366 rows=1 loops=1)
  ->  Seq Scan on movie_keyword mk  (cost=0.00..81003.12 rows=246 width=4) (actual time=8.194..1281.199 rows=283 loops=1)
        Filter: (keyword_id = 6037)
        Rows Removed by Filter: 4523647
  ->  Index Scan using title_pkey on title t  (cost=0.43..8.40 rows=1 width=4) (actual time=0.058..0.058 rows=0 loops=283)
        Index Cond: (id = mk.movie_id)
        Filter: ((production_year > 2012) AND (kind_id = 1))
        Rows Removed by Filter: 1
Planning time: 0.786 ms
Execution time: 1298.467 ms
