Nested Loop  (cost=60802.96..142734.78 rows=17 width=0) (actual time=975.931..2351.212 rows=561 loops=1)
  ->  Hash Join  (cost=60802.53..142601.18 rows=90 width=8) (actual time=975.863..2339.872 rows=561 loops=1)
        Hash Cond: (mk.movie_id = mc.movie_id)
        ->  Seq Scan on movie_keyword mk  (cost=0.00..81003.12 rows=246 width=4) (actual time=0.232..1331.648 rows=953 loops=1)
              Filter: (keyword_id = 5706)
              Rows Removed by Filter: 4522977
        ->  Hash  (cost=57926.93..57926.93 rows=175248 width=4) (actual time=974.955..974.955 rows=347194 loops=1)
              Buckets: 131072  Batches: 4  Memory Usage: 4092kB
              ->  Seq Scan on movie_companies mc  (cost=0.00..57926.93 rows=175248 width=4) (actual time=0.020..749.841 rows=347194 loops=1)
                    Filter: ((company_id > 88524) AND (company_type_id > 1))
                    Rows Removed by Filter: 2261935
  ->  Index Only Scan using title_pkey on title t  (cost=0.43..1.47 rows=1 width=4) (actual time=0.019..0.019 rows=1 loops=561)
        Index Cond: (id = mc.movie_id)
        Heap Fetches: 561
Planning time: 1.208 ms
Execution time: 2351.471 ms
