Hash Join  (cost=136281.11..219457.59 rows=9487 width=0) (actual time=2760.285..4166.239 rows=44061 loops=1)
  Hash Cond: (mk.movie_id = t.id)
  ->  Seq Scan on movie_keyword mk  (cost=0.00..81003.12 rows=554264 width=4) (actual time=0.013..1271.770 rows=555726 loops=1)
        Filter: (keyword_id < 398)
        Rows Removed by Filter: 3968204
  ->  Hash  (cost=135740.12..135740.12 rows=43279 width=8) (actual time=2759.353..2759.353 rows=39595 loops=1)
        Buckets: 65536  Batches: 1  Memory Usage: 2059kB
        ->  Hash Join  (cost=74469.67..135740.12 rows=43279 width=8) (actual time=1073.681..2744.251 rows=39595 loops=1)
              Hash Cond: (mc.movie_id = t.id)
              ->  Seq Scan on movie_companies mc  (cost=0.00..51404.11 rows=2515613 width=4) (actual time=0.023..1048.895 rows=2515201 loops=1)
                    Filter: (company_id < 161251)
                    Rows Removed by Filter: 93928
              ->  Hash  (cost=73925.90..73925.90 rows=43501 width=4) (actual time=1073.152..1073.152 rows=39560 loops=1)
                    Buckets: 65536  Batches: 1  Memory Usage: 1903kB
                    ->  Seq Scan on title t  (cost=0.00..73925.90 rows=43501 width=4) (actual time=108.372..1057.984 rows=39560 loops=1)
                          Filter: ((kind_id = 1) AND (production_year = 2012))
                          Rows Removed by Filter: 2488752
Planning time: 1.245 ms
Execution time: 4172.253 ms
