Nested Loop  (cost=0.43..709671.90 rows=500 width=0) (actual time=5208.871..10947.534 rows=249 loops=1)
  ->  Seq Scan on cast_info ci  (cost=0.00..705507.15 rows=500 width=4) (actual time=5208.689..10943.479 rows=249 loops=1)
        Filter: (person_id = 1791216)
        Rows Removed by Filter: 36244095
  ->  Index Only Scan using title_pkey on title t  (cost=0.43..8.32 rows=1 width=4) (actual time=0.015..0.015 rows=1 loops=249)
        Index Cond: (id = ci.movie_id)
        Heap Fetches: 249
Planning time: 2.131 ms
Execution time: 10947.680 ms
