Seq Scan on movie_keyword mk  (cost=0.00..81003.12 rows=2819203 width=0) (actual time=0.018..1286.886 rows=2811265 loops=1)
  Filter: (keyword_id < 8342)
  Rows Removed by Filter: 1712665
Planning time: 0.334 ms
Execution time: 1592.712 ms
