Seq Scan on cast_info ci  (cost=0.00..796071.18 rows=8070567 width=0) (actual time=3912.930..13413.014 rows=4947537 loops=1)
  Filter: ((person_id < 1774747) AND (role_id > 2))
  Rows Removed by Filter: 31296807
Planning time: 0.375 ms
Execution time: 14013.626 ms
