Hash Join  (cost=74050.79..190673.22 rows=403776 width=0) (actual time=1230.747..4120.663 rows=174895 loops=1)
  Hash Cond: (mk.movie_id = t.id)
  ->  Seq Scan on movie_keyword mk  (cost=0.00..81003.12 rows=2598545 width=4) (actual time=0.015..1736.226 rows=2579742 loops=1)
        Filter: (keyword_id > 3347)
        Rows Removed by Filter: 1944188
  ->  Hash  (cost=67604.59..67604.59 rows=392896 width=4) (actual time=1229.109..1229.109 rows=391666 loops=1)
        Buckets: 131072  Batches: 8  Memory Usage: 2759kB
        ->  Seq Scan on title t  (cost=0.00..67604.59 rows=392896 width=4) (actual time=0.013..1098.029 rows=391666 loops=1)
              Filter: (production_year > 2010)
              Rows Removed by Filter: 2136646
Planning time: 0.760 ms
Execution time: 4143.474 ms
