Hash Join  (cost=856487.62..1465757.60 rows=1773164 width=0) (actual time=18909.524..33548.362 rows=8923650 loops=1)
  Hash Cond: (mi.movie_id = t.id)
  ->  Seq Scan on movie_info mi  (cost=0.00..309384.22 rows=14739122 width=4) (actual time=0.010..6188.549 rows=14835720 loops=1)
  ->  Hash  (cost=851496.24..851496.24 rows=304190 width=8) (actual time=18908.663..18908.663 rows=303596 loops=1)
        Buckets: 131072  Batches: 4  Memory Usage: 3982kB
        ->  Hash Join  (cost=74452.28..851496.24 rows=304190 width=8) (actual time=4551.130..18754.185 rows=303596 loops=1)
              Hash Cond: (ci.movie_id = t.id)
              ->  Seq Scan on cast_info ci  (cost=0.00..705507.15 rows=18265310 width=4) (actual time=3477.215..12429.123 rows=18436244 loops=1)
                    Filter: (person_id > 1764343)
                    Rows Removed by Filter: 17808100
              ->  Hash  (cost=73925.90..73925.90 rows=42110 width=4) (actual time=1073.372..1073.372 rows=33905 loops=1)
                    Buckets: 65536  Batches: 1  Memory Usage: 1704kB
                    ->  Seq Scan on title t  (cost=0.00..73925.90 rows=42110 width=4) (actual time=0.296..1058.656 rows=33905 loops=1)
                          Filter: ((kind_id < 7) AND (production_year = 2006))
                          Rows Removed by Filter: 2494407
Planning time: 1.202 ms
Execution time: 34481.847 ms
