Seq Scan on movie_companies mc  (cost=0.00..51404.11 rows=2375714 width=0) (actual time=0.019..968.429 rows=2374235 loops=1)
  Filter: (company_id < 104187)
  Rows Removed by Filter: 234894
Planning time: 0.349 ms
Execution time: 1266.589 ms
