Seq Scan on cast_info ci  (cost=0.00..796071.18 rows=176 width=0) (actual time=1682.132..13196.258 rows=435 loops=1)
  Filter: ((role_id < 2) AND (person_id = 355081))
  Rows Removed by Filter: 36243909
Planning time: 0.433 ms
Execution time: 13196.443 ms
