Hash Join  (cost=96184.51..169238.70 rows=311451 width=0) (actual time=2370.412..3201.971 rows=165853 loops=1)
  Hash Cond: (mc.movie_id = t.id)
  ->  Seq Scan on movie_companies mc  (cost=0.00..57926.93 rows=580466 width=4) (actual time=0.019..944.507 rows=368527 loops=1)
        Filter: ((company_id < 8416) AND (company_type_id = 2))
        Rows Removed by Filter: 2240602
  ->  Hash  (cost=73925.90..73925.90 rows=1356688 width=4) (actual time=1861.965..1861.965 rows=1327781 loops=1)
        Buckets: 131072  Batches: 32  Memory Usage: 2479kB
        ->  Seq Scan on title t  (cost=0.00..73925.90 rows=1356688 width=4) (actual time=0.021..1436.152 rows=1327781 loops=1)
              Filter: ((production_year < 2012) AND (kind_id = 7))
              Rows Removed by Filter: 1200531
Planning time: 0.531 ms
Execution time: 3219.374 ms
