Hash Join  (cost=133872.70..262267.39 rows=524665 width=0) (actual time=3115.004..7763.486 rows=5958431 loops=1)
  Hash Cond: (mk.movie_id = t.id)
  ->  Seq Scan on movie_keyword mk  (cost=0.00..69693.30 rows=4523930 width=4) (actual time=0.023..1441.846 rows=4523930 loops=1)
  ->  Hash  (cost=129061.11..129061.11 rows=293247 width=8) (actual time=3113.939..3113.939 rows=585220 loops=1)
        Buckets: 131072 (originally 131072)  Batches: 8 (originally 4)  Memory Usage: 3908kB
        ->  Hash Join  (cost=87162.74..129061.11 rows=293247 width=8) (actual time=1575.246..2920.463 rows=585220 loops=1)
              Hash Cond: (mi_idx.movie_id = t.id)
              ->  Seq Scan on movie_info_idx mi_idx  (cost=0.00..25185.44 rows=919057 width=4) (actual time=0.014..571.652 rows=920110 loops=1)
                    Filter: (info_type_id > 99)
                    Rows Removed by Filter: 459925
              ->  Hash  (cost=73925.90..73925.90 rows=806787 width=4) (actual time=1574.414..1574.414 rows=843018 loops=1)
                    Buckets: 131072  Batches: 16  Memory Usage: 2879kB
                    ->  Seq Scan on title t  (cost=0.00..73925.90 rows=806787 width=4) (actual time=0.048..1313.481 rows=843018 loops=1)
                          Filter: ((kind_id < 7) AND (production_year < 2011))
                          Rows Removed by Filter: 1685294
Planning time: 1.104 ms
Execution time: 8408.251 ms
