Seq Scan on cast_info ci  (cost=0.00..705507.15 rows=36181866 width=0) (actual time=0.016..13950.020 rows=36209189 loops=1)
  Filter: (person_id > 4731)
  Rows Removed by Filter: 35155
Planning time: 0.352 ms
Execution time: 18409.467 ms
