Nested Loop  (cost=0.43..797957.66 rows=224 width=0) (actual time=2656.745..13527.289 rows=168 loops=1)
  ->  Seq Scan on cast_info ci  (cost=0.00..796071.18 rows=224 width=4) (actual time=2656.632..13509.804 rows=168 loops=1)
        Filter: ((role_id > 2) AND (person_id = 1116588))
        Rows Removed by Filter: 36244176
  ->  Index Only Scan using title_pkey on title t  (cost=0.43..8.41 rows=1 width=4) (actual time=0.103..0.103 rows=1 loops=168)
        Index Cond: (id = ci.movie_id)
        Heap Fetches: 168
Planning time: 0.766 ms
Execution time: 13527.404 ms
