Hash Join  (cost=235470.06..325219.94 rows=1066336 width=0) (actual time=4952.273..10188.471 rows=8201023 loops=1)
  Hash Cond: (mc.movie_id = t.id)
  ->  Seq Scan on movie_companies mc  (cost=0.00..44881.29 rows=2609129 width=4) (actual time=0.022..870.038 rows=2609129 loops=1)
  ->  Hash  (cost=218515.64..218515.64 rows=1033394 width=8) (actual time=4951.482..4951.482 rows=1038700 loops=1)
        Buckets: 131072  Batches: 16  Memory Usage: 3620kB
        ->  Hash Join  (cost=102767.86..218515.64 rows=1033394 width=8) (actual time=1985.817..4649.164 rows=1038700 loops=1)
              Hash Cond: (mk.movie_id = t.id)
              ->  Seq Scan on movie_keyword mk  (cost=0.00..81003.12 rows=1033394 width=4) (actual time=0.011..1430.008 rows=1038700 loops=1)
                    Filter: (keyword_id > 17074)
                    Rows Removed by Filter: 3485230
              ->  Hash  (cost=61283.27..61283.27 rows=2528527 width=4) (actual time=1983.673..1983.673 rows=2528312 loops=1)
                    Buckets: 131072  Batches: 64  Memory Usage: 2425kB
                    ->  Seq Scan on title t  (cost=0.00..61283.27 rows=2528527 width=4) (actual time=0.015..1113.193 rows=2528312 loops=1)
Planning time: 1.157 ms
Execution time: 11138.445 ms
