Hash Join  (cost=89387.37..178243.66 rows=101643 width=0) (actual time=1638.673..3338.757 rows=253426 loops=1)
  Hash Cond: (mk.movie_id = t.id)
  ->  Seq Scan on movie_keyword mk  (cost=0.00..81003.12 rows=272729 width=4) (actual time=0.013..1337.699 rows=272022 loops=1)
        Filter: (keyword_id > 57945)
        Rows Removed by Filter: 4251908
  ->  Hash  (cost=73925.90..73925.90 rows=942357 width=4) (actual time=1637.850..1637.850 rows=926057 loops=1)
        Buckets: 131072  Batches: 16  Memory Usage: 3068kB
        ->  Seq Scan on title t  (cost=0.00..73925.90 rows=942357 width=4) (actual time=0.012..1346.750 rows=926057 loops=1)
              Filter: ((kind_id < 7) AND (production_year > 1913))
              Rows Removed by Filter: 1602255
Planning time: 0.796 ms
Execution time: 3369.480 ms
