Seq Scan on title t  (cost=0.00..73925.90 rows=91756 width=0) (actual time=334.060..1085.437 rows=117890 loops=1)
  Filter: ((production_year > 1974) AND (kind_id = 4))
  Rows Removed by Filter: 2410422
Planning time: 0.383 ms
Execution time: 1101.189 ms
