Seq Scan on movie_keyword mk  (cost=0.00..81003.12 rows=1513964 width=0) (actual time=0.023..1456.035 rows=1532475 loops=1)
  Filter: (keyword_id > 10429)
  Rows Removed by Filter: 2991455
Planning time: 0.347 ms
Execution time: 1645.584 ms
