Hash Join  (cost=89241.26..231591.49 rows=1670120 width=0) (actual time=1556.831..5937.047 rows=3836852 loops=1)
  Hash Cond: (mk.movie_id = t.id)
  ->  Seq Scan on movie_keyword mk  (cost=0.00..69693.30 rows=4523930 width=4) (actual time=0.014..1340.529 rows=4523930 loops=1)
  ->  Hash  (cost=73925.90..73925.90 rows=933468 width=4) (actual time=1555.936..1555.936 rows=904427 loops=1)
        Buckets: 131072  Batches: 16  Memory Usage: 3021kB
        ->  Seq Scan on title t  (cost=0.00..73925.90 rows=933468 width=4) (actual time=0.024..1266.274 rows=904427 loops=1)
              Filter: ((kind_id < 7) AND (production_year > 1916))
              Rows Removed by Filter: 1623885
Planning time: 0.737 ms
Execution time: 6388.090 ms
