Seq Scan on cast_info ci  (cost=0.00..796071.18 rows=3001985 width=0) (actual time=7701.866..12437.081 rows=6088996 loops=1)
  Filter: ((person_id < 827221) AND (role_id = 1))
  Rows Removed by Filter: 30155348
Planning time: 1.695 ms
Execution time: 13167.057 ms
