Hash Join  (cost=101910.21..840946.65 rows=81598 width=0) (actual time=2009.981..14820.690 rows=228965 loops=1)
  Hash Cond: (ci.movie_id = t.id)
  ->  Seq Scan on cast_info ci  (cost=0.00..705507.15 rows=8723553 width=4) (actual time=265.172..10725.817 rows=8610818 loops=1)
        Filter: (person_id < 846371)
        Rows Removed by Filter: 27633526
  ->  Hash  (cost=101614.57..101614.57 rows=23651 width=8) (actual time=1744.492..1744.492 rows=35581 loops=1)
        Buckets: 65536 (originally 32768)  Batches: 1 (originally 1)  Memory Usage: 1902kB
        ->  Hash Join  (cost=74467.58..101614.57 rows=23651 width=8) (actual time=1069.203..1731.383 rows=35581 loops=1)
              Hash Cond: (mi_idx.movie_id = t.id)
              ->  Seq Scan on movie_info_idx mi_idx  (cost=0.00..21735.35 rows=1380035 width=4) (actual time=0.025..328.514 rows=1380035 loops=1)
              ->  Hash  (cost=73925.90..73925.90 rows=43334 width=4) (actual time=1068.816..1068.816 rows=35836 loops=1)
                    Buckets: 65536  Batches: 1  Memory Usage: 1772kB
                    ->  Seq Scan on title t  (cost=0.00..73925.90 rows=43334 width=4) (actual time=0.101..1053.407 rows=35836 loops=1)
                          Filter: ((kind_id < 4) AND (production_year = 2009))
                          Rows Removed by Filter: 2492476
Planning time: 1.185 ms
Execution time: 14853.554 ms
