Hash Join  (cost=111621.41..235790.21 rows=177776 width=0) (actual time=2205.841..5373.916 rows=1347682 loops=1)
  Hash Cond: (mk.movie_id = t.id)
  ->  Seq Scan on movie_keyword mk  (cost=0.00..69693.30 rows=4523930 width=4) (actual time=0.012..1470.342 rows=4523930 loops=1)
  ->  Hash  (cost=109990.37..109990.37 rows=99363 width=8) (actual time=2204.574..2204.574 rows=94612 loops=1)
        Buckets: 131072  Batches: 2  Memory Usage: 2870kB
        ->  Hash Join  (cost=70592.26..109990.37 rows=99363 width=8) (actual time=1146.303..2173.401 rows=94612 loops=1)
              Hash Cond: (mi_idx.movie_id = t.id)
              ->  Seq Scan on movie_info_idx mi_idx  (cost=0.00..21735.35 rows=1380035 width=4) (actual time=0.023..443.226 rows=1380035 loops=1)
              ->  Hash  (cost=67604.59..67604.59 rows=182054 width=4) (actual time=1145.429..1145.429 rows=180956 loops=1)
                    Buckets: 131072  Batches: 4  Memory Usage: 2612kB
                    ->  Seq Scan on title t  (cost=0.00..67604.59 rows=182054 width=4) (actual time=0.015..1086.383 rows=180956 loops=1)
                          Filter: (production_year < 1953)
                          Rows Removed by Filter: 2347356
Planning time: 0.658 ms
Execution time: 5541.656 ms
