Seq Scan on movie_companies mc  (cost=0.00..57926.93 rows=573348 width=0) (actual time=0.022..896.335 rows=299559 loops=1)
  Filter: ((company_id > 12673) AND (company_type_id < 2))
  Rows Removed by Filter: 2309570
Planning time: 0.341 ms
Execution time: 933.336 ms
