Seq Scan on movie_info mi  (cost=0.00..346232.03 rows=17937 width=0) (actual time=2412.505..5226.630 rows=6422 loops=1)
  Filter: (info_type_id = 86)
  Rows Removed by Filter: 14829298
Planning time: 0.377 ms
Execution time: 5227.718 ms
