Hash Join  (cost=148256.38..231497.70 rows=594179 width=0) (actual time=3322.909..5734.220 rows=1019964 loops=1)
  Hash Cond: (mc.movie_id = t.id)
  ->  Seq Scan on movie_companies mc  (cost=0.00..44881.29 rows=2609129 width=4) (actual time=0.015..949.167 rows=2609129 loops=1)
  ->  Hash  (cost=138808.58..138808.58 rows=575824 width=8) (actual time=3322.157..3322.157 rows=426168 loops=1)
        Buckets: 131072  Batches: 8  Memory Usage: 3102kB
        ->  Hash Join  (cost=91235.85..138808.58 rows=575824 width=8) (actual time=1745.012..3196.956 rows=426168 loops=1)
              Hash Cond: (mi_idx.movie_id = t.id)
              ->  Seq Scan on movie_info_idx mi_idx  (cost=0.00..21735.35 rows=1380035 width=4) (actual time=0.025..509.603 rows=1380035 loops=1)
              ->  Hash  (cost=73925.90..73925.90 rows=1055036 width=4) (actual time=1744.075..1744.075 rows=1152351 loops=1)
                    Buckets: 131072  Batches: 16  Memory Usage: 3561kB
                    ->  Seq Scan on title t  (cost=0.00..73925.90 rows=1055036 width=4) (actual time=0.012..1378.023 rows=1152351 loops=1)
                          Filter: ((kind_id > 1) AND (production_year > 1999))
                          Rows Removed by Filter: 1375961
Planning time: 1.143 ms
Execution time: 5846.364 ms
