Hash Join  (cost=85157.92..148577.96 rows=177221 width=0) (actual time=1256.510..2892.941 rows=174678 loops=1)
  Hash Cond: (mc.movie_id = t.id)
  ->  Seq Scan on movie_companies mc  (cost=0.00..51404.11 rows=654592 width=4) (actual time=0.016..980.029 rows=646738 loops=1)
        Filter: (company_id < 868)
        Rows Removed by Filter: 1962391
  ->  Hash  (cost=73925.90..73925.90 rows=684561 width=4) (actual time=1255.674..1255.674 rows=585759 loops=1)
        Buckets: 131072  Batches: 16  Memory Usage: 2308kB
        ->  Seq Scan on title t  (cost=0.00..73925.90 rows=684561 width=4) (actual time=0.020..1086.460 rows=585759 loops=1)
              Filter: ((kind_id < 7) AND (production_year > 1990))
              Rows Removed by Filter: 1942553
Planning time: 0.768 ms
Execution time: 2910.944 ms
