Seq Scan on cast_info ci  (cost=0.00..796071.18 rows=4705369 width=0) (actual time=5475.552..15260.354 rows=7449745 loops=1)
  Filter: ((person_id > 1267078) AND (role_id = 2))
  Rows Removed by Filter: 28794599
Planning time: 0.389 ms
Execution time: 16201.318 ms
