Hash Join  (cost=93093.72..1206970.69 rows=10104037 width=0) (actual time=9257.234..31447.647 rows=9236104 loops=1)
  Hash Cond: (ci.movie_id = t.id)
  ->  Seq Scan on cast_info ci  (cost=0.00..796071.18 rows=16444483 width=4) (actual time=7519.904..17840.494 rows=15520169 loops=1)
        Filter: ((person_id > 616233) AND (role_id < 3))
        Rows Removed by Filter: 20724175
  ->  Hash  (cost=67604.59..67604.59 rows=1553611 width=4) (actual time=1735.965..1735.965 rows=1555864 loops=1)
        Buckets: 131072  Batches: 32  Memory Usage: 2734kB
        ->  Seq Scan on title t  (cost=0.00..67604.59 rows=1553611 width=4) (actual time=0.024..1264.272 rows=1555864 loops=1)
              Filter: (kind_id > 4)
              Rows Removed by Filter: 972448
Planning time: 0.874 ms
Execution time: 32488.929 ms
