Seq Scan on cast_info ci  (cost=0.00..796071.18 rows=21695738 width=0) (actual time=0.016..17008.266 rows=22803522 loops=1)
  Filter: ((person_id > 263181) AND (role_id > 1))
  Rows Removed by Filter: 13440822
Planning time: 0.265 ms
Execution time: 19725.563 ms
