Hash Join  (cost=74045.78..159983.42 rows=4941 width=0) (actual time=1242.833..2779.621 rows=12508 loops=1)
  Hash Cond: (mk.movie_id = t.id)
  ->  Seq Scan on movie_keyword mk  (cost=0.00..81003.12 rows=1302694 width=4) (actual time=0.017..1443.332 rows=1309755 loops=1)
        Filter: (keyword_id < 1716)
        Rows Removed by Filter: 3214175
  ->  Hash  (cost=73925.90..73925.90 rows=9590 width=4) (actual time=1110.645..1110.645 rows=5862 loops=1)
        Buckets: 16384  Batches: 1  Memory Usage: 335kB
        ->  Seq Scan on title t  (cost=0.00..73925.90 rows=9590 width=4) (actual time=0.025..1107.994 rows=5862 loops=1)
              Filter: ((kind_id = 1) AND (production_year = 1996))
              Rows Removed by Filter: 2522450
Planning time: 0.841 ms
Execution time: 2781.555 ms
