Hash Join  (cost=1018504.83..3511824.83 rows=109415545 width=0) (actual time=25258.881..104421.323 rows=195552294 loops=1)
  Hash Cond: (ci.movie_id = t.id)
  ->  Seq Scan on cast_info ci  (cost=0.00..796071.18 rows=18770464 width=4) (actual time=0.023..17693.776 rows=17898556 loops=1)
        Filter: ((person_id > 759589) AND (role_id < 4))
        Rows Removed by Filter: 18345788
  ->  Hash  (cost=776690.81..776690.81 rows=14739122 width=8) (actual time=25257.578..25257.578 rows=14835720 loops=1)
        Buckets: 131072  Batches: 256  Memory Usage: 3268kB
        ->  Hash Join  (cost=102767.86..776690.81 rows=14739122 width=8) (actual time=2811.021..21333.287 rows=14835720 loops=1)
              Hash Cond: (mi.movie_id = t.id)
              ->  Seq Scan on movie_info mi  (cost=0.00..309384.22 rows=14739122 width=4) (actual time=0.015..6181.407 rows=14835720 loops=1)
              ->  Hash  (cost=61283.27..61283.27 rows=2528527 width=4) (actual time=1878.064..1878.064 rows=2528312 loops=1)
                    Buckets: 131072  Batches: 64  Memory Usage: 2425kB
                    ->  Seq Scan on title t  (cost=0.00..61283.27 rows=2528527 width=4) (actual time=0.020..1020.197 rows=2528312 loops=1)
Planning time: 1.189 ms
Execution time: 125042.366 ms
