Hash Join  (cost=85777.42..920667.15 rows=3436126 width=0) (actual time=4511.780..19276.469 rows=4267461 loops=1)
  Hash Cond: (ci.movie_id = t.id)
  ->  Seq Scan on cast_info ci  (cost=0.00..705507.15 rows=7843817 width=4) (actual time=2763.094..11713.229 rows=7832799 loops=1)
        Filter: (person_id > 2894658)
        Rows Removed by Filter: 28411545
  ->  Hash  (cost=67604.59..67604.59 rows=1107667 width=4) (actual time=1747.533..1747.533 rows=1107925 loops=1)
        Buckets: 131072  Batches: 16  Memory Usage: 3460kB
        ->  Seq Scan on title t  (cost=0.00..67604.59 rows=1107667 width=4) (actual time=0.050..1397.581 rows=1107925 loops=1)
              Filter: (production_year > 2004)
              Rows Removed by Filter: 1420387
Planning time: 0.753 ms
Execution time: 19769.433 ms
