Hash Join  (cost=98864.94..911045.82 rows=324817 width=0) (actual time=2665.386..14217.568 rows=694070 loops=1)
  Hash Cond: (ci.movie_id = t.id)
  ->  Seq Scan on cast_info ci  (cost=0.00..796071.18 rows=540305 width=4) (actual time=840.988..11298.550 rows=1233752 loops=1)
        Filter: ((person_id > 3823007) AND (role_id > 2))
        Rows Removed by Filter: 35010592
  ->  Hash  (cost=73925.90..73925.90 rows=1520083 width=4) (actual time=1823.260..1823.260 rows=1507233 loops=1)
        Buckets: 131072  Batches: 32  Memory Usage: 2679kB
        ->  Seq Scan on title t  (cost=0.00..73925.90 rows=1520083 width=4) (actual time=0.026..1342.041 rows=1507233 loops=1)
              Filter: ((kind_id > 1) AND (production_year < 2011))
              Rows Removed by Filter: 1021079
Planning time: 0.747 ms
Execution time: 14301.910 ms
