Hash Join  (cost=218672.61..1520302.24 rows=21663745 width=0) (actual time=4546.961..40600.880 rows=21380012 loops=1)
  Hash Cond: (ci.movie_id = t.id)
  ->  Seq Scan on cast_info ci  (cost=0.00..614943.12 rows=36225612 width=4) (actual time=0.018..13384.231 rows=36244344 loops=1)
  ->  Hash  (cost=193864.15..193864.15 rows=1512117 width=8) (actual time=4545.719..4545.719 rows=704352 loops=1)
        Buckets: 131072  Batches: 32  Memory Usage: 1857kB
        ->  Hash Join  (cost=97968.46..193864.15 rows=1512117 width=8) (actual time=1786.093..4351.161 rows=704352 loops=1)
              Hash Cond: (mc.movie_id = t.id)
              ->  Seq Scan on movie_companies mc  (cost=0.00..44881.29 rows=2609129 width=4) (actual time=0.176..937.071 rows=2609129 loops=1)
              ->  Hash  (cost=73925.90..73925.90 rows=1465404 width=4) (actual time=1784.477..1784.477 rows=1478439 loops=1)
                    Buckets: 131072  Batches: 32  Memory Usage: 2651kB
                    ->  Seq Scan on title t  (cost=0.00..73925.90 rows=1465404 width=4) (actual time=316.544..1311.285 rows=1478439 loops=1)
                          Filter: ((production_year > 1914) AND (kind_id = 7))
                          Rows Removed by Filter: 1049873
Planning time: 2.139 ms
Execution time: 43008.835 ms
