Seq Scan on movie_companies mc  (cost=0.00..51404.11 rows=2327163 width=0) (actual time=0.033..992.518 rows=2325572 loops=1)
  Filter: (company_id < 95412)
  Rows Removed by Filter: 283557
Planning time: 0.735 ms
Execution time: 1279.948 ms
