Hash Join  (cost=88195.18..937755.06 rows=1148410 width=0) (actual time=2230.358..18109.624 rows=2035230 loops=1)
  Hash Cond: (ci.movie_id = t.id)
  ->  Seq Scan on cast_info ci  (cost=0.00..796071.18 rows=3338827 width=4) (actual time=722.159..13282.716 rows=5726880 loops=1)
        Filter: ((person_id > 1957072) AND (role_id = 2))
        Rows Removed by Filter: 30517464
  ->  Hash  (cost=73925.90..73925.90 rows=869702 width=4) (actual time=1507.249..1507.249 rows=896788 loops=1)
        Buckets: 131072  Batches: 16  Memory Usage: 2998kB
        ->  Seq Scan on title t  (cost=0.00..73925.90 rows=869702 width=4) (actual time=0.023..1238.017 rows=896788 loops=1)
              Filter: ((kind_id < 7) AND (production_year < 2012))
              Rows Removed by Filter: 1631524
Planning time: 0.917 ms
Execution time: 18330.987 ms
