Seq Scan on cast_info ci  (cost=0.00..705507.15 rows=23705210 width=0) (actual time=0.012..13158.300 rows=23610725 loops=1)
  Filter: (person_id < 2418626)
  Rows Removed by Filter: 12633619
Planning time: 0.330 ms
Execution time: 16080.620 ms
