Seq Scan on movie_keyword mk  (cost=0.00..81003.12 rows=4075692 width=0) (actual time=0.014..1598.287 rows=4076853 loops=1)
  Filter: (keyword_id < 39677)
  Rows Removed by Filter: 447077
Planning time: 0.227 ms
Execution time: 2111.319 ms
