Hash Join  (cost=74698.31..782246.68 rows=4517 width=0) (actual time=10911.407..11801.033 rows=5153 loops=1)
  Hash Cond: (ci.movie_id = t.id)
  ->  Seq Scan on cast_info ci  (cost=0.00..705507.15 rows=26413 width=4) (actual time=9765.131..10569.073 rows=33982 loops=1)
        Filter: (person_id > 4056337)
        Rows Removed by Filter: 36210362
  ->  Hash  (cost=67604.59..67604.59 rows=432378 width=4) (actual time=1144.857..1144.857 rows=423779 loops=1)
        Buckets: 131072  Batches: 8  Memory Usage: 2885kB
        ->  Seq Scan on title t  (cost=0.00..67604.59 rows=432378 width=4) (actual time=0.028..1006.404 rows=423779 loops=1)
              Filter: (production_year < 1974)
              Rows Removed by Filter: 2104533
Planning time: 1.083 ms
Execution time: 11802.042 ms
