Seq Scan on movie_companies mc  (cost=0.00..57926.93 rows=1057886 width=0) (actual time=0.026..1111.033 rows=1274246 loops=1)
  Filter: ((company_id < 76907) AND (company_type_id = 1))
  Rows Removed by Filter: 1334883
Planning time: 0.408 ms
Execution time: 1271.359 ms
