Hash Join  (cost=78350.52..141097.09 rows=31787 width=0) (actual time=1328.430..2538.586 rows=67942 loops=1)
  Hash Cond: (mc.movie_id = t.id)
  ->  Seq Scan on movie_companies mc  (cost=0.00..57926.93 rows=298071 width=4) (actual time=0.017..896.996 rows=435833 loops=1)
        Filter: ((company_id < 702) AND (company_type_id < 2))
        Rows Removed by Filter: 2173296
  ->  Hash  (cost=73925.90..73925.90 rows=269649 width=4) (actual time=1327.507..1327.507 rows=382611 loops=1)
        Buckets: 131072 (originally 131072)  Batches: 8 (originally 4)  Memory Usage: 3073kB
        ->  Seq Scan on title t  (cost=0.00..73925.90 rows=269649 width=4) (actual time=0.083..1202.200 rows=382611 loops=1)
              Filter: ((kind_id < 7) AND (production_year < 1990))
              Rows Removed by Filter: 2145701
Planning time: 0.732 ms
Execution time: 2547.618 ms
