Hash Join  (cost=107556.84..481473.86 rows=779765 width=0) (actual time=3920.557..8858.075 rows=798797 loops=1)
  Hash Cond: (mi.movie_id = t.id)
  ->  Seq Scan on movie_info mi  (cost=0.00..346232.03 rows=809669 width=4) (actual time=1541.718..5470.698 rows=802140 loops=1)
        Filter: (info_type_id = 1)
        Rows Removed by Filter: 14033580
  ->  Hash  (cost=67604.59..67604.59 rows=2435140 width=4) (actual time=2377.780..2377.780 rows=2431710 loops=1)
        Buckets: 131072  Batches: 32  Memory Usage: 3705kB
        ->  Seq Scan on title t  (cost=0.00..67604.59 rows=2435140 width=4) (actual time=0.034..1319.311 rows=2431710 loops=1)
              Filter: (production_year > 1909)
              Rows Removed by Filter: 96602
Planning time: 0.780 ms
Execution time: 8942.722 ms
