Hash Join  (cost=102767.86..191053.48 rows=1122185 width=0) (actual time=2046.653..4492.779 rows=1132464 loops=1)
  Hash Cond: (mc.movie_id = t.id)
  ->  Seq Scan on movie_companies mc  (cost=0.00..51404.11 rows=1122185 width=4) (actual time=0.025..1026.789 rows=1132464 loops=1)
        Filter: (company_id > 13515)
        Rows Removed by Filter: 1476665
  ->  Hash  (cost=61283.27..61283.27 rows=2528527 width=4) (actual time=2045.235..2045.235 rows=2528312 loops=1)
        Buckets: 131072  Batches: 64  Memory Usage: 2415kB
        ->  Seq Scan on title t  (cost=0.00..61283.27 rows=2528527 width=4) (actual time=0.008..1194.876 rows=2528312 loops=1)
Planning time: 0.771 ms
Execution time: 4630.545 ms
