Seq Scan on movie_keyword mk  (cost=0.00..81003.12 rows=2957877 width=0) (actual time=0.015..1574.690 rows=2941166 loops=1)
  Filter: (keyword_id < 9841)
  Rows Removed by Filter: 1582764
Planning time: 0.297 ms
Execution time: 1936.192 ms
