Seq Scan on cast_info ci  (cost=0.00..796071.18 rows=3856225 width=0) (actual time=1773.428..9353.827 rows=23328 loops=1)
  Filter: ((person_id > 3059602) AND (role_id < 4))
  Rows Removed by Filter: 36221016
Planning time: 0.312 ms
Execution time: 9355.308 ms
