Hash Join  (cost=85280.32..141642.44 rows=20158 width=0) (actual time=1682.377..2560.909 rows=38988 loops=1)
  Hash Cond: (mc.movie_id = t.id)
  ->  Seq Scan on movie_companies mc  (cost=0.00..51404.11 rows=47312 width=4) (actual time=2.109..746.434 rows=47252 loops=1)
        Filter: (company_id = 19)
        Rows Removed by Filter: 2561877
  ->  Hash  (cost=67604.59..67604.59 rows=1077339 width=4) (actual time=1647.599..1647.599 rows=1074765 loops=1)
        Buckets: 131072  Batches: 16  Memory Usage: 3388kB
        ->  Seq Scan on title t  (cost=0.00..67604.59 rows=1077339 width=4) (actual time=0.016..1292.089 rows=1074765 loops=1)
              Filter: (production_year < 2001)
              Rows Removed by Filter: 1453547
Planning time: 1.102 ms
Execution time: 2564.211 ms
