Hash Join  (cost=67697.55..944576.89 rows=62887 width=0) (actual time=1057.836..20471.351 rows=43080 loops=1)
  Hash Cond: (ci.movie_id = t.id)
  ->  Seq Scan on cast_info ci  (cost=0.00..796071.18 rows=21381145 width=4) (actual time=0.027..15824.977 rows=20280624 loops=1)
        Filter: ((person_id < 3455719) AND (role_id > 1))
        Rows Removed by Filter: 15963720
  ->  Hash  (cost=67604.59..67604.59 rows=7437 width=4) (actual time=1057.300..1057.300 rows=7199 loops=1)
        Buckets: 8192  Batches: 1  Memory Usage: 318kB
        ->  Seq Scan on title t  (cost=0.00..67604.59 rows=7437 width=4) (actual time=0.143..1053.439 rows=7199 loops=1)
              Filter: (production_year = 1954)
              Rows Removed by Filter: 2521113
Planning time: 0.826 ms
Execution time: 20479.645 ms
