Seq Scan on movie_keyword mk  (cost=0.00..81003.12 rows=1124238 width=0) (actual time=0.015..1365.913 rows=1132545 loops=1)
  Filter: (keyword_id < 1246)
  Rows Removed by Filter: 3391385
Planning time: 0.300 ms
Execution time: 1513.806 ms
