Seq Scan on cast_info ci  (cost=0.00..705507.15 rows=30602730 width=0) (actual time=0.021..12517.475 rows=30697633 loops=1)
  Filter: (person_id > 535629)
  Rows Removed by Filter: 5546711
Planning time: 0.306 ms
Execution time: 16123.939 ms
