Hash Join  (cost=215062.78..1410655.65 rows=15749470 width=0) (actual time=4798.907..42893.305 rows=21216361 loops=1)
  Hash Cond: (ci.movie_id = t.id)
  ->  Seq Scan on cast_info ci  (cost=0.00..614943.12 rows=36225612 width=4) (actual time=0.019..13396.538 rows=36244344 loops=1)
  ->  Hash  (cost=197026.48..197026.48 rows=1099304 width=8) (actual time=4798.121..4798.121 rows=879904 loops=1)
        Buckets: 131072  Batches: 16  Memory Usage: 3157kB
        ->  Hash Join  (cost=102767.86..197026.48 rows=1099304 width=8) (actual time=2341.003..4563.199 rows=879904 loops=1)
              Hash Cond: (mc.movie_id = t.id)
              ->  Seq Scan on movie_companies mc  (cost=0.00..57926.93 rows=1099304 width=4) (actual time=0.021..1120.074 rows=879904 loops=1)
                    Filter: ((company_id < 76907) AND (company_type_id = 2))
                    Rows Removed by Filter: 1729225
              ->  Hash  (cost=61283.27..61283.27 rows=2528527 width=4) (actual time=2339.750..2339.750 rows=2528312 loops=1)
                    Buckets: 131072  Batches: 64  Memory Usage: 2415kB
                    ->  Seq Scan on title t  (cost=0.00..61283.27 rows=2528527 width=4) (actual time=0.008..924.127 rows=2528312 loops=1)
Planning time: 1.190 ms
Execution time: 45063.500 ms
