Hash Join  (cost=85935.55..479387.29 rows=888198 width=0) (actual time=2634.052..8904.038 rows=964518 loops=1)
  Hash Cond: (mi.movie_id = t.id)
  ->  Seq Scan on movie_info mi  (cost=0.00..346232.03 rows=3068194 width=4) (actual time=1168.405..5611.932 rows=3036719 loops=1)
        Filter: (info_type_id = 16)
        Rows Removed by Filter: 11799001
  ->  Hash  (cost=73925.90..73925.90 rows=731972 width=4) (actual time=1464.364..1464.364 rows=635910 loops=1)
        Buckets: 131072  Batches: 16  Memory Usage: 2429kB
        ->  Seq Scan on title t  (cost=0.00..73925.90 rows=731972 width=4) (actual time=0.033..1253.702 rows=635910 loops=1)
              Filter: ((kind_id < 7) AND (production_year > 1984))
              Rows Removed by Filter: 1892402
Planning time: 0.798 ms
Execution time: 9020.090 ms
