Hash Join  (cost=287961.59..931140.82 rows=13584540 width=0) (actual time=6013.771..46117.520 rows=114981675 loops=1)
  Hash Cond: (mi.movie_id = t.id)
  ->  Seq Scan on movie_info mi  (cost=0.00..309384.22 rows=14739122 width=4) (actual time=0.018..5855.908 rows=14835720 loops=1)
  ->  Hash  (cost=249726.89..249726.89 rows=2330456 width=8) (actual time=6012.628..6012.628 rows=2329808 loops=1)
        Buckets: 131072  Batches: 32  Memory Usage: 3934kB
        ->  Hash Join  (cost=102767.86..249726.89 rows=2330456 width=8) (actual time=1974.283..5434.348 rows=2329808 loops=1)
              Hash Cond: (mk.movie_id = t.id)
              ->  Seq Scan on movie_keyword mk  (cost=0.00..81003.12 rows=2330456 width=4) (actual time=0.020..1491.622 rows=2329808 loops=1)
                    Filter: (keyword_id < 5131)
                    Rows Removed by Filter: 2194122
              ->  Hash  (cost=61283.27..61283.27 rows=2528527 width=4) (actual time=1971.233..1971.233 rows=2528312 loops=1)
                    Buckets: 131072  Batches: 64  Memory Usage: 2425kB
                    ->  Seq Scan on title t  (cost=0.00..61283.27 rows=2528527 width=4) (actual time=0.019..1107.699 rows=2528312 loops=1)
Planning time: 7.631 ms
Execution time: 59303.306 ms
