Nested Loop  (cost=0.43..83072.29 rows=191 width=0) (actual time=1.838..1415.929 rows=435 loops=1)
  ->  Seq Scan on movie_keyword mk  (cost=0.00..81003.12 rows=246 width=4) (actual time=1.792..1372.934 rows=487 loops=1)
        Filter: (keyword_id = 3321)
        Rows Removed by Filter: 4523443
  ->  Index Scan using title_pkey on title t  (cost=0.43..8.40 rows=1 width=4) (actual time=0.086..0.086 rows=1 loops=487)
        Index Cond: (id = mk.movie_id)
        Filter: (production_year > 1978)
        Rows Removed by Filter: 0
Planning time: 0.738 ms
Execution time: 1416.272 ms
