Hash Join  (cost=107619.68..194707.31 rows=42959 width=0) (actual time=1943.647..3925.633 rows=125405 loops=1)
  Hash Cond: (mk.movie_id = t.id)
  ->  Seq Scan on movie_keyword mk  (cost=0.00..69693.30 rows=4523930 width=4) (actual time=0.013..1110.132 rows=4523930 loops=1)
  ->  Hash  (cost=107319.54..107319.54 rows=24011 width=8) (actual time=1943.329..1943.329 rows=24022 loops=1)
        Buckets: 32768  Batches: 1  Memory Usage: 1195kB
        ->  Hash Join  (cost=76120.03..107319.54 rows=24011 width=8) (actual time=1230.092..1933.504 rows=24022 loops=1)
              Hash Cond: (mi_idx.movie_id = t.id)
              ->  Seq Scan on movie_info_idx mi_idx  (cost=0.00..25185.44 rows=454124 width=4) (actual time=0.027..493.824 rows=459925 loops=1)
                    Filter: (info_type_id = 100)
                    Rows Removed by Filter: 920110
              ->  Hash  (cost=73925.90..73925.90 rows=133690 width=4) (actual time=1229.350..1229.350 rows=120471 loops=1)
                    Buckets: 131072  Batches: 2  Memory Usage: 3141kB
                    ->  Seq Scan on title t  (cost=0.00..73925.90 rows=133690 width=4) (actual time=0.064..1184.824 rows=120471 loops=1)
                          Filter: ((kind_id < 4) AND (production_year > 2010))
                          Rows Removed by Filter: 2407841
Planning time: 1.194 ms
Execution time: 3941.924 ms
