Seq Scan on movie_keyword mk  (cost=0.00..81003.12 rows=3973790 width=0) (actual time=0.016..1567.853 rows=3977026 loops=1)
  Filter: (keyword_id < 33661)
  Rows Removed by Filter: 546904
Planning time: 0.311 ms
Execution time: 2048.622 ms
