Hash Join  (cost=709678.15..1074363.23 rows=2915 width=0) (actual time=11022.519..17642.444 rows=117 loops=1)
  Hash Cond: (mi.movie_id = t.id)
  ->  Seq Scan on movie_info mi  (cost=0.00..309384.22 rows=14739122 width=4) (actual time=0.016..4397.572 rows=14835720 loops=1)
  ->  Hash  (cost=709671.90..709671.90 rows=500 width=8) (actual time=10526.044..10526.044 rows=11 loops=1)
        Buckets: 1024  Batches: 1  Memory Usage: 9kB
        ->  Nested Loop  (cost=0.43..709671.90 rows=500 width=8) (actual time=1775.958..10526.021 rows=11 loops=1)
              ->  Seq Scan on cast_info ci  (cost=0.00..705507.15 rows=500 width=4) (actual time=1775.837..10525.596 rows=11 loops=1)
                    Filter: (person_id = 2107192)
                    Rows Removed by Filter: 36244333
              ->  Index Only Scan using title_pkey on title t  (cost=0.43..8.32 rows=1 width=4) (actual time=0.031..0.032 rows=1 loops=11)
                    Index Cond: (id = ci.movie_id)
                    Heap Fetches: 11
Planning time: 1.204 ms
Execution time: 17642.626 ms
