Hash Join  (cost=83729.89..170448.19 rows=6026 width=0) (actual time=963.831..2767.508 rows=8260 loops=1)
  Hash Cond: (mk.movie_id = t.id)
  ->  Seq Scan on movie_keyword mk  (cost=0.00..69693.30 rows=4523930 width=4) (actual time=0.027..999.100 rows=4523930 loops=1)
  ->  Hash  (cost=83687.79..83687.79 rows=3368 width=8) (actual time=962.833..962.833 rows=4689 loops=1)
        Buckets: 8192 (originally 4096)  Batches: 1 (originally 1)  Memory Usage: 248kB
        ->  Nested Loop  (cost=0.43..83687.79 rows=3368 width=8) (actual time=281.011..960.305 rows=4689 loops=1)
              ->  Seq Scan on movie_companies mc  (cost=0.00..57926.93 rows=3368 width=4) (actual time=280.922..844.726 rows=4689 loops=1)
                    Filter: ((company_id = 7851) AND (company_type_id = 2))
                    Rows Removed by Filter: 2604440
              ->  Index Only Scan using title_pkey on title t  (cost=0.43..7.64 rows=1 width=4) (actual time=0.024..0.024 rows=1 loops=4689)
                    Index Cond: (id = mc.movie_id)
                    Heap Fetches: 4689
Planning time: 0.824 ms
Execution time: 2768.980 ms
