Seq Scan on movie_keyword mk  (cost=0.00..81003.12 rows=1935371 width=0) (actual time=0.014..1471.233 rows=1944590 loops=1)
  Filter: (keyword_id > 6708)
  Rows Removed by Filter: 2579340
Planning time: 0.330 ms
Execution time: 1715.852 ms
