Hash Join  (cost=89678.24..183983.22 rows=236107 width=0) (actual time=1613.862..3824.732 rows=534252 loops=1)
  Hash Cond: (mk.movie_id = t.id)
  ->  Seq Scan on movie_keyword mk  (cost=0.00..81003.12 rows=621808 width=4) (actual time=0.018..1320.889 rows=621937 loops=1)
        Filter: (keyword_id > 29338)
        Rows Removed by Filter: 3901993
  ->  Hash  (cost=73925.90..73925.90 rows=960107 width=4) (actual time=1612.608..1612.608 rows=977778 loops=1)
        Buckets: 131072  Batches: 16  Memory Usage: 3181kB
        ->  Seq Scan on title t  (cost=0.00..73925.90 rows=960107 width=4) (actual time=0.017..1312.734 rows=977778 loops=1)
              Filter: ((kind_id < 7) AND (production_year > 0))
              Rows Removed by Filter: 1550534
Planning time: 0.842 ms
Execution time: 3887.269 ms
