Seq Scan on cast_info ci  (cost=0.00..796071.18 rows=9690547 width=0) (actual time=5806.747..15233.160 rows=6520452 loops=1)
  Filter: ((person_id > 837165) AND (role_id = 1))
  Rows Removed by Filter: 29723892
Planning time: 0.778 ms
Execution time: 15972.281 ms
