Seq Scan on cast_info ci  (cost=0.00..796071.18 rows=420 width=0) (actual time=3684.918..15051.203 rows=159 loops=1)
  Filter: ((role_id < 9) AND (person_id = 815585))
  Rows Removed by Filter: 36244185
Planning time: 0.316 ms
Execution time: 15051.298 ms
