Seq Scan on movie_companies mc  (cost=0.00..57926.93 rows=46592 width=0) (actual time=2.697..779.308 rows=91697 loops=1)
  Filter: ((company_id > 162617) AND (company_type_id = 2))
  Rows Removed by Filter: 2517432
Planning time: 0.336 ms
Execution time: 791.115 ms
