Seq Scan on movie_companies mc  (cost=0.00..51404.11 rows=224035 width=0) (actual time=0.027..921.510 rows=223883 loops=1)
  Filter: (company_id < 82)
  Rows Removed by Filter: 2385246
Planning time: 0.345 ms
Execution time: 950.924 ms
