Hash Join  (cost=74529.47..162051.40 rows=86389 width=0) (actual time=1197.972..3006.773 rows=73876 loops=1)
  Hash Cond: (mk.movie_id = t.id)
  ->  Seq Scan on movie_keyword mk  (cost=0.00..69693.30 rows=4523930 width=4) (actual time=0.013..908.072 rows=4523930 loops=1)
  ->  Hash  (cost=73925.90..73925.90 rows=48285 width=4) (actual time=1197.161..1197.161 rows=34476 loops=1)
        Buckets: 65536  Batches: 1  Memory Usage: 1725kB
        ->  Seq Scan on title t  (cost=0.00..73925.90 rows=48285 width=4) (actual time=467.447..1184.236 rows=34476 loops=1)
              Filter: ((production_year > 2003) AND (kind_id = 3))
              Rows Removed by Filter: 2493836
Planning time: 0.769 ms
Execution time: 3016.966 ms
