Seq Scan on movie_companies mc  (cost=0.00..57926.93 rows=51 width=0) (actual time=818.142..1030.482 rows=42 loops=1)
  Filter: ((company_id = 193) AND (company_type_id = 1))
  Rows Removed by Filter: 2609087
Planning time: 0.222 ms
Execution time: 1030.565 ms
