Hash Join  (cost=83074.74..144408.89 rows=88 width=0) (actual time=1704.535..2508.314 rows=561 loops=1)
  Hash Cond: (mc.movie_id = t.id)
  ->  Seq Scan on movie_companies mc  (cost=0.00..57926.93 rows=908354 width=4) (actual time=346.444..1103.539 rows=746199 loops=1)
        Filter: ((company_id > 1461) AND (company_type_id < 2))
        Rows Removed by Filter: 1862930
  ->  Hash  (cost=83071.67..83071.67 rows=246 width=8) (actual time=1292.214..1292.214 rows=109 loops=1)
        Buckets: 1024  Batches: 1  Memory Usage: 13kB
        ->  Nested Loop  (cost=0.43..83071.67 rows=246 width=8) (actual time=17.028..1292.057 rows=109 loops=1)
              ->  Seq Scan on movie_keyword mk  (cost=0.00..81003.12 rows=246 width=4) (actual time=16.934..1282.612 rows=109 loops=1)
                    Filter: (keyword_id = 3705)
                    Rows Removed by Filter: 4523821
              ->  Index Only Scan using title_pkey on title t  (cost=0.43..8.40 rows=1 width=4) (actual time=0.081..0.082 rows=1 loops=109)
                    Index Cond: (id = mk.movie_id)
                    Heap Fetches: 109
Planning time: 7.100 ms
Execution time: 2508.515 ms
