Hash Join  (cost=68663.42..433339.68 rows=2034 width=0) (actual time=966.515..7890.286 rows=1400 loops=1)
  Hash Cond: (mi.movie_id = t.id)
  ->  Seq Scan on movie_info mi  (cost=0.00..309384.22 rows=14739122 width=4) (actual time=0.020..4264.782 rows=14835720 loops=1)
  ->  Hash  (cost=68659.05..68659.05 rows=349 width=8) (actual time=963.809..963.809 rows=63 loops=1)
        Buckets: 1024  Batches: 1  Memory Usage: 11kB
        ->  Nested Loop  (cost=0.43..68659.05 rows=349 width=8) (actual time=265.315..963.741 rows=63 loops=1)
              ->  Seq Scan on movie_companies mc  (cost=0.00..57926.93 rows=1322 width=4) (actual time=47.568..917.598 rows=1947 loops=1)
                    Filter: ((company_type_id < 2) AND (company_id = 181))
                    Rows Removed by Filter: 2607182
              ->  Index Scan using title_pkey on title t  (cost=0.43..8.11 rows=1 width=4) (actual time=0.023..0.023 rows=0 loops=1947)
                    Index Cond: (id = mc.movie_id)
                    Filter: (kind_id = 1)
                    Rows Removed by Filter: 1
Planning time: 1.196 ms
Execution time: 7890.860 ms
