Hash Join  (cost=797557.90..884219.09 rows=315 width=0) (actual time=13375.327..14966.814 rows=190 loops=1)
  Hash Cond: (mk.movie_id = t.id)
  ->  Seq Scan on movie_keyword mk  (cost=0.00..69693.30 rows=4523930 width=4) (actual time=0.015..1018.122 rows=4523930 loops=1)
  ->  Hash  (cost=797555.70..797555.70 rows=176 width=8) (actual time=13187.725..13187.725 rows=71 loops=1)
        Buckets: 1024  Batches: 1  Memory Usage: 11kB
        ->  Nested Loop  (cost=0.43..797555.70 rows=176 width=8) (actual time=4540.083..13187.699 rows=71 loops=1)
              ->  Seq Scan on cast_info ci  (cost=0.00..796071.18 rows=176 width=4) (actual time=4539.992..13186.430 rows=71 loops=1)
                    Filter: ((role_id < 2) AND (person_id = 1495765))
                    Rows Removed by Filter: 36244273
              ->  Index Only Scan using title_pkey on title t  (cost=0.43..8.42 rows=1 width=4) (actual time=0.017..0.017 rows=1 loops=71)
                    Index Cond: (id = ci.movie_id)
                    Heap Fetches: 71
Planning time: 1.890 ms
Execution time: 14966.945 ms
