Seq Scan on movie_companies mc  (cost=0.00..57926.93 rows=1044983 width=0) (actual time=379.452..1036.464 rows=770843 loops=1)
  Filter: ((company_id < 71559) AND (company_type_id > 1))
  Rows Removed by Filter: 1838286
Planning time: 0.350 ms
Execution time: 1132.406 ms
