Hash Join  (cost=224366.57..1553947.59 rows=24384684 width=0) (actual time=5214.958..52273.529 rows=53156199 loops=1)
  Hash Cond: (ci.movie_id = t.id)
  ->  Seq Scan on cast_info ci  (cost=0.00..614943.12 rows=36225612 width=4) (actual time=0.018..13280.152 rows=36244344 loops=1)
  ->  Hash  (cost=196442.10..196442.10 rows=1702037 width=8) (actual time=5213.831..5213.831 rows=1402623 loops=1)
        Buckets: 131072  Batches: 32  Memory Usage: 2710kB
        ->  Hash Join  (cost=94666.80..196442.10 rows=1702037 width=8) (actual time=1811.911..4791.107 rows=1402623 loops=1)
              Hash Cond: (mc.movie_id = t.id)
              ->  Seq Scan on movie_companies mc  (cost=0.00..44881.29 rows=2609129 width=4) (actual time=0.010..933.498 rows=2609129 loops=1)
              ->  Hash  (cost=67604.59..67604.59 rows=1649457 width=4) (actual time=1810.612..1810.612 rows=1643514 loops=1)
                    Buckets: 131072  Batches: 32  Memory Usage: 2831kB
                    ->  Seq Scan on title t  (cost=0.00..67604.59 rows=1649457 width=4) (actual time=0.024..1292.482 rows=1643514 loops=1)
                          Filter: (production_year > 1994)
                          Rows Removed by Filter: 884798
Planning time: 4.489 ms
Execution time: 57993.080 ms
