Hash Join  (cost=161004.36..967316.15 rows=11420 width=0) (actual time=7872.974..15660.454 rows=873164 loops=1)
  Hash Cond: (ci.movie_id = t.id)
  ->  Seq Scan on cast_info ci  (cost=0.00..796071.18 rows=2025282 width=4) (actual time=4782.354..11651.243 rows=3175692 loops=1)
        Filter: ((person_id > 3476663) AND (role_id > 1))
        Rows Removed by Filter: 33068652
  ->  Hash  (cost=160826.14..160826.14 rows=14258 width=8) (actual time=3089.915..3089.915 rows=36350 loops=1)
        Buckets: 65536 (originally 16384)  Batches: 1 (originally 1)  Memory Usage: 1932kB
        ->  Hash Join  (cost=74025.52..160826.14 rows=14258 width=8) (actual time=1296.164..3077.588 rows=36350 loops=1)
              Hash Cond: (mk.movie_id = t.id)
              ->  Seq Scan on movie_keyword mk  (cost=0.00..69693.30 rows=4523930 width=4) (actual time=0.022..970.930 rows=4523930 loops=1)
              ->  Hash  (cost=73925.90..73925.90 rows=7969 width=4) (actual time=1284.311..1284.311 rows=6752 loops=1)
                    Buckets: 8192  Batches: 1  Memory Usage: 302kB
                    ->  Seq Scan on title t  (cost=0.00..73925.90 rows=7969 width=4) (actual time=496.965..1281.587 rows=6752 loops=1)
                          Filter: ((production_year > 1996) AND (kind_id = 6))
                          Rows Removed by Filter: 2521560
Planning time: 1.804 ms
Execution time: 15769.359 ms
