Hash Join  (cost=128661.55..215355.84 rows=3625 width=0) (actual time=2359.022..3952.174 rows=153677 loops=1)
  Hash Cond: (mk.movie_id = t.id)
  ->  Seq Scan on movie_keyword mk  (cost=0.00..69693.30 rows=4523930 width=4) (actual time=0.015..972.506 rows=4523930 loops=1)
  ->  Hash  (cost=128636.23..128636.23 rows=2026 width=8) (actual time=2140.018..2140.018 rows=6381 loops=1)
        Buckets: 8192 (originally 2048)  Batches: 1 (originally 1)  Memory Usage: 314kB
        ->  Hash Join  (cost=73950.44..128636.23 rows=2026 width=8) (actual time=1182.098..2137.102 rows=6381 loops=1)
              Hash Cond: (mc.movie_id = t.id)
              ->  Seq Scan on movie_companies mc  (cost=0.00..44881.29 rows=2609129 width=4) (actual time=0.008..602.977 rows=2609129 loops=1)
              ->  Hash  (cost=73925.90..73925.90 rows=1963 width=4) (actual time=1023.934..1023.934 rows=2736 loops=1)
                    Buckets: 4096 (originally 2048)  Batches: 1 (originally 1)  Memory Usage: 129kB
                    ->  Seq Scan on title t  (cost=0.00..73925.90 rows=1963 width=4) (actual time=0.082..1022.552 rows=2736 loops=1)
                          Filter: ((kind_id = 1) AND (production_year = 1953))
                          Rows Removed by Filter: 2525576
Planning time: 3.901 ms
Execution time: 3971.317 ms
