Seq Scan on title t  (cost=0.00..73925.90 rows=142448 width=0) (actual time=0.017..1348.747 rows=151188 loops=1)
  Filter: ((kind_id > 4) AND (production_year > 2011))
  Rows Removed by Filter: 2377124
Planning time: 0.220 ms
Execution time: 1370.081 ms
