Hash Join  (cost=136203.98..501793.84 rows=93394 width=0) (actual time=2410.720..10530.534 rows=1323725 loops=1)
  Hash Cond: (mi.movie_id = t.id)
  ->  Seq Scan on movie_info mi  (cost=0.00..309384.22 rows=14739122 width=4) (actual time=0.017..4294.777 rows=14835720 loops=1)
  ->  Hash  (cost=136003.70..136003.70 rows=16022 width=8) (actual time=2410.555..2410.555 rows=26495 loops=1)
        Buckets: 32768 (originally 16384)  Batches: 1 (originally 1)  Memory Usage: 1291kB
        ->  Hash Join  (cost=74478.21..136003.70 rows=16022 width=8) (actual time=1582.465..2400.531 rows=26495 loops=1)
              Hash Cond: (mc.movie_id = t.id)
              ->  Seq Scan on movie_companies mc  (cost=0.00..57926.93 rows=916891 width=4) (actual time=439.982..1075.787 rows=756399 loops=1)
                    Filter: ((company_id > 1431) AND (company_type_id < 2))
                    Rows Removed by Filter: 1852730
              ->  Hash  (cost=73925.90..73925.90 rows=44184 width=4) (actual time=1141.697..1141.697 rows=35489 loops=1)
                    Buckets: 65536  Batches: 1  Memory Usage: 1760kB
                    ->  Seq Scan on title t  (cost=0.00..73925.90 rows=44184 width=4) (actual time=0.202..1126.071 rows=35489 loops=1)
                          Filter: ((kind_id < 7) AND (production_year = 2007))
                          Rows Removed by Filter: 2492823
Planning time: 1.174 ms
Execution time: 10711.778 ms
