Seq Scan on movie_companies mc  (cost=0.00..57926.93 rows=53 width=0) (actual time=119.125..944.432 rows=16 loops=1)
  Filter: ((company_type_id > 1) AND (company_id = 17406))
  Rows Removed by Filter: 2609113
Planning time: 0.427 ms
Execution time: 944.542 ms
