Hash Join  (cost=156012.48..888949.21 rows=6113 width=0) (actual time=3033.361..17476.210 rows=4417 loops=1)
  Hash Cond: (ci.movie_id = t.id)
  ->  Seq Scan on cast_info ci  (cost=0.00..705507.15 rows=7298253 width=4) (actual time=632.581..14002.638 rows=7451973 loops=1)
        Filter: (role_id = 2)
        Rows Removed by Filter: 28792371
  ->  Hash  (cost=155986.01..155986.01 rows=2118 width=8) (actual time=2398.306..2398.306 rows=869 loops=1)
        Buckets: 4096  Batches: 1  Memory Usage: 66kB
        ->  Hash Join  (cost=74574.97..155986.01 rows=2118 width=8) (actual time=1167.860..2397.890 rows=869 loops=1)
              Hash Cond: (mk.movie_id = t.id)
              ->  Seq Scan on movie_keyword mk  (cost=0.00..81003.12 rows=103129 width=4) (actual time=0.032..1377.553 rows=117394 loops=1)
                    Filter: (keyword_id < 115)
                    Rows Removed by Filter: 4406536
              ->  Hash  (cost=73925.90..73925.90 rows=51925 width=4) (actual time=980.117..980.117 rows=56480 loops=1)
                    Buckets: 65536  Batches: 1  Memory Usage: 2498kB
                    ->  Seq Scan on title t  (cost=0.00..73925.90 rows=51925 width=4) (actual time=87.005..959.275 rows=56480 loops=1)
                          Filter: ((kind_id = 7) AND (production_year = 2004))
                          Rows Removed by Filter: 2471832
Planning time: 1.090 ms
Execution time: 17477.583 ms
