Hash Join  (cost=102767.86..1004515.54 rows=3981200 width=0) (actual time=2493.236..18069.911 rows=4455436 loops=1)
  Hash Cond: (ci.movie_id = t.id)
  ->  Seq Scan on cast_info ci  (cost=0.00..796071.18 rows=3981200 width=4) (actual time=560.710..12267.201 rows=4455436 loops=1)
        Filter: ((person_id < 481640) AND (role_id < 7))
        Rows Removed by Filter: 31788908
  ->  Hash  (cost=61283.27..61283.27 rows=2528527 width=4) (actual time=1930.981..1930.981 rows=2528312 loops=1)
        Buckets: 131072  Batches: 64  Memory Usage: 2415kB
        ->  Seq Scan on title t  (cost=0.00..61283.27 rows=2528527 width=4) (actual time=0.020..1096.235 rows=2528312 loops=1)
Planning time: 0.728 ms
Execution time: 18547.617 ms
