Hash Join  (cost=136301.07..1009994.98 rows=1952405 width=0) (actual time=8570.610..24268.196 rows=2231397 loops=1)
  Hash Cond: (ci.movie_id = t.id)
  ->  Seq Scan on cast_info ci  (cost=0.00..705507.15 rows=12726058 width=4) (actual time=5473.181..14567.337 rows=12670688 loops=1)
        Filter: (role_id < 2)
        Rows Removed by Filter: 23573656
  ->  Hash  (cost=129936.06..129936.06 rows=387921 width=8) (actual time=3095.458..3095.458 rows=237459 loops=1)
        Buckets: 131072  Batches: 8  Memory Usage: 2200kB
        ->  Hash Join  (cost=85587.37..129936.06 rows=387921 width=8) (actual time=1561.691..3029.637 rows=237459 loops=1)
              Hash Cond: (mi_idx.movie_id = t.id)
              ->  Seq Scan on movie_info_idx mi_idx  (cost=0.00..21735.35 rows=1380035 width=4) (actual time=0.029..475.205 rows=1380035 loops=1)
              ->  Hash  (cost=73925.90..73925.90 rows=710757 width=4) (actual time=1559.949..1559.949 rows=594428 loops=1)
                    Buckets: 131072  Batches: 16  Memory Usage: 2330kB
                    ->  Seq Scan on title t  (cost=0.00..73925.90 rows=710757 width=4) (actual time=0.034..1370.577 rows=594428 loops=1)
                          Filter: ((kind_id > 3) AND (production_year < 2001))
                          Rows Removed by Filter: 1933884
Planning time: 1.122 ms
Execution time: 24530.972 ms
