Hash Join  (cost=83073.88..111706.06 rows=28 width=0) (actual time=1553.536..1845.771 rows=22 loops=1)
  Hash Cond: (mi_idx.movie_id = t.id)
  ->  Seq Scan on movie_info_idx mi_idx  (cost=0.00..25185.44 rows=919057 width=4) (actual time=0.014..405.949 rows=920110 loops=1)
        Filter: (info_type_id > 99)
        Rows Removed by Filter: 459925
  ->  Hash  (cost=83072.90..83072.90 rows=78 width=8) (actual time=1333.889..1333.889 rows=18 loops=1)
        Buckets: 1024  Batches: 1  Memory Usage: 9kB
        ->  Nested Loop  (cost=0.43..83072.90 rows=78 width=8) (actual time=1123.519..1333.855 rows=18 loops=1)
              ->  Seq Scan on movie_keyword mk  (cost=0.00..81003.12 rows=246 width=4) (actual time=0.749..1317.613 rows=305 loops=1)
                    Filter: (keyword_id = 3170)
                    Rows Removed by Filter: 4523625
              ->  Index Scan using title_pkey on title t  (cost=0.43..8.40 rows=1 width=4) (actual time=0.051..0.051 rows=0 loops=305)
                    Index Cond: (id = mk.movie_id)
                    Filter: ((production_year > 2001) AND (kind_id = 7))
                    Rows Removed by Filter: 1
Planning time: 1.207 ms
Execution time: 1845.940 ms
