Seq Scan on cast_info ci  (cost=0.00..705507.15 rows=500 width=0) (actual time=4151.335..10748.606 rows=56 loops=1)
  Filter: (person_id = 975755)
  Rows Removed by Filter: 36244288
Planning time: 0.399 ms
Execution time: 10748.802 ms
