Hash Join  (cost=74486.21..831697.20 rows=642183 width=0) (actual time=1290.687..20685.953 rows=686178 loops=1)
  Hash Cond: (ci.movie_id = t.id)
  ->  Seq Scan on cast_info ci  (cost=0.00..614943.12 rows=36225612 width=4) (actual time=0.021..9112.177 rows=36244344 loops=1)
  ->  Hash  (cost=73925.90..73925.90 rows=44824 width=4) (actual time=1290.304..1290.304 rows=30839 loops=1)
        Buckets: 65536  Batches: 1  Memory Usage: 1597kB
        ->  Seq Scan on title t  (cost=0.00..73925.90 rows=44824 width=4) (actual time=511.846..1277.327 rows=30839 loops=1)
              Filter: ((production_year > 2004) AND (kind_id = 3))
              Rows Removed by Filter: 2497473
Planning time: 0.709 ms
Execution time: 20790.928 ms
