Hash Join  (cost=190396.01..1268572.08 rows=3288287 width=0) (actual time=4879.651..36913.846 rows=19896860 loops=1)
  Hash Cond: (ci.movie_id = t.id)
  ->  Seq Scan on cast_info ci  (cost=0.00..705507.15 rows=29290942 width=4) (actual time=1270.939..15391.095 rows=29371549 loops=1)
        Filter: (person_id > 663925)
        Rows Removed by Filter: 6872795
  ->  Hash  (cost=185738.76..185738.76 rows=283860 width=8) (actual time=3607.812..3607.812 rows=407880 loops=1)
        Buckets: 131072 (originally 131072)  Batches: 8 (originally 4)  Memory Usage: 3073kB
        ->  Hash Join  (cost=81025.55..185738.76 rows=283860 width=8) (actual time=1107.825..3478.455 rows=407880 loops=1)
              Hash Cond: (mk.movie_id = t.id)
              ->  Seq Scan on movie_keyword mk  (cost=0.00..81003.12 rows=1658795 width=4) (actual time=0.033..1482.204 rows=1669930 loops=1)
                    Filter: (keyword_id < 2560)
                    Rows Removed by Filter: 2854000
              ->  Hash  (cost=73925.90..73925.90 rows=432692 width=4) (actual time=1106.821..1106.821 rows=368246 loops=1)
                    Buckets: 131072  Batches: 8  Memory Usage: 2646kB
                    ->  Seq Scan on title t  (cost=0.00..73925.90 rows=432692 width=4) (actual time=0.019..1002.268 rows=368246 loops=1)
                          Filter: ((kind_id < 7) AND (production_year > 2004))
                          Rows Removed by Filter: 2160066
Planning time: 1.206 ms
Execution time: 39223.351 ms
