Seq Scan on cast_info ci  (cost=0.00..796071.18 rows=7449902 width=0) (actual time=0.027..15528.288 rows=12670688 loops=1)
  Filter: ((person_id < 2125196) AND (role_id = 1))
  Rows Removed by Filter: 23573656
Planning time: 0.404 ms
Execution time: 17076.293 ms
