Seq Scan on movie_companies mc  (cost=0.00..51404.11 rows=104 width=0) (actual time=79.337..851.850 rows=23 loops=1)
  Filter: (company_id = 14613)
  Rows Removed by Filter: 2609106
Planning time: 0.398 ms
Execution time: 851.947 ms
