Hash Join  (cost=165663.93..522982.51 rows=11348 width=0) (actual time=4258.284..8942.675 rows=12603 loops=1)
  Hash Cond: (mi.movie_id = t.id)
  ->  Seq Scan on movie_info mi  (cost=0.00..346232.03 rows=2194617 width=4) (actual time=641.675..5113.550 rows=2233850 loops=1)
        Filter: (info_type_id > 16)
        Rows Removed by Filter: 12601870
  ->  Hash  (cost=165500.51..165500.51 rows=13074 width=8) (actual time=3459.360..3459.360 rows=4017 loops=1)
        Buckets: 16384  Batches: 1  Memory Usage: 285kB
        ->  Hash Join  (cost=67697.55..165500.51 rows=13074 width=8) (actual time=1465.722..3457.431 rows=4017 loops=1)
              Hash Cond: (mk.movie_id = t.id)
              ->  Seq Scan on movie_keyword mk  (cost=0.00..81003.12 rows=4445091 width=4) (actual time=0.029..1635.081 rows=4439551 loops=1)
                    Filter: (keyword_id > 71)
                    Rows Removed by Filter: 84379
              ->  Hash  (cost=67604.59..67604.59 rows=7437 width=4) (actual time=1167.908..1167.908 rows=3781 loops=1)
                    Buckets: 8192  Batches: 1  Memory Usage: 197kB
                    ->  Seq Scan on title t  (cost=0.00..67604.59 rows=7437 width=4) (actual time=611.680..1166.072 rows=3781 loops=1)
                          Filter: (production_year = 1918)
                          Rows Removed by Filter: 2524531
Planning time: 6.456 ms
Execution time: 8944.547 ms
