Hash Join  (cost=165220.51..549042.51 rows=74218 width=181) (actual time=3439.726..16631.268 rows=2606874 loops=1)
  Hash Cond: (mi.movie_id = t.id)
  ->  Seq Scan on movie_info mi  (cost=0.00..309384.22 rows=14739122 width=75) (actual time=0.008..5961.805 rows=14835720 loops=1)
  ->  Hash  (cost=165061.36..165061.36 rows=12732 width=106) (actual time=3436.808..3436.808 rows=46232 loops=1)
        Buckets: 32768 (originally 16384)  Batches: 2 (originally 1)  Memory Usage: 3841kB
        ->  Hash Join  (cost=67697.55..165061.36 rows=12732 width=106) (actual time=1388.516..3408.708 rows=46232 loops=1)
              Hash Cond: (mk.movie_id = t.id)
              ->  Seq Scan on movie_keyword mk  (cost=0.00..81003.12 rows=4328897 width=12) (actual time=0.014..1439.821 rows=4315625 loops=1)
                    Filter: (keyword_id > 137)
                    Rows Removed by Filter: 208305
              ->  Hash  (cost=67604.59..67604.59 rows=7437 width=94) (actual time=1388.331..1388.331 rows=19861 loops=1)
                    Buckets: 32768 (originally 8192)  Batches: 1 (originally 1)  Memory Usage: 2499kB
                    ->  Seq Scan on title t  (cost=0.00..67604.59 rows=7437 width=94) (actual time=0.043..1377.317 rows=19861 loops=1)
                          Filter: (production_year = 1988)
                          Rows Removed by Filter: 2508451
Planning time: 7.065 ms
Execution time: 16785.990 ms
