Seq Scan on movie_keyword mk  (cost=0.00..81003.12 rows=3337787 width=0) (actual time=0.020..1506.135 rows=3327935 loops=1)
  Filter: (keyword_id < 15425)
  Rows Removed by Filter: 1195995
Planning time: 0.274 ms
Execution time: 1920.844 ms
