Hash Join  (cost=491650.71..608112.50 rows=700461 width=0) (actual time=8632.296..11805.724 rows=2206185 loops=1)
  Hash Cond: (mk.movie_id = t.id)
  ->  Seq Scan on movie_keyword mk  (cost=0.00..81003.12 rows=2187213 width=4) (actual time=0.027..1591.407 rows=2184885 loops=1)
        Filter: (keyword_id > 5170)
        Rows Removed by Filter: 2339045
  ->  Hash  (cost=478364.61..478364.61 rows=809768 width=8) (actual time=8631.496..8631.496 rows=802140 loops=1)
        Buckets: 131072  Batches: 16  Memory Usage: 2985kB
        ->  Hash Join  (cost=102767.86..478364.61 rows=809768 width=8) (actual time=6438.841..8383.833 rows=802140 loops=1)
              Hash Cond: (mi.movie_id = t.id)
              ->  Seq Scan on movie_info mi  (cost=0.00..346232.03 rows=809768 width=4) (actual time=4458.083..5316.868 rows=802140 loops=1)
                    Filter: (info_type_id < 2)
                    Rows Removed by Filter: 14033580
              ->  Hash  (cost=61283.27..61283.27 rows=2528527 width=4) (actual time=1979.684..1979.684 rows=2528312 loops=1)
                    Buckets: 131072  Batches: 64  Memory Usage: 2425kB
                    ->  Seq Scan on title t  (cost=0.00..61283.27 rows=2528527 width=4) (actual time=0.021..1110.093 rows=2528312 loops=1)
Planning time: 1.092 ms
Execution time: 12047.942 ms
