Seq Scan on cast_info ci  (cost=0.00..796071.18 rows=3831987 width=0) (actual time=1697.924..11560.539 rows=8563301 loops=1)
  Filter: ((person_id > 2831115) AND (role_id > 2))
  Rows Removed by Filter: 27681043
Planning time: 0.386 ms
Execution time: 12526.216 ms
