Seq Scan on title t  (cost=0.00..67604.59 rows=7437 width=0) (actual time=0.024..1056.276 rows=19440 loops=1)
  Filter: (production_year = 1986)
  Rows Removed by Filter: 2508872
Planning time: 0.372 ms
Execution time: 1060.425 ms
