Seq Scan on movie_keyword mk  (cost=0.00..81003.12 rows=246 width=0) (actual time=2.277..1290.435 rows=465 loops=1)
  Filter: (keyword_id = 7081)
  Rows Removed by Filter: 4523465
Planning time: 0.341 ms
Execution time: 1290.744 ms
