Seq Scan on movie_companies mc  (cost=0.00..57926.93 rows=53 width=0) (actual time=14.656..870.748 rows=239 loops=1)
  Filter: ((company_type_id > 1) AND (company_id = 8416))
  Rows Removed by Filter: 2608890
Planning time: 0.363 ms
Execution time: 870.914 ms
