Hash Join  (cost=73982.55..428028.85 rows=3717 width=0) (actual time=1424.349..6832.857 rows=5884 loops=1)
  Hash Cond: (mi.movie_id = t.id)
  ->  Seq Scan on movie_info mi  (cost=0.00..346232.03 rows=2073893 width=4) (actual time=307.298..5391.433 rows=2091068 loops=1)
        Filter: (info_type_id < 3)
        Rows Removed by Filter: 12744652
  ->  Hash  (cost=73925.90..73925.90 rows=4532 width=4) (actual time=1113.882..1113.882 rows=4691 loops=1)
        Buckets: 8192  Batches: 1  Memory Usage: 229kB
        ->  Seq Scan on title t  (cost=0.00..73925.90 rows=4532 width=4) (actual time=32.332..1111.548 rows=4691 loops=1)
              Filter: ((kind_id = 7) AND (production_year = 1955))
              Rows Removed by Filter: 2523621
Planning time: 0.805 ms
Execution time: 6833.696 ms
