Nested Loop  (cost=51484.37..132615.97 rows=1 width=0) (actual time=1145.434..2161.340 rows=29 loops=1)
  ->  Hash Join  (cost=51483.94..132594.72 rows=3 width=8) (actual time=1145.357..2160.654 rows=29 loops=1)
        Hash Cond: (mk.movie_id = mc.movie_id)
        ->  Seq Scan on movie_keyword mk  (cost=0.00..81003.12 rows=246 width=4) (actual time=0.121..1335.475 rows=2326 loops=1)
              Filter: (keyword_id = 1324)
              Rows Removed by Filter: 4521604
        ->  Hash  (cost=51404.11..51404.11 rows=6386 width=4) (actual time=823.549..823.549 rows=5779 loops=1)
              Buckets: 8192  Batches: 1  Memory Usage: 268kB
              ->  Seq Scan on movie_companies mc  (cost=0.00..51404.11 rows=6386 width=4) (actual time=0.028..821.886 rows=5779 loops=1)
                    Filter: (company_id > 229410)
                    Rows Removed by Filter: 2603350
  ->  Index Only Scan using title_pkey on title t  (cost=0.43..7.07 rows=1 width=4) (actual time=0.020..0.021 rows=1 loops=29)
        Index Cond: (id = mc.movie_id)
        Heap Fetches: 29
Planning time: 5.074 ms
Execution time: 2161.473 ms
