Hash Join  (cost=69002.72..135002.72 rows=21917 width=0) (actual time=1388.056..2458.699 rows=26326 loops=1)
  Hash Cond: (mc.movie_id = t.id)
  ->  Seq Scan on movie_companies mc  (cost=0.00..57926.93 rows=650371 width=4) (actual time=302.273..1036.882 rows=902986 loops=1)
        Filter: ((company_id > 11373) AND (company_type_id > 1))
        Rows Removed by Filter: 1706143
  ->  Hash  (cost=67604.59..67604.59 rows=85211 width=4) (actual time=1084.839..1084.839 rows=84593 loops=1)
        Buckets: 131072  Batches: 2  Memory Usage: 2518kB
        ->  Seq Scan on title t  (cost=0.00..67604.59 rows=85211 width=4) (actual time=0.027..1045.225 rows=84593 loops=1)
              Filter: (production_year = 2004)
              Rows Removed by Filter: 2443719
Planning time: 0.729 ms
Execution time: 2463.157 ms
