Seq Scan on cast_info ci  (cost=0.00..705507.15 rows=500 width=0) (actual time=6161.113..10284.561 rows=8 loops=1)
  Filter: (person_id = 1397011)
  Rows Removed by Filter: 36244336
Planning time: 0.297 ms
Execution time: 10284.655 ms
