Seq Scan on cast_info ci  (cost=0.00..705507.15 rows=3908100 width=0) (actual time=0.016..11284.712 rows=3784235 loops=1)
  Filter: (person_id < 363034)
  Rows Removed by Filter: 32460109
Planning time: 0.229 ms
Execution time: 11741.438 ms
