Hash Join  (cost=77838.49..156280.50 rows=246048 width=0) (actual time=1253.768..3420.479 rows=311491 loops=1)
  Hash Cond: (mc.movie_id = t.id)
  ->  Seq Scan on movie_companies mc  (cost=0.00..44881.29 rows=2609129 width=4) (actual time=0.031..912.583 rows=2609129 loops=1)
  ->  Hash  (cost=73925.90..73925.90 rows=238447 width=4) (actual time=1252.987..1252.987 rows=200165 loops=1)
        Buckets: 131072  Batches: 4  Memory Usage: 2784kB
        ->  Seq Scan on title t  (cost=0.00..73925.90 rows=238447 width=4) (actual time=0.021..1187.967 rows=200165 loops=1)
              Filter: ((production_year > 2006) AND (kind_id = 1))
              Rows Removed by Filter: 2328147
Planning time: 0.770 ms
Execution time: 3459.398 ms
