Hash Join  (cost=189933.24..1064037.24 rows=1990514 width=0) (actual time=4389.704..29269.710 rows=20909472 loops=1)
  Hash Cond: (ci.movie_id = t.id)
  ->  Seq Scan on cast_info ci  (cost=0.00..705507.15 rows=12726058 width=4) (actual time=190.509..14242.502 rows=12670688 loops=1)
        Filter: (role_id < 2)
        Rows Removed by Filter: 23573656
  ->  Hash  (cost=183444.58..183444.58 rows=395493 width=8) (actual time=4198.287..4198.287 rows=942397 loops=1)
        Buckets: 131072 (originally 131072)  Batches: 16 (originally 8)  Memory Usage: 3371kB
        ->  Hash Join  (cost=78556.72..183444.58 rows=395493 width=8) (actual time=1392.402..3925.550 rows=942397 loops=1)
              Hash Cond: (mk.movie_id = t.id)
              ->  Seq Scan on movie_keyword mk  (cost=0.00..81003.12 rows=1498080 width=4) (actual time=0.031..1511.334 rows=1518879 loops=1)
                    Filter: (keyword_id > 10646)
                    Rows Removed by Filter: 3005051
              ->  Hash  (cost=67604.59..67604.59 rows=667531 width=4) (actual time=1391.056..1391.056 rows=662825 loops=1)
                    Buckets: 131072  Batches: 16  Memory Usage: 2486kB
                    ->  Seq Scan on title t  (cost=0.00..67604.59 rows=667531 width=4) (actual time=0.013..1183.229 rows=662825 loops=1)
                          Filter: (kind_id < 2)
                          Rows Removed by Filter: 1865487
Planning time: 1.182 ms
Execution time: 31590.475 ms
