Seq Scan on cast_info ci  (cost=0.00..796071.18 rows=5206812 width=0) (actual time=9681.074..13155.284 rows=7238798 loops=1)
  Filter: ((person_id < 2671411) AND (role_id = 2))
  Rows Removed by Filter: 29005546
Planning time: 0.259 ms
Execution time: 13983.428 ms
