Seq Scan on movie_companies mc  (cost=0.00..51404.11 rows=1554179 width=0) (actual time=0.025..803.806 rows=1557249 loops=1)
  Filter: (company_id > 6158)
  Rows Removed by Filter: 1051880
Planning time: 0.312 ms
Execution time: 963.838 ms
