Hash Join  (cost=142160.08..169258.47 rows=18791 width=0) (actual time=2172.163..2755.838 rows=17947 loops=1)
  Hash Cond: (mi_idx.movie_id = t.id)
  ->  Seq Scan on movie_info_idx mi_idx  (cost=0.00..21735.35 rows=1380035 width=4) (actual time=0.017..300.643 rows=1380035 loops=1)
  ->  Hash  (cost=141729.71..141729.71 rows=34430 width=8) (actual time=2171.755..2171.755 rows=11349 loops=1)
        Buckets: 65536  Batches: 1  Memory Usage: 956kB
        ->  Hash Join  (cost=78988.28..141729.71 rows=34430 width=8) (actual time=1228.549..2167.757 rows=11349 loops=1)
              Hash Cond: (mc.movie_id = t.id)
              ->  Seq Scan on movie_companies mc  (cost=0.00..57926.93 rows=282184 width=4) (actual time=0.020..834.766 rows=143070 loops=1)
                    Filter: ((company_id < 559) AND (company_type_id > 1))
                    Rows Removed by Filter: 2466059
              ->  Hash  (cost=73925.90..73925.90 rows=308510 width=4) (actual time=1227.678..1227.678 rows=266599 loops=1)
                    Buckets: 131072  Batches: 8  Memory Usage: 2191kB
                    ->  Seq Scan on title t  (cost=0.00..73925.90 rows=308510 width=4) (actual time=0.015..1129.464 rows=266599 loops=1)
                          Filter: ((kind_id < 7) AND (production_year > 2007))
                          Rows Removed by Filter: 2261713
Planning time: 1.178 ms
Execution time: 2758.457 ms
