Seq Scan on cast_info ci  (cost=0.00..705507.15 rows=34242481 width=0) (actual time=0.012..14198.571 rows=34221727 loops=1)
  Filter: (person_id < 3665069)
  Rows Removed by Filter: 2022617
Planning time: 0.320 ms
Execution time: 18430.211 ms
