Hash Join  (cost=101578.85..467188.02 rows=95323 width=0) (actual time=2029.191..9722.012 rows=164505 loops=1)
  Hash Cond: (mi.movie_id = t.id)
  ->  Seq Scan on movie_info mi  (cost=0.00..309384.22 rows=14739122 width=4) (actual time=0.018..4330.196 rows=14835720 loops=1)
  ->  Hash  (cost=101374.44..101374.44 rows=16353 width=8) (actual time=2028.131..2028.131 rows=17733 loops=1)
        Buckets: 32768 (originally 16384)  Batches: 1 (originally 1)  Memory Usage: 949kB
        ->  Hash Join  (cost=74300.43..101374.44 rows=16353 width=8) (actual time=1333.299..2021.099 rows=17733 loops=1)
              Hash Cond: (mi_idx.movie_id = t.id)
              ->  Seq Scan on movie_info_idx mi_idx  (cost=0.00..21735.35 rows=1380035 width=4) (actual time=0.017..340.860 rows=1380035 loops=1)
              ->  Hash  (cost=73925.90..73925.90 rows=29962 width=4) (actual time=1332.919..1332.919 rows=32487 loops=1)
                    Buckets: 32768  Batches: 1  Memory Usage: 1399kB
                    ->  Seq Scan on title t  (cost=0.00..73925.90 rows=29962 width=4) (actual time=0.092..1318.746 rows=32487 loops=1)
                          Filter: ((kind_id > 1) AND (production_year = 1997))
                          Rows Removed by Filter: 2495825
Planning time: 1.179 ms
Execution time: 9746.455 ms
