Seq Scan on movie_keyword mk  (cost=0.00..81003.12 rows=19546 width=0) (actual time=440.007..735.566 rows=16315 loops=1)
  Filter: (keyword_id > 120123)
  Rows Removed by Filter: 4507615
Planning time: 0.315 ms
Execution time: 737.200 ms
