Hash Join  (cost=74671.72..834008.94 rows=854806 width=0) (actual time=1207.831..22289.911 rows=884515 loops=1)
  Hash Cond: (ci.movie_id = t.id)
  ->  Seq Scan on cast_info ci  (cost=0.00..614943.12 rows=36225612 width=4) (actual time=0.022..9173.284 rows=36244344 loops=1)
  ->  Hash  (cost=73925.90..73925.90 rows=59665 width=4) (actual time=1207.419..1207.419 rows=68274 loops=1)
        Buckets: 131072 (originally 65536)  Batches: 1 (originally 1)  Memory Usage: 3425kB
        ->  Seq Scan on title t  (cost=0.00..73925.90 rows=59665 width=4) (actual time=0.020..1177.242 rows=68274 loops=1)
              Filter: ((kind_id > 2) AND (production_year = 2004))
              Rows Removed by Filter: 2460038
Planning time: 0.774 ms
Execution time: 22419.824 ms
