Hash Join  (cost=237195.95..317584.53 rows=666611 width=0) (actual time=4902.199..8181.012 rows=6225872 loops=1)
  Hash Cond: (mc.movie_id = t.id)
  ->  Seq Scan on movie_companies mc  (cost=0.00..51404.11 rows=1566493 width=4) (actual time=0.024..1025.936 rows=1557212 loops=1)
        Filter: (company_id < 14916)
        Rows Removed by Filter: 1051917
  ->  Hash  (cost=219541.97..219541.97 rows=1075999 width=8) (actual time=4901.504..4901.504 rows=1086069 loops=1)
        Buckets: 131072  Batches: 16  Memory Usage: 3736kB
        ->  Hash Join  (cost=102767.86..219541.97 rows=1075999 width=8) (actual time=1958.758..4594.772 rows=1086069 loops=1)
              Hash Cond: (mk.movie_id = t.id)
              ->  Seq Scan on movie_keyword mk  (cost=0.00..81003.12 rows=1075999 width=4) (actual time=0.017..1406.539 rows=1086069 loops=1)
                    Filter: (keyword_id > 16284)
                    Rows Removed by Filter: 3437861
              ->  Hash  (cost=61283.27..61283.27 rows=2528527 width=4) (actual time=1956.274..1956.274 rows=2528312 loops=1)
                    Buckets: 131072  Batches: 64  Memory Usage: 2425kB
                    ->  Seq Scan on title t  (cost=0.00..61283.27 rows=2528527 width=4) (actual time=0.014..1093.033 rows=2528312 loops=1)
Planning time: 1.257 ms
Execution time: 8866.547 ms
