Hash Join  (cost=209158.91..351944.29 rows=1705835 width=0) (actual time=4296.021..8478.841 rows=3799137 loops=1)
  Hash Cond: (mk.movie_id = t.id)
  ->  Seq Scan on movie_keyword mk  (cost=0.00..69693.30 rows=4523930 width=4) (actual time=0.013..1391.305 rows=4523930 loops=1)
  ->  Hash  (cost=193516.03..193516.03 rows=953430 width=8) (actual time=4294.934..4294.934 rows=641226 loops=1)
        Buckets: 131072  Batches: 16  Memory Usage: 2591kB
        ->  Hash Join  (cost=102767.86..193516.03 rows=953430 width=8) (actual time=2237.250..4101.879 rows=641226 loops=1)
              Hash Cond: (mc.movie_id = t.id)
              ->  Seq Scan on movie_companies mc  (cost=0.00..57926.93 rows=953430 width=4) (actual time=169.670..1097.988 rows=641226 loops=1)
                    Filter: ((company_id < 38280) AND (company_type_id > 1))
                    Rows Removed by Filter: 1967903
              ->  Hash  (cost=61283.27..61283.27 rows=2528527 width=4) (actual time=2066.366..2066.366 rows=2528312 loops=1)
                    Buckets: 131072  Batches: 64  Memory Usage: 2415kB
                    ->  Seq Scan on title t  (cost=0.00..61283.27 rows=2528527 width=4) (actual time=0.029..1192.673 rows=2528312 loops=1)
Planning time: 1.183 ms
Execution time: 8812.264 ms
