Hash Join  (cost=844093.38..1607593.92 rows=4140888 width=0) (actual time=23095.400..41521.982 rows=17474959 loops=1)
  Hash Cond: (mi.movie_id = t.id)
  ->  Seq Scan on movie_info mi  (cost=0.00..309384.22 rows=14739122 width=4) (actual time=0.006..5660.513 rows=14835720 loops=1)
  ->  Hash  (cost=832438.65..832438.65 rows=710378 width=8) (actual time=23087.923..23087.923 rows=629369 loops=1)
        Buckets: 131072  Batches: 16  Memory Usage: 2512kB
        ->  Hash Join  (cost=74545.71..832438.65 rows=710378 width=8) (actual time=1306.495..21217.275 rows=629369 loops=1)
              Hash Cond: (ci.movie_id = t.id)
              ->  Seq Scan on cast_info ci  (cost=0.00..614943.12 rows=36225612 width=4) (actual time=0.022..9127.817 rows=36244344 loops=1)
              ->  Hash  (cost=73925.90..73925.90 rows=49584 width=4) (actual time=1305.737..1305.737 rows=38752 loops=1)
                    Buckets: 65536  Batches: 1  Memory Usage: 1875kB
                    ->  Seq Scan on title t  (cost=0.00..73925.90 rows=49584 width=4) (actual time=0.025..1285.589 rows=38752 loops=1)
                          Filter: ((kind_id < 7) AND (production_year = 2008))
                          Rows Removed by Filter: 2489560
Planning time: 1.237 ms
Execution time: 43360.183 ms
