Seq Scan on cast_info ci  (cost=0.00..796071.18 rows=4494789 width=0) (actual time=0.013..12753.518 rows=7003284 loops=1)
  Filter: ((person_id > 2964919) AND (role_id > 1))
  Rows Removed by Filter: 29241060
Planning time: 0.371 ms
Execution time: 13636.255 ms
