Hash Join  (cost=79814.01..120867.25 rows=195876 width=0) (actual time=1769.094..2982.602 rows=456205 loops=1)
  Hash Cond: (mi_idx.movie_id = t.id)
  ->  Seq Scan on movie_info_idx mi_idx  (cost=0.00..21735.35 rows=1380035 width=4) (actual time=0.012..463.119 rows=1380035 loops=1)
  ->  Hash  (cost=73925.90..73925.90 rows=358888 width=4) (actual time=1768.248..1768.248 rows=447524 loops=1)
        Buckets: 131072  Batches: 8  Memory Usage: 3002kB
        ->  Seq Scan on title t  (cost=0.00..73925.90 rows=358888 width=4) (actual time=0.012..1090.416 rows=447524 loops=1)
              Filter: ((kind_id < 3) AND (production_year < 2003))
              Rows Removed by Filter: 2080788
Planning time: 0.797 ms
Execution time: 3036.363 ms
