Hash Join  (cost=184353.11..1251890.36 rows=3283816 width=0) (actual time=3726.372..40628.137 rows=27698354 loops=1)
  Hash Cond: (ci.movie_id = t.id)
  ->  Seq Scan on cast_info ci  (cost=0.00..614943.12 rows=36225612 width=4) (actual time=0.012..12893.677 rows=36244344 loops=1)
  ->  Hash  (cost=180592.01..180592.01 rows=229208 width=8) (actual time=3725.171..3725.171 rows=666902 loops=1)
        Buckets: 131072 (originally 131072)  Batches: 16 (originally 4)  Memory Usage: 3073kB
        ->  Hash Join  (cost=83891.93..180592.01 rows=229208 width=8) (actual time=1395.358..3509.490 rows=666902 loops=1)
              Hash Cond: (mk.movie_id = t.id)
              ->  Seq Scan on movie_keyword mk  (cost=0.00..81003.12 rows=954099 width=4) (actual time=0.023..1318.754 rows=955113 loops=1)
                    Filter: (keyword_id < 895)
                    Rows Removed by Filter: 3568817
              ->  Hash  (cost=73925.90..73925.90 rows=607442 width=4) (actual time=1394.475..1394.475 rows=675690 loops=1)
                    Buckets: 131072  Batches: 8  Memory Usage: 4020kB
                    ->  Seq Scan on title t  (cost=0.00..73925.90 rows=607442 width=4) (actual time=0.021..1191.247 rows=675690 loops=1)
                          Filter: ((kind_id < 7) AND (production_year < 2007))
                          Rows Removed by Filter: 1852622
Planning time: 1.162 ms
Execution time: 43760.678 ms
