Hash Join  (cost=208163.87..1013944.87 rows=124933 width=0) (actual time=11144.138..15869.932 rows=42908 loops=1)
  Hash Cond: (ci.movie_id = t.id)
  ->  Seq Scan on cast_info ci  (cost=0.00..796071.18 rows=530265 width=4) (actual time=6957.268..11530.443 rows=260237 loops=1)
        Filter: ((person_id < 193399) AND (role_id > 4))
        Rows Removed by Filter: 35984107
  ->  Hash  (cost=198389.19..198389.19 rows=595734 width=8) (actual time=4184.608..4184.608 rows=158852 loops=1)
        Buckets: 131072  Batches: 8  Memory Usage: 1805kB
        ->  Hash Join  (cost=92883.59..198389.19 rows=595734 width=8) (actual time=2017.312..4135.079 rows=158852 loops=1)
              Hash Cond: (mk.movie_id = t.id)
              ->  Seq Scan on movie_keyword mk  (cost=0.00..81003.12 rows=977628 width=4) (actual time=0.027..1514.707 rows=981593 loops=1)
                    Filter: (keyword_id > 18897)
                    Rows Removed by Filter: 3542337
              ->  Hash  (cost=67604.59..67604.59 rows=1540800 width=4) (actual time=1836.820..1836.820 rows=1543264 loops=1)
                    Buckets: 131072  Batches: 32  Memory Usage: 2728kB
                    ->  Seq Scan on title t  (cost=0.00..67604.59 rows=1540800 width=4) (actual time=0.010..1327.314 rows=1543264 loops=1)
                          Filter: (kind_id = 7)
                          Rows Removed by Filter: 985048
Planning time: 3.237 ms
Execution time: 15875.487 ms
