Seq Scan on cast_info ci  (cost=0.00..796071.18 rows=312915 width=0) (actual time=4589.875..9700.737 rows=1451024 loops=1)
  Filter: ((person_id > 3777400) AND (role_id > 6))
  Rows Removed by Filter: 34793320
Planning time: 0.399 ms
Execution time: 9865.004 ms
