Hash Join  (cost=217600.38..1142022.28 rows=6659903 width=0) (actual time=9439.949..28996.443 rows=12909299 loops=1)
  Hash Cond: (ci.movie_id = t.id)
  ->  Seq Scan on cast_info ci  (cost=0.00..705507.15 rows=12726058 width=4) (actual time=4695.204..14134.661 rows=12670688 loops=1)
        Filter: (role_id < 2)
        Rows Removed by Filter: 23573656
  ->  Hash  (cost=195890.77..195890.77 rows=1323249 width=8) (actual time=4743.656..4743.656 rows=1330518 loops=1)
        Buckets: 131072  Batches: 32  Memory Usage: 2640kB
        ->  Hash Join  (cost=102767.86..195890.77 rows=1323249 width=8) (actual time=1855.375..4359.847 rows=1330518 loops=1)
              Hash Cond: (mc.movie_id = t.id)
              ->  Seq Scan on movie_companies mc  (cost=0.00..51404.11 rows=1323249 width=4) (actual time=0.032..1006.499 rows=1330518 loops=1)
                    Filter: (company_id > 11208)
                    Rows Removed by Filter: 1278611
              ->  Hash  (cost=61283.27..61283.27 rows=2528527 width=4) (actual time=1853.603..1853.603 rows=2528312 loops=1)
                    Buckets: 131072  Batches: 64  Memory Usage: 2415kB
                    ->  Seq Scan on title t  (cost=0.00..61283.27 rows=2528527 width=4) (actual time=0.021..1056.668 rows=2528312 loops=1)
Planning time: 1.578 ms
Execution time: 30505.007 ms
