Hash Join  (cost=157513.12..280166.10 rows=768454 width=0) (actual time=3612.403..6787.259 rows=1405269 loops=1)
  Hash Cond: (mk.movie_id = t.id)
  ->  Seq Scan on movie_keyword mk  (cost=0.00..81003.12 rows=2693684 width=4) (actual time=0.013..1701.549 rows=2684807 loops=1)
        Filter: (keyword_id > 3037)
        Rows Removed by Filter: 1839123
  ->  Hash  (cost=145678.39..145678.39 rows=721338 width=8) (actual time=3610.546..3610.546 rows=602421 loops=1)
        Buckets: 131072  Batches: 16  Memory Usage: 2522kB
        ->  Hash Join  (cost=95609.53..145678.39 rows=721338 width=8) (actual time=1846.416..3418.979 rows=602421 loops=1)
              Hash Cond: (mi_idx.movie_id = t.id)
              ->  Seq Scan on movie_info_idx mi_idx  (cost=0.00..21735.35 rows=1380035 width=4) (actual time=0.024..493.366 rows=1380035 loops=1)
              ->  Hash  (cost=73925.90..73925.90 rows=1321650 width=4) (actual time=1845.047..1845.047 rows=1298128 loops=1)
                    Buckets: 131072  Batches: 32  Memory Usage: 2450kB
                    ->  Seq Scan on title t  (cost=0.00..73925.90 rows=1321650 width=4) (actual time=0.025..1424.564 rows=1298128 loops=1)
                          Filter: ((kind_id > 1) AND (production_year < 2009))
                          Rows Removed by Filter: 1230184
Planning time: 1.184 ms
Execution time: 6932.977 ms
