Hash Join  (cost=234427.15..1214638.74 rows=6573623 width=0) (actual time=14329.792..30517.445 rows=10264179 loops=1)
  Hash Cond: (ci.movie_id = t.id)
  ->  Seq Scan on cast_info ci  (cost=0.00..796071.18 rows=8655637 width=4) (actual time=8893.392..17040.498 rows=8984852 loops=1)
        Filter: ((person_id > 293010) AND (role_id > 4))
        Rows Removed by Filter: 27259492
  ->  Hash  (cost=202921.16..202921.16 rows=1920319 width=8) (actual time=5435.139..5435.139 rows=1301439 loops=1)
        Buckets: 131072  Batches: 32  Memory Usage: 2584kB
        ->  Hash Join  (cost=98137.04..202921.16 rows=1920319 width=8) (actual time=2313.166..5092.364 rows=1301439 loops=1)
              Hash Cond: (mc.movie_id = t.id)
              ->  Seq Scan on movie_companies mc  (cost=0.00..44881.29 rows=2609129 width=4) (actual time=0.030..935.283 rows=2609129 loops=1)
              ->  Hash  (cost=67604.59..67604.59 rows=1860996 width=4) (actual time=2311.989..2311.989 rows=1865487 loops=1)
                    Buckets: 131072  Batches: 32  Memory Usage: 3079kB
                    ->  Seq Scan on title t  (cost=0.00..67604.59 rows=1860996 width=4) (actual time=0.028..1446.829 rows=1865487 loops=1)
                          Filter: (kind_id > 1)
                          Rows Removed by Filter: 662825
Planning time: 1.200 ms
Execution time: 31726.813 ms
