Hash Join  (cost=830739.32..871344.21 rows=169741 width=0) (actual time=14009.138..15295.392 rows=480914 loops=1)
  Hash Cond: (mi_idx.movie_id = t.id)
  ->  Seq Scan on movie_info_idx mi_idx  (cost=0.00..21735.35 rows=1380035 width=4) (actual time=0.017..489.652 rows=1380035 loops=1)
  ->  Hash  (cost=825636.79..825636.79 rows=311002 width=8) (actual time=14008.243..14008.243 rows=339298 loops=1)
        Buckets: 131072  Batches: 8  Memory Usage: 2660kB
        ->  Hash Join  (cost=102767.86..825636.79 rows=311002 width=8) (actual time=11136.697..13904.782 rows=339298 loops=1)
              Hash Cond: (ci.movie_id = t.id)
              ->  Seq Scan on cast_info ci  (cost=0.00..705507.15 rows=311002 width=4) (actual time=9119.911..11233.238 rows=339298 loops=1)
                    Filter: (person_id > 3999737)
                    Rows Removed by Filter: 35905046
              ->  Hash  (cost=61283.27..61283.27 rows=2528527 width=4) (actual time=2015.296..2015.296 rows=2528312 loops=1)
                    Buckets: 131072  Batches: 64  Memory Usage: 2415kB
                    ->  Seq Scan on title t  (cost=0.00..61283.27 rows=2528527 width=4) (actual time=0.026..1178.244 rows=2528312 loops=1)
Planning time: 1.188 ms
Execution time: 15356.741 ms
