Hash Join  (cost=76243.83..1130838.99 rows=2023999 width=0) (actual time=1024.525..29306.302 rows=2169317 loops=1)
  Hash Cond: (ci.movie_id = t.id)
  ->  Seq Scan on cast_info ci  (cost=0.00..614943.12 rows=36225612 width=4) (actual time=0.015..12626.828 rows=36244344 loops=1)
  ->  Hash  (cost=73925.90..73925.90 rows=141274 width=4) (actual time=1023.731..1023.731 rows=150659 loops=1)
        Buckets: 131072  Batches: 2  Memory Usage: 3673kB
        ->  Seq Scan on title t  (cost=0.00..73925.90 rows=141274 width=4) (actual time=114.986..970.836 rows=150659 loops=1)
              Filter: ((production_year > 2011) AND (kind_id = 7))
              Rows Removed by Filter: 2377653
Planning time: 0.794 ms
Execution time: 29578.802 ms
