Seq Scan on cast_info ci  (cost=0.00..796071.18 rows=1270097 width=0) (actual time=0.039..12879.429 rows=408466 loops=1)
  Filter: ((person_id < 1028627) AND (role_id = 10))
  Rows Removed by Filter: 35835878
Planning time: 0.459 ms
Execution time: 12933.867 ms
