Seq Scan on movie_keyword mk  (cost=0.00..81003.12 rows=4347549 width=0) (actual time=0.036..1592.712 rows=4349973 loops=1)
  Filter: (keyword_id < 71992)
  Rows Removed by Filter: 173957
Planning time: 0.314 ms
Execution time: 2137.433 ms
