Hash Join  (cost=88257.79..238351.33 rows=1510879 width=0) (actual time=1754.048..5316.219 rows=376288 loops=1)
  Hash Cond: (mk.movie_id = t.id)
  ->  Seq Scan on movie_keyword mk  (cost=0.00..81003.12 rows=4373499 width=4) (actual time=0.014..1824.689 rows=4360169 loops=1)
        Filter: (keyword_id > 117)
        Rows Removed by Filter: 163761
  ->  Hash  (cost=73925.90..73925.90 rows=873511 width=4) (actual time=1486.753..1486.753 rows=957299 loops=1)
        Buckets: 131072  Batches: 16  Memory Usage: 3140kB
        ->  Seq Scan on title t  (cost=0.00..73925.90 rows=873511 width=4) (actual time=0.014..1178.239 rows=957299 loops=1)
              Filter: ((production_year > 1999) AND (kind_id = 7))
              Rows Removed by Filter: 1571013
Planning time: 0.729 ms
Execution time: 5355.013 ms
