Seq Scan on movie_companies mc  (cost=0.00..51404.11 rows=104 width=0) (actual time=58.163..833.240 rows=303 loops=1)
  Filter: (company_id = 23583)
  Rows Removed by Filter: 2608826
Planning time: 0.371 ms
Execution time: 833.426 ms
