Seq Scan on cast_info ci  (cost=0.00..705507.15 rows=8495891 width=0) (actual time=465.652..11774.580 rows=8383921 loops=1)
  Filter: (person_id < 821718)
  Rows Removed by Filter: 27860423
Planning time: 0.320 ms
Execution time: 12789.390 ms
