Hash Join  (cost=100901.79..465588.85 rows=3111 width=0) (actual time=1617.784..7574.038 rows=46714 loops=1)
  Hash Cond: (mi.movie_id = t.id)
  ->  Seq Scan on movie_info mi  (cost=0.00..309384.22 rows=14739122 width=4) (actual time=0.014..3281.833 rows=14835720 loops=1)
  ->  Hash  (cost=100895.12..100895.12 rows=534 width=8) (actual time=1617.661..1617.661 rows=2568 loops=1)
        Buckets: 4096 (originally 1024)  Batches: 1 (originally 1)  Memory Usage: 133kB
        ->  Hash Join  (cost=73962.22..100895.12 rows=534 width=8) (actual time=1059.557..1616.284 rows=2568 loops=1)
              Hash Cond: (mi_idx.movie_id = t.id)
              ->  Seq Scan on movie_info_idx mi_idx  (cost=0.00..25185.44 rows=464566 width=4) (actual time=0.017..462.384 rows=459925 loops=1)
                    Filter: (info_type_id = 101)
                    Rows Removed by Filter: 920110
              ->  Hash  (cost=73925.90..73925.90 rows=2905 width=4) (actual time=1058.943..1058.943 rows=6735 loops=1)
                    Buckets: 8192 (originally 4096)  Batches: 1 (originally 1)  Memory Usage: 301kB
                    ->  Seq Scan on title t  (cost=0.00..73925.90 rows=2905 width=4) (actual time=1.114..1055.591 rows=6735 loops=1)
                          Filter: ((kind_id < 7) AND (production_year = 1980))
                          Rows Removed by Filter: 2521577
Planning time: 1.160 ms
Execution time: 7581.767 ms
