Hash Join  (cost=94699.36..181430.02 rows=7262 width=0) (actual time=1756.894..3559.401 rows=10587 loops=1)
  Hash Cond: (mk.movie_id = t.id)
  ->  Seq Scan on movie_keyword mk  (cost=0.00..69693.30 rows=4523930 width=4) (actual time=0.017..1005.135 rows=4523930 loops=1)
  ->  Hash  (cost=94648.62..94648.62 rows=4059 width=8) (actual time=1753.329..1753.329 rows=1273 loops=1)
        Buckets: 4096  Batches: 1  Memory Usage: 82kB
        ->  Hash Join  (cost=67697.55..94648.62 rows=4059 width=8) (actual time=1386.133..1752.682 rows=1273 loops=1)
              Hash Cond: (mi_idx.movie_id = t.id)
              ->  Seq Scan on movie_info_idx mi_idx  (cost=0.00..21735.35 rows=1380035 width=4) (actual time=0.007..323.759 rows=1380035 loops=1)
              ->  Hash  (cost=67604.59..67604.59 rows=7437 width=4) (actual time=1155.110..1155.110 rows=2915 loops=1)
                    Buckets: 8192  Batches: 1  Memory Usage: 167kB
                    ->  Seq Scan on title t  (cost=0.00..67604.59 rows=7437 width=4) (actual time=204.253..1153.502 rows=2915 loops=1)
                          Filter: (production_year = 1927)
                          Rows Removed by Filter: 2525397
Planning time: 1.176 ms
Execution time: 3560.986 ms
