Hash Join  (cost=501674.74..1702067.28 rows=16216744 width=0) (actual time=9378.433..49273.157 rows=19130595 loops=1)
  Hash Cond: (ci.movie_id = t.id)
  ->  Seq Scan on cast_info ci  (cost=0.00..614943.12 rows=36225612 width=4) (actual time=0.012..13952.299 rows=36244344 loops=1)
  ->  Hash  (cost=483103.75..483103.75 rows=1131919 width=8) (actual time=9377.316..9377.316 rows=1093610 loops=1)
        Buckets: 131072  Batches: 16  Memory Usage: 3679kB
        ->  Hash Join  (cost=80562.70..483103.75 rows=1131919 width=8) (actual time=2082.738..8996.677 rows=1093610 loops=1)
              Hash Cond: (mi.movie_id = t.id)
              ->  Seq Scan on movie_info mi  (cost=0.00..346232.03 rows=3623957 width=4) (actual time=0.029..4283.306 rows=3624977 loops=1)
                    Filter: (info_type_id < 4)
                    Rows Removed by Filter: 11210743
              ->  Hash  (cost=67604.59..67604.59 rows=789769 width=4) (actual time=2081.388..2081.388 rows=784926 loops=1)
                    Buckets: 131072  Batches: 16  Memory Usage: 2755kB
                    ->  Seq Scan on title t  (cost=0.00..67604.59 rows=789769 width=4) (actual time=0.013..1117.982 rows=784926 loops=1)
                          Filter: (production_year > 2007)
                          Rows Removed by Filter: 1743386
Planning time: 1.213 ms
Execution time: 51492.932 ms
