Seq Scan on cast_info ci  (cost=0.00..705507.15 rows=1856826 width=0) (actual time=1728.510..11087.958 rows=1899369 loops=1)
  Filter: (person_id > 3688142)
  Rows Removed by Filter: 34344975
Planning time: 0.305 ms
Execution time: 11328.110 ms
