Hash Join  (cost=52284.99..138944.89 rows=186 width=0) (actual time=1096.912..2569.332 rows=91 loops=1)
  Hash Cond: (mk.movie_id = t.id)
  ->  Seq Scan on movie_keyword mk  (cost=0.00..69693.30 rows=4523930 width=4) (actual time=0.018..965.428 rows=4523930 loops=1)
  ->  Hash  (cost=52283.69..52283.69 rows=104 width=8) (actual time=830.596..830.596 rows=6 loops=1)
        Buckets: 1024  Batches: 1  Memory Usage: 9kB
        ->  Nested Loop  (cost=0.43..52283.69 rows=104 width=8) (actual time=402.423..830.582 rows=6 loops=1)
              ->  Seq Scan on movie_companies mc  (cost=0.00..51404.11 rows=104 width=4) (actual time=402.335..830.231 rows=6 loops=1)
                    Filter: (company_id = 133545)
                    Rows Removed by Filter: 2609123
              ->  Index Only Scan using title_pkey on title t  (cost=0.43..8.45 rows=1 width=4) (actual time=0.049..0.050 rows=1 loops=6)
                    Index Cond: (id = mc.movie_id)
                    Heap Fetches: 6
Planning time: 0.783 ms
Execution time: 2569.459 ms
