Hash Join  (cost=83072.93..447731.89 rows=303 width=0) (actual time=1293.039..8095.830 rows=573 loops=1)
  Hash Cond: (mi.movie_id = t.id)
  ->  Seq Scan on movie_info mi  (cost=0.00..309384.22 rows=14739122 width=4) (actual time=0.014..4135.756 rows=14835720 loops=1)
  ->  Hash  (cost=83072.29..83072.29 rows=52 width=8) (actual time=1271.645..1271.645 rows=11 loops=1)
        Buckets: 1024  Batches: 1  Memory Usage: 9kB
        ->  Nested Loop  (cost=0.43..83072.29 rows=52 width=8) (actual time=272.461..1271.613 rows=11 loops=1)
              ->  Seq Scan on movie_keyword mk  (cost=0.00..81003.12 rows=246 width=4) (actual time=95.803..1268.291 rows=78 loops=1)
                    Filter: (keyword_id = 14043)
                    Rows Removed by Filter: 4523852
              ->  Index Scan using title_pkey on title t  (cost=0.43..8.40 rows=1 width=4) (actual time=0.038..0.038 rows=0 loops=78)
                    Index Cond: (id = mk.movie_id)
                    Filter: (production_year > 2009)
                    Rows Removed by Filter: 1
Planning time: 1.166 ms
Execution time: 8096.141 ms
