Seq Scan on movie_companies mc  (cost=0.00..51404.11 rows=5218 width=0) (actual time=0.127..805.632 rows=4481 loops=1)
  Filter: (company_id = 11373)
  Rows Removed by Filter: 2604648
Planning time: 0.425 ms
Execution time: 806.625 ms
