Hash Join  (cost=78667.05..119065.71 rows=157717 width=0) (actual time=1142.365..2116.553 rows=61788 loops=1)
  Hash Cond: (mi_idx.movie_id = t.id)
  ->  Seq Scan on movie_info_idx mi_idx  (cost=0.00..21735.35 rows=1380035 width=4) (actual time=0.029..404.499 rows=1380035 loops=1)
  ->  Hash  (cost=73925.90..73925.90 rows=288972 width=4) (actual time=1141.386..1141.386 rows=177760 loops=1)
        Buckets: 131072  Batches: 4  Memory Usage: 2585kB
        ->  Seq Scan on title t  (cost=0.00..73925.90 rows=288972 width=4) (actual time=0.018..1082.623 rows=177760 loops=1)
              Filter: ((kind_id > 4) AND (production_year < 1977))
              Rows Removed by Filter: 2350552
Planning time: 0.741 ms
Execution time: 2124.761 ms
