Hash Join  (cost=477519.74..613068.03 rows=1111825 width=0) (actual time=9814.762..11663.967 rows=498121 loops=1)
  Hash Cond: (mk.movie_id = t.id)
  ->  Seq Scan on movie_keyword mk  (cost=0.00..69693.30 rows=4523930 width=4) (actual time=0.025..1515.346 rows=4523930 loops=1)
  ->  Hash  (cost=467323.94..467323.94 rows=621424 width=8) (actual time=8193.865..8193.865 rows=131523 loops=1)
        Buckets: 131072  Batches: 16  Memory Usage: 1350kB
        ->  Hash Join  (cost=96184.51..467323.94 rows=621424 width=8) (actual time=1944.818..8148.925 rows=131523 loops=1)
              Hash Cond: (mi.movie_id = t.id)
              ->  Seq Scan on movie_info mi  (cost=0.00..346232.03 rows=1158179 width=4) (actual time=0.023..5398.464 rows=1204709 loops=1)
                    Filter: (info_type_id > 18)
                    Rows Removed by Filter: 13631011
              ->  Hash  (cost=73925.90..73925.90 rows=1356688 width=4) (actual time=1911.761..1911.761 rows=1327781 loops=1)
                    Buckets: 131072  Batches: 32  Memory Usage: 2485kB
                    ->  Seq Scan on title t  (cost=0.00..73925.90 rows=1356688 width=4) (actual time=0.019..1484.780 rows=1327781 loops=1)
                          Filter: ((production_year < 2012) AND (kind_id = 7))
                          Rows Removed by Filter: 1200531
Planning time: 1.163 ms
Execution time: 11721.121 ms
