Hash Join  (cost=83074.74..109986.57 rows=134 width=0) (actual time=1288.072..1809.957 rows=6658 loops=1)
  Hash Cond: (mi_idx.movie_id = t.id)
  ->  Seq Scan on movie_info_idx mi_idx  (cost=0.00..21735.35 rows=1380035 width=4) (actual time=0.013..260.782 rows=1380035 loops=1)
  ->  Hash  (cost=83071.67..83071.67 rows=246 width=8) (actual time=1285.992..1285.992 rows=2295 loops=1)
        Buckets: 4096 (originally 1024)  Batches: 1 (originally 1)  Memory Usage: 122kB
        ->  Nested Loop  (cost=0.43..83071.67 rows=246 width=8) (actual time=1.117..1284.397 rows=2295 loops=1)
              ->  Seq Scan on movie_keyword mk  (cost=0.00..81003.12 rows=246 width=4) (actual time=1.065..1227.340 rows=2295 loops=1)
                    Filter: (keyword_id = 5300)
                    Rows Removed by Filter: 4521635
              ->  Index Only Scan using title_pkey on title t  (cost=0.43..8.40 rows=1 width=4) (actual time=0.024..0.024 rows=1 loops=2295)
                    Index Cond: (id = mk.movie_id)
                    Heap Fetches: 2295
Planning time: 1.186 ms
Execution time: 1811.003 ms
