Hash Join  (cost=183574.25..321721.11 rows=1250258 width=0) (actual time=4451.933..12877.672 rows=24958242 loops=1)
  Hash Cond: (mk.movie_id = t.id)
  ->  Seq Scan on movie_keyword mk  (cost=0.00..81003.12 rows=3560842 width=4) (actual time=0.020..1660.589 rows=3552068 loops=1)
        Filter: (keyword_id < 19419)
        Rows Removed by Filter: 971862
  ->  Hash  (cost=169008.76..169008.76 rows=887799 width=8) (actual time=4449.910..4449.910 rows=1702315 loops=1)
        Buckets: 131072 (originally 131072)  Batches: 32 (originally 16)  Memory Usage: 3168kB
        ->  Hash Join  (cost=81720.25..169008.76 rows=887799 width=8) (actual time=1366.676..4006.379 rows=1702315 loops=1)
              Hash Cond: (mc.movie_id = t.id)
              ->  Seq Scan on movie_companies mc  (cost=0.00..44881.29 rows=2609129 width=4) (actual time=0.025..860.470 rows=2609129 loops=1)
              ->  Hash  (cost=67604.59..67604.59 rows=860373 width=4) (actual time=1365.667..1365.667 rows=854214 loops=1)
                    Buckets: 131072  Batches: 16  Memory Usage: 2897kB
                    ->  Seq Scan on title t  (cost=0.00..67604.59 rows=860373 width=4) (actual time=0.018..1097.289 rows=854214 loops=1)
                          Filter: (kind_id < 4)
                          Rows Removed by Filter: 1674098
Planning time: 1.113 ms
Execution time: 15449.386 ms
