Seq Scan on movie_keyword mk  (cost=0.00..81003.12 rows=246 width=0) (actual time=0.975..1271.063 rows=491 loops=1)
  Filter: (keyword_id = 1583)
  Rows Removed by Filter: 4523439
Planning time: 0.393 ms
Execution time: 1271.383 ms
