Seq Scan on movie_keyword mk  (cost=0.00..81003.12 rows=4125505 width=0) (actual time=0.038..1610.687 rows=4130821 loops=1)
  Filter: (keyword_id < 43848)
  Rows Removed by Filter: 393109
Planning time: 0.309 ms
Execution time: 2133.226 ms
