Hash Join  (cost=95314.57..901818.80 rows=9412 width=0) (actual time=2129.057..16271.715 rows=17218 loops=1)
  Hash Cond: (ci.movie_id = t.id)
  ->  Seq Scan on cast_info ci  (cost=0.00..796071.18 rows=2757048 width=4) (actual time=702.175..14490.007 rows=1636251 loops=1)
        Filter: ((person_id < 2577545) AND (role_id = 3))
        Rows Removed by Filter: 34608093
  ->  Hash  (cost=95206.67..95206.67 rows=8632 width=8) (actual time=1425.965..1425.965 rows=9600 loops=1)
        Buckets: 16384  Batches: 1  Memory Usage: 503kB
        ->  Hash Join  (cost=68191.41..95206.67 rows=8632 width=8) (actual time=776.208..1421.652 rows=9600 loops=1)
              Hash Cond: (mi_idx.movie_id = t.id)
              ->  Seq Scan on movie_info_idx mi_idx  (cost=0.00..25185.44 rows=464934 width=4) (actual time=0.029..500.773 rows=460185 loops=1)
                    Filter: (info_type_id > 100)
                    Rows Removed by Filter: 919850
              ->  Hash  (cost=67604.59..67604.59 rows=46946 width=4) (actual time=775.418..775.418 rows=46583 loops=1)
                    Buckets: 65536  Batches: 1  Memory Usage: 2150kB
                    ->  Seq Scan on title t  (cost=0.00..67604.59 rows=46946 width=4) (actual time=0.043..758.059 rows=46583 loops=1)
                          Filter: (production_year = 1998)
                          Rows Removed by Filter: 2481729
Planning time: 1.226 ms
Execution time: 16274.865 ms
