Hash Join  (cost=229565.07..1240638.28 rows=4337910 width=0) (actual time=10795.901..31102.559 rows=9336744 loops=1)
  Hash Cond: (ci.movie_id = t.id)
  ->  Seq Scan on cast_info ci  (cost=0.00..796071.18 rows=13140383 width=4) (actual time=5543.798..16849.259 rows=14225761 loops=1)
        Filter: ((person_id > 654937) AND (role_id > 2))
        Rows Removed by Filter: 22018583
  ->  Hash  (cost=215870.08..215870.08 rows=834719 width=8) (actual time=5250.868..5250.868 rows=1148774 loops=1)
        Buckets: 131072  Batches: 16  Memory Usage: 3925kB
        ->  Hash Join  (cost=75818.69..215870.08 rows=834719 width=8) (actual time=1352.837..4984.706 rows=1148774 loops=1)
              Hash Cond: (mk.movie_id = t.id)
              ->  Seq Scan on movie_keyword mk  (cost=0.00..81003.12 rows=4215754 width=4) (actual time=0.030..1770.341 rows=4219968 loops=1)
                    Filter: (keyword_id < 53259)
                    Rows Removed by Filter: 303962
              ->  Hash  (cost=67604.59..67604.59 rows=500648 width=4) (actual time=1350.903..1350.903 rows=494029 loops=1)
                    Buckets: 131072  Batches: 8  Memory Usage: 3195kB
                    ->  Seq Scan on title t  (cost=0.00..67604.59 rows=500648 width=4) (actual time=0.022..1188.102 rows=494029 loops=1)
                          Filter: (production_year < 1979)
                          Rows Removed by Filter: 2034283
Planning time: 1.295 ms
Execution time: 32105.511 ms
