Hash Join  (cost=103604.85..463702.07 rows=243582 width=0) (actual time=3391.139..8150.730 rows=157481 loops=1)
  Hash Cond: (mi.movie_id = t.id)
  ->  Seq Scan on movie_info mi  (cost=0.00..346232.03 rows=340474 width=4) (actual time=1086.589..5303.268 rows=328857 loops=1)
        Filter: (info_type_id = 98)
        Rows Removed by Filter: 14506863
  ->  Hash  (cost=73925.90..73925.90 rows=1808956 width=4) (actual time=2303.580..2303.580 rows=1799907 loops=1)
        Buckets: 131072  Batches: 32  Memory Usage: 3013kB
        ->  Seq Scan on title t  (cost=0.00..73925.90 rows=1808956 width=4) (actual time=0.032..1495.055 rows=1799907 loops=1)
              Filter: ((kind_id > 1) AND (production_year > 0))
              Rows Removed by Filter: 728405
Planning time: 0.837 ms
Execution time: 8170.833 ms
