Hash Join  (cost=697533.99..2362626.57 rows=47965340 width=0) (actual time=15940.267..68986.072 rows=77354825 loops=1)
  Hash Cond: (ci.movie_id = t.id)
  ->  Seq Scan on cast_info ci  (cost=0.00..796071.18 rows=20565900 width=4) (actual time=892.340..17822.016 rows=22349545 loops=1)
        Filter: ((person_id > 424827) AND (role_id > 1))
        Rows Removed by Filter: 13894799
  ->  Hash  (cost=600781.72..600781.72 rows=5897221 width=8) (actual time=15046.538..15046.538 rows=5884963 loops=1)
        Buckets: 131072  Batches: 128  Memory Usage: 2812kB
        ->  Hash Join  (cost=102767.86..600781.72 rows=5897221 width=8) (actual time=2139.813..13404.438 rows=5884963 loops=1)
              Hash Cond: (mi.movie_id = t.id)
              ->  Seq Scan on movie_info mi  (cost=0.00..346232.03 rows=5897221 width=4) (actual time=176.678..6081.239 rows=5884963 loops=1)
                    Filter: (info_type_id < 7)
                    Rows Removed by Filter: 8950757
              ->  Hash  (cost=61283.27..61283.27 rows=2528527 width=4) (actual time=1962.212..1962.212 rows=2528312 loops=1)
                    Buckets: 131072  Batches: 64  Memory Usage: 2425kB
                    ->  Seq Scan on title t  (cost=0.00..61283.27 rows=2528527 width=4) (actual time=0.027..1106.984 rows=2528312 loops=1)
Planning time: 1.211 ms
Execution time: 77481.222 ms
