Seq Scan on cast_info ci  (cost=0.00..796071.18 rows=37607 width=0) (actual time=6711.208..9019.508 rows=143563 loops=1)
  Filter: ((person_id > 4039387) AND (role_id > 3))
  Rows Removed by Filter: 36100781
Planning time: 0.390 ms
Execution time: 9032.967 ms
