Hash Join  (cost=452211.14..581913.02 rows=631984 width=0) (actual time=7698.331..11096.018 rows=755103 loops=1)
  Hash Cond: (mk.movie_id = t.id)
  ->  Seq Scan on movie_keyword mk  (cost=0.00..69693.30 rows=4523930 width=4) (actual time=0.015..1318.395 rows=4523930 loops=1)
  ->  Hash  (cost=446415.77..446415.77 rows=353230 width=8) (actual time=7695.630..7695.630 rows=282445 loops=1)
        Buckets: 131072  Batches: 8  Memory Usage: 2401kB
        ->  Hash Join  (cost=78473.92..446415.77 rows=353230 width=8) (actual time=3224.961..7599.006 rows=282445 loops=1)
              Hash Cond: (mi.movie_id = t.id)
              ->  Seq Scan on movie_info mi  (cost=0.00..346232.03 rows=1348138 width=4) (actual time=1740.907..5267.844 rows=1298989 loops=1)
                    Filter: (info_type_id = 4)
                    Rows Removed by Filter: 13536731
              ->  Hash  (cost=67604.59..67604.59 rows=662507 width=4) (actual time=1483.164..1483.164 rows=662065 loops=1)
                    Buckets: 131072  Batches: 16  Memory Usage: 2487kB
                    ->  Seq Scan on title t  (cost=0.00..67604.59 rows=662507 width=4) (actual time=0.027..1256.077 rows=662065 loops=1)
                          Filter: (production_year > 2008)
                          Rows Removed by Filter: 1866247
Planning time: 1.202 ms
Execution time: 11191.520 ms
