Hash Join  (cost=102767.86..173668.01 rows=399633 width=0) (actual time=2051.199..3603.613 rows=397654 loops=1)
  Hash Cond: (mc.movie_id = t.id)
  ->  Seq Scan on movie_companies mc  (cost=0.00..51404.11 rows=399633 width=4) (actual time=0.034..866.069 rows=397654 loops=1)
        Filter: (company_id < 250)
        Rows Removed by Filter: 2211475
  ->  Hash  (cost=61283.27..61283.27 rows=2528527 width=4) (actual time=2050.139..2050.139 rows=2528312 loops=1)
        Buckets: 131072  Batches: 64  Memory Usage: 2415kB
        ->  Seq Scan on title t  (cost=0.00..61283.27 rows=2528527 width=4) (actual time=0.017..1022.638 rows=2528312 loops=1)
Planning time: 0.755 ms
Execution time: 3649.036 ms
