Hash Join  (cost=645655.73..2358472.83 rows=44059093 width=0) (actual time=19779.706..111951.661 rows=231029864 loops=1)
  Hash Cond: (ci.movie_id = t.id)
  ->  Seq Scan on cast_info ci  (cost=0.00..614943.12 rows=36225612 width=4) (actual time=0.021..13937.113 rows=36244344 loops=1)
  ->  Hash  (cost=595201.50..595201.50 rows=3075299 width=8) (actual time=19777.488..19777.488 rows=6951968 loops=1)
        Buckets: 131072 (originally 131072)  Batches: 128 (originally 64)  Memory Usage: 3120kB
        ->  Hash Join  (cost=82581.58..595201.50 rows=3075299 width=8) (actual time=1433.805..17507.885 rows=6951968 loops=1)
              Hash Cond: (mi.movie_id = t.id)
              ->  Seq Scan on movie_info mi  (cost=0.00..309384.22 rows=14739122 width=4) (actual time=0.007..5894.054 rows=14835720 loops=1)
              ->  Hash  (cost=73925.90..73925.90 rows=527574 width=4) (actual time=1426.322..1426.322 rows=609532 loops=1)
                    Buckets: 131072  Batches: 8  Memory Usage: 3724kB
                    ->  Seq Scan on title t  (cost=0.00..73925.90 rows=527574 width=4) (actual time=0.021..1224.761 rows=609532 loops=1)
                          Filter: ((kind_id < 7) AND (production_year < 2005))
                          Rows Removed by Filter: 1918780
Planning time: 1.185 ms
Execution time: 138002.186 ms
