Hash Join  (cost=255760.38..849447.50 rows=8946129 width=0) (actual time=6043.605..37847.001 rows=83165540 loops=1)
  Hash Cond: (mi.movie_id = t.id)
  ->  Seq Scan on movie_info mi  (cost=0.00..309384.22 rows=14739122 width=4) (actual time=0.023..5876.881 rows=14835720 loops=1)
  ->  Hash  (cost=230580.30..230580.30 rows=1534727 width=8) (actual time=6040.305..6040.305 rows=1548518 loops=1)
        Buckets: 131072  Batches: 32  Memory Usage: 2983kB
        ->  Hash Join  (cost=102767.86..230580.30 rows=1534727 width=8) (actual time=1932.815..5568.196 rows=1548518 loops=1)
              Hash Cond: (mk.movie_id = t.id)
              ->  Seq Scan on movie_keyword mk  (cost=0.00..81003.12 rows=1534727 width=4) (actual time=0.023..1336.342 rows=1548518 loops=1)
                    Filter: (keyword_id > 10190)
                    Rows Removed by Filter: 2975412
              ->  Hash  (cost=61283.27..61283.27 rows=2528527 width=4) (actual time=1931.025..1931.025 rows=2528312 loops=1)
                    Buckets: 131072  Batches: 64  Memory Usage: 2425kB
                    ->  Seq Scan on title t  (cost=0.00..61283.27 rows=2528527 width=4) (actual time=0.020..1064.169 rows=2528312 loops=1)
Planning time: 1.205 ms
Execution time: 46996.050 ms
