Hash Join  (cost=74146.12..133483.26 rows=2572 width=0) (actual time=1554.368..2063.538 rows=471 loops=1)
  Hash Cond: (mc.movie_id = t.id)
  ->  Seq Scan on movie_companies mc  (cost=0.00..57926.93 rows=369197 width=4) (actual time=307.135..1018.897 rows=209584 loops=1)
        Filter: ((company_id < 1378) AND (company_type_id > 1))
        Rows Removed by Filter: 2399545
  ->  Hash  (cost=73925.90..73925.90 rows=17617 width=4) (actual time=980.842..980.842 rows=22021 loops=1)
        Buckets: 32768  Batches: 1  Memory Usage: 1031kB
        ->  Seq Scan on title t  (cost=0.00..73925.90 rows=17617 width=4) (actual time=192.461..971.799 rows=22021 loops=1)
              Filter: ((production_year > 2012) AND (kind_id = 1))
              Rows Removed by Filter: 2506291
Planning time: 0.858 ms
Execution time: 2063.813 ms
