Hash Join  (cost=83568.99..123815.28 rows=213639 width=0) (actual time=1346.684..2530.377 rows=402110 loops=1)
  Hash Cond: (mi_idx.movie_id = t.id)
  ->  Seq Scan on movie_info_idx mi_idx  (cost=0.00..25185.44 rows=919057 width=4) (actual time=0.012..538.927 rows=920110 loops=1)
        Filter: (info_type_id > 99)
        Rows Removed by Filter: 459925
  ->  Hash  (cost=73925.90..73925.90 rows=587767 width=4) (actual time=1345.877..1345.877 rows=594730 loops=1)
        Buckets: 131072  Batches: 8  Memory Usage: 3648kB
        ->  Seq Scan on title t  (cost=0.00..73925.90 rows=587767 width=4) (actual time=164.106..1160.870 rows=594730 loops=1)
              Filter: ((production_year < 2012) AND (kind_id = 1))
              Rows Removed by Filter: 1933582
Planning time: 0.680 ms
Execution time: 2579.829 ms
