Seq Scan on movie_keyword mk  (cost=0.00..81003.12 rows=246 width=0) (actual time=0.192..1387.185 rows=1036 loops=1)
  Filter: (keyword_id = 3231)
  Rows Removed by Filter: 4522894
Planning time: 0.385 ms
Execution time: 1387.636 ms
