Hash Join  (cost=140613.61..269244.89 rows=544124 width=0) (actual time=3399.685..7020.629 rows=613746 loops=1)
  Hash Cond: (mk.movie_id = t.id)
  ->  Seq Scan on movie_keyword mk  (cost=0.00..69693.30 rows=4523930 width=4) (actual time=0.022..1286.660 rows=4523930 loops=1)
  ->  Hash  (cost=135624.07..135624.07 rows=304123 width=8) (actual time=3397.526..3397.526 rows=175310 loops=1)
        Buckets: 131072  Batches: 4  Memory Usage: 2737kB
        ->  Hash Join  (cost=94973.51..135624.07 rows=304123 width=8) (actual time=2418.229..3353.802 rows=175310 loops=1)
              Hash Cond: (mi_idx.movie_id = t.id)
              ->  Seq Scan on movie_info_idx mi_idx  (cost=0.00..25185.44 rows=460978 width=4) (actual time=0.038..493.199 rows=459925 loops=1)
                    Filter: (info_type_id < 100)
                    Rows Removed by Filter: 920110
              ->  Hash  (cost=67604.59..67604.59 rows=1668154 width=4) (actual time=2416.119..2416.119 rows=1674098 loops=1)
                    Buckets: 131072  Batches: 32  Memory Usage: 2869kB
                    ->  Seq Scan on title t  (cost=0.00..67604.59 rows=1668154 width=4) (actual time=0.020..1264.891 rows=1674098 loops=1)
                          Filter: (kind_id > 3)
                          Rows Removed by Filter: 854214
Planning time: 4.554 ms
Execution time: 7092.193 ms
