Hash Join  (cost=102767.86..289424.39 rows=3980271 width=0) (actual time=1966.681..6995.688 rows=3984249 loops=1)
  Hash Cond: (mk.movie_id = t.id)
  ->  Seq Scan on movie_keyword mk  (cost=0.00..81003.12 rows=3980271 width=4) (actual time=0.018..1730.097 rows=3984249 loops=1)
        Filter: (keyword_id < 34052)
        Rows Removed by Filter: 539681
  ->  Hash  (cost=61283.27..61283.27 rows=2528527 width=4) (actual time=1964.270..1964.270 rows=2528312 loops=1)
        Buckets: 131072  Batches: 64  Memory Usage: 2425kB
        ->  Seq Scan on title t  (cost=0.00..61283.27 rows=2528527 width=4) (actual time=0.019..1080.521 rows=2528312 loops=1)
Planning time: 0.740 ms
Execution time: 7465.504 ms
