Hash Join  (cost=154654.97..538510.42 rows=77562 width=0) (actual time=2809.582..9366.420 rows=12419 loops=1)
  Hash Cond: (mi.movie_id = t.id)
  ->  Seq Scan on movie_info mi  (cost=0.00..309384.22 rows=14739122 width=4) (actual time=0.009..3841.337 rows=14835720 loops=1)
  ->  Hash  (cost=154488.65..154488.65 rows=13306 width=8) (actual time=2729.354..2729.354 rows=950 loops=1)
        Buckets: 16384  Batches: 1  Memory Usage: 166kB
        ->  Hash Join  (cost=67697.55..154488.65 rows=13306 width=8) (actual time=1233.807..2728.430 rows=950 loops=1)
              Hash Cond: (mk.movie_id = t.id)
              ->  Seq Scan on movie_keyword mk  (cost=0.00..69693.30 rows=4523930 width=4) (actual time=0.018..947.567 rows=4523930 loops=1)
              ->  Hash  (cost=67604.59..67604.59 rows=7437 width=4) (actual time=955.255..955.255 rows=4597 loops=1)
                    Buckets: 8192  Batches: 1  Memory Usage: 226kB
                    ->  Seq Scan on title t  (cost=0.00..67604.59 rows=7437 width=4) (actual time=284.680..953.073 rows=4597 loops=1)
                          Filter: (production_year = 1910)
                          Rows Removed by Filter: 2523715
Planning time: 1.163 ms
Execution time: 9368.784 ms
