Nested Loop  (cost=0.43..52283.69 rows=104 width=0) (actual time=13.142..790.731 rows=34 loops=1)
  ->  Seq Scan on movie_companies mc  (cost=0.00..51404.11 rows=104 width=4) (actual time=13.064..789.108 rows=34 loops=1)
        Filter: (company_id = 733)
        Rows Removed by Filter: 2609095
  ->  Index Only Scan using title_pkey on title t  (cost=0.43..8.45 rows=1 width=4) (actual time=0.041..0.042 rows=1 loops=34)
        Index Cond: (id = mc.movie_id)
        Heap Fetches: 34
Planning time: 0.718 ms
Execution time: 790.816 ms
