Seq Scan on movie_keyword mk  (cost=0.00..81003.12 rows=246 width=0) (actual time=3.646..1135.726 rows=69 loops=1)
  Filter: (keyword_id = 3517)
  Rows Removed by Filter: 4523861
Planning time: 0.348 ms
Execution time: 1135.858 ms
