Hash Join  (cost=183209.47..670466.64 rows=698323 width=0) (actual time=3491.549..19720.132 rows=22841412 loops=1)
  Hash Cond: (mi.movie_id = t.id)
  ->  Seq Scan on movie_info mi  (cost=0.00..309384.22 rows=14739122 width=4) (actual time=0.019..5267.874 rows=14835720 loops=1)
  ->  Hash  (cost=181243.99..181243.99 rows=119799 width=8) (actual time=3490.656..3490.656 rows=511633 loops=1)
        Buckets: 131072 (originally 131072)  Batches: 8 (originally 2)  Memory Usage: 3628kB
        ->  Hash Join  (cost=76554.49..181243.99 rows=119799 width=8) (actual time=1061.965..3322.957 rows=511633 loops=1)
              Hash Cond: (mk.movie_id = t.id)
              ->  Seq Scan on movie_keyword mk  (cost=0.00..81003.12 rows=1890768 width=4) (actual time=0.016..1329.866 rows=1901968 loops=1)
                    Filter: (keyword_id < 3262)
                    Rows Removed by Filter: 2621962
              ->  Hash  (cost=73925.90..73925.90 rows=160207 width=4) (actual time=1061.158..1061.158 rows=296441 loops=1)
                    Buckets: 131072  Batches: 4  Memory Usage: 3639kB
                    ->  Seq Scan on title t  (cost=0.00..73925.90 rows=160207 width=4) (actual time=0.025..964.315 rows=296441 loops=1)
                          Filter: ((production_year < 1986) AND (kind_id = 1))
                          Rows Removed by Filter: 2231871
Planning time: 9.540 ms
Execution time: 22051.052 ms
