Seq Scan on cast_info ci  (cost=0.00..796071.18 rows=2626050 width=0) (actual time=5092.183..13352.814 rows=3770978 loops=1)
  Filter: ((person_id > 1394279) AND (role_id = 10))
  Rows Removed by Filter: 32473366
Planning time: 0.423 ms
Execution time: 13841.473 ms
