Seq Scan on cast_info ci  (cost=0.00..796071.18 rows=1146745 width=0) (actual time=9913.882..11315.806 rows=1155675 loops=1)
  Filter: ((person_id > 1203303) AND (role_id = 8))
  Rows Removed by Filter: 35088669
Planning time: 0.432 ms
Execution time: 11451.864 ms
