Hash Join  (cost=96062.15..238447.94 rows=1771794 width=0) (actual time=1855.873..5279.201 rows=939303 loops=1)
  Hash Cond: (mk.movie_id = t.id)
  ->  Seq Scan on movie_keyword mk  (cost=0.00..81003.12 rows=3320458 width=4) (actual time=0.011..1614.961 rows=3321090 loops=1)
        Filter: (keyword_id > 1500)
        Rows Removed by Filter: 1202840
  ->  Hash  (cost=73925.90..73925.90 rows=1349220 width=4) (actual time=1853.749..1853.749 rows=1465304 loops=1)
        Buckets: 131072  Batches: 32  Memory Usage: 2651kB
        ->  Seq Scan on title t  (cost=0.00..73925.90 rows=1349220 width=4) (actual time=0.004..1368.261 rows=1465304 loops=1)
              Filter: ((kind_id > 2) AND (production_year > 1981))
              Rows Removed by Filter: 1063008
Planning time: 0.744 ms
Execution time: 5372.457 ms
