Hash Join  (cost=129328.60..883168.93 rows=305117 width=0) (actual time=2318.293..20092.263 rows=418038 loops=1)
  Hash Cond: (ci.movie_id = t.id)
  ->  Seq Scan on cast_info ci  (cost=0.00..614943.12 rows=36225612 width=4) (actual time=0.017..7955.766 rows=36244344 loops=1)
  ->  Hash  (cost=129062.39..129062.39 rows=21297 width=8) (actual time=2318.070..2318.070 rows=34369 loops=1)
        Buckets: 65536 (originally 32768)  Batches: 1 (originally 1)  Memory Usage: 1855kB
        ->  Hash Join  (cost=74183.89..129062.39 rows=21297 width=8) (actual time=1146.986..2304.746 rows=34369 loops=1)
              Hash Cond: (mc.movie_id = t.id)
              ->  Seq Scan on movie_companies mc  (cost=0.00..44881.29 rows=2609129 width=4) (actual time=0.010..628.530 rows=2609129 loops=1)
              ->  Hash  (cost=73925.90..73925.90 rows=20639 width=4) (actual time=1063.863..1063.863 rows=17557 loops=1)
                    Buckets: 32768  Batches: 1  Memory Usage: 874kB
                    ->  Seq Scan on title t  (cost=0.00..73925.90 rows=20639 width=4) (actual time=0.028..1055.985 rows=17557 loops=1)
                          Filter: ((production_year < 1984) AND (kind_id = 2))
                          Rows Removed by Filter: 2510755
Planning time: 0.957 ms
Execution time: 20153.468 ms
