Hash Join  (cost=160526.42..275964.75 rows=695838 width=0) (actual time=4862.373..5853.938 rows=447102 loops=1)
  Hash Cond: (mk.movie_id = t.id)
  ->  Seq Scan on movie_keyword mk  (cost=0.00..81003.12 rows=2092220 width=4) (actual time=0.011..1455.333 rows=2098838 loops=1)
        Filter: (keyword_id < 3779)
        Rows Removed by Filter: 2425092
  ->  Hash  (cost=146729.58..146729.58 rows=840947 width=8) (actual time=3298.426..3298.426 rows=425718 loops=1)
        Buckets: 131072  Batches: 16  Memory Usage: 2068kB
        ->  Hash Join  (cost=92883.59..146729.58 rows=840947 width=8) (actual time=1719.665..3169.460 rows=425718 loops=1)
              Hash Cond: (mi_idx.movie_id = t.id)
              ->  Seq Scan on movie_info_idx mi_idx  (cost=0.00..21735.35 rows=1380035 width=4) (actual time=0.022..439.654 rows=1380035 loops=1)
              ->  Hash  (cost=67604.59..67604.59 rows=1540800 width=4) (actual time=1703.748..1703.748 rows=1543264 loops=1)
                    Buckets: 131072  Batches: 32  Memory Usage: 2722kB
                    ->  Seq Scan on title t  (cost=0.00..67604.59 rows=1540800 width=4) (actual time=0.027..1190.733 rows=1543264 loops=1)
                          Filter: (kind_id = 7)
                          Rows Removed by Filter: 985048
Planning time: 1.165 ms
Execution time: 5911.196 ms
