Hash Join  (cost=102767.86..1044294.95 rows=5634333 width=0) (actual time=3789.433..18697.983 rows=3338580 loops=1)
  Hash Cond: (ci.movie_id = t.id)
  ->  Seq Scan on cast_info ci  (cost=0.00..796071.18 rows=5634333 width=4) (actual time=1276.264..12630.169 rows=3338580 loops=1)
        Filter: ((person_id < 1641613) AND (role_id > 3))
        Rows Removed by Filter: 32905764
  ->  Hash  (cost=61283.27..61283.27 rows=2528527 width=4) (actual time=2511.243..2511.243 rows=2528312 loops=1)
        Buckets: 131072  Batches: 64  Memory Usage: 2415kB
        ->  Seq Scan on title t  (cost=0.00..61283.27 rows=2528527 width=4) (actual time=0.006..931.294 rows=2528312 loops=1)
Planning time: 0.804 ms
Execution time: 19106.381 ms
