Seq Scan on movie_keyword mk  (cost=0.00..81003.12 rows=2423826 width=0) (actual time=0.020..1328.391 rows=2424199 loops=1)
  Filter: (keyword_id < 5735)
  Rows Removed by Filter: 2099731
Planning time: 0.310 ms
Execution time: 1638.359 ms
