Hash Join  (cost=75458.68..195433.55 rows=119544 width=0) (actual time=1306.518..4085.373 rows=63152 loops=1)
  Hash Cond: (mk.movie_id = t.id)
  ->  Seq Scan on movie_keyword mk  (cost=0.00..81003.12 rows=3235547 width=4) (actual time=0.020..1763.928 rows=3224241 loops=1)
        Filter: (keyword_id < 13572)
        Rows Removed by Filter: 1299689
  ->  Hash  (cost=73925.90..73925.90 rows=93422 width=4) (actual time=1305.711..1305.711 rows=100754 loops=1)
        Buckets: 131072  Batches: 2  Memory Usage: 2808kB
        ->  Seq Scan on title t  (cost=0.00..73925.90 rows=93422 width=4) (actual time=0.022..1264.714 rows=100754 loops=1)
              Filter: ((kind_id > 1) AND (production_year = 2008))
              Rows Removed by Filter: 2427558
Planning time: 0.824 ms
Execution time: 4093.905 ms
