Hash Join  (cost=102180.17..189367.75 rows=52954 width=0) (actual time=1844.684..3659.802 rows=309852 loops=1)
  Hash Cond: (mk.movie_id = t.id)
  ->  Seq Scan on movie_keyword mk  (cost=0.00..69693.30 rows=4523930 width=4) (actual time=0.024..904.525 rows=4523930 loops=1)
  ->  Hash  (cost=101810.21..101810.21 rows=29597 width=8) (actual time=1831.258..1831.258 rows=40104 loops=1)
        Buckets: 65536 (originally 32768)  Batches: 1 (originally 1)  Memory Usage: 2079kB
        ->  Hash Join  (cost=74603.76..101810.21 rows=29597 width=8) (actual time=1193.249..1815.949 rows=40104 loops=1)
              Hash Cond: (mi_idx.movie_id = t.id)
              ->  Seq Scan on movie_info_idx mi_idx  (cost=0.00..21735.35 rows=1380035 width=4) (actual time=0.014..273.273 rows=1380035 loops=1)
              ->  Hash  (cost=73925.90..73925.90 rows=54228 width=4) (actual time=1192.896..1192.896 rows=39342 loops=1)
                    Buckets: 65536  Batches: 1  Memory Usage: 1896kB
                    ->  Seq Scan on title t  (cost=0.00..73925.90 rows=54228 width=4) (actual time=16.808..1177.890 rows=39342 loops=1)
                          Filter: ((production_year < 2003) AND (kind_id = 4))
                          Rows Removed by Filter: 2488970
Planning time: 0.913 ms
Execution time: 3700.194 ms
