Seq Scan on cast_info ci  (cost=0.00..796071.18 rows=462701 width=0) (actual time=12272.178..12557.264 rows=661159 loops=1)
  Filter: ((person_id > 1719528) AND (role_id = 5))
  Rows Removed by Filter: 35583185
Planning time: 0.374 ms
Execution time: 12606.790 ms
