Seq Scan on cast_info ci  (cost=0.00..705507.15 rows=30057432 width=0) (actual time=0.018..11669.713 rows=30005735 loops=1)
  Filter: (person_id < 3027516)
  Rows Removed by Filter: 6238609
Planning time: 0.350 ms
Execution time: 15308.006 ms
