Seq Scan on movie_keyword mk  (cost=0.00..81003.12 rows=246 width=0) (actual time=9.014..1108.102 rows=242 loops=1)
  Filter: (keyword_id = 3169)
  Rows Removed by Filter: 4523688
Planning time: 0.321 ms
Execution time: 1108.327 ms
