Hash Join  (cost=100949.61..925098.97 rows=31120 width=0) (actual time=1580.771..19982.016 rows=64980 loops=1)
  Hash Cond: (ci.movie_id = t.id)
  ->  Seq Scan on cast_info ci  (cost=0.00..705507.15 rows=31554923 width=4) (actual time=0.015..13873.713 rows=31605208 loops=1)
        Filter: (role_id < 10)
        Rows Removed by Filter: 4639136
  ->  Hash  (cost=100918.44..100918.44 rows=2494 width=8) (actual time=1571.391..1571.391 rows=2667 loops=1)
        Buckets: 4096  Batches: 1  Memory Usage: 137kB
        ->  Hash Join  (cost=73983.02..100918.44 rows=2494 width=8) (actual time=1055.440..1570.376 rows=2667 loops=1)
              Hash Cond: (mi_idx.movie_id = t.id)
              ->  Seq Scan on movie_info_idx mi_idx  (cost=0.00..21735.35 rows=1380035 width=4) (actual time=0.016..250.496 rows=1380035 loops=1)
              ->  Hash  (cost=73925.90..73925.90 rows=4569 width=4) (actual time=1037.280..1037.280 rows=8202 loops=1)
                    Buckets: 16384 (originally 8192)  Batches: 1 (originally 1)  Memory Usage: 417kB
                    ->  Seq Scan on title t  (cost=0.00..73925.90 rows=4569 width=4) (actual time=0.059..1033.032 rows=8202 loops=1)
                          Filter: ((kind_id > 4) AND (production_year = 1980))
                          Rows Removed by Filter: 2520110
Planning time: 1.166 ms
Execution time: 19995.689 ms
