Hash Join  (cost=115571.60..484085.83 rows=385832 width=0) (actual time=2039.045..8657.431 rows=211326 loops=1)
  Hash Cond: (mi.movie_id = t.id)
  ->  Seq Scan on movie_info mi  (cost=0.00..309384.22 rows=14739122 width=4) (actual time=0.010..3222.223 rows=14835720 loops=1)
  ->  Hash  (cost=114744.22..114744.22 rows=66190 width=8) (actual time=2037.988..2037.988 rows=32265 loops=1)
        Buckets: 131072  Batches: 1  Memory Usage: 2285kB
        ->  Hash Join  (cost=75915.84..114744.22 rows=66190 width=8) (actual time=1127.414..2026.368 rows=32265 loops=1)
              Hash Cond: (mi_idx.movie_id = t.id)
              ->  Seq Scan on movie_info_idx mi_idx  (cost=0.00..21735.35 rows=1380035 width=4) (actual time=0.014..399.940 rows=1380035 loops=1)
              ->  Hash  (cost=73925.90..73925.90 rows=121275 width=4) (actual time=1126.525..1126.525 rows=124747 loops=1)
                    Buckets: 131072  Batches: 2  Memory Usage: 3219kB
                    ->  Seq Scan on title t  (cost=0.00..73925.90 rows=121275 width=4) (actual time=0.021..1081.184 rows=124747 loops=1)
                          Filter: ((kind_id > 1) AND (production_year = 2012))
                          Rows Removed by Filter: 2403565
Planning time: 1.104 ms
Execution time: 8694.817 ms
