Seq Scan on movie_companies mc  (cost=0.00..51404.11 rows=104 width=0) (actual time=693.846..811.302 rows=1 loops=1)
  Filter: (company_id = 205353)
  Rows Removed by Filter: 2609128
Planning time: 0.406 ms
Execution time: 811.374 ms
