Seq Scan on movie_keyword mk  (cost=0.00..81003.12 rows=63326 width=0) (actual time=427.998..1235.194 rows=60883 loops=1)
  Filter: (keyword_id > 94855)
  Rows Removed by Filter: 4463047
Planning time: 0.300 ms
Execution time: 1244.539 ms
