Seq Scan on movie_companies mc  (cost=0.00..57926.93 rows=471509 width=0) (actual time=0.019..924.659 rows=793422 loops=1)
  Filter: ((company_id > 19320) AND (company_type_id > 1))
  Rows Removed by Filter: 1815707
Planning time: 0.321 ms
Execution time: 1022.605 ms
