Seq Scan on movie_companies mc  (cost=0.00..51404.11 rows=1610822 width=0) (actual time=0.015..792.005 rows=1603012 loops=1)
  Filter: (company_id < 16451)
  Rows Removed by Filter: 1006117
Planning time: 0.238 ms
Execution time: 985.962 ms
