Hash Join  (cost=533344.97..701517.15 rows=3325423 width=0) (actual time=9719.572..18797.705 rows=24634914 loops=1)
  Hash Cond: (mk.movie_id = t.id)
  ->  Seq Scan on movie_keyword mk  (cost=0.00..69693.30 rows=4523930 width=4) (actual time=0.012..1257.781 rows=4523930 loops=1)
  ->  Hash  (cost=502850.80..502850.80 rows=1858654 width=8) (actual time=9716.327..9716.327 rows=1982253 loops=1)
        Buckets: 131072  Batches: 32  Memory Usage: 3521kB
        ->  Hash Join  (cost=92735.26..502850.80 rows=1858654 width=8) (actual time=4547.131..9170.516 rows=1982253 loops=1)
              Hash Cond: (mi.movie_id = t.id)
              ->  Seq Scan on movie_info mi  (cost=0.00..346232.03 rows=3068194 width=4) (actual time=2884.310..5276.330 rows=3036719 loops=1)
                    Filter: (info_type_id = 16)
                    Rows Removed by Filter: 11799001
              ->  Hash  (cost=67604.59..67604.59 rows=1531734 width=4) (actual time=1661.324..1661.324 rows=1531613 loops=1)
                    Buckets: 131072  Batches: 32  Memory Usage: 2716kB
                    ->  Seq Scan on title t  (cost=0.00..67604.59 rows=1531734 width=4) (actual time=0.025..1154.005 rows=1531613 loops=1)
                          Filter: (production_year > 1997)
                          Rows Removed by Filter: 996699
Planning time: 1.090 ms
Execution time: 21566.997 ms
