Hash Join  (cost=112112.15..198931.31 rows=16113 width=156) (actual time=2268.198..4240.242 rows=44501 loops=1)
  Hash Cond: (mk.movie_id = t.id)
  ->  Seq Scan on movie_keyword mk  (cost=0.00..69693.30 rows=4523930 width=12) (actual time=0.022..1218.185 rows=4523930 loops=1)
  ->  Hash  (cost=111999.57..111999.57 rows=9006 width=144) (actual time=2267.844..2267.844 rows=9123 loops=1)
        Buckets: 16384  Batches: 1  Memory Usage: 1339kB
        ->  Hash Join  (cost=75267.40..111999.57 rows=9006 width=144) (actual time=1452.066..2259.857 rows=9123 loops=1)
              Hash Cond: (mi_idx.movie_id = t.id)
              ->  Seq Scan on movie_info_idx mi_idx  (cost=0.00..25185.44 rows=460978 width=50) (actual time=0.021..597.015 rows=459925 loops=1)
                    Filter: (info_type_id = 99)
                    Rows Removed by Filter: 920110
              ->  Hash  (cost=73925.90..73925.90 rows=49400 width=94) (actual time=1451.808..1451.808 rows=45100 loops=1)
                    Buckets: 32768  Batches: 2  Memory Usage: 2693kB
                    ->  Seq Scan on title t  (cost=0.00..73925.90 rows=49400 width=94) (actual time=0.037..1430.601 rows=45100 loops=1)
                          Filter: ((kind_id < 3) AND (production_year = 2012))
                          Rows Removed by Filter: 2483212
Planning time: 4.670 ms
Execution time: 4243.389 ms
