Seq Scan on movie_keyword mk  (cost=0.00..81003.12 rows=246 width=0) (actual time=25.178..1259.102 rows=84 loops=1)
  Filter: (keyword_id = 17170)
  Rows Removed by Filter: 4523846
Planning time: 0.346 ms
Execution time: 1259.260 ms
