Seq Scan on movie_companies mc  (cost=0.00..51404.11 rows=1671645 width=0) (actual time=0.021..790.512 rows=1663295 loops=1)
  Filter: (company_id < 18765)
  Rows Removed by Filter: 945834
Planning time: 0.317 ms
Execution time: 986.083 ms
