Nested Loop  (cost=62025.73..768877.62 rows=19 width=0) (actual time=10677.771..10752.945 rows=6 loops=1)
  ->  Hash Join  (cost=62025.30..768732.43 rows=123 width=8) (actual time=2538.327..10747.692 rows=632 loops=1)
        Hash Cond: (ci.movie_id = mc.movie_id)
        ->  Seq Scan on cast_info ci  (cost=0.00..705507.15 rows=500 width=4) (actual time=761.804..8882.728 rows=292 loops=1)
              Filter: (person_id = 2800573)
              Rows Removed by Filter: 36244052
        ->  Hash  (cost=57926.93..57926.93 rows=249789 width=4) (actual time=1775.661..1775.661 rows=369858 loops=1)
              Buckets: 131072 (originally 131072)  Batches: 8 (originally 4)  Memory Usage: 3073kB
              ->  Seq Scan on movie_companies mc  (cost=0.00..57926.93 rows=249789 width=4) (actual time=317.600..964.371 rows=369858 loops=1)
                    Filter: ((company_id < 461) AND (company_type_id < 2))
                    Rows Removed by Filter: 2239271
  ->  Index Scan using title_pkey on title t  (cost=0.43..1.17 rows=1 width=4) (actual time=0.008..0.008 rows=0 loops=632)
        Index Cond: (id = mc.movie_id)
        Filter: (kind_id < 7)
        Rows Removed by Filter: 1
Planning time: 4.321 ms
Execution time: 10753.292 ms
