Hash Join  (cost=273247.90..898838.67 rows=11936193 width=0) (actual time=6531.484..23444.871 rows=18265786 loops=1)
  Hash Cond: (mi.movie_id = t.id)
  ->  Seq Scan on movie_info mi  (cost=0.00..309384.22 rows=14739122 width=4) (actual time=0.016..5310.655 rows=14835720 loops=1)
  ->  Hash  (cost=239652.91..239652.91 rows=2047679 width=8) (actual time=6530.098..6530.098 rows=1143082 loops=1)
        Buckets: 131072  Batches: 32  Memory Usage: 2403kB
        ->  Hash Join  (cost=92703.08..239652.91 rows=2047679 width=8) (actual time=2340.419..5947.419 rows=1143082 loops=1)
              Hash Cond: (mk.movie_id = t.id)
              ->  Seq Scan on movie_keyword mk  (cost=0.00..69693.30 rows=4523930 width=4) (actual time=0.012..1237.988 rows=4523930 loops=1)
              ->  Hash  (cost=73925.90..73925.90 rows=1144494 width=4) (actual time=2339.197..2339.197 rows=1095581 loops=1)
                    Buckets: 131072  Batches: 16  Memory Usage: 3443kB
                    ->  Seq Scan on title t  (cost=0.00..73925.90 rows=1144494 width=4) (actual time=0.026..1275.437 rows=1095581 loops=1)
                          Filter: ((kind_id > 1) AND (production_year < 2007))
                          Rows Removed by Filter: 1432731
Planning time: 1.122 ms
Execution time: 25656.058 ms
