Seq Scan on movie_companies mc  (cost=0.00..57926.93 rows=99777 width=0) (actual time=0.040..784.845 rows=161275 loops=1)
  Filter: ((company_id < 67) AND (company_type_id < 2))
  Rows Removed by Filter: 2447854
Planning time: 0.342 ms
Execution time: 806.493 ms
