Hash Join  (cost=141407.58..196081.66 rows=856 width=0) (actual time=1206.600..2222.568 rows=1128 loops=1)
  Hash Cond: (mc.movie_id = t.id)
  ->  Seq Scan on movie_companies mc  (cost=0.00..44881.29 rows=2609129 width=4) (actual time=0.017..547.695 rows=2609129 loops=1)
  ->  Hash  (cost=141397.20..141397.20 rows=830 width=8) (actual time=1204.329..1204.329 rows=243 loops=1)
        Buckets: 1024  Batches: 1  Memory Usage: 18kB
        ->  Nested Loop  (cost=0.43..141397.20 rows=830 width=8) (actual time=14.418..1204.022 rows=243 loops=1)
              ->  Seq Scan on movie_keyword mk  (cost=0.00..81003.12 rows=9048 width=4) (actual time=0.058..1066.416 rows=9942 loops=1)
                    Filter: (keyword_id = 56)
                    Rows Removed by Filter: 4513988
              ->  Index Scan using title_pkey on title t  (cost=0.43..6.66 rows=1 width=4) (actual time=0.013..0.013 rows=0 loops=9942)
                    Index Cond: (id = mk.movie_id)
                    Filter: (production_year > 2011)
                    Rows Removed by Filter: 1
Planning time: 1.128 ms
Execution time: 2222.912 ms
