Hash Join  (cost=94699.36..184113.39 rows=3585 width=0) (actual time=1537.303..3187.970 rows=45483 loops=1)
  Hash Cond: (mk.movie_id = t.id)
  ->  Seq Scan on movie_keyword mk  (cost=0.00..81003.12 rows=2233347 width=4) (actual time=0.038..1311.609 rows=2231491 loops=1)
        Filter: (keyword_id > 4893)
        Rows Removed by Filter: 2292439
  ->  Hash  (cost=94648.62..94648.62 rows=4059 width=8) (actual time=1536.974..1536.974 rows=9437 loops=1)
        Buckets: 16384 (originally 4096)  Batches: 1 (originally 1)  Memory Usage: 497kB
        ->  Hash Join  (cost=67697.55..94648.62 rows=4059 width=8) (actual time=942.167..1533.164 rows=9437 loops=1)
              Hash Cond: (mi_idx.movie_id = t.id)
              ->  Seq Scan on movie_info_idx mi_idx  (cost=0.00..21735.35 rows=1380035 width=4) (actual time=0.011..291.814 rows=1380035 loops=1)
              ->  Hash  (cost=67604.59..67604.59 rows=7437 width=4) (actual time=942.062..942.062 rows=13623 loops=1)
                    Buckets: 16384 (originally 8192)  Batches: 1 (originally 1)  Memory Usage: 607kB
                    ->  Seq Scan on title t  (cost=0.00..67604.59 rows=7437 width=4) (actual time=0.045..935.829 rows=13623 loops=1)
                          Filter: (production_year = 1972)
                          Rows Removed by Filter: 2514689
Planning time: 0.776 ms
Execution time: 3193.752 ms
