Hash Join  (cost=150268.19..243241.91 rows=60880 width=0) (actual time=3044.219..5543.129 rows=341422 loops=1)
  Hash Cond: (mk.movie_id = t.id)
  ->  Seq Scan on movie_keyword mk  (cost=0.00..81003.12 rows=926343 width=4) (actual time=0.012..1281.889 rows=931394 loops=1)
        Filter: (keyword_id > 20319)
        Rows Removed by Filter: 3592536
  ->  Hash  (cost=147540.97..147540.97 rows=166178 width=8) (actual time=3043.444..3043.444 rows=118438 loops=1)
        Buckets: 131072  Batches: 4  Memory Usage: 2185kB
        ->  Hash Join  (cost=74050.79..147540.97 rows=166178 width=8) (actual time=1191.974..3002.209 rows=118438 loops=1)
              Hash Cond: (mc.movie_id = t.id)
              ->  Seq Scan on movie_companies mc  (cost=0.00..57926.93 rows=1069458 width=4) (actual time=0.014..1128.820 rows=1274246 loops=1)
                    Filter: ((company_id < 78902) AND (company_type_id = 1))
                    Rows Removed by Filter: 1334883
              ->  Hash  (cost=67604.59..67604.59 rows=392896 width=4) (actual time=1190.949..1190.949 rows=391666 loops=1)
                    Buckets: 131072  Batches: 8  Memory Usage: 2753kB
                    ->  Seq Scan on title t  (cost=0.00..67604.59 rows=392896 width=4) (actual time=0.021..1061.384 rows=391666 loops=1)
                          Filter: (production_year > 2010)
                          Rows Removed by Filter: 2136646
Planning time: 1.184 ms
Execution time: 5587.805 ms
