Hash Join  (cost=75404.09..133972.03 rows=859 width=0) (actual time=1221.393..1929.203 rows=479 loops=1)
  Hash Cond: (mc.movie_id = t.id)
  ->  Seq Scan on movie_companies mc  (cost=0.00..57926.93 rows=24110 width=4) (actual time=2.599..697.253 rows=5188 loops=1)
        Filter: ((company_id = 19) AND (company_type_id = 2))
        Rows Removed by Filter: 2603941
  ->  Hash  (cost=73925.90..73925.90 rows=90095 width=4) (actual time=1217.843..1217.843 rows=95762 loops=1)
        Buckets: 131072  Batches: 2  Memory Usage: 2712kB
        ->  Seq Scan on title t  (cost=0.00..73925.90 rows=90095 width=4) (actual time=397.101..1184.924 rows=95762 loops=1)
              Filter: ((production_year < 2012) AND (kind_id = 3))
              Rows Removed by Filter: 2432550
Planning time: 0.699 ms
Execution time: 1929.378 ms
