Hash Join  (cost=107847.09..498558.09 rows=1503666 width=0) (actual time=5630.160..8533.011 rows=1519233 loops=1)
  Hash Cond: (mi.movie_id = t.id)
  ->  Seq Scan on movie_info mi  (cost=0.00..346232.03 rows=1550064 width=4) (actual time=3507.482..4733.304 rows=1533909 loops=1)
        Filter: (info_type_id = 3)
        Rows Removed by Filter: 13301811
  ->  Hash  (cost=67604.59..67604.59 rows=2452840 width=4) (actual time=2121.567..2121.567 rows=2453873 loops=1)
        Buckets: 131072  Batches: 64  Memory Usage: 2383kB
        ->  Seq Scan on title t  (cost=0.00..67604.59 rows=2452840 width=4) (actual time=0.021..1280.305 rows=2453873 loops=1)
              Filter: (production_year > 1897)
              Rows Removed by Filter: 74439
Planning time: 0.748 ms
Execution time: 8716.144 ms
