Hash Join  (cost=276905.40..384481.45 rows=2122811 width=0) (actual time=6788.199..13558.908 rows=15013547 loops=1)
  Hash Cond: (mc.movie_id = t.id)
  ->  Seq Scan on movie_companies mc  (cost=0.00..44881.29 rows=2609129 width=4) (actual time=0.020..872.677 rows=2609129 loops=1)
  ->  Hash  (cost=243153.00..243153.00 rows=2057232 width=8) (actual time=6787.311..6787.311 rows=2066242 loops=1)
        Buckets: 131072  Batches: 32  Memory Usage: 3532kB
        ->  Hash Join  (cost=102767.86..243153.00 rows=2057232 width=8) (actual time=1744.507..6177.166 rows=2066242 loops=1)
              Hash Cond: (mk.movie_id = t.id)
              ->  Seq Scan on movie_keyword mk  (cost=0.00..81003.12 rows=2057232 width=4) (actual time=0.022..1661.445 rows=2066242 loops=1)
                    Filter: (keyword_id < 3664)
                    Rows Removed by Filter: 2457688
              ->  Hash  (cost=61283.27..61283.27 rows=2528527 width=4) (actual time=1742.338..1742.338 rows=2528312 loops=1)
                    Buckets: 131072  Batches: 64  Memory Usage: 2425kB
                    ->  Seq Scan on title t  (cost=0.00..61283.27 rows=2528527 width=4) (actual time=0.012..937.111 rows=2528312 loops=1)
Planning time: 1.083 ms
Execution time: 15279.842 ms
