Hash Join  (cost=69305.46..555559.45 rows=604306 width=0) (actual time=1016.706..11460.105 rows=1119580 loops=1)
  Hash Cond: (mi.movie_id = t.id)
  ->  Seq Scan on movie_info mi  (cost=0.00..309384.22 rows=14739122 width=4) (actual time=0.018..4967.917 rows=14835720 loops=1)
  ->  Hash  (cost=67604.59..67604.59 rows=103670 width=4) (actual time=1015.949..1015.949 rows=103980 loops=1)
        Buckets: 131072  Batches: 2  Memory Usage: 2853kB
        ->  Seq Scan on title t  (cost=0.00..67604.59 rows=103670 width=4) (actual time=0.016..978.624 rows=103980 loops=1)
              Filter: (production_year < 1926)
              Rows Removed by Filter: 2424332
Planning time: 0.748 ms
Execution time: 11599.703 ms
