Hash Join  (cost=90260.67..128750.33 rows=253710 width=0) (actual time=1499.505..2459.197 rows=221314 loops=1)
  Hash Cond: (mi_idx.movie_id = t.id)
  ->  Seq Scan on movie_info_idx mi_idx  (cost=0.00..25185.44 rows=464566 width=4) (actual time=0.023..422.637 rows=459925 loops=1)
        Filter: (info_type_id = 101)
        Rows Removed by Filter: 920110
  ->  Hash  (cost=67604.59..67604.59 rows=1380887 width=4) (actual time=1498.439..1498.439 rows=1381453 loops=1)
        Buckets: 131072  Batches: 32  Memory Usage: 2543kB
        ->  Seq Scan on title t  (cost=0.00..67604.59 rows=1380887 width=4) (actual time=0.023..1052.491 rows=1381453 loops=1)
              Filter: (production_year > 2000)
              Rows Removed by Filter: 1146859
Planning time: 0.721 ms
Execution time: 2485.965 ms
