Seq Scan on movie_keyword mk  (cost=0.00..81003.12 rows=246 width=0) (actual time=4.468..1225.137 rows=713 loops=1)
  Filter: (keyword_id = 3522)
  Rows Removed by Filter: 4523217
Planning time: 0.351 ms
Execution time: 1225.481 ms
