Hash Join  (cost=196537.84..726274.77 rows=4679500 width=0) (actual time=3892.515..21131.594 rows=19958286 loops=1)
  Hash Cond: (mi.movie_id = t.id)
  ->  Seq Scan on movie_info mi  (cost=0.00..309384.22 rows=14739122 width=4) (actual time=0.008..5156.616 rows=14835720 loops=1)
  ->  Hash  (cost=183367.11..183367.11 rows=802778 width=8) (actual time=3891.411..3891.411 rows=796146 loops=1)
        Buckets: 131072  Batches: 16  Memory Usage: 2995kB
        ->  Hash Join  (cost=102767.86..183367.11 rows=802778 width=8) (actual time=1817.302..3660.813 rows=796146 loops=1)
              Hash Cond: (mc.movie_id = t.id)
              ->  Seq Scan on movie_companies mc  (cost=0.00..51404.11 rows=802778 width=4) (actual time=0.028..832.864 rows=796146 loops=1)
                    Filter: (company_id < 1727)
                    Rows Removed by Filter: 1812983
              ->  Hash  (cost=61283.27..61283.27 rows=2528527 width=4) (actual time=1816.077..1816.077 rows=2528312 loops=1)
                    Buckets: 131072  Batches: 64  Memory Usage: 2415kB
                    ->  Seq Scan on title t  (cost=0.00..61283.27 rows=2528527 width=4) (actual time=0.021..991.733 rows=2528312 loops=1)
Planning time: 1.104 ms
Execution time: 23350.080 ms
