Hash Join  (cost=102767.86..207570.57 rows=578559 width=0) (actual time=1948.392..3965.087 rows=583452 loops=1)
  Hash Cond: (mk.movie_id = t.id)
  ->  Seq Scan on movie_keyword mk  (cost=0.00..81003.12 rows=578559 width=4) (actual time=0.044..1227.538 rows=583452 loops=1)
        Filter: (keyword_id < 414)
        Rows Removed by Filter: 3940478
  ->  Hash  (cost=61283.27..61283.27 rows=2528527 width=4) (actual time=1944.360..1944.360 rows=2528312 loops=1)
        Buckets: 131072  Batches: 64  Memory Usage: 2425kB
        ->  Seq Scan on title t  (cost=0.00..61283.27 rows=2528527 width=4) (actual time=0.012..1117.723 rows=2528312 loops=1)
Planning time: 0.696 ms
Execution time: 4026.226 ms
