Seq Scan on movie_keyword mk  (cost=0.00..81003.12 rows=1220055 width=0) (actual time=0.014..1344.722 rows=1228441 loops=1)
  Filter: (keyword_id < 1558)
  Rows Removed by Filter: 3295489
Planning time: 0.283 ms
Execution time: 1500.115 ms
