Nested Loop  (cost=0.43..83072.29 rows=181 width=0) (actual time=4.029..1228.324 rows=84 loops=1)
  ->  Seq Scan on movie_keyword mk  (cost=0.00..81003.12 rows=246 width=4) (actual time=3.994..1225.108 rows=93 loops=1)
        Filter: (keyword_id = 18545)
        Rows Removed by Filter: 4523837
  ->  Index Scan using title_pkey on title t  (cost=0.43..8.40 rows=1 width=4) (actual time=0.031..0.031 rows=1 loops=93)
        Index Cond: (id = mk.movie_id)
        Filter: (kind_id > 1)
        Rows Removed by Filter: 0
Planning time: 0.748 ms
Execution time: 1228.475 ms
