Seq Scan on movie_keyword mk  (cost=0.00..81003.12 rows=2277514 width=0) (actual time=0.029..1123.757 rows=2274472 loops=1)
  Filter: (keyword_id > 4630)
  Rows Removed by Filter: 2249458
Planning time: 0.304 ms
Execution time: 1378.246 ms
