Hash Join  (cost=166700.01..565953.46 rows=205274 width=0) (actual time=2946.373..11423.446 rows=406373 loops=1)
  Hash Cond: (mi.movie_id = t.id)
  ->  Seq Scan on movie_info mi  (cost=0.00..346232.03 rows=13591652 width=4) (actual time=0.019..5856.565 rows=13631011 loops=1)
        Filter: (info_type_id < 35)
        Rows Removed by Filter: 1204709
  ->  Hash  (cost=166222.66..166222.66 rows=38188 width=8) (actual time=2944.998..2944.998 rows=24935 loops=1)
        Buckets: 65536  Batches: 1  Memory Usage: 1487kB
        ->  Hash Join  (cost=74357.80..166222.66 rows=38188 width=8) (actual time=1037.449..2935.717 rows=24935 loops=1)
              Hash Cond: (mk.movie_id = t.id)
              ->  Seq Scan on movie_keyword mk  (cost=0.00..81003.12 rows=2794626 width=4) (actual time=0.028..1445.119 rows=2785270 loops=1)
                    Filter: (keyword_id > 2837)
                    Rows Removed by Filter: 1738660
              ->  Hash  (cost=73925.90..73925.90 rows=34552 width=4) (actual time=1036.734..1036.734 rows=39508 loops=1)
                    Buckets: 65536  Batches: 1  Memory Usage: 1901kB
                    ->  Seq Scan on title t  (cost=0.00..73925.90 rows=34552 width=4) (actual time=0.025..1020.642 rows=39508 loops=1)
                          Filter: ((kind_id > 1) AND (production_year = 1998))
                          Rows Removed by Filter: 2488804
Planning time: 1.247 ms
Execution time: 11477.084 ms
