Seq Scan on movie_keyword mk  (cost=0.00..81003.12 rows=4052291 width=0) (actual time=3.524..1492.876 rows=4055797 loops=1)
  Filter: (keyword_id < 38005)
  Rows Removed by Filter: 468133
Planning time: 0.346 ms
Execution time: 2012.473 ms
