Hash Join  (cost=229607.08..764677.31 rows=5179331 width=0) (actual time=4749.736..28731.711 rows=49592191 loops=1)
  Hash Cond: (mi.movie_id = t.id)
  ->  Seq Scan on movie_info mi  (cost=0.00..309384.22 rows=14739122 width=4) (actual time=0.018..6162.957 rows=14835720 loops=1)
  ->  Hash  (cost=215029.51..215029.51 rows=888525 width=8) (actual time=4748.605..4748.605 rows=895055 loops=1)
        Buckets: 131072  Batches: 16  Memory Usage: 3331kB
        ->  Hash Join  (cost=102767.86..215029.51 rows=888525 width=8) (actual time=1975.047..4491.060 rows=895055 loops=1)
              Hash Cond: (mk.movie_id = t.id)
              ->  Seq Scan on movie_keyword mk  (cost=0.00..81003.12 rows=888525 width=4) (actual time=0.027..1438.328 rows=895055 loops=1)
                    Filter: (keyword_id > 20603)
                    Rows Removed by Filter: 3628875
              ->  Hash  (cost=61283.27..61283.27 rows=2528527 width=4) (actual time=1973.798..1973.798 rows=2528312 loops=1)
                    Buckets: 131072  Batches: 64  Memory Usage: 2425kB
                    ->  Seq Scan on title t  (cost=0.00..61283.27 rows=2528527 width=4) (actual time=0.009..1099.892 rows=2528312 loops=1)
Planning time: 1.120 ms
Execution time: 33972.324 ms
