Seq Scan on cast_info ci  (cost=0.00..796071.18 rows=4858382 width=0) (actual time=0.014..10838.868 rows=2226780 loops=1)
  Filter: ((person_id > 3030039) AND (role_id < 8))
  Rows Removed by Filter: 34017564
Planning time: 0.334 ms
Execution time: 11128.946 ms
