Hash Join  (cost=74530.73..155746.68 rows=1033 width=0) (actual time=1286.508..2358.748 rows=467 loops=1)
  Hash Cond: (mk.movie_id = t.id)
  ->  Seq Scan on movie_keyword mk  (cost=0.00..81003.12 rows=53999 width=4) (actual time=0.056..1155.294 rows=50021 loops=1)
        Filter: (keyword_id < 51)
        Rows Removed by Filter: 4473909
  ->  Hash  (cost=73925.90..73925.90 rows=48386 width=4) (actual time=1184.481..1184.481 rows=45023 loops=1)
        Buckets: 65536  Batches: 1  Memory Usage: 2095kB
        ->  Seq Scan on title t  (cost=0.00..73925.90 rows=48386 width=4) (actual time=0.010..1165.516 rows=45023 loops=1)
              Filter: ((kind_id > 1) AND (production_year = 2013))
              Rows Removed by Filter: 2483289
Planning time: 0.471 ms
Execution time: 2358.984 ms
