Hash Join  (cost=422686.40..1203378.00 rows=9330 width=0) (actual time=6209.207..21734.304 rows=13444 loops=1)
  Hash Cond: (ci.movie_id = t.id)
  ->  Seq Scan on cast_info ci  (cost=0.00..705507.15 rows=20024311 width=4) (actual time=377.613..12931.815 rows=20122661 loops=1)
        Filter: (role_id < 3)
        Rows Removed by Filter: 16121683
  ->  Hash  (cost=422671.67..422671.67 rows=1178 width=8) (actual time=5829.094..5829.094 rows=1645 loops=1)
        Buckets: 2048  Batches: 1  Memory Usage: 81kB
        ->  Hash Join  (cost=73983.02..422671.67 rows=1178 width=8) (actual time=1685.200..5828.442 rows=1645 loops=1)
              Hash Cond: (mi.movie_id = t.id)
              ->  Seq Scan on movie_info mi  (cost=0.00..346232.03 rows=651960 width=4) (actual time=504.503..4542.277 rows=660923 loops=1)
                    Filter: (info_type_id = 18)
                    Rows Removed by Filter: 14174797
              ->  Hash  (cost=73925.90..73925.90 rows=4569 width=4) (actual time=1177.840..1177.840 rows=5201 loops=1)
                    Buckets: 8192  Batches: 1  Memory Usage: 247kB
                    ->  Seq Scan on title t  (cost=0.00..73925.90 rows=4569 width=4) (actual time=0.057..1175.056 rows=5201 loops=1)
                          Filter: ((kind_id > 4) AND (production_year = 1956))
                          Rows Removed by Filter: 2523111
Planning time: 0.761 ms
Execution time: 21737.245 ms
