Seq Scan on movie_keyword mk  (cost=0.00..81003.12 rows=246 width=0) (actual time=2.708..1136.501 rows=585 loops=1)
  Filter: (keyword_id = 484)
  Rows Removed by Filter: 4523345
Planning time: 0.348 ms
Execution time: 1136.801 ms
