Seq Scan on movie_companies mc  (cost=0.00..51404.11 rows=104 width=0) (actual time=102.622..606.371 rows=27 loops=1)
  Filter: (company_id = 88524)
  Rows Removed by Filter: 2609102
Planning time: 0.358 ms
Execution time: 606.450 ms
