Nested Loop  (cost=0.43..83072.29 rows=96 width=0) (actual time=10.954..1136.734 rows=429 loops=1)
  ->  Seq Scan on movie_keyword mk  (cost=0.00..81003.12 rows=246 width=4) (actual time=10.888..1119.052 rows=448 loops=1)
        Filter: (keyword_id = 13699)
        Rows Removed by Filter: 4523482
  ->  Index Scan using title_pkey on title t  (cost=0.43..8.40 rows=1 width=4) (actual time=0.037..0.038 rows=1 loops=448)
        Index Cond: (id = mk.movie_id)
        Filter: (kind_id < 7)
        Rows Removed by Filter: 0
Planning time: 0.699 ms
Execution time: 1137.021 ms
