Hash Join  (cost=58358.43..85268.93 rows=2 width=0) (actual time=1225.802..1414.348 rows=189 loops=1)
  Hash Cond: (mi_idx.movie_id = t.id)
  ->  Seq Scan on movie_info_idx mi_idx  (cost=0.00..21735.35 rows=1380035 width=4) (actual time=0.014..279.869 rows=1380035 loops=1)
  ->  Hash  (cost=58358.39..58358.39 rows=3 width=8) (actual time=878.608..878.608 rows=63 loops=1)
        Buckets: 1024  Batches: 1  Memory Usage: 11kB
        ->  Nested Loop  (cost=0.43..58358.39 rows=3 width=8) (actual time=29.719..878.563 rows=63 loops=1)
              ->  Seq Scan on movie_companies mc  (cost=0.00..57926.93 rows=51 width=4) (actual time=0.404..866.472 rows=425 loops=1)
                    Filter: ((company_type_id < 2) AND (company_id = 36))
                    Rows Removed by Filter: 2608704
              ->  Index Scan using title_pkey on title t  (cost=0.43..8.45 rows=1 width=4) (actual time=0.027..0.027 rows=0 loops=425)
                    Index Cond: (id = mc.movie_id)
                    Filter: (production_year = 2012)
                    Rows Removed by Filter: 1
Planning time: 0.855 ms
Execution time: 1414.480 ms
