Hash Join  (cost=67697.55..162122.53 rows=10445 width=0) (actual time=1079.872..3181.386 rows=26489 loops=1)
  Hash Cond: (mk.movie_id = t.id)
  ->  Seq Scan on movie_keyword mk  (cost=0.00..81003.12 rows=3551308 width=4) (actual time=0.015..1525.425 rows=3548878 loops=1)
        Filter: (keyword_id > 914)
        Rows Removed by Filter: 975052
  ->  Hash  (cost=67604.59..67604.59 rows=7437 width=4) (actual time=1079.415..1079.415 rows=14054 loops=1)
        Buckets: 16384 (originally 8192)  Batches: 1 (originally 1)  Memory Usage: 623kB
        ->  Seq Scan on title t  (cost=0.00..67604.59 rows=7437 width=4) (actual time=0.128..1072.600 rows=14054 loops=1)
              Filter: (production_year = 1975)
              Rows Removed by Filter: 2514258
Planning time: 1.325 ms
Execution time: 3185.218 ms
