Hash Join  (cost=74282.22..440599.73 rows=166159 width=0) (actual time=1055.832..8779.160 rows=111933 loops=1)
  Hash Cond: (mi.movie_id = t.id)
  ->  Seq Scan on movie_info mi  (cost=0.00..309384.22 rows=14739122 width=4) (actual time=0.023..3794.783 rows=14835720 loops=1)
  ->  Hash  (cost=73925.90..73925.90 rows=28505 width=4) (actual time=1054.885..1054.885 rows=30662 loops=1)
        Buckets: 32768  Batches: 1  Memory Usage: 1334kB
        ->  Seq Scan on title t  (cost=0.00..73925.90 rows=28505 width=4) (actual time=0.099..1042.168 rows=30662 loops=1)
              Filter: ((kind_id > 2) AND (production_year = 1997))
              Rows Removed by Filter: 2497650
Planning time: 0.775 ms
Execution time: 8796.770 ms
