Seq Scan on movie_keyword mk  (cost=0.00..81003.12 rows=3772278 width=0) (actual time=0.021..1403.638 rows=3765369 loops=1)
  Filter: (keyword_id < 24686)
  Rows Removed by Filter: 758561
Planning time: 0.346 ms
Execution time: 1872.684 ms
