Hash Join  (cost=418020.47..515863.40 rows=32481 width=0) (actual time=5858.611..7989.466 rows=119555 loops=1)
  Hash Cond: (mk.movie_id = t.id)
  ->  Seq Scan on movie_keyword mk  (cost=0.00..81003.12 rows=4403999 width=4) (actual time=0.013..1441.281 rows=4406036 loops=1)
        Filter: (keyword_id < 78548)
        Rows Removed by Filter: 117894
  ->  Hash  (cost=417787.36..417787.36 rows=18649 width=8) (actual time=5858.039..5858.039 rows=16492 loops=1)
        Buckets: 32768  Batches: 1  Memory Usage: 901kB
        ->  Hash Join  (cost=68332.59..417787.36 rows=18649 width=8) (actual time=4812.601..5851.003 rows=16492 loops=1)
              Hash Cond: (mi.movie_id = t.id)
              ->  Seq Scan on movie_info mi  (cost=0.00..346232.03 rows=809669 width=4) (actual time=3857.477..4656.101 rows=802140 loops=1)
                    Filter: (info_type_id = 1)
                    Rows Removed by Filter: 14033580
              ->  Hash  (cost=67604.59..67604.59 rows=58240 width=4) (actual time=954.709..954.709 rows=58590 loops=1)
                    Buckets: 65536  Batches: 1  Memory Usage: 2572kB
                    ->  Seq Scan on title t  (cost=0.00..67604.59 rows=58240 width=4) (actual time=0.029..930.503 rows=58590 loops=1)
                          Filter: (production_year = 2001)
                          Rows Removed by Filter: 2469722
Planning time: 0.761 ms
Execution time: 8004.671 ms
