Hash Join  (cost=161429.14..509969.89 rows=5119 width=0) (actual time=3104.664..7586.115 rows=17774 loops=1)
  Hash Cond: (mi.movie_id = t.id)
  ->  Seq Scan on movie_info mi  (cost=0.00..346232.03 rows=451508 width=4) (actual time=275.686..4757.360 rows=474443 loops=1)
        Filter: (info_type_id = 6)
        Rows Removed by Filter: 14361277
  ->  Hash  (cost=161070.85..161070.85 rows=28664 width=8) (actual time=2740.573..2740.573 rows=17645 loops=1)
        Buckets: 32768  Batches: 1  Memory Usage: 946kB
        ->  Hash Join  (cost=74126.17..161070.85 rows=28664 width=8) (actual time=926.541..2733.481 rows=17645 loops=1)
              Hash Cond: (mk.movie_id = t.id)
              ->  Seq Scan on movie_keyword mk  (cost=0.00..69693.30 rows=4523930 width=4) (actual time=0.025..904.288 rows=4523930 loops=1)
              ->  Hash  (cost=73925.90..73925.90 rows=16021 width=4) (actual time=925.302..925.302 rows=59846 loops=1)
                    Buckets: 65536 (originally 16384)  Batches: 1 (originally 1)  Memory Usage: 2616kB
                    ->  Seq Scan on title t  (cost=0.00..73925.90 rows=16021 width=4) (actual time=569.498..902.205 rows=59846 loops=1)
                          Filter: ((production_year < 1915) AND (kind_id = 1))
                          Rows Removed by Filter: 2468466
Planning time: 1.110 ms
Execution time: 7588.738 ms
