Seq Scan on cast_info ci  (cost=0.00..796071.18 rows=1094771 width=0) (actual time=6713.961..10728.625 rows=2177568 loops=1)
  Filter: ((person_id < 293630) AND (role_id < 2))
  Rows Removed by Filter: 34066776
Planning time: 0.235 ms
Execution time: 11008.508 ms
