Hash Join  (cost=159901.39..551165.33 rows=722719 width=0) (actual time=4127.724..9909.197 rows=742228 loops=1)
  Hash Cond: (mi.movie_id = t.id)
  ->  Seq Scan on movie_info mi  (cost=0.00..346232.03 rows=3068194 width=4) (actual time=813.496..4940.082 rows=3036719 loops=1)
        Filter: (info_type_id = 16)
        Rows Removed by Filter: 11799001
  ->  Hash  (cost=150129.40..150129.40 rows=595599 width=8) (actual time=3313.307..3313.307 rows=471564 loops=1)
        Buckets: 131072  Batches: 8  Memory Usage: 3340kB
        ->  Hash Join  (cost=100809.69..150129.40 rows=595599 width=8) (actual time=1855.156..3178.532 rows=471564 loops=1)
              Hash Cond: (mi_idx.movie_id = t.id)
              ->  Seq Scan on movie_info_idx mi_idx  (cost=0.00..25185.44 rows=919057 width=4) (actual time=0.024..512.867 rows=920110 loops=1)
                    Filter: (info_type_id > 99)
                    Rows Removed by Filter: 459925
              ->  Hash  (cost=73925.90..73925.90 rows=1638623 width=4) (actual time=1853.965..1853.965 rows=1629839 loops=1)
                    Buckets: 131072  Batches: 32  Memory Usage: 2813kB
                    ->  Seq Scan on title t  (cost=0.00..73925.90 rows=1638623 width=4) (actual time=0.025..1335.643 rows=1629839 loops=1)
                          Filter: ((kind_id > 1) AND (production_year < 2012))
                          Rows Removed by Filter: 898473
Planning time: 2.421 ms
Execution time: 10004.629 ms
