Hash Join  (cost=450982.06..1534226.69 rows=4812849 width=0) (actual time=7348.469..40655.898 rows=11925918 loops=1)
  Hash Cond: (ci.movie_id = t.id)
  ->  Seq Scan on cast_info ci  (cost=0.00..614943.12 rows=36225612 width=4) (actual time=0.014..12028.468 rows=36244344 loops=1)
  ->  Hash  (cost=445469.88..445469.88 rows=335934 width=8) (actual time=7347.554..7347.554 rows=705350 loops=1)
        Buckets: 131072 (originally 131072)  Batches: 16 (originally 8)  Memory Usage: 3073kB
        ->  Hash Join  (cost=78556.72..445469.88 rows=335934 width=8) (actual time=5744.434..7117.522 rows=705350 loops=1)
              Hash Cond: (mi.movie_id = t.id)
              ->  Seq Scan on movie_info mi  (cost=0.00..346232.03 rows=1272478 width=4) (actual time=4175.798..4823.372 rows=1325361 loops=1)
                    Filter: (info_type_id = 8)
                    Rows Removed by Filter: 13510359
              ->  Hash  (cost=67604.59..67604.59 rows=667531 width=4) (actual time=1303.195..1303.195 rows=662825 loops=1)
                    Buckets: 131072  Batches: 16  Memory Usage: 2485kB
                    ->  Seq Scan on title t  (cost=0.00..67604.59 rows=667531 width=4) (actual time=382.777..1089.058 rows=662825 loops=1)
                          Filter: (kind_id = 1)
                          Rows Removed by Filter: 1865487
Planning time: 1.133 ms
Execution time: 41976.112 ms
