Hash Join  (cost=95544.38..182402.47 rows=20005 width=0) (actual time=1503.666..3434.428 rows=103520 loops=1)
  Hash Cond: (mk.movie_id = t.id)
  ->  Seq Scan on movie_keyword mk  (cost=0.00..69693.30 rows=4523930 width=4) (actual time=0.015..1033.243 rows=4523930 loops=1)
  ->  Hash  (cost=95404.62..95404.62 rows=11181 width=8) (actual time=1503.506..1503.506 rows=13841 loops=1)
        Buckets: 16384  Batches: 1  Memory Usage: 669kB
        ->  Hash Join  (cost=68365.25..95404.62 rows=11181 width=8) (actual time=918.179..1497.889 rows=13841 loops=1)
              Hash Cond: (mi_idx.movie_id = t.id)
              ->  Seq Scan on movie_info_idx mi_idx  (cost=0.00..25185.44 rows=464566 width=4) (actual time=0.017..423.983 rows=459925 loops=1)
                    Filter: (info_type_id = 101)
                    Rows Removed by Filter: 920110
              ->  Hash  (cost=67604.59..67604.59 rows=60853 width=4) (actual time=917.812..917.812 rows=62568 loops=1)
                    Buckets: 65536  Batches: 1  Memory Usage: 2712kB
                    ->  Seq Scan on title t  (cost=0.00..67604.59 rows=60853 width=4) (actual time=0.019..892.947 rows=62568 loops=1)
                          Filter: (production_year = 2002)
                          Rows Removed by Filter: 2465744
Planning time: 1.038 ms
Execution time: 3448.387 ms
