Seq Scan on cast_info ci  (cost=0.00..705507.15 rows=8490013 width=0) (actual time=0.016..9850.491 rows=8468678 loops=1)
  Filter: (person_id > 2838830)
  Rows Removed by Filter: 27775666
Planning time: 1.862 ms
Execution time: 10833.514 ms
