Seq Scan on movie_keyword mk  (cost=0.00..81003.12 rows=621808 width=0) (actual time=0.030..1265.671 rows=621937 loops=1)
  Filter: (keyword_id > 29338)
  Rows Removed by Filter: 3901993
Planning time: 8.990 ms
Execution time: 1345.379 ms
