Seq Scan on movie_companies mc  (cost=0.00..51404.11 rows=2594708 width=0) (actual time=0.028..997.167 rows=2595852 loops=1)
  Filter: (company_id < 222427)
  Rows Removed by Filter: 13277
Planning time: 2.176 ms
Execution time: 1319.773 ms
