Seq Scan on movie_companies mc  (cost=0.00..57926.93 rows=957561 width=0) (actual time=0.027..932.602 rows=645948 loops=1)
  Filter: ((company_id < 39783) AND (company_type_id = 2))
  Rows Removed by Filter: 1963181
Planning time: 0.382 ms
Execution time: 1013.987 ms
