Hash Join  (cost=92883.59..913249.04 rows=589021 width=0) (actual time=4168.930..14731.520 rows=469558 loops=1)
  Hash Cond: (ci.movie_id = t.id)
  ->  Seq Scan on cast_info ci  (cost=0.00..796071.18 rows=966612 width=4) (actual time=2598.461..12230.825 rows=984396 loops=1)
        Filter: ((person_id > 1577085) AND (role_id = 8))
        Rows Removed by Filter: 35259948
  ->  Hash  (cost=67604.59..67604.59 rows=1540800 width=4) (actual time=1569.123..1569.123 rows=1543264 loops=1)
        Buckets: 131072  Batches: 32  Memory Usage: 2722kB
        ->  Seq Scan on title t  (cost=0.00..67604.59 rows=1540800 width=4) (actual time=193.887..1076.856 rows=1543264 loops=1)
              Filter: (kind_id = 7)
              Rows Removed by Filter: 985048
Planning time: 0.740 ms
Execution time: 14791.025 ms
