Hash Join  (cost=464465.36..542649.58 rows=227369 width=0) (actual time=7166.987..10361.589 rows=6301224 loops=1)
  Hash Cond: (mc.movie_id = t.id)
  ->  Seq Scan on movie_companies mc  (cost=0.00..44881.29 rows=2609129 width=4) (actual time=0.022..831.312 rows=2609129 loops=1)
  ->  Hash  (cost=460850.05..460850.05 rows=220345 width=8) (actual time=7166.160..7166.160 rows=296106 loops=1)
        Buckets: 131072  Batches: 4  Memory Usage: 3788kB
        ->  Hash Join  (cost=100960.39..460850.05 rows=220345 width=8) (actual time=3609.346..7087.952 rows=296106 loops=1)
              Hash Cond: (mi.movie_id = t.id)
              ->  Seq Scan on movie_info mi  (cost=0.00..346232.03 rows=274038 width=4) (actual time=1715.008..4715.933 rows=306788 loops=1)
                    Filter: (info_type_id > 105)
                    Rows Removed by Filter: 14528932
              ->  Hash  (cost=67604.59..67604.59 rows=2033104 width=4) (actual time=1848.234..1848.234 rows=2032439 loops=1)
                    Buckets: 131072  Batches: 32  Memory Usage: 3270kB
                    ->  Seq Scan on title t  (cost=0.00..67604.59 rows=2033104 width=4) (actual time=0.026..1176.506 rows=2032439 loops=1)
                          Filter: (production_year > 1973)
                          Rows Removed by Filter: 495873
Planning time: 1.148 ms
Execution time: 11042.428 ms
