Hash Join  (cost=73994.33..462148.85 rows=24063 width=0) (actual time=1111.089..8905.490 rows=32982 loops=1)
  Hash Cond: (mi.movie_id = t.id)
  ->  Seq Scan on movie_info mi  (cost=0.00..346232.03 rows=11115165 width=4) (actual time=0.021..5768.562 rows=11210743 loops=1)
        Filter: (info_type_id > 3)
        Rows Removed by Filter: 3624977
  ->  Hash  (cost=73925.90..73925.90 rows=5474 width=4) (actual time=1105.988..1105.988 rows=10142 loops=1)
        Buckets: 16384 (originally 8192)  Batches: 1 (originally 1)  Memory Usage: 485kB
        ->  Seq Scan on title t  (cost=0.00..73925.90 rows=5474 width=4) (actual time=0.128..1100.470 rows=10142 loops=1)
              Filter: ((kind_id > 1) AND (production_year = 1973))
              Rows Removed by Filter: 2518170
Planning time: 1.666 ms
Execution time: 8911.347 ms
