Hash Join  (cost=67697.55..432786.99 rows=43351 width=0) (actual time=1007.313..7770.774 rows=29120 loops=1)
  Hash Cond: (mi.movie_id = t.id)
  ->  Seq Scan on movie_info mi  (cost=0.00..309384.22 rows=14739122 width=4) (actual time=0.016..4049.857 rows=14835720 loops=1)
  ->  Hash  (cost=67604.59..67604.59 rows=7437 width=4) (actual time=999.659..999.659 rows=2712 loops=1)
        Buckets: 8192  Batches: 1  Memory Usage: 160kB
        ->  Seq Scan on title t  (cost=0.00..67604.59 rows=7437 width=4) (actual time=591.565..998.253 rows=2712 loops=1)
              Filter: (production_year = 1908)
              Rows Removed by Filter: 2525600
Planning time: 0.543 ms
Execution time: 7775.872 ms
