Hash Join  (cost=76379.89..137170.38 rows=112819 width=0) (actual time=1251.839..2400.934 rows=111673 loops=1)
  Hash Cond: (mc.movie_id = t.id)
  ->  Seq Scan on movie_companies mc  (cost=0.00..51404.11 rows=533383 width=4) (actual time=36.338..792.542 rows=535854 loops=1)
        Filter: (company_id > 72368)
        Rows Removed by Filter: 2073275
  ->  Hash  (cost=67604.59..67604.59 rows=534824 width=4) (actual time=1214.571..1214.571 rows=533369 loops=1)
        Buckets: 131072  Batches: 8  Memory Usage: 3369kB
        ->  Seq Scan on title t  (cost=0.00..67604.59 rows=534824 width=4) (actual time=0.075..1043.611 rows=533369 loops=1)
              Filter: (production_year > 2009)
              Rows Removed by Filter: 1994943
Planning time: 0.716 ms
Execution time: 2416.092 ms
