Hash Join  (cost=75220.98..559934.28 rows=459837 width=0) (actual time=981.347..11383.293 rows=690737 loops=1)
  Hash Cond: (mi.movie_id = t.id)
  ->  Seq Scan on movie_info mi  (cost=0.00..309384.22 rows=14739122 width=4) (actual time=0.009..5026.554 rows=14835720 loops=1)
  ->  Hash  (cost=73925.90..73925.90 rows=78886 width=4) (actual time=980.557..980.557 rows=74127 loops=1)
        Buckets: 131072  Batches: 2  Memory Usage: 2334kB
        ->  Seq Scan on title t  (cost=0.00..73925.90 rows=78886 width=4) (actual time=0.025..951.526 rows=74127 loops=1)
              Filter: ((kind_id < 4) AND (production_year > 2011))
              Rows Removed by Filter: 2454185
Planning time: 3.176 ms
Execution time: 11482.689 ms
