Seq Scan on cast_info ci  (cost=0.00..705507.15 rows=500 width=0) (actual time=116.140..8563.268 rows=53 loops=1)
  Filter: (person_id = 909725)
  Rows Removed by Filter: 36244291
Planning time: 0.372 ms
Execution time: 8563.370 ms
