Seq Scan on movie_companies mc  (cost=0.00..57926.93 rows=53 width=0) (actual time=249.272..805.398 rows=500 loops=1)
  Filter: ((company_type_id > 1) AND (company_id = 11713))
  Rows Removed by Filter: 2608629
Planning time: 0.376 ms
Execution time: 805.619 ms
