Hash Join  (cost=190230.21..1515642.66 rows=19705399 width=0) (actual time=4147.685..49711.456 rows=40706663 loops=1)
  Hash Cond: (ci.movie_id = t.id)
  ->  Seq Scan on cast_info ci  (cost=0.00..705507.15 rows=36104616 width=4) (actual time=0.020..15963.641 rows=36087880 loops=1)
        Filter: (person_id < 4037526)
        Rows Removed by Filter: 156464
  ->  Hash  (cost=167588.78..167588.78 rows=1380035 width=8) (actual time=4146.315..4146.315 rows=1380035 loops=1)
        Buckets: 131072  Batches: 32  Memory Usage: 2708kB
        ->  Hash Join  (cost=102767.86..167588.78 rows=1380035 width=8) (actual time=1846.912..3752.223 rows=1380035 loops=1)
              Hash Cond: (mi_idx.movie_id = t.id)
              ->  Seq Scan on movie_info_idx mi_idx  (cost=0.00..21735.35 rows=1380035 width=4) (actual time=0.014..436.160 rows=1380035 loops=1)
              ->  Hash  (cost=61283.27..61283.27 rows=2528527 width=4) (actual time=1846.118..1846.118 rows=2528312 loops=1)
                    Buckets: 131072  Batches: 64  Memory Usage: 2415kB
                    ->  Seq Scan on title t  (cost=0.00..61283.27 rows=2528527 width=4) (actual time=0.025..986.911 rows=2528312 loops=1)
Planning time: 1.117 ms
Execution time: 54338.196 ms
