Seq Scan on movie_companies mc  (cost=0.00..51404.11 rows=104 width=0) (actual time=2.342..760.843 rows=327 loops=1)
  Filter: (company_id = 52463)
  Rows Removed by Filter: 2608802
Planning time: 0.312 ms
Execution time: 760.989 ms
