Hash Join  (cost=1116119.47..1988381.42 rows=29874042 width=0) (actual time=29239.285..79204.618 rows=132558720 loops=1)
  Hash Cond: (mi.movie_id = t.id)
  ->  Seq Scan on movie_info mi  (cost=0.00..309384.22 rows=14739122 width=4) (actual time=0.024..6488.342 rows=14835720 loops=1)
  ->  Hash  (cost=1032037.54..1032037.54 rows=5124954 width=8) (actual time=29235.754..29235.754 rows=10475274 loops=1)
        Buckets: 131072 (originally 131072)  Batches: 256 (originally 128)  Memory Usage: 3073kB
        ->  Hash Join  (cost=102767.86..1032037.54 rows=5124954 width=8) (actual time=4881.185..25825.644 rows=10475274 loops=1)
              Hash Cond: (ci.movie_id = t.id)
              ->  Seq Scan on cast_info ci  (cost=0.00..796071.18 rows=5124954 width=4) (actual time=2909.803..14965.309 rows=10475274 loops=1)
                    Filter: ((person_id < 1429420) AND (role_id < 2))
                    Rows Removed by Filter: 25769070
              ->  Hash  (cost=61283.27..61283.27 rows=2528527 width=4) (actual time=1969.941..1969.941 rows=2528312 loops=1)
                    Buckets: 131072  Batches: 64  Memory Usage: 2415kB
                    ->  Seq Scan on title t  (cost=0.00..61283.27 rows=2528527 width=4) (actual time=0.017..1143.726 rows=2528312 loops=1)
Planning time: 1.289 ms
Execution time: 93811.424 ms
