Seq Scan on cast_info ci  (cost=0.00..796071.18 rows=176 width=0) (actual time=6172.746..12445.748 rows=3 loops=1)
  Filter: ((role_id < 2) AND (person_id = 1264903))
  Rows Removed by Filter: 36244341
Planning time: 0.385 ms
Execution time: 12445.859 ms
