Hash Join  (cost=184329.09..321282.59 rows=1227147 width=0) (actual time=3504.619..7071.542 rows=938028 loops=1)
  Hash Cond: (mk.movie_id = t.id)
  ->  Seq Scan on movie_keyword mk  (cost=0.00..69693.30 rows=4523930 width=4) (actual time=0.024..1365.469 rows=4523930 loops=1)
  ->  Hash  (cost=173075.59..173075.59 rows=685880 width=8) (actual time=3502.741..3502.741 rows=297188 loops=1)
        Buckets: 131072  Batches: 16  Memory Usage: 1756kB
        ->  Hash Join  (cost=94973.51..173075.59 rows=685880 width=8) (actual time=1617.005..3403.111 rows=297188 loops=1)
              Hash Cond: (mc.movie_id = t.id)
              ->  Seq Scan on movie_companies mc  (cost=0.00..51404.11 rows=1039632 width=4) (actual time=0.018..868.810 rows=1048689 loops=1)
                    Filter: (company_id > 15001)
                    Rows Removed by Filter: 1560440
              ->  Hash  (cost=67604.59..67604.59 rows=1668154 width=4) (actual time=1615.664..1615.664 rows=1674098 loops=1)
                    Buckets: 131072  Batches: 32  Memory Usage: 2869kB
                    ->  Seq Scan on title t  (cost=0.00..67604.59 rows=1668154 width=4) (actual time=0.018..1069.531 rows=1674098 loops=1)
                          Filter: (kind_id > 3)
                          Rows Removed by Filter: 854214
Planning time: 1.116 ms
Execution time: 7190.035 ms
