Hash Join  (cost=95252.32..180034.40 rows=6363 width=0) (actual time=1477.531..2952.735 rows=33171 loops=1)
  Hash Cond: (mk.movie_id = t.id)
  ->  Seq Scan on movie_keyword mk  (cost=0.00..81003.12 rows=990751 width=4) (actual time=0.011..1293.091 rows=1001288 loops=1)
        Filter: (keyword_id > 18536)
        Rows Removed by Filter: 3522642
  ->  Hash  (cost=95049.35..95049.35 rows=16238 width=8) (actual time=1476.318..1476.318 rows=21438 loops=1)
        Buckets: 32768 (originally 16384)  Batches: 1 (originally 1)  Memory Usage: 1094kB
        ->  Hash Join  (cost=67976.49..95049.35 rows=16238 width=8) (actual time=859.399..1467.809 rows=21438 loops=1)
              Hash Cond: (mi_idx.movie_id = t.id)
              ->  Seq Scan on movie_info_idx mi_idx  (cost=0.00..21735.35 rows=1380035 width=4) (actual time=0.018..271.171 rows=1380035 loops=1)
              ->  Hash  (cost=67604.59..67604.59 rows=29752 width=4) (actual time=859.197..859.197 rows=30027 loops=1)
                    Buckets: 32768  Batches: 1  Memory Usage: 1312kB
                    ->  Seq Scan on title t  (cost=0.00..67604.59 rows=29752 width=4) (actual time=0.011..846.823 rows=30027 loops=1)
                          Filter: (production_year = 1994)
                          Rows Removed by Filter: 2498285
Planning time: 0.799 ms
Execution time: 2957.440 ms
