Hash Join  (cost=156632.57..1108094.77 rows=2105728 width=0) (actual time=3802.361..22015.860 rows=2817464 loops=1)
  Hash Cond: (ci.movie_id = t.id)
  ->  Seq Scan on cast_info ci  (cost=0.00..796071.18 rows=11460997 width=4) (actual time=456.356..13513.791 rows=8766874 loops=1)
        Filter: ((person_id > 2074029) AND (role_id < 5))
        Rows Removed by Filter: 27477470
  ->  Hash  (cost=149010.49..149010.49 rows=464566 width=8) (actual time=3345.115..3345.115 rows=459925 loops=1)
        Buckets: 131072  Batches: 8  Memory Usage: 3275kB
        ->  Hash Join  (cost=102767.86..149010.49 rows=464566 width=8) (actual time=1956.207..3206.172 rows=459925 loops=1)
              Hash Cond: (mi_idx.movie_id = t.id)
              ->  Seq Scan on movie_info_idx mi_idx  (cost=0.00..25185.44 rows=464566 width=4) (actual time=0.029..447.022 rows=459925 loops=1)
                    Filter: (info_type_id = 101)
                    Rows Removed by Filter: 920110
              ->  Hash  (cost=61283.27..61283.27 rows=2528527 width=4) (actual time=1954.971..1954.971 rows=2528312 loops=1)
                    Buckets: 131072  Batches: 64  Memory Usage: 2415kB
                    ->  Seq Scan on title t  (cost=0.00..61283.27 rows=2528527 width=4) (actual time=0.018..1093.727 rows=2528312 loops=1)
Planning time: 0.755 ms
Execution time: 22356.627 ms
