Hash Join  (cost=166189.18..669223.35 rows=2176925 width=0) (actual time=3963.429..24111.160 rows=28244714 loops=1)
  Hash Cond: (mi.movie_id = t.id)
  ->  Seq Scan on movie_info mi  (cost=0.00..309384.22 rows=14739122 width=4) (actual time=0.019..5728.496 rows=14835720 loops=1)
  ->  Hash  (cost=160061.98..160061.98 rows=373456 width=8) (actual time=3962.433..3962.433 rows=955522 loops=1)
        Buckets: 131072 (originally 131072)  Batches: 16 (originally 8)  Memory Usage: 3421kB
        ->  Hash Join  (cost=79863.89..160061.98 rows=373456 width=8) (actual time=1322.280..3683.798 rows=955522 loops=1)
              Hash Cond: (mc.movie_id = t.id)
              ->  Seq Scan on movie_companies mc  (cost=0.00..44881.29 rows=2609129 width=4) (actual time=0.012..790.044 rows=2609129 loops=1)
              ->  Hash  (cost=73925.90..73925.90 rows=361919 width=4) (actual time=1321.371..1321.371 rows=470371 loops=1)
                    Buckets: 131072  Batches: 8  Memory Usage: 3103kB
                    ->  Seq Scan on title t  (cost=0.00..73925.90 rows=361919 width=4) (actual time=0.036..1174.808 rows=470371 loops=1)
                          Filter: ((kind_id < 7) AND (production_year < 1998))
                          Rows Removed by Filter: 2057941
Planning time: 1.181 ms
Execution time: 27199.990 ms
