Seq Scan on cast_info ci  (cost=0.00..705507.15 rows=27644498 width=0) (actual time=34.470..11483.272 rows=27774789 loops=1)
  Filter: (person_id > 831198)
  Rows Removed by Filter: 8469555
Planning time: 0.319 ms
Execution time: 14794.088 ms
