Seq Scan on cast_info ci  (cost=0.00..705507.15 rows=34039602 width=0) (actual time=0.019..12418.688 rows=34119543 loops=1)
  Filter: (person_id > 208485)
  Rows Removed by Filter: 2124801
Planning time: 0.505 ms
Execution time: 16709.983 ms
