Hash Join  (cost=695571.24..1860939.89 rows=22866176 width=0) (actual time=16190.974..47723.183 rows=44814511 loops=1)
  Hash Cond: (ci.movie_id = t.id)
  ->  Seq Scan on cast_info ci  (cost=0.00..705507.15 rows=12902256 width=4) (actual time=0.031..12174.288 rows=13022052 loops=1)
        Filter: (person_id > 2374252)
        Rows Removed by Filter: 23222292
  ->  Hash  (cost=622051.09..622051.09 rows=4481212 width=8) (actual time=16189.509..16189.509 rows=3700425 loops=1)
        Buckets: 131072  Batches: 64  Memory Usage: 3281kB
        ->  Hash Join  (cost=82423.69..622051.09 rows=4481212 width=8) (actual time=1457.632..15094.937 rows=3700425 loops=1)
              Hash Cond: (mi.movie_id = t.id)
              ->  Seq Scan on movie_info mi  (cost=0.00..346232.03 rows=12545135 width=4) (actual time=0.024..6287.202 rows=12601870 loops=1)
                    Filter: (info_type_id < 17)
                    Rows Removed by Filter: 2233850
              ->  Hash  (cost=67604.59..67604.59 rows=903208 width=4) (actual time=1455.620..1455.620 rows=904491 loops=1)
                    Buckets: 131072  Batches: 16  Memory Usage: 3017kB
                    ->  Seq Scan on title t  (cost=0.00..67604.59 rows=903208 width=4) (actual time=0.028..1162.702 rows=904491 loops=1)
                          Filter: (production_year > 2006)
                          Rows Removed by Filter: 1623821
Planning time: 1.175 ms
Execution time: 52702.087 ms
