Nested Loop  (cost=0.43..798787.41 rows=324 width=0) (actual time=241.996..13170.575 rows=13 loops=1)
  ->  Seq Scan on cast_info ci  (cost=0.00..796071.18 rows=324 width=4) (actual time=241.904..13169.735 rows=13 loops=1)
        Filter: ((role_id > 1) AND (person_id = 2736603))
        Rows Removed by Filter: 36244331
  ->  Index Only Scan using title_pkey on title t  (cost=0.43..8.37 rows=1 width=4) (actual time=0.057..0.057 rows=1 loops=13)
        Index Cond: (id = ci.movie_id)
        Heap Fetches: 13
Planning time: 0.956 ms
Execution time: 13170.660 ms
