Seq Scan on movie_companies mc  (cost=0.00..57926.93 rows=883781 width=0) (actual time=0.018..916.872 rows=704783 loops=1)
  Filter: ((company_id > 1764) AND (company_type_id = 1))
  Rows Removed by Filter: 1904346
Planning time: 0.385 ms
Execution time: 1004.176 ms
