Hash Join  (cost=115467.87..484382.22 rows=425843 width=0) (actual time=2029.744..9280.625 rows=198332 loops=1)
  Hash Cond: (mi.movie_id = t.id)
  ->  Seq Scan on movie_info mi  (cost=0.00..309384.22 rows=14739122 width=4) (actual time=0.013..3666.409 rows=14835720 loops=1)
  ->  Hash  (cost=114554.70..114554.70 rows=73054 width=8) (actual time=2028.872..2028.872 rows=17574 loops=1)
        Buckets: 131072  Batches: 1  Memory Usage: 1711kB
        ->  Hash Join  (cost=77224.26..114554.70 rows=73054 width=8) (actual time=1122.440..2021.658 rows=17574 loops=1)
              Hash Cond: (mi_idx.movie_id = t.id)
              ->  Seq Scan on movie_info_idx mi_idx  (cost=0.00..25185.44 rows=919057 width=4) (actual time=0.016..530.146 rows=920110 loops=1)
                    Filter: (info_type_id > 99)
                    Rows Removed by Filter: 459925
              ->  Hash  (cost=73925.90..73925.90 rows=200988 width=4) (actual time=1121.770..1121.770 rows=74956 loops=1)
                    Buckets: 131072  Batches: 4  Memory Usage: 1682kB
                    ->  Seq Scan on title t  (cost=0.00..73925.90 rows=200988 width=4) (actual time=0.032..1094.789 rows=74956 loops=1)
                          Filter: ((kind_id > 1) AND (production_year < 1963))
                          Rows Removed by Filter: 2453356
Planning time: 1.125 ms
Execution time: 9308.032 ms
