Nested Loop  (cost=0.43..83071.67 rows=246 width=0) (actual time=32.342..1283.719 rows=53 loops=1)
  ->  Seq Scan on movie_keyword mk  (cost=0.00..81003.12 rows=246 width=4) (actual time=32.257..1281.173 rows=53 loops=1)
        Filter: (keyword_id = 11505)
        Rows Removed by Filter: 4523877
  ->  Index Only Scan using title_pkey on title t  (cost=0.43..8.40 rows=1 width=4) (actual time=0.042..0.043 rows=1 loops=53)
        Index Cond: (id = mk.movie_id)
        Heap Fetches: 53
Planning time: 0.776 ms
Execution time: 1283.831 ms
