Hash Join  (cost=108745.74..195978.60 rows=57482 width=0) (actual time=1926.252..5031.768 rows=1154468 loops=1)
  Hash Cond: (mk.movie_id = t.id)
  ->  Seq Scan on movie_keyword mk  (cost=0.00..69693.30 rows=4523930 width=4) (actual time=0.019..961.958 rows=4523930 loops=1)
  ->  Hash  (cost=108344.14..108344.14 rows=32128 width=8) (actual time=1926.008..1926.008 rows=90021 loops=1)
        Buckets: 131072 (originally 32768)  Batches: 2 (originally 1)  Memory Usage: 3073kB
        ->  Hash Join  (cost=76817.76..108344.14 rows=32128 width=8) (actual time=1129.902..1890.042 rows=90021 loops=1)
              Hash Cond: (mi_idx.movie_id = t.id)
              ->  Seq Scan on movie_info_idx mi_idx  (cost=0.00..25185.44 rows=460978 width=4) (actual time=0.023..452.749 rows=459925 loops=1)
                    Filter: (info_type_id = 99)
                    Rows Removed by Filter: 920110
              ->  Hash  (cost=73925.90..73925.90 rows=176228 width=4) (actual time=1129.148..1129.148 rows=310626 loops=1)
                    Buckets: 131072  Batches: 4  Memory Usage: 3757kB
                    ->  Seq Scan on title t  (cost=0.00..73925.90 rows=176228 width=4) (actual time=177.992..1026.106 rows=310626 loops=1)
                          Filter: ((production_year < 1989) AND (kind_id = 1))
                          Rows Removed by Filter: 2217686
Planning time: 3.361 ms
Execution time: 5175.606 ms
