Seq Scan on cast_info ci  (cost=0.00..796071.18 rows=7829835 width=0) (actual time=0.018..12260.913 rows=4856668 loops=1)
  Filter: ((person_id < 1718432) AND (role_id > 2))
  Rows Removed by Filter: 31387676
Planning time: 12.311 ms
Execution time: 12882.171 ms
