Seq Scan on movie_keyword mk  (cost=0.00..81003.12 rows=3833047 width=0) (actual time=0.023..1387.662 rows=3827550 loops=1)
  Filter: (keyword_id < 27068)
  Rows Removed by Filter: 696380
Planning time: 0.265 ms
Execution time: 1880.163 ms
