Hash Join  (cost=83661.18..126910.26 rows=323860 width=0) (actual time=1350.138..2505.229 rows=177228 loops=1)
  Hash Cond: (mi_idx.movie_id = t.id)
  ->  Seq Scan on movie_info_idx mi_idx  (cost=0.00..21735.35 rows=1380035 width=4) (actual time=0.030..414.959 rows=1380035 loops=1)
  ->  Hash  (cost=73925.90..73925.90 rows=593382 width=4) (actual time=1348.752..1348.752 rows=486368 loops=1)
        Buckets: 131072  Batches: 8  Memory Usage: 3147kB
        ->  Seq Scan on title t  (cost=0.00..73925.90 rows=593382 width=4) (actual time=0.013..1184.962 rows=486368 loops=1)
              Filter: ((production_year < 1999) AND (kind_id = 7))
              Rows Removed by Filter: 2041944
Planning time: 0.728 ms
Execution time: 2528.152 ms
