Hash Join  (cost=102767.86..216736.03 rows=959449 width=0) (actual time=2021.838..5296.813 rows=970063 loops=1)
  Hash Cond: (mk.movie_id = t.id)
  ->  Seq Scan on movie_keyword mk  (cost=0.00..81003.12 rows=959449 width=4) (actual time=0.017..1426.927 rows=970063 loops=1)
        Filter: (keyword_id > 19525)
        Rows Removed by Filter: 3553867
  ->  Hash  (cost=61283.27..61283.27 rows=2528527 width=4) (actual time=2020.877..2020.877 rows=2528312 loops=1)
        Buckets: 131072  Batches: 64  Memory Usage: 2425kB
        ->  Seq Scan on title t  (cost=0.00..61283.27 rows=2528527 width=4) (actual time=0.010..1133.761 rows=2528312 loops=1)
Planning time: 0.713 ms
Execution time: 5410.460 ms
