Seq Scan on movie_keyword mk  (cost=0.00..81003.12 rows=464851 width=0) (actual time=0.016..1261.332 rows=461389 loops=1)
  Filter: (keyword_id > 38490)
  Rows Removed by Filter: 4062541
Planning time: 0.299 ms
Execution time: 1318.683 ms
