Hash Join  (cost=353199.17..1207631.03 rows=6736590 width=0) (actual time=13414.391..36658.749 rows=49306985 loops=1)
  Hash Cond: (ci.movie_id = t.id)
  ->  Seq Scan on cast_info ci  (cost=0.00..705507.15 rows=4320508 width=4) (actual time=5453.504..13510.132 rows=4323018 loops=1)
        Filter: (role_id = 10)
        Rows Removed by Filter: 31921326
  ->  Hash  (cost=288516.79..288516.79 rows=3942511 width=8) (actual time=7959.152..7959.152 rows=3945272 loops=1)
        Buckets: 131072  Batches: 64  Memory Usage: 3456kB
        ->  Hash Join  (cost=102767.86..288516.79 rows=3942511 width=8) (actual time=2019.736..6921.175 rows=3945272 loops=1)
              Hash Cond: (mk.movie_id = t.id)
              ->  Seq Scan on movie_keyword mk  (cost=0.00..81003.12 rows=3942511 width=4) (actual time=0.026..1751.896 rows=3945272 loops=1)
                    Filter: (keyword_id < 31668)
                    Rows Removed by Filter: 578658
              ->  Hash  (cost=61283.27..61283.27 rows=2528527 width=4) (actual time=2017.458..2017.458 rows=2528312 loops=1)
                    Buckets: 131072  Batches: 64  Memory Usage: 2425kB
                    ->  Seq Scan on title t  (cost=0.00..61283.27 rows=2528527 width=4) (actual time=0.015..1146.413 rows=2528312 loops=1)
Planning time: 1.095 ms
Execution time: 41879.592 ms
