Seq Scan on movie_keyword mk  (cost=0.00..81003.12 rows=246 width=0) (actual time=141.278..1128.904 rows=9 loops=1)
  Filter: (keyword_id = 38882)
  Rows Removed by Filter: 4523921
Planning time: 0.317 ms
Execution time: 1129.007 ms
