Hash Join  (cost=87880.14..222772.96 rows=1139487 width=0) (actual time=1346.597..5596.658 rows=2333012 loops=1)
  Hash Cond: (mk.movie_id = t.id)
  ->  Seq Scan on movie_keyword mk  (cost=0.00..81003.12 rows=3387685 width=4) (actual time=0.019..1566.337 rows=3377245 loops=1)
        Filter: (keyword_id < 16264)
        Rows Removed by Filter: 1146685
  ->  Hash  (cost=73925.90..73925.90 rows=850499 width=4) (actual time=1345.723..1345.723 rows=765361 loops=1)
        Buckets: 131072  Batches: 16  Memory Usage: 2718kB
        ->  Seq Scan on title t  (cost=0.00..73925.90 rows=850499 width=4) (actual time=0.015..1093.803 rows=765361 loops=1)
              Filter: ((kind_id < 7) AND (production_year > 1963))
              Rows Removed by Filter: 1762951
Planning time: 0.667 ms
Execution time: 5865.884 ms
