Seq Scan on title t  (cost=0.00..73925.90 rows=27 width=0) (actual time=461.981..1050.348 rows=55 loops=1)
  Filter: ((production_year > 2013) AND (kind_id = 3))
  Rows Removed by Filter: 2528257
Planning time: 0.410 ms
Execution time: 1050.518 ms
