Nested Loop  (cost=0.43..58358.39 rows=48 width=0) (actual time=187.919..890.185 rows=85 loops=1)
  ->  Seq Scan on movie_companies mc  (cost=0.00..57926.93 rows=51 width=4) (actual time=187.868..882.201 rows=85 loops=1)
        Filter: ((company_id = 11824) AND (company_type_id = 1))
        Rows Removed by Filter: 2609044
  ->  Index Scan using title_pkey on title t  (cost=0.43..8.45 rows=1 width=4) (actual time=0.091..0.092 rows=1 loops=85)
        Index Cond: (id = mc.movie_id)
        Filter: (production_year < 2013)
Planning time: 1.308 ms
Execution time: 890.329 ms
