Seq Scan on movie_keyword mk  (cost=0.00..81003.12 rows=3530341 width=0) (actual time=0.807..1423.303 rows=3524299 loops=1)
  Filter: (keyword_id > 953)
  Rows Removed by Filter: 999631
Planning time: 0.292 ms
Execution time: 1846.306 ms
