Hash Join  (cost=74393.18..130784.65 rows=18917 width=0) (actual time=1655.602..2292.133 rows=21567 loops=1)
  Hash Cond: (mc.movie_id = t.id)
  ->  Seq Scan on movie_companies mc  (cost=0.00..51404.11 rows=1279517 width=4) (actual time=322.937..938.629 rows=1274246 loops=1)
        Filter: (company_type_id = 1)
        Rows Removed by Filter: 1334883
  ->  Hash  (cost=73925.90..73925.90 rows=37382 width=4) (actual time=1085.942..1085.942 rows=33190 loops=1)
        Buckets: 65536  Batches: 1  Memory Usage: 1679kB
        ->  Seq Scan on title t  (cost=0.00..73925.90 rows=37382 width=4) (actual time=232.940..1073.062 rows=33190 loops=1)
              Filter: ((kind_id < 2) AND (production_year = 2010))
              Rows Removed by Filter: 2495122
Planning time: 0.817 ms
Execution time: 2295.392 ms
