Hash Join  (cost=73982.55..128694.84 rows=4676 width=0) (actual time=1367.064..2588.731 rows=9214 loops=1)
  Hash Cond: (mc.movie_id = t.id)
  ->  Seq Scan on movie_companies mc  (cost=0.00..44881.29 rows=2609129 width=4) (actual time=0.017..660.476 rows=2609129 loops=1)
  ->  Hash  (cost=73925.90..73925.90 rows=4532 width=4) (actual time=1366.967..1366.967 rows=8420 loops=1)
        Buckets: 16384 (originally 8192)  Batches: 1 (originally 1)  Memory Usage: 425kB
        ->  Seq Scan on title t  (cost=0.00..73925.90 rows=4532 width=4) (actual time=0.016..1361.203 rows=8420 loops=1)
              Filter: ((kind_id = 7) AND (production_year = 1966))
              Rows Removed by Filter: 2519892
Planning time: 1.187 ms
Execution time: 2590.048 ms
