Hash Join  (cost=206737.68..575544.85 rows=446767 width=0) (actual time=4824.573..10622.502 rows=729457 loops=1)
  Hash Cond: (mi.movie_id = t.id)
  ->  Seq Scan on movie_info mi  (cost=0.00..346232.03 rows=1264125 width=4) (actual time=688.766..5559.733 rows=1288928 loops=1)
        Filter: (info_type_id = 2)
        Rows Removed by Filter: 13546792
  ->  Hash  (cost=192076.30..192076.30 rows=893631 width=8) (actual time=4121.242..4121.242 rows=729179 loops=1)
        Buckets: 131072  Batches: 16  Memory Usage: 2846kB
        ->  Hash Join  (cost=102767.86..192076.30 rows=893631 width=8) (actual time=2064.550..3905.470 rows=729179 loops=1)
              Hash Cond: (mc.movie_id = t.id)
              ->  Seq Scan on movie_companies mc  (cost=0.00..57926.93 rows=893631 width=4) (actual time=178.935..1033.019 rows=729179 loops=1)
                    Filter: ((company_id > 1680) AND (company_type_id < 2))
                    Rows Removed by Filter: 1879950
              ->  Hash  (cost=61283.27..61283.27 rows=2528527 width=4) (actual time=1884.005..1884.005 rows=2528312 loops=1)
                    Buckets: 131072  Batches: 64  Memory Usage: 2415kB
                    ->  Seq Scan on title t  (cost=0.00..61283.27 rows=2528527 width=4) (actual time=0.020..1072.778 rows=2528312 loops=1)
Planning time: 1.144 ms
Execution time: 10705.118 ms
