Seq Scan on cast_info ci  (cost=0.00..796071.18 rows=6288122 width=0) (actual time=0.026..13229.670 rows=3886049 loops=1)
  Filter: ((person_id < 1382161) AND (role_id > 2))
  Rows Removed by Filter: 32358295
Planning time: 0.362 ms
Execution time: 13705.384 ms
