Seq Scan on movie_keyword mk  (cost=0.00..81003.12 rows=2441079 width=0) (actual time=0.010..1497.895 rows=2430965 loops=1)
  Filter: (keyword_id > 3748)
  Rows Removed by Filter: 2092965
Planning time: 0.369 ms
Execution time: 1786.534 ms
