Hash Join  (cost=128338.85..611431.00 rows=765925 width=0) (actual time=3476.174..14436.986 rows=750032 loops=1)
  Hash Cond: (mi.movie_id = t.id)
  ->  Seq Scan on movie_info mi  (cost=0.00..346232.03 rows=11115165 width=4) (actual time=0.018..7036.596 rows=11210743 loops=1)
        Filter: (info_type_id > 3)
        Rows Removed by Filter: 3624977
  ->  Hash  (cost=125479.90..125479.90 rows=174236 width=8) (actual time=2572.836..2572.836 rows=96715 loops=1)
        Buckets: 131072  Batches: 4  Memory Usage: 1976kB
        ->  Hash Join  (cost=89472.60..125479.90 rows=174236 width=8) (actual time=1623.857..2541.691 rows=96715 loops=1)
              Hash Cond: (mi_idx.movie_id = t.id)
              ->  Seq Scan on movie_info_idx mi_idx  (cost=0.00..25185.44 rows=464934 width=4) (actual time=0.025..503.440 rows=460185 loops=1)
                    Filter: (info_type_id > 100)
                    Rows Removed by Filter: 919850
              ->  Hash  (cost=73925.90..73925.90 rows=947576 width=4) (actual time=1622.811..1622.811 rows=876037 loops=1)
                    Buckets: 131072  Batches: 16  Memory Usage: 2949kB
                    ->  Seq Scan on title t  (cost=0.00..73925.90 rows=947576 width=4) (actual time=0.016..1352.395 rows=876037 loops=1)
                          Filter: ((production_year < 2007) AND (kind_id = 7))
                          Rows Removed by Filter: 1652275
Planning time: 1.171 ms
Execution time: 14525.647 ms
