Hash Join  (cost=67697.55..154488.65 rows=13306 width=0) (actual time=1036.236..2820.540 rows=4680 loops=1)
  Hash Cond: (mk.movie_id = t.id)
  ->  Seq Scan on movie_keyword mk  (cost=0.00..69693.30 rows=4523930 width=4) (actual time=0.014..1004.514 rows=4523930 loops=1)
  ->  Hash  (cost=67604.59..67604.59 rows=7437 width=4) (actual time=1030.538..1030.538 rows=2615 loops=1)
        Buckets: 8192  Batches: 1  Memory Usage: 156kB
        ->  Seq Scan on title t  (cost=0.00..67604.59 rows=7437 width=4) (actual time=0.011..1029.282 rows=2615 loops=1)
              Filter: (production_year = 1924)
              Rows Removed by Filter: 2525697
Planning time: 0.497 ms
Execution time: 2821.442 ms
