Seq Scan on cast_info ci  (cost=0.00..796071.18 rows=25341982 width=0) (actual time=0.016..16286.107 rows=24833789 loops=1)
  Filter: ((person_id > 683792) AND (role_id < 10))
  Rows Removed by Filter: 11410555
Planning time: 0.257 ms
Execution time: 19232.853 ms
