Hash Join  (cost=102767.86..1569608.08 rows=31229235 width=0) (actual time=1922.348..47518.971 rows=31206213 loops=1)
  Hash Cond: (ci.movie_id = t.id)
  ->  Seq Scan on cast_info ci  (cost=0.00..705507.15 rows=31229235 width=4) (actual time=0.023..16501.126 rows=31206213 loops=1)
        Filter: (person_id < 3165365)
        Rows Removed by Filter: 5038131
  ->  Hash  (cost=61283.27..61283.27 rows=2528527 width=4) (actual time=1920.377..1920.377 rows=2528312 loops=1)
        Buckets: 131072  Batches: 64  Memory Usage: 2415kB
        ->  Seq Scan on title t  (cost=0.00..61283.27 rows=2528527 width=4) (actual time=0.015..1096.816 rows=2528312 loops=1)
Planning time: 0.759 ms
Execution time: 50891.468 ms
