Hash Join  (cost=150492.46..992818.24 rows=748305 width=0) (actual time=4010.569..24236.114 rows=1065686 loops=1)
  Hash Cond: (ci.movie_id = t.id)
  ->  Seq Scan on cast_info ci  (cost=0.00..705507.15 rows=11128155 width=4) (actual time=2.484..14003.202 rows=11048863 loops=1)
        Filter: (person_id < 1084471)
        Rows Removed by Filter: 25195481
  ->  Hash  (cost=147702.10..147702.10 rows=170029 width=8) (actual time=4007.307..4007.307 rows=114526 loops=1)
        Buckets: 131072  Batches: 4  Memory Usage: 2155kB
        ->  Hash Join  (cost=70308.29..147702.10 rows=170029 width=8) (actual time=1179.535..3969.383 rows=114526 loops=1)
              Hash Cond: (mc.movie_id = t.id)
              ->  Seq Scan on movie_companies mc  (cost=0.00..44881.29 rows=2609129 width=4) (actual time=0.020..965.862 rows=2609129 loops=1)
              ->  Hash  (cost=67604.59..67604.59 rows=164776 width=4) (actual time=1178.591..1178.591 rows=164307 loops=1)
                    Buckets: 131072  Batches: 4  Memory Usage: 2482kB
                    ->  Seq Scan on title t  (cost=0.00..67604.59 rows=164776 width=4) (actual time=0.018..1124.610 rows=164307 loops=1)
                          Filter: (production_year = 2012)
                          Rows Removed by Filter: 2364005
Planning time: 1.230 ms
Execution time: 24388.288 ms
