Hash Join  (cost=102767.86..182331.13 rows=488636 width=0) (actual time=1879.102..3437.285 rows=283484 loops=1)
  Hash Cond: (mc.movie_id = t.id)
  ->  Seq Scan on movie_companies mc  (cost=0.00..57926.93 rows=488636 width=4) (actual time=0.019..909.187 rows=283484 loops=1)
        Filter: ((company_id < 3889) AND (company_type_id = 2))
        Rows Removed by Filter: 2325645
  ->  Hash  (cost=61283.27..61283.27 rows=2528527 width=4) (actual time=1878.001..1878.001 rows=2528312 loops=1)
        Buckets: 131072  Batches: 64  Memory Usage: 2415kB
        ->  Seq Scan on title t  (cost=0.00..61283.27 rows=2528527 width=4) (actual time=0.011..1067.786 rows=2528312 loops=1)
Planning time: 5.826 ms
Execution time: 3470.359 ms
