Seq Scan on movie_keyword mk  (cost=0.00..81003.12 rows=2851105 width=0) (actual time=0.015..1482.003 rows=2840911 loops=1)
  Filter: (keyword_id > 2606)
  Rows Removed by Filter: 1683019
Planning time: 0.250 ms
Execution time: 1834.871 ms
