Hash Join  (cost=122940.92..186887.94 rows=30836 width=0) (actual time=2758.259..3964.644 rows=234932 loops=1)
  Hash Cond: (mc.movie_id = t.id)
  ->  Seq Scan on movie_companies mc  (cost=0.00..57926.93 rows=432993 width=4) (actual time=162.807..977.885 rows=620568 loops=1)
        Filter: ((company_id < 2601) AND (company_type_id = 1))
        Rows Removed by Filter: 1988561
  ->  Hash  (cost=119986.01..119986.01 rows=180073 width=8) (actual time=2594.622..2594.622 rows=318019 loops=1)
        Buckets: 131072 (originally 131072)  Batches: 8 (originally 4)  Memory Usage: 3073kB
        ->  Hash Join  (cost=83810.17..119986.01 rows=180073 width=8) (actual time=1485.322..2498.145 rows=318019 loops=1)
              Hash Cond: (mi_idx.movie_id = t.id)
              ->  Seq Scan on movie_info_idx mi_idx  (cost=0.00..25185.44 rows=460978 width=4) (actual time=0.030..523.753 rows=459925 loops=1)
                    Filter: (info_type_id < 100)
                    Rows Removed by Filter: 920110
              ->  Hash  (cost=67604.59..67604.59 rows=987727 width=4) (actual time=1484.606..1484.606 rows=985048 loops=1)
                    Buckets: 131072  Batches: 16  Memory Usage: 3188kB
                    ->  Seq Scan on title t  (cost=0.00..67604.59 rows=987727 width=4) (actual time=0.026..1171.708 rows=985048 loops=1)
                          Filter: (kind_id < 7)
                          Rows Removed by Filter: 1543264
Planning time: 4.149 ms
Execution time: 3993.444 ms
