Seq Scan on movie_keyword mk  (cost=0.00..81003.12 rows=322459 width=0) (actual time=0.018..1247.776 rows=340576 loops=1)
  Filter: (keyword_id < 283)
  Rows Removed by Filter: 4183354
Planning time: 0.323 ms
Execution time: 1290.729 ms
