Hash Join  (cost=75456.40..106550.27 rows=17131 width=0) (actual time=1515.606..2218.176 rows=48586 loops=1)
  Hash Cond: (mi_idx.movie_id = t.id)
  ->  Seq Scan on movie_info_idx mi_idx  (cost=0.00..25185.44 rows=464566 width=4) (actual time=0.016..447.890 rows=459925 loops=1)
        Filter: (info_type_id = 101)
        Rows Removed by Filter: 920110
  ->  Hash  (cost=73925.90..73925.90 rows=93240 width=4) (actual time=1514.777..1514.777 rows=215383 loops=1)
        Buckets: 131072 (originally 131072)  Batches: 4 (originally 2)  Memory Usage: 3073kB
        ->  Seq Scan on title t  (cost=0.00..73925.90 rows=93240 width=4) (actual time=0.092..1025.596 rows=215383 loops=1)
              Filter: ((kind_id < 3) AND (production_year < 1966))
              Rows Removed by Filter: 2312929
Planning time: 0.770 ms
Execution time: 2224.593 ms
