Nested Loop  (cost=44377.22..431427.55 rows=5931 width=0) (actual time=1802.334..6750.381 rows=518 loops=1)
  Join Filter: (mi.movie_id = t.id)
  ->  Hash Join  (cost=44376.79..399813.99 rows=53320 width=8) (actual time=1790.482..6498.279 rows=20212 loops=1)
        Hash Cond: (mi.movie_id = mi_idx.movie_id)
        ->  Seq Scan on movie_info mi  (cost=0.00..346232.03 rows=17937 width=4) (actual time=875.622..5368.778 rows=6620 loops=1)
              Filter: (info_type_id = 65)
              Rows Removed by Filter: 14829100
        ->  Hash  (cost=21735.35..21735.35 rows=1380035 width=4) (actual time=912.605..912.605 rows=1380035 loops=1)
              Buckets: 131072  Batches: 32  Memory Usage: 2557kB
              ->  Seq Scan on movie_info_idx mi_idx  (cost=0.00..21735.35 rows=1380035 width=4) (actual time=0.027..459.108 rows=1380035 loops=1)
  ->  Index Scan using title_pkey on title t  (cost=0.43..0.58 rows=1 width=4) (actual time=0.012..0.012 rows=0 loops=20212)
        Index Cond: (id = mi_idx.movie_id)
        Filter: (production_year > 1997)
        Rows Removed by Filter: 1
Planning time: 2.996 ms
Execution time: 6750.646 ms
