Hash Join  (cost=157220.16..289295.86 rows=59166 width=146) (actual time=5380.911..8061.294 rows=36377 loops=1)
  Hash Cond: (mk.movie_id = t.id)
  ->  Seq Scan on movie_keyword mk  (cost=0.00..69693.30 rows=4523930 width=12) (actual time=0.021..3171.043 rows=4523930 loops=1)
  ->  Hash  (cost=156160.80..156160.80 rows=33069 width=134) (actual time=3508.164..3508.164 rows=13536 loops=1)
        Buckets: 32768  Batches: 2  Memory Usage: 1216kB
        ->  Hash Join  (cost=76051.03..156160.80 rows=33069 width=134) (actual time=1870.576..3497.618 rows=13536 loops=1)
              Hash Cond: (mc.movie_id = t.id)
              ->  Seq Scan on movie_companies mc  (cost=0.00..57926.93 rows=1068572 width=40) (actual time=19.254..1256.837 rows=816738 loops=1)
                    Filter: ((company_id < 73460) AND (company_type_id > 1))
                    Rows Removed by Filter: 1792391
              ->  Hash  (cost=73925.90..73925.90 rows=78250 width=94) (actual time=1850.990..1850.990 rows=85111 loops=1)
                    Buckets: 32768  Batches: 4  Memory Usage: 2702kB
                    ->  Seq Scan on title t  (cost=0.00..73925.90 rows=78250 width=94) (actual time=0.024..1570.541 rows=85111 loops=1)
                          Filter: ((kind_id > 4) AND (production_year = 2009))
                          Rows Removed by Filter: 2443201
Planning time: 0.941 ms
Execution time: 8063.974 ms
