Hash Join  (cost=74617.32..136352.88 rows=20993 width=0) (actual time=1073.987..1990.233 rows=15148 loops=1)
  Hash Cond: (mc.movie_id = t.id)
  ->  Seq Scan on movie_companies mc  (cost=0.00..57926.93 rows=959653 width=4) (actual time=0.018..780.199 rows=648275 loops=1)
        Filter: ((company_id < 40544) AND (company_type_id > 1))
        Rows Removed by Filter: 1960854
  ->  Hash  (cost=73925.90..73925.90 rows=55313 width=4) (actual time=1073.601..1073.601 rows=49075 loops=1)
        Buckets: 65536  Batches: 1  Memory Usage: 2238kB
        ->  Seq Scan on title t  (cost=0.00..73925.90 rows=55313 width=4) (actual time=0.346..1053.553 rows=49075 loops=1)
              Filter: ((kind_id < 7) AND (production_year = 2010))
              Rows Removed by Filter: 2479237
Planning time: 0.815 ms
Execution time: 1992.586 ms
