Seq Scan on title t  (cost=0.00..73925.90 rows=627858 width=0) (actual time=19.280..1281.522 rows=574666 loops=1)
  Filter: ((production_year > 1918) AND (kind_id = 1))
  Rows Removed by Filter: 1953646
Planning time: 2.523 ms
Execution time: 1351.568 ms
