Hash Join  (cost=460404.41..1510471.50 rows=1583193 width=0) (actual time=7910.955..34597.561 rows=1532447 loops=1)
  Hash Cond: (ci.movie_id = t.id)
  ->  Seq Scan on cast_info ci  (cost=0.00..614943.12 rows=36225612 width=4) (actual time=0.027..12969.656 rows=36244344 loops=1)
  ->  Hash  (cost=458591.08..458591.08 rows=110506 width=8) (actual time=7908.293..7908.293 rows=96832 loops=1)
        Buckets: 131072  Batches: 2  Memory Usage: 2916kB
        ->  Hash Join  (cost=75420.27..458591.08 rows=110506 width=8) (actual time=2814.529..7879.771 rows=96832 loops=1)
              Hash Cond: (mi.movie_id = t.id)
              ->  Seq Scan on movie_info mi  (cost=0.00..346232.03 rows=3068194 width=4) (actual time=357.679..5663.042 rows=3036719 loops=1)
                    Filter: (info_type_id = 16)
                    Rows Removed by Filter: 11799001
              ->  Hash  (cost=73925.90..73925.90 rows=91069 width=4) (actual time=1119.555..1119.555 rows=117875 loops=1)
                    Buckets: 131072  Batches: 2  Memory Usage: 3101kB
                    ->  Seq Scan on title t  (cost=0.00..73925.90 rows=91069 width=4) (actual time=0.029..1078.451 rows=117875 loops=1)
                          Filter: ((production_year > 1975) AND (kind_id = 4))
                          Rows Removed by Filter: 2410437
Planning time: 1.421 ms
Execution time: 34785.974 ms
