Seq Scan on movie_keyword mk  (cost=0.00..81003.12 rows=435040 width=0) (actual time=0.029..1327.721 rows=429914 loops=1)
  Filter: (keyword_id > 40691)
  Rows Removed by Filter: 4094016
Planning time: 0.334 ms
Execution time: 1383.757 ms
