Nested Loop  (cost=0.43..709671.90 rows=500 width=0) (actual time=6876.740..10197.414 rows=506 loops=1)
  ->  Seq Scan on cast_info ci  (cost=0.00..705507.15 rows=500 width=4) (actual time=6876.563..10191.018 rows=506 loops=1)
        Filter: (person_id = 1982721)
        Rows Removed by Filter: 36243838
  ->  Index Only Scan using title_pkey on title t  (cost=0.43..8.32 rows=1 width=4) (actual time=0.012..0.012 rows=1 loops=506)
        Index Cond: (id = ci.movie_id)
        Heap Fetches: 506
Planning time: 0.951 ms
Execution time: 10197.627 ms
