Hash Join  (cost=190230.21..1389630.41 rows=12760493 width=0) (actual time=8517.301..42021.946 rows=26455289 loops=1)
  Hash Cond: (ci.movie_id = t.id)
  ->  Seq Scan on cast_info ci  (cost=0.00..796071.18 rows=23380024 width=4) (actual time=4309.190..19472.382 rows=23535672 loops=1)
        Filter: ((person_id > 18057) AND (role_id > 1))
        Rows Removed by Filter: 12708672
  ->  Hash  (cost=167588.78..167588.78 rows=1380035 width=8) (actual time=4207.144..4207.144 rows=1380035 loops=1)
        Buckets: 131072  Batches: 32  Memory Usage: 2708kB
        ->  Hash Join  (cost=102767.86..167588.78 rows=1380035 width=8) (actual time=1976.202..3843.462 rows=1380035 loops=1)
              Hash Cond: (mi_idx.movie_id = t.id)
              ->  Seq Scan on movie_info_idx mi_idx  (cost=0.00..21735.35 rows=1380035 width=4) (actual time=0.027..464.644 rows=1380035 loops=1)
              ->  Hash  (cost=61283.27..61283.27 rows=2528527 width=4) (actual time=1974.300..1974.300 rows=2528312 loops=1)
                    Buckets: 131072  Batches: 64  Memory Usage: 2415kB
                    ->  Seq Scan on title t  (cost=0.00..61283.27 rows=2528527 width=4) (actual time=0.015..1144.227 rows=2528312 loops=1)
Planning time: 0.773 ms
Execution time: 44950.442 ms
