Nested Loop  (cost=0.43..709674.40 rows=115 width=0) (actual time=4826.318..8993.875 rows=3 loops=1)
  ->  Seq Scan on cast_info ci  (cost=0.00..705507.15 rows=500 width=4) (actual time=4826.184..8992.370 rows=102 loops=1)
        Filter: (person_id = 3735508)
        Rows Removed by Filter: 36244242
  ->  Index Scan using title_pkey on title t  (cost=0.43..8.32 rows=1 width=4) (actual time=0.014..0.014 rows=0 loops=102)
        Index Cond: (id = ci.movie_id)
        Filter: ((kind_id < 7) AND (production_year > 1998))
        Rows Removed by Filter: 1
Planning time: 0.743 ms
Execution time: 8993.971 ms
