Nested Loop  (cost=0.43..58375.18 rows=53 width=0) (actual time=588.134..854.525 rows=8 loops=1)
  ->  Seq Scan on movie_companies mc  (cost=0.00..57926.93 rows=53 width=4) (actual time=588.053..854.123 rows=8 loops=1)
        Filter: ((company_type_id > 1) AND (company_id = 14587))
        Rows Removed by Filter: 2609121
  ->  Index Only Scan using title_pkey on title t  (cost=0.43..8.45 rows=1 width=4) (actual time=0.042..0.043 rows=1 loops=8)
        Index Cond: (id = mc.movie_id)
        Heap Fetches: 8
Planning time: 0.742 ms
Execution time: 854.600 ms
