Hash Join  (cost=434268.12..489005.95 rows=7230 width=0) (actual time=7140.979..8960.732 rows=358273 loops=1)
  Hash Cond: (mc.movie_id = t.id)
  ->  Seq Scan on movie_companies mc  (cost=0.00..44881.29 rows=2609129 width=4) (actual time=0.023..711.094 rows=2609129 loops=1)
  ->  Hash  (cost=434180.53..434180.53 rows=7007 width=8) (actual time=7140.814..7140.814 rows=120434 loops=1)
        Buckets: 131072 (originally 8192)  Batches: 2 (originally 1)  Memory Usage: 3374kB
        ->  Hash Join  (cost=83810.17..434180.53 rows=7007 width=8) (actual time=2465.629..7103.866 rows=120434 loops=1)
              Hash Cond: (mi.movie_id = t.id)
              ->  Seq Scan on movie_info mi  (cost=0.00..346232.03 rows=17937 width=4) (actual time=874.533..5278.174 rows=121863 loops=1)
                    Filter: (info_type_id = 105)
                    Rows Removed by Filter: 14713857
              ->  Hash  (cost=67604.59..67604.59 rows=987727 width=4) (actual time=1586.179..1586.179 rows=985048 loops=1)
                    Buckets: 131072  Batches: 16  Memory Usage: 3197kB
                    ->  Seq Scan on title t  (cost=0.00..67604.59 rows=987727 width=4) (actual time=0.030..1280.720 rows=985048 loops=1)
                          Filter: (kind_id < 7)
                          Rows Removed by Filter: 1543264
Planning time: 2.279 ms
Execution time: 9004.062 ms
