Seq Scan on cast_info ci  (cost=0.00..796071.18 rows=16774556 width=0) (actual time=4591.151..15636.655 rows=13194324 loops=1)
  Filter: ((person_id < 2672926) AND (role_id > 1))
  Rows Removed by Filter: 23050020
Planning time: 0.352 ms
Execution time: 17274.344 ms
