Hash Join  (cost=797557.90..1162224.09 rows=1026 width=0) (actual time=11328.582..18133.437 rows=701 loops=1)
  Hash Cond: (mi.movie_id = t.id)
  ->  Seq Scan on movie_info mi  (cost=0.00..309384.22 rows=14739122 width=4) (actual time=0.026..4229.061 rows=14835720 loops=1)
  ->  Hash  (cost=797555.70..797555.70 rows=176 width=8) (actual time=11232.697..11232.697 rows=58 loops=1)
        Buckets: 1024  Batches: 1  Memory Usage: 11kB
        ->  Nested Loop  (cost=0.43..797555.70 rows=176 width=8) (actual time=8555.197..11232.644 rows=58 loops=1)
              ->  Seq Scan on cast_info ci  (cost=0.00..796071.18 rows=176 width=4) (actual time=8555.011..11228.764 rows=58 loops=1)
                    Filter: ((person_id = 1569031) AND (role_id = 1))
                    Rows Removed by Filter: 36244286
              ->  Index Only Scan using title_pkey on title t  (cost=0.43..8.42 rows=1 width=4) (actual time=0.064..0.065 rows=1 loops=58)
                    Index Cond: (id = ci.movie_id)
                    Heap Fetches: 58
Planning time: 1.251 ms
Execution time: 18133.766 ms
