Hash Join  (cost=766403.69..3068738.96 rows=97038196 width=0) (actual time=17322.460..69223.138 rows=78695866 loops=1)
  Hash Cond: (ci.movie_id = t.id)
  ->  Seq Scan on cast_info ci  (cost=0.00..614943.12 rows=36225612 width=4) (actual time=0.020..13154.323 rows=36244344 loops=1)
  ->  Hash  (cost=655280.55..655280.55 rows=6773211 width=8) (actual time=17321.482..17321.482 rows=3427955 loops=1)
        Buckets: 131072  Batches: 128  Memory Usage: 2040kB
        ->  Hash Join  (cost=92883.59..655280.55 rows=6773211 width=8) (actual time=1968.509..16234.951 rows=3427955 loops=1)
              Hash Cond: (mi.movie_id = t.id)
              ->  Seq Scan on movie_info mi  (cost=0.00..346232.03 rows=11115165 width=4) (actual time=0.016..7251.811 rows=11210743 loops=1)
                    Filter: (info_type_id > 3)
                    Rows Removed by Filter: 3624977
              ->  Hash  (cost=67604.59..67604.59 rows=1540800 width=4) (actual time=1729.836..1729.836 rows=1543264 loops=1)
                    Buckets: 131072  Batches: 32  Memory Usage: 2728kB
                    ->  Seq Scan on title t  (cost=0.00..67604.59 rows=1540800 width=4) (actual time=0.020..1227.774 rows=1543264 loops=1)
                          Filter: (kind_id = 7)
                          Rows Removed by Filter: 985048
Planning time: 1.247 ms
Execution time: 77702.352 ms
