Hash Join  (cost=100032.85..1050250.32 rows=4872691 width=0) (actual time=2327.941..27288.150 rows=7570782 loops=1)
  Hash Cond: (ci.movie_id = t.id)
  ->  Seq Scan on cast_info ci  (cost=0.00..796071.18 rows=7742674 width=4) (actual time=0.019..14913.782 rows=11062658 loops=1)
        Filter: ((person_id > 1874941) AND (role_id > 2))
        Rows Removed by Filter: 25181686
  ->  Hash  (cost=73925.90..73925.90 rows=1591276 width=4) (actual time=2326.736..2326.736 rows=1709435 loops=1)
        Buckets: 131072  Batches: 32  Memory Usage: 2907kB
        ->  Seq Scan on title t  (cost=0.00..73925.90 rows=1591276 width=4) (actual time=0.011..1515.036 rows=1709435 loops=1)
              Filter: ((kind_id > 1) AND (production_year > 1964))
              Rows Removed by Filter: 818877
Planning time: 0.786 ms
Execution time: 28198.699 ms
