Hash Join  (cost=78473.92..605218.10 rows=3286989 width=0) (actual time=1408.653..15196.936 rows=2666368 loops=1)
  Hash Cond: (mi.movie_id = t.id)
  ->  Seq Scan on movie_info mi  (cost=0.00..346232.03 rows=12545135 width=4) (actual time=0.023..7160.904 rows=12601870 loops=1)
        Filter: (info_type_id < 17)
        Rows Removed by Filter: 2233850
  ->  Hash  (cost=67604.59..67604.59 rows=662507 width=4) (actual time=1407.588..1407.588 rows=662065 loops=1)
        Buckets: 131072  Batches: 16  Memory Usage: 2487kB
        ->  Seq Scan on title t  (cost=0.00..67604.59 rows=662507 width=4) (actual time=0.018..1187.272 rows=662065 loops=1)
              Filter: (production_year > 2008)
              Rows Removed by Filter: 1866247
Planning time: 1.367 ms
Execution time: 15519.392 ms
