Seq Scan on cast_info ci  (cost=0.00..796071.18 rows=8789112 width=0) (actual time=64.065..11717.787 rows=10560839 loops=1)
  Filter: ((person_id < 1304337) AND (role_id < 4))
  Rows Removed by Filter: 25683505
Planning time: 0.350 ms
Execution time: 12901.959 ms
