Hash Join  (cost=94973.51..593366.16 rows=4950368 width=0) (actual time=1977.744..13632.012 rows=2964859 loops=1)
  Hash Cond: (mi.movie_id = t.id)
  ->  Seq Scan on movie_info mi  (cost=0.00..346232.03 rows=7503588 width=4) (actual time=267.291..6309.763 rows=7548855 loops=1)
        Filter: (info_type_id > 7)
        Rows Removed by Filter: 7286865
  ->  Hash  (cost=67604.59..67604.59 rows=1668154 width=4) (actual time=1708.932..1708.932 rows=1674098 loops=1)
        Buckets: 131072  Batches: 32  Memory Usage: 2875kB
        ->  Seq Scan on title t  (cost=0.00..67604.59 rows=1668154 width=4) (actual time=0.037..1146.554 rows=1674098 loops=1)
              Filter: (kind_id > 3)
              Rows Removed by Filter: 854214
Planning time: 0.732 ms
Execution time: 13998.349 ms
