Hash Join  (cost=179728.60..1381716.44 rows=16372069 width=0) (actual time=4493.047..45448.477 rows=35672076 loops=1)
  Hash Cond: (ci.movie_id = t.id)
  ->  Seq Scan on cast_info ci  (cost=0.00..614943.12 rows=36225612 width=4) (actual time=0.023..12889.715 rows=36244344 loops=1)
  ->  Hash  (cost=160980.08..160980.08 rows=1142761 width=8) (actual time=4492.085..4492.085 rows=1161074 loops=1)
        Buckets: 131072  Batches: 16  Memory Usage: 3866kB
        ->  Hash Join  (cost=101955.95..160980.08 rows=1142761 width=8) (actual time=2348.752..4149.443 rows=1161074 loops=1)
              Hash Cond: (mi_idx.movie_id = t.id)
              ->  Seq Scan on movie_info_idx mi_idx  (cost=0.00..21735.35 rows=1380035 width=4) (actual time=0.016..432.311 rows=1380035 loops=1)
              ->  Hash  (cost=67604.59..67604.59 rows=2093789 width=4) (actual time=2347.513..2347.513 rows=2089788 loops=1)
                    Buckets: 131072  Batches: 32  Memory Usage: 3324kB
                    ->  Seq Scan on title t  (cost=0.00..67604.59 rows=2093789 width=4) (actual time=0.016..1353.870 rows=2089788 loops=1)
                          Filter: (production_year > 1969)
                          Rows Removed by Filter: 438524
Planning time: 1.331 ms
Execution time: 49407.099 ms
