Hash Join  (cost=173800.14..538063.78 rows=186783 width=0) (actual time=4847.511..9703.378 rows=64904 loops=1)
  Hash Cond: (mi.movie_id = t.id)
  ->  Seq Scan on movie_info mi  (cost=0.00..346232.03 rows=1272478 width=4) (actual time=1529.537..5803.044 rows=1325361 loops=1)
        Filter: (info_type_id = 8)
        Rows Removed by Filter: 13510359
  ->  Hash  (cost=167710.70..167710.70 rows=371155 width=8) (actual time=3317.185..3317.185 rows=147240 loops=1)
        Buckets: 131072  Batches: 8  Memory Usage: 1746kB
        ->  Hash Join  (cost=91879.05..167710.70 rows=371155 width=8) (actual time=2247.744..3271.098 rows=147240 loops=1)
              Hash Cond: (mc.movie_id = t.id)
              ->  Seq Scan on movie_companies mc  (cost=0.00..57926.93 rows=857642 width=4) (actual time=0.038..1053.816 rows=540963 loops=1)
                    Filter: ((company_id < 19279) AND (company_type_id = 2))
                    Rows Removed by Filter: 2068166
              ->  Hash  (cost=73925.90..73925.90 rows=1094252 width=4) (actual time=1739.983..1739.983 rows=1044222 loops=1)
                    Buckets: 131072  Batches: 16  Memory Usage: 3319kB
                    ->  Seq Scan on title t  (cost=0.00..73925.90 rows=1094252 width=4) (actual time=0.024..1420.870 rows=1044222 loops=1)
                          Filter: ((production_year < 2009) AND (kind_id = 7))
                          Rows Removed by Filter: 1484090
Planning time: 1.172 ms
Execution time: 9711.387 ms
