Hash Join  (cost=58375.80..148723.97 rows=38 width=0) (actual time=2250.413..2815.954 rows=1 loops=1)
  Hash Cond: (mk.movie_id = t.id)
  ->  Seq Scan on movie_keyword mk  (cost=0.00..81003.12 rows=2491910 width=4) (actual time=0.016..1495.125 rows=2487830 loops=1)
        Filter: (keyword_id > 3636)
        Rows Removed by Filter: 2036100
  ->  Hash  (cost=58375.31..58375.31 rows=39 width=8) (actual time=984.112..984.112 rows=2 loops=1)
        Buckets: 1024  Batches: 1  Memory Usage: 9kB
        ->  Nested Loop  (cost=0.43..58375.31 rows=39 width=8) (actual time=553.407..984.101 rows=2 loops=1)
              ->  Seq Scan on movie_companies mc  (cost=0.00..57926.93 rows=53 width=4) (actual time=553.350..983.981 rows=2 loops=1)
                    Filter: ((company_type_id > 1) AND (company_id = 61569))
                    Rows Removed by Filter: 2609127
              ->  Index Scan using title_pkey on title t  (cost=0.43..8.45 rows=1 width=4) (actual time=0.051..0.053 rows=1 loops=2)
                    Index Cond: (id = mc.movie_id)
                    Filter: (kind_id > 1)
Planning time: 1.119 ms
Execution time: 2816.101 ms
