Nested Loop  (cost=0.43..52283.95 rows=54 width=0) (actual time=200.790..940.943 rows=36 loops=1)
  ->  Seq Scan on movie_companies mc  (cost=0.00..51404.11 rows=104 width=4) (actual time=4.519..891.959 rows=1683 loops=1)
        Filter: (company_id = 480)
        Rows Removed by Filter: 2607446
  ->  Index Scan using title_pkey on title t  (cost=0.43..8.45 rows=1 width=4) (actual time=0.028..0.028 rows=0 loops=1683)
        Index Cond: (id = mc.movie_id)
        Filter: (production_year > 2001)
        Rows Removed by Filter: 1
Planning time: 0.700 ms
Execution time: 941.080 ms
