Hash Join  (cost=58375.58..440144.56 rows=79 width=0) (actual time=938.513..8588.205 rows=4087 loops=1)
  Hash Cond: (mi.movie_id = t.id)
  ->  Seq Scan on movie_info mi  (cost=0.00..346232.03 rows=9476311 width=4) (actual time=1.719..6229.622 rows=9565151 loops=1)
        Filter: (info_type_id < 16)
        Rows Removed by Filter: 5270569
  ->  Hash  (cost=58375.31..58375.31 rows=21 width=8) (actual time=933.474..933.474 rows=652 loops=1)
        Buckets: 1024  Batches: 1  Memory Usage: 34kB
        ->  Nested Loop  (cost=0.43..58375.31 rows=21 width=8) (actual time=424.434..933.045 rows=652 loops=1)
              ->  Seq Scan on movie_companies mc  (cost=0.00..57926.93 rows=53 width=4) (actual time=424.380..909.877 rows=652 loops=1)
                    Filter: ((company_type_id > 1) AND (company_id = 11145))
                    Rows Removed by Filter: 2608477
              ->  Index Scan using title_pkey on title t  (cost=0.43..8.45 rows=1 width=4) (actual time=0.034..0.035 rows=1 loops=652)
                    Index Cond: (id = mc.movie_id)
                    Filter: (kind_id < 7)
Planning time: 1.081 ms
Execution time: 8589.438 ms
