Hash Join  (cost=74181.07..136854.23 rows=10002 width=0) (actual time=1151.073..2402.942 rows=17802 loops=1)
  Hash Cond: (mc.movie_id = t.id)
  ->  Seq Scan on movie_companies mc  (cost=0.00..57926.93 rows=1238988 width=4) (actual time=58.139..1053.984 rows=1296621 loops=1)
        Filter: ((company_id > 34) AND (company_type_id > 1))
        Rows Removed by Filter: 1312508
  ->  Hash  (cost=73925.90..73925.90 rows=20413 width=4) (actual time=1092.619..1092.619 rows=17357 loops=1)
        Buckets: 32768  Batches: 1  Memory Usage: 867kB
        ->  Seq Scan on title t  (cost=0.00..73925.90 rows=20413 width=4) (actual time=0.323..1084.967 rows=17357 loops=1)
              Filter: ((kind_id < 7) AND (production_year = 2000))
              Rows Removed by Filter: 2510955
Planning time: 0.775 ms
Execution time: 2405.671 ms
