Hash Join  (cost=102767.86..294898.61 rows=4207731 width=0) (actual time=2004.266..7439.827 rows=4210458 loops=1)
  Hash Cond: (mk.movie_id = t.id)
  ->  Seq Scan on movie_keyword mk  (cost=0.00..81003.12 rows=4207731 width=4) (actual time=0.024..1824.637 rows=4210458 loops=1)
        Filter: (keyword_id < 52102)
        Rows Removed by Filter: 313472
  ->  Hash  (cost=61283.27..61283.27 rows=2528527 width=4) (actual time=2002.961..2002.961 rows=2528312 loops=1)
        Buckets: 131072  Batches: 64  Memory Usage: 2425kB
        ->  Seq Scan on title t  (cost=0.00..61283.27 rows=2528527 width=4) (actual time=0.019..1142.481 rows=2528312 loops=1)
Planning time: 2.500 ms
Execution time: 7918.419 ms
