Hash Join  (cost=798789.95..825701.18 rows=75 width=0) (actual time=14042.864..14597.203 rows=18 loops=1)
  Hash Cond: (mi_idx.movie_id = t.id)
  ->  Seq Scan on movie_info_idx mi_idx  (cost=0.00..21735.35 rows=1380035 width=4) (actual time=0.018..343.827 rows=1380035 loops=1)
  ->  Hash  (cost=798788.22..798788.22 rows=138 width=8) (actual time=14006.546..14006.546 rows=8 loops=1)
        Buckets: 1024  Batches: 1  Memory Usage: 9kB
        ->  Nested Loop  (cost=0.43..798788.22 rows=138 width=8) (actual time=955.765..14006.508 rows=8 loops=1)
              ->  Seq Scan on cast_info ci  (cost=0.00..796071.18 rows=324 width=4) (actual time=955.680..14006.032 rows=8 loops=1)
                    Filter: ((role_id > 1) AND (person_id = 2900255))
                    Rows Removed by Filter: 36244336
              ->  Index Scan using title_pkey on title t  (cost=0.43..8.38 rows=1 width=4) (actual time=0.045..0.046 rows=1 loops=8)
                    Index Cond: (id = ci.movie_id)
                    Filter: (production_year < 2001)
Planning time: 1.046 ms
Execution time: 14597.310 ms
