Hash Join  (cost=114781.07..240032.74 rows=266663 width=0) (actual time=2291.650..5336.436 rows=1826595 loops=1)
  Hash Cond: (mk.movie_id = t.id)
  ->  Seq Scan on movie_keyword mk  (cost=0.00..69693.30 rows=4523930 width=4) (actual time=0.032..1398.325 rows=4523930 loops=1)
  ->  Hash  (cost=112335.02..112335.02 rows=149044 width=8) (actual time=2290.744..2290.744 rows=154481 loops=1)
        Buckets: 131072  Batches: 2  Memory Usage: 4045kB
        ->  Hash Join  (cost=72085.10..112335.02 rows=149044 width=8) (actual time=1228.509..2243.918 rows=154481 loops=1)
              Hash Cond: (mi_idx.movie_id = t.id)
              ->  Seq Scan on movie_info_idx mi_idx  (cost=0.00..21735.35 rows=1380035 width=4) (actual time=0.016..424.507 rows=1380035 loops=1)
              ->  Hash  (cost=67604.59..67604.59 rows=273081 width=4) (actual time=1227.698..1227.698 rows=273902 loops=1)
                    Buckets: 131072  Batches: 4  Memory Usage: 3428kB
                    ->  Seq Scan on title t  (cost=0.00..67604.59 rows=273081 width=4) (actual time=0.039..1138.069 rows=273902 loops=1)
                          Filter: (production_year < 1963)
                          Rows Removed by Filter: 2254410
Planning time: 1.828 ms
Execution time: 5528.781 ms
