Hash Join  (cost=156487.41..297421.22 rows=791700 width=0) (actual time=3386.461..8176.544 rows=3319489 loops=1)
  Hash Cond: (mk.movie_id = t.id)
  ->  Seq Scan on movie_keyword mk  (cost=0.00..81003.12 rows=4342583 width=4) (actual time=0.026..1768.325 rows=4342808 loops=1)
        Filter: (keyword_id < 71612)
        Rows Removed by Filter: 181122
  ->  Hash  (cost=148924.19..148924.19 rows=460978 width=8) (actual time=3385.442..3385.442 rows=459925 loops=1)
        Buckets: 131072  Batches: 8  Memory Usage: 3284kB
        ->  Hash Join  (cost=102767.86..148924.19 rows=460978 width=8) (actual time=1911.594..3232.212 rows=459925 loops=1)
              Hash Cond: (mi_idx.movie_id = t.id)
              ->  Seq Scan on movie_info_idx mi_idx  (cost=0.00..25185.44 rows=460978 width=4) (actual time=0.025..495.343 rows=459925 loops=1)
                    Filter: (info_type_id < 100)
                    Rows Removed by Filter: 920110
              ->  Hash  (cost=61283.27..61283.27 rows=2528527 width=4) (actual time=1910.488..1910.488 rows=2528312 loops=1)
                    Buckets: 131072  Batches: 64  Memory Usage: 2415kB
                    ->  Seq Scan on title t  (cost=0.00..61283.27 rows=2528527 width=4) (actual time=0.013..1069.007 rows=2528312 loops=1)
Planning time: 2.356 ms
Execution time: 8592.925 ms
