Hash Join  (cost=95402.93..184278.22 rows=7898 width=0) (actual time=1656.469..3483.136 rows=38620 loops=1)
  Hash Cond: (mk.movie_id = t.id)
  ->  Seq Scan on movie_keyword mk  (cost=0.00..81003.12 rows=2078183 width=4) (actual time=0.019..1472.759 rows=2075520 loops=1)
        Filter: (keyword_id > 5831)
        Rows Removed by Filter: 2448410
  ->  Hash  (cost=95282.82..95282.82 rows=9609 width=8) (actual time=1655.875..1655.875 rows=11519 loops=1)
        Buckets: 16384  Batches: 1  Memory Usage: 578kB
        ->  Hash Join  (cost=68257.79..95282.82 rows=9609 width=8) (actual time=1040.307..1650.534 rows=11519 loops=1)
              Hash Cond: (mi_idx.movie_id = t.id)
              ->  Seq Scan on movie_info_idx mi_idx  (cost=0.00..25185.44 rows=464934 width=4) (actual time=0.023..452.350 rows=460185 loops=1)
                    Filter: (info_type_id > 100)
                    Rows Removed by Filter: 919850
              ->  Hash  (cost=67604.59..67604.59 rows=52256 width=4) (actual time=1039.934..1039.934 rows=53013 loops=1)
                    Buckets: 65536  Batches: 1  Memory Usage: 2376kB
                    ->  Seq Scan on title t  (cost=0.00..67604.59 rows=52256 width=4) (actual time=0.033..1017.994 rows=53013 loops=1)
                          Filter: (production_year = 2000)
                          Rows Removed by Filter: 2475299
Planning time: 1.164 ms
Execution time: 3488.679 ms
