Hash Join  (cost=144604.63..513427.75 rows=416719 width=0) (actual time=2996.689..11204.018 rows=152962 loops=1)
  Hash Cond: (mi.movie_id = t.id)
  ->  Seq Scan on movie_info mi  (cost=0.00..309384.22 rows=14739122 width=4) (actual time=0.012..4725.815 rows=14835720 loops=1)
  ->  Hash  (cost=143711.02..143711.02 rows=71489 width=8) (actual time=2849.155..2849.155 rows=21858 loops=1)
        Buckets: 131072  Batches: 1  Memory Usage: 1878kB
        ->  Hash Join  (cost=76243.83..143711.02 rows=71489 width=8) (actual time=1517.426..2840.097 rows=21858 loops=1)
              Hash Cond: (mc.movie_id = t.id)
              ->  Seq Scan on movie_companies mc  (cost=0.00..51404.11 rows=1279517 width=4) (actual time=219.861..1069.984 rows=1274246 loops=1)
                    Filter: (company_type_id < 2)
                    Rows Removed by Filter: 1334883
              ->  Hash  (cost=73925.90..73925.90 rows=141274 width=4) (actual time=1294.543..1294.543 rows=150659 loops=1)
                    Buckets: 131072  Batches: 2  Memory Usage: 3673kB
                    ->  Seq Scan on title t  (cost=0.00..73925.90 rows=141274 width=4) (actual time=300.833..1240.096 rows=150659 loops=1)
                          Filter: ((production_year > 2011) AND (kind_id = 7))
                          Rows Removed by Filter: 2377653
Planning time: 1.084 ms
Execution time: 11224.266 ms
