Nested Loop  (cost=77560.57..472070.85 rows=1866 width=0) (actual time=4936.085..9265.374 rows=12522 loops=1)
  ->  Hash Join  (cost=77560.14..438593.96 rows=58436 width=8) (actual time=4935.988..7930.335 rows=52297 loops=1)
        Hash Cond: (mi.movie_id = mc.movie_id)
        ->  Seq Scan on movie_info mi  (cost=0.00..346232.03 rows=17937 width=4) (actual time=2744.082..5444.011 rows=6595 loops=1)
              Filter: (info_type_id = 43)
              Rows Removed by Filter: 14829125
        ->  Hash  (cost=51404.11..51404.11 rows=1594242 width=4) (actual time=2189.609..2189.609 rows=1594058 loops=1)
              Buckets: 131072  Batches: 32  Memory Usage: 2810kB
              ->  Seq Scan on movie_companies mc  (cost=0.00..51404.11 rows=1594242 width=4) (actual time=0.038..1017.744 rows=1594058 loops=1)
                    Filter: (company_id > 5197)
                    Rows Removed by Filter: 1015071
  ->  Index Scan using title_pkey on title t  (cost=0.43..0.56 rows=1 width=4) (actual time=0.025..0.025 rows=0 loops=52297)
        Index Cond: (id = mc.movie_id)
        Filter: (production_year < 1973)
        Rows Removed by Filter: 1
Planning time: 1.198 ms
Execution time: 9267.718 ms
