Seq Scan on movie_keyword mk  (cost=0.00..81003.12 rows=246 width=0) (actual time=2.995..1313.540 rows=619 loops=1)
  Filter: (keyword_id = 1802)
  Rows Removed by Filter: 4523311
Planning time: 0.327 ms
Execution time: 1313.904 ms
