Seq Scan on cast_info ci  (cost=0.00..705507.15 rows=33482009 width=0) (actual time=0.017..13151.552 rows=33536351 loops=1)
  Filter: (person_id > 259403)
  Rows Removed by Filter: 2707993
Planning time: 0.203 ms
Execution time: 17093.430 ms
