Hash Join  (cost=161183.72..527593.80 rows=137731 width=0) (actual time=5058.929..9957.252 rows=857053 loops=1)
  Hash Cond: (mi.movie_id = t.id)
  ->  Seq Scan on movie_info mi  (cost=0.00..346232.03 rows=1550064 width=4) (actual time=1584.841..5547.557 rows=1533909 loops=1)
        Filter: (info_type_id = 3)
        Rows Removed by Filter: 13301811
  ->  Hash  (cost=157497.31..157497.31 rows=224673 width=8) (actual time=3473.196..3473.196 rows=437859 loops=1)
        Buckets: 131072 (originally 131072)  Batches: 8 (originally 4)  Memory Usage: 3186kB
        ->  Hash Join  (cost=84865.68..157497.31 rows=224673 width=8) (actual time=1530.595..3338.718 rows=437859 loops=1)
              Hash Cond: (mc.movie_id = t.id)
              ->  Seq Scan on movie_companies mc  (cost=0.00..57926.93 rows=851990 width=4) (actual time=48.442..1125.275 rows=1165344 loops=1)
                    Filter: ((company_id < 22984) AND (company_type_id < 2))
                    Rows Removed by Filter: 1443785
              ->  Hash  (cost=73925.90..73925.90 rows=666782 width=4) (actual time=1481.378..1481.378 rows=566088 loops=1)
                    Buckets: 131072  Batches: 16  Memory Usage: 2264kB
                    ->  Seq Scan on title t  (cost=0.00..73925.90 rows=666782 width=4) (actual time=0.019..1306.124 rows=566088 loops=1)
                          Filter: ((kind_id < 7) AND (production_year > 1992))
                          Rows Removed by Filter: 1962224
Planning time: 1.123 ms
Execution time: 10049.577 ms
