Hash Join  (cost=160526.42..295055.64 rows=1122289 width=0) (actual time=3869.617..6835.758 rows=808215 loops=1)
  Hash Cond: (mk.movie_id = t.id)
  ->  Seq Scan on movie_keyword mk  (cost=0.00..81003.12 rows=3374456 width=4) (actual time=0.017..1755.969 rows=3358102 loops=1)
        Filter: (keyword_id < 16060)
        Rows Removed by Filter: 1165828
  ->  Hash  (cost=146729.58..146729.58 rows=840947 width=8) (actual time=3446.435..3446.435 rows=425718 loops=1)
        Buckets: 131072  Batches: 16  Memory Usage: 2068kB
        ->  Hash Join  (cost=92883.59..146729.58 rows=840947 width=8) (actual time=2314.291..3321.104 rows=425718 loops=1)
              Hash Cond: (mi_idx.movie_id = t.id)
              ->  Seq Scan on movie_info_idx mi_idx  (cost=0.00..21735.35 rows=1380035 width=4) (actual time=0.019..467.094 rows=1380035 loops=1)
              ->  Hash  (cost=67604.59..67604.59 rows=1540800 width=4) (actual time=1844.754..1844.754 rows=1543264 loops=1)
                    Buckets: 131072  Batches: 32  Memory Usage: 2722kB
                    ->  Seq Scan on title t  (cost=0.00..67604.59 rows=1540800 width=4) (actual time=0.027..1345.332 rows=1543264 loops=1)
                          Filter: (kind_id = 7)
                          Rows Removed by Filter: 985048
Planning time: 1.115 ms
Execution time: 6928.941 ms
