Hash Join  (cost=466354.87..544032.58 rows=190619 width=0) (actual time=8032.252..10523.490 rows=3085563 loops=1)
  Hash Cond: (mc.movie_id = t.id)
  ->  Seq Scan on movie_companies mc  (cost=0.00..44881.29 rows=2609129 width=4) (actual time=0.027..838.713 rows=2609129 loops=1)
  ->  Hash  (cost=463323.74..463323.74 rows=184730 width=8) (actual time=8031.574..8031.574 rows=180112 loops=1)
        Buckets: 131072  Batches: 4  Memory Usage: 2749kB
        ->  Hash Join  (cost=102767.86..463323.74 rows=184730 width=8) (actual time=4828.388..7978.142 rows=180112 loops=1)
              Hash Cond: (mi.movie_id = t.id)
              ->  Seq Scan on movie_info mi  (cost=0.00..346232.03 rows=184730 width=4) (actual time=2794.942..5432.791 rows=180112 loops=1)
                    Filter: (info_type_id = 13)
                    Rows Removed by Filter: 14655608
              ->  Hash  (cost=61283.27..61283.27 rows=2528527 width=4) (actual time=2025.329..2025.329 rows=2528312 loops=1)
                    Buckets: 131072  Batches: 64  Memory Usage: 2425kB
                    ->  Seq Scan on title t  (cost=0.00..61283.27 rows=2528527 width=4) (actual time=0.027..1154.499 rows=2528312 loops=1)
Planning time: 2.625 ms
Execution time: 10850.016 ms
