Hash Join  (cost=102182.57..163495.27 rows=10266 width=0) (actual time=2348.300..3615.862 rows=96228 loops=1)
  Hash Cond: (mc.movie_id = t.id)
  ->  Seq Scan on movie_companies mc  (cost=0.00..57926.93 rows=875494 width=4) (actual time=0.041..1052.055 rows=695185 loops=1)
        Filter: ((company_id > 1901) AND (company_type_id = 1))
        Rows Removed by Filter: 1913944
  ->  Hash  (cost=101811.95..101811.95 rows=29650 width=8) (actual time=2348.034..2348.034 rows=54856 loops=1)
        Buckets: 65536 (originally 32768)  Batches: 1 (originally 1)  Memory Usage: 2655kB
        ->  Hash Join  (cost=74604.97..101811.95 rows=29650 width=8) (actual time=1185.285..2330.929 rows=54856 loops=1)
              Hash Cond: (mi_idx.movie_id = t.id)
              ->  Seq Scan on movie_info_idx mi_idx  (cost=0.00..21735.35 rows=1380035 width=4) (actual time=0.009..327.508 rows=1380035 loops=1)
              ->  Hash  (cost=73925.90..73925.90 rows=54325 width=4) (actual time=1184.622..1184.622 rows=141098 loops=1)
                    Buckets: 131072 (originally 65536)  Batches: 2 (originally 1)  Memory Usage: 3501kB
                    ->  Seq Scan on title t  (cost=0.00..73925.90 rows=54325 width=4) (actual time=0.015..1131.591 rows=141098 loops=1)
                          Filter: ((kind_id < 7) AND (production_year < 1940))
                          Rows Removed by Filter: 2387214
Planning time: 1.240 ms
Execution time: 3628.534 ms
