Seq Scan on movie_keyword mk  (cost=0.00..81003.12 rows=246 width=0) (actual time=20.212..1239.702 rows=90 loops=1)
  Filter: (keyword_id = 37697)
  Rows Removed by Filter: 4523840
Planning time: 0.334 ms
Execution time: 1239.855 ms
