Hash Join  (cost=180811.64..258386.82 rows=183166 width=0) (actual time=3728.043..6250.983 rows=2683368 loops=1)
  Hash Cond: (mc.movie_id = t.id)
  ->  Seq Scan on movie_companies mc  (cost=0.00..44881.29 rows=2609129 width=4) (actual time=0.016..877.782 rows=2609129 loops=1)
  ->  Hash  (cost=177898.79..177898.79 rows=177508 width=8) (actual time=3727.381..3727.381 rows=305461 loops=1)
        Buckets: 131072  Batches: 4  Memory Usage: 4009kB
        ->  Hash Join  (cost=84599.15..177898.79 rows=177508 width=8) (actual time=1471.944..3635.269 rows=305461 loops=1)
              Hash Cond: (mk.movie_id = t.id)
              ->  Seq Scan on movie_keyword mk  (cost=0.00..81003.12 rows=689981 width=4) (actual time=0.020..1397.351 rows=685221 loops=1)
                    Filter: (keyword_id < 568)
                    Rows Removed by Filter: 3838709
              ->  Hash  (cost=73925.90..73925.90 rows=650500 width=4) (actual time=1471.209..1471.209 rows=521865 loops=1)
                    Buckets: 131072  Batches: 16  Memory Usage: 2176kB
                    ->  Seq Scan on title t  (cost=0.00..73925.90 rows=650500 width=4) (actual time=0.019..1294.312 rows=521865 loops=1)
                          Filter: ((kind_id < 4) AND (production_year > 1982))
                          Rows Removed by Filter: 2006447
Planning time: 0.722 ms
Execution time: 6537.385 ms
