Hash Join  (cost=217872.78..1363499.85 rows=6477482 width=0) (actual time=6147.439..52222.891 rows=55748986 loops=1)
  Hash Cond: (ci.movie_id = t.id)
  ->  Seq Scan on cast_info ci  (cost=0.00..614943.12 rows=36225612 width=4) (actual time=0.017..13546.903 rows=36244344 loops=1)
  ->  Hash  (cost=210454.22..210454.22 rows=452125 width=8) (actual time=6145.728..6145.728 rows=1459411 loops=1)
        Buckets: 131072 (originally 131072)  Batches: 32 (originally 8)  Memory Usage: 3073kB
        ->  Hash Join  (cost=78741.46..210454.22 rows=452125 width=8) (actual time=1473.341..5367.661 rows=1459411 loops=1)
              Hash Cond: (mk.movie_id = t.id)
              ->  Seq Scan on movie_keyword mk  (cost=0.00..81003.12 rows=3895303 width=4) (actual time=0.028..1847.799 rows=3895751 loops=1)
                    Filter: (keyword_id > 486)
                    Rows Removed by Filter: 628179
              ->  Hash  (cost=73925.90..73925.90 rows=293484 width=4) (actual time=1472.475..1472.475 rows=411690 loops=1)
                    Buckets: 131072 (originally 131072)  Batches: 8 (originally 4)  Memory Usage: 3073kB
                    ->  Seq Scan on title t  (cost=0.00..73925.90 rows=293484 width=4) (actual time=0.023..990.401 rows=411690 loops=1)
                          Filter: ((kind_id < 7) AND (production_year < 1993))
                          Rows Removed by Filter: 2116622
Planning time: 1.109 ms
Execution time: 58384.279 ms
