Hash Join  (cost=83074.80..833892.76 rows=2879 width=0) (actual time=1265.809..17048.580 rows=9663 loops=1)
  Hash Cond: (ci.movie_id = t.id)
  ->  Seq Scan on cast_info ci  (cost=0.00..614943.12 rows=36225612 width=4) (actual time=0.024..8897.631 rows=36244344 loops=1)
  ->  Hash  (cost=83072.29..83072.29 rows=201 width=8) (actual time=1246.941..1246.941 rows=185 loops=1)
        Buckets: 1024  Batches: 1  Memory Usage: 16kB
        ->  Nested Loop  (cost=0.43..83072.29 rows=201 width=8) (actual time=11.711..1246.696 rows=185 loops=1)
              ->  Seq Scan on movie_keyword mk  (cost=0.00..81003.12 rows=246 width=4) (actual time=11.638..1238.912 rows=207 loops=1)
                    Filter: (keyword_id = 2214)
                    Rows Removed by Filter: 4523723
              ->  Index Scan using title_pkey on title t  (cost=0.43..8.40 rows=1 width=4) (actual time=0.034..0.035 rows=1 loops=207)
                    Index Cond: (id = mk.movie_id)
                    Filter: (production_year < 2011)
                    Rows Removed by Filter: 0
Planning time: 1.180 ms
Execution time: 17052.187 ms
