Hash Join  (cost=83074.74..110002.76 rows=45 width=0) (actual time=1316.013..1896.905 rows=1631 loops=1)
  Hash Cond: (mi_idx.movie_id = t.id)
  ->  Seq Scan on movie_info_idx mi_idx  (cost=0.00..25185.44 rows=464566 width=4) (actual time=0.023..503.547 rows=459925 loops=1)
        Filter: (info_type_id = 101)
        Rows Removed by Filter: 920110
  ->  Hash  (cost=83071.67..83071.67 rows=246 width=8) (actual time=1315.822..1315.822 rows=1757 loops=1)
        Buckets: 2048 (originally 1024)  Batches: 1 (originally 1)  Memory Usage: 85kB
        ->  Nested Loop  (cost=0.43..83071.67 rows=246 width=8) (actual time=0.126..1314.576 rows=1757 loops=1)
              ->  Seq Scan on movie_keyword mk  (cost=0.00..81003.12 rows=246 width=4) (actual time=0.051..1234.154 rows=1757 loops=1)
                    Filter: (keyword_id = 1043)
                    Rows Removed by Filter: 4522173
              ->  Index Only Scan using title_pkey on title t  (cost=0.43..8.40 rows=1 width=4) (actual time=0.044..0.045 rows=1 loops=1757)
                    Index Cond: (id = mk.movie_id)
                    Heap Fetches: 1757
Planning time: 1.135 ms
Execution time: 1897.407 ms
