Seq Scan on movie_keyword mk  (cost=0.00..81003.12 rows=246 width=0) (actual time=35.096..1149.751 rows=28 loops=1)
  Filter: (keyword_id = 35271)
  Rows Removed by Filter: 4523902
Planning time: 0.316 ms
Execution time: 1149.863 ms
