Seq Scan on movie_companies mc  (cost=0.00..51404.11 rows=632575 width=0) (actual time=0.025..796.850 rows=626206 loops=1)
  Filter: (company_id < 812)
  Rows Removed by Filter: 1982923
Planning time: 0.288 ms
Execution time: 874.485 ms
