Hash Join  (cost=93341.87..233118.45 rows=1560298 width=0) (actual time=2714.971..5288.581 rows=374312 loops=1)
  Hash Cond: (mk.movie_id = t.id)
  ->  Seq Scan on movie_keyword mk  (cost=0.00..81003.12 rows=3333726 width=4) (actual time=0.025..1772.645 rows=3324479 loops=1)
        Filter: (keyword_id < 15345)
        Rows Removed by Filter: 1199451
  ->  Hash  (cost=73925.90..73925.90 rows=1183437 width=4) (actual time=1758.554..1758.554 rows=1268635 loops=1)
        Buckets: 131072  Batches: 16  Memory Usage: 3829kB
        ->  Seq Scan on title t  (cost=0.00..73925.90 rows=1183437 width=4) (actual time=298.712..1262.624 rows=1268635 loops=1)
              Filter: ((production_year > 1980) AND (kind_id = 7))
              Rows Removed by Filter: 1259677
Planning time: 0.691 ms
Execution time: 5336.147 ms
