Seq Scan on cast_info ci  (cost=0.00..705507.15 rows=4807888 width=0) (actual time=0.013..10955.592 rows=4701998 loops=1)
  Filter: (person_id < 456034)
  Rows Removed by Filter: 31542346
Planning time: 0.320 ms
Execution time: 11538.435 ms
