Hash Join  (cost=102767.86..1131755.38 rows=9269067 width=0) (actual time=5763.129..23076.809 rows=9115997 loops=1)
  Hash Cond: (ci.movie_id = t.id)
  ->  Seq Scan on cast_info ci  (cost=0.00..796071.18 rows=9269067 width=4) (actual time=3781.666..13874.650 rows=9115997 loops=1)
        Filter: ((person_id > 2767909) AND (role_id < 11))
        Rows Removed by Filter: 27128347
  ->  Hash  (cost=61283.27..61283.27 rows=2528527 width=4) (actual time=1980.355..1980.355 rows=2528312 loops=1)
        Buckets: 131072  Batches: 64  Memory Usage: 2415kB
        ->  Seq Scan on title t  (cost=0.00..61283.27 rows=2528527 width=4) (actual time=0.024..1157.924 rows=2528312 loops=1)
Planning time: 0.697 ms
Execution time: 24039.294 ms
