Hash Join  (cost=104445.35..1266416.42 rows=14619889 width=0) (actual time=4339.491..33776.913 rows=14337011 loops=1)
  Hash Cond: (ci.movie_id = t.id)
  ->  Seq Scan on cast_info ci  (cost=0.00..796071.18 rows=16462600 width=4) (actual time=1676.572..17471.934 rows=15552152 loops=1)
        Filter: ((person_id > 612555) AND (role_id < 3))
        Rows Removed by Filter: 20692192
  ->  Hash  (cost=67604.59..67604.59 rows=2245501 width=4) (actual time=2661.482..2661.482 rows=2235103 loops=1)
        Buckets: 131072  Batches: 32  Memory Usage: 3482kB
        ->  Seq Scan on title t  (cost=0.00..67604.59 rows=2245501 width=4) (actual time=0.033..1261.051 rows=2235103 loops=1)
              Filter: (production_year > 1957)
              Rows Removed by Filter: 293209
Planning time: 0.725 ms
Execution time: 35277.686 ms
