Hash Join  (cost=175027.18..1136765.57 rows=6042418 width=0) (actual time=3956.520..30248.529 rows=12230487 loops=1)
  Hash Cond: (ci.movie_id = t.id)
  ->  Seq Scan on cast_info ci  (cost=0.00..705507.15 rows=16624015 width=4) (actual time=0.012..14014.146 rows=16755061 loops=1)
        Filter: (person_id > 1951486)
        Rows Removed by Filter: 19489283
  ->  Hash  (cost=159947.97..159947.97 rows=919057 width=8) (actual time=3955.711..3955.711 rows=920110 loops=1)
        Buckets: 131072  Batches: 16  Memory Usage: 3269kB
        ->  Hash Join  (cost=102767.86..159947.97 rows=919057 width=8) (actual time=2138.972..3723.997 rows=920110 loops=1)
              Hash Cond: (mi_idx.movie_id = t.id)
              ->  Seq Scan on movie_info_idx mi_idx  (cost=0.00..25185.44 rows=919057 width=4) (actual time=0.031..562.774 rows=920110 loops=1)
                    Filter: (info_type_id > 99)
                    Rows Removed by Filter: 459925
              ->  Hash  (cost=61283.27..61283.27 rows=2528527 width=4) (actual time=2137.837..2137.837 rows=2528312 loops=1)
                    Buckets: 131072  Batches: 64  Memory Usage: 2415kB
                    ->  Seq Scan on title t  (cost=0.00..61283.27 rows=2528527 width=4) (actual time=0.016..1194.156 rows=2528312 loops=1)
Planning time: 1.083 ms
Execution time: 31655.197 ms
