Hash Join  (cost=97476.44..906546.93 rows=211777 width=0) (actual time=9809.186..15485.120 rows=2119962 loops=1)
  Hash Cond: (ci.movie_id = t.id)
  ->  Seq Scan on cast_info ci  (cost=0.00..796071.18 rows=294108 width=4) (actual time=7736.462..11311.087 rows=2336056 loops=1)
        Filter: ((person_id > 3571710) AND (role_id = 10))
        Rows Removed by Filter: 33908288
  ->  Hash  (cost=67604.59..67604.59 rows=1820708 width=4) (actual time=2071.431..2071.431 rows=1813245 loops=1)
        Buckets: 131072  Batches: 32  Memory Usage: 3022kB
        ->  Seq Scan on title t  (cost=0.00..67604.59 rows=1820708 width=4) (actual time=0.030..1388.773 rows=1813245 loops=1)
              Filter: (production_year > 1987)
              Rows Removed by Filter: 715067
Planning time: 0.655 ms
Execution time: 15752.607 ms
