Hash Join  (cost=69090.10..1000180.84 rows=404427 width=0) (actual time=10194.772..21301.298 rows=266960 loops=1)
  Hash Cond: (ci.movie_id = t.id)
  ->  Seq Scan on cast_info ci  (cost=0.00..796071.18 rows=11296878 width=4) (actual time=9008.160..16653.074 rows=9381478 loops=1)
        Filter: ((person_id < 3539602) AND (role_id > 3))
        Rows Removed by Filter: 26862866
  ->  Hash  (cost=67604.59..67604.59 rows=90521 width=4) (actual time=1185.627..1185.627 rows=90852 loops=1)
        Buckets: 131072  Batches: 2  Memory Usage: 2626kB
        ->  Seq Scan on title t  (cost=0.00..67604.59 rows=90521 width=4) (actual time=0.030..1029.813 rows=90852 loops=1)
              Filter: (kind_id = 2)
              Rows Removed by Filter: 2437460
Planning time: 0.692 ms
Execution time: 21338.786 ms
