Hash Join  (cost=102767.86..300541.82 rows=4442267 width=0) (actual time=2118.612..8530.632 rows=4443690 loops=1)
  Hash Cond: (mk.movie_id = t.id)
  ->  Seq Scan on movie_keyword mk  (cost=0.00..81003.12 rows=4442267 width=4) (actual time=0.025..1909.979 rows=4443690 loops=1)
        Filter: (keyword_id < 87760)
        Rows Removed by Filter: 80240
  ->  Hash  (cost=61283.27..61283.27 rows=2528527 width=4) (actual time=2113.513..2113.513 rows=2528312 loops=1)
        Buckets: 131072  Batches: 64  Memory Usage: 2425kB
        ->  Seq Scan on title t  (cost=0.00..61283.27 rows=2528527 width=4) (actual time=0.021..1231.414 rows=2528312 loops=1)
Planning time: 4.311 ms
Execution time: 9094.638 ms
