Hash Join  (cost=102767.86..1458257.04 rows=26601725 width=0) (actual time=1961.142..41737.929 rows=26654234 loops=1)
  Hash Cond: (ci.movie_id = t.id)
  ->  Seq Scan on cast_info ci  (cost=0.00..705507.15 rows=26601725 width=4) (actual time=0.011..15992.296 rows=26654234 loops=1)
        Filter: (person_id < 2747999)
        Rows Removed by Filter: 9590110
  ->  Hash  (cost=61283.27..61283.27 rows=2528527 width=4) (actual time=1959.261..1959.261 rows=2528312 loops=1)
        Buckets: 131072  Batches: 64  Memory Usage: 2415kB
        ->  Seq Scan on title t  (cost=0.00..61283.27 rows=2528527 width=4) (actual time=0.013..1092.318 rows=2528312 loops=1)
Planning time: 0.652 ms
Execution time: 44628.332 ms
