Seq Scan on movie_keyword mk  (cost=0.00..81003.12 rows=759474 width=0) (actual time=0.011..1327.673 rows=759743 loops=1)
  Filter: (keyword_id < 710)
  Rows Removed by Filter: 3764187
Planning time: 0.251 ms
Execution time: 1422.056 ms
