Hash Join  (cost=165509.14..1172832.99 rows=3257175 width=0) (actual time=4334.263..35047.295 rows=17388838 loops=1)
  Hash Cond: (ci.movie_id = t.id)
  ->  Seq Scan on cast_info ci  (cost=0.00..705507.15 rows=23165854 width=4) (actual time=627.208..15168.411 rows=23229989 loops=1)
        Filter: (person_id > 1285905)
        Rows Removed by Filter: 13014355
  ->  Hash  (cost=159676.17..159676.17 rows=355517 width=8) (actual time=3706.275..3706.275 rows=710385 loops=1)
        Buckets: 131072 (originally 131072)  Batches: 16 (originally 8)  Memory Usage: 3073kB
        ->  Hash Join  (cost=83810.17..159676.17 rows=355517 width=8) (actual time=1544.133..3477.878 rows=710385 loops=1)
              Hash Cond: (mc.movie_id = t.id)
              ->  Seq Scan on movie_companies mc  (cost=0.00..57926.93 rows=910105 width=4) (actual time=156.921..1084.161 rows=748371 loops=1)
                    Filter: ((company_id > 1451) AND (company_type_id < 2))
                    Rows Removed by Filter: 1860758
              ->  Hash  (cost=67604.59..67604.59 rows=987727 width=4) (actual time=1385.771..1385.771 rows=985048 loops=1)
                    Buckets: 131072  Batches: 16  Memory Usage: 3188kB
                    ->  Seq Scan on title t  (cost=0.00..67604.59 rows=987727 width=4) (actual time=0.020..1070.231 rows=985048 loops=1)
                          Filter: (kind_id < 7)
                          Rows Removed by Filter: 1543264
Planning time: 2.107 ms
Execution time: 36971.364 ms
