Hash Join  (cost=365418.15..1601231.08 rows=21917474 width=0) (actual time=13225.443..48893.827 rows=73323965 loops=1)
  Hash Cond: (ci.movie_id = t.id)
  ->  Seq Scan on cast_info ci  (cost=0.00..796071.18 rows=12250173 width=4) (actual time=4701.972..17081.906 rows=11759326 loops=1)
        Filter: ((person_id > 127032) AND (role_id = 1))
        Rows Removed by Filter: 24485018
  ->  Hash  (cost=291197.02..291197.02 rows=4523930 width=8) (actual time=8521.418..8521.418 rows=4523930 loops=1)
        Buckets: 131072  Batches: 64  Memory Usage: 3816kB
        ->  Hash Join  (cost=102767.86..291197.02 rows=4523930 width=8) (actual time=1986.088..7075.411 rows=4523930 loops=1)
              Hash Cond: (mk.movie_id = t.id)
              ->  Seq Scan on movie_keyword mk  (cost=0.00..69693.30 rows=4523930 width=4) (actual time=0.030..1541.311 rows=4523930 loops=1)
              ->  Hash  (cost=61283.27..61283.27 rows=2528527 width=4) (actual time=1984.851..1984.851 rows=2528312 loops=1)
                    Buckets: 131072  Batches: 64  Memory Usage: 2425kB
                    ->  Seq Scan on title t  (cost=0.00..61283.27 rows=2528527 width=4) (actual time=0.020..1120.606 rows=2528312 loops=1)
Planning time: 0.692 ms
Execution time: 56767.831 ms
