Hash Join  (cost=74007.21..162722.56 rows=5254 width=0) (actual time=1075.636..2938.725 rows=2065 loops=1)
  Hash Cond: (mk.movie_id = t.id)
  ->  Seq Scan on movie_keyword mk  (cost=0.00..81003.12 rows=2042585 width=4) (actual time=0.025..1557.616 rows=2046795 loops=1)
        Filter: (keyword_id < 3658)
        Rows Removed by Filter: 2477135
  ->  Hash  (cost=73925.90..73925.90 rows=6504 width=4) (actual time=1059.341..1059.341 rows=3580 loops=1)
        Buckets: 8192  Batches: 1  Memory Usage: 190kB
        ->  Seq Scan on title t  (cost=0.00..73925.90 rows=6504 width=4) (actual time=602.987..1057.606 rows=3580 loops=1)
              Filter: ((kind_id = 3) AND (production_year = 2011))
              Rows Removed by Filter: 2524732
Planning time: 1.769 ms
Execution time: 2939.260 ms
