Seq Scan on movie_companies mc  (cost=0.00..57926.93 rows=779748 width=0) (actual time=0.692..1066.021 rows=1075174 loops=1)
  Filter: ((company_id < 15648) AND (company_type_id < 2))
  Rows Removed by Filter: 1533955
Planning time: 0.230 ms
Execution time: 1200.818 ms
