Seq Scan on movie_keyword mk  (cost=0.00..81003.12 rows=246 width=0) (actual time=6.479..1178.378 rows=69 loops=1)
  Filter: (keyword_id = 5701)
  Rows Removed by Filter: 4523861
Planning time: 0.378 ms
Execution time: 1178.527 ms
