Seq Scan on movie_companies mc  (cost=0.00..57926.93 rows=645152 width=0) (actual time=0.031..1007.709 rows=409616 loops=1)
  Filter: ((company_id < 11170) AND (company_type_id = 2))
  Rows Removed by Filter: 2199513
Planning time: 0.361 ms
Execution time: 1059.929 ms
