Hash Join  (cost=85011.79..146037.66 rows=8610 width=0) (actual time=1385.740..2243.576 rows=136 loops=1)
  Hash Cond: (mc.movie_id = t.id)
  ->  Seq Scan on movie_companies mc  (cost=0.00..57926.93 rows=32221 width=4) (actual time=0.432..809.444 rows=6578 loops=1)
        Filter: ((company_id = 6) AND (company_type_id = 2))
        Rows Removed by Filter: 2602551
  ->  Hash  (cost=73925.90..73925.90 rows=675671 width=4) (actual time=1353.236..1353.236 rows=576285 loops=1)
        Buckets: 131072  Batches: 16  Memory Usage: 2287kB
        ->  Seq Scan on title t  (cost=0.00..73925.90 rows=675671 width=4) (actual time=0.015..1177.687 rows=576285 loops=1)
              Filter: ((kind_id < 7) AND (production_year > 1991))
              Rows Removed by Filter: 1952027
Planning time: 0.862 ms
Execution time: 2243.687 ms
