Hash Join  (cost=156649.15..263981.73 rows=336329 width=0) (actual time=3316.071..6056.124 rows=1420587 loops=1)
  Hash Cond: (mk.movie_id = t.id)
  ->  Seq Scan on movie_keyword mk  (cost=0.00..81003.12 rows=1829111 width=4) (actual time=0.025..1576.269 rows=1834301 loops=1)
        Filter: (keyword_id > 7599)
        Rows Removed by Filter: 2689629
  ->  Hash  (cost=149020.47..149020.47 rows=464934 width=8) (actual time=3315.296..3315.296 rows=460185 loops=1)
        Buckets: 131072  Batches: 8  Memory Usage: 3286kB
        ->  Hash Join  (cost=102767.86..149020.47 rows=464934 width=8) (actual time=1981.323..3181.568 rows=460185 loops=1)
              Hash Cond: (mi_idx.movie_id = t.id)
              ->  Seq Scan on movie_info_idx mi_idx  (cost=0.00..25185.44 rows=464934 width=4) (actual time=0.017..469.602 rows=460185 loops=1)
                    Filter: (info_type_id > 100)
                    Rows Removed by Filter: 919850
              ->  Hash  (cost=61283.27..61283.27 rows=2528527 width=4) (actual time=1980.308..1980.308 rows=2528312 loops=1)
                    Buckets: 131072  Batches: 64  Memory Usage: 2415kB
                    ->  Seq Scan on title t  (cost=0.00..61283.27 rows=2528527 width=4) (actual time=0.017..1143.495 rows=2528312 loops=1)
Planning time: 1.150 ms
Execution time: 6216.879 ms
