Seq Scan on cast_info ci  (cost=0.00..796071.18 rows=8417316 width=0) (actual time=0.074..13376.104 rows=3581633 loops=1)
  Filter: ((person_id < 1277660) AND (role_id > 1))
  Rows Removed by Filter: 32662711
Planning time: 0.363 ms
Execution time: 13834.988 ms
