Hash Join  (cost=94699.36..459591.89 rows=23660 width=0) (actual time=1899.280..8928.734 rows=11361 loops=1)
  Hash Cond: (mi.movie_id = t.id)
  ->  Seq Scan on movie_info mi  (cost=0.00..309384.22 rows=14739122 width=4) (actual time=0.013..4497.032 rows=14835720 loops=1)
  ->  Hash  (cost=94648.62..94648.62 rows=4059 width=8) (actual time=1675.359..1675.359 rows=690 loops=1)
        Buckets: 4096  Batches: 1  Memory Usage: 59kB
        ->  Hash Join  (cost=67697.55..94648.62 rows=4059 width=8) (actual time=1087.831..1675.018 rows=690 loops=1)
              Hash Cond: (mi_idx.movie_id = t.id)
              ->  Seq Scan on movie_info_idx mi_idx  (cost=0.00..21735.35 rows=1380035 width=4) (actual time=0.019..312.006 rows=1380035 loops=1)
              ->  Hash  (cost=67604.59..67604.59 rows=7437 width=4) (actual time=1084.980..1084.980 rows=5835 loops=1)
                    Buckets: 8192  Batches: 1  Memory Usage: 270kB
                    ->  Seq Scan on title t  (cost=0.00..67604.59 rows=7437 width=4) (actual time=322.781..1082.385 rows=5835 loops=1)
                          Filter: (production_year = 1916)
                          Rows Removed by Filter: 2522477
Planning time: 1.218 ms
Execution time: 8930.761 ms
