Hash Join  (cost=106685.10..1536344.70 rows=34126942 width=0) (actual time=2145.750..46617.583 rows=35562783 loops=1)
  Hash Cond: (ci.movie_id = t.id)
  ->  Seq Scan on cast_info ci  (cost=0.00..614943.12 rows=36225612 width=4) (actual time=0.020..13107.984 rows=36244344 loops=1)
  ->  Hash  (cost=67604.59..67604.59 rows=2382041 width=4) (actual time=2144.878..2144.878 rows=2378352 loops=1)
        Buckets: 131072  Batches: 32  Memory Usage: 3639kB
        ->  Seq Scan on title t  (cost=0.00..67604.59 rows=2382041 width=4) (actual time=0.023..1368.200 rows=2378352 loops=1)
              Filter: (production_year > 1917)
              Rows Removed by Filter: 149960
Planning time: 0.744 ms
Execution time: 50595.725 ms
