Hash Join  (cost=210921.93..259460.46 rows=632105 width=0) (actual time=4370.044..6200.325 rows=1998869 loops=1)
  Hash Cond: (mi_idx.movie_id = t.id)
  ->  Seq Scan on movie_info_idx mi_idx  (cost=0.00..21735.35 rows=1380035 width=4) (actual time=0.020..503.914 rows=1380035 loops=1)
  ->  Hash  (cost=191919.99..191919.99 rows=1158155 width=8) (actual time=4368.826..4368.826 rows=1153658 loops=1)
        Buckets: 131072  Batches: 16  Memory Usage: 3814kB
        ->  Hash Join  (cost=102767.86..191919.99 rows=1158155 width=8) (actual time=1862.379..4069.073 rows=1153658 loops=1)
              Hash Cond: (mc.movie_id = t.id)
              ->  Seq Scan on movie_companies mc  (cost=0.00..51404.11 rows=1158155 width=4) (actual time=0.009..930.588 rows=1153658 loops=1)
                    Filter: (company_id < 9152)
                    Rows Removed by Filter: 1455471
              ->  Hash  (cost=61283.27..61283.27 rows=2528527 width=4) (actual time=1860.908..1860.908 rows=2528312 loops=1)
                    Buckets: 131072  Batches: 64  Memory Usage: 2415kB
                    ->  Seq Scan on title t  (cost=0.00..61283.27 rows=2528527 width=4) (actual time=0.016..1019.906 rows=2528312 loops=1)
Planning time: 1.145 ms
Execution time: 6441.837 ms
