Hash Join  (cost=79303.65..226689.95 rows=1246946 width=0) (actual time=1415.756..5801.475 rows=1717456 loops=1)
  Hash Cond: (mk.movie_id = t.id)
  ->  Seq Scan on movie_keyword mk  (cost=0.00..81003.12 rows=4421791 width=4) (actual time=0.021..1922.498 rows=4423691 loops=1)
        Filter: (keyword_id < 82243)
        Rows Removed by Filter: 100239
  ->  Hash  (cost=67604.59..67604.59 rows=713045 width=4) (actual time=1414.226..1414.226 rows=707186 loops=1)
        Buckets: 131072  Batches: 16  Memory Usage: 2584kB
        ->  Seq Scan on title t  (cost=0.00..67604.59 rows=713045 width=4) (actual time=0.022..1160.893 rows=707186 loops=1)
              Filter: (production_year < 1991)
              Rows Removed by Filter: 1821126
Planning time: 0.713 ms
Execution time: 6010.993 ms
