Hash Join  (cost=709678.15..769895.31 rows=464 width=0) (actual time=11564.703..12300.712 rows=2 loops=1)
  Hash Cond: (mc.movie_id = t.id)
  ->  Seq Scan on movie_companies mc  (cost=0.00..51404.11 rows=2348908 width=4) (actual time=0.022..990.275 rows=2352279 loops=1)
        Filter: (company_id > 125)
        Rows Removed by Filter: 256850
  ->  Hash  (cost=709671.90..709671.90 rows=500 width=8) (actual time=10961.368..10961.368 rows=692 loops=1)
        Buckets: 1024  Batches: 1  Memory Usage: 36kB
        ->  Nested Loop  (cost=0.43..709671.90 rows=500 width=8) (actual time=465.730..10961.199 rows=692 loops=1)
              ->  Seq Scan on cast_info ci  (cost=0.00..705507.15 rows=500 width=4) (actual time=465.657..10955.891 rows=692 loops=1)
                    Filter: (person_id = 3046733)
                    Rows Removed by Filter: 36243652
              ->  Index Only Scan using title_pkey on title t  (cost=0.43..8.32 rows=1 width=4) (actual time=0.007..0.007 rows=1 loops=692)
                    Index Cond: (id = ci.movie_id)
                    Heap Fetches: 692
Planning time: 1.139 ms
Execution time: 12300.846 ms
