Seq Scan on movie_keyword mk  (cost=0.00..81003.12 rows=246 width=0) (actual time=23.451..1320.953 rows=23 loops=1)
  Filter: (keyword_id = 12225)
  Rows Removed by Filter: 4523907
Planning time: 0.845 ms
Execution time: 1321.064 ms
