Hash Join  (cost=122179.54..616158.73 rows=1328227 width=0) (actual time=2716.172..15733.522 rows=4531502 loops=1)
  Hash Cond: (mi.movie_id = t.id)
  ->  Seq Scan on movie_info mi  (cost=0.00..309384.22 rows=14739122 width=4) (actual time=0.013..5827.220 rows=14835720 loops=1)
  ->  Hash  (cost=118440.29..118440.29 rows=227860 width=8) (actual time=2715.350..2715.350 rows=269662 loops=1)
        Buckets: 131072  Batches: 4  Memory Usage: 3680kB
        ->  Hash Join  (cost=77934.62..118440.29 rows=227860 width=8) (actual time=1395.153..2635.204 rows=269662 loops=1)
              Hash Cond: (mi_idx.movie_id = t.id)
              ->  Seq Scan on movie_info_idx mi_idx  (cost=0.00..25185.44 rows=915101 width=4) (actual time=0.025..649.890 rows=919850 loops=1)
                    Filter: (info_type_id < 101)
                    Rows Removed by Filter: 460185
              ->  Hash  (cost=67604.59..67604.59 rows=629603 width=4) (actual time=1393.710..1393.710 rows=622851 loops=1)
                    Buckets: 131072  Batches: 16  Memory Usage: 2387kB
                    ->  Seq Scan on title t  (cost=0.00..67604.59 rows=629603 width=4) (actual time=0.019..1179.263 rows=622851 loops=1)
                          Filter: (production_year < 1987)
                          Rows Removed by Filter: 1905461
Planning time: 1.154 ms
Execution time: 16259.181 ms
