Seq Scan on cast_info ci  (cost=0.00..796071.18 rows=8413107 width=0) (actual time=3717.797..13171.572 rows=4562604 loops=1)
  Filter: ((person_id > 2104474) AND (role_id < 3))
  Rows Removed by Filter: 31681740
Planning time: 0.392 ms
Execution time: 13728.865 ms
