Nested Loop  (cost=0.43..66226.05 rows=604 width=0) (actual time=324.951..919.486 rows=548 loops=1)
  ->  Seq Scan on movie_companies mc  (cost=0.00..51404.11 rows=1855 width=4) (actual time=0.401..802.670 rows=4712 loops=1)
        Filter: (company_id < 6)
        Rows Removed by Filter: 2604417
  ->  Index Scan using title_pkey on title t  (cost=0.43..7.98 rows=1 width=4) (actual time=0.024..0.024 rows=0 loops=4712)
        Index Cond: (id = mc.movie_id)
        Filter: ((production_year < 2005) AND (kind_id = 7))
        Rows Removed by Filter: 1
Planning time: 0.740 ms
Execution time: 919.745 ms
