Hash Join  (cost=67612.84..164607.44 rows=1112 width=0) (actual time=1071.696..3392.872 rows=5289 loops=1)
  Hash Cond: (mk.movie_id = t.id)
  ->  Seq Scan on movie_keyword mk  (cost=0.00..81003.12 rows=4261429 width=4) (actual time=0.021..1683.513 rows=4243816 loops=1)
        Filter: (keyword_id > 231)
        Rows Removed by Filter: 280114
  ->  Hash  (cost=67604.59..67604.59 rows=660 width=4) (actual time=1062.007..1062.007 rows=3515 loops=1)
        Buckets: 4096 (originally 1024)  Batches: 1 (originally 1)  Memory Usage: 156kB
        ->  Seq Scan on title t  (cost=0.00..67604.59 rows=660 width=4) (actual time=0.109..1060.226 rows=3515 loops=1)
              Filter: (production_year > 2013)
              Rows Removed by Filter: 2524797
Planning time: 0.786 ms
Execution time: 3393.832 ms
