Hash Join  (cost=73929.23..128597.49 rows=274 width=0) (actual time=1517.413..2363.536 rows=1549 loops=1)
  Hash Cond: (mc.movie_id = t.id)
  ->  Seq Scan on movie_companies mc  (cost=0.00..44881.29 rows=2609129 width=4) (actual time=0.015..741.820 rows=2609129 loops=1)
  ->  Hash  (cost=73925.90..73925.90 rows=266 width=4) (actual time=1120.341..1120.341 rows=826 loops=1)
        Buckets: 1024  Batches: 1  Memory Usage: 38kB
        ->  Seq Scan on title t  (cost=0.00..73925.90 rows=266 width=4) (actual time=99.936..1119.656 rows=826 loops=1)
              Filter: ((kind_id = 2) AND (production_year = 1982))
              Rows Removed by Filter: 2527486
Planning time: 0.739 ms
Execution time: 2363.942 ms
