Hash Join  (cost=83074.74..937133.18 rows=1504 width=0) (actual time=1438.341..18438.690 rows=27433 loops=1)
  Hash Cond: (ci.movie_id = t.id)
  ->  Seq Scan on cast_info ci  (cost=0.00..796071.18 rows=15459258 width=4) (actual time=0.019..15200.459 rows=11083810 loops=1)
        Filter: ((person_id < 2434013) AND (role_id > 1))
        Rows Removed by Filter: 25160534
  ->  Hash  (cost=83071.67..83071.67 rows=246 width=8) (actual time=1438.236..1438.236 rows=1924 loops=1)
        Buckets: 2048 (originally 1024)  Batches: 1 (originally 1)  Memory Usage: 92kB
        ->  Nested Loop  (cost=0.43..83071.67 rows=246 width=8) (actual time=0.272..1436.855 rows=1924 loops=1)
              ->  Seq Scan on movie_keyword mk  (cost=0.00..81003.12 rows=246 width=4) (actual time=0.212..1322.934 rows=1924 loops=1)
                    Filter: (keyword_id = 1389)
                    Rows Removed by Filter: 4522006
              ->  Index Only Scan using title_pkey on title t  (cost=0.43..8.40 rows=1 width=4) (actual time=0.058..0.058 rows=1 loops=1924)
                    Index Cond: (id = mk.movie_id)
                    Heap Fetches: 1924
Planning time: 2.214 ms
Execution time: 18445.999 ms
