Seq Scan on movie_keyword mk  (cost=0.00..81003.12 rows=2277681 width=0) (actual time=0.024..1153.508 rows=2274931 loops=1)
  Filter: (keyword_id > 4629)
  Rows Removed by Filter: 2248999
Planning time: 0.329 ms
Execution time: 1385.043 ms
