Hash Join  (cost=475681.05..1602411.42 rows=9046025 width=0) (actual time=8469.059..40726.566 rows=5755236 loops=1)
  Hash Cond: (ci.movie_id = t.id)
  ->  Seq Scan on cast_info ci  (cost=0.00..614943.12 rows=36225612 width=4) (actual time=0.015..13655.336 rows=36244344 loops=1)
  ->  Hash  (cost=465321.46..465321.46 rows=631407 width=8) (actual time=8467.932..8467.932 rows=203596 loops=1)
        Buckets: 131072  Batches: 16  Memory Usage: 1516kB
        ->  Hash Join  (cost=88391.98..465321.46 rows=631407 width=8) (actual time=1658.740..8405.008 rows=203596 loops=1)
              Hash Cond: (mi.movie_id = t.id)
              ->  Seq Scan on movie_info mi  (cost=0.00..346232.03 rows=1810770 width=4) (actual time=0.031..5715.027 rows=1865632 loops=1)
                    Filter: (info_type_id > 17)
                    Rows Removed by Filter: 12970088
              ->  Hash  (cost=73925.90..73925.90 rows=881686 width=4) (actual time=1657.574..1657.574 rows=801513 loops=1)
                    Buckets: 131072  Batches: 16  Memory Usage: 2792kB
                    ->  Seq Scan on title t  (cost=0.00..73925.90 rows=881686 width=4) (actual time=249.267..1390.896 rows=801513 loops=1)
                          Filter: ((production_year < 2006) AND (kind_id = 7))
                          Rows Removed by Filter: 1726799
Planning time: 1.161 ms
Execution time: 41372.982 ms
