Seq Scan on movie_companies mc  (cost=0.00..57926.93 rows=466389 width=0) (actual time=80.248..945.874 rows=265753 loops=1)
  Filter: ((company_id < 3111) AND (company_type_id > 1))
  Rows Removed by Filter: 2343376
Planning time: 0.298 ms
Execution time: 975.812 ms
