Hash Join  (cost=709678.15..738311.87 rows=182 width=0) (actual time=10972.650..11634.145 rows=453 loops=1)
  Hash Cond: (mi_idx.movie_id = t.id)
  ->  Seq Scan on movie_info_idx mi_idx  (cost=0.00..25185.44 rows=919057 width=4) (actual time=0.029..521.249 rows=920110 loops=1)
        Filter: (info_type_id > 99)
        Rows Removed by Filter: 459925
  ->  Hash  (cost=709671.90..709671.90 rows=500 width=8) (actual time=10972.002..10972.002 rows=622 loops=1)
        Buckets: 1024  Batches: 1  Memory Usage: 33kB
        ->  Nested Loop  (cost=0.43..709671.90 rows=500 width=8) (actual time=9351.547..10971.750 rows=622 loops=1)
              ->  Seq Scan on cast_info ci  (cost=0.00..705507.15 rows=500 width=4) (actual time=9351.477..10960.424 rows=622 loops=1)
                    Filter: (person_id = 1791133)
                    Rows Removed by Filter: 36243722
              ->  Index Only Scan using title_pkey on title t  (cost=0.43..8.32 rows=1 width=4) (actual time=0.017..0.017 rows=1 loops=622)
                    Index Cond: (id = ci.movie_id)
                    Heap Fetches: 622
Planning time: 0.940 ms
Execution time: 11634.337 ms
