Hash Join  (cost=102767.86..262078.81 rows=2843805 width=0) (actual time=1947.133..6284.892 rows=2833156 loops=1)
  Hash Cond: (mk.movie_id = t.id)
  ->  Seq Scan on movie_keyword mk  (cost=0.00..81003.12 rows=2843805 width=4) (actual time=0.021..1665.472 rows=2833156 loops=1)
        Filter: (keyword_id < 8556)
        Rows Removed by Filter: 1690774
  ->  Hash  (cost=61283.27..61283.27 rows=2528527 width=4) (actual time=1946.074..1946.074 rows=2528312 loops=1)
        Buckets: 131072  Batches: 64  Memory Usage: 2425kB
        ->  Seq Scan on title t  (cost=0.00..61283.27 rows=2528527 width=4) (actual time=0.019..1080.646 rows=2528312 loops=1)
Planning time: 1.850 ms
Execution time: 6599.203 ms
