Hash Join  (cost=106125.41..284962.07 rows=4200771 width=0) (actual time=2132.860..6989.892 rows=4397924 loops=1)
  Hash Cond: (mk.movie_id = t.id)
  ->  Seq Scan on movie_keyword mk  (cost=0.00..69693.30 rows=4523930 width=4) (actual time=0.029..1443.815 rows=4523930 loops=1)
  ->  Hash  (cost=67604.59..67604.59 rows=2347906 width=4) (actual time=2131.273..2131.273 rows=2340903 loops=1)
        Buckets: 131072  Batches: 32  Memory Usage: 3609kB
        ->  Seq Scan on title t  (cost=0.00..67604.59 rows=2347906 width=4) (actual time=0.027..1368.321 rows=2340903 loops=1)
              Filter: (production_year > 1929)
              Rows Removed by Filter: 187409
Planning time: 0.785 ms
Execution time: 7470.909 ms
