Nested Loop  (cost=0.43..709671.90 rows=500 width=0) (actual time=2591.521..10357.066 rows=78 loops=1)
  ->  Seq Scan on cast_info ci  (cost=0.00..705507.15 rows=500 width=4) (actual time=2591.342..10354.732 rows=78 loops=1)
        Filter: (person_id = 3903007)
        Rows Removed by Filter: 36244266
  ->  Index Only Scan using title_pkey on title t  (cost=0.43..8.32 rows=1 width=4) (actual time=0.028..0.028 rows=1 loops=78)
        Index Cond: (id = ci.movie_id)
        Heap Fetches: 78
Planning time: 0.721 ms
Execution time: 10357.166 ms
