Hash Join  (cost=203567.24..249858.31 rows=501159 width=0) (actual time=4555.225..5963.696 rows=840924 loops=1)
  Hash Cond: (mi_idx.movie_id = t.id)
  ->  Seq Scan on movie_info_idx mi_idx  (cost=0.00..21735.35 rows=1380035 width=4) (actual time=0.020..500.084 rows=1380035 loops=1)
  ->  Hash  (cost=188502.31..188502.31 rows=918234 width=8) (actual time=4554.328..4554.328 rows=549827 loops=1)
        Buckets: 131072  Batches: 16  Memory Usage: 2349kB
        ->  Hash Join  (cost=98137.04..188502.31 rows=918234 width=8) (actual time=1956.247..4385.211 rows=549827 loops=1)
              Hash Cond: (mc.movie_id = t.id)
              ->  Seq Scan on movie_companies mc  (cost=0.00..57926.93 rows=1247600 width=4) (actual time=0.015..1302.655 rows=1214780 loops=1)
                    Filter: ((company_id > 6) AND (company_type_id < 2))
                    Rows Removed by Filter: 1394349
              ->  Hash  (cost=67604.59..67604.59 rows=1860996 width=4) (actual time=1954.919..1954.919 rows=1865487 loops=1)
                    Buckets: 131072  Batches: 32  Memory Usage: 3079kB
                    ->  Seq Scan on title t  (cost=0.00..67604.59 rows=1860996 width=4) (actual time=0.009..1347.893 rows=1865487 loops=1)
                          Filter: (kind_id > 1)
                          Rows Removed by Filter: 662825
Planning time: 0.778 ms
Execution time: 6067.828 ms
