Hash Join  (cost=190230.21..310469.97 rows=1085284 width=0) (actual time=4222.106..8665.905 rows=4545763 loops=1)
  Hash Cond: (mk.movie_id = t.id)
  ->  Seq Scan on movie_keyword mk  (cost=0.00..81003.12 rows=1988478 width=4) (actual time=0.010..1782.188 rows=1995115 loops=1)
        Filter: (keyword_id < 3524)
        Rows Removed by Filter: 2528815
  ->  Hash  (cost=167588.78..167588.78 rows=1380035 width=8) (actual time=4221.161..4221.161 rows=1380035 loops=1)
        Buckets: 131072  Batches: 32  Memory Usage: 2726kB
        ->  Hash Join  (cost=102767.86..167588.78 rows=1380035 width=8) (actual time=1821.146..3800.038 rows=1380035 loops=1)
              Hash Cond: (mi_idx.movie_id = t.id)
              ->  Seq Scan on movie_info_idx mi_idx  (cost=0.00..21735.35 rows=1380035 width=4) (actual time=0.022..490.809 rows=1380035 loops=1)
              ->  Hash  (cost=61283.27..61283.27 rows=2528527 width=4) (actual time=1819.418..1819.418 rows=2528312 loops=1)
                    Buckets: 131072  Batches: 64  Memory Usage: 2415kB
                    ->  Seq Scan on title t  (cost=0.00..61283.27 rows=2528527 width=4) (actual time=0.012..1020.734 rows=2528312 loops=1)
Planning time: 1.131 ms
Execution time: 9121.874 ms
