Hash Join  (cost=157755.67..184791.30 rows=12515 width=0) (actual time=3056.672..3510.783 rows=69045 loops=1)
  Hash Cond: (mi_idx.movie_id = t.id)
  ->  Seq Scan on movie_info_idx mi_idx  (cost=0.00..21735.35 rows=1380035 width=4) (actual time=0.026..327.015 rows=1380035 loops=1)
  ->  Hash  (cost=157469.03..157469.03 rows=22931 width=8) (actual time=2852.932..2852.932 rows=29528 loops=1)
        Buckets: 32768  Batches: 1  Memory Usage: 1410kB
        ->  Hash Join  (cost=69283.60..157469.03 rows=22931 width=8) (actual time=1231.670..2843.041 rows=29528 loops=1)
              Hash Cond: (mk.movie_id = t.id)
              ->  Seq Scan on movie_keyword mk  (cost=0.00..81003.12 rows=566666 width=4) (actual time=0.020..1395.585 rows=562920 loops=1)
                    Filter: (keyword_id > 32608)
                    Rows Removed by Filter: 3961010
              ->  Hash  (cost=67604.59..67604.59 rows=102321 width=4) (actual time=1229.956..1229.956 rows=100537 loops=1)
                    Buckets: 131072  Batches: 2  Memory Usage: 2803kB
                    ->  Seq Scan on title t  (cost=0.00..67604.59 rows=102321 width=4) (actual time=0.012..1193.014 rows=100537 loops=1)
                          Filter: (kind_id = 3)
                          Rows Removed by Filter: 2427775
Planning time: 1.475 ms
Execution time: 3520.308 ms
