Hash Join  (cost=52284.99..137691.44 rows=48 width=0) (actual time=1766.672..2483.506 rows=51 loops=1)
  Hash Cond: (mk.movie_id = t.id)
  ->  Seq Scan on movie_keyword mk  (cost=0.00..81003.12 rows=1174091 width=4) (actual time=0.022..1499.333 rows=1175560 loops=1)
        Filter: (keyword_id < 1389)
        Rows Removed by Filter: 3348370
  ->  Hash  (cost=52283.69..52283.69 rows=104 width=8) (actual time=815.860..815.860 rows=199 loops=1)
        Buckets: 1024  Batches: 1  Memory Usage: 16kB
        ->  Nested Loop  (cost=0.43..52283.69 rows=104 width=8) (actual time=5.697..815.741 rows=199 loops=1)
              ->  Seq Scan on movie_companies mc  (cost=0.00..51404.11 rows=104 width=4) (actual time=5.637..801.407 rows=199 loops=1)
                    Filter: (company_id = 6285)
                    Rows Removed by Filter: 2608930
              ->  Index Only Scan using title_pkey on title t  (cost=0.43..8.45 rows=1 width=4) (actual time=0.071..0.071 rows=1 loops=199)
                    Index Cond: (id = mc.movie_id)
                    Heap Fetches: 199
Planning time: 3.989 ms
Execution time: 2483.638 ms
