Hash Join  (cost=102767.86..282288.25 rows=3683647 width=0) (actual time=2035.393..7345.496 rows=3682623 loops=1)
  Hash Cond: (mk.movie_id = t.id)
  ->  Seq Scan on movie_keyword mk  (cost=0.00..81003.12 rows=3683647 width=4) (actual time=0.022..1797.521 rows=3682623 loops=1)
        Filter: (keyword_id > 804)
        Rows Removed by Filter: 841307
  ->  Hash  (cost=61283.27..61283.27 rows=2528527 width=4) (actual time=2034.153..2034.153 rows=2528312 loops=1)
        Buckets: 131072  Batches: 64  Memory Usage: 2425kB
        ->  Seq Scan on title t  (cost=0.00..61283.27 rows=2528527 width=4) (actual time=0.021..1170.147 rows=2528312 loops=1)
Planning time: 0.691 ms
Execution time: 7820.041 ms
