Seq Scan on cast_info ci  (cost=0.00..796071.18 rows=16091946 width=0) (actual time=0.023..15404.920 rows=15847851 loops=1)
  Filter: ((person_id < 4012960) AND (role_id > 2))
  Rows Removed by Filter: 20396493
Planning time: 0.365 ms
Execution time: 17290.661 ms
