Hash Join  (cost=660094.64..1774856.04 rows=16244373 width=0) (actual time=20324.045..43371.471 rows=25314206 loops=1)
  Hash Cond: (ci.movie_id = t.id)
  ->  Seq Scan on cast_info ci  (cost=0.00..796071.18 rows=8260970 width=4) (actual time=6094.759..16210.359 rows=9775396 loops=1)
        Filter: ((person_id > 1141287) AND (role_id > 3))
        Rows Removed by Filter: 26468948
  ->  Hash  (cost=578520.44..578520.44 rows=4972096 width=8) (actual time=14225.969..14225.969 rows=4923966 loops=1)
        Buckets: 131072  Batches: 128  Memory Usage: 2524kB
        ->  Hash Join  (cost=102767.86..578520.44 rows=4972096 width=8) (actual time=2497.955..12765.260 rows=4923966 loops=1)
              Hash Cond: (mi.movie_id = t.id)
              ->  Seq Scan on movie_info mi  (cost=0.00..346232.03 rows=4972096 width=4) (actual time=588.563..5951.371 rows=4923966 loops=1)
                    Filter: (info_type_id < 5)
                    Rows Removed by Filter: 9911754
              ->  Hash  (cost=61283.27..61283.27 rows=2528527 width=4) (actual time=1908.092..1908.092 rows=2528312 loops=1)
                    Buckets: 131072  Batches: 64  Memory Usage: 2425kB
                    ->  Seq Scan on title t  (cost=0.00..61283.27 rows=2528527 width=4) (actual time=0.050..1072.144 rows=2528312 loops=1)
Planning time: 1.170 ms
Execution time: 46290.499 ms
