Seq Scan on movie_companies mc  (cost=0.00..51404.11 rows=545140 width=0) (actual time=0.029..820.783 rows=549269 loops=1)
  Filter: (company_id > 71888)
  Rows Removed by Filter: 2059860
Planning time: 0.283 ms
Execution time: 889.722 ms
