Seq Scan on movie_keyword mk  (cost=0.00..81003.12 rows=1295336 width=0) (actual time=0.026..1427.965 rows=1309548 loops=1)
  Filter: (keyword_id > 13427)
  Rows Removed by Filter: 3214382
Planning time: 0.296 ms
Execution time: 1590.805 ms
