Seq Scan on cast_info ci  (cost=0.00..705507.15 rows=16680140 width=0) (actual time=0.015..12166.202 rows=16795130 loops=1)
  Filter: (person_id > 1946700)
  Rows Removed by Filter: 19449214
Planning time: 0.394 ms
Execution time: 14293.746 ms
