Hash Join  (cost=77979.24..428570.38 rows=1594 width=0) (actual time=1212.185..6846.446 rows=3893 loops=1)
  Hash Cond: (mi.movie_id = t.id)
  ->  Seq Scan on movie_info mi  (cost=0.00..346232.03 rows=1158179 width=4) (actual time=224.809..5673.570 rows=1204709 loops=1)
        Filter: (info_type_id > 18)
        Rows Removed by Filter: 13631011
  ->  Hash  (cost=77935.75..77935.75 rows=3479 width=8) (actual time=972.928..972.928 rows=3529 loops=1)
        Buckets: 4096  Batches: 1  Memory Usage: 170kB
        ->  Nested Loop  (cost=0.43..77935.75 rows=3479 width=8) (actual time=0.137..970.813 rows=3529 loops=1)
              ->  Seq Scan on movie_companies mc  (cost=0.00..51404.11 rows=3479 width=4) (actual time=0.061..815.711 rows=3529 loops=1)
                    Filter: (company_id = 419)
                    Rows Removed by Filter: 2605600
              ->  Index Only Scan using title_pkey on title t  (cost=0.43..7.62 rows=1 width=4) (actual time=0.043..0.043 rows=1 loops=3529)
                    Index Cond: (id = mc.movie_id)
                    Heap Fetches: 3529
Planning time: 0.762 ms
Execution time: 6847.234 ms
