Seq Scan on movie_keyword mk  (cost=0.00..81003.12 rows=262606 width=0) (actual time=0.031..1302.674 rows=262627 loops=1)
  Filter: (keyword_id > 59190)
  Rows Removed by Filter: 4261303
Planning time: 0.327 ms
Execution time: 1337.536 ms
