Hash Join  (cost=190230.21..327864.77 rows=1643099 width=0) (actual time=5189.962..10539.094 rows=6963459 loops=1)
  Hash Cond: (mk.movie_id = t.id)
  ->  Seq Scan on movie_keyword mk  (cost=0.00..81003.12 rows=3010518 width=4) (actual time=0.014..1773.482 rows=2996518 loops=1)
        Filter: (keyword_id > 2215)
        Rows Removed by Filter: 1527412
  ->  Hash  (cost=167588.78..167588.78 rows=1380035 width=8) (actual time=5188.543..5188.543 rows=1380035 loops=1)
        Buckets: 131072  Batches: 32  Memory Usage: 2726kB
        ->  Hash Join  (cost=102767.86..167588.78 rows=1380035 width=8) (actual time=2773.177..4759.044 rows=1380035 loops=1)
              Hash Cond: (mi_idx.movie_id = t.id)
              ->  Seq Scan on movie_info_idx mi_idx  (cost=0.00..21735.35 rows=1380035 width=4) (actual time=0.035..448.309 rows=1380035 loops=1)
              ->  Hash  (cost=61283.27..61283.27 rows=2528527 width=4) (actual time=2771.179..2771.179 rows=2528312 loops=1)
                    Buckets: 131072  Batches: 64  Memory Usage: 2415kB
                    ->  Seq Scan on title t  (cost=0.00..61283.27 rows=2528527 width=4) (actual time=0.018..1089.681 rows=2528312 loops=1)
Planning time: 1.130 ms
Execution time: 11377.713 ms
