Nested Loop  (cost=0.43..83072.29 rows=151 width=106) (actual time=104.396..1948.866 rows=94 loops=1)
  ->  Seq Scan on movie_keyword mk  (cost=0.00..81003.12 rows=246 width=12) (actual time=3.023..1850.912 rows=1017 loops=1)
        Filter: (keyword_id = 5889)
        Rows Removed by Filter: 4522913
  ->  Index Scan using title_pkey on title t  (cost=0.43..8.40 rows=1 width=94) (actual time=0.094..0.095 rows=0 loops=1017)
        Index Cond: (id = mk.movie_id)
        Filter: (kind_id > 4)
        Rows Removed by Filter: 1
Planning time: 1.075 ms
Execution time: 1948.964 ms
