Seq Scan on cast_info ci  (cost=0.00..705507.15 rows=12685154 width=42) (actual time=41.329..14149.685 rows=12634568 loops=1)
  Filter: (person_id < 1246609)
  Rows Removed by Filter: 23609776
Planning time: 0.444 ms
Execution time: 14881.215 ms
