Hash Join  (cost=151080.28..666041.11 rows=3294688 width=0) (actual time=3467.135..19920.857 rows=10662792 loops=1)
  Hash Cond: (mi.movie_id = t.id)
  ->  Seq Scan on movie_info mi  (cost=0.00..309384.22 rows=14739122 width=4) (actual time=0.027..5851.830 rows=14835720 loops=1)
  ->  Hash  (cost=141807.15..141807.15 rows=565211 width=8) (actual time=3466.070..3466.070 rows=673861 loops=1)
        Buckets: 131072 (originally 131072)  Batches: 16 (originally 8)  Memory Usage: 3073kB
        ->  Hash Join  (cost=93117.31..141807.15 rows=565211 width=8) (actual time=1796.901..3264.373 rows=673861 loops=1)
              Hash Cond: (mi_idx.movie_id = t.id)
              ->  Seq Scan on movie_info_idx mi_idx  (cost=0.00..25185.44 rows=919057 width=4) (actual time=0.021..571.242 rows=920110 loops=1)
                    Filter: (info_type_id > 99)
                    Rows Removed by Filter: 459925
              ->  Hash  (cost=67604.59..67604.59 rows=1555018 width=4) (actual time=1796.017..1796.017 rows=1551727 loops=1)
                    Buckets: 131072  Batches: 32  Memory Usage: 2728kB
                    ->  Seq Scan on title t  (cost=0.00..67604.59 rows=1555018 width=4) (actual time=0.006..1288.906 rows=1551727 loops=1)
                          Filter: (production_year < 2007)
                          Rows Removed by Filter: 976585
Planning time: 1.125 ms
Execution time: 21165.726 ms
