Hash Join  (cost=96651.52..205134.45 rows=726675 width=0) (actual time=1812.042..4248.088 rows=334863 loops=1)
  Hash Cond: (mk.movie_id = t.id)
  ->  Seq Scan on movie_keyword mk  (cost=0.00..81003.12 rows=1037811 width=4) (actual time=0.039..1515.102 rows=1038412 loops=1)
        Filter: (keyword_id < 1030)
        Rows Removed by Filter: 3485518
  ->  Hash  (cost=67604.59..67604.59 rows=1770475 width=4) (actual time=1810.570..1810.570 rows=1774635 loops=1)
        Buckets: 131072  Batches: 32  Memory Usage: 2984kB
        ->  Seq Scan on title t  (cost=0.00..67604.59 rows=1770475 width=4) (actual time=0.025..1240.430 rows=1774635 loops=1)
              Filter: (kind_id > 2)
              Rows Removed by Filter: 753677
Planning time: 0.719 ms
Execution time: 4288.148 ms
