Seq Scan on movie_keyword mk  (cost=0.00..81003.12 rows=301163 width=0) (actual time=0.022..1309.960 rows=319255 loops=1)
  Filter: (keyword_id < 253)
  Rows Removed by Filter: 4204675
Planning time: 0.316 ms
Execution time: 1353.714 ms
