Hash Join  (cost=313787.86..1869235.17 rows=41963807 width=0) (actual time=7064.055..72805.765 rows=145416022 loops=1)
  Hash Cond: (ci.movie_id = t.id)
  ->  Seq Scan on cast_info ci  (cost=0.00..614943.12 rows=36225612 width=4) (actual time=0.014..13478.937 rows=36244344 loops=1)
  ->  Hash  (cost=265732.74..265732.74 rows=2929050 width=8) (actual time=7061.497..7061.497 rows=2765864 loops=1)
        Buckets: 131072  Batches: 64  Memory Usage: 2679kB
        ->  Hash Join  (cost=103947.06..265732.74 rows=2929050 width=8) (actual time=2225.433..6343.522 rows=2765864 loops=1)
              Hash Cond: (mk.movie_id = t.id)
              ->  Seq Scan on movie_keyword mk  (cost=0.00..81003.12 rows=3343410 width=4) (actual time=0.027..1643.310 rows=3336103 loops=1)
                    Filter: (keyword_id > 1415)
                    Rows Removed by Filter: 1187827
              ->  Hash  (cost=67604.59..67604.59 rows=2215158 width=4) (actual time=2224.590..2224.590 rows=2203697 loops=1)
                    Buckets: 131072  Batches: 32  Memory Usage: 3457kB
                    ->  Seq Scan on title t  (cost=0.00..67604.59 rows=2215158 width=4) (actual time=0.017..1478.727 rows=2203697 loops=1)
                          Filter: (production_year > 1960)
                          Rows Removed by Filter: 324615
Planning time: 1.197 ms
Execution time: 88325.130 ms
