Seq Scan on cast_info ci  (cost=0.00..796071.18 rows=5690834 width=0) (actual time=0.027..12994.979 rows=8777713 loops=1)
  Filter: ((person_id > 2813474) AND (role_id > 1))
  Rows Removed by Filter: 27466631
Planning time: 0.359 ms
Execution time: 14091.811 ms
