Hash Join  (cost=74101.84..898575.62 rows=174010 width=0) (actual time=1169.704..21419.769 rows=137303 loops=1)
  Hash Cond: (ci.movie_id = t.id)
  ->  Seq Scan on cast_info ci  (cost=0.00..705507.15 rows=31260408 width=4) (actual time=0.022..13436.670 rows=31243286 loops=1)
        Filter: (person_id < 3169719)
        Rows Removed by Filter: 5001058
  ->  Hash  (cost=73925.90..73925.90 rows=14075 width=4) (actual time=1168.044..1168.044 rows=9093 loops=1)
        Buckets: 16384  Batches: 1  Memory Usage: 448kB
        ->  Seq Scan on title t  (cost=0.00..73925.90 rows=14075 width=4) (actual time=0.213..1163.650 rows=9093 loops=1)
              Filter: ((kind_id < 3) AND (production_year = 1998))
              Rows Removed by Filter: 2519219
Planning time: 0.782 ms
Execution time: 21448.749 ms
