Hash Join  (cost=28270.77..84633.66 rows=169 width=0) (actual time=393.755..1484.712 rows=5365 loops=1)
  Hash Cond: (mc.movie_id = t.id)
  ->  Seq Scan on movie_companies mc  (cost=0.00..51404.11 rows=1321890 width=4) (actual time=0.022..910.268 rows=1311776 loops=1)
        Filter: (company_id < 11345)
        Rows Removed by Filter: 1297353
  ->  Hash  (cost=28266.72..28266.72 rows=324 width=8) (actual time=390.290..390.290 rows=254 loops=1)
        Buckets: 1024  Batches: 1  Memory Usage: 18kB
        ->  Nested Loop  (cost=0.43..28266.72 rows=324 width=8) (actual time=75.607..390.159 rows=254 loops=1)
              ->  Seq Scan on movie_info_idx mi_idx  (cost=0.00..25185.44 rows=368 width=4) (actual time=75.535..385.062 rows=260 loops=1)
                    Filter: (info_type_id > 101)
                    Rows Removed by Filter: 1379775
              ->  Index Scan using title_pkey on title t  (cost=0.43..8.36 rows=1 width=4) (actual time=0.019..0.019 rows=1 loops=260)
                    Index Cond: (id = mi_idx.movie_id)
                    Filter: (production_year < 2012)
                    Rows Removed by Filter: 0
Planning time: 1.199 ms
Execution time: 1485.638 ms
