Hash Join  (cost=71408.55..822131.72 rows=325545 width=0) (actual time=4284.221..14152.621 rows=443921 loops=1)
  Hash Cond: (ci.movie_id = t.id)
  ->  Seq Scan on cast_info ci  (cost=0.00..705507.15 rows=3550553 width=4) (actual time=3139.467..11246.780 rows=3549755 loops=1)
        Filter: (person_id > 3417484)
        Rows Removed by Filter: 32694589
  ->  Hash  (cost=67604.59..67604.59 rows=231837 width=4) (actual time=1143.923..1143.923 rows=231649 loops=1)
        Buckets: 131072  Batches: 4  Memory Usage: 3076kB
        ->  Seq Scan on title t  (cost=0.00..67604.59 rows=231837 width=4) (actual time=0.028..1063.360 rows=231649 loops=1)
              Filter: (production_year > 2011)
              Rows Removed by Filter: 2296663
Planning time: 2.389 ms
Execution time: 14209.875 ms
