Hash Join  (cost=443636.64..1490510.27 rows=1272343 width=0) (actual time=7468.243..34245.146 rows=3384317 loops=1)
  Hash Cond: (ci.movie_id = t.id)
  ->  Seq Scan on cast_info ci  (cost=0.00..614943.12 rows=36225612 width=4) (actual time=0.022..12678.024 rows=36244344 loops=1)
  ->  Hash  (cost=442179.53..442179.53 rows=88809 width=8) (actual time=7467.086..7467.086 rows=98176 loops=1)
        Buckets: 131072  Batches: 2  Memory Usage: 2930kB
        ->  Hash Join  (cost=69283.60..442179.53 rows=88809 width=8) (actual time=2688.153..7430.418 rows=98176 loops=1)
              Hash Cond: (mi.movie_id = t.id)
              ->  Seq Scan on movie_info mi  (cost=0.00..346232.03 rows=2194617 width=4) (actual time=1353.895..5278.224 rows=2233850 loops=1)
                    Filter: (info_type_id > 16)
                    Rows Removed by Filter: 12601870
              ->  Hash  (cost=67604.59..67604.59 rows=102321 width=4) (actual time=1183.753..1183.753 rows=100537 loops=1)
                    Buckets: 131072  Batches: 2  Memory Usage: 2803kB
                    ->  Seq Scan on title t  (cost=0.00..67604.59 rows=102321 width=4) (actual time=70.701..1145.574 rows=100537 loops=1)
                          Filter: (kind_id = 3)
                          Rows Removed by Filter: 2427775
Planning time: 1.162 ms
Execution time: 34663.749 ms
