Seq Scan on movie_keyword mk  (cost=0.00..81003.12 rows=246 width=0) (actual time=2.376..1303.616 rows=165 loops=1)
  Filter: (keyword_id = 12024)
  Rows Removed by Filter: 4523765
Planning time: 0.367 ms
Execution time: 1303.828 ms
