Seq Scan on movie_keyword mk  (cost=0.00..81003.12 rows=2713600 width=0) (actual time=0.021..1472.043 rows=2713394 loops=1)
  Filter: (keyword_id < 7665)
  Rows Removed by Filter: 1810536
Planning time: 0.315 ms
Execution time: 1818.138 ms
