Nested Loop  (cost=0.43..83072.29 rows=5 width=0) (actual time=6.035..1299.586 rows=39 loops=1)
  ->  Seq Scan on movie_keyword mk  (cost=0.00..81003.12 rows=246 width=4) (actual time=1.604..1268.638 rows=1222 loops=1)
        Filter: (keyword_id = 3529)
        Rows Removed by Filter: 4522708
  ->  Index Scan using title_pkey on title t  (cost=0.43..8.40 rows=1 width=4) (actual time=0.024..0.024 rows=0 loops=1222)
        Index Cond: (id = mk.movie_id)
        Filter: (production_year = 1998)
        Rows Removed by Filter: 1
Planning time: 0.780 ms
Execution time: 1299.730 ms
