Seq Scan on movie_keyword mk  (cost=0.00..81003.12 rows=246 width=0) (actual time=50.562..1255.383 rows=7 loops=1)
  Filter: (keyword_id = 43104)
  Rows Removed by Filter: 4523923
Planning time: 1.576 ms
Execution time: 1255.474 ms
