Hash Join  (cost=217858.32..1246906.43 rows=7120786 width=0) (actual time=5289.014..36981.455 rows=17685148 loops=1)
  Hash Cond: (ci.movie_id = t.id)
  ->  Seq Scan on cast_info ci  (cost=0.00..796071.18 rows=13541619 width=4) (actual time=512.297..17079.438 rows=19305973 loops=1)
        Filter: ((person_id > 1500758) AND (role_id > 1))
        Rows Removed by Filter: 16938371
  ->  Hash  (cost=196044.17..196044.17 rows=1329612 width=8) (actual time=4775.825..4775.825 rows=1334883 loops=1)
        Buckets: 131072  Batches: 32  Memory Usage: 2639kB
        ->  Hash Join  (cost=102767.86..196044.17 rows=1329612 width=8) (actual time=1916.519..4358.944 rows=1334883 loops=1)
              Hash Cond: (mc.movie_id = t.id)
              ->  Seq Scan on movie_companies mc  (cost=0.00..51404.11 rows=1329612 width=4) (actual time=0.016..933.818 rows=1334883 loops=1)
                    Filter: (company_type_id = 2)
                    Rows Removed by Filter: 1274246
              ->  Hash  (cost=61283.27..61283.27 rows=2528527 width=4) (actual time=1914.785..1914.785 rows=2528312 loops=1)
                    Buckets: 131072  Batches: 64  Memory Usage: 2415kB
                    ->  Seq Scan on title t  (cost=0.00..61283.27 rows=2528527 width=4) (actual time=0.023..1066.495 rows=2528312 loops=1)
Planning time: 1.208 ms
Execution time: 39135.689 ms
