Seq Scan on cast_info ci  (cost=0.00..796071.18 rows=802844 width=0) (actual time=3630.289..13475.520 rows=892780 loops=1)
  Filter: ((person_id > 1939200) AND (role_id = 8))
  Rows Removed by Filter: 35351564
Planning time: 0.391 ms
Execution time: 13587.759 ms
