Hash Join  (cost=88359.31..234686.98 rows=1823583 width=0) (actual time=1665.991..5686.668 rows=2351528 loops=1)
  Hash Cond: (mk.movie_id = t.id)
  ->  Seq Scan on movie_keyword mk  (cost=0.00..81003.12 rows=3644991 width=4) (actual time=0.024..1778.761 rows=3637877 loops=1)
        Filter: (keyword_id < 20810)
        Rows Removed by Filter: 886053
  ->  Hash  (cost=67604.59..67604.59 rows=1265018 width=4) (actual time=1664.197..1664.197 rows=1263700 loops=1)
        Buckets: 131072  Batches: 32  Memory Usage: 2418kB
        ->  Seq Scan on title t  (cost=0.00..67604.59 rows=1265018 width=4) (actual time=0.021..1237.900 rows=1263700 loops=1)
              Filter: (production_year < 2004)
              Rows Removed by Filter: 1264612
Planning time: 0.789 ms
Execution time: 5920.347 ms
