Nested Loop  (cost=0.43..709671.90 rows=500 width=0) (actual time=6966.377..10361.780 rows=3 loops=1)
  ->  Seq Scan on cast_info ci  (cost=0.00..705507.15 rows=500 width=4) (actual time=6966.295..10361.248 rows=3 loops=1)
        Filter: (person_id = 188779)
        Rows Removed by Filter: 36244341
  ->  Index Only Scan using title_pkey on title t  (cost=0.43..8.32 rows=1 width=4) (actual time=0.167..0.168 rows=1 loops=3)
        Index Cond: (id = ci.movie_id)
        Heap Fetches: 3
Planning time: 0.710 ms
Execution time: 10361.852 ms
