Hash Join  (cost=100908.38..157118.71 rows=802 width=0) (actual time=2161.990..2893.236 rows=15575 loops=1)
  Hash Cond: (mc.movie_id = t.id)
  ->  Seq Scan on movie_companies mc  (cost=0.00..51404.11 rows=1279517 width=4) (actual time=426.236..941.486 rows=1274246 loops=1)
        Filter: (company_type_id = 1)
        Rows Removed by Filter: 1334883
  ->  Hash  (cost=100888.56..100888.56 rows=1586 width=8) (actual time=1734.658..1734.658 rows=7219 loops=1)
        Buckets: 8192 (originally 2048)  Batches: 1 (originally 1)  Memory Usage: 346kB
        ->  Hash Join  (cost=73962.22..100888.56 rows=1586 width=8) (actual time=1136.922..1731.741 rows=7219 loops=1)
              Hash Cond: (mi_idx.movie_id = t.id)
              ->  Seq Scan on movie_info_idx mi_idx  (cost=0.00..21735.35 rows=1380035 width=4) (actual time=0.023..306.781 rows=1380035 loops=1)
              ->  Hash  (cost=73925.90..73925.90 rows=2905 width=4) (actual time=1136.769..1136.769 rows=6198 loops=1)
                    Buckets: 8192 (originally 4096)  Batches: 1 (originally 1)  Memory Usage: 282kB
                    ->  Seq Scan on title t  (cost=0.00..73925.90 rows=2905 width=4) (actual time=0.096..1133.421 rows=6198 loops=1)
                          Filter: ((kind_id < 7) AND (production_year = 1976))
                          Rows Removed by Filter: 2522114
Planning time: 1.185 ms
Execution time: 2895.698 ms
