Hash Join  (cost=193679.90..694654.41 rows=1983860 width=0) (actual time=4200.980..20951.802 rows=17419216 loops=1)
  Hash Cond: (mi.movie_id = t.id)
  ->  Seq Scan on movie_info mi  (cost=0.00..309384.22 rows=14739122 width=4) (actual time=0.018..6465.945 rows=14835720 loops=1)
  ->  Hash  (cost=188095.71..188095.71 rows=340335 width=8) (actual time=4199.974..4199.974 rows=486028 loops=1)
        Buckets: 131072  Batches: 8  Memory Usage: 3444kB
        ->  Hash Join  (cost=73205.47..188095.71 rows=340335 width=8) (actual time=1233.189..4052.239 rows=486028 loops=1)
              Hash Cond: (mk.movie_id = t.id)
              ->  Seq Scan on movie_keyword mk  (cost=0.00..81003.12 rows=2521003 width=4) (actual time=0.021..1599.139 rows=2511050 loops=1)
                    Filter: (keyword_id < 6198)
                    Rows Removed by Filter: 2012880
              ->  Hash  (cost=67604.59..67604.59 rows=341351 width=4) (actual time=1231.999..1231.999 rows=337846 loops=1)
                    Buckets: 131072  Batches: 8  Memory Usage: 2507kB
                    ->  Seq Scan on title t  (cost=0.00..67604.59 rows=341351 width=4) (actual time=0.029..1121.187 rows=337846 loops=1)
                          Filter: (production_year < 1968)
                          Rows Removed by Filter: 2190466
Planning time: 4.062 ms
Execution time: 22802.262 ms
