Seq Scan on cast_info ci  (cost=0.00..796071.18 rows=411422 width=0) (actual time=8611.608..10688.660 rows=2435897 loops=1)
  Filter: ((person_id > 3431631) AND (role_id = 10))
  Rows Removed by Filter: 33808447
Planning time: 0.418 ms
Execution time: 10880.693 ms
