Hash Join  (cost=94706.90..132539.66 rows=232720 width=0) (actual time=2322.113..2975.391 rows=126646 loops=1)
  Hash Cond: (mi_idx.movie_id = t.id)
  ->  Seq Scan on movie_info_idx mi_idx  (cost=0.00..25185.44 rows=464566 width=4) (actual time=0.027..478.117 rows=459925 loops=1)
        Filter: (info_type_id = 101)
        Rows Removed by Filter: 920110
  ->  Hash  (cost=73925.90..73925.90 rows=1266640 width=4) (actual time=2017.043..2017.043 rows=1348885 loops=1)
        Buckets: 131072  Batches: 32  Memory Usage: 2511kB
        ->  Seq Scan on title t  (cost=0.00..73925.90 rows=1266640 width=4) (actual time=0.027..1589.604 rows=1348885 loops=1)
              Filter: ((production_year > 1970) AND (kind_id = 7))
              Rows Removed by Filter: 1179427
Planning time: 0.825 ms
Execution time: 2990.707 ms
