Hash Join  (cost=359736.45..1150076.70 rows=23923062 width=0) (actual time=8987.653..70160.370 rows=212295952 loops=1)
  Hash Cond: (mi.movie_id = t.id)
  ->  Seq Scan on movie_info mi  (cost=0.00..309384.22 rows=14739122 width=4) (actual time=0.015..6123.515 rows=14835720 loops=1)
  ->  Hash  (cost=292403.81..292403.81 rows=4104051 width=8) (actual time=8983.438..8983.438 rows=4112327 loops=1)
        Buckets: 131072  Batches: 64  Memory Usage: 3632kB
        ->  Hash Join  (cost=102767.86..292403.81 rows=4104051 width=8) (actual time=1862.537..7746.900 rows=4112327 loops=1)
              Hash Cond: (mk.movie_id = t.id)
              ->  Seq Scan on movie_keyword mk  (cost=0.00..81003.12 rows=4104051 width=4) (actual time=0.024..1794.741 rows=4112327 loops=1)
                    Filter: (keyword_id < 42034)
                    Rows Removed by Filter: 411603
              ->  Hash  (cost=61283.27..61283.27 rows=2528527 width=4) (actual time=1861.160..1861.160 rows=2528312 loops=1)
                    Buckets: 131072  Batches: 64  Memory Usage: 2425kB
                    ->  Seq Scan on title t  (cost=0.00..61283.27 rows=2528527 width=4) (actual time=0.018..1016.651 rows=2528312 loops=1)
Planning time: 1.062 ms
Execution time: 93346.976 ms
