Seq Scan on movie_keyword mk  (cost=0.00..81003.12 rows=3349839 width=0) (actual time=0.012..1245.008 rows=3346446 loops=1)
  Filter: (keyword_id > 1389)
  Rows Removed by Filter: 1177484
Planning time: 0.319 ms
Execution time: 1606.594 ms
