Hash Join  (cost=102672.11..859253.87 rows=579258 width=0) (actual time=2104.773..27587.525 rows=2380200 loops=1)
  Hash Cond: (ci.movie_id = t.id)
  ->  Seq Scan on cast_info ci  (cost=0.00..614943.12 rows=36225612 width=4) (actual time=0.013..9970.725 rows=36244344 loops=1)
  ->  Hash  (cost=102166.71..102166.71 rows=40432 width=8) (actual time=2104.054..2104.054 rows=96522 loops=1)
        Buckets: 131072 (originally 65536)  Batches: 2 (originally 1)  Memory Usage: 3073kB
        ->  Hash Join  (cost=74851.90..102166.71 rows=40432 width=8) (actual time=1356.869..2069.495 rows=96522 loops=1)
              Hash Cond: (mi_idx.movie_id = t.id)
              ->  Seq Scan on movie_info_idx mi_idx  (cost=0.00..21735.35 rows=1380035 width=4) (actual time=0.014..214.129 rows=1380035 loops=1)
              ->  Hash  (cost=73925.90..73925.90 rows=74080 width=4) (actual time=1241.022..1241.022 rows=173895 loops=1)
                    Buckets: 131072 (originally 131072)  Batches: 2 (originally 1)  Memory Usage: 4084kB
                    ->  Seq Scan on title t  (cost=0.00..73925.90 rows=74080 width=4) (actual time=0.107..1172.275 rows=173895 loops=1)
                          Filter: ((kind_id < 7) AND (production_year < 1954))
                          Rows Removed by Filter: 2354417
Planning time: 2.002 ms
Execution time: 27862.954 ms
