Seq Scan on movie_companies mc  (cost=0.00..51404.11 rows=104 width=0) (actual time=108.589..777.429 rows=2 loops=1)
  Filter: (company_id = 27536)
  Rows Removed by Filter: 2609127
Planning time: 0.370 ms
Execution time: 777.498 ms
