Hash Join  (cost=447984.81..1248818.66 rows=5472 width=0) (actual time=10792.547..18110.114 rows=2000 loops=1)
  Hash Cond: (ci.movie_id = t.id)
  ->  Seq Scan on cast_info ci  (cost=0.00..796071.18 rows=1255453 width=4) (actual time=4931.048..11700.765 rows=3751700 loops=1)
        Filter: ((person_id > 3376887) AND (role_id > 3))
        Rows Removed by Filter: 32492644
  ->  Hash  (cost=447847.04..447847.04 rows=11021 width=8) (actual time=5856.248..5856.248 rows=148 loops=1)
        Buckets: 16384  Batches: 1  Memory Usage: 134kB
        ->  Nested Loop  (cost=0.43..447847.04 rows=11021 width=8) (actual time=3384.712..5855.906 rows=148 loops=1)
              ->  Seq Scan on movie_info mi  (cost=0.00..346232.03 rows=17937 width=4) (actual time=3174.209..4847.170 rows=147487 loops=1)
                    Filter: (info_type_id = 107)
                    Rows Removed by Filter: 14688233
              ->  Index Scan using title_pkey on title t  (cost=0.43..5.66 rows=1 width=4) (actual time=0.006..0.006 rows=0 loops=147487)
                    Index Cond: (id = mi.movie_id)
                    Filter: (kind_id > 4)
                    Rows Removed by Filter: 1
Planning time: 1.336 ms
Execution time: 18110.649 ms
