Hash Join  (cost=210103.79..353398.31 rows=1747648 width=0) (actual time=4582.721..12753.448 rows=21458288 loops=1)
  Hash Cond: (mk.movie_id = t.id)
  ->  Seq Scan on movie_keyword mk  (cost=0.00..69693.30 rows=4523930 width=4) (actual time=0.024..1426.026 rows=4523930 loops=1)
  ->  Hash  (cost=194077.79..194077.79 rows=976800 width=8) (actual time=4581.024..4581.024 rows=831612 loops=1)
        Buckets: 131072  Batches: 16  Memory Usage: 3101kB
        ->  Hash Join  (cost=102767.86..194077.79 rows=976800 width=8) (actual time=2020.953..4332.181 rows=831612 loops=1)
              Hash Cond: (mc.movie_id = t.id)
              ->  Seq Scan on movie_companies mc  (cost=0.00..57926.93 rows=976800 width=4) (actual time=0.015..1202.029 rows=831612 loops=1)
                    Filter: ((company_id > 741) AND (company_type_id = 1))
                    Rows Removed by Filter: 1777517
              ->  Hash  (cost=61283.27..61283.27 rows=2528527 width=4) (actual time=2019.740..2019.740 rows=2528312 loops=1)
                    Buckets: 131072  Batches: 64  Memory Usage: 2415kB
                    ->  Seq Scan on title t  (cost=0.00..61283.27 rows=2528527 width=4) (actual time=0.025..1172.630 rows=2528312 loops=1)
Planning time: 1.148 ms
Execution time: 15163.187 ms
