Hash Join  (cost=130892.84..883467.83 rows=178583 width=0) (actual time=2542.725..23255.277 rows=159328 loops=1)
  Hash Cond: (ci.movie_id = t.id)
  ->  Seq Scan on cast_info ci  (cost=0.00..614943.12 rows=36225612 width=4) (actual time=0.014..9074.847 rows=36244344 loops=1)
  ->  Hash  (cost=130737.02..130737.02 rows=12465 width=8) (actual time=2541.611..2541.611 rows=58319 loops=1)
        Buckets: 65536 (originally 16384)  Batches: 1 (originally 1)  Memory Usage: 2791kB
        ->  Hash Join  (cost=74222.22..130737.02 rows=12465 width=8) (actual time=1492.790..2518.689 rows=58319 loops=1)
              Hash Cond: (mc.movie_id = t.id)
              ->  Seq Scan on movie_companies mc  (cost=0.00..51404.11 rows=1329612 width=4) (actual time=32.597..982.651 rows=1334883 loops=1)
                    Filter: (company_type_id = 2)
                    Rows Removed by Filter: 1274246
              ->  Hash  (cost=73925.90..73925.90 rows=23705 width=4) (actual time=1152.792..1152.792 rows=59846 loops=1)
                    Buckets: 65536 (originally 32768)  Batches: 1 (originally 1)  Memory Usage: 2616kB
                    ->  Seq Scan on title t  (cost=0.00..73925.90 rows=23705 width=4) (actual time=39.629..1128.792 rows=59846 loops=1)
                          Filter: ((kind_id < 7) AND (production_year < 1915))
                          Rows Removed by Filter: 2468466
Planning time: 1.182 ms
Execution time: 23284.423 ms
