Hash Join  (cost=83073.10..109961.62 rows=12 width=0) (actual time=1296.692..1796.625 rows=798 loops=1)
  Hash Cond: (mi_idx.movie_id = t.id)
  ->  Seq Scan on movie_info_idx mi_idx  (cost=0.00..25185.44 rows=454124 width=4) (actual time=0.021..439.403 rows=459925 loops=1)
        Filter: (info_type_id = 100)
        Rows Removed by Filter: 920110
  ->  Hash  (cost=83072.29..83072.29 rows=65 width=8) (actual time=1286.441..1286.441 rows=1081 loops=1)
        Buckets: 2048 (originally 1024)  Batches: 1 (originally 1)  Memory Usage: 59kB
        ->  Nested Loop  (cost=0.43..83072.29 rows=65 width=8) (actual time=0.103..1285.595 rows=1081 loops=1)
              ->  Seq Scan on movie_keyword mk  (cost=0.00..81003.12 rows=246 width=4) (actual time=0.052..1230.216 rows=1098 loops=1)
                    Filter: (keyword_id = 29329)
                    Rows Removed by Filter: 4522832
              ->  Index Scan using title_pkey on title t  (cost=0.43..8.40 rows=1 width=4) (actual time=0.049..0.049 rows=1 loops=1098)
                    Index Cond: (id = mk.movie_id)
                    Filter: (kind_id = 1)
                    Rows Removed by Filter: 0
Planning time: 2.272 ms
Execution time: 1796.931 ms
