Hash Join  (cost=83072.43..137738.08 rows=13 width=0) (actual time=1406.436..2361.220 rows=360 loops=1)
  Hash Cond: (mc.movie_id = t.id)
  ->  Seq Scan on movie_companies mc  (cost=0.00..44881.29 rows=2609129 width=4) (actual time=0.016..600.237 rows=2609129 loops=1)
  ->  Hash  (cost=83072.29..83072.29 rows=12 width=8) (actual time=1306.113..1306.113 rows=20 loops=1)
        Buckets: 1024  Batches: 1  Memory Usage: 9kB
        ->  Nested Loop  (cost=0.43..83072.29 rows=12 width=8) (actual time=1.526..1306.066 rows=20 loops=1)
              ->  Seq Scan on movie_keyword mk  (cost=0.00..81003.12 rows=246 width=4) (actual time=1.490..1281.093 rows=669 loops=1)
                    Filter: (keyword_id = 3173)
                    Rows Removed by Filter: 4523261
              ->  Index Scan using title_pkey on title t  (cost=0.43..8.40 rows=1 width=4) (actual time=0.036..0.036 rows=0 loops=669)
                    Index Cond: (id = mk.movie_id)
                    Filter: (production_year = 2009)
                    Rows Removed by Filter: 1
Planning time: 1.155 ms
Execution time: 2361.446 ms
