Hash Join  (cost=156209.36..1209295.31 rows=3431599 width=0) (actual time=3354.025..34068.448 rows=8032490 loops=1)
  Hash Cond: (ci.movie_id = t.id)
  ->  Seq Scan on cast_info ci  (cost=0.00..796071.18 rows=19106876 width=4) (actual time=0.016..17778.001 rows=21695467 loops=1)
        Filter: ((person_id > 647730) AND (role_id > 1))
        Rows Removed by Filter: 14548877
  ->  Hash  (cost=148758.81..148758.81 rows=454124 width=8) (actual time=3353.353..3353.353 rows=459925 loops=1)
        Buckets: 131072  Batches: 8  Memory Usage: 3275kB
        ->  Hash Join  (cost=102767.86..148758.81 rows=454124 width=8) (actual time=1883.121..3217.535 rows=459925 loops=1)
              Hash Cond: (mi_idx.movie_id = t.id)
              ->  Seq Scan on movie_info_idx mi_idx  (cost=0.00..25185.44 rows=454124 width=4) (actual time=0.020..506.566 rows=459925 loops=1)
                    Filter: (info_type_id = 100)
                    Rows Removed by Filter: 920110
              ->  Hash  (cost=61283.27..61283.27 rows=2528527 width=4) (actual time=1881.309..1881.309 rows=2528312 loops=1)
                    Buckets: 131072  Batches: 64  Memory Usage: 2415kB
                    ->  Seq Scan on title t  (cost=0.00..61283.27 rows=2528527 width=4) (actual time=0.006..1053.691 rows=2528312 loops=1)
Planning time: 1.211 ms
Execution time: 35000.544 ms
