Hash Join  (cost=169669.19..275240.26 rows=245748 width=0) (actual time=3870.451..8224.797 rows=8126116 loops=1)
  Hash Cond: (mk.movie_id = t.id)
  ->  Seq Scan on movie_keyword mk  (cost=0.00..81003.12 rows=1795324 width=4) (actual time=0.019..1510.443 rows=1803837 loops=1)
        Filter: (keyword_id < 2926)
        Rows Removed by Filter: 2720093
  ->  Hash  (cost=163990.80..163990.80 rows=346111 width=8) (actual time=3869.434..3869.434 rows=799093 loops=1)
        Buckets: 131072 (originally 131072)  Batches: 16 (originally 8)  Memory Usage: 3073kB
        ->  Hash Join  (cost=85435.26..163990.80 rows=346111 width=8) (actual time=1504.239..3640.519 rows=799093 loops=1)
              Hash Cond: (mc.movie_id = t.id)
              ->  Seq Scan on movie_companies mc  (cost=0.00..57926.93 rows=1247600 width=4) (actual time=0.023..1217.113 rows=1214780 loops=1)
                    Filter: ((company_id > 6) AND (company_type_id < 2))
                    Rows Removed by Filter: 1394349
              ->  Hash  (cost=73925.90..73925.90 rows=701468 width=4) (actual time=1503.054..1503.054 rows=749931 loops=1)
                    Buckets: 131072  Batches: 16  Memory Usage: 2673kB
                    ->  Seq Scan on title t  (cost=0.00..73925.90 rows=701468 width=4) (actual time=0.023..1257.661 rows=749931 loops=1)
                          Filter: ((kind_id < 7) AND (production_year < 2009))
                          Rows Removed by Filter: 1778381
Planning time: 3.348 ms
Execution time: 9117.674 ms
