Hash Join  (cost=221495.77..717163.79 rows=2537544 width=0) (actual time=5277.985..27814.923 rows=44797295 loops=1)
  Hash Cond: (mi.movie_id = t.id)
  ->  Seq Scan on movie_info mi  (cost=0.00..346232.03 rows=9476311 width=4) (actual time=0.024..6816.293 rows=9565151 loops=1)
        Filter: (info_type_id < 16)
        Rows Removed by Filter: 5270569
  ->  Hash  (cost=210387.23..210387.23 rows=677083 width=8) (actual time=5189.413..5189.413 rows=1111554 loops=1)
        Buckets: 131072  Batches: 16  Memory Usage: 3868kB
        ->  Hash Join  (cost=80135.37..210387.23 rows=677083 width=8) (actual time=1365.579..4871.572 rows=1111554 loops=1)
              Hash Cond: (mk.movie_id = t.id)
              ->  Seq Scan on movie_keyword mk  (cost=0.00..69693.30 rows=4523930 width=4) (actual time=0.026..1408.319 rows=4523930 loops=1)
              ->  Hash  (cost=73925.90..73925.90 rows=378437 width=4) (actual time=1364.743..1364.743 rows=282115 loops=1)
                    Buckets: 131072  Batches: 8  Memory Usage: 2273kB
                    ->  Seq Scan on title t  (cost=0.00..73925.90 rows=378437 width=4) (actual time=20.924..1273.451 rows=282115 loops=1)
                          Filter: ((production_year > 1999) AND (kind_id = 1))
                          Rows Removed by Filter: 2246197
Planning time: 1.150 ms
Execution time: 33193.868 ms
