Hash Join  (cost=74325.39..788891.60 rows=29538 width=0) (actual time=2352.772..10984.859 rows=24740 loops=1)
  Hash Cond: (ci.movie_id = t.id)
  ->  Seq Scan on cast_info ci  (cost=0.00..705507.15 rows=2336980 width=4) (actual time=1352.176..9487.330 rows=2282602 loops=1)
        Filter: (person_id < 222359)
        Rows Removed by Filter: 33961742
  ->  Hash  (cost=73925.90..73925.90 rows=31959 width=4) (actual time=1000.243..1000.243 rows=18823 loops=1)
        Buckets: 32768  Batches: 1  Memory Usage: 918kB
        ->  Seq Scan on title t  (cost=0.00..73925.90 rows=31959 width=4) (actual time=160.563..992.514 rows=18823 loops=1)
              Filter: ((production_year > 2007) AND (kind_id = 3))
              Rows Removed by Filter: 2509489
Planning time: 0.759 ms
Execution time: 10988.508 ms
