Hash Join  (cost=203322.78..588866.86 rows=290033 width=0) (actual time=4544.906..11169.737 rows=2287789 loops=1)
  Hash Cond: (mi.movie_id = t.id)
  ->  Seq Scan on movie_info mi  (cost=0.00..346232.03 rows=3068194 width=4) (actual time=0.013..5529.271 rows=3036719 loops=1)
        Filter: (info_type_id = 16)
        Rows Removed by Filter: 11799001
  ->  Hash  (cost=199401.04..199401.04 rows=239019 width=8) (actual time=4057.058..4057.058 rows=238676 loops=1)
        Buckets: 131072  Batches: 4  Memory Usage: 3389kB
        ->  Hash Join  (cost=102767.86..199401.04 rows=239019 width=8) (actual time=2078.219..3982.301 rows=238676 loops=1)
              Hash Cond: (mk.movie_id = t.id)
              ->  Seq Scan on movie_keyword mk  (cost=0.00..81003.12 rows=239019 width=4) (actual time=0.014..1292.022 rows=238676 loops=1)
                    Filter: (keyword_id > 62095)
                    Rows Removed by Filter: 4285254
              ->  Hash  (cost=61283.27..61283.27 rows=2528527 width=4) (actual time=2076.726..2076.726 rows=2528312 loops=1)
                    Buckets: 131072  Batches: 64  Memory Usage: 2425kB
                    ->  Seq Scan on title t  (cost=0.00..61283.27 rows=2528527 width=4) (actual time=0.012..1211.281 rows=2528312 loops=1)
Planning time: 0.776 ms
Execution time: 11376.955 ms
