Seq Scan on title t  (cost=0.00..67604.59 rows=45513 width=0) (actual time=0.029..538.810 rows=42820 loops=1)
  Filter: (production_year < 1913)
  Rows Removed by Filter: 2485492
Planning time: 0.329 ms
Execution time: 544.856 ms
