Seq Scan on title t  (cost=0.00..73925.90 rows=3023 width=0) (actual time=0.049..996.798 rows=1148 loops=1)
  Filter: ((production_year > 2012) AND (kind_id = 4))
  Rows Removed by Filter: 2527164
Planning time: 5.745 ms
Execution time: 997.270 ms
