Seq Scan on movie_keyword mk  (cost=0.00..81003.12 rows=2372254 width=0) (actual time=0.020..1431.334 rows=2374530 loops=1)
  Filter: (keyword_id < 5408)
  Rows Removed by Filter: 2149400
Planning time: 0.341 ms
Execution time: 1723.507 ms
