Hash Join  (cost=119821.71..1036081.26 rows=613794 width=0) (actual time=2488.533..20525.555 rows=1229530 loops=1)
  Hash Cond: (ci.movie_id = t.id)
  ->  Seq Scan on cast_info ci  (cost=0.00..796071.18 rows=9810249 width=4) (actual time=0.021..14327.710 rows=6727055 loops=1)
        Filter: ((person_id > 2153342) AND (role_id < 4))
        Rows Removed by Filter: 29517289
  ->  Hash  (cost=117226.20..117226.20 rows=158201 width=8) (actual time=2487.681..2487.681 rows=284875 loops=1)
        Buckets: 131072  Batches: 4  Memory Usage: 3811kB
        ->  Hash Join  (cost=81720.25..117226.20 rows=158201 width=8) (actual time=1450.810..2400.483 rows=284875 loops=1)
              Hash Cond: (mi_idx.movie_id = t.id)
              ->  Seq Scan on movie_info_idx mi_idx  (cost=0.00..25185.44 rows=464934 width=4) (actual time=0.029..490.526 rows=460185 loops=1)
                    Filter: (info_type_id > 100)
                    Rows Removed by Filter: 919850
              ->  Hash  (cost=67604.59..67604.59 rows=860373 width=4) (actual time=1449.424..1449.424 rows=854214 loops=1)
                    Buckets: 131072  Batches: 16  Memory Usage: 2897kB
                    ->  Seq Scan on title t  (cost=0.00..67604.59 rows=860373 width=4) (actual time=0.016..1173.703 rows=854214 loops=1)
                          Filter: (kind_id < 4)
                          Rows Removed by Filter: 1674098
Planning time: 1.176 ms
Execution time: 20672.486 ms
