Nested Loop  (cost=0.43..58358.39 rows=31 width=0) (actual time=640.462..819.500 rows=10 loops=1)
  ->  Seq Scan on movie_companies mc  (cost=0.00..57926.93 rows=51 width=4) (actual time=0.059..794.818 rows=925 loops=1)
        Filter: ((company_id = 7340) AND (company_type_id = 1))
        Rows Removed by Filter: 2608204
  ->  Index Scan using title_pkey on title t  (cost=0.43..8.45 rows=1 width=4) (actual time=0.026..0.026 rows=0 loops=925)
        Index Cond: (id = mc.movie_id)
        Filter: (kind_id = 7)
        Rows Removed by Filter: 1
Planning time: 0.777 ms
Execution time: 819.599 ms
