Hash Join  (cost=426089.83..1261604.16 rows=37982 width=0) (actual time=6234.219..25242.306 rows=3922 loops=1)
  Hash Cond: (ci.movie_id = t.id)
  ->  Seq Scan on cast_info ci  (cost=0.00..705507.15 rows=34567308 width=4) (actual time=0.014..13234.251 rows=34655305 loops=1)
        Filter: (person_id > 157996)
        Rows Removed by Filter: 1589039
  ->  Hash  (cost=426055.10..426055.10 rows=2778 width=8) (actual time=6228.351..6228.351 rows=187 loops=1)
        Buckets: 4096  Batches: 1  Memory Usage: 40kB
        ->  Hash Join  (cost=73982.55..426055.10 rows=2778 width=8) (actual time=3441.131..6228.250 rows=187 loops=1)
              Hash Cond: (mi.movie_id = t.id)
              ->  Seq Scan on movie_info mi  (cost=0.00..346232.03 rows=1550064 width=4) (actual time=2348.187..4875.001 rows=1533909 loops=1)
                    Filter: (info_type_id = 3)
                    Rows Removed by Filter: 13301811
              ->  Hash  (cost=73925.90..73925.90 rows=4532 width=4) (actual time=1091.438..1091.438 rows=7634 loops=1)
                    Buckets: 8192  Batches: 1  Memory Usage: 333kB
                    ->  Seq Scan on title t  (cost=0.00..73925.90 rows=4532 width=4) (actual time=0.294..1087.759 rows=7634 loops=1)
                          Filter: ((kind_id = 7) AND (production_year = 1972))
                          Rows Removed by Filter: 2520678
Planning time: 1.226 ms
Execution time: 25244.252 ms
