Hash Join  (cost=73953.78..825062.44 rows=31949 width=0) (actual time=1124.496..17575.932 rows=79256 loops=1)
  Hash Cond: (ci.movie_id = t.id)
  ->  Seq Scan on cast_info ci  (cost=0.00..614943.12 rows=36225612 width=4) (actual time=0.010..8525.600 rows=36244344 loops=1)
  ->  Hash  (cost=73925.90..73925.90 rows=2230 width=4) (actual time=1124.336..1124.336 rows=5002 loops=1)
        Buckets: 8192 (originally 4096)  Batches: 1 (originally 1)  Memory Usage: 240kB
        ->  Seq Scan on title t  (cost=0.00..73925.90 rows=2230 width=4) (actual time=0.031..1121.655 rows=5002 loops=1)
              Filter: ((kind_id < 3) AND (production_year = 1978))
              Rows Removed by Filter: 2523310
Planning time: 0.729 ms
Execution time: 17599.956 ms
