Hash Join  (cost=72583.38..448010.75 rows=263354 width=0) (actual time=1492.355..8114.363 rows=325415 loops=1)
  Hash Cond: (mi.movie_id = t.id)
  ->  Seq Scan on movie_info mi  (cost=0.00..346232.03 rows=2194617 width=4) (actual time=0.019..5530.211 rows=2233850 loops=1)
        Filter: (info_type_id > 16)
        Rows Removed by Filter: 12601870
  ->  Hash  (cost=67604.59..67604.59 rows=303423 width=4) (actual time=1491.558..1491.558 rows=296471 loops=1)
        Buckets: 131072  Batches: 4  Memory Usage: 3632kB
        ->  Seq Scan on title t  (cost=0.00..67604.59 rows=303423 width=4) (actual time=0.019..1124.658 rows=296471 loops=1)
              Filter: (production_year < 1965)
              Rows Removed by Filter: 2231841
Planning time: 0.778 ms
Execution time: 8160.725 ms
