Seq Scan on title t  (cost=0.00..73925.90 rows=6344 width=0) (actual time=86.139..994.259 rows=412 loops=1)
  Filter: ((production_year < 1949) AND (kind_id = 3))
  Rows Removed by Filter: 2527900
Planning time: 0.386 ms
Execution time: 994.527 ms
