Hash Join  (cost=102767.86..244743.26 rows=2123340 width=0) (actual time=1900.485..5443.761 rows=2126961 loops=1)
  Hash Cond: (mk.movie_id = t.id)
  ->  Seq Scan on movie_keyword mk  (cost=0.00..81003.12 rows=2123340 width=4) (actual time=0.015..1580.893 rows=2126961 loops=1)
        Filter: (keyword_id < 3921)
        Rows Removed by Filter: 2396969
  ->  Hash  (cost=61283.27..61283.27 rows=2528527 width=4) (actual time=1899.638..1899.638 rows=2528312 loops=1)
        Buckets: 131072  Batches: 64  Memory Usage: 2425kB
        ->  Seq Scan on title t  (cost=0.00..61283.27 rows=2528527 width=4) (actual time=0.024..1050.122 rows=2528312 loops=1)
Planning time: 0.714 ms
Execution time: 5693.857 ms
