Hash Join  (cost=479356.48..606577.32 rows=672311 width=0) (actual time=7924.409..14703.330 rows=18214013 loops=1)
  Hash Cond: (mk.movie_id = t.id)
  ->  Seq Scan on movie_keyword mk  (cost=0.00..81003.12 rows=3238295 width=4) (actual time=0.019..1757.779 rows=3226856 loops=1)
        Filter: (keyword_id < 13616)
        Rows Removed by Filter: 1297074
  ->  Hash  (cost=470743.55..470743.55 rows=524954 width=8) (actual time=7923.635..7923.635 rows=537587 loops=1)
        Buckets: 131072  Batches: 8  Memory Usage: 3713kB
        ->  Hash Join  (cost=102951.51..470743.55 rows=524954 width=8) (actual time=2095.479..7747.115 rows=537587 loops=1)
              Hash Cond: (mi.movie_id = t.id)
              ->  Seq Scan on movie_info mi  (cost=0.00..346232.03 rows=616095 width=4) (actual time=0.020..4803.241 rows=598457 loops=1)
                    Filter: (info_type_id = 15)
                    Rows Removed by Filter: 14237263
              ->  Hash  (cost=67604.59..67604.59 rows=2154474 width=4) (actual time=2094.722..2094.722 rows=2146684 loops=1)
                    Buckets: 131072  Batches: 32  Memory Usage: 3394kB
                    ->  Seq Scan on title t  (cost=0.00..67604.59 rows=2154474 width=4) (actual time=0.018..1363.641 rows=2146684 loops=1)
                          Filter: (production_year > 1965)
                          Rows Removed by Filter: 381628
Planning time: 1.496 ms
Execution time: 16638.922 ms
