Hash Join  (cost=219566.08..291508.94 rows=324056 width=0) (actual time=4879.937..6908.353 rows=2811935 loops=1)
  Hash Cond: (mc.movie_id = t.id)
  ->  Seq Scan on movie_companies mc  (cost=0.00..51404.11 rows=1279517 width=4) (actual time=320.890..1052.458 rows=1274246 loops=1)
        Filter: (company_type_id < 2)
        Rows Removed by Filter: 1334883
  ->  Hash  (cost=209059.26..209059.26 rows=640386 width=8) (actual time=4558.224..4558.224 rows=641726 loops=1)
        Buckets: 131072  Batches: 16  Memory Usage: 2617kB
        ->  Hash Join  (cost=102767.86..209059.26 rows=640386 width=8) (actual time=1914.019..4370.619 rows=641726 loops=1)
              Hash Cond: (mk.movie_id = t.id)
              ->  Seq Scan on movie_keyword mk  (cost=0.00..81003.12 rows=640386 width=4) (actual time=0.030..1371.031 rows=641726 loops=1)
                    Filter: (keyword_id < 498)
                    Rows Removed by Filter: 3882204
              ->  Hash  (cost=61283.27..61283.27 rows=2528527 width=4) (actual time=1913.106..1913.106 rows=2528312 loops=1)
                    Buckets: 131072  Batches: 64  Memory Usage: 2425kB
                    ->  Seq Scan on title t  (cost=0.00..61283.27 rows=2528527 width=4) (actual time=0.015..1072.230 rows=2528312 loops=1)
Planning time: 2.141 ms
Execution time: 7211.318 ms
