Hash Join  (cost=165586.68..520211.63 rows=16312 width=0) (actual time=3323.884..8852.900 rows=17998 loops=1)
  Hash Cond: (mi.movie_id = t.id)
  ->  Seq Scan on movie_info mi  (cost=0.00..346232.03 rows=2194617 width=4) (actual time=294.048..5546.011 rows=2233850 loops=1)
        Filter: (info_type_id > 16)
        Rows Removed by Filter: 12601870
  ->  Hash  (cost=165351.77..165351.77 rows=18793 width=8) (actual time=2920.960..2920.960 rows=15383 loops=1)
        Buckets: 32768  Batches: 1  Memory Usage: 857kB
        ->  Hash Join  (cost=74148.38..165351.77 rows=18793 width=8) (actual time=1232.782..2915.530 rows=15383 loops=1)
              Hash Cond: (mk.movie_id = t.id)
              ->  Seq Scan on movie_keyword mk  (cost=0.00..81003.12 rows=2669955 width=4) (actual time=0.033..1293.898 rows=2661543 loops=1)
                    Filter: (keyword_id > 3134)
                    Rows Removed by Filter: 1862387
              ->  Hash  (cost=73925.90..73925.90 rows=17798 width=4) (actual time=1231.767..1231.767 rows=13346 loops=1)
                    Buckets: 32768  Batches: 1  Memory Usage: 726kB
                    ->  Seq Scan on title t  (cost=0.00..73925.90 rows=17798 width=4) (actual time=249.422..1225.901 rows=13346 loops=1)
                          Filter: ((production_year > 2010) AND (kind_id = 4))
                          Rows Removed by Filter: 2514966
Planning time: 1.190 ms
Execution time: 8855.519 ms
