Hash Join  (cost=817414.98..2277839.75 rows=44590232 width=0) (actual time=27572.437..63727.649 rows=75117426 loops=1)
  Hash Cond: (ci.movie_id = t.id)
  ->  Seq Scan on cast_info ci  (cost=0.00..705507.15 rows=12726058 width=4) (actual time=8083.879..14671.784 rows=12670688 loops=1)
        Filter: (role_id = 1)
        Rows Removed by Filter: 23573656
  ->  Hash  (cost=672062.16..672062.16 rows=8859586 width=8) (actual time=19485.933..19485.933 rows=8966694 loops=1)
        Buckets: 131072  Batches: 128  Memory Usage: 3745kB
        ->  Hash Join  (cost=102767.86..672062.16 rows=8859586 width=8) (actual time=2783.825..16859.514 rows=8966694 loops=1)
              Hash Cond: (mi.movie_id = t.id)
              ->  Seq Scan on movie_info mi  (cost=0.00..346232.03 rows=8859586 width=4) (actual time=568.612..6532.417 rows=8966694 loops=1)
                    Filter: (info_type_id < 15)
                    Rows Removed by Filter: 5869026
              ->  Hash  (cost=61283.27..61283.27 rows=2528527 width=4) (actual time=2214.272..2214.272 rows=2528312 loops=1)
                    Buckets: 131072  Batches: 64  Memory Usage: 2425kB
                    ->  Seq Scan on title t  (cost=0.00..61283.27 rows=2528527 width=4) (actual time=0.022..1060.943 rows=2528312 loops=1)
Planning time: 1.170 ms
Execution time: 72326.352 ms
