Seq Scan on movie_companies mc  (cost=0.00..51404.11 rows=104 width=0) (actual time=44.710..903.360 rows=43 loops=1)
  Filter: (company_id = 1367)
  Rows Removed by Filter: 2609086
Planning time: 0.386 ms
Execution time: 903.466 ms
