Hash Join  (cost=102767.86..1422773.91 rows=25127071 width=0) (actual time=1942.853..39367.053 rows=25230605 loops=1)
  Hash Cond: (ci.movie_id = t.id)
  ->  Seq Scan on cast_info ci  (cost=0.00..705507.15 rows=25127071 width=4) (actual time=0.016..15255.114 rows=25230605 loops=1)
        Filter: (person_id > 1081560)
        Rows Removed by Filter: 11013739
  ->  Hash  (cost=61283.27..61283.27 rows=2528527 width=4) (actual time=1941.384..1941.384 rows=2528312 loops=1)
        Buckets: 131072  Batches: 64  Memory Usage: 2415kB
        ->  Seq Scan on title t  (cost=0.00..61283.27 rows=2528527 width=4) (actual time=0.019..1102.907 rows=2528312 loops=1)
Planning time: 0.773 ms
Execution time: 42254.011 ms
