Hash Join  (cost=75570.05..209789.88 rows=730809 width=0) (actual time=1350.154..5082.850 rows=1001112 loops=1)
  Hash Cond: (mk.movie_id = t.id)
  ->  Seq Scan on movie_keyword mk  (cost=0.00..81003.12 rows=3806297 width=4) (actual time=0.008..1819.943 rows=3803320 loops=1)
        Filter: (keyword_id < 26014)
        Rows Removed by Filter: 720610
  ->  Hash  (cost=67604.59..67604.59 rows=485477 width=4) (actual time=1347.543..1347.543 rows=479601 loops=1)
        Buckets: 131072  Batches: 8  Memory Usage: 3131kB
        ->  Seq Scan on title t  (cost=0.00..67604.59 rows=485477 width=4) (actual time=0.016..1188.118 rows=479601 loops=1)
              Filter: (production_year < 1978)
              Rows Removed by Filter: 2048711
Planning time: 0.724 ms
Execution time: 5190.369 ms
