Seq Scan on cast_info ci  (cost=0.00..796071.18 rows=10616448 width=0) (actual time=0.018..15891.893 rows=12670688 loops=1)
  Filter: ((person_id < 3041377) AND (role_id = 1))
  Rows Removed by Filter: 23573656
Planning time: 0.396 ms
Execution time: 17441.289 ms
