Hash Join  (cost=83328.83..166531.18 rows=591383 width=0) (actual time=1628.707..3982.976 rows=448647 loops=1)
  Hash Cond: (mc.movie_id = t.id)
  ->  Seq Scan on movie_companies mc  (cost=0.00..44881.29 rows=2609129 width=4) (actual time=0.009..976.128 rows=2609129 loops=1)
  ->  Hash  (cost=73925.90..73925.90 rows=573114 width=4) (actual time=1627.412..1627.412 rows=446387 loops=1)
        Buckets: 131072  Batches: 8  Memory Usage: 2976kB
        ->  Seq Scan on title t  (cost=0.00..73925.90 rows=573114 width=4) (actual time=0.019..1480.574 rows=446387 loops=1)
              Filter: ((kind_id > 1) AND (production_year < 1994))
              Rows Removed by Filter: 2081925
Planning time: 0.822 ms
Execution time: 4038.792 ms
