Hash Join  (cost=899893.79..1267782.97 rows=323325 width=0) (actual time=14002.464..28784.395 rows=10550601 loops=1)
  Hash Cond: (mi.movie_id = t.id)
  ->  Seq Scan on movie_info mi  (cost=0.00..309384.22 rows=14739122 width=4) (actual time=0.011..4701.014 rows=14835720 loops=1)
  ->  Hash  (cost=899200.46..899200.46 rows=55467 width=8) (actual time=14001.955..14001.955 rows=301057 loops=1)
        Buckets: 131072 (originally 65536)  Batches: 4 (originally 1)  Memory Usage: 3948kB
        ->  Hash Join  (cost=94978.31..899200.46 rows=55467 width=8) (actual time=8293.849..13917.521 rows=301057 loops=1)
              Hash Cond: (ci.movie_id = t.id)
              ->  Seq Scan on cast_info ci  (cost=0.00..796071.18 rows=84059 width=4) (actual time=6479.332..11508.978 rows=570497 loops=1)
                    Filter: ((person_id > 3920995) AND (role_id = 10))
                    Rows Removed by Filter: 35673847
              ->  Hash  (cost=67604.59..67604.59 rows=1668458 width=4) (actual time=1813.289..1813.289 rows=1671292 loops=1)
                    Buckets: 131072  Batches: 32  Memory Usage: 2858kB
                    ->  Seq Scan on title t  (cost=0.00..67604.59 rows=1668458 width=4) (actual time=0.027..1281.408 rows=1671292 loops=1)
                          Filter: (production_year < 2008)
                          Rows Removed by Filter: 857020
Planning time: 1.214 ms
Execution time: 29945.356 ms
