Hash Join  (cost=102767.86..208806.55 rows=629881 width=0) (actual time=1942.984..4501.653 rows=631561 loops=1)
  Hash Cond: (mk.movie_id = t.id)
  ->  Seq Scan on movie_keyword mk  (cost=0.00..81003.12 rows=629881 width=4) (actual time=0.016..1441.177 rows=631561 loops=1)
        Filter: (keyword_id > 29033)
        Rows Removed by Filter: 3892369
  ->  Hash  (cost=61283.27..61283.27 rows=2528527 width=4) (actual time=1939.421..1939.421 rows=2528312 loops=1)
        Buckets: 131072  Batches: 64  Memory Usage: 2425kB
        ->  Seq Scan on title t  (cost=0.00..61283.27 rows=2528527 width=4) (actual time=0.019..1078.458 rows=2528312 loops=1)
Planning time: 0.763 ms
Execution time: 4575.344 ms
