Nested Loop  (cost=0.43..709674.40 rows=14 width=0) (actual time=8384.417..10956.204 rows=1 loops=1)
  ->  Seq Scan on cast_info ci  (cost=0.00..705507.15 rows=500 width=4) (actual time=2856.619..10955.525 rows=22 loops=1)
        Filter: (person_id = 482818)
        Rows Removed by Filter: 36244322
  ->  Index Scan using title_pkey on title t  (cost=0.43..8.32 rows=1 width=4) (actual time=0.027..0.027 rows=0 loops=22)
        Index Cond: (id = ci.movie_id)
        Filter: ((kind_id > 4) AND (production_year = 2007))
        Rows Removed by Filter: 1
Planning time: 2.293 ms
Execution time: 10956.324 ms
