Hash Join  (cost=521607.22..1595578.21 rows=8797479 width=0) (actual time=12835.707..35141.949 rows=8490798 loops=1)
  Hash Cond: (ci.movie_id = t.id)
  ->  Seq Scan on cast_info ci  (cost=0.00..796071.18 rows=14350803 width=4) (actual time=2529.047..16388.660 rows=12850734 loops=1)
        Filter: ((person_id > 992625) AND (role_id < 3))
        Rows Removed by Filter: 23393610
  ->  Hash  (cost=496176.42..496176.42 rows=1550064 width=8) (actual time=10305.571..10305.571 rows=1533909 loops=1)
        Buckets: 131072  Batches: 32  Memory Usage: 2883kB
        ->  Hash Join  (cost=102767.86..496176.42 rows=1550064 width=8) (actual time=3710.644..9850.686 rows=1533909 loops=1)
              Hash Cond: (mi.movie_id = t.id)
              ->  Seq Scan on movie_info mi  (cost=0.00..346232.03 rows=1550064 width=4) (actual time=1731.739..5931.729 rows=1533909 loops=1)
                    Filter: (info_type_id = 3)
                    Rows Removed by Filter: 13301811
              ->  Hash  (cost=61283.27..61283.27 rows=2528527 width=4) (actual time=1977.881..1977.881 rows=2528312 loops=1)
                    Buckets: 131072  Batches: 64  Memory Usage: 2425kB
                    ->  Seq Scan on title t  (cost=0.00..61283.27 rows=2528527 width=4) (actual time=0.022..1113.385 rows=2528312 loops=1)
Planning time: 1.326 ms
Execution time: 36072.245 ms
