Hash Join  (cost=174865.45..250184.78 rows=484843 width=0) (actual time=4348.302..6317.953 rows=1295702 loops=1)
  Hash Cond: (mc.movie_id = t.id)
  ->  Seq Scan on movie_companies mc  (cost=0.00..51404.11 rows=1339677 width=4) (actual time=77.250..960.136 rows=1347501 loops=1)
        Filter: (company_id > 11185)
        Rows Removed by Filter: 1261628
  ->  Hash  (cost=159851.69..159851.69 rows=915101 width=8) (actual time=4269.873..4269.873 rows=919850 loops=1)
        Buckets: 131072  Batches: 16  Memory Usage: 3269kB
        ->  Hash Join  (cost=102767.86..159851.69 rows=915101 width=8) (actual time=1910.006..3988.074 rows=919850 loops=1)
              Hash Cond: (mi_idx.movie_id = t.id)
              ->  Seq Scan on movie_info_idx mi_idx  (cost=0.00..25185.44 rows=915101 width=4) (actual time=0.036..572.399 rows=919850 loops=1)
                    Filter: (info_type_id < 101)
                    Rows Removed by Filter: 460185
              ->  Hash  (cost=61283.27..61283.27 rows=2528527 width=4) (actual time=1908.913..1908.913 rows=2528312 loops=1)
                    Buckets: 131072  Batches: 64  Memory Usage: 2415kB
                    ->  Seq Scan on title t  (cost=0.00..61283.27 rows=2528527 width=4) (actual time=0.030..1040.305 rows=2528312 loops=1)
Planning time: 1.102 ms
Execution time: 6453.871 ms
