Hash Join  (cost=73929.67..455709.14 rows=1128 width=0) (actual time=1861.208..8601.986 rows=673 loops=1)
  Hash Cond: (mi.movie_id = t.id)
  ->  Seq Scan on movie_info mi  (cost=0.00..346232.03 rows=9476311 width=4) (actual time=831.877..6264.051 rows=9565151 loops=1)
        Filter: (info_type_id < 16)
        Rows Removed by Filter: 5270569
  ->  Hash  (cost=73925.90..73925.90 rows=301 width=4) (actual time=1004.090..1004.090 rows=127 loops=1)
        Buckets: 1024  Batches: 1  Memory Usage: 13kB
        ->  Seq Scan on title t  (cost=0.00..73925.90 rows=301 width=4) (actual time=1.200..1003.923 rows=127 loops=1)
              Filter: ((kind_id = 3) AND (production_year = 1938))
              Rows Removed by Filter: 2528185
Planning time: 0.773 ms
Execution time: 8602.414 ms
