Hash Join  (cost=169941.89..922864.46 rows=213340 width=0) (actual time=1537.333..19745.362 rows=809407 loops=1)
  Hash Cond: (ci.movie_id = t.id)
  ->  Seq Scan on cast_info ci  (cost=0.00..614943.12 rows=36225612 width=4) (actual time=0.012..9823.223 rows=36244344 loops=1)
  ->  Hash  (cost=169755.76..169755.76 rows=14891 width=8) (actual time=1536.716..1536.716 rows=12010 loops=1)
        Buckets: 16384  Batches: 1  Memory Usage: 598kB
        ->  Nested Loop  (cost=0.43..169755.76 rows=14891 width=8) (actual time=473.177..1531.397 rows=12010 loops=1)
              ->  Seq Scan on movie_keyword mk  (cost=0.00..81003.12 rows=14891 width=4) (actual time=473.101..1410.882 rows=12010 loops=1)
                    Filter: (keyword_id > 123462)
                    Rows Removed by Filter: 4511920
              ->  Index Only Scan using title_pkey on title t  (cost=0.43..5.95 rows=1 width=4) (actual time=0.009..0.009 rows=1 loops=12010)
                    Index Cond: (id = mk.movie_id)
                    Heap Fetches: 12010
Planning time: 6.665 ms
Execution time: 19857.328 ms
