Seq Scan on movie_keyword mk  (cost=0.00..81003.12 rows=246 width=0) (actual time=1.541..1337.139 rows=372 loops=1)
  Filter: (keyword_id = 1425)
  Rows Removed by Filter: 4523558
Planning time: 0.342 ms
Execution time: 1337.419 ms
