Hash Join  (cost=81821.64..212021.47 rows=668790 width=0) (actual time=2363.217..5197.053 rows=164309 loops=1)
  Hash Cond: (mk.movie_id = t.id)
  ->  Seq Scan on movie_keyword mk  (cost=0.00..81003.12 rows=3513813 width=4) (actual time=0.020..1699.494 rows=3506908 loops=1)
        Filter: (keyword_id < 17737)
        Rows Removed by Filter: 1017022
  ->  Hash  (cost=73925.90..73925.90 rows=481259 width=4) (actual time=1424.922..1424.922 rows=518327 loops=1)
        Buckets: 131072  Batches: 8  Memory Usage: 3307kB
        ->  Seq Scan on title t  (cost=0.00..73925.90 rows=481259 width=4) (actual time=0.014..1255.722 rows=518327 loops=1)
              Filter: ((production_year > 2007) AND (kind_id = 7))
              Rows Removed by Filter: 2009985
Planning time: 6.479 ms
Execution time: 5218.720 ms
