Seq Scan on movie_companies mc  (cost=0.00..57926.93 rows=723077 width=0) (actual time=368.833..1019.360 rows=509840 loops=1)
  Filter: ((company_id > 8254) AND (company_type_id = 1))
  Rows Removed by Filter: 2099289
Planning time: 0.255 ms
Execution time: 1082.642 ms
