Seq Scan on movie_keyword mk  (cost=0.00..81003.12 rows=2289940 width=0) (actual time=0.023..1476.643 rows=2297498 loops=1)
  Filter: (keyword_id > 4573)
  Rows Removed by Filter: 2226432
Planning time: 0.276 ms
Execution time: 1785.854 ms
