Hash Join  (cost=161395.06..1025266.40 rows=144381 width=0) (actual time=2498.979..19813.532 rows=1236520 loops=1)
  Hash Cond: (ci.movie_id = t.id)
  ->  Seq Scan on cast_info ci  (cost=0.00..796071.18 rows=13271274 width=4) (actual time=171.934..14723.954 rows=11365941 loops=1)
        Filter: ((person_id > 1193834) AND (role_id < 3))
        Rows Removed by Filter: 24878403
  ->  Hash  (cost=161051.21..161051.21 rows=27508 width=8) (actual time=2326.603..2326.603 rows=62211 loops=1)
        Buckets: 65536 (originally 32768)  Batches: 1 (originally 1)  Memory Usage: 2943kB
        ->  Hash Join  (cost=74118.09..161051.21 rows=27508 width=8) (actual time=1027.948..2309.976 rows=62211 loops=1)
              Hash Cond: (mk.movie_id = t.id)
              ->  Seq Scan on movie_keyword mk  (cost=0.00..69693.30 rows=4523930 width=4) (actual time=0.026..655.779 rows=4523930 loops=1)
              ->  Hash  (cost=73925.90..73925.90 rows=15375 width=4) (actual time=1027.390..1027.390 rows=8740 loops=1)
                    Buckets: 16384  Batches: 1  Memory Usage: 436kB
                    ->  Seq Scan on title t  (cost=0.00..73925.90 rows=15375 width=4) (actual time=43.433..1023.209 rows=8740 loops=1)
                          Filter: ((kind_id = 1) AND (production_year = 2001))
                          Rows Removed by Filter: 2519572
Planning time: 1.251 ms
Execution time: 19967.393 ms
