Seq Scan on cast_info ci  (cost=0.00..705507.15 rows=9436448 width=0) (actual time=0.150..11636.466 rows=9270272 loops=1)
  Filter: (person_id < 912845)
  Rows Removed by Filter: 26974072
Planning time: 0.317 ms
Execution time: 12792.301 ms
