Nested Loop  (cost=0.43..83071.67 rows=246 width=0) (actual time=10.524..1253.247 rows=263 loops=1)
  ->  Seq Scan on movie_keyword mk  (cost=0.00..81003.12 rows=246 width=4) (actual time=10.437..1240.849 rows=263 loops=1)
        Filter: (keyword_id = 3300)
        Rows Removed by Filter: 4523667
  ->  Index Only Scan using title_pkey on title t  (cost=0.43..8.40 rows=1 width=4) (actual time=0.044..0.044 rows=1 loops=263)
        Index Cond: (id = mk.movie_id)
        Heap Fetches: 263
Planning time: 2.801 ms
Execution time: 1253.477 ms
