Hash Join  (cost=196380.66..1109880.62 rows=2453127 width=0) (actual time=4821.576..29572.656 rows=6825518 loops=1)
  Hash Cond: (ci.movie_id = t.id)
  ->  Seq Scan on cast_info ci  (cost=0.00..796071.18 rows=7764405 width=4) (actual time=0.018..16097.661 rows=12670688 loops=1)
        Filter: ((person_id < 2233943) AND (role_id = 1))
        Rows Removed by Filter: 23573656
  ->  Hash  (cost=183273.71..183273.71 rows=798876 width=8) (actual time=4820.334..4820.334 rows=805534 loops=1)
        Buckets: 131072  Batches: 16  Memory Usage: 3000kB
        ->  Hash Join  (cost=102767.86..183273.71 rows=798876 width=8) (actual time=2570.880..4594.901 rows=805534 loops=1)
              Hash Cond: (mc.movie_id = t.id)
              ->  Seq Scan on movie_companies mc  (cost=0.00..51404.11 rows=798876 width=4) (actual time=0.025..930.961 rows=805534 loops=1)
                    Filter: (company_id > 29800)
                    Rows Removed by Filter: 1803595
              ->  Hash  (cost=61283.27..61283.27 rows=2528527 width=4) (actual time=2569.701..2569.701 rows=2528312 loops=1)
                    Buckets: 131072  Batches: 64  Memory Usage: 2415kB
                    ->  Seq Scan on title t  (cost=0.00..61283.27 rows=2528527 width=4) (actual time=0.012..1096.863 rows=2528312 loops=1)
Planning time: 0.774 ms
Execution time: 30440.910 ms
