Hash Join  (cost=70241.71..202073.54 rows=261601 width=0) (actual time=1133.403..4415.384 rows=133178 loops=1)
  Hash Cond: (mk.movie_id = t.id)
  ->  Seq Scan on movie_keyword mk  (cost=0.00..81003.12 rows=4115385 width=4) (actual time=0.021..1830.011 rows=4119819 loops=1)
        Filter: (keyword_id < 43038)
        Rows Removed by Filter: 404111
  ->  Hash  (cost=67604.59..67604.59 rows=160730 width=4) (actual time=1127.855..1127.855 rows=160017 loops=1)
        Buckets: 131072  Batches: 4  Memory Usage: 2442kB
        ->  Seq Scan on title t  (cost=0.00..67604.59 rows=160730 width=4) (actual time=0.014..1070.890 rows=160017 loops=1)
              Filter: (production_year = 2011)
              Rows Removed by Filter: 2368295
Planning time: 0.754 ms
Execution time: 4430.854 ms
