Hash Join  (cost=263115.61..1327936.67 rows=10942812 width=0) (actual time=11333.744..37156.979 rows=29683970 loops=1)
  Hash Cond: (ci.movie_id = t.id)
  ->  Seq Scan on cast_info ci  (cost=0.00..796071.18 rows=10604763 width=4) (actual time=5346.358..16240.100 rows=13985295 loops=1)
        Filter: ((person_id < 1905149) AND (role_id < 3))
        Rows Removed by Filter: 22259049
  ->  Hash  (cost=220309.49..220309.49 rows=2609129 width=8) (actual time=5985.903..5985.903 rows=2609129 loops=1)
        Buckets: 131072  Batches: 64  Memory Usage: 2610kB
        ->  Hash Join  (cost=102767.86..220309.49 rows=2609129 width=8) (actual time=1987.961..5320.194 rows=2609129 loops=1)
              Hash Cond: (mc.movie_id = t.id)
              ->  Seq Scan on movie_companies mc  (cost=0.00..44881.29 rows=2609129 width=4) (actual time=0.017..964.052 rows=2609129 loops=1)
              ->  Hash  (cost=61283.27..61283.27 rows=2528527 width=4) (actual time=1985.835..1985.835 rows=2528312 loops=1)
                    Buckets: 131072  Batches: 64  Memory Usage: 2415kB
                    ->  Seq Scan on title t  (cost=0.00..61283.27 rows=2528527 width=4) (actual time=0.019..1138.495 rows=2528312 loops=1)
Planning time: 1.110 ms
Execution time: 40308.876 ms
