Hash Join  (cost=709675.68..736586.72 rows=56 width=0) (actual time=11616.479..12056.041 rows=6 loops=1)
  Hash Cond: (mi_idx.movie_id = t.id)
  ->  Seq Scan on movie_info_idx mi_idx  (cost=0.00..21735.35 rows=1380035 width=4) (actual time=0.023..295.772 rows=1380035 loops=1)
  ->  Hash  (cost=709674.40..709674.40 rows=102 width=8) (actual time=11520.333..11520.333 rows=3 loops=1)
        Buckets: 1024  Batches: 1  Memory Usage: 9kB
        ->  Nested Loop  (cost=0.43..709674.40 rows=102 width=8) (actual time=2993.265..11520.315 rows=3 loops=1)
              ->  Seq Scan on cast_info ci  (cost=0.00..705507.15 rows=500 width=4) (actual time=2993.192..11520.074 rows=8 loops=1)
                    Filter: (person_id = 393920)
                    Rows Removed by Filter: 36244336
              ->  Index Scan using title_pkey on title t  (cost=0.43..8.32 rows=1 width=4) (actual time=0.026..0.026 rows=0 loops=8)
                    Index Cond: (id = ci.movie_id)
                    Filter: ((kind_id < 7) AND (production_year > 2001))
                    Rows Removed by Filter: 1
Planning time: 1.166 ms
Execution time: 12056.159 ms
