Seq Scan on movie_keyword mk  (cost=0.00..81003.12 rows=1621022 width=0) (actual time=0.023..936.508 rows=1630352 loops=1)
  Filter: (keyword_id > 9123)
  Rows Removed by Filter: 2893578
Planning time: 0.327 ms
Execution time: 1100.715 ms
