Nested Loop  (cost=0.43..83072.29 rows=150 width=0) (actual time=795.579..1115.622 rows=35 loops=1)
  ->  Seq Scan on movie_keyword mk  (cost=0.00..81003.12 rows=246 width=4) (actual time=3.388..1099.603 rows=283 loops=1)
        Filter: (keyword_id = 7521)
        Rows Removed by Filter: 4523647
  ->  Index Scan using title_pkey on title t  (cost=0.43..8.40 rows=1 width=4) (actual time=0.055..0.055 rows=0 loops=283)
        Index Cond: (id = mk.movie_id)
        Filter: (kind_id = 7)
        Rows Removed by Filter: 1
Planning time: 0.697 ms
Execution time: 1115.727 ms
