Nested Loop  (cost=0.43..69882.32 rows=2348 width=0) (actual time=56.983..784.151 rows=2869 loops=1)
  ->  Seq Scan on movie_companies mc  (cost=0.00..51404.11 rows=2348 width=4) (actual time=56.903..728.991 rows=2869 loops=1)
        Filter: (company_id = 11339)
        Rows Removed by Filter: 2606260
  ->  Index Only Scan using title_pkey on title t  (cost=0.43..7.86 rows=1 width=4) (actual time=0.018..0.018 rows=1 loops=2869)
        Index Cond: (id = mc.movie_id)
        Heap Fetches: 2869
Planning time: 0.705 ms
Execution time: 784.905 ms
