Hash Join  (cost=73962.22..894972.18 rows=7617 width=0) (actual time=1031.249..17107.182 rows=39633 loops=1)
  Hash Cond: (ci.movie_id = t.id)
  ->  Seq Scan on cast_info ci  (cost=0.00..796071.18 rows=6630031 width=4) (actual time=0.022..14254.502 rows=8808894 loops=1)
        Filter: ((person_id > 1623707) AND (role_id > 3))
        Rows Removed by Filter: 27435450
  ->  Hash  (cost=73925.90..73925.90 rows=2905 width=4) (actual time=1031.056..1031.056 rows=10197 loops=1)
        Buckets: 16384 (originally 4096)  Batches: 1 (originally 1)  Memory Usage: 487kB
        ->  Seq Scan on title t  (cost=0.00..73925.90 rows=2905 width=4) (actual time=0.023..1026.473 rows=10197 loops=1)
              Filter: ((kind_id < 7) AND (production_year = 1992))
              Rows Removed by Filter: 2518115
Planning time: 0.763 ms
Execution time: 17115.594 ms
