Seq Scan on movie_keyword mk  (cost=0.00..81003.12 rows=1816617 width=0) (actual time=0.019..1341.359 rows=1818355 loops=1)
  Filter: (keyword_id > 7637)
  Rows Removed by Filter: 2705575
Planning time: 0.380 ms
Execution time: 1576.844 ms
