Hash Join  (cost=805864.83..942995.56 rows=313387 width=0) (actual time=16774.871..20371.007 rows=24757 loops=1)
  Hash Cond: (mk.movie_id = t.id)
  ->  Seq Scan on movie_keyword mk  (cost=0.00..69693.30 rows=4523930 width=4) (actual time=0.013..1461.836 rows=4523930 loops=1)
  ->  Hash  (cost=802990.34..802990.34 rows=175159 width=8) (actual time=16653.144..16653.144 rows=34460 loops=1)
        Buckets: 131072  Batches: 4  Memory Usage: 1369kB
        ->  Hash Join  (cost=68363.15..802990.34 rows=175159 width=8) (actual time=1154.840..16049.299 rows=34460 loops=1)
              Hash Cond: (ci.movie_id = t.id)
              ->  Seq Scan on cast_info ci  (cost=0.00..705507.15 rows=7298253 width=4) (actual time=0.019..12687.528 rows=7451973 loops=1)
                    Filter: (role_id = 2)
                    Rows Removed by Filter: 28792371
              ->  Hash  (cost=67604.59..67604.59 rows=60685 width=4) (actual time=1154.377..1154.377 rows=59847 loops=1)
                    Buckets: 65536  Batches: 1  Memory Usage: 2616kB
                    ->  Seq Scan on title t  (cost=0.00..67604.59 rows=60685 width=4) (actual time=0.382..1131.272 rows=59847 loops=1)
                          Filter: (production_year < 1915)
                          Rows Removed by Filter: 2468465
Planning time: 1.227 ms
Execution time: 20374.603 ms
