Seq Scan on cast_info ci  (cost=0.00..705507.15 rows=99874 width=0) (actual time=2182.745..10858.669 rows=89015 loops=1)
  Filter: (person_id < 10293)
  Rows Removed by Filter: 36155329
Planning time: 0.314 ms
Execution time: 10869.991 ms
