Nested Loop  (cost=0.43..797555.70 rows=176 width=0) (actual time=9000.229..12822.688 rows=246 loops=1)
  ->  Seq Scan on cast_info ci  (cost=0.00..796071.18 rows=176 width=4) (actual time=9000.060..12815.254 rows=246 loops=1)
        Filter: ((role_id < 2) AND (person_id = 553319))
        Rows Removed by Filter: 36244098
  ->  Index Only Scan using title_pkey on title t  (cost=0.43..8.42 rows=1 width=4) (actual time=0.029..0.029 rows=1 loops=246)
        Index Cond: (id = ci.movie_id)
        Heap Fetches: 246
Planning time: 0.547 ms
Execution time: 12822.835 ms
