Hash Join  (cost=83074.74..437538.72 rows=214 width=0) (actual time=1122.815..5534.115 rows=190 loops=1)
  Hash Cond: (mi.movie_id = t.id)
  ->  Seq Scan on movie_info mi  (cost=0.00..346232.03 rows=2194617 width=4) (actual time=0.024..4157.661 rows=2233850 loops=1)
        Filter: (info_type_id > 16)
        Rows Removed by Filter: 12601870
  ->  Hash  (cost=83071.67..83071.67 rows=246 width=8) (actual time=1100.462..1100.462 rows=43 loops=1)
        Buckets: 1024  Batches: 1  Memory Usage: 10kB
        ->  Nested Loop  (cost=0.43..83071.67 rows=246 width=8) (actual time=43.592..1100.396 rows=43 loops=1)
              ->  Seq Scan on movie_keyword mk  (cost=0.00..81003.12 rows=246 width=4) (actual time=43.523..1098.074 rows=43 loops=1)
                    Filter: (keyword_id = 18832)
                    Rows Removed by Filter: 4523887
              ->  Index Only Scan using title_pkey on title t  (cost=0.43..8.40 rows=1 width=4) (actual time=0.047..0.048 rows=1 loops=43)
                    Index Cond: (id = mk.movie_id)
                    Heap Fetches: 43
Planning time: 1.205 ms
Execution time: 5534.291 ms
