Hash Join  (cost=243586.89..1611916.70 rows=28156663 width=0) (actual time=5484.483..54823.237 rows=63472863 loops=1)
  Hash Cond: (ci.movie_id = t.id)
  ->  Seq Scan on cast_info ci  (cost=0.00..614943.12 rows=36225612 width=4) (actual time=0.020..13242.915 rows=36244344 loops=1)
  ->  Hash  (cost=211342.40..211342.40 rows=1965319 width=8) (actual time=5483.543..5483.543 rows=1960030 loops=1)
        Buckets: 131072  Batches: 32  Memory Usage: 3375kB
        ->  Hash Join  (cost=102767.86..211342.40 rows=1965319 width=8) (actual time=1835.801..4927.560 rows=1960030 loops=1)
              Hash Cond: (mc.movie_id = t.id)
              ->  Seq Scan on movie_companies mc  (cost=0.00..51404.11 rows=1965319 width=4) (actual time=0.033..1072.494 rows=1960030 loops=1)
                    Filter: (company_id < 54988)
                    Rows Removed by Filter: 649099
              ->  Hash  (cost=61283.27..61283.27 rows=2528527 width=4) (actual time=1834.796..1834.796 rows=2528312 loops=1)
                    Buckets: 131072  Batches: 64  Memory Usage: 2415kB
                    ->  Seq Scan on title t  (cost=0.00..61283.27 rows=2528527 width=4) (actual time=0.029..987.534 rows=2528312 loops=1)
Planning time: 1.230 ms
Execution time: 61955.952 ms
