Hash Join  (cost=148908.31..567023.21 rows=316429 width=0) (actual time=3446.033..12183.312 rows=1348505 loops=1)
  Hash Cond: (mi.movie_id = t.id)
  ->  Seq Scan on movie_info mi  (cost=0.00..346232.03 rows=5897221 width=4) (actual time=169.209..6084.542 rows=5884963 loops=1)
        Filter: (info_type_id < 7)
        Rows Removed by Filter: 8950757
  ->  Hash  (cost=146682.39..146682.39 rows=135674 width=8) (actual time=3187.167..3187.167 rows=263364 loops=1)
        Buckets: 131072 (originally 131072)  Batches: 4 (originally 2)  Memory Usage: 3595kB
        ->  Hash Join  (cost=69762.12..146682.39 rows=135674 width=8) (actual time=1138.702..3086.882 rows=263364 loops=1)
              Hash Cond: (mc.movie_id = t.id)
              ->  Seq Scan on movie_companies mc  (cost=0.00..44881.29 rows=2609129 width=4) (actual time=0.046..877.946 rows=2609129 loops=1)
              ->  Hash  (cost=67604.59..67604.59 rows=131483 width=4) (actual time=1137.717..1137.717 rows=133123 loops=1)
                    Buckets: 131072  Batches: 2  Memory Usage: 3361kB
                    ->  Seq Scan on title t  (cost=0.00..67604.59 rows=131483 width=4) (actual time=0.094..1093.476 rows=133123 loops=1)
                          Filter: (production_year < 1937)
                          Rows Removed by Filter: 2395189
Planning time: 1.150 ms
Execution time: 12348.625 ms
