Hash Join  (cost=73929.67..455709.14 rows=1128 width=0) (actual time=1060.474..7302.715 rows=5756 loops=1)
  Hash Cond: (mi.movie_id = t.id)
  ->  Seq Scan on movie_info mi  (cost=0.00..346232.03 rows=9476311 width=4) (actual time=0.010..5009.434 rows=9565151 loops=1)
        Filter: (info_type_id < 16)
        Rows Removed by Filter: 5270569
  ->  Hash  (cost=73925.90..73925.90 rows=301 width=4) (actual time=1060.265..1060.265 rows=1041 loops=1)
        Buckets: 2048 (originally 1024)  Batches: 1 (originally 1)  Memory Usage: 53kB
        ->  Seq Scan on title t  (cost=0.00..73925.90 rows=301 width=4) (actual time=478.833..1059.587 rows=1041 loops=1)
              Filter: ((kind_id = 3) AND (production_year = 1972))
              Rows Removed by Filter: 2527271
Planning time: 0.658 ms
Execution time: 7304.032 ms
