Seq Scan on movie_keyword mk  (cost=0.00..81003.12 rows=672901 width=0) (actual time=0.028..1038.639 rows=671159 loops=1)
  Filter: (keyword_id < 536)
  Rows Removed by Filter: 3852771
Planning time: 0.248 ms
Execution time: 1110.092 ms
