Hash Join  (cost=102767.86..301373.05 rows=4476804 width=0) (actual time=1981.415..7248.174 rows=4480349 loops=1)
  Hash Cond: (mk.movie_id = t.id)
  ->  Seq Scan on movie_keyword mk  (cost=0.00..81003.12 rows=4476804 width=4) (actual time=0.022..1811.429 rows=4480349 loops=1)
        Filter: (keyword_id < 102756)
        Rows Removed by Filter: 43581
  ->  Hash  (cost=61283.27..61283.27 rows=2528527 width=4) (actual time=1979.235..1979.235 rows=2528312 loops=1)
        Buckets: 131072  Batches: 64  Memory Usage: 2425kB
        ->  Seq Scan on title t  (cost=0.00..61283.27 rows=2528527 width=4) (actual time=0.022..1089.271 rows=2528312 loops=1)
Planning time: 0.669 ms
Execution time: 7719.277 ms
