Seq Scan on movie_keyword mk  (cost=0.00..81003.12 rows=3380307 width=0) (actual time=0.020..1614.680 rows=3370315 loops=1)
  Filter: (keyword_id < 16158)
  Rows Removed by Filter: 1153615
Planning time: 2.760 ms
Execution time: 2037.018 ms
