Seq Scan on movie_companies mc  (cost=0.00..57926.93 rows=736050 width=0) (actual time=172.870..845.615 rows=521248 loops=1)
  Filter: ((company_id > 7575) AND (company_type_id < 2))
  Rows Removed by Filter: 2087881
Planning time: 0.290 ms
Execution time: 905.392 ms
