Hash Join  (cost=114169.44..201591.59 rows=76411 width=0) (actual time=2106.873..3903.350 rows=86004 loops=1)
  Hash Cond: (mk.movie_id = t.id)
  ->  Seq Scan on movie_keyword mk  (cost=0.00..69693.30 rows=4523930 width=4) (actual time=0.025..963.663 rows=4523930 loops=1)
  ->  Hash  (cost=113635.59..113635.59 rows=42708 width=8) (actual time=2089.030..2089.030 rows=21321 loops=1)
        Buckets: 65536  Batches: 1  Memory Usage: 1345kB
        ->  Hash Join  (cost=75210.03..113635.59 rows=42708 width=8) (actual time=1179.563..2080.976 rows=21321 loops=1)
              Hash Cond: (mi_idx.movie_id = t.id)
              ->  Seq Scan on movie_info_idx mi_idx  (cost=0.00..21735.35 rows=1380035 width=4) (actual time=0.015..423.780 rows=1380035 loops=1)
              ->  Hash  (cost=73925.90..73925.90 rows=78250 width=4) (actual time=1175.900..1175.900 rows=85111 loops=1)
                    Buckets: 131072  Batches: 2  Memory Usage: 2520kB
                    ->  Seq Scan on title t  (cost=0.00..73925.90 rows=78250 width=4) (actual time=0.020..1141.790 rows=85111 loops=1)
                          Filter: ((kind_id > 4) AND (production_year = 2009))
                          Rows Removed by Filter: 2443201
Planning time: 1.136 ms
Execution time: 3916.525 ms
