Hash Join  (cost=206156.60..727550.80 rows=3897627 width=0) (actual time=4595.113..26748.381 rows=40321847 loops=1)
  Hash Cond: (mi.movie_id = t.id)
  ->  Seq Scan on movie_info mi  (cost=0.00..309384.22 rows=14739122 width=4) (actual time=0.012..5860.514 rows=14835720 loops=1)
  ->  Hash  (cost=195186.53..195186.53 rows=668646 width=8) (actual time=4594.156..4594.156 rows=898974 loops=1)
        Buckets: 131072  Batches: 16  Memory Usage: 3322kB
        ->  Hash Join  (cost=84417.00..195186.53 rows=668646 width=8) (actual time=1596.909..4328.513 rows=898974 loops=1)
              Hash Cond: (mk.movie_id = t.id)
              ->  Seq Scan on movie_keyword mk  (cost=0.00..81003.12 rows=1649851 width=4) (actual time=0.021..1513.626 rows=1658776 loops=1)
                    Filter: (keyword_id < 2546)
                    Rows Removed by Filter: 2865154
              ->  Hash  (cost=67604.59..67604.59 rows=1024753 width=4) (actual time=1595.767..1595.767 rows=1021752 loops=1)
                    Buckets: 131072  Batches: 16  Memory Usage: 3281kB
                    ->  Seq Scan on title t  (cost=0.00..67604.59 rows=1024753 width=4) (actual time=0.021..1269.322 rows=1021752 loops=1)
                          Filter: (production_year < 2000)
                          Rows Removed by Filter: 1506560
Planning time: 1.154 ms
Execution time: 31212.438 ms
