Hash Join  (cost=271458.86..377120.42 rows=1983963 width=0) (actual time=6327.361..11944.824 rows=14196326 loops=1)
  Hash Cond: (mc.movie_id = t.id)
  ->  Seq Scan on movie_companies mc  (cost=0.00..44881.29 rows=2609129 width=4) (actual time=0.014..936.526 rows=2609129 loops=1)
  ->  Hash  (cost=239914.43..239914.43 rows=1922674 width=8) (actual time=6326.577..6326.577 rows=1941569 loops=1)
        Buckets: 131072  Batches: 32  Memory Usage: 3379kB
        ->  Hash Join  (cost=102767.86..239914.43 rows=1922674 width=8) (actual time=2243.852..5782.570 rows=1941569 loops=1)
              Hash Cond: (mk.movie_id = t.id)
              ->  Seq Scan on movie_keyword mk  (cost=0.00..81003.12 rows=1922674 width=4) (actual time=0.019..1642.867 rows=1941569 loops=1)
                    Filter: (keyword_id < 3339)
                    Rows Removed by Filter: 2582361
              ->  Hash  (cost=61283.27..61283.27 rows=2528527 width=4) (actual time=2241.812..2241.812 rows=2528312 loops=1)
                    Buckets: 131072  Batches: 64  Memory Usage: 2425kB
                    ->  Seq Scan on title t  (cost=0.00..61283.27 rows=2528527 width=4) (actual time=0.010..1030.152 rows=2528312 loops=1)
Planning time: 1.104 ms
Execution time: 13482.797 ms
