Hash Join  (cost=229103.93..892747.49 rows=2712737 width=209) (actual time=6598.239..38034.740 rows=26856756 loops=1)
  Hash Cond: (mi.movie_id = t.id)
  ->  Seq Scan on movie_info mi  (cost=0.00..346232.03 rows=9476311 width=75) (actual time=124.288..8092.479 rows=9565151 loops=1)
        Filter: (info_type_id < 16)
        Rows Removed by Filter: 5270569
  ->  Hash  (cost=205918.07..205918.07 rows=723829 width=134) (actual time=6467.035..6467.035 rows=1537006 loops=1)
        Buckets: 32768 (originally 32768)  Batches: 64 (originally 32)  Memory Usage: 3841kB
        ->  Hash Join  (cost=92970.26..205918.07 rows=723829 width=134) (actual time=1752.338..5460.506 rows=1537006 loops=1)
              Hash Cond: (mc.movie_id = t.id)
              ->  Seq Scan on movie_companies mc  (cost=0.00..44881.29 rows=2609129 width=40) (actual time=0.029..920.091 rows=2609129 loops=1)
              ->  Hash  (cost=73925.90..73925.90 rows=701468 width=94) (actual time=1751.424..1751.424 rows=749931 loops=1)
                    Buckets: 32768  Batches: 32  Memory Usage: 2843kB
                    ->  Seq Scan on title t  (cost=0.00..73925.90 rows=701468 width=94) (actual time=0.036..1471.405 rows=749931 loops=1)
                          Filter: ((kind_id < 7) AND (production_year < 2009))
                          Rows Removed by Filter: 1778381
Planning time: 1.347 ms
Execution time: 39500.464 ms
