Seq Scan on cast_info ci  (cost=0.00..796071.18 rows=276 width=0) (actual time=493.277..14310.126 rows=50 loops=1)
  Filter: ((role_id < 3) AND (person_id = 1057410))
  Rows Removed by Filter: 36244294
Planning time: 0.420 ms
Execution time: 14310.244 ms
