Hash Join  (cost=102464.17..452527.52 rows=13959 width=0) (actual time=2111.274..7558.102 rows=11409 loops=1)
  Hash Cond: (mi.movie_id = t.id)
  ->  Seq Scan on movie_info mi  (cost=0.00..346232.03 rows=984464 width=4) (actual time=0.016..5454.327 rows=1039881 loops=1)
        Filter: (info_type_id > 80)
        Rows Removed by Filter: 13795839
  ->  Hash  (cost=102016.02..102016.02 rows=35852 width=8) (actual time=1898.556..1898.556 rows=20214 loops=1)
        Buckets: 65536  Batches: 1  Memory Usage: 1302kB
        ->  Hash Join  (cost=74747.02..102016.02 rows=35852 width=8) (actual time=1295.676..1891.907 rows=20214 loops=1)
              Hash Cond: (mi_idx.movie_id = t.id)
              ->  Seq Scan on movie_info_idx mi_idx  (cost=0.00..21735.35 rows=1380035 width=4) (actual time=0.019..306.042 rows=1380035 loops=1)
              ->  Hash  (cost=73925.90..73925.90 rows=65689 width=4) (actual time=1242.550..1242.550 rows=74524 loops=1)
                    Buckets: 131072  Batches: 1  Memory Usage: 3644kB
                    ->  Seq Scan on title t  (cost=0.00..73925.90 rows=65689 width=4) (actual time=0.018..1213.119 rows=74524 loops=1)
                          Filter: ((kind_id = 7) AND (production_year = 2006))
                          Rows Removed by Filter: 2453788
Planning time: 2.095 ms
Execution time: 7560.066 ms
