Hash Join  (cost=263115.61..416574.49 rows=2635110 width=0) (actual time=6881.718..13864.682 rows=19073609 loops=1)
  Hash Cond: (mk.movie_id = t.id)
  ->  Seq Scan on movie_keyword mk  (cost=0.00..81003.12 rows=2553705 width=4) (actual time=0.018..1656.915 rows=2543903 loops=1)
        Filter: (keyword_id < 6391)
        Rows Removed by Filter: 1980027
  ->  Hash  (cost=220309.49..220309.49 rows=2609129 width=8) (actual time=6879.713..6879.713 rows=2609129 loops=1)
        Buckets: 131072  Batches: 64  Memory Usage: 2691kB
        ->  Hash Join  (cost=102767.86..220309.49 rows=2609129 width=8) (actual time=1927.313..6083.786 rows=2609129 loops=1)
              Hash Cond: (mc.movie_id = t.id)
              ->  Seq Scan on movie_companies mc  (cost=0.00..44881.29 rows=2609129 width=4) (actual time=0.025..900.886 rows=2609129 loops=1)
              ->  Hash  (cost=61283.27..61283.27 rows=2528527 width=4) (actual time=1926.226..1926.226 rows=2528312 loops=1)
                    Buckets: 131072  Batches: 64  Memory Usage: 2415kB
                    ->  Seq Scan on title t  (cost=0.00..61283.27 rows=2528527 width=4) (actual time=0.028..1072.097 rows=2528312 loops=1)
Planning time: 1.106 ms
Execution time: 15772.949 ms
