Nested Loop  (cost=32807.94..87889.34 rows=1 width=0) (actual time=1139.560..1622.978 rows=8 loops=1)
  Join Filter: (mc.movie_id = t.id)
  ->  Hash Join  (cost=32807.51..86384.90 rows=1765 width=8) (actual time=654.863..1558.183 rows=2410 loops=1)
        Hash Cond: (mc.movie_id = mi_idx.movie_id)
        ->  Seq Scan on movie_companies mc  (cost=0.00..51404.11 rows=1855 width=4) (actual time=0.114..854.755 rows=4712 loops=1)
              Filter: (company_id < 6)
              Rows Removed by Filter: 2604417
        ->  Hash  (cost=25185.44..25185.44 rows=464566 width=4) (actual time=624.364..624.364 rows=459925 loops=1)
              Buckets: 131072  Batches: 8  Memory Usage: 3050kB
              ->  Seq Scan on movie_info_idx mi_idx  (cost=0.00..25185.44 rows=464566 width=4) (actual time=0.024..484.425 rows=459925 loops=1)
                    Filter: (info_type_id = 101)
                    Rows Removed by Filter: 920110
  ->  Index Scan using title_pkey on title t  (cost=0.43..0.84 rows=1 width=4) (actual time=0.026..0.026 rows=0 loops=2410)
        Index Cond: (id = mi_idx.movie_id)
        Filter: ((production_year > 2011) AND (kind_id = 3))
        Rows Removed by Filter: 1
Planning time: 3.120 ms
Execution time: 1623.390 ms
