Seq Scan on movie_companies mc  (cost=0.00..57926.93 rows=55838 width=0) (actual time=0.025..845.277 rows=109785 loops=1)
  Filter: ((company_id > 151972) AND (company_type_id = 2))
  Rows Removed by Filter: 2499344
Planning time: 0.387 ms
Execution time: 859.133 ms
