Hash Join  (cost=492400.68..1643528.37 rows=7012952 width=0) (actual time=9944.732..44220.003 rows=14328264 loops=1)
  Hash Cond: (ci.movie_id = t.id)
  ->  Seq Scan on cast_info ci  (cost=0.00..614943.12 rows=36225612 width=4) (actual time=0.014..13384.283 rows=36244344 loops=1)
  ->  Hash  (cost=484368.93..484368.93 rows=489500 width=8) (actual time=9943.056..9943.056 rows=541400 loops=1)
        Buckets: 131072  Batches: 8  Memory Usage: 3637kB
        ->  Hash Join  (cost=71463.00..484368.93 rows=489500 width=8) (actual time=1547.997..9775.350 rows=541400 loops=1)
              Hash Cond: (mi.movie_id = t.id)
              ->  Seq Scan on movie_info mi  (cost=0.00..346232.03 rows=5263441 width=4) (actual time=244.038..6103.664 rows=5270569 loops=1)
                    Filter: (info_type_id > 15)
                    Rows Removed by Filter: 9565151
              ->  Hash  (cost=67604.59..67604.59 rows=235153 width=4) (actual time=1261.281..1261.281 rows=230883 loops=1)
                    Buckets: 131072  Batches: 4  Memory Usage: 3058kB
                    ->  Seq Scan on title t  (cost=0.00..67604.59 rows=235153 width=4) (actual time=0.029..1176.274 rows=230883 loops=1)
                          Filter: (production_year < 1959)
                          Rows Removed by Filter: 2297429
Planning time: 1.615 ms
Execution time: 45897.166 ms
