Hash Join  (cost=102053.45..155919.61 rows=6769 width=0) (actual time=1981.080..2929.811 rows=8238 loops=1)
  Hash Cond: (mc.movie_id = t.id)
  ->  Seq Scan on movie_companies mc  (cost=0.00..51404.11 rows=638497 width=4) (actual time=0.017..826.237 rows=632067 loops=1)
        Filter: (company_id < 846)
        Rows Removed by Filter: 1977062
  ->  Hash  (cost=101718.37..101718.37 rows=26806 width=8) (actual time=1979.420..1979.420 rows=10347 loops=1)
        Buckets: 32768  Batches: 1  Memory Usage: 661kB
        ->  Hash Join  (cost=74539.83..101718.37 rows=26806 width=8) (actual time=1293.599..1975.660 rows=10347 loops=1)
              Hash Cond: (mi_idx.movie_id = t.id)
              ->  Seq Scan on movie_info_idx mi_idx  (cost=0.00..21735.35 rows=1380035 width=4) (actual time=0.012..354.253 rows=1380035 loops=1)
              ->  Hash  (cost=73925.90..73925.90 rows=49114 width=4) (actual time=1291.951..1291.951 rows=45321 loops=1)
                    Buckets: 65536  Batches: 1  Memory Usage: 2106kB
                    ->  Seq Scan on title t  (cost=0.00..73925.90 rows=49114 width=4) (actual time=0.041..1272.496 rows=45321 loops=1)
                          Filter: ((kind_id > 1) AND (production_year > 2012))
                          Rows Removed by Filter: 2482991
Planning time: 1.763 ms
Execution time: 2931.245 ms
