Hash Join  (cost=79388.64..453633.53 rows=273076 width=0) (actual time=4242.769..7517.318 rows=472443 loops=1)
  Hash Cond: (mi.movie_id = t.id)
  ->  Seq Scan on movie_info mi  (cost=0.00..346232.03 rows=2073893 width=4) (actual time=2648.508..5138.269 rows=2091068 loops=1)
        Filter: (info_type_id < 3)
        Rows Removed by Filter: 12744652
  ->  Hash  (cost=73925.90..73925.90 rows=332939 width=4) (actual time=1251.359..1251.359 rows=255571 loops=1)
        Buckets: 131072  Batches: 8  Memory Usage: 2153kB
        ->  Seq Scan on title t  (cost=0.00..73925.90 rows=332939 width=4) (actual time=1.214..1168.170 rows=255571 loops=1)
              Filter: ((production_year > 2002) AND (kind_id = 1))
              Rows Removed by Filter: 2272741
Planning time: 5.701 ms
Execution time: 7578.080 ms
