Hash Join  (cost=102767.86..288037.22 rows=3922599 width=0) (actual time=2721.108..8125.877 rows=3918372 loops=1)
  Hash Cond: (mk.movie_id = t.id)
  ->  Seq Scan on movie_keyword mk  (cost=0.00..81003.12 rows=3922599 width=4) (actual time=2.766..1846.198 rows=3918372 loops=1)
        Filter: (keyword_id > 453)
        Rows Removed by Filter: 605558
  ->  Hash  (cost=61283.27..61283.27 rows=2528527 width=4) (actual time=2717.533..2717.533 rows=2528312 loops=1)
        Buckets: 131072  Batches: 64  Memory Usage: 2425kB
        ->  Seq Scan on title t  (cost=0.00..61283.27 rows=2528527 width=4) (actual time=0.013..1083.271 rows=2528312 loops=1)
Planning time: 0.712 ms
Execution time: 8564.526 ms
