Hash Join  (cost=830480.95..1336343.65 rows=715287 width=0) (actual time=16631.320..27959.769 rows=1010453 loops=1)
  Hash Cond: (mi.movie_id = t.id)
  ->  Seq Scan on movie_info mi  (cost=0.00..309384.22 rows=14739122 width=4) (actual time=0.021..5903.183 rows=14835720 loops=1)
  ->  Hash  (cost=828467.08..828467.08 rows=122709 width=8) (actual time=16115.100..16115.100 rows=215213 loops=1)
        Buckets: 131072 (originally 131072)  Batches: 4 (originally 2)  Memory Usage: 3082kB
        ->  Hash Join  (cost=75199.97..828467.08 rows=122709 width=8) (actual time=1263.545..16021.209 rows=215213 loops=1)
              Hash Cond: (ci.movie_id = t.id)
              ->  Seq Scan on cast_info ci  (cost=0.00..705507.15 rows=3998100 width=4) (actual time=0.021..13205.586 rows=4008037 loops=1)
                    Filter: (role_id = 3)
                    Rows Removed by Filter: 32236307
              ->  Hash  (cost=73925.90..73925.90 rows=77605 width=4) (actual time=1262.773..1262.773 rows=84684 loops=1)
                    Buckets: 131072  Batches: 2  Memory Usage: 2512kB
                    ->  Seq Scan on title t  (cost=0.00..73925.90 rows=77605 width=4) (actual time=0.019..1231.732 rows=84684 loops=1)
                          Filter: ((kind_id = 7) AND (production_year = 2009))
                          Rows Removed by Filter: 2443628
Planning time: 1.485 ms
Execution time: 28060.529 ms
