Seq Scan on cast_info ci  (cost=0.00..796071.18 rows=307526 width=0) (actual time=2628.635..15144.912 rows=116107 loops=1)
  Filter: ((person_id < 3247983) AND (role_id > 10))
  Rows Removed by Filter: 36128237
Planning time: 0.327 ms
Execution time: 15160.074 ms
