Hash Join  (cost=76915.85..1002773.53 rows=757335 width=0) (actual time=1251.396..19444.104 rows=598733 loops=1)
  Hash Cond: (ci.movie_id = t.id)
  ->  Seq Scan on cast_info ci  (cost=0.00..796071.18 rows=10508038 width=4) (actual time=0.013..14847.892 rows=5633358 loops=1)
        Filter: ((person_id < 2394363) AND (role_id > 2))
        Rows Removed by Filter: 30610986
  ->  Hash  (cost=73925.90..73925.90 rows=182236 width=4) (actual time=1250.148..1250.148 rows=315565 loops=1)
        Buckets: 131072  Batches: 4  Memory Usage: 3798kB
        ->  Seq Scan on title t  (cost=0.00..73925.90 rows=182236 width=4) (actual time=297.157..1149.366 rows=315565 loops=1)
              Filter: ((kind_id < 2) AND (production_year < 1990))
              Rows Removed by Filter: 2212747
Planning time: 3.374 ms
Execution time: 19515.949 ms
