Seq Scan on cast_info ci  (cost=0.00..796071.18 rows=88457 width=0) (actual time=9203.569..11879.728 rows=67206 loops=1)
  Filter: ((person_id < 413140) AND (role_id = 6))
  Rows Removed by Filter: 36177138
Planning time: 0.380 ms
Execution time: 11888.123 ms
