Seq Scan on cast_info ci  (cost=0.00..705507.15 rows=500 width=0) (actual time=43.941..11286.787 rows=221 loops=1)
  Filter: (person_id = 2495503)
  Rows Removed by Filter: 36244123
Planning time: 0.343 ms
Execution time: 11286.891 ms
