Seq Scan on movie_companies mc  (cost=0.00..57926.93 rows=321605 width=0) (actual time=0.030..798.021 rows=620313 loops=1)
  Filter: ((company_id > 58300) AND (company_type_id = 2))
  Rows Removed by Filter: 1988816
Planning time: 0.403 ms
Execution time: 861.881 ms
