Hash Join  (cost=453315.56..581488.81 rows=506521 width=0) (actual time=8392.669..14225.534 rows=9993448 loops=1)
  Hash Cond: (mk.movie_id = t.id)
  ->  Seq Scan on movie_keyword mk  (cost=0.00..69693.30 rows=4523930 width=4) (actual time=0.013..1434.966 rows=4523930 loops=1)
  ->  Hash  (cost=448670.74..448670.74 rows=283106 width=8) (actual time=8391.617..8391.617 rows=354159 loops=1)
        Buckets: 131072 (originally 131072)  Batches: 8 (originally 4)  Memory Usage: 3073kB
        ->  Hash Join  (cost=72956.84..448670.74 rows=283106 width=8) (actual time=2276.167..8266.269 rows=354159 loops=1)
              Hash Cond: (mi.movie_id = t.id)
              ->  Seq Scan on movie_info mi  (cost=0.00..346232.03 rows=2194617 width=4) (actual time=666.517..5516.884 rows=2233850 loops=1)
                    Filter: (info_type_id > 16)
                    Rows Removed by Filter: 12601870
              ->  Hash  (cost=67604.59..67604.59 rows=326180 width=4) (actual time=1591.159..1591.159 rows=323245 loops=1)
                    Buckets: 131072  Batches: 8  Memory Usage: 2443kB
                    ->  Seq Scan on title t  (cost=0.00..67604.59 rows=326180 width=4) (actual time=0.028..1190.092 rows=323245 loops=1)
                          Filter: (production_year < 1967)
                          Rows Removed by Filter: 2205067
Planning time: 1.032 ms
Execution time: 15520.496 ms
