Seq Scan on movie_keyword mk  (cost=0.00..81003.12 rows=246 width=0) (actual time=365.464..1139.163 rows=35 loops=1)
  Filter: (keyword_id = 59902)
  Rows Removed by Filter: 4523895
Planning time: 0.377 ms
Execution time: 1139.252 ms
