Hash Join  (cost=83073.39..137739.31 rows=41 width=0) (actual time=1313.244..2499.368 rows=307 loops=1)
  Hash Cond: (mc.movie_id = t.id)
  ->  Seq Scan on movie_companies mc  (cost=0.00..44881.29 rows=2609129 width=4) (actual time=0.026..711.894 rows=2609129 loops=1)
  ->  Hash  (cost=83072.90..83072.90 rows=39 width=8) (actual time=1312.506..1312.506 rows=142 loops=1)
        Buckets: 1024  Batches: 1  Memory Usage: 14kB
        ->  Nested Loop  (cost=0.43..83072.90 rows=39 width=8) (actual time=881.807..1312.386 rows=142 loops=1)
              ->  Seq Scan on movie_keyword mk  (cost=0.00..81003.12 rows=246 width=4) (actual time=0.124..1180.393 rows=3418 loops=1)
                    Filter: (keyword_id = 763)
                    Rows Removed by Filter: 4520512
              ->  Index Scan using title_pkey on title t  (cost=0.43..8.40 rows=1 width=4) (actual time=0.038..0.038 rows=0 loops=3418)
                    Index Cond: (id = mk.movie_id)
                    Filter: ((production_year > 2008) AND (kind_id = 7))
                    Rows Removed by Filter: 1
Planning time: 1.440 ms
Execution time: 2499.591 ms
