Hash Join  (cost=243961.64..337909.37 rows=1370820 width=0) (actual time=5063.838..7676.832 rows=1706375 loops=1)
  Hash Cond: (mc.movie_id = t.id)
  ->  Seq Scan on movie_companies mc  (cost=0.00..44881.29 rows=2609129 width=4) (actual time=0.013..922.169 rows=2609129 loops=1)
  ->  Hash  (cost=222165.74..222165.74 rows=1328472 width=8) (actual time=5062.088..5062.088 rows=641269 loops=1)
        Buckets: 131072  Batches: 32  Memory Usage: 1807kB
        ->  Hash Join  (cost=96651.52..222165.74 rows=1328472 width=8) (actual time=1868.686..4867.964 rows=641269 loops=1)
              Hash Cond: (mk.movie_id = t.id)
              ->  Seq Scan on movie_keyword mk  (cost=0.00..81003.12 rows=1897275 width=4) (actual time=0.023..1620.437 rows=1908049 loops=1)
                    Filter: (keyword_id > 7078)
                    Rows Removed by Filter: 2615881
              ->  Hash  (cost=67604.59..67604.59 rows=1770475 width=4) (actual time=1867.000..1867.000 rows=1774635 loops=1)
                    Buckets: 131072  Batches: 32  Memory Usage: 2984kB
                    ->  Seq Scan on title t  (cost=0.00..67604.59 rows=1770475 width=4) (actual time=0.013..1260.130 rows=1774635 loops=1)
                          Filter: (kind_id > 2)
                          Rows Removed by Filter: 753677
Planning time: 1.183 ms
Execution time: 7875.167 ms
