Hash Join  (cost=275468.73..382539.79 rows=2086213 width=0) (actual time=6116.370..11848.078 rows=14921523 loops=1)
  Hash Cond: (mc.movie_id = t.id)
  ->  Seq Scan on movie_companies mc  (cost=0.00..44881.29 rows=2609129 width=4) (actual time=0.019..895.372 rows=2609129 loops=1)
  ->  Hash  (cost=242298.66..242298.66 rows=2021765 width=8) (actual time=6115.439..6115.439 rows=2027533 loops=1)
        Buckets: 131072  Batches: 32  Memory Usage: 3483kB
        ->  Hash Join  (cost=102767.86..242298.66 rows=2021765 width=8) (actual time=1900.485..5498.095 rows=2027533 loops=1)
              Hash Cond: (mk.movie_id = t.id)
              ->  Seq Scan on movie_keyword mk  (cost=0.00..81003.12 rows=2021765 width=4) (actual time=0.023..1582.253 rows=2027533 loops=1)
                    Filter: (keyword_id < 3636)
                    Rows Removed by Filter: 2496397
              ->  Hash  (cost=61283.27..61283.27 rows=2528527 width=4) (actual time=1899.535..1899.535 rows=2528312 loops=1)
                    Buckets: 131072  Batches: 64  Memory Usage: 2425kB
                    ->  Seq Scan on title t  (cost=0.00..61283.27 rows=2528527 width=4) (actual time=0.009..1060.053 rows=2528312 loops=1)
Planning time: 0.894 ms
Execution time: 13499.772 ms
