Seq Scan on movie_keyword mk  (cost=0.00..81003.12 rows=2597029 width=0) (actual time=0.024..1399.645 rows=2584758 loops=1)
  Filter: (keyword_id < 6820)
  Rows Removed by Filter: 1939172
Planning time: 0.532 ms
Execution time: 1709.706 ms
