Seq Scan on cast_info ci  (cost=0.00..705507.15 rows=500 width=0) (actual time=3420.280..10759.058 rows=69 loops=1)
  Filter: (person_id = 705520)
  Rows Removed by Filter: 36244275
Planning time: 0.399 ms
Execution time: 10759.157 ms
