Hash Join  (cost=101601.28..467239.24 rows=98202 width=0) (actual time=1811.309..9182.923 rows=82596 loops=1)
  Hash Cond: (mi.movie_id = t.id)
  ->  Seq Scan on movie_info mi  (cost=0.00..309384.22 rows=14739122 width=4) (actual time=0.020..4323.996 rows=14835720 loops=1)
  ->  Hash  (cost=101390.69..101390.69 rows=16847 width=8) (actual time=1779.483..1779.483 rows=10419 loops=1)
        Buckets: 32768  Batches: 1  Memory Usage: 663kB
        ->  Hash Join  (cost=74311.74..101390.69 rows=16847 width=8) (actual time=1158.922..1775.756 rows=10419 loops=1)
              Hash Cond: (mi_idx.movie_id = t.id)
              ->  Seq Scan on movie_info_idx mi_idx  (cost=0.00..21735.35 rows=1380035 width=4) (actual time=0.018..296.847 rows=1380035 loops=1)
              ->  Hash  (cost=73925.90..73925.90 rows=30867 width=4) (actual time=1157.820..1157.820 rows=34773 loops=1)
                    Buckets: 65536 (originally 32768)  Batches: 1 (originally 1)  Memory Usage: 1735kB
                    ->  Seq Scan on title t  (cost=0.00..73925.90 rows=30867 width=4) (actual time=294.188..1142.617 rows=34773 loops=1)
                          Filter: ((kind_id = 7) AND (production_year = 1999))
                          Rows Removed by Filter: 2493539
Planning time: 1.105 ms
Execution time: 9194.263 ms
