Seq Scan on movie_companies mc  (cost=0.00..57926.93 rows=51 width=0) (actual time=430.653..906.612 rows=202 loops=1)
  Filter: ((company_type_id < 2) AND (company_id = 8788))
  Rows Removed by Filter: 2608927
Planning time: 0.393 ms
Execution time: 906.800 ms
