Seq Scan on movie_keyword mk  (cost=0.00..81003.12 rows=4358385 width=0) (actual time=0.024..1507.653 rows=4343941 loops=1)
  Filter: (keyword_id > 128)
  Rows Removed by Filter: 179989
Planning time: 0.316 ms
Execution time: 2017.932 ms
