Nested Loop  (cost=0.43..83071.67 rows=246 width=0) (actual time=20.729..1246.003 rows=264 loops=1)
  ->  Seq Scan on movie_keyword mk  (cost=0.00..81003.12 rows=246 width=4) (actual time=20.616..1225.649 rows=264 loops=1)
        Filter: (keyword_id = 15901)
        Rows Removed by Filter: 4523666
  ->  Index Only Scan using title_pkey on title t  (cost=0.43..8.40 rows=1 width=4) (actual time=0.074..0.074 rows=1 loops=264)
        Index Cond: (id = mk.movie_id)
        Heap Fetches: 264
Planning time: 0.707 ms
Execution time: 1246.231 ms
