Hash Join  (cost=219197.63..1079640.38 rows=1914607 width=0) (actual time=12798.035..22182.005 rows=2961248 loops=1)
  Hash Cond: (ci.movie_id = t.id)
  ->  Seq Scan on cast_info ci  (cost=0.00..796071.18 rows=3044900 width=4) (actual time=8275.372..13768.104 rows=6169868 loops=1)
        Filter: ((person_id < 840138) AND (role_id = 1))
        Rows Removed by Filter: 30074476
  ->  Hash  (cost=193112.68..193112.68 rows=1589916 width=8) (actual time=4521.496..4521.496 rows=717308 loops=1)
        Buckets: 131072  Batches: 32  Memory Usage: 1871kB
        ->  Hash Join  (cost=92883.59..193112.68 rows=1589916 width=8) (actual time=2042.754..4340.915 rows=717308 loops=1)
              Hash Cond: (mc.movie_id = t.id)
              ->  Seq Scan on movie_companies mc  (cost=0.00..44881.29 rows=2609129 width=4) (actual time=0.832..876.505 rows=2609129 loops=1)
              ->  Hash  (cost=67604.59..67604.59 rows=1540800 width=4) (actual time=1869.662..1869.662 rows=1543264 loops=1)
                    Buckets: 131072  Batches: 32  Memory Usage: 2722kB
                    ->  Seq Scan on title t  (cost=0.00..67604.59 rows=1540800 width=4) (actual time=193.231..1372.198 rows=1543264 loops=1)
                          Filter: (kind_id = 7)
                          Rows Removed by Filter: 985048
Planning time: 1.169 ms
Execution time: 22510.476 ms
