Seq Scan on title t  (cost=0.00..73925.90 rows=927541 width=0) (actual time=0.025..1175.695 rows=892520 loops=1)
  Filter: ((kind_id < 7) AND (production_year > 1919))
  Rows Removed by Filter: 1635792
Planning time: 1.117 ms
Execution time: 1286.542 ms
