Hash Join  (cost=102767.86..1622786.64 rows=33439239 width=0) (actual time=1888.267..46665.118 rows=33495365 loops=1)
  Hash Cond: (ci.movie_id = t.id)
  ->  Seq Scan on cast_info ci  (cost=0.00..705507.15 rows=33439239 width=4) (actual time=0.027..16633.651 rows=33495365 loops=1)
        Filter: (person_id > 263763)
        Rows Removed by Filter: 2748979
  ->  Hash  (cost=61283.27..61283.27 rows=2528527 width=4) (actual time=1886.854..1886.854 rows=2528312 loops=1)
        Buckets: 131072  Batches: 64  Memory Usage: 2415kB
        ->  Seq Scan on title t  (cost=0.00..61283.27 rows=2528527 width=4) (actual time=0.014..1042.201 rows=2528312 loops=1)
Planning time: 0.780 ms
Execution time: 50422.924 ms
