Nested Loop  (cost=0.43..68021.79 rows=350 width=0) (actual time=0.543..859.493 rows=262 loops=1)
  ->  Seq Scan on movie_companies mc  (cost=0.00..57926.93 rows=1241 width=4) (actual time=0.507..832.813 rows=1056 loops=1)
        Filter: ((company_id = 197) AND (company_type_id = 2))
        Rows Removed by Filter: 2608073
  ->  Index Scan using title_pkey on title t  (cost=0.43..8.12 rows=1 width=4) (actual time=0.024..0.024 rows=0 loops=1056)
        Index Cond: (id = mc.movie_id)
        Filter: (production_year < 1991)
        Rows Removed by Filter: 1
Planning time: 0.939 ms
Execution time: 859.719 ms
