Hash Join  (cost=186769.77..1190875.65 rows=3576193 width=0) (actual time=4458.034..34923.852 rows=11672550 loops=1)
  Hash Cond: (ci.movie_id = t.id)
  ->  Seq Scan on cast_info ci  (cost=0.00..705507.15 rows=22596481 width=4) (actual time=0.016..15033.067 rows=22654327 loops=1)
        Filter: (person_id > 1338385)
        Rows Removed by Filter: 13590017
  ->  Hash  (cost=180203.60..180203.60 rows=400173 width=8) (actual time=4457.238..4457.238 rows=724831 loops=1)
        Buckets: 131072 (originally 131072)  Batches: 16 (originally 8)  Memory Usage: 3073kB
        ->  Hash Join  (cost=102767.86..180203.60 rows=400173 width=8) (actual time=2626.713..4235.629 rows=724831 loops=1)
              Hash Cond: (mc.movie_id = t.id)
              ->  Seq Scan on movie_companies mc  (cost=0.00..57926.93 rows=400173 width=4) (actual time=426.829..996.338 rows=724831 loops=1)
                    Filter: ((company_id > 31350) AND (company_type_id > 1))
                    Rows Removed by Filter: 1884298
              ->  Hash  (cost=61283.27..61283.27 rows=2528527 width=4) (actual time=2198.616..2198.616 rows=2528312 loops=1)
                    Buckets: 131072  Batches: 64  Memory Usage: 2415kB
                    ->  Seq Scan on title t  (cost=0.00..61283.27 rows=2528527 width=4) (actual time=0.032..1090.018 rows=2528312 loops=1)
Planning time: 1.166 ms
Execution time: 36318.025 ms
