Seq Scan on movie_keyword mk  (cost=0.00..81003.12 rows=246 width=0) (actual time=2.905..1244.118 rows=565 loops=1)
  Filter: (keyword_id = 3476)
  Rows Removed by Filter: 4523365
Planning time: 0.383 ms
Execution time: 1244.442 ms
