Seq Scan on movie_companies mc  (cost=0.00..51404.11 rows=2470560 width=0) (actual time=0.030..1016.094 rows=2471564 loops=1)
  Filter: (company_id < 137482)
  Rows Removed by Filter: 137565
Planning time: 0.331 ms
Execution time: 1337.372 ms
