Hash Join  (cost=479275.27..1371171.94 rows=2010505 width=0) (actual time=9595.656..23505.405 rows=2066179 loops=1)
  Hash Cond: (ci.movie_id = t.id)
  ->  Seq Scan on cast_info ci  (cost=0.00..796071.18 rows=6275049 width=4) (actual time=281.599..11950.765 rows=2670668 loops=1)
        Filter: ((person_id < 933577) AND (role_id > 1))
        Rows Removed by Filter: 33573676
  ->  Hash  (cost=465983.62..465983.62 rows=810132 width=8) (actual time=9312.477..9312.477 rows=1570027 loops=1)
        Buckets: 131072 (originally 131072)  Batches: 32 (originally 16)  Memory Usage: 3073kB
        ->  Hash Join  (cost=83810.17..465983.62 rows=810132 width=8) (actual time=2914.837..8830.002 rows=1570027 loops=1)
              Hash Cond: (mi.movie_id = t.id)
              ->  Seq Scan on movie_info mi  (cost=0.00..346232.03 rows=2073893 width=4) (actual time=1450.074..5615.220 rows=2091068 loops=1)
                    Filter: (info_type_id < 3)
                    Rows Removed by Filter: 12744652
              ->  Hash  (cost=67604.59..67604.59 rows=987727 width=4) (actual time=1463.763..1463.763 rows=985048 loops=1)
                    Buckets: 131072  Batches: 16  Memory Usage: 3197kB
                    ->  Seq Scan on title t  (cost=0.00..67604.59 rows=987727 width=4) (actual time=0.036..1154.507 rows=985048 loops=1)
                          Filter: (kind_id < 7)
                          Rows Removed by Filter: 1543264
Planning time: 0.761 ms
Execution time: 23745.464 ms
