Hash Join  (cost=102767.86..1016762.14 rows=4490160 width=0) (actual time=4470.258..21684.991 rows=6144249 loops=1)
  Hash Cond: (ci.movie_id = t.id)
  ->  Seq Scan on cast_info ci  (cost=0.00..796071.18 rows=4490160 width=4) (actual time=1901.306..13371.701 rows=6144249 loops=1)
        Filter: ((person_id > 1514657) AND (role_id > 6))
        Rows Removed by Filter: 30100095
  ->  Hash  (cost=61283.27..61283.27 rows=2528527 width=4) (actual time=2567.778..2567.778 rows=2528312 loops=1)
        Buckets: 131072  Batches: 64  Memory Usage: 2415kB
        ->  Seq Scan on title t  (cost=0.00..61283.27 rows=2528527 width=4) (actual time=0.028..1050.760 rows=2528312 loops=1)
Planning time: 0.737 ms
Execution time: 22376.886 ms
