Seq Scan on movie_companies mc  (cost=0.00..51404.11 rows=1452171 width=0) (actual time=0.014..973.358 rows=1443634 loops=1)
  Filter: (company_id < 12888)
  Rows Removed by Filter: 1165495
Planning time: 0.322 ms
Execution time: 1152.970 ms
