Nested Loop  (cost=0.43..447891.89 rows=10548 width=0) (actual time=383.987..6861.645 rows=3308 loops=1)
  ->  Seq Scan on movie_info mi  (cost=0.00..346232.03 rows=17937 width=4) (actual time=383.733..5509.717 rows=140065 loops=1)
        Filter: (info_type_id = 9)
        Rows Removed by Filter: 14695655
  ->  Index Scan using title_pkey on title t  (cost=0.43..5.66 rows=1 width=4) (actual time=0.009..0.009 rows=0 loops=140065)
        Index Cond: (id = mi.movie_id)
        Filter: ((kind_id > 4) AND (production_year > 1912))
        Rows Removed by Filter: 1
Planning time: 1.081 ms
Execution time: 6862.764 ms
