Seq Scan on movie_keyword mk  (cost=0.00..81003.12 rows=3250911 width=0) (actual time=0.018..1396.228 rows=3243598 loops=1)
  Filter: (keyword_id < 13818)
  Rows Removed by Filter: 1280332
Planning time: 0.339 ms
Execution time: 1770.412 ms
