Hash Join  (cost=84865.68..1216802.14 rows=9552829 width=0) (actual time=1375.906..34517.459 rows=9332693 loops=1)
  Hash Cond: (ci.movie_id = t.id)
  ->  Seq Scan on cast_info ci  (cost=0.00..614943.12 rows=36225612 width=4) (actual time=0.331..13365.531 rows=36244344 loops=1)
  ->  Hash  (cost=73925.90..73925.90 rows=666782 width=4) (actual time=1374.822..1374.822 rows=566088 loops=1)
        Buckets: 131072  Batches: 16  Memory Usage: 2264kB
        ->  Seq Scan on title t  (cost=0.00..73925.90 rows=666782 width=4) (actual time=0.027..1190.767 rows=566088 loops=1)
              Filter: ((kind_id < 7) AND (production_year > 1992))
              Rows Removed by Filter: 1962224
Planning time: 2.109 ms
Execution time: 35660.813 ms
