Hash Join  (cost=137097.20..502437.47 rows=68434 width=0) (actual time=2591.245..10864.183 rows=567115 loops=1)
  Hash Cond: (mi.movie_id = t.id)
  ->  Seq Scan on movie_info mi  (cost=0.00..309384.22 rows=14739122 width=4) (actual time=0.018..4579.633 rows=14835720 loops=1)
  ->  Hash  (cost=136950.45..136950.45 rows=11740 width=8) (actual time=2591.068..2591.068 rows=22187 loops=1)
        Buckets: 32768 (originally 16384)  Batches: 1 (originally 1)  Memory Usage: 1123kB
        ->  Hash Join  (cost=74223.04..136950.45 rows=11740 width=8) (actual time=1509.179..2582.369 rows=22187 loops=1)
              Hash Cond: (mc.movie_id = t.id)
              ->  Seq Scan on movie_companies mc  (cost=0.00..57926.93 rows=1248820 width=4) (actual time=376.408..1168.918 rows=1296872 loops=1)
                    Filter: ((company_id > 27) AND (company_type_id > 1))
                    Rows Removed by Filter: 1312257
              ->  Hash  (cost=73925.90..73925.90 rows=23771 width=4) (actual time=1132.456..1132.456 rows=20633 loops=1)
                    Buckets: 32768  Batches: 1  Memory Usage: 982kB
                    ->  Seq Scan on title t  (cost=0.00..73925.90 rows=23771 width=4) (actual time=0.039..1123.058 rows=20633 loops=1)
                          Filter: ((kind_id < 7) AND (production_year = 2002))
                          Rows Removed by Filter: 2507679
Planning time: 18.938 ms
Execution time: 10943.708 ms
