Hash Join  (cost=102767.86..208038.19 rows=1828075 width=0) (actual time=1859.312..5321.120 rows=1837692 loops=1)
  Hash Cond: (mc.movie_id = t.id)
  ->  Seq Scan on movie_companies mc  (cost=0.00..51404.11 rows=1828075 width=4) (actual time=0.011..1103.286 rows=1837692 loops=1)
        Filter: (company_id > 1639)
        Rows Removed by Filter: 771437
  ->  Hash  (cost=61283.27..61283.27 rows=2528527 width=4) (actual time=1858.097..1858.097 rows=2528312 loops=1)
        Buckets: 131072  Batches: 64  Memory Usage: 2415kB
        ->  Seq Scan on title t  (cost=0.00..61283.27 rows=2528527 width=4) (actual time=0.022..1042.946 rows=2528312 loops=1)
Planning time: 0.684 ms
Execution time: 5540.809 ms
