Seq Scan on cast_info ci  (cost=0.00..796071.18 rows=18230604 width=0) (actual time=1812.510..16388.058 rows=17867723 loops=1)
  Filter: ((person_id > 303573) AND (role_id < 3))
  Rows Removed by Filter: 18376621
Planning time: 0.341 ms
Execution time: 18589.349 ms
