Hash Join  (cost=167366.87..919228.68 rows=107271 width=0) (actual time=2828.604..19748.933 rows=209287 loops=1)
  Hash Cond: (ci.movie_id = t.id)
  ->  Seq Scan on cast_info ci  (cost=0.00..614943.12 rows=36225612 width=4) (actual time=0.024..9134.545 rows=36244344 loops=1)
  ->  Hash  (cost=167273.29..167273.29 rows=7487 width=8) (actual time=2828.474..2828.474 rows=3756 loops=1)
        Buckets: 8192  Batches: 1  Memory Usage: 211kB
        ->  Hash Join  (cost=82423.69..167273.29 rows=7487 width=8) (actual time=1528.002..2827.279 rows=3756 loops=1)
              Hash Cond: (mk.movie_id = t.id)
              ->  Seq Scan on movie_keyword mk  (cost=0.00..81003.12 rows=20961 width=4) (actual time=0.056..1182.802 rows=19528 loops=1)
                    Filter: (keyword_id = 137)
                    Rows Removed by Filter: 4504402
              ->  Hash  (cost=67604.59..67604.59 rows=903208 width=4) (actual time=1521.327..1521.327 rows=904491 loops=1)
                    Buckets: 131072  Batches: 16  Memory Usage: 3017kB
                    ->  Seq Scan on title t  (cost=0.00..67604.59 rows=903208 width=4) (actual time=0.012..1215.877 rows=904491 loops=1)
                          Filter: (production_year > 2006)
                          Rows Removed by Filter: 1623821
Planning time: 1.214 ms
Execution time: 19787.245 ms
