Hash Join  (cost=102767.86..1114860.88 rows=8567006 width=0) (actual time=2047.439..28782.074 rows=13333066 loops=1)
  Hash Cond: (ci.movie_id = t.id)
  ->  Seq Scan on cast_info ci  (cost=0.00..796071.18 rows=8567006 width=4) (actual time=0.027..14553.161 rows=13333066 loops=1)
        Filter: ((person_id > 2339218) AND (role_id > 1))
        Rows Removed by Filter: 22911278
  ->  Hash  (cost=61283.27..61283.27 rows=2528527 width=4) (actual time=2045.313..2045.313 rows=2528312 loops=1)
        Buckets: 131072  Batches: 64  Memory Usage: 2415kB
        ->  Seq Scan on title t  (cost=0.00..61283.27 rows=2528527 width=4) (actual time=0.012..1191.145 rows=2528312 loops=1)
Planning time: 0.776 ms
Execution time: 30259.101 ms
