Seq Scan on movie_companies mc  (cost=0.00..57926.93 rows=53 width=0) (actual time=8.262..878.890 rows=3 loops=1)
  Filter: ((company_type_id > 1) AND (company_id = 129678))
  Rows Removed by Filter: 2609126
Planning time: 0.392 ms
Execution time: 878.972 ms
