Hash Join  (cost=67889.05..909018.65 rows=105607 width=0) (actual time=1077.502..20353.446 rows=3703 loops=1)
  Hash Cond: (ci.movie_id = t.id)
  ->  Seq Scan on cast_info ci  (cost=0.00..796071.18 rows=11733960 width=4) (actual time=0.030..16402.778 rows=12670688 loops=1)
        Filter: ((person_id < 3521351) AND (role_id = 1))
        Rows Removed by Filter: 23573656
  ->  Hash  (cost=67604.59..67604.59 rows=22757 width=4) (actual time=1073.163..1073.163 rows=21091 loops=1)
        Buckets: 32768  Batches: 1  Memory Usage: 998kB
        ->  Seq Scan on title t  (cost=0.00..67604.59 rows=22757 width=4) (actual time=0.027..1064.915 rows=21091 loops=1)
              Filter: (production_year < 1909)
              Rows Removed by Filter: 2507221
Planning time: 0.765 ms
Execution time: 20354.788 ms
