Hash Join  (cost=478612.02..1616284.18 rows=10111195 width=0) (actual time=8026.442..39809.024 rows=4836376 loops=1)
  Hash Cond: (ci.movie_id = t.id)
  ->  Seq Scan on cast_info ci  (cost=0.00..614943.12 rows=36225612 width=4) (actual time=0.014..12428.710 rows=36244344 loops=1)
  ->  Hash  (cost=467033.07..467033.07 rows=705756 width=8) (actual time=8025.462..8025.462 rows=145883 loops=1)
        Buckets: 131072  Batches: 16  Memory Usage: 1380kB
        ->  Hash Join  (cost=92883.59..467033.07 rows=705756 width=8) (actual time=4406.526..7977.859 rows=145883 loops=1)
              Hash Cond: (mi.movie_id = t.id)
              ->  Seq Scan on movie_info mi  (cost=0.00..346232.03 rows=1158179 width=4) (actual time=2708.113..5423.663 rows=1204709 loops=1)
                    Filter: (info_type_id > 18)
                    Rows Removed by Filter: 13631011
              ->  Hash  (cost=67604.59..67604.59 rows=1540800 width=4) (actual time=1635.262..1635.262 rows=1543264 loops=1)
                    Buckets: 131072  Batches: 32  Memory Usage: 2728kB
                    ->  Seq Scan on title t  (cost=0.00..67604.59 rows=1540800 width=4) (actual time=0.030..1127.239 rows=1543264 loops=1)
                          Filter: (kind_id = 7)
                          Rows Removed by Filter: 985048
Planning time: 1.231 ms
Execution time: 40383.472 ms
