Seq Scan on movie_companies mc  (cost=0.00..51404.11 rows=253023 width=0) (actual time=299.200..847.518 rows=256412 loops=1)
  Filter: (company_id > 100069)
  Rows Removed by Filter: 2352717
Planning time: 0.333 ms
Execution time: 878.718 ms
