Hash Join  (cost=79601.51..140066.63 rows=81549 width=0) (actual time=1329.124..2606.598 rows=123872 loops=1)
  Hash Cond: (mc.movie_id = t.id)
  ->  Seq Scan on movie_companies mc  (cost=0.00..51404.11 rows=596140 width=4) (actual time=0.026..883.431 rows=593466 loops=1)
        Filter: (company_id < 686)
        Rows Removed by Filter: 2015663
  ->  Hash  (cost=73925.90..73925.90 rows=345888 width=4) (actual time=1328.187..1328.187 rows=457402 loops=1)
        Buckets: 131072  Batches: 8  Memory Usage: 3047kB
        ->  Seq Scan on title t  (cost=0.00..73925.90 rows=345888 width=4) (actual time=0.020..1178.817 rows=457402 loops=1)
              Filter: ((kind_id < 7) AND (production_year < 1997))
              Rows Removed by Filter: 2070910
Planning time: 0.742 ms
Execution time: 2622.705 ms
