Hash Join  (cost=75831.78..107013.63 rows=21175 width=0) (actual time=1472.091..2021.933 rows=62556 loops=1)
  Hash Cond: (mi_idx.movie_id = t.id)
  ->  Seq Scan on movie_info_idx mi_idx  (cost=0.00..25185.44 rows=460978 width=4) (actual time=0.018..505.211 rows=459925 loops=1)
        Filter: (info_type_id < 100)
        Rows Removed by Filter: 920110
  ->  Hash  (cost=73925.90..73925.90 rows=116150 width=4) (actual time=1220.502..1220.502 rows=248210 loops=1)
        Buckets: 131072 (originally 131072)  Batches: 4 (originally 2)  Memory Usage: 3207kB
        ->  Seq Scan on title t  (cost=0.00..73925.90 rows=116150 width=4) (actual time=84.244..1131.737 rows=248210 loops=1)
              Filter: ((production_year < 1975) AND (kind_id = 1))
              Rows Removed by Filter: 2280102
Planning time: 0.849 ms
Execution time: 2030.293 ms
