Hash Join  (cost=211626.68..355741.48 rows=1814976 width=0) (actual time=4245.964..9326.210 rows=4329880 loops=1)
  Hash Cond: (mk.movie_id = t.id)
  ->  Seq Scan on movie_keyword mk  (cost=0.00..69693.30 rows=4523930 width=4) (actual time=0.028..1466.032 rows=4523930 loops=1)
  ->  Hash  (cost=194983.30..194983.30 rows=1014431 width=8) (actual time=4245.074..4245.074 rows=723123 loops=1)
        Buckets: 131072  Batches: 16  Memory Usage: 2788kB
        ->  Hash Join  (cost=102767.86..194983.30 rows=1014431 width=8) (actual time=2129.130..4055.353 rows=723123 loops=1)
              Hash Cond: (mc.movie_id = t.id)
              ->  Seq Scan on movie_companies mc  (cost=0.00..57926.93 rows=1014431 width=4) (actual time=127.237..1109.388 rows=723123 loops=1)
                    Filter: ((company_id < 61656) AND (company_type_id > 1))
                    Rows Removed by Filter: 1886006
              ->  Hash  (cost=61283.27..61283.27 rows=2528527 width=4) (actual time=2000.334..2000.334 rows=2528312 loops=1)
                    Buckets: 131072  Batches: 64  Memory Usage: 2415kB
                    ->  Seq Scan on title t  (cost=0.00..61283.27 rows=2528527 width=4) (actual time=0.009..1157.563 rows=2528312 loops=1)
Planning time: 7.911 ms
Execution time: 9821.935 ms
