Hash Join  (cost=607796.83..2134196.53 rows=25912050 width=0) (actual time=14060.298..47390.985 rows=12470011 loops=1)
  Hash Cond: (ci.movie_id = t.id)
  ->  Seq Scan on cast_info ci  (cost=0.00..614943.12 rows=36225612 width=4) (actual time=0.021..13390.524 rows=36244344 loops=1)
  ->  Hash  (cost=578122.76..578122.76 rows=1808646 width=8) (actual time=14056.966..14056.966 rows=831047 loops=1)
        Buckets: 131072  Batches: 32  Memory Usage: 1967kB
        ->  Hash Join  (cost=79017.37..578122.76 rows=1808646 width=8) (actual time=1220.414..13815.398 rows=831047 loops=1)
              Hash Cond: (mi.movie_id = t.id)
              ->  Seq Scan on movie_info mi  (cost=0.00..309384.22 rows=14739122 width=4) (actual time=0.010..5624.568 rows=14835720 loops=1)
              ->  Hash  (cost=73925.90..73925.90 rows=310277 width=4) (actual time=1210.261..1210.261 rows=177813 loops=1)
                    Buckets: 131072  Batches: 8  Memory Usage: 1803kB
                    ->  Seq Scan on title t  (cost=0.00..73925.90 rows=310277 width=4) (actual time=0.014..1147.676 rows=177813 loops=1)
                          Filter: ((kind_id > 3) AND (production_year < 1977))
                          Rows Removed by Filter: 2350499
Planning time: 1.164 ms
Execution time: 48629.435 ms
