Hash Join  (cost=90260.67..449922.99 rows=257746 width=0) (actual time=1930.321..7543.587 rows=364605 loops=1)
  Hash Cond: (mi.movie_id = t.id)
  ->  Seq Scan on movie_info mi  (cost=0.00..346232.03 rows=471955 width=4) (actual time=15.151..5176.934 rows=543367 loops=1)
        Filter: (info_type_id > 98)
        Rows Removed by Filter: 14292353
  ->  Hash  (cost=67604.59..67604.59 rows=1380887 width=4) (actual time=1773.829..1773.829 rows=1381453 loops=1)
        Buckets: 131072  Batches: 32  Memory Usage: 2550kB
        ->  Seq Scan on title t  (cost=0.00..67604.59 rows=1380887 width=4) (actual time=0.024..1298.396 rows=1381453 loops=1)
              Filter: (production_year > 2000)
              Rows Removed by Filter: 1146859
Planning time: 0.736 ms
Execution time: 7589.505 ms
