Hash Join  (cost=83074.74..109986.57 rows=134 width=0) (actual time=1235.554..1734.384 rows=117 loops=1)
  Hash Cond: (mi_idx.movie_id = t.id)
  ->  Seq Scan on movie_info_idx mi_idx  (cost=0.00..21735.35 rows=1380035 width=4) (actual time=0.013..258.546 rows=1380035 loops=1)
  ->  Hash  (cost=83071.67..83071.67 rows=246 width=8) (actual time=1220.903..1220.903 rows=120 loops=1)
        Buckets: 1024  Batches: 1  Memory Usage: 13kB
        ->  Nested Loop  (cost=0.43..83071.67 rows=246 width=8) (actual time=28.376..1220.791 rows=120 loops=1)
              ->  Seq Scan on movie_keyword mk  (cost=0.00..81003.12 rows=246 width=4) (actual time=28.255..1216.551 rows=120 loops=1)
                    Filter: (keyword_id = 1514)
                    Rows Removed by Filter: 4523810
              ->  Index Only Scan using title_pkey on title t  (cost=0.43..8.40 rows=1 width=4) (actual time=0.032..0.033 rows=1 loops=120)
                    Index Cond: (id = mk.movie_id)
                    Heap Fetches: 120
Planning time: 0.944 ms
Execution time: 1734.504 ms
