Seq Scan on movie_keyword mk  (cost=0.00..81003.12 rows=3346872 width=0) (actual time=0.044..1579.413 rows=3340584 loops=1)
  Filter: (keyword_id > 1401)
  Rows Removed by Filter: 1183346
Planning time: 0.299 ms
Execution time: 2004.620 ms
