Hash Join  (cost=81201.38..152044.12 rows=233158 width=0) (actual time=1905.837..3060.674 rows=314457 loops=1)
  Hash Cond: (mc.movie_id = t.id)
  ->  Seq Scan on movie_companies mc  (cost=0.00..51404.11 rows=1329612 width=4) (actual time=229.507..970.708 rows=1334883 loops=1)
        Filter: (company_type_id > 1)
        Rows Removed by Filter: 1274246
  ->  Hash  (cost=73925.90..73925.90 rows=443398 width=4) (actual time=1327.714..1327.714 rows=320021 loops=1)
        Buckets: 131072  Batches: 8  Memory Usage: 2434kB
        ->  Seq Scan on title t  (cost=0.00..73925.90 rows=443398 width=4) (actual time=0.029..1225.053 rows=320021 loops=1)
              Filter: ((production_year > 1993) AND (kind_id = 1))
              Rows Removed by Filter: 2208291
Planning time: 0.818 ms
Execution time: 3103.201 ms
