Hash Join  (cost=102767.86..979602.69 rows=2945825 width=0) (actual time=6628.538..21338.955 rows=3877810 loops=1)
  Hash Cond: (ci.movie_id = t.id)
  ->  Seq Scan on cast_info ci  (cost=0.00..796071.18 rows=2945825 width=4) (actual time=4582.515..15275.260 rows=3877810 loops=1)
        Filter: ((person_id > 1124005) AND (role_id = 10))
        Rows Removed by Filter: 32366534
  ->  Hash  (cost=61283.27..61283.27 rows=2528527 width=4) (actual time=2044.289..2044.289 rows=2528312 loops=1)
        Buckets: 131072  Batches: 64  Memory Usage: 2415kB
        ->  Seq Scan on title t  (cost=0.00..61283.27 rows=2528527 width=4) (actual time=0.025..1192.242 rows=2528312 loops=1)
Planning time: 0.915 ms
Execution time: 21793.151 ms
