Hash Join  (cost=200466.10..630089.18 rows=670696 width=0) (actual time=5386.336..13098.625 rows=1240780 loops=1)
  Hash Cond: (mi.movie_id = t.id)
  ->  Seq Scan on movie_info mi  (cost=0.00..346232.03 rows=5897221 width=4) (actual time=990.308..6118.943 rows=5884963 loops=1)
        Filter: (info_type_id < 7)
        Rows Removed by Filter: 8950757
  ->  Hash  (cost=195747.46..195747.46 rows=287571 width=8) (actual time=4392.547..4392.547 rows=147733 loops=1)
        Buckets: 131072  Batches: 4  Memory Usage: 2551kB
        ->  Hash Join  (cost=70241.71..195747.46 rows=287571 width=8) (actual time=1219.058..4341.190 rows=147733 loops=1)
              Hash Cond: (mk.movie_id = t.id)
              ->  Seq Scan on movie_keyword mk  (cost=0.00..69693.30 rows=4523930 width=4) (actual time=0.027..1442.104 rows=4523930 loops=1)
              ->  Hash  (cost=67604.59..67604.59 rows=160730 width=4) (actual time=1217.581..1217.581 rows=160017 loops=1)
                    Buckets: 131072  Batches: 4  Memory Usage: 2442kB
                    ->  Seq Scan on title t  (cost=0.00..67604.59 rows=160730 width=4) (actual time=0.023..1157.390 rows=160017 loops=1)
                          Filter: (production_year = 2011)
                          Rows Removed by Filter: 2368295
Planning time: 1.167 ms
Execution time: 13242.192 ms
