Hash Join  (cost=281499.83..1300081.16 rows=12521627 width=0) (actual time=5606.359..26763.977 rows=8890195 loops=1)
  Hash Cond: (ci.movie_id = t.id)
  ->  Seq Scan on cast_info ci  (cost=0.00..705507.15 rows=13970981 width=4) (actual time=0.020..12662.840 rows=14152546 loops=1)
        Filter: (person_id > 2250170)
        Rows Removed by Filter: 22091798
  ->  Hash  (cost=244319.11..244319.11 rows=2266217 width=8) (actual time=5604.443..5604.443 rows=562825 loops=1)
        Buckets: 131072  Batches: 32  Memory Usage: 1718kB
        ->  Hash Join  (cost=94706.90..244319.11 rows=2266217 width=8) (actual time=1855.826..5452.248 rows=562825 loops=1)
              Hash Cond: (mk.movie_id = t.id)
              ->  Seq Scan on movie_keyword mk  (cost=0.00..69693.30 rows=4523930 width=4) (actual time=0.023..1435.225 rows=4523930 loops=1)
              ->  Hash  (cost=73925.90..73925.90 rows=1266640 width=4) (actual time=1853.789..1853.789 rows=1348885 loops=1)
                    Buckets: 131072  Batches: 32  Memory Usage: 2517kB
                    ->  Seq Scan on title t  (cost=0.00..73925.90 rows=1266640 width=4) (actual time=0.015..1402.406 rows=1348885 loops=1)
                          Filter: ((production_year > 1970) AND (kind_id = 7))
                          Rows Removed by Filter: 1179427
Planning time: 1.178 ms
Execution time: 27759.562 ms
