Hash Join  (cost=83189.08..159767.19 rows=266139 width=0) (actual time=1953.188..3266.430 rows=72451 loops=1)
  Hash Cond: (mc.movie_id = t.id)
  ->  Seq Scan on movie_companies mc  (cost=0.00..57926.93 rows=1191943 width=4) (actual time=566.589..1288.115 rows=1131450 loops=1)
        Filter: ((company_id > 36) AND (company_type_id < 2))
        Rows Removed by Filter: 1477679
  ->  Hash  (cost=73925.90..73925.90 rows=564574 width=4) (actual time=1385.643..1385.643 rows=454234 loops=1)
        Buckets: 131072  Batches: 8  Memory Usage: 3004kB
        ->  Seq Scan on title t  (cost=0.00..73925.90 rows=564574 width=4) (actual time=0.031..1240.207 rows=454234 loops=1)
              Filter: ((production_year < 1998) AND (kind_id = 7))
              Rows Removed by Filter: 2074078
Planning time: 0.758 ms
Execution time: 3275.340 ms
