Hash Join  (cost=77280.64..569803.76 rows=1191819 width=0) (actual time=1301.797..15390.509 rows=3551923 loops=1)
  Hash Cond: (mi.movie_id = t.id)
  ->  Seq Scan on movie_info mi  (cost=0.00..309384.22 rows=14739122 width=4) (actual time=0.019..6299.010 rows=14835720 loops=1)
  ->  Hash  (cost=73925.90..73925.90 rows=204459 width=4) (actual time=1301.088..1301.088 rows=313929 loops=1)
        Buckets: 131072  Batches: 4  Memory Usage: 3792kB
        ->  Seq Scan on title t  (cost=0.00..73925.90 rows=204459 width=4) (actual time=0.021..1191.001 rows=313929 loops=1)
              Filter: ((kind_id < 7) AND (production_year < 1981))
              Rows Removed by Filter: 2214383
Planning time: 0.761 ms
Execution time: 15796.307 ms
