Hash Join  (cost=102767.86..234833.30 rows=1711527 width=0) (actual time=1956.080..5135.247 rows=1717688 loops=1)
  Hash Cond: (mk.movie_id = t.id)
  ->  Seq Scan on movie_keyword mk  (cost=0.00..81003.12 rows=1711527 width=4) (actual time=0.016..1424.504 rows=1717688 loops=1)
        Filter: (keyword_id < 2762)
        Rows Removed by Filter: 2806242
  ->  Hash  (cost=61283.27..61283.27 rows=2528527 width=4) (actual time=1955.199..1955.199 rows=2528312 loops=1)
        Buckets: 131072  Batches: 64  Memory Usage: 2425kB
        ->  Seq Scan on title t  (cost=0.00..61283.27 rows=2528527 width=4) (actual time=0.018..1116.581 rows=2528312 loops=1)
Planning time: 0.748 ms
Execution time: 5344.114 ms
