Hash Join  (cost=74766.14..835185.62 rows=963031 width=0) (actual time=1252.140..22497.378 rows=1045920 loops=1)
  Hash Cond: (ci.movie_id = t.id)
  ->  Seq Scan on cast_info ci  (cost=0.00..614943.12 rows=36225612 width=4) (actual time=0.017..9195.439 rows=36244344 loops=1)
  ->  Hash  (cost=73925.90..73925.90 rows=67219 width=4) (actual time=1251.349..1251.349 rows=75923 loops=1)
        Buckets: 131072  Batches: 1  Memory Usage: 3694kB
        ->  Seq Scan on title t  (cost=0.00..73925.90 rows=67219 width=4) (actual time=0.033..1219.950 rows=75923 loops=1)
              Filter: ((kind_id > 2) AND (production_year = 2005))
              Rows Removed by Filter: 2452389
Planning time: 0.713 ms
Execution time: 22650.694 ms
