Hash Join  (cost=91879.05..820103.87 rows=502252 width=0) (actual time=2652.961..13286.030 rows=418565 loops=1)
  Hash Cond: (ci.movie_id = t.id)
  ->  Seq Scan on cast_info ci  (cost=0.00..705507.15 rows=1160571 width=4) (actual time=335.439..10064.957 rows=1185461 loops=1)
        Filter: (person_id > 3832040)
        Rows Removed by Filter: 35058883
  ->  Hash  (cost=73925.90..73925.90 rows=1094252 width=4) (actual time=2316.224..2316.224 rows=1044222 loops=1)
        Buckets: 131072  Batches: 16  Memory Usage: 3319kB
        ->  Seq Scan on title t  (cost=0.00..73925.90 rows=1094252 width=4) (actual time=0.021..1451.712 rows=1044222 loops=1)
              Filter: ((production_year < 2009) AND (kind_id = 7))
              Rows Removed by Filter: 1484090
Planning time: 0.747 ms
Execution time: 13335.248 ms
