Hash Join  (cost=74155.14..159089.11 rows=7458 width=0) (actual time=1128.861..2674.740 rows=15019 loops=1)
  Hash Cond: (mk.movie_id = t.id)
  ->  Seq Scan on movie_keyword mk  (cost=0.00..81003.12 rows=1028337 width=4) (actual time=0.014..1355.145 rows=1033215 loops=1)
        Filter: (keyword_id > 17217)
        Rows Removed by Filter: 3490715
  ->  Hash  (cost=73925.90..73925.90 rows=18339 width=4) (actual time=1128.418..1128.418 rows=14449 loops=1)
        Buckets: 32768  Batches: 1  Memory Usage: 764kB
        ->  Seq Scan on title t  (cost=0.00..73925.90 rows=18339 width=4) (actual time=0.013..1121.766 rows=14449 loops=1)
              Filter: ((kind_id < 7) AND (production_year = 1998))
              Rows Removed by Filter: 2513863
Planning time: 0.696 ms
Execution time: 2677.235 ms
