Hash Join  (cost=96603.40..662379.62 rows=8057029 width=0) (actual time=1804.274..16048.773 rows=3845534 loops=1)
  Hash Cond: (mi.movie_id = t.id)
  ->  Seq Scan on movie_info mi  (cost=0.00..309384.22 rows=14739122 width=4) (actual time=0.022..6138.390 rows=14835720 loops=1)
  ->  Hash  (cost=73925.90..73925.90 rows=1382200 width=4) (actual time=1752.582..1752.582 rows=1460524 loops=1)
        Buckets: 131072  Batches: 32  Memory Usage: 2636kB
        ->  Seq Scan on title t  (cost=0.00..73925.90 rows=1382200 width=4) (actual time=0.007..1286.700 rows=1460524 loops=1)
              Filter: ((production_year > 1954) AND (kind_id = 7))
              Rows Removed by Filter: 1067788
Planning time: 0.777 ms
Execution time: 16471.715 ms
