Hash Join  (cost=156487.41..274339.35 rows=477336 width=0) (actual time=4051.570..7357.339 rows=1993337 loops=1)
  Hash Cond: (mk.movie_id = t.id)
  ->  Seq Scan on movie_keyword mk  (cost=0.00..81003.12 rows=2618253 width=4) (actual time=0.029..1681.160 rows=2606301 loops=1)
        Filter: (keyword_id < 7074)
        Rows Removed by Filter: 1917629
  ->  Hash  (cost=148924.19..148924.19 rows=460978 width=8) (actual time=4049.520..4049.520 rows=459925 loops=1)
        Buckets: 131072  Batches: 8  Memory Usage: 3284kB
        ->  Hash Join  (cost=102767.86..148924.19 rows=460978 width=8) (actual time=2584.178..3905.290 rows=459925 loops=1)
              Hash Cond: (mi_idx.movie_id = t.id)
              ->  Seq Scan on movie_info_idx mi_idx  (cost=0.00..25185.44 rows=460978 width=4) (actual time=0.007..534.411 rows=459925 loops=1)
                    Filter: (info_type_id < 100)
                    Rows Removed by Filter: 920110
              ->  Hash  (cost=61283.27..61283.27 rows=2528527 width=4) (actual time=2582.450..2582.450 rows=2528312 loops=1)
                    Buckets: 131072  Batches: 64  Memory Usage: 2415kB
                    ->  Seq Scan on title t  (cost=0.00..61283.27 rows=2528527 width=4) (actual time=0.019..1120.478 rows=2528312 loops=1)
Planning time: 1.146 ms
Execution time: 7590.256 ms
