Hash Join  (cost=107928.35..220517.88 rows=2225223 width=0) (actual time=2346.634..5622.293 rows=2267837 loops=1)
  Hash Cond: (mc.movie_id = t.id)
  ->  Seq Scan on movie_companies mc  (cost=0.00..51404.11 rows=2289238 width=4) (actual time=0.023..1091.559 rows=2288543 loops=1)
        Filter: (company_id < 91492)
        Rows Removed by Filter: 320586
  ->  Hash  (cost=67604.59..67604.59 rows=2457821 width=4) (actual time=2344.565..2344.565 rows=2456218 loops=1)
        Buckets: 131072  Batches: 64  Memory Usage: 2375kB
        ->  Seq Scan on title t  (cost=0.00..67604.59 rows=2457821 width=4) (actual time=0.017..1533.572 rows=2456218 loops=1)
              Filter: (production_year > 0)
              Rows Removed by Filter: 72094
Planning time: 0.527 ms
Execution time: 5889.536 ms
