Hash Join  (cost=236150.46..388991.46 rows=2328688 width=0) (actual time=5619.636..9800.297 rows=3526359 loops=1)
  Hash Cond: (mk.movie_id = t.id)
  ->  Seq Scan on movie_keyword mk  (cost=0.00..81003.12 rows=3234199 width=4) (actual time=0.025..1772.691 rows=3222529 loops=1)
        Filter: (keyword_id < 13546)
        Rows Removed by Filter: 1301401
  ->  Hash  (cost=206281.09..206281.09 rows=1820590 width=8) (actual time=5617.000..5617.000 rows=1287264 loops=1)
        Buckets: 131072  Batches: 32  Memory Usage: 2575kB
        ->  Hash Join  (cost=102872.26..206281.09 rows=1820590 width=8) (actual time=2167.689..5209.392 rows=1287264 loops=1)
              Hash Cond: (mc.movie_id = t.id)
              ->  Seq Scan on movie_companies mc  (cost=0.00..44881.29 rows=2609129 width=4) (actual time=0.021..904.478 rows=2609129 loops=1)
              ->  Hash  (cost=73925.90..73925.90 rows=1764348 width=4) (actual time=2166.648..2166.648 rows=1799906 loops=1)
                    Buckets: 131072  Batches: 32  Memory Usage: 3007kB
                    ->  Seq Scan on title t  (cost=0.00..73925.90 rows=1764348 width=4) (actual time=0.021..1569.253 rows=1799906 loops=1)
                          Filter: ((kind_id > 1) AND (production_year > 1915))
                          Rows Removed by Filter: 728406
Planning time: 1.237 ms
Execution time: 10191.657 ms
