Seq Scan on movie_companies mc  (cost=0.00..51404.11 rows=1056347 width=0) (actual time=0.026..819.616 rows=1052406 loops=1)
  Filter: (company_id < 6184)
  Rows Removed by Filter: 1556723
Planning time: 0.329 ms
Execution time: 946.717 ms
