Seq Scan on movie_companies mc  (cost=0.00..57926.93 rows=53 width=0) (actual time=1.367..924.170 rows=997 loops=1)
  Filter: ((company_type_id > 1) AND (company_id = 24091))
  Rows Removed by Filter: 2608132
Planning time: 0.431 ms
Execution time: 924.506 ms
