Seq Scan on cast_info ci  (cost=0.00..796071.18 rows=8081301 width=0) (actual time=0.016..13258.488 rows=9412916 loops=1)
  Filter: ((person_id < 1064260) AND (role_id < 5))
  Rows Removed by Filter: 26831428
Planning time: 0.260 ms
Execution time: 14413.480 ms
