Nested Loop  (cost=0.43..709674.40 rows=15 width=0) (actual time=3032.866..10794.038 rows=12 loops=1)
  ->  Seq Scan on cast_info ci  (cost=0.00..705507.15 rows=500 width=4) (actual time=3032.145..10789.324 rows=321 loops=1)
        Filter: (person_id = 1389454)
        Rows Removed by Filter: 36244023
  ->  Index Scan using title_pkey on title t  (cost=0.43..8.32 rows=1 width=4) (actual time=0.014..0.014 rows=0 loops=321)
        Index Cond: (id = ci.movie_id)
        Filter: ((kind_id = 7) AND (production_year = 2008))
        Rows Removed by Filter: 1
Planning time: 0.795 ms
Execution time: 10794.159 ms
