Seq Scan on cast_info ci  (cost=0.00..705507.15 rows=1312008 width=0) (actual time=197.943..10808.495 rows=1226382 loops=1)
  Filter: (person_id < 123766)
  Rows Removed by Filter: 35017962
Planning time: 0.338 ms
Execution time: 10962.722 ms
