Hash Join  (cost=52284.99..856457.13 rows=89 width=0) (actual time=8739.606..15764.626 rows=11 loops=1)
  Hash Cond: (ci.movie_id = t.id)
  ->  Seq Scan on cast_info ci  (cost=0.00..796071.18 rows=2160018 width=4) (actual time=7844.190..14783.130 rows=1712660 loops=1)
        Filter: ((person_id < 2910419) AND (role_id = 4))
        Rows Removed by Filter: 34531684
  ->  Hash  (cost=52283.69..52283.69 rows=104 width=8) (actual time=744.933..744.933 rows=16 loops=1)
        Buckets: 1024  Batches: 1  Memory Usage: 9kB
        ->  Nested Loop  (cost=0.43..52283.69 rows=104 width=8) (actual time=119.392..744.884 rows=16 loops=1)
              ->  Seq Scan on movie_companies mc  (cost=0.00..51404.11 rows=104 width=4) (actual time=119.267..743.714 rows=16 loops=1)
                    Filter: (company_id = 93211)
                    Rows Removed by Filter: 2609113
              ->  Index Only Scan using title_pkey on title t  (cost=0.43..8.45 rows=1 width=4) (actual time=0.067..0.068 rows=1 loops=16)
                    Index Cond: (id = mc.movie_id)
                    Heap Fetches: 16
Planning time: 1.201 ms
Execution time: 15764.733 ms
