Hash Join  (cost=78724.21..454013.11 rows=253807 width=0) (actual time=1546.848..7633.415 rows=564221 loops=1)
  Hash Cond: (mi.movie_id = t.id)
  ->  Seq Scan on movie_info mi  (cost=0.00..346232.03 rows=2194617 width=4) (actual time=39.269..5171.024 rows=2233850 loops=1)
        Filter: (info_type_id > 16)
        Rows Removed by Filter: 12601870
  ->  Hash  (cost=73925.90..73925.90 rows=292424 width=4) (actual time=1308.013..1308.013 rows=231739 loops=1)
        Buckets: 131072  Batches: 4  Memory Usage: 3073kB
        ->  Seq Scan on title t  (cost=0.00..73925.90 rows=292424 width=4) (actual time=0.026..1229.488 rows=231739 loops=1)
              Filter: ((production_year > 2004) AND (kind_id = 1))
              Rows Removed by Filter: 2296573
Planning time: 0.789 ms
Execution time: 7706.431 ms
