Seq Scan on movie_keyword mk  (cost=0.00..81003.12 rows=246 width=0) (actual time=11.562..1301.322 rows=233 loops=1)
  Filter: (keyword_id = 14938)
  Rows Removed by Filter: 4523697
Planning time: 0.384 ms
Execution time: 1301.522 ms
