Hash Join  (cost=74148.97..841554.40 rows=114340 width=0) (actual time=6936.935..16569.752 rows=109026 loops=1)
  Hash Cond: (ci.movie_id = t.id)
  ->  Seq Scan on cast_info ci  (cost=0.00..705507.15 rows=16201301 width=4) (actual time=6212.787..13091.737 rows=16121683 loops=1)
        Filter: (role_id > 2)
        Rows Removed by Filter: 20122661
  ->  Hash  (cost=73925.90..73925.90 rows=17845 width=4) (actual time=723.533..723.533 rows=10782 loops=1)
        Buckets: 32768  Batches: 1  Memory Usage: 636kB
        ->  Seq Scan on title t  (cost=0.00..73925.90 rows=17845 width=4) (actual time=280.770..720.479 rows=10782 loops=1)
              Filter: ((kind_id < 2) AND (production_year = 2003))
              Rows Removed by Filter: 2517530
Planning time: 0.814 ms
Execution time: 16587.841 ms
