Hash Join  (cost=446861.83..1231745.19 rows=473320 width=0) (actual time=10320.371..23369.947 rows=771668 loops=1)
  Hash Cond: (ci.movie_id = t.id)
  ->  Seq Scan on cast_info ci  (cost=0.00..705507.15 rows=4126804 width=4) (actual time=0.027..11089.274 rows=4166355 loops=1)
        Filter: (person_id > 3294698)
        Rows Removed by Filter: 32077989
  ->  Hash  (cost=442103.77..442103.77 rows=290005 width=8) (actual time=10120.901..10120.901 rows=216196 loops=1)
        Buckets: 131072  Batches: 4  Memory Usage: 3197kB
        ->  Hash Join  (cost=74547.79..442103.77 rows=290005 width=8) (actual time=1252.750..9934.957 rows=216196 loops=1)
              Hash Cond: (mi.movie_id = t.id)
              ->  Seq Scan on movie_info mi  (cost=0.00..309384.22 rows=14739122 width=4) (actual time=0.015..4308.997 rows=14835720 loops=1)
              ->  Hash  (cost=73925.90..73925.90 rows=49751 width=4) (actual time=1252.083..1252.083 rows=56995 loops=1)
                    Buckets: 65536  Batches: 1  Memory Usage: 2516kB
                    ->  Seq Scan on title t  (cost=0.00..73925.90 rows=49751 width=4) (actual time=0.029..1227.627 rows=56995 loops=1)
                          Filter: ((kind_id > 1) AND (production_year = 2003))
                          Rows Removed by Filter: 2471317
Planning time: 2.745 ms
Execution time: 23461.679 ms
