Seq Scan on cast_info ci  (cost=0.00..705507.15 rows=500 width=0) (actual time=5715.077..10866.893 rows=63 loops=1)
  Filter: (person_id = 2876728)
  Rows Removed by Filter: 36244281
Planning time: 0.395 ms
Execution time: 10867.010 ms
