Hash Join  (cost=471508.07..513447.40 rows=247485 width=0) (actual time=8127.663..9423.294 rows=881394 loops=1)
  Hash Cond: (mi_idx.movie_id = t.id)
  ->  Seq Scan on movie_info_idx mi_idx  (cost=0.00..21735.35 rows=1380035 width=4) (actual time=0.024..515.478 rows=1380035 loops=1)
  ->  Hash  (cost=464068.00..464068.00 rows=453446 width=8) (actual time=8126.812..8126.812 rows=328548 loops=1)
        Buckets: 131072  Batches: 8  Memory Usage: 2608kB
        ->  Hash Join  (cost=98137.04..464068.00 rows=453446 width=8) (actual time=2019.124..8029.849 rows=328548 loops=1)
              Hash Cond: (mi.movie_id = t.id)
              ->  Seq Scan on movie_info mi  (cost=0.00..346232.03 rows=616095 width=4) (actual time=21.263..5372.212 rows=598457 loops=1)
                    Filter: (info_type_id = 15)
                    Rows Removed by Filter: 14237263
              ->  Hash  (cost=67604.59..67604.59 rows=1860996 width=4) (actual time=1963.267..1963.267 rows=1865487 loops=1)
                    Buckets: 131072  Batches: 32  Memory Usage: 3085kB
                    ->  Seq Scan on title t  (cost=0.00..67604.59 rows=1860996 width=4) (actual time=0.024..1303.370 rows=1865487 loops=1)
                          Filter: (kind_id > 1)
                          Rows Removed by Filter: 662825
Planning time: 1.228 ms
Execution time: 9528.995 ms
