Nested Loop  (cost=0.43..58358.39 rows=48 width=0) (actual time=26.462..780.220 rows=22 loops=1)
  ->  Seq Scan on movie_companies mc  (cost=0.00..57926.93 rows=51 width=4) (actual time=26.405..779.203 rows=23 loops=1)
        Filter: ((company_type_id < 2) AND (company_id = 802))
        Rows Removed by Filter: 2609106
  ->  Index Scan using title_pkey on title t  (cost=0.43..8.45 rows=1 width=4) (actual time=0.039..0.040 rows=1 loops=23)
        Index Cond: (id = mc.movie_id)
        Filter: (production_year < 2013)
        Rows Removed by Filter: 0
Planning time: 0.779 ms
Execution time: 780.333 ms
