Seq Scan on movie_companies mc  (cost=0.00..57926.93 rows=566596 width=0) (actual time=0.026..1077.840 rows=776355 loops=1)
  Filter: ((company_id < 9027) AND (company_type_id = 1))
  Rows Removed by Filter: 1832774
Planning time: 0.385 ms
Execution time: 1191.385 ms
