Hash Join  (cost=110354.46..1113961.81 rows=834212 width=0) (actual time=2249.293..26389.957 rows=988437 loops=1)
  Hash Cond: (ci.movie_id = t.id)
  ->  Seq Scan on cast_info ci  (cost=0.00..705507.15 rows=25031487 width=4) (actual time=0.013..14753.209 rows=25060871 loops=1)
        Filter: (person_id < 2583258)
        Rows Removed by Filter: 11183473
  ->  Hash  (cost=108971.12..108971.12 rows=84267 width=8) (actual time=2248.459..2248.459 rows=46316 loops=1)
        Buckets: 131072  Batches: 2  Memory Usage: 1926kB
        ->  Hash Join  (cost=71408.55..108971.12 rows=84267 width=8) (actual time=1288.191..2232.654 rows=46316 loops=1)
              Hash Cond: (mi_idx.movie_id = t.id)
              ->  Seq Scan on movie_info_idx mi_idx  (cost=0.00..25185.44 rows=919057 width=4) (actual time=0.024..536.765 rows=920110 loops=1)
                    Filter: (info_type_id > 99)
                    Rows Removed by Filter: 459925
              ->  Hash  (cost=67604.59..67604.59 rows=231837 width=4) (actual time=1287.424..1287.424 rows=231649 loops=1)
                    Buckets: 131072  Batches: 4  Memory Usage: 3076kB
                    ->  Seq Scan on title t  (cost=0.00..67604.59 rows=231837 width=4) (actual time=0.027..1204.623 rows=231649 loops=1)
                          Filter: (production_year > 2011)
                          Rows Removed by Filter: 2296663
Planning time: 1.260 ms
Execution time: 26525.042 ms
