Hash Join  (cost=128671.08..879789.90 rows=32966 width=0) (actual time=2262.854..18977.607 rows=175517 loops=1)
  Hash Cond: (ci.movie_id = t.id)
  ->  Seq Scan on cast_info ci  (cost=0.00..614943.12 rows=36225612 width=4) (actual time=0.013..9063.214 rows=36244344 loops=1)
  ->  Hash  (cost=128642.31..128642.31 rows=2301 width=8) (actual time=2261.617..2261.617 rows=5285 loops=1)
        Buckets: 8192 (originally 4096)  Batches: 1 (originally 1)  Memory Usage: 271kB
        ->  Hash Join  (cost=73953.78..128642.31 rows=2301 width=8) (actual time=1273.691..2259.181 rows=5285 loops=1)
              Hash Cond: (mc.movie_id = t.id)
              ->  Seq Scan on movie_companies mc  (cost=0.00..44881.29 rows=2609129 width=4) (actual time=0.022..600.664 rows=2609129 loops=1)
              ->  Hash  (cost=73925.90..73925.90 rows=2230 width=4) (actual time=1175.124..1175.124 rows=1826 loops=1)
                    Buckets: 4096  Batches: 1  Memory Usage: 97kB
                    ->  Seq Scan on title t  (cost=0.00..73925.90 rows=2230 width=4) (actual time=0.127..1174.063 rows=1826 loops=1)
                          Filter: ((kind_id < 3) AND (production_year = 1944))
                          Rows Removed by Filter: 2526486
Planning time: 1.359 ms
Execution time: 19003.561 ms
