Seq Scan on movie_keyword mk  (cost=0.00..81003.12 rows=246 width=0) (actual time=2.313..1048.541 rows=510 loops=1)
  Filter: (keyword_id = 4574)
  Rows Removed by Filter: 4523420
Planning time: 0.380 ms
Execution time: 1048.805 ms
