Hash Join  (cost=102767.86..183181.48 rows=523981 width=0) (actual time=1967.726..4104.745 rows=832327 loops=1)
  Hash Cond: (mc.movie_id = t.id)
  ->  Seq Scan on movie_companies mc  (cost=0.00..57926.93 rows=523981 width=4) (actual time=0.011..1116.771 rows=832327 loops=1)
        Filter: ((company_id > 15324) AND (company_type_id > 1))
        Rows Removed by Filter: 1776802
  ->  Hash  (cost=61283.27..61283.27 rows=2528527 width=4) (actual time=1965.670..1965.670 rows=2528312 loops=1)
        Buckets: 131072  Batches: 64  Memory Usage: 2415kB
        ->  Seq Scan on title t  (cost=0.00..61283.27 rows=2528527 width=4) (actual time=0.014..1105.596 rows=2528312 loops=1)
Planning time: 0.528 ms
Execution time: 4200.955 ms
