Hash Join  (cost=118629.07..242883.22 rows=184811 width=0) (actual time=2085.476..5916.160 rows=1596005 loops=1)
  Hash Cond: (mk.movie_id = t.id)
  ->  Seq Scan on movie_keyword mk  (cost=0.00..69693.30 rows=4523930 width=4) (actual time=0.017..1360.774 rows=4523930 loops=1)
  ->  Hash  (cost=116933.88..116933.88 rows=103295 width=8) (actual time=2084.698..2084.698 rows=159831 loops=1)
        Buckets: 131072 (originally 131072)  Batches: 4 (originally 2)  Memory Usage: 3073kB
        ->  Hash Join  (cost=83142.99..116933.88 rows=103295 width=8) (actual time=1252.579..2029.308 rows=159831 loops=1)
              Hash Cond: (mi_idx.movie_id = t.id)
              ->  Seq Scan on movie_info_idx mi_idx  (cost=0.00..25185.44 rows=464934 width=4) (actual time=0.017..435.178 rows=460185 loops=1)
                    Filter: (info_type_id > 100)
                    Rows Removed by Filter: 919850
              ->  Hash  (cost=73925.90..73925.90 rows=561767 width=4) (actual time=1251.618..1251.618 rows=436824 loops=1)
                    Buckets: 131072  Batches: 8  Memory Usage: 2952kB
                    ->  Seq Scan on title t  (cost=0.00..73925.90 rows=561767 width=4) (actual time=0.053..1111.787 rows=436824 loops=1)
                          Filter: ((kind_id < 3) AND (production_year > 1984))
                          Rows Removed by Filter: 2091488
Planning time: 1.179 ms
Execution time: 6121.900 ms
