Hash Join  (cost=84175.84..118328.48 rows=114870 width=0) (actual time=1681.657..2471.504 rows=83513 loops=1)
  Hash Cond: (mi_idx.movie_id = t.id)
  ->  Seq Scan on movie_info_idx mi_idx  (cost=0.00..25185.44 rows=464934 width=4) (actual time=0.030..454.152 rows=460185 loops=1)
        Filter: (info_type_id > 100)
        Rows Removed by Filter: 919850
  ->  Hash  (cost=73925.90..73925.90 rows=624715 width=4) (actual time=1680.508..1680.508 rows=501928 loops=1)
        Buckets: 131072  Batches: 16  Memory Usage: 2129kB
        ->  Seq Scan on title t  (cost=0.00..73925.90 rows=624715 width=4) (actual time=0.031..1359.956 rows=501928 loops=1)
              Filter: ((kind_id > 1) AND (production_year < 1996))
              Rows Removed by Filter: 2026384
Planning time: 0.762 ms
Execution time: 2482.628 ms
