Seq Scan on cast_info ci  (cost=0.00..705507.15 rows=500 width=0) (actual time=3394.158..9578.462 rows=106 loops=1)
  Filter: (person_id = 1006963)
  Rows Removed by Filter: 36244238
Planning time: 1.750 ms
Execution time: 9578.554 ms
