Seq Scan on movie_info mi  (cost=0.00..346232.03 rows=3068194 width=75) (actual time=3037.175..5935.758 rows=3036719 loops=1)
  Filter: (info_type_id = 16)
  Rows Removed by Filter: 11799001
Planning time: 2.809 ms
Execution time: 6087.897 ms
