Hash Join  (cost=91959.31..819385.30 rows=542843 width=0) (actual time=5531.371..13754.331 rows=702659 loops=1)
  Hash Cond: (ci.movie_id = t.id)
  ->  Seq Scan on cast_info ci  (cost=0.00..705507.15 rows=924643 width=4) (actual time=3768.270..11070.967 rows=957772 loops=1)
        Filter: (person_id > 3877773)
        Rows Removed by Filter: 35286572
  ->  Hash  (cost=67604.59..67604.59 rows=1484458 width=4) (actual time=1761.776..1761.776 rows=1485030 loops=1)
        Buckets: 131072  Batches: 32  Memory Usage: 2655kB
        ->  Seq Scan on title t  (cost=0.00..67604.59 rows=1484458 width=4) (actual time=0.044..1292.130 rows=1485030 loops=1)
              Filter: (production_year > 1998)
              Rows Removed by Filter: 1043282
Planning time: 0.561 ms
Execution time: 13835.839 ms
