Hash Join  (cost=74440.79..852209.89 rows=300847 width=0) (actual time=1184.121..19496.489 rows=301292 loops=1)
  Hash Cond: (ci.movie_id = t.id)
  ->  Seq Scan on cast_info ci  (cost=0.00..705507.15 rows=18467595 width=4) (actual time=0.022..12640.033 rows=18371711 loops=1)
        Filter: (person_id < 1825768)
        Rows Removed by Filter: 17872633
  ->  Hash  (cost=73925.90..73925.90 rows=41191 width=4) (actual time=1182.883..1182.883 rows=43851 loops=1)
        Buckets: 65536  Batches: 1  Memory Usage: 2054kB
        ->  Seq Scan on title t  (cost=0.00..73925.90 rows=41191 width=4) (actual time=203.580..1164.427 rows=43851 loops=1)
              Filter: ((kind_id = 7) AND (production_year = 2003))
              Rows Removed by Filter: 2484461
Planning time: 1.124 ms
Execution time: 19539.866 ms
