Seq Scan on movie_companies mc  (cost=0.00..57926.93 rows=570075 width=0) (actual time=0.024..986.279 rows=779784 loops=1)
  Filter: ((company_id < 9346) AND (company_type_id < 2))
  Rows Removed by Filter: 1829345
Planning time: 1.079 ms
Execution time: 1083.056 ms
